<?xml version="1.0" encoding="utf-8"?>
<TestRun id="e1c4255a-a61b-4861-93f5-ea04631a207c" name="DKSR-EFI-06$@DKSR-EFI-06 2024-01-09 15:42:00" runUser="NT AUTHORITY\NETWORK SERVICE" xmlns="http://microsoft.com/schemas/VisualStudio/TeamTest/2010">
  <Times creation="2024-01-09T15:42:00.7790165+01:00" queuing="2024-01-09T15:42:00.7790165+01:00" start="2024-01-09T15:41:50.4195584+01:00" finish="2024-01-09T15:42:30.8570895+01:00" />
  <TestSettings name="default" id="6070d901-b1f1-467e-bd88-fbcbe0d11723">
    <Deployment runDeploymentRoot="DKSR-EFI-06$_DKSR-EFI-06_2024-01-09_15_42_00" />
  </TestSettings>
  <Results>
    <UnitTestResult executionId="121ccafc-c88c-408b-ad2b-098ed77a6d37" testId="371b90b8-b56b-cd39-df1f-1e1867989cd4" testName="Update_XmlHasPassword_PasswordIsTransformed" computerName="DKSR-EFI-06" duration="00:00:00.0008015" startTime="2024-01-09T15:42:28.7320906+01:00" endTime="2024-01-09T15:42:28.7320906+01:00" testType="13cdc9d9-ddb5-4fa4-a97d-d965ccfc6d4b" outcome="Passed" testListId="8c84fa94-04c1-424b-9868-57a2d4851a1d" relativeResultsDirectory="121ccafc-c88c-408b-ad2b-098ed77a6d37" />
    <UnitTestResult executionId="9a0f80d0-a73c-4227-99d1-0aaa9c418524" testId="288f6194-a584-f13f-2c69-3cf58f8bd336" testName="CheckAllMIPFiltersKindsTestNotOk2" computerName="DKSR-EFI-06" duration="00:00:00.0001661" startTime="2024-01-09T15:42:15.3570850+01:00" endTime="2024-01-09T15:42:15.3570850+01:00" testType="13cdc9d9-ddb5-4fa4-a97d-d965ccfc6d4b" outcome="Passed" testListId="8c84fa94-04c1-424b-9868-57a2d4851a1d" relativeResultsDirectory="9a0f80d0-a73c-4227-99d1-0aaa9c418524" />
    <UnitTestResult executionId="30ea56ae-cd01-4153-8a2c-3bf035a0add6" testId="aad2a8a3-0e2b-7c11-cf00-d860c0fd450d" testName="Hardware_Construct_ValidRecorderLicenseInfo_RemembersData_Success" computerName="DKSR-EFI-06" duration="00:00:00.0009459" startTime="2024-01-09T15:42:26.2477162+01:00" endTime="2024-01-09T15:42:26.2633436+01:00" testType="13cdc9d9-ddb5-4fa4-a97d-d965ccfc6d4b" outcome="Passed" testListId="8c84fa94-04c1-424b-9868-57a2d4851a1d" relativeResultsDirectory="30ea56ae-cd01-4153-8a2c-3bf035a0add6" />
    <UnitTestResult executionId="b3be4dfe-5943-411b-b6ba-db01d8ec7637" testId="2816ff7f-bed3-2003-5b61-0459ae5ac828" testName="BaseHtmlLicenseReport_NullSvgImageLink_WithClass_Success" computerName="DKSR-EFI-06" duration="00:00:00.0001525" startTime="2024-01-09T15:42:18.0758341+01:00" endTime="2024-01-09T15:42:18.0758341+01:00" testType="13cdc9d9-ddb5-4fa4-a97d-d965ccfc6d4b" outcome="Passed" testListId="8c84fa94-04c1-424b-9868-57a2d4851a1d" relativeResultsDirectory="b3be4dfe-5943-411b-b6ba-db01d8ec7637" />
    <UnitTestResult executionId="a029b3a0-2c7e-48b8-9be2-2a921de4a426" testId="b1046d72-e8e1-b870-4260-ab1f4426df84" testName="BulkProcessor_MoreItemsInQueueThanBulkSize_ItemsInBulkEqualsBulkSize" computerName="DKSR-EFI-06" duration="00:00:00.0285828" startTime="2024-01-09T15:42:17.4820837+01:00" endTime="2024-01-09T15:42:17.5133342+01:00" testType="13cdc9d9-ddb5-4fa4-a97d-d965ccfc6d4b" outcome="Passed" testListId="8c84fa94-04c1-424b-9868-57a2d4851a1d" relativeResultsDirectory="a029b3a0-2c7e-48b8-9be2-2a921de4a426" />
    <UnitTestResult executionId="227859e3-e5fd-4804-9155-8726c98ce6d0" testId="b8ba5f7f-17cc-c85b-dce2-63750138edfd" testName="SendAsync_ConnectFailure_EndpointNotFoundCalled" computerName="DKSR-EFI-06" duration="00:00:00.0136580" startTime="2024-01-09T15:42:00.9352288+01:00" endTime="2024-01-09T15:42:00.9508720+01:00" testType="13cdc9d9-ddb5-4fa4-a97d-d965ccfc6d4b" outcome="Passed" testListId="8c84fa94-04c1-424b-9868-57a2d4851a1d" relativeResultsDirectory="227859e3-e5fd-4804-9155-8726c98ce6d0" />
    <UnitTestResult executionId="8eed747f-5e36-4262-89f5-fdd92a25e6ca" testId="ff479f6d-e0b7-8fd5-8eb8-d2152054fac2" testName="CalculateLicenseRequirements_On1ICPHardwareWith3ChannelsAnd1NormalWith6Channels_ReturnsFalse" computerName="DKSR-EFI-06" duration="00:00:00.0010707" startTime="2024-01-09T15:42:18.8727101+01:00" endTime="2024-01-09T15:42:18.8727101+01:00" testType="13cdc9d9-ddb5-4fa4-a97d-d965ccfc6d4b" outcome="Passed" testListId="8c84fa94-04c1-424b-9868-57a2d4851a1d" relativeResultsDirectory="8eed747f-5e36-4262-89f5-fdd92a25e6ca" />
    <UnitTestResult executionId="87ca2721-f1fe-49f1-9d35-7b6eb50b62ee" testId="1c33d3a5-e9a8-3b96-fe67-16f2048d3442" testName="Encrypt_NullCheck" computerName="DKSR-EFI-06" duration="00:00:00.0017775" startTime="2024-01-09T15:42:28.5289646+01:00" endTime="2024-01-09T15:42:28.5289646+01:00" testType="13cdc9d9-ddb5-4fa4-a97d-d965ccfc6d4b" outcome="Passed" testListId="8c84fa94-04c1-424b-9868-57a2d4851a1d" relativeResultsDirectory="87ca2721-f1fe-49f1-9d35-7b6eb50b62ee" />
    <UnitTestResult executionId="f7dbfb3f-7bd5-491c-8e36-3aa98c3e3417" testId="c9e2e526-bc03-9448-8f9d-d4ac422b7473" testName="Transform_XmlHasHostedHardware_HostedHardwareIsTransformed" computerName="DKSR-EFI-06" duration="00:00:00.0006097" startTime="2024-01-09T15:42:28.7633377+01:00" endTime="2024-01-09T15:42:28.7633377+01:00" testType="13cdc9d9-ddb5-4fa4-a97d-d965ccfc6d4b" outcome="Passed" testListId="8c84fa94-04c1-424b-9868-57a2d4851a1d" relativeResultsDirectory="f7dbfb3f-7bd5-491c-8e36-3aa98c3e3417" />
    <UnitTestResult executionId="039e1fd8-7d9f-46dc-99f1-74953867bbc7" testId="a64be6a6-447c-7be8-c1c8-eeee00ace3cf" testName="RefCountedObjectWrapper_ExecuteCallWithRefCountTResult_EmptyParameter_NullReferenceException" computerName="DKSR-EFI-06" duration="00:00:00.0007460" startTime="2024-01-09T15:42:11.1383230+01:00" endTime="2024-01-09T15:42:11.1383230+01:00" testType="13cdc9d9-ddb5-4fa4-a97d-d965ccfc6d4b" outcome="Passed" testListId="8c84fa94-04c1-424b-9868-57a2d4851a1d" relativeResultsDirectory="039e1fd8-7d9f-46dc-99f1-74953867bbc7" />
    <UnitTestResult executionId="0b5ac587-71d1-4882-9871-a9c8b712ebc6" testId="2a30ad3f-331e-98be-137e-2f154bc8be13" testName="AddressDriverPairs_ModificationTest" computerName="DKSR-EFI-06" duration="00:00:00.0013943" startTime="2024-01-09T15:42:03.3101701+01:00" endTime="2024-01-09T15:42:03.3101701+01:00" testType="13cdc9d9-ddb5-4fa4-a97d-d965ccfc6d4b" outcome="Passed" testListId="8c84fa94-04c1-424b-9868-57a2d4851a1d" relativeResultsDirectory="0b5ac587-71d1-4882-9871-a9c8b712ebc6" />
    <UnitTestResult executionId="a2de6907-a109-4bea-b6e8-fc38a8d82ce1" testId="8f948154-c742-afae-3b2c-dd6115614af9" testName="ReadIdentitiesFromCache_EmptyStringInSidArray" computerName="DKSR-EFI-06" duration="00:00:00.0014828" startTime="2024-01-09T15:42:29.6852141+01:00" endTime="2024-01-09T15:42:29.6852141+01:00" testType="13cdc9d9-ddb5-4fa4-a97d-d965ccfc6d4b" outcome="Passed" testListId="8c84fa94-04c1-424b-9868-57a2d4851a1d" relativeResultsDirectory="a2de6907-a109-4bea-b6e8-fc38a8d82ce1" />
    <UnitTestResult executionId="161f7e36-4134-4252-95ca-f10ab0b80d1f" testId="ba52b13a-f54f-f86d-de71-5094aefa8f99" testName="ReadChildElementValueAsUInt16_NameNull" computerName="DKSR-EFI-06" duration="00:00:00.0006975" startTime="2024-01-09T15:42:04.0445487+01:00" endTime="2024-01-09T15:42:04.0445487+01:00" testType="13cdc9d9-ddb5-4fa4-a97d-d965ccfc6d4b" outcome="Passed" testListId="8c84fa94-04c1-424b-9868-57a2d4851a1d" relativeResultsDirectory="161f7e36-4134-4252-95ca-f10ab0b80d1f" />
    <UnitTestResult executionId="e0ddc958-255f-4d1d-af70-b29beb3ef8a6" testId="9521fdd5-f8b0-8814-1019-bcf36ca64483" testName="WhiteList_IsDriverWhiteListed_HWWith15CH_GlobalMaxChannelCount16DriverMaxChannelCountInvalid_ReturnsTrue" computerName="DKSR-EFI-06" duration="00:00:00.0007012" startTime="2024-01-09T15:42:26.4508399+01:00" endTime="2024-01-09T15:42:26.4508399+01:00" testType="13cdc9d9-ddb5-4fa4-a97d-d965ccfc6d4b" outcome="Passed" testListId="8c84fa94-04c1-424b-9868-57a2d4851a1d" relativeResultsDirectory="e0ddc958-255f-4d1d-af70-b29beb3ef8a6" />
    <UnitTestResult executionId="49d832f1-8851-4ef4-9948-da44c081206d" testId="d5954dbd-073f-77e4-c2f8-ae999d763dbc" testName="FeatureManager_TryGetFeatureParameterValue_License_Argument_Null" computerName="DKSR-EFI-06" duration="00:00:00.0007011" startTime="2024-01-09T15:42:18.2320853+01:00" endTime="2024-01-09T15:42:18.2320853+01:00" testType="13cdc9d9-ddb5-4fa4-a97d-d965ccfc6d4b" outcome="Passed" testListId="8c84fa94-04c1-424b-9868-57a2d4851a1d" relativeResultsDirectory="49d832f1-8851-4ef4-9948-da44c081206d" />
    <UnitTestResult executionId="29c1799d-3098-43e6-a16b-24fe464fd4e9" testId="4515bcb1-d15c-08a9-02fe-c49f7716006e" testName="FeatureManager_GetFeatureParameterValueT_Int_Valid_Value" computerName="DKSR-EFI-06" duration="00:00:00.0003713" startTime="2024-01-09T15:42:18.2633345+01:00" endTime="2024-01-09T15:42:18.2633345+01:00" testType="13cdc9d9-ddb5-4fa4-a97d-d965ccfc6d4b" outcome="Passed" testListId="8c84fa94-04c1-424b-9868-57a2d4851a1d" relativeResultsDirectory="29c1799d-3098-43e6-a16b-24fe464fd4e9" />
    <UnitTestResult executionId="8d4f9bbb-84ec-499d-942e-40b01671616b" testId="2b4996cd-aa90-8fba-96b2-0aa6bafb2530" testName="CleanMemoryCache_PostAction" computerName="DKSR-EFI-06" duration="00:00:00.0012026" startTime="2024-01-09T15:42:29.7008403+01:00" endTime="2024-01-09T15:42:29.7008403+01:00" testType="13cdc9d9-ddb5-4fa4-a97d-d965ccfc6d4b" outcome="Passed" testListId="8c84fa94-04c1-424b-9868-57a2d4851a1d" relativeResultsDirectory="8d4f9bbb-84ec-499d-942e-40b01671616b" />
    <UnitTestResult executionId="1f7aa9ee-6015-4f63-b0bc-5e39d8a70edf" testId="4a516266-1feb-565c-4498-c6e58fb7b436" testName="RefCountedObjectWrapper_ExecuteCallWithRefCount_Sucess" computerName="DKSR-EFI-06" duration="00:00:00.0014747" startTime="2024-01-09T15:42:11.0758203+01:00" endTime="2024-01-09T15:42:11.0758203+01:00" testType="13cdc9d9-ddb5-4fa4-a97d-d965ccfc6d4b" outcome="Passed" testListId="8c84fa94-04c1-424b-9868-57a2d4851a1d" relativeResultsDirectory="1f7aa9ee-6015-4f63-b0bc-5e39d8a70edf" />
    <UnitTestResult executionId="7d3d304a-2c7f-4ca2-bf0f-e0361b304d91" testId="b3f25df2-bbf0-f1eb-b76b-e36e91215ec6" testName="CalculateLicenseRequirements_On1ICPHardwareWith6Channels_ReturnsTrue" computerName="DKSR-EFI-06" duration="00:00:00.0006421" startTime="2024-01-09T15:42:18.8570851+01:00" endTime="2024-01-09T15:42:18.8570851+01:00" testType="13cdc9d9-ddb5-4fa4-a97d-d965ccfc6d4b" outcome="Passed" testListId="8c84fa94-04c1-424b-9868-57a2d4851a1d" relativeResultsDirectory="7d3d304a-2c7f-4ca2-bf0f-e0361b304d91" />
    <UnitTestResult executionId="23ee30c5-58b9-4811-a7fb-15e6eb49b9da" testId="c051c3d6-6fa6-30da-17a5-284e0224c441" testName="IsValidByteString_Success" computerName="DKSR-EFI-06" duration="00:00:00.0004005" startTime="2024-01-09T15:42:29.4977135+01:00" endTime="2024-01-09T15:42:29.4977135+01:00" testType="13cdc9d9-ddb5-4fa4-a97d-d965ccfc6d4b" outcome="Passed" testListId="8c84fa94-04c1-424b-9868-57a2d4851a1d" relativeResultsDirectory="23ee30c5-58b9-4811-a7fb-15e6eb49b9da" />
    <UnitTestResult executionId="9f708d18-8850-4681-a00b-ded32381cf52" testId="6c6a47cf-a555-2dfc-3a1a-07e1dc47adf6" testName="RecurringSchedule_GetCreationTime" computerName="DKSR-EFI-06" duration="00:00:00.0754624" startTime="2024-01-09T15:42:13.6695814+01:00" endTime="2024-01-09T15:42:13.7320787+01:00" testType="13cdc9d9-ddb5-4fa4-a97d-d965ccfc6d4b" outcome="Passed" testListId="8c84fa94-04c1-424b-9868-57a2d4851a1d" relativeResultsDirectory="9f708d18-8850-4681-a00b-ded32381cf52" />
    <UnitTestResult executionId="3fd08487-dfce-4e3a-af89-38e142e58cd6" testId="093f7c02-46d7-a5f5-7758-9246e49e6a3f" testName="GetRecorderSNMPId_Not_SNMP_Mapped" computerName="DKSR-EFI-06" duration="00:00:00.0001705" startTime="2024-01-09T15:42:26.9664642+01:00" endTime="2024-01-09T15:42:26.9664642+01:00" testType="13cdc9d9-ddb5-4fa4-a97d-d965ccfc6d4b" outcome="Passed" testListId="8c84fa94-04c1-424b-9868-57a2d4851a1d" relativeResultsDirectory="3fd08487-dfce-4e3a-af89-38e142e58cd6" />
    <UnitTestResult executionId="51f5b5b7-3d2f-42cf-bdad-68b8cdc480fc" testId="875bcea1-de66-43dd-9be6-63694cc77b25" testName="Decrypt_DataSetHasNoRows_DataSetIsNotChanged" computerName="DKSR-EFI-06" duration="00:00:00.0017693" startTime="2024-01-09T15:42:28.1070891+01:00" endTime="2024-01-09T15:42:28.1227156+01:00" testType="13cdc9d9-ddb5-4fa4-a97d-d965ccfc6d4b" outcome="Passed" testListId="8c84fa94-04c1-424b-9868-57a2d4851a1d" relativeResultsDirectory="51f5b5b7-3d2f-42cf-bdad-68b8cdc480fc" />
    <UnitTestResult executionId="5526d9e0-87ee-4425-8039-5dd1239887d8" testId="6c8785a7-7376-2b99-0097-2f6cf90fc665" testName="Mac_Address_Empty_Test_False_2" computerName="DKSR-EFI-06" duration="00:00:00.0000997" startTime="2024-01-09T15:42:26.5133407+01:00" endTime="2024-01-09T15:42:26.5133407+01:00" testType="13cdc9d9-ddb5-4fa4-a97d-d965ccfc6d4b" outcome="Passed" testListId="8c84fa94-04c1-424b-9868-57a2d4851a1d" relativeResultsDirectory="5526d9e0-87ee-4425-8039-5dd1239887d8" />
    <UnitTestResult executionId="f9825c84-ce53-4e3b-8cfa-f6c1acbbfcd6" testId="ccaec2f9-7676-0389-7bf6-792491867756" testName="Send_AuthenticationExceptionTwice_ThrowUnauthorizationException" computerName="DKSR-EFI-06" duration="00:00:00.0168076" startTime="2024-01-09T15:42:01.4976625+01:00" endTime="2024-01-09T15:42:01.5132908+01:00" testType="13cdc9d9-ddb5-4fa4-a97d-d965ccfc6d4b" outcome="Passed" testListId="8c84fa94-04c1-424b-9868-57a2d4851a1d" relativeResultsDirectory="f9825c84-ce53-4e3b-8cfa-f6c1acbbfcd6" />
    <UnitTestResult executionId="3e7f8739-c7f7-4bc2-881b-5e1f5c8c16da" testId="b10fc2a9-1cc5-f00f-3149-ac6258cd1480" testName="HardwareSetupInformationModel_Validate_Success" computerName="DKSR-EFI-06" duration="00:00:00.0178333" startTime="2024-01-09T15:42:11.4039516+01:00" endTime="2024-01-09T15:42:11.4195738+01:00" testType="13cdc9d9-ddb5-4fa4-a97d-d965ccfc6d4b" outcome="Passed" testListId="8c84fa94-04c1-424b-9868-57a2d4851a1d" relativeResultsDirectory="3e7f8739-c7f7-4bc2-881b-5e1f5c8c16da" />
    <UnitTestResult executionId="6d60c29a-3c84-4362-baea-b94a31008797" testId="86a673a2-82fc-6064-d36e-b4b615855370" testName="RegisterRecorderModel_RequiredPropertiesAreNull_Failed" computerName="DKSR-EFI-06" duration="00:00:00.0042889" startTime="2024-01-09T15:42:12.5758552+01:00" endTime="2024-01-09T15:42:12.5914515+01:00" testType="13cdc9d9-ddb5-4fa4-a97d-d965ccfc6d4b" outcome="Passed" testListId="8c84fa94-04c1-424b-9868-57a2d4851a1d" relativeResultsDirectory="6d60c29a-3c84-4362-baea-b94a31008797" />
    <UnitTestResult executionId="9abca0a2-5919-45e3-bd78-e394a19010d0" testId="46d6676a-bae2-9df9-dff7-f8c20a011418" testName="RemoveItem_RemovesSpecifiedItem" computerName="DKSR-EFI-06" duration="00:00:00.0012928" startTime="2024-01-09T15:42:04.3101757+01:00" endTime="2024-01-09T15:42:04.3101757+01:00" testType="13cdc9d9-ddb5-4fa4-a97d-d965ccfc6d4b" outcome="Passed" testListId="8c84fa94-04c1-424b-9868-57a2d4851a1d" relativeResultsDirectory="9abca0a2-5919-45e3-bd78-e394a19010d0" />
    <UnitTestResult executionId="644aeec4-536d-4c2c-98c8-144135e9dd96" testId="a34e2915-e790-75c7-635d-8d7d921927f2" testName="ReadChildElementValueAsBoolean_NameNull" computerName="DKSR-EFI-06" duration="00:00:00.0007609" startTime="2024-01-09T15:42:03.9351727+01:00" endTime="2024-01-09T15:42:03.9351727+01:00" testType="13cdc9d9-ddb5-4fa4-a97d-d965ccfc6d4b" outcome="Passed" testListId="8c84fa94-04c1-424b-9868-57a2d4851a1d" relativeResultsDirectory="644aeec4-536d-4c2c-98c8-144135e9dd96" />
    <UnitTestResult executionId="77ebd523-cff5-4798-b758-b5592ff2e189" testId="1860ec70-d6cd-e5e9-2e4e-9d6113556558" testName="HostedScanParameters_ModificationTest" computerName="DKSR-EFI-06" duration="00:00:00.0023834" startTime="2024-01-09T15:42:03.7164215+01:00" endTime="2024-01-09T15:42:03.7320473+01:00" testType="13cdc9d9-ddb5-4fa4-a97d-d965ccfc6d4b" outcome="Passed" testListId="8c84fa94-04c1-424b-9868-57a2d4851a1d" relativeResultsDirectory="77ebd523-cff5-4798-b758-b5592ff2e189" />
    <UnitTestResult executionId="e87594a8-ad3d-479d-bf7c-ed281cb46af5" testId="b40a2f62-cd09-ca7d-1397-74cf0ee9e432" testName="VersionExtensions_GetVersionWithoutBuild_Success" computerName="DKSR-EFI-06" duration="00:00:00.0003222" startTime="2024-01-09T15:42:26.6852142+01:00" endTime="2024-01-09T15:42:26.6852142+01:00" testType="13cdc9d9-ddb5-4fa4-a97d-d965ccfc6d4b" outcome="Passed" testListId="8c84fa94-04c1-424b-9868-57a2d4851a1d" relativeResultsDirectory="e87594a8-ad3d-479d-bf7c-ed281cb46af5" />
    <UnitTestResult executionId="205a79e7-8f74-4fba-b1ea-0f8f91adaa7e" testId="c04a2885-1a6b-f616-ed37-b797f5e7a2b5" testName="BulkEventModel_Validate_Failed_Empty" computerName="DKSR-EFI-06" duration="00:00:00.0017498" startTime="2024-01-09T15:42:11.4351977+01:00" endTime="2024-01-09T15:42:11.4351977+01:00" testType="13cdc9d9-ddb5-4fa4-a97d-d965ccfc6d4b" outcome="Passed" testListId="8c84fa94-04c1-424b-9868-57a2d4851a1d" relativeResultsDirectory="205a79e7-8f74-4fba-b1ea-0f8f91adaa7e" />
    <UnitTestResult executionId="1f68398a-0cbb-48fd-9506-2e8199966c32" testId="d6345a70-d736-2ba4-d438-a4a0b262266f" testName="CreateInstance_InvalidMaxChannelCount_Throws_ArgumentNullException" computerName="DKSR-EFI-06" duration="00:00:00.0005315" startTime="2024-01-09T15:42:26.5758390+01:00" endTime="2024-01-09T15:42:26.5758390+01:00" testType="13cdc9d9-ddb5-4fa4-a97d-d965ccfc6d4b" outcome="Passed" testListId="8c84fa94-04c1-424b-9868-57a2d4851a1d" relativeResultsDirectory="1f68398a-0cbb-48fd-9506-2e8199966c32" />
    <UnitTestResult executionId="f8934370-0c6e-482c-bc17-769d6d9846fc" testId="aac0a9f7-1c73-9590-cded-21acfdc20fe7" testName="Credentials_ModificationTest" computerName="DKSR-EFI-06" duration="00:00:00.0010160" startTime="2024-01-09T15:42:03.6382953+01:00" endTime="2024-01-09T15:42:03.6539211+01:00" testType="13cdc9d9-ddb5-4fa4-a97d-d965ccfc6d4b" outcome="Passed" testListId="8c84fa94-04c1-424b-9868-57a2d4851a1d" relativeResultsDirectory="f8934370-0c6e-482c-bc17-769d6d9846fc" />
    <UnitTestResult executionId="31e0d3c6-add6-4d54-8284-0835336d9521" testId="8091c5f3-25f9-3c88-8050-0b10ac36b516" testName="LicenseDocument_GetParameterValue_NullParameter" computerName="DKSR-EFI-06" duration="00:00:00.0025118" startTime="2024-01-09T15:42:26.0602152+01:00" endTime="2024-01-09T15:42:26.0602152+01:00" testType="13cdc9d9-ddb5-4fa4-a97d-d965ccfc6d4b" outcome="Passed" testListId="8c84fa94-04c1-424b-9868-57a2d4851a1d" relativeResultsDirectory="31e0d3c6-add6-4d54-8284-0835336d9521" />
    <UnitTestResult executionId="664915a9-e90d-4143-a457-9f6b85be5c68" testId="7ddb4e1a-56f6-5d71-1cd6-2bd84651f132" testName="ReadAttributeAsInt32_RangeCheck_Max" computerName="DKSR-EFI-06" duration="00:00:00.0003954" startTime="2024-01-09T15:42:03.9664241+01:00" endTime="2024-01-09T15:42:03.9664241+01:00" testType="13cdc9d9-ddb5-4fa4-a97d-d965ccfc6d4b" outcome="Passed" testListId="8c84fa94-04c1-424b-9868-57a2d4851a1d" relativeResultsDirectory="664915a9-e90d-4143-a457-9f6b85be5c68" />
    <UnitTestResult executionId="160be240-abae-4038-bfbe-43586c8af0ca" testId="ec9a5f4e-f23b-4520-d0ff-a5d0553c5c75" testName="PatchAsync_NoError_TaskIsExecuted" computerName="DKSR-EFI-06" duration="00:00:00.0273444" startTime="2024-01-09T15:42:01.1226607+01:00" endTime="2024-01-09T15:42:01.1539093+01:00" testType="13cdc9d9-ddb5-4fa4-a97d-d965ccfc6d4b" outcome="Passed" testListId="8c84fa94-04c1-424b-9868-57a2d4851a1d" relativeResultsDirectory="160be240-abae-4038-bfbe-43586c8af0ca" />
    <UnitTestResult executionId="7185f912-07ae-4d83-bcf4-f553e0a2eba1" testId="83414ed0-ce26-c83b-537e-21aeed422c4e" testName="Ctor_Null_ThrowsArgumentNullException" computerName="DKSR-EFI-06" duration="00:00:00.0071885" startTime="2024-01-09T15:42:29.4352153+01:00" endTime="2024-01-09T15:42:29.4352153+01:00" testType="13cdc9d9-ddb5-4fa4-a97d-d965ccfc6d4b" outcome="Passed" testListId="8c84fa94-04c1-424b-9868-57a2d4851a1d" relativeResultsDirectory="7185f912-07ae-4d83-bcf4-f553e0a2eba1">
      <Output>
        <StdOut>Debug Trace:&#xD;
Fail: Argument null</StdOut>
      </Output>
    </UnitTestResult>
    <UnitTestResult executionId="2dbf5970-59c7-4ea8-ae62-7878c1dc4f82" testId="c324f2a7-fe13-0997-afb6-df983ed324c4" testName="CreateInstance_SettingsFileExists_AllowInsecureIsNull_ReturnsDefaultInstance" computerName="DKSR-EFI-06" duration="00:00:00.0104998" startTime="2024-01-09T15:42:12.9508263+01:00" endTime="2024-01-09T15:42:12.9664517+01:00" testType="13cdc9d9-ddb5-4fa4-a97d-d965ccfc6d4b" outcome="Passed" testListId="8c84fa94-04c1-424b-9868-57a2d4851a1d" relativeResultsDirectory="2dbf5970-59c7-4ea8-ae62-7878c1dc4f82" />
    <UnitTestResult executionId="4ddbd00f-7873-40db-92e2-7488f73935d9" testId="223879b6-1bce-182a-ac69-2d7e1b786d11" testName="Construct_RequestContainer_InvalidLicenseIntegrationDataNull_ThrowsArgumentNullException" computerName="DKSR-EFI-06" duration="00:00:00.0001475" startTime="2024-01-09T15:42:25.9664659+01:00" endTime="2024-01-09T15:42:25.9664659+01:00" testType="13cdc9d9-ddb5-4fa4-a97d-d965ccfc6d4b" outcome="Passed" testListId="8c84fa94-04c1-424b-9868-57a2d4851a1d" relativeResultsDirectory="4ddbd00f-7873-40db-92e2-7488f73935d9" />
    <UnitTestResult executionId="b7b84f8a-2369-44bc-8562-1a435cb09af1" testId="2401bf4d-7341-3a5d-a9d0-37bf32463911" testName="ReadChildElementValueAsUInt32_InvalidData_NegativeNumber" computerName="DKSR-EFI-06" duration="00:00:00.0003917" startTime="2024-01-09T15:42:04.0133006+01:00" endTime="2024-01-09T15:42:04.0133006+01:00" testType="13cdc9d9-ddb5-4fa4-a97d-d965ccfc6d4b" outcome="Passed" testListId="8c84fa94-04c1-424b-9868-57a2d4851a1d" relativeResultsDirectory="b7b84f8a-2369-44bc-8562-1a435cb09af1" />
    <UnitTestResult executionId="70fbd532-57cc-4bf7-83f4-3b114bea0197" testId="27d5ab36-e134-151f-9531-716552d085c2" testName="CustomLicenseType_FeatureFlagPresent" computerName="DKSR-EFI-06" duration="00:00:00.0006616" startTime="2024-01-09T15:42:18.1070833+01:00" endTime="2024-01-09T15:42:18.1070833+01:00" testType="13cdc9d9-ddb5-4fa4-a97d-d965ccfc6d4b" outcome="Passed" testListId="8c84fa94-04c1-424b-9868-57a2d4851a1d" relativeResultsDirectory="70fbd532-57cc-4bf7-83f4-3b114bea0197" />
    <UnitTestResult executionId="444a1ba6-9093-4ba1-a757-848a2c271086" testId="a65d9d49-2d35-c77e-fc7d-d95914c1d90b" testName="BulkProcessor_IsClosing_WaitForRunningTaskToComplete" computerName="DKSR-EFI-06" duration="00:00:00.0215765" startTime="2024-01-09T15:42:17.5289580+01:00" endTime="2024-01-09T15:42:17.5445848+01:00" testType="13cdc9d9-ddb5-4fa4-a97d-d965ccfc6d4b" outcome="Passed" testListId="8c84fa94-04c1-424b-9868-57a2d4851a1d" relativeResultsDirectory="444a1ba6-9093-4ba1-a757-848a2c271086" />
    <UnitTestResult executionId="41d048c4-9ab8-431e-88f8-dcd8e6988d65" testId="872126b7-7065-f0ad-f014-e74b736f12f4" testName="ModelValidation_RequiredPropertiesAreNull_Failed" computerName="DKSR-EFI-06" duration="00:00:00.0028745" startTime="2024-01-09T15:42:11.8414530+01:00" endTime="2024-01-09T15:42:11.8414530+01:00" testType="13cdc9d9-ddb5-4fa4-a97d-d965ccfc6d4b" outcome="Passed" testListId="8c84fa94-04c1-424b-9868-57a2d4851a1d" relativeResultsDirectory="41d048c4-9ab8-431e-88f8-dcd8e6988d65" />
    <UnitTestResult executionId="5e4a68ac-d2bf-48db-8a0a-e0a06e330be8" testId="feca0954-bd14-72ed-e2f3-febd9ed9aa1d" testName="FeatureManager_ProductSku_Success" computerName="DKSR-EFI-06" duration="00:00:00.0009896" startTime="2024-01-09T15:42:18.3414615+01:00" endTime="2024-01-09T15:42:18.3414615+01:00" testType="13cdc9d9-ddb5-4fa4-a97d-d965ccfc6d4b" outcome="Passed" testListId="8c84fa94-04c1-424b-9868-57a2d4851a1d" relativeResultsDirectory="5e4a68ac-d2bf-48db-8a0a-e0a06e330be8" />
    <UnitTestResult executionId="56014b4c-5e94-4a50-be71-700e331c7e3d" testId="2c89d3a7-ba0a-5b64-dd42-2fe97e3a5239" testName="TestPasswordGenerationFromMissingPasswordRequirements" computerName="DKSR-EFI-06" duration="00:00:00.0004090" startTime="2024-01-09T15:42:04.4976763+01:00" endTime="2024-01-09T15:42:04.4976763+01:00" testType="13cdc9d9-ddb5-4fa4-a97d-d965ccfc6d4b" outcome="Passed" testListId="8c84fa94-04c1-424b-9868-57a2d4851a1d" relativeResultsDirectory="56014b4c-5e94-4a50-be71-700e331c7e3d" />
    <UnitTestResult executionId="e493fb14-f78e-4f8a-b674-75088fb0cd8c" testId="346c1444-c166-cbc7-94c0-545645760c83" testName="DatabaseOperationModel_Validation_ValidModel_Success" computerName="DKSR-EFI-06" duration="00:00:00.0031441" startTime="2024-01-09T15:42:11.7633252+01:00" endTime="2024-01-09T15:42:11.7789508+01:00" testType="13cdc9d9-ddb5-4fa4-a97d-d965ccfc6d4b" outcome="Passed" testListId="8c84fa94-04c1-424b-9868-57a2d4851a1d" relativeResultsDirectory="e493fb14-f78e-4f8a-b674-75088fb0cd8c" />
    <UnitTestResult executionId="835b667b-95f3-454d-bd62-06d798ed2931" testId="216f6c1a-2538-c260-887d-c77c0606bca9" testName="ReceiveAsync_EndPointNull_ArgumentNullExceptionThrown" computerName="DKSR-EFI-06" duration="00:00:00.0100879" startTime="2024-01-09T15:42:01.5289107+01:00" endTime="2024-01-09T15:42:01.5289107+01:00" testType="13cdc9d9-ddb5-4fa4-a97d-d965ccfc6d4b" outcome="Passed" testListId="8c84fa94-04c1-424b-9868-57a2d4851a1d" relativeResultsDirectory="835b667b-95f3-454d-bd62-06d798ed2931">
      <Output>
        <StdOut>Debug Trace:&#xD;
Fail: Argument null</StdOut>
      </Output>
    </UnitTestResult>
    <UnitTestResult executionId="dd09dca4-e201-4c00-8b3b-b4560f7b13df" testId="624965f1-f73b-d58a-ebaa-ff6bad05c7c8" testName="ModelValidation_ValidModel_Success" computerName="DKSR-EFI-06" duration="00:00:00.0014502" startTime="2024-01-09T15:42:12.2008255+01:00" endTime="2024-01-09T15:42:12.2008255+01:00" testType="13cdc9d9-ddb5-4fa4-a97d-d965ccfc6d4b" outcome="Passed" testListId="8c84fa94-04c1-424b-9868-57a2d4851a1d" relativeResultsDirectory="dd09dca4-e201-4c00-8b3b-b4560f7b13df" />
    <UnitTestResult executionId="6d59b45b-6f50-4cf0-9a0f-1105a4610245" testId="78d4cbcb-d66c-a346-221f-283d82c4dad5" testName="Validate_PartialMatch_Found_StartOfWord_MixedCase_Success" computerName="DKSR-EFI-06" duration="00:00:00.0001775" startTime="2024-01-09T15:42:26.6070897+01:00" endTime="2024-01-09T15:42:26.6070897+01:00" testType="13cdc9d9-ddb5-4fa4-a97d-d965ccfc6d4b" outcome="Passed" testListId="8c84fa94-04c1-424b-9868-57a2d4851a1d" relativeResultsDirectory="6d59b45b-6f50-4cf0-9a0f-1105a4610245" />
    <UnitTestResult executionId="07a8b99f-3e53-45ab-9ee8-fa8a73423834" testId="840e3ed7-868c-2ede-a02c-7571f4acfb0b" testName="BoolResponseModel_NoValuesSet_ValidationFailure" computerName="DKSR-EFI-06" duration="00:00:00.0014278" startTime="2024-01-09T15:42:12.7008277+01:00" endTime="2024-01-09T15:42:12.7008277+01:00" testType="13cdc9d9-ddb5-4fa4-a97d-d965ccfc6d4b" outcome="Passed" testListId="8c84fa94-04c1-424b-9868-57a2d4851a1d" relativeResultsDirectory="07a8b99f-3e53-45ab-9ee8-fa8a73423834" />
    <UnitTestResult executionId="0c3ea653-7250-4da2-964b-952cb3e8ab6a" testId="597c0929-a1e8-1644-f547-192d44b9f5a9" testName="TestMergeGridAreaWithValidAreaAndNull" computerName="DKSR-EFI-06" duration="00:00:00.0002385" startTime="2024-01-09T15:42:27.8727157+01:00" endTime="2024-01-09T15:42:27.8727157+01:00" testType="13cdc9d9-ddb5-4fa4-a97d-d965ccfc6d4b" outcome="Passed" testListId="8c84fa94-04c1-424b-9868-57a2d4851a1d" relativeResultsDirectory="0c3ea653-7250-4da2-964b-952cb3e8ab6a" />
    <UnitTestResult executionId="7a19372a-9879-4e59-9a14-eb1b78cb7b3b" testId="0593edbd-1ea7-3669-bba1-b972f2ba9961" testName="RecorderInfo_Construct_Success" computerName="DKSR-EFI-06" duration="00:00:00.0001836" startTime="2024-01-09T15:42:26.5445911+01:00" endTime="2024-01-09T15:42:26.5445911+01:00" testType="13cdc9d9-ddb5-4fa4-a97d-d965ccfc6d4b" outcome="Passed" testListId="8c84fa94-04c1-424b-9868-57a2d4851a1d" relativeResultsDirectory="7a19372a-9879-4e59-9a14-eb1b78cb7b3b" />
    <UnitTestResult executionId="4c36bb33-a8ff-4618-b132-6edd493b776c" testId="30c683e9-51dc-de30-6884-521787acbf6b" testName="CheckAllMIPFiltersKindsTestNotOk3" computerName="DKSR-EFI-06" duration="00:00:00.0001664" startTime="2024-01-09T15:42:15.3727056+01:00" endTime="2024-01-09T15:42:15.3727056+01:00" testType="13cdc9d9-ddb5-4fa4-a97d-d965ccfc6d4b" outcome="Passed" testListId="8c84fa94-04c1-424b-9868-57a2d4851a1d" relativeResultsDirectory="4c36bb33-a8ff-4618-b132-6edd493b776c" />
    <UnitTestResult executionId="a42cbdb2-e64b-4031-96a1-52dcb8b9bb1c" testId="e6829ed2-a680-7c6d-7c14-cf41bc741470" testName="TestPasswordGenerationFromNullPasswordRequirements" computerName="DKSR-EFI-06" duration="00:00:00.0003633" startTime="2024-01-09T15:42:04.5133000+01:00" endTime="2024-01-09T15:42:04.5133000+01:00" testType="13cdc9d9-ddb5-4fa4-a97d-d965ccfc6d4b" outcome="Passed" testListId="8c84fa94-04c1-424b-9868-57a2d4851a1d" relativeResultsDirectory="a42cbdb2-e64b-4031-96a1-52dcb8b9bb1c" />
    <UnitTestResult executionId="adec1136-6b20-4d61-b1df-4041dad23859" testId="9cf49f98-abd8-729d-395b-0c76b12b085b" testName="ModelValidation_NonEmptyGuidsAreEmpty_Failed" computerName="DKSR-EFI-06" duration="00:00:00.0021421" startTime="2024-01-09T15:42:11.8101986+01:00" endTime="2024-01-09T15:42:11.8101986+01:00" testType="13cdc9d9-ddb5-4fa4-a97d-d965ccfc6d4b" outcome="Passed" testListId="8c84fa94-04c1-424b-9868-57a2d4851a1d" relativeResultsDirectory="adec1136-6b20-4d61-b1df-4041dad23859" />
    <UnitTestResult executionId="dc75319b-476b-4ef2-9783-219178bc49bd" testId="f9473f6a-b18a-1ef9-210b-abfa7eaaf135" testName="MipAction2Model_RequiredPropertiesAreNull_Failed" computerName="DKSR-EFI-06" duration="00:00:00.0041602" startTime="2024-01-09T15:42:12.5289527+01:00" endTime="2024-01-09T15:42:12.5289527+01:00" testType="13cdc9d9-ddb5-4fa4-a97d-d965ccfc6d4b" outcome="Passed" testListId="8c84fa94-04c1-424b-9868-57a2d4851a1d" relativeResultsDirectory="dc75319b-476b-4ef2-9783-219178bc49bd" />
    <UnitTestResult executionId="f6b78b96-3f85-40eb-8c95-7c6476d3878f" testId="61499327-643a-5671-4eb8-b3beebbaec49" testName="ServerFileSystemResponseQueryDirectoriesModel_Validate_Success" computerName="DKSR-EFI-06" duration="00:00:00.0020138" startTime="2024-01-09T15:42:10.5914460+01:00" endTime="2024-01-09T15:42:10.6070722+01:00" testType="13cdc9d9-ddb5-4fa4-a97d-d965ccfc6d4b" outcome="Passed" testListId="8c84fa94-04c1-424b-9868-57a2d4851a1d" relativeResultsDirectory="f6b78b96-3f85-40eb-8c95-7c6476d3878f" />
    <UnitTestResult executionId="e9871d7f-8926-46af-b1d0-e0a77f0ab22c" testId="af370423-aaa2-ce39-e12e-b8481c147bd5" testName="WhiteList_CreateInstanceWithNullParameter_RaisesArgumentNullException" computerName="DKSR-EFI-06" duration="00:00:00.0008206" startTime="2024-01-09T15:42:26.3727151+01:00" endTime="2024-01-09T15:42:26.3727151+01:00" testType="13cdc9d9-ddb5-4fa4-a97d-d965ccfc6d4b" outcome="Passed" testListId="8c84fa94-04c1-424b-9868-57a2d4851a1d" relativeResultsDirectory="e9871d7f-8926-46af-b1d0-e0a77f0ab22c" />
    <UnitTestResult executionId="ceb23e3d-16fd-48f6-b59a-6553859a29fc" testId="86bf28b8-8ce1-1336-8ba5-dad3c8d27587" testName="CalculateLicenseRequirementsForHardware_DisabledHardware_CustomZeroLicenseType" computerName="DKSR-EFI-06" duration="00:00:00.0005594" startTime="2024-01-09T15:42:25.9508391+01:00" endTime="2024-01-09T15:42:25.9508391+01:00" testType="13cdc9d9-ddb5-4fa4-a97d-d965ccfc6d4b" outcome="Passed" testListId="8c84fa94-04c1-424b-9868-57a2d4851a1d" relativeResultsDirectory="ceb23e3d-16fd-48f6-b59a-6553859a29fc" />
    <UnitTestResult executionId="081abeaf-aac6-4825-a6fe-4bf92f02933f" testId="c6f1ddfe-dc6c-90ef-5793-d6b03235aede" testName="SynchronizeDevicePresetsResponseModel_Validate_Success" computerName="DKSR-EFI-06" duration="00:00:00.0013300" startTime="2024-01-09T15:42:10.6070722+01:00" endTime="2024-01-09T15:42:10.6070722+01:00" testType="13cdc9d9-ddb5-4fa4-a97d-d965ccfc6d4b" outcome="Passed" testListId="8c84fa94-04c1-424b-9868-57a2d4851a1d" relativeResultsDirectory="081abeaf-aac6-4825-a6fe-4bf92f02933f" />
    <UnitTestResult executionId="3026fef0-eb67-4dc0-b978-65687df08b83" testId="59e57848-7a94-91b5-32b4-173de77d9815" testName="LicenseActivationService_AcquireLicense_LicenseNotAllowed_ToManyRecordersRequested" computerName="DKSR-EFI-06" duration="00:00:00.0021243" startTime="2024-01-09T15:42:18.7164595+01:00" endTime="2024-01-09T15:42:18.7320852+01:00" testType="13cdc9d9-ddb5-4fa4-a97d-d965ccfc6d4b" outcome="Passed" testListId="8c84fa94-04c1-424b-9868-57a2d4851a1d" relativeResultsDirectory="3026fef0-eb67-4dc0-b978-65687df08b83" />
    <UnitTestResult executionId="40d8e943-1266-41a0-b1b0-4d9379d65fc5" testId="0afc5b19-2f9a-a4af-89db-f08c893b6820" testName="TestSetRegionFillsTheRegions" computerName="DKSR-EFI-06" duration="00:00:00.0005902" startTime="2024-01-09T15:42:27.9195907+01:00" endTime="2024-01-09T15:42:27.9352156+01:00" testType="13cdc9d9-ddb5-4fa4-a97d-d965ccfc6d4b" outcome="Passed" testListId="8c84fa94-04c1-424b-9868-57a2d4851a1d" relativeResultsDirectory="40d8e943-1266-41a0-b1b0-4d9379d65fc5" />
    <UnitTestResult executionId="1669c74f-ad9a-4b1c-9ac8-eb28aced706e" testId="819c0979-239a-1bbe-8aec-82c5d15d99c9" testName="TokenHandler_CheckToken (Data Row 0)" computerName="DKSR-EFI-06" duration="00:00:00.0691411" startTime="2024-01-09T15:42:13.2633268+01:00" endTime="2024-01-09T15:42:13.6539515+01:00" testType="13cdc9d9-ddb5-4fa4-a97d-d965ccfc6d4b" outcome="Passed" testListId="8c84fa94-04c1-424b-9868-57a2d4851a1d" relativeResultsDirectory="1669c74f-ad9a-4b1c-9ac8-eb28aced706e">
      <Output>
        <StdOut>Debug Trace:&#xD;
Token created: TOKEN#e8be26a6-c599-4178-8ca1-b70bac687cc8##</StdOut>
      </Output>
    </UnitTestResult>
    <UnitTestResult executionId="3d990758-f7b3-445d-b831-aea8b8b8e07d" testId="c89ecc3c-6042-3bf1-ae11-61573d52106a" testName="BulkEventModel_Validate_Success" computerName="DKSR-EFI-06" duration="00:00:00.2966555" startTime="2024-01-09T15:42:11.4508245+01:00" endTime="2024-01-09T15:42:11.7477019+01:00" testType="13cdc9d9-ddb5-4fa4-a97d-d965ccfc6d4b" outcome="Passed" testListId="8c84fa94-04c1-424b-9868-57a2d4851a1d" relativeResultsDirectory="3d990758-f7b3-445d-b831-aea8b8b8e07d" />
    <UnitTestResult executionId="24f6d10a-1141-42cf-a3f7-d09ffaaf9694" testId="dfa4a51a-f529-aa33-50fa-2784e6e059d7" testName="PtzPresetCollection_LoadXml_Success" computerName="DKSR-EFI-06" duration="00:00:00.0084081" startTime="2024-01-09T15:42:04.5133000+01:00" endTime="2024-01-09T15:42:04.5133000+01:00" testType="13cdc9d9-ddb5-4fa4-a97d-d965ccfc6d4b" outcome="Passed" testListId="8c84fa94-04c1-424b-9868-57a2d4851a1d" relativeResultsDirectory="24f6d10a-1141-42cf-a3f7-d09ffaaf9694" />
    <UnitTestResult executionId="700e7106-b123-42e3-9a67-6823352a169e" testId="abf27167-38f9-fa2d-5f0d-d154f5c58e22" testName="RecorderInfo_Construct_ValidDevicePackInfo_ConvertsToEmptyString" computerName="DKSR-EFI-06" duration="00:00:00.0003611" startTime="2024-01-09T15:42:26.5445911+01:00" endTime="2024-01-09T15:42:26.5445911+01:00" testType="13cdc9d9-ddb5-4fa4-a97d-d965ccfc6d4b" outcome="Passed" testListId="8c84fa94-04c1-424b-9868-57a2d4851a1d" relativeResultsDirectory="700e7106-b123-42e3-9a67-6823352a169e" />
    <UnitTestResult executionId="76537478-b7f5-4ca5-af0b-1f44220ff066" testId="611e19c8-09f4-c458-64c7-cf7075110940" testName="Index_RemoveEntry_Null_Throws_ArgumentNllException" computerName="DKSR-EFI-06" duration="00:00:00.0025697" startTime="2024-01-09T15:42:04.2320499+01:00" endTime="2024-01-09T15:42:04.2476742+01:00" testType="13cdc9d9-ddb5-4fa4-a97d-d965ccfc6d4b" outcome="Passed" testListId="8c84fa94-04c1-424b-9868-57a2d4851a1d" relativeResultsDirectory="76537478-b7f5-4ca5-af0b-1f44220ff066">
      <Output>
        <StdOut>Debug Trace:&#xD;
Fail: Argument null</StdOut>
      </Output>
    </UnitTestResult>
    <UnitTestResult executionId="d9b5e5ae-ffb5-485e-bf0c-390f675b54bb" testId="24cbf3e1-4d91-3570-c7f6-21f982ff2130" testName="ServerFileStorage_ReturnStorage_DoesNotExistOnDisk_DoesNotDeleteFile" computerName="DKSR-EFI-06" duration="00:00:00.0004498" startTime="2024-01-09T15:42:09.1070668+01:00" endTime="2024-01-09T15:42:09.1226945+01:00" testType="13cdc9d9-ddb5-4fa4-a97d-d965ccfc6d4b" outcome="Passed" testListId="8c84fa94-04c1-424b-9868-57a2d4851a1d" relativeResultsDirectory="d9b5e5ae-ffb5-485e-bf0c-390f675b54bb" />
    <UnitTestResult executionId="ca8f1200-93dc-468a-85e3-482ee050b17b" testId="8320c3cf-e174-9e60-eebf-d75d6487530d" testName="Transform_XmlWithoutPassword_NoChanges" computerName="DKSR-EFI-06" duration="00:00:00.0009282" startTime="2024-01-09T15:42:28.7633377+01:00" endTime="2024-01-09T15:42:28.7633377+01:00" testType="13cdc9d9-ddb5-4fa4-a97d-d965ccfc6d4b" outcome="Passed" testListId="8c84fa94-04c1-424b-9868-57a2d4851a1d" relativeResultsDirectory="ca8f1200-93dc-468a-85e3-482ee050b17b" />
    <UnitTestResult executionId="93035fbf-6837-4dad-a9d4-9e110e797967" testId="612f9052-0fb6-a3bc-7e23-545028a67b48" testName="SecurityTokenCollectionDto2_Deserialization_Success" computerName="DKSR-EFI-06" duration="00:00:00.0016504" startTime="2024-01-09T15:42:29.3258400+01:00" endTime="2024-01-09T15:42:29.3258400+01:00" testType="13cdc9d9-ddb5-4fa4-a97d-d965ccfc6d4b" outcome="Passed" testListId="8c84fa94-04c1-424b-9868-57a2d4851a1d" relativeResultsDirectory="93035fbf-6837-4dad-a9d4-9e110e797967" />
    <UnitTestResult executionId="1a067685-2f1c-4a10-a8e0-69d58b628637" testId="0cf326ec-a942-7e6a-4f8e-59d880d75079" testName="WhiteList_CreateInstanceWithEmptyWhitelistParameter_Succeeds" computerName="DKSR-EFI-06" duration="00:00:00.0014840" startTime="2024-01-09T15:42:26.3727151+01:00" endTime="2024-01-09T15:42:26.3727151+01:00" testType="13cdc9d9-ddb5-4fa4-a97d-d965ccfc6d4b" outcome="Passed" testListId="8c84fa94-04c1-424b-9868-57a2d4851a1d" relativeResultsDirectory="1a067685-2f1c-4a10-a8e0-69d58b628637" />
    <UnitTestResult executionId="7d541d1d-558b-4f76-9a89-f4e4c6f6d93c" testId="e8a795c8-e6f3-a9e8-7363-231655bd14dc" testName="CapabilityDefinition_ValidateValue_Success" computerName="DKSR-EFI-06" duration="00:00:00.8646560" startTime="2024-01-09T15:42:26.9820885+01:00" endTime="2024-01-09T15:42:27.8570897+01:00" testType="13cdc9d9-ddb5-4fa4-a97d-d965ccfc6d4b" outcome="Passed" testListId="8c84fa94-04c1-424b-9868-57a2d4851a1d" relativeResultsDirectory="7d541d1d-558b-4f76-9a89-f4e4c6f6d93c" />
    <UnitTestResult executionId="ae223cd4-55a6-4eec-9f10-d0b09aa99ef0" testId="ccb26a83-aa1c-47e2-6b87-2e82ac67ca69" testName="FeatureManager_GetFeatureParameterValue_NullValue" computerName="DKSR-EFI-06" duration="00:00:00.0003354" startTime="2024-01-09T15:42:18.2164592+01:00" endTime="2024-01-09T15:42:18.2164592+01:00" testType="13cdc9d9-ddb5-4fa4-a97d-d965ccfc6d4b" outcome="Passed" testListId="8c84fa94-04c1-424b-9868-57a2d4851a1d" relativeResultsDirectory="ae223cd4-55a6-4eec-9f10-d0b09aa99ef0" />
    <UnitTestResult executionId="0f65eafb-366d-4849-b3c7-d9143aac7eb7" testId="0d438174-d8c1-38ec-e949-22ca42949896" testName="SendAsync_NoError_TaskIsExecuted" computerName="DKSR-EFI-06" duration="00:00:00.0361161" startTime="2024-01-09T15:42:00.7945982+01:00" endTime="2024-01-09T15:42:00.8258458+01:00" testType="13cdc9d9-ddb5-4fa4-a97d-d965ccfc6d4b" outcome="Passed" testListId="8c84fa94-04c1-424b-9868-57a2d4851a1d" relativeResultsDirectory="0f65eafb-366d-4849-b3c7-d9143aac7eb7" />
    <UnitTestResult executionId="a68dab1c-c81b-44f5-9da0-5464c7ac590c" testId="4c958b94-ea17-6bbf-3521-d59112a0937f" testName="Call_HttpPost_InvalidParam_TimeoutInvalid_ThrowsArgumentOutOfRangeException" computerName="DKSR-EFI-06" duration="00:00:00.0006380" startTime="2024-01-09T15:42:28.9195897+01:00" endTime="2024-01-09T15:42:28.9195897+01:00" testType="13cdc9d9-ddb5-4fa4-a97d-d965ccfc6d4b" outcome="Passed" testListId="8c84fa94-04c1-424b-9868-57a2d4851a1d" relativeResultsDirectory="a68dab1c-c81b-44f5-9da0-5464c7ac590c" />
    <UnitTestResult executionId="c75571c3-9042-44f8-aff2-ca483792ece2" testId="a6f752b1-57d6-18ca-9942-a1422404b0ea" testName="ToModelAudit_LogEntryNull_ArgumentNullException" computerName="DKSR-EFI-06" duration="00:00:00.0009467" startTime="2024-01-09T15:42:12.4508263+01:00" endTime="2024-01-09T15:42:12.4508263+01:00" testType="13cdc9d9-ddb5-4fa4-a97d-d965ccfc6d4b" outcome="Passed" testListId="8c84fa94-04c1-424b-9868-57a2d4851a1d" relativeResultsDirectory="c75571c3-9042-44f8-aff2-ca483792ece2" />
    <UnitTestResult executionId="3d1a89f0-02a0-468d-9690-ab9e49821476" testId="e9a5bcfa-96b9-2f86-1df1-8008cb97bd4b" testName="Encrypt_DataSetIsNull_ThrowsArgumentNullException" computerName="DKSR-EFI-06" duration="00:00:00.0081130" startTime="2024-01-09T15:42:28.0602153+01:00" endTime="2024-01-09T15:42:28.0602153+01:00" testType="13cdc9d9-ddb5-4fa4-a97d-d965ccfc6d4b" outcome="Passed" testListId="8c84fa94-04c1-424b-9868-57a2d4851a1d" relativeResultsDirectory="3d1a89f0-02a0-468d-9690-ab9e49821476">
      <Output>
        <StdOut>Debug Trace:&#xD;
Fail: Argument null</StdOut>
      </Output>
    </UnitTestResult>
    <UnitTestResult executionId="49aea5ed-3c3d-4947-a1aa-4acc886215ca" testId="9a37961d-285f-d717-1fca-052a6bf88ce6" testName="PrepareMoveHardwareResponseModel_NoValuesSet_ValidationFailure" computerName="DKSR-EFI-06" duration="00:00:00.0014866" startTime="2024-01-09T15:42:10.5758215+01:00" endTime="2024-01-09T15:42:10.5758215+01:00" testType="13cdc9d9-ddb5-4fa4-a97d-d965ccfc6d4b" outcome="Passed" testListId="8c84fa94-04c1-424b-9868-57a2d4851a1d" relativeResultsDirectory="49aea5ed-3c3d-4947-a1aa-4acc886215ca" />
    <UnitTestResult executionId="9a851327-0ffa-450d-bc17-5b2bd3a7d105" testId="d41a20ca-3a88-ad11-857b-ea12754fccb3" testName="Invoke_RequiredScopeNotFoundNoClaimsExists_403" computerName="DKSR-EFI-06" duration="00:00:00.0025023" startTime="2024-01-09T15:42:11.0601980+01:00" endTime="2024-01-09T15:42:11.0601980+01:00" testType="13cdc9d9-ddb5-4fa4-a97d-d965ccfc6d4b" outcome="Passed" testListId="8c84fa94-04c1-424b-9868-57a2d4851a1d" relativeResultsDirectory="9a851327-0ffa-450d-bc17-5b2bd3a7d105" />
    <UnitTestResult executionId="2c416c6e-6820-41dc-b71d-387d21c225ff" testId="e62fee80-9dfe-a687-8358-e8b2265e2f86" testName="SendOnlyEndpointWithReturnType_NoError_TaskIsExecutedAndCorrectResponseReceived" computerName="DKSR-EFI-06" duration="00:00:00.0244718" startTime="2024-01-09T15:42:01.3414088+01:00" endTime="2024-01-09T15:42:01.3726596+01:00" testType="13cdc9d9-ddb5-4fa4-a97d-d965ccfc6d4b" outcome="Passed" testListId="8c84fa94-04c1-424b-9868-57a2d4851a1d" relativeResultsDirectory="2c416c6e-6820-41dc-b71d-387d21c225ff" />
    <UnitTestResult executionId="527ed26d-65e6-4eb3-a51d-1ac153e15049" testId="529ab322-0d52-af5d-bafc-7e74ba8c39bd" testName="AddRange_ThrowsArgumentNullException_OnNullAsRange" computerName="DKSR-EFI-06" duration="00:00:00.0008579" startTime="2024-01-09T15:42:26.6695889+01:00" endTime="2024-01-09T15:42:26.6695889+01:00" testType="13cdc9d9-ddb5-4fa4-a97d-d965ccfc6d4b" outcome="Passed" testListId="8c84fa94-04c1-424b-9868-57a2d4851a1d" relativeResultsDirectory="527ed26d-65e6-4eb3-a51d-1ac153e15049" />
    <UnitTestResult executionId="7ec9b1b6-28f1-4299-8434-7f1a08ac1285" testId="0c10a380-a25b-0db6-28d6-c785dac662f9" testName="HttpClientCommunicatorWrapper_PatchAsync_CommunicationException" computerName="DKSR-EFI-06" duration="00:00:00.0008622" startTime="2024-01-09T15:42:11.2789486+01:00" endTime="2024-01-09T15:42:11.2789486+01:00" testType="13cdc9d9-ddb5-4fa4-a97d-d965ccfc6d4b" outcome="Passed" testListId="8c84fa94-04c1-424b-9868-57a2d4851a1d" relativeResultsDirectory="7ec9b1b6-28f1-4299-8434-7f1a08ac1285" />
    <UnitTestResult executionId="c157d484-9eef-4f3b-bee4-0696e727f6e0" testId="f68843e7-158e-831f-4c10-632acd4e930e" testName="Validate_PartialMatch_Found_MiddleOfWord_MixedCase_Success" computerName="DKSR-EFI-06" duration="00:00:00.0002262" startTime="2024-01-09T15:42:26.6227140+01:00" endTime="2024-01-09T15:42:26.6227140+01:00" testType="13cdc9d9-ddb5-4fa4-a97d-d965ccfc6d4b" outcome="Passed" testListId="8c84fa94-04c1-424b-9868-57a2d4851a1d" relativeResultsDirectory="c157d484-9eef-4f3b-bee4-0696e727f6e0" />
    <UnitTestResult executionId="3728bd89-7420-44cd-a6f5-fcfe6df4c90f" testId="495036c3-cfd8-5fa6-0414-8ddfdb6b52f2" testName="Construct_LicenseActivationService_NullUri_ThrowsArgumentNullException" computerName="DKSR-EFI-06" duration="00:00:00.0006801" startTime="2024-01-09T15:42:18.5290013+01:00" endTime="2024-01-09T15:42:18.5290013+01:00" testType="13cdc9d9-ddb5-4fa4-a97d-d965ccfc6d4b" outcome="Passed" testListId="8c84fa94-04c1-424b-9868-57a2d4851a1d" relativeResultsDirectory="3728bd89-7420-44cd-a6f5-fcfe6df4c90f" />
    <UnitTestResult executionId="2cc66e5b-dec2-4548-9348-270f2e154590" testId="92164469-7e24-648d-869e-3cfcc71a208f" testName="ReadIdentityFromCache_NullSid" computerName="DKSR-EFI-06" duration="00:00:00.0003702" startTime="2024-01-09T15:42:29.6539651+01:00" endTime="2024-01-09T15:42:29.6539651+01:00" testType="13cdc9d9-ddb5-4fa4-a97d-d965ccfc6d4b" outcome="Passed" testListId="8c84fa94-04c1-424b-9868-57a2d4851a1d" relativeResultsDirectory="2cc66e5b-dec2-4548-9348-270f2e154590" />
    <UnitTestResult executionId="5553601c-89e1-4e8e-acc4-cb6a38788b75" testId="1d0eb2d7-e1ad-2995-ad2b-c85a311e7a96" testName="IsEnumerationValueAac_ReturnFalse_OnNull" computerName="DKSR-EFI-06" duration="00:00:00.0003692" startTime="2024-01-09T15:42:26.8570885+01:00" endTime="2024-01-09T15:42:26.8570885+01:00" testType="13cdc9d9-ddb5-4fa4-a97d-d965ccfc6d4b" outcome="Passed" testListId="8c84fa94-04c1-424b-9868-57a2d4851a1d" relativeResultsDirectory="5553601c-89e1-4e8e-acc4-cb6a38788b75" />
    <UnitTestResult executionId="90deebd7-1381-474e-813d-a4d784186772" testId="489d5e8d-5982-d194-60e7-73cf7a62a831" testName="Mac_Address_Empty_Test_False_3" computerName="DKSR-EFI-06" duration="00:00:00.0000914" startTime="2024-01-09T15:42:26.5133407+01:00" endTime="2024-01-09T15:42:26.5133407+01:00" testType="13cdc9d9-ddb5-4fa4-a97d-d965ccfc6d4b" outcome="Passed" testListId="8c84fa94-04c1-424b-9868-57a2d4851a1d" relativeResultsDirectory="90deebd7-1381-474e-813d-a4d784186772" />
    <UnitTestResult executionId="ff7ca6a0-0ecb-45ad-a1cc-e015c6fd13e0" testId="37c76a2d-da00-b26e-5d0f-cdec68812b5d" testName="ReadAttributeAsInt32_RangeCheck_Min_Exact" computerName="DKSR-EFI-06" duration="00:00:00.0002258" startTime="2024-01-09T15:42:03.9664241+01:00" endTime="2024-01-09T15:42:03.9664241+01:00" testType="13cdc9d9-ddb5-4fa4-a97d-d965ccfc6d4b" outcome="Passed" testListId="8c84fa94-04c1-424b-9868-57a2d4851a1d" relativeResultsDirectory="ff7ca6a0-0ecb-45ad-a1cc-e015c6fd13e0" />
    <UnitTestResult executionId="fccc3f05-2deb-4b12-ae26-33f1de9d8408" testId="eb56fa7e-ad9f-5573-6c6c-1c73aa622acd" testName="CreateHttpUri_NoSchemeWithPort_UseDefaultPortTrue_BecomesHttpPort80" computerName="DKSR-EFI-06" duration="00:00:00.0002388" startTime="2024-01-09T15:42:29.1852142+01:00" endTime="2024-01-09T15:42:29.1852142+01:00" testType="13cdc9d9-ddb5-4fa4-a97d-d965ccfc6d4b" outcome="Passed" testListId="8c84fa94-04c1-424b-9868-57a2d4851a1d" relativeResultsDirectory="fccc3f05-2deb-4b12-ae26-33f1de9d8408" />
    <UnitTestResult executionId="8e26de3e-ab8f-442a-a8d5-6f703bac3f56" testId="00254559-e169-8ef2-c047-eead4df50c27" testName="UpdateLicenseCount_DriverAndModelNotInWhiteList_ReturnsFalseAndChannelLicenseCountIsOne" computerName="DKSR-EFI-06" duration="00:00:00.0004215" startTime="2024-01-09T15:42:18.5290013+01:00" endTime="2024-01-09T15:42:18.5290013+01:00" testType="13cdc9d9-ddb5-4fa4-a97d-d965ccfc6d4b" outcome="Passed" testListId="8c84fa94-04c1-424b-9868-57a2d4851a1d" relativeResultsDirectory="8e26de3e-ab8f-442a-a8d5-6f703bac3f56" />
    <UnitTestResult executionId="daaf1024-8d62-4311-a86b-56add1000241" testId="19d0bcdc-5dab-a23a-f989-5306773408ba" testName="ServiceDiscoveryEngine_CommunicationConfirmed_ServiceNotFound" computerName="DKSR-EFI-06" duration="00:00:00.0029167" startTime="2024-01-09T15:42:12.7633286+01:00" endTime="2024-01-09T15:42:12.7633286+01:00" testType="13cdc9d9-ddb5-4fa4-a97d-d965ccfc6d4b" outcome="Passed" testListId="8c84fa94-04c1-424b-9868-57a2d4851a1d" relativeResultsDirectory="daaf1024-8d62-4311-a86b-56add1000241" />
    <UnitTestResult executionId="6e9db086-bf86-4181-b2ae-6af9713870d6" testId="3df4bdd4-e0fd-1680-8425-586d8edf641e" testName="Mac_Address_Empty_Test_True_1" computerName="DKSR-EFI-06" duration="00:00:00.0008297" startTime="2024-01-09T15:42:26.4977155+01:00" endTime="2024-01-09T15:42:26.4977155+01:00" testType="13cdc9d9-ddb5-4fa4-a97d-d965ccfc6d4b" outcome="Passed" testListId="8c84fa94-04c1-424b-9868-57a2d4851a1d" relativeResultsDirectory="6e9db086-bf86-4181-b2ae-6af9713870d6" />
    <UnitTestResult executionId="73a19313-2eec-4dcb-9b83-45f589967e09" testId="ca35c9c3-001f-638b-cf1a-12403b970196" testName="Call_HttpPost_InvalidParam_UriRelative_ThrowsArgumentException" computerName="DKSR-EFI-06" duration="00:00:00.0012488" startTime="2024-01-09T15:42:28.9039655+01:00" endTime="2024-01-09T15:42:28.9195897+01:00" testType="13cdc9d9-ddb5-4fa4-a97d-d965ccfc6d4b" outcome="Passed" testListId="8c84fa94-04c1-424b-9868-57a2d4851a1d" relativeResultsDirectory="73a19313-2eec-4dcb-9b83-45f589967e09" />
    <UnitTestResult executionId="13188334-5512-48bc-b8d2-723d8282633d" testId="b4effb3d-cc26-3654-999a-ddddff047e3e" testName="GetUnknownEventName" computerName="DKSR-EFI-06" duration="00:00:00.0007478" startTime="2024-01-09T15:42:26.9664642+01:00" endTime="2024-01-09T15:42:26.9664642+01:00" testType="13cdc9d9-ddb5-4fa4-a97d-d965ccfc6d4b" outcome="Passed" testListId="8c84fa94-04c1-424b-9868-57a2d4851a1d" relativeResultsDirectory="13188334-5512-48bc-b8d2-723d8282633d" />
    <UnitTestResult executionId="0888269c-5e2f-4bd9-a9ee-c7fb4fd84127" testId="cc4d39a4-535b-e6c0-60e2-26d98716b63d" testName="Index_RemoveEntry_Removes_Specified_Item" computerName="DKSR-EFI-06" duration="00:00:00.0008829" startTime="2024-01-09T15:42:04.2476742+01:00" endTime="2024-01-09T15:42:04.2476742+01:00" testType="13cdc9d9-ddb5-4fa4-a97d-d965ccfc6d4b" outcome="Passed" testListId="8c84fa94-04c1-424b-9868-57a2d4851a1d" relativeResultsDirectory="0888269c-5e2f-4bd9-a9ee-c7fb4fd84127" />
    <UnitTestResult executionId="66b5240f-f29f-41ce-9903-6465c82aa0aa" testId="618706d2-7899-9b7b-ba2a-094e454958cf" testName="SystemSettingTableAdapter_Encrypt_Handle_No_Settings" computerName="DKSR-EFI-06" duration="00:00:00.0053543" startTime="2024-01-09T15:42:28.5914663+01:00" endTime="2024-01-09T15:42:28.5914663+01:00" testType="13cdc9d9-ddb5-4fa4-a97d-d965ccfc6d4b" outcome="Passed" testListId="8c84fa94-04c1-424b-9868-57a2d4851a1d" relativeResultsDirectory="66b5240f-f29f-41ce-9903-6465c82aa0aa" />
    <UnitTestResult executionId="be35d54b-d7a1-41a1-b17c-e52b69dc8d53" testId="69f33621-cf63-0045-c6b8-318fe0216f67" testName="IsValidByteString_InvalidStrings_Return_False" computerName="DKSR-EFI-06" duration="00:00:00.0001362" startTime="2024-01-09T15:42:29.4977135+01:00" endTime="2024-01-09T15:42:29.4977135+01:00" testType="13cdc9d9-ddb5-4fa4-a97d-d965ccfc6d4b" outcome="Passed" testListId="8c84fa94-04c1-424b-9868-57a2d4851a1d" relativeResultsDirectory="be35d54b-d7a1-41a1-b17c-e52b69dc8d53" />
    <UnitTestResult executionId="7edc383d-3f58-40cd-8114-eed35f4f8285" testId="cc1496ac-98ef-5f01-e5e9-07c7ee6aa21b" testName="GetReplacementLimit_ReturnsDefault0Limit_OnNoReplacementLimitInLicense" computerName="DKSR-EFI-06" duration="00:00:00.0034248" startTime="2024-01-09T15:42:26.1070914+01:00" endTime="2024-01-09T15:42:26.1070914+01:00" testType="13cdc9d9-ddb5-4fa4-a97d-d965ccfc6d4b" outcome="Passed" testListId="8c84fa94-04c1-424b-9868-57a2d4851a1d" relativeResultsDirectory="7edc383d-3f58-40cd-8114-eed35f4f8285" />
    <UnitTestResult executionId="aa96b4c9-df7b-4a5b-8c03-13cd2c18bc01" testId="0762ed34-4c9f-3d65-f424-2bc4f40fe600" testName="Mac_Address_Empty_Test_True_3" computerName="DKSR-EFI-06" duration="00:00:00.0001066" startTime="2024-01-09T15:42:26.5133407+01:00" endTime="2024-01-09T15:42:26.5133407+01:00" testType="13cdc9d9-ddb5-4fa4-a97d-d965ccfc6d4b" outcome="Passed" testListId="8c84fa94-04c1-424b-9868-57a2d4851a1d" relativeResultsDirectory="aa96b4c9-df7b-4a5b-8c03-13cd2c18bc01" />
    <UnitTestResult executionId="c518332b-b15c-4d66-abe8-48ca42f3a0d7" testId="c0ed7c55-f872-0c35-b261-4eb353a0c177" testName="WhiteList_CreateInstanceWithoutMaximumChannelCountParameter_RaisesArgumentException" computerName="DKSR-EFI-06" duration="00:00:00.0007556" startTime="2024-01-09T15:42:26.4195896+01:00" endTime="2024-01-09T15:42:26.4195896+01:00" testType="13cdc9d9-ddb5-4fa4-a97d-d965ccfc6d4b" outcome="Passed" testListId="8c84fa94-04c1-424b-9868-57a2d4851a1d" relativeResultsDirectory="c518332b-b15c-4d66-abe8-48ca42f3a0d7" />
    <UnitTestResult executionId="bd5c2881-c2eb-404e-b3a7-fc50c2dda15f" testId="7b7920ef-bfb2-6f69-e68b-5476eb9595cf" testName="ServiceDiscovery_SendAsync_CommunicationError_HttpRequestException" computerName="DKSR-EFI-06" duration="00:00:00.0023305" startTime="2024-01-09T15:42:01.6851634+01:00" endTime="2024-01-09T15:42:01.6851634+01:00" testType="13cdc9d9-ddb5-4fa4-a97d-d965ccfc6d4b" outcome="Passed" testListId="8c84fa94-04c1-424b-9868-57a2d4851a1d" relativeResultsDirectory="bd5c2881-c2eb-404e-b3a7-fc50c2dda15f" />
    <UnitTestResult executionId="63e72421-7d9a-4f57-9198-5e8698940bc1" testId="596a5c3c-35ff-af51-fc81-aafd59c18aba" testName="ModelValidation_RequiredPropertiesAreNull_Failed" computerName="DKSR-EFI-06" duration="00:00:00.0020579" startTime="2024-01-09T15:42:12.2945743+01:00" endTime="2024-01-09T15:42:12.2945743+01:00" testType="13cdc9d9-ddb5-4fa4-a97d-d965ccfc6d4b" outcome="Passed" testListId="8c84fa94-04c1-424b-9868-57a2d4851a1d" relativeResultsDirectory="63e72421-7d9a-4f57-9198-5e8698940bc1" />
    <UnitTestResult executionId="b69731c4-4539-4ac3-a20f-99fe0b9688ef" testId="c5e813fd-3aed-02c3-2a3b-79c4d524cf83" testName="HardwareInfo_HasEnabledCameras_ReturnsFalseWhenNoEnabledCameras" computerName="DKSR-EFI-06" duration="00:00:00.0003650" startTime="2024-01-09T15:42:18.4820847+01:00" endTime="2024-01-09T15:42:18.4820847+01:00" testType="13cdc9d9-ddb5-4fa4-a97d-d965ccfc6d4b" outcome="Passed" testListId="8c84fa94-04c1-424b-9868-57a2d4851a1d" relativeResultsDirectory="b69731c4-4539-4ac3-a20f-99fe0b9688ef" />
    <UnitTestResult executionId="c9be17a6-ea89-47db-a910-ddecc379bd70" testId="c8ff60b9-9989-9412-d124-69367b7f7153" testName="LicenseActivationService_AcquireLicense_GenericError" computerName="DKSR-EFI-06" duration="00:00:00.0018654" startTime="2024-01-09T15:42:18.7789613+01:00" endTime="2024-01-09T15:42:18.7945866+01:00" testType="13cdc9d9-ddb5-4fa4-a97d-d965ccfc6d4b" outcome="Passed" testListId="8c84fa94-04c1-424b-9868-57a2d4851a1d" relativeResultsDirectory="c9be17a6-ea89-47db-a910-ddecc379bd70" />
    <UnitTestResult executionId="92bd9fc5-9342-43e6-b8a2-58056eb33d32" testId="04a33173-dd27-f87b-e142-49d4c8f0a54d" testName="EnableCameraIndexes_ReturnEmptyArray" computerName="DKSR-EFI-06" duration="00:00:00.0005475" startTime="2024-01-09T15:42:18.4195850+01:00" endTime="2024-01-09T15:42:18.4195850+01:00" testType="13cdc9d9-ddb5-4fa4-a97d-d965ccfc6d4b" outcome="Passed" testListId="8c84fa94-04c1-424b-9868-57a2d4851a1d" relativeResultsDirectory="92bd9fc5-9342-43e6-b8a2-58056eb33d32" />
    <UnitTestResult executionId="fcc5c52d-16b0-4f4d-886f-fe733c27c710" testId="7dc6969e-8bf0-b82c-f625-3bdb02560a04" testName="ReadChildElementValueAsBoolean_SunnyDayTrue" computerName="DKSR-EFI-06" duration="00:00:00.0011569" startTime="2024-01-09T15:42:03.9195486+01:00" endTime="2024-01-09T15:42:03.9195486+01:00" testType="13cdc9d9-ddb5-4fa4-a97d-d965ccfc6d4b" outcome="Passed" testListId="8c84fa94-04c1-424b-9868-57a2d4851a1d" relativeResultsDirectory="fcc5c52d-16b0-4f4d-886f-fe733c27c710" />
    <UnitTestResult executionId="341f24d0-bf92-4425-a8fe-3113ea13ade6" testId="5f0f39e0-02c6-e3b5-e154-38435b45d473" testName="TestEmptyStringLength" computerName="DKSR-EFI-06" duration="00:00:00.0060649" startTime="2024-01-09T15:42:04.4664525+01:00" endTime="2024-01-09T15:42:04.4820511+01:00" testType="13cdc9d9-ddb5-4fa4-a97d-d965ccfc6d4b" outcome="Passed" testListId="8c84fa94-04c1-424b-9868-57a2d4851a1d" relativeResultsDirectory="341f24d0-bf92-4425-a8fe-3113ea13ade6">
      <Output>
        <StdOut>Debug Trace:&#xD;
Fail: max password length should be &gt; 1</StdOut>
      </Output>
    </UnitTestResult>
    <UnitTestResult executionId="8877e5a7-45d0-4a12-97b5-3a7316de3375" testId="c02ab29f-3331-6766-53a1-8a60ae70c4ae" testName="CreateHardwareLicenseCountEvaluatorChannel_CallUpdateLicenseInfo_NotInDriverWhiteList_ReturnsFalseAndChannelLicenseCountIsOne" computerName="DKSR-EFI-06" duration="00:00:00.0017828" startTime="2024-01-09T15:42:18.5133353+01:00" endTime="2024-01-09T15:42:18.5133353+01:00" testType="13cdc9d9-ddb5-4fa4-a97d-d965ccfc6d4b" outcome="Passed" testListId="8c84fa94-04c1-424b-9868-57a2d4851a1d" relativeResultsDirectory="8877e5a7-45d0-4a12-97b5-3a7316de3375" />
    <UnitTestResult executionId="beea2d33-14a0-4fe9-8a40-ef228b88c4d9" testId="04e643a7-89d4-d018-807c-d021b86f66a0" testName="HttpClientCommunicatorWrapper_PatchTObj_CommunicationException" computerName="DKSR-EFI-06" duration="00:00:00.0009073" startTime="2024-01-09T15:42:11.2789486+01:00" endTime="2024-01-09T15:42:11.2789486+01:00" testType="13cdc9d9-ddb5-4fa4-a97d-d965ccfc6d4b" outcome="Passed" testListId="8c84fa94-04c1-424b-9868-57a2d4851a1d" relativeResultsDirectory="beea2d33-14a0-4fe9-8a40-ef228b88c4d9" />
    <UnitTestResult executionId="26a879a0-20bc-47b0-af04-ea4befb68e0c" testId="39a4f34f-7990-b8b1-f796-816144ab7f6f" testName="ServiceContainer_GetRequiredService_ServiceNotRegistered_ThrowsInvalidOperationException" computerName="DKSR-EFI-06" duration="00:00:00.0598434" startTime="2024-01-09T15:42:01.7007862+01:00" endTime="2024-01-09T15:42:01.7632882+01:00" testType="13cdc9d9-ddb5-4fa4-a97d-d965ccfc6d4b" outcome="Passed" testListId="8c84fa94-04c1-424b-9868-57a2d4851a1d" relativeResultsDirectory="26a879a0-20bc-47b0-af04-ea4befb68e0c" />
    <UnitTestResult executionId="3e746caf-4ca0-4a9c-8472-d5ddf44637d3" testId="35417e9f-65af-e858-a191-68ecabdeb63c" testName="AddressIntervalSelections_SerializationTest" computerName="DKSR-EFI-06" duration="00:00:00.2993673" startTime="2024-01-09T15:42:03.3257940+01:00" endTime="2024-01-09T15:42:03.6226716+01:00" testType="13cdc9d9-ddb5-4fa4-a97d-d965ccfc6d4b" outcome="Passed" testListId="8c84fa94-04c1-424b-9868-57a2d4851a1d" relativeResultsDirectory="3e746caf-4ca0-4a9c-8472-d5ddf44637d3" />
    <UnitTestResult executionId="97cb2e98-4c99-42c3-9642-7b4b18609556" testId="7a29bd7f-28eb-ba66-f939-4e9595bb111b" testName="CertificateSelection2_FromCertificateHashString_GoodHash" computerName="DKSR-EFI-06" duration="00:00:00.0013992" startTime="2024-01-09T15:42:29.4664636+01:00" endTime="2024-01-09T15:42:29.4664636+01:00" testType="13cdc9d9-ddb5-4fa4-a97d-d965ccfc6d4b" outcome="Passed" testListId="8c84fa94-04c1-424b-9868-57a2d4851a1d" relativeResultsDirectory="97cb2e98-4c99-42c3-9642-7b4b18609556" />
    <UnitTestResult executionId="3cf52ed0-aac7-4b72-af96-f2a9569c5ff6" testId="dc3f1dae-0567-b3ac-cdd2-b945456beda9" testName="OnActionExecuting_ModelStateInvalid_BadRequest" computerName="DKSR-EFI-06" duration="00:00:00.2690151" startTime="2024-01-09T15:41:59.9508421+01:00" endTime="2024-01-09T15:42:00.2164895+01:00" testType="13cdc9d9-ddb5-4fa4-a97d-d965ccfc6d4b" outcome="Passed" testListId="8c84fa94-04c1-424b-9868-57a2d4851a1d" relativeResultsDirectory="3cf52ed0-aac7-4b72-af96-f2a9569c5ff6" />
    <UnitTestResult executionId="9cfc4b3c-8b69-4a8e-87b9-e61ea10af23a" testId="86b90298-7079-4f14-fd5e-ec1d4595e4d7" testName="RulesTableAdapter_ClearUserSid_Twice_InvalidOperationException" computerName="DKSR-EFI-06" duration="00:00:00.0009327" startTime="2024-01-09T15:42:28.5133400+01:00" endTime="2024-01-09T15:42:28.5133400+01:00" testType="13cdc9d9-ddb5-4fa4-a97d-d965ccfc6d4b" outcome="Passed" testListId="8c84fa94-04c1-424b-9868-57a2d4851a1d" relativeResultsDirectory="9cfc4b3c-8b69-4a8e-87b9-e61ea10af23a">
      <Output>
        <StdOut>Debug Trace:&#xD;
Fail: There is no current sid.</StdOut>
      </Output>
    </UnitTestResult>
    <UnitTestResult executionId="7872a35f-a01d-43e0-ad10-3c776e97eb72" testId="9ab4e107-35c8-ac95-d475-7402195487f1" testName="AddRange_ThrowsArgumentNullException_OnNullAsList" computerName="DKSR-EFI-06" duration="00:00:00.0007625" startTime="2024-01-09T15:42:26.6695889+01:00" endTime="2024-01-09T15:42:26.6695889+01:00" testType="13cdc9d9-ddb5-4fa4-a97d-d965ccfc6d4b" outcome="Passed" testListId="8c84fa94-04c1-424b-9868-57a2d4851a1d" relativeResultsDirectory="7872a35f-a01d-43e0-ad10-3c776e97eb72" />
    <UnitTestResult executionId="9aec0a80-ffb6-4b69-96d3-79f451c23d03" testId="8f0453c7-4de9-9feb-8603-63a89ec9dc75" testName="TestSetRegionWithRadiusFillsTheRegions" computerName="DKSR-EFI-06" duration="00:00:00.0008901" startTime="2024-01-09T15:42:27.9352156+01:00" endTime="2024-01-09T15:42:27.9352156+01:00" testType="13cdc9d9-ddb5-4fa4-a97d-d965ccfc6d4b" outcome="Passed" testListId="8c84fa94-04c1-424b-9868-57a2d4851a1d" relativeResultsDirectory="9aec0a80-ffb6-4b69-96d3-79f451c23d03" />
    <UnitTestResult executionId="394efa66-519e-4ae1-9fad-ad9c6b2a0098" testId="440577fe-bdae-f364-680c-6fdc0c90ddc7" testName="PrepareMoveHardwareResponseModel_Validate_Success" computerName="DKSR-EFI-06" duration="00:00:00.0013991" startTime="2024-01-09T15:42:10.5758215+01:00" endTime="2024-01-09T15:42:10.5758215+01:00" testType="13cdc9d9-ddb5-4fa4-a97d-d965ccfc6d4b" outcome="Passed" testListId="8c84fa94-04c1-424b-9868-57a2d4851a1d" relativeResultsDirectory="394efa66-519e-4ae1-9fad-ad9c6b2a0098" />
    <UnitTestResult executionId="017b3404-f755-4f80-a679-d389155b50b9" testId="9dfaa4dc-9a29-76d9-a18b-04fc15ca41a5" testName="StreamsConfiguration_EnsureLiveDefaultAndRecordTreads_No_DefaultLive_And_Record_First_Selected" computerName="DKSR-EFI-06" duration="00:00:00.0074995" startTime="2024-01-09T15:42:10.1851952+01:00" endTime="2024-01-09T15:42:10.1851952+01:00" testType="13cdc9d9-ddb5-4fa4-a97d-d965ccfc6d4b" outcome="Passed" testListId="8c84fa94-04c1-424b-9868-57a2d4851a1d" relativeResultsDirectory="017b3404-f755-4f80-a679-d389155b50b9" />
    <UnitTestResult executionId="adacb540-2eff-4bf4-a284-b9e01b9e27ad" testId="9a3d7926-aee9-936e-569a-d006e336bfcb" testName="CreateInstance_InvalidName_Throws_ArgumentNullException" computerName="DKSR-EFI-06" duration="00:00:00.0006599" startTime="2024-01-09T15:42:26.5758390+01:00" endTime="2024-01-09T15:42:26.5758390+01:00" testType="13cdc9d9-ddb5-4fa4-a97d-d965ccfc6d4b" outcome="Passed" testListId="8c84fa94-04c1-424b-9868-57a2d4851a1d" relativeResultsDirectory="adacb540-2eff-4bf4-a284-b9e01b9e27ad" />
    <UnitTestResult executionId="2820f068-9a43-4ad0-86e6-19faba5ab318" testId="6620f562-0c1b-bb02-0533-faa244f69160" testName="GroupConfigurationAddGroupsOneLevelDeleteOne" computerName="DKSR-EFI-06" duration="00:00:00.0012153" startTime="2024-01-09T15:42:15.1852073+01:00" endTime="2024-01-09T15:42:15.1852073+01:00" testType="13cdc9d9-ddb5-4fa4-a97d-d965ccfc6d4b" outcome="Passed" testListId="8c84fa94-04c1-424b-9868-57a2d4851a1d" relativeResultsDirectory="2820f068-9a43-4ad0-86e6-19faba5ab318" />
    <UnitTestResult executionId="b5d468bd-4ebb-480f-b998-74c5dfd0f17c" testId="a860f282-2bfd-515f-3a93-910c002485cc" testName="HardwareScanProgressResponseModel_NoValuesSet_ValidationFailure" computerName="DKSR-EFI-06" duration="00:00:00.0013802" startTime="2024-01-09T15:42:12.6539535+01:00" endTime="2024-01-09T15:42:12.6539535+01:00" testType="13cdc9d9-ddb5-4fa4-a97d-d965ccfc6d4b" outcome="Passed" testListId="8c84fa94-04c1-424b-9868-57a2d4851a1d" relativeResultsDirectory="b5d468bd-4ebb-480f-b998-74c5dfd0f17c" />
    <UnitTestResult executionId="e783ca1a-443b-47b2-a6c9-62bbc1feafdc" testId="fd4da348-d422-1e3d-8bd6-b982672088ec" testName="DatabaseResponseDiskUsagesModel_Validate_Success" computerName="DKSR-EFI-06" duration="00:00:00.0013120" startTime="2024-01-09T15:42:10.5289456+01:00" endTime="2024-01-09T15:42:10.5289456+01:00" testType="13cdc9d9-ddb5-4fa4-a97d-d965ccfc6d4b" outcome="Passed" testListId="8c84fa94-04c1-424b-9868-57a2d4851a1d" relativeResultsDirectory="e783ca1a-443b-47b2-a6c9-62bbc1feafdc" />
    <UnitTestResult executionId="3dedfbf9-5315-49d6-84d1-ba7172d41f3e" testId="8121adea-c5aa-39d9-99b0-86f22eb76157" testName="CheckAllMIPFiltersKindsTestNotOk4" computerName="DKSR-EFI-06" duration="00:00:00.0001706" startTime="2024-01-09T15:42:15.3727056+01:00" endTime="2024-01-09T15:42:15.3727056+01:00" testType="13cdc9d9-ddb5-4fa4-a97d-d965ccfc6d4b" outcome="Passed" testListId="8c84fa94-04c1-424b-9868-57a2d4851a1d" relativeResultsDirectory="3dedfbf9-5315-49d6-84d1-ba7172d41f3e" />
    <UnitTestResult executionId="dc8405f9-5ff4-46a3-8000-5a600a696cbd" testId="243a38ed-c867-ace0-0aff-40d6ccb324c5" testName="ReadChildElementValueAsUInt32_RangeCheck_Max_Exact" computerName="DKSR-EFI-06" duration="00:00:00.0002247" startTime="2024-01-09T15:42:03.9976733+01:00" endTime="2024-01-09T15:42:03.9976733+01:00" testType="13cdc9d9-ddb5-4fa4-a97d-d965ccfc6d4b" outcome="Passed" testListId="8c84fa94-04c1-424b-9868-57a2d4851a1d" relativeResultsDirectory="dc8405f9-5ff4-46a3-8000-5a600a696cbd" />
    <UnitTestResult executionId="f31bf27c-dff5-469d-b200-0f1f8b4a554b" testId="ce806774-630c-b7f4-5672-ba10a6b0a724" testName="WhiteList_CreateInstanceMaximumChannelCountParameterIsZero_RaisesArgumentException" computerName="DKSR-EFI-06" duration="00:00:00.0006569" startTime="2024-01-09T15:42:26.4195896+01:00" endTime="2024-01-09T15:42:26.4195896+01:00" testType="13cdc9d9-ddb5-4fa4-a97d-d965ccfc6d4b" outcome="Passed" testListId="8c84fa94-04c1-424b-9868-57a2d4851a1d" relativeResultsDirectory="f31bf27c-dff5-469d-b200-0f1f8b4a554b" />
    <UnitTestResult executionId="e23d1d41-7b5d-432e-bfff-11ef0ac08ba4" testId="bff57e0d-62f6-47dd-10e1-7985b12138a8" testName="Create_Mac_Address_Hash_String_Mac" computerName="DKSR-EFI-06" duration="00:00:00.0001584" startTime="2024-01-09T15:42:26.5289645+01:00" endTime="2024-01-09T15:42:26.5289645+01:00" testType="13cdc9d9-ddb5-4fa4-a97d-d965ccfc6d4b" outcome="Passed" testListId="8c84fa94-04c1-424b-9868-57a2d4851a1d" relativeResultsDirectory="e23d1d41-7b5d-432e-bfff-11ef0ac08ba4" />
    <UnitTestResult executionId="a1537d24-b641-4c08-a582-007ae0eb5cd1" testId="7f8fcc03-50e8-ab9b-8c2b-bf9763ab633b" testName="ReadChildElementValueAsUInt16_InvalidData" computerName="DKSR-EFI-06" duration="00:00:00.0004190" startTime="2024-01-09T15:42:04.0289227+01:00" endTime="2024-01-09T15:42:04.0289227+01:00" testType="13cdc9d9-ddb5-4fa4-a97d-d965ccfc6d4b" outcome="Passed" testListId="8c84fa94-04c1-424b-9868-57a2d4851a1d" relativeResultsDirectory="a1537d24-b641-4c08-a582-007ae0eb5cd1" />
    <UnitTestResult executionId="5fdae666-50b5-4cda-9730-c0160064350b" testId="8d948bad-7aae-8437-b7cf-1d0664eecab1" testName="TestMergeGridAreaWithDifferentAspectRatioAreas" computerName="DKSR-EFI-06" duration="00:00:00.0004963" startTime="2024-01-09T15:42:27.8883410+01:00" endTime="2024-01-09T15:42:27.8883410+01:00" testType="13cdc9d9-ddb5-4fa4-a97d-d965ccfc6d4b" outcome="Passed" testListId="8c84fa94-04c1-424b-9868-57a2d4851a1d" relativeResultsDirectory="5fdae666-50b5-4cda-9730-c0160064350b" />
    <UnitTestResult executionId="c9365ff4-a1e6-4a35-a056-af13900fc140" testId="3d79641c-fc7b-517f-c041-301f5aa214bc" testName="ScanResult_ToXmlRemovePasswords_XmlWithoutPasswords" computerName="DKSR-EFI-06" duration="00:00:00.0017765" startTime="2024-01-09T15:42:03.8570459+01:00" endTime="2024-01-09T15:42:03.8570459+01:00" testType="13cdc9d9-ddb5-4fa4-a97d-d965ccfc6d4b" outcome="Passed" testListId="8c84fa94-04c1-424b-9868-57a2d4851a1d" relativeResultsDirectory="c9365ff4-a1e6-4a35-a056-af13900fc140" />
    <UnitTestResult executionId="cc88ea56-5894-4f3e-b624-0421aadf854a" testId="01c58622-6efa-aa23-6527-eb8713168390" testName="HardwareInfo_HasLicensedCameras_ReturnsFalse_WhenWithoutEnabledCamerasWithMatchingLicenseStates" computerName="DKSR-EFI-06" duration="00:00:00.0006737" startTime="2024-01-09T15:42:18.4977097+01:00" endTime="2024-01-09T15:42:18.4977097+01:00" testType="13cdc9d9-ddb5-4fa4-a97d-d965ccfc6d4b" outcome="Passed" testListId="8c84fa94-04c1-424b-9868-57a2d4851a1d" relativeResultsDirectory="cc88ea56-5894-4f3e-b624-0421aadf854a" />
    <UnitTestResult executionId="687af379-131b-4b15-b669-4831314717aa" testId="b68ad0b5-7976-f8aa-6677-e303aa93b712" testName="ExecuteRuleActionsModel_Validate_Success" computerName="DKSR-EFI-06" duration="00:00:00.0046151" startTime="2024-01-09T15:42:10.4977005+01:00" endTime="2024-01-09T15:42:10.5133205+01:00" testType="13cdc9d9-ddb5-4fa4-a97d-d965ccfc6d4b" outcome="Passed" testListId="8c84fa94-04c1-424b-9868-57a2d4851a1d" relativeResultsDirectory="687af379-131b-4b15-b669-4831314717aa" />
    <UnitTestResult executionId="599b2cd2-40c4-457f-86e3-3b64a93be116" testId="4111eddc-fb22-df8c-e639-2bb95b1b0b8d" testName="FeatureManager_FeatureParameterCount_License_Doc_Null" computerName="DKSR-EFI-06" duration="00:00:00.0003462" startTime="2024-01-09T15:42:18.2008360+01:00" endTime="2024-01-09T15:42:18.2008360+01:00" testType="13cdc9d9-ddb5-4fa4-a97d-d965ccfc6d4b" outcome="Passed" testListId="8c84fa94-04c1-424b-9868-57a2d4851a1d" relativeResultsDirectory="599b2cd2-40c4-457f-86e3-3b64a93be116" />
    <UnitTestResult executionId="bfbedda8-cc43-4d41-9cca-43b76fff1fba" testId="b5eece68-50d9-334f-55f7-c7e363a299dc" testName="IsMember_NoProvider" computerName="DKSR-EFI-06" duration="00:00:00.0007368" startTime="2024-01-09T15:42:29.6852141+01:00" endTime="2024-01-09T15:42:29.6852141+01:00" testType="13cdc9d9-ddb5-4fa4-a97d-d965ccfc6d4b" outcome="Passed" testListId="8c84fa94-04c1-424b-9868-57a2d4851a1d" relativeResultsDirectory="bfbedda8-cc43-4d41-9cca-43b76fff1fba" />
    <UnitTestResult executionId="35a138ef-6960-4b21-ae11-6257cb22331d" testId="f51863d4-4c6c-be5d-7493-51a81dd479eb" testName="ServerFileSystemResponseQueryDrivesModel_NoValuesSet_ValidationFailure" computerName="DKSR-EFI-06" duration="00:00:00.0034834" startTime="2024-01-09T15:42:10.5758215+01:00" endTime="2024-01-09T15:42:10.5914460+01:00" testType="13cdc9d9-ddb5-4fa4-a97d-d965ccfc6d4b" outcome="Passed" testListId="8c84fa94-04c1-424b-9868-57a2d4851a1d" relativeResultsDirectory="35a138ef-6960-4b21-ae11-6257cb22331d" />
    <UnitTestResult executionId="423eb243-ed6d-4c2c-a727-a973104f63b6" testId="67de77d8-d5ab-68c8-76d7-1e7dd64ca815" testName="SecurityTokenModel_ValidModel_Success" computerName="DKSR-EFI-06" duration="00:00:00.0016486" startTime="2024-01-09T15:42:12.6070773+01:00" endTime="2024-01-09T15:42:12.6070773+01:00" testType="13cdc9d9-ddb5-4fa4-a97d-d965ccfc6d4b" outcome="Passed" testListId="8c84fa94-04c1-424b-9868-57a2d4851a1d" relativeResultsDirectory="423eb243-ed6d-4c2c-a727-a973104f63b6" />
    <UnitTestResult executionId="8ad35487-42be-4051-88c7-829d08ed6782" testId="f5b2e4ab-f507-135f-4a7c-4bcd2be8b6b1" testName="Test_IsMember_SimpleOneLine" computerName="DKSR-EFI-06" duration="00:00:00.0007118" startTime="2024-01-09T15:42:29.5602135+01:00" endTime="2024-01-09T15:42:29.5602135+01:00" testType="13cdc9d9-ddb5-4fa4-a97d-d965ccfc6d4b" outcome="Passed" testListId="8c84fa94-04c1-424b-9868-57a2d4851a1d" relativeResultsDirectory="8ad35487-42be-4051-88c7-829d08ed6782" />
    <UnitTestResult executionId="bc8aff55-3010-448c-b651-8067acbb66e5" testId="7ed74da4-b7a3-198f-a739-6119e11ecb94" testName="Decrypt_NullCheck" computerName="DKSR-EFI-06" duration="00:00:00.0009100" startTime="2024-01-09T15:42:28.5445901+01:00" endTime="2024-01-09T15:42:28.5445901+01:00" testType="13cdc9d9-ddb5-4fa4-a97d-d965ccfc6d4b" outcome="Passed" testListId="8c84fa94-04c1-424b-9868-57a2d4851a1d" relativeResultsDirectory="bc8aff55-3010-448c-b651-8067acbb66e5" />
    <UnitTestResult executionId="4f30bcef-e0b1-48da-b81f-43bfdcac2896" testId="0f34ea82-4b34-df21-1445-44172f8db22c" testName="CustomLicenseType_FeatureFlagPresentDriversPresentEnabledHardwareButInvalidDriverNoActiveCameras" computerName="DKSR-EFI-06" duration="00:00:00.0005049" startTime="2024-01-09T15:42:18.1227100+01:00" endTime="2024-01-09T15:42:18.1227100+01:00" testType="13cdc9d9-ddb5-4fa4-a97d-d965ccfc6d4b" outcome="Passed" testListId="8c84fa94-04c1-424b-9868-57a2d4851a1d" relativeResultsDirectory="4f30bcef-e0b1-48da-b81f-43bfdcac2896" />
    <UnitTestResult executionId="b19c18e3-6ac6-4a60-92bf-f430acde8040" testId="1d054e10-b9f0-cd43-abb1-c8e31c326452" testName="RulesTableAdapter_SetUserSid_Success" computerName="DKSR-EFI-06" duration="00:00:00.2570730" startTime="2024-01-09T15:42:28.2164660+01:00" endTime="2024-01-09T15:42:28.4820894+01:00" testType="13cdc9d9-ddb5-4fa4-a97d-d965ccfc6d4b" outcome="Passed" testListId="8c84fa94-04c1-424b-9868-57a2d4851a1d" relativeResultsDirectory="b19c18e3-6ac6-4a60-92bf-f430acde8040" />
    <UnitTestResult executionId="4dd7a5f8-cf01-45fd-add0-ae3c899f7dac" testId="bb031d1f-faa6-a46c-4f43-97f06aeca0f3" testName="CreateHardwareLicenseCountEvaluatorChannel_ValidParameters_Success" computerName="DKSR-EFI-06" duration="00:00:00.0008873" startTime="2024-01-09T15:42:18.5133353+01:00" endTime="2024-01-09T15:42:18.5133353+01:00" testType="13cdc9d9-ddb5-4fa4-a97d-d965ccfc6d4b" outcome="Passed" testListId="8c84fa94-04c1-424b-9868-57a2d4851a1d" relativeResultsDirectory="4dd7a5f8-cf01-45fd-add0-ae3c899f7dac" />
    <UnitTestResult executionId="2f850683-440d-4d6b-b7d9-8803cd7fed39" testId="decd45ba-b31d-048b-2c1d-b62c345e6092" testName="CreateHttpUri_NoScheme_UseDefaultPortFalse_BecomesHttpPort80" computerName="DKSR-EFI-06" duration="00:00:00.0001857" startTime="2024-01-09T15:42:29.1695901+01:00" endTime="2024-01-09T15:42:29.1695901+01:00" testType="13cdc9d9-ddb5-4fa4-a97d-d965ccfc6d4b" outcome="Passed" testListId="8c84fa94-04c1-424b-9868-57a2d4851a1d" relativeResultsDirectory="2f850683-440d-4d6b-b7d9-8803cd7fed39" />
    <UnitTestResult executionId="8204b11e-b38e-4a1c-8b73-5fef3d04d9c9" testId="523e5d43-c062-2e7b-0404-39bb33ad5c7f" testName="Send_CancelToken_ExceptionLoggedAndTimeoutExceptionThrown" computerName="DKSR-EFI-06" duration="00:00:00.0100376" startTime="2024-01-09T15:42:01.4664119+01:00" endTime="2024-01-09T15:42:01.4664119+01:00" testType="13cdc9d9-ddb5-4fa4-a97d-d965ccfc6d4b" outcome="Passed" testListId="8c84fa94-04c1-424b-9868-57a2d4851a1d" relativeResultsDirectory="8204b11e-b38e-4a1c-8b73-5fef3d04d9c9" />
    <UnitTestResult executionId="68616945-e9fc-4087-bdcc-68254b138400" testId="015dd19c-21b5-8eca-7e11-71cb1016796e" testName="ServerFileStorage_GetStorage_Success" computerName="DKSR-EFI-06" duration="00:00:00.0010323" startTime="2024-01-09T15:42:09.0914419+01:00" endTime="2024-01-09T15:42:09.0914419+01:00" testType="13cdc9d9-ddb5-4fa4-a97d-d965ccfc6d4b" outcome="Passed" testListId="8c84fa94-04c1-424b-9868-57a2d4851a1d" relativeResultsDirectory="68616945-e9fc-4087-bdcc-68254b138400" />
    <UnitTestResult executionId="54ee8610-d70a-49e5-b9de-e34917953a48" testId="18232368-fc48-4742-f757-931ec3668d3b" testName="SecurityManager_HasDevicePermission_ViewLive_Instance_Allowed" computerName="DKSR-EFI-06" duration="00:00:00.0146626" startTime="2024-01-09T15:42:13.1539564+01:00" endTime="2024-01-09T15:42:13.1695761+01:00" testType="13cdc9d9-ddb5-4fa4-a97d-d965ccfc6d4b" outcome="Passed" testListId="8c84fa94-04c1-424b-9868-57a2d4851a1d" relativeResultsDirectory="54ee8610-d70a-49e5-b9de-e34917953a48" />
    <UnitTestResult executionId="c9ed5b52-eec6-44cf-b1bf-56ba11bd7b91" testId="f6f481c8-5657-b895-2c35-7ef81b526c07" testName="SecurityManager_HasApplicationPermission_StatusApi_Allowed" computerName="DKSR-EFI-06" duration="00:00:00.1116506" startTime="2024-01-09T15:42:13.0290406+01:00" endTime="2024-01-09T15:42:13.1383261+01:00" testType="13cdc9d9-ddb5-4fa4-a97d-d965ccfc6d4b" outcome="Passed" testListId="8c84fa94-04c1-424b-9868-57a2d4851a1d" relativeResultsDirectory="c9ed5b52-eec6-44cf-b1bf-56ba11bd7b91" />
    <UnitTestResult executionId="b8597cbb-0ea3-4e2c-9bde-51e6bc9f5db9" testId="94e8e813-abcf-ce79-d603-8f14a86e9183" testName="GetAggregatedFeeds_ThrowException_WhenNullOrWhiteSpace" computerName="DKSR-EFI-06" duration="00:00:00.0025688" startTime="2024-01-09T15:42:18.3570859+01:00" endTime="2024-01-09T15:42:18.3727093+01:00" testType="13cdc9d9-ddb5-4fa4-a97d-d965ccfc6d4b" outcome="Passed" testListId="8c84fa94-04c1-424b-9868-57a2d4851a1d" relativeResultsDirectory="b8597cbb-0ea3-4e2c-9bde-51e6bc9f5db9" />
    <UnitTestResult executionId="8f80d415-6a30-4010-bdb9-20409734f4ea" testId="d252adb4-e090-bd7b-ab92-ac3b1cb1a962" testName="CreateHttpsUri_EmptyString_ThrowsInvalidOperationException" computerName="DKSR-EFI-06" duration="00:00:00.0007888" startTime="2024-01-09T15:42:29.1539653+01:00" endTime="2024-01-09T15:42:29.1539653+01:00" testType="13cdc9d9-ddb5-4fa4-a97d-d965ccfc6d4b" outcome="Passed" testListId="8c84fa94-04c1-424b-9868-57a2d4851a1d" relativeResultsDirectory="8f80d415-6a30-4010-bdb9-20409734f4ea" />
    <UnitTestResult executionId="d1fa30ef-915e-40de-a7b8-821926d91efb" testId="16023dce-6bbf-b91f-4c41-62bf6f7e7493" testName="CreateInstance_ValidName_InvalidSearchMethod_null_DefaultToPartial" computerName="DKSR-EFI-06" duration="00:00:00.0030834" startTime="2024-01-09T15:42:26.5758390+01:00" endTime="2024-01-09T15:42:26.5914652+01:00" testType="13cdc9d9-ddb5-4fa4-a97d-d965ccfc6d4b" outcome="Passed" testListId="8c84fa94-04c1-424b-9868-57a2d4851a1d" relativeResultsDirectory="d1fa30ef-915e-40de-a7b8-821926d91efb" />
    <UnitTestResult executionId="b2667ced-cdf5-4a55-a756-0bfc05e66cc7" testId="35101b4b-44db-d00f-1bc5-748dd77e1603" testName="LegacyFromXmlEncrypted_ReadLegacyEncryptedCredentials_ConvertToPlainText" computerName="DKSR-EFI-06" duration="00:00:00.0337942" startTime="2024-01-09T15:42:26.8727152+01:00" endTime="2024-01-09T15:42:26.9039657+01:00" testType="13cdc9d9-ddb5-4fa4-a97d-d965ccfc6d4b" outcome="Passed" testListId="8c84fa94-04c1-424b-9868-57a2d4851a1d" relativeResultsDirectory="b2667ced-cdf5-4a55-a756-0bfc05e66cc7" />
    <UnitTestResult executionId="6f5a678e-7464-4427-a8f3-f27ce1776b05" testId="c0a9727d-0bf7-48e8-362a-ed8d26af8f19" testName="WebApiException_DefaultConstruct_Success" computerName="DKSR-EFI-06" duration="00:00:00.0002821" startTime="2024-01-09T15:42:12.9195768+01:00" endTime="2024-01-09T15:42:12.9195768+01:00" testType="13cdc9d9-ddb5-4fa4-a97d-d965ccfc6d4b" outcome="Passed" testListId="8c84fa94-04c1-424b-9868-57a2d4851a1d" relativeResultsDirectory="6f5a678e-7464-4427-a8f3-f27ce1776b05" />
    <UnitTestResult executionId="9186e95a-f528-4584-b15f-dd0244a90212" testId="3c2e5656-c20d-cd81-0dc8-a2c82efba4a6" testName="TestIsRegionIsFilled" computerName="DKSR-EFI-06" duration="00:00:00.0002325" startTime="2024-01-09T15:42:27.9508424+01:00" endTime="2024-01-09T15:42:27.9508424+01:00" testType="13cdc9d9-ddb5-4fa4-a97d-d965ccfc6d4b" outcome="Passed" testListId="8c84fa94-04c1-424b-9868-57a2d4851a1d" relativeResultsDirectory="9186e95a-f528-4584-b15f-dd0244a90212" />
    <UnitTestResult executionId="d5defa62-4837-4199-b104-fa08e3d2de6f" testId="bc9ba54a-2fb5-e003-6574-9e7614ab5c41" testName="GetPresetByKey_ByNameMoreThanOnePreset" computerName="DKSR-EFI-06" duration="00:00:00.0005681" startTime="2024-01-09T15:42:04.6070510+01:00" endTime="2024-01-09T15:42:04.6070510+01:00" testType="13cdc9d9-ddb5-4fa4-a97d-d965ccfc6d4b" outcome="Passed" testListId="8c84fa94-04c1-424b-9868-57a2d4851a1d" relativeResultsDirectory="d5defa62-4837-4199-b104-fa08e3d2de6f" />
    <UnitTestResult executionId="a435a624-d2f6-4dc5-8d53-e9f4e58d9319" testId="4c510a6e-e7c1-d666-698f-9d3f71c9b262" testName="EnsureMacAddressNotEmpty1" computerName="DKSR-EFI-06" duration="00:00:00.0057767" startTime="2024-01-09T15:42:26.8102164+01:00" endTime="2024-01-09T15:42:26.8102164+01:00" testType="13cdc9d9-ddb5-4fa4-a97d-d965ccfc6d4b" outcome="Passed" testListId="8c84fa94-04c1-424b-9868-57a2d4851a1d" relativeResultsDirectory="a435a624-d2f6-4dc5-8d53-e9f4e58d9319" />
    <UnitTestResult executionId="6845ec44-baed-4419-847f-0d7bc697e84a" testId="74c662a2-9433-6990-26ff-4f0fdeee76b7" testName="HttpClientCommunicatorWrapper_SendAsyncTRet_CommunicationException" computerName="DKSR-EFI-06" duration="00:00:00.0012654" startTime="2024-01-09T15:42:11.3570735+01:00" endTime="2024-01-09T15:42:11.3726983+01:00" testType="13cdc9d9-ddb5-4fa4-a97d-d965ccfc6d4b" outcome="Passed" testListId="8c84fa94-04c1-424b-9868-57a2d4851a1d" relativeResultsDirectory="6845ec44-baed-4419-847f-0d7bc697e84a" />
    <UnitTestResult executionId="591b0861-b3f5-4f2c-824a-c7a9149576a4" testId="af89382e-366f-4f51-6a96-ee5e8aed55df" testName="WhiteList_IsDriverWhiteListed_HWWith15EnabledCH5DisabledCH_GlobalMaxChannelCount16_ReturnsFalse" computerName="DKSR-EFI-06" duration="00:00:00.0007251" startTime="2024-01-09T15:42:26.4508399+01:00" endTime="2024-01-09T15:42:26.4664642+01:00" testType="13cdc9d9-ddb5-4fa4-a97d-d965ccfc6d4b" outcome="Passed" testListId="8c84fa94-04c1-424b-9868-57a2d4851a1d" relativeResultsDirectory="591b0861-b3f5-4f2c-824a-c7a9149576a4" />
    <UnitTestResult executionId="ac43ca84-99c3-442d-a7e0-113b9381f12c" testId="4d252ac9-04ed-3b5d-a52f-389829aff074" testName="Send_NonSuccessResponse_BadRequestExceptionThrown" computerName="DKSR-EFI-06" duration="00:00:00.0133521" startTime="2024-01-09T15:42:01.4039106+01:00" endTime="2024-01-09T15:42:01.4195372+01:00" testType="13cdc9d9-ddb5-4fa4-a97d-d965ccfc6d4b" outcome="Passed" testListId="8c84fa94-04c1-424b-9868-57a2d4851a1d" relativeResultsDirectory="ac43ca84-99c3-442d-a7e0-113b9381f12c" />
    <UnitTestResult executionId="2a68dd29-e4a8-4a39-9c5b-db00d5449458" testId="0bfcb691-8cb2-7cf6-89b7-031596f613b8" testName="CreateHttpsUri_EmptyString_PortSpecified_ThrowsInvalidOperationException" computerName="DKSR-EFI-06" duration="00:00:00.0005494" startTime="2024-01-09T15:42:29.1539653+01:00" endTime="2024-01-09T15:42:29.1539653+01:00" testType="13cdc9d9-ddb5-4fa4-a97d-d965ccfc6d4b" outcome="Passed" testListId="8c84fa94-04c1-424b-9868-57a2d4851a1d" relativeResultsDirectory="2a68dd29-e4a8-4a39-9c5b-db00d5449458" />
    <UnitTestResult executionId="45a6ee79-ddca-440e-91ee-45b5a51908bd" testId="06ffcdb4-434f-f606-043a-dbf605c915be" testName="HardwareInfo_HasActivatedCameras_ReturnsTrue_OnSomeCamerasActivated" computerName="DKSR-EFI-06" duration="00:00:00.0003576" startTime="2024-01-09T15:42:18.4664607+01:00" endTime="2024-01-09T15:42:18.4664607+01:00" testType="13cdc9d9-ddb5-4fa4-a97d-d965ccfc6d4b" outcome="Passed" testListId="8c84fa94-04c1-424b-9868-57a2d4851a1d" relativeResultsDirectory="45a6ee79-ddca-440e-91ee-45b5a51908bd" />
    <UnitTestResult executionId="30ca010b-04d0-40a7-b798-9ebe7a81b6b5" testId="18dd14df-198b-49a2-f78f-464042c6d6d3" testName="ModelValidation_RequiredPropertiesAreNull_Failed" computerName="DKSR-EFI-06" duration="00:00:00.0030777" startTime="2024-01-09T15:42:11.9039544+01:00" endTime="2024-01-09T15:42:11.9039544+01:00" testType="13cdc9d9-ddb5-4fa4-a97d-d965ccfc6d4b" outcome="Passed" testListId="8c84fa94-04c1-424b-9868-57a2d4851a1d" relativeResultsDirectory="30ca010b-04d0-40a7-b798-9ebe7a81b6b5" />
    <UnitTestResult executionId="a663e7d8-989d-496f-8ae6-e2f609b8e41c" testId="9830fed0-f3b1-1013-83a1-2f51def4ecef" testName="GetPresetByKey_ByNumberOnlyOnePreset" computerName="DKSR-EFI-06" duration="00:00:00.0008300" startTime="2024-01-09T15:42:04.6070510+01:00" endTime="2024-01-09T15:42:04.6070510+01:00" testType="13cdc9d9-ddb5-4fa4-a97d-d965ccfc6d4b" outcome="Passed" testListId="8c84fa94-04c1-424b-9868-57a2d4851a1d" relativeResultsDirectory="a663e7d8-989d-496f-8ae6-e2f609b8e41c" />
    <UnitTestResult executionId="99022af5-13c5-42a7-9b71-8f4df32a0c17" testId="3d8963fa-aca3-0469-1259-08f2b2242a49" testName="WhiteList_IsModelWhiteListed_HWWith15EnabledCH5DisabledCH_GlobalMaxChannelCount16_ReturnsFalse" computerName="DKSR-EFI-06" duration="00:00:00.0007418" startTime="2024-01-09T15:42:26.4820894+01:00" endTime="2024-01-09T15:42:26.4820894+01:00" testType="13cdc9d9-ddb5-4fa4-a97d-d965ccfc6d4b" outcome="Passed" testListId="8c84fa94-04c1-424b-9868-57a2d4851a1d" relativeResultsDirectory="99022af5-13c5-42a7-9b71-8f4df32a0c17" />
    <UnitTestResult executionId="307c8cb1-1e11-476b-8531-982787887a0c" testId="80319ecc-fd7d-1ddc-9587-c87744ed0a84" testName="RecurringSchedule_GetNextScheduleTime_Monthly_Every_10th_At_4_00" computerName="DKSR-EFI-06" duration="00:00:00.0044326" startTime="2024-01-09T15:42:13.7633290+01:00" endTime="2024-01-09T15:42:13.7789533+01:00" testType="13cdc9d9-ddb5-4fa4-a97d-d965ccfc6d4b" outcome="Passed" testListId="8c84fa94-04c1-424b-9868-57a2d4851a1d" relativeResultsDirectory="307c8cb1-1e11-476b-8531-982787887a0c" />
    <UnitTestResult executionId="b5284fa5-831d-40a5-8232-6bde05b8c462" testId="170cfc08-636a-63ed-5221-e2262930e959" testName="ConvertStringToPort_Port0_Returns65535" computerName="DKSR-EFI-06" duration="00:00:00.0001246" startTime="2024-01-09T15:42:29.2789651+01:00" endTime="2024-01-09T15:42:29.2789651+01:00" testType="13cdc9d9-ddb5-4fa4-a97d-d965ccfc6d4b" outcome="Passed" testListId="8c84fa94-04c1-424b-9868-57a2d4851a1d" relativeResultsDirectory="b5284fa5-831d-40a5-8232-6bde05b8c462" />
    <UnitTestResult executionId="64439e39-3985-4ce1-a790-c35361a9c7d0" testId="1816d6f6-bdf0-538b-a698-6f9d2d266160" testName="ReadChildElementValueAsInt32_RangeCheck_Min_Exact" computerName="DKSR-EFI-06" duration="00:00:00.0002221" startTime="2024-01-09T15:42:03.9351727+01:00" endTime="2024-01-09T15:42:03.9351727+01:00" testType="13cdc9d9-ddb5-4fa4-a97d-d965ccfc6d4b" outcome="Passed" testListId="8c84fa94-04c1-424b-9868-57a2d4851a1d" relativeResultsDirectory="64439e39-3985-4ce1-a790-c35361a9c7d0" />
    <UnitTestResult executionId="c4702610-5504-49c4-bf43-482a499e64f9" testId="c3025f79-154d-b3d8-2628-747ede223d4f" testName="PtzPreset_EqualsTo_Change_Locked" computerName="DKSR-EFI-06" duration="00:00:00.0003216" startTime="2024-01-09T15:42:04.6383007+01:00" endTime="2024-01-09T15:42:04.6383007+01:00" testType="13cdc9d9-ddb5-4fa4-a97d-d965ccfc6d4b" outcome="Passed" testListId="8c84fa94-04c1-424b-9868-57a2d4851a1d" relativeResultsDirectory="c4702610-5504-49c4-bf43-482a499e64f9" />
    <UnitTestResult executionId="22018518-605d-4a19-9f78-be9343193535" testId="2bc58ed3-5da8-07de-99f6-7c9466054838" testName="UpdateTotalICPFeedCountsAcrossAllHardware_ThrowsArgumentNullExceptionWhen_Null" computerName="DKSR-EFI-06" duration="00:00:00.0006570" startTime="2024-01-09T15:42:18.3727093+01:00" endTime="2024-01-09T15:42:18.3727093+01:00" testType="13cdc9d9-ddb5-4fa4-a97d-d965ccfc6d4b" outcome="Passed" testListId="8c84fa94-04c1-424b-9868-57a2d4851a1d" relativeResultsDirectory="22018518-605d-4a19-9f78-be9343193535" />
    <UnitTestResult executionId="cef62642-0aa1-431d-bbea-d41308563a28" testId="ec1fcb34-7058-034a-3b55-989749ad663a" testName="Patch_EndPointIsNull_ArgumentNullExceptionThrown" computerName="DKSR-EFI-06" duration="00:00:00.0022103" startTime="2024-01-09T15:42:01.6695362+01:00" endTime="2024-01-09T15:42:01.6851634+01:00" testType="13cdc9d9-ddb5-4fa4-a97d-d965ccfc6d4b" outcome="Passed" testListId="8c84fa94-04c1-424b-9868-57a2d4851a1d" relativeResultsDirectory="cef62642-0aa1-431d-bbea-d41308563a28">
      <Output>
        <StdOut>Debug Trace:&#xD;
Fail: Argument null</StdOut>
      </Output>
    </UnitTestResult>
    <UnitTestResult executionId="5f08d323-e1bc-433f-9bba-5dc39d94bc94" testId="4b8c376f-75d7-d7cb-b623-866d3b076ca2" testName="FeatureManager_GetFeatureParameterValueT_Enum_OutOfRange_Value" computerName="DKSR-EFI-06" duration="00:00:00.0005614" startTime="2024-01-09T15:42:18.2789613+01:00" endTime="2024-01-09T15:42:18.2789613+01:00" testType="13cdc9d9-ddb5-4fa4-a97d-d965ccfc6d4b" outcome="Passed" testListId="8c84fa94-04c1-424b-9868-57a2d4851a1d" relativeResultsDirectory="5f08d323-e1bc-433f-9bba-5dc39d94bc94" />
    <UnitTestResult executionId="33909d0e-dede-457c-9341-e3ebe78a01bb" testId="6e87259d-09b3-67d2-6e70-1aa4e1eba859" testName="Transform_XmlWithEmptyValues" computerName="DKSR-EFI-06" duration="00:00:00.0005558" startTime="2024-01-09T15:42:28.5758392+01:00" endTime="2024-01-09T15:42:28.5758392+01:00" testType="13cdc9d9-ddb5-4fa4-a97d-d965ccfc6d4b" outcome="Passed" testListId="8c84fa94-04c1-424b-9868-57a2d4851a1d" relativeResultsDirectory="33909d0e-dede-457c-9341-e3ebe78a01bb" />
    <UnitTestResult executionId="ef534e59-5950-4671-b460-4c12d2ed35de" testId="b51d282a-fa74-3472-3807-95d6f3d23f2f" testName="ModelValidation_ValidModel_Success" computerName="DKSR-EFI-06" duration="00:00:00.0012596" startTime="2024-01-09T15:42:12.2789501+01:00" endTime="2024-01-09T15:42:12.2789501+01:00" testType="13cdc9d9-ddb5-4fa4-a97d-d965ccfc6d4b" outcome="Passed" testListId="8c84fa94-04c1-424b-9868-57a2d4851a1d" relativeResultsDirectory="ef534e59-5950-4671-b460-4c12d2ed35de" />
    <UnitTestResult executionId="c289e534-75bf-441b-8594-4933e0981bda" testId="050a8e30-3f33-ef3c-5afa-4dff3a785880" testName="Test_MemberOf_Simple2Branched" computerName="DKSR-EFI-06" duration="00:00:00.0011934" startTime="2024-01-09T15:42:29.6383392+01:00" endTime="2024-01-09T15:42:29.6383392+01:00" testType="13cdc9d9-ddb5-4fa4-a97d-d965ccfc6d4b" outcome="Passed" testListId="8c84fa94-04c1-424b-9868-57a2d4851a1d" relativeResultsDirectory="c289e534-75bf-441b-8594-4933e0981bda" />
    <UnitTestResult executionId="96eb2e55-11cf-43ea-8956-1b64cb2c0f7b" testId="804169fe-a6e7-52e2-fbc4-9832811886a8" testName="Index_RemoveKey_RemovesAllItems" computerName="DKSR-EFI-06" duration="00:00:00.0009894" startTime="2024-01-09T15:42:04.2476742+01:00" endTime="2024-01-09T15:42:04.2476742+01:00" testType="13cdc9d9-ddb5-4fa4-a97d-d965ccfc6d4b" outcome="Passed" testListId="8c84fa94-04c1-424b-9868-57a2d4851a1d" relativeResultsDirectory="96eb2e55-11cf-43ea-8956-1b64cb2c0f7b" />
    <UnitTestResult executionId="0c9bd62a-0462-40dd-a3a7-f42df964f116" testId="450be9ae-e2a0-4402-a8f4-7566ef213097" testName="WhiteList_IsModelWhiteListed_HWWith16CH_GlobalMaxChannelCountIs16_ReturnsTrue" computerName="DKSR-EFI-06" duration="00:00:00.0006468" startTime="2024-01-09T15:42:26.4664642+01:00" endTime="2024-01-09T15:42:26.4664642+01:00" testType="13cdc9d9-ddb5-4fa4-a97d-d965ccfc6d4b" outcome="Passed" testListId="8c84fa94-04c1-424b-9868-57a2d4851a1d" relativeResultsDirectory="0c9bd62a-0462-40dd-a3a7-f42df964f116" />
    <UnitTestResult executionId="87b6a319-3ee1-4e43-ae47-18ade3855cbd" testId="21c221f2-16e4-27ff-9a59-45142306ec18" testName="WhiteList_IsModelWhiteListed_HWWith17CH_GlobalMaxChannelCountIs16_ReturnsFalse" computerName="DKSR-EFI-06" duration="00:00:00.0007860" startTime="2024-01-09T15:42:26.4664642+01:00" endTime="2024-01-09T15:42:26.4664642+01:00" testType="13cdc9d9-ddb5-4fa4-a97d-d965ccfc6d4b" outcome="Passed" testListId="8c84fa94-04c1-424b-9868-57a2d4851a1d" relativeResultsDirectory="87b6a319-3ee1-4e43-ae47-18ade3855cbd" />
    <UnitTestResult executionId="45ec69c8-00eb-4c1f-88d6-8ded722b1745" testId="a777bdbc-ba48-36a4-6d58-09596560b308" testName="Index_Ctor_Null_ThrowArgumentNullException" computerName="DKSR-EFI-06" duration="00:00:00.0080692" startTime="2024-01-09T15:42:04.2007996+01:00" endTime="2024-01-09T15:42:04.2164250+01:00" testType="13cdc9d9-ddb5-4fa4-a97d-d965ccfc6d4b" outcome="Passed" testListId="8c84fa94-04c1-424b-9868-57a2d4851a1d" relativeResultsDirectory="45ec69c8-00eb-4c1f-88d6-8ded722b1745">
      <Output>
        <StdOut>Debug Trace:&#xD;
Fail: Argument null&#xD;
Fail: Argument null&#xD;
Fail: Argument null</StdOut>
      </Output>
    </UnitTestResult>
    <UnitTestResult executionId="2a1f9559-ab7a-47d0-af3c-553989f67169" testId="fb8d5c79-58b6-80d1-2a52-920824d60629" testName="CreateInstance_SettingsFileExists_AllowInsecureIsFalse_ReturnsValidInstance" computerName="DKSR-EFI-06" duration="00:00:00.0040103" startTime="2024-01-09T15:42:12.9664517+01:00" endTime="2024-01-09T15:42:12.9820764+01:00" testType="13cdc9d9-ddb5-4fa4-a97d-d965ccfc6d4b" outcome="Passed" testListId="8c84fa94-04c1-424b-9868-57a2d4851a1d" relativeResultsDirectory="2a1f9559-ab7a-47d0-af3c-553989f67169" />
    <UnitTestResult executionId="cf377c65-d449-4fbf-8585-8cfdfdce105e" testId="31e792dd-c6fc-b93a-5ca8-a735cea9d4ad" testName="PtzPresetCollection_SaveXml_Success" computerName="DKSR-EFI-06" duration="00:00:00.0012532" startTime="2024-01-09T15:42:04.5289288+01:00" endTime="2024-01-09T15:42:04.5289288+01:00" testType="13cdc9d9-ddb5-4fa4-a97d-d965ccfc6d4b" outcome="Passed" testListId="8c84fa94-04c1-424b-9868-57a2d4851a1d" relativeResultsDirectory="cf377c65-d449-4fbf-8585-8cfdfdce105e" />
    <UnitTestResult executionId="d5531462-0fd5-4ceb-b37b-3855561561f4" testId="fd3e5ee2-25c5-97ab-467c-294e55f0e400" testName="SendAsync_HttpRequestExceptionThrown_ExceptionLoggedAndCommunicationExceptionThrown" computerName="DKSR-EFI-06" duration="00:00:00.0029728" startTime="2024-01-09T15:42:00.9820346+01:00" endTime="2024-01-09T15:42:00.9820346+01:00" testType="13cdc9d9-ddb5-4fa4-a97d-d965ccfc6d4b" outcome="Passed" testListId="8c84fa94-04c1-424b-9868-57a2d4851a1d" relativeResultsDirectory="d5531462-0fd5-4ceb-b37b-3855561561f4" />
    <UnitTestResult executionId="1d9d8265-4496-49ad-8103-306fe264e8d5" testId="d09163c9-530f-decc-628c-167965354a98" testName="ModelValidation_ValidModel_Success" computerName="DKSR-EFI-06" duration="00:00:00.0030946" startTime="2024-01-09T15:42:12.2945743+01:00" endTime="2024-01-09T15:42:12.2945743+01:00" testType="13cdc9d9-ddb5-4fa4-a97d-d965ccfc6d4b" outcome="Passed" testListId="8c84fa94-04c1-424b-9868-57a2d4851a1d" relativeResultsDirectory="1d9d8265-4496-49ad-8103-306fe264e8d5" />
    <UnitTestResult executionId="ed71a679-408e-425d-bae4-3090071bed6a" testId="85d070a8-e801-beef-49d4-bf90eff55dd0" testName="ChangeSchemeReturnsCorrectUri" computerName="DKSR-EFI-06" duration="00:00:00.0040211" startTime="2024-01-09T15:42:26.6695889+01:00" endTime="2024-01-09T15:42:26.6852142+01:00" testType="13cdc9d9-ddb5-4fa4-a97d-d965ccfc6d4b" outcome="Passed" testListId="8c84fa94-04c1-424b-9868-57a2d4851a1d" relativeResultsDirectory="ed71a679-408e-425d-bae4-3090071bed6a" />
    <UnitTestResult executionId="23238ada-a3ed-40e1-90b8-e8339dd6aa24" testId="90c889fd-1955-6064-1f54-14f8cf703b7f" testName="StreamsConfiguration_ValidateConfiguration_Empty_Stream_Name" computerName="DKSR-EFI-06" duration="00:00:00.0069756" startTime="2024-01-09T15:42:09.6070716+01:00" endTime="2024-01-09T15:42:09.6226949+01:00" testType="13cdc9d9-ddb5-4fa4-a97d-d965ccfc6d4b" outcome="Passed" testListId="8c84fa94-04c1-424b-9868-57a2d4851a1d" relativeResultsDirectory="23238ada-a3ed-40e1-90b8-e8339dd6aa24" />
    <UnitTestResult executionId="ce241981-ac34-4c77-9b81-2c3e5c1a5ae1" testId="37bbb804-337f-bc94-e96d-0128fc365308" testName="ErrorResponseModel_Validate_Success" computerName="DKSR-EFI-06" duration="00:00:00.0011645" startTime="2024-01-09T15:42:12.7164523+01:00" endTime="2024-01-09T15:42:12.7164523+01:00" testType="13cdc9d9-ddb5-4fa4-a97d-d965ccfc6d4b" outcome="Passed" testListId="8c84fa94-04c1-424b-9868-57a2d4851a1d" relativeResultsDirectory="ce241981-ac34-4c77-9b81-2c3e5c1a5ae1" />
    <UnitTestResult executionId="aa22cd37-2561-4766-b0cd-ba01215ffa65" testId="8f58f6be-93f6-8d20-1959-801832527bd4" testName="BaseHtmlLicenseReport_CreateTableHeader_Success" computerName="DKSR-EFI-06" duration="00:00:00.0005296" startTime="2024-01-09T15:42:18.0758341+01:00" endTime="2024-01-09T15:42:18.0758341+01:00" testType="13cdc9d9-ddb5-4fa4-a97d-d965ccfc6d4b" outcome="Passed" testListId="8c84fa94-04c1-424b-9868-57a2d4851a1d" relativeResultsDirectory="aa22cd37-2561-4766-b0cd-ba01215ffa65" />
    <UnitTestResult executionId="f398df87-f97b-419e-80ff-338e02f66e8e" testId="e792bf44-9d89-9fbe-3551-beb82e507424" testName="ProcessMessage_Command_Bulkable_MaxBulkSize_GreaterThan_Commands_InQueue" computerName="DKSR-EFI-06" duration="00:00:00.0025448" startTime="2024-01-09T15:42:17.6070840+01:00" endTime="2024-01-09T15:42:17.6070840+01:00" testType="13cdc9d9-ddb5-4fa4-a97d-d965ccfc6d4b" outcome="Passed" testListId="8c84fa94-04c1-424b-9868-57a2d4851a1d" relativeResultsDirectory="f398df87-f97b-419e-80ff-338e02f66e8e" />
    <UnitTestResult executionId="683c1d8b-7b68-4713-bf89-428794b21b20" testId="f56edd7c-0908-1112-b2f1-a3b7e2877ef7" testName="HardwareScanProgressResponseModel_Validate_Success" computerName="DKSR-EFI-06" duration="00:00:00.0014433" startTime="2024-01-09T15:42:12.6539535+01:00" endTime="2024-01-09T15:42:12.6539535+01:00" testType="13cdc9d9-ddb5-4fa4-a97d-d965ccfc6d4b" outcome="Passed" testListId="8c84fa94-04c1-424b-9868-57a2d4851a1d" relativeResultsDirectory="683c1d8b-7b68-4713-bf89-428794b21b20" />
    <UnitTestResult executionId="9dde2201-a9fb-4253-a73b-e12d084c2372" testId="f474bff3-50ef-be8a-c258-692d366a8a47" testName="EnsureMacAddressUppercase1" computerName="DKSR-EFI-06" duration="00:00:00.0442003" startTime="2024-01-09T15:42:26.7477145+01:00" endTime="2024-01-09T15:42:26.7945898+01:00" testType="13cdc9d9-ddb5-4fa4-a97d-d965ccfc6d4b" outcome="Passed" testListId="8c84fa94-04c1-424b-9868-57a2d4851a1d" relativeResultsDirectory="9dde2201-a9fb-4253-a73b-e12d084c2372" />
    <UnitTestResult executionId="6821f7d9-a490-416b-bd45-15851d28a9d7" testId="1b5ceecc-cb3c-5305-cdbb-87bbe5e0770a" testName="SystemSettingTableAdapter_Encrypt_OtherSettingUnchanged" computerName="DKSR-EFI-06" duration="00:00:00.0019843" startTime="2024-01-09T15:42:28.6070891+01:00" endTime="2024-01-09T15:42:28.6070891+01:00" testType="13cdc9d9-ddb5-4fa4-a97d-d965ccfc6d4b" outcome="Passed" testListId="8c84fa94-04c1-424b-9868-57a2d4851a1d" relativeResultsDirectory="6821f7d9-a490-416b-bd45-15851d28a9d7" />
    <UnitTestResult executionId="d3e384a1-5f79-42d2-965b-a2efc96e665c" testId="1577e01b-61ec-7648-0156-43516217bda3" testName="ReadAttributeAsInt32_SunnyDay" computerName="DKSR-EFI-06" duration="00:00:00.0003980" startTime="2024-01-09T15:42:03.9664241+01:00" endTime="2024-01-09T15:42:03.9664241+01:00" testType="13cdc9d9-ddb5-4fa4-a97d-d965ccfc6d4b" outcome="Passed" testListId="8c84fa94-04c1-424b-9868-57a2d4851a1d" relativeResultsDirectory="d3e384a1-5f79-42d2-965b-a2efc96e665c" />
    <UnitTestResult executionId="612938c9-9de5-4bb4-ad06-a40142c25fc6" testId="2064700c-6f91-e3dc-35f9-2c8f881cad5d" testName="FeatureManager_TryGetFeatureParameterValueT_Int_Invalid_Value" computerName="DKSR-EFI-06" duration="00:00:00.0004881" startTime="2024-01-09T15:42:18.3102109+01:00" endTime="2024-01-09T15:42:18.3102109+01:00" testType="13cdc9d9-ddb5-4fa4-a97d-d965ccfc6d4b" outcome="Passed" testListId="8c84fa94-04c1-424b-9868-57a2d4851a1d" relativeResultsDirectory="612938c9-9de5-4bb4-ad06-a40142c25fc6" />
    <UnitTestResult executionId="9126ab63-5c9a-4355-b293-6ea19532f150" testId="21cb4457-3df9-6638-6de2-c89ff2fbb31c" testName="StreamsConfiguration_ValidateConfiguration_Stream_With_No_Selection" computerName="DKSR-EFI-06" duration="00:00:00.0070861" startTime="2024-01-09T15:42:09.6226949+01:00" endTime="2024-01-09T15:42:09.6226949+01:00" testType="13cdc9d9-ddb5-4fa4-a97d-d965ccfc6d4b" outcome="Passed" testListId="8c84fa94-04c1-424b-9868-57a2d4851a1d" relativeResultsDirectory="9126ab63-5c9a-4355-b293-6ea19532f150" />
    <UnitTestResult executionId="49fdcefe-ef37-4ea3-9bad-e2703cbe26bc" testId="972a74a6-da00-3d42-6671-102dcbc602e4" testName="ProductCodeTest" computerName="DKSR-EFI-06" duration="00:00:00.0013402" startTime="2024-01-09T15:42:15.9195838+01:00" endTime="2024-01-09T15:42:15.9195838+01:00" testType="13cdc9d9-ddb5-4fa4-a97d-d965ccfc6d4b" outcome="Passed" testListId="8c84fa94-04c1-424b-9868-57a2d4851a1d" relativeResultsDirectory="49fdcefe-ef37-4ea3-9bad-e2703cbe26bc" />
    <UnitTestResult executionId="c7d54e90-4838-48e5-9220-404e9a71c91c" testId="5afcb5e0-af35-e05d-b145-6362d94ffff9" testName="QueryDeviceEvidenceLockSizesResponseModel_Validate_Success" computerName="DKSR-EFI-06" duration="00:00:00.0012317" startTime="2024-01-09T15:42:12.6852005+01:00" endTime="2024-01-09T15:42:12.6852005+01:00" testType="13cdc9d9-ddb5-4fa4-a97d-d965ccfc6d4b" outcome="Passed" testListId="8c84fa94-04c1-424b-9868-57a2d4851a1d" relativeResultsDirectory="c7d54e90-4838-48e5-9220-404e9a71c91c" />
    <UnitTestResult executionId="b05328ba-423e-42e9-95a7-bd01724a7103" testId="29e6a9e7-3e4a-82f8-8feb-f8a3ab99e351" testName="CreateHttpUri_HttpsNonDefaultPort_UseDefaultPortFalse_BecomesHttpPort444" computerName="DKSR-EFI-06" duration="00:00:00.0002010" startTime="2024-01-09T15:42:29.1695901+01:00" endTime="2024-01-09T15:42:29.1695901+01:00" testType="13cdc9d9-ddb5-4fa4-a97d-d965ccfc6d4b" outcome="Passed" testListId="8c84fa94-04c1-424b-9868-57a2d4851a1d" relativeResultsDirectory="b05328ba-423e-42e9-95a7-bd01724a7103" />
    <UnitTestResult executionId="80b943e1-136c-4b06-ad28-69bac7f2d8d5" testId="7f454cf7-0d9f-83ad-864f-5a9e4b26106c" testName="CreateHttpsUri_NoScheme_UsePort88_BecomesHttpsPort88" computerName="DKSR-EFI-06" duration="00:00:00.0001848" startTime="2024-01-09T15:42:29.2477141+01:00" endTime="2024-01-09T15:42:29.2477141+01:00" testType="13cdc9d9-ddb5-4fa4-a97d-d965ccfc6d4b" outcome="Passed" testListId="8c84fa94-04c1-424b-9868-57a2d4851a1d" relativeResultsDirectory="80b943e1-136c-4b06-ad28-69bac7f2d8d5" />
    <UnitTestResult executionId="9fde68fd-60df-4aaf-bfd8-d8ab4d4589c3" testId="3803bcca-09d6-ef11-5123-a94a9f43f1eb" testName="CreateInstance_SettingsFileExists_AllowInsecureIsTrue_ReturnsValidInstance" computerName="DKSR-EFI-06" duration="00:00:00.0068302" startTime="2024-01-09T15:42:12.9664517+01:00" endTime="2024-01-09T15:42:12.9664517+01:00" testType="13cdc9d9-ddb5-4fa4-a97d-d965ccfc6d4b" outcome="Passed" testListId="8c84fa94-04c1-424b-9868-57a2d4851a1d" relativeResultsDirectory="9fde68fd-60df-4aaf-bfd8-d8ab4d4589c3" />
    <UnitTestResult executionId="d7304050-02d8-4004-a73a-558d745009fd" testId="7e345f07-c556-d967-79a6-d801b42f883c" testName="StreamsConfiguration_ValidateConfiguration_Two_Recording_Streams_UnknownTrackStreamError" computerName="DKSR-EFI-06" duration="00:00:00.0074407" startTime="2024-01-09T15:42:10.1226981+01:00" endTime="2024-01-09T15:42:10.1226981+01:00" testType="13cdc9d9-ddb5-4fa4-a97d-d965ccfc6d4b" outcome="Passed" testListId="8c84fa94-04c1-424b-9868-57a2d4851a1d" relativeResultsDirectory="d7304050-02d8-4004-a73a-558d745009fd" />
    <UnitTestResult executionId="21e38d75-3abb-424d-9661-9ed5fb7d9c11" testId="241c892b-a0fb-8e5c-8a30-537a8129ceb1" testName="CertificateSelection2_FromCertificateHashString_EmptyString_ReturnNoSelection" computerName="DKSR-EFI-06" duration="00:00:00.0004766" startTime="2024-01-09T15:42:29.4508396+01:00" endTime="2024-01-09T15:42:29.4508396+01:00" testType="13cdc9d9-ddb5-4fa4-a97d-d965ccfc6d4b" outcome="Passed" testListId="8c84fa94-04c1-424b-9868-57a2d4851a1d" relativeResultsDirectory="21e38d75-3abb-424d-9661-9ed5fb7d9c11" />
    <UnitTestResult executionId="2577abb1-8073-4db7-bac3-52be006bbb3a" testId="7bd6a6c4-4b71-1a23-13be-6b3d564ea47f" testName="Validate_PopulateGrid_ValidateOemTextDoesNotExist_Success" computerName="DKSR-EFI-06" duration="00:00:00.0025248" startTime="2024-01-09T15:42:26.3258385+01:00" endTime="2024-01-09T15:42:26.3258385+01:00" testType="13cdc9d9-ddb5-4fa4-a97d-d965ccfc6d4b" outcome="Passed" testListId="8c84fa94-04c1-424b-9868-57a2d4851a1d" relativeResultsDirectory="2577abb1-8073-4db7-bac3-52be006bbb3a" />
    <UnitTestResult executionId="a6dcf95f-2aaf-4766-8626-8eb696754675" testId="940a37fa-9b31-b992-8258-56bfe4d287c2" testName="UpdateRecorderStatus_ValidModel_Success" computerName="DKSR-EFI-06" duration="00:00:00.0009468" startTime="2024-01-09T15:42:12.5758552+01:00" endTime="2024-01-09T15:42:12.5758552+01:00" testType="13cdc9d9-ddb5-4fa4-a97d-d965ccfc6d4b" outcome="Passed" testListId="8c84fa94-04c1-424b-9868-57a2d4851a1d" relativeResultsDirectory="a6dcf95f-2aaf-4766-8626-8eb696754675" />
    <UnitTestResult executionId="460cbee7-9126-4e25-b6fe-8391baa4cf80" testId="a4867ffd-85f1-d5b9-5db4-7d4c34759561" testName="TestIncreaseNumberOfRegionsWithValidFactor" computerName="DKSR-EFI-06" duration="00:00:00.0008888" startTime="2024-01-09T15:42:27.9977141+01:00" endTime="2024-01-09T15:42:27.9977141+01:00" testType="13cdc9d9-ddb5-4fa4-a97d-d965ccfc6d4b" outcome="Passed" testListId="8c84fa94-04c1-424b-9868-57a2d4851a1d" relativeResultsDirectory="460cbee7-9126-4e25-b6fe-8391baa4cf80" />
    <UnitTestResult executionId="de37cdc8-b896-4a74-ad04-74b406aac9ec" testId="3cd3b1b2-53a2-99e7-f269-5b4aa159b5e4" testName="LicenseDocument_IsFeatureLicensed_SmartWallFeatureNotExpired" computerName="DKSR-EFI-06" duration="00:00:00.0015586" startTime="2024-01-09T15:42:26.0445883+01:00" endTime="2024-01-09T15:42:26.0445883+01:00" testType="13cdc9d9-ddb5-4fa4-a97d-d965ccfc6d4b" outcome="Passed" testListId="8c84fa94-04c1-424b-9868-57a2d4851a1d" relativeResultsDirectory="de37cdc8-b896-4a74-ad04-74b406aac9ec" />
    <UnitTestResult executionId="d84b34f4-f3a0-435f-ad34-f35a9add9238" testId="477789a1-1313-bef9-6fb6-2994cb6ca40c" testName="ResponseException_Serialization_DeserializationIsValid" computerName="DKSR-EFI-06" duration="00:00:00.0200952" startTime="2024-01-09T15:42:12.7950914+01:00" endTime="2024-01-09T15:42:12.8102052+01:00" testType="13cdc9d9-ddb5-4fa4-a97d-d965ccfc6d4b" outcome="Passed" testListId="8c84fa94-04c1-424b-9868-57a2d4851a1d" relativeResultsDirectory="d84b34f4-f3a0-435f-ad34-f35a9add9238" />
    <UnitTestResult executionId="d86f4e08-55f3-472d-9b2b-0d103f8f059a" testId="4fc5b303-bc77-1c0a-0834-58d34630be49" testName="StreamsConfiguration_Clear_Success" computerName="DKSR-EFI-06" duration="00:00:00.0010775" startTime="2024-01-09T15:42:09.2789432+01:00" endTime="2024-01-09T15:42:09.2789432+01:00" testType="13cdc9d9-ddb5-4fa4-a97d-d965ccfc6d4b" outcome="Passed" testListId="8c84fa94-04c1-424b-9868-57a2d4851a1d" relativeResultsDirectory="d86f4e08-55f3-472d-9b2b-0d103f8f059a" />
    <UnitTestResult executionId="604d2fc8-8f16-4c6e-b5d5-043d87971148" testId="ee7c26d9-1661-cc07-771d-cd8bc4d30bae" testName="UniqueIndex_AddEntry_Null_ThrowArgumentNullException" computerName="DKSR-EFI-06" duration="00:00:00.0029706" startTime="2024-01-09T15:42:04.1695484+01:00" endTime="2024-01-09T15:42:04.1695484+01:00" testType="13cdc9d9-ddb5-4fa4-a97d-d965ccfc6d4b" outcome="Passed" testListId="8c84fa94-04c1-424b-9868-57a2d4851a1d" relativeResultsDirectory="604d2fc8-8f16-4c6e-b5d5-043d87971148">
      <Output>
        <StdOut>Debug Trace:&#xD;
Fail: Argument null</StdOut>
      </Output>
    </UnitTestResult>
    <UnitTestResult executionId="085c8808-11e8-4eef-9a8c-af0f3c13ed7b" testId="f30d8614-f626-043b-8455-905f5ace7fbe" testName="ModelValidation_RequiredPropertiesAreNull_Failed" computerName="DKSR-EFI-06" duration="00:00:00.0053240" startTime="2024-01-09T15:42:12.3727046+01:00" endTime="2024-01-09T15:42:12.3727046+01:00" testType="13cdc9d9-ddb5-4fa4-a97d-d965ccfc6d4b" outcome="Passed" testListId="8c84fa94-04c1-424b-9868-57a2d4851a1d" relativeResultsDirectory="085c8808-11e8-4eef-9a8c-af0f3c13ed7b" />
    <UnitTestResult executionId="955ecf8b-7873-45fe-a5fb-60e306b3cd20" testId="c65384a1-c9f3-2d21-353b-a4c45057cae7" testName="RefCountedObjectWrapper_ExecuteCallWithRefCountTResult_Sucess" computerName="DKSR-EFI-06" duration="00:00:00.0005197" startTime="2024-01-09T15:42:11.1383230+01:00" endTime="2024-01-09T15:42:11.1383230+01:00" testType="13cdc9d9-ddb5-4fa4-a97d-d965ccfc6d4b" outcome="Passed" testListId="8c84fa94-04c1-424b-9868-57a2d4851a1d" relativeResultsDirectory="955ecf8b-7873-45fe-a5fb-60e306b3cd20" />
    <UnitTestResult executionId="c42b87d7-03cc-4760-a888-439752e26194" testId="ff6c75a8-130a-8924-3015-b235afcf0212" testName="WhiteList_IsHardwareWhiteListed_NotWhiteListed_ReturnsFalse_ChannelLicenseCountIs5" computerName="DKSR-EFI-06" duration="00:00:00.0005252" startTime="2024-01-09T15:42:26.4820894+01:00" endTime="2024-01-09T15:42:26.4820894+01:00" testType="13cdc9d9-ddb5-4fa4-a97d-d965ccfc6d4b" outcome="Passed" testListId="8c84fa94-04c1-424b-9868-57a2d4851a1d" relativeResultsDirectory="c42b87d7-03cc-4760-a888-439752e26194" />
    <UnitTestResult executionId="39c26797-39c1-41de-a686-b440e6a80b27" testId="f679d789-790d-8c95-7867-cc39f97820ab" testName="DatabaseXmlConverter_XmlIdsToGuids_One" computerName="DKSR-EFI-06" duration="00:00:00.0027461" startTime="2024-01-09T15:42:01.9351632+01:00" endTime="2024-01-09T15:42:01.9507905+01:00" testType="13cdc9d9-ddb5-4fa4-a97d-d965ccfc6d4b" outcome="Passed" testListId="8c84fa94-04c1-424b-9868-57a2d4851a1d" relativeResultsDirectory="39c26797-39c1-41de-a686-b440e6a80b27" />
    <UnitTestResult executionId="16cc5b6b-8620-42e4-8e60-c59d67ab854a" testId="0d6e2af5-6eb0-8801-3d1a-a1a6adc43bf5" testName="Misc_Methods" computerName="DKSR-EFI-06" duration="00:00:00.0035661" startTime="2024-01-09T15:42:04.4351740+01:00" endTime="2024-01-09T15:42:04.4351740+01:00" testType="13cdc9d9-ddb5-4fa4-a97d-d965ccfc6d4b" outcome="Passed" testListId="8c84fa94-04c1-424b-9868-57a2d4851a1d" relativeResultsDirectory="16cc5b6b-8620-42e4-8e60-c59d67ab854a" />
    <UnitTestResult executionId="b17f8e0a-e5f8-4159-8ed6-b5be13791bd0" testId="a62cf2d3-360c-f1c5-f4cc-28ea45002ca5" testName="ModelValidation_RequiredPropertiesAreNull_Failed" computerName="DKSR-EFI-06" duration="00:00:00.0027815" startTime="2024-01-09T15:42:12.1695760+01:00" endTime="2024-01-09T15:42:12.1695760+01:00" testType="13cdc9d9-ddb5-4fa4-a97d-d965ccfc6d4b" outcome="Passed" testListId="8c84fa94-04c1-424b-9868-57a2d4851a1d" relativeResultsDirectory="b17f8e0a-e5f8-4159-8ed6-b5be13791bd0" />
    <UnitTestResult executionId="8a18a3d7-c457-4757-b3f9-5ca3aedd8166" testId="5b0b6c0e-fe77-f328-38b6-99d7d47feac9" testName="BaseHtmlLicenseReport_SvgImageLink_WithClass_Success" computerName="DKSR-EFI-06" duration="00:00:00.0001634" startTime="2024-01-09T15:42:18.0758341+01:00" endTime="2024-01-09T15:42:18.0758341+01:00" testType="13cdc9d9-ddb5-4fa4-a97d-d965ccfc6d4b" outcome="Passed" testListId="8c84fa94-04c1-424b-9868-57a2d4851a1d" relativeResultsDirectory="8a18a3d7-c457-4757-b3f9-5ca3aedd8166" />
    <UnitTestResult executionId="086a7f1b-ad27-4971-b14d-1326e5b52507" testId="e69f464d-0771-8709-59a3-16ed804ee258" testName="VersionExtensions_GetVersionDisplayValueNoAscii_Success" computerName="DKSR-EFI-06" duration="00:00:00.0002058" startTime="2024-01-09T15:42:26.7008409+01:00" endTime="2024-01-09T15:42:26.7008409+01:00" testType="13cdc9d9-ddb5-4fa4-a97d-d965ccfc6d4b" outcome="Passed" testListId="8c84fa94-04c1-424b-9868-57a2d4851a1d" relativeResultsDirectory="086a7f1b-ad27-4971-b14d-1326e5b52507" />
    <UnitTestResult executionId="e308f120-5f27-4d25-a6d4-b4dea79e7b11" testId="d51ef439-c9da-9eb7-9c47-8a2b811546f8" testName="DatabaseResponseTrackIdsWithoutMediaOnRecorderModel_NoValuesSet_ValidationFailure" computerName="DKSR-EFI-06" duration="00:00:00.0014346" startTime="2024-01-09T15:42:10.5445708+01:00" endTime="2024-01-09T15:42:10.5445708+01:00" testType="13cdc9d9-ddb5-4fa4-a97d-d965ccfc6d4b" outcome="Passed" testListId="8c84fa94-04c1-424b-9868-57a2d4851a1d" relativeResultsDirectory="e308f120-5f27-4d25-a6d4-b4dea79e7b11" />
    <UnitTestResult executionId="00446edd-46ba-488e-b6ff-d60bdc79b98f" testId="6cf36fc4-07c4-7b32-5293-af5d68c60034" testName="TestShortPasswordGeneration" computerName="DKSR-EFI-06" duration="00:00:00.0002470" startTime="2024-01-09T15:42:04.4820511+01:00" endTime="2024-01-09T15:42:04.4820511+01:00" testType="13cdc9d9-ddb5-4fa4-a97d-d965ccfc6d4b" outcome="Passed" testListId="8c84fa94-04c1-424b-9868-57a2d4851a1d" relativeResultsDirectory="00446edd-46ba-488e-b6ff-d60bdc79b98f" />
    <UnitTestResult executionId="4fddf432-f6f2-4f8f-8e7f-6456117cee66" testId="8a842246-04e9-9315-dc32-79d34f6a6c13" testName="Test_Members_Simple2Branched" computerName="DKSR-EFI-06" duration="00:00:00.0013220" startTime="2024-01-09T15:42:29.6383392+01:00" endTime="2024-01-09T15:42:29.6383392+01:00" testType="13cdc9d9-ddb5-4fa4-a97d-d965ccfc6d4b" outcome="Passed" testListId="8c84fa94-04c1-424b-9868-57a2d4851a1d" relativeResultsDirectory="4fddf432-f6f2-4f8f-8e7f-6456117cee66" />
    <UnitTestResult executionId="4aa6ed82-5a25-4cf0-8574-27c85aa09532" testId="d756f289-d859-d136-2e42-7100f9b20dcb" testName="CalculateLicenseRequirements_LST_Mixed_HBL_CBL_WithDuplicates_CountsLicensesForSingleHardware" computerName="DKSR-EFI-06" duration="00:00:07.0448910" startTime="2024-01-09T15:42:18.8727101+01:00" endTime="2024-01-09T15:42:25.9195886+01:00" testType="13cdc9d9-ddb5-4fa4-a97d-d965ccfc6d4b" outcome="Passed" testListId="8c84fa94-04c1-424b-9868-57a2d4851a1d" relativeResultsDirectory="4aa6ed82-5a25-4cf0-8574-27c85aa09532">
      <Output>
        <StdOut>Calculating 20k HW with 200k Devices took: 1059ms</StdOut>
      </Output>
    </UnitTestResult>
    <UnitTestResult executionId="0d77d18f-0271-4d8c-9920-6b92228e6185" testId="1b1b7bdc-7bdd-260b-d0c7-d371eb7e546d" testName="ScanResult_DeserializationTest" computerName="DKSR-EFI-06" duration="00:00:00.0502278" startTime="2024-01-09T15:42:03.7945473+01:00" endTime="2024-01-09T15:42:03.8414222+01:00" testType="13cdc9d9-ddb5-4fa4-a97d-d965ccfc6d4b" outcome="Passed" testListId="8c84fa94-04c1-424b-9868-57a2d4851a1d" relativeResultsDirectory="0d77d18f-0271-4d8c-9920-6b92228e6185" />
    <UnitTestResult executionId="bdcc9c1f-acdf-4ed3-8475-91235bcd0789" testId="024e84b1-e2c2-8e50-918a-9af9433a5ada" testName="WarningResponseModel_Validate_Success" computerName="DKSR-EFI-06" duration="00:00:00.0009158" startTime="2024-01-09T15:42:10.6226957+01:00" endTime="2024-01-09T15:42:10.6226957+01:00" testType="13cdc9d9-ddb5-4fa4-a97d-d965ccfc6d4b" outcome="Passed" testListId="8c84fa94-04c1-424b-9868-57a2d4851a1d" relativeResultsDirectory="bdcc9c1f-acdf-4ed3-8475-91235bcd0789" />
    <UnitTestResult executionId="3fe28b9d-fb76-4a94-afa1-563830a2cb3c" testId="e29e3422-c5e6-c0ab-1e89-78d29e50ef02" testName="FeatureManager_GetFeatureParameterValue_Parameter_Not_Found" computerName="DKSR-EFI-06" duration="00:00:00.0005530" startTime="2024-01-09T15:42:18.2164592+01:00" endTime="2024-01-09T15:42:18.2164592+01:00" testType="13cdc9d9-ddb5-4fa4-a97d-d965ccfc6d4b" outcome="Passed" testListId="8c84fa94-04c1-424b-9868-57a2d4851a1d" relativeResultsDirectory="3fe28b9d-fb76-4a94-afa1-563830a2cb3c" />
    <UnitTestResult executionId="a373ca44-e818-4653-9f9c-c2a9a849e39d" testId="350f83a6-60d3-6508-2061-bae98524f397" testName="Index_AddEntry_MultipleEntries_Success" computerName="DKSR-EFI-06" duration="00:00:00.0021422" startTime="2024-01-09T15:42:04.2164250+01:00" endTime="2024-01-09T15:42:04.2164250+01:00" testType="13cdc9d9-ddb5-4fa4-a97d-d965ccfc6d4b" outcome="Passed" testListId="8c84fa94-04c1-424b-9868-57a2d4851a1d" relativeResultsDirectory="a373ca44-e818-4653-9f9c-c2a9a849e39d" />
    <UnitTestResult executionId="e172152d-cb9a-458a-ab0d-5d3f09be745b" testId="910f3d4d-507b-a513-9417-29fe87e1a242" testName="TestClearGridAreaMakesGridEmpty" computerName="DKSR-EFI-06" duration="00:00:00.0023315" startTime="2024-01-09T15:42:27.9195907+01:00" endTime="2024-01-09T15:42:27.9195907+01:00" testType="13cdc9d9-ddb5-4fa4-a97d-d965ccfc6d4b" outcome="Passed" testListId="8c84fa94-04c1-424b-9868-57a2d4851a1d" relativeResultsDirectory="e172152d-cb9a-458a-ab0d-5d3f09be745b" />
    <UnitTestResult executionId="985faaf6-7a38-4b66-b005-0074071975ae" testId="14983635-813a-a1e2-d7f3-99a0e0a5521d" testName="SecurityTokenCollectionDto_Deserialization_Success" computerName="DKSR-EFI-06" duration="00:00:00.0034298" startTime="2024-01-09T15:42:29.3102381+01:00" endTime="2024-01-09T15:42:29.3102381+01:00" testType="13cdc9d9-ddb5-4fa4-a97d-d965ccfc6d4b" outcome="Passed" testListId="8c84fa94-04c1-424b-9868-57a2d4851a1d" relativeResultsDirectory="985faaf6-7a38-4b66-b005-0074071975ae" />
    <UnitTestResult executionId="96f9389d-5641-47f2-a07d-9df08fbf7912" testId="3067b64d-f72d-4368-4e23-dce52d27333a" testName="ReadChildElementValueAsUInt16_InvalidData_NegativeNumber" computerName="DKSR-EFI-06" duration="00:00:00.0004226" startTime="2024-01-09T15:42:04.0289227+01:00" endTime="2024-01-09T15:42:04.0445487+01:00" testType="13cdc9d9-ddb5-4fa4-a97d-d965ccfc6d4b" outcome="Passed" testListId="8c84fa94-04c1-424b-9868-57a2d4851a1d" relativeResultsDirectory="96f9389d-5641-47f2-a07d-9df08fbf7912" />
    <UnitTestResult executionId="207b60e1-5a9d-4d27-ab34-a86f5475a7f9" testId="c7d15519-12aa-af74-36da-f8f49a9c6779" testName="GroupConfigurationCheckAddOrDeleteMemberEvents" computerName="DKSR-EFI-06" duration="00:00:00.0019129" startTime="2024-01-09T15:42:15.3102089+01:00" endTime="2024-01-09T15:42:15.3258315+01:00" testType="13cdc9d9-ddb5-4fa4-a97d-d965ccfc6d4b" outcome="Passed" testListId="8c84fa94-04c1-424b-9868-57a2d4851a1d" relativeResultsDirectory="207b60e1-5a9d-4d27-ab34-a86f5475a7f9" />
    <UnitTestResult executionId="6df2d1ad-fe55-4640-9e43-867e10347bba" testId="1af8c970-9b54-959f-3ed6-d23b016e9ec7" testName="ServerFileStorage_Starts_TemporaryCleanupService" computerName="DKSR-EFI-06" duration="00:00:00.0003118" startTime="2024-01-09T15:42:09.2008195+01:00" endTime="2024-01-09T15:42:09.2008195+01:00" testType="13cdc9d9-ddb5-4fa4-a97d-d965ccfc6d4b" outcome="Passed" testListId="8c84fa94-04c1-424b-9868-57a2d4851a1d" relativeResultsDirectory="6df2d1ad-fe55-4640-9e43-867e10347bba" />
    <UnitTestResult executionId="5cddf761-452f-4dc0-b778-a2ddf74bf00e" testId="f1e09b94-758b-c004-83a2-50ae5b0aaf24" testName="SystemConfigurationModel_Validate_Failed" computerName="DKSR-EFI-06" duration="00:00:00.0020418" startTime="2024-01-09T15:42:12.1539498+01:00" endTime="2024-01-09T15:42:12.1695760+01:00" testType="13cdc9d9-ddb5-4fa4-a97d-d965ccfc6d4b" outcome="Passed" testListId="8c84fa94-04c1-424b-9868-57a2d4851a1d" relativeResultsDirectory="5cddf761-452f-4dc0-b778-a2ddf74bf00e" />
    <UnitTestResult executionId="4df9f8ac-8cad-4463-97b1-d65aee54410c" testId="68c9122e-98a7-d348-35ad-7468269319ee" testName="ReadAttributeAsString_NameNull" computerName="DKSR-EFI-06" duration="00:00:00.0007702" startTime="2024-01-09T15:42:03.8882982+01:00" endTime="2024-01-09T15:42:03.8882982+01:00" testType="13cdc9d9-ddb5-4fa4-a97d-d965ccfc6d4b" outcome="Passed" testListId="8c84fa94-04c1-424b-9868-57a2d4851a1d" relativeResultsDirectory="4df9f8ac-8cad-4463-97b1-d65aee54410c" />
    <UnitTestResult executionId="c1d69501-506c-4a9e-a9de-573e3e4afda3" testId="da174cf5-0de6-fc1e-df85-47f6a5d4408e" testName="StreamsConfiguration_ValidateConfiguration_No_Default_LiveStream_ExactlyOneDefaultLiveStreamError" computerName="DKSR-EFI-06" duration="00:00:00.0064188" startTime="2024-01-09T15:42:10.0133200+01:00" endTime="2024-01-09T15:42:10.0289441+01:00" testType="13cdc9d9-ddb5-4fa4-a97d-d965ccfc6d4b" outcome="Passed" testListId="8c84fa94-04c1-424b-9868-57a2d4851a1d" relativeResultsDirectory="c1d69501-506c-4a9e-a9de-573e3e4afda3" />
    <UnitTestResult executionId="d37f1656-85d8-41e9-a648-b467319dc645" testId="85f8db25-08e3-c5ff-673d-ddf0ea1cff69" testName="LicenseDocument_IsDeviceLicensed_HardwareFound_DeviceIndexFound_ReturnsTrue" computerName="DKSR-EFI-06" duration="00:00:00.0022767" startTime="2024-01-09T15:42:26.2008399+01:00" endTime="2024-01-09T15:42:26.2008399+01:00" testType="13cdc9d9-ddb5-4fa4-a97d-d965ccfc6d4b" outcome="Passed" testListId="8c84fa94-04c1-424b-9868-57a2d4851a1d" relativeResultsDirectory="d37f1656-85d8-41e9-a648-b467319dc645" />
    <UnitTestResult executionId="65c63294-b403-45c6-a57d-48b7d2224270" testId="1115d730-5f04-a13a-0ac8-51185c798157" testName="IsKnownId_Known" computerName="DKSR-EFI-06" duration="00:00:00.0110352" startTime="2024-01-09T15:42:26.9508403+01:00" endTime="2024-01-09T15:42:26.9508403+01:00" testType="13cdc9d9-ddb5-4fa4-a97d-d965ccfc6d4b" outcome="Passed" testListId="8c84fa94-04c1-424b-9868-57a2d4851a1d" relativeResultsDirectory="65c63294-b403-45c6-a57d-48b7d2224270" />
    <UnitTestResult executionId="ebd45820-1577-41dc-8a36-ec89fc19290c" testId="ec554268-9c1f-9658-273b-53b03f43f4fb" testName="CreateHttpsUri_FtpDefaultPort_UseDefaultPortFalse_BecomesHttpsPort443" computerName="DKSR-EFI-06" duration="00:00:00.0002066" startTime="2024-01-09T15:42:29.2164656+01:00" endTime="2024-01-09T15:42:29.2164656+01:00" testType="13cdc9d9-ddb5-4fa4-a97d-d965ccfc6d4b" outcome="Passed" testListId="8c84fa94-04c1-424b-9868-57a2d4851a1d" relativeResultsDirectory="ebd45820-1577-41dc-8a36-ec89fc19290c" />
    <UnitTestResult executionId="006d8ea7-0713-4986-9631-6c35f3a4461b" testId="a92a1664-5348-c36d-d881-f355c36e3a61" testName="GetAggregateFeeds_UpdateTotalFeedCountsAcrossAllHardware_ThrowException_WhenNull" computerName="DKSR-EFI-06" duration="00:00:00.0011788" startTime="2024-01-09T15:42:18.4039585+01:00" endTime="2024-01-09T15:42:18.4039585+01:00" testType="13cdc9d9-ddb5-4fa4-a97d-d965ccfc6d4b" outcome="Passed" testListId="8c84fa94-04c1-424b-9868-57a2d4851a1d" relativeResultsDirectory="006d8ea7-0713-4986-9631-6c35f3a4461b" />
    <UnitTestResult executionId="2bac8811-f287-4cd2-8a41-b06af3bb6a90" testId="59310481-64b7-242c-7522-61f64873c88b" testName="Test_MemberOf_NoMembers" computerName="DKSR-EFI-06" duration="00:00:00.0017250" startTime="2024-01-09T15:42:29.5445892+01:00" endTime="2024-01-09T15:42:29.5445892+01:00" testType="13cdc9d9-ddb5-4fa4-a97d-d965ccfc6d4b" outcome="Passed" testListId="8c84fa94-04c1-424b-9868-57a2d4851a1d" relativeResultsDirectory="2bac8811-f287-4cd2-8a41-b06af3bb6a90" />
    <UnitTestResult executionId="090813c1-42d0-4f30-b734-d160cd526ff2" testId="8022e0d5-7466-cb18-799a-eb9c4d10cf6e" testName="HttpClientCommunicatorWrapper_SendAsyncTObjHttp_Success" computerName="DKSR-EFI-06" duration="00:00:00.0044820" startTime="2024-01-09T15:42:11.3258234+01:00" endTime="2024-01-09T15:42:11.3258234+01:00" testType="13cdc9d9-ddb5-4fa4-a97d-d965ccfc6d4b" outcome="Passed" testListId="8c84fa94-04c1-424b-9868-57a2d4851a1d" relativeResultsDirectory="090813c1-42d0-4f30-b734-d160cd526ff2" />
    <UnitTestResult executionId="3ac8507a-a980-4756-82ad-ebe70152c993" testId="c9306fc5-6ee1-8d5c-db7b-80875c550ab5" testName="LicenseRequestHardwareInfo_CreateWithNullDeviceList" computerName="DKSR-EFI-06" duration="00:00:00.0007281" startTime="2024-01-09T15:42:18.4352472+01:00" endTime="2024-01-09T15:42:18.4352472+01:00" testType="13cdc9d9-ddb5-4fa4-a97d-d965ccfc6d4b" outcome="Passed" testListId="8c84fa94-04c1-424b-9868-57a2d4851a1d" relativeResultsDirectory="3ac8507a-a980-4756-82ad-ebe70152c993" />
    <UnitTestResult executionId="1a01c09f-be47-4b5b-a1f0-a93516be4bab" testId="1940be6f-406b-ef77-8b0e-113e4ddcb48a" testName="CustomLicenseType_FeatureFlagPresentDriversPresentDisabledHardware" computerName="DKSR-EFI-06" duration="00:00:00.0005013" startTime="2024-01-09T15:42:18.1070833+01:00" endTime="2024-01-09T15:42:18.1070833+01:00" testType="13cdc9d9-ddb5-4fa4-a97d-d965ccfc6d4b" outcome="Passed" testListId="8c84fa94-04c1-424b-9868-57a2d4851a1d" relativeResultsDirectory="1a01c09f-be47-4b5b-a1f0-a93516be4bab" />
    <UnitTestResult executionId="e45cd54c-eed1-4be9-9ebe-71da9950f8b2" testId="3f31dbe9-06e2-6a2a-13b1-958cc5320b2c" testName="WarningResponseModel_NoValuesSet_ValidationFailure" computerName="DKSR-EFI-06" duration="00:00:00.0012011" startTime="2024-01-09T15:42:12.7320767+01:00" endTime="2024-01-09T15:42:12.7320767+01:00" testType="13cdc9d9-ddb5-4fa4-a97d-d965ccfc6d4b" outcome="Passed" testListId="8c84fa94-04c1-424b-9868-57a2d4851a1d" relativeResultsDirectory="e45cd54c-eed1-4be9-9ebe-71da9950f8b2" />
    <UnitTestResult executionId="0b0d23af-9bb1-4cfe-bc51-baf72dcc5b65" testId="201f8ac5-c7a1-9e49-1a3f-d3d7771740aa" testName="ToModelAudit_ValidEntry_SuccessConvertion" computerName="DKSR-EFI-06" duration="00:00:00.0007039" startTime="2024-01-09T15:42:12.4508263+01:00" endTime="2024-01-09T15:42:12.4508263+01:00" testType="13cdc9d9-ddb5-4fa4-a97d-d965ccfc6d4b" outcome="Passed" testListId="8c84fa94-04c1-424b-9868-57a2d4851a1d" relativeResultsDirectory="0b0d23af-9bb1-4cfe-bc51-baf72dcc5b65" />
    <UnitTestResult executionId="2e745216-b61b-4b3c-99a7-84d48a62c361" testId="dc1eee07-1844-2450-60be-2970ae788a8f" testName="CreateHttpsUri_HttpNonDefaultPort_UsePort88_BecomesHttpsPort88" computerName="DKSR-EFI-06" duration="00:00:00.0001815" startTime="2024-01-09T15:42:29.2477141+01:00" endTime="2024-01-09T15:42:29.2477141+01:00" testType="13cdc9d9-ddb5-4fa4-a97d-d965ccfc6d4b" outcome="Passed" testListId="8c84fa94-04c1-424b-9868-57a2d4851a1d" relativeResultsDirectory="2e745216-b61b-4b3c-99a7-84d48a62c361" />
    <UnitTestResult executionId="83b19dea-00a3-4d4a-9a8c-6ffe907e38d2" testId="3b5a6096-322c-8c4c-79b8-931a963fdac0" testName="LicenseActivationService_AcquireLicense_LicenseNotAllowed_ToManyInterconnectedCameras" computerName="DKSR-EFI-06" duration="00:00:00.0131170" startTime="2024-01-09T15:42:18.7477111+01:00" endTime="2024-01-09T15:42:18.7633353+01:00" testType="13cdc9d9-ddb5-4fa4-a97d-d965ccfc6d4b" outcome="Passed" testListId="8c84fa94-04c1-424b-9868-57a2d4851a1d" relativeResultsDirectory="83b19dea-00a3-4d4a-9a8c-6ffe907e38d2" />
    <UnitTestResult executionId="c6ef6375-f78d-4de7-98b4-bf7068f8bb72" testId="0dbaefc6-5343-3f91-f9cd-c7fbbb2f2275" testName="Create_Mac_Address_Hash_String_Mac_Null" computerName="DKSR-EFI-06" duration="00:00:00.0005879" startTime="2024-01-09T15:42:26.5289645+01:00" endTime="2024-01-09T15:42:26.5289645+01:00" testType="13cdc9d9-ddb5-4fa4-a97d-d965ccfc6d4b" outcome="Passed" testListId="8c84fa94-04c1-424b-9868-57a2d4851a1d" relativeResultsDirectory="c6ef6375-f78d-4de7-98b4-bf7068f8bb72" />
    <UnitTestResult executionId="3a2de526-6b40-4bdf-a578-9c4d5a26a9bc" testId="1c970708-7220-1d19-b08c-918ece35ceca" testName="CreateHttpUri_FtpDefaultPort_UseDefaultPortFalse_BecomesHttpPort80" computerName="DKSR-EFI-06" duration="00:00:00.0027022" startTime="2024-01-09T15:42:29.1539653+01:00" endTime="2024-01-09T15:42:29.1539653+01:00" testType="13cdc9d9-ddb5-4fa4-a97d-d965ccfc6d4b" outcome="Passed" testListId="8c84fa94-04c1-424b-9868-57a2d4851a1d" relativeResultsDirectory="3a2de526-6b40-4bdf-a578-9c4d5a26a9bc" />
    <UnitTestResult executionId="92aa4317-b70d-4850-909e-54e28b19a4bb" testId="00a49783-5d77-72b8-6909-2cb68bb962c9" testName="Validate_PopulateGrid_ValidateOemTextExists_ValidOemUrl_Success" computerName="DKSR-EFI-06" duration="00:00:00.0049479" startTime="2024-01-09T15:42:26.3414635+01:00" endTime="2024-01-09T15:42:26.3414635+01:00" testType="13cdc9d9-ddb5-4fa4-a97d-d965ccfc6d4b" outcome="Passed" testListId="8c84fa94-04c1-424b-9868-57a2d4851a1d" relativeResultsDirectory="92aa4317-b70d-4850-909e-54e28b19a4bb" />
    <UnitTestResult executionId="7fe49a07-84f1-4da6-ba4d-8cafae20dd49" testId="812f6ac1-20d4-f321-8177-1ceb709dfc3e" testName="Constructor_ThrowsException_OnICPHardwareWithNullMacAddress" computerName="DKSR-EFI-06" duration="00:00:00.0007327" startTime="2024-01-09T15:42:18.0289599+01:00" endTime="2024-01-09T15:42:18.0289599+01:00" testType="13cdc9d9-ddb5-4fa4-a97d-d965ccfc6d4b" outcome="Passed" testListId="8c84fa94-04c1-424b-9868-57a2d4851a1d" relativeResultsDirectory="7fe49a07-84f1-4da6-ba4d-8cafae20dd49" />
    <UnitTestResult executionId="c5523f80-41f5-440e-8f29-a36aa6af6aad" testId="8f57d5c6-48cd-6a45-2524-8718ae9d15b0" testName="Index_GetEntriesByKey_No_Item_Return_Null" computerName="DKSR-EFI-06" duration="00:00:00.0004271" startTime="2024-01-09T15:42:04.2320499+01:00" endTime="2024-01-09T15:42:04.2320499+01:00" testType="13cdc9d9-ddb5-4fa4-a97d-d965ccfc6d4b" outcome="Passed" testListId="8c84fa94-04c1-424b-9868-57a2d4851a1d" relativeResultsDirectory="c5523f80-41f5-440e-8f29-a36aa6af6aad" />
    <UnitTestResult executionId="a865e5cb-05e3-4cee-86f1-820644b820d1" testId="e3af9ef2-b4d7-82f6-2b39-9e49c5aac5c0" testName="CalculateLicenseRequirements_WithoutInitialising_ThrowsInvalidOperationException" computerName="DKSR-EFI-06" duration="00:00:00.0006189" startTime="2024-01-09T15:42:18.8102111+01:00" endTime="2024-01-09T15:42:18.8102111+01:00" testType="13cdc9d9-ddb5-4fa4-a97d-d965ccfc6d4b" outcome="Passed" testListId="8c84fa94-04c1-424b-9868-57a2d4851a1d" relativeResultsDirectory="a865e5cb-05e3-4cee-86f1-820644b820d1" />
    <UnitTestResult executionId="83d3eb9f-3707-44fe-941c-70e8ae61623a" testId="f3174896-e5c0-e367-e050-43f58b5eee43" testName="UniqueIndex_RemoveEntry_Null_Throws_ArgumentNllException" computerName="DKSR-EFI-06" duration="00:00:00.0089078" startTime="2024-01-09T15:42:04.1851751+01:00" endTime="2024-01-09T15:42:04.2007996+01:00" testType="13cdc9d9-ddb5-4fa4-a97d-d965ccfc6d4b" outcome="Passed" testListId="8c84fa94-04c1-424b-9868-57a2d4851a1d" relativeResultsDirectory="83d3eb9f-3707-44fe-941c-70e8ae61623a">
      <Output>
        <StdOut>Debug Trace:&#xD;
Fail: Argument null</StdOut>
      </Output>
    </UnitTestResult>
    <UnitTestResult executionId="9fb0b8d9-5340-4792-8a62-a724daa0fc9a" testId="151e40a6-82e2-257b-646b-68f23335d235" testName="HardwareInfo_HasEnabledCameras_ReturnsTrueWhenEnabledCameras" computerName="DKSR-EFI-06" duration="00:00:00.0005770" startTime="2024-01-09T15:42:18.4820847+01:00" endTime="2024-01-09T15:42:18.4820847+01:00" testType="13cdc9d9-ddb5-4fa4-a97d-d965ccfc6d4b" outcome="Passed" testListId="8c84fa94-04c1-424b-9868-57a2d4851a1d" relativeResultsDirectory="9fb0b8d9-5340-4792-8a62-a724daa0fc9a" />
    <UnitTestResult executionId="bbcaf9d1-cd3f-490c-9a84-72de919d739b" testId="52965488-cd13-96ff-31e1-362756910ed0" testName="CalculateLicenseRequirements_DriverAndDevice_Not_Whitelisted_HardwareWithMultipleCameraDevicesCountsAsMultipleLicenses_ReturnsFalse" computerName="DKSR-EFI-06" duration="00:00:00.0021321" startTime="2024-01-09T15:42:18.8258363+01:00" endTime="2024-01-09T15:42:18.8414612+01:00" testType="13cdc9d9-ddb5-4fa4-a97d-d965ccfc6d4b" outcome="Passed" testListId="8c84fa94-04c1-424b-9868-57a2d4851a1d" relativeResultsDirectory="bbcaf9d1-cd3f-490c-9a84-72de919d739b" />
    <UnitTestResult executionId="2d9271d4-4f38-454c-9b1d-afc48cd56c73" testId="7518b4ee-6d5b-6aaa-1fb8-e8caca1e0c08" testName="PatchAsync_ObjIsNull_ArgumentNullExceptionThrown" computerName="DKSR-EFI-06" duration="00:00:00.0039573" startTime="2024-01-09T15:42:01.1851598+01:00" endTime="2024-01-09T15:42:01.1851598+01:00" testType="13cdc9d9-ddb5-4fa4-a97d-d965ccfc6d4b" outcome="Passed" testListId="8c84fa94-04c1-424b-9868-57a2d4851a1d" relativeResultsDirectory="2d9271d4-4f38-454c-9b1d-afc48cd56c73">
      <Output>
        <StdOut>Debug Trace:&#xD;
Fail: Argument null</StdOut>
      </Output>
    </UnitTestResult>
    <UnitTestResult executionId="db51cd76-8727-42e8-aa9a-70e7f587b3e5" testId="24bc4452-6389-5ad3-fcf2-eb33569b557f" testName="ServerFileStorage_PersistedCleanupService_Receives_PersistedEntriesOnly" computerName="DKSR-EFI-06" duration="00:00:00.0050977" startTime="2024-01-09T15:42:09.2008195+01:00" endTime="2024-01-09T15:42:09.2008195+01:00" testType="13cdc9d9-ddb5-4fa4-a97d-d965ccfc6d4b" outcome="Passed" testListId="8c84fa94-04c1-424b-9868-57a2d4851a1d" relativeResultsDirectory="db51cd76-8727-42e8-aa9a-70e7f587b3e5" />
    <UnitTestResult executionId="4cd8b092-bc6e-4ef1-84d3-87664b78fcaf" testId="22e9e8a7-9c26-53cd-90da-5874db0659cd" testName="LicenseDocument_ActivatedDate__ReturnsDateFromLicense" computerName="DKSR-EFI-06" duration="00:00:00.0063211" startTime="2024-01-09T15:42:26.1227146+01:00" endTime="2024-01-09T15:42:26.1227146+01:00" testType="13cdc9d9-ddb5-4fa4-a97d-d965ccfc6d4b" outcome="Passed" testListId="8c84fa94-04c1-424b-9868-57a2d4851a1d" relativeResultsDirectory="4cd8b092-bc6e-4ef1-84d3-87664b78fcaf" />
    <UnitTestResult executionId="e2cba74e-f9a5-4c99-a7b4-d4de31beb513" testId="cca527fc-7355-66ce-e26b-646f92cb6240" testName="BaseHtmlLicenseReport_CreatePNode_WithNoClassName_NullText_Success" computerName="DKSR-EFI-06" duration="00:00:00.0001486" startTime="2024-01-09T15:42:18.0602085+01:00" endTime="2024-01-09T15:42:18.0602085+01:00" testType="13cdc9d9-ddb5-4fa4-a97d-d965ccfc6d4b" outcome="Passed" testListId="8c84fa94-04c1-424b-9868-57a2d4851a1d" relativeResultsDirectory="e2cba74e-f9a5-4c99-a7b4-d4de31beb513" />
    <UnitTestResult executionId="a0f10414-999f-4ac8-9eb2-76dcb144abb8" testId="2cba5c34-805b-0de4-d983-04f83032a032" testName="Call_HttpPost_InvalidParam_userAgentNull_ThrowsArgumentNullException" computerName="DKSR-EFI-06" duration="00:00:00.0006209" startTime="2024-01-09T15:42:28.9195897+01:00" endTime="2024-01-09T15:42:28.9195897+01:00" testType="13cdc9d9-ddb5-4fa4-a97d-d965ccfc6d4b" outcome="Passed" testListId="8c84fa94-04c1-424b-9868-57a2d4851a1d" relativeResultsDirectory="a0f10414-999f-4ac8-9eb2-76dcb144abb8" />
    <UnitTestResult executionId="c3f1ad6c-1ce0-41fd-ac44-3aba8761e033" testId="8f3728f0-c662-f506-e532-cb2952d56045" testName="SendAsync_TokenCancellationExceptionThrown_ExceptionLoggedAndTimeoutExceptionThrown" computerName="DKSR-EFI-06" duration="00:00:00.0049973" startTime="2024-01-09T15:42:00.9820346+01:00" endTime="2024-01-09T15:42:00.9976604+01:00" testType="13cdc9d9-ddb5-4fa4-a97d-d965ccfc6d4b" outcome="Passed" testListId="8c84fa94-04c1-424b-9868-57a2d4851a1d" relativeResultsDirectory="c3f1ad6c-1ce0-41fd-ac44-3aba8761e033" />
    <UnitTestResult executionId="66bb1224-4754-407c-b379-cba81b56d14e" testId="3204935e-0c0a-e9ae-1afb-92f72fc02706" testName="LicenseDocument_IsFeatureLicensed_NoneExistFeature" computerName="DKSR-EFI-06" duration="00:00:00.0032267" startTime="2024-01-09T15:42:26.0289646+01:00" endTime="2024-01-09T15:42:26.0445883+01:00" testType="13cdc9d9-ddb5-4fa4-a97d-d965ccfc6d4b" outcome="Passed" testListId="8c84fa94-04c1-424b-9868-57a2d4851a1d" relativeResultsDirectory="66bb1224-4754-407c-b379-cba81b56d14e" />
    <UnitTestResult executionId="cf0e482c-0855-49be-841b-476b582f6419" testId="7b1ed61a-0f13-29da-b9e9-f2db7fca317a" testName="ModelValidation_ValidModel_Success" computerName="DKSR-EFI-06" duration="00:00:00.0027260" startTime="2024-01-09T15:42:12.3727046+01:00" endTime="2024-01-09T15:42:12.3727046+01:00" testType="13cdc9d9-ddb5-4fa4-a97d-d965ccfc6d4b" outcome="Passed" testListId="8c84fa94-04c1-424b-9868-57a2d4851a1d" relativeResultsDirectory="cf0e482c-0855-49be-841b-476b582f6419" />
    <UnitTestResult executionId="7faf3e5f-f9cd-4a6d-8468-811cb72a8651" testId="14ac6c18-7464-667d-e927-e446b8071737" testName="ToRecorderStatusesDto_AppliesAllFlags_OnAllFlagsPresent" computerName="DKSR-EFI-06" duration="00:00:00.0040250" startTime="2024-01-09T15:42:29.2789651+01:00" endTime="2024-01-09T15:42:29.2789651+01:00" testType="13cdc9d9-ddb5-4fa4-a97d-d965ccfc6d4b" outcome="Passed" testListId="8c84fa94-04c1-424b-9868-57a2d4851a1d" relativeResultsDirectory="7faf3e5f-f9cd-4a6d-8468-811cb72a8651" />
    <UnitTestResult executionId="6f046b59-80c6-41d2-bb07-a6a0f85c509e" testId="f005a168-1d6f-2ad6-8153-dde60fa10192" testName="LegacySecurityAttributeMapper_All_Properties_Mapped" computerName="DKSR-EFI-06" duration="00:00:00.0107501" startTime="2024-01-09T15:42:13.0150734+01:00" endTime="2024-01-09T15:42:13.0290406+01:00" testType="13cdc9d9-ddb5-4fa4-a97d-d965ccfc6d4b" outcome="Passed" testListId="8c84fa94-04c1-424b-9868-57a2d4851a1d" relativeResultsDirectory="6f046b59-80c6-41d2-bb07-a6a0f85c509e" />
    <UnitTestResult executionId="add82a5b-ef2c-4721-bd43-18c85ea76092" testId="0e9626a5-9809-f247-3da5-380f0b656e38" testName="RefCountedObjectWrapper_ExecuteCallWithRefCountTResult_InstanceIsDisposed_ObjectDeadException" computerName="DKSR-EFI-06" duration="00:00:00.0007600" startTime="2024-01-09T15:42:11.1383230+01:00" endTime="2024-01-09T15:42:11.1383230+01:00" testType="13cdc9d9-ddb5-4fa4-a97d-d965ccfc6d4b" outcome="Passed" testListId="8c84fa94-04c1-424b-9868-57a2d4851a1d" relativeResultsDirectory="add82a5b-ef2c-4721-bd43-18c85ea76092" />
    <UnitTestResult executionId="5d1c028c-95b4-4034-b073-0817b0d86e7e" testId="06f8d942-a1f3-7e45-bd97-4700a2629094" testName="SendAsync_AuthenticationException_InvalidCertificateCalled" computerName="DKSR-EFI-06" duration="00:00:00.0036558" startTime="2024-01-09T15:42:00.9508720+01:00" endTime="2024-01-09T15:42:00.9508720+01:00" testType="13cdc9d9-ddb5-4fa4-a97d-d965ccfc6d4b" outcome="Passed" testListId="8c84fa94-04c1-424b-9868-57a2d4851a1d" relativeResultsDirectory="5d1c028c-95b4-4034-b073-0817b0d86e7e" />
    <UnitTestResult executionId="f9d3b1c7-ce7a-4155-9984-c2af35641f9c" testId="59c85643-a1db-5dc5-5ae6-672ed03a0518" testName="ScanResult_ModificationTest" computerName="DKSR-EFI-06" duration="00:00:00.0023265" startTime="2024-01-09T15:42:03.8570459+01:00" endTime="2024-01-09T15:42:03.8726727+01:00" testType="13cdc9d9-ddb5-4fa4-a97d-d965ccfc6d4b" outcome="Passed" testListId="8c84fa94-04c1-424b-9868-57a2d4851a1d" relativeResultsDirectory="f9d3b1c7-ce7a-4155-9984-c2af35641f9c" />
    <UnitTestResult executionId="1c8e3a5e-a09d-42b0-a424-0e3ab10fe7c0" testId="8fcca9cc-7d19-5615-8f57-00f8781b2e9a" testName="UpdateRecorderStatus_InvalidStatusModel_Failed" computerName="DKSR-EFI-06" duration="00:00:00.0013047" startTime="2024-01-09T15:42:12.5758552+01:00" endTime="2024-01-09T15:42:12.5758552+01:00" testType="13cdc9d9-ddb5-4fa4-a97d-d965ccfc6d4b" outcome="Passed" testListId="8c84fa94-04c1-424b-9868-57a2d4851a1d" relativeResultsDirectory="1c8e3a5e-a09d-42b0-a424-0e3ab10fe7c0" />
    <UnitTestResult executionId="1b446882-da60-499d-9b3a-f62e7fc9d95c" testId="a211bf2f-4846-ffae-0c47-9ba55079af98" testName="ThreadPoolMessageProcessor_QueueMessagesTest" computerName="DKSR-EFI-06" duration="00:00:00.0009280" startTime="2024-01-09T15:42:17.6383350+01:00" endTime="2024-01-09T15:42:17.6383350+01:00" testType="13cdc9d9-ddb5-4fa4-a97d-d965ccfc6d4b" outcome="Passed" testListId="8c84fa94-04c1-424b-9868-57a2d4851a1d" relativeResultsDirectory="1b446882-da60-499d-9b3a-f62e7fc9d95c" />
    <UnitTestResult executionId="b0179648-3e6f-4b2d-b4ef-2152f35a68e8" testId="5635639e-91f7-ec82-01ad-d1e70d287b6d" testName="CalculateLicenseRequirements_ValidIHardwareInfoList_ReturnsTrue" computerName="DKSR-EFI-06" duration="00:00:00.0005668" startTime="2024-01-09T15:42:18.8258363+01:00" endTime="2024-01-09T15:42:18.8258363+01:00" testType="13cdc9d9-ddb5-4fa4-a97d-d965ccfc6d4b" outcome="Passed" testListId="8c84fa94-04c1-424b-9868-57a2d4851a1d" relativeResultsDirectory="b0179648-3e6f-4b2d-b4ef-2152f35a68e8" />
    <UnitTestResult executionId="7d358462-ad0d-4cdf-ab78-0ca85bbc63d5" testId="e3b38617-9ca5-483d-be55-dd3b75fa7e0f" testName="Validate_LicenseResponseCreatedFromJson_Success" computerName="DKSR-EFI-06" duration="00:00:00.0002759" startTime="2024-01-09T15:42:25.9820872+01:00" endTime="2024-01-09T15:42:25.9820872+01:00" testType="13cdc9d9-ddb5-4fa4-a97d-d965ccfc6d4b" outcome="Passed" testListId="8c84fa94-04c1-424b-9868-57a2d4851a1d" relativeResultsDirectory="7d358462-ad0d-4cdf-ab78-0ca85bbc63d5" />
    <UnitTestResult executionId="df4e34e9-a12b-4768-9eb0-1f7d65a6f02c" testId="6dba7c0b-047f-50dc-25ca-dca8e07fa880" testName="TestSetRegionFillsTheRegionsWithClearingRegions" computerName="DKSR-EFI-06" duration="00:00:00.0006863" startTime="2024-01-09T15:42:27.9352156+01:00" endTime="2024-01-09T15:42:27.9352156+01:00" testType="13cdc9d9-ddb5-4fa4-a97d-d965ccfc6d4b" outcome="Passed" testListId="8c84fa94-04c1-424b-9868-57a2d4851a1d" relativeResultsDirectory="df4e34e9-a12b-4768-9eb0-1f7d65a6f02c" />
    <UnitTestResult executionId="bc74fd47-ac9d-4741-8ce8-db618b5296a6" testId="0668341c-d025-fc1a-f584-aa8451e47691" testName="ModelValidation_ValidModel_Success" computerName="DKSR-EFI-06" duration="00:00:00.0010063" startTime="2024-01-09T15:42:12.2320761+01:00" endTime="2024-01-09T15:42:12.2320761+01:00" testType="13cdc9d9-ddb5-4fa4-a97d-d965ccfc6d4b" outcome="Passed" testListId="8c84fa94-04c1-424b-9868-57a2d4851a1d" relativeResultsDirectory="bc74fd47-ac9d-4741-8ce8-db618b5296a6" />
    <UnitTestResult executionId="e305fc25-a9b5-4193-946a-716d2e47083b" testId="72dbc3fe-7f24-6355-2ef9-0a9ce9cb2256" testName="CallCreateHardwareLicenseCountEvaluator_NullParameters_ThrowsArgumentNullException" computerName="DKSR-EFI-06" duration="00:00:00.0011679" startTime="2024-01-09T15:42:26.2633436+01:00" endTime="2024-01-09T15:42:26.2789650+01:00" testType="13cdc9d9-ddb5-4fa4-a97d-d965ccfc6d4b" outcome="Passed" testListId="8c84fa94-04c1-424b-9868-57a2d4851a1d" relativeResultsDirectory="e305fc25-a9b5-4193-946a-716d2e47083b" />
    <UnitTestResult executionId="8f92dffc-12f9-4496-82de-41dfb81e3bd0" testId="a13b6bf9-d8b8-63c1-1b19-02003097a01e" testName="CalculateLicenseRequirements_Device_Whitelisted_HardwareWithMultipleCameraDevicesCountsAsSingleLicenses_ReturnsTrue" computerName="DKSR-EFI-06" duration="00:00:00.0016491" startTime="2024-01-09T15:42:18.8414612+01:00" endTime="2024-01-09T15:42:18.8414612+01:00" testType="13cdc9d9-ddb5-4fa4-a97d-d965ccfc6d4b" outcome="Passed" testListId="8c84fa94-04c1-424b-9868-57a2d4851a1d" relativeResultsDirectory="8f92dffc-12f9-4496-82de-41dfb81e3bd0" />
    <UnitTestResult executionId="29f455f4-fe29-4190-ac4d-7f8cc6441e3d" testId="c8a84429-c2e8-13fb-6013-9dc2128f754d" testName="CalculateLicenseRequirements_6HardwareWith1DeviceEach_ReturnsFalse" computerName="DKSR-EFI-06" duration="00:00:00.0023234" startTime="2024-01-09T15:42:18.8258363+01:00" endTime="2024-01-09T15:42:18.8258363+01:00" testType="13cdc9d9-ddb5-4fa4-a97d-d965ccfc6d4b" outcome="Passed" testListId="8c84fa94-04c1-424b-9868-57a2d4851a1d" relativeResultsDirectory="29f455f4-fe29-4190-ac4d-7f8cc6441e3d" />
    <UnitTestResult executionId="d9173f1e-e952-4539-8c25-63b5e2b1ba25" testId="b5a8e6fe-503d-d02a-58b3-d380e0109a2c" testName="TestWritingAndLoadingXmlResultsInTheSameArea" computerName="DKSR-EFI-06" duration="00:00:00.0010041" startTime="2024-01-09T15:42:27.9820902+01:00" endTime="2024-01-09T15:42:27.9820902+01:00" testType="13cdc9d9-ddb5-4fa4-a97d-d965ccfc6d4b" outcome="Passed" testListId="8c84fa94-04c1-424b-9868-57a2d4851a1d" relativeResultsDirectory="d9173f1e-e952-4539-8c25-63b5e2b1ba25" />
    <UnitTestResult executionId="7f1bb004-ab21-4cbe-aa61-06bcd7681786" testId="31956e43-3bda-de42-ef9d-627e0d46cdb6" testName="ReadChildElementValueAsUInt32_RangeCheck_Min_Exact" computerName="DKSR-EFI-06" duration="00:00:00.0029960" startTime="2024-01-09T15:42:03.9820476+01:00" endTime="2024-01-09T15:42:03.9976733+01:00" testType="13cdc9d9-ddb5-4fa4-a97d-d965ccfc6d4b" outcome="Passed" testListId="8c84fa94-04c1-424b-9868-57a2d4851a1d" relativeResultsDirectory="7f1bb004-ab21-4cbe-aa61-06bcd7681786" />
    <UnitTestResult executionId="730f5d69-e750-4e16-a628-e41241376064" testId="9875e3cb-a52c-72da-f7a8-cd1958e9e05d" testName="ServerFileStorageQuota_TwoConsumers_AboveLimit_PartialFail" computerName="DKSR-EFI-06" duration="00:00:00.0002310" startTime="2024-01-09T15:42:09.0601938+01:00" endTime="2024-01-09T15:42:09.0601938+01:00" testType="13cdc9d9-ddb5-4fa4-a97d-d965ccfc6d4b" outcome="Passed" testListId="8c84fa94-04c1-424b-9868-57a2d4851a1d" relativeResultsDirectory="730f5d69-e750-4e16-a628-e41241376064" />
    <UnitTestResult executionId="0e72c993-b184-4825-a455-4c358e41ce53" testId="bbc953c5-d914-f6c7-2363-bf06389c6847" testName="AsString_Null_Throws_ArgumentNullException" computerName="DKSR-EFI-06" duration="00:00:00.0004034" startTime="2024-01-09T15:42:29.5289666+01:00" endTime="2024-01-09T15:42:29.5289666+01:00" testType="13cdc9d9-ddb5-4fa4-a97d-d965ccfc6d4b" outcome="Passed" testListId="8c84fa94-04c1-424b-9868-57a2d4851a1d" relativeResultsDirectory="0e72c993-b184-4825-a455-4c358e41ce53" />
    <UnitTestResult executionId="e57bcb4b-4b57-4732-8a70-c636a9163fe4" testId="893bfa2a-e628-42ae-9303-9a66c7e9adb7" testName="Index_GetEntriesByKey_Null_ThrowArgumentNullException" computerName="DKSR-EFI-06" duration="00:00:00.0017192" startTime="2024-01-09T15:42:04.2320499+01:00" endTime="2024-01-09T15:42:04.2320499+01:00" testType="13cdc9d9-ddb5-4fa4-a97d-d965ccfc6d4b" outcome="Passed" testListId="8c84fa94-04c1-424b-9868-57a2d4851a1d" relativeResultsDirectory="e57bcb4b-4b57-4732-8a70-c636a9163fe4">
      <Output>
        <StdOut>Debug Trace:&#xD;
Fail: Argument null</StdOut>
      </Output>
    </UnitTestResult>
    <UnitTestResult executionId="2d1f0ac0-b1ff-403e-ad63-76e92253680b" testId="286a4502-ed93-b14f-8f8b-09e9b94bb48b" testName="Invoke_RequiredScopeFound_NextIsCalled" computerName="DKSR-EFI-06" duration="00:00:00.0020174" startTime="2024-01-09T15:42:11.0601980+01:00" endTime="2024-01-09T15:42:11.0601980+01:00" testType="13cdc9d9-ddb5-4fa4-a97d-d965ccfc6d4b" outcome="Passed" testListId="8c84fa94-04c1-424b-9868-57a2d4851a1d" relativeResultsDirectory="2d1f0ac0-b1ff-403e-ad63-76e92253680b" />
    <UnitTestResult executionId="20622196-d68a-4258-9932-fe33f250470f" testId="4cbff1e7-792c-03a2-2ac7-e1c18ad2e327" testName="TestGetRegionsAsByteArrayCopy" computerName="DKSR-EFI-06" duration="00:00:00.0004766" startTime="2024-01-09T15:42:27.9820902+01:00" endTime="2024-01-09T15:42:27.9820902+01:00" testType="13cdc9d9-ddb5-4fa4-a97d-d965ccfc6d4b" outcome="Passed" testListId="8c84fa94-04c1-424b-9868-57a2d4851a1d" relativeResultsDirectory="20622196-d68a-4258-9932-fe33f250470f" />
    <UnitTestResult executionId="8f8109a0-9521-4edf-a788-9d2dd286edf4" testId="0e8e8f51-e792-357b-775e-46170c5c6d6b" testName="ReadChildElementValueAsUInt64_RangeCheck_Min_Exact" computerName="DKSR-EFI-06" duration="00:00:00.0029587" startTime="2024-01-09T15:42:04.0445487+01:00" endTime="2024-01-09T15:42:04.0601742+01:00" testType="13cdc9d9-ddb5-4fa4-a97d-d965ccfc6d4b" outcome="Passed" testListId="8c84fa94-04c1-424b-9868-57a2d4851a1d" relativeResultsDirectory="8f8109a0-9521-4edf-a788-9d2dd286edf4" />
    <UnitTestResult executionId="39410526-e277-4ae3-9494-17e5147deed0" testId="0ba4b513-76a8-253a-52cc-0f1c069b1568" testName="SendOnlyEndpoint_EndpointNull_ArgumentNullExceptionThrown" computerName="DKSR-EFI-06" duration="00:00:00.0064678" startTime="2024-01-09T15:42:01.3726596+01:00" endTime="2024-01-09T15:42:01.3726596+01:00" testType="13cdc9d9-ddb5-4fa4-a97d-d965ccfc6d4b" outcome="Passed" testListId="8c84fa94-04c1-424b-9868-57a2d4851a1d" relativeResultsDirectory="39410526-e277-4ae3-9494-17e5147deed0">
      <Output>
        <StdOut>Debug Trace:&#xD;
Fail: Argument null</StdOut>
      </Output>
    </UnitTestResult>
    <UnitTestResult executionId="492e8459-3913-4c69-9130-955a56f25a40" testId="1bb45ffc-5beb-e45c-2015-6b9c78d2c2d4" testName="Encrypt_DataSetHasUnchangedRow_DataSetIsNotChanged" computerName="DKSR-EFI-06" duration="00:00:00.0032446" startTime="2024-01-09T15:42:28.0142577+01:00" endTime="2024-01-09T15:42:28.0142577+01:00" testType="13cdc9d9-ddb5-4fa4-a97d-d965ccfc6d4b" outcome="Passed" testListId="8c84fa94-04c1-424b-9868-57a2d4851a1d" relativeResultsDirectory="492e8459-3913-4c69-9130-955a56f25a40" />
    <UnitTestResult executionId="aab78eb8-149c-40b5-82d7-967fc3ef7d65" testId="c5db308c-4f9f-380c-a164-38c86060a6bf" testName="LicenseDocument_ThrowsUnsupportedLicensingModeError_OnLicenseWithoutWhitelist" computerName="DKSR-EFI-06" duration="00:00:00.0015849" startTime="2024-01-09T15:42:26.1383402+01:00" endTime="2024-01-09T15:42:26.1383402+01:00" testType="13cdc9d9-ddb5-4fa4-a97d-d965ccfc6d4b" outcome="Passed" testListId="8c84fa94-04c1-424b-9868-57a2d4851a1d" relativeResultsDirectory="aab78eb8-149c-40b5-82d7-967fc3ef7d65" />
    <UnitTestResult executionId="cff1cb69-bf3c-429c-83b0-0082a97c1333" testId="c79e30b7-bdee-4086-a276-f11ba4888a53" testName="FeatureManager_TryGetFeatureParameterValueT_Parameter_Not_Found" computerName="DKSR-EFI-06" duration="00:00:00.0007360" startTime="2024-01-09T15:42:18.3102109+01:00" endTime="2024-01-09T15:42:18.3102109+01:00" testType="13cdc9d9-ddb5-4fa4-a97d-d965ccfc6d4b" outcome="Passed" testListId="8c84fa94-04c1-424b-9868-57a2d4851a1d" relativeResultsDirectory="cff1cb69-bf3c-429c-83b0-0082a97c1333" />
    <UnitTestResult executionId="db91b446-dfa7-4ce3-9f12-e689c3e6cbcb" testId="5190f507-2af6-6fa6-ccdb-708f60c064f9" testName="TestGetRegionsAsInvertedBooleanArray" computerName="DKSR-EFI-06" duration="00:00:00.0029624" startTime="2024-01-09T15:42:27.9664642+01:00" endTime="2024-01-09T15:42:27.9664642+01:00" testType="13cdc9d9-ddb5-4fa4-a97d-d965ccfc6d4b" outcome="Passed" testListId="8c84fa94-04c1-424b-9868-57a2d4851a1d" relativeResultsDirectory="db91b446-dfa7-4ce3-9f12-e689c3e6cbcb" />
    <UnitTestResult executionId="7d02d06e-6e07-4d03-b136-cf1e16a8b088" testId="1788b1c8-8550-8ec7-916f-51b6ac1b19d1" testName="Validate_DevicesCountUsingOneLicense_NotShown_WhenTheCountIsZero" computerName="DKSR-EFI-06" duration="00:00:00.0018805" startTime="2024-01-09T15:42:26.3414635+01:00" endTime="2024-01-09T15:42:26.3414635+01:00" testType="13cdc9d9-ddb5-4fa4-a97d-d965ccfc6d4b" outcome="Passed" testListId="8c84fa94-04c1-424b-9868-57a2d4851a1d" relativeResultsDirectory="7d02d06e-6e07-4d03-b136-cf1e16a8b088" />
    <UnitTestResult executionId="0c057159-8513-469a-922f-329546d0c480" testId="4b411e7b-0fb6-c0ce-a957-e5eb823bd622" testName="ExecuteRuleActionsModelTest_Json_Serialize_Deserialize" computerName="DKSR-EFI-06" duration="00:00:00.1207786" startTime="2024-01-09T15:42:10.2789468+01:00" endTime="2024-01-09T15:42:10.4039482+01:00" testType="13cdc9d9-ddb5-4fa4-a97d-d965ccfc6d4b" outcome="Passed" testListId="8c84fa94-04c1-424b-9868-57a2d4851a1d" relativeResultsDirectory="0c057159-8513-469a-922f-329546d0c480" />
    <UnitTestResult executionId="e62338c4-2bc3-4981-ac4f-49eaa4907dad" testId="28021bac-065f-20d5-f3da-4ca0066054f4" testName="RemoveKey_RemovesAllItems" computerName="DKSR-EFI-06" duration="00:00:00.0009536" startTime="2024-01-09T15:42:04.3101757+01:00" endTime="2024-01-09T15:42:04.3101757+01:00" testType="13cdc9d9-ddb5-4fa4-a97d-d965ccfc6d4b" outcome="Passed" testListId="8c84fa94-04c1-424b-9868-57a2d4851a1d" relativeResultsDirectory="e62338c4-2bc3-4981-ac4f-49eaa4907dad" />
    <UnitTestResult executionId="aa746768-bdf3-49c3-b9fb-18e7a467cb1e" testId="b4fd159a-ccfe-eae2-8457-eea5e622067d" testName="CreateHttpsUri_HttpDefaultPort_UsePortNegativeOne_ThrowsArgumentOutOfRangeException" computerName="DKSR-EFI-06" duration="00:00:00.0006029" startTime="2024-01-09T15:42:29.2477141+01:00" endTime="2024-01-09T15:42:29.2477141+01:00" testType="13cdc9d9-ddb5-4fa4-a97d-d965ccfc6d4b" outcome="Passed" testListId="8c84fa94-04c1-424b-9868-57a2d4851a1d" relativeResultsDirectory="aa746768-bdf3-49c3-b9fb-18e7a467cb1e" />
    <UnitTestResult executionId="4b211a02-b6ea-430d-8bc7-e9836f76d8f4" testId="b3dd11fa-1c21-034f-f3e3-0c71df15bc38" testName="BulkEventModel_Validate_CallContext_Null" computerName="DKSR-EFI-06" duration="00:00:00.0056910" startTime="2024-01-09T15:42:11.4351977+01:00" endTime="2024-01-09T15:42:11.4508245+01:00" testType="13cdc9d9-ddb5-4fa4-a97d-d965ccfc6d4b" outcome="Passed" testListId="8c84fa94-04c1-424b-9868-57a2d4851a1d" relativeResultsDirectory="4b211a02-b6ea-430d-8bc7-e9836f76d8f4" />
    <UnitTestResult executionId="4b469767-92bf-4ae3-a38e-63d04458c63f" testId="56a065fc-61ac-8dcf-0f48-81d25ba788ec" testName="WebApiException_RouteSet_RouteInException" computerName="DKSR-EFI-06" duration="00:00:00.0001771" startTime="2024-01-09T15:42:12.9195768+01:00" endTime="2024-01-09T15:42:12.9195768+01:00" testType="13cdc9d9-ddb5-4fa4-a97d-d965ccfc6d4b" outcome="Passed" testListId="8c84fa94-04c1-424b-9868-57a2d4851a1d" relativeResultsDirectory="4b469767-92bf-4ae3-a38e-63d04458c63f" />
    <UnitTestResult executionId="720bef50-78f6-4a9c-a4b2-009bcfe30d4f" testId="158e73b6-09d2-3c34-669e-54356602b7ec" testName="ResponseModel_EmptyToken_ValidationFailure" computerName="DKSR-EFI-06" duration="00:00:00.0006396" startTime="2024-01-09T15:42:12.7320767+01:00" endTime="2024-01-09T15:42:12.7320767+01:00" testType="13cdc9d9-ddb5-4fa4-a97d-d965ccfc6d4b" outcome="Passed" testListId="8c84fa94-04c1-424b-9868-57a2d4851a1d" relativeResultsDirectory="720bef50-78f6-4a9c-a4b2-009bcfe30d4f" />
    <UnitTestResult executionId="22f8e077-24c3-4b19-8bf7-d4bbe0316e03" testId="f09cfc71-d460-2af4-70fc-ccb7ff1f2664" testName="WhiteList_IsHardwareWhiteListed_DriverNotWhiteListedModelNameNull_ReturnsFalse" computerName="DKSR-EFI-06" duration="00:00:00.0007242" startTime="2024-01-09T15:42:26.4820894+01:00" endTime="2024-01-09T15:42:26.4820894+01:00" testType="13cdc9d9-ddb5-4fa4-a97d-d965ccfc6d4b" outcome="Passed" testListId="8c84fa94-04c1-424b-9868-57a2d4851a1d" relativeResultsDirectory="22f8e077-24c3-4b19-8bf7-d4bbe0316e03" />
    <UnitTestResult executionId="336ba8d7-33fa-4b34-ad80-923259466057" testId="342b8f7f-2a82-20b5-b26c-f5fe4c49f791" testName="LicenseActivationService_AcquireLicense_AccessDenied_SlcNotFound" computerName="DKSR-EFI-06" duration="00:00:00.0029385" startTime="2024-01-09T15:42:18.6852102+01:00" endTime="2024-01-09T15:42:18.6852102+01:00" testType="13cdc9d9-ddb5-4fa4-a97d-d965ccfc6d4b" outcome="Passed" testListId="8c84fa94-04c1-424b-9868-57a2d4851a1d" relativeResultsDirectory="336ba8d7-33fa-4b34-ad80-923259466057" />
    <UnitTestResult executionId="17cfb09c-c51d-46c1-9a91-7fe763152e04" testId="a647f8bf-d41a-f3dd-efa0-b9a69b0bb3ad" testName="RecorderInfo_Construct_NullDevicePackInfo_ConvertsToEmptyString" computerName="DKSR-EFI-06" duration="00:00:00.0005229" startTime="2024-01-09T15:42:26.5445911+01:00" endTime="2024-01-09T15:42:26.5445911+01:00" testType="13cdc9d9-ddb5-4fa4-a97d-d965ccfc6d4b" outcome="Passed" testListId="8c84fa94-04c1-424b-9868-57a2d4851a1d" relativeResultsDirectory="17cfb09c-c51d-46c1-9a91-7fe763152e04" />
    <UnitTestResult executionId="d2baa7a2-8c1d-4c1b-9dce-aaf4154db1fa" testId="19c37f8a-03dc-e367-00f5-82f23a5f20a5" testName="HardwareInfo_HasCameraDevices_ReturnsTrue_WhenHasCamerasWithMatchingLicenseStates" computerName="DKSR-EFI-06" duration="00:00:00.0013625" startTime="2024-01-09T15:42:18.4820847+01:00" endTime="2024-01-09T15:42:18.4820847+01:00" testType="13cdc9d9-ddb5-4fa4-a97d-d965ccfc6d4b" outcome="Passed" testListId="8c84fa94-04c1-424b-9868-57a2d4851a1d" relativeResultsDirectory="d2baa7a2-8c1d-4c1b-9dce-aaf4154db1fa" />
    <UnitTestResult executionId="90ee48c2-3e7a-4c1b-b148-c7bc1d08ce99" testId="4aa0aa31-2dbc-1921-326d-c42cc6acfe2d" testName="ModelValidation_ValidModel_Success" computerName="DKSR-EFI-06" duration="00:00:00.0020752" startTime="2024-01-09T15:42:11.8726991+01:00" endTime="2024-01-09T15:42:11.8883258+01:00" testType="13cdc9d9-ddb5-4fa4-a97d-d965ccfc6d4b" outcome="Passed" testListId="8c84fa94-04c1-424b-9868-57a2d4851a1d" relativeResultsDirectory="90ee48c2-3e7a-4c1b-b148-c7bc1d08ce99" />
    <UnitTestResult executionId="b243f39f-54e6-4941-a7e2-2a7e3be3521f" testId="c957edcd-b4ea-11a0-574c-b491655dded4" testName="Constructor_ThrowsArgumentNullException_OnNull" computerName="DKSR-EFI-06" duration="00:00:00.0011529" startTime="2024-01-09T15:42:17.9664594+01:00" endTime="2024-01-09T15:42:17.9664594+01:00" testType="13cdc9d9-ddb5-4fa4-a97d-d965ccfc6d4b" outcome="Passed" testListId="8c84fa94-04c1-424b-9868-57a2d4851a1d" relativeResultsDirectory="b243f39f-54e6-4941-a7e2-2a7e3be3521f" />
    <UnitTestResult executionId="8faecea1-6065-4edc-82b8-d15aaa4349e4" testId="6ee2a6b6-87cf-4f98-5142-b8f7a01ffdac" testName="ServerFileStorageEntry_Persist_Success" computerName="DKSR-EFI-06" duration="00:00:00.0002809" startTime="2024-01-09T15:42:09.2164462+01:00" endTime="2024-01-09T15:42:09.2164462+01:00" testType="13cdc9d9-ddb5-4fa4-a97d-d965ccfc6d4b" outcome="Passed" testListId="8c84fa94-04c1-424b-9868-57a2d4851a1d" relativeResultsDirectory="8faecea1-6065-4edc-82b8-d15aaa4349e4" />
    <UnitTestResult executionId="61909405-4c71-4ad5-8df2-103305315660" testId="7902852e-7786-5519-d653-f451c8845231" testName="ReadChildElementValueAsUInt16_RangeCheck_Min_Exact" computerName="DKSR-EFI-06" duration="00:00:00.0002139" startTime="2024-01-09T15:42:04.0289227+01:00" endTime="2024-01-09T15:42:04.0289227+01:00" testType="13cdc9d9-ddb5-4fa4-a97d-d965ccfc6d4b" outcome="Passed" testListId="8c84fa94-04c1-424b-9868-57a2d4851a1d" relativeResultsDirectory="61909405-4c71-4ad5-8df2-103305315660" />
    <UnitTestResult executionId="15b3afa9-7b5b-4ca7-801a-c82abd243185" testId="2c5af7c3-c486-9f5c-c05d-ad45a428b434" testName="Decrypt_DataSetHasEmptyPassword_PasswordIsStillEmpty" computerName="DKSR-EFI-06" duration="00:00:00.0019553" startTime="2024-01-09T15:42:28.0602153+01:00" endTime="2024-01-09T15:42:28.0602153+01:00" testType="13cdc9d9-ddb5-4fa4-a97d-d965ccfc6d4b" outcome="Passed" testListId="8c84fa94-04c1-424b-9868-57a2d4851a1d" relativeResultsDirectory="15b3afa9-7b5b-4ca7-801a-c82abd243185" />
    <UnitTestResult executionId="ef96e5f4-bbcb-42ce-b5f7-8cd097da7117" testId="8a6d9749-f73c-4b81-c257-2d5475ff5df3" testName="CreateHttpUri_NoScheme_UsePort444_BecomesHttpPort444" computerName="DKSR-EFI-06" duration="00:00:00.0001980" startTime="2024-01-09T15:42:29.2008391+01:00" endTime="2024-01-09T15:42:29.2008391+01:00" testType="13cdc9d9-ddb5-4fa4-a97d-d965ccfc6d4b" outcome="Passed" testListId="8c84fa94-04c1-424b-9868-57a2d4851a1d" relativeResultsDirectory="ef96e5f4-bbcb-42ce-b5f7-8cd097da7117" />
    <UnitTestResult executionId="afeeca27-540e-4808-9e4c-17b70acfd242" testId="eba99153-bd66-8f09-238c-5d71eec60aa7" testName="Index_RemoveKey_Null_Throws_ArgumentNullException" computerName="DKSR-EFI-06" duration="00:00:00.0013301" startTime="2024-01-09T15:42:04.2476742+01:00" endTime="2024-01-09T15:42:04.2476742+01:00" testType="13cdc9d9-ddb5-4fa4-a97d-d965ccfc6d4b" outcome="Passed" testListId="8c84fa94-04c1-424b-9868-57a2d4851a1d" relativeResultsDirectory="afeeca27-540e-4808-9e4c-17b70acfd242">
      <Output>
        <StdOut>Debug Trace:&#xD;
Fail: Argument null</StdOut>
      </Output>
    </UnitTestResult>
    <UnitTestResult executionId="6807cc15-f707-49a8-9441-06dd914ad9e9" testId="0d1d9412-0cdd-2f20-6c17-ba9f8ebbc553" testName="ServiceContainer_GetInstance_CreationTakesParamatersNotFound_ThrowsInvalidOperationException" computerName="DKSR-EFI-06" duration="00:00:00.0070252" startTime="2024-01-09T15:42:01.7945376+01:00" endTime="2024-01-09T15:42:01.8101615+01:00" testType="13cdc9d9-ddb5-4fa4-a97d-d965ccfc6d4b" outcome="Passed" testListId="8c84fa94-04c1-424b-9868-57a2d4851a1d" relativeResultsDirectory="6807cc15-f707-49a8-9441-06dd914ad9e9" />
    <UnitTestResult executionId="107321cf-411a-4ded-8539-1312920c89f3" testId="559e5181-3408-767b-882d-6ab6a14c72ff" testName="Recorder_Construct_InvalidGuid_Empty_Throws_ArgumentException" computerName="DKSR-EFI-06" duration="00:00:00.0015412" startTime="2024-01-09T15:42:26.2320922+01:00" endTime="2024-01-09T15:42:26.2320922+01:00" testType="13cdc9d9-ddb5-4fa4-a97d-d965ccfc6d4b" outcome="Passed" testListId="8c84fa94-04c1-424b-9868-57a2d4851a1d" relativeResultsDirectory="107321cf-411a-4ded-8539-1312920c89f3" />
    <UnitTestResult executionId="75f1ca8d-abf1-42c9-8288-a94b5667a912" testId="45db66ab-a575-0293-4ffd-ec4abdb03548" testName="FeatureManager_TryGetFeatureParameterValueT_Enum_OutOfRange_Value" computerName="DKSR-EFI-06" duration="00:00:00.0004201" startTime="2024-01-09T15:42:18.3258357+01:00" endTime="2024-01-09T15:42:18.3258357+01:00" testType="13cdc9d9-ddb5-4fa4-a97d-d965ccfc6d4b" outcome="Passed" testListId="8c84fa94-04c1-424b-9868-57a2d4851a1d" relativeResultsDirectory="75f1ca8d-abf1-42c9-8288-a94b5667a912" />
    <UnitTestResult executionId="340690da-2cf7-4a2b-8ce6-c8963588d9d7" testId="8137583d-b5a2-8cc4-15ed-97b48f8e86ed" testName="Receive_TokenCancellationExceptionThrown_ExceptionLoggedAndTimeoutExceptionThrown" computerName="DKSR-EFI-06" duration="00:00:00.0225265" startTime="2024-01-09T15:42:01.5914135+01:00" endTime="2024-01-09T15:42:01.6226649+01:00" testType="13cdc9d9-ddb5-4fa4-a97d-d965ccfc6d4b" outcome="Passed" testListId="8c84fa94-04c1-424b-9868-57a2d4851a1d" relativeResultsDirectory="340690da-2cf7-4a2b-8ce6-c8963588d9d7" />
    <UnitTestResult executionId="ce3a255b-cc43-46e7-ba22-8103402ce774" testId="a34f5e56-3a10-d59a-ae32-fe0e930ffbeb" testName="ScanParameters_ModificationTest" computerName="DKSR-EFI-06" duration="00:00:00.0022384" startTime="2024-01-09T15:42:03.7945473+01:00" endTime="2024-01-09T15:42:03.7945473+01:00" testType="13cdc9d9-ddb5-4fa4-a97d-d965ccfc6d4b" outcome="Passed" testListId="8c84fa94-04c1-424b-9868-57a2d4851a1d" relativeResultsDirectory="ce3a255b-cc43-46e7-ba22-8103402ce774" />
    <UnitTestResult executionId="867e5718-afc9-449b-858b-db507824f7a5" testId="a63deb4a-f738-6f93-7e6a-2f1713f5f8cf" testName="CreateHttpUri_HttpsDefaultPort_UsePort65536_ThrowsArgumentOutOfRangeException" computerName="DKSR-EFI-06" duration="00:00:00.0005814" startTime="2024-01-09T15:42:29.2008391+01:00" endTime="2024-01-09T15:42:29.2008391+01:00" testType="13cdc9d9-ddb5-4fa4-a97d-d965ccfc6d4b" outcome="Passed" testListId="8c84fa94-04c1-424b-9868-57a2d4851a1d" relativeResultsDirectory="867e5718-afc9-449b-858b-db507824f7a5" />
    <UnitTestResult executionId="848f8457-498a-41b5-ab5e-a1732aef1cf0" testId="a8adb570-3c77-fd92-2880-fcff3132e10b" testName="ReadChildElementValueAsUInt64_NameNull" computerName="DKSR-EFI-06" duration="00:00:00.0007392" startTime="2024-01-09T15:42:04.0914257+01:00" endTime="2024-01-09T15:42:04.0914257+01:00" testType="13cdc9d9-ddb5-4fa4-a97d-d965ccfc6d4b" outcome="Passed" testListId="8c84fa94-04c1-424b-9868-57a2d4851a1d" relativeResultsDirectory="848f8457-498a-41b5-ab5e-a1732aef1cf0" />
    <UnitTestResult executionId="c8a4344c-7a0b-433b-89e3-174b382b6701" testId="2ac88b5e-e21a-d704-0b31-d00edcc113ea" testName="Encrypt_DataSetIsNull_ThrowsArgumentNullException" computerName="DKSR-EFI-06" duration="00:00:00.0141064" startTime="2024-01-09T15:42:27.9977141+01:00" endTime="2024-01-09T15:42:28.0142577+01:00" testType="13cdc9d9-ddb5-4fa4-a97d-d965ccfc6d4b" outcome="Passed" testListId="8c84fa94-04c1-424b-9868-57a2d4851a1d" relativeResultsDirectory="c8a4344c-7a0b-433b-89e3-174b382b6701">
      <Output>
        <StdOut>Debug Trace:&#xD;
Fail: Argument null</StdOut>
      </Output>
    </UnitTestResult>
    <UnitTestResult executionId="45f52bb4-96f4-46f8-987b-a18b05d6eb97" testId="9bdf6be6-679b-a437-2d7b-01ddb8e09c21" testName="ToModelRule_ValidEntry_SuccessConvertion" computerName="DKSR-EFI-06" duration="00:00:00.0007589" startTime="2024-01-09T15:42:12.4664510+01:00" endTime="2024-01-09T15:42:12.4664510+01:00" testType="13cdc9d9-ddb5-4fa4-a97d-d965ccfc6d4b" outcome="Passed" testListId="8c84fa94-04c1-424b-9868-57a2d4851a1d" relativeResultsDirectory="45f52bb4-96f4-46f8-987b-a18b05d6eb97" />
    <UnitTestResult executionId="c8a648e3-d706-419a-8a73-3fab5874ab4f" testId="5379854c-5a53-d1d1-17a2-fdf8ef07efce" testName="ServiceContainer_GetService_InstanceNotFound_ReturnsNull" computerName="DKSR-EFI-06" duration="00:00:00.0007841" startTime="2024-01-09T15:42:01.8101615+01:00" endTime="2024-01-09T15:42:01.8101615+01:00" testType="13cdc9d9-ddb5-4fa4-a97d-d965ccfc6d4b" outcome="Passed" testListId="8c84fa94-04c1-424b-9868-57a2d4851a1d" relativeResultsDirectory="c8a648e3-d706-419a-8a73-3fab5874ab4f" />
    <UnitTestResult executionId="81c852ca-c223-4f40-a696-c5200d3611af" testId="6ff91918-d14f-f10f-01ae-0b6a8d141ff7" testName="CreateHttpsUri_NoScheme_UseDefaultPortTrue_BecomesHttpsPort443" computerName="DKSR-EFI-06" duration="00:00:00.0001765" startTime="2024-01-09T15:42:29.2320910+01:00" endTime="2024-01-09T15:42:29.2320910+01:00" testType="13cdc9d9-ddb5-4fa4-a97d-d965ccfc6d4b" outcome="Passed" testListId="8c84fa94-04c1-424b-9868-57a2d4851a1d" relativeResultsDirectory="81c852ca-c223-4f40-a696-c5200d3611af" />
    <UnitTestResult executionId="d736d26a-a854-4640-a2b5-674523b8dab0" testId="45eec0fb-e186-bb42-a930-4d27173912d7" testName="CalculateLicenseRequirements_EnabledHardware_DisabledCamera_EnabledSpeaker_UsesOneLicense" computerName="DKSR-EFI-06" duration="00:00:00.0007261" startTime="2024-01-09T15:42:18.8414612+01:00" endTime="2024-01-09T15:42:18.8570851+01:00" testType="13cdc9d9-ddb5-4fa4-a97d-d965ccfc6d4b" outcome="Passed" testListId="8c84fa94-04c1-424b-9868-57a2d4851a1d" relativeResultsDirectory="d736d26a-a854-4640-a2b5-674523b8dab0" />
    <UnitTestResult executionId="aa8309a8-2249-4199-bbf5-313f4460612c" testId="d4b7efc7-4d79-a4b9-746e-2119343bfa87" testName="BindToType_BindToNonAllowedTypes_InvalidOperationException" computerName="DKSR-EFI-06" duration="00:00:00.0008343" startTime="2024-01-09T15:42:10.2633196+01:00" endTime="2024-01-09T15:42:10.2633196+01:00" testType="13cdc9d9-ddb5-4fa4-a97d-d965ccfc6d4b" outcome="Passed" testListId="8c84fa94-04c1-424b-9868-57a2d4851a1d" relativeResultsDirectory="aa8309a8-2249-4199-bbf5-313f4460612c" />
    <UnitTestResult executionId="9e07fdfb-3244-4558-9b60-1af5f06a5b51" testId="ee9b5af4-e9c6-d9cb-cf7b-5e10ca626f46" testName="IsEnumerationValueAac_ReturnsTrue_OnValueContaingAac" computerName="DKSR-EFI-06" duration="00:00:00.0046868" startTime="2024-01-09T15:42:26.8570885+01:00" endTime="2024-01-09T15:42:26.8570885+01:00" testType="13cdc9d9-ddb5-4fa4-a97d-d965ccfc6d4b" outcome="Passed" testListId="8c84fa94-04c1-424b-9868-57a2d4851a1d" relativeResultsDirectory="9e07fdfb-3244-4558-9b60-1af5f06a5b51" />
    <UnitTestResult executionId="58c5f7dc-e7d6-4795-87b6-c9c1c41794d7" testId="3142246b-96d4-ddfb-c96a-6e28de4cacd9" testName="Constructor_IncrementsFeedCountsForOtherDeviceTypes_OnHwWithOtherDevicesThanCameras" computerName="DKSR-EFI-06" duration="00:00:00.0007246" startTime="2024-01-09T15:42:18.0289599+01:00" endTime="2024-01-09T15:42:18.0289599+01:00" testType="13cdc9d9-ddb5-4fa4-a97d-d965ccfc6d4b" outcome="Passed" testListId="8c84fa94-04c1-424b-9868-57a2d4851a1d" relativeResultsDirectory="58c5f7dc-e7d6-4795-87b6-c9c1c41794d7" />
    <UnitTestResult executionId="076ad677-2469-474b-ab47-76ffbeb96e2b" testId="5eef3834-53ae-6cc0-49e9-188891944c67" testName="ModelValidation_ValidModel_Success" computerName="DKSR-EFI-06" duration="00:00:00.0018283" startTime="2024-01-09T15:42:12.3258264+01:00" endTime="2024-01-09T15:42:12.3258264+01:00" testType="13cdc9d9-ddb5-4fa4-a97d-d965ccfc6d4b" outcome="Passed" testListId="8c84fa94-04c1-424b-9868-57a2d4851a1d" relativeResultsDirectory="076ad677-2469-474b-ab47-76ffbeb96e2b" />
    <UnitTestResult executionId="716c49b1-407d-4844-9c03-8fcff70a8f22" testId="05479a6d-5801-5d36-e2ac-fd31e4ca3e09" testName="ModelValidation_ValidModel_Success" computerName="DKSR-EFI-06" duration="00:00:00.0010195" startTime="2024-01-09T15:42:12.2945743+01:00" endTime="2024-01-09T15:42:12.3102002+01:00" testType="13cdc9d9-ddb5-4fa4-a97d-d965ccfc6d4b" outcome="Passed" testListId="8c84fa94-04c1-424b-9868-57a2d4851a1d" relativeResultsDirectory="716c49b1-407d-4844-9c03-8fcff70a8f22" />
    <UnitTestResult executionId="b7cee273-73fa-4543-bbbf-343d277c7849" testId="1a1d36c1-a3f1-9ffa-6dda-f0438eb6a766" testName="SendAsync_OnlyEndpoint_NoError_TaskIsExecuted" computerName="DKSR-EFI-06" duration="00:00:00.0031341" startTime="2024-01-09T15:42:00.8258458+01:00" endTime="2024-01-09T15:42:00.8258458+01:00" testType="13cdc9d9-ddb5-4fa4-a97d-d965ccfc6d4b" outcome="Passed" testListId="8c84fa94-04c1-424b-9868-57a2d4851a1d" relativeResultsDirectory="b7cee273-73fa-4543-bbbf-343d277c7849" />
    <UnitTestResult executionId="69bc1229-0454-45c8-9d4f-375f542b41ab" testId="a509dfdd-8764-27a2-6db8-49cb72fabfb2" testName="IsDeviceLicensed_TwoActivatedAndOneGrace_OnActivatedICPDevice" computerName="DKSR-EFI-06" duration="00:00:00.0038531" startTime="2024-01-09T15:42:26.2008399+01:00" endTime="2024-01-09T15:42:26.2008399+01:00" testType="13cdc9d9-ddb5-4fa4-a97d-d965ccfc6d4b" outcome="Passed" testListId="8c84fa94-04c1-424b-9868-57a2d4851a1d" relativeResultsDirectory="69bc1229-0454-45c8-9d4f-375f542b41ab" />
    <UnitTestResult executionId="13b624c3-96ee-46c4-b98b-2748868ad9ba" testId="ab7ac89c-c820-fe44-1dff-643f4399c969" testName="StreamsConfiguration_ValidateConfiguration_Same_Stream_Twize" computerName="DKSR-EFI-06" duration="00:00:00.0072609" startTime="2024-01-09T15:42:09.5914432+01:00" endTime="2024-01-09T15:42:09.5914432+01:00" testType="13cdc9d9-ddb5-4fa4-a97d-d965ccfc6d4b" outcome="Passed" testListId="8c84fa94-04c1-424b-9868-57a2d4851a1d" relativeResultsDirectory="13b624c3-96ee-46c4-b98b-2748868ad9ba" />
    <UnitTestResult executionId="8d7b6a4e-a21b-4bcc-b4d2-1be6fbaa83f0" testId="f603fb9b-64f5-fdfc-2e4b-31d9c0131a57" testName="SendAsync_SendFailureException_SendFailureExceptionThrown" computerName="DKSR-EFI-06" duration="00:00:00.0023817" startTime="2024-01-09T15:42:00.9508720+01:00" endTime="2024-01-09T15:42:00.9508720+01:00" testType="13cdc9d9-ddb5-4fa4-a97d-d965ccfc6d4b" outcome="Passed" testListId="8c84fa94-04c1-424b-9868-57a2d4851a1d" relativeResultsDirectory="8d7b6a4e-a21b-4bcc-b4d2-1be6fbaa83f0" />
    <UnitTestResult executionId="609762cb-c7b2-4804-ab1c-3698653634d8" testId="c9dd264e-5a88-8d6b-118f-2e40aaa81fbc" testName="Collection_Remove_Null_Throws_ArguemtnNullException" computerName="DKSR-EFI-06" duration="00:00:00.0011759" startTime="2024-01-09T15:42:04.2632989+01:00" endTime="2024-01-09T15:42:04.2632989+01:00" testType="13cdc9d9-ddb5-4fa4-a97d-d965ccfc6d4b" outcome="Passed" testListId="8c84fa94-04c1-424b-9868-57a2d4851a1d" relativeResultsDirectory="609762cb-c7b2-4804-ab1c-3698653634d8">
      <Output>
        <StdOut>Debug Trace:&#xD;
Fail: Argument null</StdOut>
      </Output>
    </UnitTestResult>
    <UnitTestResult executionId="bef03410-c819-4c36-8cfc-efe11bb6e2bb" testId="ff51d95b-5e9a-bdf7-c6c0-7a6c26e960bc" testName="CalculateLicenseRequirements_ThreeEnabledCameras_ThreeDisabledCameras_WhitelistedDriver_RequiresOneLicenses" computerName="DKSR-EFI-06" duration="00:00:00.0009282" startTime="2024-01-09T15:42:18.8570851+01:00" endTime="2024-01-09T15:42:18.8570851+01:00" testType="13cdc9d9-ddb5-4fa4-a97d-d965ccfc6d4b" outcome="Passed" testListId="8c84fa94-04c1-424b-9868-57a2d4851a1d" relativeResultsDirectory="bef03410-c819-4c36-8cfc-efe11bb6e2bb" />
    <UnitTestResult executionId="3916c16a-22e7-42d4-adbd-26aa2fa99475" testId="b34ca1d3-d3a1-91f6-b153-ff10cd29e527" testName="SendAsync_NameResolutionFailure_EndpointNotFoundCalled" computerName="DKSR-EFI-06" duration="00:00:00.0023496" startTime="2024-01-09T15:42:00.9508720+01:00" endTime="2024-01-09T15:42:00.9663898+01:00" testType="13cdc9d9-ddb5-4fa4-a97d-d965ccfc6d4b" outcome="Passed" testListId="8c84fa94-04c1-424b-9868-57a2d4851a1d" relativeResultsDirectory="3916c16a-22e7-42d4-adbd-26aa2fa99475" />
    <UnitTestResult executionId="6d620861-ffc1-4833-9a84-5a63391e447a" testId="da9394cb-7286-3d66-4b0f-0a5b2d3d9841" testName="ImmerVisionLensesDynamicLoad_LensLoadTest" computerName="DKSR-EFI-06" duration="00:00:00.0305159" startTime="2024-01-09T15:42:26.6227140+01:00" endTime="2024-01-09T15:42:26.6539655+01:00" testType="13cdc9d9-ddb5-4fa4-a97d-d965ccfc6d4b" outcome="Passed" testListId="8c84fa94-04c1-424b-9868-57a2d4851a1d" relativeResultsDirectory="6d620861-ffc1-4833-9a84-5a63391e447a" />
    <UnitTestResult executionId="bf0b0652-73fb-4508-b0a1-1f1815a8ee3b" testId="08cf66a7-a320-c431-7d8b-29a67d292ddf" testName="LicenseActivationService_AcquireLicense_LicenseNotAllowed_DlkRemovalExceeded" computerName="DKSR-EFI-06" duration="00:00:00.0020517" startTime="2024-01-09T15:42:18.7164595+01:00" endTime="2024-01-09T15:42:18.7164595+01:00" testType="13cdc9d9-ddb5-4fa4-a97d-d965ccfc6d4b" outcome="Passed" testListId="8c84fa94-04c1-424b-9868-57a2d4851a1d" relativeResultsDirectory="bf0b0652-73fb-4508-b0a1-1f1815a8ee3b" />
    <UnitTestResult executionId="1545b0d3-1b5d-4d2a-a0af-533f88792f51" testId="1b6c8480-1617-f9a0-a9d9-17f047f7cb0e" testName="SendAsync_AuthenticationException_RetryAndSuccess" computerName="DKSR-EFI-06" duration="00:00:00.1033381" startTime="2024-01-09T15:42:01.0132845+01:00" endTime="2024-01-09T15:42:01.1070329+01:00" testType="13cdc9d9-ddb5-4fa4-a97d-d965ccfc6d4b" outcome="Passed" testListId="8c84fa94-04c1-424b-9868-57a2d4851a1d" relativeResultsDirectory="1545b0d3-1b5d-4d2a-a0af-533f88792f51" />
    <UnitTestResult executionId="11c3db63-2995-4936-b387-191a55273a51" testId="7b9c8f8f-5028-5630-dd51-5dcea7a4641b" testName="CreateHardwareLicenseCountEvaluatorChannel_CallUpdateLicenseInfoWithInvalidParameter_ThrowsArgumentNullException" computerName="DKSR-EFI-06" duration="00:00:00.0008001" startTime="2024-01-09T15:42:18.5133353+01:00" endTime="2024-01-09T15:42:18.5133353+01:00" testType="13cdc9d9-ddb5-4fa4-a97d-d965ccfc6d4b" outcome="Passed" testListId="8c84fa94-04c1-424b-9868-57a2d4851a1d" relativeResultsDirectory="11c3db63-2995-4936-b387-191a55273a51" />
    <UnitTestResult executionId="f16e74e2-e2ea-406f-b9f3-6eb75ba8e808" testId="4289ec90-7f3b-b6e9-b992-b3870017d468" testName="HardwareInfo_DriverNumberRemembered_Success" computerName="DKSR-EFI-06" duration="00:00:00.0003666" startTime="2024-01-09T15:42:18.4508357+01:00" endTime="2024-01-09T15:42:18.4508357+01:00" testType="13cdc9d9-ddb5-4fa4-a97d-d965ccfc6d4b" outcome="Passed" testListId="8c84fa94-04c1-424b-9868-57a2d4851a1d" relativeResultsDirectory="f16e74e2-e2ea-406f-b9f3-6eb75ba8e808" />
    <UnitTestResult executionId="08357562-891d-47b8-b458-88c568aa03a0" testId="f6716c04-2f0b-c495-1ad6-1fd1bedb71cd" testName="LocalCommandProcessorResponseCollector_GetNextResponse_SuccessResponse" computerName="DKSR-EFI-06" duration="00:00:00.0159103" startTime="2024-01-09T15:42:29.3258400+01:00" endTime="2024-01-09T15:42:29.3414643+01:00" testType="13cdc9d9-ddb5-4fa4-a97d-d965ccfc6d4b" outcome="Passed" testListId="8c84fa94-04c1-424b-9868-57a2d4851a1d" relativeResultsDirectory="08357562-891d-47b8-b458-88c568aa03a0" />
    <UnitTestResult executionId="4e8e2d0b-93ec-427e-814d-85987f8ac7cc" testId="41984f69-e66c-4343-2e79-9cf2ba4e6e0e" testName="FindFrameIdx_TimeBeforeF1" computerName="DKSR-EFI-06" duration="00:00:00.0880449" startTime="2024-01-09T15:42:04.3258594+01:00" endTime="2024-01-09T15:42:04.4039248+01:00" testType="13cdc9d9-ddb5-4fa4-a97d-d965ccfc6d4b" outcome="Passed" testListId="8c84fa94-04c1-424b-9868-57a2d4851a1d" relativeResultsDirectory="4e8e2d0b-93ec-427e-814d-85987f8ac7cc" />
    <UnitTestResult executionId="390dd89e-0dcb-4f81-91ed-2ce17009f3bf" testId="a4c4b508-919f-e71f-5e1b-c62a1e9a80ce" testName="WhiteList_IsHardwareWhiteListed_NotWhiteListedDriverNullModel_ReturnsFalse_ChannelLicenseCountIs5" computerName="DKSR-EFI-06" duration="00:00:00.0004834" startTime="2024-01-09T15:42:26.4977155+01:00" endTime="2024-01-09T15:42:26.4977155+01:00" testType="13cdc9d9-ddb5-4fa4-a97d-d965ccfc6d4b" outcome="Passed" testListId="8c84fa94-04c1-424b-9868-57a2d4851a1d" relativeResultsDirectory="390dd89e-0dcb-4f81-91ed-2ce17009f3bf" />
    <UnitTestResult executionId="61f81ffd-47c4-489a-a63a-4548691ed850" testId="5fa49e27-1d01-1ee0-f151-f9eef3c86726" testName="TestHasFilledCellWithEmptyArea" computerName="DKSR-EFI-06" duration="00:00:00.0013447" startTime="2024-01-09T15:42:27.9039641+01:00" endTime="2024-01-09T15:42:27.9039641+01:00" testType="13cdc9d9-ddb5-4fa4-a97d-d965ccfc6d4b" outcome="Passed" testListId="8c84fa94-04c1-424b-9868-57a2d4851a1d" relativeResultsDirectory="61f81ffd-47c4-489a-a63a-4548691ed850" />
    <UnitTestResult executionId="5678169e-183b-4a1d-bbaa-d67dc97fd728" testId="a620a607-d5ca-1edf-8228-e0c7069ead3e" testName="HardwareUnsupportedResponseModel_Validate_Success" computerName="DKSR-EFI-06" duration="00:00:00.0015562" startTime="2024-01-09T15:42:10.5601964+01:00" endTime="2024-01-09T15:42:10.5758215+01:00" testType="13cdc9d9-ddb5-4fa4-a97d-d965ccfc6d4b" outcome="Passed" testListId="8c84fa94-04c1-424b-9868-57a2d4851a1d" relativeResultsDirectory="5678169e-183b-4a1d-bbaa-d67dc97fd728" />
    <UnitTestResult executionId="e0976d18-9d34-4c7c-9019-592571e95da7" testId="2ee9ae6c-ecb2-e137-7118-36fc9e6346a7" testName="SecurityManager_HasDevicePermission_ViewLive_TimeProfile_Allowed" computerName="DKSR-EFI-06" duration="00:00:00.0074947" startTime="2024-01-09T15:42:13.2164501+01:00" endTime="2024-01-09T15:42:13.2320762+01:00" testType="13cdc9d9-ddb5-4fa4-a97d-d965ccfc6d4b" outcome="Passed" testListId="8c84fa94-04c1-424b-9868-57a2d4851a1d" relativeResultsDirectory="e0976d18-9d34-4c7c-9019-592571e95da7" />
    <UnitTestResult executionId="174e047f-7d2b-432d-821d-4f1c7b493e2b" testId="f889b14a-664f-744f-a2cb-4aa7c58e7de3" testName="RecorderInfo_ClearExistingLicenseInformation_Success" computerName="DKSR-EFI-06" duration="00:00:00.0103031" startTime="2024-01-09T15:42:26.5602152+01:00" endTime="2024-01-09T15:42:26.5602152+01:00" testType="13cdc9d9-ddb5-4fa4-a97d-d965ccfc6d4b" outcome="Passed" testListId="8c84fa94-04c1-424b-9868-57a2d4851a1d" relativeResultsDirectory="174e047f-7d2b-432d-821d-4f1c7b493e2b" />
    <UnitTestResult executionId="c01f64ce-20f5-4c82-a134-9c35f55fc5d7" testId="9ff544bc-e0a5-7ddc-b56b-ae1a7f70abbf" testName="ReadChildElementValueAsInt32_RangeCheck_Max" computerName="DKSR-EFI-06" duration="00:00:00.0004157" startTime="2024-01-09T15:42:03.9351727+01:00" endTime="2024-01-09T15:42:03.9351727+01:00" testType="13cdc9d9-ddb5-4fa4-a97d-d965ccfc6d4b" outcome="Passed" testListId="8c84fa94-04c1-424b-9868-57a2d4851a1d" relativeResultsDirectory="c01f64ce-20f5-4c82-a134-9c35f55fc5d7" />
    <UnitTestResult executionId="7a0a1a2a-f44e-4873-b8b8-4ebf6feec0d9" testId="e72e0f02-bc84-52da-1088-7cf44d8a0acb" testName="GroupConfigurationCheckForNonExistingGroupsAndMembers" computerName="DKSR-EFI-06" duration="00:00:00.0008182" startTime="2024-01-09T15:42:15.2945794+01:00" endTime="2024-01-09T15:42:15.2945794+01:00" testType="13cdc9d9-ddb5-4fa4-a97d-d965ccfc6d4b" outcome="Passed" testListId="8c84fa94-04c1-424b-9868-57a2d4851a1d" relativeResultsDirectory="7a0a1a2a-f44e-4873-b8b8-4ebf6feec0d9" />
    <UnitTestResult executionId="c168b520-d026-4c48-ac1c-09c272ace1a3" testId="86ee03b2-bd8d-d29f-bf3c-2d1d1f984432" testName="LicenseDocument_RetrievesSystemBuilderManufacturerId_Success" computerName="DKSR-EFI-06" duration="00:00:00.0021785" startTime="2024-01-09T15:42:26.1695892+01:00" endTime="2024-01-09T15:42:26.1695892+01:00" testType="13cdc9d9-ddb5-4fa4-a97d-d965ccfc6d4b" outcome="Passed" testListId="8c84fa94-04c1-424b-9868-57a2d4851a1d" relativeResultsDirectory="c168b520-d026-4c48-ac1c-09c272ace1a3" />
    <UnitTestResult executionId="5ff50adc-2933-428d-bb51-f297d9ce2bf2" testId="77ee55d0-8b37-bc1a-f55a-0fa64e918fa2" testName="RecurringSchedule_GetNextScheduleTime_Daily_Every_2_Days_Every_Hour_Between_2_00_And_8_00" computerName="DKSR-EFI-06" duration="00:00:00.0011027" startTime="2024-01-09T15:42:13.7633290+01:00" endTime="2024-01-09T15:42:13.7633290+01:00" testType="13cdc9d9-ddb5-4fa4-a97d-d965ccfc6d4b" outcome="Passed" testListId="8c84fa94-04c1-424b-9868-57a2d4851a1d" relativeResultsDirectory="5ff50adc-2933-428d-bb51-f297d9ce2bf2" />
    <UnitTestResult executionId="929bff27-5f36-4cc4-b31f-4bab8003fd64" testId="839e5d01-ff9c-ae4d-c090-45a2702211e7" testName="TestCopyConstructorWithValidArea" computerName="DKSR-EFI-06" duration="00:00:00.0023043" startTime="2024-01-09T15:42:27.9195907+01:00" endTime="2024-01-09T15:42:27.9195907+01:00" testType="13cdc9d9-ddb5-4fa4-a97d-d965ccfc6d4b" outcome="Passed" testListId="8c84fa94-04c1-424b-9868-57a2d4851a1d" relativeResultsDirectory="929bff27-5f36-4cc4-b31f-4bab8003fd64" />
    <UnitTestResult executionId="6a4a21a3-2ba1-4f14-b211-540a2b3fc40e" testId="0aacf03b-718d-9b91-1791-8fb82ec2b41d" testName="SecurityUserTokensModel_Validate_Success" computerName="DKSR-EFI-06" duration="00:00:00.0031836" startTime="2024-01-09T15:42:12.0445775+01:00" endTime="2024-01-09T15:42:12.0445775+01:00" testType="13cdc9d9-ddb5-4fa4-a97d-d965ccfc6d4b" outcome="Passed" testListId="8c84fa94-04c1-424b-9868-57a2d4851a1d" relativeResultsDirectory="6a4a21a3-2ba1-4f14-b211-540a2b3fc40e" />
    <UnitTestResult executionId="de9a4a6a-8a38-4986-9001-e75a61f42d32" testId="a631a206-782f-0ee2-cbfb-14156bf5a95d" testName="LicenseActivationService_AcquireLicense_LicenseNotAllowed_TooManyCamerasRequested" computerName="DKSR-EFI-06" duration="00:00:00.0019929" startTime="2024-01-09T15:42:18.7789613+01:00" endTime="2024-01-09T15:42:18.7789613+01:00" testType="13cdc9d9-ddb5-4fa4-a97d-d965ccfc6d4b" outcome="Passed" testListId="8c84fa94-04c1-424b-9868-57a2d4851a1d" relativeResultsDirectory="de9a4a6a-8a38-4986-9001-e75a61f42d32" />
    <UnitTestResult executionId="76673f97-773b-43b9-8236-8922a4603086" testId="750014a1-0857-0d0b-44f3-fcfa369b7c2e" testName="CreateInstance_ValidName_ValidSearchMethod_Exact_Success" computerName="DKSR-EFI-06" duration="00:00:00.0001499" startTime="2024-01-09T15:42:26.5914652+01:00" endTime="2024-01-09T15:42:26.5914652+01:00" testType="13cdc9d9-ddb5-4fa4-a97d-d965ccfc6d4b" outcome="Passed" testListId="8c84fa94-04c1-424b-9868-57a2d4851a1d" relativeResultsDirectory="76673f97-773b-43b9-8236-8922a4603086" />
    <UnitTestResult executionId="0697f7f8-abdf-4f0f-9274-1cbdebf68efe" testId="38e57c8d-c143-6e35-6df7-3b382085c25f" testName="Test_MemberOf_SimpleBranched" computerName="DKSR-EFI-06" duration="00:00:00.0011771" startTime="2024-01-09T15:42:29.5914636+01:00" endTime="2024-01-09T15:42:29.6070904+01:00" testType="13cdc9d9-ddb5-4fa4-a97d-d965ccfc6d4b" outcome="Passed" testListId="8c84fa94-04c1-424b-9868-57a2d4851a1d" relativeResultsDirectory="0697f7f8-abdf-4f0f-9274-1cbdebf68efe" />
    <UnitTestResult executionId="1e097396-42f3-47ce-953f-9a46475f6407" testId="9ceb2df6-706b-6b77-4b6f-53f10678b1b7" testName="SendAsync_OnlyEndpoint_WithReturnType_NoError_TaskIsExecuted" computerName="DKSR-EFI-06" duration="00:00:00.0175209" startTime="2024-01-09T15:42:00.8414712+01:00" endTime="2024-01-09T15:42:00.8570936+01:00" testType="13cdc9d9-ddb5-4fa4-a97d-d965ccfc6d4b" outcome="Passed" testListId="8c84fa94-04c1-424b-9868-57a2d4851a1d" relativeResultsDirectory="1e097396-42f3-47ce-953f-9a46475f6407" />
    <UnitTestResult executionId="4327b94e-6da0-404d-843e-d1303ccd214c" testId="be49edaa-7c8c-214f-98ad-1b05c75472a4" testName="ResponseException_ResponseSet_ResponseInException" computerName="DKSR-EFI-06" duration="00:00:00.0003711" startTime="2024-01-09T15:42:12.7950914+01:00" endTime="2024-01-09T15:42:12.7950914+01:00" testType="13cdc9d9-ddb5-4fa4-a97d-d965ccfc6d4b" outcome="Passed" testListId="8c84fa94-04c1-424b-9868-57a2d4851a1d" relativeResultsDirectory="4327b94e-6da0-404d-843e-d1303ccd214c" />
    <UnitTestResult executionId="05374d15-87c3-4b31-9081-1dd38c008b06" testId="c71e2d38-cb5b-8ca7-55c4-ceedb25164fb" testName="SendAsync_AuthenticationExceptionTwice_ThrowUnauthorizationException" computerName="DKSR-EFI-06" duration="00:00:00.0023774" startTime="2024-01-09T15:42:01.1070329+01:00" endTime="2024-01-09T15:42:01.1226607+01:00" testType="13cdc9d9-ddb5-4fa4-a97d-d965ccfc6d4b" outcome="Passed" testListId="8c84fa94-04c1-424b-9868-57a2d4851a1d" relativeResultsDirectory="05374d15-87c3-4b31-9081-1dd38c008b06" />
    <UnitTestResult executionId="314cc3ed-f0c6-4a3b-bd41-5c1a1fbc9f44" testId="8b3bdd76-be17-d72f-6f3e-f2f3dbdb323c" testName="Schemes_SerializeAndDeserializeEmptyItemTest" computerName="DKSR-EFI-06" duration="00:00:00.0050846" startTime="2024-01-09T15:42:26.9195908+01:00" endTime="2024-01-09T15:42:26.9195908+01:00" testType="13cdc9d9-ddb5-4fa4-a97d-d965ccfc6d4b" outcome="Passed" testListId="8c84fa94-04c1-424b-9868-57a2d4851a1d" relativeResultsDirectory="314cc3ed-f0c6-4a3b-bd41-5c1a1fbc9f44" />
    <UnitTestResult executionId="e041c4b7-b3b5-4353-84be-0af0a6336018" testId="7fc5a7e1-ad16-5239-3d39-0cbfb8752fdc" testName="HttpClientCommunicatorWrapper_SendAsyncTObj_CommunicationException" computerName="DKSR-EFI-06" duration="00:00:00.0009583" startTime="2024-01-09T15:42:11.3414526+01:00" endTime="2024-01-09T15:42:11.3414526+01:00" testType="13cdc9d9-ddb5-4fa4-a97d-d965ccfc6d4b" outcome="Passed" testListId="8c84fa94-04c1-424b-9868-57a2d4851a1d" relativeResultsDirectory="e041c4b7-b3b5-4353-84be-0af0a6336018" />
    <UnitTestResult executionId="701f68a7-d4d5-41cf-8f12-edeb81e9e70e" testId="258db77c-7e84-8e83-ff85-3d70192e066e" testName="HardwareInfo_DecodesDriverAndModelNameUpperWithMultipleWeirdSymbols" computerName="DKSR-EFI-06" duration="00:00:00.0004540" startTime="2024-01-09T15:42:18.4508357+01:00" endTime="2024-01-09T15:42:18.4508357+01:00" testType="13cdc9d9-ddb5-4fa4-a97d-d965ccfc6d4b" outcome="Passed" testListId="8c84fa94-04c1-424b-9868-57a2d4851a1d" relativeResultsDirectory="701f68a7-d4d5-41cf-8f12-edeb81e9e70e" />
    <UnitTestResult executionId="f7c33c68-27fa-471d-a872-14c769b86738" testId="e0c894ce-4b08-1cac-07fc-0d570b990102" testName="GetAggregateFeeds_UpdateTotalFeedCountsAcrossAllHardware_SucceedWhen_MacAddressInHardwareDictionary" computerName="DKSR-EFI-06" duration="00:00:00.0012369" startTime="2024-01-09T15:42:18.3884180+01:00" endTime="2024-01-09T15:42:18.3884180+01:00" testType="13cdc9d9-ddb5-4fa4-a97d-d965ccfc6d4b" outcome="Passed" testListId="8c84fa94-04c1-424b-9868-57a2d4851a1d" relativeResultsDirectory="f7c33c68-27fa-471d-a872-14c769b86738" />
    <UnitTestResult executionId="dfbc6483-8405-4e0b-bef8-890f604ca991" testId="93ec89d5-9dd0-e72b-aa79-a64f74489a11" testName="DatabaseOperationModel_Validation_RequiredPropertiesAreNull_Failed" computerName="DKSR-EFI-06" duration="00:00:00.0049892" startTime="2024-01-09T15:42:11.7477019+01:00" endTime="2024-01-09T15:42:11.7633252+01:00" testType="13cdc9d9-ddb5-4fa4-a97d-d965ccfc6d4b" outcome="Passed" testListId="8c84fa94-04c1-424b-9868-57a2d4851a1d" relativeResultsDirectory="dfbc6483-8405-4e0b-bef8-890f604ca991" />
    <UnitTestResult executionId="9b43317e-08bd-429c-8fc3-7176ca8b21f6" testId="8ce521cd-586b-8d63-1cb6-9c67c61ba140" testName="GenericDewarpSettings_ToXml_FromXml_Success" computerName="DKSR-EFI-06" duration="00:00:00.0029142" startTime="2024-01-09T15:42:10.2008197+01:00" endTime="2024-01-09T15:42:10.2008197+01:00" testType="13cdc9d9-ddb5-4fa4-a97d-d965ccfc6d4b" outcome="Passed" testListId="8c84fa94-04c1-424b-9868-57a2d4851a1d" relativeResultsDirectory="9b43317e-08bd-429c-8fc3-7176ca8b21f6" />
    <UnitTestResult executionId="9da1ae9d-4bd5-4f74-a7de-616fbf077362" testId="53cdb87e-3222-ba39-8bb0-35edcea4554f" testName="ServiceConnectionStatus_CommunicationConfirmed_RaiseOnlineEvent" computerName="DKSR-EFI-06" duration="00:00:00.0039886" startTime="2024-01-09T15:42:09.2476946+01:00" endTime="2024-01-09T15:42:09.2476946+01:00" testType="13cdc9d9-ddb5-4fa4-a97d-d965ccfc6d4b" outcome="Passed" testListId="8c84fa94-04c1-424b-9868-57a2d4851a1d" relativeResultsDirectory="9da1ae9d-4bd5-4f74-a7de-616fbf077362" />
    <UnitTestResult executionId="06c826b6-e9fe-44f9-9782-709e3b50618b" testId="3b0abe57-b586-f61c-8b8a-8c5dd2e2ea03" testName="ModelValidation_RequiredPropertiesAreNull_Failed" computerName="DKSR-EFI-06" duration="00:00:00.0037444" startTime="2024-01-09T15:42:12.1852017+01:00" endTime="2024-01-09T15:42:12.1852017+01:00" testType="13cdc9d9-ddb5-4fa4-a97d-d965ccfc6d4b" outcome="Passed" testListId="8c84fa94-04c1-424b-9868-57a2d4851a1d" relativeResultsDirectory="06c826b6-e9fe-44f9-9782-709e3b50618b" />
    <UnitTestResult executionId="7d9a4d6c-517a-49cc-ab75-0d750b6d147a" testId="85ef9628-b330-df63-e0f9-c5f24aa74078" testName="HttpClientCommunicatorWrapper_SendAsync_Success" computerName="DKSR-EFI-06" duration="00:00:00.0017054" startTime="2024-01-09T15:42:11.3258234+01:00" endTime="2024-01-09T15:42:11.3258234+01:00" testType="13cdc9d9-ddb5-4fa4-a97d-d965ccfc6d4b" outcome="Passed" testListId="8c84fa94-04c1-424b-9868-57a2d4851a1d" relativeResultsDirectory="7d9a4d6c-517a-49cc-ab75-0d750b6d147a" />
    <UnitTestResult executionId="8095dfb4-0079-4881-be23-af055a8f19d1" testId="fe9bc6f3-5ae0-a5e5-ce28-a1c76df55560" testName="ErrorResponseModel_NoValuesSet_ValidationFailure" computerName="DKSR-EFI-06" duration="00:00:00.0016006" startTime="2024-01-09T15:42:12.7008277+01:00" endTime="2024-01-09T15:42:12.7164523+01:00" testType="13cdc9d9-ddb5-4fa4-a97d-d965ccfc6d4b" outcome="Passed" testListId="8c84fa94-04c1-424b-9868-57a2d4851a1d" relativeResultsDirectory="8095dfb4-0079-4881-be23-af055a8f19d1" />
    <UnitTestResult executionId="17574738-730b-47a8-a6f7-6917d5c6fec0" testId="e7727734-e0a9-5b5b-5c64-ce6dcd978d21" testName="UniqueIndex_GetEntryByKey_Returns_Correct_Item" computerName="DKSR-EFI-06" duration="00:00:00.0006371" startTime="2024-01-09T15:42:04.1851751+01:00" endTime="2024-01-09T15:42:04.1851751+01:00" testType="13cdc9d9-ddb5-4fa4-a97d-d965ccfc6d4b" outcome="Passed" testListId="8c84fa94-04c1-424b-9868-57a2d4851a1d" relativeResultsDirectory="17574738-730b-47a8-a6f7-6917d5c6fec0" />
    <UnitTestResult executionId="e43d0561-cb80-4c08-be7d-6c861d47f1d3" testId="efeeeeba-7374-d6a4-c7f7-3faa2a981326" testName="Send_TokenCancellationExceptionThrown_ExceptionLoggedAndTimeoutExceptionThrown" computerName="DKSR-EFI-06" duration="00:00:00.0029686" startTime="2024-01-09T15:42:01.4507861+01:00" endTime="2024-01-09T15:42:01.4507861+01:00" testType="13cdc9d9-ddb5-4fa4-a97d-d965ccfc6d4b" outcome="Passed" testListId="8c84fa94-04c1-424b-9868-57a2d4851a1d" relativeResultsDirectory="e43d0561-cb80-4c08-be7d-6c861d47f1d3" />
    <UnitTestResult executionId="7e3d1120-8340-464d-a1f4-e9d76e5bb35b" testId="51779749-eb06-67d7-ac51-34b3fe85d9f2" testName="ReadChildElementValueAsUInt32_NameNull" computerName="DKSR-EFI-06" duration="00:00:00.0006794" startTime="2024-01-09T15:42:04.0133006+01:00" endTime="2024-01-09T15:42:04.0133006+01:00" testType="13cdc9d9-ddb5-4fa4-a97d-d965ccfc6d4b" outcome="Passed" testListId="8c84fa94-04c1-424b-9868-57a2d4851a1d" relativeResultsDirectory="7e3d1120-8340-464d-a1f4-e9d76e5bb35b" />
    <UnitTestResult executionId="62039d0f-478e-48b8-ae60-cd758185e2bd" testId="41ee5629-d500-34d1-bd2a-75d66e6c1c01" testName="HttpClientCommunicatorWrapper_PatchAsync_Success" computerName="DKSR-EFI-06" duration="00:00:00.0021542" startTime="2024-01-09T15:42:11.2789486+01:00" endTime="2024-01-09T15:42:11.2789486+01:00" testType="13cdc9d9-ddb5-4fa4-a97d-d965ccfc6d4b" outcome="Passed" testListId="8c84fa94-04c1-424b-9868-57a2d4851a1d" relativeResultsDirectory="62039d0f-478e-48b8-ae60-cd758185e2bd" />
    <UnitTestResult executionId="5bf6bfe4-0a58-4945-8411-91067249fda3" testId="cd740d0e-ce9c-9990-d16e-330145a86605" testName="DatabaseXmlConverter_DeviceXmlToStickerSize_Single" computerName="DKSR-EFI-06" duration="00:00:00.0485743" startTime="2024-01-09T15:42:01.8101615+01:00" endTime="2024-01-09T15:42:01.8570801+01:00" testType="13cdc9d9-ddb5-4fa4-a97d-d965ccfc6d4b" outcome="Passed" testListId="8c84fa94-04c1-424b-9868-57a2d4851a1d" relativeResultsDirectory="5bf6bfe4-0a58-4945-8411-91067249fda3" />
    <UnitTestResult executionId="6a4c2d1f-64c3-435b-be53-059e29c8cc2a" testId="aa018921-380f-7413-c103-457db55cc6d3" testName="RemoveHardwareSpecificInfoFromHardwareDefinitionXml1" computerName="DKSR-EFI-06" duration="00:00:00.0420366" startTime="2024-01-09T15:42:26.7008409+01:00" endTime="2024-01-09T15:42:26.7477145+01:00" testType="13cdc9d9-ddb5-4fa4-a97d-d965ccfc6d4b" outcome="Passed" testListId="8c84fa94-04c1-424b-9868-57a2d4851a1d" relativeResultsDirectory="6a4c2d1f-64c3-435b-be53-059e29c8cc2a" />
    <UnitTestResult executionId="9e33a4a5-f3a3-44d4-ab02-8f54c48abd67" testId="1a9ca88d-e0a2-a9c1-4371-f245b655b125" testName="LicenseActivationService_AcquireLicense_AccessDenied_SlcRegisteredOnOtherLogOn" computerName="DKSR-EFI-06" duration="00:00:00.0041801" startTime="2024-01-09T15:42:18.6852102+01:00" endTime="2024-01-09T15:42:18.6852102+01:00" testType="13cdc9d9-ddb5-4fa4-a97d-d965ccfc6d4b" outcome="Passed" testListId="8c84fa94-04c1-424b-9868-57a2d4851a1d" relativeResultsDirectory="9e33a4a5-f3a3-44d4-ab02-8f54c48abd67" />
    <UnitTestResult executionId="e882705d-656b-40c1-8c44-e16e9c5eebd7" testId="db63f797-2321-5f9c-6408-fa04cef85df1" testName="HttpClientCommunicatorWrapper_SendAsync_CommunicationException" computerName="DKSR-EFI-06" duration="00:00:00.0010191" startTime="2024-01-09T15:42:11.3258234+01:00" endTime="2024-01-09T15:42:11.3258234+01:00" testType="13cdc9d9-ddb5-4fa4-a97d-d965ccfc6d4b" outcome="Passed" testListId="8c84fa94-04c1-424b-9868-57a2d4851a1d" relativeResultsDirectory="e882705d-656b-40c1-8c44-e16e9c5eebd7" />
    <UnitTestResult executionId="590a8785-dcdf-4051-88c2-5527214ee794" testId="efd3defd-3dd2-b891-ab51-ad4d23459023" testName="CheckAllMIPFiltersKindsTestOk4" computerName="DKSR-EFI-06" duration="00:00:00.0001809" startTime="2024-01-09T15:42:15.3883330+01:00" endTime="2024-01-09T15:42:15.3883330+01:00" testType="13cdc9d9-ddb5-4fa4-a97d-d965ccfc6d4b" outcome="Passed" testListId="8c84fa94-04c1-424b-9868-57a2d4851a1d" relativeResultsDirectory="590a8785-dcdf-4051-88c2-5527214ee794" />
    <UnitTestResult executionId="cde9fda9-d2c3-404f-8133-0d22e3400cb3" testId="54189ad4-012a-a649-87c1-aefb7f923135" testName="ParseAsBytes_Success" computerName="DKSR-EFI-06" duration="00:00:00.0001723" startTime="2024-01-09T15:42:29.5133772+01:00" endTime="2024-01-09T15:42:29.5133772+01:00" testType="13cdc9d9-ddb5-4fa4-a97d-d965ccfc6d4b" outcome="Passed" testListId="8c84fa94-04c1-424b-9868-57a2d4851a1d" relativeResultsDirectory="cde9fda9-d2c3-404f-8133-0d22e3400cb3" />
    <UnitTestResult executionId="8b6abf30-4664-4b76-a0df-7d755021aef6" testId="d0c286ed-22ff-8429-8463-fe09a654e542" testName="ResponseModel_EmptyToken_ValidationFailure" computerName="DKSR-EFI-06" duration="00:00:00.0006251" startTime="2024-01-09T15:42:12.6852005+01:00" endTime="2024-01-09T15:42:12.6852005+01:00" testType="13cdc9d9-ddb5-4fa4-a97d-d965ccfc6d4b" outcome="Passed" testListId="8c84fa94-04c1-424b-9868-57a2d4851a1d" relativeResultsDirectory="8b6abf30-4664-4b76-a0df-7d755021aef6" />
    <UnitTestResult executionId="73bbe3d1-ebd7-49f9-bd86-4cabced6c204" testId="88b42372-9073-9d33-e5db-3400e992f84b" testName="RecurringSchedule_GetNextScheduleTime_Daily_Every_2_Days_At_2_00" computerName="DKSR-EFI-06" duration="00:00:00.0033033" startTime="2024-01-09T15:42:13.7477018+01:00" endTime="2024-01-09T15:42:13.7477018+01:00" testType="13cdc9d9-ddb5-4fa4-a97d-d965ccfc6d4b" outcome="Passed" testListId="8c84fa94-04c1-424b-9868-57a2d4851a1d" relativeResultsDirectory="73bbe3d1-ebd7-49f9-bd86-4cabced6c204" />
    <UnitTestResult executionId="35f1f2cd-6978-4fa6-94f9-007bcdbc2a0e" testId="2cd99008-7d47-5b1f-bdce-87f1db166022" testName="CalculateLicenseRequirementsForHardware_HardwareWith5Channels_Returns5ChannelLicenses" computerName="DKSR-EFI-06" duration="00:00:00.0005855" startTime="2024-01-09T15:42:18.8727101+01:00" endTime="2024-01-09T15:42:18.8727101+01:00" testType="13cdc9d9-ddb5-4fa4-a97d-d965ccfc6d4b" outcome="Passed" testListId="8c84fa94-04c1-424b-9868-57a2d4851a1d" relativeResultsDirectory="35f1f2cd-6978-4fa6-94f9-007bcdbc2a0e" />
    <UnitTestResult executionId="5a68421b-b7fa-4af4-8dbf-57f8b794e379" testId="efeff71f-bf3b-2d24-4028-655336e31331" testName="StreamsConfiguration_ValidateConfiguration_Two_Default_LiveStream_ExactlyOneDefaultLiveStreamError" computerName="DKSR-EFI-06" duration="00:00:00.0068804" startTime="2024-01-09T15:42:10.0289441+01:00" endTime="2024-01-09T15:42:10.0289441+01:00" testType="13cdc9d9-ddb5-4fa4-a97d-d965ccfc6d4b" outcome="Passed" testListId="8c84fa94-04c1-424b-9868-57a2d4851a1d" relativeResultsDirectory="5a68421b-b7fa-4af4-8dbf-57f8b794e379" />
    <UnitTestResult executionId="2b8e3622-39ed-45ca-8081-099c82e6ba11" testId="8c3196ab-de04-4b67-c25d-8f27cd948816" testName="ConvertForStorage_ZeroByteLicense_ReturnsSame" computerName="DKSR-EFI-06" duration="00:00:00.0005257" startTime="2024-01-09T15:42:26.2633436+01:00" endTime="2024-01-09T15:42:26.2633436+01:00" testType="13cdc9d9-ddb5-4fa4-a97d-d965ccfc6d4b" outcome="Passed" testListId="8c84fa94-04c1-424b-9868-57a2d4851a1d" relativeResultsDirectory="2b8e3622-39ed-45ca-8081-099c82e6ba11" />
    <UnitTestResult executionId="e94857b1-efda-49d1-b017-74c3419679bd" testId="f5b6af9c-50d6-a27b-2f85-4255ecbbafb9" testName="CreateHttpsUri_NoScheme_UseDefaultPortFalse_BecomesHttpsPort443" computerName="DKSR-EFI-06" duration="00:00:00.0001823" startTime="2024-01-09T15:42:29.2320910+01:00" endTime="2024-01-09T15:42:29.2320910+01:00" testType="13cdc9d9-ddb5-4fa4-a97d-d965ccfc6d4b" outcome="Passed" testListId="8c84fa94-04c1-424b-9868-57a2d4851a1d" relativeResultsDirectory="e94857b1-efda-49d1-b017-74c3419679bd" />
    <UnitTestResult executionId="8815dc7c-3a79-4875-9b5c-3b11fd4c14ec" testId="b2074bfd-4f30-3e8e-980a-b5527779c4b5" testName="Construct_LicenseActivationService_TimeoutInvalid_ThrowsArgumentOutOfRangeException" computerName="DKSR-EFI-06" duration="00:00:00.0008605" startTime="2024-01-09T15:42:18.5445852+01:00" endTime="2024-01-09T15:42:18.5445852+01:00" testType="13cdc9d9-ddb5-4fa4-a97d-d965ccfc6d4b" outcome="Passed" testListId="8c84fa94-04c1-424b-9868-57a2d4851a1d" relativeResultsDirectory="8815dc7c-3a79-4875-9b5c-3b11fd4c14ec" />
    <UnitTestResult executionId="99645211-8ff6-431f-81bf-7e8f43c99084" testId="b2f4e215-30fd-0f31-d9f2-265f40f5d8de" testName="Decrypt_DataSetHasRow_DataSetIsDecrypted" computerName="DKSR-EFI-06" duration="00:00:00.0023933" startTime="2024-01-09T15:42:28.0445889+01:00" endTime="2024-01-09T15:42:28.0445889+01:00" testType="13cdc9d9-ddb5-4fa4-a97d-d965ccfc6d4b" outcome="Passed" testListId="8c84fa94-04c1-424b-9868-57a2d4851a1d" relativeResultsDirectory="99645211-8ff6-431f-81bf-7e8f43c99084" />
    <UnitTestResult executionId="83d1d0fa-3c82-43ee-869e-61d1910771fe" testId="20198bf9-3eb9-2750-9338-7fcd24a7dba1" testName="BulkProcessor_IsClosing_NewItemsAreNotEnqueued" computerName="DKSR-EFI-06" duration="00:00:00.0005700" startTime="2024-01-09T15:42:17.5133342+01:00" endTime="2024-01-09T15:42:17.5133342+01:00" testType="13cdc9d9-ddb5-4fa4-a97d-d965ccfc6d4b" outcome="Passed" testListId="8c84fa94-04c1-424b-9868-57a2d4851a1d" relativeResultsDirectory="83d1d0fa-3c82-43ee-869e-61d1910771fe" />
    <UnitTestResult executionId="c8adedda-1df3-4593-81f4-93369ccbd349" testId="25fc7e88-a2c3-3844-bb7c-510941df4618" testName="CreateHttpsUri_HttpDefaultPort_UsePort65535_BecomesHttpsPort65535" computerName="DKSR-EFI-06" duration="00:00:00.0001817" startTime="2024-01-09T15:42:29.2477141+01:00" endTime="2024-01-09T15:42:29.2477141+01:00" testType="13cdc9d9-ddb5-4fa4-a97d-d965ccfc6d4b" outcome="Passed" testListId="8c84fa94-04c1-424b-9868-57a2d4851a1d" relativeResultsDirectory="c8adedda-1df3-4593-81f4-93369ccbd349" />
    <UnitTestResult executionId="35ab5df5-c54b-4ccd-aefd-894f10c65d99" testId="ba15acdf-6088-f803-6154-34aa090f0329" testName="Receive_EndPointNull_ArgumentNullExceptionThrown" computerName="DKSR-EFI-06" duration="00:00:00.0054384" startTime="2024-01-09T15:42:01.5132908+01:00" endTime="2024-01-09T15:42:01.5289107+01:00" testType="13cdc9d9-ddb5-4fa4-a97d-d965ccfc6d4b" outcome="Passed" testListId="8c84fa94-04c1-424b-9868-57a2d4851a1d" relativeResultsDirectory="35ab5df5-c54b-4ccd-aefd-894f10c65d99">
      <Output>
        <StdOut>Debug Trace:&#xD;
Fail: Argument null</StdOut>
      </Output>
    </UnitTestResult>
    <UnitTestResult executionId="0411c4fb-0335-4045-b7f1-b8ce9d391f5c" testId="d81cc02c-d191-38d5-2d26-28f305b2fa49" testName="CalculateLicenseRequirements_DeviceAndModel_Whitelisted_HardwareWithMultipleCameraDevicesCountsAsSingleLicenses_ReturnsTrue" computerName="DKSR-EFI-06" duration="00:00:00.0012637" startTime="2024-01-09T15:42:18.8414612+01:00" endTime="2024-01-09T15:42:18.8414612+01:00" testType="13cdc9d9-ddb5-4fa4-a97d-d965ccfc6d4b" outcome="Passed" testListId="8c84fa94-04c1-424b-9868-57a2d4851a1d" relativeResultsDirectory="0411c4fb-0335-4045-b7f1-b8ce9d391f5c" />
    <UnitTestResult executionId="06f0c78a-35fc-4cae-a57c-f59568f37b3f" testId="7cc96cf4-3fc7-1e69-bf47-4fdca4a95242" testName="ServiceConnectionStatus_CommunicationError_Offline_Default" computerName="DKSR-EFI-06" duration="00:00:00.0018003" startTime="2024-01-09T15:42:09.2476946+01:00" endTime="2024-01-09T15:42:09.2476946+01:00" testType="13cdc9d9-ddb5-4fa4-a97d-d965ccfc6d4b" outcome="Passed" testListId="8c84fa94-04c1-424b-9868-57a2d4851a1d" relativeResultsDirectory="06f0c78a-35fc-4cae-a57c-f59568f37b3f" />
    <UnitTestResult executionId="5b1d6af6-f60c-4a00-94cc-34c8e88383f4" testId="218e4c1d-1f10-9106-fd02-efc940b786c5" testName="CreateHttpUri_HttpsNonDefaultPort_UseDefaultPortTrue_BecomesHttpPort80" computerName="DKSR-EFI-06" duration="00:00:00.0001876" startTime="2024-01-09T15:42:29.1695901+01:00" endTime="2024-01-09T15:42:29.1695901+01:00" testType="13cdc9d9-ddb5-4fa4-a97d-d965ccfc6d4b" outcome="Passed" testListId="8c84fa94-04c1-424b-9868-57a2d4851a1d" relativeResultsDirectory="5b1d6af6-f60c-4a00-94cc-34c8e88383f4" />
    <UnitTestResult executionId="a0765e43-54e4-4db0-a662-3d96708fee0a" testId="e8a6febf-7a4c-df5b-5b44-d1a1d6670bac" testName="ModelValidation_ValidModel_Success" computerName="DKSR-EFI-06" duration="00:00:00.0021858" startTime="2024-01-09T15:42:12.2320761+01:00" endTime="2024-01-09T15:42:12.2320761+01:00" testType="13cdc9d9-ddb5-4fa4-a97d-d965ccfc6d4b" outcome="Passed" testListId="8c84fa94-04c1-424b-9868-57a2d4851a1d" relativeResultsDirectory="a0765e43-54e4-4db0-a662-3d96708fee0a" />
    <UnitTestResult executionId="b6dc405a-a401-4146-bc5d-5203f0e4297d" testId="2b06ec9d-cd49-78ba-2d03-fe0bad248ec2" testName="Test_GetMemberFromCache_ClearCache" computerName="DKSR-EFI-06" duration="00:00:00.0015966" startTime="2024-01-09T15:42:29.5602135+01:00" endTime="2024-01-09T15:42:29.5602135+01:00" testType="13cdc9d9-ddb5-4fa4-a97d-d965ccfc6d4b" outcome="Passed" testListId="8c84fa94-04c1-424b-9868-57a2d4851a1d" relativeResultsDirectory="b6dc405a-a401-4146-bc5d-5203f0e4297d" />
    <UnitTestResult executionId="5e15e4f1-7ccd-4bbf-97e7-1223d3ebd988" testId="e60113ed-a422-020f-6cdd-b7c5c137b613" testName="LicenseDocument_Constructor_Success_OnValidChannelLicensingMode" computerName="DKSR-EFI-06" duration="00:00:00.0023381" startTime="2024-01-09T15:42:26.0133394+01:00" endTime="2024-01-09T15:42:26.0133394+01:00" testType="13cdc9d9-ddb5-4fa4-a97d-d965ccfc6d4b" outcome="Passed" testListId="8c84fa94-04c1-424b-9868-57a2d4851a1d" relativeResultsDirectory="5e15e4f1-7ccd-4bbf-97e7-1223d3ebd988" />
    <UnitTestResult executionId="3b06db3b-d0d6-4709-844a-97afc0a09f94" testId="e44dbd48-1fa2-94e7-65f8-2d11a07a499e" testName="IPHardwareBlockCollection_Ctor_ConfigurationManager_Null_Throws_ArgumentNullException" computerName="DKSR-EFI-06" duration="00:00:00.0266064" startTime="2024-01-09T15:42:28.8102141+01:00" endTime="2024-01-09T15:42:28.8258410+01:00" testType="13cdc9d9-ddb5-4fa4-a97d-d965ccfc6d4b" outcome="Passed" testListId="8c84fa94-04c1-424b-9868-57a2d4851a1d" relativeResultsDirectory="3b06db3b-d0d6-4709-844a-97afc0a09f94">
      <Output>
        <StdOut>Debug Trace:&#xD;
Fail: Argument null.</StdOut>
      </Output>
    </UnitTestResult>
    <UnitTestResult executionId="4f2199ba-e77c-4666-9003-d3c06ba4aa1e" testId="5b21d1af-48af-0532-ea17-f797ade384ab" testName="ReadChildElementValueAsBoolean_InvalidData" computerName="DKSR-EFI-06" duration="00:00:00.0004254" startTime="2024-01-09T15:42:03.9195486+01:00" endTime="2024-01-09T15:42:03.9195486+01:00" testType="13cdc9d9-ddb5-4fa4-a97d-d965ccfc6d4b" outcome="Passed" testListId="8c84fa94-04c1-424b-9868-57a2d4851a1d" relativeResultsDirectory="4f2199ba-e77c-4666-9003-d3c06ba4aa1e" />
    <UnitTestResult executionId="07286c9d-07be-43fd-823e-44f2291f5412" testId="5c62b36c-7e5b-e052-296c-ce11b79f4704" testName="Create_Mac_Address_Hash_String_GUID" computerName="DKSR-EFI-06" duration="00:00:00.0001309" startTime="2024-01-09T15:42:26.5289645+01:00" endTime="2024-01-09T15:42:26.5289645+01:00" testType="13cdc9d9-ddb5-4fa4-a97d-d965ccfc6d4b" outcome="Passed" testListId="8c84fa94-04c1-424b-9868-57a2d4851a1d" relativeResultsDirectory="07286c9d-07be-43fd-823e-44f2291f5412" />
    <UnitTestResult executionId="e378f7dd-f028-4c9a-88f9-dbdcd5c62e72" testId="53eedc35-0123-bdb1-f0ec-70b902f09ce6" testName="FeatureManager_TryGetFeatureParameterValueT_Enum_Invalid_Value" computerName="DKSR-EFI-06" duration="00:00:00.0004688" startTime="2024-01-09T15:42:18.3258357+01:00" endTime="2024-01-09T15:42:18.3258357+01:00" testType="13cdc9d9-ddb5-4fa4-a97d-d965ccfc6d4b" outcome="Passed" testListId="8c84fa94-04c1-424b-9868-57a2d4851a1d" relativeResultsDirectory="e378f7dd-f028-4c9a-88f9-dbdcd5c62e72" />
    <UnitTestResult executionId="a1c0f947-6857-4b9e-b905-0f8df96ce806" testId="3c4f1715-736c-2242-54ea-d776af7e17a9" testName="Scheduler_CancellingTask" computerName="DKSR-EFI-06" duration="00:00:00.7502192" startTime="2024-01-09T15:42:14.4039548+01:00" endTime="2024-01-09T15:42:15.1539559+01:00" testType="13cdc9d9-ddb5-4fa4-a97d-d965ccfc6d4b" outcome="Passed" testListId="8c84fa94-04c1-424b-9868-57a2d4851a1d" relativeResultsDirectory="a1c0f947-6857-4b9e-b905-0f8df96ce806" />
    <UnitTestResult executionId="97380329-60e4-4614-b277-a0655ec8c8b0" testId="f547ba9a-3e8a-0280-9c82-47b0dd4ab792" testName="HttpClientCommunicatorWrapper_Send_CommunicationException" computerName="DKSR-EFI-06" duration="00:00:00.0008825" startTime="2024-01-09T15:42:11.3101963+01:00" endTime="2024-01-09T15:42:11.3101963+01:00" testType="13cdc9d9-ddb5-4fa4-a97d-d965ccfc6d4b" outcome="Passed" testListId="8c84fa94-04c1-424b-9868-57a2d4851a1d" relativeResultsDirectory="97380329-60e4-4614-b277-a0655ec8c8b0" />
    <UnitTestResult executionId="72c007e9-9aae-4281-8917-64c4dd1a79f8" testId="720ad9f3-d678-fa3e-4723-3c4456aab4c4" testName="ReadIdentitiesFromCache_NullInSidArray" computerName="DKSR-EFI-06" duration="00:00:00.0007574" startTime="2024-01-09T15:42:29.6695891+01:00" endTime="2024-01-09T15:42:29.6695891+01:00" testType="13cdc9d9-ddb5-4fa4-a97d-d965ccfc6d4b" outcome="Passed" testListId="8c84fa94-04c1-424b-9868-57a2d4851a1d" relativeResultsDirectory="72c007e9-9aae-4281-8917-64c4dd1a79f8" />
    <UnitTestResult executionId="8b7f7176-294d-462e-bd1e-907aa99b97c3" testId="d00e65b6-3181-a5ca-6db8-25b604779426" testName="Transform_XmlWithoutCredentialsListXml_NoChanges" computerName="DKSR-EFI-06" duration="00:00:00.0009243" startTime="2024-01-09T15:42:28.7789653+01:00" endTime="2024-01-09T15:42:28.7789653+01:00" testType="13cdc9d9-ddb5-4fa4-a97d-d965ccfc6d4b" outcome="Passed" testListId="8c84fa94-04c1-424b-9868-57a2d4851a1d" relativeResultsDirectory="8b7f7176-294d-462e-bd1e-907aa99b97c3" />
    <UnitTestResult executionId="96c9b4e1-1afb-4326-86e7-06810fe925de" testId="f0e2e723-86c5-bfcc-4b1e-05f02032166c" testName="HardwareInfo_EnabledCameras_ReturnsCorrectListOfEnabledCameras" computerName="DKSR-EFI-06" duration="00:00:00.0015635" startTime="2024-01-09T15:42:18.4508357+01:00" endTime="2024-01-09T15:42:18.4508357+01:00" testType="13cdc9d9-ddb5-4fa4-a97d-d965ccfc6d4b" outcome="Passed" testListId="8c84fa94-04c1-424b-9868-57a2d4851a1d" relativeResultsDirectory="96c9b4e1-1afb-4326-86e7-06810fe925de" />
    <UnitTestResult executionId="c5f6d694-7353-4945-86d1-b436d8a88e91" testId="de4e9341-6c70-1466-d97b-50164787f46d" testName="GetPresetByKey_ByNameWhenNumberedPresetWithSuchIdExists" computerName="DKSR-EFI-06" duration="00:00:00.0004720" startTime="2024-01-09T15:42:04.6226771+01:00" endTime="2024-01-09T15:42:04.6226771+01:00" testType="13cdc9d9-ddb5-4fa4-a97d-d965ccfc6d4b" outcome="Passed" testListId="8c84fa94-04c1-424b-9868-57a2d4851a1d" relativeResultsDirectory="c5f6d694-7353-4945-86d1-b436d8a88e91" />
    <UnitTestResult executionId="a035ba7f-a6a1-479a-8fd5-9b501f3d2a03" testId="c69309cd-c599-2f63-3f42-43c21d8204d8" testName="GetPresetByKey_ByNameNoMatch" computerName="DKSR-EFI-06" duration="00:00:00.0003015" startTime="2024-01-09T15:42:04.6070510+01:00" endTime="2024-01-09T15:42:04.6070510+01:00" testType="13cdc9d9-ddb5-4fa4-a97d-d965ccfc6d4b" outcome="Passed" testListId="8c84fa94-04c1-424b-9868-57a2d4851a1d" relativeResultsDirectory="a035ba7f-a6a1-479a-8fd5-9b501f3d2a03" />
    <UnitTestResult executionId="a1bf8f3c-5dc0-4739-aa04-aea80dcd1a8b" testId="edc31cfe-0011-7a3e-9d0d-623eba3a7315" testName="Validate_TotalNumberofPurchasedDeviceLicenses_Success" computerName="DKSR-EFI-06" duration="00:00:00.0010488" startTime="2024-01-09T15:42:26.2945904+01:00" endTime="2024-01-09T15:42:26.2945904+01:00" testType="13cdc9d9-ddb5-4fa4-a97d-d965ccfc6d4b" outcome="Passed" testListId="8c84fa94-04c1-424b-9868-57a2d4851a1d" relativeResultsDirectory="a1bf8f3c-5dc0-4739-aa04-aea80dcd1a8b" />
    <UnitTestResult executionId="79106a40-ad9d-4735-9cc3-92604374bdb5" testId="afb66d73-9da5-7554-bdd3-eebe5f87627f" testName="ThreadPoolMessageProcessor_EnableProcessingTest" computerName="DKSR-EFI-06" duration="00:00:00.3163545" startTime="2024-01-09T15:42:17.6383350+01:00" endTime="2024-01-09T15:42:17.9664594+01:00" testType="13cdc9d9-ddb5-4fa4-a97d-d965ccfc6d4b" outcome="Passed" testListId="8c84fa94-04c1-424b-9868-57a2d4851a1d" relativeResultsDirectory="79106a40-ad9d-4735-9cc3-92604374bdb5" />
    <UnitTestResult executionId="b44bf2fd-4ab6-4259-a001-1e75f365bc0d" testId="4d55b919-cb74-5705-c945-5f21a513e3c3" testName="Encrypt_DataSetHasUnchangedRow_DataSetIsNotChanged" computerName="DKSR-EFI-06" duration="00:00:00.0031421" startTime="2024-01-09T15:42:28.0758378+01:00" endTime="2024-01-09T15:42:28.0758378+01:00" testType="13cdc9d9-ddb5-4fa4-a97d-d965ccfc6d4b" outcome="Passed" testListId="8c84fa94-04c1-424b-9868-57a2d4851a1d" relativeResultsDirectory="b44bf2fd-4ab6-4259-a001-1e75f365bc0d" />
    <UnitTestResult executionId="fc9aa053-d7d4-419d-8c08-b98430a38cc2" testId="0bf24c68-8b03-7eb6-2151-1d3d218ef9f7" testName="UpdateLicenseCount_DriverNotInWhiteList_ModelIsInWhiteList_ReturnsTrueAndChannelLicenseCountIsOne" computerName="DKSR-EFI-06" duration="00:00:00.0003995" startTime="2024-01-09T15:42:18.5290013+01:00" endTime="2024-01-09T15:42:18.5290013+01:00" testType="13cdc9d9-ddb5-4fa4-a97d-d965ccfc6d4b" outcome="Passed" testListId="8c84fa94-04c1-424b-9868-57a2d4851a1d" relativeResultsDirectory="fc9aa053-d7d4-419d-8c08-b98430a38cc2" />
    <UnitTestResult executionId="a1889e0d-38ea-461f-80a9-8fb752bffcea" testId="de5f04a0-a300-b1b7-cb67-889e5c76d83e" testName="TestMergeGridAreaWithNullAndValidArea" computerName="DKSR-EFI-06" duration="00:00:00.0027636" startTime="2024-01-09T15:42:27.8570897+01:00" endTime="2024-01-09T15:42:27.8570897+01:00" testType="13cdc9d9-ddb5-4fa4-a97d-d965ccfc6d4b" outcome="Passed" testListId="8c84fa94-04c1-424b-9868-57a2d4851a1d" relativeResultsDirectory="a1889e0d-38ea-461f-80a9-8fb752bffcea" />
    <UnitTestResult executionId="b9d41787-931a-4b7e-849e-c378a6f3106b" testId="9181c077-33eb-e8de-adee-01c4a4ba25a1" testName="ServiceDiscoveryEngine_CommunicationConfirmed_Success" computerName="DKSR-EFI-06" duration="00:00:00.0011963" startTime="2024-01-09T15:42:12.7633286+01:00" endTime="2024-01-09T15:42:12.7633286+01:00" testType="13cdc9d9-ddb5-4fa4-a97d-d965ccfc6d4b" outcome="Passed" testListId="8c84fa94-04c1-424b-9868-57a2d4851a1d" relativeResultsDirectory="b9d41787-931a-4b7e-849e-c378a6f3106b" />
    <UnitTestResult executionId="8d26cdfb-867b-4bea-beb0-a06f4e6809bd" testId="75c84b18-5930-e3eb-1c9d-234697afe954" testName="UpdateTotalICPFeedCountsAcrossAllHardware_FailsWhen_UpdateHardwareAggregates_NotCalled" computerName="DKSR-EFI-06" duration="00:00:00.0011151" startTime="2024-01-09T15:42:18.3727093+01:00" endTime="2024-01-09T15:42:18.3727093+01:00" testType="13cdc9d9-ddb5-4fa4-a97d-d965ccfc6d4b" outcome="Passed" testListId="8c84fa94-04c1-424b-9868-57a2d4851a1d" relativeResultsDirectory="8d26cdfb-867b-4bea-beb0-a06f4e6809bd" />
    <UnitTestResult executionId="a8411281-67db-48de-981b-30bffffa393e" testId="13bd0905-8c51-594d-38fd-c49e6b2abab6" testName="TestGeneratedLength" computerName="DKSR-EFI-06" duration="00:00:00.0271088" startTime="2024-01-09T15:42:04.4351740+01:00" endTime="2024-01-09T15:42:04.4664525+01:00" testType="13cdc9d9-ddb5-4fa4-a97d-d965ccfc6d4b" outcome="Passed" testListId="8c84fa94-04c1-424b-9868-57a2d4851a1d" relativeResultsDirectory="a8411281-67db-48de-981b-30bffffa393e" />
    <UnitTestResult executionId="54c4219c-be68-4819-8e51-7e14f4e8aebd" testId="34f249e5-b9ba-2c57-bc42-d86c94cdd594" testName="CreateHttpUri_NullString_ThrowsInvalidOperationException" computerName="DKSR-EFI-06" duration="00:00:00.0009570" startTime="2024-01-09T15:42:29.1383397+01:00" endTime="2024-01-09T15:42:29.1383397+01:00" testType="13cdc9d9-ddb5-4fa4-a97d-d965ccfc6d4b" outcome="Passed" testListId="8c84fa94-04c1-424b-9868-57a2d4851a1d" relativeResultsDirectory="54c4219c-be68-4819-8e51-7e14f4e8aebd" />
    <UnitTestResult executionId="48464ca5-d5f0-476f-a269-89aa712847db" testId="358b74e6-fc55-da99-0e75-25e1c80c198a" testName="HttpClientCommunicatorWrapper_SendAsyncTObjHttp_CommunicationException" computerName="DKSR-EFI-06" duration="00:00:00.0011552" startTime="2024-01-09T15:42:11.3258234+01:00" endTime="2024-01-09T15:42:11.3414526+01:00" testType="13cdc9d9-ddb5-4fa4-a97d-d965ccfc6d4b" outcome="Passed" testListId="8c84fa94-04c1-424b-9868-57a2d4851a1d" relativeResultsDirectory="48464ca5-d5f0-476f-a269-89aa712847db" />
    <UnitTestResult executionId="88f51826-da89-4fcb-9f66-f4fdcd2fa212" testId="a1a6513b-09ff-3923-e040-1476b4e7b3cf" testName="ReadAttributeAsBoolean_SunnyDayFalse" computerName="DKSR-EFI-06" duration="00:00:00.0005313" startTime="2024-01-09T15:42:03.9039210+01:00" endTime="2024-01-09T15:42:03.9039210+01:00" testType="13cdc9d9-ddb5-4fa4-a97d-d965ccfc6d4b" outcome="Passed" testListId="8c84fa94-04c1-424b-9868-57a2d4851a1d" relativeResultsDirectory="88f51826-da89-4fcb-9f66-f4fdcd2fa212" />
    <UnitTestResult executionId="5615b1f9-9545-4b4d-a3a5-7512de469a78" testId="b20ae3f0-0dc7-f1fc-2977-e0507e3b838b" testName="Schemes_SerializeAndDeserializeTwoItemsTest" computerName="DKSR-EFI-06" duration="00:00:00.0008181" startTime="2024-01-09T15:42:26.9352149+01:00" endTime="2024-01-09T15:42:26.9352149+01:00" testType="13cdc9d9-ddb5-4fa4-a97d-d965ccfc6d4b" outcome="Passed" testListId="8c84fa94-04c1-424b-9868-57a2d4851a1d" relativeResultsDirectory="5615b1f9-9545-4b4d-a3a5-7512de469a78" />
    <UnitTestResult executionId="9c7558b4-cf04-49e8-ba28-8009b465581f" testId="a051760f-56e9-b36c-7f92-d910f2778b93" testName="ConvertStringToPort_NegativePort_ThrowsArgumentOutOfRangeException" computerName="DKSR-EFI-06" duration="00:00:00.0007454" startTime="2024-01-09T15:42:29.2633394+01:00" endTime="2024-01-09T15:42:29.2633394+01:00" testType="13cdc9d9-ddb5-4fa4-a97d-d965ccfc6d4b" outcome="Passed" testListId="8c84fa94-04c1-424b-9868-57a2d4851a1d" relativeResultsDirectory="9c7558b4-cf04-49e8-ba28-8009b465581f" />
    <UnitTestResult executionId="dc1c857a-b229-449b-8739-667258f62677" testId="e47bed73-f08e-d72d-b4a2-7822c9928a05" testName="CreateHardwareLicenseCountEvaluatorChannel_CallUpdateLicenseInfo_DriverIsInWhiteList_ReturnsTrueAndChannelLicenseCountIsOne" computerName="DKSR-EFI-06" duration="00:00:00.0004298" startTime="2024-01-09T15:42:18.5290013+01:00" endTime="2024-01-09T15:42:18.5290013+01:00" testType="13cdc9d9-ddb5-4fa4-a97d-d965ccfc6d4b" outcome="Passed" testListId="8c84fa94-04c1-424b-9868-57a2d4851a1d" relativeResultsDirectory="dc1c857a-b229-449b-8739-667258f62677" />
    <UnitTestResult executionId="3cc82753-339c-40e3-94bb-3e855eb137e3" testId="36e751b1-d379-a6d3-c363-b5ae5709aa1b" testName="Send_AuthenticationException_InvalidCertificateCalled" computerName="DKSR-EFI-06" duration="00:00:00.0025924" startTime="2024-01-09T15:42:01.4351619+01:00" endTime="2024-01-09T15:42:01.4507861+01:00" testType="13cdc9d9-ddb5-4fa4-a97d-d965ccfc6d4b" outcome="Passed" testListId="8c84fa94-04c1-424b-9868-57a2d4851a1d" relativeResultsDirectory="3cc82753-339c-40e3-94bb-3e855eb137e3" />
    <UnitTestResult executionId="921df719-cfbd-4866-bc64-3bb3a4a74940" testId="40237535-c65e-bf65-02ec-14946db44db4" testName="PtzPresetCollection_Remove_Success" computerName="DKSR-EFI-06" duration="00:00:00.0025197" startTime="2024-01-09T15:42:04.5289288+01:00" endTime="2024-01-09T15:42:04.5289288+01:00" testType="13cdc9d9-ddb5-4fa4-a97d-d965ccfc6d4b" outcome="Passed" testListId="8c84fa94-04c1-424b-9868-57a2d4851a1d" relativeResultsDirectory="921df719-cfbd-4866-bc64-3bb3a4a74940" />
    <UnitTestResult executionId="769226a4-6ddf-4435-8fe8-3c730d7edba5" testId="b93ab267-4d4e-556b-bd47-9b0bdde5607a" testName="Validate_PopulateGrid_ValidateOemTextDoesNotExist_InvalidOemUrl_Success" computerName="DKSR-EFI-06" duration="00:00:00.0025402" startTime="2024-01-09T15:42:26.3258385+01:00" endTime="2024-01-09T15:42:26.3414635+01:00" testType="13cdc9d9-ddb5-4fa4-a97d-d965ccfc6d4b" outcome="Passed" testListId="8c84fa94-04c1-424b-9868-57a2d4851a1d" relativeResultsDirectory="769226a4-6ddf-4435-8fe8-3c730d7edba5" />
    <UnitTestResult executionId="604dba42-4497-48c3-ac3d-e14009119c79" testId="761b865b-f7b1-264a-831c-c115739b4cb8" testName="PtzPreset_EqualsTo_Change_IsDefaultPreset" computerName="DKSR-EFI-06" duration="00:00:00.0003154" startTime="2024-01-09T15:42:04.6383007+01:00" endTime="2024-01-09T15:42:04.6383007+01:00" testType="13cdc9d9-ddb5-4fa4-a97d-d965ccfc6d4b" outcome="Passed" testListId="8c84fa94-04c1-424b-9868-57a2d4851a1d" relativeResultsDirectory="604dba42-4497-48c3-ac3d-e14009119c79" />
    <UnitTestResult executionId="8d449c22-785c-4223-b9d2-0c633e36702f" testId="7be8c895-2c24-951c-351b-14dd4773fffb" testName="LicenseDocument_Constructor_ThrowsLicenseException_OnInvalidData" computerName="DKSR-EFI-06" duration="00:00:00.0011302" startTime="2024-01-09T15:42:25.9977138+01:00" endTime="2024-01-09T15:42:25.9977138+01:00" testType="13cdc9d9-ddb5-4fa4-a97d-d965ccfc6d4b" outcome="Passed" testListId="8c84fa94-04c1-424b-9868-57a2d4851a1d" relativeResultsDirectory="8d449c22-785c-4223-b9d2-0c633e36702f" />
    <UnitTestResult executionId="9a385bc3-5d87-49c2-ac29-965c59dea851" testId="c098cf84-9443-0f8e-85bc-f2a1606a2c2d" testName="IsValidByteString_Null_Return_False" computerName="DKSR-EFI-06" duration="00:00:00.0000945" startTime="2024-01-09T15:42:29.4977135+01:00" endTime="2024-01-09T15:42:29.4977135+01:00" testType="13cdc9d9-ddb5-4fa4-a97d-d965ccfc6d4b" outcome="Passed" testListId="8c84fa94-04c1-424b-9868-57a2d4851a1d" relativeResultsDirectory="9a385bc3-5d87-49c2-ac29-965c59dea851" />
    <UnitTestResult executionId="b84c971c-a122-4249-8680-4e48fa47d7c3" testId="9171dc5a-a7bd-00b3-f835-43afc308444d" testName="ConvertStringToPort_Port65536_ThrowsArgumentOutOfRangeException" computerName="DKSR-EFI-06" duration="00:00:00.0005312" startTime="2024-01-09T15:42:29.2633394+01:00" endTime="2024-01-09T15:42:29.2633394+01:00" testType="13cdc9d9-ddb5-4fa4-a97d-d965ccfc6d4b" outcome="Passed" testListId="8c84fa94-04c1-424b-9868-57a2d4851a1d" relativeResultsDirectory="b84c971c-a122-4249-8680-4e48fa47d7c3" />
    <UnitTestResult executionId="e426950a-0e4b-4b9a-9e6c-a8f7e047906c" testId="6122daf1-aaaf-6c0f-5297-d862b037549b" testName="GetAbsolutePtzPositionResponseModel_NoValuesSet_ValidationFailure" computerName="DKSR-EFI-06" duration="00:00:00.0025526" startTime="2024-01-09T15:42:12.6383277+01:00" endTime="2024-01-09T15:42:12.6539535+01:00" testType="13cdc9d9-ddb5-4fa4-a97d-d965ccfc6d4b" outcome="Passed" testListId="8c84fa94-04c1-424b-9868-57a2d4851a1d" relativeResultsDirectory="e426950a-0e4b-4b9a-9e6c-a8f7e047906c" />
    <UnitTestResult executionId="62219f85-1932-4cfc-bd73-1a211338f76b" testId="9bb45a18-168c-a72d-4ec7-5054ff25a897" testName="IsKnownId_Unknown" computerName="DKSR-EFI-06" duration="00:00:00.0001312" startTime="2024-01-09T15:42:26.9508403+01:00" endTime="2024-01-09T15:42:26.9508403+01:00" testType="13cdc9d9-ddb5-4fa4-a97d-d965ccfc6d4b" outcome="Passed" testListId="8c84fa94-04c1-424b-9868-57a2d4851a1d" relativeResultsDirectory="62219f85-1932-4cfc-bd73-1a211338f76b" />
    <UnitTestResult executionId="a720a0d3-0007-4043-a9a2-87f98a75450f" testId="217b34cb-7ead-a498-b662-ce6fd17d7161" testName="CreateCreateHardwareLicenseCountEvaluator_HardwareLicensing_Returns_Null" computerName="DKSR-EFI-06" duration="00:00:00.0005692" startTime="2024-01-09T15:42:26.2789650+01:00" endTime="2024-01-09T15:42:26.2789650+01:00" testType="13cdc9d9-ddb5-4fa4-a97d-d965ccfc6d4b" outcome="Passed" testListId="8c84fa94-04c1-424b-9868-57a2d4851a1d" relativeResultsDirectory="a720a0d3-0007-4043-a9a2-87f98a75450f" />
    <UnitTestResult executionId="a229f34f-0022-46a2-a688-0dfb04dfd1d2" testId="8c4a5e21-f8cf-c703-1537-a1b2f2ea6095" testName="SendEndPointAndObject_ObjNull_ArgumentNullExceptionThrown" computerName="DKSR-EFI-06" duration="00:00:00.0012749" startTime="2024-01-09T15:42:01.4039106+01:00" endTime="2024-01-09T15:42:01.4039106+01:00" testType="13cdc9d9-ddb5-4fa4-a97d-d965ccfc6d4b" outcome="Passed" testListId="8c84fa94-04c1-424b-9868-57a2d4851a1d" relativeResultsDirectory="a229f34f-0022-46a2-a688-0dfb04dfd1d2">
      <Output>
        <StdOut>Debug Trace:&#xD;
Fail: Argument null</StdOut>
      </Output>
    </UnitTestResult>
    <UnitTestResult executionId="fcbedb20-ec47-49a3-a81b-cc0ad3f381c5" testId="2488323e-fbaf-67b7-4dae-e697d49eb7c6" testName="Decrypt_MissingMarker" computerName="DKSR-EFI-06" duration="00:00:00.0008687" startTime="2024-01-09T15:42:28.5602157+01:00" endTime="2024-01-09T15:42:28.5602157+01:00" testType="13cdc9d9-ddb5-4fa4-a97d-d965ccfc6d4b" outcome="Passed" testListId="8c84fa94-04c1-424b-9868-57a2d4851a1d" relativeResultsDirectory="fcbedb20-ec47-49a3-a81b-cc0ad3f381c5" />
    <UnitTestResult executionId="798fd7a4-c385-47c9-9ff5-dabd0eacd270" testId="9ad2aeec-3666-a2fb-9c69-a673ccec420e" testName="PtzReserveSessionResponseModel_Validate_Success" computerName="DKSR-EFI-06" duration="00:00:00.0025061" startTime="2024-01-09T15:42:12.6695761+01:00" endTime="2024-01-09T15:42:12.6695761+01:00" testType="13cdc9d9-ddb5-4fa4-a97d-d965ccfc6d4b" outcome="Passed" testListId="8c84fa94-04c1-424b-9868-57a2d4851a1d" relativeResultsDirectory="798fd7a4-c385-47c9-9ff5-dabd0eacd270" />
    <UnitTestResult executionId="a7290509-eaae-4532-b313-10df78e699c7" testId="9ae40c7e-6bb5-87ac-61a0-1c9c1fb1fbe2" testName="Call_HttpPost_InvalidParam_NullUri_ThrowsArgumentNullException" computerName="DKSR-EFI-06" duration="00:00:00.0025579" startTime="2024-01-09T15:42:28.9039655+01:00" endTime="2024-01-09T15:42:28.9039655+01:00" testType="13cdc9d9-ddb5-4fa4-a97d-d965ccfc6d4b" outcome="Passed" testListId="8c84fa94-04c1-424b-9868-57a2d4851a1d" relativeResultsDirectory="a7290509-eaae-4532-b313-10df78e699c7" />
    <UnitTestResult executionId="7db61659-782d-405c-868e-72d9ac8b8c47" testId="612755b7-0cdf-3803-c661-b5db677ed1a2" testName="TestSetRegionWithRadiusThrowsIfRadiusIsInvalid" computerName="DKSR-EFI-06" duration="00:00:00.0003335" startTime="2024-01-09T15:42:27.9508424+01:00" endTime="2024-01-09T15:42:27.9508424+01:00" testType="13cdc9d9-ddb5-4fa4-a97d-d965ccfc6d4b" outcome="Passed" testListId="8c84fa94-04c1-424b-9868-57a2d4851a1d" relativeResultsDirectory="7db61659-782d-405c-868e-72d9ac8b8c47" />
    <UnitTestResult executionId="4e82be58-7c88-45df-8ae3-959881791e42" testId="119d30a6-0e89-cfb5-7dfd-1aa7a605ec51" testName="RefCountedObjectWrapper_ExecuteCallWithRefCount_And_Dispose_Success" computerName="DKSR-EFI-06" duration="00:00:00.0446395" startTime="2024-01-09T15:42:11.0914468+01:00" endTime="2024-01-09T15:42:11.1383230+01:00" testType="13cdc9d9-ddb5-4fa4-a97d-d965ccfc6d4b" outcome="Passed" testListId="8c84fa94-04c1-424b-9868-57a2d4851a1d" relativeResultsDirectory="4e82be58-7c88-45df-8ae3-959881791e42" />
    <UnitTestResult executionId="7ecde2d6-f050-4a68-ac5a-c16432ad0ebb" testId="6d6d4649-f74c-00f6-7c94-65b35a1f1a78" testName="GetRecorderSNMPId_ServerEvent" computerName="DKSR-EFI-06" duration="00:00:00.0001755" startTime="2024-01-09T15:42:26.9664642+01:00" endTime="2024-01-09T15:42:26.9664642+01:00" testType="13cdc9d9-ddb5-4fa4-a97d-d965ccfc6d4b" outcome="Passed" testListId="8c84fa94-04c1-424b-9868-57a2d4851a1d" relativeResultsDirectory="7ecde2d6-f050-4a68-ac5a-c16432ad0ebb" />
    <UnitTestResult executionId="3f6386e5-ee7c-4028-a85f-c9bf612b98b8" testId="01e71314-81c5-4366-34cc-41198de89a47" testName="ToModelRule_LogEntryNull_ArgumentNullException" computerName="DKSR-EFI-06" duration="00:00:00.0010225" startTime="2024-01-09T15:42:12.4664510+01:00" endTime="2024-01-09T15:42:12.4664510+01:00" testType="13cdc9d9-ddb5-4fa4-a97d-d965ccfc6d4b" outcome="Passed" testListId="8c84fa94-04c1-424b-9868-57a2d4851a1d" relativeResultsDirectory="3f6386e5-ee7c-4028-a85f-c9bf612b98b8" />
    <UnitTestResult executionId="e6763db6-9bfa-47e7-bbfb-5569560b8d7f" testId="dd5c21a1-83eb-caf9-c51c-2774a75fa9c0" testName="ModelValidation_ValidModel_Success" computerName="DKSR-EFI-06" duration="00:00:00.0010469" startTime="2024-01-09T15:42:12.2477000+01:00" endTime="2024-01-09T15:42:12.2477000+01:00" testType="13cdc9d9-ddb5-4fa4-a97d-d965ccfc6d4b" outcome="Passed" testListId="8c84fa94-04c1-424b-9868-57a2d4851a1d" relativeResultsDirectory="e6763db6-9bfa-47e7-bbfb-5569560b8d7f" />
    <UnitTestResult executionId="f29ec3ff-f39e-4019-a349-30fd81da8a1c" testId="6dc4cd77-38c0-10b5-180e-f937b6af904d" testName="LicenseGetVendor_WrongSLC" computerName="DKSR-EFI-06" duration="00:00:00.0007963" startTime="2024-01-09T15:42:26.5758390+01:00" endTime="2024-01-09T15:42:26.5758390+01:00" testType="13cdc9d9-ddb5-4fa4-a97d-d965ccfc6d4b" outcome="Passed" testListId="8c84fa94-04c1-424b-9868-57a2d4851a1d" relativeResultsDirectory="f29ec3ff-f39e-4019-a349-30fd81da8a1c" />
    <UnitTestResult executionId="ced2aee0-76c2-4e97-84c3-671b910ea0e0" testId="fa98cbad-f28a-a13a-1cad-c4a1e8ece779" testName="CreateHttpUri_HttpsDefaultPort_UsePortNegativeOne_ThrowsArgumentOutOfRangeException" computerName="DKSR-EFI-06" duration="00:00:00.0006606" startTime="2024-01-09T15:42:29.1852142+01:00" endTime="2024-01-09T15:42:29.2008391+01:00" testType="13cdc9d9-ddb5-4fa4-a97d-d965ccfc6d4b" outcome="Passed" testListId="8c84fa94-04c1-424b-9868-57a2d4851a1d" relativeResultsDirectory="ced2aee0-76c2-4e97-84c3-671b910ea0e0" />
    <UnitTestResult executionId="d5fed3d9-28ac-488b-a749-50f5fc09edc1" testId="fae6bee7-dad5-2e49-f8db-0f9ebd7161b5" testName="WhiteList_IsDriverWhiteListed_HWWith16CH_GlobalMaxChannelCountIs16_ReturnsTrue" computerName="DKSR-EFI-06" duration="00:00:00.0006664" startTime="2024-01-09T15:42:26.4508399+01:00" endTime="2024-01-09T15:42:26.4508399+01:00" testType="13cdc9d9-ddb5-4fa4-a97d-d965ccfc6d4b" outcome="Passed" testListId="8c84fa94-04c1-424b-9868-57a2d4851a1d" relativeResultsDirectory="d5fed3d9-28ac-488b-a749-50f5fc09edc1" />
    <UnitTestResult executionId="9340e827-9f4d-48be-ac33-aff8c5aa920b" testId="5843788f-56fb-bff3-2f34-bf3a90125af5" testName="StreamsConfiguration_CopyConstructor_Success" computerName="DKSR-EFI-06" duration="00:00:00.0018175" startTime="2024-01-09T15:42:09.3101933+01:00" endTime="2024-01-09T15:42:09.3101933+01:00" testType="13cdc9d9-ddb5-4fa4-a97d-d965ccfc6d4b" outcome="Passed" testListId="8c84fa94-04c1-424b-9868-57a2d4851a1d" relativeResultsDirectory="9340e827-9f4d-48be-ac33-aff8c5aa920b" />
    <UnitTestResult executionId="8ef1362f-2971-47c6-b95b-2228db439dbd" testId="ee223bb8-fe62-0648-1d0a-3b87b037fab8" testName="ReadChildElementValueAsBoolean_NoChild" computerName="DKSR-EFI-06" duration="00:00:00.0004242" startTime="2024-01-09T15:42:03.9195486+01:00" endTime="2024-01-09T15:42:03.9195486+01:00" testType="13cdc9d9-ddb5-4fa4-a97d-d965ccfc6d4b" outcome="Passed" testListId="8c84fa94-04c1-424b-9868-57a2d4851a1d" relativeResultsDirectory="8ef1362f-2971-47c6-b95b-2228db439dbd" />
    <UnitTestResult executionId="83e1250a-a747-4e01-92e7-49d874909ea1" testId="a4fac035-eb1e-a72b-e636-67619651fa36" testName="BulkEventModel_Validate_Command_Null" computerName="DKSR-EFI-06" duration="00:00:00.0025795" startTime="2024-01-09T15:42:11.4508245+01:00" endTime="2024-01-09T15:42:11.4508245+01:00" testType="13cdc9d9-ddb5-4fa4-a97d-d965ccfc6d4b" outcome="Passed" testListId="8c84fa94-04c1-424b-9868-57a2d4851a1d" relativeResultsDirectory="83e1250a-a747-4e01-92e7-49d874909ea1" />
    <UnitTestResult executionId="21e6af78-31c5-4514-8481-308ee6af4ceb" testId="c740ea7a-936a-f8a7-b7c9-049f3bff5d99" testName="Transform_XmlHasHostingServer_HostingServerIsTransformed" computerName="DKSR-EFI-06" duration="00:00:00.0006228" startTime="2024-01-09T15:42:28.7633377+01:00" endTime="2024-01-09T15:42:28.7633377+01:00" testType="13cdc9d9-ddb5-4fa4-a97d-d965ccfc6d4b" outcome="Passed" testListId="8c84fa94-04c1-424b-9868-57a2d4851a1d" relativeResultsDirectory="21e6af78-31c5-4514-8481-308ee6af4ceb" />
    <UnitTestResult executionId="dfb02eb9-a25c-4c7e-8962-c60b6fd98e37" testId="3a7edffd-c2c3-d5db-414e-6b27f5fdb54b" testName="ReadIdentityFromCache_EmptySid" computerName="DKSR-EFI-06" duration="00:00:00.0003810" startTime="2024-01-09T15:42:29.6539651+01:00" endTime="2024-01-09T15:42:29.6539651+01:00" testType="13cdc9d9-ddb5-4fa4-a97d-d965ccfc6d4b" outcome="Passed" testListId="8c84fa94-04c1-424b-9868-57a2d4851a1d" relativeResultsDirectory="dfb02eb9-a25c-4c7e-8962-c60b6fd98e37" />
    <UnitTestResult executionId="6a571c78-8978-4ccc-8e66-dc772078fb03" testId="33fa0e17-1e9d-fc9e-79a9-fe07de2e1d42" testName="Receive_NonSuccessResponse_BadRequestExceptionThrown" computerName="DKSR-EFI-06" duration="00:00:00.0303893" startTime="2024-01-09T15:42:01.5445349+01:00" endTime="2024-01-09T15:42:01.5757861+01:00" testType="13cdc9d9-ddb5-4fa4-a97d-d965ccfc6d4b" outcome="Passed" testListId="8c84fa94-04c1-424b-9868-57a2d4851a1d" relativeResultsDirectory="6a571c78-8978-4ccc-8e66-dc772078fb03" />
    <UnitTestResult executionId="c73e007c-ef9c-4374-95fc-47778513b99c" testId="79039750-0fd3-5a6c-030a-172ff337180f" testName="BoolResponseModel_Validate_Success" computerName="DKSR-EFI-06" duration="00:00:00.0008885" startTime="2024-01-09T15:42:12.6070773+01:00" endTime="2024-01-09T15:42:12.6070773+01:00" testType="13cdc9d9-ddb5-4fa4-a97d-d965ccfc6d4b" outcome="Passed" testListId="8c84fa94-04c1-424b-9868-57a2d4851a1d" relativeResultsDirectory="c73e007c-ef9c-4374-95fc-47778513b99c" />
    <UnitTestResult executionId="c6e594e5-bf07-45f9-b88c-3e7b2374d43f" testId="3f1fc8a1-137c-2c07-462a-cc1b33a82b8a" testName="BoolResponseModel_Validate_Success" computerName="DKSR-EFI-06" duration="00:00:00.0009735" startTime="2024-01-09T15:42:12.7008277+01:00" endTime="2024-01-09T15:42:12.7008277+01:00" testType="13cdc9d9-ddb5-4fa4-a97d-d965ccfc6d4b" outcome="Passed" testListId="8c84fa94-04c1-424b-9868-57a2d4851a1d" relativeResultsDirectory="c6e594e5-bf07-45f9-b88c-3e7b2374d43f" />
    <UnitTestResult executionId="57d1ffa8-dd1d-4e40-b938-77c4b0febae2" testId="b741393a-f04e-486c-32a6-bec151291934" testName="LicenseDocument_ThrowsUnsupportedLicensingModeError_OnLicenseWithoutMaximumChannelCount" computerName="DKSR-EFI-06" duration="00:00:00.0018403" startTime="2024-01-09T15:42:26.1539647+01:00" endTime="2024-01-09T15:42:26.1539647+01:00" testType="13cdc9d9-ddb5-4fa4-a97d-d965ccfc6d4b" outcome="Passed" testListId="8c84fa94-04c1-424b-9868-57a2d4851a1d" relativeResultsDirectory="57d1ffa8-dd1d-4e40-b938-77c4b0febae2" />
    <UnitTestResult executionId="4a11d978-9b44-4179-98de-bae206b06270" testId="d9341b03-4633-4c3c-606b-082a601aa165" testName="ResponseException_DefaultConstruct_Success" computerName="DKSR-EFI-06" duration="00:00:00.0003947" startTime="2024-01-09T15:42:12.7950914+01:00" endTime="2024-01-09T15:42:12.7950914+01:00" testType="13cdc9d9-ddb5-4fa4-a97d-d965ccfc6d4b" outcome="Passed" testListId="8c84fa94-04c1-424b-9868-57a2d4851a1d" relativeResultsDirectory="4a11d978-9b44-4179-98de-bae206b06270" />
    <UnitTestResult executionId="f647d654-783e-4655-9a28-87ffa7d66976" testId="5cce3272-cf0f-798d-2f5a-a5cc62a3cc1c" testName="TaskManagerBase_TwoTasks_Processed_Successfully" computerName="DKSR-EFI-06" duration="00:00:00.0932055" startTime="2024-01-09T15:42:11.1539470+01:00" endTime="2024-01-09T15:42:11.2477022+01:00" testType="13cdc9d9-ddb5-4fa4-a97d-d965ccfc6d4b" outcome="Passed" testListId="8c84fa94-04c1-424b-9868-57a2d4851a1d" relativeResultsDirectory="f647d654-783e-4655-9a28-87ffa7d66976" />
    <UnitTestResult executionId="38b32631-5cff-41c9-9f25-95be63c75a74" testId="3e05d949-dbce-a0b7-2862-9e4fd932d57d" testName="CheckAllMIPFiltersKindsTestNotOk5" computerName="DKSR-EFI-06" duration="00:00:00.0001573" startTime="2024-01-09T15:42:15.3727056+01:00" endTime="2024-01-09T15:42:15.3727056+01:00" testType="13cdc9d9-ddb5-4fa4-a97d-d965ccfc6d4b" outcome="Passed" testListId="8c84fa94-04c1-424b-9868-57a2d4851a1d" relativeResultsDirectory="38b32631-5cff-41c9-9f25-95be63c75a74" />
    <UnitTestResult executionId="6b3a4d2d-9f48-43b7-895e-4b26f285b841" testId="986cd690-83e0-f2b6-c2b1-78b8c7296ab1" testName="LicenseDocument_ThrowsUnsupportedLicensingModeError_OnLicenseWithInvalidMaximumChannelCount" computerName="DKSR-EFI-06" duration="00:00:00.0027828" startTime="2024-01-09T15:42:26.1539647+01:00" endTime="2024-01-09T15:42:26.1539647+01:00" testType="13cdc9d9-ddb5-4fa4-a97d-d965ccfc6d4b" outcome="Passed" testListId="8c84fa94-04c1-424b-9868-57a2d4851a1d" relativeResultsDirectory="6b3a4d2d-9f48-43b7-895e-4b26f285b841" />
    <UnitTestResult executionId="bde0286f-2a32-44ae-b85b-233ce569e528" testId="1c0c5f0b-295a-ae38-ae07-141ec577c98c" testName="WhiteList_IsHardwareWhiteListed_NullDriverNullModel_ReturnsFalse_ChannelLicenseCountIs5" computerName="DKSR-EFI-06" duration="00:00:00.0004461" startTime="2024-01-09T15:42:26.4977155+01:00" endTime="2024-01-09T15:42:26.4977155+01:00" testType="13cdc9d9-ddb5-4fa4-a97d-d965ccfc6d4b" outcome="Passed" testListId="8c84fa94-04c1-424b-9868-57a2d4851a1d" relativeResultsDirectory="bde0286f-2a32-44ae-b85b-233ce569e528" />
    <UnitTestResult executionId="765f3173-43ae-4f43-91be-d3d00615cae4" testId="36f9cce3-d7b2-da0c-ef54-7bd01d68e09e" testName="ServerFileStorageQuota_TwoConsumers_Success" computerName="DKSR-EFI-06" duration="00:00:00.0004654" startTime="2024-01-09T15:42:09.0445720+01:00" endTime="2024-01-09T15:42:09.0445720+01:00" testType="13cdc9d9-ddb5-4fa4-a97d-d965ccfc6d4b" outcome="Passed" testListId="8c84fa94-04c1-424b-9868-57a2d4851a1d" relativeResultsDirectory="765f3173-43ae-4f43-91be-d3d00615cae4" />
    <UnitTestResult executionId="b61c27d1-3d52-41dd-b8f0-348637db260c" testId="5dd28213-4971-07c3-06a9-465e776150cb" testName="GetItemsByKey_Null_ThrowArgumentNullException" computerName="DKSR-EFI-06" duration="00:00:00.0012699" startTime="2024-01-09T15:42:04.2945492+01:00" endTime="2024-01-09T15:42:04.2945492+01:00" testType="13cdc9d9-ddb5-4fa4-a97d-d965ccfc6d4b" outcome="Passed" testListId="8c84fa94-04c1-424b-9868-57a2d4851a1d" relativeResultsDirectory="b61c27d1-3d52-41dd-b8f0-348637db260c">
      <Output>
        <StdOut>Debug Trace:&#xD;
Fail: Argument null</StdOut>
      </Output>
    </UnitTestResult>
    <UnitTestResult executionId="e5df8bd9-47ba-4248-8d35-f3edbd766c14" testId="6c76e73f-e05c-df6d-d125-847a9b06671b" testName="HttpClientCommunicatorWrapper_PatchAsyncTObj_Success" computerName="DKSR-EFI-06" duration="00:00:00.0023261" startTime="2024-01-09T15:42:11.2789486+01:00" endTime="2024-01-09T15:42:11.2945732+01:00" testType="13cdc9d9-ddb5-4fa4-a97d-d965ccfc6d4b" outcome="Passed" testListId="8c84fa94-04c1-424b-9868-57a2d4851a1d" relativeResultsDirectory="e5df8bd9-47ba-4248-8d35-f3edbd766c14" />
    <UnitTestResult executionId="47f51340-b349-4082-b6b9-35467f7fed9a" testId="a756499e-701a-9251-a313-d3727c8cba36" testName="Validate_JsonCreatedFromLicenseRequest_Success" computerName="DKSR-EFI-06" duration="00:00:00.0003228" startTime="2024-01-09T15:42:25.9664659+01:00" endTime="2024-01-09T15:42:25.9664659+01:00" testType="13cdc9d9-ddb5-4fa4-a97d-d965ccfc6d4b" outcome="Passed" testListId="8c84fa94-04c1-424b-9868-57a2d4851a1d" relativeResultsDirectory="47f51340-b349-4082-b6b9-35467f7fed9a" />
    <UnitTestResult executionId="b191c88a-469f-4680-b027-5ce8113581c3" testId="58a3ee17-49dd-8c3e-682d-eab704f23a99" testName="Scheduler_SimpleTaskProcessing" computerName="DKSR-EFI-06" startTime="2024-01-09T15:42:13.7789533+01:00" endTime="2024-01-09T15:42:13.7789533+01:00" testType="13cdc9d9-ddb5-4fa4-a97d-d965ccfc6d4b" outcome="NotExecuted" testListId="8c84fa94-04c1-424b-9868-57a2d4851a1d" relativeResultsDirectory="b191c88a-469f-4680-b027-5ce8113581c3">
      <Output></Output>
    </UnitTestResult>
    <UnitTestResult executionId="b8b786b4-2df8-4e8f-8112-c33175dd687f" testId="eeced600-da81-93ef-57ad-61708375d46d" testName="CreateHttpUri_EmptyString_ThrowsInvalidOperationException" computerName="DKSR-EFI-06" duration="00:00:00.0005870" startTime="2024-01-09T15:42:29.1383397+01:00" endTime="2024-01-09T15:42:29.1383397+01:00" testType="13cdc9d9-ddb5-4fa4-a97d-d965ccfc6d4b" outcome="Passed" testListId="8c84fa94-04c1-424b-9868-57a2d4851a1d" relativeResultsDirectory="b8b786b4-2df8-4e8f-8112-c33175dd687f" />
    <UnitTestResult executionId="b6367ee8-2721-4107-9938-8b6048f9d18e" testId="e94bed32-14b0-960f-eb57-dc27cfa1c718" testName="Decrypt" computerName="DKSR-EFI-06" duration="00:00:00.0009291" startTime="2024-01-09T15:42:28.5602157+01:00" endTime="2024-01-09T15:42:28.5602157+01:00" testType="13cdc9d9-ddb5-4fa4-a97d-d965ccfc6d4b" outcome="Passed" testListId="8c84fa94-04c1-424b-9868-57a2d4851a1d" relativeResultsDirectory="b6367ee8-2721-4107-9938-8b6048f9d18e" />
    <UnitTestResult executionId="75c1f420-a097-44d5-93f8-043080f73d5e" testId="3cbb6295-6508-d2f3-02da-5c61b6a21f24" testName="Encrypt_DataSetHasEmptyPassword_PasswordIsStillEmpty" computerName="DKSR-EFI-06" duration="00:00:00.0022868" startTime="2024-01-09T15:42:28.0914655+01:00" endTime="2024-01-09T15:42:28.1070891+01:00" testType="13cdc9d9-ddb5-4fa4-a97d-d965ccfc6d4b" outcome="Passed" testListId="8c84fa94-04c1-424b-9868-57a2d4851a1d" relativeResultsDirectory="75c1f420-a097-44d5-93f8-043080f73d5e" />
    <UnitTestResult executionId="95611923-da02-4b52-99eb-6d3ca254e7f4" testId="10919144-3823-6bf6-98f4-d0bc06e3e69f" testName="ReadChildElementValueAsUInt64_SunnyDay" computerName="DKSR-EFI-06" duration="00:00:00.0004419" startTime="2024-01-09T15:42:04.0757987+01:00" endTime="2024-01-09T15:42:04.0757987+01:00" testType="13cdc9d9-ddb5-4fa4-a97d-d965ccfc6d4b" outcome="Passed" testListId="8c84fa94-04c1-424b-9868-57a2d4851a1d" relativeResultsDirectory="95611923-da02-4b52-99eb-6d3ca254e7f4" />
    <UnitTestResult executionId="f3f3cb60-3e80-45cd-b3e1-5dd0f9305d95" testId="9fb05ec9-4cd4-d3b9-0212-219c756bc054" testName="GetAbsolutePtzPositionResponseModel_Validate_Success" computerName="DKSR-EFI-06" duration="00:00:00.0016566" startTime="2024-01-09T15:42:12.6539535+01:00" endTime="2024-01-09T15:42:12.6539535+01:00" testType="13cdc9d9-ddb5-4fa4-a97d-d965ccfc6d4b" outcome="Passed" testListId="8c84fa94-04c1-424b-9868-57a2d4851a1d" relativeResultsDirectory="f3f3cb60-3e80-45cd-b3e1-5dd0f9305d95" />
    <UnitTestResult executionId="492c4eb0-3b2e-4f28-9c3a-753412599ae8" testId="471c30f3-79c2-61c6-1bb4-c487d0950a82" testName="CheckAllMIPFiltersNullParameter2" computerName="DKSR-EFI-06" duration="00:00:00.0006658" startTime="2024-01-09T15:42:15.3883330+01:00" endTime="2024-01-09T15:42:15.3883330+01:00" testType="13cdc9d9-ddb5-4fa4-a97d-d965ccfc6d4b" outcome="Passed" testListId="8c84fa94-04c1-424b-9868-57a2d4851a1d" relativeResultsDirectory="492c4eb0-3b2e-4f28-9c3a-753412599ae8" />
    <UnitTestResult executionId="b210bb46-8db9-4f45-8af4-a48939f772df" testId="d3a91505-cd4a-baa1-50b1-44dfab733a98" testName="FindFrameIdx_TimeF1" computerName="DKSR-EFI-06" duration="00:00:00.0005381" startTime="2024-01-09T15:42:04.4039248+01:00" endTime="2024-01-09T15:42:04.4039248+01:00" testType="13cdc9d9-ddb5-4fa4-a97d-d965ccfc6d4b" outcome="Passed" testListId="8c84fa94-04c1-424b-9868-57a2d4851a1d" relativeResultsDirectory="b210bb46-8db9-4f45-8af4-a48939f772df" />
    <UnitTestResult executionId="3e01bef6-b307-4653-8e77-ba34d99cef92" testId="a5ca950e-d8ad-42fc-0581-bbdbcf47da7b" testName="HardwareInfo_SetsDriverAndModelNameUpperCaseVersions" computerName="DKSR-EFI-06" duration="00:00:00.0004378" startTime="2024-01-09T15:42:18.4352472+01:00" endTime="2024-01-09T15:42:18.4352472+01:00" testType="13cdc9d9-ddb5-4fa4-a97d-d965ccfc6d4b" outcome="Passed" testListId="8c84fa94-04c1-424b-9868-57a2d4851a1d" relativeResultsDirectory="3e01bef6-b307-4653-8e77-ba34d99cef92" />
    <UnitTestResult executionId="e2b37885-4eaa-4738-8e39-c0cb2ef0349c" testId="930e353c-fde1-03ae-10a7-7eaa994a4b20" testName="FeatureManager_TryGetFeatureParameterValueT_Null_Value" computerName="DKSR-EFI-06" duration="00:00:00.0015597" startTime="2024-01-09T15:42:18.2945834+01:00" endTime="2024-01-09T15:42:18.2945834+01:00" testType="13cdc9d9-ddb5-4fa4-a97d-d965ccfc6d4b" outcome="Passed" testListId="8c84fa94-04c1-424b-9868-57a2d4851a1d" relativeResultsDirectory="e2b37885-4eaa-4738-8e39-c0cb2ef0349c" />
    <UnitTestResult executionId="0b7dcb4d-3e33-4852-a32b-af2eb5832e94" testId="4a82ea03-a3c5-0a38-f23a-d165535cebee" testName="Test_MemberOf_SimpleOneLine" computerName="DKSR-EFI-06" duration="00:00:00.0014019" startTime="2024-01-09T15:42:29.5602135+01:00" endTime="2024-01-09T15:42:29.5602135+01:00" testType="13cdc9d9-ddb5-4fa4-a97d-d965ccfc6d4b" outcome="Passed" testListId="8c84fa94-04c1-424b-9868-57a2d4851a1d" relativeResultsDirectory="0b7dcb4d-3e33-4852-a32b-af2eb5832e94" />
    <UnitTestResult executionId="01fff8c0-5b4a-4b15-8c3b-a65cd691b1e0" testId="22bc1016-467b-6a9b-3539-1963215fc44a" testName="RecurringSchedule_GetFirstScheduleTime_Monthly_Every_3_Months_Every_First_Monday_At_4_00" computerName="DKSR-EFI-06" duration="00:00:00.0004588" startTime="2024-01-09T15:42:13.7789533+01:00" endTime="2024-01-09T15:42:13.7789533+01:00" testType="13cdc9d9-ddb5-4fa4-a97d-d965ccfc6d4b" outcome="Passed" testListId="8c84fa94-04c1-424b-9868-57a2d4851a1d" relativeResultsDirectory="01fff8c0-5b4a-4b15-8c3b-a65cd691b1e0" />
    <UnitTestResult executionId="6fddf4c9-2e6e-4476-9f79-603412df3ee9" testId="e1985f8d-0f3a-cdd7-e674-d8456d422db8" testName="FeatureManager_GetFeatureParameterValueT_Null_Value" computerName="DKSR-EFI-06" duration="00:00:00.0008424" startTime="2024-01-09T15:42:18.2477114+01:00" endTime="2024-01-09T15:42:18.2477114+01:00" testType="13cdc9d9-ddb5-4fa4-a97d-d965ccfc6d4b" outcome="Passed" testListId="8c84fa94-04c1-424b-9868-57a2d4851a1d" relativeResultsDirectory="6fddf4c9-2e6e-4476-9f79-603412df3ee9" />
    <UnitTestResult executionId="368bb3c6-32c3-4093-9878-4b250f373a5a" testId="91b088af-4d20-a693-7919-4e27e55ce584" testName="PatchAsync_EndPointIsNull_ArgumentNullExceptionThrown" computerName="DKSR-EFI-06" duration="00:00:00.0117304" startTime="2024-01-09T15:42:01.1539093+01:00" endTime="2024-01-09T15:42:01.1695342+01:00" testType="13cdc9d9-ddb5-4fa4-a97d-d965ccfc6d4b" outcome="Passed" testListId="8c84fa94-04c1-424b-9868-57a2d4851a1d" relativeResultsDirectory="368bb3c6-32c3-4093-9878-4b250f373a5a">
      <Output>
        <StdOut>Debug Trace:&#xD;
Fail: Argument null</StdOut>
      </Output>
    </UnitTestResult>
    <UnitTestResult executionId="359f8c98-9d41-4a1d-b367-b5c34e9cafaf" testId="93b8baa4-a7a4-78ce-5712-6dc3e46447a1" testName="PtzPreset_EqualsTo_Change_PtzArgs" computerName="DKSR-EFI-06" duration="00:00:00.0014559" startTime="2024-01-09T15:42:04.6383007+01:00" endTime="2024-01-09T15:42:04.6383007+01:00" testType="13cdc9d9-ddb5-4fa4-a97d-d965ccfc6d4b" outcome="Passed" testListId="8c84fa94-04c1-424b-9868-57a2d4851a1d" relativeResultsDirectory="359f8c98-9d41-4a1d-b367-b5c34e9cafaf" />
    <UnitTestResult executionId="158276fe-1733-409c-b30a-641dc97a09d3" testId="a007b317-a0ad-fafd-d5c9-f7310688453b" testName="FeatureManager_GetFeatureParameterValueT_Int_Invalid_Value" computerName="DKSR-EFI-06" duration="00:00:00.0006100" startTime="2024-01-09T15:42:18.2633345+01:00" endTime="2024-01-09T15:42:18.2633345+01:00" testType="13cdc9d9-ddb5-4fa4-a97d-d965ccfc6d4b" outcome="Passed" testListId="8c84fa94-04c1-424b-9868-57a2d4851a1d" relativeResultsDirectory="158276fe-1733-409c-b30a-641dc97a09d3" />
    <UnitTestResult executionId="c8bc7cfa-6bdc-4633-9ada-d9cd12781000" testId="c4581c14-0d59-0614-6603-b04ff30ec169" testName="IsSettingAac_ReturnFalse_OnNull" computerName="DKSR-EFI-06" duration="00:00:00.0004244" startTime="2024-01-09T15:42:26.8414656+01:00" endTime="2024-01-09T15:42:26.8414656+01:00" testType="13cdc9d9-ddb5-4fa4-a97d-d965ccfc6d4b" outcome="Passed" testListId="8c84fa94-04c1-424b-9868-57a2d4851a1d" relativeResultsDirectory="c8bc7cfa-6bdc-4633-9ada-d9cd12781000" />
    <UnitTestResult executionId="d88db3bb-0ee0-43b8-83a8-56f6a1b1bd94" testId="b6041d9b-dbf7-2fcb-855d-8b55569c6c1a" testName="HardwareSetupInformationResponseModel_NoValuesSet_ValidationFailure" computerName="DKSR-EFI-06" duration="00:00:00.0014083" startTime="2024-01-09T15:42:10.5445708+01:00" endTime="2024-01-09T15:42:10.5445708+01:00" testType="13cdc9d9-ddb5-4fa4-a97d-d965ccfc6d4b" outcome="Passed" testListId="8c84fa94-04c1-424b-9868-57a2d4851a1d" relativeResultsDirectory="d88db3bb-0ee0-43b8-83a8-56f6a1b1bd94" />
    <UnitTestResult executionId="38a3ea92-8d25-4784-a30f-e2bc47de3aab" testId="8c581716-6923-024e-05c8-e8a4c17b964e" testName="ServerFileStorageEntry_Persist_AlreadyExists_InvalidOperationException" computerName="DKSR-EFI-06" duration="00:00:00.0005578" startTime="2024-01-09T15:42:09.2164462+01:00" endTime="2024-01-09T15:42:09.2164462+01:00" testType="13cdc9d9-ddb5-4fa4-a97d-d965ccfc6d4b" outcome="Passed" testListId="8c84fa94-04c1-424b-9868-57a2d4851a1d" relativeResultsDirectory="38a3ea92-8d25-4784-a30f-e2bc47de3aab" />
    <UnitTestResult executionId="75450fb3-3fce-41b6-9d9a-b13693789c82" testId="bbcddb0d-c27e-065c-6621-ce36c72de785" testName="RefCountedObjectWrapper_Construcctor_Success" computerName="DKSR-EFI-06" duration="00:00:00.0004894" startTime="2024-01-09T15:42:11.0601980+01:00" endTime="2024-01-09T15:42:11.0601980+01:00" testType="13cdc9d9-ddb5-4fa4-a97d-d965ccfc6d4b" outcome="Passed" testListId="8c84fa94-04c1-424b-9868-57a2d4851a1d" relativeResultsDirectory="75450fb3-3fce-41b6-9d9a-b13693789c82" />
    <UnitTestResult executionId="8b671e84-b1db-4681-ab0f-1e43898a32bb" testId="e359e0a0-3df0-393a-8d03-bb1e07ac5842" testName="RefCountedObjectWrapper_ExecuteCallWithRefCount_EmptyParameter_NullReferenceException" computerName="DKSR-EFI-06" duration="00:00:00.0007890" startTime="2024-01-09T15:42:11.0758203+01:00" endTime="2024-01-09T15:42:11.0758203+01:00" testType="13cdc9d9-ddb5-4fa4-a97d-d965ccfc6d4b" outcome="Passed" testListId="8c84fa94-04c1-424b-9868-57a2d4851a1d" relativeResultsDirectory="8b671e84-b1db-4681-ab0f-1e43898a32bb" />
    <UnitTestResult executionId="2b27306a-7757-454e-be55-86b56ed7ff7d" testId="5c3a4771-d4a0-52de-dd7b-0c1992f41eea" testName="CreateHttpUri_NullString_PortSpecified_ThrowsInvalidOperationException" computerName="DKSR-EFI-06" duration="00:00:00.0007552" startTime="2024-01-09T15:42:29.1383397+01:00" endTime="2024-01-09T15:42:29.1383397+01:00" testType="13cdc9d9-ddb5-4fa4-a97d-d965ccfc6d4b" outcome="Passed" testListId="8c84fa94-04c1-424b-9868-57a2d4851a1d" relativeResultsDirectory="2b27306a-7757-454e-be55-86b56ed7ff7d" />
    <UnitTestResult executionId="abb3a408-5330-463f-aa99-6f7937e40aed" testId="e7e078de-2425-c7b4-c3e2-f67e5862d887" testName="Validate_PartialMatch_Found_MiddleOfWord_LowerCase_Success" computerName="DKSR-EFI-06" duration="00:00:00.0001827" startTime="2024-01-09T15:42:26.6070897+01:00" endTime="2024-01-09T15:42:26.6070897+01:00" testType="13cdc9d9-ddb5-4fa4-a97d-d965ccfc6d4b" outcome="Passed" testListId="8c84fa94-04c1-424b-9868-57a2d4851a1d" relativeResultsDirectory="abb3a408-5330-463f-aa99-6f7937e40aed" />
    <UnitTestResult executionId="e07df35a-e977-4fd8-90cf-e484f7382302" testId="0989f891-5100-4954-a1d3-1b2ec9bc06db" testName="GetServerSNMPId_Known" computerName="DKSR-EFI-06" duration="00:00:00.0002180" startTime="2024-01-09T15:42:26.9820885+01:00" endTime="2024-01-09T15:42:26.9820885+01:00" testType="13cdc9d9-ddb5-4fa4-a97d-d965ccfc6d4b" outcome="Passed" testListId="8c84fa94-04c1-424b-9868-57a2d4851a1d" relativeResultsDirectory="e07df35a-e977-4fd8-90cf-e484f7382302" />
    <UnitTestResult executionId="2ca4d4c1-9c6c-4101-8280-c42e5d9150cb" testId="71a8629d-053f-542d-4cd0-b36fc966255b" testName="Receive_HttpRequestExceptionThrown_ExceptionLoggedAndCommunicationExceptionThrown" computerName="DKSR-EFI-06" duration="00:00:00.0211593" startTime="2024-01-09T15:42:01.5757861+01:00" endTime="2024-01-09T15:42:01.5914135+01:00" testType="13cdc9d9-ddb5-4fa4-a97d-d965ccfc6d4b" outcome="Passed" testListId="8c84fa94-04c1-424b-9868-57a2d4851a1d" relativeResultsDirectory="2ca4d4c1-9c6c-4101-8280-c42e5d9150cb" />
    <UnitTestResult executionId="c900738f-b5fb-4aed-a074-dfc322b9611e" testId="5b9fc78a-473b-aaeb-4c48-30186e186680" testName="ActivateArchiveModel_Validation_ValidModel_Success" computerName="DKSR-EFI-06" duration="00:00:00.0021276" startTime="2024-01-09T15:42:11.4351977+01:00" endTime="2024-01-09T15:42:11.4351977+01:00" testType="13cdc9d9-ddb5-4fa4-a97d-d965ccfc6d4b" outcome="Passed" testListId="8c84fa94-04c1-424b-9868-57a2d4851a1d" relativeResultsDirectory="c900738f-b5fb-4aed-a074-dfc322b9611e" />
    <UnitTestResult executionId="5257bb61-e7a1-4f77-b60a-4717277aa3f8" testId="3f0b5a90-7873-a0cd-d62c-bb7a78bcc5c3" testName="CreateHttpsUri_HttpNonDefaultPort_UseDefaultPortTrue_BecomesHttpsPort443" computerName="DKSR-EFI-06" duration="00:00:00.0001880" startTime="2024-01-09T15:42:29.2164656+01:00" endTime="2024-01-09T15:42:29.2164656+01:00" testType="13cdc9d9-ddb5-4fa4-a97d-d965ccfc6d4b" outcome="Passed" testListId="8c84fa94-04c1-424b-9868-57a2d4851a1d" relativeResultsDirectory="5257bb61-e7a1-4f77-b60a-4717277aa3f8" />
    <UnitTestResult executionId="abd63310-0ab3-41e8-9a54-911bd69d80b7" testId="e044c42f-312e-1694-ede7-afdb126f7b59" testName="CheckAllMIPFiltersKindsTestOk2" computerName="DKSR-EFI-06" duration="00:00:00.0001733" startTime="2024-01-09T15:42:15.3570850+01:00" endTime="2024-01-09T15:42:15.3570850+01:00" testType="13cdc9d9-ddb5-4fa4-a97d-d965ccfc6d4b" outcome="Passed" testListId="8c84fa94-04c1-424b-9868-57a2d4851a1d" relativeResultsDirectory="abd63310-0ab3-41e8-9a54-911bd69d80b7" />
    <UnitTestResult executionId="f976237d-13ab-43da-aebb-21b583ef6aae" testId="d892c744-3d75-a974-deef-9becfba2f863" testName="LicenseDocument_Constructor_ThrowsArgumentNullException_OnNullParam" computerName="DKSR-EFI-06" duration="00:00:00.0008116" startTime="2024-01-09T15:42:25.9820872+01:00" endTime="2024-01-09T15:42:25.9977138+01:00" testType="13cdc9d9-ddb5-4fa4-a97d-d965ccfc6d4b" outcome="Passed" testListId="8c84fa94-04c1-424b-9868-57a2d4851a1d" relativeResultsDirectory="f976237d-13ab-43da-aebb-21b583ef6aae" />
    <UnitTestResult executionId="b0836dd0-63b5-4143-a827-dc78a7c617b6" testId="39dc3075-04fc-82df-3916-06d2414a6be6" testName="Call_HttpPost_InvalidParam_DataToPostNull_ThrowsArgumentNullException" computerName="DKSR-EFI-06" duration="00:00:00.0006716" startTime="2024-01-09T15:42:28.9195897+01:00" endTime="2024-01-09T15:42:28.9195897+01:00" testType="13cdc9d9-ddb5-4fa4-a97d-d965ccfc6d4b" outcome="Passed" testListId="8c84fa94-04c1-424b-9868-57a2d4851a1d" relativeResultsDirectory="b0836dd0-63b5-4143-a827-dc78a7c617b6" />
    <UnitTestResult executionId="018ef0cc-2c60-4943-97d6-73d0564fb0ba" testId="eadd5aea-e1cf-d48d-3354-4b05674fcd26" testName="FormatAuthority__BeforeValueIsIpV6WithoutPort_FormattedUriIsWithoutPort" computerName="DKSR-EFI-06" duration="00:00:00.0003239" startTime="2024-01-09T15:42:04.1383017+01:00" endTime="2024-01-09T15:42:04.1383017+01:00" testType="13cdc9d9-ddb5-4fa4-a97d-d965ccfc6d4b" outcome="Passed" testListId="8c84fa94-04c1-424b-9868-57a2d4851a1d" relativeResultsDirectory="018ef0cc-2c60-4943-97d6-73d0564fb0ba" />
    <UnitTestResult executionId="702e29b2-361d-4708-8ad2-89d43dac352b" testId="3afcab40-be92-3c32-cdd4-99a4f2e968f5" testName="DatabaseXmlConverter_XmlIdsToGuids_None" computerName="DKSR-EFI-06" duration="00:00:00.0408800" startTime="2024-01-09T15:42:01.8882874+01:00" endTime="2024-01-09T15:42:01.9195380+01:00" testType="13cdc9d9-ddb5-4fa4-a97d-d965ccfc6d4b" outcome="Passed" testListId="8c84fa94-04c1-424b-9868-57a2d4851a1d" relativeResultsDirectory="702e29b2-361d-4708-8ad2-89d43dac352b" />
    <UnitTestResult executionId="1e2153e2-d819-464c-aa12-499f1b9dd375" testId="db259640-9517-9e3b-80ae-9c90890e1bcb" testName="Validate_PartialMatch_Found_EndOfWord_LowerCase_Success" computerName="DKSR-EFI-06" duration="00:00:00.0001869" startTime="2024-01-09T15:42:26.6070897+01:00" endTime="2024-01-09T15:42:26.6070897+01:00" testType="13cdc9d9-ddb5-4fa4-a97d-d965ccfc6d4b" outcome="Passed" testListId="8c84fa94-04c1-424b-9868-57a2d4851a1d" relativeResultsDirectory="1e2153e2-d819-464c-aa12-499f1b9dd375" />
    <UnitTestResult executionId="0af9e48e-b8a5-4e92-b076-655a5030dbae" testId="1ec38645-b6f6-9972-e956-d407b17fc86e" testName="BoolResponseModel_NoValuesSet_ValidationFailure" computerName="DKSR-EFI-06" duration="00:00:00.0013127" startTime="2024-01-09T15:42:12.6070773+01:00" endTime="2024-01-09T15:42:12.6070773+01:00" testType="13cdc9d9-ddb5-4fa4-a97d-d965ccfc6d4b" outcome="Passed" testListId="8c84fa94-04c1-424b-9868-57a2d4851a1d" relativeResultsDirectory="0af9e48e-b8a5-4e92-b076-655a5030dbae" />
    <UnitTestResult executionId="d19213d3-ff7b-4970-9565-59401a20976a" testId="c9399038-9335-219b-086e-45a33a5c904b" testName="ModelValidation_ValidModel_Success" computerName="DKSR-EFI-06" duration="00:00:00.0019246" startTime="2024-01-09T15:42:12.2164500+01:00" endTime="2024-01-09T15:42:12.2164500+01:00" testType="13cdc9d9-ddb5-4fa4-a97d-d965ccfc6d4b" outcome="Passed" testListId="8c84fa94-04c1-424b-9868-57a2d4851a1d" relativeResultsDirectory="d19213d3-ff7b-4970-9565-59401a20976a" />
    <UnitTestResult executionId="ac9c5caf-5484-4d5a-a6f6-17b8fe3a8c77" testId="c56e53e9-2c05-5eb9-8244-91b1844883db" testName="ScheduledTimeReachedFunctionScheduledDateReachedTest" computerName="DKSR-EFI-06" duration="00:00:00.0071645" startTime="2024-01-09T15:42:15.4196253+01:00" endTime="2024-01-09T15:42:15.4196253+01:00" testType="13cdc9d9-ddb5-4fa4-a97d-d965ccfc6d4b" outcome="Passed" testListId="8c84fa94-04c1-424b-9868-57a2d4851a1d" relativeResultsDirectory="ac9c5caf-5484-4d5a-a6f6-17b8fe3a8c77" />
    <UnitTestResult executionId="7b95761c-7ff5-4029-a97e-8adffd445fdf" testId="15545652-b05c-7610-0ef9-a9ee3a46f84b" testName="TestMergeGridAreaWithSameSizedValidAreas" computerName="DKSR-EFI-06" duration="00:00:00.0002865" startTime="2024-01-09T15:42:27.8883410+01:00" endTime="2024-01-09T15:42:27.8883410+01:00" testType="13cdc9d9-ddb5-4fa4-a97d-d965ccfc6d4b" outcome="Passed" testListId="8c84fa94-04c1-424b-9868-57a2d4851a1d" relativeResultsDirectory="7b95761c-7ff5-4029-a97e-8adffd445fdf" />
    <UnitTestResult executionId="9d254e71-2420-4b39-a6df-bbfdabc46bc6" testId="cbe78191-8ee7-aa77-0812-e3cb273c8da8" testName="Validate_PopulateGrid_Success" computerName="DKSR-EFI-06" duration="00:00:00.0025653" startTime="2024-01-09T15:42:26.3102127+01:00" endTime="2024-01-09T15:42:26.3102127+01:00" testType="13cdc9d9-ddb5-4fa4-a97d-d965ccfc6d4b" outcome="Passed" testListId="8c84fa94-04c1-424b-9868-57a2d4851a1d" relativeResultsDirectory="9d254e71-2420-4b39-a6df-bbfdabc46bc6" />
    <UnitTestResult executionId="8922f011-247b-4328-8d28-5f4b0f9e9335" testId="339ac893-1f1c-c496-9014-eefd06d24734" testName="ReadChildElementValueAsInt32_RangeCheck_Min" computerName="DKSR-EFI-06" duration="00:00:00.0017077" startTime="2024-01-09T15:42:03.9351727+01:00" endTime="2024-01-09T15:42:03.9351727+01:00" testType="13cdc9d9-ddb5-4fa4-a97d-d965ccfc6d4b" outcome="Passed" testListId="8c84fa94-04c1-424b-9868-57a2d4851a1d" relativeResultsDirectory="8922f011-247b-4328-8d28-5f4b0f9e9335" />
    <UnitTestResult executionId="64da57eb-3670-4ac6-8fe1-a6925e7c5d42" testId="72d528ab-d938-9637-922f-e14047d9eeff" testName="Encrypt_DataSetHasNewRow_DataSetIsEncrypted" computerName="DKSR-EFI-06" duration="00:00:00.0030303" startTime="2024-01-09T15:42:28.0758378+01:00" endTime="2024-01-09T15:42:28.0914655+01:00" testType="13cdc9d9-ddb5-4fa4-a97d-d965ccfc6d4b" outcome="Passed" testListId="8c84fa94-04c1-424b-9868-57a2d4851a1d" relativeResultsDirectory="64da57eb-3670-4ac6-8fe1-a6925e7c5d42" />
    <UnitTestResult executionId="22b46947-e99f-4a41-a743-3affd69a877e" testId="a5868bf0-37f2-3bf5-61bc-01e74d8bb7be" testName="CalculateLicenseRequirements_NotWhitelisted_SameHardwareOnMultipleRecordingServers_CountsLicensesForSingleHardware" computerName="DKSR-EFI-06" duration="00:00:00.0016378" startTime="2024-01-09T15:42:25.9352761+01:00" endTime="2024-01-09T15:42:25.9352761+01:00" testType="13cdc9d9-ddb5-4fa4-a97d-d965ccfc6d4b" outcome="Passed" testListId="8c84fa94-04c1-424b-9868-57a2d4851a1d" relativeResultsDirectory="22b46947-e99f-4a41-a743-3affd69a877e" />
    <UnitTestResult executionId="e91fe942-9e52-406f-ba5e-952615506765" testId="978eb37b-9205-133a-243e-f6d1f0a5fd91" testName="IsMember" computerName="DKSR-EFI-06" duration="00:00:00.0009668" startTime="2024-01-09T15:42:29.6539651+01:00" endTime="2024-01-09T15:42:29.6539651+01:00" testType="13cdc9d9-ddb5-4fa4-a97d-d965ccfc6d4b" outcome="Passed" testListId="8c84fa94-04c1-424b-9868-57a2d4851a1d" relativeResultsDirectory="e91fe942-9e52-406f-ba5e-952615506765" />
    <UnitTestResult executionId="1c9cf1e3-5888-44f8-9dc8-01c5c378dd04" testId="5273d87f-049e-5fea-7cda-09d7433064b5" testName="GetLicensenCount_AddHardware_ReturnValue" computerName="DKSR-EFI-06" duration="00:00:00.0018286" startTime="2024-01-09T15:42:18.4039585+01:00" endTime="2024-01-09T15:42:18.4039585+01:00" testType="13cdc9d9-ddb5-4fa4-a97d-d965ccfc6d4b" outcome="Passed" testListId="8c84fa94-04c1-424b-9868-57a2d4851a1d" relativeResultsDirectory="1c9cf1e3-5888-44f8-9dc8-01c5c378dd04" />
    <UnitTestResult executionId="e83cc335-2c1f-4bb3-869c-553395036628" testId="957a389a-ebcf-d4a8-058e-fade6580961f" testName="Collection_Add_Null_Throws_ArguemtnNullException" computerName="DKSR-EFI-06" duration="00:00:00.0058093" startTime="2024-01-09T15:42:04.2476742+01:00" endTime="2024-01-09T15:42:04.2632989+01:00" testType="13cdc9d9-ddb5-4fa4-a97d-d965ccfc6d4b" outcome="Passed" testListId="8c84fa94-04c1-424b-9868-57a2d4851a1d" relativeResultsDirectory="e83cc335-2c1f-4bb3-869c-553395036628">
      <Output>
        <StdOut>Debug Trace:&#xD;
Fail: Argument null</StdOut>
      </Output>
    </UnitTestResult>
    <UnitTestResult executionId="18c5be7c-fec7-4f46-ba98-9fcc8bef669a" testId="501fdb8a-f92b-d075-e620-623a1ca6057e" testName="Construct_RequestContainer_InvalidLicenseRequestNull_ThrowsArgumentNullException" computerName="DKSR-EFI-06" duration="00:00:00.0006656" startTime="2024-01-09T15:42:25.9508391+01:00" endTime="2024-01-09T15:42:25.9508391+01:00" testType="13cdc9d9-ddb5-4fa4-a97d-d965ccfc6d4b" outcome="Passed" testListId="8c84fa94-04c1-424b-9868-57a2d4851a1d" relativeResultsDirectory="18c5be7c-fec7-4f46-ba98-9fcc8bef669a" />
    <UnitTestResult executionId="8785b678-e10e-456c-84a9-59c82e58aba7" testId="687407b3-9e8a-919b-d872-f2d4c561becd" testName="ErrorResponseModel_Validate_Success" computerName="DKSR-EFI-06" duration="00:00:00.0014270" startTime="2024-01-09T15:42:12.6227002+01:00" endTime="2024-01-09T15:42:12.6227002+01:00" testType="13cdc9d9-ddb5-4fa4-a97d-d965ccfc6d4b" outcome="Passed" testListId="8c84fa94-04c1-424b-9868-57a2d4851a1d" relativeResultsDirectory="8785b678-e10e-456c-84a9-59c82e58aba7" />
    <UnitTestResult executionId="a42dae21-c8df-4b7c-8768-7b485fe8d7fa" testId="8ea11245-4b23-1ae1-1f5a-096bf899de32" testName="CreateHttpUri_EmptyString_PortSpecified_ThrowsInvalidOperationException" computerName="DKSR-EFI-06" duration="00:00:00.0005816" startTime="2024-01-09T15:42:29.1383397+01:00" endTime="2024-01-09T15:42:29.1383397+01:00" testType="13cdc9d9-ddb5-4fa4-a97d-d965ccfc6d4b" outcome="Passed" testListId="8c84fa94-04c1-424b-9868-57a2d4851a1d" relativeResultsDirectory="a42dae21-c8df-4b7c-8768-7b485fe8d7fa" />
    <UnitTestResult executionId="fcd3ca08-6458-434b-a918-0883c60e9508" testId="9b74ad54-ab66-608c-c049-2e485fc905af" testName="ModelValidation_ValidModel_Success" computerName="DKSR-EFI-06" duration="00:00:00.0025301" startTime="2024-01-09T15:42:12.3570758+01:00" endTime="2024-01-09T15:42:12.3570758+01:00" testType="13cdc9d9-ddb5-4fa4-a97d-d965ccfc6d4b" outcome="Passed" testListId="8c84fa94-04c1-424b-9868-57a2d4851a1d" relativeResultsDirectory="fcd3ca08-6458-434b-a918-0883c60e9508" />
    <UnitTestResult executionId="d2e3fb43-7940-4141-af39-ccc9740fb885" testId="29b5a635-e26f-754b-90bd-aadb2c16358d" testName="ReadChildElementValueAsUInt16_NoChild" computerName="DKSR-EFI-06" duration="00:00:00.0004219" startTime="2024-01-09T15:42:04.0289227+01:00" endTime="2024-01-09T15:42:04.0289227+01:00" testType="13cdc9d9-ddb5-4fa4-a97d-d965ccfc6d4b" outcome="Passed" testListId="8c84fa94-04c1-424b-9868-57a2d4851a1d" relativeResultsDirectory="d2e3fb43-7940-4141-af39-ccc9740fb885" />
    <UnitTestResult executionId="cd5e0030-4620-4e7b-8cc9-dd53b5c4e6c8" testId="4f3bc137-5510-9460-5012-f58e75f6f1d3" testName="FeatureManager_TryGetFeatureParameterValueT_Int_Valid_Value" computerName="DKSR-EFI-06" duration="00:00:00.0003817" startTime="2024-01-09T15:42:18.3258357+01:00" endTime="2024-01-09T15:42:18.3258357+01:00" testType="13cdc9d9-ddb5-4fa4-a97d-d965ccfc6d4b" outcome="Passed" testListId="8c84fa94-04c1-424b-9868-57a2d4851a1d" relativeResultsDirectory="cd5e0030-4620-4e7b-8cc9-dd53b5c4e6c8" />
    <UnitTestResult executionId="f945ca2d-87af-4c11-9c9d-4900ab922b6d" testId="80f1ea91-f20c-3fe2-9335-c00d37b77bfe" testName="SendAsync_InvalidOperationExceptionThrown_ExceptionLoggedAndDefaultValueReturned" computerName="DKSR-EFI-06" duration="00:00:00.0031205" startTime="2024-01-09T15:42:00.9976604+01:00" endTime="2024-01-09T15:42:00.9976604+01:00" testType="13cdc9d9-ddb5-4fa4-a97d-d965ccfc6d4b" outcome="Passed" testListId="8c84fa94-04c1-424b-9868-57a2d4851a1d" relativeResultsDirectory="f945ca2d-87af-4c11-9c9d-4900ab922b6d" />
    <UnitTestResult executionId="f03da481-b232-4674-a8f0-9570ee44c8fe" testId="1a96ff41-b719-51eb-38ba-9a20c45ec1c0" testName="ServerFileStorage_SetPosition_Success" computerName="DKSR-EFI-06" duration="00:00:00.0007424" startTime="2024-01-09T15:42:09.1539416+01:00" endTime="2024-01-09T15:42:09.1539416+01:00" testType="13cdc9d9-ddb5-4fa4-a97d-d965ccfc6d4b" outcome="Passed" testListId="8c84fa94-04c1-424b-9868-57a2d4851a1d" relativeResultsDirectory="f03da481-b232-4674-a8f0-9570ee44c8fe" />
    <UnitTestResult executionId="4c788845-eb98-42e8-bd58-6ce9b642531e" testId="e5cf07e9-ee50-38c9-0a10-0e2fe63320d9" testName="ParseAsBytes_Empty_Success" computerName="DKSR-EFI-06" duration="00:00:00.0001281" startTime="2024-01-09T15:42:29.5133772+01:00" endTime="2024-01-09T15:42:29.5133772+01:00" testType="13cdc9d9-ddb5-4fa4-a97d-d965ccfc6d4b" outcome="Passed" testListId="8c84fa94-04c1-424b-9868-57a2d4851a1d" relativeResultsDirectory="4c788845-eb98-42e8-bd58-6ce9b642531e" />
    <UnitTestResult executionId="7519e11e-b0b5-45d8-b9bd-da614eb3aa2f" testId="09bdea18-f696-eae7-18fe-6a761cdcf889" testName="UniqueIndex_GetEntryByKey_Comparer_Returns_Correct_Item" computerName="DKSR-EFI-06" duration="00:00:00.0007321" startTime="2024-01-09T15:42:04.1851751+01:00" endTime="2024-01-09T15:42:04.1851751+01:00" testType="13cdc9d9-ddb5-4fa4-a97d-d965ccfc6d4b" outcome="Passed" testListId="8c84fa94-04c1-424b-9868-57a2d4851a1d" relativeResultsDirectory="7519e11e-b0b5-45d8-b9bd-da614eb3aa2f" />
    <UnitTestResult executionId="a49f1b42-92a1-44c2-a45e-81e7382b8963" testId="87b18356-0fa2-346b-8acc-387ead427865" testName="ExceptionResponseModel_NoValuesSet_ValidationFailure" computerName="DKSR-EFI-06" duration="00:00:00.0012709" startTime="2024-01-09T15:42:12.7164523+01:00" endTime="2024-01-09T15:42:12.7164523+01:00" testType="13cdc9d9-ddb5-4fa4-a97d-d965ccfc6d4b" outcome="Passed" testListId="8c84fa94-04c1-424b-9868-57a2d4851a1d" relativeResultsDirectory="a49f1b42-92a1-44c2-a45e-81e7382b8963" />
    <UnitTestResult executionId="d569ba26-1f43-4088-953d-6e4d7ca2a0b5" testId="246c8a65-c427-a9c1-ae58-a7c66780d3ff" testName="RulesTableAdapter_SetUserSid_Twice_InvalidOperationException" computerName="DKSR-EFI-06" duration="00:00:00.0017993" startTime="2024-01-09T15:42:28.5133400+01:00" endTime="2024-01-09T15:42:28.5133400+01:00" testType="13cdc9d9-ddb5-4fa4-a97d-d965ccfc6d4b" outcome="Passed" testListId="8c84fa94-04c1-424b-9868-57a2d4851a1d" relativeResultsDirectory="d569ba26-1f43-4088-953d-6e4d7ca2a0b5">
      <Output>
        <StdOut>Debug Trace:&#xD;
Fail: The current sid value has not been cleared after the last use of the table adapter.</StdOut>
      </Output>
    </UnitTestResult>
    <UnitTestResult executionId="ca5c2082-a419-427a-8505-e5495687c60e" testId="c9999e9d-a2c2-81ee-78a6-a171e8eb25b6" testName="StreamsConfiguration_ValidateConfiguration_Invalid_Selection_3_Error" computerName="DKSR-EFI-06" duration="00:00:00.0068920" startTime="2024-01-09T15:42:09.9976951+01:00" endTime="2024-01-09T15:42:09.9976951+01:00" testType="13cdc9d9-ddb5-4fa4-a97d-d965ccfc6d4b" outcome="Passed" testListId="8c84fa94-04c1-424b-9868-57a2d4851a1d" relativeResultsDirectory="ca5c2082-a419-427a-8505-e5495687c60e" />
    <UnitTestResult executionId="188594c8-0861-42da-a230-cbcfeda7ae7a" testId="706e41d2-0bcb-2b17-a93f-3bfc9cea9710" testName="EnsureMacAddressNotZeroes1" computerName="DKSR-EFI-06" duration="00:00:00.0054861" startTime="2024-01-09T15:42:26.8258413+01:00" endTime="2024-01-09T15:42:26.8414656+01:00" testType="13cdc9d9-ddb5-4fa4-a97d-d965ccfc6d4b" outcome="Passed" testListId="8c84fa94-04c1-424b-9868-57a2d4851a1d" relativeResultsDirectory="188594c8-0861-42da-a230-cbcfeda7ae7a" />
    <UnitTestResult executionId="1ad1121e-475e-4dc8-b80e-90dd4d0c07bd" testId="f3f224e3-e84e-962f-40aa-9cfc22312b50" testName="ToLogEntryRule_ModelWithNullLogeDefinition_SuccessConvertion" computerName="DKSR-EFI-06" duration="00:00:00.0027050" startTime="2024-01-09T15:42:12.4664510+01:00" endTime="2024-01-09T15:42:12.4664510+01:00" testType="13cdc9d9-ddb5-4fa4-a97d-d965ccfc6d4b" outcome="Passed" testListId="8c84fa94-04c1-424b-9868-57a2d4851a1d" relativeResultsDirectory="1ad1121e-475e-4dc8-b80e-90dd4d0c07bd" />
    <UnitTestResult executionId="e4408d2d-ac2a-4af1-bbdb-f6183c08652f" testId="2cfbec6f-c817-94e4-b492-5c9f6bf6718c" testName="SecurityManager_HasDevicePermission_ViewLive_Timeprofile_Restricted" computerName="DKSR-EFI-06" duration="00:00:00.0082788" startTime="2024-01-09T15:42:13.2164501+01:00" endTime="2024-01-09T15:42:13.2164501+01:00" testType="13cdc9d9-ddb5-4fa4-a97d-d965ccfc6d4b" outcome="Passed" testListId="8c84fa94-04c1-424b-9868-57a2d4851a1d" relativeResultsDirectory="e4408d2d-ac2a-4af1-bbdb-f6183c08652f" />
    <UnitTestResult executionId="ad0e63fb-5cc8-4c03-81d5-fb4c3342161b" testId="9e28bec4-c408-3041-cda4-91100c861ab7" testName="StreamsConfiguration_ValidateConfiguration_Same_Stream_Name" computerName="DKSR-EFI-06" duration="00:00:00.0067972" startTime="2024-01-09T15:42:09.6070716+01:00" endTime="2024-01-09T15:42:09.6070716+01:00" testType="13cdc9d9-ddb5-4fa4-a97d-d965ccfc6d4b" outcome="Passed" testListId="8c84fa94-04c1-424b-9868-57a2d4851a1d" relativeResultsDirectory="ad0e63fb-5cc8-4c03-81d5-fb4c3342161b" />
    <UnitTestResult executionId="0a16dd8c-b87f-476a-986a-db5ae608033d" testId="6e183b12-0810-b038-3176-91075831756f" testName="ServerFileStorage_DisposesStream_ThenReads_Exception" computerName="DKSR-EFI-06" duration="00:00:00.0009908" startTime="2024-01-09T15:42:09.1695681+01:00" endTime="2024-01-09T15:42:09.1695681+01:00" testType="13cdc9d9-ddb5-4fa4-a97d-d965ccfc6d4b" outcome="Passed" testListId="8c84fa94-04c1-424b-9868-57a2d4851a1d" relativeResultsDirectory="0a16dd8c-b87f-476a-986a-db5ae608033d" />
    <UnitTestResult executionId="405efed8-3997-4a0d-a543-eee54309aea1" testId="8bde4785-2c03-a7e7-c5b7-8e24d368f7d7" testName="LicenseActivationService_AcquireLicense_LicenseNotAllowed_ToManyCamerasRequested" computerName="DKSR-EFI-06" duration="00:00:00.0022072" startTime="2024-01-09T15:42:18.7633353+01:00" endTime="2024-01-09T15:42:18.7789613+01:00" testType="13cdc9d9-ddb5-4fa4-a97d-d965ccfc6d4b" outcome="Passed" testListId="8c84fa94-04c1-424b-9868-57a2d4851a1d" relativeResultsDirectory="405efed8-3997-4a0d-a543-eee54309aea1" />
    <UnitTestResult executionId="bb3d60c2-5cfe-4421-93fd-23f1b6eb818b" testId="a5df3e0b-3914-27c6-17a6-08436b53e40a" testName="SecurityConfigurationModel_Validate_Success" computerName="DKSR-EFI-06" duration="00:00:00.0019493" startTime="2024-01-09T15:42:11.9351995+01:00" endTime="2024-01-09T15:42:11.9351995+01:00" testType="13cdc9d9-ddb5-4fa4-a97d-d965ccfc6d4b" outcome="Passed" testListId="8c84fa94-04c1-424b-9868-57a2d4851a1d" relativeResultsDirectory="bb3d60c2-5cfe-4421-93fd-23f1b6eb818b" />
    <UnitTestResult executionId="c8cb2dce-2b44-4207-a257-679ad70f1610" testId="35072336-d724-2bc2-c248-4a6e7e37ad9c" testName="CreateHttpsUri_HttpDefaultPort_UsePort65536_ThrowsArgumentOutOfRangeException" computerName="DKSR-EFI-06" duration="00:00:00.0005290" startTime="2024-01-09T15:42:29.2477141+01:00" endTime="2024-01-09T15:42:29.2477141+01:00" testType="13cdc9d9-ddb5-4fa4-a97d-d965ccfc6d4b" outcome="Passed" testListId="8c84fa94-04c1-424b-9868-57a2d4851a1d" relativeResultsDirectory="c8cb2dce-2b44-4207-a257-679ad70f1610" />
    <UnitTestResult executionId="d351651d-2e47-4385-a238-273db82ef0ed" testId="4a973728-cdf0-1276-f8b9-506e643591d0" testName="GroupConfigurationHelperAllKinds" computerName="DKSR-EFI-06" duration="00:00:00.0021271" startTime="2024-01-09T15:42:15.1695822+01:00" endTime="2024-01-09T15:42:15.1695822+01:00" testType="13cdc9d9-ddb5-4fa4-a97d-d965ccfc6d4b" outcome="Passed" testListId="8c84fa94-04c1-424b-9868-57a2d4851a1d" relativeResultsDirectory="d351651d-2e47-4385-a238-273db82ef0ed" />
    <UnitTestResult executionId="fca4cca2-6ab2-43d4-a61b-ed47d8e199c5" testId="270a257e-24da-16b7-6595-e3fddd9800b4" testName="ServiceDiscoveryEngine_Construction_Provider_Null_ArgumentNullException" computerName="DKSR-EFI-06" duration="00:00:00.0025690" startTime="2024-01-09T15:42:12.7477007+01:00" endTime="2024-01-09T15:42:12.7477007+01:00" testType="13cdc9d9-ddb5-4fa4-a97d-d965ccfc6d4b" outcome="Passed" testListId="8c84fa94-04c1-424b-9868-57a2d4851a1d" relativeResultsDirectory="fca4cca2-6ab2-43d4-a61b-ed47d8e199c5" />
    <UnitTestResult executionId="121c5d48-f1c3-4d8b-9bca-6f23f740eca6" testId="4b873ac6-765a-404f-f38f-0422c9001382" testName="ServerFileStorage_SetPosition_PastStreamEnd_Exception" computerName="DKSR-EFI-06" duration="00:00:00.0006757" startTime="2024-01-09T15:42:09.1539416+01:00" endTime="2024-01-09T15:42:09.1539416+01:00" testType="13cdc9d9-ddb5-4fa4-a97d-d965ccfc6d4b" outcome="Passed" testListId="8c84fa94-04c1-424b-9868-57a2d4851a1d" relativeResultsDirectory="121c5d48-f1c3-4d8b-9bca-6f23f740eca6" />
    <UnitTestResult executionId="9a06de75-8db0-4eea-a01f-bf022854f9a6" testId="945415cd-224b-6a51-d662-ea13ef7f9084" testName="ServiceConnectionStatus_Construction_TimespanZero_ArgumentException" computerName="DKSR-EFI-06" duration="00:00:00.0028067" startTime="2024-01-09T15:42:09.2380669+01:00" endTime="2024-01-09T15:42:09.2380669+01:00" testType="13cdc9d9-ddb5-4fa4-a97d-d965ccfc6d4b" outcome="Passed" testListId="8c84fa94-04c1-424b-9868-57a2d4851a1d" relativeResultsDirectory="9a06de75-8db0-4eea-a01f-bf022854f9a6" />
    <UnitTestResult executionId="7d747559-f852-4452-8a17-06b867f847d7" testId="d1934567-0d00-5d36-ca2e-cfd2548f0873" testName="GetLicensenCount_AddNoHardware_ReturnValue" computerName="DKSR-EFI-06" duration="00:00:00.0005235" startTime="2024-01-09T15:42:18.4039585+01:00" endTime="2024-01-09T15:42:18.4039585+01:00" testType="13cdc9d9-ddb5-4fa4-a97d-d965ccfc6d4b" outcome="Passed" testListId="8c84fa94-04c1-424b-9868-57a2d4851a1d" relativeResultsDirectory="7d747559-f852-4452-8a17-06b867f847d7" />
    <UnitTestResult executionId="7f523834-0c91-4eb3-9908-769d1ecfc508" testId="a5c71af1-2277-db72-cf95-9e91c4704471" testName="Mac_Address_Empty_Test_StringEmpty" computerName="DKSR-EFI-06" duration="00:00:00.0005472" startTime="2024-01-09T15:42:26.5289645+01:00" endTime="2024-01-09T15:42:26.5289645+01:00" testType="13cdc9d9-ddb5-4fa4-a97d-d965ccfc6d4b" outcome="Passed" testListId="8c84fa94-04c1-424b-9868-57a2d4851a1d" relativeResultsDirectory="7f523834-0c91-4eb3-9908-769d1ecfc508" />
    <UnitTestResult executionId="a65bc324-3910-4ba4-9734-9b865c76750c" testId="2eacf72f-5904-d273-4233-9408fc9a3d2f" testName="ModelValidation_ValidModel_Success" computerName="DKSR-EFI-06" duration="00:00:00.0018786" startTime="2024-01-09T15:42:11.8883258+01:00" endTime="2024-01-09T15:42:11.9039544+01:00" testType="13cdc9d9-ddb5-4fa4-a97d-d965ccfc6d4b" outcome="Passed" testListId="8c84fa94-04c1-424b-9868-57a2d4851a1d" relativeResultsDirectory="a65bc324-3910-4ba4-9734-9b865c76750c" />
    <UnitTestResult executionId="ce73f78f-0041-4a18-90c7-e270fc6ea7a3" testId="8981d84e-7ce1-9703-e39b-b12ad0be124f" testName="FeatureManager_GetFeatureParameterValue_EmptyValue" computerName="DKSR-EFI-06" duration="00:00:00.0003581" startTime="2024-01-09T15:42:18.2164592+01:00" endTime="2024-01-09T15:42:18.2164592+01:00" testType="13cdc9d9-ddb5-4fa4-a97d-d965ccfc6d4b" outcome="Passed" testListId="8c84fa94-04c1-424b-9868-57a2d4851a1d" relativeResultsDirectory="ce73f78f-0041-4a18-90c7-e270fc6ea7a3" />
    <UnitTestResult executionId="95487357-7e33-4a92-abc0-30a6a3e70c00" testId="f0c6cb33-4f14-0311-2137-e4f80b84b338" testName="ServiceDiscoveryEngine_CommunicationError_ServiceNotFound" computerName="DKSR-EFI-06" duration="00:00:00.0009965" startTime="2024-01-09T15:42:12.7789506+01:00" endTime="2024-01-09T15:42:12.7789506+01:00" testType="13cdc9d9-ddb5-4fa4-a97d-d965ccfc6d4b" outcome="Passed" testListId="8c84fa94-04c1-424b-9868-57a2d4851a1d" relativeResultsDirectory="95487357-7e33-4a92-abc0-30a6a3e70c00" />
    <UnitTestResult executionId="48fd7ced-7537-4b60-9ee4-65318711a28d" testId="d5df3c26-8e99-c124-f394-17dc3620d54c" testName="WhiteList_CreateInstanceWithInvalidWhitelistParameter_RaisesArgumentException" computerName="DKSR-EFI-06" duration="00:00:00.0007701" startTime="2024-01-09T15:42:26.3883401+01:00" endTime="2024-01-09T15:42:26.4039673+01:00" testType="13cdc9d9-ddb5-4fa4-a97d-d965ccfc6d4b" outcome="Passed" testListId="8c84fa94-04c1-424b-9868-57a2d4851a1d" relativeResultsDirectory="48fd7ced-7537-4b60-9ee4-65318711a28d" />
    <UnitTestResult executionId="a7b82085-308b-47dd-8591-e6a5ea1df2a6" testId="236f3461-4b7f-7202-33e7-ad4514ee99ac" testName="ModelValidation_NonEmptyGuidsAreEmpty_Failed" computerName="DKSR-EFI-06" duration="00:00:00.0019637" startTime="2024-01-09T15:42:11.8883258+01:00" endTime="2024-01-09T15:42:11.8883258+01:00" testType="13cdc9d9-ddb5-4fa4-a97d-d965ccfc6d4b" outcome="Passed" testListId="8c84fa94-04c1-424b-9868-57a2d4851a1d" relativeResultsDirectory="a7b82085-308b-47dd-8591-e6a5ea1df2a6" />
    <UnitTestResult executionId="56539e9c-64f5-410b-8f83-202f922a7637" testId="8dc52a42-3fb1-8a7a-e748-c03fb8da71f9" testName="Decrypt_DataSetHasEmptyPassword_PasswordIsStillEmpty" computerName="DKSR-EFI-06" duration="00:00:00.0021486" startTime="2024-01-09T15:42:28.2164660+01:00" endTime="2024-01-09T15:42:28.2164660+01:00" testType="13cdc9d9-ddb5-4fa4-a97d-d965ccfc6d4b" outcome="Passed" testListId="8c84fa94-04c1-424b-9868-57a2d4851a1d" relativeResultsDirectory="56539e9c-64f5-410b-8f83-202f922a7637" />
    <UnitTestResult executionId="218c3d1b-71aa-4b11-a212-dfc164a1916d" testId="ef295aad-d648-2382-a38b-fad29187f889" testName="Failure" computerName="DKSR-EFI-06" duration="00:00:00.0007485" startTime="2024-01-09T15:42:04.1070495+01:00" endTime="2024-01-09T15:42:04.1070495+01:00" testType="13cdc9d9-ddb5-4fa4-a97d-d965ccfc6d4b" outcome="Passed" testListId="8c84fa94-04c1-424b-9868-57a2d4851a1d" relativeResultsDirectory="218c3d1b-71aa-4b11-a212-dfc164a1916d" />
    <UnitTestResult executionId="2135e003-ec3a-4924-993e-4838c4c87650" testId="e55b8c51-82d3-d274-536b-026dd8f98a4e" testName="ReadChildElementValueAsInt32_NoChild" computerName="DKSR-EFI-06" duration="00:00:00.0004343" startTime="2024-01-09T15:42:03.9507976+01:00" endTime="2024-01-09T15:42:03.9507976+01:00" testType="13cdc9d9-ddb5-4fa4-a97d-d965ccfc6d4b" outcome="Passed" testListId="8c84fa94-04c1-424b-9868-57a2d4851a1d" relativeResultsDirectory="2135e003-ec3a-4924-993e-4838c4c87650" />
    <UnitTestResult executionId="a6dc05de-bb5e-43be-9e7a-126e79b7aecc" testId="40b0bf9f-69d6-7f7e-3fea-42f3920f4584" testName="ToModelSystem_LogEntryNull_ArgumentNullException" computerName="DKSR-EFI-06" duration="00:00:00.0008954" startTime="2024-01-09T15:42:12.4195770+01:00" endTime="2024-01-09T15:42:12.4352023+01:00" testType="13cdc9d9-ddb5-4fa4-a97d-d965ccfc6d4b" outcome="Passed" testListId="8c84fa94-04c1-424b-9868-57a2d4851a1d" relativeResultsDirectory="a6dc05de-bb5e-43be-9e7a-126e79b7aecc" />
    <UnitTestResult executionId="95502cd3-a813-40a9-bbeb-438b2a6fcb99" testId="ac46994b-04a8-77ef-2066-246951340cea" testName="FeatureManager_TryGetFeatureParameterValueT_Int_OutOfRange_Value" computerName="DKSR-EFI-06" duration="00:00:00.0004834" startTime="2024-01-09T15:42:18.3102109+01:00" endTime="2024-01-09T15:42:18.3258357+01:00" testType="13cdc9d9-ddb5-4fa4-a97d-d965ccfc6d4b" outcome="Passed" testListId="8c84fa94-04c1-424b-9868-57a2d4851a1d" relativeResultsDirectory="95502cd3-a813-40a9-bbeb-438b2a6fcb99" />
    <UnitTestResult executionId="5a665720-a7d9-4278-9c75-59e5e2c20052" testId="d51a3945-9760-b3de-3fd2-b81f472ff315" testName="HttpClientCommunicatorWrapper_SendTObjTRet_Success" computerName="DKSR-EFI-06" duration="00:00:00.0027010" startTime="2024-01-09T15:42:11.3726983+01:00" endTime="2024-01-09T15:42:11.3726983+01:00" testType="13cdc9d9-ddb5-4fa4-a97d-d965ccfc6d4b" outcome="Passed" testListId="8c84fa94-04c1-424b-9868-57a2d4851a1d" relativeResultsDirectory="5a665720-a7d9-4278-9c75-59e5e2c20052" />
    <UnitTestResult executionId="7ce7c501-2e8c-463b-8eb6-13988ab37ded" testId="43bd50aa-ead1-55db-3c99-7296e9a62f72" testName="DatabaseXmlConverter_DeviceXmlToStickerSize_None" computerName="DKSR-EFI-06" duration="00:00:00.0003577" startTime="2024-01-09T15:42:01.8726626+01:00" endTime="2024-01-09T15:42:01.8726626+01:00" testType="13cdc9d9-ddb5-4fa4-a97d-d965ccfc6d4b" outcome="Passed" testListId="8c84fa94-04c1-424b-9868-57a2d4851a1d" relativeResultsDirectory="7ce7c501-2e8c-463b-8eb6-13988ab37ded" />
    <UnitTestResult executionId="578f0359-2a03-418d-a7a2-b8d25fa97ac1" testId="ceeeb36b-b7e8-0c89-cfc9-e2c8367bd453" testName="FeatureManager_FeatureParameterCount_License_Argument_Null" computerName="DKSR-EFI-06" duration="00:00:00.0003460" startTime="2024-01-09T15:42:18.2008360+01:00" endTime="2024-01-09T15:42:18.2008360+01:00" testType="13cdc9d9-ddb5-4fa4-a97d-d965ccfc6d4b" outcome="Passed" testListId="8c84fa94-04c1-424b-9868-57a2d4851a1d" relativeResultsDirectory="578f0359-2a03-418d-a7a2-b8d25fa97ac1" />
    <UnitTestResult executionId="c5e2472a-05bf-484b-8f13-9a36aefe9118" testId="86f38614-9c5c-f32f-62f9-f28cf561de7a" testName="BaseVersionValidTest" computerName="DKSR-EFI-06" duration="00:00:00.0002780" startTime="2024-01-09T15:42:15.4508536+01:00" endTime="2024-01-09T15:42:15.9195838+01:00" testType="13cdc9d9-ddb5-4fa4-a97d-d965ccfc6d4b" outcome="Passed" testListId="8c84fa94-04c1-424b-9868-57a2d4851a1d" relativeResultsDirectory="c5e2472a-05bf-484b-8f13-9a36aefe9118" />
    <UnitTestResult executionId="9280bae5-3fbf-4832-b153-dfb730c34855" testId="95297ff6-aa76-ad4c-4f0e-5e0a60814245" testName="SendEndPointAndObject_EndPointNull_ArgumentNullExceptionThrown" computerName="DKSR-EFI-06" duration="00:00:00.0027193" startTime="2024-01-09T15:42:01.4039106+01:00" endTime="2024-01-09T15:42:01.4039106+01:00" testType="13cdc9d9-ddb5-4fa4-a97d-d965ccfc6d4b" outcome="Passed" testListId="8c84fa94-04c1-424b-9868-57a2d4851a1d" relativeResultsDirectory="9280bae5-3fbf-4832-b153-dfb730c34855">
      <Output>
        <StdOut>Debug Trace:&#xD;
Fail: Argument null</StdOut>
      </Output>
    </UnitTestResult>
    <UnitTestResult executionId="d78fa84d-f6ab-4533-991a-23d93f410a5d" testId="9be8a1a6-dbc5-67e3-e22f-3c26db4775c4" testName="ModelValidation_ValidModel_Success" computerName="DKSR-EFI-06" duration="00:00:00.0018811" startTime="2024-01-09T15:42:11.8258269+01:00" endTime="2024-01-09T15:42:11.8258269+01:00" testType="13cdc9d9-ddb5-4fa4-a97d-d965ccfc6d4b" outcome="Passed" testListId="8c84fa94-04c1-424b-9868-57a2d4851a1d" relativeResultsDirectory="d78fa84d-f6ab-4533-991a-23d93f410a5d" />
    <UnitTestResult executionId="e8d62edb-2339-4553-8f62-c010569cf924" testId="87d633b3-db0f-0aee-539b-7bd0300d4dae" testName="Transform_UnsupportedXml" computerName="DKSR-EFI-06" duration="00:00:00.0005719" startTime="2024-01-09T15:42:28.5758392+01:00" endTime="2024-01-09T15:42:28.5758392+01:00" testType="13cdc9d9-ddb5-4fa4-a97d-d965ccfc6d4b" outcome="Passed" testListId="8c84fa94-04c1-424b-9868-57a2d4851a1d" relativeResultsDirectory="e8d62edb-2339-4553-8f62-c010569cf924" />
    <UnitTestResult executionId="abcf267f-77ed-40f3-be64-39b5c3bf9870" testId="35535d87-f63c-dc4a-d24b-9d8f63dbddac" testName="UpdateRecorderStatus_RequiredPropertiesAreNull_Failed" computerName="DKSR-EFI-06" duration="00:00:00.0022690" startTime="2024-01-09T15:42:12.5602016+01:00" endTime="2024-01-09T15:42:12.5758552+01:00" testType="13cdc9d9-ddb5-4fa4-a97d-d965ccfc6d4b" outcome="Passed" testListId="8c84fa94-04c1-424b-9868-57a2d4851a1d" relativeResultsDirectory="abcf267f-77ed-40f3-be64-39b5c3bf9870" />
    <UnitTestResult executionId="694c3754-3705-4aeb-8224-3007eda2792e" testId="91802298-d623-8d8a-fccc-abace55a9769" testName="Encrypt_DataSetIsNull_ThrowsArgumentNullException" computerName="DKSR-EFI-06" duration="00:00:00.0065085" startTime="2024-01-09T15:42:28.1695894+01:00" endTime="2024-01-09T15:42:28.1695894+01:00" testType="13cdc9d9-ddb5-4fa4-a97d-d965ccfc6d4b" outcome="Passed" testListId="8c84fa94-04c1-424b-9868-57a2d4851a1d" relativeResultsDirectory="694c3754-3705-4aeb-8224-3007eda2792e">
      <Output>
        <StdOut>Debug Trace:&#xD;
Fail: Argument null</StdOut>
      </Output>
    </UnitTestResult>
    <UnitTestResult executionId="5cb5ac3f-1dd5-454c-b21e-ad9f8f585310" testId="e1df1135-fb1f-3f72-52ea-c87f692f1872" testName="InitializeWithValidILicenseDocument_Success" computerName="DKSR-EFI-06" duration="00:00:00.0032635" startTime="2024-01-09T15:42:18.8102111+01:00" endTime="2024-01-09T15:42:18.8102111+01:00" testType="13cdc9d9-ddb5-4fa4-a97d-d965ccfc6d4b" outcome="Passed" testListId="8c84fa94-04c1-424b-9868-57a2d4851a1d" relativeResultsDirectory="5cb5ac3f-1dd5-454c-b21e-ad9f8f585310" />
    <UnitTestResult executionId="ecba3a84-eab2-42e6-ad46-a40a4c23db2b" testId="b9eb7949-9592-5c0d-f17c-cbec8d004d54" testName="OnActionExecuting_ModelStateValid_NoReponseSet" computerName="DKSR-EFI-06" duration="00:00:00.0552598" startTime="2024-01-09T15:41:59.8883394+01:00" endTime="2024-01-09T15:41:59.9508421+01:00" testType="13cdc9d9-ddb5-4fa4-a97d-d965ccfc6d4b" outcome="Passed" testListId="8c84fa94-04c1-424b-9868-57a2d4851a1d" relativeResultsDirectory="ecba3a84-eab2-42e6-ad46-a40a4c23db2b" />
    <UnitTestResult executionId="351f2664-9aab-42cd-8bda-1e0f7cd272ba" testId="719c6f9d-67a7-a61e-7fe8-5cc018344da5" testName="ReadChildElementValueAsUInt32_NoChild" computerName="DKSR-EFI-06" duration="00:00:00.0004842" startTime="2024-01-09T15:42:03.9976733+01:00" endTime="2024-01-09T15:42:03.9976733+01:00" testType="13cdc9d9-ddb5-4fa4-a97d-d965ccfc6d4b" outcome="Passed" testListId="8c84fa94-04c1-424b-9868-57a2d4851a1d" relativeResultsDirectory="351f2664-9aab-42cd-8bda-1e0f7cd272ba" />
    <UnitTestResult executionId="5ae7214c-7de8-45c6-83ab-b4af41fd165c" testId="e6a3eac6-4a92-ade1-878f-4f802ed8f76f" testName="ReadChildElementValueAsBoolean_ElementNull" computerName="DKSR-EFI-06" duration="00:00:00.0005753" startTime="2024-01-09T15:42:03.9351727+01:00" endTime="2024-01-09T15:42:03.9351727+01:00" testType="13cdc9d9-ddb5-4fa4-a97d-d965ccfc6d4b" outcome="Passed" testListId="8c84fa94-04c1-424b-9868-57a2d4851a1d" relativeResultsDirectory="5ae7214c-7de8-45c6-83ab-b4af41fd165c" />
    <UnitTestResult executionId="6f584724-8313-4112-b36b-bf3d960cb03b" testId="3f4c7994-738d-fc20-0252-4c17d79fc0b9" testName="IsArculesGuid_WhenArculesGuid_ReturnsTrue" computerName="DKSR-EFI-06" duration="00:00:00.0009730" startTime="2024-01-09T15:42:26.7008409+01:00" endTime="2024-01-09T15:42:26.7008409+01:00" testType="13cdc9d9-ddb5-4fa4-a97d-d965ccfc6d4b" outcome="Passed" testListId="8c84fa94-04c1-424b-9868-57a2d4851a1d" relativeResultsDirectory="6f584724-8313-4112-b36b-bf3d960cb03b" />
    <UnitTestResult executionId="bcdf5935-6fdf-4a80-8c51-50eac475cf15" testId="141e191c-4442-3208-46fe-8e00c7caaf9d" testName="ValidateInformation_DevicesCountUsingOneLicense_Shown_WhenTheCountIsSeven" computerName="DKSR-EFI-06" duration="00:00:00.0024888" startTime="2024-01-09T15:42:26.3570917+01:00" endTime="2024-01-09T15:42:26.3570917+01:00" testType="13cdc9d9-ddb5-4fa4-a97d-d965ccfc6d4b" outcome="Passed" testListId="8c84fa94-04c1-424b-9868-57a2d4851a1d" relativeResultsDirectory="bcdf5935-6fdf-4a80-8c51-50eac475cf15" />
    <UnitTestResult executionId="83623162-42ec-4db7-a495-72a3a8d6ab1d" testId="02eaeccd-f250-da56-d45f-900803771d6e" testName="LicenseDocument_ThrowsUnsupportedLicensingModeError_OnLicenseWithUnparsableMaximumChannelCount" computerName="DKSR-EFI-06" duration="00:00:00.0025547" startTime="2024-01-09T15:42:26.1539647+01:00" endTime="2024-01-09T15:42:26.1695892+01:00" testType="13cdc9d9-ddb5-4fa4-a97d-d965ccfc6d4b" outcome="Passed" testListId="8c84fa94-04c1-424b-9868-57a2d4851a1d" relativeResultsDirectory="83623162-42ec-4db7-a495-72a3a8d6ab1d" />
    <UnitTestResult executionId="9f62deb9-197e-48b6-a34d-d669417bebc6" testId="0a4bc126-219a-0816-c151-6a13384ad00a" testName="TestMergeGridAreaWithNullAreas" computerName="DKSR-EFI-06" duration="00:00:00.0020218" startTime="2024-01-09T15:42:27.8570897+01:00" endTime="2024-01-09T15:42:27.8570897+01:00" testType="13cdc9d9-ddb5-4fa4-a97d-d965ccfc6d4b" outcome="Passed" testListId="8c84fa94-04c1-424b-9868-57a2d4851a1d" relativeResultsDirectory="9f62deb9-197e-48b6-a34d-d669417bebc6" />
    <UnitTestResult executionId="4452bf06-34bb-4079-95f9-9f86dbd842ca" testId="53f67c16-d512-e465-195a-34f1911f4901" testName="ServerFileStorageCleanupService_ProperLocking" computerName="DKSR-EFI-06" duration="00:00:01.7161905" startTime="2024-01-09T15:42:06.3101836+01:00" endTime="2024-01-09T15:42:08.0289384+01:00" testType="13cdc9d9-ddb5-4fa4-a97d-d965ccfc6d4b" outcome="Passed" testListId="8c84fa94-04c1-424b-9868-57a2d4851a1d" relativeResultsDirectory="4452bf06-34bb-4079-95f9-9f86dbd842ca" />
    <UnitTestResult executionId="e386b6be-17a4-4cea-b254-5df6113d0638" testId="6e01f99d-1f21-ebcf-1b56-a171fab1c77a" testName="LicenseDocument_ICPAllDriversIncluded" computerName="DKSR-EFI-06" duration="00:00:00.0026680" startTime="2024-01-09T15:42:26.0914644+01:00" endTime="2024-01-09T15:42:26.0914644+01:00" testType="13cdc9d9-ddb5-4fa4-a97d-d965ccfc6d4b" outcome="Passed" testListId="8c84fa94-04c1-424b-9868-57a2d4851a1d" relativeResultsDirectory="e386b6be-17a4-4cea-b254-5df6113d0638" />
    <UnitTestResult executionId="431c23a0-4d57-43f4-a883-db0a00578669" testId="80fe88af-86ae-3eb6-9919-0386f9c0d3d0" testName="FeatureManager_TryGetFeatureParameterValue_Value" computerName="DKSR-EFI-06" duration="00:00:00.0003796" startTime="2024-01-09T15:42:18.2320853+01:00" endTime="2024-01-09T15:42:18.2320853+01:00" testType="13cdc9d9-ddb5-4fa4-a97d-d965ccfc6d4b" outcome="Passed" testListId="8c84fa94-04c1-424b-9868-57a2d4851a1d" relativeResultsDirectory="431c23a0-4d57-43f4-a883-db0a00578669" />
    <UnitTestResult executionId="71b2f388-0ff6-43fc-8773-2ebc3c037902" testId="6b7dcff8-25eb-68e0-33be-34e38dc1eb50" testName="HostedScanParameters_SerializationTest" computerName="DKSR-EFI-06" duration="00:00:00.0466252" startTime="2024-01-09T15:42:03.6695472+01:00" endTime="2024-01-09T15:42:03.7164215+01:00" testType="13cdc9d9-ddb5-4fa4-a97d-d965ccfc6d4b" outcome="Passed" testListId="8c84fa94-04c1-424b-9868-57a2d4851a1d" relativeResultsDirectory="71b2f388-0ff6-43fc-8773-2ebc3c037902" />
    <UnitTestResult executionId="40967654-2030-4eab-b1e3-0d429db0314d" testId="ab1cd479-b2e4-ea28-cbb8-9dfdfbe5d707" testName="CheckAllMIPFiltersKindsTestNotOk6" computerName="DKSR-EFI-06" duration="00:00:00.0001660" startTime="2024-01-09T15:42:15.3727056+01:00" endTime="2024-01-09T15:42:15.3727056+01:00" testType="13cdc9d9-ddb5-4fa4-a97d-d965ccfc6d4b" outcome="Passed" testListId="8c84fa94-04c1-424b-9868-57a2d4851a1d" relativeResultsDirectory="40967654-2030-4eab-b1e3-0d429db0314d" />
    <UnitTestResult executionId="36af4c84-5136-4bf8-9de2-f12b0985fc68" testId="0555bb83-c294-2c07-157a-b35cfe77bdd2" testName="SystemSettingTableAdapter_Decrypt_Handle_No_Settings" computerName="DKSR-EFI-06" duration="00:00:00.0025617" startTime="2024-01-09T15:42:28.6070891+01:00" endTime="2024-01-09T15:42:28.6070891+01:00" testType="13cdc9d9-ddb5-4fa4-a97d-d965ccfc6d4b" outcome="Passed" testListId="8c84fa94-04c1-424b-9868-57a2d4851a1d" relativeResultsDirectory="36af4c84-5136-4bf8-9de2-f12b0985fc68" />
    <UnitTestResult executionId="516e1a32-f579-464a-abd0-bf30d5b5d930" testId="0c82128a-6ae3-e05a-aa69-3b6f049e0b27" testName="LicenseDocument_ActivatedDate__ReturnsMinDate_OnNoActivatedNodeInXml" computerName="DKSR-EFI-06" duration="00:00:00.0026550" startTime="2024-01-09T15:42:26.1227146+01:00" endTime="2024-01-09T15:42:26.1227146+01:00" testType="13cdc9d9-ddb5-4fa4-a97d-d965ccfc6d4b" outcome="Passed" testListId="8c84fa94-04c1-424b-9868-57a2d4851a1d" relativeResultsDirectory="516e1a32-f579-464a-abd0-bf30d5b5d930" />
    <UnitTestResult executionId="69e7591c-bfc1-4c3c-8023-f9d399e03c56" testId="777a481b-1bf2-d3dc-f547-d2aff80bd474" testName="LicenseActivationService_AcquireLicense_LicenseNotAllowed_ActivationLimitExceeded" computerName="DKSR-EFI-06" duration="00:00:00.0021374" startTime="2024-01-09T15:42:18.7008353+01:00" endTime="2024-01-09T15:42:18.7008353+01:00" testType="13cdc9d9-ddb5-4fa4-a97d-d965ccfc6d4b" outcome="Passed" testListId="8c84fa94-04c1-424b-9868-57a2d4851a1d" relativeResultsDirectory="69e7591c-bfc1-4c3c-8023-f9d399e03c56" />
    <UnitTestResult executionId="c3eab4f0-3c14-4265-97cb-2cd74428fec7" testId="8092d438-12f2-7e26-e0aa-1c71621892eb" testName="VersionExtensions_GetVersionWithoutBuild_Throws_ArgumentNullException" computerName="DKSR-EFI-06" duration="00:00:00.0008837" startTime="2024-01-09T15:42:26.6852142+01:00" endTime="2024-01-09T15:42:26.6852142+01:00" testType="13cdc9d9-ddb5-4fa4-a97d-d965ccfc6d4b" outcome="Passed" testListId="8c84fa94-04c1-424b-9868-57a2d4851a1d" relativeResultsDirectory="c3eab4f0-3c14-4265-97cb-2cd74428fec7" />
    <UnitTestResult executionId="f2f1a490-e51c-4d3c-a0b0-87b8aca50ca3" testId="7742f8a4-b524-8418-3e42-94572e58ea85" testName="PtzPresetCollection_Clear_Success" computerName="DKSR-EFI-06" duration="00:00:00.0007286" startTime="2024-01-09T15:42:04.5758026+01:00" endTime="2024-01-09T15:42:04.5758026+01:00" testType="13cdc9d9-ddb5-4fa4-a97d-d965ccfc6d4b" outcome="Passed" testListId="8c84fa94-04c1-424b-9868-57a2d4851a1d" relativeResultsDirectory="f2f1a490-e51c-4d3c-a0b0-87b8aca50ca3" />
    <UnitTestResult executionId="efcd30d2-5a34-4857-bf16-74aaea0f153a" testId="cf84b7ec-cd7f-ae2c-d4fd-542c03ebdea9" testName="Decrypt_DataSetIsNull_ThrowsArgumentNullException" computerName="DKSR-EFI-06" duration="00:00:00.0027710" startTime="2024-01-09T15:42:28.2008411+01:00" endTime="2024-01-09T15:42:28.2008411+01:00" testType="13cdc9d9-ddb5-4fa4-a97d-d965ccfc6d4b" outcome="Passed" testListId="8c84fa94-04c1-424b-9868-57a2d4851a1d" relativeResultsDirectory="efcd30d2-5a34-4857-bf16-74aaea0f153a">
      <Output>
        <StdOut>Debug Trace:&#xD;
Fail: Argument null</StdOut>
      </Output>
    </UnitTestResult>
    <UnitTestResult executionId="53b1a6aa-4694-435e-ae90-d3fedf291083" testId="312229e0-7722-5a64-625c-c70b33ebc0ed" testName="ServerFileStorage_DisposesStream_ThenWrites_Exception" computerName="DKSR-EFI-06" duration="00:00:00.0005258" startTime="2024-01-09T15:42:09.1695681+01:00" endTime="2024-01-09T15:42:09.1695681+01:00" testType="13cdc9d9-ddb5-4fa4-a97d-d965ccfc6d4b" outcome="Passed" testListId="8c84fa94-04c1-424b-9868-57a2d4851a1d" relativeResultsDirectory="53b1a6aa-4694-435e-ae90-d3fedf291083" />
    <UnitTestResult executionId="50a7cb5d-bfd9-4c74-af23-09b33a3af952" testId="47640dd5-a1b1-e17e-a33e-61253b2a1c85" testName="MipAction2Model_ValidModel_Success" computerName="DKSR-EFI-06" duration="00:00:00.0022030" startTime="2024-01-09T15:42:12.5289527+01:00" endTime="2024-01-09T15:42:12.5445779+01:00" testType="13cdc9d9-ddb5-4fa4-a97d-d965ccfc6d4b" outcome="Passed" testListId="8c84fa94-04c1-424b-9868-57a2d4851a1d" relativeResultsDirectory="50a7cb5d-bfd9-4c74-af23-09b33a3af952" />
    <UnitTestResult executionId="35f7af72-a9df-42c6-a0ae-1ff81237717f" testId="f5445669-43ba-6d54-8564-853499572f07" testName="ServiceContainer_GetRequiredService_ServiceRegistered_IsNotNull" computerName="DKSR-EFI-06" duration="00:00:00.0040594" startTime="2024-01-09T15:42:01.7632882+01:00" endTime="2024-01-09T15:42:01.7632882+01:00" testType="13cdc9d9-ddb5-4fa4-a97d-d965ccfc6d4b" outcome="Passed" testListId="8c84fa94-04c1-424b-9868-57a2d4851a1d" relativeResultsDirectory="35f7af72-a9df-42c6-a0ae-1ff81237717f" />
    <UnitTestResult executionId="4ef19e96-77a5-4004-aa62-f7b9262d2537" testId="33e78198-6e35-ee3a-4817-ac31f5eb04e5" testName="ReadAttributeAsInt32_InvalidData" computerName="DKSR-EFI-06" duration="00:00:00.0003909" startTime="2024-01-09T15:42:03.9820476+01:00" endTime="2024-01-09T15:42:03.9820476+01:00" testType="13cdc9d9-ddb5-4fa4-a97d-d965ccfc6d4b" outcome="Passed" testListId="8c84fa94-04c1-424b-9868-57a2d4851a1d" relativeResultsDirectory="4ef19e96-77a5-4004-aa62-f7b9262d2537" />
    <UnitTestResult executionId="6f55f6a7-856d-449e-b6c2-d63170f75dca" testId="5b4205d8-c74c-054d-0f0f-0690b6905908" testName="ModelValidation_RequiredPropertiesAreNull_Failed" computerName="DKSR-EFI-06" duration="00:00:00.0024633" startTime="2024-01-09T15:42:12.2477000+01:00" endTime="2024-01-09T15:42:12.2633296+01:00" testType="13cdc9d9-ddb5-4fa4-a97d-d965ccfc6d4b" outcome="Passed" testListId="8c84fa94-04c1-424b-9868-57a2d4851a1d" relativeResultsDirectory="6f55f6a7-856d-449e-b6c2-d63170f75dca" />
    <UnitTestResult executionId="52cd7fa7-2705-42a1-854c-7f45d301f727" testId="107eabc5-a6da-8967-d62a-cc32fabff8f3" testName="Test_IsMember_NoMembers" computerName="DKSR-EFI-06" duration="00:00:00.0005064" startTime="2024-01-09T15:42:29.5445892+01:00" endTime="2024-01-09T15:42:29.5445892+01:00" testType="13cdc9d9-ddb5-4fa4-a97d-d965ccfc6d4b" outcome="Passed" testListId="8c84fa94-04c1-424b-9868-57a2d4851a1d" relativeResultsDirectory="52cd7fa7-2705-42a1-854c-7f45d301f727" />
    <UnitTestResult executionId="30e583d1-5bb6-4efc-9d73-8c30ecbf82d2" testId="6fcbe503-297d-7842-0021-2fffe82802e1" testName="ResponseModel_NoValuesSet_ValidationFailure" computerName="DKSR-EFI-06" duration="00:00:00.0006238" startTime="2024-01-09T15:42:12.7320767+01:00" endTime="2024-01-09T15:42:12.7320767+01:00" testType="13cdc9d9-ddb5-4fa4-a97d-d965ccfc6d4b" outcome="Passed" testListId="8c84fa94-04c1-424b-9868-57a2d4851a1d" relativeResultsDirectory="30e583d1-5bb6-4efc-9d73-8c30ecbf82d2" />
    <UnitTestResult executionId="f4ff48d5-b2c3-4a18-aa74-41a865ae3fa2" testId="0483b188-54aa-582f-d50c-01881d8e2d5d" testName="GroupConfigurationAddGroupsLevelsDeleteSome" computerName="DKSR-EFI-06" duration="00:00:00.0021698" startTime="2024-01-09T15:42:15.2789576+01:00" endTime="2024-01-09T15:42:15.2789576+01:00" testType="13cdc9d9-ddb5-4fa4-a97d-d965ccfc6d4b" outcome="Passed" testListId="8c84fa94-04c1-424b-9868-57a2d4851a1d" relativeResultsDirectory="f4ff48d5-b2c3-4a18-aa74-41a865ae3fa2" />
    <UnitTestResult executionId="830f5d4b-2f4c-4696-97b8-eb8d85fce7f7" testId="b9791812-d5ec-c712-5aa1-f934543ca749" testName="EncryptingAVHSPassSystemSetting" computerName="DKSR-EFI-06" duration="00:00:00.0240669" startTime="2024-01-09T15:42:28.6383399+01:00" endTime="2024-01-09T15:42:28.6539658+01:00" testType="13cdc9d9-ddb5-4fa4-a97d-d965ccfc6d4b" outcome="Passed" testListId="8c84fa94-04c1-424b-9868-57a2d4851a1d" relativeResultsDirectory="830f5d4b-2f4c-4696-97b8-eb8d85fce7f7" />
    <UnitTestResult executionId="68bb32c8-2d49-4506-bae3-023871b11d5b" testId="68437558-f1dc-ceed-8412-f46f1b1ae510" testName="FeatureInformation_QueryAllLicensedFeatures_ReturnsCorrectNumber_OnLicenseDocumentWithAllFeatures" computerName="DKSR-EFI-06" duration="00:00:00.0051737" startTime="2024-01-09T15:42:18.1695839+01:00" endTime="2024-01-09T15:42:18.1852094+01:00" testType="13cdc9d9-ddb5-4fa4-a97d-d965ccfc6d4b" outcome="Passed" testListId="8c84fa94-04c1-424b-9868-57a2d4851a1d" relativeResultsDirectory="68bb32c8-2d49-4506-bae3-023871b11d5b" />
    <UnitTestResult executionId="c9b7245f-1322-4a85-8678-2ca91ee748d1" testId="2a5d33c9-3f95-f6d5-9adc-0bbf81131515" testName="LicenseDocument_RetrievesEmptySystemBuilderManufacturerId_Success" computerName="DKSR-EFI-06" duration="00:00:00.0019959" startTime="2024-01-09T15:42:26.1695892+01:00" endTime="2024-01-09T15:42:26.1695892+01:00" testType="13cdc9d9-ddb5-4fa4-a97d-d965ccfc6d4b" outcome="Passed" testListId="8c84fa94-04c1-424b-9868-57a2d4851a1d" relativeResultsDirectory="c9b7245f-1322-4a85-8678-2ca91ee748d1" />
    <UnitTestResult executionId="b62fa280-b98b-471c-ad79-fae2b7f9014d" testId="65692c8e-88bd-d55a-a0b3-caeeedc271a1" testName="ServerFileStorage_ReturnStorage_UndisposedStream_Exception" computerName="DKSR-EFI-06" duration="00:00:00.0007064" startTime="2024-01-09T15:42:09.1695681+01:00" endTime="2024-01-09T15:42:09.1695681+01:00" testType="13cdc9d9-ddb5-4fa4-a97d-d965ccfc6d4b" outcome="Passed" testListId="8c84fa94-04c1-424b-9868-57a2d4851a1d" relativeResultsDirectory="b62fa280-b98b-471c-ad79-fae2b7f9014d" />
    <UnitTestResult executionId="06227ab1-dc0d-48a6-8332-dc50d9bdcb0b" testId="e471f1d4-3522-e65c-2dfe-ea6708c9a905" testName="GetRecorderSNMPId_Unknown" computerName="DKSR-EFI-06" duration="00:00:00.0003610" startTime="2024-01-09T15:42:26.9664642+01:00" endTime="2024-01-09T15:42:26.9664642+01:00" testType="13cdc9d9-ddb5-4fa4-a97d-d965ccfc6d4b" outcome="Passed" testListId="8c84fa94-04c1-424b-9868-57a2d4851a1d" relativeResultsDirectory="06227ab1-dc0d-48a6-8332-dc50d9bdcb0b" />
    <UnitTestResult executionId="0e1034ef-0d5f-485f-969f-fb401749e20f" testId="ef2eae91-6c24-c925-6699-0f50da1fc570" testName="StreamsConfiguration_EnsureLiveDefaultAndRecordTreads_Already_Valid_NoChanges" computerName="DKSR-EFI-06" duration="00:00:00.0138001" startTime="2024-01-09T15:42:10.1383188+01:00" endTime="2024-01-09T15:42:10.1539483+01:00" testType="13cdc9d9-ddb5-4fa4-a97d-d965ccfc6d4b" outcome="Passed" testListId="8c84fa94-04c1-424b-9868-57a2d4851a1d" relativeResultsDirectory="0e1034ef-0d5f-485f-969f-fb401749e20f" />
    <UnitTestResult executionId="27141d18-dfda-46ff-aab6-fceb6afa4ac3" testId="b54d4d80-8505-fb58-e2fa-4b8054d9bef9" testName="ReadIdentitiesFromCache_NullSidArray" computerName="DKSR-EFI-06" duration="00:00:00.0007740" startTime="2024-01-09T15:42:29.6695891+01:00" endTime="2024-01-09T15:42:29.6695891+01:00" testType="13cdc9d9-ddb5-4fa4-a97d-d965ccfc6d4b" outcome="Passed" testListId="8c84fa94-04c1-424b-9868-57a2d4851a1d" relativeResultsDirectory="27141d18-dfda-46ff-aab6-fceb6afa4ac3" />
    <UnitTestResult executionId="66c7c3c4-abe5-4b06-af45-e265b662bf87" testId="fcce2538-cc0d-3350-5593-ffa92f192a52" testName="CertificateSelection2_EqualsOperators_Success" computerName="DKSR-EFI-06" duration="00:00:00.0006052" startTime="2024-01-09T15:42:29.4664636+01:00" endTime="2024-01-09T15:42:29.4664636+01:00" testType="13cdc9d9-ddb5-4fa4-a97d-d965ccfc6d4b" outcome="Passed" testListId="8c84fa94-04c1-424b-9868-57a2d4851a1d" relativeResultsDirectory="66c7c3c4-abe5-4b06-af45-e265b662bf87" />
    <UnitTestResult executionId="c3a8edff-7eac-4b61-8a55-d66d7673cee3" testId="b2029071-4f36-b6e9-3c85-531ed31561dc" testName="ModelValidation_ValidModel_Success" computerName="DKSR-EFI-06" duration="00:00:00.0006725" startTime="2024-01-09T15:42:12.2320761+01:00" endTime="2024-01-09T15:42:12.2320761+01:00" testType="13cdc9d9-ddb5-4fa4-a97d-d965ccfc6d4b" outcome="Passed" testListId="8c84fa94-04c1-424b-9868-57a2d4851a1d" relativeResultsDirectory="c3a8edff-7eac-4b61-8a55-d66d7673cee3" />
    <UnitTestResult executionId="d5328b16-b426-483d-8750-b772a71c3bde" testId="74a9c605-a1c8-e422-9762-4610872fe578" testName="CheckAllMIPFiltersKindsTestNotOk8" computerName="DKSR-EFI-06" duration="00:00:00.0001925" startTime="2024-01-09T15:42:15.3883330+01:00" endTime="2024-01-09T15:42:15.3883330+01:00" testType="13cdc9d9-ddb5-4fa4-a97d-d965ccfc6d4b" outcome="Passed" testListId="8c84fa94-04c1-424b-9868-57a2d4851a1d" relativeResultsDirectory="d5328b16-b426-483d-8750-b772a71c3bde" />
    <UnitTestResult executionId="f2da556b-2f72-4703-b804-a6ad6a37913c" testId="6b6bb736-6c44-66bb-16ad-6d293023ee64" testName="FormatAuthority__BeforeValueIsIpWithoutPort_FormattedUriIsWithoutPort" computerName="DKSR-EFI-06" duration="00:00:00.0002008" startTime="2024-01-09T15:42:04.1226728+01:00" endTime="2024-01-09T15:42:04.1226728+01:00" testType="13cdc9d9-ddb5-4fa4-a97d-d965ccfc6d4b" outcome="Passed" testListId="8c84fa94-04c1-424b-9868-57a2d4851a1d" relativeResultsDirectory="f2da556b-2f72-4703-b804-a6ad6a37913c" />
    <UnitTestResult executionId="2ae96ffc-ced9-4a1b-8b83-8aa4b1d43529" testId="12063cf2-efcf-728b-23ae-c1292658ce21" testName="CreateHttpsUri_HttpDefaultPort_UseDefaultPortTrue_BecomesHttpsPort443" computerName="DKSR-EFI-06" duration="00:00:00.0001803" startTime="2024-01-09T15:42:29.2164656+01:00" endTime="2024-01-09T15:42:29.2164656+01:00" testType="13cdc9d9-ddb5-4fa4-a97d-d965ccfc6d4b" outcome="Passed" testListId="8c84fa94-04c1-424b-9868-57a2d4851a1d" relativeResultsDirectory="2ae96ffc-ced9-4a1b-8b83-8aa4b1d43529" />
    <UnitTestResult executionId="ff7c5e0d-55a2-49e0-b8a6-033445beebf3" testId="1db15543-6c02-69df-74e4-5c1a5a9ca3d4" testName="CreateHttpsUri_HttpNonDefaultPort_UseDefaultPortFalse_BecomesHttpsPort88" computerName="DKSR-EFI-06" duration="00:00:00.0001774" startTime="2024-01-09T15:42:29.2164656+01:00" endTime="2024-01-09T15:42:29.2164656+01:00" testType="13cdc9d9-ddb5-4fa4-a97d-d965ccfc6d4b" outcome="Passed" testListId="8c84fa94-04c1-424b-9868-57a2d4851a1d" relativeResultsDirectory="ff7c5e0d-55a2-49e0-b8a6-033445beebf3" />
    <UnitTestResult executionId="2689638f-ef0a-4f99-aaa9-0cb9255d9a8c" testId="ab8dc7a8-c4c9-6ab5-bcf7-3e855bb8de87" testName="DatabaseXmlConverter_XmlIdsToGuids_Two" computerName="DKSR-EFI-06" duration="00:00:00.0007112" startTime="2024-01-09T15:42:01.9507905+01:00" endTime="2024-01-09T15:42:01.9507905+01:00" testType="13cdc9d9-ddb5-4fa4-a97d-d965ccfc6d4b" outcome="Passed" testListId="8c84fa94-04c1-424b-9868-57a2d4851a1d" relativeResultsDirectory="2689638f-ef0a-4f99-aaa9-0cb9255d9a8c" />
    <UnitTestResult executionId="21b6c494-6ad6-46e4-82ac-3121a37aea7f" testId="b2202068-dd01-3c42-d6c6-818152ed9597" testName="TestGetRegionsAsByteArray" computerName="DKSR-EFI-06" duration="00:00:00.0006569" startTime="2024-01-09T15:42:27.9664642+01:00" endTime="2024-01-09T15:42:27.9664642+01:00" testType="13cdc9d9-ddb5-4fa4-a97d-d965ccfc6d4b" outcome="Passed" testListId="8c84fa94-04c1-424b-9868-57a2d4851a1d" relativeResultsDirectory="21b6c494-6ad6-46e4-82ac-3121a37aea7f" />
    <UnitTestResult executionId="03fc297d-7f1a-4e32-b4c0-f885b7ac7852" testId="94e5c3f8-51c6-0394-575b-0bd91d015ef3" testName="PrepareMoveHardwareModel_Validate_Success" computerName="DKSR-EFI-06" duration="00:00:00.0019742" startTime="2024-01-09T15:42:11.8570758+01:00" endTime="2024-01-09T15:42:11.8726991+01:00" testType="13cdc9d9-ddb5-4fa4-a97d-d965ccfc6d4b" outcome="Passed" testListId="8c84fa94-04c1-424b-9868-57a2d4851a1d" relativeResultsDirectory="03fc297d-7f1a-4e32-b4c0-f885b7ac7852" />
    <UnitTestResult executionId="4231f77a-2ad2-4615-a63c-41e9f164de54" testId="0ae60d5c-36de-5631-4602-df30560678dd" testName="CalculateLicenseRequirementsForHardware_NullHardware_ReturnsNull" computerName="DKSR-EFI-06" duration="00:00:00.0003505" startTime="2024-01-09T15:42:18.8727101+01:00" endTime="2024-01-09T15:42:18.8727101+01:00" testType="13cdc9d9-ddb5-4fa4-a97d-d965ccfc6d4b" outcome="Passed" testListId="8c84fa94-04c1-424b-9868-57a2d4851a1d" relativeResultsDirectory="4231f77a-2ad2-4615-a63c-41e9f164de54" />
    <UnitTestResult executionId="eb8ada43-dae4-414e-9ed9-ac3e80e6eec3" testId="48cc01f6-a0cb-e570-4289-4b1f6bc69a17" testName="FileUploadSynchronizer_Upload_InParallel_SameFile_To_SameRecorder_3_Times_UploadsOnlyOnce" computerName="DKSR-EFI-06" duration="00:00:00.0048796" startTime="2024-01-09T15:42:04.7789276+01:00" endTime="2024-01-09T15:42:04.7789276+01:00" testType="13cdc9d9-ddb5-4fa4-a97d-d965ccfc6d4b" outcome="Passed" testListId="8c84fa94-04c1-424b-9868-57a2d4851a1d" relativeResultsDirectory="eb8ada43-dae4-414e-9ed9-ac3e80e6eec3" />
    <UnitTestResult executionId="4342cd2c-1889-4e17-807c-cd0195fb3073" testId="c8202ea2-df5f-deb2-454c-cff3b2ec9ce1" testName="WhiteList_CreateInstanceMaximumChannelCountParameterIsNotANumber_RaisesArgumentException" computerName="DKSR-EFI-06" duration="00:00:00.0008970" startTime="2024-01-09T15:42:26.4352140+01:00" endTime="2024-01-09T15:42:26.4352140+01:00" testType="13cdc9d9-ddb5-4fa4-a97d-d965ccfc6d4b" outcome="Passed" testListId="8c84fa94-04c1-424b-9868-57a2d4851a1d" relativeResultsDirectory="4342cd2c-1889-4e17-807c-cd0195fb3073" />
    <UnitTestResult executionId="e4450658-db24-428a-9226-ca5790662446" testId="6d028cae-975c-9626-0844-28571c5d64f9" testName="ModelValidation_ValidModel_Success" computerName="DKSR-EFI-06" duration="00:00:00.0017905" startTime="2024-01-09T15:42:12.1539498+01:00" endTime="2024-01-09T15:42:12.1539498+01:00" testType="13cdc9d9-ddb5-4fa4-a97d-d965ccfc6d4b" outcome="Passed" testListId="8c84fa94-04c1-424b-9868-57a2d4851a1d" relativeResultsDirectory="e4450658-db24-428a-9226-ca5790662446" />
    <UnitTestResult executionId="fbd501eb-e063-4140-b055-e72100340f32" testId="5e06726d-c722-a0bd-a2c1-2825468b2b15" testName="HttpClientCommunicatorWrapper_PatchAsyncTObj_CommunicationException" computerName="DKSR-EFI-06" duration="00:00:00.0086907" startTime="2024-01-09T15:42:11.2945732+01:00" endTime="2024-01-09T15:42:11.2945732+01:00" testType="13cdc9d9-ddb5-4fa4-a97d-d965ccfc6d4b" outcome="Passed" testListId="8c84fa94-04c1-424b-9868-57a2d4851a1d" relativeResultsDirectory="fbd501eb-e063-4140-b055-e72100340f32" />
    <UnitTestResult executionId="8cc4c82e-cda6-4dd7-bf66-8422edcafca8" testId="ec410477-3a9c-e23b-d91e-f2bb51b662b2" testName="CreateResponseException_ServiceUnavailableAndResponseHasDynamicContent_ContentIsDeserializedFromHttpResponseMessage" computerName="DKSR-EFI-06" duration="00:00:00.0032061" startTime="2024-01-09T15:42:12.9195768+01:00" endTime="2024-01-09T15:42:12.9195768+01:00" testType="13cdc9d9-ddb5-4fa4-a97d-d965ccfc6d4b" outcome="Passed" testListId="8c84fa94-04c1-424b-9868-57a2d4851a1d" relativeResultsDirectory="8cc4c82e-cda6-4dd7-bf66-8422edcafca8" />
    <UnitTestResult executionId="b489a3c3-eb73-436d-9d7d-a967b7bb6df4" testId="5db8d586-9bdd-f2f1-2cdf-0a275641de5c" testName="ModelValidation_NonEmptyGuidsAreEmpty_Failed" computerName="DKSR-EFI-06" duration="00:00:00.0021915" startTime="2024-01-09T15:42:12.1539498+01:00" endTime="2024-01-09T15:42:12.1539498+01:00" testType="13cdc9d9-ddb5-4fa4-a97d-d965ccfc6d4b" outcome="Passed" testListId="8c84fa94-04c1-424b-9868-57a2d4851a1d" relativeResultsDirectory="b489a3c3-eb73-436d-9d7d-a967b7bb6df4" />
    <UnitTestResult executionId="34a76a44-356b-403d-8caf-30f48e8deffa" testId="06d4e42d-cb4c-4c11-b9eb-35069d860df1" testName="Transform_XmlWithoutPassword_NoChanges" computerName="DKSR-EFI-06" duration="00:00:00.0015509" startTime="2024-01-09T15:42:28.7320906+01:00" endTime="2024-01-09T15:42:28.7320906+01:00" testType="13cdc9d9-ddb5-4fa4-a97d-d965ccfc6d4b" outcome="Passed" testListId="8c84fa94-04c1-424b-9868-57a2d4851a1d" relativeResultsDirectory="34a76a44-356b-403d-8caf-30f48e8deffa" />
    <UnitTestResult executionId="4698a5df-ade3-4762-be9c-a2d49552a76f" testId="56f329a8-fd15-1548-23f2-fcb402e9c480" testName="HttpClientCommunicatorWrapper_Patch_Success" computerName="DKSR-EFI-06" duration="00:00:00.0013961" startTime="2024-01-09T15:42:11.2633238+01:00" endTime="2024-01-09T15:42:11.2633238+01:00" testType="13cdc9d9-ddb5-4fa4-a97d-d965ccfc6d4b" outcome="Passed" testListId="8c84fa94-04c1-424b-9868-57a2d4851a1d" relativeResultsDirectory="4698a5df-ade3-4762-be9c-a2d49552a76f" />
    <UnitTestResult executionId="dd0e620b-0787-4410-9fb6-91e59fb85622" testId="5424beba-b71d-4289-8a81-194d1376ec51" testName="Update_testState_expectedResult" computerName="DKSR-EFI-06" duration="00:00:00.0016012" startTime="2024-01-09T15:42:28.7945898+01:00" endTime="2024-01-09T15:42:28.7945898+01:00" testType="13cdc9d9-ddb5-4fa4-a97d-d965ccfc6d4b" outcome="Passed" testListId="8c84fa94-04c1-424b-9868-57a2d4851a1d" relativeResultsDirectory="dd0e620b-0787-4410-9fb6-91e59fb85622" />
    <UnitTestResult executionId="edf2d003-3665-43bf-adb0-0ffa04422838" testId="a94255c8-6cfd-6a2e-7e27-13e06e71a968" testName="CreateHttpUri_HttpsNonDefaultPort_UsePort443_BecomesHttpPort443" computerName="DKSR-EFI-06" duration="00:00:00.0001967" startTime="2024-01-09T15:42:29.2008391+01:00" endTime="2024-01-09T15:42:29.2008391+01:00" testType="13cdc9d9-ddb5-4fa4-a97d-d965ccfc6d4b" outcome="Passed" testListId="8c84fa94-04c1-424b-9868-57a2d4851a1d" relativeResultsDirectory="edf2d003-3665-43bf-adb0-0ffa04422838" />
    <UnitTestResult executionId="235b57cf-a275-4aa0-8bb9-0e5f0aca0aaf" testId="d925d153-e12c-6dcf-09cc-189e9fc381bf" testName="ServiceContainer_GetTransient_Instance_Success" computerName="DKSR-EFI-06" duration="00:00:00.0094745" startTime="2024-01-09T15:42:01.7789125+01:00" endTime="2024-01-09T15:42:01.7945376+01:00" testType="13cdc9d9-ddb5-4fa4-a97d-d965ccfc6d4b" outcome="Passed" testListId="8c84fa94-04c1-424b-9868-57a2d4851a1d" relativeResultsDirectory="235b57cf-a275-4aa0-8bb9-0e5f0aca0aaf" />
    <UnitTestResult executionId="762a7317-9644-4020-a90f-eab1bb9cd1e0" testId="a98c2e19-eb41-cad2-08f2-c0b93de7ee3e" testName="HttpPost_Test_LicenseRequest_Succeeds" computerName="DKSR-EFI-06" startTime="2024-01-09T15:42:28.9352159+01:00" endTime="2024-01-09T15:42:28.9352159+01:00" testType="13cdc9d9-ddb5-4fa4-a97d-d965ccfc6d4b" outcome="NotExecuted" testListId="8c84fa94-04c1-424b-9868-57a2d4851a1d" relativeResultsDirectory="762a7317-9644-4020-a90f-eab1bb9cd1e0">
      <Output></Output>
    </UnitTestResult>
    <UnitTestResult executionId="cb467fe8-94da-4516-806a-cbeb66091333" testId="fcbc44af-6ece-1b6d-b15a-0ac5569dc501" testName="TokenHandler_CreateTokenHandler_Success" computerName="DKSR-EFI-06" duration="00:00:00.0016200" startTime="2024-01-09T15:42:13.2320762+01:00" endTime="2024-01-09T15:42:13.2320762+01:00" testType="13cdc9d9-ddb5-4fa4-a97d-d965ccfc6d4b" outcome="Passed" testListId="8c84fa94-04c1-424b-9868-57a2d4851a1d" relativeResultsDirectory="cb467fe8-94da-4516-806a-cbeb66091333" />
    <UnitTestResult executionId="8298025e-a60a-4704-b47a-80ff986b373e" testId="d1e1ab0c-7d74-af92-5fe8-9c7bce95e3bd" testName="EventMetadataTimestampParsesMicrosecondsWithTrailingZeroesCorrectly" computerName="DKSR-EFI-06" duration="00:00:00.0002673" startTime="2024-01-09T15:42:15.4196253+01:00" endTime="2024-01-09T15:42:15.4196253+01:00" testType="13cdc9d9-ddb5-4fa4-a97d-d965ccfc6d4b" outcome="Passed" testListId="8c84fa94-04c1-424b-9868-57a2d4851a1d" relativeResultsDirectory="8298025e-a60a-4704-b47a-80ff986b373e" />
    <UnitTestResult executionId="f5ef5158-d3a4-465a-8fca-6a5082372d82" testId="7b75fd0b-13cd-07c8-f99d-280f138e0f65" testName="ConvertStringToPort_Port65535_Returns65535" computerName="DKSR-EFI-06" duration="00:00:00.0001178" startTime="2024-01-09T15:42:29.2789651+01:00" endTime="2024-01-09T15:42:29.2789651+01:00" testType="13cdc9d9-ddb5-4fa4-a97d-d965ccfc6d4b" outcome="Passed" testListId="8c84fa94-04c1-424b-9868-57a2d4851a1d" relativeResultsDirectory="f5ef5158-d3a4-465a-8fca-6a5082372d82" />
    <UnitTestResult executionId="90872d1e-763a-4bc9-9a03-b67e5a76806b" testId="90cde211-4a08-f849-89f3-e53a366c9c3c" testName="GenericDewarpSettings_DefaultValues_Success" computerName="DKSR-EFI-06" duration="00:00:00.0035810" startTime="2024-01-09T15:42:10.2008197+01:00" endTime="2024-01-09T15:42:10.2008197+01:00" testType="13cdc9d9-ddb5-4fa4-a97d-d965ccfc6d4b" outcome="Passed" testListId="8c84fa94-04c1-424b-9868-57a2d4851a1d" relativeResultsDirectory="90872d1e-763a-4bc9-9a03-b67e5a76806b" />
    <UnitTestResult executionId="e5a950db-dd5e-4e9a-ae8e-037ffb4d94cf" testId="6d5f0050-80f0-8e39-bb73-cffbc8ebef05" testName="Encrypt_DataSetHasEmptyPassword_PasswordIsStillEmpty" computerName="DKSR-EFI-06" duration="00:00:00.0020523" startTime="2024-01-09T15:42:28.2008411+01:00" endTime="2024-01-09T15:42:28.2008411+01:00" testType="13cdc9d9-ddb5-4fa4-a97d-d965ccfc6d4b" outcome="Passed" testListId="8c84fa94-04c1-424b-9868-57a2d4851a1d" relativeResultsDirectory="e5a950db-dd5e-4e9a-ae8e-037ffb4d94cf" />
    <UnitTestResult executionId="b37e17fe-3ea1-46c3-87cf-7a912804db00" testId="5406fb6b-8719-5ec0-fd3a-9d1d45929e4f" testName="HttpClientCommunicatorWrapper_PatchTObj_Success" computerName="DKSR-EFI-06" duration="00:00:00.0037456" startTime="2024-01-09T15:42:11.2633238+01:00" endTime="2024-01-09T15:42:11.2789486+01:00" testType="13cdc9d9-ddb5-4fa4-a97d-d965ccfc6d4b" outcome="Passed" testListId="8c84fa94-04c1-424b-9868-57a2d4851a1d" relativeResultsDirectory="b37e17fe-3ea1-46c3-87cf-7a912804db00" />
    <UnitTestResult executionId="25294269-6192-4c56-a500-551865a7e1f1" testId="f35d4fb1-645e-abe5-c8af-3657cb078d61" testName="ReadChildElementValueAsUInt16_RangeCheck_Min" computerName="DKSR-EFI-06" duration="00:00:00.0019199" startTime="2024-01-09T15:42:04.0133006+01:00" endTime="2024-01-09T15:42:04.0133006+01:00" testType="13cdc9d9-ddb5-4fa4-a97d-d965ccfc6d4b" outcome="Passed" testListId="8c84fa94-04c1-424b-9868-57a2d4851a1d" relativeResultsDirectory="25294269-6192-4c56-a500-551865a7e1f1" />
    <UnitTestResult executionId="6fdffe23-9fa7-4416-b749-efa54685edd7" testId="4310c827-8132-10c8-838c-8aea506460dc" testName="EncryptConfigurationDataSet_EncryptLicenseRsaKeySystemSetting_SettingIsEncrypted" computerName="DKSR-EFI-06" duration="00:00:00.0007267" startTime="2024-01-09T15:42:28.6852148+01:00" endTime="2024-01-09T15:42:28.6852148+01:00" testType="13cdc9d9-ddb5-4fa4-a97d-d965ccfc6d4b" outcome="Passed" testListId="8c84fa94-04c1-424b-9868-57a2d4851a1d" relativeResultsDirectory="6fdffe23-9fa7-4416-b749-efa54685edd7" />
    <UnitTestResult executionId="1b5b36bb-f625-49ee-982a-d230794254f5" testId="e85fb801-fac4-3caf-4c68-9f4cc51c38b7" testName="PatchEndpointOnly_NoError_TaskIsExecutedAndCorrectResponseReceived" computerName="DKSR-EFI-06" duration="00:00:00.0086214" startTime="2024-01-09T15:42:01.6695362+01:00" endTime="2024-01-09T15:42:01.6695362+01:00" testType="13cdc9d9-ddb5-4fa4-a97d-d965ccfc6d4b" outcome="Passed" testListId="8c84fa94-04c1-424b-9868-57a2d4851a1d" relativeResultsDirectory="1b5b36bb-f625-49ee-982a-d230794254f5" />
    <UnitTestResult executionId="e277e2e6-acae-4aa8-9b56-91464d3a25fb" testId="5e72fdcb-d208-7bdf-a586-0c95eaa2d468" testName="CreateInstance_InvalidParam_localSettingsFile_EmptyString_Throws_ArgumentNullException" computerName="DKSR-EFI-06" duration="00:00:00.0006559" startTime="2024-01-09T15:42:12.9352025+01:00" endTime="2024-01-09T15:42:12.9508263+01:00" testType="13cdc9d9-ddb5-4fa4-a97d-d965ccfc6d4b" outcome="Passed" testListId="8c84fa94-04c1-424b-9868-57a2d4851a1d" relativeResultsDirectory="e277e2e6-acae-4aa8-9b56-91464d3a25fb" />
    <UnitTestResult executionId="320a4169-b162-40df-b3f1-c13becbebcfa" testId="7e7a9ceb-8f29-c0e4-9bb3-61e83e1849ac" testName="Index_GetEntriesByKey_Comparer_Returns_Correct_Item" computerName="DKSR-EFI-06" duration="00:00:00.0008483" startTime="2024-01-09T15:42:04.2320499+01:00" endTime="2024-01-09T15:42:04.2320499+01:00" testType="13cdc9d9-ddb5-4fa4-a97d-d965ccfc6d4b" outcome="Passed" testListId="8c84fa94-04c1-424b-9868-57a2d4851a1d" relativeResultsDirectory="320a4169-b162-40df-b3f1-c13becbebcfa" />
    <UnitTestResult executionId="874511ec-e3ad-4773-800f-4d41d5c71833" testId="0d4cc550-08f2-1d1d-3223-67f19c0afe08" testName="ExceptionResponseModel_NoValuesSet_ValidationFailure" computerName="DKSR-EFI-06" duration="00:00:00.0016820" startTime="2024-01-09T15:42:12.6227002+01:00" endTime="2024-01-09T15:42:12.6227002+01:00" testType="13cdc9d9-ddb5-4fa4-a97d-d965ccfc6d4b" outcome="Passed" testListId="8c84fa94-04c1-424b-9868-57a2d4851a1d" relativeResultsDirectory="874511ec-e3ad-4773-800f-4d41d5c71833" />
    <UnitTestResult executionId="9e889720-0cfe-4af4-a8fa-627d3e3258fe" testId="ee381c40-a08a-d490-b422-cd6ae96dc304" testName="UpdateHardwareDriverModel_RequiredPropertiesAreNull_Failed" computerName="DKSR-EFI-06" duration="00:00:00.0022152" startTime="2024-01-09T15:42:12.3414539+01:00" endTime="2024-01-09T15:42:12.3414539+01:00" testType="13cdc9d9-ddb5-4fa4-a97d-d965ccfc6d4b" outcome="Passed" testListId="8c84fa94-04c1-424b-9868-57a2d4851a1d" relativeResultsDirectory="9e889720-0cfe-4af4-a8fa-627d3e3258fe" />
    <UnitTestResult executionId="447724b5-a157-45dc-8dc7-47a0e325b38e" testId="6f14fc4c-bdba-997f-b189-7c5e690cf465" testName="Validate_PartialMatch_Found_EndOfWord_MixedCase_Success" computerName="DKSR-EFI-06" duration="00:00:00.0001747" startTime="2024-01-09T15:42:26.6070897+01:00" endTime="2024-01-09T15:42:26.6070897+01:00" testType="13cdc9d9-ddb5-4fa4-a97d-d965ccfc6d4b" outcome="Passed" testListId="8c84fa94-04c1-424b-9868-57a2d4851a1d" relativeResultsDirectory="447724b5-a157-45dc-8dc7-47a0e325b38e" />
    <UnitTestResult executionId="5fb629f9-0d9d-4e59-bec1-4184ca349a68" testId="93ba20f1-9560-40bb-06a0-4d9f99278d90" testName="Constructor_ThrowsException_WhenICPHardwareAndNonIcpHardwareIsMixed_FirstHardwareIsIcp" computerName="DKSR-EFI-06" duration="00:00:00.0010244" startTime="2024-01-09T15:42:18.0445857+01:00" endTime="2024-01-09T15:42:18.0445857+01:00" testType="13cdc9d9-ddb5-4fa4-a97d-d965ccfc6d4b" outcome="Passed" testListId="8c84fa94-04c1-424b-9868-57a2d4851a1d" relativeResultsDirectory="5fb629f9-0d9d-4e59-bec1-4184ca349a68" />
    <UnitTestResult executionId="565ad9a2-24b6-4d9e-bd60-4c49b8bf83f3" testId="0d85264b-28ff-8a50-788a-a26cf11e8acd" testName="AsString_Success" computerName="DKSR-EFI-06" duration="00:00:00.0001656" startTime="2024-01-09T15:42:29.5133772+01:00" endTime="2024-01-09T15:42:29.5133772+01:00" testType="13cdc9d9-ddb5-4fa4-a97d-d965ccfc6d4b" outcome="Passed" testListId="8c84fa94-04c1-424b-9868-57a2d4851a1d" relativeResultsDirectory="565ad9a2-24b6-4d9e-bd60-4c49b8bf83f3" />
    <UnitTestResult executionId="e91a8f7d-8096-4b10-af82-6bc4ba61c25d" testId="563887c9-636b-f0ac-8af4-cbcfddaaa4f4" testName="ReadChildElementValueAsUInt32_SunnyDay" computerName="DKSR-EFI-06" duration="00:00:00.0003469" startTime="2024-01-09T15:42:03.9976733+01:00" endTime="2024-01-09T15:42:03.9976733+01:00" testType="13cdc9d9-ddb5-4fa4-a97d-d965ccfc6d4b" outcome="Passed" testListId="8c84fa94-04c1-424b-9868-57a2d4851a1d" relativeResultsDirectory="e91a8f7d-8096-4b10-af82-6bc4ba61c25d" />
    <UnitTestResult executionId="fc6de2bb-23c0-44a3-b1d2-71152780e542" testId="ba3c0ef1-85c7-cb23-d4ed-21987be2659c" testName="SystemConfigurationModel_Validate_Success" computerName="DKSR-EFI-06" duration="00:00:00.0019603" startTime="2024-01-09T15:42:12.1695760+01:00" endTime="2024-01-09T15:42:12.1695760+01:00" testType="13cdc9d9-ddb5-4fa4-a97d-d965ccfc6d4b" outcome="Passed" testListId="8c84fa94-04c1-424b-9868-57a2d4851a1d" relativeResultsDirectory="fc6de2bb-23c0-44a3-b1d2-71152780e542" />
    <UnitTestResult executionId="9d7eb35c-df0f-4375-9aa2-3e7b6b853090" testId="db93112d-82b9-9a4d-a7ab-6fb205fe04a5" testName="HardwareInfo_EnabledCameras_ReturnsEmptyListWhenNoEnabledCameras" computerName="DKSR-EFI-06" duration="00:00:00.0003614" startTime="2024-01-09T15:42:18.4664607+01:00" endTime="2024-01-09T15:42:18.4664607+01:00" testType="13cdc9d9-ddb5-4fa4-a97d-d965ccfc6d4b" outcome="Passed" testListId="8c84fa94-04c1-424b-9868-57a2d4851a1d" relativeResultsDirectory="9d7eb35c-df0f-4375-9aa2-3e7b6b853090" />
    <UnitTestResult executionId="7247041a-face-472f-822f-c86ccdd2e996" testId="b96dda28-dd27-8422-6b01-65ffbda5b871" testName="GetItemsByKey_SingleItem_ReturnsOneItem" computerName="DKSR-EFI-06" duration="00:00:00.0023442" startTime="2024-01-09T15:42:04.2945492+01:00" endTime="2024-01-09T15:42:04.2945492+01:00" testType="13cdc9d9-ddb5-4fa4-a97d-d965ccfc6d4b" outcome="Passed" testListId="8c84fa94-04c1-424b-9868-57a2d4851a1d" relativeResultsDirectory="7247041a-face-472f-822f-c86ccdd2e996" />
    <UnitTestResult executionId="80f05cd5-aa20-478c-bfc2-c22c4968e0b1" testId="5dae9a01-046a-f6ce-125e-8a65c01a7e5f" testName="SecurityTokenCollectionDto_Serialization_Success" computerName="DKSR-EFI-06" duration="00:00:00.0033230" startTime="2024-01-09T15:42:29.2945901+01:00" endTime="2024-01-09T15:42:29.2945901+01:00" testType="13cdc9d9-ddb5-4fa4-a97d-d965ccfc6d4b" outcome="Passed" testListId="8c84fa94-04c1-424b-9868-57a2d4851a1d" relativeResultsDirectory="80f05cd5-aa20-478c-bfc2-c22c4968e0b1" />
    <UnitTestResult executionId="aff4d9fa-d998-47c9-bc70-6d262eb53b43" testId="a347653d-56d8-e3e1-c5d9-0a7195129966" testName="CalculateLicenseRequirementsForHardware_ICPHardware_ReturnsNull" computerName="DKSR-EFI-06" duration="00:00:00.0004025" startTime="2024-01-09T15:42:18.8727101+01:00" endTime="2024-01-09T15:42:18.8727101+01:00" testType="13cdc9d9-ddb5-4fa4-a97d-d965ccfc6d4b" outcome="Passed" testListId="8c84fa94-04c1-424b-9868-57a2d4851a1d" relativeResultsDirectory="aff4d9fa-d998-47c9-bc70-6d262eb53b43" />
    <UnitTestResult executionId="310f8388-f78f-4e06-8e09-3b7875d7cb40" testId="9bc55912-1686-24c6-68d1-365735caec5d" testName="ScanResult_SerializationTest" computerName="DKSR-EFI-06" duration="00:00:00.0058125" startTime="2024-01-09T15:42:03.8414222+01:00" endTime="2024-01-09T15:42:03.8570459+01:00" testType="13cdc9d9-ddb5-4fa4-a97d-d965ccfc6d4b" outcome="Passed" testListId="8c84fa94-04c1-424b-9868-57a2d4851a1d" relativeResultsDirectory="310f8388-f78f-4e06-8e09-3b7875d7cb40" />
    <UnitTestResult executionId="620e2aa1-783d-4434-bc06-03798c0f6c82" testId="ffa4b15a-3f25-01db-a3c4-70c5bbc70e72" testName="ServiceConnectionStatus_CommunicationError_Offline_RaiseOfflineEvent" computerName="DKSR-EFI-06" duration="00:00:00.0011680" startTime="2024-01-09T15:42:09.2633197+01:00" endTime="2024-01-09T15:42:09.2633197+01:00" testType="13cdc9d9-ddb5-4fa4-a97d-d965ccfc6d4b" outcome="Passed" testListId="8c84fa94-04c1-424b-9868-57a2d4851a1d" relativeResultsDirectory="620e2aa1-783d-4434-bc06-03798c0f6c82" />
    <UnitTestResult executionId="a5aa97a5-bf2e-489d-9b17-d9bc85831a88" testId="068e2f05-765b-0c1f-600d-3aa2168f0d4f" testName="ProcessMessage_Queue_Mixed_Commands" computerName="DKSR-EFI-06" duration="00:00:00.0056813" startTime="2024-01-09T15:42:17.6227083+01:00" endTime="2024-01-09T15:42:17.6227083+01:00" testType="13cdc9d9-ddb5-4fa4-a97d-d965ccfc6d4b" outcome="Passed" testListId="8c84fa94-04c1-424b-9868-57a2d4851a1d" relativeResultsDirectory="a5aa97a5-bf2e-489d-9b17-d9bc85831a88">
      <Output>
        <StdOut>Debug Trace:&#xD;
Fail: Argument null.</StdOut>
      </Output>
    </UnitTestResult>
    <UnitTestResult executionId="acdaaaac-4d33-4f33-b856-0f5e64ace099" testId="26272422-d4f8-7037-4e23-a6928ea25dc4" testName="TestMergeGridAreaWithValidAreasFirstIsLarger" computerName="DKSR-EFI-06" duration="00:00:00.0007911" startTime="2024-01-09T15:42:27.8883410+01:00" endTime="2024-01-09T15:42:27.8883410+01:00" testType="13cdc9d9-ddb5-4fa4-a97d-d965ccfc6d4b" outcome="Passed" testListId="8c84fa94-04c1-424b-9868-57a2d4851a1d" relativeResultsDirectory="acdaaaac-4d33-4f33-b856-0f5e64ace099" />
    <UnitTestResult executionId="131bdec1-a732-4a16-9284-ff16773dea42" testId="0f4f5e48-3a23-0fad-b4a2-fc4750dda3cd" testName="BaseHtmlLicenseReport_CreateImage_NoClassName_Success" computerName="DKSR-EFI-06" duration="00:00:00.0004281" startTime="2024-01-09T15:42:18.0602085+01:00" endTime="2024-01-09T15:42:18.0602085+01:00" testType="13cdc9d9-ddb5-4fa4-a97d-d965ccfc6d4b" outcome="Passed" testListId="8c84fa94-04c1-424b-9868-57a2d4851a1d" relativeResultsDirectory="131bdec1-a732-4a16-9284-ff16773dea42" />
    <UnitTestResult executionId="8b8caf03-67d6-4fb0-a069-55189ae3f22a" testId="8b517c86-4ecc-dbbd-ff31-39c454c41be3" testName="DefaultFileName_ExistsAndIsValid_Success" computerName="DKSR-EFI-06" duration="00:00:00.0001802" startTime="2024-01-09T15:42:12.9352025+01:00" endTime="2024-01-09T15:42:12.9352025+01:00" testType="13cdc9d9-ddb5-4fa4-a97d-d965ccfc6d4b" outcome="Passed" testListId="8c84fa94-04c1-424b-9868-57a2d4851a1d" relativeResultsDirectory="8b8caf03-67d6-4fb0-a069-55189ae3f22a" />
    <UnitTestResult executionId="f5eb7def-9247-4517-914f-31ffdd1e91d9" testId="95235238-1613-617d-5f3d-927cfdd5d472" testName="Encrypt_DataSetHasNewRow_DataSetIsEncrypted" computerName="DKSR-EFI-06" duration="00:00:00.0028560" startTime="2024-01-09T15:42:28.0289658+01:00" endTime="2024-01-09T15:42:28.0289658+01:00" testType="13cdc9d9-ddb5-4fa4-a97d-d965ccfc6d4b" outcome="Passed" testListId="8c84fa94-04c1-424b-9868-57a2d4851a1d" relativeResultsDirectory="f5eb7def-9247-4517-914f-31ffdd1e91d9" />
    <UnitTestResult executionId="b2b7eaf6-a910-4684-b13a-47c0b6a7cc0e" testId="2ff05efd-a118-5265-421f-8adc19a29796" testName="Decrypt_DataSetIsNull_ThrowsArgumentNullException" computerName="DKSR-EFI-06" duration="00:00:00.0016546" startTime="2024-01-09T15:42:28.1070891+01:00" endTime="2024-01-09T15:42:28.1070891+01:00" testType="13cdc9d9-ddb5-4fa4-a97d-d965ccfc6d4b" outcome="Passed" testListId="8c84fa94-04c1-424b-9868-57a2d4851a1d" relativeResultsDirectory="b2b7eaf6-a910-4684-b13a-47c0b6a7cc0e">
      <Output>
        <StdOut>Debug Trace:&#xD;
Fail: Argument null</StdOut>
      </Output>
    </UnitTestResult>
    <UnitTestResult executionId="455cabb1-9deb-4f1a-b3ca-de053697ca43" testId="14bb044e-e139-adf6-9be3-078c25461372" testName="CreateHttpsUri_HttpDefaultPort_UseDefaultPortFalse_BecomesHttpsPort443" computerName="DKSR-EFI-06" duration="00:00:00.0001901" startTime="2024-01-09T15:42:29.2164656+01:00" endTime="2024-01-09T15:42:29.2164656+01:00" testType="13cdc9d9-ddb5-4fa4-a97d-d965ccfc6d4b" outcome="Passed" testListId="8c84fa94-04c1-424b-9868-57a2d4851a1d" relativeResultsDirectory="455cabb1-9deb-4f1a-b3ca-de053697ca43" />
    <UnitTestResult executionId="90353278-61f6-47ae-a4b2-ae7524a485aa" testId="85d0f321-1adf-0a50-fcb5-5b02067c3ae4" testName="ResponseReceivedWeakEventManager_DereferenceSubscriber_RemovesHandler" computerName="DKSR-EFI-06" duration="00:00:00.1927056" startTime="2024-01-09T15:42:28.9352159+01:00" endTime="2024-01-09T15:42:29.1227156+01:00" testType="13cdc9d9-ddb5-4fa4-a97d-d965ccfc6d4b" outcome="Passed" testListId="8c84fa94-04c1-424b-9868-57a2d4851a1d" relativeResultsDirectory="90353278-61f6-47ae-a4b2-ae7524a485aa" />
    <UnitTestResult executionId="f3d4ef12-97a0-4714-b43c-018cae76df01" testId="e3e5bf3f-16f2-8846-7289-33d35c738574" testName="ServerFileStorage_TemporaryCleanupService_Receives_TemporaryEntriesOnly" computerName="DKSR-EFI-06" duration="00:00:00.0016523" startTime="2024-01-09T15:42:09.2008195+01:00" endTime="2024-01-09T15:42:09.2008195+01:00" testType="13cdc9d9-ddb5-4fa4-a97d-d965ccfc6d4b" outcome="Passed" testListId="8c84fa94-04c1-424b-9868-57a2d4851a1d" relativeResultsDirectory="f3d4ef12-97a0-4714-b43c-018cae76df01" />
    <UnitTestResult executionId="e9e98672-d4ac-4e97-a1fb-12961daf2b18" testId="75ff3f88-1bfc-4319-e9e6-4ccc76c10679" testName="OnActionExecuting_ActionContextIsNull_ArgumentNullException" computerName="DKSR-EFI-06" duration="00:00:00.0663031" startTime="2024-01-09T15:41:59.2945884+01:00" endTime="2024-01-09T15:41:59.8258401+01:00" testType="13cdc9d9-ddb5-4fa4-a97d-d965ccfc6d4b" outcome="Passed" testListId="8c84fa94-04c1-424b-9868-57a2d4851a1d" relativeResultsDirectory="e9e98672-d4ac-4e97-a1fb-12961daf2b18" />
    <UnitTestResult executionId="26cc876a-f53f-48c6-abe7-c773888e4bf2" testId="65e60b04-78d2-0e70-5f91-7064613e7333" testName="ServerFileStorage_PersistedCleanupService_Remove_RemovesEntryFromStorage" computerName="DKSR-EFI-06" duration="00:00:00.0007059" startTime="2024-01-09T15:42:09.2164462+01:00" endTime="2024-01-09T15:42:09.2164462+01:00" testType="13cdc9d9-ddb5-4fa4-a97d-d965ccfc6d4b" outcome="Passed" testListId="8c84fa94-04c1-424b-9868-57a2d4851a1d" relativeResultsDirectory="26cc876a-f53f-48c6-abe7-c773888e4bf2" />
    <UnitTestResult executionId="38ee09a4-df6c-48cb-a699-bee360a70ada" testId="94c9c17d-5b29-dbc2-e9fb-ad06e996284d" testName="ServiceDiscoveryEngine_Construction_TimespanMax_ArgumentOutOfRangeException" computerName="DKSR-EFI-06" duration="00:00:00.0005219" startTime="2024-01-09T15:42:12.7477007+01:00" endTime="2024-01-09T15:42:12.7477007+01:00" testType="13cdc9d9-ddb5-4fa4-a97d-d965ccfc6d4b" outcome="Passed" testListId="8c84fa94-04c1-424b-9868-57a2d4851a1d" relativeResultsDirectory="38ee09a4-df6c-48cb-a699-bee360a70ada" />
    <UnitTestResult executionId="1fe46145-e9ae-4a5f-829e-af11f3ed6ecc" testId="34485d63-da71-1b61-32bf-f506cca6b3cc" testName="Transform_XmlWithPassword_PasswordChanged" computerName="DKSR-EFI-06" duration="00:00:00.0003932" startTime="2024-01-09T15:42:28.7320906+01:00" endTime="2024-01-09T15:42:28.7320906+01:00" testType="13cdc9d9-ddb5-4fa4-a97d-d965ccfc6d4b" outcome="Passed" testListId="8c84fa94-04c1-424b-9868-57a2d4851a1d" relativeResultsDirectory="1fe46145-e9ae-4a5f-829e-af11f3ed6ecc" />
    <UnitTestResult executionId="74df0741-e622-4346-972d-dc800d8e9e39" testId="57df223f-9162-d8c3-4092-79ad439b7133" testName="CleanMemoryCache_CacheCleared" computerName="DKSR-EFI-06" duration="00:00:00.0009705" startTime="2024-01-09T15:42:29.7008403+01:00" endTime="2024-01-09T15:42:29.7008403+01:00" testType="13cdc9d9-ddb5-4fa4-a97d-d965ccfc6d4b" outcome="Passed" testListId="8c84fa94-04c1-424b-9868-57a2d4851a1d" relativeResultsDirectory="74df0741-e622-4346-972d-dc800d8e9e39" />
    <UnitTestResult executionId="ff997217-5423-43a1-b920-1d3de84d2c01" testId="f4810eaf-c25a-8ccd-99f1-05c4d09bd707" testName="SecurityUserTokensModelTest_Validate_Failed" computerName="DKSR-EFI-06" duration="00:00:00.0019725" startTime="2024-01-09T15:42:12.0289498+01:00" endTime="2024-01-09T15:42:12.0445775+01:00" testType="13cdc9d9-ddb5-4fa4-a97d-d965ccfc6d4b" outcome="Passed" testListId="8c84fa94-04c1-424b-9868-57a2d4851a1d" relativeResultsDirectory="ff997217-5423-43a1-b920-1d3de84d2c01" />
    <UnitTestResult executionId="acb33076-34f3-416c-addf-63f27bec006f" testId="96d443a5-b412-1807-e482-ec5c3f804441" testName="CreateInstance_SettingsFileDoesNotExist_ReturnsDefaultInstance" computerName="DKSR-EFI-06" duration="00:00:00.0003674" startTime="2024-01-09T15:42:12.9508263+01:00" endTime="2024-01-09T15:42:12.9508263+01:00" testType="13cdc9d9-ddb5-4fa4-a97d-d965ccfc6d4b" outcome="Passed" testListId="8c84fa94-04c1-424b-9868-57a2d4851a1d" relativeResultsDirectory="acb33076-34f3-416c-addf-63f27bec006f" />
    <UnitTestResult executionId="24665e26-bfec-44ad-9268-2621d7527b19" testId="b3831e90-6f33-ed0c-47d4-34fdb0707b81" testName="Decrypt_DataSetHasEmptyPassword_PasswordIsStillEmpty" computerName="DKSR-EFI-06" duration="00:00:00.0049716" startTime="2024-01-09T15:42:28.1227156+01:00" endTime="2024-01-09T15:42:28.1227156+01:00" testType="13cdc9d9-ddb5-4fa4-a97d-d965ccfc6d4b" outcome="Passed" testListId="8c84fa94-04c1-424b-9868-57a2d4851a1d" relativeResultsDirectory="24665e26-bfec-44ad-9268-2621d7527b19" />
    <UnitTestResult executionId="2e59c8e2-60cb-41bc-bbea-8d6a92bc9ffc" testId="be9e4185-1684-9bad-f247-e9cf5d13e759" testName="ModelValidation_RequiredPropertiesAreNull_Failed" computerName="DKSR-EFI-06" duration="00:00:00.0027558" startTime="2024-01-09T15:42:12.2008255+01:00" endTime="2024-01-09T15:42:12.2008255+01:00" testType="13cdc9d9-ddb5-4fa4-a97d-d965ccfc6d4b" outcome="Passed" testListId="8c84fa94-04c1-424b-9868-57a2d4851a1d" relativeResultsDirectory="2e59c8e2-60cb-41bc-bbea-8d6a92bc9ffc" />
    <UnitTestResult executionId="d647144b-334a-4708-93d5-1bf081c606c3" testId="d3b1268c-e5c8-9346-28e0-9cc9fcbbeb91" testName="StreamsConfiguration_ValidateConfiguration_Two_Streams_Success" computerName="DKSR-EFI-06" duration="00:00:00.2714839" startTime="2024-01-09T15:42:09.3101933+01:00" endTime="2024-01-09T15:42:09.5914432+01:00" testType="13cdc9d9-ddb5-4fa4-a97d-d965ccfc6d4b" outcome="Passed" testListId="8c84fa94-04c1-424b-9868-57a2d4851a1d" relativeResultsDirectory="d647144b-334a-4708-93d5-1bf081c606c3" />
    <UnitTestResult executionId="526174f5-1494-46f1-9662-15b58ac35c9b" testId="fac02d44-6df3-b374-90e6-20208060241b" testName="ModelValidation_RequiredPropertiesAreNull_Failed" computerName="DKSR-EFI-06" duration="00:00:00.0043068" startTime="2024-01-09T15:42:12.2789501+01:00" endTime="2024-01-09T15:42:12.2945743+01:00" testType="13cdc9d9-ddb5-4fa4-a97d-d965ccfc6d4b" outcome="Passed" testListId="8c84fa94-04c1-424b-9868-57a2d4851a1d" relativeResultsDirectory="526174f5-1494-46f1-9662-15b58ac35c9b" />
    <UnitTestResult executionId="c24be14c-bd0c-420d-8940-6f598f2b53f7" testId="41ab09a6-a606-60bb-849d-3da88f8d54ca" testName="LicenseDocument_IsDeviceLicensed_HardwareFound_DeviceIndexNotListed_ReturnsFalse" computerName="DKSR-EFI-06" duration="00:00:00.0039175" startTime="2024-01-09T15:42:26.1852175+01:00" endTime="2024-01-09T15:42:26.2008399+01:00" testType="13cdc9d9-ddb5-4fa4-a97d-d965ccfc6d4b" outcome="Passed" testListId="8c84fa94-04c1-424b-9868-57a2d4851a1d" relativeResultsDirectory="c24be14c-bd0c-420d-8940-6f598f2b53f7" />
    <UnitTestResult executionId="214b3b29-b8be-4b50-a4d1-f71ea438149d" testId="064b3f69-67f3-b772-c461-123ebfc32894" testName="Xml_To_Config_Success" computerName="DKSR-EFI-06" duration="00:00:00.0101900" startTime="2024-01-09T15:42:28.1383401+01:00" endTime="2024-01-09T15:42:28.1383401+01:00" testType="13cdc9d9-ddb5-4fa4-a97d-d965ccfc6d4b" outcome="Passed" testListId="8c84fa94-04c1-424b-9868-57a2d4851a1d" relativeResultsDirectory="214b3b29-b8be-4b50-a4d1-f71ea438149d" />
    <UnitTestResult executionId="e04be62a-d047-4216-bbd4-92683775045d" testId="741aff36-7393-b790-182c-a6809d68341e" testName="TestExceptionOnImproperParameters" computerName="DKSR-EFI-06" duration="00:00:00.0010155" startTime="2024-01-09T15:42:04.4820511+01:00" endTime="2024-01-09T15:42:04.4820511+01:00" testType="13cdc9d9-ddb5-4fa4-a97d-d965ccfc6d4b" outcome="Passed" testListId="8c84fa94-04c1-424b-9868-57a2d4851a1d" relativeResultsDirectory="e04be62a-d047-4216-bbd4-92683775045d">
      <Output>
        <StdOut>Debug Trace:&#xD;
Fail: min password length &gt; max password length</StdOut>
      </Output>
    </UnitTestResult>
    <UnitTestResult executionId="8e29119a-6393-4dcd-ada2-1dcfb14f626f" testId="92b7eb91-6797-4ea3-4c11-ac30d885a68f" testName="TokenHandler_CreateTokenHandler_Failed" computerName="DKSR-EFI-06" duration="00:00:00.0006209" startTime="2024-01-09T15:42:13.2320762+01:00" endTime="2024-01-09T15:42:13.2320762+01:00" testType="13cdc9d9-ddb5-4fa4-a97d-d965ccfc6d4b" outcome="Passed" testListId="8c84fa94-04c1-424b-9868-57a2d4851a1d" relativeResultsDirectory="8e29119a-6393-4dcd-ada2-1dcfb14f626f" />
    <UnitTestResult executionId="11c024c0-852b-4fd7-927e-09ae0ee0e6d5" testId="e2feb5aa-10d8-0e28-7457-57e55c9df55d" testName="GetItemsByKey_UsesComparer" computerName="DKSR-EFI-06" duration="00:00:00.0006117" startTime="2024-01-09T15:42:04.3101757+01:00" endTime="2024-01-09T15:42:04.3101757+01:00" testType="13cdc9d9-ddb5-4fa4-a97d-d965ccfc6d4b" outcome="Passed" testListId="8c84fa94-04c1-424b-9868-57a2d4851a1d" relativeResultsDirectory="11c024c0-852b-4fd7-927e-09ae0ee0e6d5" />
    <UnitTestResult executionId="11ba710f-9f4a-4ee7-98ee-bdbd54c41e27" testId="5b0f2072-7da6-7d6f-e27a-273ed9943e6b" testName="FormatAuthority__BeforeValueIsIpV6WithPort_FormattedUriHasPort" computerName="DKSR-EFI-06" duration="00:00:00.0141620" startTime="2024-01-09T15:42:04.1226728+01:00" endTime="2024-01-09T15:42:04.1383017+01:00" testType="13cdc9d9-ddb5-4fa4-a97d-d965ccfc6d4b" outcome="Passed" testListId="8c84fa94-04c1-424b-9868-57a2d4851a1d" relativeResultsDirectory="11ba710f-9f4a-4ee7-98ee-bdbd54c41e27" />
    <UnitTestResult executionId="01557c14-c7e6-4b5b-8c3c-88ea2c5a3e59" testId="191f24c6-cafa-473a-7bf0-f0b451e605dc" testName="HardwareInfo_HasLicensedCameras_ReturnsTrue_WhenHasCamerasWithMatchingLicenseStates" computerName="DKSR-EFI-06" duration="00:00:00.0011612" startTime="2024-01-09T15:42:18.4977097+01:00" endTime="2024-01-09T15:42:18.4977097+01:00" testType="13cdc9d9-ddb5-4fa4-a97d-d965ccfc6d4b" outcome="Passed" testListId="8c84fa94-04c1-424b-9868-57a2d4851a1d" relativeResultsDirectory="01557c14-c7e6-4b5b-8c3c-88ea2c5a3e59" />
    <UnitTestResult executionId="cb2bcf54-c6d9-427a-9307-dd9b60459c42" testId="4454e944-ee3f-9fb1-f480-006508c1cc2b" testName="CreateHttpsUri_HttpDefaultPort_UsePort0_BecomesHttpsPort0" computerName="DKSR-EFI-06" duration="00:00:00.0001843" startTime="2024-01-09T15:42:29.2320910+01:00" endTime="2024-01-09T15:42:29.2477141+01:00" testType="13cdc9d9-ddb5-4fa4-a97d-d965ccfc6d4b" outcome="Passed" testListId="8c84fa94-04c1-424b-9868-57a2d4851a1d" relativeResultsDirectory="cb2bcf54-c6d9-427a-9307-dd9b60459c42" />
    <UnitTestResult executionId="9dfd502c-cbdb-4895-a376-df99a3489bc1" testId="681eba43-864c-06af-d147-aa378bd5c701" testName="CalculateLicenseRequirements_DisabledHardwareDoesNotRequireAChannelLicense_ReturnsTrue" computerName="DKSR-EFI-06" duration="00:00:00.0014555" startTime="2024-01-09T15:42:18.8258363+01:00" endTime="2024-01-09T15:42:18.8258363+01:00" testType="13cdc9d9-ddb5-4fa4-a97d-d965ccfc6d4b" outcome="Passed" testListId="8c84fa94-04c1-424b-9868-57a2d4851a1d" relativeResultsDirectory="9dfd502c-cbdb-4895-a376-df99a3489bc1" />
    <UnitTestResult executionId="c8eb7fc2-269d-4a17-a3ff-c396677a711d" testId="e5d573ef-e69c-862b-8cbc-95ce7e56f71c" testName="ResponseModel_Validate_Success" computerName="DKSR-EFI-06" duration="00:00:00.0006125" startTime="2024-01-09T15:42:12.7008277+01:00" endTime="2024-01-09T15:42:12.7008277+01:00" testType="13cdc9d9-ddb5-4fa4-a97d-d965ccfc6d4b" outcome="Passed" testListId="8c84fa94-04c1-424b-9868-57a2d4851a1d" relativeResultsDirectory="c8eb7fc2-269d-4a17-a3ff-c396677a711d" />
    <UnitTestResult executionId="e0341622-e0bc-4f8e-8cb2-2093d79540be" testId="74235f5c-118a-7de4-9543-a82200fe6fb3" testName="UpdateHardwareReadOnlySettingsModel_ValidModel_Success" computerName="DKSR-EFI-06" duration="00:00:00.0014356" startTime="2024-01-09T15:42:12.3570758+01:00" endTime="2024-01-09T15:42:12.3570758+01:00" testType="13cdc9d9-ddb5-4fa4-a97d-d965ccfc6d4b" outcome="Passed" testListId="8c84fa94-04c1-424b-9868-57a2d4851a1d" relativeResultsDirectory="e0341622-e0bc-4f8e-8cb2-2093d79540be" />
    <UnitTestResult executionId="34b20c2d-7f50-402f-a357-68b69d95b66a" testId="00f0ffec-a595-7222-bdfe-f607c208c489" testName="Send_ConnectFailure_EndpointNotFoundCalled" computerName="DKSR-EFI-06" duration="00:00:00.0044112" startTime="2024-01-09T15:42:01.4351619+01:00" endTime="2024-01-09T15:42:01.4351619+01:00" testType="13cdc9d9-ddb5-4fa4-a97d-d965ccfc6d4b" outcome="Passed" testListId="8c84fa94-04c1-424b-9868-57a2d4851a1d" relativeResultsDirectory="34b20c2d-7f50-402f-a357-68b69d95b66a" />
    <UnitTestResult executionId="273704b0-0281-4948-8e4f-722864fe0e9e" testId="7de47ff0-007e-9cd3-e70d-b83cc5f42838" testName="PtzPreset_EqualsTo_Change_Name" computerName="DKSR-EFI-06" duration="00:00:00.0016758" startTime="2024-01-09T15:42:04.6226771+01:00" endTime="2024-01-09T15:42:04.6226771+01:00" testType="13cdc9d9-ddb5-4fa4-a97d-d965ccfc6d4b" outcome="Passed" testListId="8c84fa94-04c1-424b-9868-57a2d4851a1d" relativeResultsDirectory="273704b0-0281-4948-8e4f-722864fe0e9e" />
    <UnitTestResult executionId="03482432-7513-4f2e-a4a2-5d2bf7dc9cda" testId="6173b0ef-554d-8313-a62e-deeee5a97c2a" testName="Call_HttpPost_InvalidParam_userAgentEmpty_ThrowsArgumentNullException" computerName="DKSR-EFI-06" duration="00:00:00.0006740" startTime="2024-01-09T15:42:28.9195897+01:00" endTime="2024-01-09T15:42:28.9195897+01:00" testType="13cdc9d9-ddb5-4fa4-a97d-d965ccfc6d4b" outcome="Passed" testListId="8c84fa94-04c1-424b-9868-57a2d4851a1d" relativeResultsDirectory="03482432-7513-4f2e-a4a2-5d2bf7dc9cda" />
    <UnitTestResult executionId="93adea45-752d-4518-88fa-bf49427fcb96" testId="17fa218c-c1a6-687b-c91d-11aad9d6292c" testName="DecryptingOtherSystemSetting" computerName="DKSR-EFI-06" duration="00:00:00.0006764" startTime="2024-01-09T15:42:28.7164639+01:00" endTime="2024-01-09T15:42:28.7164639+01:00" testType="13cdc9d9-ddb5-4fa4-a97d-d965ccfc6d4b" outcome="Passed" testListId="8c84fa94-04c1-424b-9868-57a2d4851a1d" relativeResultsDirectory="93adea45-752d-4518-88fa-bf49427fcb96" />
    <UnitTestResult executionId="3f5c005e-8f35-4ed3-aad2-d35dbb997427" testId="498a1b1e-8d55-58c9-df64-d8e209ece96d" testName="LicenseDocument_ValidateIsDeviceLicensed_IcpDevice_ThrowsInvalidOperationException" computerName="DKSR-EFI-06" duration="00:00:00.0028824" startTime="2024-01-09T15:42:26.2164647+01:00" endTime="2024-01-09T15:42:26.2320922+01:00" testType="13cdc9d9-ddb5-4fa4-a97d-d965ccfc6d4b" outcome="Passed" testListId="8c84fa94-04c1-424b-9868-57a2d4851a1d" relativeResultsDirectory="3f5c005e-8f35-4ed3-aad2-d35dbb997427" />
    <UnitTestResult executionId="b93349df-9002-4aa7-9daf-290fa444ab09" testId="2f51937b-491d-ee39-cc47-b416dfc84d31" testName="Constructor_IncrementsFeedCountsForEachChannel_OnIcpHw" computerName="DKSR-EFI-06" duration="00:00:00.0004954" startTime="2024-01-09T15:42:18.0289599+01:00" endTime="2024-01-09T15:42:18.0289599+01:00" testType="13cdc9d9-ddb5-4fa4-a97d-d965ccfc6d4b" outcome="Passed" testListId="8c84fa94-04c1-424b-9868-57a2d4851a1d" relativeResultsDirectory="b93349df-9002-4aa7-9daf-290fa444ab09" />
    <UnitTestResult executionId="6085d73b-533f-4446-8b54-e28a53040745" testId="39506e72-a1ba-9b82-776d-6b9f159b2bd6" testName="ServerFileSystemResponseQueryDrivesModel_Validate_Success" computerName="DKSR-EFI-06" duration="00:00:00.0025309" startTime="2024-01-09T15:42:10.5914460+01:00" endTime="2024-01-09T15:42:10.5914460+01:00" testType="13cdc9d9-ddb5-4fa4-a97d-d965ccfc6d4b" outcome="Passed" testListId="8c84fa94-04c1-424b-9868-57a2d4851a1d" relativeResultsDirectory="6085d73b-533f-4446-8b54-e28a53040745" />
    <UnitTestResult executionId="9d3dc958-ee0d-458e-8590-7a5102f5dc9d" testId="980cc826-32b0-1279-cbe3-894a0cae1fcb" testName="DecryptingMediaDbCertificateSystemSetting" computerName="DKSR-EFI-06" duration="00:00:00.0007722" startTime="2024-01-09T15:42:28.7008401+01:00" endTime="2024-01-09T15:42:28.7008401+01:00" testType="13cdc9d9-ddb5-4fa4-a97d-d965ccfc6d4b" outcome="Passed" testListId="8c84fa94-04c1-424b-9868-57a2d4851a1d" relativeResultsDirectory="9d3dc958-ee0d-458e-8590-7a5102f5dc9d" />
    <UnitTestResult executionId="3c713346-0847-419d-8c48-a0617ac97be0" testId="9dd8c348-d98a-4fb4-2d5a-fe752bf9cfa1" testName="GroupConfigurationDeleteGroupNotEmpty" computerName="DKSR-EFI-06" duration="00:00:00.0009994" startTime="2024-01-09T15:42:15.3414555+01:00" endTime="2024-01-09T15:42:15.3414555+01:00" testType="13cdc9d9-ddb5-4fa4-a97d-d965ccfc6d4b" outcome="Passed" testListId="8c84fa94-04c1-424b-9868-57a2d4851a1d" relativeResultsDirectory="3c713346-0847-419d-8c48-a0617ac97be0" />
    <UnitTestResult executionId="24d7609d-6abb-4881-8d3e-df31a0e192cf" testId="16b79f55-7c64-2cf6-1f7d-ae933270c74d" testName="PtzPresetCollection_Add_Success" computerName="DKSR-EFI-06" duration="00:00:00.0007869" startTime="2024-01-09T15:42:04.5289288+01:00" endTime="2024-01-09T15:42:04.5289288+01:00" testType="13cdc9d9-ddb5-4fa4-a97d-d965ccfc6d4b" outcome="Passed" testListId="8c84fa94-04c1-424b-9868-57a2d4851a1d" relativeResultsDirectory="24d7609d-6abb-4881-8d3e-df31a0e192cf" />
    <UnitTestResult executionId="eb79ba7a-ba15-4057-915e-faf72afa0345" testId="25f38605-f8c7-ce11-a81c-bbb611d669a8" testName="GroupConfigurationHelperEmpty" computerName="DKSR-EFI-06" duration="00:00:00.0016413" startTime="2024-01-09T15:42:15.1695822+01:00" endTime="2024-01-09T15:42:15.1695822+01:00" testType="13cdc9d9-ddb5-4fa4-a97d-d965ccfc6d4b" outcome="Passed" testListId="8c84fa94-04c1-424b-9868-57a2d4851a1d" relativeResultsDirectory="eb79ba7a-ba15-4057-915e-faf72afa0345" />
    <UnitTestResult executionId="eea2fa76-47a0-4679-b68f-0bad6933b0fd" testId="60527f47-88dc-f9e7-77dd-a011437721a0" testName="ServiceDiscoveryEngine_TimerCallback_Success" computerName="DKSR-EFI-06" duration="00:00:00.0040566" startTime="2024-01-09T15:42:12.7789506+01:00" endTime="2024-01-09T15:42:12.7789506+01:00" testType="13cdc9d9-ddb5-4fa4-a97d-d965ccfc6d4b" outcome="Passed" testListId="8c84fa94-04c1-424b-9868-57a2d4851a1d" relativeResultsDirectory="eea2fa76-47a0-4679-b68f-0bad6933b0fd" />
    <UnitTestResult executionId="9d9aec77-c364-4ff8-a866-ffcb52c5f026" testId="d4e4459e-4e4b-4bcc-ed18-0a5cf77820ee" testName="Send_NameResolutionFailure_EndpointNotFoundCalled" computerName="DKSR-EFI-06" duration="00:00:00.0037280" startTime="2024-01-09T15:42:01.4507861+01:00" endTime="2024-01-09T15:42:01.4507861+01:00" testType="13cdc9d9-ddb5-4fa4-a97d-d965ccfc6d4b" outcome="Passed" testListId="8c84fa94-04c1-424b-9868-57a2d4851a1d" relativeResultsDirectory="9d9aec77-c364-4ff8-a866-ffcb52c5f026" />
    <UnitTestResult executionId="4f59ec51-85ba-43b2-98ef-915e5e317bd4" testId="80b3121a-e8ab-643d-3cdf-cd8378f18f5d" testName="Construct_LicenseActivationService_NullLogger_ThrowsArgumentNullException" computerName="DKSR-EFI-06" duration="00:00:00.0015791" startTime="2024-01-09T15:42:18.5290013+01:00" endTime="2024-01-09T15:42:18.5290013+01:00" testType="13cdc9d9-ddb5-4fa4-a97d-d965ccfc6d4b" outcome="Passed" testListId="8c84fa94-04c1-424b-9868-57a2d4851a1d" relativeResultsDirectory="4f59ec51-85ba-43b2-98ef-915e5e317bd4" />
    <UnitTestResult executionId="57bc8665-8945-4cd8-a660-ff1eb8e022bf" testId="54c26366-b994-f623-6449-0f14a6e33a8e" testName="IsArculesGuid_WhenOtherGuid_ReturnsFalse" computerName="DKSR-EFI-06" duration="00:00:00.0001744" startTime="2024-01-09T15:42:26.7008409+01:00" endTime="2024-01-09T15:42:26.7008409+01:00" testType="13cdc9d9-ddb5-4fa4-a97d-d965ccfc6d4b" outcome="Passed" testListId="8c84fa94-04c1-424b-9868-57a2d4851a1d" relativeResultsDirectory="57bc8665-8945-4cd8-a660-ff1eb8e022bf" />
    <UnitTestResult executionId="b59b621d-703c-4a51-99af-e5f664bac3d7" testId="27b086e7-540b-b83b-f35a-982c0ab0cbc8" testName="ParseAsBytes_InvalidStrings_Throws_ArgumentException" computerName="DKSR-EFI-06" duration="00:00:00.0009782" startTime="2024-01-09T15:42:29.5133772+01:00" endTime="2024-01-09T15:42:29.5133772+01:00" testType="13cdc9d9-ddb5-4fa4-a97d-d965ccfc6d4b" outcome="Passed" testListId="8c84fa94-04c1-424b-9868-57a2d4851a1d" relativeResultsDirectory="b59b621d-703c-4a51-99af-e5f664bac3d7" />
    <UnitTestResult executionId="01c0f4de-8795-4454-8b30-5c8cc9fd0b08" testId="ba4cabca-f150-4d30-24b9-afc75cce1b1d" testName="TestMergeGridAreaWithEmptyAndValidArea" computerName="DKSR-EFI-06" duration="00:00:00.0003844" startTime="2024-01-09T15:42:27.8727157+01:00" endTime="2024-01-09T15:42:27.8883410+01:00" testType="13cdc9d9-ddb5-4fa4-a97d-d965ccfc6d4b" outcome="Passed" testListId="8c84fa94-04c1-424b-9868-57a2d4851a1d" relativeResultsDirectory="01c0f4de-8795-4454-8b30-5c8cc9fd0b08" />
    <UnitTestResult executionId="9843e44d-6088-492b-9f92-7ffbcb4137a3" testId="70971d6f-006f-6b7c-1193-edcff8bb49bd" testName="SendWithReturnValue_NoError_TaskIsExecutedAndCorrectResponseReceived" computerName="DKSR-EFI-06" duration="00:00:00.0090038" startTime="2024-01-09T15:42:01.3726596+01:00" endTime="2024-01-09T15:42:01.3882855+01:00" testType="13cdc9d9-ddb5-4fa4-a97d-d965ccfc6d4b" outcome="Passed" testListId="8c84fa94-04c1-424b-9868-57a2d4851a1d" relativeResultsDirectory="9843e44d-6088-492b-9f92-7ffbcb4137a3" />
    <UnitTestResult executionId="ced2aa46-f36a-4607-9b8d-752d2b4335c6" testId="9d329994-74e3-8238-a429-3b094a215384" testName="ToRecorderStatuses_AppliesAllFlags_OnAllFlagsPresent" computerName="DKSR-EFI-06" duration="00:00:00.0043870" startTime="2024-01-09T15:42:29.2945901+01:00" endTime="2024-01-09T15:42:29.2945901+01:00" testType="13cdc9d9-ddb5-4fa4-a97d-d965ccfc6d4b" outcome="Passed" testListId="8c84fa94-04c1-424b-9868-57a2d4851a1d" relativeResultsDirectory="ced2aa46-f36a-4607-9b8d-752d2b4335c6" />
    <UnitTestResult executionId="695c4f71-f5ab-4a34-8843-32f918980bf1" testId="8b1df241-cd7c-f32a-3610-e625520de45c" testName="CertificateSelection2_FromXml_NullCheck" computerName="DKSR-EFI-06" duration="00:00:00.0004570" startTime="2024-01-09T15:42:29.4977135+01:00" endTime="2024-01-09T15:42:29.4977135+01:00" testType="13cdc9d9-ddb5-4fa4-a97d-d965ccfc6d4b" outcome="Passed" testListId="8c84fa94-04c1-424b-9868-57a2d4851a1d" relativeResultsDirectory="695c4f71-f5ab-4a34-8843-32f918980bf1" />
    <UnitTestResult executionId="50fbbf98-a59c-4e0e-a9bc-96f68755bdd7" testId="b9904c9a-5040-ba62-e9bc-f8b6ed5155cc" testName="ExceptionResponseModel_Validate_Success" computerName="DKSR-EFI-06" duration="00:00:00.0062042" startTime="2024-01-09T15:42:12.6383277+01:00" endTime="2024-01-09T15:42:12.6383277+01:00" testType="13cdc9d9-ddb5-4fa4-a97d-d965ccfc6d4b" outcome="Passed" testListId="8c84fa94-04c1-424b-9868-57a2d4851a1d" relativeResultsDirectory="50fbbf98-a59c-4e0e-a9bc-96f68755bdd7" />
    <UnitTestResult executionId="513a5fa6-82c5-4ef3-9014-20ed975b046d" testId="7341f2f1-623e-04bc-4ea8-e3b71c886ef5" testName="RecorderInfo_Construct_InvalidId_EmptyGuid_Throws_ArgumentException" computerName="DKSR-EFI-06" duration="00:00:00.0019112" startTime="2024-01-09T15:42:26.5289645+01:00" endTime="2024-01-09T15:42:26.5445911+01:00" testType="13cdc9d9-ddb5-4fa4-a97d-d965ccfc6d4b" outcome="Passed" testListId="8c84fa94-04c1-424b-9868-57a2d4851a1d" relativeResultsDirectory="513a5fa6-82c5-4ef3-9014-20ed975b046d" />
    <UnitTestResult executionId="138f959a-8b28-4afa-b899-140247a71494" testId="c0e40020-563b-4172-51b7-b2482962237f" testName="TaskModel_InvalidTaskDiffGramType_Failed" computerName="DKSR-EFI-06" duration="00:00:00.0022055" startTime="2024-01-09T15:42:12.3258264+01:00" endTime="2024-01-09T15:42:12.3414539+01:00" testType="13cdc9d9-ddb5-4fa4-a97d-d965ccfc6d4b" outcome="Passed" testListId="8c84fa94-04c1-424b-9868-57a2d4851a1d" relativeResultsDirectory="138f959a-8b28-4afa-b899-140247a71494" />
    <UnitTestResult executionId="cc25a0cb-f292-41b3-b8c8-942697cdf73b" testId="fc139a75-8e92-2cdc-a74b-7704ee99f36e" testName="GetServerSNMPId_RecordingServerEvent" computerName="DKSR-EFI-06" duration="00:00:00.0004923" startTime="2024-01-09T15:42:26.9664642+01:00" endTime="2024-01-09T15:42:26.9664642+01:00" testType="13cdc9d9-ddb5-4fa4-a97d-d965ccfc6d4b" outcome="Passed" testListId="8c84fa94-04c1-424b-9868-57a2d4851a1d" relativeResultsDirectory="cc25a0cb-f292-41b3-b8c8-942697cdf73b" />
    <UnitTestResult executionId="2a13af52-dee9-4b5a-ba40-a3ae81cbf010" testId="3ee5c1cb-2da7-8d79-fdd9-2e8056204da5" testName="WhiteList_CreateInstanceWithoutAttributesParameter_RaisesArgumentException" computerName="DKSR-EFI-06" duration="00:00:00.0007041" startTime="2024-01-09T15:42:26.3883401+01:00" endTime="2024-01-09T15:42:26.3883401+01:00" testType="13cdc9d9-ddb5-4fa4-a97d-d965ccfc6d4b" outcome="Passed" testListId="8c84fa94-04c1-424b-9868-57a2d4851a1d" relativeResultsDirectory="2a13af52-dee9-4b5a-ba40-a3ae81cbf010" />
    <UnitTestResult executionId="6731b548-823a-4c09-bf5c-a93ec4abf0e4" testId="9ff8214d-c722-b098-f3f1-c9433165eb3e" testName="RemoveKey_Null_ThrowArgumentNullException" computerName="DKSR-EFI-06" duration="00:00:00.0010805" startTime="2024-01-09T15:42:04.2945492+01:00" endTime="2024-01-09T15:42:04.2945492+01:00" testType="13cdc9d9-ddb5-4fa4-a97d-d965ccfc6d4b" outcome="Passed" testListId="8c84fa94-04c1-424b-9868-57a2d4851a1d" relativeResultsDirectory="6731b548-823a-4c09-bf5c-a93ec4abf0e4">
      <Output>
        <StdOut>Debug Trace:&#xD;
Fail: Argument null</StdOut>
      </Output>
    </UnitTestResult>
    <UnitTestResult executionId="1a6dd960-2c7f-4947-8678-0ed9254634fe" testId="f5005190-7aeb-6ec1-75a0-2601b198d66e" testName="FilterCreationWithSubKindsTest" computerName="DKSR-EFI-06" duration="00:00:00.0008556" startTime="2024-01-09T15:42:15.3414555+01:00" endTime="2024-01-09T15:42:15.3570850+01:00" testType="13cdc9d9-ddb5-4fa4-a97d-d965ccfc6d4b" outcome="Passed" testListId="8c84fa94-04c1-424b-9868-57a2d4851a1d" relativeResultsDirectory="1a6dd960-2c7f-4947-8678-0ed9254634fe" />
    <UnitTestResult executionId="f88ff3a1-cbb4-47d1-b550-1479eb68392a" testId="1cb4a5d7-d8ea-0925-ea58-6b3a23476ff8" testName="UniqueIndex_Ctor_Null_ThrowArgumentNullException" computerName="DKSR-EFI-06" duration="00:00:00.0111104" startTime="2024-01-09T15:42:04.1539243+01:00" endTime="2024-01-09T15:42:04.1539243+01:00" testType="13cdc9d9-ddb5-4fa4-a97d-d965ccfc6d4b" outcome="Passed" testListId="8c84fa94-04c1-424b-9868-57a2d4851a1d" relativeResultsDirectory="f88ff3a1-cbb4-47d1-b550-1479eb68392a">
      <Output>
        <StdOut>Debug Trace:&#xD;
Fail: Argument null&#xD;
Fail: Argument null&#xD;
Fail: Argument null</StdOut>
      </Output>
    </UnitTestResult>
    <UnitTestResult executionId="ccb7a74f-e470-4ddf-8aa0-6639113c380d" testId="7ab556a2-1595-6a91-9504-077b9dfa0dcd" testName="GetServerSNMPId_Not_SNMP_Mapped" computerName="DKSR-EFI-06" duration="00:00:00.0002379" startTime="2024-01-09T15:42:26.9820885+01:00" endTime="2024-01-09T15:42:26.9820885+01:00" testType="13cdc9d9-ddb5-4fa4-a97d-d965ccfc6d4b" outcome="Passed" testListId="8c84fa94-04c1-424b-9868-57a2d4851a1d" relativeResultsDirectory="ccb7a74f-e470-4ddf-8aa0-6639113c380d" />
    <UnitTestResult executionId="cf7033e3-87b3-4b0d-88f4-12c30c269e84" testId="e34de6a5-5f57-c953-a0ee-421d62e26c4c" testName="ScheduledTimeReachedFunctionScheduledDateTimeReachedForTwoTokensTest" computerName="DKSR-EFI-06" duration="00:00:00.0006165" startTime="2024-01-09T15:42:15.4352049+01:00" endTime="2024-01-09T15:42:15.4352049+01:00" testType="13cdc9d9-ddb5-4fa4-a97d-d965ccfc6d4b" outcome="Passed" testListId="8c84fa94-04c1-424b-9868-57a2d4851a1d" relativeResultsDirectory="cf7033e3-87b3-4b0d-88f4-12c30c269e84" />
    <UnitTestResult executionId="b07234a0-0d16-42d0-a5ee-a87fbe25642d" testId="f8511e92-1ab8-f006-d255-49913a7dc87b" testName="LocalCommandProcessorResponseCollector_GetNextResponse_MultipleResponses" computerName="DKSR-EFI-06" duration="00:00:00.0220178" startTime="2024-01-09T15:42:29.3414643+01:00" endTime="2024-01-09T15:42:29.3727151+01:00" testType="13cdc9d9-ddb5-4fa4-a97d-d965ccfc6d4b" outcome="Passed" testListId="8c84fa94-04c1-424b-9868-57a2d4851a1d" relativeResultsDirectory="b07234a0-0d16-42d0-a5ee-a87fbe25642d" />
    <UnitTestResult executionId="71e396ef-2e8d-4a43-9e79-250803ccbd80" testId="469b6c93-9fac-5d69-6a28-11af7773706e" testName="HardwareInfo_HasLicensedCameras_ReturnsFalse_WhenHardwareIsDisabled" computerName="DKSR-EFI-06" duration="00:00:00.0004410" startTime="2024-01-09T15:42:18.4977097+01:00" endTime="2024-01-09T15:42:18.4977097+01:00" testType="13cdc9d9-ddb5-4fa4-a97d-d965ccfc6d4b" outcome="Passed" testListId="8c84fa94-04c1-424b-9868-57a2d4851a1d" relativeResultsDirectory="71e396ef-2e8d-4a43-9e79-250803ccbd80" />
    <UnitTestResult executionId="1f6856fb-4261-4ff0-866c-cb6c1bb6f72e" testId="86a614c5-a9e3-9e38-ecb7-023ac78c15b1" testName="Validate_WhitelistedHardware_DoesNotAppearOnGrid_Information_Success" computerName="DKSR-EFI-06" duration="00:00:00.0018136" startTime="2024-01-09T15:42:26.3570917+01:00" endTime="2024-01-09T15:42:26.3727151+01:00" testType="13cdc9d9-ddb5-4fa4-a97d-d965ccfc6d4b" outcome="Passed" testListId="8c84fa94-04c1-424b-9868-57a2d4851a1d" relativeResultsDirectory="1f6856fb-4261-4ff0-866c-cb6c1bb6f72e" />
    <UnitTestResult executionId="91dbaa44-59e4-4e02-bdaa-e3fa4ec17cce" testId="f677ecbc-a37b-de6c-6108-d44b19746e79" testName="ValidateInformation_DevicesCountUsingOneLicense_NotShown_WhenTheCountIsZero" computerName="DKSR-EFI-06" duration="00:00:00.0050394" startTime="2024-01-09T15:42:26.3414635+01:00" endTime="2024-01-09T15:42:26.3570917+01:00" testType="13cdc9d9-ddb5-4fa4-a97d-d965ccfc6d4b" outcome="Passed" testListId="8c84fa94-04c1-424b-9868-57a2d4851a1d" relativeResultsDirectory="91dbaa44-59e4-4e02-bdaa-e3fa4ec17cce" />
    <UnitTestResult executionId="f90adfc0-8905-4c86-b900-fd655bbdf60e" testId="6dc566b7-501d-6a76-aef9-9eb9f149ccba" testName="CreateHttpUri_HttpsDefaultPort_UsePort444_BecomesHttpPort444" computerName="DKSR-EFI-06" duration="00:00:00.0002124" startTime="2024-01-09T15:42:29.2008391+01:00" endTime="2024-01-09T15:42:29.2008391+01:00" testType="13cdc9d9-ddb5-4fa4-a97d-d965ccfc6d4b" outcome="Passed" testListId="8c84fa94-04c1-424b-9868-57a2d4851a1d" relativeResultsDirectory="f90adfc0-8905-4c86-b900-fd655bbdf60e" />
    <UnitTestResult executionId="3376212c-84a6-4bbc-9e8c-d0d26f16cfc8" testId="7c19b165-d79b-e1ec-0b22-be461dcaa9e8" testName="ModelValidation_RequiredPropertiesAreNull_Failed" computerName="DKSR-EFI-06" duration="00:00:00.0021575" startTime="2024-01-09T15:42:12.1539498+01:00" endTime="2024-01-09T15:42:12.1539498+01:00" testType="13cdc9d9-ddb5-4fa4-a97d-d965ccfc6d4b" outcome="Passed" testListId="8c84fa94-04c1-424b-9868-57a2d4851a1d" relativeResultsDirectory="3376212c-84a6-4bbc-9e8c-d0d26f16cfc8" />
    <UnitTestResult executionId="f61fc6ea-1db7-4430-a10d-fb396000f314" testId="c662972b-d138-6dfa-90dd-ad50777013ca" testName="ResponseModel_NoValuesSet_ValidationFailure" computerName="DKSR-EFI-06" duration="00:00:00.0007910" startTime="2024-01-09T15:42:12.6852005+01:00" endTime="2024-01-09T15:42:12.6852005+01:00" testType="13cdc9d9-ddb5-4fa4-a97d-d965ccfc6d4b" outcome="Passed" testListId="8c84fa94-04c1-424b-9868-57a2d4851a1d" relativeResultsDirectory="f61fc6ea-1db7-4430-a10d-fb396000f314" />
    <UnitTestResult executionId="d5fe6123-5be7-4cee-99e4-6d3ba65fb1be" testId="b59ba4a6-fee4-5dbb-65c9-c1c9b74d3142" testName="CreateHttpsUri_HttpDefaultPort_UsePort88_BecomesHttpsPort88" computerName="DKSR-EFI-06" duration="00:00:00.0001898" startTime="2024-01-09T15:42:29.2477141+01:00" endTime="2024-01-09T15:42:29.2477141+01:00" testType="13cdc9d9-ddb5-4fa4-a97d-d965ccfc6d4b" outcome="Passed" testListId="8c84fa94-04c1-424b-9868-57a2d4851a1d" relativeResultsDirectory="d5fe6123-5be7-4cee-99e4-6d3ba65fb1be" />
    <UnitTestResult executionId="d10c60ef-5c4c-4743-9676-24e63812fd44" testId="f6b2ccce-1127-a730-3d1d-178de6661793" testName="ErrorResponseModel_NoValuesSet_ValidationFailure" computerName="DKSR-EFI-06" duration="00:00:00.0018989" startTime="2024-01-09T15:42:12.6070773+01:00" endTime="2024-01-09T15:42:12.6227002+01:00" testType="13cdc9d9-ddb5-4fa4-a97d-d965ccfc6d4b" outcome="Passed" testListId="8c84fa94-04c1-424b-9868-57a2d4851a1d" relativeResultsDirectory="d10c60ef-5c4c-4743-9676-24e63812fd44" />
    <UnitTestResult executionId="277aebe8-d8e1-43ad-990d-f1baee6b2c37" testId="722b9d2d-ea17-19b7-89c3-539cfe113091" testName="ReadIdentityFromCache_GetIdentityFromProvider" computerName="DKSR-EFI-06" duration="00:00:00.0034561" startTime="2024-01-09T15:42:29.6539651+01:00" endTime="2024-01-09T15:42:29.6539651+01:00" testType="13cdc9d9-ddb5-4fa4-a97d-d965ccfc6d4b" outcome="Passed" testListId="8c84fa94-04c1-424b-9868-57a2d4851a1d" relativeResultsDirectory="277aebe8-d8e1-43ad-990d-f1baee6b2c37" />
    <UnitTestResult executionId="d69a19ff-e0c3-4be4-8103-0d4a5d082d3d" testId="cfea9707-a327-a551-4a0d-1f2c971adbba" testName="WebApiException_Serialization_DeserializationIsValid" computerName="DKSR-EFI-06" duration="00:00:00.0009999" startTime="2024-01-09T15:42:12.9195768+01:00" endTime="2024-01-09T15:42:12.9352025+01:00" testType="13cdc9d9-ddb5-4fa4-a97d-d965ccfc6d4b" outcome="Passed" testListId="8c84fa94-04c1-424b-9868-57a2d4851a1d" relativeResultsDirectory="d69a19ff-e0c3-4be4-8103-0d4a5d082d3d" />
    <UnitTestResult executionId="045c8a05-57b1-4dfd-bec1-8da3b7c0bbd1" testId="35fc3889-4196-1a67-5fa1-0ace74d39e3e" testName="SendAsync_ObjIsNull_ArgumentNullExceptionThrown" computerName="DKSR-EFI-06" duration="00:00:00.0068324" startTime="2024-01-09T15:42:00.9206757+01:00" endTime="2024-01-09T15:42:00.9206757+01:00" testType="13cdc9d9-ddb5-4fa4-a97d-d965ccfc6d4b" outcome="Passed" testListId="8c84fa94-04c1-424b-9868-57a2d4851a1d" relativeResultsDirectory="045c8a05-57b1-4dfd-bec1-8da3b7c0bbd1">
      <Output>
        <StdOut>Debug Trace:&#xD;
Fail: Argument null</StdOut>
      </Output>
    </UnitTestResult>
    <UnitTestResult executionId="7efc4c68-fd51-45a2-acc7-23e7ff4c45c9" testId="fc5332c2-45c0-4c4b-b897-739bffc8971f" testName="EncryptingSmtpPasswordSystemSetting" computerName="DKSR-EFI-06" duration="00:00:00.0007637" startTime="2024-01-09T15:42:28.6852148+01:00" endTime="2024-01-09T15:42:28.6852148+01:00" testType="13cdc9d9-ddb5-4fa4-a97d-d965ccfc6d4b" outcome="Passed" testListId="8c84fa94-04c1-424b-9868-57a2d4851a1d" relativeResultsDirectory="7efc4c68-fd51-45a2-acc7-23e7ff4c45c9" />
    <UnitTestResult executionId="5195b58a-84c8-47bd-992b-0d7bc661f660" testId="b3bb629b-5506-468f-c9ec-1ff55314abb1" testName="CreateHttpsUri_FtpDefaultPort_UseDefaultPortTrue_BecomesHttpsPort443" computerName="DKSR-EFI-06" duration="00:00:00.0002508" startTime="2024-01-09T15:42:29.2164656+01:00" endTime="2024-01-09T15:42:29.2164656+01:00" testType="13cdc9d9-ddb5-4fa4-a97d-d965ccfc6d4b" outcome="Passed" testListId="8c84fa94-04c1-424b-9868-57a2d4851a1d" relativeResultsDirectory="5195b58a-84c8-47bd-992b-0d7bc661f660" />
    <UnitTestResult executionId="e4d1afc1-8e16-40aa-8129-060913c7008b" testId="a896ce4d-9b37-5a77-3f77-eed614e9f3c5" testName="PatchEndpointOnly_EndPointIsNull_ArgumentNullExceptionThrown" computerName="DKSR-EFI-06" duration="00:00:00.0012869" startTime="2024-01-09T15:42:01.6851634+01:00" endTime="2024-01-09T15:42:01.6851634+01:00" testType="13cdc9d9-ddb5-4fa4-a97d-d965ccfc6d4b" outcome="Passed" testListId="8c84fa94-04c1-424b-9868-57a2d4851a1d" relativeResultsDirectory="e4d1afc1-8e16-40aa-8129-060913c7008b">
      <Output>
        <StdOut>Debug Trace:&#xD;
Fail: Argument null</StdOut>
      </Output>
    </UnitTestResult>
    <UnitTestResult executionId="45018ea6-5816-4d6f-bd04-fd996df0b2dc" testId="74b712ed-fbd1-84c8-6671-8b363a4b5ed4" testName="Validate_LicenseRequestCreatedFromJson_Success" computerName="DKSR-EFI-06" duration="00:00:00.0007788" startTime="2024-01-09T15:42:25.9664659+01:00" endTime="2024-01-09T15:42:25.9664659+01:00" testType="13cdc9d9-ddb5-4fa4-a97d-d965ccfc6d4b" outcome="Passed" testListId="8c84fa94-04c1-424b-9868-57a2d4851a1d" relativeResultsDirectory="45018ea6-5816-4d6f-bd04-fd996df0b2dc" />
    <UnitTestResult executionId="096a7957-20de-47aa-a67e-67e7868b6fb5" testId="15ce45c8-1c40-ad16-f9e1-9bd9c36f7d92" testName="RefCountedObjectWrapper_ExecuteCallWithRefCount_InstanceIsDisposed_ObjectDeadException" computerName="DKSR-EFI-06" duration="00:00:00.0009180" startTime="2024-01-09T15:42:11.0758203+01:00" endTime="2024-01-09T15:42:11.0914468+01:00" testType="13cdc9d9-ddb5-4fa4-a97d-d965ccfc6d4b" outcome="Passed" testListId="8c84fa94-04c1-424b-9868-57a2d4851a1d" relativeResultsDirectory="096a7957-20de-47aa-a67e-67e7868b6fb5" />
    <UnitTestResult executionId="2bed841c-cda0-4895-9cff-6df55179f125" testId="7d40ebe1-d42f-de08-7005-707d1ccb79cc" testName="FeatureManager_SLC_Success" computerName="DKSR-EFI-06" duration="00:00:00.0012061" startTime="2024-01-09T15:42:18.3414615+01:00" endTime="2024-01-09T15:42:18.3414615+01:00" testType="13cdc9d9-ddb5-4fa4-a97d-d965ccfc6d4b" outcome="Passed" testListId="8c84fa94-04c1-424b-9868-57a2d4851a1d" relativeResultsDirectory="2bed841c-cda0-4895-9cff-6df55179f125" />
    <UnitTestResult executionId="6b677705-d90a-4fca-8d6b-8dce33c5657c" testId="328dbfdf-4def-bb23-125d-ff72ae5a4d4b" testName="Ctor_Null_ThrowArgumentNullException" computerName="DKSR-EFI-06" duration="00:00:00.0069520" startTime="2024-01-09T15:42:04.2789256+01:00" endTime="2024-01-09T15:42:04.2789256+01:00" testType="13cdc9d9-ddb5-4fa4-a97d-d965ccfc6d4b" outcome="Passed" testListId="8c84fa94-04c1-424b-9868-57a2d4851a1d" relativeResultsDirectory="6b677705-d90a-4fca-8d6b-8dce33c5657c">
      <Output>
        <StdOut>Debug Trace:&#xD;
Fail: Argument null&#xD;
Fail: Argument null&#xD;
Fail: Argument null</StdOut>
      </Output>
    </UnitTestResult>
    <UnitTestResult executionId="d486feaf-adff-438a-990a-8e87851a25f5" testId="ee236025-a3ef-2b65-68c8-7e82408d2c64" testName="ServerFileStorage_GetStorage_NullID_ArgumentNullException" computerName="DKSR-EFI-06" duration="00:00:00.0013971" startTime="2024-01-09T15:42:09.1070668+01:00" endTime="2024-01-09T15:42:09.1070668+01:00" testType="13cdc9d9-ddb5-4fa4-a97d-d965ccfc6d4b" outcome="Passed" testListId="8c84fa94-04c1-424b-9868-57a2d4851a1d" relativeResultsDirectory="d486feaf-adff-438a-990a-8e87851a25f5" />
    <UnitTestResult executionId="4e7bf7dd-e7c5-49e7-a8e3-19a27c6c224c" testId="927fcf95-531f-3f66-c3c7-cf916d91798a" testName="QueryDeviceEvidenceLockSizesModelTests_Validate_Success" computerName="DKSR-EFI-06" duration="00:00:00.0016427" startTime="2024-01-09T15:42:11.9195744+01:00" endTime="2024-01-09T15:42:11.9195744+01:00" testType="13cdc9d9-ddb5-4fa4-a97d-d965ccfc6d4b" outcome="Passed" testListId="8c84fa94-04c1-424b-9868-57a2d4851a1d" relativeResultsDirectory="4e7bf7dd-e7c5-49e7-a8e3-19a27c6c224c" />
    <UnitTestResult executionId="0d9d7c64-8e26-4b12-aeaf-849746962eee" testId="7f4b45fc-bcbc-cff9-5b5a-d61b84af45ea" testName="Update_XmlHasPassword_PasswordIsTransformed" computerName="DKSR-EFI-06" duration="00:00:00.0007625" startTime="2024-01-09T15:42:28.7320906+01:00" endTime="2024-01-09T15:42:28.7320906+01:00" testType="13cdc9d9-ddb5-4fa4-a97d-d965ccfc6d4b" outcome="Passed" testListId="8c84fa94-04c1-424b-9868-57a2d4851a1d" relativeResultsDirectory="0d9d7c64-8e26-4b12-aeaf-849746962eee" />
    <UnitTestResult executionId="d9e7c69d-04f0-433f-9cb9-effc91db3a77" testId="f8e45d3c-bc2e-c406-bf26-1412484b3765" testName="Validate_PopulateGrid_ValidateWarningSvgIcon_Success" computerName="DKSR-EFI-06" duration="00:00:00.0025199" startTime="2024-01-09T15:42:26.3258385+01:00" endTime="2024-01-09T15:42:26.3258385+01:00" testType="13cdc9d9-ddb5-4fa4-a97d-d965ccfc6d4b" outcome="Passed" testListId="8c84fa94-04c1-424b-9868-57a2d4851a1d" relativeResultsDirectory="d9e7c69d-04f0-433f-9cb9-effc91db3a77" />
    <UnitTestResult executionId="d05ec182-fbd0-448e-9860-74c0227da033" testId="d776dd0e-1b9f-23c9-6c36-ef24ebd3877e" testName="GroupConfigurationAddGroupsFourLevels" computerName="DKSR-EFI-06" duration="00:00:00.0020023" startTime="2024-01-09T15:42:15.2008531+01:00" endTime="2024-01-09T15:42:15.2008531+01:00" testType="13cdc9d9-ddb5-4fa4-a97d-d965ccfc6d4b" outcome="Passed" testListId="8c84fa94-04c1-424b-9868-57a2d4851a1d" relativeResultsDirectory="d05ec182-fbd0-448e-9860-74c0227da033" />
    <UnitTestResult executionId="0b6cd73d-8569-4b91-91e7-c4858926c354" testId="4512c517-1140-ea2e-3ea2-ad7a703260fc" testName="TestIncreaseNumberOfRegionsWithInvalidFactor" computerName="DKSR-EFI-06" duration="00:00:00.0004295" startTime="2024-01-09T15:42:27.9820902+01:00" endTime="2024-01-09T15:42:27.9820902+01:00" testType="13cdc9d9-ddb5-4fa4-a97d-d965ccfc6d4b" outcome="Passed" testListId="8c84fa94-04c1-424b-9868-57a2d4851a1d" relativeResultsDirectory="0b6cd73d-8569-4b91-91e7-c4858926c354" />
    <UnitTestResult executionId="6717cbeb-7315-457e-bd69-3281aaee48e5" testId="7d7b3ed1-b536-e007-4d25-d39cd2343640" testName="HardwareSetupErrorResponseModel_NoValuesSet_ValidationFailure" computerName="DKSR-EFI-06" duration="00:00:00.0017186" startTime="2024-01-09T15:42:12.2789501+01:00" endTime="2024-01-09T15:42:12.2789501+01:00" testType="13cdc9d9-ddb5-4fa4-a97d-d965ccfc6d4b" outcome="Passed" testListId="8c84fa94-04c1-424b-9868-57a2d4851a1d" relativeResultsDirectory="6717cbeb-7315-457e-bd69-3281aaee48e5" />
    <UnitTestResult executionId="1fb93db4-57f8-4aef-9106-9bff146a04a4" testId="77cb843b-3732-90ac-376f-355a10166c3a" testName="Schemes_SerializeAndDeserializeEmptyTest" computerName="DKSR-EFI-06" duration="00:00:00.0159455" startTime="2024-01-09T15:42:26.9039657+01:00" endTime="2024-01-09T15:42:26.9195908+01:00" testType="13cdc9d9-ddb5-4fa4-a97d-d965ccfc6d4b" outcome="Passed" testListId="8c84fa94-04c1-424b-9868-57a2d4851a1d" relativeResultsDirectory="1fb93db4-57f8-4aef-9106-9bff146a04a4" />
    <UnitTestResult executionId="f7656840-c469-4256-ab37-e55ac64e2a70" testId="965058a9-623e-3f67-ec48-3e2a86175441" testName="ServerFileStorageCleanupService_Constructor_NullCheck" computerName="DKSR-EFI-06" duration="00:00:00.0015063" startTime="2024-01-09T15:42:04.7789276+01:00" endTime="2024-01-09T15:42:04.7945535+01:00" testType="13cdc9d9-ddb5-4fa4-a97d-d965ccfc6d4b" outcome="Passed" testListId="8c84fa94-04c1-424b-9868-57a2d4851a1d" relativeResultsDirectory="f7656840-c469-4256-ab37-e55ac64e2a70" />
    <UnitTestResult executionId="101db7db-e0c8-4b49-a4a4-0beb74efdbfd" testId="28b4eabe-a0f3-1367-b991-9614f5f0138f" testName="Call_HttpPost_InvalidParam_ContentTypeNull_ThrowsArgumentNullException" computerName="DKSR-EFI-06" duration="00:00:00.0006559" startTime="2024-01-09T15:42:28.9195897+01:00" endTime="2024-01-09T15:42:28.9352159+01:00" testType="13cdc9d9-ddb5-4fa4-a97d-d965ccfc6d4b" outcome="Passed" testListId="8c84fa94-04c1-424b-9868-57a2d4851a1d" relativeResultsDirectory="101db7db-e0c8-4b49-a4a4-0beb74efdbfd" />
    <UnitTestResult executionId="71674756-095a-46b5-aee7-11afe8d70048" testId="50e69c9f-c2c3-75fa-6a94-ef83d708bdd2" testName="ServiceConnectionStatus_CheckTimeout_RaiseOfflineEvent" computerName="DKSR-EFI-06" duration="00:00:00.0036007" startTime="2024-01-09T15:42:09.2633197+01:00" endTime="2024-01-09T15:42:09.2633197+01:00" testType="13cdc9d9-ddb5-4fa4-a97d-d965ccfc6d4b" outcome="Passed" testListId="8c84fa94-04c1-424b-9868-57a2d4851a1d" relativeResultsDirectory="71674756-095a-46b5-aee7-11afe8d70048" />
    <UnitTestResult executionId="d888aff3-1877-4bc1-badb-fffd92c8a21c" testId="b9c26381-be61-0d48-aaab-d2f8534fc41c" testName="QueryDeviceEvidenceLockSizesResponseModel_NoValuesSet_ValidationFailure" computerName="DKSR-EFI-06" duration="00:00:00.0017248" startTime="2024-01-09T15:42:12.6695761+01:00" endTime="2024-01-09T15:42:12.6852005+01:00" testType="13cdc9d9-ddb5-4fa4-a97d-d965ccfc6d4b" outcome="Passed" testListId="8c84fa94-04c1-424b-9868-57a2d4851a1d" relativeResultsDirectory="d888aff3-1877-4bc1-badb-fffd92c8a21c" />
    <UnitTestResult executionId="d2ef5619-8fcb-4caa-9bc0-13e2c5f6369e" testId="72cd4159-9587-7825-bbb7-2e75ce7e55a6" testName="GenerateReport_InvalidLicenseDocumentArg_ThrowsArgumentNullException" computerName="DKSR-EFI-06" duration="00:00:00.0006944" startTime="2024-01-09T15:42:26.2789650+01:00" endTime="2024-01-09T15:42:26.2789650+01:00" testType="13cdc9d9-ddb5-4fa4-a97d-d965ccfc6d4b" outcome="Passed" testListId="8c84fa94-04c1-424b-9868-57a2d4851a1d" relativeResultsDirectory="d2ef5619-8fcb-4caa-9bc0-13e2c5f6369e" />
    <UnitTestResult executionId="d1f8a782-2c8b-4f81-8de0-85ca79d7b90c" testId="2c38eb3c-edb8-62c6-4b8c-05eb78ccfdcb" testName="CreateHttpUri_NoScheme_UseDefaultPortTrue_BecomesHttpPort80" computerName="DKSR-EFI-06" duration="00:00:00.0001935" startTime="2024-01-09T15:42:29.1852142+01:00" endTime="2024-01-09T15:42:29.1852142+01:00" testType="13cdc9d9-ddb5-4fa4-a97d-d965ccfc6d4b" outcome="Passed" testListId="8c84fa94-04c1-424b-9868-57a2d4851a1d" relativeResultsDirectory="d1f8a782-2c8b-4f81-8de0-85ca79d7b90c" />
    <UnitTestResult executionId="6c63100f-86a3-42a0-85ff-ce9438184ff9" testId="be8725ff-af8f-b1a5-1ead-818d159b9d06" testName="DataSetUtility_UpdateLastModified_UnnamedDataSet_DevicePrivacyMask_LastModified_Changed" computerName="DKSR-EFI-06" duration="00:00:00.0161948" startTime="2024-01-09T15:42:03.1851684+01:00" endTime="2024-01-09T15:42:03.2007963+01:00" testType="13cdc9d9-ddb5-4fa4-a97d-d965ccfc6d4b" outcome="Passed" testListId="8c84fa94-04c1-424b-9868-57a2d4851a1d" relativeResultsDirectory="6c63100f-86a3-42a0-85ff-ce9438184ff9" />
    <UnitTestResult executionId="c1726815-fa58-4835-9463-a7a7aefe2e4d" testId="d37396c4-706b-954c-813b-c11650de9149" testName="CheckAllMIPFiltersKindsTestOk1" computerName="DKSR-EFI-06" duration="00:00:00.0027229" startTime="2024-01-09T15:42:15.3570850+01:00" endTime="2024-01-09T15:42:15.3570850+01:00" testType="13cdc9d9-ddb5-4fa4-a97d-d965ccfc6d4b" outcome="Passed" testListId="8c84fa94-04c1-424b-9868-57a2d4851a1d" relativeResultsDirectory="c1726815-fa58-4835-9463-a7a7aefe2e4d" />
    <UnitTestResult executionId="b06f0df5-1632-4339-a8b1-834078eb62a1" testId="119397cd-d70f-a4d1-b4e5-13839acd1c1a" testName="LicenseActivationService_AcquireLicense_InternalServerError" computerName="DKSR-EFI-06" duration="00:00:00.0019944" startTime="2024-01-09T15:42:18.7789613+01:00" endTime="2024-01-09T15:42:18.7789613+01:00" testType="13cdc9d9-ddb5-4fa4-a97d-d965ccfc6d4b" outcome="Passed" testListId="8c84fa94-04c1-424b-9868-57a2d4851a1d" relativeResultsDirectory="b06f0df5-1632-4339-a8b1-834078eb62a1" />
    <UnitTestResult executionId="38163f4c-f050-423c-ac1d-a849ec07ce2a" testId="132fb741-b774-7c99-6c3f-97a7e4f0a892" testName="FormatAuthority__BeforeValueIsIpWithPort_FormattedUriHasPort" computerName="DKSR-EFI-06" duration="00:00:00.0005182" startTime="2024-01-09T15:42:04.1226728+01:00" endTime="2024-01-09T15:42:04.1226728+01:00" testType="13cdc9d9-ddb5-4fa4-a97d-d965ccfc6d4b" outcome="Passed" testListId="8c84fa94-04c1-424b-9868-57a2d4851a1d" relativeResultsDirectory="38163f4c-f050-423c-ac1d-a849ec07ce2a" />
    <UnitTestResult executionId="df3ed6a9-14ec-407d-83e6-33246487970f" testId="5a9790d2-e1ee-ca82-aad1-0f90112fc2a3" testName="Send_InvalidOperationExceptionThrown_ExceptionLoggedAndDefaultValueReturned" computerName="DKSR-EFI-06" duration="00:00:00.0030486" startTime="2024-01-09T15:42:01.4664119+01:00" endTime="2024-01-09T15:42:01.4820363+01:00" testType="13cdc9d9-ddb5-4fa4-a97d-d965ccfc6d4b" outcome="Passed" testListId="8c84fa94-04c1-424b-9868-57a2d4851a1d" relativeResultsDirectory="df3ed6a9-14ec-407d-83e6-33246487970f" />
    <UnitTestResult executionId="9e49a1e9-1a96-4ac3-a02f-3b409e224491" testId="e26f4201-f75a-1586-7de9-98e66dbcbc84" testName="CheckAllMIPFiltersNullParameter1" computerName="DKSR-EFI-06" duration="00:00:00.0008162" startTime="2024-01-09T15:42:15.3883330+01:00" endTime="2024-01-09T15:42:15.3883330+01:00" testType="13cdc9d9-ddb5-4fa4-a97d-d965ccfc6d4b" outcome="Passed" testListId="8c84fa94-04c1-424b-9868-57a2d4851a1d" relativeResultsDirectory="9e49a1e9-1a96-4ac3-a02f-3b409e224491" />
    <UnitTestResult executionId="961ab1fc-327f-4ec7-a416-eb98c08d1e3c" testId="58009c76-a7f8-ab75-d0ee-0e2850e4cba7" testName="ActivateArchiveModel_Validation_NonEmptyGuidsAreEmpty_Failed" computerName="DKSR-EFI-06" duration="00:00:00.0017623" startTime="2024-01-09T15:42:11.4195738+01:00" endTime="2024-01-09T15:42:11.4195738+01:00" testType="13cdc9d9-ddb5-4fa4-a97d-d965ccfc6d4b" outcome="Passed" testListId="8c84fa94-04c1-424b-9868-57a2d4851a1d" relativeResultsDirectory="961ab1fc-327f-4ec7-a416-eb98c08d1e3c" />
    <UnitTestResult executionId="05d8a08c-7998-4e66-9641-c879626b5370" testId="b14b75d3-0232-b49c-3438-c0a1d5683317" testName="Construct_LicenseActivationService_HttpHostInvalid_ThrowsArgumentNullException" computerName="DKSR-EFI-06" duration="00:00:00.0006257" startTime="2024-01-09T15:42:18.5445852+01:00" endTime="2024-01-09T15:42:18.5445852+01:00" testType="13cdc9d9-ddb5-4fa4-a97d-d965ccfc6d4b" outcome="Passed" testListId="8c84fa94-04c1-424b-9868-57a2d4851a1d" relativeResultsDirectory="05d8a08c-7998-4e66-9641-c879626b5370" />
    <UnitTestResult executionId="ee97a771-7526-44ea-8df1-bbe52a487897" testId="aff89e7a-22e7-3b3e-1ce8-459408217c65" testName="WhiteList_IsModelWhiteListed_HWWith12CH_ModelMaxChannelCountIs16GlobalMaxChannelCountIs10_ReturnsTrue" computerName="DKSR-EFI-06" duration="00:00:00.0006452" startTime="2024-01-09T15:42:26.4664642+01:00" endTime="2024-01-09T15:42:26.4664642+01:00" testType="13cdc9d9-ddb5-4fa4-a97d-d965ccfc6d4b" outcome="Passed" testListId="8c84fa94-04c1-424b-9868-57a2d4851a1d" relativeResultsDirectory="ee97a771-7526-44ea-8df1-bbe52a487897" />
    <UnitTestResult executionId="456eb35c-2317-4c4d-9cd7-0683c553e982" testId="9c54aa12-fd89-c33f-e419-3ea044930a92" testName="LicenseCalculationResult_Validate_Null_HardwareName_ConvertsToStringEmpty" computerName="DKSR-EFI-06" duration="00:00:00.0002632" startTime="2024-01-09T15:42:18.7945866+01:00" endTime="2024-01-09T15:42:18.7945866+01:00" testType="13cdc9d9-ddb5-4fa4-a97d-d965ccfc6d4b" outcome="Passed" testListId="8c84fa94-04c1-424b-9868-57a2d4851a1d" relativeResultsDirectory="456eb35c-2317-4c4d-9cd7-0683c553e982" />
    <UnitTestResult executionId="7e5f9a63-afaf-4293-8256-b2fb15c28782" testId="5f5ad44f-fb33-632b-1ec5-5b33da5768be" testName="SystemSettingTableAdapter_Decrypt_Success" computerName="DKSR-EFI-06" duration="00:00:00.0100668" startTime="2024-01-09T15:42:28.6070891+01:00" endTime="2024-01-09T15:42:28.6227160+01:00" testType="13cdc9d9-ddb5-4fa4-a97d-d965ccfc6d4b" outcome="Passed" testListId="8c84fa94-04c1-424b-9868-57a2d4851a1d" relativeResultsDirectory="7e5f9a63-afaf-4293-8256-b2fb15c28782" />
    <UnitTestResult executionId="d8f08ac8-694c-4581-aa96-d6ee295595f0" testId="0d129f65-608c-48fe-7bbe-617ecdfce641" testName="LicenseDocument_Constructor_ThrowsArgumentNullException_OnEmptyStringParam" computerName="DKSR-EFI-06" duration="00:00:00.0006216" startTime="2024-01-09T15:42:25.9977138+01:00" endTime="2024-01-09T15:42:25.9977138+01:00" testType="13cdc9d9-ddb5-4fa4-a97d-d965ccfc6d4b" outcome="Passed" testListId="8c84fa94-04c1-424b-9868-57a2d4851a1d" relativeResultsDirectory="d8f08ac8-694c-4581-aa96-d6ee295595f0" />
    <UnitTestResult executionId="e12f6ac6-03b6-4789-bff3-61d7bab7852e" testId="db90cdae-a1b2-7ef2-1d5f-4ab928bf4951" testName="Construct_LicenseActivationService_Success" computerName="DKSR-EFI-06" duration="00:00:00.0001937" startTime="2024-01-09T15:42:18.5445852+01:00" endTime="2024-01-09T15:42:18.5445852+01:00" testType="13cdc9d9-ddb5-4fa4-a97d-d965ccfc6d4b" outcome="Passed" testListId="8c84fa94-04c1-424b-9868-57a2d4851a1d" relativeResultsDirectory="e12f6ac6-03b6-4789-bff3-61d7bab7852e" />
    <UnitTestResult executionId="c449f56e-4fdd-4a2b-8305-8791db7cf9ae" testId="9ba4c605-3db2-635c-6ef2-1a1621029992" testName="Test_Members_SimpleBranched" computerName="DKSR-EFI-06" duration="00:00:00.0016021" startTime="2024-01-09T15:42:29.6070904+01:00" endTime="2024-01-09T15:42:29.6070904+01:00" testType="13cdc9d9-ddb5-4fa4-a97d-d965ccfc6d4b" outcome="Passed" testListId="8c84fa94-04c1-424b-9868-57a2d4851a1d" relativeResultsDirectory="c449f56e-4fdd-4a2b-8305-8791db7cf9ae" />
    <UnitTestResult executionId="35d8431c-05fa-43ac-a664-7ba5cdadc546" testId="614b25d2-4e64-81da-811c-e98afd41cfa9" testName="CertificateSelection2_FromCertificateHash_GoodHash_DoesNotReturnNoSelection" computerName="DKSR-EFI-06" duration="00:00:00.0003667" startTime="2024-01-09T15:42:29.4508396+01:00" endTime="2024-01-09T15:42:29.4508396+01:00" testType="13cdc9d9-ddb5-4fa4-a97d-d965ccfc6d4b" outcome="Passed" testListId="8c84fa94-04c1-424b-9868-57a2d4851a1d" relativeResultsDirectory="35d8431c-05fa-43ac-a664-7ba5cdadc546" />
    <UnitTestResult executionId="1309280d-4fba-4eda-90f6-fe789b5fc759" testId="570cf49d-26a6-95e2-438c-089ddd4d2611" testName="FeatureManager_GetFeatureParameterValueT_Guid_Valid_Value" computerName="DKSR-EFI-06" duration="00:00:00.0004990" startTime="2024-01-09T15:42:18.2945834+01:00" endTime="2024-01-09T15:42:18.2945834+01:00" testType="13cdc9d9-ddb5-4fa4-a97d-d965ccfc6d4b" outcome="Passed" testListId="8c84fa94-04c1-424b-9868-57a2d4851a1d" relativeResultsDirectory="1309280d-4fba-4eda-90f6-fe789b5fc759" />
    <UnitTestResult executionId="d0906d51-03c5-4bc9-b203-bb9ab0c16c34" testId="2aeb6082-964c-c7ba-b810-10d68371df21" testName="Send_NoError_TaskIsExecutedAndCorrectResponseReceived" computerName="DKSR-EFI-06" duration="00:00:00.0486102" startTime="2024-01-09T15:42:01.1851598+01:00" endTime="2024-01-09T15:42:01.2320334+01:00" testType="13cdc9d9-ddb5-4fa4-a97d-d965ccfc6d4b" outcome="Passed" testListId="8c84fa94-04c1-424b-9868-57a2d4851a1d" relativeResultsDirectory="d0906d51-03c5-4bc9-b203-bb9ab0c16c34" />
    <UnitTestResult executionId="6152ad82-4031-4e62-af9e-53742619331f" testId="7d73819b-52be-a083-7d5b-131c90c6cd56" testName="WhiteList_IsDriverWhitelistedOnUnlistedDrivers_ReturnsFalse" computerName="DKSR-EFI-06" duration="00:00:00.0007552" startTime="2024-01-09T15:42:26.3883401+01:00" endTime="2024-01-09T15:42:26.3883401+01:00" testType="13cdc9d9-ddb5-4fa4-a97d-d965ccfc6d4b" outcome="Passed" testListId="8c84fa94-04c1-424b-9868-57a2d4851a1d" relativeResultsDirectory="6152ad82-4031-4e62-af9e-53742619331f" />
    <UnitTestResult executionId="46a0c7af-351e-4a88-8d49-876c045c5db9" testId="d58b10c0-7bb1-d2e3-962a-3f9a53f47417" testName="BulkProcessor_EnqueueOneItemMultipleTimes_ItemsAreProcessedOneByOne" computerName="DKSR-EFI-06" duration="00:00:00.0074350" startTime="2024-01-09T15:42:17.4664596+01:00" endTime="2024-01-09T15:42:17.4820837+01:00" testType="13cdc9d9-ddb5-4fa4-a97d-d965ccfc6d4b" outcome="Passed" testListId="8c84fa94-04c1-424b-9868-57a2d4851a1d" relativeResultsDirectory="46a0c7af-351e-4a88-8d49-876c045c5db9" />
    <UnitTestResult executionId="133f03b4-41ec-4c9b-acd5-a01bf556fd4c" testId="e97ae24f-ac2f-4345-2c2a-54c942d7e945" testName="ProcessMessage_Command_NotBulkable" computerName="DKSR-EFI-06" duration="00:00:00.0063858" startTime="2024-01-09T15:42:17.5914584+01:00" endTime="2024-01-09T15:42:17.5914584+01:00" testType="13cdc9d9-ddb5-4fa4-a97d-d965ccfc6d4b" outcome="Passed" testListId="8c84fa94-04c1-424b-9868-57a2d4851a1d" relativeResultsDirectory="133f03b4-41ec-4c9b-acd5-a01bf556fd4c" />
    <UnitTestResult executionId="9025e42b-03e0-4c52-b0da-c0545b294d65" testId="276fa930-eaef-9c23-a1f1-181422ff1972" testName="ReadChildElementValueAsUInt64_InvalidData_NegativeNumber" computerName="DKSR-EFI-06" duration="00:00:00.0004069" startTime="2024-01-09T15:42:04.0914257+01:00" endTime="2024-01-09T15:42:04.0914257+01:00" testType="13cdc9d9-ddb5-4fa4-a97d-d965ccfc6d4b" outcome="Passed" testListId="8c84fa94-04c1-424b-9868-57a2d4851a1d" relativeResultsDirectory="9025e42b-03e0-4c52-b0da-c0545b294d65" />
    <UnitTestResult executionId="f2acf807-2db1-42d7-ac14-f62e1ebcde8d" testId="f61aa4ea-5d02-860f-5b68-3190614555ab" testName="HttpClientCommunicatorWrapper_SendAsyncTObj_Success" computerName="DKSR-EFI-06" duration="00:00:00.0030880" startTime="2024-01-09T15:42:11.3414526+01:00" endTime="2024-01-09T15:42:11.3414526+01:00" testType="13cdc9d9-ddb5-4fa4-a97d-d965ccfc6d4b" outcome="Passed" testListId="8c84fa94-04c1-424b-9868-57a2d4851a1d" relativeResultsDirectory="f2acf807-2db1-42d7-ac14-f62e1ebcde8d" />
    <UnitTestResult executionId="f1ba65e0-ed55-41db-b211-80ba96a58aed" testId="c1426c9a-c6b9-d2a8-9060-49b1d7b4553b" testName="ScheduledTimeReachedFunctionOneSecondAfterTriggerTimeTest" computerName="DKSR-EFI-06" duration="00:00:00.0004153" startTime="2024-01-09T15:42:15.4352049+01:00" endTime="2024-01-09T15:42:15.4352049+01:00" testType="13cdc9d9-ddb5-4fa4-a97d-d965ccfc6d4b" outcome="Passed" testListId="8c84fa94-04c1-424b-9868-57a2d4851a1d" relativeResultsDirectory="f1ba65e0-ed55-41db-b211-80ba96a58aed" />
    <UnitTestResult executionId="878d12a6-bde0-43d6-b520-39f259ae058d" testId="a09877a3-2e7a-2013-5f63-728327952c1b" testName="HttpClientCommunicatorWrapper_SendTRet_Success" computerName="DKSR-EFI-06" duration="00:00:00.0031285" startTime="2024-01-09T15:42:11.3414526+01:00" endTime="2024-01-09T15:42:11.3570735+01:00" testType="13cdc9d9-ddb5-4fa4-a97d-d965ccfc6d4b" outcome="Passed" testListId="8c84fa94-04c1-424b-9868-57a2d4851a1d" relativeResultsDirectory="878d12a6-bde0-43d6-b520-39f259ae058d" />
    <UnitTestResult executionId="64bfb94a-06ce-4421-9989-2b95ea50d548" testId="a2e081e8-4047-25ab-0438-a7e5e3258edc" testName="ModelValidation_NonEmptyGuidsAreEmpty_Failed" computerName="DKSR-EFI-06" duration="00:00:00.0017950" startTime="2024-01-09T15:42:11.7945730+01:00" endTime="2024-01-09T15:42:11.7945730+01:00" testType="13cdc9d9-ddb5-4fa4-a97d-d965ccfc6d4b" outcome="Passed" testListId="8c84fa94-04c1-424b-9868-57a2d4851a1d" relativeResultsDirectory="64bfb94a-06ce-4421-9989-2b95ea50d548" />
    <UnitTestResult executionId="e9d5c8ed-4e11-4415-b6f4-8e7e9babae3c" testId="e383c712-b012-a5d0-3339-d1060b601c1b" testName="FeatureManager_HasLicense_WithoutLicense_ReturnFalse" computerName="DKSR-EFI-06" duration="00:00:00.0002490" startTime="2024-01-09T15:42:18.3414615+01:00" endTime="2024-01-09T15:42:18.3414615+01:00" testType="13cdc9d9-ddb5-4fa4-a97d-d965ccfc6d4b" outcome="Passed" testListId="8c84fa94-04c1-424b-9868-57a2d4851a1d" relativeResultsDirectory="e9d5c8ed-4e11-4415-b6f4-8e7e9babae3c" />
    <UnitTestResult executionId="d76c0c64-4a56-4fdc-a736-b8804aba4891" testId="0f71beb8-8234-9e66-2883-a16e9eed4485" testName="TestMergeGridAreaWithNonIntegerScalingFactorSecondAreaLarger" computerName="DKSR-EFI-06" duration="00:00:00.0004552" startTime="2024-01-09T15:42:27.8883410+01:00" endTime="2024-01-09T15:42:27.8883410+01:00" testType="13cdc9d9-ddb5-4fa4-a97d-d965ccfc6d4b" outcome="Passed" testListId="8c84fa94-04c1-424b-9868-57a2d4851a1d" relativeResultsDirectory="d76c0c64-4a56-4fdc-a736-b8804aba4891" />
    <UnitTestResult executionId="df3ef9f5-05cb-4a65-8893-ec8133306de8" testId="3989b743-87a0-8a10-8f96-8667b762d36d" testName="ReadIdentitiesFromCache_GetSomeFromCache" computerName="DKSR-EFI-06" duration="00:00:00.0010165" startTime="2024-01-09T15:42:29.6852141+01:00" endTime="2024-01-09T15:42:29.6852141+01:00" testType="13cdc9d9-ddb5-4fa4-a97d-d965ccfc6d4b" outcome="Passed" testListId="8c84fa94-04c1-424b-9868-57a2d4851a1d" relativeResultsDirectory="df3ef9f5-05cb-4a65-8893-ec8133306de8" />
    <UnitTestResult executionId="1a50ecf5-5eea-4a61-8de6-c70a66ccd35d" testId="7ba31baf-48d0-73d7-0128-b14ca25f62b0" testName="ConvertStringToPort_Port80_Returns80" computerName="DKSR-EFI-06" duration="00:00:00.0001249" startTime="2024-01-09T15:42:29.2789651+01:00" endTime="2024-01-09T15:42:29.2789651+01:00" testType="13cdc9d9-ddb5-4fa4-a97d-d965ccfc6d4b" outcome="Passed" testListId="8c84fa94-04c1-424b-9868-57a2d4851a1d" relativeResultsDirectory="1a50ecf5-5eea-4a61-8de6-c70a66ccd35d" />
    <UnitTestResult executionId="59658141-d719-4eba-8197-2970a7933e8f" testId="37dea49a-b52b-ae1d-b76e-4cf26b121918" testName="CreateHttpUri_HttpsDefaultPort_UsePort0_BecomesHttpPort0" computerName="DKSR-EFI-06" duration="00:00:00.0007665" startTime="2024-01-09T15:42:29.1852142+01:00" endTime="2024-01-09T15:42:29.1852142+01:00" testType="13cdc9d9-ddb5-4fa4-a97d-d965ccfc6d4b" outcome="Passed" testListId="8c84fa94-04c1-424b-9868-57a2d4851a1d" relativeResultsDirectory="59658141-d719-4eba-8197-2970a7933e8f" />
    <UnitTestResult executionId="d51d5ca3-3ca6-414c-9cce-47890e188fb1" testId="b74f2889-3d4b-c5bd-339c-e731c9bd4104" testName="GetPresetByKey_ByIdNoMatch" computerName="DKSR-EFI-06" duration="00:00:00.0003286" startTime="2024-01-09T15:42:04.6070510+01:00" endTime="2024-01-09T15:42:04.6070510+01:00" testType="13cdc9d9-ddb5-4fa4-a97d-d965ccfc6d4b" outcome="Passed" testListId="8c84fa94-04c1-424b-9868-57a2d4851a1d" relativeResultsDirectory="d51d5ca3-3ca6-414c-9cce-47890e188fb1" />
    <UnitTestResult executionId="4791f3b0-1a59-4622-b202-50a5067c1cd4" testId="ff051a78-1ed7-0693-1c8c-ec554b972657" testName="DatabaseResponseDiskUsageModel_Validate_Success" computerName="DKSR-EFI-06" duration="00:00:00.0050853" startTime="2024-01-09T15:42:10.5289456+01:00" endTime="2024-01-09T15:42:10.5289456+01:00" testType="13cdc9d9-ddb5-4fa4-a97d-d965ccfc6d4b" outcome="Passed" testListId="8c84fa94-04c1-424b-9868-57a2d4851a1d" relativeResultsDirectory="4791f3b0-1a59-4622-b202-50a5067c1cd4" />
    <UnitTestResult executionId="9381c703-bb44-4e4d-a4cb-4bf4d97a646b" testId="acb75f21-d78a-1ad7-20b2-f18a1ce3ed5b" testName="ReadAttributeAsInt32_RangeCheck_Min" computerName="DKSR-EFI-06" duration="00:00:00.0015171" startTime="2024-01-09T15:42:03.9664241+01:00" endTime="2024-01-09T15:42:03.9664241+01:00" testType="13cdc9d9-ddb5-4fa4-a97d-d965ccfc6d4b" outcome="Passed" testListId="8c84fa94-04c1-424b-9868-57a2d4851a1d" relativeResultsDirectory="9381c703-bb44-4e4d-a4cb-4bf4d97a646b" />
    <UnitTestResult executionId="20c67970-4551-4002-b8de-9461ad62433d" testId="bcddb465-d4df-8ce2-78ba-0d4593ba74d4" testName="PinkOemResourcesTest" computerName="DKSR-EFI-06" duration="00:00:00.5536285" startTime="2024-01-09T15:42:16.9195833+01:00" endTime="2024-01-09T15:42:17.4664596+01:00" testType="13cdc9d9-ddb5-4fa4-a97d-d965ccfc6d4b" outcome="Passed" testListId="8c84fa94-04c1-424b-9868-57a2d4851a1d" relativeResultsDirectory="20c67970-4551-4002-b8de-9461ad62433d" />
    <UnitTestResult executionId="7dbaecb6-b3bf-4406-84dc-76d051142ac8" testId="346eba0b-3fe1-729b-0dab-a339275e6271" testName="StreamsConfiguration_EnsureLiveDefaultAndRecordTreads_No_Record_DefaultLive_Selected" computerName="DKSR-EFI-06" duration="00:00:00.0083082" startTime="2024-01-09T15:42:10.1539483+01:00" endTime="2024-01-09T15:42:10.1695713+01:00" testType="13cdc9d9-ddb5-4fa4-a97d-d965ccfc6d4b" outcome="Passed" testListId="8c84fa94-04c1-424b-9868-57a2d4851a1d" relativeResultsDirectory="7dbaecb6-b3bf-4406-84dc-76d051142ac8" />
    <UnitTestResult executionId="81dbdfc3-5870-471c-9fc2-661d089340c4" testId="57da0f68-7023-b63f-5b58-1dce319ffd16" testName="CreateHttpUri_HttpsDefaultPort_UseDefaultPortFalse_BecomesHttpPort80" computerName="DKSR-EFI-06" duration="00:00:00.0001960" startTime="2024-01-09T15:42:29.1695901+01:00" endTime="2024-01-09T15:42:29.1695901+01:00" testType="13cdc9d9-ddb5-4fa4-a97d-d965ccfc6d4b" outcome="Passed" testListId="8c84fa94-04c1-424b-9868-57a2d4851a1d" relativeResultsDirectory="81dbdfc3-5870-471c-9fc2-661d089340c4" />
    <UnitTestResult executionId="675d3f45-10d6-408e-8d65-0bf65bab6c80" testId="0499f8db-8814-0463-5a65-b7916eed98ff" testName="GetPresetByKey_ByNumberNoMatch" computerName="DKSR-EFI-06" duration="00:00:00.0002095" startTime="2024-01-09T15:42:04.6226771+01:00" endTime="2024-01-09T15:42:04.6226771+01:00" testType="13cdc9d9-ddb5-4fa4-a97d-d965ccfc6d4b" outcome="Passed" testListId="8c84fa94-04c1-424b-9868-57a2d4851a1d" relativeResultsDirectory="675d3f45-10d6-408e-8d65-0bf65bab6c80" />
    <UnitTestResult executionId="cec00e8e-24b3-4fc1-b84d-c333475fa4a5" testId="e595add4-bcda-a0a0-dd12-662be2763166" testName="ReadAttributeAsBoolean_InvalidData" computerName="DKSR-EFI-06" duration="00:00:00.0004180" startTime="2024-01-09T15:42:03.9039210+01:00" endTime="2024-01-09T15:42:03.9039210+01:00" testType="13cdc9d9-ddb5-4fa4-a97d-d965ccfc6d4b" outcome="Passed" testListId="8c84fa94-04c1-424b-9868-57a2d4851a1d" relativeResultsDirectory="cec00e8e-24b3-4fc1-b84d-c333475fa4a5" />
    <UnitTestResult executionId="f788703c-5c96-4580-97aa-fab13154a755" testId="aee14421-254e-91f0-aee7-822e2c77dcaf" testName="ReadIdentityFromCache_GetIdentityFromCache" computerName="DKSR-EFI-06" duration="00:00:00.0020265" startTime="2024-01-09T15:42:29.6695891+01:00" endTime="2024-01-09T15:42:29.6695891+01:00" testType="13cdc9d9-ddb5-4fa4-a97d-d965ccfc6d4b" outcome="Passed" testListId="8c84fa94-04c1-424b-9868-57a2d4851a1d" relativeResultsDirectory="f788703c-5c96-4580-97aa-fab13154a755" />
    <UnitTestResult executionId="7991310f-99f2-4642-917a-28edb6be9884" testId="9722fc3f-ffbb-0af0-c32b-f61197bc1583" testName="Encrypt_DataSetHasUnchangedRow_DataSetIsNotChanged" computerName="DKSR-EFI-06" duration="00:00:00.0020968" startTime="2024-01-09T15:42:28.1852142+01:00" endTime="2024-01-09T15:42:28.1852142+01:00" testType="13cdc9d9-ddb5-4fa4-a97d-d965ccfc6d4b" outcome="Passed" testListId="8c84fa94-04c1-424b-9868-57a2d4851a1d" relativeResultsDirectory="7991310f-99f2-4642-917a-28edb6be9884" />
    <UnitTestResult executionId="89c1a6d0-d79b-40cb-ac42-8e21dbd1c8f4" testId="4e64cd4b-8460-795a-a6d1-2ef8580cfe6b" testName="Verify_BuiltInEventTypes_Are_SNMP_Mapped" computerName="DKSR-EFI-06" duration="00:00:00.0032707" startTime="2024-01-09T15:42:26.9352149+01:00" endTime="2024-01-09T15:42:26.9352149+01:00" testType="13cdc9d9-ddb5-4fa4-a97d-d965ccfc6d4b" outcome="Passed" testListId="8c84fa94-04c1-424b-9868-57a2d4851a1d" relativeResultsDirectory="89c1a6d0-d79b-40cb-ac42-8e21dbd1c8f4" />
    <UnitTestResult executionId="a23de25c-1ab5-4535-8742-6229c25f3386" testId="0cdc9156-e241-29c7-9c82-8f6c7d7b3ba1" testName="FormatAuthority_BeforeValueIsWithoutPort_FormattedUriIsWithoutPort" computerName="DKSR-EFI-06" duration="00:00:00.0040563" startTime="2024-01-09T15:42:04.1226728+01:00" endTime="2024-01-09T15:42:04.1226728+01:00" testType="13cdc9d9-ddb5-4fa4-a97d-d965ccfc6d4b" outcome="Passed" testListId="8c84fa94-04c1-424b-9868-57a2d4851a1d" relativeResultsDirectory="a23de25c-1ab5-4535-8742-6229c25f3386" />
    <UnitTestResult executionId="80f917bc-9a2e-4909-b521-f09adcecb9fe" testId="b883da1f-1bae-51fc-0cfe-8a9b346f1545" testName="ModelValidation_ValidModel_Success" computerName="DKSR-EFI-06" duration="00:00:00.0013012" startTime="2024-01-09T15:42:12.1695760+01:00" endTime="2024-01-09T15:42:12.1695760+01:00" testType="13cdc9d9-ddb5-4fa4-a97d-d965ccfc6d4b" outcome="Passed" testListId="8c84fa94-04c1-424b-9868-57a2d4851a1d" relativeResultsDirectory="80f917bc-9a2e-4909-b521-f09adcecb9fe" />
    <UnitTestResult executionId="eed9fd75-dbe0-4576-9672-e110757e59fd" testId="6aa0d825-352e-12e2-e9d6-4b6970a56970" testName="ExecuteRuleActionModel_RequiredPropertiesAreNull_Failed" computerName="DKSR-EFI-06" duration="00:00:00.0035477" startTime="2024-01-09T15:42:12.3883261+01:00" endTime="2024-01-09T15:42:12.3883261+01:00" testType="13cdc9d9-ddb5-4fa4-a97d-d965ccfc6d4b" outcome="Passed" testListId="8c84fa94-04c1-424b-9868-57a2d4851a1d" relativeResultsDirectory="eed9fd75-dbe0-4576-9672-e110757e59fd" />
    <UnitTestResult executionId="3e3f78ab-436f-41c1-b9fe-d651621b7d43" testId="696e11a1-5e0c-2d42-2d8d-8b4a1a32ac32" testName="GetReplacementLimit_ReturnsProperValues_OnReplacementLimitInLicense" computerName="DKSR-EFI-06" duration="00:00:00.0022679" startTime="2024-01-09T15:42:26.1070914+01:00" endTime="2024-01-09T15:42:26.1070914+01:00" testType="13cdc9d9-ddb5-4fa4-a97d-d965ccfc6d4b" outcome="Passed" testListId="8c84fa94-04c1-424b-9868-57a2d4851a1d" relativeResultsDirectory="3e3f78ab-436f-41c1-b9fe-d651621b7d43" />
    <UnitTestResult executionId="d4207ee0-dc40-413f-9dd9-03d83ab05eec" testId="587df245-1c49-9c48-2cfe-e0f6292e9a0b" testName="CreateResponseException_InternalServerErrorStatus_InternalServerErrorException" computerName="DKSR-EFI-06" duration="00:00:00.0009945" startTime="2024-01-09T15:42:12.8258276+01:00" endTime="2024-01-09T15:42:12.8258276+01:00" testType="13cdc9d9-ddb5-4fa4-a97d-d965ccfc6d4b" outcome="Passed" testListId="8c84fa94-04c1-424b-9868-57a2d4851a1d" relativeResultsDirectory="d4207ee0-dc40-413f-9dd9-03d83ab05eec" />
    <UnitTestResult executionId="12fab26a-a919-4817-ab6b-adf6189af0f4" testId="8fe7098d-89ed-03ab-9d4e-6890a79e2249" testName="ReadAttributeAsBoolean_NameNull" computerName="DKSR-EFI-06" duration="00:00:00.0007866" startTime="2024-01-09T15:42:03.9039210+01:00" endTime="2024-01-09T15:42:03.9195486+01:00" testType="13cdc9d9-ddb5-4fa4-a97d-d965ccfc6d4b" outcome="Passed" testListId="8c84fa94-04c1-424b-9868-57a2d4851a1d" relativeResultsDirectory="12fab26a-a919-4817-ab6b-adf6189af0f4" />
    <UnitTestResult executionId="10818e2d-12b5-44fa-95bc-a8b2f4b30b9d" testId="4778ba7d-c1cd-e2b9-8b26-f1a8ebd138db" testName="CreateHttpUri_HttpsDefaultPort_UsePort65535_BecomesHttpPort65535" computerName="DKSR-EFI-06" duration="00:00:00.0001918" startTime="2024-01-09T15:42:29.1852142+01:00" endTime="2024-01-09T15:42:29.1852142+01:00" testType="13cdc9d9-ddb5-4fa4-a97d-d965ccfc6d4b" outcome="Passed" testListId="8c84fa94-04c1-424b-9868-57a2d4851a1d" relativeResultsDirectory="10818e2d-12b5-44fa-95bc-a8b2f4b30b9d" />
    <UnitTestResult executionId="abb83943-62de-4e50-9d3a-04315c03a22d" testId="6eef128e-2629-28c4-294e-caa9abfe1e77" testName="DecryptingActivationCredentialsSystemSetting" computerName="DKSR-EFI-06" duration="00:00:00.0008145" startTime="2024-01-09T15:42:28.6852148+01:00" endTime="2024-01-09T15:42:28.6852148+01:00" testType="13cdc9d9-ddb5-4fa4-a97d-d965ccfc6d4b" outcome="Passed" testListId="8c84fa94-04c1-424b-9868-57a2d4851a1d" relativeResultsDirectory="abb83943-62de-4e50-9d3a-04315c03a22d" />
    <UnitTestResult executionId="057a8b37-f13a-44a6-8dfe-57898c603321" testId="7acd33de-a768-4317-b8ff-7e2c3b59ddd9" testName="ModelValidation_ValidModel_Success" computerName="DKSR-EFI-06" duration="00:00:00.0008205" startTime="2024-01-09T15:42:12.1852017+01:00" endTime="2024-01-09T15:42:12.1852017+01:00" testType="13cdc9d9-ddb5-4fa4-a97d-d965ccfc6d4b" outcome="Passed" testListId="8c84fa94-04c1-424b-9868-57a2d4851a1d" relativeResultsDirectory="057a8b37-f13a-44a6-8dfe-57898c603321" />
    <UnitTestResult executionId="3aec8091-8823-47f5-95d4-139a6ae45f9b" testId="593585a6-465f-1c6a-563c-a1e9a0b919bc" testName="LicenseActivationService_AcquireLicense_LicenseNotAllowed_ToManyHardwareRequested" computerName="DKSR-EFI-06" duration="00:00:00.0021339" startTime="2024-01-09T15:42:18.7633353+01:00" endTime="2024-01-09T15:42:18.7633353+01:00" testType="13cdc9d9-ddb5-4fa4-a97d-d965ccfc6d4b" outcome="Passed" testListId="8c84fa94-04c1-424b-9868-57a2d4851a1d" relativeResultsDirectory="3aec8091-8823-47f5-95d4-139a6ae45f9b" />
    <UnitTestResult executionId="db63a43f-9b42-4b25-abb0-9e35e33f4918" testId="d1f6ebcd-23a6-1f36-1b44-9c7daaeece12" testName="CreateCreateHardwareLicenseCountEvaluator_ChannelLicensing_Returns_ValidIHardwareLicenseCountEvaluator" computerName="DKSR-EFI-06" duration="00:00:00.0004216" startTime="2024-01-09T15:42:26.2789650+01:00" endTime="2024-01-09T15:42:26.2789650+01:00" testType="13cdc9d9-ddb5-4fa4-a97d-d965ccfc6d4b" outcome="Passed" testListId="8c84fa94-04c1-424b-9868-57a2d4851a1d" relativeResultsDirectory="db63a43f-9b42-4b25-abb0-9e35e33f4918" />
    <UnitTestResult executionId="3daa1293-d973-41e2-b432-67648653fe2b" testId="37f295ea-a71c-767d-60f9-6996f22b64ec" testName="LicenseVersionValidateTest" computerName="DKSR-EFI-06" duration="00:00:00.1663686" startTime="2024-01-09T15:42:16.2008343+01:00" endTime="2024-01-09T15:42:16.3570828+01:00" testType="13cdc9d9-ddb5-4fa4-a97d-d965ccfc6d4b" outcome="Passed" testListId="8c84fa94-04c1-424b-9868-57a2d4851a1d" relativeResultsDirectory="3daa1293-d973-41e2-b432-67648653fe2b" />
    <UnitTestResult executionId="24ac324d-e8c4-4743-8f90-3c380f69a173" testId="f4ac5019-96c6-7ecf-4bd3-a321bb9fbd1b" testName="ReadChildElementValueAsInt32_ElementNull" computerName="DKSR-EFI-06" duration="00:00:00.0005653" startTime="2024-01-09T15:42:03.9507976+01:00" endTime="2024-01-09T15:42:03.9664241+01:00" testType="13cdc9d9-ddb5-4fa4-a97d-d965ccfc6d4b" outcome="Passed" testListId="8c84fa94-04c1-424b-9868-57a2d4851a1d" relativeResultsDirectory="24ac324d-e8c4-4743-8f90-3c380f69a173" />
    <UnitTestResult executionId="b347a277-32e3-4290-8be1-4f1ef0f1a3a7" testId="feac0fb9-cc87-e079-1135-a7b100b0efdb" testName="ResponseModel_Validate_Success" computerName="DKSR-EFI-06" duration="00:00:00.0006175" startTime="2024-01-09T15:42:12.7320767+01:00" endTime="2024-01-09T15:42:12.7320767+01:00" testType="13cdc9d9-ddb5-4fa4-a97d-d965ccfc6d4b" outcome="Passed" testListId="8c84fa94-04c1-424b-9868-57a2d4851a1d" relativeResultsDirectory="b347a277-32e3-4290-8be1-4f1ef0f1a3a7" />
    <UnitTestResult executionId="8dd64a8d-600f-4c6a-a31f-e9161232cbe0" testId="45542875-edb0-b681-0266-836ee63c8265" testName="BindToType_BindToAllowedTypesWithBinder_TypeReturned" computerName="DKSR-EFI-06" duration="00:00:00.0008817" startTime="2024-01-09T15:42:10.2633196+01:00" endTime="2024-01-09T15:42:10.2633196+01:00" testType="13cdc9d9-ddb5-4fa4-a97d-d965ccfc6d4b" outcome="Passed" testListId="8c84fa94-04c1-424b-9868-57a2d4851a1d" relativeResultsDirectory="8dd64a8d-600f-4c6a-a31f-e9161232cbe0" />
    <UnitTestResult executionId="4b973bb9-40c5-4c71-8a1e-f5a532df51b3" testId="c253276f-70f0-723b-e4d4-4f6ba733d3e3" testName="LicenseActivationService_AcquireLicense_AccessDenied_UserNameAndPasswordNotFound" computerName="DKSR-EFI-06" duration="00:00:00.0023559" startTime="2024-01-09T15:42:18.7008353+01:00" endTime="2024-01-09T15:42:18.7008353+01:00" testType="13cdc9d9-ddb5-4fa4-a97d-d965ccfc6d4b" outcome="Passed" testListId="8c84fa94-04c1-424b-9868-57a2d4851a1d" relativeResultsDirectory="4b973bb9-40c5-4c71-8a1e-f5a532df51b3" />
    <UnitTestResult executionId="28b2757f-037f-460a-ae40-79c45fe26cc1" testId="02d48d3d-d6c9-1a18-80ad-319bd27a7c51" testName="ServerFileStorageEntry_Persist_FileMoved" computerName="DKSR-EFI-06" duration="00:00:00.0012020" startTime="2024-01-09T15:42:09.2380669+01:00" endTime="2024-01-09T15:42:09.2380669+01:00" testType="13cdc9d9-ddb5-4fa4-a97d-d965ccfc6d4b" outcome="Passed" testListId="8c84fa94-04c1-424b-9868-57a2d4851a1d" relativeResultsDirectory="28b2757f-037f-460a-ae40-79c45fe26cc1" />
    <UnitTestResult executionId="f64b4400-517d-4fd1-971c-12167839c0fc" testId="faf844ee-86b2-0372-521d-036a0449add9" testName="HardwareInfo_HasCameraDevices_ReturnsFalse_WhenHardwareIsDisabled" computerName="DKSR-EFI-06" duration="00:00:00.0004583" startTime="2024-01-09T15:42:18.4977097+01:00" endTime="2024-01-09T15:42:18.4977097+01:00" testType="13cdc9d9-ddb5-4fa4-a97d-d965ccfc6d4b" outcome="Passed" testListId="8c84fa94-04c1-424b-9868-57a2d4851a1d" relativeResultsDirectory="f64b4400-517d-4fd1-971c-12167839c0fc" />
    <UnitTestResult executionId="c8b8d90e-aa02-4a16-8b72-9cec5c53abbb" testId="9ba25b4a-fbbc-78e4-6dfd-938192b3d92a" testName="TaskModel_InvalidTaskType_Failed" computerName="DKSR-EFI-06" duration="00:00:00.0019609" startTime="2024-01-09T15:42:12.3414539+01:00" endTime="2024-01-09T15:42:12.3414539+01:00" testType="13cdc9d9-ddb5-4fa4-a97d-d965ccfc6d4b" outcome="Passed" testListId="8c84fa94-04c1-424b-9868-57a2d4851a1d" relativeResultsDirectory="c8b8d90e-aa02-4a16-8b72-9cec5c53abbb" />
    <UnitTestResult executionId="b71b5dfc-b5ae-48c3-8b80-12b8c37e6bf9" testId="1b4f53b0-210d-1a1d-f735-fed942fd893a" testName="ServerFileStorage_ReturnStorage_ExistsOnDisk_DeletesFile" computerName="DKSR-EFI-06" duration="00:00:00.0044206" startTime="2024-01-09T15:42:09.1070668+01:00" endTime="2024-01-09T15:42:09.1070668+01:00" testType="13cdc9d9-ddb5-4fa4-a97d-d965ccfc6d4b" outcome="Passed" testListId="8c84fa94-04c1-424b-9868-57a2d4851a1d" relativeResultsDirectory="b71b5dfc-b5ae-48c3-8b80-12b8c37e6bf9" />
    <UnitTestResult executionId="312ca975-622e-4e4e-ad42-bcdd6c1e25dc" testId="84c41830-efa0-e72a-d31e-f4dffe59a417" testName="ResponseException_NullStream_ThrowsArgumentNullException" computerName="DKSR-EFI-06" duration="00:00:00.0007748" startTime="2024-01-09T15:42:12.8258276+01:00" endTime="2024-01-09T15:42:12.8258276+01:00" testType="13cdc9d9-ddb5-4fa4-a97d-d965ccfc6d4b" outcome="Passed" testListId="8c84fa94-04c1-424b-9868-57a2d4851a1d" relativeResultsDirectory="312ca975-622e-4e4e-ad42-bcdd6c1e25dc" />
    <UnitTestResult executionId="c07efa65-ba94-410f-b61c-6e1ca054d205" testId="78283b39-3890-a1d3-9ab2-4d160980e1be" testName="HttpClientCommunicatorWrapper_Patch_CommunicationException" computerName="DKSR-EFI-06" duration="00:00:00.0013006" startTime="2024-01-09T15:42:11.2633238+01:00" endTime="2024-01-09T15:42:11.2633238+01:00" testType="13cdc9d9-ddb5-4fa4-a97d-d965ccfc6d4b" outcome="Passed" testListId="8c84fa94-04c1-424b-9868-57a2d4851a1d" relativeResultsDirectory="c07efa65-ba94-410f-b61c-6e1ca054d205" />
    <UnitTestResult executionId="3ca5e0de-0503-44c7-9411-926277132c0c" testId="68568c0e-34c8-ee1e-1dbe-2e08270bc44b" testName="ReadAttributeAsString_SunnyDay" computerName="DKSR-EFI-06" duration="00:00:00.0032767" startTime="2024-01-09T15:42:03.8726727+01:00" endTime="2024-01-09T15:42:03.8726727+01:00" testType="13cdc9d9-ddb5-4fa4-a97d-d965ccfc6d4b" outcome="Passed" testListId="8c84fa94-04c1-424b-9868-57a2d4851a1d" relativeResultsDirectory="3ca5e0de-0503-44c7-9411-926277132c0c" />
    <UnitTestResult executionId="3ce6cab8-59e5-47a9-a4f2-6300469e12e3" testId="89b3c6f3-c499-d450-f7a3-676712a1db13" testName="ServerFileStorageCleanupService_Entries_Retrieved" computerName="DKSR-EFI-06" duration="00:00:01.5117439" startTime="2024-01-09T15:42:04.7945535+01:00" endTime="2024-01-09T15:42:06.3101836+01:00" testType="13cdc9d9-ddb5-4fa4-a97d-d965ccfc6d4b" outcome="Passed" testListId="8c84fa94-04c1-424b-9868-57a2d4851a1d" relativeResultsDirectory="3ce6cab8-59e5-47a9-a4f2-6300469e12e3" />
    <UnitTestResult executionId="a2ac270f-cbbd-4e0f-8aa2-56697be5ca6f" testId="824eaf78-9511-6d1e-a840-6111b3cf3560" testName="Encrypt_DataSetHasNoRows_DataSetIsNotChanged" computerName="DKSR-EFI-06" duration="00:00:00.0027438" startTime="2024-01-09T15:42:28.0142577+01:00" endTime="2024-01-09T15:42:28.0142577+01:00" testType="13cdc9d9-ddb5-4fa4-a97d-d965ccfc6d4b" outcome="Passed" testListId="8c84fa94-04c1-424b-9868-57a2d4851a1d" relativeResultsDirectory="a2ac270f-cbbd-4e0f-8aa2-56697be5ca6f" />
    <UnitTestResult executionId="a6bdd0a3-3ee6-401c-9a6f-b396f79ca235" testId="6da55146-0dbd-deb8-a9b1-adaea7e2c0eb" testName="RecorderInfo_AddHardware_VerifyAdded_Success" computerName="DKSR-EFI-06" duration="00:00:00.0029475" startTime="2024-01-09T15:42:26.5445911+01:00" endTime="2024-01-09T15:42:26.5445911+01:00" testType="13cdc9d9-ddb5-4fa4-a97d-d965ccfc6d4b" outcome="Passed" testListId="8c84fa94-04c1-424b-9868-57a2d4851a1d" relativeResultsDirectory="a6bdd0a3-3ee6-401c-9a6f-b396f79ca235" />
    <UnitTestResult executionId="e2f7c5e1-a1cf-417d-8f24-67e59a92b8eb" testId="1ee676a8-9805-4796-9011-298c4756e2c6" testName="RefCountedObjectWrapper_ExecuteCallWithRefCountTResult_And_Dispose_Success" computerName="DKSR-EFI-06" duration="00:00:00.0052714" startTime="2024-01-09T15:42:11.1383230+01:00" endTime="2024-01-09T15:42:11.1539470+01:00" testType="13cdc9d9-ddb5-4fa4-a97d-d965ccfc6d4b" outcome="Passed" testListId="8c84fa94-04c1-424b-9868-57a2d4851a1d" relativeResultsDirectory="e2f7c5e1-a1cf-417d-8f24-67e59a92b8eb" />
    <UnitTestResult executionId="53c6c7a6-3af5-435f-9c07-f2b22ec72668" testId="44fbf419-0a78-5721-09fe-5ca5b972f5c8" testName="HttpClientCommunicatorWrapper_Send_Success" computerName="DKSR-EFI-06" duration="00:00:00.0016016" startTime="2024-01-09T15:42:11.2945732+01:00" endTime="2024-01-09T15:42:11.3101963+01:00" testType="13cdc9d9-ddb5-4fa4-a97d-d965ccfc6d4b" outcome="Passed" testListId="8c84fa94-04c1-424b-9868-57a2d4851a1d" relativeResultsDirectory="53c6c7a6-3af5-435f-9c07-f2b22ec72668" />
    <UnitTestResult executionId="0a75435b-e32e-4e50-b636-d18bd8847d4b" testId="43d5f9d3-a769-2031-265f-e115be4193e2" testName="Test_MemberOf_SimpleCyclic" computerName="DKSR-EFI-06" duration="00:00:00.0011600" startTime="2024-01-09T15:42:29.6070904+01:00" endTime="2024-01-09T15:42:29.6227145+01:00" testType="13cdc9d9-ddb5-4fa4-a97d-d965ccfc6d4b" outcome="Passed" testListId="8c84fa94-04c1-424b-9868-57a2d4851a1d" relativeResultsDirectory="0a75435b-e32e-4e50-b636-d18bd8847d4b" />
    <UnitTestResult executionId="9a5c3f98-95ee-436d-8646-b2519433a2c4" testId="a7e2cf6c-65c4-8db2-c00e-a4ed57404841" testName="TestPasswordGenerationFromBasicRequirements" computerName="DKSR-EFI-06" duration="00:00:00.0004506" startTime="2024-01-09T15:42:04.4976763+01:00" endTime="2024-01-09T15:42:04.4976763+01:00" testType="13cdc9d9-ddb5-4fa4-a97d-d965ccfc6d4b" outcome="Passed" testListId="8c84fa94-04c1-424b-9868-57a2d4851a1d" relativeResultsDirectory="9a5c3f98-95ee-436d-8646-b2519433a2c4" />
    <UnitTestResult executionId="8dc31c0c-3cb8-45e6-bd5a-4cd7c34d00cc" testId="ae740c99-3c3a-3e65-d967-9f57dc307820" testName="ServerFileStorage_TemporaryCleanupService_Remove_RemovesEntryFromStorage" computerName="DKSR-EFI-06" duration="00:00:00.0008685" startTime="2024-01-09T15:42:09.2164462+01:00" endTime="2024-01-09T15:42:09.2164462+01:00" testType="13cdc9d9-ddb5-4fa4-a97d-d965ccfc6d4b" outcome="Passed" testListId="8c84fa94-04c1-424b-9868-57a2d4851a1d" relativeResultsDirectory="8dc31c0c-3cb8-45e6-bd5a-4cd7c34d00cc" />
    <UnitTestResult executionId="cdcbe3fd-2e91-4958-bdbe-4121f828eaab" testId="aaeac908-ec85-0403-dc8f-861a68273bb8" testName="DecryptingSmtpPasswordSystemSetting" computerName="DKSR-EFI-06" duration="00:00:00.0007913" startTime="2024-01-09T15:42:28.6852148+01:00" endTime="2024-01-09T15:42:28.6852148+01:00" testType="13cdc9d9-ddb5-4fa4-a97d-d965ccfc6d4b" outcome="Passed" testListId="8c84fa94-04c1-424b-9868-57a2d4851a1d" relativeResultsDirectory="cdcbe3fd-2e91-4958-bdbe-4121f828eaab" />
    <UnitTestResult executionId="771d3241-6fb1-49cc-a283-ca6b47162097" testId="918449ac-7842-0217-48ec-6ef6d3756493" testName="Config_To_Xml_To_Config_Success" computerName="DKSR-EFI-06" duration="00:00:00.0008914" startTime="2024-01-09T15:42:28.1539642+01:00" endTime="2024-01-09T15:42:28.1539642+01:00" testType="13cdc9d9-ddb5-4fa4-a97d-d965ccfc6d4b" outcome="Passed" testListId="8c84fa94-04c1-424b-9868-57a2d4851a1d" relativeResultsDirectory="771d3241-6fb1-49cc-a283-ca6b47162097" />
    <UnitTestResult executionId="859ae64f-1eb3-47bb-bf3a-83dd8d5cea57" testId="92bfa08a-7b93-51c5-e613-5cc06a9ca4a0" testName="LicenseDocument_IsICPFeatureLicensedSuccess" computerName="DKSR-EFI-06" duration="00:00:00.0020848" startTime="2024-01-09T15:42:26.0914644+01:00" endTime="2024-01-09T15:42:26.0914644+01:00" testType="13cdc9d9-ddb5-4fa4-a97d-d965ccfc6d4b" outcome="Passed" testListId="8c84fa94-04c1-424b-9868-57a2d4851a1d" relativeResultsDirectory="859ae64f-1eb3-47bb-bf3a-83dd8d5cea57" />
    <UnitTestResult executionId="36f4a153-e0bb-4eea-8777-e3de9506c233" testId="de80d1b0-e69d-b886-8aee-77793ad94c94" testName="Test_IsMember_SimpleCyclic" computerName="DKSR-EFI-06" duration="00:00:00.0011430" startTime="2024-01-09T15:42:29.6070904+01:00" endTime="2024-01-09T15:42:29.6070904+01:00" testType="13cdc9d9-ddb5-4fa4-a97d-d965ccfc6d4b" outcome="Passed" testListId="8c84fa94-04c1-424b-9868-57a2d4851a1d" relativeResultsDirectory="36f4a153-e0bb-4eea-8777-e3de9506c233" />
    <UnitTestResult executionId="3756aae0-4d46-41d9-a375-0bed632c74cb" testId="31b4172c-65bb-7bd4-9388-183081d5bde8" testName="WhiteList_IsDriverWhiteListed_HWWith12CH_DriverMaxChannelCountIs10GlobalMaxChannelCountIs16_ReturnsFalse" computerName="DKSR-EFI-06" duration="00:00:00.0009741" startTime="2024-01-09T15:42:26.4352140+01:00" endTime="2024-01-09T15:42:26.4508399+01:00" testType="13cdc9d9-ddb5-4fa4-a97d-d965ccfc6d4b" outcome="Passed" testListId="8c84fa94-04c1-424b-9868-57a2d4851a1d" relativeResultsDirectory="3756aae0-4d46-41d9-a375-0bed632c74cb" />
    <UnitTestResult executionId="9d8a2478-1d95-4f57-8910-cdd09f9b85c6" testId="60b355dc-bc58-c15e-650d-b3b1a5fc1cae" testName="ReadChildElementValueAsUInt32_InvalidData" computerName="DKSR-EFI-06" duration="00:00:00.0004011" startTime="2024-01-09T15:42:04.0133006+01:00" endTime="2024-01-09T15:42:04.0133006+01:00" testType="13cdc9d9-ddb5-4fa4-a97d-d965ccfc6d4b" outcome="Passed" testListId="8c84fa94-04c1-424b-9868-57a2d4851a1d" relativeResultsDirectory="9d8a2478-1d95-4f57-8910-cdd09f9b85c6" />
    <UnitTestResult executionId="6392800c-56c2-44e5-bec9-360495fe9d45" testId="50c4d015-fb9a-ffd8-e6c9-f196b9c89e67" testName="CreateInstance_InvalidParam_localSettingsFile_Null_Throws_ArgumentNullException" computerName="DKSR-EFI-06" duration="00:00:00.0013988" startTime="2024-01-09T15:42:12.9352025+01:00" endTime="2024-01-09T15:42:12.9352025+01:00" testType="13cdc9d9-ddb5-4fa4-a97d-d965ccfc6d4b" outcome="Passed" testListId="8c84fa94-04c1-424b-9868-57a2d4851a1d" relativeResultsDirectory="6392800c-56c2-44e5-bec9-360495fe9d45" />
    <UnitTestResult executionId="5c9c2a0f-78b8-43da-b9d2-bd76950d1ef3" testId="715d0369-27be-2c88-65b5-10c8e2e568de" testName="ReadAttributeAsBoolean_SunnyDayTrue" computerName="DKSR-EFI-06" duration="00:00:00.0011975" startTime="2024-01-09T15:42:03.9039210+01:00" endTime="2024-01-09T15:42:03.9039210+01:00" testType="13cdc9d9-ddb5-4fa4-a97d-d965ccfc6d4b" outcome="Passed" testListId="8c84fa94-04c1-424b-9868-57a2d4851a1d" relativeResultsDirectory="5c9c2a0f-78b8-43da-b9d2-bd76950d1ef3" />
    <UnitTestResult executionId="1fa1bc53-4e06-4ef2-a520-54b55a6d85c4" testId="45821aef-b05c-2d6c-576e-e2bf4be4b2aa" testName="HardwareInfo_SetsMacAddressToUppercase" computerName="DKSR-EFI-06" duration="00:00:00.0003537" startTime="2024-01-09T15:42:18.4195850+01:00" endTime="2024-01-09T15:42:18.4195850+01:00" testType="13cdc9d9-ddb5-4fa4-a97d-d965ccfc6d4b" outcome="Passed" testListId="8c84fa94-04c1-424b-9868-57a2d4851a1d" relativeResultsDirectory="1fa1bc53-4e06-4ef2-a520-54b55a6d85c4" />
    <UnitTestResult executionId="678e81d7-2cd0-4b09-a78c-3dc50b8d3350" testId="ee9766ad-2a9d-2fc6-5ad1-0ac620df00d3" testName="CreateInstance_ValidName_InvalidSearchMethod_Blah_DefaultToPartial" computerName="DKSR-EFI-06" duration="00:00:00.0002531" startTime="2024-01-09T15:42:26.5914652+01:00" endTime="2024-01-09T15:42:26.5914652+01:00" testType="13cdc9d9-ddb5-4fa4-a97d-d965ccfc6d4b" outcome="Passed" testListId="8c84fa94-04c1-424b-9868-57a2d4851a1d" relativeResultsDirectory="678e81d7-2cd0-4b09-a78c-3dc50b8d3350" />
    <UnitTestResult executionId="a047125a-5e58-4681-afa3-7966c43f515e" testId="a63d3def-93ce-1a37-9ea6-79b3c23a80e2" testName="FeatureManager_TryGetFeatureParameterValue_EmptyValue" computerName="DKSR-EFI-06" duration="00:00:00.0004101" startTime="2024-01-09T15:42:18.2320853+01:00" endTime="2024-01-09T15:42:18.2320853+01:00" testType="13cdc9d9-ddb5-4fa4-a97d-d965ccfc6d4b" outcome="Passed" testListId="8c84fa94-04c1-424b-9868-57a2d4851a1d" relativeResultsDirectory="a047125a-5e58-4681-afa3-7966c43f515e" />
    <UnitTestResult executionId="e93809d1-1281-497e-ba3a-6b51319f514c" testId="48c641f4-06f7-80ae-39dd-d393ba577b64" testName="Validate_PopulateFirstEightRowsOfGrid_Success" computerName="DKSR-EFI-06" duration="00:00:00.0027570" startTime="2024-01-09T15:42:26.3102127+01:00" endTime="2024-01-09T15:42:26.3102127+01:00" testType="13cdc9d9-ddb5-4fa4-a97d-d965ccfc6d4b" outcome="Passed" testListId="8c84fa94-04c1-424b-9868-57a2d4851a1d" relativeResultsDirectory="e93809d1-1281-497e-ba3a-6b51319f514c" />
    <UnitTestResult executionId="0c3fa5a9-3401-40d4-bb6c-490d524d82e0" testId="309ab9b3-5504-ca75-b132-0a860b7afa42" testName="FileUploadSynchronizer_Upload_SameFile_To_SameRecorder_Twice_UploadsOnlyOnce_ChecksExistsTwice" computerName="DKSR-EFI-06" duration="00:00:00.0083633" startTime="2024-01-09T15:42:04.6383007+01:00" endTime="2024-01-09T15:42:04.6539287+01:00" testType="13cdc9d9-ddb5-4fa4-a97d-d965ccfc6d4b" outcome="Passed" testListId="8c84fa94-04c1-424b-9868-57a2d4851a1d" relativeResultsDirectory="0c3fa5a9-3401-40d4-bb6c-490d524d82e0" />
    <UnitTestResult executionId="6978d37c-6c99-4929-a01b-a3e6820b638e" testId="17fa2fd1-7883-271f-267b-2cd622394c50" testName="GetPresetByKey_ByIdMoreThanOnePreset" computerName="DKSR-EFI-06" duration="00:00:00.0007652" startTime="2024-01-09T15:42:04.5914259+01:00" endTime="2024-01-09T15:42:04.6070510+01:00" testType="13cdc9d9-ddb5-4fa4-a97d-d965ccfc6d4b" outcome="Passed" testListId="8c84fa94-04c1-424b-9868-57a2d4851a1d" relativeResultsDirectory="6978d37c-6c99-4929-a01b-a3e6820b638e" />
    <UnitTestResult executionId="840bd518-7345-4e1d-9019-f9866321730e" testId="6a3edddf-aa4a-2ccc-fff6-e0fdf6b4b399" testName="Test_Members_SimpleOneLine" computerName="DKSR-EFI-06" duration="00:00:00.0014051" startTime="2024-01-09T15:42:29.5758400+01:00" endTime="2024-01-09T15:42:29.5758400+01:00" testType="13cdc9d9-ddb5-4fa4-a97d-d965ccfc6d4b" outcome="Passed" testListId="8c84fa94-04c1-424b-9868-57a2d4851a1d" relativeResultsDirectory="840bd518-7345-4e1d-9019-f9866321730e" />
    <UnitTestResult executionId="affc13de-b281-4ed8-8c2b-1cba928312ed" testId="2cf84663-94ed-0a1a-2fca-674a2f68124c" testName="QueuedCommandExecutor_Process_TwoCommands_NotSimultanous" computerName="DKSR-EFI-06" duration="00:00:00.0204131" startTime="2024-01-09T15:42:29.3727151+01:00" endTime="2024-01-09T15:42:29.4039645+01:00" testType="13cdc9d9-ddb5-4fa4-a97d-d965ccfc6d4b" outcome="Passed" testListId="8c84fa94-04c1-424b-9868-57a2d4851a1d" relativeResultsDirectory="affc13de-b281-4ed8-8c2b-1cba928312ed" />
    <UnitTestResult executionId="f7d15185-bc63-4280-b0dc-1c8187a61e28" testId="8107be73-2f16-ad8f-05ba-5c3f406af6e9" testName="FeatureManager_TryGetFeatureParameterValueT_Enum_Valid_Value" computerName="DKSR-EFI-06" duration="00:00:00.0006347" startTime="2024-01-09T15:42:18.3258357+01:00" endTime="2024-01-09T15:42:18.3258357+01:00" testType="13cdc9d9-ddb5-4fa4-a97d-d965ccfc6d4b" outcome="Passed" testListId="8c84fa94-04c1-424b-9868-57a2d4851a1d" relativeResultsDirectory="f7d15185-bc63-4280-b0dc-1c8187a61e28" />
    <UnitTestResult executionId="512a333e-25d8-46bc-981e-56d2e56f41a4" testId="afaf7d5c-e759-9810-8c50-94b281cf741c" testName="ServerFileStorage_GetStorage_DoesNotExist_ReturnsNull" computerName="DKSR-EFI-06" duration="00:00:00.0001585" startTime="2024-01-09T15:42:09.0914419+01:00" endTime="2024-01-09T15:42:09.0914419+01:00" testType="13cdc9d9-ddb5-4fa4-a97d-d965ccfc6d4b" outcome="Passed" testListId="8c84fa94-04c1-424b-9868-57a2d4851a1d" relativeResultsDirectory="512a333e-25d8-46bc-981e-56d2e56f41a4" />
    <UnitTestResult executionId="c7c51977-a260-4927-a46c-4040adb42975" testId="e6f95d68-2886-1fa9-62f9-c713dede45c7" testName="CreateHttpUri_HttpsDefaultPort_UseDefaultPortTrue_BecomesHttpPort80" computerName="DKSR-EFI-06" duration="00:00:00.0002229" startTime="2024-01-09T15:42:29.1695901+01:00" endTime="2024-01-09T15:42:29.1695901+01:00" testType="13cdc9d9-ddb5-4fa4-a97d-d965ccfc6d4b" outcome="Passed" testListId="8c84fa94-04c1-424b-9868-57a2d4851a1d" relativeResultsDirectory="c7c51977-a260-4927-a46c-4040adb42975" />
    <UnitTestResult executionId="7c19a41b-b752-4d17-8957-434abaaa3a0a" testId="13bf9995-f3c6-c458-0900-0c1656bf0291" testName="LogEntryModel_JsonSerializeDesirialize_Success" computerName="DKSR-EFI-06" duration="00:00:00.0432278" startTime="2024-01-09T15:42:12.4820756+01:00" endTime="2024-01-09T15:42:12.5289527+01:00" testType="13cdc9d9-ddb5-4fa4-a97d-d965ccfc6d4b" outcome="Passed" testListId="8c84fa94-04c1-424b-9868-57a2d4851a1d" relativeResultsDirectory="7c19a41b-b752-4d17-8957-434abaaa3a0a" />
    <UnitTestResult executionId="71ff5703-dd52-495b-bc4a-2d26fc3b6d1a" testId="333d071e-477f-f59a-bdf7-e3209509bd7e" testName="TokenHandler_GetNewToken_Success" computerName="DKSR-EFI-06" duration="00:00:00.0007790" startTime="2024-01-09T15:42:13.2633268+01:00" endTime="2024-01-09T15:42:13.2633268+01:00" testType="13cdc9d9-ddb5-4fa4-a97d-d965ccfc6d4b" outcome="Passed" testListId="8c84fa94-04c1-424b-9868-57a2d4851a1d" relativeResultsDirectory="71ff5703-dd52-495b-bc4a-2d26fc3b6d1a">
      <Output>
        <StdOut>Debug Trace:&#xD;
Token created: TOKEN#290043dd-8e25-4ca3-8170-100f17095629##</StdOut>
      </Output>
    </UnitTestResult>
    <UnitTestResult executionId="57dc51f9-afad-4e64-8a7c-98c74065e282" testId="38218c5f-ac75-6939-896c-2378cc353bab" testName="CreateResponseException_OtherResponseStatus_ResponseExceptionException" computerName="DKSR-EFI-06" duration="00:00:00.0008914" startTime="2024-01-09T15:42:12.8258276+01:00" endTime="2024-01-09T15:42:12.8258276+01:00" testType="13cdc9d9-ddb5-4fa4-a97d-d965ccfc6d4b" outcome="Passed" testListId="8c84fa94-04c1-424b-9868-57a2d4851a1d" relativeResultsDirectory="57dc51f9-afad-4e64-8a7c-98c74065e282" />
    <UnitTestResult executionId="feb6ed91-6af5-426f-b973-5f90a762c85a" testId="68ccb6a0-0a32-72a5-c4e1-992149caf9d9" testName="LogEntryModel_ValidModel_Success" computerName="DKSR-EFI-06" duration="00:00:00.0020229" startTime="2024-01-09T15:42:12.4820756+01:00" endTime="2024-01-09T15:42:12.4820756+01:00" testType="13cdc9d9-ddb5-4fa4-a97d-d965ccfc6d4b" outcome="Passed" testListId="8c84fa94-04c1-424b-9868-57a2d4851a1d" relativeResultsDirectory="feb6ed91-6af5-426f-b973-5f90a762c85a" />
    <UnitTestResult executionId="3be1fb39-9cc5-448f-87c0-47b49a8de288" testId="4f24a41b-bda1-7ca6-f90e-e5465e1622b7" testName="Validate_TotalDevicesUsingOneLicenseEach_Success" computerName="DKSR-EFI-06" duration="00:00:00.0010807" startTime="2024-01-09T15:42:26.3102127+01:00" endTime="2024-01-09T15:42:26.3102127+01:00" testType="13cdc9d9-ddb5-4fa4-a97d-d965ccfc6d4b" outcome="Passed" testListId="8c84fa94-04c1-424b-9868-57a2d4851a1d" relativeResultsDirectory="3be1fb39-9cc5-448f-87c0-47b49a8de288" />
    <UnitTestResult executionId="f7238ce9-d0ab-449b-a862-ba139b7a6a9b" testId="19c5e6aa-859f-a6c7-3af9-c1227ec03175" testName="CreateInstance_ValidName_ValidSearchMethod_Exact_MixedCase_Success" computerName="DKSR-EFI-06" duration="00:00:00.0001410" startTime="2024-01-09T15:42:26.5914652+01:00" endTime="2024-01-09T15:42:26.5914652+01:00" testType="13cdc9d9-ddb5-4fa4-a97d-d965ccfc6d4b" outcome="Passed" testListId="8c84fa94-04c1-424b-9868-57a2d4851a1d" relativeResultsDirectory="f7238ce9-d0ab-449b-a862-ba139b7a6a9b" />
    <UnitTestResult executionId="080c7ff8-4c9c-45ab-ab9c-52a27623cfdf" testId="76814338-82a2-b37a-b9d9-4f9c44ce8e19" testName="LicenseCalculationResult_Validate_Null_ModelName_ConvertsToStringEmpty" computerName="DKSR-EFI-06" duration="00:00:00.0003545" startTime="2024-01-09T15:42:18.7945866+01:00" endTime="2024-01-09T15:42:18.7945866+01:00" testType="13cdc9d9-ddb5-4fa4-a97d-d965ccfc6d4b" outcome="Passed" testListId="8c84fa94-04c1-424b-9868-57a2d4851a1d" relativeResultsDirectory="080c7ff8-4c9c-45ab-ab9c-52a27623cfdf" />
    <UnitTestResult executionId="93d671be-3234-43da-b4cc-3ad6d436cc09" testId="1450abbf-3f6f-84ee-5bf5-58b6a156daad" testName="Construct_RequestContainer_InvalidLicenseIntegrationDataEmptyString_Success" computerName="DKSR-EFI-06" duration="00:00:00.0001740" startTime="2024-01-09T15:42:25.9664659+01:00" endTime="2024-01-09T15:42:25.9664659+01:00" testType="13cdc9d9-ddb5-4fa4-a97d-d965ccfc6d4b" outcome="Passed" testListId="8c84fa94-04c1-424b-9868-57a2d4851a1d" relativeResultsDirectory="93d671be-3234-43da-b4cc-3ad6d436cc09" />
    <UnitTestResult executionId="5d42bb42-4866-4e44-a239-b5ba26b2dad7" testId="7b02c11d-a43e-8020-27a3-62cd637782c5" testName="PtzPreset_EqualsTo_Change_Description" computerName="DKSR-EFI-06" duration="00:00:00.0004009" startTime="2024-01-09T15:42:04.6226771+01:00" endTime="2024-01-09T15:42:04.6226771+01:00" testType="13cdc9d9-ddb5-4fa4-a97d-d965ccfc6d4b" outcome="Passed" testListId="8c84fa94-04c1-424b-9868-57a2d4851a1d" relativeResultsDirectory="5d42bb42-4866-4e44-a239-b5ba26b2dad7" />
    <UnitTestResult executionId="54678baf-45a6-42c7-ad79-acc804194488" testId="b4b7e18f-651d-e1f8-ff22-f004b70110a9" testName="FeatureManager_GetFeatureParameterValueT_Int_OutOfRange_Value" computerName="DKSR-EFI-06" duration="00:00:00.0007211" startTime="2024-01-09T15:42:18.2633345+01:00" endTime="2024-01-09T15:42:18.2633345+01:00" testType="13cdc9d9-ddb5-4fa4-a97d-d965ccfc6d4b" outcome="Passed" testListId="8c84fa94-04c1-424b-9868-57a2d4851a1d" relativeResultsDirectory="54678baf-45a6-42c7-ad79-acc804194488" />
    <UnitTestResult executionId="003b56cc-af49-4015-a6c0-f44b7a0250c2" testId="82edf84a-50a6-b3ee-7be9-4c1d5e3bebbc" testName="TestMergeGridAreaWithNonIntegerScalingFactorFirstAreaLarger" computerName="DKSR-EFI-06" duration="00:00:00.0004859" startTime="2024-01-09T15:42:27.8883410+01:00" endTime="2024-01-09T15:42:27.8883410+01:00" testType="13cdc9d9-ddb5-4fa4-a97d-d965ccfc6d4b" outcome="Passed" testListId="8c84fa94-04c1-424b-9868-57a2d4851a1d" relativeResultsDirectory="003b56cc-af49-4015-a6c0-f44b7a0250c2" />
    <UnitTestResult executionId="cc4e55ad-6c8f-4aa8-86ad-1aec20765dc4" testId="9e32d489-1b7f-4162-4f60-2c6c32595e74" testName="Receive_InvalidOperationExceptionThrown_ExceptionLoggedAndDefaultValueReturned" computerName="DKSR-EFI-06" duration="00:00:00.0104757" startTime="2024-01-09T15:42:01.6226649+01:00" endTime="2024-01-09T15:42:01.6382890+01:00" testType="13cdc9d9-ddb5-4fa4-a97d-d965ccfc6d4b" outcome="Passed" testListId="8c84fa94-04c1-424b-9868-57a2d4851a1d" relativeResultsDirectory="cc4e55ad-6c8f-4aa8-86ad-1aec20765dc4" />
    <UnitTestResult executionId="5b0e00be-6242-45f7-8453-26dcd051bf4c" testId="ee979836-8e9b-a428-76a0-4d534302f4d5" testName="HardwareSetupInformationModel_Validate_Failed" computerName="DKSR-EFI-06" duration="00:00:00.0079353" startTime="2024-01-09T15:42:11.3883762+01:00" endTime="2024-01-09T15:42:11.4039516+01:00" testType="13cdc9d9-ddb5-4fa4-a97d-d965ccfc6d4b" outcome="Passed" testListId="8c84fa94-04c1-424b-9868-57a2d4851a1d" relativeResultsDirectory="5b0e00be-6242-45f7-8453-26dcd051bf4c" />
    <UnitTestResult executionId="80527472-2b46-4877-bf31-68ee15495937" testId="d0c69e26-be65-9bf9-b821-acb98b3795b6" testName="FeatureManager_IsFeatureLicensed_Succeed" computerName="DKSR-EFI-06" duration="00:00:00.0005339" startTime="2024-01-09T15:42:18.2008360+01:00" endTime="2024-01-09T15:42:18.2008360+01:00" testType="13cdc9d9-ddb5-4fa4-a97d-d965ccfc6d4b" outcome="Passed" testListId="8c84fa94-04c1-424b-9868-57a2d4851a1d" relativeResultsDirectory="80527472-2b46-4877-bf31-68ee15495937" />
    <UnitTestResult executionId="f8c6abd8-bdec-4cbc-bc1b-b084fd2da369" testId="bcede72c-0945-dcf2-f0e3-70fa6db3591b" testName="ScheduledTimeReachedFunctionScheduledDateTimeNotReachedTest" computerName="DKSR-EFI-06" duration="00:00:00.0004155" startTime="2024-01-09T15:42:15.4352049+01:00" endTime="2024-01-09T15:42:15.4352049+01:00" testType="13cdc9d9-ddb5-4fa4-a97d-d965ccfc6d4b" outcome="Passed" testListId="8c84fa94-04c1-424b-9868-57a2d4851a1d" relativeResultsDirectory="f8c6abd8-bdec-4cbc-bc1b-b084fd2da369" />
    <UnitTestResult executionId="b5f46f84-c115-42f7-aa19-1015c298802b" testId="f420811b-d1c5-b93f-d7a5-346979ce05d1" testName="IsDeviceLicensed_ReturnsFalse_OnNotActivatedICPDevice" computerName="DKSR-EFI-06" duration="00:00:00.0022694" startTime="2024-01-09T15:42:26.2164647+01:00" endTime="2024-01-09T15:42:26.2164647+01:00" testType="13cdc9d9-ddb5-4fa4-a97d-d965ccfc6d4b" outcome="Passed" testListId="8c84fa94-04c1-424b-9868-57a2d4851a1d" relativeResultsDirectory="b5f46f84-c115-42f7-aa19-1015c298802b" />
    <UnitTestResult executionId="b09af841-f3ba-43ab-80f3-5741b69d3ffb" testId="392c8b56-9465-52cc-1bd7-e3147efe6727" testName="RecurringSchedule_CaseInsensitiveElementNames" computerName="DKSR-EFI-06" duration="00:00:00.0003309" startTime="2024-01-09T15:42:13.7477018+01:00" endTime="2024-01-09T15:42:13.7477018+01:00" testType="13cdc9d9-ddb5-4fa4-a97d-d965ccfc6d4b" outcome="Passed" testListId="8c84fa94-04c1-424b-9868-57a2d4851a1d" relativeResultsDirectory="b09af841-f3ba-43ab-80f3-5741b69d3ffb" />
    <UnitTestResult executionId="f6babd2d-d873-4dd2-9715-d26235845c9f" testId="37c0bf53-89e8-8b86-b19f-c48fdc89accf" testName="RemoveItem_Null_ThrowArgumentNullException" computerName="DKSR-EFI-06" duration="00:00:00.0020115" startTime="2024-01-09T15:42:04.2945492+01:00" endTime="2024-01-09T15:42:04.2945492+01:00" testType="13cdc9d9-ddb5-4fa4-a97d-d965ccfc6d4b" outcome="Passed" testListId="8c84fa94-04c1-424b-9868-57a2d4851a1d" relativeResultsDirectory="f6babd2d-d873-4dd2-9715-d26235845c9f">
      <Output>
        <StdOut>Debug Trace:&#xD;
Fail: Argument null</StdOut>
      </Output>
    </UnitTestResult>
    <UnitTestResult executionId="2742f386-8e6b-47cf-854c-c8da65543bd0" testId="c469a8e7-9a14-b324-884d-c5312faff916" testName="InitializeWithNullILicenseDocument_ThrowsArgumentNullException" computerName="DKSR-EFI-06" duration="00:00:00.0006222" startTime="2024-01-09T15:42:18.8102111+01:00" endTime="2024-01-09T15:42:18.8102111+01:00" testType="13cdc9d9-ddb5-4fa4-a97d-d965ccfc6d4b" outcome="Passed" testListId="8c84fa94-04c1-424b-9868-57a2d4851a1d" relativeResultsDirectory="2742f386-8e6b-47cf-854c-c8da65543bd0" />
    <UnitTestResult executionId="c7caddae-cd5a-4ff9-9ebd-52b8448c0ae5" testId="cfe58986-275c-53fe-71ef-85a1c282d95e" testName="LicenseGetVendorTest_GetRightVendor" computerName="DKSR-EFI-06" duration="00:00:00.0034775" startTime="2024-01-09T15:42:26.5602152+01:00" endTime="2024-01-09T15:42:26.5758390+01:00" testType="13cdc9d9-ddb5-4fa4-a97d-d965ccfc6d4b" outcome="Passed" testListId="8c84fa94-04c1-424b-9868-57a2d4851a1d" relativeResultsDirectory="c7caddae-cd5a-4ff9-9ebd-52b8448c0ae5" />
    <UnitTestResult executionId="ac8f0b86-999e-4ac3-937f-aff222387d03" testId="c6911cba-a932-87f1-7d74-4c7bfa92d803" testName="ModelValidation_RequiredPropertiesAreNull_Failed" computerName="DKSR-EFI-06" duration="00:00:00.0021532" startTime="2024-01-09T15:42:12.2320761+01:00" endTime="2024-01-09T15:42:12.2477000+01:00" testType="13cdc9d9-ddb5-4fa4-a97d-d965ccfc6d4b" outcome="Passed" testListId="8c84fa94-04c1-424b-9868-57a2d4851a1d" relativeResultsDirectory="ac8f0b86-999e-4ac3-937f-aff222387d03" />
    <UnitTestResult executionId="115fd59b-5025-487c-830f-b2d0c75a14a9" testId="f53ab042-733b-ab5b-c5ad-04a56d879c06" testName="Test_Members_SimpleCyclic" computerName="DKSR-EFI-06" duration="00:00:00.0013778" startTime="2024-01-09T15:42:29.6227145+01:00" endTime="2024-01-09T15:42:29.6227145+01:00" testType="13cdc9d9-ddb5-4fa4-a97d-d965ccfc6d4b" outcome="Passed" testListId="8c84fa94-04c1-424b-9868-57a2d4851a1d" relativeResultsDirectory="115fd59b-5025-487c-830f-b2d0c75a14a9" />
    <UnitTestResult executionId="789faf9b-f694-4a14-bc7a-bb382f1fe406" testId="f68e7208-b40d-78c4-083e-29238c6795e3" testName="Constructor_FillsInUniqueIndexes_OnCombinationOfHw" computerName="DKSR-EFI-06" duration="00:00:00.0348173" startTime="2024-01-09T15:42:17.9820831+01:00" endTime="2024-01-09T15:42:18.0133335+01:00" testType="13cdc9d9-ddb5-4fa4-a97d-d965ccfc6d4b" outcome="Passed" testListId="8c84fa94-04c1-424b-9868-57a2d4851a1d" relativeResultsDirectory="789faf9b-f694-4a14-bc7a-bb382f1fe406" />
    <UnitTestResult executionId="45298bcd-e73c-4921-947d-2ec18c789e8e" testId="f562f6a3-5c04-d203-e97a-7083a36f0f9d" testName="ServerFileStorage_Constructor_NullCheck" computerName="DKSR-EFI-06" duration="00:00:00.0052812" startTime="2024-01-09T15:42:09.0758186+01:00" endTime="2024-01-09T15:42:09.0758186+01:00" testType="13cdc9d9-ddb5-4fa4-a97d-d965ccfc6d4b" outcome="Passed" testListId="8c84fa94-04c1-424b-9868-57a2d4851a1d" relativeResultsDirectory="45298bcd-e73c-4921-947d-2ec18c789e8e" />
    <UnitTestResult executionId="10d91520-e5e2-416f-a82c-af910e213d5f" testId="1fc4377d-0c2d-3e08-115f-f074f589d216" testName="Constructor_ThrowsException_WhenICPHardwareAndNonIcpHardwareIsMixed_FirstHardwareIsNonIcp" computerName="DKSR-EFI-06" duration="00:00:00.0010052" startTime="2024-01-09T15:42:18.0445857+01:00" endTime="2024-01-09T15:42:18.0445857+01:00" testType="13cdc9d9-ddb5-4fa4-a97d-d965ccfc6d4b" outcome="Passed" testListId="8c84fa94-04c1-424b-9868-57a2d4851a1d" relativeResultsDirectory="10d91520-e5e2-416f-a82c-af910e213d5f" />
    <UnitTestResult executionId="5e253409-f093-42ea-b718-49b884950c6e" testId="3d251fad-ae28-1fbc-ccc8-e2ccdc4c29bc" testName="ReadIdentityFromCache_NoProvider" computerName="DKSR-EFI-06" duration="00:00:00.0036417" startTime="2024-01-09T15:42:29.6383392+01:00" endTime="2024-01-09T15:42:29.6539651+01:00" testType="13cdc9d9-ddb5-4fa4-a97d-d965ccfc6d4b" outcome="Passed" testListId="8c84fa94-04c1-424b-9868-57a2d4851a1d" relativeResultsDirectory="5e253409-f093-42ea-b718-49b884950c6e" />
    <UnitTestResult executionId="a395cb5a-f8b1-4941-bb80-62cef9870cb4" testId="1c31798d-ebb8-6716-a1de-beac6a67d99f" testName="Xml_To_Config_To_Xml_Success" computerName="DKSR-EFI-06" duration="00:00:00.0010814" startTime="2024-01-09T15:42:28.1539642+01:00" endTime="2024-01-09T15:42:28.1539642+01:00" testType="13cdc9d9-ddb5-4fa4-a97d-d965ccfc6d4b" outcome="Passed" testListId="8c84fa94-04c1-424b-9868-57a2d4851a1d" relativeResultsDirectory="a395cb5a-f8b1-4941-bb80-62cef9870cb4" />
    <UnitTestResult executionId="19b79bbe-899e-4d73-9961-29c3e4a45d08" testId="07ef1fc8-808f-18ea-5e95-67c94ec4e422" testName="ReadChildElementValueAsUInt64_RangeCheck_Max" computerName="DKSR-EFI-06" duration="00:00:00.0005025" startTime="2024-01-09T15:42:04.0601742+01:00" endTime="2024-01-09T15:42:04.0601742+01:00" testType="13cdc9d9-ddb5-4fa4-a97d-d965ccfc6d4b" outcome="Passed" testListId="8c84fa94-04c1-424b-9868-57a2d4851a1d" relativeResultsDirectory="19b79bbe-899e-4d73-9961-29c3e4a45d08" />
    <UnitTestResult executionId="bc500017-eb96-4130-b302-bec74104cb21" testId="59013b7e-e03f-2fc2-bf78-c391942297eb" testName="Transform_XmlWithCredentialsListXml_PasswordsChanged" computerName="DKSR-EFI-06" duration="00:00:00.0010354" startTime="2024-01-09T15:42:28.7789653+01:00" endTime="2024-01-09T15:42:28.7789653+01:00" testType="13cdc9d9-ddb5-4fa4-a97d-d965ccfc6d4b" outcome="Passed" testListId="8c84fa94-04c1-424b-9868-57a2d4851a1d" relativeResultsDirectory="bc500017-eb96-4130-b302-bec74104cb21" />
    <UnitTestResult executionId="54ba8bff-63b1-4f80-990f-387186e6411d" testId="ba492782-2ba9-bc32-a0f5-14d8ba297611" testName="FindFrameIdx_TimeAfterF3" computerName="DKSR-EFI-06" duration="00:00:00.0005651" startTime="2024-01-09T15:42:04.4351740+01:00" endTime="2024-01-09T15:42:04.4351740+01:00" testType="13cdc9d9-ddb5-4fa4-a97d-d965ccfc6d4b" outcome="Passed" testListId="8c84fa94-04c1-424b-9868-57a2d4851a1d" relativeResultsDirectory="54ba8bff-63b1-4f80-990f-387186e6411d" />
    <UnitTestResult executionId="623fea9a-55e1-408e-a67d-edf66d8ee08c" testId="7a657f40-0db4-0ccc-f9af-e1b87e34f478" testName="ServerFileStorage_Seek_Success" computerName="DKSR-EFI-06" duration="00:00:00.0003568" startTime="2024-01-09T15:42:09.1539416+01:00" endTime="2024-01-09T15:42:09.1539416+01:00" testType="13cdc9d9-ddb5-4fa4-a97d-d965ccfc6d4b" outcome="Passed" testListId="8c84fa94-04c1-424b-9868-57a2d4851a1d" relativeResultsDirectory="623fea9a-55e1-408e-a67d-edf66d8ee08c" />
    <UnitTestResult executionId="fbf0e4b6-d8e8-4756-bb99-ad683328967e" testId="97959581-8ba4-69c8-edd6-1f5a9e44d9f3" testName="ScanParameters_ToXmlRemovePasswords_XmlWithoutPasswords" computerName="DKSR-EFI-06" duration="00:00:00.0040434" startTime="2024-01-09T15:42:03.7789232+01:00" endTime="2024-01-09T15:42:03.7789232+01:00" testType="13cdc9d9-ddb5-4fa4-a97d-d965ccfc6d4b" outcome="Passed" testListId="8c84fa94-04c1-424b-9868-57a2d4851a1d" relativeResultsDirectory="fbf0e4b6-d8e8-4756-bb99-ad683328967e" />
    <UnitTestResult executionId="101a0248-90fd-4100-b7da-f2d280ea4362" testId="69d83804-d135-97e0-cd5d-24d6995ecaae" testName="Invoke_RequiredScopeNotFoundClaimsExists_403" computerName="DKSR-EFI-06" duration="00:00:00.0224245" startTime="2024-01-09T15:42:11.0289485+01:00" endTime="2024-01-09T15:42:11.0601980+01:00" testType="13cdc9d9-ddb5-4fa4-a97d-d965ccfc6d4b" outcome="Passed" testListId="8c84fa94-04c1-424b-9868-57a2d4851a1d" relativeResultsDirectory="101a0248-90fd-4100-b7da-f2d280ea4362" />
    <UnitTestResult executionId="a428e777-2bc4-47c5-be73-a5e452ad0a9d" testId="1be58e80-7bfa-841e-ebc8-362904c130f2" testName="Validate_JsonCreatedFromLicenseResponse_Success" computerName="DKSR-EFI-06" duration="00:00:00.0002389" startTime="2024-01-09T15:42:25.9820872+01:00" endTime="2024-01-09T15:42:25.9820872+01:00" testType="13cdc9d9-ddb5-4fa4-a97d-d965ccfc6d4b" outcome="Passed" testListId="8c84fa94-04c1-424b-9868-57a2d4851a1d" relativeResultsDirectory="a428e777-2bc4-47c5-be73-a5e452ad0a9d" />
    <UnitTestResult executionId="606e71f1-4846-43f2-a984-7b90744e7cdd" testId="d1b98b23-1cc3-567e-9dd3-c90ab73a1c49" testName="ReadChildElementValueAsUInt16_SunnyDay" computerName="DKSR-EFI-06" duration="00:00:00.0004709" startTime="2024-01-09T15:42:04.0289227+01:00" endTime="2024-01-09T15:42:04.0289227+01:00" testType="13cdc9d9-ddb5-4fa4-a97d-d965ccfc6d4b" outcome="Passed" testListId="8c84fa94-04c1-424b-9868-57a2d4851a1d" relativeResultsDirectory="606e71f1-4846-43f2-a984-7b90744e7cdd" />
    <UnitTestResult executionId="d3c66172-69b5-4605-ad07-5936e2ad921f" testId="b5fe4d80-a771-d795-9cf5-4a66a567f080" testName="EventMetadataTimestampParsesMillisecondsCorrectly" computerName="DKSR-EFI-06" duration="00:00:00.0003180" startTime="2024-01-09T15:42:15.4039569+01:00" endTime="2024-01-09T15:42:15.4039569+01:00" testType="13cdc9d9-ddb5-4fa4-a97d-d965ccfc6d4b" outcome="Passed" testListId="8c84fa94-04c1-424b-9868-57a2d4851a1d" relativeResultsDirectory="d3c66172-69b5-4605-ad07-5936e2ad921f" />
    <UnitTestResult executionId="8a7c0686-33d6-41c0-8489-cf53235f3dd4" testId="0124b36c-4a3e-85d8-2f91-7ab6304bf214" testName="ProcessDifferentCommandsOnASingleBulkCommand" computerName="DKSR-EFI-06" duration="00:00:00.0015586" startTime="2024-01-09T15:42:17.6383350+01:00" endTime="2024-01-09T15:42:17.6383350+01:00" testType="13cdc9d9-ddb5-4fa4-a97d-d965ccfc6d4b" outcome="Passed" testListId="8c84fa94-04c1-424b-9868-57a2d4851a1d" relativeResultsDirectory="8a7c0686-33d6-41c0-8489-cf53235f3dd4" />
    <UnitTestResult executionId="a93c428b-fbc6-42f8-b426-07f26e0a1c6a" testId="ed886e6a-9135-5696-d7ff-eb253c1dc7d1" testName="HardwareInfo_DecodesDriverAndModelNameUpperWithAmpersand" computerName="DKSR-EFI-06" duration="00:00:00.0004066" startTime="2024-01-09T15:42:18.4352472+01:00" endTime="2024-01-09T15:42:18.4352472+01:00" testType="13cdc9d9-ddb5-4fa4-a97d-d965ccfc6d4b" outcome="Passed" testListId="8c84fa94-04c1-424b-9868-57a2d4851a1d" relativeResultsDirectory="a93c428b-fbc6-42f8-b426-07f26e0a1c6a" />
    <UnitTestResult executionId="40c412ae-c081-44a5-9504-4dc061f7b464" testId="8f83db71-3b93-5732-31d9-e3b132797301" testName="LicenseDocument_Constructor_Success_OnValidHardwareLicensingMode" computerName="DKSR-EFI-06" duration="00:00:00.0019318" startTime="2024-01-09T15:42:26.0133394+01:00" endTime="2024-01-09T15:42:26.0133394+01:00" testType="13cdc9d9-ddb5-4fa4-a97d-d965ccfc6d4b" outcome="Passed" testListId="8c84fa94-04c1-424b-9868-57a2d4851a1d" relativeResultsDirectory="40c412ae-c081-44a5-9504-4dc061f7b464" />
    <UnitTestResult executionId="512de181-1c8c-415e-b14c-ad50feac9ce4" testId="9df0e07a-e910-2de1-3332-2bfc3045324c" testName="FeatureManager_GetFeatureParameterValue_License_Argument_Null" computerName="DKSR-EFI-06" duration="00:00:00.0006500" startTime="2024-01-09T15:42:18.2164592+01:00" endTime="2024-01-09T15:42:18.2164592+01:00" testType="13cdc9d9-ddb5-4fa4-a97d-d965ccfc6d4b" outcome="Passed" testListId="8c84fa94-04c1-424b-9868-57a2d4851a1d" relativeResultsDirectory="512de181-1c8c-415e-b14c-ad50feac9ce4" />
    <UnitTestResult executionId="dd18a86d-0208-42a4-8d5c-c53a281217d4" testId="aa4fc76c-189f-e563-9f8f-3e22961849d3" testName="ServiceDiscoveryEngine_Construction_TimespanZero_ArgumentOutOfRangeException" computerName="DKSR-EFI-06" duration="00:00:00.0007787" startTime="2024-01-09T15:42:12.7477007+01:00" endTime="2024-01-09T15:42:12.7477007+01:00" testType="13cdc9d9-ddb5-4fa4-a97d-d965ccfc6d4b" outcome="Passed" testListId="8c84fa94-04c1-424b-9868-57a2d4851a1d" relativeResultsDirectory="dd18a86d-0208-42a4-8d5c-c53a281217d4" />
    <UnitTestResult executionId="1f086790-cbb6-49ce-902c-71b496cadb09" testId="76ee60ce-bef2-38f8-84fa-8071278cc569" testName="FileUploadSynchronizer_Upload_SameFile_To_SameRecorder_Twice_WithDelay_UploadsTwice" computerName="DKSR-EFI-06" duration="00:00:00.1083768" startTime="2024-01-09T15:42:04.6695503+01:00" endTime="2024-01-09T15:42:04.7789276+01:00" testType="13cdc9d9-ddb5-4fa4-a97d-d965ccfc6d4b" outcome="Passed" testListId="8c84fa94-04c1-424b-9868-57a2d4851a1d" relativeResultsDirectory="1f086790-cbb6-49ce-902c-71b496cadb09" />
    <UnitTestResult executionId="dfdc751e-33e3-4e29-9188-d732fd4088b1" testId="0464c71d-09cc-139b-d444-36b0b817a44a" testName="FeatureManager_TryGetFeatureParameterValueT_Guid_Valid_Value" computerName="DKSR-EFI-06" duration="00:00:00.0004957" startTime="2024-01-09T15:42:18.3258357+01:00" endTime="2024-01-09T15:42:18.3414615+01:00" testType="13cdc9d9-ddb5-4fa4-a97d-d965ccfc6d4b" outcome="Passed" testListId="8c84fa94-04c1-424b-9868-57a2d4851a1d" relativeResultsDirectory="dfdc751e-33e3-4e29-9188-d732fd4088b1" />
    <UnitTestResult executionId="abda279d-2dc4-4b55-90e6-0c9ce581d537" testId="f6f387b7-10b6-8756-6213-52ca04de1879" testName="DecryptConfigurationDataSet_DecryptLicenseRsaKeySystemSetting_SettingIsDecrypted" computerName="DKSR-EFI-06" duration="00:00:00.0008492" startTime="2024-01-09T15:42:28.7008401+01:00" endTime="2024-01-09T15:42:28.7008401+01:00" testType="13cdc9d9-ddb5-4fa4-a97d-d965ccfc6d4b" outcome="Passed" testListId="8c84fa94-04c1-424b-9868-57a2d4851a1d" relativeResultsDirectory="abda279d-2dc4-4b55-90e6-0c9ce581d537" />
    <UnitTestResult executionId="df17b507-441c-4661-8c2e-fbfee7e7ec11" testId="73ca717a-4a62-2b9e-b5cb-67553ca16863" testName="TestPasswordGenerationFromPasswordRequirements" computerName="DKSR-EFI-06" duration="00:00:00.0053306" startTime="2024-01-09T15:42:04.4820511+01:00" endTime="2024-01-09T15:42:04.4976763+01:00" testType="13cdc9d9-ddb5-4fa4-a97d-d965ccfc6d4b" outcome="Passed" testListId="8c84fa94-04c1-424b-9868-57a2d4851a1d" relativeResultsDirectory="df17b507-441c-4661-8c2e-fbfee7e7ec11" />
    <UnitTestResult executionId="af4f5716-684f-4ee1-b6a9-d887228a510a" testId="773295cc-59cd-d800-77c2-1f2451913471" testName="Validate_TotalNumberofMissingDeviceLicenses_Success" computerName="DKSR-EFI-06" duration="00:00:00.0009827" startTime="2024-01-09T15:42:26.3102127+01:00" endTime="2024-01-09T15:42:26.3102127+01:00" testType="13cdc9d9-ddb5-4fa4-a97d-d965ccfc6d4b" outcome="Passed" testListId="8c84fa94-04c1-424b-9868-57a2d4851a1d" relativeResultsDirectory="af4f5716-684f-4ee1-b6a9-d887228a510a" />
    <UnitTestResult executionId="8ad8ecd5-e3fb-45f1-860b-d3f412331b91" testId="e3b90b5a-190b-f8ce-6d90-a29ef6a98aff" testName="HttpClientCommunicatorWrapper_SendTObj_CommunicationException" computerName="DKSR-EFI-06" duration="00:00:00.0009568" startTime="2024-01-09T15:42:11.3101963+01:00" endTime="2024-01-09T15:42:11.3101963+01:00" testType="13cdc9d9-ddb5-4fa4-a97d-d965ccfc6d4b" outcome="Passed" testListId="8c84fa94-04c1-424b-9868-57a2d4851a1d" relativeResultsDirectory="8ad8ecd5-e3fb-45f1-860b-d3f412331b91" />
    <UnitTestResult executionId="653992f1-0efc-42b9-a312-65b67c0cafe3" testId="c72b0b7b-7f4b-aa6b-467a-12bc1b9aecce" testName="SendAsync_OnlyEndpoint_EndpointNullException" computerName="DKSR-EFI-06" duration="00:00:00.0290381" startTime="2024-01-09T15:42:00.8570936+01:00" endTime="2024-01-09T15:42:00.8883470+01:00" testType="13cdc9d9-ddb5-4fa4-a97d-d965ccfc6d4b" outcome="Passed" testListId="8c84fa94-04c1-424b-9868-57a2d4851a1d" relativeResultsDirectory="653992f1-0efc-42b9-a312-65b67c0cafe3">
      <Output>
        <StdOut>Debug Trace:&#xD;
Fail: Argument null</StdOut>
      </Output>
    </UnitTestResult>
    <UnitTestResult executionId="83fb1686-c569-45d0-861c-a154fe8a8dc7" testId="cbc248c0-97c2-fbd3-60ae-b667eb2efbc1" testName="SendEndPointAndObject_NoError_TaskIsExecutedAndCorrectResponseReceived" computerName="DKSR-EFI-06" duration="00:00:00.0696569" startTime="2024-01-09T15:42:01.2632847+01:00" endTime="2024-01-09T15:42:01.3257836+01:00" testType="13cdc9d9-ddb5-4fa4-a97d-d965ccfc6d4b" outcome="Passed" testListId="8c84fa94-04c1-424b-9868-57a2d4851a1d" relativeResultsDirectory="83fb1686-c569-45d0-861c-a154fe8a8dc7" />
    <UnitTestResult executionId="91854d82-2d99-41c4-973e-08248b3e8bcc" testId="8d26cb13-af54-ad12-9092-30887c4edca0" testName="Constructor_IncrementsFeedCounts_OnCombinationOfHw" computerName="DKSR-EFI-06" duration="00:00:00.0006552" startTime="2024-01-09T15:42:18.0133335+01:00" endTime="2024-01-09T15:42:18.0289599+01:00" testType="13cdc9d9-ddb5-4fa4-a97d-d965ccfc6d4b" outcome="Passed" testListId="8c84fa94-04c1-424b-9868-57a2d4851a1d" relativeResultsDirectory="91854d82-2d99-41c4-973e-08248b3e8bcc" />
    <UnitTestResult executionId="8e72f7d3-ee37-4d09-af82-0a25f5c49aa4" testId="6747d954-dbe5-5d84-1544-1f75908b0d8c" testName="Patch_ObjIsNull_ArgumentNullExceptionThrown" computerName="DKSR-EFI-06" duration="00:00:00.0018946" startTime="2024-01-09T15:42:01.6851634+01:00" endTime="2024-01-09T15:42:01.6851634+01:00" testType="13cdc9d9-ddb5-4fa4-a97d-d965ccfc6d4b" outcome="Passed" testListId="8c84fa94-04c1-424b-9868-57a2d4851a1d" relativeResultsDirectory="8e72f7d3-ee37-4d09-af82-0a25f5c49aa4">
      <Output>
        <StdOut>Debug Trace:&#xD;
Fail: Argument null</StdOut>
      </Output>
    </UnitTestResult>
    <UnitTestResult executionId="9f3b4aaa-c00e-4697-8f39-d333cf4b8759" testId="1f9336a2-7a80-8e00-8f9d-0b352e023592" testName="Mac_Address_Empty_Test_True_2" computerName="DKSR-EFI-06" duration="00:00:00.0001068" startTime="2024-01-09T15:42:26.5133407+01:00" endTime="2024-01-09T15:42:26.5133407+01:00" testType="13cdc9d9-ddb5-4fa4-a97d-d965ccfc6d4b" outcome="Passed" testListId="8c84fa94-04c1-424b-9868-57a2d4851a1d" relativeResultsDirectory="9f3b4aaa-c00e-4697-8f39-d333cf4b8759" />
    <UnitTestResult executionId="696cfcc9-68ce-4513-8e5b-55ee88505d6f" testId="48a51aa5-8271-66b9-e7bb-589380017364" testName="ServerFileStorageQuota_ThreeConsumers_AboveLimit_PartialFail" computerName="DKSR-EFI-06" duration="00:00:00.0002975" startTime="2024-01-09T15:42:09.0601938+01:00" endTime="2024-01-09T15:42:09.0601938+01:00" testType="13cdc9d9-ddb5-4fa4-a97d-d965ccfc6d4b" outcome="Passed" testListId="8c84fa94-04c1-424b-9868-57a2d4851a1d" relativeResultsDirectory="696cfcc9-68ce-4513-8e5b-55ee88505d6f" />
    <UnitTestResult executionId="7f54392e-74f3-4816-b64e-86e6a87eb1dc" testId="1f77b769-efd6-9b37-6348-417d013b2587" testName="LicenseActivationService_AcquireLicense_LicenseNotAllowed_FeatureAlreadyInUse" computerName="DKSR-EFI-06" duration="00:00:00.0019773" startTime="2024-01-09T15:42:18.7164595+01:00" endTime="2024-01-09T15:42:18.7164595+01:00" testType="13cdc9d9-ddb5-4fa4-a97d-d965ccfc6d4b" outcome="Passed" testListId="8c84fa94-04c1-424b-9868-57a2d4851a1d" relativeResultsDirectory="7f54392e-74f3-4816-b64e-86e6a87eb1dc" />
    <UnitTestResult executionId="fc032819-6a54-4e41-8a8f-4915a41da245" testId="ce5ea23f-2354-3b05-4b07-af77ca28be84" testName="CustomLicenseType_FeatureFlagPresentDriversPresentEnabledHardwareManyActiveCamerasExceedingLimit" computerName="DKSR-EFI-06" duration="00:00:00.0466980" startTime="2024-01-09T15:42:18.1227100+01:00" endTime="2024-01-09T15:42:18.1695839+01:00" testType="13cdc9d9-ddb5-4fa4-a97d-d965ccfc6d4b" outcome="Passed" testListId="8c84fa94-04c1-424b-9868-57a2d4851a1d" relativeResultsDirectory="fc032819-6a54-4e41-8a8f-4915a41da245" />
    <UnitTestResult executionId="f80a7a75-91f1-49d2-bb8e-1926ad50c0d2" testId="9ab18920-747e-904b-c9f1-093c90b0dc2a" testName="ServerFileStorage_Starts_PersistedCleanupService" computerName="DKSR-EFI-06" duration="00:00:00.0003528" startTime="2024-01-09T15:42:09.1851937+01:00" endTime="2024-01-09T15:42:09.2008195+01:00" testType="13cdc9d9-ddb5-4fa4-a97d-d965ccfc6d4b" outcome="Passed" testListId="8c84fa94-04c1-424b-9868-57a2d4851a1d" relativeResultsDirectory="f80a7a75-91f1-49d2-bb8e-1926ad50c0d2" />
    <UnitTestResult executionId="0c14e9fc-5270-45e4-b437-f129414722dd" testId="1be79a82-4540-d1d8-b0ad-e2dc07743e1c" testName="ModelValidation_RequiredPropertiesAreNull_Failed" computerName="DKSR-EFI-06" duration="00:00:00.0026198" startTime="2024-01-09T15:42:12.2633296+01:00" endTime="2024-01-09T15:42:12.2633296+01:00" testType="13cdc9d9-ddb5-4fa4-a97d-d965ccfc6d4b" outcome="Passed" testListId="8c84fa94-04c1-424b-9868-57a2d4851a1d" relativeResultsDirectory="0c14e9fc-5270-45e4-b437-f129414722dd" />
    <UnitTestResult executionId="426b2b9d-3546-4402-b6fd-b6f4a8bafad6" testId="50f8375d-cf03-8543-6a5d-6378bb0fe5a8" testName="ReadIdentitiesFromCache_NoProvider" computerName="DKSR-EFI-06" duration="00:00:00.0017204" startTime="2024-01-09T15:42:29.6695891+01:00" endTime="2024-01-09T15:42:29.6695891+01:00" testType="13cdc9d9-ddb5-4fa4-a97d-d965ccfc6d4b" outcome="Passed" testListId="8c84fa94-04c1-424b-9868-57a2d4851a1d" relativeResultsDirectory="426b2b9d-3546-4402-b6fd-b6f4a8bafad6" />
    <UnitTestResult executionId="576db4b8-3de6-4469-9845-b94fc9c6aff3" testId="6986fc2f-124d-e182-9075-98049f0ee571" testName="Validate_ExactMatch_Found_Success" computerName="DKSR-EFI-06" duration="00:00:00.0001717" startTime="2024-01-09T15:42:26.5914652+01:00" endTime="2024-01-09T15:42:26.5914652+01:00" testType="13cdc9d9-ddb5-4fa4-a97d-d965ccfc6d4b" outcome="Passed" testListId="8c84fa94-04c1-424b-9868-57a2d4851a1d" relativeResultsDirectory="576db4b8-3de6-4469-9845-b94fc9c6aff3" />
    <UnitTestResult executionId="5b67f4f2-60e7-4024-82c8-8177e8900423" testId="14ec84df-05e5-371e-6fe5-46021548ea37" testName="Test_IsMember_CaseInsensitive" computerName="DKSR-EFI-06" duration="00:00:00.0071752" startTime="2024-01-09T15:42:29.5289666+01:00" endTime="2024-01-09T15:42:29.5289666+01:00" testType="13cdc9d9-ddb5-4fa4-a97d-d965ccfc6d4b" outcome="Passed" testListId="8c84fa94-04c1-424b-9868-57a2d4851a1d" relativeResultsDirectory="5b67f4f2-60e7-4024-82c8-8177e8900423" />
    <UnitTestResult executionId="6cc7d65f-ba16-43d3-97f6-acdf91667787" testId="8ea9e31c-1aab-e07a-4f57-45d5393a2cc1" testName="ReadChildElementValueAsUInt64_ElementNull" computerName="DKSR-EFI-06" duration="00:00:00.0005346" startTime="2024-01-09T15:42:04.0914257+01:00" endTime="2024-01-09T15:42:04.0914257+01:00" testType="13cdc9d9-ddb5-4fa4-a97d-d965ccfc6d4b" outcome="Passed" testListId="8c84fa94-04c1-424b-9868-57a2d4851a1d" relativeResultsDirectory="6cc7d65f-ba16-43d3-97f6-acdf91667787" />
    <UnitTestResult executionId="764e3f3a-33ed-4191-9950-14789fde1f52" testId="64eb099e-d5b4-daa7-2772-ad681c8ba86e" testName="HardwareScanModel_Validate_Failed" computerName="DKSR-EFI-06" duration="00:00:00.0057239" startTime="2024-01-09T15:42:11.8258269+01:00" endTime="2024-01-09T15:42:11.8258269+01:00" testType="13cdc9d9-ddb5-4fa4-a97d-d965ccfc6d4b" outcome="Passed" testListId="8c84fa94-04c1-424b-9868-57a2d4851a1d" relativeResultsDirectory="764e3f3a-33ed-4191-9950-14789fde1f52" />
    <UnitTestResult executionId="ae627af3-35f4-456b-925a-a5e479f205b6" testId="4dd883e5-76f8-1fd6-dedb-c94bc0363146" testName="CreateInstance_ValidName_ValidSearchMethod_Partial_MixedCase_Success" computerName="DKSR-EFI-06" duration="00:00:00.0001466" startTime="2024-01-09T15:42:26.5914652+01:00" endTime="2024-01-09T15:42:26.5914652+01:00" testType="13cdc9d9-ddb5-4fa4-a97d-d965ccfc6d4b" outcome="Passed" testListId="8c84fa94-04c1-424b-9868-57a2d4851a1d" relativeResultsDirectory="ae627af3-35f4-456b-925a-a5e479f205b6" />
    <UnitTestResult executionId="6bb8705b-7a21-4723-979c-3b67d956db01" testId="3d8a723b-7df9-c30c-2230-70492bb320a3" testName="ModelValidation_ValidModel_Success" computerName="DKSR-EFI-06" duration="00:00:00.0023521" startTime="2024-01-09T15:42:11.8570758+01:00" endTime="2024-01-09T15:42:11.8570758+01:00" testType="13cdc9d9-ddb5-4fa4-a97d-d965ccfc6d4b" outcome="Passed" testListId="8c84fa94-04c1-424b-9868-57a2d4851a1d" relativeResultsDirectory="6bb8705b-7a21-4723-979c-3b67d956db01" />
    <UnitTestResult executionId="acdfca77-e0fd-40e2-8c44-ba2d0ac7c65e" testId="776eceef-a177-5664-72af-adb58a63d9e0" testName="FeatureManager_GetFeatureParameterValueT_Enum_Valid_Value" computerName="DKSR-EFI-06" duration="00:00:00.0035830" startTime="2024-01-09T15:42:18.2789613+01:00" endTime="2024-01-09T15:42:18.2789613+01:00" testType="13cdc9d9-ddb5-4fa4-a97d-d965ccfc6d4b" outcome="Passed" testListId="8c84fa94-04c1-424b-9868-57a2d4851a1d" relativeResultsDirectory="acdfca77-e0fd-40e2-8c44-ba2d0ac7c65e" />
    <UnitTestResult executionId="993f266f-36d7-43af-95fb-f67cb9d86b2b" testId="5a17ed4c-ed1a-0df1-6542-c562df563b89" testName="DatabaseResponseArchiveInformationModel_NoValuesSet_ValidationFailure" computerName="DKSR-EFI-06" duration="00:00:00.0018312" startTime="2024-01-09T15:42:10.5133205+01:00" endTime="2024-01-09T15:42:10.5133205+01:00" testType="13cdc9d9-ddb5-4fa4-a97d-d965ccfc6d4b" outcome="Passed" testListId="8c84fa94-04c1-424b-9868-57a2d4851a1d" relativeResultsDirectory="993f266f-36d7-43af-95fb-f67cb9d86b2b" />
    <UnitTestResult executionId="be53bb59-b864-4fb6-bfd7-fa22b3306e43" testId="d6af1beb-a7df-3934-d40f-36ca6ad8df18" testName="LicenseActivationService_AcquireLicense_Success" computerName="DKSR-EFI-06" duration="00:00:00.0700997" startTime="2024-01-09T15:42:18.5445852+01:00" endTime="2024-01-09T15:42:18.6227124+01:00" testType="13cdc9d9-ddb5-4fa4-a97d-d965ccfc6d4b" outcome="Passed" testListId="8c84fa94-04c1-424b-9868-57a2d4851a1d" relativeResultsDirectory="be53bb59-b864-4fb6-bfd7-fa22b3306e43" />
    <UnitTestResult executionId="587411e5-1a47-4abf-ad60-15f963b64a02" testId="a3f7055c-e439-7707-6422-a1b93d6e2c45" testName="FeatureInformation_QueryAllLicensedFeatures_ReturnsNull_OnNullLicenseDocument" computerName="DKSR-EFI-06" duration="00:00:00.0000990" startTime="2024-01-09T15:42:18.1852094+01:00" endTime="2024-01-09T15:42:18.1852094+01:00" testType="13cdc9d9-ddb5-4fa4-a97d-d965ccfc6d4b" outcome="Passed" testListId="8c84fa94-04c1-424b-9868-57a2d4851a1d" relativeResultsDirectory="587411e5-1a47-4abf-ad60-15f963b64a02" />
    <UnitTestResult executionId="75c222f4-44f1-4cd9-b9fd-a1c71143a679" testId="4531876c-fda5-27ed-ec29-428147ad79c0" testName="Config_To_Xml_Success" computerName="DKSR-EFI-06" duration="00:00:00.0021980" startTime="2024-01-09T15:42:28.1539642+01:00" endTime="2024-01-09T15:42:28.1539642+01:00" testType="13cdc9d9-ddb5-4fa4-a97d-d965ccfc6d4b" outcome="Passed" testListId="8c84fa94-04c1-424b-9868-57a2d4851a1d" relativeResultsDirectory="75c222f4-44f1-4cd9-b9fd-a1c71143a679" />
    <UnitTestResult executionId="e2488edc-2ed9-485d-be7c-955adb20ad75" testId="92dac139-e57f-5a29-0b03-97f49d883e60" testName="GroupConfigurationCheckForNonExistingGroupsEmptyConfig" computerName="DKSR-EFI-06" duration="00:00:00.0006075" startTime="2024-01-09T15:42:15.2789576+01:00" endTime="2024-01-09T15:42:15.2789576+01:00" testType="13cdc9d9-ddb5-4fa4-a97d-d965ccfc6d4b" outcome="Passed" testListId="8c84fa94-04c1-424b-9868-57a2d4851a1d" relativeResultsDirectory="e2488edc-2ed9-485d-be7c-955adb20ad75" />
    <UnitTestResult executionId="eb3f8381-6f2e-4104-8cc8-64e7f0b91e07" testId="59c78bde-8a7c-8ed3-ce14-aa5cf016ae59" testName="ServiceContainer_GetService_ServiceRegistered_IsNotNull" computerName="DKSR-EFI-06" duration="00:00:00.0004047" startTime="2024-01-09T15:42:01.7789125+01:00" endTime="2024-01-09T15:42:01.7789125+01:00" testType="13cdc9d9-ddb5-4fa4-a97d-d965ccfc6d4b" outcome="Passed" testListId="8c84fa94-04c1-424b-9868-57a2d4851a1d" relativeResultsDirectory="eb3f8381-6f2e-4104-8cc8-64e7f0b91e07" />
    <UnitTestResult executionId="d842dd8a-b3ea-48d8-a9ea-f7be057a0433" testId="83631672-552f-dfce-daa3-28bbba2f670e" testName="ServerFileStorage_ReturnStorage_FreesQuota" computerName="DKSR-EFI-06" duration="00:00:00.0004632" startTime="2024-01-09T15:42:09.1226945+01:00" endTime="2024-01-09T15:42:09.1226945+01:00" testType="13cdc9d9-ddb5-4fa4-a97d-d965ccfc6d4b" outcome="Passed" testListId="8c84fa94-04c1-424b-9868-57a2d4851a1d" relativeResultsDirectory="d842dd8a-b3ea-48d8-a9ea-f7be057a0433" />
    <UnitTestResult executionId="75f36cb6-6a63-4e73-95e1-aee203839da4" testId="cc553600-50d5-ab20-3a15-05706b671d89" testName="CustomLicenseType_FeatureFlagPresentDriversPresentEnabledHardwareNoActiveCameras" computerName="DKSR-EFI-06" duration="00:00:00.0054585" startTime="2024-01-09T15:42:18.1070833+01:00" endTime="2024-01-09T15:42:18.1227100+01:00" testType="13cdc9d9-ddb5-4fa4-a97d-d965ccfc6d4b" outcome="Passed" testListId="8c84fa94-04c1-424b-9868-57a2d4851a1d" relativeResultsDirectory="75f36cb6-6a63-4e73-95e1-aee203839da4" />
    <UnitTestResult executionId="649465d1-2c8b-4a53-ad1f-1bf1ff5d07b1" testId="d3f769b6-e65d-f0aa-ddc3-00370a2e8125" testName="WarningResponseModel_Validate_Success" computerName="DKSR-EFI-06" duration="00:00:00.0011479" startTime="2024-01-09T15:42:12.7477007+01:00" endTime="2024-01-09T15:42:12.7477007+01:00" testType="13cdc9d9-ddb5-4fa4-a97d-d965ccfc6d4b" outcome="Passed" testListId="8c84fa94-04c1-424b-9868-57a2d4851a1d" relativeResultsDirectory="649465d1-2c8b-4a53-ad1f-1bf1ff5d07b1" />
    <UnitTestResult executionId="4a76dc82-367d-45ff-9964-e0c5000ecb1b" testId="fefefecb-cd3f-bcbd-7496-453b8b094f3c" testName="ServerFileStorage_SetLength_AboveQuota_Exception" computerName="DKSR-EFI-06" duration="00:00:00.0007193" startTime="2024-01-09T15:42:09.1383156+01:00" endTime="2024-01-09T15:42:09.1383156+01:00" testType="13cdc9d9-ddb5-4fa4-a97d-d965ccfc6d4b" outcome="Passed" testListId="8c84fa94-04c1-424b-9868-57a2d4851a1d" relativeResultsDirectory="4a76dc82-367d-45ff-9964-e0c5000ecb1b" />
    <UnitTestResult executionId="2b353a89-2f48-4d10-8a98-d101ff36eb2c" testId="be52f176-645e-d392-cbd1-ae8991587e9d" testName="UpdateHardwareReadOnlySettingsModel_RequiredPropertiesAreNull_Failed" computerName="DKSR-EFI-06" duration="00:00:00.0021159" startTime="2024-01-09T15:42:12.3570758+01:00" endTime="2024-01-09T15:42:12.3570758+01:00" testType="13cdc9d9-ddb5-4fa4-a97d-d965ccfc6d4b" outcome="Passed" testListId="8c84fa94-04c1-424b-9868-57a2d4851a1d" relativeResultsDirectory="2b353a89-2f48-4d10-8a98-d101ff36eb2c" />
    <UnitTestResult executionId="8b06c204-a2d3-466f-89b6-694d228df738" testId="591dc192-0252-1cb9-9f81-4a872a67be45" testName="GetServerSNMPId_Unknown" computerName="DKSR-EFI-06" duration="00:00:00.0001507" startTime="2024-01-09T15:42:26.9820885+01:00" endTime="2024-01-09T15:42:26.9820885+01:00" testType="13cdc9d9-ddb5-4fa4-a97d-d965ccfc6d4b" outcome="Passed" testListId="8c84fa94-04c1-424b-9868-57a2d4851a1d" relativeResultsDirectory="8b06c204-a2d3-466f-89b6-694d228df738" />
    <UnitTestResult executionId="d0570774-07ae-4d30-bc6e-6b49e24556ad" testId="533da458-02c6-f071-52ef-1db5a6ae00db" testName="QueryDeviceEvidenceLockSizesModelTests_Validate_Failed" computerName="DKSR-EFI-06" duration="00:00:00.0017138" startTime="2024-01-09T15:42:11.9195744+01:00" endTime="2024-01-09T15:42:11.9195744+01:00" testType="13cdc9d9-ddb5-4fa4-a97d-d965ccfc6d4b" outcome="Passed" testListId="8c84fa94-04c1-424b-9868-57a2d4851a1d" relativeResultsDirectory="d0570774-07ae-4d30-bc6e-6b49e24556ad" />
    <UnitTestResult executionId="7a8cbca7-906a-41e8-b607-20c9dab1c071" testId="d8e67879-5c2f-559c-bb05-9156445a0866" testName="WhiteList_Model_CreateInstanceWithValidModelParameter_Succeeds" computerName="DKSR-EFI-06" duration="00:00:00.0005160" startTime="2024-01-09T15:42:26.4039673+01:00" endTime="2024-01-09T15:42:26.4039673+01:00" testType="13cdc9d9-ddb5-4fa4-a97d-d965ccfc6d4b" outcome="Passed" testListId="8c84fa94-04c1-424b-9868-57a2d4851a1d" relativeResultsDirectory="7a8cbca7-906a-41e8-b607-20c9dab1c071" />
    <UnitTestResult executionId="e2e839e6-ba53-4224-a655-496fa3c2601c" testId="bc067060-4173-9d57-438c-1dc391d2bfb7" testName="SecurityManager_HasDevicePermission_ViewLive_Group_Allowed" computerName="DKSR-EFI-06" duration="00:00:00.0214199" startTime="2024-01-09T15:42:13.1695761+01:00" endTime="2024-01-09T15:42:13.2017323+01:00" testType="13cdc9d9-ddb5-4fa4-a97d-d965ccfc6d4b" outcome="Passed" testListId="8c84fa94-04c1-424b-9868-57a2d4851a1d" relativeResultsDirectory="e2e839e6-ba53-4224-a655-496fa3c2601c" />
    <UnitTestResult executionId="c5c9f76a-de1d-4811-92d6-b2cf6f47e0ed" testId="dd6e6cd5-84b5-37d5-b1c8-b5d3d0dc803e" testName="ModelValidation_NonEmptyGuidsAreEmpty_Failed" computerName="DKSR-EFI-06" duration="00:00:00.0028981" startTime="2024-01-09T15:42:11.8414530+01:00" endTime="2024-01-09T15:42:11.8570758+01:00" testType="13cdc9d9-ddb5-4fa4-a97d-d965ccfc6d4b" outcome="Passed" testListId="8c84fa94-04c1-424b-9868-57a2d4851a1d" relativeResultsDirectory="c5c9f76a-de1d-4811-92d6-b2cf6f47e0ed" />
    <UnitTestResult executionId="6c2e53ca-0342-44ef-a92a-c658641a3da8" testId="7ae6b4da-5116-29e3-b8a0-d156648f84d3" testName="TaskModel_Constructor_ArgumentNull" computerName="DKSR-EFI-06" duration="00:00:00.0010070" startTime="2024-01-09T15:42:12.3102002+01:00" endTime="2024-01-09T15:42:12.3102002+01:00" testType="13cdc9d9-ddb5-4fa4-a97d-d965ccfc6d4b" outcome="Passed" testListId="8c84fa94-04c1-424b-9868-57a2d4851a1d" relativeResultsDirectory="6c2e53ca-0342-44ef-a92a-c658641a3da8" />
    <UnitTestResult executionId="a9996fc6-c2cc-4887-9775-38aac1ccea53" testId="a8579d74-c114-1869-7e83-7adac4ed2f9d" testName="ReceiveAsync_NoError_TaskIsExecuted" computerName="DKSR-EFI-06" duration="00:00:00.0025696" startTime="2024-01-09T15:42:01.6539127+01:00" endTime="2024-01-09T15:42:01.6539127+01:00" testType="13cdc9d9-ddb5-4fa4-a97d-d965ccfc6d4b" outcome="Passed" testListId="8c84fa94-04c1-424b-9868-57a2d4851a1d" relativeResultsDirectory="a9996fc6-c2cc-4887-9775-38aac1ccea53" />
    <UnitTestResult executionId="c8db78e4-e1c3-43d6-81b3-2e02f37ee321" testId="a8d0b66e-3c5b-6bc2-7d44-37a119b6d9f4" testName="HttpClientCommunicatorWrapper_Constructor_Success" computerName="DKSR-EFI-06" duration="00:00:00.0010395" startTime="2024-01-09T15:42:11.2477022+01:00" endTime="2024-01-09T15:42:11.2633238+01:00" testType="13cdc9d9-ddb5-4fa4-a97d-d965ccfc6d4b" outcome="Passed" testListId="8c84fa94-04c1-424b-9868-57a2d4851a1d" relativeResultsDirectory="c8db78e4-e1c3-43d6-81b3-2e02f37ee321" />
    <UnitTestResult executionId="21a8f914-1922-4e0b-8ee3-d9eee67b240b" testId="90d445f6-cb0f-d505-58da-7385c723eaaf" testName="TestGetRegionsAsBooleanArray" computerName="DKSR-EFI-06" duration="00:00:00.0005122" startTime="2024-01-09T15:42:27.9664642+01:00" endTime="2024-01-09T15:42:27.9664642+01:00" testType="13cdc9d9-ddb5-4fa4-a97d-d965ccfc6d4b" outcome="Passed" testListId="8c84fa94-04c1-424b-9868-57a2d4851a1d" relativeResultsDirectory="21a8f914-1922-4e0b-8ee3-d9eee67b240b" />
    <UnitTestResult executionId="4725398f-555f-4ec6-8170-bae2a0cd19c1" testId="5f1dc5c0-e96a-35be-e365-2a8f8ef0d028" testName="Validate_PartialMatch_Found_EndOfWord_UpperCase_Success" computerName="DKSR-EFI-06" duration="00:00:00.0001924" startTime="2024-01-09T15:42:26.6227140+01:00" endTime="2024-01-09T15:42:26.6227140+01:00" testType="13cdc9d9-ddb5-4fa4-a97d-d965ccfc6d4b" outcome="Passed" testListId="8c84fa94-04c1-424b-9868-57a2d4851a1d" relativeResultsDirectory="4725398f-555f-4ec6-8170-bae2a0cd19c1" />
    <UnitTestResult executionId="65d8ca4c-6f02-4dae-a467-e6e87cfd54b6" testId="eaf70b35-ac9e-1065-0463-f89eb0bdf0bd" testName="ReadAttributeAsInt32_NameNull" computerName="DKSR-EFI-06" duration="00:00:00.0007159" startTime="2024-01-09T15:42:03.9820476+01:00" endTime="2024-01-09T15:42:03.9820476+01:00" testType="13cdc9d9-ddb5-4fa4-a97d-d965ccfc6d4b" outcome="Passed" testListId="8c84fa94-04c1-424b-9868-57a2d4851a1d" relativeResultsDirectory="65d8ca4c-6f02-4dae-a467-e6e87cfd54b6" />
    <UnitTestResult executionId="8b155dfd-dcb8-4632-96aa-9a6a63581e31" testId="fab418cf-6bc8-0f0e-ccf8-b1c92a0d3fce" testName="ReadChildElementValueAsInt32_InvalidData" computerName="DKSR-EFI-06" duration="00:00:00.0003914" startTime="2024-01-09T15:42:03.9507976+01:00" endTime="2024-01-09T15:42:03.9507976+01:00" testType="13cdc9d9-ddb5-4fa4-a97d-d965ccfc6d4b" outcome="Passed" testListId="8c84fa94-04c1-424b-9868-57a2d4851a1d" relativeResultsDirectory="8b155dfd-dcb8-4632-96aa-9a6a63581e31" />
    <UnitTestResult executionId="7fc50f8c-e761-4c1e-b2b0-79b6c2086528" testId="8c10d258-276b-4ab2-ad41-0fa0852d2979" testName="ReadAttributeAsBoolean_NoChild" computerName="DKSR-EFI-06" duration="00:00:00.0006015" startTime="2024-01-09T15:42:03.9039210+01:00" endTime="2024-01-09T15:42:03.9039210+01:00" testType="13cdc9d9-ddb5-4fa4-a97d-d965ccfc6d4b" outcome="Passed" testListId="8c84fa94-04c1-424b-9868-57a2d4851a1d" relativeResultsDirectory="7fc50f8c-e761-4c1e-b2b0-79b6c2086528" />
    <UnitTestResult executionId="ba007fd1-5c4d-4b66-bf5e-c193a42c08f4" testId="d4b3302b-02c0-4efc-6701-22737dcd2b3e" testName="ConstructorFromPtzArgs_MakesADeepCopy_Always" computerName="DKSR-EFI-06" duration="00:00:00.0015869" startTime="2024-01-09T15:42:26.7008409+01:00" endTime="2024-01-09T15:42:26.7008409+01:00" testType="13cdc9d9-ddb5-4fa4-a97d-d965ccfc6d4b" outcome="Passed" testListId="8c84fa94-04c1-424b-9868-57a2d4851a1d" relativeResultsDirectory="ba007fd1-5c4d-4b66-bf5e-c193a42c08f4" />
    <UnitTestResult executionId="442173bc-8d8b-471a-ad70-f04e154facf1" testId="df568c07-a2bf-a473-b20c-99920a8fa63b" testName="WhiteList_CreateInstanceMaximumChannelCountParameterIsNegative_RaisesArgumentException" computerName="DKSR-EFI-06" duration="00:00:00.0007701" startTime="2024-01-09T15:42:26.4352140+01:00" endTime="2024-01-09T15:42:26.4352140+01:00" testType="13cdc9d9-ddb5-4fa4-a97d-d965ccfc6d4b" outcome="Passed" testListId="8c84fa94-04c1-424b-9868-57a2d4851a1d" relativeResultsDirectory="442173bc-8d8b-471a-ad70-f04e154facf1" />
    <UnitTestResult executionId="7f0056d7-4659-42a9-a162-869172fe9e2f" testId="b1c2e496-eb63-07be-9962-24e7adb72f7e" testName="Transform_XmlWithPassword_PasswordChanged" computerName="DKSR-EFI-06" duration="00:00:00.0004333" startTime="2024-01-09T15:42:28.7789653+01:00" endTime="2024-01-09T15:42:28.7789653+01:00" testType="13cdc9d9-ddb5-4fa4-a97d-d965ccfc6d4b" outcome="Passed" testListId="8c84fa94-04c1-424b-9868-57a2d4851a1d" relativeResultsDirectory="7f0056d7-4659-42a9-a162-869172fe9e2f" />
    <UnitTestResult executionId="be0fd1c2-7324-44da-969d-37c447a3883b" testId="7659c934-2fed-c911-0cab-cf9b2974fa9d" testName="ServerFileStorageQuota_Update_AboveLimit_Fail" computerName="DKSR-EFI-06" duration="00:00:00.0001843" startTime="2024-01-09T15:42:09.0445720+01:00" endTime="2024-01-09T15:42:09.0445720+01:00" testType="13cdc9d9-ddb5-4fa4-a97d-d965ccfc6d4b" outcome="Passed" testListId="8c84fa94-04c1-424b-9868-57a2d4851a1d" relativeResultsDirectory="be0fd1c2-7324-44da-969d-37c447a3883b" />
    <UnitTestResult executionId="b4354353-5eec-4e48-b433-a06483a524c8" testId="988ea28e-c06c-c766-fcaa-2005e7f594eb" testName="ToLogEntrySystem_ModelWithLogeDefinition_SuccessConvertion" computerName="DKSR-EFI-06" duration="00:00:00.0115356" startTime="2024-01-09T15:42:12.4080160+01:00" endTime="2024-01-09T15:42:12.4195770+01:00" testType="13cdc9d9-ddb5-4fa4-a97d-d965ccfc6d4b" outcome="Passed" testListId="8c84fa94-04c1-424b-9868-57a2d4851a1d" relativeResultsDirectory="b4354353-5eec-4e48-b433-a06483a524c8" />
    <UnitTestResult executionId="04ec84b6-c03a-43cd-bfa9-82b72fa65d1a" testId="1ff61087-88e9-c98e-4497-f32bf1d35743" testName="ReadChildElementValueAsUInt16_ElementNull" computerName="DKSR-EFI-06" duration="00:00:00.0005513" startTime="2024-01-09T15:42:04.0445487+01:00" endTime="2024-01-09T15:42:04.0445487+01:00" testType="13cdc9d9-ddb5-4fa4-a97d-d965ccfc6d4b" outcome="Passed" testListId="8c84fa94-04c1-424b-9868-57a2d4851a1d" relativeResultsDirectory="04ec84b6-c03a-43cd-bfa9-82b72fa65d1a" />
    <UnitTestResult executionId="f84a082a-b492-4ff6-b8b4-f339ad9e1f52" testId="2ca04e1a-8dbd-bcea-fdc1-48061a2429ad" testName="FeatureManager_LicenseExpiryDate_Success" computerName="DKSR-EFI-06" duration="00:00:00.0005268" startTime="2024-01-09T15:42:18.3570859+01:00" endTime="2024-01-09T15:42:18.3570859+01:00" testType="13cdc9d9-ddb5-4fa4-a97d-d965ccfc6d4b" outcome="Passed" testListId="8c84fa94-04c1-424b-9868-57a2d4851a1d" relativeResultsDirectory="f84a082a-b492-4ff6-b8b4-f339ad9e1f52" />
    <UnitTestResult executionId="13800a9a-40d0-4469-837b-13636fcb4f88" testId="c2285dae-1cec-1615-44a4-c7a7de367a0d" testName="WhiteList_IsDriverWhiteListed_HWWith17CH_GlobalMaxChannelCountIs16_ReturnsFalse" computerName="DKSR-EFI-06" duration="00:00:00.0007666" startTime="2024-01-09T15:42:26.4352140+01:00" endTime="2024-01-09T15:42:26.4352140+01:00" testType="13cdc9d9-ddb5-4fa4-a97d-d965ccfc6d4b" outcome="Passed" testListId="8c84fa94-04c1-424b-9868-57a2d4851a1d" relativeResultsDirectory="13800a9a-40d0-4469-837b-13636fcb4f88" />
    <UnitTestResult executionId="8f9dfcce-a085-4b81-9617-2d01fa34ad8d" testId="0565dbba-a5c9-6aed-c8f5-75dfd184b94b" testName="FeatureManager_GetFeatureParameterValueT_Guid_Invalid_Value" computerName="DKSR-EFI-06" duration="00:00:00.0018241" startTime="2024-01-09T15:42:18.2789613+01:00" endTime="2024-01-09T15:42:18.2789613+01:00" testType="13cdc9d9-ddb5-4fa4-a97d-d965ccfc6d4b" outcome="Passed" testListId="8c84fa94-04c1-424b-9868-57a2d4851a1d" relativeResultsDirectory="8f9dfcce-a085-4b81-9617-2d01fa34ad8d" />
    <UnitTestResult executionId="62793c05-f02a-4040-a04f-46341f26dc6e" testId="31455d01-3706-853f-796f-fa9efeb1ad77" testName="LicenseDocument_IsFeatureLicensed_ExistingFeature" computerName="DKSR-EFI-06" duration="00:00:00.0018832" startTime="2024-01-09T15:42:26.0445883+01:00" endTime="2024-01-09T15:42:26.0445883+01:00" testType="13cdc9d9-ddb5-4fa4-a97d-d965ccfc6d4b" outcome="Passed" testListId="8c84fa94-04c1-424b-9868-57a2d4851a1d" relativeResultsDirectory="62793c05-f02a-4040-a04f-46341f26dc6e" />
    <UnitTestResult executionId="8d1e6eb6-b486-4192-b663-b798b6978256" testId="bbeb0c54-69b2-7c8f-6a00-800a5e934d17" testName="WhiteList_Model_IsModelWhitelistedOnUnlistedModels_ReturnsFalse" computerName="DKSR-EFI-06" duration="00:00:00.0006779" startTime="2024-01-09T15:42:26.4195896+01:00" endTime="2024-01-09T15:42:26.4195896+01:00" testType="13cdc9d9-ddb5-4fa4-a97d-d965ccfc6d4b" outcome="Passed" testListId="8c84fa94-04c1-424b-9868-57a2d4851a1d" relativeResultsDirectory="8d1e6eb6-b486-4192-b663-b798b6978256" />
    <UnitTestResult executionId="58ddaa59-6ec7-476c-8e04-222bcd7a0fc1" testId="b8e6fe2d-c2e3-78bf-824f-4f0be8730c44" testName="WhiteList_IsDriverWhiteListed_HWWith12CH_DriverMaxChannelCountIs16GlobalMaxChannelCountIs10_ReturnsTrue" computerName="DKSR-EFI-06" duration="00:00:00.0006740" startTime="2024-01-09T15:42:26.4508399+01:00" endTime="2024-01-09T15:42:26.4508399+01:00" testType="13cdc9d9-ddb5-4fa4-a97d-d965ccfc6d4b" outcome="Passed" testListId="8c84fa94-04c1-424b-9868-57a2d4851a1d" relativeResultsDirectory="58ddaa59-6ec7-476c-8e04-222bcd7a0fc1" />
    <UnitTestResult executionId="ac670482-2af9-4806-abf5-33ce213b78bc" testId="14327e89-f73c-f294-4d5f-9495b39b1202" testName="BulkProcessor_Exception_In_ProcessDelegate" computerName="DKSR-EFI-06" duration="00:00:00.0276551" startTime="2024-01-09T15:42:17.5445848+01:00" endTime="2024-01-09T15:42:17.5758348+01:00" testType="13cdc9d9-ddb5-4fa4-a97d-d965ccfc6d4b" outcome="Passed" testListId="8c84fa94-04c1-424b-9868-57a2d4851a1d" relativeResultsDirectory="ac670482-2af9-4806-abf5-33ce213b78bc" />
    <UnitTestResult executionId="b090c7ea-457f-4e46-84fd-cba849e5caa2" testId="26e7c1be-3d63-b011-e9de-0064ed7a5e30" testName="ParseAsBytes_Null_Throws_ArgumentNullException" computerName="DKSR-EFI-06" duration="00:00:00.0003251" startTime="2024-01-09T15:42:29.5133772+01:00" endTime="2024-01-09T15:42:29.5133772+01:00" testType="13cdc9d9-ddb5-4fa4-a97d-d965ccfc6d4b" outcome="Passed" testListId="8c84fa94-04c1-424b-9868-57a2d4851a1d" relativeResultsDirectory="b090c7ea-457f-4e46-84fd-cba849e5caa2" />
    <UnitTestResult executionId="10537697-db33-401b-a366-13ed90c4fbd6" testId="34c0a376-bddf-385d-f86f-b6c6ec724d5f" testName="AddHardware_ThrowException_WhenNull" computerName="DKSR-EFI-06" duration="00:00:00.0006640" startTime="2024-01-09T15:42:18.4039585+01:00" endTime="2024-01-09T15:42:18.4039585+01:00" testType="13cdc9d9-ddb5-4fa4-a97d-d965ccfc6d4b" outcome="Passed" testListId="8c84fa94-04c1-424b-9868-57a2d4851a1d" relativeResultsDirectory="10537697-db33-401b-a366-13ed90c4fbd6" />
    <UnitTestResult executionId="b250a136-e1cf-409b-9e62-2a14a62cc764" testId="112a5225-ee11-41ae-8ade-6f05be233ebc" testName="TokenHandler_GetNewToken_Failed" computerName="DKSR-EFI-06" duration="00:00:00.0016772" startTime="2024-01-09T15:42:13.2477019+01:00" endTime="2024-01-09T15:42:13.2477019+01:00" testType="13cdc9d9-ddb5-4fa4-a97d-d965ccfc6d4b" outcome="Passed" testListId="8c84fa94-04c1-424b-9868-57a2d4851a1d" relativeResultsDirectory="b250a136-e1cf-409b-9e62-2a14a62cc764">
      <Output>
        <StdOut>Debug Trace:&#xD;
Token created: TOKEN#18ba684f-3eca-4b8b-9b12-f6d8ff3df2df##</StdOut>
      </Output>
    </UnitTestResult>
    <UnitTestResult executionId="e2fc57d4-c233-49b2-bbfe-8a0d17507518" testId="7b46ca98-430c-2a1f-64c5-540290548710" testName="MipActionModel_RequiredPropertiesAreNull_Failed" computerName="DKSR-EFI-06" duration="00:00:00.0033199" startTime="2024-01-09T15:42:12.5445779+01:00" endTime="2024-01-09T15:42:12.5445779+01:00" testType="13cdc9d9-ddb5-4fa4-a97d-d965ccfc6d4b" outcome="Passed" testListId="8c84fa94-04c1-424b-9868-57a2d4851a1d" relativeResultsDirectory="e2fc57d4-c233-49b2-bbfe-8a0d17507518" />
    <UnitTestResult executionId="566191d8-3db5-4cc9-b2bf-327fc8672310" testId="ddf293a3-38e0-7a52-5485-6c7fa59ccec3" testName="Decrypt_DataSetIsNull_ThrowsArgumentNullException" computerName="DKSR-EFI-06" duration="00:00:00.0040278" startTime="2024-01-09T15:42:28.0445889+01:00" endTime="2024-01-09T15:42:28.0445889+01:00" testType="13cdc9d9-ddb5-4fa4-a97d-d965ccfc6d4b" outcome="Passed" testListId="8c84fa94-04c1-424b-9868-57a2d4851a1d" relativeResultsDirectory="566191d8-3db5-4cc9-b2bf-327fc8672310">
      <Output>
        <StdOut>Debug Trace:&#xD;
Fail: Argument null</StdOut>
      </Output>
    </UnitTestResult>
    <UnitTestResult executionId="1be407ec-66fe-49f6-8d3e-4e16babf1853" testId="5b07b8b5-0843-c362-828d-b7a85b237cff" testName="Constructor_BaseAddressIsNull_ArgumentNullExceptionThrown" computerName="DKSR-EFI-06" duration="00:00:00.5263324" startTime="2024-01-09T15:42:00.2320919+01:00" endTime="2024-01-09T15:42:00.7477225+01:00" testType="13cdc9d9-ddb5-4fa4-a97d-d965ccfc6d4b" outcome="Passed" testListId="8c84fa94-04c1-424b-9868-57a2d4851a1d" relativeResultsDirectory="1be407ec-66fe-49f6-8d3e-4e16babf1853">
      <Output>
        <StdOut>Debug Trace:&#xD;
Fail: Argument null</StdOut>
      </Output>
    </UnitTestResult>
    <UnitTestResult executionId="4ef4a61f-98dc-4375-94aa-ed0b1208ad90" testId="35a507f6-229c-dd88-e173-ea4440f8acb9" testName="RecurringSchedule_GetNextScheduleTime_Monthly_Every_3_Months_Every_First_Monday_At_4_00" computerName="DKSR-EFI-06" duration="00:00:00.0018357" startTime="2024-01-09T15:42:13.7789533+01:00" endTime="2024-01-09T15:42:13.7789533+01:00" testType="13cdc9d9-ddb5-4fa4-a97d-d965ccfc6d4b" outcome="Passed" testListId="8c84fa94-04c1-424b-9868-57a2d4851a1d" relativeResultsDirectory="4ef4a61f-98dc-4375-94aa-ed0b1208ad90" />
    <UnitTestResult executionId="5b2f2fd6-dc67-4cf2-a064-9444adaecf0b" testId="6a777aaa-b3db-1fce-6d0a-780e1a49c3a3" testName="FindFrameIdx_TimeBtwF1F2" computerName="DKSR-EFI-06" duration="00:00:00.0025382" startTime="2024-01-09T15:42:04.4195508+01:00" endTime="2024-01-09T15:42:04.4195508+01:00" testType="13cdc9d9-ddb5-4fa4-a97d-d965ccfc6d4b" outcome="Passed" testListId="8c84fa94-04c1-424b-9868-57a2d4851a1d" relativeResultsDirectory="5b2f2fd6-dc67-4cf2-a064-9444adaecf0b" />
    <UnitTestResult executionId="da5374dc-16c7-49e2-ad6f-f36b97b23554" testId="468dbc9b-87c4-cccb-27ee-88a267ee8242" testName="WhiteList_Model_CreateInstanceWithEmptyWhitelistParameter_Succeeds" computerName="DKSR-EFI-06" duration="00:00:00.0003835" startTime="2024-01-09T15:42:26.4039673+01:00" endTime="2024-01-09T15:42:26.4039673+01:00" testType="13cdc9d9-ddb5-4fa4-a97d-d965ccfc6d4b" outcome="Passed" testListId="8c84fa94-04c1-424b-9868-57a2d4851a1d" relativeResultsDirectory="da5374dc-16c7-49e2-ad6f-f36b97b23554" />
    <UnitTestResult executionId="a8c51c09-b7c8-4d23-98ed-6cfa8d830753" testId="6d17ce2d-1c67-381e-ed2e-b6452adf0f8e" testName="BaseHtmlLicenseReport_CreatePNode_WithClassName_NullText_Success" computerName="DKSR-EFI-06" duration="00:00:00.0006372" startTime="2024-01-09T15:42:18.0602085+01:00" endTime="2024-01-09T15:42:18.0602085+01:00" testType="13cdc9d9-ddb5-4fa4-a97d-d965ccfc6d4b" outcome="Passed" testListId="8c84fa94-04c1-424b-9868-57a2d4851a1d" relativeResultsDirectory="a8c51c09-b7c8-4d23-98ed-6cfa8d830753" />
    <UnitTestResult executionId="33471171-47d4-4c38-948b-bb4e9057c5b8" testId="531e2ccf-1e8d-f6f7-f55a-93fb4331821d" testName="Create_IsNotKnownType_ReturnsNull" computerName="DKSR-EFI-06" duration="00:00:00.0000997" startTime="2024-01-09T15:42:28.7945898+01:00" endTime="2024-01-09T15:42:28.7945898+01:00" testType="13cdc9d9-ddb5-4fa4-a97d-d965ccfc6d4b" outcome="Passed" testListId="8c84fa94-04c1-424b-9868-57a2d4851a1d" relativeResultsDirectory="33471171-47d4-4c38-948b-bb4e9057c5b8" />
    <UnitTestResult executionId="610fb7fa-3868-49cf-9cd6-d1008ea2ec69" testId="fec1a267-0965-8545-94c7-6443f274716e" testName="FeatureManager_HasLicense_WithLicense_ReturnTrue" computerName="DKSR-EFI-06" duration="00:00:00.0001474" startTime="2024-01-09T15:42:18.3414615+01:00" endTime="2024-01-09T15:42:18.3414615+01:00" testType="13cdc9d9-ddb5-4fa4-a97d-d965ccfc6d4b" outcome="Passed" testListId="8c84fa94-04c1-424b-9868-57a2d4851a1d" relativeResultsDirectory="610fb7fa-3868-49cf-9cd6-d1008ea2ec69" />
    <UnitTestResult executionId="ba4c2d22-fa17-430c-90ed-c37f25dcf0b6" testId="44ffeb6d-cf9c-51d6-578b-63781cff588e" testName="LicenseDocument_IsFeatureLicensed_ExistingFeatureNotExpired" computerName="DKSR-EFI-06" duration="00:00:00.0017574" startTime="2024-01-09T15:42:26.0445883+01:00" endTime="2024-01-09T15:42:26.0445883+01:00" testType="13cdc9d9-ddb5-4fa4-a97d-d965ccfc6d4b" outcome="Passed" testListId="8c84fa94-04c1-424b-9868-57a2d4851a1d" relativeResultsDirectory="ba4c2d22-fa17-430c-90ed-c37f25dcf0b6" />
    <UnitTestResult executionId="4bdf299f-a414-4afd-8271-ee5d99f21c5a" testId="bcaed945-5486-272f-f6c2-d90b18548e30" testName="MilestoneOemResourcesTest" computerName="DKSR-EFI-06" duration="00:00:00.5368189" startTime="2024-01-09T15:42:16.3727101+01:00" endTime="2024-01-09T15:42:16.9195833+01:00" testType="13cdc9d9-ddb5-4fa4-a97d-d965ccfc6d4b" outcome="Passed" testListId="8c84fa94-04c1-424b-9868-57a2d4851a1d" relativeResultsDirectory="4bdf299f-a414-4afd-8271-ee5d99f21c5a" />
    <UnitTestResult executionId="bb1d1525-0318-4abc-88b1-edeef6f2974b" testId="1accfd8a-0a38-1368-de38-ea2f36422228" testName="TestMergeGridAreaWithValidAreasSecondIsLarger" computerName="DKSR-EFI-06" duration="00:00:00.0004157" startTime="2024-01-09T15:42:27.9039641+01:00" endTime="2024-01-09T15:42:27.9039641+01:00" testType="13cdc9d9-ddb5-4fa4-a97d-d965ccfc6d4b" outcome="Passed" testListId="8c84fa94-04c1-424b-9868-57a2d4851a1d" relativeResultsDirectory="bb1d1525-0318-4abc-88b1-edeef6f2974b" />
    <UnitTestResult executionId="9e1a79bd-cbd5-4dbf-9f4e-d318ec51ed83" testId="c464605a-08ee-c960-9bad-25e97cc754de" testName="FeatureManager_TryGetFeatureParameterValue_License_Doc_Null" computerName="DKSR-EFI-06" duration="00:00:00.0003888" startTime="2024-01-09T15:42:18.2320853+01:00" endTime="2024-01-09T15:42:18.2320853+01:00" testType="13cdc9d9-ddb5-4fa4-a97d-d965ccfc6d4b" outcome="Passed" testListId="8c84fa94-04c1-424b-9868-57a2d4851a1d" relativeResultsDirectory="9e1a79bd-cbd5-4dbf-9f4e-d318ec51ed83" />
    <UnitTestResult executionId="14bedb15-466a-45dd-9fde-65019550c6f7" testId="093063e5-4e85-2605-7464-0185ca69aad4" testName="ServerFileStorage_Seek_PastStreamEnd_Exception" computerName="DKSR-EFI-06" duration="00:00:00.0011607" startTime="2024-01-09T15:42:09.1383156+01:00" endTime="2024-01-09T15:42:09.1539416+01:00" testType="13cdc9d9-ddb5-4fa4-a97d-d965ccfc6d4b" outcome="Passed" testListId="8c84fa94-04c1-424b-9868-57a2d4851a1d" relativeResultsDirectory="14bedb15-466a-45dd-9fde-65019550c6f7" />
    <UnitTestResult executionId="13e44999-b0a3-4d6b-95d9-c24987bad169" testId="a024f1d8-2e1f-2d37-180c-daa8c0b2c5cc" testName="WarningResponseModel_NoValuesSet_ValidationFailure" computerName="DKSR-EFI-06" duration="00:00:00.0012497" startTime="2024-01-09T15:42:10.6070722+01:00" endTime="2024-01-09T15:42:10.6070722+01:00" testType="13cdc9d9-ddb5-4fa4-a97d-d965ccfc6d4b" outcome="Passed" testListId="8c84fa94-04c1-424b-9868-57a2d4851a1d" relativeResultsDirectory="13e44999-b0a3-4d6b-95d9-c24987bad169" />
    <UnitTestResult executionId="5339826c-a161-4752-bb45-e3dba87a21f9" testId="99beb515-9b50-ddb8-28f4-fe7b9cfb3d55" testName="Transform" computerName="DKSR-EFI-06" duration="00:00:00.0008691" startTime="2024-01-09T15:42:28.5758392+01:00" endTime="2024-01-09T15:42:28.5758392+01:00" testType="13cdc9d9-ddb5-4fa4-a97d-d965ccfc6d4b" outcome="Passed" testListId="8c84fa94-04c1-424b-9868-57a2d4851a1d" relativeResultsDirectory="5339826c-a161-4752-bb45-e3dba87a21f9" />
    <UnitTestResult executionId="ba05865c-41b5-4374-aec1-56d8df09fc3d" testId="7e0ca6a5-922a-0337-19d0-64f05d139001" testName="Encrypt" computerName="DKSR-EFI-06" duration="00:00:00.0109375" startTime="2024-01-09T15:42:28.5289646+01:00" endTime="2024-01-09T15:42:28.5445901+01:00" testType="13cdc9d9-ddb5-4fa4-a97d-d965ccfc6d4b" outcome="Passed" testListId="8c84fa94-04c1-424b-9868-57a2d4851a1d" relativeResultsDirectory="ba05865c-41b5-4374-aec1-56d8df09fc3d" />
    <UnitTestResult executionId="6113a34e-6321-4c55-a4cc-6ad5e2cf98a9" testId="3cdc97f6-93f6-8b1f-9406-b91a77d074eb" testName="QueuedCommandExecutor_Close" computerName="DKSR-EFI-06" duration="00:00:00.0299688" startTime="2024-01-09T15:42:29.4039645+01:00" endTime="2024-01-09T15:42:29.4352153+01:00" testType="13cdc9d9-ddb5-4fa4-a97d-d965ccfc6d4b" outcome="Passed" testListId="8c84fa94-04c1-424b-9868-57a2d4851a1d" relativeResultsDirectory="6113a34e-6321-4c55-a4cc-6ad5e2cf98a9" />
    <UnitTestResult executionId="21bf8d4f-2e7a-4090-8caa-175d8e9f1169" testId="77ba8355-8c34-377b-c16f-9aec4c9acdf8" testName="RefCountedObjectWrapper_Dispose_Success" computerName="DKSR-EFI-06" duration="00:00:00.0008417" startTime="2024-01-09T15:42:11.0758203+01:00" endTime="2024-01-09T15:42:11.0758203+01:00" testType="13cdc9d9-ddb5-4fa4-a97d-d965ccfc6d4b" outcome="Passed" testListId="8c84fa94-04c1-424b-9868-57a2d4851a1d" relativeResultsDirectory="21bf8d4f-2e7a-4090-8caa-175d8e9f1169" />
    <UnitTestResult executionId="0dbf2160-5854-47b0-b9bf-8be7ff5addea" testId="abb83a8b-1b85-8d44-2f49-9f67ade18cf5" testName="GetRecorderSNMPId_Known" computerName="DKSR-EFI-06" duration="00:00:00.0003128" startTime="2024-01-09T15:42:26.9664642+01:00" endTime="2024-01-09T15:42:26.9664642+01:00" testType="13cdc9d9-ddb5-4fa4-a97d-d965ccfc6d4b" outcome="Passed" testListId="8c84fa94-04c1-424b-9868-57a2d4851a1d" relativeResultsDirectory="0dbf2160-5854-47b0-b9bf-8be7ff5addea" />
    <UnitTestResult executionId="999e6528-b352-46b1-930c-dd25bea79a53" testId="f2149233-5db2-c743-b97a-4f8111db9b32" testName="GetAggregateFeeds_FailsWhen_MacAddressNotInHardwareDictionary" computerName="DKSR-EFI-06" duration="00:00:00.0006417" startTime="2024-01-09T15:42:18.3884180+01:00" endTime="2024-01-09T15:42:18.3884180+01:00" testType="13cdc9d9-ddb5-4fa4-a97d-d965ccfc6d4b" outcome="Passed" testListId="8c84fa94-04c1-424b-9868-57a2d4851a1d" relativeResultsDirectory="999e6528-b352-46b1-930c-dd25bea79a53" />
    <UnitTestResult executionId="74dbdd9c-bdb1-4b24-bf9a-f599ae478e3c" testId="95dbcce7-6bb4-a762-7a18-8841c3b7477e" testName="UniqueIndex_RemoveEntry_Removes_Specified_Item" computerName="DKSR-EFI-06" duration="00:00:00.0020866" startTime="2024-01-09T15:42:04.2007996+01:00" endTime="2024-01-09T15:42:04.2007996+01:00" testType="13cdc9d9-ddb5-4fa4-a97d-d965ccfc6d4b" outcome="Passed" testListId="8c84fa94-04c1-424b-9868-57a2d4851a1d" relativeResultsDirectory="74dbdd9c-bdb1-4b24-bf9a-f599ae478e3c" />
    <UnitTestResult executionId="0368fd24-ce5d-4cae-aa0d-75bb0ab062c8" testId="37dbfa10-3842-fe4c-e664-4886ba1bdb80" testName="LicenseDocument_ValidateIsIcpDeviceLicensed_NonIcpDevice_ThrowsInvalidOperationException" computerName="DKSR-EFI-06" duration="00:00:00.0027992" startTime="2024-01-09T15:42:26.2320922+01:00" endTime="2024-01-09T15:42:26.2320922+01:00" testType="13cdc9d9-ddb5-4fa4-a97d-d965ccfc6d4b" outcome="Passed" testListId="8c84fa94-04c1-424b-9868-57a2d4851a1d" relativeResultsDirectory="0368fd24-ce5d-4cae-aa0d-75bb0ab062c8" />
    <UnitTestResult executionId="225aa545-3f9e-43b7-8061-ea790bab9ff8" testId="1dc5a329-41e5-3e6d-fc5e-d8b4c47ea882" testName="DatabaseResponseDiskUsageModel_NoValuesSet_ValidationFailure" computerName="DKSR-EFI-06" duration="00:00:00.0015516" startTime="2024-01-09T15:42:10.5133205+01:00" endTime="2024-01-09T15:42:10.5133205+01:00" testType="13cdc9d9-ddb5-4fa4-a97d-d965ccfc6d4b" outcome="Passed" testListId="8c84fa94-04c1-424b-9868-57a2d4851a1d" relativeResultsDirectory="225aa545-3f9e-43b7-8061-ea790bab9ff8" />
    <UnitTestResult executionId="d28b62f4-a196-4f74-9437-27cba6c82dd8" testId="96d896f1-97ad-d074-c333-376a66dc9171" testName="ModelValidation_RequiredPropertiesAreNull_Failed" computerName="DKSR-EFI-06" duration="00:00:00.0018992" startTime="2024-01-09T15:42:11.8101986+01:00" endTime="2024-01-09T15:42:11.8101986+01:00" testType="13cdc9d9-ddb5-4fa4-a97d-d965ccfc6d4b" outcome="Passed" testListId="8c84fa94-04c1-424b-9868-57a2d4851a1d" relativeResultsDirectory="d28b62f4-a196-4f74-9437-27cba6c82dd8" />
    <UnitTestResult executionId="cd3c8f13-5acc-4301-b390-1e666b16b122" testId="825d1feb-387a-a099-318b-03cd17d95884" testName="EvidenceLockOnOldRecorderModelTests_Validate_Success" computerName="DKSR-EFI-06" duration="00:00:00.0033077" startTime="2024-01-09T15:42:11.7789508+01:00" endTime="2024-01-09T15:42:11.7789508+01:00" testType="13cdc9d9-ddb5-4fa4-a97d-d965ccfc6d4b" outcome="Passed" testListId="8c84fa94-04c1-424b-9868-57a2d4851a1d" relativeResultsDirectory="cd3c8f13-5acc-4301-b390-1e666b16b122" />
    <UnitTestResult executionId="29955eef-cf8b-4f8c-9704-bd8406f2502c" testId="e86cf0e8-0c6a-48d9-40ef-23c399804a39" testName="CreateInstance_SaveSettings_AllowInsecureIsFalse_Success" computerName="DKSR-EFI-06" duration="00:00:00.0038607" startTime="2024-01-09T15:42:12.9820764+01:00" endTime="2024-01-09T15:42:12.9820764+01:00" testType="13cdc9d9-ddb5-4fa4-a97d-d965ccfc6d4b" outcome="Passed" testListId="8c84fa94-04c1-424b-9868-57a2d4851a1d" relativeResultsDirectory="29955eef-cf8b-4f8c-9704-bd8406f2502c" />
    <UnitTestResult executionId="3dc6d4e4-1fc3-4b99-a336-aa5f3c671207" testId="2fa32178-1f6e-2d17-1a71-e9015f6ef56a" testName="ScheduledTimeReachedFunctionScheduledDateTimeReachedForOneOfTwoTokensTest" computerName="DKSR-EFI-06" duration="00:00:00.0008347" startTime="2024-01-09T15:42:15.4352049+01:00" endTime="2024-01-09T15:42:15.4352049+01:00" testType="13cdc9d9-ddb5-4fa4-a97d-d965ccfc6d4b" outcome="Passed" testListId="8c84fa94-04c1-424b-9868-57a2d4851a1d" relativeResultsDirectory="3dc6d4e4-1fc3-4b99-a336-aa5f3c671207" />
    <UnitTestResult executionId="4879e62b-9700-4f1a-a0bf-3351ff4158a7" testId="bd7171f9-7774-2edc-a6d3-25e01dc1b9bb" testName="LicenseDocument_ICPLimitedDriversIncluded" computerName="DKSR-EFI-06" duration="00:00:00.0022080" startTime="2024-01-09T15:42:26.0914644+01:00" endTime="2024-01-09T15:42:26.1070914+01:00" testType="13cdc9d9-ddb5-4fa4-a97d-d965ccfc6d4b" outcome="Passed" testListId="8c84fa94-04c1-424b-9868-57a2d4851a1d" relativeResultsDirectory="4879e62b-9700-4f1a-a0bf-3351ff4158a7" />
    <UnitTestResult executionId="e18eb37e-183f-4ce4-a763-b944de849bab" testId="490342c1-764c-d6c8-1c4d-2b4a58d20bfd" testName="ReadChildElementValueAsInt32_SunnyDay" computerName="DKSR-EFI-06" duration="00:00:00.0003818" startTime="2024-01-09T15:42:03.9507976+01:00" endTime="2024-01-09T15:42:03.9507976+01:00" testType="13cdc9d9-ddb5-4fa4-a97d-d965ccfc6d4b" outcome="Passed" testListId="8c84fa94-04c1-424b-9868-57a2d4851a1d" relativeResultsDirectory="e18eb37e-183f-4ce4-a763-b944de849bab" />
    <UnitTestResult executionId="be15f320-f52b-48b8-b962-3524639fef23" testId="f3002bbb-cc2e-e355-83fe-ca21eb55dcb1" testName="HttpClientCommunicatorWrapper_ReceiveTRet_CommunicationException" computerName="DKSR-EFI-06" duration="00:00:00.0011338" startTime="2024-01-09T15:42:11.3883762+01:00" endTime="2024-01-09T15:42:11.3883762+01:00" testType="13cdc9d9-ddb5-4fa4-a97d-d965ccfc6d4b" outcome="Passed" testListId="8c84fa94-04c1-424b-9868-57a2d4851a1d" relativeResultsDirectory="be15f320-f52b-48b8-b962-3524639fef23" />
    <UnitTestResult executionId="7675a8c3-1c84-4cb4-8c3a-ae673e7b7e6d" testId="59e73b23-8838-c997-ccca-0d02f0d31aba" testName="StreamsConfiguration_AddRemove_Success" computerName="DKSR-EFI-06" duration="00:00:00.0045796" startTime="2024-01-09T15:42:09.2789432+01:00" endTime="2024-01-09T15:42:09.2789432+01:00" testType="13cdc9d9-ddb5-4fa4-a97d-d965ccfc6d4b" outcome="Passed" testListId="8c84fa94-04c1-424b-9868-57a2d4851a1d" relativeResultsDirectory="7675a8c3-1c84-4cb4-8c3a-ae673e7b7e6d" />
    <UnitTestResult executionId="074cd1ed-3f57-4df3-b9e6-c4cb66243f3e" testId="4f2ece04-87f7-2858-00b8-5509d2fd2b44" testName="HardwareInfo_HasActivatedCameras_ReturnsFalse_OnNoActivatedCameras" computerName="DKSR-EFI-06" duration="00:00:00.0009411" startTime="2024-01-09T15:42:18.4664607+01:00" endTime="2024-01-09T15:42:18.4664607+01:00" testType="13cdc9d9-ddb5-4fa4-a97d-d965ccfc6d4b" outcome="Passed" testListId="8c84fa94-04c1-424b-9868-57a2d4851a1d" relativeResultsDirectory="074cd1ed-3f57-4df3-b9e6-c4cb66243f3e" />
    <UnitTestResult executionId="2d67ee73-f65b-4328-95d2-569d86648749" testId="751967da-9524-d0a0-234e-0c2560cb1ad8" testName="CertificateSelection2_GetHashCode" computerName="DKSR-EFI-06" duration="00:00:00.0011172" startTime="2024-01-09T15:42:29.4820893+01:00" endTime="2024-01-09T15:42:29.4820893+01:00" testType="13cdc9d9-ddb5-4fa4-a97d-d965ccfc6d4b" outcome="Passed" testListId="8c84fa94-04c1-424b-9868-57a2d4851a1d" relativeResultsDirectory="2d67ee73-f65b-4328-95d2-569d86648749" />
    <UnitTestResult executionId="60c18aff-68c0-431e-8290-a8c3db0607af" testId="4aa14437-3803-5869-0e81-906d763b395c" testName="ReadChildElementValueAsUInt64_InvalidData" computerName="DKSR-EFI-06" duration="00:00:00.0004913" startTime="2024-01-09T15:42:04.0757987+01:00" endTime="2024-01-09T15:42:04.0757987+01:00" testType="13cdc9d9-ddb5-4fa4-a97d-d965ccfc6d4b" outcome="Passed" testListId="8c84fa94-04c1-424b-9868-57a2d4851a1d" relativeResultsDirectory="60c18aff-68c0-431e-8290-a8c3db0607af" />
    <UnitTestResult executionId="f8388c29-4348-4311-b663-1223eb144e3f" testId="4b7cd3e8-0f1c-aa79-d168-fcca1bc15eea" testName="ModelValidation_RequiredPropertiesAreNull_Failed" computerName="DKSR-EFI-06" duration="00:00:00.0037541" startTime="2024-01-09T15:42:12.3258264+01:00" endTime="2024-01-09T15:42:12.3258264+01:00" testType="13cdc9d9-ddb5-4fa4-a97d-d965ccfc6d4b" outcome="Passed" testListId="8c84fa94-04c1-424b-9868-57a2d4851a1d" relativeResultsDirectory="f8388c29-4348-4311-b663-1223eb144e3f" />
    <UnitTestResult executionId="c3f2f1b5-be73-4ce7-836b-356033590e96" testId="f4aca951-5572-6fb8-5445-22560bf3094a" testName="CreateResponseException_ServiceUnavailableAndResponseHasContent_ContentIsDeserializedFromHttpResponseMessage" computerName="DKSR-EFI-06" duration="00:00:00.0774560" startTime="2024-01-09T15:42:12.8414521+01:00" endTime="2024-01-09T15:42:12.9195768+01:00" testType="13cdc9d9-ddb5-4fa4-a97d-d965ccfc6d4b" outcome="Passed" testListId="8c84fa94-04c1-424b-9868-57a2d4851a1d" relativeResultsDirectory="c3f2f1b5-be73-4ce7-836b-356033590e96" />
    <UnitTestResult executionId="53f60a11-d1fe-465e-a146-dd1e37313d5f" testId="dc919844-0208-264a-0bb5-2c888b8b3b92" testName="AsString_ZeroLength_Success" computerName="DKSR-EFI-06" duration="00:00:00.0001481" startTime="2024-01-09T15:42:29.5289666+01:00" endTime="2024-01-09T15:42:29.5289666+01:00" testType="13cdc9d9-ddb5-4fa4-a97d-d965ccfc6d4b" outcome="Passed" testListId="8c84fa94-04c1-424b-9868-57a2d4851a1d" relativeResultsDirectory="53f60a11-d1fe-465e-a146-dd1e37313d5f" />
    <UnitTestResult executionId="7d601cbe-fac8-42c1-b43e-c930faf403cd" testId="9677838f-755f-92eb-b624-4016402ab1a7" testName="Test_IsMemeber_Simple2Branched" computerName="DKSR-EFI-06" duration="00:00:00.0016277" startTime="2024-01-09T15:42:29.6227145+01:00" endTime="2024-01-09T15:42:29.6383392+01:00" testType="13cdc9d9-ddb5-4fa4-a97d-d965ccfc6d4b" outcome="Passed" testListId="8c84fa94-04c1-424b-9868-57a2d4851a1d" relativeResultsDirectory="7d601cbe-fac8-42c1-b43e-c930faf403cd" />
    <UnitTestResult executionId="69a8356b-c198-4097-a1b3-4cbc58adf1db" testId="2331fc6c-4bea-8cac-e7a0-f9f9299e3180" testName="AssemblyInfoVersionTest" computerName="DKSR-EFI-06" duration="00:00:00.0062348" startTime="2024-01-09T15:42:16.3727101+01:00" endTime="2024-01-09T15:42:16.3727101+01:00" testType="13cdc9d9-ddb5-4fa4-a97d-d965ccfc6d4b" outcome="Passed" testListId="8c84fa94-04c1-424b-9868-57a2d4851a1d" relativeResultsDirectory="69a8356b-c198-4097-a1b3-4cbc58adf1db" />
    <UnitTestResult executionId="d1a0ce60-e34b-4a13-8419-ad69ed01df4b" testId="ef69f555-2dec-fce8-3b15-9a395701d89a" testName="ChangePortReturnsCorrectUri" computerName="DKSR-EFI-06" duration="00:00:00.0005788" startTime="2024-01-09T15:42:26.6852142+01:00" endTime="2024-01-09T15:42:26.6852142+01:00" testType="13cdc9d9-ddb5-4fa4-a97d-d965ccfc6d4b" outcome="Passed" testListId="8c84fa94-04c1-424b-9868-57a2d4851a1d" relativeResultsDirectory="d1a0ce60-e34b-4a13-8419-ad69ed01df4b" />
    <UnitTestResult executionId="e635261a-3ee7-43bf-abc3-8f98ba48b9e9" testId="f52f05a9-d27f-e1ad-082e-1c39eacc6c00" testName="FeatureInformation_QueryAllLicensedFeatures_ReturnsOne_OnLicenseDocumentOneFeature" computerName="DKSR-EFI-06" duration="00:00:00.0003702" startTime="2024-01-09T15:42:18.1852094+01:00" endTime="2024-01-09T15:42:18.1852094+01:00" testType="13cdc9d9-ddb5-4fa4-a97d-d965ccfc6d4b" outcome="Passed" testListId="8c84fa94-04c1-424b-9868-57a2d4851a1d" relativeResultsDirectory="e635261a-3ee7-43bf-abc3-8f98ba48b9e9" />
    <UnitTestResult executionId="efb6fac9-e90b-4829-9bcc-258f94e7cc11" testId="eacb3063-dd4d-77dd-86b7-dcaa1ef0a342" testName="TestGetRegionsAsByteArrayCopyReturnsDifferentObjects" computerName="DKSR-EFI-06" duration="00:00:00.0004248" startTime="2024-01-09T15:42:27.9820902+01:00" endTime="2024-01-09T15:42:27.9820902+01:00" testType="13cdc9d9-ddb5-4fa4-a97d-d965ccfc6d4b" outcome="Passed" testListId="8c84fa94-04c1-424b-9868-57a2d4851a1d" relativeResultsDirectory="efb6fac9-e90b-4829-9bcc-258f94e7cc11" />
    <UnitTestResult executionId="1542427b-b444-4688-aa4e-c64674d83bce" testId="20163c7a-5096-c086-0057-31baf2fbba71" testName="CertificateSelection2_Equals_Success" computerName="DKSR-EFI-06" duration="00:00:00.0002394" startTime="2024-01-09T15:42:29.4664636+01:00" endTime="2024-01-09T15:42:29.4820893+01:00" testType="13cdc9d9-ddb5-4fa4-a97d-d965ccfc6d4b" outcome="Passed" testListId="8c84fa94-04c1-424b-9868-57a2d4851a1d" relativeResultsDirectory="1542427b-b444-4688-aa4e-c64674d83bce" />
    <UnitTestResult executionId="b1d5b460-f45a-4f85-8c90-56f9dddc3794" testId="32a663b5-f76e-790f-860f-745f62686405" testName="LicenseDocument_IsICPFeatureLicensedFail" computerName="DKSR-EFI-06" duration="00:00:00.0020068" startTime="2024-01-09T15:42:26.0914644+01:00" endTime="2024-01-09T15:42:26.0914644+01:00" testType="13cdc9d9-ddb5-4fa4-a97d-d965ccfc6d4b" outcome="Passed" testListId="8c84fa94-04c1-424b-9868-57a2d4851a1d" relativeResultsDirectory="b1d5b460-f45a-4f85-8c90-56f9dddc3794" />
    <UnitTestResult executionId="0ddb6be9-c4c8-464c-8bd8-b42cf3b07a7f" testId="f14b7ede-065f-7968-7e7b-731383f63de6" testName="WhiteList_IsModelWhiteListed_HWWith15CH_GlobalMaxChannelCount16ModelMaxChannelCountInvalid_ReturnsTrue" computerName="DKSR-EFI-06" duration="00:00:00.0007428" startTime="2024-01-09T15:42:26.4820894+01:00" endTime="2024-01-09T15:42:26.4820894+01:00" testType="13cdc9d9-ddb5-4fa4-a97d-d965ccfc6d4b" outcome="Passed" testListId="8c84fa94-04c1-424b-9868-57a2d4851a1d" relativeResultsDirectory="0ddb6be9-c4c8-464c-8bd8-b42cf3b07a7f" />
    <UnitTestResult executionId="e9baf769-1b4a-4441-97b4-ad655de50b67" testId="73cd9217-7245-523e-742c-6d7cc565ea74" testName="WhiteList_Model_CreateInstanceWithoutLicenseParentParameter_Succeeds" computerName="DKSR-EFI-06" duration="00:00:00.0005680" startTime="2024-01-09T15:42:26.4039673+01:00" endTime="2024-01-09T15:42:26.4039673+01:00" testType="13cdc9d9-ddb5-4fa4-a97d-d965ccfc6d4b" outcome="Passed" testListId="8c84fa94-04c1-424b-9868-57a2d4851a1d" relativeResultsDirectory="e9baf769-1b4a-4441-97b4-ad655de50b67" />
    <UnitTestResult executionId="63e4a629-dc80-41c6-b717-58fc9de88095" testId="b7cbd4e0-3d1b-4983-f117-98cf6087ec31" testName="ServerFileStorageCleanupService_Entries_Deleted_WhenExpired" computerName="DKSR-EFI-06" duration="00:00:01.0145044" startTime="2024-01-09T15:42:08.0289384+01:00" endTime="2024-01-09T15:42:09.0445720+01:00" testType="13cdc9d9-ddb5-4fa4-a97d-d965ccfc6d4b" outcome="Passed" testListId="8c84fa94-04c1-424b-9868-57a2d4851a1d" relativeResultsDirectory="63e4a629-dc80-41c6-b717-58fc9de88095" />
    <UnitTestResult executionId="27c78a7e-af0f-4967-a3dd-791104092c2c" testId="9cc90772-c03b-d2fd-fcc6-432c0e1d3d02" testName="Collection_Add_Lookup_Remove_Success" computerName="DKSR-EFI-06" duration="00:00:00.0066399" startTime="2024-01-09T15:42:04.2632989+01:00" endTime="2024-01-09T15:42:04.2789256+01:00" testType="13cdc9d9-ddb5-4fa4-a97d-d965ccfc6d4b" outcome="Passed" testListId="8c84fa94-04c1-424b-9868-57a2d4851a1d" relativeResultsDirectory="27c78a7e-af0f-4967-a3dd-791104092c2c" />
    <UnitTestResult executionId="4ee708e9-6cfa-40f5-aab0-0f19818ed843" testId="50005701-4e76-813c-4c2a-0aeaa0b08c54" testName="HostedScanParameters_ToXmlRemovePasswords_PasswordsRemovedFromXml" computerName="DKSR-EFI-06" duration="00:00:00.0048765" startTime="2024-01-09T15:42:03.7164215+01:00" endTime="2024-01-09T15:42:03.7164215+01:00" testType="13cdc9d9-ddb5-4fa4-a97d-d965ccfc6d4b" outcome="Passed" testListId="8c84fa94-04c1-424b-9868-57a2d4851a1d" relativeResultsDirectory="4ee708e9-6cfa-40f5-aab0-0f19818ed843" />
    <UnitTestResult executionId="1409d1cb-78ea-41ae-ac5b-0e3128a826bb" testId="fbb5b0a3-b6b6-d9aa-428e-6dd411355f38" testName="StreamsConfiguration_ValidateConfiguration_Invalid_Selection_4_Error" computerName="DKSR-EFI-06" duration="00:00:00.0061782" startTime="2024-01-09T15:42:09.9976951+01:00" endTime="2024-01-09T15:42:10.0133200+01:00" testType="13cdc9d9-ddb5-4fa4-a97d-d965ccfc6d4b" outcome="Passed" testListId="8c84fa94-04c1-424b-9868-57a2d4851a1d" relativeResultsDirectory="1409d1cb-78ea-41ae-ac5b-0e3128a826bb" />
    <UnitTestResult executionId="23c289a7-938a-4392-ab50-dd2c5741cb69" testId="af6f0a01-3619-ada2-6cf5-b0a0824e3b92" testName="TestSetRegionWithRadiusFillsTheRegionsWithRegionLargerThanTheGrid" computerName="DKSR-EFI-06" duration="00:00:00.0003988" startTime="2024-01-09T15:42:27.9352156+01:00" endTime="2024-01-09T15:42:27.9352156+01:00" testType="13cdc9d9-ddb5-4fa4-a97d-d965ccfc6d4b" outcome="Passed" testListId="8c84fa94-04c1-424b-9868-57a2d4851a1d" relativeResultsDirectory="23c289a7-938a-4392-ab50-dd2c5741cb69" />
    <UnitTestResult executionId="513d1d27-dca7-42df-ac97-4f9f87fd41c2" testId="04fe056f-b830-4199-6133-347e91e2331f" testName="StreamsConfiguration_LoadXml_And_SaveXml_Success" computerName="DKSR-EFI-06" duration="00:00:00.0091134" startTime="2024-01-09T15:42:09.2945684+01:00" endTime="2024-01-09T15:42:09.2945684+01:00" testType="13cdc9d9-ddb5-4fa4-a97d-d965ccfc6d4b" outcome="Passed" testListId="8c84fa94-04c1-424b-9868-57a2d4851a1d" relativeResultsDirectory="513d1d27-dca7-42df-ac97-4f9f87fd41c2" />
    <UnitTestResult executionId="b43f0747-27d5-4f5f-b03c-8260bc95f145" testId="fb527022-2a92-f246-b1d7-9e1a7faefac9" testName="LicenseDocument_Constructor_ThrowsLicenseException_OnNullData" computerName="DKSR-EFI-06" duration="00:00:00.0005763" startTime="2024-01-09T15:42:25.9977138+01:00" endTime="2024-01-09T15:42:25.9977138+01:00" testType="13cdc9d9-ddb5-4fa4-a97d-d965ccfc6d4b" outcome="Passed" testListId="8c84fa94-04c1-424b-9868-57a2d4851a1d" relativeResultsDirectory="b43f0747-27d5-4f5f-b03c-8260bc95f145" />
    <UnitTestResult executionId="2177c3ab-56db-4e54-b1d8-b3488f4c7137" testId="0376f184-1683-58ef-381b-84d45a0a5f8d" testName="TestRequiredCharactersPresent" computerName="DKSR-EFI-06" duration="00:00:00.0017689" startTime="2024-01-09T15:42:04.4820511+01:00" endTime="2024-01-09T15:42:04.4820511+01:00" testType="13cdc9d9-ddb5-4fa4-a97d-d965ccfc6d4b" outcome="Passed" testListId="8c84fa94-04c1-424b-9868-57a2d4851a1d" relativeResultsDirectory="2177c3ab-56db-4e54-b1d8-b3488f4c7137" />
    <UnitTestResult executionId="5be1a39c-6846-4947-9a1b-37d8378a9e7d" testId="2bf88c35-dc49-70be-9ca9-7a60417aeb9a" testName="UniqueIndex_AddEntry_MultipleEntries_ThrowArgumentException" computerName="DKSR-EFI-06" duration="00:00:00.0028448" startTime="2024-01-09T15:42:04.1695484+01:00" endTime="2024-01-09T15:42:04.1695484+01:00" testType="13cdc9d9-ddb5-4fa4-a97d-d965ccfc6d4b" outcome="Passed" testListId="8c84fa94-04c1-424b-9868-57a2d4851a1d" relativeResultsDirectory="5be1a39c-6846-4947-9a1b-37d8378a9e7d" />
    <UnitTestResult executionId="11c22eb6-d03c-4871-8c78-fe91b6d17015" testId="e7cc93b2-fdd2-508f-f12f-182c0022ef49" testName="HardwareScanModel_Validate_Success" computerName="DKSR-EFI-06" duration="00:00:00.0043257" startTime="2024-01-09T15:42:11.8258269+01:00" endTime="2024-01-09T15:42:11.8414530+01:00" testType="13cdc9d9-ddb5-4fa4-a97d-d965ccfc6d4b" outcome="Passed" testListId="8c84fa94-04c1-424b-9868-57a2d4851a1d" relativeResultsDirectory="11c22eb6-d03c-4871-8c78-fe91b6d17015" />
    <UnitTestResult executionId="758a05c6-5500-4a0f-a869-ac9fa7d18ba0" testId="b51a72b7-1909-0162-1b15-93678926308a" testName="ScheduledTimeReachedFunctionOneSecondBeforeTriggerTimeTest" computerName="DKSR-EFI-06" duration="00:00:00.0003694" startTime="2024-01-09T15:42:15.4352049+01:00" endTime="2024-01-09T15:42:15.4352049+01:00" testType="13cdc9d9-ddb5-4fa4-a97d-d965ccfc6d4b" outcome="Passed" testListId="8c84fa94-04c1-424b-9868-57a2d4851a1d" relativeResultsDirectory="758a05c6-5500-4a0f-a869-ac9fa7d18ba0" />
    <UnitTestResult executionId="c0db0d9d-7b2c-48b9-888f-53e587984aad" testId="e3bc8a97-22d4-ea39-0987-a8e5d178004b" testName="Decrypt_DataSetHasRow_DataSetIsDecrypted" computerName="DKSR-EFI-06" duration="00:00:00.0023132" startTime="2024-01-09T15:42:28.2164660+01:00" endTime="2024-01-09T15:42:28.2164660+01:00" testType="13cdc9d9-ddb5-4fa4-a97d-d965ccfc6d4b" outcome="Passed" testListId="8c84fa94-04c1-424b-9868-57a2d4851a1d" relativeResultsDirectory="c0db0d9d-7b2c-48b9-888f-53e587984aad" />
    <UnitTestResult executionId="9e02a435-5194-4067-adb3-5ae13121dcd5" testId="67fcb600-6dc8-ee82-951b-19bc7b6681d9" testName="HttpClientCommunicatorWrapper_ReceiveTRet_Success" computerName="DKSR-EFI-06" duration="00:00:00.0025262" startTime="2024-01-09T15:42:11.3726983+01:00" endTime="2024-01-09T15:42:11.3883762+01:00" testType="13cdc9d9-ddb5-4fa4-a97d-d965ccfc6d4b" outcome="Passed" testListId="8c84fa94-04c1-424b-9868-57a2d4851a1d" relativeResultsDirectory="9e02a435-5194-4067-adb3-5ae13121dcd5" />
    <UnitTestResult executionId="16bb6a9e-6ee9-4969-b6a4-48e5c2827668" testId="5c50edbc-b393-455d-64e6-d02883451fc6" testName="ModelValidation_ValidModel_Success" computerName="DKSR-EFI-06" duration="00:00:00.0021627" startTime="2024-01-09T15:42:12.2008255+01:00" endTime="2024-01-09T15:42:12.2008255+01:00" testType="13cdc9d9-ddb5-4fa4-a97d-d965ccfc6d4b" outcome="Passed" testListId="8c84fa94-04c1-424b-9868-57a2d4851a1d" relativeResultsDirectory="16bb6a9e-6ee9-4969-b6a4-48e5c2827668" />
    <UnitTestResult executionId="caffe857-278f-439f-86ca-bb3f05c204d7" testId="061c9b44-4e7b-9dd1-a613-5572fd2e77a2" testName="DatabaseResponseTrackIdsWithoutMediaOnRecorderModel_Validate_Success" computerName="DKSR-EFI-06" duration="00:00:00.0018840" startTime="2024-01-09T15:42:10.5445708+01:00" endTime="2024-01-09T15:42:10.5445708+01:00" testType="13cdc9d9-ddb5-4fa4-a97d-d965ccfc6d4b" outcome="Passed" testListId="8c84fa94-04c1-424b-9868-57a2d4851a1d" relativeResultsDirectory="caffe857-278f-439f-86ca-bb3f05c204d7" />
    <UnitTestResult executionId="9c6cd04b-08c1-40f8-86d0-8e480a7fad25" testId="b3472f8d-2828-1cdf-8c96-94d7cea2b233" testName="CreateResponseException_BadRequestStatus_BadRequestException" computerName="DKSR-EFI-06" duration="00:00:00.0014327" startTime="2024-01-09T15:42:12.8258276+01:00" endTime="2024-01-09T15:42:12.8258276+01:00" testType="13cdc9d9-ddb5-4fa4-a97d-d965ccfc6d4b" outcome="Passed" testListId="8c84fa94-04c1-424b-9868-57a2d4851a1d" relativeResultsDirectory="9c6cd04b-08c1-40f8-86d0-8e480a7fad25" />
    <UnitTestResult executionId="de2b3429-5feb-4cb1-9fe3-0b0827e9fa64" testId="034cacf8-9f7d-400e-afbf-7d73cb71f548" testName="ReadAttributeAsInt32_ElementNull" computerName="DKSR-EFI-06" duration="00:00:00.0005390" startTime="2024-01-09T15:42:03.9820476+01:00" endTime="2024-01-09T15:42:03.9820476+01:00" testType="13cdc9d9-ddb5-4fa4-a97d-d965ccfc6d4b" outcome="Passed" testListId="8c84fa94-04c1-424b-9868-57a2d4851a1d" relativeResultsDirectory="de2b3429-5feb-4cb1-9fe3-0b0827e9fa64" />
    <UnitTestResult executionId="6e03c786-6983-45dd-a2f3-7ba47150cffc" testId="fb833b07-008c-f7f9-992f-8ff1461aee58" testName="Send_HttpRequestExceptionThrown_ExceptionLoggedAndCommunicationExceptionThrown" computerName="DKSR-EFI-06" duration="00:00:00.0050373" startTime="2024-01-09T15:42:01.4195372+01:00" endTime="2024-01-09T15:42:01.4351619+01:00" testType="13cdc9d9-ddb5-4fa4-a97d-d965ccfc6d4b" outcome="Passed" testListId="8c84fa94-04c1-424b-9868-57a2d4851a1d" relativeResultsDirectory="6e03c786-6983-45dd-a2f3-7ba47150cffc" />
    <UnitTestResult executionId="aac1aaab-2868-4f2f-af2c-d0693744f084" testId="12d56131-e9bc-1619-235b-368a698f6d39" testName="Call_HttpPost_InvalidParam_ContentTypeEmptyString_ThrowsArgumentNullException" computerName="DKSR-EFI-06" duration="00:00:00.0006805" startTime="2024-01-09T15:42:28.9352159+01:00" endTime="2024-01-09T15:42:28.9352159+01:00" testType="13cdc9d9-ddb5-4fa4-a97d-d965ccfc6d4b" outcome="Passed" testListId="8c84fa94-04c1-424b-9868-57a2d4851a1d" relativeResultsDirectory="aac1aaab-2868-4f2f-af2c-d0693744f084" />
    <UnitTestResult executionId="74df938e-4699-42cb-9541-9f0c7927f52b" testId="f7ddde3a-97ad-c830-9d08-4fc2d71b81a4" testName="Decrypt_DataSetHasNoRows_DataSetIsNotChanged" computerName="DKSR-EFI-06" duration="00:00:00.0017815" startTime="2024-01-09T15:42:28.2008411+01:00" endTime="2024-01-09T15:42:28.2008411+01:00" testType="13cdc9d9-ddb5-4fa4-a97d-d965ccfc6d4b" outcome="Passed" testListId="8c84fa94-04c1-424b-9868-57a2d4851a1d" relativeResultsDirectory="74df938e-4699-42cb-9541-9f0c7927f52b" />
    <UnitTestResult executionId="8d584ef0-2eab-4ecb-b155-3a482983400e" testId="bad4de13-cddb-be38-13c5-dde249a03b22" testName="FeatureManager_GetFeatureParameterValueT_License_Argument_Null" computerName="DKSR-EFI-06" duration="00:00:00.0013298" startTime="2024-01-09T15:42:18.2477114+01:00" endTime="2024-01-09T15:42:18.2477114+01:00" testType="13cdc9d9-ddb5-4fa4-a97d-d965ccfc6d4b" outcome="Passed" testListId="8c84fa94-04c1-424b-9868-57a2d4851a1d" relativeResultsDirectory="8d584ef0-2eab-4ecb-b155-3a482983400e" />
    <UnitTestResult executionId="92d24316-9ea7-43d8-9024-e38951d0eced" testId="ae76daaa-d87e-a3aa-3dc7-d804710ddc20" testName="SendAsync_NonSuccessResponse_BadRequestExceptionThrown" computerName="DKSR-EFI-06" duration="00:00:00.0155242" startTime="2024-01-09T15:42:00.9663898+01:00" endTime="2024-01-09T15:42:00.9820346+01:00" testType="13cdc9d9-ddb5-4fa4-a97d-d965ccfc6d4b" outcome="Passed" testListId="8c84fa94-04c1-424b-9868-57a2d4851a1d" relativeResultsDirectory="92d24316-9ea7-43d8-9024-e38951d0eced" />
    <UnitTestResult executionId="14a3cba1-573d-4d3c-8b52-0facc32df493" testId="de144c42-722d-4362-92bf-35d2632d827d" testName="FindFrameIdx_TimeF3" computerName="DKSR-EFI-06" duration="00:00:00.0017407" startTime="2024-01-09T15:42:04.4195508+01:00" endTime="2024-01-09T15:42:04.4195508+01:00" testType="13cdc9d9-ddb5-4fa4-a97d-d965ccfc6d4b" outcome="Passed" testListId="8c84fa94-04c1-424b-9868-57a2d4851a1d" relativeResultsDirectory="14a3cba1-573d-4d3c-8b52-0facc32df493" />
    <UnitTestResult executionId="deaa734b-20f3-4830-9606-979320237892" testId="d5ea1aa1-4eed-c500-3b96-f6b4cdc873a8" testName="BaseHtmlLicenseReport_CreatePNode_WithClassName_ValidText_Success" computerName="DKSR-EFI-06" duration="00:00:00.0001507" startTime="2024-01-09T15:42:18.0602085+01:00" endTime="2024-01-09T15:42:18.0602085+01:00" testType="13cdc9d9-ddb5-4fa4-a97d-d965ccfc6d4b" outcome="Passed" testListId="8c84fa94-04c1-424b-9868-57a2d4851a1d" relativeResultsDirectory="deaa734b-20f3-4830-9606-979320237892" />
    <UnitTestResult executionId="74df8b7e-4972-4aeb-ab1a-96ceccb02e3d" testId="c7e11f92-9e45-6088-c0a5-3aa81f2b6b9e" testName="FeatureManager_LicenseExpires_AnyDateTime_ReturnsTrue" computerName="DKSR-EFI-06" duration="00:00:00.0003520" startTime="2024-01-09T15:42:18.3570859+01:00" endTime="2024-01-09T15:42:18.3570859+01:00" testType="13cdc9d9-ddb5-4fa4-a97d-d965ccfc6d4b" outcome="Passed" testListId="8c84fa94-04c1-424b-9868-57a2d4851a1d" relativeResultsDirectory="74df8b7e-4972-4aeb-ab1a-96ceccb02e3d" />
    <UnitTestResult executionId="ea61b148-829e-47f5-9c79-55d5698b9d28" testId="1b77a11b-09d6-cae8-55f2-6ec94fecd3fe" testName="StreamsConfiguration_ValidateConfiguration_NonExistingStream_UnknownStreamError" computerName="DKSR-EFI-06" duration="00:00:00.0071703" startTime="2024-01-09T15:42:10.1226981+01:00" endTime="2024-01-09T15:42:10.1383188+01:00" testType="13cdc9d9-ddb5-4fa4-a97d-d965ccfc6d4b" outcome="Passed" testListId="8c84fa94-04c1-424b-9868-57a2d4851a1d" relativeResultsDirectory="ea61b148-829e-47f5-9c79-55d5698b9d28" />
    <UnitTestResult executionId="3fee0b50-4973-4157-9246-5db7883845fa" testId="c3c3b3ac-b90c-7195-f3dc-273b8f66b68a" testName="DecryptingHardware" computerName="DKSR-EFI-06" duration="00:00:00.0008199" startTime="2024-01-09T15:42:28.7164639+01:00" endTime="2024-01-09T15:42:28.7164639+01:00" testType="13cdc9d9-ddb5-4fa4-a97d-d965ccfc6d4b" outcome="Passed" testListId="8c84fa94-04c1-424b-9868-57a2d4851a1d" relativeResultsDirectory="3fee0b50-4973-4157-9246-5db7883845fa" />
    <UnitTestResult executionId="f7fe8ee8-ff18-483b-9ef5-748bab83f814" testId="acc3616e-6edb-c21d-85f8-23038da3543e" testName="Validate_PartialMatch_Found_MiddleOfWord_UpperCase_Success" computerName="DKSR-EFI-06" duration="00:00:00.0001709" startTime="2024-01-09T15:42:26.6227140+01:00" endTime="2024-01-09T15:42:26.6227140+01:00" testType="13cdc9d9-ddb5-4fa4-a97d-d965ccfc6d4b" outcome="Passed" testListId="8c84fa94-04c1-424b-9868-57a2d4851a1d" relativeResultsDirectory="f7fe8ee8-ff18-483b-9ef5-748bab83f814" />
    <UnitTestResult executionId="428a3c84-2424-4792-bfe1-b2178e1db598" testId="60362c08-2015-f180-f658-c3326ff818ab" testName="GetPresetByKey_ByNameOnlyOnePreset" computerName="DKSR-EFI-06" duration="00:00:00.0004353" startTime="2024-01-09T15:42:04.6070510+01:00" endTime="2024-01-09T15:42:04.6070510+01:00" testType="13cdc9d9-ddb5-4fa4-a97d-d965ccfc6d4b" outcome="Passed" testListId="8c84fa94-04c1-424b-9868-57a2d4851a1d" relativeResultsDirectory="428a3c84-2424-4792-bfe1-b2178e1db598" />
    <UnitTestResult executionId="ad9b3f13-7f96-44d5-8ffe-9110e5cd87f9" testId="436cc816-548b-1484-e46f-b2c4cfa442fc" testName="CalculateLicenseRequirements_Whitelisted_SameHardwareOnMultipleRecordingServers_CountsLicensesForSingleHardware" computerName="DKSR-EFI-06" duration="00:00:00.0035579" startTime="2024-01-09T15:42:25.9352761+01:00" endTime="2024-01-09T15:42:25.9352761+01:00" testType="13cdc9d9-ddb5-4fa4-a97d-d965ccfc6d4b" outcome="Passed" testListId="8c84fa94-04c1-424b-9868-57a2d4851a1d" relativeResultsDirectory="ad9b3f13-7f96-44d5-8ffe-9110e5cd87f9" />
    <UnitTestResult executionId="cedea781-15f3-404a-b1e6-b7bfc0e8ba61" testId="24c7bb40-1c28-4090-e2ef-3ee8f742931f" testName="FileUploadSynchronizer_Constructor_NullCheck" computerName="DKSR-EFI-06" duration="00:00:00.0018650" startTime="2024-01-09T15:42:04.6383007+01:00" endTime="2024-01-09T15:42:04.6383007+01:00" testType="13cdc9d9-ddb5-4fa4-a97d-d965ccfc6d4b" outcome="Passed" testListId="8c84fa94-04c1-424b-9868-57a2d4851a1d" relativeResultsDirectory="cedea781-15f3-404a-b1e6-b7bfc0e8ba61" />
    <UnitTestResult executionId="034b6936-f1a5-4033-ae62-05283d6e13ae" testId="2ea5ebff-e198-bbe0-8f1b-ba83de437259" testName="GetAggregateFeedsDictionary_ThrowsArgumentExceptionWhen_AggregateDictionaryValueNotFound" computerName="DKSR-EFI-06" duration="00:00:00.0022218" startTime="2024-01-09T15:42:18.3884180+01:00" endTime="2024-01-09T15:42:18.3884180+01:00" testType="13cdc9d9-ddb5-4fa4-a97d-d965ccfc6d4b" outcome="Passed" testListId="8c84fa94-04c1-424b-9868-57a2d4851a1d" relativeResultsDirectory="034b6936-f1a5-4033-ae62-05283d6e13ae" />
    <UnitTestResult executionId="28bd49bc-d881-412e-9cfd-131a6ee84915" testId="026b93c1-f06a-1d31-3ee8-d48a29f02d9b" testName="FeatureManager_GetFeatureParameterValueT_License_Doc_Null" computerName="DKSR-EFI-06" duration="00:00:00.0047353" startTime="2024-01-09T15:42:18.2477114+01:00" endTime="2024-01-09T15:42:18.2477114+01:00" testType="13cdc9d9-ddb5-4fa4-a97d-d965ccfc6d4b" outcome="Passed" testListId="8c84fa94-04c1-424b-9868-57a2d4851a1d" relativeResultsDirectory="28bd49bc-d881-412e-9cfd-131a6ee84915" />
    <UnitTestResult executionId="d4d102fd-91c3-41d8-940d-18f7e9f9b414" testId="a5f79078-96d5-c0dd-d472-78485b0023ba" testName="CalculateLicenseRequirements_HardwareWithNoEnabledCameraDevicesCountsAs1License_ReturnsFalse" computerName="DKSR-EFI-06" duration="00:00:00.0010194" startTime="2024-01-09T15:42:18.8258363+01:00" endTime="2024-01-09T15:42:18.8258363+01:00" testType="13cdc9d9-ddb5-4fa4-a97d-d965ccfc6d4b" outcome="Passed" testListId="8c84fa94-04c1-424b-9868-57a2d4851a1d" relativeResultsDirectory="d4d102fd-91c3-41d8-940d-18f7e9f9b414" />
    <UnitTestResult executionId="e709994e-a96c-4796-82e4-0fd2eab478a1" testId="c6f1f7e9-e5ee-28f7-b1d8-32ab5cfc4913" testName="StreamsConfiguration_ValidateConfiguration_Two_Recording_Streams_OneOrMoreStreamsWithSameTrackStreamError" computerName="DKSR-EFI-06" duration="00:00:00.0098833" startTime="2024-01-09T15:42:10.1070695+01:00" endTime="2024-01-09T15:42:10.1070695+01:00" testType="13cdc9d9-ddb5-4fa4-a97d-d965ccfc6d4b" outcome="Passed" testListId="8c84fa94-04c1-424b-9868-57a2d4851a1d" relativeResultsDirectory="e709994e-a96c-4796-82e4-0fd2eab478a1" />
    <UnitTestResult executionId="c54dc94a-318b-4112-a2f2-88178dd66c34" testId="a1d9ae4e-af7b-da58-5e01-23d91f1e9817" testName="ReadAttributeAsInt32_RangeCheck_Max_Exact" computerName="DKSR-EFI-06" duration="00:00:00.0002126" startTime="2024-01-09T15:42:03.9664241+01:00" endTime="2024-01-09T15:42:03.9664241+01:00" testType="13cdc9d9-ddb5-4fa4-a97d-d965ccfc6d4b" outcome="Passed" testListId="8c84fa94-04c1-424b-9868-57a2d4851a1d" relativeResultsDirectory="c54dc94a-318b-4112-a2f2-88178dd66c34" />
    <UnitTestResult executionId="d26be58f-b60b-41aa-bc71-0b32ebd478f0" testId="76c08a52-d8e9-6cdc-fce1-1258294596b0" testName="IPHardwareBlockCollection_RemoveByHardware_Null_Throws_ArgumentNullException" computerName="DKSR-EFI-06" duration="00:00:00.0034438" startTime="2024-01-09T15:42:28.8570903+01:00" endTime="2024-01-09T15:42:28.8570903+01:00" testType="13cdc9d9-ddb5-4fa4-a97d-d965ccfc6d4b" outcome="Passed" testListId="8c84fa94-04c1-424b-9868-57a2d4851a1d" relativeResultsDirectory="d26be58f-b60b-41aa-bc71-0b32ebd478f0">
      <Output>
        <StdOut>Debug Trace:&#xD;
Fail: Argument null.</StdOut>
      </Output>
    </UnitTestResult>
    <UnitTestResult executionId="c6a4fad2-5516-474d-bee5-615ac42e7f96" testId="f64fe775-6ed2-8a8c-37d2-672d3493490c" testName="Construct_RequestContainer_ValidLicenseRequest_Success" computerName="DKSR-EFI-06" duration="00:00:00.0001730" startTime="2024-01-09T15:42:25.9508391+01:00" endTime="2024-01-09T15:42:25.9508391+01:00" testType="13cdc9d9-ddb5-4fa4-a97d-d965ccfc6d4b" outcome="Passed" testListId="8c84fa94-04c1-424b-9868-57a2d4851a1d" relativeResultsDirectory="c6a4fad2-5516-474d-bee5-615ac42e7f96" />
    <UnitTestResult executionId="243815d5-47c7-448c-b1d9-b298c4ea9140" testId="73bca2cb-d580-dcde-6dcb-4db8cdd3835c" testName="BaseHtmlLicenseReport_CreatePNode_WithNoClassName_ValidText_Success" computerName="DKSR-EFI-06" duration="00:00:00.0001608" startTime="2024-01-09T15:42:18.0602085+01:00" endTime="2024-01-09T15:42:18.0758341+01:00" testType="13cdc9d9-ddb5-4fa4-a97d-d965ccfc6d4b" outcome="Passed" testListId="8c84fa94-04c1-424b-9868-57a2d4851a1d" relativeResultsDirectory="243815d5-47c7-448c-b1d9-b298c4ea9140" />
    <UnitTestResult executionId="31fc6dc3-6539-4688-85d2-36f04de90e4e" testId="a0015672-68ce-89c4-1858-60a57ada23c1" testName="ServerFileStorage_PurgeDataFolder_DeletesFiles" computerName="DKSR-EFI-06" duration="00:00:00.0044330" startTime="2024-01-09T15:42:09.1851937+01:00" endTime="2024-01-09T15:42:09.1851937+01:00" testType="13cdc9d9-ddb5-4fa4-a97d-d965ccfc6d4b" outcome="Passed" testListId="8c84fa94-04c1-424b-9868-57a2d4851a1d" relativeResultsDirectory="31fc6dc3-6539-4688-85d2-36f04de90e4e" />
    <UnitTestResult executionId="f4db0205-0e82-4eae-a449-061287577017" testId="be3bcf3d-4569-b788-8b77-5ebacd88cb20" testName="Send_AccessTokenExceptionThrown_ExceptionLoggedAndRethrown" computerName="DKSR-EFI-06" duration="00:00:00.0019113" startTime="2024-01-09T15:42:01.4820363+01:00" endTime="2024-01-09T15:42:01.4820363+01:00" testType="13cdc9d9-ddb5-4fa4-a97d-d965ccfc6d4b" outcome="Passed" testListId="8c84fa94-04c1-424b-9868-57a2d4851a1d" relativeResultsDirectory="f4db0205-0e82-4eae-a449-061287577017" />
    <UnitTestResult executionId="181d1c55-ec76-4c8e-88f8-e872498377db" testId="71908ec8-aa85-7729-a044-9c9f1cdef406" testName="HardwareSetupErrorResponseModel_Validate_Success" computerName="DKSR-EFI-06" duration="00:00:00.0012135" startTime="2024-01-09T15:42:12.2789501+01:00" endTime="2024-01-09T15:42:12.2789501+01:00" testType="13cdc9d9-ddb5-4fa4-a97d-d965ccfc6d4b" outcome="Passed" testListId="8c84fa94-04c1-424b-9868-57a2d4851a1d" relativeResultsDirectory="181d1c55-ec76-4c8e-88f8-e872498377db" />
    <UnitTestResult executionId="58b11313-becf-41b4-ac0d-08bf10a9f892" testId="5f6365db-4f29-5b2f-fbde-a8e68630820f" testName="SystemSettingTableAdapter_Decrypt_OtherSettingUnchanged" computerName="DKSR-EFI-06" duration="00:00:00.0021411" startTime="2024-01-09T15:42:28.6227160+01:00" endTime="2024-01-09T15:42:28.6227160+01:00" testType="13cdc9d9-ddb5-4fa4-a97d-d965ccfc6d4b" outcome="Passed" testListId="8c84fa94-04c1-424b-9868-57a2d4851a1d" relativeResultsDirectory="58b11313-becf-41b4-ac0d-08bf10a9f892" />
    <UnitTestResult executionId="b047921e-4d3a-4e8e-bf81-cd1206c73c16" testId="bdbad9cc-433c-5bda-9712-dfb5731f66f0" testName="BaseHtmlLicenseReport_CreateTableRow_Success" computerName="DKSR-EFI-06" duration="00:00:00.0005290" startTime="2024-01-09T15:42:18.0758341+01:00" endTime="2024-01-09T15:42:18.0758341+01:00" testType="13cdc9d9-ddb5-4fa4-a97d-d965ccfc6d4b" outcome="Passed" testListId="8c84fa94-04c1-424b-9868-57a2d4851a1d" relativeResultsDirectory="b047921e-4d3a-4e8e-bf81-cd1206c73c16" />
    <UnitTestResult executionId="d31c571b-de6d-4a15-bc91-5daac518c3e0" testId="ee8c74fe-137d-b4e4-25cc-ed18cd2ece80" testName="ReadChildElementValueAsUInt16_RangeCheck_Max_Exact" computerName="DKSR-EFI-06" duration="00:00:00.0002112" startTime="2024-01-09T15:42:04.0289227+01:00" endTime="2024-01-09T15:42:04.0289227+01:00" testType="13cdc9d9-ddb5-4fa4-a97d-d965ccfc6d4b" outcome="Passed" testListId="8c84fa94-04c1-424b-9868-57a2d4851a1d" relativeResultsDirectory="d31c571b-de6d-4a15-bc91-5daac518c3e0" />
    <UnitTestResult executionId="63a329f5-ece1-499a-94b3-67bd652bc293" testId="e8e3d9bb-3738-1b2f-28aa-7391ce21c4c6" testName="ServerFileStorageQuota_Free_PartialFail" computerName="DKSR-EFI-06" duration="00:00:00.0017389" startTime="2024-01-09T15:42:09.0601938+01:00" endTime="2024-01-09T15:42:09.0601938+01:00" testType="13cdc9d9-ddb5-4fa4-a97d-d965ccfc6d4b" outcome="Passed" testListId="8c84fa94-04c1-424b-9868-57a2d4851a1d" relativeResultsDirectory="63a329f5-ece1-499a-94b3-67bd652bc293" />
    <UnitTestResult executionId="9d4d6285-1b06-4d2c-ae54-72e6cd314e2d" testId="4cb64fa9-0a70-e363-f896-e92dee62296c" testName="ReadAttributeAsString_EmptyString" computerName="DKSR-EFI-06" duration="00:00:00.0002814" startTime="2024-01-09T15:42:03.8726727+01:00" endTime="2024-01-09T15:42:03.8726727+01:00" testType="13cdc9d9-ddb5-4fa4-a97d-d965ccfc6d4b" outcome="Passed" testListId="8c84fa94-04c1-424b-9868-57a2d4851a1d" relativeResultsDirectory="9d4d6285-1b06-4d2c-ae54-72e6cd314e2d" />
    <UnitTestResult executionId="91faac7f-3fcc-438e-98a4-fa5d37b662b7" testId="493388e5-286f-ec3b-2a8c-ab041ed5de64" testName="TestPasswordGenerationFromEmptyPasswordRequirements" computerName="DKSR-EFI-06" duration="00:00:00.0008070" startTime="2024-01-09T15:42:04.4976763+01:00" endTime="2024-01-09T15:42:04.4976763+01:00" testType="13cdc9d9-ddb5-4fa4-a97d-d965ccfc6d4b" outcome="Passed" testListId="8c84fa94-04c1-424b-9868-57a2d4851a1d" relativeResultsDirectory="91faac7f-3fcc-438e-98a4-fa5d37b662b7" />
    <UnitTestResult executionId="091b2d07-06fb-4e01-ae96-e7b2da0dce6c" testId="b2a2b311-7a7a-5a2a-97cd-97756f8a6ee7" testName="BindToType_BindToAllowedTypesWithNullBinder_NoException" computerName="DKSR-EFI-06" duration="00:00:00.0013716" startTime="2024-01-09T15:42:10.2164454+01:00" endTime="2024-01-09T15:42:10.2164454+01:00" testType="13cdc9d9-ddb5-4fa4-a97d-d965ccfc6d4b" outcome="Passed" testListId="8c84fa94-04c1-424b-9868-57a2d4851a1d" relativeResultsDirectory="091b2d07-06fb-4e01-ae96-e7b2da0dce6c" />
    <UnitTestResult executionId="6998c560-57aa-4e21-93d2-e026942a34a9" testId="aa8ea8cd-fb96-edab-8a80-e31ce7a67435" testName="SecurityTokenCollectionDto2_Serialization_Success" computerName="DKSR-EFI-06" duration="00:00:00.0011814" startTime="2024-01-09T15:42:29.3102381+01:00" endTime="2024-01-09T15:42:29.3102381+01:00" testType="13cdc9d9-ddb5-4fa4-a97d-d965ccfc6d4b" outcome="Passed" testListId="8c84fa94-04c1-424b-9868-57a2d4851a1d" relativeResultsDirectory="6998c560-57aa-4e21-93d2-e026942a34a9" />
    <UnitTestResult executionId="9f66dee6-b9b6-4e9f-adfa-22f9afd3bcd4" testId="ffb4cf84-136a-5ffc-e042-30138822b484" testName="LicenseDocument_GetParameterValue_SmartWallExpireDate" computerName="DKSR-EFI-06" duration="00:00:00.0065239" startTime="2024-01-09T15:42:26.0758413+01:00" endTime="2024-01-09T15:42:26.0758413+01:00" testType="13cdc9d9-ddb5-4fa4-a97d-d965ccfc6d4b" outcome="Passed" testListId="8c84fa94-04c1-424b-9868-57a2d4851a1d" relativeResultsDirectory="9f66dee6-b9b6-4e9f-adfa-22f9afd3bcd4" />
    <UnitTestResult executionId="3702e8f9-bfeb-4995-a74d-e48538615cd8" testId="1f403e10-27f8-4256-9a64-ef56b259cbfb" testName="ServerFileStorageQuota_Free_NonexistingConsumer_Success" computerName="DKSR-EFI-06" duration="00:00:00.0001692" startTime="2024-01-09T15:42:09.0601938+01:00" endTime="2024-01-09T15:42:09.0601938+01:00" testType="13cdc9d9-ddb5-4fa4-a97d-d965ccfc6d4b" outcome="Passed" testListId="8c84fa94-04c1-424b-9868-57a2d4851a1d" relativeResultsDirectory="3702e8f9-bfeb-4995-a74d-e48538615cd8" />
    <UnitTestResult executionId="a1d24e53-508b-4245-89c2-e0ed1a9c65df" testId="e7d37444-87df-9275-4bcf-bc12b4a83186" testName="StreamsConfiguration_ValidateConfiguration_Only_One_Stream_Allowed" computerName="DKSR-EFI-06" duration="00:00:00.0888073" startTime="2024-01-09T15:42:09.9039435+01:00" endTime="2024-01-09T15:42:09.9820707+01:00" testType="13cdc9d9-ddb5-4fa4-a97d-d965ccfc6d4b" outcome="Passed" testListId="8c84fa94-04c1-424b-9868-57a2d4851a1d" relativeResultsDirectory="a1d24e53-508b-4245-89c2-e0ed1a9c65df" />
    <UnitTestResult executionId="e0fbcf46-9306-4124-a595-766cf8d0626f" testId="d058b630-e1aa-336b-ef4a-5c1527bab2e0" testName="CreateLicenseWarningReport_SixHardwareWithSingleDeviceEach_TableDataNotGenerated_Success" computerName="DKSR-EFI-06" duration="00:00:00.0079403" startTime="2024-01-09T15:42:26.2945904+01:00" endTime="2024-01-09T15:42:26.2945904+01:00" testType="13cdc9d9-ddb5-4fa4-a97d-d965ccfc6d4b" outcome="Passed" testListId="8c84fa94-04c1-424b-9868-57a2d4851a1d" relativeResultsDirectory="e0fbcf46-9306-4124-a595-766cf8d0626f" />
    <UnitTestResult executionId="c448c076-21da-4516-bdf4-2c0b4987ca50" testId="25bd5c1c-fcbe-ab93-d56f-4258fe321ffc" testName="UpdateTotalFeedCountsAcrossAllHardware_FailsWhen_UpdateHardwareAggregates_NotCalled" computerName="DKSR-EFI-06" duration="00:00:00.0017606" startTime="2024-01-09T15:42:18.3727093+01:00" endTime="2024-01-09T15:42:18.3727093+01:00" testType="13cdc9d9-ddb5-4fa4-a97d-d965ccfc6d4b" outcome="Passed" testListId="8c84fa94-04c1-424b-9868-57a2d4851a1d" relativeResultsDirectory="c448c076-21da-4516-bdf4-2c0b4987ca50" />
    <UnitTestResult executionId="13a94235-4479-4a47-a313-628770392182" testId="7c45bb74-a50d-9024-163b-cbbd7fbd0abc" testName="ReadAttributeAsString_ElementNull" computerName="DKSR-EFI-06" duration="00:00:00.0006017" startTime="2024-01-09T15:42:03.8882982+01:00" endTime="2024-01-09T15:42:03.8882982+01:00" testType="13cdc9d9-ddb5-4fa4-a97d-d965ccfc6d4b" outcome="Passed" testListId="8c84fa94-04c1-424b-9868-57a2d4851a1d" relativeResultsDirectory="13a94235-4479-4a47-a313-628770392182" />
    <UnitTestResult executionId="0d673a13-2d8a-4336-a941-e833a12cd0a1" testId="469e0c96-5460-1d7e-389d-3f6fffba4b8a" testName="SendAsync_EndPointIsNull_ArgumentNullExceptionThrown" computerName="DKSR-EFI-06" duration="00:00:00.0092914" startTime="2024-01-09T15:42:00.9039724+01:00" endTime="2024-01-09T15:42:00.9039724+01:00" testType="13cdc9d9-ddb5-4fa4-a97d-d965ccfc6d4b" outcome="Passed" testListId="8c84fa94-04c1-424b-9868-57a2d4851a1d" relativeResultsDirectory="0d673a13-2d8a-4336-a941-e833a12cd0a1">
      <Output>
        <StdOut>Debug Trace:&#xD;
Fail: Argument null</StdOut>
      </Output>
    </UnitTestResult>
    <UnitTestResult executionId="8799f6e7-d0b9-469f-9ea4-1233172a4d1e" testId="00a25730-d57e-f493-f1c2-5cec897077a1" testName="ModelValidation_NonEmptyGuidsAreEmpty_Failed" computerName="DKSR-EFI-06" duration="00:00:00.0021214" startTime="2024-01-09T15:42:11.9039544+01:00" endTime="2024-01-09T15:42:11.9039544+01:00" testType="13cdc9d9-ddb5-4fa4-a97d-d965ccfc6d4b" outcome="Passed" testListId="8c84fa94-04c1-424b-9868-57a2d4851a1d" relativeResultsDirectory="8799f6e7-d0b9-469f-9ea4-1233172a4d1e" />
    <UnitTestResult executionId="49768f67-c955-4fcd-bdd6-a258910692c7" testId="c40a80af-07aa-2a8c-814d-93ea5954f92c" testName="Credentials_SerializationTest" computerName="DKSR-EFI-06" duration="00:00:00.0142018" startTime="2024-01-09T15:42:03.6226716+01:00" endTime="2024-01-09T15:42:03.6382953+01:00" testType="13cdc9d9-ddb5-4fa4-a97d-d965ccfc6d4b" outcome="Passed" testListId="8c84fa94-04c1-424b-9868-57a2d4851a1d" relativeResultsDirectory="49768f67-c955-4fcd-bdd6-a258910692c7" />
    <UnitTestResult executionId="3a310ada-36da-4aa9-8df3-1fb77f2eb51c" testId="43a825c4-520e-8fa6-1493-a2c2e20fcfd4" testName="Encrypt_DataSetHasModifiedRow_DataSetIsEncrypted" computerName="DKSR-EFI-06" duration="00:00:00.0021678" startTime="2024-01-09T15:42:28.0289658+01:00" endTime="2024-01-09T15:42:28.0289658+01:00" testType="13cdc9d9-ddb5-4fa4-a97d-d965ccfc6d4b" outcome="Passed" testListId="8c84fa94-04c1-424b-9868-57a2d4851a1d" relativeResultsDirectory="3a310ada-36da-4aa9-8df3-1fb77f2eb51c" />
    <UnitTestResult executionId="2d1e31eb-0426-426f-8074-57dd6152c137" testId="70f0eec9-bddf-2f56-c2d5-1f0556c83aaf" testName="StreamsConfiguration_ValidateConfiguration_Two_Recording_Streams_ExactlyOneRecordingStreamError" computerName="DKSR-EFI-06" duration="00:00:00.0511003" startTime="2024-01-09T15:42:10.0445695+01:00" endTime="2024-01-09T15:42:10.1070695+01:00" testType="13cdc9d9-ddb5-4fa4-a97d-d965ccfc6d4b" outcome="Passed" testListId="8c84fa94-04c1-424b-9868-57a2d4851a1d" relativeResultsDirectory="2d1e31eb-0426-426f-8074-57dd6152c137" />
    <UnitTestResult executionId="fa08ca4c-18ec-4452-846b-8a44e44b5449" testId="0f78c010-9183-86fc-bd99-26fc79f05715" testName="GenerateReport_InvalidReportPropertyArg_ThrowsArgumentNullException" computerName="DKSR-EFI-06" duration="00:00:00.0006631" startTime="2024-01-09T15:42:26.2945904+01:00" endTime="2024-01-09T15:42:26.2945904+01:00" testType="13cdc9d9-ddb5-4fa4-a97d-d965ccfc6d4b" outcome="Passed" testListId="8c84fa94-04c1-424b-9868-57a2d4851a1d" relativeResultsDirectory="fa08ca4c-18ec-4452-846b-8a44e44b5449" />
    <UnitTestResult executionId="70a192d7-8d3f-4f58-90c0-b811a15264dc" testId="af93436a-066a-98dc-99ac-d8fd21f2b4a0" testName="FeatureManager_TryGetFeatureParameterValue_NullValue" computerName="DKSR-EFI-06" duration="00:00:00.0003642" startTime="2024-01-09T15:42:18.2320853+01:00" endTime="2024-01-09T15:42:18.2320853+01:00" testType="13cdc9d9-ddb5-4fa4-a97d-d965ccfc6d4b" outcome="Passed" testListId="8c84fa94-04c1-424b-9868-57a2d4851a1d" relativeResultsDirectory="70a192d7-8d3f-4f58-90c0-b811a15264dc" />
    <UnitTestResult executionId="b5359dc1-bd4d-4ad4-806c-7762860f41df" testId="9ff6268d-5453-69d9-7a5d-560fa480cf29" testName="ScanParameters_SerializationTest" computerName="DKSR-EFI-06" duration="00:00:00.0504524" startTime="2024-01-09T15:42:03.7320473+01:00" endTime="2024-01-09T15:42:03.7789232+01:00" testType="13cdc9d9-ddb5-4fa4-a97d-d965ccfc6d4b" outcome="Passed" testListId="8c84fa94-04c1-424b-9868-57a2d4851a1d" relativeResultsDirectory="b5359dc1-bd4d-4ad4-806c-7762860f41df" />
    <UnitTestResult executionId="9935ffc1-009d-4ecc-abaf-16ab2edab790" testId="77488aa9-707c-2538-9c3e-d59dd53ec120" testName="WhiteList_CreateInstanceWithoutLicenseParentParameter_Succeeds" computerName="DKSR-EFI-06" duration="00:00:00.0004843" startTime="2024-01-09T15:42:26.3727151+01:00" endTime="2024-01-09T15:42:26.3727151+01:00" testType="13cdc9d9-ddb5-4fa4-a97d-d965ccfc6d4b" outcome="Passed" testListId="8c84fa94-04c1-424b-9868-57a2d4851a1d" relativeResultsDirectory="9935ffc1-009d-4ecc-abaf-16ab2edab790" />
    <UnitTestResult executionId="5101aa78-1c80-48ca-95b8-9b58ff844a7e" testId="c1605011-efb8-be10-ac99-ecd817fa1c3f" testName="LicenseActivationService_AcquireLicense_LicenseNotAllowed_TooManyHardwareRequested" computerName="DKSR-EFI-06" duration="00:00:00.0023615" startTime="2024-01-09T15:42:18.7633353+01:00" endTime="2024-01-09T15:42:18.7633353+01:00" testType="13cdc9d9-ddb5-4fa4-a97d-d965ccfc6d4b" outcome="Passed" testListId="8c84fa94-04c1-424b-9868-57a2d4851a1d" relativeResultsDirectory="5101aa78-1c80-48ca-95b8-9b58ff844a7e" />
    <UnitTestResult executionId="edec5551-e737-42af-a83c-98bac4c102c7" testId="bd2d0826-76d7-147e-adae-f69faa3e6789" testName="ReadAttributeAsString_NoChild" computerName="DKSR-EFI-06" duration="00:00:00.0015888" startTime="2024-01-09T15:42:03.8726727+01:00" endTime="2024-01-09T15:42:03.8726727+01:00" testType="13cdc9d9-ddb5-4fa4-a97d-d965ccfc6d4b" outcome="Passed" testListId="8c84fa94-04c1-424b-9868-57a2d4851a1d" relativeResultsDirectory="edec5551-e737-42af-a83c-98bac4c102c7" />
    <UnitTestResult executionId="5b487d75-3631-4ffd-8859-e6b7341cba8d" testId="df043f0c-e9e8-6531-3c81-0cb0a9f9d667" testName="LicenseCalculationResult_Validate_LicenseCount_Throws_ArgumentOutOfRangeException" computerName="DKSR-EFI-06" duration="00:00:00.0006448" startTime="2024-01-09T15:42:18.7945866+01:00" endTime="2024-01-09T15:42:18.7945866+01:00" testType="13cdc9d9-ddb5-4fa4-a97d-d965ccfc6d4b" outcome="Passed" testListId="8c84fa94-04c1-424b-9868-57a2d4851a1d" relativeResultsDirectory="5b487d75-3631-4ffd-8859-e6b7341cba8d" />
    <UnitTestResult executionId="31cff0bc-04a0-43dd-8e90-f856d12d9aab" testId="e3a6b04a-5403-c41f-2de4-763cc43587bb" testName="HardwareInfo_EnabledCameraIndexes_ReturnsEmptyArrayWhenNoEnabledCameras" computerName="DKSR-EFI-06" duration="00:00:00.0003948" startTime="2024-01-09T15:42:18.4820847+01:00" endTime="2024-01-09T15:42:18.4820847+01:00" testType="13cdc9d9-ddb5-4fa4-a97d-d965ccfc6d4b" outcome="Passed" testListId="8c84fa94-04c1-424b-9868-57a2d4851a1d" relativeResultsDirectory="31cff0bc-04a0-43dd-8e90-f856d12d9aab" />
    <UnitTestResult executionId="94f63953-5675-42db-bf74-85187fb45cef" testId="788aa55b-4949-5015-673f-608c519bb0a1" testName="ModelValidation_RequiredPropertiesAreNull_Failed" computerName="DKSR-EFI-06" duration="00:00:00.0015545" startTime="2024-01-09T15:42:11.7945730+01:00" endTime="2024-01-09T15:42:11.7945730+01:00" testType="13cdc9d9-ddb5-4fa4-a97d-d965ccfc6d4b" outcome="Passed" testListId="8c84fa94-04c1-424b-9868-57a2d4851a1d" relativeResultsDirectory="94f63953-5675-42db-bf74-85187fb45cef" />
    <UnitTestResult executionId="46c313c5-e907-4c12-bfc3-7cb158802806" testId="d58055e7-c44a-ddff-22e8-3fe2f9d0315f" testName="ExecuteRuleActionsModel_Validate_Failed" computerName="DKSR-EFI-06" duration="00:00:00.0946856" startTime="2024-01-09T15:42:10.4039482+01:00" endTime="2024-01-09T15:42:10.4977005+01:00" testType="13cdc9d9-ddb5-4fa4-a97d-d965ccfc6d4b" outcome="Passed" testListId="8c84fa94-04c1-424b-9868-57a2d4851a1d" relativeResultsDirectory="46c313c5-e907-4c12-bfc3-7cb158802806" />
    <UnitTestResult executionId="e7c4910f-fe41-4833-b945-3bcab79d06d9" testId="a602a36a-7b4c-e547-0dd4-13b0120dc23b" testName="Generate25kHardware_NoneOnWhiteList_CalculateProcessingTime" computerName="DKSR-EFI-06" startTime="2024-01-09T15:42:26.6227140+01:00" endTime="2024-01-09T15:42:26.6227140+01:00" testType="13cdc9d9-ddb5-4fa4-a97d-d965ccfc6d4b" outcome="NotExecuted" testListId="8c84fa94-04c1-424b-9868-57a2d4851a1d" relativeResultsDirectory="e7c4910f-fe41-4833-b945-3bcab79d06d9">
      <Output></Output>
    </UnitTestResult>
    <UnitTestResult executionId="b59b8a5b-e924-45a2-8cae-f440a84eec0e" testId="74b86e9a-6188-d98e-2f67-4a9ace7fd33e" testName="ReadChildElementValueAsUInt16_RangeCheck_Max" computerName="DKSR-EFI-06" duration="00:00:00.0004112" startTime="2024-01-09T15:42:04.0289227+01:00" endTime="2024-01-09T15:42:04.0289227+01:00" testType="13cdc9d9-ddb5-4fa4-a97d-d965ccfc6d4b" outcome="Passed" testListId="8c84fa94-04c1-424b-9868-57a2d4851a1d" relativeResultsDirectory="b59b8a5b-e924-45a2-8cae-f440a84eec0e" />
    <UnitTestResult executionId="8e431122-fa43-4ebb-b156-ac6357a0b77f" testId="bd61969b-49ad-3c82-14b4-6c7bc0436022" testName="SecurityManager_HasDevicePermission_ViewLive_Group_Denied" computerName="DKSR-EFI-06" duration="00:00:00.0083116" startTime="2024-01-09T15:42:13.2017323+01:00" endTime="2024-01-09T15:42:13.2017323+01:00" testType="13cdc9d9-ddb5-4fa4-a97d-d965ccfc6d4b" outcome="Passed" testListId="8c84fa94-04c1-424b-9868-57a2d4851a1d" relativeResultsDirectory="8e431122-fa43-4ebb-b156-ac6357a0b77f" />
    <UnitTestResult executionId="3ec439d2-eedd-43c4-8a9f-afbd7194b27e" testId="b2aa56e0-5f60-42d5-4864-fa1400ccd4c4" testName="EncryptingOtherSystemSetting" computerName="DKSR-EFI-06" duration="00:00:00.0006722" startTime="2024-01-09T15:42:28.7164639+01:00" endTime="2024-01-09T15:42:28.7164639+01:00" testType="13cdc9d9-ddb5-4fa4-a97d-d965ccfc6d4b" outcome="Passed" testListId="8c84fa94-04c1-424b-9868-57a2d4851a1d" relativeResultsDirectory="3ec439d2-eedd-43c4-8a9f-afbd7194b27e" />
    <UnitTestResult executionId="764fa758-ddd7-4553-8754-a2082fd8fd02" testId="9b6d1d16-dd72-74f7-830b-2ed37f788595" testName="AddressDriverPairs_SerializationTest" computerName="DKSR-EFI-06" duration="00:00:00.1013893" startTime="2024-01-09T15:42:03.2007963+01:00" endTime="2024-01-09T15:42:03.3101701+01:00" testType="13cdc9d9-ddb5-4fa4-a97d-d965ccfc6d4b" outcome="Passed" testListId="8c84fa94-04c1-424b-9868-57a2d4851a1d" relativeResultsDirectory="764fa758-ddd7-4553-8754-a2082fd8fd02" />
    <UnitTestResult executionId="c9cdd75a-796a-4a08-86f7-dd4b4e710152" testId="f96482fd-4b5b-b380-26cc-fd8ddcb86a8c" testName="IPHardwareBlockCollection_Load_Success" computerName="DKSR-EFI-06" duration="00:00:00.0253892" startTime="2024-01-09T15:42:28.8570903+01:00" endTime="2024-01-09T15:42:28.8883415+01:00" testType="13cdc9d9-ddb5-4fa4-a97d-d965ccfc6d4b" outcome="Passed" testListId="8c84fa94-04c1-424b-9868-57a2d4851a1d" relativeResultsDirectory="c9cdd75a-796a-4a08-86f7-dd4b4e710152" />
    <UnitTestResult executionId="aa1377af-62c1-40e7-8a6a-2a0289ff8286" testId="92de0608-fe98-a28c-fade-1d4b23f99d50" testName="StreamsConfiguration_ValidateConfiguration_No_Recording_Streams_ExactlyOneRecordingStreamError" computerName="DKSR-EFI-06" duration="00:00:00.0090038" startTime="2024-01-09T15:42:10.0445695+01:00" endTime="2024-01-09T15:42:10.0445695+01:00" testType="13cdc9d9-ddb5-4fa4-a97d-d965ccfc6d4b" outcome="Passed" testListId="8c84fa94-04c1-424b-9868-57a2d4851a1d" relativeResultsDirectory="aa1377af-62c1-40e7-8a6a-2a0289ff8286" />
    <UnitTestResult executionId="72ae42f1-2fc0-4e22-a9b8-5f5f74c3128f" testId="0db6cea0-7252-b647-3ba1-5f00dccc86b6" testName="LicenseActivationService_AcquireLicense_LicenseNotAllowed_TooManyInterconnectedCameras" computerName="DKSR-EFI-06" duration="00:00:00.0021147" startTime="2024-01-09T15:42:18.7320852+01:00" endTime="2024-01-09T15:42:18.7320852+01:00" testType="13cdc9d9-ddb5-4fa4-a97d-d965ccfc6d4b" outcome="Passed" testListId="8c84fa94-04c1-424b-9868-57a2d4851a1d" relativeResultsDirectory="72ae42f1-2fc0-4e22-a9b8-5f5f74c3128f" />
    <UnitTestResult executionId="63b47730-9fb2-4229-a449-60c4af44acfb" testId="f6328b9f-b052-e3f8-6080-2632707fb0d3" testName="EventMetadataTimestampParsesTimezonesCorrectly" computerName="DKSR-EFI-06" duration="00:00:00.0066660" startTime="2024-01-09T15:42:15.4039569+01:00" endTime="2024-01-09T15:42:15.4039569+01:00" testType="13cdc9d9-ddb5-4fa4-a97d-d965ccfc6d4b" outcome="Passed" testListId="8c84fa94-04c1-424b-9868-57a2d4851a1d" relativeResultsDirectory="63b47730-9fb2-4229-a449-60c4af44acfb" />
    <UnitTestResult executionId="ebff149d-8797-4868-addb-690ece18b6ea" testId="9c06d1ba-ea2b-1bb0-fd83-2316c05808c9" testName="DatabaseXmlConverter_DeviceXmlToStickerSize_Multiple" computerName="DKSR-EFI-06" duration="00:00:00.0098362" startTime="2024-01-09T15:42:01.8726626+01:00" endTime="2024-01-09T15:42:01.8882874+01:00" testType="13cdc9d9-ddb5-4fa4-a97d-d965ccfc6d4b" outcome="Passed" testListId="8c84fa94-04c1-424b-9868-57a2d4851a1d" relativeResultsDirectory="ebff149d-8797-4868-addb-690ece18b6ea" />
    <UnitTestResult executionId="11587a55-4d4c-4313-89cc-64a62804e422" testId="0bd264d5-4161-90e0-39e0-bfba18495c08" testName="HardwareInfo_DecodesDriverAndModelNameUpperWithDoubleQuote" computerName="DKSR-EFI-06" duration="00:00:00.0004697" startTime="2024-01-09T15:42:18.4352472+01:00" endTime="2024-01-09T15:42:18.4352472+01:00" testType="13cdc9d9-ddb5-4fa4-a97d-d965ccfc6d4b" outcome="Passed" testListId="8c84fa94-04c1-424b-9868-57a2d4851a1d" relativeResultsDirectory="11587a55-4d4c-4313-89cc-64a62804e422" />
    <UnitTestResult executionId="0d86d872-04a2-4533-b254-765f4670f75c" testId="fc98a4b7-aece-e9da-731a-dcf2a445b7e5" testName="LocalCommandProcessorResponseCollector_GetNextResponse_Cancelled" computerName="DKSR-EFI-06" duration="00:00:00.0032442" startTime="2024-01-09T15:42:29.3258400+01:00" endTime="2024-01-09T15:42:29.3258400+01:00" testType="13cdc9d9-ddb5-4fa4-a97d-d965ccfc6d4b" outcome="Passed" testListId="8c84fa94-04c1-424b-9868-57a2d4851a1d" relativeResultsDirectory="0d86d872-04a2-4533-b254-765f4670f75c" />
    <UnitTestResult executionId="79d0e011-2ba9-475f-b957-31ac20db8de6" testId="84301692-b472-5f6e-1737-760f9edcea65" testName="EncryptingActivationCredentialsSystemSetting" computerName="DKSR-EFI-06" duration="00:00:00.0008409" startTime="2024-01-09T15:42:28.6695906+01:00" endTime="2024-01-09T15:42:28.6695906+01:00" testType="13cdc9d9-ddb5-4fa4-a97d-d965ccfc6d4b" outcome="Passed" testListId="8c84fa94-04c1-424b-9868-57a2d4851a1d" relativeResultsDirectory="79d0e011-2ba9-475f-b957-31ac20db8de6" />
    <UnitTestResult executionId="b3d99a08-a2a0-4e59-a562-9917b298fa38" testId="d6e51d0c-a6b0-eb45-84d3-c2374b826952" testName="ProcessMessage_Command_Bulkable_MaxBulkSize_LessThan_Commands_InQueue" computerName="DKSR-EFI-06" duration="00:00:00.0010405" startTime="2024-01-09T15:42:17.6070840+01:00" endTime="2024-01-09T15:42:17.6227083+01:00" testType="13cdc9d9-ddb5-4fa4-a97d-d965ccfc6d4b" outcome="Passed" testListId="8c84fa94-04c1-424b-9868-57a2d4851a1d" relativeResultsDirectory="b3d99a08-a2a0-4e59-a562-9917b298fa38" />
    <UnitTestResult executionId="e4493446-1a4c-49da-ac34-3da77823927d" testId="8ec4ce01-a20c-7b36-74f2-fb2d170afbcc" testName="HardwareUnsupportedResponseModel_NoValuesSet_ValidationFailure" computerName="DKSR-EFI-06" duration="00:00:00.0020688" startTime="2024-01-09T15:42:10.5601964+01:00" endTime="2024-01-09T15:42:10.5601964+01:00" testType="13cdc9d9-ddb5-4fa4-a97d-d965ccfc6d4b" outcome="Passed" testListId="8c84fa94-04c1-424b-9868-57a2d4851a1d" relativeResultsDirectory="e4493446-1a4c-49da-ac34-3da77823927d" />
    <UnitTestResult executionId="636ec451-3d38-46ea-866d-833d8b61c409" testId="20373e8e-17b1-ac94-be0f-c1bed6d1c13a" testName="CalculateLicenseRequirements_ThreeEnabledCameras_ThreeDisabledCameras_WhitelistedModel_RequiresOneLicenses" computerName="DKSR-EFI-06" duration="00:00:00.0009574" startTime="2024-01-09T15:42:18.8570851+01:00" endTime="2024-01-09T15:42:18.8570851+01:00" testType="13cdc9d9-ddb5-4fa4-a97d-d965ccfc6d4b" outcome="Passed" testListId="8c84fa94-04c1-424b-9868-57a2d4851a1d" relativeResultsDirectory="636ec451-3d38-46ea-866d-833d8b61c409" />
    <UnitTestResult executionId="12d33812-cfd3-415b-983d-221f602f829e" testId="f63ce9dd-2e94-9a64-cca8-d5959dc6d120" testName="Invoke_NoUser_NextIsCalled" computerName="DKSR-EFI-06" duration="00:00:00.2844168" startTime="2024-01-09T15:42:10.6226957+01:00" endTime="2024-01-09T15:42:10.9039475+01:00" testType="13cdc9d9-ddb5-4fa4-a97d-d965ccfc6d4b" outcome="Passed" testListId="8c84fa94-04c1-424b-9868-57a2d4851a1d" relativeResultsDirectory="12d33812-cfd3-415b-983d-221f602f829e" />
    <UnitTestResult executionId="379592ca-7b4f-4210-b29e-e9a65191cd18" testId="5cd18a85-60ce-b58b-657b-5de44ebcf37b" testName="GroupConfigurationNullParameter" computerName="DKSR-EFI-06" duration="00:00:00.0007300" startTime="2024-01-09T15:42:15.3258315+01:00" endTime="2024-01-09T15:42:15.3258315+01:00" testType="13cdc9d9-ddb5-4fa4-a97d-d965ccfc6d4b" outcome="Passed" testListId="8c84fa94-04c1-424b-9868-57a2d4851a1d" relativeResultsDirectory="379592ca-7b4f-4210-b29e-e9a65191cd18" />
    <UnitTestResult executionId="7b0aa6ab-2d2a-44a8-866b-744e5889de65" testId="ddcb4ee4-5365-dfaa-cb65-e340de8752cc" testName="StreamsConfiguration_EnsureLiveDefaultAndRecordTreads_No_DefaultLive_Or_RunAlways_Record_Selected" computerName="DKSR-EFI-06" duration="00:00:00.0062270" startTime="2024-01-09T15:42:10.1695713+01:00" endTime="2024-01-09T15:42:10.1851952+01:00" testType="13cdc9d9-ddb5-4fa4-a97d-d965ccfc6d4b" outcome="Passed" testListId="8c84fa94-04c1-424b-9868-57a2d4851a1d" relativeResultsDirectory="7b0aa6ab-2d2a-44a8-866b-744e5889de65" />
    <UnitTestResult executionId="bf311685-a3bc-4149-811d-36dde2c098cd" testId="1215c071-33ea-bfa2-5ac8-c5403db99ae8" testName="LicenseCalculationResult_Validate_Null_DriverName_ConvertsToStringEmpty" computerName="DKSR-EFI-06" duration="00:00:00.0002969" startTime="2024-01-09T15:42:18.7945866+01:00" endTime="2024-01-09T15:42:18.7945866+01:00" testType="13cdc9d9-ddb5-4fa4-a97d-d965ccfc6d4b" outcome="Passed" testListId="8c84fa94-04c1-424b-9868-57a2d4851a1d" relativeResultsDirectory="bf311685-a3bc-4149-811d-36dde2c098cd" />
    <UnitTestResult executionId="21d6ef0c-b4a4-4bc8-9c84-d841be7c2bca" testId="f89bf4b2-037c-cd49-9022-7806b88b5e77" testName="ServerFileStorageQuota_Update_Success" computerName="DKSR-EFI-06" duration="00:00:00.0049478" startTime="2024-01-09T15:42:09.0445720+01:00" endTime="2024-01-09T15:42:09.0445720+01:00" testType="13cdc9d9-ddb5-4fa4-a97d-d965ccfc6d4b" outcome="Passed" testListId="8c84fa94-04c1-424b-9868-57a2d4851a1d" relativeResultsDirectory="21d6ef0c-b4a4-4bc8-9c84-d841be7c2bca" />
    <UnitTestResult executionId="a1bda7dc-11a5-4c49-ac6e-4621ee4aacfb" testId="e99ccd07-0ccb-42be-9999-bc74deaacf44" testName="DatabaseXmlConverter_XmlIdsToGuids_InvalidArgument" computerName="DKSR-EFI-06" duration="00:00:00.0036382" startTime="2024-01-09T15:42:01.9351632+01:00" endTime="2024-01-09T15:42:01.9351632+01:00" testType="13cdc9d9-ddb5-4fa4-a97d-d965ccfc6d4b" outcome="Passed" testListId="8c84fa94-04c1-424b-9868-57a2d4851a1d" relativeResultsDirectory="a1bda7dc-11a5-4c49-ac6e-4621ee4aacfb" />
    <UnitTestResult executionId="15f64764-e10d-40f1-9048-95dd9558dc48" testId="84f1b030-6383-8d30-b4ad-7486433b5171" testName="BindToType_BindToNonAllowedTypesContainedInAllowedAssembly_InvalidOperationException" computerName="DKSR-EFI-06" duration="00:00:00.0008184" startTime="2024-01-09T15:42:10.2789468+01:00" endTime="2024-01-09T15:42:10.2789468+01:00" testType="13cdc9d9-ddb5-4fa4-a97d-d965ccfc6d4b" outcome="Passed" testListId="8c84fa94-04c1-424b-9868-57a2d4851a1d" relativeResultsDirectory="15f64764-e10d-40f1-9048-95dd9558dc48" />
    <UnitTestResult executionId="dfa0d2f6-1354-4023-b50a-ab5ffa04adae" testId="e7fbce8b-95c9-d055-40af-2eb2cd0c6e85" testName="ExceptionResponseModel_Validate_Success" computerName="DKSR-EFI-06" duration="00:00:00.0049408" startTime="2024-01-09T15:42:12.7164523+01:00" endTime="2024-01-09T15:42:12.7320767+01:00" testType="13cdc9d9-ddb5-4fa4-a97d-d965ccfc6d4b" outcome="Passed" testListId="8c84fa94-04c1-424b-9868-57a2d4851a1d" relativeResultsDirectory="dfa0d2f6-1354-4023-b50a-ab5ffa04adae" />
    <UnitTestResult executionId="ee8352b5-f776-43da-a81c-96ae261d479d" testId="fee5bfa9-dfda-bebd-835d-dc916b944552" testName="ReadChildElementValueAsUInt32_ElementNull" computerName="DKSR-EFI-06" duration="00:00:00.0005063" startTime="2024-01-09T15:42:04.0133006+01:00" endTime="2024-01-09T15:42:04.0133006+01:00" testType="13cdc9d9-ddb5-4fa4-a97d-d965ccfc6d4b" outcome="Passed" testListId="8c84fa94-04c1-424b-9868-57a2d4851a1d" relativeResultsDirectory="ee8352b5-f776-43da-a81c-96ae261d479d" />
    <UnitTestResult executionId="b6b98e23-6894-40ef-aebd-81c27f7904ba" testId="0e3bbfa9-9b4c-e217-20f7-06aef70f85d5" testName="ExecuteRuleActionModel_ValidModel_Success" computerName="DKSR-EFI-06" duration="00:00:00.0017029" startTime="2024-01-09T15:42:12.4079660+01:00" endTime="2024-01-09T15:42:12.4080160+01:00" testType="13cdc9d9-ddb5-4fa4-a97d-d965ccfc6d4b" outcome="Passed" testListId="8c84fa94-04c1-424b-9868-57a2d4851a1d" relativeResultsDirectory="b6b98e23-6894-40ef-aebd-81c27f7904ba" />
    <UnitTestResult executionId="b9883279-cd2e-4da0-b579-886ffc7238e4" testId="0c386d09-84d1-9cae-13d9-2693f8757153" testName="LicenseCalculationResult_Validate_Null_MacAddress_Throws_ArgumentNullException" computerName="DKSR-EFI-06" duration="00:00:00.0006954" startTime="2024-01-09T15:42:18.7945866+01:00" endTime="2024-01-09T15:42:18.7945866+01:00" testType="13cdc9d9-ddb5-4fa4-a97d-d965ccfc6d4b" outcome="Passed" testListId="8c84fa94-04c1-424b-9868-57a2d4851a1d" relativeResultsDirectory="b9883279-cd2e-4da0-b579-886ffc7238e4" />
    <UnitTestResult executionId="d524c080-a55f-4dee-8cdd-e8dcbc0af6f0" testId="d9aae650-dc76-44b9-0b50-6cf8f55869e1" testName="GetChannelLicensenCount_AddHardware_ReturnValue" computerName="DKSR-EFI-06" duration="00:00:00.0009300" startTime="2024-01-09T15:42:18.4195850+01:00" endTime="2024-01-09T15:42:18.4195850+01:00" testType="13cdc9d9-ddb5-4fa4-a97d-d965ccfc6d4b" outcome="Passed" testListId="8c84fa94-04c1-424b-9868-57a2d4851a1d" relativeResultsDirectory="d524c080-a55f-4dee-8cdd-e8dcbc0af6f0" />
    <UnitTestResult executionId="64b320d6-5345-4f33-a72c-745274417fd1" testId="f1d97ee1-bf32-14e7-b1d7-279e0f139936" testName="Construct_RequestContainer_ValidLicenseRequestAndIntegrationData_Success" computerName="DKSR-EFI-06" duration="00:00:00.0003782" startTime="2024-01-09T15:42:25.9508391+01:00" endTime="2024-01-09T15:42:25.9508391+01:00" testType="13cdc9d9-ddb5-4fa4-a97d-d965ccfc6d4b" outcome="Passed" testListId="8c84fa94-04c1-424b-9868-57a2d4851a1d" relativeResultsDirectory="64b320d6-5345-4f33-a72c-745274417fd1" />
    <UnitTestResult executionId="d042832b-cd08-4a9f-8281-53bf6e18f6a2" testId="409fa761-3f5b-028c-2d05-81572d5dd09b" testName="ModelValidation_ValidModel_Success" computerName="DKSR-EFI-06" duration="00:00:00.0015142" startTime="2024-01-09T15:42:12.2008255+01:00" endTime="2024-01-09T15:42:12.2164500+01:00" testType="13cdc9d9-ddb5-4fa4-a97d-d965ccfc6d4b" outcome="Passed" testListId="8c84fa94-04c1-424b-9868-57a2d4851a1d" relativeResultsDirectory="d042832b-cd08-4a9f-8281-53bf6e18f6a2" />
    <UnitTestResult executionId="91014b26-7641-4f55-9793-6ca24592a0b3" testId="484ca05d-711d-5c33-b9ab-f92685bce023" testName="LicenseActivationService_AcquireLicense_LicenseNotAllowed_Generic" computerName="DKSR-EFI-06" duration="00:00:00.0030713" startTime="2024-01-09T15:42:18.7008353+01:00" endTime="2024-01-09T15:42:18.7008353+01:00" testType="13cdc9d9-ddb5-4fa4-a97d-d965ccfc6d4b" outcome="Passed" testListId="8c84fa94-04c1-424b-9868-57a2d4851a1d" relativeResultsDirectory="91014b26-7641-4f55-9793-6ca24592a0b3" />
    <UnitTestResult executionId="7a3aa04d-1610-4828-b60e-e8800e03e622" testId="f6d5615e-2ee5-dd6d-d370-6a1f1098a55d" testName="ReadAttributeAsBoolean_ElementNull" computerName="DKSR-EFI-06" duration="00:00:00.0005133" startTime="2024-01-09T15:42:03.9195486+01:00" endTime="2024-01-09T15:42:03.9195486+01:00" testType="13cdc9d9-ddb5-4fa4-a97d-d965ccfc6d4b" outcome="Passed" testListId="8c84fa94-04c1-424b-9868-57a2d4851a1d" relativeResultsDirectory="7a3aa04d-1610-4828-b60e-e8800e03e622" />
    <UnitTestResult executionId="42d18a9e-790a-4424-97b8-4f4a40d8604b" testId="9736a8ae-f308-ab55-366f-2db7b2222e2a" testName="CalculateLicenseRequirements_On1ICPHardwareWith3ChannelsAnd1NormalWith3Channels_ReturnsTrue" computerName="DKSR-EFI-06" duration="00:00:00.0009206" startTime="2024-01-09T15:42:18.8570851+01:00" endTime="2024-01-09T15:42:18.8727101+01:00" testType="13cdc9d9-ddb5-4fa4-a97d-d965ccfc6d4b" outcome="Passed" testListId="8c84fa94-04c1-424b-9868-57a2d4851a1d" relativeResultsDirectory="42d18a9e-790a-4424-97b8-4f4a40d8604b" />
    <UnitTestResult executionId="390a8907-4d0d-48c8-ade3-50ae6823a646" testId="a96c94d8-8a2b-307e-7808-65c30acaafbc" testName="TestHasFilledCellWithFilledArea" computerName="DKSR-EFI-06" duration="00:00:00.0001708" startTime="2024-01-09T15:42:27.9039641+01:00" endTime="2024-01-09T15:42:27.9039641+01:00" testType="13cdc9d9-ddb5-4fa4-a97d-d965ccfc6d4b" outcome="Passed" testListId="8c84fa94-04c1-424b-9868-57a2d4851a1d" relativeResultsDirectory="390a8907-4d0d-48c8-ade3-50ae6823a646" />
    <UnitTestResult executionId="ad8c6c43-630d-481d-9534-c1cf2a811ddf" testId="08b9aa2a-4c76-ae65-2ac2-b475d0e3b070" testName="IPHardwareBlockCollection_Remove_Null_Throws_ArgumentNullException" computerName="DKSR-EFI-06" duration="00:00:00.0141934" startTime="2024-01-09T15:42:28.8414636+01:00" endTime="2024-01-09T15:42:28.8570903+01:00" testType="13cdc9d9-ddb5-4fa4-a97d-d965ccfc6d4b" outcome="Passed" testListId="8c84fa94-04c1-424b-9868-57a2d4851a1d" relativeResultsDirectory="ad8c6c43-630d-481d-9534-c1cf2a811ddf">
      <Output>
        <StdOut>Debug Trace:&#xD;
Fail: Argument null.</StdOut>
      </Output>
    </UnitTestResult>
    <UnitTestResult executionId="fbbefe80-1c13-45dc-926b-75066796b3fb" testId="41caa7ba-f856-c906-dff0-8d244b9f6d95" testName="FeatureManager_GetFeatureParameterValue_License_Doc_Null" computerName="DKSR-EFI-06" duration="00:00:00.0003905" startTime="2024-01-09T15:42:18.2164592+01:00" endTime="2024-01-09T15:42:18.2164592+01:00" testType="13cdc9d9-ddb5-4fa4-a97d-d965ccfc6d4b" outcome="Passed" testListId="8c84fa94-04c1-424b-9868-57a2d4851a1d" relativeResultsDirectory="fbbefe80-1c13-45dc-926b-75066796b3fb" />
    <UnitTestResult executionId="0490c3b6-d54f-4c44-8021-f51a5141f3db" testId="f12700ba-8821-f0ba-12ed-2e40c237fae7" testName="WhiteList_IsModelWhiteListed_HWWith17CH_GlobalMaxChannelCount16ModelMaxChannelCountInvalid_ReturnsFalse" computerName="DKSR-EFI-06" duration="00:00:00.0006983" startTime="2024-01-09T15:42:26.4664642+01:00" endTime="2024-01-09T15:42:26.4664642+01:00" testType="13cdc9d9-ddb5-4fa4-a97d-d965ccfc6d4b" outcome="Passed" testListId="8c84fa94-04c1-424b-9868-57a2d4851a1d" relativeResultsDirectory="0490c3b6-d54f-4c44-8021-f51a5141f3db" />
    <UnitTestResult executionId="d5dd4e6b-5da9-4338-848d-8817bdce005c" testId="3072cc39-8686-cfc1-23dd-8ecb1be7b8d1" testName="LicenseDocument_GetParameterValue_NullFeature" computerName="DKSR-EFI-06" duration="00:00:00.0031304" startTime="2024-01-09T15:42:26.0602152+01:00" endTime="2024-01-09T15:42:26.0602152+01:00" testType="13cdc9d9-ddb5-4fa4-a97d-d965ccfc6d4b" outcome="Passed" testListId="8c84fa94-04c1-424b-9868-57a2d4851a1d" relativeResultsDirectory="d5dd4e6b-5da9-4338-848d-8817bdce005c" />
    <UnitTestResult executionId="ee20cad5-3cf9-42b5-8496-04e84c8c3893" testId="4c7a24a3-31b3-5682-9a84-9c6ad3d3362f" testName="LicenseVersionTest" computerName="DKSR-EFI-06" duration="00:00:00.2686760" startTime="2024-01-09T15:42:15.9195838+01:00" endTime="2024-01-09T15:42:16.1852100+01:00" testType="13cdc9d9-ddb5-4fa4-a97d-d965ccfc6d4b" outcome="Passed" testListId="8c84fa94-04c1-424b-9868-57a2d4851a1d" relativeResultsDirectory="ee20cad5-3cf9-42b5-8496-04e84c8c3893" />
    <UnitTestResult executionId="89095cc4-2300-4dea-87c3-4257db104e10" testId="fd9dd396-864e-bc54-1efb-7212fdfa608f" testName="GetAggregateFeeds_FailsWhen_UpdateHardwareAggregates_NotCalled" computerName="DKSR-EFI-06" duration="00:00:00.0013274" startTime="2024-01-09T15:42:18.3570859+01:00" endTime="2024-01-09T15:42:18.3570859+01:00" testType="13cdc9d9-ddb5-4fa4-a97d-d965ccfc6d4b" outcome="Passed" testListId="8c84fa94-04c1-424b-9868-57a2d4851a1d" relativeResultsDirectory="89095cc4-2300-4dea-87c3-4257db104e10" />
    <UnitTestResult executionId="e94acf55-03f4-479d-8600-6e4830bf9268" testId="25a11567-6162-f921-9475-fdd513dc689c" testName="FeatureManager_IsFeatureLicensed_License_Feature_Null" computerName="DKSR-EFI-06" duration="00:00:00.0003921" startTime="2024-01-09T15:42:18.2008360+01:00" endTime="2024-01-09T15:42:18.2008360+01:00" testType="13cdc9d9-ddb5-4fa4-a97d-d965ccfc6d4b" outcome="Passed" testListId="8c84fa94-04c1-424b-9868-57a2d4851a1d" relativeResultsDirectory="e94acf55-03f4-479d-8600-6e4830bf9268" />
    <UnitTestResult executionId="0c2b5a0c-ad66-4664-bc0c-ce75a6c82443" testId="4fb97ef2-c5a9-1dee-8550-2558bb227e10" testName="ServiceConnectionStatus_CommunicationConfirmed_Multiple_OneRaiseOnlineEvent" computerName="DKSR-EFI-06" duration="00:00:00.0006959" startTime="2024-01-09T15:42:09.2476946+01:00" endTime="2024-01-09T15:42:09.2476946+01:00" testType="13cdc9d9-ddb5-4fa4-a97d-d965ccfc6d4b" outcome="Passed" testListId="8c84fa94-04c1-424b-9868-57a2d4851a1d" relativeResultsDirectory="0c2b5a0c-ad66-4664-bc0c-ce75a6c82443" />
    <UnitTestResult executionId="d040de03-8bb4-47ac-8d62-d8e83b8f2de8" testId="0de96528-243c-6f64-ebc4-cbed28be2ce4" testName="CheckAllMIPFiltersEmptyList2" computerName="DKSR-EFI-06" duration="00:00:00.0006784" startTime="2024-01-09T15:42:15.4039569+01:00" endTime="2024-01-09T15:42:15.4039569+01:00" testType="13cdc9d9-ddb5-4fa4-a97d-d965ccfc6d4b" outcome="Passed" testListId="8c84fa94-04c1-424b-9868-57a2d4851a1d" relativeResultsDirectory="d040de03-8bb4-47ac-8d62-d8e83b8f2de8" />
    <UnitTestResult executionId="ad4a0f3f-f41d-4477-b989-3afb8028c522" testId="7a2a8518-d77f-ab62-355c-6a54533e9cdf" testName="Constructor_CreatesEmptyIndexes_OnIcpHw" computerName="DKSR-EFI-06" duration="00:00:00.0014431" startTime="2024-01-09T15:42:18.0133335+01:00" endTime="2024-01-09T15:42:18.0133335+01:00" testType="13cdc9d9-ddb5-4fa4-a97d-d965ccfc6d4b" outcome="Passed" testListId="8c84fa94-04c1-424b-9868-57a2d4851a1d" relativeResultsDirectory="ad4a0f3f-f41d-4477-b989-3afb8028c522" />
    <UnitTestResult executionId="0dbd7169-2539-420e-8e1f-9bf921952f56" testId="70027afe-27b0-3017-ebbc-8fc0f42ca82f" testName="WhiteList_CreateInstanceWithoutVersionAttributeParameter_RaisesArgumentException" computerName="DKSR-EFI-06" duration="00:00:00.0006288" startTime="2024-01-09T15:42:26.3883401+01:00" endTime="2024-01-09T15:42:26.3883401+01:00" testType="13cdc9d9-ddb5-4fa4-a97d-d965ccfc6d4b" outcome="Passed" testListId="8c84fa94-04c1-424b-9868-57a2d4851a1d" relativeResultsDirectory="0dbd7169-2539-420e-8e1f-9bf921952f56" />
    <UnitTestResult executionId="f474650d-6613-4cf8-afa1-ad8e3e905bc6" testId="c1b3d7f7-67d7-6f4a-4081-4e1d5822b5c7" testName="Encrypt_DataSetHasNoRows_DataSetIsNotChanged" computerName="DKSR-EFI-06" duration="00:00:00.0023365" startTime="2024-01-09T15:42:28.1695894+01:00" endTime="2024-01-09T15:42:28.1852142+01:00" testType="13cdc9d9-ddb5-4fa4-a97d-d965ccfc6d4b" outcome="Passed" testListId="8c84fa94-04c1-424b-9868-57a2d4851a1d" relativeResultsDirectory="f474650d-6613-4cf8-afa1-ad8e3e905bc6" />
    <UnitTestResult executionId="62861322-0a92-4b43-b174-2a0efd6772cc" testId="130f1d31-4e3b-f47a-5ffa-e1e0aa4b66b9" testName="PtzPresetCollection_KeyIndexer_Success" computerName="DKSR-EFI-06" duration="00:00:00.0005204" startTime="2024-01-09T15:42:04.5914259+01:00" endTime="2024-01-09T15:42:04.5914259+01:00" testType="13cdc9d9-ddb5-4fa4-a97d-d965ccfc6d4b" outcome="Passed" testListId="8c84fa94-04c1-424b-9868-57a2d4851a1d" relativeResultsDirectory="62861322-0a92-4b43-b174-2a0efd6772cc" />
    <UnitTestResult executionId="8e75c736-cdcd-465e-a433-ec64de82fd84" testId="84aff556-9090-2020-f213-d7eee6c9a7c6" testName="EventMetadataTimestampParsesMicrosecondsCorrectly" computerName="DKSR-EFI-06" duration="00:00:00.0002921" startTime="2024-01-09T15:42:15.4196253+01:00" endTime="2024-01-09T15:42:15.4196253+01:00" testType="13cdc9d9-ddb5-4fa4-a97d-d965ccfc6d4b" outcome="Passed" testListId="8c84fa94-04c1-424b-9868-57a2d4851a1d" relativeResultsDirectory="8e75c736-cdcd-465e-a433-ec64de82fd84" />
    <UnitTestResult executionId="23f60f3b-f876-4c2c-8ac1-04b45bba753c" testId="1e45a251-11ae-6a6c-e845-ac9b0a1e119b" testName="Constructor_LoggerIsNull_ArgumentNullExceptionThrown" computerName="DKSR-EFI-06" duration="00:00:00.0020378" startTime="2024-01-09T15:42:00.7790165+01:00" endTime="2024-01-09T15:42:00.7790165+01:00" testType="13cdc9d9-ddb5-4fa4-a97d-d965ccfc6d4b" outcome="Passed" testListId="8c84fa94-04c1-424b-9868-57a2d4851a1d" relativeResultsDirectory="23f60f3b-f876-4c2c-8ac1-04b45bba753c">
      <Output>
        <StdOut>Debug Trace:&#xD;
Fail: Argument null</StdOut>
      </Output>
    </UnitTestResult>
    <UnitTestResult executionId="15e9e2fa-21e6-4803-b15f-fcc57951b7f6" testId="a31574ef-97fc-5bd5-6389-ec8df1c72cbf" testName="SecurityConfigurationModel_Json_Serialize_Deserialize" computerName="DKSR-EFI-06" duration="00:00:00.0924539" startTime="2024-01-09T15:42:11.9351995+01:00" endTime="2024-01-09T15:42:12.0289498+01:00" testType="13cdc9d9-ddb5-4fa4-a97d-d965ccfc6d4b" outcome="Passed" testListId="8c84fa94-04c1-424b-9868-57a2d4851a1d" relativeResultsDirectory="15e9e2fa-21e6-4803-b15f-fcc57951b7f6" />
    <UnitTestResult executionId="6c6385f2-d620-4bb7-8ac0-5cd300b669f1" testId="e71f9197-dd92-de2f-20c0-30b52784395c" testName="AuthenticationError_MethodCalled_EventIsRaised" computerName="DKSR-EFI-06" duration="00:00:00.0019128" startTime="2024-01-09T15:42:09.2789432+01:00" endTime="2024-01-09T15:42:09.2789432+01:00" testType="13cdc9d9-ddb5-4fa4-a97d-d965ccfc6d4b" outcome="Passed" testListId="8c84fa94-04c1-424b-9868-57a2d4851a1d" relativeResultsDirectory="6c6385f2-d620-4bb7-8ac0-5cd300b669f1" />
    <UnitTestResult executionId="a97056fb-7426-4e7a-9431-15363b393007" testId="494eaabe-4fb2-b802-16bf-4589390d21c1" testName="FeatureManager_GetFeatureParameterValueT_Parameter_Not_Found" computerName="DKSR-EFI-06" duration="00:00:00.0008910" startTime="2024-01-09T15:42:18.2633345+01:00" endTime="2024-01-09T15:42:18.2633345+01:00" testType="13cdc9d9-ddb5-4fa4-a97d-d965ccfc6d4b" outcome="Passed" testListId="8c84fa94-04c1-424b-9868-57a2d4851a1d" relativeResultsDirectory="a97056fb-7426-4e7a-9431-15363b393007" />
    <UnitTestResult executionId="3a308955-e0cd-4bd5-813a-cb3f27789998" testId="69235826-a1f1-f215-3f28-97d4bdbe2d52" testName="ReadChildElementValueAsBoolean_SunnyDayFalse" computerName="DKSR-EFI-06" duration="00:00:00.0003722" startTime="2024-01-09T15:42:03.9195486+01:00" endTime="2024-01-09T15:42:03.9195486+01:00" testType="13cdc9d9-ddb5-4fa4-a97d-d965ccfc6d4b" outcome="Passed" testListId="8c84fa94-04c1-424b-9868-57a2d4851a1d" relativeResultsDirectory="3a308955-e0cd-4bd5-813a-cb3f27789998" />
    <UnitTestResult executionId="9ffab2d1-b093-4b14-ba5c-88456c602496" testId="c98cf8cc-0896-31ae-431a-5052c6c62dbc" testName="Validate_WhitelistedHardware_DoesNotAppearOnGrid_Warning_Success" computerName="DKSR-EFI-06" duration="00:00:00.0018630" startTime="2024-01-09T15:42:26.3570917+01:00" endTime="2024-01-09T15:42:26.3570917+01:00" testType="13cdc9d9-ddb5-4fa4-a97d-d965ccfc6d4b" outcome="Passed" testListId="8c84fa94-04c1-424b-9868-57a2d4851a1d" relativeResultsDirectory="9ffab2d1-b093-4b14-ba5c-88456c602496" />
    <UnitTestResult executionId="25feb70b-61c5-4706-b754-66190b86a157" testId="e64c8100-0f88-0067-2e28-6e0a325b5b0a" testName="ConvertStringToPort_InvalidPortString_ThrowsFormatException" computerName="DKSR-EFI-06" duration="00:00:00.0009626" startTime="2024-01-09T15:42:29.2633394+01:00" endTime="2024-01-09T15:42:29.2633394+01:00" testType="13cdc9d9-ddb5-4fa4-a97d-d965ccfc6d4b" outcome="Passed" testListId="8c84fa94-04c1-424b-9868-57a2d4851a1d" relativeResultsDirectory="25feb70b-61c5-4706-b754-66190b86a157" />
    <UnitTestResult executionId="7616a27f-349b-40c9-935c-c095aa3d8522" testId="08dec44d-1c08-9a76-c0ec-d0a7bbbd645e" testName="ResponseModel_EmptyServiceId_ValidationFailure" computerName="DKSR-EFI-06" duration="00:00:00.0006117" startTime="2024-01-09T15:42:12.7008277+01:00" endTime="2024-01-09T15:42:12.7008277+01:00" testType="13cdc9d9-ddb5-4fa4-a97d-d965ccfc6d4b" outcome="Passed" testListId="8c84fa94-04c1-424b-9868-57a2d4851a1d" relativeResultsDirectory="7616a27f-349b-40c9-935c-c095aa3d8522" />
    <UnitTestResult executionId="bbafa169-9299-4ec9-b8b0-a2de6cfd5ae7" testId="645cd5c3-36ae-6109-a092-fe741c107a15" testName="PatchAsync_EndpointOnly_NoError_TaskIsExecuted" computerName="DKSR-EFI-06" duration="00:00:00.0052557" startTime="2024-01-09T15:42:01.1539093+01:00" endTime="2024-01-09T15:42:01.1539093+01:00" testType="13cdc9d9-ddb5-4fa4-a97d-d965ccfc6d4b" outcome="Passed" testListId="8c84fa94-04c1-424b-9868-57a2d4851a1d" relativeResultsDirectory="bbafa169-9299-4ec9-b8b0-a2de6cfd5ae7" />
    <UnitTestResult executionId="96c9e75b-ad32-4be1-baa1-84fb8a137347" testId="bdd0effd-b296-7426-791a-c600389b84af" testName="ReadChildElementValueAsUInt64_NoChild" computerName="DKSR-EFI-06" duration="00:00:00.0004077" startTime="2024-01-09T15:42:04.0757987+01:00" endTime="2024-01-09T15:42:04.0757987+01:00" testType="13cdc9d9-ddb5-4fa4-a97d-d965ccfc6d4b" outcome="Passed" testListId="8c84fa94-04c1-424b-9868-57a2d4851a1d" relativeResultsDirectory="96c9e75b-ad32-4be1-baa1-84fb8a137347" />
    <UnitTestResult executionId="16284487-fc3d-4fcd-8608-fdacf12449e3" testId="487d6f91-ec82-e947-a26f-7f86a9428ee4" testName="Mac_Address_Empty_Test_Null" computerName="DKSR-EFI-06" duration="00:00:00.0006320" startTime="2024-01-09T15:42:26.5133407+01:00" endTime="2024-01-09T15:42:26.5133407+01:00" testType="13cdc9d9-ddb5-4fa4-a97d-d965ccfc6d4b" outcome="Passed" testListId="8c84fa94-04c1-424b-9868-57a2d4851a1d" relativeResultsDirectory="16284487-fc3d-4fcd-8608-fdacf12449e3" />
    <UnitTestResult executionId="a7404b82-64d7-4c55-ba40-35f8264c48b8" testId="1a61026f-b271-a5eb-73c1-1f856c7784d0" testName="LicenseDocument_ValidateActivatedLicense_HardwareWithNoEnabledCameras_ShowsHardwareAsActivated" computerName="DKSR-EFI-06" duration="00:00:00.0026917" startTime="2024-01-09T15:42:26.2164647+01:00" endTime="2024-01-09T15:42:26.2164647+01:00" testType="13cdc9d9-ddb5-4fa4-a97d-d965ccfc6d4b" outcome="Passed" testListId="8c84fa94-04c1-424b-9868-57a2d4851a1d" relativeResultsDirectory="a7404b82-64d7-4c55-ba40-35f8264c48b8" />
    <UnitTestResult executionId="fd941964-7bf6-4a0a-b8e9-c9740e0e6bc4" testId="40f2976d-c053-33d7-51b4-7fde8f3dce0a" testName="BaseHtmlLicenseReport_SvgImageLink_NoClass_Success" computerName="DKSR-EFI-06" duration="00:00:00.0005039" startTime="2024-01-09T15:42:18.0758341+01:00" endTime="2024-01-09T15:42:18.0758341+01:00" testType="13cdc9d9-ddb5-4fa4-a97d-d965ccfc6d4b" outcome="Passed" testListId="8c84fa94-04c1-424b-9868-57a2d4851a1d" relativeResultsDirectory="fd941964-7bf6-4a0a-b8e9-c9740e0e6bc4" />
    <UnitTestResult executionId="fcca3c68-e63a-4952-8458-2c7d420c3490" testId="d5d86913-9259-1dc9-8e1f-ca19d2ddbe87" testName="BaseHtmlLicenseReport_CreateHeader_NullTitle_ExpectEmptyString" computerName="DKSR-EFI-06" duration="00:00:00.0006814" startTime="2024-01-09T15:42:18.0445857+01:00" endTime="2024-01-09T15:42:18.0445857+01:00" testType="13cdc9d9-ddb5-4fa4-a97d-d965ccfc6d4b" outcome="Passed" testListId="8c84fa94-04c1-424b-9868-57a2d4851a1d" relativeResultsDirectory="fcca3c68-e63a-4952-8458-2c7d420c3490" />
    <UnitTestResult executionId="037447ae-d342-43e5-be92-382e23a1d7a3" testId="ef3ab5a6-ab64-2248-5466-efa07c45b7f4" testName="Transform_XmlHasSystemSetting_SystemSettingIsTransformed" computerName="DKSR-EFI-06" duration="00:00:00.0009745" startTime="2024-01-09T15:42:28.7477148+01:00" endTime="2024-01-09T15:42:28.7477148+01:00" testType="13cdc9d9-ddb5-4fa4-a97d-d965ccfc6d4b" outcome="Passed" testListId="8c84fa94-04c1-424b-9868-57a2d4851a1d" relativeResultsDirectory="037447ae-d342-43e5-be92-382e23a1d7a3" />
    <UnitTestResult executionId="6ceac554-7f0e-4bd2-aa8b-b53ccf373558" testId="5a5472e0-863f-8bcc-020c-c51996b4074b" testName="Constructor_ThrowsException_OnNonICPHardwareWithNullMacAddress" computerName="DKSR-EFI-06" duration="00:00:00.0009358" startTime="2024-01-09T15:42:18.0289599+01:00" endTime="2024-01-09T15:42:18.0289599+01:00" testType="13cdc9d9-ddb5-4fa4-a97d-d965ccfc6d4b" outcome="Passed" testListId="8c84fa94-04c1-424b-9868-57a2d4851a1d" relativeResultsDirectory="6ceac554-7f0e-4bd2-aa8b-b53ccf373558" />
    <UnitTestResult executionId="0addf5eb-7f26-4373-84fa-018a49c2b11d" testId="f0181734-4a5c-6b55-53c4-50277496276a" testName="HttpClientCommunicatorWrapper_SendTObj_Success" computerName="DKSR-EFI-06" duration="00:00:00.0025284" startTime="2024-01-09T15:42:11.3101963+01:00" endTime="2024-01-09T15:42:11.3101963+01:00" testType="13cdc9d9-ddb5-4fa4-a97d-d965ccfc6d4b" outcome="Passed" testListId="8c84fa94-04c1-424b-9868-57a2d4851a1d" relativeResultsDirectory="0addf5eb-7f26-4373-84fa-018a49c2b11d" />
    <UnitTestResult executionId="0e19a68a-1ea8-4212-8a9b-879f90a36654" testId="ae9f41c0-56c5-c136-6fd0-0ca4cee7679c" testName="RulesTableAdapter_SetUserSid_NullSid_ArgumentException" computerName="DKSR-EFI-06" duration="00:00:00.0011265" startTime="2024-01-09T15:42:28.4977632+01:00" endTime="2024-01-09T15:42:28.5133400+01:00" testType="13cdc9d9-ddb5-4fa4-a97d-d965ccfc6d4b" outcome="Passed" testListId="8c84fa94-04c1-424b-9868-57a2d4851a1d" relativeResultsDirectory="0e19a68a-1ea8-4212-8a9b-879f90a36654">
      <Output>
        <StdOut>Debug Trace:&#xD;
Fail: No security identifier was specified.</StdOut>
      </Output>
    </UnitTestResult>
    <UnitTestResult executionId="3a2dca44-f527-4f83-bebe-11c76ee453ca" testId="704dfcc7-0671-d060-5f0f-23483247cded" testName="Update_XmlHasNoPassword_XmlIsUnchanged" computerName="DKSR-EFI-06" duration="00:00:00.0003829" startTime="2024-01-09T15:42:28.7477148+01:00" endTime="2024-01-09T15:42:28.7477148+01:00" testType="13cdc9d9-ddb5-4fa4-a97d-d965ccfc6d4b" outcome="Passed" testListId="8c84fa94-04c1-424b-9868-57a2d4851a1d" relativeResultsDirectory="3a2dca44-f527-4f83-bebe-11c76ee453ca" />
    <UnitTestResult executionId="a06ff129-ef7d-4456-ae29-c88e82eeba2a" testId="1edb5fc0-1d1c-9043-2f33-b0d2833c32b4" testName="ServerFileStorage_CreateStream_RootDirectoryCreated" computerName="DKSR-EFI-06" duration="00:00:00.0004861" startTime="2024-01-09T15:42:09.1226945+01:00" endTime="2024-01-09T15:42:09.1226945+01:00" testType="13cdc9d9-ddb5-4fa4-a97d-d965ccfc6d4b" outcome="Passed" testListId="8c84fa94-04c1-424b-9868-57a2d4851a1d" relativeResultsDirectory="a06ff129-ef7d-4456-ae29-c88e82eeba2a" />
    <UnitTestResult executionId="fa95cae8-a0fb-429a-abff-d384d795db31" testId="285de3cc-7463-97c5-7a4d-9fc18f07fa37" testName="FeatureManager_LicenseExpires_DateTimeMin_ReturnsFalse" computerName="DKSR-EFI-06" duration="00:00:00.0009976" startTime="2024-01-09T15:42:18.3414615+01:00" endTime="2024-01-09T15:42:18.3414615+01:00" testType="13cdc9d9-ddb5-4fa4-a97d-d965ccfc6d4b" outcome="Passed" testListId="8c84fa94-04c1-424b-9868-57a2d4851a1d" relativeResultsDirectory="fa95cae8-a0fb-429a-abff-d384d795db31" />
    <UnitTestResult executionId="68745c19-4e09-413d-9dd5-a9ca852dc86b" testId="92454916-5108-915e-8369-9c28f3401013" testName="UpdateHardwareAggregates_FailsWhen_CalledTwice" computerName="DKSR-EFI-06" duration="00:00:00.0006116" startTime="2024-01-09T15:42:18.3727093+01:00" endTime="2024-01-09T15:42:18.3884180+01:00" testType="13cdc9d9-ddb5-4fa4-a97d-d965ccfc6d4b" outcome="Passed" testListId="8c84fa94-04c1-424b-9868-57a2d4851a1d" relativeResultsDirectory="68745c19-4e09-413d-9dd5-a9ca852dc86b" />
    <UnitTestResult executionId="38bd21cc-7dc4-4163-bfb2-ad7e0d30c625" testId="0327f027-7dbf-9667-735e-eac3e8857101" testName="TestSetRegionWithInvalidIndexThrows" computerName="DKSR-EFI-06" duration="00:00:00.0006110" startTime="2024-01-09T15:42:27.9508424+01:00" endTime="2024-01-09T15:42:27.9508424+01:00" testType="13cdc9d9-ddb5-4fa4-a97d-d965ccfc6d4b" outcome="Passed" testListId="8c84fa94-04c1-424b-9868-57a2d4851a1d" relativeResultsDirectory="38bd21cc-7dc4-4163-bfb2-ad7e0d30c625" />
    <UnitTestResult executionId="bb53afc5-9e9e-42bf-8047-41011b88c4ce" testId="b5297b32-63e5-d445-fb49-5c5df5f61bec" testName="MipActionModel_ValidModel_Success" computerName="DKSR-EFI-06" duration="00:00:00.0017448" startTime="2024-01-09T15:42:12.5445779+01:00" endTime="2024-01-09T15:42:12.5445779+01:00" testType="13cdc9d9-ddb5-4fa4-a97d-d965ccfc6d4b" outcome="Passed" testListId="8c84fa94-04c1-424b-9868-57a2d4851a1d" relativeResultsDirectory="bb53afc5-9e9e-42bf-8047-41011b88c4ce" />
    <UnitTestResult executionId="67135471-e876-41e4-a83e-903e0d5a52cf" testId="8bc2f5a4-2b6a-d6fa-6633-3ec73ee952bc" testName="LicenseActivationService_AcquireLicense_LicenseNotAllowed_FeatureNotRegistered" computerName="DKSR-EFI-06" duration="00:00:00.0020567" startTime="2024-01-09T15:42:18.7164595+01:00" endTime="2024-01-09T15:42:18.7164595+01:00" testType="13cdc9d9-ddb5-4fa4-a97d-d965ccfc6d4b" outcome="Passed" testListId="8c84fa94-04c1-424b-9868-57a2d4851a1d" relativeResultsDirectory="67135471-e876-41e4-a83e-903e0d5a52cf" />
    <UnitTestResult executionId="ec22b1ac-6481-49f8-ba73-7dd288cdf60b" testId="926436bb-6ad1-4c45-7e27-4f7121382ea2" testName="EncryptingHardware" computerName="DKSR-EFI-06" duration="00:00:00.0066007" startTime="2024-01-09T15:42:28.7164639+01:00" endTime="2024-01-09T15:42:28.7164639+01:00" testType="13cdc9d9-ddb5-4fa4-a97d-d965ccfc6d4b" outcome="Passed" testListId="8c84fa94-04c1-424b-9868-57a2d4851a1d" relativeResultsDirectory="ec22b1ac-6481-49f8-ba73-7dd288cdf60b" />
    <UnitTestResult executionId="a6a0a11d-21d3-4e27-999a-1975c2c07181" testId="876ce97f-2560-40db-2a09-5b08ae002395" testName="FeatureInformation_Constructor_ExpiresIsFalse_OnDateTimeMaxValue" computerName="DKSR-EFI-06" duration="00:00:00.0001919" startTime="2024-01-09T15:42:18.1852094+01:00" endTime="2024-01-09T15:42:18.1852094+01:00" testType="13cdc9d9-ddb5-4fa4-a97d-d965ccfc6d4b" outcome="Passed" testListId="8c84fa94-04c1-424b-9868-57a2d4851a1d" relativeResultsDirectory="a6a0a11d-21d3-4e27-999a-1975c2c07181" />
    <UnitTestResult executionId="5acee9ef-4216-46d2-a0e4-7209e7a49a55" testId="2542f3d1-3cdc-cf6a-9a74-108a02079f30" testName="FileUploadSynchronizer_Upload_DifferentFiles_To_SameRecorder_Twice_UploadsTwice_ChecksExistsFourTimes" computerName="DKSR-EFI-06" duration="00:00:00.0007198" startTime="2024-01-09T15:42:04.6539287+01:00" endTime="2024-01-09T15:42:04.6539287+01:00" testType="13cdc9d9-ddb5-4fa4-a97d-d965ccfc6d4b" outcome="Passed" testListId="8c84fa94-04c1-424b-9868-57a2d4851a1d" relativeResultsDirectory="5acee9ef-4216-46d2-a0e4-7209e7a49a55" />
    <UnitTestResult executionId="400270b3-ee0b-42f7-b449-c3aecadc448f" testId="3ff3bc6d-9bae-1e17-40b6-e5282e1f7ee4" testName="Encrypt_DataSetHasEmptyPassword_PasswordIsStillEmpty" computerName="DKSR-EFI-06" duration="00:00:00.0019737" startTime="2024-01-09T15:42:28.0289658+01:00" endTime="2024-01-09T15:42:28.0289658+01:00" testType="13cdc9d9-ddb5-4fa4-a97d-d965ccfc6d4b" outcome="Passed" testListId="8c84fa94-04c1-424b-9868-57a2d4851a1d" relativeResultsDirectory="400270b3-ee0b-42f7-b449-c3aecadc448f" />
    <UnitTestResult executionId="2e496049-7864-4ae9-a9fe-5d8120be8570" testId="913e1e71-017b-1ef9-c257-070388fbfd68" testName="Transform_XmlHasHardwareSetting_HardwareSettingIsTransformed" computerName="DKSR-EFI-06" duration="00:00:00.0009158" startTime="2024-01-09T15:42:28.7477148+01:00" endTime="2024-01-09T15:42:28.7477148+01:00" testType="13cdc9d9-ddb5-4fa4-a97d-d965ccfc6d4b" outcome="Passed" testListId="8c84fa94-04c1-424b-9868-57a2d4851a1d" relativeResultsDirectory="2e496049-7864-4ae9-a9fe-5d8120be8570" />
    <UnitTestResult executionId="4f893f0e-7b1f-4606-9ab7-2bd444fc677c" testId="6c7d8215-38b1-02e9-d562-9273b1ad62df" testName="FindFrameIdx_TimeF2" computerName="DKSR-EFI-06" duration="00:00:00.0005761" startTime="2024-01-09T15:42:04.4195508+01:00" endTime="2024-01-09T15:42:04.4195508+01:00" testType="13cdc9d9-ddb5-4fa4-a97d-d965ccfc6d4b" outcome="Passed" testListId="8c84fa94-04c1-424b-9868-57a2d4851a1d" relativeResultsDirectory="4f893f0e-7b1f-4606-9ab7-2bd444fc677c" />
    <UnitTestResult executionId="43777d4f-0d2a-4ec1-948c-06b4404a804b" testId="9323db7d-4095-b480-fb06-e80a4d2f6eaa" testName="HttpClientCommunicatorWrapper_SendTObjTRet_CommunicationException" computerName="DKSR-EFI-06" duration="00:00:00.0014951" startTime="2024-01-09T15:42:11.3726983+01:00" endTime="2024-01-09T15:42:11.3726983+01:00" testType="13cdc9d9-ddb5-4fa4-a97d-d965ccfc6d4b" outcome="Passed" testListId="8c84fa94-04c1-424b-9868-57a2d4851a1d" relativeResultsDirectory="43777d4f-0d2a-4ec1-948c-06b4404a804b" />
    <UnitTestResult executionId="9226d98c-b88a-4d78-9ad0-0a72d0bab6b0" testId="9c5bec64-4cd7-1eb8-640f-4e2bbbe7392f" testName="LicenseDocument_IsDeviceLicensed_HardwareNotFound_ReturnsFalse" computerName="DKSR-EFI-06" duration="00:00:00.0055462" startTime="2024-01-09T15:42:26.1852175+01:00" endTime="2024-01-09T15:42:26.1852175+01:00" testType="13cdc9d9-ddb5-4fa4-a97d-d965ccfc6d4b" outcome="Passed" testListId="8c84fa94-04c1-424b-9868-57a2d4851a1d" relativeResultsDirectory="9226d98c-b88a-4d78-9ad0-0a72d0bab6b0" />
    <UnitTestResult executionId="1f5d4cd5-1715-4c64-bbc5-5fab5d635481" testId="785bcb6a-a901-4c1b-60ba-1af9a59d4f8a" testName="LicenseDocument_IsFeatureLicensed_SmartWallFeatureExpired" computerName="DKSR-EFI-06" duration="00:00:00.0016865" startTime="2024-01-09T15:42:26.0445883+01:00" endTime="2024-01-09T15:42:26.0602152+01:00" testType="13cdc9d9-ddb5-4fa4-a97d-d965ccfc6d4b" outcome="Passed" testListId="8c84fa94-04c1-424b-9868-57a2d4851a1d" relativeResultsDirectory="1f5d4cd5-1715-4c64-bbc5-5fab5d635481" />
    <UnitTestResult executionId="c2f33bc6-c8ab-470b-8091-4b9c2e2e494d" testId="063828b1-19f7-817c-f6d7-6bce08b2e5fb" testName="ModelValidation_RequiredPropertiesAreNull_Failed" computerName="DKSR-EFI-06" duration="00:00:00.0016111" startTime="2024-01-09T15:42:12.2164500+01:00" endTime="2024-01-09T15:42:12.2164500+01:00" testType="13cdc9d9-ddb5-4fa4-a97d-d965ccfc6d4b" outcome="Passed" testListId="8c84fa94-04c1-424b-9868-57a2d4851a1d" relativeResultsDirectory="c2f33bc6-c8ab-470b-8091-4b9c2e2e494d" />
    <UnitTestResult executionId="2d6f1e9a-317c-42b0-aa30-be72071ac8e9" testId="cfc4dc4c-319e-83b7-aea7-b591effbc8ad" testName="PtzPresetCollection_ContainsKey_Success" computerName="DKSR-EFI-06" duration="00:00:00.0006923" startTime="2024-01-09T15:42:04.5914259+01:00" endTime="2024-01-09T15:42:04.5914259+01:00" testType="13cdc9d9-ddb5-4fa4-a97d-d965ccfc6d4b" outcome="Passed" testListId="8c84fa94-04c1-424b-9868-57a2d4851a1d" relativeResultsDirectory="2d6f1e9a-317c-42b0-aa30-be72071ac8e9" />
    <UnitTestResult executionId="11dc28f1-21e9-4326-8d4d-062be52d32f7" testId="c1e8a5aa-8ce5-ec77-4374-273fc0e9a25b" testName="CheckAllMIPFiltersKindsTestNotOk1" computerName="DKSR-EFI-06" duration="00:00:00.0001690" startTime="2024-01-09T15:42:15.3570850+01:00" endTime="2024-01-09T15:42:15.3570850+01:00" testType="13cdc9d9-ddb5-4fa4-a97d-d965ccfc6d4b" outcome="Passed" testListId="8c84fa94-04c1-424b-9868-57a2d4851a1d" relativeResultsDirectory="11dc28f1-21e9-4326-8d4d-062be52d32f7" />
    <UnitTestResult executionId="bf75f2ab-fc95-4880-85b8-2e0171cc6f41" testId="6156099d-d15e-e625-811b-a84708c39035" testName="DatabaseOperationModel_Validation_NonEmptyGuidsAreEmpty_Failed" computerName="DKSR-EFI-06" duration="00:00:00.0031115" startTime="2024-01-09T15:42:11.7633252+01:00" endTime="2024-01-09T15:42:11.7633252+01:00" testType="13cdc9d9-ddb5-4fa4-a97d-d965ccfc6d4b" outcome="Passed" testListId="8c84fa94-04c1-424b-9868-57a2d4851a1d" relativeResultsDirectory="bf75f2ab-fc95-4880-85b8-2e0171cc6f41" />
    <UnitTestResult executionId="5334f389-2644-44f4-95db-5694ea44a8a0" testId="e9ae2e0f-6b3f-5be8-70ce-4694a8f58dae" testName="Device_Construct_NullDeviceInfo_Empty_Throws_ArgumentNullException" computerName="DKSR-EFI-06" duration="00:00:00.0012192" startTime="2024-01-09T15:42:26.2633436+01:00" endTime="2024-01-09T15:42:26.2633436+01:00" testType="13cdc9d9-ddb5-4fa4-a97d-d965ccfc6d4b" outcome="Passed" testListId="8c84fa94-04c1-424b-9868-57a2d4851a1d" relativeResultsDirectory="5334f389-2644-44f4-95db-5694ea44a8a0" />
    <UnitTestResult executionId="64b5ae3f-708e-4f59-8d59-094a50e23a17" testId="a3e184f2-fa33-1b45-445c-f37fcdb5e5d4" testName="GetPresetByKey_GetsPresetByIdBeforeByName" computerName="DKSR-EFI-06" duration="00:00:00.0005913" startTime="2024-01-09T15:42:04.6226771+01:00" endTime="2024-01-09T15:42:04.6226771+01:00" testType="13cdc9d9-ddb5-4fa4-a97d-d965ccfc6d4b" outcome="Passed" testListId="8c84fa94-04c1-424b-9868-57a2d4851a1d" relativeResultsDirectory="64b5ae3f-708e-4f59-8d59-094a50e23a17" />
    <UnitTestResult executionId="cd75cf9f-bb48-4bfb-a0de-c18742af3fbb" testId="f30629b3-f1a4-db93-062d-b74e12960eb9" testName="ServiceDiscoveryEngine_Construction_Timer_ArgumentNullException" computerName="DKSR-EFI-06" duration="00:00:00.0005496" startTime="2024-01-09T15:42:12.7633286+01:00" endTime="2024-01-09T15:42:12.7633286+01:00" testType="13cdc9d9-ddb5-4fa4-a97d-d965ccfc6d4b" outcome="Passed" testListId="8c84fa94-04c1-424b-9868-57a2d4851a1d" relativeResultsDirectory="cd75cf9f-bb48-4bfb-a0de-c18742af3fbb" />
    <UnitTestResult executionId="31839463-162c-4571-afb7-fdb39b2314d0" testId="9d35c45f-30de-9629-1760-ce591fc77afc" testName="Mac_Address_Empty_Test_False_1" computerName="DKSR-EFI-06" duration="00:00:00.0001215" startTime="2024-01-09T15:42:26.5133407+01:00" endTime="2024-01-09T15:42:26.5133407+01:00" testType="13cdc9d9-ddb5-4fa4-a97d-d965ccfc6d4b" outcome="Passed" testListId="8c84fa94-04c1-424b-9868-57a2d4851a1d" relativeResultsDirectory="31839463-162c-4571-afb7-fdb39b2314d0" />
    <UnitTestResult executionId="6ca26b65-a363-4ffd-a2fe-3a24160a2d8c" testId="3d71243d-a73d-bce4-5833-07e4c8528e1d" testName="LicenseDocument_ThrowsUnsupportedLicensingModeError_OnLicenseWithoutWhitelistVersion" computerName="DKSR-EFI-06" duration="00:00:00.0015954" startTime="2024-01-09T15:42:26.1383402+01:00" endTime="2024-01-09T15:42:26.1383402+01:00" testType="13cdc9d9-ddb5-4fa4-a97d-d965ccfc6d4b" outcome="Passed" testListId="8c84fa94-04c1-424b-9868-57a2d4851a1d" relativeResultsDirectory="6ca26b65-a363-4ffd-a2fe-3a24160a2d8c" />
    <UnitTestResult executionId="91ae175e-c940-4fb2-ab25-8636c7c0a407" testId="fb528f51-6138-c899-b8ba-284fcc9a5fb5" testName="ServiceConnectionStatus_CheckTimeout_NotOffline" computerName="DKSR-EFI-06" duration="00:00:00.0010892" startTime="2024-01-09T15:42:09.2633197+01:00" endTime="2024-01-09T15:42:09.2633197+01:00" testType="13cdc9d9-ddb5-4fa4-a97d-d965ccfc6d4b" outcome="Passed" testListId="8c84fa94-04c1-424b-9868-57a2d4851a1d" relativeResultsDirectory="91ae175e-c940-4fb2-ab25-8636c7c0a407" />
    <UnitTestResult executionId="4a31bd1f-7904-4d10-8f2d-6c2f016754ab" testId="80d6adb4-1650-27fd-08b7-0698f3bcab62" testName="FeatureManager_AllFeatureNames_Success" computerName="DKSR-EFI-06" duration="00:00:00.0017482" startTime="2024-01-09T15:42:18.3570859+01:00" endTime="2024-01-09T15:42:18.3570859+01:00" testType="13cdc9d9-ddb5-4fa4-a97d-d965ccfc6d4b" outcome="Passed" testListId="8c84fa94-04c1-424b-9868-57a2d4851a1d" relativeResultsDirectory="4a31bd1f-7904-4d10-8f2d-6c2f016754ab" />
    <UnitTestResult executionId="39fc3309-376b-4be9-ba26-f2944a936b3f" testId="e92b92df-4832-3c0f-49c5-acfbf0e5fdfe" testName="HttpClientCommunicatorWrapper_SendAsyncTRet_Success" computerName="DKSR-EFI-06" duration="00:00:00.0038028" startTime="2024-01-09T15:42:11.3570735+01:00" endTime="2024-01-09T15:42:11.3570735+01:00" testType="13cdc9d9-ddb5-4fa4-a97d-d965ccfc6d4b" outcome="Passed" testListId="8c84fa94-04c1-424b-9868-57a2d4851a1d" relativeResultsDirectory="39fc3309-376b-4be9-ba26-f2944a936b3f" />
    <UnitTestResult executionId="b1acadbb-94b4-4123-a4b0-256bdd3b1b0d" testId="55ec7ecd-668d-873b-5de4-97aa54ebae84" testName="ReadIdentitiesFromCache_GetFromProvider" computerName="DKSR-EFI-06" duration="00:00:00.0031306" startTime="2024-01-09T15:42:29.6852141+01:00" endTime="2024-01-09T15:42:29.6852141+01:00" testType="13cdc9d9-ddb5-4fa4-a97d-d965ccfc6d4b" outcome="Passed" testListId="8c84fa94-04c1-424b-9868-57a2d4851a1d" relativeResultsDirectory="b1acadbb-94b4-4123-a4b0-256bdd3b1b0d" />
    <UnitTestResult executionId="d6c2e0cb-5e9a-4c96-aa8f-2bddb5cfd17c" testId="6955ebf9-335b-650b-c669-92d851d8649b" testName="WhiteList_CreateInstanceWithValidDriverParameter_Succeeds" computerName="DKSR-EFI-06" duration="00:00:00.0004968" startTime="2024-01-09T15:42:26.3727151+01:00" endTime="2024-01-09T15:42:26.3727151+01:00" testType="13cdc9d9-ddb5-4fa4-a97d-d965ccfc6d4b" outcome="Passed" testListId="8c84fa94-04c1-424b-9868-57a2d4851a1d" relativeResultsDirectory="d6c2e0cb-5e9a-4c96-aa8f-2bddb5cfd17c" />
    <UnitTestResult executionId="9cedb8ef-0959-4645-94a4-ebdcd9c1e726" testId="1047d0f5-74cf-30a5-2e70-1dea0ad7d353" testName="ToLogEntryAudit_ModelWithLogeDefinition_SuccessConvertion" computerName="DKSR-EFI-06" duration="00:00:00.0013685" startTime="2024-01-09T15:42:12.4508263+01:00" endTime="2024-01-09T15:42:12.4508263+01:00" testType="13cdc9d9-ddb5-4fa4-a97d-d965ccfc6d4b" outcome="Passed" testListId="8c84fa94-04c1-424b-9868-57a2d4851a1d" relativeResultsDirectory="9cedb8ef-0959-4645-94a4-ebdcd9c1e726" />
    <UnitTestResult executionId="4c7ce448-f2c7-4d15-bff5-41b4dd75245b" testId="0430db25-db50-e950-650c-a7a45ebe4591" testName="DataSetUtility_UpdateLastModified_ConfigurationDataSet_Devices_LastModified_Changed" computerName="DKSR-EFI-06" duration="00:00:01.1716973" startTime="2024-01-09T15:42:01.9507905+01:00" endTime="2024-01-09T15:42:03.1226689+01:00" testType="13cdc9d9-ddb5-4fa4-a97d-d965ccfc6d4b" outcome="Passed" testListId="8c84fa94-04c1-424b-9868-57a2d4851a1d" relativeResultsDirectory="4c7ce448-f2c7-4d15-bff5-41b4dd75245b" />
    <UnitTestResult executionId="d724fe02-63bc-4103-9e64-4c7780ced0ee" testId="d521225f-189f-6e0c-d786-da7cc5d281f2" testName="Construct_RequestContainer_NoParams_Success" computerName="DKSR-EFI-06" duration="00:00:00.0002674" startTime="2024-01-09T15:42:25.9508391+01:00" endTime="2024-01-09T15:42:25.9508391+01:00" testType="13cdc9d9-ddb5-4fa4-a97d-d965ccfc6d4b" outcome="Passed" testListId="8c84fa94-04c1-424b-9868-57a2d4851a1d" relativeResultsDirectory="d724fe02-63bc-4103-9e64-4c7780ced0ee" />
    <UnitTestResult executionId="1a947d0d-e528-49e5-ad00-63dfadc2cefb" testId="0aec4cd5-5e68-1c1f-83c2-aa6c867c75b7" testName="CustomLicenseType_FeatureFlagNotPresent" computerName="DKSR-EFI-06" duration="00:00:00.0145927" startTime="2024-01-09T15:42:18.0914586+01:00" endTime="2024-01-09T15:42:18.1070833+01:00" testType="13cdc9d9-ddb5-4fa4-a97d-d965ccfc6d4b" outcome="Passed" testListId="8c84fa94-04c1-424b-9868-57a2d4851a1d" relativeResultsDirectory="1a947d0d-e528-49e5-ad00-63dfadc2cefb" />
    <UnitTestResult executionId="f700e8be-b986-47d1-bfe8-3711c05596c8" testId="3c55de21-edba-9293-3151-27368a829c8a" testName="CalculateLicenseRequirementsForHardware_DisabledHardware_ReturnsNull" computerName="DKSR-EFI-06" duration="00:00:00.0004244" startTime="2024-01-09T15:42:18.8727101+01:00" endTime="2024-01-09T15:42:18.8727101+01:00" testType="13cdc9d9-ddb5-4fa4-a97d-d965ccfc6d4b" outcome="Passed" testListId="8c84fa94-04c1-424b-9868-57a2d4851a1d" relativeResultsDirectory="f700e8be-b986-47d1-bfe8-3711c05596c8" />
    <UnitTestResult executionId="bbd1ccfe-fbc7-4cfc-8e15-29fd0ab54012" testId="1cc1352e-23f1-23c2-a2f4-88c714c592cb" testName="LicenseDocument_ThrowsUnsupportedLicensingModeError_OnLicenseWithChannelAndHardwareFlags" computerName="DKSR-EFI-06" duration="00:00:00.0015759" startTime="2024-01-09T15:42:26.1227146+01:00" endTime="2024-01-09T15:42:26.1383402+01:00" testType="13cdc9d9-ddb5-4fa4-a97d-d965ccfc6d4b" outcome="Passed" testListId="8c84fa94-04c1-424b-9868-57a2d4851a1d" relativeResultsDirectory="bbd1ccfe-fbc7-4cfc-8e15-29fd0ab54012" />
    <UnitTestResult executionId="3985d2e3-58fc-40dd-ab39-c5aef317fa06" testId="eade85c4-4bde-0133-ecf8-0f7996b21008" testName="Create_IsAKnownType_ReturnsCorrectInstanceOfType" computerName="DKSR-EFI-06" duration="00:00:00.0011156" startTime="2024-01-09T15:42:28.7945898+01:00" endTime="2024-01-09T15:42:28.7945898+01:00" testType="13cdc9d9-ddb5-4fa4-a97d-d965ccfc6d4b" outcome="Passed" testListId="8c84fa94-04c1-424b-9868-57a2d4851a1d" relativeResultsDirectory="3985d2e3-58fc-40dd-ab39-c5aef317fa06" />
    <UnitTestResult executionId="e7abcf7c-ef12-4e30-a07a-c2250a553a32" testId="36ba268e-05c6-cf80-4bab-a3a3f9a638bb" testName="GetItemsByKey_MultipleItems_ReturnsMatchingItems" computerName="DKSR-EFI-06" duration="00:00:00.0007660" startTime="2024-01-09T15:42:04.3101757+01:00" endTime="2024-01-09T15:42:04.3101757+01:00" testType="13cdc9d9-ddb5-4fa4-a97d-d965ccfc6d4b" outcome="Passed" testListId="8c84fa94-04c1-424b-9868-57a2d4851a1d" relativeResultsDirectory="e7abcf7c-ef12-4e30-a07a-c2250a553a32" />
    <UnitTestResult executionId="d22c1914-dc09-4641-ba79-1ec5508d49d3" testId="02da98c3-6b97-fec6-2511-2d21eb185318" testName="Transform_WithEmptyString" computerName="DKSR-EFI-06" duration="00:00:00.0006382" startTime="2024-01-09T15:42:28.5758392+01:00" endTime="2024-01-09T15:42:28.5758392+01:00" testType="13cdc9d9-ddb5-4fa4-a97d-d965ccfc6d4b" outcome="Passed" testListId="8c84fa94-04c1-424b-9868-57a2d4851a1d" relativeResultsDirectory="d22c1914-dc09-4641-ba79-1ec5508d49d3" />
    <UnitTestResult executionId="0ca3f061-f088-41c7-9419-d88461abf103" testId="9b7fbb39-62bc-644c-3f1a-6c61e49b24e2" testName="TaskModel_Constructor_ServerTaskDto_Success" computerName="DKSR-EFI-06" duration="00:00:00.0075574" startTime="2024-01-09T15:42:12.3102002+01:00" endTime="2024-01-09T15:42:12.3102002+01:00" testType="13cdc9d9-ddb5-4fa4-a97d-d965ccfc6d4b" outcome="Passed" testListId="8c84fa94-04c1-424b-9868-57a2d4851a1d" relativeResultsDirectory="0ca3f061-f088-41c7-9419-d88461abf103" />
    <UnitTestResult executionId="a4184f75-4158-4df6-a19f-e710f4d7654a" testId="5f9ab3a2-a74d-3ba3-bb43-56d569184da7" testName="Schemes_SerializeAndDeserializeOneItemTest" computerName="DKSR-EFI-06" duration="00:00:00.0039274" startTime="2024-01-09T15:42:26.9352149+01:00" endTime="2024-01-09T15:42:26.9352149+01:00" testType="13cdc9d9-ddb5-4fa4-a97d-d965ccfc6d4b" outcome="Passed" testListId="8c84fa94-04c1-424b-9868-57a2d4851a1d" relativeResultsDirectory="a4184f75-4158-4df6-a19f-e710f4d7654a" />
    <UnitTestResult executionId="96302bd4-6905-440a-a06f-53fd4152b672" testId="8ed8c2ac-8981-250a-50b6-66e3b3f4891d" testName="RecorderSpecificConfigurationModel_Validation_Success" computerName="DKSR-EFI-06" duration="00:00:00.0024011" startTime="2024-01-09T15:42:12.2164500+01:00" endTime="2024-01-09T15:42:12.2164500+01:00" testType="13cdc9d9-ddb5-4fa4-a97d-d965ccfc6d4b" outcome="Passed" testListId="8c84fa94-04c1-424b-9868-57a2d4851a1d" relativeResultsDirectory="96302bd4-6905-440a-a06f-53fd4152b672" />
    <UnitTestResult executionId="02e0661f-224a-4a76-bccf-b0a7df0768a3" testId="e54e8398-05b8-9da0-90dc-32e4daffe725" testName="FindFrameIdx_TimeBtwF2F3" computerName="DKSR-EFI-06" duration="00:00:00.0005399" startTime="2024-01-09T15:42:04.4195508+01:00" endTime="2024-01-09T15:42:04.4195508+01:00" testType="13cdc9d9-ddb5-4fa4-a97d-d965ccfc6d4b" outcome="Passed" testListId="8c84fa94-04c1-424b-9868-57a2d4851a1d" relativeResultsDirectory="02e0661f-224a-4a76-bccf-b0a7df0768a3" />
    <UnitTestResult executionId="7ea62c49-22e1-4bea-b9db-4e8253f0c9ca" testId="5f2af1de-e546-2980-4be2-6b228a745388" testName="BaseHtmlLicenseReport_CreateImage_WithClassName_Success" computerName="DKSR-EFI-06" duration="00:00:00.0001541" startTime="2024-01-09T15:42:18.0602085+01:00" endTime="2024-01-09T15:42:18.0602085+01:00" testType="13cdc9d9-ddb5-4fa4-a97d-d965ccfc6d4b" outcome="Passed" testListId="8c84fa94-04c1-424b-9868-57a2d4851a1d" relativeResultsDirectory="7ea62c49-22e1-4bea-b9db-4e8253f0c9ca" />
    <UnitTestResult executionId="e055a624-359e-4fbf-89e7-db78bfc7eec1" testId="aaf6cbc2-ec71-9fc8-a293-327af94ed168" testName="TestMergeGridAreaWithValidAreaAndEmpty" computerName="DKSR-EFI-06" duration="00:00:00.0002508" startTime="2024-01-09T15:42:27.8883410+01:00" endTime="2024-01-09T15:42:27.8883410+01:00" testType="13cdc9d9-ddb5-4fa4-a97d-d965ccfc6d4b" outcome="Passed" testListId="8c84fa94-04c1-424b-9868-57a2d4851a1d" relativeResultsDirectory="e055a624-359e-4fbf-89e7-db78bfc7eec1" />
    <UnitTestResult executionId="4fbb64a5-5c3f-4f69-aa4f-5364c66e0da1" testId="5f99bb54-888a-202b-ef35-3c50e50a7409" testName="ToLogEntryAudit_ModelWithNullLogeDefinition_SuccessConvertion" computerName="DKSR-EFI-06" duration="00:00:00.0028555" startTime="2024-01-09T15:42:12.4352023+01:00" endTime="2024-01-09T15:42:12.4352023+01:00" testType="13cdc9d9-ddb5-4fa4-a97d-d965ccfc6d4b" outcome="Passed" testListId="8c84fa94-04c1-424b-9868-57a2d4851a1d" relativeResultsDirectory="4fbb64a5-5c3f-4f69-aa4f-5364c66e0da1" />
    <UnitTestResult executionId="44f367cb-4597-488d-8720-6a9b592fcd54" testId="81185dc1-6718-dee1-e442-c24203f3dfbc" testName="CertificateSelection2_FromCertificateHash_EmptyHash_ReturnNoSelection" computerName="DKSR-EFI-06" duration="00:00:00.0015126" startTime="2024-01-09T15:42:29.4352153+01:00" endTime="2024-01-09T15:42:29.4508396+01:00" testType="13cdc9d9-ddb5-4fa4-a97d-d965ccfc6d4b" outcome="Passed" testListId="8c84fa94-04c1-424b-9868-57a2d4851a1d" relativeResultsDirectory="44f367cb-4597-488d-8720-6a9b592fcd54" />
    <UnitTestResult executionId="6890d814-c64c-4d94-8c55-32ac9e879039" testId="22cbea69-3a7d-9cd6-f0ea-2fa47544a3b1" testName="ServiceDiscoveryEngine_CommunicationError_Success" computerName="DKSR-EFI-06" duration="00:00:00.0009066" startTime="2024-01-09T15:42:12.7789506+01:00" endTime="2024-01-09T15:42:12.7789506+01:00" testType="13cdc9d9-ddb5-4fa4-a97d-d965ccfc6d4b" outcome="Passed" testListId="8c84fa94-04c1-424b-9868-57a2d4851a1d" relativeResultsDirectory="6890d814-c64c-4d94-8c55-32ac9e879039" />
    <UnitTestResult executionId="23a0f4a9-baf6-41fc-8261-6cd898408391" testId="c65619db-63b2-2c34-76fc-e7e18e03ae65" testName="CalculateLicenseRequirements_NotWhitelisted_SameHardwareOnMultipleRecordingServers_WithDifferentEnabledCameras_CountsLicensesForSingleHardware" computerName="DKSR-EFI-06" duration="00:00:00.0011763" startTime="2024-01-09T15:42:25.9352761+01:00" endTime="2024-01-09T15:42:25.9352761+01:00" testType="13cdc9d9-ddb5-4fa4-a97d-d965ccfc6d4b" outcome="Passed" testListId="8c84fa94-04c1-424b-9868-57a2d4851a1d" relativeResultsDirectory="23a0f4a9-baf6-41fc-8261-6cd898408391" />
    <UnitTestResult executionId="b679110e-0923-464f-bdbd-fc0ada144fa6" testId="f7a71bbf-6d87-6510-8ab0-8692465afb95" testName="TestNumberOfRegions" computerName="DKSR-EFI-06" duration="00:00:00.0001580" startTime="2024-01-09T15:42:27.9039641+01:00" endTime="2024-01-09T15:42:27.9039641+01:00" testType="13cdc9d9-ddb5-4fa4-a97d-d965ccfc6d4b" outcome="Passed" testListId="8c84fa94-04c1-424b-9868-57a2d4851a1d" relativeResultsDirectory="b679110e-0923-464f-bdbd-fc0ada144fa6" />
    <UnitTestResult executionId="281b6bbb-2437-4b66-8d88-efd5d85665d0" testId="c14b5c94-9ed8-41f1-f1a3-39cd875ade55" testName="DecryptingNull" computerName="DKSR-EFI-06" duration="00:00:00.0005891" startTime="2024-01-09T15:42:28.6383399+01:00" endTime="2024-01-09T15:42:28.6383399+01:00" testType="13cdc9d9-ddb5-4fa4-a97d-d965ccfc6d4b" outcome="Passed" testListId="8c84fa94-04c1-424b-9868-57a2d4851a1d" relativeResultsDirectory="281b6bbb-2437-4b66-8d88-efd5d85665d0" />
    <UnitTestResult executionId="bc0a4866-0bf2-4769-9ea0-4d9c0494470a" testId="c2c277a8-e31f-70e0-ad47-c4ae68d0f17f" testName="SecurityConfigurationModel_Validate_Failed" computerName="DKSR-EFI-06" duration="00:00:00.0032674" startTime="2024-01-09T15:42:11.9195744+01:00" endTime="2024-01-09T15:42:11.9351995+01:00" testType="13cdc9d9-ddb5-4fa4-a97d-d965ccfc6d4b" outcome="Passed" testListId="8c84fa94-04c1-424b-9868-57a2d4851a1d" relativeResultsDirectory="bc0a4866-0bf2-4769-9ea0-4d9c0494470a" />
    <UnitTestResult executionId="c8da86df-46fc-4d72-b24d-cca3b5a94001" testId="1388ff5c-50de-cc86-d0b2-d19866f62f9c" testName="IsEnumerationValueAac_ReturnsFalse_OnValueWithoutAac" computerName="DKSR-EFI-06" duration="00:00:00.0003025" startTime="2024-01-09T15:42:26.8570885+01:00" endTime="2024-01-09T15:42:26.8570885+01:00" testType="13cdc9d9-ddb5-4fa4-a97d-d965ccfc6d4b" outcome="Passed" testListId="8c84fa94-04c1-424b-9868-57a2d4851a1d" relativeResultsDirectory="c8da86df-46fc-4d72-b24d-cca3b5a94001" />
    <UnitTestResult executionId="c0094e24-7350-4059-a54c-22b807b6ca9b" testId="33db52b2-d0e0-3277-f9f1-6ac9a0d865bd" testName="RecurringSchedule_Constructor" computerName="DKSR-EFI-06" duration="00:00:00.0006095" startTime="2024-01-09T15:42:13.6539515+01:00" endTime="2024-01-09T15:42:13.6539515+01:00" testType="13cdc9d9-ddb5-4fa4-a97d-d965ccfc6d4b" outcome="Passed" testListId="8c84fa94-04c1-424b-9868-57a2d4851a1d" relativeResultsDirectory="c0094e24-7350-4059-a54c-22b807b6ca9b" />
    <UnitTestResult executionId="622ffc1d-a20e-4e56-b9dd-731a81baa502" testId="352495dc-a484-8c59-3282-0bb69933bfaf" testName="LicenseActivationService_AcquireLicense_LicenseNotAllowed_TooManyRecordersRequested" computerName="DKSR-EFI-06" duration="00:00:00.0020524" startTime="2024-01-09T15:42:18.7320852+01:00" endTime="2024-01-09T15:42:18.7320852+01:00" testType="13cdc9d9-ddb5-4fa4-a97d-d965ccfc6d4b" outcome="Passed" testListId="8c84fa94-04c1-424b-9868-57a2d4851a1d" relativeResultsDirectory="622ffc1d-a20e-4e56-b9dd-731a81baa502" />
    <UnitTestResult executionId="8eaaca08-ec92-4dbb-aaa0-9c7d4f5c998e" testId="c44bea46-b8b9-81c5-4220-23f1ae9a0c24" testName="Wrap_WithTypeFilterBinder_TypesAreTheNewTypesWrapped" computerName="DKSR-EFI-06" duration="00:00:00.0005340" startTime="2024-01-09T15:42:10.2164454+01:00" endTime="2024-01-09T15:42:10.2164454+01:00" testType="13cdc9d9-ddb5-4fa4-a97d-d965ccfc6d4b" outcome="Passed" testListId="8c84fa94-04c1-424b-9868-57a2d4851a1d" relativeResultsDirectory="8eaaca08-ec92-4dbb-aaa0-9c7d4f5c998e" />
    <UnitTestResult executionId="b52f12ae-6ecb-447c-8fe3-d33f7a15a493" testId="894191cb-bee6-69e2-81f1-61869244aed4" testName="HardwareInfo_ConstructorSetsAllFields" computerName="DKSR-EFI-06" duration="00:00:00.0029117" startTime="2024-01-09T15:42:18.4195850+01:00" endTime="2024-01-09T15:42:18.4195850+01:00" testType="13cdc9d9-ddb5-4fa4-a97d-d965ccfc6d4b" outcome="Passed" testListId="8c84fa94-04c1-424b-9868-57a2d4851a1d" relativeResultsDirectory="b52f12ae-6ecb-447c-8fe3-d33f7a15a493" />
    <UnitTestResult executionId="540b29de-f929-4611-a744-c81b3bb6bba4" testId="3ce9b96f-8501-c34c-77db-b59cc03fb909" testName="PatchRecorderModel_ValidModel_Success" computerName="DKSR-EFI-06" duration="00:00:00.0012329" startTime="2024-01-09T15:42:12.5445779+01:00" endTime="2024-01-09T15:42:12.5602016+01:00" testType="13cdc9d9-ddb5-4fa4-a97d-d965ccfc6d4b" outcome="Passed" testListId="8c84fa94-04c1-424b-9868-57a2d4851a1d" relativeResultsDirectory="540b29de-f929-4611-a744-c81b3bb6bba4" />
    <UnitTestResult executionId="f9a55c9c-d366-48f9-b0ab-66b57344dfa1" testId="715cbcbf-2422-fb6c-97f7-6f79b7d973dd" testName="Success" computerName="DKSR-EFI-06" duration="00:00:00.0104319" startTime="2024-01-09T15:42:04.0914257+01:00" endTime="2024-01-09T15:42:04.1070495+01:00" testType="13cdc9d9-ddb5-4fa4-a97d-d965ccfc6d4b" outcome="Passed" testListId="8c84fa94-04c1-424b-9868-57a2d4851a1d" relativeResultsDirectory="f9a55c9c-d366-48f9-b0ab-66b57344dfa1" />
    <UnitTestResult executionId="67c4a35b-fe5b-45e2-86ad-7f0b49a5d3bf" testId="ecd5a7ff-d01e-b972-8929-8cd318d1ee7d" testName="CreateHttpUri_NoSchemeWithPort_UseDefaultPortFalse_BecomesHttpPort444" computerName="DKSR-EFI-06" duration="00:00:00.0002063" startTime="2024-01-09T15:42:29.1695901+01:00" endTime="2024-01-09T15:42:29.1695901+01:00" testType="13cdc9d9-ddb5-4fa4-a97d-d965ccfc6d4b" outcome="Passed" testListId="8c84fa94-04c1-424b-9868-57a2d4851a1d" relativeResultsDirectory="67c4a35b-fe5b-45e2-86ad-7f0b49a5d3bf" />
    <UnitTestResult executionId="9d9a7556-7400-4a54-99fd-036552c8bed4" testId="c648d94e-d167-b7e5-f8a4-f61682d6b498" testName="ActivateArchiveModel_Validation_RequiredPropertiesAreNull_Failed" computerName="DKSR-EFI-06" duration="00:00:00.0016189" startTime="2024-01-09T15:42:11.4195738+01:00" endTime="2024-01-09T15:42:11.4195738+01:00" testType="13cdc9d9-ddb5-4fa4-a97d-d965ccfc6d4b" outcome="Passed" testListId="8c84fa94-04c1-424b-9868-57a2d4851a1d" relativeResultsDirectory="9d9a7556-7400-4a54-99fd-036552c8bed4" />
    <UnitTestResult executionId="eacbaf0a-11b2-467e-904e-4cf231a0ae64" testId="eee8de63-1e12-5835-b4c3-8b62a2e9b161" testName="HardwareInfo_DecodesDriverAndModelNameUpperWithMixedCasedSymbols" computerName="DKSR-EFI-06" duration="00:00:00.0004881" startTime="2024-01-09T15:42:18.4508357+01:00" endTime="2024-01-09T15:42:18.4508357+01:00" testType="13cdc9d9-ddb5-4fa4-a97d-d965ccfc6d4b" outcome="Passed" testListId="8c84fa94-04c1-424b-9868-57a2d4851a1d" relativeResultsDirectory="eacbaf0a-11b2-467e-904e-4cf231a0ae64" />
    <UnitTestResult executionId="c28b5dfe-26a0-4128-ac61-a0c23c6c76e5" testId="c89f06c0-b8d3-fea7-b2c3-b6caf473b9d9" testName="CheckAllMIPFiltersEmptyList1" computerName="DKSR-EFI-06" duration="00:00:00.0006603" startTime="2024-01-09T15:42:15.3883330+01:00" endTime="2024-01-09T15:42:15.3883330+01:00" testType="13cdc9d9-ddb5-4fa4-a97d-d965ccfc6d4b" outcome="Passed" testListId="8c84fa94-04c1-424b-9868-57a2d4851a1d" relativeResultsDirectory="c28b5dfe-26a0-4128-ac61-a0c23c6c76e5" />
    <UnitTestResult executionId="ff25463d-5ce8-4e29-8c01-c1989bc8ef69" testId="a8648c26-4319-bb26-b61e-ef35fbb1dda5" testName="CreateHttpsUri_NoSchemeWithPort_UseDefaultPortTrue_BecomesHttpsPort443" computerName="DKSR-EFI-06" duration="00:00:00.0002196" startTime="2024-01-09T15:42:29.2320910+01:00" endTime="2024-01-09T15:42:29.2320910+01:00" testType="13cdc9d9-ddb5-4fa4-a97d-d965ccfc6d4b" outcome="Passed" testListId="8c84fa94-04c1-424b-9868-57a2d4851a1d" relativeResultsDirectory="ff25463d-5ce8-4e29-8c01-c1989bc8ef69" />
    <UnitTestResult executionId="f5a25778-501f-444b-9879-de2573f43852" testId="d7f27462-6704-d08a-95b8-e99863056ad7" testName="LicenseActivationService_AcquireLicense_AccessDenied_MismatchOnSid" computerName="DKSR-EFI-06" duration="00:00:00.0046704" startTime="2024-01-09T15:42:18.6695837+01:00" endTime="2024-01-09T15:42:18.6852102+01:00" testType="13cdc9d9-ddb5-4fa4-a97d-d965ccfc6d4b" outcome="Passed" testListId="8c84fa94-04c1-424b-9868-57a2d4851a1d" relativeResultsDirectory="f5a25778-501f-444b-9879-de2573f43852" />
    <UnitTestResult executionId="6d12a85d-6940-4006-8345-62db6754c489" testId="b23beb03-ffbd-4d3d-0f7c-437da4598c39" testName="Encrypt_DataSetHasModifiedRow_DataSetIsEncrypted" computerName="DKSR-EFI-06" duration="00:00:00.0022903" startTime="2024-01-09T15:42:28.0914655+01:00" endTime="2024-01-09T15:42:28.0914655+01:00" testType="13cdc9d9-ddb5-4fa4-a97d-d965ccfc6d4b" outcome="Passed" testListId="8c84fa94-04c1-424b-9868-57a2d4851a1d" relativeResultsDirectory="6d12a85d-6940-4006-8345-62db6754c489" />
    <UnitTestResult executionId="502c0c54-dccb-4056-b2da-169353d493e8" testId="e9a64a75-fd75-d60a-07ff-15219025037f" testName="AddRange_Works_OnCollection" computerName="DKSR-EFI-06" duration="00:00:00.0013653" startTime="2024-01-09T15:42:26.6695889+01:00" endTime="2024-01-09T15:42:26.6695889+01:00" testType="13cdc9d9-ddb5-4fa4-a97d-d965ccfc6d4b" outcome="Passed" testListId="8c84fa94-04c1-424b-9868-57a2d4851a1d" relativeResultsDirectory="502c0c54-dccb-4056-b2da-169353d493e8" />
    <UnitTestResult executionId="68875e0a-8824-4209-8e2c-527ab70cd2a4" testId="7e23d842-da1b-be71-e958-228dc413da09" testName="ModelValidation_ValidModel_Success" computerName="DKSR-EFI-06" duration="00:00:00.0017725" startTime="2024-01-09T15:42:11.7945730+01:00" endTime="2024-01-09T15:42:11.7945730+01:00" testType="13cdc9d9-ddb5-4fa4-a97d-d965ccfc6d4b" outcome="Passed" testListId="8c84fa94-04c1-424b-9868-57a2d4851a1d" relativeResultsDirectory="68875e0a-8824-4209-8e2c-527ab70cd2a4" />
    <UnitTestResult executionId="b1032a26-5cc6-486e-b173-0459478f3b3e" testId="6e4974d9-e3ff-3885-68b1-cdf2eb46c979" testName="ReadAttributeAsInt32_NoChild" computerName="DKSR-EFI-06" duration="00:00:00.0003952" startTime="2024-01-09T15:42:03.9820476+01:00" endTime="2024-01-09T15:42:03.9820476+01:00" testType="13cdc9d9-ddb5-4fa4-a97d-d965ccfc6d4b" outcome="Passed" testListId="8c84fa94-04c1-424b-9868-57a2d4851a1d" relativeResultsDirectory="b1032a26-5cc6-486e-b173-0459478f3b3e" />
    <UnitTestResult executionId="aa8ce28d-1ccc-487a-aca5-812834d25ef7" testId="c5839a5d-09aa-89ce-3732-228cebdbe374" testName="CreateInstance_SaveSettings_AllowInsecureIsNull_Success" computerName="DKSR-EFI-06" duration="00:00:00.0108858" startTime="2024-01-09T15:42:12.9977050+01:00" endTime="2024-01-09T15:42:13.0150734+01:00" testType="13cdc9d9-ddb5-4fa4-a97d-d965ccfc6d4b" outcome="Passed" testListId="8c84fa94-04c1-424b-9868-57a2d4851a1d" relativeResultsDirectory="aa8ce28d-1ccc-487a-aca5-812834d25ef7" />
    <UnitTestResult executionId="39d6f65f-687c-4f33-8c9b-bdab15ead63f" testId="444895a9-3e9c-93be-e8cf-ee7505352654" testName="Contructor_CreatesEmptyIndexesArray_OnNoParameters" computerName="DKSR-EFI-06" duration="00:00:00.0009511" startTime="2024-01-09T15:42:17.9664594+01:00" endTime="2024-01-09T15:42:17.9664594+01:00" testType="13cdc9d9-ddb5-4fa4-a97d-d965ccfc6d4b" outcome="Passed" testListId="8c84fa94-04c1-424b-9868-57a2d4851a1d" relativeResultsDirectory="39d6f65f-687c-4f33-8c9b-bdab15ead63f" />
    <UnitTestResult executionId="45fe549b-b5f9-4c10-83e3-4458c824b6ac" testId="8baaeaf7-4ae1-3cd6-0101-eb08430d598c" testName="FeatureManager_IsFeatureLicensed_License_Doc_Null" computerName="DKSR-EFI-06" duration="00:00:00.0007059" startTime="2024-01-09T15:42:18.1852094+01:00" endTime="2024-01-09T15:42:18.2008360+01:00" testType="13cdc9d9-ddb5-4fa4-a97d-d965ccfc6d4b" outcome="Passed" testListId="8c84fa94-04c1-424b-9868-57a2d4851a1d" relativeResultsDirectory="45fe549b-b5f9-4c10-83e3-4458c824b6ac" />
    <UnitTestResult executionId="cb5d0de9-1ad3-4f22-bc6b-21c4a9ee90dd" testId="007246ce-570c-a007-eb42-8466afdc58c9" testName="Create_Mac_Address_Hash_String_Mac_String_Empty" computerName="DKSR-EFI-06" duration="00:00:00.0005535" startTime="2024-01-09T15:42:26.5289645+01:00" endTime="2024-01-09T15:42:26.5289645+01:00" testType="13cdc9d9-ddb5-4fa4-a97d-d965ccfc6d4b" outcome="Passed" testListId="8c84fa94-04c1-424b-9868-57a2d4851a1d" relativeResultsDirectory="cb5d0de9-1ad3-4f22-bc6b-21c4a9ee90dd" />
    <UnitTestResult executionId="efcb4021-0016-4f65-b499-8504e08822d4" testId="0de29df1-d38a-1eff-95a2-39e6759ca4aa" testName="WhiteList_IsModelWhiteListed_HWWith12CH_ModelMaxChannelCountIs10GlobalMaxChannelCountIs16_ReturnsFalse" computerName="DKSR-EFI-06" duration="00:00:00.0006427" startTime="2024-01-09T15:42:26.4664642+01:00" endTime="2024-01-09T15:42:26.4664642+01:00" testType="13cdc9d9-ddb5-4fa4-a97d-d965ccfc6d4b" outcome="Passed" testListId="8c84fa94-04c1-424b-9868-57a2d4851a1d" relativeResultsDirectory="efcb4021-0016-4f65-b499-8504e08822d4" />
    <UnitTestResult executionId="19111b53-8ba5-43a6-929d-07461b6dc822" testId="d5c46146-af08-f2b5-43b5-902e9535be6a" testName="Validate_UnknownMatchType_IsMatchReturnsFalse" computerName="DKSR-EFI-06" duration="00:00:00.0002364" startTime="2024-01-09T15:42:26.5914652+01:00" endTime="2024-01-09T15:42:26.5914652+01:00" testType="13cdc9d9-ddb5-4fa4-a97d-d965ccfc6d4b" outcome="Passed" testListId="8c84fa94-04c1-424b-9868-57a2d4851a1d" relativeResultsDirectory="19111b53-8ba5-43a6-929d-07461b6dc822" />
    <UnitTestResult executionId="27b06c90-88fc-4ef2-8a54-0d278ffbce37" testId="a86291b0-4171-9275-c577-e6c0904099ee" testName="GetPresetByKey_ByIdOnlyOnePreset" computerName="DKSR-EFI-06" duration="00:00:00.0038130" startTime="2024-01-09T15:42:04.5914259+01:00" endTime="2024-01-09T15:42:04.5914259+01:00" testType="13cdc9d9-ddb5-4fa4-a97d-d965ccfc6d4b" outcome="Passed" testListId="8c84fa94-04c1-424b-9868-57a2d4851a1d" relativeResultsDirectory="27b06c90-88fc-4ef2-8a54-0d278ffbce37" />
    <UnitTestResult executionId="ad702299-362c-47cf-877b-ffead8c1e97e" testId="f8e28254-23d5-b0b0-b7ed-64dc6b50aefc" testName="ServiceContainer_GetInstance_CreationTakesParamaters_Success" computerName="DKSR-EFI-06" duration="00:00:00.0025981" startTime="2024-01-09T15:42:01.7945376+01:00" endTime="2024-01-09T15:42:01.7945376+01:00" testType="13cdc9d9-ddb5-4fa4-a97d-d965ccfc6d4b" outcome="Passed" testListId="8c84fa94-04c1-424b-9868-57a2d4851a1d" relativeResultsDirectory="ad702299-362c-47cf-877b-ffead8c1e97e" />
    <UnitTestResult executionId="cb07a939-beda-4214-bc0e-fa40e91dfc10" testId="2259967c-e46c-ebf5-3e51-5ae1915a0703" testName="GroupConfigurationAddGroupsOnlyOneLevel" computerName="DKSR-EFI-06" duration="00:00:00.0119628" startTime="2024-01-09T15:42:15.1695822+01:00" endTime="2024-01-09T15:42:15.1852073+01:00" testType="13cdc9d9-ddb5-4fa4-a97d-d965ccfc6d4b" outcome="Passed" testListId="8c84fa94-04c1-424b-9868-57a2d4851a1d" relativeResultsDirectory="cb07a939-beda-4214-bc0e-fa40e91dfc10" />
    <UnitTestResult executionId="aba62f75-6f73-4d16-aa9d-c786bca417d2" testId="87ea9e95-9b52-8332-11b6-09e963cda5e4" testName="PatchAsync_EndpointOnly_EndPointIsNull_ArgumentNullExceptionThrown" computerName="DKSR-EFI-06" duration="00:00:00.0058188" startTime="2024-01-09T15:42:01.1695342+01:00" endTime="2024-01-09T15:42:01.1851598+01:00" testType="13cdc9d9-ddb5-4fa4-a97d-d965ccfc6d4b" outcome="Passed" testListId="8c84fa94-04c1-424b-9868-57a2d4851a1d" relativeResultsDirectory="aba62f75-6f73-4d16-aa9d-c786bca417d2">
      <Output>
        <StdOut>Debug Trace:&#xD;
Fail: Argument null</StdOut>
      </Output>
    </UnitTestResult>
    <UnitTestResult executionId="d8e722dc-f6fe-447d-9950-c6cfba851b26" testId="1cbfcdfa-2dd8-f401-9c22-685c920f3fd3" testName="TestXmlVersionOfTwoEqualAreaIsTheSame" computerName="DKSR-EFI-06" duration="00:00:00.0004845" startTime="2024-01-09T15:42:27.9820902+01:00" endTime="2024-01-09T15:42:27.9820902+01:00" testType="13cdc9d9-ddb5-4fa4-a97d-d965ccfc6d4b" outcome="Passed" testListId="8c84fa94-04c1-424b-9868-57a2d4851a1d" relativeResultsDirectory="d8e722dc-f6fe-447d-9950-c6cfba851b26" />
    <UnitTestResult executionId="9fb57ed4-ddc2-4f55-a259-057525e6f635" testId="e1a50a1f-a7e2-f8bf-024e-2309827f8b72" testName="Wrap_WithTypes_BinderContainsTypes" computerName="DKSR-EFI-06" duration="00:00:00.0091616" startTime="2024-01-09T15:42:10.2008197+01:00" endTime="2024-01-09T15:42:10.2164454+01:00" testType="13cdc9d9-ddb5-4fa4-a97d-d965ccfc6d4b" outcome="Passed" testListId="8c84fa94-04c1-424b-9868-57a2d4851a1d" relativeResultsDirectory="9fb57ed4-ddc2-4f55-a259-057525e6f635" />
    <UnitTestResult executionId="3117a7f9-6ed9-4b27-a8b3-88e24546125a" testId="137dcf16-29c0-a574-9539-2ee0cc284a4c" testName="ServerFileStorage_WriteStream_AboveQuota_Exception" computerName="DKSR-EFI-06" duration="00:00:00.0013426" startTime="2024-01-09T15:42:09.1383156+01:00" endTime="2024-01-09T15:42:09.1383156+01:00" testType="13cdc9d9-ddb5-4fa4-a97d-d965ccfc6d4b" outcome="Passed" testListId="8c84fa94-04c1-424b-9868-57a2d4851a1d" relativeResultsDirectory="3117a7f9-6ed9-4b27-a8b3-88e24546125a" />
    <UnitTestResult executionId="71b30845-e8cc-439f-ab27-fbacf1ea41c7" testId="2274515c-9c3d-1f47-ee0c-6ff1e6d12dca" testName="DatabaseResponseArchiveInformationModel_Validate_Success" computerName="DKSR-EFI-06" duration="00:00:00.0016919" startTime="2024-01-09T15:42:10.5133205+01:00" endTime="2024-01-09T15:42:10.5133205+01:00" testType="13cdc9d9-ddb5-4fa4-a97d-d965ccfc6d4b" outcome="Passed" testListId="8c84fa94-04c1-424b-9868-57a2d4851a1d" relativeResultsDirectory="71b30845-e8cc-439f-ab27-fbacf1ea41c7" />
    <UnitTestResult executionId="d990632e-c539-4efd-9992-3e95621f9f52" testId="7f415fe9-f2f4-e9a4-723c-4302acb7f4e5" testName="RecurringSchedule_GetNextScheduleTime_Weekly_Every_2nd_Tuesday_At_4_00" computerName="DKSR-EFI-06" duration="00:00:00.0014714" startTime="2024-01-09T15:42:13.7633290+01:00" endTime="2024-01-09T15:42:13.7633290+01:00" testType="13cdc9d9-ddb5-4fa4-a97d-d965ccfc6d4b" outcome="Passed" testListId="8c84fa94-04c1-424b-9868-57a2d4851a1d" relativeResultsDirectory="d990632e-c539-4efd-9992-3e95621f9f52" />
    <UnitTestResult executionId="9edff75e-42ad-4065-9fcf-91b18a4467bf" testId="6289295b-06d2-153f-33a0-b519202959b1" testName="Constructor_Valid_AddressIsSet" computerName="DKSR-EFI-06" duration="00:00:00.0075203" startTime="2024-01-09T15:42:00.7790165+01:00" endTime="2024-01-09T15:42:00.7790165+01:00" testType="13cdc9d9-ddb5-4fa4-a97d-d965ccfc6d4b" outcome="Passed" testListId="8c84fa94-04c1-424b-9868-57a2d4851a1d" relativeResultsDirectory="9edff75e-42ad-4065-9fcf-91b18a4467bf" />
    <UnitTestResult executionId="60b04c66-b013-4b50-a797-8d85390294a8" testId="99b34987-ba92-81eb-f6eb-769542083b5f" testName="ModelValidation_ValidModel_Success" computerName="DKSR-EFI-06" duration="00:00:00.0012711" startTime="2024-01-09T15:42:12.2633296+01:00" endTime="2024-01-09T15:42:12.2633296+01:00" testType="13cdc9d9-ddb5-4fa4-a97d-d965ccfc6d4b" outcome="Passed" testListId="8c84fa94-04c1-424b-9868-57a2d4851a1d" relativeResultsDirectory="60b04c66-b013-4b50-a797-8d85390294a8" />
    <UnitTestResult executionId="a2dc3d71-ef22-49f3-9de4-a54a1b70295d" testId="1486195d-eb16-aa53-7b2a-dfba28d005af" testName="SendAsync_WithReturnValue_TaskIsExecuted" computerName="DKSR-EFI-06" duration="00:00:00.0058815" startTime="2024-01-09T15:42:00.8883470+01:00" endTime="2024-01-09T15:42:00.9039724+01:00" testType="13cdc9d9-ddb5-4fa4-a97d-d965ccfc6d4b" outcome="Passed" testListId="8c84fa94-04c1-424b-9868-57a2d4851a1d" relativeResultsDirectory="a2dc3d71-ef22-49f3-9de4-a54a1b70295d" />
    <UnitTestResult executionId="74687029-4830-4086-895e-f508473fb76b" testId="7959cf01-3f91-01f0-cd2a-071b6ac9edb5" testName="Receive_NoError_TaskIsExecuted" computerName="DKSR-EFI-06" duration="00:00:00.0078059" startTime="2024-01-09T15:42:01.6382890+01:00" endTime="2024-01-09T15:42:01.6382890+01:00" testType="13cdc9d9-ddb5-4fa4-a97d-d965ccfc6d4b" outcome="Passed" testListId="8c84fa94-04c1-424b-9868-57a2d4851a1d" relativeResultsDirectory="74687029-4830-4086-895e-f508473fb76b" />
    <UnitTestResult executionId="d7a69f99-97de-479a-8a34-10f751e9b2c1" testId="d2deca7c-3a3d-0f18-8f1f-ea7b28c56688" testName="UpdateRecorderStatusDataModel_ValidModel_Success" computerName="DKSR-EFI-06" duration="00:00:00.0012176" startTime="2024-01-09T15:42:12.6070773+01:00" endTime="2024-01-09T15:42:12.6070773+01:00" testType="13cdc9d9-ddb5-4fa4-a97d-d965ccfc6d4b" outcome="Passed" testListId="8c84fa94-04c1-424b-9868-57a2d4851a1d" relativeResultsDirectory="d7a69f99-97de-479a-8a34-10f751e9b2c1" />
    <UnitTestResult executionId="6c4921a6-b6f8-4c15-9f69-4890a693ad7c" testId="d7f370e0-fe25-def0-5962-ced37d225b3d" testName="Device_Construct_ValidDeviceLicenseInfo_RemembersData_Success" computerName="DKSR-EFI-06" duration="00:00:00.0011792" startTime="2024-01-09T15:42:26.2633436+01:00" endTime="2024-01-09T15:42:26.2633436+01:00" testType="13cdc9d9-ddb5-4fa4-a97d-d965ccfc6d4b" outcome="Passed" testListId="8c84fa94-04c1-424b-9868-57a2d4851a1d" relativeResultsDirectory="6c4921a6-b6f8-4c15-9f69-4890a693ad7c" />
    <UnitTestResult executionId="082200cf-4348-4deb-a7a7-61fd5205beb4" testId="30094c8d-ee5e-5b45-e455-af217d37fc05" testName="Test_IsMember_SimpleBranched" computerName="DKSR-EFI-06" duration="00:00:00.0015626" startTime="2024-01-09T15:42:29.5914636+01:00" endTime="2024-01-09T15:42:29.5914636+01:00" testType="13cdc9d9-ddb5-4fa4-a97d-d965ccfc6d4b" outcome="Passed" testListId="8c84fa94-04c1-424b-9868-57a2d4851a1d" relativeResultsDirectory="082200cf-4348-4deb-a7a7-61fd5205beb4" />
    <UnitTestResult executionId="30619c1d-cde5-4f47-9da6-264c44e86b6b" testId="805bb982-a813-ab89-6251-47fc884a4ab7" testName="StreamsConfiguration_ValidateConfiguration_Invalid_Selection_5_Error" computerName="DKSR-EFI-06" duration="00:00:00.0058081" startTime="2024-01-09T15:42:10.0133200+01:00" endTime="2024-01-09T15:42:10.0133200+01:00" testType="13cdc9d9-ddb5-4fa4-a97d-d965ccfc6d4b" outcome="Passed" testListId="8c84fa94-04c1-424b-9868-57a2d4851a1d" relativeResultsDirectory="30619c1d-cde5-4f47-9da6-264c44e86b6b" />
    <UnitTestResult executionId="5803d31b-4f16-4879-93ce-daad6e49387a" testId="4f251702-a983-37b4-6681-9c460cd132a5" testName="Contructor_CreatesEmptyIndexesArray_OnEmptyHwList" computerName="DKSR-EFI-06" duration="00:00:00.0006067" startTime="2024-01-09T15:42:17.9664594+01:00" endTime="2024-01-09T15:42:17.9664594+01:00" testType="13cdc9d9-ddb5-4fa4-a97d-d965ccfc6d4b" outcome="Passed" testListId="8c84fa94-04c1-424b-9868-57a2d4851a1d" relativeResultsDirectory="5803d31b-4f16-4879-93ce-daad6e49387a" />
    <UnitTestResult executionId="6c6bb8bd-f681-43f4-aba8-c0e87a2167d4" testId="f486e50b-d0d7-e7e5-7ac6-12b2e6a106c7" testName="UniqueIndex_GetEntryByKey_Null_ThrowArgumentNullException" computerName="DKSR-EFI-06" duration="00:00:00.0014542" startTime="2024-01-09T15:42:04.1695484+01:00" endTime="2024-01-09T15:42:04.1695484+01:00" testType="13cdc9d9-ddb5-4fa4-a97d-d965ccfc6d4b" outcome="Passed" testListId="8c84fa94-04c1-424b-9868-57a2d4851a1d" relativeResultsDirectory="6c6bb8bd-f681-43f4-aba8-c0e87a2167d4">
      <Output>
        <StdOut>Debug Trace:&#xD;
Fail: Argument null</StdOut>
      </Output>
    </UnitTestResult>
    <UnitTestResult executionId="bc5968fa-cb62-40d0-a411-142d1dd84221" testId="76e85821-1be3-4501-02ef-073615b5a175" testName="Validate_PartialMatch_Found_StartOfWord_UpperCase_Success" computerName="DKSR-EFI-06" duration="00:00:00.0001843" startTime="2024-01-09T15:42:26.6227140+01:00" endTime="2024-01-09T15:42:26.6227140+01:00" testType="13cdc9d9-ddb5-4fa4-a97d-d965ccfc6d4b" outcome="Passed" testListId="8c84fa94-04c1-424b-9868-57a2d4851a1d" relativeResultsDirectory="bc5968fa-cb62-40d0-a411-142d1dd84221" />
    <UnitTestResult executionId="fdab2ce0-b7ad-4c2d-8925-3626516f9a74" testId="180196d8-f125-6614-48fa-62c49b0089e3" testName="SystemSettingTableAdapter_Encrypt_Success" computerName="DKSR-EFI-06" duration="00:00:00.0086964" startTime="2024-01-09T15:42:28.5914663+01:00" endTime="2024-01-09T15:42:28.6070891+01:00" testType="13cdc9d9-ddb5-4fa4-a97d-d965ccfc6d4b" outcome="Passed" testListId="8c84fa94-04c1-424b-9868-57a2d4851a1d" relativeResultsDirectory="fdab2ce0-b7ad-4c2d-8925-3626516f9a74" />
    <UnitTestResult executionId="067e5fcb-46af-4e1a-8399-6e18574a3b86" testId="07e03921-28ba-9222-c421-58eabf887b10" testName="VersionExtensions_GetVersionDisplayValue_Throws_ArgumentNullException" computerName="DKSR-EFI-06" duration="00:00:00.0011042" startTime="2024-01-09T15:42:26.6852142+01:00" endTime="2024-01-09T15:42:26.6852142+01:00" testType="13cdc9d9-ddb5-4fa4-a97d-d965ccfc6d4b" outcome="Passed" testListId="8c84fa94-04c1-424b-9868-57a2d4851a1d" relativeResultsDirectory="067e5fcb-46af-4e1a-8399-6e18574a3b86" />
    <UnitTestResult executionId="9153d3ac-7851-44e8-9e2b-14369480113a" testId="f010b793-931b-684d-d2ea-48b39359569d" testName="CalculateLicenseRequirements_TwoEnabledCameras_TwoDisabledCameras_NotWhitelisted_RequiresTwoLicenses" computerName="DKSR-EFI-06" duration="00:00:00.0007759" startTime="2024-01-09T15:42:18.8570851+01:00" endTime="2024-01-09T15:42:18.8570851+01:00" testType="13cdc9d9-ddb5-4fa4-a97d-d965ccfc6d4b" outcome="Passed" testListId="8c84fa94-04c1-424b-9868-57a2d4851a1d" relativeResultsDirectory="9153d3ac-7851-44e8-9e2b-14369480113a" />
    <UnitTestResult executionId="428c8c9c-c60e-4654-994b-4e1a999c14e7" testId="1ace4b55-a085-9987-e967-fbe848c25281" testName="ReadChildElementValueAsUInt32_RangeCheck_Min" computerName="DKSR-EFI-06" duration="00:00:00.0019957" startTime="2024-01-09T15:42:03.9820476+01:00" endTime="2024-01-09T15:42:03.9820476+01:00" testType="13cdc9d9-ddb5-4fa4-a97d-d965ccfc6d4b" outcome="Passed" testListId="8c84fa94-04c1-424b-9868-57a2d4851a1d" relativeResultsDirectory="428c8c9c-c60e-4654-994b-4e1a999c14e7" />
    <UnitTestResult executionId="f4edc107-5e5d-4366-9f6a-cb078a19c632" testId="10f4c7e3-0b8f-ff11-3a86-e5d09f71a4dc" testName="PrepareMoveHardwareModel_Validate_Failed" computerName="DKSR-EFI-06" duration="00:00:00.0024722" startTime="2024-01-09T15:42:11.8570758+01:00" endTime="2024-01-09T15:42:11.8570758+01:00" testType="13cdc9d9-ddb5-4fa4-a97d-d965ccfc6d4b" outcome="Passed" testListId="8c84fa94-04c1-424b-9868-57a2d4851a1d" relativeResultsDirectory="f4edc107-5e5d-4366-9f6a-cb078a19c632" />
    <UnitTestResult executionId="b147f6a6-323b-4dbe-93e7-3781f4f1157e" testId="c3b8ce29-39ba-dac7-c78f-20fe2f67c774" testName="SendAsync_AccessTokenExceptionThrown_ExceptionLoggedAndRethrown" computerName="DKSR-EFI-06" duration="00:00:00.0026748" startTime="2024-01-09T15:42:00.9976604+01:00" endTime="2024-01-09T15:42:00.9976604+01:00" testType="13cdc9d9-ddb5-4fa4-a97d-d965ccfc6d4b" outcome="Passed" testListId="8c84fa94-04c1-424b-9868-57a2d4851a1d" relativeResultsDirectory="b147f6a6-323b-4dbe-93e7-3781f4f1157e" />
    <UnitTestResult executionId="54103207-04ab-45c0-bb77-89ee590be88f" testId="9128f325-2d16-e14f-81df-b2d804d27327" testName="GetPresetByKey_ByNumberMoreThanOnePreset" computerName="DKSR-EFI-06" duration="00:00:00.0004519" startTime="2024-01-09T15:42:04.6070510+01:00" endTime="2024-01-09T15:42:04.6070510+01:00" testType="13cdc9d9-ddb5-4fa4-a97d-d965ccfc6d4b" outcome="Passed" testListId="8c84fa94-04c1-424b-9868-57a2d4851a1d" relativeResultsDirectory="54103207-04ab-45c0-bb77-89ee590be88f" />
    <UnitTestResult executionId="9fcb4e85-c032-40cf-a5db-c018c81f5719" testId="5ff2e9bd-913e-ef6f-f2de-f5964820022a" testName="ModelValidation_RequiredPropertiesAreNull_Failed" computerName="DKSR-EFI-06" duration="00:00:00.0018244" startTime="2024-01-09T15:42:12.1852017+01:00" endTime="2024-01-09T15:42:12.1852017+01:00" testType="13cdc9d9-ddb5-4fa4-a97d-d965ccfc6d4b" outcome="Passed" testListId="8c84fa94-04c1-424b-9868-57a2d4851a1d" relativeResultsDirectory="9fcb4e85-c032-40cf-a5db-c018c81f5719" />
    <UnitTestResult executionId="d4468960-ccad-4fb6-831a-bfc7bd2d5e1e" testId="8bde2655-cfaa-dc33-b849-1d119a441cc1" testName="Patch_NoError_TaskIsExecutedAndCorrectResponseReceived" computerName="DKSR-EFI-06" duration="00:00:00.0040164" startTime="2024-01-09T15:42:01.6539127+01:00" endTime="2024-01-09T15:42:01.6539127+01:00" testType="13cdc9d9-ddb5-4fa4-a97d-d965ccfc6d4b" outcome="Passed" testListId="8c84fa94-04c1-424b-9868-57a2d4851a1d" relativeResultsDirectory="d4468960-ccad-4fb6-831a-bfc7bd2d5e1e" />
    <UnitTestResult executionId="fc6f5c99-32c6-4fee-addd-2454bad2be19" testId="eb5851c6-ff83-ebd6-23b7-10a851a76b35" testName="BaseHtmlLicenseReport_CreateImage_WithClassName_NullImageLocation_Success" computerName="DKSR-EFI-06" duration="00:00:00.0001420" startTime="2024-01-09T15:42:18.0602085+01:00" endTime="2024-01-09T15:42:18.0602085+01:00" testType="13cdc9d9-ddb5-4fa4-a97d-d965ccfc6d4b" outcome="Passed" testListId="8c84fa94-04c1-424b-9868-57a2d4851a1d" relativeResultsDirectory="fc6f5c99-32c6-4fee-addd-2454bad2be19" />
    <UnitTestResult executionId="85011d96-dd03-45e1-825f-41e93c4c525e" testId="c96481bf-026f-b4f1-4712-7c2424dec067" testName="DatabaseXmlConverter_XmlIdsToGuids_WrongElements_None" computerName="DKSR-EFI-06" duration="00:00:00.0054225" startTime="2024-01-09T15:42:01.9351632+01:00" endTime="2024-01-09T15:42:01.9351632+01:00" testType="13cdc9d9-ddb5-4fa4-a97d-d965ccfc6d4b" outcome="Passed" testListId="8c84fa94-04c1-424b-9868-57a2d4851a1d" relativeResultsDirectory="85011d96-dd03-45e1-825f-41e93c4c525e" />
    <UnitTestResult executionId="0ce116d6-44e1-4c18-9590-79eadfe9fec5" testId="5a40db3a-8eb6-b66c-4632-62d2188edcd1" testName="WhiteList_IsDriverWhiteListed_HWWith17CH_GlobalMaxChannelCount16DriverMaxChannelCountInvalid_ReturnsFalse" computerName="DKSR-EFI-06" duration="00:00:00.0007609" startTime="2024-01-09T15:42:26.4508399+01:00" endTime="2024-01-09T15:42:26.4508399+01:00" testType="13cdc9d9-ddb5-4fa4-a97d-d965ccfc6d4b" outcome="Passed" testListId="8c84fa94-04c1-424b-9868-57a2d4851a1d" relativeResultsDirectory="0ce116d6-44e1-4c18-9590-79eadfe9fec5" />
    <UnitTestResult executionId="9ab5b70c-b96f-4006-8e07-d60e5491e1d5" testId="7c2cff16-4b49-5546-a9ec-2c5f3e66c7c9" testName="Invoke_UserNotAuthenticated_NextIsCalled" computerName="DKSR-EFI-06" duration="00:00:00.1163597" startTime="2024-01-09T15:42:10.9039475+01:00" endTime="2024-01-09T15:42:11.0289485+01:00" testType="13cdc9d9-ddb5-4fa4-a97d-d965ccfc6d4b" outcome="Passed" testListId="8c84fa94-04c1-424b-9868-57a2d4851a1d" relativeResultsDirectory="9ab5b70c-b96f-4006-8e07-d60e5491e1d5" />
    <UnitTestResult executionId="14c17782-3e33-4ea3-a206-794d412cae21" testId="71f52ade-acf3-df28-374d-551fa3fa4768" testName="DatabaseResponseDiskUsagesModel_NoValuesSet_ValidationFailure" computerName="DKSR-EFI-06" duration="00:00:00.0014367" startTime="2024-01-09T15:42:10.5289456+01:00" endTime="2024-01-09T15:42:10.5289456+01:00" testType="13cdc9d9-ddb5-4fa4-a97d-d965ccfc6d4b" outcome="Passed" testListId="8c84fa94-04c1-424b-9868-57a2d4851a1d" relativeResultsDirectory="14c17782-3e33-4ea3-a206-794d412cae21" />
    <UnitTestResult executionId="11e597e4-c3f7-46ea-ade2-493f70e2749d" testId="b94988f6-0880-a8b5-f4a5-9fa1abe166d1" testName="RegisterRecorderModel_ValidModel_Success" computerName="DKSR-EFI-06" duration="00:00:00.0059091" startTime="2024-01-09T15:42:12.5914515+01:00" endTime="2024-01-09T15:42:12.5914515+01:00" testType="13cdc9d9-ddb5-4fa4-a97d-d965ccfc6d4b" outcome="Passed" testListId="8c84fa94-04c1-424b-9868-57a2d4851a1d" relativeResultsDirectory="11e597e4-c3f7-46ea-ade2-493f70e2749d" />
    <UnitTestResult executionId="3bc2c99b-f67b-4ff5-8137-6b2526bae182" testId="82e08919-1e06-09d0-70c8-c88a837effc5" testName="Test_Members_NoMembers" computerName="DKSR-EFI-06" duration="00:00:00.0013734" startTime="2024-01-09T15:42:29.5445892+01:00" endTime="2024-01-09T15:42:29.5445892+01:00" testType="13cdc9d9-ddb5-4fa4-a97d-d965ccfc6d4b" outcome="Passed" testListId="8c84fa94-04c1-424b-9868-57a2d4851a1d" relativeResultsDirectory="3bc2c99b-f67b-4ff5-8137-6b2526bae182" />
    <UnitTestResult executionId="de39e019-5268-4da7-80d1-7e5548720e8f" testId="766aedf0-1025-25df-52bf-1821751fde22" testName="ServiceContainer_GetInstance_CreationTakesParamatersNotFound_UsesDefaultConstructor_Success" computerName="DKSR-EFI-06" duration="00:00:00.0022350" startTime="2024-01-09T15:42:01.8101615+01:00" endTime="2024-01-09T15:42:01.8101615+01:00" testType="13cdc9d9-ddb5-4fa4-a97d-d965ccfc6d4b" outcome="Passed" testListId="8c84fa94-04c1-424b-9868-57a2d4851a1d" relativeResultsDirectory="de39e019-5268-4da7-80d1-7e5548720e8f" />
    <UnitTestResult executionId="08c7a537-6f49-47f5-ad1b-d7fd8e9364da" testId="e911c4fa-1e99-dcf3-196d-3687b6c67446" testName="UpdateHardwareAggregates_SucceedsWhen_ClearedBeforeCalledAgain" computerName="DKSR-EFI-06" duration="00:00:00.0003158" startTime="2024-01-09T15:42:18.3884180+01:00" endTime="2024-01-09T15:42:18.3884180+01:00" testType="13cdc9d9-ddb5-4fa4-a97d-d965ccfc6d4b" outcome="Passed" testListId="8c84fa94-04c1-424b-9868-57a2d4851a1d" relativeResultsDirectory="08c7a537-6f49-47f5-ad1b-d7fd8e9364da" />
    <UnitTestResult executionId="6ab0eb44-97c0-4b29-bac8-2269daa5fb3d" testId="bf5ee36e-3682-8989-b013-f0a312f9945d" testName="IsValueTypeAac_ReturnFalse_OnNull" computerName="DKSR-EFI-06" duration="00:00:00.0005063" startTime="2024-01-09T15:42:26.8414656+01:00" endTime="2024-01-09T15:42:26.8414656+01:00" testType="13cdc9d9-ddb5-4fa4-a97d-d965ccfc6d4b" outcome="Passed" testListId="8c84fa94-04c1-424b-9868-57a2d4851a1d" relativeResultsDirectory="6ab0eb44-97c0-4b29-bac8-2269daa5fb3d" />
    <UnitTestResult executionId="9a48cc6b-610a-4402-b2e1-a74d9e832313" testId="0e09f455-cd4f-e42d-bcdb-93aa3d653c3e" testName="GenerateReport_InvalidCalculationResultsArg_ThrowsArgumentNullException" computerName="DKSR-EFI-06" duration="00:00:00.0015819" startTime="2024-01-09T15:42:26.2789650+01:00" endTime="2024-01-09T15:42:26.2789650+01:00" testType="13cdc9d9-ddb5-4fa4-a97d-d965ccfc6d4b" outcome="Passed" testListId="8c84fa94-04c1-424b-9868-57a2d4851a1d" relativeResultsDirectory="9a48cc6b-610a-4402-b2e1-a74d9e832313" />
    <UnitTestResult executionId="7751cfae-922a-416e-a526-6f95b0507f02" testId="7241ecbf-979e-5b9f-7aca-ffdd31253757" testName="ToModelSystem_ValidEntry_SuccessConvertion" computerName="DKSR-EFI-06" duration="00:00:00.0016509" startTime="2024-01-09T15:42:12.4352023+01:00" endTime="2024-01-09T15:42:12.4352023+01:00" testType="13cdc9d9-ddb5-4fa4-a97d-d965ccfc6d4b" outcome="Passed" testListId="8c84fa94-04c1-424b-9868-57a2d4851a1d" relativeResultsDirectory="7751cfae-922a-416e-a526-6f95b0507f02" />
    <UnitTestResult executionId="a8b85d47-cc07-483f-b78d-2fd74f473f4b" testId="59cd21ac-2d72-897f-3573-0de9e8dc1d9d" testName="LicenseDocument_GetICPFeedLicenses" computerName="DKSR-EFI-06" duration="00:00:00.0024209" startTime="2024-01-09T15:42:26.0758413+01:00" endTime="2024-01-09T15:42:26.0758413+01:00" testType="13cdc9d9-ddb5-4fa4-a97d-d965ccfc6d4b" outcome="Passed" testListId="8c84fa94-04c1-424b-9868-57a2d4851a1d" relativeResultsDirectory="a8b85d47-cc07-483f-b78d-2fd74f473f4b" />
    <UnitTestResult executionId="cbaaecef-0388-461e-a175-87f1d03a2a93" testId="649bc6c1-3f22-d11b-1cdc-777593bb51d4" testName="FilterCreationNoSubKindsTest" computerName="DKSR-EFI-06" duration="00:00:00.0033201" startTime="2024-01-09T15:42:15.3414555+01:00" endTime="2024-01-09T15:42:15.3414555+01:00" testType="13cdc9d9-ddb5-4fa4-a97d-d965ccfc6d4b" outcome="Passed" testListId="8c84fa94-04c1-424b-9868-57a2d4851a1d" relativeResultsDirectory="cbaaecef-0388-461e-a175-87f1d03a2a93" />
    <UnitTestResult executionId="b1dbeb5d-384a-4d7d-9241-002142e543c8" testId="02910e9c-ec1f-156b-9de6-411729542a46" testName="ServerFileStorage_WriteStream_ComplexScenario_UsageReportedCorrectly" computerName="DKSR-EFI-06" duration="00:00:00.0038944" startTime="2024-01-09T15:42:09.1383156+01:00" endTime="2024-01-09T15:42:09.1383156+01:00" testType="13cdc9d9-ddb5-4fa4-a97d-d965ccfc6d4b" outcome="Passed" testListId="8c84fa94-04c1-424b-9868-57a2d4851a1d" relativeResultsDirectory="b1dbeb5d-384a-4d7d-9241-002142e543c8" />
    <UnitTestResult executionId="cd683379-f4ca-499f-8986-b4b605bd66ba" testId="adcee085-e2d1-6d74-2e27-450a1d4b4630" testName="Constructor_ThrowsException_WhenNonICPHardwareInfosInListHaveDifferentMacAddresses" computerName="DKSR-EFI-06" duration="00:00:00.0009677" startTime="2024-01-09T15:42:18.0445857+01:00" endTime="2024-01-09T15:42:18.0445857+01:00" testType="13cdc9d9-ddb5-4fa4-a97d-d965ccfc6d4b" outcome="Passed" testListId="8c84fa94-04c1-424b-9868-57a2d4851a1d" relativeResultsDirectory="cd683379-f4ca-499f-8986-b4b605bd66ba" />
    <UnitTestResult executionId="5df0f0e6-d9b5-4b05-b2fa-576fb1c572d4" testId="d0bb929b-e68b-8e3c-2c1e-496bb6ec2575" testName="IsDeviceLicensed_ReturnsTrue_OnActivatedICPDevice" computerName="DKSR-EFI-06" duration="00:00:00.0027304" startTime="2024-01-09T15:42:26.2008399+01:00" endTime="2024-01-09T15:42:26.2164647+01:00" testType="13cdc9d9-ddb5-4fa4-a97d-d965ccfc6d4b" outcome="Passed" testListId="8c84fa94-04c1-424b-9868-57a2d4851a1d" relativeResultsDirectory="5df0f0e6-d9b5-4b05-b2fa-576fb1c572d4" />
    <UnitTestResult executionId="0f4cfce0-ac8d-478f-bcf1-550196c10d00" testId="50ff3d4b-f52b-01fd-1d73-ae133eea2aa3" testName="FeatureManager_FeatureParameterCount_Succeed" computerName="DKSR-EFI-06" duration="00:00:00.0008664" startTime="2024-01-09T15:42:18.2008360+01:00" endTime="2024-01-09T15:42:18.2008360+01:00" testType="13cdc9d9-ddb5-4fa4-a97d-d965ccfc6d4b" outcome="Passed" testListId="8c84fa94-04c1-424b-9868-57a2d4851a1d" relativeResultsDirectory="0f4cfce0-ac8d-478f-bcf1-550196c10d00" />
    <UnitTestResult executionId="65eed51a-3dfc-42e5-8ee0-48725ffef6a9" testId="4018a871-05a7-8916-52cc-01ad41c28410" testName="Device_Construct_InvalidLastModified_NotUtc_Throws_ArgumentException" computerName="DKSR-EFI-06" duration="00:00:00.0009682" startTime="2024-01-09T15:42:26.2633436+01:00" endTime="2024-01-09T15:42:26.2633436+01:00" testType="13cdc9d9-ddb5-4fa4-a97d-d965ccfc6d4b" outcome="Passed" testListId="8c84fa94-04c1-424b-9868-57a2d4851a1d" relativeResultsDirectory="65eed51a-3dfc-42e5-8ee0-48725ffef6a9" />
    <UnitTestResult executionId="e7f3f88d-645c-494a-a9ae-6ce3a6136231" testId="d589faec-154d-b820-e59a-e7fde87c9e89" testName="FeatureInformation_Constructor_PreservesValues" computerName="DKSR-EFI-06" duration="00:00:00.0016032" startTime="2024-01-09T15:42:18.1852094+01:00" endTime="2024-01-09T15:42:18.1852094+01:00" testType="13cdc9d9-ddb5-4fa4-a97d-d965ccfc6d4b" outcome="Passed" testListId="8c84fa94-04c1-424b-9868-57a2d4851a1d" relativeResultsDirectory="e7f3f88d-645c-494a-a9ae-6ce3a6136231" />
    <UnitTestResult executionId="fcac52a4-fef7-4067-ae28-4979c3d4d0ac" testId="436f02f9-0638-47ff-c0a7-0d7f79dceb32" testName="CreateHttpUri_FtpDefaultPort_UseDefaultPortTrue_BecomesHttpPort80" computerName="DKSR-EFI-06" duration="00:00:00.0002021" startTime="2024-01-09T15:42:29.1539653+01:00" endTime="2024-01-09T15:42:29.1539653+01:00" testType="13cdc9d9-ddb5-4fa4-a97d-d965ccfc6d4b" outcome="Passed" testListId="8c84fa94-04c1-424b-9868-57a2d4851a1d" relativeResultsDirectory="fcac52a4-fef7-4067-ae28-4979c3d4d0ac" />
    <UnitTestResult executionId="3ac95917-5527-41c8-92a3-015d93a79bef" testId="87defa7e-30d9-0886-707b-7473c8e30dff" testName="CreateInstance_SaveSettings_AllowInsecureIsTrue_Success" computerName="DKSR-EFI-06" duration="00:00:00.0032336" startTime="2024-01-09T15:42:12.9820764+01:00" endTime="2024-01-09T15:42:12.9977050+01:00" testType="13cdc9d9-ddb5-4fa4-a97d-d965ccfc6d4b" outcome="Passed" testListId="8c84fa94-04c1-424b-9868-57a2d4851a1d" relativeResultsDirectory="3ac95917-5527-41c8-92a3-015d93a79bef" />
    <UnitTestResult executionId="f2eade54-a59d-48a5-9e7b-1d8bed122288" testId="c5a091a8-3777-c837-979d-5138bbc3ce18" testName="LicenseActivationService_AcquireLicense_AccessDenied_Generic" computerName="DKSR-EFI-06" duration="00:00:00.0030764" startTime="2024-01-09T15:42:18.6227124+01:00" endTime="2024-01-09T15:42:18.6227124+01:00" testType="13cdc9d9-ddb5-4fa4-a97d-d965ccfc6d4b" outcome="Passed" testListId="8c84fa94-04c1-424b-9868-57a2d4851a1d" relativeResultsDirectory="f2eade54-a59d-48a5-9e7b-1d8bed122288" />
    <UnitTestResult executionId="dc14a1c7-31cc-43b6-a75c-2a968d12e6ff" testId="fd4c0d92-09c3-4b85-a497-3e9bc882dbde" testName="CheckAllMIPFiltersKindsTestOk3" computerName="DKSR-EFI-06" duration="00:00:00.0003498" startTime="2024-01-09T15:42:15.3727056+01:00" endTime="2024-01-09T15:42:15.3727056+01:00" testType="13cdc9d9-ddb5-4fa4-a97d-d965ccfc6d4b" outcome="Passed" testListId="8c84fa94-04c1-424b-9868-57a2d4851a1d" relativeResultsDirectory="dc14a1c7-31cc-43b6-a75c-2a968d12e6ff" />
    <UnitTestResult executionId="12fe9561-e40e-4de3-9bfc-bcdf374761b7" testId="364a6704-58b0-d608-3ac9-75ceba40c6a0" testName="Invoke_RequiredScopeNotSpecified_NextIsCalled" computerName="DKSR-EFI-06" duration="00:00:00.0018197" startTime="2024-01-09T15:42:11.0289485+01:00" endTime="2024-01-09T15:42:11.0289485+01:00" testType="13cdc9d9-ddb5-4fa4-a97d-d965ccfc6d4b" outcome="Passed" testListId="8c84fa94-04c1-424b-9868-57a2d4851a1d" relativeResultsDirectory="12fe9561-e40e-4de3-9bfc-bcdf374761b7" />
    <UnitTestResult executionId="d988e04a-5043-44f2-a059-63e6ed20c96e" testId="6e82f6b5-cdc0-6d50-9bad-8b3494ee1722" testName="Decrypt_DataSetHasRow_DataSetIsDecrypted" computerName="DKSR-EFI-06" duration="00:00:00.0021879" startTime="2024-01-09T15:42:28.1227156+01:00" endTime="2024-01-09T15:42:28.1227156+01:00" testType="13cdc9d9-ddb5-4fa4-a97d-d965ccfc6d4b" outcome="Passed" testListId="8c84fa94-04c1-424b-9868-57a2d4851a1d" relativeResultsDirectory="d988e04a-5043-44f2-a059-63e6ed20c96e" />
    <UnitTestResult executionId="89916103-4977-47e1-b64c-90f318404d75" testId="ac8ea13b-7012-c35b-5253-756264c28f17" testName="ReadChildElementValueAsUInt64_RangeCheck_Max_Exact" computerName="DKSR-EFI-06" duration="00:00:00.0002740" startTime="2024-01-09T15:42:04.0757987+01:00" endTime="2024-01-09T15:42:04.0757987+01:00" testType="13cdc9d9-ddb5-4fa4-a97d-d965ccfc6d4b" outcome="Passed" testListId="8c84fa94-04c1-424b-9868-57a2d4851a1d" relativeResultsDirectory="89916103-4977-47e1-b64c-90f318404d75" />
    <UnitTestResult executionId="8e2b3806-8fbb-40d6-988d-e01cb9b00c6b" testId="d3728665-a3db-a727-4565-a08d6811d5de" testName="ReadChildElementValueAsUInt32_RangeCheck_Max" computerName="DKSR-EFI-06" duration="00:00:00.0004828" startTime="2024-01-09T15:42:03.9976733+01:00" endTime="2024-01-09T15:42:03.9976733+01:00" testType="13cdc9d9-ddb5-4fa4-a97d-d965ccfc6d4b" outcome="Passed" testListId="8c84fa94-04c1-424b-9868-57a2d4851a1d" relativeResultsDirectory="8e2b3806-8fbb-40d6-988d-e01cb9b00c6b" />
    <UnitTestResult executionId="5b5350a8-a652-4b52-a178-79bccdbd5b0e" testId="95896344-7ea8-0831-12c7-8c9b175a88fa" testName="AddItem_Null_ThrowArgumentNullException" computerName="DKSR-EFI-06" duration="00:00:00.0027256" startTime="2024-01-09T15:42:04.2789256+01:00" endTime="2024-01-09T15:42:04.2945492+01:00" testType="13cdc9d9-ddb5-4fa4-a97d-d965ccfc6d4b" outcome="Passed" testListId="8c84fa94-04c1-424b-9868-57a2d4851a1d" relativeResultsDirectory="5b5350a8-a652-4b52-a178-79bccdbd5b0e">
      <Output>
        <StdOut>Debug Trace:&#xD;
Fail: Argument null</StdOut>
      </Output>
    </UnitTestResult>
    <UnitTestResult executionId="e060d61d-013a-47d2-87b2-58dca1ec886f" testId="81c93919-c20e-2813-2eb1-0bccec0d14c6" testName="ToLogEntryRule_ModelNull_ArgumentNullException" computerName="DKSR-EFI-06" duration="00:00:00.0012349" startTime="2024-01-09T15:42:12.4664510+01:00" endTime="2024-01-09T15:42:12.4664510+01:00" testType="13cdc9d9-ddb5-4fa4-a97d-d965ccfc6d4b" outcome="Passed" testListId="8c84fa94-04c1-424b-9868-57a2d4851a1d" relativeResultsDirectory="e060d61d-013a-47d2-87b2-58dca1ec886f" />
    <UnitTestResult executionId="047d7444-87c7-4308-bc8d-b84f1f97a3a4" testId="078b3ec7-5533-42ae-fe07-24c5f6492295" testName="FileUploadSynchronizer_Upload_SameFile_To_DifferentRecorders_Twice_UploadsTwice_ChecksExistsFourTimes" computerName="DKSR-EFI-06" duration="00:00:00.0008561" startTime="2024-01-09T15:42:04.6539287+01:00" endTime="2024-01-09T15:42:04.6539287+01:00" testType="13cdc9d9-ddb5-4fa4-a97d-d965ccfc6d4b" outcome="Passed" testListId="8c84fa94-04c1-424b-9868-57a2d4851a1d" relativeResultsDirectory="047d7444-87c7-4308-bc8d-b84f1f97a3a4" />
    <UnitTestResult executionId="246e6a03-5902-4810-a98d-12e2a975c029" testId="43a4fa80-dd9b-1bf4-98bf-78fbe73d93da" testName="HardwareInfo_EnabledDevices_ReturnsCorrectListOfEnabledDevices" computerName="DKSR-EFI-06" duration="00:00:00.0007092" startTime="2024-01-09T15:42:18.4664607+01:00" endTime="2024-01-09T15:42:18.4664607+01:00" testType="13cdc9d9-ddb5-4fa4-a97d-d965ccfc6d4b" outcome="Passed" testListId="8c84fa94-04c1-424b-9868-57a2d4851a1d" relativeResultsDirectory="246e6a03-5902-4810-a98d-12e2a975c029" />
    <UnitTestResult executionId="a1a1922a-d058-4cff-a749-ae38554a925a" testId="98a6db7e-5465-3eba-75c2-ba54007fc4ba" testName="CreateHttpsUri_NoSchemeWithPort_UseDefaultPortFalse_BecomesHttpsPort88" computerName="DKSR-EFI-06" duration="00:00:00.0001986" startTime="2024-01-09T15:42:29.2320910+01:00" endTime="2024-01-09T15:42:29.2320910+01:00" testType="13cdc9d9-ddb5-4fa4-a97d-d965ccfc6d4b" outcome="Passed" testListId="8c84fa94-04c1-424b-9868-57a2d4851a1d" relativeResultsDirectory="a1a1922a-d058-4cff-a749-ae38554a925a" />
    <UnitTestResult executionId="13077c81-08b1-449f-8b8a-e78b3bab1a3c" testId="e17193a1-0db6-f111-2b7a-d0d6fc175ade" testName="HardwareInfo_DecodesDriverAndModelNameUpperWithSingleQuote" computerName="DKSR-EFI-06" duration="00:00:00.0004411" startTime="2024-01-09T15:42:18.4508357+01:00" endTime="2024-01-09T15:42:18.4508357+01:00" testType="13cdc9d9-ddb5-4fa4-a97d-d965ccfc6d4b" outcome="Passed" testListId="8c84fa94-04c1-424b-9868-57a2d4851a1d" relativeResultsDirectory="13077c81-08b1-449f-8b8a-e78b3bab1a3c" />
    <UnitTestResult executionId="1b7d731b-71b8-4587-8562-05ddf56f4265" testId="52fcaf1b-6586-22d3-8b9e-cf01f68cd68e" testName="BulkProcessor_Dispose_Success" computerName="DKSR-EFI-06" duration="00:00:00.0006322" startTime="2024-01-09T15:42:17.5914584+01:00" endTime="2024-01-09T15:42:17.5914584+01:00" testType="13cdc9d9-ddb5-4fa4-a97d-d965ccfc6d4b" outcome="Passed" testListId="8c84fa94-04c1-424b-9868-57a2d4851a1d" relativeResultsDirectory="1b7d731b-71b8-4587-8562-05ddf56f4265" />
    <UnitTestResult executionId="e3fd01e9-b09f-4e75-b477-97e752798351" testId="a95939d0-bc91-4ab0-3fdc-587cd08779e6" testName="ModelValidation_ValidModel_Success" computerName="DKSR-EFI-06" duration="00:00:00.0018876" startTime="2024-01-09T15:42:11.9039544+01:00" endTime="2024-01-09T15:42:11.9195744+01:00" testType="13cdc9d9-ddb5-4fa4-a97d-d965ccfc6d4b" outcome="Passed" testListId="8c84fa94-04c1-424b-9868-57a2d4851a1d" relativeResultsDirectory="e3fd01e9-b09f-4e75-b477-97e752798351" />
    <UnitTestResult executionId="9aa35bbb-aaea-497b-ba28-b3827c573761" testId="755a9019-8a00-ef60-14fe-2ad551672b15" testName="CreateHardwareLicenseCountEvaluatorChannel_NullParameters_ThrowsArgumentNullException" computerName="DKSR-EFI-06" duration="00:00:00.0007178" startTime="2024-01-09T15:42:18.4977097+01:00" endTime="2024-01-09T15:42:18.5133353+01:00" testType="13cdc9d9-ddb5-4fa4-a97d-d965ccfc6d4b" outcome="Passed" testListId="8c84fa94-04c1-424b-9868-57a2d4851a1d" relativeResultsDirectory="9aa35bbb-aaea-497b-ba28-b3827c573761" />
    <UnitTestResult executionId="2eb83914-8619-4ff8-becf-a79b17070212" testId="10f0f18f-7ed1-ca79-53c0-05985c3eca4f" testName="Constructor_FillsInIndexesOfOnlyCameraDevices_OnHwWithOtherDevicesThanCameras" computerName="DKSR-EFI-06" duration="00:00:00.0006812" startTime="2024-01-09T15:42:18.0133335+01:00" endTime="2024-01-09T15:42:18.0133335+01:00" testType="13cdc9d9-ddb5-4fa4-a97d-d965ccfc6d4b" outcome="Passed" testListId="8c84fa94-04c1-424b-9868-57a2d4851a1d" relativeResultsDirectory="2eb83914-8619-4ff8-becf-a79b17070212" />
    <UnitTestResult executionId="ebf65e69-6e0e-478e-8cb4-b746df3e65fb" testId="844c2f58-2f26-162b-d78b-da70ba0657d7" testName="EvidenceLockOnOldRecorderModelTests_Validate_Failed" computerName="DKSR-EFI-06" duration="00:00:00.0051365" startTime="2024-01-09T15:42:11.7789508+01:00" endTime="2024-01-09T15:42:11.7789508+01:00" testType="13cdc9d9-ddb5-4fa4-a97d-d965ccfc6d4b" outcome="Passed" testListId="8c84fa94-04c1-424b-9868-57a2d4851a1d" relativeResultsDirectory="ebf65e69-6e0e-478e-8cb4-b746df3e65fb" />
    <UnitTestResult executionId="f2a830ca-2cc6-4975-b612-49a2a333c451" testId="9c8cbadd-bbed-fa42-4b60-809c665cd1a4" testName="Index_AddEntry_Null_ThrowArgumentNullException" computerName="DKSR-EFI-06" duration="00:00:00.0033045" startTime="2024-01-09T15:42:04.2164250+01:00" endTime="2024-01-09T15:42:04.2164250+01:00" testType="13cdc9d9-ddb5-4fa4-a97d-d965ccfc6d4b" outcome="Passed" testListId="8c84fa94-04c1-424b-9868-57a2d4851a1d" relativeResultsDirectory="f2a830ca-2cc6-4975-b612-49a2a333c451">
      <Output>
        <StdOut>Debug Trace:&#xD;
Fail: Argument null</StdOut>
      </Output>
    </UnitTestResult>
    <UnitTestResult executionId="23c8d362-6a7a-49bd-8e97-a0177c0f51e8" testId="71d363a8-b591-237a-04f2-2417bdf502d6" testName="ModelValidation_RequiredPropertiesAreNull_Failed" computerName="DKSR-EFI-06" duration="00:00:00.0026771" startTime="2024-01-09T15:42:11.8726991+01:00" endTime="2024-01-09T15:42:11.8726991+01:00" testType="13cdc9d9-ddb5-4fa4-a97d-d965ccfc6d4b" outcome="Passed" testListId="8c84fa94-04c1-424b-9868-57a2d4851a1d" relativeResultsDirectory="23c8d362-6a7a-49bd-8e97-a0177c0f51e8" />
    <UnitTestResult executionId="103a741b-0363-45b1-9d6b-61be44fa2cf9" testId="1457cccf-2f12-2f87-797e-265b2a1cb863" testName="FeatureManager_GetFeatureParameterValue_Value" computerName="DKSR-EFI-06" duration="00:00:00.0005529" startTime="2024-01-09T15:42:18.2164592+01:00" endTime="2024-01-09T15:42:18.2320853+01:00" testType="13cdc9d9-ddb5-4fa4-a97d-d965ccfc6d4b" outcome="Passed" testListId="8c84fa94-04c1-424b-9868-57a2d4851a1d" relativeResultsDirectory="103a741b-0363-45b1-9d6b-61be44fa2cf9" />
    <UnitTestResult executionId="523eb72a-458a-435e-8d87-ffd132b05e49" testId="3a2658f6-d55c-045d-1867-cc0ab44d517b" testName="TestCopyConstructorWithNull" computerName="DKSR-EFI-06" duration="00:00:00.0061167" startTime="2024-01-09T15:42:27.9039641+01:00" endTime="2024-01-09T15:42:27.9195907+01:00" testType="13cdc9d9-ddb5-4fa4-a97d-d965ccfc6d4b" outcome="Passed" testListId="8c84fa94-04c1-424b-9868-57a2d4851a1d" relativeResultsDirectory="523eb72a-458a-435e-8d87-ffd132b05e49">
      <Output>
        <StdOut>Debug Trace:&#xD;
Fail: Argument null.</StdOut>
      </Output>
    </UnitTestResult>
    <UnitTestResult executionId="85b8964b-daf6-43f9-b609-1d47daae5cbb" testId="4b06f48a-1ac2-f72f-f886-34e539d3e72b" testName="Credentials_EncryptionTest" computerName="DKSR-EFI-06" duration="00:00:00.0140040" startTime="2024-01-09T15:42:03.6539211+01:00" endTime="2024-01-09T15:42:03.6695472+01:00" testType="13cdc9d9-ddb5-4fa4-a97d-d965ccfc6d4b" outcome="Passed" testListId="8c84fa94-04c1-424b-9868-57a2d4851a1d" relativeResultsDirectory="85b8964b-daf6-43f9-b609-1d47daae5cbb" />
    <UnitTestResult executionId="efb7c64f-f0c5-4ef8-a42f-74eda52df552" testId="6dcaeb54-e5aa-1301-9b9c-12a66896fa96" testName="ModelValidation_NonEmptyGuidsAreEmpty_Failed" computerName="DKSR-EFI-06" duration="00:00:00.0023575" startTime="2024-01-09T15:42:11.8726991+01:00" endTime="2024-01-09T15:42:11.8726991+01:00" testType="13cdc9d9-ddb5-4fa4-a97d-d965ccfc6d4b" outcome="Passed" testListId="8c84fa94-04c1-424b-9868-57a2d4851a1d" relativeResultsDirectory="efb7c64f-f0c5-4ef8-a42f-74eda52df552" />
    <UnitTestResult executionId="a47baaec-6817-484d-828f-2444bf08acbf" testId="e9ef7ba1-e208-e040-b931-43b431f5f02a" testName="ServiceContainer_GetService_ServiceNotRegistered_ReturnsNullInstance" computerName="DKSR-EFI-06" duration="00:00:00.0005420" startTime="2024-01-09T15:42:01.7632882+01:00" endTime="2024-01-09T15:42:01.7789125+01:00" testType="13cdc9d9-ddb5-4fa4-a97d-d965ccfc6d4b" outcome="Passed" testListId="8c84fa94-04c1-424b-9868-57a2d4851a1d" relativeResultsDirectory="a47baaec-6817-484d-828f-2444bf08acbf" />
    <UnitTestResult executionId="ee26a87e-ba78-44e6-ad4c-09e26b33e000" testId="ac8aa661-4d22-a8b3-f7a8-6b9e3e0d53be" testName="CalculateLicenseRequirements_NullIHardwareInfoList_ThrowsArgumentNullException" computerName="DKSR-EFI-06" duration="00:00:00.0009560" startTime="2024-01-09T15:42:18.8102111+01:00" endTime="2024-01-09T15:42:18.8102111+01:00" testType="13cdc9d9-ddb5-4fa4-a97d-d965ccfc6d4b" outcome="Passed" testListId="8c84fa94-04c1-424b-9868-57a2d4851a1d" relativeResultsDirectory="ee26a87e-ba78-44e6-ad4c-09e26b33e000" />
    <UnitTestResult executionId="bfb2b13d-71ce-45ec-a32d-10f617c683d6" testId="4820a864-02ac-6cba-a615-5484ed479c37" testName="CheckAllMIPFiltersKindsTestNotOk7" computerName="DKSR-EFI-06" duration="00:00:00.0001585" startTime="2024-01-09T15:42:15.3727056+01:00" endTime="2024-01-09T15:42:15.3727056+01:00" testType="13cdc9d9-ddb5-4fa4-a97d-d965ccfc6d4b" outcome="Passed" testListId="8c84fa94-04c1-424b-9868-57a2d4851a1d" relativeResultsDirectory="bfb2b13d-71ce-45ec-a32d-10f617c683d6" />
    <UnitTestResult executionId="859d1c32-64af-4fe9-aaf5-6bd282e6fe62" testId="819c0979-239a-1bbe-8aec-82c5d15d99c9" testName="TokenHandler_CheckToken (Data Row 1)" computerName="DKSR-EFI-06" duration="00:00:00.0406821" startTime="2024-01-09T15:42:13.2633268+01:00" endTime="2024-01-09T15:42:13.6539515+01:00" testType="13cdc9d9-ddb5-4fa4-a97d-d965ccfc6d4b" outcome="Passed" testListId="8c84fa94-04c1-424b-9868-57a2d4851a1d" relativeResultsDirectory="859d1c32-64af-4fe9-aaf5-6bd282e6fe62">
      <Output>
        <StdOut>Debug Trace:&#xD;
Token created: TOKEN#03a6ab76-d5c3-41ff-bd09-7880563e3e2c##</StdOut>
      </Output>
    </UnitTestResult>
    <UnitTestResult executionId="b14fde13-e9ee-4dad-ad22-46f6d1c38369" testId="0c4733e4-a4d6-a2ad-6a8d-00ea837e2d42" testName="RecorderInformationModel_ValidModel_Success" computerName="DKSR-EFI-06" duration="00:00:00.0083561" startTime="2024-01-09T15:42:12.5602016+01:00" endTime="2024-01-09T15:42:12.5602016+01:00" testType="13cdc9d9-ddb5-4fa4-a97d-d965ccfc6d4b" outcome="Passed" testListId="8c84fa94-04c1-424b-9868-57a2d4851a1d" relativeResultsDirectory="b14fde13-e9ee-4dad-ad22-46f6d1c38369" />
    <UnitTestResult executionId="78138ecd-4002-4b4e-a23a-c7e3df00acbc" testId="b40b17cd-6334-a9ae-cbaa-166a5c8ac156" testName="Validate_ExactMatch_NotFound_Success" computerName="DKSR-EFI-06" duration="00:00:00.0001965" startTime="2024-01-09T15:42:26.6070897+01:00" endTime="2024-01-09T15:42:26.6070897+01:00" testType="13cdc9d9-ddb5-4fa4-a97d-d965ccfc6d4b" outcome="Passed" testListId="8c84fa94-04c1-424b-9868-57a2d4851a1d" relativeResultsDirectory="78138ecd-4002-4b4e-a23a-c7e3df00acbc" />
    <UnitTestResult executionId="5f8fc7d1-ac6b-4e00-97cc-bb4783321a3d" testId="cffec0a4-0735-bd68-40ca-007447faf3a4" testName="ServiceDiscovery_SendAsync_CommunicationError_TaskCanceledException" computerName="DKSR-EFI-06" duration="00:00:00.0036486" startTime="2024-01-09T15:42:01.7007862+01:00" endTime="2024-01-09T15:42:01.7007862+01:00" testType="13cdc9d9-ddb5-4fa4-a97d-d965ccfc6d4b" outcome="Passed" testListId="8c84fa94-04c1-424b-9868-57a2d4851a1d" relativeResultsDirectory="5f8fc7d1-ac6b-4e00-97cc-bb4783321a3d" />
    <UnitTestResult executionId="ae2a65d9-3cba-4b79-a8db-767c5b4720e6" testId="d8660ccf-e9fb-f3f2-5b1a-a33f0ec3a7f9" testName="Index_GetEntriesByKey_Returns_Correct_Item" computerName="DKSR-EFI-06" duration="00:00:00.0007687" startTime="2024-01-09T15:42:04.2320499+01:00" endTime="2024-01-09T15:42:04.2320499+01:00" testType="13cdc9d9-ddb5-4fa4-a97d-d965ccfc6d4b" outcome="Passed" testListId="8c84fa94-04c1-424b-9868-57a2d4851a1d" relativeResultsDirectory="ae2a65d9-3cba-4b79-a8db-767c5b4720e6" />
    <UnitTestResult executionId="2ce2969f-f236-46d5-ab77-07ed9d6b515e" testId="7453077c-caf2-48f1-e6f0-ad5df5ce9ce3" testName="ReadChildElementValueAsUInt64_RangeCheck_Min" computerName="DKSR-EFI-06" duration="00:00:00.0025088" startTime="2024-01-09T15:42:04.0445487+01:00" endTime="2024-01-09T15:42:04.0445487+01:00" testType="13cdc9d9-ddb5-4fa4-a97d-d965ccfc6d4b" outcome="Passed" testListId="8c84fa94-04c1-424b-9868-57a2d4851a1d" relativeResultsDirectory="2ce2969f-f236-46d5-ab77-07ed9d6b515e" />
    <UnitTestResult executionId="dc0a7ac0-09f6-40bf-a85e-cbeac034e9ad" testId="04fd156f-1311-1a60-97f8-b90dfc097408" testName="ThreadPoolMessageProcessor_QueueMessageTest" computerName="DKSR-EFI-06" duration="00:00:00.0007410" startTime="2024-01-09T15:42:17.6383350+01:00" endTime="2024-01-09T15:42:17.6383350+01:00" testType="13cdc9d9-ddb5-4fa4-a97d-d965ccfc6d4b" outcome="Passed" testListId="8c84fa94-04c1-424b-9868-57a2d4851a1d" relativeResultsDirectory="dc0a7ac0-09f6-40bf-a85e-cbeac034e9ad" />
    <UnitTestResult executionId="20a8b3c0-c970-4b42-8e9f-4aed23906649" testId="2c268a89-a61c-6227-9d8c-24714ad3d9e6" testName="GroupConfigurationAddGroupWithUnknownParentGroup" computerName="DKSR-EFI-06" duration="00:00:00.0010101" startTime="2024-01-09T15:42:15.3414555+01:00" endTime="2024-01-09T15:42:15.3414555+01:00" testType="13cdc9d9-ddb5-4fa4-a97d-d965ccfc6d4b" outcome="Passed" testListId="8c84fa94-04c1-424b-9868-57a2d4851a1d" relativeResultsDirectory="20a8b3c0-c970-4b42-8e9f-4aed23906649" />
    <UnitTestResult executionId="f04bf56e-142c-4197-9a36-1c70aa8c640a" testId="575260a6-c854-bca0-ee1c-4e415e9c115d" testName="CalculateLicenseRequirements_Driver_Whitelisted_HardwareWithMultipleCameraDevicesCountsAsSingleLicenses_ReturnsTrue" computerName="DKSR-EFI-06" duration="00:00:00.0018106" startTime="2024-01-09T15:42:18.8414612+01:00" endTime="2024-01-09T15:42:18.8414612+01:00" testType="13cdc9d9-ddb5-4fa4-a97d-d965ccfc6d4b" outcome="Passed" testListId="8c84fa94-04c1-424b-9868-57a2d4851a1d" relativeResultsDirectory="f04bf56e-142c-4197-9a36-1c70aa8c640a" />
    <UnitTestResult executionId="3c9ca752-0b77-4566-96bf-f552a1ec748e" testId="9f09049a-5f6e-9897-6da4-fadf1030de93" testName="HardwareSetupInformationResponseModel_Validate_Success" computerName="DKSR-EFI-06" duration="00:00:00.0072450" startTime="2024-01-09T15:42:10.5445708+01:00" endTime="2024-01-09T15:42:10.5601964+01:00" testType="13cdc9d9-ddb5-4fa4-a97d-d965ccfc6d4b" outcome="Passed" testListId="8c84fa94-04c1-424b-9868-57a2d4851a1d" relativeResultsDirectory="3c9ca752-0b77-4566-96bf-f552a1ec748e" />
    <UnitTestResult executionId="ecdf6941-4093-4cdc-b610-742a9f77711f" testId="cf0cf77f-c694-949f-3294-26fdc5a95a90" testName="FeatureManager_TryGetFeatureParameterValueT_Argument_Null" computerName="DKSR-EFI-06" duration="00:00:00.0008142" startTime="2024-01-09T15:42:18.3102109+01:00" endTime="2024-01-09T15:42:18.3102109+01:00" testType="13cdc9d9-ddb5-4fa4-a97d-d965ccfc6d4b" outcome="Passed" testListId="8c84fa94-04c1-424b-9868-57a2d4851a1d" relativeResultsDirectory="ecdf6941-4093-4cdc-b610-742a9f77711f" />
    <UnitTestResult executionId="89eac6c6-a260-49cd-852d-20d4203db24c" testId="cafac1ab-c633-fda7-fb40-dc38309d06e9" testName="Hardware_Construct_NullHardwareInfo_Throws_ArgumentNullException" computerName="DKSR-EFI-06" duration="00:00:00.0012122" startTime="2024-01-09T15:42:26.2477162+01:00" endTime="2024-01-09T15:42:26.2477162+01:00" testType="13cdc9d9-ddb5-4fa4-a97d-d965ccfc6d4b" outcome="Passed" testListId="8c84fa94-04c1-424b-9868-57a2d4851a1d" relativeResultsDirectory="89eac6c6-a260-49cd-852d-20d4203db24c" />
    <UnitTestResult executionId="2f4e18bc-ded7-44e5-9e92-6ba17115835d" testId="044e5518-eab5-c80a-fe62-1a03a5cd84bc" testName="UniqueIndex_GetEntryByKey_No_Item_Return_Null" computerName="DKSR-EFI-06" duration="00:00:00.0006410" startTime="2024-01-09T15:42:04.1851751+01:00" endTime="2024-01-09T15:42:04.1851751+01:00" testType="13cdc9d9-ddb5-4fa4-a97d-d965ccfc6d4b" outcome="Passed" testListId="8c84fa94-04c1-424b-9868-57a2d4851a1d" relativeResultsDirectory="2f4e18bc-ded7-44e5-9e92-6ba17115835d" />
    <UnitTestResult executionId="39a9ec10-161a-4a90-916d-1d9ac2dcae8c" testId="d7e36271-2848-2d0b-2171-f4332152f766" testName="Encrypt_DataSetHasModifiedRow_DataSetIsEncrypted" computerName="DKSR-EFI-06" duration="00:00:00.0023469" startTime="2024-01-09T15:42:28.1852142+01:00" endTime="2024-01-09T15:42:28.2008411+01:00" testType="13cdc9d9-ddb5-4fa4-a97d-d965ccfc6d4b" outcome="Passed" testListId="8c84fa94-04c1-424b-9868-57a2d4851a1d" relativeResultsDirectory="39a9ec10-161a-4a90-916d-1d9ac2dcae8c" />
    <UnitTestResult executionId="c4c7e5f5-4821-450b-a11f-24dbd5f07578" testId="b9c9bd7b-a356-33a0-bec3-574ce9bb28cd" testName="Recorder_Construct_InvalidLastModified_NotUtc_Throws_ArgumentException" computerName="DKSR-EFI-06" duration="00:00:00.0006281" startTime="2024-01-09T15:42:26.2320922+01:00" endTime="2024-01-09T15:42:26.2320922+01:00" testType="13cdc9d9-ddb5-4fa4-a97d-d965ccfc6d4b" outcome="Passed" testListId="8c84fa94-04c1-424b-9868-57a2d4851a1d" relativeResultsDirectory="c4c7e5f5-4821-450b-a11f-24dbd5f07578" />
    <UnitTestResult executionId="4bf7da67-4033-4d4e-bb35-b9cbe279b91e" testId="aa6a1320-24ff-bbcf-ab6f-48f78bd5eb7b" testName="Construct_LicenseActivationService_RelativeUri_ThrowsArgumentException" computerName="DKSR-EFI-06" duration="00:00:00.0006676" startTime="2024-01-09T15:42:18.5445852+01:00" endTime="2024-01-09T15:42:18.5445852+01:00" testType="13cdc9d9-ddb5-4fa4-a97d-d965ccfc6d4b" outcome="Passed" testListId="8c84fa94-04c1-424b-9868-57a2d4851a1d" relativeResultsDirectory="4bf7da67-4033-4d4e-bb35-b9cbe279b91e" />
    <UnitTestResult executionId="a4cbaaf4-25e7-4886-896c-8f167daf1542" testId="5fcb103a-b799-017a-e95c-26acb39f38d9" testName="BaseHtmlLicenseReport_ContainsUtf8Encoding_Success" computerName="DKSR-EFI-06" duration="00:00:00.0001406" startTime="2024-01-09T15:42:18.0914586+01:00" endTime="2024-01-09T15:42:18.0914586+01:00" testType="13cdc9d9-ddb5-4fa4-a97d-d965ccfc6d4b" outcome="Passed" testListId="8c84fa94-04c1-424b-9868-57a2d4851a1d" relativeResultsDirectory="a4cbaaf4-25e7-4886-896c-8f167daf1542" />
    <UnitTestResult executionId="58ec3639-3e97-4719-8488-684b90889297" testId="56920c6f-05b9-0634-ff2d-dd90b540c0e9" testName="ServerFileStorage_CreateStorage_Success" computerName="DKSR-EFI-06" duration="00:00:00.0036800" startTime="2024-01-09T15:42:09.0758186+01:00" endTime="2024-01-09T15:42:09.0758186+01:00" testType="13cdc9d9-ddb5-4fa4-a97d-d965ccfc6d4b" outcome="Passed" testListId="8c84fa94-04c1-424b-9868-57a2d4851a1d" relativeResultsDirectory="58ec3639-3e97-4719-8488-684b90889297" />
    <UnitTestResult executionId="54806a35-f0ef-4418-9fee-53f6d7650291" testId="7059a9dc-bfc8-071b-1461-021c1f7b59ef" testName="ReadChildElementValueAsInt32_NameNull" computerName="DKSR-EFI-06" duration="00:00:00.0007015" startTime="2024-01-09T15:42:03.9507976+01:00" endTime="2024-01-09T15:42:03.9507976+01:00" testType="13cdc9d9-ddb5-4fa4-a97d-d965ccfc6d4b" outcome="Passed" testListId="8c84fa94-04c1-424b-9868-57a2d4851a1d" relativeResultsDirectory="54806a35-f0ef-4418-9fee-53f6d7650291" />
    <UnitTestResult executionId="e29c87c6-fe7f-42a2-ac05-ef852793bf83" testId="001f96d2-83cb-0e28-b3e5-56086532567c" testName="Constructor_ThrowsException_WhenICPHardwareInfosInListHaveDifferentMacAddresses" computerName="DKSR-EFI-06" duration="00:00:00.0009144" startTime="2024-01-09T15:42:18.0445857+01:00" endTime="2024-01-09T15:42:18.0445857+01:00" testType="13cdc9d9-ddb5-4fa4-a97d-d965ccfc6d4b" outcome="Passed" testListId="8c84fa94-04c1-424b-9868-57a2d4851a1d" relativeResultsDirectory="e29c87c6-fe7f-42a2-ac05-ef852793bf83" />
    <UnitTestResult executionId="df4eeb56-7fe6-4094-994e-b519a66b5a50" testId="4de2965f-e6e4-41a4-269e-1244a87a7aa6" testName="Sendc_AuthenticationException_RetryAndSuccess" computerName="DKSR-EFI-06" duration="00:00:00.0071112" startTime="2024-01-09T15:42:01.4820363+01:00" endTime="2024-01-09T15:42:01.4820363+01:00" testType="13cdc9d9-ddb5-4fa4-a97d-d965ccfc6d4b" outcome="Passed" testListId="8c84fa94-04c1-424b-9868-57a2d4851a1d" relativeResultsDirectory="df4eeb56-7fe6-4094-994e-b519a66b5a50" />
    <UnitTestResult executionId="22e44e20-5ab5-4a37-b42d-baa9121be3e7" testId="e4a54c23-0013-4297-6386-e5dd4634423d" testName="HardwareInfo_EnabledDevices_ReturnsEmptyListWhenNoEnabledDevices" computerName="DKSR-EFI-06" duration="00:00:00.0003846" startTime="2024-01-09T15:42:18.4664607+01:00" endTime="2024-01-09T15:42:18.4664607+01:00" testType="13cdc9d9-ddb5-4fa4-a97d-d965ccfc6d4b" outcome="Passed" testListId="8c84fa94-04c1-424b-9868-57a2d4851a1d" relativeResultsDirectory="22e44e20-5ab5-4a37-b42d-baa9121be3e7" />
    <UnitTestResult executionId="3fe9e876-8711-4d64-870d-2980c66b8b14" testId="604c15ba-899a-5d43-9bdd-b7e6d1160ea5" testName="RefCountedObjectWrapper_Construcctor_NullReference" computerName="DKSR-EFI-06" duration="00:00:00.0006488" startTime="2024-01-09T15:42:11.0758203+01:00" endTime="2024-01-09T15:42:11.0758203+01:00" testType="13cdc9d9-ddb5-4fa4-a97d-d965ccfc6d4b" outcome="Passed" testListId="8c84fa94-04c1-424b-9868-57a2d4851a1d" relativeResultsDirectory="3fe9e876-8711-4d64-870d-2980c66b8b14" />
    <UnitTestResult executionId="fee57992-f9a8-4f07-a35a-220e667f1430" testId="7edb74d7-c5e2-9c1f-fcbf-d167c6d11f64" testName="HardwareInfo_HasCameraDevices_ReturnsFalse_WhenWithoutEnabledCamerasWithMatchingLicenseStates" computerName="DKSR-EFI-06" duration="00:00:00.0006084" startTime="2024-01-09T15:42:18.4977097+01:00" endTime="2024-01-09T15:42:18.4977097+01:00" testType="13cdc9d9-ddb5-4fa4-a97d-d965ccfc6d4b" outcome="Passed" testListId="8c84fa94-04c1-424b-9868-57a2d4851a1d" relativeResultsDirectory="fee57992-f9a8-4f07-a35a-220e667f1430" />
    <UnitTestResult executionId="8a19e533-f435-4150-9e58-b1ca064ef833" testId="356d03d6-003c-4362-f863-52f0e6e4bf29" testName="StreamsConfiguration_EnsureLiveDefaultAndRecordTreads_No_DefaultLive_RunAlways_Selected" computerName="DKSR-EFI-06" duration="00:00:00.0064470" startTime="2024-01-09T15:42:10.1695713+01:00" endTime="2024-01-09T15:42:10.1695713+01:00" testType="13cdc9d9-ddb5-4fa4-a97d-d965ccfc6d4b" outcome="Passed" testListId="8c84fa94-04c1-424b-9868-57a2d4851a1d" relativeResultsDirectory="8a19e533-f435-4150-9e58-b1ca064ef833" />
    <UnitTestResult executionId="a37797ca-11cc-47fd-91b7-5597ff9bbcfc" testId="0576350e-e378-4d3c-7ec2-5e805d7a8015" testName="RulesTableAdapter_ClearUserSid_NotInitialized_InvalidOperationException" computerName="DKSR-EFI-06" duration="00:00:00.0040619" startTime="2024-01-09T15:42:28.5133400+01:00" endTime="2024-01-09T15:42:28.5133400+01:00" testType="13cdc9d9-ddb5-4fa4-a97d-d965ccfc6d4b" outcome="Passed" testListId="8c84fa94-04c1-424b-9868-57a2d4851a1d" relativeResultsDirectory="a37797ca-11cc-47fd-91b7-5597ff9bbcfc">
      <Output>
        <StdOut>Debug Trace:&#xD;
Fail: There is no current sid.</StdOut>
      </Output>
    </UnitTestResult>
    <UnitTestResult executionId="f021597e-d7ae-4afd-97c9-87cf569d7d02" testId="4661b4dd-f151-45f0-8c5b-9b4bd76bb272" testName="LicenseActivationService_AcquireLicense_RequestFormatInvalid" computerName="DKSR-EFI-06" duration="00:00:00.0018790" startTime="2024-01-09T15:42:18.7789613+01:00" endTime="2024-01-09T15:42:18.7789613+01:00" testType="13cdc9d9-ddb5-4fa4-a97d-d965ccfc6d4b" outcome="Passed" testListId="8c84fa94-04c1-424b-9868-57a2d4851a1d" relativeResultsDirectory="f021597e-d7ae-4afd-97c9-87cf569d7d02" />
    <UnitTestResult executionId="46fc31b8-b828-4bec-be8d-9054bf9c08ec" testId="e8c0762d-aa8d-b249-8e9c-f5a8f70e8697" testName="ReadChildElementValueAsInt32_RangeCheck_Max_Exact" computerName="DKSR-EFI-06" duration="00:00:00.0002065" startTime="2024-01-09T15:42:03.9507976+01:00" endTime="2024-01-09T15:42:03.9507976+01:00" testType="13cdc9d9-ddb5-4fa4-a97d-d965ccfc6d4b" outcome="Passed" testListId="8c84fa94-04c1-424b-9868-57a2d4851a1d" relativeResultsDirectory="46fc31b8-b828-4bec-be8d-9054bf9c08ec" />
    <UnitTestResult executionId="5eeb5ec1-1c94-47e1-aea8-c38a6b64ca86" testId="0001ecac-aad8-2f83-2e08-41e13a9a331b" testName="EncryptingNull" computerName="DKSR-EFI-06" duration="00:00:00.0010248" startTime="2024-01-09T15:42:28.6227160+01:00" endTime="2024-01-09T15:42:28.6383399+01:00" testType="13cdc9d9-ddb5-4fa4-a97d-d965ccfc6d4b" outcome="Passed" testListId="8c84fa94-04c1-424b-9868-57a2d4851a1d" relativeResultsDirectory="5eeb5ec1-1c94-47e1-aea8-c38a6b64ca86" />
    <UnitTestResult executionId="adc956e9-33fa-4f5a-9a6c-5c56de1cc08b" testId="bdaa1efe-9e06-f064-9801-95e2a76e5986" testName="CurrentConfigurationVersionsModel_ValidModel_Success" computerName="DKSR-EFI-06" duration="00:00:00.0024928" startTime="2024-01-09T15:42:12.3883261+01:00" endTime="2024-01-09T15:42:12.3883261+01:00" testType="13cdc9d9-ddb5-4fa4-a97d-d965ccfc6d4b" outcome="Passed" testListId="8c84fa94-04c1-424b-9868-57a2d4851a1d" relativeResultsDirectory="adc956e9-33fa-4f5a-9a6c-5c56de1cc08b" />
    <UnitTestResult executionId="3cdbf302-cab6-4523-af80-0be09e3c2611" testId="69c59d81-ccf8-1d57-cc59-ba6a7bceeef5" testName="QueuedCommandExecutor_Dispose_Success" computerName="DKSR-EFI-06" duration="00:00:00.0009498" startTime="2024-01-09T15:42:29.3727151+01:00" endTime="2024-01-09T15:42:29.3727151+01:00" testType="13cdc9d9-ddb5-4fa4-a97d-d965ccfc6d4b" outcome="Passed" testListId="8c84fa94-04c1-424b-9868-57a2d4851a1d" relativeResultsDirectory="3cdbf302-cab6-4523-af80-0be09e3c2611" />
    <UnitTestResult executionId="c00364e3-be50-4623-8ff6-2be77ca71c9b" testId="9eb2be37-558c-55ad-a2a9-08a837613762" testName="DecryptingAVHSPassSystemSetting" computerName="DKSR-EFI-06" duration="00:00:00.0008614" startTime="2024-01-09T15:42:28.6695906+01:00" endTime="2024-01-09T15:42:28.6695906+01:00" testType="13cdc9d9-ddb5-4fa4-a97d-d965ccfc6d4b" outcome="Passed" testListId="8c84fa94-04c1-424b-9868-57a2d4851a1d" relativeResultsDirectory="c00364e3-be50-4623-8ff6-2be77ca71c9b" />
    <UnitTestResult executionId="947615dd-2e43-4385-858b-ab34b7641d63" testId="ee685dde-5f9a-e6f7-e183-15368c215b42" testName="ToLogEntrySystem_ModelWithNullLogeDefinition_SuccessConvertion" computerName="DKSR-EFI-06" duration="00:00:00.0020700" startTime="2024-01-09T15:42:12.4080160+01:00" endTime="2024-01-09T15:42:12.4080160+01:00" testType="13cdc9d9-ddb5-4fa4-a97d-d965ccfc6d4b" outcome="Passed" testListId="8c84fa94-04c1-424b-9868-57a2d4851a1d" relativeResultsDirectory="947615dd-2e43-4385-858b-ab34b7641d63" />
    <UnitTestResult executionId="86392ecc-09f6-41f9-9f08-7820309c02c0" testId="8e57b05e-4a94-f936-5706-9c805c0399ef" testName="HttpClientCommunicatorWrapper_SendTRet_CommunicationException" computerName="DKSR-EFI-06" duration="00:00:00.0009501" startTime="2024-01-09T15:42:11.3570735+01:00" endTime="2024-01-09T15:42:11.3570735+01:00" testType="13cdc9d9-ddb5-4fa4-a97d-d965ccfc6d4b" outcome="Passed" testListId="8c84fa94-04c1-424b-9868-57a2d4851a1d" relativeResultsDirectory="86392ecc-09f6-41f9-9f08-7820309c02c0" />
    <UnitTestResult executionId="df4bc46a-3a7e-4092-94c0-1068cbb0e8cd" testId="1fd0e503-2946-0380-c6ba-6e861fd9230a" testName="FeatureManager_GetFeatureParameterValueT_Enum_Invalid_Value" computerName="DKSR-EFI-06" duration="00:00:00.0010607" startTime="2024-01-09T15:42:18.2633345+01:00" endTime="2024-01-09T15:42:18.2633345+01:00" testType="13cdc9d9-ddb5-4fa4-a97d-d965ccfc6d4b" outcome="Passed" testListId="8c84fa94-04c1-424b-9868-57a2d4851a1d" relativeResultsDirectory="df4bc46a-3a7e-4092-94c0-1068cbb0e8cd" />
    <UnitTestResult executionId="abc30140-36f7-484d-8e2d-e8a69a56ab66" testId="da93d51d-3bfd-8116-5345-506cba3f49b2" testName="ToLogEntryAudit_ModelNull_ArgumentNullException" computerName="DKSR-EFI-06" duration="00:00:00.0015950" startTime="2024-01-09T15:42:12.4352023+01:00" endTime="2024-01-09T15:42:12.4352023+01:00" testType="13cdc9d9-ddb5-4fa4-a97d-d965ccfc6d4b" outcome="Passed" testListId="8c84fa94-04c1-424b-9868-57a2d4851a1d" relativeResultsDirectory="abc30140-36f7-484d-8e2d-e8a69a56ab66" />
    <UnitTestResult executionId="2d41d71f-d9bb-49df-9a5f-69b3e9683831" testId="af3b303a-8825-f37f-fd4e-b39828971201" testName="RulesTableAdapter_SetUserSid_NullSid_ArgumentNullException" computerName="DKSR-EFI-06" duration="00:00:00.0158190" startTime="2024-01-09T15:42:28.4820894+01:00" endTime="2024-01-09T15:42:28.4977632+01:00" testType="13cdc9d9-ddb5-4fa4-a97d-d965ccfc6d4b" outcome="Passed" testListId="8c84fa94-04c1-424b-9868-57a2d4851a1d" relativeResultsDirectory="2d41d71f-d9bb-49df-9a5f-69b3e9683831">
      <Output>
        <StdOut>Debug Trace:&#xD;
Fail: Argument null.</StdOut>
      </Output>
    </UnitTestResult>
    <UnitTestResult executionId="227a257a-68bf-460a-af4c-a872da7e7201" testId="cc0447ac-c3ff-2542-4d26-6d7b867f547a" testName="IPHardwareBlockCollection_RemoveByHardware_Success" computerName="DKSR-EFI-06" duration="00:00:00.0103005" startTime="2024-01-09T15:42:28.8883415+01:00" endTime="2024-01-09T15:42:28.9039655+01:00" testType="13cdc9d9-ddb5-4fa4-a97d-d965ccfc6d4b" outcome="Passed" testListId="8c84fa94-04c1-424b-9868-57a2d4851a1d" relativeResultsDirectory="227a257a-68bf-460a-af4c-a872da7e7201" />
    <UnitTestResult executionId="f814e5b1-03f8-4762-8891-e883274c30d0" testId="f46f38fb-bed1-6e67-6148-a4182fc87e06" testName="DataSetUtility_UpdateLastModified_ConfigurationDataSet_DevicePrivacyMask_LastModified_Not_Changed" computerName="DKSR-EFI-06" duration="00:00:00.0547589" startTime="2024-01-09T15:42:03.1226689+01:00" endTime="2024-01-09T15:42:03.1851684+01:00" testType="13cdc9d9-ddb5-4fa4-a97d-d965ccfc6d4b" outcome="Passed" testListId="8c84fa94-04c1-424b-9868-57a2d4851a1d" relativeResultsDirectory="f814e5b1-03f8-4762-8891-e883274c30d0" />
    <UnitTestResult executionId="d78e3494-ed1f-4d72-a374-aed39a4cbfa0" testId="dbb68610-43fe-ff74-ff15-c068dd73879c" testName="ServerFileSystemResponseQueryDirectoriesModel_NoValuesSet_ValidationFailure" computerName="DKSR-EFI-06" duration="00:00:00.0024834" startTime="2024-01-09T15:42:10.5914460+01:00" endTime="2024-01-09T15:42:10.5914460+01:00" testType="13cdc9d9-ddb5-4fa4-a97d-d965ccfc6d4b" outcome="Passed" testListId="8c84fa94-04c1-424b-9868-57a2d4851a1d" relativeResultsDirectory="d78e3494-ed1f-4d72-a374-aed39a4cbfa0" />
    <UnitTestResult executionId="82a886ac-8e03-4373-9ac2-22bfe8c30324" testId="66c45e7e-2eb8-8f5a-9732-6ddf802742e4" testName="WebApiException_NullStream_ThrowsArgumentNullException" computerName="DKSR-EFI-06" duration="00:00:00.0007430" startTime="2024-01-09T15:42:12.9352025+01:00" endTime="2024-01-09T15:42:12.9352025+01:00" testType="13cdc9d9-ddb5-4fa4-a97d-d965ccfc6d4b" outcome="Passed" testListId="8c84fa94-04c1-424b-9868-57a2d4851a1d" relativeResultsDirectory="82a886ac-8e03-4373-9ac2-22bfe8c30324" />
    <UnitTestResult executionId="a68337b3-ac5a-4df1-8bab-dce714cb89c8" testId="fb5bca7d-97e7-6c84-7db1-7fc35010778a" testName="Decrypt_DataSetHasNoRows_DataSetIsNotChanged" computerName="DKSR-EFI-06" duration="00:00:00.0017651" startTime="2024-01-09T15:42:28.0445889+01:00" endTime="2024-01-09T15:42:28.0445889+01:00" testType="13cdc9d9-ddb5-4fa4-a97d-d965ccfc6d4b" outcome="Passed" testListId="8c84fa94-04c1-424b-9868-57a2d4851a1d" relativeResultsDirectory="a68337b3-ac5a-4df1-8bab-dce714cb89c8" />
    <UnitTestResult executionId="38991bb8-80f2-40cf-97e5-a32333b57905" testId="8f9de0ec-d67f-eff3-10f8-5614a0dea8f1" testName="CreateHttpsUri_NoSchemeWithPort_UsePort88_BecomesHttpsPort88" computerName="DKSR-EFI-06" duration="00:00:00.0001803" startTime="2024-01-09T15:42:29.2633394+01:00" endTime="2024-01-09T15:42:29.2633394+01:00" testType="13cdc9d9-ddb5-4fa4-a97d-d965ccfc6d4b" outcome="Passed" testListId="8c84fa94-04c1-424b-9868-57a2d4851a1d" relativeResultsDirectory="38991bb8-80f2-40cf-97e5-a32333b57905" />
    <UnitTestResult executionId="cf7bbe86-155e-40fd-ad99-bf58682eb4da" testId="1cf00f33-c11c-7477-a02f-6bb160a6bea4" testName="ServerFileStorage_Dispose_DeletesFiles" computerName="DKSR-EFI-06" duration="00:00:00.0044042" startTime="2024-01-09T15:42:09.1851937+01:00" endTime="2024-01-09T15:42:09.1851937+01:00" testType="13cdc9d9-ddb5-4fa4-a97d-d965ccfc6d4b" outcome="Passed" testListId="8c84fa94-04c1-424b-9868-57a2d4851a1d" relativeResultsDirectory="cf7bbe86-155e-40fd-ad99-bf58682eb4da" />
    <UnitTestResult executionId="eb3ab86b-02d0-4752-b47a-691d1a06f07d" testId="e0f1ca46-1dc7-984a-7192-5fd9de44ab13" testName="HardwareInfo_DecodesDriverAndModelNameUpperWithSmallerLargerThanSymbols" computerName="DKSR-EFI-06" duration="00:00:00.0004077" startTime="2024-01-09T15:42:18.4352472+01:00" endTime="2024-01-09T15:42:18.4352472+01:00" testType="13cdc9d9-ddb5-4fa4-a97d-d965ccfc6d4b" outcome="Passed" testListId="8c84fa94-04c1-424b-9868-57a2d4851a1d" relativeResultsDirectory="eb3ab86b-02d0-4752-b47a-691d1a06f07d" />
    <UnitTestResult executionId="5176220d-9d02-476b-84d4-0c77bdb510ea" testId="6be716f5-8d61-7a08-222c-1b312f108925" testName="SecurityUserTokensModel_Json_Serialize_Deserialize" computerName="DKSR-EFI-06" duration="00:00:00.0973552" startTime="2024-01-09T15:42:12.0445775+01:00" endTime="2024-01-09T15:42:12.1383249+01:00" testType="13cdc9d9-ddb5-4fa4-a97d-d965ccfc6d4b" outcome="Passed" testListId="8c84fa94-04c1-424b-9868-57a2d4851a1d" relativeResultsDirectory="5176220d-9d02-476b-84d4-0c77bdb510ea">
      <Output>
        <StdOut>Debug Trace:&#xD;
Fail: Only use this constructor for unavailable tokens</StdOut>
      </Output>
    </UnitTestResult>
    <UnitTestResult executionId="54ac9527-89cc-40cb-81f0-9593317b31fb" testId="dc81dca2-8610-ae97-ae07-1f3aa2dad64d" testName="EncryptingMediaDbCertificateSystemSetting" computerName="DKSR-EFI-06" duration="00:00:00.0007726" startTime="2024-01-09T15:42:28.7008401+01:00" endTime="2024-01-09T15:42:28.7008401+01:00" testType="13cdc9d9-ddb5-4fa4-a97d-d965ccfc6d4b" outcome="Passed" testListId="8c84fa94-04c1-424b-9868-57a2d4851a1d" relativeResultsDirectory="54ac9527-89cc-40cb-81f0-9593317b31fb" />
    <UnitTestResult executionId="d05d8efd-e02c-45db-af76-1ba8a082c819" testId="e13f6d90-f26d-a205-f30b-8522dd9dd946" testName="Validate_PartialMatch_Found_StartOfWord_LowerCase_Success" computerName="DKSR-EFI-06" duration="00:00:00.0002559" startTime="2024-01-09T15:42:26.6070897+01:00" endTime="2024-01-09T15:42:26.6070897+01:00" testType="13cdc9d9-ddb5-4fa4-a97d-d965ccfc6d4b" outcome="Passed" testListId="8c84fa94-04c1-424b-9868-57a2d4851a1d" relativeResultsDirectory="d05d8efd-e02c-45db-af76-1ba8a082c819" />
    <UnitTestResult executionId="36bbad2d-ab7c-4b84-bbd5-d6b1611cbd98" testId="ed20a21c-41f1-239a-2980-96b61d8b6a15" testName="SynchronizeDevicePresetsResponseModel_NoValuesSet_ValidationFailure" computerName="DKSR-EFI-06" duration="00:00:00.0013124" startTime="2024-01-09T15:42:10.6070722+01:00" endTime="2024-01-09T15:42:10.6070722+01:00" testType="13cdc9d9-ddb5-4fa4-a97d-d965ccfc6d4b" outcome="Passed" testListId="8c84fa94-04c1-424b-9868-57a2d4851a1d" relativeResultsDirectory="36bbad2d-ab7c-4b84-bbd5-d6b1611cbd98" />
    <UnitTestResult executionId="1bb470b9-f28d-477f-9272-3448387a3b78" testId="57a9c9bd-7aac-1cf5-4fa5-9b6213eb2353" testName="LicenseDocument_ThrowsUnsupportedLicensingModeError_OnLicenseWithoutLicensingFeatureFlags" computerName="DKSR-EFI-06" duration="00:00:00.0015531" startTime="2024-01-09T15:42:26.1383402+01:00" endTime="2024-01-09T15:42:26.1383402+01:00" testType="13cdc9d9-ddb5-4fa4-a97d-d965ccfc6d4b" outcome="Passed" testListId="8c84fa94-04c1-424b-9868-57a2d4851a1d" relativeResultsDirectory="1bb470b9-f28d-477f-9272-3448387a3b78" />
    <UnitTestResult executionId="add275d4-4976-420a-8f19-bec606d18efa" testId="73abd58e-eeb8-37a8-f96f-3a79da305108" testName="DataSetUtility_UpdateLastModified_Null_Throws_ArgumentNullException" computerName="DKSR-EFI-06" duration="00:00:00.0053054" startTime="2024-01-09T15:42:03.2007963+01:00" endTime="2024-01-09T15:42:03.2007963+01:00" testType="13cdc9d9-ddb5-4fa4-a97d-d965ccfc6d4b" outcome="Passed" testListId="8c84fa94-04c1-424b-9868-57a2d4851a1d" relativeResultsDirectory="add275d4-4976-420a-8f19-bec606d18efa">
      <Output>
        <StdOut>Debug Trace:&#xD;
Fail: Argument null.</StdOut>
      </Output>
    </UnitTestResult>
    <UnitTestResult executionId="8f54838a-b690-4bf7-b703-7ae54af87cdd" testId="182ba1dd-289f-5383-2549-e8808bb99a81" testName="FileUploadSynchronizer_Upload_After_Dispose_Exception" computerName="DKSR-EFI-06" duration="00:00:00.0021435" startTime="2024-01-09T15:42:04.7789276+01:00" endTime="2024-01-09T15:42:04.7789276+01:00" testType="13cdc9d9-ddb5-4fa4-a97d-d965ccfc6d4b" outcome="Passed" testListId="8c84fa94-04c1-424b-9868-57a2d4851a1d" relativeResultsDirectory="8f54838a-b690-4bf7-b703-7ae54af87cdd" />
    <UnitTestResult executionId="6ece4316-4787-44e4-a70b-2e9008fb87b6" testId="1aaa06b2-2409-0df2-05c0-3c6e890e4f49" testName="GetChannelLicensenCount_AddNoHardware_ReturnValue" computerName="DKSR-EFI-06" duration="00:00:00.0001663" startTime="2024-01-09T15:42:18.4195850+01:00" endTime="2024-01-09T15:42:18.4195850+01:00" testType="13cdc9d9-ddb5-4fa4-a97d-d965ccfc6d4b" outcome="Passed" testListId="8c84fa94-04c1-424b-9868-57a2d4851a1d" relativeResultsDirectory="6ece4316-4787-44e4-a70b-2e9008fb87b6" />
    <UnitTestResult executionId="6b4b73a5-08f8-4b6e-821f-2b6944b8f7da" testId="fe07232f-8808-36f4-23c6-0ae11f9d06e8" testName="ServerFileStorage_CreateStream_ContentPreserved" computerName="DKSR-EFI-06" duration="00:00:00.0048372" startTime="2024-01-09T15:42:09.1226945+01:00" endTime="2024-01-09T15:42:09.1226945+01:00" testType="13cdc9d9-ddb5-4fa4-a97d-d965ccfc6d4b" outcome="Passed" testListId="8c84fa94-04c1-424b-9868-57a2d4851a1d" relativeResultsDirectory="6b4b73a5-08f8-4b6e-821f-2b6944b8f7da" />
    <UnitTestResult executionId="2e90bacb-91f4-4547-9a10-434fcd3197e5" testId="a799779d-133e-7d41-99ec-502f41ddc153" testName="Encrypt_DataSetHasNewRow_DataSetIsEncrypted" computerName="DKSR-EFI-06" duration="00:00:00.0032186" startTime="2024-01-09T15:42:28.1852142+01:00" endTime="2024-01-09T15:42:28.1852142+01:00" testType="13cdc9d9-ddb5-4fa4-a97d-d965ccfc6d4b" outcome="Passed" testListId="8c84fa94-04c1-424b-9868-57a2d4851a1d" relativeResultsDirectory="2e90bacb-91f4-4547-9a10-434fcd3197e5" />
    <UnitTestResult executionId="f43fca1f-5749-4492-ac9f-04806704b2bc" testId="9dfccd12-d1ec-f387-9e0e-0302280e9cb3" testName="CreateHttpsUri_NullString_PortSpecified_ThrowsInvalidOperationException" computerName="DKSR-EFI-06" duration="00:00:00.0007536" startTime="2024-01-09T15:42:29.1383397+01:00" endTime="2024-01-09T15:42:29.1383397+01:00" testType="13cdc9d9-ddb5-4fa4-a97d-d965ccfc6d4b" outcome="Passed" testListId="8c84fa94-04c1-424b-9868-57a2d4851a1d" relativeResultsDirectory="f43fca1f-5749-4492-ac9f-04806704b2bc" />
    <UnitTestResult executionId="514da39e-7592-4624-acd5-a9c903478ad6" testId="fef761e6-95f2-c8ab-544c-61a677b6f82f" testName="DiffGramCreate_NoParameter_ReturnsDiffgramType" computerName="DKSR-EFI-06" duration="00:00:00.0001349" startTime="2024-01-09T15:42:28.8102141+01:00" endTime="2024-01-09T15:42:28.8102141+01:00" testType="13cdc9d9-ddb5-4fa4-a97d-d965ccfc6d4b" outcome="Passed" testListId="8c84fa94-04c1-424b-9868-57a2d4851a1d" relativeResultsDirectory="514da39e-7592-4624-acd5-a9c903478ad6" />
    <UnitTestResult executionId="1c68738e-568f-44cb-9e01-80f99027a41e" testId="b00a68fb-029a-172a-9ac1-06f41f55ef81" testName="PtzSessionResponseModel_NoValuesSet_ValidationFailure" computerName="DKSR-EFI-06" duration="00:00:00.0046960" startTime="2024-01-09T15:42:12.6695761+01:00" endTime="2024-01-09T15:42:12.6695761+01:00" testType="13cdc9d9-ddb5-4fa4-a97d-d965ccfc6d4b" outcome="Passed" testListId="8c84fa94-04c1-424b-9868-57a2d4851a1d" relativeResultsDirectory="1c68738e-568f-44cb-9e01-80f99027a41e" />
    <UnitTestResult executionId="456713d5-e7e0-4300-bdb8-c44b8e42d8e5" testId="02346abb-3087-4fb2-13ee-f314a8f029b6" testName="LicenseDocument_IsDeviceLicensed_InvalidDeviceInfo_Throws_ArgumentNullException" computerName="DKSR-EFI-06" duration="00:00:00.0030645" startTime="2024-01-09T15:42:26.1695892+01:00" endTime="2024-01-09T15:42:26.1852175+01:00" testType="13cdc9d9-ddb5-4fa4-a97d-d965ccfc6d4b" outcome="Passed" testListId="8c84fa94-04c1-424b-9868-57a2d4851a1d" relativeResultsDirectory="456713d5-e7e0-4300-bdb8-c44b8e42d8e5" />
    <UnitTestResult executionId="0f920b95-d826-4c5b-a1f7-15ceeb823925" testId="292fba1d-7bf1-dc92-ffbb-4d7847468fdb" testName="StreamsConfiguration_ValidateConfiguration_Illegal_Stream_Combination" computerName="DKSR-EFI-06" duration="00:00:00.2667081" startTime="2024-01-09T15:42:09.6383196+01:00" endTime="2024-01-09T15:42:09.9039435+01:00" testType="13cdc9d9-ddb5-4fa4-a97d-d965ccfc6d4b" outcome="Passed" testListId="8c84fa94-04c1-424b-9868-57a2d4851a1d" relativeResultsDirectory="0f920b95-d826-4c5b-a1f7-15ceeb823925" />
    <UnitTestResult executionId="d9e50bde-43af-4fd0-b24a-390478d89e74" testId="3cfb3e4a-a588-41b8-d05d-06d5557ea14d" testName="VersionExtensions_GetVersionDisplayValue_Success" computerName="DKSR-EFI-06" duration="00:00:00.0005953" startTime="2024-01-09T15:42:26.7008409+01:00" endTime="2024-01-09T15:42:26.7008409+01:00" testType="13cdc9d9-ddb5-4fa4-a97d-d965ccfc6d4b" outcome="Passed" testListId="8c84fa94-04c1-424b-9868-57a2d4851a1d" relativeResultsDirectory="d9e50bde-43af-4fd0-b24a-390478d89e74" />
    <UnitTestResult executionId="d1e3602a-e8e7-482d-b4b2-a6ef1c51e42a" testId="057ca012-14e2-3599-baae-3eb1aa5d3d06" testName="Transform_XmlHasStorageSetting_StorageSettingIsTransformed" computerName="DKSR-EFI-06" duration="00:00:00.0008386" startTime="2024-01-09T15:42:28.7477148+01:00" endTime="2024-01-09T15:42:28.7477148+01:00" testType="13cdc9d9-ddb5-4fa4-a97d-d965ccfc6d4b" outcome="Passed" testListId="8c84fa94-04c1-424b-9868-57a2d4851a1d" relativeResultsDirectory="d1e3602a-e8e7-482d-b4b2-a6ef1c51e42a" />
    <UnitTestResult executionId="e88ecd42-b5ad-4502-937c-a5547eb52019" testId="53d17ed2-22de-e562-cbcf-ccb8507b8c99" testName="Scheduler_SimpleTaskProcessing_ReusingTaskID" computerName="DKSR-EFI-06" duration="00:00:00.6201701" startTime="2024-01-09T15:42:13.7789533+01:00" endTime="2024-01-09T15:42:14.4039548+01:00" testType="13cdc9d9-ddb5-4fa4-a97d-d965ccfc6d4b" outcome="Passed" testListId="8c84fa94-04c1-424b-9868-57a2d4851a1d" relativeResultsDirectory="e88ecd42-b5ad-4502-937c-a5547eb52019" />
    <UnitTestResult executionId="db2a3409-49a2-43fb-beb5-84f95fc4f54a" testId="7c8acda8-5ab1-e608-7ce7-302199a00468" testName="LicenseRequestHardware_SetsLicenseCountToOne" computerName="DKSR-EFI-06" duration="00:00:00.0003407" startTime="2024-01-09T15:42:18.4352472+01:00" endTime="2024-01-09T15:42:18.4352472+01:00" testType="13cdc9d9-ddb5-4fa4-a97d-d965ccfc6d4b" outcome="Passed" testListId="8c84fa94-04c1-424b-9868-57a2d4851a1d" relativeResultsDirectory="db2a3409-49a2-43fb-beb5-84f95fc4f54a" />
    <UnitTestResult executionId="134a37b2-d9a9-40ec-8248-74a512495758" testId="f2a2d895-e73f-1b9c-1ba4-fca95b4da463" testName="GroupConfigurationComplexGroupsAndMembers" computerName="DKSR-EFI-06" duration="00:00:00.0041688" startTime="2024-01-09T15:42:15.2945794+01:00" endTime="2024-01-09T15:42:15.2945794+01:00" testType="13cdc9d9-ddb5-4fa4-a97d-d965ccfc6d4b" outcome="Passed" testListId="8c84fa94-04c1-424b-9868-57a2d4851a1d" relativeResultsDirectory="134a37b2-d9a9-40ec-8248-74a512495758" />
    <UnitTestResult executionId="717e01b9-b00d-4120-980c-6e079f32129f" testId="c37cb584-8ea7-25b5-9a0c-e8180c699eed" testName="FeatureManager_TryGetFeatureParameterValueT_Guid_Invalid_Value" computerName="DKSR-EFI-06" duration="00:00:00.0005080" startTime="2024-01-09T15:42:18.3258357+01:00" endTime="2024-01-09T15:42:18.3258357+01:00" testType="13cdc9d9-ddb5-4fa4-a97d-d965ccfc6d4b" outcome="Passed" testListId="8c84fa94-04c1-424b-9868-57a2d4851a1d" relativeResultsDirectory="717e01b9-b00d-4120-980c-6e079f32129f" />
    <UnitTestResult executionId="e9f56518-1f14-4016-9db8-dda6b5d8c456" testId="0ddc9244-620d-a1c4-b5dd-edd302168e8a" testName="Construct_RequestContainer_InvalidLicenseRequestEmptyString_ThrowsArgumentNullException" computerName="DKSR-EFI-06" duration="00:00:00.0007613" startTime="2024-01-09T15:42:25.9508391+01:00" endTime="2024-01-09T15:42:25.9508391+01:00" testType="13cdc9d9-ddb5-4fa4-a97d-d965ccfc6d4b" outcome="Passed" testListId="8c84fa94-04c1-424b-9868-57a2d4851a1d" relativeResultsDirectory="e9f56518-1f14-4016-9db8-dda6b5d8c456" />
    <UnitTestResult executionId="40cb29ac-417b-4e87-8ce1-be9079b7a6c3" testId="7ab09fb8-e03a-9c42-e70a-87289f2d1cfd" testName="Recorder_Construct_ValidRecorderLicenseInfo_RemembersData_Success" computerName="DKSR-EFI-06" duration="00:00:00.0007486" startTime="2024-01-09T15:42:26.2477162+01:00" endTime="2024-01-09T15:42:26.2477162+01:00" testType="13cdc9d9-ddb5-4fa4-a97d-d965ccfc6d4b" outcome="Passed" testListId="8c84fa94-04c1-424b-9868-57a2d4851a1d" relativeResultsDirectory="40cb29ac-417b-4e87-8ce1-be9079b7a6c3" />
    <UnitTestResult executionId="b922b859-ca3f-4bec-94ec-0f6a3731ec0f" testId="7128909f-e107-9c87-d4cd-5199eb995a3f" testName="Encrypt_DataSetHasNoRows_DataSetIsNotChanged" computerName="DKSR-EFI-06" duration="00:00:00.0021753" startTime="2024-01-09T15:42:28.0758378+01:00" endTime="2024-01-09T15:42:28.0758378+01:00" testType="13cdc9d9-ddb5-4fa4-a97d-d965ccfc6d4b" outcome="Passed" testListId="8c84fa94-04c1-424b-9868-57a2d4851a1d" relativeResultsDirectory="b922b859-ca3f-4bec-94ec-0f6a3731ec0f" />
    <UnitTestResult executionId="9cf5a7cd-b708-4677-b99b-98aea64bf79b" testId="0dbe4e13-daa7-6cf0-2d89-882abfacdb28" testName="CertificateSelection2_ToXmlandFromXml_Success" computerName="DKSR-EFI-06" duration="00:00:00.0065624" startTime="2024-01-09T15:42:29.4820893+01:00" endTime="2024-01-09T15:42:29.4977135+01:00" testType="13cdc9d9-ddb5-4fa4-a97d-d965ccfc6d4b" outcome="Passed" testListId="8c84fa94-04c1-424b-9868-57a2d4851a1d" relativeResultsDirectory="9cf5a7cd-b708-4677-b99b-98aea64bf79b" />
    <UnitTestResult executionId="e61b4b62-b35b-4fc6-921a-404c0d776783" testId="1887b46f-da52-8372-d2fc-a27d60c83f34" testName="HardwareInfo_EnabledCameraIndexes_ReturnsCorrectIndexes" computerName="DKSR-EFI-06" duration="00:00:00.0005700" startTime="2024-01-09T15:42:18.4664607+01:00" endTime="2024-01-09T15:42:18.4820847+01:00" testType="13cdc9d9-ddb5-4fa4-a97d-d965ccfc6d4b" outcome="Passed" testListId="8c84fa94-04c1-424b-9868-57a2d4851a1d" relativeResultsDirectory="e61b4b62-b35b-4fc6-921a-404c0d776783" />
    <UnitTestResult executionId="26dfe1c2-a260-43c8-b367-4f7d16828955" testId="c8765d97-7555-34ec-889c-ab5a910e06ce" testName="StreamsConfiguration_TryGet_Success" computerName="DKSR-EFI-06" duration="00:00:00.0027963" startTime="2024-01-09T15:42:09.2945684+01:00" endTime="2024-01-09T15:42:09.2945684+01:00" testType="13cdc9d9-ddb5-4fa4-a97d-d965ccfc6d4b" outcome="Passed" testListId="8c84fa94-04c1-424b-9868-57a2d4851a1d" relativeResultsDirectory="26dfe1c2-a260-43c8-b367-4f7d16828955" />
    <UnitTestResult executionId="14092ecb-16f9-498b-bb2a-55fb472edac7" testId="dcd07c4f-612c-6e68-0b0c-4a4b76a087b5" testName="LicenseDocument_IsFeatureLicensed_NullFeature" computerName="DKSR-EFI-06" duration="00:00:00.0032054" startTime="2024-01-09T15:42:26.0133394+01:00" endTime="2024-01-09T15:42:26.0289646+01:00" testType="13cdc9d9-ddb5-4fa4-a97d-d965ccfc6d4b" outcome="Passed" testListId="8c84fa94-04c1-424b-9868-57a2d4851a1d" relativeResultsDirectory="14092ecb-16f9-498b-bb2a-55fb472edac7" />
    <UnitTestResult executionId="e8ced245-a993-4251-be6c-25db7f519a43" testId="c3dae83f-80d8-e6ed-7f70-cd97e7498d26" testName="ServerFileStorage_CreateTwoStreams_Exception" computerName="DKSR-EFI-06" duration="00:00:00.0007189" startTime="2024-01-09T15:42:09.1539416+01:00" endTime="2024-01-09T15:42:09.1539416+01:00" testType="13cdc9d9-ddb5-4fa4-a97d-d965ccfc6d4b" outcome="Passed" testListId="8c84fa94-04c1-424b-9868-57a2d4851a1d" relativeResultsDirectory="e8ced245-a993-4251-be6c-25db7f519a43" />
    <UnitTestResult executionId="d1f45b75-06cf-4f99-a695-ee13749ca372" testId="98f0ad09-ff0b-5c5f-86a8-6c77cb77aa0e" testName="Hardware_Construct_InvalidLastModified_NotUtc_Throws_ArgumentException" computerName="DKSR-EFI-06" duration="00:00:00.0026517" startTime="2024-01-09T15:42:26.2477162+01:00" endTime="2024-01-09T15:42:26.2477162+01:00" testType="13cdc9d9-ddb5-4fa4-a97d-d965ccfc6d4b" outcome="Passed" testListId="8c84fa94-04c1-424b-9868-57a2d4851a1d" relativeResultsDirectory="d1f45b75-06cf-4f99-a695-ee13749ca372" />
    <UnitTestResult executionId="46621c91-6873-4378-a48c-a5051650320a" testId="16f54115-1e93-c4e9-ee1d-7738cd482ed6" testName="Update_XmlHasNoPassword_XmlIsUnchanged" computerName="DKSR-EFI-06" duration="00:00:00.0003546" startTime="2024-01-09T15:42:28.7320906+01:00" endTime="2024-01-09T15:42:28.7320906+01:00" testType="13cdc9d9-ddb5-4fa4-a97d-d965ccfc6d4b" outcome="Passed" testListId="8c84fa94-04c1-424b-9868-57a2d4851a1d" relativeResultsDirectory="46621c91-6873-4378-a48c-a5051650320a" />
    <UnitTestResult executionId="0abc2a8c-e7ee-4df9-961e-1e91e66c08e4" testId="c9e2ea7e-28a5-60d2-6fc2-d2c88285a5e9" testName="WhiteList_CanHandleEmptyLinesInDriverList" computerName="DKSR-EFI-06" duration="00:00:00.0030383" startTime="2024-01-09T15:42:26.4977155+01:00" endTime="2024-01-09T15:42:26.4977155+01:00" testType="13cdc9d9-ddb5-4fa4-a97d-d965ccfc6d4b" outcome="Passed" testListId="8c84fa94-04c1-424b-9868-57a2d4851a1d" relativeResultsDirectory="0abc2a8c-e7ee-4df9-961e-1e91e66c08e4" />
    <UnitTestResult executionId="a8ddb334-49fa-4ca6-94cf-ec5f1dd994a1" testId="dc585ae0-95eb-19fe-1429-7e8d2dc65346" testName="SecurityManager_HasApplicationPermission_StatusApi_Denied" computerName="DKSR-EFI-06" duration="00:00:00.0119323" startTime="2024-01-09T15:42:13.1383261+01:00" endTime="2024-01-09T15:42:13.1539564+01:00" testType="13cdc9d9-ddb5-4fa4-a97d-d965ccfc6d4b" outcome="Passed" testListId="8c84fa94-04c1-424b-9868-57a2d4851a1d" relativeResultsDirectory="a8ddb334-49fa-4ca6-94cf-ec5f1dd994a1" />
    <UnitTestResult executionId="bb77a7f0-4fa8-423a-a114-1d9eb9f5c33c" testId="06314961-77c9-bb6b-859e-bd58a43c855a" testName="ThreadPoolMessageProcessor_ConstructorTest" computerName="DKSR-EFI-06" duration="00:00:00.0005152" startTime="2024-01-09T15:42:17.9664594+01:00" endTime="2024-01-09T15:42:17.9664594+01:00" testType="13cdc9d9-ddb5-4fa4-a97d-d965ccfc6d4b" outcome="Passed" testListId="8c84fa94-04c1-424b-9868-57a2d4851a1d" relativeResultsDirectory="bb77a7f0-4fa8-423a-a114-1d9eb9f5c33c" />
    <UnitTestResult executionId="a7732a2d-c34a-4e71-986f-b37c4ed01bd8" testId="b8ef94a9-36d4-29a6-0672-dd15cd97b51f" testName="Transform_NullCheck" computerName="DKSR-EFI-06" duration="00:00:00.0009067" startTime="2024-01-09T15:42:28.5758392+01:00" endTime="2024-01-09T15:42:28.5758392+01:00" testType="13cdc9d9-ddb5-4fa4-a97d-d965ccfc6d4b" outcome="Passed" testListId="8c84fa94-04c1-424b-9868-57a2d4851a1d" relativeResultsDirectory="a7732a2d-c34a-4e71-986f-b37c4ed01bd8" />
    <UnitTestResult executionId="8abc690e-319e-48ab-825a-33d58a9fdde8" testId="f20f172f-0ff8-a9be-f910-26b0f4098c1d" testName="ModelValidation_RequiredPropertiesAreNull_Failed" computerName="DKSR-EFI-06" duration="00:00:00.0027387" startTime="2024-01-09T15:42:11.8883258+01:00" endTime="2024-01-09T15:42:11.8883258+01:00" testType="13cdc9d9-ddb5-4fa4-a97d-d965ccfc6d4b" outcome="Passed" testListId="8c84fa94-04c1-424b-9868-57a2d4851a1d" relativeResultsDirectory="8abc690e-319e-48ab-825a-33d58a9fdde8" />
    <UnitTestResult executionId="5c042b6a-5f6d-43f3-b745-0314d11b56fe" testId="d7ead5dc-d9a9-6cd2-02fb-d5715f5c52d5" testName="UpdateHardwareDriverModel_ValidModel_Success" computerName="DKSR-EFI-06" duration="00:00:00.0010956" startTime="2024-01-09T15:42:12.3414539+01:00" endTime="2024-01-09T15:42:12.3414539+01:00" testType="13cdc9d9-ddb5-4fa4-a97d-d965ccfc6d4b" outcome="Passed" testListId="8c84fa94-04c1-424b-9868-57a2d4851a1d" relativeResultsDirectory="5c042b6a-5f6d-43f3-b745-0314d11b56fe" />
    <UnitTestResult executionId="7a37e277-8cc7-4082-90f3-7b3bbedd3ba7" testId="b6fa179e-af5a-a8b7-baa1-7671149ebf45" testName="CreateHttpUri_NoSchemeWithPort_UsePort444_BecomesHttpsPort444" computerName="DKSR-EFI-06" duration="00:00:00.0001857" startTime="2024-01-09T15:42:29.2008391+01:00" endTime="2024-01-09T15:42:29.2008391+01:00" testType="13cdc9d9-ddb5-4fa4-a97d-d965ccfc6d4b" outcome="Passed" testListId="8c84fa94-04c1-424b-9868-57a2d4851a1d" relativeResultsDirectory="7a37e277-8cc7-4082-90f3-7b3bbedd3ba7" />
  </Results>
  <TestDefinitions>
    <UnitTest name="ResponseModel_NoValuesSet_ValidationFailure" storage="d:\actions-runner\_work\xpco\xpco\corporate\shared\common.integration\tst\videoos.common.integration.unittests\bin\x64\debug\net472\videoos.common.integration.unittests.dll" id="6fcbe503-297d-7842-0021-2fffe82802e1">
      <Execution id="30e583d1-5bb6-4efc-9d73-8c30ecbf82d2" />
      <TestMethod codeBase="D:\actions-runner\_work\XPCO\XPCO\Corporate\Shared\Common.Integration\tst\VideoOS.Common.Integration.UnitTests\bin\x64\Debug\net472\VideoOS.Common.Integration.UnitTests.dll" adapterTypeName="executor://mstestadapter/v2" className="VideoOS.Common.Integration.UnitTests.WebAPI.Model.Recorder.Responses.ResponseModelTest" name="ResponseModel_NoValuesSet_ValidationFailure" />
    </UnitTest>
    <UnitTest name="HardwareSetupInformationResponseModel_NoValuesSet_ValidationFailure" storage="d:\actions-runner\_work\xpco\xpco\corporate\shared\common.integration\tst\videoos.common.integration.unittests\bin\x64\debug\net472\videoos.common.integration.unittests.dll" id="b6041d9b-dbf7-2fcb-855d-8b55569c6c1a">
      <Execution id="d88db3bb-0ee0-43b8-83a8-56f6a1b1bd94" />
      <TestMethod codeBase="D:\actions-runner\_work\XPCO\XPCO\Corporate\Shared\Common.Integration\tst\VideoOS.Common.Integration.UnitTests\bin\x64\Debug\net472\VideoOS.Common.Integration.UnitTests.dll" adapterTypeName="executor://mstestadapter/v2" className="VideoOS.Common.Integration.UnitTests.WebApi.Model.HardwareSetupInformationResponseModelTest" name="HardwareSetupInformationResponseModel_NoValuesSet_ValidationFailure" />
    </UnitTest>
    <UnitTest name="RefCountedObjectWrapper_ExecuteCallWithRefCount_Sucess" storage="d:\actions-runner\_work\xpco\xpco\corporate\shared\common.integration\tst\videoos.common.integration.unittests\bin\x64\debug\net472\videoos.common.integration.unittests.dll" id="4a516266-1feb-565c-4498-c6e58fb7b436">
      <Execution id="1f7aa9ee-6015-4f63-b0bc-5e39d8a70edf" />
      <TestMethod codeBase="D:\actions-runner\_work\XPCO\XPCO\Corporate\Shared\Common.Integration\tst\VideoOS.Common.Integration.UnitTests\bin\x64\Debug\net472\VideoOS.Common.Integration.UnitTests.dll" adapterTypeName="executor://mstestadapter/v2" className="VideoOS.Common.Integration.UnitTests.Threading.RefCountedObjectWrapperTests" name="RefCountedObjectWrapper_ExecuteCallWithRefCount_Sucess" />
    </UnitTest>
    <UnitTest name="HardwareInfo_EnabledDevices_ReturnsCorrectListOfEnabledDevices" storage="d:\actions-runner\_work\xpco\xpco\corporate\shared\common.integration\tst\videoos.common.integration.unittests\bin\x64\debug\net472\videoos.common.integration.unittests.dll" id="43a4fa80-dd9b-1bf4-98bf-78fbe73d93da">
      <Execution id="246e6a03-5902-4810-a98d-12e2a975c029" />
      <TestMethod codeBase="D:\actions-runner\_work\XPCO\XPCO\Corporate\Shared\Common.Integration\tst\VideoOS.Common.Integration.UnitTests\bin\x64\Debug\net472\VideoOS.Common.Integration.UnitTests.dll" adapterTypeName="executor://mstestadapter/v2" className="VideoOS.Common.Integration.UnitTests.License.HardwareInfoTests" name="HardwareInfo_EnabledDevices_ReturnsCorrectListOfEnabledDevices" />
    </UnitTest>
    <UnitTest name="HardwareUnsupportedResponseModel_Validate_Success" storage="d:\actions-runner\_work\xpco\xpco\corporate\shared\common.integration\tst\videoos.common.integration.unittests\bin\x64\debug\net472\videoos.common.integration.unittests.dll" id="a620a607-d5ca-1edf-8228-e0c7069ead3e">
      <Execution id="5678169e-183b-4a1d-bbaa-d67dc97fd728" />
      <TestMethod codeBase="D:\actions-runner\_work\XPCO\XPCO\Corporate\Shared\Common.Integration\tst\VideoOS.Common.Integration.UnitTests\bin\x64\Debug\net472\VideoOS.Common.Integration.UnitTests.dll" adapterTypeName="executor://mstestadapter/v2" className="VideoOS.Common.Integration.UnitTests.WebApi.Model.HardwareUnsupportedResponseModelTest" name="HardwareUnsupportedResponseModel_Validate_Success" />
    </UnitTest>
    <UnitTest name="ResponseModel_Validate_Success" storage="d:\actions-runner\_work\xpco\xpco\corporate\shared\common.integration\tst\videoos.common.integration.unittests\bin\x64\debug\net472\videoos.common.integration.unittests.dll" id="e5d573ef-e69c-862b-8cbc-95ce7e56f71c">
      <Execution id="c8eb7fc2-269d-4a17-a3ff-c396677a711d" />
      <TestMethod codeBase="D:\actions-runner\_work\XPCO\XPCO\Corporate\Shared\Common.Integration\tst\VideoOS.Common.Integration.UnitTests\bin\x64\Debug\net472\VideoOS.Common.Integration.UnitTests.dll" adapterTypeName="executor://mstestadapter/v2" className="VideoOS.Common.Integration.UnitTests.WebAPI.Model.Server.Responses.ResponseModelTest" name="ResponseModel_Validate_Success" />
    </UnitTest>
    <UnitTest name="CreateInstance_InvalidMaxChannelCount_Throws_ArgumentNullException" storage="d:\actions-runner\_work\xpco\xpco\corporate\shared\common.integration\tst\videoos.common.integration.unittests\bin\x64\debug\net472\videoos.common.integration.unittests.dll" id="d6345a70-d736-2ba4-d438-a4a0b262266f">
      <Execution id="1f68398a-0cbb-48fd-9506-2e8199966c32" />
      <TestMethod codeBase="D:\actions-runner\_work\XPCO\XPCO\Corporate\Shared\Common.Integration\tst\VideoOS.Common.Integration.UnitTests\bin\x64\Debug\net472\VideoOS.Common.Integration.UnitTests.dll" adapterTypeName="executor://mstestadapter/v2" className="VideoOS.Common.Integration.UnitTests.License.WhitelistMatchHelperTests" name="CreateInstance_InvalidMaxChannelCount_Throws_ArgumentNullException" />
    </UnitTest>
    <UnitTest name="FeatureManager_GetFeatureParameterValue_Parameter_Not_Found" storage="d:\actions-runner\_work\xpco\xpco\corporate\shared\common.integration\tst\videoos.common.integration.unittests\bin\x64\debug\net472\videoos.common.integration.unittests.dll" id="e29e3422-c5e6-c0ab-1e89-78d29e50ef02">
      <Execution id="3fe28b9d-fb76-4a94-afa1-563830a2cb3c" />
      <TestMethod codeBase="D:\actions-runner\_work\XPCO\XPCO\Corporate\Shared\Common.Integration\tst\VideoOS.Common.Integration.UnitTests\bin\x64\Debug\net472\VideoOS.Common.Integration.UnitTests.dll" adapterTypeName="executor://mstestadapter/v2" className="VideoOS.Common.Integration.UnitTests.License.FeatureManagerTest" name="FeatureManager_GetFeatureParameterValue_Parameter_Not_Found" />
    </UnitTest>
    <UnitTest name="AssemblyInfoVersionTest" storage="d:\actions-runner\_work\xpco\xpco\corporate\shared\common.integration\tst\videoos.common.integration.unittests\bin\x64\debug\net472\videoos.common.integration.unittests.dll" id="2331fc6c-4bea-8cac-e7a0-f9f9299e3180">
      <Execution id="69a8356b-c198-4097-a1b3-4cbc58adf1db" />
      <TestMethod codeBase="D:\actions-runner\_work\XPCO\XPCO\Corporate\Shared\Common.Integration\tst\VideoOS.Common.Integration.UnitTests\bin\x64\Debug\net472\VideoOS.Common.Integration.UnitTests.dll" adapterTypeName="executor://mstestadapter/v2" className="VideoOS.Common.Integration.UnitTests.Oem.AProductVersionUnitTest" name="AssemblyInfoVersionTest" />
    </UnitTest>
    <UnitTest name="CertificateSelection2_FromCertificateHashString_GoodHash" storage="d:\actions-runner\_work\xpco\xpco\corporate\shared\common.integration\tst\videoos.common.integration.unittests\bin\x64\debug\net472\videoos.common.integration.unittests.dll" id="7a29bd7f-28eb-ba66-f939-4e9595bb111b">
      <Execution id="97cb2e98-4c99-42c3-9642-7b4b18609556" />
      <TestMethod codeBase="D:\actions-runner\_work\XPCO\XPCO\Corporate\Shared\Common.Integration\tst\VideoOS.Common.Integration.UnitTests\bin\x64\Debug\net472\VideoOS.Common.Integration.UnitTests.dll" adapterTypeName="executor://mstestadapter/v2" className="VideoOS.Common.Integration.UnitTests.CertificateHandling.CertificateSelection2Tests" name="CertificateSelection2_FromCertificateHashString_GoodHash" />
    </UnitTest>
    <UnitTest name="WebApiException_RouteSet_RouteInException" storage="d:\actions-runner\_work\xpco\xpco\corporate\shared\common.integration\tst\videoos.common.integration.unittests\bin\x64\debug\net472\videoos.common.integration.unittests.dll" id="56a065fc-61ac-8dcf-0f48-81d25ba788ec">
      <Execution id="4b469767-92bf-4ae3-a38e-63d04458c63f" />
      <TestMethod codeBase="D:\actions-runner\_work\XPCO\XPCO\Corporate\Shared\Common.Integration\tst\VideoOS.Common.Integration.UnitTests\bin\x64\Debug\net472\VideoOS.Common.Integration.UnitTests.dll" adapterTypeName="executor://mstestadapter/v2" className="VideoOS.Common.Integration.UnitTests.WebAPI.Exceptions.WebApiExceptionTests" name="WebApiException_RouteSet_RouteInException" />
    </UnitTest>
    <UnitTest name="DatabaseXmlConverter_XmlIdsToGuids_One" storage="d:\actions-runner\_work\xpco\xpco\corporate\shared\common.integration\tst\videoos.common.integration.unittests\bin\x64\debug\net472\videoos.common.integration.unittests.dll" id="f679d789-790d-8c95-7867-cc39f97820ab">
      <Execution id="39c26797-39c1-41de-a686-b440e6a80b27" />
      <TestMethod codeBase="D:\actions-runner\_work\XPCO\XPCO\Corporate\Shared\Common.Integration\tst\VideoOS.Common.Integration.UnitTests\bin\x64\Debug\net472\VideoOS.Common.Integration.UnitTests.dll" adapterTypeName="executor://mstestadapter/v2" className="VideoOS.Common.Integration.UnitTests.DatabaseXmlConverterTest" name="DatabaseXmlConverter_XmlIdsToGuids_One" />
    </UnitTest>
    <UnitTest name="Device_Construct_NullDeviceInfo_Empty_Throws_ArgumentNullException" storage="d:\actions-runner\_work\xpco\xpco\corporate\shared\common.integration\tst\videoos.common.integration.unittests\bin\x64\debug\net472\videoos.common.integration.unittests.dll" id="e9ae2e0f-6b3f-5be8-70ce-4694a8f58dae">
      <Execution id="5334f389-2644-44f4-95db-5694ea44a8a0" />
      <TestMethod codeBase="D:\actions-runner\_work\XPCO\XPCO\Corporate\Shared\Common.Integration\tst\VideoOS.Common.Integration.UnitTests\bin\x64\Debug\net472\VideoOS.Common.Integration.UnitTests.dll" adapterTypeName="executor://mstestadapter/v2" className="VideoOS.Common.Integration.UnitTests.License.LicenseInfoTests" name="Device_Construct_NullDeviceInfo_Empty_Throws_ArgumentNullException" />
    </UnitTest>
    <UnitTest name="StreamsConfiguration_Clear_Success" storage="d:\actions-runner\_work\xpco\xpco\corporate\shared\common.integration\tst\videoos.common.integration.unittests\bin\x64\debug\net472\videoos.common.integration.unittests.dll" id="4fc5b303-bc77-1c0a-0834-58d34630be49">
      <Execution id="d86f4e08-55f3-472d-9b2b-0d103f8f059a" />
      <TestMethod codeBase="D:\actions-runner\_work\XPCO\XPCO\Corporate\Shared\Common.Integration\tst\VideoOS.Common.Integration.UnitTests\bin\x64\Debug\net472\VideoOS.Common.Integration.UnitTests.dll" adapterTypeName="executor://mstestadapter/v2" className="VideoOS.Common.Integration.UnitTests.StreamsConfigurationUnitTests" name="StreamsConfiguration_Clear_Success" />
    </UnitTest>
    <UnitTest name="Contructor_CreatesEmptyIndexesArray_OnNoParameters" storage="d:\actions-runner\_work\xpco\xpco\corporate\shared\common.integration\tst\videoos.common.integration.unittests\bin\x64\debug\net472\videoos.common.integration.unittests.dll" id="444895a9-3e9c-93be-e8cf-ee7505352654">
      <TestCategory>
        <TestCategoryItem TestCategory="Licensing" />
      </TestCategory>
      <Execution id="39d6f65f-687c-4f33-8c9b-bdab15ead63f" />
      <TestMethod codeBase="D:\actions-runner\_work\XPCO\XPCO\Corporate\Shared\Common.Integration\tst\VideoOS.Common.Integration.UnitTests\bin\x64\Debug\net472\VideoOS.Common.Integration.UnitTests.dll" adapterTypeName="executor://mstestadapter/v2" className="VideoOS.Common.Integration.UnitTests.License.AggregateFeedDictionaryTests" name="Contructor_CreatesEmptyIndexesArray_OnNoParameters" />
    </UnitTest>
    <UnitTest name="ChangeSchemeReturnsCorrectUri" storage="d:\actions-runner\_work\xpco\xpco\corporate\shared\common.integration\tst\videoos.common.integration.unittests\bin\x64\debug\net472\videoos.common.integration.unittests.dll" id="85d070a8-e801-beef-49d4-bf90eff55dd0">
      <Execution id="ed71a679-408e-425d-bae4-3090071bed6a" />
      <TestMethod codeBase="D:\actions-runner\_work\XPCO\XPCO\Corporate\Shared\Common.Integration\tst\VideoOS.Common.Integration.UnitTests\bin\x64\Debug\net472\VideoOS.Common.Integration.UnitTests.dll" adapterTypeName="executor://mstestadapter/v2" className="VideoOS.Common.Integration.UnitTests.Extensions.UriExtensionsMethodsTests" name="ChangeSchemeReturnsCorrectUri" />
    </UnitTest>
    <UnitTest name="EncryptingMediaDbCertificateSystemSetting" storage="d:\actions-runner\_work\xpco\xpco\corporate\shared\common.integration\tst\videoos.common.integration.unittests\bin\x64\debug\net472\videoos.common.integration.unittests.dll" id="dc81dca2-8610-ae97-ae07-1f3aa2dad64d">
      <Execution id="54ac9527-89cc-40cb-81f0-9593317b31fb" />
      <TestMethod codeBase="D:\actions-runner\_work\XPCO\XPCO\Corporate\Shared\Common.Integration\tst\VideoOS.Common.Integration.UnitTests\bin\x64\Debug\net472\VideoOS.Common.Integration.UnitTests.dll" adapterTypeName="executor://mstestadapter/v2" className="VideoOS.Common.Integration.UnitTests.Configuration.XmlEncryptionHelperTests" name="EncryptingMediaDbCertificateSystemSetting" />
    </UnitTest>
    <UnitTest name="PatchAsync_ObjIsNull_ArgumentNullExceptionThrown" storage="d:\actions-runner\_work\xpco\xpco\corporate\shared\common.integration\tst\videoos.common.integration.unittests\bin\x64\debug\net472\videoos.common.integration.unittests.dll" id="7518b4ee-6d5b-6aaa-1fb8-e8caca1e0c08">
      <Execution id="2d9271d4-4f38-454c-9b1d-afc48cd56c73" />
      <TestMethod codeBase="D:\actions-runner\_work\XPCO\XPCO\Corporate\Shared\Common.Integration\tst\VideoOS.Common.Integration.UnitTests\bin\x64\Debug\net472\VideoOS.Common.Integration.UnitTests.dll" adapterTypeName="executor://mstestadapter/v2" className="VideoOS.Common.Integration.WebApi.HttpClientCommunicatorUnitTests" name="PatchAsync_ObjIsNull_ArgumentNullExceptionThrown" />
    </UnitTest>
    <UnitTest name="ModelValidation_RequiredPropertiesAreNull_Failed" storage="d:\actions-runner\_work\xpco\xpco\corporate\shared\common.integration\tst\videoos.common.integration.unittests\bin\x64\debug\net472\videoos.common.integration.unittests.dll" id="c6911cba-a932-87f1-7d74-4c7bfa92d803">
      <Execution id="ac8f0b86-999e-4ac3-937f-aff222387d03" />
      <TestMethod codeBase="D:\actions-runner\_work\XPCO\XPCO\Corporate\Shared\Common.Integration\tst\VideoOS.Common.Integration.UnitTests\bin\x64\Debug\net472\VideoOS.Common.Integration.UnitTests.dll" adapterTypeName="executor://mstestadapter/v2" className="VideoOS.Common.Integration.UnitTests.WebAPI.Model.ReportManualRecordingStateModelTest" name="ModelValidation_RequiredPropertiesAreNull_Failed" />
    </UnitTest>
    <UnitTest name="EncryptConfigurationDataSet_EncryptLicenseRsaKeySystemSetting_SettingIsEncrypted" storage="d:\actions-runner\_work\xpco\xpco\corporate\shared\common.integration\tst\videoos.common.integration.unittests\bin\x64\debug\net472\videoos.common.integration.unittests.dll" id="4310c827-8132-10c8-838c-8aea506460dc">
      <Execution id="6fdffe23-9fa7-4416-b749-efa54685edd7" />
      <TestMethod codeBase="D:\actions-runner\_work\XPCO\XPCO\Corporate\Shared\Common.Integration\tst\VideoOS.Common.Integration.UnitTests\bin\x64\Debug\net472\VideoOS.Common.Integration.UnitTests.dll" adapterTypeName="executor://mstestadapter/v2" className="VideoOS.Common.Integration.UnitTests.Configuration.XmlEncryptionHelperTests" name="EncryptConfigurationDataSet_EncryptLicenseRsaKeySystemSetting_SettingIsEncrypted" />
    </UnitTest>
    <UnitTest name="ToModelRule_ValidEntry_SuccessConvertion" storage="d:\actions-runner\_work\xpco\xpco\corporate\shared\common.integration\tst\videoos.common.integration.unittests\bin\x64\debug\net472\videoos.common.integration.unittests.dll" id="9bdf6be6-679b-a437-2d7b-01ddb8e09c21">
      <Execution id="45f52bb4-96f4-46f8-987b-a18b05d6eb97" />
      <TestMethod codeBase="D:\actions-runner\_work\XPCO\XPCO\Corporate\Shared\Common.Integration\tst\VideoOS.Common.Integration.UnitTests\bin\x64\Debug\net472\VideoOS.Common.Integration.UnitTests.dll" adapterTypeName="executor://mstestadapter/v2" className="VideoOS.Common.Integration.UnitTests.WebAPI.Model.Server.LogEntryModelConverterTest" name="ToModelRule_ValidEntry_SuccessConvertion" />
    </UnitTest>
    <UnitTest name="HttpClientCommunicatorWrapper_SendTObj_Success" storage="d:\actions-runner\_work\xpco\xpco\corporate\shared\common.integration\tst\videoos.common.integration.unittests\bin\x64\debug\net472\videoos.common.integration.unittests.dll" id="f0181734-4a5c-6b55-53c4-50277496276a">
      <Execution id="0addf5eb-7f26-4373-84fa-018a49c2b11d" />
      <TestMethod codeBase="D:\actions-runner\_work\XPCO\XPCO\Corporate\Shared\Common.Integration\tst\VideoOS.Common.Integration.UnitTests\bin\x64\Debug\net472\VideoOS.Common.Integration.UnitTests.dll" adapterTypeName="executor://mstestadapter/v2" className="VideoOS.Common.Integration.UnitTests.WebAPI.HttpClientCommunicatorWrapperTests" name="HttpClientCommunicatorWrapper_SendTObj_Success" />
    </UnitTest>
    <UnitTest name="LicenseGetVendorTest_GetRightVendor" storage="d:\actions-runner\_work\xpco\xpco\corporate\shared\common.integration\tst\videoos.common.integration.unittests\bin\x64\debug\net472\videoos.common.integration.unittests.dll" id="cfe58986-275c-53fe-71ef-85a1c282d95e">
      <TestCategory>
        <TestCategoryItem TestCategory="SLCTest" />
      </TestCategory>
      <Execution id="c7caddae-cd5a-4ff9-9ebd-52b8448c0ae5" />
      <TestMethod codeBase="D:\actions-runner\_work\XPCO\XPCO\Corporate\Shared\Common.Integration\tst\VideoOS.Common.Integration.UnitTests\bin\x64\Debug\net472\VideoOS.Common.Integration.UnitTests.dll" adapterTypeName="executor://mstestadapter/v2" className="VideoOS.Common.Integration.UnitTests.License.SLCTest" name="LicenseGetVendorTest_GetRightVendor" />
    </UnitTest>
    <UnitTest name="Construct_RequestContainer_InvalidLicenseIntegrationDataEmptyString_Success" storage="d:\actions-runner\_work\xpco\xpco\corporate\shared\common.integration\tst\videoos.common.integration.unittests\bin\x64\debug\net472\videoos.common.integration.unittests.dll" id="1450abbf-3f6f-84ee-5bf5-58b6a156daad">
      <Execution id="93d671be-3234-43da-b4cc-3ad6d436cc09" />
      <TestMethod codeBase="D:\actions-runner\_work\XPCO\XPCO\Corporate\Shared\Common.Integration\tst\VideoOS.Common.Integration.UnitTests\bin\x64\Debug\net472\VideoOS.Common.Integration.UnitTests.dll" adapterTypeName="executor://mstestadapter/v2" className="VideoOS.Common.Integration.UnitTests.License.LicenseContainerTests" name="Construct_RequestContainer_InvalidLicenseIntegrationDataEmptyString_Success" />
    </UnitTest>
    <UnitTest name="CustomLicenseType_FeatureFlagPresentDriversPresentDisabledHardware" storage="d:\actions-runner\_work\xpco\xpco\corporate\shared\common.integration\tst\videoos.common.integration.unittests\bin\x64\debug\net472\videoos.common.integration.unittests.dll" id="1940be6f-406b-ef77-8b0e-113e4ddcb48a">
      <TestCategory>
        <TestCategoryItem TestCategory="CustomLicenseTypeTest" />
      </TestCategory>
      <Execution id="1a01c09f-be47-4b5b-a1f0-a93516be4bab" />
      <TestMethod codeBase="D:\actions-runner\_work\XPCO\XPCO\Corporate\Shared\Common.Integration\tst\VideoOS.Common.Integration.UnitTests\bin\x64\Debug\net472\VideoOS.Common.Integration.UnitTests.dll" adapterTypeName="executor://mstestadapter/v2" className="VideoOS.Common.Integration.UnitTests.License.CustomLicenseTypeTests" name="CustomLicenseType_FeatureFlagPresentDriversPresentDisabledHardware" />
    </UnitTest>
    <UnitTest name="Construct_LicenseActivationService_NullUri_ThrowsArgumentNullException" storage="d:\actions-runner\_work\xpco\xpco\corporate\shared\common.integration\tst\videoos.common.integration.unittests\bin\x64\debug\net472\videoos.common.integration.unittests.dll" id="495036c3-cfd8-5fa6-0414-8ddfdb6b52f2">
      <Execution id="3728bd89-7420-44cd-a6f5-fcfe6df4c90f" />
      <TestMethod codeBase="D:\actions-runner\_work\XPCO\XPCO\Corporate\Shared\Common.Integration\tst\VideoOS.Common.Integration.UnitTests\bin\x64\Debug\net472\VideoOS.Common.Integration.UnitTests.dll" adapterTypeName="executor://mstestadapter/v2" className="VideoOS.Common.Integration.UnitTests.License.LicenseActivationServiceTests" name="Construct_LicenseActivationService_NullUri_ThrowsArgumentNullException" />
    </UnitTest>
    <UnitTest name="DatabaseXmlConverter_DeviceXmlToStickerSize_None" storage="d:\actions-runner\_work\xpco\xpco\corporate\shared\common.integration\tst\videoos.common.integration.unittests\bin\x64\debug\net472\videoos.common.integration.unittests.dll" id="43bd50aa-ead1-55db-3c99-7296e9a62f72">
      <Execution id="7ce7c501-2e8c-463b-8eb6-13988ab37ded" />
      <TestMethod codeBase="D:\actions-runner\_work\XPCO\XPCO\Corporate\Shared\Common.Integration\tst\VideoOS.Common.Integration.UnitTests\bin\x64\Debug\net472\VideoOS.Common.Integration.UnitTests.dll" adapterTypeName="executor://mstestadapter/v2" className="VideoOS.Common.Integration.UnitTests.DatabaseXmlConverterTest" name="DatabaseXmlConverter_DeviceXmlToStickerSize_None" />
    </UnitTest>
    <UnitTest name="BaseHtmlLicenseReport_CreateImage_WithClassName_NullImageLocation_Success" storage="d:\actions-runner\_work\xpco\xpco\corporate\shared\common.integration\tst\videoos.common.integration.unittests\bin\x64\debug\net472\videoos.common.integration.unittests.dll" id="eb5851c6-ff83-ebd6-23b7-10a851a76b35">
      <Execution id="fc6f5c99-32c6-4fee-addd-2454bad2be19" />
      <TestMethod codeBase="D:\actions-runner\_work\XPCO\XPCO\Corporate\Shared\Common.Integration\tst\VideoOS.Common.Integration.UnitTests\bin\x64\Debug\net472\VideoOS.Common.Integration.UnitTests.dll" adapterTypeName="executor://mstestadapter/v2" className="VideoOS.Common.Integration.UnitTests.License.BaseHtmlLicenseReportTests" name="BaseHtmlLicenseReport_CreateImage_WithClassName_NullImageLocation_Success" />
    </UnitTest>
    <UnitTest name="FeatureManager_GetFeatureParameterValueT_Int_Valid_Value" storage="d:\actions-runner\_work\xpco\xpco\corporate\shared\common.integration\tst\videoos.common.integration.unittests\bin\x64\debug\net472\videoos.common.integration.unittests.dll" id="4515bcb1-d15c-08a9-02fe-c49f7716006e">
      <Execution id="29c1799d-3098-43e6-a16b-24fe464fd4e9" />
      <TestMethod codeBase="D:\actions-runner\_work\XPCO\XPCO\Corporate\Shared\Common.Integration\tst\VideoOS.Common.Integration.UnitTests\bin\x64\Debug\net472\VideoOS.Common.Integration.UnitTests.dll" adapterTypeName="executor://mstestadapter/v2" className="VideoOS.Common.Integration.UnitTests.License.FeatureManagerTest" name="FeatureManager_GetFeatureParameterValueT_Int_Valid_Value" />
    </UnitTest>
    <UnitTest name="ParseAsBytes_InvalidStrings_Throws_ArgumentException" storage="d:\actions-runner\_work\xpco\xpco\corporate\shared\common.integration\tst\videoos.common.integration.unittests\bin\x64\debug\net472\videoos.common.integration.unittests.dll" id="27b086e7-540b-b83b-f35a-982c0ab0cbc8">
      <Execution id="b59b621d-703c-4a51-99af-e5f664bac3d7" />
      <TestMethod codeBase="D:\actions-runner\_work\XPCO\XPCO\Corporate\Shared\Common.Integration\tst\VideoOS.Common.Integration.UnitTests\bin\x64\Debug\net472\VideoOS.Common.Integration.UnitTests.dll" adapterTypeName="executor://mstestadapter/v2" className="VideoOS.Common.Integration.UnitTests.CertificateHandling.StringByteConversionExtensionsUnitTests" name="ParseAsBytes_InvalidStrings_Throws_ArgumentException" />
    </UnitTest>
    <UnitTest name="RemoveHardwareSpecificInfoFromHardwareDefinitionXml1" storage="d:\actions-runner\_work\xpco\xpco\corporate\shared\common.integration\tst\videoos.common.integration.unittests\bin\x64\debug\net472\videoos.common.integration.unittests.dll" id="aa018921-380f-7413-c103-457db55cc6d3">
      <Execution id="6a4c2d1f-64c3-435b-be53-059e29c8cc2a" />
      <TestMethod codeBase="D:\actions-runner\_work\XPCO\XPCO\Corporate\Shared\Common.Integration\tst\VideoOS.Common.Integration.UnitTests\bin\x64\Debug\net472\VideoOS.Common.Integration.UnitTests.dll" adapterTypeName="executor://mstestadapter/v2" className="VideoOS.Common.Integration.UnitTests.DriverDefinition.DefinitionUtilityTests" name="RemoveHardwareSpecificInfoFromHardwareDefinitionXml1" />
    </UnitTest>
    <UnitTest name="ReadChildElementValueAsUInt32_InvalidData" storage="d:\actions-runner\_work\xpco\xpco\corporate\shared\common.integration\tst\videoos.common.integration.unittests\bin\x64\debug\net472\videoos.common.integration.unittests.dll" id="60b355dc-bc58-c15e-650d-b3b1a5fc1cae">
      <Execution id="9d8a2478-1d95-4f57-8910-cdd09f9b85c6" />
      <TestMethod codeBase="D:\actions-runner\_work\XPCO\XPCO\Corporate\Shared\Common.Integration\tst\VideoOS.Common.Integration.UnitTests\bin\x64\Debug\net472\VideoOS.Common.Integration.UnitTests.dll" adapterTypeName="executor://mstestadapter/v2" className="VideoOS.Common.Integration.UnitTests.XmlDocumentExtensionsCoreUnitTests" name="ReadChildElementValueAsUInt32_InvalidData" />
    </UnitTest>
    <UnitTest name="Send_ConnectFailure_EndpointNotFoundCalled" storage="d:\actions-runner\_work\xpco\xpco\corporate\shared\common.integration\tst\videoos.common.integration.unittests\bin\x64\debug\net472\videoos.common.integration.unittests.dll" id="00f0ffec-a595-7222-bdfe-f607c208c489">
      <Execution id="34b20c2d-7f50-402f-a357-68b69d95b66a" />
      <TestMethod codeBase="D:\actions-runner\_work\XPCO\XPCO\Corporate\Shared\Common.Integration\tst\VideoOS.Common.Integration.UnitTests\bin\x64\Debug\net472\VideoOS.Common.Integration.UnitTests.dll" adapterTypeName="executor://mstestadapter/v2" className="VideoOS.Common.Integration.WebApi.HttpClientCommunicatorUnitTests" name="Send_ConnectFailure_EndpointNotFoundCalled" />
    </UnitTest>
    <UnitTest name="WhiteList_IsModelWhiteListed_HWWith16CH_GlobalMaxChannelCountIs16_ReturnsTrue" storage="d:\actions-runner\_work\xpco\xpco\corporate\shared\common.integration\tst\videoos.common.integration.unittests\bin\x64\debug\net472\videoos.common.integration.unittests.dll" id="450be9ae-e2a0-4402-a8f4-7566ef213097">
      <TestCategory>
        <TestCategoryItem TestCategory="Licensing" />
      </TestCategory>
      <Execution id="0c9bd62a-0462-40dd-a3a7-f42df964f116" />
      <TestMethod codeBase="D:\actions-runner\_work\XPCO\XPCO\Corporate\Shared\Common.Integration\tst\VideoOS.Common.Integration.UnitTests\bin\x64\Debug\net472\VideoOS.Common.Integration.UnitTests.dll" adapterTypeName="executor://mstestadapter/v2" className="VideoOS.Common.Integration.UnitTests.License.LicenseWhitelistTests" name="WhiteList_IsModelWhiteListed_HWWith16CH_GlobalMaxChannelCountIs16_ReturnsTrue" />
    </UnitTest>
    <UnitTest name="CalculateLicenseRequirements_Driver_Whitelisted_HardwareWithMultipleCameraDevicesCountsAsSingleLicenses_ReturnsTrue" storage="d:\actions-runner\_work\xpco\xpco\corporate\shared\common.integration\tst\videoos.common.integration.unittests\bin\x64\debug\net472\videoos.common.integration.unittests.dll" id="575260a6-c854-bca0-ee1c-4e415e9c115d">
      <Execution id="f04bf56e-142c-4197-9a36-1c70aa8c640a" />
      <TestMethod codeBase="D:\actions-runner\_work\XPCO\XPCO\Corporate\Shared\Common.Integration\tst\VideoOS.Common.Integration.UnitTests\bin\x64\Debug\net472\VideoOS.Common.Integration.UnitTests.dll" adapterTypeName="executor://mstestadapter/v2" className="VideoOS.Common.Integration.UnitTests.License.LicenseCalculatorTests" name="CalculateLicenseRequirements_Driver_Whitelisted_HardwareWithMultipleCameraDevicesCountsAsSingleLicenses_ReturnsTrue" />
    </UnitTest>
    <UnitTest name="HardwareSetupErrorResponseModel_NoValuesSet_ValidationFailure" storage="d:\actions-runner\_work\xpco\xpco\corporate\shared\common.integration\tst\videoos.common.integration.unittests\bin\x64\debug\net472\videoos.common.integration.unittests.dll" id="7d7b3ed1-b536-e007-4d25-d39cd2343640">
      <Execution id="6717cbeb-7315-457e-bd69-3281aaee48e5" />
      <TestMethod codeBase="D:\actions-runner\_work\XPCO\XPCO\Corporate\Shared\Common.Integration\tst\VideoOS.Common.Integration.UnitTests\bin\x64\Debug\net472\VideoOS.Common.Integration.UnitTests.dll" adapterTypeName="executor://mstestadapter/v2" className="VideoOS.Common.Integration.UnitTests.WebAPI.Model.HardwareSetupErrorResponseModelTest" name="HardwareSetupErrorResponseModel_NoValuesSet_ValidationFailure" />
    </UnitTest>
    <UnitTest name="ServerFileStorageEntry_Persist_FileMoved" storage="d:\actions-runner\_work\xpco\xpco\corporate\shared\common.integration\tst\videoos.common.integration.unittests\bin\x64\debug\net472\videoos.common.integration.unittests.dll" id="02d48d3d-d6c9-1a18-80ad-319bd27a7c51">
      <Execution id="28b2757f-037f-460a-ae40-79c45fe26cc1" />
      <TestMethod codeBase="D:\actions-runner\_work\XPCO\XPCO\Corporate\Shared\Common.Integration\tst\VideoOS.Common.Integration.UnitTests\bin\x64\Debug\net472\VideoOS.Common.Integration.UnitTests.dll" adapterTypeName="executor://mstestadapter/v2" className="VideoOS.Common.Integration.UnitTests.ServerFileStorageTests" name="ServerFileStorageEntry_Persist_FileMoved" />
    </UnitTest>
    <UnitTest name="LicenseCalculationResult_Validate_Null_HardwareName_ConvertsToStringEmpty" storage="d:\actions-runner\_work\xpco\xpco\corporate\shared\common.integration\tst\videoos.common.integration.unittests\bin\x64\debug\net472\videoos.common.integration.unittests.dll" id="9c54aa12-fd89-c33f-e419-3ea044930a92">
      <Execution id="456eb35c-2317-4c4d-9cd7-0683c553e982" />
      <TestMethod codeBase="D:\actions-runner\_work\XPCO\XPCO\Corporate\Shared\Common.Integration\tst\VideoOS.Common.Integration.UnitTests\bin\x64\Debug\net472\VideoOS.Common.Integration.UnitTests.dll" adapterTypeName="executor://mstestadapter/v2" className="VideoOS.Common.Integration.UnitTests.License.LicenseCalculatorTests" name="LicenseCalculationResult_Validate_Null_HardwareName_ConvertsToStringEmpty" />
    </UnitTest>
    <UnitTest name="Encrypt_DataSetHasUnchangedRow_DataSetIsNotChanged" storage="d:\actions-runner\_work\xpco\xpco\corporate\shared\common.integration\tst\videoos.common.integration.unittests\bin\x64\debug\net472\videoos.common.integration.unittests.dll" id="9722fc3f-ffbb-0af0-c32b-f61197bc1583">
      <Execution id="7991310f-99f2-4642-917a-28edb6be9884" />
      <TestMethod codeBase="D:\actions-runner\_work\XPCO\XPCO\Corporate\Shared\Common.Integration\tst\VideoOS.Common.Integration.UnitTests\bin\x64\Debug\net472\VideoOS.Common.Integration.UnitTests.dll" adapterTypeName="executor://mstestadapter/v2" className="VideoOS.Common.Integration.UnitTests.Configuration.RecordingStorageTableAdapterTests" name="Encrypt_DataSetHasUnchangedRow_DataSetIsNotChanged" />
    </UnitTest>
    <UnitTest name="DecryptingAVHSPassSystemSetting" storage="d:\actions-runner\_work\xpco\xpco\corporate\shared\common.integration\tst\videoos.common.integration.unittests\bin\x64\debug\net472\videoos.common.integration.unittests.dll" id="9eb2be37-558c-55ad-a2a9-08a837613762">
      <Execution id="c00364e3-be50-4623-8ff6-2be77ca71c9b" />
      <TestMethod codeBase="D:\actions-runner\_work\XPCO\XPCO\Corporate\Shared\Common.Integration\tst\VideoOS.Common.Integration.UnitTests\bin\x64\Debug\net472\VideoOS.Common.Integration.UnitTests.dll" adapterTypeName="executor://mstestadapter/v2" className="VideoOS.Common.Integration.UnitTests.Configuration.XmlEncryptionHelperTests" name="DecryptingAVHSPassSystemSetting" />
    </UnitTest>
    <UnitTest name="ModelValidation_RequiredPropertiesAreNull_Failed" storage="d:\actions-runner\_work\xpco\xpco\corporate\shared\common.integration\tst\videoos.common.integration.unittests\bin\x64\debug\net472\videoos.common.integration.unittests.dll" id="872126b7-7065-f0ad-f014-e74b736f12f4">
      <Execution id="41d048c4-9ab8-431e-88f8-dcd8e6988d65" />
      <TestMethod codeBase="D:\actions-runner\_work\XPCO\XPCO\Corporate\Shared\Common.Integration\tst\VideoOS.Common.Integration.UnitTests\bin\x64\Debug\net472\VideoOS.Common.Integration.UnitTests.dll" adapterTypeName="executor://mstestadapter/v2" className="VideoOS.Common.Integration.UnitTests.WebAPI.Model.PerformFileSystemOperationModelTest" name="ModelValidation_RequiredPropertiesAreNull_Failed" />
    </UnitTest>
    <UnitTest name="GroupConfigurationAddGroupsFourLevels" storage="d:\actions-runner\_work\xpco\xpco\corporate\shared\common.integration\tst\videoos.common.integration.unittests\bin\x64\debug\net472\videoos.common.integration.unittests.dll" id="d776dd0e-1b9f-23c9-6c36-ef24ebd3877e">
      <TestCategory>
        <TestCategoryItem TestCategory="Rules.GroupConfiguration" />
      </TestCategory>
      <Execution id="d05ec182-fbd0-448e-9860-74c0227da033" />
      <TestMethod codeBase="D:\actions-runner\_work\XPCO\XPCO\Corporate\Shared\Common.Integration\tst\VideoOS.Common.Integration.UnitTests\bin\x64\Debug\net472\VideoOS.Common.Integration.UnitTests.dll" adapterTypeName="executor://mstestadapter/v2" className="VideoOS.Common.Integration.UnitTests.Rules.GroupConfigurationTest" name="GroupConfigurationAddGroupsFourLevels" />
    </UnitTest>
    <UnitTest name="CheckAllMIPFiltersEmptyList2" storage="d:\actions-runner\_work\xpco\xpco\corporate\shared\common.integration\tst\videoos.common.integration.unittests\bin\x64\debug\net472\videoos.common.integration.unittests.dll" id="0de96528-243c-6f64-ebc4-cbed28be2ce4">
      <TestCategory>
        <TestCategoryItem TestCategory="Rules.MIPFilter" />
      </TestCategory>
      <Execution id="d040de03-8bb4-47ac-8d62-d8e83b8f2de8" />
      <TestMethod codeBase="D:\actions-runner\_work\XPCO\XPCO\Corporate\Shared\Common.Integration\tst\VideoOS.Common.Integration.UnitTests\bin\x64\Debug\net472\VideoOS.Common.Integration.UnitTests.dll" adapterTypeName="executor://mstestadapter/v2" className="VideoOS.Common.Integration.UnitTests.Rules.MIPFilterTest" name="CheckAllMIPFiltersEmptyList2" />
    </UnitTest>
    <UnitTest name="GroupConfigurationHelperAllKinds" storage="d:\actions-runner\_work\xpco\xpco\corporate\shared\common.integration\tst\videoos.common.integration.unittests\bin\x64\debug\net472\videoos.common.integration.unittests.dll" id="4a973728-cdf0-1276-f8b9-506e643591d0">
      <TestCategory>
        <TestCategoryItem TestCategory="Rules.GroupConfiguration" />
      </TestCategory>
      <Execution id="d351651d-2e47-4385-a238-273db82ef0ed" />
      <TestMethod codeBase="D:\actions-runner\_work\XPCO\XPCO\Corporate\Shared\Common.Integration\tst\VideoOS.Common.Integration.UnitTests\bin\x64\Debug\net472\VideoOS.Common.Integration.UnitTests.dll" adapterTypeName="executor://mstestadapter/v2" className="VideoOS.Common.Integration.UnitTests.Rules.GroupConfigurationHelperTest" name="GroupConfigurationHelperAllKinds" />
    </UnitTest>
    <UnitTest name="SendAsync_AuthenticationExceptionTwice_ThrowUnauthorizationException" storage="d:\actions-runner\_work\xpco\xpco\corporate\shared\common.integration\tst\videoos.common.integration.unittests\bin\x64\debug\net472\videoos.common.integration.unittests.dll" id="c71e2d38-cb5b-8ca7-55c4-ceedb25164fb">
      <Execution id="05374d15-87c3-4b31-9081-1dd38c008b06" />
      <TestMethod codeBase="D:\actions-runner\_work\XPCO\XPCO\Corporate\Shared\Common.Integration\tst\VideoOS.Common.Integration.UnitTests\bin\x64\Debug\net472\VideoOS.Common.Integration.UnitTests.dll" adapterTypeName="executor://mstestadapter/v2" className="VideoOS.Common.Integration.WebApi.HttpClientCommunicatorUnitTests" name="SendAsync_AuthenticationExceptionTwice_ThrowUnauthorizationException" />
    </UnitTest>
    <UnitTest name="PtzPreset_EqualsTo_Change_Description" storage="d:\actions-runner\_work\xpco\xpco\corporate\shared\common.integration\tst\videoos.common.integration.unittests\bin\x64\debug\net472\videoos.common.integration.unittests.dll" id="7b02c11d-a43e-8020-27a3-62cd637782c5">
      <Execution id="5d42bb42-4866-4e44-a239-b5ba26b2dad7" />
      <TestMethod codeBase="D:\actions-runner\_work\XPCO\XPCO\Corporate\Shared\Common.Integration\tst\VideoOS.Common.Integration.UnitTests\bin\x64\Debug\net472\VideoOS.Common.Integration.UnitTests.dll" adapterTypeName="executor://mstestadapter/v2" className="VideoOS.Common.Integration.UnitTests.PtzPresetUnitTests" name="PtzPreset_EqualsTo_Change_Description" />
    </UnitTest>
    <UnitTest name="RecorderInfo_Construct_ValidDevicePackInfo_ConvertsToEmptyString" storage="d:\actions-runner\_work\xpco\xpco\corporate\shared\common.integration\tst\videoos.common.integration.unittests\bin\x64\debug\net472\videoos.common.integration.unittests.dll" id="abf27167-38f9-fa2d-5f0d-d154f5c58e22">
      <Execution id="700e7106-b123-42e3-9a67-6823352a169e" />
      <TestMethod codeBase="D:\actions-runner\_work\XPCO\XPCO\Corporate\Shared\Common.Integration\tst\VideoOS.Common.Integration.UnitTests\bin\x64\Debug\net472\VideoOS.Common.Integration.UnitTests.dll" adapterTypeName="executor://mstestadapter/v2" className="VideoOS.Common.Integration.UnitTests.License.RecorderInfoTests" name="RecorderInfo_Construct_ValidDevicePackInfo_ConvertsToEmptyString" />
    </UnitTest>
    <UnitTest name="ServerFileStorage_GetStorage_Success" storage="d:\actions-runner\_work\xpco\xpco\corporate\shared\common.integration\tst\videoos.common.integration.unittests\bin\x64\debug\net472\videoos.common.integration.unittests.dll" id="015dd19c-21b5-8eca-7e11-71cb1016796e">
      <Execution id="68616945-e9fc-4087-bdcc-68254b138400" />
      <TestMethod codeBase="D:\actions-runner\_work\XPCO\XPCO\Corporate\Shared\Common.Integration\tst\VideoOS.Common.Integration.UnitTests\bin\x64\Debug\net472\VideoOS.Common.Integration.UnitTests.dll" adapterTypeName="executor://mstestadapter/v2" className="VideoOS.Common.Integration.UnitTests.ServerFileStorageTests" name="ServerFileStorage_GetStorage_Success" />
    </UnitTest>
    <UnitTest name="LicenseActivationService_AcquireLicense_InternalServerError" storage="d:\actions-runner\_work\xpco\xpco\corporate\shared\common.integration\tst\videoos.common.integration.unittests\bin\x64\debug\net472\videoos.common.integration.unittests.dll" id="119397cd-d70f-a4d1-b4e5-13839acd1c1a">
      <Execution id="b06f0df5-1632-4339-a8b1-834078eb62a1" />
      <TestMethod codeBase="D:\actions-runner\_work\XPCO\XPCO\Corporate\Shared\Common.Integration\tst\VideoOS.Common.Integration.UnitTests\bin\x64\Debug\net472\VideoOS.Common.Integration.UnitTests.dll" adapterTypeName="executor://mstestadapter/v2" className="VideoOS.Common.Integration.UnitTests.License.LicenseActivationServiceTests" name="LicenseActivationService_AcquireLicense_InternalServerError" />
    </UnitTest>
    <UnitTest name="FeatureManager_GetFeatureParameterValueT_License_Argument_Null" storage="d:\actions-runner\_work\xpco\xpco\corporate\shared\common.integration\tst\videoos.common.integration.unittests\bin\x64\debug\net472\videoos.common.integration.unittests.dll" id="bad4de13-cddb-be38-13c5-dde249a03b22">
      <Execution id="8d584ef0-2eab-4ecb-b155-3a482983400e" />
      <TestMethod codeBase="D:\actions-runner\_work\XPCO\XPCO\Corporate\Shared\Common.Integration\tst\VideoOS.Common.Integration.UnitTests\bin\x64\Debug\net472\VideoOS.Common.Integration.UnitTests.dll" adapterTypeName="executor://mstestadapter/v2" className="VideoOS.Common.Integration.UnitTests.License.FeatureManagerTest" name="FeatureManager_GetFeatureParameterValueT_License_Argument_Null" />
    </UnitTest>
    <UnitTest name="ReadChildElementValueAsUInt16_RangeCheck_Min_Exact" storage="d:\actions-runner\_work\xpco\xpco\corporate\shared\common.integration\tst\videoos.common.integration.unittests\bin\x64\debug\net472\videoos.common.integration.unittests.dll" id="7902852e-7786-5519-d653-f451c8845231">
      <Execution id="61909405-4c71-4ad5-8df2-103305315660" />
      <TestMethod codeBase="D:\actions-runner\_work\XPCO\XPCO\Corporate\Shared\Common.Integration\tst\VideoOS.Common.Integration.UnitTests\bin\x64\Debug\net472\VideoOS.Common.Integration.UnitTests.dll" adapterTypeName="executor://mstestadapter/v2" className="VideoOS.Common.Integration.UnitTests.XmlDocumentExtensionsCoreUnitTests" name="ReadChildElementValueAsUInt16_RangeCheck_Min_Exact" />
    </UnitTest>
    <UnitTest name="ServerFileStorageCleanupService_Constructor_NullCheck" storage="d:\actions-runner\_work\xpco\xpco\corporate\shared\common.integration\tst\videoos.common.integration.unittests\bin\x64\debug\net472\videoos.common.integration.unittests.dll" id="965058a9-623e-3f67-ec48-3e2a86175441">
      <Execution id="f7656840-c469-4256-ab37-e55ac64e2a70" />
      <TestMethod codeBase="D:\actions-runner\_work\XPCO\XPCO\Corporate\Shared\Common.Integration\tst\VideoOS.Common.Integration.UnitTests\bin\x64\Debug\net472\VideoOS.Common.Integration.UnitTests.dll" adapterTypeName="executor://mstestadapter/v2" className="VideoOS.Common.Integration.UnitTests.ServerFileStorageCleanupServiceTests" name="ServerFileStorageCleanupService_Constructor_NullCheck" />
    </UnitTest>
    <UnitTest name="Transform_WithEmptyString" storage="d:\actions-runner\_work\xpco\xpco\corporate\shared\common.integration\tst\videoos.common.integration.unittests\bin\x64\debug\net472\videoos.common.integration.unittests.dll" id="02da98c3-6b97-fec6-2511-2d21eb185318">
      <Execution id="d22c1914-dc09-4641-ba79-1ec5508d49d3" />
      <TestMethod codeBase="D:\actions-runner\_work\XPCO\XPCO\Corporate\Shared\Common.Integration\tst\VideoOS.Common.Integration.UnitTests\bin\x64\Debug\net472\VideoOS.Common.Integration.UnitTests.dll" adapterTypeName="executor://mstestadapter/v2" className="VideoOS.Common.Integration.UnitTests.Configuration.SettingsXmlTransformerTests" name="Transform_WithEmptyString" />
    </UnitTest>
    <UnitTest name="Constructor_ThrowsException_OnICPHardwareWithNullMacAddress" storage="d:\actions-runner\_work\xpco\xpco\corporate\shared\common.integration\tst\videoos.common.integration.unittests\bin\x64\debug\net472\videoos.common.integration.unittests.dll" id="812f6ac1-20d4-f321-8177-1ceb709dfc3e">
      <TestCategory>
        <TestCategoryItem TestCategory="Licensing" />
      </TestCategory>
      <Execution id="7fe49a07-84f1-4da6-ba4d-8cafae20dd49" />
      <TestMethod codeBase="D:\actions-runner\_work\XPCO\XPCO\Corporate\Shared\Common.Integration\tst\VideoOS.Common.Integration.UnitTests\bin\x64\Debug\net472\VideoOS.Common.Integration.UnitTests.dll" adapterTypeName="executor://mstestadapter/v2" className="VideoOS.Common.Integration.UnitTests.License.AggregateFeedDictionaryTests" name="Constructor_ThrowsException_OnICPHardwareWithNullMacAddress" />
    </UnitTest>
    <UnitTest name="FeatureManager_FeatureParameterCount_License_Doc_Null" storage="d:\actions-runner\_work\xpco\xpco\corporate\shared\common.integration\tst\videoos.common.integration.unittests\bin\x64\debug\net472\videoos.common.integration.unittests.dll" id="4111eddc-fb22-df8c-e639-2bb95b1b0b8d">
      <Execution id="599b2cd2-40c4-457f-86e3-3b64a93be116" />
      <TestMethod codeBase="D:\actions-runner\_work\XPCO\XPCO\Corporate\Shared\Common.Integration\tst\VideoOS.Common.Integration.UnitTests\bin\x64\Debug\net472\VideoOS.Common.Integration.UnitTests.dll" adapterTypeName="executor://mstestadapter/v2" className="VideoOS.Common.Integration.UnitTests.License.FeatureManagerTest" name="FeatureManager_FeatureParameterCount_License_Doc_Null" />
    </UnitTest>
    <UnitTest name="IPHardwareBlockCollection_Load_Success" storage="d:\actions-runner\_work\xpco\xpco\corporate\shared\common.integration\tst\videoos.common.integration.unittests\bin\x64\debug\net472\videoos.common.integration.unittests.dll" id="f96482fd-4b5b-b380-26cc-fd8ddcb86a8c">
      <Execution id="c9cdd75a-796a-4a08-86f7-dd4b4e710152" />
      <TestMethod codeBase="D:\actions-runner\_work\XPCO\XPCO\Corporate\Shared\Common.Integration\tst\VideoOS.Common.Integration.UnitTests\bin\x64\Debug\net472\VideoOS.Common.Integration.UnitTests.dll" adapterTypeName="executor://mstestadapter/v2" className="VideoOS.Common.Integration.UnitTests.ConfigurationManager.IPHardwareBlockCollectionUnitTests" name="IPHardwareBlockCollection_Load_Success" />
    </UnitTest>
    <UnitTest name="ToLogEntrySystem_ModelWithNullLogeDefinition_SuccessConvertion" storage="d:\actions-runner\_work\xpco\xpco\corporate\shared\common.integration\tst\videoos.common.integration.unittests\bin\x64\debug\net472\videoos.common.integration.unittests.dll" id="ee685dde-5f9a-e6f7-e183-15368c215b42">
      <Execution id="947615dd-2e43-4385-858b-ab34b7641d63" />
      <TestMethod codeBase="D:\actions-runner\_work\XPCO\XPCO\Corporate\Shared\Common.Integration\tst\VideoOS.Common.Integration.UnitTests\bin\x64\Debug\net472\VideoOS.Common.Integration.UnitTests.dll" adapterTypeName="executor://mstestadapter/v2" className="VideoOS.Common.Integration.UnitTests.WebAPI.Model.Server.LogEntryModelConverterTest" name="ToLogEntrySystem_ModelWithNullLogeDefinition_SuccessConvertion" />
    </UnitTest>
    <UnitTest name="ReadAttributeAsInt32_SunnyDay" storage="d:\actions-runner\_work\xpco\xpco\corporate\shared\common.integration\tst\videoos.common.integration.unittests\bin\x64\debug\net472\videoos.common.integration.unittests.dll" id="1577e01b-61ec-7648-0156-43516217bda3">
      <Execution id="d3e384a1-5f79-42d2-965b-a2efc96e665c" />
      <TestMethod codeBase="D:\actions-runner\_work\XPCO\XPCO\Corporate\Shared\Common.Integration\tst\VideoOS.Common.Integration.UnitTests\bin\x64\Debug\net472\VideoOS.Common.Integration.UnitTests.dll" adapterTypeName="executor://mstestadapter/v2" className="VideoOS.Common.Integration.UnitTests.XmlDocumentExtensionsCoreUnitTests" name="ReadAttributeAsInt32_SunnyDay" />
    </UnitTest>
    <UnitTest name="SendAsync_SendFailureException_SendFailureExceptionThrown" storage="d:\actions-runner\_work\xpco\xpco\corporate\shared\common.integration\tst\videoos.common.integration.unittests\bin\x64\debug\net472\videoos.common.integration.unittests.dll" id="f603fb9b-64f5-fdfc-2e4b-31d9c0131a57">
      <Execution id="8d7b6a4e-a21b-4bcc-b4d2-1be6fbaa83f0" />
      <TestMethod codeBase="D:\actions-runner\_work\XPCO\XPCO\Corporate\Shared\Common.Integration\tst\VideoOS.Common.Integration.UnitTests\bin\x64\Debug\net472\VideoOS.Common.Integration.UnitTests.dll" adapterTypeName="executor://mstestadapter/v2" className="VideoOS.Common.Integration.WebApi.HttpClientCommunicatorUnitTests" name="SendAsync_SendFailureException_SendFailureExceptionThrown" />
    </UnitTest>
    <UnitTest name="Patch_ObjIsNull_ArgumentNullExceptionThrown" storage="d:\actions-runner\_work\xpco\xpco\corporate\shared\common.integration\tst\videoos.common.integration.unittests\bin\x64\debug\net472\videoos.common.integration.unittests.dll" id="6747d954-dbe5-5d84-1544-1f75908b0d8c">
      <Execution id="8e72f7d3-ee37-4d09-af82-0a25f5c49aa4" />
      <TestMethod codeBase="D:\actions-runner\_work\XPCO\XPCO\Corporate\Shared\Common.Integration\tst\VideoOS.Common.Integration.UnitTests\bin\x64\Debug\net472\VideoOS.Common.Integration.UnitTests.dll" adapterTypeName="executor://mstestadapter/v2" className="VideoOS.Common.Integration.WebApi.HttpClientCommunicatorUnitTests" name="Patch_ObjIsNull_ArgumentNullExceptionThrown" />
    </UnitTest>
    <UnitTest name="InitializeWithValidILicenseDocument_Success" storage="d:\actions-runner\_work\xpco\xpco\corporate\shared\common.integration\tst\videoos.common.integration.unittests\bin\x64\debug\net472\videoos.common.integration.unittests.dll" id="e1df1135-fb1f-3f72-52ea-c87f692f1872">
      <Execution id="5cb5ac3f-1dd5-454c-b21e-ad9f8f585310" />
      <TestMethod codeBase="D:\actions-runner\_work\XPCO\XPCO\Corporate\Shared\Common.Integration\tst\VideoOS.Common.Integration.UnitTests\bin\x64\Debug\net472\VideoOS.Common.Integration.UnitTests.dll" adapterTypeName="executor://mstestadapter/v2" className="VideoOS.Common.Integration.UnitTests.License.LicenseCalculatorTests" name="InitializeWithValidILicenseDocument_Success" />
    </UnitTest>
    <UnitTest name="StreamsConfiguration_ValidateConfiguration_Two_Streams_Success" storage="d:\actions-runner\_work\xpco\xpco\corporate\shared\common.integration\tst\videoos.common.integration.unittests\bin\x64\debug\net472\videoos.common.integration.unittests.dll" id="d3b1268c-e5c8-9346-28e0-9cc9fcbbeb91">
      <Execution id="d647144b-334a-4708-93d5-1bf081c606c3" />
      <TestMethod codeBase="D:\actions-runner\_work\XPCO\XPCO\Corporate\Shared\Common.Integration\tst\VideoOS.Common.Integration.UnitTests\bin\x64\Debug\net472\VideoOS.Common.Integration.UnitTests.dll" adapterTypeName="executor://mstestadapter/v2" className="VideoOS.Common.Integration.UnitTests.StreamsConfigurationUnitTests" name="StreamsConfiguration_ValidateConfiguration_Two_Streams_Success" />
    </UnitTest>
    <UnitTest name="BaseHtmlLicenseReport_ContainsUtf8Encoding_Success" storage="d:\actions-runner\_work\xpco\xpco\corporate\shared\common.integration\tst\videoos.common.integration.unittests\bin\x64\debug\net472\videoos.common.integration.unittests.dll" id="5fcb103a-b799-017a-e95c-26acb39f38d9">
      <Execution id="a4cbaaf4-25e7-4886-896c-8f167daf1542" />
      <TestMethod codeBase="D:\actions-runner\_work\XPCO\XPCO\Corporate\Shared\Common.Integration\tst\VideoOS.Common.Integration.UnitTests\bin\x64\Debug\net472\VideoOS.Common.Integration.UnitTests.dll" adapterTypeName="executor://mstestadapter/v2" className="VideoOS.Common.Integration.UnitTests.License.BaseHtmlLicenseReportTests" name="BaseHtmlLicenseReport_ContainsUtf8Encoding_Success" />
    </UnitTest>
    <UnitTest name="CreateHttpUri_HttpsDefaultPort_UseDefaultPortFalse_BecomesHttpPort80" storage="d:\actions-runner\_work\xpco\xpco\corporate\shared\common.integration\tst\videoos.common.integration.unittests\bin\x64\debug\net472\videoos.common.integration.unittests.dll" id="57da0f68-7023-b63f-5b58-1dce319ffd16">
      <TestCategory>
        <TestCategoryItem TestCategory="UriHandling" />
      </TestCategory>
      <Execution id="81dbdfc3-5870-471c-9fc2-661d089340c4" />
      <TestMethod codeBase="D:\actions-runner\_work\XPCO\XPCO\Corporate\Shared\Common.Integration\tst\VideoOS.Common.Integration.UnitTests\bin\x64\Debug\net472\VideoOS.Common.Integration.UnitTests.dll" adapterTypeName="executor://mstestadapter/v2" className="VideoOS.Common.Integration.UnitTests.Communication.UriHandlingUnitTests" name="CreateHttpUri_HttpsDefaultPort_UseDefaultPortFalse_BecomesHttpPort80" />
    </UnitTest>
    <UnitTest name="SendAsync_NameResolutionFailure_EndpointNotFoundCalled" storage="d:\actions-runner\_work\xpco\xpco\corporate\shared\common.integration\tst\videoos.common.integration.unittests\bin\x64\debug\net472\videoos.common.integration.unittests.dll" id="b34ca1d3-d3a1-91f6-b153-ff10cd29e527">
      <Execution id="3916c16a-22e7-42d4-adbd-26aa2fa99475" />
      <TestMethod codeBase="D:\actions-runner\_work\XPCO\XPCO\Corporate\Shared\Common.Integration\tst\VideoOS.Common.Integration.UnitTests\bin\x64\Debug\net472\VideoOS.Common.Integration.UnitTests.dll" adapterTypeName="executor://mstestadapter/v2" className="VideoOS.Common.Integration.WebApi.HttpClientCommunicatorUnitTests" name="SendAsync_NameResolutionFailure_EndpointNotFoundCalled" />
    </UnitTest>
    <UnitTest name="RefCountedObjectWrapper_ExecuteCallWithRefCount_And_Dispose_Success" storage="d:\actions-runner\_work\xpco\xpco\corporate\shared\common.integration\tst\videoos.common.integration.unittests\bin\x64\debug\net472\videoos.common.integration.unittests.dll" id="119d30a6-0e89-cfb5-7dfd-1aa7a605ec51">
      <Execution id="4e82be58-7c88-45df-8ae3-959881791e42" />
      <TestMethod codeBase="D:\actions-runner\_work\XPCO\XPCO\Corporate\Shared\Common.Integration\tst\VideoOS.Common.Integration.UnitTests\bin\x64\Debug\net472\VideoOS.Common.Integration.UnitTests.dll" adapterTypeName="executor://mstestadapter/v2" className="VideoOS.Common.Integration.UnitTests.Threading.RefCountedObjectWrapperTests" name="RefCountedObjectWrapper_ExecuteCallWithRefCount_And_Dispose_Success" />
    </UnitTest>
    <UnitTest name="Call_HttpPost_InvalidParam_userAgentEmpty_ThrowsArgumentNullException" storage="d:\actions-runner\_work\xpco\xpco\corporate\shared\common.integration\tst\videoos.common.integration.unittests\bin\x64\debug\net472\videoos.common.integration.unittests.dll" id="6173b0ef-554d-8313-a62e-deeee5a97c2a">
      <Execution id="03482432-7513-4f2e-a4a2-5d2bf7dc9cda" />
      <TestMethod codeBase="D:\actions-runner\_work\XPCO\XPCO\Corporate\Shared\Common.Integration\tst\VideoOS.Common.Integration.UnitTests\bin\x64\Debug\net472\VideoOS.Common.Integration.UnitTests.dll" adapterTypeName="executor://mstestadapter/v2" className="VideoOS.Common.Integration.UnitTests.Communication.HttpPostTests" name="Call_HttpPost_InvalidParam_userAgentEmpty_ThrowsArgumentNullException" />
    </UnitTest>
    <UnitTest name="ThreadPoolMessageProcessor_QueueMessageTest" storage="d:\actions-runner\_work\xpco\xpco\corporate\shared\common.integration\tst\videoos.common.integration.unittests\bin\x64\debug\net472\videoos.common.integration.unittests.dll" id="04fd156f-1311-1a60-97f8-b90dfc097408">
      <Execution id="dc0a7ac0-09f6-40bf-a85e-cbeac034e9ad" />
      <TestMethod codeBase="D:\actions-runner\_work\XPCO\XPCO\Corporate\Shared\Common.Integration\tst\VideoOS.Common.Integration.UnitTests\bin\x64\Debug\net472\VideoOS.Common.Integration.UnitTests.dll" adapterTypeName="executor://mstestadapter/v2" className="VideoOS.Common.Integration.UnitTests.MessageProcessing.ThreadPoolMessageProcessorTest" name="ThreadPoolMessageProcessor_QueueMessageTest" />
    </UnitTest>
    <UnitTest name="CertificateSelection2_EqualsOperators_Success" storage="d:\actions-runner\_work\xpco\xpco\corporate\shared\common.integration\tst\videoos.common.integration.unittests\bin\x64\debug\net472\videoos.common.integration.unittests.dll" id="fcce2538-cc0d-3350-5593-ffa92f192a52">
      <Execution id="66c7c3c4-abe5-4b06-af45-e265b662bf87" />
      <TestMethod codeBase="D:\actions-runner\_work\XPCO\XPCO\Corporate\Shared\Common.Integration\tst\VideoOS.Common.Integration.UnitTests\bin\x64\Debug\net472\VideoOS.Common.Integration.UnitTests.dll" adapterTypeName="executor://mstestadapter/v2" className="VideoOS.Common.Integration.UnitTests.CertificateHandling.CertificateSelection2Tests" name="CertificateSelection2_EqualsOperators_Success" />
    </UnitTest>
    <UnitTest name="WhiteList_CreateInstanceWithEmptyWhitelistParameter_Succeeds" storage="d:\actions-runner\_work\xpco\xpco\corporate\shared\common.integration\tst\videoos.common.integration.unittests\bin\x64\debug\net472\videoos.common.integration.unittests.dll" id="0cf326ec-a942-7e6a-4f8e-59d880d75079">
      <TestCategory>
        <TestCategoryItem TestCategory="Licensing" />
      </TestCategory>
      <Execution id="1a067685-2f1c-4a10-a8e0-69d58b628637" />
      <TestMethod codeBase="D:\actions-runner\_work\XPCO\XPCO\Corporate\Shared\Common.Integration\tst\VideoOS.Common.Integration.UnitTests\bin\x64\Debug\net472\VideoOS.Common.Integration.UnitTests.dll" adapterTypeName="executor://mstestadapter/v2" className="VideoOS.Common.Integration.UnitTests.License.LicenseWhitelistTests" name="WhiteList_CreateInstanceWithEmptyWhitelistParameter_Succeeds" />
    </UnitTest>
    <UnitTest name="Send_CancelToken_ExceptionLoggedAndTimeoutExceptionThrown" storage="d:\actions-runner\_work\xpco\xpco\corporate\shared\common.integration\tst\videoos.common.integration.unittests\bin\x64\debug\net472\videoos.common.integration.unittests.dll" id="523e5d43-c062-2e7b-0404-39bb33ad5c7f">
      <Execution id="8204b11e-b38e-4a1c-8b73-5fef3d04d9c9" />
      <TestMethod codeBase="D:\actions-runner\_work\XPCO\XPCO\Corporate\Shared\Common.Integration\tst\VideoOS.Common.Integration.UnitTests\bin\x64\Debug\net472\VideoOS.Common.Integration.UnitTests.dll" adapterTypeName="executor://mstestadapter/v2" className="VideoOS.Common.Integration.WebApi.HttpClientCommunicatorUnitTests" name="Send_CancelToken_ExceptionLoggedAndTimeoutExceptionThrown" />
    </UnitTest>
    <UnitTest name="WarningResponseModel_NoValuesSet_ValidationFailure" storage="d:\actions-runner\_work\xpco\xpco\corporate\shared\common.integration\tst\videoos.common.integration.unittests\bin\x64\debug\net472\videoos.common.integration.unittests.dll" id="a024f1d8-2e1f-2d37-180c-daa8c0b2c5cc">
      <Execution id="13e44999-b0a3-4d6b-95d9-c24987bad169" />
      <TestMethod codeBase="D:\actions-runner\_work\XPCO\XPCO\Corporate\Shared\Common.Integration\tst\VideoOS.Common.Integration.UnitTests\bin\x64\Debug\net472\VideoOS.Common.Integration.UnitTests.dll" adapterTypeName="executor://mstestadapter/v2" className="VideoOS.Common.Integration.UnitTests.WebApi.Model.WarningResponseModelTest" name="WarningResponseModel_NoValuesSet_ValidationFailure" />
    </UnitTest>
    <UnitTest name="IsValidByteString_Null_Return_False" storage="d:\actions-runner\_work\xpco\xpco\corporate\shared\common.integration\tst\videoos.common.integration.unittests\bin\x64\debug\net472\videoos.common.integration.unittests.dll" id="c098cf84-9443-0f8e-85bc-f2a1606a2c2d">
      <Execution id="9a385bc3-5d87-49c2-ac29-965c59dea851" />
      <TestMethod codeBase="D:\actions-runner\_work\XPCO\XPCO\Corporate\Shared\Common.Integration\tst\VideoOS.Common.Integration.UnitTests\bin\x64\Debug\net472\VideoOS.Common.Integration.UnitTests.dll" adapterTypeName="executor://mstestadapter/v2" className="VideoOS.Common.Integration.UnitTests.CertificateHandling.StringByteConversionExtensionsUnitTests" name="IsValidByteString_Null_Return_False" />
    </UnitTest>
    <UnitTest name="ReadIdentitiesFromCache_NoProvider" storage="d:\actions-runner\_work\xpco\xpco\corporate\shared\common.integration\tst\videoos.common.integration.unittests\bin\x64\debug\net472\videoos.common.integration.unittests.dll" id="50f8375d-cf03-8543-6a5d-6378bb0fe5a8">
      <Execution id="426b2b9d-3546-4402-b6fd-b6f4a8bafad6" />
      <TestMethod codeBase="D:\actions-runner\_work\XPCO\XPCO\Corporate\Shared\Common.Integration\tst\VideoOS.Common.Integration.UnitTests\bin\x64\Debug\net472\VideoOS.Common.Integration.UnitTests.dll" adapterTypeName="executor://mstestadapter/v2" className="VideoOS.Common.Integration.UnitTests.Caching.SecurityIdentityCacheUnitTests" name="ReadIdentitiesFromCache_NoProvider" />
    </UnitTest>
    <UnitTest name="ServerFileStorage_GetStorage_NullID_ArgumentNullException" storage="d:\actions-runner\_work\xpco\xpco\corporate\shared\common.integration\tst\videoos.common.integration.unittests\bin\x64\debug\net472\videoos.common.integration.unittests.dll" id="ee236025-a3ef-2b65-68c8-7e82408d2c64">
      <Execution id="d486feaf-adff-438a-990a-8e87851a25f5" />
      <TestMethod codeBase="D:\actions-runner\_work\XPCO\XPCO\Corporate\Shared\Common.Integration\tst\VideoOS.Common.Integration.UnitTests\bin\x64\Debug\net472\VideoOS.Common.Integration.UnitTests.dll" adapterTypeName="executor://mstestadapter/v2" className="VideoOS.Common.Integration.UnitTests.ServerFileStorageTests" name="ServerFileStorage_GetStorage_NullID_ArgumentNullException" />
    </UnitTest>
    <UnitTest name="FeatureManager_GetFeatureParameterValueT_Null_Value" storage="d:\actions-runner\_work\xpco\xpco\corporate\shared\common.integration\tst\videoos.common.integration.unittests\bin\x64\debug\net472\videoos.common.integration.unittests.dll" id="e1985f8d-0f3a-cdd7-e674-d8456d422db8">
      <Execution id="6fddf4c9-2e6e-4476-9f79-603412df3ee9" />
      <TestMethod codeBase="D:\actions-runner\_work\XPCO\XPCO\Corporate\Shared\Common.Integration\tst\VideoOS.Common.Integration.UnitTests\bin\x64\Debug\net472\VideoOS.Common.Integration.UnitTests.dll" adapterTypeName="executor://mstestadapter/v2" className="VideoOS.Common.Integration.UnitTests.License.FeatureManagerTest" name="FeatureManager_GetFeatureParameterValueT_Null_Value" />
    </UnitTest>
    <UnitTest name="ModelValidation_RequiredPropertiesAreNull_Failed" storage="d:\actions-runner\_work\xpco\xpco\corporate\shared\common.integration\tst\videoos.common.integration.unittests\bin\x64\debug\net472\videoos.common.integration.unittests.dll" id="596a5c3c-35ff-af51-fc81-aafd59c18aba">
      <Execution id="63e72421-7d9a-4f57-9198-5e8698940bc1" />
      <TestMethod codeBase="D:\actions-runner\_work\XPCO\XPCO\Corporate\Shared\Common.Integration\tst\VideoOS.Common.Integration.UnitTests\bin\x64\Debug\net472\VideoOS.Common.Integration.UnitTests.dll" adapterTypeName="executor://mstestadapter/v2" className="VideoOS.Common.Integration.UnitTests.WebAPI.Model.SetMatriViewModelTest" name="ModelValidation_RequiredPropertiesAreNull_Failed" />
    </UnitTest>
    <UnitTest name="ServerFileStorageQuota_Update_Success" storage="d:\actions-runner\_work\xpco\xpco\corporate\shared\common.integration\tst\videoos.common.integration.unittests\bin\x64\debug\net472\videoos.common.integration.unittests.dll" id="f89bf4b2-037c-cd49-9022-7806b88b5e77">
      <Execution id="21d6ef0c-b4a4-4bc8-9c84-d841be7c2bca" />
      <TestMethod codeBase="D:\actions-runner\_work\XPCO\XPCO\Corporate\Shared\Common.Integration\tst\VideoOS.Common.Integration.UnitTests\bin\x64\Debug\net472\VideoOS.Common.Integration.UnitTests.dll" adapterTypeName="executor://mstestadapter/v2" className="VideoOS.Common.Integration.UnitTests.ServerFileStorageQuotaTests" name="ServerFileStorageQuota_Update_Success" />
    </UnitTest>
    <UnitTest name="OnActionExecuting_ModelStateValid_NoReponseSet" storage="d:\actions-runner\_work\xpco\xpco\corporate\shared\common.integration\tst\videoos.common.integration.unittests\bin\x64\debug\net472\videoos.common.integration.unittests.dll" id="b9eb7949-9592-5c0d-f17c-cbec8d004d54">
      <Execution id="ecba3a84-eab2-42e6-ad46-a40a4c23db2b" />
      <TestMethod codeBase="D:\actions-runner\_work\XPCO\XPCO\Corporate\Shared\Common.Integration\tst\VideoOS.Common.Integration.UnitTests\bin\x64\Debug\net472\VideoOS.Common.Integration.UnitTests.dll" adapterTypeName="executor://mstestadapter/v2" className="VideoOS.Common.Integration.WebApi.ValidateModelAttributeUnitTests" name="OnActionExecuting_ModelStateValid_NoReponseSet" />
    </UnitTest>
    <UnitTest name="ToModelSystem_ValidEntry_SuccessConvertion" storage="d:\actions-runner\_work\xpco\xpco\corporate\shared\common.integration\tst\videoos.common.integration.unittests\bin\x64\debug\net472\videoos.common.integration.unittests.dll" id="7241ecbf-979e-5b9f-7aca-ffdd31253757">
      <Execution id="7751cfae-922a-416e-a526-6f95b0507f02" />
      <TestMethod codeBase="D:\actions-runner\_work\XPCO\XPCO\Corporate\Shared\Common.Integration\tst\VideoOS.Common.Integration.UnitTests\bin\x64\Debug\net472\VideoOS.Common.Integration.UnitTests.dll" adapterTypeName="executor://mstestadapter/v2" className="VideoOS.Common.Integration.UnitTests.WebAPI.Model.Server.LogEntryModelConverterTest" name="ToModelSystem_ValidEntry_SuccessConvertion" />
    </UnitTest>
    <UnitTest name="MilestoneOemResourcesTest" storage="d:\actions-runner\_work\xpco\xpco\corporate\shared\common.integration\tst\videoos.common.integration.unittests\bin\x64\debug\net472\videoos.common.integration.unittests.dll" id="bcaed945-5486-272f-f6c2-d90b18548e30">
      <Execution id="4bdf299f-a414-4afd-8271-ee5d99f21c5a" />
      <TestMethod codeBase="D:\actions-runner\_work\XPCO\XPCO\Corporate\Shared\Common.Integration\tst\VideoOS.Common.Integration.UnitTests\bin\x64\Debug\net472\VideoOS.Common.Integration.UnitTests.dll" adapterTypeName="executor://mstestadapter/v2" className="VideoOS.Common.Integration.UnitTests.OEM.OemResourcesUnitTests" name="MilestoneOemResourcesTest" />
    </UnitTest>
    <UnitTest name="HostedScanParameters_ModificationTest" storage="d:\actions-runner\_work\xpco\xpco\corporate\shared\common.integration\tst\videoos.common.integration.unittests\bin\x64\debug\net472\videoos.common.integration.unittests.dll" id="1860ec70-d6cd-e5e9-2e4e-9d6113556558">
      <Execution id="77ebd523-cff5-4798-b758-b5592ff2e189" />
      <TestMethod codeBase="D:\actions-runner\_work\XPCO\XPCO\Corporate\Shared\Common.Integration\tst\VideoOS.Common.Integration.UnitTests\bin\x64\Debug\net472\VideoOS.Common.Integration.UnitTests.dll" adapterTypeName="executor://mstestadapter/v2" className="VideoOS.Common.Integration.UnitTests.HostedScanTest" name="HostedScanParameters_ModificationTest" />
    </UnitTest>
    <UnitTest name="Encrypt_DataSetHasUnchangedRow_DataSetIsNotChanged" storage="d:\actions-runner\_work\xpco\xpco\corporate\shared\common.integration\tst\videoos.common.integration.unittests\bin\x64\debug\net472\videoos.common.integration.unittests.dll" id="1bb45ffc-5beb-e45c-2015-6b9c78d2c2d4">
      <Execution id="492e8459-3913-4c69-9130-955a56f25a40" />
      <TestMethod codeBase="D:\actions-runner\_work\XPCO\XPCO\Corporate\Shared\Common.Integration\tst\VideoOS.Common.Integration.UnitTests\bin\x64\Debug\net472\VideoOS.Common.Integration.UnitTests.dll" adapterTypeName="executor://mstestadapter/v2" className="VideoOS.Common.Integration.UnitTests.Configuration.HostedHardwareTableAdapterTests" name="Encrypt_DataSetHasUnchangedRow_DataSetIsNotChanged" />
    </UnitTest>
    <UnitTest name="CreateHttpUri_HttpsNonDefaultPort_UseDefaultPortFalse_BecomesHttpPort444" storage="d:\actions-runner\_work\xpco\xpco\corporate\shared\common.integration\tst\videoos.common.integration.unittests\bin\x64\debug\net472\videoos.common.integration.unittests.dll" id="29e6a9e7-3e4a-82f8-8feb-f8a3ab99e351">
      <TestCategory>
        <TestCategoryItem TestCategory="UriHandling" />
      </TestCategory>
      <Execution id="b05328ba-423e-42e9-95a7-bd01724a7103" />
      <TestMethod codeBase="D:\actions-runner\_work\XPCO\XPCO\Corporate\Shared\Common.Integration\tst\VideoOS.Common.Integration.UnitTests\bin\x64\Debug\net472\VideoOS.Common.Integration.UnitTests.dll" adapterTypeName="executor://mstestadapter/v2" className="VideoOS.Common.Integration.UnitTests.Communication.UriHandlingUnitTests" name="CreateHttpUri_HttpsNonDefaultPort_UseDefaultPortFalse_BecomesHttpPort444" />
    </UnitTest>
    <UnitTest name="SendEndPointAndObject_NoError_TaskIsExecutedAndCorrectResponseReceived" storage="d:\actions-runner\_work\xpco\xpco\corporate\shared\common.integration\tst\videoos.common.integration.unittests\bin\x64\debug\net472\videoos.common.integration.unittests.dll" id="cbc248c0-97c2-fbd3-60ae-b667eb2efbc1">
      <Execution id="83fb1686-c569-45d0-861c-a154fe8a8dc7" />
      <TestMethod codeBase="D:\actions-runner\_work\XPCO\XPCO\Corporate\Shared\Common.Integration\tst\VideoOS.Common.Integration.UnitTests\bin\x64\Debug\net472\VideoOS.Common.Integration.UnitTests.dll" adapterTypeName="executor://mstestadapter/v2" className="VideoOS.Common.Integration.WebApi.HttpClientCommunicatorUnitTests" name="SendEndPointAndObject_NoError_TaskIsExecutedAndCorrectResponseReceived" />
    </UnitTest>
    <UnitTest name="RecurringSchedule_GetFirstScheduleTime_Monthly_Every_3_Months_Every_First_Monday_At_4_00" storage="d:\actions-runner\_work\xpco\xpco\corporate\shared\common.integration\tst\videoos.common.integration.unittests\bin\x64\debug\net472\videoos.common.integration.unittests.dll" id="22bc1016-467b-6a9b-3539-1963215fc44a">
      <Execution id="01fff8c0-5b4a-4b15-8c3b-a65cd691b1e0" />
      <TestMethod codeBase="D:\actions-runner\_work\XPCO\XPCO\Corporate\Shared\Common.Integration\tst\VideoOS.Common.Integration.UnitTests\bin\x64\Debug\net472\VideoOS.Common.Integration.UnitTests.dll" adapterTypeName="executor://mstestadapter/v2" className="VideoOS.Common.Integration.UnitTests.Scheduling.RecurringScheduleTest" name="RecurringSchedule_GetFirstScheduleTime_Monthly_Every_3_Months_Every_First_Monday_At_4_00" />
    </UnitTest>
    <UnitTest name="ModelValidation_NonEmptyGuidsAreEmpty_Failed" storage="d:\actions-runner\_work\xpco\xpco\corporate\shared\common.integration\tst\videoos.common.integration.unittests\bin\x64\debug\net472\videoos.common.integration.unittests.dll" id="dd6e6cd5-84b5-37d5-b1c8-b5d3d0dc803e">
      <Execution id="c5c9f76a-de1d-4811-92d6-b2cf6f47e0ed" />
      <TestMethod codeBase="D:\actions-runner\_work\XPCO\XPCO\Corporate\Shared\Common.Integration\tst\VideoOS.Common.Integration.UnitTests\bin\x64\Debug\net472\VideoOS.Common.Integration.UnitTests.dll" adapterTypeName="executor://mstestadapter/v2" className="VideoOS.Common.Integration.UnitTests.WebAPI.Model.PerformFileSystemOperationModelTest" name="ModelValidation_NonEmptyGuidsAreEmpty_Failed" />
    </UnitTest>
    <UnitTest name="TestHasFilledCellWithFilledArea" storage="d:\actions-runner\_work\xpco\xpco\corporate\shared\common.integration\tst\videoos.common.integration.unittests\bin\x64\debug\net472\videoos.common.integration.unittests.dll" id="a96c94d8-8a2b-307e-7808-65c30acaafbc">
      <Execution id="390a8907-4d0d-48c8-ade3-50ae6823a646" />
      <TestMethod codeBase="D:\actions-runner\_work\XPCO\XPCO\Corporate\Shared\Common.Integration\tst\VideoOS.Common.Integration.UnitTests\bin\x64\Debug\net472\VideoOS.Common.Integration.UnitTests.dll" adapterTypeName="executor://mstestadapter/v2" className="VideoOS.Common.Integration.UnitTests.Configuration.FillableGridAreaUnitTest" name="TestHasFilledCellWithFilledArea" />
    </UnitTest>
    <UnitTest name="WebApiException_Serialization_DeserializationIsValid" storage="d:\actions-runner\_work\xpco\xpco\corporate\shared\common.integration\tst\videoos.common.integration.unittests\bin\x64\debug\net472\videoos.common.integration.unittests.dll" id="cfea9707-a327-a551-4a0d-1f2c971adbba">
      <Execution id="d69a19ff-e0c3-4be4-8103-0d4a5d082d3d" />
      <TestMethod codeBase="D:\actions-runner\_work\XPCO\XPCO\Corporate\Shared\Common.Integration\tst\VideoOS.Common.Integration.UnitTests\bin\x64\Debug\net472\VideoOS.Common.Integration.UnitTests.dll" adapterTypeName="executor://mstestadapter/v2" className="VideoOS.Common.Integration.UnitTests.WebAPI.Exceptions.WebApiExceptionTests" name="WebApiException_Serialization_DeserializationIsValid" />
    </UnitTest>
    <UnitTest name="CheckAllMIPFiltersEmptyList1" storage="d:\actions-runner\_work\xpco\xpco\corporate\shared\common.integration\tst\videoos.common.integration.unittests\bin\x64\debug\net472\videoos.common.integration.unittests.dll" id="c89f06c0-b8d3-fea7-b2c3-b6caf473b9d9">
      <TestCategory>
        <TestCategoryItem TestCategory="Rules.MIPFilter" />
      </TestCategory>
      <Execution id="c28b5dfe-26a0-4128-ac61-a0c23c6c76e5" />
      <TestMethod codeBase="D:\actions-runner\_work\XPCO\XPCO\Corporate\Shared\Common.Integration\tst\VideoOS.Common.Integration.UnitTests\bin\x64\Debug\net472\VideoOS.Common.Integration.UnitTests.dll" adapterTypeName="executor://mstestadapter/v2" className="VideoOS.Common.Integration.UnitTests.Rules.MIPFilterTest" name="CheckAllMIPFiltersEmptyList1" />
    </UnitTest>
    <UnitTest name="HardwareInfo_EnabledCameraIndexes_ReturnsEmptyArrayWhenNoEnabledCameras" storage="d:\actions-runner\_work\xpco\xpco\corporate\shared\common.integration\tst\videoos.common.integration.unittests\bin\x64\debug\net472\videoos.common.integration.unittests.dll" id="e3a6b04a-5403-c41f-2de4-763cc43587bb">
      <Execution id="31cff0bc-04a0-43dd-8e90-f856d12d9aab" />
      <TestMethod codeBase="D:\actions-runner\_work\XPCO\XPCO\Corporate\Shared\Common.Integration\tst\VideoOS.Common.Integration.UnitTests\bin\x64\Debug\net472\VideoOS.Common.Integration.UnitTests.dll" adapterTypeName="executor://mstestadapter/v2" className="VideoOS.Common.Integration.UnitTests.License.HardwareInfoTests" name="HardwareInfo_EnabledCameraIndexes_ReturnsEmptyArrayWhenNoEnabledCameras" />
    </UnitTest>
    <UnitTest name="Encrypt_NullCheck" storage="d:\actions-runner\_work\xpco\xpco\corporate\shared\common.integration\tst\videoos.common.integration.unittests\bin\x64\debug\net472\videoos.common.integration.unittests.dll" id="1c33d3a5-e9a8-3b96-fe67-16f2048d3442">
      <Execution id="87ca2721-f1fe-49f1-9d35-7b6eb50b62ee" />
      <TestMethod codeBase="D:\actions-runner\_work\XPCO\XPCO\Corporate\Shared\Common.Integration\tst\VideoOS.Common.Integration.UnitTests\bin\x64\Debug\net472\VideoOS.Common.Integration.UnitTests.dll" adapterTypeName="executor://mstestadapter/v2" className="VideoOS.Common.Integration.UnitTests.Configuration.SettingsXmlTransformerTests" name="Encrypt_NullCheck" />
    </UnitTest>
    <UnitTest name="Transform_XmlWithoutPassword_NoChanges" storage="d:\actions-runner\_work\xpco\xpco\corporate\shared\common.integration\tst\videoos.common.integration.unittests\bin\x64\debug\net472\videoos.common.integration.unittests.dll" id="06d4e42d-cb4c-4c11-b9eb-35069d860df1">
      <Execution id="34a76a44-356b-403d-8caf-30f48e8deffa" />
      <TestMethod codeBase="D:\actions-runner\_work\XPCO\XPCO\Corporate\Shared\Common.Integration\tst\VideoOS.Common.Integration.UnitTests\bin\x64\Debug\net472\VideoOS.Common.Integration.UnitTests.dll" adapterTypeName="executor://mstestadapter/v2" className="VideoOS.Common.Integration.UnitTests.Configuration.ConfigurationDataSetEncryption.ActivateLicenseEncryptionTests" name="Transform_XmlWithoutPassword_NoChanges" />
    </UnitTest>
    <UnitTest name="LicenseVersionValidateTest" storage="d:\actions-runner\_work\xpco\xpco\corporate\shared\common.integration\tst\videoos.common.integration.unittests\bin\x64\debug\net472\videoos.common.integration.unittests.dll" id="37f295ea-a71c-767d-60f9-6996f22b64ec">
      <Execution id="3daa1293-d973-41e2-b432-67648653fe2b" />
      <TestMethod codeBase="D:\actions-runner\_work\XPCO\XPCO\Corporate\Shared\Common.Integration\tst\VideoOS.Common.Integration.UnitTests\bin\x64\Debug\net472\VideoOS.Common.Integration.UnitTests.dll" adapterTypeName="executor://mstestadapter/v2" className="VideoOS.Common.Integration.UnitTests.Oem.AProductVersionUnitTest" name="LicenseVersionValidateTest" />
    </UnitTest>
    <UnitTest name="Decrypt_DataSetHasNoRows_DataSetIsNotChanged" storage="d:\actions-runner\_work\xpco\xpco\corporate\shared\common.integration\tst\videoos.common.integration.unittests\bin\x64\debug\net472\videoos.common.integration.unittests.dll" id="f7ddde3a-97ad-c830-9d08-4fc2d71b81a4">
      <Execution id="74df938e-4699-42cb-9541-9f0c7927f52b" />
      <TestMethod codeBase="D:\actions-runner\_work\XPCO\XPCO\Corporate\Shared\Common.Integration\tst\VideoOS.Common.Integration.UnitTests\bin\x64\Debug\net472\VideoOS.Common.Integration.UnitTests.dll" adapterTypeName="executor://mstestadapter/v2" className="VideoOS.Common.Integration.UnitTests.Configuration.RecordingStorageTableAdapterTests" name="Decrypt_DataSetHasNoRows_DataSetIsNotChanged" />
    </UnitTest>
    <UnitTest name="PtzPreset_EqualsTo_Change_Name" storage="d:\actions-runner\_work\xpco\xpco\corporate\shared\common.integration\tst\videoos.common.integration.unittests\bin\x64\debug\net472\videoos.common.integration.unittests.dll" id="7de47ff0-007e-9cd3-e70d-b83cc5f42838">
      <Execution id="273704b0-0281-4948-8e4f-722864fe0e9e" />
      <TestMethod codeBase="D:\actions-runner\_work\XPCO\XPCO\Corporate\Shared\Common.Integration\tst\VideoOS.Common.Integration.UnitTests\bin\x64\Debug\net472\VideoOS.Common.Integration.UnitTests.dll" adapterTypeName="executor://mstestadapter/v2" className="VideoOS.Common.Integration.UnitTests.PtzPresetUnitTests" name="PtzPreset_EqualsTo_Change_Name" />
    </UnitTest>
    <UnitTest name="TestSetRegionWithRadiusThrowsIfRadiusIsInvalid" storage="d:\actions-runner\_work\xpco\xpco\corporate\shared\common.integration\tst\videoos.common.integration.unittests\bin\x64\debug\net472\videoos.common.integration.unittests.dll" id="612755b7-0cdf-3803-c661-b5db677ed1a2">
      <Execution id="7db61659-782d-405c-868e-72d9ac8b8c47" />
      <TestMethod codeBase="D:\actions-runner\_work\XPCO\XPCO\Corporate\Shared\Common.Integration\tst\VideoOS.Common.Integration.UnitTests\bin\x64\Debug\net472\VideoOS.Common.Integration.UnitTests.dll" adapterTypeName="executor://mstestadapter/v2" className="VideoOS.Common.Integration.UnitTests.Configuration.FillableGridAreaUnitTest" name="TestSetRegionWithRadiusThrowsIfRadiusIsInvalid" />
    </UnitTest>
    <UnitTest name="Transform_NullCheck" storage="d:\actions-runner\_work\xpco\xpco\corporate\shared\common.integration\tst\videoos.common.integration.unittests\bin\x64\debug\net472\videoos.common.integration.unittests.dll" id="b8ef94a9-36d4-29a6-0672-dd15cd97b51f">
      <Execution id="a7732a2d-c34a-4e71-986f-b37c4ed01bd8" />
      <TestMethod codeBase="D:\actions-runner\_work\XPCO\XPCO\Corporate\Shared\Common.Integration\tst\VideoOS.Common.Integration.UnitTests\bin\x64\Debug\net472\VideoOS.Common.Integration.UnitTests.dll" adapterTypeName="executor://mstestadapter/v2" className="VideoOS.Common.Integration.UnitTests.Configuration.SettingsXmlTransformerTests" name="Transform_NullCheck" />
    </UnitTest>
    <UnitTest name="SecurityUserTokensModel_Json_Serialize_Deserialize" storage="d:\actions-runner\_work\xpco\xpco\corporate\shared\common.integration\tst\videoos.common.integration.unittests\bin\x64\debug\net472\videoos.common.integration.unittests.dll" id="6be716f5-8d61-7a08-222c-1b312f108925">
      <Execution id="5176220d-9d02-476b-84d4-0c77bdb510ea" />
      <TestMethod codeBase="D:\actions-runner\_work\XPCO\XPCO\Corporate\Shared\Common.Integration\tst\VideoOS.Common.Integration.UnitTests\bin\x64\Debug\net472\VideoOS.Common.Integration.UnitTests.dll" adapterTypeName="executor://mstestadapter/v2" className="VideoOS.Common.Integration.UnitTests.WebAPI.Model.SecurityUserTokensModelTest" name="SecurityUserTokensModel_Json_Serialize_Deserialize" />
    </UnitTest>
    <UnitTest name="PatchEndpointOnly_EndPointIsNull_ArgumentNullExceptionThrown" storage="d:\actions-runner\_work\xpco\xpco\corporate\shared\common.integration\tst\videoos.common.integration.unittests\bin\x64\debug\net472\videoos.common.integration.unittests.dll" id="a896ce4d-9b37-5a77-3f77-eed614e9f3c5">
      <Execution id="e4d1afc1-8e16-40aa-8129-060913c7008b" />
      <TestMethod codeBase="D:\actions-runner\_work\XPCO\XPCO\Corporate\Shared\Common.Integration\tst\VideoOS.Common.Integration.UnitTests\bin\x64\Debug\net472\VideoOS.Common.Integration.UnitTests.dll" adapterTypeName="executor://mstestadapter/v2" className="VideoOS.Common.Integration.WebApi.HttpClientCommunicatorUnitTests" name="PatchEndpointOnly_EndPointIsNull_ArgumentNullExceptionThrown" />
    </UnitTest>
    <UnitTest name="IsValidByteString_InvalidStrings_Return_False" storage="d:\actions-runner\_work\xpco\xpco\corporate\shared\common.integration\tst\videoos.common.integration.unittests\bin\x64\debug\net472\videoos.common.integration.unittests.dll" id="69f33621-cf63-0045-c6b8-318fe0216f67">
      <Execution id="be35d54b-d7a1-41a1-b17c-e52b69dc8d53" />
      <TestMethod codeBase="D:\actions-runner\_work\XPCO\XPCO\Corporate\Shared\Common.Integration\tst\VideoOS.Common.Integration.UnitTests\bin\x64\Debug\net472\VideoOS.Common.Integration.UnitTests.dll" adapterTypeName="executor://mstestadapter/v2" className="VideoOS.Common.Integration.UnitTests.CertificateHandling.StringByteConversionExtensionsUnitTests" name="IsValidByteString_InvalidStrings_Return_False" />
    </UnitTest>
    <UnitTest name="ModelValidation_ValidModel_Success" storage="d:\actions-runner\_work\xpco\xpco\corporate\shared\common.integration\tst\videoos.common.integration.unittests\bin\x64\debug\net472\videoos.common.integration.unittests.dll" id="624965f1-f73b-d58a-ebaa-ff6bad05c7c8">
      <Execution id="dd09dca4-e201-4c00-8b3b-b4560f7b13df" />
      <TestMethod codeBase="D:\actions-runner\_work\XPCO\XPCO\Corporate\Shared\Common.Integration\tst\VideoOS.Common.Integration.UnitTests\bin\x64\Debug\net472\VideoOS.Common.Integration.UnitTests.dll" adapterTypeName="executor://mstestadapter/v2" className="VideoOS.Common.Integration.UnitTests.WebAPI.Model.EdgeJobUpdatedModelTest" name="ModelValidation_ValidModel_Success" />
    </UnitTest>
    <UnitTest name="CalculateLicenseRequirements_Device_Whitelisted_HardwareWithMultipleCameraDevicesCountsAsSingleLicenses_ReturnsTrue" storage="d:\actions-runner\_work\xpco\xpco\corporate\shared\common.integration\tst\videoos.common.integration.unittests\bin\x64\debug\net472\videoos.common.integration.unittests.dll" id="a13b6bf9-d8b8-63c1-1b19-02003097a01e">
      <Execution id="8f92dffc-12f9-4496-82de-41dfb81e3bd0" />
      <TestMethod codeBase="D:\actions-runner\_work\XPCO\XPCO\Corporate\Shared\Common.Integration\tst\VideoOS.Common.Integration.UnitTests\bin\x64\Debug\net472\VideoOS.Common.Integration.UnitTests.dll" adapterTypeName="executor://mstestadapter/v2" className="VideoOS.Common.Integration.UnitTests.License.LicenseCalculatorTests" name="CalculateLicenseRequirements_Device_Whitelisted_HardwareWithMultipleCameraDevicesCountsAsSingleLicenses_ReturnsTrue" />
    </UnitTest>
    <UnitTest name="CreateHttpsUri_HttpDefaultPort_UsePortNegativeOne_ThrowsArgumentOutOfRangeException" storage="d:\actions-runner\_work\xpco\xpco\corporate\shared\common.integration\tst\videoos.common.integration.unittests\bin\x64\debug\net472\videoos.common.integration.unittests.dll" id="b4fd159a-ccfe-eae2-8457-eea5e622067d">
      <TestCategory>
        <TestCategoryItem TestCategory="UriHandling" />
      </TestCategory>
      <Execution id="aa746768-bdf3-49c3-b9fb-18e7a467cb1e" />
      <TestMethod codeBase="D:\actions-runner\_work\XPCO\XPCO\Corporate\Shared\Common.Integration\tst\VideoOS.Common.Integration.UnitTests\bin\x64\Debug\net472\VideoOS.Common.Integration.UnitTests.dll" adapterTypeName="executor://mstestadapter/v2" className="VideoOS.Common.Integration.UnitTests.Communication.UriHandlingUnitTests" name="CreateHttpsUri_HttpDefaultPort_UsePortNegativeOne_ThrowsArgumentOutOfRangeException" />
    </UnitTest>
    <UnitTest name="HardwareInfo_DecodesDriverAndModelNameUpperWithMultipleWeirdSymbols" storage="d:\actions-runner\_work\xpco\xpco\corporate\shared\common.integration\tst\videoos.common.integration.unittests\bin\x64\debug\net472\videoos.common.integration.unittests.dll" id="258db77c-7e84-8e83-ff85-3d70192e066e">
      <Execution id="701f68a7-d4d5-41cf-8f12-edeb81e9e70e" />
      <TestMethod codeBase="D:\actions-runner\_work\XPCO\XPCO\Corporate\Shared\Common.Integration\tst\VideoOS.Common.Integration.UnitTests\bin\x64\Debug\net472\VideoOS.Common.Integration.UnitTests.dll" adapterTypeName="executor://mstestadapter/v2" className="VideoOS.Common.Integration.UnitTests.License.HardwareInfoTests" name="HardwareInfo_DecodesDriverAndModelNameUpperWithMultipleWeirdSymbols" />
    </UnitTest>
    <UnitTest name="LicenseDocument_GetParameterValue_NullFeature" storage="d:\actions-runner\_work\xpco\xpco\corporate\shared\common.integration\tst\videoos.common.integration.unittests\bin\x64\debug\net472\videoos.common.integration.unittests.dll" id="3072cc39-8686-cfc1-23dd-8ecb1be7b8d1">
      <TestCategory>
        <TestCategoryItem TestCategory="LicenseDocumentTest" />
      </TestCategory>
      <Execution id="d5dd4e6b-5da9-4338-848d-8817bdce005c" />
      <TestMethod codeBase="D:\actions-runner\_work\XPCO\XPCO\Corporate\Shared\Common.Integration\tst\VideoOS.Common.Integration.UnitTests\bin\x64\Debug\net472\VideoOS.Common.Integration.UnitTests.dll" adapterTypeName="executor://mstestadapter/v2" className="VideoOS.Common.Integration.UnitTests.License.LicenseDocumentTests" name="LicenseDocument_GetParameterValue_NullFeature" />
    </UnitTest>
    <UnitTest name="RecurringSchedule_GetNextScheduleTime_Daily_Every_2_Days_Every_Hour_Between_2_00_And_8_00" storage="d:\actions-runner\_work\xpco\xpco\corporate\shared\common.integration\tst\videoos.common.integration.unittests\bin\x64\debug\net472\videoos.common.integration.unittests.dll" id="77ee55d0-8b37-bc1a-f55a-0fa64e918fa2">
      <Execution id="5ff50adc-2933-428d-bb51-f297d9ce2bf2" />
      <TestMethod codeBase="D:\actions-runner\_work\XPCO\XPCO\Corporate\Shared\Common.Integration\tst\VideoOS.Common.Integration.UnitTests\bin\x64\Debug\net472\VideoOS.Common.Integration.UnitTests.dll" adapterTypeName="executor://mstestadapter/v2" className="VideoOS.Common.Integration.UnitTests.Scheduling.RecurringScheduleTest" name="RecurringSchedule_GetNextScheduleTime_Daily_Every_2_Days_Every_Hour_Between_2_00_And_8_00" />
    </UnitTest>
    <UnitTest name="LicenseActivationService_AcquireLicense_GenericError" storage="d:\actions-runner\_work\xpco\xpco\corporate\shared\common.integration\tst\videoos.common.integration.unittests\bin\x64\debug\net472\videoos.common.integration.unittests.dll" id="c8ff60b9-9989-9412-d124-69367b7f7153">
      <Execution id="c9be17a6-ea89-47db-a910-ddecc379bd70" />
      <TestMethod codeBase="D:\actions-runner\_work\XPCO\XPCO\Corporate\Shared\Common.Integration\tst\VideoOS.Common.Integration.UnitTests\bin\x64\Debug\net472\VideoOS.Common.Integration.UnitTests.dll" adapterTypeName="executor://mstestadapter/v2" className="VideoOS.Common.Integration.UnitTests.License.LicenseActivationServiceTests" name="LicenseActivationService_AcquireLicense_GenericError" />
    </UnitTest>
    <UnitTest name="LogEntryModel_JsonSerializeDesirialize_Success" storage="d:\actions-runner\_work\xpco\xpco\corporate\shared\common.integration\tst\videoos.common.integration.unittests\bin\x64\debug\net472\videoos.common.integration.unittests.dll" id="13bf9995-f3c6-c458-0900-0c1656bf0291">
      <Execution id="7c19a41b-b752-4d17-8957-434abaaa3a0a" />
      <TestMethod codeBase="D:\actions-runner\_work\XPCO\XPCO\Corporate\Shared\Common.Integration\tst\VideoOS.Common.Integration.UnitTests\bin\x64\Debug\net472\VideoOS.Common.Integration.UnitTests.dll" adapterTypeName="executor://mstestadapter/v2" className="VideoOS.Common.Integration.UnitTests.WebAPI.Model.Server.LogEntryModelTest" name="LogEntryModel_JsonSerializeDesirialize_Success" />
    </UnitTest>
    <UnitTest name="Scheduler_SimpleTaskProcessing" storage="d:\actions-runner\_work\xpco\xpco\corporate\shared\common.integration\tst\videoos.common.integration.unittests\bin\x64\debug\net472\videoos.common.integration.unittests.dll" id="58a3ee17-49dd-8c3e-682d-eab704f23a99">
      <Execution id="b191c88a-469f-4680-b027-5ce8113581c3" />
      <TestMethod codeBase="D:\actions-runner\_work\XPCO\XPCO\Corporate\Shared\Common.Integration\tst\VideoOS.Common.Integration.UnitTests\bin\x64\Debug\net472\VideoOS.Common.Integration.UnitTests.dll" adapterTypeName="executor://mstestadapter/v2" className="VideoOS.Common.Integration.UnitTests.Scheduling.Simple" name="Scheduler_SimpleTaskProcessing" />
    </UnitTest>
    <UnitTest name="ModelValidation_NonEmptyGuidsAreEmpty_Failed" storage="d:\actions-runner\_work\xpco\xpco\corporate\shared\common.integration\tst\videoos.common.integration.unittests\bin\x64\debug\net472\videoos.common.integration.unittests.dll" id="00a25730-d57e-f493-f1c2-5cec897077a1">
      <Execution id="8799f6e7-d0b9-469f-9ea4-1233172a4d1e" />
      <TestMethod codeBase="D:\actions-runner\_work\XPCO\XPCO\Corporate\Shared\Common.Integration\tst\VideoOS.Common.Integration.UnitTests\bin\x64\Debug\net472\VideoOS.Common.Integration.UnitTests.dll" adapterTypeName="executor://mstestadapter/v2" className="VideoOS.Common.Integration.UnitTests.WebAPI.Model.PtzStopSessionModelTest" name="ModelValidation_NonEmptyGuidsAreEmpty_Failed" />
    </UnitTest>
    <UnitTest name="ReadIdentityFromCache_GetIdentityFromProvider" storage="d:\actions-runner\_work\xpco\xpco\corporate\shared\common.integration\tst\videoos.common.integration.unittests\bin\x64\debug\net472\videoos.common.integration.unittests.dll" id="722b9d2d-ea17-19b7-89c3-539cfe113091">
      <Execution id="277aebe8-d8e1-43ad-990d-f1baee6b2c37" />
      <TestMethod codeBase="D:\actions-runner\_work\XPCO\XPCO\Corporate\Shared\Common.Integration\tst\VideoOS.Common.Integration.UnitTests\bin\x64\Debug\net472\VideoOS.Common.Integration.UnitTests.dll" adapterTypeName="executor://mstestadapter/v2" className="VideoOS.Common.Integration.UnitTests.Caching.SecurityIdentityCacheUnitTests" name="ReadIdentityFromCache_GetIdentityFromProvider" />
    </UnitTest>
    <UnitTest name="LicenseVersionTest" storage="d:\actions-runner\_work\xpco\xpco\corporate\shared\common.integration\tst\videoos.common.integration.unittests\bin\x64\debug\net472\videoos.common.integration.unittests.dll" id="4c7a24a3-31b3-5682-9a84-9c6ad3d3362f">
      <Execution id="ee20cad5-3cf9-42b5-8496-04e84c8c3893" />
      <TestMethod codeBase="D:\actions-runner\_work\XPCO\XPCO\Corporate\Shared\Common.Integration\tst\VideoOS.Common.Integration.UnitTests\bin\x64\Debug\net472\VideoOS.Common.Integration.UnitTests.dll" adapterTypeName="executor://mstestadapter/v2" className="VideoOS.Common.Integration.UnitTests.Oem.AProductVersionUnitTest" name="LicenseVersionTest" />
    </UnitTest>
    <UnitTest name="Encrypt_DataSetHasNewRow_DataSetIsEncrypted" storage="d:\actions-runner\_work\xpco\xpco\corporate\shared\common.integration\tst\videoos.common.integration.unittests\bin\x64\debug\net472\videoos.common.integration.unittests.dll" id="95235238-1613-617d-5f3d-927cfdd5d472">
      <Execution id="f5eb7def-9247-4517-914f-31ffdd1e91d9" />
      <TestMethod codeBase="D:\actions-runner\_work\XPCO\XPCO\Corporate\Shared\Common.Integration\tst\VideoOS.Common.Integration.UnitTests\bin\x64\Debug\net472\VideoOS.Common.Integration.UnitTests.dll" adapterTypeName="executor://mstestadapter/v2" className="VideoOS.Common.Integration.UnitTests.Configuration.HostedHardwareTableAdapterTests" name="Encrypt_DataSetHasNewRow_DataSetIsEncrypted" />
    </UnitTest>
    <UnitTest name="ErrorResponseModel_Validate_Success" storage="d:\actions-runner\_work\xpco\xpco\corporate\shared\common.integration\tst\videoos.common.integration.unittests\bin\x64\debug\net472\videoos.common.integration.unittests.dll" id="687407b3-9e8a-919b-d872-f2d4c561becd">
      <Execution id="8785b678-e10e-456c-84a9-59c82e58aba7" />
      <TestMethod codeBase="D:\actions-runner\_work\XPCO\XPCO\Corporate\Shared\Common.Integration\tst\VideoOS.Common.Integration.UnitTests\bin\x64\Debug\net472\VideoOS.Common.Integration.UnitTests.dll" adapterTypeName="executor://mstestadapter/v2" className="VideoOS.Common.Integration.UnitTests.WebAPI.Model.Server.Responses.ErrorResponseModelTest" name="ErrorResponseModel_Validate_Success" />
    </UnitTest>
    <UnitTest name="CalculateLicenseRequirementsForHardware_HardwareWith5Channels_Returns5ChannelLicenses" storage="d:\actions-runner\_work\xpco\xpco\corporate\shared\common.integration\tst\videoos.common.integration.unittests\bin\x64\debug\net472\videoos.common.integration.unittests.dll" id="2cd99008-7d47-5b1f-bdce-87f1db166022">
      <Execution id="35f1f2cd-6978-4fa6-94f9-007bcdbc2a0e" />
      <TestMethod codeBase="D:\actions-runner\_work\XPCO\XPCO\Corporate\Shared\Common.Integration\tst\VideoOS.Common.Integration.UnitTests\bin\x64\Debug\net472\VideoOS.Common.Integration.UnitTests.dll" adapterTypeName="executor://mstestadapter/v2" className="VideoOS.Common.Integration.UnitTests.License.LicenseCalculatorTests" name="CalculateLicenseRequirementsForHardware_HardwareWith5Channels_Returns5ChannelLicenses" />
    </UnitTest>
    <UnitTest name="ReadChildElementValueAsBoolean_NameNull" storage="d:\actions-runner\_work\xpco\xpco\corporate\shared\common.integration\tst\videoos.common.integration.unittests\bin\x64\debug\net472\videoos.common.integration.unittests.dll" id="a34e2915-e790-75c7-635d-8d7d921927f2">
      <Execution id="644aeec4-536d-4c2c-98c8-144135e9dd96" />
      <TestMethod codeBase="D:\actions-runner\_work\XPCO\XPCO\Corporate\Shared\Common.Integration\tst\VideoOS.Common.Integration.UnitTests\bin\x64\Debug\net472\VideoOS.Common.Integration.UnitTests.dll" adapterTypeName="executor://mstestadapter/v2" className="VideoOS.Common.Integration.UnitTests.XmlDocumentExtensionsCoreUnitTests" name="ReadChildElementValueAsBoolean_NameNull" />
    </UnitTest>
    <UnitTest name="ModelValidation_ValidModel_Success" storage="d:\actions-runner\_work\xpco\xpco\corporate\shared\common.integration\tst\videoos.common.integration.unittests\bin\x64\debug\net472\videoos.common.integration.unittests.dll" id="9b74ad54-ab66-608c-c049-2e485fc905af">
      <Execution id="fcd3ca08-6458-434b-a918-0883c60e9508" />
      <TestMethod codeBase="D:\actions-runner\_work\XPCO\XPCO\Corporate\Shared\Common.Integration\tst\VideoOS.Common.Integration.UnitTests\bin\x64\Debug\net472\VideoOS.Common.Integration.UnitTests.dll" adapterTypeName="executor://mstestadapter/v2" className="VideoOS.Common.Integration.UnitTests.WebAPI.Model.UpdateRecorderTaskProgressModelTest" name="ModelValidation_ValidModel_Success" />
    </UnitTest>
    <UnitTest name="GetServerSNMPId_Known" storage="d:\actions-runner\_work\xpco\xpco\corporate\shared\common.integration\tst\videoos.common.integration.unittests\bin\x64\debug\net472\videoos.common.integration.unittests.dll" id="0989f891-5100-4954-a1d3-1b2ec9bc06db">
      <Execution id="e07df35a-e977-4fd8-90cf-e484f7382302" />
      <TestMethod codeBase="D:\actions-runner\_work\XPCO\XPCO\Corporate\Shared\Common.Integration\tst\VideoOS.Common.Integration.UnitTests\bin\x64\Debug\net472\VideoOS.Common.Integration.UnitTests.dll" adapterTypeName="executor://mstestadapter/v2" className="VideoOS.Common.Integration.UnitTests.Definition.Event.BuiltInEventTypesTest" name="GetServerSNMPId_Known" />
    </UnitTest>
    <UnitTest name="TestNumberOfRegions" storage="d:\actions-runner\_work\xpco\xpco\corporate\shared\common.integration\tst\videoos.common.integration.unittests\bin\x64\debug\net472\videoos.common.integration.unittests.dll" id="f7a71bbf-6d87-6510-8ab0-8692465afb95">
      <Execution id="b679110e-0923-464f-bdbd-fc0ada144fa6" />
      <TestMethod codeBase="D:\actions-runner\_work\XPCO\XPCO\Corporate\Shared\Common.Integration\tst\VideoOS.Common.Integration.UnitTests\bin\x64\Debug\net472\VideoOS.Common.Integration.UnitTests.dll" adapterTypeName="executor://mstestadapter/v2" className="VideoOS.Common.Integration.UnitTests.Configuration.FillableGridAreaUnitTest" name="TestNumberOfRegions" />
    </UnitTest>
    <UnitTest name="ModelValidation_RequiredPropertiesAreNull_Failed" storage="d:\actions-runner\_work\xpco\xpco\corporate\shared\common.integration\tst\videoos.common.integration.unittests\bin\x64\debug\net472\videoos.common.integration.unittests.dll" id="1be79a82-4540-d1d8-b0ad-e2dc07743e1c">
      <Execution id="0c14e9fc-5270-45e4-b437-f129414722dd" />
      <TestMethod codeBase="D:\actions-runner\_work\XPCO\XPCO\Corporate\Shared\Common.Integration\tst\VideoOS.Common.Integration.UnitTests\bin\x64\Debug\net472\VideoOS.Common.Integration.UnitTests.dll" adapterTypeName="executor://mstestadapter/v2" className="VideoOS.Common.Integration.UnitTests.WebAPI.Model.ReportMediaStatusModelTest" name="ModelValidation_RequiredPropertiesAreNull_Failed" />
    </UnitTest>
    <UnitTest name="CalculateLicenseRequirements_DisabledHardwareDoesNotRequireAChannelLicense_ReturnsTrue" storage="d:\actions-runner\_work\xpco\xpco\corporate\shared\common.integration\tst\videoos.common.integration.unittests\bin\x64\debug\net472\videoos.common.integration.unittests.dll" id="681eba43-864c-06af-d147-aa378bd5c701">
      <Execution id="9dfd502c-cbdb-4895-a376-df99a3489bc1" />
      <TestMethod codeBase="D:\actions-runner\_work\XPCO\XPCO\Corporate\Shared\Common.Integration\tst\VideoOS.Common.Integration.UnitTests\bin\x64\Debug\net472\VideoOS.Common.Integration.UnitTests.dll" adapterTypeName="executor://mstestadapter/v2" className="VideoOS.Common.Integration.UnitTests.License.LicenseCalculatorTests" name="CalculateLicenseRequirements_DisabledHardwareDoesNotRequireAChannelLicense_ReturnsTrue" />
    </UnitTest>
    <UnitTest name="StreamsConfiguration_EnsureLiveDefaultAndRecordTreads_No_DefaultLive_And_Record_First_Selected" storage="d:\actions-runner\_work\xpco\xpco\corporate\shared\common.integration\tst\videoos.common.integration.unittests\bin\x64\debug\net472\videoos.common.integration.unittests.dll" id="9dfaa4dc-9a29-76d9-a18b-04fc15ca41a5">
      <Execution id="017b3404-f755-4f80-a679-d389155b50b9" />
      <TestMethod codeBase="D:\actions-runner\_work\XPCO\XPCO\Corporate\Shared\Common.Integration\tst\VideoOS.Common.Integration.UnitTests\bin\x64\Debug\net472\VideoOS.Common.Integration.UnitTests.dll" adapterTypeName="executor://mstestadapter/v2" className="VideoOS.Common.Integration.UnitTests.StreamsConfigurationUnitTests" name="StreamsConfiguration_EnsureLiveDefaultAndRecordTreads_No_DefaultLive_And_Record_First_Selected" />
    </UnitTest>
    <UnitTest name="ServerFileStorage_CreateStorage_Success" storage="d:\actions-runner\_work\xpco\xpco\corporate\shared\common.integration\tst\videoos.common.integration.unittests\bin\x64\debug\net472\videoos.common.integration.unittests.dll" id="56920c6f-05b9-0634-ff2d-dd90b540c0e9">
      <Execution id="58ec3639-3e97-4719-8488-684b90889297" />
      <TestMethod codeBase="D:\actions-runner\_work\XPCO\XPCO\Corporate\Shared\Common.Integration\tst\VideoOS.Common.Integration.UnitTests\bin\x64\Debug\net472\VideoOS.Common.Integration.UnitTests.dll" adapterTypeName="executor://mstestadapter/v2" className="VideoOS.Common.Integration.UnitTests.ServerFileStorageTests" name="ServerFileStorage_CreateStorage_Success" />
    </UnitTest>
    <UnitTest name="WhiteList_IsDriverWhiteListed_HWWith15CH_GlobalMaxChannelCount16DriverMaxChannelCountInvalid_ReturnsTrue" storage="d:\actions-runner\_work\xpco\xpco\corporate\shared\common.integration\tst\videoos.common.integration.unittests\bin\x64\debug\net472\videoos.common.integration.unittests.dll" id="9521fdd5-f8b0-8814-1019-bcf36ca64483">
      <TestCategory>
        <TestCategoryItem TestCategory="Licensing" />
      </TestCategory>
      <Execution id="e0ddc958-255f-4d1d-af70-b29beb3ef8a6" />
      <TestMethod codeBase="D:\actions-runner\_work\XPCO\XPCO\Corporate\Shared\Common.Integration\tst\VideoOS.Common.Integration.UnitTests\bin\x64\Debug\net472\VideoOS.Common.Integration.UnitTests.dll" adapterTypeName="executor://mstestadapter/v2" className="VideoOS.Common.Integration.UnitTests.License.LicenseWhitelistTests" name="WhiteList_IsDriverWhiteListed_HWWith15CH_GlobalMaxChannelCount16DriverMaxChannelCountInvalid_ReturnsTrue" />
    </UnitTest>
    <UnitTest name="PtzPresetCollection_Clear_Success" storage="d:\actions-runner\_work\xpco\xpco\corporate\shared\common.integration\tst\videoos.common.integration.unittests\bin\x64\debug\net472\videoos.common.integration.unittests.dll" id="7742f8a4-b524-8418-3e42-94572e58ea85">
      <Execution id="f2f1a490-e51c-4d3c-a0b0-87b8aca50ca3" />
      <TestMethod codeBase="D:\actions-runner\_work\XPCO\XPCO\Corporate\Shared\Common.Integration\tst\VideoOS.Common.Integration.UnitTests\bin\x64\Debug\net472\VideoOS.Common.Integration.UnitTests.dll" adapterTypeName="executor://mstestadapter/v2" className="VideoOS.Common.Integration.UnitTests.PtzPresetCollectionUnitTests" name="PtzPresetCollection_Clear_Success" />
    </UnitTest>
    <UnitTest name="BindToType_BindToAllowedTypesWithNullBinder_NoException" storage="d:\actions-runner\_work\xpco\xpco\corporate\shared\common.integration\tst\videoos.common.integration.unittests\bin\x64\debug\net472\videoos.common.integration.unittests.dll" id="b2a2b311-7a7a-5a2a-97cd-97756f8a6ee7">
      <Execution id="091b2d07-06fb-4e01-ae96-e7b2da0dce6c" />
      <TestMethod codeBase="D:\actions-runner\_work\XPCO\XPCO\Corporate\Shared\Common.Integration\tst\VideoOS.Common.Integration.UnitTests\bin\x64\Debug\net472\VideoOS.Common.Integration.UnitTests.dll" adapterTypeName="executor://mstestadapter/v2" className="VideoOS.Common.Integration.UnitTests.TypeFilteringSerializationBinderUtilityTest" name="BindToType_BindToAllowedTypesWithNullBinder_NoException" />
    </UnitTest>
    <UnitTest name="Construct_LicenseActivationService_NullLogger_ThrowsArgumentNullException" storage="d:\actions-runner\_work\xpco\xpco\corporate\shared\common.integration\tst\videoos.common.integration.unittests\bin\x64\debug\net472\videoos.common.integration.unittests.dll" id="80b3121a-e8ab-643d-3cdf-cd8378f18f5d">
      <Execution id="4f59ec51-85ba-43b2-98ef-915e5e317bd4" />
      <TestMethod codeBase="D:\actions-runner\_work\XPCO\XPCO\Corporate\Shared\Common.Integration\tst\VideoOS.Common.Integration.UnitTests\bin\x64\Debug\net472\VideoOS.Common.Integration.UnitTests.dll" adapterTypeName="executor://mstestadapter/v2" className="VideoOS.Common.Integration.UnitTests.License.LicenseActivationServiceTests" name="Construct_LicenseActivationService_NullLogger_ThrowsArgumentNullException" />
    </UnitTest>
    <UnitTest name="GetAggregateFeeds_FailsWhen_MacAddressNotInHardwareDictionary" storage="d:\actions-runner\_work\xpco\xpco\corporate\shared\common.integration\tst\videoos.common.integration.unittests\bin\x64\debug\net472\videoos.common.integration.unittests.dll" id="f2149233-5db2-c743-b97a-4f8111db9b32">
      <Execution id="999e6528-b352-46b1-930c-dd25bea79a53" />
      <TestMethod codeBase="D:\actions-runner\_work\XPCO\XPCO\Corporate\Shared\Common.Integration\tst\VideoOS.Common.Integration.UnitTests\bin\x64\Debug\net472\VideoOS.Common.Integration.UnitTests.dll" adapterTypeName="executor://mstestadapter/v2" className="VideoOS.Common.Integration.UnitTests.License.HardwareDictionaryTests" name="GetAggregateFeeds_FailsWhen_MacAddressNotInHardwareDictionary" />
    </UnitTest>
    <UnitTest name="FeatureInformation_QueryAllLicensedFeatures_ReturnsNull_OnNullLicenseDocument" storage="d:\actions-runner\_work\xpco\xpco\corporate\shared\common.integration\tst\videoos.common.integration.unittests\bin\x64\debug\net472\videoos.common.integration.unittests.dll" id="a3f7055c-e439-7707-6422-a1b93d6e2c45">
      <Execution id="587411e5-1a47-4abf-ad60-15f963b64a02" />
      <TestMethod codeBase="D:\actions-runner\_work\XPCO\XPCO\Corporate\Shared\Common.Integration\tst\VideoOS.Common.Integration.UnitTests\bin\x64\Debug\net472\VideoOS.Common.Integration.UnitTests.dll" adapterTypeName="executor://mstestadapter/v2" className="VideoOS.Common.Integration.UnitTests.License.FeatureInformationTests" name="FeatureInformation_QueryAllLicensedFeatures_ReturnsNull_OnNullLicenseDocument" />
    </UnitTest>
    <UnitTest name="Validate_PopulateGrid_ValidateWarningSvgIcon_Success" storage="d:\actions-runner\_work\xpco\xpco\corporate\shared\common.integration\tst\videoos.common.integration.unittests\bin\x64\debug\net472\videoos.common.integration.unittests.dll" id="f8e45d3c-bc2e-c406-bf26-1412484b3765">
      <Execution id="d9e7c69d-04f0-433f-9cb9-effc91db3a77" />
      <TestMethod codeBase="D:\actions-runner\_work\XPCO\XPCO\Corporate\Shared\Common.Integration\tst\VideoOS.Common.Integration.UnitTests\bin\x64\Debug\net472\VideoOS.Common.Integration.UnitTests.dll" adapterTypeName="executor://mstestadapter/v2" className="VideoOS.Common.Integration.UnitTests.License.LicenseReportGeneratorTests" name="Validate_PopulateGrid_ValidateWarningSvgIcon_Success" />
    </UnitTest>
    <UnitTest name="ServerFileStorage_Starts_TemporaryCleanupService" storage="d:\actions-runner\_work\xpco\xpco\corporate\shared\common.integration\tst\videoos.common.integration.unittests\bin\x64\debug\net472\videoos.common.integration.unittests.dll" id="1af8c970-9b54-959f-3ed6-d23b016e9ec7">
      <Execution id="6df2d1ad-fe55-4640-9e43-867e10347bba" />
      <TestMethod codeBase="D:\actions-runner\_work\XPCO\XPCO\Corporate\Shared\Common.Integration\tst\VideoOS.Common.Integration.UnitTests\bin\x64\Debug\net472\VideoOS.Common.Integration.UnitTests.dll" adapterTypeName="executor://mstestadapter/v2" className="VideoOS.Common.Integration.UnitTests.ServerFileStorageTests" name="ServerFileStorage_Starts_TemporaryCleanupService" />
    </UnitTest>
    <UnitTest name="ServiceContainer_GetRequiredService_ServiceNotRegistered_ThrowsInvalidOperationException" storage="d:\actions-runner\_work\xpco\xpco\corporate\shared\common.integration\tst\videoos.common.integration.unittests\bin\x64\debug\net472\videoos.common.integration.unittests.dll" id="39a4f34f-7990-b8b1-f796-816144ab7f6f">
      <TestCategory>
        <TestCategoryItem TestCategory="ServiceContainer" />
      </TestCategory>
      <Execution id="26a879a0-20bc-47b0-af04-ea4befb68e0c" />
      <TestMethod codeBase="D:\actions-runner\_work\XPCO\XPCO\Corporate\Shared\Common.Integration\tst\VideoOS.Common.Integration.UnitTests\bin\x64\Debug\net472\VideoOS.Common.Integration.UnitTests.dll" adapterTypeName="executor://mstestadapter/v2" className="VideoOS.Common.Integration.ServiceContainerTests.ServiceContainerUnitTests" name="ServiceContainer_GetRequiredService_ServiceNotRegistered_ThrowsInvalidOperationException" />
    </UnitTest>
    <UnitTest name="CreateHttpsUri_FtpDefaultPort_UseDefaultPortTrue_BecomesHttpsPort443" storage="d:\actions-runner\_work\xpco\xpco\corporate\shared\common.integration\tst\videoos.common.integration.unittests\bin\x64\debug\net472\videoos.common.integration.unittests.dll" id="b3bb629b-5506-468f-c9ec-1ff55314abb1">
      <TestCategory>
        <TestCategoryItem TestCategory="UriHandling" />
      </TestCategory>
      <Execution id="5195b58a-84c8-47bd-992b-0d7bc661f660" />
      <TestMethod codeBase="D:\actions-runner\_work\XPCO\XPCO\Corporate\Shared\Common.Integration\tst\VideoOS.Common.Integration.UnitTests\bin\x64\Debug\net472\VideoOS.Common.Integration.UnitTests.dll" adapterTypeName="executor://mstestadapter/v2" className="VideoOS.Common.Integration.UnitTests.Communication.UriHandlingUnitTests" name="CreateHttpsUri_FtpDefaultPort_UseDefaultPortTrue_BecomesHttpsPort443" />
    </UnitTest>
    <UnitTest name="GetChannelLicensenCount_AddNoHardware_ReturnValue" storage="d:\actions-runner\_work\xpco\xpco\corporate\shared\common.integration\tst\videoos.common.integration.unittests\bin\x64\debug\net472\videoos.common.integration.unittests.dll" id="1aaa06b2-2409-0df2-05c0-3c6e890e4f49">
      <Execution id="6ece4316-4787-44e4-a70b-2e9008fb87b6" />
      <TestMethod codeBase="D:\actions-runner\_work\XPCO\XPCO\Corporate\Shared\Common.Integration\tst\VideoOS.Common.Integration.UnitTests\bin\x64\Debug\net472\VideoOS.Common.Integration.UnitTests.dll" adapterTypeName="executor://mstestadapter/v2" className="VideoOS.Common.Integration.UnitTests.License.HardwareDictionaryTests" name="GetChannelLicensenCount_AddNoHardware_ReturnValue" />
    </UnitTest>
    <UnitTest name="StreamsConfiguration_CopyConstructor_Success" storage="d:\actions-runner\_work\xpco\xpco\corporate\shared\common.integration\tst\videoos.common.integration.unittests\bin\x64\debug\net472\videoos.common.integration.unittests.dll" id="5843788f-56fb-bff3-2f34-bf3a90125af5">
      <Execution id="9340e827-9f4d-48be-ac33-aff8c5aa920b" />
      <TestMethod codeBase="D:\actions-runner\_work\XPCO\XPCO\Corporate\Shared\Common.Integration\tst\VideoOS.Common.Integration.UnitTests\bin\x64\Debug\net472\VideoOS.Common.Integration.UnitTests.dll" adapterTypeName="executor://mstestadapter/v2" className="VideoOS.Common.Integration.UnitTests.StreamsConfigurationUnitTests" name="StreamsConfiguration_CopyConstructor_Success" />
    </UnitTest>
    <UnitTest name="Transform_XmlWithPassword_PasswordChanged" storage="d:\actions-runner\_work\xpco\xpco\corporate\shared\common.integration\tst\videoos.common.integration.unittests\bin\x64\debug\net472\videoos.common.integration.unittests.dll" id="b1c2e496-eb63-07be-9962-24e7adb72f7e">
      <Execution id="7f0056d7-4659-42a9-a162-869172fe9e2f" />
      <TestMethod codeBase="D:\actions-runner\_work\XPCO\XPCO\Corporate\Shared\Common.Integration\tst\VideoOS.Common.Integration.UnitTests\bin\x64\Debug\net472\VideoOS.Common.Integration.UnitTests.dll" adapterTypeName="executor://mstestadapter/v2" className="VideoOS.Common.Integration.UnitTests.Configuration.ConfigurationDataSetEncryption.HardwareScanEncryptionTests" name="Transform_XmlWithPassword_PasswordChanged" />
    </UnitTest>
    <UnitTest name="LicenseActivationService_AcquireLicense_AccessDenied_MismatchOnSid" storage="d:\actions-runner\_work\xpco\xpco\corporate\shared\common.integration\tst\videoos.common.integration.unittests\bin\x64\debug\net472\videoos.common.integration.unittests.dll" id="d7f27462-6704-d08a-95b8-e99863056ad7">
      <Execution id="f5a25778-501f-444b-9879-de2573f43852" />
      <TestMethod codeBase="D:\actions-runner\_work\XPCO\XPCO\Corporate\Shared\Common.Integration\tst\VideoOS.Common.Integration.UnitTests\bin\x64\Debug\net472\VideoOS.Common.Integration.UnitTests.dll" adapterTypeName="executor://mstestadapter/v2" className="VideoOS.Common.Integration.UnitTests.License.LicenseActivationServiceTests" name="LicenseActivationService_AcquireLicense_AccessDenied_MismatchOnSid" />
    </UnitTest>
    <UnitTest name="TokenHandler_CheckToken" storage="d:\actions-runner\_work\xpco\xpco\corporate\shared\common.integration\tst\videoos.common.integration.unittests\bin\x64\debug\net472\videoos.common.integration.unittests.dll" id="819c0979-239a-1bbe-8aec-82c5d15d99c9">
      <Execution id="1669c74f-ad9a-4b1c-9ac8-eb28aced706e" />
      <TestMethod codeBase="D:\actions-runner\_work\XPCO\XPCO\Corporate\Shared\Common.Integration\tst\VideoOS.Common.Integration.UnitTests\bin\x64\Debug\net472\VideoOS.Common.Integration.UnitTests.dll" adapterTypeName="executor://mstestadapter/v2" className="VideoOS.Common.Integration.UnitTests.Security.TokenHandler_UnitTests" name="TokenHandler_CheckToken" />
    </UnitTest>
    <UnitTest name="RegisterRecorderModel_RequiredPropertiesAreNull_Failed" storage="d:\actions-runner\_work\xpco\xpco\corporate\shared\common.integration\tst\videoos.common.integration.unittests\bin\x64\debug\net472\videoos.common.integration.unittests.dll" id="86a673a2-82fc-6064-d36e-b4b615855370">
      <Execution id="6d60c29a-3c84-4362-baea-b94a31008797" />
      <TestMethod codeBase="D:\actions-runner\_work\XPCO\XPCO\Corporate\Shared\Common.Integration\tst\VideoOS.Common.Integration.UnitTests\bin\x64\Debug\net472\VideoOS.Common.Integration.UnitTests.dll" adapterTypeName="executor://mstestadapter/v2" className="VideoOS.Common.Integration.UnitTests.WebAPI.Model.Server.RegisterRecorderModelTest" name="RegisterRecorderModel_RequiredPropertiesAreNull_Failed" />
    </UnitTest>
    <UnitTest name="RecorderInfo_Construct_NullDevicePackInfo_ConvertsToEmptyString" storage="d:\actions-runner\_work\xpco\xpco\corporate\shared\common.integration\tst\videoos.common.integration.unittests\bin\x64\debug\net472\videoos.common.integration.unittests.dll" id="a647f8bf-d41a-f3dd-efa0-b9a69b0bb3ad">
      <Execution id="17cfb09c-c51d-46c1-9a91-7fe763152e04" />
      <TestMethod codeBase="D:\actions-runner\_work\XPCO\XPCO\Corporate\Shared\Common.Integration\tst\VideoOS.Common.Integration.UnitTests\bin\x64\Debug\net472\VideoOS.Common.Integration.UnitTests.dll" adapterTypeName="executor://mstestadapter/v2" className="VideoOS.Common.Integration.UnitTests.License.RecorderInfoTests" name="RecorderInfo_Construct_NullDevicePackInfo_ConvertsToEmptyString" />
    </UnitTest>
    <UnitTest name="Test_MemberOf_NoMembers" storage="d:\actions-runner\_work\xpco\xpco\corporate\shared\common.integration\tst\videoos.common.integration.unittests\bin\x64\debug\net472\videoos.common.integration.unittests.dll" id="59310481-64b7-242c-7522-61f64873c88b">
      <Execution id="2bac8811-f287-4cd2-8a41-b06af3bb6a90" />
      <TestMethod codeBase="D:\actions-runner\_work\XPCO\XPCO\Corporate\Shared\Common.Integration\tst\VideoOS.Common.Integration.UnitTests\bin\x64\Debug\net472\VideoOS.Common.Integration.UnitTests.dll" adapterTypeName="executor://mstestadapter/v2" className="VideoOS.Common.Integration.UnitTests.Caching.MembershipCacheUnitTest" name="Test_MemberOf_NoMembers" />
    </UnitTest>
    <UnitTest name="Constructor_LoggerIsNull_ArgumentNullExceptionThrown" storage="d:\actions-runner\_work\xpco\xpco\corporate\shared\common.integration\tst\videoos.common.integration.unittests\bin\x64\debug\net472\videoos.common.integration.unittests.dll" id="1e45a251-11ae-6a6c-e845-ac9b0a1e119b">
      <Execution id="23f60f3b-f876-4c2c-8ac1-04b45bba753c" />
      <TestMethod codeBase="D:\actions-runner\_work\XPCO\XPCO\Corporate\Shared\Common.Integration\tst\VideoOS.Common.Integration.UnitTests\bin\x64\Debug\net472\VideoOS.Common.Integration.UnitTests.dll" adapterTypeName="executor://mstestadapter/v2" className="VideoOS.Common.Integration.WebApi.HttpClientCommunicatorUnitTests" name="Constructor_LoggerIsNull_ArgumentNullExceptionThrown" />
    </UnitTest>
    <UnitTest name="WhiteList_IsModelWhiteListed_HWWith17CH_GlobalMaxChannelCount16ModelMaxChannelCountInvalid_ReturnsFalse" storage="d:\actions-runner\_work\xpco\xpco\corporate\shared\common.integration\tst\videoos.common.integration.unittests\bin\x64\debug\net472\videoos.common.integration.unittests.dll" id="f12700ba-8821-f0ba-12ed-2e40c237fae7">
      <TestCategory>
        <TestCategoryItem TestCategory="Licensing" />
      </TestCategory>
      <Execution id="0490c3b6-d54f-4c44-8021-f51a5141f3db" />
      <TestMethod codeBase="D:\actions-runner\_work\XPCO\XPCO\Corporate\Shared\Common.Integration\tst\VideoOS.Common.Integration.UnitTests\bin\x64\Debug\net472\VideoOS.Common.Integration.UnitTests.dll" adapterTypeName="executor://mstestadapter/v2" className="VideoOS.Common.Integration.UnitTests.License.LicenseWhitelistTests" name="WhiteList_IsModelWhiteListed_HWWith17CH_GlobalMaxChannelCount16ModelMaxChannelCountInvalid_ReturnsFalse" />
    </UnitTest>
    <UnitTest name="Validate_TotalNumberofMissingDeviceLicenses_Success" storage="d:\actions-runner\_work\xpco\xpco\corporate\shared\common.integration\tst\videoos.common.integration.unittests\bin\x64\debug\net472\videoos.common.integration.unittests.dll" id="773295cc-59cd-d800-77c2-1f2451913471">
      <Execution id="af4f5716-684f-4ee1-b6a9-d887228a510a" />
      <TestMethod codeBase="D:\actions-runner\_work\XPCO\XPCO\Corporate\Shared\Common.Integration\tst\VideoOS.Common.Integration.UnitTests\bin\x64\Debug\net472\VideoOS.Common.Integration.UnitTests.dll" adapterTypeName="executor://mstestadapter/v2" className="VideoOS.Common.Integration.UnitTests.License.LicenseReportGeneratorTests" name="Validate_TotalNumberofMissingDeviceLicenses_Success" />
    </UnitTest>
    <UnitTest name="CreateInstance_SettingsFileExists_AllowInsecureIsFalse_ReturnsValidInstance" storage="d:\actions-runner\_work\xpco\xpco\corporate\shared\common.integration\tst\videoos.common.integration.unittests\bin\x64\debug\net472\videoos.common.integration.unittests.dll" id="fb8d5c79-58b6-80d1-2a52-920824d60629">
      <Execution id="2a1f9559-ab7a-47d0-af3c-553989f67169" />
      <TestMethod codeBase="D:\actions-runner\_work\XPCO\XPCO\Corporate\Shared\Common.Integration\tst\VideoOS.Common.Integration.UnitTests\bin\x64\Debug\net472\VideoOS.Common.Integration.UnitTests.dll" adapterTypeName="executor://mstestadapter/v2" className="VideoOS.Common.Integration.UnitTests.ServerValidation.LocalUserOptionsTests" name="CreateInstance_SettingsFileExists_AllowInsecureIsFalse_ReturnsValidInstance" />
    </UnitTest>
    <UnitTest name="Construct_RequestContainer_InvalidLicenseRequestNull_ThrowsArgumentNullException" storage="d:\actions-runner\_work\xpco\xpco\corporate\shared\common.integration\tst\videoos.common.integration.unittests\bin\x64\debug\net472\videoos.common.integration.unittests.dll" id="501fdb8a-f92b-d075-e620-623a1ca6057e">
      <Execution id="18c5be7c-fec7-4f46-ba98-9fcc8bef669a" />
      <TestMethod codeBase="D:\actions-runner\_work\XPCO\XPCO\Corporate\Shared\Common.Integration\tst\VideoOS.Common.Integration.UnitTests\bin\x64\Debug\net472\VideoOS.Common.Integration.UnitTests.dll" adapterTypeName="executor://mstestadapter/v2" className="VideoOS.Common.Integration.UnitTests.License.LicenseContainerTests" name="Construct_RequestContainer_InvalidLicenseRequestNull_ThrowsArgumentNullException" />
    </UnitTest>
    <UnitTest name="SendAsync_ConnectFailure_EndpointNotFoundCalled" storage="d:\actions-runner\_work\xpco\xpco\corporate\shared\common.integration\tst\videoos.common.integration.unittests\bin\x64\debug\net472\videoos.common.integration.unittests.dll" id="b8ba5f7f-17cc-c85b-dce2-63750138edfd">
      <Execution id="227859e3-e5fd-4804-9155-8726c98ce6d0" />
      <TestMethod codeBase="D:\actions-runner\_work\XPCO\XPCO\Corporate\Shared\Common.Integration\tst\VideoOS.Common.Integration.UnitTests\bin\x64\Debug\net472\VideoOS.Common.Integration.UnitTests.dll" adapterTypeName="executor://mstestadapter/v2" className="VideoOS.Common.Integration.WebApi.HttpClientCommunicatorUnitTests" name="SendAsync_ConnectFailure_EndpointNotFoundCalled" />
    </UnitTest>
    <UnitTest name="Receive_InvalidOperationExceptionThrown_ExceptionLoggedAndDefaultValueReturned" storage="d:\actions-runner\_work\xpco\xpco\corporate\shared\common.integration\tst\videoos.common.integration.unittests\bin\x64\debug\net472\videoos.common.integration.unittests.dll" id="9e32d489-1b7f-4162-4f60-2c6c32595e74">
      <Execution id="cc4e55ad-6c8f-4aa8-86ad-1aec20765dc4" />
      <TestMethod codeBase="D:\actions-runner\_work\XPCO\XPCO\Corporate\Shared\Common.Integration\tst\VideoOS.Common.Integration.UnitTests\bin\x64\Debug\net472\VideoOS.Common.Integration.UnitTests.dll" adapterTypeName="executor://mstestadapter/v2" className="VideoOS.Common.Integration.WebApi.HttpClientCommunicatorUnitTests" name="Receive_InvalidOperationExceptionThrown_ExceptionLoggedAndDefaultValueReturned" />
    </UnitTest>
    <UnitTest name="ModelValidation_RequiredPropertiesAreNull_Failed" storage="d:\actions-runner\_work\xpco\xpco\corporate\shared\common.integration\tst\videoos.common.integration.unittests\bin\x64\debug\net472\videoos.common.integration.unittests.dll" id="f30d8614-f626-043b-8455-905f5ace7fbe">
      <Execution id="085c8808-11e8-4eef-9a8c-af0f3c13ed7b" />
      <TestMethod codeBase="D:\actions-runner\_work\XPCO\XPCO\Corporate\Shared\Common.Integration\tst\VideoOS.Common.Integration.UnitTests\bin\x64\Debug\net472\VideoOS.Common.Integration.UnitTests.dll" adapterTypeName="executor://mstestadapter/v2" className="VideoOS.Common.Integration.UnitTests.WebAPI.Model.VideoWallModelTest" name="ModelValidation_RequiredPropertiesAreNull_Failed" />
    </UnitTest>
    <UnitTest name="DataSetUtility_UpdateLastModified_UnnamedDataSet_DevicePrivacyMask_LastModified_Changed" storage="d:\actions-runner\_work\xpco\xpco\corporate\shared\common.integration\tst\videoos.common.integration.unittests\bin\x64\debug\net472\videoos.common.integration.unittests.dll" id="be8725ff-af8f-b1a5-1ead-818d159b9d06">
      <Execution id="6c63100f-86a3-42a0-85ff-ce9438184ff9" />
      <TestMethod codeBase="D:\actions-runner\_work\XPCO\XPCO\Corporate\Shared\Common.Integration\tst\VideoOS.Common.Integration.UnitTests\bin\x64\Debug\net472\VideoOS.Common.Integration.UnitTests.dll" adapterTypeName="executor://mstestadapter/v2" className="VideoOS.Common.Integration.UnitTests.DataSetUtilityUnitTests" name="DataSetUtility_UpdateLastModified_UnnamedDataSet_DevicePrivacyMask_LastModified_Changed" />
    </UnitTest>
    <UnitTest name="RecurringSchedule_GetNextScheduleTime_Weekly_Every_2nd_Tuesday_At_4_00" storage="d:\actions-runner\_work\xpco\xpco\corporate\shared\common.integration\tst\videoos.common.integration.unittests\bin\x64\debug\net472\videoos.common.integration.unittests.dll" id="7f415fe9-f2f4-e9a4-723c-4302acb7f4e5">
      <Execution id="d990632e-c539-4efd-9992-3e95621f9f52" />
      <TestMethod codeBase="D:\actions-runner\_work\XPCO\XPCO\Corporate\Shared\Common.Integration\tst\VideoOS.Common.Integration.UnitTests\bin\x64\Debug\net472\VideoOS.Common.Integration.UnitTests.dll" adapterTypeName="executor://mstestadapter/v2" className="VideoOS.Common.Integration.UnitTests.Scheduling.RecurringScheduleTest" name="RecurringSchedule_GetNextScheduleTime_Weekly_Every_2nd_Tuesday_At_4_00" />
    </UnitTest>
    <UnitTest name="CustomLicenseType_FeatureFlagPresentDriversPresentEnabledHardwareManyActiveCamerasExceedingLimit" storage="d:\actions-runner\_work\xpco\xpco\corporate\shared\common.integration\tst\videoos.common.integration.unittests\bin\x64\debug\net472\videoos.common.integration.unittests.dll" id="ce5ea23f-2354-3b05-4b07-af77ca28be84">
      <TestCategory>
        <TestCategoryItem TestCategory="CustomLicenseTypeTest" />
      </TestCategory>
      <Execution id="fc032819-6a54-4e41-8a8f-4915a41da245" />
      <TestMethod codeBase="D:\actions-runner\_work\XPCO\XPCO\Corporate\Shared\Common.Integration\tst\VideoOS.Common.Integration.UnitTests\bin\x64\Debug\net472\VideoOS.Common.Integration.UnitTests.dll" adapterTypeName="executor://mstestadapter/v2" className="VideoOS.Common.Integration.UnitTests.License.CustomLicenseTypeTests" name="CustomLicenseType_FeatureFlagPresentDriversPresentEnabledHardwareManyActiveCamerasExceedingLimit" />
    </UnitTest>
    <UnitTest name="Decrypt_DataSetIsNull_ThrowsArgumentNullException" storage="d:\actions-runner\_work\xpco\xpco\corporate\shared\common.integration\tst\videoos.common.integration.unittests\bin\x64\debug\net472\videoos.common.integration.unittests.dll" id="ddf293a3-38e0-7a52-5485-6c7fa59ccec3">
      <Execution id="566191d8-3db5-4cc9-b2bf-327fc8672310" />
      <TestMethod codeBase="D:\actions-runner\_work\XPCO\XPCO\Corporate\Shared\Common.Integration\tst\VideoOS.Common.Integration.UnitTests\bin\x64\Debug\net472\VideoOS.Common.Integration.UnitTests.dll" adapterTypeName="executor://mstestadapter/v2" className="VideoOS.Common.Integration.UnitTests.Configuration.HostedHardwareTableAdapterTests" name="Decrypt_DataSetIsNull_ThrowsArgumentNullException" />
    </UnitTest>
    <UnitTest name="IPHardwareBlockCollection_Ctor_ConfigurationManager_Null_Throws_ArgumentNullException" storage="d:\actions-runner\_work\xpco\xpco\corporate\shared\common.integration\tst\videoos.common.integration.unittests\bin\x64\debug\net472\videoos.common.integration.unittests.dll" id="e44dbd48-1fa2-94e7-65f8-2d11a07a499e">
      <Execution id="3b06db3b-d0d6-4709-844a-97afc0a09f94" />
      <TestMethod codeBase="D:\actions-runner\_work\XPCO\XPCO\Corporate\Shared\Common.Integration\tst\VideoOS.Common.Integration.UnitTests\bin\x64\Debug\net472\VideoOS.Common.Integration.UnitTests.dll" adapterTypeName="executor://mstestadapter/v2" className="VideoOS.Common.Integration.UnitTests.ConfigurationManager.IPHardwareBlockCollectionUnitTests" name="IPHardwareBlockCollection_Ctor_ConfigurationManager_Null_Throws_ArgumentNullException" />
    </UnitTest>
    <UnitTest name="Constructor_ThrowsException_OnNonICPHardwareWithNullMacAddress" storage="d:\actions-runner\_work\xpco\xpco\corporate\shared\common.integration\tst\videoos.common.integration.unittests\bin\x64\debug\net472\videoos.common.integration.unittests.dll" id="5a5472e0-863f-8bcc-020c-c51996b4074b">
      <TestCategory>
        <TestCategoryItem TestCategory="Licensing" />
      </TestCategory>
      <Execution id="6ceac554-7f0e-4bd2-aa8b-b53ccf373558" />
      <TestMethod codeBase="D:\actions-runner\_work\XPCO\XPCO\Corporate\Shared\Common.Integration\tst\VideoOS.Common.Integration.UnitTests\bin\x64\Debug\net472\VideoOS.Common.Integration.UnitTests.dll" adapterTypeName="executor://mstestadapter/v2" className="VideoOS.Common.Integration.UnitTests.License.AggregateFeedDictionaryTests" name="Constructor_ThrowsException_OnNonICPHardwareWithNullMacAddress" />
    </UnitTest>
    <UnitTest name="IPHardwareBlockCollection_Remove_Null_Throws_ArgumentNullException" storage="d:\actions-runner\_work\xpco\xpco\corporate\shared\common.integration\tst\videoos.common.integration.unittests\bin\x64\debug\net472\videoos.common.integration.unittests.dll" id="08b9aa2a-4c76-ae65-2ac2-b475d0e3b070">
      <Execution id="ad8c6c43-630d-481d-9534-c1cf2a811ddf" />
      <TestMethod codeBase="D:\actions-runner\_work\XPCO\XPCO\Corporate\Shared\Common.Integration\tst\VideoOS.Common.Integration.UnitTests\bin\x64\Debug\net472\VideoOS.Common.Integration.UnitTests.dll" adapterTypeName="executor://mstestadapter/v2" className="VideoOS.Common.Integration.UnitTests.ConfigurationManager.IPHardwareBlockCollectionUnitTests" name="IPHardwareBlockCollection_Remove_Null_Throws_ArgumentNullException" />
    </UnitTest>
    <UnitTest name="Test_IsMemeber_Simple2Branched" storage="d:\actions-runner\_work\xpco\xpco\corporate\shared\common.integration\tst\videoos.common.integration.unittests\bin\x64\debug\net472\videoos.common.integration.unittests.dll" id="9677838f-755f-92eb-b624-4016402ab1a7">
      <Execution id="7d601cbe-fac8-42c1-b43e-c930faf403cd" />
      <TestMethod codeBase="D:\actions-runner\_work\XPCO\XPCO\Corporate\Shared\Common.Integration\tst\VideoOS.Common.Integration.UnitTests\bin\x64\Debug\net472\VideoOS.Common.Integration.UnitTests.dll" adapterTypeName="executor://mstestadapter/v2" className="VideoOS.Common.Integration.UnitTests.Caching.MembershipCacheUnitTest" name="Test_IsMemeber_Simple2Branched" />
    </UnitTest>
    <UnitTest name="EventMetadataTimestampParsesMillisecondsCorrectly" storage="d:\actions-runner\_work\xpco\xpco\corporate\shared\common.integration\tst\videoos.common.integration.unittests\bin\x64\debug\net472\videoos.common.integration.unittests.dll" id="b5fe4d80-a771-d795-9cf5-4a66a567f080">
      <Execution id="d3c66172-69b5-4605-ad07-5936e2ad921f" />
      <TestMethod codeBase="D:\actions-runner\_work\XPCO\XPCO\Corporate\Shared\Common.Integration\tst\VideoOS.Common.Integration.UnitTests\bin\x64\Debug\net472\VideoOS.Common.Integration.UnitTests.dll" adapterTypeName="executor://mstestadapter/v2" className="VideoOS.Common.Integration.UnitTests.Rules.RuleEventsTests" name="EventMetadataTimestampParsesMillisecondsCorrectly" />
    </UnitTest>
    <UnitTest name="TestMergeGridAreaWithNullAndValidArea" storage="d:\actions-runner\_work\xpco\xpco\corporate\shared\common.integration\tst\videoos.common.integration.unittests\bin\x64\debug\net472\videoos.common.integration.unittests.dll" id="de5f04a0-a300-b1b7-cb67-889e5c76d83e">
      <Execution id="a1889e0d-38ea-461f-80a9-8fb752bffcea" />
      <TestMethod codeBase="D:\actions-runner\_work\XPCO\XPCO\Corporate\Shared\Common.Integration\tst\VideoOS.Common.Integration.UnitTests\bin\x64\Debug\net472\VideoOS.Common.Integration.UnitTests.dll" adapterTypeName="executor://mstestadapter/v2" className="VideoOS.Common.Integration.UnitTests.Configuration.FillableGridAreaUnitTest" name="TestMergeGridAreaWithNullAndValidArea" />
    </UnitTest>
    <UnitTest name="TestSetRegionFillsTheRegionsWithClearingRegions" storage="d:\actions-runner\_work\xpco\xpco\corporate\shared\common.integration\tst\videoos.common.integration.unittests\bin\x64\debug\net472\videoos.common.integration.unittests.dll" id="6dba7c0b-047f-50dc-25ca-dca8e07fa880">
      <Execution id="df4e34e9-a12b-4768-9eb0-1f7d65a6f02c" />
      <TestMethod codeBase="D:\actions-runner\_work\XPCO\XPCO\Corporate\Shared\Common.Integration\tst\VideoOS.Common.Integration.UnitTests\bin\x64\Debug\net472\VideoOS.Common.Integration.UnitTests.dll" adapterTypeName="executor://mstestadapter/v2" className="VideoOS.Common.Integration.UnitTests.Configuration.FillableGridAreaUnitTest" name="TestSetRegionFillsTheRegionsWithClearingRegions" />
    </UnitTest>
    <UnitTest name="WhiteList_CreateInstanceWithNullParameter_RaisesArgumentNullException" storage="d:\actions-runner\_work\xpco\xpco\corporate\shared\common.integration\tst\videoos.common.integration.unittests\bin\x64\debug\net472\videoos.common.integration.unittests.dll" id="af370423-aaa2-ce39-e12e-b8481c147bd5">
      <TestCategory>
        <TestCategoryItem TestCategory="Licensing" />
      </TestCategory>
      <Execution id="e9871d7f-8926-46af-b1d0-e0a77f0ab22c" />
      <TestMethod codeBase="D:\actions-runner\_work\XPCO\XPCO\Corporate\Shared\Common.Integration\tst\VideoOS.Common.Integration.UnitTests\bin\x64\Debug\net472\VideoOS.Common.Integration.UnitTests.dll" adapterTypeName="executor://mstestadapter/v2" className="VideoOS.Common.Integration.UnitTests.License.LicenseWhitelistTests" name="WhiteList_CreateInstanceWithNullParameter_RaisesArgumentNullException" />
    </UnitTest>
    <UnitTest name="ReadIdentitiesFromCache_NullInSidArray" storage="d:\actions-runner\_work\xpco\xpco\corporate\shared\common.integration\tst\videoos.common.integration.unittests\bin\x64\debug\net472\videoos.common.integration.unittests.dll" id="720ad9f3-d678-fa3e-4723-3c4456aab4c4">
      <Execution id="72c007e9-9aae-4281-8917-64c4dd1a79f8" />
      <TestMethod codeBase="D:\actions-runner\_work\XPCO\XPCO\Corporate\Shared\Common.Integration\tst\VideoOS.Common.Integration.UnitTests\bin\x64\Debug\net472\VideoOS.Common.Integration.UnitTests.dll" adapterTypeName="executor://mstestadapter/v2" className="VideoOS.Common.Integration.UnitTests.Caching.SecurityIdentityCacheUnitTests" name="ReadIdentitiesFromCache_NullInSidArray" />
    </UnitTest>
    <UnitTest name="RefCountedObjectWrapper_ExecuteCallWithRefCount_InstanceIsDisposed_ObjectDeadException" storage="d:\actions-runner\_work\xpco\xpco\corporate\shared\common.integration\tst\videoos.common.integration.unittests\bin\x64\debug\net472\videoos.common.integration.unittests.dll" id="15ce45c8-1c40-ad16-f9e1-9bd9c36f7d92">
      <Execution id="096a7957-20de-47aa-a67e-67e7868b6fb5" />
      <TestMethod codeBase="D:\actions-runner\_work\XPCO\XPCO\Corporate\Shared\Common.Integration\tst\VideoOS.Common.Integration.UnitTests\bin\x64\Debug\net472\VideoOS.Common.Integration.UnitTests.dll" adapterTypeName="executor://mstestadapter/v2" className="VideoOS.Common.Integration.UnitTests.Threading.RefCountedObjectWrapperTests" name="RefCountedObjectWrapper_ExecuteCallWithRefCount_InstanceIsDisposed_ObjectDeadException" />
    </UnitTest>
    <UnitTest name="HardwareInfo_EnabledCameraIndexes_ReturnsCorrectIndexes" storage="d:\actions-runner\_work\xpco\xpco\corporate\shared\common.integration\tst\videoos.common.integration.unittests\bin\x64\debug\net472\videoos.common.integration.unittests.dll" id="1887b46f-da52-8372-d2fc-a27d60c83f34">
      <Execution id="e61b4b62-b35b-4fc6-921a-404c0d776783" />
      <TestMethod codeBase="D:\actions-runner\_work\XPCO\XPCO\Corporate\Shared\Common.Integration\tst\VideoOS.Common.Integration.UnitTests\bin\x64\Debug\net472\VideoOS.Common.Integration.UnitTests.dll" adapterTypeName="executor://mstestadapter/v2" className="VideoOS.Common.Integration.UnitTests.License.HardwareInfoTests" name="HardwareInfo_EnabledCameraIndexes_ReturnsCorrectIndexes" />
    </UnitTest>
    <UnitTest name="HardwareInfo_DriverNumberRemembered_Success" storage="d:\actions-runner\_work\xpco\xpco\corporate\shared\common.integration\tst\videoos.common.integration.unittests\bin\x64\debug\net472\videoos.common.integration.unittests.dll" id="4289ec90-7f3b-b6e9-b992-b3870017d468">
      <Execution id="f16e74e2-e2ea-406f-b9f3-6eb75ba8e808" />
      <TestMethod codeBase="D:\actions-runner\_work\XPCO\XPCO\Corporate\Shared\Common.Integration\tst\VideoOS.Common.Integration.UnitTests\bin\x64\Debug\net472\VideoOS.Common.Integration.UnitTests.dll" adapterTypeName="executor://mstestadapter/v2" className="VideoOS.Common.Integration.UnitTests.License.HardwareInfoTests" name="HardwareInfo_DriverNumberRemembered_Success" />
    </UnitTest>
    <UnitTest name="DatabaseResponseArchiveInformationModel_NoValuesSet_ValidationFailure" storage="d:\actions-runner\_work\xpco\xpco\corporate\shared\common.integration\tst\videoos.common.integration.unittests\bin\x64\debug\net472\videoos.common.integration.unittests.dll" id="5a17ed4c-ed1a-0df1-6542-c562df563b89">
      <Execution id="993f266f-36d7-43af-95fb-f67cb9d86b2b" />
      <TestMethod codeBase="D:\actions-runner\_work\XPCO\XPCO\Corporate\Shared\Common.Integration\tst\VideoOS.Common.Integration.UnitTests\bin\x64\Debug\net472\VideoOS.Common.Integration.UnitTests.dll" adapterTypeName="executor://mstestadapter/v2" className="VideoOS.Common.Integration.UnitTests.WebApi.Model.DatabaseResponseModelTest" name="DatabaseResponseArchiveInformationModel_NoValuesSet_ValidationFailure" />
    </UnitTest>
    <UnitTest name="HttpClientCommunicatorWrapper_PatchTObj_Success" storage="d:\actions-runner\_work\xpco\xpco\corporate\shared\common.integration\tst\videoos.common.integration.unittests\bin\x64\debug\net472\videoos.common.integration.unittests.dll" id="5406fb6b-8719-5ec0-fd3a-9d1d45929e4f">
      <Execution id="b37e17fe-3ea1-46c3-87cf-7a912804db00" />
      <TestMethod codeBase="D:\actions-runner\_work\XPCO\XPCO\Corporate\Shared\Common.Integration\tst\VideoOS.Common.Integration.UnitTests\bin\x64\Debug\net472\VideoOS.Common.Integration.UnitTests.dll" adapterTypeName="executor://mstestadapter/v2" className="VideoOS.Common.Integration.UnitTests.WebAPI.HttpClientCommunicatorWrapperTests" name="HttpClientCommunicatorWrapper_PatchTObj_Success" />
    </UnitTest>
    <UnitTest name="BoolResponseModel_NoValuesSet_ValidationFailure" storage="d:\actions-runner\_work\xpco\xpco\corporate\shared\common.integration\tst\videoos.common.integration.unittests\bin\x64\debug\net472\videoos.common.integration.unittests.dll" id="1ec38645-b6f6-9972-e956-d407b17fc86e">
      <Execution id="0af9e48e-b8a5-4e92-b076-655a5030dbae" />
      <TestMethod codeBase="D:\actions-runner\_work\XPCO\XPCO\Corporate\Shared\Common.Integration\tst\VideoOS.Common.Integration.UnitTests\bin\x64\Debug\net472\VideoOS.Common.Integration.UnitTests.dll" adapterTypeName="executor://mstestadapter/v2" className="VideoOS.Common.Integration.UnitTests.WebAPI.Model.Server.Responses.BoolResponseModelTest" name="BoolResponseModel_NoValuesSet_ValidationFailure" />
    </UnitTest>
    <UnitTest name="TestMergeGridAreaWithValidAreasFirstIsLarger" storage="d:\actions-runner\_work\xpco\xpco\corporate\shared\common.integration\tst\videoos.common.integration.unittests\bin\x64\debug\net472\videoos.common.integration.unittests.dll" id="26272422-d4f8-7037-4e23-a6928ea25dc4">
      <Execution id="acdaaaac-4d33-4f33-b856-0f5e64ace099" />
      <TestMethod codeBase="D:\actions-runner\_work\XPCO\XPCO\Corporate\Shared\Common.Integration\tst\VideoOS.Common.Integration.UnitTests\bin\x64\Debug\net472\VideoOS.Common.Integration.UnitTests.dll" adapterTypeName="executor://mstestadapter/v2" className="VideoOS.Common.Integration.UnitTests.Configuration.FillableGridAreaUnitTest" name="TestMergeGridAreaWithValidAreasFirstIsLarger" />
    </UnitTest>
    <UnitTest name="Mac_Address_Empty_Test_False_1" storage="d:\actions-runner\_work\xpco\xpco\corporate\shared\common.integration\tst\videoos.common.integration.unittests\bin\x64\debug\net472\videoos.common.integration.unittests.dll" id="9d35c45f-30de-9629-1760-ce591fc77afc">
      <Execution id="31839463-162c-4571-afb7-fdb39b2314d0" />
      <TestMethod codeBase="D:\actions-runner\_work\XPCO\XPCO\Corporate\Shared\Common.Integration\tst\VideoOS.Common.Integration.UnitTests\bin\x64\Debug\net472\VideoOS.Common.Integration.UnitTests.dll" adapterTypeName="executor://mstestadapter/v2" className="VideoOS.Common.Integration.UnitTests.License.MacAddressUtilitiesTest" name="Mac_Address_Empty_Test_False_1" />
    </UnitTest>
    <UnitTest name="CheckAllMIPFiltersKindsTestNotOk5" storage="d:\actions-runner\_work\xpco\xpco\corporate\shared\common.integration\tst\videoos.common.integration.unittests\bin\x64\debug\net472\videoos.common.integration.unittests.dll" id="3e05d949-dbce-a0b7-2862-9e4fd932d57d">
      <TestCategory>
        <TestCategoryItem TestCategory="Rules.MIPFilter" />
      </TestCategory>
      <Execution id="38b32631-5cff-41c9-9f25-95be63c75a74" />
      <TestMethod codeBase="D:\actions-runner\_work\XPCO\XPCO\Corporate\Shared\Common.Integration\tst\VideoOS.Common.Integration.UnitTests\bin\x64\Debug\net472\VideoOS.Common.Integration.UnitTests.dll" adapterTypeName="executor://mstestadapter/v2" className="VideoOS.Common.Integration.UnitTests.Rules.MIPFilterTest" name="CheckAllMIPFiltersKindsTestNotOk5" />
    </UnitTest>
    <UnitTest name="Constructor_ThrowsException_WhenICPHardwareAndNonIcpHardwareIsMixed_FirstHardwareIsIcp" storage="d:\actions-runner\_work\xpco\xpco\corporate\shared\common.integration\tst\videoos.common.integration.unittests\bin\x64\debug\net472\videoos.common.integration.unittests.dll" id="93ba20f1-9560-40bb-06a0-4d9f99278d90">
      <TestCategory>
        <TestCategoryItem TestCategory="Licensing" />
      </TestCategory>
      <Execution id="5fb629f9-0d9d-4e59-bec1-4184ca349a68" />
      <TestMethod codeBase="D:\actions-runner\_work\XPCO\XPCO\Corporate\Shared\Common.Integration\tst\VideoOS.Common.Integration.UnitTests\bin\x64\Debug\net472\VideoOS.Common.Integration.UnitTests.dll" adapterTypeName="executor://mstestadapter/v2" className="VideoOS.Common.Integration.UnitTests.License.AggregateFeedDictionaryTests" name="Constructor_ThrowsException_WhenICPHardwareAndNonIcpHardwareIsMixed_FirstHardwareIsIcp" />
    </UnitTest>
    <UnitTest name="ToModelAudit_ValidEntry_SuccessConvertion" storage="d:\actions-runner\_work\xpco\xpco\corporate\shared\common.integration\tst\videoos.common.integration.unittests\bin\x64\debug\net472\videoos.common.integration.unittests.dll" id="201f8ac5-c7a1-9e49-1a3f-d3d7771740aa">
      <Execution id="0b0d23af-9bb1-4cfe-bc51-baf72dcc5b65" />
      <TestMethod codeBase="D:\actions-runner\_work\XPCO\XPCO\Corporate\Shared\Common.Integration\tst\VideoOS.Common.Integration.UnitTests\bin\x64\Debug\net472\VideoOS.Common.Integration.UnitTests.dll" adapterTypeName="executor://mstestadapter/v2" className="VideoOS.Common.Integration.UnitTests.WebAPI.Model.Server.LogEntryModelConverterTest" name="ToModelAudit_ValidEntry_SuccessConvertion" />
    </UnitTest>
    <UnitTest name="BindToType_BindToNonAllowedTypes_InvalidOperationException" storage="d:\actions-runner\_work\xpco\xpco\corporate\shared\common.integration\tst\videoos.common.integration.unittests\bin\x64\debug\net472\videoos.common.integration.unittests.dll" id="d4b7efc7-4d79-a4b9-746e-2119343bfa87">
      <Execution id="aa8309a8-2249-4199-bbf5-313f4460612c" />
      <TestMethod codeBase="D:\actions-runner\_work\XPCO\XPCO\Corporate\Shared\Common.Integration\tst\VideoOS.Common.Integration.UnitTests\bin\x64\Debug\net472\VideoOS.Common.Integration.UnitTests.dll" adapterTypeName="executor://mstestadapter/v2" className="VideoOS.Common.Integration.UnitTests.TypeFilteringSerializationBinderUtilityTest" name="BindToType_BindToNonAllowedTypes_InvalidOperationException" />
    </UnitTest>
    <UnitTest name="ModelValidation_ValidModel_Success" storage="d:\actions-runner\_work\xpco\xpco\corporate\shared\common.integration\tst\videoos.common.integration.unittests\bin\x64\debug\net472\videoos.common.integration.unittests.dll" id="a95939d0-bc91-4ab0-3fdc-587cd08779e6">
      <Execution id="e3fd01e9-b09f-4e75-b477-97e752798351" />
      <TestMethod codeBase="D:\actions-runner\_work\XPCO\XPCO\Corporate\Shared\Common.Integration\tst\VideoOS.Common.Integration.UnitTests\bin\x64\Debug\net472\VideoOS.Common.Integration.UnitTests.dll" adapterTypeName="executor://mstestadapter/v2" className="VideoOS.Common.Integration.UnitTests.WebAPI.Model.PtzStopSessionModelTest" name="ModelValidation_ValidModel_Success" />
    </UnitTest>
    <UnitTest name="ServiceContainer_GetInstance_CreationTakesParamatersNotFound_ThrowsInvalidOperationException" storage="d:\actions-runner\_work\xpco\xpco\corporate\shared\common.integration\tst\videoos.common.integration.unittests\bin\x64\debug\net472\videoos.common.integration.unittests.dll" id="0d1d9412-0cdd-2f20-6c17-ba9f8ebbc553">
      <TestCategory>
        <TestCategoryItem TestCategory="ServiceContainer" />
      </TestCategory>
      <Execution id="6807cc15-f707-49a8-9441-06dd914ad9e9" />
      <TestMethod codeBase="D:\actions-runner\_work\XPCO\XPCO\Corporate\Shared\Common.Integration\tst\VideoOS.Common.Integration.UnitTests\bin\x64\Debug\net472\VideoOS.Common.Integration.UnitTests.dll" adapterTypeName="executor://mstestadapter/v2" className="VideoOS.Common.Integration.ServiceContainerTests.ServiceContainerUnitTests" name="ServiceContainer_GetInstance_CreationTakesParamatersNotFound_ThrowsInvalidOperationException" />
    </UnitTest>
    <UnitTest name="CapabilityDefinition_ValidateValue_Success" storage="d:\actions-runner\_work\xpco\xpco\corporate\shared\common.integration\tst\videoos.common.integration.unittests\bin\x64\debug\net472\videoos.common.integration.unittests.dll" id="e8a795c8-e6f3-a9e8-7363-231655bd14dc">
      <Execution id="7d541d1d-558b-4f76-9a89-f4e4c6f6d93c" />
      <TestMethod codeBase="D:\actions-runner\_work\XPCO\XPCO\Corporate\Shared\Common.Integration\tst\VideoOS.Common.Integration.UnitTests\bin\x64\Debug\net472\VideoOS.Common.Integration.UnitTests.dll" adapterTypeName="executor://mstestadapter/v2" className="VideoOS.Common.Integration.UnitTests.Definition.Driver.CapabilityDefinitionUnitTests" name="CapabilityDefinition_ValidateValue_Success" />
    </UnitTest>
    <UnitTest name="Invoke_UserNotAuthenticated_NextIsCalled" storage="d:\actions-runner\_work\xpco\xpco\corporate\shared\common.integration\tst\videoos.common.integration.unittests\bin\x64\debug\net472\videoos.common.integration.unittests.dll" id="7c2cff16-4b49-5546-a9ec-2c5f3e66c7c9">
      <Execution id="9ab5b70c-b96f-4006-8e07-d60e5491e1d5" />
      <TestMethod codeBase="D:\actions-runner\_work\XPCO\XPCO\Corporate\Shared\Common.Integration\tst\VideoOS.Common.Integration.UnitTests\bin\x64\Debug\net472\VideoOS.Common.Integration.UnitTests.dll" adapterTypeName="executor://mstestadapter/v2" className="VideoOS.Common.Integration.UnitTests.WebApi.Middleware.ScopeValidationMiddlewareTests" name="Invoke_UserNotAuthenticated_NextIsCalled" />
    </UnitTest>
    <UnitTest name="Call_HttpPost_InvalidParam_ContentTypeNull_ThrowsArgumentNullException" storage="d:\actions-runner\_work\xpco\xpco\corporate\shared\common.integration\tst\videoos.common.integration.unittests\bin\x64\debug\net472\videoos.common.integration.unittests.dll" id="28b4eabe-a0f3-1367-b991-9614f5f0138f">
      <Execution id="101db7db-e0c8-4b49-a4a4-0beb74efdbfd" />
      <TestMethod codeBase="D:\actions-runner\_work\XPCO\XPCO\Corporate\Shared\Common.Integration\tst\VideoOS.Common.Integration.UnitTests\bin\x64\Debug\net472\VideoOS.Common.Integration.UnitTests.dll" adapterTypeName="executor://mstestadapter/v2" className="VideoOS.Common.Integration.UnitTests.Communication.HttpPostTests" name="Call_HttpPost_InvalidParam_ContentTypeNull_ThrowsArgumentNullException" />
    </UnitTest>
    <UnitTest name="RefCountedObjectWrapper_ExecuteCallWithRefCountTResult_Sucess" storage="d:\actions-runner\_work\xpco\xpco\corporate\shared\common.integration\tst\videoos.common.integration.unittests\bin\x64\debug\net472\videoos.common.integration.unittests.dll" id="c65384a1-c9f3-2d21-353b-a4c45057cae7">
      <Execution id="955ecf8b-7873-45fe-a5fb-60e306b3cd20" />
      <TestMethod codeBase="D:\actions-runner\_work\XPCO\XPCO\Corporate\Shared\Common.Integration\tst\VideoOS.Common.Integration.UnitTests\bin\x64\Debug\net472\VideoOS.Common.Integration.UnitTests.dll" adapterTypeName="executor://mstestadapter/v2" className="VideoOS.Common.Integration.UnitTests.Threading.RefCountedObjectWrapperTests" name="RefCountedObjectWrapper_ExecuteCallWithRefCountTResult_Sucess" />
    </UnitTest>
    <UnitTest name="StreamsConfiguration_EnsureLiveDefaultAndRecordTreads_Already_Valid_NoChanges" storage="d:\actions-runner\_work\xpco\xpco\corporate\shared\common.integration\tst\videoos.common.integration.unittests\bin\x64\debug\net472\videoos.common.integration.unittests.dll" id="ef2eae91-6c24-c925-6699-0f50da1fc570">
      <Execution id="0e1034ef-0d5f-485f-969f-fb401749e20f" />
      <TestMethod codeBase="D:\actions-runner\_work\XPCO\XPCO\Corporate\Shared\Common.Integration\tst\VideoOS.Common.Integration.UnitTests\bin\x64\Debug\net472\VideoOS.Common.Integration.UnitTests.dll" adapterTypeName="executor://mstestadapter/v2" className="VideoOS.Common.Integration.UnitTests.StreamsConfigurationUnitTests" name="StreamsConfiguration_EnsureLiveDefaultAndRecordTreads_Already_Valid_NoChanges" />
    </UnitTest>
    <UnitTest name="Index_GetEntriesByKey_Null_ThrowArgumentNullException" storage="d:\actions-runner\_work\xpco\xpco\corporate\shared\common.integration\tst\videoos.common.integration.unittests\bin\x64\debug\net472\videoos.common.integration.unittests.dll" id="893bfa2a-e628-42ae-9303-9a66c7e9adb7">
      <Execution id="e57bcb4b-4b57-4732-8a70-c636a9163fe4" />
      <TestMethod codeBase="D:\actions-runner\_work\XPCO\XPCO\Corporate\Shared\Common.Integration\tst\VideoOS.Common.Integration.UnitTests\bin\x64\Debug\net472\VideoOS.Common.Integration.UnitTests.dll" adapterTypeName="executor://mstestadapter/v2" className="VideoOS.Common.Integration.UnitTests.IndexedCollectionUnitTests" name="Index_GetEntriesByKey_Null_ThrowArgumentNullException" />
    </UnitTest>
    <UnitTest name="CreateInstance_SaveSettings_AllowInsecureIsFalse_Success" storage="d:\actions-runner\_work\xpco\xpco\corporate\shared\common.integration\tst\videoos.common.integration.unittests\bin\x64\debug\net472\videoos.common.integration.unittests.dll" id="e86cf0e8-0c6a-48d9-40ef-23c399804a39">
      <Execution id="29955eef-cf8b-4f8c-9704-bd8406f2502c" />
      <TestMethod codeBase="D:\actions-runner\_work\XPCO\XPCO\Corporate\Shared\Common.Integration\tst\VideoOS.Common.Integration.UnitTests\bin\x64\Debug\net472\VideoOS.Common.Integration.UnitTests.dll" adapterTypeName="executor://mstestadapter/v2" className="VideoOS.Common.Integration.UnitTests.ServerValidation.LocalUserOptionsTests" name="CreateInstance_SaveSettings_AllowInsecureIsFalse_Success" />
    </UnitTest>
    <UnitTest name="CalculateLicenseRequirements_DriverAndDevice_Not_Whitelisted_HardwareWithMultipleCameraDevicesCountsAsMultipleLicenses_ReturnsFalse" storage="d:\actions-runner\_work\xpco\xpco\corporate\shared\common.integration\tst\videoos.common.integration.unittests\bin\x64\debug\net472\videoos.common.integration.unittests.dll" id="52965488-cd13-96ff-31e1-362756910ed0">
      <Execution id="bbcaf9d1-cd3f-490c-9a84-72de919d739b" />
      <TestMethod codeBase="D:\actions-runner\_work\XPCO\XPCO\Corporate\Shared\Common.Integration\tst\VideoOS.Common.Integration.UnitTests\bin\x64\Debug\net472\VideoOS.Common.Integration.UnitTests.dll" adapterTypeName="executor://mstestadapter/v2" className="VideoOS.Common.Integration.UnitTests.License.LicenseCalculatorTests" name="CalculateLicenseRequirements_DriverAndDevice_Not_Whitelisted_HardwareWithMultipleCameraDevicesCountsAsMultipleLicenses_ReturnsFalse" />
    </UnitTest>
    <UnitTest name="HardwareInfo_EnabledDevices_ReturnsEmptyListWhenNoEnabledDevices" storage="d:\actions-runner\_work\xpco\xpco\corporate\shared\common.integration\tst\videoos.common.integration.unittests\bin\x64\debug\net472\videoos.common.integration.unittests.dll" id="e4a54c23-0013-4297-6386-e5dd4634423d">
      <Execution id="22e44e20-5ab5-4a37-b42d-baa9121be3e7" />
      <TestMethod codeBase="D:\actions-runner\_work\XPCO\XPCO\Corporate\Shared\Common.Integration\tst\VideoOS.Common.Integration.UnitTests\bin\x64\Debug\net472\VideoOS.Common.Integration.UnitTests.dll" adapterTypeName="executor://mstestadapter/v2" className="VideoOS.Common.Integration.UnitTests.License.HardwareInfoTests" name="HardwareInfo_EnabledDevices_ReturnsEmptyListWhenNoEnabledDevices" />
    </UnitTest>
    <UnitTest name="GroupConfigurationHelperEmpty" storage="d:\actions-runner\_work\xpco\xpco\corporate\shared\common.integration\tst\videoos.common.integration.unittests\bin\x64\debug\net472\videoos.common.integration.unittests.dll" id="25f38605-f8c7-ce11-a81c-bbb611d669a8">
      <TestCategory>
        <TestCategoryItem TestCategory="Rules.GroupConfiguration" />
      </TestCategory>
      <Execution id="eb79ba7a-ba15-4057-915e-faf72afa0345" />
      <TestMethod codeBase="D:\actions-runner\_work\XPCO\XPCO\Corporate\Shared\Common.Integration\tst\VideoOS.Common.Integration.UnitTests\bin\x64\Debug\net472\VideoOS.Common.Integration.UnitTests.dll" adapterTypeName="executor://mstestadapter/v2" className="VideoOS.Common.Integration.UnitTests.Rules.GroupConfigurationHelperTest" name="GroupConfigurationHelperEmpty" />
    </UnitTest>
    <UnitTest name="Hardware_Construct_NullHardwareInfo_Throws_ArgumentNullException" storage="d:\actions-runner\_work\xpco\xpco\corporate\shared\common.integration\tst\videoos.common.integration.unittests\bin\x64\debug\net472\videoos.common.integration.unittests.dll" id="cafac1ab-c633-fda7-fb40-dc38309d06e9">
      <Execution id="89eac6c6-a260-49cd-852d-20d4203db24c" />
      <TestMethod codeBase="D:\actions-runner\_work\XPCO\XPCO\Corporate\Shared\Common.Integration\tst\VideoOS.Common.Integration.UnitTests\bin\x64\Debug\net472\VideoOS.Common.Integration.UnitTests.dll" adapterTypeName="executor://mstestadapter/v2" className="VideoOS.Common.Integration.UnitTests.License.LicenseInfoTests" name="Hardware_Construct_NullHardwareInfo_Throws_ArgumentNullException" />
    </UnitTest>
    <UnitTest name="ReadAttributeAsString_NoChild" storage="d:\actions-runner\_work\xpco\xpco\corporate\shared\common.integration\tst\videoos.common.integration.unittests\bin\x64\debug\net472\videoos.common.integration.unittests.dll" id="bd2d0826-76d7-147e-adae-f69faa3e6789">
      <Execution id="edec5551-e737-42af-a83c-98bac4c102c7" />
      <TestMethod codeBase="D:\actions-runner\_work\XPCO\XPCO\Corporate\Shared\Common.Integration\tst\VideoOS.Common.Integration.UnitTests\bin\x64\Debug\net472\VideoOS.Common.Integration.UnitTests.dll" adapterTypeName="executor://mstestadapter/v2" className="VideoOS.Common.Integration.UnitTests.XmlDocumentExtensionsCoreUnitTests" name="ReadAttributeAsString_NoChild" />
    </UnitTest>
    <UnitTest name="StreamsConfiguration_ValidateConfiguration_Only_One_Stream_Allowed" storage="d:\actions-runner\_work\xpco\xpco\corporate\shared\common.integration\tst\videoos.common.integration.unittests\bin\x64\debug\net472\videoos.common.integration.unittests.dll" id="e7d37444-87df-9275-4bcf-bc12b4a83186">
      <Execution id="a1d24e53-508b-4245-89c2-e0ed1a9c65df" />
      <TestMethod codeBase="D:\actions-runner\_work\XPCO\XPCO\Corporate\Shared\Common.Integration\tst\VideoOS.Common.Integration.UnitTests\bin\x64\Debug\net472\VideoOS.Common.Integration.UnitTests.dll" adapterTypeName="executor://mstestadapter/v2" className="VideoOS.Common.Integration.UnitTests.StreamsConfigurationUnitTests" name="StreamsConfiguration_ValidateConfiguration_Only_One_Stream_Allowed" />
    </UnitTest>
    <UnitTest name="ReadAttributeAsBoolean_SunnyDayTrue" storage="d:\actions-runner\_work\xpco\xpco\corporate\shared\common.integration\tst\videoos.common.integration.unittests\bin\x64\debug\net472\videoos.common.integration.unittests.dll" id="715d0369-27be-2c88-65b5-10c8e2e568de">
      <Execution id="5c9c2a0f-78b8-43da-b9d2-bd76950d1ef3" />
      <TestMethod codeBase="D:\actions-runner\_work\XPCO\XPCO\Corporate\Shared\Common.Integration\tst\VideoOS.Common.Integration.UnitTests\bin\x64\Debug\net472\VideoOS.Common.Integration.UnitTests.dll" adapterTypeName="executor://mstestadapter/v2" className="VideoOS.Common.Integration.UnitTests.XmlDocumentExtensionsCoreUnitTests" name="ReadAttributeAsBoolean_SunnyDayTrue" />
    </UnitTest>
    <UnitTest name="Call_HttpPost_InvalidParam_ContentTypeEmptyString_ThrowsArgumentNullException" storage="d:\actions-runner\_work\xpco\xpco\corporate\shared\common.integration\tst\videoos.common.integration.unittests\bin\x64\debug\net472\videoos.common.integration.unittests.dll" id="12d56131-e9bc-1619-235b-368a698f6d39">
      <Execution id="aac1aaab-2868-4f2f-af2c-d0693744f084" />
      <TestMethod codeBase="D:\actions-runner\_work\XPCO\XPCO\Corporate\Shared\Common.Integration\tst\VideoOS.Common.Integration.UnitTests\bin\x64\Debug\net472\VideoOS.Common.Integration.UnitTests.dll" adapterTypeName="executor://mstestadapter/v2" className="VideoOS.Common.Integration.UnitTests.Communication.HttpPostTests" name="Call_HttpPost_InvalidParam_ContentTypeEmptyString_ThrowsArgumentNullException" />
    </UnitTest>
    <UnitTest name="ReadChildElementValueAsUInt64_RangeCheck_Min_Exact" storage="d:\actions-runner\_work\xpco\xpco\corporate\shared\common.integration\tst\videoos.common.integration.unittests\bin\x64\debug\net472\videoos.common.integration.unittests.dll" id="0e8e8f51-e792-357b-775e-46170c5c6d6b">
      <Execution id="8f8109a0-9521-4edf-a788-9d2dd286edf4" />
      <TestMethod codeBase="D:\actions-runner\_work\XPCO\XPCO\Corporate\Shared\Common.Integration\tst\VideoOS.Common.Integration.UnitTests\bin\x64\Debug\net472\VideoOS.Common.Integration.UnitTests.dll" adapterTypeName="executor://mstestadapter/v2" className="VideoOS.Common.Integration.UnitTests.XmlDocumentExtensionsCoreUnitTests" name="ReadChildElementValueAsUInt64_RangeCheck_Min_Exact" />
    </UnitTest>
    <UnitTest name="UpdateLicenseCount_DriverAndModelNotInWhiteList_ReturnsFalseAndChannelLicenseCountIsOne" storage="d:\actions-runner\_work\xpco\xpco\corporate\shared\common.integration\tst\videoos.common.integration.unittests\bin\x64\debug\net472\videoos.common.integration.unittests.dll" id="00254559-e169-8ef2-c047-eead4df50c27">
      <TestCategory>
        <TestCategoryItem TestCategory="Licensing" />
      </TestCategory>
      <Execution id="8e26de3e-ab8f-442a-a8d5-6f703bac3f56" />
      <TestMethod codeBase="D:\actions-runner\_work\XPCO\XPCO\Corporate\Shared\Common.Integration\tst\VideoOS.Common.Integration.UnitTests\bin\x64\Debug\net472\VideoOS.Common.Integration.UnitTests.dll" adapterTypeName="executor://mstestadapter/v2" className="VideoOS.Common.Integration.UnitTests.License.HardwareLicenseCountEvaluatorTests" name="UpdateLicenseCount_DriverAndModelNotInWhiteList_ReturnsFalseAndChannelLicenseCountIsOne" />
    </UnitTest>
    <UnitTest name="CheckAllMIPFiltersKindsTestNotOk1" storage="d:\actions-runner\_work\xpco\xpco\corporate\shared\common.integration\tst\videoos.common.integration.unittests\bin\x64\debug\net472\videoos.common.integration.unittests.dll" id="c1e8a5aa-8ce5-ec77-4374-273fc0e9a25b">
      <TestCategory>
        <TestCategoryItem TestCategory="Rules.MIPFilter" />
      </TestCategory>
      <Execution id="11dc28f1-21e9-4326-8d4d-062be52d32f7" />
      <TestMethod codeBase="D:\actions-runner\_work\XPCO\XPCO\Corporate\Shared\Common.Integration\tst\VideoOS.Common.Integration.UnitTests\bin\x64\Debug\net472\VideoOS.Common.Integration.UnitTests.dll" adapterTypeName="executor://mstestadapter/v2" className="VideoOS.Common.Integration.UnitTests.Rules.MIPFilterTest" name="CheckAllMIPFiltersKindsTestNotOk1" />
    </UnitTest>
    <UnitTest name="Encrypt_DataSetHasEmptyPassword_PasswordIsStillEmpty" storage="d:\actions-runner\_work\xpco\xpco\corporate\shared\common.integration\tst\videoos.common.integration.unittests\bin\x64\debug\net472\videoos.common.integration.unittests.dll" id="3cbb6295-6508-d2f3-02da-5c61b6a21f24">
      <Execution id="75c1f420-a097-44d5-93f8-043080f73d5e" />
      <TestMethod codeBase="D:\actions-runner\_work\XPCO\XPCO\Corporate\Shared\Common.Integration\tst\VideoOS.Common.Integration.UnitTests\bin\x64\Debug\net472\VideoOS.Common.Integration.UnitTests.dll" adapterTypeName="executor://mstestadapter/v2" className="VideoOS.Common.Integration.UnitTests.Configuration.HostingServerTableAdapterTests" name="Encrypt_DataSetHasEmptyPassword_PasswordIsStillEmpty" />
    </UnitTest>
    <UnitTest name="ReadAttributeAsInt32_RangeCheck_Min" storage="d:\actions-runner\_work\xpco\xpco\corporate\shared\common.integration\tst\videoos.common.integration.unittests\bin\x64\debug\net472\videoos.common.integration.unittests.dll" id="acb75f21-d78a-1ad7-20b2-f18a1ce3ed5b">
      <Execution id="9381c703-bb44-4e4d-a4cb-4bf4d97a646b" />
      <TestMethod codeBase="D:\actions-runner\_work\XPCO\XPCO\Corporate\Shared\Common.Integration\tst\VideoOS.Common.Integration.UnitTests\bin\x64\Debug\net472\VideoOS.Common.Integration.UnitTests.dll" adapterTypeName="executor://mstestadapter/v2" className="VideoOS.Common.Integration.UnitTests.XmlDocumentExtensionsCoreUnitTests" name="ReadAttributeAsInt32_RangeCheck_Min" />
    </UnitTest>
    <UnitTest name="CustomLicenseType_FeatureFlagPresentDriversPresentEnabledHardwareNoActiveCameras" storage="d:\actions-runner\_work\xpco\xpco\corporate\shared\common.integration\tst\videoos.common.integration.unittests\bin\x64\debug\net472\videoos.common.integration.unittests.dll" id="cc553600-50d5-ab20-3a15-05706b671d89">
      <TestCategory>
        <TestCategoryItem TestCategory="CustomLicenseTypeTest" />
      </TestCategory>
      <Execution id="75f36cb6-6a63-4e73-95e1-aee203839da4" />
      <TestMethod codeBase="D:\actions-runner\_work\XPCO\XPCO\Corporate\Shared\Common.Integration\tst\VideoOS.Common.Integration.UnitTests\bin\x64\Debug\net472\VideoOS.Common.Integration.UnitTests.dll" adapterTypeName="executor://mstestadapter/v2" className="VideoOS.Common.Integration.UnitTests.License.CustomLicenseTypeTests" name="CustomLicenseType_FeatureFlagPresentDriversPresentEnabledHardwareNoActiveCameras" />
    </UnitTest>
    <UnitTest name="Index_RemoveEntry_Removes_Specified_Item" storage="d:\actions-runner\_work\xpco\xpco\corporate\shared\common.integration\tst\videoos.common.integration.unittests\bin\x64\debug\net472\videoos.common.integration.unittests.dll" id="cc4d39a4-535b-e6c0-60e2-26d98716b63d">
      <Execution id="0888269c-5e2f-4bd9-a9ee-c7fb4fd84127" />
      <TestMethod codeBase="D:\actions-runner\_work\XPCO\XPCO\Corporate\Shared\Common.Integration\tst\VideoOS.Common.Integration.UnitTests\bin\x64\Debug\net472\VideoOS.Common.Integration.UnitTests.dll" adapterTypeName="executor://mstestadapter/v2" className="VideoOS.Common.Integration.UnitTests.IndexedCollectionUnitTests" name="Index_RemoveEntry_Removes_Specified_Item" />
    </UnitTest>
    <UnitTest name="AddRange_ThrowsArgumentNullException_OnNullAsList" storage="d:\actions-runner\_work\xpco\xpco\corporate\shared\common.integration\tst\videoos.common.integration.unittests\bin\x64\debug\net472\videoos.common.integration.unittests.dll" id="9ab4e107-35c8-ac95-d475-7402195487f1">
      <TestCategory>
        <TestCategoryItem TestCategory="Extensions" />
      </TestCategory>
      <Execution id="7872a35f-a01d-43e0-ad10-3c776e97eb72" />
      <TestMethod codeBase="D:\actions-runner\_work\XPCO\XPCO\Corporate\Shared\Common.Integration\tst\VideoOS.Common.Integration.UnitTests\bin\x64\Debug\net472\VideoOS.Common.Integration.UnitTests.dll" adapterTypeName="executor://mstestadapter/v2" className="VideoOS.Common.Integration.UnitTests.Extensions.ExtensionMethodsTests" name="AddRange_ThrowsArgumentNullException_OnNullAsList" />
    </UnitTest>
    <UnitTest name="HttpClientCommunicatorWrapper_ReceiveTRet_CommunicationException" storage="d:\actions-runner\_work\xpco\xpco\corporate\shared\common.integration\tst\videoos.common.integration.unittests\bin\x64\debug\net472\videoos.common.integration.unittests.dll" id="f3002bbb-cc2e-e355-83fe-ca21eb55dcb1">
      <Execution id="be15f320-f52b-48b8-b962-3524639fef23" />
      <TestMethod codeBase="D:\actions-runner\_work\XPCO\XPCO\Corporate\Shared\Common.Integration\tst\VideoOS.Common.Integration.UnitTests\bin\x64\Debug\net472\VideoOS.Common.Integration.UnitTests.dll" adapterTypeName="executor://mstestadapter/v2" className="VideoOS.Common.Integration.UnitTests.WebAPI.HttpClientCommunicatorWrapperTests" name="HttpClientCommunicatorWrapper_ReceiveTRet_CommunicationException" />
    </UnitTest>
    <UnitTest name="FormatAuthority__BeforeValueIsIpV6WithoutPort_FormattedUriIsWithoutPort" storage="d:\actions-runner\_work\xpco\xpco\corporate\shared\common.integration\tst\videoos.common.integration.unittests\bin\x64\debug\net472\videoos.common.integration.unittests.dll" id="eadd5aea-e1cf-d48d-3354-4b05674fcd26">
      <Execution id="018ef0cc-2c60-4943-97d6-73d0564fb0ba" />
      <TestMethod codeBase="D:\actions-runner\_work\XPCO\XPCO\Corporate\Shared\Common.Integration\tst\VideoOS.Common.Integration.UnitTests\bin\x64\Debug\net472\VideoOS.Common.Integration.UnitTests.dll" adapterTypeName="executor://mstestadapter/v2" className="VideoOS.Common.Integration.UnitTests.IdpUriParserTests" name="FormatAuthority__BeforeValueIsIpV6WithoutPort_FormattedUriIsWithoutPort" />
    </UnitTest>
    <UnitTest name="FeatureManager_TryGetFeatureParameterValueT_Int_Invalid_Value" storage="d:\actions-runner\_work\xpco\xpco\corporate\shared\common.integration\tst\videoos.common.integration.unittests\bin\x64\debug\net472\videoos.common.integration.unittests.dll" id="2064700c-6f91-e3dc-35f9-2c8f881cad5d">
      <Execution id="612938c9-9de5-4bb4-ad06-a40142c25fc6" />
      <TestMethod codeBase="D:\actions-runner\_work\XPCO\XPCO\Corporate\Shared\Common.Integration\tst\VideoOS.Common.Integration.UnitTests\bin\x64\Debug\net472\VideoOS.Common.Integration.UnitTests.dll" adapterTypeName="executor://mstestadapter/v2" className="VideoOS.Common.Integration.UnitTests.License.FeatureManagerTest" name="FeatureManager_TryGetFeatureParameterValueT_Int_Invalid_Value" />
    </UnitTest>
    <UnitTest name="HardwareScanProgressResponseModel_Validate_Success" storage="d:\actions-runner\_work\xpco\xpco\corporate\shared\common.integration\tst\videoos.common.integration.unittests\bin\x64\debug\net472\videoos.common.integration.unittests.dll" id="f56edd7c-0908-1112-b2f1-a3b7e2877ef7">
      <Execution id="683c1d8b-7b68-4713-bf89-428794b21b20" />
      <TestMethod codeBase="D:\actions-runner\_work\XPCO\XPCO\Corporate\Shared\Common.Integration\tst\VideoOS.Common.Integration.UnitTests\bin\x64\Debug\net472\VideoOS.Common.Integration.UnitTests.dll" adapterTypeName="executor://mstestadapter/v2" className="VideoOS.Common.Integration.UnitTests.WebAPI.Model.Server.Responses.HardwareScanProgressResponseModeTest" name="HardwareScanProgressResponseModel_Validate_Success" />
    </UnitTest>
    <UnitTest name="ServiceContainer_GetInstance_CreationTakesParamaters_Success" storage="d:\actions-runner\_work\xpco\xpco\corporate\shared\common.integration\tst\videoos.common.integration.unittests\bin\x64\debug\net472\videoos.common.integration.unittests.dll" id="f8e28254-23d5-b0b0-b7ed-64dc6b50aefc">
      <TestCategory>
        <TestCategoryItem TestCategory="ServiceContainer" />
      </TestCategory>
      <Execution id="ad702299-362c-47cf-877b-ffead8c1e97e" />
      <TestMethod codeBase="D:\actions-runner\_work\XPCO\XPCO\Corporate\Shared\Common.Integration\tst\VideoOS.Common.Integration.UnitTests\bin\x64\Debug\net472\VideoOS.Common.Integration.UnitTests.dll" adapterTypeName="executor://mstestadapter/v2" className="VideoOS.Common.Integration.ServiceContainerTests.ServiceContainerUnitTests" name="ServiceContainer_GetInstance_CreationTakesParamaters_Success" />
    </UnitTest>
    <UnitTest name="GroupConfigurationComplexGroupsAndMembers" storage="d:\actions-runner\_work\xpco\xpco\corporate\shared\common.integration\tst\videoos.common.integration.unittests\bin\x64\debug\net472\videoos.common.integration.unittests.dll" id="f2a2d895-e73f-1b9c-1ba4-fca95b4da463">
      <TestCategory>
        <TestCategoryItem TestCategory="Rules.GroupConfiguration" />
      </TestCategory>
      <Execution id="134a37b2-d9a9-40ec-8248-74a512495758" />
      <TestMethod codeBase="D:\actions-runner\_work\XPCO\XPCO\Corporate\Shared\Common.Integration\tst\VideoOS.Common.Integration.UnitTests\bin\x64\Debug\net472\VideoOS.Common.Integration.UnitTests.dll" adapterTypeName="executor://mstestadapter/v2" className="VideoOS.Common.Integration.UnitTests.Rules.GroupConfigurationTest" name="GroupConfigurationComplexGroupsAndMembers" />
    </UnitTest>
    <UnitTest name="GetChannelLicensenCount_AddHardware_ReturnValue" storage="d:\actions-runner\_work\xpco\xpco\corporate\shared\common.integration\tst\videoos.common.integration.unittests\bin\x64\debug\net472\videoos.common.integration.unittests.dll" id="d9aae650-dc76-44b9-0b50-6cf8f55869e1">
      <Execution id="d524c080-a55f-4dee-8cdd-e8dcbc0af6f0" />
      <TestMethod codeBase="D:\actions-runner\_work\XPCO\XPCO\Corporate\Shared\Common.Integration\tst\VideoOS.Common.Integration.UnitTests\bin\x64\Debug\net472\VideoOS.Common.Integration.UnitTests.dll" adapterTypeName="executor://mstestadapter/v2" className="VideoOS.Common.Integration.UnitTests.License.HardwareDictionaryTests" name="GetChannelLicensenCount_AddHardware_ReturnValue" />
    </UnitTest>
    <UnitTest name="SystemSettingTableAdapter_Encrypt_OtherSettingUnchanged" storage="d:\actions-runner\_work\xpco\xpco\corporate\shared\common.integration\tst\videoos.common.integration.unittests\bin\x64\debug\net472\videoos.common.integration.unittests.dll" id="1b5ceecc-cb3c-5305-cdbb-87bbe5e0770a">
      <Execution id="6821f7d9-a490-416b-bd45-15851d28a9d7" />
      <TestMethod codeBase="D:\actions-runner\_work\XPCO\XPCO\Corporate\Shared\Common.Integration\tst\VideoOS.Common.Integration.UnitTests\bin\x64\Debug\net472\VideoOS.Common.Integration.UnitTests.dll" adapterTypeName="executor://mstestadapter/v2" className="VideoOS.Common.Integration.UnitTests.Configuration.SystemSettingTableAdapterUnitTests" name="SystemSettingTableAdapter_Encrypt_OtherSettingUnchanged" />
    </UnitTest>
    <UnitTest name="CreateHttpUri_HttpsDefaultPort_UsePortNegativeOne_ThrowsArgumentOutOfRangeException" storage="d:\actions-runner\_work\xpco\xpco\corporate\shared\common.integration\tst\videoos.common.integration.unittests\bin\x64\debug\net472\videoos.common.integration.unittests.dll" id="fa98cbad-f28a-a13a-1cad-c4a1e8ece779">
      <TestCategory>
        <TestCategoryItem TestCategory="UriHandling" />
      </TestCategory>
      <Execution id="ced2aee0-76c2-4e97-84c3-671b910ea0e0" />
      <TestMethod codeBase="D:\actions-runner\_work\XPCO\XPCO\Corporate\Shared\Common.Integration\tst\VideoOS.Common.Integration.UnitTests\bin\x64\Debug\net472\VideoOS.Common.Integration.UnitTests.dll" adapterTypeName="executor://mstestadapter/v2" className="VideoOS.Common.Integration.UnitTests.Communication.UriHandlingUnitTests" name="CreateHttpUri_HttpsDefaultPort_UsePortNegativeOne_ThrowsArgumentOutOfRangeException" />
    </UnitTest>
    <UnitTest name="Decrypt_DataSetIsNull_ThrowsArgumentNullException" storage="d:\actions-runner\_work\xpco\xpco\corporate\shared\common.integration\tst\videoos.common.integration.unittests\bin\x64\debug\net472\videoos.common.integration.unittests.dll" id="2ff05efd-a118-5265-421f-8adc19a29796">
      <Execution id="b2b7eaf6-a910-4684-b13a-47c0b6a7cc0e" />
      <TestMethod codeBase="D:\actions-runner\_work\XPCO\XPCO\Corporate\Shared\Common.Integration\tst\VideoOS.Common.Integration.UnitTests\bin\x64\Debug\net472\VideoOS.Common.Integration.UnitTests.dll" adapterTypeName="executor://mstestadapter/v2" className="VideoOS.Common.Integration.UnitTests.Configuration.HostingServerTableAdapterTests" name="Decrypt_DataSetIsNull_ThrowsArgumentNullException" />
    </UnitTest>
    <UnitTest name="ReadChildElementValueAsUInt32_InvalidData_NegativeNumber" storage="d:\actions-runner\_work\xpco\xpco\corporate\shared\common.integration\tst\videoos.common.integration.unittests\bin\x64\debug\net472\videoos.common.integration.unittests.dll" id="2401bf4d-7341-3a5d-a9d0-37bf32463911">
      <Execution id="b7b84f8a-2369-44bc-8562-1a435cb09af1" />
      <TestMethod codeBase="D:\actions-runner\_work\XPCO\XPCO\Corporate\Shared\Common.Integration\tst\VideoOS.Common.Integration.UnitTests\bin\x64\Debug\net472\VideoOS.Common.Integration.UnitTests.dll" adapterTypeName="executor://mstestadapter/v2" className="VideoOS.Common.Integration.UnitTests.XmlDocumentExtensionsCoreUnitTests" name="ReadChildElementValueAsUInt32_InvalidData_NegativeNumber" />
    </UnitTest>
    <UnitTest name="ModelValidation_ValidModel_Success" storage="d:\actions-runner\_work\xpco\xpco\corporate\shared\common.integration\tst\videoos.common.integration.unittests\bin\x64\debug\net472\videoos.common.integration.unittests.dll" id="7e23d842-da1b-be71-e958-228dc413da09">
      <Execution id="68875e0a-8824-4209-8e2c-527ab70cd2a4" />
      <TestMethod codeBase="D:\actions-runner\_work\XPCO\XPCO\Corporate\Shared\Common.Integration\tst\VideoOS.Common.Integration.UnitTests\bin\x64\Debug\net472\VideoOS.Common.Integration.UnitTests.dll" adapterTypeName="executor://mstestadapter/v2" className="VideoOS.Common.Integration.UnitTests.WebAPI.Model.GetAbsolutePtzPositionModelTest" name="ModelValidation_ValidModel_Success" />
    </UnitTest>
    <UnitTest name="PrepareMoveHardwareModel_Validate_Success" storage="d:\actions-runner\_work\xpco\xpco\corporate\shared\common.integration\tst\videoos.common.integration.unittests\bin\x64\debug\net472\videoos.common.integration.unittests.dll" id="94e5c3f8-51c6-0394-575b-0bd91d015ef3">
      <Execution id="03fc297d-7f1a-4e32-b4c0-f885b7ac7852" />
      <TestMethod codeBase="D:\actions-runner\_work\XPCO\XPCO\Corporate\Shared\Common.Integration\tst\VideoOS.Common.Integration.UnitTests\bin\x64\Debug\net472\VideoOS.Common.Integration.UnitTests.dll" adapterTypeName="executor://mstestadapter/v2" className="VideoOS.Common.Integration.UnitTests.WebAPI.Model.PrepareMoveHardwareModelTest" name="PrepareMoveHardwareModel_Validate_Success" />
    </UnitTest>
    <UnitTest name="Mac_Address_Empty_Test_True_1" storage="d:\actions-runner\_work\xpco\xpco\corporate\shared\common.integration\tst\videoos.common.integration.unittests\bin\x64\debug\net472\videoos.common.integration.unittests.dll" id="3df4bdd4-e0fd-1680-8425-586d8edf641e">
      <Execution id="6e9db086-bf86-4181-b2ae-6af9713870d6" />
      <TestMethod codeBase="D:\actions-runner\_work\XPCO\XPCO\Corporate\Shared\Common.Integration\tst\VideoOS.Common.Integration.UnitTests\bin\x64\Debug\net472\VideoOS.Common.Integration.UnitTests.dll" adapterTypeName="executor://mstestadapter/v2" className="VideoOS.Common.Integration.UnitTests.License.MacAddressUtilitiesTest" name="Mac_Address_Empty_Test_True_1" />
    </UnitTest>
    <UnitTest name="FormatAuthority_BeforeValueIsWithoutPort_FormattedUriIsWithoutPort" storage="d:\actions-runner\_work\xpco\xpco\corporate\shared\common.integration\tst\videoos.common.integration.unittests\bin\x64\debug\net472\videoos.common.integration.unittests.dll" id="0cdc9156-e241-29c7-9c82-8f6c7d7b3ba1">
      <Execution id="a23de25c-1ab5-4535-8742-6229c25f3386" />
      <TestMethod codeBase="D:\actions-runner\_work\XPCO\XPCO\Corporate\Shared\Common.Integration\tst\VideoOS.Common.Integration.UnitTests\bin\x64\Debug\net472\VideoOS.Common.Integration.UnitTests.dll" adapterTypeName="executor://mstestadapter/v2" className="VideoOS.Common.Integration.UnitTests.IdpUriParserTests" name="FormatAuthority_BeforeValueIsWithoutPort_FormattedUriIsWithoutPort" />
    </UnitTest>
    <UnitTest name="FindFrameIdx_TimeBtwF1F2" storage="d:\actions-runner\_work\xpco\xpco\corporate\shared\common.integration\tst\videoos.common.integration.unittests\bin\x64\debug\net472\videoos.common.integration.unittests.dll" id="6a777aaa-b3db-1fce-6d0a-780e1a49c3a3">
      <Execution id="5b2f2fd6-dc67-4cf2-a064-9444adaecf0b" />
      <TestMethod codeBase="D:\actions-runner\_work\XPCO\XPCO\Corporate\Shared\Common.Integration\tst\VideoOS.Common.Integration.UnitTests\bin\x64\Debug\net472\VideoOS.Common.Integration.UnitTests.dll" adapterTypeName="executor://mstestadapter/v2" className="VideoOS.Common.Integration.UnitTests.GenericGopTest" name="FindFrameIdx_TimeBtwF1F2" />
    </UnitTest>
    <UnitTest name="Test_MemberOf_SimpleCyclic" storage="d:\actions-runner\_work\xpco\xpco\corporate\shared\common.integration\tst\videoos.common.integration.unittests\bin\x64\debug\net472\videoos.common.integration.unittests.dll" id="43d5f9d3-a769-2031-265f-e115be4193e2">
      <Execution id="0a75435b-e32e-4e50-b636-d18bd8847d4b" />
      <TestMethod codeBase="D:\actions-runner\_work\XPCO\XPCO\Corporate\Shared\Common.Integration\tst\VideoOS.Common.Integration.UnitTests\bin\x64\Debug\net472\VideoOS.Common.Integration.UnitTests.dll" adapterTypeName="executor://mstestadapter/v2" className="VideoOS.Common.Integration.UnitTests.Caching.MembershipCacheUnitTest" name="Test_MemberOf_SimpleCyclic" />
    </UnitTest>
    <UnitTest name="UniqueIndex_RemoveEntry_Null_Throws_ArgumentNllException" storage="d:\actions-runner\_work\xpco\xpco\corporate\shared\common.integration\tst\videoos.common.integration.unittests\bin\x64\debug\net472\videoos.common.integration.unittests.dll" id="f3174896-e5c0-e367-e050-43f58b5eee43">
      <Execution id="83d3eb9f-3707-44fe-941c-70e8ae61623a" />
      <TestMethod codeBase="D:\actions-runner\_work\XPCO\XPCO\Corporate\Shared\Common.Integration\tst\VideoOS.Common.Integration.UnitTests\bin\x64\Debug\net472\VideoOS.Common.Integration.UnitTests.dll" adapterTypeName="executor://mstestadapter/v2" className="VideoOS.Common.Integration.UnitTests.IndexedCollectionUnitTests" name="UniqueIndex_RemoveEntry_Null_Throws_ArgumentNllException" />
    </UnitTest>
    <UnitTest name="RecurringSchedule_GetNextScheduleTime_Daily_Every_2_Days_At_2_00" storage="d:\actions-runner\_work\xpco\xpco\corporate\shared\common.integration\tst\videoos.common.integration.unittests\bin\x64\debug\net472\videoos.common.integration.unittests.dll" id="88b42372-9073-9d33-e5db-3400e992f84b">
      <Execution id="73bbe3d1-ebd7-49f9-bd86-4cabced6c204" />
      <TestMethod codeBase="D:\actions-runner\_work\XPCO\XPCO\Corporate\Shared\Common.Integration\tst\VideoOS.Common.Integration.UnitTests\bin\x64\Debug\net472\VideoOS.Common.Integration.UnitTests.dll" adapterTypeName="executor://mstestadapter/v2" className="VideoOS.Common.Integration.UnitTests.Scheduling.RecurringScheduleTest" name="RecurringSchedule_GetNextScheduleTime_Daily_Every_2_Days_At_2_00" />
    </UnitTest>
    <UnitTest name="Mac_Address_Empty_Test_False_3" storage="d:\actions-runner\_work\xpco\xpco\corporate\shared\common.integration\tst\videoos.common.integration.unittests\bin\x64\debug\net472\videoos.common.integration.unittests.dll" id="489d5e8d-5982-d194-60e7-73cf7a62a831">
      <Execution id="90deebd7-1381-474e-813d-a4d784186772" />
      <TestMethod codeBase="D:\actions-runner\_work\XPCO\XPCO\Corporate\Shared\Common.Integration\tst\VideoOS.Common.Integration.UnitTests\bin\x64\Debug\net472\VideoOS.Common.Integration.UnitTests.dll" adapterTypeName="executor://mstestadapter/v2" className="VideoOS.Common.Integration.UnitTests.License.MacAddressUtilitiesTest" name="Mac_Address_Empty_Test_False_3" />
    </UnitTest>
    <UnitTest name="ProcessMessage_Command_Bulkable_MaxBulkSize_LessThan_Commands_InQueue" storage="d:\actions-runner\_work\xpco\xpco\corporate\shared\common.integration\tst\videoos.common.integration.unittests\bin\x64\debug\net472\videoos.common.integration.unittests.dll" id="d6e51d0c-a6b0-eb45-84d3-c2374b826952">
      <Execution id="b3d99a08-a2a0-4e59-a562-9917b298fa38" />
      <TestMethod codeBase="D:\actions-runner\_work\XPCO\XPCO\Corporate\Shared\Common.Integration\tst\VideoOS.Common.Integration.UnitTests\bin\x64\Debug\net472\VideoOS.Common.Integration.UnitTests.dll" adapterTypeName="executor://mstestadapter/v2" className="VideoOS.Common.Integration.UnitTests.MessageProcessing.ThreadPoolBulkMessageProcessorUnitTest" name="ProcessMessage_Command_Bulkable_MaxBulkSize_LessThan_Commands_InQueue" />
    </UnitTest>
    <UnitTest name="AsString_Success" storage="d:\actions-runner\_work\xpco\xpco\corporate\shared\common.integration\tst\videoos.common.integration.unittests\bin\x64\debug\net472\videoos.common.integration.unittests.dll" id="0d85264b-28ff-8a50-788a-a26cf11e8acd">
      <Execution id="565ad9a2-24b6-4d9e-bd60-4c49b8bf83f3" />
      <TestMethod codeBase="D:\actions-runner\_work\XPCO\XPCO\Corporate\Shared\Common.Integration\tst\VideoOS.Common.Integration.UnitTests\bin\x64\Debug\net472\VideoOS.Common.Integration.UnitTests.dll" adapterTypeName="executor://mstestadapter/v2" className="VideoOS.Common.Integration.UnitTests.CertificateHandling.StringByteConversionExtensionsUnitTests" name="AsString_Success" />
    </UnitTest>
    <UnitTest name="LicenseDocument_IsDeviceLicensed_HardwareFound_DeviceIndexFound_ReturnsTrue" storage="d:\actions-runner\_work\xpco\xpco\corporate\shared\common.integration\tst\videoos.common.integration.unittests\bin\x64\debug\net472\videoos.common.integration.unittests.dll" id="85f8db25-08e3-c5ff-673d-ddf0ea1cff69">
      <TestCategory>
        <TestCategoryItem TestCategory="LicenseDocumentTest" />
      </TestCategory>
      <Execution id="d37f1656-85d8-41e9-a648-b467319dc645" />
      <TestMethod codeBase="D:\actions-runner\_work\XPCO\XPCO\Corporate\Shared\Common.Integration\tst\VideoOS.Common.Integration.UnitTests\bin\x64\Debug\net472\VideoOS.Common.Integration.UnitTests.dll" adapterTypeName="executor://mstestadapter/v2" className="VideoOS.Common.Integration.UnitTests.License.LicenseDocumentTests" name="LicenseDocument_IsDeviceLicensed_HardwareFound_DeviceIndexFound_ReturnsTrue" />
    </UnitTest>
    <UnitTest name="DatabaseXmlConverter_XmlIdsToGuids_InvalidArgument" storage="d:\actions-runner\_work\xpco\xpco\corporate\shared\common.integration\tst\videoos.common.integration.unittests\bin\x64\debug\net472\videoos.common.integration.unittests.dll" id="e99ccd07-0ccb-42be-9999-bc74deaacf44">
      <Execution id="a1bda7dc-11a5-4c49-ac6e-4621ee4aacfb" />
      <TestMethod codeBase="D:\actions-runner\_work\XPCO\XPCO\Corporate\Shared\Common.Integration\tst\VideoOS.Common.Integration.UnitTests\bin\x64\Debug\net472\VideoOS.Common.Integration.UnitTests.dll" adapterTypeName="executor://mstestadapter/v2" className="VideoOS.Common.Integration.UnitTests.DatabaseXmlConverterTest" name="DatabaseXmlConverter_XmlIdsToGuids_InvalidArgument" />
    </UnitTest>
    <UnitTest name="CreateHttpUri_EmptyString_ThrowsInvalidOperationException" storage="d:\actions-runner\_work\xpco\xpco\corporate\shared\common.integration\tst\videoos.common.integration.unittests\bin\x64\debug\net472\videoos.common.integration.unittests.dll" id="eeced600-da81-93ef-57ad-61708375d46d">
      <TestCategory>
        <TestCategoryItem TestCategory="UriHandling" />
      </TestCategory>
      <Execution id="b8b786b4-2df8-4e8f-8112-c33175dd687f" />
      <TestMethod codeBase="D:\actions-runner\_work\XPCO\XPCO\Corporate\Shared\Common.Integration\tst\VideoOS.Common.Integration.UnitTests\bin\x64\Debug\net472\VideoOS.Common.Integration.UnitTests.dll" adapterTypeName="executor://mstestadapter/v2" className="VideoOS.Common.Integration.UnitTests.Communication.UriHandlingUnitTests" name="CreateHttpUri_EmptyString_ThrowsInvalidOperationException" />
    </UnitTest>
    <UnitTest name="Ctor_Null_ThrowArgumentNullException" storage="d:\actions-runner\_work\xpco\xpco\corporate\shared\common.integration\tst\videoos.common.integration.unittests\bin\x64\debug\net472\videoos.common.integration.unittests.dll" id="328dbfdf-4def-bb23-125d-ff72ae5a4d4b">
      <Execution id="6b677705-d90a-4fca-8d6b-8dce33c5657c" />
      <TestMethod codeBase="D:\actions-runner\_work\XPCO\XPCO\Corporate\Shared\Common.Integration\tst\VideoOS.Common.Integration.UnitTests\bin\x64\Debug\net472\VideoOS.Common.Integration.UnitTests.dll" adapterTypeName="executor://mstestadapter/v2" className="VideoOS.Common.Integration.UnitTests.LinkedListIndexUnitTests" name="Ctor_Null_ThrowArgumentNullException" />
    </UnitTest>
    <UnitTest name="FindFrameIdx_TimeF2" storage="d:\actions-runner\_work\xpco\xpco\corporate\shared\common.integration\tst\videoos.common.integration.unittests\bin\x64\debug\net472\videoos.common.integration.unittests.dll" id="6c7d8215-38b1-02e9-d562-9273b1ad62df">
      <Execution id="4f893f0e-7b1f-4606-9ab7-2bd444fc677c" />
      <TestMethod codeBase="D:\actions-runner\_work\XPCO\XPCO\Corporate\Shared\Common.Integration\tst\VideoOS.Common.Integration.UnitTests\bin\x64\Debug\net472\VideoOS.Common.Integration.UnitTests.dll" adapterTypeName="executor://mstestadapter/v2" className="VideoOS.Common.Integration.UnitTests.GenericGopTest" name="FindFrameIdx_TimeF2" />
    </UnitTest>
    <UnitTest name="CreateInstance_ValidName_ValidSearchMethod_Exact_MixedCase_Success" storage="d:\actions-runner\_work\xpco\xpco\corporate\shared\common.integration\tst\videoos.common.integration.unittests\bin\x64\debug\net472\videoos.common.integration.unittests.dll" id="19c5e6aa-859f-a6c7-3af9-c1227ec03175">
      <Execution id="f7238ce9-d0ab-449b-a862-ba139b7a6a9b" />
      <TestMethod codeBase="D:\actions-runner\_work\XPCO\XPCO\Corporate\Shared\Common.Integration\tst\VideoOS.Common.Integration.UnitTests\bin\x64\Debug\net472\VideoOS.Common.Integration.UnitTests.dll" adapterTypeName="executor://mstestadapter/v2" className="VideoOS.Common.Integration.UnitTests.License.WhitelistMatchHelperTests" name="CreateInstance_ValidName_ValidSearchMethod_Exact_MixedCase_Success" />
    </UnitTest>
    <UnitTest name="ServerFileStorageQuota_Free_NonexistingConsumer_Success" storage="d:\actions-runner\_work\xpco\xpco\corporate\shared\common.integration\tst\videoos.common.integration.unittests\bin\x64\debug\net472\videoos.common.integration.unittests.dll" id="1f403e10-27f8-4256-9a64-ef56b259cbfb">
      <Execution id="3702e8f9-bfeb-4995-a74d-e48538615cd8" />
      <TestMethod codeBase="D:\actions-runner\_work\XPCO\XPCO\Corporate\Shared\Common.Integration\tst\VideoOS.Common.Integration.UnitTests\bin\x64\Debug\net472\VideoOS.Common.Integration.UnitTests.dll" adapterTypeName="executor://mstestadapter/v2" className="VideoOS.Common.Integration.UnitTests.ServerFileStorageQuotaTests" name="ServerFileStorageQuota_Free_NonexistingConsumer_Success" />
    </UnitTest>
    <UnitTest name="ModelValidation_RequiredPropertiesAreNull_Failed" storage="d:\actions-runner\_work\xpco\xpco\corporate\shared\common.integration\tst\videoos.common.integration.unittests\bin\x64\debug\net472\videoos.common.integration.unittests.dll" id="063828b1-19f7-817c-f6d7-6bce08b2e5fb">
      <Execution id="c2f33bc6-c8ab-470b-8091-4b9c2e2e494d" />
      <TestMethod codeBase="D:\actions-runner\_work\XPCO\XPCO\Corporate\Shared\Common.Integration\tst\VideoOS.Common.Integration.UnitTests\bin\x64\Debug\net472\VideoOS.Common.Integration.UnitTests.dll" adapterTypeName="executor://mstestadapter/v2" className="VideoOS.Common.Integration.UnitTests.WebAPI.Model.RecorderTaskModelTest" name="ModelValidation_RequiredPropertiesAreNull_Failed" />
    </UnitTest>
    <UnitTest name="Constructor_FillsInIndexesOfOnlyCameraDevices_OnHwWithOtherDevicesThanCameras" storage="d:\actions-runner\_work\xpco\xpco\corporate\shared\common.integration\tst\videoos.common.integration.unittests\bin\x64\debug\net472\videoos.common.integration.unittests.dll" id="10f0f18f-7ed1-ca79-53c0-05985c3eca4f">
      <TestCategory>
        <TestCategoryItem TestCategory="Licensing" />
      </TestCategory>
      <Execution id="2eb83914-8619-4ff8-becf-a79b17070212" />
      <TestMethod codeBase="D:\actions-runner\_work\XPCO\XPCO\Corporate\Shared\Common.Integration\tst\VideoOS.Common.Integration.UnitTests\bin\x64\Debug\net472\VideoOS.Common.Integration.UnitTests.dll" adapterTypeName="executor://mstestadapter/v2" className="VideoOS.Common.Integration.UnitTests.License.AggregateFeedDictionaryTests" name="Constructor_FillsInIndexesOfOnlyCameraDevices_OnHwWithOtherDevicesThanCameras" />
    </UnitTest>
    <UnitTest name="FeatureManager_SLC_Success" storage="d:\actions-runner\_work\xpco\xpco\corporate\shared\common.integration\tst\videoos.common.integration.unittests\bin\x64\debug\net472\videoos.common.integration.unittests.dll" id="7d40ebe1-d42f-de08-7005-707d1ccb79cc">
      <Execution id="2bed841c-cda0-4895-9cff-6df55179f125" />
      <TestMethod codeBase="D:\actions-runner\_work\XPCO\XPCO\Corporate\Shared\Common.Integration\tst\VideoOS.Common.Integration.UnitTests\bin\x64\Debug\net472\VideoOS.Common.Integration.UnitTests.dll" adapterTypeName="executor://mstestadapter/v2" className="VideoOS.Common.Integration.UnitTests.License.FeatureManagerTest" name="FeatureManager_SLC_Success" />
    </UnitTest>
    <UnitTest name="SecurityTokenCollectionDto_Serialization_Success" storage="d:\actions-runner\_work\xpco\xpco\corporate\shared\common.integration\tst\videoos.common.integration.unittests\bin\x64\debug\net472\videoos.common.integration.unittests.dll" id="5dae9a01-046a-f6ce-125e-8a65c01a7e5f">
      <Execution id="80f05cd5-aa20-478c-bfc2-c22c4968e0b1" />
      <TestMethod codeBase="D:\actions-runner\_work\XPCO\XPCO\Corporate\Shared\Common.Integration\tst\VideoOS.Common.Integration.UnitTests\bin\x64\Debug\net472\VideoOS.Common.Integration.UnitTests.dll" adapterTypeName="executor://mstestadapter/v2" className="VideoOS.Common.Integration.UnitTests.Communication.DataTransferObjects.SecurityTokenCollectionDtoTest" name="SecurityTokenCollectionDto_Serialization_Success" />
    </UnitTest>
    <UnitTest name="CreateHardwareLicenseCountEvaluatorChannel_CallUpdateLicenseInfoWithInvalidParameter_ThrowsArgumentNullException" storage="d:\actions-runner\_work\xpco\xpco\corporate\shared\common.integration\tst\videoos.common.integration.unittests\bin\x64\debug\net472\videoos.common.integration.unittests.dll" id="7b9c8f8f-5028-5630-dd51-5dcea7a4641b">
      <TestCategory>
        <TestCategoryItem TestCategory="Licensing" />
      </TestCategory>
      <Execution id="11c3db63-2995-4936-b387-191a55273a51" />
      <TestMethod codeBase="D:\actions-runner\_work\XPCO\XPCO\Corporate\Shared\Common.Integration\tst\VideoOS.Common.Integration.UnitTests\bin\x64\Debug\net472\VideoOS.Common.Integration.UnitTests.dll" adapterTypeName="executor://mstestadapter/v2" className="VideoOS.Common.Integration.UnitTests.License.HardwareLicenseCountEvaluatorTests" name="CreateHardwareLicenseCountEvaluatorChannel_CallUpdateLicenseInfoWithInvalidParameter_ThrowsArgumentNullException" />
    </UnitTest>
    <UnitTest name="Mac_Address_Empty_Test_True_3" storage="d:\actions-runner\_work\xpco\xpco\corporate\shared\common.integration\tst\videoos.common.integration.unittests\bin\x64\debug\net472\videoos.common.integration.unittests.dll" id="0762ed34-4c9f-3d65-f424-2bc4f40fe600">
      <Execution id="aa96b4c9-df7b-4a5b-8c03-13cd2c18bc01" />
      <TestMethod codeBase="D:\actions-runner\_work\XPCO\XPCO\Corporate\Shared\Common.Integration\tst\VideoOS.Common.Integration.UnitTests\bin\x64\Debug\net472\VideoOS.Common.Integration.UnitTests.dll" adapterTypeName="executor://mstestadapter/v2" className="VideoOS.Common.Integration.UnitTests.License.MacAddressUtilitiesTest" name="Mac_Address_Empty_Test_True_3" />
    </UnitTest>
    <UnitTest name="GetRecorderSNMPId_ServerEvent" storage="d:\actions-runner\_work\xpco\xpco\corporate\shared\common.integration\tst\videoos.common.integration.unittests\bin\x64\debug\net472\videoos.common.integration.unittests.dll" id="6d6d4649-f74c-00f6-7c94-65b35a1f1a78">
      <Execution id="7ecde2d6-f050-4a68-ac5a-c16432ad0ebb" />
      <TestMethod codeBase="D:\actions-runner\_work\XPCO\XPCO\Corporate\Shared\Common.Integration\tst\VideoOS.Common.Integration.UnitTests\bin\x64\Debug\net472\VideoOS.Common.Integration.UnitTests.dll" adapterTypeName="executor://mstestadapter/v2" className="VideoOS.Common.Integration.UnitTests.Definition.Event.BuiltInEventTypesTest" name="GetRecorderSNMPId_ServerEvent" />
    </UnitTest>
    <UnitTest name="HardwareInfo_HasCameraDevices_ReturnsFalse_WhenHardwareIsDisabled" storage="d:\actions-runner\_work\xpco\xpco\corporate\shared\common.integration\tst\videoos.common.integration.unittests\bin\x64\debug\net472\videoos.common.integration.unittests.dll" id="faf844ee-86b2-0372-521d-036a0449add9">
      <Execution id="f64b4400-517d-4fd1-971c-12167839c0fc" />
      <TestMethod codeBase="D:\actions-runner\_work\XPCO\XPCO\Corporate\Shared\Common.Integration\tst\VideoOS.Common.Integration.UnitTests\bin\x64\Debug\net472\VideoOS.Common.Integration.UnitTests.dll" adapterTypeName="executor://mstestadapter/v2" className="VideoOS.Common.Integration.UnitTests.License.HardwareInfoTests" name="HardwareInfo_HasCameraDevices_ReturnsFalse_WhenHardwareIsDisabled" />
    </UnitTest>
    <UnitTest name="RecorderInfo_AddHardware_VerifyAdded_Success" storage="d:\actions-runner\_work\xpco\xpco\corporate\shared\common.integration\tst\videoos.common.integration.unittests\bin\x64\debug\net472\videoos.common.integration.unittests.dll" id="6da55146-0dbd-deb8-a9b1-adaea7e2c0eb">
      <Execution id="a6bdd0a3-3ee6-401c-9a6f-b396f79ca235" />
      <TestMethod codeBase="D:\actions-runner\_work\XPCO\XPCO\Corporate\Shared\Common.Integration\tst\VideoOS.Common.Integration.UnitTests\bin\x64\Debug\net472\VideoOS.Common.Integration.UnitTests.dll" adapterTypeName="executor://mstestadapter/v2" className="VideoOS.Common.Integration.UnitTests.License.RecorderInfoTests" name="RecorderInfo_AddHardware_VerifyAdded_Success" />
    </UnitTest>
    <UnitTest name="StreamsConfiguration_EnsureLiveDefaultAndRecordTreads_No_DefaultLive_RunAlways_Selected" storage="d:\actions-runner\_work\xpco\xpco\corporate\shared\common.integration\tst\videoos.common.integration.unittests\bin\x64\debug\net472\videoos.common.integration.unittests.dll" id="356d03d6-003c-4362-f863-52f0e6e4bf29">
      <Execution id="8a19e533-f435-4150-9e58-b1ca064ef833" />
      <TestMethod codeBase="D:\actions-runner\_work\XPCO\XPCO\Corporate\Shared\Common.Integration\tst\VideoOS.Common.Integration.UnitTests\bin\x64\Debug\net472\VideoOS.Common.Integration.UnitTests.dll" adapterTypeName="executor://mstestadapter/v2" className="VideoOS.Common.Integration.UnitTests.StreamsConfigurationUnitTests" name="StreamsConfiguration_EnsureLiveDefaultAndRecordTreads_No_DefaultLive_RunAlways_Selected" />
    </UnitTest>
    <UnitTest name="Device_Construct_InvalidLastModified_NotUtc_Throws_ArgumentException" storage="d:\actions-runner\_work\xpco\xpco\corporate\shared\common.integration\tst\videoos.common.integration.unittests\bin\x64\debug\net472\videoos.common.integration.unittests.dll" id="4018a871-05a7-8916-52cc-01ad41c28410">
      <Execution id="65eed51a-3dfc-42e5-8ee0-48725ffef6a9" />
      <TestMethod codeBase="D:\actions-runner\_work\XPCO\XPCO\Corporate\Shared\Common.Integration\tst\VideoOS.Common.Integration.UnitTests\bin\x64\Debug\net472\VideoOS.Common.Integration.UnitTests.dll" adapterTypeName="executor://mstestadapter/v2" className="VideoOS.Common.Integration.UnitTests.License.LicenseInfoTests" name="Device_Construct_InvalidLastModified_NotUtc_Throws_ArgumentException" />
    </UnitTest>
    <UnitTest name="PrepareMoveHardwareModel_Validate_Failed" storage="d:\actions-runner\_work\xpco\xpco\corporate\shared\common.integration\tst\videoos.common.integration.unittests\bin\x64\debug\net472\videoos.common.integration.unittests.dll" id="10f4c7e3-0b8f-ff11-3a86-e5d09f71a4dc">
      <Execution id="f4edc107-5e5d-4366-9f6a-cb078a19c632" />
      <TestMethod codeBase="D:\actions-runner\_work\XPCO\XPCO\Corporate\Shared\Common.Integration\tst\VideoOS.Common.Integration.UnitTests\bin\x64\Debug\net472\VideoOS.Common.Integration.UnitTests.dll" adapterTypeName="executor://mstestadapter/v2" className="VideoOS.Common.Integration.UnitTests.WebAPI.Model.PrepareMoveHardwareModelTest" name="PrepareMoveHardwareModel_Validate_Failed" />
    </UnitTest>
    <UnitTest name="LicenseActivationService_AcquireLicense_LicenseNotAllowed_ToManyHardwareRequested" storage="d:\actions-runner\_work\xpco\xpco\corporate\shared\common.integration\tst\videoos.common.integration.unittests\bin\x64\debug\net472\videoos.common.integration.unittests.dll" id="593585a6-465f-1c6a-563c-a1e9a0b919bc">
      <Execution id="3aec8091-8823-47f5-95d4-139a6ae45f9b" />
      <TestMethod codeBase="D:\actions-runner\_work\XPCO\XPCO\Corporate\Shared\Common.Integration\tst\VideoOS.Common.Integration.UnitTests\bin\x64\Debug\net472\VideoOS.Common.Integration.UnitTests.dll" adapterTypeName="executor://mstestadapter/v2" className="VideoOS.Common.Integration.UnitTests.License.LicenseActivationServiceTests" name="LicenseActivationService_AcquireLicense_LicenseNotAllowed_ToManyHardwareRequested" />
    </UnitTest>
    <UnitTest name="Encrypt_DataSetIsNull_ThrowsArgumentNullException" storage="d:\actions-runner\_work\xpco\xpco\corporate\shared\common.integration\tst\videoos.common.integration.unittests\bin\x64\debug\net472\videoos.common.integration.unittests.dll" id="2ac88b5e-e21a-d704-0b31-d00edcc113ea">
      <Execution id="c8a4344c-7a0b-433b-89e3-174b382b6701" />
      <TestMethod codeBase="D:\actions-runner\_work\XPCO\XPCO\Corporate\Shared\Common.Integration\tst\VideoOS.Common.Integration.UnitTests\bin\x64\Debug\net472\VideoOS.Common.Integration.UnitTests.dll" adapterTypeName="executor://mstestadapter/v2" className="VideoOS.Common.Integration.UnitTests.Configuration.HostedHardwareTableAdapterTests" name="Encrypt_DataSetIsNull_ThrowsArgumentNullException" />
    </UnitTest>
    <UnitTest name="ReadChildElementValueAsUInt16_RangeCheck_Max_Exact" storage="d:\actions-runner\_work\xpco\xpco\corporate\shared\common.integration\tst\videoos.common.integration.unittests\bin\x64\debug\net472\videoos.common.integration.unittests.dll" id="ee8c74fe-137d-b4e4-25cc-ed18cd2ece80">
      <Execution id="d31c571b-de6d-4a15-bc91-5daac518c3e0" />
      <TestMethod codeBase="D:\actions-runner\_work\XPCO\XPCO\Corporate\Shared\Common.Integration\tst\VideoOS.Common.Integration.UnitTests\bin\x64\Debug\net472\VideoOS.Common.Integration.UnitTests.dll" adapterTypeName="executor://mstestadapter/v2" className="VideoOS.Common.Integration.UnitTests.XmlDocumentExtensionsCoreUnitTests" name="ReadChildElementValueAsUInt16_RangeCheck_Max_Exact" />
    </UnitTest>
    <UnitTest name="LicenseDocument_RetrievesSystemBuilderManufacturerId_Success" storage="d:\actions-runner\_work\xpco\xpco\corporate\shared\common.integration\tst\videoos.common.integration.unittests\bin\x64\debug\net472\videoos.common.integration.unittests.dll" id="86ee03b2-bd8d-d29f-bf3c-2d1d1f984432">
      <TestCategory>
        <TestCategoryItem TestCategory="LicenseDocumentTest" />
      </TestCategory>
      <Execution id="c168b520-d026-4c48-ac1c-09c272ace1a3" />
      <TestMethod codeBase="D:\actions-runner\_work\XPCO\XPCO\Corporate\Shared\Common.Integration\tst\VideoOS.Common.Integration.UnitTests\bin\x64\Debug\net472\VideoOS.Common.Integration.UnitTests.dll" adapterTypeName="executor://mstestadapter/v2" className="VideoOS.Common.Integration.UnitTests.License.LicenseDocumentTests" name="LicenseDocument_RetrievesSystemBuilderManufacturerId_Success" />
    </UnitTest>
    <UnitTest name="HostedScanParameters_ToXmlRemovePasswords_PasswordsRemovedFromXml" storage="d:\actions-runner\_work\xpco\xpco\corporate\shared\common.integration\tst\videoos.common.integration.unittests\bin\x64\debug\net472\videoos.common.integration.unittests.dll" id="50005701-4e76-813c-4c2a-0aeaa0b08c54">
      <Execution id="4ee708e9-6cfa-40f5-aab0-0f19818ed843" />
      <TestMethod codeBase="D:\actions-runner\_work\XPCO\XPCO\Corporate\Shared\Common.Integration\tst\VideoOS.Common.Integration.UnitTests\bin\x64\Debug\net472\VideoOS.Common.Integration.UnitTests.dll" adapterTypeName="executor://mstestadapter/v2" className="VideoOS.Common.Integration.UnitTests.HostedScanTest" name="HostedScanParameters_ToXmlRemovePasswords_PasswordsRemovedFromXml" />
    </UnitTest>
    <UnitTest name="SendAsync_ObjIsNull_ArgumentNullExceptionThrown" storage="d:\actions-runner\_work\xpco\xpco\corporate\shared\common.integration\tst\videoos.common.integration.unittests\bin\x64\debug\net472\videoos.common.integration.unittests.dll" id="35fc3889-4196-1a67-5fa1-0ace74d39e3e">
      <Execution id="045c8a05-57b1-4dfd-bec1-8da3b7c0bbd1" />
      <TestMethod codeBase="D:\actions-runner\_work\XPCO\XPCO\Corporate\Shared\Common.Integration\tst\VideoOS.Common.Integration.UnitTests\bin\x64\Debug\net472\VideoOS.Common.Integration.UnitTests.dll" adapterTypeName="executor://mstestadapter/v2" className="VideoOS.Common.Integration.WebApi.HttpClientCommunicatorUnitTests" name="SendAsync_ObjIsNull_ArgumentNullExceptionThrown" />
    </UnitTest>
    <UnitTest name="UniqueIndex_RemoveEntry_Removes_Specified_Item" storage="d:\actions-runner\_work\xpco\xpco\corporate\shared\common.integration\tst\videoos.common.integration.unittests\bin\x64\debug\net472\videoos.common.integration.unittests.dll" id="95dbcce7-6bb4-a762-7a18-8841c3b7477e">
      <Execution id="74dbdd9c-bdb1-4b24-bf9a-f599ae478e3c" />
      <TestMethod codeBase="D:\actions-runner\_work\XPCO\XPCO\Corporate\Shared\Common.Integration\tst\VideoOS.Common.Integration.UnitTests\bin\x64\Debug\net472\VideoOS.Common.Integration.UnitTests.dll" adapterTypeName="executor://mstestadapter/v2" className="VideoOS.Common.Integration.UnitTests.IndexedCollectionUnitTests" name="UniqueIndex_RemoveEntry_Removes_Specified_Item" />
    </UnitTest>
    <UnitTest name="SecurityManager_HasApplicationPermission_StatusApi_Allowed" storage="d:\actions-runner\_work\xpco\xpco\corporate\shared\common.integration\tst\videoos.common.integration.unittests\bin\x64\debug\net472\videoos.common.integration.unittests.dll" id="f6f481c8-5657-b895-2c35-7ef81b526c07">
      <Execution id="c9ed5b52-eec6-44cf-b1bf-56ba11bd7b91" />
      <TestMethod codeBase="D:\actions-runner\_work\XPCO\XPCO\Corporate\Shared\Common.Integration\tst\VideoOS.Common.Integration.UnitTests\bin\x64\Debug\net472\VideoOS.Common.Integration.UnitTests.dll" adapterTypeName="executor://mstestadapter/v2" className="VideoOS.Common.Integration.UnitTests.Security.SecurityManagerUnitTests" name="SecurityManager_HasApplicationPermission_StatusApi_Allowed" />
    </UnitTest>
    <UnitTest name="LicenseDocument_ThrowsUnsupportedLicensingModeError_OnLicenseWithoutMaximumChannelCount" storage="d:\actions-runner\_work\xpco\xpco\corporate\shared\common.integration\tst\videoos.common.integration.unittests\bin\x64\debug\net472\videoos.common.integration.unittests.dll" id="b741393a-f04e-486c-32a6-bec151291934">
      <TestCategory>
        <TestCategoryItem TestCategory="LicenseDocumentTest" />
      </TestCategory>
      <Execution id="57d1ffa8-dd1d-4e40-b938-77c4b0febae2" />
      <TestMethod codeBase="D:\actions-runner\_work\XPCO\XPCO\Corporate\Shared\Common.Integration\tst\VideoOS.Common.Integration.UnitTests\bin\x64\Debug\net472\VideoOS.Common.Integration.UnitTests.dll" adapterTypeName="executor://mstestadapter/v2" className="VideoOS.Common.Integration.UnitTests.License.LicenseDocumentTests" name="LicenseDocument_ThrowsUnsupportedLicensingModeError_OnLicenseWithoutMaximumChannelCount" />
    </UnitTest>
    <UnitTest name="SystemSettingTableAdapter_Encrypt_Success" storage="d:\actions-runner\_work\xpco\xpco\corporate\shared\common.integration\tst\videoos.common.integration.unittests\bin\x64\debug\net472\videoos.common.integration.unittests.dll" id="180196d8-f125-6614-48fa-62c49b0089e3">
      <Execution id="fdab2ce0-b7ad-4c2d-8925-3626516f9a74" />
      <TestMethod codeBase="D:\actions-runner\_work\XPCO\XPCO\Corporate\Shared\Common.Integration\tst\VideoOS.Common.Integration.UnitTests\bin\x64\Debug\net472\VideoOS.Common.Integration.UnitTests.dll" adapterTypeName="executor://mstestadapter/v2" className="VideoOS.Common.Integration.UnitTests.Configuration.SystemSettingTableAdapterUnitTests" name="SystemSettingTableAdapter_Encrypt_Success" />
    </UnitTest>
    <UnitTest name="CreateHttpUri_NoScheme_UseDefaultPortTrue_BecomesHttpPort80" storage="d:\actions-runner\_work\xpco\xpco\corporate\shared\common.integration\tst\videoos.common.integration.unittests\bin\x64\debug\net472\videoos.common.integration.unittests.dll" id="2c38eb3c-edb8-62c6-4b8c-05eb78ccfdcb">
      <TestCategory>
        <TestCategoryItem TestCategory="UriHandling" />
      </TestCategory>
      <Execution id="d1f8a782-2c8b-4f81-8de0-85ca79d7b90c" />
      <TestMethod codeBase="D:\actions-runner\_work\XPCO\XPCO\Corporate\Shared\Common.Integration\tst\VideoOS.Common.Integration.UnitTests\bin\x64\Debug\net472\VideoOS.Common.Integration.UnitTests.dll" adapterTypeName="executor://mstestadapter/v2" className="VideoOS.Common.Integration.UnitTests.Communication.UriHandlingUnitTests" name="CreateHttpUri_NoScheme_UseDefaultPortTrue_BecomesHttpPort80" />
    </UnitTest>
    <UnitTest name="CreateHttpsUri_HttpDefaultPort_UsePort88_BecomesHttpsPort88" storage="d:\actions-runner\_work\xpco\xpco\corporate\shared\common.integration\tst\videoos.common.integration.unittests\bin\x64\debug\net472\videoos.common.integration.unittests.dll" id="b59ba4a6-fee4-5dbb-65c9-c1c9b74d3142">
      <TestCategory>
        <TestCategoryItem TestCategory="UriHandling" />
      </TestCategory>
      <Execution id="d5fe6123-5be7-4cee-99e4-6d3ba65fb1be" />
      <TestMethod codeBase="D:\actions-runner\_work\XPCO\XPCO\Corporate\Shared\Common.Integration\tst\VideoOS.Common.Integration.UnitTests\bin\x64\Debug\net472\VideoOS.Common.Integration.UnitTests.dll" adapterTypeName="executor://mstestadapter/v2" className="VideoOS.Common.Integration.UnitTests.Communication.UriHandlingUnitTests" name="CreateHttpsUri_HttpDefaultPort_UsePort88_BecomesHttpsPort88" />
    </UnitTest>
    <UnitTest name="Send_NameResolutionFailure_EndpointNotFoundCalled" storage="d:\actions-runner\_work\xpco\xpco\corporate\shared\common.integration\tst\videoos.common.integration.unittests\bin\x64\debug\net472\videoos.common.integration.unittests.dll" id="d4e4459e-4e4b-4bcc-ed18-0a5cf77820ee">
      <Execution id="9d9aec77-c364-4ff8-a866-ffcb52c5f026" />
      <TestMethod codeBase="D:\actions-runner\_work\XPCO\XPCO\Corporate\Shared\Common.Integration\tst\VideoOS.Common.Integration.UnitTests\bin\x64\Debug\net472\VideoOS.Common.Integration.UnitTests.dll" adapterTypeName="executor://mstestadapter/v2" className="VideoOS.Common.Integration.WebApi.HttpClientCommunicatorUnitTests" name="Send_NameResolutionFailure_EndpointNotFoundCalled" />
    </UnitTest>
    <UnitTest name="ReceiveAsync_EndPointNull_ArgumentNullExceptionThrown" storage="d:\actions-runner\_work\xpco\xpco\corporate\shared\common.integration\tst\videoos.common.integration.unittests\bin\x64\debug\net472\videoos.common.integration.unittests.dll" id="216f6c1a-2538-c260-887d-c77c0606bca9">
      <Execution id="835b667b-95f3-454d-bd62-06d798ed2931" />
      <TestMethod codeBase="D:\actions-runner\_work\XPCO\XPCO\Corporate\Shared\Common.Integration\tst\VideoOS.Common.Integration.UnitTests\bin\x64\Debug\net472\VideoOS.Common.Integration.UnitTests.dll" adapterTypeName="executor://mstestadapter/v2" className="VideoOS.Common.Integration.WebApi.HttpClientCommunicatorUnitTests" name="ReceiveAsync_EndPointNull_ArgumentNullExceptionThrown" />
    </UnitTest>
    <UnitTest name="PtzReserveSessionResponseModel_Validate_Success" storage="d:\actions-runner\_work\xpco\xpco\corporate\shared\common.integration\tst\videoos.common.integration.unittests\bin\x64\debug\net472\videoos.common.integration.unittests.dll" id="9ad2aeec-3666-a2fb-9c69-a673ccec420e">
      <Execution id="798fd7a4-c385-47c9-9ff5-dabd0eacd270" />
      <TestMethod codeBase="D:\actions-runner\_work\XPCO\XPCO\Corporate\Shared\Common.Integration\tst\VideoOS.Common.Integration.UnitTests\bin\x64\Debug\net472\VideoOS.Common.Integration.UnitTests.dll" adapterTypeName="executor://mstestadapter/v2" className="VideoOS.Common.Integration.UnitTests.WebAPI.Model.Server.Responses.PtzSessionResponseModelTest" name="PtzReserveSessionResponseModel_Validate_Success" />
    </UnitTest>
    <UnitTest name="DatabaseResponseArchiveInformationModel_Validate_Success" storage="d:\actions-runner\_work\xpco\xpco\corporate\shared\common.integration\tst\videoos.common.integration.unittests\bin\x64\debug\net472\videoos.common.integration.unittests.dll" id="2274515c-9c3d-1f47-ee0c-6ff1e6d12dca">
      <Execution id="71b30845-e8cc-439f-ab27-fbacf1ea41c7" />
      <TestMethod codeBase="D:\actions-runner\_work\XPCO\XPCO\Corporate\Shared\Common.Integration\tst\VideoOS.Common.Integration.UnitTests\bin\x64\Debug\net472\VideoOS.Common.Integration.UnitTests.dll" adapterTypeName="executor://mstestadapter/v2" className="VideoOS.Common.Integration.UnitTests.WebApi.Model.DatabaseResponseModelTest" name="DatabaseResponseArchiveInformationModel_Validate_Success" />
    </UnitTest>
    <UnitTest name="RecurringSchedule_Constructor" storage="d:\actions-runner\_work\xpco\xpco\corporate\shared\common.integration\tst\videoos.common.integration.unittests\bin\x64\debug\net472\videoos.common.integration.unittests.dll" id="33db52b2-d0e0-3277-f9f1-6ac9a0d865bd">
      <Execution id="c0094e24-7350-4059-a54c-22b807b6ca9b" />
      <TestMethod codeBase="D:\actions-runner\_work\XPCO\XPCO\Corporate\Shared\Common.Integration\tst\VideoOS.Common.Integration.UnitTests\bin\x64\Debug\net472\VideoOS.Common.Integration.UnitTests.dll" adapterTypeName="executor://mstestadapter/v2" className="VideoOS.Common.Integration.UnitTests.Scheduling.RecurringScheduleTest" name="RecurringSchedule_Constructor" />
    </UnitTest>
    <UnitTest name="UpdateHardwareDriverModel_ValidModel_Success" storage="d:\actions-runner\_work\xpco\xpco\corporate\shared\common.integration\tst\videoos.common.integration.unittests\bin\x64\debug\net472\videoos.common.integration.unittests.dll" id="d7ead5dc-d9a9-6cd2-02fb-d5715f5c52d5">
      <Execution id="5c042b6a-5f6d-43f3-b745-0314d11b56fe" />
      <TestMethod codeBase="D:\actions-runner\_work\XPCO\XPCO\Corporate\Shared\Common.Integration\tst\VideoOS.Common.Integration.UnitTests\bin\x64\Debug\net472\VideoOS.Common.Integration.UnitTests.dll" adapterTypeName="executor://mstestadapter/v2" className="VideoOS.Common.Integration.UnitTests.WebAPI.Model.UpdateHardwareDriverModelTest" name="UpdateHardwareDriverModel_ValidModel_Success" />
    </UnitTest>
    <UnitTest name="CalculateLicenseRequirementsForHardware_DisabledHardware_CustomZeroLicenseType" storage="d:\actions-runner\_work\xpco\xpco\corporate\shared\common.integration\tst\videoos.common.integration.unittests\bin\x64\debug\net472\videoos.common.integration.unittests.dll" id="86bf28b8-8ce1-1336-8ba5-dad3c8d27587">
      <Execution id="ceb23e3d-16fd-48f6-b59a-6553859a29fc" />
      <TestMethod codeBase="D:\actions-runner\_work\XPCO\XPCO\Corporate\Shared\Common.Integration\tst\VideoOS.Common.Integration.UnitTests\bin\x64\Debug\net472\VideoOS.Common.Integration.UnitTests.dll" adapterTypeName="executor://mstestadapter/v2" className="VideoOS.Common.Integration.UnitTests.License.LicenseCalculatorTests" name="CalculateLicenseRequirementsForHardware_DisabledHardware_CustomZeroLicenseType" />
    </UnitTest>
    <UnitTest name="Call_HttpPost_InvalidParam_DataToPostNull_ThrowsArgumentNullException" storage="d:\actions-runner\_work\xpco\xpco\corporate\shared\common.integration\tst\videoos.common.integration.unittests\bin\x64\debug\net472\videoos.common.integration.unittests.dll" id="39dc3075-04fc-82df-3916-06d2414a6be6">
      <Execution id="b0836dd0-63b5-4143-a827-dc78a7c617b6" />
      <TestMethod codeBase="D:\actions-runner\_work\XPCO\XPCO\Corporate\Shared\Common.Integration\tst\VideoOS.Common.Integration.UnitTests\bin\x64\Debug\net472\VideoOS.Common.Integration.UnitTests.dll" adapterTypeName="executor://mstestadapter/v2" className="VideoOS.Common.Integration.UnitTests.Communication.HttpPostTests" name="Call_HttpPost_InvalidParam_DataToPostNull_ThrowsArgumentNullException" />
    </UnitTest>
    <UnitTest name="Receive_TokenCancellationExceptionThrown_ExceptionLoggedAndTimeoutExceptionThrown" storage="d:\actions-runner\_work\xpco\xpco\corporate\shared\common.integration\tst\videoos.common.integration.unittests\bin\x64\debug\net472\videoos.common.integration.unittests.dll" id="8137583d-b5a2-8cc4-15ed-97b48f8e86ed">
      <Execution id="340690da-2cf7-4a2b-8ce6-c8963588d9d7" />
      <TestMethod codeBase="D:\actions-runner\_work\XPCO\XPCO\Corporate\Shared\Common.Integration\tst\VideoOS.Common.Integration.UnitTests\bin\x64\Debug\net472\VideoOS.Common.Integration.UnitTests.dll" adapterTypeName="executor://mstestadapter/v2" className="VideoOS.Common.Integration.WebApi.HttpClientCommunicatorUnitTests" name="Receive_TokenCancellationExceptionThrown_ExceptionLoggedAndTimeoutExceptionThrown" />
    </UnitTest>
    <UnitTest name="FeatureManager_TryGetFeatureParameterValueT_Int_OutOfRange_Value" storage="d:\actions-runner\_work\xpco\xpco\corporate\shared\common.integration\tst\videoos.common.integration.unittests\bin\x64\debug\net472\videoos.common.integration.unittests.dll" id="ac46994b-04a8-77ef-2066-246951340cea">
      <Execution id="95502cd3-a813-40a9-bbeb-438b2a6fcb99" />
      <TestMethod codeBase="D:\actions-runner\_work\XPCO\XPCO\Corporate\Shared\Common.Integration\tst\VideoOS.Common.Integration.UnitTests\bin\x64\Debug\net472\VideoOS.Common.Integration.UnitTests.dll" adapterTypeName="executor://mstestadapter/v2" className="VideoOS.Common.Integration.UnitTests.License.FeatureManagerTest" name="FeatureManager_TryGetFeatureParameterValueT_Int_OutOfRange_Value" />
    </UnitTest>
    <UnitTest name="ServiceConnectionStatus_Construction_TimespanZero_ArgumentException" storage="d:\actions-runner\_work\xpco\xpco\corporate\shared\common.integration\tst\videoos.common.integration.unittests\bin\x64\debug\net472\videoos.common.integration.unittests.dll" id="945415cd-224b-6a51-d662-ea13ef7f9084">
      <Execution id="9a06de75-8db0-4eea-a01f-bf022854f9a6" />
      <TestMethod codeBase="D:\actions-runner\_work\XPCO\XPCO\Corporate\Shared\Common.Integration\tst\VideoOS.Common.Integration.UnitTests\bin\x64\Debug\net472\VideoOS.Common.Integration.UnitTests.dll" adapterTypeName="executor://mstestadapter/v2" className="VideoOS.Common.Integration.UnitTests.ServiceConnectionStatusTests" name="ServiceConnectionStatus_Construction_TimespanZero_ArgumentException" />
    </UnitTest>
    <UnitTest name="LicenseDocument_Constructor_ThrowsLicenseException_OnNullData" storage="d:\actions-runner\_work\xpco\xpco\corporate\shared\common.integration\tst\videoos.common.integration.unittests\bin\x64\debug\net472\videoos.common.integration.unittests.dll" id="fb527022-2a92-f246-b1d7-9e1a7faefac9">
      <TestCategory>
        <TestCategoryItem TestCategory="LicenseDocumentTest" />
      </TestCategory>
      <Execution id="b43f0747-27d5-4f5f-b03c-8260bc95f145" />
      <TestMethod codeBase="D:\actions-runner\_work\XPCO\XPCO\Corporate\Shared\Common.Integration\tst\VideoOS.Common.Integration.UnitTests\bin\x64\Debug\net472\VideoOS.Common.Integration.UnitTests.dll" adapterTypeName="executor://mstestadapter/v2" className="VideoOS.Common.Integration.UnitTests.License.LicenseDocumentTests" name="LicenseDocument_Constructor_ThrowsLicenseException_OnNullData" />
    </UnitTest>
    <UnitTest name="ServerFileStorage_Seek_PastStreamEnd_Exception" storage="d:\actions-runner\_work\xpco\xpco\corporate\shared\common.integration\tst\videoos.common.integration.unittests\bin\x64\debug\net472\videoos.common.integration.unittests.dll" id="093063e5-4e85-2605-7464-0185ca69aad4">
      <Execution id="14bedb15-466a-45dd-9fde-65019550c6f7" />
      <TestMethod codeBase="D:\actions-runner\_work\XPCO\XPCO\Corporate\Shared\Common.Integration\tst\VideoOS.Common.Integration.UnitTests\bin\x64\Debug\net472\VideoOS.Common.Integration.UnitTests.dll" adapterTypeName="executor://mstestadapter/v2" className="VideoOS.Common.Integration.UnitTests.ServerFileStorageTests" name="ServerFileStorage_Seek_PastStreamEnd_Exception" />
    </UnitTest>
    <UnitTest name="AddItem_Null_ThrowArgumentNullException" storage="d:\actions-runner\_work\xpco\xpco\corporate\shared\common.integration\tst\videoos.common.integration.unittests\bin\x64\debug\net472\videoos.common.integration.unittests.dll" id="95896344-7ea8-0831-12c7-8c9b175a88fa">
      <Execution id="5b5350a8-a652-4b52-a178-79bccdbd5b0e" />
      <TestMethod codeBase="D:\actions-runner\_work\XPCO\XPCO\Corporate\Shared\Common.Integration\tst\VideoOS.Common.Integration.UnitTests\bin\x64\Debug\net472\VideoOS.Common.Integration.UnitTests.dll" adapterTypeName="executor://mstestadapter/v2" className="VideoOS.Common.Integration.UnitTests.LinkedListIndexUnitTests" name="AddItem_Null_ThrowArgumentNullException" />
    </UnitTest>
    <UnitTest name="Test_IsMember_NoMembers" storage="d:\actions-runner\_work\xpco\xpco\corporate\shared\common.integration\tst\videoos.common.integration.unittests\bin\x64\debug\net472\videoos.common.integration.unittests.dll" id="107eabc5-a6da-8967-d62a-cc32fabff8f3">
      <Execution id="52cd7fa7-2705-42a1-854c-7f45d301f727" />
      <TestMethod codeBase="D:\actions-runner\_work\XPCO\XPCO\Corporate\Shared\Common.Integration\tst\VideoOS.Common.Integration.UnitTests\bin\x64\Debug\net472\VideoOS.Common.Integration.UnitTests.dll" adapterTypeName="executor://mstestadapter/v2" className="VideoOS.Common.Integration.UnitTests.Caching.MembershipCacheUnitTest" name="Test_IsMember_NoMembers" />
    </UnitTest>
    <UnitTest name="TaskModel_InvalidTaskType_Failed" storage="d:\actions-runner\_work\xpco\xpco\corporate\shared\common.integration\tst\videoos.common.integration.unittests\bin\x64\debug\net472\videoos.common.integration.unittests.dll" id="9ba25b4a-fbbc-78e4-6dfd-938192b3d92a">
      <Execution id="c8b8d90e-aa02-4a16-8b72-9cec5c53abbb" />
      <TestMethod codeBase="D:\actions-runner\_work\XPCO\XPCO\Corporate\Shared\Common.Integration\tst\VideoOS.Common.Integration.UnitTests\bin\x64\Debug\net472\VideoOS.Common.Integration.UnitTests.dll" adapterTypeName="executor://mstestadapter/v2" className="VideoOS.Common.Integration.UnitTests.WebAPI.Model.TaskModelTest" name="TaskModel_InvalidTaskType_Failed" />
    </UnitTest>
    <UnitTest name="ResponseModel_EmptyServiceId_ValidationFailure" storage="d:\actions-runner\_work\xpco\xpco\corporate\shared\common.integration\tst\videoos.common.integration.unittests\bin\x64\debug\net472\videoos.common.integration.unittests.dll" id="08dec44d-1c08-9a76-c0ec-d0a7bbbd645e">
      <Execution id="7616a27f-349b-40c9-935c-c095aa3d8522" />
      <TestMethod codeBase="D:\actions-runner\_work\XPCO\XPCO\Corporate\Shared\Common.Integration\tst\VideoOS.Common.Integration.UnitTests\bin\x64\Debug\net472\VideoOS.Common.Integration.UnitTests.dll" adapterTypeName="executor://mstestadapter/v2" className="VideoOS.Common.Integration.UnitTests.WebAPI.Model.Server.Responses.ResponseModelTest" name="ResponseModel_EmptyServiceId_ValidationFailure" />
    </UnitTest>
    <UnitTest name="UpdateLicenseCount_DriverNotInWhiteList_ModelIsInWhiteList_ReturnsTrueAndChannelLicenseCountIsOne" storage="d:\actions-runner\_work\xpco\xpco\corporate\shared\common.integration\tst\videoos.common.integration.unittests\bin\x64\debug\net472\videoos.common.integration.unittests.dll" id="0bf24c68-8b03-7eb6-2151-1d3d218ef9f7">
      <TestCategory>
        <TestCategoryItem TestCategory="Licensing" />
      </TestCategory>
      <Execution id="fc9aa053-d7d4-419d-8c08-b98430a38cc2" />
      <TestMethod codeBase="D:\actions-runner\_work\XPCO\XPCO\Corporate\Shared\Common.Integration\tst\VideoOS.Common.Integration.UnitTests\bin\x64\Debug\net472\VideoOS.Common.Integration.UnitTests.dll" adapterTypeName="executor://mstestadapter/v2" className="VideoOS.Common.Integration.UnitTests.License.HardwareLicenseCountEvaluatorTests" name="UpdateLicenseCount_DriverNotInWhiteList_ModelIsInWhiteList_ReturnsTrueAndChannelLicenseCountIsOne" />
    </UnitTest>
    <UnitTest name="CreateHttpsUri_HttpNonDefaultPort_UseDefaultPortFalse_BecomesHttpsPort88" storage="d:\actions-runner\_work\xpco\xpco\corporate\shared\common.integration\tst\videoos.common.integration.unittests\bin\x64\debug\net472\videoos.common.integration.unittests.dll" id="1db15543-6c02-69df-74e4-5c1a5a9ca3d4">
      <TestCategory>
        <TestCategoryItem TestCategory="UriHandling" />
      </TestCategory>
      <Execution id="ff7c5e0d-55a2-49e0-b8a6-033445beebf3" />
      <TestMethod codeBase="D:\actions-runner\_work\XPCO\XPCO\Corporate\Shared\Common.Integration\tst\VideoOS.Common.Integration.UnitTests\bin\x64\Debug\net472\VideoOS.Common.Integration.UnitTests.dll" adapterTypeName="executor://mstestadapter/v2" className="VideoOS.Common.Integration.UnitTests.Communication.UriHandlingUnitTests" name="CreateHttpsUri_HttpNonDefaultPort_UseDefaultPortFalse_BecomesHttpsPort88" />
    </UnitTest>
    <UnitTest name="TestPasswordGenerationFromMissingPasswordRequirements" storage="d:\actions-runner\_work\xpco\xpco\corporate\shared\common.integration\tst\videoos.common.integration.unittests\bin\x64\debug\net472\videoos.common.integration.unittests.dll" id="2c89d3a7-ba0a-5b64-dd42-2fe97e3a5239">
      <Execution id="56014b4c-5e94-4a50-be71-700e331c7e3d" />
      <TestMethod codeBase="D:\actions-runner\_work\XPCO\XPCO\Corporate\Shared\Common.Integration\tst\VideoOS.Common.Integration.UnitTests\bin\x64\Debug\net472\VideoOS.Common.Integration.UnitTests.dll" adapterTypeName="executor://mstestadapter/v2" className="VideoOS.Common.Integration.UnitTests.PasswordMinMaxGenerator" name="TestPasswordGenerationFromMissingPasswordRequirements" />
    </UnitTest>
    <UnitTest name="CheckAllMIPFiltersKindsTestNotOk3" storage="d:\actions-runner\_work\xpco\xpco\corporate\shared\common.integration\tst\videoos.common.integration.unittests\bin\x64\debug\net472\videoos.common.integration.unittests.dll" id="30c683e9-51dc-de30-6884-521787acbf6b">
      <TestCategory>
        <TestCategoryItem TestCategory="Rules.MIPFilter" />
      </TestCategory>
      <Execution id="4c36bb33-a8ff-4618-b132-6edd493b776c" />
      <TestMethod codeBase="D:\actions-runner\_work\XPCO\XPCO\Corporate\Shared\Common.Integration\tst\VideoOS.Common.Integration.UnitTests\bin\x64\Debug\net472\VideoOS.Common.Integration.UnitTests.dll" adapterTypeName="executor://mstestadapter/v2" className="VideoOS.Common.Integration.UnitTests.Rules.MIPFilterTest" name="CheckAllMIPFiltersKindsTestNotOk3" />
    </UnitTest>
    <UnitTest name="ActivateArchiveModel_Validation_RequiredPropertiesAreNull_Failed" storage="d:\actions-runner\_work\xpco\xpco\corporate\shared\common.integration\tst\videoos.common.integration.unittests\bin\x64\debug\net472\videoos.common.integration.unittests.dll" id="c648d94e-d167-b7e5-f8a4-f61682d6b498">
      <Execution id="9d9a7556-7400-4a54-99fd-036552c8bed4" />
      <TestMethod codeBase="D:\actions-runner\_work\XPCO\XPCO\Corporate\Shared\Common.Integration\tst\VideoOS.Common.Integration.UnitTests\bin\x64\Debug\net472\VideoOS.Common.Integration.UnitTests.dll" adapterTypeName="executor://mstestadapter/v2" className="VideoOS.Common.Integration.UnitTests.WebAPI.Model.ActivateArchiveModelTest" name="ActivateArchiveModel_Validation_RequiredPropertiesAreNull_Failed" />
    </UnitTest>
    <UnitTest name="PtzPresetCollection_LoadXml_Success" storage="d:\actions-runner\_work\xpco\xpco\corporate\shared\common.integration\tst\videoos.common.integration.unittests\bin\x64\debug\net472\videoos.common.integration.unittests.dll" id="dfa4a51a-f529-aa33-50fa-2784e6e059d7">
      <Execution id="24f6d10a-1141-42cf-a3f7-d09ffaaf9694" />
      <TestMethod codeBase="D:\actions-runner\_work\XPCO\XPCO\Corporate\Shared\Common.Integration\tst\VideoOS.Common.Integration.UnitTests\bin\x64\Debug\net472\VideoOS.Common.Integration.UnitTests.dll" adapterTypeName="executor://mstestadapter/v2" className="VideoOS.Common.Integration.UnitTests.PtzPresetCollectionUnitTests" name="PtzPresetCollection_LoadXml_Success" />
    </UnitTest>
    <UnitTest name="CreateHttpUri_HttpsNonDefaultPort_UseDefaultPortTrue_BecomesHttpPort80" storage="d:\actions-runner\_work\xpco\xpco\corporate\shared\common.integration\tst\videoos.common.integration.unittests\bin\x64\debug\net472\videoos.common.integration.unittests.dll" id="218e4c1d-1f10-9106-fd02-efc940b786c5">
      <TestCategory>
        <TestCategoryItem TestCategory="UriHandling" />
      </TestCategory>
      <Execution id="5b1d6af6-f60c-4a00-94cc-34c8e88383f4" />
      <TestMethod codeBase="D:\actions-runner\_work\XPCO\XPCO\Corporate\Shared\Common.Integration\tst\VideoOS.Common.Integration.UnitTests\bin\x64\Debug\net472\VideoOS.Common.Integration.UnitTests.dll" adapterTypeName="executor://mstestadapter/v2" className="VideoOS.Common.Integration.UnitTests.Communication.UriHandlingUnitTests" name="CreateHttpUri_HttpsNonDefaultPort_UseDefaultPortTrue_BecomesHttpPort80" />
    </UnitTest>
    <UnitTest name="DatabaseXmlConverter_DeviceXmlToStickerSize_Multiple" storage="d:\actions-runner\_work\xpco\xpco\corporate\shared\common.integration\tst\videoos.common.integration.unittests\bin\x64\debug\net472\videoos.common.integration.unittests.dll" id="9c06d1ba-ea2b-1bb0-fd83-2316c05808c9">
      <Execution id="ebff149d-8797-4868-addb-690ece18b6ea" />
      <TestMethod codeBase="D:\actions-runner\_work\XPCO\XPCO\Corporate\Shared\Common.Integration\tst\VideoOS.Common.Integration.UnitTests\bin\x64\Debug\net472\VideoOS.Common.Integration.UnitTests.dll" adapterTypeName="executor://mstestadapter/v2" className="VideoOS.Common.Integration.UnitTests.DatabaseXmlConverterTest" name="DatabaseXmlConverter_DeviceXmlToStickerSize_Multiple" />
    </UnitTest>
    <UnitTest name="LicenseDocument_GetParameterValue_SmartWallExpireDate" storage="d:\actions-runner\_work\xpco\xpco\corporate\shared\common.integration\tst\videoos.common.integration.unittests\bin\x64\debug\net472\videoos.common.integration.unittests.dll" id="ffb4cf84-136a-5ffc-e042-30138822b484">
      <TestCategory>
        <TestCategoryItem TestCategory="LicenseDocumentTest" />
      </TestCategory>
      <Execution id="9f66dee6-b9b6-4e9f-adfa-22f9afd3bcd4" />
      <TestMethod codeBase="D:\actions-runner\_work\XPCO\XPCO\Corporate\Shared\Common.Integration\tst\VideoOS.Common.Integration.UnitTests\bin\x64\Debug\net472\VideoOS.Common.Integration.UnitTests.dll" adapterTypeName="executor://mstestadapter/v2" className="VideoOS.Common.Integration.UnitTests.License.LicenseDocumentTests" name="LicenseDocument_GetParameterValue_SmartWallExpireDate" />
    </UnitTest>
    <UnitTest name="PtzPresetCollection_KeyIndexer_Success" storage="d:\actions-runner\_work\xpco\xpco\corporate\shared\common.integration\tst\videoos.common.integration.unittests\bin\x64\debug\net472\videoos.common.integration.unittests.dll" id="130f1d31-4e3b-f47a-5ffa-e1e0aa4b66b9">
      <Execution id="62861322-0a92-4b43-b174-2a0efd6772cc" />
      <TestMethod codeBase="D:\actions-runner\_work\XPCO\XPCO\Corporate\Shared\Common.Integration\tst\VideoOS.Common.Integration.UnitTests\bin\x64\Debug\net472\VideoOS.Common.Integration.UnitTests.dll" adapterTypeName="executor://mstestadapter/v2" className="VideoOS.Common.Integration.UnitTests.PtzPresetCollectionUnitTests" name="PtzPresetCollection_KeyIndexer_Success" />
    </UnitTest>
    <UnitTest name="RulesTableAdapter_ClearUserSid_Twice_InvalidOperationException" storage="d:\actions-runner\_work\xpco\xpco\corporate\shared\common.integration\tst\videoos.common.integration.unittests\bin\x64\debug\net472\videoos.common.integration.unittests.dll" id="86b90298-7079-4f14-fd5e-ec1d4595e4d7">
      <Execution id="9cfc4b3c-8b69-4a8e-87b9-e61ea10af23a" />
      <TestMethod codeBase="D:\actions-runner\_work\XPCO\XPCO\Corporate\Shared\Common.Integration\tst\VideoOS.Common.Integration.UnitTests\bin\x64\Debug\net472\VideoOS.Common.Integration.UnitTests.dll" adapterTypeName="executor://mstestadapter/v2" className="VideoOS.Common.Integration.UnitTests.Configuration.RulesTableAdapterUnitTests" name="RulesTableAdapter_ClearUserSid_Twice_InvalidOperationException" />
    </UnitTest>
    <UnitTest name="HttpClientCommunicatorWrapper_Send_CommunicationException" storage="d:\actions-runner\_work\xpco\xpco\corporate\shared\common.integration\tst\videoos.common.integration.unittests\bin\x64\debug\net472\videoos.common.integration.unittests.dll" id="f547ba9a-3e8a-0280-9c82-47b0dd4ab792">
      <Execution id="97380329-60e4-4614-b277-a0655ec8c8b0" />
      <TestMethod codeBase="D:\actions-runner\_work\XPCO\XPCO\Corporate\Shared\Common.Integration\tst\VideoOS.Common.Integration.UnitTests\bin\x64\Debug\net472\VideoOS.Common.Integration.UnitTests.dll" adapterTypeName="executor://mstestadapter/v2" className="VideoOS.Common.Integration.UnitTests.WebAPI.HttpClientCommunicatorWrapperTests" name="HttpClientCommunicatorWrapper_Send_CommunicationException" />
    </UnitTest>
    <UnitTest name="CreateInstance_ValidName_ValidSearchMethod_Partial_MixedCase_Success" storage="d:\actions-runner\_work\xpco\xpco\corporate\shared\common.integration\tst\videoos.common.integration.unittests\bin\x64\debug\net472\videoos.common.integration.unittests.dll" id="4dd883e5-76f8-1fd6-dedb-c94bc0363146">
      <Execution id="ae627af3-35f4-456b-925a-a5e479f205b6" />
      <TestMethod codeBase="D:\actions-runner\_work\XPCO\XPCO\Corporate\Shared\Common.Integration\tst\VideoOS.Common.Integration.UnitTests\bin\x64\Debug\net472\VideoOS.Common.Integration.UnitTests.dll" adapterTypeName="executor://mstestadapter/v2" className="VideoOS.Common.Integration.UnitTests.License.WhitelistMatchHelperTests" name="CreateInstance_ValidName_ValidSearchMethod_Partial_MixedCase_Success" />
    </UnitTest>
    <UnitTest name="ReadAttributeAsInt32_NoChild" storage="d:\actions-runner\_work\xpco\xpco\corporate\shared\common.integration\tst\videoos.common.integration.unittests\bin\x64\debug\net472\videoos.common.integration.unittests.dll" id="6e4974d9-e3ff-3885-68b1-cdf2eb46c979">
      <Execution id="b1032a26-5cc6-486e-b173-0459478f3b3e" />
      <TestMethod codeBase="D:\actions-runner\_work\XPCO\XPCO\Corporate\Shared\Common.Integration\tst\VideoOS.Common.Integration.UnitTests\bin\x64\Debug\net472\VideoOS.Common.Integration.UnitTests.dll" adapterTypeName="executor://mstestadapter/v2" className="VideoOS.Common.Integration.UnitTests.XmlDocumentExtensionsCoreUnitTests" name="ReadAttributeAsInt32_NoChild" />
    </UnitTest>
    <UnitTest name="SystemSettingTableAdapter_Decrypt_Success" storage="d:\actions-runner\_work\xpco\xpco\corporate\shared\common.integration\tst\videoos.common.integration.unittests\bin\x64\debug\net472\videoos.common.integration.unittests.dll" id="5f5ad44f-fb33-632b-1ec5-5b33da5768be">
      <Execution id="7e5f9a63-afaf-4293-8256-b2fb15c28782" />
      <TestMethod codeBase="D:\actions-runner\_work\XPCO\XPCO\Corporate\Shared\Common.Integration\tst\VideoOS.Common.Integration.UnitTests\bin\x64\Debug\net472\VideoOS.Common.Integration.UnitTests.dll" adapterTypeName="executor://mstestadapter/v2" className="VideoOS.Common.Integration.UnitTests.Configuration.SystemSettingTableAdapterUnitTests" name="SystemSettingTableAdapter_Decrypt_Success" />
    </UnitTest>
    <UnitTest name="Schemes_SerializeAndDeserializeEmptyItemTest" storage="d:\actions-runner\_work\xpco\xpco\corporate\shared\common.integration\tst\videoos.common.integration.unittests\bin\x64\debug\net472\videoos.common.integration.unittests.dll" id="8b3bdd76-be17-d72f-6f3e-f2f3dbdb323c">
      <Execution id="314cc3ed-f0c6-4a3b-bd41-5c1a1fbc9f44" />
      <TestMethod codeBase="D:\actions-runner\_work\XPCO\XPCO\Corporate\Shared\Common.Integration\tst\VideoOS.Common.Integration.UnitTests\bin\x64\Debug\net472\VideoOS.Common.Integration.UnitTests.dll" adapterTypeName="executor://mstestadapter/v2" className="VideoOS.Common.Integration.UnitTests.DeviceDiscovery.SchemesTest" name="Schemes_SerializeAndDeserializeEmptyItemTest" />
    </UnitTest>
    <UnitTest name="GetPresetByKey_ByIdMoreThanOnePreset" storage="d:\actions-runner\_work\xpco\xpco\corporate\shared\common.integration\tst\videoos.common.integration.unittests\bin\x64\debug\net472\videoos.common.integration.unittests.dll" id="17fa2fd1-7883-271f-267b-2cd622394c50">
      <Execution id="6978d37c-6c99-4929-a01b-a3e6820b638e" />
      <TestMethod codeBase="D:\actions-runner\_work\XPCO\XPCO\Corporate\Shared\Common.Integration\tst\VideoOS.Common.Integration.UnitTests\bin\x64\Debug\net472\VideoOS.Common.Integration.UnitTests.dll" adapterTypeName="executor://mstestadapter/v2" className="VideoOS.Common.Integration.UnitTests.PtzPresetCollectionUnitTests" name="GetPresetByKey_ByIdMoreThanOnePreset" />
    </UnitTest>
    <UnitTest name="ReadAttributeAsInt32_InvalidData" storage="d:\actions-runner\_work\xpco\xpco\corporate\shared\common.integration\tst\videoos.common.integration.unittests\bin\x64\debug\net472\videoos.common.integration.unittests.dll" id="33e78198-6e35-ee3a-4817-ac31f5eb04e5">
      <Execution id="4ef19e96-77a5-4004-aa62-f7b9262d2537" />
      <TestMethod codeBase="D:\actions-runner\_work\XPCO\XPCO\Corporate\Shared\Common.Integration\tst\VideoOS.Common.Integration.UnitTests\bin\x64\Debug\net472\VideoOS.Common.Integration.UnitTests.dll" adapterTypeName="executor://mstestadapter/v2" className="VideoOS.Common.Integration.UnitTests.XmlDocumentExtensionsCoreUnitTests" name="ReadAttributeAsInt32_InvalidData" />
    </UnitTest>
    <UnitTest name="ScheduledTimeReachedFunctionScheduledDateTimeReachedForTwoTokensTest" storage="d:\actions-runner\_work\xpco\xpco\corporate\shared\common.integration\tst\videoos.common.integration.unittests\bin\x64\debug\net472\videoos.common.integration.unittests.dll" id="e34de6a5-5f57-c953-a0ee-421d62e26c4c">
      <Execution id="cf7033e3-87b3-4b0d-88f4-12c30c269e84" />
      <TestMethod codeBase="D:\actions-runner\_work\XPCO\XPCO\Corporate\Shared\Common.Integration\tst\VideoOS.Common.Integration.UnitTests\bin\x64\Debug\net472\VideoOS.Common.Integration.UnitTests.dll" adapterTypeName="executor://mstestadapter/v2" className="VideoOS.Common.Integration.UnitTests.Rules.ScheduledTimeReachedFunctionTest" name="ScheduledTimeReachedFunctionScheduledDateTimeReachedForTwoTokensTest" />
    </UnitTest>
    <UnitTest name="LicenseCalculationResult_Validate_LicenseCount_Throws_ArgumentOutOfRangeException" storage="d:\actions-runner\_work\xpco\xpco\corporate\shared\common.integration\tst\videoos.common.integration.unittests\bin\x64\debug\net472\videoos.common.integration.unittests.dll" id="df043f0c-e9e8-6531-3c81-0cb0a9f9d667">
      <Execution id="5b487d75-3631-4ffd-8859-e6b7341cba8d" />
      <TestMethod codeBase="D:\actions-runner\_work\XPCO\XPCO\Corporate\Shared\Common.Integration\tst\VideoOS.Common.Integration.UnitTests\bin\x64\Debug\net472\VideoOS.Common.Integration.UnitTests.dll" adapterTypeName="executor://mstestadapter/v2" className="VideoOS.Common.Integration.UnitTests.License.LicenseCalculatorTests" name="LicenseCalculationResult_Validate_LicenseCount_Throws_ArgumentOutOfRangeException" />
    </UnitTest>
    <UnitTest name="WhiteList_CreateInstanceWithoutAttributesParameter_RaisesArgumentException" storage="d:\actions-runner\_work\xpco\xpco\corporate\shared\common.integration\tst\videoos.common.integration.unittests\bin\x64\debug\net472\videoos.common.integration.unittests.dll" id="3ee5c1cb-2da7-8d79-fdd9-2e8056204da5">
      <TestCategory>
        <TestCategoryItem TestCategory="Licensing" />
      </TestCategory>
      <Execution id="2a13af52-dee9-4b5a-ba40-a3ae81cbf010" />
      <TestMethod codeBase="D:\actions-runner\_work\XPCO\XPCO\Corporate\Shared\Common.Integration\tst\VideoOS.Common.Integration.UnitTests\bin\x64\Debug\net472\VideoOS.Common.Integration.UnitTests.dll" adapterTypeName="executor://mstestadapter/v2" className="VideoOS.Common.Integration.UnitTests.License.LicenseWhitelistTests" name="WhiteList_CreateInstanceWithoutAttributesParameter_RaisesArgumentException" />
    </UnitTest>
    <UnitTest name="IsEnumerationValueAac_ReturnsFalse_OnValueWithoutAac" storage="d:\actions-runner\_work\xpco\xpco\corporate\shared\common.integration\tst\videoos.common.integration.unittests\bin\x64\debug\net472\videoos.common.integration.unittests.dll" id="1388ff5c-50de-cc86-d0b2-d19866f62f9c">
      <Execution id="c8da86df-46fc-4d72-b24d-cca3b5a94001" />
      <TestMethod codeBase="D:\actions-runner\_work\XPCO\XPCO\Corporate\Shared\Common.Integration\tst\VideoOS.Common.Integration.UnitTests\bin\x64\Debug\net472\VideoOS.Common.Integration.UnitTests.dll" adapterTypeName="executor://mstestadapter/v2" className="VideoOS.Common.Integration.UnitTests.DriverDefinition.DefinitionUtilityTests" name="IsEnumerationValueAac_ReturnsFalse_OnValueWithoutAac" />
    </UnitTest>
    <UnitTest name="CheckAllMIPFiltersKindsTestOk2" storage="d:\actions-runner\_work\xpco\xpco\corporate\shared\common.integration\tst\videoos.common.integration.unittests\bin\x64\debug\net472\videoos.common.integration.unittests.dll" id="e044c42f-312e-1694-ede7-afdb126f7b59">
      <TestCategory>
        <TestCategoryItem TestCategory="Rules.MIPFilter" />
      </TestCategory>
      <Execution id="abd63310-0ab3-41e8-9a54-911bd69d80b7" />
      <TestMethod codeBase="D:\actions-runner\_work\XPCO\XPCO\Corporate\Shared\Common.Integration\tst\VideoOS.Common.Integration.UnitTests\bin\x64\Debug\net472\VideoOS.Common.Integration.UnitTests.dll" adapterTypeName="executor://mstestadapter/v2" className="VideoOS.Common.Integration.UnitTests.Rules.MIPFilterTest" name="CheckAllMIPFiltersKindsTestOk2" />
    </UnitTest>
    <UnitTest name="ErrorResponseModel_NoValuesSet_ValidationFailure" storage="d:\actions-runner\_work\xpco\xpco\corporate\shared\common.integration\tst\videoos.common.integration.unittests\bin\x64\debug\net472\videoos.common.integration.unittests.dll" id="fe9bc6f3-5ae0-a5e5-ce28-a1c76df55560">
      <Execution id="8095dfb4-0079-4881-be23-af055a8f19d1" />
      <TestMethod codeBase="D:\actions-runner\_work\XPCO\XPCO\Corporate\Shared\Common.Integration\tst\VideoOS.Common.Integration.UnitTests\bin\x64\Debug\net472\VideoOS.Common.Integration.UnitTests.dll" adapterTypeName="executor://mstestadapter/v2" className="VideoOS.Common.Integration.UnitTests.WebAPI.Model.Recorder.Responses.ErrorResponseModelTest" name="ErrorResponseModel_NoValuesSet_ValidationFailure" />
    </UnitTest>
    <UnitTest name="ServerFileStorageQuota_ThreeConsumers_AboveLimit_PartialFail" storage="d:\actions-runner\_work\xpco\xpco\corporate\shared\common.integration\tst\videoos.common.integration.unittests\bin\x64\debug\net472\videoos.common.integration.unittests.dll" id="48a51aa5-8271-66b9-e7bb-589380017364">
      <Execution id="696cfcc9-68ce-4513-8e5b-55ee88505d6f" />
      <TestMethod codeBase="D:\actions-runner\_work\XPCO\XPCO\Corporate\Shared\Common.Integration\tst\VideoOS.Common.Integration.UnitTests\bin\x64\Debug\net472\VideoOS.Common.Integration.UnitTests.dll" adapterTypeName="executor://mstestadapter/v2" className="VideoOS.Common.Integration.UnitTests.ServerFileStorageQuotaTests" name="ServerFileStorageQuota_ThreeConsumers_AboveLimit_PartialFail" />
    </UnitTest>
    <UnitTest name="ProcessMessage_Command_Bulkable_MaxBulkSize_GreaterThan_Commands_InQueue" storage="d:\actions-runner\_work\xpco\xpco\corporate\shared\common.integration\tst\videoos.common.integration.unittests\bin\x64\debug\net472\videoos.common.integration.unittests.dll" id="e792bf44-9d89-9fbe-3551-beb82e507424">
      <Execution id="f398df87-f97b-419e-80ff-338e02f66e8e" />
      <TestMethod codeBase="D:\actions-runner\_work\XPCO\XPCO\Corporate\Shared\Common.Integration\tst\VideoOS.Common.Integration.UnitTests\bin\x64\Debug\net472\VideoOS.Common.Integration.UnitTests.dll" adapterTypeName="executor://mstestadapter/v2" className="VideoOS.Common.Integration.UnitTests.MessageProcessing.ThreadPoolBulkMessageProcessorUnitTest" name="ProcessMessage_Command_Bulkable_MaxBulkSize_GreaterThan_Commands_InQueue" />
    </UnitTest>
    <UnitTest name="GetItemsByKey_SingleItem_ReturnsOneItem" storage="d:\actions-runner\_work\xpco\xpco\corporate\shared\common.integration\tst\videoos.common.integration.unittests\bin\x64\debug\net472\videoos.common.integration.unittests.dll" id="b96dda28-dd27-8422-6b01-65ffbda5b871">
      <Execution id="7247041a-face-472f-822f-c86ccdd2e996" />
      <TestMethod codeBase="D:\actions-runner\_work\XPCO\XPCO\Corporate\Shared\Common.Integration\tst\VideoOS.Common.Integration.UnitTests\bin\x64\Debug\net472\VideoOS.Common.Integration.UnitTests.dll" adapterTypeName="executor://mstestadapter/v2" className="VideoOS.Common.Integration.UnitTests.LinkedListIndexUnitTests" name="GetItemsByKey_SingleItem_ReturnsOneItem" />
    </UnitTest>
    <UnitTest name="ResponseModel_Validate_Success" storage="d:\actions-runner\_work\xpco\xpco\corporate\shared\common.integration\tst\videoos.common.integration.unittests\bin\x64\debug\net472\videoos.common.integration.unittests.dll" id="feac0fb9-cc87-e079-1135-a7b100b0efdb">
      <Execution id="b347a277-32e3-4290-8be1-4f1ef0f1a3a7" />
      <TestMethod codeBase="D:\actions-runner\_work\XPCO\XPCO\Corporate\Shared\Common.Integration\tst\VideoOS.Common.Integration.UnitTests\bin\x64\Debug\net472\VideoOS.Common.Integration.UnitTests.dll" adapterTypeName="executor://mstestadapter/v2" className="VideoOS.Common.Integration.UnitTests.WebAPI.Model.Recorder.Responses.ResponseModelTest" name="ResponseModel_Validate_Success" />
    </UnitTest>
    <UnitTest name="LicenseDocument_Constructor_ThrowsArgumentNullException_OnEmptyStringParam" storage="d:\actions-runner\_work\xpco\xpco\corporate\shared\common.integration\tst\videoos.common.integration.unittests\bin\x64\debug\net472\videoos.common.integration.unittests.dll" id="0d129f65-608c-48fe-7bbe-617ecdfce641">
      <Execution id="d8f08ac8-694c-4581-aa96-d6ee295595f0" />
      <TestMethod codeBase="D:\actions-runner\_work\XPCO\XPCO\Corporate\Shared\Common.Integration\tst\VideoOS.Common.Integration.UnitTests\bin\x64\Debug\net472\VideoOS.Common.Integration.UnitTests.dll" adapterTypeName="executor://mstestadapter/v2" className="VideoOS.Common.Integration.UnitTests.License.LicenseDocumentTests" name="LicenseDocument_Constructor_ThrowsArgumentNullException_OnEmptyStringParam" />
    </UnitTest>
    <UnitTest name="StreamsConfiguration_ValidateConfiguration_Two_Recording_Streams_UnknownTrackStreamError" storage="d:\actions-runner\_work\xpco\xpco\corporate\shared\common.integration\tst\videoos.common.integration.unittests\bin\x64\debug\net472\videoos.common.integration.unittests.dll" id="7e345f07-c556-d967-79a6-d801b42f883c">
      <Execution id="d7304050-02d8-4004-a73a-558d745009fd" />
      <TestMethod codeBase="D:\actions-runner\_work\XPCO\XPCO\Corporate\Shared\Common.Integration\tst\VideoOS.Common.Integration.UnitTests\bin\x64\Debug\net472\VideoOS.Common.Integration.UnitTests.dll" adapterTypeName="executor://mstestadapter/v2" className="VideoOS.Common.Integration.UnitTests.StreamsConfigurationUnitTests" name="StreamsConfiguration_ValidateConfiguration_Two_Recording_Streams_UnknownTrackStreamError" />
    </UnitTest>
    <UnitTest name="ServerFileStorage_GetStorage_DoesNotExist_ReturnsNull" storage="d:\actions-runner\_work\xpco\xpco\corporate\shared\common.integration\tst\videoos.common.integration.unittests\bin\x64\debug\net472\videoos.common.integration.unittests.dll" id="afaf7d5c-e759-9810-8c50-94b281cf741c">
      <Execution id="512a333e-25d8-46bc-981e-56d2e56f41a4" />
      <TestMethod codeBase="D:\actions-runner\_work\XPCO\XPCO\Corporate\Shared\Common.Integration\tst\VideoOS.Common.Integration.UnitTests\bin\x64\Debug\net472\VideoOS.Common.Integration.UnitTests.dll" adapterTypeName="executor://mstestadapter/v2" className="VideoOS.Common.Integration.UnitTests.ServerFileStorageTests" name="ServerFileStorage_GetStorage_DoesNotExist_ReturnsNull" />
    </UnitTest>
    <UnitTest name="LicenseDocument_ThrowsUnsupportedLicensingModeError_OnLicenseWithoutLicensingFeatureFlags" storage="d:\actions-runner\_work\xpco\xpco\corporate\shared\common.integration\tst\videoos.common.integration.unittests\bin\x64\debug\net472\videoos.common.integration.unittests.dll" id="57a9c9bd-7aac-1cf5-4fa5-9b6213eb2353">
      <TestCategory>
        <TestCategoryItem TestCategory="LicenseDocumentTest" />
      </TestCategory>
      <Execution id="1bb470b9-f28d-477f-9272-3448387a3b78" />
      <TestMethod codeBase="D:\actions-runner\_work\XPCO\XPCO\Corporate\Shared\Common.Integration\tst\VideoOS.Common.Integration.UnitTests\bin\x64\Debug\net472\VideoOS.Common.Integration.UnitTests.dll" adapterTypeName="executor://mstestadapter/v2" className="VideoOS.Common.Integration.UnitTests.License.LicenseDocumentTests" name="LicenseDocument_ThrowsUnsupportedLicensingModeError_OnLicenseWithoutLicensingFeatureFlags" />
    </UnitTest>
    <UnitTest name="CreateHttpUri_NoSchemeWithPort_UseDefaultPortFalse_BecomesHttpPort444" storage="d:\actions-runner\_work\xpco\xpco\corporate\shared\common.integration\tst\videoos.common.integration.unittests\bin\x64\debug\net472\videoos.common.integration.unittests.dll" id="ecd5a7ff-d01e-b972-8929-8cd318d1ee7d">
      <TestCategory>
        <TestCategoryItem TestCategory="UriHandling" />
      </TestCategory>
      <Execution id="67c4a35b-fe5b-45e2-86ad-7f0b49a5d3bf" />
      <TestMethod codeBase="D:\actions-runner\_work\XPCO\XPCO\Corporate\Shared\Common.Integration\tst\VideoOS.Common.Integration.UnitTests\bin\x64\Debug\net472\VideoOS.Common.Integration.UnitTests.dll" adapterTypeName="executor://mstestadapter/v2" className="VideoOS.Common.Integration.UnitTests.Communication.UriHandlingUnitTests" name="CreateHttpUri_NoSchemeWithPort_UseDefaultPortFalse_BecomesHttpPort444" />
    </UnitTest>
    <UnitTest name="CreateHttpsUri_HttpDefaultPort_UsePort65535_BecomesHttpsPort65535" storage="d:\actions-runner\_work\xpco\xpco\corporate\shared\common.integration\tst\videoos.common.integration.unittests\bin\x64\debug\net472\videoos.common.integration.unittests.dll" id="25fc7e88-a2c3-3844-bb7c-510941df4618">
      <Execution id="c8adedda-1df3-4593-81f4-93369ccbd349" />
      <TestMethod codeBase="D:\actions-runner\_work\XPCO\XPCO\Corporate\Shared\Common.Integration\tst\VideoOS.Common.Integration.UnitTests\bin\x64\Debug\net472\VideoOS.Common.Integration.UnitTests.dll" adapterTypeName="executor://mstestadapter/v2" className="VideoOS.Common.Integration.UnitTests.Communication.UriHandlingUnitTests" name="CreateHttpsUri_HttpDefaultPort_UsePort65535_BecomesHttpsPort65535" />
    </UnitTest>
    <UnitTest name="ProductCodeTest" storage="d:\actions-runner\_work\xpco\xpco\corporate\shared\common.integration\tst\videoos.common.integration.unittests\bin\x64\debug\net472\videoos.common.integration.unittests.dll" id="972a74a6-da00-3d42-6671-102dcbc602e4">
      <Execution id="49fdcefe-ef37-4ea3-9bad-e2703cbe26bc" />
      <TestMethod codeBase="D:\actions-runner\_work\XPCO\XPCO\Corporate\Shared\Common.Integration\tst\VideoOS.Common.Integration.UnitTests\bin\x64\Debug\net472\VideoOS.Common.Integration.UnitTests.dll" adapterTypeName="executor://mstestadapter/v2" className="VideoOS.Common.Integration.UnitTests.Oem.AProductVersionUnitTest" name="ProductCodeTest" />
    </UnitTest>
    <UnitTest name="ReadChildElementValueAsUInt32_RangeCheck_Max" storage="d:\actions-runner\_work\xpco\xpco\corporate\shared\common.integration\tst\videoos.common.integration.unittests\bin\x64\debug\net472\videoos.common.integration.unittests.dll" id="d3728665-a3db-a727-4565-a08d6811d5de">
      <Execution id="8e2b3806-8fbb-40d6-988d-e01cb9b00c6b" />
      <TestMethod codeBase="D:\actions-runner\_work\XPCO\XPCO\Corporate\Shared\Common.Integration\tst\VideoOS.Common.Integration.UnitTests\bin\x64\Debug\net472\VideoOS.Common.Integration.UnitTests.dll" adapterTypeName="executor://mstestadapter/v2" className="VideoOS.Common.Integration.UnitTests.XmlDocumentExtensionsCoreUnitTests" name="ReadChildElementValueAsUInt32_RangeCheck_Max" />
    </UnitTest>
    <UnitTest name="BaseHtmlLicenseReport_CreateImage_WithClassName_Success" storage="d:\actions-runner\_work\xpco\xpco\corporate\shared\common.integration\tst\videoos.common.integration.unittests\bin\x64\debug\net472\videoos.common.integration.unittests.dll" id="5f2af1de-e546-2980-4be2-6b228a745388">
      <Execution id="7ea62c49-22e1-4bea-b9db-4e8253f0c9ca" />
      <TestMethod codeBase="D:\actions-runner\_work\XPCO\XPCO\Corporate\Shared\Common.Integration\tst\VideoOS.Common.Integration.UnitTests\bin\x64\Debug\net472\VideoOS.Common.Integration.UnitTests.dll" adapterTypeName="executor://mstestadapter/v2" className="VideoOS.Common.Integration.UnitTests.License.BaseHtmlLicenseReportTests" name="BaseHtmlLicenseReport_CreateImage_WithClassName_Success" />
    </UnitTest>
    <UnitTest name="ReadChildElementValueAsUInt64_InvalidData_NegativeNumber" storage="d:\actions-runner\_work\xpco\xpco\corporate\shared\common.integration\tst\videoos.common.integration.unittests\bin\x64\debug\net472\videoos.common.integration.unittests.dll" id="276fa930-eaef-9c23-a1f1-181422ff1972">
      <Execution id="9025e42b-03e0-4c52-b0da-c0545b294d65" />
      <TestMethod codeBase="D:\actions-runner\_work\XPCO\XPCO\Corporate\Shared\Common.Integration\tst\VideoOS.Common.Integration.UnitTests\bin\x64\Debug\net472\VideoOS.Common.Integration.UnitTests.dll" adapterTypeName="executor://mstestadapter/v2" className="VideoOS.Common.Integration.UnitTests.XmlDocumentExtensionsCoreUnitTests" name="ReadChildElementValueAsUInt64_InvalidData_NegativeNumber" />
    </UnitTest>
    <UnitTest name="SystemSettingTableAdapter_Decrypt_Handle_No_Settings" storage="d:\actions-runner\_work\xpco\xpco\corporate\shared\common.integration\tst\videoos.common.integration.unittests\bin\x64\debug\net472\videoos.common.integration.unittests.dll" id="0555bb83-c294-2c07-157a-b35cfe77bdd2">
      <Execution id="36af4c84-5136-4bf8-9de2-f12b0985fc68" />
      <TestMethod codeBase="D:\actions-runner\_work\XPCO\XPCO\Corporate\Shared\Common.Integration\tst\VideoOS.Common.Integration.UnitTests\bin\x64\Debug\net472\VideoOS.Common.Integration.UnitTests.dll" adapterTypeName="executor://mstestadapter/v2" className="VideoOS.Common.Integration.UnitTests.Configuration.SystemSettingTableAdapterUnitTests" name="SystemSettingTableAdapter_Decrypt_Handle_No_Settings" />
    </UnitTest>
    <UnitTest name="ModelValidation_ValidModel_Success" storage="d:\actions-runner\_work\xpco\xpco\corporate\shared\common.integration\tst\videoos.common.integration.unittests\bin\x64\debug\net472\videoos.common.integration.unittests.dll" id="d09163c9-530f-decc-628c-167965354a98">
      <Execution id="1d9d8265-4496-49ad-8103-306fe264e8d5" />
      <TestMethod codeBase="D:\actions-runner\_work\XPCO\XPCO\Corporate\Shared\Common.Integration\tst\VideoOS.Common.Integration.UnitTests\bin\x64\Debug\net472\VideoOS.Common.Integration.UnitTests.dll" adapterTypeName="executor://mstestadapter/v2" className="VideoOS.Common.Integration.UnitTests.WebAPI.Model.SendMultiNotificationModelTest" name="ModelValidation_ValidModel_Success" />
    </UnitTest>
    <UnitTest name="GetPresetByKey_ByIdNoMatch" storage="d:\actions-runner\_work\xpco\xpco\corporate\shared\common.integration\tst\videoos.common.integration.unittests\bin\x64\debug\net472\videoos.common.integration.unittests.dll" id="b74f2889-3d4b-c5bd-339c-e731c9bd4104">
      <Execution id="d51d5ca3-3ca6-414c-9cce-47890e188fb1" />
      <TestMethod codeBase="D:\actions-runner\_work\XPCO\XPCO\Corporate\Shared\Common.Integration\tst\VideoOS.Common.Integration.UnitTests\bin\x64\Debug\net472\VideoOS.Common.Integration.UnitTests.dll" adapterTypeName="executor://mstestadapter/v2" className="VideoOS.Common.Integration.UnitTests.PtzPresetCollectionUnitTests" name="GetPresetByKey_ByIdNoMatch" />
    </UnitTest>
    <UnitTest name="WhiteList_IsDriverWhiteListed_HWWith16CH_GlobalMaxChannelCountIs16_ReturnsTrue" storage="d:\actions-runner\_work\xpco\xpco\corporate\shared\common.integration\tst\videoos.common.integration.unittests\bin\x64\debug\net472\videoos.common.integration.unittests.dll" id="fae6bee7-dad5-2e49-f8db-0f9ebd7161b5">
      <TestCategory>
        <TestCategoryItem TestCategory="Licensing" />
      </TestCategory>
      <Execution id="d5fed3d9-28ac-488b-a749-50f5fc09edc1" />
      <TestMethod codeBase="D:\actions-runner\_work\XPCO\XPCO\Corporate\Shared\Common.Integration\tst\VideoOS.Common.Integration.UnitTests\bin\x64\Debug\net472\VideoOS.Common.Integration.UnitTests.dll" adapterTypeName="executor://mstestadapter/v2" className="VideoOS.Common.Integration.UnitTests.License.LicenseWhitelistTests" name="WhiteList_IsDriverWhiteListed_HWWith16CH_GlobalMaxChannelCountIs16_ReturnsTrue" />
    </UnitTest>
    <UnitTest name="DecryptingOtherSystemSetting" storage="d:\actions-runner\_work\xpco\xpco\corporate\shared\common.integration\tst\videoos.common.integration.unittests\bin\x64\debug\net472\videoos.common.integration.unittests.dll" id="17fa218c-c1a6-687b-c91d-11aad9d6292c">
      <Execution id="93adea45-752d-4518-88fa-bf49427fcb96" />
      <TestMethod codeBase="D:\actions-runner\_work\XPCO\XPCO\Corporate\Shared\Common.Integration\tst\VideoOS.Common.Integration.UnitTests\bin\x64\Debug\net472\VideoOS.Common.Integration.UnitTests.dll" adapterTypeName="executor://mstestadapter/v2" className="VideoOS.Common.Integration.UnitTests.Configuration.XmlEncryptionHelperTests" name="DecryptingOtherSystemSetting" />
    </UnitTest>
    <UnitTest name="MipAction2Model_RequiredPropertiesAreNull_Failed" storage="d:\actions-runner\_work\xpco\xpco\corporate\shared\common.integration\tst\videoos.common.integration.unittests\bin\x64\debug\net472\videoos.common.integration.unittests.dll" id="f9473f6a-b18a-1ef9-210b-abfa7eaaf135">
      <Execution id="dc75319b-476b-4ef2-9783-219178bc49bd" />
      <TestMethod codeBase="D:\actions-runner\_work\XPCO\XPCO\Corporate\Shared\Common.Integration\tst\VideoOS.Common.Integration.UnitTests\bin\x64\Debug\net472\VideoOS.Common.Integration.UnitTests.dll" adapterTypeName="executor://mstestadapter/v2" className="VideoOS.Common.Integration.UnitTests.WebAPI.Model.Server.MipAction2ModelTests" name="MipAction2Model_RequiredPropertiesAreNull_Failed" />
    </UnitTest>
    <UnitTest name="Validate_TotalDevicesUsingOneLicenseEach_Success" storage="d:\actions-runner\_work\xpco\xpco\corporate\shared\common.integration\tst\videoos.common.integration.unittests\bin\x64\debug\net472\videoos.common.integration.unittests.dll" id="4f24a41b-bda1-7ca6-f90e-e5465e1622b7">
      <Execution id="3be1fb39-9cc5-448f-87c0-47b49a8de288" />
      <TestMethod codeBase="D:\actions-runner\_work\XPCO\XPCO\Corporate\Shared\Common.Integration\tst\VideoOS.Common.Integration.UnitTests\bin\x64\Debug\net472\VideoOS.Common.Integration.UnitTests.dll" adapterTypeName="executor://mstestadapter/v2" className="VideoOS.Common.Integration.UnitTests.License.LicenseReportGeneratorTests" name="Validate_TotalDevicesUsingOneLicenseEach_Success" />
    </UnitTest>
    <UnitTest name="CertificateSelection2_Equals_Success" storage="d:\actions-runner\_work\xpco\xpco\corporate\shared\common.integration\tst\videoos.common.integration.unittests\bin\x64\debug\net472\videoos.common.integration.unittests.dll" id="20163c7a-5096-c086-0057-31baf2fbba71">
      <Execution id="1542427b-b444-4688-aa4e-c64674d83bce" />
      <TestMethod codeBase="D:\actions-runner\_work\XPCO\XPCO\Corporate\Shared\Common.Integration\tst\VideoOS.Common.Integration.UnitTests\bin\x64\Debug\net472\VideoOS.Common.Integration.UnitTests.dll" adapterTypeName="executor://mstestadapter/v2" className="VideoOS.Common.Integration.UnitTests.CertificateHandling.CertificateSelection2Tests" name="CertificateSelection2_Equals_Success" />
    </UnitTest>
    <UnitTest name="Constructor_ThrowsArgumentNullException_OnNull" storage="d:\actions-runner\_work\xpco\xpco\corporate\shared\common.integration\tst\videoos.common.integration.unittests\bin\x64\debug\net472\videoos.common.integration.unittests.dll" id="c957edcd-b4ea-11a0-574c-b491655dded4">
      <TestCategory>
        <TestCategoryItem TestCategory="Licensing" />
      </TestCategory>
      <Execution id="b243f39f-54e6-4941-a7e2-2a7e3be3521f" />
      <TestMethod codeBase="D:\actions-runner\_work\XPCO\XPCO\Corporate\Shared\Common.Integration\tst\VideoOS.Common.Integration.UnitTests\bin\x64\Debug\net472\VideoOS.Common.Integration.UnitTests.dll" adapterTypeName="executor://mstestadapter/v2" className="VideoOS.Common.Integration.UnitTests.License.AggregateFeedDictionaryTests" name="Constructor_ThrowsArgumentNullException_OnNull" />
    </UnitTest>
    <UnitTest name="Constructor_CreatesEmptyIndexes_OnIcpHw" storage="d:\actions-runner\_work\xpco\xpco\corporate\shared\common.integration\tst\videoos.common.integration.unittests\bin\x64\debug\net472\videoos.common.integration.unittests.dll" id="7a2a8518-d77f-ab62-355c-6a54533e9cdf">
      <TestCategory>
        <TestCategoryItem TestCategory="Licensing" />
      </TestCategory>
      <Execution id="ad4a0f3f-f41d-4477-b989-3afb8028c522" />
      <TestMethod codeBase="D:\actions-runner\_work\XPCO\XPCO\Corporate\Shared\Common.Integration\tst\VideoOS.Common.Integration.UnitTests\bin\x64\Debug\net472\VideoOS.Common.Integration.UnitTests.dll" adapterTypeName="executor://mstestadapter/v2" className="VideoOS.Common.Integration.UnitTests.License.AggregateFeedDictionaryTests" name="Constructor_CreatesEmptyIndexes_OnIcpHw" />
    </UnitTest>
    <UnitTest name="Recorder_Construct_ValidRecorderLicenseInfo_RemembersData_Success" storage="d:\actions-runner\_work\xpco\xpco\corporate\shared\common.integration\tst\videoos.common.integration.unittests\bin\x64\debug\net472\videoos.common.integration.unittests.dll" id="7ab09fb8-e03a-9c42-e70a-87289f2d1cfd">
      <Execution id="40cb29ac-417b-4e87-8ce1-be9079b7a6c3" />
      <TestMethod codeBase="D:\actions-runner\_work\XPCO\XPCO\Corporate\Shared\Common.Integration\tst\VideoOS.Common.Integration.UnitTests\bin\x64\Debug\net472\VideoOS.Common.Integration.UnitTests.dll" adapterTypeName="executor://mstestadapter/v2" className="VideoOS.Common.Integration.UnitTests.License.LicenseInfoTests" name="Recorder_Construct_ValidRecorderLicenseInfo_RemembersData_Success" />
    </UnitTest>
    <UnitTest name="ServerFileStorage_CreateTwoStreams_Exception" storage="d:\actions-runner\_work\xpco\xpco\corporate\shared\common.integration\tst\videoos.common.integration.unittests\bin\x64\debug\net472\videoos.common.integration.unittests.dll" id="c3dae83f-80d8-e6ed-7f70-cd97e7498d26">
      <Execution id="e8ced245-a993-4251-be6c-25db7f519a43" />
      <TestMethod codeBase="D:\actions-runner\_work\XPCO\XPCO\Corporate\Shared\Common.Integration\tst\VideoOS.Common.Integration.UnitTests\bin\x64\Debug\net472\VideoOS.Common.Integration.UnitTests.dll" adapterTypeName="executor://mstestadapter/v2" className="VideoOS.Common.Integration.UnitTests.ServerFileStorageTests" name="ServerFileStorage_CreateTwoStreams_Exception" />
    </UnitTest>
    <UnitTest name="ToLogEntryRule_ModelWithNullLogeDefinition_SuccessConvertion" storage="d:\actions-runner\_work\xpco\xpco\corporate\shared\common.integration\tst\videoos.common.integration.unittests\bin\x64\debug\net472\videoos.common.integration.unittests.dll" id="f3f224e3-e84e-962f-40aa-9cfc22312b50">
      <Execution id="1ad1121e-475e-4dc8-b80e-90dd4d0c07bd" />
      <TestMethod codeBase="D:\actions-runner\_work\XPCO\XPCO\Corporate\Shared\Common.Integration\tst\VideoOS.Common.Integration.UnitTests\bin\x64\Debug\net472\VideoOS.Common.Integration.UnitTests.dll" adapterTypeName="executor://mstestadapter/v2" className="VideoOS.Common.Integration.UnitTests.WebAPI.Model.Server.LogEntryModelConverterTest" name="ToLogEntryRule_ModelWithNullLogeDefinition_SuccessConvertion" />
    </UnitTest>
    <UnitTest name="LicenseDocument_IsICPFeatureLicensedFail" storage="d:\actions-runner\_work\xpco\xpco\corporate\shared\common.integration\tst\videoos.common.integration.unittests\bin\x64\debug\net472\videoos.common.integration.unittests.dll" id="32a663b5-f76e-790f-860f-745f62686405">
      <TestCategory>
        <TestCategoryItem TestCategory="LicenseDocumentTest" />
      </TestCategory>
      <Execution id="b1d5b460-f45a-4f85-8c90-56f9dddc3794" />
      <TestMethod codeBase="D:\actions-runner\_work\XPCO\XPCO\Corporate\Shared\Common.Integration\tst\VideoOS.Common.Integration.UnitTests\bin\x64\Debug\net472\VideoOS.Common.Integration.UnitTests.dll" adapterTypeName="executor://mstestadapter/v2" className="VideoOS.Common.Integration.UnitTests.License.LicenseDocumentTests" name="LicenseDocument_IsICPFeatureLicensedFail" />
    </UnitTest>
    <UnitTest name="ModelValidation_RequiredPropertiesAreNull_Failed" storage="d:\actions-runner\_work\xpco\xpco\corporate\shared\common.integration\tst\videoos.common.integration.unittests\bin\x64\debug\net472\videoos.common.integration.unittests.dll" id="7c19b165-d79b-e1ec-0b22-be461dcaa9e8">
      <Execution id="3376212c-84a6-4bbc-9e8c-d0d26f16cfc8" />
      <TestMethod codeBase="D:\actions-runner\_work\XPCO\XPCO\Corporate\Shared\Common.Integration\tst\VideoOS.Common.Integration.UnitTests\bin\x64\Debug\net472\VideoOS.Common.Integration.UnitTests.dll" adapterTypeName="executor://mstestadapter/v2" className="VideoOS.Common.Integration.UnitTests.WebAPI.Model.SynchronizeDevicePresetsModelTest" name="ModelValidation_RequiredPropertiesAreNull_Failed" />
    </UnitTest>
    <UnitTest name="ReadAttributeAsBoolean_SunnyDayFalse" storage="d:\actions-runner\_work\xpco\xpco\corporate\shared\common.integration\tst\videoos.common.integration.unittests\bin\x64\debug\net472\videoos.common.integration.unittests.dll" id="a1a6513b-09ff-3923-e040-1476b4e7b3cf">
      <Execution id="88f51826-da89-4fcb-9f66-f4fdcd2fa212" />
      <TestMethod codeBase="D:\actions-runner\_work\XPCO\XPCO\Corporate\Shared\Common.Integration\tst\VideoOS.Common.Integration.UnitTests\bin\x64\Debug\net472\VideoOS.Common.Integration.UnitTests.dll" adapterTypeName="executor://mstestadapter/v2" className="VideoOS.Common.Integration.UnitTests.XmlDocumentExtensionsCoreUnitTests" name="ReadAttributeAsBoolean_SunnyDayFalse" />
    </UnitTest>
    <UnitTest name="BulkProcessor_MoreItemsInQueueThanBulkSize_ItemsInBulkEqualsBulkSize" storage="d:\actions-runner\_work\xpco\xpco\corporate\shared\common.integration\tst\videoos.common.integration.unittests\bin\x64\debug\net472\videoos.common.integration.unittests.dll" id="b1046d72-e8e1-b870-4260-ab1f4426df84">
      <Execution id="a029b3a0-2c7e-48b8-9be2-2a921de4a426" />
      <TestMethod codeBase="D:\actions-runner\_work\XPCO\XPCO\Corporate\Shared\Common.Integration\tst\VideoOS.Common.Integration.UnitTests\bin\x64\Debug\net472\VideoOS.Common.Integration.UnitTests.dll" adapterTypeName="executor://mstestadapter/v2" className="VideoOS.Common.Integration.UnitTests.MessageProcessing.BulkProcessorUnitTest" name="BulkProcessor_MoreItemsInQueueThanBulkSize_ItemsInBulkEqualsBulkSize" />
    </UnitTest>
    <UnitTest name="TestCopyConstructorWithNull" storage="d:\actions-runner\_work\xpco\xpco\corporate\shared\common.integration\tst\videoos.common.integration.unittests\bin\x64\debug\net472\videoos.common.integration.unittests.dll" id="3a2658f6-d55c-045d-1867-cc0ab44d517b">
      <Execution id="523eb72a-458a-435e-8d87-ffd132b05e49" />
      <TestMethod codeBase="D:\actions-runner\_work\XPCO\XPCO\Corporate\Shared\Common.Integration\tst\VideoOS.Common.Integration.UnitTests\bin\x64\Debug\net472\VideoOS.Common.Integration.UnitTests.dll" adapterTypeName="executor://mstestadapter/v2" className="VideoOS.Common.Integration.UnitTests.Configuration.FillableGridAreaUnitTest" name="TestCopyConstructorWithNull" />
    </UnitTest>
    <UnitTest name="WhiteList_CreateInstanceMaximumChannelCountParameterIsZero_RaisesArgumentException" storage="d:\actions-runner\_work\xpco\xpco\corporate\shared\common.integration\tst\videoos.common.integration.unittests\bin\x64\debug\net472\videoos.common.integration.unittests.dll" id="ce806774-630c-b7f4-5672-ba10a6b0a724">
      <TestCategory>
        <TestCategoryItem TestCategory="Licensing" />
      </TestCategory>
      <Execution id="f31bf27c-dff5-469d-b200-0f1f8b4a554b" />
      <TestMethod codeBase="D:\actions-runner\_work\XPCO\XPCO\Corporate\Shared\Common.Integration\tst\VideoOS.Common.Integration.UnitTests\bin\x64\Debug\net472\VideoOS.Common.Integration.UnitTests.dll" adapterTypeName="executor://mstestadapter/v2" className="VideoOS.Common.Integration.UnitTests.License.LicenseWhitelistTests" name="WhiteList_CreateInstanceMaximumChannelCountParameterIsZero_RaisesArgumentException" />
    </UnitTest>
    <UnitTest name="GenerateReport_InvalidLicenseDocumentArg_ThrowsArgumentNullException" storage="d:\actions-runner\_work\xpco\xpco\corporate\shared\common.integration\tst\videoos.common.integration.unittests\bin\x64\debug\net472\videoos.common.integration.unittests.dll" id="72cd4159-9587-7825-bbb7-2e75ce7e55a6">
      <Execution id="d2ef5619-8fcb-4caa-9bc0-13e2c5f6369e" />
      <TestMethod codeBase="D:\actions-runner\_work\XPCO\XPCO\Corporate\Shared\Common.Integration\tst\VideoOS.Common.Integration.UnitTests\bin\x64\Debug\net472\VideoOS.Common.Integration.UnitTests.dll" adapterTypeName="executor://mstestadapter/v2" className="VideoOS.Common.Integration.UnitTests.License.LicenseReportGeneratorTests" name="GenerateReport_InvalidLicenseDocumentArg_ThrowsArgumentNullException" />
    </UnitTest>
    <UnitTest name="ReadChildElementValueAsUInt32_RangeCheck_Min" storage="d:\actions-runner\_work\xpco\xpco\corporate\shared\common.integration\tst\videoos.common.integration.unittests\bin\x64\debug\net472\videoos.common.integration.unittests.dll" id="1ace4b55-a085-9987-e967-fbe848c25281">
      <Execution id="428c8c9c-c60e-4654-994b-4e1a999c14e7" />
      <TestMethod codeBase="D:\actions-runner\_work\XPCO\XPCO\Corporate\Shared\Common.Integration\tst\VideoOS.Common.Integration.UnitTests\bin\x64\Debug\net472\VideoOS.Common.Integration.UnitTests.dll" adapterTypeName="executor://mstestadapter/v2" className="VideoOS.Common.Integration.UnitTests.XmlDocumentExtensionsCoreUnitTests" name="ReadChildElementValueAsUInt32_RangeCheck_Min" />
    </UnitTest>
    <UnitTest name="CreateResponseException_ServiceUnavailableAndResponseHasContent_ContentIsDeserializedFromHttpResponseMessage" storage="d:\actions-runner\_work\xpco\xpco\corporate\shared\common.integration\tst\videoos.common.integration.unittests\bin\x64\debug\net472\videoos.common.integration.unittests.dll" id="f4aca951-5572-6fb8-5445-22560bf3094a">
      <Execution id="c3f2f1b5-be73-4ce7-836b-356033590e96" />
      <TestMethod codeBase="D:\actions-runner\_work\XPCO\XPCO\Corporate\Shared\Common.Integration\tst\VideoOS.Common.Integration.UnitTests\bin\x64\Debug\net472\VideoOS.Common.Integration.UnitTests.dll" adapterTypeName="executor://mstestadapter/v2" className="VideoOS.Common.Integration.UnitTests.WebAPI.Exceptions.WebApiExceptionHelperTests" name="CreateResponseException_ServiceUnavailableAndResponseHasContent_ContentIsDeserializedFromHttpResponseMessage" />
    </UnitTest>
    <UnitTest name="WhiteList_IsDriverWhiteListed_HWWith12CH_DriverMaxChannelCountIs10GlobalMaxChannelCountIs16_ReturnsFalse" storage="d:\actions-runner\_work\xpco\xpco\corporate\shared\common.integration\tst\videoos.common.integration.unittests\bin\x64\debug\net472\videoos.common.integration.unittests.dll" id="31b4172c-65bb-7bd4-9388-183081d5bde8">
      <TestCategory>
        <TestCategoryItem TestCategory="Licensing" />
      </TestCategory>
      <Execution id="3756aae0-4d46-41d9-a375-0bed632c74cb" />
      <TestMethod codeBase="D:\actions-runner\_work\XPCO\XPCO\Corporate\Shared\Common.Integration\tst\VideoOS.Common.Integration.UnitTests\bin\x64\Debug\net472\VideoOS.Common.Integration.UnitTests.dll" adapterTypeName="executor://mstestadapter/v2" className="VideoOS.Common.Integration.UnitTests.License.LicenseWhitelistTests" name="WhiteList_IsDriverWhiteListed_HWWith12CH_DriverMaxChannelCountIs10GlobalMaxChannelCountIs16_ReturnsFalse" />
    </UnitTest>
    <UnitTest name="DatabaseResponseTrackIdsWithoutMediaOnRecorderModel_Validate_Success" storage="d:\actions-runner\_work\xpco\xpco\corporate\shared\common.integration\tst\videoos.common.integration.unittests\bin\x64\debug\net472\videoos.common.integration.unittests.dll" id="061c9b44-4e7b-9dd1-a613-5572fd2e77a2">
      <Execution id="caffe857-278f-439f-86ca-bb3f05c204d7" />
      <TestMethod codeBase="D:\actions-runner\_work\XPCO\XPCO\Corporate\Shared\Common.Integration\tst\VideoOS.Common.Integration.UnitTests\bin\x64\Debug\net472\VideoOS.Common.Integration.UnitTests.dll" adapterTypeName="executor://mstestadapter/v2" className="VideoOS.Common.Integration.UnitTests.WebApi.Model.DatabaseResponseModelTest" name="DatabaseResponseTrackIdsWithoutMediaOnRecorderModel_Validate_Success" />
    </UnitTest>
    <UnitTest name="GenerateReport_InvalidReportPropertyArg_ThrowsArgumentNullException" storage="d:\actions-runner\_work\xpco\xpco\corporate\shared\common.integration\tst\videoos.common.integration.unittests\bin\x64\debug\net472\videoos.common.integration.unittests.dll" id="0f78c010-9183-86fc-bd99-26fc79f05715">
      <Execution id="fa08ca4c-18ec-4452-846b-8a44e44b5449" />
      <TestMethod codeBase="D:\actions-runner\_work\XPCO\XPCO\Corporate\Shared\Common.Integration\tst\VideoOS.Common.Integration.UnitTests\bin\x64\Debug\net472\VideoOS.Common.Integration.UnitTests.dll" adapterTypeName="executor://mstestadapter/v2" className="VideoOS.Common.Integration.UnitTests.License.LicenseReportGeneratorTests" name="GenerateReport_InvalidReportPropertyArg_ThrowsArgumentNullException" />
    </UnitTest>
    <UnitTest name="Decrypt_DataSetHasNoRows_DataSetIsNotChanged" storage="d:\actions-runner\_work\xpco\xpco\corporate\shared\common.integration\tst\videoos.common.integration.unittests\bin\x64\debug\net472\videoos.common.integration.unittests.dll" id="875bcea1-de66-43dd-9be6-63694cc77b25">
      <Execution id="51f5b5b7-3d2f-42cf-bdad-68b8cdc480fc" />
      <TestMethod codeBase="D:\actions-runner\_work\XPCO\XPCO\Corporate\Shared\Common.Integration\tst\VideoOS.Common.Integration.UnitTests\bin\x64\Debug\net472\VideoOS.Common.Integration.UnitTests.dll" adapterTypeName="executor://mstestadapter/v2" className="VideoOS.Common.Integration.UnitTests.Configuration.HostingServerTableAdapterTests" name="Decrypt_DataSetHasNoRows_DataSetIsNotChanged" />
    </UnitTest>
    <UnitTest name="UpdateHardwareAggregates_SucceedsWhen_ClearedBeforeCalledAgain" storage="d:\actions-runner\_work\xpco\xpco\corporate\shared\common.integration\tst\videoos.common.integration.unittests\bin\x64\debug\net472\videoos.common.integration.unittests.dll" id="e911c4fa-1e99-dcf3-196d-3687b6c67446">
      <Execution id="08c7a537-6f49-47f5-ad1b-d7fd8e9364da" />
      <TestMethod codeBase="D:\actions-runner\_work\XPCO\XPCO\Corporate\Shared\Common.Integration\tst\VideoOS.Common.Integration.UnitTests\bin\x64\Debug\net472\VideoOS.Common.Integration.UnitTests.dll" adapterTypeName="executor://mstestadapter/v2" className="VideoOS.Common.Integration.UnitTests.License.HardwareDictionaryTests" name="UpdateHardwareAggregates_SucceedsWhen_ClearedBeforeCalledAgain" />
    </UnitTest>
    <UnitTest name="ServerFileStorage_CreateStream_RootDirectoryCreated" storage="d:\actions-runner\_work\xpco\xpco\corporate\shared\common.integration\tst\videoos.common.integration.unittests\bin\x64\debug\net472\videoos.common.integration.unittests.dll" id="1edb5fc0-1d1c-9043-2f33-b0d2833c32b4">
      <Execution id="a06ff129-ef7d-4456-ae29-c88e82eeba2a" />
      <TestMethod codeBase="D:\actions-runner\_work\XPCO\XPCO\Corporate\Shared\Common.Integration\tst\VideoOS.Common.Integration.UnitTests\bin\x64\Debug\net472\VideoOS.Common.Integration.UnitTests.dll" adapterTypeName="executor://mstestadapter/v2" className="VideoOS.Common.Integration.UnitTests.ServerFileStorageTests" name="ServerFileStorage_CreateStream_RootDirectoryCreated" />
    </UnitTest>
    <UnitTest name="ServerFileStorage_ReturnStorage_DoesNotExistOnDisk_DoesNotDeleteFile" storage="d:\actions-runner\_work\xpco\xpco\corporate\shared\common.integration\tst\videoos.common.integration.unittests\bin\x64\debug\net472\videoos.common.integration.unittests.dll" id="24cbf3e1-4d91-3570-c7f6-21f982ff2130">
      <Execution id="d9b5e5ae-ffb5-485e-bf0c-390f675b54bb" />
      <TestMethod codeBase="D:\actions-runner\_work\XPCO\XPCO\Corporate\Shared\Common.Integration\tst\VideoOS.Common.Integration.UnitTests\bin\x64\Debug\net472\VideoOS.Common.Integration.UnitTests.dll" adapterTypeName="executor://mstestadapter/v2" className="VideoOS.Common.Integration.UnitTests.ServerFileStorageTests" name="ServerFileStorage_ReturnStorage_DoesNotExistOnDisk_DoesNotDeleteFile" />
    </UnitTest>
    <UnitTest name="TestExceptionOnImproperParameters" storage="d:\actions-runner\_work\xpco\xpco\corporate\shared\common.integration\tst\videoos.common.integration.unittests\bin\x64\debug\net472\videoos.common.integration.unittests.dll" id="741aff36-7393-b790-182c-a6809d68341e">
      <Execution id="e04be62a-d047-4216-bbd4-92683775045d" />
      <TestMethod codeBase="D:\actions-runner\_work\XPCO\XPCO\Corporate\Shared\Common.Integration\tst\VideoOS.Common.Integration.UnitTests\bin\x64\Debug\net472\VideoOS.Common.Integration.UnitTests.dll" adapterTypeName="executor://mstestadapter/v2" className="VideoOS.Common.Integration.UnitTests.PasswordMinMaxGenerator" name="TestExceptionOnImproperParameters" />
    </UnitTest>
    <UnitTest name="LocalCommandProcessorResponseCollector_GetNextResponse_MultipleResponses" storage="d:\actions-runner\_work\xpco\xpco\corporate\shared\common.integration\tst\videoos.common.integration.unittests\bin\x64\debug\net472\videoos.common.integration.unittests.dll" id="f8511e92-1ab8-f006-d255-49913a7dc87b">
      <Execution id="b07234a0-0d16-42d0-a5ee-a87fbe25642d" />
      <TestMethod codeBase="D:\actions-runner\_work\XPCO\XPCO\Corporate\Shared\Common.Integration\tst\VideoOS.Common.Integration.UnitTests\bin\x64\Debug\net472\VideoOS.Common.Integration.UnitTests.dll" adapterTypeName="executor://mstestadapter/v2" className="VideoOS.Common.Integration.UnitTests.Command.CommandProcessor.LocalCommandProcessorResponseCollectorUnitTests" name="LocalCommandProcessorResponseCollector_GetNextResponse_MultipleResponses" />
    </UnitTest>
    <UnitTest name="LicenseDocument_IsDeviceLicensed_InvalidDeviceInfo_Throws_ArgumentNullException" storage="d:\actions-runner\_work\xpco\xpco\corporate\shared\common.integration\tst\videoos.common.integration.unittests\bin\x64\debug\net472\videoos.common.integration.unittests.dll" id="02346abb-3087-4fb2-13ee-f314a8f029b6">
      <TestCategory>
        <TestCategoryItem TestCategory="LicenseDocumentTest" />
      </TestCategory>
      <Execution id="456713d5-e7e0-4300-bdb8-c44b8e42d8e5" />
      <TestMethod codeBase="D:\actions-runner\_work\XPCO\XPCO\Corporate\Shared\Common.Integration\tst\VideoOS.Common.Integration.UnitTests\bin\x64\Debug\net472\VideoOS.Common.Integration.UnitTests.dll" adapterTypeName="executor://mstestadapter/v2" className="VideoOS.Common.Integration.UnitTests.License.LicenseDocumentTests" name="LicenseDocument_IsDeviceLicensed_InvalidDeviceInfo_Throws_ArgumentNullException" />
    </UnitTest>
    <UnitTest name="ReadChildElementValueAsUInt16_RangeCheck_Min" storage="d:\actions-runner\_work\xpco\xpco\corporate\shared\common.integration\tst\videoos.common.integration.unittests\bin\x64\debug\net472\videoos.common.integration.unittests.dll" id="f35d4fb1-645e-abe5-c8af-3657cb078d61">
      <Execution id="25294269-6192-4c56-a500-551865a7e1f1" />
      <TestMethod codeBase="D:\actions-runner\_work\XPCO\XPCO\Corporate\Shared\Common.Integration\tst\VideoOS.Common.Integration.UnitTests\bin\x64\Debug\net472\VideoOS.Common.Integration.UnitTests.dll" adapterTypeName="executor://mstestadapter/v2" className="VideoOS.Common.Integration.UnitTests.XmlDocumentExtensionsCoreUnitTests" name="ReadChildElementValueAsUInt16_RangeCheck_Min" />
    </UnitTest>
    <UnitTest name="ServerFileStorage_TemporaryCleanupService_Remove_RemovesEntryFromStorage" storage="d:\actions-runner\_work\xpco\xpco\corporate\shared\common.integration\tst\videoos.common.integration.unittests\bin\x64\debug\net472\videoos.common.integration.unittests.dll" id="ae740c99-3c3a-3e65-d967-9f57dc307820">
      <Execution id="8dc31c0c-3cb8-45e6-bd5a-4cd7c34d00cc" />
      <TestMethod codeBase="D:\actions-runner\_work\XPCO\XPCO\Corporate\Shared\Common.Integration\tst\VideoOS.Common.Integration.UnitTests\bin\x64\Debug\net472\VideoOS.Common.Integration.UnitTests.dll" adapterTypeName="executor://mstestadapter/v2" className="VideoOS.Common.Integration.UnitTests.ServerFileStorageTests" name="ServerFileStorage_TemporaryCleanupService_Remove_RemovesEntryFromStorage" />
    </UnitTest>
    <UnitTest name="DecryptConfigurationDataSet_DecryptLicenseRsaKeySystemSetting_SettingIsDecrypted" storage="d:\actions-runner\_work\xpco\xpco\corporate\shared\common.integration\tst\videoos.common.integration.unittests\bin\x64\debug\net472\videoos.common.integration.unittests.dll" id="f6f387b7-10b6-8756-6213-52ca04de1879">
      <Execution id="abda279d-2dc4-4b55-90e6-0c9ce581d537" />
      <TestMethod codeBase="D:\actions-runner\_work\XPCO\XPCO\Corporate\Shared\Common.Integration\tst\VideoOS.Common.Integration.UnitTests\bin\x64\Debug\net472\VideoOS.Common.Integration.UnitTests.dll" adapterTypeName="executor://mstestadapter/v2" className="VideoOS.Common.Integration.UnitTests.Configuration.XmlEncryptionHelperTests" name="DecryptConfigurationDataSet_DecryptLicenseRsaKeySystemSetting_SettingIsDecrypted" />
    </UnitTest>
    <UnitTest name="TestPasswordGenerationFromEmptyPasswordRequirements" storage="d:\actions-runner\_work\xpco\xpco\corporate\shared\common.integration\tst\videoos.common.integration.unittests\bin\x64\debug\net472\videoos.common.integration.unittests.dll" id="493388e5-286f-ec3b-2a8c-ab041ed5de64">
      <Execution id="91faac7f-3fcc-438e-98a4-fa5d37b662b7" />
      <TestMethod codeBase="D:\actions-runner\_work\XPCO\XPCO\Corporate\Shared\Common.Integration\tst\VideoOS.Common.Integration.UnitTests\bin\x64\Debug\net472\VideoOS.Common.Integration.UnitTests.dll" adapterTypeName="executor://mstestadapter/v2" className="VideoOS.Common.Integration.UnitTests.PasswordMinMaxGenerator" name="TestPasswordGenerationFromEmptyPasswordRequirements" />
    </UnitTest>
    <UnitTest name="CreateInstance_ValidName_InvalidSearchMethod_null_DefaultToPartial" storage="d:\actions-runner\_work\xpco\xpco\corporate\shared\common.integration\tst\videoos.common.integration.unittests\bin\x64\debug\net472\videoos.common.integration.unittests.dll" id="16023dce-6bbf-b91f-4c41-62bf6f7e7493">
      <Execution id="d1fa30ef-915e-40de-a7b8-821926d91efb" />
      <TestMethod codeBase="D:\actions-runner\_work\XPCO\XPCO\Corporate\Shared\Common.Integration\tst\VideoOS.Common.Integration.UnitTests\bin\x64\Debug\net472\VideoOS.Common.Integration.UnitTests.dll" adapterTypeName="executor://mstestadapter/v2" className="VideoOS.Common.Integration.UnitTests.License.WhitelistMatchHelperTests" name="CreateInstance_ValidName_InvalidSearchMethod_null_DefaultToPartial" />
    </UnitTest>
    <UnitTest name="SecurityManager_HasApplicationPermission_StatusApi_Denied" storage="d:\actions-runner\_work\xpco\xpco\corporate\shared\common.integration\tst\videoos.common.integration.unittests\bin\x64\debug\net472\videoos.common.integration.unittests.dll" id="dc585ae0-95eb-19fe-1429-7e8d2dc65346">
      <Execution id="a8ddb334-49fa-4ca6-94cf-ec5f1dd994a1" />
      <TestMethod codeBase="D:\actions-runner\_work\XPCO\XPCO\Corporate\Shared\Common.Integration\tst\VideoOS.Common.Integration.UnitTests\bin\x64\Debug\net472\VideoOS.Common.Integration.UnitTests.dll" adapterTypeName="executor://mstestadapter/v2" className="VideoOS.Common.Integration.UnitTests.Security.SecurityManagerUnitTests" name="SecurityManager_HasApplicationPermission_StatusApi_Denied" />
    </UnitTest>
    <UnitTest name="HardwareScanModel_Validate_Success" storage="d:\actions-runner\_work\xpco\xpco\corporate\shared\common.integration\tst\videoos.common.integration.unittests\bin\x64\debug\net472\videoos.common.integration.unittests.dll" id="e7cc93b2-fdd2-508f-f12f-182c0022ef49">
      <Execution id="11c22eb6-d03c-4871-8c78-fe91b6d17015" />
      <TestMethod codeBase="D:\actions-runner\_work\XPCO\XPCO\Corporate\Shared\Common.Integration\tst\VideoOS.Common.Integration.UnitTests\bin\x64\Debug\net472\VideoOS.Common.Integration.UnitTests.dll" adapterTypeName="executor://mstestadapter/v2" className="VideoOS.Common.Integration.UnitTests.WebAPI.Model.HardwareScanModelTest" name="HardwareScanModel_Validate_Success" />
    </UnitTest>
    <UnitTest name="Validate_PartialMatch_Found_StartOfWord_UpperCase_Success" storage="d:\actions-runner\_work\xpco\xpco\corporate\shared\common.integration\tst\videoos.common.integration.unittests\bin\x64\debug\net472\videoos.common.integration.unittests.dll" id="76e85821-1be3-4501-02ef-073615b5a175">
      <Execution id="bc5968fa-cb62-40d0-a411-142d1dd84221" />
      <TestMethod codeBase="D:\actions-runner\_work\XPCO\XPCO\Corporate\Shared\Common.Integration\tst\VideoOS.Common.Integration.UnitTests\bin\x64\Debug\net472\VideoOS.Common.Integration.UnitTests.dll" adapterTypeName="executor://mstestadapter/v2" className="VideoOS.Common.Integration.UnitTests.License.WhitelistMatchHelperTests" name="Validate_PartialMatch_Found_StartOfWord_UpperCase_Success" />
    </UnitTest>
    <UnitTest name="HardwareInfo_ConstructorSetsAllFields" storage="d:\actions-runner\_work\xpco\xpco\corporate\shared\common.integration\tst\videoos.common.integration.unittests\bin\x64\debug\net472\videoos.common.integration.unittests.dll" id="894191cb-bee6-69e2-81f1-61869244aed4">
      <Execution id="b52f12ae-6ecb-447c-8fe3-d33f7a15a493" />
      <TestMethod codeBase="D:\actions-runner\_work\XPCO\XPCO\Corporate\Shared\Common.Integration\tst\VideoOS.Common.Integration.UnitTests\bin\x64\Debug\net472\VideoOS.Common.Integration.UnitTests.dll" adapterTypeName="executor://mstestadapter/v2" className="VideoOS.Common.Integration.UnitTests.License.HardwareInfoTests" name="HardwareInfo_ConstructorSetsAllFields" />
    </UnitTest>
    <UnitTest name="Test_Members_SimpleCyclic" storage="d:\actions-runner\_work\xpco\xpco\corporate\shared\common.integration\tst\videoos.common.integration.unittests\bin\x64\debug\net472\videoos.common.integration.unittests.dll" id="f53ab042-733b-ab5b-c5ad-04a56d879c06">
      <Execution id="115fd59b-5025-487c-830f-b2d0c75a14a9" />
      <TestMethod codeBase="D:\actions-runner\_work\XPCO\XPCO\Corporate\Shared\Common.Integration\tst\VideoOS.Common.Integration.UnitTests\bin\x64\Debug\net472\VideoOS.Common.Integration.UnitTests.dll" adapterTypeName="executor://mstestadapter/v2" className="VideoOS.Common.Integration.UnitTests.Caching.MembershipCacheUnitTest" name="Test_Members_SimpleCyclic" />
    </UnitTest>
    <UnitTest name="LicenseActivationService_AcquireLicense_LicenseNotAllowed_Generic" storage="d:\actions-runner\_work\xpco\xpco\corporate\shared\common.integration\tst\videoos.common.integration.unittests\bin\x64\debug\net472\videoos.common.integration.unittests.dll" id="484ca05d-711d-5c33-b9ab-f92685bce023">
      <Execution id="91014b26-7641-4f55-9793-6ca24592a0b3" />
      <TestMethod codeBase="D:\actions-runner\_work\XPCO\XPCO\Corporate\Shared\Common.Integration\tst\VideoOS.Common.Integration.UnitTests\bin\x64\Debug\net472\VideoOS.Common.Integration.UnitTests.dll" adapterTypeName="executor://mstestadapter/v2" className="VideoOS.Common.Integration.UnitTests.License.LicenseActivationServiceTests" name="LicenseActivationService_AcquireLicense_LicenseNotAllowed_Generic" />
    </UnitTest>
    <UnitTest name="FeatureInformation_Constructor_PreservesValues" storage="d:\actions-runner\_work\xpco\xpco\corporate\shared\common.integration\tst\videoos.common.integration.unittests\bin\x64\debug\net472\videoos.common.integration.unittests.dll" id="d589faec-154d-b820-e59a-e7fde87c9e89">
      <Execution id="e7f3f88d-645c-494a-a9ae-6ce3a6136231" />
      <TestMethod codeBase="D:\actions-runner\_work\XPCO\XPCO\Corporate\Shared\Common.Integration\tst\VideoOS.Common.Integration.UnitTests\bin\x64\Debug\net472\VideoOS.Common.Integration.UnitTests.dll" adapterTypeName="executor://mstestadapter/v2" className="VideoOS.Common.Integration.UnitTests.License.FeatureInformationTests" name="FeatureInformation_Constructor_PreservesValues" />
    </UnitTest>
    <UnitTest name="GetReplacementLimit_ReturnsDefault0Limit_OnNoReplacementLimitInLicense" storage="d:\actions-runner\_work\xpco\xpco\corporate\shared\common.integration\tst\videoos.common.integration.unittests\bin\x64\debug\net472\videoos.common.integration.unittests.dll" id="cc1496ac-98ef-5f01-e5e9-07c7ee6aa21b">
      <TestCategory>
        <TestCategoryItem TestCategory="LicenseDocumentTest" />
      </TestCategory>
      <Execution id="7edc383d-3f58-40cd-8114-eed35f4f8285" />
      <TestMethod codeBase="D:\actions-runner\_work\XPCO\XPCO\Corporate\Shared\Common.Integration\tst\VideoOS.Common.Integration.UnitTests\bin\x64\Debug\net472\VideoOS.Common.Integration.UnitTests.dll" adapterTypeName="executor://mstestadapter/v2" className="VideoOS.Common.Integration.UnitTests.License.LicenseDocumentTests" name="GetReplacementLimit_ReturnsDefault0Limit_OnNoReplacementLimitInLicense" />
    </UnitTest>
    <UnitTest name="GroupConfigurationAddGroupsOneLevelDeleteOne" storage="d:\actions-runner\_work\xpco\xpco\corporate\shared\common.integration\tst\videoos.common.integration.unittests\bin\x64\debug\net472\videoos.common.integration.unittests.dll" id="6620f562-0c1b-bb02-0533-faa244f69160">
      <TestCategory>
        <TestCategoryItem TestCategory="Rules.GroupConfiguration" />
      </TestCategory>
      <Execution id="2820f068-9a43-4ad0-86e6-19faba5ab318" />
      <TestMethod codeBase="D:\actions-runner\_work\XPCO\XPCO\Corporate\Shared\Common.Integration\tst\VideoOS.Common.Integration.UnitTests\bin\x64\Debug\net472\VideoOS.Common.Integration.UnitTests.dll" adapterTypeName="executor://mstestadapter/v2" className="VideoOS.Common.Integration.UnitTests.Rules.GroupConfigurationTest" name="GroupConfigurationAddGroupsOneLevelDeleteOne" />
    </UnitTest>
    <UnitTest name="FeatureManager_TryGetFeatureParameterValueT_Guid_Valid_Value" storage="d:\actions-runner\_work\xpco\xpco\corporate\shared\common.integration\tst\videoos.common.integration.unittests\bin\x64\debug\net472\videoos.common.integration.unittests.dll" id="0464c71d-09cc-139b-d444-36b0b817a44a">
      <Execution id="dfdc751e-33e3-4e29-9188-d732fd4088b1" />
      <TestMethod codeBase="D:\actions-runner\_work\XPCO\XPCO\Corporate\Shared\Common.Integration\tst\VideoOS.Common.Integration.UnitTests\bin\x64\Debug\net472\VideoOS.Common.Integration.UnitTests.dll" adapterTypeName="executor://mstestadapter/v2" className="VideoOS.Common.Integration.UnitTests.License.FeatureManagerTest" name="FeatureManager_TryGetFeatureParameterValueT_Guid_Valid_Value" />
    </UnitTest>
    <UnitTest name="UpdateRecorderStatus_ValidModel_Success" storage="d:\actions-runner\_work\xpco\xpco\corporate\shared\common.integration\tst\videoos.common.integration.unittests\bin\x64\debug\net472\videoos.common.integration.unittests.dll" id="940a37fa-9b31-b992-8258-56bfe4d287c2">
      <Execution id="a6dcf95f-2aaf-4766-8626-8eb696754675" />
      <TestMethod codeBase="D:\actions-runner\_work\XPCO\XPCO\Corporate\Shared\Common.Integration\tst\VideoOS.Common.Integration.UnitTests\bin\x64\Debug\net472\VideoOS.Common.Integration.UnitTests.dll" adapterTypeName="executor://mstestadapter/v2" className="VideoOS.Common.Integration.UnitTests.WebAPI.Model.Server.RecorderStatusModelTests" name="UpdateRecorderStatus_ValidModel_Success" />
    </UnitTest>
    <UnitTest name="DiffGramCreate_NoParameter_ReturnsDiffgramType" storage="d:\actions-runner\_work\xpco\xpco\corporate\shared\common.integration\tst\videoos.common.integration.unittests\bin\x64\debug\net472\videoos.common.integration.unittests.dll" id="fef761e6-95f2-c8ab-544c-61a677b6f82f">
      <Execution id="514da39e-7592-4624-acd5-a9c903478ad6" />
      <TestMethod codeBase="D:\actions-runner\_work\XPCO\XPCO\Corporate\Shared\Common.Integration\tst\VideoOS.Common.Integration.UnitTests\bin\x64\Debug\net472\VideoOS.Common.Integration.UnitTests.dll" adapterTypeName="executor://mstestadapter/v2" className="VideoOS.Common.Integration.UnitTests.Configuration.ConfigurationDataSetEncryption.XmlTransformationFactoryTests" name="DiffGramCreate_NoParameter_ReturnsDiffgramType" />
    </UnitTest>
    <UnitTest name="RefCountedObjectWrapper_ExecuteCallWithRefCount_EmptyParameter_NullReferenceException" storage="d:\actions-runner\_work\xpco\xpco\corporate\shared\common.integration\tst\videoos.common.integration.unittests\bin\x64\debug\net472\videoos.common.integration.unittests.dll" id="e359e0a0-3df0-393a-8d03-bb1e07ac5842">
      <Execution id="8b671e84-b1db-4681-ab0f-1e43898a32bb" />
      <TestMethod codeBase="D:\actions-runner\_work\XPCO\XPCO\Corporate\Shared\Common.Integration\tst\VideoOS.Common.Integration.UnitTests\bin\x64\Debug\net472\VideoOS.Common.Integration.UnitTests.dll" adapterTypeName="executor://mstestadapter/v2" className="VideoOS.Common.Integration.UnitTests.Threading.RefCountedObjectWrapperTests" name="RefCountedObjectWrapper_ExecuteCallWithRefCount_EmptyParameter_NullReferenceException" />
    </UnitTest>
    <UnitTest name="CreateHttpsUri_NoSchemeWithPort_UseDefaultPortFalse_BecomesHttpsPort88" storage="d:\actions-runner\_work\xpco\xpco\corporate\shared\common.integration\tst\videoos.common.integration.unittests\bin\x64\debug\net472\videoos.common.integration.unittests.dll" id="98a6db7e-5465-3eba-75c2-ba54007fc4ba">
      <TestCategory>
        <TestCategoryItem TestCategory="UriHandling" />
      </TestCategory>
      <Execution id="a1a1922a-d058-4cff-a749-ae38554a925a" />
      <TestMethod codeBase="D:\actions-runner\_work\XPCO\XPCO\Corporate\Shared\Common.Integration\tst\VideoOS.Common.Integration.UnitTests\bin\x64\Debug\net472\VideoOS.Common.Integration.UnitTests.dll" adapterTypeName="executor://mstestadapter/v2" className="VideoOS.Common.Integration.UnitTests.Communication.UriHandlingUnitTests" name="CreateHttpsUri_NoSchemeWithPort_UseDefaultPortFalse_BecomesHttpsPort88" />
    </UnitTest>
    <UnitTest name="UniqueIndex_GetEntryByKey_Null_ThrowArgumentNullException" storage="d:\actions-runner\_work\xpco\xpco\corporate\shared\common.integration\tst\videoos.common.integration.unittests\bin\x64\debug\net472\videoos.common.integration.unittests.dll" id="f486e50b-d0d7-e7e5-7ac6-12b2e6a106c7">
      <Execution id="6c6bb8bd-f681-43f4-aba8-c0e87a2167d4" />
      <TestMethod codeBase="D:\actions-runner\_work\XPCO\XPCO\Corporate\Shared\Common.Integration\tst\VideoOS.Common.Integration.UnitTests\bin\x64\Debug\net472\VideoOS.Common.Integration.UnitTests.dll" adapterTypeName="executor://mstestadapter/v2" className="VideoOS.Common.Integration.UnitTests.IndexedCollectionUnitTests" name="UniqueIndex_GetEntryByKey_Null_ThrowArgumentNullException" />
    </UnitTest>
    <UnitTest name="Invoke_RequiredScopeFound_NextIsCalled" storage="d:\actions-runner\_work\xpco\xpco\corporate\shared\common.integration\tst\videoos.common.integration.unittests\bin\x64\debug\net472\videoos.common.integration.unittests.dll" id="286a4502-ed93-b14f-8f8b-09e9b94bb48b">
      <Execution id="2d1f0ac0-b1ff-403e-ad63-76e92253680b" />
      <TestMethod codeBase="D:\actions-runner\_work\XPCO\XPCO\Corporate\Shared\Common.Integration\tst\VideoOS.Common.Integration.UnitTests\bin\x64\Debug\net472\VideoOS.Common.Integration.UnitTests.dll" adapterTypeName="executor://mstestadapter/v2" className="VideoOS.Common.Integration.UnitTests.WebApi.Middleware.ScopeValidationMiddlewareTests" name="Invoke_RequiredScopeFound_NextIsCalled" />
    </UnitTest>
    <UnitTest name="IsSettingAac_ReturnFalse_OnNull" storage="d:\actions-runner\_work\xpco\xpco\corporate\shared\common.integration\tst\videoos.common.integration.unittests\bin\x64\debug\net472\videoos.common.integration.unittests.dll" id="c4581c14-0d59-0614-6603-b04ff30ec169">
      <Execution id="c8bc7cfa-6bdc-4633-9ada-d9cd12781000" />
      <TestMethod codeBase="D:\actions-runner\_work\XPCO\XPCO\Corporate\Shared\Common.Integration\tst\VideoOS.Common.Integration.UnitTests\bin\x64\Debug\net472\VideoOS.Common.Integration.UnitTests.dll" adapterTypeName="executor://mstestadapter/v2" className="VideoOS.Common.Integration.UnitTests.DriverDefinition.DefinitionUtilityTests" name="IsSettingAac_ReturnFalse_OnNull" />
    </UnitTest>
    <UnitTest name="CreateHttpUri_NoSchemeWithPort_UseDefaultPortTrue_BecomesHttpPort80" storage="d:\actions-runner\_work\xpco\xpco\corporate\shared\common.integration\tst\videoos.common.integration.unittests\bin\x64\debug\net472\videoos.common.integration.unittests.dll" id="eb56fa7e-ad9f-5573-6c6c-1c73aa622acd">
      <TestCategory>
        <TestCategoryItem TestCategory="UriHandling" />
      </TestCategory>
      <Execution id="fccc3f05-2deb-4b12-ae26-33f1de9d8408" />
      <TestMethod codeBase="D:\actions-runner\_work\XPCO\XPCO\Corporate\Shared\Common.Integration\tst\VideoOS.Common.Integration.UnitTests\bin\x64\Debug\net472\VideoOS.Common.Integration.UnitTests.dll" adapterTypeName="executor://mstestadapter/v2" className="VideoOS.Common.Integration.UnitTests.Communication.UriHandlingUnitTests" name="CreateHttpUri_NoSchemeWithPort_UseDefaultPortTrue_BecomesHttpPort80" />
    </UnitTest>
    <UnitTest name="Mac_Address_Empty_Test_Null" storage="d:\actions-runner\_work\xpco\xpco\corporate\shared\common.integration\tst\videoos.common.integration.unittests\bin\x64\debug\net472\videoos.common.integration.unittests.dll" id="487d6f91-ec82-e947-a26f-7f86a9428ee4">
      <Execution id="16284487-fc3d-4fcd-8608-fdacf12449e3" />
      <TestMethod codeBase="D:\actions-runner\_work\XPCO\XPCO\Corporate\Shared\Common.Integration\tst\VideoOS.Common.Integration.UnitTests\bin\x64\Debug\net472\VideoOS.Common.Integration.UnitTests.dll" adapterTypeName="executor://mstestadapter/v2" className="VideoOS.Common.Integration.UnitTests.License.MacAddressUtilitiesTest" name="Mac_Address_Empty_Test_Null" />
    </UnitTest>
    <UnitTest name="CreateInstance_InvalidName_Throws_ArgumentNullException" storage="d:\actions-runner\_work\xpco\xpco\corporate\shared\common.integration\tst\videoos.common.integration.unittests\bin\x64\debug\net472\videoos.common.integration.unittests.dll" id="9a3d7926-aee9-936e-569a-d006e336bfcb">
      <Execution id="adacb540-2eff-4bf4-a284-b9e01b9e27ad" />
      <TestMethod codeBase="D:\actions-runner\_work\XPCO\XPCO\Corporate\Shared\Common.Integration\tst\VideoOS.Common.Integration.UnitTests\bin\x64\Debug\net472\VideoOS.Common.Integration.UnitTests.dll" adapterTypeName="executor://mstestadapter/v2" className="VideoOS.Common.Integration.UnitTests.License.WhitelistMatchHelperTests" name="CreateInstance_InvalidName_Throws_ArgumentNullException" />
    </UnitTest>
    <UnitTest name="Transform_XmlHasHostedHardware_HostedHardwareIsTransformed" storage="d:\actions-runner\_work\xpco\xpco\corporate\shared\common.integration\tst\videoos.common.integration.unittests\bin\x64\debug\net472\videoos.common.integration.unittests.dll" id="c9e2e526-bc03-9448-8f9d-d4ac422b7473">
      <Execution id="f7dbfb3f-7bd5-491c-8e36-3aa98c3e3417" />
      <TestMethod codeBase="D:\actions-runner\_work\XPCO\XPCO\Corporate\Shared\Common.Integration\tst\VideoOS.Common.Integration.UnitTests\bin\x64\Debug\net472\VideoOS.Common.Integration.UnitTests.dll" adapterTypeName="executor://mstestadapter/v2" className="VideoOS.Common.Integration.UnitTests.Configuration.ConfigurationDataSetEncryption.DiffgramEncryptionTests" name="Transform_XmlHasHostedHardware_HostedHardwareIsTransformed" />
    </UnitTest>
    <UnitTest name="Transform_XmlHasStorageSetting_StorageSettingIsTransformed" storage="d:\actions-runner\_work\xpco\xpco\corporate\shared\common.integration\tst\videoos.common.integration.unittests\bin\x64\debug\net472\videoos.common.integration.unittests.dll" id="057ca012-14e2-3599-baae-3eb1aa5d3d06">
      <Execution id="d1e3602a-e8e7-482d-b4b2-a6ef1c51e42a" />
      <TestMethod codeBase="D:\actions-runner\_work\XPCO\XPCO\Corporate\Shared\Common.Integration\tst\VideoOS.Common.Integration.UnitTests\bin\x64\Debug\net472\VideoOS.Common.Integration.UnitTests.dll" adapterTypeName="executor://mstestadapter/v2" className="VideoOS.Common.Integration.UnitTests.Configuration.ConfigurationDataSetEncryption.DiffgramEncryptionTests" name="Transform_XmlHasStorageSetting_StorageSettingIsTransformed" />
    </UnitTest>
    <UnitTest name="BaseHtmlLicenseReport_CreateHeader_NullTitle_ExpectEmptyString" storage="d:\actions-runner\_work\xpco\xpco\corporate\shared\common.integration\tst\videoos.common.integration.unittests\bin\x64\debug\net472\videoos.common.integration.unittests.dll" id="d5d86913-9259-1dc9-8e1f-ca19d2ddbe87">
      <Execution id="fcca3c68-e63a-4952-8458-2c7d420c3490" />
      <TestMethod codeBase="D:\actions-runner\_work\XPCO\XPCO\Corporate\Shared\Common.Integration\tst\VideoOS.Common.Integration.UnitTests\bin\x64\Debug\net472\VideoOS.Common.Integration.UnitTests.dll" adapterTypeName="executor://mstestadapter/v2" className="VideoOS.Common.Integration.UnitTests.License.BaseHtmlLicenseReportTests" name="BaseHtmlLicenseReport_CreateHeader_NullTitle_ExpectEmptyString" />
    </UnitTest>
    <UnitTest name="Call_HttpPost_InvalidParam_TimeoutInvalid_ThrowsArgumentOutOfRangeException" storage="d:\actions-runner\_work\xpco\xpco\corporate\shared\common.integration\tst\videoos.common.integration.unittests\bin\x64\debug\net472\videoos.common.integration.unittests.dll" id="4c958b94-ea17-6bbf-3521-d59112a0937f">
      <Execution id="a68dab1c-c81b-44f5-9da0-5464c7ac590c" />
      <TestMethod codeBase="D:\actions-runner\_work\XPCO\XPCO\Corporate\Shared\Common.Integration\tst\VideoOS.Common.Integration.UnitTests\bin\x64\Debug\net472\VideoOS.Common.Integration.UnitTests.dll" adapterTypeName="executor://mstestadapter/v2" className="VideoOS.Common.Integration.UnitTests.Communication.HttpPostTests" name="Call_HttpPost_InvalidParam_TimeoutInvalid_ThrowsArgumentOutOfRangeException" />
    </UnitTest>
    <UnitTest name="ReadAttributeAsInt32_NameNull" storage="d:\actions-runner\_work\xpco\xpco\corporate\shared\common.integration\tst\videoos.common.integration.unittests\bin\x64\debug\net472\videoos.common.integration.unittests.dll" id="eaf70b35-ac9e-1065-0463-f89eb0bdf0bd">
      <Execution id="65d8ca4c-6f02-4dae-a467-e6e87cfd54b6" />
      <TestMethod codeBase="D:\actions-runner\_work\XPCO\XPCO\Corporate\Shared\Common.Integration\tst\VideoOS.Common.Integration.UnitTests\bin\x64\Debug\net472\VideoOS.Common.Integration.UnitTests.dll" adapterTypeName="executor://mstestadapter/v2" className="VideoOS.Common.Integration.UnitTests.XmlDocumentExtensionsCoreUnitTests" name="ReadAttributeAsInt32_NameNull" />
    </UnitTest>
    <UnitTest name="Credentials_SerializationTest" storage="d:\actions-runner\_work\xpco\xpco\corporate\shared\common.integration\tst\videoos.common.integration.unittests\bin\x64\debug\net472\videoos.common.integration.unittests.dll" id="c40a80af-07aa-2a8c-814d-93ea5954f92c">
      <Execution id="49768f67-c955-4fcd-bdd6-a258910692c7" />
      <TestMethod codeBase="D:\actions-runner\_work\XPCO\XPCO\Corporate\Shared\Common.Integration\tst\VideoOS.Common.Integration.UnitTests\bin\x64\Debug\net472\VideoOS.Common.Integration.UnitTests.dll" adapterTypeName="executor://mstestadapter/v2" className="VideoOS.Common.Integration.UnitTests.CredentialsTest" name="Credentials_SerializationTest" />
    </UnitTest>
    <UnitTest name="ReadChildElementValueAsUInt16_NoChild" storage="d:\actions-runner\_work\xpco\xpco\corporate\shared\common.integration\tst\videoos.common.integration.unittests\bin\x64\debug\net472\videoos.common.integration.unittests.dll" id="29b5a635-e26f-754b-90bd-aadb2c16358d">
      <Execution id="d2e3fb43-7940-4141-af39-ccc9740fb885" />
      <TestMethod codeBase="D:\actions-runner\_work\XPCO\XPCO\Corporate\Shared\Common.Integration\tst\VideoOS.Common.Integration.UnitTests\bin\x64\Debug\net472\VideoOS.Common.Integration.UnitTests.dll" adapterTypeName="executor://mstestadapter/v2" className="VideoOS.Common.Integration.UnitTests.XmlDocumentExtensionsCoreUnitTests" name="ReadChildElementValueAsUInt16_NoChild" />
    </UnitTest>
    <UnitTest name="HttpClientCommunicatorWrapper_SendTRet_CommunicationException" storage="d:\actions-runner\_work\xpco\xpco\corporate\shared\common.integration\tst\videoos.common.integration.unittests\bin\x64\debug\net472\videoos.common.integration.unittests.dll" id="8e57b05e-4a94-f936-5706-9c805c0399ef">
      <Execution id="86392ecc-09f6-41f9-9f08-7820309c02c0" />
      <TestMethod codeBase="D:\actions-runner\_work\XPCO\XPCO\Corporate\Shared\Common.Integration\tst\VideoOS.Common.Integration.UnitTests\bin\x64\Debug\net472\VideoOS.Common.Integration.UnitTests.dll" adapterTypeName="executor://mstestadapter/v2" className="VideoOS.Common.Integration.UnitTests.WebAPI.HttpClientCommunicatorWrapperTests" name="HttpClientCommunicatorWrapper_SendTRet_CommunicationException" />
    </UnitTest>
    <UnitTest name="Generate25kHardware_NoneOnWhiteList_CalculateProcessingTime" storage="d:\actions-runner\_work\xpco\xpco\corporate\shared\common.integration\tst\videoos.common.integration.unittests\bin\x64\debug\net472\videoos.common.integration.unittests.dll" id="a602a36a-7b4c-e547-0dd4-13b0120dc23b">
      <Execution id="e7c4910f-fe41-4833-b945-3bcab79d06d9" />
      <TestMethod codeBase="D:\actions-runner\_work\XPCO\XPCO\Corporate\Shared\Common.Integration\tst\VideoOS.Common.Integration.UnitTests\bin\x64\Debug\net472\VideoOS.Common.Integration.UnitTests.dll" adapterTypeName="executor://mstestadapter/v2" className="VideoOS.Common.Integration.UnitTests.License.WhiteListPerformanceTests" name="Generate25kHardware_NoneOnWhiteList_CalculateProcessingTime" />
    </UnitTest>
    <UnitTest name="TestIsRegionIsFilled" storage="d:\actions-runner\_work\xpco\xpco\corporate\shared\common.integration\tst\videoos.common.integration.unittests\bin\x64\debug\net472\videoos.common.integration.unittests.dll" id="3c2e5656-c20d-cd81-0dc8-a2c82efba4a6">
      <Execution id="9186e95a-f528-4584-b15f-dd0244a90212" />
      <TestMethod codeBase="D:\actions-runner\_work\XPCO\XPCO\Corporate\Shared\Common.Integration\tst\VideoOS.Common.Integration.UnitTests\bin\x64\Debug\net472\VideoOS.Common.Integration.UnitTests.dll" adapterTypeName="executor://mstestadapter/v2" className="VideoOS.Common.Integration.UnitTests.Configuration.FillableGridAreaUnitTest" name="TestIsRegionIsFilled" />
    </UnitTest>
    <UnitTest name="FormatAuthority__BeforeValueIsIpV6WithPort_FormattedUriHasPort" storage="d:\actions-runner\_work\xpco\xpco\corporate\shared\common.integration\tst\videoos.common.integration.unittests\bin\x64\debug\net472\videoos.common.integration.unittests.dll" id="5b0f2072-7da6-7d6f-e27a-273ed9943e6b">
      <Execution id="11ba710f-9f4a-4ee7-98ee-bdbd54c41e27" />
      <TestMethod codeBase="D:\actions-runner\_work\XPCO\XPCO\Corporate\Shared\Common.Integration\tst\VideoOS.Common.Integration.UnitTests\bin\x64\Debug\net472\VideoOS.Common.Integration.UnitTests.dll" adapterTypeName="executor://mstestadapter/v2" className="VideoOS.Common.Integration.UnitTests.IdpUriParserTests" name="FormatAuthority__BeforeValueIsIpV6WithPort_FormattedUriHasPort" />
    </UnitTest>
    <UnitTest name="Index_GetEntriesByKey_Comparer_Returns_Correct_Item" storage="d:\actions-runner\_work\xpco\xpco\corporate\shared\common.integration\tst\videoos.common.integration.unittests\bin\x64\debug\net472\videoos.common.integration.unittests.dll" id="7e7a9ceb-8f29-c0e4-9bb3-61e83e1849ac">
      <Execution id="320a4169-b162-40df-b3f1-c13becbebcfa" />
      <TestMethod codeBase="D:\actions-runner\_work\XPCO\XPCO\Corporate\Shared\Common.Integration\tst\VideoOS.Common.Integration.UnitTests\bin\x64\Debug\net472\VideoOS.Common.Integration.UnitTests.dll" adapterTypeName="executor://mstestadapter/v2" className="VideoOS.Common.Integration.UnitTests.IndexedCollectionUnitTests" name="Index_GetEntriesByKey_Comparer_Returns_Correct_Item" />
    </UnitTest>
    <UnitTest name="ReadChildElementValueAsInt32_NoChild" storage="d:\actions-runner\_work\xpco\xpco\corporate\shared\common.integration\tst\videoos.common.integration.unittests\bin\x64\debug\net472\videoos.common.integration.unittests.dll" id="e55b8c51-82d3-d274-536b-026dd8f98a4e">
      <Execution id="2135e003-ec3a-4924-993e-4838c4c87650" />
      <TestMethod codeBase="D:\actions-runner\_work\XPCO\XPCO\Corporate\Shared\Common.Integration\tst\VideoOS.Common.Integration.UnitTests\bin\x64\Debug\net472\VideoOS.Common.Integration.UnitTests.dll" adapterTypeName="executor://mstestadapter/v2" className="VideoOS.Common.Integration.UnitTests.XmlDocumentExtensionsCoreUnitTests" name="ReadChildElementValueAsInt32_NoChild" />
    </UnitTest>
    <UnitTest name="UpdateTotalICPFeedCountsAcrossAllHardware_ThrowsArgumentNullExceptionWhen_Null" storage="d:\actions-runner\_work\xpco\xpco\corporate\shared\common.integration\tst\videoos.common.integration.unittests\bin\x64\debug\net472\videoos.common.integration.unittests.dll" id="2bc58ed3-5da8-07de-99f6-7c9466054838">
      <Execution id="22018518-605d-4a19-9f78-be9343193535" />
      <TestMethod codeBase="D:\actions-runner\_work\XPCO\XPCO\Corporate\Shared\Common.Integration\tst\VideoOS.Common.Integration.UnitTests\bin\x64\Debug\net472\VideoOS.Common.Integration.UnitTests.dll" adapterTypeName="executor://mstestadapter/v2" className="VideoOS.Common.Integration.UnitTests.License.HardwareDictionaryTests" name="UpdateTotalICPFeedCountsAcrossAllHardware_ThrowsArgumentNullExceptionWhen_Null" />
    </UnitTest>
    <UnitTest name="RefCountedObjectWrapper_ExecuteCallWithRefCountTResult_And_Dispose_Success" storage="d:\actions-runner\_work\xpco\xpco\corporate\shared\common.integration\tst\videoos.common.integration.unittests\bin\x64\debug\net472\videoos.common.integration.unittests.dll" id="1ee676a8-9805-4796-9011-298c4756e2c6">
      <Execution id="e2f7c5e1-a1cf-417d-8f24-67e59a92b8eb" />
      <TestMethod codeBase="D:\actions-runner\_work\XPCO\XPCO\Corporate\Shared\Common.Integration\tst\VideoOS.Common.Integration.UnitTests\bin\x64\Debug\net472\VideoOS.Common.Integration.UnitTests.dll" adapterTypeName="executor://mstestadapter/v2" className="VideoOS.Common.Integration.UnitTests.Threading.RefCountedObjectWrapperTests" name="RefCountedObjectWrapper_ExecuteCallWithRefCountTResult_And_Dispose_Success" />
    </UnitTest>
    <UnitTest name="ReadIdentityFromCache_GetIdentityFromCache" storage="d:\actions-runner\_work\xpco\xpco\corporate\shared\common.integration\tst\videoos.common.integration.unittests\bin\x64\debug\net472\videoos.common.integration.unittests.dll" id="aee14421-254e-91f0-aee7-822e2c77dcaf">
      <Execution id="f788703c-5c96-4580-97aa-fab13154a755" />
      <TestMethod codeBase="D:\actions-runner\_work\XPCO\XPCO\Corporate\Shared\Common.Integration\tst\VideoOS.Common.Integration.UnitTests\bin\x64\Debug\net472\VideoOS.Common.Integration.UnitTests.dll" adapterTypeName="executor://mstestadapter/v2" className="VideoOS.Common.Integration.UnitTests.Caching.SecurityIdentityCacheUnitTests" name="ReadIdentityFromCache_GetIdentityFromCache" />
    </UnitTest>
    <UnitTest name="ServerFileStorage_SetPosition_PastStreamEnd_Exception" storage="d:\actions-runner\_work\xpco\xpco\corporate\shared\common.integration\tst\videoos.common.integration.unittests\bin\x64\debug\net472\videoos.common.integration.unittests.dll" id="4b873ac6-765a-404f-f38f-0422c9001382">
      <Execution id="121c5d48-f1c3-4d8b-9bca-6f23f740eca6" />
      <TestMethod codeBase="D:\actions-runner\_work\XPCO\XPCO\Corporate\Shared\Common.Integration\tst\VideoOS.Common.Integration.UnitTests\bin\x64\Debug\net472\VideoOS.Common.Integration.UnitTests.dll" adapterTypeName="executor://mstestadapter/v2" className="VideoOS.Common.Integration.UnitTests.ServerFileStorageTests" name="ServerFileStorage_SetPosition_PastStreamEnd_Exception" />
    </UnitTest>
    <UnitTest name="SendEndPointAndObject_EndPointNull_ArgumentNullExceptionThrown" storage="d:\actions-runner\_work\xpco\xpco\corporate\shared\common.integration\tst\videoos.common.integration.unittests\bin\x64\debug\net472\videoos.common.integration.unittests.dll" id="95297ff6-aa76-ad4c-4f0e-5e0a60814245">
      <Execution id="9280bae5-3fbf-4832-b153-dfb730c34855" />
      <TestMethod codeBase="D:\actions-runner\_work\XPCO\XPCO\Corporate\Shared\Common.Integration\tst\VideoOS.Common.Integration.UnitTests\bin\x64\Debug\net472\VideoOS.Common.Integration.UnitTests.dll" adapterTypeName="executor://mstestadapter/v2" className="VideoOS.Common.Integration.WebApi.HttpClientCommunicatorUnitTests" name="SendEndPointAndObject_EndPointNull_ArgumentNullExceptionThrown" />
    </UnitTest>
    <UnitTest name="BaseHtmlLicenseReport_NullSvgImageLink_WithClass_Success" storage="d:\actions-runner\_work\xpco\xpco\corporate\shared\common.integration\tst\videoos.common.integration.unittests\bin\x64\debug\net472\videoos.common.integration.unittests.dll" id="2816ff7f-bed3-2003-5b61-0459ae5ac828">
      <Execution id="b3be4dfe-5943-411b-b6ba-db01d8ec7637" />
      <TestMethod codeBase="D:\actions-runner\_work\XPCO\XPCO\Corporate\Shared\Common.Integration\tst\VideoOS.Common.Integration.UnitTests\bin\x64\Debug\net472\VideoOS.Common.Integration.UnitTests.dll" adapterTypeName="executor://mstestadapter/v2" className="VideoOS.Common.Integration.UnitTests.License.BaseHtmlLicenseReportTests" name="BaseHtmlLicenseReport_NullSvgImageLink_WithClass_Success" />
    </UnitTest>
    <UnitTest name="ReadChildElementValueAsUInt16_SunnyDay" storage="d:\actions-runner\_work\xpco\xpco\corporate\shared\common.integration\tst\videoos.common.integration.unittests\bin\x64\debug\net472\videoos.common.integration.unittests.dll" id="d1b98b23-1cc3-567e-9dd3-c90ab73a1c49">
      <Execution id="606e71f1-4846-43f2-a984-7b90744e7cdd" />
      <TestMethod codeBase="D:\actions-runner\_work\XPCO\XPCO\Corporate\Shared\Common.Integration\tst\VideoOS.Common.Integration.UnitTests\bin\x64\Debug\net472\VideoOS.Common.Integration.UnitTests.dll" adapterTypeName="executor://mstestadapter/v2" className="VideoOS.Common.Integration.UnitTests.XmlDocumentExtensionsCoreUnitTests" name="ReadChildElementValueAsUInt16_SunnyDay" />
    </UnitTest>
    <UnitTest name="BulkEventModel_Validate_CallContext_Null" storage="d:\actions-runner\_work\xpco\xpco\corporate\shared\common.integration\tst\videoos.common.integration.unittests\bin\x64\debug\net472\videoos.common.integration.unittests.dll" id="b3dd11fa-1c21-034f-f3e3-0c71df15bc38">
      <Execution id="4b211a02-b6ea-430d-8bc7-e9836f76d8f4" />
      <TestMethod codeBase="D:\actions-runner\_work\XPCO\XPCO\Corporate\Shared\Common.Integration\tst\VideoOS.Common.Integration.UnitTests\bin\x64\Debug\net472\VideoOS.Common.Integration.UnitTests.dll" adapterTypeName="executor://mstestadapter/v2" className="VideoOS.Common.Integration.UnitTests.WebAPI.Model.BulkEventModelTest" name="BulkEventModel_Validate_CallContext_Null" />
    </UnitTest>
    <UnitTest name="UpdateTotalFeedCountsAcrossAllHardware_FailsWhen_UpdateHardwareAggregates_NotCalled" storage="d:\actions-runner\_work\xpco\xpco\corporate\shared\common.integration\tst\videoos.common.integration.unittests\bin\x64\debug\net472\videoos.common.integration.unittests.dll" id="25bd5c1c-fcbe-ab93-d56f-4258fe321ffc">
      <Execution id="c448c076-21da-4516-bdf4-2c0b4987ca50" />
      <TestMethod codeBase="D:\actions-runner\_work\XPCO\XPCO\Corporate\Shared\Common.Integration\tst\VideoOS.Common.Integration.UnitTests\bin\x64\Debug\net472\VideoOS.Common.Integration.UnitTests.dll" adapterTypeName="executor://mstestadapter/v2" className="VideoOS.Common.Integration.UnitTests.License.HardwareDictionaryTests" name="UpdateTotalFeedCountsAcrossAllHardware_FailsWhen_UpdateHardwareAggregates_NotCalled" />
    </UnitTest>
    <UnitTest name="WhiteList_IsDriverWhiteListed_HWWith15EnabledCH5DisabledCH_GlobalMaxChannelCount16_ReturnsFalse" storage="d:\actions-runner\_work\xpco\xpco\corporate\shared\common.integration\tst\videoos.common.integration.unittests\bin\x64\debug\net472\videoos.common.integration.unittests.dll" id="af89382e-366f-4f51-6a96-ee5e8aed55df">
      <TestCategory>
        <TestCategoryItem TestCategory="Licensing" />
      </TestCategory>
      <Execution id="591b0861-b3f5-4f2c-824a-c7a9149576a4" />
      <TestMethod codeBase="D:\actions-runner\_work\XPCO\XPCO\Corporate\Shared\Common.Integration\tst\VideoOS.Common.Integration.UnitTests\bin\x64\Debug\net472\VideoOS.Common.Integration.UnitTests.dll" adapterTypeName="executor://mstestadapter/v2" className="VideoOS.Common.Integration.UnitTests.License.LicenseWhitelistTests" name="WhiteList_IsDriverWhiteListed_HWWith15EnabledCH5DisabledCH_GlobalMaxChannelCount16_ReturnsFalse" />
    </UnitTest>
    <UnitTest name="RecurringSchedule_GetNextScheduleTime_Monthly_Every_10th_At_4_00" storage="d:\actions-runner\_work\xpco\xpco\corporate\shared\common.integration\tst\videoos.common.integration.unittests\bin\x64\debug\net472\videoos.common.integration.unittests.dll" id="80319ecc-fd7d-1ddc-9587-c87744ed0a84">
      <Execution id="307c8cb1-1e11-476b-8531-982787887a0c" />
      <TestMethod codeBase="D:\actions-runner\_work\XPCO\XPCO\Corporate\Shared\Common.Integration\tst\VideoOS.Common.Integration.UnitTests\bin\x64\Debug\net472\VideoOS.Common.Integration.UnitTests.dll" adapterTypeName="executor://mstestadapter/v2" className="VideoOS.Common.Integration.UnitTests.Scheduling.RecurringScheduleTest" name="RecurringSchedule_GetNextScheduleTime_Monthly_Every_10th_At_4_00" />
    </UnitTest>
    <UnitTest name="Test_GetMemberFromCache_ClearCache" storage="d:\actions-runner\_work\xpco\xpco\corporate\shared\common.integration\tst\videoos.common.integration.unittests\bin\x64\debug\net472\videoos.common.integration.unittests.dll" id="2b06ec9d-cd49-78ba-2d03-fe0bad248ec2">
      <Execution id="b6dc405a-a401-4146-bc5d-5203f0e4297d" />
      <TestMethod codeBase="D:\actions-runner\_work\XPCO\XPCO\Corporate\Shared\Common.Integration\tst\VideoOS.Common.Integration.UnitTests\bin\x64\Debug\net472\VideoOS.Common.Integration.UnitTests.dll" adapterTypeName="executor://mstestadapter/v2" className="VideoOS.Common.Integration.UnitTests.Caching.MembershipCacheUnitTest" name="Test_GetMemberFromCache_ClearCache" />
    </UnitTest>
    <UnitTest name="CreateHttpsUri_NoSchemeWithPort_UsePort88_BecomesHttpsPort88" storage="d:\actions-runner\_work\xpco\xpco\corporate\shared\common.integration\tst\videoos.common.integration.unittests\bin\x64\debug\net472\videoos.common.integration.unittests.dll" id="8f9de0ec-d67f-eff3-10f8-5614a0dea8f1">
      <TestCategory>
        <TestCategoryItem TestCategory="UriHandling" />
      </TestCategory>
      <Execution id="38991bb8-80f2-40cf-97e5-a32333b57905" />
      <TestMethod codeBase="D:\actions-runner\_work\XPCO\XPCO\Corporate\Shared\Common.Integration\tst\VideoOS.Common.Integration.UnitTests\bin\x64\Debug\net472\VideoOS.Common.Integration.UnitTests.dll" adapterTypeName="executor://mstestadapter/v2" className="VideoOS.Common.Integration.UnitTests.Communication.UriHandlingUnitTests" name="CreateHttpsUri_NoSchemeWithPort_UsePort88_BecomesHttpsPort88" />
    </UnitTest>
    <UnitTest name="HttpClientCommunicatorWrapper_Constructor_Success" storage="d:\actions-runner\_work\xpco\xpco\corporate\shared\common.integration\tst\videoos.common.integration.unittests\bin\x64\debug\net472\videoos.common.integration.unittests.dll" id="a8d0b66e-3c5b-6bc2-7d44-37a119b6d9f4">
      <Execution id="c8db78e4-e1c3-43d6-81b3-2e02f37ee321" />
      <TestMethod codeBase="D:\actions-runner\_work\XPCO\XPCO\Corporate\Shared\Common.Integration\tst\VideoOS.Common.Integration.UnitTests\bin\x64\Debug\net472\VideoOS.Common.Integration.UnitTests.dll" adapterTypeName="executor://mstestadapter/v2" className="VideoOS.Common.Integration.UnitTests.WebAPI.HttpClientCommunicatorWrapperTests" name="HttpClientCommunicatorWrapper_Constructor_Success" />
    </UnitTest>
    <UnitTest name="GetItemsByKey_MultipleItems_ReturnsMatchingItems" storage="d:\actions-runner\_work\xpco\xpco\corporate\shared\common.integration\tst\videoos.common.integration.unittests\bin\x64\debug\net472\videoos.common.integration.unittests.dll" id="36ba268e-05c6-cf80-4bab-a3a3f9a638bb">
      <Execution id="e7abcf7c-ef12-4e30-a07a-c2250a553a32" />
      <TestMethod codeBase="D:\actions-runner\_work\XPCO\XPCO\Corporate\Shared\Common.Integration\tst\VideoOS.Common.Integration.UnitTests\bin\x64\Debug\net472\VideoOS.Common.Integration.UnitTests.dll" adapterTypeName="executor://mstestadapter/v2" className="VideoOS.Common.Integration.UnitTests.LinkedListIndexUnitTests" name="GetItemsByKey_MultipleItems_ReturnsMatchingItems" />
    </UnitTest>
    <UnitTest name="ExceptionResponseModel_NoValuesSet_ValidationFailure" storage="d:\actions-runner\_work\xpco\xpco\corporate\shared\common.integration\tst\videoos.common.integration.unittests\bin\x64\debug\net472\videoos.common.integration.unittests.dll" id="87b18356-0fa2-346b-8acc-387ead427865">
      <Execution id="a49f1b42-92a1-44c2-a45e-81e7382b8963" />
      <TestMethod codeBase="D:\actions-runner\_work\XPCO\XPCO\Corporate\Shared\Common.Integration\tst\VideoOS.Common.Integration.UnitTests\bin\x64\Debug\net472\VideoOS.Common.Integration.UnitTests.dll" adapterTypeName="executor://mstestadapter/v2" className="VideoOS.Common.Integration.UnitTests.WebAPI.Model.Recorder.Responses.ExceptionResponseModelTest" name="ExceptionResponseModel_NoValuesSet_ValidationFailure" />
    </UnitTest>
    <UnitTest name="StreamsConfiguration_AddRemove_Success" storage="d:\actions-runner\_work\xpco\xpco\corporate\shared\common.integration\tst\videoos.common.integration.unittests\bin\x64\debug\net472\videoos.common.integration.unittests.dll" id="59e73b23-8838-c997-ccca-0d02f0d31aba">
      <Execution id="7675a8c3-1c84-4cb4-8c3a-ae673e7b7e6d" />
      <TestMethod codeBase="D:\actions-runner\_work\XPCO\XPCO\Corporate\Shared\Common.Integration\tst\VideoOS.Common.Integration.UnitTests\bin\x64\Debug\net472\VideoOS.Common.Integration.UnitTests.dll" adapterTypeName="executor://mstestadapter/v2" className="VideoOS.Common.Integration.UnitTests.StreamsConfigurationUnitTests" name="StreamsConfiguration_AddRemove_Success" />
    </UnitTest>
    <UnitTest name="CheckAllMIPFiltersKindsTestNotOk8" storage="d:\actions-runner\_work\xpco\xpco\corporate\shared\common.integration\tst\videoos.common.integration.unittests\bin\x64\debug\net472\videoos.common.integration.unittests.dll" id="74a9c605-a1c8-e422-9762-4610872fe578">
      <TestCategory>
        <TestCategoryItem TestCategory="Rules.MIPFilter" />
      </TestCategory>
      <Execution id="d5328b16-b426-483d-8750-b772a71c3bde" />
      <TestMethod codeBase="D:\actions-runner\_work\XPCO\XPCO\Corporate\Shared\Common.Integration\tst\VideoOS.Common.Integration.UnitTests\bin\x64\Debug\net472\VideoOS.Common.Integration.UnitTests.dll" adapterTypeName="executor://mstestadapter/v2" className="VideoOS.Common.Integration.UnitTests.Rules.MIPFilterTest" name="CheckAllMIPFiltersKindsTestNotOk8" />
    </UnitTest>
    <UnitTest name="ValidateInformation_DevicesCountUsingOneLicense_Shown_WhenTheCountIsSeven" storage="d:\actions-runner\_work\xpco\xpco\corporate\shared\common.integration\tst\videoos.common.integration.unittests\bin\x64\debug\net472\videoos.common.integration.unittests.dll" id="141e191c-4442-3208-46fe-8e00c7caaf9d">
      <Execution id="bcdf5935-6fdf-4a80-8c51-50eac475cf15" />
      <TestMethod codeBase="D:\actions-runner\_work\XPCO\XPCO\Corporate\Shared\Common.Integration\tst\VideoOS.Common.Integration.UnitTests\bin\x64\Debug\net472\VideoOS.Common.Integration.UnitTests.dll" adapterTypeName="executor://mstestadapter/v2" className="VideoOS.Common.Integration.UnitTests.License.LicenseReportGeneratorTests" name="ValidateInformation_DevicesCountUsingOneLicense_Shown_WhenTheCountIsSeven" />
    </UnitTest>
    <UnitTest name="Send_InvalidOperationExceptionThrown_ExceptionLoggedAndDefaultValueReturned" storage="d:\actions-runner\_work\xpco\xpco\corporate\shared\common.integration\tst\videoos.common.integration.unittests\bin\x64\debug\net472\videoos.common.integration.unittests.dll" id="5a9790d2-e1ee-ca82-aad1-0f90112fc2a3">
      <Execution id="df3ed6a9-14ec-407d-83e6-33246487970f" />
      <TestMethod codeBase="D:\actions-runner\_work\XPCO\XPCO\Corporate\Shared\Common.Integration\tst\VideoOS.Common.Integration.UnitTests\bin\x64\Debug\net472\VideoOS.Common.Integration.UnitTests.dll" adapterTypeName="executor://mstestadapter/v2" className="VideoOS.Common.Integration.WebApi.HttpClientCommunicatorUnitTests" name="Send_InvalidOperationExceptionThrown_ExceptionLoggedAndDefaultValueReturned" />
    </UnitTest>
    <UnitTest name="LicenseGetVendor_WrongSLC" storage="d:\actions-runner\_work\xpco\xpco\corporate\shared\common.integration\tst\videoos.common.integration.unittests\bin\x64\debug\net472\videoos.common.integration.unittests.dll" id="6dc4cd77-38c0-10b5-180e-f937b6af904d">
      <Execution id="f29ec3ff-f39e-4019-a349-30fd81da8a1c" />
      <TestMethod codeBase="D:\actions-runner\_work\XPCO\XPCO\Corporate\Shared\Common.Integration\tst\VideoOS.Common.Integration.UnitTests\bin\x64\Debug\net472\VideoOS.Common.Integration.UnitTests.dll" adapterTypeName="executor://mstestadapter/v2" className="VideoOS.Common.Integration.UnitTests.License.SLCTest" name="LicenseGetVendor_WrongSLC" />
    </UnitTest>
    <UnitTest name="HardwareInfo_HasCameraDevices_ReturnsTrue_WhenHasCamerasWithMatchingLicenseStates" storage="d:\actions-runner\_work\xpco\xpco\corporate\shared\common.integration\tst\videoos.common.integration.unittests\bin\x64\debug\net472\videoos.common.integration.unittests.dll" id="19c37f8a-03dc-e367-00f5-82f23a5f20a5">
      <Execution id="d2baa7a2-8c1d-4c1b-9dce-aaf4154db1fa" />
      <TestMethod codeBase="D:\actions-runner\_work\XPCO\XPCO\Corporate\Shared\Common.Integration\tst\VideoOS.Common.Integration.UnitTests\bin\x64\Debug\net472\VideoOS.Common.Integration.UnitTests.dll" adapterTypeName="executor://mstestadapter/v2" className="VideoOS.Common.Integration.UnitTests.License.HardwareInfoTests" name="HardwareInfo_HasCameraDevices_ReturnsTrue_WhenHasCamerasWithMatchingLicenseStates" />
    </UnitTest>
    <UnitTest name="Construct_RequestContainer_NoParams_Success" storage="d:\actions-runner\_work\xpco\xpco\corporate\shared\common.integration\tst\videoos.common.integration.unittests\bin\x64\debug\net472\videoos.common.integration.unittests.dll" id="d521225f-189f-6e0c-d786-da7cc5d281f2">
      <Execution id="d724fe02-63bc-4103-9e64-4c7780ced0ee" />
      <TestMethod codeBase="D:\actions-runner\_work\XPCO\XPCO\Corporate\Shared\Common.Integration\tst\VideoOS.Common.Integration.UnitTests\bin\x64\Debug\net472\VideoOS.Common.Integration.UnitTests.dll" adapterTypeName="executor://mstestadapter/v2" className="VideoOS.Common.Integration.UnitTests.License.LicenseContainerTests" name="Construct_RequestContainer_NoParams_Success" />
    </UnitTest>
    <UnitTest name="SecurityUserTokensModel_Validate_Success" storage="d:\actions-runner\_work\xpco\xpco\corporate\shared\common.integration\tst\videoos.common.integration.unittests\bin\x64\debug\net472\videoos.common.integration.unittests.dll" id="0aacf03b-718d-9b91-1791-8fb82ec2b41d">
      <Execution id="6a4a21a3-2ba1-4f14-b211-540a2b3fc40e" />
      <TestMethod codeBase="D:\actions-runner\_work\XPCO\XPCO\Corporate\Shared\Common.Integration\tst\VideoOS.Common.Integration.UnitTests\bin\x64\Debug\net472\VideoOS.Common.Integration.UnitTests.dll" adapterTypeName="executor://mstestadapter/v2" className="VideoOS.Common.Integration.UnitTests.WebAPI.Model.SecurityUserTokensModelTest" name="SecurityUserTokensModel_Validate_Success" />
    </UnitTest>
    <UnitTest name="CalculateLicenseRequirements_NotWhitelisted_SameHardwareOnMultipleRecordingServers_WithDifferentEnabledCameras_CountsLicensesForSingleHardware" storage="d:\actions-runner\_work\xpco\xpco\corporate\shared\common.integration\tst\videoos.common.integration.unittests\bin\x64\debug\net472\videoos.common.integration.unittests.dll" id="c65619db-63b2-2c34-76fc-e7e18e03ae65">
      <Execution id="23a0f4a9-baf6-41fc-8261-6cd898408391" />
      <TestMethod codeBase="D:\actions-runner\_work\XPCO\XPCO\Corporate\Shared\Common.Integration\tst\VideoOS.Common.Integration.UnitTests\bin\x64\Debug\net472\VideoOS.Common.Integration.UnitTests.dll" adapterTypeName="executor://mstestadapter/v2" className="VideoOS.Common.Integration.UnitTests.License.LicenseCalculatorTests" name="CalculateLicenseRequirements_NotWhitelisted_SameHardwareOnMultipleRecordingServers_WithDifferentEnabledCameras_CountsLicensesForSingleHardware" />
    </UnitTest>
    <UnitTest name="TestIncreaseNumberOfRegionsWithValidFactor" storage="d:\actions-runner\_work\xpco\xpco\corporate\shared\common.integration\tst\videoos.common.integration.unittests\bin\x64\debug\net472\videoos.common.integration.unittests.dll" id="a4867ffd-85f1-d5b9-5db4-7d4c34759561">
      <Execution id="460cbee7-9126-4e25-b6fe-8391baa4cf80" />
      <TestMethod codeBase="D:\actions-runner\_work\XPCO\XPCO\Corporate\Shared\Common.Integration\tst\VideoOS.Common.Integration.UnitTests\bin\x64\Debug\net472\VideoOS.Common.Integration.UnitTests.dll" adapterTypeName="executor://mstestadapter/v2" className="VideoOS.Common.Integration.UnitTests.Configuration.FillableGridAreaUnitTest" name="TestIncreaseNumberOfRegionsWithValidFactor" />
    </UnitTest>
    <UnitTest name="ModelValidation_RequiredPropertiesAreNull_Failed" storage="d:\actions-runner\_work\xpco\xpco\corporate\shared\common.integration\tst\videoos.common.integration.unittests\bin\x64\debug\net472\videoos.common.integration.unittests.dll" id="fac02d44-6df3-b374-90e6-20208060241b">
      <Execution id="526174f5-1494-46f1-9662-15b58ac35c9b" />
      <TestMethod codeBase="D:\actions-runner\_work\XPCO\XPCO\Corporate\Shared\Common.Integration\tst\VideoOS.Common.Integration.UnitTests\bin\x64\Debug\net472\VideoOS.Common.Integration.UnitTests.dll" adapterTypeName="executor://mstestadapter/v2" className="VideoOS.Common.Integration.UnitTests.WebAPI.Model.SendMultiNotificationModelTest" name="ModelValidation_RequiredPropertiesAreNull_Failed" />
    </UnitTest>
    <UnitTest name="CreateHardwareLicenseCountEvaluatorChannel_NullParameters_ThrowsArgumentNullException" storage="d:\actions-runner\_work\xpco\xpco\corporate\shared\common.integration\tst\videoos.common.integration.unittests\bin\x64\debug\net472\videoos.common.integration.unittests.dll" id="755a9019-8a00-ef60-14fe-2ad551672b15">
      <TestCategory>
        <TestCategoryItem TestCategory="Licensing" />
      </TestCategory>
      <Execution id="9aa35bbb-aaea-497b-ba28-b3827c573761" />
      <TestMethod codeBase="D:\actions-runner\_work\XPCO\XPCO\Corporate\Shared\Common.Integration\tst\VideoOS.Common.Integration.UnitTests\bin\x64\Debug\net472\VideoOS.Common.Integration.UnitTests.dll" adapterTypeName="executor://mstestadapter/v2" className="VideoOS.Common.Integration.UnitTests.License.HardwareLicenseCountEvaluatorTests" name="CreateHardwareLicenseCountEvaluatorChannel_NullParameters_ThrowsArgumentNullException" />
    </UnitTest>
    <UnitTest name="LicenseActivationService_AcquireLicense_LicenseNotAllowed_ToManyInterconnectedCameras" storage="d:\actions-runner\_work\xpco\xpco\corporate\shared\common.integration\tst\videoos.common.integration.unittests\bin\x64\debug\net472\videoos.common.integration.unittests.dll" id="3b5a6096-322c-8c4c-79b8-931a963fdac0">
      <Execution id="83b19dea-00a3-4d4a-9a8c-6ffe907e38d2" />
      <TestMethod codeBase="D:\actions-runner\_work\XPCO\XPCO\Corporate\Shared\Common.Integration\tst\VideoOS.Common.Integration.UnitTests\bin\x64\Debug\net472\VideoOS.Common.Integration.UnitTests.dll" adapterTypeName="executor://mstestadapter/v2" className="VideoOS.Common.Integration.UnitTests.License.LicenseActivationServiceTests" name="LicenseActivationService_AcquireLicense_LicenseNotAllowed_ToManyInterconnectedCameras" />
    </UnitTest>
    <UnitTest name="HardwareInfo_HasLicensedCameras_ReturnsTrue_WhenHasCamerasWithMatchingLicenseStates" storage="d:\actions-runner\_work\xpco\xpco\corporate\shared\common.integration\tst\videoos.common.integration.unittests\bin\x64\debug\net472\videoos.common.integration.unittests.dll" id="191f24c6-cafa-473a-7bf0-f0b451e605dc">
      <Execution id="01557c14-c7e6-4b5b-8c3c-88ea2c5a3e59" />
      <TestMethod codeBase="D:\actions-runner\_work\XPCO\XPCO\Corporate\Shared\Common.Integration\tst\VideoOS.Common.Integration.UnitTests\bin\x64\Debug\net472\VideoOS.Common.Integration.UnitTests.dll" adapterTypeName="executor://mstestadapter/v2" className="VideoOS.Common.Integration.UnitTests.License.HardwareInfoTests" name="HardwareInfo_HasLicensedCameras_ReturnsTrue_WhenHasCamerasWithMatchingLicenseStates" />
    </UnitTest>
    <UnitTest name="IsMember" storage="d:\actions-runner\_work\xpco\xpco\corporate\shared\common.integration\tst\videoos.common.integration.unittests\bin\x64\debug\net472\videoos.common.integration.unittests.dll" id="978eb37b-9205-133a-243e-f6d1f0a5fd91">
      <Execution id="e91fe942-9e52-406f-ba5e-952615506765" />
      <TestMethod codeBase="D:\actions-runner\_work\XPCO\XPCO\Corporate\Shared\Common.Integration\tst\VideoOS.Common.Integration.UnitTests\bin\x64\Debug\net472\VideoOS.Common.Integration.UnitTests.dll" adapterTypeName="executor://mstestadapter/v2" className="VideoOS.Common.Integration.UnitTests.Caching.SecurityIdentityCacheUnitTests" name="IsMember" />
    </UnitTest>
    <UnitTest name="TestWritingAndLoadingXmlResultsInTheSameArea" storage="d:\actions-runner\_work\xpco\xpco\corporate\shared\common.integration\tst\videoos.common.integration.unittests\bin\x64\debug\net472\videoos.common.integration.unittests.dll" id="b5a8e6fe-503d-d02a-58b3-d380e0109a2c">
      <Execution id="d9173f1e-e952-4539-8c25-63b5e2b1ba25" />
      <TestMethod codeBase="D:\actions-runner\_work\XPCO\XPCO\Corporate\Shared\Common.Integration\tst\VideoOS.Common.Integration.UnitTests\bin\x64\Debug\net472\VideoOS.Common.Integration.UnitTests.dll" adapterTypeName="executor://mstestadapter/v2" className="VideoOS.Common.Integration.UnitTests.Configuration.FillableGridAreaUnitTest" name="TestWritingAndLoadingXmlResultsInTheSameArea" />
    </UnitTest>
    <UnitTest name="HardwareInfo_DecodesDriverAndModelNameUpperWithSmallerLargerThanSymbols" storage="d:\actions-runner\_work\xpco\xpco\corporate\shared\common.integration\tst\videoos.common.integration.unittests\bin\x64\debug\net472\videoos.common.integration.unittests.dll" id="e0f1ca46-1dc7-984a-7192-5fd9de44ab13">
      <Execution id="eb3ab86b-02d0-4752-b47a-691d1a06f07d" />
      <TestMethod codeBase="D:\actions-runner\_work\XPCO\XPCO\Corporate\Shared\Common.Integration\tst\VideoOS.Common.Integration.UnitTests\bin\x64\Debug\net472\VideoOS.Common.Integration.UnitTests.dll" adapterTypeName="executor://mstestadapter/v2" className="VideoOS.Common.Integration.UnitTests.License.HardwareInfoTests" name="HardwareInfo_DecodesDriverAndModelNameUpperWithSmallerLargerThanSymbols" />
    </UnitTest>
    <UnitTest name="GetAbsolutePtzPositionResponseModel_Validate_Success" storage="d:\actions-runner\_work\xpco\xpco\corporate\shared\common.integration\tst\videoos.common.integration.unittests\bin\x64\debug\net472\videoos.common.integration.unittests.dll" id="9fb05ec9-4cd4-d3b9-0212-219c756bc054">
      <Execution id="f3f3cb60-3e80-45cd-b3e1-5dd0f9305d95" />
      <TestMethod codeBase="D:\actions-runner\_work\XPCO\XPCO\Corporate\Shared\Common.Integration\tst\VideoOS.Common.Integration.UnitTests\bin\x64\Debug\net472\VideoOS.Common.Integration.UnitTests.dll" adapterTypeName="executor://mstestadapter/v2" className="VideoOS.Common.Integration.UnitTests.WebAPI.Model.Server.Responses.GetAbsolutePtzPositionResponseModelTest" name="GetAbsolutePtzPositionResponseModel_Validate_Success" />
    </UnitTest>
    <UnitTest name="Construct_RequestContainer_ValidLicenseRequestAndIntegrationData_Success" storage="d:\actions-runner\_work\xpco\xpco\corporate\shared\common.integration\tst\videoos.common.integration.unittests\bin\x64\debug\net472\videoos.common.integration.unittests.dll" id="f1d97ee1-bf32-14e7-b1d7-279e0f139936">
      <Execution id="64b320d6-5345-4f33-a72c-745274417fd1" />
      <TestMethod codeBase="D:\actions-runner\_work\XPCO\XPCO\Corporate\Shared\Common.Integration\tst\VideoOS.Common.Integration.UnitTests\bin\x64\Debug\net472\VideoOS.Common.Integration.UnitTests.dll" adapterTypeName="executor://mstestadapter/v2" className="VideoOS.Common.Integration.UnitTests.License.LicenseContainerTests" name="Construct_RequestContainer_ValidLicenseRequestAndIntegrationData_Success" />
    </UnitTest>
    <UnitTest name="LicenseDocument_IsICPFeatureLicensedSuccess" storage="d:\actions-runner\_work\xpco\xpco\corporate\shared\common.integration\tst\videoos.common.integration.unittests\bin\x64\debug\net472\videoos.common.integration.unittests.dll" id="92bfa08a-7b93-51c5-e613-5cc06a9ca4a0">
      <TestCategory>
        <TestCategoryItem TestCategory="LicenseDocumentTest" />
      </TestCategory>
      <Execution id="859ae64f-1eb3-47bb-bf3a-83dd8d5cea57" />
      <TestMethod codeBase="D:\actions-runner\_work\XPCO\XPCO\Corporate\Shared\Common.Integration\tst\VideoOS.Common.Integration.UnitTests\bin\x64\Debug\net472\VideoOS.Common.Integration.UnitTests.dll" adapterTypeName="executor://mstestadapter/v2" className="VideoOS.Common.Integration.UnitTests.License.LicenseDocumentTests" name="LicenseDocument_IsICPFeatureLicensedSuccess" />
    </UnitTest>
    <UnitTest name="CalculateLicenseRequirements_EnabledHardware_DisabledCamera_EnabledSpeaker_UsesOneLicense" storage="d:\actions-runner\_work\xpco\xpco\corporate\shared\common.integration\tst\videoos.common.integration.unittests\bin\x64\debug\net472\videoos.common.integration.unittests.dll" id="45eec0fb-e186-bb42-a930-4d27173912d7">
      <Execution id="d736d26a-a854-4640-a2b5-674523b8dab0" />
      <TestMethod codeBase="D:\actions-runner\_work\XPCO\XPCO\Corporate\Shared\Common.Integration\tst\VideoOS.Common.Integration.UnitTests\bin\x64\Debug\net472\VideoOS.Common.Integration.UnitTests.dll" adapterTypeName="executor://mstestadapter/v2" className="VideoOS.Common.Integration.UnitTests.License.LicenseCalculatorTests" name="CalculateLicenseRequirements_EnabledHardware_DisabledCamera_EnabledSpeaker_UsesOneLicense" />
    </UnitTest>
    <UnitTest name="StreamsConfiguration_ValidateConfiguration_Two_Recording_Streams_ExactlyOneRecordingStreamError" storage="d:\actions-runner\_work\xpco\xpco\corporate\shared\common.integration\tst\videoos.common.integration.unittests\bin\x64\debug\net472\videoos.common.integration.unittests.dll" id="70f0eec9-bddf-2f56-c2d5-1f0556c83aaf">
      <Execution id="2d1e31eb-0426-426f-8074-57dd6152c137" />
      <TestMethod codeBase="D:\actions-runner\_work\XPCO\XPCO\Corporate\Shared\Common.Integration\tst\VideoOS.Common.Integration.UnitTests\bin\x64\Debug\net472\VideoOS.Common.Integration.UnitTests.dll" adapterTypeName="executor://mstestadapter/v2" className="VideoOS.Common.Integration.UnitTests.StreamsConfigurationUnitTests" name="StreamsConfiguration_ValidateConfiguration_Two_Recording_Streams_ExactlyOneRecordingStreamError" />
    </UnitTest>
    <UnitTest name="Schemes_SerializeAndDeserializeEmptyTest" storage="d:\actions-runner\_work\xpco\xpco\corporate\shared\common.integration\tst\videoos.common.integration.unittests\bin\x64\debug\net472\videoos.common.integration.unittests.dll" id="77cb843b-3732-90ac-376f-355a10166c3a">
      <Execution id="1fb93db4-57f8-4aef-9106-9bff146a04a4" />
      <TestMethod codeBase="D:\actions-runner\_work\XPCO\XPCO\Corporate\Shared\Common.Integration\tst\VideoOS.Common.Integration.UnitTests\bin\x64\Debug\net472\VideoOS.Common.Integration.UnitTests.dll" adapterTypeName="executor://mstestadapter/v2" className="VideoOS.Common.Integration.UnitTests.DeviceDiscovery.SchemesTest" name="Schemes_SerializeAndDeserializeEmptyTest" />
    </UnitTest>
    <UnitTest name="RefCountedObjectWrapper_Dispose_Success" storage="d:\actions-runner\_work\xpco\xpco\corporate\shared\common.integration\tst\videoos.common.integration.unittests\bin\x64\debug\net472\videoos.common.integration.unittests.dll" id="77ba8355-8c34-377b-c16f-9aec4c9acdf8">
      <Execution id="21bf8d4f-2e7a-4090-8caa-175d8e9f1169" />
      <TestMethod codeBase="D:\actions-runner\_work\XPCO\XPCO\Corporate\Shared\Common.Integration\tst\VideoOS.Common.Integration.UnitTests\bin\x64\Debug\net472\VideoOS.Common.Integration.UnitTests.dll" adapterTypeName="executor://mstestadapter/v2" className="VideoOS.Common.Integration.UnitTests.Threading.RefCountedObjectWrapperTests" name="RefCountedObjectWrapper_Dispose_Success" />
    </UnitTest>
    <UnitTest name="RefCountedObjectWrapper_ExecuteCallWithRefCountTResult_InstanceIsDisposed_ObjectDeadException" storage="d:\actions-runner\_work\xpco\xpco\corporate\shared\common.integration\tst\videoos.common.integration.unittests\bin\x64\debug\net472\videoos.common.integration.unittests.dll" id="0e9626a5-9809-f247-3da5-380f0b656e38">
      <Execution id="add82a5b-ef2c-4721-bd43-18c85ea76092" />
      <TestMethod codeBase="D:\actions-runner\_work\XPCO\XPCO\Corporate\Shared\Common.Integration\tst\VideoOS.Common.Integration.UnitTests\bin\x64\Debug\net472\VideoOS.Common.Integration.UnitTests.dll" adapterTypeName="executor://mstestadapter/v2" className="VideoOS.Common.Integration.UnitTests.Threading.RefCountedObjectWrapperTests" name="RefCountedObjectWrapper_ExecuteCallWithRefCountTResult_InstanceIsDisposed_ObjectDeadException" />
    </UnitTest>
    <UnitTest name="DatabaseOperationModel_Validation_ValidModel_Success" storage="d:\actions-runner\_work\xpco\xpco\corporate\shared\common.integration\tst\videoos.common.integration.unittests\bin\x64\debug\net472\videoos.common.integration.unittests.dll" id="346c1444-c166-cbc7-94c0-545645760c83">
      <Execution id="e493fb14-f78e-4f8a-b674-75088fb0cd8c" />
      <TestMethod codeBase="D:\actions-runner\_work\XPCO\XPCO\Corporate\Shared\Common.Integration\tst\VideoOS.Common.Integration.UnitTests\bin\x64\Debug\net472\VideoOS.Common.Integration.UnitTests.dll" adapterTypeName="executor://mstestadapter/v2" className="VideoOS.Common.Integration.UnitTests.WebAPI.Model.DatabaseOperationModelTest" name="DatabaseOperationModel_Validation_ValidModel_Success" />
    </UnitTest>
    <UnitTest name="ServerFileStorage_PurgeDataFolder_DeletesFiles" storage="d:\actions-runner\_work\xpco\xpco\corporate\shared\common.integration\tst\videoos.common.integration.unittests\bin\x64\debug\net472\videoos.common.integration.unittests.dll" id="a0015672-68ce-89c4-1858-60a57ada23c1">
      <Execution id="31fc6dc3-6539-4688-85d2-36f04de90e4e" />
      <TestMethod codeBase="D:\actions-runner\_work\XPCO\XPCO\Corporate\Shared\Common.Integration\tst\VideoOS.Common.Integration.UnitTests\bin\x64\Debug\net472\VideoOS.Common.Integration.UnitTests.dll" adapterTypeName="executor://mstestadapter/v2" className="VideoOS.Common.Integration.UnitTests.ServerFileStorageTests" name="ServerFileStorage_PurgeDataFolder_DeletesFiles" />
    </UnitTest>
    <UnitTest name="WhiteList_Model_IsModelWhitelistedOnUnlistedModels_ReturnsFalse" storage="d:\actions-runner\_work\xpco\xpco\corporate\shared\common.integration\tst\videoos.common.integration.unittests\bin\x64\debug\net472\videoos.common.integration.unittests.dll" id="bbeb0c54-69b2-7c8f-6a00-800a5e934d17">
      <TestCategory>
        <TestCategoryItem TestCategory="Licensing" />
      </TestCategory>
      <Execution id="8d1e6eb6-b486-4192-b663-b798b6978256" />
      <TestMethod codeBase="D:\actions-runner\_work\XPCO\XPCO\Corporate\Shared\Common.Integration\tst\VideoOS.Common.Integration.UnitTests\bin\x64\Debug\net472\VideoOS.Common.Integration.UnitTests.dll" adapterTypeName="executor://mstestadapter/v2" className="VideoOS.Common.Integration.UnitTests.License.LicenseWhitelistTests" name="WhiteList_Model_IsModelWhitelistedOnUnlistedModels_ReturnsFalse" />
    </UnitTest>
    <UnitTest name="Hardware_Construct_InvalidLastModified_NotUtc_Throws_ArgumentException" storage="d:\actions-runner\_work\xpco\xpco\corporate\shared\common.integration\tst\videoos.common.integration.unittests\bin\x64\debug\net472\videoos.common.integration.unittests.dll" id="98f0ad09-ff0b-5c5f-86a8-6c77cb77aa0e">
      <Execution id="d1f45b75-06cf-4f99-a695-ee13749ca372" />
      <TestMethod codeBase="D:\actions-runner\_work\XPCO\XPCO\Corporate\Shared\Common.Integration\tst\VideoOS.Common.Integration.UnitTests\bin\x64\Debug\net472\VideoOS.Common.Integration.UnitTests.dll" adapterTypeName="executor://mstestadapter/v2" className="VideoOS.Common.Integration.UnitTests.License.LicenseInfoTests" name="Hardware_Construct_InvalidLastModified_NotUtc_Throws_ArgumentException" />
    </UnitTest>
    <UnitTest name="ToModelAudit_LogEntryNull_ArgumentNullException" storage="d:\actions-runner\_work\xpco\xpco\corporate\shared\common.integration\tst\videoos.common.integration.unittests\bin\x64\debug\net472\videoos.common.integration.unittests.dll" id="a6f752b1-57d6-18ca-9942-a1422404b0ea">
      <Execution id="c75571c3-9042-44f8-aff2-ca483792ece2" />
      <TestMethod codeBase="D:\actions-runner\_work\XPCO\XPCO\Corporate\Shared\Common.Integration\tst\VideoOS.Common.Integration.UnitTests\bin\x64\Debug\net472\VideoOS.Common.Integration.UnitTests.dll" adapterTypeName="executor://mstestadapter/v2" className="VideoOS.Common.Integration.UnitTests.WebAPI.Model.Server.LogEntryModelConverterTest" name="ToModelAudit_LogEntryNull_ArgumentNullException" />
    </UnitTest>
    <UnitTest name="ReadChildElementValueAsUInt32_SunnyDay" storage="d:\actions-runner\_work\xpco\xpco\corporate\shared\common.integration\tst\videoos.common.integration.unittests\bin\x64\debug\net472\videoos.common.integration.unittests.dll" id="563887c9-636b-f0ac-8af4-cbcfddaaa4f4">
      <Execution id="e91a8f7d-8096-4b10-af82-6bc4ba61c25d" />
      <TestMethod codeBase="D:\actions-runner\_work\XPCO\XPCO\Corporate\Shared\Common.Integration\tst\VideoOS.Common.Integration.UnitTests\bin\x64\Debug\net472\VideoOS.Common.Integration.UnitTests.dll" adapterTypeName="executor://mstestadapter/v2" className="VideoOS.Common.Integration.UnitTests.XmlDocumentExtensionsCoreUnitTests" name="ReadChildElementValueAsUInt32_SunnyDay" />
    </UnitTest>
    <UnitTest name="DatabaseXmlConverter_XmlIdsToGuids_Two" storage="d:\actions-runner\_work\xpco\xpco\corporate\shared\common.integration\tst\videoos.common.integration.unittests\bin\x64\debug\net472\videoos.common.integration.unittests.dll" id="ab8dc7a8-c4c9-6ab5-bcf7-3e855bb8de87">
      <Execution id="2689638f-ef0a-4f99-aaa9-0cb9255d9a8c" />
      <TestMethod codeBase="D:\actions-runner\_work\XPCO\XPCO\Corporate\Shared\Common.Integration\tst\VideoOS.Common.Integration.UnitTests\bin\x64\Debug\net472\VideoOS.Common.Integration.UnitTests.dll" adapterTypeName="executor://mstestadapter/v2" className="VideoOS.Common.Integration.UnitTests.DatabaseXmlConverterTest" name="DatabaseXmlConverter_XmlIdsToGuids_Two" />
    </UnitTest>
    <UnitTest name="Test_IsMember_CaseInsensitive" storage="d:\actions-runner\_work\xpco\xpco\corporate\shared\common.integration\tst\videoos.common.integration.unittests\bin\x64\debug\net472\videoos.common.integration.unittests.dll" id="14ec84df-05e5-371e-6fe5-46021548ea37">
      <Execution id="5b67f4f2-60e7-4024-82c8-8177e8900423" />
      <TestMethod codeBase="D:\actions-runner\_work\XPCO\XPCO\Corporate\Shared\Common.Integration\tst\VideoOS.Common.Integration.UnitTests\bin\x64\Debug\net472\VideoOS.Common.Integration.UnitTests.dll" adapterTypeName="executor://mstestadapter/v2" className="VideoOS.Common.Integration.UnitTests.Caching.MembershipCacheUnitTest" name="Test_IsMember_CaseInsensitive" />
    </UnitTest>
    <UnitTest name="Scheduler_SimpleTaskProcessing_ReusingTaskID" storage="d:\actions-runner\_work\xpco\xpco\corporate\shared\common.integration\tst\videoos.common.integration.unittests\bin\x64\debug\net472\videoos.common.integration.unittests.dll" id="53d17ed2-22de-e562-cbcf-ccb8507b8c99">
      <Execution id="e88ecd42-b5ad-4502-937c-a5547eb52019" />
      <TestMethod codeBase="D:\actions-runner\_work\XPCO\XPCO\Corporate\Shared\Common.Integration\tst\VideoOS.Common.Integration.UnitTests\bin\x64\Debug\net472\VideoOS.Common.Integration.UnitTests.dll" adapterTypeName="executor://mstestadapter/v2" className="VideoOS.Common.Integration.UnitTests.Scheduling.Simple" name="Scheduler_SimpleTaskProcessing_ReusingTaskID" />
    </UnitTest>
    <UnitTest name="EncryptingNull" storage="d:\actions-runner\_work\xpco\xpco\corporate\shared\common.integration\tst\videoos.common.integration.unittests\bin\x64\debug\net472\videoos.common.integration.unittests.dll" id="0001ecac-aad8-2f83-2e08-41e13a9a331b">
      <Execution id="5eeb5ec1-1c94-47e1-aea8-c38a6b64ca86" />
      <TestMethod codeBase="D:\actions-runner\_work\XPCO\XPCO\Corporate\Shared\Common.Integration\tst\VideoOS.Common.Integration.UnitTests\bin\x64\Debug\net472\VideoOS.Common.Integration.UnitTests.dll" adapterTypeName="executor://mstestadapter/v2" className="VideoOS.Common.Integration.UnitTests.Configuration.XmlEncryptionHelperTests" name="EncryptingNull" />
    </UnitTest>
    <UnitTest name="HardwareSetupInformationModel_Validate_Failed" storage="d:\actions-runner\_work\xpco\xpco\corporate\shared\common.integration\tst\videoos.common.integration.unittests\bin\x64\debug\net472\videoos.common.integration.unittests.dll" id="ee979836-8e9b-a428-76a0-4d534302f4d5">
      <Execution id="5b0e00be-6242-45f7-8453-26dcd051bf4c" />
      <TestMethod codeBase="D:\actions-runner\_work\XPCO\XPCO\Corporate\Shared\Common.Integration\tst\VideoOS.Common.Integration.UnitTests\bin\x64\Debug\net472\VideoOS.Common.Integration.UnitTests.dll" adapterTypeName="executor://mstestadapter/v2" className="VideoOS.Common.Integration.UnitTests.WebAPI.Model.HardwareSetupInformationModelTest" name="HardwareSetupInformationModel_Validate_Failed" />
    </UnitTest>
    <UnitTest name="ParseAsBytes_Null_Throws_ArgumentNullException" storage="d:\actions-runner\_work\xpco\xpco\corporate\shared\common.integration\tst\videoos.common.integration.unittests\bin\x64\debug\net472\videoos.common.integration.unittests.dll" id="26e7c1be-3d63-b011-e9de-0064ed7a5e30">
      <Execution id="b090c7ea-457f-4e46-84fd-cba849e5caa2" />
      <TestMethod codeBase="D:\actions-runner\_work\XPCO\XPCO\Corporate\Shared\Common.Integration\tst\VideoOS.Common.Integration.UnitTests\bin\x64\Debug\net472\VideoOS.Common.Integration.UnitTests.dll" adapterTypeName="executor://mstestadapter/v2" className="VideoOS.Common.Integration.UnitTests.CertificateHandling.StringByteConversionExtensionsUnitTests" name="ParseAsBytes_Null_Throws_ArgumentNullException" />
    </UnitTest>
    <UnitTest name="ValidateInformation_DevicesCountUsingOneLicense_NotShown_WhenTheCountIsZero" storage="d:\actions-runner\_work\xpco\xpco\corporate\shared\common.integration\tst\videoos.common.integration.unittests\bin\x64\debug\net472\videoos.common.integration.unittests.dll" id="f677ecbc-a37b-de6c-6108-d44b19746e79">
      <Execution id="91dbaa44-59e4-4e02-bdaa-e3fa4ec17cce" />
      <TestMethod codeBase="D:\actions-runner\_work\XPCO\XPCO\Corporate\Shared\Common.Integration\tst\VideoOS.Common.Integration.UnitTests\bin\x64\Debug\net472\VideoOS.Common.Integration.UnitTests.dll" adapterTypeName="executor://mstestadapter/v2" className="VideoOS.Common.Integration.UnitTests.License.LicenseReportGeneratorTests" name="ValidateInformation_DevicesCountUsingOneLicense_NotShown_WhenTheCountIsZero" />
    </UnitTest>
    <UnitTest name="Send_TokenCancellationExceptionThrown_ExceptionLoggedAndTimeoutExceptionThrown" storage="d:\actions-runner\_work\xpco\xpco\corporate\shared\common.integration\tst\videoos.common.integration.unittests\bin\x64\debug\net472\videoos.common.integration.unittests.dll" id="efeeeeba-7374-d6a4-c7f7-3faa2a981326">
      <Execution id="e43d0561-cb80-4c08-be7d-6c861d47f1d3" />
      <TestMethod codeBase="D:\actions-runner\_work\XPCO\XPCO\Corporate\Shared\Common.Integration\tst\VideoOS.Common.Integration.UnitTests\bin\x64\Debug\net472\VideoOS.Common.Integration.UnitTests.dll" adapterTypeName="executor://mstestadapter/v2" className="VideoOS.Common.Integration.WebApi.HttpClientCommunicatorUnitTests" name="Send_TokenCancellationExceptionThrown_ExceptionLoggedAndTimeoutExceptionThrown" />
    </UnitTest>
    <UnitTest name="QueryDeviceEvidenceLockSizesModelTests_Validate_Failed" storage="d:\actions-runner\_work\xpco\xpco\corporate\shared\common.integration\tst\videoos.common.integration.unittests\bin\x64\debug\net472\videoos.common.integration.unittests.dll" id="533da458-02c6-f071-52ef-1db5a6ae00db">
      <Execution id="d0570774-07ae-4d30-bc6e-6b49e24556ad" />
      <TestMethod codeBase="D:\actions-runner\_work\XPCO\XPCO\Corporate\Shared\Common.Integration\tst\VideoOS.Common.Integration.UnitTests\bin\x64\Debug\net472\VideoOS.Common.Integration.UnitTests.dll" adapterTypeName="executor://mstestadapter/v2" className="VideoOS.Common.Integration.UnitTests.WebAPI.Model.QueryDeviceEvidenceLockSizesModelTests" name="QueryDeviceEvidenceLockSizesModelTests_Validate_Failed" />
    </UnitTest>
    <UnitTest name="CreateCreateHardwareLicenseCountEvaluator_HardwareLicensing_Returns_Null" storage="d:\actions-runner\_work\xpco\xpco\corporate\shared\common.integration\tst\videoos.common.integration.unittests\bin\x64\debug\net472\videoos.common.integration.unittests.dll" id="217b34cb-7ead-a498-b662-ce6fd17d7161">
      <TestCategory>
        <TestCategoryItem TestCategory="Licensing" />
      </TestCategory>
      <Execution id="a720a0d3-0007-4043-a9a2-87f98a75450f" />
      <TestMethod codeBase="D:\actions-runner\_work\XPCO\XPCO\Corporate\Shared\Common.Integration\tst\VideoOS.Common.Integration.UnitTests\bin\x64\Debug\net472\VideoOS.Common.Integration.UnitTests.dll" adapterTypeName="executor://mstestadapter/v2" className="VideoOS.Common.Integration.UnitTests.License.LicenseManagerComponentsProviderTests" name="CreateCreateHardwareLicenseCountEvaluator_HardwareLicensing_Returns_Null" />
    </UnitTest>
    <UnitTest name="LicenseDocument_IsFeatureLicensed_SmartWallFeatureNotExpired" storage="d:\actions-runner\_work\xpco\xpco\corporate\shared\common.integration\tst\videoos.common.integration.unittests\bin\x64\debug\net472\videoos.common.integration.unittests.dll" id="3cd3b1b2-53a2-99e7-f269-5b4aa159b5e4">
      <TestCategory>
        <TestCategoryItem TestCategory="LicenseDocumentTest" />
      </TestCategory>
      <Execution id="de37cdc8-b896-4a74-ad04-74b406aac9ec" />
      <TestMethod codeBase="D:\actions-runner\_work\XPCO\XPCO\Corporate\Shared\Common.Integration\tst\VideoOS.Common.Integration.UnitTests\bin\x64\Debug\net472\VideoOS.Common.Integration.UnitTests.dll" adapterTypeName="executor://mstestadapter/v2" className="VideoOS.Common.Integration.UnitTests.License.LicenseDocumentTests" name="LicenseDocument_IsFeatureLicensed_SmartWallFeatureNotExpired" />
    </UnitTest>
    <UnitTest name="FeatureManager_IsFeatureLicensed_License_Feature_Null" storage="d:\actions-runner\_work\xpco\xpco\corporate\shared\common.integration\tst\videoos.common.integration.unittests\bin\x64\debug\net472\videoos.common.integration.unittests.dll" id="25a11567-6162-f921-9475-fdd513dc689c">
      <Execution id="e94acf55-03f4-479d-8600-6e4830bf9268" />
      <TestMethod codeBase="D:\actions-runner\_work\XPCO\XPCO\Corporate\Shared\Common.Integration\tst\VideoOS.Common.Integration.UnitTests\bin\x64\Debug\net472\VideoOS.Common.Integration.UnitTests.dll" adapterTypeName="executor://mstestadapter/v2" className="VideoOS.Common.Integration.UnitTests.License.FeatureManagerTest" name="FeatureManager_IsFeatureLicensed_License_Feature_Null" />
    </UnitTest>
    <UnitTest name="ModelValidation_ValidModel_Success" storage="d:\actions-runner\_work\xpco\xpco\corporate\shared\common.integration\tst\videoos.common.integration.unittests\bin\x64\debug\net472\videoos.common.integration.unittests.dll" id="99b34987-ba92-81eb-f6eb-769542083b5f">
      <Execution id="60b04c66-b013-4b50-a797-8d85390294a8" />
      <TestMethod codeBase="D:\actions-runner\_work\XPCO\XPCO\Corporate\Shared\Common.Integration\tst\VideoOS.Common.Integration.UnitTests\bin\x64\Debug\net472\VideoOS.Common.Integration.UnitTests.dll" adapterTypeName="executor://mstestadapter/v2" className="VideoOS.Common.Integration.UnitTests.WebAPI.Model.ReportMediaCommittedToDatabaseModelTest" name="ModelValidation_ValidModel_Success" />
    </UnitTest>
    <UnitTest name="GetPresetByKey_ByNumberMoreThanOnePreset" storage="d:\actions-runner\_work\xpco\xpco\corporate\shared\common.integration\tst\videoos.common.integration.unittests\bin\x64\debug\net472\videoos.common.integration.unittests.dll" id="9128f325-2d16-e14f-81df-b2d804d27327">
      <Execution id="54103207-04ab-45c0-bb77-89ee590be88f" />
      <TestMethod codeBase="D:\actions-runner\_work\XPCO\XPCO\Corporate\Shared\Common.Integration\tst\VideoOS.Common.Integration.UnitTests\bin\x64\Debug\net472\VideoOS.Common.Integration.UnitTests.dll" adapterTypeName="executor://mstestadapter/v2" className="VideoOS.Common.Integration.UnitTests.PtzPresetCollectionUnitTests" name="GetPresetByKey_ByNumberMoreThanOnePreset" />
    </UnitTest>
    <UnitTest name="CleanMemoryCache_CacheCleared" storage="d:\actions-runner\_work\xpco\xpco\corporate\shared\common.integration\tst\videoos.common.integration.unittests\bin\x64\debug\net472\videoos.common.integration.unittests.dll" id="57df223f-9162-d8c3-4092-79ad439b7133">
      <Execution id="74df0741-e622-4346-972d-dc800d8e9e39" />
      <TestMethod codeBase="D:\actions-runner\_work\XPCO\XPCO\Corporate\Shared\Common.Integration\tst\VideoOS.Common.Integration.UnitTests\bin\x64\Debug\net472\VideoOS.Common.Integration.UnitTests.dll" adapterTypeName="executor://mstestadapter/v2" className="VideoOS.Common.Integration.UnitTests.Caching.SecurityIdentityCacheUnitTests" name="CleanMemoryCache_CacheCleared" />
    </UnitTest>
    <UnitTest name="Test_Members_SimpleOneLine" storage="d:\actions-runner\_work\xpco\xpco\corporate\shared\common.integration\tst\videoos.common.integration.unittests\bin\x64\debug\net472\videoos.common.integration.unittests.dll" id="6a3edddf-aa4a-2ccc-fff6-e0fdf6b4b399">
      <Execution id="840bd518-7345-4e1d-9019-f9866321730e" />
      <TestMethod codeBase="D:\actions-runner\_work\XPCO\XPCO\Corporate\Shared\Common.Integration\tst\VideoOS.Common.Integration.UnitTests\bin\x64\Debug\net472\VideoOS.Common.Integration.UnitTests.dll" adapterTypeName="executor://mstestadapter/v2" className="VideoOS.Common.Integration.UnitTests.Caching.MembershipCacheUnitTest" name="Test_Members_SimpleOneLine" />
    </UnitTest>
    <UnitTest name="CreateHttpsUri_NoScheme_UsePort88_BecomesHttpsPort88" storage="d:\actions-runner\_work\xpco\xpco\corporate\shared\common.integration\tst\videoos.common.integration.unittests\bin\x64\debug\net472\videoos.common.integration.unittests.dll" id="7f454cf7-0d9f-83ad-864f-5a9e4b26106c">
      <TestCategory>
        <TestCategoryItem TestCategory="UriHandling" />
      </TestCategory>
      <Execution id="80b943e1-136c-4b06-ad28-69bac7f2d8d5" />
      <TestMethod codeBase="D:\actions-runner\_work\XPCO\XPCO\Corporate\Shared\Common.Integration\tst\VideoOS.Common.Integration.UnitTests\bin\x64\Debug\net472\VideoOS.Common.Integration.UnitTests.dll" adapterTypeName="executor://mstestadapter/v2" className="VideoOS.Common.Integration.UnitTests.Communication.UriHandlingUnitTests" name="CreateHttpsUri_NoScheme_UsePort88_BecomesHttpsPort88" />
    </UnitTest>
    <UnitTest name="GetItemsByKey_Null_ThrowArgumentNullException" storage="d:\actions-runner\_work\xpco\xpco\corporate\shared\common.integration\tst\videoos.common.integration.unittests\bin\x64\debug\net472\videoos.common.integration.unittests.dll" id="5dd28213-4971-07c3-06a9-465e776150cb">
      <Execution id="b61c27d1-3d52-41dd-b8f0-348637db260c" />
      <TestMethod codeBase="D:\actions-runner\_work\XPCO\XPCO\Corporate\Shared\Common.Integration\tst\VideoOS.Common.Integration.UnitTests\bin\x64\Debug\net472\VideoOS.Common.Integration.UnitTests.dll" adapterTypeName="executor://mstestadapter/v2" className="VideoOS.Common.Integration.UnitTests.LinkedListIndexUnitTests" name="GetItemsByKey_Null_ThrowArgumentNullException" />
    </UnitTest>
    <UnitTest name="EncryptingAVHSPassSystemSetting" storage="d:\actions-runner\_work\xpco\xpco\corporate\shared\common.integration\tst\videoos.common.integration.unittests\bin\x64\debug\net472\videoos.common.integration.unittests.dll" id="b9791812-d5ec-c712-5aa1-f934543ca749">
      <Execution id="830f5d4b-2f4c-4696-97b8-eb8d85fce7f7" />
      <TestMethod codeBase="D:\actions-runner\_work\XPCO\XPCO\Corporate\Shared\Common.Integration\tst\VideoOS.Common.Integration.UnitTests\bin\x64\Debug\net472\VideoOS.Common.Integration.UnitTests.dll" adapterTypeName="executor://mstestadapter/v2" className="VideoOS.Common.Integration.UnitTests.Configuration.XmlEncryptionHelperTests" name="EncryptingAVHSPassSystemSetting" />
    </UnitTest>
    <UnitTest name="FeatureManager_IsFeatureLicensed_Succeed" storage="d:\actions-runner\_work\xpco\xpco\corporate\shared\common.integration\tst\videoos.common.integration.unittests\bin\x64\debug\net472\videoos.common.integration.unittests.dll" id="d0c69e26-be65-9bf9-b821-acb98b3795b6">
      <Execution id="80527472-2b46-4877-bf31-68ee15495937" />
      <TestMethod codeBase="D:\actions-runner\_work\XPCO\XPCO\Corporate\Shared\Common.Integration\tst\VideoOS.Common.Integration.UnitTests\bin\x64\Debug\net472\VideoOS.Common.Integration.UnitTests.dll" adapterTypeName="executor://mstestadapter/v2" className="VideoOS.Common.Integration.UnitTests.License.FeatureManagerTest" name="FeatureManager_IsFeatureLicensed_Succeed" />
    </UnitTest>
    <UnitTest name="SystemSettingTableAdapter_Encrypt_Handle_No_Settings" storage="d:\actions-runner\_work\xpco\xpco\corporate\shared\common.integration\tst\videoos.common.integration.unittests\bin\x64\debug\net472\videoos.common.integration.unittests.dll" id="618706d2-7899-9b7b-ba2a-094e454958cf">
      <Execution id="66b5240f-f29f-41ce-9903-6465c82aa0aa" />
      <TestMethod codeBase="D:\actions-runner\_work\XPCO\XPCO\Corporate\Shared\Common.Integration\tst\VideoOS.Common.Integration.UnitTests\bin\x64\Debug\net472\VideoOS.Common.Integration.UnitTests.dll" adapterTypeName="executor://mstestadapter/v2" className="VideoOS.Common.Integration.UnitTests.Configuration.SystemSettingTableAdapterUnitTests" name="SystemSettingTableAdapter_Encrypt_Handle_No_Settings" />
    </UnitTest>
    <UnitTest name="Validate_PartialMatch_Found_MiddleOfWord_LowerCase_Success" storage="d:\actions-runner\_work\xpco\xpco\corporate\shared\common.integration\tst\videoos.common.integration.unittests\bin\x64\debug\net472\videoos.common.integration.unittests.dll" id="e7e078de-2425-c7b4-c3e2-f67e5862d887">
      <Execution id="abb3a408-5330-463f-aa99-6f7937e40aed" />
      <TestMethod codeBase="D:\actions-runner\_work\XPCO\XPCO\Corporate\Shared\Common.Integration\tst\VideoOS.Common.Integration.UnitTests\bin\x64\Debug\net472\VideoOS.Common.Integration.UnitTests.dll" adapterTypeName="executor://mstestadapter/v2" className="VideoOS.Common.Integration.UnitTests.License.WhitelistMatchHelperTests" name="Validate_PartialMatch_Found_MiddleOfWord_LowerCase_Success" />
    </UnitTest>
    <UnitTest name="Encrypt_DataSetHasModifiedRow_DataSetIsEncrypted" storage="d:\actions-runner\_work\xpco\xpco\corporate\shared\common.integration\tst\videoos.common.integration.unittests\bin\x64\debug\net472\videoos.common.integration.unittests.dll" id="d7e36271-2848-2d0b-2171-f4332152f766">
      <Execution id="39a9ec10-161a-4a90-916d-1d9ac2dcae8c" />
      <TestMethod codeBase="D:\actions-runner\_work\XPCO\XPCO\Corporate\Shared\Common.Integration\tst\VideoOS.Common.Integration.UnitTests\bin\x64\Debug\net472\VideoOS.Common.Integration.UnitTests.dll" adapterTypeName="executor://mstestadapter/v2" className="VideoOS.Common.Integration.UnitTests.Configuration.RecordingStorageTableAdapterTests" name="Encrypt_DataSetHasModifiedRow_DataSetIsEncrypted" />
    </UnitTest>
    <UnitTest name="ModelValidation_RequiredPropertiesAreNull_Failed" storage="d:\actions-runner\_work\xpco\xpco\corporate\shared\common.integration\tst\videoos.common.integration.unittests\bin\x64\debug\net472\videoos.common.integration.unittests.dll" id="f20f172f-0ff8-a9be-f910-26b0f4098c1d">
      <Execution id="8abc690e-319e-48ab-825a-33d58a9fdde8" />
      <TestMethod codeBase="D:\actions-runner\_work\XPCO\XPCO\Corporate\Shared\Common.Integration\tst\VideoOS.Common.Integration.UnitTests\bin\x64\Debug\net472\VideoOS.Common.Integration.UnitTests.dll" adapterTypeName="executor://mstestadapter/v2" className="VideoOS.Common.Integration.UnitTests.WebAPI.Model.PtzReserveSessionModelTest" name="ModelValidation_RequiredPropertiesAreNull_Failed" />
    </UnitTest>
    <UnitTest name="ExceptionResponseModel_Validate_Success" storage="d:\actions-runner\_work\xpco\xpco\corporate\shared\common.integration\tst\videoos.common.integration.unittests\bin\x64\debug\net472\videoos.common.integration.unittests.dll" id="b9904c9a-5040-ba62-e9bc-f8b6ed5155cc">
      <Execution id="50fbbf98-a59c-4e0e-a9bc-96f68755bdd7" />
      <TestMethod codeBase="D:\actions-runner\_work\XPCO\XPCO\Corporate\Shared\Common.Integration\tst\VideoOS.Common.Integration.UnitTests\bin\x64\Debug\net472\VideoOS.Common.Integration.UnitTests.dll" adapterTypeName="executor://mstestadapter/v2" className="VideoOS.Common.Integration.UnitTests.WebAPI.Model.Server.Responses.ExceptionResponseModelTest" name="ExceptionResponseModel_Validate_Success" />
    </UnitTest>
    <UnitTest name="WhiteList_IsDriverWhiteListed_HWWith17CH_GlobalMaxChannelCountIs16_ReturnsFalse" storage="d:\actions-runner\_work\xpco\xpco\corporate\shared\common.integration\tst\videoos.common.integration.unittests\bin\x64\debug\net472\videoos.common.integration.unittests.dll" id="c2285dae-1cec-1615-44a4-c7a7de367a0d">
      <TestCategory>
        <TestCategoryItem TestCategory="Licensing" />
      </TestCategory>
      <Execution id="13800a9a-40d0-4469-837b-13636fcb4f88" />
      <TestMethod codeBase="D:\actions-runner\_work\XPCO\XPCO\Corporate\Shared\Common.Integration\tst\VideoOS.Common.Integration.UnitTests\bin\x64\Debug\net472\VideoOS.Common.Integration.UnitTests.dll" adapterTypeName="executor://mstestadapter/v2" className="VideoOS.Common.Integration.UnitTests.License.LicenseWhitelistTests" name="WhiteList_IsDriverWhiteListed_HWWith17CH_GlobalMaxChannelCountIs16_ReturnsFalse" />
    </UnitTest>
    <UnitTest name="LicenseActivationService_AcquireLicense_LicenseNotAllowed_TooManyInterconnectedCameras" storage="d:\actions-runner\_work\xpco\xpco\corporate\shared\common.integration\tst\videoos.common.integration.unittests\bin\x64\debug\net472\videoos.common.integration.unittests.dll" id="0db6cea0-7252-b647-3ba1-5f00dccc86b6">
      <Execution id="72ae42f1-2fc0-4e22-a9b8-5f5f74c3128f" />
      <TestMethod codeBase="D:\actions-runner\_work\XPCO\XPCO\Corporate\Shared\Common.Integration\tst\VideoOS.Common.Integration.UnitTests\bin\x64\Debug\net472\VideoOS.Common.Integration.UnitTests.dll" adapterTypeName="executor://mstestadapter/v2" className="VideoOS.Common.Integration.UnitTests.License.LicenseActivationServiceTests" name="LicenseActivationService_AcquireLicense_LicenseNotAllowed_TooManyInterconnectedCameras" />
    </UnitTest>
    <UnitTest name="LicenseActivationService_AcquireLicense_AccessDenied_SlcRegisteredOnOtherLogOn" storage="d:\actions-runner\_work\xpco\xpco\corporate\shared\common.integration\tst\videoos.common.integration.unittests\bin\x64\debug\net472\videoos.common.integration.unittests.dll" id="1a9ca88d-e0a2-a9c1-4371-f245b655b125">
      <Execution id="9e33a4a5-f3a3-44d4-ab02-8f54c48abd67" />
      <TestMethod codeBase="D:\actions-runner\_work\XPCO\XPCO\Corporate\Shared\Common.Integration\tst\VideoOS.Common.Integration.UnitTests\bin\x64\Debug\net472\VideoOS.Common.Integration.UnitTests.dll" adapterTypeName="executor://mstestadapter/v2" className="VideoOS.Common.Integration.UnitTests.License.LicenseActivationServiceTests" name="LicenseActivationService_AcquireLicense_AccessDenied_SlcRegisteredOnOtherLogOn" />
    </UnitTest>
    <UnitTest name="UniqueIndex_AddEntry_Null_ThrowArgumentNullException" storage="d:\actions-runner\_work\xpco\xpco\corporate\shared\common.integration\tst\videoos.common.integration.unittests\bin\x64\debug\net472\videoos.common.integration.unittests.dll" id="ee7c26d9-1661-cc07-771d-cd8bc4d30bae">
      <Execution id="604d2fc8-8f16-4c6e-b5d5-043d87971148" />
      <TestMethod codeBase="D:\actions-runner\_work\XPCO\XPCO\Corporate\Shared\Common.Integration\tst\VideoOS.Common.Integration.UnitTests\bin\x64\Debug\net472\VideoOS.Common.Integration.UnitTests.dll" adapterTypeName="executor://mstestadapter/v2" className="VideoOS.Common.Integration.UnitTests.IndexedCollectionUnitTests" name="UniqueIndex_AddEntry_Null_ThrowArgumentNullException" />
    </UnitTest>
    <UnitTest name="Transform_XmlWithPassword_PasswordChanged" storage="d:\actions-runner\_work\xpco\xpco\corporate\shared\common.integration\tst\videoos.common.integration.unittests\bin\x64\debug\net472\videoos.common.integration.unittests.dll" id="34485d63-da71-1b61-32bf-f506cca6b3cc">
      <Execution id="1fe46145-e9ae-4a5f-829e-af11f3ed6ecc" />
      <TestMethod codeBase="D:\actions-runner\_work\XPCO\XPCO\Corporate\Shared\Common.Integration\tst\VideoOS.Common.Integration.UnitTests\bin\x64\Debug\net472\VideoOS.Common.Integration.UnitTests.dll" adapterTypeName="executor://mstestadapter/v2" className="VideoOS.Common.Integration.UnitTests.Configuration.ConfigurationDataSetEncryption.ActivateLicenseEncryptionTests" name="Transform_XmlWithPassword_PasswordChanged" />
    </UnitTest>
    <UnitTest name="ReadAttributeAsBoolean_NoChild" storage="d:\actions-runner\_work\xpco\xpco\corporate\shared\common.integration\tst\videoos.common.integration.unittests\bin\x64\debug\net472\videoos.common.integration.unittests.dll" id="8c10d258-276b-4ab2-ad41-0fa0852d2979">
      <Execution id="7fc50f8c-e761-4c1e-b2b0-79b6c2086528" />
      <TestMethod codeBase="D:\actions-runner\_work\XPCO\XPCO\Corporate\Shared\Common.Integration\tst\VideoOS.Common.Integration.UnitTests\bin\x64\Debug\net472\VideoOS.Common.Integration.UnitTests.dll" adapterTypeName="executor://mstestadapter/v2" className="VideoOS.Common.Integration.UnitTests.XmlDocumentExtensionsCoreUnitTests" name="ReadAttributeAsBoolean_NoChild" />
    </UnitTest>
    <UnitTest name="LocalCommandProcessorResponseCollector_GetNextResponse_SuccessResponse" storage="d:\actions-runner\_work\xpco\xpco\corporate\shared\common.integration\tst\videoos.common.integration.unittests\bin\x64\debug\net472\videoos.common.integration.unittests.dll" id="f6716c04-2f0b-c495-1ad6-1fd1bedb71cd">
      <Execution id="08357562-891d-47b8-b458-88c568aa03a0" />
      <TestMethod codeBase="D:\actions-runner\_work\XPCO\XPCO\Corporate\Shared\Common.Integration\tst\VideoOS.Common.Integration.UnitTests\bin\x64\Debug\net472\VideoOS.Common.Integration.UnitTests.dll" adapterTypeName="executor://mstestadapter/v2" className="VideoOS.Common.Integration.UnitTests.Command.CommandProcessor.LocalCommandProcessorResponseCollectorUnitTests" name="LocalCommandProcessorResponseCollector_GetNextResponse_SuccessResponse" />
    </UnitTest>
    <UnitTest name="BulkProcessor_EnqueueOneItemMultipleTimes_ItemsAreProcessedOneByOne" storage="d:\actions-runner\_work\xpco\xpco\corporate\shared\common.integration\tst\videoos.common.integration.unittests\bin\x64\debug\net472\videoos.common.integration.unittests.dll" id="d58b10c0-7bb1-d2e3-962a-3f9a53f47417">
      <Execution id="46a0c7af-351e-4a88-8d49-876c045c5db9" />
      <TestMethod codeBase="D:\actions-runner\_work\XPCO\XPCO\Corporate\Shared\Common.Integration\tst\VideoOS.Common.Integration.UnitTests\bin\x64\Debug\net472\VideoOS.Common.Integration.UnitTests.dll" adapterTypeName="executor://mstestadapter/v2" className="VideoOS.Common.Integration.UnitTests.MessageProcessing.BulkProcessorUnitTest" name="BulkProcessor_EnqueueOneItemMultipleTimes_ItemsAreProcessedOneByOne" />
    </UnitTest>
    <UnitTest name="ReadChildElementValueAsInt32_RangeCheck_Min" storage="d:\actions-runner\_work\xpco\xpco\corporate\shared\common.integration\tst\videoos.common.integration.unittests\bin\x64\debug\net472\videoos.common.integration.unittests.dll" id="339ac893-1f1c-c496-9014-eefd06d24734">
      <Execution id="8922f011-247b-4328-8d28-5f4b0f9e9335" />
      <TestMethod codeBase="D:\actions-runner\_work\XPCO\XPCO\Corporate\Shared\Common.Integration\tst\VideoOS.Common.Integration.UnitTests\bin\x64\Debug\net472\VideoOS.Common.Integration.UnitTests.dll" adapterTypeName="executor://mstestadapter/v2" className="VideoOS.Common.Integration.UnitTests.XmlDocumentExtensionsCoreUnitTests" name="ReadChildElementValueAsInt32_RangeCheck_Min" />
    </UnitTest>
    <UnitTest name="SynchronizeDevicePresetsResponseModel_Validate_Success" storage="d:\actions-runner\_work\xpco\xpco\corporate\shared\common.integration\tst\videoos.common.integration.unittests\bin\x64\debug\net472\videoos.common.integration.unittests.dll" id="c6f1ddfe-dc6c-90ef-5793-d6b03235aede">
      <Execution id="081abeaf-aac6-4825-a6fe-4bf92f02933f" />
      <TestMethod codeBase="D:\actions-runner\_work\XPCO\XPCO\Corporate\Shared\Common.Integration\tst\VideoOS.Common.Integration.UnitTests\bin\x64\Debug\net472\VideoOS.Common.Integration.UnitTests.dll" adapterTypeName="executor://mstestadapter/v2" className="VideoOS.Common.Integration.UnitTests.WebApi.Model.SynchronizeDevicePresetsResponseModelTest" name="SynchronizeDevicePresetsResponseModel_Validate_Success" />
    </UnitTest>
    <UnitTest name="EventMetadataTimestampParsesMicrosecondsWithTrailingZeroesCorrectly" storage="d:\actions-runner\_work\xpco\xpco\corporate\shared\common.integration\tst\videoos.common.integration.unittests\bin\x64\debug\net472\videoos.common.integration.unittests.dll" id="d1e1ab0c-7d74-af92-5fe8-9c7bce95e3bd">
      <Execution id="8298025e-a60a-4704-b47a-80ff986b373e" />
      <TestMethod codeBase="D:\actions-runner\_work\XPCO\XPCO\Corporate\Shared\Common.Integration\tst\VideoOS.Common.Integration.UnitTests\bin\x64\Debug\net472\VideoOS.Common.Integration.UnitTests.dll" adapterTypeName="executor://mstestadapter/v2" className="VideoOS.Common.Integration.UnitTests.Rules.RuleEventsTests" name="EventMetadataTimestampParsesMicrosecondsWithTrailingZeroesCorrectly" />
    </UnitTest>
    <UnitTest name="CustomLicenseType_FeatureFlagPresent" storage="d:\actions-runner\_work\xpco\xpco\corporate\shared\common.integration\tst\videoos.common.integration.unittests\bin\x64\debug\net472\videoos.common.integration.unittests.dll" id="27d5ab36-e134-151f-9531-716552d085c2">
      <TestCategory>
        <TestCategoryItem TestCategory="CustomLicenseTypeTest" />
      </TestCategory>
      <Execution id="70fbd532-57cc-4bf7-83f4-3b114bea0197" />
      <TestMethod codeBase="D:\actions-runner\_work\XPCO\XPCO\Corporate\Shared\Common.Integration\tst\VideoOS.Common.Integration.UnitTests\bin\x64\Debug\net472\VideoOS.Common.Integration.UnitTests.dll" adapterTypeName="executor://mstestadapter/v2" className="VideoOS.Common.Integration.UnitTests.License.CustomLicenseTypeTests" name="CustomLicenseType_FeatureFlagPresent" />
    </UnitTest>
    <UnitTest name="ServiceContainer_GetInstance_CreationTakesParamatersNotFound_UsesDefaultConstructor_Success" storage="d:\actions-runner\_work\xpco\xpco\corporate\shared\common.integration\tst\videoos.common.integration.unittests\bin\x64\debug\net472\videoos.common.integration.unittests.dll" id="766aedf0-1025-25df-52bf-1821751fde22">
      <TestCategory>
        <TestCategoryItem TestCategory="ServiceContainer" />
      </TestCategory>
      <Execution id="de39e019-5268-4da7-80d1-7e5548720e8f" />
      <TestMethod codeBase="D:\actions-runner\_work\XPCO\XPCO\Corporate\Shared\Common.Integration\tst\VideoOS.Common.Integration.UnitTests\bin\x64\Debug\net472\VideoOS.Common.Integration.UnitTests.dll" adapterTypeName="executor://mstestadapter/v2" className="VideoOS.Common.Integration.ServiceContainerTests.ServiceContainerUnitTests" name="ServiceContainer_GetInstance_CreationTakesParamatersNotFound_UsesDefaultConstructor_Success" />
    </UnitTest>
    <UnitTest name="UniqueIndex_AddEntry_MultipleEntries_ThrowArgumentException" storage="d:\actions-runner\_work\xpco\xpco\corporate\shared\common.integration\tst\videoos.common.integration.unittests\bin\x64\debug\net472\videoos.common.integration.unittests.dll" id="2bf88c35-dc49-70be-9ca9-7a60417aeb9a">
      <Execution id="5be1a39c-6846-4947-9a1b-37d8378a9e7d" />
      <TestMethod codeBase="D:\actions-runner\_work\XPCO\XPCO\Corporate\Shared\Common.Integration\tst\VideoOS.Common.Integration.UnitTests\bin\x64\Debug\net472\VideoOS.Common.Integration.UnitTests.dll" adapterTypeName="executor://mstestadapter/v2" className="VideoOS.Common.Integration.UnitTests.IndexedCollectionUnitTests" name="UniqueIndex_AddEntry_MultipleEntries_ThrowArgumentException" />
    </UnitTest>
    <UnitTest name="Mac_Address_Empty_Test_False_2" storage="d:\actions-runner\_work\xpco\xpco\corporate\shared\common.integration\tst\videoos.common.integration.unittests\bin\x64\debug\net472\videoos.common.integration.unittests.dll" id="6c8785a7-7376-2b99-0097-2f6cf90fc665">
      <Execution id="5526d9e0-87ee-4425-8039-5dd1239887d8" />
      <TestMethod codeBase="D:\actions-runner\_work\XPCO\XPCO\Corporate\Shared\Common.Integration\tst\VideoOS.Common.Integration.UnitTests\bin\x64\Debug\net472\VideoOS.Common.Integration.UnitTests.dll" adapterTypeName="executor://mstestadapter/v2" className="VideoOS.Common.Integration.UnitTests.License.MacAddressUtilitiesTest" name="Mac_Address_Empty_Test_False_2" />
    </UnitTest>
    <UnitTest name="Credentials_ModificationTest" storage="d:\actions-runner\_work\xpco\xpco\corporate\shared\common.integration\tst\videoos.common.integration.unittests\bin\x64\debug\net472\videoos.common.integration.unittests.dll" id="aac0a9f7-1c73-9590-cded-21acfdc20fe7">
      <Execution id="f8934370-0c6e-482c-bc17-769d6d9846fc" />
      <TestMethod codeBase="D:\actions-runner\_work\XPCO\XPCO\Corporate\Shared\Common.Integration\tst\VideoOS.Common.Integration.UnitTests\bin\x64\Debug\net472\VideoOS.Common.Integration.UnitTests.dll" adapterTypeName="executor://mstestadapter/v2" className="VideoOS.Common.Integration.UnitTests.CredentialsTest" name="Credentials_ModificationTest" />
    </UnitTest>
    <UnitTest name="Encrypt_DataSetHasEmptyPassword_PasswordIsStillEmpty" storage="d:\actions-runner\_work\xpco\xpco\corporate\shared\common.integration\tst\videoos.common.integration.unittests\bin\x64\debug\net472\videoos.common.integration.unittests.dll" id="6d5f0050-80f0-8e39-bb73-cffbc8ebef05">
      <Execution id="e5a950db-dd5e-4e9a-ae8e-037ffb4d94cf" />
      <TestMethod codeBase="D:\actions-runner\_work\XPCO\XPCO\Corporate\Shared\Common.Integration\tst\VideoOS.Common.Integration.UnitTests\bin\x64\Debug\net472\VideoOS.Common.Integration.UnitTests.dll" adapterTypeName="executor://mstestadapter/v2" className="VideoOS.Common.Integration.UnitTests.Configuration.RecordingStorageTableAdapterTests" name="Encrypt_DataSetHasEmptyPassword_PasswordIsStillEmpty" />
    </UnitTest>
    <UnitTest name="SendAsync_AuthenticationException_InvalidCertificateCalled" storage="d:\actions-runner\_work\xpco\xpco\corporate\shared\common.integration\tst\videoos.common.integration.unittests\bin\x64\debug\net472\videoos.common.integration.unittests.dll" id="06f8d942-a1f3-7e45-bd97-4700a2629094">
      <Execution id="5d1c028c-95b4-4034-b073-0817b0d86e7e" />
      <TestMethod codeBase="D:\actions-runner\_work\XPCO\XPCO\Corporate\Shared\Common.Integration\tst\VideoOS.Common.Integration.UnitTests\bin\x64\Debug\net472\VideoOS.Common.Integration.UnitTests.dll" adapterTypeName="executor://mstestadapter/v2" className="VideoOS.Common.Integration.WebApi.HttpClientCommunicatorUnitTests" name="SendAsync_AuthenticationException_InvalidCertificateCalled" />
    </UnitTest>
    <UnitTest name="Validate_JsonCreatedFromLicenseResponse_Success" storage="d:\actions-runner\_work\xpco\xpco\corporate\shared\common.integration\tst\videoos.common.integration.unittests\bin\x64\debug\net472\videoos.common.integration.unittests.dll" id="1be58e80-7bfa-841e-ebc8-362904c130f2">
      <Execution id="a428e777-2bc4-47c5-be73-a5e452ad0a9d" />
      <TestMethod codeBase="D:\actions-runner\_work\XPCO\XPCO\Corporate\Shared\Common.Integration\tst\VideoOS.Common.Integration.UnitTests\bin\x64\Debug\net472\VideoOS.Common.Integration.UnitTests.dll" adapterTypeName="executor://mstestadapter/v2" className="VideoOS.Common.Integration.UnitTests.License.LicenseContainerTests" name="Validate_JsonCreatedFromLicenseResponse_Success" />
    </UnitTest>
    <UnitTest name="ServerFileStorage_Seek_Success" storage="d:\actions-runner\_work\xpco\xpco\corporate\shared\common.integration\tst\videoos.common.integration.unittests\bin\x64\debug\net472\videoos.common.integration.unittests.dll" id="7a657f40-0db4-0ccc-f9af-e1b87e34f478">
      <Execution id="623fea9a-55e1-408e-a67d-edf66d8ee08c" />
      <TestMethod codeBase="D:\actions-runner\_work\XPCO\XPCO\Corporate\Shared\Common.Integration\tst\VideoOS.Common.Integration.UnitTests\bin\x64\Debug\net472\VideoOS.Common.Integration.UnitTests.dll" adapterTypeName="executor://mstestadapter/v2" className="VideoOS.Common.Integration.UnitTests.ServerFileStorageTests" name="ServerFileStorage_Seek_Success" />
    </UnitTest>
    <UnitTest name="Collection_Add_Lookup_Remove_Success" storage="d:\actions-runner\_work\xpco\xpco\corporate\shared\common.integration\tst\videoos.common.integration.unittests\bin\x64\debug\net472\videoos.common.integration.unittests.dll" id="9cc90772-c03b-d2fd-fcc6-432c0e1d3d02">
      <Execution id="27c78a7e-af0f-4967-a3dd-791104092c2c" />
      <TestMethod codeBase="D:\actions-runner\_work\XPCO\XPCO\Corporate\Shared\Common.Integration\tst\VideoOS.Common.Integration.UnitTests\bin\x64\Debug\net472\VideoOS.Common.Integration.UnitTests.dll" adapterTypeName="executor://mstestadapter/v2" className="VideoOS.Common.Integration.UnitTests.IndexedCollectionUnitTests" name="Collection_Add_Lookup_Remove_Success" />
    </UnitTest>
    <UnitTest name="Encrypt_DataSetHasModifiedRow_DataSetIsEncrypted" storage="d:\actions-runner\_work\xpco\xpco\corporate\shared\common.integration\tst\videoos.common.integration.unittests\bin\x64\debug\net472\videoos.common.integration.unittests.dll" id="b23beb03-ffbd-4d3d-0f7c-437da4598c39">
      <Execution id="6d12a85d-6940-4006-8345-62db6754c489" />
      <TestMethod codeBase="D:\actions-runner\_work\XPCO\XPCO\Corporate\Shared\Common.Integration\tst\VideoOS.Common.Integration.UnitTests\bin\x64\Debug\net472\VideoOS.Common.Integration.UnitTests.dll" adapterTypeName="executor://mstestadapter/v2" className="VideoOS.Common.Integration.UnitTests.Configuration.HostingServerTableAdapterTests" name="Encrypt_DataSetHasModifiedRow_DataSetIsEncrypted" />
    </UnitTest>
    <UnitTest name="ConvertStringToPort_InvalidPortString_ThrowsFormatException" storage="d:\actions-runner\_work\xpco\xpco\corporate\shared\common.integration\tst\videoos.common.integration.unittests\bin\x64\debug\net472\videoos.common.integration.unittests.dll" id="e64c8100-0f88-0067-2e28-6e0a325b5b0a">
      <TestCategory>
        <TestCategoryItem TestCategory="UriHandling" />
      </TestCategory>
      <Execution id="25feb70b-61c5-4706-b754-66190b86a157" />
      <TestMethod codeBase="D:\actions-runner\_work\XPCO\XPCO\Corporate\Shared\Common.Integration\tst\VideoOS.Common.Integration.UnitTests\bin\x64\Debug\net472\VideoOS.Common.Integration.UnitTests.dll" adapterTypeName="executor://mstestadapter/v2" className="VideoOS.Common.Integration.UnitTests.Communication.UriHandlingUnitTests" name="ConvertStringToPort_InvalidPortString_ThrowsFormatException" />
    </UnitTest>
    <UnitTest name="UpdateRecorderStatus_InvalidStatusModel_Failed" storage="d:\actions-runner\_work\xpco\xpco\corporate\shared\common.integration\tst\videoos.common.integration.unittests\bin\x64\debug\net472\videoos.common.integration.unittests.dll" id="8fcca9cc-7d19-5615-8f57-00f8781b2e9a">
      <Execution id="1c8e3a5e-a09d-42b0-a424-0e3ab10fe7c0" />
      <TestMethod codeBase="D:\actions-runner\_work\XPCO\XPCO\Corporate\Shared\Common.Integration\tst\VideoOS.Common.Integration.UnitTests\bin\x64\Debug\net472\VideoOS.Common.Integration.UnitTests.dll" adapterTypeName="executor://mstestadapter/v2" className="VideoOS.Common.Integration.UnitTests.WebAPI.Model.Server.RecorderStatusModelTests" name="UpdateRecorderStatus_InvalidStatusModel_Failed" />
    </UnitTest>
    <UnitTest name="CreateInstance_ValidName_ValidSearchMethod_Exact_Success" storage="d:\actions-runner\_work\xpco\xpco\corporate\shared\common.integration\tst\videoos.common.integration.unittests\bin\x64\debug\net472\videoos.common.integration.unittests.dll" id="750014a1-0857-0d0b-44f3-fcfa369b7c2e">
      <Execution id="76673f97-773b-43b9-8236-8922a4603086" />
      <TestMethod codeBase="D:\actions-runner\_work\XPCO\XPCO\Corporate\Shared\Common.Integration\tst\VideoOS.Common.Integration.UnitTests\bin\x64\Debug\net472\VideoOS.Common.Integration.UnitTests.dll" adapterTypeName="executor://mstestadapter/v2" className="VideoOS.Common.Integration.UnitTests.License.WhitelistMatchHelperTests" name="CreateInstance_ValidName_ValidSearchMethod_Exact_Success" />
    </UnitTest>
    <UnitTest name="CheckAllMIPFiltersNullParameter1" storage="d:\actions-runner\_work\xpco\xpco\corporate\shared\common.integration\tst\videoos.common.integration.unittests\bin\x64\debug\net472\videoos.common.integration.unittests.dll" id="e26f4201-f75a-1586-7de9-98e66dbcbc84">
      <TestCategory>
        <TestCategoryItem TestCategory="Rules.MIPFilter" />
      </TestCategory>
      <Execution id="9e49a1e9-1a96-4ac3-a02f-3b409e224491" />
      <TestMethod codeBase="D:\actions-runner\_work\XPCO\XPCO\Corporate\Shared\Common.Integration\tst\VideoOS.Common.Integration.UnitTests\bin\x64\Debug\net472\VideoOS.Common.Integration.UnitTests.dll" adapterTypeName="executor://mstestadapter/v2" className="VideoOS.Common.Integration.UnitTests.Rules.MIPFilterTest" name="CheckAllMIPFiltersNullParameter1" />
    </UnitTest>
    <UnitTest name="CreateHardwareLicenseCountEvaluatorChannel_CallUpdateLicenseInfo_DriverIsInWhiteList_ReturnsTrueAndChannelLicenseCountIsOne" storage="d:\actions-runner\_work\xpco\xpco\corporate\shared\common.integration\tst\videoos.common.integration.unittests\bin\x64\debug\net472\videoos.common.integration.unittests.dll" id="e47bed73-f08e-d72d-b4a2-7822c9928a05">
      <TestCategory>
        <TestCategoryItem TestCategory="Licensing" />
      </TestCategory>
      <Execution id="dc1c857a-b229-449b-8739-667258f62677" />
      <TestMethod codeBase="D:\actions-runner\_work\XPCO\XPCO\Corporate\Shared\Common.Integration\tst\VideoOS.Common.Integration.UnitTests\bin\x64\Debug\net472\VideoOS.Common.Integration.UnitTests.dll" adapterTypeName="executor://mstestadapter/v2" className="VideoOS.Common.Integration.UnitTests.License.HardwareLicenseCountEvaluatorTests" name="CreateHardwareLicenseCountEvaluatorChannel_CallUpdateLicenseInfo_DriverIsInWhiteList_ReturnsTrueAndChannelLicenseCountIsOne" />
    </UnitTest>
    <UnitTest name="FileUploadSynchronizer_Upload_After_Dispose_Exception" storage="d:\actions-runner\_work\xpco\xpco\corporate\shared\common.integration\tst\videoos.common.integration.unittests\bin\x64\debug\net472\videoos.common.integration.unittests.dll" id="182ba1dd-289f-5383-2549-e8808bb99a81">
      <Execution id="8f54838a-b690-4bf7-b703-7ae54af87cdd" />
      <TestMethod codeBase="D:\actions-runner\_work\XPCO\XPCO\Corporate\Shared\Common.Integration\tst\VideoOS.Common.Integration.UnitTests\bin\x64\Debug\net472\VideoOS.Common.Integration.UnitTests.dll" adapterTypeName="executor://mstestadapter/v2" className="VideoOS.Common.Integration.UnitTests.FileUploadSynchronizerTests" name="FileUploadSynchronizer_Upload_After_Dispose_Exception" />
    </UnitTest>
    <UnitTest name="UpdateHardwareDriverModel_RequiredPropertiesAreNull_Failed" storage="d:\actions-runner\_work\xpco\xpco\corporate\shared\common.integration\tst\videoos.common.integration.unittests\bin\x64\debug\net472\videoos.common.integration.unittests.dll" id="ee381c40-a08a-d490-b422-cd6ae96dc304">
      <Execution id="9e889720-0cfe-4af4-a8fa-627d3e3258fe" />
      <TestMethod codeBase="D:\actions-runner\_work\XPCO\XPCO\Corporate\Shared\Common.Integration\tst\VideoOS.Common.Integration.UnitTests\bin\x64\Debug\net472\VideoOS.Common.Integration.UnitTests.dll" adapterTypeName="executor://mstestadapter/v2" className="VideoOS.Common.Integration.UnitTests.WebAPI.Model.UpdateHardwareDriverModelTest" name="UpdateHardwareDriverModel_RequiredPropertiesAreNull_Failed" />
    </UnitTest>
    <UnitTest name="BindToType_BindToAllowedTypesWithBinder_TypeReturned" storage="d:\actions-runner\_work\xpco\xpco\corporate\shared\common.integration\tst\videoos.common.integration.unittests\bin\x64\debug\net472\videoos.common.integration.unittests.dll" id="45542875-edb0-b681-0266-836ee63c8265">
      <Execution id="8dd64a8d-600f-4c6a-a31f-e9161232cbe0" />
      <TestMethod codeBase="D:\actions-runner\_work\XPCO\XPCO\Corporate\Shared\Common.Integration\tst\VideoOS.Common.Integration.UnitTests\bin\x64\Debug\net472\VideoOS.Common.Integration.UnitTests.dll" adapterTypeName="executor://mstestadapter/v2" className="VideoOS.Common.Integration.UnitTests.TypeFilteringSerializationBinderUtilityTest" name="BindToType_BindToAllowedTypesWithBinder_TypeReturned" />
    </UnitTest>
    <UnitTest name="ReadChildElementValueAsUInt64_InvalidData" storage="d:\actions-runner\_work\xpco\xpco\corporate\shared\common.integration\tst\videoos.common.integration.unittests\bin\x64\debug\net472\videoos.common.integration.unittests.dll" id="4aa14437-3803-5869-0e81-906d763b395c">
      <Execution id="60c18aff-68c0-431e-8290-a8c3db0607af" />
      <TestMethod codeBase="D:\actions-runner\_work\XPCO\XPCO\Corporate\Shared\Common.Integration\tst\VideoOS.Common.Integration.UnitTests\bin\x64\Debug\net472\VideoOS.Common.Integration.UnitTests.dll" adapterTypeName="executor://mstestadapter/v2" className="VideoOS.Common.Integration.UnitTests.XmlDocumentExtensionsCoreUnitTests" name="ReadChildElementValueAsUInt64_InvalidData" />
    </UnitTest>
    <UnitTest name="GetPresetByKey_ByIdOnlyOnePreset" storage="d:\actions-runner\_work\xpco\xpco\corporate\shared\common.integration\tst\videoos.common.integration.unittests\bin\x64\debug\net472\videoos.common.integration.unittests.dll" id="a86291b0-4171-9275-c577-e6c0904099ee">
      <Execution id="27b06c90-88fc-4ef2-8a54-0d278ffbce37" />
      <TestMethod codeBase="D:\actions-runner\_work\XPCO\XPCO\Corporate\Shared\Common.Integration\tst\VideoOS.Common.Integration.UnitTests\bin\x64\Debug\net472\VideoOS.Common.Integration.UnitTests.dll" adapterTypeName="executor://mstestadapter/v2" className="VideoOS.Common.Integration.UnitTests.PtzPresetCollectionUnitTests" name="GetPresetByKey_ByIdOnlyOnePreset" />
    </UnitTest>
    <UnitTest name="ImmerVisionLensesDynamicLoad_LensLoadTest" storage="d:\actions-runner\_work\xpco\xpco\corporate\shared\common.integration\tst\videoos.common.integration.unittests\bin\x64\debug\net472\videoos.common.integration.unittests.dll" id="da9394cb-7286-3d66-4b0f-0a5b2d3d9841">
      <TestCategory>
        <TestCategoryItem TestCategory="ImmerVisionLensesTest" />
      </TestCategory>
      <Execution id="6d620861-ffc1-4833-9a84-5a63391e447a" />
      <TestMethod codeBase="D:\actions-runner\_work\XPCO\XPCO\Corporate\Shared\Common.Integration\tst\VideoOS.Common.Integration.UnitTests\bin\x64\Debug\net472\VideoOS.Common.Integration.UnitTests.dll" adapterTypeName="executor://mstestadapter/v2" className="VideoOS.Common.Integration.UnitTests.Lenses.ImmerVisionLensesTests" name="ImmerVisionLensesDynamicLoad_LensLoadTest" />
    </UnitTest>
    <UnitTest name="AddRange_Works_OnCollection" storage="d:\actions-runner\_work\xpco\xpco\corporate\shared\common.integration\tst\videoos.common.integration.unittests\bin\x64\debug\net472\videoos.common.integration.unittests.dll" id="e9a64a75-fd75-d60a-07ff-15219025037f">
      <TestCategory>
        <TestCategoryItem TestCategory="Extensions" />
      </TestCategory>
      <Execution id="502c0c54-dccb-4056-b2da-169353d493e8" />
      <TestMethod codeBase="D:\actions-runner\_work\XPCO\XPCO\Corporate\Shared\Common.Integration\tst\VideoOS.Common.Integration.UnitTests\bin\x64\Debug\net472\VideoOS.Common.Integration.UnitTests.dll" adapterTypeName="executor://mstestadapter/v2" className="VideoOS.Common.Integration.UnitTests.Extensions.ExtensionMethodsTests" name="AddRange_Works_OnCollection" />
    </UnitTest>
    <UnitTest name="TokenHandler_CreateTokenHandler_Failed" storage="d:\actions-runner\_work\xpco\xpco\corporate\shared\common.integration\tst\videoos.common.integration.unittests\bin\x64\debug\net472\videoos.common.integration.unittests.dll" id="92b7eb91-6797-4ea3-4c11-ac30d885a68f">
      <Execution id="8e29119a-6393-4dcd-ada2-1dcfb14f626f" />
      <TestMethod codeBase="D:\actions-runner\_work\XPCO\XPCO\Corporate\Shared\Common.Integration\tst\VideoOS.Common.Integration.UnitTests\bin\x64\Debug\net472\VideoOS.Common.Integration.UnitTests.dll" adapterTypeName="executor://mstestadapter/v2" className="VideoOS.Common.Integration.UnitTests.Security.TokenHandler_UnitTests" name="TokenHandler_CreateTokenHandler_Failed" />
    </UnitTest>
    <UnitTest name="Index_RemoveKey_Null_Throws_ArgumentNullException" storage="d:\actions-runner\_work\xpco\xpco\corporate\shared\common.integration\tst\videoos.common.integration.unittests\bin\x64\debug\net472\videoos.common.integration.unittests.dll" id="eba99153-bd66-8f09-238c-5d71eec60aa7">
      <Execution id="afeeca27-540e-4808-9e4c-17b70acfd242" />
      <TestMethod codeBase="D:\actions-runner\_work\XPCO\XPCO\Corporate\Shared\Common.Integration\tst\VideoOS.Common.Integration.UnitTests\bin\x64\Debug\net472\VideoOS.Common.Integration.UnitTests.dll" adapterTypeName="executor://mstestadapter/v2" className="VideoOS.Common.Integration.UnitTests.IndexedCollectionUnitTests" name="Index_RemoveKey_Null_Throws_ArgumentNullException" />
    </UnitTest>
    <UnitTest name="ExecuteRuleActionsModelTest_Json_Serialize_Deserialize" storage="d:\actions-runner\_work\xpco\xpco\corporate\shared\common.integration\tst\videoos.common.integration.unittests\bin\x64\debug\net472\videoos.common.integration.unittests.dll" id="4b411e7b-0fb6-c0ce-a957-e5eb823bd622">
      <Execution id="0c057159-8513-469a-922f-329546d0c480" />
      <TestMethod codeBase="D:\actions-runner\_work\XPCO\XPCO\Corporate\Shared\Common.Integration\tst\VideoOS.Common.Integration.UnitTests\bin\x64\Debug\net472\VideoOS.Common.Integration.UnitTests.dll" adapterTypeName="executor://mstestadapter/v2" className="VideoOS.Common.Integration.UnitTests.WebApi.ExecuteRuleActionsModelTest" name="ExecuteRuleActionsModelTest_Json_Serialize_Deserialize" />
    </UnitTest>
    <UnitTest name="ServerFileStorageCleanupService_Entries_Retrieved" storage="d:\actions-runner\_work\xpco\xpco\corporate\shared\common.integration\tst\videoos.common.integration.unittests\bin\x64\debug\net472\videoos.common.integration.unittests.dll" id="89b3c6f3-c499-d450-f7a3-676712a1db13">
      <Execution id="3ce6cab8-59e5-47a9-a4f2-6300469e12e3" />
      <TestMethod codeBase="D:\actions-runner\_work\XPCO\XPCO\Corporate\Shared\Common.Integration\tst\VideoOS.Common.Integration.UnitTests\bin\x64\Debug\net472\VideoOS.Common.Integration.UnitTests.dll" adapterTypeName="executor://mstestadapter/v2" className="VideoOS.Common.Integration.UnitTests.ServerFileStorageCleanupServiceTests" name="ServerFileStorageCleanupService_Entries_Retrieved" />
    </UnitTest>
    <UnitTest name="Send_HttpRequestExceptionThrown_ExceptionLoggedAndCommunicationExceptionThrown" storage="d:\actions-runner\_work\xpco\xpco\corporate\shared\common.integration\tst\videoos.common.integration.unittests\bin\x64\debug\net472\videoos.common.integration.unittests.dll" id="fb833b07-008c-f7f9-992f-8ff1461aee58">
      <Execution id="6e03c786-6983-45dd-a2f3-7ba47150cffc" />
      <TestMethod codeBase="D:\actions-runner\_work\XPCO\XPCO\Corporate\Shared\Common.Integration\tst\VideoOS.Common.Integration.UnitTests\bin\x64\Debug\net472\VideoOS.Common.Integration.UnitTests.dll" adapterTypeName="executor://mstestadapter/v2" className="VideoOS.Common.Integration.WebApi.HttpClientCommunicatorUnitTests" name="Send_HttpRequestExceptionThrown_ExceptionLoggedAndCommunicationExceptionThrown" />
    </UnitTest>
    <UnitTest name="ReadIdentitiesFromCache_NullSidArray" storage="d:\actions-runner\_work\xpco\xpco\corporate\shared\common.integration\tst\videoos.common.integration.unittests\bin\x64\debug\net472\videoos.common.integration.unittests.dll" id="b54d4d80-8505-fb58-e2fa-4b8054d9bef9">
      <Execution id="27141d18-dfda-46ff-aab6-fceb6afa4ac3" />
      <TestMethod codeBase="D:\actions-runner\_work\XPCO\XPCO\Corporate\Shared\Common.Integration\tst\VideoOS.Common.Integration.UnitTests\bin\x64\Debug\net472\VideoOS.Common.Integration.UnitTests.dll" adapterTypeName="executor://mstestadapter/v2" className="VideoOS.Common.Integration.UnitTests.Caching.SecurityIdentityCacheUnitTests" name="ReadIdentitiesFromCache_NullSidArray" />
    </UnitTest>
    <UnitTest name="WhiteList_IsModelWhiteListed_HWWith15EnabledCH5DisabledCH_GlobalMaxChannelCount16_ReturnsFalse" storage="d:\actions-runner\_work\xpco\xpco\corporate\shared\common.integration\tst\videoos.common.integration.unittests\bin\x64\debug\net472\videoos.common.integration.unittests.dll" id="3d8963fa-aca3-0469-1259-08f2b2242a49">
      <TestCategory>
        <TestCategoryItem TestCategory="Licensing" />
      </TestCategory>
      <Execution id="99022af5-13c5-42a7-9b71-8f4df32a0c17" />
      <TestMethod codeBase="D:\actions-runner\_work\XPCO\XPCO\Corporate\Shared\Common.Integration\tst\VideoOS.Common.Integration.UnitTests\bin\x64\Debug\net472\VideoOS.Common.Integration.UnitTests.dll" adapterTypeName="executor://mstestadapter/v2" className="VideoOS.Common.Integration.UnitTests.License.LicenseWhitelistTests" name="WhiteList_IsModelWhiteListed_HWWith15EnabledCH5DisabledCH_GlobalMaxChannelCount16_ReturnsFalse" />
    </UnitTest>
    <UnitTest name="ModelValidation_ValidModel_Success" storage="d:\actions-runner\_work\xpco\xpco\corporate\shared\common.integration\tst\videoos.common.integration.unittests\bin\x64\debug\net472\videoos.common.integration.unittests.dll" id="9be8a1a6-dbc5-67e3-e22f-3c26db4775c4">
      <Execution id="d78fa84d-f6ab-4533-991a-23d93f410a5d" />
      <TestMethod codeBase="D:\actions-runner\_work\XPCO\XPCO\Corporate\Shared\Common.Integration\tst\VideoOS.Common.Integration.UnitTests\bin\x64\Debug\net472\VideoOS.Common.Integration.UnitTests.dll" adapterTypeName="executor://mstestadapter/v2" className="VideoOS.Common.Integration.UnitTests.WebAPI.Model.GlobalEventModelTest" name="ModelValidation_ValidModel_Success" />
    </UnitTest>
    <UnitTest name="LicenseDocument_IsFeatureLicensed_NullFeature" storage="d:\actions-runner\_work\xpco\xpco\corporate\shared\common.integration\tst\videoos.common.integration.unittests\bin\x64\debug\net472\videoos.common.integration.unittests.dll" id="dcd07c4f-612c-6e68-0b0c-4a4b76a087b5">
      <TestCategory>
        <TestCategoryItem TestCategory="LicenseDocumentTest" />
      </TestCategory>
      <Execution id="14092ecb-16f9-498b-bb2a-55fb472edac7" />
      <TestMethod codeBase="D:\actions-runner\_work\XPCO\XPCO\Corporate\Shared\Common.Integration\tst\VideoOS.Common.Integration.UnitTests\bin\x64\Debug\net472\VideoOS.Common.Integration.UnitTests.dll" adapterTypeName="executor://mstestadapter/v2" className="VideoOS.Common.Integration.UnitTests.License.LicenseDocumentTests" name="LicenseDocument_IsFeatureLicensed_NullFeature" />
    </UnitTest>
    <UnitTest name="Send_NoError_TaskIsExecutedAndCorrectResponseReceived" storage="d:\actions-runner\_work\xpco\xpco\corporate\shared\common.integration\tst\videoos.common.integration.unittests\bin\x64\debug\net472\videoos.common.integration.unittests.dll" id="2aeb6082-964c-c7ba-b810-10d68371df21">
      <Execution id="d0906d51-03c5-4bc9-b203-bb9ab0c16c34" />
      <TestMethod codeBase="D:\actions-runner\_work\XPCO\XPCO\Corporate\Shared\Common.Integration\tst\VideoOS.Common.Integration.UnitTests\bin\x64\Debug\net472\VideoOS.Common.Integration.UnitTests.dll" adapterTypeName="executor://mstestadapter/v2" className="VideoOS.Common.Integration.WebApi.HttpClientCommunicatorUnitTests" name="Send_NoError_TaskIsExecutedAndCorrectResponseReceived" />
    </UnitTest>
    <UnitTest name="GenerateReport_InvalidCalculationResultsArg_ThrowsArgumentNullException" storage="d:\actions-runner\_work\xpco\xpco\corporate\shared\common.integration\tst\videoos.common.integration.unittests\bin\x64\debug\net472\videoos.common.integration.unittests.dll" id="0e09f455-cd4f-e42d-bcdb-93aa3d653c3e">
      <Execution id="9a48cc6b-610a-4402-b2e1-a74d9e832313" />
      <TestMethod codeBase="D:\actions-runner\_work\XPCO\XPCO\Corporate\Shared\Common.Integration\tst\VideoOS.Common.Integration.UnitTests\bin\x64\Debug\net472\VideoOS.Common.Integration.UnitTests.dll" adapterTypeName="executor://mstestadapter/v2" className="VideoOS.Common.Integration.UnitTests.License.LicenseReportGeneratorTests" name="GenerateReport_InvalidCalculationResultsArg_ThrowsArgumentNullException" />
    </UnitTest>
    <UnitTest name="TestPasswordGenerationFromNullPasswordRequirements" storage="d:\actions-runner\_work\xpco\xpco\corporate\shared\common.integration\tst\videoos.common.integration.unittests\bin\x64\debug\net472\videoos.common.integration.unittests.dll" id="e6829ed2-a680-7c6d-7c14-cf41bc741470">
      <Execution id="a42cbdb2-e64b-4031-96a1-52dcb8b9bb1c" />
      <TestMethod codeBase="D:\actions-runner\_work\XPCO\XPCO\Corporate\Shared\Common.Integration\tst\VideoOS.Common.Integration.UnitTests\bin\x64\Debug\net472\VideoOS.Common.Integration.UnitTests.dll" adapterTypeName="executor://mstestadapter/v2" className="VideoOS.Common.Integration.UnitTests.PasswordMinMaxGenerator" name="TestPasswordGenerationFromNullPasswordRequirements" />
    </UnitTest>
    <UnitTest name="IsKnownId_Known" storage="d:\actions-runner\_work\xpco\xpco\corporate\shared\common.integration\tst\videoos.common.integration.unittests\bin\x64\debug\net472\videoos.common.integration.unittests.dll" id="1115d730-5f04-a13a-0ac8-51185c798157">
      <Execution id="65c63294-b403-45c6-a57d-48b7d2224270" />
      <TestMethod codeBase="D:\actions-runner\_work\XPCO\XPCO\Corporate\Shared\Common.Integration\tst\VideoOS.Common.Integration.UnitTests\bin\x64\Debug\net472\VideoOS.Common.Integration.UnitTests.dll" adapterTypeName="executor://mstestadapter/v2" className="VideoOS.Common.Integration.UnitTests.Definition.Event.BuiltInEventTypesTest" name="IsKnownId_Known" />
    </UnitTest>
    <UnitTest name="WhiteList_CreateInstanceMaximumChannelCountParameterIsNegative_RaisesArgumentException" storage="d:\actions-runner\_work\xpco\xpco\corporate\shared\common.integration\tst\videoos.common.integration.unittests\bin\x64\debug\net472\videoos.common.integration.unittests.dll" id="df568c07-a2bf-a473-b20c-99920a8fa63b">
      <TestCategory>
        <TestCategoryItem TestCategory="Licensing" />
      </TestCategory>
      <Execution id="442173bc-8d8b-471a-ad70-f04e154facf1" />
      <TestMethod codeBase="D:\actions-runner\_work\XPCO\XPCO\Corporate\Shared\Common.Integration\tst\VideoOS.Common.Integration.UnitTests\bin\x64\Debug\net472\VideoOS.Common.Integration.UnitTests.dll" adapterTypeName="executor://mstestadapter/v2" className="VideoOS.Common.Integration.UnitTests.License.LicenseWhitelistTests" name="WhiteList_CreateInstanceMaximumChannelCountParameterIsNegative_RaisesArgumentException" />
    </UnitTest>
    <UnitTest name="CalculateLicenseRequirements_HardwareWithNoEnabledCameraDevicesCountsAs1License_ReturnsFalse" storage="d:\actions-runner\_work\xpco\xpco\corporate\shared\common.integration\tst\videoos.common.integration.unittests\bin\x64\debug\net472\videoos.common.integration.unittests.dll" id="a5f79078-96d5-c0dd-d472-78485b0023ba">
      <Execution id="d4d102fd-91c3-41d8-940d-18f7e9f9b414" />
      <TestMethod codeBase="D:\actions-runner\_work\XPCO\XPCO\Corporate\Shared\Common.Integration\tst\VideoOS.Common.Integration.UnitTests\bin\x64\Debug\net472\VideoOS.Common.Integration.UnitTests.dll" adapterTypeName="executor://mstestadapter/v2" className="VideoOS.Common.Integration.UnitTests.License.LicenseCalculatorTests" name="CalculateLicenseRequirements_HardwareWithNoEnabledCameraDevicesCountsAs1License_ReturnsFalse" />
    </UnitTest>
    <UnitTest name="CleanMemoryCache_PostAction" storage="d:\actions-runner\_work\xpco\xpco\corporate\shared\common.integration\tst\videoos.common.integration.unittests\bin\x64\debug\net472\videoos.common.integration.unittests.dll" id="2b4996cd-aa90-8fba-96b2-0aa6bafb2530">
      <Execution id="8d4f9bbb-84ec-499d-942e-40b01671616b" />
      <TestMethod codeBase="D:\actions-runner\_work\XPCO\XPCO\Corporate\Shared\Common.Integration\tst\VideoOS.Common.Integration.UnitTests\bin\x64\Debug\net472\VideoOS.Common.Integration.UnitTests.dll" adapterTypeName="executor://mstestadapter/v2" className="VideoOS.Common.Integration.UnitTests.Caching.SecurityIdentityCacheUnitTests" name="CleanMemoryCache_PostAction" />
    </UnitTest>
    <UnitTest name="Receive_HttpRequestExceptionThrown_ExceptionLoggedAndCommunicationExceptionThrown" storage="d:\actions-runner\_work\xpco\xpco\corporate\shared\common.integration\tst\videoos.common.integration.unittests\bin\x64\debug\net472\videoos.common.integration.unittests.dll" id="71a8629d-053f-542d-4cd0-b36fc966255b">
      <Execution id="2ca4d4c1-9c6c-4101-8280-c42e5d9150cb" />
      <TestMethod codeBase="D:\actions-runner\_work\XPCO\XPCO\Corporate\Shared\Common.Integration\tst\VideoOS.Common.Integration.UnitTests\bin\x64\Debug\net472\VideoOS.Common.Integration.UnitTests.dll" adapterTypeName="executor://mstestadapter/v2" className="VideoOS.Common.Integration.WebApi.HttpClientCommunicatorUnitTests" name="Receive_HttpRequestExceptionThrown_ExceptionLoggedAndCommunicationExceptionThrown" />
    </UnitTest>
    <UnitTest name="ServerFileStorage_PersistedCleanupService_Receives_PersistedEntriesOnly" storage="d:\actions-runner\_work\xpco\xpco\corporate\shared\common.integration\tst\videoos.common.integration.unittests\bin\x64\debug\net472\videoos.common.integration.unittests.dll" id="24bc4452-6389-5ad3-fcf2-eb33569b557f">
      <Execution id="db51cd76-8727-42e8-aa9a-70e7f587b3e5" />
      <TestMethod codeBase="D:\actions-runner\_work\XPCO\XPCO\Corporate\Shared\Common.Integration\tst\VideoOS.Common.Integration.UnitTests\bin\x64\Debug\net472\VideoOS.Common.Integration.UnitTests.dll" adapterTypeName="executor://mstestadapter/v2" className="VideoOS.Common.Integration.UnitTests.ServerFileStorageTests" name="ServerFileStorage_PersistedCleanupService_Receives_PersistedEntriesOnly" />
    </UnitTest>
    <UnitTest name="ServerFileStorage_DisposesStream_ThenWrites_Exception" storage="d:\actions-runner\_work\xpco\xpco\corporate\shared\common.integration\tst\videoos.common.integration.unittests\bin\x64\debug\net472\videoos.common.integration.unittests.dll" id="312229e0-7722-5a64-625c-c70b33ebc0ed">
      <Execution id="53b1a6aa-4694-435e-ae90-d3fedf291083" />
      <TestMethod codeBase="D:\actions-runner\_work\XPCO\XPCO\Corporate\Shared\Common.Integration\tst\VideoOS.Common.Integration.UnitTests\bin\x64\Debug\net472\VideoOS.Common.Integration.UnitTests.dll" adapterTypeName="executor://mstestadapter/v2" className="VideoOS.Common.Integration.UnitTests.ServerFileStorageTests" name="ServerFileStorage_DisposesStream_ThenWrites_Exception" />
    </UnitTest>
    <UnitTest name="Send_NonSuccessResponse_BadRequestExceptionThrown" storage="d:\actions-runner\_work\xpco\xpco\corporate\shared\common.integration\tst\videoos.common.integration.unittests\bin\x64\debug\net472\videoos.common.integration.unittests.dll" id="4d252ac9-04ed-3b5d-a52f-389829aff074">
      <Execution id="ac43ca84-99c3-442d-a7e0-113b9381f12c" />
      <TestMethod codeBase="D:\actions-runner\_work\XPCO\XPCO\Corporate\Shared\Common.Integration\tst\VideoOS.Common.Integration.UnitTests\bin\x64\Debug\net472\VideoOS.Common.Integration.UnitTests.dll" adapterTypeName="executor://mstestadapter/v2" className="VideoOS.Common.Integration.WebApi.HttpClientCommunicatorUnitTests" name="Send_NonSuccessResponse_BadRequestExceptionThrown" />
    </UnitTest>
    <UnitTest name="WhiteList_IsModelWhiteListed_HWWith12CH_ModelMaxChannelCountIs10GlobalMaxChannelCountIs16_ReturnsFalse" storage="d:\actions-runner\_work\xpco\xpco\corporate\shared\common.integration\tst\videoos.common.integration.unittests\bin\x64\debug\net472\videoos.common.integration.unittests.dll" id="0de29df1-d38a-1eff-95a2-39e6759ca4aa">
      <TestCategory>
        <TestCategoryItem TestCategory="Licensing" />
      </TestCategory>
      <Execution id="efcb4021-0016-4f65-b499-8504e08822d4" />
      <TestMethod codeBase="D:\actions-runner\_work\XPCO\XPCO\Corporate\Shared\Common.Integration\tst\VideoOS.Common.Integration.UnitTests\bin\x64\Debug\net472\VideoOS.Common.Integration.UnitTests.dll" adapterTypeName="executor://mstestadapter/v2" className="VideoOS.Common.Integration.UnitTests.License.LicenseWhitelistTests" name="WhiteList_IsModelWhiteListed_HWWith12CH_ModelMaxChannelCountIs10GlobalMaxChannelCountIs16_ReturnsFalse" />
    </UnitTest>
    <UnitTest name="CalculateLicenseRequirements_LST_Mixed_HBL_CBL_WithDuplicates_CountsLicensesForSingleHardware" storage="d:\actions-runner\_work\xpco\xpco\corporate\shared\common.integration\tst\videoos.common.integration.unittests\bin\x64\debug\net472\videoos.common.integration.unittests.dll" id="d756f289-d859-d136-2e42-7100f9b20dcb">
      <Execution id="4aa6ed82-5a25-4cf0-8574-27c85aa09532" />
      <TestMethod codeBase="D:\actions-runner\_work\XPCO\XPCO\Corporate\Shared\Common.Integration\tst\VideoOS.Common.Integration.UnitTests\bin\x64\Debug\net472\VideoOS.Common.Integration.UnitTests.dll" adapterTypeName="executor://mstestadapter/v2" className="VideoOS.Common.Integration.UnitTests.License.LicenseCalculatorTests" name="CalculateLicenseRequirements_LST_Mixed_HBL_CBL_WithDuplicates_CountsLicensesForSingleHardware" />
    </UnitTest>
    <UnitTest name="OnActionExecuting_ActionContextIsNull_ArgumentNullException" storage="d:\actions-runner\_work\xpco\xpco\corporate\shared\common.integration\tst\videoos.common.integration.unittests\bin\x64\debug\net472\videoos.common.integration.unittests.dll" id="75ff3f88-1bfc-4319-e9e6-4ccc76c10679">
      <Execution id="e9e98672-d4ac-4e97-a1fb-12961daf2b18" />
      <TestMethod codeBase="D:\actions-runner\_work\XPCO\XPCO\Corporate\Shared\Common.Integration\tst\VideoOS.Common.Integration.UnitTests\bin\x64\Debug\net472\VideoOS.Common.Integration.UnitTests.dll" adapterTypeName="executor://mstestadapter/v2" className="VideoOS.Common.Integration.WebApi.ValidateModelAttributeUnitTests" name="OnActionExecuting_ActionContextIsNull_ArgumentNullException" />
    </UnitTest>
    <UnitTest name="SendWithReturnValue_NoError_TaskIsExecutedAndCorrectResponseReceived" storage="d:\actions-runner\_work\xpco\xpco\corporate\shared\common.integration\tst\videoos.common.integration.unittests\bin\x64\debug\net472\videoos.common.integration.unittests.dll" id="70971d6f-006f-6b7c-1193-edcff8bb49bd">
      <Execution id="9843e44d-6088-492b-9f92-7ffbcb4137a3" />
      <TestMethod codeBase="D:\actions-runner\_work\XPCO\XPCO\Corporate\Shared\Common.Integration\tst\VideoOS.Common.Integration.UnitTests\bin\x64\Debug\net472\VideoOS.Common.Integration.UnitTests.dll" adapterTypeName="executor://mstestadapter/v2" className="VideoOS.Common.Integration.WebApi.HttpClientCommunicatorUnitTests" name="SendWithReturnValue_NoError_TaskIsExecutedAndCorrectResponseReceived" />
    </UnitTest>
    <UnitTest name="HardwareInfo_DecodesDriverAndModelNameUpperWithMixedCasedSymbols" storage="d:\actions-runner\_work\xpco\xpco\corporate\shared\common.integration\tst\videoos.common.integration.unittests\bin\x64\debug\net472\videoos.common.integration.unittests.dll" id="eee8de63-1e12-5835-b4c3-8b62a2e9b161">
      <Execution id="eacbaf0a-11b2-467e-904e-4cf231a0ae64" />
      <TestMethod codeBase="D:\actions-runner\_work\XPCO\XPCO\Corporate\Shared\Common.Integration\tst\VideoOS.Common.Integration.UnitTests\bin\x64\Debug\net472\VideoOS.Common.Integration.UnitTests.dll" adapterTypeName="executor://mstestadapter/v2" className="VideoOS.Common.Integration.UnitTests.License.HardwareInfoTests" name="HardwareInfo_DecodesDriverAndModelNameUpperWithMixedCasedSymbols" />
    </UnitTest>
    <UnitTest name="HttpClientCommunicatorWrapper_PatchAsync_Success" storage="d:\actions-runner\_work\xpco\xpco\corporate\shared\common.integration\tst\videoos.common.integration.unittests\bin\x64\debug\net472\videoos.common.integration.unittests.dll" id="41ee5629-d500-34d1-bd2a-75d66e6c1c01">
      <Execution id="62039d0f-478e-48b8-ae60-cd758185e2bd" />
      <TestMethod codeBase="D:\actions-runner\_work\XPCO\XPCO\Corporate\Shared\Common.Integration\tst\VideoOS.Common.Integration.UnitTests\bin\x64\Debug\net472\VideoOS.Common.Integration.UnitTests.dll" adapterTypeName="executor://mstestadapter/v2" className="VideoOS.Common.Integration.UnitTests.WebAPI.HttpClientCommunicatorWrapperTests" name="HttpClientCommunicatorWrapper_PatchAsync_Success" />
    </UnitTest>
    <UnitTest name="WebApiException_NullStream_ThrowsArgumentNullException" storage="d:\actions-runner\_work\xpco\xpco\corporate\shared\common.integration\tst\videoos.common.integration.unittests\bin\x64\debug\net472\videoos.common.integration.unittests.dll" id="66c45e7e-2eb8-8f5a-9732-6ddf802742e4">
      <Execution id="82a886ac-8e03-4373-9ac2-22bfe8c30324" />
      <TestMethod codeBase="D:\actions-runner\_work\XPCO\XPCO\Corporate\Shared\Common.Integration\tst\VideoOS.Common.Integration.UnitTests\bin\x64\Debug\net472\VideoOS.Common.Integration.UnitTests.dll" adapterTypeName="executor://mstestadapter/v2" className="VideoOS.Common.Integration.UnitTests.WebAPI.Exceptions.WebApiExceptionTests" name="WebApiException_NullStream_ThrowsArgumentNullException" />
    </UnitTest>
    <UnitTest name="Constructor_Valid_AddressIsSet" storage="d:\actions-runner\_work\xpco\xpco\corporate\shared\common.integration\tst\videoos.common.integration.unittests\bin\x64\debug\net472\videoos.common.integration.unittests.dll" id="6289295b-06d2-153f-33a0-b519202959b1">
      <Execution id="9edff75e-42ad-4065-9fcf-91b18a4467bf" />
      <TestMethod codeBase="D:\actions-runner\_work\XPCO\XPCO\Corporate\Shared\Common.Integration\tst\VideoOS.Common.Integration.UnitTests\bin\x64\Debug\net472\VideoOS.Common.Integration.UnitTests.dll" adapterTypeName="executor://mstestadapter/v2" className="VideoOS.Common.Integration.WebApi.HttpClientCommunicatorUnitTests" name="Constructor_Valid_AddressIsSet" />
    </UnitTest>
    <UnitTest name="ReadChildElementValueAsInt32_ElementNull" storage="d:\actions-runner\_work\xpco\xpco\corporate\shared\common.integration\tst\videoos.common.integration.unittests\bin\x64\debug\net472\videoos.common.integration.unittests.dll" id="f4ac5019-96c6-7ecf-4bd3-a321bb9fbd1b">
      <Execution id="24ac324d-e8c4-4743-8f90-3c380f69a173" />
      <TestMethod codeBase="D:\actions-runner\_work\XPCO\XPCO\Corporate\Shared\Common.Integration\tst\VideoOS.Common.Integration.UnitTests\bin\x64\Debug\net472\VideoOS.Common.Integration.UnitTests.dll" adapterTypeName="executor://mstestadapter/v2" className="VideoOS.Common.Integration.UnitTests.XmlDocumentExtensionsCoreUnitTests" name="ReadChildElementValueAsInt32_ElementNull" />
    </UnitTest>
    <UnitTest name="SecurityUserTokensModelTest_Validate_Failed" storage="d:\actions-runner\_work\xpco\xpco\corporate\shared\common.integration\tst\videoos.common.integration.unittests\bin\x64\debug\net472\videoos.common.integration.unittests.dll" id="f4810eaf-c25a-8ccd-99f1-05c4d09bd707">
      <Execution id="ff997217-5423-43a1-b920-1d3de84d2c01" />
      <TestMethod codeBase="D:\actions-runner\_work\XPCO\XPCO\Corporate\Shared\Common.Integration\tst\VideoOS.Common.Integration.UnitTests\bin\x64\Debug\net472\VideoOS.Common.Integration.UnitTests.dll" adapterTypeName="executor://mstestadapter/v2" className="VideoOS.Common.Integration.UnitTests.WebAPI.Model.SecurityUserTokensModelTest" name="SecurityUserTokensModelTest_Validate_Failed" />
    </UnitTest>
    <UnitTest name="Construct_RequestContainer_InvalidLicenseIntegrationDataNull_ThrowsArgumentNullException" storage="d:\actions-runner\_work\xpco\xpco\corporate\shared\common.integration\tst\videoos.common.integration.unittests\bin\x64\debug\net472\videoos.common.integration.unittests.dll" id="223879b6-1bce-182a-ac69-2d7e1b786d11">
      <Execution id="4ddbd00f-7873-40db-92e2-7488f73935d9" />
      <TestMethod codeBase="D:\actions-runner\_work\XPCO\XPCO\Corporate\Shared\Common.Integration\tst\VideoOS.Common.Integration.UnitTests\bin\x64\Debug\net472\VideoOS.Common.Integration.UnitTests.dll" adapterTypeName="executor://mstestadapter/v2" className="VideoOS.Common.Integration.UnitTests.License.LicenseContainerTests" name="Construct_RequestContainer_InvalidLicenseIntegrationDataNull_ThrowsArgumentNullException" />
    </UnitTest>
    <UnitTest name="ReadChildElementValueAsBoolean_SunnyDayFalse" storage="d:\actions-runner\_work\xpco\xpco\corporate\shared\common.integration\tst\videoos.common.integration.unittests\bin\x64\debug\net472\videoos.common.integration.unittests.dll" id="69235826-a1f1-f215-3f28-97d4bdbe2d52">
      <Execution id="3a308955-e0cd-4bd5-813a-cb3f27789998" />
      <TestMethod codeBase="D:\actions-runner\_work\XPCO\XPCO\Corporate\Shared\Common.Integration\tst\VideoOS.Common.Integration.UnitTests\bin\x64\Debug\net472\VideoOS.Common.Integration.UnitTests.dll" adapterTypeName="executor://mstestadapter/v2" className="VideoOS.Common.Integration.UnitTests.XmlDocumentExtensionsCoreUnitTests" name="ReadChildElementValueAsBoolean_SunnyDayFalse" />
    </UnitTest>
    <UnitTest name="TestMergeGridAreaWithValidAreasSecondIsLarger" storage="d:\actions-runner\_work\xpco\xpco\corporate\shared\common.integration\tst\videoos.common.integration.unittests\bin\x64\debug\net472\videoos.common.integration.unittests.dll" id="1accfd8a-0a38-1368-de38-ea2f36422228">
      <Execution id="bb1d1525-0318-4abc-88b1-edeef6f2974b" />
      <TestMethod codeBase="D:\actions-runner\_work\XPCO\XPCO\Corporate\Shared\Common.Integration\tst\VideoOS.Common.Integration.UnitTests\bin\x64\Debug\net472\VideoOS.Common.Integration.UnitTests.dll" adapterTypeName="executor://mstestadapter/v2" className="VideoOS.Common.Integration.UnitTests.Configuration.FillableGridAreaUnitTest" name="TestMergeGridAreaWithValidAreasSecondIsLarger" />
    </UnitTest>
    <UnitTest name="ToLogEntryAudit_ModelNull_ArgumentNullException" storage="d:\actions-runner\_work\xpco\xpco\corporate\shared\common.integration\tst\videoos.common.integration.unittests\bin\x64\debug\net472\videoos.common.integration.unittests.dll" id="da93d51d-3bfd-8116-5345-506cba3f49b2">
      <Execution id="abc30140-36f7-484d-8e2d-e8a69a56ab66" />
      <TestMethod codeBase="D:\actions-runner\_work\XPCO\XPCO\Corporate\Shared\Common.Integration\tst\VideoOS.Common.Integration.UnitTests\bin\x64\Debug\net472\VideoOS.Common.Integration.UnitTests.dll" adapterTypeName="executor://mstestadapter/v2" className="VideoOS.Common.Integration.UnitTests.WebAPI.Model.Server.LogEntryModelConverterTest" name="ToLogEntryAudit_ModelNull_ArgumentNullException" />
    </UnitTest>
    <UnitTest name="ScheduledTimeReachedFunctionScheduledDateReachedTest" storage="d:\actions-runner\_work\xpco\xpco\corporate\shared\common.integration\tst\videoos.common.integration.unittests\bin\x64\debug\net472\videoos.common.integration.unittests.dll" id="c56e53e9-2c05-5eb9-8244-91b1844883db">
      <Execution id="ac9c5caf-5484-4d5a-a6f6-17b8fe3a8c77" />
      <TestMethod codeBase="D:\actions-runner\_work\XPCO\XPCO\Corporate\Shared\Common.Integration\tst\VideoOS.Common.Integration.UnitTests\bin\x64\Debug\net472\VideoOS.Common.Integration.UnitTests.dll" adapterTypeName="executor://mstestadapter/v2" className="VideoOS.Common.Integration.UnitTests.Rules.ScheduledTimeReachedFunctionTest" name="ScheduledTimeReachedFunctionScheduledDateReachedTest" />
    </UnitTest>
    <UnitTest name="CalculateLicenseRequirements_NotWhitelisted_SameHardwareOnMultipleRecordingServers_CountsLicensesForSingleHardware" storage="d:\actions-runner\_work\xpco\xpco\corporate\shared\common.integration\tst\videoos.common.integration.unittests\bin\x64\debug\net472\videoos.common.integration.unittests.dll" id="a5868bf0-37f2-3bf5-61bc-01e74d8bb7be">
      <Execution id="22b46947-e99f-4a41-a743-3affd69a877e" />
      <TestMethod codeBase="D:\actions-runner\_work\XPCO\XPCO\Corporate\Shared\Common.Integration\tst\VideoOS.Common.Integration.UnitTests\bin\x64\Debug\net472\VideoOS.Common.Integration.UnitTests.dll" adapterTypeName="executor://mstestadapter/v2" className="VideoOS.Common.Integration.UnitTests.License.LicenseCalculatorTests" name="CalculateLicenseRequirements_NotWhitelisted_SameHardwareOnMultipleRecordingServers_CountsLicensesForSingleHardware" />
    </UnitTest>
    <UnitTest name="ReadChildElementValueAsInt32_NameNull" storage="d:\actions-runner\_work\xpco\xpco\corporate\shared\common.integration\tst\videoos.common.integration.unittests\bin\x64\debug\net472\videoos.common.integration.unittests.dll" id="7059a9dc-bfc8-071b-1461-021c1f7b59ef">
      <Execution id="54806a35-f0ef-4418-9fee-53f6d7650291" />
      <TestMethod codeBase="D:\actions-runner\_work\XPCO\XPCO\Corporate\Shared\Common.Integration\tst\VideoOS.Common.Integration.UnitTests\bin\x64\Debug\net472\VideoOS.Common.Integration.UnitTests.dll" adapterTypeName="executor://mstestadapter/v2" className="VideoOS.Common.Integration.UnitTests.XmlDocumentExtensionsCoreUnitTests" name="ReadChildElementValueAsInt32_NameNull" />
    </UnitTest>
    <UnitTest name="Mac_Address_Empty_Test_StringEmpty" storage="d:\actions-runner\_work\xpco\xpco\corporate\shared\common.integration\tst\videoos.common.integration.unittests\bin\x64\debug\net472\videoos.common.integration.unittests.dll" id="a5c71af1-2277-db72-cf95-9e91c4704471">
      <Execution id="7f523834-0c91-4eb3-9908-769d1ecfc508" />
      <TestMethod codeBase="D:\actions-runner\_work\XPCO\XPCO\Corporate\Shared\Common.Integration\tst\VideoOS.Common.Integration.UnitTests\bin\x64\Debug\net472\VideoOS.Common.Integration.UnitTests.dll" adapterTypeName="executor://mstestadapter/v2" className="VideoOS.Common.Integration.UnitTests.License.MacAddressUtilitiesTest" name="Mac_Address_Empty_Test_StringEmpty" />
    </UnitTest>
    <UnitTest name="FeatureManager_GetFeatureParameterValue_EmptyValue" storage="d:\actions-runner\_work\xpco\xpco\corporate\shared\common.integration\tst\videoos.common.integration.unittests\bin\x64\debug\net472\videoos.common.integration.unittests.dll" id="8981d84e-7ce1-9703-e39b-b12ad0be124f">
      <Execution id="ce73f78f-0041-4a18-90c7-e270fc6ea7a3" />
      <TestMethod codeBase="D:\actions-runner\_work\XPCO\XPCO\Corporate\Shared\Common.Integration\tst\VideoOS.Common.Integration.UnitTests\bin\x64\Debug\net472\VideoOS.Common.Integration.UnitTests.dll" adapterTypeName="executor://mstestadapter/v2" className="VideoOS.Common.Integration.UnitTests.License.FeatureManagerTest" name="FeatureManager_GetFeatureParameterValue_EmptyValue" />
    </UnitTest>
    <UnitTest name="LicenseDocument_ICPAllDriversIncluded" storage="d:\actions-runner\_work\xpco\xpco\corporate\shared\common.integration\tst\videoos.common.integration.unittests\bin\x64\debug\net472\videoos.common.integration.unittests.dll" id="6e01f99d-1f21-ebcf-1b56-a171fab1c77a">
      <TestCategory>
        <TestCategoryItem TestCategory="LicenseDocumentTest" />
      </TestCategory>
      <Execution id="e386b6be-17a4-4cea-b254-5df6113d0638" />
      <TestMethod codeBase="D:\actions-runner\_work\XPCO\XPCO\Corporate\Shared\Common.Integration\tst\VideoOS.Common.Integration.UnitTests\bin\x64\Debug\net472\VideoOS.Common.Integration.UnitTests.dll" adapterTypeName="executor://mstestadapter/v2" className="VideoOS.Common.Integration.UnitTests.License.LicenseDocumentTests" name="LicenseDocument_ICPAllDriversIncluded" />
    </UnitTest>
    <UnitTest name="GetPresetByKey_ByNumberOnlyOnePreset" storage="d:\actions-runner\_work\xpco\xpco\corporate\shared\common.integration\tst\videoos.common.integration.unittests\bin\x64\debug\net472\videoos.common.integration.unittests.dll" id="9830fed0-f3b1-1013-83a1-2f51def4ecef">
      <Execution id="a663e7d8-989d-496f-8ae6-e2f609b8e41c" />
      <TestMethod codeBase="D:\actions-runner\_work\XPCO\XPCO\Corporate\Shared\Common.Integration\tst\VideoOS.Common.Integration.UnitTests\bin\x64\Debug\net472\VideoOS.Common.Integration.UnitTests.dll" adapterTypeName="executor://mstestadapter/v2" className="VideoOS.Common.Integration.UnitTests.PtzPresetCollectionUnitTests" name="GetPresetByKey_ByNumberOnlyOnePreset" />
    </UnitTest>
    <UnitTest name="HttpClientCommunicatorWrapper_SendAsyncTObjHttp_Success" storage="d:\actions-runner\_work\xpco\xpco\corporate\shared\common.integration\tst\videoos.common.integration.unittests\bin\x64\debug\net472\videoos.common.integration.unittests.dll" id="8022e0d5-7466-cb18-799a-eb9c4d10cf6e">
      <Execution id="090813c1-42d0-4f30-b734-d160cd526ff2" />
      <TestMethod codeBase="D:\actions-runner\_work\XPCO\XPCO\Corporate\Shared\Common.Integration\tst\VideoOS.Common.Integration.UnitTests\bin\x64\Debug\net472\VideoOS.Common.Integration.UnitTests.dll" adapterTypeName="executor://mstestadapter/v2" className="VideoOS.Common.Integration.UnitTests.WebAPI.HttpClientCommunicatorWrapperTests" name="HttpClientCommunicatorWrapper_SendAsyncTObjHttp_Success" />
    </UnitTest>
    <UnitTest name="Hardware_Construct_ValidRecorderLicenseInfo_RemembersData_Success" storage="d:\actions-runner\_work\xpco\xpco\corporate\shared\common.integration\tst\videoos.common.integration.unittests\bin\x64\debug\net472\videoos.common.integration.unittests.dll" id="aad2a8a3-0e2b-7c11-cf00-d860c0fd450d">
      <Execution id="30ea56ae-cd01-4153-8a2c-3bf035a0add6" />
      <TestMethod codeBase="D:\actions-runner\_work\XPCO\XPCO\Corporate\Shared\Common.Integration\tst\VideoOS.Common.Integration.UnitTests\bin\x64\Debug\net472\VideoOS.Common.Integration.UnitTests.dll" adapterTypeName="executor://mstestadapter/v2" className="VideoOS.Common.Integration.UnitTests.License.LicenseInfoTests" name="Hardware_Construct_ValidRecorderLicenseInfo_RemembersData_Success" />
    </UnitTest>
    <UnitTest name="CalculateLicenseRequirements_ValidIHardwareInfoList_ReturnsTrue" storage="d:\actions-runner\_work\xpco\xpco\corporate\shared\common.integration\tst\videoos.common.integration.unittests\bin\x64\debug\net472\videoos.common.integration.unittests.dll" id="5635639e-91f7-ec82-01ad-d1e70d287b6d">
      <Execution id="b0179648-3e6f-4b2d-b4ef-2152f35a68e8" />
      <TestMethod codeBase="D:\actions-runner\_work\XPCO\XPCO\Corporate\Shared\Common.Integration\tst\VideoOS.Common.Integration.UnitTests\bin\x64\Debug\net472\VideoOS.Common.Integration.UnitTests.dll" adapterTypeName="executor://mstestadapter/v2" className="VideoOS.Common.Integration.UnitTests.License.LicenseCalculatorTests" name="CalculateLicenseRequirements_ValidIHardwareInfoList_ReturnsTrue" />
    </UnitTest>
    <UnitTest name="TestCopyConstructorWithValidArea" storage="d:\actions-runner\_work\xpco\xpco\corporate\shared\common.integration\tst\videoos.common.integration.unittests\bin\x64\debug\net472\videoos.common.integration.unittests.dll" id="839e5d01-ff9c-ae4d-c090-45a2702211e7">
      <Execution id="929bff27-5f36-4cc4-b31f-4bab8003fd64" />
      <TestMethod codeBase="D:\actions-runner\_work\XPCO\XPCO\Corporate\Shared\Common.Integration\tst\VideoOS.Common.Integration.UnitTests\bin\x64\Debug\net472\VideoOS.Common.Integration.UnitTests.dll" adapterTypeName="executor://mstestadapter/v2" className="VideoOS.Common.Integration.UnitTests.Configuration.FillableGridAreaUnitTest" name="TestCopyConstructorWithValidArea" />
    </UnitTest>
    <UnitTest name="FileUploadSynchronizer_Constructor_NullCheck" storage="d:\actions-runner\_work\xpco\xpco\corporate\shared\common.integration\tst\videoos.common.integration.unittests\bin\x64\debug\net472\videoos.common.integration.unittests.dll" id="24c7bb40-1c28-4090-e2ef-3ee8f742931f">
      <Execution id="cedea781-15f3-404a-b1e6-b7bfc0e8ba61" />
      <TestMethod codeBase="D:\actions-runner\_work\XPCO\XPCO\Corporate\Shared\Common.Integration\tst\VideoOS.Common.Integration.UnitTests\bin\x64\Debug\net472\VideoOS.Common.Integration.UnitTests.dll" adapterTypeName="executor://mstestadapter/v2" className="VideoOS.Common.Integration.UnitTests.FileUploadSynchronizerTests" name="FileUploadSynchronizer_Constructor_NullCheck" />
    </UnitTest>
    <UnitTest name="UniqueIndex_GetEntryByKey_Comparer_Returns_Correct_Item" storage="d:\actions-runner\_work\xpco\xpco\corporate\shared\common.integration\tst\videoos.common.integration.unittests\bin\x64\debug\net472\videoos.common.integration.unittests.dll" id="09bdea18-f696-eae7-18fe-6a761cdcf889">
      <Execution id="7519e11e-b0b5-45d8-b9bd-da614eb3aa2f" />
      <TestMethod codeBase="D:\actions-runner\_work\XPCO\XPCO\Corporate\Shared\Common.Integration\tst\VideoOS.Common.Integration.UnitTests\bin\x64\Debug\net472\VideoOS.Common.Integration.UnitTests.dll" adapterTypeName="executor://mstestadapter/v2" className="VideoOS.Common.Integration.UnitTests.IndexedCollectionUnitTests" name="UniqueIndex_GetEntryByKey_Comparer_Returns_Correct_Item" />
    </UnitTest>
    <UnitTest name="DatabaseOperationModel_Validation_NonEmptyGuidsAreEmpty_Failed" storage="d:\actions-runner\_work\xpco\xpco\corporate\shared\common.integration\tst\videoos.common.integration.unittests\bin\x64\debug\net472\videoos.common.integration.unittests.dll" id="6156099d-d15e-e625-811b-a84708c39035">
      <Execution id="bf75f2ab-fc95-4880-85b8-2e0171cc6f41" />
      <TestMethod codeBase="D:\actions-runner\_work\XPCO\XPCO\Corporate\Shared\Common.Integration\tst\VideoOS.Common.Integration.UnitTests\bin\x64\Debug\net472\VideoOS.Common.Integration.UnitTests.dll" adapterTypeName="executor://mstestadapter/v2" className="VideoOS.Common.Integration.UnitTests.WebAPI.Model.DatabaseOperationModelTest" name="DatabaseOperationModel_Validation_NonEmptyGuidsAreEmpty_Failed" />
    </UnitTest>
    <UnitTest name="WhiteList_CreateInstanceWithoutLicenseParentParameter_Succeeds" storage="d:\actions-runner\_work\xpco\xpco\corporate\shared\common.integration\tst\videoos.common.integration.unittests\bin\x64\debug\net472\videoos.common.integration.unittests.dll" id="77488aa9-707c-2538-9c3e-d59dd53ec120">
      <TestCategory>
        <TestCategoryItem TestCategory="Licensing" />
      </TestCategory>
      <Execution id="9935ffc1-009d-4ecc-abaf-16ab2edab790" />
      <TestMethod codeBase="D:\actions-runner\_work\XPCO\XPCO\Corporate\Shared\Common.Integration\tst\VideoOS.Common.Integration.UnitTests\bin\x64\Debug\net472\VideoOS.Common.Integration.UnitTests.dll" adapterTypeName="executor://mstestadapter/v2" className="VideoOS.Common.Integration.UnitTests.License.LicenseWhitelistTests" name="WhiteList_CreateInstanceWithoutLicenseParentParameter_Succeeds" />
    </UnitTest>
    <UnitTest name="Xml_To_Config_To_Xml_Success" storage="d:\actions-runner\_work\xpco\xpco\corporate\shared\common.integration\tst\videoos.common.integration.unittests\bin\x64\debug\net472\videoos.common.integration.unittests.dll" id="1c31798d-ebb8-6716-a1de-beac6a67d99f">
      <Execution id="a395cb5a-f8b1-4941-bb80-62cef9870cb4" />
      <TestMethod codeBase="D:\actions-runner\_work\XPCO\XPCO\Corporate\Shared\Common.Integration\tst\VideoOS.Common.Integration.UnitTests\bin\x64\Debug\net472\VideoOS.Common.Integration.UnitTests.dll" adapterTypeName="executor://mstestadapter/v2" className="VideoOS.Common.Integration.UnitTests.Configuration.MotionDetectionSettingsUnitTests" name="Xml_To_Config_To_Xml_Success" />
    </UnitTest>
    <UnitTest name="ResponseModel_EmptyToken_ValidationFailure" storage="d:\actions-runner\_work\xpco\xpco\corporate\shared\common.integration\tst\videoos.common.integration.unittests\bin\x64\debug\net472\videoos.common.integration.unittests.dll" id="d0c286ed-22ff-8429-8463-fe09a654e542">
      <Execution id="8b6abf30-4664-4b76-a0df-7d755021aef6" />
      <TestMethod codeBase="D:\actions-runner\_work\XPCO\XPCO\Corporate\Shared\Common.Integration\tst\VideoOS.Common.Integration.UnitTests\bin\x64\Debug\net472\VideoOS.Common.Integration.UnitTests.dll" adapterTypeName="executor://mstestadapter/v2" className="VideoOS.Common.Integration.UnitTests.WebAPI.Model.Server.Responses.ResponseModelTest" name="ResponseModel_EmptyToken_ValidationFailure" />
    </UnitTest>
    <UnitTest name="StreamsConfiguration_EnsureLiveDefaultAndRecordTreads_No_Record_DefaultLive_Selected" storage="d:\actions-runner\_work\xpco\xpco\corporate\shared\common.integration\tst\videoos.common.integration.unittests\bin\x64\debug\net472\videoos.common.integration.unittests.dll" id="346eba0b-3fe1-729b-0dab-a339275e6271">
      <Execution id="7dbaecb6-b3bf-4406-84dc-76d051142ac8" />
      <TestMethod codeBase="D:\actions-runner\_work\XPCO\XPCO\Corporate\Shared\Common.Integration\tst\VideoOS.Common.Integration.UnitTests\bin\x64\Debug\net472\VideoOS.Common.Integration.UnitTests.dll" adapterTypeName="executor://mstestadapter/v2" className="VideoOS.Common.Integration.UnitTests.StreamsConfigurationUnitTests" name="StreamsConfiguration_EnsureLiveDefaultAndRecordTreads_No_Record_DefaultLive_Selected" />
    </UnitTest>
    <UnitTest name="BaseHtmlLicenseReport_SvgImageLink_NoClass_Success" storage="d:\actions-runner\_work\xpco\xpco\corporate\shared\common.integration\tst\videoos.common.integration.unittests\bin\x64\debug\net472\videoos.common.integration.unittests.dll" id="40f2976d-c053-33d7-51b4-7fde8f3dce0a">
      <Execution id="fd941964-7bf6-4a0a-b8e9-c9740e0e6bc4" />
      <TestMethod codeBase="D:\actions-runner\_work\XPCO\XPCO\Corporate\Shared\Common.Integration\tst\VideoOS.Common.Integration.UnitTests\bin\x64\Debug\net472\VideoOS.Common.Integration.UnitTests.dll" adapterTypeName="executor://mstestadapter/v2" className="VideoOS.Common.Integration.UnitTests.License.BaseHtmlLicenseReportTests" name="BaseHtmlLicenseReport_SvgImageLink_NoClass_Success" />
    </UnitTest>
    <UnitTest name="LicenseDocument_IsDeviceLicensed_HardwareFound_DeviceIndexNotListed_ReturnsFalse" storage="d:\actions-runner\_work\xpco\xpco\corporate\shared\common.integration\tst\videoos.common.integration.unittests\bin\x64\debug\net472\videoos.common.integration.unittests.dll" id="41ab09a6-a606-60bb-849d-3da88f8d54ca">
      <TestCategory>
        <TestCategoryItem TestCategory="LicenseDocumentTest" />
      </TestCategory>
      <Execution id="c24be14c-bd0c-420d-8940-6f598f2b53f7" />
      <TestMethod codeBase="D:\actions-runner\_work\XPCO\XPCO\Corporate\Shared\Common.Integration\tst\VideoOS.Common.Integration.UnitTests\bin\x64\Debug\net472\VideoOS.Common.Integration.UnitTests.dll" adapterTypeName="executor://mstestadapter/v2" className="VideoOS.Common.Integration.UnitTests.License.LicenseDocumentTests" name="LicenseDocument_IsDeviceLicensed_HardwareFound_DeviceIndexNotListed_ReturnsFalse" />
    </UnitTest>
    <UnitTest name="LicenseActivationService_AcquireLicense_LicenseNotAllowed_FeatureAlreadyInUse" storage="d:\actions-runner\_work\xpco\xpco\corporate\shared\common.integration\tst\videoos.common.integration.unittests\bin\x64\debug\net472\videoos.common.integration.unittests.dll" id="1f77b769-efd6-9b37-6348-417d013b2587">
      <Execution id="7f54392e-74f3-4816-b64e-86e6a87eb1dc" />
      <TestMethod codeBase="D:\actions-runner\_work\XPCO\XPCO\Corporate\Shared\Common.Integration\tst\VideoOS.Common.Integration.UnitTests\bin\x64\Debug\net472\VideoOS.Common.Integration.UnitTests.dll" adapterTypeName="executor://mstestadapter/v2" className="VideoOS.Common.Integration.UnitTests.License.LicenseActivationServiceTests" name="LicenseActivationService_AcquireLicense_LicenseNotAllowed_FeatureAlreadyInUse" />
    </UnitTest>
    <UnitTest name="Patch_NoError_TaskIsExecutedAndCorrectResponseReceived" storage="d:\actions-runner\_work\xpco\xpco\corporate\shared\common.integration\tst\videoos.common.integration.unittests\bin\x64\debug\net472\videoos.common.integration.unittests.dll" id="8bde2655-cfaa-dc33-b849-1d119a441cc1">
      <Execution id="d4468960-ccad-4fb6-831a-bfc7bd2d5e1e" />
      <TestMethod codeBase="D:\actions-runner\_work\XPCO\XPCO\Corporate\Shared\Common.Integration\tst\VideoOS.Common.Integration.UnitTests\bin\x64\Debug\net472\VideoOS.Common.Integration.UnitTests.dll" adapterTypeName="executor://mstestadapter/v2" className="VideoOS.Common.Integration.WebApi.HttpClientCommunicatorUnitTests" name="Patch_NoError_TaskIsExecutedAndCorrectResponseReceived" />
    </UnitTest>
    <UnitTest name="HardwareInfo_DecodesDriverAndModelNameUpperWithAmpersand" storage="d:\actions-runner\_work\xpco\xpco\corporate\shared\common.integration\tst\videoos.common.integration.unittests\bin\x64\debug\net472\videoos.common.integration.unittests.dll" id="ed886e6a-9135-5696-d7ff-eb253c1dc7d1">
      <Execution id="a93c428b-fbc6-42f8-b426-07f26e0a1c6a" />
      <TestMethod codeBase="D:\actions-runner\_work\XPCO\XPCO\Corporate\Shared\Common.Integration\tst\VideoOS.Common.Integration.UnitTests\bin\x64\Debug\net472\VideoOS.Common.Integration.UnitTests.dll" adapterTypeName="executor://mstestadapter/v2" className="VideoOS.Common.Integration.UnitTests.License.HardwareInfoTests" name="HardwareInfo_DecodesDriverAndModelNameUpperWithAmpersand" />
    </UnitTest>
    <UnitTest name="StreamsConfiguration_ValidateConfiguration_No_Recording_Streams_ExactlyOneRecordingStreamError" storage="d:\actions-runner\_work\xpco\xpco\corporate\shared\common.integration\tst\videoos.common.integration.unittests\bin\x64\debug\net472\videoos.common.integration.unittests.dll" id="92de0608-fe98-a28c-fade-1d4b23f99d50">
      <Execution id="aa1377af-62c1-40e7-8a6a-2a0289ff8286" />
      <TestMethod codeBase="D:\actions-runner\_work\XPCO\XPCO\Corporate\Shared\Common.Integration\tst\VideoOS.Common.Integration.UnitTests\bin\x64\Debug\net472\VideoOS.Common.Integration.UnitTests.dll" adapterTypeName="executor://mstestadapter/v2" className="VideoOS.Common.Integration.UnitTests.StreamsConfigurationUnitTests" name="StreamsConfiguration_ValidateConfiguration_No_Recording_Streams_ExactlyOneRecordingStreamError" />
    </UnitTest>
    <UnitTest name="LicenseDocument_Constructor_Success_OnValidHardwareLicensingMode" storage="d:\actions-runner\_work\xpco\xpco\corporate\shared\common.integration\tst\videoos.common.integration.unittests\bin\x64\debug\net472\videoos.common.integration.unittests.dll" id="8f83db71-3b93-5732-31d9-e3b132797301">
      <TestCategory>
        <TestCategoryItem TestCategory="LicenseDocumentTest" />
      </TestCategory>
      <Execution id="40c412ae-c081-44a5-9504-4dc061f7b464" />
      <TestMethod codeBase="D:\actions-runner\_work\XPCO\XPCO\Corporate\Shared\Common.Integration\tst\VideoOS.Common.Integration.UnitTests\bin\x64\Debug\net472\VideoOS.Common.Integration.UnitTests.dll" adapterTypeName="executor://mstestadapter/v2" className="VideoOS.Common.Integration.UnitTests.License.LicenseDocumentTests" name="LicenseDocument_Constructor_Success_OnValidHardwareLicensingMode" />
    </UnitTest>
    <UnitTest name="TestEmptyStringLength" storage="d:\actions-runner\_work\xpco\xpco\corporate\shared\common.integration\tst\videoos.common.integration.unittests\bin\x64\debug\net472\videoos.common.integration.unittests.dll" id="5f0f39e0-02c6-e3b5-e154-38435b45d473">
      <Execution id="341f24d0-bf92-4425-a8fe-3113ea13ade6" />
      <TestMethod codeBase="D:\actions-runner\_work\XPCO\XPCO\Corporate\Shared\Common.Integration\tst\VideoOS.Common.Integration.UnitTests\bin\x64\Debug\net472\VideoOS.Common.Integration.UnitTests.dll" adapterTypeName="executor://mstestadapter/v2" className="VideoOS.Common.Integration.UnitTests.PasswordMinMaxGenerator" name="TestEmptyStringLength" />
    </UnitTest>
    <UnitTest name="Constructor_ThrowsException_WhenICPHardwareAndNonIcpHardwareIsMixed_FirstHardwareIsNonIcp" storage="d:\actions-runner\_work\xpco\xpco\corporate\shared\common.integration\tst\videoos.common.integration.unittests\bin\x64\debug\net472\videoos.common.integration.unittests.dll" id="1fc4377d-0c2d-3e08-115f-f074f589d216">
      <TestCategory>
        <TestCategoryItem TestCategory="Licensing" />
      </TestCategory>
      <Execution id="10d91520-e5e2-416f-a82c-af910e213d5f" />
      <TestMethod codeBase="D:\actions-runner\_work\XPCO\XPCO\Corporate\Shared\Common.Integration\tst\VideoOS.Common.Integration.UnitTests\bin\x64\Debug\net472\VideoOS.Common.Integration.UnitTests.dll" adapterTypeName="executor://mstestadapter/v2" className="VideoOS.Common.Integration.UnitTests.License.AggregateFeedDictionaryTests" name="Constructor_ThrowsException_WhenICPHardwareAndNonIcpHardwareIsMixed_FirstHardwareIsNonIcp" />
    </UnitTest>
    <UnitTest name="ModelValidation_ValidModel_Success" storage="d:\actions-runner\_work\xpco\xpco\corporate\shared\common.integration\tst\videoos.common.integration.unittests\bin\x64\debug\net472\videoos.common.integration.unittests.dll" id="7acd33de-a768-4317-b8ff-7e2c3b59ddd9">
      <Execution id="057a8b37-f13a-44a6-8dfe-57898c603321" />
      <TestMethod codeBase="D:\actions-runner\_work\XPCO\XPCO\Corporate\Shared\Common.Integration\tst\VideoOS.Common.Integration.UnitTests\bin\x64\Debug\net472\VideoOS.Common.Integration.UnitTests.dll" adapterTypeName="executor://mstestadapter/v2" className="VideoOS.Common.Integration.UnitTests.WebAPI.Model.ActivateArchivingModelTest" name="ModelValidation_ValidModel_Success" />
    </UnitTest>
    <UnitTest name="Validate_PartialMatch_Found_MiddleOfWord_MixedCase_Success" storage="d:\actions-runner\_work\xpco\xpco\corporate\shared\common.integration\tst\videoos.common.integration.unittests\bin\x64\debug\net472\videoos.common.integration.unittests.dll" id="f68843e7-158e-831f-4c10-632acd4e930e">
      <Execution id="c157d484-9eef-4f3b-bee4-0696e727f6e0" />
      <TestMethod codeBase="D:\actions-runner\_work\XPCO\XPCO\Corporate\Shared\Common.Integration\tst\VideoOS.Common.Integration.UnitTests\bin\x64\Debug\net472\VideoOS.Common.Integration.UnitTests.dll" adapterTypeName="executor://mstestadapter/v2" className="VideoOS.Common.Integration.UnitTests.License.WhitelistMatchHelperTests" name="Validate_PartialMatch_Found_MiddleOfWord_MixedCase_Success" />
    </UnitTest>
    <UnitTest name="EncryptingSmtpPasswordSystemSetting" storage="d:\actions-runner\_work\xpco\xpco\corporate\shared\common.integration\tst\videoos.common.integration.unittests\bin\x64\debug\net472\videoos.common.integration.unittests.dll" id="fc5332c2-45c0-4c4b-b897-739bffc8971f">
      <Execution id="7efc4c68-fd51-45a2-acc7-23e7ff4c45c9" />
      <TestMethod codeBase="D:\actions-runner\_work\XPCO\XPCO\Corporate\Shared\Common.Integration\tst\VideoOS.Common.Integration.UnitTests\bin\x64\Debug\net472\VideoOS.Common.Integration.UnitTests.dll" adapterTypeName="executor://mstestadapter/v2" className="VideoOS.Common.Integration.UnitTests.Configuration.XmlEncryptionHelperTests" name="EncryptingSmtpPasswordSystemSetting" />
    </UnitTest>
    <UnitTest name="FeatureManager_TryGetFeatureParameterValue_License_Doc_Null" storage="d:\actions-runner\_work\xpco\xpco\corporate\shared\common.integration\tst\videoos.common.integration.unittests\bin\x64\debug\net472\videoos.common.integration.unittests.dll" id="c464605a-08ee-c960-9bad-25e97cc754de">
      <Execution id="9e1a79bd-cbd5-4dbf-9f4e-d318ec51ed83" />
      <TestMethod codeBase="D:\actions-runner\_work\XPCO\XPCO\Corporate\Shared\Common.Integration\tst\VideoOS.Common.Integration.UnitTests\bin\x64\Debug\net472\VideoOS.Common.Integration.UnitTests.dll" adapterTypeName="executor://mstestadapter/v2" className="VideoOS.Common.Integration.UnitTests.License.FeatureManagerTest" name="FeatureManager_TryGetFeatureParameterValue_License_Doc_Null" />
    </UnitTest>
    <UnitTest name="ModelValidation_NonEmptyGuidsAreEmpty_Failed" storage="d:\actions-runner\_work\xpco\xpco\corporate\shared\common.integration\tst\videoos.common.integration.unittests\bin\x64\debug\net472\videoos.common.integration.unittests.dll" id="a2e081e8-4047-25ab-0438-a7e5e3258edc">
      <Execution id="64bfb94a-06ce-4421-9989-2b95ea50d548" />
      <TestMethod codeBase="D:\actions-runner\_work\XPCO\XPCO\Corporate\Shared\Common.Integration\tst\VideoOS.Common.Integration.UnitTests\bin\x64\Debug\net472\VideoOS.Common.Integration.UnitTests.dll" adapterTypeName="executor://mstestadapter/v2" className="VideoOS.Common.Integration.UnitTests.WebAPI.Model.GetAbsolutePtzPositionModelTest" name="ModelValidation_NonEmptyGuidsAreEmpty_Failed" />
    </UnitTest>
    <UnitTest name="Collection_Add_Null_Throws_ArguemtnNullException" storage="d:\actions-runner\_work\xpco\xpco\corporate\shared\common.integration\tst\videoos.common.integration.unittests\bin\x64\debug\net472\videoos.common.integration.unittests.dll" id="957a389a-ebcf-d4a8-058e-fade6580961f">
      <Execution id="e83cc335-2c1f-4bb3-869c-553395036628" />
      <TestMethod codeBase="D:\actions-runner\_work\XPCO\XPCO\Corporate\Shared\Common.Integration\tst\VideoOS.Common.Integration.UnitTests\bin\x64\Debug\net472\VideoOS.Common.Integration.UnitTests.dll" adapterTypeName="executor://mstestadapter/v2" className="VideoOS.Common.Integration.UnitTests.IndexedCollectionUnitTests" name="Collection_Add_Null_Throws_ArguemtnNullException" />
    </UnitTest>
    <UnitTest name="ReadChildElementValueAsUInt32_RangeCheck_Max_Exact" storage="d:\actions-runner\_work\xpco\xpco\corporate\shared\common.integration\tst\videoos.common.integration.unittests\bin\x64\debug\net472\videoos.common.integration.unittests.dll" id="243a38ed-c867-ace0-0aff-40d6ccb324c5">
      <Execution id="dc8405f9-5ff4-46a3-8000-5a600a696cbd" />
      <TestMethod codeBase="D:\actions-runner\_work\XPCO\XPCO\Corporate\Shared\Common.Integration\tst\VideoOS.Common.Integration.UnitTests\bin\x64\Debug\net472\VideoOS.Common.Integration.UnitTests.dll" adapterTypeName="executor://mstestadapter/v2" className="VideoOS.Common.Integration.UnitTests.XmlDocumentExtensionsCoreUnitTests" name="ReadChildElementValueAsUInt32_RangeCheck_Max_Exact" />
    </UnitTest>
    <UnitTest name="HttpClientCommunicatorWrapper_SendAsync_Success" storage="d:\actions-runner\_work\xpco\xpco\corporate\shared\common.integration\tst\videoos.common.integration.unittests\bin\x64\debug\net472\videoos.common.integration.unittests.dll" id="85ef9628-b330-df63-e0f9-c5f24aa74078">
      <Execution id="7d9a4d6c-517a-49cc-ab75-0d750b6d147a" />
      <TestMethod codeBase="D:\actions-runner\_work\XPCO\XPCO\Corporate\Shared\Common.Integration\tst\VideoOS.Common.Integration.UnitTests\bin\x64\Debug\net472\VideoOS.Common.Integration.UnitTests.dll" adapterTypeName="executor://mstestadapter/v2" className="VideoOS.Common.Integration.UnitTests.WebAPI.HttpClientCommunicatorWrapperTests" name="HttpClientCommunicatorWrapper_SendAsync_Success" />
    </UnitTest>
    <UnitTest name="AddressIntervalSelections_SerializationTest" storage="d:\actions-runner\_work\xpco\xpco\corporate\shared\common.integration\tst\videoos.common.integration.unittests\bin\x64\debug\net472\videoos.common.integration.unittests.dll" id="35417e9f-65af-e858-a191-68ecabdeb63c">
      <Execution id="3e746caf-4ca0-4a9c-8472-d5ddf44637d3" />
      <TestMethod codeBase="D:\actions-runner\_work\XPCO\XPCO\Corporate\Shared\Common.Integration\tst\VideoOS.Common.Integration.UnitTests\bin\x64\Debug\net472\VideoOS.Common.Integration.UnitTests.dll" adapterTypeName="executor://mstestadapter/v2" className="VideoOS.Common.Integration.UnitTests.AddressIntervalSelectionsTest" name="AddressIntervalSelections_SerializationTest" />
    </UnitTest>
    <UnitTest name="RemoveKey_RemovesAllItems" storage="d:\actions-runner\_work\xpco\xpco\corporate\shared\common.integration\tst\videoos.common.integration.unittests\bin\x64\debug\net472\videoos.common.integration.unittests.dll" id="28021bac-065f-20d5-f3da-4ca0066054f4">
      <Execution id="e62338c4-2bc3-4981-ac4f-49eaa4907dad" />
      <TestMethod codeBase="D:\actions-runner\_work\XPCO\XPCO\Corporate\Shared\Common.Integration\tst\VideoOS.Common.Integration.UnitTests\bin\x64\Debug\net472\VideoOS.Common.Integration.UnitTests.dll" adapterTypeName="executor://mstestadapter/v2" className="VideoOS.Common.Integration.UnitTests.LinkedListIndexUnitTests" name="RemoveKey_RemovesAllItems" />
    </UnitTest>
    <UnitTest name="HttpClientCommunicatorWrapper_SendAsyncTObjHttp_CommunicationException" storage="d:\actions-runner\_work\xpco\xpco\corporate\shared\common.integration\tst\videoos.common.integration.unittests\bin\x64\debug\net472\videoos.common.integration.unittests.dll" id="358b74e6-fc55-da99-0e75-25e1c80c198a">
      <Execution id="48464ca5-d5f0-476f-a269-89aa712847db" />
      <TestMethod codeBase="D:\actions-runner\_work\XPCO\XPCO\Corporate\Shared\Common.Integration\tst\VideoOS.Common.Integration.UnitTests\bin\x64\Debug\net472\VideoOS.Common.Integration.UnitTests.dll" adapterTypeName="executor://mstestadapter/v2" className="VideoOS.Common.Integration.UnitTests.WebAPI.HttpClientCommunicatorWrapperTests" name="HttpClientCommunicatorWrapper_SendAsyncTObjHttp_CommunicationException" />
    </UnitTest>
    <UnitTest name="ReadAttributeAsInt32_RangeCheck_Max_Exact" storage="d:\actions-runner\_work\xpco\xpco\corporate\shared\common.integration\tst\videoos.common.integration.unittests\bin\x64\debug\net472\videoos.common.integration.unittests.dll" id="a1d9ae4e-af7b-da58-5e01-23d91f1e9817">
      <Execution id="c54dc94a-318b-4112-a2f2-88178dd66c34" />
      <TestMethod codeBase="D:\actions-runner\_work\XPCO\XPCO\Corporate\Shared\Common.Integration\tst\VideoOS.Common.Integration.UnitTests\bin\x64\Debug\net472\VideoOS.Common.Integration.UnitTests.dll" adapterTypeName="executor://mstestadapter/v2" className="VideoOS.Common.Integration.UnitTests.XmlDocumentExtensionsCoreUnitTests" name="ReadAttributeAsInt32_RangeCheck_Max_Exact" />
    </UnitTest>
    <UnitTest name="FeatureManager_TryGetFeatureParameterValueT_Int_Valid_Value" storage="d:\actions-runner\_work\xpco\xpco\corporate\shared\common.integration\tst\videoos.common.integration.unittests\bin\x64\debug\net472\videoos.common.integration.unittests.dll" id="4f3bc137-5510-9460-5012-f58e75f6f1d3">
      <Execution id="cd5e0030-4620-4e7b-8cc9-dd53b5c4e6c8" />
      <TestMethod codeBase="D:\actions-runner\_work\XPCO\XPCO\Corporate\Shared\Common.Integration\tst\VideoOS.Common.Integration.UnitTests\bin\x64\Debug\net472\VideoOS.Common.Integration.UnitTests.dll" adapterTypeName="executor://mstestadapter/v2" className="VideoOS.Common.Integration.UnitTests.License.FeatureManagerTest" name="FeatureManager_TryGetFeatureParameterValueT_Int_Valid_Value" />
    </UnitTest>
    <UnitTest name="VersionExtensions_GetVersionDisplayValue_Throws_ArgumentNullException" storage="d:\actions-runner\_work\xpco\xpco\corporate\shared\common.integration\tst\videoos.common.integration.unittests\bin\x64\debug\net472\videoos.common.integration.unittests.dll" id="07e03921-28ba-9222-c421-58eabf887b10">
      <Execution id="067e5fcb-46af-4e1a-8399-6e18574a3b86" />
      <TestMethod codeBase="D:\actions-runner\_work\XPCO\XPCO\Corporate\Shared\Common.Integration\tst\VideoOS.Common.Integration.UnitTests\bin\x64\Debug\net472\VideoOS.Common.Integration.UnitTests.dll" adapterTypeName="executor://mstestadapter/v2" className="VideoOS.Common.Integration.UnitTests.Extensions.VersionExtensionsTests" name="VersionExtensions_GetVersionDisplayValue_Throws_ArgumentNullException" />
    </UnitTest>
    <UnitTest name="SendAsync_TokenCancellationExceptionThrown_ExceptionLoggedAndTimeoutExceptionThrown" storage="d:\actions-runner\_work\xpco\xpco\corporate\shared\common.integration\tst\videoos.common.integration.unittests\bin\x64\debug\net472\videoos.common.integration.unittests.dll" id="8f3728f0-c662-f506-e532-cb2952d56045">
      <Execution id="c3f1ad6c-1ce0-41fd-ac44-3aba8761e033" />
      <TestMethod codeBase="D:\actions-runner\_work\XPCO\XPCO\Corporate\Shared\Common.Integration\tst\VideoOS.Common.Integration.UnitTests\bin\x64\Debug\net472\VideoOS.Common.Integration.UnitTests.dll" adapterTypeName="executor://mstestadapter/v2" className="VideoOS.Common.Integration.WebApi.HttpClientCommunicatorUnitTests" name="SendAsync_TokenCancellationExceptionThrown_ExceptionLoggedAndTimeoutExceptionThrown" />
    </UnitTest>
    <UnitTest name="CreateHttpUri_NoScheme_UseDefaultPortFalse_BecomesHttpPort80" storage="d:\actions-runner\_work\xpco\xpco\corporate\shared\common.integration\tst\videoos.common.integration.unittests\bin\x64\debug\net472\videoos.common.integration.unittests.dll" id="decd45ba-b31d-048b-2c1d-b62c345e6092">
      <TestCategory>
        <TestCategoryItem TestCategory="UriHandling" />
      </TestCategory>
      <Execution id="2f850683-440d-4d6b-b7d9-8803cd7fed39" />
      <TestMethod codeBase="D:\actions-runner\_work\XPCO\XPCO\Corporate\Shared\Common.Integration\tst\VideoOS.Common.Integration.UnitTests\bin\x64\Debug\net472\VideoOS.Common.Integration.UnitTests.dll" adapterTypeName="executor://mstestadapter/v2" className="VideoOS.Common.Integration.UnitTests.Communication.UriHandlingUnitTests" name="CreateHttpUri_NoScheme_UseDefaultPortFalse_BecomesHttpPort80" />
    </UnitTest>
    <UnitTest name="Receive_EndPointNull_ArgumentNullExceptionThrown" storage="d:\actions-runner\_work\xpco\xpco\corporate\shared\common.integration\tst\videoos.common.integration.unittests\bin\x64\debug\net472\videoos.common.integration.unittests.dll" id="ba15acdf-6088-f803-6154-34aa090f0329">
      <Execution id="35ab5df5-c54b-4ccd-aefd-894f10c65d99" />
      <TestMethod codeBase="D:\actions-runner\_work\XPCO\XPCO\Corporate\Shared\Common.Integration\tst\VideoOS.Common.Integration.UnitTests\bin\x64\Debug\net472\VideoOS.Common.Integration.UnitTests.dll" adapterTypeName="executor://mstestadapter/v2" className="VideoOS.Common.Integration.WebApi.HttpClientCommunicatorUnitTests" name="Receive_EndPointNull_ArgumentNullExceptionThrown" />
    </UnitTest>
    <UnitTest name="TestMergeGridAreaWithNullAreas" storage="d:\actions-runner\_work\xpco\xpco\corporate\shared\common.integration\tst\videoos.common.integration.unittests\bin\x64\debug\net472\videoos.common.integration.unittests.dll" id="0a4bc126-219a-0816-c151-6a13384ad00a">
      <Execution id="9f62deb9-197e-48b6-a34d-d669417bebc6" />
      <TestMethod codeBase="D:\actions-runner\_work\XPCO\XPCO\Corporate\Shared\Common.Integration\tst\VideoOS.Common.Integration.UnitTests\bin\x64\Debug\net472\VideoOS.Common.Integration.UnitTests.dll" adapterTypeName="executor://mstestadapter/v2" className="VideoOS.Common.Integration.UnitTests.Configuration.FillableGridAreaUnitTest" name="TestMergeGridAreaWithNullAreas" />
    </UnitTest>
    <UnitTest name="ModelValidation_ValidModel_Success" storage="d:\actions-runner\_work\xpco\xpco\corporate\shared\common.integration\tst\videoos.common.integration.unittests\bin\x64\debug\net472\videoos.common.integration.unittests.dll" id="409fa761-3f5b-028c-2d05-81572d5dd09b">
      <Execution id="d042832b-cd08-4a9f-8281-53bf6e18f6a2" />
      <TestMethod codeBase="D:\actions-runner\_work\XPCO\XPCO\Corporate\Shared\Common.Integration\tst\VideoOS.Common.Integration.UnitTests\bin\x64\Debug\net472\VideoOS.Common.Integration.UnitTests.dll" adapterTypeName="executor://mstestadapter/v2" className="VideoOS.Common.Integration.UnitTests.WebAPI.Model.GetCompleteConfigurationModelTest" name="ModelValidation_ValidModel_Success" />
    </UnitTest>
    <UnitTest name="TestMergeGridAreaWithNonIntegerScalingFactorFirstAreaLarger" storage="d:\actions-runner\_work\xpco\xpco\corporate\shared\common.integration\tst\videoos.common.integration.unittests\bin\x64\debug\net472\videoos.common.integration.unittests.dll" id="82edf84a-50a6-b3ee-7be9-4c1d5e3bebbc">
      <Execution id="003b56cc-af49-4015-a6c0-f44b7a0250c2" />
      <TestMethod codeBase="D:\actions-runner\_work\XPCO\XPCO\Corporate\Shared\Common.Integration\tst\VideoOS.Common.Integration.UnitTests\bin\x64\Debug\net472\VideoOS.Common.Integration.UnitTests.dll" adapterTypeName="executor://mstestadapter/v2" className="VideoOS.Common.Integration.UnitTests.Configuration.FillableGridAreaUnitTest" name="TestMergeGridAreaWithNonIntegerScalingFactorFirstAreaLarger" />
    </UnitTest>
    <UnitTest name="FeatureManager_IsFeatureLicensed_License_Doc_Null" storage="d:\actions-runner\_work\xpco\xpco\corporate\shared\common.integration\tst\videoos.common.integration.unittests\bin\x64\debug\net472\videoos.common.integration.unittests.dll" id="8baaeaf7-4ae1-3cd6-0101-eb08430d598c">
      <Execution id="45fe549b-b5f9-4c10-83e3-4458c824b6ac" />
      <TestMethod codeBase="D:\actions-runner\_work\XPCO\XPCO\Corporate\Shared\Common.Integration\tst\VideoOS.Common.Integration.UnitTests\bin\x64\Debug\net472\VideoOS.Common.Integration.UnitTests.dll" adapterTypeName="executor://mstestadapter/v2" className="VideoOS.Common.Integration.UnitTests.License.FeatureManagerTest" name="FeatureManager_IsFeatureLicensed_License_Doc_Null" />
    </UnitTest>
    <UnitTest name="DecryptingSmtpPasswordSystemSetting" storage="d:\actions-runner\_work\xpco\xpco\corporate\shared\common.integration\tst\videoos.common.integration.unittests\bin\x64\debug\net472\videoos.common.integration.unittests.dll" id="aaeac908-ec85-0403-dc8f-861a68273bb8">
      <Execution id="cdcbe3fd-2e91-4958-bdbe-4121f828eaab" />
      <TestMethod codeBase="D:\actions-runner\_work\XPCO\XPCO\Corporate\Shared\Common.Integration\tst\VideoOS.Common.Integration.UnitTests\bin\x64\Debug\net472\VideoOS.Common.Integration.UnitTests.dll" adapterTypeName="executor://mstestadapter/v2" className="VideoOS.Common.Integration.UnitTests.Configuration.XmlEncryptionHelperTests" name="DecryptingSmtpPasswordSystemSetting" />
    </UnitTest>
    <UnitTest name="BulkProcessor_IsClosing_WaitForRunningTaskToComplete" storage="d:\actions-runner\_work\xpco\xpco\corporate\shared\common.integration\tst\videoos.common.integration.unittests\bin\x64\debug\net472\videoos.common.integration.unittests.dll" id="a65d9d49-2d35-c77e-fc7d-d95914c1d90b">
      <Execution id="444a1ba6-9093-4ba1-a757-848a2c271086" />
      <TestMethod codeBase="D:\actions-runner\_work\XPCO\XPCO\Corporate\Shared\Common.Integration\tst\VideoOS.Common.Integration.UnitTests\bin\x64\Debug\net472\VideoOS.Common.Integration.UnitTests.dll" adapterTypeName="executor://mstestadapter/v2" className="VideoOS.Common.Integration.UnitTests.MessageProcessing.BulkProcessorUnitTest" name="BulkProcessor_IsClosing_WaitForRunningTaskToComplete" />
    </UnitTest>
    <UnitTest name="DatabaseResponseDiskUsageModel_Validate_Success" storage="d:\actions-runner\_work\xpco\xpco\corporate\shared\common.integration\tst\videoos.common.integration.unittests\bin\x64\debug\net472\videoos.common.integration.unittests.dll" id="ff051a78-1ed7-0693-1c8c-ec554b972657">
      <Execution id="4791f3b0-1a59-4622-b202-50a5067c1cd4" />
      <TestMethod codeBase="D:\actions-runner\_work\XPCO\XPCO\Corporate\Shared\Common.Integration\tst\VideoOS.Common.Integration.UnitTests\bin\x64\Debug\net472\VideoOS.Common.Integration.UnitTests.dll" adapterTypeName="executor://mstestadapter/v2" className="VideoOS.Common.Integration.UnitTests.WebApi.Model.DatabaseResponseModelTest" name="DatabaseResponseDiskUsageModel_Validate_Success" />
    </UnitTest>
    <UnitTest name="Update_XmlHasNoPassword_XmlIsUnchanged" storage="d:\actions-runner\_work\xpco\xpco\corporate\shared\common.integration\tst\videoos.common.integration.unittests\bin\x64\debug\net472\videoos.common.integration.unittests.dll" id="704dfcc7-0671-d060-5f0f-23483247cded">
      <Execution id="3a2dca44-f527-4f83-bebe-11c76ee453ca" />
      <TestMethod codeBase="D:\actions-runner\_work\XPCO\XPCO\Corporate\Shared\Common.Integration\tst\VideoOS.Common.Integration.UnitTests\bin\x64\Debug\net472\VideoOS.Common.Integration.UnitTests.dll" adapterTypeName="executor://mstestadapter/v2" className="VideoOS.Common.Integration.UnitTests.Configuration.ConfigurationDataSetEncryption.ChangeHardwarePasswordEncryptionTests" name="Update_XmlHasNoPassword_XmlIsUnchanged" />
    </UnitTest>
    <UnitTest name="HardwareInfo_HasEnabledCameras_ReturnsTrueWhenEnabledCameras" storage="d:\actions-runner\_work\xpco\xpco\corporate\shared\common.integration\tst\videoos.common.integration.unittests\bin\x64\debug\net472\videoos.common.integration.unittests.dll" id="151e40a6-82e2-257b-646b-68f23335d235">
      <Execution id="9fb0b8d9-5340-4792-8a62-a724daa0fc9a" />
      <TestMethod codeBase="D:\actions-runner\_work\XPCO\XPCO\Corporate\Shared\Common.Integration\tst\VideoOS.Common.Integration.UnitTests\bin\x64\Debug\net472\VideoOS.Common.Integration.UnitTests.dll" adapterTypeName="executor://mstestadapter/v2" className="VideoOS.Common.Integration.UnitTests.License.HardwareInfoTests" name="HardwareInfo_HasEnabledCameras_ReturnsTrueWhenEnabledCameras" />
    </UnitTest>
    <UnitTest name="CreateHttpUri_FtpDefaultPort_UseDefaultPortFalse_BecomesHttpPort80" storage="d:\actions-runner\_work\xpco\xpco\corporate\shared\common.integration\tst\videoos.common.integration.unittests\bin\x64\debug\net472\videoos.common.integration.unittests.dll" id="1c970708-7220-1d19-b08c-918ece35ceca">
      <TestCategory>
        <TestCategoryItem TestCategory="UriHandling" />
      </TestCategory>
      <Execution id="3a2de526-6b40-4bdf-a578-9c4d5a26a9bc" />
      <TestMethod codeBase="D:\actions-runner\_work\XPCO\XPCO\Corporate\Shared\Common.Integration\tst\VideoOS.Common.Integration.UnitTests\bin\x64\Debug\net472\VideoOS.Common.Integration.UnitTests.dll" adapterTypeName="executor://mstestadapter/v2" className="VideoOS.Common.Integration.UnitTests.Communication.UriHandlingUnitTests" name="CreateHttpUri_FtpDefaultPort_UseDefaultPortFalse_BecomesHttpPort80" />
    </UnitTest>
    <UnitTest name="Invoke_RequiredScopeNotFoundClaimsExists_403" storage="d:\actions-runner\_work\xpco\xpco\corporate\shared\common.integration\tst\videoos.common.integration.unittests\bin\x64\debug\net472\videoos.common.integration.unittests.dll" id="69d83804-d135-97e0-cd5d-24d6995ecaae">
      <Execution id="101a0248-90fd-4100-b7da-f2d280ea4362" />
      <TestMethod codeBase="D:\actions-runner\_work\XPCO\XPCO\Corporate\Shared\Common.Integration\tst\VideoOS.Common.Integration.UnitTests\bin\x64\Debug\net472\VideoOS.Common.Integration.UnitTests.dll" adapterTypeName="executor://mstestadapter/v2" className="VideoOS.Common.Integration.UnitTests.WebApi.Middleware.ScopeValidationMiddlewareTests" name="Invoke_RequiredScopeNotFoundClaimsExists_403" />
    </UnitTest>
    <UnitTest name="Validate_WhitelistedHardware_DoesNotAppearOnGrid_Warning_Success" storage="d:\actions-runner\_work\xpco\xpco\corporate\shared\common.integration\tst\videoos.common.integration.unittests\bin\x64\debug\net472\videoos.common.integration.unittests.dll" id="c98cf8cc-0896-31ae-431a-5052c6c62dbc">
      <Execution id="9ffab2d1-b093-4b14-ba5c-88456c602496" />
      <TestMethod codeBase="D:\actions-runner\_work\XPCO\XPCO\Corporate\Shared\Common.Integration\tst\VideoOS.Common.Integration.UnitTests\bin\x64\Debug\net472\VideoOS.Common.Integration.UnitTests.dll" adapterTypeName="executor://mstestadapter/v2" className="VideoOS.Common.Integration.UnitTests.License.LicenseReportGeneratorTests" name="Validate_WhitelistedHardware_DoesNotAppearOnGrid_Warning_Success" />
    </UnitTest>
    <UnitTest name="Validate_PopulateGrid_Success" storage="d:\actions-runner\_work\xpco\xpco\corporate\shared\common.integration\tst\videoos.common.integration.unittests\bin\x64\debug\net472\videoos.common.integration.unittests.dll" id="cbe78191-8ee7-aa77-0812-e3cb273c8da8">
      <Execution id="9d254e71-2420-4b39-a6df-bbfdabc46bc6" />
      <TestMethod codeBase="D:\actions-runner\_work\XPCO\XPCO\Corporate\Shared\Common.Integration\tst\VideoOS.Common.Integration.UnitTests\bin\x64\Debug\net472\VideoOS.Common.Integration.UnitTests.dll" adapterTypeName="executor://mstestadapter/v2" className="VideoOS.Common.Integration.UnitTests.License.LicenseReportGeneratorTests" name="Validate_PopulateGrid_Success" />
    </UnitTest>
    <UnitTest name="ModelValidation_ValidModel_Success" storage="d:\actions-runner\_work\xpco\xpco\corporate\shared\common.integration\tst\videoos.common.integration.unittests\bin\x64\debug\net472\videoos.common.integration.unittests.dll" id="6d028cae-975c-9626-0844-28571c5d64f9">
      <Execution id="e4450658-db24-428a-9226-ca5790662446" />
      <TestMethod codeBase="D:\actions-runner\_work\XPCO\XPCO\Corporate\Shared\Common.Integration\tst\VideoOS.Common.Integration.UnitTests\bin\x64\Debug\net472\VideoOS.Common.Integration.UnitTests.dll" adapterTypeName="executor://mstestadapter/v2" className="VideoOS.Common.Integration.UnitTests.WebAPI.Model.SynchronizeDevicePresetsModelTest" name="ModelValidation_ValidModel_Success" />
    </UnitTest>
    <UnitTest name="SendAsync_WithReturnValue_TaskIsExecuted" storage="d:\actions-runner\_work\xpco\xpco\corporate\shared\common.integration\tst\videoos.common.integration.unittests\bin\x64\debug\net472\videoos.common.integration.unittests.dll" id="1486195d-eb16-aa53-7b2a-dfba28d005af">
      <Execution id="a2dc3d71-ef22-49f3-9de4-a54a1b70295d" />
      <TestMethod codeBase="D:\actions-runner\_work\XPCO\XPCO\Corporate\Shared\Common.Integration\tst\VideoOS.Common.Integration.UnitTests\bin\x64\Debug\net472\VideoOS.Common.Integration.UnitTests.dll" adapterTypeName="executor://mstestadapter/v2" className="VideoOS.Common.Integration.WebApi.HttpClientCommunicatorUnitTests" name="SendAsync_WithReturnValue_TaskIsExecuted" />
    </UnitTest>
    <UnitTest name="ModelValidation_ValidModel_Success" storage="d:\actions-runner\_work\xpco\xpco\corporate\shared\common.integration\tst\videoos.common.integration.unittests\bin\x64\debug\net472\videoos.common.integration.unittests.dll" id="b2029071-4f36-b6e9-3c85-531ed31561dc">
      <Execution id="c3a8edff-7eac-4b61-8a55-d66d7673cee3" />
      <TestMethod codeBase="D:\actions-runner\_work\XPCO\XPCO\Corporate\Shared\Common.Integration\tst\VideoOS.Common.Integration.UnitTests\bin\x64\Debug\net472\VideoOS.Common.Integration.UnitTests.dll" adapterTypeName="executor://mstestadapter/v2" className="VideoOS.Common.Integration.UnitTests.WebAPI.Model.RemoveRecorderTaskModelTest" name="ModelValidation_ValidModel_Success" />
    </UnitTest>
    <UnitTest name="Device_Construct_ValidDeviceLicenseInfo_RemembersData_Success" storage="d:\actions-runner\_work\xpco\xpco\corporate\shared\common.integration\tst\videoos.common.integration.unittests\bin\x64\debug\net472\videoos.common.integration.unittests.dll" id="d7f370e0-fe25-def0-5962-ced37d225b3d">
      <Execution id="6c4921a6-b6f8-4c15-9f69-4890a693ad7c" />
      <TestMethod codeBase="D:\actions-runner\_work\XPCO\XPCO\Corporate\Shared\Common.Integration\tst\VideoOS.Common.Integration.UnitTests\bin\x64\Debug\net472\VideoOS.Common.Integration.UnitTests.dll" adapterTypeName="executor://mstestadapter/v2" className="VideoOS.Common.Integration.UnitTests.License.LicenseInfoTests" name="Device_Construct_ValidDeviceLicenseInfo_RemembersData_Success" />
    </UnitTest>
    <UnitTest name="RemoveItem_Null_ThrowArgumentNullException" storage="d:\actions-runner\_work\xpco\xpco\corporate\shared\common.integration\tst\videoos.common.integration.unittests\bin\x64\debug\net472\videoos.common.integration.unittests.dll" id="37c0bf53-89e8-8b86-b19f-c48fdc89accf">
      <Execution id="f6babd2d-d873-4dd2-9715-d26235845c9f" />
      <TestMethod codeBase="D:\actions-runner\_work\XPCO\XPCO\Corporate\Shared\Common.Integration\tst\VideoOS.Common.Integration.UnitTests\bin\x64\Debug\net472\VideoOS.Common.Integration.UnitTests.dll" adapterTypeName="executor://mstestadapter/v2" className="VideoOS.Common.Integration.UnitTests.LinkedListIndexUnitTests" name="RemoveItem_Null_ThrowArgumentNullException" />
    </UnitTest>
    <UnitTest name="ServiceContainer_GetRequiredService_ServiceRegistered_IsNotNull" storage="d:\actions-runner\_work\xpco\xpco\corporate\shared\common.integration\tst\videoos.common.integration.unittests\bin\x64\debug\net472\videoos.common.integration.unittests.dll" id="f5445669-43ba-6d54-8564-853499572f07">
      <TestCategory>
        <TestCategoryItem TestCategory="ServiceContainer" />
      </TestCategory>
      <Execution id="35f7af72-a9df-42c6-a0ae-1ff81237717f" />
      <TestMethod codeBase="D:\actions-runner\_work\XPCO\XPCO\Corporate\Shared\Common.Integration\tst\VideoOS.Common.Integration.UnitTests\bin\x64\Debug\net472\VideoOS.Common.Integration.UnitTests.dll" adapterTypeName="executor://mstestadapter/v2" className="VideoOS.Common.Integration.ServiceContainerTests.ServiceContainerUnitTests" name="ServiceContainer_GetRequiredService_ServiceRegistered_IsNotNull" />
    </UnitTest>
    <UnitTest name="Encrypt" storage="d:\actions-runner\_work\xpco\xpco\corporate\shared\common.integration\tst\videoos.common.integration.unittests\bin\x64\debug\net472\videoos.common.integration.unittests.dll" id="7e0ca6a5-922a-0337-19d0-64f05d139001">
      <Execution id="ba05865c-41b5-4374-aec1-56d8df09fc3d" />
      <TestMethod codeBase="D:\actions-runner\_work\XPCO\XPCO\Corporate\Shared\Common.Integration\tst\VideoOS.Common.Integration.UnitTests\bin\x64\Debug\net472\VideoOS.Common.Integration.UnitTests.dll" adapterTypeName="executor://mstestadapter/v2" className="VideoOS.Common.Integration.UnitTests.Configuration.SettingsXmlTransformerTests" name="Encrypt" />
    </UnitTest>
    <UnitTest name="RecorderInformationModel_ValidModel_Success" storage="d:\actions-runner\_work\xpco\xpco\corporate\shared\common.integration\tst\videoos.common.integration.unittests\bin\x64\debug\net472\videoos.common.integration.unittests.dll" id="0c4733e4-a4d6-a2ad-6a8d-00ea837e2d42">
      <Execution id="b14fde13-e9ee-4dad-ad22-46f6d1c38369" />
      <TestMethod codeBase="D:\actions-runner\_work\XPCO\XPCO\Corporate\Shared\Common.Integration\tst\VideoOS.Common.Integration.UnitTests\bin\x64\Debug\net472\VideoOS.Common.Integration.UnitTests.dll" adapterTypeName="executor://mstestadapter/v2" className="VideoOS.Common.Integration.UnitTests.WebAPI.Model.Server.RecorderInformationModelTest" name="RecorderInformationModel_ValidModel_Success" />
    </UnitTest>
    <UnitTest name="ServiceDiscoveryEngine_Construction_Provider_Null_ArgumentNullException" storage="d:\actions-runner\_work\xpco\xpco\corporate\shared\common.integration\tst\videoos.common.integration.unittests\bin\x64\debug\net472\videoos.common.integration.unittests.dll" id="270a257e-24da-16b7-6595-e3fddd9800b4">
      <Execution id="fca4cca2-6ab2-43d4-a61b-ed47d8e199c5" />
      <TestMethod codeBase="D:\actions-runner\_work\XPCO\XPCO\Corporate\Shared\Common.Integration\tst\VideoOS.Common.Integration.UnitTests\bin\x64\Debug\net472\VideoOS.Common.Integration.UnitTests.dll" adapterTypeName="executor://mstestadapter/v2" className="VideoOS.Common.Integration.UnitTests.WebAPI.Exceptions.ServiceDiscoveryEngineTests" name="ServiceDiscoveryEngine_Construction_Provider_Null_ArgumentNullException" />
    </UnitTest>
    <UnitTest name="LicenseDocument_IsFeatureLicensed_ExistingFeatureNotExpired" storage="d:\actions-runner\_work\xpco\xpco\corporate\shared\common.integration\tst\videoos.common.integration.unittests\bin\x64\debug\net472\videoos.common.integration.unittests.dll" id="44ffeb6d-cf9c-51d6-578b-63781cff588e">
      <TestCategory>
        <TestCategoryItem TestCategory="LicenseDocumentTest" />
      </TestCategory>
      <Execution id="ba4c2d22-fa17-430c-90ed-c37f25dcf0b6" />
      <TestMethod codeBase="D:\actions-runner\_work\XPCO\XPCO\Corporate\Shared\Common.Integration\tst\VideoOS.Common.Integration.UnitTests\bin\x64\Debug\net472\VideoOS.Common.Integration.UnitTests.dll" adapterTypeName="executor://mstestadapter/v2" className="VideoOS.Common.Integration.UnitTests.License.LicenseDocumentTests" name="LicenseDocument_IsFeatureLicensed_ExistingFeatureNotExpired" />
    </UnitTest>
    <UnitTest name="LogEntryModel_ValidModel_Success" storage="d:\actions-runner\_work\xpco\xpco\corporate\shared\common.integration\tst\videoos.common.integration.unittests\bin\x64\debug\net472\videoos.common.integration.unittests.dll" id="68ccb6a0-0a32-72a5-c4e1-992149caf9d9">
      <Execution id="feb6ed91-6af5-426f-b973-5f90a762c85a" />
      <TestMethod codeBase="D:\actions-runner\_work\XPCO\XPCO\Corporate\Shared\Common.Integration\tst\VideoOS.Common.Integration.UnitTests\bin\x64\Debug\net472\VideoOS.Common.Integration.UnitTests.dll" adapterTypeName="executor://mstestadapter/v2" className="VideoOS.Common.Integration.UnitTests.WebAPI.Model.Server.LogEntryModelTest" name="LogEntryModel_ValidModel_Success" />
    </UnitTest>
    <UnitTest name="Validate_PartialMatch_Found_MiddleOfWord_UpperCase_Success" storage="d:\actions-runner\_work\xpco\xpco\corporate\shared\common.integration\tst\videoos.common.integration.unittests\bin\x64\debug\net472\videoos.common.integration.unittests.dll" id="acc3616e-6edb-c21d-85f8-23038da3543e">
      <Execution id="f7fe8ee8-ff18-483b-9ef5-748bab83f814" />
      <TestMethod codeBase="D:\actions-runner\_work\XPCO\XPCO\Corporate\Shared\Common.Integration\tst\VideoOS.Common.Integration.UnitTests\bin\x64\Debug\net472\VideoOS.Common.Integration.UnitTests.dll" adapterTypeName="executor://mstestadapter/v2" className="VideoOS.Common.Integration.UnitTests.License.WhitelistMatchHelperTests" name="Validate_PartialMatch_Found_MiddleOfWord_UpperCase_Success" />
    </UnitTest>
    <UnitTest name="ReadChildElementValueAsUInt16_RangeCheck_Max" storage="d:\actions-runner\_work\xpco\xpco\corporate\shared\common.integration\tst\videoos.common.integration.unittests\bin\x64\debug\net472\videoos.common.integration.unittests.dll" id="74b86e9a-6188-d98e-2f67-4a9ace7fd33e">
      <Execution id="b59b8a5b-e924-45a2-8cae-f440a84eec0e" />
      <TestMethod codeBase="D:\actions-runner\_work\XPCO\XPCO\Corporate\Shared\Common.Integration\tst\VideoOS.Common.Integration.UnitTests\bin\x64\Debug\net472\VideoOS.Common.Integration.UnitTests.dll" adapterTypeName="executor://mstestadapter/v2" className="VideoOS.Common.Integration.UnitTests.XmlDocumentExtensionsCoreUnitTests" name="ReadChildElementValueAsUInt16_RangeCheck_Max" />
    </UnitTest>
    <UnitTest name="RulesTableAdapter_SetUserSid_Success" storage="d:\actions-runner\_work\xpco\xpco\corporate\shared\common.integration\tst\videoos.common.integration.unittests\bin\x64\debug\net472\videoos.common.integration.unittests.dll" id="1d054e10-b9f0-cd43-abb1-c8e31c326452">
      <Execution id="b19c18e3-6ac6-4a60-92bf-f430acde8040" />
      <TestMethod codeBase="D:\actions-runner\_work\XPCO\XPCO\Corporate\Shared\Common.Integration\tst\VideoOS.Common.Integration.UnitTests\bin\x64\Debug\net472\VideoOS.Common.Integration.UnitTests.dll" adapterTypeName="executor://mstestadapter/v2" className="VideoOS.Common.Integration.UnitTests.Configuration.RulesTableAdapterUnitTests" name="RulesTableAdapter_SetUserSid_Success" />
    </UnitTest>
    <UnitTest name="RecorderInfo_ClearExistingLicenseInformation_Success" storage="d:\actions-runner\_work\xpco\xpco\corporate\shared\common.integration\tst\videoos.common.integration.unittests\bin\x64\debug\net472\videoos.common.integration.unittests.dll" id="f889b14a-664f-744f-a2cb-4aa7c58e7de3">
      <Execution id="174e047f-7d2b-432d-821d-4f1c7b493e2b" />
      <TestMethod codeBase="D:\actions-runner\_work\XPCO\XPCO\Corporate\Shared\Common.Integration\tst\VideoOS.Common.Integration.UnitTests\bin\x64\Debug\net472\VideoOS.Common.Integration.UnitTests.dll" adapterTypeName="executor://mstestadapter/v2" className="VideoOS.Common.Integration.UnitTests.License.RecorderInfoTests" name="RecorderInfo_ClearExistingLicenseInformation_Success" />
    </UnitTest>
    <UnitTest name="WhiteList_IsHardwareWhiteListed_NotWhiteListed_ReturnsFalse_ChannelLicenseCountIs5" storage="d:\actions-runner\_work\xpco\xpco\corporate\shared\common.integration\tst\videoos.common.integration.unittests\bin\x64\debug\net472\videoos.common.integration.unittests.dll" id="ff6c75a8-130a-8924-3015-b235afcf0212">
      <TestCategory>
        <TestCategoryItem TestCategory="Licensing" />
      </TestCategory>
      <Execution id="c42b87d7-03cc-4760-a888-439752e26194" />
      <TestMethod codeBase="D:\actions-runner\_work\XPCO\XPCO\Corporate\Shared\Common.Integration\tst\VideoOS.Common.Integration.UnitTests\bin\x64\Debug\net472\VideoOS.Common.Integration.UnitTests.dll" adapterTypeName="executor://mstestadapter/v2" className="VideoOS.Common.Integration.UnitTests.License.LicenseWhitelistTests" name="WhiteList_IsHardwareWhiteListed_NotWhiteListed_ReturnsFalse_ChannelLicenseCountIs5" />
    </UnitTest>
    <UnitTest name="Config_To_Xml_To_Config_Success" storage="d:\actions-runner\_work\xpco\xpco\corporate\shared\common.integration\tst\videoos.common.integration.unittests\bin\x64\debug\net472\videoos.common.integration.unittests.dll" id="918449ac-7842-0217-48ec-6ef6d3756493">
      <Execution id="771d3241-6fb1-49cc-a283-ca6b47162097" />
      <TestMethod codeBase="D:\actions-runner\_work\XPCO\XPCO\Corporate\Shared\Common.Integration\tst\VideoOS.Common.Integration.UnitTests\bin\x64\Debug\net472\VideoOS.Common.Integration.UnitTests.dll" adapterTypeName="executor://mstestadapter/v2" className="VideoOS.Common.Integration.UnitTests.Configuration.MotionDetectionSettingsUnitTests" name="Config_To_Xml_To_Config_Success" />
    </UnitTest>
    <UnitTest name="CreateHttpsUri_EmptyString_ThrowsInvalidOperationException" storage="d:\actions-runner\_work\xpco\xpco\corporate\shared\common.integration\tst\videoos.common.integration.unittests\bin\x64\debug\net472\videoos.common.integration.unittests.dll" id="d252adb4-e090-bd7b-ab92-ac3b1cb1a962">
      <TestCategory>
        <TestCategoryItem TestCategory="UriHandling" />
      </TestCategory>
      <Execution id="8f80d415-6a30-4010-bdb9-20409734f4ea" />
      <TestMethod codeBase="D:\actions-runner\_work\XPCO\XPCO\Corporate\Shared\Common.Integration\tst\VideoOS.Common.Integration.UnitTests\bin\x64\Debug\net472\VideoOS.Common.Integration.UnitTests.dll" adapterTypeName="executor://mstestadapter/v2" className="VideoOS.Common.Integration.UnitTests.Communication.UriHandlingUnitTests" name="CreateHttpsUri_EmptyString_ThrowsInvalidOperationException" />
    </UnitTest>
    <UnitTest name="SendAsync_InvalidOperationExceptionThrown_ExceptionLoggedAndDefaultValueReturned" storage="d:\actions-runner\_work\xpco\xpco\corporate\shared\common.integration\tst\videoos.common.integration.unittests\bin\x64\debug\net472\videoos.common.integration.unittests.dll" id="80f1ea91-f20c-3fe2-9335-c00d37b77bfe">
      <Execution id="f945ca2d-87af-4c11-9c9d-4900ab922b6d" />
      <TestMethod codeBase="D:\actions-runner\_work\XPCO\XPCO\Corporate\Shared\Common.Integration\tst\VideoOS.Common.Integration.UnitTests\bin\x64\Debug\net472\VideoOS.Common.Integration.UnitTests.dll" adapterTypeName="executor://mstestadapter/v2" className="VideoOS.Common.Integration.WebApi.HttpClientCommunicatorUnitTests" name="SendAsync_InvalidOperationExceptionThrown_ExceptionLoggedAndDefaultValueReturned" />
    </UnitTest>
    <UnitTest name="LicenseActivationService_AcquireLicense_Success" storage="d:\actions-runner\_work\xpco\xpco\corporate\shared\common.integration\tst\videoos.common.integration.unittests\bin\x64\debug\net472\videoos.common.integration.unittests.dll" id="d6af1beb-a7df-3934-d40f-36ca6ad8df18">
      <Execution id="be53bb59-b864-4fb6-bfd7-fa22b3306e43" />
      <TestMethod codeBase="D:\actions-runner\_work\XPCO\XPCO\Corporate\Shared\Common.Integration\tst\VideoOS.Common.Integration.UnitTests\bin\x64\Debug\net472\VideoOS.Common.Integration.UnitTests.dll" adapterTypeName="executor://mstestadapter/v2" className="VideoOS.Common.Integration.UnitTests.License.LicenseActivationServiceTests" name="LicenseActivationService_AcquireLicense_Success" />
    </UnitTest>
    <UnitTest name="CertificateSelection2_FromXml_NullCheck" storage="d:\actions-runner\_work\xpco\xpco\corporate\shared\common.integration\tst\videoos.common.integration.unittests\bin\x64\debug\net472\videoos.common.integration.unittests.dll" id="8b1df241-cd7c-f32a-3610-e625520de45c">
      <Execution id="695c4f71-f5ab-4a34-8843-32f918980bf1" />
      <TestMethod codeBase="D:\actions-runner\_work\XPCO\XPCO\Corporate\Shared\Common.Integration\tst\VideoOS.Common.Integration.UnitTests\bin\x64\Debug\net472\VideoOS.Common.Integration.UnitTests.dll" adapterTypeName="executor://mstestadapter/v2" className="VideoOS.Common.Integration.UnitTests.CertificateHandling.CertificateSelection2Tests" name="CertificateSelection2_FromXml_NullCheck" />
    </UnitTest>
    <UnitTest name="ExecuteRuleActionModel_RequiredPropertiesAreNull_Failed" storage="d:\actions-runner\_work\xpco\xpco\corporate\shared\common.integration\tst\videoos.common.integration.unittests\bin\x64\debug\net472\videoos.common.integration.unittests.dll" id="6aa0d825-352e-12e2-e9d6-4b6970a56970">
      <Execution id="eed9fd75-dbe0-4576-9672-e110757e59fd" />
      <TestMethod codeBase="D:\actions-runner\_work\XPCO\XPCO\Corporate\Shared\Common.Integration\tst\VideoOS.Common.Integration.UnitTests\bin\x64\Debug\net472\VideoOS.Common.Integration.UnitTests.dll" adapterTypeName="executor://mstestadapter/v2" className="VideoOS.Common.Integration.UnitTests.WebAPI.Model.Server.ExecuteRuleActionModelTests" name="ExecuteRuleActionModel_RequiredPropertiesAreNull_Failed" />
    </UnitTest>
    <UnitTest name="ReadIdentitiesFromCache_GetSomeFromCache" storage="d:\actions-runner\_work\xpco\xpco\corporate\shared\common.integration\tst\videoos.common.integration.unittests\bin\x64\debug\net472\videoos.common.integration.unittests.dll" id="3989b743-87a0-8a10-8f96-8667b762d36d">
      <Execution id="df3ef9f5-05cb-4a65-8893-ec8133306de8" />
      <TestMethod codeBase="D:\actions-runner\_work\XPCO\XPCO\Corporate\Shared\Common.Integration\tst\VideoOS.Common.Integration.UnitTests\bin\x64\Debug\net472\VideoOS.Common.Integration.UnitTests.dll" adapterTypeName="executor://mstestadapter/v2" className="VideoOS.Common.Integration.UnitTests.Caching.SecurityIdentityCacheUnitTests" name="ReadIdentitiesFromCache_GetSomeFromCache" />
    </UnitTest>
    <UnitTest name="ServerFileStorage_ReturnStorage_FreesQuota" storage="d:\actions-runner\_work\xpco\xpco\corporate\shared\common.integration\tst\videoos.common.integration.unittests\bin\x64\debug\net472\videoos.common.integration.unittests.dll" id="83631672-552f-dfce-daa3-28bbba2f670e">
      <Execution id="d842dd8a-b3ea-48d8-a9ea-f7be057a0433" />
      <TestMethod codeBase="D:\actions-runner\_work\XPCO\XPCO\Corporate\Shared\Common.Integration\tst\VideoOS.Common.Integration.UnitTests\bin\x64\Debug\net472\VideoOS.Common.Integration.UnitTests.dll" adapterTypeName="executor://mstestadapter/v2" className="VideoOS.Common.Integration.UnitTests.ServerFileStorageTests" name="ServerFileStorage_ReturnStorage_FreesQuota" />
    </UnitTest>
    <UnitTest name="ReadChildElementValueAsUInt16_ElementNull" storage="d:\actions-runner\_work\xpco\xpco\corporate\shared\common.integration\tst\videoos.common.integration.unittests\bin\x64\debug\net472\videoos.common.integration.unittests.dll" id="1ff61087-88e9-c98e-4497-f32bf1d35743">
      <Execution id="04ec84b6-c03a-43cd-bfa9-82b72fa65d1a" />
      <TestMethod codeBase="D:\actions-runner\_work\XPCO\XPCO\Corporate\Shared\Common.Integration\tst\VideoOS.Common.Integration.UnitTests\bin\x64\Debug\net472\VideoOS.Common.Integration.UnitTests.dll" adapterTypeName="executor://mstestadapter/v2" className="VideoOS.Common.Integration.UnitTests.XmlDocumentExtensionsCoreUnitTests" name="ReadChildElementValueAsUInt16_ElementNull" />
    </UnitTest>
    <UnitTest name="StreamsConfiguration_EnsureLiveDefaultAndRecordTreads_No_DefaultLive_Or_RunAlways_Record_Selected" storage="d:\actions-runner\_work\xpco\xpco\corporate\shared\common.integration\tst\videoos.common.integration.unittests\bin\x64\debug\net472\videoos.common.integration.unittests.dll" id="ddcb4ee4-5365-dfaa-cb65-e340de8752cc">
      <Execution id="7b0aa6ab-2d2a-44a8-866b-744e5889de65" />
      <TestMethod codeBase="D:\actions-runner\_work\XPCO\XPCO\Corporate\Shared\Common.Integration\tst\VideoOS.Common.Integration.UnitTests\bin\x64\Debug\net472\VideoOS.Common.Integration.UnitTests.dll" adapterTypeName="executor://mstestadapter/v2" className="VideoOS.Common.Integration.UnitTests.StreamsConfigurationUnitTests" name="StreamsConfiguration_EnsureLiveDefaultAndRecordTreads_No_DefaultLive_Or_RunAlways_Record_Selected" />
    </UnitTest>
    <UnitTest name="ExceptionResponseModel_Validate_Success" storage="d:\actions-runner\_work\xpco\xpco\corporate\shared\common.integration\tst\videoos.common.integration.unittests\bin\x64\debug\net472\videoos.common.integration.unittests.dll" id="e7fbce8b-95c9-d055-40af-2eb2cd0c6e85">
      <Execution id="dfa0d2f6-1354-4023-b50a-ab5ffa04adae" />
      <TestMethod codeBase="D:\actions-runner\_work\XPCO\XPCO\Corporate\Shared\Common.Integration\tst\VideoOS.Common.Integration.UnitTests\bin\x64\Debug\net472\VideoOS.Common.Integration.UnitTests.dll" adapterTypeName="executor://mstestadapter/v2" className="VideoOS.Common.Integration.UnitTests.WebAPI.Model.Recorder.Responses.ExceptionResponseModelTest" name="ExceptionResponseModel_Validate_Success" />
    </UnitTest>
    <UnitTest name="QueryDeviceEvidenceLockSizesModelTests_Validate_Success" storage="d:\actions-runner\_work\xpco\xpco\corporate\shared\common.integration\tst\videoos.common.integration.unittests\bin\x64\debug\net472\videoos.common.integration.unittests.dll" id="927fcf95-531f-3f66-c3c7-cf916d91798a">
      <Execution id="4e7bf7dd-e7c5-49e7-a8e3-19a27c6c224c" />
      <TestMethod codeBase="D:\actions-runner\_work\XPCO\XPCO\Corporate\Shared\Common.Integration\tst\VideoOS.Common.Integration.UnitTests\bin\x64\Debug\net472\VideoOS.Common.Integration.UnitTests.dll" adapterTypeName="executor://mstestadapter/v2" className="VideoOS.Common.Integration.UnitTests.WebAPI.Model.QueryDeviceEvidenceLockSizesModelTests" name="QueryDeviceEvidenceLockSizesModelTests_Validate_Success" />
    </UnitTest>
    <UnitTest name="Decrypt_DataSetHasEmptyPassword_PasswordIsStillEmpty" storage="d:\actions-runner\_work\xpco\xpco\corporate\shared\common.integration\tst\videoos.common.integration.unittests\bin\x64\debug\net472\videoos.common.integration.unittests.dll" id="b3831e90-6f33-ed0c-47d4-34fdb0707b81">
      <Execution id="24665e26-bfec-44ad-9268-2621d7527b19" />
      <TestMethod codeBase="D:\actions-runner\_work\XPCO\XPCO\Corporate\Shared\Common.Integration\tst\VideoOS.Common.Integration.UnitTests\bin\x64\Debug\net472\VideoOS.Common.Integration.UnitTests.dll" adapterTypeName="executor://mstestadapter/v2" className="VideoOS.Common.Integration.UnitTests.Configuration.HostingServerTableAdapterTests" name="Decrypt_DataSetHasEmptyPassword_PasswordIsStillEmpty" />
    </UnitTest>
    <UnitTest name="LicenseDocument_Constructor_Success_OnValidChannelLicensingMode" storage="d:\actions-runner\_work\xpco\xpco\corporate\shared\common.integration\tst\videoos.common.integration.unittests\bin\x64\debug\net472\videoos.common.integration.unittests.dll" id="e60113ed-a422-020f-6cdd-b7c5c137b613">
      <TestCategory>
        <TestCategoryItem TestCategory="LicenseDocumentTest" />
      </TestCategory>
      <Execution id="5e15e4f1-7ccd-4bbf-97e7-1223d3ebd988" />
      <TestMethod codeBase="D:\actions-runner\_work\XPCO\XPCO\Corporate\Shared\Common.Integration\tst\VideoOS.Common.Integration.UnitTests\bin\x64\Debug\net472\VideoOS.Common.Integration.UnitTests.dll" adapterTypeName="executor://mstestadapter/v2" className="VideoOS.Common.Integration.UnitTests.License.LicenseDocumentTests" name="LicenseDocument_Constructor_Success_OnValidChannelLicensingMode" />
    </UnitTest>
    <UnitTest name="PrepareMoveHardwareResponseModel_NoValuesSet_ValidationFailure" storage="d:\actions-runner\_work\xpco\xpco\corporate\shared\common.integration\tst\videoos.common.integration.unittests\bin\x64\debug\net472\videoos.common.integration.unittests.dll" id="9a37961d-285f-d717-1fca-052a6bf88ce6">
      <Execution id="49aea5ed-3c3d-4947-a1aa-4acc886215ca" />
      <TestMethod codeBase="D:\actions-runner\_work\XPCO\XPCO\Corporate\Shared\Common.Integration\tst\VideoOS.Common.Integration.UnitTests\bin\x64\Debug\net472\VideoOS.Common.Integration.UnitTests.dll" adapterTypeName="executor://mstestadapter/v2" className="VideoOS.Common.Integration.UnitTests.WebApi.Model.PrepareMoveHardwareResponseModelTest" name="PrepareMoveHardwareResponseModel_NoValuesSet_ValidationFailure" />
    </UnitTest>
    <UnitTest name="TestMergeGridAreaWithSameSizedValidAreas" storage="d:\actions-runner\_work\xpco\xpco\corporate\shared\common.integration\tst\videoos.common.integration.unittests\bin\x64\debug\net472\videoos.common.integration.unittests.dll" id="15545652-b05c-7610-0ef9-a9ee3a46f84b">
      <Execution id="7b95761c-7ff5-4029-a97e-8adffd445fdf" />
      <TestMethod codeBase="D:\actions-runner\_work\XPCO\XPCO\Corporate\Shared\Common.Integration\tst\VideoOS.Common.Integration.UnitTests\bin\x64\Debug\net472\VideoOS.Common.Integration.UnitTests.dll" adapterTypeName="executor://mstestadapter/v2" className="VideoOS.Common.Integration.UnitTests.Configuration.FillableGridAreaUnitTest" name="TestMergeGridAreaWithSameSizedValidAreas" />
    </UnitTest>
    <UnitTest name="EnsureMacAddressNotEmpty1" storage="d:\actions-runner\_work\xpco\xpco\corporate\shared\common.integration\tst\videoos.common.integration.unittests\bin\x64\debug\net472\videoos.common.integration.unittests.dll" id="4c510a6e-e7c1-d666-698f-9d3f71c9b262">
      <Execution id="a435a624-d2f6-4dc5-8d53-e9f4e58d9319" />
      <TestMethod codeBase="D:\actions-runner\_work\XPCO\XPCO\Corporate\Shared\Common.Integration\tst\VideoOS.Common.Integration.UnitTests\bin\x64\Debug\net472\VideoOS.Common.Integration.UnitTests.dll" adapterTypeName="executor://mstestadapter/v2" className="VideoOS.Common.Integration.UnitTests.DriverDefinition.DefinitionUtilityTests" name="EnsureMacAddressNotEmpty1" />
    </UnitTest>
    <UnitTest name="GenericDewarpSettings_DefaultValues_Success" storage="d:\actions-runner\_work\xpco\xpco\corporate\shared\common.integration\tst\videoos.common.integration.unittests\bin\x64\debug\net472\videoos.common.integration.unittests.dll" id="90cde211-4a08-f849-89f3-e53a366c9c3c">
      <Execution id="90872d1e-763a-4bc9-9a03-b67e5a76806b" />
      <TestMethod codeBase="D:\actions-runner\_work\XPCO\XPCO\Corporate\Shared\Common.Integration\tst\VideoOS.Common.Integration.UnitTests\bin\x64\Debug\net472\VideoOS.Common.Integration.UnitTests.dll" adapterTypeName="executor://mstestadapter/v2" className="VideoOS.Common.Integration.UnitTests.GenericDewarpSettingsUnitTest" name="GenericDewarpSettings_DefaultValues_Success" />
    </UnitTest>
    <UnitTest name="EncryptingHardware" storage="d:\actions-runner\_work\xpco\xpco\corporate\shared\common.integration\tst\videoos.common.integration.unittests\bin\x64\debug\net472\videoos.common.integration.unittests.dll" id="926436bb-6ad1-4c45-7e27-4f7121382ea2">
      <Execution id="ec22b1ac-6481-49f8-ba73-7dd288cdf60b" />
      <TestMethod codeBase="D:\actions-runner\_work\XPCO\XPCO\Corporate\Shared\Common.Integration\tst\VideoOS.Common.Integration.UnitTests\bin\x64\Debug\net472\VideoOS.Common.Integration.UnitTests.dll" adapterTypeName="executor://mstestadapter/v2" className="VideoOS.Common.Integration.UnitTests.Configuration.XmlEncryptionHelperTests" name="EncryptingHardware" />
    </UnitTest>
    <UnitTest name="PatchAsync_EndPointIsNull_ArgumentNullExceptionThrown" storage="d:\actions-runner\_work\xpco\xpco\corporate\shared\common.integration\tst\videoos.common.integration.unittests\bin\x64\debug\net472\videoos.common.integration.unittests.dll" id="91b088af-4d20-a693-7919-4e27e55ce584">
      <Execution id="368bb3c6-32c3-4093-9878-4b250f373a5a" />
      <TestMethod codeBase="D:\actions-runner\_work\XPCO\XPCO\Corporate\Shared\Common.Integration\tst\VideoOS.Common.Integration.UnitTests\bin\x64\Debug\net472\VideoOS.Common.Integration.UnitTests.dll" adapterTypeName="executor://mstestadapter/v2" className="VideoOS.Common.Integration.WebApi.HttpClientCommunicatorUnitTests" name="PatchAsync_EndPointIsNull_ArgumentNullExceptionThrown" />
    </UnitTest>
    <UnitTest name="ReadAttributeAsInt32_ElementNull" storage="d:\actions-runner\_work\xpco\xpco\corporate\shared\common.integration\tst\videoos.common.integration.unittests\bin\x64\debug\net472\videoos.common.integration.unittests.dll" id="034cacf8-9f7d-400e-afbf-7d73cb71f548">
      <Execution id="de2b3429-5feb-4cb1-9fe3-0b0827e9fa64" />
      <TestMethod codeBase="D:\actions-runner\_work\XPCO\XPCO\Corporate\Shared\Common.Integration\tst\VideoOS.Common.Integration.UnitTests\bin\x64\Debug\net472\VideoOS.Common.Integration.UnitTests.dll" adapterTypeName="executor://mstestadapter/v2" className="VideoOS.Common.Integration.UnitTests.XmlDocumentExtensionsCoreUnitTests" name="ReadAttributeAsInt32_ElementNull" />
    </UnitTest>
    <UnitTest name="FileUploadSynchronizer_Upload_SameFile_To_SameRecorder_Twice_WithDelay_UploadsTwice" storage="d:\actions-runner\_work\xpco\xpco\corporate\shared\common.integration\tst\videoos.common.integration.unittests\bin\x64\debug\net472\videoos.common.integration.unittests.dll" id="76ee60ce-bef2-38f8-84fa-8071278cc569">
      <Execution id="1f086790-cbb6-49ce-902c-71b496cadb09" />
      <TestMethod codeBase="D:\actions-runner\_work\XPCO\XPCO\Corporate\Shared\Common.Integration\tst\VideoOS.Common.Integration.UnitTests\bin\x64\Debug\net472\VideoOS.Common.Integration.UnitTests.dll" adapterTypeName="executor://mstestadapter/v2" className="VideoOS.Common.Integration.UnitTests.FileUploadSynchronizerTests" name="FileUploadSynchronizer_Upload_SameFile_To_SameRecorder_Twice_WithDelay_UploadsTwice" />
    </UnitTest>
    <UnitTest name="ReadAttributeAsString_SunnyDay" storage="d:\actions-runner\_work\xpco\xpco\corporate\shared\common.integration\tst\videoos.common.integration.unittests\bin\x64\debug\net472\videoos.common.integration.unittests.dll" id="68568c0e-34c8-ee1e-1dbe-2e08270bc44b">
      <Execution id="3ca5e0de-0503-44c7-9411-926277132c0c" />
      <TestMethod codeBase="D:\actions-runner\_work\XPCO\XPCO\Corporate\Shared\Common.Integration\tst\VideoOS.Common.Integration.UnitTests\bin\x64\Debug\net472\VideoOS.Common.Integration.UnitTests.dll" adapterTypeName="executor://mstestadapter/v2" className="VideoOS.Common.Integration.UnitTests.XmlDocumentExtensionsCoreUnitTests" name="ReadAttributeAsString_SunnyDay" />
    </UnitTest>
    <UnitTest name="IsEnumerationValueAac_ReturnFalse_OnNull" storage="d:\actions-runner\_work\xpco\xpco\corporate\shared\common.integration\tst\videoos.common.integration.unittests\bin\x64\debug\net472\videoos.common.integration.unittests.dll" id="1d0eb2d7-e1ad-2995-ad2b-c85a311e7a96">
      <Execution id="5553601c-89e1-4e8e-acc4-cb6a38788b75" />
      <TestMethod codeBase="D:\actions-runner\_work\XPCO\XPCO\Corporate\Shared\Common.Integration\tst\VideoOS.Common.Integration.UnitTests\bin\x64\Debug\net472\VideoOS.Common.Integration.UnitTests.dll" adapterTypeName="executor://mstestadapter/v2" className="VideoOS.Common.Integration.UnitTests.DriverDefinition.DefinitionUtilityTests" name="IsEnumerationValueAac_ReturnFalse_OnNull" />
    </UnitTest>
    <UnitTest name="BindToType_BindToNonAllowedTypesContainedInAllowedAssembly_InvalidOperationException" storage="d:\actions-runner\_work\xpco\xpco\corporate\shared\common.integration\tst\videoos.common.integration.unittests\bin\x64\debug\net472\videoos.common.integration.unittests.dll" id="84f1b030-6383-8d30-b4ad-7486433b5171">
      <Execution id="15f64764-e10d-40f1-9048-95dd9558dc48" />
      <TestMethod codeBase="D:\actions-runner\_work\XPCO\XPCO\Corporate\Shared\Common.Integration\tst\VideoOS.Common.Integration.UnitTests\bin\x64\Debug\net472\VideoOS.Common.Integration.UnitTests.dll" adapterTypeName="executor://mstestadapter/v2" className="VideoOS.Common.Integration.UnitTests.TypeFilteringSerializationBinderUtilityTest" name="BindToType_BindToNonAllowedTypesContainedInAllowedAssembly_InvalidOperationException" />
    </UnitTest>
    <UnitTest name="CalculateLicenseRequirements_NullIHardwareInfoList_ThrowsArgumentNullException" storage="d:\actions-runner\_work\xpco\xpco\corporate\shared\common.integration\tst\videoos.common.integration.unittests\bin\x64\debug\net472\videoos.common.integration.unittests.dll" id="ac8aa661-4d22-a8b3-f7a8-6b9e3e0d53be">
      <Execution id="ee26a87e-ba78-44e6-ad4c-09e26b33e000" />
      <TestMethod codeBase="D:\actions-runner\_work\XPCO\XPCO\Corporate\Shared\Common.Integration\tst\VideoOS.Common.Integration.UnitTests\bin\x64\Debug\net472\VideoOS.Common.Integration.UnitTests.dll" adapterTypeName="executor://mstestadapter/v2" className="VideoOS.Common.Integration.UnitTests.License.LicenseCalculatorTests" name="CalculateLicenseRequirements_NullIHardwareInfoList_ThrowsArgumentNullException" />
    </UnitTest>
    <UnitTest name="Schemes_SerializeAndDeserializeTwoItemsTest" storage="d:\actions-runner\_work\xpco\xpco\corporate\shared\common.integration\tst\videoos.common.integration.unittests\bin\x64\debug\net472\videoos.common.integration.unittests.dll" id="b20ae3f0-0dc7-f1fc-2977-e0507e3b838b">
      <Execution id="5615b1f9-9545-4b4d-a3a5-7512de469a78" />
      <TestMethod codeBase="D:\actions-runner\_work\XPCO\XPCO\Corporate\Shared\Common.Integration\tst\VideoOS.Common.Integration.UnitTests\bin\x64\Debug\net472\VideoOS.Common.Integration.UnitTests.dll" adapterTypeName="executor://mstestadapter/v2" className="VideoOS.Common.Integration.UnitTests.DeviceDiscovery.SchemesTest" name="Schemes_SerializeAndDeserializeTwoItemsTest" />
    </UnitTest>
    <UnitTest name="FeatureManager_GetFeatureParameterValue_NullValue" storage="d:\actions-runner\_work\xpco\xpco\corporate\shared\common.integration\tst\videoos.common.integration.unittests\bin\x64\debug\net472\videoos.common.integration.unittests.dll" id="ccb26a83-aa1c-47e2-6b87-2e82ac67ca69">
      <Execution id="ae223cd4-55a6-4eec-9f10-d0b09aa99ef0" />
      <TestMethod codeBase="D:\actions-runner\_work\XPCO\XPCO\Corporate\Shared\Common.Integration\tst\VideoOS.Common.Integration.UnitTests\bin\x64\Debug\net472\VideoOS.Common.Integration.UnitTests.dll" adapterTypeName="executor://mstestadapter/v2" className="VideoOS.Common.Integration.UnitTests.License.FeatureManagerTest" name="FeatureManager_GetFeatureParameterValue_NullValue" />
    </UnitTest>
    <UnitTest name="ThreadPoolMessageProcessor_EnableProcessingTest" storage="d:\actions-runner\_work\xpco\xpco\corporate\shared\common.integration\tst\videoos.common.integration.unittests\bin\x64\debug\net472\videoos.common.integration.unittests.dll" id="afb66d73-9da5-7554-bdd3-eebe5f87627f">
      <Execution id="79106a40-ad9d-4735-9cc3-92604374bdb5" />
      <TestMethod codeBase="D:\actions-runner\_work\XPCO\XPCO\Corporate\Shared\Common.Integration\tst\VideoOS.Common.Integration.UnitTests\bin\x64\Debug\net472\VideoOS.Common.Integration.UnitTests.dll" adapterTypeName="executor://mstestadapter/v2" className="VideoOS.Common.Integration.UnitTests.MessageProcessing.ThreadPoolMessageProcessorTest" name="ThreadPoolMessageProcessor_EnableProcessingTest" />
    </UnitTest>
    <UnitTest name="BulkProcessor_Exception_In_ProcessDelegate" storage="d:\actions-runner\_work\xpco\xpco\corporate\shared\common.integration\tst\videoos.common.integration.unittests\bin\x64\debug\net472\videoos.common.integration.unittests.dll" id="14327e89-f73c-f294-4d5f-9495b39b1202">
      <Execution id="ac670482-2af9-4806-abf5-33ce213b78bc" />
      <TestMethod codeBase="D:\actions-runner\_work\XPCO\XPCO\Corporate\Shared\Common.Integration\tst\VideoOS.Common.Integration.UnitTests\bin\x64\Debug\net472\VideoOS.Common.Integration.UnitTests.dll" adapterTypeName="executor://mstestadapter/v2" className="VideoOS.Common.Integration.UnitTests.MessageProcessing.BulkProcessorUnitTest" name="BulkProcessor_Exception_In_ProcessDelegate" />
    </UnitTest>
    <UnitTest name="CreateHttpsUri_FtpDefaultPort_UseDefaultPortFalse_BecomesHttpsPort443" storage="d:\actions-runner\_work\xpco\xpco\corporate\shared\common.integration\tst\videoos.common.integration.unittests\bin\x64\debug\net472\videoos.common.integration.unittests.dll" id="ec554268-9c1f-9658-273b-53b03f43f4fb">
      <TestCategory>
        <TestCategoryItem TestCategory="UriHandling" />
      </TestCategory>
      <Execution id="ebd45820-1577-41dc-8a36-ec89fc19290c" />
      <TestMethod codeBase="D:\actions-runner\_work\XPCO\XPCO\Corporate\Shared\Common.Integration\tst\VideoOS.Common.Integration.UnitTests\bin\x64\Debug\net472\VideoOS.Common.Integration.UnitTests.dll" adapterTypeName="executor://mstestadapter/v2" className="VideoOS.Common.Integration.UnitTests.Communication.UriHandlingUnitTests" name="CreateHttpsUri_FtpDefaultPort_UseDefaultPortFalse_BecomesHttpsPort443" />
    </UnitTest>
    <UnitTest name="CreateHttpsUri_NoScheme_UseDefaultPortFalse_BecomesHttpsPort443" storage="d:\actions-runner\_work\xpco\xpco\corporate\shared\common.integration\tst\videoos.common.integration.unittests\bin\x64\debug\net472\videoos.common.integration.unittests.dll" id="f5b6af9c-50d6-a27b-2f85-4255ecbbafb9">
      <TestCategory>
        <TestCategoryItem TestCategory="UriHandling" />
      </TestCategory>
      <Execution id="e94857b1-efda-49d1-b017-74c3419679bd" />
      <TestMethod codeBase="D:\actions-runner\_work\XPCO\XPCO\Corporate\Shared\Common.Integration\tst\VideoOS.Common.Integration.UnitTests\bin\x64\Debug\net472\VideoOS.Common.Integration.UnitTests.dll" adapterTypeName="executor://mstestadapter/v2" className="VideoOS.Common.Integration.UnitTests.Communication.UriHandlingUnitTests" name="CreateHttpsUri_NoScheme_UseDefaultPortFalse_BecomesHttpsPort443" />
    </UnitTest>
    <UnitTest name="ReadChildElementValueAsBoolean_InvalidData" storage="d:\actions-runner\_work\xpco\xpco\corporate\shared\common.integration\tst\videoos.common.integration.unittests\bin\x64\debug\net472\videoos.common.integration.unittests.dll" id="5b21d1af-48af-0532-ea17-f797ade384ab">
      <Execution id="4f2199ba-e77c-4666-9003-d3c06ba4aa1e" />
      <TestMethod codeBase="D:\actions-runner\_work\XPCO\XPCO\Corporate\Shared\Common.Integration\tst\VideoOS.Common.Integration.UnitTests\bin\x64\Debug\net472\VideoOS.Common.Integration.UnitTests.dll" adapterTypeName="executor://mstestadapter/v2" className="VideoOS.Common.Integration.UnitTests.XmlDocumentExtensionsCoreUnitTests" name="ReadChildElementValueAsBoolean_InvalidData" />
    </UnitTest>
    <UnitTest name="RegisterRecorderModel_ValidModel_Success" storage="d:\actions-runner\_work\xpco\xpco\corporate\shared\common.integration\tst\videoos.common.integration.unittests\bin\x64\debug\net472\videoos.common.integration.unittests.dll" id="b94988f6-0880-a8b5-f4a5-9fa1abe166d1">
      <Execution id="11e597e4-c3f7-46ea-ade2-493f70e2749d" />
      <TestMethod codeBase="D:\actions-runner\_work\XPCO\XPCO\Corporate\Shared\Common.Integration\tst\VideoOS.Common.Integration.UnitTests\bin\x64\Debug\net472\VideoOS.Common.Integration.UnitTests.dll" adapterTypeName="executor://mstestadapter/v2" className="VideoOS.Common.Integration.UnitTests.WebAPI.Model.Server.RegisterRecorderModelTest" name="RegisterRecorderModel_ValidModel_Success" />
    </UnitTest>
    <UnitTest name="LicenseDocument_ThrowsUnsupportedLicensingModeError_OnLicenseWithChannelAndHardwareFlags" storage="d:\actions-runner\_work\xpco\xpco\corporate\shared\common.integration\tst\videoos.common.integration.unittests\bin\x64\debug\net472\videoos.common.integration.unittests.dll" id="1cc1352e-23f1-23c2-a2f4-88c714c592cb">
      <TestCategory>
        <TestCategoryItem TestCategory="LicenseDocumentTest" />
      </TestCategory>
      <Execution id="bbd1ccfe-fbc7-4cfc-8e15-29fd0ab54012" />
      <TestMethod codeBase="D:\actions-runner\_work\XPCO\XPCO\Corporate\Shared\Common.Integration\tst\VideoOS.Common.Integration.UnitTests\bin\x64\Debug\net472\VideoOS.Common.Integration.UnitTests.dll" adapterTypeName="executor://mstestadapter/v2" className="VideoOS.Common.Integration.UnitTests.License.LicenseDocumentTests" name="LicenseDocument_ThrowsUnsupportedLicensingModeError_OnLicenseWithChannelAndHardwareFlags" />
    </UnitTest>
    <UnitTest name="VersionExtensions_GetVersionWithoutBuild_Throws_ArgumentNullException" storage="d:\actions-runner\_work\xpco\xpco\corporate\shared\common.integration\tst\videoos.common.integration.unittests\bin\x64\debug\net472\videoos.common.integration.unittests.dll" id="8092d438-12f2-7e26-e0aa-1c71621892eb">
      <Execution id="c3eab4f0-3c14-4265-97cb-2cd74428fec7" />
      <TestMethod codeBase="D:\actions-runner\_work\XPCO\XPCO\Corporate\Shared\Common.Integration\tst\VideoOS.Common.Integration.UnitTests\bin\x64\Debug\net472\VideoOS.Common.Integration.UnitTests.dll" adapterTypeName="executor://mstestadapter/v2" className="VideoOS.Common.Integration.UnitTests.Extensions.VersionExtensionsTests" name="VersionExtensions_GetVersionWithoutBuild_Throws_ArgumentNullException" />
    </UnitTest>
    <UnitTest name="GetAbsolutePtzPositionResponseModel_NoValuesSet_ValidationFailure" storage="d:\actions-runner\_work\xpco\xpco\corporate\shared\common.integration\tst\videoos.common.integration.unittests\bin\x64\debug\net472\videoos.common.integration.unittests.dll" id="6122daf1-aaaf-6c0f-5297-d862b037549b">
      <Execution id="e426950a-0e4b-4b9a-9e6c-a8f7e047906c" />
      <TestMethod codeBase="D:\actions-runner\_work\XPCO\XPCO\Corporate\Shared\Common.Integration\tst\VideoOS.Common.Integration.UnitTests\bin\x64\Debug\net472\VideoOS.Common.Integration.UnitTests.dll" adapterTypeName="executor://mstestadapter/v2" className="VideoOS.Common.Integration.UnitTests.WebAPI.Model.Server.Responses.GetAbsolutePtzPositionResponseModelTest" name="GetAbsolutePtzPositionResponseModel_NoValuesSet_ValidationFailure" />
    </UnitTest>
    <UnitTest name="MipActionModel_ValidModel_Success" storage="d:\actions-runner\_work\xpco\xpco\corporate\shared\common.integration\tst\videoos.common.integration.unittests\bin\x64\debug\net472\videoos.common.integration.unittests.dll" id="b5297b32-63e5-d445-fb49-5c5df5f61bec">
      <Execution id="bb53afc5-9e9e-42bf-8047-41011b88c4ce" />
      <TestMethod codeBase="D:\actions-runner\_work\XPCO\XPCO\Corporate\Shared\Common.Integration\tst\VideoOS.Common.Integration.UnitTests\bin\x64\Debug\net472\VideoOS.Common.Integration.UnitTests.dll" adapterTypeName="executor://mstestadapter/v2" className="VideoOS.Common.Integration.UnitTests.WebAPI.Model.Server.MipActionModelTests" name="MipActionModel_ValidModel_Success" />
    </UnitTest>
    <UnitTest name="Decrypt_DataSetIsNull_ThrowsArgumentNullException" storage="d:\actions-runner\_work\xpco\xpco\corporate\shared\common.integration\tst\videoos.common.integration.unittests\bin\x64\debug\net472\videoos.common.integration.unittests.dll" id="cf84b7ec-cd7f-ae2c-d4fd-542c03ebdea9">
      <Execution id="efcd30d2-5a34-4857-bf16-74aaea0f153a" />
      <TestMethod codeBase="D:\actions-runner\_work\XPCO\XPCO\Corporate\Shared\Common.Integration\tst\VideoOS.Common.Integration.UnitTests\bin\x64\Debug\net472\VideoOS.Common.Integration.UnitTests.dll" adapterTypeName="executor://mstestadapter/v2" className="VideoOS.Common.Integration.UnitTests.Configuration.RecordingStorageTableAdapterTests" name="Decrypt_DataSetIsNull_ThrowsArgumentNullException" />
    </UnitTest>
    <UnitTest name="GetAggregateFeedsDictionary_ThrowsArgumentExceptionWhen_AggregateDictionaryValueNotFound" storage="d:\actions-runner\_work\xpco\xpco\corporate\shared\common.integration\tst\videoos.common.integration.unittests\bin\x64\debug\net472\videoos.common.integration.unittests.dll" id="2ea5ebff-e198-bbe0-8f1b-ba83de437259">
      <Execution id="034b6936-f1a5-4033-ae62-05283d6e13ae" />
      <TestMethod codeBase="D:\actions-runner\_work\XPCO\XPCO\Corporate\Shared\Common.Integration\tst\VideoOS.Common.Integration.UnitTests\bin\x64\Debug\net472\VideoOS.Common.Integration.UnitTests.dll" adapterTypeName="executor://mstestadapter/v2" className="VideoOS.Common.Integration.UnitTests.License.HardwareDictionaryTests" name="GetAggregateFeedsDictionary_ThrowsArgumentExceptionWhen_AggregateDictionaryValueNotFound" />
    </UnitTest>
    <UnitTest name="WhiteList_Model_CreateInstanceWithEmptyWhitelistParameter_Succeeds" storage="d:\actions-runner\_work\xpco\xpco\corporate\shared\common.integration\tst\videoos.common.integration.unittests\bin\x64\debug\net472\videoos.common.integration.unittests.dll" id="468dbc9b-87c4-cccb-27ee-88a267ee8242">
      <TestCategory>
        <TestCategoryItem TestCategory="Licensing" />
      </TestCategory>
      <Execution id="da5374dc-16c7-49e2-ad6f-f36b97b23554" />
      <TestMethod codeBase="D:\actions-runner\_work\XPCO\XPCO\Corporate\Shared\Common.Integration\tst\VideoOS.Common.Integration.UnitTests\bin\x64\Debug\net472\VideoOS.Common.Integration.UnitTests.dll" adapterTypeName="executor://mstestadapter/v2" className="VideoOS.Common.Integration.UnitTests.License.LicenseWhitelistTests" name="WhiteList_Model_CreateInstanceWithEmptyWhitelistParameter_Succeeds" />
    </UnitTest>
    <UnitTest name="Create_Mac_Address_Hash_String_Mac_String_Empty" storage="d:\actions-runner\_work\xpco\xpco\corporate\shared\common.integration\tst\videoos.common.integration.unittests\bin\x64\debug\net472\videoos.common.integration.unittests.dll" id="007246ce-570c-a007-eb42-8466afdc58c9">
      <Execution id="cb5d0de9-1ad3-4f22-bc6b-21c4a9ee90dd" />
      <TestMethod codeBase="D:\actions-runner\_work\XPCO\XPCO\Corporate\Shared\Common.Integration\tst\VideoOS.Common.Integration.UnitTests\bin\x64\Debug\net472\VideoOS.Common.Integration.UnitTests.dll" adapterTypeName="executor://mstestadapter/v2" className="VideoOS.Common.Integration.UnitTests.License.MacAddressUtilitiesTest" name="Create_Mac_Address_Hash_String_Mac_String_Empty" />
    </UnitTest>
    <UnitTest name="CreateHttpUri_HttpsDefaultPort_UsePort0_BecomesHttpPort0" storage="d:\actions-runner\_work\xpco\xpco\corporate\shared\common.integration\tst\videoos.common.integration.unittests\bin\x64\debug\net472\videoos.common.integration.unittests.dll" id="37dea49a-b52b-ae1d-b76e-4cf26b121918">
      <TestCategory>
        <TestCategoryItem TestCategory="UriHandling" />
      </TestCategory>
      <Execution id="59658141-d719-4eba-8197-2970a7933e8f" />
      <TestMethod codeBase="D:\actions-runner\_work\XPCO\XPCO\Corporate\Shared\Common.Integration\tst\VideoOS.Common.Integration.UnitTests\bin\x64\Debug\net472\VideoOS.Common.Integration.UnitTests.dll" adapterTypeName="executor://mstestadapter/v2" className="VideoOS.Common.Integration.UnitTests.Communication.UriHandlingUnitTests" name="CreateHttpUri_HttpsDefaultPort_UsePort0_BecomesHttpPort0" />
    </UnitTest>
    <UnitTest name="ResponseModel_EmptyToken_ValidationFailure" storage="d:\actions-runner\_work\xpco\xpco\corporate\shared\common.integration\tst\videoos.common.integration.unittests\bin\x64\debug\net472\videoos.common.integration.unittests.dll" id="158e73b6-09d2-3c34-669e-54356602b7ec">
      <Execution id="720bef50-78f6-4a9c-a4b2-009bcfe30d4f" />
      <TestMethod codeBase="D:\actions-runner\_work\XPCO\XPCO\Corporate\Shared\Common.Integration\tst\VideoOS.Common.Integration.UnitTests\bin\x64\Debug\net472\VideoOS.Common.Integration.UnitTests.dll" adapterTypeName="executor://mstestadapter/v2" className="VideoOS.Common.Integration.UnitTests.WebAPI.Model.Recorder.Responses.ResponseModelTest" name="ResponseModel_EmptyToken_ValidationFailure" />
    </UnitTest>
    <UnitTest name="ToLogEntryAudit_ModelWithNullLogeDefinition_SuccessConvertion" storage="d:\actions-runner\_work\xpco\xpco\corporate\shared\common.integration\tst\videoos.common.integration.unittests\bin\x64\debug\net472\videoos.common.integration.unittests.dll" id="5f99bb54-888a-202b-ef35-3c50e50a7409">
      <Execution id="4fbb64a5-5c3f-4f69-aa4f-5364c66e0da1" />
      <TestMethod codeBase="D:\actions-runner\_work\XPCO\XPCO\Corporate\Shared\Common.Integration\tst\VideoOS.Common.Integration.UnitTests\bin\x64\Debug\net472\VideoOS.Common.Integration.UnitTests.dll" adapterTypeName="executor://mstestadapter/v2" className="VideoOS.Common.Integration.UnitTests.WebAPI.Model.Server.LogEntryModelConverterTest" name="ToLogEntryAudit_ModelWithNullLogeDefinition_SuccessConvertion" />
    </UnitTest>
    <UnitTest name="CreateInstance_InvalidParam_localSettingsFile_EmptyString_Throws_ArgumentNullException" storage="d:\actions-runner\_work\xpco\xpco\corporate\shared\common.integration\tst\videoos.common.integration.unittests\bin\x64\debug\net472\videoos.common.integration.unittests.dll" id="5e72fdcb-d208-7bdf-a586-0c95eaa2d468">
      <Execution id="e277e2e6-acae-4aa8-9b56-91464d3a25fb" />
      <TestMethod codeBase="D:\actions-runner\_work\XPCO\XPCO\Corporate\Shared\Common.Integration\tst\VideoOS.Common.Integration.UnitTests\bin\x64\Debug\net472\VideoOS.Common.Integration.UnitTests.dll" adapterTypeName="executor://mstestadapter/v2" className="VideoOS.Common.Integration.UnitTests.ServerValidation.LocalUserOptionsTests" name="CreateInstance_InvalidParam_localSettingsFile_EmptyString_Throws_ArgumentNullException" />
    </UnitTest>
    <UnitTest name="LicenseDocument_ValidateActivatedLicense_HardwareWithNoEnabledCameras_ShowsHardwareAsActivated" storage="d:\actions-runner\_work\xpco\xpco\corporate\shared\common.integration\tst\videoos.common.integration.unittests\bin\x64\debug\net472\videoos.common.integration.unittests.dll" id="1a61026f-b271-a5eb-73c1-1f856c7784d0">
      <TestCategory>
        <TestCategoryItem TestCategory="LicenseDocumentTest" />
      </TestCategory>
      <Execution id="a7404b82-64d7-4c55-ba40-35f8264c48b8" />
      <TestMethod codeBase="D:\actions-runner\_work\XPCO\XPCO\Corporate\Shared\Common.Integration\tst\VideoOS.Common.Integration.UnitTests\bin\x64\Debug\net472\VideoOS.Common.Integration.UnitTests.dll" adapterTypeName="executor://mstestadapter/v2" className="VideoOS.Common.Integration.UnitTests.License.LicenseDocumentTests" name="LicenseDocument_ValidateActivatedLicense_HardwareWithNoEnabledCameras_ShowsHardwareAsActivated" />
    </UnitTest>
    <UnitTest name="Constructor_BaseAddressIsNull_ArgumentNullExceptionThrown" storage="d:\actions-runner\_work\xpco\xpco\corporate\shared\common.integration\tst\videoos.common.integration.unittests\bin\x64\debug\net472\videoos.common.integration.unittests.dll" id="5b07b8b5-0843-c362-828d-b7a85b237cff">
      <Execution id="1be407ec-66fe-49f6-8d3e-4e16babf1853" />
      <TestMethod codeBase="D:\actions-runner\_work\XPCO\XPCO\Corporate\Shared\Common.Integration\tst\VideoOS.Common.Integration.UnitTests\bin\x64\Debug\net472\VideoOS.Common.Integration.UnitTests.dll" adapterTypeName="executor://mstestadapter/v2" className="VideoOS.Common.Integration.WebApi.HttpClientCommunicatorUnitTests" name="Constructor_BaseAddressIsNull_ArgumentNullExceptionThrown" />
    </UnitTest>
    <UnitTest name="Validate_PopulateFirstEightRowsOfGrid_Success" storage="d:\actions-runner\_work\xpco\xpco\corporate\shared\common.integration\tst\videoos.common.integration.unittests\bin\x64\debug\net472\videoos.common.integration.unittests.dll" id="48c641f4-06f7-80ae-39dd-d393ba577b64">
      <Execution id="e93809d1-1281-497e-ba3a-6b51319f514c" />
      <TestMethod codeBase="D:\actions-runner\_work\XPCO\XPCO\Corporate\Shared\Common.Integration\tst\VideoOS.Common.Integration.UnitTests\bin\x64\Debug\net472\VideoOS.Common.Integration.UnitTests.dll" adapterTypeName="executor://mstestadapter/v2" className="VideoOS.Common.Integration.UnitTests.License.LicenseReportGeneratorTests" name="Validate_PopulateFirstEightRowsOfGrid_Success" />
    </UnitTest>
    <UnitTest name="TestMergeGridAreaWithNonIntegerScalingFactorSecondAreaLarger" storage="d:\actions-runner\_work\xpco\xpco\corporate\shared\common.integration\tst\videoos.common.integration.unittests\bin\x64\debug\net472\videoos.common.integration.unittests.dll" id="0f71beb8-8234-9e66-2883-a16e9eed4485">
      <Execution id="d76c0c64-4a56-4fdc-a736-b8804aba4891" />
      <TestMethod codeBase="D:\actions-runner\_work\XPCO\XPCO\Corporate\Shared\Common.Integration\tst\VideoOS.Common.Integration.UnitTests\bin\x64\Debug\net472\VideoOS.Common.Integration.UnitTests.dll" adapterTypeName="executor://mstestadapter/v2" className="VideoOS.Common.Integration.UnitTests.Configuration.FillableGridAreaUnitTest" name="TestMergeGridAreaWithNonIntegerScalingFactorSecondAreaLarger" />
    </UnitTest>
    <UnitTest name="Decrypt_DataSetHasEmptyPassword_PasswordIsStillEmpty" storage="d:\actions-runner\_work\xpco\xpco\corporate\shared\common.integration\tst\videoos.common.integration.unittests\bin\x64\debug\net472\videoos.common.integration.unittests.dll" id="2c5af7c3-c486-9f5c-c05d-ad45a428b434">
      <Execution id="15b3afa9-7b5b-4ca7-801a-c82abd243185" />
      <TestMethod codeBase="D:\actions-runner\_work\XPCO\XPCO\Corporate\Shared\Common.Integration\tst\VideoOS.Common.Integration.UnitTests\bin\x64\Debug\net472\VideoOS.Common.Integration.UnitTests.dll" adapterTypeName="executor://mstestadapter/v2" className="VideoOS.Common.Integration.UnitTests.Configuration.HostedHardwareTableAdapterTests" name="Decrypt_DataSetHasEmptyPassword_PasswordIsStillEmpty" />
    </UnitTest>
    <UnitTest name="CalculateLicenseRequirements_TwoEnabledCameras_TwoDisabledCameras_NotWhitelisted_RequiresTwoLicenses" storage="d:\actions-runner\_work\xpco\xpco\corporate\shared\common.integration\tst\videoos.common.integration.unittests\bin\x64\debug\net472\videoos.common.integration.unittests.dll" id="f010b793-931b-684d-d2ea-48b39359569d">
      <Execution id="9153d3ac-7851-44e8-9e2b-14369480113a" />
      <TestMethod codeBase="D:\actions-runner\_work\XPCO\XPCO\Corporate\Shared\Common.Integration\tst\VideoOS.Common.Integration.UnitTests\bin\x64\Debug\net472\VideoOS.Common.Integration.UnitTests.dll" adapterTypeName="executor://mstestadapter/v2" className="VideoOS.Common.Integration.UnitTests.License.LicenseCalculatorTests" name="CalculateLicenseRequirements_TwoEnabledCameras_TwoDisabledCameras_NotWhitelisted_RequiresTwoLicenses" />
    </UnitTest>
    <UnitTest name="HardwareScanModel_Validate_Failed" storage="d:\actions-runner\_work\xpco\xpco\corporate\shared\common.integration\tst\videoos.common.integration.unittests\bin\x64\debug\net472\videoos.common.integration.unittests.dll" id="64eb099e-d5b4-daa7-2772-ad681c8ba86e">
      <Execution id="764e3f3a-33ed-4191-9950-14789fde1f52" />
      <TestMethod codeBase="D:\actions-runner\_work\XPCO\XPCO\Corporate\Shared\Common.Integration\tst\VideoOS.Common.Integration.UnitTests\bin\x64\Debug\net472\VideoOS.Common.Integration.UnitTests.dll" adapterTypeName="executor://mstestadapter/v2" className="VideoOS.Common.Integration.UnitTests.WebAPI.Model.HardwareScanModelTest" name="HardwareScanModel_Validate_Failed" />
    </UnitTest>
    <UnitTest name="ServiceContainer_GetService_InstanceNotFound_ReturnsNull" storage="d:\actions-runner\_work\xpco\xpco\corporate\shared\common.integration\tst\videoos.common.integration.unittests\bin\x64\debug\net472\videoos.common.integration.unittests.dll" id="5379854c-5a53-d1d1-17a2-fdf8ef07efce">
      <TestCategory>
        <TestCategoryItem TestCategory="ServiceContainer" />
      </TestCategory>
      <Execution id="c8a648e3-d706-419a-8a73-3fab5874ab4f" />
      <TestMethod codeBase="D:\actions-runner\_work\XPCO\XPCO\Corporate\Shared\Common.Integration\tst\VideoOS.Common.Integration.UnitTests\bin\x64\Debug\net472\VideoOS.Common.Integration.UnitTests.dll" adapterTypeName="executor://mstestadapter/v2" className="VideoOS.Common.Integration.ServiceContainerTests.ServiceContainerUnitTests" name="ServiceContainer_GetService_InstanceNotFound_ReturnsNull" />
    </UnitTest>
    <UnitTest name="EventMetadataTimestampParsesTimezonesCorrectly" storage="d:\actions-runner\_work\xpco\xpco\corporate\shared\common.integration\tst\videoos.common.integration.unittests\bin\x64\debug\net472\videoos.common.integration.unittests.dll" id="f6328b9f-b052-e3f8-6080-2632707fb0d3">
      <Execution id="63b47730-9fb2-4229-a449-60c4af44acfb" />
      <TestMethod codeBase="D:\actions-runner\_work\XPCO\XPCO\Corporate\Shared\Common.Integration\tst\VideoOS.Common.Integration.UnitTests\bin\x64\Debug\net472\VideoOS.Common.Integration.UnitTests.dll" adapterTypeName="executor://mstestadapter/v2" className="VideoOS.Common.Integration.UnitTests.Rules.RuleEventsTests" name="EventMetadataTimestampParsesTimezonesCorrectly" />
    </UnitTest>
    <UnitTest name="CreateHttpsUri_HttpNonDefaultPort_UsePort88_BecomesHttpsPort88" storage="d:\actions-runner\_work\xpco\xpco\corporate\shared\common.integration\tst\videoos.common.integration.unittests\bin\x64\debug\net472\videoos.common.integration.unittests.dll" id="dc1eee07-1844-2450-60be-2970ae788a8f">
      <TestCategory>
        <TestCategoryItem TestCategory="UriHandling" />
      </TestCategory>
      <Execution id="2e745216-b61b-4b3c-99a7-84d48a62c361" />
      <TestMethod codeBase="D:\actions-runner\_work\XPCO\XPCO\Corporate\Shared\Common.Integration\tst\VideoOS.Common.Integration.UnitTests\bin\x64\Debug\net472\VideoOS.Common.Integration.UnitTests.dll" adapterTypeName="executor://mstestadapter/v2" className="VideoOS.Common.Integration.UnitTests.Communication.UriHandlingUnitTests" name="CreateHttpsUri_HttpNonDefaultPort_UsePort88_BecomesHttpsPort88" />
    </UnitTest>
    <UnitTest name="CertificateSelection2_FromCertificateHash_GoodHash_DoesNotReturnNoSelection" storage="d:\actions-runner\_work\xpco\xpco\corporate\shared\common.integration\tst\videoos.common.integration.unittests\bin\x64\debug\net472\videoos.common.integration.unittests.dll" id="614b25d2-4e64-81da-811c-e98afd41cfa9">
      <Execution id="35d8431c-05fa-43ac-a664-7ba5cdadc546" />
      <TestMethod codeBase="D:\actions-runner\_work\XPCO\XPCO\Corporate\Shared\Common.Integration\tst\VideoOS.Common.Integration.UnitTests\bin\x64\Debug\net472\VideoOS.Common.Integration.UnitTests.dll" adapterTypeName="executor://mstestadapter/v2" className="VideoOS.Common.Integration.UnitTests.CertificateHandling.CertificateSelection2Tests" name="CertificateSelection2_FromCertificateHash_GoodHash_DoesNotReturnNoSelection" />
    </UnitTest>
    <UnitTest name="FindFrameIdx_TimeF1" storage="d:\actions-runner\_work\xpco\xpco\corporate\shared\common.integration\tst\videoos.common.integration.unittests\bin\x64\debug\net472\videoos.common.integration.unittests.dll" id="d3a91505-cd4a-baa1-50b1-44dfab733a98">
      <Execution id="b210bb46-8db9-4f45-8af4-a48939f772df" />
      <TestMethod codeBase="D:\actions-runner\_work\XPCO\XPCO\Corporate\Shared\Common.Integration\tst\VideoOS.Common.Integration.UnitTests\bin\x64\Debug\net472\VideoOS.Common.Integration.UnitTests.dll" adapterTypeName="executor://mstestadapter/v2" className="VideoOS.Common.Integration.UnitTests.GenericGopTest" name="FindFrameIdx_TimeF1" />
    </UnitTest>
    <UnitTest name="FeatureManager_TryGetFeatureParameterValue_EmptyValue" storage="d:\actions-runner\_work\xpco\xpco\corporate\shared\common.integration\tst\videoos.common.integration.unittests\bin\x64\debug\net472\videoos.common.integration.unittests.dll" id="a63d3def-93ce-1a37-9ea6-79b3c23a80e2">
      <Execution id="a047125a-5e58-4681-afa3-7966c43f515e" />
      <TestMethod codeBase="D:\actions-runner\_work\XPCO\XPCO\Corporate\Shared\Common.Integration\tst\VideoOS.Common.Integration.UnitTests\bin\x64\Debug\net472\VideoOS.Common.Integration.UnitTests.dll" adapterTypeName="executor://mstestadapter/v2" className="VideoOS.Common.Integration.UnitTests.License.FeatureManagerTest" name="FeatureManager_TryGetFeatureParameterValue_EmptyValue" />
    </UnitTest>
    <UnitTest name="SendAsync_NoError_TaskIsExecuted" storage="d:\actions-runner\_work\xpco\xpco\corporate\shared\common.integration\tst\videoos.common.integration.unittests\bin\x64\debug\net472\videoos.common.integration.unittests.dll" id="0d438174-d8c1-38ec-e949-22ca42949896">
      <Execution id="0f65eafb-366d-4849-b3c7-d9143aac7eb7" />
      <TestMethod codeBase="D:\actions-runner\_work\XPCO\XPCO\Corporate\Shared\Common.Integration\tst\VideoOS.Common.Integration.UnitTests\bin\x64\Debug\net472\VideoOS.Common.Integration.UnitTests.dll" adapterTypeName="executor://mstestadapter/v2" className="VideoOS.Common.Integration.WebApi.HttpClientCommunicatorUnitTests" name="SendAsync_NoError_TaskIsExecuted" />
    </UnitTest>
    <UnitTest name="Validate_ExactMatch_Found_Success" storage="d:\actions-runner\_work\xpco\xpco\corporate\shared\common.integration\tst\videoos.common.integration.unittests\bin\x64\debug\net472\videoos.common.integration.unittests.dll" id="6986fc2f-124d-e182-9075-98049f0ee571">
      <Execution id="576db4b8-3de6-4469-9845-b94fc9c6aff3" />
      <TestMethod codeBase="D:\actions-runner\_work\XPCO\XPCO\Corporate\Shared\Common.Integration\tst\VideoOS.Common.Integration.UnitTests\bin\x64\Debug\net472\VideoOS.Common.Integration.UnitTests.dll" adapterTypeName="executor://mstestadapter/v2" className="VideoOS.Common.Integration.UnitTests.License.WhitelistMatchHelperTests" name="Validate_ExactMatch_Found_Success" />
    </UnitTest>
    <UnitTest name="HardwareSetupInformationModel_Validate_Success" storage="d:\actions-runner\_work\xpco\xpco\corporate\shared\common.integration\tst\videoos.common.integration.unittests\bin\x64\debug\net472\videoos.common.integration.unittests.dll" id="b10fc2a9-1cc5-f00f-3149-ac6258cd1480">
      <Execution id="3e7f8739-c7f7-4bc2-881b-5e1f5c8c16da" />
      <TestMethod codeBase="D:\actions-runner\_work\XPCO\XPCO\Corporate\Shared\Common.Integration\tst\VideoOS.Common.Integration.UnitTests\bin\x64\Debug\net472\VideoOS.Common.Integration.UnitTests.dll" adapterTypeName="executor://mstestadapter/v2" className="VideoOS.Common.Integration.UnitTests.WebAPI.Model.HardwareSetupInformationModelTest" name="HardwareSetupInformationModel_Validate_Success" />
    </UnitTest>
    <UnitTest name="ModelValidation_ValidModel_Success" storage="d:\actions-runner\_work\xpco\xpco\corporate\shared\common.integration\tst\videoos.common.integration.unittests\bin\x64\debug\net472\videoos.common.integration.unittests.dll" id="c9399038-9335-219b-086e-45a33a5c904b">
      <Execution id="d19213d3-ff7b-4970-9565-59401a20976a" />
      <TestMethod codeBase="D:\actions-runner\_work\XPCO\XPCO\Corporate\Shared\Common.Integration\tst\VideoOS.Common.Integration.UnitTests\bin\x64\Debug\net472\VideoOS.Common.Integration.UnitTests.dll" adapterTypeName="executor://mstestadapter/v2" className="VideoOS.Common.Integration.UnitTests.WebAPI.Model.RecorderTaskFailedModelTest" name="ModelValidation_ValidModel_Success" />
    </UnitTest>
    <UnitTest name="CheckAllMIPFiltersKindsTestNotOk7" storage="d:\actions-runner\_work\xpco\xpco\corporate\shared\common.integration\tst\videoos.common.integration.unittests\bin\x64\debug\net472\videoos.common.integration.unittests.dll" id="4820a864-02ac-6cba-a615-5484ed479c37">
      <TestCategory>
        <TestCategoryItem TestCategory="Rules.MIPFilter" />
      </TestCategory>
      <Execution id="bfb2b13d-71ce-45ec-a32d-10f617c683d6" />
      <TestMethod codeBase="D:\actions-runner\_work\XPCO\XPCO\Corporate\Shared\Common.Integration\tst\VideoOS.Common.Integration.UnitTests\bin\x64\Debug\net472\VideoOS.Common.Integration.UnitTests.dll" adapterTypeName="executor://mstestadapter/v2" className="VideoOS.Common.Integration.UnitTests.Rules.MIPFilterTest" name="CheckAllMIPFiltersKindsTestNotOk7" />
    </UnitTest>
    <UnitTest name="GroupConfigurationAddGroupsLevelsDeleteSome" storage="d:\actions-runner\_work\xpco\xpco\corporate\shared\common.integration\tst\videoos.common.integration.unittests\bin\x64\debug\net472\videoos.common.integration.unittests.dll" id="0483b188-54aa-582f-d50c-01881d8e2d5d">
      <TestCategory>
        <TestCategoryItem TestCategory="Rules.GroupConfiguration" />
      </TestCategory>
      <Execution id="f4ff48d5-b2c3-4a18-aa74-41a865ae3fa2" />
      <TestMethod codeBase="D:\actions-runner\_work\XPCO\XPCO\Corporate\Shared\Common.Integration\tst\VideoOS.Common.Integration.UnitTests\bin\x64\Debug\net472\VideoOS.Common.Integration.UnitTests.dll" adapterTypeName="executor://mstestadapter/v2" className="VideoOS.Common.Integration.UnitTests.Rules.GroupConfigurationTest" name="GroupConfigurationAddGroupsLevelsDeleteSome" />
    </UnitTest>
    <UnitTest name="Update_XmlHasPassword_PasswordIsTransformed" storage="d:\actions-runner\_work\xpco\xpco\corporate\shared\common.integration\tst\videoos.common.integration.unittests\bin\x64\debug\net472\videoos.common.integration.unittests.dll" id="371b90b8-b56b-cd39-df1f-1e1867989cd4">
      <Execution id="121ccafc-c88c-408b-ad2b-098ed77a6d37" />
      <TestMethod codeBase="D:\actions-runner\_work\XPCO\XPCO\Corporate\Shared\Common.Integration\tst\VideoOS.Common.Integration.UnitTests\bin\x64\Debug\net472\VideoOS.Common.Integration.UnitTests.dll" adapterTypeName="executor://mstestadapter/v2" className="VideoOS.Common.Integration.UnitTests.Configuration.ConfigurationDataSetEncryption.ChangeHardwarePasswordEncryptionTests" name="Update_XmlHasPassword_PasswordIsTransformed" />
    </UnitTest>
    <UnitTest name="SecurityManager_HasDevicePermission_ViewLive_Group_Denied" storage="d:\actions-runner\_work\xpco\xpco\corporate\shared\common.integration\tst\videoos.common.integration.unittests\bin\x64\debug\net472\videoos.common.integration.unittests.dll" id="bd61969b-49ad-3c82-14b4-6c7bc0436022">
      <Execution id="8e431122-fa43-4ebb-b156-ac6357a0b77f" />
      <TestMethod codeBase="D:\actions-runner\_work\XPCO\XPCO\Corporate\Shared\Common.Integration\tst\VideoOS.Common.Integration.UnitTests\bin\x64\Debug\net472\VideoOS.Common.Integration.UnitTests.dll" adapterTypeName="executor://mstestadapter/v2" className="VideoOS.Common.Integration.UnitTests.Security.SecurityManagerUnitTests" name="SecurityManager_HasDevicePermission_ViewLive_Group_Denied" />
    </UnitTest>
    <UnitTest name="Transform_XmlWithCredentialsListXml_PasswordsChanged" storage="d:\actions-runner\_work\xpco\xpco\corporate\shared\common.integration\tst\videoos.common.integration.unittests\bin\x64\debug\net472\videoos.common.integration.unittests.dll" id="59013b7e-e03f-2fc2-bf78-c391942297eb">
      <Execution id="bc500017-eb96-4130-b302-bec74104cb21" />
      <TestMethod codeBase="D:\actions-runner\_work\XPCO\XPCO\Corporate\Shared\Common.Integration\tst\VideoOS.Common.Integration.UnitTests\bin\x64\Debug\net472\VideoOS.Common.Integration.UnitTests.dll" adapterTypeName="executor://mstestadapter/v2" className="VideoOS.Common.Integration.UnitTests.Configuration.ConfigurationDataSetEncryption.HardwareScanExpressEncryptionTests" name="Transform_XmlWithCredentialsListXml_PasswordsChanged" />
    </UnitTest>
    <UnitTest name="CreateHttpsUri_NullString_PortSpecified_ThrowsInvalidOperationException" storage="d:\actions-runner\_work\xpco\xpco\corporate\shared\common.integration\tst\videoos.common.integration.unittests\bin\x64\debug\net472\videoos.common.integration.unittests.dll" id="9dfccd12-d1ec-f387-9e0e-0302280e9cb3">
      <TestCategory>
        <TestCategoryItem TestCategory="UriHandling" />
      </TestCategory>
      <Execution id="f43fca1f-5749-4492-ac9f-04806704b2bc" />
      <TestMethod codeBase="D:\actions-runner\_work\XPCO\XPCO\Corporate\Shared\Common.Integration\tst\VideoOS.Common.Integration.UnitTests\bin\x64\Debug\net472\VideoOS.Common.Integration.UnitTests.dll" adapterTypeName="executor://mstestadapter/v2" className="VideoOS.Common.Integration.UnitTests.Communication.UriHandlingUnitTests" name="CreateHttpsUri_NullString_PortSpecified_ThrowsInvalidOperationException" />
    </UnitTest>
    <UnitTest name="GetServerSNMPId_RecordingServerEvent" storage="d:\actions-runner\_work\xpco\xpco\corporate\shared\common.integration\tst\videoos.common.integration.unittests\bin\x64\debug\net472\videoos.common.integration.unittests.dll" id="fc139a75-8e92-2cdc-a74b-7704ee99f36e">
      <Execution id="cc25a0cb-f292-41b3-b8c8-942697cdf73b" />
      <TestMethod codeBase="D:\actions-runner\_work\XPCO\XPCO\Corporate\Shared\Common.Integration\tst\VideoOS.Common.Integration.UnitTests\bin\x64\Debug\net472\VideoOS.Common.Integration.UnitTests.dll" adapterTypeName="executor://mstestadapter/v2" className="VideoOS.Common.Integration.UnitTests.Definition.Event.BuiltInEventTypesTest" name="GetServerSNMPId_RecordingServerEvent" />
    </UnitTest>
    <UnitTest name="CreateHttpUri_NoSchemeWithPort_UsePort444_BecomesHttpsPort444" storage="d:\actions-runner\_work\xpco\xpco\corporate\shared\common.integration\tst\videoos.common.integration.unittests\bin\x64\debug\net472\videoos.common.integration.unittests.dll" id="b6fa179e-af5a-a8b7-baa1-7671149ebf45">
      <TestCategory>
        <TestCategoryItem TestCategory="UriHandling" />
      </TestCategory>
      <Execution id="7a37e277-8cc7-4082-90f3-7b3bbedd3ba7" />
      <TestMethod codeBase="D:\actions-runner\_work\XPCO\XPCO\Corporate\Shared\Common.Integration\tst\VideoOS.Common.Integration.UnitTests\bin\x64\Debug\net472\VideoOS.Common.Integration.UnitTests.dll" adapterTypeName="executor://mstestadapter/v2" className="VideoOS.Common.Integration.UnitTests.Communication.UriHandlingUnitTests" name="CreateHttpUri_NoSchemeWithPort_UsePort444_BecomesHttpsPort444" />
    </UnitTest>
    <UnitTest name="LicenseDocument_GetICPFeedLicenses" storage="d:\actions-runner\_work\xpco\xpco\corporate\shared\common.integration\tst\videoos.common.integration.unittests\bin\x64\debug\net472\videoos.common.integration.unittests.dll" id="59cd21ac-2d72-897f-3573-0de9e8dc1d9d">
      <TestCategory>
        <TestCategoryItem TestCategory="LicenseDocumentTest" />
      </TestCategory>
      <Execution id="a8b85d47-cc07-483f-b78d-2fd74f473f4b" />
      <TestMethod codeBase="D:\actions-runner\_work\XPCO\XPCO\Corporate\Shared\Common.Integration\tst\VideoOS.Common.Integration.UnitTests\bin\x64\Debug\net472\VideoOS.Common.Integration.UnitTests.dll" adapterTypeName="executor://mstestadapter/v2" className="VideoOS.Common.Integration.UnitTests.License.LicenseDocumentTests" name="LicenseDocument_GetICPFeedLicenses" />
    </UnitTest>
    <UnitTest name="StreamsConfiguration_ValidateConfiguration_NonExistingStream_UnknownStreamError" storage="d:\actions-runner\_work\xpco\xpco\corporate\shared\common.integration\tst\videoos.common.integration.unittests\bin\x64\debug\net472\videoos.common.integration.unittests.dll" id="1b77a11b-09d6-cae8-55f2-6ec94fecd3fe">
      <Execution id="ea61b148-829e-47f5-9c79-55d5698b9d28" />
      <TestMethod codeBase="D:\actions-runner\_work\XPCO\XPCO\Corporate\Shared\Common.Integration\tst\VideoOS.Common.Integration.UnitTests\bin\x64\Debug\net472\VideoOS.Common.Integration.UnitTests.dll" adapterTypeName="executor://mstestadapter/v2" className="VideoOS.Common.Integration.UnitTests.StreamsConfigurationUnitTests" name="StreamsConfiguration_ValidateConfiguration_NonExistingStream_UnknownStreamError" />
    </UnitTest>
    <UnitTest name="ReadIdentityFromCache_NullSid" storage="d:\actions-runner\_work\xpco\xpco\corporate\shared\common.integration\tst\videoos.common.integration.unittests\bin\x64\debug\net472\videoos.common.integration.unittests.dll" id="92164469-7e24-648d-869e-3cfcc71a208f">
      <Execution id="2cc66e5b-dec2-4548-9348-270f2e154590" />
      <TestMethod codeBase="D:\actions-runner\_work\XPCO\XPCO\Corporate\Shared\Common.Integration\tst\VideoOS.Common.Integration.UnitTests\bin\x64\Debug\net472\VideoOS.Common.Integration.UnitTests.dll" adapterTypeName="executor://mstestadapter/v2" className="VideoOS.Common.Integration.UnitTests.Caching.SecurityIdentityCacheUnitTests" name="ReadIdentityFromCache_NullSid" />
    </UnitTest>
    <UnitTest name="LicenseActivationService_AcquireLicense_LicenseNotAllowed_DlkRemovalExceeded" storage="d:\actions-runner\_work\xpco\xpco\corporate\shared\common.integration\tst\videoos.common.integration.unittests\bin\x64\debug\net472\videoos.common.integration.unittests.dll" id="08cf66a7-a320-c431-7d8b-29a67d292ddf">
      <Execution id="bf0b0652-73fb-4508-b0a1-1f1815a8ee3b" />
      <TestMethod codeBase="D:\actions-runner\_work\XPCO\XPCO\Corporate\Shared\Common.Integration\tst\VideoOS.Common.Integration.UnitTests\bin\x64\Debug\net472\VideoOS.Common.Integration.UnitTests.dll" adapterTypeName="executor://mstestadapter/v2" className="VideoOS.Common.Integration.UnitTests.License.LicenseActivationServiceTests" name="LicenseActivationService_AcquireLicense_LicenseNotAllowed_DlkRemovalExceeded" />
    </UnitTest>
    <UnitTest name="LicenseDocument_ActivatedDate__ReturnsMinDate_OnNoActivatedNodeInXml" storage="d:\actions-runner\_work\xpco\xpco\corporate\shared\common.integration\tst\videoos.common.integration.unittests\bin\x64\debug\net472\videoos.common.integration.unittests.dll" id="0c82128a-6ae3-e05a-aa69-3b6f049e0b27">
      <TestCategory>
        <TestCategoryItem TestCategory="LicenseDocumentTest" />
      </TestCategory>
      <Execution id="516e1a32-f579-464a-abd0-bf30d5b5d930" />
      <TestMethod codeBase="D:\actions-runner\_work\XPCO\XPCO\Corporate\Shared\Common.Integration\tst\VideoOS.Common.Integration.UnitTests\bin\x64\Debug\net472\VideoOS.Common.Integration.UnitTests.dll" adapterTypeName="executor://mstestadapter/v2" className="VideoOS.Common.Integration.UnitTests.License.LicenseDocumentTests" name="LicenseDocument_ActivatedDate__ReturnsMinDate_OnNoActivatedNodeInXml" />
    </UnitTest>
    <UnitTest name="ScheduledTimeReachedFunctionOneSecondAfterTriggerTimeTest" storage="d:\actions-runner\_work\xpco\xpco\corporate\shared\common.integration\tst\videoos.common.integration.unittests\bin\x64\debug\net472\videoos.common.integration.unittests.dll" id="c1426c9a-c6b9-d2a8-9060-49b1d7b4553b">
      <Execution id="f1ba65e0-ed55-41db-b211-80ba96a58aed" />
      <TestMethod codeBase="D:\actions-runner\_work\XPCO\XPCO\Corporate\Shared\Common.Integration\tst\VideoOS.Common.Integration.UnitTests\bin\x64\Debug\net472\VideoOS.Common.Integration.UnitTests.dll" adapterTypeName="executor://mstestadapter/v2" className="VideoOS.Common.Integration.UnitTests.Rules.ScheduledTimeReachedFunctionTest" name="ScheduledTimeReachedFunctionOneSecondAfterTriggerTimeTest" />
    </UnitTest>
    <UnitTest name="LicenseDocument_RetrievesEmptySystemBuilderManufacturerId_Success" storage="d:\actions-runner\_work\xpco\xpco\corporate\shared\common.integration\tst\videoos.common.integration.unittests\bin\x64\debug\net472\videoos.common.integration.unittests.dll" id="2a5d33c9-3f95-f6d5-9adc-0bbf81131515">
      <TestCategory>
        <TestCategoryItem TestCategory="LicenseDocumentTest" />
      </TestCategory>
      <Execution id="c9b7245f-1322-4a85-8678-2ca91ee748d1" />
      <TestMethod codeBase="D:\actions-runner\_work\XPCO\XPCO\Corporate\Shared\Common.Integration\tst\VideoOS.Common.Integration.UnitTests\bin\x64\Debug\net472\VideoOS.Common.Integration.UnitTests.dll" adapterTypeName="executor://mstestadapter/v2" className="VideoOS.Common.Integration.UnitTests.License.LicenseDocumentTests" name="LicenseDocument_RetrievesEmptySystemBuilderManufacturerId_Success" />
    </UnitTest>
    <UnitTest name="Misc_Methods" storage="d:\actions-runner\_work\xpco\xpco\corporate\shared\common.integration\tst\videoos.common.integration.unittests\bin\x64\debug\net472\videoos.common.integration.unittests.dll" id="0d6e2af5-6eb0-8801-3d1a-a1a6adc43bf5">
      <Execution id="16cc5b6b-8620-42e4-8e60-c59d67ab854a" />
      <TestMethod codeBase="D:\actions-runner\_work\XPCO\XPCO\Corporate\Shared\Common.Integration\tst\VideoOS.Common.Integration.UnitTests\bin\x64\Debug\net472\VideoOS.Common.Integration.UnitTests.dll" adapterTypeName="executor://mstestadapter/v2" className="VideoOS.Common.Integration.UnitTests.GenericGopTest" name="Misc_Methods" />
    </UnitTest>
    <UnitTest name="Index_RemoveKey_RemovesAllItems" storage="d:\actions-runner\_work\xpco\xpco\corporate\shared\common.integration\tst\videoos.common.integration.unittests\bin\x64\debug\net472\videoos.common.integration.unittests.dll" id="804169fe-a6e7-52e2-fbc4-9832811886a8">
      <Execution id="96eb2e55-11cf-43ea-8956-1b64cb2c0f7b" />
      <TestMethod codeBase="D:\actions-runner\_work\XPCO\XPCO\Corporate\Shared\Common.Integration\tst\VideoOS.Common.Integration.UnitTests\bin\x64\Debug\net472\VideoOS.Common.Integration.UnitTests.dll" adapterTypeName="executor://mstestadapter/v2" className="VideoOS.Common.Integration.UnitTests.IndexedCollectionUnitTests" name="Index_RemoveKey_RemovesAllItems" />
    </UnitTest>
    <UnitTest name="GetAggregatedFeeds_ThrowException_WhenNullOrWhiteSpace" storage="d:\actions-runner\_work\xpco\xpco\corporate\shared\common.integration\tst\videoos.common.integration.unittests\bin\x64\debug\net472\videoos.common.integration.unittests.dll" id="94e8e813-abcf-ce79-d603-8f14a86e9183">
      <Execution id="b8597cbb-0ea3-4e2c-9bde-51e6bc9f5db9" />
      <TestMethod codeBase="D:\actions-runner\_work\XPCO\XPCO\Corporate\Shared\Common.Integration\tst\VideoOS.Common.Integration.UnitTests\bin\x64\Debug\net472\VideoOS.Common.Integration.UnitTests.dll" adapterTypeName="executor://mstestadapter/v2" className="VideoOS.Common.Integration.UnitTests.License.HardwareDictionaryTests" name="GetAggregatedFeeds_ThrowException_WhenNullOrWhiteSpace" />
    </UnitTest>
    <UnitTest name="WhiteList_CreateInstanceWithoutMaximumChannelCountParameter_RaisesArgumentException" storage="d:\actions-runner\_work\xpco\xpco\corporate\shared\common.integration\tst\videoos.common.integration.unittests\bin\x64\debug\net472\videoos.common.integration.unittests.dll" id="c0ed7c55-f872-0c35-b261-4eb353a0c177">
      <TestCategory>
        <TestCategoryItem TestCategory="Licensing" />
      </TestCategory>
      <Execution id="c518332b-b15c-4d66-abe8-48ca42f3a0d7" />
      <TestMethod codeBase="D:\actions-runner\_work\XPCO\XPCO\Corporate\Shared\Common.Integration\tst\VideoOS.Common.Integration.UnitTests\bin\x64\Debug\net472\VideoOS.Common.Integration.UnitTests.dll" adapterTypeName="executor://mstestadapter/v2" className="VideoOS.Common.Integration.UnitTests.License.LicenseWhitelistTests" name="WhiteList_CreateInstanceWithoutMaximumChannelCountParameter_RaisesArgumentException" />
    </UnitTest>
    <UnitTest name="BaseHtmlLicenseReport_CreatePNode_WithClassName_NullText_Success" storage="d:\actions-runner\_work\xpco\xpco\corporate\shared\common.integration\tst\videoos.common.integration.unittests\bin\x64\debug\net472\videoos.common.integration.unittests.dll" id="6d17ce2d-1c67-381e-ed2e-b6452adf0f8e">
      <Execution id="a8c51c09-b7c8-4d23-98ed-6cfa8d830753" />
      <TestMethod codeBase="D:\actions-runner\_work\XPCO\XPCO\Corporate\Shared\Common.Integration\tst\VideoOS.Common.Integration.UnitTests\bin\x64\Debug\net472\VideoOS.Common.Integration.UnitTests.dll" adapterTypeName="executor://mstestadapter/v2" className="VideoOS.Common.Integration.UnitTests.License.BaseHtmlLicenseReportTests" name="BaseHtmlLicenseReport_CreatePNode_WithClassName_NullText_Success" />
    </UnitTest>
    <UnitTest name="ModelValidation_NonEmptyGuidsAreEmpty_Failed" storage="d:\actions-runner\_work\xpco\xpco\corporate\shared\common.integration\tst\videoos.common.integration.unittests\bin\x64\debug\net472\videoos.common.integration.unittests.dll" id="5db8d586-9bdd-f2f1-2cdf-0a275641de5c">
      <Execution id="b489a3c3-eb73-436d-9d7d-a967b7bb6df4" />
      <TestMethod codeBase="D:\actions-runner\_work\XPCO\XPCO\Corporate\Shared\Common.Integration\tst\VideoOS.Common.Integration.UnitTests\bin\x64\Debug\net472\VideoOS.Common.Integration.UnitTests.dll" adapterTypeName="executor://mstestadapter/v2" className="VideoOS.Common.Integration.UnitTests.WebAPI.Model.SynchronizeDevicePresetsModelTest" name="ModelValidation_NonEmptyGuidsAreEmpty_Failed" />
    </UnitTest>
    <UnitTest name="FeatureManager_GetFeatureParameterValueT_Enum_Invalid_Value" storage="d:\actions-runner\_work\xpco\xpco\corporate\shared\common.integration\tst\videoos.common.integration.unittests\bin\x64\debug\net472\videoos.common.integration.unittests.dll" id="1fd0e503-2946-0380-c6ba-6e861fd9230a">
      <Execution id="df4bc46a-3a7e-4092-94c0-1068cbb0e8cd" />
      <TestMethod codeBase="D:\actions-runner\_work\XPCO\XPCO\Corporate\Shared\Common.Integration\tst\VideoOS.Common.Integration.UnitTests\bin\x64\Debug\net472\VideoOS.Common.Integration.UnitTests.dll" adapterTypeName="executor://mstestadapter/v2" className="VideoOS.Common.Integration.UnitTests.License.FeatureManagerTest" name="FeatureManager_GetFeatureParameterValueT_Enum_Invalid_Value" />
    </UnitTest>
    <UnitTest name="AsString_ZeroLength_Success" storage="d:\actions-runner\_work\xpco\xpco\corporate\shared\common.integration\tst\videoos.common.integration.unittests\bin\x64\debug\net472\videoos.common.integration.unittests.dll" id="dc919844-0208-264a-0bb5-2c888b8b3b92">
      <Execution id="53f60a11-d1fe-465e-a146-dd1e37313d5f" />
      <TestMethod codeBase="D:\actions-runner\_work\XPCO\XPCO\Corporate\Shared\Common.Integration\tst\VideoOS.Common.Integration.UnitTests\bin\x64\Debug\net472\VideoOS.Common.Integration.UnitTests.dll" adapterTypeName="executor://mstestadapter/v2" className="VideoOS.Common.Integration.UnitTests.CertificateHandling.StringByteConversionExtensionsUnitTests" name="AsString_ZeroLength_Success" />
    </UnitTest>
    <UnitTest name="EncryptingOtherSystemSetting" storage="d:\actions-runner\_work\xpco\xpco\corporate\shared\common.integration\tst\videoos.common.integration.unittests\bin\x64\debug\net472\videoos.common.integration.unittests.dll" id="b2aa56e0-5f60-42d5-4864-fa1400ccd4c4">
      <Execution id="3ec439d2-eedd-43c4-8a9f-afbd7194b27e" />
      <TestMethod codeBase="D:\actions-runner\_work\XPCO\XPCO\Corporate\Shared\Common.Integration\tst\VideoOS.Common.Integration.UnitTests\bin\x64\Debug\net472\VideoOS.Common.Integration.UnitTests.dll" adapterTypeName="executor://mstestadapter/v2" className="VideoOS.Common.Integration.UnitTests.Configuration.XmlEncryptionHelperTests" name="EncryptingOtherSystemSetting" />
    </UnitTest>
    <UnitTest name="TestGetRegionsAsByteArrayCopyReturnsDifferentObjects" storage="d:\actions-runner\_work\xpco\xpco\corporate\shared\common.integration\tst\videoos.common.integration.unittests\bin\x64\debug\net472\videoos.common.integration.unittests.dll" id="eacb3063-dd4d-77dd-86b7-dcaa1ef0a342">
      <Execution id="efb6fac9-e90b-4829-9bcc-258f94e7cc11" />
      <TestMethod codeBase="D:\actions-runner\_work\XPCO\XPCO\Corporate\Shared\Common.Integration\tst\VideoOS.Common.Integration.UnitTests\bin\x64\Debug\net472\VideoOS.Common.Integration.UnitTests.dll" adapterTypeName="executor://mstestadapter/v2" className="VideoOS.Common.Integration.UnitTests.Configuration.FillableGridAreaUnitTest" name="TestGetRegionsAsByteArrayCopyReturnsDifferentObjects" />
    </UnitTest>
    <UnitTest name="GetRecorderSNMPId_Known" storage="d:\actions-runner\_work\xpco\xpco\corporate\shared\common.integration\tst\videoos.common.integration.unittests\bin\x64\debug\net472\videoos.common.integration.unittests.dll" id="abb83a8b-1b85-8d44-2f49-9f67ade18cf5">
      <Execution id="0dbf2160-5854-47b0-b9bf-8be7ff5addea" />
      <TestMethod codeBase="D:\actions-runner\_work\XPCO\XPCO\Corporate\Shared\Common.Integration\tst\VideoOS.Common.Integration.UnitTests\bin\x64\Debug\net472\VideoOS.Common.Integration.UnitTests.dll" adapterTypeName="executor://mstestadapter/v2" className="VideoOS.Common.Integration.UnitTests.Definition.Event.BuiltInEventTypesTest" name="GetRecorderSNMPId_Known" />
    </UnitTest>
    <UnitTest name="CreateHttpsUri_NoSchemeWithPort_UseDefaultPortTrue_BecomesHttpsPort443" storage="d:\actions-runner\_work\xpco\xpco\corporate\shared\common.integration\tst\videoos.common.integration.unittests\bin\x64\debug\net472\videoos.common.integration.unittests.dll" id="a8648c26-4319-bb26-b61e-ef35fbb1dda5">
      <TestCategory>
        <TestCategoryItem TestCategory="UriHandling" />
      </TestCategory>
      <Execution id="ff25463d-5ce8-4e29-8c01-c1989bc8ef69" />
      <TestMethod codeBase="D:\actions-runner\_work\XPCO\XPCO\Corporate\Shared\Common.Integration\tst\VideoOS.Common.Integration.UnitTests\bin\x64\Debug\net472\VideoOS.Common.Integration.UnitTests.dll" adapterTypeName="executor://mstestadapter/v2" className="VideoOS.Common.Integration.UnitTests.Communication.UriHandlingUnitTests" name="CreateHttpsUri_NoSchemeWithPort_UseDefaultPortTrue_BecomesHttpsPort443" />
    </UnitTest>
    <UnitTest name="StreamsConfiguration_ValidateConfiguration_Same_Stream_Name" storage="d:\actions-runner\_work\xpco\xpco\corporate\shared\common.integration\tst\videoos.common.integration.unittests\bin\x64\debug\net472\videoos.common.integration.unittests.dll" id="9e28bec4-c408-3041-cda4-91100c861ab7">
      <Execution id="ad0e63fb-5cc8-4c03-81d5-fb4c3342161b" />
      <TestMethod codeBase="D:\actions-runner\_work\XPCO\XPCO\Corporate\Shared\Common.Integration\tst\VideoOS.Common.Integration.UnitTests\bin\x64\Debug\net472\VideoOS.Common.Integration.UnitTests.dll" adapterTypeName="executor://mstestadapter/v2" className="VideoOS.Common.Integration.UnitTests.StreamsConfigurationUnitTests" name="StreamsConfiguration_ValidateConfiguration_Same_Stream_Name" />
    </UnitTest>
    <UnitTest name="Transform_XmlWithoutCredentialsListXml_NoChanges" storage="d:\actions-runner\_work\xpco\xpco\corporate\shared\common.integration\tst\videoos.common.integration.unittests\bin\x64\debug\net472\videoos.common.integration.unittests.dll" id="d00e65b6-3181-a5ca-6db8-25b604779426">
      <Execution id="8b7f7176-294d-462e-bd1e-907aa99b97c3" />
      <TestMethod codeBase="D:\actions-runner\_work\XPCO\XPCO\Corporate\Shared\Common.Integration\tst\VideoOS.Common.Integration.UnitTests\bin\x64\Debug\net472\VideoOS.Common.Integration.UnitTests.dll" adapterTypeName="executor://mstestadapter/v2" className="VideoOS.Common.Integration.UnitTests.Configuration.ConfigurationDataSetEncryption.HardwareScanExpressEncryptionTests" name="Transform_XmlWithoutCredentialsListXml_NoChanges" />
    </UnitTest>
    <UnitTest name="GetItemsByKey_UsesComparer" storage="d:\actions-runner\_work\xpco\xpco\corporate\shared\common.integration\tst\videoos.common.integration.unittests\bin\x64\debug\net472\videoos.common.integration.unittests.dll" id="e2feb5aa-10d8-0e28-7457-57e55c9df55d">
      <Execution id="11c024c0-852b-4fd7-927e-09ae0ee0e6d5" />
      <TestMethod codeBase="D:\actions-runner\_work\XPCO\XPCO\Corporate\Shared\Common.Integration\tst\VideoOS.Common.Integration.UnitTests\bin\x64\Debug\net472\VideoOS.Common.Integration.UnitTests.dll" adapterTypeName="executor://mstestadapter/v2" className="VideoOS.Common.Integration.UnitTests.LinkedListIndexUnitTests" name="GetItemsByKey_UsesComparer" />
    </UnitTest>
    <UnitTest name="LicenseDocument_ActivatedDate__ReturnsDateFromLicense" storage="d:\actions-runner\_work\xpco\xpco\corporate\shared\common.integration\tst\videoos.common.integration.unittests\bin\x64\debug\net472\videoos.common.integration.unittests.dll" id="22e9e8a7-9c26-53cd-90da-5874db0659cd">
      <TestCategory>
        <TestCategoryItem TestCategory="LicenseDocumentTest" />
      </TestCategory>
      <Execution id="4cd8b092-bc6e-4ef1-84d3-87664b78fcaf" />
      <TestMethod codeBase="D:\actions-runner\_work\XPCO\XPCO\Corporate\Shared\Common.Integration\tst\VideoOS.Common.Integration.UnitTests\bin\x64\Debug\net472\VideoOS.Common.Integration.UnitTests.dll" adapterTypeName="executor://mstestadapter/v2" className="VideoOS.Common.Integration.UnitTests.License.LicenseDocumentTests" name="LicenseDocument_ActivatedDate__ReturnsDateFromLicense" />
    </UnitTest>
    <UnitTest name="ReadChildElementValueAsUInt32_ElementNull" storage="d:\actions-runner\_work\xpco\xpco\corporate\shared\common.integration\tst\videoos.common.integration.unittests\bin\x64\debug\net472\videoos.common.integration.unittests.dll" id="fee5bfa9-dfda-bebd-835d-dc916b944552">
      <Execution id="ee8352b5-f776-43da-a81c-96ae261d479d" />
      <TestMethod codeBase="D:\actions-runner\_work\XPCO\XPCO\Corporate\Shared\Common.Integration\tst\VideoOS.Common.Integration.UnitTests\bin\x64\Debug\net472\VideoOS.Common.Integration.UnitTests.dll" adapterTypeName="executor://mstestadapter/v2" className="VideoOS.Common.Integration.UnitTests.XmlDocumentExtensionsCoreUnitTests" name="ReadChildElementValueAsUInt32_ElementNull" />
    </UnitTest>
    <UnitTest name="PatchAsync_EndpointOnly_NoError_TaskIsExecuted" storage="d:\actions-runner\_work\xpco\xpco\corporate\shared\common.integration\tst\videoos.common.integration.unittests\bin\x64\debug\net472\videoos.common.integration.unittests.dll" id="645cd5c3-36ae-6109-a092-fe741c107a15">
      <Execution id="bbafa169-9299-4ec9-b8b0-a2de6cfd5ae7" />
      <TestMethod codeBase="D:\actions-runner\_work\XPCO\XPCO\Corporate\Shared\Common.Integration\tst\VideoOS.Common.Integration.UnitTests\bin\x64\Debug\net472\VideoOS.Common.Integration.UnitTests.dll" adapterTypeName="executor://mstestadapter/v2" className="VideoOS.Common.Integration.WebApi.HttpClientCommunicatorUnitTests" name="PatchAsync_EndpointOnly_NoError_TaskIsExecuted" />
    </UnitTest>
    <UnitTest name="LegacyFromXmlEncrypted_ReadLegacyEncryptedCredentials_ConvertToPlainText" storage="d:\actions-runner\_work\xpco\xpco\corporate\shared\common.integration\tst\videoos.common.integration.unittests\bin\x64\debug\net472\videoos.common.integration.unittests.dll" id="35101b4b-44db-d00f-1bc5-748dd77e1603">
      <Execution id="b2667ced-cdf5-4a55-a756-0bfc05e66cc7" />
      <TestMethod codeBase="D:\actions-runner\_work\XPCO\XPCO\Corporate\Shared\Common.Integration\tst\VideoOS.Common.Integration.UnitTests\bin\x64\Debug\net472\VideoOS.Common.Integration.UnitTests.dll" adapterTypeName="executor://mstestadapter/v2" className="VideoOS.Common.Integration.UnitTests.DeviceDiscovery.CredentialSelectionsTests" name="LegacyFromXmlEncrypted_ReadLegacyEncryptedCredentials_ConvertToPlainText" />
    </UnitTest>
    <UnitTest name="TaskModel_InvalidTaskDiffGramType_Failed" storage="d:\actions-runner\_work\xpco\xpco\corporate\shared\common.integration\tst\videoos.common.integration.unittests\bin\x64\debug\net472\videoos.common.integration.unittests.dll" id="c0e40020-563b-4172-51b7-b2482962237f">
      <Execution id="138f959a-8b28-4afa-b899-140247a71494" />
      <TestMethod codeBase="D:\actions-runner\_work\XPCO\XPCO\Corporate\Shared\Common.Integration\tst\VideoOS.Common.Integration.UnitTests\bin\x64\Debug\net472\VideoOS.Common.Integration.UnitTests.dll" adapterTypeName="executor://mstestadapter/v2" className="VideoOS.Common.Integration.UnitTests.WebAPI.Model.TaskModelTest" name="TaskModel_InvalidTaskDiffGramType_Failed" />
    </UnitTest>
    <UnitTest name="WhiteList_CreateInstanceMaximumChannelCountParameterIsNotANumber_RaisesArgumentException" storage="d:\actions-runner\_work\xpco\xpco\corporate\shared\common.integration\tst\videoos.common.integration.unittests\bin\x64\debug\net472\videoos.common.integration.unittests.dll" id="c8202ea2-df5f-deb2-454c-cff3b2ec9ce1">
      <TestCategory>
        <TestCategoryItem TestCategory="Licensing" />
      </TestCategory>
      <Execution id="4342cd2c-1889-4e17-807c-cd0195fb3073" />
      <TestMethod codeBase="D:\actions-runner\_work\XPCO\XPCO\Corporate\Shared\Common.Integration\tst\VideoOS.Common.Integration.UnitTests\bin\x64\Debug\net472\VideoOS.Common.Integration.UnitTests.dll" adapterTypeName="executor://mstestadapter/v2" className="VideoOS.Common.Integration.UnitTests.License.LicenseWhitelistTests" name="WhiteList_CreateInstanceMaximumChannelCountParameterIsNotANumber_RaisesArgumentException" />
    </UnitTest>
    <UnitTest name="CustomLicenseType_FeatureFlagPresentDriversPresentEnabledHardwareButInvalidDriverNoActiveCameras" storage="d:\actions-runner\_work\xpco\xpco\corporate\shared\common.integration\tst\videoos.common.integration.unittests\bin\x64\debug\net472\videoos.common.integration.unittests.dll" id="0f34ea82-4b34-df21-1445-44172f8db22c">
      <TestCategory>
        <TestCategoryItem TestCategory="CustomLicenseTypeTest" />
      </TestCategory>
      <Execution id="4f30bcef-e0b1-48da-b81f-43bfdcac2896" />
      <TestMethod codeBase="D:\actions-runner\_work\XPCO\XPCO\Corporate\Shared\Common.Integration\tst\VideoOS.Common.Integration.UnitTests\bin\x64\Debug\net472\VideoOS.Common.Integration.UnitTests.dll" adapterTypeName="executor://mstestadapter/v2" className="VideoOS.Common.Integration.UnitTests.License.CustomLicenseTypeTests" name="CustomLicenseType_FeatureFlagPresentDriversPresentEnabledHardwareButInvalidDriverNoActiveCameras" />
    </UnitTest>
    <UnitTest name="PtzPresetCollection_SaveXml_Success" storage="d:\actions-runner\_work\xpco\xpco\corporate\shared\common.integration\tst\videoos.common.integration.unittests\bin\x64\debug\net472\videoos.common.integration.unittests.dll" id="31e792dd-c6fc-b93a-5ca8-a735cea9d4ad">
      <Execution id="cf377c65-d449-4fbf-8585-8cfdfdce105e" />
      <TestMethod codeBase="D:\actions-runner\_work\XPCO\XPCO\Corporate\Shared\Common.Integration\tst\VideoOS.Common.Integration.UnitTests\bin\x64\Debug\net472\VideoOS.Common.Integration.UnitTests.dll" adapterTypeName="executor://mstestadapter/v2" className="VideoOS.Common.Integration.UnitTests.PtzPresetCollectionUnitTests" name="PtzPresetCollection_SaveXml_Success" />
    </UnitTest>
    <UnitTest name="SendOnlyEndpoint_EndpointNull_ArgumentNullExceptionThrown" storage="d:\actions-runner\_work\xpco\xpco\corporate\shared\common.integration\tst\videoos.common.integration.unittests\bin\x64\debug\net472\videoos.common.integration.unittests.dll" id="0ba4b513-76a8-253a-52cc-0f1c069b1568">
      <Execution id="39410526-e277-4ae3-9494-17e5147deed0" />
      <TestMethod codeBase="D:\actions-runner\_work\XPCO\XPCO\Corporate\Shared\Common.Integration\tst\VideoOS.Common.Integration.UnitTests\bin\x64\Debug\net472\VideoOS.Common.Integration.UnitTests.dll" adapterTypeName="executor://mstestadapter/v2" className="VideoOS.Common.Integration.WebApi.HttpClientCommunicatorUnitTests" name="SendOnlyEndpoint_EndpointNull_ArgumentNullExceptionThrown" />
    </UnitTest>
    <UnitTest name="FileUploadSynchronizer_Upload_DifferentFiles_To_SameRecorder_Twice_UploadsTwice_ChecksExistsFourTimes" storage="d:\actions-runner\_work\xpco\xpco\corporate\shared\common.integration\tst\videoos.common.integration.unittests\bin\x64\debug\net472\videoos.common.integration.unittests.dll" id="2542f3d1-3cdc-cf6a-9a74-108a02079f30">
      <Execution id="5acee9ef-4216-46d2-a0e4-7209e7a49a55" />
      <TestMethod codeBase="D:\actions-runner\_work\XPCO\XPCO\Corporate\Shared\Common.Integration\tst\VideoOS.Common.Integration.UnitTests\bin\x64\Debug\net472\VideoOS.Common.Integration.UnitTests.dll" adapterTypeName="executor://mstestadapter/v2" className="VideoOS.Common.Integration.UnitTests.FileUploadSynchronizerTests" name="FileUploadSynchronizer_Upload_DifferentFiles_To_SameRecorder_Twice_UploadsTwice_ChecksExistsFourTimes" />
    </UnitTest>
    <UnitTest name="Decrypt_NullCheck" storage="d:\actions-runner\_work\xpco\xpco\corporate\shared\common.integration\tst\videoos.common.integration.unittests\bin\x64\debug\net472\videoos.common.integration.unittests.dll" id="7ed74da4-b7a3-198f-a739-6119e11ecb94">
      <Execution id="bc8aff55-3010-448c-b651-8067acbb66e5" />
      <TestMethod codeBase="D:\actions-runner\_work\XPCO\XPCO\Corporate\Shared\Common.Integration\tst\VideoOS.Common.Integration.UnitTests\bin\x64\Debug\net472\VideoOS.Common.Integration.UnitTests.dll" adapterTypeName="executor://mstestadapter/v2" className="VideoOS.Common.Integration.UnitTests.Configuration.SettingsXmlTransformerTests" name="Decrypt_NullCheck" />
    </UnitTest>
    <UnitTest name="BulkEventModel_Validate_Command_Null" storage="d:\actions-runner\_work\xpco\xpco\corporate\shared\common.integration\tst\videoos.common.integration.unittests\bin\x64\debug\net472\videoos.common.integration.unittests.dll" id="a4fac035-eb1e-a72b-e636-67619651fa36">
      <Execution id="83e1250a-a747-4e01-92e7-49d874909ea1" />
      <TestMethod codeBase="D:\actions-runner\_work\XPCO\XPCO\Corporate\Shared\Common.Integration\tst\VideoOS.Common.Integration.UnitTests\bin\x64\Debug\net472\VideoOS.Common.Integration.UnitTests.dll" adapterTypeName="executor://mstestadapter/v2" className="VideoOS.Common.Integration.UnitTests.WebAPI.Model.BulkEventModelTest" name="BulkEventModel_Validate_Command_Null" />
    </UnitTest>
    <UnitTest name="Create_Mac_Address_Hash_String_GUID" storage="d:\actions-runner\_work\xpco\xpco\corporate\shared\common.integration\tst\videoos.common.integration.unittests\bin\x64\debug\net472\videoos.common.integration.unittests.dll" id="5c62b36c-7e5b-e052-296c-ce11b79f4704">
      <Execution id="07286c9d-07be-43fd-823e-44f2291f5412" />
      <TestMethod codeBase="D:\actions-runner\_work\XPCO\XPCO\Corporate\Shared\Common.Integration\tst\VideoOS.Common.Integration.UnitTests\bin\x64\Debug\net472\VideoOS.Common.Integration.UnitTests.dll" adapterTypeName="executor://mstestadapter/v2" className="VideoOS.Common.Integration.UnitTests.License.MacAddressUtilitiesTest" name="Create_Mac_Address_Hash_String_GUID" />
    </UnitTest>
    <UnitTest name="TestIncreaseNumberOfRegionsWithInvalidFactor" storage="d:\actions-runner\_work\xpco\xpco\corporate\shared\common.integration\tst\videoos.common.integration.unittests\bin\x64\debug\net472\videoos.common.integration.unittests.dll" id="4512c517-1140-ea2e-3ea2-ad7a703260fc">
      <Execution id="0b6cd73d-8569-4b91-91e7-c4858926c354" />
      <TestMethod codeBase="D:\actions-runner\_work\XPCO\XPCO\Corporate\Shared\Common.Integration\tst\VideoOS.Common.Integration.UnitTests\bin\x64\Debug\net472\VideoOS.Common.Integration.UnitTests.dll" adapterTypeName="executor://mstestadapter/v2" className="VideoOS.Common.Integration.UnitTests.Configuration.FillableGridAreaUnitTest" name="TestIncreaseNumberOfRegionsWithInvalidFactor" />
    </UnitTest>
    <UnitTest name="Send_AccessTokenExceptionThrown_ExceptionLoggedAndRethrown" storage="d:\actions-runner\_work\xpco\xpco\corporate\shared\common.integration\tst\videoos.common.integration.unittests\bin\x64\debug\net472\videoos.common.integration.unittests.dll" id="be3bcf3d-4569-b788-8b77-5ebacd88cb20">
      <Execution id="f4db0205-0e82-4eae-a449-061287577017" />
      <TestMethod codeBase="D:\actions-runner\_work\XPCO\XPCO\Corporate\Shared\Common.Integration\tst\VideoOS.Common.Integration.UnitTests\bin\x64\Debug\net472\VideoOS.Common.Integration.UnitTests.dll" adapterTypeName="executor://mstestadapter/v2" className="VideoOS.Common.Integration.WebApi.HttpClientCommunicatorUnitTests" name="Send_AccessTokenExceptionThrown_ExceptionLoggedAndRethrown" />
    </UnitTest>
    <UnitTest name="TestPasswordGenerationFromBasicRequirements" storage="d:\actions-runner\_work\xpco\xpco\corporate\shared\common.integration\tst\videoos.common.integration.unittests\bin\x64\debug\net472\videoos.common.integration.unittests.dll" id="a7e2cf6c-65c4-8db2-c00e-a4ed57404841">
      <Execution id="9a5c3f98-95ee-436d-8646-b2519433a2c4" />
      <TestMethod codeBase="D:\actions-runner\_work\XPCO\XPCO\Corporate\Shared\Common.Integration\tst\VideoOS.Common.Integration.UnitTests\bin\x64\Debug\net472\VideoOS.Common.Integration.UnitTests.dll" adapterTypeName="executor://mstestadapter/v2" className="VideoOS.Common.Integration.UnitTests.PasswordMinMaxGenerator" name="TestPasswordGenerationFromBasicRequirements" />
    </UnitTest>
    <UnitTest name="Invoke_RequiredScopeNotSpecified_NextIsCalled" storage="d:\actions-runner\_work\xpco\xpco\corporate\shared\common.integration\tst\videoos.common.integration.unittests\bin\x64\debug\net472\videoos.common.integration.unittests.dll" id="364a6704-58b0-d608-3ac9-75ceba40c6a0">
      <Execution id="12fe9561-e40e-4de3-9bfc-bcdf374761b7" />
      <TestMethod codeBase="D:\actions-runner\_work\XPCO\XPCO\Corporate\Shared\Common.Integration\tst\VideoOS.Common.Integration.UnitTests\bin\x64\Debug\net472\VideoOS.Common.Integration.UnitTests.dll" adapterTypeName="executor://mstestadapter/v2" className="VideoOS.Common.Integration.UnitTests.WebApi.Middleware.ScopeValidationMiddlewareTests" name="Invoke_RequiredScopeNotSpecified_NextIsCalled" />
    </UnitTest>
    <UnitTest name="HardwareInfo_DecodesDriverAndModelNameUpperWithDoubleQuote" storage="d:\actions-runner\_work\xpco\xpco\corporate\shared\common.integration\tst\videoos.common.integration.unittests\bin\x64\debug\net472\videoos.common.integration.unittests.dll" id="0bd264d5-4161-90e0-39e0-bfba18495c08">
      <Execution id="11587a55-4d4c-4313-89cc-64a62804e422" />
      <TestMethod codeBase="D:\actions-runner\_work\XPCO\XPCO\Corporate\Shared\Common.Integration\tst\VideoOS.Common.Integration.UnitTests\bin\x64\Debug\net472\VideoOS.Common.Integration.UnitTests.dll" adapterTypeName="executor://mstestadapter/v2" className="VideoOS.Common.Integration.UnitTests.License.HardwareInfoTests" name="HardwareInfo_DecodesDriverAndModelNameUpperWithDoubleQuote" />
    </UnitTest>
    <UnitTest name="FeatureManager_TryGetFeatureParameterValueT_Enum_Valid_Value" storage="d:\actions-runner\_work\xpco\xpco\corporate\shared\common.integration\tst\videoos.common.integration.unittests\bin\x64\debug\net472\videoos.common.integration.unittests.dll" id="8107be73-2f16-ad8f-05ba-5c3f406af6e9">
      <Execution id="f7d15185-bc63-4280-b0dc-1c8187a61e28" />
      <TestMethod codeBase="D:\actions-runner\_work\XPCO\XPCO\Corporate\Shared\Common.Integration\tst\VideoOS.Common.Integration.UnitTests\bin\x64\Debug\net472\VideoOS.Common.Integration.UnitTests.dll" adapterTypeName="executor://mstestadapter/v2" className="VideoOS.Common.Integration.UnitTests.License.FeatureManagerTest" name="FeatureManager_TryGetFeatureParameterValueT_Enum_Valid_Value" />
    </UnitTest>
    <UnitTest name="HttpClientCommunicatorWrapper_SendTRet_Success" storage="d:\actions-runner\_work\xpco\xpco\corporate\shared\common.integration\tst\videoos.common.integration.unittests\bin\x64\debug\net472\videoos.common.integration.unittests.dll" id="a09877a3-2e7a-2013-5f63-728327952c1b">
      <Execution id="878d12a6-bde0-43d6-b520-39f259ae058d" />
      <TestMethod codeBase="D:\actions-runner\_work\XPCO\XPCO\Corporate\Shared\Common.Integration\tst\VideoOS.Common.Integration.UnitTests\bin\x64\Debug\net472\VideoOS.Common.Integration.UnitTests.dll" adapterTypeName="executor://mstestadapter/v2" className="VideoOS.Common.Integration.UnitTests.WebAPI.HttpClientCommunicatorWrapperTests" name="HttpClientCommunicatorWrapper_SendTRet_Success" />
    </UnitTest>
    <UnitTest name="ToModelRule_LogEntryNull_ArgumentNullException" storage="d:\actions-runner\_work\xpco\xpco\corporate\shared\common.integration\tst\videoos.common.integration.unittests\bin\x64\debug\net472\videoos.common.integration.unittests.dll" id="01e71314-81c5-4366-34cc-41198de89a47">
      <Execution id="3f6386e5-ee7c-4028-a85f-c9bf612b98b8" />
      <TestMethod codeBase="D:\actions-runner\_work\XPCO\XPCO\Corporate\Shared\Common.Integration\tst\VideoOS.Common.Integration.UnitTests\bin\x64\Debug\net472\VideoOS.Common.Integration.UnitTests.dll" adapterTypeName="executor://mstestadapter/v2" className="VideoOS.Common.Integration.UnitTests.WebAPI.Model.Server.LogEntryModelConverterTest" name="ToModelRule_LogEntryNull_ArgumentNullException" />
    </UnitTest>
    <UnitTest name="ResponseModel_NoValuesSet_ValidationFailure" storage="d:\actions-runner\_work\xpco\xpco\corporate\shared\common.integration\tst\videoos.common.integration.unittests\bin\x64\debug\net472\videoos.common.integration.unittests.dll" id="c662972b-d138-6dfa-90dd-ad50777013ca">
      <Execution id="f61fc6ea-1db7-4430-a10d-fb396000f314" />
      <TestMethod codeBase="D:\actions-runner\_work\XPCO\XPCO\Corporate\Shared\Common.Integration\tst\VideoOS.Common.Integration.UnitTests\bin\x64\Debug\net472\VideoOS.Common.Integration.UnitTests.dll" adapterTypeName="executor://mstestadapter/v2" className="VideoOS.Common.Integration.UnitTests.WebAPI.Model.Server.Responses.ResponseModelTest" name="ResponseModel_NoValuesSet_ValidationFailure" />
    </UnitTest>
    <UnitTest name="Construct_LicenseActivationService_HttpHostInvalid_ThrowsArgumentNullException" storage="d:\actions-runner\_work\xpco\xpco\corporate\shared\common.integration\tst\videoos.common.integration.unittests\bin\x64\debug\net472\videoos.common.integration.unittests.dll" id="b14b75d3-0232-b49c-3438-c0a1d5683317">
      <Execution id="05d8a08c-7998-4e66-9641-c879626b5370" />
      <TestMethod codeBase="D:\actions-runner\_work\XPCO\XPCO\Corporate\Shared\Common.Integration\tst\VideoOS.Common.Integration.UnitTests\bin\x64\Debug\net472\VideoOS.Common.Integration.UnitTests.dll" adapterTypeName="executor://mstestadapter/v2" className="VideoOS.Common.Integration.UnitTests.License.LicenseActivationServiceTests" name="Construct_LicenseActivationService_HttpHostInvalid_ThrowsArgumentNullException" />
    </UnitTest>
    <UnitTest name="ServerFileStorage_DisposesStream_ThenReads_Exception" storage="d:\actions-runner\_work\xpco\xpco\corporate\shared\common.integration\tst\videoos.common.integration.unittests\bin\x64\debug\net472\videoos.common.integration.unittests.dll" id="6e183b12-0810-b038-3176-91075831756f">
      <Execution id="0a16dd8c-b87f-476a-986a-db5ae608033d" />
      <TestMethod codeBase="D:\actions-runner\_work\XPCO\XPCO\Corporate\Shared\Common.Integration\tst\VideoOS.Common.Integration.UnitTests\bin\x64\Debug\net472\VideoOS.Common.Integration.UnitTests.dll" adapterTypeName="executor://mstestadapter/v2" className="VideoOS.Common.Integration.UnitTests.ServerFileStorageTests" name="ServerFileStorage_DisposesStream_ThenReads_Exception" />
    </UnitTest>
    <UnitTest name="IsMember_NoProvider" storage="d:\actions-runner\_work\xpco\xpco\corporate\shared\common.integration\tst\videoos.common.integration.unittests\bin\x64\debug\net472\videoos.common.integration.unittests.dll" id="b5eece68-50d9-334f-55f7-c7e363a299dc">
      <Execution id="bfbedda8-cc43-4d41-9cca-43b76fff1fba" />
      <TestMethod codeBase="D:\actions-runner\_work\XPCO\XPCO\Corporate\Shared\Common.Integration\tst\VideoOS.Common.Integration.UnitTests\bin\x64\Debug\net472\VideoOS.Common.Integration.UnitTests.dll" adapterTypeName="executor://mstestadapter/v2" className="VideoOS.Common.Integration.UnitTests.Caching.SecurityIdentityCacheUnitTests" name="IsMember_NoProvider" />
    </UnitTest>
    <UnitTest name="TestGetRegionsAsByteArray" storage="d:\actions-runner\_work\xpco\xpco\corporate\shared\common.integration\tst\videoos.common.integration.unittests\bin\x64\debug\net472\videoos.common.integration.unittests.dll" id="b2202068-dd01-3c42-d6c6-818152ed9597">
      <Execution id="21b6c494-6ad6-46e4-82ac-3121a37aea7f" />
      <TestMethod codeBase="D:\actions-runner\_work\XPCO\XPCO\Corporate\Shared\Common.Integration\tst\VideoOS.Common.Integration.UnitTests\bin\x64\Debug\net472\VideoOS.Common.Integration.UnitTests.dll" adapterTypeName="executor://mstestadapter/v2" className="VideoOS.Common.Integration.UnitTests.Configuration.FillableGridAreaUnitTest" name="TestGetRegionsAsByteArray" />
    </UnitTest>
    <UnitTest name="ModelValidation_ValidModel_Success" storage="d:\actions-runner\_work\xpco\xpco\corporate\shared\common.integration\tst\videoos.common.integration.unittests\bin\x64\debug\net472\videoos.common.integration.unittests.dll" id="3d8a723b-7df9-c30c-2230-70492bb320a3">
      <Execution id="6bb8705b-7a21-4723-979c-3b67d956db01" />
      <TestMethod codeBase="D:\actions-runner\_work\XPCO\XPCO\Corporate\Shared\Common.Integration\tst\VideoOS.Common.Integration.UnitTests\bin\x64\Debug\net472\VideoOS.Common.Integration.UnitTests.dll" adapterTypeName="executor://mstestadapter/v2" className="VideoOS.Common.Integration.UnitTests.WebAPI.Model.PerformFileSystemOperationModelTest" name="ModelValidation_ValidModel_Success" />
    </UnitTest>
    <UnitTest name="GetRecorderSNMPId_Not_SNMP_Mapped" storage="d:\actions-runner\_work\xpco\xpco\corporate\shared\common.integration\tst\videoos.common.integration.unittests\bin\x64\debug\net472\videoos.common.integration.unittests.dll" id="093f7c02-46d7-a5f5-7758-9246e49e6a3f">
      <Execution id="3fd08487-dfce-4e3a-af89-38e142e58cd6" />
      <TestMethod codeBase="D:\actions-runner\_work\XPCO\XPCO\Corporate\Shared\Common.Integration\tst\VideoOS.Common.Integration.UnitTests\bin\x64\Debug\net472\VideoOS.Common.Integration.UnitTests.dll" adapterTypeName="executor://mstestadapter/v2" className="VideoOS.Common.Integration.UnitTests.Definition.Event.BuiltInEventTypesTest" name="GetRecorderSNMPId_Not_SNMP_Mapped" />
    </UnitTest>
    <UnitTest name="BaseVersionValidTest" storage="d:\actions-runner\_work\xpco\xpco\corporate\shared\common.integration\tst\videoos.common.integration.unittests\bin\x64\debug\net472\videoos.common.integration.unittests.dll" id="86f38614-9c5c-f32f-62f9-f28cf561de7a">
      <Execution id="c5e2472a-05bf-484b-8f13-9a36aefe9118" />
      <TestMethod codeBase="D:\actions-runner\_work\XPCO\XPCO\Corporate\Shared\Common.Integration\tst\VideoOS.Common.Integration.UnitTests\bin\x64\Debug\net472\VideoOS.Common.Integration.UnitTests.dll" adapterTypeName="executor://mstestadapter/v2" className="VideoOS.Common.Integration.UnitTests.Oem.AProductVersionUnitTest" name="BaseVersionValidTest" />
    </UnitTest>
    <UnitTest name="DatabaseOperationModel_Validation_RequiredPropertiesAreNull_Failed" storage="d:\actions-runner\_work\xpco\xpco\corporate\shared\common.integration\tst\videoos.common.integration.unittests\bin\x64\debug\net472\videoos.common.integration.unittests.dll" id="93ec89d5-9dd0-e72b-aa79-a64f74489a11">
      <Execution id="dfbc6483-8405-4e0b-bef8-890f604ca991" />
      <TestMethod codeBase="D:\actions-runner\_work\XPCO\XPCO\Corporate\Shared\Common.Integration\tst\VideoOS.Common.Integration.UnitTests\bin\x64\Debug\net472\VideoOS.Common.Integration.UnitTests.dll" adapterTypeName="executor://mstestadapter/v2" className="VideoOS.Common.Integration.UnitTests.WebAPI.Model.DatabaseOperationModelTest" name="DatabaseOperationModel_Validation_RequiredPropertiesAreNull_Failed" />
    </UnitTest>
    <UnitTest name="DecryptingActivationCredentialsSystemSetting" storage="d:\actions-runner\_work\xpco\xpco\corporate\shared\common.integration\tst\videoos.common.integration.unittests\bin\x64\debug\net472\videoos.common.integration.unittests.dll" id="6eef128e-2629-28c4-294e-caa9abfe1e77">
      <Execution id="abb83943-62de-4e50-9d3a-04315c03a22d" />
      <TestMethod codeBase="D:\actions-runner\_work\XPCO\XPCO\Corporate\Shared\Common.Integration\tst\VideoOS.Common.Integration.UnitTests\bin\x64\Debug\net472\VideoOS.Common.Integration.UnitTests.dll" adapterTypeName="executor://mstestadapter/v2" className="VideoOS.Common.Integration.UnitTests.Configuration.XmlEncryptionHelperTests" name="DecryptingActivationCredentialsSystemSetting" />
    </UnitTest>
    <UnitTest name="CalculateLicenseRequirements_DeviceAndModel_Whitelisted_HardwareWithMultipleCameraDevicesCountsAsSingleLicenses_ReturnsTrue" storage="d:\actions-runner\_work\xpco\xpco\corporate\shared\common.integration\tst\videoos.common.integration.unittests\bin\x64\debug\net472\videoos.common.integration.unittests.dll" id="d81cc02c-d191-38d5-2d26-28f305b2fa49">
      <Execution id="0411c4fb-0335-4045-b7f1-b8ce9d391f5c" />
      <TestMethod codeBase="D:\actions-runner\_work\XPCO\XPCO\Corporate\Shared\Common.Integration\tst\VideoOS.Common.Integration.UnitTests\bin\x64\Debug\net472\VideoOS.Common.Integration.UnitTests.dll" adapterTypeName="executor://mstestadapter/v2" className="VideoOS.Common.Integration.UnitTests.License.LicenseCalculatorTests" name="CalculateLicenseRequirements_DeviceAndModel_Whitelisted_HardwareWithMultipleCameraDevicesCountsAsSingleLicenses_ReturnsTrue" />
    </UnitTest>
    <UnitTest name="Patch_EndPointIsNull_ArgumentNullExceptionThrown" storage="d:\actions-runner\_work\xpco\xpco\corporate\shared\common.integration\tst\videoos.common.integration.unittests\bin\x64\debug\net472\videoos.common.integration.unittests.dll" id="ec1fcb34-7058-034a-3b55-989749ad663a">
      <Execution id="cef62642-0aa1-431d-bbea-d41308563a28" />
      <TestMethod codeBase="D:\actions-runner\_work\XPCO\XPCO\Corporate\Shared\Common.Integration\tst\VideoOS.Common.Integration.UnitTests\bin\x64\Debug\net472\VideoOS.Common.Integration.UnitTests.dll" adapterTypeName="executor://mstestadapter/v2" className="VideoOS.Common.Integration.WebApi.HttpClientCommunicatorUnitTests" name="Patch_EndPointIsNull_ArgumentNullExceptionThrown" />
    </UnitTest>
    <UnitTest name="Update_testState_expectedResult" storage="d:\actions-runner\_work\xpco\xpco\corporate\shared\common.integration\tst\videoos.common.integration.unittests\bin\x64\debug\net472\videoos.common.integration.unittests.dll" id="5424beba-b71d-4289-8a81-194d1376ec51">
      <Execution id="dd0e620b-0787-4410-9fb6-91e59fb85622" />
      <TestMethod codeBase="D:\actions-runner\_work\XPCO\XPCO\Corporate\Shared\Common.Integration\tst\VideoOS.Common.Integration.UnitTests\bin\x64\Debug\net472\VideoOS.Common.Integration.UnitTests.dll" adapterTypeName="executor://mstestadapter/v2" className="VideoOS.Common.Integration.UnitTests.Configuration.ConfigurationDataSetEncryption.SetStoragePasswordEncryptionTests" name="Update_testState_expectedResult" />
    </UnitTest>
    <UnitTest name="Recorder_Construct_InvalidGuid_Empty_Throws_ArgumentException" storage="d:\actions-runner\_work\xpco\xpco\corporate\shared\common.integration\tst\videoos.common.integration.unittests\bin\x64\debug\net472\videoos.common.integration.unittests.dll" id="559e5181-3408-767b-882d-6ab6a14c72ff">
      <Execution id="107321cf-411a-4ded-8539-1312920c89f3" />
      <TestMethod codeBase="D:\actions-runner\_work\XPCO\XPCO\Corporate\Shared\Common.Integration\tst\VideoOS.Common.Integration.UnitTests\bin\x64\Debug\net472\VideoOS.Common.Integration.UnitTests.dll" adapterTypeName="executor://mstestadapter/v2" className="VideoOS.Common.Integration.UnitTests.License.LicenseInfoTests" name="Recorder_Construct_InvalidGuid_Empty_Throws_ArgumentException" />
    </UnitTest>
    <UnitTest name="PtzPresetCollection_ContainsKey_Success" storage="d:\actions-runner\_work\xpco\xpco\corporate\shared\common.integration\tst\videoos.common.integration.unittests\bin\x64\debug\net472\videoos.common.integration.unittests.dll" id="cfc4dc4c-319e-83b7-aea7-b591effbc8ad">
      <Execution id="2d6f1e9a-317c-42b0-aa30-be72071ac8e9" />
      <TestMethod codeBase="D:\actions-runner\_work\XPCO\XPCO\Corporate\Shared\Common.Integration\tst\VideoOS.Common.Integration.UnitTests\bin\x64\Debug\net472\VideoOS.Common.Integration.UnitTests.dll" adapterTypeName="executor://mstestadapter/v2" className="VideoOS.Common.Integration.UnitTests.PtzPresetCollectionUnitTests" name="PtzPresetCollection_ContainsKey_Success" />
    </UnitTest>
    <UnitTest name="CheckAllMIPFiltersKindsTestOk3" storage="d:\actions-runner\_work\xpco\xpco\corporate\shared\common.integration\tst\videoos.common.integration.unittests\bin\x64\debug\net472\videoos.common.integration.unittests.dll" id="fd4c0d92-09c3-4b85-a497-3e9bc882dbde">
      <TestCategory>
        <TestCategoryItem TestCategory="Rules.MIPFilter" />
      </TestCategory>
      <Execution id="dc14a1c7-31cc-43b6-a75c-2a968d12e6ff" />
      <TestMethod codeBase="D:\actions-runner\_work\XPCO\XPCO\Corporate\Shared\Common.Integration\tst\VideoOS.Common.Integration.UnitTests\bin\x64\Debug\net472\VideoOS.Common.Integration.UnitTests.dll" adapterTypeName="executor://mstestadapter/v2" className="VideoOS.Common.Integration.UnitTests.Rules.MIPFilterTest" name="CheckAllMIPFiltersKindsTestOk3" />
    </UnitTest>
    <UnitTest name="Mac_Address_Empty_Test_True_2" storage="d:\actions-runner\_work\xpco\xpco\corporate\shared\common.integration\tst\videoos.common.integration.unittests\bin\x64\debug\net472\videoos.common.integration.unittests.dll" id="1f9336a2-7a80-8e00-8f9d-0b352e023592">
      <Execution id="9f3b4aaa-c00e-4697-8f39-d333cf4b8759" />
      <TestMethod codeBase="D:\actions-runner\_work\XPCO\XPCO\Corporate\Shared\Common.Integration\tst\VideoOS.Common.Integration.UnitTests\bin\x64\Debug\net472\VideoOS.Common.Integration.UnitTests.dll" adapterTypeName="executor://mstestadapter/v2" className="VideoOS.Common.Integration.UnitTests.License.MacAddressUtilitiesTest" name="Mac_Address_Empty_Test_True_2" />
    </UnitTest>
    <UnitTest name="Index_GetEntriesByKey_Returns_Correct_Item" storage="d:\actions-runner\_work\xpco\xpco\corporate\shared\common.integration\tst\videoos.common.integration.unittests\bin\x64\debug\net472\videoos.common.integration.unittests.dll" id="d8660ccf-e9fb-f3f2-5b1a-a33f0ec3a7f9">
      <Execution id="ae2a65d9-3cba-4b79-a8db-767c5b4720e6" />
      <TestMethod codeBase="D:\actions-runner\_work\XPCO\XPCO\Corporate\Shared\Common.Integration\tst\VideoOS.Common.Integration.UnitTests\bin\x64\Debug\net472\VideoOS.Common.Integration.UnitTests.dll" adapterTypeName="executor://mstestadapter/v2" className="VideoOS.Common.Integration.UnitTests.IndexedCollectionUnitTests" name="Index_GetEntriesByKey_Returns_Correct_Item" />
    </UnitTest>
    <UnitTest name="HttpClientCommunicatorWrapper_PatchAsyncTObj_CommunicationException" storage="d:\actions-runner\_work\xpco\xpco\corporate\shared\common.integration\tst\videoos.common.integration.unittests\bin\x64\debug\net472\videoos.common.integration.unittests.dll" id="5e06726d-c722-a0bd-a2c1-2825468b2b15">
      <Execution id="fbd501eb-e063-4140-b055-e72100340f32" />
      <TestMethod codeBase="D:\actions-runner\_work\XPCO\XPCO\Corporate\Shared\Common.Integration\tst\VideoOS.Common.Integration.UnitTests\bin\x64\Debug\net472\VideoOS.Common.Integration.UnitTests.dll" adapterTypeName="executor://mstestadapter/v2" className="VideoOS.Common.Integration.UnitTests.WebAPI.HttpClientCommunicatorWrapperTests" name="HttpClientCommunicatorWrapper_PatchAsyncTObj_CommunicationException" />
    </UnitTest>
    <UnitTest name="BaseHtmlLicenseReport_CreatePNode_WithNoClassName_NullText_Success" storage="d:\actions-runner\_work\xpco\xpco\corporate\shared\common.integration\tst\videoos.common.integration.unittests\bin\x64\debug\net472\videoos.common.integration.unittests.dll" id="cca527fc-7355-66ce-e26b-646f92cb6240">
      <Execution id="e2cba74e-f9a5-4c99-a7b4-d4de31beb513" />
      <TestMethod codeBase="D:\actions-runner\_work\XPCO\XPCO\Corporate\Shared\Common.Integration\tst\VideoOS.Common.Integration.UnitTests\bin\x64\Debug\net472\VideoOS.Common.Integration.UnitTests.dll" adapterTypeName="executor://mstestadapter/v2" className="VideoOS.Common.Integration.UnitTests.License.BaseHtmlLicenseReportTests" name="BaseHtmlLicenseReport_CreatePNode_WithNoClassName_NullText_Success" />
    </UnitTest>
    <UnitTest name="Constructor_IncrementsFeedCounts_OnCombinationOfHw" storage="d:\actions-runner\_work\xpco\xpco\corporate\shared\common.integration\tst\videoos.common.integration.unittests\bin\x64\debug\net472\videoos.common.integration.unittests.dll" id="8d26cb13-af54-ad12-9092-30887c4edca0">
      <TestCategory>
        <TestCategoryItem TestCategory="Licensing" />
      </TestCategory>
      <Execution id="91854d82-2d99-41c4-973e-08248b3e8bcc" />
      <TestMethod codeBase="D:\actions-runner\_work\XPCO\XPCO\Corporate\Shared\Common.Integration\tst\VideoOS.Common.Integration.UnitTests\bin\x64\Debug\net472\VideoOS.Common.Integration.UnitTests.dll" adapterTypeName="executor://mstestadapter/v2" className="VideoOS.Common.Integration.UnitTests.License.AggregateFeedDictionaryTests" name="Constructor_IncrementsFeedCounts_OnCombinationOfHw" />
    </UnitTest>
    <UnitTest name="Receive_NonSuccessResponse_BadRequestExceptionThrown" storage="d:\actions-runner\_work\xpco\xpco\corporate\shared\common.integration\tst\videoos.common.integration.unittests\bin\x64\debug\net472\videoos.common.integration.unittests.dll" id="33fa0e17-1e9d-fc9e-79a9-fe07de2e1d42">
      <Execution id="6a571c78-8978-4ccc-8e66-dc772078fb03" />
      <TestMethod codeBase="D:\actions-runner\_work\XPCO\XPCO\Corporate\Shared\Common.Integration\tst\VideoOS.Common.Integration.UnitTests\bin\x64\Debug\net472\VideoOS.Common.Integration.UnitTests.dll" adapterTypeName="executor://mstestadapter/v2" className="VideoOS.Common.Integration.WebApi.HttpClientCommunicatorUnitTests" name="Receive_NonSuccessResponse_BadRequestExceptionThrown" />
    </UnitTest>
    <UnitTest name="LicenseActivationService_AcquireLicense_AccessDenied_SlcNotFound" storage="d:\actions-runner\_work\xpco\xpco\corporate\shared\common.integration\tst\videoos.common.integration.unittests\bin\x64\debug\net472\videoos.common.integration.unittests.dll" id="342b8f7f-2a82-20b5-b26c-f5fe4c49f791">
      <Execution id="336ba8d7-33fa-4b34-ad80-923259466057" />
      <TestMethod codeBase="D:\actions-runner\_work\XPCO\XPCO\Corporate\Shared\Common.Integration\tst\VideoOS.Common.Integration.UnitTests\bin\x64\Debug\net472\VideoOS.Common.Integration.UnitTests.dll" adapterTypeName="executor://mstestadapter/v2" className="VideoOS.Common.Integration.UnitTests.License.LicenseActivationServiceTests" name="LicenseActivationService_AcquireLicense_AccessDenied_SlcNotFound" />
    </UnitTest>
    <UnitTest name="Decrypt_DataSetHasRow_DataSetIsDecrypted" storage="d:\actions-runner\_work\xpco\xpco\corporate\shared\common.integration\tst\videoos.common.integration.unittests\bin\x64\debug\net472\videoos.common.integration.unittests.dll" id="e3bc8a97-22d4-ea39-0987-a8e5d178004b">
      <Execution id="c0db0d9d-7b2c-48b9-888f-53e587984aad" />
      <TestMethod codeBase="D:\actions-runner\_work\XPCO\XPCO\Corporate\Shared\Common.Integration\tst\VideoOS.Common.Integration.UnitTests\bin\x64\Debug\net472\VideoOS.Common.Integration.UnitTests.dll" adapterTypeName="executor://mstestadapter/v2" className="VideoOS.Common.Integration.UnitTests.Configuration.RecordingStorageTableAdapterTests" name="Decrypt_DataSetHasRow_DataSetIsDecrypted" />
    </UnitTest>
    <UnitTest name="AsString_Null_Throws_ArgumentNullException" storage="d:\actions-runner\_work\xpco\xpco\corporate\shared\common.integration\tst\videoos.common.integration.unittests\bin\x64\debug\net472\videoos.common.integration.unittests.dll" id="bbc953c5-d914-f6c7-2363-bf06389c6847">
      <Execution id="0e72c993-b184-4825-a455-4c358e41ce53" />
      <TestMethod codeBase="D:\actions-runner\_work\XPCO\XPCO\Corporate\Shared\Common.Integration\tst\VideoOS.Common.Integration.UnitTests\bin\x64\Debug\net472\VideoOS.Common.Integration.UnitTests.dll" adapterTypeName="executor://mstestadapter/v2" className="VideoOS.Common.Integration.UnitTests.CertificateHandling.StringByteConversionExtensionsUnitTests" name="AsString_Null_Throws_ArgumentNullException" />
    </UnitTest>
    <UnitTest name="CreateHttpUri_HttpsNonDefaultPort_UsePort443_BecomesHttpPort443" storage="d:\actions-runner\_work\xpco\xpco\corporate\shared\common.integration\tst\videoos.common.integration.unittests\bin\x64\debug\net472\videoos.common.integration.unittests.dll" id="a94255c8-6cfd-6a2e-7e27-13e06e71a968">
      <TestCategory>
        <TestCategoryItem TestCategory="UriHandling" />
      </TestCategory>
      <Execution id="edf2d003-3665-43bf-adb0-0ffa04422838" />
      <TestMethod codeBase="D:\actions-runner\_work\XPCO\XPCO\Corporate\Shared\Common.Integration\tst\VideoOS.Common.Integration.UnitTests\bin\x64\Debug\net472\VideoOS.Common.Integration.UnitTests.dll" adapterTypeName="executor://mstestadapter/v2" className="VideoOS.Common.Integration.UnitTests.Communication.UriHandlingUnitTests" name="CreateHttpUri_HttpsNonDefaultPort_UsePort443_BecomesHttpPort443" />
    </UnitTest>
    <UnitTest name="UpdateHardwareReadOnlySettingsModel_RequiredPropertiesAreNull_Failed" storage="d:\actions-runner\_work\xpco\xpco\corporate\shared\common.integration\tst\videoos.common.integration.unittests\bin\x64\debug\net472\videoos.common.integration.unittests.dll" id="be52f176-645e-d392-cbd1-ae8991587e9d">
      <Execution id="2b353a89-2f48-4d10-8a98-d101ff36eb2c" />
      <TestMethod codeBase="D:\actions-runner\_work\XPCO\XPCO\Corporate\Shared\Common.Integration\tst\VideoOS.Common.Integration.UnitTests\bin\x64\Debug\net472\VideoOS.Common.Integration.UnitTests.dll" adapterTypeName="executor://mstestadapter/v2" className="VideoOS.Common.Integration.UnitTests.WebAPI.Model.UpdateHardwareReadOnlySettingsModelTests" name="UpdateHardwareReadOnlySettingsModel_RequiredPropertiesAreNull_Failed" />
    </UnitTest>
    <UnitTest name="ServerFileStorage_ReturnStorage_UndisposedStream_Exception" storage="d:\actions-runner\_work\xpco\xpco\corporate\shared\common.integration\tst\videoos.common.integration.unittests\bin\x64\debug\net472\videoos.common.integration.unittests.dll" id="65692c8e-88bd-d55a-a0b3-caeeedc271a1">
      <Execution id="b62fa280-b98b-471c-ad79-fae2b7f9014d" />
      <TestMethod codeBase="D:\actions-runner\_work\XPCO\XPCO\Corporate\Shared\Common.Integration\tst\VideoOS.Common.Integration.UnitTests\bin\x64\Debug\net472\VideoOS.Common.Integration.UnitTests.dll" adapterTypeName="executor://mstestadapter/v2" className="VideoOS.Common.Integration.UnitTests.ServerFileStorageTests" name="ServerFileStorage_ReturnStorage_UndisposedStream_Exception" />
    </UnitTest>
    <UnitTest name="HardwareInfo_HasLicensedCameras_ReturnsFalse_WhenWithoutEnabledCamerasWithMatchingLicenseStates" storage="d:\actions-runner\_work\xpco\xpco\corporate\shared\common.integration\tst\videoos.common.integration.unittests\bin\x64\debug\net472\videoos.common.integration.unittests.dll" id="01c58622-6efa-aa23-6527-eb8713168390">
      <Execution id="cc88ea56-5894-4f3e-b624-0421aadf854a" />
      <TestMethod codeBase="D:\actions-runner\_work\XPCO\XPCO\Corporate\Shared\Common.Integration\tst\VideoOS.Common.Integration.UnitTests\bin\x64\Debug\net472\VideoOS.Common.Integration.UnitTests.dll" adapterTypeName="executor://mstestadapter/v2" className="VideoOS.Common.Integration.UnitTests.License.HardwareInfoTests" name="HardwareInfo_HasLicensedCameras_ReturnsFalse_WhenWithoutEnabledCamerasWithMatchingLicenseStates" />
    </UnitTest>
    <UnitTest name="CalculateLicenseRequirements_ThreeEnabledCameras_ThreeDisabledCameras_WhitelistedModel_RequiresOneLicenses" storage="d:\actions-runner\_work\xpco\xpco\corporate\shared\common.integration\tst\videoos.common.integration.unittests\bin\x64\debug\net472\videoos.common.integration.unittests.dll" id="20373e8e-17b1-ac94-be0f-c1bed6d1c13a">
      <Execution id="636ec451-3d38-46ea-866d-833d8b61c409" />
      <TestMethod codeBase="D:\actions-runner\_work\XPCO\XPCO\Corporate\Shared\Common.Integration\tst\VideoOS.Common.Integration.UnitTests\bin\x64\Debug\net472\VideoOS.Common.Integration.UnitTests.dll" adapterTypeName="executor://mstestadapter/v2" className="VideoOS.Common.Integration.UnitTests.License.LicenseCalculatorTests" name="CalculateLicenseRequirements_ThreeEnabledCameras_ThreeDisabledCameras_WhitelistedModel_RequiresOneLicenses" />
    </UnitTest>
    <UnitTest name="ReadChildElementValueAsUInt64_ElementNull" storage="d:\actions-runner\_work\xpco\xpco\corporate\shared\common.integration\tst\videoos.common.integration.unittests\bin\x64\debug\net472\videoos.common.integration.unittests.dll" id="8ea9e31c-1aab-e07a-4f57-45d5393a2cc1">
      <Execution id="6cc7d65f-ba16-43d3-97f6-acdf91667787" />
      <TestMethod codeBase="D:\actions-runner\_work\XPCO\XPCO\Corporate\Shared\Common.Integration\tst\VideoOS.Common.Integration.UnitTests\bin\x64\Debug\net472\VideoOS.Common.Integration.UnitTests.dll" adapterTypeName="executor://mstestadapter/v2" className="VideoOS.Common.Integration.UnitTests.XmlDocumentExtensionsCoreUnitTests" name="ReadChildElementValueAsUInt64_ElementNull" />
    </UnitTest>
    <UnitTest name="ModelValidation_ValidModel_Success" storage="d:\actions-runner\_work\xpco\xpco\corporate\shared\common.integration\tst\videoos.common.integration.unittests\bin\x64\debug\net472\videoos.common.integration.unittests.dll" id="05479a6d-5801-5d36-e2ac-fd31e4ca3e09">
      <Execution id="716c49b1-407d-4844-9c03-8fcff70a8f22" />
      <TestMethod codeBase="D:\actions-runner\_work\XPCO\XPCO\Corporate\Shared\Common.Integration\tst\VideoOS.Common.Integration.UnitTests\bin\x64\Debug\net472\VideoOS.Common.Integration.UnitTests.dll" adapterTypeName="executor://mstestadapter/v2" className="VideoOS.Common.Integration.UnitTests.WebAPI.Model.SetMatriViewModelTest" name="ModelValidation_ValidModel_Success" />
    </UnitTest>
    <UnitTest name="TestGetRegionsAsByteArrayCopy" storage="d:\actions-runner\_work\xpco\xpco\corporate\shared\common.integration\tst\videoos.common.integration.unittests\bin\x64\debug\net472\videoos.common.integration.unittests.dll" id="4cbff1e7-792c-03a2-2ac7-e1c18ad2e327">
      <Execution id="20622196-d68a-4258-9932-fe33f250470f" />
      <TestMethod codeBase="D:\actions-runner\_work\XPCO\XPCO\Corporate\Shared\Common.Integration\tst\VideoOS.Common.Integration.UnitTests\bin\x64\Debug\net472\VideoOS.Common.Integration.UnitTests.dll" adapterTypeName="executor://mstestadapter/v2" className="VideoOS.Common.Integration.UnitTests.Configuration.FillableGridAreaUnitTest" name="TestGetRegionsAsByteArrayCopy" />
    </UnitTest>
    <UnitTest name="Transform_XmlHasHostingServer_HostingServerIsTransformed" storage="d:\actions-runner\_work\xpco\xpco\corporate\shared\common.integration\tst\videoos.common.integration.unittests\bin\x64\debug\net472\videoos.common.integration.unittests.dll" id="c740ea7a-936a-f8a7-b7c9-049f3bff5d99">
      <Execution id="21e6af78-31c5-4514-8481-308ee6af4ceb" />
      <TestMethod codeBase="D:\actions-runner\_work\XPCO\XPCO\Corporate\Shared\Common.Integration\tst\VideoOS.Common.Integration.UnitTests\bin\x64\Debug\net472\VideoOS.Common.Integration.UnitTests.dll" adapterTypeName="executor://mstestadapter/v2" className="VideoOS.Common.Integration.UnitTests.Configuration.ConfigurationDataSetEncryption.DiffgramEncryptionTests" name="Transform_XmlHasHostingServer_HostingServerIsTransformed" />
    </UnitTest>
    <UnitTest name="Constructor_IncrementsFeedCountsForEachChannel_OnIcpHw" storage="d:\actions-runner\_work\xpco\xpco\corporate\shared\common.integration\tst\videoos.common.integration.unittests\bin\x64\debug\net472\videoos.common.integration.unittests.dll" id="2f51937b-491d-ee39-cc47-b416dfc84d31">
      <TestCategory>
        <TestCategoryItem TestCategory="Licensing" />
      </TestCategory>
      <Execution id="b93349df-9002-4aa7-9daf-290fa444ab09" />
      <TestMethod codeBase="D:\actions-runner\_work\XPCO\XPCO\Corporate\Shared\Common.Integration\tst\VideoOS.Common.Integration.UnitTests\bin\x64\Debug\net472\VideoOS.Common.Integration.UnitTests.dll" adapterTypeName="executor://mstestadapter/v2" className="VideoOS.Common.Integration.UnitTests.License.AggregateFeedDictionaryTests" name="Constructor_IncrementsFeedCountsForEachChannel_OnIcpHw" />
    </UnitTest>
    <UnitTest name="AddHardware_ThrowException_WhenNull" storage="d:\actions-runner\_work\xpco\xpco\corporate\shared\common.integration\tst\videoos.common.integration.unittests\bin\x64\debug\net472\videoos.common.integration.unittests.dll" id="34c0a376-bddf-385d-f86f-b6c6ec724d5f">
      <Execution id="10537697-db33-401b-a366-13ed90c4fbd6" />
      <TestMethod codeBase="D:\actions-runner\_work\XPCO\XPCO\Corporate\Shared\Common.Integration\tst\VideoOS.Common.Integration.UnitTests\bin\x64\Debug\net472\VideoOS.Common.Integration.UnitTests.dll" adapterTypeName="executor://mstestadapter/v2" className="VideoOS.Common.Integration.UnitTests.License.HardwareDictionaryTests" name="AddHardware_ThrowException_WhenNull" />
    </UnitTest>
    <UnitTest name="SendAsync_OnlyEndpoint_EndpointNullException" storage="d:\actions-runner\_work\xpco\xpco\corporate\shared\common.integration\tst\videoos.common.integration.unittests\bin\x64\debug\net472\videoos.common.integration.unittests.dll" id="c72b0b7b-7f4b-aa6b-467a-12bc1b9aecce">
      <Execution id="653992f1-0efc-42b9-a312-65b67c0cafe3" />
      <TestMethod codeBase="D:\actions-runner\_work\XPCO\XPCO\Corporate\Shared\Common.Integration\tst\VideoOS.Common.Integration.UnitTests\bin\x64\Debug\net472\VideoOS.Common.Integration.UnitTests.dll" adapterTypeName="executor://mstestadapter/v2" className="VideoOS.Common.Integration.WebApi.HttpClientCommunicatorUnitTests" name="SendAsync_OnlyEndpoint_EndpointNullException" />
    </UnitTest>
    <UnitTest name="WhiteList_CreateInstanceWithValidDriverParameter_Succeeds" storage="d:\actions-runner\_work\xpco\xpco\corporate\shared\common.integration\tst\videoos.common.integration.unittests\bin\x64\debug\net472\videoos.common.integration.unittests.dll" id="6955ebf9-335b-650b-c669-92d851d8649b">
      <TestCategory>
        <TestCategoryItem TestCategory="Licensing" />
      </TestCategory>
      <Execution id="d6c2e0cb-5e9a-4c96-aa8f-2bddb5cfd17c" />
      <TestMethod codeBase="D:\actions-runner\_work\XPCO\XPCO\Corporate\Shared\Common.Integration\tst\VideoOS.Common.Integration.UnitTests\bin\x64\Debug\net472\VideoOS.Common.Integration.UnitTests.dll" adapterTypeName="executor://mstestadapter/v2" className="VideoOS.Common.Integration.UnitTests.License.LicenseWhitelistTests" name="WhiteList_CreateInstanceWithValidDriverParameter_Succeeds" />
    </UnitTest>
    <UnitTest name="ModelValidation_ValidModel_Success" storage="d:\actions-runner\_work\xpco\xpco\corporate\shared\common.integration\tst\videoos.common.integration.unittests\bin\x64\debug\net472\videoos.common.integration.unittests.dll" id="0668341c-d025-fc1a-f584-aa8451e47691">
      <Execution id="bc74fd47-ac9d-4741-8ce8-db618b5296a6" />
      <TestMethod codeBase="D:\actions-runner\_work\XPCO\XPCO\Corporate\Shared\Common.Integration\tst\VideoOS.Common.Integration.UnitTests\bin\x64\Debug\net472\VideoOS.Common.Integration.UnitTests.dll" adapterTypeName="executor://mstestadapter/v2" className="VideoOS.Common.Integration.UnitTests.WebAPI.Model.RecorderTaskSuccessModelTest" name="ModelValidation_ValidModel_Success" />
    </UnitTest>
    <UnitTest name="HostedScanParameters_SerializationTest" storage="d:\actions-runner\_work\xpco\xpco\corporate\shared\common.integration\tst\videoos.common.integration.unittests\bin\x64\debug\net472\videoos.common.integration.unittests.dll" id="6b7dcff8-25eb-68e0-33be-34e38dc1eb50">
      <Execution id="71b2f388-0ff6-43fc-8773-2ebc3c037902" />
      <TestMethod codeBase="D:\actions-runner\_work\XPCO\XPCO\Corporate\Shared\Common.Integration\tst\VideoOS.Common.Integration.UnitTests\bin\x64\Debug\net472\VideoOS.Common.Integration.UnitTests.dll" adapterTypeName="executor://mstestadapter/v2" className="VideoOS.Common.Integration.UnitTests.HostedScanTest" name="HostedScanParameters_SerializationTest" />
    </UnitTest>
    <UnitTest name="SecurityConfigurationModel_Json_Serialize_Deserialize" storage="d:\actions-runner\_work\xpco\xpco\corporate\shared\common.integration\tst\videoos.common.integration.unittests\bin\x64\debug\net472\videoos.common.integration.unittests.dll" id="a31574ef-97fc-5bd5-6389-ec8df1c72cbf">
      <Execution id="15e9e2fa-21e6-4803-b15f-fcc57951b7f6" />
      <TestMethod codeBase="D:\actions-runner\_work\XPCO\XPCO\Corporate\Shared\Common.Integration\tst\VideoOS.Common.Integration.UnitTests\bin\x64\Debug\net472\VideoOS.Common.Integration.UnitTests.dll" adapterTypeName="executor://mstestadapter/v2" className="VideoOS.Common.Integration.UnitTests.WebAPI.Model.SecurityConfigurationModelTest" name="SecurityConfigurationModel_Json_Serialize_Deserialize" />
    </UnitTest>
    <UnitTest name="Construct_RequestContainer_ValidLicenseRequest_Success" storage="d:\actions-runner\_work\xpco\xpco\corporate\shared\common.integration\tst\videoos.common.integration.unittests\bin\x64\debug\net472\videoos.common.integration.unittests.dll" id="f64fe775-6ed2-8a8c-37d2-672d3493490c">
      <Execution id="c6a4fad2-5516-474d-bee5-615ac42e7f96" />
      <TestMethod codeBase="D:\actions-runner\_work\XPCO\XPCO\Corporate\Shared\Common.Integration\tst\VideoOS.Common.Integration.UnitTests\bin\x64\Debug\net472\VideoOS.Common.Integration.UnitTests.dll" adapterTypeName="executor://mstestadapter/v2" className="VideoOS.Common.Integration.UnitTests.License.LicenseContainerTests" name="Construct_RequestContainer_ValidLicenseRequest_Success" />
    </UnitTest>
    <UnitTest name="LicenseDocument_ThrowsUnsupportedLicensingModeError_OnLicenseWithUnparsableMaximumChannelCount" storage="d:\actions-runner\_work\xpco\xpco\corporate\shared\common.integration\tst\videoos.common.integration.unittests\bin\x64\debug\net472\videoos.common.integration.unittests.dll" id="02eaeccd-f250-da56-d45f-900803771d6e">
      <TestCategory>
        <TestCategoryItem TestCategory="LicenseDocumentTest" />
      </TestCategory>
      <Execution id="83623162-42ec-4db7-a495-72a3a8d6ab1d" />
      <TestMethod codeBase="D:\actions-runner\_work\XPCO\XPCO\Corporate\Shared\Common.Integration\tst\VideoOS.Common.Integration.UnitTests\bin\x64\Debug\net472\VideoOS.Common.Integration.UnitTests.dll" adapterTypeName="executor://mstestadapter/v2" className="VideoOS.Common.Integration.UnitTests.License.LicenseDocumentTests" name="LicenseDocument_ThrowsUnsupportedLicensingModeError_OnLicenseWithUnparsableMaximumChannelCount" />
    </UnitTest>
    <UnitTest name="Ctor_Null_ThrowsArgumentNullException" storage="d:\actions-runner\_work\xpco\xpco\corporate\shared\common.integration\tst\videoos.common.integration.unittests\bin\x64\debug\net472\videoos.common.integration.unittests.dll" id="83414ed0-ce26-c83b-537e-21aeed422c4e">
      <Execution id="7185f912-07ae-4d83-bcf4-f553e0a2eba1" />
      <TestMethod codeBase="D:\actions-runner\_work\XPCO\XPCO\Corporate\Shared\Common.Integration\tst\VideoOS.Common.Integration.UnitTests\bin\x64\Debug\net472\VideoOS.Common.Integration.UnitTests.dll" adapterTypeName="executor://mstestadapter/v2" className="VideoOS.Common.Integration.UnitTests.CertificateHandling.CertificateDataUnitTests" name="Ctor_Null_ThrowsArgumentNullException" />
    </UnitTest>
    <UnitTest name="HardwareInfo_EnabledCameras_ReturnsCorrectListOfEnabledCameras" storage="d:\actions-runner\_work\xpco\xpco\corporate\shared\common.integration\tst\videoos.common.integration.unittests\bin\x64\debug\net472\videoos.common.integration.unittests.dll" id="f0e2e723-86c5-bfcc-4b1e-05f02032166c">
      <Execution id="96c9b4e1-1afb-4326-86e7-06810fe925de" />
      <TestMethod codeBase="D:\actions-runner\_work\XPCO\XPCO\Corporate\Shared\Common.Integration\tst\VideoOS.Common.Integration.UnitTests\bin\x64\Debug\net472\VideoOS.Common.Integration.UnitTests.dll" adapterTypeName="executor://mstestadapter/v2" className="VideoOS.Common.Integration.UnitTests.License.HardwareInfoTests" name="HardwareInfo_EnabledCameras_ReturnsCorrectListOfEnabledCameras" />
    </UnitTest>
    <UnitTest name="ResponseException_NullStream_ThrowsArgumentNullException" storage="d:\actions-runner\_work\xpco\xpco\corporate\shared\common.integration\tst\videoos.common.integration.unittests\bin\x64\debug\net472\videoos.common.integration.unittests.dll" id="84c41830-efa0-e72a-d31e-f4dffe59a417">
      <Execution id="312ca975-622e-4e4e-ad42-bcdd6c1e25dc" />
      <TestMethod codeBase="D:\actions-runner\_work\XPCO\XPCO\Corporate\Shared\Common.Integration\tst\VideoOS.Common.Integration.UnitTests\bin\x64\Debug\net472\VideoOS.Common.Integration.UnitTests.dll" adapterTypeName="executor://mstestadapter/v2" className="VideoOS.Common.Integration.UnitTests.WebAPI.Exceptions.ResponseExceptionTests" name="ResponseException_NullStream_ThrowsArgumentNullException" />
    </UnitTest>
    <UnitTest name="ModelValidation_RequiredPropertiesAreNull_Failed" storage="d:\actions-runner\_work\xpco\xpco\corporate\shared\common.integration\tst\videoos.common.integration.unittests\bin\x64\debug\net472\videoos.common.integration.unittests.dll" id="3b0abe57-b586-f61c-8b8a-8c5dd2e2ea03">
      <Execution id="06c826b6-e9fe-44f9-9782-709e3b50618b" />
      <TestMethod codeBase="D:\actions-runner\_work\XPCO\XPCO\Corporate\Shared\Common.Integration\tst\VideoOS.Common.Integration.UnitTests\bin\x64\Debug\net472\VideoOS.Common.Integration.UnitTests.dll" adapterTypeName="executor://mstestadapter/v2" className="VideoOS.Common.Integration.UnitTests.WebAPI.Model.AddBookmarkModelTest" name="ModelValidation_RequiredPropertiesAreNull_Failed" />
    </UnitTest>
    <UnitTest name="ReadAttributeAsString_ElementNull" storage="d:\actions-runner\_work\xpco\xpco\corporate\shared\common.integration\tst\videoos.common.integration.unittests\bin\x64\debug\net472\videoos.common.integration.unittests.dll" id="7c45bb74-a50d-9024-163b-cbbd7fbd0abc">
      <Execution id="13a94235-4479-4a47-a313-628770392182" />
      <TestMethod codeBase="D:\actions-runner\_work\XPCO\XPCO\Corporate\Shared\Common.Integration\tst\VideoOS.Common.Integration.UnitTests\bin\x64\Debug\net472\VideoOS.Common.Integration.UnitTests.dll" adapterTypeName="executor://mstestadapter/v2" className="VideoOS.Common.Integration.UnitTests.XmlDocumentExtensionsCoreUnitTests" name="ReadAttributeAsString_ElementNull" />
    </UnitTest>
    <UnitTest name="IPHardwareBlockCollection_RemoveByHardware_Success" storage="d:\actions-runner\_work\xpco\xpco\corporate\shared\common.integration\tst\videoos.common.integration.unittests\bin\x64\debug\net472\videoos.common.integration.unittests.dll" id="cc0447ac-c3ff-2542-4d26-6d7b867f547a">
      <Execution id="227a257a-68bf-460a-af4c-a872da7e7201" />
      <TestMethod codeBase="D:\actions-runner\_work\XPCO\XPCO\Corporate\Shared\Common.Integration\tst\VideoOS.Common.Integration.UnitTests\bin\x64\Debug\net472\VideoOS.Common.Integration.UnitTests.dll" adapterTypeName="executor://mstestadapter/v2" className="VideoOS.Common.Integration.UnitTests.ConfigurationManager.IPHardwareBlockCollectionUnitTests" name="IPHardwareBlockCollection_RemoveByHardware_Success" />
    </UnitTest>
    <UnitTest name="FeatureManager_TryGetFeatureParameterValueT_Enum_Invalid_Value" storage="d:\actions-runner\_work\xpco\xpco\corporate\shared\common.integration\tst\videoos.common.integration.unittests\bin\x64\debug\net472\videoos.common.integration.unittests.dll" id="53eedc35-0123-bdb1-f0ec-70b902f09ce6">
      <Execution id="e378f7dd-f028-4c9a-88f9-dbdcd5c62e72" />
      <TestMethod codeBase="D:\actions-runner\_work\XPCO\XPCO\Corporate\Shared\Common.Integration\tst\VideoOS.Common.Integration.UnitTests\bin\x64\Debug\net472\VideoOS.Common.Integration.UnitTests.dll" adapterTypeName="executor://mstestadapter/v2" className="VideoOS.Common.Integration.UnitTests.License.FeatureManagerTest" name="FeatureManager_TryGetFeatureParameterValueT_Enum_Invalid_Value" />
    </UnitTest>
    <UnitTest name="UpdateHardwareAggregates_FailsWhen_CalledTwice" storage="d:\actions-runner\_work\xpco\xpco\corporate\shared\common.integration\tst\videoos.common.integration.unittests\bin\x64\debug\net472\videoos.common.integration.unittests.dll" id="92454916-5108-915e-8369-9c28f3401013">
      <Execution id="68745c19-4e09-413d-9dd5-a9ca852dc86b" />
      <TestMethod codeBase="D:\actions-runner\_work\XPCO\XPCO\Corporate\Shared\Common.Integration\tst\VideoOS.Common.Integration.UnitTests\bin\x64\Debug\net472\VideoOS.Common.Integration.UnitTests.dll" adapterTypeName="executor://mstestadapter/v2" className="VideoOS.Common.Integration.UnitTests.License.HardwareDictionaryTests" name="UpdateHardwareAggregates_FailsWhen_CalledTwice" />
    </UnitTest>
    <UnitTest name="RecurringSchedule_GetCreationTime" storage="d:\actions-runner\_work\xpco\xpco\corporate\shared\common.integration\tst\videoos.common.integration.unittests\bin\x64\debug\net472\videoos.common.integration.unittests.dll" id="6c6a47cf-a555-2dfc-3a1a-07e1dc47adf6">
      <Execution id="9f708d18-8850-4681-a00b-ded32381cf52" />
      <TestMethod codeBase="D:\actions-runner\_work\XPCO\XPCO\Corporate\Shared\Common.Integration\tst\VideoOS.Common.Integration.UnitTests\bin\x64\Debug\net472\VideoOS.Common.Integration.UnitTests.dll" adapterTypeName="executor://mstestadapter/v2" className="VideoOS.Common.Integration.UnitTests.Scheduling.RecurringScheduleTest" name="RecurringSchedule_GetCreationTime" />
    </UnitTest>
    <UnitTest name="ServiceContainer_GetService_ServiceRegistered_IsNotNull" storage="d:\actions-runner\_work\xpco\xpco\corporate\shared\common.integration\tst\videoos.common.integration.unittests\bin\x64\debug\net472\videoos.common.integration.unittests.dll" id="59c78bde-8a7c-8ed3-ce14-aa5cf016ae59">
      <TestCategory>
        <TestCategoryItem TestCategory="ServiceContainer" />
      </TestCategory>
      <Execution id="eb3f8381-6f2e-4104-8cc8-64e7f0b91e07" />
      <TestMethod codeBase="D:\actions-runner\_work\XPCO\XPCO\Corporate\Shared\Common.Integration\tst\VideoOS.Common.Integration.UnitTests\bin\x64\Debug\net472\VideoOS.Common.Integration.UnitTests.dll" adapterTypeName="executor://mstestadapter/v2" className="VideoOS.Common.Integration.ServiceContainerTests.ServiceContainerUnitTests" name="ServiceContainer_GetService_ServiceRegistered_IsNotNull" />
    </UnitTest>
    <UnitTest name="Encrypt_DataSetHasNoRows_DataSetIsNotChanged" storage="d:\actions-runner\_work\xpco\xpco\corporate\shared\common.integration\tst\videoos.common.integration.unittests\bin\x64\debug\net472\videoos.common.integration.unittests.dll" id="824eaf78-9511-6d1e-a840-6111b3cf3560">
      <Execution id="a2ac270f-cbbd-4e0f-8aa2-56697be5ca6f" />
      <TestMethod codeBase="D:\actions-runner\_work\XPCO\XPCO\Corporate\Shared\Common.Integration\tst\VideoOS.Common.Integration.UnitTests\bin\x64\Debug\net472\VideoOS.Common.Integration.UnitTests.dll" adapterTypeName="executor://mstestadapter/v2" className="VideoOS.Common.Integration.UnitTests.Configuration.HostedHardwareTableAdapterTests" name="Encrypt_DataSetHasNoRows_DataSetIsNotChanged" />
    </UnitTest>
    <UnitTest name="Send_AuthenticationExceptionTwice_ThrowUnauthorizationException" storage="d:\actions-runner\_work\xpco\xpco\corporate\shared\common.integration\tst\videoos.common.integration.unittests\bin\x64\debug\net472\videoos.common.integration.unittests.dll" id="ccaec2f9-7676-0389-7bf6-792491867756">
      <Execution id="f9825c84-ce53-4e3b-8cfa-f6c1acbbfcd6" />
      <TestMethod codeBase="D:\actions-runner\_work\XPCO\XPCO\Corporate\Shared\Common.Integration\tst\VideoOS.Common.Integration.UnitTests\bin\x64\Debug\net472\VideoOS.Common.Integration.UnitTests.dll" adapterTypeName="executor://mstestadapter/v2" className="VideoOS.Common.Integration.WebApi.HttpClientCommunicatorUnitTests" name="Send_AuthenticationExceptionTwice_ThrowUnauthorizationException" />
    </UnitTest>
    <UnitTest name="Encrypt_DataSetHasEmptyPassword_PasswordIsStillEmpty" storage="d:\actions-runner\_work\xpco\xpco\corporate\shared\common.integration\tst\videoos.common.integration.unittests\bin\x64\debug\net472\videoos.common.integration.unittests.dll" id="3ff3bc6d-9bae-1e17-40b6-e5282e1f7ee4">
      <Execution id="400270b3-ee0b-42f7-b449-c3aecadc448f" />
      <TestMethod codeBase="D:\actions-runner\_work\XPCO\XPCO\Corporate\Shared\Common.Integration\tst\VideoOS.Common.Integration.UnitTests\bin\x64\Debug\net472\VideoOS.Common.Integration.UnitTests.dll" adapterTypeName="executor://mstestadapter/v2" className="VideoOS.Common.Integration.UnitTests.Configuration.HostedHardwareTableAdapterTests" name="Encrypt_DataSetHasEmptyPassword_PasswordIsStillEmpty" />
    </UnitTest>
    <UnitTest name="ServerFileStorage_WriteStream_AboveQuota_Exception" storage="d:\actions-runner\_work\xpco\xpco\corporate\shared\common.integration\tst\videoos.common.integration.unittests\bin\x64\debug\net472\videoos.common.integration.unittests.dll" id="137dcf16-29c0-a574-9539-2ee0cc284a4c">
      <Execution id="3117a7f9-6ed9-4b27-a8b3-88e24546125a" />
      <TestMethod codeBase="D:\actions-runner\_work\XPCO\XPCO\Corporate\Shared\Common.Integration\tst\VideoOS.Common.Integration.UnitTests\bin\x64\Debug\net472\VideoOS.Common.Integration.UnitTests.dll" adapterTypeName="executor://mstestadapter/v2" className="VideoOS.Common.Integration.UnitTests.ServerFileStorageTests" name="ServerFileStorage_WriteStream_AboveQuota_Exception" />
    </UnitTest>
    <UnitTest name="LicenseDocument_ValidateIsIcpDeviceLicensed_NonIcpDevice_ThrowsInvalidOperationException" storage="d:\actions-runner\_work\xpco\xpco\corporate\shared\common.integration\tst\videoos.common.integration.unittests\bin\x64\debug\net472\videoos.common.integration.unittests.dll" id="37dbfa10-3842-fe4c-e664-4886ba1bdb80">
      <TestCategory>
        <TestCategoryItem TestCategory="LicenseDocumentTest" />
      </TestCategory>
      <Execution id="0368fd24-ce5d-4cae-aa0d-75bb0ab062c8" />
      <TestMethod codeBase="D:\actions-runner\_work\XPCO\XPCO\Corporate\Shared\Common.Integration\tst\VideoOS.Common.Integration.UnitTests\bin\x64\Debug\net472\VideoOS.Common.Integration.UnitTests.dll" adapterTypeName="executor://mstestadapter/v2" className="VideoOS.Common.Integration.UnitTests.License.LicenseDocumentTests" name="LicenseDocument_ValidateIsIcpDeviceLicensed_NonIcpDevice_ThrowsInvalidOperationException" />
    </UnitTest>
    <UnitTest name="ToLogEntrySystem_ModelWithLogeDefinition_SuccessConvertion" storage="d:\actions-runner\_work\xpco\xpco\corporate\shared\common.integration\tst\videoos.common.integration.unittests\bin\x64\debug\net472\videoos.common.integration.unittests.dll" id="988ea28e-c06c-c766-fcaa-2005e7f594eb">
      <Execution id="b4354353-5eec-4e48-b433-a06483a524c8" />
      <TestMethod codeBase="D:\actions-runner\_work\XPCO\XPCO\Corporate\Shared\Common.Integration\tst\VideoOS.Common.Integration.UnitTests\bin\x64\Debug\net472\VideoOS.Common.Integration.UnitTests.dll" adapterTypeName="executor://mstestadapter/v2" className="VideoOS.Common.Integration.UnitTests.WebAPI.Model.Server.LogEntryModelConverterTest" name="ToLogEntrySystem_ModelWithLogeDefinition_SuccessConvertion" />
    </UnitTest>
    <UnitTest name="CalculateLicenseRequirements_Whitelisted_SameHardwareOnMultipleRecordingServers_CountsLicensesForSingleHardware" storage="d:\actions-runner\_work\xpco\xpco\corporate\shared\common.integration\tst\videoos.common.integration.unittests\bin\x64\debug\net472\videoos.common.integration.unittests.dll" id="436cc816-548b-1484-e46f-b2c4cfa442fc">
      <Execution id="ad9b3f13-7f96-44d5-8ffe-9110e5cd87f9" />
      <TestMethod codeBase="D:\actions-runner\_work\XPCO\XPCO\Corporate\Shared\Common.Integration\tst\VideoOS.Common.Integration.UnitTests\bin\x64\Debug\net472\VideoOS.Common.Integration.UnitTests.dll" adapterTypeName="executor://mstestadapter/v2" className="VideoOS.Common.Integration.UnitTests.License.LicenseCalculatorTests" name="CalculateLicenseRequirements_Whitelisted_SameHardwareOnMultipleRecordingServers_CountsLicensesForSingleHardware" />
    </UnitTest>
    <UnitTest name="TokenHandler_GetNewToken_Failed" storage="d:\actions-runner\_work\xpco\xpco\corporate\shared\common.integration\tst\videoos.common.integration.unittests\bin\x64\debug\net472\videoos.common.integration.unittests.dll" id="112a5225-ee11-41ae-8ade-6f05be233ebc">
      <Execution id="b250a136-e1cf-409b-9e62-2a14a62cc764" />
      <TestMethod codeBase="D:\actions-runner\_work\XPCO\XPCO\Corporate\Shared\Common.Integration\tst\VideoOS.Common.Integration.UnitTests\bin\x64\Debug\net472\VideoOS.Common.Integration.UnitTests.dll" adapterTypeName="executor://mstestadapter/v2" className="VideoOS.Common.Integration.UnitTests.Security.TokenHandler_UnitTests" name="TokenHandler_GetNewToken_Failed" />
    </UnitTest>
    <UnitTest name="HttpClientCommunicatorWrapper_PatchAsyncTObj_Success" storage="d:\actions-runner\_work\xpco\xpco\corporate\shared\common.integration\tst\videoos.common.integration.unittests\bin\x64\debug\net472\videoos.common.integration.unittests.dll" id="6c76e73f-e05c-df6d-d125-847a9b06671b">
      <Execution id="e5df8bd9-47ba-4248-8d35-f3edbd766c14" />
      <TestMethod codeBase="D:\actions-runner\_work\XPCO\XPCO\Corporate\Shared\Common.Integration\tst\VideoOS.Common.Integration.UnitTests\bin\x64\Debug\net472\VideoOS.Common.Integration.UnitTests.dll" adapterTypeName="executor://mstestadapter/v2" className="VideoOS.Common.Integration.UnitTests.WebAPI.HttpClientCommunicatorWrapperTests" name="HttpClientCommunicatorWrapper_PatchAsyncTObj_Success" />
    </UnitTest>
    <UnitTest name="ConvertStringToPort_Port80_Returns80" storage="d:\actions-runner\_work\xpco\xpco\corporate\shared\common.integration\tst\videoos.common.integration.unittests\bin\x64\debug\net472\videoos.common.integration.unittests.dll" id="7ba31baf-48d0-73d7-0128-b14ca25f62b0">
      <TestCategory>
        <TestCategoryItem TestCategory="UriHandling" />
      </TestCategory>
      <Execution id="1a50ecf5-5eea-4a61-8de6-c70a66ccd35d" />
      <TestMethod codeBase="D:\actions-runner\_work\XPCO\XPCO\Corporate\Shared\Common.Integration\tst\VideoOS.Common.Integration.UnitTests\bin\x64\Debug\net472\VideoOS.Common.Integration.UnitTests.dll" adapterTypeName="executor://mstestadapter/v2" className="VideoOS.Common.Integration.UnitTests.Communication.UriHandlingUnitTests" name="ConvertStringToPort_Port80_Returns80" />
    </UnitTest>
    <UnitTest name="ServerFileStorageQuota_TwoConsumers_Success" storage="d:\actions-runner\_work\xpco\xpco\corporate\shared\common.integration\tst\videoos.common.integration.unittests\bin\x64\debug\net472\videoos.common.integration.unittests.dll" id="36f9cce3-d7b2-da0c-ef54-7bd01d68e09e">
      <Execution id="765f3173-43ae-4f43-91be-d3d00615cae4" />
      <TestMethod codeBase="D:\actions-runner\_work\XPCO\XPCO\Corporate\Shared\Common.Integration\tst\VideoOS.Common.Integration.UnitTests\bin\x64\Debug\net472\VideoOS.Common.Integration.UnitTests.dll" adapterTypeName="executor://mstestadapter/v2" className="VideoOS.Common.Integration.UnitTests.ServerFileStorageQuotaTests" name="ServerFileStorageQuota_TwoConsumers_Success" />
    </UnitTest>
    <UnitTest name="LicenseActivationService_AcquireLicense_LicenseNotAllowed_TooManyRecordersRequested" storage="d:\actions-runner\_work\xpco\xpco\corporate\shared\common.integration\tst\videoos.common.integration.unittests\bin\x64\debug\net472\videoos.common.integration.unittests.dll" id="352495dc-a484-8c59-3282-0bb69933bfaf">
      <Execution id="622ffc1d-a20e-4e56-b9dd-731a81baa502" />
      <TestMethod codeBase="D:\actions-runner\_work\XPCO\XPCO\Corporate\Shared\Common.Integration\tst\VideoOS.Common.Integration.UnitTests\bin\x64\Debug\net472\VideoOS.Common.Integration.UnitTests.dll" adapterTypeName="executor://mstestadapter/v2" className="VideoOS.Common.Integration.UnitTests.License.LicenseActivationServiceTests" name="LicenseActivationService_AcquireLicense_LicenseNotAllowed_TooManyRecordersRequested" />
    </UnitTest>
    <UnitTest name="RulesTableAdapter_ClearUserSid_NotInitialized_InvalidOperationException" storage="d:\actions-runner\_work\xpco\xpco\corporate\shared\common.integration\tst\videoos.common.integration.unittests\bin\x64\debug\net472\videoos.common.integration.unittests.dll" id="0576350e-e378-4d3c-7ec2-5e805d7a8015">
      <Execution id="a37797ca-11cc-47fd-91b7-5597ff9bbcfc" />
      <TestMethod codeBase="D:\actions-runner\_work\XPCO\XPCO\Corporate\Shared\Common.Integration\tst\VideoOS.Common.Integration.UnitTests\bin\x64\Debug\net472\VideoOS.Common.Integration.UnitTests.dll" adapterTypeName="executor://mstestadapter/v2" className="VideoOS.Common.Integration.UnitTests.Configuration.RulesTableAdapterUnitTests" name="RulesTableAdapter_ClearUserSid_NotInitialized_InvalidOperationException" />
    </UnitTest>
    <UnitTest name="Test_Members_NoMembers" storage="d:\actions-runner\_work\xpco\xpco\corporate\shared\common.integration\tst\videoos.common.integration.unittests\bin\x64\debug\net472\videoos.common.integration.unittests.dll" id="82e08919-1e06-09d0-70c8-c88a837effc5">
      <Execution id="3bc2c99b-f67b-4ff5-8137-6b2526bae182" />
      <TestMethod codeBase="D:\actions-runner\_work\XPCO\XPCO\Corporate\Shared\Common.Integration\tst\VideoOS.Common.Integration.UnitTests\bin\x64\Debug\net472\VideoOS.Common.Integration.UnitTests.dll" adapterTypeName="executor://mstestadapter/v2" className="VideoOS.Common.Integration.UnitTests.Caching.MembershipCacheUnitTest" name="Test_Members_NoMembers" />
    </UnitTest>
    <UnitTest name="FeatureManager_GetFeatureParameterValueT_License_Doc_Null" storage="d:\actions-runner\_work\xpco\xpco\corporate\shared\common.integration\tst\videoos.common.integration.unittests\bin\x64\debug\net472\videoos.common.integration.unittests.dll" id="026b93c1-f06a-1d31-3ee8-d48a29f02d9b">
      <Execution id="28bd49bc-d881-412e-9cfd-131a6ee84915" />
      <TestMethod codeBase="D:\actions-runner\_work\XPCO\XPCO\Corporate\Shared\Common.Integration\tst\VideoOS.Common.Integration.UnitTests\bin\x64\Debug\net472\VideoOS.Common.Integration.UnitTests.dll" adapterTypeName="executor://mstestadapter/v2" className="VideoOS.Common.Integration.UnitTests.License.FeatureManagerTest" name="FeatureManager_GetFeatureParameterValueT_License_Doc_Null" />
    </UnitTest>
    <UnitTest name="LicenseCalculationResult_Validate_Null_MacAddress_Throws_ArgumentNullException" storage="d:\actions-runner\_work\xpco\xpco\corporate\shared\common.integration\tst\videoos.common.integration.unittests\bin\x64\debug\net472\videoos.common.integration.unittests.dll" id="0c386d09-84d1-9cae-13d9-2693f8757153">
      <Execution id="b9883279-cd2e-4da0-b579-886ffc7238e4" />
      <TestMethod codeBase="D:\actions-runner\_work\XPCO\XPCO\Corporate\Shared\Common.Integration\tst\VideoOS.Common.Integration.UnitTests\bin\x64\Debug\net472\VideoOS.Common.Integration.UnitTests.dll" adapterTypeName="executor://mstestadapter/v2" className="VideoOS.Common.Integration.UnitTests.License.LicenseCalculatorTests" name="LicenseCalculationResult_Validate_Null_MacAddress_Throws_ArgumentNullException" />
    </UnitTest>
    <UnitTest name="SystemConfigurationModel_Validate_Failed" storage="d:\actions-runner\_work\xpco\xpco\corporate\shared\common.integration\tst\videoos.common.integration.unittests\bin\x64\debug\net472\videoos.common.integration.unittests.dll" id="f1e09b94-758b-c004-83a2-50ae5b0aaf24">
      <Execution id="5cddf761-452f-4dc0-b778-a2ddf74bf00e" />
      <TestMethod codeBase="D:\actions-runner\_work\XPCO\XPCO\Corporate\Shared\Common.Integration\tst\VideoOS.Common.Integration.UnitTests\bin\x64\Debug\net472\VideoOS.Common.Integration.UnitTests.dll" adapterTypeName="executor://mstestadapter/v2" className="VideoOS.Common.Integration.UnitTests.WebAPI.Model.SystemConfigurationModelTest" name="SystemConfigurationModel_Validate_Failed" />
    </UnitTest>
    <UnitTest name="IsDeviceLicensed_ReturnsFalse_OnNotActivatedICPDevice" storage="d:\actions-runner\_work\xpco\xpco\corporate\shared\common.integration\tst\videoos.common.integration.unittests\bin\x64\debug\net472\videoos.common.integration.unittests.dll" id="f420811b-d1c5-b93f-d7a5-346979ce05d1">
      <TestCategory>
        <TestCategoryItem TestCategory="LicenseDocumentTest" />
      </TestCategory>
      <Execution id="b5f46f84-c115-42f7-aa19-1015c298802b" />
      <TestMethod codeBase="D:\actions-runner\_work\XPCO\XPCO\Corporate\Shared\Common.Integration\tst\VideoOS.Common.Integration.UnitTests\bin\x64\Debug\net472\VideoOS.Common.Integration.UnitTests.dll" adapterTypeName="executor://mstestadapter/v2" className="VideoOS.Common.Integration.UnitTests.License.LicenseDocumentTests" name="IsDeviceLicensed_ReturnsFalse_OnNotActivatedICPDevice" />
    </UnitTest>
    <UnitTest name="CalculateLicenseRequirements_On1ICPHardwareWith6Channels_ReturnsTrue" storage="d:\actions-runner\_work\xpco\xpco\corporate\shared\common.integration\tst\videoos.common.integration.unittests\bin\x64\debug\net472\videoos.common.integration.unittests.dll" id="b3f25df2-bbf0-f1eb-b76b-e36e91215ec6">
      <Execution id="7d3d304a-2c7f-4ca2-bf0f-e0361b304d91" />
      <TestMethod codeBase="D:\actions-runner\_work\XPCO\XPCO\Corporate\Shared\Common.Integration\tst\VideoOS.Common.Integration.UnitTests\bin\x64\Debug\net472\VideoOS.Common.Integration.UnitTests.dll" adapterTypeName="executor://mstestadapter/v2" className="VideoOS.Common.Integration.UnitTests.License.LicenseCalculatorTests" name="CalculateLicenseRequirements_On1ICPHardwareWith6Channels_ReturnsTrue" />
    </UnitTest>
    <UnitTest name="DatabaseResponseDiskUsagesModel_NoValuesSet_ValidationFailure" storage="d:\actions-runner\_work\xpco\xpco\corporate\shared\common.integration\tst\videoos.common.integration.unittests\bin\x64\debug\net472\videoos.common.integration.unittests.dll" id="71f52ade-acf3-df28-374d-551fa3fa4768">
      <Execution id="14c17782-3e33-4ea3-a206-794d412cae21" />
      <TestMethod codeBase="D:\actions-runner\_work\XPCO\XPCO\Corporate\Shared\Common.Integration\tst\VideoOS.Common.Integration.UnitTests\bin\x64\Debug\net472\VideoOS.Common.Integration.UnitTests.dll" adapterTypeName="executor://mstestadapter/v2" className="VideoOS.Common.Integration.UnitTests.WebApi.Model.DatabaseResponseModelTest" name="DatabaseResponseDiskUsagesModel_NoValuesSet_ValidationFailure" />
    </UnitTest>
    <UnitTest name="Decrypt_MissingMarker" storage="d:\actions-runner\_work\xpco\xpco\corporate\shared\common.integration\tst\videoos.common.integration.unittests\bin\x64\debug\net472\videoos.common.integration.unittests.dll" id="2488323e-fbaf-67b7-4dae-e697d49eb7c6">
      <Execution id="fcbedb20-ec47-49a3-a81b-cc0ad3f381c5" />
      <TestMethod codeBase="D:\actions-runner\_work\XPCO\XPCO\Corporate\Shared\Common.Integration\tst\VideoOS.Common.Integration.UnitTests\bin\x64\Debug\net472\VideoOS.Common.Integration.UnitTests.dll" adapterTypeName="executor://mstestadapter/v2" className="VideoOS.Common.Integration.UnitTests.Configuration.SettingsXmlTransformerTests" name="Decrypt_MissingMarker" />
    </UnitTest>
    <UnitTest name="VersionExtensions_GetVersionWithoutBuild_Success" storage="d:\actions-runner\_work\xpco\xpco\corporate\shared\common.integration\tst\videoos.common.integration.unittests\bin\x64\debug\net472\videoos.common.integration.unittests.dll" id="b40a2f62-cd09-ca7d-1397-74cf0ee9e432">
      <Execution id="e87594a8-ad3d-479d-bf7c-ed281cb46af5" />
      <TestMethod codeBase="D:\actions-runner\_work\XPCO\XPCO\Corporate\Shared\Common.Integration\tst\VideoOS.Common.Integration.UnitTests\bin\x64\Debug\net472\VideoOS.Common.Integration.UnitTests.dll" adapterTypeName="executor://mstestadapter/v2" className="VideoOS.Common.Integration.UnitTests.Extensions.VersionExtensionsTests" name="VersionExtensions_GetVersionWithoutBuild_Success" />
    </UnitTest>
    <UnitTest name="QueuedCommandExecutor_Dispose_Success" storage="d:\actions-runner\_work\xpco\xpco\corporate\shared\common.integration\tst\videoos.common.integration.unittests\bin\x64\debug\net472\videoos.common.integration.unittests.dll" id="69c59d81-ccf8-1d57-cc59-ba6a7bceeef5">
      <Execution id="3cdbf302-cab6-4523-af80-0be09e3c2611" />
      <TestMethod codeBase="D:\actions-runner\_work\XPCO\XPCO\Corporate\Shared\Common.Integration\tst\VideoOS.Common.Integration.UnitTests\bin\x64\Debug\net472\VideoOS.Common.Integration.UnitTests.dll" adapterTypeName="executor://mstestadapter/v2" className="VideoOS.Common.Integration.UnitTests.Command.CommandProcessor.QueuedCommandExecutorUnitTests" name="QueuedCommandExecutor_Dispose_Success" />
    </UnitTest>
    <UnitTest name="HardwareInfo_HasEnabledCameras_ReturnsFalseWhenNoEnabledCameras" storage="d:\actions-runner\_work\xpco\xpco\corporate\shared\common.integration\tst\videoos.common.integration.unittests\bin\x64\debug\net472\videoos.common.integration.unittests.dll" id="c5e813fd-3aed-02c3-2a3b-79c4d524cf83">
      <Execution id="b69731c4-4539-4ac3-a20f-99fe0b9688ef" />
      <TestMethod codeBase="D:\actions-runner\_work\XPCO\XPCO\Corporate\Shared\Common.Integration\tst\VideoOS.Common.Integration.UnitTests\bin\x64\Debug\net472\VideoOS.Common.Integration.UnitTests.dll" adapterTypeName="executor://mstestadapter/v2" className="VideoOS.Common.Integration.UnitTests.License.HardwareInfoTests" name="HardwareInfo_HasEnabledCameras_ReturnsFalseWhenNoEnabledCameras" />
    </UnitTest>
    <UnitTest name="HttpClientCommunicatorWrapper_ReceiveTRet_Success" storage="d:\actions-runner\_work\xpco\xpco\corporate\shared\common.integration\tst\videoos.common.integration.unittests\bin\x64\debug\net472\videoos.common.integration.unittests.dll" id="67fcb600-6dc8-ee82-951b-19bc7b6681d9">
      <Execution id="9e02a435-5194-4067-adb3-5ae13121dcd5" />
      <TestMethod codeBase="D:\actions-runner\_work\XPCO\XPCO\Corporate\Shared\Common.Integration\tst\VideoOS.Common.Integration.UnitTests\bin\x64\Debug\net472\VideoOS.Common.Integration.UnitTests.dll" adapterTypeName="executor://mstestadapter/v2" className="VideoOS.Common.Integration.UnitTests.WebAPI.HttpClientCommunicatorWrapperTests" name="HttpClientCommunicatorWrapper_ReceiveTRet_Success" />
    </UnitTest>
    <UnitTest name="LegacySecurityAttributeMapper_All_Properties_Mapped" storage="d:\actions-runner\_work\xpco\xpco\corporate\shared\common.integration\tst\videoos.common.integration.unittests\bin\x64\debug\net472\videoos.common.integration.unittests.dll" id="f005a168-1d6f-2ad6-8153-dde60fa10192">
      <Execution id="6f046b59-80c6-41d2-bb07-a6a0f85c509e" />
      <TestMethod codeBase="D:\actions-runner\_work\XPCO\XPCO\Corporate\Shared\Common.Integration\tst\VideoOS.Common.Integration.UnitTests\bin\x64\Debug\net472\VideoOS.Common.Integration.UnitTests.dll" adapterTypeName="executor://mstestadapter/v2" className="VideoOS.Common.Integration.UnitTests.Security.LegacySecurityAttributeMapperUnitTests" name="LegacySecurityAttributeMapper_All_Properties_Mapped" />
    </UnitTest>
    <UnitTest name="ModelValidation_RequiredPropertiesAreNull_Failed" storage="d:\actions-runner\_work\xpco\xpco\corporate\shared\common.integration\tst\videoos.common.integration.unittests\bin\x64\debug\net472\videoos.common.integration.unittests.dll" id="4b7cd3e8-0f1c-aa79-d168-fcca1bc15eea">
      <Execution id="f8388c29-4348-4311-b663-1223eb144e3f" />
      <TestMethod codeBase="D:\actions-runner\_work\XPCO\XPCO\Corporate\Shared\Common.Integration\tst\VideoOS.Common.Integration.UnitTests\bin\x64\Debug\net472\VideoOS.Common.Integration.UnitTests.dll" adapterTypeName="executor://mstestadapter/v2" className="VideoOS.Common.Integration.UnitTests.WebAPI.Model.TaskModelTest" name="ModelValidation_RequiredPropertiesAreNull_Failed" />
    </UnitTest>
    <UnitTest name="AddressDriverPairs_SerializationTest" storage="d:\actions-runner\_work\xpco\xpco\corporate\shared\common.integration\tst\videoos.common.integration.unittests\bin\x64\debug\net472\videoos.common.integration.unittests.dll" id="9b6d1d16-dd72-74f7-830b-2ed37f788595">
      <Execution id="764fa758-ddd7-4553-8754-a2082fd8fd02" />
      <TestMethod codeBase="D:\actions-runner\_work\XPCO\XPCO\Corporate\Shared\Common.Integration\tst\VideoOS.Common.Integration.UnitTests\bin\x64\Debug\net472\VideoOS.Common.Integration.UnitTests.dll" adapterTypeName="executor://mstestadapter/v2" className="VideoOS.Common.Integration.UnitTests.AddressDriverPairsTest" name="AddressDriverPairs_SerializationTest" />
    </UnitTest>
    <UnitTest name="WhiteList_IsDriverWhiteListed_HWWith17CH_GlobalMaxChannelCount16DriverMaxChannelCountInvalid_ReturnsFalse" storage="d:\actions-runner\_work\xpco\xpco\corporate\shared\common.integration\tst\videoos.common.integration.unittests\bin\x64\debug\net472\videoos.common.integration.unittests.dll" id="5a40db3a-8eb6-b66c-4632-62d2188edcd1">
      <TestCategory>
        <TestCategoryItem TestCategory="Licensing" />
      </TestCategory>
      <Execution id="0ce116d6-44e1-4c18-9590-79eadfe9fec5" />
      <TestMethod codeBase="D:\actions-runner\_work\XPCO\XPCO\Corporate\Shared\Common.Integration\tst\VideoOS.Common.Integration.UnitTests\bin\x64\Debug\net472\VideoOS.Common.Integration.UnitTests.dll" adapterTypeName="executor://mstestadapter/v2" className="VideoOS.Common.Integration.UnitTests.License.LicenseWhitelistTests" name="WhiteList_IsDriverWhiteListed_HWWith17CH_GlobalMaxChannelCount16DriverMaxChannelCountInvalid_ReturnsFalse" />
    </UnitTest>
    <UnitTest name="FindFrameIdx_TimeF3" storage="d:\actions-runner\_work\xpco\xpco\corporate\shared\common.integration\tst\videoos.common.integration.unittests\bin\x64\debug\net472\videoos.common.integration.unittests.dll" id="de144c42-722d-4362-92bf-35d2632d827d">
      <Execution id="14a3cba1-573d-4d3c-8b52-0facc32df493" />
      <TestMethod codeBase="D:\actions-runner\_work\XPCO\XPCO\Corporate\Shared\Common.Integration\tst\VideoOS.Common.Integration.UnitTests\bin\x64\Debug\net472\VideoOS.Common.Integration.UnitTests.dll" adapterTypeName="executor://mstestadapter/v2" className="VideoOS.Common.Integration.UnitTests.GenericGopTest" name="FindFrameIdx_TimeF3" />
    </UnitTest>
    <UnitTest name="Validate_WhitelistedHardware_DoesNotAppearOnGrid_Information_Success" storage="d:\actions-runner\_work\xpco\xpco\corporate\shared\common.integration\tst\videoos.common.integration.unittests\bin\x64\debug\net472\videoos.common.integration.unittests.dll" id="86a614c5-a9e3-9e38-ecb7-023ac78c15b1">
      <Execution id="1f6856fb-4261-4ff0-866c-cb6c1bb6f72e" />
      <TestMethod codeBase="D:\actions-runner\_work\XPCO\XPCO\Corporate\Shared\Common.Integration\tst\VideoOS.Common.Integration.UnitTests\bin\x64\Debug\net472\VideoOS.Common.Integration.UnitTests.dll" adapterTypeName="executor://mstestadapter/v2" className="VideoOS.Common.Integration.UnitTests.License.LicenseReportGeneratorTests" name="Validate_WhitelistedHardware_DoesNotAppearOnGrid_Information_Success" />
    </UnitTest>
    <UnitTest name="HttpClientCommunicatorWrapper_PatchAsync_CommunicationException" storage="d:\actions-runner\_work\xpco\xpco\corporate\shared\common.integration\tst\videoos.common.integration.unittests\bin\x64\debug\net472\videoos.common.integration.unittests.dll" id="0c10a380-a25b-0db6-28d6-c785dac662f9">
      <Execution id="7ec9b1b6-28f1-4299-8434-7f1a08ac1285" />
      <TestMethod codeBase="D:\actions-runner\_work\XPCO\XPCO\Corporate\Shared\Common.Integration\tst\VideoOS.Common.Integration.UnitTests\bin\x64\Debug\net472\VideoOS.Common.Integration.UnitTests.dll" adapterTypeName="executor://mstestadapter/v2" className="VideoOS.Common.Integration.UnitTests.WebAPI.HttpClientCommunicatorWrapperTests" name="HttpClientCommunicatorWrapper_PatchAsync_CommunicationException" />
    </UnitTest>
    <UnitTest name="CreateHttpUri_FtpDefaultPort_UseDefaultPortTrue_BecomesHttpPort80" storage="d:\actions-runner\_work\xpco\xpco\corporate\shared\common.integration\tst\videoos.common.integration.unittests\bin\x64\debug\net472\videoos.common.integration.unittests.dll" id="436f02f9-0638-47ff-c0a7-0d7f79dceb32">
      <TestCategory>
        <TestCategoryItem TestCategory="UriHandling" />
      </TestCategory>
      <Execution id="fcac52a4-fef7-4067-ae28-4979c3d4d0ac" />
      <TestMethod codeBase="D:\actions-runner\_work\XPCO\XPCO\Corporate\Shared\Common.Integration\tst\VideoOS.Common.Integration.UnitTests\bin\x64\Debug\net472\VideoOS.Common.Integration.UnitTests.dll" adapterTypeName="executor://mstestadapter/v2" className="VideoOS.Common.Integration.UnitTests.Communication.UriHandlingUnitTests" name="CreateHttpUri_FtpDefaultPort_UseDefaultPortTrue_BecomesHttpPort80" />
    </UnitTest>
    <UnitTest name="FindFrameIdx_TimeBeforeF1" storage="d:\actions-runner\_work\xpco\xpco\corporate\shared\common.integration\tst\videoos.common.integration.unittests\bin\x64\debug\net472\videoos.common.integration.unittests.dll" id="41984f69-e66c-4343-2e79-9cf2ba4e6e0e">
      <Execution id="4e8e2d0b-93ec-427e-814d-85987f8ac7cc" />
      <TestMethod codeBase="D:\actions-runner\_work\XPCO\XPCO\Corporate\Shared\Common.Integration\tst\VideoOS.Common.Integration.UnitTests\bin\x64\Debug\net472\VideoOS.Common.Integration.UnitTests.dll" adapterTypeName="executor://mstestadapter/v2" className="VideoOS.Common.Integration.UnitTests.GenericGopTest" name="FindFrameIdx_TimeBeforeF1" />
    </UnitTest>
    <UnitTest name="Call_HttpPost_InvalidParam_UriRelative_ThrowsArgumentException" storage="d:\actions-runner\_work\xpco\xpco\corporate\shared\common.integration\tst\videoos.common.integration.unittests\bin\x64\debug\net472\videoos.common.integration.unittests.dll" id="ca35c9c3-001f-638b-cf1a-12403b970196">
      <Execution id="73a19313-2eec-4dcb-9b83-45f589967e09" />
      <TestMethod codeBase="D:\actions-runner\_work\XPCO\XPCO\Corporate\Shared\Common.Integration\tst\VideoOS.Common.Integration.UnitTests\bin\x64\Debug\net472\VideoOS.Common.Integration.UnitTests.dll" adapterTypeName="executor://mstestadapter/v2" className="VideoOS.Common.Integration.UnitTests.Communication.HttpPostTests" name="Call_HttpPost_InvalidParam_UriRelative_ThrowsArgumentException" />
    </UnitTest>
    <UnitTest name="LicenseActivationService_AcquireLicense_AccessDenied_Generic" storage="d:\actions-runner\_work\xpco\xpco\corporate\shared\common.integration\tst\videoos.common.integration.unittests\bin\x64\debug\net472\videoos.common.integration.unittests.dll" id="c5a091a8-3777-c837-979d-5138bbc3ce18">
      <Execution id="f2eade54-a59d-48a5-9e7b-1d8bed122288" />
      <TestMethod codeBase="D:\actions-runner\_work\XPCO\XPCO\Corporate\Shared\Common.Integration\tst\VideoOS.Common.Integration.UnitTests\bin\x64\Debug\net472\VideoOS.Common.Integration.UnitTests.dll" adapterTypeName="executor://mstestadapter/v2" className="VideoOS.Common.Integration.UnitTests.License.LicenseActivationServiceTests" name="LicenseActivationService_AcquireLicense_AccessDenied_Generic" />
    </UnitTest>
    <UnitTest name="WhiteList_IsModelWhiteListed_HWWith12CH_ModelMaxChannelCountIs16GlobalMaxChannelCountIs10_ReturnsTrue" storage="d:\actions-runner\_work\xpco\xpco\corporate\shared\common.integration\tst\videoos.common.integration.unittests\bin\x64\debug\net472\videoos.common.integration.unittests.dll" id="aff89e7a-22e7-3b3e-1ce8-459408217c65">
      <TestCategory>
        <TestCategoryItem TestCategory="Licensing" />
      </TestCategory>
      <Execution id="ee97a771-7526-44ea-8df1-bbe52a487897" />
      <TestMethod codeBase="D:\actions-runner\_work\XPCO\XPCO\Corporate\Shared\Common.Integration\tst\VideoOS.Common.Integration.UnitTests\bin\x64\Debug\net472\VideoOS.Common.Integration.UnitTests.dll" adapterTypeName="executor://mstestadapter/v2" className="VideoOS.Common.Integration.UnitTests.License.LicenseWhitelistTests" name="WhiteList_IsModelWhiteListed_HWWith12CH_ModelMaxChannelCountIs16GlobalMaxChannelCountIs10_ReturnsTrue" />
    </UnitTest>
    <UnitTest name="FeatureManager_LicenseExpires_DateTimeMin_ReturnsFalse" storage="d:\actions-runner\_work\xpco\xpco\corporate\shared\common.integration\tst\videoos.common.integration.unittests\bin\x64\debug\net472\videoos.common.integration.unittests.dll" id="285de3cc-7463-97c5-7a4d-9fc18f07fa37">
      <Execution id="fa95cae8-a0fb-429a-abff-d384d795db31" />
      <TestMethod codeBase="D:\actions-runner\_work\XPCO\XPCO\Corporate\Shared\Common.Integration\tst\VideoOS.Common.Integration.UnitTests\bin\x64\Debug\net472\VideoOS.Common.Integration.UnitTests.dll" adapterTypeName="executor://mstestadapter/v2" className="VideoOS.Common.Integration.UnitTests.License.FeatureManagerTest" name="FeatureManager_LicenseExpires_DateTimeMin_ReturnsFalse" />
    </UnitTest>
    <UnitTest name="ToLogEntryRule_ModelNull_ArgumentNullException" storage="d:\actions-runner\_work\xpco\xpco\corporate\shared\common.integration\tst\videoos.common.integration.unittests\bin\x64\debug\net472\videoos.common.integration.unittests.dll" id="81c93919-c20e-2813-2eb1-0bccec0d14c6">
      <Execution id="e060d61d-013a-47d2-87b2-58dca1ec886f" />
      <TestMethod codeBase="D:\actions-runner\_work\XPCO\XPCO\Corporate\Shared\Common.Integration\tst\VideoOS.Common.Integration.UnitTests\bin\x64\Debug\net472\VideoOS.Common.Integration.UnitTests.dll" adapterTypeName="executor://mstestadapter/v2" className="VideoOS.Common.Integration.UnitTests.WebAPI.Model.Server.LogEntryModelConverterTest" name="ToLogEntryRule_ModelNull_ArgumentNullException" />
    </UnitTest>
    <UnitTest name="TestSetRegionWithRadiusFillsTheRegionsWithRegionLargerThanTheGrid" storage="d:\actions-runner\_work\xpco\xpco\corporate\shared\common.integration\tst\videoos.common.integration.unittests\bin\x64\debug\net472\videoos.common.integration.unittests.dll" id="af6f0a01-3619-ada2-6cf5-b0a0824e3b92">
      <Execution id="23c289a7-938a-4392-ab50-dd2c5741cb69" />
      <TestMethod codeBase="D:\actions-runner\_work\XPCO\XPCO\Corporate\Shared\Common.Integration\tst\VideoOS.Common.Integration.UnitTests\bin\x64\Debug\net472\VideoOS.Common.Integration.UnitTests.dll" adapterTypeName="executor://mstestadapter/v2" className="VideoOS.Common.Integration.UnitTests.Configuration.FillableGridAreaUnitTest" name="TestSetRegionWithRadiusFillsTheRegionsWithRegionLargerThanTheGrid" />
    </UnitTest>
    <UnitTest name="ReadAttributeAsString_EmptyString" storage="d:\actions-runner\_work\xpco\xpco\corporate\shared\common.integration\tst\videoos.common.integration.unittests\bin\x64\debug\net472\videoos.common.integration.unittests.dll" id="4cb64fa9-0a70-e363-f896-e92dee62296c">
      <Execution id="9d4d6285-1b06-4d2c-ae54-72e6cd314e2d" />
      <TestMethod codeBase="D:\actions-runner\_work\XPCO\XPCO\Corporate\Shared\Common.Integration\tst\VideoOS.Common.Integration.UnitTests\bin\x64\Debug\net472\VideoOS.Common.Integration.UnitTests.dll" adapterTypeName="executor://mstestadapter/v2" className="VideoOS.Common.Integration.UnitTests.XmlDocumentExtensionsCoreUnitTests" name="ReadAttributeAsString_EmptyString" />
    </UnitTest>
    <UnitTest name="GetPresetByKey_GetsPresetByIdBeforeByName" storage="d:\actions-runner\_work\xpco\xpco\corporate\shared\common.integration\tst\videoos.common.integration.unittests\bin\x64\debug\net472\videoos.common.integration.unittests.dll" id="a3e184f2-fa33-1b45-445c-f37fcdb5e5d4">
      <Execution id="64b5ae3f-708e-4f59-8d59-094a50e23a17" />
      <TestMethod codeBase="D:\actions-runner\_work\XPCO\XPCO\Corporate\Shared\Common.Integration\tst\VideoOS.Common.Integration.UnitTests\bin\x64\Debug\net472\VideoOS.Common.Integration.UnitTests.dll" adapterTypeName="executor://mstestadapter/v2" className="VideoOS.Common.Integration.UnitTests.PtzPresetCollectionUnitTests" name="GetPresetByKey_GetsPresetByIdBeforeByName" />
    </UnitTest>
    <UnitTest name="ServerFileSystemResponseQueryDirectoriesModel_Validate_Success" storage="d:\actions-runner\_work\xpco\xpco\corporate\shared\common.integration\tst\videoos.common.integration.unittests\bin\x64\debug\net472\videoos.common.integration.unittests.dll" id="61499327-643a-5671-4eb8-b3beebbaec49">
      <Execution id="f6b78b96-3f85-40eb-8c95-7c6476d3878f" />
      <TestMethod codeBase="D:\actions-runner\_work\XPCO\XPCO\Corporate\Shared\Common.Integration\tst\VideoOS.Common.Integration.UnitTests\bin\x64\Debug\net472\VideoOS.Common.Integration.UnitTests.dll" adapterTypeName="executor://mstestadapter/v2" className="VideoOS.Common.Integration.UnitTests.WebApi.Model.ServerFileSystemResponseQueryDrivesModelTest" name="ServerFileSystemResponseQueryDirectoriesModel_Validate_Success" />
    </UnitTest>
    <UnitTest name="CreateCreateHardwareLicenseCountEvaluator_ChannelLicensing_Returns_ValidIHardwareLicenseCountEvaluator" storage="d:\actions-runner\_work\xpco\xpco\corporate\shared\common.integration\tst\videoos.common.integration.unittests\bin\x64\debug\net472\videoos.common.integration.unittests.dll" id="d1f6ebcd-23a6-1f36-1b44-9c7daaeece12">
      <TestCategory>
        <TestCategoryItem TestCategory="Licensing" />
      </TestCategory>
      <Execution id="db63a43f-9b42-4b25-abb0-9e35e33f4918" />
      <TestMethod codeBase="D:\actions-runner\_work\XPCO\XPCO\Corporate\Shared\Common.Integration\tst\VideoOS.Common.Integration.UnitTests\bin\x64\Debug\net472\VideoOS.Common.Integration.UnitTests.dll" adapterTypeName="executor://mstestadapter/v2" className="VideoOS.Common.Integration.UnitTests.License.LicenseManagerComponentsProviderTests" name="CreateCreateHardwareLicenseCountEvaluator_ChannelLicensing_Returns_ValidIHardwareLicenseCountEvaluator" />
    </UnitTest>
    <UnitTest name="ParseAsBytes_Empty_Success" storage="d:\actions-runner\_work\xpco\xpco\corporate\shared\common.integration\tst\videoos.common.integration.unittests\bin\x64\debug\net472\videoos.common.integration.unittests.dll" id="e5cf07e9-ee50-38c9-0a10-0e2fe63320d9">
      <Execution id="4c788845-eb98-42e8-bd58-6ce9b642531e" />
      <TestMethod codeBase="D:\actions-runner\_work\XPCO\XPCO\Corporate\Shared\Common.Integration\tst\VideoOS.Common.Integration.UnitTests\bin\x64\Debug\net472\VideoOS.Common.Integration.UnitTests.dll" adapterTypeName="executor://mstestadapter/v2" className="VideoOS.Common.Integration.UnitTests.CertificateHandling.StringByteConversionExtensionsUnitTests" name="ParseAsBytes_Empty_Success" />
    </UnitTest>
    <UnitTest name="Invoke_NoUser_NextIsCalled" storage="d:\actions-runner\_work\xpco\xpco\corporate\shared\common.integration\tst\videoos.common.integration.unittests\bin\x64\debug\net472\videoos.common.integration.unittests.dll" id="f63ce9dd-2e94-9a64-cca8-d5959dc6d120">
      <Execution id="12d33812-cfd3-415b-983d-221f602f829e" />
      <TestMethod codeBase="D:\actions-runner\_work\XPCO\XPCO\Corporate\Shared\Common.Integration\tst\VideoOS.Common.Integration.UnitTests\bin\x64\Debug\net472\VideoOS.Common.Integration.UnitTests.dll" adapterTypeName="executor://mstestadapter/v2" className="VideoOS.Common.Integration.UnitTests.WebApi.Middleware.ScopeValidationMiddlewareTests" name="Invoke_NoUser_NextIsCalled" />
    </UnitTest>
    <UnitTest name="FeatureManager_TryGetFeatureParameterValueT_Null_Value" storage="d:\actions-runner\_work\xpco\xpco\corporate\shared\common.integration\tst\videoos.common.integration.unittests\bin\x64\debug\net472\videoos.common.integration.unittests.dll" id="930e353c-fde1-03ae-10a7-7eaa994a4b20">
      <Execution id="e2b37885-4eaa-4738-8e39-c0cb2ef0349c" />
      <TestMethod codeBase="D:\actions-runner\_work\XPCO\XPCO\Corporate\Shared\Common.Integration\tst\VideoOS.Common.Integration.UnitTests\bin\x64\Debug\net472\VideoOS.Common.Integration.UnitTests.dll" adapterTypeName="executor://mstestadapter/v2" className="VideoOS.Common.Integration.UnitTests.License.FeatureManagerTest" name="FeatureManager_TryGetFeatureParameterValueT_Null_Value" />
    </UnitTest>
    <UnitTest name="FeatureManager_TryGetFeatureParameterValueT_Parameter_Not_Found" storage="d:\actions-runner\_work\xpco\xpco\corporate\shared\common.integration\tst\videoos.common.integration.unittests\bin\x64\debug\net472\videoos.common.integration.unittests.dll" id="c79e30b7-bdee-4086-a276-f11ba4888a53">
      <Execution id="cff1cb69-bf3c-429c-83b0-0082a97c1333" />
      <TestMethod codeBase="D:\actions-runner\_work\XPCO\XPCO\Corporate\Shared\Common.Integration\tst\VideoOS.Common.Integration.UnitTests\bin\x64\Debug\net472\VideoOS.Common.Integration.UnitTests.dll" adapterTypeName="executor://mstestadapter/v2" className="VideoOS.Common.Integration.UnitTests.License.FeatureManagerTest" name="FeatureManager_TryGetFeatureParameterValueT_Parameter_Not_Found" />
    </UnitTest>
    <UnitTest name="LicenseActivationService_AcquireLicense_AccessDenied_UserNameAndPasswordNotFound" storage="d:\actions-runner\_work\xpco\xpco\corporate\shared\common.integration\tst\videoos.common.integration.unittests\bin\x64\debug\net472\videoos.common.integration.unittests.dll" id="c253276f-70f0-723b-e4d4-4f6ba733d3e3">
      <Execution id="4b973bb9-40c5-4c71-8a1e-f5a532df51b3" />
      <TestMethod codeBase="D:\actions-runner\_work\XPCO\XPCO\Corporate\Shared\Common.Integration\tst\VideoOS.Common.Integration.UnitTests\bin\x64\Debug\net472\VideoOS.Common.Integration.UnitTests.dll" adapterTypeName="executor://mstestadapter/v2" className="VideoOS.Common.Integration.UnitTests.License.LicenseActivationServiceTests" name="LicenseActivationService_AcquireLicense_AccessDenied_UserNameAndPasswordNotFound" />
    </UnitTest>
    <UnitTest name="Index_Ctor_Null_ThrowArgumentNullException" storage="d:\actions-runner\_work\xpco\xpco\corporate\shared\common.integration\tst\videoos.common.integration.unittests\bin\x64\debug\net472\videoos.common.integration.unittests.dll" id="a777bdbc-ba48-36a4-6d58-09596560b308">
      <Execution id="45ec69c8-00eb-4c1f-88d6-8ded722b1745" />
      <TestMethod codeBase="D:\actions-runner\_work\XPCO\XPCO\Corporate\Shared\Common.Integration\tst\VideoOS.Common.Integration.UnitTests\bin\x64\Debug\net472\VideoOS.Common.Integration.UnitTests.dll" adapterTypeName="executor://mstestadapter/v2" className="VideoOS.Common.Integration.UnitTests.IndexedCollectionUnitTests" name="Index_Ctor_Null_ThrowArgumentNullException" />
    </UnitTest>
    <UnitTest name="RecorderInfo_Construct_Success" storage="d:\actions-runner\_work\xpco\xpco\corporate\shared\common.integration\tst\videoos.common.integration.unittests\bin\x64\debug\net472\videoos.common.integration.unittests.dll" id="0593edbd-1ea7-3669-bba1-b972f2ba9961">
      <Execution id="7a19372a-9879-4e59-9a14-eb1b78cb7b3b" />
      <TestMethod codeBase="D:\actions-runner\_work\XPCO\XPCO\Corporate\Shared\Common.Integration\tst\VideoOS.Common.Integration.UnitTests\bin\x64\Debug\net472\VideoOS.Common.Integration.UnitTests.dll" adapterTypeName="executor://mstestadapter/v2" className="VideoOS.Common.Integration.UnitTests.License.RecorderInfoTests" name="RecorderInfo_Construct_Success" />
    </UnitTest>
    <UnitTest name="ResponseReceivedWeakEventManager_DereferenceSubscriber_RemovesHandler" storage="d:\actions-runner\_work\xpco\xpco\corporate\shared\common.integration\tst\videoos.common.integration.unittests\bin\x64\debug\net472\videoos.common.integration.unittests.dll" id="85d0f321-1adf-0a50-fcb5-5b02067c3ae4">
      <Execution id="90353278-61f6-47ae-a4b2-ae7524a485aa" />
      <TestMethod codeBase="D:\actions-runner\_work\XPCO\XPCO\Corporate\Shared\Common.Integration\tst\VideoOS.Common.Integration.UnitTests\bin\x64\Debug\net472\VideoOS.Common.Integration.UnitTests.dll" adapterTypeName="executor://mstestadapter/v2" className="VideoOS.Common.Integration.UnitTests.Communication.ResponseReceivedWeakEventManagerUnitTests" name="ResponseReceivedWeakEventManager_DereferenceSubscriber_RemovesHandler" />
    </UnitTest>
    <UnitTest name="DatabaseXmlConverter_XmlIdsToGuids_None" storage="d:\actions-runner\_work\xpco\xpco\corporate\shared\common.integration\tst\videoos.common.integration.unittests\bin\x64\debug\net472\videoos.common.integration.unittests.dll" id="3afcab40-be92-3c32-cdd4-99a4f2e968f5">
      <Execution id="702e29b2-361d-4708-8ad2-89d43dac352b" />
      <TestMethod codeBase="D:\actions-runner\_work\XPCO\XPCO\Corporate\Shared\Common.Integration\tst\VideoOS.Common.Integration.UnitTests\bin\x64\Debug\net472\VideoOS.Common.Integration.UnitTests.dll" adapterTypeName="executor://mstestadapter/v2" className="VideoOS.Common.Integration.UnitTests.DatabaseXmlConverterTest" name="DatabaseXmlConverter_XmlIdsToGuids_None" />
    </UnitTest>
    <UnitTest name="Index_AddEntry_MultipleEntries_Success" storage="d:\actions-runner\_work\xpco\xpco\corporate\shared\common.integration\tst\videoos.common.integration.unittests\bin\x64\debug\net472\videoos.common.integration.unittests.dll" id="350f83a6-60d3-6508-2061-bae98524f397">
      <Execution id="a373ca44-e818-4653-9f9c-c2a9a849e39d" />
      <TestMethod codeBase="D:\actions-runner\_work\XPCO\XPCO\Corporate\Shared\Common.Integration\tst\VideoOS.Common.Integration.UnitTests\bin\x64\Debug\net472\VideoOS.Common.Integration.UnitTests.dll" adapterTypeName="executor://mstestadapter/v2" className="VideoOS.Common.Integration.UnitTests.IndexedCollectionUnitTests" name="Index_AddEntry_MultipleEntries_Success" />
    </UnitTest>
    <UnitTest name="EnsureMacAddressUppercase1" storage="d:\actions-runner\_work\xpco\xpco\corporate\shared\common.integration\tst\videoos.common.integration.unittests\bin\x64\debug\net472\videoos.common.integration.unittests.dll" id="f474bff3-50ef-be8a-c258-692d366a8a47">
      <Execution id="9dde2201-a9fb-4253-a73b-e12d084c2372" />
      <TestMethod codeBase="D:\actions-runner\_work\XPCO\XPCO\Corporate\Shared\Common.Integration\tst\VideoOS.Common.Integration.UnitTests\bin\x64\Debug\net472\VideoOS.Common.Integration.UnitTests.dll" adapterTypeName="executor://mstestadapter/v2" className="VideoOS.Common.Integration.UnitTests.DriverDefinition.DefinitionUtilityTests" name="EnsureMacAddressUppercase1" />
    </UnitTest>
    <UnitTest name="ModelValidation_RequiredPropertiesAreNull_Failed" storage="d:\actions-runner\_work\xpco\xpco\corporate\shared\common.integration\tst\videoos.common.integration.unittests\bin\x64\debug\net472\videoos.common.integration.unittests.dll" id="788aa55b-4949-5015-673f-608c519bb0a1">
      <Execution id="94f63953-5675-42db-bf74-85187fb45cef" />
      <TestMethod codeBase="D:\actions-runner\_work\XPCO\XPCO\Corporate\Shared\Common.Integration\tst\VideoOS.Common.Integration.UnitTests\bin\x64\Debug\net472\VideoOS.Common.Integration.UnitTests.dll" adapterTypeName="executor://mstestadapter/v2" className="VideoOS.Common.Integration.UnitTests.WebAPI.Model.GetAbsolutePtzPositionModelTest" name="ModelValidation_RequiredPropertiesAreNull_Failed" />
    </UnitTest>
    <UnitTest name="Test_Members_Simple2Branched" storage="d:\actions-runner\_work\xpco\xpco\corporate\shared\common.integration\tst\videoos.common.integration.unittests\bin\x64\debug\net472\videoos.common.integration.unittests.dll" id="8a842246-04e9-9315-dc32-79d34f6a6c13">
      <Execution id="4fddf432-f6f2-4f8f-8e7f-6456117cee66" />
      <TestMethod codeBase="D:\actions-runner\_work\XPCO\XPCO\Corporate\Shared\Common.Integration\tst\VideoOS.Common.Integration.UnitTests\bin\x64\Debug\net472\VideoOS.Common.Integration.UnitTests.dll" adapterTypeName="executor://mstestadapter/v2" className="VideoOS.Common.Integration.UnitTests.Caching.MembershipCacheUnitTest" name="Test_Members_Simple2Branched" />
    </UnitTest>
    <UnitTest name="ExceptionResponseModel_NoValuesSet_ValidationFailure" storage="d:\actions-runner\_work\xpco\xpco\corporate\shared\common.integration\tst\videoos.common.integration.unittests\bin\x64\debug\net472\videoos.common.integration.unittests.dll" id="0d4cc550-08f2-1d1d-3223-67f19c0afe08">
      <Execution id="874511ec-e3ad-4773-800f-4d41d5c71833" />
      <TestMethod codeBase="D:\actions-runner\_work\XPCO\XPCO\Corporate\Shared\Common.Integration\tst\VideoOS.Common.Integration.UnitTests\bin\x64\Debug\net472\VideoOS.Common.Integration.UnitTests.dll" adapterTypeName="executor://mstestadapter/v2" className="VideoOS.Common.Integration.UnitTests.WebAPI.Model.Server.Responses.ExceptionResponseModelTest" name="ExceptionResponseModel_NoValuesSet_ValidationFailure" />
    </UnitTest>
    <UnitTest name="Invoke_RequiredScopeNotFoundNoClaimsExists_403" storage="d:\actions-runner\_work\xpco\xpco\corporate\shared\common.integration\tst\videoos.common.integration.unittests\bin\x64\debug\net472\videoos.common.integration.unittests.dll" id="d41a20ca-3a88-ad11-857b-ea12754fccb3">
      <Execution id="9a851327-0ffa-450d-bc17-5b2bd3a7d105" />
      <TestMethod codeBase="D:\actions-runner\_work\XPCO\XPCO\Corporate\Shared\Common.Integration\tst\VideoOS.Common.Integration.UnitTests\bin\x64\Debug\net472\VideoOS.Common.Integration.UnitTests.dll" adapterTypeName="executor://mstestadapter/v2" className="VideoOS.Common.Integration.UnitTests.WebApi.Middleware.ScopeValidationMiddlewareTests" name="Invoke_RequiredScopeNotFoundNoClaimsExists_403" />
    </UnitTest>
    <UnitTest name="CreateHttpsUri_HttpNonDefaultPort_UseDefaultPortTrue_BecomesHttpsPort443" storage="d:\actions-runner\_work\xpco\xpco\corporate\shared\common.integration\tst\videoos.common.integration.unittests\bin\x64\debug\net472\videoos.common.integration.unittests.dll" id="3f0b5a90-7873-a0cd-d62c-bb7a78bcc5c3">
      <TestCategory>
        <TestCategoryItem TestCategory="UriHandling" />
      </TestCategory>
      <Execution id="5257bb61-e7a1-4f77-b60a-4717277aa3f8" />
      <TestMethod codeBase="D:\actions-runner\_work\XPCO\XPCO\Corporate\Shared\Common.Integration\tst\VideoOS.Common.Integration.UnitTests\bin\x64\Debug\net472\VideoOS.Common.Integration.UnitTests.dll" adapterTypeName="executor://mstestadapter/v2" className="VideoOS.Common.Integration.UnitTests.Communication.UriHandlingUnitTests" name="CreateHttpsUri_HttpNonDefaultPort_UseDefaultPortTrue_BecomesHttpsPort443" />
    </UnitTest>
    <UnitTest name="FeatureManager_TryGetFeatureParameterValueT_Guid_Invalid_Value" storage="d:\actions-runner\_work\xpco\xpco\corporate\shared\common.integration\tst\videoos.common.integration.unittests\bin\x64\debug\net472\videoos.common.integration.unittests.dll" id="c37cb584-8ea7-25b5-9a0c-e8180c699eed">
      <Execution id="717e01b9-b00d-4120-980c-6e079f32129f" />
      <TestMethod codeBase="D:\actions-runner\_work\XPCO\XPCO\Corporate\Shared\Common.Integration\tst\VideoOS.Common.Integration.UnitTests\bin\x64\Debug\net472\VideoOS.Common.Integration.UnitTests.dll" adapterTypeName="executor://mstestadapter/v2" className="VideoOS.Common.Integration.UnitTests.License.FeatureManagerTest" name="FeatureManager_TryGetFeatureParameterValueT_Guid_Invalid_Value" />
    </UnitTest>
    <UnitTest name="IPHardwareBlockCollection_RemoveByHardware_Null_Throws_ArgumentNullException" storage="d:\actions-runner\_work\xpco\xpco\corporate\shared\common.integration\tst\videoos.common.integration.unittests\bin\x64\debug\net472\videoos.common.integration.unittests.dll" id="76c08a52-d8e9-6cdc-fce1-1258294596b0">
      <Execution id="d26be58f-b60b-41aa-bc71-0b32ebd478f0" />
      <TestMethod codeBase="D:\actions-runner\_work\XPCO\XPCO\Corporate\Shared\Common.Integration\tst\VideoOS.Common.Integration.UnitTests\bin\x64\Debug\net472\VideoOS.Common.Integration.UnitTests.dll" adapterTypeName="executor://mstestadapter/v2" className="VideoOS.Common.Integration.UnitTests.ConfigurationManager.IPHardwareBlockCollectionUnitTests" name="IPHardwareBlockCollection_RemoveByHardware_Null_Throws_ArgumentNullException" />
    </UnitTest>
    <UnitTest name="WarningResponseModel_NoValuesSet_ValidationFailure" storage="d:\actions-runner\_work\xpco\xpco\corporate\shared\common.integration\tst\videoos.common.integration.unittests\bin\x64\debug\net472\videoos.common.integration.unittests.dll" id="3f31dbe9-06e2-6a2a-13b1-958cc5320b2c">
      <Execution id="e45cd54c-eed1-4be9-9ebe-71da9950f8b2" />
      <TestMethod codeBase="D:\actions-runner\_work\XPCO\XPCO\Corporate\Shared\Common.Integration\tst\VideoOS.Common.Integration.UnitTests\bin\x64\Debug\net472\VideoOS.Common.Integration.UnitTests.dll" adapterTypeName="executor://mstestadapter/v2" className="VideoOS.Common.Integration.UnitTests.WebAPI.Model.Recorder.Responses.WarningResponseModelTest" name="WarningResponseModel_NoValuesSet_ValidationFailure" />
    </UnitTest>
    <UnitTest name="Encrypt_DataSetHasNewRow_DataSetIsEncrypted" storage="d:\actions-runner\_work\xpco\xpco\corporate\shared\common.integration\tst\videoos.common.integration.unittests\bin\x64\debug\net472\videoos.common.integration.unittests.dll" id="a799779d-133e-7d41-99ec-502f41ddc153">
      <Execution id="2e90bacb-91f4-4547-9a10-434fcd3197e5" />
      <TestMethod codeBase="D:\actions-runner\_work\XPCO\XPCO\Corporate\Shared\Common.Integration\tst\VideoOS.Common.Integration.UnitTests\bin\x64\Debug\net472\VideoOS.Common.Integration.UnitTests.dll" adapterTypeName="executor://mstestadapter/v2" className="VideoOS.Common.Integration.UnitTests.Configuration.RecordingStorageTableAdapterTests" name="Encrypt_DataSetHasNewRow_DataSetIsEncrypted" />
    </UnitTest>
    <UnitTest name="ScheduledTimeReachedFunctionOneSecondBeforeTriggerTimeTest" storage="d:\actions-runner\_work\xpco\xpco\corporate\shared\common.integration\tst\videoos.common.integration.unittests\bin\x64\debug\net472\videoos.common.integration.unittests.dll" id="b51a72b7-1909-0162-1b15-93678926308a">
      <Execution id="758a05c6-5500-4a0f-a869-ac9fa7d18ba0" />
      <TestMethod codeBase="D:\actions-runner\_work\XPCO\XPCO\Corporate\Shared\Common.Integration\tst\VideoOS.Common.Integration.UnitTests\bin\x64\Debug\net472\VideoOS.Common.Integration.UnitTests.dll" adapterTypeName="executor://mstestadapter/v2" className="VideoOS.Common.Integration.UnitTests.Rules.ScheduledTimeReachedFunctionTest" name="ScheduledTimeReachedFunctionOneSecondBeforeTriggerTimeTest" />
    </UnitTest>
    <UnitTest name="StreamsConfiguration_ValidateConfiguration_Two_Recording_Streams_OneOrMoreStreamsWithSameTrackStreamError" storage="d:\actions-runner\_work\xpco\xpco\corporate\shared\common.integration\tst\videoos.common.integration.unittests\bin\x64\debug\net472\videoos.common.integration.unittests.dll" id="c6f1f7e9-e5ee-28f7-b1d8-32ab5cfc4913">
      <Execution id="e709994e-a96c-4796-82e4-0fd2eab478a1" />
      <TestMethod codeBase="D:\actions-runner\_work\XPCO\XPCO\Corporate\Shared\Common.Integration\tst\VideoOS.Common.Integration.UnitTests\bin\x64\Debug\net472\VideoOS.Common.Integration.UnitTests.dll" adapterTypeName="executor://mstestadapter/v2" className="VideoOS.Common.Integration.UnitTests.StreamsConfigurationUnitTests" name="StreamsConfiguration_ValidateConfiguration_Two_Recording_Streams_OneOrMoreStreamsWithSameTrackStreamError" />
    </UnitTest>
    <UnitTest name="ModelValidation_ValidModel_Success" storage="d:\actions-runner\_work\xpco\xpco\corporate\shared\common.integration\tst\videoos.common.integration.unittests\bin\x64\debug\net472\videoos.common.integration.unittests.dll" id="2eacf72f-5904-d273-4233-9408fc9a3d2f">
      <Execution id="a65bc324-3910-4ba4-9734-9b865c76750c" />
      <TestMethod codeBase="D:\actions-runner\_work\XPCO\XPCO\Corporate\Shared\Common.Integration\tst\VideoOS.Common.Integration.UnitTests\bin\x64\Debug\net472\VideoOS.Common.Integration.UnitTests.dll" adapterTypeName="executor://mstestadapter/v2" className="VideoOS.Common.Integration.UnitTests.WebAPI.Model.PtzReserveSessionModelTest" name="ModelValidation_ValidModel_Success" />
    </UnitTest>
    <UnitTest name="Create_Mac_Address_Hash_String_Mac" storage="d:\actions-runner\_work\xpco\xpco\corporate\shared\common.integration\tst\videoos.common.integration.unittests\bin\x64\debug\net472\videoos.common.integration.unittests.dll" id="bff57e0d-62f6-47dd-10e1-7985b12138a8">
      <Execution id="e23d1d41-7b5d-432e-bfff-11ef0ac08ba4" />
      <TestMethod codeBase="D:\actions-runner\_work\XPCO\XPCO\Corporate\Shared\Common.Integration\tst\VideoOS.Common.Integration.UnitTests\bin\x64\Debug\net472\VideoOS.Common.Integration.UnitTests.dll" adapterTypeName="executor://mstestadapter/v2" className="VideoOS.Common.Integration.UnitTests.License.MacAddressUtilitiesTest" name="Create_Mac_Address_Hash_String_Mac" />
    </UnitTest>
    <UnitTest name="ServerFileStorageQuota_Free_PartialFail" storage="d:\actions-runner\_work\xpco\xpco\corporate\shared\common.integration\tst\videoos.common.integration.unittests\bin\x64\debug\net472\videoos.common.integration.unittests.dll" id="e8e3d9bb-3738-1b2f-28aa-7391ce21c4c6">
      <Execution id="63a329f5-ece1-499a-94b3-67bd652bc293" />
      <TestMethod codeBase="D:\actions-runner\_work\XPCO\XPCO\Corporate\Shared\Common.Integration\tst\VideoOS.Common.Integration.UnitTests\bin\x64\Debug\net472\VideoOS.Common.Integration.UnitTests.dll" adapterTypeName="executor://mstestadapter/v2" className="VideoOS.Common.Integration.UnitTests.ServerFileStorageQuotaTests" name="ServerFileStorageQuota_Free_PartialFail" />
    </UnitTest>
    <UnitTest name="ReadChildElementValueAsInt32_InvalidData" storage="d:\actions-runner\_work\xpco\xpco\corporate\shared\common.integration\tst\videoos.common.integration.unittests\bin\x64\debug\net472\videoos.common.integration.unittests.dll" id="fab418cf-6bc8-0f0e-ccf8-b1c92a0d3fce">
      <Execution id="8b155dfd-dcb8-4632-96aa-9a6a63581e31" />
      <TestMethod codeBase="D:\actions-runner\_work\XPCO\XPCO\Corporate\Shared\Common.Integration\tst\VideoOS.Common.Integration.UnitTests\bin\x64\Debug\net472\VideoOS.Common.Integration.UnitTests.dll" adapterTypeName="executor://mstestadapter/v2" className="VideoOS.Common.Integration.UnitTests.XmlDocumentExtensionsCoreUnitTests" name="ReadChildElementValueAsInt32_InvalidData" />
    </UnitTest>
    <UnitTest name="PtzSessionResponseModel_NoValuesSet_ValidationFailure" storage="d:\actions-runner\_work\xpco\xpco\corporate\shared\common.integration\tst\videoos.common.integration.unittests\bin\x64\debug\net472\videoos.common.integration.unittests.dll" id="b00a68fb-029a-172a-9ac1-06f41f55ef81">
      <Execution id="1c68738e-568f-44cb-9e01-80f99027a41e" />
      <TestMethod codeBase="D:\actions-runner\_work\XPCO\XPCO\Corporate\Shared\Common.Integration\tst\VideoOS.Common.Integration.UnitTests\bin\x64\Debug\net472\VideoOS.Common.Integration.UnitTests.dll" adapterTypeName="executor://mstestadapter/v2" className="VideoOS.Common.Integration.UnitTests.WebAPI.Model.Server.Responses.PtzSessionResponseModelTest" name="PtzSessionResponseModel_NoValuesSet_ValidationFailure" />
    </UnitTest>
    <UnitTest name="BaseHtmlLicenseReport_CreatePNode_WithNoClassName_ValidText_Success" storage="d:\actions-runner\_work\xpco\xpco\corporate\shared\common.integration\tst\videoos.common.integration.unittests\bin\x64\debug\net472\videoos.common.integration.unittests.dll" id="73bca2cb-d580-dcde-6dcb-4db8cdd3835c">
      <Execution id="243815d5-47c7-448c-b1d9-b298c4ea9140" />
      <TestMethod codeBase="D:\actions-runner\_work\XPCO\XPCO\Corporate\Shared\Common.Integration\tst\VideoOS.Common.Integration.UnitTests\bin\x64\Debug\net472\VideoOS.Common.Integration.UnitTests.dll" adapterTypeName="executor://mstestadapter/v2" className="VideoOS.Common.Integration.UnitTests.License.BaseHtmlLicenseReportTests" name="BaseHtmlLicenseReport_CreatePNode_WithNoClassName_ValidText_Success" />
    </UnitTest>
    <UnitTest name="ErrorResponseModel_Validate_Success" storage="d:\actions-runner\_work\xpco\xpco\corporate\shared\common.integration\tst\videoos.common.integration.unittests\bin\x64\debug\net472\videoos.common.integration.unittests.dll" id="37bbb804-337f-bc94-e96d-0128fc365308">
      <Execution id="ce241981-ac34-4c77-9b81-2c3e5c1a5ae1" />
      <TestMethod codeBase="D:\actions-runner\_work\XPCO\XPCO\Corporate\Shared\Common.Integration\tst\VideoOS.Common.Integration.UnitTests\bin\x64\Debug\net472\VideoOS.Common.Integration.UnitTests.dll" adapterTypeName="executor://mstestadapter/v2" className="VideoOS.Common.Integration.UnitTests.WebAPI.Model.Recorder.Responses.ErrorResponseModelTest" name="ErrorResponseModel_Validate_Success" />
    </UnitTest>
    <UnitTest name="Test_MemberOf_SimpleOneLine" storage="d:\actions-runner\_work\xpco\xpco\corporate\shared\common.integration\tst\videoos.common.integration.unittests\bin\x64\debug\net472\videoos.common.integration.unittests.dll" id="4a82ea03-a3c5-0a38-f23a-d165535cebee">
      <Execution id="0b7dcb4d-3e33-4852-a32b-af2eb5832e94" />
      <TestMethod codeBase="D:\actions-runner\_work\XPCO\XPCO\Corporate\Shared\Common.Integration\tst\VideoOS.Common.Integration.UnitTests\bin\x64\Debug\net472\VideoOS.Common.Integration.UnitTests.dll" adapterTypeName="executor://mstestadapter/v2" className="VideoOS.Common.Integration.UnitTests.Caching.MembershipCacheUnitTest" name="Test_MemberOf_SimpleOneLine" />
    </UnitTest>
    <UnitTest name="CreateResponseException_ServiceUnavailableAndResponseHasDynamicContent_ContentIsDeserializedFromHttpResponseMessage" storage="d:\actions-runner\_work\xpco\xpco\corporate\shared\common.integration\tst\videoos.common.integration.unittests\bin\x64\debug\net472\videoos.common.integration.unittests.dll" id="ec410477-3a9c-e23b-d91e-f2bb51b662b2">
      <Execution id="8cc4c82e-cda6-4dd7-bf66-8422edcafca8" />
      <TestMethod codeBase="D:\actions-runner\_work\XPCO\XPCO\Corporate\Shared\Common.Integration\tst\VideoOS.Common.Integration.UnitTests\bin\x64\Debug\net472\VideoOS.Common.Integration.UnitTests.dll" adapterTypeName="executor://mstestadapter/v2" className="VideoOS.Common.Integration.UnitTests.WebAPI.Exceptions.WebApiExceptionHelperTests" name="CreateResponseException_ServiceUnavailableAndResponseHasDynamicContent_ContentIsDeserializedFromHttpResponseMessage" />
    </UnitTest>
    <UnitTest name="UpdateTotalICPFeedCountsAcrossAllHardware_FailsWhen_UpdateHardwareAggregates_NotCalled" storage="d:\actions-runner\_work\xpco\xpco\corporate\shared\common.integration\tst\videoos.common.integration.unittests\bin\x64\debug\net472\videoos.common.integration.unittests.dll" id="75c84b18-5930-e3eb-1c9d-234697afe954">
      <Execution id="8d26cdfb-867b-4bea-beb0-a06f4e6809bd" />
      <TestMethod codeBase="D:\actions-runner\_work\XPCO\XPCO\Corporate\Shared\Common.Integration\tst\VideoOS.Common.Integration.UnitTests\bin\x64\Debug\net472\VideoOS.Common.Integration.UnitTests.dll" adapterTypeName="executor://mstestadapter/v2" className="VideoOS.Common.Integration.UnitTests.License.HardwareDictionaryTests" name="UpdateTotalICPFeedCountsAcrossAllHardware_FailsWhen_UpdateHardwareAggregates_NotCalled" />
    </UnitTest>
    <UnitTest name="LocalCommandProcessorResponseCollector_GetNextResponse_Cancelled" storage="d:\actions-runner\_work\xpco\xpco\corporate\shared\common.integration\tst\videoos.common.integration.unittests\bin\x64\debug\net472\videoos.common.integration.unittests.dll" id="fc98a4b7-aece-e9da-731a-dcf2a445b7e5">
      <Execution id="0d86d872-04a2-4533-b254-765f4670f75c" />
      <TestMethod codeBase="D:\actions-runner\_work\XPCO\XPCO\Corporate\Shared\Common.Integration\tst\VideoOS.Common.Integration.UnitTests\bin\x64\Debug\net472\VideoOS.Common.Integration.UnitTests.dll" adapterTypeName="executor://mstestadapter/v2" className="VideoOS.Common.Integration.UnitTests.Command.CommandProcessor.LocalCommandProcessorResponseCollectorUnitTests" name="LocalCommandProcessorResponseCollector_GetNextResponse_Cancelled" />
    </UnitTest>
    <UnitTest name="Index_GetEntriesByKey_No_Item_Return_Null" storage="d:\actions-runner\_work\xpco\xpco\corporate\shared\common.integration\tst\videoos.common.integration.unittests\bin\x64\debug\net472\videoos.common.integration.unittests.dll" id="8f57d5c6-48cd-6a45-2524-8718ae9d15b0">
      <Execution id="c5523f80-41f5-440e-8f29-a36aa6af6aad" />
      <TestMethod codeBase="D:\actions-runner\_work\XPCO\XPCO\Corporate\Shared\Common.Integration\tst\VideoOS.Common.Integration.UnitTests\bin\x64\Debug\net472\VideoOS.Common.Integration.UnitTests.dll" adapterTypeName="executor://mstestadapter/v2" className="VideoOS.Common.Integration.UnitTests.IndexedCollectionUnitTests" name="Index_GetEntriesByKey_No_Item_Return_Null" />
    </UnitTest>
    <UnitTest name="CreateHttpsUri_HttpDefaultPort_UseDefaultPortFalse_BecomesHttpsPort443" storage="d:\actions-runner\_work\xpco\xpco\corporate\shared\common.integration\tst\videoos.common.integration.unittests\bin\x64\debug\net472\videoos.common.integration.unittests.dll" id="14bb044e-e139-adf6-9be3-078c25461372">
      <TestCategory>
        <TestCategoryItem TestCategory="UriHandling" />
      </TestCategory>
      <Execution id="455cabb1-9deb-4f1a-b3ca-de053697ca43" />
      <TestMethod codeBase="D:\actions-runner\_work\XPCO\XPCO\Corporate\Shared\Common.Integration\tst\VideoOS.Common.Integration.UnitTests\bin\x64\Debug\net472\VideoOS.Common.Integration.UnitTests.dll" adapterTypeName="executor://mstestadapter/v2" className="VideoOS.Common.Integration.UnitTests.Communication.UriHandlingUnitTests" name="CreateHttpsUri_HttpDefaultPort_UseDefaultPortFalse_BecomesHttpsPort443" />
    </UnitTest>
    <UnitTest name="ModelValidation_RequiredPropertiesAreNull_Failed" storage="d:\actions-runner\_work\xpco\xpco\corporate\shared\common.integration\tst\videoos.common.integration.unittests\bin\x64\debug\net472\videoos.common.integration.unittests.dll" id="96d896f1-97ad-d074-c333-376a66dc9171">
      <Execution id="d28b62f4-a196-4f74-9437-27cba6c82dd8" />
      <TestMethod codeBase="D:\actions-runner\_work\XPCO\XPCO\Corporate\Shared\Common.Integration\tst\VideoOS.Common.Integration.UnitTests\bin\x64\Debug\net472\VideoOS.Common.Integration.UnitTests.dll" adapterTypeName="executor://mstestadapter/v2" className="VideoOS.Common.Integration.UnitTests.WebAPI.Model.GlobalEventModelTest" name="ModelValidation_RequiredPropertiesAreNull_Failed" />
    </UnitTest>
    <UnitTest name="ReceiveAsync_NoError_TaskIsExecuted" storage="d:\actions-runner\_work\xpco\xpco\corporate\shared\common.integration\tst\videoos.common.integration.unittests\bin\x64\debug\net472\videoos.common.integration.unittests.dll" id="a8579d74-c114-1869-7e83-7adac4ed2f9d">
      <Execution id="a9996fc6-c2cc-4887-9775-38aac1ccea53" />
      <TestMethod codeBase="D:\actions-runner\_work\XPCO\XPCO\Corporate\Shared\Common.Integration\tst\VideoOS.Common.Integration.UnitTests\bin\x64\Debug\net472\VideoOS.Common.Integration.UnitTests.dll" adapterTypeName="executor://mstestadapter/v2" className="VideoOS.Common.Integration.WebApi.HttpClientCommunicatorUnitTests" name="ReceiveAsync_NoError_TaskIsExecuted" />
    </UnitTest>
    <UnitTest name="GetPresetByKey_ByNameMoreThanOnePreset" storage="d:\actions-runner\_work\xpco\xpco\corporate\shared\common.integration\tst\videoos.common.integration.unittests\bin\x64\debug\net472\videoos.common.integration.unittests.dll" id="bc9ba54a-2fb5-e003-6574-9e7614ab5c41">
      <Execution id="d5defa62-4837-4199-b104-fa08e3d2de6f" />
      <TestMethod codeBase="D:\actions-runner\_work\XPCO\XPCO\Corporate\Shared\Common.Integration\tst\VideoOS.Common.Integration.UnitTests\bin\x64\Debug\net472\VideoOS.Common.Integration.UnitTests.dll" adapterTypeName="executor://mstestadapter/v2" className="VideoOS.Common.Integration.UnitTests.PtzPresetCollectionUnitTests" name="GetPresetByKey_ByNameMoreThanOnePreset" />
    </UnitTest>
    <UnitTest name="HardwareInfo_HasCameraDevices_ReturnsFalse_WhenWithoutEnabledCamerasWithMatchingLicenseStates" storage="d:\actions-runner\_work\xpco\xpco\corporate\shared\common.integration\tst\videoos.common.integration.unittests\bin\x64\debug\net472\videoos.common.integration.unittests.dll" id="7edb74d7-c5e2-9c1f-fcbf-d167c6d11f64">
      <Execution id="fee57992-f9a8-4f07-a35a-220e667f1430" />
      <TestMethod codeBase="D:\actions-runner\_work\XPCO\XPCO\Corporate\Shared\Common.Integration\tst\VideoOS.Common.Integration.UnitTests\bin\x64\Debug\net472\VideoOS.Common.Integration.UnitTests.dll" adapterTypeName="executor://mstestadapter/v2" className="VideoOS.Common.Integration.UnitTests.License.HardwareInfoTests" name="HardwareInfo_HasCameraDevices_ReturnsFalse_WhenWithoutEnabledCamerasWithMatchingLicenseStates" />
    </UnitTest>
    <UnitTest name="DatabaseXmlConverter_XmlIdsToGuids_WrongElements_None" storage="d:\actions-runner\_work\xpco\xpco\corporate\shared\common.integration\tst\videoos.common.integration.unittests\bin\x64\debug\net472\videoos.common.integration.unittests.dll" id="c96481bf-026f-b4f1-4712-7c2424dec067">
      <Execution id="85011d96-dd03-45e1-825f-41e93c4c525e" />
      <TestMethod codeBase="D:\actions-runner\_work\XPCO\XPCO\Corporate\Shared\Common.Integration\tst\VideoOS.Common.Integration.UnitTests\bin\x64\Debug\net472\VideoOS.Common.Integration.UnitTests.dll" adapterTypeName="executor://mstestadapter/v2" className="VideoOS.Common.Integration.UnitTests.DatabaseXmlConverterTest" name="DatabaseXmlConverter_XmlIdsToGuids_WrongElements_None" />
    </UnitTest>
    <UnitTest name="FeatureManager_GetFeatureParameterValueT_Enum_Valid_Value" storage="d:\actions-runner\_work\xpco\xpco\corporate\shared\common.integration\tst\videoos.common.integration.unittests\bin\x64\debug\net472\videoos.common.integration.unittests.dll" id="776eceef-a177-5664-72af-adb58a63d9e0">
      <Execution id="acdfca77-e0fd-40e2-8c44-ba2d0ac7c65e" />
      <TestMethod codeBase="D:\actions-runner\_work\XPCO\XPCO\Corporate\Shared\Common.Integration\tst\VideoOS.Common.Integration.UnitTests\bin\x64\Debug\net472\VideoOS.Common.Integration.UnitTests.dll" adapterTypeName="executor://mstestadapter/v2" className="VideoOS.Common.Integration.UnitTests.License.FeatureManagerTest" name="FeatureManager_GetFeatureParameterValueT_Enum_Valid_Value" />
    </UnitTest>
    <UnitTest name="HttpPost_Test_LicenseRequest_Succeeds" storage="d:\actions-runner\_work\xpco\xpco\corporate\shared\common.integration\tst\videoos.common.integration.unittests\bin\x64\debug\net472\videoos.common.integration.unittests.dll" id="a98c2e19-eb41-cad2-08f2-c0b93de7ee3e">
      <Execution id="762a7317-9644-4020-a90f-eab1bb9cd1e0" />
      <TestMethod codeBase="D:\actions-runner\_work\XPCO\XPCO\Corporate\Shared\Common.Integration\tst\VideoOS.Common.Integration.UnitTests\bin\x64\Debug\net472\VideoOS.Common.Integration.UnitTests.dll" adapterTypeName="executor://mstestadapter/v2" className="VideoOS.Common.Integration.UnitTests.Communication.HttpPostTests" name="HttpPost_Test_LicenseRequest_Succeeds" />
    </UnitTest>
    <UnitTest name="ModelValidation_RequiredPropertiesAreNull_Failed" storage="d:\actions-runner\_work\xpco\xpco\corporate\shared\common.integration\tst\videoos.common.integration.unittests\bin\x64\debug\net472\videoos.common.integration.unittests.dll" id="5b4205d8-c74c-054d-0f0f-0690b6905908">
      <Execution id="6f55f6a7-856d-449e-b6c2-d63170f75dca" />
      <TestMethod codeBase="D:\actions-runner\_work\XPCO\XPCO\Corporate\Shared\Common.Integration\tst\VideoOS.Common.Integration.UnitTests\bin\x64\Debug\net472\VideoOS.Common.Integration.UnitTests.dll" adapterTypeName="executor://mstestadapter/v2" className="VideoOS.Common.Integration.UnitTests.WebAPI.Model.ReportMediaCommittedToDatabaseModelTest" name="ModelValidation_RequiredPropertiesAreNull_Failed" />
    </UnitTest>
    <UnitTest name="EvidenceLockOnOldRecorderModelTests_Validate_Success" storage="d:\actions-runner\_work\xpco\xpco\corporate\shared\common.integration\tst\videoos.common.integration.unittests\bin\x64\debug\net472\videoos.common.integration.unittests.dll" id="825d1feb-387a-a099-318b-03cd17d95884">
      <Execution id="cd3c8f13-5acc-4301-b390-1e666b16b122" />
      <TestMethod codeBase="D:\actions-runner\_work\XPCO\XPCO\Corporate\Shared\Common.Integration\tst\VideoOS.Common.Integration.UnitTests\bin\x64\Debug\net472\VideoOS.Common.Integration.UnitTests.dll" adapterTypeName="executor://mstestadapter/v2" className="VideoOS.Common.Integration.UnitTests.WebAPI.Model.EvidenceLockOnOldRecorderModelTests" name="EvidenceLockOnOldRecorderModelTests_Validate_Success" />
    </UnitTest>
    <UnitTest name="ReadChildElementValueAsUInt64_SunnyDay" storage="d:\actions-runner\_work\xpco\xpco\corporate\shared\common.integration\tst\videoos.common.integration.unittests\bin\x64\debug\net472\videoos.common.integration.unittests.dll" id="10919144-3823-6bf6-98f4-d0bc06e3e69f">
      <Execution id="95611923-da02-4b52-99eb-6d3ca254e7f4" />
      <TestMethod codeBase="D:\actions-runner\_work\XPCO\XPCO\Corporate\Shared\Common.Integration\tst\VideoOS.Common.Integration.UnitTests\bin\x64\Debug\net472\VideoOS.Common.Integration.UnitTests.dll" adapterTypeName="executor://mstestadapter/v2" className="VideoOS.Common.Integration.UnitTests.XmlDocumentExtensionsCoreUnitTests" name="ReadChildElementValueAsUInt64_SunnyDay" />
    </UnitTest>
    <UnitTest name="GetServerSNMPId_Not_SNMP_Mapped" storage="d:\actions-runner\_work\xpco\xpco\corporate\shared\common.integration\tst\videoos.common.integration.unittests\bin\x64\debug\net472\videoos.common.integration.unittests.dll" id="7ab556a2-1595-6a91-9504-077b9dfa0dcd">
      <Execution id="ccb7a74f-e470-4ddf-8aa0-6639113c380d" />
      <TestMethod codeBase="D:\actions-runner\_work\XPCO\XPCO\Corporate\Shared\Common.Integration\tst\VideoOS.Common.Integration.UnitTests\bin\x64\Debug\net472\VideoOS.Common.Integration.UnitTests.dll" adapterTypeName="executor://mstestadapter/v2" className="VideoOS.Common.Integration.UnitTests.Definition.Event.BuiltInEventTypesTest" name="GetServerSNMPId_Not_SNMP_Mapped" />
    </UnitTest>
    <UnitTest name="TestGetRegionsAsInvertedBooleanArray" storage="d:\actions-runner\_work\xpco\xpco\corporate\shared\common.integration\tst\videoos.common.integration.unittests\bin\x64\debug\net472\videoos.common.integration.unittests.dll" id="5190f507-2af6-6fa6-ccdb-708f60c064f9">
      <Execution id="db91b446-dfa7-4ce3-9f12-e689c3e6cbcb" />
      <TestMethod codeBase="D:\actions-runner\_work\XPCO\XPCO\Corporate\Shared\Common.Integration\tst\VideoOS.Common.Integration.UnitTests\bin\x64\Debug\net472\VideoOS.Common.Integration.UnitTests.dll" adapterTypeName="executor://mstestadapter/v2" className="VideoOS.Common.Integration.UnitTests.Configuration.FillableGridAreaUnitTest" name="TestGetRegionsAsInvertedBooleanArray" />
    </UnitTest>
    <UnitTest name="ReadChildElementValueAsBoolean_NoChild" storage="d:\actions-runner\_work\xpco\xpco\corporate\shared\common.integration\tst\videoos.common.integration.unittests\bin\x64\debug\net472\videoos.common.integration.unittests.dll" id="ee223bb8-fe62-0648-1d0a-3b87b037fab8">
      <Execution id="8ef1362f-2971-47c6-b95b-2228db439dbd" />
      <TestMethod codeBase="D:\actions-runner\_work\XPCO\XPCO\Corporate\Shared\Common.Integration\tst\VideoOS.Common.Integration.UnitTests\bin\x64\Debug\net472\VideoOS.Common.Integration.UnitTests.dll" adapterTypeName="executor://mstestadapter/v2" className="VideoOS.Common.Integration.UnitTests.XmlDocumentExtensionsCoreUnitTests" name="ReadChildElementValueAsBoolean_NoChild" />
    </UnitTest>
    <UnitTest name="CreateResponseException_InternalServerErrorStatus_InternalServerErrorException" storage="d:\actions-runner\_work\xpco\xpco\corporate\shared\common.integration\tst\videoos.common.integration.unittests\bin\x64\debug\net472\videoos.common.integration.unittests.dll" id="587df245-1c49-9c48-2cfe-e0f6292e9a0b">
      <Execution id="d4207ee0-dc40-413f-9dd9-03d83ab05eec" />
      <TestMethod codeBase="D:\actions-runner\_work\XPCO\XPCO\Corporate\Shared\Common.Integration\tst\VideoOS.Common.Integration.UnitTests\bin\x64\Debug\net472\VideoOS.Common.Integration.UnitTests.dll" adapterTypeName="executor://mstestadapter/v2" className="VideoOS.Common.Integration.UnitTests.WebAPI.Exceptions.WebApiExceptionHelperTests" name="CreateResponseException_InternalServerErrorStatus_InternalServerErrorException" />
    </UnitTest>
    <UnitTest name="WebApiException_DefaultConstruct_Success" storage="d:\actions-runner\_work\xpco\xpco\corporate\shared\common.integration\tst\videoos.common.integration.unittests\bin\x64\debug\net472\videoos.common.integration.unittests.dll" id="c0a9727d-0bf7-48e8-362a-ed8d26af8f19">
      <Execution id="6f5a678e-7464-4427-a8f3-f27ce1776b05" />
      <TestMethod codeBase="D:\actions-runner\_work\XPCO\XPCO\Corporate\Shared\Common.Integration\tst\VideoOS.Common.Integration.UnitTests\bin\x64\Debug\net472\VideoOS.Common.Integration.UnitTests.dll" adapterTypeName="executor://mstestadapter/v2" className="VideoOS.Common.Integration.UnitTests.WebAPI.Exceptions.WebApiExceptionTests" name="WebApiException_DefaultConstruct_Success" />
    </UnitTest>
    <UnitTest name="GetUnknownEventName" storage="d:\actions-runner\_work\xpco\xpco\corporate\shared\common.integration\tst\videoos.common.integration.unittests\bin\x64\debug\net472\videoos.common.integration.unittests.dll" id="b4effb3d-cc26-3654-999a-ddddff047e3e">
      <Execution id="13188334-5512-48bc-b8d2-723d8282633d" />
      <TestMethod codeBase="D:\actions-runner\_work\XPCO\XPCO\Corporate\Shared\Common.Integration\tst\VideoOS.Common.Integration.UnitTests\bin\x64\Debug\net472\VideoOS.Common.Integration.UnitTests.dll" adapterTypeName="executor://mstestadapter/v2" className="VideoOS.Common.Integration.UnitTests.Definition.Event.BuiltInEventTypesTest" name="GetUnknownEventName" />
    </UnitTest>
    <UnitTest name="FeatureManager_GetFeatureParameterValueT_Int_OutOfRange_Value" storage="d:\actions-runner\_work\xpco\xpco\corporate\shared\common.integration\tst\videoos.common.integration.unittests\bin\x64\debug\net472\videoos.common.integration.unittests.dll" id="b4b7e18f-651d-e1f8-ff22-f004b70110a9">
      <Execution id="54678baf-45a6-42c7-ad79-acc804194488" />
      <TestMethod codeBase="D:\actions-runner\_work\XPCO\XPCO\Corporate\Shared\Common.Integration\tst\VideoOS.Common.Integration.UnitTests\bin\x64\Debug\net472\VideoOS.Common.Integration.UnitTests.dll" adapterTypeName="executor://mstestadapter/v2" className="VideoOS.Common.Integration.UnitTests.License.FeatureManagerTest" name="FeatureManager_GetFeatureParameterValueT_Int_OutOfRange_Value" />
    </UnitTest>
    <UnitTest name="RemoveKey_Null_ThrowArgumentNullException" storage="d:\actions-runner\_work\xpco\xpco\corporate\shared\common.integration\tst\videoos.common.integration.unittests\bin\x64\debug\net472\videoos.common.integration.unittests.dll" id="9ff8214d-c722-b098-f3f1-c9433165eb3e">
      <Execution id="6731b548-823a-4c09-bf5c-a93ec4abf0e4" />
      <TestMethod codeBase="D:\actions-runner\_work\XPCO\XPCO\Corporate\Shared\Common.Integration\tst\VideoOS.Common.Integration.UnitTests\bin\x64\Debug\net472\VideoOS.Common.Integration.UnitTests.dll" adapterTypeName="executor://mstestadapter/v2" className="VideoOS.Common.Integration.UnitTests.LinkedListIndexUnitTests" name="RemoveKey_Null_ThrowArgumentNullException" />
    </UnitTest>
    <UnitTest name="UniqueIndex_Ctor_Null_ThrowArgumentNullException" storage="d:\actions-runner\_work\xpco\xpco\corporate\shared\common.integration\tst\videoos.common.integration.unittests\bin\x64\debug\net472\videoos.common.integration.unittests.dll" id="1cb4a5d7-d8ea-0925-ea58-6b3a23476ff8">
      <Execution id="f88ff3a1-cbb4-47d1-b550-1479eb68392a" />
      <TestMethod codeBase="D:\actions-runner\_work\XPCO\XPCO\Corporate\Shared\Common.Integration\tst\VideoOS.Common.Integration.UnitTests\bin\x64\Debug\net472\VideoOS.Common.Integration.UnitTests.dll" adapterTypeName="executor://mstestadapter/v2" className="VideoOS.Common.Integration.UnitTests.IndexedCollectionUnitTests" name="UniqueIndex_Ctor_Null_ThrowArgumentNullException" />
    </UnitTest>
    <UnitTest name="Scheduler_CancellingTask" storage="d:\actions-runner\_work\xpco\xpco\corporate\shared\common.integration\tst\videoos.common.integration.unittests\bin\x64\debug\net472\videoos.common.integration.unittests.dll" id="3c4f1715-736c-2242-54ea-d776af7e17a9">
      <Execution id="a1c0f947-6857-4b9e-b905-0f8df96ce806" />
      <TestMethod codeBase="D:\actions-runner\_work\XPCO\XPCO\Corporate\Shared\Common.Integration\tst\VideoOS.Common.Integration.UnitTests\bin\x64\Debug\net472\VideoOS.Common.Integration.UnitTests.dll" adapterTypeName="executor://mstestadapter/v2" className="VideoOS.Common.Integration.UnitTests.Scheduling.Simple" name="Scheduler_CancellingTask" />
    </UnitTest>
    <UnitTest name="ResponseException_DefaultConstruct_Success" storage="d:\actions-runner\_work\xpco\xpco\corporate\shared\common.integration\tst\videoos.common.integration.unittests\bin\x64\debug\net472\videoos.common.integration.unittests.dll" id="d9341b03-4633-4c3c-606b-082a601aa165">
      <Execution id="4a11d978-9b44-4179-98de-bae206b06270" />
      <TestMethod codeBase="D:\actions-runner\_work\XPCO\XPCO\Corporate\Shared\Common.Integration\tst\VideoOS.Common.Integration.UnitTests\bin\x64\Debug\net472\VideoOS.Common.Integration.UnitTests.dll" adapterTypeName="executor://mstestadapter/v2" className="VideoOS.Common.Integration.UnitTests.WebAPI.Exceptions.ResponseExceptionTests" name="ResponseException_DefaultConstruct_Success" />
    </UnitTest>
    <UnitTest name="AddressDriverPairs_ModificationTest" storage="d:\actions-runner\_work\xpco\xpco\corporate\shared\common.integration\tst\videoos.common.integration.unittests\bin\x64\debug\net472\videoos.common.integration.unittests.dll" id="2a30ad3f-331e-98be-137e-2f154bc8be13">
      <Execution id="0b5ac587-71d1-4882-9871-a9c8b712ebc6" />
      <TestMethod codeBase="D:\actions-runner\_work\XPCO\XPCO\Corporate\Shared\Common.Integration\tst\VideoOS.Common.Integration.UnitTests\bin\x64\Debug\net472\VideoOS.Common.Integration.UnitTests.dll" adapterTypeName="executor://mstestadapter/v2" className="VideoOS.Common.Integration.UnitTests.AddressDriverPairsTest" name="AddressDriverPairs_ModificationTest" />
    </UnitTest>
    <UnitTest name="SecurityTokenModel_ValidModel_Success" storage="d:\actions-runner\_work\xpco\xpco\corporate\shared\common.integration\tst\videoos.common.integration.unittests\bin\x64\debug\net472\videoos.common.integration.unittests.dll" id="67de77d8-d5ab-68c8-76d7-1e7dd64ca815">
      <Execution id="423eb243-ed6d-4c2c-a727-a973104f63b6" />
      <TestMethod codeBase="D:\actions-runner\_work\XPCO\XPCO\Corporate\Shared\Common.Integration\tst\VideoOS.Common.Integration.UnitTests\bin\x64\Debug\net472\VideoOS.Common.Integration.UnitTests.dll" adapterTypeName="executor://mstestadapter/v2" className="VideoOS.Common.Integration.UnitTests.WebAPI.Model.Server.SecurityTokenModelTest" name="SecurityTokenModel_ValidModel_Success" />
    </UnitTest>
    <UnitTest name="ReadChildElementValueAsInt32_RangeCheck_Max_Exact" storage="d:\actions-runner\_work\xpco\xpco\corporate\shared\common.integration\tst\videoos.common.integration.unittests\bin\x64\debug\net472\videoos.common.integration.unittests.dll" id="e8c0762d-aa8d-b249-8e9c-f5a8f70e8697">
      <Execution id="46fc31b8-b828-4bec-be8d-9054bf9c08ec" />
      <TestMethod codeBase="D:\actions-runner\_work\XPCO\XPCO\Corporate\Shared\Common.Integration\tst\VideoOS.Common.Integration.UnitTests\bin\x64\Debug\net472\VideoOS.Common.Integration.UnitTests.dll" adapterTypeName="executor://mstestadapter/v2" className="VideoOS.Common.Integration.UnitTests.XmlDocumentExtensionsCoreUnitTests" name="ReadChildElementValueAsInt32_RangeCheck_Max_Exact" />
    </UnitTest>
    <UnitTest name="FeatureManager_TryGetFeatureParameterValue_NullValue" storage="d:\actions-runner\_work\xpco\xpco\corporate\shared\common.integration\tst\videoos.common.integration.unittests\bin\x64\debug\net472\videoos.common.integration.unittests.dll" id="af93436a-066a-98dc-99ac-d8fd21f2b4a0">
      <Execution id="70a192d7-8d3f-4f58-90c0-b811a15264dc" />
      <TestMethod codeBase="D:\actions-runner\_work\XPCO\XPCO\Corporate\Shared\Common.Integration\tst\VideoOS.Common.Integration.UnitTests\bin\x64\Debug\net472\VideoOS.Common.Integration.UnitTests.dll" adapterTypeName="executor://mstestadapter/v2" className="VideoOS.Common.Integration.UnitTests.License.FeatureManagerTest" name="FeatureManager_TryGetFeatureParameterValue_NullValue" />
    </UnitTest>
    <UnitTest name="StreamsConfiguration_ValidateConfiguration_Invalid_Selection_4_Error" storage="d:\actions-runner\_work\xpco\xpco\corporate\shared\common.integration\tst\videoos.common.integration.unittests\bin\x64\debug\net472\videoos.common.integration.unittests.dll" id="fbb5b0a3-b6b6-d9aa-428e-6dd411355f38">
      <Execution id="1409d1cb-78ea-41ae-ac5b-0e3128a826bb" />
      <TestMethod codeBase="D:\actions-runner\_work\XPCO\XPCO\Corporate\Shared\Common.Integration\tst\VideoOS.Common.Integration.UnitTests\bin\x64\Debug\net472\VideoOS.Common.Integration.UnitTests.dll" adapterTypeName="executor://mstestadapter/v2" className="VideoOS.Common.Integration.UnitTests.StreamsConfigurationUnitTests" name="StreamsConfiguration_ValidateConfiguration_Invalid_Selection_4_Error" />
    </UnitTest>
    <UnitTest name="IsDeviceLicensed_TwoActivatedAndOneGrace_OnActivatedICPDevice" storage="d:\actions-runner\_work\xpco\xpco\corporate\shared\common.integration\tst\videoos.common.integration.unittests\bin\x64\debug\net472\videoos.common.integration.unittests.dll" id="a509dfdd-8764-27a2-6db8-49cb72fabfb2">
      <TestCategory>
        <TestCategoryItem TestCategory="LicenseDocumentTest" />
      </TestCategory>
      <Execution id="69bc1229-0454-45c8-9d4f-375f542b41ab" />
      <TestMethod codeBase="D:\actions-runner\_work\XPCO\XPCO\Corporate\Shared\Common.Integration\tst\VideoOS.Common.Integration.UnitTests\bin\x64\Debug\net472\VideoOS.Common.Integration.UnitTests.dll" adapterTypeName="executor://mstestadapter/v2" className="VideoOS.Common.Integration.UnitTests.License.LicenseDocumentTests" name="IsDeviceLicensed_TwoActivatedAndOneGrace_OnActivatedICPDevice" />
    </UnitTest>
    <UnitTest name="FeatureManager_FeatureParameterCount_License_Argument_Null" storage="d:\actions-runner\_work\xpco\xpco\corporate\shared\common.integration\tst\videoos.common.integration.unittests\bin\x64\debug\net472\videoos.common.integration.unittests.dll" id="ceeeb36b-b7e8-0c89-cfc9-e2c8367bd453">
      <Execution id="578f0359-2a03-418d-a7a2-b8d25fa97ac1" />
      <TestMethod codeBase="D:\actions-runner\_work\XPCO\XPCO\Corporate\Shared\Common.Integration\tst\VideoOS.Common.Integration.UnitTests\bin\x64\Debug\net472\VideoOS.Common.Integration.UnitTests.dll" adapterTypeName="executor://mstestadapter/v2" className="VideoOS.Common.Integration.UnitTests.License.FeatureManagerTest" name="FeatureManager_FeatureParameterCount_License_Argument_Null" />
    </UnitTest>
    <UnitTest name="ServiceDiscoveryEngine_CommunicationError_Success" storage="d:\actions-runner\_work\xpco\xpco\corporate\shared\common.integration\tst\videoos.common.integration.unittests\bin\x64\debug\net472\videoos.common.integration.unittests.dll" id="22cbea69-3a7d-9cd6-f0ea-2fa47544a3b1">
      <Execution id="6890d814-c64c-4d94-8c55-32ac9e879039" />
      <TestMethod codeBase="D:\actions-runner\_work\XPCO\XPCO\Corporate\Shared\Common.Integration\tst\VideoOS.Common.Integration.UnitTests\bin\x64\Debug\net472\VideoOS.Common.Integration.UnitTests.dll" adapterTypeName="executor://mstestadapter/v2" className="VideoOS.Common.Integration.UnitTests.WebAPI.Exceptions.ServiceDiscoveryEngineTests" name="ServiceDiscoveryEngine_CommunicationError_Success" />
    </UnitTest>
    <UnitTest name="ServerFileStorageEntry_Persist_AlreadyExists_InvalidOperationException" storage="d:\actions-runner\_work\xpco\xpco\corporate\shared\common.integration\tst\videoos.common.integration.unittests\bin\x64\debug\net472\videoos.common.integration.unittests.dll" id="8c581716-6923-024e-05c8-e8a4c17b964e">
      <Execution id="38a3ea92-8d25-4784-a30f-e2bc47de3aab" />
      <TestMethod codeBase="D:\actions-runner\_work\XPCO\XPCO\Corporate\Shared\Common.Integration\tst\VideoOS.Common.Integration.UnitTests\bin\x64\Debug\net472\VideoOS.Common.Integration.UnitTests.dll" adapterTypeName="executor://mstestadapter/v2" className="VideoOS.Common.Integration.UnitTests.ServerFileStorageTests" name="ServerFileStorageEntry_Persist_AlreadyExists_InvalidOperationException" />
    </UnitTest>
    <UnitTest name="ModelValidation_ValidModel_Success" storage="d:\actions-runner\_work\xpco\xpco\corporate\shared\common.integration\tst\videoos.common.integration.unittests\bin\x64\debug\net472\videoos.common.integration.unittests.dll" id="b51d282a-fa74-3472-3807-95d6f3d23f2f">
      <Execution id="ef534e59-5950-4671-b460-4c12d2ed35de" />
      <TestMethod codeBase="D:\actions-runner\_work\XPCO\XPCO\Corporate\Shared\Common.Integration\tst\VideoOS.Common.Integration.UnitTests\bin\x64\Debug\net472\VideoOS.Common.Integration.UnitTests.dll" adapterTypeName="executor://mstestadapter/v2" className="VideoOS.Common.Integration.UnitTests.WebAPI.Model.ReportMediaStatusModelTest" name="ModelValidation_ValidModel_Success" />
    </UnitTest>
    <UnitTest name="LicenseDocument_IsFeatureLicensed_NoneExistFeature" storage="d:\actions-runner\_work\xpco\xpco\corporate\shared\common.integration\tst\videoos.common.integration.unittests\bin\x64\debug\net472\videoos.common.integration.unittests.dll" id="3204935e-0c0a-e9ae-1afb-92f72fc02706">
      <TestCategory>
        <TestCategoryItem TestCategory="LicenseDocumentTest" />
      </TestCategory>
      <Execution id="66bb1224-4754-407c-b379-cba81b56d14e" />
      <TestMethod codeBase="D:\actions-runner\_work\XPCO\XPCO\Corporate\Shared\Common.Integration\tst\VideoOS.Common.Integration.UnitTests\bin\x64\Debug\net472\VideoOS.Common.Integration.UnitTests.dll" adapterTypeName="executor://mstestadapter/v2" className="VideoOS.Common.Integration.UnitTests.License.LicenseDocumentTests" name="LicenseDocument_IsFeatureLicensed_NoneExistFeature" />
    </UnitTest>
    <UnitTest name="GetPresetByKey_ByNameOnlyOnePreset" storage="d:\actions-runner\_work\xpco\xpco\corporate\shared\common.integration\tst\videoos.common.integration.unittests\bin\x64\debug\net472\videoos.common.integration.unittests.dll" id="60362c08-2015-f180-f658-c3326ff818ab">
      <Execution id="428a3c84-2424-4792-bfe1-b2178e1db598" />
      <TestMethod codeBase="D:\actions-runner\_work\XPCO\XPCO\Corporate\Shared\Common.Integration\tst\VideoOS.Common.Integration.UnitTests\bin\x64\Debug\net472\VideoOS.Common.Integration.UnitTests.dll" adapterTypeName="executor://mstestadapter/v2" className="VideoOS.Common.Integration.UnitTests.PtzPresetCollectionUnitTests" name="GetPresetByKey_ByNameOnlyOnePreset" />
    </UnitTest>
    <UnitTest name="StreamsConfiguration_ValidateConfiguration_Same_Stream_Twize" storage="d:\actions-runner\_work\xpco\xpco\corporate\shared\common.integration\tst\videoos.common.integration.unittests\bin\x64\debug\net472\videoos.common.integration.unittests.dll" id="ab7ac89c-c820-fe44-1dff-643f4399c969">
      <Execution id="13b624c3-96ee-46c4-b98b-2748868ad9ba" />
      <TestMethod codeBase="D:\actions-runner\_work\XPCO\XPCO\Corporate\Shared\Common.Integration\tst\VideoOS.Common.Integration.UnitTests\bin\x64\Debug\net472\VideoOS.Common.Integration.UnitTests.dll" adapterTypeName="executor://mstestadapter/v2" className="VideoOS.Common.Integration.UnitTests.StreamsConfigurationUnitTests" name="StreamsConfiguration_ValidateConfiguration_Same_Stream_Twize" />
    </UnitTest>
    <UnitTest name="PtzPreset_EqualsTo_Change_Locked" storage="d:\actions-runner\_work\xpco\xpco\corporate\shared\common.integration\tst\videoos.common.integration.unittests\bin\x64\debug\net472\videoos.common.integration.unittests.dll" id="c3025f79-154d-b3d8-2628-747ede223d4f">
      <Execution id="c4702610-5504-49c4-bf43-482a499e64f9" />
      <TestMethod codeBase="D:\actions-runner\_work\XPCO\XPCO\Corporate\Shared\Common.Integration\tst\VideoOS.Common.Integration.UnitTests\bin\x64\Debug\net472\VideoOS.Common.Integration.UnitTests.dll" adapterTypeName="executor://mstestadapter/v2" className="VideoOS.Common.Integration.UnitTests.PtzPresetUnitTests" name="PtzPreset_EqualsTo_Change_Locked" />
    </UnitTest>
    <UnitTest name="CreateLicenseWarningReport_SixHardwareWithSingleDeviceEach_TableDataNotGenerated_Success" storage="d:\actions-runner\_work\xpco\xpco\corporate\shared\common.integration\tst\videoos.common.integration.unittests\bin\x64\debug\net472\videoos.common.integration.unittests.dll" id="d058b630-e1aa-336b-ef4a-5c1527bab2e0">
      <Execution id="e0fbcf46-9306-4124-a595-766cf8d0626f" />
      <TestMethod codeBase="D:\actions-runner\_work\XPCO\XPCO\Corporate\Shared\Common.Integration\tst\VideoOS.Common.Integration.UnitTests\bin\x64\Debug\net472\VideoOS.Common.Integration.UnitTests.dll" adapterTypeName="executor://mstestadapter/v2" className="VideoOS.Common.Integration.UnitTests.License.LicenseReportGeneratorTests" name="CreateLicenseWarningReport_SixHardwareWithSingleDeviceEach_TableDataNotGenerated_Success" />
    </UnitTest>
    <UnitTest name="SecurityTokenCollectionDto_Deserialization_Success" storage="d:\actions-runner\_work\xpco\xpco\corporate\shared\common.integration\tst\videoos.common.integration.unittests\bin\x64\debug\net472\videoos.common.integration.unittests.dll" id="14983635-813a-a1e2-d7f3-99a0e0a5521d">
      <Execution id="985faaf6-7a38-4b66-b005-0074071975ae" />
      <TestMethod codeBase="D:\actions-runner\_work\XPCO\XPCO\Corporate\Shared\Common.Integration\tst\VideoOS.Common.Integration.UnitTests\bin\x64\Debug\net472\VideoOS.Common.Integration.UnitTests.dll" adapterTypeName="executor://mstestadapter/v2" className="VideoOS.Common.Integration.UnitTests.Communication.DataTransferObjects.SecurityTokenCollectionDtoTest" name="SecurityTokenCollectionDto_Deserialization_Success" />
    </UnitTest>
    <UnitTest name="GetPresetByKey_ByNameNoMatch" storage="d:\actions-runner\_work\xpco\xpco\corporate\shared\common.integration\tst\videoos.common.integration.unittests\bin\x64\debug\net472\videoos.common.integration.unittests.dll" id="c69309cd-c599-2f63-3f42-43c21d8204d8">
      <Execution id="a035ba7f-a6a1-479a-8fd5-9b501f3d2a03" />
      <TestMethod codeBase="D:\actions-runner\_work\XPCO\XPCO\Corporate\Shared\Common.Integration\tst\VideoOS.Common.Integration.UnitTests\bin\x64\Debug\net472\VideoOS.Common.Integration.UnitTests.dll" adapterTypeName="executor://mstestadapter/v2" className="VideoOS.Common.Integration.UnitTests.PtzPresetCollectionUnitTests" name="GetPresetByKey_ByNameNoMatch" />
    </UnitTest>
    <UnitTest name="ReadIdentityFromCache_NoProvider" storage="d:\actions-runner\_work\xpco\xpco\corporate\shared\common.integration\tst\videoos.common.integration.unittests\bin\x64\debug\net472\videoos.common.integration.unittests.dll" id="3d251fad-ae28-1fbc-ccc8-e2ccdc4c29bc">
      <Execution id="5e253409-f093-42ea-b718-49b884950c6e" />
      <TestMethod codeBase="D:\actions-runner\_work\XPCO\XPCO\Corporate\Shared\Common.Integration\tst\VideoOS.Common.Integration.UnitTests\bin\x64\Debug\net472\VideoOS.Common.Integration.UnitTests.dll" adapterTypeName="executor://mstestadapter/v2" className="VideoOS.Common.Integration.UnitTests.Caching.SecurityIdentityCacheUnitTests" name="ReadIdentityFromCache_NoProvider" />
    </UnitTest>
    <UnitTest name="InitializeWithNullILicenseDocument_ThrowsArgumentNullException" storage="d:\actions-runner\_work\xpco\xpco\corporate\shared\common.integration\tst\videoos.common.integration.unittests\bin\x64\debug\net472\videoos.common.integration.unittests.dll" id="c469a8e7-9a14-b324-884d-c5312faff916">
      <Execution id="2742f386-8e6b-47cf-854c-c8da65543bd0" />
      <TestMethod codeBase="D:\actions-runner\_work\XPCO\XPCO\Corporate\Shared\Common.Integration\tst\VideoOS.Common.Integration.UnitTests\bin\x64\Debug\net472\VideoOS.Common.Integration.UnitTests.dll" adapterTypeName="executor://mstestadapter/v2" className="VideoOS.Common.Integration.UnitTests.License.LicenseCalculatorTests" name="InitializeWithNullILicenseDocument_ThrowsArgumentNullException" />
    </UnitTest>
    <UnitTest name="BoolResponseModel_NoValuesSet_ValidationFailure" storage="d:\actions-runner\_work\xpco\xpco\corporate\shared\common.integration\tst\videoos.common.integration.unittests\bin\x64\debug\net472\videoos.common.integration.unittests.dll" id="840e3ed7-868c-2ede-a02c-7571f4acfb0b">
      <Execution id="07a8b99f-3e53-45ab-9ee8-fa8a73423834" />
      <TestMethod codeBase="D:\actions-runner\_work\XPCO\XPCO\Corporate\Shared\Common.Integration\tst\VideoOS.Common.Integration.UnitTests\bin\x64\Debug\net472\VideoOS.Common.Integration.UnitTests.dll" adapterTypeName="executor://mstestadapter/v2" className="VideoOS.Common.Integration.UnitTests.WebAPI.Model.Recorder.Responses.BoolResponseModelTest" name="BoolResponseModel_NoValuesSet_ValidationFailure" />
    </UnitTest>
    <UnitTest name="ActivateArchiveModel_Validation_NonEmptyGuidsAreEmpty_Failed" storage="d:\actions-runner\_work\xpco\xpco\corporate\shared\common.integration\tst\videoos.common.integration.unittests\bin\x64\debug\net472\videoos.common.integration.unittests.dll" id="58009c76-a7f8-ab75-d0ee-0e2850e4cba7">
      <Execution id="961ab1fc-327f-4ec7-a416-eb98c08d1e3c" />
      <TestMethod codeBase="D:\actions-runner\_work\XPCO\XPCO\Corporate\Shared\Common.Integration\tst\VideoOS.Common.Integration.UnitTests\bin\x64\Debug\net472\VideoOS.Common.Integration.UnitTests.dll" adapterTypeName="executor://mstestadapter/v2" className="VideoOS.Common.Integration.UnitTests.WebAPI.Model.ActivateArchiveModelTest" name="ActivateArchiveModel_Validation_NonEmptyGuidsAreEmpty_Failed" />
    </UnitTest>
    <UnitTest name="ServiceDiscoveryEngine_CommunicationConfirmed_Success" storage="d:\actions-runner\_work\xpco\xpco\corporate\shared\common.integration\tst\videoos.common.integration.unittests\bin\x64\debug\net472\videoos.common.integration.unittests.dll" id="9181c077-33eb-e8de-adee-01c4a4ba25a1">
      <Execution id="b9d41787-931a-4b7e-849e-c378a6f3106b" />
      <TestMethod codeBase="D:\actions-runner\_work\XPCO\XPCO\Corporate\Shared\Common.Integration\tst\VideoOS.Common.Integration.UnitTests\bin\x64\Debug\net472\VideoOS.Common.Integration.UnitTests.dll" adapterTypeName="executor://mstestadapter/v2" className="VideoOS.Common.Integration.UnitTests.WebAPI.Exceptions.ServiceDiscoveryEngineTests" name="ServiceDiscoveryEngine_CommunicationConfirmed_Success" />
    </UnitTest>
    <UnitTest name="SystemConfigurationModel_Validate_Success" storage="d:\actions-runner\_work\xpco\xpco\corporate\shared\common.integration\tst\videoos.common.integration.unittests\bin\x64\debug\net472\videoos.common.integration.unittests.dll" id="ba3c0ef1-85c7-cb23-d4ed-21987be2659c">
      <Execution id="fc6de2bb-23c0-44a3-b1d2-71152780e542" />
      <TestMethod codeBase="D:\actions-runner\_work\XPCO\XPCO\Corporate\Shared\Common.Integration\tst\VideoOS.Common.Integration.UnitTests\bin\x64\Debug\net472\VideoOS.Common.Integration.UnitTests.dll" adapterTypeName="executor://mstestadapter/v2" className="VideoOS.Common.Integration.UnitTests.WebAPI.Model.SystemConfigurationModelTest" name="SystemConfigurationModel_Validate_Success" />
    </UnitTest>
    <UnitTest name="CheckAllMIPFiltersKindsTestNotOk6" storage="d:\actions-runner\_work\xpco\xpco\corporate\shared\common.integration\tst\videoos.common.integration.unittests\bin\x64\debug\net472\videoos.common.integration.unittests.dll" id="ab1cd479-b2e4-ea28-cbb8-9dfdfbe5d707">
      <TestCategory>
        <TestCategoryItem TestCategory="Rules.MIPFilter" />
      </TestCategory>
      <Execution id="40967654-2030-4eab-b1e3-0d429db0314d" />
      <TestMethod codeBase="D:\actions-runner\_work\XPCO\XPCO\Corporate\Shared\Common.Integration\tst\VideoOS.Common.Integration.UnitTests\bin\x64\Debug\net472\VideoOS.Common.Integration.UnitTests.dll" adapterTypeName="executor://mstestadapter/v2" className="VideoOS.Common.Integration.UnitTests.Rules.MIPFilterTest" name="CheckAllMIPFiltersKindsTestNotOk6" />
    </UnitTest>
    <UnitTest name="FeatureManager_HasLicense_WithLicense_ReturnTrue" storage="d:\actions-runner\_work\xpco\xpco\corporate\shared\common.integration\tst\videoos.common.integration.unittests\bin\x64\debug\net472\videoos.common.integration.unittests.dll" id="fec1a267-0965-8545-94c7-6443f274716e">
      <Execution id="610fb7fa-3868-49cf-9cd6-d1008ea2ec69" />
      <TestMethod codeBase="D:\actions-runner\_work\XPCO\XPCO\Corporate\Shared\Common.Integration\tst\VideoOS.Common.Integration.UnitTests\bin\x64\Debug\net472\VideoOS.Common.Integration.UnitTests.dll" adapterTypeName="executor://mstestadapter/v2" className="VideoOS.Common.Integration.UnitTests.License.FeatureManagerTest" name="FeatureManager_HasLicense_WithLicense_ReturnTrue" />
    </UnitTest>
    <UnitTest name="ExecuteRuleActionsModel_Validate_Success" storage="d:\actions-runner\_work\xpco\xpco\corporate\shared\common.integration\tst\videoos.common.integration.unittests\bin\x64\debug\net472\videoos.common.integration.unittests.dll" id="b68ad0b5-7976-f8aa-6677-e303aa93b712">
      <Execution id="687af379-131b-4b15-b669-4831314717aa" />
      <TestMethod codeBase="D:\actions-runner\_work\XPCO\XPCO\Corporate\Shared\Common.Integration\tst\VideoOS.Common.Integration.UnitTests\bin\x64\Debug\net472\VideoOS.Common.Integration.UnitTests.dll" adapterTypeName="executor://mstestadapter/v2" className="VideoOS.Common.Integration.UnitTests.WebApi.ExecuteRuleActionsModelTest" name="ExecuteRuleActionsModel_Validate_Success" />
    </UnitTest>
    <UnitTest name="RefCountedObjectWrapper_Construcctor_Success" storage="d:\actions-runner\_work\xpco\xpco\corporate\shared\common.integration\tst\videoos.common.integration.unittests\bin\x64\debug\net472\videoos.common.integration.unittests.dll" id="bbcddb0d-c27e-065c-6621-ce36c72de785">
      <Execution id="75450fb3-3fce-41b6-9d9a-b13693789c82" />
      <TestMethod codeBase="D:\actions-runner\_work\XPCO\XPCO\Corporate\Shared\Common.Integration\tst\VideoOS.Common.Integration.UnitTests\bin\x64\Debug\net472\VideoOS.Common.Integration.UnitTests.dll" adapterTypeName="executor://mstestadapter/v2" className="VideoOS.Common.Integration.UnitTests.Threading.RefCountedObjectWrapperTests" name="RefCountedObjectWrapper_Construcctor_Success" />
    </UnitTest>
    <UnitTest name="Constructor_ThrowsException_WhenICPHardwareInfosInListHaveDifferentMacAddresses" storage="d:\actions-runner\_work\xpco\xpco\corporate\shared\common.integration\tst\videoos.common.integration.unittests\bin\x64\debug\net472\videoos.common.integration.unittests.dll" id="001f96d2-83cb-0e28-b3e5-56086532567c">
      <TestCategory>
        <TestCategoryItem TestCategory="Licensing" />
      </TestCategory>
      <Execution id="e29c87c6-fe7f-42a2-ac05-ef852793bf83" />
      <TestMethod codeBase="D:\actions-runner\_work\XPCO\XPCO\Corporate\Shared\Common.Integration\tst\VideoOS.Common.Integration.UnitTests\bin\x64\Debug\net472\VideoOS.Common.Integration.UnitTests.dll" adapterTypeName="executor://mstestadapter/v2" className="VideoOS.Common.Integration.UnitTests.License.AggregateFeedDictionaryTests" name="Constructor_ThrowsException_WhenICPHardwareInfosInListHaveDifferentMacAddresses" />
    </UnitTest>
    <UnitTest name="CertificateSelection2_GetHashCode" storage="d:\actions-runner\_work\xpco\xpco\corporate\shared\common.integration\tst\videoos.common.integration.unittests\bin\x64\debug\net472\videoos.common.integration.unittests.dll" id="751967da-9524-d0a0-234e-0c2560cb1ad8">
      <Execution id="2d67ee73-f65b-4328-95d2-569d86648749" />
      <TestMethod codeBase="D:\actions-runner\_work\XPCO\XPCO\Corporate\Shared\Common.Integration\tst\VideoOS.Common.Integration.UnitTests\bin\x64\Debug\net472\VideoOS.Common.Integration.UnitTests.dll" adapterTypeName="executor://mstestadapter/v2" className="VideoOS.Common.Integration.UnitTests.CertificateHandling.CertificateSelection2Tests" name="CertificateSelection2_GetHashCode" />
    </UnitTest>
    <UnitTest name="LicenseDocument_ICPLimitedDriversIncluded" storage="d:\actions-runner\_work\xpco\xpco\corporate\shared\common.integration\tst\videoos.common.integration.unittests\bin\x64\debug\net472\videoos.common.integration.unittests.dll" id="bd7171f9-7774-2edc-a6d3-25e01dc1b9bb">
      <TestCategory>
        <TestCategoryItem TestCategory="LicenseDocumentTest" />
      </TestCategory>
      <Execution id="4879e62b-9700-4f1a-a0bf-3351ff4158a7" />
      <TestMethod codeBase="D:\actions-runner\_work\XPCO\XPCO\Corporate\Shared\Common.Integration\tst\VideoOS.Common.Integration.UnitTests\bin\x64\Debug\net472\VideoOS.Common.Integration.UnitTests.dll" adapterTypeName="executor://mstestadapter/v2" className="VideoOS.Common.Integration.UnitTests.License.LicenseDocumentTests" name="LicenseDocument_ICPLimitedDriversIncluded" />
    </UnitTest>
    <UnitTest name="ReadChildElementValueAsUInt32_NoChild" storage="d:\actions-runner\_work\xpco\xpco\corporate\shared\common.integration\tst\videoos.common.integration.unittests\bin\x64\debug\net472\videoos.common.integration.unittests.dll" id="719c6f9d-67a7-a61e-7fe8-5cc018344da5">
      <Execution id="351f2664-9aab-42cd-8bda-1e0f7cd272ba" />
      <TestMethod codeBase="D:\actions-runner\_work\XPCO\XPCO\Corporate\Shared\Common.Integration\tst\VideoOS.Common.Integration.UnitTests\bin\x64\Debug\net472\VideoOS.Common.Integration.UnitTests.dll" adapterTypeName="executor://mstestadapter/v2" className="VideoOS.Common.Integration.UnitTests.XmlDocumentExtensionsCoreUnitTests" name="ReadChildElementValueAsUInt32_NoChild" />
    </UnitTest>
    <UnitTest name="Transform_UnsupportedXml" storage="d:\actions-runner\_work\xpco\xpco\corporate\shared\common.integration\tst\videoos.common.integration.unittests\bin\x64\debug\net472\videoos.common.integration.unittests.dll" id="87d633b3-db0f-0aee-539b-7bd0300d4dae">
      <Execution id="e8d62edb-2339-4553-8f62-c010569cf924" />
      <TestMethod codeBase="D:\actions-runner\_work\XPCO\XPCO\Corporate\Shared\Common.Integration\tst\VideoOS.Common.Integration.UnitTests\bin\x64\Debug\net472\VideoOS.Common.Integration.UnitTests.dll" adapterTypeName="executor://mstestadapter/v2" className="VideoOS.Common.Integration.UnitTests.Configuration.SettingsXmlTransformerTests" name="Transform_UnsupportedXml" />
    </UnitTest>
    <UnitTest name="LicenseActivationService_AcquireLicense_LicenseNotAllowed_TooManyCamerasRequested" storage="d:\actions-runner\_work\xpco\xpco\corporate\shared\common.integration\tst\videoos.common.integration.unittests\bin\x64\debug\net472\videoos.common.integration.unittests.dll" id="a631a206-782f-0ee2-cbfb-14156bf5a95d">
      <Execution id="de9a4a6a-8a38-4986-9001-e75a61f42d32" />
      <TestMethod codeBase="D:\actions-runner\_work\XPCO\XPCO\Corporate\Shared\Common.Integration\tst\VideoOS.Common.Integration.UnitTests\bin\x64\Debug\net472\VideoOS.Common.Integration.UnitTests.dll" adapterTypeName="executor://mstestadapter/v2" className="VideoOS.Common.Integration.UnitTests.License.LicenseActivationServiceTests" name="LicenseActivationService_AcquireLicense_LicenseNotAllowed_TooManyCamerasRequested" />
    </UnitTest>
    <UnitTest name="WhiteList_Model_CreateInstanceWithoutLicenseParentParameter_Succeeds" storage="d:\actions-runner\_work\xpco\xpco\corporate\shared\common.integration\tst\videoos.common.integration.unittests\bin\x64\debug\net472\videoos.common.integration.unittests.dll" id="73cd9217-7245-523e-742c-6d7cc565ea74">
      <TestCategory>
        <TestCategoryItem TestCategory="Licensing" />
      </TestCategory>
      <Execution id="e9baf769-1b4a-4441-97b4-ad655de50b67" />
      <TestMethod codeBase="D:\actions-runner\_work\XPCO\XPCO\Corporate\Shared\Common.Integration\tst\VideoOS.Common.Integration.UnitTests\bin\x64\Debug\net472\VideoOS.Common.Integration.UnitTests.dll" adapterTypeName="executor://mstestadapter/v2" className="VideoOS.Common.Integration.UnitTests.License.LicenseWhitelistTests" name="WhiteList_Model_CreateInstanceWithoutLicenseParentParameter_Succeeds" />
    </UnitTest>
    <UnitTest name="ToLogEntryAudit_ModelWithLogeDefinition_SuccessConvertion" storage="d:\actions-runner\_work\xpco\xpco\corporate\shared\common.integration\tst\videoos.common.integration.unittests\bin\x64\debug\net472\videoos.common.integration.unittests.dll" id="1047d0f5-74cf-30a5-2e70-1dea0ad7d353">
      <Execution id="9cedb8ef-0959-4645-94a4-ebdcd9c1e726" />
      <TestMethod codeBase="D:\actions-runner\_work\XPCO\XPCO\Corporate\Shared\Common.Integration\tst\VideoOS.Common.Integration.UnitTests\bin\x64\Debug\net472\VideoOS.Common.Integration.UnitTests.dll" adapterTypeName="executor://mstestadapter/v2" className="VideoOS.Common.Integration.UnitTests.WebAPI.Model.Server.LogEntryModelConverterTest" name="ToLogEntryAudit_ModelWithLogeDefinition_SuccessConvertion" />
    </UnitTest>
    <UnitTest name="Create_IsAKnownType_ReturnsCorrectInstanceOfType" storage="d:\actions-runner\_work\xpco\xpco\corporate\shared\common.integration\tst\videoos.common.integration.unittests\bin\x64\debug\net472\videoos.common.integration.unittests.dll" id="eade85c4-4bde-0133-ecf8-0f7996b21008">
      <Execution id="3985d2e3-58fc-40dd-ab39-c5aef317fa06" />
      <TestMethod codeBase="D:\actions-runner\_work\XPCO\XPCO\Corporate\Shared\Common.Integration\tst\VideoOS.Common.Integration.UnitTests\bin\x64\Debug\net472\VideoOS.Common.Integration.UnitTests.dll" adapterTypeName="executor://mstestadapter/v2" className="VideoOS.Common.Integration.UnitTests.Configuration.ConfigurationDataSetEncryption.XmlTransformationFactoryTests" name="Create_IsAKnownType_ReturnsCorrectInstanceOfType" />
    </UnitTest>
    <UnitTest name="BaseHtmlLicenseReport_CreateImage_NoClassName_Success" storage="d:\actions-runner\_work\xpco\xpco\corporate\shared\common.integration\tst\videoos.common.integration.unittests\bin\x64\debug\net472\videoos.common.integration.unittests.dll" id="0f4f5e48-3a23-0fad-b4a2-fc4750dda3cd">
      <Execution id="131bdec1-a732-4a16-9284-ff16773dea42" />
      <TestMethod codeBase="D:\actions-runner\_work\XPCO\XPCO\Corporate\Shared\Common.Integration\tst\VideoOS.Common.Integration.UnitTests\bin\x64\Debug\net472\VideoOS.Common.Integration.UnitTests.dll" adapterTypeName="executor://mstestadapter/v2" className="VideoOS.Common.Integration.UnitTests.License.BaseHtmlLicenseReportTests" name="BaseHtmlLicenseReport_CreateImage_NoClassName_Success" />
    </UnitTest>
    <UnitTest name="ReadChildElementValueAsUInt64_RangeCheck_Max_Exact" storage="d:\actions-runner\_work\xpco\xpco\corporate\shared\common.integration\tst\videoos.common.integration.unittests\bin\x64\debug\net472\videoos.common.integration.unittests.dll" id="ac8ea13b-7012-c35b-5253-756264c28f17">
      <Execution id="89916103-4977-47e1-b64c-90f318404d75" />
      <TestMethod codeBase="D:\actions-runner\_work\XPCO\XPCO\Corporate\Shared\Common.Integration\tst\VideoOS.Common.Integration.UnitTests\bin\x64\Debug\net472\VideoOS.Common.Integration.UnitTests.dll" adapterTypeName="executor://mstestadapter/v2" className="VideoOS.Common.Integration.UnitTests.XmlDocumentExtensionsCoreUnitTests" name="ReadChildElementValueAsUInt64_RangeCheck_Max_Exact" />
    </UnitTest>
    <UnitTest name="Test_MemberOf_SimpleBranched" storage="d:\actions-runner\_work\xpco\xpco\corporate\shared\common.integration\tst\videoos.common.integration.unittests\bin\x64\debug\net472\videoos.common.integration.unittests.dll" id="38e57c8d-c143-6e35-6df7-3b382085c25f">
      <Execution id="0697f7f8-abdf-4f0f-9274-1cbdebf68efe" />
      <TestMethod codeBase="D:\actions-runner\_work\XPCO\XPCO\Corporate\Shared\Common.Integration\tst\VideoOS.Common.Integration.UnitTests\bin\x64\Debug\net472\VideoOS.Common.Integration.UnitTests.dll" adapterTypeName="executor://mstestadapter/v2" className="VideoOS.Common.Integration.UnitTests.Caching.MembershipCacheUnitTest" name="Test_MemberOf_SimpleBranched" />
    </UnitTest>
    <UnitTest name="SendEndPointAndObject_ObjNull_ArgumentNullExceptionThrown" storage="d:\actions-runner\_work\xpco\xpco\corporate\shared\common.integration\tst\videoos.common.integration.unittests\bin\x64\debug\net472\videoos.common.integration.unittests.dll" id="8c4a5e21-f8cf-c703-1537-a1b2f2ea6095">
      <Execution id="a229f34f-0022-46a2-a688-0dfb04dfd1d2" />
      <TestMethod codeBase="D:\actions-runner\_work\XPCO\XPCO\Corporate\Shared\Common.Integration\tst\VideoOS.Common.Integration.UnitTests\bin\x64\Debug\net472\VideoOS.Common.Integration.UnitTests.dll" adapterTypeName="executor://mstestadapter/v2" className="VideoOS.Common.Integration.WebApi.HttpClientCommunicatorUnitTests" name="SendEndPointAndObject_ObjNull_ArgumentNullExceptionThrown" />
    </UnitTest>
    <UnitTest name="HardwareInfo_SetsDriverAndModelNameUpperCaseVersions" storage="d:\actions-runner\_work\xpco\xpco\corporate\shared\common.integration\tst\videoos.common.integration.unittests\bin\x64\debug\net472\videoos.common.integration.unittests.dll" id="a5ca950e-d8ad-42fc-0581-bbdbcf47da7b">
      <Execution id="3e01bef6-b307-4653-8e77-ba34d99cef92" />
      <TestMethod codeBase="D:\actions-runner\_work\XPCO\XPCO\Corporate\Shared\Common.Integration\tst\VideoOS.Common.Integration.UnitTests\bin\x64\Debug\net472\VideoOS.Common.Integration.UnitTests.dll" adapterTypeName="executor://mstestadapter/v2" className="VideoOS.Common.Integration.UnitTests.License.HardwareInfoTests" name="HardwareInfo_SetsDriverAndModelNameUpperCaseVersions" />
    </UnitTest>
    <UnitTest name="Decrypt_DataSetHasRow_DataSetIsDecrypted" storage="d:\actions-runner\_work\xpco\xpco\corporate\shared\common.integration\tst\videoos.common.integration.unittests\bin\x64\debug\net472\videoos.common.integration.unittests.dll" id="b2f4e215-30fd-0f31-d9f2-265f40f5d8de">
      <Execution id="99645211-8ff6-431f-81bf-7e8f43c99084" />
      <TestMethod codeBase="D:\actions-runner\_work\XPCO\XPCO\Corporate\Shared\Common.Integration\tst\VideoOS.Common.Integration.UnitTests\bin\x64\Debug\net472\VideoOS.Common.Integration.UnitTests.dll" adapterTypeName="executor://mstestadapter/v2" className="VideoOS.Common.Integration.UnitTests.Configuration.HostedHardwareTableAdapterTests" name="Decrypt_DataSetHasRow_DataSetIsDecrypted" />
    </UnitTest>
    <UnitTest name="ServiceContainer_GetService_ServiceNotRegistered_ReturnsNullInstance" storage="d:\actions-runner\_work\xpco\xpco\corporate\shared\common.integration\tst\videoos.common.integration.unittests\bin\x64\debug\net472\videoos.common.integration.unittests.dll" id="e9ef7ba1-e208-e040-b931-43b431f5f02a">
      <TestCategory>
        <TestCategoryItem TestCategory="ServiceContainer" />
      </TestCategory>
      <Execution id="a47baaec-6817-484d-828f-2444bf08acbf" />
      <TestMethod codeBase="D:\actions-runner\_work\XPCO\XPCO\Corporate\Shared\Common.Integration\tst\VideoOS.Common.Integration.UnitTests\bin\x64\Debug\net472\VideoOS.Common.Integration.UnitTests.dll" adapterTypeName="executor://mstestadapter/v2" className="VideoOS.Common.Integration.ServiceContainerTests.ServiceContainerUnitTests" name="ServiceContainer_GetService_ServiceNotRegistered_ReturnsNullInstance" />
    </UnitTest>
    <UnitTest name="TestSetRegionWithRadiusFillsTheRegions" storage="d:\actions-runner\_work\xpco\xpco\corporate\shared\common.integration\tst\videoos.common.integration.unittests\bin\x64\debug\net472\videoos.common.integration.unittests.dll" id="8f0453c7-4de9-9feb-8603-63a89ec9dc75">
      <Execution id="9aec0a80-ffb6-4b69-96d3-79f451c23d03" />
      <TestMethod codeBase="D:\actions-runner\_work\XPCO\XPCO\Corporate\Shared\Common.Integration\tst\VideoOS.Common.Integration.UnitTests\bin\x64\Debug\net472\VideoOS.Common.Integration.UnitTests.dll" adapterTypeName="executor://mstestadapter/v2" className="VideoOS.Common.Integration.UnitTests.Configuration.FillableGridAreaUnitTest" name="TestSetRegionWithRadiusFillsTheRegions" />
    </UnitTest>
    <UnitTest name="VersionExtensions_GetVersionDisplayValue_Success" storage="d:\actions-runner\_work\xpco\xpco\corporate\shared\common.integration\tst\videoos.common.integration.unittests\bin\x64\debug\net472\videoos.common.integration.unittests.dll" id="3cfb3e4a-a588-41b8-d05d-06d5557ea14d">
      <Execution id="d9e50bde-43af-4fd0-b24a-390478d89e74" />
      <TestMethod codeBase="D:\actions-runner\_work\XPCO\XPCO\Corporate\Shared\Common.Integration\tst\VideoOS.Common.Integration.UnitTests\bin\x64\Debug\net472\VideoOS.Common.Integration.UnitTests.dll" adapterTypeName="executor://mstestadapter/v2" className="VideoOS.Common.Integration.UnitTests.Extensions.VersionExtensionsTests" name="VersionExtensions_GetVersionDisplayValue_Success" />
    </UnitTest>
    <UnitTest name="FindFrameIdx_TimeBtwF2F3" storage="d:\actions-runner\_work\xpco\xpco\corporate\shared\common.integration\tst\videoos.common.integration.unittests\bin\x64\debug\net472\videoos.common.integration.unittests.dll" id="e54e8398-05b8-9da0-90dc-32e4daffe725">
      <Execution id="02e0661f-224a-4a76-bccf-b0a7df0768a3" />
      <TestMethod codeBase="D:\actions-runner\_work\XPCO\XPCO\Corporate\Shared\Common.Integration\tst\VideoOS.Common.Integration.UnitTests\bin\x64\Debug\net472\VideoOS.Common.Integration.UnitTests.dll" adapterTypeName="executor://mstestadapter/v2" className="VideoOS.Common.Integration.UnitTests.GenericGopTest" name="FindFrameIdx_TimeBtwF2F3" />
    </UnitTest>
    <UnitTest name="ScanResult_DeserializationTest" storage="d:\actions-runner\_work\xpco\xpco\corporate\shared\common.integration\tst\videoos.common.integration.unittests\bin\x64\debug\net472\videoos.common.integration.unittests.dll" id="1b1b7bdc-7bdd-260b-d0c7-d371eb7e546d">
      <Execution id="0d77d18f-0271-4d8c-9920-6b92228e6185" />
      <TestMethod codeBase="D:\actions-runner\_work\XPCO\XPCO\Corporate\Shared\Common.Integration\tst\VideoOS.Common.Integration.UnitTests\bin\x64\Debug\net472\VideoOS.Common.Integration.UnitTests.dll" adapterTypeName="executor://mstestadapter/v2" className="VideoOS.Common.Integration.UnitTests.ScanResultTest" name="ScanResult_DeserializationTest" />
    </UnitTest>
    <UnitTest name="WarningResponseModel_Validate_Success" storage="d:\actions-runner\_work\xpco\xpco\corporate\shared\common.integration\tst\videoos.common.integration.unittests\bin\x64\debug\net472\videoos.common.integration.unittests.dll" id="d3f769b6-e65d-f0aa-ddc3-00370a2e8125">
      <Execution id="649465d1-2c8b-4a53-ad1f-1bf1ff5d07b1" />
      <TestMethod codeBase="D:\actions-runner\_work\XPCO\XPCO\Corporate\Shared\Common.Integration\tst\VideoOS.Common.Integration.UnitTests\bin\x64\Debug\net472\VideoOS.Common.Integration.UnitTests.dll" adapterTypeName="executor://mstestadapter/v2" className="VideoOS.Common.Integration.UnitTests.WebAPI.Model.Recorder.Responses.WarningResponseModelTest" name="WarningResponseModel_Validate_Success" />
    </UnitTest>
    <UnitTest name="CreateHttpUri_NoScheme_UsePort444_BecomesHttpPort444" storage="d:\actions-runner\_work\xpco\xpco\corporate\shared\common.integration\tst\videoos.common.integration.unittests\bin\x64\debug\net472\videoos.common.integration.unittests.dll" id="8a6d9749-f73c-4b81-c257-2d5475ff5df3">
      <TestCategory>
        <TestCategoryItem TestCategory="UriHandling" />
      </TestCategory>
      <Execution id="ef96e5f4-bbcb-42ce-b5f7-8cd097da7117" />
      <TestMethod codeBase="D:\actions-runner\_work\XPCO\XPCO\Corporate\Shared\Common.Integration\tst\VideoOS.Common.Integration.UnitTests\bin\x64\Debug\net472\VideoOS.Common.Integration.UnitTests.dll" adapterTypeName="executor://mstestadapter/v2" className="VideoOS.Common.Integration.UnitTests.Communication.UriHandlingUnitTests" name="CreateHttpUri_NoScheme_UsePort444_BecomesHttpPort444" />
    </UnitTest>
    <UnitTest name="ModelValidation_NonEmptyGuidsAreEmpty_Failed" storage="d:\actions-runner\_work\xpco\xpco\corporate\shared\common.integration\tst\videoos.common.integration.unittests\bin\x64\debug\net472\videoos.common.integration.unittests.dll" id="9cf49f98-abd8-729d-395b-0c76b12b085b">
      <Execution id="adec1136-6b20-4d61-b1df-4041dad23859" />
      <TestMethod codeBase="D:\actions-runner\_work\XPCO\XPCO\Corporate\Shared\Common.Integration\tst\VideoOS.Common.Integration.UnitTests\bin\x64\Debug\net472\VideoOS.Common.Integration.UnitTests.dll" adapterTypeName="executor://mstestadapter/v2" className="VideoOS.Common.Integration.UnitTests.WebAPI.Model.GlobalEventModelTest" name="ModelValidation_NonEmptyGuidsAreEmpty_Failed" />
    </UnitTest>
    <UnitTest name="HttpClientCommunicatorWrapper_Send_Success" storage="d:\actions-runner\_work\xpco\xpco\corporate\shared\common.integration\tst\videoos.common.integration.unittests\bin\x64\debug\net472\videoos.common.integration.unittests.dll" id="44fbf419-0a78-5721-09fe-5ca5b972f5c8">
      <Execution id="53c6c7a6-3af5-435f-9c07-f2b22ec72668" />
      <TestMethod codeBase="D:\actions-runner\_work\XPCO\XPCO\Corporate\Shared\Common.Integration\tst\VideoOS.Common.Integration.UnitTests\bin\x64\Debug\net472\VideoOS.Common.Integration.UnitTests.dll" adapterTypeName="executor://mstestadapter/v2" className="VideoOS.Common.Integration.UnitTests.WebAPI.HttpClientCommunicatorWrapperTests" name="HttpClientCommunicatorWrapper_Send_Success" />
    </UnitTest>
    <UnitTest name="Credentials_EncryptionTest" storage="d:\actions-runner\_work\xpco\xpco\corporate\shared\common.integration\tst\videoos.common.integration.unittests\bin\x64\debug\net472\videoos.common.integration.unittests.dll" id="4b06f48a-1ac2-f72f-f886-34e539d3e72b">
      <Execution id="85b8964b-daf6-43f9-b609-1d47daae5cbb" />
      <TestMethod codeBase="D:\actions-runner\_work\XPCO\XPCO\Corporate\Shared\Common.Integration\tst\VideoOS.Common.Integration.UnitTests\bin\x64\Debug\net472\VideoOS.Common.Integration.UnitTests.dll" adapterTypeName="executor://mstestadapter/v2" className="VideoOS.Common.Integration.UnitTests.CredentialsTest" name="Credentials_EncryptionTest" />
    </UnitTest>
    <UnitTest name="Validate_JsonCreatedFromLicenseRequest_Success" storage="d:\actions-runner\_work\xpco\xpco\corporate\shared\common.integration\tst\videoos.common.integration.unittests\bin\x64\debug\net472\videoos.common.integration.unittests.dll" id="a756499e-701a-9251-a313-d3727c8cba36">
      <Execution id="47f51340-b349-4082-b6b9-35467f7fed9a" />
      <TestMethod codeBase="D:\actions-runner\_work\XPCO\XPCO\Corporate\Shared\Common.Integration\tst\VideoOS.Common.Integration.UnitTests\bin\x64\Debug\net472\VideoOS.Common.Integration.UnitTests.dll" adapterTypeName="executor://mstestadapter/v2" className="VideoOS.Common.Integration.UnitTests.License.LicenseContainerTests" name="Validate_JsonCreatedFromLicenseRequest_Success" />
    </UnitTest>
    <UnitTest name="FilterCreationWithSubKindsTest" storage="d:\actions-runner\_work\xpco\xpco\corporate\shared\common.integration\tst\videoos.common.integration.unittests\bin\x64\debug\net472\videoos.common.integration.unittests.dll" id="f5005190-7aeb-6ec1-75a0-2601b198d66e">
      <TestCategory>
        <TestCategoryItem TestCategory="Rules.MIPFilter" />
      </TestCategory>
      <Execution id="1a6dd960-2c7f-4947-8678-0ed9254634fe" />
      <TestMethod codeBase="D:\actions-runner\_work\XPCO\XPCO\Corporate\Shared\Common.Integration\tst\VideoOS.Common.Integration.UnitTests\bin\x64\Debug\net472\VideoOS.Common.Integration.UnitTests.dll" adapterTypeName="executor://mstestadapter/v2" className="VideoOS.Common.Integration.UnitTests.Rules.MIPFilterTest" name="FilterCreationWithSubKindsTest" />
    </UnitTest>
    <UnitTest name="StreamsConfiguration_ValidateConfiguration_Invalid_Selection_5_Error" storage="d:\actions-runner\_work\xpco\xpco\corporate\shared\common.integration\tst\videoos.common.integration.unittests\bin\x64\debug\net472\videoos.common.integration.unittests.dll" id="805bb982-a813-ab89-6251-47fc884a4ab7">
      <Execution id="30619c1d-cde5-4f47-9da6-264c44e86b6b" />
      <TestMethod codeBase="D:\actions-runner\_work\XPCO\XPCO\Corporate\Shared\Common.Integration\tst\VideoOS.Common.Integration.UnitTests\bin\x64\Debug\net472\VideoOS.Common.Integration.UnitTests.dll" adapterTypeName="executor://mstestadapter/v2" className="VideoOS.Common.Integration.UnitTests.StreamsConfigurationUnitTests" name="StreamsConfiguration_ValidateConfiguration_Invalid_Selection_5_Error" />
    </UnitTest>
    <UnitTest name="CreateHttpsUri_HttpDefaultPort_UsePort65536_ThrowsArgumentOutOfRangeException" storage="d:\actions-runner\_work\xpco\xpco\corporate\shared\common.integration\tst\videoos.common.integration.unittests\bin\x64\debug\net472\videoos.common.integration.unittests.dll" id="35072336-d724-2bc2-c248-4a6e7e37ad9c">
      <TestCategory>
        <TestCategoryItem TestCategory="UriHandling" />
      </TestCategory>
      <Execution id="c8cb2dce-2b44-4207-a257-679ad70f1610" />
      <TestMethod codeBase="D:\actions-runner\_work\XPCO\XPCO\Corporate\Shared\Common.Integration\tst\VideoOS.Common.Integration.UnitTests\bin\x64\Debug\net472\VideoOS.Common.Integration.UnitTests.dll" adapterTypeName="executor://mstestadapter/v2" className="VideoOS.Common.Integration.UnitTests.Communication.UriHandlingUnitTests" name="CreateHttpsUri_HttpDefaultPort_UsePort65536_ThrowsArgumentOutOfRangeException" />
    </UnitTest>
    <UnitTest name="ScanResult_ToXmlRemovePasswords_XmlWithoutPasswords" storage="d:\actions-runner\_work\xpco\xpco\corporate\shared\common.integration\tst\videoos.common.integration.unittests\bin\x64\debug\net472\videoos.common.integration.unittests.dll" id="3d79641c-fc7b-517f-c041-301f5aa214bc">
      <Execution id="c9365ff4-a1e6-4a35-a056-af13900fc140" />
      <TestMethod codeBase="D:\actions-runner\_work\XPCO\XPCO\Corporate\Shared\Common.Integration\tst\VideoOS.Common.Integration.UnitTests\bin\x64\Debug\net472\VideoOS.Common.Integration.UnitTests.dll" adapterTypeName="executor://mstestadapter/v2" className="VideoOS.Common.Integration.UnitTests.ScanResultTest" name="ScanResult_ToXmlRemovePasswords_XmlWithoutPasswords" />
    </UnitTest>
    <UnitTest name="ReadChildElementValueAsUInt64_RangeCheck_Max" storage="d:\actions-runner\_work\xpco\xpco\corporate\shared\common.integration\tst\videoos.common.integration.unittests\bin\x64\debug\net472\videoos.common.integration.unittests.dll" id="07ef1fc8-808f-18ea-5e95-67c94ec4e422">
      <Execution id="19b79bbe-899e-4d73-9961-29c3e4a45d08" />
      <TestMethod codeBase="D:\actions-runner\_work\XPCO\XPCO\Corporate\Shared\Common.Integration\tst\VideoOS.Common.Integration.UnitTests\bin\x64\Debug\net472\VideoOS.Common.Integration.UnitTests.dll" adapterTypeName="executor://mstestadapter/v2" className="VideoOS.Common.Integration.UnitTests.XmlDocumentExtensionsCoreUnitTests" name="ReadChildElementValueAsUInt64_RangeCheck_Max" />
    </UnitTest>
    <UnitTest name="FileUploadSynchronizer_Upload_InParallel_SameFile_To_SameRecorder_3_Times_UploadsOnlyOnce" storage="d:\actions-runner\_work\xpco\xpco\corporate\shared\common.integration\tst\videoos.common.integration.unittests\bin\x64\debug\net472\videoos.common.integration.unittests.dll" id="48cc01f6-a0cb-e570-4289-4b1f6bc69a17">
      <Execution id="eb8ada43-dae4-414e-9ed9-ac3e80e6eec3" />
      <TestMethod codeBase="D:\actions-runner\_work\XPCO\XPCO\Corporate\Shared\Common.Integration\tst\VideoOS.Common.Integration.UnitTests\bin\x64\Debug\net472\VideoOS.Common.Integration.UnitTests.dll" adapterTypeName="executor://mstestadapter/v2" className="VideoOS.Common.Integration.UnitTests.FileUploadSynchronizerTests" name="FileUploadSynchronizer_Upload_InParallel_SameFile_To_SameRecorder_3_Times_UploadsOnlyOnce" />
    </UnitTest>
    <UnitTest name="ModelValidation_ValidModel_Success" storage="d:\actions-runner\_work\xpco\xpco\corporate\shared\common.integration\tst\videoos.common.integration.unittests\bin\x64\debug\net472\videoos.common.integration.unittests.dll" id="b883da1f-1bae-51fc-0cfe-8a9b346f1545">
      <Execution id="80f917bc-9a2e-4909-b521-f09adcecb9fe" />
      <TestMethod codeBase="D:\actions-runner\_work\XPCO\XPCO\Corporate\Shared\Common.Integration\tst\VideoOS.Common.Integration.UnitTests\bin\x64\Debug\net472\VideoOS.Common.Integration.UnitTests.dll" adapterTypeName="executor://mstestadapter/v2" className="VideoOS.Common.Integration.UnitTests.WebAPI.Model.ActiavteUserDefinedEventOnRemoteSiteModelTest" name="ModelValidation_ValidModel_Success" />
    </UnitTest>
    <UnitTest name="FileUploadSynchronizer_Upload_SameFile_To_SameRecorder_Twice_UploadsOnlyOnce_ChecksExistsTwice" storage="d:\actions-runner\_work\xpco\xpco\corporate\shared\common.integration\tst\videoos.common.integration.unittests\bin\x64\debug\net472\videoos.common.integration.unittests.dll" id="309ab9b3-5504-ca75-b132-0a860b7afa42">
      <Execution id="0c3fa5a9-3401-40d4-bb6c-490d524d82e0" />
      <TestMethod codeBase="D:\actions-runner\_work\XPCO\XPCO\Corporate\Shared\Common.Integration\tst\VideoOS.Common.Integration.UnitTests\bin\x64\Debug\net472\VideoOS.Common.Integration.UnitTests.dll" adapterTypeName="executor://mstestadapter/v2" className="VideoOS.Common.Integration.UnitTests.FileUploadSynchronizerTests" name="FileUploadSynchronizer_Upload_SameFile_To_SameRecorder_Twice_UploadsOnlyOnce_ChecksExistsTwice" />
    </UnitTest>
    <UnitTest name="CalculateLicenseRequirementsForHardware_NullHardware_ReturnsNull" storage="d:\actions-runner\_work\xpco\xpco\corporate\shared\common.integration\tst\videoos.common.integration.unittests\bin\x64\debug\net472\videoos.common.integration.unittests.dll" id="0ae60d5c-36de-5631-4602-df30560678dd">
      <Execution id="4231f77a-2ad2-4615-a63c-41e9f164de54" />
      <TestMethod codeBase="D:\actions-runner\_work\XPCO\XPCO\Corporate\Shared\Common.Integration\tst\VideoOS.Common.Integration.UnitTests\bin\x64\Debug\net472\VideoOS.Common.Integration.UnitTests.dll" adapterTypeName="executor://mstestadapter/v2" className="VideoOS.Common.Integration.UnitTests.License.LicenseCalculatorTests" name="CalculateLicenseRequirementsForHardware_NullHardware_ReturnsNull" />
    </UnitTest>
    <UnitTest name="ErrorResponseModel_NoValuesSet_ValidationFailure" storage="d:\actions-runner\_work\xpco\xpco\corporate\shared\common.integration\tst\videoos.common.integration.unittests\bin\x64\debug\net472\videoos.common.integration.unittests.dll" id="f6b2ccce-1127-a730-3d1d-178de6661793">
      <Execution id="d10c60ef-5c4c-4743-9676-24e63812fd44" />
      <TestMethod codeBase="D:\actions-runner\_work\XPCO\XPCO\Corporate\Shared\Common.Integration\tst\VideoOS.Common.Integration.UnitTests\bin\x64\Debug\net472\VideoOS.Common.Integration.UnitTests.dll" adapterTypeName="executor://mstestadapter/v2" className="VideoOS.Common.Integration.UnitTests.WebAPI.Model.Server.Responses.ErrorResponseModelTest" name="ErrorResponseModel_NoValuesSet_ValidationFailure" />
    </UnitTest>
    <UnitTest name="FeatureManager_GetFeatureParameterValueT_Guid_Invalid_Value" storage="d:\actions-runner\_work\xpco\xpco\corporate\shared\common.integration\tst\videoos.common.integration.unittests\bin\x64\debug\net472\videoos.common.integration.unittests.dll" id="0565dbba-a5c9-6aed-c8f5-75dfd184b94b">
      <Execution id="8f9dfcce-a085-4b81-9617-2d01fa34ad8d" />
      <TestMethod codeBase="D:\actions-runner\_work\XPCO\XPCO\Corporate\Shared\Common.Integration\tst\VideoOS.Common.Integration.UnitTests\bin\x64\Debug\net472\VideoOS.Common.Integration.UnitTests.dll" adapterTypeName="executor://mstestadapter/v2" className="VideoOS.Common.Integration.UnitTests.License.FeatureManagerTest" name="FeatureManager_GetFeatureParameterValueT_Guid_Invalid_Value" />
    </UnitTest>
    <UnitTest name="PtzPresetCollection_Add_Success" storage="d:\actions-runner\_work\xpco\xpco\corporate\shared\common.integration\tst\videoos.common.integration.unittests\bin\x64\debug\net472\videoos.common.integration.unittests.dll" id="16b79f55-7c64-2cf6-1f7d-ae933270c74d">
      <Execution id="24d7609d-6abb-4881-8d3e-df31a0e192cf" />
      <TestMethod codeBase="D:\actions-runner\_work\XPCO\XPCO\Corporate\Shared\Common.Integration\tst\VideoOS.Common.Integration.UnitTests\bin\x64\Debug\net472\VideoOS.Common.Integration.UnitTests.dll" adapterTypeName="executor://mstestadapter/v2" className="VideoOS.Common.Integration.UnitTests.PtzPresetCollectionUnitTests" name="PtzPresetCollection_Add_Success" />
    </UnitTest>
    <UnitTest name="ReadAttributeAsBoolean_InvalidData" storage="d:\actions-runner\_work\xpco\xpco\corporate\shared\common.integration\tst\videoos.common.integration.unittests\bin\x64\debug\net472\videoos.common.integration.unittests.dll" id="e595add4-bcda-a0a0-dd12-662be2763166">
      <Execution id="cec00e8e-24b3-4fc1-b84d-c333475fa4a5" />
      <TestMethod codeBase="D:\actions-runner\_work\XPCO\XPCO\Corporate\Shared\Common.Integration\tst\VideoOS.Common.Integration.UnitTests\bin\x64\Debug\net472\VideoOS.Common.Integration.UnitTests.dll" adapterTypeName="executor://mstestadapter/v2" className="VideoOS.Common.Integration.UnitTests.XmlDocumentExtensionsCoreUnitTests" name="ReadAttributeAsBoolean_InvalidData" />
    </UnitTest>
    <UnitTest name="ModelValidation_NonEmptyGuidsAreEmpty_Failed" storage="d:\actions-runner\_work\xpco\xpco\corporate\shared\common.integration\tst\videoos.common.integration.unittests\bin\x64\debug\net472\videoos.common.integration.unittests.dll" id="6dcaeb54-e5aa-1301-9b9c-12a66896fa96">
      <Execution id="efb7c64f-f0c5-4ef8-a42f-74eda52df552" />
      <TestMethod codeBase="D:\actions-runner\_work\XPCO\XPCO\Corporate\Shared\Common.Integration\tst\VideoOS.Common.Integration.UnitTests\bin\x64\Debug\net472\VideoOS.Common.Integration.UnitTests.dll" adapterTypeName="executor://mstestadapter/v2" className="VideoOS.Common.Integration.UnitTests.WebAPI.Model.PtzReleaseSessionModelTest" name="ModelValidation_NonEmptyGuidsAreEmpty_Failed" />
    </UnitTest>
    <UnitTest name="ServerFileSystemResponseQueryDirectoriesModel_NoValuesSet_ValidationFailure" storage="d:\actions-runner\_work\xpco\xpco\corporate\shared\common.integration\tst\videoos.common.integration.unittests\bin\x64\debug\net472\videoos.common.integration.unittests.dll" id="dbb68610-43fe-ff74-ff15-c068dd73879c">
      <Execution id="d78e3494-ed1f-4d72-a374-aed39a4cbfa0" />
      <TestMethod codeBase="D:\actions-runner\_work\XPCO\XPCO\Corporate\Shared\Common.Integration\tst\VideoOS.Common.Integration.UnitTests\bin\x64\Debug\net472\VideoOS.Common.Integration.UnitTests.dll" adapterTypeName="executor://mstestadapter/v2" className="VideoOS.Common.Integration.UnitTests.WebApi.Model.ServerFileSystemResponseQueryDrivesModelTest" name="ServerFileSystemResponseQueryDirectoriesModel_NoValuesSet_ValidationFailure" />
    </UnitTest>
    <UnitTest name="EventMetadataTimestampParsesMicrosecondsCorrectly" storage="d:\actions-runner\_work\xpco\xpco\corporate\shared\common.integration\tst\videoos.common.integration.unittests\bin\x64\debug\net472\videoos.common.integration.unittests.dll" id="84aff556-9090-2020-f213-d7eee6c9a7c6">
      <Execution id="8e75c736-cdcd-465e-a433-ec64de82fd84" />
      <TestMethod codeBase="D:\actions-runner\_work\XPCO\XPCO\Corporate\Shared\Common.Integration\tst\VideoOS.Common.Integration.UnitTests\bin\x64\Debug\net472\VideoOS.Common.Integration.UnitTests.dll" adapterTypeName="executor://mstestadapter/v2" className="VideoOS.Common.Integration.UnitTests.Rules.RuleEventsTests" name="EventMetadataTimestampParsesMicrosecondsCorrectly" />
    </UnitTest>
    <UnitTest name="ReadAttributeAsString_NameNull" storage="d:\actions-runner\_work\xpco\xpco\corporate\shared\common.integration\tst\videoos.common.integration.unittests\bin\x64\debug\net472\videoos.common.integration.unittests.dll" id="68c9122e-98a7-d348-35ad-7468269319ee">
      <Execution id="4df9f8ac-8cad-4463-97b1-d65aee54410c" />
      <TestMethod codeBase="D:\actions-runner\_work\XPCO\XPCO\Corporate\Shared\Common.Integration\tst\VideoOS.Common.Integration.UnitTests\bin\x64\Debug\net472\VideoOS.Common.Integration.UnitTests.dll" adapterTypeName="executor://mstestadapter/v2" className="VideoOS.Common.Integration.UnitTests.XmlDocumentExtensionsCoreUnitTests" name="ReadAttributeAsString_NameNull" />
    </UnitTest>
    <UnitTest name="EnsureMacAddressNotZeroes1" storage="d:\actions-runner\_work\xpco\xpco\corporate\shared\common.integration\tst\videoos.common.integration.unittests\bin\x64\debug\net472\videoos.common.integration.unittests.dll" id="706e41d2-0bcb-2b17-a93f-3bfc9cea9710">
      <Execution id="188594c8-0861-42da-a230-cbcfeda7ae7a" />
      <TestMethod codeBase="D:\actions-runner\_work\XPCO\XPCO\Corporate\Shared\Common.Integration\tst\VideoOS.Common.Integration.UnitTests\bin\x64\Debug\net472\VideoOS.Common.Integration.UnitTests.dll" adapterTypeName="executor://mstestadapter/v2" className="VideoOS.Common.Integration.UnitTests.DriverDefinition.DefinitionUtilityTests" name="EnsureMacAddressNotZeroes1" />
    </UnitTest>
    <UnitTest name="ProcessMessage_Queue_Mixed_Commands" storage="d:\actions-runner\_work\xpco\xpco\corporate\shared\common.integration\tst\videoos.common.integration.unittests\bin\x64\debug\net472\videoos.common.integration.unittests.dll" id="068e2f05-765b-0c1f-600d-3aa2168f0d4f">
      <Execution id="a5aa97a5-bf2e-489d-9b17-d9bc85831a88" />
      <TestMethod codeBase="D:\actions-runner\_work\XPCO\XPCO\Corporate\Shared\Common.Integration\tst\VideoOS.Common.Integration.UnitTests\bin\x64\Debug\net472\VideoOS.Common.Integration.UnitTests.dll" adapterTypeName="executor://mstestadapter/v2" className="VideoOS.Common.Integration.UnitTests.MessageProcessing.ThreadPoolBulkMessageProcessorUnitTest" name="ProcessMessage_Queue_Mixed_Commands" />
    </UnitTest>
    <UnitTest name="ServiceDiscoveryEngine_Construction_Timer_ArgumentNullException" storage="d:\actions-runner\_work\xpco\xpco\corporate\shared\common.integration\tst\videoos.common.integration.unittests\bin\x64\debug\net472\videoos.common.integration.unittests.dll" id="f30629b3-f1a4-db93-062d-b74e12960eb9">
      <Execution id="cd75cf9f-bb48-4bfb-a0de-c18742af3fbb" />
      <TestMethod codeBase="D:\actions-runner\_work\XPCO\XPCO\Corporate\Shared\Common.Integration\tst\VideoOS.Common.Integration.UnitTests\bin\x64\Debug\net472\VideoOS.Common.Integration.UnitTests.dll" adapterTypeName="executor://mstestadapter/v2" className="VideoOS.Common.Integration.UnitTests.WebAPI.Exceptions.ServiceDiscoveryEngineTests" name="ServiceDiscoveryEngine_Construction_Timer_ArgumentNullException" />
    </UnitTest>
    <UnitTest name="Encrypt_DataSetHasNoRows_DataSetIsNotChanged" storage="d:\actions-runner\_work\xpco\xpco\corporate\shared\common.integration\tst\videoos.common.integration.unittests\bin\x64\debug\net472\videoos.common.integration.unittests.dll" id="c1b3d7f7-67d7-6f4a-4081-4e1d5822b5c7">
      <Execution id="f474650d-6613-4cf8-afa1-ad8e3e905bc6" />
      <TestMethod codeBase="D:\actions-runner\_work\XPCO\XPCO\Corporate\Shared\Common.Integration\tst\VideoOS.Common.Integration.UnitTests\bin\x64\Debug\net472\VideoOS.Common.Integration.UnitTests.dll" adapterTypeName="executor://mstestadapter/v2" className="VideoOS.Common.Integration.UnitTests.Configuration.RecordingStorageTableAdapterTests" name="Encrypt_DataSetHasNoRows_DataSetIsNotChanged" />
    </UnitTest>
    <UnitTest name="Encrypt_DataSetHasNoRows_DataSetIsNotChanged" storage="d:\actions-runner\_work\xpco\xpco\corporate\shared\common.integration\tst\videoos.common.integration.unittests\bin\x64\debug\net472\videoos.common.integration.unittests.dll" id="7128909f-e107-9c87-d4cd-5199eb995a3f">
      <Execution id="b922b859-ca3f-4bec-94ec-0f6a3731ec0f" />
      <TestMethod codeBase="D:\actions-runner\_work\XPCO\XPCO\Corporate\Shared\Common.Integration\tst\VideoOS.Common.Integration.UnitTests\bin\x64\Debug\net472\VideoOS.Common.Integration.UnitTests.dll" adapterTypeName="executor://mstestadapter/v2" className="VideoOS.Common.Integration.UnitTests.Configuration.HostingServerTableAdapterTests" name="Encrypt_DataSetHasNoRows_DataSetIsNotChanged" />
    </UnitTest>
    <UnitTest name="Validate_PopulateGrid_ValidateOemTextDoesNotExist_InvalidOemUrl_Success" storage="d:\actions-runner\_work\xpco\xpco\corporate\shared\common.integration\tst\videoos.common.integration.unittests\bin\x64\debug\net472\videoos.common.integration.unittests.dll" id="b93ab267-4d4e-556b-bd47-9b0bdde5607a">
      <Execution id="769226a4-6ddf-4435-8fe8-3c730d7edba5" />
      <TestMethod codeBase="D:\actions-runner\_work\XPCO\XPCO\Corporate\Shared\Common.Integration\tst\VideoOS.Common.Integration.UnitTests\bin\x64\Debug\net472\VideoOS.Common.Integration.UnitTests.dll" adapterTypeName="executor://mstestadapter/v2" className="VideoOS.Common.Integration.UnitTests.License.LicenseReportGeneratorTests" name="Validate_PopulateGrid_ValidateOemTextDoesNotExist_InvalidOemUrl_Success" />
    </UnitTest>
    <UnitTest name="Constructor_ThrowsException_WhenNonICPHardwareInfosInListHaveDifferentMacAddresses" storage="d:\actions-runner\_work\xpco\xpco\corporate\shared\common.integration\tst\videoos.common.integration.unittests\bin\x64\debug\net472\videoos.common.integration.unittests.dll" id="adcee085-e2d1-6d74-2e27-450a1d4b4630">
      <TestCategory>
        <TestCategoryItem TestCategory="Licensing" />
      </TestCategory>
      <Execution id="cd683379-f4ca-499f-8986-b4b605bd66ba" />
      <TestMethod codeBase="D:\actions-runner\_work\XPCO\XPCO\Corporate\Shared\Common.Integration\tst\VideoOS.Common.Integration.UnitTests\bin\x64\Debug\net472\VideoOS.Common.Integration.UnitTests.dll" adapterTypeName="executor://mstestadapter/v2" className="VideoOS.Common.Integration.UnitTests.License.AggregateFeedDictionaryTests" name="Constructor_ThrowsException_WhenNonICPHardwareInfosInListHaveDifferentMacAddresses" />
    </UnitTest>
    <UnitTest name="PatchAsync_NoError_TaskIsExecuted" storage="d:\actions-runner\_work\xpco\xpco\corporate\shared\common.integration\tst\videoos.common.integration.unittests\bin\x64\debug\net472\videoos.common.integration.unittests.dll" id="ec9a5f4e-f23b-4520-d0ff-a5d0553c5c75">
      <Execution id="160be240-abae-4038-bfbe-43586c8af0ca" />
      <TestMethod codeBase="D:\actions-runner\_work\XPCO\XPCO\Corporate\Shared\Common.Integration\tst\VideoOS.Common.Integration.UnitTests\bin\x64\Debug\net472\VideoOS.Common.Integration.UnitTests.dll" adapterTypeName="executor://mstestadapter/v2" className="VideoOS.Common.Integration.WebApi.HttpClientCommunicatorUnitTests" name="PatchAsync_NoError_TaskIsExecuted" />
    </UnitTest>
    <UnitTest name="CalculateLicenseRequirements_6HardwareWith1DeviceEach_ReturnsFalse" storage="d:\actions-runner\_work\xpco\xpco\corporate\shared\common.integration\tst\videoos.common.integration.unittests\bin\x64\debug\net472\videoos.common.integration.unittests.dll" id="c8a84429-c2e8-13fb-6013-9dc2128f754d">
      <Execution id="29f455f4-fe29-4190-ac4d-7f8cc6441e3d" />
      <TestMethod codeBase="D:\actions-runner\_work\XPCO\XPCO\Corporate\Shared\Common.Integration\tst\VideoOS.Common.Integration.UnitTests\bin\x64\Debug\net472\VideoOS.Common.Integration.UnitTests.dll" adapterTypeName="executor://mstestadapter/v2" className="VideoOS.Common.Integration.UnitTests.License.LicenseCalculatorTests" name="CalculateLicenseRequirements_6HardwareWith1DeviceEach_ReturnsFalse" />
    </UnitTest>
    <UnitTest name="LicenseDocument_IsFeatureLicensed_SmartWallFeatureExpired" storage="d:\actions-runner\_work\xpco\xpco\corporate\shared\common.integration\tst\videoos.common.integration.unittests\bin\x64\debug\net472\videoos.common.integration.unittests.dll" id="785bcb6a-a901-4c1b-60ba-1af9a59d4f8a">
      <TestCategory>
        <TestCategoryItem TestCategory="LicenseDocumentTest" />
      </TestCategory>
      <Execution id="1f5d4cd5-1715-4c64-bbc5-5fab5d635481" />
      <TestMethod codeBase="D:\actions-runner\_work\XPCO\XPCO\Corporate\Shared\Common.Integration\tst\VideoOS.Common.Integration.UnitTests\bin\x64\Debug\net472\VideoOS.Common.Integration.UnitTests.dll" adapterTypeName="executor://mstestadapter/v2" className="VideoOS.Common.Integration.UnitTests.License.LicenseDocumentTests" name="LicenseDocument_IsFeatureLicensed_SmartWallFeatureExpired" />
    </UnitTest>
    <UnitTest name="ModelValidation_ValidModel_Success" storage="d:\actions-runner\_work\xpco\xpco\corporate\shared\common.integration\tst\videoos.common.integration.unittests\bin\x64\debug\net472\videoos.common.integration.unittests.dll" id="e8a6febf-7a4c-df5b-5b44-d1a1d6670bac">
      <Execution id="a0765e43-54e4-4db0-a662-3d96708fee0a" />
      <TestMethod codeBase="D:\actions-runner\_work\XPCO\XPCO\Corporate\Shared\Common.Integration\tst\VideoOS.Common.Integration.UnitTests\bin\x64\Debug\net472\VideoOS.Common.Integration.UnitTests.dll" adapterTypeName="executor://mstestadapter/v2" className="VideoOS.Common.Integration.UnitTests.WebAPI.Model.RecorderTaskModelTest" name="ModelValidation_ValidModel_Success" />
    </UnitTest>
    <UnitTest name="IsEnumerationValueAac_ReturnsTrue_OnValueContaingAac" storage="d:\actions-runner\_work\xpco\xpco\corporate\shared\common.integration\tst\videoos.common.integration.unittests\bin\x64\debug\net472\videoos.common.integration.unittests.dll" id="ee9b5af4-e9c6-d9cb-cf7b-5e10ca626f46">
      <Execution id="9e07fdfb-3244-4558-9b60-1af5f06a5b51" />
      <TestMethod codeBase="D:\actions-runner\_work\XPCO\XPCO\Corporate\Shared\Common.Integration\tst\VideoOS.Common.Integration.UnitTests\bin\x64\Debug\net472\VideoOS.Common.Integration.UnitTests.dll" adapterTypeName="executor://mstestadapter/v2" className="VideoOS.Common.Integration.UnitTests.DriverDefinition.DefinitionUtilityTests" name="IsEnumerationValueAac_ReturnsTrue_OnValueContaingAac" />
    </UnitTest>
    <UnitTest name="Transform_XmlHasSystemSetting_SystemSettingIsTransformed" storage="d:\actions-runner\_work\xpco\xpco\corporate\shared\common.integration\tst\videoos.common.integration.unittests\bin\x64\debug\net472\videoos.common.integration.unittests.dll" id="ef3ab5a6-ab64-2248-5466-efa07c45b7f4">
      <Execution id="037447ae-d342-43e5-be92-382e23a1d7a3" />
      <TestMethod codeBase="D:\actions-runner\_work\XPCO\XPCO\Corporate\Shared\Common.Integration\tst\VideoOS.Common.Integration.UnitTests\bin\x64\Debug\net472\VideoOS.Common.Integration.UnitTests.dll" adapterTypeName="executor://mstestadapter/v2" className="VideoOS.Common.Integration.UnitTests.Configuration.ConfigurationDataSetEncryption.DiffgramEncryptionTests" name="Transform_XmlHasSystemSetting_SystemSettingIsTransformed" />
    </UnitTest>
    <UnitTest name="Validate_TotalNumberofPurchasedDeviceLicenses_Success" storage="d:\actions-runner\_work\xpco\xpco\corporate\shared\common.integration\tst\videoos.common.integration.unittests\bin\x64\debug\net472\videoos.common.integration.unittests.dll" id="edc31cfe-0011-7a3e-9d0d-623eba3a7315">
      <Execution id="a1bf8f3c-5dc0-4739-aa04-aea80dcd1a8b" />
      <TestMethod codeBase="D:\actions-runner\_work\XPCO\XPCO\Corporate\Shared\Common.Integration\tst\VideoOS.Common.Integration.UnitTests\bin\x64\Debug\net472\VideoOS.Common.Integration.UnitTests.dll" adapterTypeName="executor://mstestadapter/v2" className="VideoOS.Common.Integration.UnitTests.License.LicenseReportGeneratorTests" name="Validate_TotalNumberofPurchasedDeviceLicenses_Success" />
    </UnitTest>
    <UnitTest name="Test_IsMember_SimpleOneLine" storage="d:\actions-runner\_work\xpco\xpco\corporate\shared\common.integration\tst\videoos.common.integration.unittests\bin\x64\debug\net472\videoos.common.integration.unittests.dll" id="f5b2e4ab-f507-135f-4a7c-4bcd2be8b6b1">
      <Execution id="8ad35487-42be-4051-88c7-829d08ed6782" />
      <TestMethod codeBase="D:\actions-runner\_work\XPCO\XPCO\Corporate\Shared\Common.Integration\tst\VideoOS.Common.Integration.UnitTests\bin\x64\Debug\net472\VideoOS.Common.Integration.UnitTests.dll" adapterTypeName="executor://mstestadapter/v2" className="VideoOS.Common.Integration.UnitTests.Caching.MembershipCacheUnitTest" name="Test_IsMember_SimpleOneLine" />
    </UnitTest>
    <UnitTest name="SecurityConfigurationModel_Validate_Failed" storage="d:\actions-runner\_work\xpco\xpco\corporate\shared\common.integration\tst\videoos.common.integration.unittests\bin\x64\debug\net472\videoos.common.integration.unittests.dll" id="c2c277a8-e31f-70e0-ad47-c4ae68d0f17f">
      <Execution id="bc0a4866-0bf2-4769-9ea0-4d9c0494470a" />
      <TestMethod codeBase="D:\actions-runner\_work\XPCO\XPCO\Corporate\Shared\Common.Integration\tst\VideoOS.Common.Integration.UnitTests\bin\x64\Debug\net472\VideoOS.Common.Integration.UnitTests.dll" adapterTypeName="executor://mstestadapter/v2" className="VideoOS.Common.Integration.UnitTests.WebAPI.Model.SecurityConfigurationModelTest" name="SecurityConfigurationModel_Validate_Failed" />
    </UnitTest>
    <UnitTest name="Create_IsNotKnownType_ReturnsNull" storage="d:\actions-runner\_work\xpco\xpco\corporate\shared\common.integration\tst\videoos.common.integration.unittests\bin\x64\debug\net472\videoos.common.integration.unittests.dll" id="531e2ccf-1e8d-f6f7-f55a-93fb4331821d">
      <Execution id="33471171-47d4-4c38-948b-bb4e9057c5b8" />
      <TestMethod codeBase="D:\actions-runner\_work\XPCO\XPCO\Corporate\Shared\Common.Integration\tst\VideoOS.Common.Integration.UnitTests\bin\x64\Debug\net472\VideoOS.Common.Integration.UnitTests.dll" adapterTypeName="executor://mstestadapter/v2" className="VideoOS.Common.Integration.UnitTests.Configuration.ConfigurationDataSetEncryption.XmlTransformationFactoryTests" name="Create_IsNotKnownType_ReturnsNull" />
    </UnitTest>
    <UnitTest name="SecurityConfigurationModel_Validate_Success" storage="d:\actions-runner\_work\xpco\xpco\corporate\shared\common.integration\tst\videoos.common.integration.unittests\bin\x64\debug\net472\videoos.common.integration.unittests.dll" id="a5df3e0b-3914-27c6-17a6-08436b53e40a">
      <Execution id="bb3d60c2-5cfe-4421-93fd-23f1b6eb818b" />
      <TestMethod codeBase="D:\actions-runner\_work\XPCO\XPCO\Corporate\Shared\Common.Integration\tst\VideoOS.Common.Integration.UnitTests\bin\x64\Debug\net472\VideoOS.Common.Integration.UnitTests.dll" adapterTypeName="executor://mstestadapter/v2" className="VideoOS.Common.Integration.UnitTests.WebAPI.Model.SecurityConfigurationModelTest" name="SecurityConfigurationModel_Validate_Success" />
    </UnitTest>
    <UnitTest name="ReadChildElementValueAsUInt16_InvalidData_NegativeNumber" storage="d:\actions-runner\_work\xpco\xpco\corporate\shared\common.integration\tst\videoos.common.integration.unittests\bin\x64\debug\net472\videoos.common.integration.unittests.dll" id="3067b64d-f72d-4368-4e23-dce52d27333a">
      <Execution id="96f9389d-5641-47f2-a07d-9df08fbf7912" />
      <TestMethod codeBase="D:\actions-runner\_work\XPCO\XPCO\Corporate\Shared\Common.Integration\tst\VideoOS.Common.Integration.UnitTests\bin\x64\Debug\net472\VideoOS.Common.Integration.UnitTests.dll" adapterTypeName="executor://mstestadapter/v2" className="VideoOS.Common.Integration.UnitTests.XmlDocumentExtensionsCoreUnitTests" name="ReadChildElementValueAsUInt16_InvalidData_NegativeNumber" />
    </UnitTest>
    <UnitTest name="Receive_NoError_TaskIsExecuted" storage="d:\actions-runner\_work\xpco\xpco\corporate\shared\common.integration\tst\videoos.common.integration.unittests\bin\x64\debug\net472\videoos.common.integration.unittests.dll" id="7959cf01-3f91-01f0-cd2a-071b6ac9edb5">
      <Execution id="74687029-4830-4086-895e-f508473fb76b" />
      <TestMethod codeBase="D:\actions-runner\_work\XPCO\XPCO\Corporate\Shared\Common.Integration\tst\VideoOS.Common.Integration.UnitTests\bin\x64\Debug\net472\VideoOS.Common.Integration.UnitTests.dll" adapterTypeName="executor://mstestadapter/v2" className="VideoOS.Common.Integration.WebApi.HttpClientCommunicatorUnitTests" name="Receive_NoError_TaskIsExecuted" />
    </UnitTest>
    <UnitTest name="CertificateSelection2_FromCertificateHashString_EmptyString_ReturnNoSelection" storage="d:\actions-runner\_work\xpco\xpco\corporate\shared\common.integration\tst\videoos.common.integration.unittests\bin\x64\debug\net472\videoos.common.integration.unittests.dll" id="241c892b-a0fb-8e5c-8a30-537a8129ceb1">
      <Execution id="21e38d75-3abb-424d-9661-9ed5fb7d9c11" />
      <TestMethod codeBase="D:\actions-runner\_work\XPCO\XPCO\Corporate\Shared\Common.Integration\tst\VideoOS.Common.Integration.UnitTests\bin\x64\Debug\net472\VideoOS.Common.Integration.UnitTests.dll" adapterTypeName="executor://mstestadapter/v2" className="VideoOS.Common.Integration.UnitTests.CertificateHandling.CertificateSelection2Tests" name="CertificateSelection2_FromCertificateHashString_EmptyString_ReturnNoSelection" />
    </UnitTest>
    <UnitTest name="CreateInstance_InvalidParam_localSettingsFile_Null_Throws_ArgumentNullException" storage="d:\actions-runner\_work\xpco\xpco\corporate\shared\common.integration\tst\videoos.common.integration.unittests\bin\x64\debug\net472\videoos.common.integration.unittests.dll" id="50c4d015-fb9a-ffd8-e6c9-f196b9c89e67">
      <Execution id="6392800c-56c2-44e5-bec9-360495fe9d45" />
      <TestMethod codeBase="D:\actions-runner\_work\XPCO\XPCO\Corporate\Shared\Common.Integration\tst\VideoOS.Common.Integration.UnitTests\bin\x64\Debug\net472\VideoOS.Common.Integration.UnitTests.dll" adapterTypeName="executor://mstestadapter/v2" className="VideoOS.Common.Integration.UnitTests.ServerValidation.LocalUserOptionsTests" name="CreateInstance_InvalidParam_localSettingsFile_Null_Throws_ArgumentNullException" />
    </UnitTest>
    <UnitTest name="CreateHttpUri_HttpsDefaultPort_UsePort444_BecomesHttpPort444" storage="d:\actions-runner\_work\xpco\xpco\corporate\shared\common.integration\tst\videoos.common.integration.unittests\bin\x64\debug\net472\videoos.common.integration.unittests.dll" id="6dc566b7-501d-6a76-aef9-9eb9f149ccba">
      <TestCategory>
        <TestCategoryItem TestCategory="UriHandling" />
      </TestCategory>
      <Execution id="f90adfc0-8905-4c86-b900-fd655bbdf60e" />
      <TestMethod codeBase="D:\actions-runner\_work\XPCO\XPCO\Corporate\Shared\Common.Integration\tst\VideoOS.Common.Integration.UnitTests\bin\x64\Debug\net472\VideoOS.Common.Integration.UnitTests.dll" adapterTypeName="executor://mstestadapter/v2" className="VideoOS.Common.Integration.UnitTests.Communication.UriHandlingUnitTests" name="CreateHttpUri_HttpsDefaultPort_UsePort444_BecomesHttpPort444" />
    </UnitTest>
    <UnitTest name="TestPasswordGenerationFromPasswordRequirements" storage="d:\actions-runner\_work\xpco\xpco\corporate\shared\common.integration\tst\videoos.common.integration.unittests\bin\x64\debug\net472\videoos.common.integration.unittests.dll" id="73ca717a-4a62-2b9e-b5cb-67553ca16863">
      <Execution id="df17b507-441c-4661-8c2e-fbfee7e7ec11" />
      <TestMethod codeBase="D:\actions-runner\_work\XPCO\XPCO\Corporate\Shared\Common.Integration\tst\VideoOS.Common.Integration.UnitTests\bin\x64\Debug\net472\VideoOS.Common.Integration.UnitTests.dll" adapterTypeName="executor://mstestadapter/v2" className="VideoOS.Common.Integration.UnitTests.PasswordMinMaxGenerator" name="TestPasswordGenerationFromPasswordRequirements" />
    </UnitTest>
    <UnitTest name="CreateHttpUri_NullString_PortSpecified_ThrowsInvalidOperationException" storage="d:\actions-runner\_work\xpco\xpco\corporate\shared\common.integration\tst\videoos.common.integration.unittests\bin\x64\debug\net472\videoos.common.integration.unittests.dll" id="5c3a4771-d4a0-52de-dd7b-0c1992f41eea">
      <TestCategory>
        <TestCategoryItem TestCategory="UriHandling" />
      </TestCategory>
      <Execution id="2b27306a-7757-454e-be55-86b56ed7ff7d" />
      <TestMethod codeBase="D:\actions-runner\_work\XPCO\XPCO\Corporate\Shared\Common.Integration\tst\VideoOS.Common.Integration.UnitTests\bin\x64\Debug\net472\VideoOS.Common.Integration.UnitTests.dll" adapterTypeName="executor://mstestadapter/v2" className="VideoOS.Common.Integration.UnitTests.Communication.UriHandlingUnitTests" name="CreateHttpUri_NullString_PortSpecified_ThrowsInvalidOperationException" />
    </UnitTest>
    <UnitTest name="StreamsConfiguration_ValidateConfiguration_No_Default_LiveStream_ExactlyOneDefaultLiveStreamError" storage="d:\actions-runner\_work\xpco\xpco\corporate\shared\common.integration\tst\videoos.common.integration.unittests\bin\x64\debug\net472\videoos.common.integration.unittests.dll" id="da174cf5-0de6-fc1e-df85-47f6a5d4408e">
      <Execution id="c1d69501-506c-4a9e-a9de-573e3e4afda3" />
      <TestMethod codeBase="D:\actions-runner\_work\XPCO\XPCO\Corporate\Shared\Common.Integration\tst\VideoOS.Common.Integration.UnitTests\bin\x64\Debug\net472\VideoOS.Common.Integration.UnitTests.dll" adapterTypeName="executor://mstestadapter/v2" className="VideoOS.Common.Integration.UnitTests.StreamsConfigurationUnitTests" name="StreamsConfiguration_ValidateConfiguration_No_Default_LiveStream_ExactlyOneDefaultLiveStreamError" />
    </UnitTest>
    <UnitTest name="UpdateRecorderStatusDataModel_ValidModel_Success" storage="d:\actions-runner\_work\xpco\xpco\corporate\shared\common.integration\tst\videoos.common.integration.unittests\bin\x64\debug\net472\videoos.common.integration.unittests.dll" id="d2deca7c-3a3d-0f18-8f1f-ea7b28c56688">
      <Execution id="d7a69f99-97de-479a-8a34-10f751e9b2c1" />
      <TestMethod codeBase="D:\actions-runner\_work\XPCO\XPCO\Corporate\Shared\Common.Integration\tst\VideoOS.Common.Integration.UnitTests\bin\x64\Debug\net472\VideoOS.Common.Integration.UnitTests.dll" adapterTypeName="executor://mstestadapter/v2" className="VideoOS.Common.Integration.UnitTests.WebAPI.Model.Server.UpdateRecorderStatusDataModelTest" name="UpdateRecorderStatusDataModel_ValidModel_Success" />
    </UnitTest>
    <UnitTest name="WhiteList_IsHardwareWhiteListed_DriverNotWhiteListedModelNameNull_ReturnsFalse" storage="d:\actions-runner\_work\xpco\xpco\corporate\shared\common.integration\tst\videoos.common.integration.unittests\bin\x64\debug\net472\videoos.common.integration.unittests.dll" id="f09cfc71-d460-2af4-70fc-ccb7ff1f2664">
      <TestCategory>
        <TestCategoryItem TestCategory="Licensing" />
      </TestCategory>
      <Execution id="22f8e077-24c3-4b19-8bf7-d4bbe0316e03" />
      <TestMethod codeBase="D:\actions-runner\_work\XPCO\XPCO\Corporate\Shared\Common.Integration\tst\VideoOS.Common.Integration.UnitTests\bin\x64\Debug\net472\VideoOS.Common.Integration.UnitTests.dll" adapterTypeName="executor://mstestadapter/v2" className="VideoOS.Common.Integration.UnitTests.License.LicenseWhitelistTests" name="WhiteList_IsHardwareWhiteListed_DriverNotWhiteListedModelNameNull_ReturnsFalse" />
    </UnitTest>
    <UnitTest name="Validate_LicenseResponseCreatedFromJson_Success" storage="d:\actions-runner\_work\xpco\xpco\corporate\shared\common.integration\tst\videoos.common.integration.unittests\bin\x64\debug\net472\videoos.common.integration.unittests.dll" id="e3b38617-9ca5-483d-be55-dd3b75fa7e0f">
      <Execution id="7d358462-ad0d-4cdf-ab78-0ca85bbc63d5" />
      <TestMethod codeBase="D:\actions-runner\_work\XPCO\XPCO\Corporate\Shared\Common.Integration\tst\VideoOS.Common.Integration.UnitTests\bin\x64\Debug\net472\VideoOS.Common.Integration.UnitTests.dll" adapterTypeName="executor://mstestadapter/v2" className="VideoOS.Common.Integration.UnitTests.License.LicenseContainerTests" name="Validate_LicenseResponseCreatedFromJson_Success" />
    </UnitTest>
    <UnitTest name="ConvertStringToPort_Port0_Returns65535" storage="d:\actions-runner\_work\xpco\xpco\corporate\shared\common.integration\tst\videoos.common.integration.unittests\bin\x64\debug\net472\videoos.common.integration.unittests.dll" id="170cfc08-636a-63ed-5221-e2262930e959">
      <TestCategory>
        <TestCategoryItem TestCategory="UriHandling" />
      </TestCategory>
      <Execution id="b5284fa5-831d-40a5-8232-6bde05b8c462" />
      <TestMethod codeBase="D:\actions-runner\_work\XPCO\XPCO\Corporate\Shared\Common.Integration\tst\VideoOS.Common.Integration.UnitTests\bin\x64\Debug\net472\VideoOS.Common.Integration.UnitTests.dll" adapterTypeName="executor://mstestadapter/v2" className="VideoOS.Common.Integration.UnitTests.Communication.UriHandlingUnitTests" name="ConvertStringToPort_Port0_Returns65535" />
    </UnitTest>
    <UnitTest name="SendAsync_AuthenticationException_RetryAndSuccess" storage="d:\actions-runner\_work\xpco\xpco\corporate\shared\common.integration\tst\videoos.common.integration.unittests\bin\x64\debug\net472\videoos.common.integration.unittests.dll" id="1b6c8480-1617-f9a0-a9d9-17f047f7cb0e">
      <Execution id="1545b0d3-1b5d-4d2a-a0af-533f88792f51" />
      <TestMethod codeBase="D:\actions-runner\_work\XPCO\XPCO\Corporate\Shared\Common.Integration\tst\VideoOS.Common.Integration.UnitTests\bin\x64\Debug\net472\VideoOS.Common.Integration.UnitTests.dll" adapterTypeName="executor://mstestadapter/v2" className="VideoOS.Common.Integration.WebApi.HttpClientCommunicatorUnitTests" name="SendAsync_AuthenticationException_RetryAndSuccess" />
    </UnitTest>
    <UnitTest name="Decrypt_DataSetHasRow_DataSetIsDecrypted" storage="d:\actions-runner\_work\xpco\xpco\corporate\shared\common.integration\tst\videoos.common.integration.unittests\bin\x64\debug\net472\videoos.common.integration.unittests.dll" id="6e82f6b5-cdc0-6d50-9bad-8b3494ee1722">
      <Execution id="d988e04a-5043-44f2-a059-63e6ed20c96e" />
      <TestMethod codeBase="D:\actions-runner\_work\XPCO\XPCO\Corporate\Shared\Common.Integration\tst\VideoOS.Common.Integration.UnitTests\bin\x64\Debug\net472\VideoOS.Common.Integration.UnitTests.dll" adapterTypeName="executor://mstestadapter/v2" className="VideoOS.Common.Integration.UnitTests.Configuration.HostingServerTableAdapterTests" name="Decrypt_DataSetHasRow_DataSetIsDecrypted" />
    </UnitTest>
    <UnitTest name="ServiceConnectionStatus_CommunicationError_Offline_Default" storage="d:\actions-runner\_work\xpco\xpco\corporate\shared\common.integration\tst\videoos.common.integration.unittests\bin\x64\debug\net472\videoos.common.integration.unittests.dll" id="7cc96cf4-3fc7-1e69-bf47-4fdca4a95242">
      <Execution id="06f0c78a-35fc-4cae-a57c-f59568f37b3f" />
      <TestMethod codeBase="D:\actions-runner\_work\XPCO\XPCO\Corporate\Shared\Common.Integration\tst\VideoOS.Common.Integration.UnitTests\bin\x64\Debug\net472\VideoOS.Common.Integration.UnitTests.dll" adapterTypeName="executor://mstestadapter/v2" className="VideoOS.Common.Integration.UnitTests.ServiceConnectionStatusTests" name="ServiceConnectionStatus_CommunicationError_Offline_Default" />
    </UnitTest>
    <UnitTest name="ServerFileStorage_WriteStream_ComplexScenario_UsageReportedCorrectly" storage="d:\actions-runner\_work\xpco\xpco\corporate\shared\common.integration\tst\videoos.common.integration.unittests\bin\x64\debug\net472\videoos.common.integration.unittests.dll" id="02910e9c-ec1f-156b-9de6-411729542a46">
      <Execution id="b1dbeb5d-384a-4d7d-9241-002142e543c8" />
      <TestMethod codeBase="D:\actions-runner\_work\XPCO\XPCO\Corporate\Shared\Common.Integration\tst\VideoOS.Common.Integration.UnitTests\bin\x64\Debug\net472\VideoOS.Common.Integration.UnitTests.dll" adapterTypeName="executor://mstestadapter/v2" className="VideoOS.Common.Integration.UnitTests.ServerFileStorageTests" name="ServerFileStorage_WriteStream_ComplexScenario_UsageReportedCorrectly" />
    </UnitTest>
    <UnitTest name="CustomLicenseType_FeatureFlagNotPresent" storage="d:\actions-runner\_work\xpco\xpco\corporate\shared\common.integration\tst\videoos.common.integration.unittests\bin\x64\debug\net472\videoos.common.integration.unittests.dll" id="0aec4cd5-5e68-1c1f-83c2-aa6c867c75b7">
      <TestCategory>
        <TestCategoryItem TestCategory="CustomLicenseTypeTest" />
      </TestCategory>
      <Execution id="1a947d0d-e528-49e5-ad00-63dfadc2cefb" />
      <TestMethod codeBase="D:\actions-runner\_work\XPCO\XPCO\Corporate\Shared\Common.Integration\tst\VideoOS.Common.Integration.UnitTests\bin\x64\Debug\net472\VideoOS.Common.Integration.UnitTests.dll" adapterTypeName="executor://mstestadapter/v2" className="VideoOS.Common.Integration.UnitTests.License.CustomLicenseTypeTests" name="CustomLicenseType_FeatureFlagNotPresent" />
    </UnitTest>
    <UnitTest name="IsDeviceLicensed_ReturnsTrue_OnActivatedICPDevice" storage="d:\actions-runner\_work\xpco\xpco\corporate\shared\common.integration\tst\videoos.common.integration.unittests\bin\x64\debug\net472\videoos.common.integration.unittests.dll" id="d0bb929b-e68b-8e3c-2c1e-496bb6ec2575">
      <TestCategory>
        <TestCategoryItem TestCategory="LicenseDocumentTest" />
      </TestCategory>
      <Execution id="5df0f0e6-d9b5-4b05-b2fa-576fb1c572d4" />
      <TestMethod codeBase="D:\actions-runner\_work\XPCO\XPCO\Corporate\Shared\Common.Integration\tst\VideoOS.Common.Integration.UnitTests\bin\x64\Debug\net472\VideoOS.Common.Integration.UnitTests.dll" adapterTypeName="executor://mstestadapter/v2" className="VideoOS.Common.Integration.UnitTests.License.LicenseDocumentTests" name="IsDeviceLicensed_ReturnsTrue_OnActivatedICPDevice" />
    </UnitTest>
    <UnitTest name="LicenseDocument_ThrowsUnsupportedLicensingModeError_OnLicenseWithInvalidMaximumChannelCount" storage="d:\actions-runner\_work\xpco\xpco\corporate\shared\common.integration\tst\videoos.common.integration.unittests\bin\x64\debug\net472\videoos.common.integration.unittests.dll" id="986cd690-83e0-f2b6-c2b1-78b8c7296ab1">
      <TestCategory>
        <TestCategoryItem TestCategory="LicenseDocumentTest" />
      </TestCategory>
      <Execution id="6b3a4d2d-9f48-43b7-895e-4b26f285b841" />
      <TestMethod codeBase="D:\actions-runner\_work\XPCO\XPCO\Corporate\Shared\Common.Integration\tst\VideoOS.Common.Integration.UnitTests\bin\x64\Debug\net472\VideoOS.Common.Integration.UnitTests.dll" adapterTypeName="executor://mstestadapter/v2" className="VideoOS.Common.Integration.UnitTests.License.LicenseDocumentTests" name="LicenseDocument_ThrowsUnsupportedLicensingModeError_OnLicenseWithInvalidMaximumChannelCount" />
    </UnitTest>
    <UnitTest name="Wrap_WithTypeFilterBinder_TypesAreTheNewTypesWrapped" storage="d:\actions-runner\_work\xpco\xpco\corporate\shared\common.integration\tst\videoos.common.integration.unittests\bin\x64\debug\net472\videoos.common.integration.unittests.dll" id="c44bea46-b8b9-81c5-4220-23f1ae9a0c24">
      <Execution id="8eaaca08-ec92-4dbb-aaa0-9c7d4f5c998e" />
      <TestMethod codeBase="D:\actions-runner\_work\XPCO\XPCO\Corporate\Shared\Common.Integration\tst\VideoOS.Common.Integration.UnitTests\bin\x64\Debug\net472\VideoOS.Common.Integration.UnitTests.dll" adapterTypeName="executor://mstestadapter/v2" className="VideoOS.Common.Integration.UnitTests.TypeFilteringSerializationBinderUtilityTest" name="Wrap_WithTypeFilterBinder_TypesAreTheNewTypesWrapped" />
    </UnitTest>
    <UnitTest name="WhiteList_Model_CreateInstanceWithValidModelParameter_Succeeds" storage="d:\actions-runner\_work\xpco\xpco\corporate\shared\common.integration\tst\videoos.common.integration.unittests\bin\x64\debug\net472\videoos.common.integration.unittests.dll" id="d8e67879-5c2f-559c-bb05-9156445a0866">
      <TestCategory>
        <TestCategoryItem TestCategory="Licensing" />
      </TestCategory>
      <Execution id="7a8cbca7-906a-41e8-b607-20c9dab1c071" />
      <TestMethod codeBase="D:\actions-runner\_work\XPCO\XPCO\Corporate\Shared\Common.Integration\tst\VideoOS.Common.Integration.UnitTests\bin\x64\Debug\net472\VideoOS.Common.Integration.UnitTests.dll" adapterTypeName="executor://mstestadapter/v2" className="VideoOS.Common.Integration.UnitTests.License.LicenseWhitelistTests" name="WhiteList_Model_CreateInstanceWithValidModelParameter_Succeeds" />
    </UnitTest>
    <UnitTest name="TestGeneratedLength" storage="d:\actions-runner\_work\xpco\xpco\corporate\shared\common.integration\tst\videoos.common.integration.unittests\bin\x64\debug\net472\videoos.common.integration.unittests.dll" id="13bd0905-8c51-594d-38fd-c49e6b2abab6">
      <Execution id="a8411281-67db-48de-981b-30bffffa393e" />
      <TestMethod codeBase="D:\actions-runner\_work\XPCO\XPCO\Corporate\Shared\Common.Integration\tst\VideoOS.Common.Integration.UnitTests\bin\x64\Debug\net472\VideoOS.Common.Integration.UnitTests.dll" adapterTypeName="executor://mstestadapter/v2" className="VideoOS.Common.Integration.UnitTests.PasswordMinMaxGenerator" name="TestGeneratedLength" />
    </UnitTest>
    <UnitTest name="GroupConfigurationAddGroupsOnlyOneLevel" storage="d:\actions-runner\_work\xpco\xpco\corporate\shared\common.integration\tst\videoos.common.integration.unittests\bin\x64\debug\net472\videoos.common.integration.unittests.dll" id="2259967c-e46c-ebf5-3e51-5ae1915a0703">
      <TestCategory>
        <TestCategoryItem TestCategory="Rules.GroupConfiguration" />
      </TestCategory>
      <Execution id="cb07a939-beda-4214-bc0e-fa40e91dfc10" />
      <TestMethod codeBase="D:\actions-runner\_work\XPCO\XPCO\Corporate\Shared\Common.Integration\tst\VideoOS.Common.Integration.UnitTests\bin\x64\Debug\net472\VideoOS.Common.Integration.UnitTests.dll" adapterTypeName="executor://mstestadapter/v2" className="VideoOS.Common.Integration.UnitTests.Rules.GroupConfigurationTest" name="GroupConfigurationAddGroupsOnlyOneLevel" />
    </UnitTest>
    <UnitTest name="ScheduledTimeReachedFunctionScheduledDateTimeNotReachedTest" storage="d:\actions-runner\_work\xpco\xpco\corporate\shared\common.integration\tst\videoos.common.integration.unittests\bin\x64\debug\net472\videoos.common.integration.unittests.dll" id="bcede72c-0945-dcf2-f0e3-70fa6db3591b">
      <Execution id="f8c6abd8-bdec-4cbc-bc1b-b084fd2da369" />
      <TestMethod codeBase="D:\actions-runner\_work\XPCO\XPCO\Corporate\Shared\Common.Integration\tst\VideoOS.Common.Integration.UnitTests\bin\x64\Debug\net472\VideoOS.Common.Integration.UnitTests.dll" adapterTypeName="executor://mstestadapter/v2" className="VideoOS.Common.Integration.UnitTests.Rules.ScheduledTimeReachedFunctionTest" name="ScheduledTimeReachedFunctionScheduledDateTimeNotReachedTest" />
    </UnitTest>
    <UnitTest name="ResponseException_ResponseSet_ResponseInException" storage="d:\actions-runner\_work\xpco\xpco\corporate\shared\common.integration\tst\videoos.common.integration.unittests\bin\x64\debug\net472\videoos.common.integration.unittests.dll" id="be49edaa-7c8c-214f-98ad-1b05c75472a4">
      <Execution id="4327b94e-6da0-404d-843e-d1303ccd214c" />
      <TestMethod codeBase="D:\actions-runner\_work\XPCO\XPCO\Corporate\Shared\Common.Integration\tst\VideoOS.Common.Integration.UnitTests\bin\x64\Debug\net472\VideoOS.Common.Integration.UnitTests.dll" adapterTypeName="executor://mstestadapter/v2" className="VideoOS.Common.Integration.UnitTests.WebAPI.Exceptions.ResponseExceptionTests" name="ResponseException_ResponseSet_ResponseInException" />
    </UnitTest>
    <UnitTest name="ReadAttributeAsBoolean_NameNull" storage="d:\actions-runner\_work\xpco\xpco\corporate\shared\common.integration\tst\videoos.common.integration.unittests\bin\x64\debug\net472\videoos.common.integration.unittests.dll" id="8fe7098d-89ed-03ab-9d4e-6890a79e2249">
      <Execution id="12fab26a-a919-4817-ab6b-adf6189af0f4" />
      <TestMethod codeBase="D:\actions-runner\_work\XPCO\XPCO\Corporate\Shared\Common.Integration\tst\VideoOS.Common.Integration.UnitTests\bin\x64\Debug\net472\VideoOS.Common.Integration.UnitTests.dll" adapterTypeName="executor://mstestadapter/v2" className="VideoOS.Common.Integration.UnitTests.XmlDocumentExtensionsCoreUnitTests" name="ReadAttributeAsBoolean_NameNull" />
    </UnitTest>
    <UnitTest name="WhiteList_CanHandleEmptyLinesInDriverList" storage="d:\actions-runner\_work\xpco\xpco\corporate\shared\common.integration\tst\videoos.common.integration.unittests\bin\x64\debug\net472\videoos.common.integration.unittests.dll" id="c9e2ea7e-28a5-60d2-6fc2-d2c88285a5e9">
      <TestCategory>
        <TestCategoryItem TestCategory="Licensing" />
      </TestCategory>
      <Execution id="0abc2a8c-e7ee-4df9-961e-1e91e66c08e4" />
      <TestMethod codeBase="D:\actions-runner\_work\XPCO\XPCO\Corporate\Shared\Common.Integration\tst\VideoOS.Common.Integration.UnitTests\bin\x64\Debug\net472\VideoOS.Common.Integration.UnitTests.dll" adapterTypeName="executor://mstestadapter/v2" className="VideoOS.Common.Integration.UnitTests.License.LicenseWhitelistTests" name="WhiteList_CanHandleEmptyLinesInDriverList" />
    </UnitTest>
    <UnitTest name="TestMergeGridAreaWithDifferentAspectRatioAreas" storage="d:\actions-runner\_work\xpco\xpco\corporate\shared\common.integration\tst\videoos.common.integration.unittests\bin\x64\debug\net472\videoos.common.integration.unittests.dll" id="8d948bad-7aae-8437-b7cf-1d0664eecab1">
      <Execution id="5fdae666-50b5-4cda-9730-c0160064350b" />
      <TestMethod codeBase="D:\actions-runner\_work\XPCO\XPCO\Corporate\Shared\Common.Integration\tst\VideoOS.Common.Integration.UnitTests\bin\x64\Debug\net472\VideoOS.Common.Integration.UnitTests.dll" adapterTypeName="executor://mstestadapter/v2" className="VideoOS.Common.Integration.UnitTests.Configuration.FillableGridAreaUnitTest" name="TestMergeGridAreaWithDifferentAspectRatioAreas" />
    </UnitTest>
    <UnitTest name="ServerFileStorage_ReturnStorage_ExistsOnDisk_DeletesFile" storage="d:\actions-runner\_work\xpco\xpco\corporate\shared\common.integration\tst\videoos.common.integration.unittests\bin\x64\debug\net472\videoos.common.integration.unittests.dll" id="1b4f53b0-210d-1a1d-f735-fed942fd893a">
      <Execution id="b71b5dfc-b5ae-48c3-8b80-12b8c37e6bf9" />
      <TestMethod codeBase="D:\actions-runner\_work\XPCO\XPCO\Corporate\Shared\Common.Integration\tst\VideoOS.Common.Integration.UnitTests\bin\x64\Debug\net472\VideoOS.Common.Integration.UnitTests.dll" adapterTypeName="executor://mstestadapter/v2" className="VideoOS.Common.Integration.UnitTests.ServerFileStorageTests" name="ServerFileStorage_ReturnStorage_ExistsOnDisk_DeletesFile" />
    </UnitTest>
    <UnitTest name="FeatureManager_AllFeatureNames_Success" storage="d:\actions-runner\_work\xpco\xpco\corporate\shared\common.integration\tst\videoos.common.integration.unittests\bin\x64\debug\net472\videoos.common.integration.unittests.dll" id="80d6adb4-1650-27fd-08b7-0698f3bcab62">
      <Execution id="4a31bd1f-7904-4d10-8f2d-6c2f016754ab" />
      <TestMethod codeBase="D:\actions-runner\_work\XPCO\XPCO\Corporate\Shared\Common.Integration\tst\VideoOS.Common.Integration.UnitTests\bin\x64\Debug\net472\VideoOS.Common.Integration.UnitTests.dll" adapterTypeName="executor://mstestadapter/v2" className="VideoOS.Common.Integration.UnitTests.License.FeatureManagerTest" name="FeatureManager_AllFeatureNames_Success" />
    </UnitTest>
    <UnitTest name="Config_To_Xml_Success" storage="d:\actions-runner\_work\xpco\xpco\corporate\shared\common.integration\tst\videoos.common.integration.unittests\bin\x64\debug\net472\videoos.common.integration.unittests.dll" id="4531876c-fda5-27ed-ec29-428147ad79c0">
      <Execution id="75c222f4-44f1-4cd9-b9fd-a1c71143a679" />
      <TestMethod codeBase="D:\actions-runner\_work\XPCO\XPCO\Corporate\Shared\Common.Integration\tst\VideoOS.Common.Integration.UnitTests\bin\x64\Debug\net472\VideoOS.Common.Integration.UnitTests.dll" adapterTypeName="executor://mstestadapter/v2" className="VideoOS.Common.Integration.UnitTests.Configuration.MotionDetectionSettingsUnitTests" name="Config_To_Xml_Success" />
    </UnitTest>
    <UnitTest name="SendAsync_EndPointIsNull_ArgumentNullExceptionThrown" storage="d:\actions-runner\_work\xpco\xpco\corporate\shared\common.integration\tst\videoos.common.integration.unittests\bin\x64\debug\net472\videoos.common.integration.unittests.dll" id="469e0c96-5460-1d7e-389d-3f6fffba4b8a">
      <Execution id="0d673a13-2d8a-4336-a941-e833a12cd0a1" />
      <TestMethod codeBase="D:\actions-runner\_work\XPCO\XPCO\Corporate\Shared\Common.Integration\tst\VideoOS.Common.Integration.UnitTests\bin\x64\Debug\net472\VideoOS.Common.Integration.UnitTests.dll" adapterTypeName="executor://mstestadapter/v2" className="VideoOS.Common.Integration.WebApi.HttpClientCommunicatorUnitTests" name="SendAsync_EndPointIsNull_ArgumentNullExceptionThrown" />
    </UnitTest>
    <UnitTest name="Index_RemoveEntry_Null_Throws_ArgumentNllException" storage="d:\actions-runner\_work\xpco\xpco\corporate\shared\common.integration\tst\videoos.common.integration.unittests\bin\x64\debug\net472\videoos.common.integration.unittests.dll" id="611e19c8-09f4-c458-64c7-cf7075110940">
      <Execution id="76537478-b7f5-4ca5-af0b-1f44220ff066" />
      <TestMethod codeBase="D:\actions-runner\_work\XPCO\XPCO\Corporate\Shared\Common.Integration\tst\VideoOS.Common.Integration.UnitTests\bin\x64\Debug\net472\VideoOS.Common.Integration.UnitTests.dll" adapterTypeName="executor://mstestadapter/v2" className="VideoOS.Common.Integration.UnitTests.IndexedCollectionUnitTests" name="Index_RemoveEntry_Null_Throws_ArgumentNllException" />
    </UnitTest>
    <UnitTest name="SendAsync_OnlyEndpoint_NoError_TaskIsExecuted" storage="d:\actions-runner\_work\xpco\xpco\corporate\shared\common.integration\tst\videoos.common.integration.unittests\bin\x64\debug\net472\videoos.common.integration.unittests.dll" id="1a1d36c1-a3f1-9ffa-6dda-f0438eb6a766">
      <Execution id="b7cee273-73fa-4543-bbbf-343d277c7849" />
      <TestMethod codeBase="D:\actions-runner\_work\XPCO\XPCO\Corporate\Shared\Common.Integration\tst\VideoOS.Common.Integration.UnitTests\bin\x64\Debug\net472\VideoOS.Common.Integration.UnitTests.dll" adapterTypeName="executor://mstestadapter/v2" className="VideoOS.Common.Integration.WebApi.HttpClientCommunicatorUnitTests" name="SendAsync_OnlyEndpoint_NoError_TaskIsExecuted" />
    </UnitTest>
    <UnitTest name="DecryptingMediaDbCertificateSystemSetting" storage="d:\actions-runner\_work\xpco\xpco\corporate\shared\common.integration\tst\videoos.common.integration.unittests\bin\x64\debug\net472\videoos.common.integration.unittests.dll" id="980cc826-32b0-1279-cbe3-894a0cae1fcb">
      <Execution id="9d3dc958-ee0d-458e-8590-7a5102f5dc9d" />
      <TestMethod codeBase="D:\actions-runner\_work\XPCO\XPCO\Corporate\Shared\Common.Integration\tst\VideoOS.Common.Integration.UnitTests\bin\x64\Debug\net472\VideoOS.Common.Integration.UnitTests.dll" adapterTypeName="executor://mstestadapter/v2" className="VideoOS.Common.Integration.UnitTests.Configuration.XmlEncryptionHelperTests" name="DecryptingMediaDbCertificateSystemSetting" />
    </UnitTest>
    <UnitTest name="Encrypt_DataSetHasNewRow_DataSetIsEncrypted" storage="d:\actions-runner\_work\xpco\xpco\corporate\shared\common.integration\tst\videoos.common.integration.unittests\bin\x64\debug\net472\videoos.common.integration.unittests.dll" id="72d528ab-d938-9637-922f-e14047d9eeff">
      <Execution id="64da57eb-3670-4ac6-8fe1-a6925e7c5d42" />
      <TestMethod codeBase="D:\actions-runner\_work\XPCO\XPCO\Corporate\Shared\Common.Integration\tst\VideoOS.Common.Integration.UnitTests\bin\x64\Debug\net472\VideoOS.Common.Integration.UnitTests.dll" adapterTypeName="executor://mstestadapter/v2" className="VideoOS.Common.Integration.UnitTests.Configuration.HostingServerTableAdapterTests" name="Encrypt_DataSetHasNewRow_DataSetIsEncrypted" />
    </UnitTest>
    <UnitTest name="TestShortPasswordGeneration" storage="d:\actions-runner\_work\xpco\xpco\corporate\shared\common.integration\tst\videoos.common.integration.unittests\bin\x64\debug\net472\videoos.common.integration.unittests.dll" id="6cf36fc4-07c4-7b32-5293-af5d68c60034">
      <Execution id="00446edd-46ba-488e-b6ff-d60bdc79b98f" />
      <TestMethod codeBase="D:\actions-runner\_work\XPCO\XPCO\Corporate\Shared\Common.Integration\tst\VideoOS.Common.Integration.UnitTests\bin\x64\Debug\net472\VideoOS.Common.Integration.UnitTests.dll" adapterTypeName="executor://mstestadapter/v2" className="VideoOS.Common.Integration.UnitTests.PasswordMinMaxGenerator" name="TestShortPasswordGeneration" />
    </UnitTest>
    <UnitTest name="EvidenceLockOnOldRecorderModelTests_Validate_Failed" storage="d:\actions-runner\_work\xpco\xpco\corporate\shared\common.integration\tst\videoos.common.integration.unittests\bin\x64\debug\net472\videoos.common.integration.unittests.dll" id="844c2f58-2f26-162b-d78b-da70ba0657d7">
      <Execution id="ebf65e69-6e0e-478e-8cb4-b746df3e65fb" />
      <TestMethod codeBase="D:\actions-runner\_work\XPCO\XPCO\Corporate\Shared\Common.Integration\tst\VideoOS.Common.Integration.UnitTests\bin\x64\Debug\net472\VideoOS.Common.Integration.UnitTests.dll" adapterTypeName="executor://mstestadapter/v2" className="VideoOS.Common.Integration.UnitTests.WebAPI.Model.EvidenceLockOnOldRecorderModelTests" name="EvidenceLockOnOldRecorderModelTests_Validate_Failed" />
    </UnitTest>
    <UnitTest name="Encrypt_DataSetIsNull_ThrowsArgumentNullException" storage="d:\actions-runner\_work\xpco\xpco\corporate\shared\common.integration\tst\videoos.common.integration.unittests\bin\x64\debug\net472\videoos.common.integration.unittests.dll" id="91802298-d623-8d8a-fccc-abace55a9769">
      <Execution id="694c3754-3705-4aeb-8224-3007eda2792e" />
      <TestMethod codeBase="D:\actions-runner\_work\XPCO\XPCO\Corporate\Shared\Common.Integration\tst\VideoOS.Common.Integration.UnitTests\bin\x64\Debug\net472\VideoOS.Common.Integration.UnitTests.dll" adapterTypeName="executor://mstestadapter/v2" className="VideoOS.Common.Integration.UnitTests.Configuration.RecordingStorageTableAdapterTests" name="Encrypt_DataSetIsNull_ThrowsArgumentNullException" />
    </UnitTest>
    <UnitTest name="CheckAllMIPFiltersKindsTestNotOk2" storage="d:\actions-runner\_work\xpco\xpco\corporate\shared\common.integration\tst\videoos.common.integration.unittests\bin\x64\debug\net472\videoos.common.integration.unittests.dll" id="288f6194-a584-f13f-2c69-3cf58f8bd336">
      <TestCategory>
        <TestCategoryItem TestCategory="Rules.MIPFilter" />
      </TestCategory>
      <Execution id="9a0f80d0-a73c-4227-99d1-0aaa9c418524" />
      <TestMethod codeBase="D:\actions-runner\_work\XPCO\XPCO\Corporate\Shared\Common.Integration\tst\VideoOS.Common.Integration.UnitTests\bin\x64\Debug\net472\VideoOS.Common.Integration.UnitTests.dll" adapterTypeName="executor://mstestadapter/v2" className="VideoOS.Common.Integration.UnitTests.Rules.MIPFilterTest" name="CheckAllMIPFiltersKindsTestNotOk2" />
    </UnitTest>
    <UnitTest name="ScanParameters_ModificationTest" storage="d:\actions-runner\_work\xpco\xpco\corporate\shared\common.integration\tst\videoos.common.integration.unittests\bin\x64\debug\net472\videoos.common.integration.unittests.dll" id="a34f5e56-3a10-d59a-ae32-fe0e930ffbeb">
      <Execution id="ce3a255b-cc43-46e7-ba22-8103402ce774" />
      <TestMethod codeBase="D:\actions-runner\_work\XPCO\XPCO\Corporate\Shared\Common.Integration\tst\VideoOS.Common.Integration.UnitTests\bin\x64\Debug\net472\VideoOS.Common.Integration.UnitTests.dll" adapterTypeName="executor://mstestadapter/v2" className="VideoOS.Common.Integration.UnitTests.ScanParametersTest" name="ScanParameters_ModificationTest" />
    </UnitTest>
    <UnitTest name="Transform_XmlWithoutPassword_NoChanges" storage="d:\actions-runner\_work\xpco\xpco\corporate\shared\common.integration\tst\videoos.common.integration.unittests\bin\x64\debug\net472\videoos.common.integration.unittests.dll" id="8320c3cf-e174-9e60-eebf-d75d6487530d">
      <Execution id="ca8f1200-93dc-468a-85e3-482ee050b17b" />
      <TestMethod codeBase="D:\actions-runner\_work\XPCO\XPCO\Corporate\Shared\Common.Integration\tst\VideoOS.Common.Integration.UnitTests\bin\x64\Debug\net472\VideoOS.Common.Integration.UnitTests.dll" adapterTypeName="executor://mstestadapter/v2" className="VideoOS.Common.Integration.UnitTests.Configuration.ConfigurationDataSetEncryption.HardwareScanEncryptionTests" name="Transform_XmlWithoutPassword_NoChanges" />
    </UnitTest>
    <UnitTest name="RulesTableAdapter_SetUserSid_Twice_InvalidOperationException" storage="d:\actions-runner\_work\xpco\xpco\corporate\shared\common.integration\tst\videoos.common.integration.unittests\bin\x64\debug\net472\videoos.common.integration.unittests.dll" id="246c8a65-c427-a9c1-ae58-a7c66780d3ff">
      <Execution id="d569ba26-1f43-4088-953d-6e4d7ca2a0b5" />
      <TestMethod codeBase="D:\actions-runner\_work\XPCO\XPCO\Corporate\Shared\Common.Integration\tst\VideoOS.Common.Integration.UnitTests\bin\x64\Debug\net472\VideoOS.Common.Integration.UnitTests.dll" adapterTypeName="executor://mstestadapter/v2" className="VideoOS.Common.Integration.UnitTests.Configuration.RulesTableAdapterUnitTests" name="RulesTableAdapter_SetUserSid_Twice_InvalidOperationException" />
    </UnitTest>
    <UnitTest name="LicenseActivationService_AcquireLicense_LicenseNotAllowed_ActivationLimitExceeded" storage="d:\actions-runner\_work\xpco\xpco\corporate\shared\common.integration\tst\videoos.common.integration.unittests\bin\x64\debug\net472\videoos.common.integration.unittests.dll" id="777a481b-1bf2-d3dc-f547-d2aff80bd474">
      <Execution id="69e7591c-bfc1-4c3c-8023-f9d399e03c56" />
      <TestMethod codeBase="D:\actions-runner\_work\XPCO\XPCO\Corporate\Shared\Common.Integration\tst\VideoOS.Common.Integration.UnitTests\bin\x64\Debug\net472\VideoOS.Common.Integration.UnitTests.dll" adapterTypeName="executor://mstestadapter/v2" className="VideoOS.Common.Integration.UnitTests.License.LicenseActivationServiceTests" name="LicenseActivationService_AcquireLicense_LicenseNotAllowed_ActivationLimitExceeded" />
    </UnitTest>
    <UnitTest name="TestSetRegionWithInvalidIndexThrows" storage="d:\actions-runner\_work\xpco\xpco\corporate\shared\common.integration\tst\videoos.common.integration.unittests\bin\x64\debug\net472\videoos.common.integration.unittests.dll" id="0327f027-7dbf-9667-735e-eac3e8857101">
      <Execution id="38bd21cc-7dc4-4163-bfb2-ad7e0d30c625" />
      <TestMethod codeBase="D:\actions-runner\_work\XPCO\XPCO\Corporate\Shared\Common.Integration\tst\VideoOS.Common.Integration.UnitTests\bin\x64\Debug\net472\VideoOS.Common.Integration.UnitTests.dll" adapterTypeName="executor://mstestadapter/v2" className="VideoOS.Common.Integration.UnitTests.Configuration.FillableGridAreaUnitTest" name="TestSetRegionWithInvalidIndexThrows" />
    </UnitTest>
    <UnitTest name="HardwareInfo_HasActivatedCameras_ReturnsFalse_OnNoActivatedCameras" storage="d:\actions-runner\_work\xpco\xpco\corporate\shared\common.integration\tst\videoos.common.integration.unittests\bin\x64\debug\net472\videoos.common.integration.unittests.dll" id="4f2ece04-87f7-2858-00b8-5509d2fd2b44">
      <Execution id="074cd1ed-3f57-4df3-b9e6-c4cb66243f3e" />
      <TestMethod codeBase="D:\actions-runner\_work\XPCO\XPCO\Corporate\Shared\Common.Integration\tst\VideoOS.Common.Integration.UnitTests\bin\x64\Debug\net472\VideoOS.Common.Integration.UnitTests.dll" adapterTypeName="executor://mstestadapter/v2" className="VideoOS.Common.Integration.UnitTests.License.HardwareInfoTests" name="HardwareInfo_HasActivatedCameras_ReturnsFalse_OnNoActivatedCameras" />
    </UnitTest>
    <UnitTest name="ExecuteRuleActionsModel_Validate_Failed" storage="d:\actions-runner\_work\xpco\xpco\corporate\shared\common.integration\tst\videoos.common.integration.unittests\bin\x64\debug\net472\videoos.common.integration.unittests.dll" id="d58055e7-c44a-ddff-22e8-3fe2f9d0315f">
      <Execution id="46c313c5-e907-4c12-bfc3-7cb158802806" />
      <TestMethod codeBase="D:\actions-runner\_work\XPCO\XPCO\Corporate\Shared\Common.Integration\tst\VideoOS.Common.Integration.UnitTests\bin\x64\Debug\net472\VideoOS.Common.Integration.UnitTests.dll" adapterTypeName="executor://mstestadapter/v2" className="VideoOS.Common.Integration.UnitTests.WebApi.ExecuteRuleActionsModelTest" name="ExecuteRuleActionsModel_Validate_Failed" />
    </UnitTest>
    <UnitTest name="HttpClientCommunicatorWrapper_SendTObj_CommunicationException" storage="d:\actions-runner\_work\xpco\xpco\corporate\shared\common.integration\tst\videoos.common.integration.unittests\bin\x64\debug\net472\videoos.common.integration.unittests.dll" id="e3b90b5a-190b-f8ce-6d90-a29ef6a98aff">
      <Execution id="8ad8ecd5-e3fb-45f1-860b-d3f412331b91" />
      <TestMethod codeBase="D:\actions-runner\_work\XPCO\XPCO\Corporate\Shared\Common.Integration\tst\VideoOS.Common.Integration.UnitTests\bin\x64\Debug\net472\VideoOS.Common.Integration.UnitTests.dll" adapterTypeName="executor://mstestadapter/v2" className="VideoOS.Common.Integration.UnitTests.WebAPI.HttpClientCommunicatorWrapperTests" name="HttpClientCommunicatorWrapper_SendTObj_CommunicationException" />
    </UnitTest>
    <UnitTest name="ServerFileStorageEntry_Persist_Success" storage="d:\actions-runner\_work\xpco\xpco\corporate\shared\common.integration\tst\videoos.common.integration.unittests\bin\x64\debug\net472\videoos.common.integration.unittests.dll" id="6ee2a6b6-87cf-4f98-5142-b8f7a01ffdac">
      <Execution id="8faecea1-6065-4edc-82b8-d15aaa4349e4" />
      <TestMethod codeBase="D:\actions-runner\_work\XPCO\XPCO\Corporate\Shared\Common.Integration\tst\VideoOS.Common.Integration.UnitTests\bin\x64\Debug\net472\VideoOS.Common.Integration.UnitTests.dll" adapterTypeName="executor://mstestadapter/v2" className="VideoOS.Common.Integration.UnitTests.ServerFileStorageTests" name="ServerFileStorageEntry_Persist_Success" />
    </UnitTest>
    <UnitTest name="Encrypt_DataSetHasModifiedRow_DataSetIsEncrypted" storage="d:\actions-runner\_work\xpco\xpco\corporate\shared\common.integration\tst\videoos.common.integration.unittests\bin\x64\debug\net472\videoos.common.integration.unittests.dll" id="43a825c4-520e-8fa6-1493-a2c2e20fcfd4">
      <Execution id="3a310ada-36da-4aa9-8df3-1fb77f2eb51c" />
      <TestMethod codeBase="D:\actions-runner\_work\XPCO\XPCO\Corporate\Shared\Common.Integration\tst\VideoOS.Common.Integration.UnitTests\bin\x64\Debug\net472\VideoOS.Common.Integration.UnitTests.dll" adapterTypeName="executor://mstestadapter/v2" className="VideoOS.Common.Integration.UnitTests.Configuration.HostedHardwareTableAdapterTests" name="Encrypt_DataSetHasModifiedRow_DataSetIsEncrypted" />
    </UnitTest>
    <UnitTest name="PinkOemResourcesTest" storage="d:\actions-runner\_work\xpco\xpco\corporate\shared\common.integration\tst\videoos.common.integration.unittests\bin\x64\debug\net472\videoos.common.integration.unittests.dll" id="bcddb465-d4df-8ce2-78ba-0d4593ba74d4">
      <Execution id="20c67970-4551-4002-b8de-9461ad62433d" />
      <TestMethod codeBase="D:\actions-runner\_work\XPCO\XPCO\Corporate\Shared\Common.Integration\tst\VideoOS.Common.Integration.UnitTests\bin\x64\Debug\net472\VideoOS.Common.Integration.UnitTests.dll" adapterTypeName="executor://mstestadapter/v2" className="VideoOS.Common.Integration.UnitTests.OEM.OemResourcesUnitTests" name="PinkOemResourcesTest" />
    </UnitTest>
    <UnitTest name="HttpClientCommunicatorWrapper_SendAsyncTObj_CommunicationException" storage="d:\actions-runner\_work\xpco\xpco\corporate\shared\common.integration\tst\videoos.common.integration.unittests\bin\x64\debug\net472\videoos.common.integration.unittests.dll" id="7fc5a7e1-ad16-5239-3d39-0cbfb8752fdc">
      <Execution id="e041c4b7-b3b5-4353-84be-0af0a6336018" />
      <TestMethod codeBase="D:\actions-runner\_work\XPCO\XPCO\Corporate\Shared\Common.Integration\tst\VideoOS.Common.Integration.UnitTests\bin\x64\Debug\net472\VideoOS.Common.Integration.UnitTests.dll" adapterTypeName="executor://mstestadapter/v2" className="VideoOS.Common.Integration.UnitTests.WebAPI.HttpClientCommunicatorWrapperTests" name="HttpClientCommunicatorWrapper_SendAsyncTObj_CommunicationException" />
    </UnitTest>
    <UnitTest name="ServerFileStorage_TemporaryCleanupService_Receives_TemporaryEntriesOnly" storage="d:\actions-runner\_work\xpco\xpco\corporate\shared\common.integration\tst\videoos.common.integration.unittests\bin\x64\debug\net472\videoos.common.integration.unittests.dll" id="e3e5bf3f-16f2-8846-7289-33d35c738574">
      <Execution id="f3d4ef12-97a0-4714-b43c-018cae76df01" />
      <TestMethod codeBase="D:\actions-runner\_work\XPCO\XPCO\Corporate\Shared\Common.Integration\tst\VideoOS.Common.Integration.UnitTests\bin\x64\Debug\net472\VideoOS.Common.Integration.UnitTests.dll" adapterTypeName="executor://mstestadapter/v2" className="VideoOS.Common.Integration.UnitTests.ServerFileStorageTests" name="ServerFileStorage_TemporaryCleanupService_Receives_TemporaryEntriesOnly" />
    </UnitTest>
    <UnitTest name="TestXmlVersionOfTwoEqualAreaIsTheSame" storage="d:\actions-runner\_work\xpco\xpco\corporate\shared\common.integration\tst\videoos.common.integration.unittests\bin\x64\debug\net472\videoos.common.integration.unittests.dll" id="1cbfcdfa-2dd8-f401-9c22-685c920f3fd3">
      <Execution id="d8e722dc-f6fe-447d-9950-c6cfba851b26" />
      <TestMethod codeBase="D:\actions-runner\_work\XPCO\XPCO\Corporate\Shared\Common.Integration\tst\VideoOS.Common.Integration.UnitTests\bin\x64\Debug\net472\VideoOS.Common.Integration.UnitTests.dll" adapterTypeName="executor://mstestadapter/v2" className="VideoOS.Common.Integration.UnitTests.Configuration.FillableGridAreaUnitTest" name="TestXmlVersionOfTwoEqualAreaIsTheSame" />
    </UnitTest>
    <UnitTest name="Test_IsMember_SimpleBranched" storage="d:\actions-runner\_work\xpco\xpco\corporate\shared\common.integration\tst\videoos.common.integration.unittests\bin\x64\debug\net472\videoos.common.integration.unittests.dll" id="30094c8d-ee5e-5b45-e455-af217d37fc05">
      <Execution id="082200cf-4348-4deb-a7a7-61fd5205beb4" />
      <TestMethod codeBase="D:\actions-runner\_work\XPCO\XPCO\Corporate\Shared\Common.Integration\tst\VideoOS.Common.Integration.UnitTests\bin\x64\Debug\net472\VideoOS.Common.Integration.UnitTests.dll" adapterTypeName="executor://mstestadapter/v2" className="VideoOS.Common.Integration.UnitTests.Caching.MembershipCacheUnitTest" name="Test_IsMember_SimpleBranched" />
    </UnitTest>
    <UnitTest name="ReadIdentityFromCache_EmptySid" storage="d:\actions-runner\_work\xpco\xpco\corporate\shared\common.integration\tst\videoos.common.integration.unittests\bin\x64\debug\net472\videoos.common.integration.unittests.dll" id="3a7edffd-c2c3-d5db-414e-6b27f5fdb54b">
      <Execution id="dfb02eb9-a25c-4c7e-8962-c60b6fd98e37" />
      <TestMethod codeBase="D:\actions-runner\_work\XPCO\XPCO\Corporate\Shared\Common.Integration\tst\VideoOS.Common.Integration.UnitTests\bin\x64\Debug\net472\VideoOS.Common.Integration.UnitTests.dll" adapterTypeName="executor://mstestadapter/v2" className="VideoOS.Common.Integration.UnitTests.Caching.SecurityIdentityCacheUnitTests" name="ReadIdentityFromCache_EmptySid" />
    </UnitTest>
    <UnitTest name="Test_Members_SimpleBranched" storage="d:\actions-runner\_work\xpco\xpco\corporate\shared\common.integration\tst\videoos.common.integration.unittests\bin\x64\debug\net472\videoos.common.integration.unittests.dll" id="9ba4c605-3db2-635c-6ef2-1a1621029992">
      <Execution id="c449f56e-4fdd-4a2b-8305-8791db7cf9ae" />
      <TestMethod codeBase="D:\actions-runner\_work\XPCO\XPCO\Corporate\Shared\Common.Integration\tst\VideoOS.Common.Integration.UnitTests\bin\x64\Debug\net472\VideoOS.Common.Integration.UnitTests.dll" adapterTypeName="executor://mstestadapter/v2" className="VideoOS.Common.Integration.UnitTests.Caching.MembershipCacheUnitTest" name="Test_Members_SimpleBranched" />
    </UnitTest>
    <UnitTest name="GetPresetByKey_ByNameWhenNumberedPresetWithSuchIdExists" storage="d:\actions-runner\_work\xpco\xpco\corporate\shared\common.integration\tst\videoos.common.integration.unittests\bin\x64\debug\net472\videoos.common.integration.unittests.dll" id="de4e9341-6c70-1466-d97b-50164787f46d">
      <Execution id="c5f6d694-7353-4945-86d1-b436d8a88e91" />
      <TestMethod codeBase="D:\actions-runner\_work\XPCO\XPCO\Corporate\Shared\Common.Integration\tst\VideoOS.Common.Integration.UnitTests\bin\x64\Debug\net472\VideoOS.Common.Integration.UnitTests.dll" adapterTypeName="executor://mstestadapter/v2" className="VideoOS.Common.Integration.UnitTests.PtzPresetCollectionUnitTests" name="GetPresetByKey_ByNameWhenNumberedPresetWithSuchIdExists" />
    </UnitTest>
    <UnitTest name="ServiceDiscoveryEngine_CommunicationConfirmed_ServiceNotFound" storage="d:\actions-runner\_work\xpco\xpco\corporate\shared\common.integration\tst\videoos.common.integration.unittests\bin\x64\debug\net472\videoos.common.integration.unittests.dll" id="19d0bcdc-5dab-a23a-f989-5306773408ba">
      <Execution id="daaf1024-8d62-4311-a86b-56add1000241" />
      <TestMethod codeBase="D:\actions-runner\_work\XPCO\XPCO\Corporate\Shared\Common.Integration\tst\VideoOS.Common.Integration.UnitTests\bin\x64\Debug\net472\VideoOS.Common.Integration.UnitTests.dll" adapterTypeName="executor://mstestadapter/v2" className="VideoOS.Common.Integration.UnitTests.WebAPI.Exceptions.ServiceDiscoveryEngineTests" name="ServiceDiscoveryEngine_CommunicationConfirmed_ServiceNotFound" />
    </UnitTest>
    <UnitTest name="LicenseActivationService_AcquireLicense_LicenseNotAllowed_FeatureNotRegistered" storage="d:\actions-runner\_work\xpco\xpco\corporate\shared\common.integration\tst\videoos.common.integration.unittests\bin\x64\debug\net472\videoos.common.integration.unittests.dll" id="8bc2f5a4-2b6a-d6fa-6633-3ec73ee952bc">
      <Execution id="67135471-e876-41e4-a83e-903e0d5a52cf" />
      <TestMethod codeBase="D:\actions-runner\_work\XPCO\XPCO\Corporate\Shared\Common.Integration\tst\VideoOS.Common.Integration.UnitTests\bin\x64\Debug\net472\VideoOS.Common.Integration.UnitTests.dll" adapterTypeName="executor://mstestadapter/v2" className="VideoOS.Common.Integration.UnitTests.License.LicenseActivationServiceTests" name="LicenseActivationService_AcquireLicense_LicenseNotAllowed_FeatureNotRegistered" />
    </UnitTest>
    <UnitTest name="Validate_PartialMatch_Found_StartOfWord_LowerCase_Success" storage="d:\actions-runner\_work\xpco\xpco\corporate\shared\common.integration\tst\videoos.common.integration.unittests\bin\x64\debug\net472\videoos.common.integration.unittests.dll" id="e13f6d90-f26d-a205-f30b-8522dd9dd946">
      <Execution id="d05d8efd-e02c-45db-af76-1ba8a082c819" />
      <TestMethod codeBase="D:\actions-runner\_work\XPCO\XPCO\Corporate\Shared\Common.Integration\tst\VideoOS.Common.Integration.UnitTests\bin\x64\Debug\net472\VideoOS.Common.Integration.UnitTests.dll" adapterTypeName="executor://mstestadapter/v2" className="VideoOS.Common.Integration.UnitTests.License.WhitelistMatchHelperTests" name="Validate_PartialMatch_Found_StartOfWord_LowerCase_Success" />
    </UnitTest>
    <UnitTest name="Validate_PartialMatch_Found_StartOfWord_MixedCase_Success" storage="d:\actions-runner\_work\xpco\xpco\corporate\shared\common.integration\tst\videoos.common.integration.unittests\bin\x64\debug\net472\videoos.common.integration.unittests.dll" id="78d4cbcb-d66c-a346-221f-283d82c4dad5">
      <Execution id="6d59b45b-6f50-4cf0-9a0f-1105a4610245" />
      <TestMethod codeBase="D:\actions-runner\_work\XPCO\XPCO\Corporate\Shared\Common.Integration\tst\VideoOS.Common.Integration.UnitTests\bin\x64\Debug\net472\VideoOS.Common.Integration.UnitTests.dll" adapterTypeName="executor://mstestadapter/v2" className="VideoOS.Common.Integration.UnitTests.License.WhitelistMatchHelperTests" name="Validate_PartialMatch_Found_StartOfWord_MixedCase_Success" />
    </UnitTest>
    <UnitTest name="Validate_UnknownMatchType_IsMatchReturnsFalse" storage="d:\actions-runner\_work\xpco\xpco\corporate\shared\common.integration\tst\videoos.common.integration.unittests\bin\x64\debug\net472\videoos.common.integration.unittests.dll" id="d5c46146-af08-f2b5-43b5-902e9535be6a">
      <Execution id="19111b53-8ba5-43a6-929d-07461b6dc822" />
      <TestMethod codeBase="D:\actions-runner\_work\XPCO\XPCO\Corporate\Shared\Common.Integration\tst\VideoOS.Common.Integration.UnitTests\bin\x64\Debug\net472\VideoOS.Common.Integration.UnitTests.dll" adapterTypeName="executor://mstestadapter/v2" className="VideoOS.Common.Integration.UnitTests.License.WhitelistMatchHelperTests" name="Validate_UnknownMatchType_IsMatchReturnsFalse" />
    </UnitTest>
    <UnitTest name="ReadChildElementValueAsUInt64_NoChild" storage="d:\actions-runner\_work\xpco\xpco\corporate\shared\common.integration\tst\videoos.common.integration.unittests\bin\x64\debug\net472\videoos.common.integration.unittests.dll" id="bdd0effd-b296-7426-791a-c600389b84af">
      <Execution id="96c9e75b-ad32-4be1-baa1-84fb8a137347" />
      <TestMethod codeBase="D:\actions-runner\_work\XPCO\XPCO\Corporate\Shared\Common.Integration\tst\VideoOS.Common.Integration.UnitTests\bin\x64\Debug\net472\VideoOS.Common.Integration.UnitTests.dll" adapterTypeName="executor://mstestadapter/v2" className="VideoOS.Common.Integration.UnitTests.XmlDocumentExtensionsCoreUnitTests" name="ReadChildElementValueAsUInt64_NoChild" />
    </UnitTest>
    <UnitTest name="RulesTableAdapter_SetUserSid_NullSid_ArgumentNullException" storage="d:\actions-runner\_work\xpco\xpco\corporate\shared\common.integration\tst\videoos.common.integration.unittests\bin\x64\debug\net472\videoos.common.integration.unittests.dll" id="af3b303a-8825-f37f-fd4e-b39828971201">
      <Execution id="2d41d71f-d9bb-49df-9a5f-69b3e9683831" />
      <TestMethod codeBase="D:\actions-runner\_work\XPCO\XPCO\Corporate\Shared\Common.Integration\tst\VideoOS.Common.Integration.UnitTests\bin\x64\Debug\net472\VideoOS.Common.Integration.UnitTests.dll" adapterTypeName="executor://mstestadapter/v2" className="VideoOS.Common.Integration.UnitTests.Configuration.RulesTableAdapterUnitTests" name="RulesTableAdapter_SetUserSid_NullSid_ArgumentNullException" />
    </UnitTest>
    <UnitTest name="CreateHttpsUri_NoScheme_UseDefaultPortTrue_BecomesHttpsPort443" storage="d:\actions-runner\_work\xpco\xpco\corporate\shared\common.integration\tst\videoos.common.integration.unittests\bin\x64\debug\net472\videoos.common.integration.unittests.dll" id="6ff91918-d14f-f10f-01ae-0b6a8d141ff7">
      <TestCategory>
        <TestCategoryItem TestCategory="UriHandling" />
      </TestCategory>
      <Execution id="81c852ca-c223-4f40-a696-c5200d3611af" />
      <TestMethod codeBase="D:\actions-runner\_work\XPCO\XPCO\Corporate\Shared\Common.Integration\tst\VideoOS.Common.Integration.UnitTests\bin\x64\Debug\net472\VideoOS.Common.Integration.UnitTests.dll" adapterTypeName="executor://mstestadapter/v2" className="VideoOS.Common.Integration.UnitTests.Communication.UriHandlingUnitTests" name="CreateHttpsUri_NoScheme_UseDefaultPortTrue_BecomesHttpsPort443" />
    </UnitTest>
    <UnitTest name="DataSetUtility_UpdateLastModified_Null_Throws_ArgumentNullException" storage="d:\actions-runner\_work\xpco\xpco\corporate\shared\common.integration\tst\videoos.common.integration.unittests\bin\x64\debug\net472\videoos.common.integration.unittests.dll" id="73abd58e-eeb8-37a8-f96f-3a79da305108">
      <Execution id="add275d4-4976-420a-8f19-bec606d18efa" />
      <TestMethod codeBase="D:\actions-runner\_work\XPCO\XPCO\Corporate\Shared\Common.Integration\tst\VideoOS.Common.Integration.UnitTests\bin\x64\Debug\net472\VideoOS.Common.Integration.UnitTests.dll" adapterTypeName="executor://mstestadapter/v2" className="VideoOS.Common.Integration.UnitTests.DataSetUtilityUnitTests" name="DataSetUtility_UpdateLastModified_Null_Throws_ArgumentNullException" />
    </UnitTest>
    <UnitTest name="BulkProcessor_IsClosing_NewItemsAreNotEnqueued" storage="d:\actions-runner\_work\xpco\xpco\corporate\shared\common.integration\tst\videoos.common.integration.unittests\bin\x64\debug\net472\videoos.common.integration.unittests.dll" id="20198bf9-3eb9-2750-9338-7fcd24a7dba1">
      <Execution id="83d1d0fa-3c82-43ee-869e-61d1910771fe" />
      <TestMethod codeBase="D:\actions-runner\_work\XPCO\XPCO\Corporate\Shared\Common.Integration\tst\VideoOS.Common.Integration.UnitTests\bin\x64\Debug\net472\VideoOS.Common.Integration.UnitTests.dll" adapterTypeName="executor://mstestadapter/v2" className="VideoOS.Common.Integration.UnitTests.MessageProcessing.BulkProcessorUnitTest" name="BulkProcessor_IsClosing_NewItemsAreNotEnqueued" />
    </UnitTest>
    <UnitTest name="GetAggregateFeeds_FailsWhen_UpdateHardwareAggregates_NotCalled" storage="d:\actions-runner\_work\xpco\xpco\corporate\shared\common.integration\tst\videoos.common.integration.unittests\bin\x64\debug\net472\videoos.common.integration.unittests.dll" id="fd9dd396-864e-bc54-1efb-7212fdfa608f">
      <Execution id="89095cc4-2300-4dea-87c3-4257db104e10" />
      <TestMethod codeBase="D:\actions-runner\_work\XPCO\XPCO\Corporate\Shared\Common.Integration\tst\VideoOS.Common.Integration.UnitTests\bin\x64\Debug\net472\VideoOS.Common.Integration.UnitTests.dll" adapterTypeName="executor://mstestadapter/v2" className="VideoOS.Common.Integration.UnitTests.License.HardwareDictionaryTests" name="GetAggregateFeeds_FailsWhen_UpdateHardwareAggregates_NotCalled" />
    </UnitTest>
    <UnitTest name="RefCountedObjectWrapper_Construcctor_NullReference" storage="d:\actions-runner\_work\xpco\xpco\corporate\shared\common.integration\tst\videoos.common.integration.unittests\bin\x64\debug\net472\videoos.common.integration.unittests.dll" id="604c15ba-899a-5d43-9bdd-b7e6d1160ea5">
      <Execution id="3fe9e876-8711-4d64-870d-2980c66b8b14" />
      <TestMethod codeBase="D:\actions-runner\_work\XPCO\XPCO\Corporate\Shared\Common.Integration\tst\VideoOS.Common.Integration.UnitTests\bin\x64\Debug\net472\VideoOS.Common.Integration.UnitTests.dll" adapterTypeName="executor://mstestadapter/v2" className="VideoOS.Common.Integration.UnitTests.Threading.RefCountedObjectWrapperTests" name="RefCountedObjectWrapper_Construcctor_NullReference" />
    </UnitTest>
    <UnitTest name="HttpClientCommunicatorWrapper_SendAsyncTObj_Success" storage="d:\actions-runner\_work\xpco\xpco\corporate\shared\common.integration\tst\videoos.common.integration.unittests\bin\x64\debug\net472\videoos.common.integration.unittests.dll" id="f61aa4ea-5d02-860f-5b68-3190614555ab">
      <Execution id="f2acf807-2db1-42d7-ac14-f62e1ebcde8d" />
      <TestMethod codeBase="D:\actions-runner\_work\XPCO\XPCO\Corporate\Shared\Common.Integration\tst\VideoOS.Common.Integration.UnitTests\bin\x64\Debug\net472\VideoOS.Common.Integration.UnitTests.dll" adapterTypeName="executor://mstestadapter/v2" className="VideoOS.Common.Integration.UnitTests.WebAPI.HttpClientCommunicatorWrapperTests" name="HttpClientCommunicatorWrapper_SendAsyncTObj_Success" />
    </UnitTest>
    <UnitTest name="ModelValidation_ValidModel_Success" storage="d:\actions-runner\_work\xpco\xpco\corporate\shared\common.integration\tst\videoos.common.integration.unittests\bin\x64\debug\net472\videoos.common.integration.unittests.dll" id="5eef3834-53ae-6cc0-49e9-188891944c67">
      <Execution id="076ad677-2469-474b-ab47-76ffbeb96e2b" />
      <TestMethod codeBase="D:\actions-runner\_work\XPCO\XPCO\Corporate\Shared\Common.Integration\tst\VideoOS.Common.Integration.UnitTests\bin\x64\Debug\net472\VideoOS.Common.Integration.UnitTests.dll" adapterTypeName="executor://mstestadapter/v2" className="VideoOS.Common.Integration.UnitTests.WebAPI.Model.TaskModelTest" name="ModelValidation_ValidModel_Success" />
    </UnitTest>
    <UnitTest name="DatabaseXmlConverter_DeviceXmlToStickerSize_Single" storage="d:\actions-runner\_work\xpco\xpco\corporate\shared\common.integration\tst\videoos.common.integration.unittests\bin\x64\debug\net472\videoos.common.integration.unittests.dll" id="cd740d0e-ce9c-9990-d16e-330145a86605">
      <Execution id="5bf6bfe4-0a58-4945-8411-91067249fda3" />
      <TestMethod codeBase="D:\actions-runner\_work\XPCO\XPCO\Corporate\Shared\Common.Integration\tst\VideoOS.Common.Integration.UnitTests\bin\x64\Debug\net472\VideoOS.Common.Integration.UnitTests.dll" adapterTypeName="executor://mstestadapter/v2" className="VideoOS.Common.Integration.UnitTests.DatabaseXmlConverterTest" name="DatabaseXmlConverter_DeviceXmlToStickerSize_Single" />
    </UnitTest>
    <UnitTest name="ScheduledTimeReachedFunctionScheduledDateTimeReachedForOneOfTwoTokensTest" storage="d:\actions-runner\_work\xpco\xpco\corporate\shared\common.integration\tst\videoos.common.integration.unittests\bin\x64\debug\net472\videoos.common.integration.unittests.dll" id="2fa32178-1f6e-2d17-1a71-e9015f6ef56a">
      <Execution id="3dc6d4e4-1fc3-4b99-a336-aa5f3c671207" />
      <TestMethod codeBase="D:\actions-runner\_work\XPCO\XPCO\Corporate\Shared\Common.Integration\tst\VideoOS.Common.Integration.UnitTests\bin\x64\Debug\net472\VideoOS.Common.Integration.UnitTests.dll" adapterTypeName="executor://mstestadapter/v2" className="VideoOS.Common.Integration.UnitTests.Rules.ScheduledTimeReachedFunctionTest" name="ScheduledTimeReachedFunctionScheduledDateTimeReachedForOneOfTwoTokensTest" />
    </UnitTest>
    <UnitTest name="TestSetRegionFillsTheRegions" storage="d:\actions-runner\_work\xpco\xpco\corporate\shared\common.integration\tst\videoos.common.integration.unittests\bin\x64\debug\net472\videoos.common.integration.unittests.dll" id="0afc5b19-2f9a-a4af-89db-f08c893b6820">
      <Execution id="40d8e943-1266-41a0-b1b0-4d9379d65fc5" />
      <TestMethod codeBase="D:\actions-runner\_work\XPCO\XPCO\Corporate\Shared\Common.Integration\tst\VideoOS.Common.Integration.UnitTests\bin\x64\Debug\net472\VideoOS.Common.Integration.UnitTests.dll" adapterTypeName="executor://mstestadapter/v2" className="VideoOS.Common.Integration.UnitTests.Configuration.FillableGridAreaUnitTest" name="TestSetRegionFillsTheRegions" />
    </UnitTest>
    <UnitTest name="IsValidByteString_Success" storage="d:\actions-runner\_work\xpco\xpco\corporate\shared\common.integration\tst\videoos.common.integration.unittests\bin\x64\debug\net472\videoos.common.integration.unittests.dll" id="c051c3d6-6fa6-30da-17a5-284e0224c441">
      <Execution id="23ee30c5-58b9-4811-a7fb-15e6eb49b9da" />
      <TestMethod codeBase="D:\actions-runner\_work\XPCO\XPCO\Corporate\Shared\Common.Integration\tst\VideoOS.Common.Integration.UnitTests\bin\x64\Debug\net472\VideoOS.Common.Integration.UnitTests.dll" adapterTypeName="executor://mstestadapter/v2" className="VideoOS.Common.Integration.UnitTests.CertificateHandling.StringByteConversionExtensionsUnitTests" name="IsValidByteString_Success" />
    </UnitTest>
    <UnitTest name="Contructor_CreatesEmptyIndexesArray_OnEmptyHwList" storage="d:\actions-runner\_work\xpco\xpco\corporate\shared\common.integration\tst\videoos.common.integration.unittests\bin\x64\debug\net472\videoos.common.integration.unittests.dll" id="4f251702-a983-37b4-6681-9c460cd132a5">
      <TestCategory>
        <TestCategoryItem TestCategory="Licensing" />
      </TestCategory>
      <Execution id="5803d31b-4f16-4879-93ce-daad6e49387a" />
      <TestMethod codeBase="D:\actions-runner\_work\XPCO\XPCO\Corporate\Shared\Common.Integration\tst\VideoOS.Common.Integration.UnitTests\bin\x64\Debug\net472\VideoOS.Common.Integration.UnitTests.dll" adapterTypeName="executor://mstestadapter/v2" className="VideoOS.Common.Integration.UnitTests.License.AggregateFeedDictionaryTests" name="Contructor_CreatesEmptyIndexesArray_OnEmptyHwList" />
    </UnitTest>
    <UnitTest name="SendAsync_HttpRequestExceptionThrown_ExceptionLoggedAndCommunicationExceptionThrown" storage="d:\actions-runner\_work\xpco\xpco\corporate\shared\common.integration\tst\videoos.common.integration.unittests\bin\x64\debug\net472\videoos.common.integration.unittests.dll" id="fd3e5ee2-25c5-97ab-467c-294e55f0e400">
      <Execution id="d5531462-0fd5-4ceb-b37b-3855561561f4" />
      <TestMethod codeBase="D:\actions-runner\_work\XPCO\XPCO\Corporate\Shared\Common.Integration\tst\VideoOS.Common.Integration.UnitTests\bin\x64\Debug\net472\VideoOS.Common.Integration.UnitTests.dll" adapterTypeName="executor://mstestadapter/v2" className="VideoOS.Common.Integration.WebApi.HttpClientCommunicatorUnitTests" name="SendAsync_HttpRequestExceptionThrown_ExceptionLoggedAndCommunicationExceptionThrown" />
    </UnitTest>
    <UnitTest name="HardwareSetupErrorResponseModel_Validate_Success" storage="d:\actions-runner\_work\xpco\xpco\corporate\shared\common.integration\tst\videoos.common.integration.unittests\bin\x64\debug\net472\videoos.common.integration.unittests.dll" id="71908ec8-aa85-7729-a044-9c9f1cdef406">
      <Execution id="181d1c55-ec76-4c8e-88f8-e872498377db" />
      <TestMethod codeBase="D:\actions-runner\_work\XPCO\XPCO\Corporate\Shared\Common.Integration\tst\VideoOS.Common.Integration.UnitTests\bin\x64\Debug\net472\VideoOS.Common.Integration.UnitTests.dll" adapterTypeName="executor://mstestadapter/v2" className="VideoOS.Common.Integration.UnitTests.WebAPI.Model.HardwareSetupErrorResponseModelTest" name="HardwareSetupErrorResponseModel_Validate_Success" />
    </UnitTest>
    <UnitTest name="UpdateRecorderStatus_RequiredPropertiesAreNull_Failed" storage="d:\actions-runner\_work\xpco\xpco\corporate\shared\common.integration\tst\videoos.common.integration.unittests\bin\x64\debug\net472\videoos.common.integration.unittests.dll" id="35535d87-f63c-dc4a-d24b-9d8f63dbddac">
      <Execution id="abcf267f-77ed-40f3-be64-39b5c3bf9870" />
      <TestMethod codeBase="D:\actions-runner\_work\XPCO\XPCO\Corporate\Shared\Common.Integration\tst\VideoOS.Common.Integration.UnitTests\bin\x64\Debug\net472\VideoOS.Common.Integration.UnitTests.dll" adapterTypeName="executor://mstestadapter/v2" className="VideoOS.Common.Integration.UnitTests.WebAPI.Model.Server.RecorderStatusModelTests" name="UpdateRecorderStatus_RequiredPropertiesAreNull_Failed" />
    </UnitTest>
    <UnitTest name="BaseHtmlLicenseReport_CreatePNode_WithClassName_ValidText_Success" storage="d:\actions-runner\_work\xpco\xpco\corporate\shared\common.integration\tst\videoos.common.integration.unittests\bin\x64\debug\net472\videoos.common.integration.unittests.dll" id="d5ea1aa1-4eed-c500-3b96-f6b4cdc873a8">
      <Execution id="deaa734b-20f3-4830-9606-979320237892" />
      <TestMethod codeBase="D:\actions-runner\_work\XPCO\XPCO\Corporate\Shared\Common.Integration\tst\VideoOS.Common.Integration.UnitTests\bin\x64\Debug\net472\VideoOS.Common.Integration.UnitTests.dll" adapterTypeName="executor://mstestadapter/v2" className="VideoOS.Common.Integration.UnitTests.License.BaseHtmlLicenseReportTests" name="BaseHtmlLicenseReport_CreatePNode_WithClassName_ValidText_Success" />
    </UnitTest>
    <UnitTest name="IsArculesGuid_WhenOtherGuid_ReturnsFalse" storage="d:\actions-runner\_work\xpco\xpco\corporate\shared\common.integration\tst\videoos.common.integration.unittests\bin\x64\debug\net472\videoos.common.integration.unittests.dll" id="54c26366-b994-f623-6449-0f14a6e33a8e">
      <TestCategory>
        <TestCategoryItem TestCategory="Licensing" />
      </TestCategory>
      <Execution id="57bc8665-8945-4cd8-a660-ff1eb8e022bf" />
      <TestMethod codeBase="D:\actions-runner\_work\XPCO\XPCO\Corporate\Shared\Common.Integration\tst\VideoOS.Common.Integration.UnitTests\bin\x64\Debug\net472\VideoOS.Common.Integration.UnitTests.dll" adapterTypeName="executor://mstestadapter/v2" className="VideoOS.Common.Integration.UnitTests.Drivers.Arcules.ArculesIdVerifierTests" name="IsArculesGuid_WhenOtherGuid_ReturnsFalse" />
    </UnitTest>
    <UnitTest name="Encrypt_DataSetIsNull_ThrowsArgumentNullException" storage="d:\actions-runner\_work\xpco\xpco\corporate\shared\common.integration\tst\videoos.common.integration.unittests\bin\x64\debug\net472\videoos.common.integration.unittests.dll" id="e9a5bcfa-96b9-2f86-1df1-8008cb97bd4b">
      <Execution id="3d1a89f0-02a0-468d-9690-ab9e49821476" />
      <TestMethod codeBase="D:\actions-runner\_work\XPCO\XPCO\Corporate\Shared\Common.Integration\tst\VideoOS.Common.Integration.UnitTests\bin\x64\Debug\net472\VideoOS.Common.Integration.UnitTests.dll" adapterTypeName="executor://mstestadapter/v2" className="VideoOS.Common.Integration.UnitTests.Configuration.HostingServerTableAdapterTests" name="Encrypt_DataSetIsNull_ThrowsArgumentNullException" />
    </UnitTest>
    <UnitTest name="SecurityManager_HasDevicePermission_ViewLive_Instance_Allowed" storage="d:\actions-runner\_work\xpco\xpco\corporate\shared\common.integration\tst\videoos.common.integration.unittests\bin\x64\debug\net472\videoos.common.integration.unittests.dll" id="18232368-fc48-4742-f757-931ec3668d3b">
      <Execution id="54ee8610-d70a-49e5-b9de-e34917953a48" />
      <TestMethod codeBase="D:\actions-runner\_work\XPCO\XPCO\Corporate\Shared\Common.Integration\tst\VideoOS.Common.Integration.UnitTests\bin\x64\Debug\net472\VideoOS.Common.Integration.UnitTests.dll" adapterTypeName="executor://mstestadapter/v2" className="VideoOS.Common.Integration.UnitTests.Security.SecurityManagerUnitTests" name="SecurityManager_HasDevicePermission_ViewLive_Instance_Allowed" />
    </UnitTest>
    <UnitTest name="Encrypt_DataSetHasUnchangedRow_DataSetIsNotChanged" storage="d:\actions-runner\_work\xpco\xpco\corporate\shared\common.integration\tst\videoos.common.integration.unittests\bin\x64\debug\net472\videoos.common.integration.unittests.dll" id="4d55b919-cb74-5705-c945-5f21a513e3c3">
      <Execution id="b44bf2fd-4ab6-4259-a001-1e75f365bc0d" />
      <TestMethod codeBase="D:\actions-runner\_work\XPCO\XPCO\Corporate\Shared\Common.Integration\tst\VideoOS.Common.Integration.UnitTests\bin\x64\Debug\net472\VideoOS.Common.Integration.UnitTests.dll" adapterTypeName="executor://mstestadapter/v2" className="VideoOS.Common.Integration.UnitTests.Configuration.HostingServerTableAdapterTests" name="Encrypt_DataSetHasUnchangedRow_DataSetIsNotChanged" />
    </UnitTest>
    <UnitTest name="CreateInstance_SaveSettings_AllowInsecureIsTrue_Success" storage="d:\actions-runner\_work\xpco\xpco\corporate\shared\common.integration\tst\videoos.common.integration.unittests\bin\x64\debug\net472\videoos.common.integration.unittests.dll" id="87defa7e-30d9-0886-707b-7473c8e30dff">
      <Execution id="3ac95917-5527-41c8-92a3-015d93a79bef" />
      <TestMethod codeBase="D:\actions-runner\_work\XPCO\XPCO\Corporate\Shared\Common.Integration\tst\VideoOS.Common.Integration.UnitTests\bin\x64\Debug\net472\VideoOS.Common.Integration.UnitTests.dll" adapterTypeName="executor://mstestadapter/v2" className="VideoOS.Common.Integration.UnitTests.ServerValidation.LocalUserOptionsTests" name="CreateInstance_SaveSettings_AllowInsecureIsTrue_Success" />
    </UnitTest>
    <UnitTest name="ConvertStringToPort_Port65536_ThrowsArgumentOutOfRangeException" storage="d:\actions-runner\_work\xpco\xpco\corporate\shared\common.integration\tst\videoos.common.integration.unittests\bin\x64\debug\net472\videoos.common.integration.unittests.dll" id="9171dc5a-a7bd-00b3-f835-43afc308444d">
      <TestCategory>
        <TestCategoryItem TestCategory="UriHandling" />
      </TestCategory>
      <Execution id="b84c971c-a122-4249-8680-4e48fa47d7c3" />
      <TestMethod codeBase="D:\actions-runner\_work\XPCO\XPCO\Corporate\Shared\Common.Integration\tst\VideoOS.Common.Integration.UnitTests\bin\x64\Debug\net472\VideoOS.Common.Integration.UnitTests.dll" adapterTypeName="executor://mstestadapter/v2" className="VideoOS.Common.Integration.UnitTests.Communication.UriHandlingUnitTests" name="ConvertStringToPort_Port65536_ThrowsArgumentOutOfRangeException" />
    </UnitTest>
    <UnitTest name="ScanResult_SerializationTest" storage="d:\actions-runner\_work\xpco\xpco\corporate\shared\common.integration\tst\videoos.common.integration.unittests\bin\x64\debug\net472\videoos.common.integration.unittests.dll" id="9bc55912-1686-24c6-68d1-365735caec5d">
      <Execution id="310f8388-f78f-4e06-8e09-3b7875d7cb40" />
      <TestMethod codeBase="D:\actions-runner\_work\XPCO\XPCO\Corporate\Shared\Common.Integration\tst\VideoOS.Common.Integration.UnitTests\bin\x64\Debug\net472\VideoOS.Common.Integration.UnitTests.dll" adapterTypeName="executor://mstestadapter/v2" className="VideoOS.Common.Integration.UnitTests.ScanResultTest" name="ScanResult_SerializationTest" />
    </UnitTest>
    <UnitTest name="ServerFileStorageQuota_TwoConsumers_AboveLimit_PartialFail" storage="d:\actions-runner\_work\xpco\xpco\corporate\shared\common.integration\tst\videoos.common.integration.unittests\bin\x64\debug\net472\videoos.common.integration.unittests.dll" id="9875e3cb-a52c-72da-f7a8-cd1958e9e05d">
      <Execution id="730f5d69-e750-4e16-a628-e41241376064" />
      <TestMethod codeBase="D:\actions-runner\_work\XPCO\XPCO\Corporate\Shared\Common.Integration\tst\VideoOS.Common.Integration.UnitTests\bin\x64\Debug\net472\VideoOS.Common.Integration.UnitTests.dll" adapterTypeName="executor://mstestadapter/v2" className="VideoOS.Common.Integration.UnitTests.ServerFileStorageQuotaTests" name="ServerFileStorageQuota_TwoConsumers_AboveLimit_PartialFail" />
    </UnitTest>
    <UnitTest name="GetServerSNMPId_Unknown" storage="d:\actions-runner\_work\xpco\xpco\corporate\shared\common.integration\tst\videoos.common.integration.unittests\bin\x64\debug\net472\videoos.common.integration.unittests.dll" id="591dc192-0252-1cb9-9f81-4a872a67be45">
      <Execution id="8b06c204-a2d3-466f-89b6-694d228df738" />
      <TestMethod codeBase="D:\actions-runner\_work\XPCO\XPCO\Corporate\Shared\Common.Integration\tst\VideoOS.Common.Integration.UnitTests\bin\x64\Debug\net472\VideoOS.Common.Integration.UnitTests.dll" adapterTypeName="executor://mstestadapter/v2" className="VideoOS.Common.Integration.UnitTests.Definition.Event.BuiltInEventTypesTest" name="GetServerSNMPId_Unknown" />
    </UnitTest>
    <UnitTest name="UniqueIndex_GetEntryByKey_Returns_Correct_Item" storage="d:\actions-runner\_work\xpco\xpco\corporate\shared\common.integration\tst\videoos.common.integration.unittests\bin\x64\debug\net472\videoos.common.integration.unittests.dll" id="e7727734-e0a9-5b5b-5c64-ce6dcd978d21">
      <Execution id="17574738-730b-47a8-a6f7-6917d5c6fec0" />
      <TestMethod codeBase="D:\actions-runner\_work\XPCO\XPCO\Corporate\Shared\Common.Integration\tst\VideoOS.Common.Integration.UnitTests\bin\x64\Debug\net472\VideoOS.Common.Integration.UnitTests.dll" adapterTypeName="executor://mstestadapter/v2" className="VideoOS.Common.Integration.UnitTests.IndexedCollectionUnitTests" name="UniqueIndex_GetEntryByKey_Returns_Correct_Item" />
    </UnitTest>
    <UnitTest name="UniqueIndex_GetEntryByKey_No_Item_Return_Null" storage="d:\actions-runner\_work\xpco\xpco\corporate\shared\common.integration\tst\videoos.common.integration.unittests\bin\x64\debug\net472\videoos.common.integration.unittests.dll" id="044e5518-eab5-c80a-fe62-1a03a5cd84bc">
      <Execution id="2f4e18bc-ded7-44e5-9e92-6ba17115835d" />
      <TestMethod codeBase="D:\actions-runner\_work\XPCO\XPCO\Corporate\Shared\Common.Integration\tst\VideoOS.Common.Integration.UnitTests\bin\x64\Debug\net472\VideoOS.Common.Integration.UnitTests.dll" adapterTypeName="executor://mstestadapter/v2" className="VideoOS.Common.Integration.UnitTests.IndexedCollectionUnitTests" name="UniqueIndex_GetEntryByKey_No_Item_Return_Null" />
    </UnitTest>
    <UnitTest name="AuthenticationError_MethodCalled_EventIsRaised" storage="d:\actions-runner\_work\xpco\xpco\corporate\shared\common.integration\tst\videoos.common.integration.unittests\bin\x64\debug\net472\videoos.common.integration.unittests.dll" id="e71f9197-dd92-de2f-20c0-30b52784395c">
      <Execution id="6c6385f2-d620-4bb7-8ac0-5cd300b669f1" />
      <TestMethod codeBase="D:\actions-runner\_work\XPCO\XPCO\Corporate\Shared\Common.Integration\tst\VideoOS.Common.Integration.UnitTests\bin\x64\Debug\net472\VideoOS.Common.Integration.UnitTests.dll" adapterTypeName="executor://mstestadapter/v2" className="VideoOS.Common.Integration.UnitTests.ServiceConnectionStatusTests" name="AuthenticationError_MethodCalled_EventIsRaised" />
    </UnitTest>
    <UnitTest name="HttpClientCommunicatorWrapper_Patch_CommunicationException" storage="d:\actions-runner\_work\xpco\xpco\corporate\shared\common.integration\tst\videoos.common.integration.unittests\bin\x64\debug\net472\videoos.common.integration.unittests.dll" id="78283b39-3890-a1d3-9ab2-4d160980e1be">
      <Execution id="c07efa65-ba94-410f-b61c-6e1ca054d205" />
      <TestMethod codeBase="D:\actions-runner\_work\XPCO\XPCO\Corporate\Shared\Common.Integration\tst\VideoOS.Common.Integration.UnitTests\bin\x64\Debug\net472\VideoOS.Common.Integration.UnitTests.dll" adapterTypeName="executor://mstestadapter/v2" className="VideoOS.Common.Integration.UnitTests.WebAPI.HttpClientCommunicatorWrapperTests" name="HttpClientCommunicatorWrapper_Patch_CommunicationException" />
    </UnitTest>
    <UnitTest name="ModelValidation_RequiredPropertiesAreNull_Failed" storage="d:\actions-runner\_work\xpco\xpco\corporate\shared\common.integration\tst\videoos.common.integration.unittests\bin\x64\debug\net472\videoos.common.integration.unittests.dll" id="5ff2e9bd-913e-ef6f-f2de-f5964820022a">
      <Execution id="9fcb4e85-c032-40cf-a5db-c018c81f5719" />
      <TestMethod codeBase="D:\actions-runner\_work\XPCO\XPCO\Corporate\Shared\Common.Integration\tst\VideoOS.Common.Integration.UnitTests\bin\x64\Debug\net472\VideoOS.Common.Integration.UnitTests.dll" adapterTypeName="executor://mstestadapter/v2" className="VideoOS.Common.Integration.UnitTests.WebAPI.Model.ActivateArchivingModelTest" name="ModelValidation_RequiredPropertiesAreNull_Failed" />
    </UnitTest>
    <UnitTest name="LicenseActivationService_AcquireLicense_LicenseNotAllowed_TooManyHardwareRequested" storage="d:\actions-runner\_work\xpco\xpco\corporate\shared\common.integration\tst\videoos.common.integration.unittests\bin\x64\debug\net472\videoos.common.integration.unittests.dll" id="c1605011-efb8-be10-ac99-ecd817fa1c3f">
      <Execution id="5101aa78-1c80-48ca-95b8-9b58ff844a7e" />
      <TestMethod codeBase="D:\actions-runner\_work\XPCO\XPCO\Corporate\Shared\Common.Integration\tst\VideoOS.Common.Integration.UnitTests\bin\x64\Debug\net472\VideoOS.Common.Integration.UnitTests.dll" adapterTypeName="executor://mstestadapter/v2" className="VideoOS.Common.Integration.UnitTests.License.LicenseActivationServiceTests" name="LicenseActivationService_AcquireLicense_LicenseNotAllowed_TooManyHardwareRequested" />
    </UnitTest>
    <UnitTest name="ServerFileStorageCleanupService_ProperLocking" storage="d:\actions-runner\_work\xpco\xpco\corporate\shared\common.integration\tst\videoos.common.integration.unittests\bin\x64\debug\net472\videoos.common.integration.unittests.dll" id="53f67c16-d512-e465-195a-34f1911f4901">
      <Execution id="4452bf06-34bb-4079-95f9-9f86dbd842ca" />
      <TestMethod codeBase="D:\actions-runner\_work\XPCO\XPCO\Corporate\Shared\Common.Integration\tst\VideoOS.Common.Integration.UnitTests\bin\x64\Debug\net472\VideoOS.Common.Integration.UnitTests.dll" adapterTypeName="executor://mstestadapter/v2" className="VideoOS.Common.Integration.UnitTests.ServerFileStorageCleanupServiceTests" name="ServerFileStorageCleanupService_ProperLocking" />
    </UnitTest>
    <UnitTest name="TokenHandler_GetNewToken_Success" storage="d:\actions-runner\_work\xpco\xpco\corporate\shared\common.integration\tst\videoos.common.integration.unittests\bin\x64\debug\net472\videoos.common.integration.unittests.dll" id="333d071e-477f-f59a-bdf7-e3209509bd7e">
      <Execution id="71ff5703-dd52-495b-bc4a-2d26fc3b6d1a" />
      <TestMethod codeBase="D:\actions-runner\_work\XPCO\XPCO\Corporate\Shared\Common.Integration\tst\VideoOS.Common.Integration.UnitTests\bin\x64\Debug\net472\VideoOS.Common.Integration.UnitTests.dll" adapterTypeName="executor://mstestadapter/v2" className="VideoOS.Common.Integration.UnitTests.Security.TokenHandler_UnitTests" name="TokenHandler_GetNewToken_Success" />
    </UnitTest>
    <UnitTest name="Constructor_IncrementsFeedCountsForOtherDeviceTypes_OnHwWithOtherDevicesThanCameras" storage="d:\actions-runner\_work\xpco\xpco\corporate\shared\common.integration\tst\videoos.common.integration.unittests\bin\x64\debug\net472\videoos.common.integration.unittests.dll" id="3142246b-96d4-ddfb-c96a-6e28de4cacd9">
      <TestCategory>
        <TestCategoryItem TestCategory="Licensing" />
      </TestCategory>
      <Execution id="58c5f7dc-e7d6-4795-87b6-c9c1c41794d7" />
      <TestMethod codeBase="D:\actions-runner\_work\XPCO\XPCO\Corporate\Shared\Common.Integration\tst\VideoOS.Common.Integration.UnitTests\bin\x64\Debug\net472\VideoOS.Common.Integration.UnitTests.dll" adapterTypeName="executor://mstestadapter/v2" className="VideoOS.Common.Integration.UnitTests.License.AggregateFeedDictionaryTests" name="Constructor_IncrementsFeedCountsForOtherDeviceTypes_OnHwWithOtherDevicesThanCameras" />
    </UnitTest>
    <UnitTest name="SynchronizeDevicePresetsResponseModel_NoValuesSet_ValidationFailure" storage="d:\actions-runner\_work\xpco\xpco\corporate\shared\common.integration\tst\videoos.common.integration.unittests\bin\x64\debug\net472\videoos.common.integration.unittests.dll" id="ed20a21c-41f1-239a-2980-96b61d8b6a15">
      <Execution id="36bbad2d-ab7c-4b84-bbd5-d6b1611cbd98" />
      <TestMethod codeBase="D:\actions-runner\_work\XPCO\XPCO\Corporate\Shared\Common.Integration\tst\VideoOS.Common.Integration.UnitTests\bin\x64\Debug\net472\VideoOS.Common.Integration.UnitTests.dll" adapterTypeName="executor://mstestadapter/v2" className="VideoOS.Common.Integration.UnitTests.WebApi.Model.SynchronizeDevicePresetsResponseModelTest" name="SynchronizeDevicePresetsResponseModel_NoValuesSet_ValidationFailure" />
    </UnitTest>
    <UnitTest name="ResponseException_Serialization_DeserializationIsValid" storage="d:\actions-runner\_work\xpco\xpco\corporate\shared\common.integration\tst\videoos.common.integration.unittests\bin\x64\debug\net472\videoos.common.integration.unittests.dll" id="477789a1-1313-bef9-6fb6-2994cb6ca40c">
      <Execution id="d84b34f4-f3a0-435f-ad34-f35a9add9238" />
      <TestMethod codeBase="D:\actions-runner\_work\XPCO\XPCO\Corporate\Shared\Common.Integration\tst\VideoOS.Common.Integration.UnitTests\bin\x64\Debug\net472\VideoOS.Common.Integration.UnitTests.dll" adapterTypeName="executor://mstestadapter/v2" className="VideoOS.Common.Integration.UnitTests.WebAPI.Exceptions.ResponseExceptionTests" name="ResponseException_Serialization_DeserializationIsValid" />
    </UnitTest>
    <UnitTest name="FeatureManager_GetFeatureParameterValue_Value" storage="d:\actions-runner\_work\xpco\xpco\corporate\shared\common.integration\tst\videoos.common.integration.unittests\bin\x64\debug\net472\videoos.common.integration.unittests.dll" id="1457cccf-2f12-2f87-797e-265b2a1cb863">
      <Execution id="103a741b-0363-45b1-9d6b-61be44fa2cf9" />
      <TestMethod codeBase="D:\actions-runner\_work\XPCO\XPCO\Corporate\Shared\Common.Integration\tst\VideoOS.Common.Integration.UnitTests\bin\x64\Debug\net472\VideoOS.Common.Integration.UnitTests.dll" adapterTypeName="executor://mstestadapter/v2" className="VideoOS.Common.Integration.UnitTests.License.FeatureManagerTest" name="FeatureManager_GetFeatureParameterValue_Value" />
    </UnitTest>
    <UnitTest name="FeatureManager_FeatureParameterCount_Succeed" storage="d:\actions-runner\_work\xpco\xpco\corporate\shared\common.integration\tst\videoos.common.integration.unittests\bin\x64\debug\net472\videoos.common.integration.unittests.dll" id="50ff3d4b-f52b-01fd-1d73-ae133eea2aa3">
      <Execution id="0f4cfce0-ac8d-478f-bcf1-550196c10d00" />
      <TestMethod codeBase="D:\actions-runner\_work\XPCO\XPCO\Corporate\Shared\Common.Integration\tst\VideoOS.Common.Integration.UnitTests\bin\x64\Debug\net472\VideoOS.Common.Integration.UnitTests.dll" adapterTypeName="executor://mstestadapter/v2" className="VideoOS.Common.Integration.UnitTests.License.FeatureManagerTest" name="FeatureManager_FeatureParameterCount_Succeed" />
    </UnitTest>
    <UnitTest name="GroupConfigurationCheckForNonExistingGroupsAndMembers" storage="d:\actions-runner\_work\xpco\xpco\corporate\shared\common.integration\tst\videoos.common.integration.unittests\bin\x64\debug\net472\videoos.common.integration.unittests.dll" id="e72e0f02-bc84-52da-1088-7cf44d8a0acb">
      <TestCategory>
        <TestCategoryItem TestCategory="Rules.GroupConfiguration" />
      </TestCategory>
      <Execution id="7a0a1a2a-f44e-4873-b8b8-4ebf6feec0d9" />
      <TestMethod codeBase="D:\actions-runner\_work\XPCO\XPCO\Corporate\Shared\Common.Integration\tst\VideoOS.Common.Integration.UnitTests\bin\x64\Debug\net472\VideoOS.Common.Integration.UnitTests.dll" adapterTypeName="executor://mstestadapter/v2" className="VideoOS.Common.Integration.UnitTests.Rules.GroupConfigurationTest" name="GroupConfigurationCheckForNonExistingGroupsAndMembers" />
    </UnitTest>
    <UnitTest name="LicenseRequestHardware_SetsLicenseCountToOne" storage="d:\actions-runner\_work\xpco\xpco\corporate\shared\common.integration\tst\videoos.common.integration.unittests\bin\x64\debug\net472\videoos.common.integration.unittests.dll" id="7c8acda8-5ab1-e608-7ce7-302199a00468">
      <Execution id="db2a3409-49a2-43fb-beb5-84f95fc4f54a" />
      <TestMethod codeBase="D:\actions-runner\_work\XPCO\XPCO\Corporate\Shared\Common.Integration\tst\VideoOS.Common.Integration.UnitTests\bin\x64\Debug\net472\VideoOS.Common.Integration.UnitTests.dll" adapterTypeName="executor://mstestadapter/v2" className="VideoOS.Common.Integration.UnitTests.License.HardwareInfoTests" name="LicenseRequestHardware_SetsLicenseCountToOne" />
    </UnitTest>
    <UnitTest name="ActivateArchiveModel_Validation_ValidModel_Success" storage="d:\actions-runner\_work\xpco\xpco\corporate\shared\common.integration\tst\videoos.common.integration.unittests\bin\x64\debug\net472\videoos.common.integration.unittests.dll" id="5b9fc78a-473b-aaeb-4c48-30186e186680">
      <Execution id="c900738f-b5fb-4aed-a074-dfc322b9611e" />
      <TestMethod codeBase="D:\actions-runner\_work\XPCO\XPCO\Corporate\Shared\Common.Integration\tst\VideoOS.Common.Integration.UnitTests\bin\x64\Debug\net472\VideoOS.Common.Integration.UnitTests.dll" adapterTypeName="executor://mstestadapter/v2" className="VideoOS.Common.Integration.UnitTests.WebAPI.Model.ActivateArchiveModelTest" name="ActivateArchiveModel_Validation_ValidModel_Success" />
    </UnitTest>
    <UnitTest name="BulkProcessor_Dispose_Success" storage="d:\actions-runner\_work\xpco\xpco\corporate\shared\common.integration\tst\videoos.common.integration.unittests\bin\x64\debug\net472\videoos.common.integration.unittests.dll" id="52fcaf1b-6586-22d3-8b9e-cf01f68cd68e">
      <Execution id="1b7d731b-71b8-4587-8562-05ddf56f4265" />
      <TestMethod codeBase="D:\actions-runner\_work\XPCO\XPCO\Corporate\Shared\Common.Integration\tst\VideoOS.Common.Integration.UnitTests\bin\x64\Debug\net472\VideoOS.Common.Integration.UnitTests.dll" adapterTypeName="executor://mstestadapter/v2" className="VideoOS.Common.Integration.UnitTests.MessageProcessing.BulkProcessorUnitTest" name="BulkProcessor_Dispose_Success" />
    </UnitTest>
    <UnitTest name="GroupConfigurationCheckForNonExistingGroupsEmptyConfig" storage="d:\actions-runner\_work\xpco\xpco\corporate\shared\common.integration\tst\videoos.common.integration.unittests\bin\x64\debug\net472\videoos.common.integration.unittests.dll" id="92dac139-e57f-5a29-0b03-97f49d883e60">
      <TestCategory>
        <TestCategoryItem TestCategory="Rules.GroupConfiguration" />
      </TestCategory>
      <Execution id="e2488edc-2ed9-485d-be7c-955adb20ad75" />
      <TestMethod codeBase="D:\actions-runner\_work\XPCO\XPCO\Corporate\Shared\Common.Integration\tst\VideoOS.Common.Integration.UnitTests\bin\x64\Debug\net472\VideoOS.Common.Integration.UnitTests.dll" adapterTypeName="executor://mstestadapter/v2" className="VideoOS.Common.Integration.UnitTests.Rules.GroupConfigurationTest" name="GroupConfigurationCheckForNonExistingGroupsEmptyConfig" />
    </UnitTest>
    <UnitTest name="CertificateSelection2_FromCertificateHash_EmptyHash_ReturnNoSelection" storage="d:\actions-runner\_work\xpco\xpco\corporate\shared\common.integration\tst\videoos.common.integration.unittests\bin\x64\debug\net472\videoos.common.integration.unittests.dll" id="81185dc1-6718-dee1-e442-c24203f3dfbc">
      <Execution id="44f367cb-4597-488d-8720-6a9b592fcd54" />
      <TestMethod codeBase="D:\actions-runner\_work\XPCO\XPCO\Corporate\Shared\Common.Integration\tst\VideoOS.Common.Integration.UnitTests\bin\x64\Debug\net472\VideoOS.Common.Integration.UnitTests.dll" adapterTypeName="executor://mstestadapter/v2" className="VideoOS.Common.Integration.UnitTests.CertificateHandling.CertificateSelection2Tests" name="CertificateSelection2_FromCertificateHash_EmptyHash_ReturnNoSelection" />
    </UnitTest>
    <UnitTest name="SecurityTokenCollectionDto2_Serialization_Success" storage="d:\actions-runner\_work\xpco\xpco\corporate\shared\common.integration\tst\videoos.common.integration.unittests\bin\x64\debug\net472\videoos.common.integration.unittests.dll" id="aa8ea8cd-fb96-edab-8a80-e31ce7a67435">
      <Execution id="6998c560-57aa-4e21-93d2-e026942a34a9" />
      <TestMethod codeBase="D:\actions-runner\_work\XPCO\XPCO\Corporate\Shared\Common.Integration\tst\VideoOS.Common.Integration.UnitTests\bin\x64\Debug\net472\VideoOS.Common.Integration.UnitTests.dll" adapterTypeName="executor://mstestadapter/v2" className="VideoOS.Common.Integration.UnitTests.Communication.DataTransferObjects.SecurityTokenCollectionDto2Test" name="SecurityTokenCollectionDto2_Serialization_Success" />
    </UnitTest>
    <UnitTest name="FileUploadSynchronizer_Upload_SameFile_To_DifferentRecorders_Twice_UploadsTwice_ChecksExistsFourTimes" storage="d:\actions-runner\_work\xpco\xpco\corporate\shared\common.integration\tst\videoos.common.integration.unittests\bin\x64\debug\net472\videoos.common.integration.unittests.dll" id="078b3ec7-5533-42ae-fe07-24c5f6492295">
      <Execution id="047d7444-87c7-4308-bc8d-b84f1f97a3a4" />
      <TestMethod codeBase="D:\actions-runner\_work\XPCO\XPCO\Corporate\Shared\Common.Integration\tst\VideoOS.Common.Integration.UnitTests\bin\x64\Debug\net472\VideoOS.Common.Integration.UnitTests.dll" adapterTypeName="executor://mstestadapter/v2" className="VideoOS.Common.Integration.UnitTests.FileUploadSynchronizerTests" name="FileUploadSynchronizer_Upload_SameFile_To_DifferentRecorders_Twice_UploadsTwice_ChecksExistsFourTimes" />
    </UnitTest>
    <UnitTest name="PrepareMoveHardwareResponseModel_Validate_Success" storage="d:\actions-runner\_work\xpco\xpco\corporate\shared\common.integration\tst\videoos.common.integration.unittests\bin\x64\debug\net472\videoos.common.integration.unittests.dll" id="440577fe-bdae-f364-680c-6fdc0c90ddc7">
      <Execution id="394efa66-519e-4ae1-9fad-ad9c6b2a0098" />
      <TestMethod codeBase="D:\actions-runner\_work\XPCO\XPCO\Corporate\Shared\Common.Integration\tst\VideoOS.Common.Integration.UnitTests\bin\x64\Debug\net472\VideoOS.Common.Integration.UnitTests.dll" adapterTypeName="executor://mstestadapter/v2" className="VideoOS.Common.Integration.UnitTests.WebApi.Model.PrepareMoveHardwareResponseModelTest" name="PrepareMoveHardwareResponseModel_Validate_Success" />
    </UnitTest>
    <UnitTest name="HttpClientCommunicatorWrapper_SendTObjTRet_CommunicationException" storage="d:\actions-runner\_work\xpco\xpco\corporate\shared\common.integration\tst\videoos.common.integration.unittests\bin\x64\debug\net472\videoos.common.integration.unittests.dll" id="9323db7d-4095-b480-fb06-e80a4d2f6eaa">
      <Execution id="43777d4f-0d2a-4ec1-948c-06b4404a804b" />
      <TestMethod codeBase="D:\actions-runner\_work\XPCO\XPCO\Corporate\Shared\Common.Integration\tst\VideoOS.Common.Integration.UnitTests\bin\x64\Debug\net472\VideoOS.Common.Integration.UnitTests.dll" adapterTypeName="executor://mstestadapter/v2" className="VideoOS.Common.Integration.UnitTests.WebAPI.HttpClientCommunicatorWrapperTests" name="HttpClientCommunicatorWrapper_SendTObjTRet_CommunicationException" />
    </UnitTest>
    <UnitTest name="Decrypt" storage="d:\actions-runner\_work\xpco\xpco\corporate\shared\common.integration\tst\videoos.common.integration.unittests\bin\x64\debug\net472\videoos.common.integration.unittests.dll" id="e94bed32-14b0-960f-eb57-dc27cfa1c718">
      <Execution id="b6367ee8-2721-4107-9938-8b6048f9d18e" />
      <TestMethod codeBase="D:\actions-runner\_work\XPCO\XPCO\Corporate\Shared\Common.Integration\tst\VideoOS.Common.Integration.UnitTests\bin\x64\Debug\net472\VideoOS.Common.Integration.UnitTests.dll" adapterTypeName="executor://mstestadapter/v2" className="VideoOS.Common.Integration.UnitTests.Configuration.SettingsXmlTransformerTests" name="Decrypt" />
    </UnitTest>
    <UnitTest name="Constructor_FillsInUniqueIndexes_OnCombinationOfHw" storage="d:\actions-runner\_work\xpco\xpco\corporate\shared\common.integration\tst\videoos.common.integration.unittests\bin\x64\debug\net472\videoos.common.integration.unittests.dll" id="f68e7208-b40d-78c4-083e-29238c6795e3">
      <TestCategory>
        <TestCategoryItem TestCategory="Licensing" />
      </TestCategory>
      <Execution id="789faf9b-f694-4a14-bc7a-bb382f1fe406" />
      <TestMethod codeBase="D:\actions-runner\_work\XPCO\XPCO\Corporate\Shared\Common.Integration\tst\VideoOS.Common.Integration.UnitTests\bin\x64\Debug\net472\VideoOS.Common.Integration.UnitTests.dll" adapterTypeName="executor://mstestadapter/v2" className="VideoOS.Common.Integration.UnitTests.License.AggregateFeedDictionaryTests" name="Constructor_FillsInUniqueIndexes_OnCombinationOfHw" />
    </UnitTest>
    <UnitTest name="ReadAttributeAsBoolean_ElementNull" storage="d:\actions-runner\_work\xpco\xpco\corporate\shared\common.integration\tst\videoos.common.integration.unittests\bin\x64\debug\net472\videoos.common.integration.unittests.dll" id="f6d5615e-2ee5-dd6d-d370-6a1f1098a55d">
      <Execution id="7a3aa04d-1610-4828-b60e-e8800e03e622" />
      <TestMethod codeBase="D:\actions-runner\_work\XPCO\XPCO\Corporate\Shared\Common.Integration\tst\VideoOS.Common.Integration.UnitTests\bin\x64\Debug\net472\VideoOS.Common.Integration.UnitTests.dll" adapterTypeName="executor://mstestadapter/v2" className="VideoOS.Common.Integration.UnitTests.XmlDocumentExtensionsCoreUnitTests" name="ReadAttributeAsBoolean_ElementNull" />
    </UnitTest>
    <UnitTest name="MipAction2Model_ValidModel_Success" storage="d:\actions-runner\_work\xpco\xpco\corporate\shared\common.integration\tst\videoos.common.integration.unittests\bin\x64\debug\net472\videoos.common.integration.unittests.dll" id="47640dd5-a1b1-e17e-a33e-61253b2a1c85">
      <Execution id="50a7cb5d-bfd9-4c74-af23-09b33a3af952" />
      <TestMethod codeBase="D:\actions-runner\_work\XPCO\XPCO\Corporate\Shared\Common.Integration\tst\VideoOS.Common.Integration.UnitTests\bin\x64\Debug\net472\VideoOS.Common.Integration.UnitTests.dll" adapterTypeName="executor://mstestadapter/v2" className="VideoOS.Common.Integration.UnitTests.WebAPI.Model.Server.MipAction2ModelTests" name="MipAction2Model_ValidModel_Success" />
    </UnitTest>
    <UnitTest name="ChangePortReturnsCorrectUri" storage="d:\actions-runner\_work\xpco\xpco\corporate\shared\common.integration\tst\videoos.common.integration.unittests\bin\x64\debug\net472\videoos.common.integration.unittests.dll" id="ef69f555-2dec-fce8-3b15-9a395701d89a">
      <Execution id="d1a0ce60-e34b-4a13-8419-ad69ed01df4b" />
      <TestMethod codeBase="D:\actions-runner\_work\XPCO\XPCO\Corporate\Shared\Common.Integration\tst\VideoOS.Common.Integration.UnitTests\bin\x64\Debug\net472\VideoOS.Common.Integration.UnitTests.dll" adapterTypeName="executor://mstestadapter/v2" className="VideoOS.Common.Integration.UnitTests.Extensions.UriExtensionsMethodsTests" name="ChangePortReturnsCorrectUri" />
    </UnitTest>
    <UnitTest name="ReadAttributeAsInt32_RangeCheck_Max" storage="d:\actions-runner\_work\xpco\xpco\corporate\shared\common.integration\tst\videoos.common.integration.unittests\bin\x64\debug\net472\videoos.common.integration.unittests.dll" id="7ddb4e1a-56f6-5d71-1cd6-2bd84651f132">
      <Execution id="664915a9-e90d-4143-a457-9f6b85be5c68" />
      <TestMethod codeBase="D:\actions-runner\_work\XPCO\XPCO\Corporate\Shared\Common.Integration\tst\VideoOS.Common.Integration.UnitTests\bin\x64\Debug\net472\VideoOS.Common.Integration.UnitTests.dll" adapterTypeName="executor://mstestadapter/v2" className="VideoOS.Common.Integration.UnitTests.XmlDocumentExtensionsCoreUnitTests" name="ReadAttributeAsInt32_RangeCheck_Max" />
    </UnitTest>
    <UnitTest name="SendAsync_AccessTokenExceptionThrown_ExceptionLoggedAndRethrown" storage="d:\actions-runner\_work\xpco\xpco\corporate\shared\common.integration\tst\videoos.common.integration.unittests\bin\x64\debug\net472\videoos.common.integration.unittests.dll" id="c3b8ce29-39ba-dac7-c78f-20fe2f67c774">
      <Execution id="b147f6a6-323b-4dbe-93e7-3781f4f1157e" />
      <TestMethod codeBase="D:\actions-runner\_work\XPCO\XPCO\Corporate\Shared\Common.Integration\tst\VideoOS.Common.Integration.UnitTests\bin\x64\Debug\net472\VideoOS.Common.Integration.UnitTests.dll" adapterTypeName="executor://mstestadapter/v2" className="VideoOS.Common.Integration.WebApi.HttpClientCommunicatorUnitTests" name="SendAsync_AccessTokenExceptionThrown_ExceptionLoggedAndRethrown" />
    </UnitTest>
    <UnitTest name="GroupConfigurationNullParameter" storage="d:\actions-runner\_work\xpco\xpco\corporate\shared\common.integration\tst\videoos.common.integration.unittests\bin\x64\debug\net472\videoos.common.integration.unittests.dll" id="5cd18a85-60ce-b58b-657b-5de44ebcf37b">
      <TestCategory>
        <TestCategoryItem TestCategory="Rules.GroupConfiguration" />
      </TestCategory>
      <Execution id="379592ca-7b4f-4210-b29e-e9a65191cd18" />
      <TestMethod codeBase="D:\actions-runner\_work\XPCO\XPCO\Corporate\Shared\Common.Integration\tst\VideoOS.Common.Integration.UnitTests\bin\x64\Debug\net472\VideoOS.Common.Integration.UnitTests.dll" adapterTypeName="executor://mstestadapter/v2" className="VideoOS.Common.Integration.UnitTests.Rules.GroupConfigurationTest" name="GroupConfigurationNullParameter" />
    </UnitTest>
    <UnitTest name="ServerFileStorage_PersistedCleanupService_Remove_RemovesEntryFromStorage" storage="d:\actions-runner\_work\xpco\xpco\corporate\shared\common.integration\tst\videoos.common.integration.unittests\bin\x64\debug\net472\videoos.common.integration.unittests.dll" id="65e60b04-78d2-0e70-5f91-7064613e7333">
      <Execution id="26cc876a-f53f-48c6-abe7-c773888e4bf2" />
      <TestMethod codeBase="D:\actions-runner\_work\XPCO\XPCO\Corporate\Shared\Common.Integration\tst\VideoOS.Common.Integration.UnitTests\bin\x64\Debug\net472\VideoOS.Common.Integration.UnitTests.dll" adapterTypeName="executor://mstestadapter/v2" className="VideoOS.Common.Integration.UnitTests.ServerFileStorageTests" name="ServerFileStorage_PersistedCleanupService_Remove_RemovesEntryFromStorage" />
    </UnitTest>
    <UnitTest name="ServerFileStorage_CreateStream_ContentPreserved" storage="d:\actions-runner\_work\xpco\xpco\corporate\shared\common.integration\tst\videoos.common.integration.unittests\bin\x64\debug\net472\videoos.common.integration.unittests.dll" id="fe07232f-8808-36f4-23c6-0ae11f9d06e8">
      <Execution id="6b4b73a5-08f8-4b6e-821f-2b6944b8f7da" />
      <TestMethod codeBase="D:\actions-runner\_work\XPCO\XPCO\Corporate\Shared\Common.Integration\tst\VideoOS.Common.Integration.UnitTests\bin\x64\Debug\net472\VideoOS.Common.Integration.UnitTests.dll" adapterTypeName="executor://mstestadapter/v2" className="VideoOS.Common.Integration.UnitTests.ServerFileStorageTests" name="ServerFileStorage_CreateStream_ContentPreserved" />
    </UnitTest>
    <UnitTest name="CreateResponseException_OtherResponseStatus_ResponseExceptionException" storage="d:\actions-runner\_work\xpco\xpco\corporate\shared\common.integration\tst\videoos.common.integration.unittests\bin\x64\debug\net472\videoos.common.integration.unittests.dll" id="38218c5f-ac75-6939-896c-2378cc353bab">
      <Execution id="57dc51f9-afad-4e64-8a7c-98c74065e282" />
      <TestMethod codeBase="D:\actions-runner\_work\XPCO\XPCO\Corporate\Shared\Common.Integration\tst\VideoOS.Common.Integration.UnitTests\bin\x64\Debug\net472\VideoOS.Common.Integration.UnitTests.dll" adapterTypeName="executor://mstestadapter/v2" className="VideoOS.Common.Integration.UnitTests.WebAPI.Exceptions.WebApiExceptionHelperTests" name="CreateResponseException_OtherResponseStatus_ResponseExceptionException" />
    </UnitTest>
    <UnitTest name="LicenseActivationService_AcquireLicense_RequestFormatInvalid" storage="d:\actions-runner\_work\xpco\xpco\corporate\shared\common.integration\tst\videoos.common.integration.unittests\bin\x64\debug\net472\videoos.common.integration.unittests.dll" id="4661b4dd-f151-45f0-8c5b-9b4bd76bb272">
      <Execution id="f021597e-d7ae-4afd-97c9-87cf569d7d02" />
      <TestMethod codeBase="D:\actions-runner\_work\XPCO\XPCO\Corporate\Shared\Common.Integration\tst\VideoOS.Common.Integration.UnitTests\bin\x64\Debug\net472\VideoOS.Common.Integration.UnitTests.dll" adapterTypeName="executor://mstestadapter/v2" className="VideoOS.Common.Integration.UnitTests.License.LicenseActivationServiceTests" name="LicenseActivationService_AcquireLicense_RequestFormatInvalid" />
    </UnitTest>
    <UnitTest name="CreateHardwareLicenseCountEvaluatorChannel_ValidParameters_Success" storage="d:\actions-runner\_work\xpco\xpco\corporate\shared\common.integration\tst\videoos.common.integration.unittests\bin\x64\debug\net472\videoos.common.integration.unittests.dll" id="bb031d1f-faa6-a46c-4f43-97f06aeca0f3">
      <TestCategory>
        <TestCategoryItem TestCategory="Licensing" />
      </TestCategory>
      <Execution id="4dd7a5f8-cf01-45fd-add0-ae3c899f7dac" />
      <TestMethod codeBase="D:\actions-runner\_work\XPCO\XPCO\Corporate\Shared\Common.Integration\tst\VideoOS.Common.Integration.UnitTests\bin\x64\Debug\net472\VideoOS.Common.Integration.UnitTests.dll" adapterTypeName="executor://mstestadapter/v2" className="VideoOS.Common.Integration.UnitTests.License.HardwareLicenseCountEvaluatorTests" name="CreateHardwareLicenseCountEvaluatorChannel_ValidParameters_Success" />
    </UnitTest>
    <UnitTest name="TaskModel_Constructor_ArgumentNull" storage="d:\actions-runner\_work\xpco\xpco\corporate\shared\common.integration\tst\videoos.common.integration.unittests\bin\x64\debug\net472\videoos.common.integration.unittests.dll" id="7ae6b4da-5116-29e3-b8a0-d156648f84d3">
      <Execution id="6c2e53ca-0342-44ef-a92a-c658641a3da8" />
      <TestMethod codeBase="D:\actions-runner\_work\XPCO\XPCO\Corporate\Shared\Common.Integration\tst\VideoOS.Common.Integration.UnitTests\bin\x64\Debug\net472\VideoOS.Common.Integration.UnitTests.dll" adapterTypeName="executor://mstestadapter/v2" className="VideoOS.Common.Integration.UnitTests.WebAPI.Model.TaskModelTest" name="TaskModel_Constructor_ArgumentNull" />
    </UnitTest>
    <UnitTest name="LicenseDocument_IsDeviceLicensed_HardwareNotFound_ReturnsFalse" storage="d:\actions-runner\_work\xpco\xpco\corporate\shared\common.integration\tst\videoos.common.integration.unittests\bin\x64\debug\net472\videoos.common.integration.unittests.dll" id="9c5bec64-4cd7-1eb8-640f-4e2bbbe7392f">
      <TestCategory>
        <TestCategoryItem TestCategory="LicenseDocumentTest" />
      </TestCategory>
      <Execution id="9226d98c-b88a-4d78-9ad0-0a72d0bab6b0" />
      <TestMethod codeBase="D:\actions-runner\_work\XPCO\XPCO\Corporate\Shared\Common.Integration\tst\VideoOS.Common.Integration.UnitTests\bin\x64\Debug\net472\VideoOS.Common.Integration.UnitTests.dll" adapterTypeName="executor://mstestadapter/v2" className="VideoOS.Common.Integration.UnitTests.License.LicenseDocumentTests" name="LicenseDocument_IsDeviceLicensed_HardwareNotFound_ReturnsFalse" />
    </UnitTest>
    <UnitTest name="ServerFileSystemResponseQueryDrivesModel_Validate_Success" storage="d:\actions-runner\_work\xpco\xpco\corporate\shared\common.integration\tst\videoos.common.integration.unittests\bin\x64\debug\net472\videoos.common.integration.unittests.dll" id="39506e72-a1ba-9b82-776d-6b9f159b2bd6">
      <Execution id="6085d73b-533f-4446-8b54-e28a53040745" />
      <TestMethod codeBase="D:\actions-runner\_work\XPCO\XPCO\Corporate\Shared\Common.Integration\tst\VideoOS.Common.Integration.UnitTests\bin\x64\Debug\net472\VideoOS.Common.Integration.UnitTests.dll" adapterTypeName="executor://mstestadapter/v2" className="VideoOS.Common.Integration.UnitTests.WebApi.Model.ServerFileSystemResponseQueryDrivesModelTest" name="ServerFileSystemResponseQueryDrivesModel_Validate_Success" />
    </UnitTest>
    <UnitTest name="WhiteList_CreateInstanceWithInvalidWhitelistParameter_RaisesArgumentException" storage="d:\actions-runner\_work\xpco\xpco\corporate\shared\common.integration\tst\videoos.common.integration.unittests\bin\x64\debug\net472\videoos.common.integration.unittests.dll" id="d5df3c26-8e99-c124-f394-17dc3620d54c">
      <TestCategory>
        <TestCategoryItem TestCategory="Licensing" />
      </TestCategory>
      <Execution id="48fd7ced-7537-4b60-9ee4-65318711a28d" />
      <TestMethod codeBase="D:\actions-runner\_work\XPCO\XPCO\Corporate\Shared\Common.Integration\tst\VideoOS.Common.Integration.UnitTests\bin\x64\Debug\net472\VideoOS.Common.Integration.UnitTests.dll" adapterTypeName="executor://mstestadapter/v2" className="VideoOS.Common.Integration.UnitTests.License.LicenseWhitelistTests" name="WhiteList_CreateInstanceWithInvalidWhitelistParameter_RaisesArgumentException" />
    </UnitTest>
    <UnitTest name="Update_XmlHasNoPassword_XmlIsUnchanged" storage="d:\actions-runner\_work\xpco\xpco\corporate\shared\common.integration\tst\videoos.common.integration.unittests\bin\x64\debug\net472\videoos.common.integration.unittests.dll" id="16f54115-1e93-c4e9-ee1d-7738cd482ed6">
      <Execution id="46621c91-6873-4378-a48c-a5051650320a" />
      <TestMethod codeBase="D:\actions-runner\_work\XPCO\XPCO\Corporate\Shared\Common.Integration\tst\VideoOS.Common.Integration.UnitTests\bin\x64\Debug\net472\VideoOS.Common.Integration.UnitTests.dll" adapterTypeName="executor://mstestadapter/v2" className="VideoOS.Common.Integration.UnitTests.Configuration.ConfigurationDataSetEncryption.AddHardwareEncryptionTests" name="Update_XmlHasNoPassword_XmlIsUnchanged" />
    </UnitTest>
    <UnitTest name="FindFrameIdx_TimeAfterF3" storage="d:\actions-runner\_work\xpco\xpco\corporate\shared\common.integration\tst\videoos.common.integration.unittests\bin\x64\debug\net472\videoos.common.integration.unittests.dll" id="ba492782-2ba9-bc32-a0f5-14d8ba297611">
      <Execution id="54ba8bff-63b1-4f80-990f-387186e6411d" />
      <TestMethod codeBase="D:\actions-runner\_work\XPCO\XPCO\Corporate\Shared\Common.Integration\tst\VideoOS.Common.Integration.UnitTests\bin\x64\Debug\net472\VideoOS.Common.Integration.UnitTests.dll" adapterTypeName="executor://mstestadapter/v2" className="VideoOS.Common.Integration.UnitTests.GenericGopTest" name="FindFrameIdx_TimeAfterF3" />
    </UnitTest>
    <UnitTest name="Transform_XmlHasHardwareSetting_HardwareSettingIsTransformed" storage="d:\actions-runner\_work\xpco\xpco\corporate\shared\common.integration\tst\videoos.common.integration.unittests\bin\x64\debug\net472\videoos.common.integration.unittests.dll" id="913e1e71-017b-1ef9-c257-070388fbfd68">
      <Execution id="2e496049-7864-4ae9-a9fe-5d8120be8570" />
      <TestMethod codeBase="D:\actions-runner\_work\XPCO\XPCO\Corporate\Shared\Common.Integration\tst\VideoOS.Common.Integration.UnitTests\bin\x64\Debug\net472\VideoOS.Common.Integration.UnitTests.dll" adapterTypeName="executor://mstestadapter/v2" className="VideoOS.Common.Integration.UnitTests.Configuration.ConfigurationDataSetEncryption.DiffgramEncryptionTests" name="Transform_XmlHasHardwareSetting_HardwareSettingIsTransformed" />
    </UnitTest>
    <UnitTest name="WhiteList_IsModelWhiteListed_HWWith17CH_GlobalMaxChannelCountIs16_ReturnsFalse" storage="d:\actions-runner\_work\xpco\xpco\corporate\shared\common.integration\tst\videoos.common.integration.unittests\bin\x64\debug\net472\videoos.common.integration.unittests.dll" id="21c221f2-16e4-27ff-9a59-45142306ec18">
      <TestCategory>
        <TestCategoryItem TestCategory="Licensing" />
      </TestCategory>
      <Execution id="87b6a319-3ee1-4e43-ae47-18ade3855cbd" />
      <TestMethod codeBase="D:\actions-runner\_work\XPCO\XPCO\Corporate\Shared\Common.Integration\tst\VideoOS.Common.Integration.UnitTests\bin\x64\Debug\net472\VideoOS.Common.Integration.UnitTests.dll" adapterTypeName="executor://mstestadapter/v2" className="VideoOS.Common.Integration.UnitTests.License.LicenseWhitelistTests" name="WhiteList_IsModelWhiteListed_HWWith17CH_GlobalMaxChannelCountIs16_ReturnsFalse" />
    </UnitTest>
    <UnitTest name="ReadChildElementValueAsInt32_RangeCheck_Max" storage="d:\actions-runner\_work\xpco\xpco\corporate\shared\common.integration\tst\videoos.common.integration.unittests\bin\x64\debug\net472\videoos.common.integration.unittests.dll" id="9ff544bc-e0a5-7ddc-b56b-ae1a7f70abbf">
      <Execution id="c01f64ce-20f5-4c82-a134-9c35f55fc5d7" />
      <TestMethod codeBase="D:\actions-runner\_work\XPCO\XPCO\Corporate\Shared\Common.Integration\tst\VideoOS.Common.Integration.UnitTests\bin\x64\Debug\net472\VideoOS.Common.Integration.UnitTests.dll" adapterTypeName="executor://mstestadapter/v2" className="VideoOS.Common.Integration.UnitTests.XmlDocumentExtensionsCoreUnitTests" name="ReadChildElementValueAsInt32_RangeCheck_Max" />
    </UnitTest>
    <UnitTest name="FormatAuthority__BeforeValueIsIpWithoutPort_FormattedUriIsWithoutPort" storage="d:\actions-runner\_work\xpco\xpco\corporate\shared\common.integration\tst\videoos.common.integration.unittests\bin\x64\debug\net472\videoos.common.integration.unittests.dll" id="6b6bb736-6c44-66bb-16ad-6d293023ee64">
      <Execution id="f2da556b-2f72-4703-b804-a6ad6a37913c" />
      <TestMethod codeBase="D:\actions-runner\_work\XPCO\XPCO\Corporate\Shared\Common.Integration\tst\VideoOS.Common.Integration.UnitTests\bin\x64\Debug\net472\VideoOS.Common.Integration.UnitTests.dll" adapterTypeName="executor://mstestadapter/v2" className="VideoOS.Common.Integration.UnitTests.IdpUriParserTests" name="FormatAuthority__BeforeValueIsIpWithoutPort_FormattedUriIsWithoutPort" />
    </UnitTest>
    <UnitTest name="Call_HttpPost_InvalidParam_NullUri_ThrowsArgumentNullException" storage="d:\actions-runner\_work\xpco\xpco\corporate\shared\common.integration\tst\videoos.common.integration.unittests\bin\x64\debug\net472\videoos.common.integration.unittests.dll" id="9ae40c7e-6bb5-87ac-61a0-1c9c1fb1fbe2">
      <Execution id="a7290509-eaae-4532-b313-10df78e699c7" />
      <TestMethod codeBase="D:\actions-runner\_work\XPCO\XPCO\Corporate\Shared\Common.Integration\tst\VideoOS.Common.Integration.UnitTests\bin\x64\Debug\net472\VideoOS.Common.Integration.UnitTests.dll" adapterTypeName="executor://mstestadapter/v2" className="VideoOS.Common.Integration.UnitTests.Communication.HttpPostTests" name="Call_HttpPost_InvalidParam_NullUri_ThrowsArgumentNullException" />
    </UnitTest>
    <UnitTest name="CalculateLicenseRequirementsForHardware_DisabledHardware_ReturnsNull" storage="d:\actions-runner\_work\xpco\xpco\corporate\shared\common.integration\tst\videoos.common.integration.unittests\bin\x64\debug\net472\videoos.common.integration.unittests.dll" id="3c55de21-edba-9293-3151-27368a829c8a">
      <Execution id="f700e8be-b986-47d1-bfe8-3711c05596c8" />
      <TestMethod codeBase="D:\actions-runner\_work\XPCO\XPCO\Corporate\Shared\Common.Integration\tst\VideoOS.Common.Integration.UnitTests\bin\x64\Debug\net472\VideoOS.Common.Integration.UnitTests.dll" adapterTypeName="executor://mstestadapter/v2" className="VideoOS.Common.Integration.UnitTests.License.LicenseCalculatorTests" name="CalculateLicenseRequirementsForHardware_DisabledHardware_ReturnsNull" />
    </UnitTest>
    <UnitTest name="ToModelSystem_LogEntryNull_ArgumentNullException" storage="d:\actions-runner\_work\xpco\xpco\corporate\shared\common.integration\tst\videoos.common.integration.unittests\bin\x64\debug\net472\videoos.common.integration.unittests.dll" id="40b0bf9f-69d6-7f7e-3fea-42f3920f4584">
      <Execution id="a6dc05de-bb5e-43be-9e7a-126e79b7aecc" />
      <TestMethod codeBase="D:\actions-runner\_work\XPCO\XPCO\Corporate\Shared\Common.Integration\tst\VideoOS.Common.Integration.UnitTests\bin\x64\Debug\net472\VideoOS.Common.Integration.UnitTests.dll" adapterTypeName="executor://mstestadapter/v2" className="VideoOS.Common.Integration.UnitTests.WebAPI.Model.Server.LogEntryModelConverterTest" name="ToModelSystem_LogEntryNull_ArgumentNullException" />
    </UnitTest>
    <UnitTest name="Construct_RequestContainer_InvalidLicenseRequestEmptyString_ThrowsArgumentNullException" storage="d:\actions-runner\_work\xpco\xpco\corporate\shared\common.integration\tst\videoos.common.integration.unittests\bin\x64\debug\net472\videoos.common.integration.unittests.dll" id="0ddc9244-620d-a1c4-b5dd-edd302168e8a">
      <Execution id="e9f56518-1f14-4016-9db8-dda6b5d8c456" />
      <TestMethod codeBase="D:\actions-runner\_work\XPCO\XPCO\Corporate\Shared\Common.Integration\tst\VideoOS.Common.Integration.UnitTests\bin\x64\Debug\net472\VideoOS.Common.Integration.UnitTests.dll" adapterTypeName="executor://mstestadapter/v2" className="VideoOS.Common.Integration.UnitTests.License.LicenseContainerTests" name="Construct_RequestContainer_InvalidLicenseRequestEmptyString_ThrowsArgumentNullException" />
    </UnitTest>
    <UnitTest name="IsKnownId_Unknown" storage="d:\actions-runner\_work\xpco\xpco\corporate\shared\common.integration\tst\videoos.common.integration.unittests\bin\x64\debug\net472\videoos.common.integration.unittests.dll" id="9bb45a18-168c-a72d-4ec7-5054ff25a897">
      <Execution id="62219f85-1932-4cfc-bd73-1a211338f76b" />
      <TestMethod codeBase="D:\actions-runner\_work\XPCO\XPCO\Corporate\Shared\Common.Integration\tst\VideoOS.Common.Integration.UnitTests\bin\x64\Debug\net472\VideoOS.Common.Integration.UnitTests.dll" adapterTypeName="executor://mstestadapter/v2" className="VideoOS.Common.Integration.UnitTests.Definition.Event.BuiltInEventTypesTest" name="IsKnownId_Unknown" />
    </UnitTest>
    <UnitTest name="SecurityTokenCollectionDto2_Deserialization_Success" storage="d:\actions-runner\_work\xpco\xpco\corporate\shared\common.integration\tst\videoos.common.integration.unittests\bin\x64\debug\net472\videoos.common.integration.unittests.dll" id="612f9052-0fb6-a3bc-7e23-545028a67b48">
      <Execution id="93035fbf-6837-4dad-a9d4-9e110e797967" />
      <TestMethod codeBase="D:\actions-runner\_work\XPCO\XPCO\Corporate\Shared\Common.Integration\tst\VideoOS.Common.Integration.UnitTests\bin\x64\Debug\net472\VideoOS.Common.Integration.UnitTests.dll" adapterTypeName="executor://mstestadapter/v2" className="VideoOS.Common.Integration.UnitTests.Communication.DataTransferObjects.SecurityTokenCollectionDto2Test" name="SecurityTokenCollectionDto2_Deserialization_Success" />
    </UnitTest>
    <UnitTest name="ModelValidation_RequiredPropertiesAreNull_Failed" storage="d:\actions-runner\_work\xpco\xpco\corporate\shared\common.integration\tst\videoos.common.integration.unittests\bin\x64\debug\net472\videoos.common.integration.unittests.dll" id="71d363a8-b591-237a-04f2-2417bdf502d6">
      <Execution id="23c8d362-6a7a-49bd-8e97-a0177c0f51e8" />
      <TestMethod codeBase="D:\actions-runner\_work\XPCO\XPCO\Corporate\Shared\Common.Integration\tst\VideoOS.Common.Integration.UnitTests\bin\x64\Debug\net472\VideoOS.Common.Integration.UnitTests.dll" adapterTypeName="executor://mstestadapter/v2" className="VideoOS.Common.Integration.UnitTests.WebAPI.Model.PtzReleaseSessionModelTest" name="ModelValidation_RequiredPropertiesAreNull_Failed" />
    </UnitTest>
    <UnitTest name="CreateInstance_SaveSettings_AllowInsecureIsNull_Success" storage="d:\actions-runner\_work\xpco\xpco\corporate\shared\common.integration\tst\videoos.common.integration.unittests\bin\x64\debug\net472\videoos.common.integration.unittests.dll" id="c5839a5d-09aa-89ce-3732-228cebdbe374">
      <Execution id="aa8ce28d-1ccc-487a-aca5-812834d25ef7" />
      <TestMethod codeBase="D:\actions-runner\_work\XPCO\XPCO\Corporate\Shared\Common.Integration\tst\VideoOS.Common.Integration.UnitTests\bin\x64\Debug\net472\VideoOS.Common.Integration.UnitTests.dll" adapterTypeName="executor://mstestadapter/v2" className="VideoOS.Common.Integration.UnitTests.ServerValidation.LocalUserOptionsTests" name="CreateInstance_SaveSettings_AllowInsecureIsNull_Success" />
    </UnitTest>
    <UnitTest name="CreateHttpUri_EmptyString_PortSpecified_ThrowsInvalidOperationException" storage="d:\actions-runner\_work\xpco\xpco\corporate\shared\common.integration\tst\videoos.common.integration.unittests\bin\x64\debug\net472\videoos.common.integration.unittests.dll" id="8ea11245-4b23-1ae1-1f5a-096bf899de32">
      <TestCategory>
        <TestCategoryItem TestCategory="UriHandling" />
      </TestCategory>
      <Execution id="a42dae21-c8df-4b7c-8768-7b485fe8d7fa" />
      <TestMethod codeBase="D:\actions-runner\_work\XPCO\XPCO\Corporate\Shared\Common.Integration\tst\VideoOS.Common.Integration.UnitTests\bin\x64\Debug\net472\VideoOS.Common.Integration.UnitTests.dll" adapterTypeName="executor://mstestadapter/v2" className="VideoOS.Common.Integration.UnitTests.Communication.UriHandlingUnitTests" name="CreateHttpUri_EmptyString_PortSpecified_ThrowsInvalidOperationException" />
    </UnitTest>
    <UnitTest name="CalculateLicenseRequirements_ThreeEnabledCameras_ThreeDisabledCameras_WhitelistedDriver_RequiresOneLicenses" storage="d:\actions-runner\_work\xpco\xpco\corporate\shared\common.integration\tst\videoos.common.integration.unittests\bin\x64\debug\net472\videoos.common.integration.unittests.dll" id="ff51d95b-5e9a-bdf7-c6c0-7a6c26e960bc">
      <Execution id="bef03410-c819-4c36-8cfc-efe11bb6e2bb" />
      <TestMethod codeBase="D:\actions-runner\_work\XPCO\XPCO\Corporate\Shared\Common.Integration\tst\VideoOS.Common.Integration.UnitTests\bin\x64\Debug\net472\VideoOS.Common.Integration.UnitTests.dll" adapterTypeName="executor://mstestadapter/v2" className="VideoOS.Common.Integration.UnitTests.License.LicenseCalculatorTests" name="CalculateLicenseRequirements_ThreeEnabledCameras_ThreeDisabledCameras_WhitelistedDriver_RequiresOneLicenses" />
    </UnitTest>
    <UnitTest name="CreateHttpsUri_HttpDefaultPort_UsePort0_BecomesHttpsPort0" storage="d:\actions-runner\_work\xpco\xpco\corporate\shared\common.integration\tst\videoos.common.integration.unittests\bin\x64\debug\net472\videoos.common.integration.unittests.dll" id="4454e944-ee3f-9fb1-f480-006508c1cc2b">
      <TestCategory>
        <TestCategoryItem TestCategory="UriHandling" />
      </TestCategory>
      <Execution id="cb2bcf54-c6d9-427a-9307-dd9b60459c42" />
      <TestMethod codeBase="D:\actions-runner\_work\XPCO\XPCO\Corporate\Shared\Common.Integration\tst\VideoOS.Common.Integration.UnitTests\bin\x64\Debug\net472\VideoOS.Common.Integration.UnitTests.dll" adapterTypeName="executor://mstestadapter/v2" className="VideoOS.Common.Integration.UnitTests.Communication.UriHandlingUnitTests" name="CreateHttpsUri_HttpDefaultPort_UsePort0_BecomesHttpsPort0" />
    </UnitTest>
    <UnitTest name="Success" storage="d:\actions-runner\_work\xpco\xpco\corporate\shared\common.integration\tst\videoos.common.integration.unittests\bin\x64\debug\net472\videoos.common.integration.unittests.dll" id="715cbcbf-2422-fb6c-97f7-6f79b7d973dd">
      <Execution id="f9a55c9c-d366-48f9-b0ab-66b57344dfa1" />
      <TestMethod codeBase="D:\actions-runner\_work\XPCO\XPCO\Corporate\Shared\Common.Integration\tst\VideoOS.Common.Integration.UnitTests\bin\x64\Debug\net472\VideoOS.Common.Integration.UnitTests.dll" adapterTypeName="executor://mstestadapter/v2" className="VideoOS.Common.Integration.UnitTests.HardwareSetupSettingsUnittest" name="Success" />
    </UnitTest>
    <UnitTest name="FeatureManager_GetFeatureParameterValueT_Guid_Valid_Value" storage="d:\actions-runner\_work\xpco\xpco\corporate\shared\common.integration\tst\videoos.common.integration.unittests\bin\x64\debug\net472\videoos.common.integration.unittests.dll" id="570cf49d-26a6-95e2-438c-089ddd4d2611">
      <Execution id="1309280d-4fba-4eda-90f6-fe789b5fc759" />
      <TestMethod codeBase="D:\actions-runner\_work\XPCO\XPCO\Corporate\Shared\Common.Integration\tst\VideoOS.Common.Integration.UnitTests\bin\x64\Debug\net472\VideoOS.Common.Integration.UnitTests.dll" adapterTypeName="executor://mstestadapter/v2" className="VideoOS.Common.Integration.UnitTests.License.FeatureManagerTest" name="FeatureManager_GetFeatureParameterValueT_Guid_Valid_Value" />
    </UnitTest>
    <UnitTest name="FeatureInformation_QueryAllLicensedFeatures_ReturnsOne_OnLicenseDocumentOneFeature" storage="d:\actions-runner\_work\xpco\xpco\corporate\shared\common.integration\tst\videoos.common.integration.unittests\bin\x64\debug\net472\videoos.common.integration.unittests.dll" id="f52f05a9-d27f-e1ad-082e-1c39eacc6c00">
      <Execution id="e635261a-3ee7-43bf-abc3-8f98ba48b9e9" />
      <TestMethod codeBase="D:\actions-runner\_work\XPCO\XPCO\Corporate\Shared\Common.Integration\tst\VideoOS.Common.Integration.UnitTests\bin\x64\Debug\net472\VideoOS.Common.Integration.UnitTests.dll" adapterTypeName="executor://mstestadapter/v2" className="VideoOS.Common.Integration.UnitTests.License.FeatureInformationTests" name="FeatureInformation_QueryAllLicensedFeatures_ReturnsOne_OnLicenseDocumentOneFeature" />
    </UnitTest>
    <UnitTest name="ConstructorFromPtzArgs_MakesADeepCopy_Always" storage="d:\actions-runner\_work\xpco\xpco\corporate\shared\common.integration\tst\videoos.common.integration.unittests\bin\x64\debug\net472\videoos.common.integration.unittests.dll" id="d4b3302b-02c0-4efc-6701-22737dcd2b3e">
      <TestCategory>
        <TestCategoryItem TestCategory="Ptz" />
      </TestCategory>
      <Execution id="ba007fd1-5c4d-4b66-bf5e-c193a42c08f4" />
      <TestMethod codeBase="D:\actions-runner\_work\XPCO\XPCO\Corporate\Shared\Common.Integration\tst\VideoOS.Common.Integration.UnitTests\bin\x64\Debug\net472\VideoOS.Common.Integration.UnitTests.dll" adapterTypeName="executor://mstestadapter/v2" className="VideoOS.Common.Integration.UnitTests.Drivers.PtzArgsTests" name="ConstructorFromPtzArgs_MakesADeepCopy_Always" />
    </UnitTest>
    <UnitTest name="HardwareInfo_SetsMacAddressToUppercase" storage="d:\actions-runner\_work\xpco\xpco\corporate\shared\common.integration\tst\videoos.common.integration.unittests\bin\x64\debug\net472\videoos.common.integration.unittests.dll" id="45821aef-b05c-2d6c-576e-e2bf4be4b2aa">
      <Execution id="1fa1bc53-4e06-4ef2-a520-54b55a6d85c4" />
      <TestMethod codeBase="D:\actions-runner\_work\XPCO\XPCO\Corporate\Shared\Common.Integration\tst\VideoOS.Common.Integration.UnitTests\bin\x64\Debug\net472\VideoOS.Common.Integration.UnitTests.dll" adapterTypeName="executor://mstestadapter/v2" className="VideoOS.Common.Integration.UnitTests.License.HardwareInfoTests" name="HardwareInfo_SetsMacAddressToUppercase" />
    </UnitTest>
    <UnitTest name="CheckAllMIPFiltersKindsTestNotOk4" storage="d:\actions-runner\_work\xpco\xpco\corporate\shared\common.integration\tst\videoos.common.integration.unittests\bin\x64\debug\net472\videoos.common.integration.unittests.dll" id="8121adea-c5aa-39d9-99b0-86f22eb76157">
      <TestCategory>
        <TestCategoryItem TestCategory="Rules.MIPFilter" />
      </TestCategory>
      <Execution id="3dedfbf9-5315-49d6-84d1-ba7172d41f3e" />
      <TestMethod codeBase="D:\actions-runner\_work\XPCO\XPCO\Corporate\Shared\Common.Integration\tst\VideoOS.Common.Integration.UnitTests\bin\x64\Debug\net472\VideoOS.Common.Integration.UnitTests.dll" adapterTypeName="executor://mstestadapter/v2" className="VideoOS.Common.Integration.UnitTests.Rules.MIPFilterTest" name="CheckAllMIPFiltersKindsTestNotOk4" />
    </UnitTest>
    <UnitTest name="PtzPreset_EqualsTo_Change_IsDefaultPreset" storage="d:\actions-runner\_work\xpco\xpco\corporate\shared\common.integration\tst\videoos.common.integration.unittests\bin\x64\debug\net472\videoos.common.integration.unittests.dll" id="761b865b-f7b1-264a-831c-c115739b4cb8">
      <Execution id="604dba42-4497-48c3-ac3d-e14009119c79" />
      <TestMethod codeBase="D:\actions-runner\_work\XPCO\XPCO\Corporate\Shared\Common.Integration\tst\VideoOS.Common.Integration.UnitTests\bin\x64\Debug\net472\VideoOS.Common.Integration.UnitTests.dll" adapterTypeName="executor://mstestadapter/v2" className="VideoOS.Common.Integration.UnitTests.PtzPresetUnitTests" name="PtzPreset_EqualsTo_Change_IsDefaultPreset" />
    </UnitTest>
    <UnitTest name="ServiceConnectionStatus_CheckTimeout_NotOffline" storage="d:\actions-runner\_work\xpco\xpco\corporate\shared\common.integration\tst\videoos.common.integration.unittests\bin\x64\debug\net472\videoos.common.integration.unittests.dll" id="fb528f51-6138-c899-b8ba-284fcc9a5fb5">
      <Execution id="91ae175e-c940-4fb2-ab25-8636c7c0a407" />
      <TestMethod codeBase="D:\actions-runner\_work\XPCO\XPCO\Corporate\Shared\Common.Integration\tst\VideoOS.Common.Integration.UnitTests\bin\x64\Debug\net472\VideoOS.Common.Integration.UnitTests.dll" adapterTypeName="executor://mstestadapter/v2" className="VideoOS.Common.Integration.UnitTests.ServiceConnectionStatusTests" name="ServiceConnectionStatus_CheckTimeout_NotOffline" />
    </UnitTest>
    <UnitTest name="LicenseCalculationResult_Validate_Null_DriverName_ConvertsToStringEmpty" storage="d:\actions-runner\_work\xpco\xpco\corporate\shared\common.integration\tst\videoos.common.integration.unittests\bin\x64\debug\net472\videoos.common.integration.unittests.dll" id="1215c071-33ea-bfa2-5ac8-c5403db99ae8">
      <Execution id="bf311685-a3bc-4149-811d-36dde2c098cd" />
      <TestMethod codeBase="D:\actions-runner\_work\XPCO\XPCO\Corporate\Shared\Common.Integration\tst\VideoOS.Common.Integration.UnitTests\bin\x64\Debug\net472\VideoOS.Common.Integration.UnitTests.dll" adapterTypeName="executor://mstestadapter/v2" className="VideoOS.Common.Integration.UnitTests.License.LicenseCalculatorTests" name="LicenseCalculationResult_Validate_Null_DriverName_ConvertsToStringEmpty" />
    </UnitTest>
    <UnitTest name="ServerFileSystemResponseQueryDrivesModel_NoValuesSet_ValidationFailure" storage="d:\actions-runner\_work\xpco\xpco\corporate\shared\common.integration\tst\videoos.common.integration.unittests\bin\x64\debug\net472\videoos.common.integration.unittests.dll" id="f51863d4-4c6c-be5d-7493-51a81dd479eb">
      <Execution id="35a138ef-6960-4b21-ae11-6257cb22331d" />
      <TestMethod codeBase="D:\actions-runner\_work\XPCO\XPCO\Corporate\Shared\Common.Integration\tst\VideoOS.Common.Integration.UnitTests\bin\x64\Debug\net472\VideoOS.Common.Integration.UnitTests.dll" adapterTypeName="executor://mstestadapter/v2" className="VideoOS.Common.Integration.UnitTests.WebApi.Model.ServerFileSystemResponseQueryDrivesModelTest" name="ServerFileSystemResponseQueryDrivesModel_NoValuesSet_ValidationFailure" />
    </UnitTest>
    <UnitTest name="Transform" storage="d:\actions-runner\_work\xpco\xpco\corporate\shared\common.integration\tst\videoos.common.integration.unittests\bin\x64\debug\net472\videoos.common.integration.unittests.dll" id="99beb515-9b50-ddb8-28f4-fe7b9cfb3d55">
      <Execution id="5339826c-a161-4752-bb45-e3dba87a21f9" />
      <TestMethod codeBase="D:\actions-runner\_work\XPCO\XPCO\Corporate\Shared\Common.Integration\tst\VideoOS.Common.Integration.UnitTests\bin\x64\Debug\net472\VideoOS.Common.Integration.UnitTests.dll" adapterTypeName="executor://mstestadapter/v2" className="VideoOS.Common.Integration.UnitTests.Configuration.SettingsXmlTransformerTests" name="Transform" />
    </UnitTest>
    <UnitTest name="CurrentConfigurationVersionsModel_ValidModel_Success" storage="d:\actions-runner\_work\xpco\xpco\corporate\shared\common.integration\tst\videoos.common.integration.unittests\bin\x64\debug\net472\videoos.common.integration.unittests.dll" id="bdaa1efe-9e06-f064-9801-95e2a76e5986">
      <Execution id="adc956e9-33fa-4f5a-9a6c-5c56de1cc08b" />
      <TestMethod codeBase="D:\actions-runner\_work\XPCO\XPCO\Corporate\Shared\Common.Integration\tst\VideoOS.Common.Integration.UnitTests\bin\x64\Debug\net472\VideoOS.Common.Integration.UnitTests.dll" adapterTypeName="executor://mstestadapter/v2" className="VideoOS.Common.Integration.UnitTests.WebAPI.Model.Server.CurrentConfigurationVersionsModelTest" name="CurrentConfigurationVersionsModel_ValidModel_Success" />
    </UnitTest>
    <UnitTest name="FeatureInformation_Constructor_ExpiresIsFalse_OnDateTimeMaxValue" storage="d:\actions-runner\_work\xpco\xpco\corporate\shared\common.integration\tst\videoos.common.integration.unittests\bin\x64\debug\net472\videoos.common.integration.unittests.dll" id="876ce97f-2560-40db-2a09-5b08ae002395">
      <Execution id="a6a0a11d-21d3-4e27-999a-1975c2c07181" />
      <TestMethod codeBase="D:\actions-runner\_work\XPCO\XPCO\Corporate\Shared\Common.Integration\tst\VideoOS.Common.Integration.UnitTests\bin\x64\Debug\net472\VideoOS.Common.Integration.UnitTests.dll" adapterTypeName="executor://mstestadapter/v2" className="VideoOS.Common.Integration.UnitTests.License.FeatureInformationTests" name="FeatureInformation_Constructor_ExpiresIsFalse_OnDateTimeMaxValue" />
    </UnitTest>
    <UnitTest name="GetReplacementLimit_ReturnsProperValues_OnReplacementLimitInLicense" storage="d:\actions-runner\_work\xpco\xpco\corporate\shared\common.integration\tst\videoos.common.integration.unittests\bin\x64\debug\net472\videoos.common.integration.unittests.dll" id="696e11a1-5e0c-2d42-2d8d-8b4a1a32ac32">
      <TestCategory>
        <TestCategoryItem TestCategory="LicenseDocumentTest" />
      </TestCategory>
      <Execution id="3e3f78ab-436f-41c1-b9fe-d651621b7d43" />
      <TestMethod codeBase="D:\actions-runner\_work\XPCO\XPCO\Corporate\Shared\Common.Integration\tst\VideoOS.Common.Integration.UnitTests\bin\x64\Debug\net472\VideoOS.Common.Integration.UnitTests.dll" adapterTypeName="executor://mstestadapter/v2" className="VideoOS.Common.Integration.UnitTests.License.LicenseDocumentTests" name="GetReplacementLimit_ReturnsProperValues_OnReplacementLimitInLicense" />
    </UnitTest>
    <UnitTest name="QueuedCommandExecutor_Process_TwoCommands_NotSimultanous" storage="d:\actions-runner\_work\xpco\xpco\corporate\shared\common.integration\tst\videoos.common.integration.unittests\bin\x64\debug\net472\videoos.common.integration.unittests.dll" id="2cf84663-94ed-0a1a-2fca-674a2f68124c">
      <Execution id="affc13de-b281-4ed8-8c2b-1cba928312ed" />
      <TestMethod codeBase="D:\actions-runner\_work\XPCO\XPCO\Corporate\Shared\Common.Integration\tst\VideoOS.Common.Integration.UnitTests\bin\x64\Debug\net472\VideoOS.Common.Integration.UnitTests.dll" adapterTypeName="executor://mstestadapter/v2" className="VideoOS.Common.Integration.UnitTests.Command.CommandProcessor.QueuedCommandExecutorUnitTests" name="QueuedCommandExecutor_Process_TwoCommands_NotSimultanous" />
    </UnitTest>
    <UnitTest name="ConvertStringToPort_Port65535_Returns65535" storage="d:\actions-runner\_work\xpco\xpco\corporate\shared\common.integration\tst\videoos.common.integration.unittests\bin\x64\debug\net472\videoos.common.integration.unittests.dll" id="7b75fd0b-13cd-07c8-f99d-280f138e0f65">
      <TestCategory>
        <TestCategoryItem TestCategory="UriHandling" />
      </TestCategory>
      <Execution id="f5ef5158-d3a4-465a-8fca-6a5082372d82" />
      <TestMethod codeBase="D:\actions-runner\_work\XPCO\XPCO\Corporate\Shared\Common.Integration\tst\VideoOS.Common.Integration.UnitTests\bin\x64\Debug\net472\VideoOS.Common.Integration.UnitTests.dll" adapterTypeName="executor://mstestadapter/v2" className="VideoOS.Common.Integration.UnitTests.Communication.UriHandlingUnitTests" name="ConvertStringToPort_Port65535_Returns65535" />
    </UnitTest>
    <UnitTest name="ServiceConnectionStatus_CommunicationConfirmed_RaiseOnlineEvent" storage="d:\actions-runner\_work\xpco\xpco\corporate\shared\common.integration\tst\videoos.common.integration.unittests\bin\x64\debug\net472\videoos.common.integration.unittests.dll" id="53cdb87e-3222-ba39-8bb0-35edcea4554f">
      <Execution id="9da1ae9d-4bd5-4f74-a7de-616fbf077362" />
      <TestMethod codeBase="D:\actions-runner\_work\XPCO\XPCO\Corporate\Shared\Common.Integration\tst\VideoOS.Common.Integration.UnitTests\bin\x64\Debug\net472\VideoOS.Common.Integration.UnitTests.dll" adapterTypeName="executor://mstestadapter/v2" className="VideoOS.Common.Integration.UnitTests.ServiceConnectionStatusTests" name="ServiceConnectionStatus_CommunicationConfirmed_RaiseOnlineEvent" />
    </UnitTest>
    <UnitTest name="ReadChildElementValueAsUInt32_RangeCheck_Min_Exact" storage="d:\actions-runner\_work\xpco\xpco\corporate\shared\common.integration\tst\videoos.common.integration.unittests\bin\x64\debug\net472\videoos.common.integration.unittests.dll" id="31956e43-3bda-de42-ef9d-627e0d46cdb6">
      <Execution id="7f1bb004-ab21-4cbe-aa61-06bcd7681786" />
      <TestMethod codeBase="D:\actions-runner\_work\XPCO\XPCO\Corporate\Shared\Common.Integration\tst\VideoOS.Common.Integration.UnitTests\bin\x64\Debug\net472\VideoOS.Common.Integration.UnitTests.dll" adapterTypeName="executor://mstestadapter/v2" className="VideoOS.Common.Integration.UnitTests.XmlDocumentExtensionsCoreUnitTests" name="ReadChildElementValueAsUInt32_RangeCheck_Min_Exact" />
    </UnitTest>
    <UnitTest name="FeatureManager_GetFeatureParameterValue_License_Argument_Null" storage="d:\actions-runner\_work\xpco\xpco\corporate\shared\common.integration\tst\videoos.common.integration.unittests\bin\x64\debug\net472\videoos.common.integration.unittests.dll" id="9df0e07a-e910-2de1-3332-2bfc3045324c">
      <Execution id="512de181-1c8c-415e-b14c-ad50feac9ce4" />
      <TestMethod codeBase="D:\actions-runner\_work\XPCO\XPCO\Corporate\Shared\Common.Integration\tst\VideoOS.Common.Integration.UnitTests\bin\x64\Debug\net472\VideoOS.Common.Integration.UnitTests.dll" adapterTypeName="executor://mstestadapter/v2" className="VideoOS.Common.Integration.UnitTests.License.FeatureManagerTest" name="FeatureManager_GetFeatureParameterValue_License_Argument_Null" />
    </UnitTest>
    <UnitTest name="CreateHttpsUri_EmptyString_PortSpecified_ThrowsInvalidOperationException" storage="d:\actions-runner\_work\xpco\xpco\corporate\shared\common.integration\tst\videoos.common.integration.unittests\bin\x64\debug\net472\videoos.common.integration.unittests.dll" id="0bfcb691-8cb2-7cf6-89b7-031596f613b8">
      <TestCategory>
        <TestCategoryItem TestCategory="UriHandling" />
      </TestCategory>
      <Execution id="2a68dd29-e4a8-4a39-9c5b-db00d5449458" />
      <TestMethod codeBase="D:\actions-runner\_work\XPCO\XPCO\Corporate\Shared\Common.Integration\tst\VideoOS.Common.Integration.UnitTests\bin\x64\Debug\net472\VideoOS.Common.Integration.UnitTests.dll" adapterTypeName="executor://mstestadapter/v2" className="VideoOS.Common.Integration.UnitTests.Communication.UriHandlingUnitTests" name="CreateHttpsUri_EmptyString_PortSpecified_ThrowsInvalidOperationException" />
    </UnitTest>
    <UnitTest name="ServerFileStorage_Dispose_DeletesFiles" storage="d:\actions-runner\_work\xpco\xpco\corporate\shared\common.integration\tst\videoos.common.integration.unittests\bin\x64\debug\net472\videoos.common.integration.unittests.dll" id="1cf00f33-c11c-7477-a02f-6bb160a6bea4">
      <Execution id="cf7bbe86-155e-40fd-ad99-bf58682eb4da" />
      <TestMethod codeBase="D:\actions-runner\_work\XPCO\XPCO\Corporate\Shared\Common.Integration\tst\VideoOS.Common.Integration.UnitTests\bin\x64\Debug\net472\VideoOS.Common.Integration.UnitTests.dll" adapterTypeName="executor://mstestadapter/v2" className="VideoOS.Common.Integration.UnitTests.ServerFileStorageTests" name="ServerFileStorage_Dispose_DeletesFiles" />
    </UnitTest>
    <UnitTest name="ReadChildElementValueAsUInt32_NameNull" storage="d:\actions-runner\_work\xpco\xpco\corporate\shared\common.integration\tst\videoos.common.integration.unittests\bin\x64\debug\net472\videoos.common.integration.unittests.dll" id="51779749-eb06-67d7-ac51-34b3fe85d9f2">
      <Execution id="7e3d1120-8340-464d-a1f4-e9d76e5bb35b" />
      <TestMethod codeBase="D:\actions-runner\_work\XPCO\XPCO\Corporate\Shared\Common.Integration\tst\VideoOS.Common.Integration.UnitTests\bin\x64\Debug\net472\VideoOS.Common.Integration.UnitTests.dll" adapterTypeName="executor://mstestadapter/v2" className="VideoOS.Common.Integration.UnitTests.XmlDocumentExtensionsCoreUnitTests" name="ReadChildElementValueAsUInt32_NameNull" />
    </UnitTest>
    <UnitTest name="RecurringSchedule_GetNextScheduleTime_Monthly_Every_3_Months_Every_First_Monday_At_4_00" storage="d:\actions-runner\_work\xpco\xpco\corporate\shared\common.integration\tst\videoos.common.integration.unittests\bin\x64\debug\net472\videoos.common.integration.unittests.dll" id="35a507f6-229c-dd88-e173-ea4440f8acb9">
      <Execution id="4ef4a61f-98dc-4375-94aa-ed0b1208ad90" />
      <TestMethod codeBase="D:\actions-runner\_work\XPCO\XPCO\Corporate\Shared\Common.Integration\tst\VideoOS.Common.Integration.UnitTests\bin\x64\Debug\net472\VideoOS.Common.Integration.UnitTests.dll" adapterTypeName="executor://mstestadapter/v2" className="VideoOS.Common.Integration.UnitTests.Scheduling.RecurringScheduleTest" name="RecurringSchedule_GetNextScheduleTime_Monthly_Every_3_Months_Every_First_Monday_At_4_00" />
    </UnitTest>
    <UnitTest name="GetPresetByKey_ByNumberNoMatch" storage="d:\actions-runner\_work\xpco\xpco\corporate\shared\common.integration\tst\videoos.common.integration.unittests\bin\x64\debug\net472\videoos.common.integration.unittests.dll" id="0499f8db-8814-0463-5a65-b7916eed98ff">
      <Execution id="675d3f45-10d6-408e-8d65-0bf65bab6c80" />
      <TestMethod codeBase="D:\actions-runner\_work\XPCO\XPCO\Corporate\Shared\Common.Integration\tst\VideoOS.Common.Integration.UnitTests\bin\x64\Debug\net472\VideoOS.Common.Integration.UnitTests.dll" adapterTypeName="executor://mstestadapter/v2" className="VideoOS.Common.Integration.UnitTests.PtzPresetCollectionUnitTests" name="GetPresetByKey_ByNumberNoMatch" />
    </UnitTest>
    <UnitTest name="ServerFileStorage_Constructor_NullCheck" storage="d:\actions-runner\_work\xpco\xpco\corporate\shared\common.integration\tst\videoos.common.integration.unittests\bin\x64\debug\net472\videoos.common.integration.unittests.dll" id="f562f6a3-5c04-d203-e97a-7083a36f0f9d">
      <Execution id="45298bcd-e73c-4921-947d-2ec18c789e8e" />
      <TestMethod codeBase="D:\actions-runner\_work\XPCO\XPCO\Corporate\Shared\Common.Integration\tst\VideoOS.Common.Integration.UnitTests\bin\x64\Debug\net472\VideoOS.Common.Integration.UnitTests.dll" adapterTypeName="executor://mstestadapter/v2" className="VideoOS.Common.Integration.UnitTests.ServerFileStorageTests" name="ServerFileStorage_Constructor_NullCheck" />
    </UnitTest>
    <UnitTest name="Index_AddEntry_Null_ThrowArgumentNullException" storage="d:\actions-runner\_work\xpco\xpco\corporate\shared\common.integration\tst\videoos.common.integration.unittests\bin\x64\debug\net472\videoos.common.integration.unittests.dll" id="9c8cbadd-bbed-fa42-4b60-809c665cd1a4">
      <Execution id="f2a830ca-2cc6-4975-b612-49a2a333c451" />
      <TestMethod codeBase="D:\actions-runner\_work\XPCO\XPCO\Corporate\Shared\Common.Integration\tst\VideoOS.Common.Integration.UnitTests\bin\x64\Debug\net472\VideoOS.Common.Integration.UnitTests.dll" adapterTypeName="executor://mstestadapter/v2" className="VideoOS.Common.Integration.UnitTests.IndexedCollectionUnitTests" name="Index_AddEntry_Null_ThrowArgumentNullException" />
    </UnitTest>
    <UnitTest name="StreamsConfiguration_ValidateConfiguration_Two_Default_LiveStream_ExactlyOneDefaultLiveStreamError" storage="d:\actions-runner\_work\xpco\xpco\corporate\shared\common.integration\tst\videoos.common.integration.unittests\bin\x64\debug\net472\videoos.common.integration.unittests.dll" id="efeff71f-bf3b-2d24-4028-655336e31331">
      <Execution id="5a68421b-b7fa-4af4-8dbf-57f8b794e379" />
      <TestMethod codeBase="D:\actions-runner\_work\XPCO\XPCO\Corporate\Shared\Common.Integration\tst\VideoOS.Common.Integration.UnitTests\bin\x64\Debug\net472\VideoOS.Common.Integration.UnitTests.dll" adapterTypeName="executor://mstestadapter/v2" className="VideoOS.Common.Integration.UnitTests.StreamsConfigurationUnitTests" name="StreamsConfiguration_ValidateConfiguration_Two_Default_LiveStream_ExactlyOneDefaultLiveStreamError" />
    </UnitTest>
    <UnitTest name="Failure" storage="d:\actions-runner\_work\xpco\xpco\corporate\shared\common.integration\tst\videoos.common.integration.unittests\bin\x64\debug\net472\videoos.common.integration.unittests.dll" id="ef295aad-d648-2382-a38b-fad29187f889">
      <Execution id="218c3d1b-71aa-4b11-a212-dfc164a1916d" />
      <TestMethod codeBase="D:\actions-runner\_work\XPCO\XPCO\Corporate\Shared\Common.Integration\tst\VideoOS.Common.Integration.UnitTests\bin\x64\Debug\net472\VideoOS.Common.Integration.UnitTests.dll" adapterTypeName="executor://mstestadapter/v2" className="VideoOS.Common.Integration.UnitTests.HardwareSetupSettingsUnittest" name="Failure" />
    </UnitTest>
    <UnitTest name="CreateHardwareLicenseCountEvaluatorChannel_CallUpdateLicenseInfo_NotInDriverWhiteList_ReturnsFalseAndChannelLicenseCountIsOne" storage="d:\actions-runner\_work\xpco\xpco\corporate\shared\common.integration\tst\videoos.common.integration.unittests\bin\x64\debug\net472\videoos.common.integration.unittests.dll" id="c02ab29f-3331-6766-53a1-8a60ae70c4ae">
      <TestCategory>
        <TestCategoryItem TestCategory="Licensing" />
      </TestCategory>
      <Execution id="8877e5a7-45d0-4a12-97b5-3a7316de3375" />
      <TestMethod codeBase="D:\actions-runner\_work\XPCO\XPCO\Corporate\Shared\Common.Integration\tst\VideoOS.Common.Integration.UnitTests\bin\x64\Debug\net472\VideoOS.Common.Integration.UnitTests.dll" adapterTypeName="executor://mstestadapter/v2" className="VideoOS.Common.Integration.UnitTests.License.HardwareLicenseCountEvaluatorTests" name="CreateHardwareLicenseCountEvaluatorChannel_CallUpdateLicenseInfo_NotInDriverWhiteList_ReturnsFalseAndChannelLicenseCountIsOne" />
    </UnitTest>
    <UnitTest name="CreateInstance_ValidName_InvalidSearchMethod_Blah_DefaultToPartial" storage="d:\actions-runner\_work\xpco\xpco\corporate\shared\common.integration\tst\videoos.common.integration.unittests\bin\x64\debug\net472\videoos.common.integration.unittests.dll" id="ee9766ad-2a9d-2fc6-5ad1-0ac620df00d3">
      <Execution id="678e81d7-2cd0-4b09-a78c-3dc50b8d3350" />
      <TestMethod codeBase="D:\actions-runner\_work\XPCO\XPCO\Corporate\Shared\Common.Integration\tst\VideoOS.Common.Integration.UnitTests\bin\x64\Debug\net472\VideoOS.Common.Integration.UnitTests.dll" adapterTypeName="executor://mstestadapter/v2" className="VideoOS.Common.Integration.UnitTests.License.WhitelistMatchHelperTests" name="CreateInstance_ValidName_InvalidSearchMethod_Blah_DefaultToPartial" />
    </UnitTest>
    <UnitTest name="HardwareInfo_EnabledCameras_ReturnsEmptyListWhenNoEnabledCameras" storage="d:\actions-runner\_work\xpco\xpco\corporate\shared\common.integration\tst\videoos.common.integration.unittests\bin\x64\debug\net472\videoos.common.integration.unittests.dll" id="db93112d-82b9-9a4d-a7ab-6fb205fe04a5">
      <Execution id="9d7eb35c-df0f-4375-9aa2-3e7b6b853090" />
      <TestMethod codeBase="D:\actions-runner\_work\XPCO\XPCO\Corporate\Shared\Common.Integration\tst\VideoOS.Common.Integration.UnitTests\bin\x64\Debug\net472\VideoOS.Common.Integration.UnitTests.dll" adapterTypeName="executor://mstestadapter/v2" className="VideoOS.Common.Integration.UnitTests.License.HardwareInfoTests" name="HardwareInfo_EnabledCameras_ReturnsEmptyListWhenNoEnabledCameras" />
    </UnitTest>
    <UnitTest name="TaskManagerBase_TwoTasks_Processed_Successfully" storage="d:\actions-runner\_work\xpco\xpco\corporate\shared\common.integration\tst\videoos.common.integration.unittests\bin\x64\debug\net472\videoos.common.integration.unittests.dll" id="5cce3272-cf0f-798d-2f5a-a5cc62a3cc1c">
      <Execution id="f647d654-783e-4655-9a28-87ffa7d66976" />
      <TestMethod codeBase="D:\actions-runner\_work\XPCO\XPCO\Corporate\Shared\Common.Integration\tst\VideoOS.Common.Integration.UnitTests\bin\x64\Debug\net472\VideoOS.Common.Integration.UnitTests.dll" adapterTypeName="executor://mstestadapter/v2" className="VideoOS.Common.Integration.UnitTests.Tasks.TaskManagerBaseTests" name="TaskManagerBase_TwoTasks_Processed_Successfully" />
    </UnitTest>
    <UnitTest name="GetLicensenCount_AddNoHardware_ReturnValue" storage="d:\actions-runner\_work\xpco\xpco\corporate\shared\common.integration\tst\videoos.common.integration.unittests\bin\x64\debug\net472\videoos.common.integration.unittests.dll" id="d1934567-0d00-5d36-ca2e-cfd2548f0873">
      <Execution id="7d747559-f852-4452-8a17-06b867f847d7" />
      <TestMethod codeBase="D:\actions-runner\_work\XPCO\XPCO\Corporate\Shared\Common.Integration\tst\VideoOS.Common.Integration.UnitTests\bin\x64\Debug\net472\VideoOS.Common.Integration.UnitTests.dll" adapterTypeName="executor://mstestadapter/v2" className="VideoOS.Common.Integration.UnitTests.License.HardwareDictionaryTests" name="GetLicensenCount_AddNoHardware_ReturnValue" />
    </UnitTest>
    <UnitTest name="StreamsConfiguration_ValidateConfiguration_Illegal_Stream_Combination" storage="d:\actions-runner\_work\xpco\xpco\corporate\shared\common.integration\tst\videoos.common.integration.unittests\bin\x64\debug\net472\videoos.common.integration.unittests.dll" id="292fba1d-7bf1-dc92-ffbb-4d7847468fdb">
      <Execution id="0f920b95-d826-4c5b-a1f7-15ceeb823925" />
      <TestMethod codeBase="D:\actions-runner\_work\XPCO\XPCO\Corporate\Shared\Common.Integration\tst\VideoOS.Common.Integration.UnitTests\bin\x64\Debug\net472\VideoOS.Common.Integration.UnitTests.dll" adapterTypeName="executor://mstestadapter/v2" className="VideoOS.Common.Integration.UnitTests.StreamsConfigurationUnitTests" name="StreamsConfiguration_ValidateConfiguration_Illegal_Stream_Combination" />
    </UnitTest>
    <UnitTest name="Verify_BuiltInEventTypes_Are_SNMP_Mapped" storage="d:\actions-runner\_work\xpco\xpco\corporate\shared\common.integration\tst\videoos.common.integration.unittests\bin\x64\debug\net472\videoos.common.integration.unittests.dll" id="4e64cd4b-8460-795a-a6d1-2ef8580cfe6b">
      <Execution id="89c1a6d0-d79b-40cb-ac42-8e21dbd1c8f4" />
      <TestMethod codeBase="D:\actions-runner\_work\XPCO\XPCO\Corporate\Shared\Common.Integration\tst\VideoOS.Common.Integration.UnitTests\bin\x64\Debug\net472\VideoOS.Common.Integration.UnitTests.dll" adapterTypeName="executor://mstestadapter/v2" className="VideoOS.Common.Integration.UnitTests.Definition.Event.BuiltInEventTypesTest" name="Verify_BuiltInEventTypes_Are_SNMP_Mapped" />
    </UnitTest>
    <UnitTest name="TestClearGridAreaMakesGridEmpty" storage="d:\actions-runner\_work\xpco\xpco\corporate\shared\common.integration\tst\videoos.common.integration.unittests\bin\x64\debug\net472\videoos.common.integration.unittests.dll" id="910f3d4d-507b-a513-9417-29fe87e1a242">
      <Execution id="e172152d-cb9a-458a-ab0d-5d3f09be745b" />
      <TestMethod codeBase="D:\actions-runner\_work\XPCO\XPCO\Corporate\Shared\Common.Integration\tst\VideoOS.Common.Integration.UnitTests\bin\x64\Debug\net472\VideoOS.Common.Integration.UnitTests.dll" adapterTypeName="executor://mstestadapter/v2" className="VideoOS.Common.Integration.UnitTests.Configuration.FillableGridAreaUnitTest" name="TestClearGridAreaMakesGridEmpty" />
    </UnitTest>
    <UnitTest name="LicenseDocument_IsFeatureLicensed_ExistingFeature" storage="d:\actions-runner\_work\xpco\xpco\corporate\shared\common.integration\tst\videoos.common.integration.unittests\bin\x64\debug\net472\videoos.common.integration.unittests.dll" id="31455d01-3706-853f-796f-fa9efeb1ad77">
      <TestCategory>
        <TestCategoryItem TestCategory="LicenseDocumentTest" />
      </TestCategory>
      <Execution id="62793c05-f02a-4040-a04f-46341f26dc6e" />
      <TestMethod codeBase="D:\actions-runner\_work\XPCO\XPCO\Corporate\Shared\Common.Integration\tst\VideoOS.Common.Integration.UnitTests\bin\x64\Debug\net472\VideoOS.Common.Integration.UnitTests.dll" adapterTypeName="executor://mstestadapter/v2" className="VideoOS.Common.Integration.UnitTests.License.LicenseDocumentTests" name="LicenseDocument_IsFeatureLicensed_ExistingFeature" />
    </UnitTest>
    <UnitTest name="Construct_LicenseActivationService_TimeoutInvalid_ThrowsArgumentOutOfRangeException" storage="d:\actions-runner\_work\xpco\xpco\corporate\shared\common.integration\tst\videoos.common.integration.unittests\bin\x64\debug\net472\videoos.common.integration.unittests.dll" id="b2074bfd-4f30-3e8e-980a-b5527779c4b5">
      <Execution id="8815dc7c-3a79-4875-9b5c-3b11fd4c14ec" />
      <TestMethod codeBase="D:\actions-runner\_work\XPCO\XPCO\Corporate\Shared\Common.Integration\tst\VideoOS.Common.Integration.UnitTests\bin\x64\Debug\net472\VideoOS.Common.Integration.UnitTests.dll" adapterTypeName="executor://mstestadapter/v2" className="VideoOS.Common.Integration.UnitTests.License.LicenseActivationServiceTests" name="Construct_LicenseActivationService_TimeoutInvalid_ThrowsArgumentOutOfRangeException" />
    </UnitTest>
    <UnitTest name="StreamsConfiguration_ValidateConfiguration_Empty_Stream_Name" storage="d:\actions-runner\_work\xpco\xpco\corporate\shared\common.integration\tst\videoos.common.integration.unittests\bin\x64\debug\net472\videoos.common.integration.unittests.dll" id="90c889fd-1955-6064-1f54-14f8cf703b7f">
      <Execution id="23238ada-a3ed-40e1-90b8-e8339dd6aa24" />
      <TestMethod codeBase="D:\actions-runner\_work\XPCO\XPCO\Corporate\Shared\Common.Integration\tst\VideoOS.Common.Integration.UnitTests\bin\x64\Debug\net472\VideoOS.Common.Integration.UnitTests.dll" adapterTypeName="executor://mstestadapter/v2" className="VideoOS.Common.Integration.UnitTests.StreamsConfigurationUnitTests" name="StreamsConfiguration_ValidateConfiguration_Empty_Stream_Name" />
    </UnitTest>
    <UnitTest name="SendAsync_OnlyEndpoint_WithReturnType_NoError_TaskIsExecuted" storage="d:\actions-runner\_work\xpco\xpco\corporate\shared\common.integration\tst\videoos.common.integration.unittests\bin\x64\debug\net472\videoos.common.integration.unittests.dll" id="9ceb2df6-706b-6b77-4b6f-53f10678b1b7">
      <Execution id="1e097396-42f3-47ce-953f-9a46475f6407" />
      <TestMethod codeBase="D:\actions-runner\_work\XPCO\XPCO\Corporate\Shared\Common.Integration\tst\VideoOS.Common.Integration.UnitTests\bin\x64\Debug\net472\VideoOS.Common.Integration.UnitTests.dll" adapterTypeName="executor://mstestadapter/v2" className="VideoOS.Common.Integration.WebApi.HttpClientCommunicatorUnitTests" name="SendAsync_OnlyEndpoint_WithReturnType_NoError_TaskIsExecuted" />
    </UnitTest>
    <UnitTest name="LicenseActivationService_AcquireLicense_LicenseNotAllowed_ToManyRecordersRequested" storage="d:\actions-runner\_work\xpco\xpco\corporate\shared\common.integration\tst\videoos.common.integration.unittests\bin\x64\debug\net472\videoos.common.integration.unittests.dll" id="59e57848-7a94-91b5-32b4-173de77d9815">
      <Execution id="3026fef0-eb67-4dc0-b978-65687df08b83" />
      <TestMethod codeBase="D:\actions-runner\_work\XPCO\XPCO\Corporate\Shared\Common.Integration\tst\VideoOS.Common.Integration.UnitTests\bin\x64\Debug\net472\VideoOS.Common.Integration.UnitTests.dll" adapterTypeName="executor://mstestadapter/v2" className="VideoOS.Common.Integration.UnitTests.License.LicenseActivationServiceTests" name="LicenseActivationService_AcquireLicense_LicenseNotAllowed_ToManyRecordersRequested" />
    </UnitTest>
    <UnitTest name="ServiceConnectionStatus_CommunicationConfirmed_Multiple_OneRaiseOnlineEvent" storage="d:\actions-runner\_work\xpco\xpco\corporate\shared\common.integration\tst\videoos.common.integration.unittests\bin\x64\debug\net472\videoos.common.integration.unittests.dll" id="4fb97ef2-c5a9-1dee-8550-2558bb227e10">
      <Execution id="0c2b5a0c-ad66-4664-bc0c-ce75a6c82443" />
      <TestMethod codeBase="D:\actions-runner\_work\XPCO\XPCO\Corporate\Shared\Common.Integration\tst\VideoOS.Common.Integration.UnitTests\bin\x64\Debug\net472\VideoOS.Common.Integration.UnitTests.dll" adapterTypeName="executor://mstestadapter/v2" className="VideoOS.Common.Integration.UnitTests.ServiceConnectionStatusTests" name="ServiceConnectionStatus_CommunicationConfirmed_Multiple_OneRaiseOnlineEvent" />
    </UnitTest>
    <UnitTest name="Sendc_AuthenticationException_RetryAndSuccess" storage="d:\actions-runner\_work\xpco\xpco\corporate\shared\common.integration\tst\videoos.common.integration.unittests\bin\x64\debug\net472\videoos.common.integration.unittests.dll" id="4de2965f-e6e4-41a4-269e-1244a87a7aa6">
      <Execution id="df4eeb56-7fe6-4094-994e-b519a66b5a50" />
      <TestMethod codeBase="D:\actions-runner\_work\XPCO\XPCO\Corporate\Shared\Common.Integration\tst\VideoOS.Common.Integration.UnitTests\bin\x64\Debug\net472\VideoOS.Common.Integration.UnitTests.dll" adapterTypeName="executor://mstestadapter/v2" className="VideoOS.Common.Integration.WebApi.HttpClientCommunicatorUnitTests" name="Sendc_AuthenticationException_RetryAndSuccess" />
    </UnitTest>
    <UnitTest name="Send_AuthenticationException_InvalidCertificateCalled" storage="d:\actions-runner\_work\xpco\xpco\corporate\shared\common.integration\tst\videoos.common.integration.unittests\bin\x64\debug\net472\videoos.common.integration.unittests.dll" id="36e751b1-d379-a6d3-c363-b5ae5709aa1b">
      <Execution id="3cc82753-339c-40e3-94bb-3e855eb137e3" />
      <TestMethod codeBase="D:\actions-runner\_work\XPCO\XPCO\Corporate\Shared\Common.Integration\tst\VideoOS.Common.Integration.UnitTests\bin\x64\Debug\net472\VideoOS.Common.Integration.UnitTests.dll" adapterTypeName="executor://mstestadapter/v2" className="VideoOS.Common.Integration.WebApi.HttpClientCommunicatorUnitTests" name="Send_AuthenticationException_InvalidCertificateCalled" />
    </UnitTest>
    <UnitTest name="CreateHttpUri_NullString_ThrowsInvalidOperationException" storage="d:\actions-runner\_work\xpco\xpco\corporate\shared\common.integration\tst\videoos.common.integration.unittests\bin\x64\debug\net472\videoos.common.integration.unittests.dll" id="34f249e5-b9ba-2c57-bc42-d86c94cdd594">
      <TestCategory>
        <TestCategoryItem TestCategory="UriHandling" />
      </TestCategory>
      <Execution id="54c4219c-be68-4819-8e51-7e14f4e8aebd" />
      <TestMethod codeBase="D:\actions-runner\_work\XPCO\XPCO\Corporate\Shared\Common.Integration\tst\VideoOS.Common.Integration.UnitTests\bin\x64\Debug\net472\VideoOS.Common.Integration.UnitTests.dll" adapterTypeName="executor://mstestadapter/v2" className="VideoOS.Common.Integration.UnitTests.Communication.UriHandlingUnitTests" name="CreateHttpUri_NullString_ThrowsInvalidOperationException" />
    </UnitTest>
    <UnitTest name="TestGetRegionsAsBooleanArray" storage="d:\actions-runner\_work\xpco\xpco\corporate\shared\common.integration\tst\videoos.common.integration.unittests\bin\x64\debug\net472\videoos.common.integration.unittests.dll" id="90d445f6-cb0f-d505-58da-7385c723eaaf">
      <Execution id="21a8f914-1922-4e0b-8ee3-d9eee67b240b" />
      <TestMethod codeBase="D:\actions-runner\_work\XPCO\XPCO\Corporate\Shared\Common.Integration\tst\VideoOS.Common.Integration.UnitTests\bin\x64\Debug\net472\VideoOS.Common.Integration.UnitTests.dll" adapterTypeName="executor://mstestadapter/v2" className="VideoOS.Common.Integration.UnitTests.Configuration.FillableGridAreaUnitTest" name="TestGetRegionsAsBooleanArray" />
    </UnitTest>
    <UnitTest name="Test_IsMember_SimpleCyclic" storage="d:\actions-runner\_work\xpco\xpco\corporate\shared\common.integration\tst\videoos.common.integration.unittests\bin\x64\debug\net472\videoos.common.integration.unittests.dll" id="de80d1b0-e69d-b886-8aee-77793ad94c94">
      <Execution id="36f4a153-e0bb-4eea-8777-e3de9506c233" />
      <TestMethod codeBase="D:\actions-runner\_work\XPCO\XPCO\Corporate\Shared\Common.Integration\tst\VideoOS.Common.Integration.UnitTests\bin\x64\Debug\net472\VideoOS.Common.Integration.UnitTests.dll" adapterTypeName="executor://mstestadapter/v2" className="VideoOS.Common.Integration.UnitTests.Caching.MembershipCacheUnitTest" name="Test_IsMember_SimpleCyclic" />
    </UnitTest>
    <UnitTest name="CreateInstance_SettingsFileExists_AllowInsecureIsTrue_ReturnsValidInstance" storage="d:\actions-runner\_work\xpco\xpco\corporate\shared\common.integration\tst\videoos.common.integration.unittests\bin\x64\debug\net472\videoos.common.integration.unittests.dll" id="3803bcca-09d6-ef11-5123-a94a9f43f1eb">
      <Execution id="9fde68fd-60df-4aaf-bfd8-d8ab4d4589c3" />
      <TestMethod codeBase="D:\actions-runner\_work\XPCO\XPCO\Corporate\Shared\Common.Integration\tst\VideoOS.Common.Integration.UnitTests\bin\x64\Debug\net472\VideoOS.Common.Integration.UnitTests.dll" adapterTypeName="executor://mstestadapter/v2" className="VideoOS.Common.Integration.UnitTests.ServerValidation.LocalUserOptionsTests" name="CreateInstance_SettingsFileExists_AllowInsecureIsTrue_ReturnsValidInstance" />
    </UnitTest>
    <UnitTest name="ReadChildElementValueAsUInt64_RangeCheck_Min" storage="d:\actions-runner\_work\xpco\xpco\corporate\shared\common.integration\tst\videoos.common.integration.unittests\bin\x64\debug\net472\videoos.common.integration.unittests.dll" id="7453077c-caf2-48f1-e6f0-ad5df5ce9ce3">
      <Execution id="2ce2969f-f236-46d5-ab77-07ed9d6b515e" />
      <TestMethod codeBase="D:\actions-runner\_work\XPCO\XPCO\Corporate\Shared\Common.Integration\tst\VideoOS.Common.Integration.UnitTests\bin\x64\Debug\net472\VideoOS.Common.Integration.UnitTests.dll" adapterTypeName="executor://mstestadapter/v2" className="VideoOS.Common.Integration.UnitTests.XmlDocumentExtensionsCoreUnitTests" name="ReadChildElementValueAsUInt64_RangeCheck_Min" />
    </UnitTest>
    <UnitTest name="ReadIdentitiesFromCache_EmptyStringInSidArray" storage="d:\actions-runner\_work\xpco\xpco\corporate\shared\common.integration\tst\videoos.common.integration.unittests\bin\x64\debug\net472\videoos.common.integration.unittests.dll" id="8f948154-c742-afae-3b2c-dd6115614af9">
      <Execution id="a2de6907-a109-4bea-b6e8-fc38a8d82ce1" />
      <TestMethod codeBase="D:\actions-runner\_work\XPCO\XPCO\Corporate\Shared\Common.Integration\tst\VideoOS.Common.Integration.UnitTests\bin\x64\Debug\net472\VideoOS.Common.Integration.UnitTests.dll" adapterTypeName="executor://mstestadapter/v2" className="VideoOS.Common.Integration.UnitTests.Caching.SecurityIdentityCacheUnitTests" name="ReadIdentitiesFromCache_EmptyStringInSidArray" />
    </UnitTest>
    <UnitTest name="TokenHandler_CreateTokenHandler_Success" storage="d:\actions-runner\_work\xpco\xpco\corporate\shared\common.integration\tst\videoos.common.integration.unittests\bin\x64\debug\net472\videoos.common.integration.unittests.dll" id="fcbc44af-6ece-1b6d-b15a-0ac5569dc501">
      <Execution id="cb467fe8-94da-4516-806a-cbeb66091333" />
      <TestMethod codeBase="D:\actions-runner\_work\XPCO\XPCO\Corporate\Shared\Common.Integration\tst\VideoOS.Common.Integration.UnitTests\bin\x64\Debug\net472\VideoOS.Common.Integration.UnitTests.dll" adapterTypeName="executor://mstestadapter/v2" className="VideoOS.Common.Integration.UnitTests.Security.TokenHandler_UnitTests" name="TokenHandler_CreateTokenHandler_Success" />
    </UnitTest>
    <UnitTest name="Validate_ExactMatch_NotFound_Success" storage="d:\actions-runner\_work\xpco\xpco\corporate\shared\common.integration\tst\videoos.common.integration.unittests\bin\x64\debug\net472\videoos.common.integration.unittests.dll" id="b40b17cd-6334-a9ae-cbaa-166a5c8ac156">
      <Execution id="78138ecd-4002-4b4e-a23a-c7e3df00acbc" />
      <TestMethod codeBase="D:\actions-runner\_work\XPCO\XPCO\Corporate\Shared\Common.Integration\tst\VideoOS.Common.Integration.UnitTests\bin\x64\Debug\net472\VideoOS.Common.Integration.UnitTests.dll" adapterTypeName="executor://mstestadapter/v2" className="VideoOS.Common.Integration.UnitTests.License.WhitelistMatchHelperTests" name="Validate_ExactMatch_NotFound_Success" />
    </UnitTest>
    <UnitTest name="CreateHttpUri_HttpsDefaultPort_UseDefaultPortTrue_BecomesHttpPort80" storage="d:\actions-runner\_work\xpco\xpco\corporate\shared\common.integration\tst\videoos.common.integration.unittests\bin\x64\debug\net472\videoos.common.integration.unittests.dll" id="e6f95d68-2886-1fa9-62f9-c713dede45c7">
      <TestCategory>
        <TestCategoryItem TestCategory="UriHandling" />
      </TestCategory>
      <Execution id="c7c51977-a260-4927-a46c-4040adb42975" />
      <TestMethod codeBase="D:\actions-runner\_work\XPCO\XPCO\Corporate\Shared\Common.Integration\tst\VideoOS.Common.Integration.UnitTests\bin\x64\Debug\net472\VideoOS.Common.Integration.UnitTests.dll" adapterTypeName="executor://mstestadapter/v2" className="VideoOS.Common.Integration.UnitTests.Communication.UriHandlingUnitTests" name="CreateHttpUri_HttpsDefaultPort_UseDefaultPortTrue_BecomesHttpPort80" />
    </UnitTest>
    <UnitTest name="SendOnlyEndpointWithReturnType_NoError_TaskIsExecutedAndCorrectResponseReceived" storage="d:\actions-runner\_work\xpco\xpco\corporate\shared\common.integration\tst\videoos.common.integration.unittests\bin\x64\debug\net472\videoos.common.integration.unittests.dll" id="e62fee80-9dfe-a687-8358-e8b2265e2f86">
      <Execution id="2c416c6e-6820-41dc-b71d-387d21c225ff" />
      <TestMethod codeBase="D:\actions-runner\_work\XPCO\XPCO\Corporate\Shared\Common.Integration\tst\VideoOS.Common.Integration.UnitTests\bin\x64\Debug\net472\VideoOS.Common.Integration.UnitTests.dll" adapterTypeName="executor://mstestadapter/v2" className="VideoOS.Common.Integration.WebApi.HttpClientCommunicatorUnitTests" name="SendOnlyEndpointWithReturnType_NoError_TaskIsExecutedAndCorrectResponseReceived" />
    </UnitTest>
    <UnitTest name="Test_MemberOf_Simple2Branched" storage="d:\actions-runner\_work\xpco\xpco\corporate\shared\common.integration\tst\videoos.common.integration.unittests\bin\x64\debug\net472\videoos.common.integration.unittests.dll" id="050a8e30-3f33-ef3c-5afa-4dff3a785880">
      <Execution id="c289e534-75bf-441b-8594-4933e0981bda" />
      <TestMethod codeBase="D:\actions-runner\_work\XPCO\XPCO\Corporate\Shared\Common.Integration\tst\VideoOS.Common.Integration.UnitTests\bin\x64\Debug\net472\VideoOS.Common.Integration.UnitTests.dll" adapterTypeName="executor://mstestadapter/v2" className="VideoOS.Common.Integration.UnitTests.Caching.MembershipCacheUnitTest" name="Test_MemberOf_Simple2Branched" />
    </UnitTest>
    <UnitTest name="GroupConfigurationDeleteGroupNotEmpty" storage="d:\actions-runner\_work\xpco\xpco\corporate\shared\common.integration\tst\videoos.common.integration.unittests\bin\x64\debug\net472\videoos.common.integration.unittests.dll" id="9dd8c348-d98a-4fb4-2d5a-fe752bf9cfa1">
      <TestCategory>
        <TestCategoryItem TestCategory="Rules.GroupConfiguration" />
      </TestCategory>
      <Execution id="3c713346-0847-419d-8c48-a0617ac97be0" />
      <TestMethod codeBase="D:\actions-runner\_work\XPCO\XPCO\Corporate\Shared\Common.Integration\tst\VideoOS.Common.Integration.UnitTests\bin\x64\Debug\net472\VideoOS.Common.Integration.UnitTests.dll" adapterTypeName="executor://mstestadapter/v2" className="VideoOS.Common.Integration.UnitTests.Rules.GroupConfigurationTest" name="GroupConfigurationDeleteGroupNotEmpty" />
    </UnitTest>
    <UnitTest name="SendAsync_NonSuccessResponse_BadRequestExceptionThrown" storage="d:\actions-runner\_work\xpco\xpco\corporate\shared\common.integration\tst\videoos.common.integration.unittests\bin\x64\debug\net472\videoos.common.integration.unittests.dll" id="ae76daaa-d87e-a3aa-3dc7-d804710ddc20">
      <Execution id="92d24316-9ea7-43d8-9024-e38951d0eced" />
      <TestMethod codeBase="D:\actions-runner\_work\XPCO\XPCO\Corporate\Shared\Common.Integration\tst\VideoOS.Common.Integration.UnitTests\bin\x64\Debug\net472\VideoOS.Common.Integration.UnitTests.dll" adapterTypeName="executor://mstestadapter/v2" className="VideoOS.Common.Integration.WebApi.HttpClientCommunicatorUnitTests" name="SendAsync_NonSuccessResponse_BadRequestExceptionThrown" />
    </UnitTest>
    <UnitTest name="ServiceDiscoveryEngine_TimerCallback_Success" storage="d:\actions-runner\_work\xpco\xpco\corporate\shared\common.integration\tst\videoos.common.integration.unittests\bin\x64\debug\net472\videoos.common.integration.unittests.dll" id="60527f47-88dc-f9e7-77dd-a011437721a0">
      <Execution id="eea2fa76-47a0-4679-b68f-0bad6933b0fd" />
      <TestMethod codeBase="D:\actions-runner\_work\XPCO\XPCO\Corporate\Shared\Common.Integration\tst\VideoOS.Common.Integration.UnitTests\bin\x64\Debug\net472\VideoOS.Common.Integration.UnitTests.dll" adapterTypeName="executor://mstestadapter/v2" className="VideoOS.Common.Integration.UnitTests.WebAPI.Exceptions.ServiceDiscoveryEngineTests" name="ServiceDiscoveryEngine_TimerCallback_Success" />
    </UnitTest>
    <UnitTest name="Xml_To_Config_Success" storage="d:\actions-runner\_work\xpco\xpco\corporate\shared\common.integration\tst\videoos.common.integration.unittests\bin\x64\debug\net472\videoos.common.integration.unittests.dll" id="064b3f69-67f3-b772-c461-123ebfc32894">
      <Execution id="214b3b29-b8be-4b50-a4d1-f71ea438149d" />
      <TestMethod codeBase="D:\actions-runner\_work\XPCO\XPCO\Corporate\Shared\Common.Integration\tst\VideoOS.Common.Integration.UnitTests\bin\x64\Debug\net472\VideoOS.Common.Integration.UnitTests.dll" adapterTypeName="executor://mstestadapter/v2" className="VideoOS.Common.Integration.UnitTests.Configuration.MotionDetectionSettingsUnitTests" name="Xml_To_Config_Success" />
    </UnitTest>
    <UnitTest name="LicenseActivationService_AcquireLicense_LicenseNotAllowed_ToManyCamerasRequested" storage="d:\actions-runner\_work\xpco\xpco\corporate\shared\common.integration\tst\videoos.common.integration.unittests\bin\x64\debug\net472\videoos.common.integration.unittests.dll" id="8bde4785-2c03-a7e7-c5b7-8e24d368f7d7">
      <Execution id="405efed8-3997-4a0d-a543-eee54309aea1" />
      <TestMethod codeBase="D:\actions-runner\_work\XPCO\XPCO\Corporate\Shared\Common.Integration\tst\VideoOS.Common.Integration.UnitTests\bin\x64\Debug\net472\VideoOS.Common.Integration.UnitTests.dll" adapterTypeName="executor://mstestadapter/v2" className="VideoOS.Common.Integration.UnitTests.License.LicenseActivationServiceTests" name="LicenseActivationService_AcquireLicense_LicenseNotAllowed_ToManyCamerasRequested" />
    </UnitTest>
    <UnitTest name="CreateHttpUri_HttpsDefaultPort_UsePort65535_BecomesHttpPort65535" storage="d:\actions-runner\_work\xpco\xpco\corporate\shared\common.integration\tst\videoos.common.integration.unittests\bin\x64\debug\net472\videoos.common.integration.unittests.dll" id="4778ba7d-c1cd-e2b9-8b26-f1a8ebd138db">
      <Execution id="10818e2d-12b5-44fa-95bc-a8b2f4b30b9d" />
      <TestMethod codeBase="D:\actions-runner\_work\XPCO\XPCO\Corporate\Shared\Common.Integration\tst\VideoOS.Common.Integration.UnitTests\bin\x64\Debug\net472\VideoOS.Common.Integration.UnitTests.dll" adapterTypeName="executor://mstestadapter/v2" className="VideoOS.Common.Integration.UnitTests.Communication.UriHandlingUnitTests" name="CreateHttpUri_HttpsDefaultPort_UsePort65535_BecomesHttpPort65535" />
    </UnitTest>
    <UnitTest name="ModelValidation_ValidModel_Success" storage="d:\actions-runner\_work\xpco\xpco\corporate\shared\common.integration\tst\videoos.common.integration.unittests\bin\x64\debug\net472\videoos.common.integration.unittests.dll" id="5c50edbc-b393-455d-64e6-d02883451fc6">
      <Execution id="16bb6a9e-6ee9-4969-b6a4-48e5c2827668" />
      <TestMethod codeBase="D:\actions-runner\_work\XPCO\XPCO\Corporate\Shared\Common.Integration\tst\VideoOS.Common.Integration.UnitTests\bin\x64\Debug\net472\VideoOS.Common.Integration.UnitTests.dll" adapterTypeName="executor://mstestadapter/v2" className="VideoOS.Common.Integration.UnitTests.WebAPI.Model.AddBookmarkModelTest" name="ModelValidation_ValidModel_Success" />
    </UnitTest>
    <UnitTest name="HttpClientCommunicatorWrapper_PatchTObj_CommunicationException" storage="d:\actions-runner\_work\xpco\xpco\corporate\shared\common.integration\tst\videoos.common.integration.unittests\bin\x64\debug\net472\videoos.common.integration.unittests.dll" id="04e643a7-89d4-d018-807c-d021b86f66a0">
      <Execution id="beea2d33-14a0-4fe9-8a40-ef228b88c4d9" />
      <TestMethod codeBase="D:\actions-runner\_work\XPCO\XPCO\Corporate\Shared\Common.Integration\tst\VideoOS.Common.Integration.UnitTests\bin\x64\Debug\net472\VideoOS.Common.Integration.UnitTests.dll" adapterTypeName="executor://mstestadapter/v2" className="VideoOS.Common.Integration.UnitTests.WebAPI.HttpClientCommunicatorWrapperTests" name="HttpClientCommunicatorWrapper_PatchTObj_CommunicationException" />
    </UnitTest>
    <UnitTest name="WhiteList_IsModelWhiteListed_HWWith15CH_GlobalMaxChannelCount16ModelMaxChannelCountInvalid_ReturnsTrue" storage="d:\actions-runner\_work\xpco\xpco\corporate\shared\common.integration\tst\videoos.common.integration.unittests\bin\x64\debug\net472\videoos.common.integration.unittests.dll" id="f14b7ede-065f-7968-7e7b-731383f63de6">
      <TestCategory>
        <TestCategoryItem TestCategory="Licensing" />
      </TestCategory>
      <Execution id="0ddb6be9-c4c8-464c-8bd8-b42cf3b07a7f" />
      <TestMethod codeBase="D:\actions-runner\_work\XPCO\XPCO\Corporate\Shared\Common.Integration\tst\VideoOS.Common.Integration.UnitTests\bin\x64\Debug\net472\VideoOS.Common.Integration.UnitTests.dll" adapterTypeName="executor://mstestadapter/v2" className="VideoOS.Common.Integration.UnitTests.License.LicenseWhitelistTests" name="WhiteList_IsModelWhiteListed_HWWith15CH_GlobalMaxChannelCount16ModelMaxChannelCountInvalid_ReturnsTrue" />
    </UnitTest>
    <UnitTest name="Schemes_SerializeAndDeserializeOneItemTest" storage="d:\actions-runner\_work\xpco\xpco\corporate\shared\common.integration\tst\videoos.common.integration.unittests\bin\x64\debug\net472\videoos.common.integration.unittests.dll" id="5f9ab3a2-a74d-3ba3-bb43-56d569184da7">
      <Execution id="a4184f75-4158-4df6-a19f-e710f4d7654a" />
      <TestMethod codeBase="D:\actions-runner\_work\XPCO\XPCO\Corporate\Shared\Common.Integration\tst\VideoOS.Common.Integration.UnitTests\bin\x64\Debug\net472\VideoOS.Common.Integration.UnitTests.dll" adapterTypeName="executor://mstestadapter/v2" className="VideoOS.Common.Integration.UnitTests.DeviceDiscovery.SchemesTest" name="Schemes_SerializeAndDeserializeOneItemTest" />
    </UnitTest>
    <UnitTest name="HardwareUnsupportedResponseModel_NoValuesSet_ValidationFailure" storage="d:\actions-runner\_work\xpco\xpco\corporate\shared\common.integration\tst\videoos.common.integration.unittests\bin\x64\debug\net472\videoos.common.integration.unittests.dll" id="8ec4ce01-a20c-7b36-74f2-fb2d170afbcc">
      <Execution id="e4493446-1a4c-49da-ac34-3da77823927d" />
      <TestMethod codeBase="D:\actions-runner\_work\XPCO\XPCO\Corporate\Shared\Common.Integration\tst\VideoOS.Common.Integration.UnitTests\bin\x64\Debug\net472\VideoOS.Common.Integration.UnitTests.dll" adapterTypeName="executor://mstestadapter/v2" className="VideoOS.Common.Integration.UnitTests.WebApi.Model.HardwareUnsupportedResponseModelTest" name="HardwareUnsupportedResponseModel_NoValuesSet_ValidationFailure" />
    </UnitTest>
    <UnitTest name="ThreadPoolMessageProcessor_ConstructorTest" storage="d:\actions-runner\_work\xpco\xpco\corporate\shared\common.integration\tst\videoos.common.integration.unittests\bin\x64\debug\net472\videoos.common.integration.unittests.dll" id="06314961-77c9-bb6b-859e-bd58a43c855a">
      <Execution id="bb77a7f0-4fa8-423a-a114-1d9eb9f5c33c" />
      <TestMethod codeBase="D:\actions-runner\_work\XPCO\XPCO\Corporate\Shared\Common.Integration\tst\VideoOS.Common.Integration.UnitTests\bin\x64\Debug\net472\VideoOS.Common.Integration.UnitTests.dll" adapterTypeName="executor://mstestadapter/v2" className="VideoOS.Common.Integration.UnitTests.MessageProcessing.ThreadPoolMessageProcessorTest" name="ThreadPoolMessageProcessor_ConstructorTest" />
    </UnitTest>
    <UnitTest name="CreateInstance_SettingsFileExists_AllowInsecureIsNull_ReturnsDefaultInstance" storage="d:\actions-runner\_work\xpco\xpco\corporate\shared\common.integration\tst\videoos.common.integration.unittests\bin\x64\debug\net472\videoos.common.integration.unittests.dll" id="c324f2a7-fe13-0997-afb6-df983ed324c4">
      <Execution id="2dbf5970-59c7-4ea8-ae62-7878c1dc4f82" />
      <TestMethod codeBase="D:\actions-runner\_work\XPCO\XPCO\Corporate\Shared\Common.Integration\tst\VideoOS.Common.Integration.UnitTests\bin\x64\Debug\net472\VideoOS.Common.Integration.UnitTests.dll" adapterTypeName="executor://mstestadapter/v2" className="VideoOS.Common.Integration.UnitTests.ServerValidation.LocalUserOptionsTests" name="CreateInstance_SettingsFileExists_AllowInsecureIsNull_ReturnsDefaultInstance" />
    </UnitTest>
    <UnitTest name="LicenseDocument_ThrowsUnsupportedLicensingModeError_OnLicenseWithoutWhitelistVersion" storage="d:\actions-runner\_work\xpco\xpco\corporate\shared\common.integration\tst\videoos.common.integration.unittests\bin\x64\debug\net472\videoos.common.integration.unittests.dll" id="3d71243d-a73d-bce4-5833-07e4c8528e1d">
      <TestCategory>
        <TestCategoryItem TestCategory="LicenseDocumentTest" />
      </TestCategory>
      <Execution id="6ca26b65-a363-4ffd-a2fe-3a24160a2d8c" />
      <TestMethod codeBase="D:\actions-runner\_work\XPCO\XPCO\Corporate\Shared\Common.Integration\tst\VideoOS.Common.Integration.UnitTests\bin\x64\Debug\net472\VideoOS.Common.Integration.UnitTests.dll" adapterTypeName="executor://mstestadapter/v2" className="VideoOS.Common.Integration.UnitTests.License.LicenseDocumentTests" name="LicenseDocument_ThrowsUnsupportedLicensingModeError_OnLicenseWithoutWhitelistVersion" />
    </UnitTest>
    <UnitTest name="WhiteList_IsHardwareWhiteListed_NotWhiteListedDriverNullModel_ReturnsFalse_ChannelLicenseCountIs5" storage="d:\actions-runner\_work\xpco\xpco\corporate\shared\common.integration\tst\videoos.common.integration.unittests\bin\x64\debug\net472\videoos.common.integration.unittests.dll" id="a4c4b508-919f-e71f-5e1b-c62a1e9a80ce">
      <TestCategory>
        <TestCategoryItem TestCategory="Licensing" />
      </TestCategory>
      <Execution id="390dd89e-0dcb-4f81-91ed-2ce17009f3bf" />
      <TestMethod codeBase="D:\actions-runner\_work\XPCO\XPCO\Corporate\Shared\Common.Integration\tst\VideoOS.Common.Integration.UnitTests\bin\x64\Debug\net472\VideoOS.Common.Integration.UnitTests.dll" adapterTypeName="executor://mstestadapter/v2" className="VideoOS.Common.Integration.UnitTests.License.LicenseWhitelistTests" name="WhiteList_IsHardwareWhiteListed_NotWhiteListedDriverNullModel_ReturnsFalse_ChannelLicenseCountIs5" />
    </UnitTest>
    <UnitTest name="HttpClientCommunicatorWrapper_SendTObjTRet_Success" storage="d:\actions-runner\_work\xpco\xpco\corporate\shared\common.integration\tst\videoos.common.integration.unittests\bin\x64\debug\net472\videoos.common.integration.unittests.dll" id="d51a3945-9760-b3de-3fd2-b81f472ff315">
      <Execution id="5a665720-a7d9-4278-9c75-59e5e2c20052" />
      <TestMethod codeBase="D:\actions-runner\_work\XPCO\XPCO\Corporate\Shared\Common.Integration\tst\VideoOS.Common.Integration.UnitTests\bin\x64\Debug\net472\VideoOS.Common.Integration.UnitTests.dll" adapterTypeName="executor://mstestadapter/v2" className="VideoOS.Common.Integration.UnitTests.WebAPI.HttpClientCommunicatorWrapperTests" name="HttpClientCommunicatorWrapper_SendTObjTRet_Success" />
    </UnitTest>
    <UnitTest name="Validate_PartialMatch_Found_EndOfWord_MixedCase_Success" storage="d:\actions-runner\_work\xpco\xpco\corporate\shared\common.integration\tst\videoos.common.integration.unittests\bin\x64\debug\net472\videoos.common.integration.unittests.dll" id="6f14fc4c-bdba-997f-b189-7c5e690cf465">
      <Execution id="447724b5-a157-45dc-8dc7-47a0e325b38e" />
      <TestMethod codeBase="D:\actions-runner\_work\XPCO\XPCO\Corporate\Shared\Common.Integration\tst\VideoOS.Common.Integration.UnitTests\bin\x64\Debug\net472\VideoOS.Common.Integration.UnitTests.dll" adapterTypeName="executor://mstestadapter/v2" className="VideoOS.Common.Integration.UnitTests.License.WhitelistMatchHelperTests" name="Validate_PartialMatch_Found_EndOfWord_MixedCase_Success" />
    </UnitTest>
    <UnitTest name="ToRecorderStatuses_AppliesAllFlags_OnAllFlagsPresent" storage="d:\actions-runner\_work\xpco\xpco\corporate\shared\common.integration\tst\videoos.common.integration.unittests\bin\x64\debug\net472\videoos.common.integration.unittests.dll" id="9d329994-74e3-8238-a429-3b094a215384">
      <TestCategory>
        <TestCategoryItem TestCategory="RecorderStatus" />
      </TestCategory>
      <Execution id="ced2aa46-f36a-4607-9b8d-752d2b4335c6" />
      <TestMethod codeBase="D:\actions-runner\_work\XPCO\XPCO\Corporate\Shared\Common.Integration\tst\VideoOS.Common.Integration.UnitTests\bin\x64\Debug\net472\VideoOS.Common.Integration.UnitTests.dll" adapterTypeName="executor://mstestadapter/v2" className="VideoOS.Common.Integration.UnitTests.Communication.Internal.DtoConvertTests" name="ToRecorderStatuses_AppliesAllFlags_OnAllFlagsPresent" />
    </UnitTest>
    <UnitTest name="PatchAsync_EndpointOnly_EndPointIsNull_ArgumentNullExceptionThrown" storage="d:\actions-runner\_work\xpco\xpco\corporate\shared\common.integration\tst\videoos.common.integration.unittests\bin\x64\debug\net472\videoos.common.integration.unittests.dll" id="87ea9e95-9b52-8332-11b6-09e963cda5e4">
      <Execution id="aba62f75-6f73-4d16-aa9d-c786bca417d2" />
      <TestMethod codeBase="D:\actions-runner\_work\XPCO\XPCO\Corporate\Shared\Common.Integration\tst\VideoOS.Common.Integration.UnitTests\bin\x64\Debug\net472\VideoOS.Common.Integration.UnitTests.dll" adapterTypeName="executor://mstestadapter/v2" className="VideoOS.Common.Integration.WebApi.HttpClientCommunicatorUnitTests" name="PatchAsync_EndpointOnly_EndPointIsNull_ArgumentNullExceptionThrown" />
    </UnitTest>
    <UnitTest name="RecorderInfo_Construct_InvalidId_EmptyGuid_Throws_ArgumentException" storage="d:\actions-runner\_work\xpco\xpco\corporate\shared\common.integration\tst\videoos.common.integration.unittests\bin\x64\debug\net472\videoos.common.integration.unittests.dll" id="7341f2f1-623e-04bc-4ea8-e3b71c886ef5">
      <Execution id="513a5fa6-82c5-4ef3-9014-20ed975b046d" />
      <TestMethod codeBase="D:\actions-runner\_work\XPCO\XPCO\Corporate\Shared\Common.Integration\tst\VideoOS.Common.Integration.UnitTests\bin\x64\Debug\net472\VideoOS.Common.Integration.UnitTests.dll" adapterTypeName="executor://mstestadapter/v2" className="VideoOS.Common.Integration.UnitTests.License.RecorderInfoTests" name="RecorderInfo_Construct_InvalidId_EmptyGuid_Throws_ArgumentException" />
    </UnitTest>
    <UnitTest name="SecurityManager_HasDevicePermission_ViewLive_TimeProfile_Allowed" storage="d:\actions-runner\_work\xpco\xpco\corporate\shared\common.integration\tst\videoos.common.integration.unittests\bin\x64\debug\net472\videoos.common.integration.unittests.dll" id="2ee9ae6c-ecb2-e137-7118-36fc9e6346a7">
      <Execution id="e0976d18-9d34-4c7c-9019-592571e95da7" />
      <TestMethod codeBase="D:\actions-runner\_work\XPCO\XPCO\Corporate\Shared\Common.Integration\tst\VideoOS.Common.Integration.UnitTests\bin\x64\Debug\net472\VideoOS.Common.Integration.UnitTests.dll" adapterTypeName="executor://mstestadapter/v2" className="VideoOS.Common.Integration.UnitTests.Security.SecurityManagerUnitTests" name="SecurityManager_HasDevicePermission_ViewLive_TimeProfile_Allowed" />
    </UnitTest>
    <UnitTest name="GroupConfigurationAddGroupWithUnknownParentGroup" storage="d:\actions-runner\_work\xpco\xpco\corporate\shared\common.integration\tst\videoos.common.integration.unittests\bin\x64\debug\net472\videoos.common.integration.unittests.dll" id="2c268a89-a61c-6227-9d8c-24714ad3d9e6">
      <TestCategory>
        <TestCategoryItem TestCategory="Rules.GroupConfiguration" />
      </TestCategory>
      <Execution id="20a8b3c0-c970-4b42-8e9f-4aed23906649" />
      <TestMethod codeBase="D:\actions-runner\_work\XPCO\XPCO\Corporate\Shared\Common.Integration\tst\VideoOS.Common.Integration.UnitTests\bin\x64\Debug\net472\VideoOS.Common.Integration.UnitTests.dll" adapterTypeName="executor://mstestadapter/v2" className="VideoOS.Common.Integration.UnitTests.Rules.GroupConfigurationTest" name="GroupConfigurationAddGroupWithUnknownParentGroup" />
    </UnitTest>
    <UnitTest name="ReadIdentitiesFromCache_GetFromProvider" storage="d:\actions-runner\_work\xpco\xpco\corporate\shared\common.integration\tst\videoos.common.integration.unittests\bin\x64\debug\net472\videoos.common.integration.unittests.dll" id="55ec7ecd-668d-873b-5de4-97aa54ebae84">
      <Execution id="b1acadbb-94b4-4123-a4b0-256bdd3b1b0d" />
      <TestMethod codeBase="D:\actions-runner\_work\XPCO\XPCO\Corporate\Shared\Common.Integration\tst\VideoOS.Common.Integration.UnitTests\bin\x64\Debug\net472\VideoOS.Common.Integration.UnitTests.dll" adapterTypeName="executor://mstestadapter/v2" className="VideoOS.Common.Integration.UnitTests.Caching.SecurityIdentityCacheUnitTests" name="ReadIdentitiesFromCache_GetFromProvider" />
    </UnitTest>
    <UnitTest name="ServerFileStorageQuota_Update_AboveLimit_Fail" storage="d:\actions-runner\_work\xpco\xpco\corporate\shared\common.integration\tst\videoos.common.integration.unittests\bin\x64\debug\net472\videoos.common.integration.unittests.dll" id="7659c934-2fed-c911-0cab-cf9b2974fa9d">
      <Execution id="be0fd1c2-7324-44da-969d-37c447a3883b" />
      <TestMethod codeBase="D:\actions-runner\_work\XPCO\XPCO\Corporate\Shared\Common.Integration\tst\VideoOS.Common.Integration.UnitTests\bin\x64\Debug\net472\VideoOS.Common.Integration.UnitTests.dll" adapterTypeName="executor://mstestadapter/v2" className="VideoOS.Common.Integration.UnitTests.ServerFileStorageQuotaTests" name="ServerFileStorageQuota_Update_AboveLimit_Fail" />
    </UnitTest>
    <UnitTest name="Validate_DevicesCountUsingOneLicense_NotShown_WhenTheCountIsZero" storage="d:\actions-runner\_work\xpco\xpco\corporate\shared\common.integration\tst\videoos.common.integration.unittests\bin\x64\debug\net472\videoos.common.integration.unittests.dll" id="1788b1c8-8550-8ec7-916f-51b6ac1b19d1">
      <Execution id="7d02d06e-6e07-4d03-b136-cf1e16a8b088" />
      <TestMethod codeBase="D:\actions-runner\_work\XPCO\XPCO\Corporate\Shared\Common.Integration\tst\VideoOS.Common.Integration.UnitTests\bin\x64\Debug\net472\VideoOS.Common.Integration.UnitTests.dll" adapterTypeName="executor://mstestadapter/v2" className="VideoOS.Common.Integration.UnitTests.License.LicenseReportGeneratorTests" name="Validate_DevicesCountUsingOneLicense_NotShown_WhenTheCountIsZero" />
    </UnitTest>
    <UnitTest name="ServiceDiscoveryEngine_Construction_TimespanZero_ArgumentOutOfRangeException" storage="d:\actions-runner\_work\xpco\xpco\corporate\shared\common.integration\tst\videoos.common.integration.unittests\bin\x64\debug\net472\videoos.common.integration.unittests.dll" id="aa4fc76c-189f-e563-9f8f-3e22961849d3">
      <Execution id="dd18a86d-0208-42a4-8d5c-c53a281217d4" />
      <TestMethod codeBase="D:\actions-runner\_work\XPCO\XPCO\Corporate\Shared\Common.Integration\tst\VideoOS.Common.Integration.UnitTests\bin\x64\Debug\net472\VideoOS.Common.Integration.UnitTests.dll" adapterTypeName="executor://mstestadapter/v2" className="VideoOS.Common.Integration.UnitTests.WebAPI.Exceptions.ServiceDiscoveryEngineTests" name="ServiceDiscoveryEngine_Construction_TimespanZero_ArgumentOutOfRangeException" />
    </UnitTest>
    <UnitTest name="TestRequiredCharactersPresent" storage="d:\actions-runner\_work\xpco\xpco\corporate\shared\common.integration\tst\videoos.common.integration.unittests\bin\x64\debug\net472\videoos.common.integration.unittests.dll" id="0376f184-1683-58ef-381b-84d45a0a5f8d">
      <Execution id="2177c3ab-56db-4e54-b1d8-b3488f4c7137" />
      <TestMethod codeBase="D:\actions-runner\_work\XPCO\XPCO\Corporate\Shared\Common.Integration\tst\VideoOS.Common.Integration.UnitTests\bin\x64\Debug\net472\VideoOS.Common.Integration.UnitTests.dll" adapterTypeName="executor://mstestadapter/v2" className="VideoOS.Common.Integration.UnitTests.PasswordMinMaxGenerator" name="TestRequiredCharactersPresent" />
    </UnitTest>
    <UnitTest name="CreateResponseException_BadRequestStatus_BadRequestException" storage="d:\actions-runner\_work\xpco\xpco\corporate\shared\common.integration\tst\videoos.common.integration.unittests\bin\x64\debug\net472\videoos.common.integration.unittests.dll" id="b3472f8d-2828-1cdf-8c96-94d7cea2b233">
      <Execution id="9c6cd04b-08c1-40f8-86d0-8e480a7fad25" />
      <TestMethod codeBase="D:\actions-runner\_work\XPCO\XPCO\Corporate\Shared\Common.Integration\tst\VideoOS.Common.Integration.UnitTests\bin\x64\Debug\net472\VideoOS.Common.Integration.UnitTests.dll" adapterTypeName="executor://mstestadapter/v2" className="VideoOS.Common.Integration.UnitTests.WebAPI.Exceptions.WebApiExceptionHelperTests" name="CreateResponseException_BadRequestStatus_BadRequestException" />
    </UnitTest>
    <UnitTest name="HttpClientCommunicatorWrapper_SendAsyncTRet_CommunicationException" storage="d:\actions-runner\_work\xpco\xpco\corporate\shared\common.integration\tst\videoos.common.integration.unittests\bin\x64\debug\net472\videoos.common.integration.unittests.dll" id="74c662a2-9433-6990-26ff-4f0fdeee76b7">
      <Execution id="6845ec44-baed-4419-847f-0d7bc697e84a" />
      <TestMethod codeBase="D:\actions-runner\_work\XPCO\XPCO\Corporate\Shared\Common.Integration\tst\VideoOS.Common.Integration.UnitTests\bin\x64\Debug\net472\VideoOS.Common.Integration.UnitTests.dll" adapterTypeName="executor://mstestadapter/v2" className="VideoOS.Common.Integration.UnitTests.WebAPI.HttpClientCommunicatorWrapperTests" name="HttpClientCommunicatorWrapper_SendAsyncTRet_CommunicationException" />
    </UnitTest>
    <UnitTest name="ReadChildElementValueAsInt32_RangeCheck_Min_Exact" storage="d:\actions-runner\_work\xpco\xpco\corporate\shared\common.integration\tst\videoos.common.integration.unittests\bin\x64\debug\net472\videoos.common.integration.unittests.dll" id="1816d6f6-bdf0-538b-a698-6f9d2d266160">
      <Execution id="64439e39-3985-4ce1-a790-c35361a9c7d0" />
      <TestMethod codeBase="D:\actions-runner\_work\XPCO\XPCO\Corporate\Shared\Common.Integration\tst\VideoOS.Common.Integration.UnitTests\bin\x64\Debug\net472\VideoOS.Common.Integration.UnitTests.dll" adapterTypeName="executor://mstestadapter/v2" className="VideoOS.Common.Integration.UnitTests.XmlDocumentExtensionsCoreUnitTests" name="ReadChildElementValueAsInt32_RangeCheck_Min_Exact" />
    </UnitTest>
    <UnitTest name="StreamsConfiguration_LoadXml_And_SaveXml_Success" storage="d:\actions-runner\_work\xpco\xpco\corporate\shared\common.integration\tst\videoos.common.integration.unittests\bin\x64\debug\net472\videoos.common.integration.unittests.dll" id="04fe056f-b830-4199-6133-347e91e2331f">
      <Execution id="513d1d27-dca7-42df-ac97-4f9f87fd41c2" />
      <TestMethod codeBase="D:\actions-runner\_work\XPCO\XPCO\Corporate\Shared\Common.Integration\tst\VideoOS.Common.Integration.UnitTests\bin\x64\Debug\net472\VideoOS.Common.Integration.UnitTests.dll" adapterTypeName="executor://mstestadapter/v2" className="VideoOS.Common.Integration.UnitTests.StreamsConfigurationUnitTests" name="StreamsConfiguration_LoadXml_And_SaveXml_Success" />
    </UnitTest>
    <UnitTest name="ServerFileStorageCleanupService_Entries_Deleted_WhenExpired" storage="d:\actions-runner\_work\xpco\xpco\corporate\shared\common.integration\tst\videoos.common.integration.unittests\bin\x64\debug\net472\videoos.common.integration.unittests.dll" id="b7cbd4e0-3d1b-4983-f117-98cf6087ec31">
      <Execution id="63e4a629-dc80-41c6-b717-58fc9de88095" />
      <TestMethod codeBase="D:\actions-runner\_work\XPCO\XPCO\Corporate\Shared\Common.Integration\tst\VideoOS.Common.Integration.UnitTests\bin\x64\Debug\net472\VideoOS.Common.Integration.UnitTests.dll" adapterTypeName="executor://mstestadapter/v2" className="VideoOS.Common.Integration.UnitTests.ServerFileStorageCleanupServiceTests" name="ServerFileStorageCleanupService_Entries_Deleted_WhenExpired" />
    </UnitTest>
    <UnitTest name="ModelValidation_ValidModel_Success" storage="d:\actions-runner\_work\xpco\xpco\corporate\shared\common.integration\tst\videoos.common.integration.unittests\bin\x64\debug\net472\videoos.common.integration.unittests.dll" id="dd5c21a1-83eb-caf9-c51c-2774a75fa9c0">
      <Execution id="e6763db6-9bfa-47e7-bbfb-5569560b8d7f" />
      <TestMethod codeBase="D:\actions-runner\_work\XPCO\XPCO\Corporate\Shared\Common.Integration\tst\VideoOS.Common.Integration.UnitTests\bin\x64\Debug\net472\VideoOS.Common.Integration.UnitTests.dll" adapterTypeName="executor://mstestadapter/v2" className="VideoOS.Common.Integration.UnitTests.WebAPI.Model.ReportManualRecordingStateModelTest" name="ModelValidation_ValidModel_Success" />
    </UnitTest>
    <UnitTest name="Transform_XmlWithEmptyValues" storage="d:\actions-runner\_work\xpco\xpco\corporate\shared\common.integration\tst\videoos.common.integration.unittests\bin\x64\debug\net472\videoos.common.integration.unittests.dll" id="6e87259d-09b3-67d2-6e70-1aa4e1eba859">
      <Execution id="33909d0e-dede-457c-9341-e3ebe78a01bb" />
      <TestMethod codeBase="D:\actions-runner\_work\XPCO\XPCO\Corporate\Shared\Common.Integration\tst\VideoOS.Common.Integration.UnitTests\bin\x64\Debug\net472\VideoOS.Common.Integration.UnitTests.dll" adapterTypeName="executor://mstestadapter/v2" className="VideoOS.Common.Integration.UnitTests.Configuration.SettingsXmlTransformerTests" name="Transform_XmlWithEmptyValues" />
    </UnitTest>
    <UnitTest name="TestMergeGridAreaWithEmptyAndValidArea" storage="d:\actions-runner\_work\xpco\xpco\corporate\shared\common.integration\tst\videoos.common.integration.unittests\bin\x64\debug\net472\videoos.common.integration.unittests.dll" id="ba4cabca-f150-4d30-24b9-afc75cce1b1d">
      <Execution id="01c0f4de-8795-4454-8b30-5c8cc9fd0b08" />
      <TestMethod codeBase="D:\actions-runner\_work\XPCO\XPCO\Corporate\Shared\Common.Integration\tst\VideoOS.Common.Integration.UnitTests\bin\x64\Debug\net472\VideoOS.Common.Integration.UnitTests.dll" adapterTypeName="executor://mstestadapter/v2" className="VideoOS.Common.Integration.UnitTests.Configuration.FillableGridAreaUnitTest" name="TestMergeGridAreaWithEmptyAndValidArea" />
    </UnitTest>
    <UnitTest name="GetAggregateFeeds_UpdateTotalFeedCountsAcrossAllHardware_ThrowException_WhenNull" storage="d:\actions-runner\_work\xpco\xpco\corporate\shared\common.integration\tst\videoos.common.integration.unittests\bin\x64\debug\net472\videoos.common.integration.unittests.dll" id="a92a1664-5348-c36d-d881-f355c36e3a61">
      <Execution id="006d8ea7-0713-4986-9631-6c35f3a4461b" />
      <TestMethod codeBase="D:\actions-runner\_work\XPCO\XPCO\Corporate\Shared\Common.Integration\tst\VideoOS.Common.Integration.UnitTests\bin\x64\Debug\net472\VideoOS.Common.Integration.UnitTests.dll" adapterTypeName="executor://mstestadapter/v2" className="VideoOS.Common.Integration.UnitTests.License.HardwareDictionaryTests" name="GetAggregateFeeds_UpdateTotalFeedCountsAcrossAllHardware_ThrowException_WhenNull" />
    </UnitTest>
    <UnitTest name="ConvertStringToPort_NegativePort_ThrowsArgumentOutOfRangeException" storage="d:\actions-runner\_work\xpco\xpco\corporate\shared\common.integration\tst\videoos.common.integration.unittests\bin\x64\debug\net472\videoos.common.integration.unittests.dll" id="a051760f-56e9-b36c-7f92-d910f2778b93">
      <TestCategory>
        <TestCategoryItem TestCategory="UriHandling" />
      </TestCategory>
      <Execution id="9c7558b4-cf04-49e8-ba28-8009b465581f" />
      <TestMethod codeBase="D:\actions-runner\_work\XPCO\XPCO\Corporate\Shared\Common.Integration\tst\VideoOS.Common.Integration.UnitTests\bin\x64\Debug\net472\VideoOS.Common.Integration.UnitTests.dll" adapterTypeName="executor://mstestadapter/v2" className="VideoOS.Common.Integration.UnitTests.Communication.UriHandlingUnitTests" name="ConvertStringToPort_NegativePort_ThrowsArgumentOutOfRangeException" />
    </UnitTest>
    <UnitTest name="ReadChildElementValueAsUInt64_NameNull" storage="d:\actions-runner\_work\xpco\xpco\corporate\shared\common.integration\tst\videoos.common.integration.unittests\bin\x64\debug\net472\videoos.common.integration.unittests.dll" id="a8adb570-3c77-fd92-2880-fcff3132e10b">
      <Execution id="848f8457-498a-41b5-ab5e-a1732aef1cf0" />
      <TestMethod codeBase="D:\actions-runner\_work\XPCO\XPCO\Corporate\Shared\Common.Integration\tst\VideoOS.Common.Integration.UnitTests\bin\x64\Debug\net472\VideoOS.Common.Integration.UnitTests.dll" adapterTypeName="executor://mstestadapter/v2" className="VideoOS.Common.Integration.UnitTests.XmlDocumentExtensionsCoreUnitTests" name="ReadChildElementValueAsUInt64_NameNull" />
    </UnitTest>
    <UnitTest name="GroupConfigurationCheckAddOrDeleteMemberEvents" storage="d:\actions-runner\_work\xpco\xpco\corporate\shared\common.integration\tst\videoos.common.integration.unittests\bin\x64\debug\net472\videoos.common.integration.unittests.dll" id="c7d15519-12aa-af74-36da-f8f49a9c6779">
      <TestCategory>
        <TestCategoryItem TestCategory="Rules.GroupConfiguration" />
      </TestCategory>
      <Execution id="207b60e1-5a9d-4d27-ab34-a86f5475a7f9" />
      <TestMethod codeBase="D:\actions-runner\_work\XPCO\XPCO\Corporate\Shared\Common.Integration\tst\VideoOS.Common.Integration.UnitTests\bin\x64\Debug\net472\VideoOS.Common.Integration.UnitTests.dll" adapterTypeName="executor://mstestadapter/v2" className="VideoOS.Common.Integration.UnitTests.Rules.GroupConfigurationTest" name="GroupConfigurationCheckAddOrDeleteMemberEvents" />
    </UnitTest>
    <UnitTest name="CalculateLicenseRequirements_On1ICPHardwareWith3ChannelsAnd1NormalWith3Channels_ReturnsTrue" storage="d:\actions-runner\_work\xpco\xpco\corporate\shared\common.integration\tst\videoos.common.integration.unittests\bin\x64\debug\net472\videoos.common.integration.unittests.dll" id="9736a8ae-f308-ab55-366f-2db7b2222e2a">
      <Execution id="42d18a9e-790a-4424-97b8-4f4a40d8604b" />
      <TestMethod codeBase="D:\actions-runner\_work\XPCO\XPCO\Corporate\Shared\Common.Integration\tst\VideoOS.Common.Integration.UnitTests\bin\x64\Debug\net472\VideoOS.Common.Integration.UnitTests.dll" adapterTypeName="executor://mstestadapter/v2" className="VideoOS.Common.Integration.UnitTests.License.LicenseCalculatorTests" name="CalculateLicenseRequirements_On1ICPHardwareWith3ChannelsAnd1NormalWith3Channels_ReturnsTrue" />
    </UnitTest>
    <UnitTest name="SecurityManager_HasDevicePermission_ViewLive_Timeprofile_Restricted" storage="d:\actions-runner\_work\xpco\xpco\corporate\shared\common.integration\tst\videoos.common.integration.unittests\bin\x64\debug\net472\videoos.common.integration.unittests.dll" id="2cfbec6f-c817-94e4-b492-5c9f6bf6718c">
      <Execution id="e4408d2d-ac2a-4af1-bbdb-f6183c08652f" />
      <TestMethod codeBase="D:\actions-runner\_work\XPCO\XPCO\Corporate\Shared\Common.Integration\tst\VideoOS.Common.Integration.UnitTests\bin\x64\Debug\net472\VideoOS.Common.Integration.UnitTests.dll" adapterTypeName="executor://mstestadapter/v2" className="VideoOS.Common.Integration.UnitTests.Security.SecurityManagerUnitTests" name="SecurityManager_HasDevicePermission_ViewLive_Timeprofile_Restricted" />
    </UnitTest>
    <UnitTest name="HardwareInfo_DecodesDriverAndModelNameUpperWithSingleQuote" storage="d:\actions-runner\_work\xpco\xpco\corporate\shared\common.integration\tst\videoos.common.integration.unittests\bin\x64\debug\net472\videoos.common.integration.unittests.dll" id="e17193a1-0db6-f111-2b7a-d0d6fc175ade">
      <Execution id="13077c81-08b1-449f-8b8a-e78b3bab1a3c" />
      <TestMethod codeBase="D:\actions-runner\_work\XPCO\XPCO\Corporate\Shared\Common.Integration\tst\VideoOS.Common.Integration.UnitTests\bin\x64\Debug\net472\VideoOS.Common.Integration.UnitTests.dll" adapterTypeName="executor://mstestadapter/v2" className="VideoOS.Common.Integration.UnitTests.License.HardwareInfoTests" name="HardwareInfo_DecodesDriverAndModelNameUpperWithSingleQuote" />
    </UnitTest>
    <UnitTest name="ModelValidation_RequiredPropertiesAreNull_Failed" storage="d:\actions-runner\_work\xpco\xpco\corporate\shared\common.integration\tst\videoos.common.integration.unittests\bin\x64\debug\net472\videoos.common.integration.unittests.dll" id="18dd14df-198b-49a2-f78f-464042c6d6d3">
      <Execution id="30ca010b-04d0-40a7-b798-9ebe7a81b6b5" />
      <TestMethod codeBase="D:\actions-runner\_work\XPCO\XPCO\Corporate\Shared\Common.Integration\tst\VideoOS.Common.Integration.UnitTests\bin\x64\Debug\net472\VideoOS.Common.Integration.UnitTests.dll" adapterTypeName="executor://mstestadapter/v2" className="VideoOS.Common.Integration.UnitTests.WebAPI.Model.PtzStopSessionModelTest" name="ModelValidation_RequiredPropertiesAreNull_Failed" />
    </UnitTest>
    <UnitTest name="StreamsConfiguration_ValidateConfiguration_Stream_With_No_Selection" storage="d:\actions-runner\_work\xpco\xpco\corporate\shared\common.integration\tst\videoos.common.integration.unittests\bin\x64\debug\net472\videoos.common.integration.unittests.dll" id="21cb4457-3df9-6638-6de2-c89ff2fbb31c">
      <Execution id="9126ab63-5c9a-4355-b293-6ea19532f150" />
      <TestMethod codeBase="D:\actions-runner\_work\XPCO\XPCO\Corporate\Shared\Common.Integration\tst\VideoOS.Common.Integration.UnitTests\bin\x64\Debug\net472\VideoOS.Common.Integration.UnitTests.dll" adapterTypeName="executor://mstestadapter/v2" className="VideoOS.Common.Integration.UnitTests.StreamsConfigurationUnitTests" name="StreamsConfiguration_ValidateConfiguration_Stream_With_No_Selection" />
    </UnitTest>
    <UnitTest name="ReadChildElementValueAsBoolean_ElementNull" storage="d:\actions-runner\_work\xpco\xpco\corporate\shared\common.integration\tst\videoos.common.integration.unittests\bin\x64\debug\net472\videoos.common.integration.unittests.dll" id="e6a3eac6-4a92-ade1-878f-4f802ed8f76f">
      <Execution id="5ae7214c-7de8-45c6-83ab-b4af41fd165c" />
      <TestMethod codeBase="D:\actions-runner\_work\XPCO\XPCO\Corporate\Shared\Common.Integration\tst\VideoOS.Common.Integration.UnitTests\bin\x64\Debug\net472\VideoOS.Common.Integration.UnitTests.dll" adapterTypeName="executor://mstestadapter/v2" className="VideoOS.Common.Integration.UnitTests.XmlDocumentExtensionsCoreUnitTests" name="ReadChildElementValueAsBoolean_ElementNull" />
    </UnitTest>
    <UnitTest name="HttpClientCommunicatorWrapper_SendAsync_CommunicationException" storage="d:\actions-runner\_work\xpco\xpco\corporate\shared\common.integration\tst\videoos.common.integration.unittests\bin\x64\debug\net472\videoos.common.integration.unittests.dll" id="db63f797-2321-5f9c-6408-fa04cef85df1">
      <Execution id="e882705d-656b-40c1-8c44-e16e9c5eebd7" />
      <TestMethod codeBase="D:\actions-runner\_work\XPCO\XPCO\Corporate\Shared\Common.Integration\tst\VideoOS.Common.Integration.UnitTests\bin\x64\Debug\net472\VideoOS.Common.Integration.UnitTests.dll" adapterTypeName="executor://mstestadapter/v2" className="VideoOS.Common.Integration.UnitTests.WebAPI.HttpClientCommunicatorWrapperTests" name="HttpClientCommunicatorWrapper_SendAsync_CommunicationException" />
    </UnitTest>
    <UnitTest name="BaseHtmlLicenseReport_SvgImageLink_WithClass_Success" storage="d:\actions-runner\_work\xpco\xpco\corporate\shared\common.integration\tst\videoos.common.integration.unittests\bin\x64\debug\net472\videoos.common.integration.unittests.dll" id="5b0b6c0e-fe77-f328-38b6-99d7d47feac9">
      <Execution id="8a18a3d7-c457-4757-b3f9-5ca3aedd8166" />
      <TestMethod codeBase="D:\actions-runner\_work\XPCO\XPCO\Corporate\Shared\Common.Integration\tst\VideoOS.Common.Integration.UnitTests\bin\x64\Debug\net472\VideoOS.Common.Integration.UnitTests.dll" adapterTypeName="executor://mstestadapter/v2" className="VideoOS.Common.Integration.UnitTests.License.BaseHtmlLicenseReportTests" name="BaseHtmlLicenseReport_SvgImageLink_WithClass_Success" />
    </UnitTest>
    <UnitTest name="ServiceDiscoveryEngine_CommunicationError_ServiceNotFound" storage="d:\actions-runner\_work\xpco\xpco\corporate\shared\common.integration\tst\videoos.common.integration.unittests\bin\x64\debug\net472\videoos.common.integration.unittests.dll" id="f0c6cb33-4f14-0311-2137-e4f80b84b338">
      <Execution id="95487357-7e33-4a92-abc0-30a6a3e70c00" />
      <TestMethod codeBase="D:\actions-runner\_work\XPCO\XPCO\Corporate\Shared\Common.Integration\tst\VideoOS.Common.Integration.UnitTests\bin\x64\Debug\net472\VideoOS.Common.Integration.UnitTests.dll" adapterTypeName="executor://mstestadapter/v2" className="VideoOS.Common.Integration.UnitTests.WebAPI.Exceptions.ServiceDiscoveryEngineTests" name="ServiceDiscoveryEngine_CommunicationError_ServiceNotFound" />
    </UnitTest>
    <UnitTest name="ReadAttributeAsInt32_RangeCheck_Min_Exact" storage="d:\actions-runner\_work\xpco\xpco\corporate\shared\common.integration\tst\videoos.common.integration.unittests\bin\x64\debug\net472\videoos.common.integration.unittests.dll" id="37c76a2d-da00-b26e-5d0f-cdec68812b5d">
      <Execution id="ff7ca6a0-0ecb-45ad-a1cc-e015c6fd13e0" />
      <TestMethod codeBase="D:\actions-runner\_work\XPCO\XPCO\Corporate\Shared\Common.Integration\tst\VideoOS.Common.Integration.UnitTests\bin\x64\Debug\net472\VideoOS.Common.Integration.UnitTests.dll" adapterTypeName="executor://mstestadapter/v2" className="VideoOS.Common.Integration.UnitTests.XmlDocumentExtensionsCoreUnitTests" name="ReadAttributeAsInt32_RangeCheck_Min_Exact" />
    </UnitTest>
    <UnitTest name="WhiteList_IsDriverWhiteListed_HWWith12CH_DriverMaxChannelCountIs16GlobalMaxChannelCountIs10_ReturnsTrue" storage="d:\actions-runner\_work\xpco\xpco\corporate\shared\common.integration\tst\videoos.common.integration.unittests\bin\x64\debug\net472\videoos.common.integration.unittests.dll" id="b8e6fe2d-c2e3-78bf-824f-4f0be8730c44">
      <TestCategory>
        <TestCategoryItem TestCategory="Licensing" />
      </TestCategory>
      <Execution id="58ddaa59-6ec7-476c-8e04-222bcd7a0fc1" />
      <TestMethod codeBase="D:\actions-runner\_work\XPCO\XPCO\Corporate\Shared\Common.Integration\tst\VideoOS.Common.Integration.UnitTests\bin\x64\Debug\net472\VideoOS.Common.Integration.UnitTests.dll" adapterTypeName="executor://mstestadapter/v2" className="VideoOS.Common.Integration.UnitTests.License.LicenseWhitelistTests" name="WhiteList_IsDriverWhiteListed_HWWith12CH_DriverMaxChannelCountIs16GlobalMaxChannelCountIs10_ReturnsTrue" />
    </UnitTest>
    <UnitTest name="Decrypt_DataSetHasNoRows_DataSetIsNotChanged" storage="d:\actions-runner\_work\xpco\xpco\corporate\shared\common.integration\tst\videoos.common.integration.unittests\bin\x64\debug\net472\videoos.common.integration.unittests.dll" id="fb5bca7d-97e7-6c84-7db1-7fc35010778a">
      <Execution id="a68337b3-ac5a-4df1-8bab-dce714cb89c8" />
      <TestMethod codeBase="D:\actions-runner\_work\XPCO\XPCO\Corporate\Shared\Common.Integration\tst\VideoOS.Common.Integration.UnitTests\bin\x64\Debug\net472\VideoOS.Common.Integration.UnitTests.dll" adapterTypeName="executor://mstestadapter/v2" className="VideoOS.Common.Integration.UnitTests.Configuration.HostedHardwareTableAdapterTests" name="Decrypt_DataSetHasNoRows_DataSetIsNotChanged" />
    </UnitTest>
    <UnitTest name="HardwareScanProgressResponseModel_NoValuesSet_ValidationFailure" storage="d:\actions-runner\_work\xpco\xpco\corporate\shared\common.integration\tst\videoos.common.integration.unittests\bin\x64\debug\net472\videoos.common.integration.unittests.dll" id="a860f282-2bfd-515f-3a93-910c002485cc">
      <Execution id="b5d468bd-4ebb-480f-b998-74c5dfd0f17c" />
      <TestMethod codeBase="D:\actions-runner\_work\XPCO\XPCO\Corporate\Shared\Common.Integration\tst\VideoOS.Common.Integration.UnitTests\bin\x64\Debug\net472\VideoOS.Common.Integration.UnitTests.dll" adapterTypeName="executor://mstestadapter/v2" className="VideoOS.Common.Integration.UnitTests.WebAPI.Model.Server.Responses.HardwareScanProgressResponseModeTest" name="HardwareScanProgressResponseModel_NoValuesSet_ValidationFailure" />
    </UnitTest>
    <UnitTest name="HardwareInfo_HasLicensedCameras_ReturnsFalse_WhenHardwareIsDisabled" storage="d:\actions-runner\_work\xpco\xpco\corporate\shared\common.integration\tst\videoos.common.integration.unittests\bin\x64\debug\net472\videoos.common.integration.unittests.dll" id="469b6c93-9fac-5d69-6a28-11af7773706e">
      <Execution id="71e396ef-2e8d-4a43-9e79-250803ccbd80" />
      <TestMethod codeBase="D:\actions-runner\_work\XPCO\XPCO\Corporate\Shared\Common.Integration\tst\VideoOS.Common.Integration.UnitTests\bin\x64\Debug\net472\VideoOS.Common.Integration.UnitTests.dll" adapterTypeName="executor://mstestadapter/v2" className="VideoOS.Common.Integration.UnitTests.License.HardwareInfoTests" name="HardwareInfo_HasLicensedCameras_ReturnsFalse_WhenHardwareIsDisabled" />
    </UnitTest>
    <UnitTest name="ModelValidation_NonEmptyGuidsAreEmpty_Failed" storage="d:\actions-runner\_work\xpco\xpco\corporate\shared\common.integration\tst\videoos.common.integration.unittests\bin\x64\debug\net472\videoos.common.integration.unittests.dll" id="236f3461-4b7f-7202-33e7-ad4514ee99ac">
      <Execution id="a7b82085-308b-47dd-8591-e6a5ea1df2a6" />
      <TestMethod codeBase="D:\actions-runner\_work\XPCO\XPCO\Corporate\Shared\Common.Integration\tst\VideoOS.Common.Integration.UnitTests\bin\x64\Debug\net472\VideoOS.Common.Integration.UnitTests.dll" adapterTypeName="executor://mstestadapter/v2" className="VideoOS.Common.Integration.UnitTests.WebAPI.Model.PtzReserveSessionModelTest" name="ModelValidation_NonEmptyGuidsAreEmpty_Failed" />
    </UnitTest>
    <UnitTest name="ReadChildElementValueAsUInt16_NameNull" storage="d:\actions-runner\_work\xpco\xpco\corporate\shared\common.integration\tst\videoos.common.integration.unittests\bin\x64\debug\net472\videoos.common.integration.unittests.dll" id="ba52b13a-f54f-f86d-de71-5094aefa8f99">
      <Execution id="161f7e36-4134-4252-95ca-f10ab0b80d1f" />
      <TestMethod codeBase="D:\actions-runner\_work\XPCO\XPCO\Corporate\Shared\Common.Integration\tst\VideoOS.Common.Integration.UnitTests\bin\x64\Debug\net472\VideoOS.Common.Integration.UnitTests.dll" adapterTypeName="executor://mstestadapter/v2" className="VideoOS.Common.Integration.UnitTests.XmlDocumentExtensionsCoreUnitTests" name="ReadChildElementValueAsUInt16_NameNull" />
    </UnitTest>
    <UnitTest name="PtzPresetCollection_Remove_Success" storage="d:\actions-runner\_work\xpco\xpco\corporate\shared\common.integration\tst\videoos.common.integration.unittests\bin\x64\debug\net472\videoos.common.integration.unittests.dll" id="40237535-c65e-bf65-02ec-14946db44db4">
      <Execution id="921df719-cfbd-4866-bc64-3bb3a4a74940" />
      <TestMethod codeBase="D:\actions-runner\_work\XPCO\XPCO\Corporate\Shared\Common.Integration\tst\VideoOS.Common.Integration.UnitTests\bin\x64\Debug\net472\VideoOS.Common.Integration.UnitTests.dll" adapterTypeName="executor://mstestadapter/v2" className="VideoOS.Common.Integration.UnitTests.PtzPresetCollectionUnitTests" name="PtzPresetCollection_Remove_Success" />
    </UnitTest>
    <UnitTest name="HttpClientCommunicatorWrapper_Patch_Success" storage="d:\actions-runner\_work\xpco\xpco\corporate\shared\common.integration\tst\videoos.common.integration.unittests\bin\x64\debug\net472\videoos.common.integration.unittests.dll" id="56f329a8-fd15-1548-23f2-fcb402e9c480">
      <Execution id="4698a5df-ade3-4762-be9c-a2d49552a76f" />
      <TestMethod codeBase="D:\actions-runner\_work\XPCO\XPCO\Corporate\Shared\Common.Integration\tst\VideoOS.Common.Integration.UnitTests\bin\x64\Debug\net472\VideoOS.Common.Integration.UnitTests.dll" adapterTypeName="executor://mstestadapter/v2" className="VideoOS.Common.Integration.UnitTests.WebAPI.HttpClientCommunicatorWrapperTests" name="HttpClientCommunicatorWrapper_Patch_Success" />
    </UnitTest>
    <UnitTest name="EncryptingActivationCredentialsSystemSetting" storage="d:\actions-runner\_work\xpco\xpco\corporate\shared\common.integration\tst\videoos.common.integration.unittests\bin\x64\debug\net472\videoos.common.integration.unittests.dll" id="84301692-b472-5f6e-1737-760f9edcea65">
      <Execution id="79d0e011-2ba9-475f-b957-31ac20db8de6" />
      <TestMethod codeBase="D:\actions-runner\_work\XPCO\XPCO\Corporate\Shared\Common.Integration\tst\VideoOS.Common.Integration.UnitTests\bin\x64\Debug\net472\VideoOS.Common.Integration.UnitTests.dll" adapterTypeName="executor://mstestadapter/v2" className="VideoOS.Common.Integration.UnitTests.Configuration.XmlEncryptionHelperTests" name="EncryptingActivationCredentialsSystemSetting" />
    </UnitTest>
    <UnitTest name="EnableCameraIndexes_ReturnEmptyArray" storage="d:\actions-runner\_work\xpco\xpco\corporate\shared\common.integration\tst\videoos.common.integration.unittests\bin\x64\debug\net472\videoos.common.integration.unittests.dll" id="04a33173-dd27-f87b-e142-49d4c8f0a54d">
      <Execution id="92bd9fc5-9342-43e6-b8a2-58056eb33d32" />
      <TestMethod codeBase="D:\actions-runner\_work\XPCO\XPCO\Corporate\Shared\Common.Integration\tst\VideoOS.Common.Integration.UnitTests\bin\x64\Debug\net472\VideoOS.Common.Integration.UnitTests.dll" adapterTypeName="executor://mstestadapter/v2" className="VideoOS.Common.Integration.UnitTests.License.HardwareDictionaryTests" name="EnableCameraIndexes_ReturnEmptyArray" />
    </UnitTest>
    <UnitTest name="FeatureInformation_QueryAllLicensedFeatures_ReturnsCorrectNumber_OnLicenseDocumentWithAllFeatures" storage="d:\actions-runner\_work\xpco\xpco\corporate\shared\common.integration\tst\videoos.common.integration.unittests\bin\x64\debug\net472\videoos.common.integration.unittests.dll" id="68437558-f1dc-ceed-8412-f46f1b1ae510">
      <Execution id="68bb32c8-2d49-4506-bae3-023871b11d5b" />
      <TestMethod codeBase="D:\actions-runner\_work\XPCO\XPCO\Corporate\Shared\Common.Integration\tst\VideoOS.Common.Integration.UnitTests\bin\x64\Debug\net472\VideoOS.Common.Integration.UnitTests.dll" adapterTypeName="executor://mstestadapter/v2" className="VideoOS.Common.Integration.UnitTests.License.FeatureInformationTests" name="FeatureInformation_QueryAllLicensedFeatures_ReturnsCorrectNumber_OnLicenseDocumentWithAllFeatures" />
    </UnitTest>
    <UnitTest name="ServiceDiscovery_SendAsync_CommunicationError_HttpRequestException" storage="d:\actions-runner\_work\xpco\xpco\corporate\shared\common.integration\tst\videoos.common.integration.unittests\bin\x64\debug\net472\videoos.common.integration.unittests.dll" id="7b7920ef-bfb2-6f69-e68b-5476eb9595cf">
      <Execution id="bd5c2881-c2eb-404e-b3a7-fc50c2dda15f" />
      <TestMethod codeBase="D:\actions-runner\_work\XPCO\XPCO\Corporate\Shared\Common.Integration\tst\VideoOS.Common.Integration.UnitTests\bin\x64\Debug\net472\VideoOS.Common.Integration.UnitTests.dll" adapterTypeName="executor://mstestadapter/v2" className="VideoOS.Common.Integration.WebApi.HttpClientCommunicatorUnitTests" name="ServiceDiscovery_SendAsync_CommunicationError_HttpRequestException" />
    </UnitTest>
    <UnitTest name="Construct_LicenseActivationService_RelativeUri_ThrowsArgumentException" storage="d:\actions-runner\_work\xpco\xpco\corporate\shared\common.integration\tst\videoos.common.integration.unittests\bin\x64\debug\net472\videoos.common.integration.unittests.dll" id="aa6a1320-24ff-bbcf-ab6f-48f78bd5eb7b">
      <Execution id="4bf7da67-4033-4d4e-bb35-b9cbe279b91e" />
      <TestMethod codeBase="D:\actions-runner\_work\XPCO\XPCO\Corporate\Shared\Common.Integration\tst\VideoOS.Common.Integration.UnitTests\bin\x64\Debug\net472\VideoOS.Common.Integration.UnitTests.dll" adapterTypeName="executor://mstestadapter/v2" className="VideoOS.Common.Integration.UnitTests.License.LicenseActivationServiceTests" name="Construct_LicenseActivationService_RelativeUri_ThrowsArgumentException" />
    </UnitTest>
    <UnitTest name="Recorder_Construct_InvalidLastModified_NotUtc_Throws_ArgumentException" storage="d:\actions-runner\_work\xpco\xpco\corporate\shared\common.integration\tst\videoos.common.integration.unittests\bin\x64\debug\net472\videoos.common.integration.unittests.dll" id="b9c9bd7b-a356-33a0-bec3-574ce9bb28cd">
      <Execution id="c4c7e5f5-4821-450b-a11f-24dbd5f07578" />
      <TestMethod codeBase="D:\actions-runner\_work\XPCO\XPCO\Corporate\Shared\Common.Integration\tst\VideoOS.Common.Integration.UnitTests\bin\x64\Debug\net472\VideoOS.Common.Integration.UnitTests.dll" adapterTypeName="executor://mstestadapter/v2" className="VideoOS.Common.Integration.UnitTests.License.LicenseInfoTests" name="Recorder_Construct_InvalidLastModified_NotUtc_Throws_ArgumentException" />
    </UnitTest>
    <UnitTest name="ThreadPoolMessageProcessor_QueueMessagesTest" storage="d:\actions-runner\_work\xpco\xpco\corporate\shared\common.integration\tst\videoos.common.integration.unittests\bin\x64\debug\net472\videoos.common.integration.unittests.dll" id="a211bf2f-4846-ffae-0c47-9ba55079af98">
      <Execution id="1b446882-da60-499d-9b3a-f62e7fc9d95c" />
      <TestMethod codeBase="D:\actions-runner\_work\XPCO\XPCO\Corporate\Shared\Common.Integration\tst\VideoOS.Common.Integration.UnitTests\bin\x64\Debug\net472\VideoOS.Common.Integration.UnitTests.dll" adapterTypeName="executor://mstestadapter/v2" className="VideoOS.Common.Integration.UnitTests.MessageProcessing.ThreadPoolMessageProcessorTest" name="ThreadPoolMessageProcessor_QueueMessagesTest" />
    </UnitTest>
    <UnitTest name="BulkEventModel_Validate_Success" storage="d:\actions-runner\_work\xpco\xpco\corporate\shared\common.integration\tst\videoos.common.integration.unittests\bin\x64\debug\net472\videoos.common.integration.unittests.dll" id="c89ecc3c-6042-3bf1-ae11-61573d52106a">
      <Execution id="3d990758-f7b3-445d-b831-aea8b8b8e07d" />
      <TestMethod codeBase="D:\actions-runner\_work\XPCO\XPCO\Corporate\Shared\Common.Integration\tst\VideoOS.Common.Integration.UnitTests\bin\x64\Debug\net472\VideoOS.Common.Integration.UnitTests.dll" adapterTypeName="executor://mstestadapter/v2" className="VideoOS.Common.Integration.UnitTests.WebAPI.Model.BulkEventModelTest" name="BulkEventModel_Validate_Success" />
    </UnitTest>
    <UnitTest name="GetAggregateFeeds_UpdateTotalFeedCountsAcrossAllHardware_SucceedWhen_MacAddressInHardwareDictionary" storage="d:\actions-runner\_work\xpco\xpco\corporate\shared\common.integration\tst\videoos.common.integration.unittests\bin\x64\debug\net472\videoos.common.integration.unittests.dll" id="e0c894ce-4b08-1cac-07fc-0d570b990102">
      <Execution id="f7c33c68-27fa-471d-a872-14c769b86738" />
      <TestMethod codeBase="D:\actions-runner\_work\XPCO\XPCO\Corporate\Shared\Common.Integration\tst\VideoOS.Common.Integration.UnitTests\bin\x64\Debug\net472\VideoOS.Common.Integration.UnitTests.dll" adapterTypeName="executor://mstestadapter/v2" className="VideoOS.Common.Integration.UnitTests.License.HardwareDictionaryTests" name="GetAggregateFeeds_UpdateTotalFeedCountsAcrossAllHardware_SucceedWhen_MacAddressInHardwareDictionary" />
    </UnitTest>
    <UnitTest name="ServerFileStorage_SetPosition_Success" storage="d:\actions-runner\_work\xpco\xpco\corporate\shared\common.integration\tst\videoos.common.integration.unittests\bin\x64\debug\net472\videoos.common.integration.unittests.dll" id="1a96ff41-b719-51eb-38ba-9a20c45ec1c0">
      <Execution id="f03da481-b232-4674-a8f0-9570ee44c8fe" />
      <TestMethod codeBase="D:\actions-runner\_work\XPCO\XPCO\Corporate\Shared\Common.Integration\tst\VideoOS.Common.Integration.UnitTests\bin\x64\Debug\net472\VideoOS.Common.Integration.UnitTests.dll" adapterTypeName="executor://mstestadapter/v2" className="VideoOS.Common.Integration.UnitTests.ServerFileStorageTests" name="ServerFileStorage_SetPosition_Success" />
    </UnitTest>
    <UnitTest name="CreateInstance_SettingsFileDoesNotExist_ReturnsDefaultInstance" storage="d:\actions-runner\_work\xpco\xpco\corporate\shared\common.integration\tst\videoos.common.integration.unittests\bin\x64\debug\net472\videoos.common.integration.unittests.dll" id="96d443a5-b412-1807-e482-ec5c3f804441">
      <Execution id="acb33076-34f3-416c-addf-63f27bec006f" />
      <TestMethod codeBase="D:\actions-runner\_work\XPCO\XPCO\Corporate\Shared\Common.Integration\tst\VideoOS.Common.Integration.UnitTests\bin\x64\Debug\net472\VideoOS.Common.Integration.UnitTests.dll" adapterTypeName="executor://mstestadapter/v2" className="VideoOS.Common.Integration.UnitTests.ServerValidation.LocalUserOptionsTests" name="CreateInstance_SettingsFileDoesNotExist_ReturnsDefaultInstance" />
    </UnitTest>
    <UnitTest name="CalculateLicenseRequirementsForHardware_ICPHardware_ReturnsNull" storage="d:\actions-runner\_work\xpco\xpco\corporate\shared\common.integration\tst\videoos.common.integration.unittests\bin\x64\debug\net472\videoos.common.integration.unittests.dll" id="a347653d-56d8-e3e1-c5d9-0a7195129966">
      <Execution id="aff4d9fa-d998-47c9-bc70-6d262eb53b43" />
      <TestMethod codeBase="D:\actions-runner\_work\XPCO\XPCO\Corporate\Shared\Common.Integration\tst\VideoOS.Common.Integration.UnitTests\bin\x64\Debug\net472\VideoOS.Common.Integration.UnitTests.dll" adapterTypeName="executor://mstestadapter/v2" className="VideoOS.Common.Integration.UnitTests.License.LicenseCalculatorTests" name="CalculateLicenseRequirementsForHardware_ICPHardware_ReturnsNull" />
    </UnitTest>
    <UnitTest name="TestHasFilledCellWithEmptyArea" storage="d:\actions-runner\_work\xpco\xpco\corporate\shared\common.integration\tst\videoos.common.integration.unittests\bin\x64\debug\net472\videoos.common.integration.unittests.dll" id="5fa49e27-1d01-1ee0-f151-f9eef3c86726">
      <Execution id="61f81ffd-47c4-489a-a63a-4548691ed850" />
      <TestMethod codeBase="D:\actions-runner\_work\XPCO\XPCO\Corporate\Shared\Common.Integration\tst\VideoOS.Common.Integration.UnitTests\bin\x64\Debug\net472\VideoOS.Common.Integration.UnitTests.dll" adapterTypeName="executor://mstestadapter/v2" className="VideoOS.Common.Integration.UnitTests.Configuration.FillableGridAreaUnitTest" name="TestHasFilledCellWithEmptyArea" />
    </UnitTest>
    <UnitTest name="WarningResponseModel_Validate_Success" storage="d:\actions-runner\_work\xpco\xpco\corporate\shared\common.integration\tst\videoos.common.integration.unittests\bin\x64\debug\net472\videoos.common.integration.unittests.dll" id="024e84b1-e2c2-8e50-918a-9af9433a5ada">
      <Execution id="bdcc9c1f-acdf-4ed3-8475-91235bcd0789" />
      <TestMethod codeBase="D:\actions-runner\_work\XPCO\XPCO\Corporate\Shared\Common.Integration\tst\VideoOS.Common.Integration.UnitTests\bin\x64\Debug\net472\VideoOS.Common.Integration.UnitTests.dll" adapterTypeName="executor://mstestadapter/v2" className="VideoOS.Common.Integration.UnitTests.WebApi.Model.WarningResponseModelTest" name="WarningResponseModel_Validate_Success" />
    </UnitTest>
    <UnitTest name="RecurringSchedule_CaseInsensitiveElementNames" storage="d:\actions-runner\_work\xpco\xpco\corporate\shared\common.integration\tst\videoos.common.integration.unittests\bin\x64\debug\net472\videoos.common.integration.unittests.dll" id="392c8b56-9465-52cc-1bd7-e3147efe6727">
      <Execution id="b09af841-f3ba-43ab-80f3-5741b69d3ffb" />
      <TestMethod codeBase="D:\actions-runner\_work\XPCO\XPCO\Corporate\Shared\Common.Integration\tst\VideoOS.Common.Integration.UnitTests\bin\x64\Debug\net472\VideoOS.Common.Integration.UnitTests.dll" adapterTypeName="executor://mstestadapter/v2" className="VideoOS.Common.Integration.UnitTests.Scheduling.RecurringScheduleTest" name="RecurringSchedule_CaseInsensitiveElementNames" />
    </UnitTest>
    <UnitTest name="FeatureManager_HasLicense_WithoutLicense_ReturnFalse" storage="d:\actions-runner\_work\xpco\xpco\corporate\shared\common.integration\tst\videoos.common.integration.unittests\bin\x64\debug\net472\videoos.common.integration.unittests.dll" id="e383c712-b012-a5d0-3339-d1060b601c1b">
      <Execution id="e9d5c8ed-4e11-4415-b6f4-8e7e9babae3c" />
      <TestMethod codeBase="D:\actions-runner\_work\XPCO\XPCO\Corporate\Shared\Common.Integration\tst\VideoOS.Common.Integration.UnitTests\bin\x64\Debug\net472\VideoOS.Common.Integration.UnitTests.dll" adapterTypeName="executor://mstestadapter/v2" className="VideoOS.Common.Integration.UnitTests.License.FeatureManagerTest" name="FeatureManager_HasLicense_WithoutLicense_ReturnFalse" />
    </UnitTest>
    <UnitTest name="CertificateSelection2_ToXmlandFromXml_Success" storage="d:\actions-runner\_work\xpco\xpco\corporate\shared\common.integration\tst\videoos.common.integration.unittests\bin\x64\debug\net472\videoos.common.integration.unittests.dll" id="0dbe4e13-daa7-6cf0-2d89-882abfacdb28">
      <Execution id="9cf5a7cd-b708-4677-b99b-98aea64bf79b" />
      <TestMethod codeBase="D:\actions-runner\_work\XPCO\XPCO\Corporate\Shared\Common.Integration\tst\VideoOS.Common.Integration.UnitTests\bin\x64\Debug\net472\VideoOS.Common.Integration.UnitTests.dll" adapterTypeName="executor://mstestadapter/v2" className="VideoOS.Common.Integration.UnitTests.CertificateHandling.CertificateSelection2Tests" name="CertificateSelection2_ToXmlandFromXml_Success" />
    </UnitTest>
    <UnitTest name="Validate_PartialMatch_Found_EndOfWord_UpperCase_Success" storage="d:\actions-runner\_work\xpco\xpco\corporate\shared\common.integration\tst\videoos.common.integration.unittests\bin\x64\debug\net472\videoos.common.integration.unittests.dll" id="5f1dc5c0-e96a-35be-e365-2a8f8ef0d028">
      <Execution id="4725398f-555f-4ec6-8170-bae2a0cd19c1" />
      <TestMethod codeBase="D:\actions-runner\_work\XPCO\XPCO\Corporate\Shared\Common.Integration\tst\VideoOS.Common.Integration.UnitTests\bin\x64\Debug\net472\VideoOS.Common.Integration.UnitTests.dll" adapterTypeName="executor://mstestadapter/v2" className="VideoOS.Common.Integration.UnitTests.License.WhitelistMatchHelperTests" name="Validate_PartialMatch_Found_EndOfWord_UpperCase_Success" />
    </UnitTest>
    <UnitTest name="BoolResponseModel_Validate_Success" storage="d:\actions-runner\_work\xpco\xpco\corporate\shared\common.integration\tst\videoos.common.integration.unittests\bin\x64\debug\net472\videoos.common.integration.unittests.dll" id="79039750-0fd3-5a6c-030a-172ff337180f">
      <Execution id="c73e007c-ef9c-4374-95fc-47778513b99c" />
      <TestMethod codeBase="D:\actions-runner\_work\XPCO\XPCO\Corporate\Shared\Common.Integration\tst\VideoOS.Common.Integration.UnitTests\bin\x64\Debug\net472\VideoOS.Common.Integration.UnitTests.dll" adapterTypeName="executor://mstestadapter/v2" className="VideoOS.Common.Integration.UnitTests.WebAPI.Model.Server.Responses.BoolResponseModelTest" name="BoolResponseModel_Validate_Success" />
    </UnitTest>
    <UnitTest name="Create_Mac_Address_Hash_String_Mac_Null" storage="d:\actions-runner\_work\xpco\xpco\corporate\shared\common.integration\tst\videoos.common.integration.unittests\bin\x64\debug\net472\videoos.common.integration.unittests.dll" id="0dbaefc6-5343-3f91-f9cd-c7fbbb2f2275">
      <Execution id="c6ef6375-f78d-4de7-98b4-bf7068f8bb72" />
      <TestMethod codeBase="D:\actions-runner\_work\XPCO\XPCO\Corporate\Shared\Common.Integration\tst\VideoOS.Common.Integration.UnitTests\bin\x64\Debug\net472\VideoOS.Common.Integration.UnitTests.dll" adapterTypeName="executor://mstestadapter/v2" className="VideoOS.Common.Integration.UnitTests.License.MacAddressUtilitiesTest" name="Create_Mac_Address_Hash_String_Mac_Null" />
    </UnitTest>
    <UnitTest name="TaskModel_Constructor_ServerTaskDto_Success" storage="d:\actions-runner\_work\xpco\xpco\corporate\shared\common.integration\tst\videoos.common.integration.unittests\bin\x64\debug\net472\videoos.common.integration.unittests.dll" id="9b7fbb39-62bc-644c-3f1a-6c61e49b24e2">
      <Execution id="0ca3f061-f088-41c7-9419-d88461abf103" />
      <TestMethod codeBase="D:\actions-runner\_work\XPCO\XPCO\Corporate\Shared\Common.Integration\tst\VideoOS.Common.Integration.UnitTests\bin\x64\Debug\net472\VideoOS.Common.Integration.UnitTests.dll" adapterTypeName="executor://mstestadapter/v2" className="VideoOS.Common.Integration.UnitTests.WebAPI.Model.TaskModelTest" name="TaskModel_Constructor_ServerTaskDto_Success" />
    </UnitTest>
    <UnitTest name="ServiceContainer_GetTransient_Instance_Success" storage="d:\actions-runner\_work\xpco\xpco\corporate\shared\common.integration\tst\videoos.common.integration.unittests\bin\x64\debug\net472\videoos.common.integration.unittests.dll" id="d925d153-e12c-6dcf-09cc-189e9fc381bf">
      <TestCategory>
        <TestCategoryItem TestCategory="ServiceContainer" />
      </TestCategory>
      <Execution id="235b57cf-a275-4aa0-8bb9-0e5f0aca0aaf" />
      <TestMethod codeBase="D:\actions-runner\_work\XPCO\XPCO\Corporate\Shared\Common.Integration\tst\VideoOS.Common.Integration.UnitTests\bin\x64\Debug\net472\VideoOS.Common.Integration.UnitTests.dll" adapterTypeName="executor://mstestadapter/v2" className="VideoOS.Common.Integration.ServiceContainerTests.ServiceContainerUnitTests" name="ServiceContainer_GetTransient_Instance_Success" />
    </UnitTest>
    <UnitTest name="DatabaseResponseDiskUsagesModel_Validate_Success" storage="d:\actions-runner\_work\xpco\xpco\corporate\shared\common.integration\tst\videoos.common.integration.unittests\bin\x64\debug\net472\videoos.common.integration.unittests.dll" id="fd4da348-d422-1e3d-8bd6-b982672088ec">
      <Execution id="e783ca1a-443b-47b2-a6c9-62bbc1feafdc" />
      <TestMethod codeBase="D:\actions-runner\_work\XPCO\XPCO\Corporate\Shared\Common.Integration\tst\VideoOS.Common.Integration.UnitTests\bin\x64\Debug\net472\VideoOS.Common.Integration.UnitTests.dll" adapterTypeName="executor://mstestadapter/v2" className="VideoOS.Common.Integration.UnitTests.WebApi.Model.DatabaseResponseModelTest" name="DatabaseResponseDiskUsagesModel_Validate_Success" />
    </UnitTest>
    <UnitTest name="ProcessDifferentCommandsOnASingleBulkCommand" storage="d:\actions-runner\_work\xpco\xpco\corporate\shared\common.integration\tst\videoos.common.integration.unittests\bin\x64\debug\net472\videoos.common.integration.unittests.dll" id="0124b36c-4a3e-85d8-2f91-7ab6304bf214">
      <Execution id="8a7c0686-33d6-41c0-8489-cf53235f3dd4" />
      <TestMethod codeBase="D:\actions-runner\_work\XPCO\XPCO\Corporate\Shared\Common.Integration\tst\VideoOS.Common.Integration.UnitTests\bin\x64\Debug\net472\VideoOS.Common.Integration.UnitTests.dll" adapterTypeName="executor://mstestadapter/v2" className="VideoOS.Common.Integration.UnitTests.MessageProcessing.ThreadPoolBulkMessageProcessorUnitTest" name="ProcessDifferentCommandsOnASingleBulkCommand" />
    </UnitTest>
    <UnitTest name="DataSetUtility_UpdateLastModified_ConfigurationDataSet_DevicePrivacyMask_LastModified_Not_Changed" storage="d:\actions-runner\_work\xpco\xpco\corporate\shared\common.integration\tst\videoos.common.integration.unittests\bin\x64\debug\net472\videoos.common.integration.unittests.dll" id="f46f38fb-bed1-6e67-6148-a4182fc87e06">
      <Execution id="f814e5b1-03f8-4762-8891-e883274c30d0" />
      <TestMethod codeBase="D:\actions-runner\_work\XPCO\XPCO\Corporate\Shared\Common.Integration\tst\VideoOS.Common.Integration.UnitTests\bin\x64\Debug\net472\VideoOS.Common.Integration.UnitTests.dll" adapterTypeName="executor://mstestadapter/v2" className="VideoOS.Common.Integration.UnitTests.DataSetUtilityUnitTests" name="DataSetUtility_UpdateLastModified_ConfigurationDataSet_DevicePrivacyMask_LastModified_Not_Changed" />
    </UnitTest>
    <UnitTest name="LicenseDocument_ValidateIsDeviceLicensed_IcpDevice_ThrowsInvalidOperationException" storage="d:\actions-runner\_work\xpco\xpco\corporate\shared\common.integration\tst\videoos.common.integration.unittests\bin\x64\debug\net472\videoos.common.integration.unittests.dll" id="498a1b1e-8d55-58c9-df64-d8e209ece96d">
      <TestCategory>
        <TestCategoryItem TestCategory="LicenseDocumentTest" />
      </TestCategory>
      <Execution id="3f5c005e-8f35-4ed3-aad2-d35dbb997427" />
      <TestMethod codeBase="D:\actions-runner\_work\XPCO\XPCO\Corporate\Shared\Common.Integration\tst\VideoOS.Common.Integration.UnitTests\bin\x64\Debug\net472\VideoOS.Common.Integration.UnitTests.dll" adapterTypeName="executor://mstestadapter/v2" className="VideoOS.Common.Integration.UnitTests.License.LicenseDocumentTests" name="LicenseDocument_ValidateIsDeviceLicensed_IcpDevice_ThrowsInvalidOperationException" />
    </UnitTest>
    <UnitTest name="Validate_PopulateGrid_ValidateOemTextExists_ValidOemUrl_Success" storage="d:\actions-runner\_work\xpco\xpco\corporate\shared\common.integration\tst\videoos.common.integration.unittests\bin\x64\debug\net472\videoos.common.integration.unittests.dll" id="00a49783-5d77-72b8-6909-2cb68bb962c9">
      <Execution id="92aa4317-b70d-4850-909e-54e28b19a4bb" />
      <TestMethod codeBase="D:\actions-runner\_work\XPCO\XPCO\Corporate\Shared\Common.Integration\tst\VideoOS.Common.Integration.UnitTests\bin\x64\Debug\net472\VideoOS.Common.Integration.UnitTests.dll" adapterTypeName="executor://mstestadapter/v2" className="VideoOS.Common.Integration.UnitTests.License.LicenseReportGeneratorTests" name="Validate_PopulateGrid_ValidateOemTextExists_ValidOemUrl_Success" />
    </UnitTest>
    <UnitTest name="LicenseCalculationResult_Validate_Null_ModelName_ConvertsToStringEmpty" storage="d:\actions-runner\_work\xpco\xpco\corporate\shared\common.integration\tst\videoos.common.integration.unittests\bin\x64\debug\net472\videoos.common.integration.unittests.dll" id="76814338-82a2-b37a-b9d9-4f9c44ce8e19">
      <Execution id="080c7ff8-4c9c-45ab-ab9c-52a27623cfdf" />
      <TestMethod codeBase="D:\actions-runner\_work\XPCO\XPCO\Corporate\Shared\Common.Integration\tst\VideoOS.Common.Integration.UnitTests\bin\x64\Debug\net472\VideoOS.Common.Integration.UnitTests.dll" adapterTypeName="executor://mstestadapter/v2" className="VideoOS.Common.Integration.UnitTests.License.LicenseCalculatorTests" name="LicenseCalculationResult_Validate_Null_ModelName_ConvertsToStringEmpty" />
    </UnitTest>
    <UnitTest name="ReadChildElementValueAsBoolean_SunnyDayTrue" storage="d:\actions-runner\_work\xpco\xpco\corporate\shared\common.integration\tst\videoos.common.integration.unittests\bin\x64\debug\net472\videoos.common.integration.unittests.dll" id="7dc6969e-8bf0-b82c-f625-3bdb02560a04">
      <Execution id="fcc5c52d-16b0-4f4d-886f-fe733c27c710" />
      <TestMethod codeBase="D:\actions-runner\_work\XPCO\XPCO\Corporate\Shared\Common.Integration\tst\VideoOS.Common.Integration.UnitTests\bin\x64\Debug\net472\VideoOS.Common.Integration.UnitTests.dll" adapterTypeName="executor://mstestadapter/v2" className="VideoOS.Common.Integration.UnitTests.XmlDocumentExtensionsCoreUnitTests" name="ReadChildElementValueAsBoolean_SunnyDayTrue" />
    </UnitTest>
    <UnitTest name="WhiteList_IsHardwareWhiteListed_NullDriverNullModel_ReturnsFalse_ChannelLicenseCountIs5" storage="d:\actions-runner\_work\xpco\xpco\corporate\shared\common.integration\tst\videoos.common.integration.unittests\bin\x64\debug\net472\videoos.common.integration.unittests.dll" id="1c0c5f0b-295a-ae38-ae07-141ec577c98c">
      <TestCategory>
        <TestCategoryItem TestCategory="Licensing" />
      </TestCategory>
      <Execution id="bde0286f-2a32-44ae-b85b-233ce569e528" />
      <TestMethod codeBase="D:\actions-runner\_work\XPCO\XPCO\Corporate\Shared\Common.Integration\tst\VideoOS.Common.Integration.UnitTests\bin\x64\Debug\net472\VideoOS.Common.Integration.UnitTests.dll" adapterTypeName="executor://mstestadapter/v2" className="VideoOS.Common.Integration.UnitTests.License.LicenseWhitelistTests" name="WhiteList_IsHardwareWhiteListed_NullDriverNullModel_ReturnsFalse_ChannelLicenseCountIs5" />
    </UnitTest>
    <UnitTest name="IsValueTypeAac_ReturnFalse_OnNull" storage="d:\actions-runner\_work\xpco\xpco\corporate\shared\common.integration\tst\videoos.common.integration.unittests\bin\x64\debug\net472\videoos.common.integration.unittests.dll" id="bf5ee36e-3682-8989-b013-f0a312f9945d">
      <Execution id="6ab0eb44-97c0-4b29-bac8-2269daa5fb3d" />
      <TestMethod codeBase="D:\actions-runner\_work\XPCO\XPCO\Corporate\Shared\Common.Integration\tst\VideoOS.Common.Integration.UnitTests\bin\x64\Debug\net472\VideoOS.Common.Integration.UnitTests.dll" adapterTypeName="executor://mstestadapter/v2" className="VideoOS.Common.Integration.UnitTests.DriverDefinition.DefinitionUtilityTests" name="IsValueTypeAac_ReturnFalse_OnNull" />
    </UnitTest>
    <UnitTest name="FormatAuthority__BeforeValueIsIpWithPort_FormattedUriHasPort" storage="d:\actions-runner\_work\xpco\xpco\corporate\shared\common.integration\tst\videoos.common.integration.unittests\bin\x64\debug\net472\videoos.common.integration.unittests.dll" id="132fb741-b774-7c99-6c3f-97a7e4f0a892">
      <Execution id="38163f4c-f050-423c-ac1d-a849ec07ce2a" />
      <TestMethod codeBase="D:\actions-runner\_work\XPCO\XPCO\Corporate\Shared\Common.Integration\tst\VideoOS.Common.Integration.UnitTests\bin\x64\Debug\net472\VideoOS.Common.Integration.UnitTests.dll" adapterTypeName="executor://mstestadapter/v2" className="VideoOS.Common.Integration.UnitTests.IdpUriParserTests" name="FormatAuthority__BeforeValueIsIpWithPort_FormattedUriHasPort" />
    </UnitTest>
    <UnitTest name="ModelValidation_ValidModel_Success" storage="d:\actions-runner\_work\xpco\xpco\corporate\shared\common.integration\tst\videoos.common.integration.unittests\bin\x64\debug\net472\videoos.common.integration.unittests.dll" id="7b1ed61a-0f13-29da-b9e9-f2db7fca317a">
      <Execution id="cf0e482c-0855-49be-841b-476b582f6419" />
      <TestMethod codeBase="D:\actions-runner\_work\XPCO\XPCO\Corporate\Shared\Common.Integration\tst\VideoOS.Common.Integration.UnitTests\bin\x64\Debug\net472\VideoOS.Common.Integration.UnitTests.dll" adapterTypeName="executor://mstestadapter/v2" className="VideoOS.Common.Integration.UnitTests.WebAPI.Model.VideoWallModelTest" name="ModelValidation_ValidModel_Success" />
    </UnitTest>
    <UnitTest name="LicenseDocument_Constructor_ThrowsLicenseException_OnInvalidData" storage="d:\actions-runner\_work\xpco\xpco\corporate\shared\common.integration\tst\videoos.common.integration.unittests\bin\x64\debug\net472\videoos.common.integration.unittests.dll" id="7be8c895-2c24-951c-351b-14dd4773fffb">
      <TestCategory>
        <TestCategoryItem TestCategory="LicenseDocumentTest" />
      </TestCategory>
      <Execution id="8d449c22-785c-4223-b9d2-0c633e36702f" />
      <TestMethod codeBase="D:\actions-runner\_work\XPCO\XPCO\Corporate\Shared\Common.Integration\tst\VideoOS.Common.Integration.UnitTests\bin\x64\Debug\net472\VideoOS.Common.Integration.UnitTests.dll" adapterTypeName="executor://mstestadapter/v2" className="VideoOS.Common.Integration.UnitTests.License.LicenseDocumentTests" name="LicenseDocument_Constructor_ThrowsLicenseException_OnInvalidData" />
    </UnitTest>
    <UnitTest name="Construct_LicenseActivationService_Success" storage="d:\actions-runner\_work\xpco\xpco\corporate\shared\common.integration\tst\videoos.common.integration.unittests\bin\x64\debug\net472\videoos.common.integration.unittests.dll" id="db90cdae-a1b2-7ef2-1d5f-4ab928bf4951">
      <Execution id="e12f6ac6-03b6-4789-bff3-61d7bab7852e" />
      <TestMethod codeBase="D:\actions-runner\_work\XPCO\XPCO\Corporate\Shared\Common.Integration\tst\VideoOS.Common.Integration.UnitTests\bin\x64\Debug\net472\VideoOS.Common.Integration.UnitTests.dll" adapterTypeName="executor://mstestadapter/v2" className="VideoOS.Common.Integration.UnitTests.License.LicenseActivationServiceTests" name="Construct_LicenseActivationService_Success" />
    </UnitTest>
    <UnitTest name="IsArculesGuid_WhenArculesGuid_ReturnsTrue" storage="d:\actions-runner\_work\xpco\xpco\corporate\shared\common.integration\tst\videoos.common.integration.unittests\bin\x64\debug\net472\videoos.common.integration.unittests.dll" id="3f4c7994-738d-fc20-0252-4c17d79fc0b9">
      <TestCategory>
        <TestCategoryItem TestCategory="Licensing" />
      </TestCategory>
      <Execution id="6f584724-8313-4112-b36b-bf3d960cb03b" />
      <TestMethod codeBase="D:\actions-runner\_work\XPCO\XPCO\Corporate\Shared\Common.Integration\tst\VideoOS.Common.Integration.UnitTests\bin\x64\Debug\net472\VideoOS.Common.Integration.UnitTests.dll" adapterTypeName="executor://mstestadapter/v2" className="VideoOS.Common.Integration.UnitTests.Drivers.Arcules.ArculesIdVerifierTests" name="IsArculesGuid_WhenArculesGuid_ReturnsTrue" />
    </UnitTest>
    <UnitTest name="VersionExtensions_GetVersionDisplayValueNoAscii_Success" storage="d:\actions-runner\_work\xpco\xpco\corporate\shared\common.integration\tst\videoos.common.integration.unittests\bin\x64\debug\net472\videoos.common.integration.unittests.dll" id="e69f464d-0771-8709-59a3-16ed804ee258">
      <Execution id="086a7f1b-ad27-4971-b14d-1326e5b52507" />
      <TestMethod codeBase="D:\actions-runner\_work\XPCO\XPCO\Corporate\Shared\Common.Integration\tst\VideoOS.Common.Integration.UnitTests\bin\x64\Debug\net472\VideoOS.Common.Integration.UnitTests.dll" adapterTypeName="executor://mstestadapter/v2" className="VideoOS.Common.Integration.UnitTests.Extensions.VersionExtensionsTests" name="VersionExtensions_GetVersionDisplayValueNoAscii_Success" />
    </UnitTest>
    <UnitTest name="RefCountedObjectWrapper_ExecuteCallWithRefCountTResult_EmptyParameter_NullReferenceException" storage="d:\actions-runner\_work\xpco\xpco\corporate\shared\common.integration\tst\videoos.common.integration.unittests\bin\x64\debug\net472\videoos.common.integration.unittests.dll" id="a64be6a6-447c-7be8-c1c8-eeee00ace3cf">
      <Execution id="039e1fd8-7d9f-46dc-99f1-74953867bbc7" />
      <TestMethod codeBase="D:\actions-runner\_work\XPCO\XPCO\Corporate\Shared\Common.Integration\tst\VideoOS.Common.Integration.UnitTests\bin\x64\Debug\net472\VideoOS.Common.Integration.UnitTests.dll" adapterTypeName="executor://mstestadapter/v2" className="VideoOS.Common.Integration.UnitTests.Threading.RefCountedObjectWrapperTests" name="RefCountedObjectWrapper_ExecuteCallWithRefCountTResult_EmptyParameter_NullReferenceException" />
    </UnitTest>
    <UnitTest name="WhiteList_CreateInstanceWithoutVersionAttributeParameter_RaisesArgumentException" storage="d:\actions-runner\_work\xpco\xpco\corporate\shared\common.integration\tst\videoos.common.integration.unittests\bin\x64\debug\net472\videoos.common.integration.unittests.dll" id="70027afe-27b0-3017-ebbc-8fc0f42ca82f">
      <TestCategory>
        <TestCategoryItem TestCategory="Licensing" />
      </TestCategory>
      <Execution id="0dbd7169-2539-420e-8e1f-9bf921952f56" />
      <TestMethod codeBase="D:\actions-runner\_work\XPCO\XPCO\Corporate\Shared\Common.Integration\tst\VideoOS.Common.Integration.UnitTests\bin\x64\Debug\net472\VideoOS.Common.Integration.UnitTests.dll" adapterTypeName="executor://mstestadapter/v2" className="VideoOS.Common.Integration.UnitTests.License.LicenseWhitelistTests" name="WhiteList_CreateInstanceWithoutVersionAttributeParameter_RaisesArgumentException" />
    </UnitTest>
    <UnitTest name="FeatureManager_LicenseExpires_AnyDateTime_ReturnsTrue" storage="d:\actions-runner\_work\xpco\xpco\corporate\shared\common.integration\tst\videoos.common.integration.unittests\bin\x64\debug\net472\videoos.common.integration.unittests.dll" id="c7e11f92-9e45-6088-c0a5-3aa81f2b6b9e">
      <Execution id="74df8b7e-4972-4aeb-ab1a-96ceccb02e3d" />
      <TestMethod codeBase="D:\actions-runner\_work\XPCO\XPCO\Corporate\Shared\Common.Integration\tst\VideoOS.Common.Integration.UnitTests\bin\x64\Debug\net472\VideoOS.Common.Integration.UnitTests.dll" adapterTypeName="executor://mstestadapter/v2" className="VideoOS.Common.Integration.UnitTests.License.FeatureManagerTest" name="FeatureManager_LicenseExpires_AnyDateTime_ReturnsTrue" />
    </UnitTest>
    <UnitTest name="CheckAllMIPFiltersNullParameter2" storage="d:\actions-runner\_work\xpco\xpco\corporate\shared\common.integration\tst\videoos.common.integration.unittests\bin\x64\debug\net472\videoos.common.integration.unittests.dll" id="471c30f3-79c2-61c6-1bb4-c487d0950a82">
      <TestCategory>
        <TestCategoryItem TestCategory="Rules.MIPFilter" />
      </TestCategory>
      <Execution id="492c4eb0-3b2e-4f28-9c3a-753412599ae8" />
      <TestMethod codeBase="D:\actions-runner\_work\XPCO\XPCO\Corporate\Shared\Common.Integration\tst\VideoOS.Common.Integration.UnitTests\bin\x64\Debug\net472\VideoOS.Common.Integration.UnitTests.dll" adapterTypeName="executor://mstestadapter/v2" className="VideoOS.Common.Integration.UnitTests.Rules.MIPFilterTest" name="CheckAllMIPFiltersNullParameter2" />
    </UnitTest>
    <UnitTest name="ReadChildElementValueAsUInt16_InvalidData" storage="d:\actions-runner\_work\xpco\xpco\corporate\shared\common.integration\tst\videoos.common.integration.unittests\bin\x64\debug\net472\videoos.common.integration.unittests.dll" id="7f8fcc03-50e8-ab9b-8c2b-bf9763ab633b">
      <Execution id="a1537d24-b641-4c08-a582-007ae0eb5cd1" />
      <TestMethod codeBase="D:\actions-runner\_work\XPCO\XPCO\Corporate\Shared\Common.Integration\tst\VideoOS.Common.Integration.UnitTests\bin\x64\Debug\net472\VideoOS.Common.Integration.UnitTests.dll" adapterTypeName="executor://mstestadapter/v2" className="VideoOS.Common.Integration.UnitTests.XmlDocumentExtensionsCoreUnitTests" name="ReadChildElementValueAsUInt16_InvalidData" />
    </UnitTest>
    <UnitTest name="GetRecorderSNMPId_Unknown" storage="d:\actions-runner\_work\xpco\xpco\corporate\shared\common.integration\tst\videoos.common.integration.unittests\bin\x64\debug\net472\videoos.common.integration.unittests.dll" id="e471f1d4-3522-e65c-2dfe-ea6708c9a905">
      <Execution id="06227ab1-dc0d-48a6-8332-dc50d9bdcb0b" />
      <TestMethod codeBase="D:\actions-runner\_work\XPCO\XPCO\Corporate\Shared\Common.Integration\tst\VideoOS.Common.Integration.UnitTests\bin\x64\Debug\net472\VideoOS.Common.Integration.UnitTests.dll" adapterTypeName="executor://mstestadapter/v2" className="VideoOS.Common.Integration.UnitTests.Definition.Event.BuiltInEventTypesTest" name="GetRecorderSNMPId_Unknown" />
    </UnitTest>
    <UnitTest name="ServiceConnectionStatus_CheckTimeout_RaiseOfflineEvent" storage="d:\actions-runner\_work\xpco\xpco\corporate\shared\common.integration\tst\videoos.common.integration.unittests\bin\x64\debug\net472\videoos.common.integration.unittests.dll" id="50e69c9f-c2c3-75fa-6a94-ef83d708bdd2">
      <Execution id="71674756-095a-46b5-aee7-11afe8d70048" />
      <TestMethod codeBase="D:\actions-runner\_work\XPCO\XPCO\Corporate\Shared\Common.Integration\tst\VideoOS.Common.Integration.UnitTests\bin\x64\Debug\net472\VideoOS.Common.Integration.UnitTests.dll" adapterTypeName="executor://mstestadapter/v2" className="VideoOS.Common.Integration.UnitTests.ServiceConnectionStatusTests" name="ServiceConnectionStatus_CheckTimeout_RaiseOfflineEvent" />
    </UnitTest>
    <UnitTest name="GetLicensenCount_AddHardware_ReturnValue" storage="d:\actions-runner\_work\xpco\xpco\corporate\shared\common.integration\tst\videoos.common.integration.unittests\bin\x64\debug\net472\videoos.common.integration.unittests.dll" id="5273d87f-049e-5fea-7cda-09d7433064b5">
      <Execution id="1c9cf1e3-5888-44f8-9dc8-01c5c378dd04" />
      <TestMethod codeBase="D:\actions-runner\_work\XPCO\XPCO\Corporate\Shared\Common.Integration\tst\VideoOS.Common.Integration.UnitTests\bin\x64\Debug\net472\VideoOS.Common.Integration.UnitTests.dll" adapterTypeName="executor://mstestadapter/v2" className="VideoOS.Common.Integration.UnitTests.License.HardwareDictionaryTests" name="GetLicensenCount_AddHardware_ReturnValue" />
    </UnitTest>
    <UnitTest name="PtzPreset_EqualsTo_Change_PtzArgs" storage="d:\actions-runner\_work\xpco\xpco\corporate\shared\common.integration\tst\videoos.common.integration.unittests\bin\x64\debug\net472\videoos.common.integration.unittests.dll" id="93b8baa4-a7a4-78ce-5712-6dc3e46447a1">
      <Execution id="359f8c98-9d41-4a1d-b367-b5c34e9cafaf" />
      <TestMethod codeBase="D:\actions-runner\_work\XPCO\XPCO\Corporate\Shared\Common.Integration\tst\VideoOS.Common.Integration.UnitTests\bin\x64\Debug\net472\VideoOS.Common.Integration.UnitTests.dll" adapterTypeName="executor://mstestadapter/v2" className="VideoOS.Common.Integration.UnitTests.PtzPresetUnitTests" name="PtzPreset_EqualsTo_Change_PtzArgs" />
    </UnitTest>
    <UnitTest name="SecurityManager_HasDevicePermission_ViewLive_Group_Allowed" storage="d:\actions-runner\_work\xpco\xpco\corporate\shared\common.integration\tst\videoos.common.integration.unittests\bin\x64\debug\net472\videoos.common.integration.unittests.dll" id="bc067060-4173-9d57-438c-1dc391d2bfb7">
      <Execution id="e2e839e6-ba53-4224-a655-496fa3c2601c" />
      <TestMethod codeBase="D:\actions-runner\_work\XPCO\XPCO\Corporate\Shared\Common.Integration\tst\VideoOS.Common.Integration.UnitTests\bin\x64\Debug\net472\VideoOS.Common.Integration.UnitTests.dll" adapterTypeName="executor://mstestadapter/v2" className="VideoOS.Common.Integration.UnitTests.Security.SecurityManagerUnitTests" name="SecurityManager_HasDevicePermission_ViewLive_Group_Allowed" />
    </UnitTest>
    <UnitTest name="ParseAsBytes_Success" storage="d:\actions-runner\_work\xpco\xpco\corporate\shared\common.integration\tst\videoos.common.integration.unittests\bin\x64\debug\net472\videoos.common.integration.unittests.dll" id="54189ad4-012a-a649-87c1-aefb7f923135">
      <Execution id="cde9fda9-d2c3-404f-8133-0d22e3400cb3" />
      <TestMethod codeBase="D:\actions-runner\_work\XPCO\XPCO\Corporate\Shared\Common.Integration\tst\VideoOS.Common.Integration.UnitTests\bin\x64\Debug\net472\VideoOS.Common.Integration.UnitTests.dll" adapterTypeName="executor://mstestadapter/v2" className="VideoOS.Common.Integration.UnitTests.CertificateHandling.StringByteConversionExtensionsUnitTests" name="ParseAsBytes_Success" />
    </UnitTest>
    <UnitTest name="LicenseDocument_Constructor_ThrowsArgumentNullException_OnNullParam" storage="d:\actions-runner\_work\xpco\xpco\corporate\shared\common.integration\tst\videoos.common.integration.unittests\bin\x64\debug\net472\videoos.common.integration.unittests.dll" id="d892c744-3d75-a974-deef-9becfba2f863">
      <Execution id="f976237d-13ab-43da-aebb-21b583ef6aae" />
      <TestMethod codeBase="D:\actions-runner\_work\XPCO\XPCO\Corporate\Shared\Common.Integration\tst\VideoOS.Common.Integration.UnitTests\bin\x64\Debug\net472\VideoOS.Common.Integration.UnitTests.dll" adapterTypeName="executor://mstestadapter/v2" className="VideoOS.Common.Integration.UnitTests.License.LicenseDocumentTests" name="LicenseDocument_Constructor_ThrowsArgumentNullException_OnNullParam" />
    </UnitTest>
    <UnitTest name="WhiteList_IsDriverWhitelistedOnUnlistedDrivers_ReturnsFalse" storage="d:\actions-runner\_work\xpco\xpco\corporate\shared\common.integration\tst\videoos.common.integration.unittests\bin\x64\debug\net472\videoos.common.integration.unittests.dll" id="7d73819b-52be-a083-7d5b-131c90c6cd56">
      <TestCategory>
        <TestCategoryItem TestCategory="Licensing" />
      </TestCategory>
      <Execution id="6152ad82-4031-4e62-af9e-53742619331f" />
      <TestMethod codeBase="D:\actions-runner\_work\XPCO\XPCO\Corporate\Shared\Common.Integration\tst\VideoOS.Common.Integration.UnitTests\bin\x64\Debug\net472\VideoOS.Common.Integration.UnitTests.dll" adapterTypeName="executor://mstestadapter/v2" className="VideoOS.Common.Integration.UnitTests.License.LicenseWhitelistTests" name="WhiteList_IsDriverWhitelistedOnUnlistedDrivers_ReturnsFalse" />
    </UnitTest>
    <UnitTest name="ModelValidation_ValidModel_Success" storage="d:\actions-runner\_work\xpco\xpco\corporate\shared\common.integration\tst\videoos.common.integration.unittests\bin\x64\debug\net472\videoos.common.integration.unittests.dll" id="4aa0aa31-2dbc-1921-326d-c42cc6acfe2d">
      <Execution id="90ee48c2-3e7a-4c1b-b148-c7bc1d08ce99" />
      <TestMethod codeBase="D:\actions-runner\_work\XPCO\XPCO\Corporate\Shared\Common.Integration\tst\VideoOS.Common.Integration.UnitTests\bin\x64\Debug\net472\VideoOS.Common.Integration.UnitTests.dll" adapterTypeName="executor://mstestadapter/v2" className="VideoOS.Common.Integration.UnitTests.WebAPI.Model.PtzReleaseSessionModelTest" name="ModelValidation_ValidModel_Success" />
    </UnitTest>
    <UnitTest name="Wrap_WithTypes_BinderContainsTypes" storage="d:\actions-runner\_work\xpco\xpco\corporate\shared\common.integration\tst\videoos.common.integration.unittests\bin\x64\debug\net472\videoos.common.integration.unittests.dll" id="e1a50a1f-a7e2-f8bf-024e-2309827f8b72">
      <Execution id="9fb57ed4-ddc2-4f55-a259-057525e6f635" />
      <TestMethod codeBase="D:\actions-runner\_work\XPCO\XPCO\Corporate\Shared\Common.Integration\tst\VideoOS.Common.Integration.UnitTests\bin\x64\Debug\net472\VideoOS.Common.Integration.UnitTests.dll" adapterTypeName="executor://mstestadapter/v2" className="VideoOS.Common.Integration.UnitTests.TypeFilteringSerializationBinderUtilityTest" name="Wrap_WithTypes_BinderContainsTypes" />
    </UnitTest>
    <UnitTest name="FeatureManager_GetFeatureParameterValue_License_Doc_Null" storage="d:\actions-runner\_work\xpco\xpco\corporate\shared\common.integration\tst\videoos.common.integration.unittests\bin\x64\debug\net472\videoos.common.integration.unittests.dll" id="41caa7ba-f856-c906-dff0-8d244b9f6d95">
      <Execution id="fbbefe80-1c13-45dc-926b-75066796b3fb" />
      <TestMethod codeBase="D:\actions-runner\_work\XPCO\XPCO\Corporate\Shared\Common.Integration\tst\VideoOS.Common.Integration.UnitTests\bin\x64\Debug\net472\VideoOS.Common.Integration.UnitTests.dll" adapterTypeName="executor://mstestadapter/v2" className="VideoOS.Common.Integration.UnitTests.License.FeatureManagerTest" name="FeatureManager_GetFeatureParameterValue_License_Doc_Null" />
    </UnitTest>
    <UnitTest name="Decrypt_DataSetHasEmptyPassword_PasswordIsStillEmpty" storage="d:\actions-runner\_work\xpco\xpco\corporate\shared\common.integration\tst\videoos.common.integration.unittests\bin\x64\debug\net472\videoos.common.integration.unittests.dll" id="8dc52a42-3fb1-8a7a-e748-c03fb8da71f9">
      <Execution id="56539e9c-64f5-410b-8f83-202f922a7637" />
      <TestMethod codeBase="D:\actions-runner\_work\XPCO\XPCO\Corporate\Shared\Common.Integration\tst\VideoOS.Common.Integration.UnitTests\bin\x64\Debug\net472\VideoOS.Common.Integration.UnitTests.dll" adapterTypeName="executor://mstestadapter/v2" className="VideoOS.Common.Integration.UnitTests.Configuration.RecordingStorageTableAdapterTests" name="Decrypt_DataSetHasEmptyPassword_PasswordIsStillEmpty" />
    </UnitTest>
    <UnitTest name="CheckAllMIPFiltersKindsTestOk4" storage="d:\actions-runner\_work\xpco\xpco\corporate\shared\common.integration\tst\videoos.common.integration.unittests\bin\x64\debug\net472\videoos.common.integration.unittests.dll" id="efd3defd-3dd2-b891-ab51-ad4d23459023">
      <TestCategory>
        <TestCategoryItem TestCategory="Rules.MIPFilter" />
      </TestCategory>
      <Execution id="590a8785-dcdf-4051-88c2-5527214ee794" />
      <TestMethod codeBase="D:\actions-runner\_work\XPCO\XPCO\Corporate\Shared\Common.Integration\tst\VideoOS.Common.Integration.UnitTests\bin\x64\Debug\net472\VideoOS.Common.Integration.UnitTests.dll" adapterTypeName="executor://mstestadapter/v2" className="VideoOS.Common.Integration.UnitTests.Rules.MIPFilterTest" name="CheckAllMIPFiltersKindsTestOk4" />
    </UnitTest>
    <UnitTest name="FeatureManager_GetFeatureParameterValueT_Enum_OutOfRange_Value" storage="d:\actions-runner\_work\xpco\xpco\corporate\shared\common.integration\tst\videoos.common.integration.unittests\bin\x64\debug\net472\videoos.common.integration.unittests.dll" id="4b8c376f-75d7-d7cb-b623-866d3b076ca2">
      <Execution id="5f08d323-e1bc-433f-9bba-5dc39d94bc94" />
      <TestMethod codeBase="D:\actions-runner\_work\XPCO\XPCO\Corporate\Shared\Common.Integration\tst\VideoOS.Common.Integration.UnitTests\bin\x64\Debug\net472\VideoOS.Common.Integration.UnitTests.dll" adapterTypeName="executor://mstestadapter/v2" className="VideoOS.Common.Integration.UnitTests.License.FeatureManagerTest" name="FeatureManager_GetFeatureParameterValueT_Enum_OutOfRange_Value" />
    </UnitTest>
    <UnitTest name="LicenseDocument_GetParameterValue_NullParameter" storage="d:\actions-runner\_work\xpco\xpco\corporate\shared\common.integration\tst\videoos.common.integration.unittests\bin\x64\debug\net472\videoos.common.integration.unittests.dll" id="8091c5f3-25f9-3c88-8050-0b10ac36b516">
      <TestCategory>
        <TestCategoryItem TestCategory="LicenseDocumentTest" />
      </TestCategory>
      <Execution id="31e0d3c6-add6-4d54-8284-0835336d9521" />
      <TestMethod codeBase="D:\actions-runner\_work\XPCO\XPCO\Corporate\Shared\Common.Integration\tst\VideoOS.Common.Integration.UnitTests\bin\x64\Debug\net472\VideoOS.Common.Integration.UnitTests.dll" adapterTypeName="executor://mstestadapter/v2" className="VideoOS.Common.Integration.UnitTests.License.LicenseDocumentTests" name="LicenseDocument_GetParameterValue_NullParameter" />
    </UnitTest>
    <UnitTest name="FeatureManager_TryGetFeatureParameterValueT_Argument_Null" storage="d:\actions-runner\_work\xpco\xpco\corporate\shared\common.integration\tst\videoos.common.integration.unittests\bin\x64\debug\net472\videoos.common.integration.unittests.dll" id="cf0cf77f-c694-949f-3294-26fdc5a95a90">
      <Execution id="ecdf6941-4093-4cdc-b610-742a9f77711f" />
      <TestMethod codeBase="D:\actions-runner\_work\XPCO\XPCO\Corporate\Shared\Common.Integration\tst\VideoOS.Common.Integration.UnitTests\bin\x64\Debug\net472\VideoOS.Common.Integration.UnitTests.dll" adapterTypeName="executor://mstestadapter/v2" className="VideoOS.Common.Integration.UnitTests.License.FeatureManagerTest" name="FeatureManager_TryGetFeatureParameterValueT_Argument_Null" />
    </UnitTest>
    <UnitTest name="TestMergeGridAreaWithValidAreaAndEmpty" storage="d:\actions-runner\_work\xpco\xpco\corporate\shared\common.integration\tst\videoos.common.integration.unittests\bin\x64\debug\net472\videoos.common.integration.unittests.dll" id="aaf6cbc2-ec71-9fc8-a293-327af94ed168">
      <Execution id="e055a624-359e-4fbf-89e7-db78bfc7eec1" />
      <TestMethod codeBase="D:\actions-runner\_work\XPCO\XPCO\Corporate\Shared\Common.Integration\tst\VideoOS.Common.Integration.UnitTests\bin\x64\Debug\net472\VideoOS.Common.Integration.UnitTests.dll" adapterTypeName="executor://mstestadapter/v2" className="VideoOS.Common.Integration.UnitTests.Configuration.FillableGridAreaUnitTest" name="TestMergeGridAreaWithValidAreaAndEmpty" />
    </UnitTest>
    <UnitTest name="LicenseRequestHardwareInfo_CreateWithNullDeviceList" storage="d:\actions-runner\_work\xpco\xpco\corporate\shared\common.integration\tst\videoos.common.integration.unittests\bin\x64\debug\net472\videoos.common.integration.unittests.dll" id="c9306fc5-6ee1-8d5c-db7b-80875c550ab5">
      <Execution id="3ac8507a-a980-4756-82ad-ebe70152c993" />
      <TestMethod codeBase="D:\actions-runner\_work\XPCO\XPCO\Corporate\Shared\Common.Integration\tst\VideoOS.Common.Integration.UnitTests\bin\x64\Debug\net472\VideoOS.Common.Integration.UnitTests.dll" adapterTypeName="executor://mstestadapter/v2" className="VideoOS.Common.Integration.UnitTests.License.HardwareInfoTests" name="LicenseRequestHardwareInfo_CreateWithNullDeviceList" />
    </UnitTest>
    <UnitTest name="ServiceDiscovery_SendAsync_CommunicationError_TaskCanceledException" storage="d:\actions-runner\_work\xpco\xpco\corporate\shared\common.integration\tst\videoos.common.integration.unittests\bin\x64\debug\net472\videoos.common.integration.unittests.dll" id="cffec0a4-0735-bd68-40ca-007447faf3a4">
      <Execution id="5f8fc7d1-ac6b-4e00-97cc-bb4783321a3d" />
      <TestMethod codeBase="D:\actions-runner\_work\XPCO\XPCO\Corporate\Shared\Common.Integration\tst\VideoOS.Common.Integration.UnitTests\bin\x64\Debug\net472\VideoOS.Common.Integration.UnitTests.dll" adapterTypeName="executor://mstestadapter/v2" className="VideoOS.Common.Integration.WebApi.HttpClientCommunicatorUnitTests" name="ServiceDiscovery_SendAsync_CommunicationError_TaskCanceledException" />
    </UnitTest>
    <UnitTest name="AddRange_ThrowsArgumentNullException_OnNullAsRange" storage="d:\actions-runner\_work\xpco\xpco\corporate\shared\common.integration\tst\videoos.common.integration.unittests\bin\x64\debug\net472\videoos.common.integration.unittests.dll" id="529ab322-0d52-af5d-bafc-7e74ba8c39bd">
      <TestCategory>
        <TestCategoryItem TestCategory="Extensions" />
      </TestCategory>
      <Execution id="527ed26d-65e6-4eb3-a51d-1ac153e15049" />
      <TestMethod codeBase="D:\actions-runner\_work\XPCO\XPCO\Corporate\Shared\Common.Integration\tst\VideoOS.Common.Integration.UnitTests\bin\x64\Debug\net472\VideoOS.Common.Integration.UnitTests.dll" adapterTypeName="executor://mstestadapter/v2" className="VideoOS.Common.Integration.UnitTests.Extensions.ExtensionMethodsTests" name="AddRange_ThrowsArgumentNullException_OnNullAsRange" />
    </UnitTest>
    <UnitTest name="RulesTableAdapter_SetUserSid_NullSid_ArgumentException" storage="d:\actions-runner\_work\xpco\xpco\corporate\shared\common.integration\tst\videoos.common.integration.unittests\bin\x64\debug\net472\videoos.common.integration.unittests.dll" id="ae9f41c0-56c5-c136-6fd0-0ca4cee7679c">
      <Execution id="0e19a68a-1ea8-4212-8a9b-879f90a36654" />
      <TestMethod codeBase="D:\actions-runner\_work\XPCO\XPCO\Corporate\Shared\Common.Integration\tst\VideoOS.Common.Integration.UnitTests\bin\x64\Debug\net472\VideoOS.Common.Integration.UnitTests.dll" adapterTypeName="executor://mstestadapter/v2" className="VideoOS.Common.Integration.UnitTests.Configuration.RulesTableAdapterUnitTests" name="RulesTableAdapter_SetUserSid_NullSid_ArgumentException" />
    </UnitTest>
    <UnitTest name="QueryDeviceEvidenceLockSizesResponseModel_Validate_Success" storage="d:\actions-runner\_work\xpco\xpco\corporate\shared\common.integration\tst\videoos.common.integration.unittests\bin\x64\debug\net472\videoos.common.integration.unittests.dll" id="5afcb5e0-af35-e05d-b145-6362d94ffff9">
      <Execution id="c7d54e90-4838-48e5-9220-404e9a71c91c" />
      <TestMethod codeBase="D:\actions-runner\_work\XPCO\XPCO\Corporate\Shared\Common.Integration\tst\VideoOS.Common.Integration.UnitTests\bin\x64\Debug\net472\VideoOS.Common.Integration.UnitTests.dll" adapterTypeName="executor://mstestadapter/v2" className="VideoOS.Common.Integration.UnitTests.WebAPI.Model.Server.Responses.QueryDeviceEvidenceLockSizesResponseModelTests" name="QueryDeviceEvidenceLockSizesResponseModel_Validate_Success" />
    </UnitTest>
    <UnitTest name="Validate_PopulateGrid_ValidateOemTextDoesNotExist_Success" storage="d:\actions-runner\_work\xpco\xpco\corporate\shared\common.integration\tst\videoos.common.integration.unittests\bin\x64\debug\net472\videoos.common.integration.unittests.dll" id="7bd6a6c4-4b71-1a23-13be-6b3d564ea47f">
      <Execution id="2577abb1-8073-4db7-bac3-52be006bbb3a" />
      <TestMethod codeBase="D:\actions-runner\_work\XPCO\XPCO\Corporate\Shared\Common.Integration\tst\VideoOS.Common.Integration.UnitTests\bin\x64\Debug\net472\VideoOS.Common.Integration.UnitTests.dll" adapterTypeName="executor://mstestadapter/v2" className="VideoOS.Common.Integration.UnitTests.License.LicenseReportGeneratorTests" name="Validate_PopulateGrid_ValidateOemTextDoesNotExist_Success" />
    </UnitTest>
    <UnitTest name="OnActionExecuting_ModelStateInvalid_BadRequest" storage="d:\actions-runner\_work\xpco\xpco\corporate\shared\common.integration\tst\videoos.common.integration.unittests\bin\x64\debug\net472\videoos.common.integration.unittests.dll" id="dc3f1dae-0567-b3ac-cdd2-b945456beda9">
      <Execution id="3cf52ed0-aac7-4b72-af96-f2a9569c5ff6" />
      <TestMethod codeBase="D:\actions-runner\_work\XPCO\XPCO\Corporate\Shared\Common.Integration\tst\VideoOS.Common.Integration.UnitTests\bin\x64\Debug\net472\VideoOS.Common.Integration.UnitTests.dll" adapterTypeName="executor://mstestadapter/v2" className="VideoOS.Common.Integration.WebApi.ValidateModelAttributeUnitTests" name="OnActionExecuting_ModelStateInvalid_BadRequest" />
    </UnitTest>
    <UnitTest name="ModelValidation_RequiredPropertiesAreNull_Failed" storage="d:\actions-runner\_work\xpco\xpco\corporate\shared\common.integration\tst\videoos.common.integration.unittests\bin\x64\debug\net472\videoos.common.integration.unittests.dll" id="be9e4185-1684-9bad-f247-e9cf5d13e759">
      <Execution id="2e59c8e2-60cb-41bc-bbea-8d6a92bc9ffc" />
      <TestMethod codeBase="D:\actions-runner\_work\XPCO\XPCO\Corporate\Shared\Common.Integration\tst\VideoOS.Common.Integration.UnitTests\bin\x64\Debug\net472\VideoOS.Common.Integration.UnitTests.dll" adapterTypeName="executor://mstestadapter/v2" className="VideoOS.Common.Integration.UnitTests.WebAPI.Model.EdgeJobUpdatedModelTest" name="ModelValidation_RequiredPropertiesAreNull_Failed" />
    </UnitTest>
    <UnitTest name="QueuedCommandExecutor_Close" storage="d:\actions-runner\_work\xpco\xpco\corporate\shared\common.integration\tst\videoos.common.integration.unittests\bin\x64\debug\net472\videoos.common.integration.unittests.dll" id="3cdc97f6-93f6-8b1f-9406-b91a77d074eb">
      <Execution id="6113a34e-6321-4c55-a4cc-6ad5e2cf98a9" />
      <TestMethod codeBase="D:\actions-runner\_work\XPCO\XPCO\Corporate\Shared\Common.Integration\tst\VideoOS.Common.Integration.UnitTests\bin\x64\Debug\net472\VideoOS.Common.Integration.UnitTests.dll" adapterTypeName="executor://mstestadapter/v2" className="VideoOS.Common.Integration.UnitTests.Command.CommandProcessor.QueuedCommandExecutorUnitTests" name="QueuedCommandExecutor_Close" />
    </UnitTest>
    <UnitTest name="Validate_LicenseRequestCreatedFromJson_Success" storage="d:\actions-runner\_work\xpco\xpco\corporate\shared\common.integration\tst\videoos.common.integration.unittests\bin\x64\debug\net472\videoos.common.integration.unittests.dll" id="74b712ed-fbd1-84c8-6671-8b363a4b5ed4">
      <Execution id="45018ea6-5816-4d6f-bd04-fd996df0b2dc" />
      <TestMethod codeBase="D:\actions-runner\_work\XPCO\XPCO\Corporate\Shared\Common.Integration\tst\VideoOS.Common.Integration.UnitTests\bin\x64\Debug\net472\VideoOS.Common.Integration.UnitTests.dll" adapterTypeName="executor://mstestadapter/v2" className="VideoOS.Common.Integration.UnitTests.License.LicenseContainerTests" name="Validate_LicenseRequestCreatedFromJson_Success" />
    </UnitTest>
    <UnitTest name="CallCreateHardwareLicenseCountEvaluator_NullParameters_ThrowsArgumentNullException" storage="d:\actions-runner\_work\xpco\xpco\corporate\shared\common.integration\tst\videoos.common.integration.unittests\bin\x64\debug\net472\videoos.common.integration.unittests.dll" id="72dbc3fe-7f24-6355-2ef9-0a9ce9cb2256">
      <TestCategory>
        <TestCategoryItem TestCategory="Licensing" />
      </TestCategory>
      <Execution id="e305fc25-a9b5-4193-946a-716d2e47083b" />
      <TestMethod codeBase="D:\actions-runner\_work\XPCO\XPCO\Corporate\Shared\Common.Integration\tst\VideoOS.Common.Integration.UnitTests\bin\x64\Debug\net472\VideoOS.Common.Integration.UnitTests.dll" adapterTypeName="executor://mstestadapter/v2" className="VideoOS.Common.Integration.UnitTests.License.LicenseManagerComponentsProviderTests" name="CallCreateHardwareLicenseCountEvaluator_NullParameters_ThrowsArgumentNullException" />
    </UnitTest>
    <UnitTest name="SystemSettingTableAdapter_Decrypt_OtherSettingUnchanged" storage="d:\actions-runner\_work\xpco\xpco\corporate\shared\common.integration\tst\videoos.common.integration.unittests\bin\x64\debug\net472\videoos.common.integration.unittests.dll" id="5f6365db-4f29-5b2f-fbde-a8e68630820f">
      <Execution id="58b11313-becf-41b4-ac0d-08bf10a9f892" />
      <TestMethod codeBase="D:\actions-runner\_work\XPCO\XPCO\Corporate\Shared\Common.Integration\tst\VideoOS.Common.Integration.UnitTests\bin\x64\Debug\net472\VideoOS.Common.Integration.UnitTests.dll" adapterTypeName="executor://mstestadapter/v2" className="VideoOS.Common.Integration.UnitTests.Configuration.SystemSettingTableAdapterUnitTests" name="SystemSettingTableAdapter_Decrypt_OtherSettingUnchanged" />
    </UnitTest>
    <UnitTest name="QueryDeviceEvidenceLockSizesResponseModel_NoValuesSet_ValidationFailure" storage="d:\actions-runner\_work\xpco\xpco\corporate\shared\common.integration\tst\videoos.common.integration.unittests\bin\x64\debug\net472\videoos.common.integration.unittests.dll" id="b9c26381-be61-0d48-aaab-d2f8534fc41c">
      <Execution id="d888aff3-1877-4bc1-badb-fffd92c8a21c" />
      <TestMethod codeBase="D:\actions-runner\_work\XPCO\XPCO\Corporate\Shared\Common.Integration\tst\VideoOS.Common.Integration.UnitTests\bin\x64\Debug\net472\VideoOS.Common.Integration.UnitTests.dll" adapterTypeName="executor://mstestadapter/v2" className="VideoOS.Common.Integration.UnitTests.WebAPI.Model.Server.Responses.QueryDeviceEvidenceLockSizesResponseModelTests" name="QueryDeviceEvidenceLockSizesResponseModel_NoValuesSet_ValidationFailure" />
    </UnitTest>
    <UnitTest name="CreateHttpsUri_HttpDefaultPort_UseDefaultPortTrue_BecomesHttpsPort443" storage="d:\actions-runner\_work\xpco\xpco\corporate\shared\common.integration\tst\videoos.common.integration.unittests\bin\x64\debug\net472\videoos.common.integration.unittests.dll" id="12063cf2-efcf-728b-23ae-c1292658ce21">
      <TestCategory>
        <TestCategoryItem TestCategory="UriHandling" />
      </TestCategory>
      <Execution id="2ae96ffc-ced9-4a1b-8b83-8aa4b1d43529" />
      <TestMethod codeBase="D:\actions-runner\_work\XPCO\XPCO\Corporate\Shared\Common.Integration\tst\VideoOS.Common.Integration.UnitTests\bin\x64\Debug\net472\VideoOS.Common.Integration.UnitTests.dll" adapterTypeName="executor://mstestadapter/v2" className="VideoOS.Common.Integration.UnitTests.Communication.UriHandlingUnitTests" name="CreateHttpsUri_HttpDefaultPort_UseDefaultPortTrue_BecomesHttpsPort443" />
    </UnitTest>
    <UnitTest name="MipActionModel_RequiredPropertiesAreNull_Failed" storage="d:\actions-runner\_work\xpco\xpco\corporate\shared\common.integration\tst\videoos.common.integration.unittests\bin\x64\debug\net472\videoos.common.integration.unittests.dll" id="7b46ca98-430c-2a1f-64c5-540290548710">
      <Execution id="e2fc57d4-c233-49b2-bbfe-8a0d17507518" />
      <TestMethod codeBase="D:\actions-runner\_work\XPCO\XPCO\Corporate\Shared\Common.Integration\tst\VideoOS.Common.Integration.UnitTests\bin\x64\Debug\net472\VideoOS.Common.Integration.UnitTests.dll" adapterTypeName="executor://mstestadapter/v2" className="VideoOS.Common.Integration.UnitTests.WebAPI.Model.Server.MipActionModelTests" name="MipActionModel_RequiredPropertiesAreNull_Failed" />
    </UnitTest>
    <UnitTest name="TestMergeGridAreaWithValidAreaAndNull" storage="d:\actions-runner\_work\xpco\xpco\corporate\shared\common.integration\tst\videoos.common.integration.unittests\bin\x64\debug\net472\videoos.common.integration.unittests.dll" id="597c0929-a1e8-1644-f547-192d44b9f5a9">
      <Execution id="0c3ea653-7250-4da2-964b-952cb3e8ab6a" />
      <TestMethod codeBase="D:\actions-runner\_work\XPCO\XPCO\Corporate\Shared\Common.Integration\tst\VideoOS.Common.Integration.UnitTests\bin\x64\Debug\net472\VideoOS.Common.Integration.UnitTests.dll" adapterTypeName="executor://mstestadapter/v2" className="VideoOS.Common.Integration.UnitTests.Configuration.FillableGridAreaUnitTest" name="TestMergeGridAreaWithValidAreaAndNull" />
    </UnitTest>
    <UnitTest name="StreamsConfiguration_TryGet_Success" storage="d:\actions-runner\_work\xpco\xpco\corporate\shared\common.integration\tst\videoos.common.integration.unittests\bin\x64\debug\net472\videoos.common.integration.unittests.dll" id="c8765d97-7555-34ec-889c-ab5a910e06ce">
      <Execution id="26dfe1c2-a260-43c8-b367-4f7d16828955" />
      <TestMethod codeBase="D:\actions-runner\_work\XPCO\XPCO\Corporate\Shared\Common.Integration\tst\VideoOS.Common.Integration.UnitTests\bin\x64\Debug\net472\VideoOS.Common.Integration.UnitTests.dll" adapterTypeName="executor://mstestadapter/v2" className="VideoOS.Common.Integration.UnitTests.StreamsConfigurationUnitTests" name="StreamsConfiguration_TryGet_Success" />
    </UnitTest>
    <UnitTest name="ModelValidation_RequiredPropertiesAreNull_Failed" storage="d:\actions-runner\_work\xpco\xpco\corporate\shared\common.integration\tst\videoos.common.integration.unittests\bin\x64\debug\net472\videoos.common.integration.unittests.dll" id="a62cf2d3-360c-f1c5-f4cc-28ea45002ca5">
      <Execution id="b17f8e0a-e5f8-4159-8ed6-b5be13791bd0" />
      <TestMethod codeBase="D:\actions-runner\_work\XPCO\XPCO\Corporate\Shared\Common.Integration\tst\VideoOS.Common.Integration.UnitTests\bin\x64\Debug\net472\VideoOS.Common.Integration.UnitTests.dll" adapterTypeName="executor://mstestadapter/v2" className="VideoOS.Common.Integration.UnitTests.WebAPI.Model.ActiavteUserDefinedEventOnRemoteSiteModelTest" name="ModelValidation_RequiredPropertiesAreNull_Failed" />
    </UnitTest>
    <UnitTest name="HardwareInfo_HasActivatedCameras_ReturnsTrue_OnSomeCamerasActivated" storage="d:\actions-runner\_work\xpco\xpco\corporate\shared\common.integration\tst\videoos.common.integration.unittests\bin\x64\debug\net472\videoos.common.integration.unittests.dll" id="06ffcdb4-434f-f606-043a-dbf605c915be">
      <Execution id="45a6ee79-ddca-440e-91ee-45b5a51908bd" />
      <TestMethod codeBase="D:\actions-runner\_work\XPCO\XPCO\Corporate\Shared\Common.Integration\tst\VideoOS.Common.Integration.UnitTests\bin\x64\Debug\net472\VideoOS.Common.Integration.UnitTests.dll" adapterTypeName="executor://mstestadapter/v2" className="VideoOS.Common.Integration.UnitTests.License.HardwareInfoTests" name="HardwareInfo_HasActivatedCameras_ReturnsTrue_OnSomeCamerasActivated" />
    </UnitTest>
    <UnitTest name="ServiceConnectionStatus_CommunicationError_Offline_RaiseOfflineEvent" storage="d:\actions-runner\_work\xpco\xpco\corporate\shared\common.integration\tst\videoos.common.integration.unittests\bin\x64\debug\net472\videoos.common.integration.unittests.dll" id="ffa4b15a-3f25-01db-a3c4-70c5bbc70e72">
      <Execution id="620e2aa1-783d-4434-bc06-03798c0f6c82" />
      <TestMethod codeBase="D:\actions-runner\_work\XPCO\XPCO\Corporate\Shared\Common.Integration\tst\VideoOS.Common.Integration.UnitTests\bin\x64\Debug\net472\VideoOS.Common.Integration.UnitTests.dll" adapterTypeName="executor://mstestadapter/v2" className="VideoOS.Common.Integration.UnitTests.ServiceConnectionStatusTests" name="ServiceConnectionStatus_CommunicationError_Offline_RaiseOfflineEvent" />
    </UnitTest>
    <UnitTest name="FeatureManager_LicenseExpiryDate_Success" storage="d:\actions-runner\_work\xpco\xpco\corporate\shared\common.integration\tst\videoos.common.integration.unittests\bin\x64\debug\net472\videoos.common.integration.unittests.dll" id="2ca04e1a-8dbd-bcea-fdc1-48061a2429ad">
      <Execution id="f84a082a-b492-4ff6-b8b4-f339ad9e1f52" />
      <TestMethod codeBase="D:\actions-runner\_work\XPCO\XPCO\Corporate\Shared\Common.Integration\tst\VideoOS.Common.Integration.UnitTests\bin\x64\Debug\net472\VideoOS.Common.Integration.UnitTests.dll" adapterTypeName="executor://mstestadapter/v2" className="VideoOS.Common.Integration.UnitTests.License.FeatureManagerTest" name="FeatureManager_LicenseExpiryDate_Success" />
    </UnitTest>
    <UnitTest name="ScanResult_ModificationTest" storage="d:\actions-runner\_work\xpco\xpco\corporate\shared\common.integration\tst\videoos.common.integration.unittests\bin\x64\debug\net472\videoos.common.integration.unittests.dll" id="59c85643-a1db-5dc5-5ae6-672ed03a0518">
      <Execution id="f9d3b1c7-ce7a-4155-9984-c2af35641f9c" />
      <TestMethod codeBase="D:\actions-runner\_work\XPCO\XPCO\Corporate\Shared\Common.Integration\tst\VideoOS.Common.Integration.UnitTests\bin\x64\Debug\net472\VideoOS.Common.Integration.UnitTests.dll" adapterTypeName="executor://mstestadapter/v2" className="VideoOS.Common.Integration.UnitTests.ScanResultTest" name="ScanResult_ModificationTest" />
    </UnitTest>
    <UnitTest name="ExecuteRuleActionModel_ValidModel_Success" storage="d:\actions-runner\_work\xpco\xpco\corporate\shared\common.integration\tst\videoos.common.integration.unittests\bin\x64\debug\net472\videoos.common.integration.unittests.dll" id="0e3bbfa9-9b4c-e217-20f7-06aef70f85d5">
      <Execution id="b6b98e23-6894-40ef-aebd-81c27f7904ba" />
      <TestMethod codeBase="D:\actions-runner\_work\XPCO\XPCO\Corporate\Shared\Common.Integration\tst\VideoOS.Common.Integration.UnitTests\bin\x64\Debug\net472\VideoOS.Common.Integration.UnitTests.dll" adapterTypeName="executor://mstestadapter/v2" className="VideoOS.Common.Integration.UnitTests.WebAPI.Model.Server.ExecuteRuleActionModelTests" name="ExecuteRuleActionModel_ValidModel_Success" />
    </UnitTest>
    <UnitTest name="FilterCreationNoSubKindsTest" storage="d:\actions-runner\_work\xpco\xpco\corporate\shared\common.integration\tst\videoos.common.integration.unittests\bin\x64\debug\net472\videoos.common.integration.unittests.dll" id="649bc6c1-3f22-d11b-1cdc-777593bb51d4">
      <TestCategory>
        <TestCategoryItem TestCategory="Rules.MIPFilter" />
      </TestCategory>
      <Execution id="cbaaecef-0388-461e-a175-87f1d03a2a93" />
      <TestMethod codeBase="D:\actions-runner\_work\XPCO\XPCO\Corporate\Shared\Common.Integration\tst\VideoOS.Common.Integration.UnitTests\bin\x64\Debug\net472\VideoOS.Common.Integration.UnitTests.dll" adapterTypeName="executor://mstestadapter/v2" className="VideoOS.Common.Integration.UnitTests.Rules.MIPFilterTest" name="FilterCreationNoSubKindsTest" />
    </UnitTest>
    <UnitTest name="ReadChildElementValueAsInt32_SunnyDay" storage="d:\actions-runner\_work\xpco\xpco\corporate\shared\common.integration\tst\videoos.common.integration.unittests\bin\x64\debug\net472\videoos.common.integration.unittests.dll" id="490342c1-764c-d6c8-1c4d-2b4a58d20bfd">
      <Execution id="e18eb37e-183f-4ce4-a763-b944de849bab" />
      <TestMethod codeBase="D:\actions-runner\_work\XPCO\XPCO\Corporate\Shared\Common.Integration\tst\VideoOS.Common.Integration.UnitTests\bin\x64\Debug\net472\VideoOS.Common.Integration.UnitTests.dll" adapterTypeName="executor://mstestadapter/v2" className="VideoOS.Common.Integration.UnitTests.XmlDocumentExtensionsCoreUnitTests" name="ReadChildElementValueAsInt32_SunnyDay" />
    </UnitTest>
    <UnitTest name="PatchEndpointOnly_NoError_TaskIsExecutedAndCorrectResponseReceived" storage="d:\actions-runner\_work\xpco\xpco\corporate\shared\common.integration\tst\videoos.common.integration.unittests\bin\x64\debug\net472\videoos.common.integration.unittests.dll" id="e85fb801-fac4-3caf-4c68-9f4cc51c38b7">
      <Execution id="1b5b36bb-f625-49ee-982a-d230794254f5" />
      <TestMethod codeBase="D:\actions-runner\_work\XPCO\XPCO\Corporate\Shared\Common.Integration\tst\VideoOS.Common.Integration.UnitTests\bin\x64\Debug\net472\VideoOS.Common.Integration.UnitTests.dll" adapterTypeName="executor://mstestadapter/v2" className="VideoOS.Common.Integration.WebApi.HttpClientCommunicatorUnitTests" name="PatchEndpointOnly_NoError_TaskIsExecutedAndCorrectResponseReceived" />
    </UnitTest>
    <UnitTest name="BaseHtmlLicenseReport_CreateTableRow_Success" storage="d:\actions-runner\_work\xpco\xpco\corporate\shared\common.integration\tst\videoos.common.integration.unittests\bin\x64\debug\net472\videoos.common.integration.unittests.dll" id="bdbad9cc-433c-5bda-9712-dfb5731f66f0">
      <Execution id="b047921e-4d3a-4e8e-bf81-cd1206c73c16" />
      <TestMethod codeBase="D:\actions-runner\_work\XPCO\XPCO\Corporate\Shared\Common.Integration\tst\VideoOS.Common.Integration.UnitTests\bin\x64\Debug\net472\VideoOS.Common.Integration.UnitTests.dll" adapterTypeName="executor://mstestadapter/v2" className="VideoOS.Common.Integration.UnitTests.License.BaseHtmlLicenseReportTests" name="BaseHtmlLicenseReport_CreateTableRow_Success" />
    </UnitTest>
    <UnitTest name="ProcessMessage_Command_NotBulkable" storage="d:\actions-runner\_work\xpco\xpco\corporate\shared\common.integration\tst\videoos.common.integration.unittests\bin\x64\debug\net472\videoos.common.integration.unittests.dll" id="e97ae24f-ac2f-4345-2c2a-54c942d7e945">
      <Execution id="133f03b4-41ec-4c9b-acd5-a01bf556fd4c" />
      <TestMethod codeBase="D:\actions-runner\_work\XPCO\XPCO\Corporate\Shared\Common.Integration\tst\VideoOS.Common.Integration.UnitTests\bin\x64\Debug\net472\VideoOS.Common.Integration.UnitTests.dll" adapterTypeName="executor://mstestadapter/v2" className="VideoOS.Common.Integration.UnitTests.MessageProcessing.ThreadPoolBulkMessageProcessorUnitTest" name="ProcessMessage_Command_NotBulkable" />
    </UnitTest>
    <UnitTest name="ConvertForStorage_ZeroByteLicense_ReturnsSame" storage="d:\actions-runner\_work\xpco\xpco\corporate\shared\common.integration\tst\videoos.common.integration.unittests\bin\x64\debug\net472\videoos.common.integration.unittests.dll" id="8c3196ab-de04-4b67-c25d-8f27cd948816">
      <Execution id="2b8e3622-39ed-45ca-8081-099c82e6ba11" />
      <TestMethod codeBase="D:\actions-runner\_work\XPCO\XPCO\Corporate\Shared\Common.Integration\tst\VideoOS.Common.Integration.UnitTests\bin\x64\Debug\net472\VideoOS.Common.Integration.UnitTests.dll" adapterTypeName="executor://mstestadapter/v2" className="VideoOS.Common.Integration.UnitTests.License.LicenseLoaderTests" name="ConvertForStorage_ZeroByteLicense_ReturnsSame" />
    </UnitTest>
    <UnitTest name="DecryptingHardware" storage="d:\actions-runner\_work\xpco\xpco\corporate\shared\common.integration\tst\videoos.common.integration.unittests\bin\x64\debug\net472\videoos.common.integration.unittests.dll" id="c3c3b3ac-b90c-7195-f3dc-273b8f66b68a">
      <Execution id="3fee0b50-4973-4157-9246-5db7883845fa" />
      <TestMethod codeBase="D:\actions-runner\_work\XPCO\XPCO\Corporate\Shared\Common.Integration\tst\VideoOS.Common.Integration.UnitTests\bin\x64\Debug\net472\VideoOS.Common.Integration.UnitTests.dll" adapterTypeName="executor://mstestadapter/v2" className="VideoOS.Common.Integration.UnitTests.Configuration.XmlEncryptionHelperTests" name="DecryptingHardware" />
    </UnitTest>
    <UnitTest name="ServerFileStorage_Starts_PersistedCleanupService" storage="d:\actions-runner\_work\xpco\xpco\corporate\shared\common.integration\tst\videoos.common.integration.unittests\bin\x64\debug\net472\videoos.common.integration.unittests.dll" id="9ab18920-747e-904b-c9f1-093c90b0dc2a">
      <Execution id="f80a7a75-91f1-49d2-bb8e-1926ad50c0d2" />
      <TestMethod codeBase="D:\actions-runner\_work\XPCO\XPCO\Corporate\Shared\Common.Integration\tst\VideoOS.Common.Integration.UnitTests\bin\x64\Debug\net472\VideoOS.Common.Integration.UnitTests.dll" adapterTypeName="executor://mstestadapter/v2" className="VideoOS.Common.Integration.UnitTests.ServerFileStorageTests" name="ServerFileStorage_Starts_PersistedCleanupService" />
    </UnitTest>
    <UnitTest name="RemoveItem_RemovesSpecifiedItem" storage="d:\actions-runner\_work\xpco\xpco\corporate\shared\common.integration\tst\videoos.common.integration.unittests\bin\x64\debug\net472\videoos.common.integration.unittests.dll" id="46d6676a-bae2-9df9-dff7-f8c20a011418">
      <Execution id="9abca0a2-5919-45e3-bd78-e394a19010d0" />
      <TestMethod codeBase="D:\actions-runner\_work\XPCO\XPCO\Corporate\Shared\Common.Integration\tst\VideoOS.Common.Integration.UnitTests\bin\x64\Debug\net472\VideoOS.Common.Integration.UnitTests.dll" adapterTypeName="executor://mstestadapter/v2" className="VideoOS.Common.Integration.UnitTests.LinkedListIndexUnitTests" name="RemoveItem_RemovesSpecifiedItem" />
    </UnitTest>
    <UnitTest name="StreamsConfiguration_ValidateConfiguration_Invalid_Selection_3_Error" storage="d:\actions-runner\_work\xpco\xpco\corporate\shared\common.integration\tst\videoos.common.integration.unittests\bin\x64\debug\net472\videoos.common.integration.unittests.dll" id="c9999e9d-a2c2-81ee-78a6-a171e8eb25b6">
      <Execution id="ca5c2082-a419-427a-8505-e5495687c60e" />
      <TestMethod codeBase="D:\actions-runner\_work\XPCO\XPCO\Corporate\Shared\Common.Integration\tst\VideoOS.Common.Integration.UnitTests\bin\x64\Debug\net472\VideoOS.Common.Integration.UnitTests.dll" adapterTypeName="executor://mstestadapter/v2" className="VideoOS.Common.Integration.UnitTests.StreamsConfigurationUnitTests" name="StreamsConfiguration_ValidateConfiguration_Invalid_Selection_3_Error" />
    </UnitTest>
    <UnitTest name="Collection_Remove_Null_Throws_ArguemtnNullException" storage="d:\actions-runner\_work\xpco\xpco\corporate\shared\common.integration\tst\videoos.common.integration.unittests\bin\x64\debug\net472\videoos.common.integration.unittests.dll" id="c9dd264e-5a88-8d6b-118f-2e40aaa81fbc">
      <Execution id="609762cb-c7b2-4804-ab1c-3698653634d8" />
      <TestMethod codeBase="D:\actions-runner\_work\XPCO\XPCO\Corporate\Shared\Common.Integration\tst\VideoOS.Common.Integration.UnitTests\bin\x64\Debug\net472\VideoOS.Common.Integration.UnitTests.dll" adapterTypeName="executor://mstestadapter/v2" className="VideoOS.Common.Integration.UnitTests.IndexedCollectionUnitTests" name="Collection_Remove_Null_Throws_ArguemtnNullException" />
    </UnitTest>
    <UnitTest name="CheckAllMIPFiltersKindsTestOk1" storage="d:\actions-runner\_work\xpco\xpco\corporate\shared\common.integration\tst\videoos.common.integration.unittests\bin\x64\debug\net472\videoos.common.integration.unittests.dll" id="d37396c4-706b-954c-813b-c11650de9149">
      <TestCategory>
        <TestCategoryItem TestCategory="Rules.MIPFilter" />
      </TestCategory>
      <Execution id="c1726815-fa58-4835-9463-a7a7aefe2e4d" />
      <TestMethod codeBase="D:\actions-runner\_work\XPCO\XPCO\Corporate\Shared\Common.Integration\tst\VideoOS.Common.Integration.UnitTests\bin\x64\Debug\net472\VideoOS.Common.Integration.UnitTests.dll" adapterTypeName="executor://mstestadapter/v2" className="VideoOS.Common.Integration.UnitTests.Rules.MIPFilterTest" name="CheckAllMIPFiltersKindsTestOk1" />
    </UnitTest>
    <UnitTest name="BoolResponseModel_Validate_Success" storage="d:\actions-runner\_work\xpco\xpco\corporate\shared\common.integration\tst\videoos.common.integration.unittests\bin\x64\debug\net472\videoos.common.integration.unittests.dll" id="3f1fc8a1-137c-2c07-462a-cc1b33a82b8a">
      <Execution id="c6e594e5-bf07-45f9-b88c-3e7b2374d43f" />
      <TestMethod codeBase="D:\actions-runner\_work\XPCO\XPCO\Corporate\Shared\Common.Integration\tst\VideoOS.Common.Integration.UnitTests\bin\x64\Debug\net472\VideoOS.Common.Integration.UnitTests.dll" adapterTypeName="executor://mstestadapter/v2" className="VideoOS.Common.Integration.UnitTests.WebAPI.Model.Recorder.Responses.BoolResponseModelTest" name="BoolResponseModel_Validate_Success" />
    </UnitTest>
    <UnitTest name="ServerFileStorage_SetLength_AboveQuota_Exception" storage="d:\actions-runner\_work\xpco\xpco\corporate\shared\common.integration\tst\videoos.common.integration.unittests\bin\x64\debug\net472\videoos.common.integration.unittests.dll" id="fefefecb-cd3f-bcbd-7496-453b8b094f3c">
      <Execution id="4a76dc82-367d-45ff-9964-e0c5000ecb1b" />
      <TestMethod codeBase="D:\actions-runner\_work\XPCO\XPCO\Corporate\Shared\Common.Integration\tst\VideoOS.Common.Integration.UnitTests\bin\x64\Debug\net472\VideoOS.Common.Integration.UnitTests.dll" adapterTypeName="executor://mstestadapter/v2" className="VideoOS.Common.Integration.UnitTests.ServerFileStorageTests" name="ServerFileStorage_SetLength_AboveQuota_Exception" />
    </UnitTest>
    <UnitTest name="Update_XmlHasPassword_PasswordIsTransformed" storage="d:\actions-runner\_work\xpco\xpco\corporate\shared\common.integration\tst\videoos.common.integration.unittests\bin\x64\debug\net472\videoos.common.integration.unittests.dll" id="7f4b45fc-bcbc-cff9-5b5a-d61b84af45ea">
      <Execution id="0d9d7c64-8e26-4b12-aeaf-849746962eee" />
      <TestMethod codeBase="D:\actions-runner\_work\XPCO\XPCO\Corporate\Shared\Common.Integration\tst\VideoOS.Common.Integration.UnitTests\bin\x64\Debug\net472\VideoOS.Common.Integration.UnitTests.dll" adapterTypeName="executor://mstestadapter/v2" className="VideoOS.Common.Integration.UnitTests.Configuration.ConfigurationDataSetEncryption.AddHardwareEncryptionTests" name="Update_XmlHasPassword_PasswordIsTransformed" />
    </UnitTest>
    <UnitTest name="DataSetUtility_UpdateLastModified_ConfigurationDataSet_Devices_LastModified_Changed" storage="d:\actions-runner\_work\xpco\xpco\corporate\shared\common.integration\tst\videoos.common.integration.unittests\bin\x64\debug\net472\videoos.common.integration.unittests.dll" id="0430db25-db50-e950-650c-a7a45ebe4591">
      <Execution id="4c7ce448-f2c7-4d15-bff5-41b4dd75245b" />
      <TestMethod codeBase="D:\actions-runner\_work\XPCO\XPCO\Corporate\Shared\Common.Integration\tst\VideoOS.Common.Integration.UnitTests\bin\x64\Debug\net472\VideoOS.Common.Integration.UnitTests.dll" adapterTypeName="executor://mstestadapter/v2" className="VideoOS.Common.Integration.UnitTests.DataSetUtilityUnitTests" name="DataSetUtility_UpdateLastModified_ConfigurationDataSet_Devices_LastModified_Changed" />
    </UnitTest>
    <UnitTest name="DefaultFileName_ExistsAndIsValid_Success" storage="d:\actions-runner\_work\xpco\xpco\corporate\shared\common.integration\tst\videoos.common.integration.unittests\bin\x64\debug\net472\videoos.common.integration.unittests.dll" id="8b517c86-4ecc-dbbd-ff31-39c454c41be3">
      <Execution id="8b8caf03-67d6-4fb0-a069-55189ae3f22a" />
      <TestMethod codeBase="D:\actions-runner\_work\XPCO\XPCO\Corporate\Shared\Common.Integration\tst\VideoOS.Common.Integration.UnitTests\bin\x64\Debug\net472\VideoOS.Common.Integration.UnitTests.dll" adapterTypeName="executor://mstestadapter/v2" className="VideoOS.Common.Integration.UnitTests.ServerValidation.LocalUserOptionsTests" name="DefaultFileName_ExistsAndIsValid_Success" />
    </UnitTest>
    <UnitTest name="DatabaseResponseTrackIdsWithoutMediaOnRecorderModel_NoValuesSet_ValidationFailure" storage="d:\actions-runner\_work\xpco\xpco\corporate\shared\common.integration\tst\videoos.common.integration.unittests\bin\x64\debug\net472\videoos.common.integration.unittests.dll" id="d51ef439-c9da-9eb7-9c47-8a2b811546f8">
      <Execution id="e308f120-5f27-4d25-a6d4-b4dea79e7b11" />
      <TestMethod codeBase="D:\actions-runner\_work\XPCO\XPCO\Corporate\Shared\Common.Integration\tst\VideoOS.Common.Integration.UnitTests\bin\x64\Debug\net472\VideoOS.Common.Integration.UnitTests.dll" adapterTypeName="executor://mstestadapter/v2" className="VideoOS.Common.Integration.UnitTests.WebApi.Model.DatabaseResponseModelTest" name="DatabaseResponseTrackIdsWithoutMediaOnRecorderModel_NoValuesSet_ValidationFailure" />
    </UnitTest>
    <UnitTest name="Call_HttpPost_InvalidParam_userAgentNull_ThrowsArgumentNullException" storage="d:\actions-runner\_work\xpco\xpco\corporate\shared\common.integration\tst\videoos.common.integration.unittests\bin\x64\debug\net472\videoos.common.integration.unittests.dll" id="2cba5c34-805b-0de4-d983-04f83032a032">
      <Execution id="a0f10414-999f-4ac8-9eb2-76dcb144abb8" />
      <TestMethod codeBase="D:\actions-runner\_work\XPCO\XPCO\Corporate\Shared\Common.Integration\tst\VideoOS.Common.Integration.UnitTests\bin\x64\Debug\net472\VideoOS.Common.Integration.UnitTests.dll" adapterTypeName="executor://mstestadapter/v2" className="VideoOS.Common.Integration.UnitTests.Communication.HttpPostTests" name="Call_HttpPost_InvalidParam_userAgentNull_ThrowsArgumentNullException" />
    </UnitTest>
    <UnitTest name="ScanParameters_SerializationTest" storage="d:\actions-runner\_work\xpco\xpco\corporate\shared\common.integration\tst\videoos.common.integration.unittests\bin\x64\debug\net472\videoos.common.integration.unittests.dll" id="9ff6268d-5453-69d9-7a5d-560fa480cf29">
      <Execution id="b5359dc1-bd4d-4ad4-806c-7762860f41df" />
      <TestMethod codeBase="D:\actions-runner\_work\XPCO\XPCO\Corporate\Shared\Common.Integration\tst\VideoOS.Common.Integration.UnitTests\bin\x64\Debug\net472\VideoOS.Common.Integration.UnitTests.dll" adapterTypeName="executor://mstestadapter/v2" className="VideoOS.Common.Integration.UnitTests.ScanParametersTest" name="ScanParameters_SerializationTest" />
    </UnitTest>
    <UnitTest name="CalculateLicenseRequirements_On1ICPHardwareWith3ChannelsAnd1NormalWith6Channels_ReturnsFalse" storage="d:\actions-runner\_work\xpco\xpco\corporate\shared\common.integration\tst\videoos.common.integration.unittests\bin\x64\debug\net472\videoos.common.integration.unittests.dll" id="ff479f6d-e0b7-8fd5-8eb8-d2152054fac2">
      <Execution id="8eed747f-5e36-4262-89f5-fdd92a25e6ca" />
      <TestMethod codeBase="D:\actions-runner\_work\XPCO\XPCO\Corporate\Shared\Common.Integration\tst\VideoOS.Common.Integration.UnitTests\bin\x64\Debug\net472\VideoOS.Common.Integration.UnitTests.dll" adapterTypeName="executor://mstestadapter/v2" className="VideoOS.Common.Integration.UnitTests.License.LicenseCalculatorTests" name="CalculateLicenseRequirements_On1ICPHardwareWith3ChannelsAnd1NormalWith6Channels_ReturnsFalse" />
    </UnitTest>
    <UnitTest name="ToRecorderStatusesDto_AppliesAllFlags_OnAllFlagsPresent" storage="d:\actions-runner\_work\xpco\xpco\corporate\shared\common.integration\tst\videoos.common.integration.unittests\bin\x64\debug\net472\videoos.common.integration.unittests.dll" id="14ac6c18-7464-667d-e927-e446b8071737">
      <TestCategory>
        <TestCategoryItem TestCategory="RecorderStatus" />
      </TestCategory>
      <Execution id="7faf3e5f-f9cd-4a6d-8468-811cb72a8651" />
      <TestMethod codeBase="D:\actions-runner\_work\XPCO\XPCO\Corporate\Shared\Common.Integration\tst\VideoOS.Common.Integration.UnitTests\bin\x64\Debug\net472\VideoOS.Common.Integration.UnitTests.dll" adapterTypeName="executor://mstestadapter/v2" className="VideoOS.Common.Integration.UnitTests.Communication.Internal.DtoConvertTests" name="ToRecorderStatusesDto_AppliesAllFlags_OnAllFlagsPresent" />
    </UnitTest>
    <UnitTest name="ServiceDiscoveryEngine_Construction_TimespanMax_ArgumentOutOfRangeException" storage="d:\actions-runner\_work\xpco\xpco\corporate\shared\common.integration\tst\videoos.common.integration.unittests\bin\x64\debug\net472\videoos.common.integration.unittests.dll" id="94c9c17d-5b29-dbc2-e9fb-ad06e996284d">
      <Execution id="38ee09a4-df6c-48cb-a699-bee360a70ada" />
      <TestMethod codeBase="D:\actions-runner\_work\XPCO\XPCO\Corporate\Shared\Common.Integration\tst\VideoOS.Common.Integration.UnitTests\bin\x64\Debug\net472\VideoOS.Common.Integration.UnitTests.dll" adapterTypeName="executor://mstestadapter/v2" className="VideoOS.Common.Integration.UnitTests.WebAPI.Exceptions.ServiceDiscoveryEngineTests" name="ServiceDiscoveryEngine_Construction_TimespanMax_ArgumentOutOfRangeException" />
    </UnitTest>
    <UnitTest name="CreateHttpUri_HttpsDefaultPort_UsePort65536_ThrowsArgumentOutOfRangeException" storage="d:\actions-runner\_work\xpco\xpco\corporate\shared\common.integration\tst\videoos.common.integration.unittests\bin\x64\debug\net472\videoos.common.integration.unittests.dll" id="a63deb4a-f738-6f93-7e6a-2f1713f5f8cf">
      <TestCategory>
        <TestCategoryItem TestCategory="UriHandling" />
      </TestCategory>
      <Execution id="867e5718-afc9-449b-858b-db507824f7a5" />
      <TestMethod codeBase="D:\actions-runner\_work\XPCO\XPCO\Corporate\Shared\Common.Integration\tst\VideoOS.Common.Integration.UnitTests\bin\x64\Debug\net472\VideoOS.Common.Integration.UnitTests.dll" adapterTypeName="executor://mstestadapter/v2" className="VideoOS.Common.Integration.UnitTests.Communication.UriHandlingUnitTests" name="CreateHttpUri_HttpsDefaultPort_UsePort65536_ThrowsArgumentOutOfRangeException" />
    </UnitTest>
    <UnitTest name="FeatureManager_TryGetFeatureParameterValue_License_Argument_Null" storage="d:\actions-runner\_work\xpco\xpco\corporate\shared\common.integration\tst\videoos.common.integration.unittests\bin\x64\debug\net472\videoos.common.integration.unittests.dll" id="d5954dbd-073f-77e4-c2f8-ae999d763dbc">
      <Execution id="49d832f1-8851-4ef4-9948-da44c081206d" />
      <TestMethod codeBase="D:\actions-runner\_work\XPCO\XPCO\Corporate\Shared\Common.Integration\tst\VideoOS.Common.Integration.UnitTests\bin\x64\Debug\net472\VideoOS.Common.Integration.UnitTests.dll" adapterTypeName="executor://mstestadapter/v2" className="VideoOS.Common.Integration.UnitTests.License.FeatureManagerTest" name="FeatureManager_TryGetFeatureParameterValue_License_Argument_Null" />
    </UnitTest>
    <UnitTest name="DatabaseResponseDiskUsageModel_NoValuesSet_ValidationFailure" storage="d:\actions-runner\_work\xpco\xpco\corporate\shared\common.integration\tst\videoos.common.integration.unittests\bin\x64\debug\net472\videoos.common.integration.unittests.dll" id="1dc5a329-41e5-3e6d-fc5e-d8b4c47ea882">
      <Execution id="225aa545-3f9e-43b7-8061-ea790bab9ff8" />
      <TestMethod codeBase="D:\actions-runner\_work\XPCO\XPCO\Corporate\Shared\Common.Integration\tst\VideoOS.Common.Integration.UnitTests\bin\x64\Debug\net472\VideoOS.Common.Integration.UnitTests.dll" adapterTypeName="executor://mstestadapter/v2" className="VideoOS.Common.Integration.UnitTests.WebApi.Model.DatabaseResponseModelTest" name="DatabaseResponseDiskUsageModel_NoValuesSet_ValidationFailure" />
    </UnitTest>
    <UnitTest name="CalculateLicenseRequirements_WithoutInitialising_ThrowsInvalidOperationException" storage="d:\actions-runner\_work\xpco\xpco\corporate\shared\common.integration\tst\videoos.common.integration.unittests\bin\x64\debug\net472\videoos.common.integration.unittests.dll" id="e3af9ef2-b4d7-82f6-2b39-9e49c5aac5c0">
      <Execution id="a865e5cb-05e3-4cee-86f1-820644b820d1" />
      <TestMethod codeBase="D:\actions-runner\_work\XPCO\XPCO\Corporate\Shared\Common.Integration\tst\VideoOS.Common.Integration.UnitTests\bin\x64\Debug\net472\VideoOS.Common.Integration.UnitTests.dll" adapterTypeName="executor://mstestadapter/v2" className="VideoOS.Common.Integration.UnitTests.License.LicenseCalculatorTests" name="CalculateLicenseRequirements_WithoutInitialising_ThrowsInvalidOperationException" />
    </UnitTest>
    <UnitTest name="FeatureManager_TryGetFeatureParameterValue_Value" storage="d:\actions-runner\_work\xpco\xpco\corporate\shared\common.integration\tst\videoos.common.integration.unittests\bin\x64\debug\net472\videoos.common.integration.unittests.dll" id="80fe88af-86ae-3eb6-9919-0386f9c0d3d0">
      <Execution id="431c23a0-4d57-43f4-a883-db0a00578669" />
      <TestMethod codeBase="D:\actions-runner\_work\XPCO\XPCO\Corporate\Shared\Common.Integration\tst\VideoOS.Common.Integration.UnitTests\bin\x64\Debug\net472\VideoOS.Common.Integration.UnitTests.dll" adapterTypeName="executor://mstestadapter/v2" className="VideoOS.Common.Integration.UnitTests.License.FeatureManagerTest" name="FeatureManager_TryGetFeatureParameterValue_Value" />
    </UnitTest>
    <UnitTest name="FeatureManager_GetFeatureParameterValueT_Int_Invalid_Value" storage="d:\actions-runner\_work\xpco\xpco\corporate\shared\common.integration\tst\videoos.common.integration.unittests\bin\x64\debug\net472\videoos.common.integration.unittests.dll" id="a007b317-a0ad-fafd-d5c9-f7310688453b">
      <Execution id="158276fe-1733-409c-b30a-641dc97a09d3" />
      <TestMethod codeBase="D:\actions-runner\_work\XPCO\XPCO\Corporate\Shared\Common.Integration\tst\VideoOS.Common.Integration.UnitTests\bin\x64\Debug\net472\VideoOS.Common.Integration.UnitTests.dll" adapterTypeName="executor://mstestadapter/v2" className="VideoOS.Common.Integration.UnitTests.License.FeatureManagerTest" name="FeatureManager_GetFeatureParameterValueT_Int_Invalid_Value" />
    </UnitTest>
    <UnitTest name="PatchRecorderModel_ValidModel_Success" storage="d:\actions-runner\_work\xpco\xpco\corporate\shared\common.integration\tst\videoos.common.integration.unittests\bin\x64\debug\net472\videoos.common.integration.unittests.dll" id="3ce9b96f-8501-c34c-77db-b59cc03fb909">
      <Execution id="540b29de-f929-4611-a744-c81b3bb6bba4" />
      <TestMethod codeBase="D:\actions-runner\_work\XPCO\XPCO\Corporate\Shared\Common.Integration\tst\VideoOS.Common.Integration.UnitTests\bin\x64\Debug\net472\VideoOS.Common.Integration.UnitTests.dll" adapterTypeName="executor://mstestadapter/v2" className="VideoOS.Common.Integration.UnitTests.WebAPI.Model.Server.PatchRecorderModelTest" name="PatchRecorderModel_ValidModel_Success" />
    </UnitTest>
    <UnitTest name="GenericDewarpSettings_ToXml_FromXml_Success" storage="d:\actions-runner\_work\xpco\xpco\corporate\shared\common.integration\tst\videoos.common.integration.unittests\bin\x64\debug\net472\videoos.common.integration.unittests.dll" id="8ce521cd-586b-8d63-1cb6-9c67c61ba140">
      <Execution id="9b43317e-08bd-429c-8fc3-7176ca8b21f6" />
      <TestMethod codeBase="D:\actions-runner\_work\XPCO\XPCO\Corporate\Shared\Common.Integration\tst\VideoOS.Common.Integration.UnitTests\bin\x64\Debug\net472\VideoOS.Common.Integration.UnitTests.dll" adapterTypeName="executor://mstestadapter/v2" className="VideoOS.Common.Integration.UnitTests.GenericDewarpSettingsUnitTest" name="GenericDewarpSettings_ToXml_FromXml_Success" />
    </UnitTest>
    <UnitTest name="LicenseDocument_ThrowsUnsupportedLicensingModeError_OnLicenseWithoutWhitelist" storage="d:\actions-runner\_work\xpco\xpco\corporate\shared\common.integration\tst\videoos.common.integration.unittests\bin\x64\debug\net472\videoos.common.integration.unittests.dll" id="c5db308c-4f9f-380c-a164-38c86060a6bf">
      <TestCategory>
        <TestCategoryItem TestCategory="LicenseDocumentTest" />
      </TestCategory>
      <Execution id="aab78eb8-149c-40b5-82d7-967fc3ef7d65" />
      <TestMethod codeBase="D:\actions-runner\_work\XPCO\XPCO\Corporate\Shared\Common.Integration\tst\VideoOS.Common.Integration.UnitTests\bin\x64\Debug\net472\VideoOS.Common.Integration.UnitTests.dll" adapterTypeName="executor://mstestadapter/v2" className="VideoOS.Common.Integration.UnitTests.License.LicenseDocumentTests" name="LicenseDocument_ThrowsUnsupportedLicensingModeError_OnLicenseWithoutWhitelist" />
    </UnitTest>
    <UnitTest name="RecorderSpecificConfigurationModel_Validation_Success" storage="d:\actions-runner\_work\xpco\xpco\corporate\shared\common.integration\tst\videoos.common.integration.unittests\bin\x64\debug\net472\videoos.common.integration.unittests.dll" id="8ed8c2ac-8981-250a-50b6-66e3b3f4891d">
      <Execution id="96302bd4-6905-440a-a06f-53fd4152b672" />
      <TestMethod codeBase="D:\actions-runner\_work\XPCO\XPCO\Corporate\Shared\Common.Integration\tst\VideoOS.Common.Integration.UnitTests\bin\x64\Debug\net472\VideoOS.Common.Integration.UnitTests.dll" adapterTypeName="executor://mstestadapter/v2" className="VideoOS.Common.Integration.UnitTests.WebAPI.Model.RecorderSpecificConfigurationModelTest" name="RecorderSpecificConfigurationModel_Validation_Success" />
    </UnitTest>
    <UnitTest name="HardwareSetupInformationResponseModel_Validate_Success" storage="d:\actions-runner\_work\xpco\xpco\corporate\shared\common.integration\tst\videoos.common.integration.unittests\bin\x64\debug\net472\videoos.common.integration.unittests.dll" id="9f09049a-5f6e-9897-6da4-fadf1030de93">
      <Execution id="3c9ca752-0b77-4566-96bf-f552a1ec748e" />
      <TestMethod codeBase="D:\actions-runner\_work\XPCO\XPCO\Corporate\Shared\Common.Integration\tst\VideoOS.Common.Integration.UnitTests\bin\x64\Debug\net472\VideoOS.Common.Integration.UnitTests.dll" adapterTypeName="executor://mstestadapter/v2" className="VideoOS.Common.Integration.UnitTests.WebApi.Model.HardwareSetupInformationResponseModelTest" name="HardwareSetupInformationResponseModel_Validate_Success" />
    </UnitTest>
    <UnitTest name="BulkEventModel_Validate_Failed_Empty" storage="d:\actions-runner\_work\xpco\xpco\corporate\shared\common.integration\tst\videoos.common.integration.unittests\bin\x64\debug\net472\videoos.common.integration.unittests.dll" id="c04a2885-1a6b-f616-ed37-b797f5e7a2b5">
      <Execution id="205a79e7-8f74-4fba-b1ea-0f8f91adaa7e" />
      <TestMethod codeBase="D:\actions-runner\_work\XPCO\XPCO\Corporate\Shared\Common.Integration\tst\VideoOS.Common.Integration.UnitTests\bin\x64\Debug\net472\VideoOS.Common.Integration.UnitTests.dll" adapterTypeName="executor://mstestadapter/v2" className="VideoOS.Common.Integration.UnitTests.WebAPI.Model.BulkEventModelTest" name="BulkEventModel_Validate_Failed_Empty" />
    </UnitTest>
    <UnitTest name="FeatureManager_ProductSku_Success" storage="d:\actions-runner\_work\xpco\xpco\corporate\shared\common.integration\tst\videoos.common.integration.unittests\bin\x64\debug\net472\videoos.common.integration.unittests.dll" id="feca0954-bd14-72ed-e2f3-febd9ed9aa1d">
      <Execution id="5e4a68ac-d2bf-48db-8a0a-e0a06e330be8" />
      <TestMethod codeBase="D:\actions-runner\_work\XPCO\XPCO\Corporate\Shared\Common.Integration\tst\VideoOS.Common.Integration.UnitTests\bin\x64\Debug\net472\VideoOS.Common.Integration.UnitTests.dll" adapterTypeName="executor://mstestadapter/v2" className="VideoOS.Common.Integration.UnitTests.License.FeatureManagerTest" name="FeatureManager_ProductSku_Success" />
    </UnitTest>
    <UnitTest name="UpdateHardwareReadOnlySettingsModel_ValidModel_Success" storage="d:\actions-runner\_work\xpco\xpco\corporate\shared\common.integration\tst\videoos.common.integration.unittests\bin\x64\debug\net472\videoos.common.integration.unittests.dll" id="74235f5c-118a-7de4-9543-a82200fe6fb3">
      <Execution id="e0341622-e0bc-4f8e-8cb2-2093d79540be" />
      <TestMethod codeBase="D:\actions-runner\_work\XPCO\XPCO\Corporate\Shared\Common.Integration\tst\VideoOS.Common.Integration.UnitTests\bin\x64\Debug\net472\VideoOS.Common.Integration.UnitTests.dll" adapterTypeName="executor://mstestadapter/v2" className="VideoOS.Common.Integration.UnitTests.WebAPI.Model.UpdateHardwareReadOnlySettingsModelTests" name="UpdateHardwareReadOnlySettingsModel_ValidModel_Success" />
    </UnitTest>
    <UnitTest name="DecryptingNull" storage="d:\actions-runner\_work\xpco\xpco\corporate\shared\common.integration\tst\videoos.common.integration.unittests\bin\x64\debug\net472\videoos.common.integration.unittests.dll" id="c14b5c94-9ed8-41f1-f1a3-39cd875ade55">
      <Execution id="281b6bbb-2437-4b66-8d88-efd5d85665d0" />
      <TestMethod codeBase="D:\actions-runner\_work\XPCO\XPCO\Corporate\Shared\Common.Integration\tst\VideoOS.Common.Integration.UnitTests\bin\x64\Debug\net472\VideoOS.Common.Integration.UnitTests.dll" adapterTypeName="executor://mstestadapter/v2" className="VideoOS.Common.Integration.UnitTests.Configuration.XmlEncryptionHelperTests" name="DecryptingNull" />
    </UnitTest>
    <UnitTest name="HttpClientCommunicatorWrapper_SendAsyncTRet_Success" storage="d:\actions-runner\_work\xpco\xpco\corporate\shared\common.integration\tst\videoos.common.integration.unittests\bin\x64\debug\net472\videoos.common.integration.unittests.dll" id="e92b92df-4832-3c0f-49c5-acfbf0e5fdfe">
      <Execution id="39fc3309-376b-4be9-ba26-f2944a936b3f" />
      <TestMethod codeBase="D:\actions-runner\_work\XPCO\XPCO\Corporate\Shared\Common.Integration\tst\VideoOS.Common.Integration.UnitTests\bin\x64\Debug\net472\VideoOS.Common.Integration.UnitTests.dll" adapterTypeName="executor://mstestadapter/v2" className="VideoOS.Common.Integration.UnitTests.WebAPI.HttpClientCommunicatorWrapperTests" name="HttpClientCommunicatorWrapper_SendAsyncTRet_Success" />
    </UnitTest>
    <UnitTest name="FeatureManager_GetFeatureParameterValueT_Parameter_Not_Found" storage="d:\actions-runner\_work\xpco\xpco\corporate\shared\common.integration\tst\videoos.common.integration.unittests\bin\x64\debug\net472\videoos.common.integration.unittests.dll" id="494eaabe-4fb2-b802-16bf-4589390d21c1">
      <Execution id="a97056fb-7426-4e7a-9431-15363b393007" />
      <TestMethod codeBase="D:\actions-runner\_work\XPCO\XPCO\Corporate\Shared\Common.Integration\tst\VideoOS.Common.Integration.UnitTests\bin\x64\Debug\net472\VideoOS.Common.Integration.UnitTests.dll" adapterTypeName="executor://mstestadapter/v2" className="VideoOS.Common.Integration.UnitTests.License.FeatureManagerTest" name="FeatureManager_GetFeatureParameterValueT_Parameter_Not_Found" />
    </UnitTest>
    <UnitTest name="FeatureManager_TryGetFeatureParameterValueT_Enum_OutOfRange_Value" storage="d:\actions-runner\_work\xpco\xpco\corporate\shared\common.integration\tst\videoos.common.integration.unittests\bin\x64\debug\net472\videoos.common.integration.unittests.dll" id="45db66ab-a575-0293-4ffd-ec4abdb03548">
      <Execution id="75f1ca8d-abf1-42c9-8288-a94b5667a912" />
      <TestMethod codeBase="D:\actions-runner\_work\XPCO\XPCO\Corporate\Shared\Common.Integration\tst\VideoOS.Common.Integration.UnitTests\bin\x64\Debug\net472\VideoOS.Common.Integration.UnitTests.dll" adapterTypeName="executor://mstestadapter/v2" className="VideoOS.Common.Integration.UnitTests.License.FeatureManagerTest" name="FeatureManager_TryGetFeatureParameterValueT_Enum_OutOfRange_Value" />
    </UnitTest>
    <UnitTest name="BaseHtmlLicenseReport_CreateTableHeader_Success" storage="d:\actions-runner\_work\xpco\xpco\corporate\shared\common.integration\tst\videoos.common.integration.unittests\bin\x64\debug\net472\videoos.common.integration.unittests.dll" id="8f58f6be-93f6-8d20-1959-801832527bd4">
      <Execution id="aa22cd37-2561-4766-b0cd-ba01215ffa65" />
      <TestMethod codeBase="D:\actions-runner\_work\XPCO\XPCO\Corporate\Shared\Common.Integration\tst\VideoOS.Common.Integration.UnitTests\bin\x64\Debug\net472\VideoOS.Common.Integration.UnitTests.dll" adapterTypeName="executor://mstestadapter/v2" className="VideoOS.Common.Integration.UnitTests.License.BaseHtmlLicenseReportTests" name="BaseHtmlLicenseReport_CreateTableHeader_Success" />
    </UnitTest>
    <UnitTest name="ScanParameters_ToXmlRemovePasswords_XmlWithoutPasswords" storage="d:\actions-runner\_work\xpco\xpco\corporate\shared\common.integration\tst\videoos.common.integration.unittests\bin\x64\debug\net472\videoos.common.integration.unittests.dll" id="97959581-8ba4-69c8-edd6-1f5a9e44d9f3">
      <Execution id="fbf0e4b6-d8e8-4756-bb99-ad683328967e" />
      <TestMethod codeBase="D:\actions-runner\_work\XPCO\XPCO\Corporate\Shared\Common.Integration\tst\VideoOS.Common.Integration.UnitTests\bin\x64\Debug\net472\VideoOS.Common.Integration.UnitTests.dll" adapterTypeName="executor://mstestadapter/v2" className="VideoOS.Common.Integration.UnitTests.ScanParametersTest" name="ScanParameters_ToXmlRemovePasswords_XmlWithoutPasswords" />
    </UnitTest>
    <UnitTest name="Validate_PartialMatch_Found_EndOfWord_LowerCase_Success" storage="d:\actions-runner\_work\xpco\xpco\corporate\shared\common.integration\tst\videoos.common.integration.unittests\bin\x64\debug\net472\videoos.common.integration.unittests.dll" id="db259640-9517-9e3b-80ae-9c90890e1bcb">
      <Execution id="1e2153e2-d819-464c-aa12-499f1b9dd375" />
      <TestMethod codeBase="D:\actions-runner\_work\XPCO\XPCO\Corporate\Shared\Common.Integration\tst\VideoOS.Common.Integration.UnitTests\bin\x64\Debug\net472\VideoOS.Common.Integration.UnitTests.dll" adapterTypeName="executor://mstestadapter/v2" className="VideoOS.Common.Integration.UnitTests.License.WhitelistMatchHelperTests" name="Validate_PartialMatch_Found_EndOfWord_LowerCase_Success" />
    </UnitTest>
  </TestDefinitions>
  <TestEntries>
    <TestEntry testId="371b90b8-b56b-cd39-df1f-1e1867989cd4" executionId="121ccafc-c88c-408b-ad2b-098ed77a6d37" testListId="8c84fa94-04c1-424b-9868-57a2d4851a1d" />
    <TestEntry testId="288f6194-a584-f13f-2c69-3cf58f8bd336" executionId="9a0f80d0-a73c-4227-99d1-0aaa9c418524" testListId="8c84fa94-04c1-424b-9868-57a2d4851a1d" />
    <TestEntry testId="aad2a8a3-0e2b-7c11-cf00-d860c0fd450d" executionId="30ea56ae-cd01-4153-8a2c-3bf035a0add6" testListId="8c84fa94-04c1-424b-9868-57a2d4851a1d" />
    <TestEntry testId="2816ff7f-bed3-2003-5b61-0459ae5ac828" executionId="b3be4dfe-5943-411b-b6ba-db01d8ec7637" testListId="8c84fa94-04c1-424b-9868-57a2d4851a1d" />
    <TestEntry testId="b1046d72-e8e1-b870-4260-ab1f4426df84" executionId="a029b3a0-2c7e-48b8-9be2-2a921de4a426" testListId="8c84fa94-04c1-424b-9868-57a2d4851a1d" />
    <TestEntry testId="b8ba5f7f-17cc-c85b-dce2-63750138edfd" executionId="227859e3-e5fd-4804-9155-8726c98ce6d0" testListId="8c84fa94-04c1-424b-9868-57a2d4851a1d" />
    <TestEntry testId="ff479f6d-e0b7-8fd5-8eb8-d2152054fac2" executionId="8eed747f-5e36-4262-89f5-fdd92a25e6ca" testListId="8c84fa94-04c1-424b-9868-57a2d4851a1d" />
    <TestEntry testId="1c33d3a5-e9a8-3b96-fe67-16f2048d3442" executionId="87ca2721-f1fe-49f1-9d35-7b6eb50b62ee" testListId="8c84fa94-04c1-424b-9868-57a2d4851a1d" />
    <TestEntry testId="c9e2e526-bc03-9448-8f9d-d4ac422b7473" executionId="f7dbfb3f-7bd5-491c-8e36-3aa98c3e3417" testListId="8c84fa94-04c1-424b-9868-57a2d4851a1d" />
    <TestEntry testId="a64be6a6-447c-7be8-c1c8-eeee00ace3cf" executionId="039e1fd8-7d9f-46dc-99f1-74953867bbc7" testListId="8c84fa94-04c1-424b-9868-57a2d4851a1d" />
    <TestEntry testId="2a30ad3f-331e-98be-137e-2f154bc8be13" executionId="0b5ac587-71d1-4882-9871-a9c8b712ebc6" testListId="8c84fa94-04c1-424b-9868-57a2d4851a1d" />
    <TestEntry testId="8f948154-c742-afae-3b2c-dd6115614af9" executionId="a2de6907-a109-4bea-b6e8-fc38a8d82ce1" testListId="8c84fa94-04c1-424b-9868-57a2d4851a1d" />
    <TestEntry testId="ba52b13a-f54f-f86d-de71-5094aefa8f99" executionId="161f7e36-4134-4252-95ca-f10ab0b80d1f" testListId="8c84fa94-04c1-424b-9868-57a2d4851a1d" />
    <TestEntry testId="9521fdd5-f8b0-8814-1019-bcf36ca64483" executionId="e0ddc958-255f-4d1d-af70-b29beb3ef8a6" testListId="8c84fa94-04c1-424b-9868-57a2d4851a1d" />
    <TestEntry testId="d5954dbd-073f-77e4-c2f8-ae999d763dbc" executionId="49d832f1-8851-4ef4-9948-da44c081206d" testListId="8c84fa94-04c1-424b-9868-57a2d4851a1d" />
    <TestEntry testId="4515bcb1-d15c-08a9-02fe-c49f7716006e" executionId="29c1799d-3098-43e6-a16b-24fe464fd4e9" testListId="8c84fa94-04c1-424b-9868-57a2d4851a1d" />
    <TestEntry testId="2b4996cd-aa90-8fba-96b2-0aa6bafb2530" executionId="8d4f9bbb-84ec-499d-942e-40b01671616b" testListId="8c84fa94-04c1-424b-9868-57a2d4851a1d" />
    <TestEntry testId="4a516266-1feb-565c-4498-c6e58fb7b436" executionId="1f7aa9ee-6015-4f63-b0bc-5e39d8a70edf" testListId="8c84fa94-04c1-424b-9868-57a2d4851a1d" />
    <TestEntry testId="b3f25df2-bbf0-f1eb-b76b-e36e91215ec6" executionId="7d3d304a-2c7f-4ca2-bf0f-e0361b304d91" testListId="8c84fa94-04c1-424b-9868-57a2d4851a1d" />
    <TestEntry testId="c051c3d6-6fa6-30da-17a5-284e0224c441" executionId="23ee30c5-58b9-4811-a7fb-15e6eb49b9da" testListId="8c84fa94-04c1-424b-9868-57a2d4851a1d" />
    <TestEntry testId="6c6a47cf-a555-2dfc-3a1a-07e1dc47adf6" executionId="9f708d18-8850-4681-a00b-ded32381cf52" testListId="8c84fa94-04c1-424b-9868-57a2d4851a1d" />
    <TestEntry testId="093f7c02-46d7-a5f5-7758-9246e49e6a3f" executionId="3fd08487-dfce-4e3a-af89-38e142e58cd6" testListId="8c84fa94-04c1-424b-9868-57a2d4851a1d" />
    <TestEntry testId="875bcea1-de66-43dd-9be6-63694cc77b25" executionId="51f5b5b7-3d2f-42cf-bdad-68b8cdc480fc" testListId="8c84fa94-04c1-424b-9868-57a2d4851a1d" />
    <TestEntry testId="6c8785a7-7376-2b99-0097-2f6cf90fc665" executionId="5526d9e0-87ee-4425-8039-5dd1239887d8" testListId="8c84fa94-04c1-424b-9868-57a2d4851a1d" />
    <TestEntry testId="ccaec2f9-7676-0389-7bf6-792491867756" executionId="f9825c84-ce53-4e3b-8cfa-f6c1acbbfcd6" testListId="8c84fa94-04c1-424b-9868-57a2d4851a1d" />
    <TestEntry testId="b10fc2a9-1cc5-f00f-3149-ac6258cd1480" executionId="3e7f8739-c7f7-4bc2-881b-5e1f5c8c16da" testListId="8c84fa94-04c1-424b-9868-57a2d4851a1d" />
    <TestEntry testId="86a673a2-82fc-6064-d36e-b4b615855370" executionId="6d60c29a-3c84-4362-baea-b94a31008797" testListId="8c84fa94-04c1-424b-9868-57a2d4851a1d" />
    <TestEntry testId="46d6676a-bae2-9df9-dff7-f8c20a011418" executionId="9abca0a2-5919-45e3-bd78-e394a19010d0" testListId="8c84fa94-04c1-424b-9868-57a2d4851a1d" />
    <TestEntry testId="a34e2915-e790-75c7-635d-8d7d921927f2" executionId="644aeec4-536d-4c2c-98c8-144135e9dd96" testListId="8c84fa94-04c1-424b-9868-57a2d4851a1d" />
    <TestEntry testId="1860ec70-d6cd-e5e9-2e4e-9d6113556558" executionId="77ebd523-cff5-4798-b758-b5592ff2e189" testListId="8c84fa94-04c1-424b-9868-57a2d4851a1d" />
    <TestEntry testId="b40a2f62-cd09-ca7d-1397-74cf0ee9e432" executionId="e87594a8-ad3d-479d-bf7c-ed281cb46af5" testListId="8c84fa94-04c1-424b-9868-57a2d4851a1d" />
    <TestEntry testId="c04a2885-1a6b-f616-ed37-b797f5e7a2b5" executionId="205a79e7-8f74-4fba-b1ea-0f8f91adaa7e" testListId="8c84fa94-04c1-424b-9868-57a2d4851a1d" />
    <TestEntry testId="d6345a70-d736-2ba4-d438-a4a0b262266f" executionId="1f68398a-0cbb-48fd-9506-2e8199966c32" testListId="8c84fa94-04c1-424b-9868-57a2d4851a1d" />
    <TestEntry testId="aac0a9f7-1c73-9590-cded-21acfdc20fe7" executionId="f8934370-0c6e-482c-bc17-769d6d9846fc" testListId="8c84fa94-04c1-424b-9868-57a2d4851a1d" />
    <TestEntry testId="8091c5f3-25f9-3c88-8050-0b10ac36b516" executionId="31e0d3c6-add6-4d54-8284-0835336d9521" testListId="8c84fa94-04c1-424b-9868-57a2d4851a1d" />
    <TestEntry testId="7ddb4e1a-56f6-5d71-1cd6-2bd84651f132" executionId="664915a9-e90d-4143-a457-9f6b85be5c68" testListId="8c84fa94-04c1-424b-9868-57a2d4851a1d" />
    <TestEntry testId="ec9a5f4e-f23b-4520-d0ff-a5d0553c5c75" executionId="160be240-abae-4038-bfbe-43586c8af0ca" testListId="8c84fa94-04c1-424b-9868-57a2d4851a1d" />
    <TestEntry testId="83414ed0-ce26-c83b-537e-21aeed422c4e" executionId="7185f912-07ae-4d83-bcf4-f553e0a2eba1" testListId="8c84fa94-04c1-424b-9868-57a2d4851a1d" />
    <TestEntry testId="c324f2a7-fe13-0997-afb6-df983ed324c4" executionId="2dbf5970-59c7-4ea8-ae62-7878c1dc4f82" testListId="8c84fa94-04c1-424b-9868-57a2d4851a1d" />
    <TestEntry testId="223879b6-1bce-182a-ac69-2d7e1b786d11" executionId="4ddbd00f-7873-40db-92e2-7488f73935d9" testListId="8c84fa94-04c1-424b-9868-57a2d4851a1d" />
    <TestEntry testId="2401bf4d-7341-3a5d-a9d0-37bf32463911" executionId="b7b84f8a-2369-44bc-8562-1a435cb09af1" testListId="8c84fa94-04c1-424b-9868-57a2d4851a1d" />
    <TestEntry testId="27d5ab36-e134-151f-9531-716552d085c2" executionId="70fbd532-57cc-4bf7-83f4-3b114bea0197" testListId="8c84fa94-04c1-424b-9868-57a2d4851a1d" />
    <TestEntry testId="a65d9d49-2d35-c77e-fc7d-d95914c1d90b" executionId="444a1ba6-9093-4ba1-a757-848a2c271086" testListId="8c84fa94-04c1-424b-9868-57a2d4851a1d" />
    <TestEntry testId="872126b7-7065-f0ad-f014-e74b736f12f4" executionId="41d048c4-9ab8-431e-88f8-dcd8e6988d65" testListId="8c84fa94-04c1-424b-9868-57a2d4851a1d" />
    <TestEntry testId="feca0954-bd14-72ed-e2f3-febd9ed9aa1d" executionId="5e4a68ac-d2bf-48db-8a0a-e0a06e330be8" testListId="8c84fa94-04c1-424b-9868-57a2d4851a1d" />
    <TestEntry testId="2c89d3a7-ba0a-5b64-dd42-2fe97e3a5239" executionId="56014b4c-5e94-4a50-be71-700e331c7e3d" testListId="8c84fa94-04c1-424b-9868-57a2d4851a1d" />
    <TestEntry testId="346c1444-c166-cbc7-94c0-545645760c83" executionId="e493fb14-f78e-4f8a-b674-75088fb0cd8c" testListId="8c84fa94-04c1-424b-9868-57a2d4851a1d" />
    <TestEntry testId="216f6c1a-2538-c260-887d-c77c0606bca9" executionId="835b667b-95f3-454d-bd62-06d798ed2931" testListId="8c84fa94-04c1-424b-9868-57a2d4851a1d" />
    <TestEntry testId="624965f1-f73b-d58a-ebaa-ff6bad05c7c8" executionId="dd09dca4-e201-4c00-8b3b-b4560f7b13df" testListId="8c84fa94-04c1-424b-9868-57a2d4851a1d" />
    <TestEntry testId="78d4cbcb-d66c-a346-221f-283d82c4dad5" executionId="6d59b45b-6f50-4cf0-9a0f-1105a4610245" testListId="8c84fa94-04c1-424b-9868-57a2d4851a1d" />
    <TestEntry testId="840e3ed7-868c-2ede-a02c-7571f4acfb0b" executionId="07a8b99f-3e53-45ab-9ee8-fa8a73423834" testListId="8c84fa94-04c1-424b-9868-57a2d4851a1d" />
    <TestEntry testId="597c0929-a1e8-1644-f547-192d44b9f5a9" executionId="0c3ea653-7250-4da2-964b-952cb3e8ab6a" testListId="8c84fa94-04c1-424b-9868-57a2d4851a1d" />
    <TestEntry testId="0593edbd-1ea7-3669-bba1-b972f2ba9961" executionId="7a19372a-9879-4e59-9a14-eb1b78cb7b3b" testListId="8c84fa94-04c1-424b-9868-57a2d4851a1d" />
    <TestEntry testId="30c683e9-51dc-de30-6884-521787acbf6b" executionId="4c36bb33-a8ff-4618-b132-6edd493b776c" testListId="8c84fa94-04c1-424b-9868-57a2d4851a1d" />
    <TestEntry testId="e6829ed2-a680-7c6d-7c14-cf41bc741470" executionId="a42cbdb2-e64b-4031-96a1-52dcb8b9bb1c" testListId="8c84fa94-04c1-424b-9868-57a2d4851a1d" />
    <TestEntry testId="9cf49f98-abd8-729d-395b-0c76b12b085b" executionId="adec1136-6b20-4d61-b1df-4041dad23859" testListId="8c84fa94-04c1-424b-9868-57a2d4851a1d" />
    <TestEntry testId="f9473f6a-b18a-1ef9-210b-abfa7eaaf135" executionId="dc75319b-476b-4ef2-9783-219178bc49bd" testListId="8c84fa94-04c1-424b-9868-57a2d4851a1d" />
    <TestEntry testId="61499327-643a-5671-4eb8-b3beebbaec49" executionId="f6b78b96-3f85-40eb-8c95-7c6476d3878f" testListId="8c84fa94-04c1-424b-9868-57a2d4851a1d" />
    <TestEntry testId="af370423-aaa2-ce39-e12e-b8481c147bd5" executionId="e9871d7f-8926-46af-b1d0-e0a77f0ab22c" testListId="8c84fa94-04c1-424b-9868-57a2d4851a1d" />
    <TestEntry testId="86bf28b8-8ce1-1336-8ba5-dad3c8d27587" executionId="ceb23e3d-16fd-48f6-b59a-6553859a29fc" testListId="8c84fa94-04c1-424b-9868-57a2d4851a1d" />
    <TestEntry testId="c6f1ddfe-dc6c-90ef-5793-d6b03235aede" executionId="081abeaf-aac6-4825-a6fe-4bf92f02933f" testListId="8c84fa94-04c1-424b-9868-57a2d4851a1d" />
    <TestEntry testId="59e57848-7a94-91b5-32b4-173de77d9815" executionId="3026fef0-eb67-4dc0-b978-65687df08b83" testListId="8c84fa94-04c1-424b-9868-57a2d4851a1d" />
    <TestEntry testId="0afc5b19-2f9a-a4af-89db-f08c893b6820" executionId="40d8e943-1266-41a0-b1b0-4d9379d65fc5" testListId="8c84fa94-04c1-424b-9868-57a2d4851a1d" />
    <TestEntry testId="819c0979-239a-1bbe-8aec-82c5d15d99c9" executionId="1669c74f-ad9a-4b1c-9ac8-eb28aced706e" testListId="8c84fa94-04c1-424b-9868-57a2d4851a1d" />
    <TestEntry testId="c89ecc3c-6042-3bf1-ae11-61573d52106a" executionId="3d990758-f7b3-445d-b831-aea8b8b8e07d" testListId="8c84fa94-04c1-424b-9868-57a2d4851a1d" />
    <TestEntry testId="dfa4a51a-f529-aa33-50fa-2784e6e059d7" executionId="24f6d10a-1141-42cf-a3f7-d09ffaaf9694" testListId="8c84fa94-04c1-424b-9868-57a2d4851a1d" />
    <TestEntry testId="abf27167-38f9-fa2d-5f0d-d154f5c58e22" executionId="700e7106-b123-42e3-9a67-6823352a169e" testListId="8c84fa94-04c1-424b-9868-57a2d4851a1d" />
    <TestEntry testId="611e19c8-09f4-c458-64c7-cf7075110940" executionId="76537478-b7f5-4ca5-af0b-1f44220ff066" testListId="8c84fa94-04c1-424b-9868-57a2d4851a1d" />
    <TestEntry testId="24cbf3e1-4d91-3570-c7f6-21f982ff2130" executionId="d9b5e5ae-ffb5-485e-bf0c-390f675b54bb" testListId="8c84fa94-04c1-424b-9868-57a2d4851a1d" />
    <TestEntry testId="8320c3cf-e174-9e60-eebf-d75d6487530d" executionId="ca8f1200-93dc-468a-85e3-482ee050b17b" testListId="8c84fa94-04c1-424b-9868-57a2d4851a1d" />
    <TestEntry testId="612f9052-0fb6-a3bc-7e23-545028a67b48" executionId="93035fbf-6837-4dad-a9d4-9e110e797967" testListId="8c84fa94-04c1-424b-9868-57a2d4851a1d" />
    <TestEntry testId="0cf326ec-a942-7e6a-4f8e-59d880d75079" executionId="1a067685-2f1c-4a10-a8e0-69d58b628637" testListId="8c84fa94-04c1-424b-9868-57a2d4851a1d" />
    <TestEntry testId="e8a795c8-e6f3-a9e8-7363-231655bd14dc" executionId="7d541d1d-558b-4f76-9a89-f4e4c6f6d93c" testListId="8c84fa94-04c1-424b-9868-57a2d4851a1d" />
    <TestEntry testId="ccb26a83-aa1c-47e2-6b87-2e82ac67ca69" executionId="ae223cd4-55a6-4eec-9f10-d0b09aa99ef0" testListId="8c84fa94-04c1-424b-9868-57a2d4851a1d" />
    <TestEntry testId="0d438174-d8c1-38ec-e949-22ca42949896" executionId="0f65eafb-366d-4849-b3c7-d9143aac7eb7" testListId="8c84fa94-04c1-424b-9868-57a2d4851a1d" />
    <TestEntry testId="4c958b94-ea17-6bbf-3521-d59112a0937f" executionId="a68dab1c-c81b-44f5-9da0-5464c7ac590c" testListId="8c84fa94-04c1-424b-9868-57a2d4851a1d" />
    <TestEntry testId="a6f752b1-57d6-18ca-9942-a1422404b0ea" executionId="c75571c3-9042-44f8-aff2-ca483792ece2" testListId="8c84fa94-04c1-424b-9868-57a2d4851a1d" />
    <TestEntry testId="e9a5bcfa-96b9-2f86-1df1-8008cb97bd4b" executionId="3d1a89f0-02a0-468d-9690-ab9e49821476" testListId="8c84fa94-04c1-424b-9868-57a2d4851a1d" />
    <TestEntry testId="9a37961d-285f-d717-1fca-052a6bf88ce6" executionId="49aea5ed-3c3d-4947-a1aa-4acc886215ca" testListId="8c84fa94-04c1-424b-9868-57a2d4851a1d" />
    <TestEntry testId="d41a20ca-3a88-ad11-857b-ea12754fccb3" executionId="9a851327-0ffa-450d-bc17-5b2bd3a7d105" testListId="8c84fa94-04c1-424b-9868-57a2d4851a1d" />
    <TestEntry testId="e62fee80-9dfe-a687-8358-e8b2265e2f86" executionId="2c416c6e-6820-41dc-b71d-387d21c225ff" testListId="8c84fa94-04c1-424b-9868-57a2d4851a1d" />
    <TestEntry testId="529ab322-0d52-af5d-bafc-7e74ba8c39bd" executionId="527ed26d-65e6-4eb3-a51d-1ac153e15049" testListId="8c84fa94-04c1-424b-9868-57a2d4851a1d" />
    <TestEntry testId="0c10a380-a25b-0db6-28d6-c785dac662f9" executionId="7ec9b1b6-28f1-4299-8434-7f1a08ac1285" testListId="8c84fa94-04c1-424b-9868-57a2d4851a1d" />
    <TestEntry testId="f68843e7-158e-831f-4c10-632acd4e930e" executionId="c157d484-9eef-4f3b-bee4-0696e727f6e0" testListId="8c84fa94-04c1-424b-9868-57a2d4851a1d" />
    <TestEntry testId="495036c3-cfd8-5fa6-0414-8ddfdb6b52f2" executionId="3728bd89-7420-44cd-a6f5-fcfe6df4c90f" testListId="8c84fa94-04c1-424b-9868-57a2d4851a1d" />
    <TestEntry testId="92164469-7e24-648d-869e-3cfcc71a208f" executionId="2cc66e5b-dec2-4548-9348-270f2e154590" testListId="8c84fa94-04c1-424b-9868-57a2d4851a1d" />
    <TestEntry testId="1d0eb2d7-e1ad-2995-ad2b-c85a311e7a96" executionId="5553601c-89e1-4e8e-acc4-cb6a38788b75" testListId="8c84fa94-04c1-424b-9868-57a2d4851a1d" />
    <TestEntry testId="489d5e8d-5982-d194-60e7-73cf7a62a831" executionId="90deebd7-1381-474e-813d-a4d784186772" testListId="8c84fa94-04c1-424b-9868-57a2d4851a1d" />
    <TestEntry testId="37c76a2d-da00-b26e-5d0f-cdec68812b5d" executionId="ff7ca6a0-0ecb-45ad-a1cc-e015c6fd13e0" testListId="8c84fa94-04c1-424b-9868-57a2d4851a1d" />
    <TestEntry testId="eb56fa7e-ad9f-5573-6c6c-1c73aa622acd" executionId="fccc3f05-2deb-4b12-ae26-33f1de9d8408" testListId="8c84fa94-04c1-424b-9868-57a2d4851a1d" />
    <TestEntry testId="00254559-e169-8ef2-c047-eead4df50c27" executionId="8e26de3e-ab8f-442a-a8d5-6f703bac3f56" testListId="8c84fa94-04c1-424b-9868-57a2d4851a1d" />
    <TestEntry testId="19d0bcdc-5dab-a23a-f989-5306773408ba" executionId="daaf1024-8d62-4311-a86b-56add1000241" testListId="8c84fa94-04c1-424b-9868-57a2d4851a1d" />
    <TestEntry testId="3df4bdd4-e0fd-1680-8425-586d8edf641e" executionId="6e9db086-bf86-4181-b2ae-6af9713870d6" testListId="8c84fa94-04c1-424b-9868-57a2d4851a1d" />
    <TestEntry testId="ca35c9c3-001f-638b-cf1a-12403b970196" executionId="73a19313-2eec-4dcb-9b83-45f589967e09" testListId="8c84fa94-04c1-424b-9868-57a2d4851a1d" />
    <TestEntry testId="b4effb3d-cc26-3654-999a-ddddff047e3e" executionId="13188334-5512-48bc-b8d2-723d8282633d" testListId="8c84fa94-04c1-424b-9868-57a2d4851a1d" />
    <TestEntry testId="cc4d39a4-535b-e6c0-60e2-26d98716b63d" executionId="0888269c-5e2f-4bd9-a9ee-c7fb4fd84127" testListId="8c84fa94-04c1-424b-9868-57a2d4851a1d" />
    <TestEntry testId="618706d2-7899-9b7b-ba2a-094e454958cf" executionId="66b5240f-f29f-41ce-9903-6465c82aa0aa" testListId="8c84fa94-04c1-424b-9868-57a2d4851a1d" />
    <TestEntry testId="69f33621-cf63-0045-c6b8-318fe0216f67" executionId="be35d54b-d7a1-41a1-b17c-e52b69dc8d53" testListId="8c84fa94-04c1-424b-9868-57a2d4851a1d" />
    <TestEntry testId="cc1496ac-98ef-5f01-e5e9-07c7ee6aa21b" executionId="7edc383d-3f58-40cd-8114-eed35f4f8285" testListId="8c84fa94-04c1-424b-9868-57a2d4851a1d" />
    <TestEntry testId="0762ed34-4c9f-3d65-f424-2bc4f40fe600" executionId="aa96b4c9-df7b-4a5b-8c03-13cd2c18bc01" testListId="8c84fa94-04c1-424b-9868-57a2d4851a1d" />
    <TestEntry testId="c0ed7c55-f872-0c35-b261-4eb353a0c177" executionId="c518332b-b15c-4d66-abe8-48ca42f3a0d7" testListId="8c84fa94-04c1-424b-9868-57a2d4851a1d" />
    <TestEntry testId="7b7920ef-bfb2-6f69-e68b-5476eb9595cf" executionId="bd5c2881-c2eb-404e-b3a7-fc50c2dda15f" testListId="8c84fa94-04c1-424b-9868-57a2d4851a1d" />
    <TestEntry testId="596a5c3c-35ff-af51-fc81-aafd59c18aba" executionId="63e72421-7d9a-4f57-9198-5e8698940bc1" testListId="8c84fa94-04c1-424b-9868-57a2d4851a1d" />
    <TestEntry testId="c5e813fd-3aed-02c3-2a3b-79c4d524cf83" executionId="b69731c4-4539-4ac3-a20f-99fe0b9688ef" testListId="8c84fa94-04c1-424b-9868-57a2d4851a1d" />
    <TestEntry testId="c8ff60b9-9989-9412-d124-69367b7f7153" executionId="c9be17a6-ea89-47db-a910-ddecc379bd70" testListId="8c84fa94-04c1-424b-9868-57a2d4851a1d" />
    <TestEntry testId="04a33173-dd27-f87b-e142-49d4c8f0a54d" executionId="92bd9fc5-9342-43e6-b8a2-58056eb33d32" testListId="8c84fa94-04c1-424b-9868-57a2d4851a1d" />
    <TestEntry testId="7dc6969e-8bf0-b82c-f625-3bdb02560a04" executionId="fcc5c52d-16b0-4f4d-886f-fe733c27c710" testListId="8c84fa94-04c1-424b-9868-57a2d4851a1d" />
    <TestEntry testId="5f0f39e0-02c6-e3b5-e154-38435b45d473" executionId="341f24d0-bf92-4425-a8fe-3113ea13ade6" testListId="8c84fa94-04c1-424b-9868-57a2d4851a1d" />
    <TestEntry testId="c02ab29f-3331-6766-53a1-8a60ae70c4ae" executionId="8877e5a7-45d0-4a12-97b5-3a7316de3375" testListId="8c84fa94-04c1-424b-9868-57a2d4851a1d" />
    <TestEntry testId="04e643a7-89d4-d018-807c-d021b86f66a0" executionId="beea2d33-14a0-4fe9-8a40-ef228b88c4d9" testListId="8c84fa94-04c1-424b-9868-57a2d4851a1d" />
    <TestEntry testId="39a4f34f-7990-b8b1-f796-816144ab7f6f" executionId="26a879a0-20bc-47b0-af04-ea4befb68e0c" testListId="8c84fa94-04c1-424b-9868-57a2d4851a1d" />
    <TestEntry testId="35417e9f-65af-e858-a191-68ecabdeb63c" executionId="3e746caf-4ca0-4a9c-8472-d5ddf44637d3" testListId="8c84fa94-04c1-424b-9868-57a2d4851a1d" />
    <TestEntry testId="7a29bd7f-28eb-ba66-f939-4e9595bb111b" executionId="97cb2e98-4c99-42c3-9642-7b4b18609556" testListId="8c84fa94-04c1-424b-9868-57a2d4851a1d" />
    <TestEntry testId="dc3f1dae-0567-b3ac-cdd2-b945456beda9" executionId="3cf52ed0-aac7-4b72-af96-f2a9569c5ff6" testListId="8c84fa94-04c1-424b-9868-57a2d4851a1d" />
    <TestEntry testId="86b90298-7079-4f14-fd5e-ec1d4595e4d7" executionId="9cfc4b3c-8b69-4a8e-87b9-e61ea10af23a" testListId="8c84fa94-04c1-424b-9868-57a2d4851a1d" />
    <TestEntry testId="9ab4e107-35c8-ac95-d475-7402195487f1" executionId="7872a35f-a01d-43e0-ad10-3c776e97eb72" testListId="8c84fa94-04c1-424b-9868-57a2d4851a1d" />
    <TestEntry testId="8f0453c7-4de9-9feb-8603-63a89ec9dc75" executionId="9aec0a80-ffb6-4b69-96d3-79f451c23d03" testListId="8c84fa94-04c1-424b-9868-57a2d4851a1d" />
    <TestEntry testId="440577fe-bdae-f364-680c-6fdc0c90ddc7" executionId="394efa66-519e-4ae1-9fad-ad9c6b2a0098" testListId="8c84fa94-04c1-424b-9868-57a2d4851a1d" />
    <TestEntry testId="9dfaa4dc-9a29-76d9-a18b-04fc15ca41a5" executionId="017b3404-f755-4f80-a679-d389155b50b9" testListId="8c84fa94-04c1-424b-9868-57a2d4851a1d" />
    <TestEntry testId="9a3d7926-aee9-936e-569a-d006e336bfcb" executionId="adacb540-2eff-4bf4-a284-b9e01b9e27ad" testListId="8c84fa94-04c1-424b-9868-57a2d4851a1d" />
    <TestEntry testId="6620f562-0c1b-bb02-0533-faa244f69160" executionId="2820f068-9a43-4ad0-86e6-19faba5ab318" testListId="8c84fa94-04c1-424b-9868-57a2d4851a1d" />
    <TestEntry testId="a860f282-2bfd-515f-3a93-910c002485cc" executionId="b5d468bd-4ebb-480f-b998-74c5dfd0f17c" testListId="8c84fa94-04c1-424b-9868-57a2d4851a1d" />
    <TestEntry testId="fd4da348-d422-1e3d-8bd6-b982672088ec" executionId="e783ca1a-443b-47b2-a6c9-62bbc1feafdc" testListId="8c84fa94-04c1-424b-9868-57a2d4851a1d" />
    <TestEntry testId="8121adea-c5aa-39d9-99b0-86f22eb76157" executionId="3dedfbf9-5315-49d6-84d1-ba7172d41f3e" testListId="8c84fa94-04c1-424b-9868-57a2d4851a1d" />
    <TestEntry testId="243a38ed-c867-ace0-0aff-40d6ccb324c5" executionId="dc8405f9-5ff4-46a3-8000-5a600a696cbd" testListId="8c84fa94-04c1-424b-9868-57a2d4851a1d" />
    <TestEntry testId="ce806774-630c-b7f4-5672-ba10a6b0a724" executionId="f31bf27c-dff5-469d-b200-0f1f8b4a554b" testListId="8c84fa94-04c1-424b-9868-57a2d4851a1d" />
    <TestEntry testId="bff57e0d-62f6-47dd-10e1-7985b12138a8" executionId="e23d1d41-7b5d-432e-bfff-11ef0ac08ba4" testListId="8c84fa94-04c1-424b-9868-57a2d4851a1d" />
    <TestEntry testId="7f8fcc03-50e8-ab9b-8c2b-bf9763ab633b" executionId="a1537d24-b641-4c08-a582-007ae0eb5cd1" testListId="8c84fa94-04c1-424b-9868-57a2d4851a1d" />
    <TestEntry testId="8d948bad-7aae-8437-b7cf-1d0664eecab1" executionId="5fdae666-50b5-4cda-9730-c0160064350b" testListId="8c84fa94-04c1-424b-9868-57a2d4851a1d" />
    <TestEntry testId="3d79641c-fc7b-517f-c041-301f5aa214bc" executionId="c9365ff4-a1e6-4a35-a056-af13900fc140" testListId="8c84fa94-04c1-424b-9868-57a2d4851a1d" />
    <TestEntry testId="01c58622-6efa-aa23-6527-eb8713168390" executionId="cc88ea56-5894-4f3e-b624-0421aadf854a" testListId="8c84fa94-04c1-424b-9868-57a2d4851a1d" />
    <TestEntry testId="b68ad0b5-7976-f8aa-6677-e303aa93b712" executionId="687af379-131b-4b15-b669-4831314717aa" testListId="8c84fa94-04c1-424b-9868-57a2d4851a1d" />
    <TestEntry testId="4111eddc-fb22-df8c-e639-2bb95b1b0b8d" executionId="599b2cd2-40c4-457f-86e3-3b64a93be116" testListId="8c84fa94-04c1-424b-9868-57a2d4851a1d" />
    <TestEntry testId="b5eece68-50d9-334f-55f7-c7e363a299dc" executionId="bfbedda8-cc43-4d41-9cca-43b76fff1fba" testListId="8c84fa94-04c1-424b-9868-57a2d4851a1d" />
    <TestEntry testId="f51863d4-4c6c-be5d-7493-51a81dd479eb" executionId="35a138ef-6960-4b21-ae11-6257cb22331d" testListId="8c84fa94-04c1-424b-9868-57a2d4851a1d" />
    <TestEntry testId="67de77d8-d5ab-68c8-76d7-1e7dd64ca815" executionId="423eb243-ed6d-4c2c-a727-a973104f63b6" testListId="8c84fa94-04c1-424b-9868-57a2d4851a1d" />
    <TestEntry testId="f5b2e4ab-f507-135f-4a7c-4bcd2be8b6b1" executionId="8ad35487-42be-4051-88c7-829d08ed6782" testListId="8c84fa94-04c1-424b-9868-57a2d4851a1d" />
    <TestEntry testId="7ed74da4-b7a3-198f-a739-6119e11ecb94" executionId="bc8aff55-3010-448c-b651-8067acbb66e5" testListId="8c84fa94-04c1-424b-9868-57a2d4851a1d" />
    <TestEntry testId="0f34ea82-4b34-df21-1445-44172f8db22c" executionId="4f30bcef-e0b1-48da-b81f-43bfdcac2896" testListId="8c84fa94-04c1-424b-9868-57a2d4851a1d" />
    <TestEntry testId="1d054e10-b9f0-cd43-abb1-c8e31c326452" executionId="b19c18e3-6ac6-4a60-92bf-f430acde8040" testListId="8c84fa94-04c1-424b-9868-57a2d4851a1d" />
    <TestEntry testId="bb031d1f-faa6-a46c-4f43-97f06aeca0f3" executionId="4dd7a5f8-cf01-45fd-add0-ae3c899f7dac" testListId="8c84fa94-04c1-424b-9868-57a2d4851a1d" />
    <TestEntry testId="decd45ba-b31d-048b-2c1d-b62c345e6092" executionId="2f850683-440d-4d6b-b7d9-8803cd7fed39" testListId="8c84fa94-04c1-424b-9868-57a2d4851a1d" />
    <TestEntry testId="523e5d43-c062-2e7b-0404-39bb33ad5c7f" executionId="8204b11e-b38e-4a1c-8b73-5fef3d04d9c9" testListId="8c84fa94-04c1-424b-9868-57a2d4851a1d" />
    <TestEntry testId="015dd19c-21b5-8eca-7e11-71cb1016796e" executionId="68616945-e9fc-4087-bdcc-68254b138400" testListId="8c84fa94-04c1-424b-9868-57a2d4851a1d" />
    <TestEntry testId="18232368-fc48-4742-f757-931ec3668d3b" executionId="54ee8610-d70a-49e5-b9de-e34917953a48" testListId="8c84fa94-04c1-424b-9868-57a2d4851a1d" />
    <TestEntry testId="f6f481c8-5657-b895-2c35-7ef81b526c07" executionId="c9ed5b52-eec6-44cf-b1bf-56ba11bd7b91" testListId="8c84fa94-04c1-424b-9868-57a2d4851a1d" />
    <TestEntry testId="94e8e813-abcf-ce79-d603-8f14a86e9183" executionId="b8597cbb-0ea3-4e2c-9bde-51e6bc9f5db9" testListId="8c84fa94-04c1-424b-9868-57a2d4851a1d" />
    <TestEntry testId="d252adb4-e090-bd7b-ab92-ac3b1cb1a962" executionId="8f80d415-6a30-4010-bdb9-20409734f4ea" testListId="8c84fa94-04c1-424b-9868-57a2d4851a1d" />
    <TestEntry testId="16023dce-6bbf-b91f-4c41-62bf6f7e7493" executionId="d1fa30ef-915e-40de-a7b8-821926d91efb" testListId="8c84fa94-04c1-424b-9868-57a2d4851a1d" />
    <TestEntry testId="35101b4b-44db-d00f-1bc5-748dd77e1603" executionId="b2667ced-cdf5-4a55-a756-0bfc05e66cc7" testListId="8c84fa94-04c1-424b-9868-57a2d4851a1d" />
    <TestEntry testId="c0a9727d-0bf7-48e8-362a-ed8d26af8f19" executionId="6f5a678e-7464-4427-a8f3-f27ce1776b05" testListId="8c84fa94-04c1-424b-9868-57a2d4851a1d" />
    <TestEntry testId="3c2e5656-c20d-cd81-0dc8-a2c82efba4a6" executionId="9186e95a-f528-4584-b15f-dd0244a90212" testListId="8c84fa94-04c1-424b-9868-57a2d4851a1d" />
    <TestEntry testId="bc9ba54a-2fb5-e003-6574-9e7614ab5c41" executionId="d5defa62-4837-4199-b104-fa08e3d2de6f" testListId="8c84fa94-04c1-424b-9868-57a2d4851a1d" />
    <TestEntry testId="4c510a6e-e7c1-d666-698f-9d3f71c9b262" executionId="a435a624-d2f6-4dc5-8d53-e9f4e58d9319" testListId="8c84fa94-04c1-424b-9868-57a2d4851a1d" />
    <TestEntry testId="74c662a2-9433-6990-26ff-4f0fdeee76b7" executionId="6845ec44-baed-4419-847f-0d7bc697e84a" testListId="8c84fa94-04c1-424b-9868-57a2d4851a1d" />
    <TestEntry testId="af89382e-366f-4f51-6a96-ee5e8aed55df" executionId="591b0861-b3f5-4f2c-824a-c7a9149576a4" testListId="8c84fa94-04c1-424b-9868-57a2d4851a1d" />
    <TestEntry testId="4d252ac9-04ed-3b5d-a52f-389829aff074" executionId="ac43ca84-99c3-442d-a7e0-113b9381f12c" testListId="8c84fa94-04c1-424b-9868-57a2d4851a1d" />
    <TestEntry testId="0bfcb691-8cb2-7cf6-89b7-031596f613b8" executionId="2a68dd29-e4a8-4a39-9c5b-db00d5449458" testListId="8c84fa94-04c1-424b-9868-57a2d4851a1d" />
    <TestEntry testId="06ffcdb4-434f-f606-043a-dbf605c915be" executionId="45a6ee79-ddca-440e-91ee-45b5a51908bd" testListId="8c84fa94-04c1-424b-9868-57a2d4851a1d" />
    <TestEntry testId="18dd14df-198b-49a2-f78f-464042c6d6d3" executionId="30ca010b-04d0-40a7-b798-9ebe7a81b6b5" testListId="8c84fa94-04c1-424b-9868-57a2d4851a1d" />
    <TestEntry testId="9830fed0-f3b1-1013-83a1-2f51def4ecef" executionId="a663e7d8-989d-496f-8ae6-e2f609b8e41c" testListId="8c84fa94-04c1-424b-9868-57a2d4851a1d" />
    <TestEntry testId="3d8963fa-aca3-0469-1259-08f2b2242a49" executionId="99022af5-13c5-42a7-9b71-8f4df32a0c17" testListId="8c84fa94-04c1-424b-9868-57a2d4851a1d" />
    <TestEntry testId="80319ecc-fd7d-1ddc-9587-c87744ed0a84" executionId="307c8cb1-1e11-476b-8531-982787887a0c" testListId="8c84fa94-04c1-424b-9868-57a2d4851a1d" />
    <TestEntry testId="170cfc08-636a-63ed-5221-e2262930e959" executionId="b5284fa5-831d-40a5-8232-6bde05b8c462" testListId="8c84fa94-04c1-424b-9868-57a2d4851a1d" />
    <TestEntry testId="1816d6f6-bdf0-538b-a698-6f9d2d266160" executionId="64439e39-3985-4ce1-a790-c35361a9c7d0" testListId="8c84fa94-04c1-424b-9868-57a2d4851a1d" />
    <TestEntry testId="c3025f79-154d-b3d8-2628-747ede223d4f" executionId="c4702610-5504-49c4-bf43-482a499e64f9" testListId="8c84fa94-04c1-424b-9868-57a2d4851a1d" />
    <TestEntry testId="2bc58ed3-5da8-07de-99f6-7c9466054838" executionId="22018518-605d-4a19-9f78-be9343193535" testListId="8c84fa94-04c1-424b-9868-57a2d4851a1d" />
    <TestEntry testId="ec1fcb34-7058-034a-3b55-989749ad663a" executionId="cef62642-0aa1-431d-bbea-d41308563a28" testListId="8c84fa94-04c1-424b-9868-57a2d4851a1d" />
    <TestEntry testId="4b8c376f-75d7-d7cb-b623-866d3b076ca2" executionId="5f08d323-e1bc-433f-9bba-5dc39d94bc94" testListId="8c84fa94-04c1-424b-9868-57a2d4851a1d" />
    <TestEntry testId="6e87259d-09b3-67d2-6e70-1aa4e1eba859" executionId="33909d0e-dede-457c-9341-e3ebe78a01bb" testListId="8c84fa94-04c1-424b-9868-57a2d4851a1d" />
    <TestEntry testId="b51d282a-fa74-3472-3807-95d6f3d23f2f" executionId="ef534e59-5950-4671-b460-4c12d2ed35de" testListId="8c84fa94-04c1-424b-9868-57a2d4851a1d" />
    <TestEntry testId="050a8e30-3f33-ef3c-5afa-4dff3a785880" executionId="c289e534-75bf-441b-8594-4933e0981bda" testListId="8c84fa94-04c1-424b-9868-57a2d4851a1d" />
    <TestEntry testId="804169fe-a6e7-52e2-fbc4-9832811886a8" executionId="96eb2e55-11cf-43ea-8956-1b64cb2c0f7b" testListId="8c84fa94-04c1-424b-9868-57a2d4851a1d" />
    <TestEntry testId="450be9ae-e2a0-4402-a8f4-7566ef213097" executionId="0c9bd62a-0462-40dd-a3a7-f42df964f116" testListId="8c84fa94-04c1-424b-9868-57a2d4851a1d" />
    <TestEntry testId="21c221f2-16e4-27ff-9a59-45142306ec18" executionId="87b6a319-3ee1-4e43-ae47-18ade3855cbd" testListId="8c84fa94-04c1-424b-9868-57a2d4851a1d" />
    <TestEntry testId="a777bdbc-ba48-36a4-6d58-09596560b308" executionId="45ec69c8-00eb-4c1f-88d6-8ded722b1745" testListId="8c84fa94-04c1-424b-9868-57a2d4851a1d" />
    <TestEntry testId="fb8d5c79-58b6-80d1-2a52-920824d60629" executionId="2a1f9559-ab7a-47d0-af3c-553989f67169" testListId="8c84fa94-04c1-424b-9868-57a2d4851a1d" />
    <TestEntry testId="31e792dd-c6fc-b93a-5ca8-a735cea9d4ad" executionId="cf377c65-d449-4fbf-8585-8cfdfdce105e" testListId="8c84fa94-04c1-424b-9868-57a2d4851a1d" />
    <TestEntry testId="fd3e5ee2-25c5-97ab-467c-294e55f0e400" executionId="d5531462-0fd5-4ceb-b37b-3855561561f4" testListId="8c84fa94-04c1-424b-9868-57a2d4851a1d" />
    <TestEntry testId="d09163c9-530f-decc-628c-167965354a98" executionId="1d9d8265-4496-49ad-8103-306fe264e8d5" testListId="8c84fa94-04c1-424b-9868-57a2d4851a1d" />
    <TestEntry testId="85d070a8-e801-beef-49d4-bf90eff55dd0" executionId="ed71a679-408e-425d-bae4-3090071bed6a" testListId="8c84fa94-04c1-424b-9868-57a2d4851a1d" />
    <TestEntry testId="90c889fd-1955-6064-1f54-14f8cf703b7f" executionId="23238ada-a3ed-40e1-90b8-e8339dd6aa24" testListId="8c84fa94-04c1-424b-9868-57a2d4851a1d" />
    <TestEntry testId="37bbb804-337f-bc94-e96d-0128fc365308" executionId="ce241981-ac34-4c77-9b81-2c3e5c1a5ae1" testListId="8c84fa94-04c1-424b-9868-57a2d4851a1d" />
    <TestEntry testId="8f58f6be-93f6-8d20-1959-801832527bd4" executionId="aa22cd37-2561-4766-b0cd-ba01215ffa65" testListId="8c84fa94-04c1-424b-9868-57a2d4851a1d" />
    <TestEntry testId="e792bf44-9d89-9fbe-3551-beb82e507424" executionId="f398df87-f97b-419e-80ff-338e02f66e8e" testListId="8c84fa94-04c1-424b-9868-57a2d4851a1d" />
    <TestEntry testId="f56edd7c-0908-1112-b2f1-a3b7e2877ef7" executionId="683c1d8b-7b68-4713-bf89-428794b21b20" testListId="8c84fa94-04c1-424b-9868-57a2d4851a1d" />
    <TestEntry testId="f474bff3-50ef-be8a-c258-692d366a8a47" executionId="9dde2201-a9fb-4253-a73b-e12d084c2372" testListId="8c84fa94-04c1-424b-9868-57a2d4851a1d" />
    <TestEntry testId="1b5ceecc-cb3c-5305-cdbb-87bbe5e0770a" executionId="6821f7d9-a490-416b-bd45-15851d28a9d7" testListId="8c84fa94-04c1-424b-9868-57a2d4851a1d" />
    <TestEntry testId="1577e01b-61ec-7648-0156-43516217bda3" executionId="d3e384a1-5f79-42d2-965b-a2efc96e665c" testListId="8c84fa94-04c1-424b-9868-57a2d4851a1d" />
    <TestEntry testId="2064700c-6f91-e3dc-35f9-2c8f881cad5d" executionId="612938c9-9de5-4bb4-ad06-a40142c25fc6" testListId="8c84fa94-04c1-424b-9868-57a2d4851a1d" />
    <TestEntry testId="21cb4457-3df9-6638-6de2-c89ff2fbb31c" executionId="9126ab63-5c9a-4355-b293-6ea19532f150" testListId="8c84fa94-04c1-424b-9868-57a2d4851a1d" />
    <TestEntry testId="972a74a6-da00-3d42-6671-102dcbc602e4" executionId="49fdcefe-ef37-4ea3-9bad-e2703cbe26bc" testListId="8c84fa94-04c1-424b-9868-57a2d4851a1d" />
    <TestEntry testId="5afcb5e0-af35-e05d-b145-6362d94ffff9" executionId="c7d54e90-4838-48e5-9220-404e9a71c91c" testListId="8c84fa94-04c1-424b-9868-57a2d4851a1d" />
    <TestEntry testId="29e6a9e7-3e4a-82f8-8feb-f8a3ab99e351" executionId="b05328ba-423e-42e9-95a7-bd01724a7103" testListId="8c84fa94-04c1-424b-9868-57a2d4851a1d" />
    <TestEntry testId="7f454cf7-0d9f-83ad-864f-5a9e4b26106c" executionId="80b943e1-136c-4b06-ad28-69bac7f2d8d5" testListId="8c84fa94-04c1-424b-9868-57a2d4851a1d" />
    <TestEntry testId="3803bcca-09d6-ef11-5123-a94a9f43f1eb" executionId="9fde68fd-60df-4aaf-bfd8-d8ab4d4589c3" testListId="8c84fa94-04c1-424b-9868-57a2d4851a1d" />
    <TestEntry testId="7e345f07-c556-d967-79a6-d801b42f883c" executionId="d7304050-02d8-4004-a73a-558d745009fd" testListId="8c84fa94-04c1-424b-9868-57a2d4851a1d" />
    <TestEntry testId="241c892b-a0fb-8e5c-8a30-537a8129ceb1" executionId="21e38d75-3abb-424d-9661-9ed5fb7d9c11" testListId="8c84fa94-04c1-424b-9868-57a2d4851a1d" />
    <TestEntry testId="7bd6a6c4-4b71-1a23-13be-6b3d564ea47f" executionId="2577abb1-8073-4db7-bac3-52be006bbb3a" testListId="8c84fa94-04c1-424b-9868-57a2d4851a1d" />
    <TestEntry testId="940a37fa-9b31-b992-8258-56bfe4d287c2" executionId="a6dcf95f-2aaf-4766-8626-8eb696754675" testListId="8c84fa94-04c1-424b-9868-57a2d4851a1d" />
    <TestEntry testId="a4867ffd-85f1-d5b9-5db4-7d4c34759561" executionId="460cbee7-9126-4e25-b6fe-8391baa4cf80" testListId="8c84fa94-04c1-424b-9868-57a2d4851a1d" />
    <TestEntry testId="3cd3b1b2-53a2-99e7-f269-5b4aa159b5e4" executionId="de37cdc8-b896-4a74-ad04-74b406aac9ec" testListId="8c84fa94-04c1-424b-9868-57a2d4851a1d" />
    <TestEntry testId="477789a1-1313-bef9-6fb6-2994cb6ca40c" executionId="d84b34f4-f3a0-435f-ad34-f35a9add9238" testListId="8c84fa94-04c1-424b-9868-57a2d4851a1d" />
    <TestEntry testId="4fc5b303-bc77-1c0a-0834-58d34630be49" executionId="d86f4e08-55f3-472d-9b2b-0d103f8f059a" testListId="8c84fa94-04c1-424b-9868-57a2d4851a1d" />
    <TestEntry testId="ee7c26d9-1661-cc07-771d-cd8bc4d30bae" executionId="604d2fc8-8f16-4c6e-b5d5-043d87971148" testListId="8c84fa94-04c1-424b-9868-57a2d4851a1d" />
    <TestEntry testId="f30d8614-f626-043b-8455-905f5ace7fbe" executionId="085c8808-11e8-4eef-9a8c-af0f3c13ed7b" testListId="8c84fa94-04c1-424b-9868-57a2d4851a1d" />
    <TestEntry testId="c65384a1-c9f3-2d21-353b-a4c45057cae7" executionId="955ecf8b-7873-45fe-a5fb-60e306b3cd20" testListId="8c84fa94-04c1-424b-9868-57a2d4851a1d" />
    <TestEntry testId="ff6c75a8-130a-8924-3015-b235afcf0212" executionId="c42b87d7-03cc-4760-a888-439752e26194" testListId="8c84fa94-04c1-424b-9868-57a2d4851a1d" />
    <TestEntry testId="f679d789-790d-8c95-7867-cc39f97820ab" executionId="39c26797-39c1-41de-a686-b440e6a80b27" testListId="8c84fa94-04c1-424b-9868-57a2d4851a1d" />
    <TestEntry testId="0d6e2af5-6eb0-8801-3d1a-a1a6adc43bf5" executionId="16cc5b6b-8620-42e4-8e60-c59d67ab854a" testListId="8c84fa94-04c1-424b-9868-57a2d4851a1d" />
    <TestEntry testId="a62cf2d3-360c-f1c5-f4cc-28ea45002ca5" executionId="b17f8e0a-e5f8-4159-8ed6-b5be13791bd0" testListId="8c84fa94-04c1-424b-9868-57a2d4851a1d" />
    <TestEntry testId="5b0b6c0e-fe77-f328-38b6-99d7d47feac9" executionId="8a18a3d7-c457-4757-b3f9-5ca3aedd8166" testListId="8c84fa94-04c1-424b-9868-57a2d4851a1d" />
    <TestEntry testId="e69f464d-0771-8709-59a3-16ed804ee258" executionId="086a7f1b-ad27-4971-b14d-1326e5b52507" testListId="8c84fa94-04c1-424b-9868-57a2d4851a1d" />
    <TestEntry testId="d51ef439-c9da-9eb7-9c47-8a2b811546f8" executionId="e308f120-5f27-4d25-a6d4-b4dea79e7b11" testListId="8c84fa94-04c1-424b-9868-57a2d4851a1d" />
    <TestEntry testId="6cf36fc4-07c4-7b32-5293-af5d68c60034" executionId="00446edd-46ba-488e-b6ff-d60bdc79b98f" testListId="8c84fa94-04c1-424b-9868-57a2d4851a1d" />
    <TestEntry testId="8a842246-04e9-9315-dc32-79d34f6a6c13" executionId="4fddf432-f6f2-4f8f-8e7f-6456117cee66" testListId="8c84fa94-04c1-424b-9868-57a2d4851a1d" />
    <TestEntry testId="d756f289-d859-d136-2e42-7100f9b20dcb" executionId="4aa6ed82-5a25-4cf0-8574-27c85aa09532" testListId="8c84fa94-04c1-424b-9868-57a2d4851a1d" />
    <TestEntry testId="1b1b7bdc-7bdd-260b-d0c7-d371eb7e546d" executionId="0d77d18f-0271-4d8c-9920-6b92228e6185" testListId="8c84fa94-04c1-424b-9868-57a2d4851a1d" />
    <TestEntry testId="024e84b1-e2c2-8e50-918a-9af9433a5ada" executionId="bdcc9c1f-acdf-4ed3-8475-91235bcd0789" testListId="8c84fa94-04c1-424b-9868-57a2d4851a1d" />
    <TestEntry testId="e29e3422-c5e6-c0ab-1e89-78d29e50ef02" executionId="3fe28b9d-fb76-4a94-afa1-563830a2cb3c" testListId="8c84fa94-04c1-424b-9868-57a2d4851a1d" />
    <TestEntry testId="350f83a6-60d3-6508-2061-bae98524f397" executionId="a373ca44-e818-4653-9f9c-c2a9a849e39d" testListId="8c84fa94-04c1-424b-9868-57a2d4851a1d" />
    <TestEntry testId="910f3d4d-507b-a513-9417-29fe87e1a242" executionId="e172152d-cb9a-458a-ab0d-5d3f09be745b" testListId="8c84fa94-04c1-424b-9868-57a2d4851a1d" />
    <TestEntry testId="14983635-813a-a1e2-d7f3-99a0e0a5521d" executionId="985faaf6-7a38-4b66-b005-0074071975ae" testListId="8c84fa94-04c1-424b-9868-57a2d4851a1d" />
    <TestEntry testId="3067b64d-f72d-4368-4e23-dce52d27333a" executionId="96f9389d-5641-47f2-a07d-9df08fbf7912" testListId="8c84fa94-04c1-424b-9868-57a2d4851a1d" />
    <TestEntry testId="c7d15519-12aa-af74-36da-f8f49a9c6779" executionId="207b60e1-5a9d-4d27-ab34-a86f5475a7f9" testListId="8c84fa94-04c1-424b-9868-57a2d4851a1d" />
    <TestEntry testId="1af8c970-9b54-959f-3ed6-d23b016e9ec7" executionId="6df2d1ad-fe55-4640-9e43-867e10347bba" testListId="8c84fa94-04c1-424b-9868-57a2d4851a1d" />
    <TestEntry testId="f1e09b94-758b-c004-83a2-50ae5b0aaf24" executionId="5cddf761-452f-4dc0-b778-a2ddf74bf00e" testListId="8c84fa94-04c1-424b-9868-57a2d4851a1d" />
    <TestEntry testId="68c9122e-98a7-d348-35ad-7468269319ee" executionId="4df9f8ac-8cad-4463-97b1-d65aee54410c" testListId="8c84fa94-04c1-424b-9868-57a2d4851a1d" />
    <TestEntry testId="da174cf5-0de6-fc1e-df85-47f6a5d4408e" executionId="c1d69501-506c-4a9e-a9de-573e3e4afda3" testListId="8c84fa94-04c1-424b-9868-57a2d4851a1d" />
    <TestEntry testId="85f8db25-08e3-c5ff-673d-ddf0ea1cff69" executionId="d37f1656-85d8-41e9-a648-b467319dc645" testListId="8c84fa94-04c1-424b-9868-57a2d4851a1d" />
    <TestEntry testId="1115d730-5f04-a13a-0ac8-51185c798157" executionId="65c63294-b403-45c6-a57d-48b7d2224270" testListId="8c84fa94-04c1-424b-9868-57a2d4851a1d" />
    <TestEntry testId="ec554268-9c1f-9658-273b-53b03f43f4fb" executionId="ebd45820-1577-41dc-8a36-ec89fc19290c" testListId="8c84fa94-04c1-424b-9868-57a2d4851a1d" />
    <TestEntry testId="a92a1664-5348-c36d-d881-f355c36e3a61" executionId="006d8ea7-0713-4986-9631-6c35f3a4461b" testListId="8c84fa94-04c1-424b-9868-57a2d4851a1d" />
    <TestEntry testId="59310481-64b7-242c-7522-61f64873c88b" executionId="2bac8811-f287-4cd2-8a41-b06af3bb6a90" testListId="8c84fa94-04c1-424b-9868-57a2d4851a1d" />
    <TestEntry testId="8022e0d5-7466-cb18-799a-eb9c4d10cf6e" executionId="090813c1-42d0-4f30-b734-d160cd526ff2" testListId="8c84fa94-04c1-424b-9868-57a2d4851a1d" />
    <TestEntry testId="c9306fc5-6ee1-8d5c-db7b-80875c550ab5" executionId="3ac8507a-a980-4756-82ad-ebe70152c993" testListId="8c84fa94-04c1-424b-9868-57a2d4851a1d" />
    <TestEntry testId="1940be6f-406b-ef77-8b0e-113e4ddcb48a" executionId="1a01c09f-be47-4b5b-a1f0-a93516be4bab" testListId="8c84fa94-04c1-424b-9868-57a2d4851a1d" />
    <TestEntry testId="3f31dbe9-06e2-6a2a-13b1-958cc5320b2c" executionId="e45cd54c-eed1-4be9-9ebe-71da9950f8b2" testListId="8c84fa94-04c1-424b-9868-57a2d4851a1d" />
    <TestEntry testId="201f8ac5-c7a1-9e49-1a3f-d3d7771740aa" executionId="0b0d23af-9bb1-4cfe-bc51-baf72dcc5b65" testListId="8c84fa94-04c1-424b-9868-57a2d4851a1d" />
    <TestEntry testId="dc1eee07-1844-2450-60be-2970ae788a8f" executionId="2e745216-b61b-4b3c-99a7-84d48a62c361" testListId="8c84fa94-04c1-424b-9868-57a2d4851a1d" />
    <TestEntry testId="3b5a6096-322c-8c4c-79b8-931a963fdac0" executionId="83b19dea-00a3-4d4a-9a8c-6ffe907e38d2" testListId="8c84fa94-04c1-424b-9868-57a2d4851a1d" />
    <TestEntry testId="0dbaefc6-5343-3f91-f9cd-c7fbbb2f2275" executionId="c6ef6375-f78d-4de7-98b4-bf7068f8bb72" testListId="8c84fa94-04c1-424b-9868-57a2d4851a1d" />
    <TestEntry testId="1c970708-7220-1d19-b08c-918ece35ceca" executionId="3a2de526-6b40-4bdf-a578-9c4d5a26a9bc" testListId="8c84fa94-04c1-424b-9868-57a2d4851a1d" />
    <TestEntry testId="00a49783-5d77-72b8-6909-2cb68bb962c9" executionId="92aa4317-b70d-4850-909e-54e28b19a4bb" testListId="8c84fa94-04c1-424b-9868-57a2d4851a1d" />
    <TestEntry testId="812f6ac1-20d4-f321-8177-1ceb709dfc3e" executionId="7fe49a07-84f1-4da6-ba4d-8cafae20dd49" testListId="8c84fa94-04c1-424b-9868-57a2d4851a1d" />
    <TestEntry testId="8f57d5c6-48cd-6a45-2524-8718ae9d15b0" executionId="c5523f80-41f5-440e-8f29-a36aa6af6aad" testListId="8c84fa94-04c1-424b-9868-57a2d4851a1d" />
    <TestEntry testId="e3af9ef2-b4d7-82f6-2b39-9e49c5aac5c0" executionId="a865e5cb-05e3-4cee-86f1-820644b820d1" testListId="8c84fa94-04c1-424b-9868-57a2d4851a1d" />
    <TestEntry testId="f3174896-e5c0-e367-e050-43f58b5eee43" executionId="83d3eb9f-3707-44fe-941c-70e8ae61623a" testListId="8c84fa94-04c1-424b-9868-57a2d4851a1d" />
    <TestEntry testId="151e40a6-82e2-257b-646b-68f23335d235" executionId="9fb0b8d9-5340-4792-8a62-a724daa0fc9a" testListId="8c84fa94-04c1-424b-9868-57a2d4851a1d" />
    <TestEntry testId="52965488-cd13-96ff-31e1-362756910ed0" executionId="bbcaf9d1-cd3f-490c-9a84-72de919d739b" testListId="8c84fa94-04c1-424b-9868-57a2d4851a1d" />
    <TestEntry testId="7518b4ee-6d5b-6aaa-1fb8-e8caca1e0c08" executionId="2d9271d4-4f38-454c-9b1d-afc48cd56c73" testListId="8c84fa94-04c1-424b-9868-57a2d4851a1d" />
    <TestEntry testId="24bc4452-6389-5ad3-fcf2-eb33569b557f" executionId="db51cd76-8727-42e8-aa9a-70e7f587b3e5" testListId="8c84fa94-04c1-424b-9868-57a2d4851a1d" />
    <TestEntry testId="22e9e8a7-9c26-53cd-90da-5874db0659cd" executionId="4cd8b092-bc6e-4ef1-84d3-87664b78fcaf" testListId="8c84fa94-04c1-424b-9868-57a2d4851a1d" />
    <TestEntry testId="cca527fc-7355-66ce-e26b-646f92cb6240" executionId="e2cba74e-f9a5-4c99-a7b4-d4de31beb513" testListId="8c84fa94-04c1-424b-9868-57a2d4851a1d" />
    <TestEntry testId="2cba5c34-805b-0de4-d983-04f83032a032" executionId="a0f10414-999f-4ac8-9eb2-76dcb144abb8" testListId="8c84fa94-04c1-424b-9868-57a2d4851a1d" />
    <TestEntry testId="8f3728f0-c662-f506-e532-cb2952d56045" executionId="c3f1ad6c-1ce0-41fd-ac44-3aba8761e033" testListId="8c84fa94-04c1-424b-9868-57a2d4851a1d" />
    <TestEntry testId="3204935e-0c0a-e9ae-1afb-92f72fc02706" executionId="66bb1224-4754-407c-b379-cba81b56d14e" testListId="8c84fa94-04c1-424b-9868-57a2d4851a1d" />
    <TestEntry testId="7b1ed61a-0f13-29da-b9e9-f2db7fca317a" executionId="cf0e482c-0855-49be-841b-476b582f6419" testListId="8c84fa94-04c1-424b-9868-57a2d4851a1d" />
    <TestEntry testId="14ac6c18-7464-667d-e927-e446b8071737" executionId="7faf3e5f-f9cd-4a6d-8468-811cb72a8651" testListId="8c84fa94-04c1-424b-9868-57a2d4851a1d" />
    <TestEntry testId="f005a168-1d6f-2ad6-8153-dde60fa10192" executionId="6f046b59-80c6-41d2-bb07-a6a0f85c509e" testListId="8c84fa94-04c1-424b-9868-57a2d4851a1d" />
    <TestEntry testId="0e9626a5-9809-f247-3da5-380f0b656e38" executionId="add82a5b-ef2c-4721-bd43-18c85ea76092" testListId="8c84fa94-04c1-424b-9868-57a2d4851a1d" />
    <TestEntry testId="06f8d942-a1f3-7e45-bd97-4700a2629094" executionId="5d1c028c-95b4-4034-b073-0817b0d86e7e" testListId="8c84fa94-04c1-424b-9868-57a2d4851a1d" />
    <TestEntry testId="59c85643-a1db-5dc5-5ae6-672ed03a0518" executionId="f9d3b1c7-ce7a-4155-9984-c2af35641f9c" testListId="8c84fa94-04c1-424b-9868-57a2d4851a1d" />
    <TestEntry testId="8fcca9cc-7d19-5615-8f57-00f8781b2e9a" executionId="1c8e3a5e-a09d-42b0-a424-0e3ab10fe7c0" testListId="8c84fa94-04c1-424b-9868-57a2d4851a1d" />
    <TestEntry testId="a211bf2f-4846-ffae-0c47-9ba55079af98" executionId="1b446882-da60-499d-9b3a-f62e7fc9d95c" testListId="8c84fa94-04c1-424b-9868-57a2d4851a1d" />
    <TestEntry testId="5635639e-91f7-ec82-01ad-d1e70d287b6d" executionId="b0179648-3e6f-4b2d-b4ef-2152f35a68e8" testListId="8c84fa94-04c1-424b-9868-57a2d4851a1d" />
    <TestEntry testId="e3b38617-9ca5-483d-be55-dd3b75fa7e0f" executionId="7d358462-ad0d-4cdf-ab78-0ca85bbc63d5" testListId="8c84fa94-04c1-424b-9868-57a2d4851a1d" />
    <TestEntry testId="6dba7c0b-047f-50dc-25ca-dca8e07fa880" executionId="df4e34e9-a12b-4768-9eb0-1f7d65a6f02c" testListId="8c84fa94-04c1-424b-9868-57a2d4851a1d" />
    <TestEntry testId="0668341c-d025-fc1a-f584-aa8451e47691" executionId="bc74fd47-ac9d-4741-8ce8-db618b5296a6" testListId="8c84fa94-04c1-424b-9868-57a2d4851a1d" />
    <TestEntry testId="72dbc3fe-7f24-6355-2ef9-0a9ce9cb2256" executionId="e305fc25-a9b5-4193-946a-716d2e47083b" testListId="8c84fa94-04c1-424b-9868-57a2d4851a1d" />
    <TestEntry testId="a13b6bf9-d8b8-63c1-1b19-02003097a01e" executionId="8f92dffc-12f9-4496-82de-41dfb81e3bd0" testListId="8c84fa94-04c1-424b-9868-57a2d4851a1d" />
    <TestEntry testId="c8a84429-c2e8-13fb-6013-9dc2128f754d" executionId="29f455f4-fe29-4190-ac4d-7f8cc6441e3d" testListId="8c84fa94-04c1-424b-9868-57a2d4851a1d" />
    <TestEntry testId="b5a8e6fe-503d-d02a-58b3-d380e0109a2c" executionId="d9173f1e-e952-4539-8c25-63b5e2b1ba25" testListId="8c84fa94-04c1-424b-9868-57a2d4851a1d" />
    <TestEntry testId="31956e43-3bda-de42-ef9d-627e0d46cdb6" executionId="7f1bb004-ab21-4cbe-aa61-06bcd7681786" testListId="8c84fa94-04c1-424b-9868-57a2d4851a1d" />
    <TestEntry testId="9875e3cb-a52c-72da-f7a8-cd1958e9e05d" executionId="730f5d69-e750-4e16-a628-e41241376064" testListId="8c84fa94-04c1-424b-9868-57a2d4851a1d" />
    <TestEntry testId="bbc953c5-d914-f6c7-2363-bf06389c6847" executionId="0e72c993-b184-4825-a455-4c358e41ce53" testListId="8c84fa94-04c1-424b-9868-57a2d4851a1d" />
    <TestEntry testId="893bfa2a-e628-42ae-9303-9a66c7e9adb7" executionId="e57bcb4b-4b57-4732-8a70-c636a9163fe4" testListId="8c84fa94-04c1-424b-9868-57a2d4851a1d" />
    <TestEntry testId="286a4502-ed93-b14f-8f8b-09e9b94bb48b" executionId="2d1f0ac0-b1ff-403e-ad63-76e92253680b" testListId="8c84fa94-04c1-424b-9868-57a2d4851a1d" />
    <TestEntry testId="4cbff1e7-792c-03a2-2ac7-e1c18ad2e327" executionId="20622196-d68a-4258-9932-fe33f250470f" testListId="8c84fa94-04c1-424b-9868-57a2d4851a1d" />
    <TestEntry testId="0e8e8f51-e792-357b-775e-46170c5c6d6b" executionId="8f8109a0-9521-4edf-a788-9d2dd286edf4" testListId="8c84fa94-04c1-424b-9868-57a2d4851a1d" />
    <TestEntry testId="0ba4b513-76a8-253a-52cc-0f1c069b1568" executionId="39410526-e277-4ae3-9494-17e5147deed0" testListId="8c84fa94-04c1-424b-9868-57a2d4851a1d" />
    <TestEntry testId="1bb45ffc-5beb-e45c-2015-6b9c78d2c2d4" executionId="492e8459-3913-4c69-9130-955a56f25a40" testListId="8c84fa94-04c1-424b-9868-57a2d4851a1d" />
    <TestEntry testId="c5db308c-4f9f-380c-a164-38c86060a6bf" executionId="aab78eb8-149c-40b5-82d7-967fc3ef7d65" testListId="8c84fa94-04c1-424b-9868-57a2d4851a1d" />
    <TestEntry testId="c79e30b7-bdee-4086-a276-f11ba4888a53" executionId="cff1cb69-bf3c-429c-83b0-0082a97c1333" testListId="8c84fa94-04c1-424b-9868-57a2d4851a1d" />
    <TestEntry testId="5190f507-2af6-6fa6-ccdb-708f60c064f9" executionId="db91b446-dfa7-4ce3-9f12-e689c3e6cbcb" testListId="8c84fa94-04c1-424b-9868-57a2d4851a1d" />
    <TestEntry testId="1788b1c8-8550-8ec7-916f-51b6ac1b19d1" executionId="7d02d06e-6e07-4d03-b136-cf1e16a8b088" testListId="8c84fa94-04c1-424b-9868-57a2d4851a1d" />
    <TestEntry testId="4b411e7b-0fb6-c0ce-a957-e5eb823bd622" executionId="0c057159-8513-469a-922f-329546d0c480" testListId="8c84fa94-04c1-424b-9868-57a2d4851a1d" />
    <TestEntry testId="28021bac-065f-20d5-f3da-4ca0066054f4" executionId="e62338c4-2bc3-4981-ac4f-49eaa4907dad" testListId="8c84fa94-04c1-424b-9868-57a2d4851a1d" />
    <TestEntry testId="b4fd159a-ccfe-eae2-8457-eea5e622067d" executionId="aa746768-bdf3-49c3-b9fb-18e7a467cb1e" testListId="8c84fa94-04c1-424b-9868-57a2d4851a1d" />
    <TestEntry testId="b3dd11fa-1c21-034f-f3e3-0c71df15bc38" executionId="4b211a02-b6ea-430d-8bc7-e9836f76d8f4" testListId="8c84fa94-04c1-424b-9868-57a2d4851a1d" />
    <TestEntry testId="56a065fc-61ac-8dcf-0f48-81d25ba788ec" executionId="4b469767-92bf-4ae3-a38e-63d04458c63f" testListId="8c84fa94-04c1-424b-9868-57a2d4851a1d" />
    <TestEntry testId="158e73b6-09d2-3c34-669e-54356602b7ec" executionId="720bef50-78f6-4a9c-a4b2-009bcfe30d4f" testListId="8c84fa94-04c1-424b-9868-57a2d4851a1d" />
    <TestEntry testId="f09cfc71-d460-2af4-70fc-ccb7ff1f2664" executionId="22f8e077-24c3-4b19-8bf7-d4bbe0316e03" testListId="8c84fa94-04c1-424b-9868-57a2d4851a1d" />
    <TestEntry testId="342b8f7f-2a82-20b5-b26c-f5fe4c49f791" executionId="336ba8d7-33fa-4b34-ad80-923259466057" testListId="8c84fa94-04c1-424b-9868-57a2d4851a1d" />
    <TestEntry testId="a647f8bf-d41a-f3dd-efa0-b9a69b0bb3ad" executionId="17cfb09c-c51d-46c1-9a91-7fe763152e04" testListId="8c84fa94-04c1-424b-9868-57a2d4851a1d" />
    <TestEntry testId="19c37f8a-03dc-e367-00f5-82f23a5f20a5" executionId="d2baa7a2-8c1d-4c1b-9dce-aaf4154db1fa" testListId="8c84fa94-04c1-424b-9868-57a2d4851a1d" />
    <TestEntry testId="4aa0aa31-2dbc-1921-326d-c42cc6acfe2d" executionId="90ee48c2-3e7a-4c1b-b148-c7bc1d08ce99" testListId="8c84fa94-04c1-424b-9868-57a2d4851a1d" />
    <TestEntry testId="c957edcd-b4ea-11a0-574c-b491655dded4" executionId="b243f39f-54e6-4941-a7e2-2a7e3be3521f" testListId="8c84fa94-04c1-424b-9868-57a2d4851a1d" />
    <TestEntry testId="6ee2a6b6-87cf-4f98-5142-b8f7a01ffdac" executionId="8faecea1-6065-4edc-82b8-d15aaa4349e4" testListId="8c84fa94-04c1-424b-9868-57a2d4851a1d" />
    <TestEntry testId="7902852e-7786-5519-d653-f451c8845231" executionId="61909405-4c71-4ad5-8df2-103305315660" testListId="8c84fa94-04c1-424b-9868-57a2d4851a1d" />
    <TestEntry testId="2c5af7c3-c486-9f5c-c05d-ad45a428b434" executionId="15b3afa9-7b5b-4ca7-801a-c82abd243185" testListId="8c84fa94-04c1-424b-9868-57a2d4851a1d" />
    <TestEntry testId="8a6d9749-f73c-4b81-c257-2d5475ff5df3" executionId="ef96e5f4-bbcb-42ce-b5f7-8cd097da7117" testListId="8c84fa94-04c1-424b-9868-57a2d4851a1d" />
    <TestEntry testId="eba99153-bd66-8f09-238c-5d71eec60aa7" executionId="afeeca27-540e-4808-9e4c-17b70acfd242" testListId="8c84fa94-04c1-424b-9868-57a2d4851a1d" />
    <TestEntry testId="0d1d9412-0cdd-2f20-6c17-ba9f8ebbc553" executionId="6807cc15-f707-49a8-9441-06dd914ad9e9" testListId="8c84fa94-04c1-424b-9868-57a2d4851a1d" />
    <TestEntry testId="559e5181-3408-767b-882d-6ab6a14c72ff" executionId="107321cf-411a-4ded-8539-1312920c89f3" testListId="8c84fa94-04c1-424b-9868-57a2d4851a1d" />
    <TestEntry testId="45db66ab-a575-0293-4ffd-ec4abdb03548" executionId="75f1ca8d-abf1-42c9-8288-a94b5667a912" testListId="8c84fa94-04c1-424b-9868-57a2d4851a1d" />
    <TestEntry testId="8137583d-b5a2-8cc4-15ed-97b48f8e86ed" executionId="340690da-2cf7-4a2b-8ce6-c8963588d9d7" testListId="8c84fa94-04c1-424b-9868-57a2d4851a1d" />
    <TestEntry testId="a34f5e56-3a10-d59a-ae32-fe0e930ffbeb" executionId="ce3a255b-cc43-46e7-ba22-8103402ce774" testListId="8c84fa94-04c1-424b-9868-57a2d4851a1d" />
    <TestEntry testId="a63deb4a-f738-6f93-7e6a-2f1713f5f8cf" executionId="867e5718-afc9-449b-858b-db507824f7a5" testListId="8c84fa94-04c1-424b-9868-57a2d4851a1d" />
    <TestEntry testId="a8adb570-3c77-fd92-2880-fcff3132e10b" executionId="848f8457-498a-41b5-ab5e-a1732aef1cf0" testListId="8c84fa94-04c1-424b-9868-57a2d4851a1d" />
    <TestEntry testId="2ac88b5e-e21a-d704-0b31-d00edcc113ea" executionId="c8a4344c-7a0b-433b-89e3-174b382b6701" testListId="8c84fa94-04c1-424b-9868-57a2d4851a1d" />
    <TestEntry testId="9bdf6be6-679b-a437-2d7b-01ddb8e09c21" executionId="45f52bb4-96f4-46f8-987b-a18b05d6eb97" testListId="8c84fa94-04c1-424b-9868-57a2d4851a1d" />
    <TestEntry testId="5379854c-5a53-d1d1-17a2-fdf8ef07efce" executionId="c8a648e3-d706-419a-8a73-3fab5874ab4f" testListId="8c84fa94-04c1-424b-9868-57a2d4851a1d" />
    <TestEntry testId="6ff91918-d14f-f10f-01ae-0b6a8d141ff7" executionId="81c852ca-c223-4f40-a696-c5200d3611af" testListId="8c84fa94-04c1-424b-9868-57a2d4851a1d" />
    <TestEntry testId="45eec0fb-e186-bb42-a930-4d27173912d7" executionId="d736d26a-a854-4640-a2b5-674523b8dab0" testListId="8c84fa94-04c1-424b-9868-57a2d4851a1d" />
    <TestEntry testId="d4b7efc7-4d79-a4b9-746e-2119343bfa87" executionId="aa8309a8-2249-4199-bbf5-313f4460612c" testListId="8c84fa94-04c1-424b-9868-57a2d4851a1d" />
    <TestEntry testId="ee9b5af4-e9c6-d9cb-cf7b-5e10ca626f46" executionId="9e07fdfb-3244-4558-9b60-1af5f06a5b51" testListId="8c84fa94-04c1-424b-9868-57a2d4851a1d" />
    <TestEntry testId="3142246b-96d4-ddfb-c96a-6e28de4cacd9" executionId="58c5f7dc-e7d6-4795-87b6-c9c1c41794d7" testListId="8c84fa94-04c1-424b-9868-57a2d4851a1d" />
    <TestEntry testId="5eef3834-53ae-6cc0-49e9-188891944c67" executionId="076ad677-2469-474b-ab47-76ffbeb96e2b" testListId="8c84fa94-04c1-424b-9868-57a2d4851a1d" />
    <TestEntry testId="05479a6d-5801-5d36-e2ac-fd31e4ca3e09" executionId="716c49b1-407d-4844-9c03-8fcff70a8f22" testListId="8c84fa94-04c1-424b-9868-57a2d4851a1d" />
    <TestEntry testId="1a1d36c1-a3f1-9ffa-6dda-f0438eb6a766" executionId="b7cee273-73fa-4543-bbbf-343d277c7849" testListId="8c84fa94-04c1-424b-9868-57a2d4851a1d" />
    <TestEntry testId="a509dfdd-8764-27a2-6db8-49cb72fabfb2" executionId="69bc1229-0454-45c8-9d4f-375f542b41ab" testListId="8c84fa94-04c1-424b-9868-57a2d4851a1d" />
    <TestEntry testId="ab7ac89c-c820-fe44-1dff-643f4399c969" executionId="13b624c3-96ee-46c4-b98b-2748868ad9ba" testListId="8c84fa94-04c1-424b-9868-57a2d4851a1d" />
    <TestEntry testId="f603fb9b-64f5-fdfc-2e4b-31d9c0131a57" executionId="8d7b6a4e-a21b-4bcc-b4d2-1be6fbaa83f0" testListId="8c84fa94-04c1-424b-9868-57a2d4851a1d" />
    <TestEntry testId="c9dd264e-5a88-8d6b-118f-2e40aaa81fbc" executionId="609762cb-c7b2-4804-ab1c-3698653634d8" testListId="8c84fa94-04c1-424b-9868-57a2d4851a1d" />
    <TestEntry testId="ff51d95b-5e9a-bdf7-c6c0-7a6c26e960bc" executionId="bef03410-c819-4c36-8cfc-efe11bb6e2bb" testListId="8c84fa94-04c1-424b-9868-57a2d4851a1d" />
    <TestEntry testId="b34ca1d3-d3a1-91f6-b153-ff10cd29e527" executionId="3916c16a-22e7-42d4-adbd-26aa2fa99475" testListId="8c84fa94-04c1-424b-9868-57a2d4851a1d" />
    <TestEntry testId="da9394cb-7286-3d66-4b0f-0a5b2d3d9841" executionId="6d620861-ffc1-4833-9a84-5a63391e447a" testListId="8c84fa94-04c1-424b-9868-57a2d4851a1d" />
    <TestEntry testId="08cf66a7-a320-c431-7d8b-29a67d292ddf" executionId="bf0b0652-73fb-4508-b0a1-1f1815a8ee3b" testListId="8c84fa94-04c1-424b-9868-57a2d4851a1d" />
    <TestEntry testId="1b6c8480-1617-f9a0-a9d9-17f047f7cb0e" executionId="1545b0d3-1b5d-4d2a-a0af-533f88792f51" testListId="8c84fa94-04c1-424b-9868-57a2d4851a1d" />
    <TestEntry testId="7b9c8f8f-5028-5630-dd51-5dcea7a4641b" executionId="11c3db63-2995-4936-b387-191a55273a51" testListId="8c84fa94-04c1-424b-9868-57a2d4851a1d" />
    <TestEntry testId="4289ec90-7f3b-b6e9-b992-b3870017d468" executionId="f16e74e2-e2ea-406f-b9f3-6eb75ba8e808" testListId="8c84fa94-04c1-424b-9868-57a2d4851a1d" />
    <TestEntry testId="f6716c04-2f0b-c495-1ad6-1fd1bedb71cd" executionId="08357562-891d-47b8-b458-88c568aa03a0" testListId="8c84fa94-04c1-424b-9868-57a2d4851a1d" />
    <TestEntry testId="41984f69-e66c-4343-2e79-9cf2ba4e6e0e" executionId="4e8e2d0b-93ec-427e-814d-85987f8ac7cc" testListId="8c84fa94-04c1-424b-9868-57a2d4851a1d" />
    <TestEntry testId="a4c4b508-919f-e71f-5e1b-c62a1e9a80ce" executionId="390dd89e-0dcb-4f81-91ed-2ce17009f3bf" testListId="8c84fa94-04c1-424b-9868-57a2d4851a1d" />
    <TestEntry testId="5fa49e27-1d01-1ee0-f151-f9eef3c86726" executionId="61f81ffd-47c4-489a-a63a-4548691ed850" testListId="8c84fa94-04c1-424b-9868-57a2d4851a1d" />
    <TestEntry testId="a620a607-d5ca-1edf-8228-e0c7069ead3e" executionId="5678169e-183b-4a1d-bbaa-d67dc97fd728" testListId="8c84fa94-04c1-424b-9868-57a2d4851a1d" />
    <TestEntry testId="2ee9ae6c-ecb2-e137-7118-36fc9e6346a7" executionId="e0976d18-9d34-4c7c-9019-592571e95da7" testListId="8c84fa94-04c1-424b-9868-57a2d4851a1d" />
    <TestEntry testId="f889b14a-664f-744f-a2cb-4aa7c58e7de3" executionId="174e047f-7d2b-432d-821d-4f1c7b493e2b" testListId="8c84fa94-04c1-424b-9868-57a2d4851a1d" />
    <TestEntry testId="9ff544bc-e0a5-7ddc-b56b-ae1a7f70abbf" executionId="c01f64ce-20f5-4c82-a134-9c35f55fc5d7" testListId="8c84fa94-04c1-424b-9868-57a2d4851a1d" />
    <TestEntry testId="e72e0f02-bc84-52da-1088-7cf44d8a0acb" executionId="7a0a1a2a-f44e-4873-b8b8-4ebf6feec0d9" testListId="8c84fa94-04c1-424b-9868-57a2d4851a1d" />
    <TestEntry testId="86ee03b2-bd8d-d29f-bf3c-2d1d1f984432" executionId="c168b520-d026-4c48-ac1c-09c272ace1a3" testListId="8c84fa94-04c1-424b-9868-57a2d4851a1d" />
    <TestEntry testId="77ee55d0-8b37-bc1a-f55a-0fa64e918fa2" executionId="5ff50adc-2933-428d-bb51-f297d9ce2bf2" testListId="8c84fa94-04c1-424b-9868-57a2d4851a1d" />
    <TestEntry testId="839e5d01-ff9c-ae4d-c090-45a2702211e7" executionId="929bff27-5f36-4cc4-b31f-4bab8003fd64" testListId="8c84fa94-04c1-424b-9868-57a2d4851a1d" />
    <TestEntry testId="0aacf03b-718d-9b91-1791-8fb82ec2b41d" executionId="6a4a21a3-2ba1-4f14-b211-540a2b3fc40e" testListId="8c84fa94-04c1-424b-9868-57a2d4851a1d" />
    <TestEntry testId="a631a206-782f-0ee2-cbfb-14156bf5a95d" executionId="de9a4a6a-8a38-4986-9001-e75a61f42d32" testListId="8c84fa94-04c1-424b-9868-57a2d4851a1d" />
    <TestEntry testId="750014a1-0857-0d0b-44f3-fcfa369b7c2e" executionId="76673f97-773b-43b9-8236-8922a4603086" testListId="8c84fa94-04c1-424b-9868-57a2d4851a1d" />
    <TestEntry testId="38e57c8d-c143-6e35-6df7-3b382085c25f" executionId="0697f7f8-abdf-4f0f-9274-1cbdebf68efe" testListId="8c84fa94-04c1-424b-9868-57a2d4851a1d" />
    <TestEntry testId="9ceb2df6-706b-6b77-4b6f-53f10678b1b7" executionId="1e097396-42f3-47ce-953f-9a46475f6407" testListId="8c84fa94-04c1-424b-9868-57a2d4851a1d" />
    <TestEntry testId="be49edaa-7c8c-214f-98ad-1b05c75472a4" executionId="4327b94e-6da0-404d-843e-d1303ccd214c" testListId="8c84fa94-04c1-424b-9868-57a2d4851a1d" />
    <TestEntry testId="c71e2d38-cb5b-8ca7-55c4-ceedb25164fb" executionId="05374d15-87c3-4b31-9081-1dd38c008b06" testListId="8c84fa94-04c1-424b-9868-57a2d4851a1d" />
    <TestEntry testId="8b3bdd76-be17-d72f-6f3e-f2f3dbdb323c" executionId="314cc3ed-f0c6-4a3b-bd41-5c1a1fbc9f44" testListId="8c84fa94-04c1-424b-9868-57a2d4851a1d" />
    <TestEntry testId="7fc5a7e1-ad16-5239-3d39-0cbfb8752fdc" executionId="e041c4b7-b3b5-4353-84be-0af0a6336018" testListId="8c84fa94-04c1-424b-9868-57a2d4851a1d" />
    <TestEntry testId="258db77c-7e84-8e83-ff85-3d70192e066e" executionId="701f68a7-d4d5-41cf-8f12-edeb81e9e70e" testListId="8c84fa94-04c1-424b-9868-57a2d4851a1d" />
    <TestEntry testId="e0c894ce-4b08-1cac-07fc-0d570b990102" executionId="f7c33c68-27fa-471d-a872-14c769b86738" testListId="8c84fa94-04c1-424b-9868-57a2d4851a1d" />
    <TestEntry testId="93ec89d5-9dd0-e72b-aa79-a64f74489a11" executionId="dfbc6483-8405-4e0b-bef8-890f604ca991" testListId="8c84fa94-04c1-424b-9868-57a2d4851a1d" />
    <TestEntry testId="8ce521cd-586b-8d63-1cb6-9c67c61ba140" executionId="9b43317e-08bd-429c-8fc3-7176ca8b21f6" testListId="8c84fa94-04c1-424b-9868-57a2d4851a1d" />
    <TestEntry testId="53cdb87e-3222-ba39-8bb0-35edcea4554f" executionId="9da1ae9d-4bd5-4f74-a7de-616fbf077362" testListId="8c84fa94-04c1-424b-9868-57a2d4851a1d" />
    <TestEntry testId="3b0abe57-b586-f61c-8b8a-8c5dd2e2ea03" executionId="06c826b6-e9fe-44f9-9782-709e3b50618b" testListId="8c84fa94-04c1-424b-9868-57a2d4851a1d" />
    <TestEntry testId="85ef9628-b330-df63-e0f9-c5f24aa74078" executionId="7d9a4d6c-517a-49cc-ab75-0d750b6d147a" testListId="8c84fa94-04c1-424b-9868-57a2d4851a1d" />
    <TestEntry testId="fe9bc6f3-5ae0-a5e5-ce28-a1c76df55560" executionId="8095dfb4-0079-4881-be23-af055a8f19d1" testListId="8c84fa94-04c1-424b-9868-57a2d4851a1d" />
    <TestEntry testId="e7727734-e0a9-5b5b-5c64-ce6dcd978d21" executionId="17574738-730b-47a8-a6f7-6917d5c6fec0" testListId="8c84fa94-04c1-424b-9868-57a2d4851a1d" />
    <TestEntry testId="efeeeeba-7374-d6a4-c7f7-3faa2a981326" executionId="e43d0561-cb80-4c08-be7d-6c861d47f1d3" testListId="8c84fa94-04c1-424b-9868-57a2d4851a1d" />
    <TestEntry testId="51779749-eb06-67d7-ac51-34b3fe85d9f2" executionId="7e3d1120-8340-464d-a1f4-e9d76e5bb35b" testListId="8c84fa94-04c1-424b-9868-57a2d4851a1d" />
    <TestEntry testId="41ee5629-d500-34d1-bd2a-75d66e6c1c01" executionId="62039d0f-478e-48b8-ae60-cd758185e2bd" testListId="8c84fa94-04c1-424b-9868-57a2d4851a1d" />
    <TestEntry testId="cd740d0e-ce9c-9990-d16e-330145a86605" executionId="5bf6bfe4-0a58-4945-8411-91067249fda3" testListId="8c84fa94-04c1-424b-9868-57a2d4851a1d" />
    <TestEntry testId="aa018921-380f-7413-c103-457db55cc6d3" executionId="6a4c2d1f-64c3-435b-be53-059e29c8cc2a" testListId="8c84fa94-04c1-424b-9868-57a2d4851a1d" />
    <TestEntry testId="1a9ca88d-e0a2-a9c1-4371-f245b655b125" executionId="9e33a4a5-f3a3-44d4-ab02-8f54c48abd67" testListId="8c84fa94-04c1-424b-9868-57a2d4851a1d" />
    <TestEntry testId="db63f797-2321-5f9c-6408-fa04cef85df1" executionId="e882705d-656b-40c1-8c44-e16e9c5eebd7" testListId="8c84fa94-04c1-424b-9868-57a2d4851a1d" />
    <TestEntry testId="efd3defd-3dd2-b891-ab51-ad4d23459023" executionId="590a8785-dcdf-4051-88c2-5527214ee794" testListId="8c84fa94-04c1-424b-9868-57a2d4851a1d" />
    <TestEntry testId="54189ad4-012a-a649-87c1-aefb7f923135" executionId="cde9fda9-d2c3-404f-8133-0d22e3400cb3" testListId="8c84fa94-04c1-424b-9868-57a2d4851a1d" />
    <TestEntry testId="d0c286ed-22ff-8429-8463-fe09a654e542" executionId="8b6abf30-4664-4b76-a0df-7d755021aef6" testListId="8c84fa94-04c1-424b-9868-57a2d4851a1d" />
    <TestEntry testId="88b42372-9073-9d33-e5db-3400e992f84b" executionId="73bbe3d1-ebd7-49f9-bd86-4cabced6c204" testListId="8c84fa94-04c1-424b-9868-57a2d4851a1d" />
    <TestEntry testId="2cd99008-7d47-5b1f-bdce-87f1db166022" executionId="35f1f2cd-6978-4fa6-94f9-007bcdbc2a0e" testListId="8c84fa94-04c1-424b-9868-57a2d4851a1d" />
    <TestEntry testId="efeff71f-bf3b-2d24-4028-655336e31331" executionId="5a68421b-b7fa-4af4-8dbf-57f8b794e379" testListId="8c84fa94-04c1-424b-9868-57a2d4851a1d" />
    <TestEntry testId="8c3196ab-de04-4b67-c25d-8f27cd948816" executionId="2b8e3622-39ed-45ca-8081-099c82e6ba11" testListId="8c84fa94-04c1-424b-9868-57a2d4851a1d" />
    <TestEntry testId="f5b6af9c-50d6-a27b-2f85-4255ecbbafb9" executionId="e94857b1-efda-49d1-b017-74c3419679bd" testListId="8c84fa94-04c1-424b-9868-57a2d4851a1d" />
    <TestEntry testId="b2074bfd-4f30-3e8e-980a-b5527779c4b5" executionId="8815dc7c-3a79-4875-9b5c-3b11fd4c14ec" testListId="8c84fa94-04c1-424b-9868-57a2d4851a1d" />
    <TestEntry testId="b2f4e215-30fd-0f31-d9f2-265f40f5d8de" executionId="99645211-8ff6-431f-81bf-7e8f43c99084" testListId="8c84fa94-04c1-424b-9868-57a2d4851a1d" />
    <TestEntry testId="20198bf9-3eb9-2750-9338-7fcd24a7dba1" executionId="83d1d0fa-3c82-43ee-869e-61d1910771fe" testListId="8c84fa94-04c1-424b-9868-57a2d4851a1d" />
    <TestEntry testId="25fc7e88-a2c3-3844-bb7c-510941df4618" executionId="c8adedda-1df3-4593-81f4-93369ccbd349" testListId="8c84fa94-04c1-424b-9868-57a2d4851a1d" />
    <TestEntry testId="ba15acdf-6088-f803-6154-34aa090f0329" executionId="35ab5df5-c54b-4ccd-aefd-894f10c65d99" testListId="8c84fa94-04c1-424b-9868-57a2d4851a1d" />
    <TestEntry testId="d81cc02c-d191-38d5-2d26-28f305b2fa49" executionId="0411c4fb-0335-4045-b7f1-b8ce9d391f5c" testListId="8c84fa94-04c1-424b-9868-57a2d4851a1d" />
    <TestEntry testId="7cc96cf4-3fc7-1e69-bf47-4fdca4a95242" executionId="06f0c78a-35fc-4cae-a57c-f59568f37b3f" testListId="8c84fa94-04c1-424b-9868-57a2d4851a1d" />
    <TestEntry testId="218e4c1d-1f10-9106-fd02-efc940b786c5" executionId="5b1d6af6-f60c-4a00-94cc-34c8e88383f4" testListId="8c84fa94-04c1-424b-9868-57a2d4851a1d" />
    <TestEntry testId="e8a6febf-7a4c-df5b-5b44-d1a1d6670bac" executionId="a0765e43-54e4-4db0-a662-3d96708fee0a" testListId="8c84fa94-04c1-424b-9868-57a2d4851a1d" />
    <TestEntry testId="2b06ec9d-cd49-78ba-2d03-fe0bad248ec2" executionId="b6dc405a-a401-4146-bc5d-5203f0e4297d" testListId="8c84fa94-04c1-424b-9868-57a2d4851a1d" />
    <TestEntry testId="e60113ed-a422-020f-6cdd-b7c5c137b613" executionId="5e15e4f1-7ccd-4bbf-97e7-1223d3ebd988" testListId="8c84fa94-04c1-424b-9868-57a2d4851a1d" />
    <TestEntry testId="e44dbd48-1fa2-94e7-65f8-2d11a07a499e" executionId="3b06db3b-d0d6-4709-844a-97afc0a09f94" testListId="8c84fa94-04c1-424b-9868-57a2d4851a1d" />
    <TestEntry testId="5b21d1af-48af-0532-ea17-f797ade384ab" executionId="4f2199ba-e77c-4666-9003-d3c06ba4aa1e" testListId="8c84fa94-04c1-424b-9868-57a2d4851a1d" />
    <TestEntry testId="5c62b36c-7e5b-e052-296c-ce11b79f4704" executionId="07286c9d-07be-43fd-823e-44f2291f5412" testListId="8c84fa94-04c1-424b-9868-57a2d4851a1d" />
    <TestEntry testId="53eedc35-0123-bdb1-f0ec-70b902f09ce6" executionId="e378f7dd-f028-4c9a-88f9-dbdcd5c62e72" testListId="8c84fa94-04c1-424b-9868-57a2d4851a1d" />
    <TestEntry testId="3c4f1715-736c-2242-54ea-d776af7e17a9" executionId="a1c0f947-6857-4b9e-b905-0f8df96ce806" testListId="8c84fa94-04c1-424b-9868-57a2d4851a1d" />
    <TestEntry testId="f547ba9a-3e8a-0280-9c82-47b0dd4ab792" executionId="97380329-60e4-4614-b277-a0655ec8c8b0" testListId="8c84fa94-04c1-424b-9868-57a2d4851a1d" />
    <TestEntry testId="720ad9f3-d678-fa3e-4723-3c4456aab4c4" executionId="72c007e9-9aae-4281-8917-64c4dd1a79f8" testListId="8c84fa94-04c1-424b-9868-57a2d4851a1d" />
    <TestEntry testId="d00e65b6-3181-a5ca-6db8-25b604779426" executionId="8b7f7176-294d-462e-bd1e-907aa99b97c3" testListId="8c84fa94-04c1-424b-9868-57a2d4851a1d" />
    <TestEntry testId="f0e2e723-86c5-bfcc-4b1e-05f02032166c" executionId="96c9b4e1-1afb-4326-86e7-06810fe925de" testListId="8c84fa94-04c1-424b-9868-57a2d4851a1d" />
    <TestEntry testId="de4e9341-6c70-1466-d97b-50164787f46d" executionId="c5f6d694-7353-4945-86d1-b436d8a88e91" testListId="8c84fa94-04c1-424b-9868-57a2d4851a1d" />
    <TestEntry testId="c69309cd-c599-2f63-3f42-43c21d8204d8" executionId="a035ba7f-a6a1-479a-8fd5-9b501f3d2a03" testListId="8c84fa94-04c1-424b-9868-57a2d4851a1d" />
    <TestEntry testId="edc31cfe-0011-7a3e-9d0d-623eba3a7315" executionId="a1bf8f3c-5dc0-4739-aa04-aea80dcd1a8b" testListId="8c84fa94-04c1-424b-9868-57a2d4851a1d" />
    <TestEntry testId="afb66d73-9da5-7554-bdd3-eebe5f87627f" executionId="79106a40-ad9d-4735-9cc3-92604374bdb5" testListId="8c84fa94-04c1-424b-9868-57a2d4851a1d" />
    <TestEntry testId="4d55b919-cb74-5705-c945-5f21a513e3c3" executionId="b44bf2fd-4ab6-4259-a001-1e75f365bc0d" testListId="8c84fa94-04c1-424b-9868-57a2d4851a1d" />
    <TestEntry testId="0bf24c68-8b03-7eb6-2151-1d3d218ef9f7" executionId="fc9aa053-d7d4-419d-8c08-b98430a38cc2" testListId="8c84fa94-04c1-424b-9868-57a2d4851a1d" />
    <TestEntry testId="de5f04a0-a300-b1b7-cb67-889e5c76d83e" executionId="a1889e0d-38ea-461f-80a9-8fb752bffcea" testListId="8c84fa94-04c1-424b-9868-57a2d4851a1d" />
    <TestEntry testId="9181c077-33eb-e8de-adee-01c4a4ba25a1" executionId="b9d41787-931a-4b7e-849e-c378a6f3106b" testListId="8c84fa94-04c1-424b-9868-57a2d4851a1d" />
    <TestEntry testId="75c84b18-5930-e3eb-1c9d-234697afe954" executionId="8d26cdfb-867b-4bea-beb0-a06f4e6809bd" testListId="8c84fa94-04c1-424b-9868-57a2d4851a1d" />
    <TestEntry testId="13bd0905-8c51-594d-38fd-c49e6b2abab6" executionId="a8411281-67db-48de-981b-30bffffa393e" testListId="8c84fa94-04c1-424b-9868-57a2d4851a1d" />
    <TestEntry testId="34f249e5-b9ba-2c57-bc42-d86c94cdd594" executionId="54c4219c-be68-4819-8e51-7e14f4e8aebd" testListId="8c84fa94-04c1-424b-9868-57a2d4851a1d" />
    <TestEntry testId="358b74e6-fc55-da99-0e75-25e1c80c198a" executionId="48464ca5-d5f0-476f-a269-89aa712847db" testListId="8c84fa94-04c1-424b-9868-57a2d4851a1d" />
    <TestEntry testId="a1a6513b-09ff-3923-e040-1476b4e7b3cf" executionId="88f51826-da89-4fcb-9f66-f4fdcd2fa212" testListId="8c84fa94-04c1-424b-9868-57a2d4851a1d" />
    <TestEntry testId="b20ae3f0-0dc7-f1fc-2977-e0507e3b838b" executionId="5615b1f9-9545-4b4d-a3a5-7512de469a78" testListId="8c84fa94-04c1-424b-9868-57a2d4851a1d" />
    <TestEntry testId="a051760f-56e9-b36c-7f92-d910f2778b93" executionId="9c7558b4-cf04-49e8-ba28-8009b465581f" testListId="8c84fa94-04c1-424b-9868-57a2d4851a1d" />
    <TestEntry testId="e47bed73-f08e-d72d-b4a2-7822c9928a05" executionId="dc1c857a-b229-449b-8739-667258f62677" testListId="8c84fa94-04c1-424b-9868-57a2d4851a1d" />
    <TestEntry testId="36e751b1-d379-a6d3-c363-b5ae5709aa1b" executionId="3cc82753-339c-40e3-94bb-3e855eb137e3" testListId="8c84fa94-04c1-424b-9868-57a2d4851a1d" />
    <TestEntry testId="40237535-c65e-bf65-02ec-14946db44db4" executionId="921df719-cfbd-4866-bc64-3bb3a4a74940" testListId="8c84fa94-04c1-424b-9868-57a2d4851a1d" />
    <TestEntry testId="b93ab267-4d4e-556b-bd47-9b0bdde5607a" executionId="769226a4-6ddf-4435-8fe8-3c730d7edba5" testListId="8c84fa94-04c1-424b-9868-57a2d4851a1d" />
    <TestEntry testId="761b865b-f7b1-264a-831c-c115739b4cb8" executionId="604dba42-4497-48c3-ac3d-e14009119c79" testListId="8c84fa94-04c1-424b-9868-57a2d4851a1d" />
    <TestEntry testId="7be8c895-2c24-951c-351b-14dd4773fffb" executionId="8d449c22-785c-4223-b9d2-0c633e36702f" testListId="8c84fa94-04c1-424b-9868-57a2d4851a1d" />
    <TestEntry testId="c098cf84-9443-0f8e-85bc-f2a1606a2c2d" executionId="9a385bc3-5d87-49c2-ac29-965c59dea851" testListId="8c84fa94-04c1-424b-9868-57a2d4851a1d" />
    <TestEntry testId="9171dc5a-a7bd-00b3-f835-43afc308444d" executionId="b84c971c-a122-4249-8680-4e48fa47d7c3" testListId="8c84fa94-04c1-424b-9868-57a2d4851a1d" />
    <TestEntry testId="6122daf1-aaaf-6c0f-5297-d862b037549b" executionId="e426950a-0e4b-4b9a-9e6c-a8f7e047906c" testListId="8c84fa94-04c1-424b-9868-57a2d4851a1d" />
    <TestEntry testId="9bb45a18-168c-a72d-4ec7-5054ff25a897" executionId="62219f85-1932-4cfc-bd73-1a211338f76b" testListId="8c84fa94-04c1-424b-9868-57a2d4851a1d" />
    <TestEntry testId="217b34cb-7ead-a498-b662-ce6fd17d7161" executionId="a720a0d3-0007-4043-a9a2-87f98a75450f" testListId="8c84fa94-04c1-424b-9868-57a2d4851a1d" />
    <TestEntry testId="8c4a5e21-f8cf-c703-1537-a1b2f2ea6095" executionId="a229f34f-0022-46a2-a688-0dfb04dfd1d2" testListId="8c84fa94-04c1-424b-9868-57a2d4851a1d" />
    <TestEntry testId="2488323e-fbaf-67b7-4dae-e697d49eb7c6" executionId="fcbedb20-ec47-49a3-a81b-cc0ad3f381c5" testListId="8c84fa94-04c1-424b-9868-57a2d4851a1d" />
    <TestEntry testId="9ad2aeec-3666-a2fb-9c69-a673ccec420e" executionId="798fd7a4-c385-47c9-9ff5-dabd0eacd270" testListId="8c84fa94-04c1-424b-9868-57a2d4851a1d" />
    <TestEntry testId="9ae40c7e-6bb5-87ac-61a0-1c9c1fb1fbe2" executionId="a7290509-eaae-4532-b313-10df78e699c7" testListId="8c84fa94-04c1-424b-9868-57a2d4851a1d" />
    <TestEntry testId="612755b7-0cdf-3803-c661-b5db677ed1a2" executionId="7db61659-782d-405c-868e-72d9ac8b8c47" testListId="8c84fa94-04c1-424b-9868-57a2d4851a1d" />
    <TestEntry testId="119d30a6-0e89-cfb5-7dfd-1aa7a605ec51" executionId="4e82be58-7c88-45df-8ae3-959881791e42" testListId="8c84fa94-04c1-424b-9868-57a2d4851a1d" />
    <TestEntry testId="6d6d4649-f74c-00f6-7c94-65b35a1f1a78" executionId="7ecde2d6-f050-4a68-ac5a-c16432ad0ebb" testListId="8c84fa94-04c1-424b-9868-57a2d4851a1d" />
    <TestEntry testId="01e71314-81c5-4366-34cc-41198de89a47" executionId="3f6386e5-ee7c-4028-a85f-c9bf612b98b8" testListId="8c84fa94-04c1-424b-9868-57a2d4851a1d" />
    <TestEntry testId="dd5c21a1-83eb-caf9-c51c-2774a75fa9c0" executionId="e6763db6-9bfa-47e7-bbfb-5569560b8d7f" testListId="8c84fa94-04c1-424b-9868-57a2d4851a1d" />
    <TestEntry testId="6dc4cd77-38c0-10b5-180e-f937b6af904d" executionId="f29ec3ff-f39e-4019-a349-30fd81da8a1c" testListId="8c84fa94-04c1-424b-9868-57a2d4851a1d" />
    <TestEntry testId="fa98cbad-f28a-a13a-1cad-c4a1e8ece779" executionId="ced2aee0-76c2-4e97-84c3-671b910ea0e0" testListId="8c84fa94-04c1-424b-9868-57a2d4851a1d" />
    <TestEntry testId="fae6bee7-dad5-2e49-f8db-0f9ebd7161b5" executionId="d5fed3d9-28ac-488b-a749-50f5fc09edc1" testListId="8c84fa94-04c1-424b-9868-57a2d4851a1d" />
    <TestEntry testId="5843788f-56fb-bff3-2f34-bf3a90125af5" executionId="9340e827-9f4d-48be-ac33-aff8c5aa920b" testListId="8c84fa94-04c1-424b-9868-57a2d4851a1d" />
    <TestEntry testId="ee223bb8-fe62-0648-1d0a-3b87b037fab8" executionId="8ef1362f-2971-47c6-b95b-2228db439dbd" testListId="8c84fa94-04c1-424b-9868-57a2d4851a1d" />
    <TestEntry testId="a4fac035-eb1e-a72b-e636-67619651fa36" executionId="83e1250a-a747-4e01-92e7-49d874909ea1" testListId="8c84fa94-04c1-424b-9868-57a2d4851a1d" />
    <TestEntry testId="c740ea7a-936a-f8a7-b7c9-049f3bff5d99" executionId="21e6af78-31c5-4514-8481-308ee6af4ceb" testListId="8c84fa94-04c1-424b-9868-57a2d4851a1d" />
    <TestEntry testId="3a7edffd-c2c3-d5db-414e-6b27f5fdb54b" executionId="dfb02eb9-a25c-4c7e-8962-c60b6fd98e37" testListId="8c84fa94-04c1-424b-9868-57a2d4851a1d" />
    <TestEntry testId="33fa0e17-1e9d-fc9e-79a9-fe07de2e1d42" executionId="6a571c78-8978-4ccc-8e66-dc772078fb03" testListId="8c84fa94-04c1-424b-9868-57a2d4851a1d" />
    <TestEntry testId="79039750-0fd3-5a6c-030a-172ff337180f" executionId="c73e007c-ef9c-4374-95fc-47778513b99c" testListId="8c84fa94-04c1-424b-9868-57a2d4851a1d" />
    <TestEntry testId="3f1fc8a1-137c-2c07-462a-cc1b33a82b8a" executionId="c6e594e5-bf07-45f9-b88c-3e7b2374d43f" testListId="8c84fa94-04c1-424b-9868-57a2d4851a1d" />
    <TestEntry testId="b741393a-f04e-486c-32a6-bec151291934" executionId="57d1ffa8-dd1d-4e40-b938-77c4b0febae2" testListId="8c84fa94-04c1-424b-9868-57a2d4851a1d" />
    <TestEntry testId="d9341b03-4633-4c3c-606b-082a601aa165" executionId="4a11d978-9b44-4179-98de-bae206b06270" testListId="8c84fa94-04c1-424b-9868-57a2d4851a1d" />
    <TestEntry testId="5cce3272-cf0f-798d-2f5a-a5cc62a3cc1c" executionId="f647d654-783e-4655-9a28-87ffa7d66976" testListId="8c84fa94-04c1-424b-9868-57a2d4851a1d" />
    <TestEntry testId="3e05d949-dbce-a0b7-2862-9e4fd932d57d" executionId="38b32631-5cff-41c9-9f25-95be63c75a74" testListId="8c84fa94-04c1-424b-9868-57a2d4851a1d" />
    <TestEntry testId="986cd690-83e0-f2b6-c2b1-78b8c7296ab1" executionId="6b3a4d2d-9f48-43b7-895e-4b26f285b841" testListId="8c84fa94-04c1-424b-9868-57a2d4851a1d" />
    <TestEntry testId="1c0c5f0b-295a-ae38-ae07-141ec577c98c" executionId="bde0286f-2a32-44ae-b85b-233ce569e528" testListId="8c84fa94-04c1-424b-9868-57a2d4851a1d" />
    <TestEntry testId="36f9cce3-d7b2-da0c-ef54-7bd01d68e09e" executionId="765f3173-43ae-4f43-91be-d3d00615cae4" testListId="8c84fa94-04c1-424b-9868-57a2d4851a1d" />
    <TestEntry testId="5dd28213-4971-07c3-06a9-465e776150cb" executionId="b61c27d1-3d52-41dd-b8f0-348637db260c" testListId="8c84fa94-04c1-424b-9868-57a2d4851a1d" />
    <TestEntry testId="6c76e73f-e05c-df6d-d125-847a9b06671b" executionId="e5df8bd9-47ba-4248-8d35-f3edbd766c14" testListId="8c84fa94-04c1-424b-9868-57a2d4851a1d" />
    <TestEntry testId="a756499e-701a-9251-a313-d3727c8cba36" executionId="47f51340-b349-4082-b6b9-35467f7fed9a" testListId="8c84fa94-04c1-424b-9868-57a2d4851a1d" />
    <TestEntry testId="58a3ee17-49dd-8c3e-682d-eab704f23a99" executionId="b191c88a-469f-4680-b027-5ce8113581c3" testListId="8c84fa94-04c1-424b-9868-57a2d4851a1d" />
    <TestEntry testId="eeced600-da81-93ef-57ad-61708375d46d" executionId="b8b786b4-2df8-4e8f-8112-c33175dd687f" testListId="8c84fa94-04c1-424b-9868-57a2d4851a1d" />
    <TestEntry testId="e94bed32-14b0-960f-eb57-dc27cfa1c718" executionId="b6367ee8-2721-4107-9938-8b6048f9d18e" testListId="8c84fa94-04c1-424b-9868-57a2d4851a1d" />
    <TestEntry testId="3cbb6295-6508-d2f3-02da-5c61b6a21f24" executionId="75c1f420-a097-44d5-93f8-043080f73d5e" testListId="8c84fa94-04c1-424b-9868-57a2d4851a1d" />
    <TestEntry testId="10919144-3823-6bf6-98f4-d0bc06e3e69f" executionId="95611923-da02-4b52-99eb-6d3ca254e7f4" testListId="8c84fa94-04c1-424b-9868-57a2d4851a1d" />
    <TestEntry testId="9fb05ec9-4cd4-d3b9-0212-219c756bc054" executionId="f3f3cb60-3e80-45cd-b3e1-5dd0f9305d95" testListId="8c84fa94-04c1-424b-9868-57a2d4851a1d" />
    <TestEntry testId="471c30f3-79c2-61c6-1bb4-c487d0950a82" executionId="492c4eb0-3b2e-4f28-9c3a-753412599ae8" testListId="8c84fa94-04c1-424b-9868-57a2d4851a1d" />
    <TestEntry testId="d3a91505-cd4a-baa1-50b1-44dfab733a98" executionId="b210bb46-8db9-4f45-8af4-a48939f772df" testListId="8c84fa94-04c1-424b-9868-57a2d4851a1d" />
    <TestEntry testId="a5ca950e-d8ad-42fc-0581-bbdbcf47da7b" executionId="3e01bef6-b307-4653-8e77-ba34d99cef92" testListId="8c84fa94-04c1-424b-9868-57a2d4851a1d" />
    <TestEntry testId="930e353c-fde1-03ae-10a7-7eaa994a4b20" executionId="e2b37885-4eaa-4738-8e39-c0cb2ef0349c" testListId="8c84fa94-04c1-424b-9868-57a2d4851a1d" />
    <TestEntry testId="4a82ea03-a3c5-0a38-f23a-d165535cebee" executionId="0b7dcb4d-3e33-4852-a32b-af2eb5832e94" testListId="8c84fa94-04c1-424b-9868-57a2d4851a1d" />
    <TestEntry testId="22bc1016-467b-6a9b-3539-1963215fc44a" executionId="01fff8c0-5b4a-4b15-8c3b-a65cd691b1e0" testListId="8c84fa94-04c1-424b-9868-57a2d4851a1d" />
    <TestEntry testId="e1985f8d-0f3a-cdd7-e674-d8456d422db8" executionId="6fddf4c9-2e6e-4476-9f79-603412df3ee9" testListId="8c84fa94-04c1-424b-9868-57a2d4851a1d" />
    <TestEntry testId="91b088af-4d20-a693-7919-4e27e55ce584" executionId="368bb3c6-32c3-4093-9878-4b250f373a5a" testListId="8c84fa94-04c1-424b-9868-57a2d4851a1d" />
    <TestEntry testId="93b8baa4-a7a4-78ce-5712-6dc3e46447a1" executionId="359f8c98-9d41-4a1d-b367-b5c34e9cafaf" testListId="8c84fa94-04c1-424b-9868-57a2d4851a1d" />
    <TestEntry testId="a007b317-a0ad-fafd-d5c9-f7310688453b" executionId="158276fe-1733-409c-b30a-641dc97a09d3" testListId="8c84fa94-04c1-424b-9868-57a2d4851a1d" />
    <TestEntry testId="c4581c14-0d59-0614-6603-b04ff30ec169" executionId="c8bc7cfa-6bdc-4633-9ada-d9cd12781000" testListId="8c84fa94-04c1-424b-9868-57a2d4851a1d" />
    <TestEntry testId="b6041d9b-dbf7-2fcb-855d-8b55569c6c1a" executionId="d88db3bb-0ee0-43b8-83a8-56f6a1b1bd94" testListId="8c84fa94-04c1-424b-9868-57a2d4851a1d" />
    <TestEntry testId="8c581716-6923-024e-05c8-e8a4c17b964e" executionId="38a3ea92-8d25-4784-a30f-e2bc47de3aab" testListId="8c84fa94-04c1-424b-9868-57a2d4851a1d" />
    <TestEntry testId="bbcddb0d-c27e-065c-6621-ce36c72de785" executionId="75450fb3-3fce-41b6-9d9a-b13693789c82" testListId="8c84fa94-04c1-424b-9868-57a2d4851a1d" />
    <TestEntry testId="e359e0a0-3df0-393a-8d03-bb1e07ac5842" executionId="8b671e84-b1db-4681-ab0f-1e43898a32bb" testListId="8c84fa94-04c1-424b-9868-57a2d4851a1d" />
    <TestEntry testId="5c3a4771-d4a0-52de-dd7b-0c1992f41eea" executionId="2b27306a-7757-454e-be55-86b56ed7ff7d" testListId="8c84fa94-04c1-424b-9868-57a2d4851a1d" />
    <TestEntry testId="e7e078de-2425-c7b4-c3e2-f67e5862d887" executionId="abb3a408-5330-463f-aa99-6f7937e40aed" testListId="8c84fa94-04c1-424b-9868-57a2d4851a1d" />
    <TestEntry testId="0989f891-5100-4954-a1d3-1b2ec9bc06db" executionId="e07df35a-e977-4fd8-90cf-e484f7382302" testListId="8c84fa94-04c1-424b-9868-57a2d4851a1d" />
    <TestEntry testId="71a8629d-053f-542d-4cd0-b36fc966255b" executionId="2ca4d4c1-9c6c-4101-8280-c42e5d9150cb" testListId="8c84fa94-04c1-424b-9868-57a2d4851a1d" />
    <TestEntry testId="5b9fc78a-473b-aaeb-4c48-30186e186680" executionId="c900738f-b5fb-4aed-a074-dfc322b9611e" testListId="8c84fa94-04c1-424b-9868-57a2d4851a1d" />
    <TestEntry testId="3f0b5a90-7873-a0cd-d62c-bb7a78bcc5c3" executionId="5257bb61-e7a1-4f77-b60a-4717277aa3f8" testListId="8c84fa94-04c1-424b-9868-57a2d4851a1d" />
    <TestEntry testId="e044c42f-312e-1694-ede7-afdb126f7b59" executionId="abd63310-0ab3-41e8-9a54-911bd69d80b7" testListId="8c84fa94-04c1-424b-9868-57a2d4851a1d" />
    <TestEntry testId="d892c744-3d75-a974-deef-9becfba2f863" executionId="f976237d-13ab-43da-aebb-21b583ef6aae" testListId="8c84fa94-04c1-424b-9868-57a2d4851a1d" />
    <TestEntry testId="39dc3075-04fc-82df-3916-06d2414a6be6" executionId="b0836dd0-63b5-4143-a827-dc78a7c617b6" testListId="8c84fa94-04c1-424b-9868-57a2d4851a1d" />
    <TestEntry testId="eadd5aea-e1cf-d48d-3354-4b05674fcd26" executionId="018ef0cc-2c60-4943-97d6-73d0564fb0ba" testListId="8c84fa94-04c1-424b-9868-57a2d4851a1d" />
    <TestEntry testId="3afcab40-be92-3c32-cdd4-99a4f2e968f5" executionId="702e29b2-361d-4708-8ad2-89d43dac352b" testListId="8c84fa94-04c1-424b-9868-57a2d4851a1d" />
    <TestEntry testId="db259640-9517-9e3b-80ae-9c90890e1bcb" executionId="1e2153e2-d819-464c-aa12-499f1b9dd375" testListId="8c84fa94-04c1-424b-9868-57a2d4851a1d" />
    <TestEntry testId="1ec38645-b6f6-9972-e956-d407b17fc86e" executionId="0af9e48e-b8a5-4e92-b076-655a5030dbae" testListId="8c84fa94-04c1-424b-9868-57a2d4851a1d" />
    <TestEntry testId="c9399038-9335-219b-086e-45a33a5c904b" executionId="d19213d3-ff7b-4970-9565-59401a20976a" testListId="8c84fa94-04c1-424b-9868-57a2d4851a1d" />
    <TestEntry testId="c56e53e9-2c05-5eb9-8244-91b1844883db" executionId="ac9c5caf-5484-4d5a-a6f6-17b8fe3a8c77" testListId="8c84fa94-04c1-424b-9868-57a2d4851a1d" />
    <TestEntry testId="15545652-b05c-7610-0ef9-a9ee3a46f84b" executionId="7b95761c-7ff5-4029-a97e-8adffd445fdf" testListId="8c84fa94-04c1-424b-9868-57a2d4851a1d" />
    <TestEntry testId="cbe78191-8ee7-aa77-0812-e3cb273c8da8" executionId="9d254e71-2420-4b39-a6df-bbfdabc46bc6" testListId="8c84fa94-04c1-424b-9868-57a2d4851a1d" />
    <TestEntry testId="339ac893-1f1c-c496-9014-eefd06d24734" executionId="8922f011-247b-4328-8d28-5f4b0f9e9335" testListId="8c84fa94-04c1-424b-9868-57a2d4851a1d" />
    <TestEntry testId="72d528ab-d938-9637-922f-e14047d9eeff" executionId="64da57eb-3670-4ac6-8fe1-a6925e7c5d42" testListId="8c84fa94-04c1-424b-9868-57a2d4851a1d" />
    <TestEntry testId="a5868bf0-37f2-3bf5-61bc-01e74d8bb7be" executionId="22b46947-e99f-4a41-a743-3affd69a877e" testListId="8c84fa94-04c1-424b-9868-57a2d4851a1d" />
    <TestEntry testId="978eb37b-9205-133a-243e-f6d1f0a5fd91" executionId="e91fe942-9e52-406f-ba5e-952615506765" testListId="8c84fa94-04c1-424b-9868-57a2d4851a1d" />
    <TestEntry testId="5273d87f-049e-5fea-7cda-09d7433064b5" executionId="1c9cf1e3-5888-44f8-9dc8-01c5c378dd04" testListId="8c84fa94-04c1-424b-9868-57a2d4851a1d" />
    <TestEntry testId="957a389a-ebcf-d4a8-058e-fade6580961f" executionId="e83cc335-2c1f-4bb3-869c-553395036628" testListId="8c84fa94-04c1-424b-9868-57a2d4851a1d" />
    <TestEntry testId="501fdb8a-f92b-d075-e620-623a1ca6057e" executionId="18c5be7c-fec7-4f46-ba98-9fcc8bef669a" testListId="8c84fa94-04c1-424b-9868-57a2d4851a1d" />
    <TestEntry testId="687407b3-9e8a-919b-d872-f2d4c561becd" executionId="8785b678-e10e-456c-84a9-59c82e58aba7" testListId="8c84fa94-04c1-424b-9868-57a2d4851a1d" />
    <TestEntry testId="8ea11245-4b23-1ae1-1f5a-096bf899de32" executionId="a42dae21-c8df-4b7c-8768-7b485fe8d7fa" testListId="8c84fa94-04c1-424b-9868-57a2d4851a1d" />
    <TestEntry testId="9b74ad54-ab66-608c-c049-2e485fc905af" executionId="fcd3ca08-6458-434b-a918-0883c60e9508" testListId="8c84fa94-04c1-424b-9868-57a2d4851a1d" />
    <TestEntry testId="29b5a635-e26f-754b-90bd-aadb2c16358d" executionId="d2e3fb43-7940-4141-af39-ccc9740fb885" testListId="8c84fa94-04c1-424b-9868-57a2d4851a1d" />
    <TestEntry testId="4f3bc137-5510-9460-5012-f58e75f6f1d3" executionId="cd5e0030-4620-4e7b-8cc9-dd53b5c4e6c8" testListId="8c84fa94-04c1-424b-9868-57a2d4851a1d" />
    <TestEntry testId="80f1ea91-f20c-3fe2-9335-c00d37b77bfe" executionId="f945ca2d-87af-4c11-9c9d-4900ab922b6d" testListId="8c84fa94-04c1-424b-9868-57a2d4851a1d" />
    <TestEntry testId="1a96ff41-b719-51eb-38ba-9a20c45ec1c0" executionId="f03da481-b232-4674-a8f0-9570ee44c8fe" testListId="8c84fa94-04c1-424b-9868-57a2d4851a1d" />
    <TestEntry testId="e5cf07e9-ee50-38c9-0a10-0e2fe63320d9" executionId="4c788845-eb98-42e8-bd58-6ce9b642531e" testListId="8c84fa94-04c1-424b-9868-57a2d4851a1d" />
    <TestEntry testId="09bdea18-f696-eae7-18fe-6a761cdcf889" executionId="7519e11e-b0b5-45d8-b9bd-da614eb3aa2f" testListId="8c84fa94-04c1-424b-9868-57a2d4851a1d" />
    <TestEntry testId="87b18356-0fa2-346b-8acc-387ead427865" executionId="a49f1b42-92a1-44c2-a45e-81e7382b8963" testListId="8c84fa94-04c1-424b-9868-57a2d4851a1d" />
    <TestEntry testId="246c8a65-c427-a9c1-ae58-a7c66780d3ff" executionId="d569ba26-1f43-4088-953d-6e4d7ca2a0b5" testListId="8c84fa94-04c1-424b-9868-57a2d4851a1d" />
    <TestEntry testId="c9999e9d-a2c2-81ee-78a6-a171e8eb25b6" executionId="ca5c2082-a419-427a-8505-e5495687c60e" testListId="8c84fa94-04c1-424b-9868-57a2d4851a1d" />
    <TestEntry testId="706e41d2-0bcb-2b17-a93f-3bfc9cea9710" executionId="188594c8-0861-42da-a230-cbcfeda7ae7a" testListId="8c84fa94-04c1-424b-9868-57a2d4851a1d" />
    <TestEntry testId="f3f224e3-e84e-962f-40aa-9cfc22312b50" executionId="1ad1121e-475e-4dc8-b80e-90dd4d0c07bd" testListId="8c84fa94-04c1-424b-9868-57a2d4851a1d" />
    <TestEntry testId="2cfbec6f-c817-94e4-b492-5c9f6bf6718c" executionId="e4408d2d-ac2a-4af1-bbdb-f6183c08652f" testListId="8c84fa94-04c1-424b-9868-57a2d4851a1d" />
    <TestEntry testId="9e28bec4-c408-3041-cda4-91100c861ab7" executionId="ad0e63fb-5cc8-4c03-81d5-fb4c3342161b" testListId="8c84fa94-04c1-424b-9868-57a2d4851a1d" />
    <TestEntry testId="6e183b12-0810-b038-3176-91075831756f" executionId="0a16dd8c-b87f-476a-986a-db5ae608033d" testListId="8c84fa94-04c1-424b-9868-57a2d4851a1d" />
    <TestEntry testId="8bde4785-2c03-a7e7-c5b7-8e24d368f7d7" executionId="405efed8-3997-4a0d-a543-eee54309aea1" testListId="8c84fa94-04c1-424b-9868-57a2d4851a1d" />
    <TestEntry testId="a5df3e0b-3914-27c6-17a6-08436b53e40a" executionId="bb3d60c2-5cfe-4421-93fd-23f1b6eb818b" testListId="8c84fa94-04c1-424b-9868-57a2d4851a1d" />
    <TestEntry testId="35072336-d724-2bc2-c248-4a6e7e37ad9c" executionId="c8cb2dce-2b44-4207-a257-679ad70f1610" testListId="8c84fa94-04c1-424b-9868-57a2d4851a1d" />
    <TestEntry testId="4a973728-cdf0-1276-f8b9-506e643591d0" executionId="d351651d-2e47-4385-a238-273db82ef0ed" testListId="8c84fa94-04c1-424b-9868-57a2d4851a1d" />
    <TestEntry testId="270a257e-24da-16b7-6595-e3fddd9800b4" executionId="fca4cca2-6ab2-43d4-a61b-ed47d8e199c5" testListId="8c84fa94-04c1-424b-9868-57a2d4851a1d" />
    <TestEntry testId="4b873ac6-765a-404f-f38f-0422c9001382" executionId="121c5d48-f1c3-4d8b-9bca-6f23f740eca6" testListId="8c84fa94-04c1-424b-9868-57a2d4851a1d" />
    <TestEntry testId="945415cd-224b-6a51-d662-ea13ef7f9084" executionId="9a06de75-8db0-4eea-a01f-bf022854f9a6" testListId="8c84fa94-04c1-424b-9868-57a2d4851a1d" />
    <TestEntry testId="d1934567-0d00-5d36-ca2e-cfd2548f0873" executionId="7d747559-f852-4452-8a17-06b867f847d7" testListId="8c84fa94-04c1-424b-9868-57a2d4851a1d" />
    <TestEntry testId="a5c71af1-2277-db72-cf95-9e91c4704471" executionId="7f523834-0c91-4eb3-9908-769d1ecfc508" testListId="8c84fa94-04c1-424b-9868-57a2d4851a1d" />
    <TestEntry testId="2eacf72f-5904-d273-4233-9408fc9a3d2f" executionId="a65bc324-3910-4ba4-9734-9b865c76750c" testListId="8c84fa94-04c1-424b-9868-57a2d4851a1d" />
    <TestEntry testId="8981d84e-7ce1-9703-e39b-b12ad0be124f" executionId="ce73f78f-0041-4a18-90c7-e270fc6ea7a3" testListId="8c84fa94-04c1-424b-9868-57a2d4851a1d" />
    <TestEntry testId="f0c6cb33-4f14-0311-2137-e4f80b84b338" executionId="95487357-7e33-4a92-abc0-30a6a3e70c00" testListId="8c84fa94-04c1-424b-9868-57a2d4851a1d" />
    <TestEntry testId="d5df3c26-8e99-c124-f394-17dc3620d54c" executionId="48fd7ced-7537-4b60-9ee4-65318711a28d" testListId="8c84fa94-04c1-424b-9868-57a2d4851a1d" />
    <TestEntry testId="236f3461-4b7f-7202-33e7-ad4514ee99ac" executionId="a7b82085-308b-47dd-8591-e6a5ea1df2a6" testListId="8c84fa94-04c1-424b-9868-57a2d4851a1d" />
    <TestEntry testId="8dc52a42-3fb1-8a7a-e748-c03fb8da71f9" executionId="56539e9c-64f5-410b-8f83-202f922a7637" testListId="8c84fa94-04c1-424b-9868-57a2d4851a1d" />
    <TestEntry testId="ef295aad-d648-2382-a38b-fad29187f889" executionId="218c3d1b-71aa-4b11-a212-dfc164a1916d" testListId="8c84fa94-04c1-424b-9868-57a2d4851a1d" />
    <TestEntry testId="e55b8c51-82d3-d274-536b-026dd8f98a4e" executionId="2135e003-ec3a-4924-993e-4838c4c87650" testListId="8c84fa94-04c1-424b-9868-57a2d4851a1d" />
    <TestEntry testId="40b0bf9f-69d6-7f7e-3fea-42f3920f4584" executionId="a6dc05de-bb5e-43be-9e7a-126e79b7aecc" testListId="8c84fa94-04c1-424b-9868-57a2d4851a1d" />
    <TestEntry testId="ac46994b-04a8-77ef-2066-246951340cea" executionId="95502cd3-a813-40a9-bbeb-438b2a6fcb99" testListId="8c84fa94-04c1-424b-9868-57a2d4851a1d" />
    <TestEntry testId="d51a3945-9760-b3de-3fd2-b81f472ff315" executionId="5a665720-a7d9-4278-9c75-59e5e2c20052" testListId="8c84fa94-04c1-424b-9868-57a2d4851a1d" />
    <TestEntry testId="43bd50aa-ead1-55db-3c99-7296e9a62f72" executionId="7ce7c501-2e8c-463b-8eb6-13988ab37ded" testListId="8c84fa94-04c1-424b-9868-57a2d4851a1d" />
    <TestEntry testId="ceeeb36b-b7e8-0c89-cfc9-e2c8367bd453" executionId="578f0359-2a03-418d-a7a2-b8d25fa97ac1" testListId="8c84fa94-04c1-424b-9868-57a2d4851a1d" />
    <TestEntry testId="86f38614-9c5c-f32f-62f9-f28cf561de7a" executionId="c5e2472a-05bf-484b-8f13-9a36aefe9118" testListId="8c84fa94-04c1-424b-9868-57a2d4851a1d" />
    <TestEntry testId="95297ff6-aa76-ad4c-4f0e-5e0a60814245" executionId="9280bae5-3fbf-4832-b153-dfb730c34855" testListId="8c84fa94-04c1-424b-9868-57a2d4851a1d" />
    <TestEntry testId="9be8a1a6-dbc5-67e3-e22f-3c26db4775c4" executionId="d78fa84d-f6ab-4533-991a-23d93f410a5d" testListId="8c84fa94-04c1-424b-9868-57a2d4851a1d" />
    <TestEntry testId="87d633b3-db0f-0aee-539b-7bd0300d4dae" executionId="e8d62edb-2339-4553-8f62-c010569cf924" testListId="8c84fa94-04c1-424b-9868-57a2d4851a1d" />
    <TestEntry testId="35535d87-f63c-dc4a-d24b-9d8f63dbddac" executionId="abcf267f-77ed-40f3-be64-39b5c3bf9870" testListId="8c84fa94-04c1-424b-9868-57a2d4851a1d" />
    <TestEntry testId="91802298-d623-8d8a-fccc-abace55a9769" executionId="694c3754-3705-4aeb-8224-3007eda2792e" testListId="8c84fa94-04c1-424b-9868-57a2d4851a1d" />
    <TestEntry testId="e1df1135-fb1f-3f72-52ea-c87f692f1872" executionId="5cb5ac3f-1dd5-454c-b21e-ad9f8f585310" testListId="8c84fa94-04c1-424b-9868-57a2d4851a1d" />
    <TestEntry testId="b9eb7949-9592-5c0d-f17c-cbec8d004d54" executionId="ecba3a84-eab2-42e6-ad46-a40a4c23db2b" testListId="8c84fa94-04c1-424b-9868-57a2d4851a1d" />
    <TestEntry testId="719c6f9d-67a7-a61e-7fe8-5cc018344da5" executionId="351f2664-9aab-42cd-8bda-1e0f7cd272ba" testListId="8c84fa94-04c1-424b-9868-57a2d4851a1d" />
    <TestEntry testId="e6a3eac6-4a92-ade1-878f-4f802ed8f76f" executionId="5ae7214c-7de8-45c6-83ab-b4af41fd165c" testListId="8c84fa94-04c1-424b-9868-57a2d4851a1d" />
    <TestEntry testId="3f4c7994-738d-fc20-0252-4c17d79fc0b9" executionId="6f584724-8313-4112-b36b-bf3d960cb03b" testListId="8c84fa94-04c1-424b-9868-57a2d4851a1d" />
    <TestEntry testId="141e191c-4442-3208-46fe-8e00c7caaf9d" executionId="bcdf5935-6fdf-4a80-8c51-50eac475cf15" testListId="8c84fa94-04c1-424b-9868-57a2d4851a1d" />
    <TestEntry testId="02eaeccd-f250-da56-d45f-900803771d6e" executionId="83623162-42ec-4db7-a495-72a3a8d6ab1d" testListId="8c84fa94-04c1-424b-9868-57a2d4851a1d" />
    <TestEntry testId="0a4bc126-219a-0816-c151-6a13384ad00a" executionId="9f62deb9-197e-48b6-a34d-d669417bebc6" testListId="8c84fa94-04c1-424b-9868-57a2d4851a1d" />
    <TestEntry testId="53f67c16-d512-e465-195a-34f1911f4901" executionId="4452bf06-34bb-4079-95f9-9f86dbd842ca" testListId="8c84fa94-04c1-424b-9868-57a2d4851a1d" />
    <TestEntry testId="6e01f99d-1f21-ebcf-1b56-a171fab1c77a" executionId="e386b6be-17a4-4cea-b254-5df6113d0638" testListId="8c84fa94-04c1-424b-9868-57a2d4851a1d" />
    <TestEntry testId="80fe88af-86ae-3eb6-9919-0386f9c0d3d0" executionId="431c23a0-4d57-43f4-a883-db0a00578669" testListId="8c84fa94-04c1-424b-9868-57a2d4851a1d" />
    <TestEntry testId="6b7dcff8-25eb-68e0-33be-34e38dc1eb50" executionId="71b2f388-0ff6-43fc-8773-2ebc3c037902" testListId="8c84fa94-04c1-424b-9868-57a2d4851a1d" />
    <TestEntry testId="ab1cd479-b2e4-ea28-cbb8-9dfdfbe5d707" executionId="40967654-2030-4eab-b1e3-0d429db0314d" testListId="8c84fa94-04c1-424b-9868-57a2d4851a1d" />
    <TestEntry testId="0555bb83-c294-2c07-157a-b35cfe77bdd2" executionId="36af4c84-5136-4bf8-9de2-f12b0985fc68" testListId="8c84fa94-04c1-424b-9868-57a2d4851a1d" />
    <TestEntry testId="0c82128a-6ae3-e05a-aa69-3b6f049e0b27" executionId="516e1a32-f579-464a-abd0-bf30d5b5d930" testListId="8c84fa94-04c1-424b-9868-57a2d4851a1d" />
    <TestEntry testId="777a481b-1bf2-d3dc-f547-d2aff80bd474" executionId="69e7591c-bfc1-4c3c-8023-f9d399e03c56" testListId="8c84fa94-04c1-424b-9868-57a2d4851a1d" />
    <TestEntry testId="8092d438-12f2-7e26-e0aa-1c71621892eb" executionId="c3eab4f0-3c14-4265-97cb-2cd74428fec7" testListId="8c84fa94-04c1-424b-9868-57a2d4851a1d" />
    <TestEntry testId="7742f8a4-b524-8418-3e42-94572e58ea85" executionId="f2f1a490-e51c-4d3c-a0b0-87b8aca50ca3" testListId="8c84fa94-04c1-424b-9868-57a2d4851a1d" />
    <TestEntry testId="cf84b7ec-cd7f-ae2c-d4fd-542c03ebdea9" executionId="efcd30d2-5a34-4857-bf16-74aaea0f153a" testListId="8c84fa94-04c1-424b-9868-57a2d4851a1d" />
    <TestEntry testId="312229e0-7722-5a64-625c-c70b33ebc0ed" executionId="53b1a6aa-4694-435e-ae90-d3fedf291083" testListId="8c84fa94-04c1-424b-9868-57a2d4851a1d" />
    <TestEntry testId="47640dd5-a1b1-e17e-a33e-61253b2a1c85" executionId="50a7cb5d-bfd9-4c74-af23-09b33a3af952" testListId="8c84fa94-04c1-424b-9868-57a2d4851a1d" />
    <TestEntry testId="f5445669-43ba-6d54-8564-853499572f07" executionId="35f7af72-a9df-42c6-a0ae-1ff81237717f" testListId="8c84fa94-04c1-424b-9868-57a2d4851a1d" />
    <TestEntry testId="33e78198-6e35-ee3a-4817-ac31f5eb04e5" executionId="4ef19e96-77a5-4004-aa62-f7b9262d2537" testListId="8c84fa94-04c1-424b-9868-57a2d4851a1d" />
    <TestEntry testId="5b4205d8-c74c-054d-0f0f-0690b6905908" executionId="6f55f6a7-856d-449e-b6c2-d63170f75dca" testListId="8c84fa94-04c1-424b-9868-57a2d4851a1d" />
    <TestEntry testId="107eabc5-a6da-8967-d62a-cc32fabff8f3" executionId="52cd7fa7-2705-42a1-854c-7f45d301f727" testListId="8c84fa94-04c1-424b-9868-57a2d4851a1d" />
    <TestEntry testId="6fcbe503-297d-7842-0021-2fffe82802e1" executionId="30e583d1-5bb6-4efc-9d73-8c30ecbf82d2" testListId="8c84fa94-04c1-424b-9868-57a2d4851a1d" />
    <TestEntry testId="0483b188-54aa-582f-d50c-01881d8e2d5d" executionId="f4ff48d5-b2c3-4a18-aa74-41a865ae3fa2" testListId="8c84fa94-04c1-424b-9868-57a2d4851a1d" />
    <TestEntry testId="b9791812-d5ec-c712-5aa1-f934543ca749" executionId="830f5d4b-2f4c-4696-97b8-eb8d85fce7f7" testListId="8c84fa94-04c1-424b-9868-57a2d4851a1d" />
    <TestEntry testId="68437558-f1dc-ceed-8412-f46f1b1ae510" executionId="68bb32c8-2d49-4506-bae3-023871b11d5b" testListId="8c84fa94-04c1-424b-9868-57a2d4851a1d" />
    <TestEntry testId="2a5d33c9-3f95-f6d5-9adc-0bbf81131515" executionId="c9b7245f-1322-4a85-8678-2ca91ee748d1" testListId="8c84fa94-04c1-424b-9868-57a2d4851a1d" />
    <TestEntry testId="65692c8e-88bd-d55a-a0b3-caeeedc271a1" executionId="b62fa280-b98b-471c-ad79-fae2b7f9014d" testListId="8c84fa94-04c1-424b-9868-57a2d4851a1d" />
    <TestEntry testId="e471f1d4-3522-e65c-2dfe-ea6708c9a905" executionId="06227ab1-dc0d-48a6-8332-dc50d9bdcb0b" testListId="8c84fa94-04c1-424b-9868-57a2d4851a1d" />
    <TestEntry testId="ef2eae91-6c24-c925-6699-0f50da1fc570" executionId="0e1034ef-0d5f-485f-969f-fb401749e20f" testListId="8c84fa94-04c1-424b-9868-57a2d4851a1d" />
    <TestEntry testId="b54d4d80-8505-fb58-e2fa-4b8054d9bef9" executionId="27141d18-dfda-46ff-aab6-fceb6afa4ac3" testListId="8c84fa94-04c1-424b-9868-57a2d4851a1d" />
    <TestEntry testId="fcce2538-cc0d-3350-5593-ffa92f192a52" executionId="66c7c3c4-abe5-4b06-af45-e265b662bf87" testListId="8c84fa94-04c1-424b-9868-57a2d4851a1d" />
    <TestEntry testId="b2029071-4f36-b6e9-3c85-531ed31561dc" executionId="c3a8edff-7eac-4b61-8a55-d66d7673cee3" testListId="8c84fa94-04c1-424b-9868-57a2d4851a1d" />
    <TestEntry testId="74a9c605-a1c8-e422-9762-4610872fe578" executionId="d5328b16-b426-483d-8750-b772a71c3bde" testListId="8c84fa94-04c1-424b-9868-57a2d4851a1d" />
    <TestEntry testId="6b6bb736-6c44-66bb-16ad-6d293023ee64" executionId="f2da556b-2f72-4703-b804-a6ad6a37913c" testListId="8c84fa94-04c1-424b-9868-57a2d4851a1d" />
    <TestEntry testId="12063cf2-efcf-728b-23ae-c1292658ce21" executionId="2ae96ffc-ced9-4a1b-8b83-8aa4b1d43529" testListId="8c84fa94-04c1-424b-9868-57a2d4851a1d" />
    <TestEntry testId="1db15543-6c02-69df-74e4-5c1a5a9ca3d4" executionId="ff7c5e0d-55a2-49e0-b8a6-033445beebf3" testListId="8c84fa94-04c1-424b-9868-57a2d4851a1d" />
    <TestEntry testId="ab8dc7a8-c4c9-6ab5-bcf7-3e855bb8de87" executionId="2689638f-ef0a-4f99-aaa9-0cb9255d9a8c" testListId="8c84fa94-04c1-424b-9868-57a2d4851a1d" />
    <TestEntry testId="b2202068-dd01-3c42-d6c6-818152ed9597" executionId="21b6c494-6ad6-46e4-82ac-3121a37aea7f" testListId="8c84fa94-04c1-424b-9868-57a2d4851a1d" />
    <TestEntry testId="94e5c3f8-51c6-0394-575b-0bd91d015ef3" executionId="03fc297d-7f1a-4e32-b4c0-f885b7ac7852" testListId="8c84fa94-04c1-424b-9868-57a2d4851a1d" />
    <TestEntry testId="0ae60d5c-36de-5631-4602-df30560678dd" executionId="4231f77a-2ad2-4615-a63c-41e9f164de54" testListId="8c84fa94-04c1-424b-9868-57a2d4851a1d" />
    <TestEntry testId="48cc01f6-a0cb-e570-4289-4b1f6bc69a17" executionId="eb8ada43-dae4-414e-9ed9-ac3e80e6eec3" testListId="8c84fa94-04c1-424b-9868-57a2d4851a1d" />
    <TestEntry testId="c8202ea2-df5f-deb2-454c-cff3b2ec9ce1" executionId="4342cd2c-1889-4e17-807c-cd0195fb3073" testListId="8c84fa94-04c1-424b-9868-57a2d4851a1d" />
    <TestEntry testId="6d028cae-975c-9626-0844-28571c5d64f9" executionId="e4450658-db24-428a-9226-ca5790662446" testListId="8c84fa94-04c1-424b-9868-57a2d4851a1d" />
    <TestEntry testId="5e06726d-c722-a0bd-a2c1-2825468b2b15" executionId="fbd501eb-e063-4140-b055-e72100340f32" testListId="8c84fa94-04c1-424b-9868-57a2d4851a1d" />
    <TestEntry testId="ec410477-3a9c-e23b-d91e-f2bb51b662b2" executionId="8cc4c82e-cda6-4dd7-bf66-8422edcafca8" testListId="8c84fa94-04c1-424b-9868-57a2d4851a1d" />
    <TestEntry testId="5db8d586-9bdd-f2f1-2cdf-0a275641de5c" executionId="b489a3c3-eb73-436d-9d7d-a967b7bb6df4" testListId="8c84fa94-04c1-424b-9868-57a2d4851a1d" />
    <TestEntry testId="06d4e42d-cb4c-4c11-b9eb-35069d860df1" executionId="34a76a44-356b-403d-8caf-30f48e8deffa" testListId="8c84fa94-04c1-424b-9868-57a2d4851a1d" />
    <TestEntry testId="56f329a8-fd15-1548-23f2-fcb402e9c480" executionId="4698a5df-ade3-4762-be9c-a2d49552a76f" testListId="8c84fa94-04c1-424b-9868-57a2d4851a1d" />
    <TestEntry testId="5424beba-b71d-4289-8a81-194d1376ec51" executionId="dd0e620b-0787-4410-9fb6-91e59fb85622" testListId="8c84fa94-04c1-424b-9868-57a2d4851a1d" />
    <TestEntry testId="a94255c8-6cfd-6a2e-7e27-13e06e71a968" executionId="edf2d003-3665-43bf-adb0-0ffa04422838" testListId="8c84fa94-04c1-424b-9868-57a2d4851a1d" />
    <TestEntry testId="d925d153-e12c-6dcf-09cc-189e9fc381bf" executionId="235b57cf-a275-4aa0-8bb9-0e5f0aca0aaf" testListId="8c84fa94-04c1-424b-9868-57a2d4851a1d" />
    <TestEntry testId="a98c2e19-eb41-cad2-08f2-c0b93de7ee3e" executionId="762a7317-9644-4020-a90f-eab1bb9cd1e0" testListId="8c84fa94-04c1-424b-9868-57a2d4851a1d" />
    <TestEntry testId="fcbc44af-6ece-1b6d-b15a-0ac5569dc501" executionId="cb467fe8-94da-4516-806a-cbeb66091333" testListId="8c84fa94-04c1-424b-9868-57a2d4851a1d" />
    <TestEntry testId="d1e1ab0c-7d74-af92-5fe8-9c7bce95e3bd" executionId="8298025e-a60a-4704-b47a-80ff986b373e" testListId="8c84fa94-04c1-424b-9868-57a2d4851a1d" />
    <TestEntry testId="7b75fd0b-13cd-07c8-f99d-280f138e0f65" executionId="f5ef5158-d3a4-465a-8fca-6a5082372d82" testListId="8c84fa94-04c1-424b-9868-57a2d4851a1d" />
    <TestEntry testId="90cde211-4a08-f849-89f3-e53a366c9c3c" executionId="90872d1e-763a-4bc9-9a03-b67e5a76806b" testListId="8c84fa94-04c1-424b-9868-57a2d4851a1d" />
    <TestEntry testId="6d5f0050-80f0-8e39-bb73-cffbc8ebef05" executionId="e5a950db-dd5e-4e9a-ae8e-037ffb4d94cf" testListId="8c84fa94-04c1-424b-9868-57a2d4851a1d" />
    <TestEntry testId="5406fb6b-8719-5ec0-fd3a-9d1d45929e4f" executionId="b37e17fe-3ea1-46c3-87cf-7a912804db00" testListId="8c84fa94-04c1-424b-9868-57a2d4851a1d" />
    <TestEntry testId="f35d4fb1-645e-abe5-c8af-3657cb078d61" executionId="25294269-6192-4c56-a500-551865a7e1f1" testListId="8c84fa94-04c1-424b-9868-57a2d4851a1d" />
    <TestEntry testId="4310c827-8132-10c8-838c-8aea506460dc" executionId="6fdffe23-9fa7-4416-b749-efa54685edd7" testListId="8c84fa94-04c1-424b-9868-57a2d4851a1d" />
    <TestEntry testId="e85fb801-fac4-3caf-4c68-9f4cc51c38b7" executionId="1b5b36bb-f625-49ee-982a-d230794254f5" testListId="8c84fa94-04c1-424b-9868-57a2d4851a1d" />
    <TestEntry testId="5e72fdcb-d208-7bdf-a586-0c95eaa2d468" executionId="e277e2e6-acae-4aa8-9b56-91464d3a25fb" testListId="8c84fa94-04c1-424b-9868-57a2d4851a1d" />
    <TestEntry testId="7e7a9ceb-8f29-c0e4-9bb3-61e83e1849ac" executionId="320a4169-b162-40df-b3f1-c13becbebcfa" testListId="8c84fa94-04c1-424b-9868-57a2d4851a1d" />
    <TestEntry testId="0d4cc550-08f2-1d1d-3223-67f19c0afe08" executionId="874511ec-e3ad-4773-800f-4d41d5c71833" testListId="8c84fa94-04c1-424b-9868-57a2d4851a1d" />
    <TestEntry testId="ee381c40-a08a-d490-b422-cd6ae96dc304" executionId="9e889720-0cfe-4af4-a8fa-627d3e3258fe" testListId="8c84fa94-04c1-424b-9868-57a2d4851a1d" />
    <TestEntry testId="6f14fc4c-bdba-997f-b189-7c5e690cf465" executionId="447724b5-a157-45dc-8dc7-47a0e325b38e" testListId="8c84fa94-04c1-424b-9868-57a2d4851a1d" />
    <TestEntry testId="93ba20f1-9560-40bb-06a0-4d9f99278d90" executionId="5fb629f9-0d9d-4e59-bec1-4184ca349a68" testListId="8c84fa94-04c1-424b-9868-57a2d4851a1d" />
    <TestEntry testId="0d85264b-28ff-8a50-788a-a26cf11e8acd" executionId="565ad9a2-24b6-4d9e-bd60-4c49b8bf83f3" testListId="8c84fa94-04c1-424b-9868-57a2d4851a1d" />
    <TestEntry testId="563887c9-636b-f0ac-8af4-cbcfddaaa4f4" executionId="e91a8f7d-8096-4b10-af82-6bc4ba61c25d" testListId="8c84fa94-04c1-424b-9868-57a2d4851a1d" />
    <TestEntry testId="ba3c0ef1-85c7-cb23-d4ed-21987be2659c" executionId="fc6de2bb-23c0-44a3-b1d2-71152780e542" testListId="8c84fa94-04c1-424b-9868-57a2d4851a1d" />
    <TestEntry testId="db93112d-82b9-9a4d-a7ab-6fb205fe04a5" executionId="9d7eb35c-df0f-4375-9aa2-3e7b6b853090" testListId="8c84fa94-04c1-424b-9868-57a2d4851a1d" />
    <TestEntry testId="b96dda28-dd27-8422-6b01-65ffbda5b871" executionId="7247041a-face-472f-822f-c86ccdd2e996" testListId="8c84fa94-04c1-424b-9868-57a2d4851a1d" />
    <TestEntry testId="5dae9a01-046a-f6ce-125e-8a65c01a7e5f" executionId="80f05cd5-aa20-478c-bfc2-c22c4968e0b1" testListId="8c84fa94-04c1-424b-9868-57a2d4851a1d" />
    <TestEntry testId="a347653d-56d8-e3e1-c5d9-0a7195129966" executionId="aff4d9fa-d998-47c9-bc70-6d262eb53b43" testListId="8c84fa94-04c1-424b-9868-57a2d4851a1d" />
    <TestEntry testId="9bc55912-1686-24c6-68d1-365735caec5d" executionId="310f8388-f78f-4e06-8e09-3b7875d7cb40" testListId="8c84fa94-04c1-424b-9868-57a2d4851a1d" />
    <TestEntry testId="ffa4b15a-3f25-01db-a3c4-70c5bbc70e72" executionId="620e2aa1-783d-4434-bc06-03798c0f6c82" testListId="8c84fa94-04c1-424b-9868-57a2d4851a1d" />
    <TestEntry testId="068e2f05-765b-0c1f-600d-3aa2168f0d4f" executionId="a5aa97a5-bf2e-489d-9b17-d9bc85831a88" testListId="8c84fa94-04c1-424b-9868-57a2d4851a1d" />
    <TestEntry testId="26272422-d4f8-7037-4e23-a6928ea25dc4" executionId="acdaaaac-4d33-4f33-b856-0f5e64ace099" testListId="8c84fa94-04c1-424b-9868-57a2d4851a1d" />
    <TestEntry testId="0f4f5e48-3a23-0fad-b4a2-fc4750dda3cd" executionId="131bdec1-a732-4a16-9284-ff16773dea42" testListId="8c84fa94-04c1-424b-9868-57a2d4851a1d" />
    <TestEntry testId="8b517c86-4ecc-dbbd-ff31-39c454c41be3" executionId="8b8caf03-67d6-4fb0-a069-55189ae3f22a" testListId="8c84fa94-04c1-424b-9868-57a2d4851a1d" />
    <TestEntry testId="95235238-1613-617d-5f3d-927cfdd5d472" executionId="f5eb7def-9247-4517-914f-31ffdd1e91d9" testListId="8c84fa94-04c1-424b-9868-57a2d4851a1d" />
    <TestEntry testId="2ff05efd-a118-5265-421f-8adc19a29796" executionId="b2b7eaf6-a910-4684-b13a-47c0b6a7cc0e" testListId="8c84fa94-04c1-424b-9868-57a2d4851a1d" />
    <TestEntry testId="14bb044e-e139-adf6-9be3-078c25461372" executionId="455cabb1-9deb-4f1a-b3ca-de053697ca43" testListId="8c84fa94-04c1-424b-9868-57a2d4851a1d" />
    <TestEntry testId="85d0f321-1adf-0a50-fcb5-5b02067c3ae4" executionId="90353278-61f6-47ae-a4b2-ae7524a485aa" testListId="8c84fa94-04c1-424b-9868-57a2d4851a1d" />
    <TestEntry testId="e3e5bf3f-16f2-8846-7289-33d35c738574" executionId="f3d4ef12-97a0-4714-b43c-018cae76df01" testListId="8c84fa94-04c1-424b-9868-57a2d4851a1d" />
    <TestEntry testId="75ff3f88-1bfc-4319-e9e6-4ccc76c10679" executionId="e9e98672-d4ac-4e97-a1fb-12961daf2b18" testListId="8c84fa94-04c1-424b-9868-57a2d4851a1d" />
    <TestEntry testId="65e60b04-78d2-0e70-5f91-7064613e7333" executionId="26cc876a-f53f-48c6-abe7-c773888e4bf2" testListId="8c84fa94-04c1-424b-9868-57a2d4851a1d" />
    <TestEntry testId="94c9c17d-5b29-dbc2-e9fb-ad06e996284d" executionId="38ee09a4-df6c-48cb-a699-bee360a70ada" testListId="8c84fa94-04c1-424b-9868-57a2d4851a1d" />
    <TestEntry testId="34485d63-da71-1b61-32bf-f506cca6b3cc" executionId="1fe46145-e9ae-4a5f-829e-af11f3ed6ecc" testListId="8c84fa94-04c1-424b-9868-57a2d4851a1d" />
    <TestEntry testId="57df223f-9162-d8c3-4092-79ad439b7133" executionId="74df0741-e622-4346-972d-dc800d8e9e39" testListId="8c84fa94-04c1-424b-9868-57a2d4851a1d" />
    <TestEntry testId="f4810eaf-c25a-8ccd-99f1-05c4d09bd707" executionId="ff997217-5423-43a1-b920-1d3de84d2c01" testListId="8c84fa94-04c1-424b-9868-57a2d4851a1d" />
    <TestEntry testId="96d443a5-b412-1807-e482-ec5c3f804441" executionId="acb33076-34f3-416c-addf-63f27bec006f" testListId="8c84fa94-04c1-424b-9868-57a2d4851a1d" />
    <TestEntry testId="b3831e90-6f33-ed0c-47d4-34fdb0707b81" executionId="24665e26-bfec-44ad-9268-2621d7527b19" testListId="8c84fa94-04c1-424b-9868-57a2d4851a1d" />
    <TestEntry testId="be9e4185-1684-9bad-f247-e9cf5d13e759" executionId="2e59c8e2-60cb-41bc-bbea-8d6a92bc9ffc" testListId="8c84fa94-04c1-424b-9868-57a2d4851a1d" />
    <TestEntry testId="d3b1268c-e5c8-9346-28e0-9cc9fcbbeb91" executionId="d647144b-334a-4708-93d5-1bf081c606c3" testListId="8c84fa94-04c1-424b-9868-57a2d4851a1d" />
    <TestEntry testId="fac02d44-6df3-b374-90e6-20208060241b" executionId="526174f5-1494-46f1-9662-15b58ac35c9b" testListId="8c84fa94-04c1-424b-9868-57a2d4851a1d" />
    <TestEntry testId="41ab09a6-a606-60bb-849d-3da88f8d54ca" executionId="c24be14c-bd0c-420d-8940-6f598f2b53f7" testListId="8c84fa94-04c1-424b-9868-57a2d4851a1d" />
    <TestEntry testId="064b3f69-67f3-b772-c461-123ebfc32894" executionId="214b3b29-b8be-4b50-a4d1-f71ea438149d" testListId="8c84fa94-04c1-424b-9868-57a2d4851a1d" />
    <TestEntry testId="741aff36-7393-b790-182c-a6809d68341e" executionId="e04be62a-d047-4216-bbd4-92683775045d" testListId="8c84fa94-04c1-424b-9868-57a2d4851a1d" />
    <TestEntry testId="92b7eb91-6797-4ea3-4c11-ac30d885a68f" executionId="8e29119a-6393-4dcd-ada2-1dcfb14f626f" testListId="8c84fa94-04c1-424b-9868-57a2d4851a1d" />
    <TestEntry testId="e2feb5aa-10d8-0e28-7457-57e55c9df55d" executionId="11c024c0-852b-4fd7-927e-09ae0ee0e6d5" testListId="8c84fa94-04c1-424b-9868-57a2d4851a1d" />
    <TestEntry testId="5b0f2072-7da6-7d6f-e27a-273ed9943e6b" executionId="11ba710f-9f4a-4ee7-98ee-bdbd54c41e27" testListId="8c84fa94-04c1-424b-9868-57a2d4851a1d" />
    <TestEntry testId="191f24c6-cafa-473a-7bf0-f0b451e605dc" executionId="01557c14-c7e6-4b5b-8c3c-88ea2c5a3e59" testListId="8c84fa94-04c1-424b-9868-57a2d4851a1d" />
    <TestEntry testId="4454e944-ee3f-9fb1-f480-006508c1cc2b" executionId="cb2bcf54-c6d9-427a-9307-dd9b60459c42" testListId="8c84fa94-04c1-424b-9868-57a2d4851a1d" />
    <TestEntry testId="681eba43-864c-06af-d147-aa378bd5c701" executionId="9dfd502c-cbdb-4895-a376-df99a3489bc1" testListId="8c84fa94-04c1-424b-9868-57a2d4851a1d" />
    <TestEntry testId="e5d573ef-e69c-862b-8cbc-95ce7e56f71c" executionId="c8eb7fc2-269d-4a17-a3ff-c396677a711d" testListId="8c84fa94-04c1-424b-9868-57a2d4851a1d" />
    <TestEntry testId="74235f5c-118a-7de4-9543-a82200fe6fb3" executionId="e0341622-e0bc-4f8e-8cb2-2093d79540be" testListId="8c84fa94-04c1-424b-9868-57a2d4851a1d" />
    <TestEntry testId="00f0ffec-a595-7222-bdfe-f607c208c489" executionId="34b20c2d-7f50-402f-a357-68b69d95b66a" testListId="8c84fa94-04c1-424b-9868-57a2d4851a1d" />
    <TestEntry testId="7de47ff0-007e-9cd3-e70d-b83cc5f42838" executionId="273704b0-0281-4948-8e4f-722864fe0e9e" testListId="8c84fa94-04c1-424b-9868-57a2d4851a1d" />
    <TestEntry testId="6173b0ef-554d-8313-a62e-deeee5a97c2a" executionId="03482432-7513-4f2e-a4a2-5d2bf7dc9cda" testListId="8c84fa94-04c1-424b-9868-57a2d4851a1d" />
    <TestEntry testId="17fa218c-c1a6-687b-c91d-11aad9d6292c" executionId="93adea45-752d-4518-88fa-bf49427fcb96" testListId="8c84fa94-04c1-424b-9868-57a2d4851a1d" />
    <TestEntry testId="498a1b1e-8d55-58c9-df64-d8e209ece96d" executionId="3f5c005e-8f35-4ed3-aad2-d35dbb997427" testListId="8c84fa94-04c1-424b-9868-57a2d4851a1d" />
    <TestEntry testId="2f51937b-491d-ee39-cc47-b416dfc84d31" executionId="b93349df-9002-4aa7-9daf-290fa444ab09" testListId="8c84fa94-04c1-424b-9868-57a2d4851a1d" />
    <TestEntry testId="39506e72-a1ba-9b82-776d-6b9f159b2bd6" executionId="6085d73b-533f-4446-8b54-e28a53040745" testListId="8c84fa94-04c1-424b-9868-57a2d4851a1d" />
    <TestEntry testId="980cc826-32b0-1279-cbe3-894a0cae1fcb" executionId="9d3dc958-ee0d-458e-8590-7a5102f5dc9d" testListId="8c84fa94-04c1-424b-9868-57a2d4851a1d" />
    <TestEntry testId="9dd8c348-d98a-4fb4-2d5a-fe752bf9cfa1" executionId="3c713346-0847-419d-8c48-a0617ac97be0" testListId="8c84fa94-04c1-424b-9868-57a2d4851a1d" />
    <TestEntry testId="16b79f55-7c64-2cf6-1f7d-ae933270c74d" executionId="24d7609d-6abb-4881-8d3e-df31a0e192cf" testListId="8c84fa94-04c1-424b-9868-57a2d4851a1d" />
    <TestEntry testId="25f38605-f8c7-ce11-a81c-bbb611d669a8" executionId="eb79ba7a-ba15-4057-915e-faf72afa0345" testListId="8c84fa94-04c1-424b-9868-57a2d4851a1d" />
    <TestEntry testId="60527f47-88dc-f9e7-77dd-a011437721a0" executionId="eea2fa76-47a0-4679-b68f-0bad6933b0fd" testListId="8c84fa94-04c1-424b-9868-57a2d4851a1d" />
    <TestEntry testId="d4e4459e-4e4b-4bcc-ed18-0a5cf77820ee" executionId="9d9aec77-c364-4ff8-a866-ffcb52c5f026" testListId="8c84fa94-04c1-424b-9868-57a2d4851a1d" />
    <TestEntry testId="80b3121a-e8ab-643d-3cdf-cd8378f18f5d" executionId="4f59ec51-85ba-43b2-98ef-915e5e317bd4" testListId="8c84fa94-04c1-424b-9868-57a2d4851a1d" />
    <TestEntry testId="54c26366-b994-f623-6449-0f14a6e33a8e" executionId="57bc8665-8945-4cd8-a660-ff1eb8e022bf" testListId="8c84fa94-04c1-424b-9868-57a2d4851a1d" />
    <TestEntry testId="27b086e7-540b-b83b-f35a-982c0ab0cbc8" executionId="b59b621d-703c-4a51-99af-e5f664bac3d7" testListId="8c84fa94-04c1-424b-9868-57a2d4851a1d" />
    <TestEntry testId="ba4cabca-f150-4d30-24b9-afc75cce1b1d" executionId="01c0f4de-8795-4454-8b30-5c8cc9fd0b08" testListId="8c84fa94-04c1-424b-9868-57a2d4851a1d" />
    <TestEntry testId="70971d6f-006f-6b7c-1193-edcff8bb49bd" executionId="9843e44d-6088-492b-9f92-7ffbcb4137a3" testListId="8c84fa94-04c1-424b-9868-57a2d4851a1d" />
    <TestEntry testId="9d329994-74e3-8238-a429-3b094a215384" executionId="ced2aa46-f36a-4607-9b8d-752d2b4335c6" testListId="8c84fa94-04c1-424b-9868-57a2d4851a1d" />
    <TestEntry testId="8b1df241-cd7c-f32a-3610-e625520de45c" executionId="695c4f71-f5ab-4a34-8843-32f918980bf1" testListId="8c84fa94-04c1-424b-9868-57a2d4851a1d" />
    <TestEntry testId="b9904c9a-5040-ba62-e9bc-f8b6ed5155cc" executionId="50fbbf98-a59c-4e0e-a9bc-96f68755bdd7" testListId="8c84fa94-04c1-424b-9868-57a2d4851a1d" />
    <TestEntry testId="7341f2f1-623e-04bc-4ea8-e3b71c886ef5" executionId="513a5fa6-82c5-4ef3-9014-20ed975b046d" testListId="8c84fa94-04c1-424b-9868-57a2d4851a1d" />
    <TestEntry testId="c0e40020-563b-4172-51b7-b2482962237f" executionId="138f959a-8b28-4afa-b899-140247a71494" testListId="8c84fa94-04c1-424b-9868-57a2d4851a1d" />
    <TestEntry testId="fc139a75-8e92-2cdc-a74b-7704ee99f36e" executionId="cc25a0cb-f292-41b3-b8c8-942697cdf73b" testListId="8c84fa94-04c1-424b-9868-57a2d4851a1d" />
    <TestEntry testId="3ee5c1cb-2da7-8d79-fdd9-2e8056204da5" executionId="2a13af52-dee9-4b5a-ba40-a3ae81cbf010" testListId="8c84fa94-04c1-424b-9868-57a2d4851a1d" />
    <TestEntry testId="9ff8214d-c722-b098-f3f1-c9433165eb3e" executionId="6731b548-823a-4c09-bf5c-a93ec4abf0e4" testListId="8c84fa94-04c1-424b-9868-57a2d4851a1d" />
    <TestEntry testId="f5005190-7aeb-6ec1-75a0-2601b198d66e" executionId="1a6dd960-2c7f-4947-8678-0ed9254634fe" testListId="8c84fa94-04c1-424b-9868-57a2d4851a1d" />
    <TestEntry testId="1cb4a5d7-d8ea-0925-ea58-6b3a23476ff8" executionId="f88ff3a1-cbb4-47d1-b550-1479eb68392a" testListId="8c84fa94-04c1-424b-9868-57a2d4851a1d" />
    <TestEntry testId="7ab556a2-1595-6a91-9504-077b9dfa0dcd" executionId="ccb7a74f-e470-4ddf-8aa0-6639113c380d" testListId="8c84fa94-04c1-424b-9868-57a2d4851a1d" />
    <TestEntry testId="e34de6a5-5f57-c953-a0ee-421d62e26c4c" executionId="cf7033e3-87b3-4b0d-88f4-12c30c269e84" testListId="8c84fa94-04c1-424b-9868-57a2d4851a1d" />
    <TestEntry testId="f8511e92-1ab8-f006-d255-49913a7dc87b" executionId="b07234a0-0d16-42d0-a5ee-a87fbe25642d" testListId="8c84fa94-04c1-424b-9868-57a2d4851a1d" />
    <TestEntry testId="469b6c93-9fac-5d69-6a28-11af7773706e" executionId="71e396ef-2e8d-4a43-9e79-250803ccbd80" testListId="8c84fa94-04c1-424b-9868-57a2d4851a1d" />
    <TestEntry testId="86a614c5-a9e3-9e38-ecb7-023ac78c15b1" executionId="1f6856fb-4261-4ff0-866c-cb6c1bb6f72e" testListId="8c84fa94-04c1-424b-9868-57a2d4851a1d" />
    <TestEntry testId="f677ecbc-a37b-de6c-6108-d44b19746e79" executionId="91dbaa44-59e4-4e02-bdaa-e3fa4ec17cce" testListId="8c84fa94-04c1-424b-9868-57a2d4851a1d" />
    <TestEntry testId="6dc566b7-501d-6a76-aef9-9eb9f149ccba" executionId="f90adfc0-8905-4c86-b900-fd655bbdf60e" testListId="8c84fa94-04c1-424b-9868-57a2d4851a1d" />
    <TestEntry testId="7c19b165-d79b-e1ec-0b22-be461dcaa9e8" executionId="3376212c-84a6-4bbc-9e8c-d0d26f16cfc8" testListId="8c84fa94-04c1-424b-9868-57a2d4851a1d" />
    <TestEntry testId="c662972b-d138-6dfa-90dd-ad50777013ca" executionId="f61fc6ea-1db7-4430-a10d-fb396000f314" testListId="8c84fa94-04c1-424b-9868-57a2d4851a1d" />
    <TestEntry testId="b59ba4a6-fee4-5dbb-65c9-c1c9b74d3142" executionId="d5fe6123-5be7-4cee-99e4-6d3ba65fb1be" testListId="8c84fa94-04c1-424b-9868-57a2d4851a1d" />
    <TestEntry testId="f6b2ccce-1127-a730-3d1d-178de6661793" executionId="d10c60ef-5c4c-4743-9676-24e63812fd44" testListId="8c84fa94-04c1-424b-9868-57a2d4851a1d" />
    <TestEntry testId="722b9d2d-ea17-19b7-89c3-539cfe113091" executionId="277aebe8-d8e1-43ad-990d-f1baee6b2c37" testListId="8c84fa94-04c1-424b-9868-57a2d4851a1d" />
    <TestEntry testId="cfea9707-a327-a551-4a0d-1f2c971adbba" executionId="d69a19ff-e0c3-4be4-8103-0d4a5d082d3d" testListId="8c84fa94-04c1-424b-9868-57a2d4851a1d" />
    <TestEntry testId="35fc3889-4196-1a67-5fa1-0ace74d39e3e" executionId="045c8a05-57b1-4dfd-bec1-8da3b7c0bbd1" testListId="8c84fa94-04c1-424b-9868-57a2d4851a1d" />
    <TestEntry testId="fc5332c2-45c0-4c4b-b897-739bffc8971f" executionId="7efc4c68-fd51-45a2-acc7-23e7ff4c45c9" testListId="8c84fa94-04c1-424b-9868-57a2d4851a1d" />
    <TestEntry testId="b3bb629b-5506-468f-c9ec-1ff55314abb1" executionId="5195b58a-84c8-47bd-992b-0d7bc661f660" testListId="8c84fa94-04c1-424b-9868-57a2d4851a1d" />
    <TestEntry testId="a896ce4d-9b37-5a77-3f77-eed614e9f3c5" executionId="e4d1afc1-8e16-40aa-8129-060913c7008b" testListId="8c84fa94-04c1-424b-9868-57a2d4851a1d" />
    <TestEntry testId="74b712ed-fbd1-84c8-6671-8b363a4b5ed4" executionId="45018ea6-5816-4d6f-bd04-fd996df0b2dc" testListId="8c84fa94-04c1-424b-9868-57a2d4851a1d" />
    <TestEntry testId="15ce45c8-1c40-ad16-f9e1-9bd9c36f7d92" executionId="096a7957-20de-47aa-a67e-67e7868b6fb5" testListId="8c84fa94-04c1-424b-9868-57a2d4851a1d" />
    <TestEntry testId="7d40ebe1-d42f-de08-7005-707d1ccb79cc" executionId="2bed841c-cda0-4895-9cff-6df55179f125" testListId="8c84fa94-04c1-424b-9868-57a2d4851a1d" />
    <TestEntry testId="328dbfdf-4def-bb23-125d-ff72ae5a4d4b" executionId="6b677705-d90a-4fca-8d6b-8dce33c5657c" testListId="8c84fa94-04c1-424b-9868-57a2d4851a1d" />
    <TestEntry testId="ee236025-a3ef-2b65-68c8-7e82408d2c64" executionId="d486feaf-adff-438a-990a-8e87851a25f5" testListId="8c84fa94-04c1-424b-9868-57a2d4851a1d" />
    <TestEntry testId="927fcf95-531f-3f66-c3c7-cf916d91798a" executionId="4e7bf7dd-e7c5-49e7-a8e3-19a27c6c224c" testListId="8c84fa94-04c1-424b-9868-57a2d4851a1d" />
    <TestEntry testId="7f4b45fc-bcbc-cff9-5b5a-d61b84af45ea" executionId="0d9d7c64-8e26-4b12-aeaf-849746962eee" testListId="8c84fa94-04c1-424b-9868-57a2d4851a1d" />
    <TestEntry testId="f8e45d3c-bc2e-c406-bf26-1412484b3765" executionId="d9e7c69d-04f0-433f-9cb9-effc91db3a77" testListId="8c84fa94-04c1-424b-9868-57a2d4851a1d" />
    <TestEntry testId="d776dd0e-1b9f-23c9-6c36-ef24ebd3877e" executionId="d05ec182-fbd0-448e-9860-74c0227da033" testListId="8c84fa94-04c1-424b-9868-57a2d4851a1d" />
    <TestEntry testId="4512c517-1140-ea2e-3ea2-ad7a703260fc" executionId="0b6cd73d-8569-4b91-91e7-c4858926c354" testListId="8c84fa94-04c1-424b-9868-57a2d4851a1d" />
    <TestEntry testId="7d7b3ed1-b536-e007-4d25-d39cd2343640" executionId="6717cbeb-7315-457e-bd69-3281aaee48e5" testListId="8c84fa94-04c1-424b-9868-57a2d4851a1d" />
    <TestEntry testId="77cb843b-3732-90ac-376f-355a10166c3a" executionId="1fb93db4-57f8-4aef-9106-9bff146a04a4" testListId="8c84fa94-04c1-424b-9868-57a2d4851a1d" />
    <TestEntry testId="965058a9-623e-3f67-ec48-3e2a86175441" executionId="f7656840-c469-4256-ab37-e55ac64e2a70" testListId="8c84fa94-04c1-424b-9868-57a2d4851a1d" />
    <TestEntry testId="28b4eabe-a0f3-1367-b991-9614f5f0138f" executionId="101db7db-e0c8-4b49-a4a4-0beb74efdbfd" testListId="8c84fa94-04c1-424b-9868-57a2d4851a1d" />
    <TestEntry testId="50e69c9f-c2c3-75fa-6a94-ef83d708bdd2" executionId="71674756-095a-46b5-aee7-11afe8d70048" testListId="8c84fa94-04c1-424b-9868-57a2d4851a1d" />
    <TestEntry testId="b9c26381-be61-0d48-aaab-d2f8534fc41c" executionId="d888aff3-1877-4bc1-badb-fffd92c8a21c" testListId="8c84fa94-04c1-424b-9868-57a2d4851a1d" />
    <TestEntry testId="72cd4159-9587-7825-bbb7-2e75ce7e55a6" executionId="d2ef5619-8fcb-4caa-9bc0-13e2c5f6369e" testListId="8c84fa94-04c1-424b-9868-57a2d4851a1d" />
    <TestEntry testId="2c38eb3c-edb8-62c6-4b8c-05eb78ccfdcb" executionId="d1f8a782-2c8b-4f81-8de0-85ca79d7b90c" testListId="8c84fa94-04c1-424b-9868-57a2d4851a1d" />
    <TestEntry testId="be8725ff-af8f-b1a5-1ead-818d159b9d06" executionId="6c63100f-86a3-42a0-85ff-ce9438184ff9" testListId="8c84fa94-04c1-424b-9868-57a2d4851a1d" />
    <TestEntry testId="d37396c4-706b-954c-813b-c11650de9149" executionId="c1726815-fa58-4835-9463-a7a7aefe2e4d" testListId="8c84fa94-04c1-424b-9868-57a2d4851a1d" />
    <TestEntry testId="119397cd-d70f-a4d1-b4e5-13839acd1c1a" executionId="b06f0df5-1632-4339-a8b1-834078eb62a1" testListId="8c84fa94-04c1-424b-9868-57a2d4851a1d" />
    <TestEntry testId="132fb741-b774-7c99-6c3f-97a7e4f0a892" executionId="38163f4c-f050-423c-ac1d-a849ec07ce2a" testListId="8c84fa94-04c1-424b-9868-57a2d4851a1d" />
    <TestEntry testId="5a9790d2-e1ee-ca82-aad1-0f90112fc2a3" executionId="df3ed6a9-14ec-407d-83e6-33246487970f" testListId="8c84fa94-04c1-424b-9868-57a2d4851a1d" />
    <TestEntry testId="e26f4201-f75a-1586-7de9-98e66dbcbc84" executionId="9e49a1e9-1a96-4ac3-a02f-3b409e224491" testListId="8c84fa94-04c1-424b-9868-57a2d4851a1d" />
    <TestEntry testId="58009c76-a7f8-ab75-d0ee-0e2850e4cba7" executionId="961ab1fc-327f-4ec7-a416-eb98c08d1e3c" testListId="8c84fa94-04c1-424b-9868-57a2d4851a1d" />
    <TestEntry testId="b14b75d3-0232-b49c-3438-c0a1d5683317" executionId="05d8a08c-7998-4e66-9641-c879626b5370" testListId="8c84fa94-04c1-424b-9868-57a2d4851a1d" />
    <TestEntry testId="aff89e7a-22e7-3b3e-1ce8-459408217c65" executionId="ee97a771-7526-44ea-8df1-bbe52a487897" testListId="8c84fa94-04c1-424b-9868-57a2d4851a1d" />
    <TestEntry testId="9c54aa12-fd89-c33f-e419-3ea044930a92" executionId="456eb35c-2317-4c4d-9cd7-0683c553e982" testListId="8c84fa94-04c1-424b-9868-57a2d4851a1d" />
    <TestEntry testId="5f5ad44f-fb33-632b-1ec5-5b33da5768be" executionId="7e5f9a63-afaf-4293-8256-b2fb15c28782" testListId="8c84fa94-04c1-424b-9868-57a2d4851a1d" />
    <TestEntry testId="0d129f65-608c-48fe-7bbe-617ecdfce641" executionId="d8f08ac8-694c-4581-aa96-d6ee295595f0" testListId="8c84fa94-04c1-424b-9868-57a2d4851a1d" />
    <TestEntry testId="db90cdae-a1b2-7ef2-1d5f-4ab928bf4951" executionId="e12f6ac6-03b6-4789-bff3-61d7bab7852e" testListId="8c84fa94-04c1-424b-9868-57a2d4851a1d" />
    <TestEntry testId="9ba4c605-3db2-635c-6ef2-1a1621029992" executionId="c449f56e-4fdd-4a2b-8305-8791db7cf9ae" testListId="8c84fa94-04c1-424b-9868-57a2d4851a1d" />
    <TestEntry testId="614b25d2-4e64-81da-811c-e98afd41cfa9" executionId="35d8431c-05fa-43ac-a664-7ba5cdadc546" testListId="8c84fa94-04c1-424b-9868-57a2d4851a1d" />
    <TestEntry testId="570cf49d-26a6-95e2-438c-089ddd4d2611" executionId="1309280d-4fba-4eda-90f6-fe789b5fc759" testListId="8c84fa94-04c1-424b-9868-57a2d4851a1d" />
    <TestEntry testId="2aeb6082-964c-c7ba-b810-10d68371df21" executionId="d0906d51-03c5-4bc9-b203-bb9ab0c16c34" testListId="8c84fa94-04c1-424b-9868-57a2d4851a1d" />
    <TestEntry testId="7d73819b-52be-a083-7d5b-131c90c6cd56" executionId="6152ad82-4031-4e62-af9e-53742619331f" testListId="8c84fa94-04c1-424b-9868-57a2d4851a1d" />
    <TestEntry testId="d58b10c0-7bb1-d2e3-962a-3f9a53f47417" executionId="46a0c7af-351e-4a88-8d49-876c045c5db9" testListId="8c84fa94-04c1-424b-9868-57a2d4851a1d" />
    <TestEntry testId="e97ae24f-ac2f-4345-2c2a-54c942d7e945" executionId="133f03b4-41ec-4c9b-acd5-a01bf556fd4c" testListId="8c84fa94-04c1-424b-9868-57a2d4851a1d" />
    <TestEntry testId="276fa930-eaef-9c23-a1f1-181422ff1972" executionId="9025e42b-03e0-4c52-b0da-c0545b294d65" testListId="8c84fa94-04c1-424b-9868-57a2d4851a1d" />
    <TestEntry testId="f61aa4ea-5d02-860f-5b68-3190614555ab" executionId="f2acf807-2db1-42d7-ac14-f62e1ebcde8d" testListId="8c84fa94-04c1-424b-9868-57a2d4851a1d" />
    <TestEntry testId="c1426c9a-c6b9-d2a8-9060-49b1d7b4553b" executionId="f1ba65e0-ed55-41db-b211-80ba96a58aed" testListId="8c84fa94-04c1-424b-9868-57a2d4851a1d" />
    <TestEntry testId="a09877a3-2e7a-2013-5f63-728327952c1b" executionId="878d12a6-bde0-43d6-b520-39f259ae058d" testListId="8c84fa94-04c1-424b-9868-57a2d4851a1d" />
    <TestEntry testId="a2e081e8-4047-25ab-0438-a7e5e3258edc" executionId="64bfb94a-06ce-4421-9989-2b95ea50d548" testListId="8c84fa94-04c1-424b-9868-57a2d4851a1d" />
    <TestEntry testId="e383c712-b012-a5d0-3339-d1060b601c1b" executionId="e9d5c8ed-4e11-4415-b6f4-8e7e9babae3c" testListId="8c84fa94-04c1-424b-9868-57a2d4851a1d" />
    <TestEntry testId="0f71beb8-8234-9e66-2883-a16e9eed4485" executionId="d76c0c64-4a56-4fdc-a736-b8804aba4891" testListId="8c84fa94-04c1-424b-9868-57a2d4851a1d" />
    <TestEntry testId="3989b743-87a0-8a10-8f96-8667b762d36d" executionId="df3ef9f5-05cb-4a65-8893-ec8133306de8" testListId="8c84fa94-04c1-424b-9868-57a2d4851a1d" />
    <TestEntry testId="7ba31baf-48d0-73d7-0128-b14ca25f62b0" executionId="1a50ecf5-5eea-4a61-8de6-c70a66ccd35d" testListId="8c84fa94-04c1-424b-9868-57a2d4851a1d" />
    <TestEntry testId="37dea49a-b52b-ae1d-b76e-4cf26b121918" executionId="59658141-d719-4eba-8197-2970a7933e8f" testListId="8c84fa94-04c1-424b-9868-57a2d4851a1d" />
    <TestEntry testId="b74f2889-3d4b-c5bd-339c-e731c9bd4104" executionId="d51d5ca3-3ca6-414c-9cce-47890e188fb1" testListId="8c84fa94-04c1-424b-9868-57a2d4851a1d" />
    <TestEntry testId="ff051a78-1ed7-0693-1c8c-ec554b972657" executionId="4791f3b0-1a59-4622-b202-50a5067c1cd4" testListId="8c84fa94-04c1-424b-9868-57a2d4851a1d" />
    <TestEntry testId="acb75f21-d78a-1ad7-20b2-f18a1ce3ed5b" executionId="9381c703-bb44-4e4d-a4cb-4bf4d97a646b" testListId="8c84fa94-04c1-424b-9868-57a2d4851a1d" />
    <TestEntry testId="bcddb465-d4df-8ce2-78ba-0d4593ba74d4" executionId="20c67970-4551-4002-b8de-9461ad62433d" testListId="8c84fa94-04c1-424b-9868-57a2d4851a1d" />
    <TestEntry testId="346eba0b-3fe1-729b-0dab-a339275e6271" executionId="7dbaecb6-b3bf-4406-84dc-76d051142ac8" testListId="8c84fa94-04c1-424b-9868-57a2d4851a1d" />
    <TestEntry testId="57da0f68-7023-b63f-5b58-1dce319ffd16" executionId="81dbdfc3-5870-471c-9fc2-661d089340c4" testListId="8c84fa94-04c1-424b-9868-57a2d4851a1d" />
    <TestEntry testId="0499f8db-8814-0463-5a65-b7916eed98ff" executionId="675d3f45-10d6-408e-8d65-0bf65bab6c80" testListId="8c84fa94-04c1-424b-9868-57a2d4851a1d" />
    <TestEntry testId="e595add4-bcda-a0a0-dd12-662be2763166" executionId="cec00e8e-24b3-4fc1-b84d-c333475fa4a5" testListId="8c84fa94-04c1-424b-9868-57a2d4851a1d" />
    <TestEntry testId="aee14421-254e-91f0-aee7-822e2c77dcaf" executionId="f788703c-5c96-4580-97aa-fab13154a755" testListId="8c84fa94-04c1-424b-9868-57a2d4851a1d" />
    <TestEntry testId="9722fc3f-ffbb-0af0-c32b-f61197bc1583" executionId="7991310f-99f2-4642-917a-28edb6be9884" testListId="8c84fa94-04c1-424b-9868-57a2d4851a1d" />
    <TestEntry testId="4e64cd4b-8460-795a-a6d1-2ef8580cfe6b" executionId="89c1a6d0-d79b-40cb-ac42-8e21dbd1c8f4" testListId="8c84fa94-04c1-424b-9868-57a2d4851a1d" />
    <TestEntry testId="0cdc9156-e241-29c7-9c82-8f6c7d7b3ba1" executionId="a23de25c-1ab5-4535-8742-6229c25f3386" testListId="8c84fa94-04c1-424b-9868-57a2d4851a1d" />
    <TestEntry testId="b883da1f-1bae-51fc-0cfe-8a9b346f1545" executionId="80f917bc-9a2e-4909-b521-f09adcecb9fe" testListId="8c84fa94-04c1-424b-9868-57a2d4851a1d" />
    <TestEntry testId="6aa0d825-352e-12e2-e9d6-4b6970a56970" executionId="eed9fd75-dbe0-4576-9672-e110757e59fd" testListId="8c84fa94-04c1-424b-9868-57a2d4851a1d" />
    <TestEntry testId="696e11a1-5e0c-2d42-2d8d-8b4a1a32ac32" executionId="3e3f78ab-436f-41c1-b9fe-d651621b7d43" testListId="8c84fa94-04c1-424b-9868-57a2d4851a1d" />
    <TestEntry testId="587df245-1c49-9c48-2cfe-e0f6292e9a0b" executionId="d4207ee0-dc40-413f-9dd9-03d83ab05eec" testListId="8c84fa94-04c1-424b-9868-57a2d4851a1d" />
    <TestEntry testId="8fe7098d-89ed-03ab-9d4e-6890a79e2249" executionId="12fab26a-a919-4817-ab6b-adf6189af0f4" testListId="8c84fa94-04c1-424b-9868-57a2d4851a1d" />
    <TestEntry testId="4778ba7d-c1cd-e2b9-8b26-f1a8ebd138db" executionId="10818e2d-12b5-44fa-95bc-a8b2f4b30b9d" testListId="8c84fa94-04c1-424b-9868-57a2d4851a1d" />
    <TestEntry testId="6eef128e-2629-28c4-294e-caa9abfe1e77" executionId="abb83943-62de-4e50-9d3a-04315c03a22d" testListId="8c84fa94-04c1-424b-9868-57a2d4851a1d" />
    <TestEntry testId="7acd33de-a768-4317-b8ff-7e2c3b59ddd9" executionId="057a8b37-f13a-44a6-8dfe-57898c603321" testListId="8c84fa94-04c1-424b-9868-57a2d4851a1d" />
    <TestEntry testId="593585a6-465f-1c6a-563c-a1e9a0b919bc" executionId="3aec8091-8823-47f5-95d4-139a6ae45f9b" testListId="8c84fa94-04c1-424b-9868-57a2d4851a1d" />
    <TestEntry testId="d1f6ebcd-23a6-1f36-1b44-9c7daaeece12" executionId="db63a43f-9b42-4b25-abb0-9e35e33f4918" testListId="8c84fa94-04c1-424b-9868-57a2d4851a1d" />
    <TestEntry testId="37f295ea-a71c-767d-60f9-6996f22b64ec" executionId="3daa1293-d973-41e2-b432-67648653fe2b" testListId="8c84fa94-04c1-424b-9868-57a2d4851a1d" />
    <TestEntry testId="f4ac5019-96c6-7ecf-4bd3-a321bb9fbd1b" executionId="24ac324d-e8c4-4743-8f90-3c380f69a173" testListId="8c84fa94-04c1-424b-9868-57a2d4851a1d" />
    <TestEntry testId="feac0fb9-cc87-e079-1135-a7b100b0efdb" executionId="b347a277-32e3-4290-8be1-4f1ef0f1a3a7" testListId="8c84fa94-04c1-424b-9868-57a2d4851a1d" />
    <TestEntry testId="45542875-edb0-b681-0266-836ee63c8265" executionId="8dd64a8d-600f-4c6a-a31f-e9161232cbe0" testListId="8c84fa94-04c1-424b-9868-57a2d4851a1d" />
    <TestEntry testId="c253276f-70f0-723b-e4d4-4f6ba733d3e3" executionId="4b973bb9-40c5-4c71-8a1e-f5a532df51b3" testListId="8c84fa94-04c1-424b-9868-57a2d4851a1d" />
    <TestEntry testId="02d48d3d-d6c9-1a18-80ad-319bd27a7c51" executionId="28b2757f-037f-460a-ae40-79c45fe26cc1" testListId="8c84fa94-04c1-424b-9868-57a2d4851a1d" />
    <TestEntry testId="faf844ee-86b2-0372-521d-036a0449add9" executionId="f64b4400-517d-4fd1-971c-12167839c0fc" testListId="8c84fa94-04c1-424b-9868-57a2d4851a1d" />
    <TestEntry testId="9ba25b4a-fbbc-78e4-6dfd-938192b3d92a" executionId="c8b8d90e-aa02-4a16-8b72-9cec5c53abbb" testListId="8c84fa94-04c1-424b-9868-57a2d4851a1d" />
    <TestEntry testId="1b4f53b0-210d-1a1d-f735-fed942fd893a" executionId="b71b5dfc-b5ae-48c3-8b80-12b8c37e6bf9" testListId="8c84fa94-04c1-424b-9868-57a2d4851a1d" />
    <TestEntry testId="84c41830-efa0-e72a-d31e-f4dffe59a417" executionId="312ca975-622e-4e4e-ad42-bcdd6c1e25dc" testListId="8c84fa94-04c1-424b-9868-57a2d4851a1d" />
    <TestEntry testId="78283b39-3890-a1d3-9ab2-4d160980e1be" executionId="c07efa65-ba94-410f-b61c-6e1ca054d205" testListId="8c84fa94-04c1-424b-9868-57a2d4851a1d" />
    <TestEntry testId="68568c0e-34c8-ee1e-1dbe-2e08270bc44b" executionId="3ca5e0de-0503-44c7-9411-926277132c0c" testListId="8c84fa94-04c1-424b-9868-57a2d4851a1d" />
    <TestEntry testId="89b3c6f3-c499-d450-f7a3-676712a1db13" executionId="3ce6cab8-59e5-47a9-a4f2-6300469e12e3" testListId="8c84fa94-04c1-424b-9868-57a2d4851a1d" />
    <TestEntry testId="824eaf78-9511-6d1e-a840-6111b3cf3560" executionId="a2ac270f-cbbd-4e0f-8aa2-56697be5ca6f" testListId="8c84fa94-04c1-424b-9868-57a2d4851a1d" />
    <TestEntry testId="6da55146-0dbd-deb8-a9b1-adaea7e2c0eb" executionId="a6bdd0a3-3ee6-401c-9a6f-b396f79ca235" testListId="8c84fa94-04c1-424b-9868-57a2d4851a1d" />
    <TestEntry testId="1ee676a8-9805-4796-9011-298c4756e2c6" executionId="e2f7c5e1-a1cf-417d-8f24-67e59a92b8eb" testListId="8c84fa94-04c1-424b-9868-57a2d4851a1d" />
    <TestEntry testId="44fbf419-0a78-5721-09fe-5ca5b972f5c8" executionId="53c6c7a6-3af5-435f-9c07-f2b22ec72668" testListId="8c84fa94-04c1-424b-9868-57a2d4851a1d" />
    <TestEntry testId="43d5f9d3-a769-2031-265f-e115be4193e2" executionId="0a75435b-e32e-4e50-b636-d18bd8847d4b" testListId="8c84fa94-04c1-424b-9868-57a2d4851a1d" />
    <TestEntry testId="a7e2cf6c-65c4-8db2-c00e-a4ed57404841" executionId="9a5c3f98-95ee-436d-8646-b2519433a2c4" testListId="8c84fa94-04c1-424b-9868-57a2d4851a1d" />
    <TestEntry testId="ae740c99-3c3a-3e65-d967-9f57dc307820" executionId="8dc31c0c-3cb8-45e6-bd5a-4cd7c34d00cc" testListId="8c84fa94-04c1-424b-9868-57a2d4851a1d" />
    <TestEntry testId="aaeac908-ec85-0403-dc8f-861a68273bb8" executionId="cdcbe3fd-2e91-4958-bdbe-4121f828eaab" testListId="8c84fa94-04c1-424b-9868-57a2d4851a1d" />
    <TestEntry testId="918449ac-7842-0217-48ec-6ef6d3756493" executionId="771d3241-6fb1-49cc-a283-ca6b47162097" testListId="8c84fa94-04c1-424b-9868-57a2d4851a1d" />
    <TestEntry testId="92bfa08a-7b93-51c5-e613-5cc06a9ca4a0" executionId="859ae64f-1eb3-47bb-bf3a-83dd8d5cea57" testListId="8c84fa94-04c1-424b-9868-57a2d4851a1d" />
    <TestEntry testId="de80d1b0-e69d-b886-8aee-77793ad94c94" executionId="36f4a153-e0bb-4eea-8777-e3de9506c233" testListId="8c84fa94-04c1-424b-9868-57a2d4851a1d" />
    <TestEntry testId="31b4172c-65bb-7bd4-9388-183081d5bde8" executionId="3756aae0-4d46-41d9-a375-0bed632c74cb" testListId="8c84fa94-04c1-424b-9868-57a2d4851a1d" />
    <TestEntry testId="60b355dc-bc58-c15e-650d-b3b1a5fc1cae" executionId="9d8a2478-1d95-4f57-8910-cdd09f9b85c6" testListId="8c84fa94-04c1-424b-9868-57a2d4851a1d" />
    <TestEntry testId="50c4d015-fb9a-ffd8-e6c9-f196b9c89e67" executionId="6392800c-56c2-44e5-bec9-360495fe9d45" testListId="8c84fa94-04c1-424b-9868-57a2d4851a1d" />
    <TestEntry testId="715d0369-27be-2c88-65b5-10c8e2e568de" executionId="5c9c2a0f-78b8-43da-b9d2-bd76950d1ef3" testListId="8c84fa94-04c1-424b-9868-57a2d4851a1d" />
    <TestEntry testId="45821aef-b05c-2d6c-576e-e2bf4be4b2aa" executionId="1fa1bc53-4e06-4ef2-a520-54b55a6d85c4" testListId="8c84fa94-04c1-424b-9868-57a2d4851a1d" />
    <TestEntry testId="ee9766ad-2a9d-2fc6-5ad1-0ac620df00d3" executionId="678e81d7-2cd0-4b09-a78c-3dc50b8d3350" testListId="8c84fa94-04c1-424b-9868-57a2d4851a1d" />
    <TestEntry testId="a63d3def-93ce-1a37-9ea6-79b3c23a80e2" executionId="a047125a-5e58-4681-afa3-7966c43f515e" testListId="8c84fa94-04c1-424b-9868-57a2d4851a1d" />
    <TestEntry testId="48c641f4-06f7-80ae-39dd-d393ba577b64" executionId="e93809d1-1281-497e-ba3a-6b51319f514c" testListId="8c84fa94-04c1-424b-9868-57a2d4851a1d" />
    <TestEntry testId="309ab9b3-5504-ca75-b132-0a860b7afa42" executionId="0c3fa5a9-3401-40d4-bb6c-490d524d82e0" testListId="8c84fa94-04c1-424b-9868-57a2d4851a1d" />
    <TestEntry testId="17fa2fd1-7883-271f-267b-2cd622394c50" executionId="6978d37c-6c99-4929-a01b-a3e6820b638e" testListId="8c84fa94-04c1-424b-9868-57a2d4851a1d" />
    <TestEntry testId="6a3edddf-aa4a-2ccc-fff6-e0fdf6b4b399" executionId="840bd518-7345-4e1d-9019-f9866321730e" testListId="8c84fa94-04c1-424b-9868-57a2d4851a1d" />
    <TestEntry testId="2cf84663-94ed-0a1a-2fca-674a2f68124c" executionId="affc13de-b281-4ed8-8c2b-1cba928312ed" testListId="8c84fa94-04c1-424b-9868-57a2d4851a1d" />
    <TestEntry testId="8107be73-2f16-ad8f-05ba-5c3f406af6e9" executionId="f7d15185-bc63-4280-b0dc-1c8187a61e28" testListId="8c84fa94-04c1-424b-9868-57a2d4851a1d" />
    <TestEntry testId="afaf7d5c-e759-9810-8c50-94b281cf741c" executionId="512a333e-25d8-46bc-981e-56d2e56f41a4" testListId="8c84fa94-04c1-424b-9868-57a2d4851a1d" />
    <TestEntry testId="e6f95d68-2886-1fa9-62f9-c713dede45c7" executionId="c7c51977-a260-4927-a46c-4040adb42975" testListId="8c84fa94-04c1-424b-9868-57a2d4851a1d" />
    <TestEntry testId="13bf9995-f3c6-c458-0900-0c1656bf0291" executionId="7c19a41b-b752-4d17-8957-434abaaa3a0a" testListId="8c84fa94-04c1-424b-9868-57a2d4851a1d" />
    <TestEntry testId="333d071e-477f-f59a-bdf7-e3209509bd7e" executionId="71ff5703-dd52-495b-bc4a-2d26fc3b6d1a" testListId="8c84fa94-04c1-424b-9868-57a2d4851a1d" />
    <TestEntry testId="38218c5f-ac75-6939-896c-2378cc353bab" executionId="57dc51f9-afad-4e64-8a7c-98c74065e282" testListId="8c84fa94-04c1-424b-9868-57a2d4851a1d" />
    <TestEntry testId="68ccb6a0-0a32-72a5-c4e1-992149caf9d9" executionId="feb6ed91-6af5-426f-b973-5f90a762c85a" testListId="8c84fa94-04c1-424b-9868-57a2d4851a1d" />
    <TestEntry testId="4f24a41b-bda1-7ca6-f90e-e5465e1622b7" executionId="3be1fb39-9cc5-448f-87c0-47b49a8de288" testListId="8c84fa94-04c1-424b-9868-57a2d4851a1d" />
    <TestEntry testId="19c5e6aa-859f-a6c7-3af9-c1227ec03175" executionId="f7238ce9-d0ab-449b-a862-ba139b7a6a9b" testListId="8c84fa94-04c1-424b-9868-57a2d4851a1d" />
    <TestEntry testId="76814338-82a2-b37a-b9d9-4f9c44ce8e19" executionId="080c7ff8-4c9c-45ab-ab9c-52a27623cfdf" testListId="8c84fa94-04c1-424b-9868-57a2d4851a1d" />
    <TestEntry testId="1450abbf-3f6f-84ee-5bf5-58b6a156daad" executionId="93d671be-3234-43da-b4cc-3ad6d436cc09" testListId="8c84fa94-04c1-424b-9868-57a2d4851a1d" />
    <TestEntry testId="7b02c11d-a43e-8020-27a3-62cd637782c5" executionId="5d42bb42-4866-4e44-a239-b5ba26b2dad7" testListId="8c84fa94-04c1-424b-9868-57a2d4851a1d" />
    <TestEntry testId="b4b7e18f-651d-e1f8-ff22-f004b70110a9" executionId="54678baf-45a6-42c7-ad79-acc804194488" testListId="8c84fa94-04c1-424b-9868-57a2d4851a1d" />
    <TestEntry testId="82edf84a-50a6-b3ee-7be9-4c1d5e3bebbc" executionId="003b56cc-af49-4015-a6c0-f44b7a0250c2" testListId="8c84fa94-04c1-424b-9868-57a2d4851a1d" />
    <TestEntry testId="9e32d489-1b7f-4162-4f60-2c6c32595e74" executionId="cc4e55ad-6c8f-4aa8-86ad-1aec20765dc4" testListId="8c84fa94-04c1-424b-9868-57a2d4851a1d" />
    <TestEntry testId="ee979836-8e9b-a428-76a0-4d534302f4d5" executionId="5b0e00be-6242-45f7-8453-26dcd051bf4c" testListId="8c84fa94-04c1-424b-9868-57a2d4851a1d" />
    <TestEntry testId="d0c69e26-be65-9bf9-b821-acb98b3795b6" executionId="80527472-2b46-4877-bf31-68ee15495937" testListId="8c84fa94-04c1-424b-9868-57a2d4851a1d" />
    <TestEntry testId="bcede72c-0945-dcf2-f0e3-70fa6db3591b" executionId="f8c6abd8-bdec-4cbc-bc1b-b084fd2da369" testListId="8c84fa94-04c1-424b-9868-57a2d4851a1d" />
    <TestEntry testId="f420811b-d1c5-b93f-d7a5-346979ce05d1" executionId="b5f46f84-c115-42f7-aa19-1015c298802b" testListId="8c84fa94-04c1-424b-9868-57a2d4851a1d" />
    <TestEntry testId="392c8b56-9465-52cc-1bd7-e3147efe6727" executionId="b09af841-f3ba-43ab-80f3-5741b69d3ffb" testListId="8c84fa94-04c1-424b-9868-57a2d4851a1d" />
    <TestEntry testId="37c0bf53-89e8-8b86-b19f-c48fdc89accf" executionId="f6babd2d-d873-4dd2-9715-d26235845c9f" testListId="8c84fa94-04c1-424b-9868-57a2d4851a1d" />
    <TestEntry testId="c469a8e7-9a14-b324-884d-c5312faff916" executionId="2742f386-8e6b-47cf-854c-c8da65543bd0" testListId="8c84fa94-04c1-424b-9868-57a2d4851a1d" />
    <TestEntry testId="cfe58986-275c-53fe-71ef-85a1c282d95e" executionId="c7caddae-cd5a-4ff9-9ebd-52b8448c0ae5" testListId="8c84fa94-04c1-424b-9868-57a2d4851a1d" />
    <TestEntry testId="c6911cba-a932-87f1-7d74-4c7bfa92d803" executionId="ac8f0b86-999e-4ac3-937f-aff222387d03" testListId="8c84fa94-04c1-424b-9868-57a2d4851a1d" />
    <TestEntry testId="f53ab042-733b-ab5b-c5ad-04a56d879c06" executionId="115fd59b-5025-487c-830f-b2d0c75a14a9" testListId="8c84fa94-04c1-424b-9868-57a2d4851a1d" />
    <TestEntry testId="f68e7208-b40d-78c4-083e-29238c6795e3" executionId="789faf9b-f694-4a14-bc7a-bb382f1fe406" testListId="8c84fa94-04c1-424b-9868-57a2d4851a1d" />
    <TestEntry testId="f562f6a3-5c04-d203-e97a-7083a36f0f9d" executionId="45298bcd-e73c-4921-947d-2ec18c789e8e" testListId="8c84fa94-04c1-424b-9868-57a2d4851a1d" />
    <TestEntry testId="1fc4377d-0c2d-3e08-115f-f074f589d216" executionId="10d91520-e5e2-416f-a82c-af910e213d5f" testListId="8c84fa94-04c1-424b-9868-57a2d4851a1d" />
    <TestEntry testId="3d251fad-ae28-1fbc-ccc8-e2ccdc4c29bc" executionId="5e253409-f093-42ea-b718-49b884950c6e" testListId="8c84fa94-04c1-424b-9868-57a2d4851a1d" />
    <TestEntry testId="1c31798d-ebb8-6716-a1de-beac6a67d99f" executionId="a395cb5a-f8b1-4941-bb80-62cef9870cb4" testListId="8c84fa94-04c1-424b-9868-57a2d4851a1d" />
    <TestEntry testId="07ef1fc8-808f-18ea-5e95-67c94ec4e422" executionId="19b79bbe-899e-4d73-9961-29c3e4a45d08" testListId="8c84fa94-04c1-424b-9868-57a2d4851a1d" />
    <TestEntry testId="59013b7e-e03f-2fc2-bf78-c391942297eb" executionId="bc500017-eb96-4130-b302-bec74104cb21" testListId="8c84fa94-04c1-424b-9868-57a2d4851a1d" />
    <TestEntry testId="ba492782-2ba9-bc32-a0f5-14d8ba297611" executionId="54ba8bff-63b1-4f80-990f-387186e6411d" testListId="8c84fa94-04c1-424b-9868-57a2d4851a1d" />
    <TestEntry testId="7a657f40-0db4-0ccc-f9af-e1b87e34f478" executionId="623fea9a-55e1-408e-a67d-edf66d8ee08c" testListId="8c84fa94-04c1-424b-9868-57a2d4851a1d" />
    <TestEntry testId="97959581-8ba4-69c8-edd6-1f5a9e44d9f3" executionId="fbf0e4b6-d8e8-4756-bb99-ad683328967e" testListId="8c84fa94-04c1-424b-9868-57a2d4851a1d" />
    <TestEntry testId="69d83804-d135-97e0-cd5d-24d6995ecaae" executionId="101a0248-90fd-4100-b7da-f2d280ea4362" testListId="8c84fa94-04c1-424b-9868-57a2d4851a1d" />
    <TestEntry testId="1be58e80-7bfa-841e-ebc8-362904c130f2" executionId="a428e777-2bc4-47c5-be73-a5e452ad0a9d" testListId="8c84fa94-04c1-424b-9868-57a2d4851a1d" />
    <TestEntry testId="d1b98b23-1cc3-567e-9dd3-c90ab73a1c49" executionId="606e71f1-4846-43f2-a984-7b90744e7cdd" testListId="8c84fa94-04c1-424b-9868-57a2d4851a1d" />
    <TestEntry testId="b5fe4d80-a771-d795-9cf5-4a66a567f080" executionId="d3c66172-69b5-4605-ad07-5936e2ad921f" testListId="8c84fa94-04c1-424b-9868-57a2d4851a1d" />
    <TestEntry testId="0124b36c-4a3e-85d8-2f91-7ab6304bf214" executionId="8a7c0686-33d6-41c0-8489-cf53235f3dd4" testListId="8c84fa94-04c1-424b-9868-57a2d4851a1d" />
    <TestEntry testId="ed886e6a-9135-5696-d7ff-eb253c1dc7d1" executionId="a93c428b-fbc6-42f8-b426-07f26e0a1c6a" testListId="8c84fa94-04c1-424b-9868-57a2d4851a1d" />
    <TestEntry testId="8f83db71-3b93-5732-31d9-e3b132797301" executionId="40c412ae-c081-44a5-9504-4dc061f7b464" testListId="8c84fa94-04c1-424b-9868-57a2d4851a1d" />
    <TestEntry testId="9df0e07a-e910-2de1-3332-2bfc3045324c" executionId="512de181-1c8c-415e-b14c-ad50feac9ce4" testListId="8c84fa94-04c1-424b-9868-57a2d4851a1d" />
    <TestEntry testId="aa4fc76c-189f-e563-9f8f-3e22961849d3" executionId="dd18a86d-0208-42a4-8d5c-c53a281217d4" testListId="8c84fa94-04c1-424b-9868-57a2d4851a1d" />
    <TestEntry testId="76ee60ce-bef2-38f8-84fa-8071278cc569" executionId="1f086790-cbb6-49ce-902c-71b496cadb09" testListId="8c84fa94-04c1-424b-9868-57a2d4851a1d" />
    <TestEntry testId="0464c71d-09cc-139b-d444-36b0b817a44a" executionId="dfdc751e-33e3-4e29-9188-d732fd4088b1" testListId="8c84fa94-04c1-424b-9868-57a2d4851a1d" />
    <TestEntry testId="f6f387b7-10b6-8756-6213-52ca04de1879" executionId="abda279d-2dc4-4b55-90e6-0c9ce581d537" testListId="8c84fa94-04c1-424b-9868-57a2d4851a1d" />
    <TestEntry testId="73ca717a-4a62-2b9e-b5cb-67553ca16863" executionId="df17b507-441c-4661-8c2e-fbfee7e7ec11" testListId="8c84fa94-04c1-424b-9868-57a2d4851a1d" />
    <TestEntry testId="773295cc-59cd-d800-77c2-1f2451913471" executionId="af4f5716-684f-4ee1-b6a9-d887228a510a" testListId="8c84fa94-04c1-424b-9868-57a2d4851a1d" />
    <TestEntry testId="e3b90b5a-190b-f8ce-6d90-a29ef6a98aff" executionId="8ad8ecd5-e3fb-45f1-860b-d3f412331b91" testListId="8c84fa94-04c1-424b-9868-57a2d4851a1d" />
    <TestEntry testId="c72b0b7b-7f4b-aa6b-467a-12bc1b9aecce" executionId="653992f1-0efc-42b9-a312-65b67c0cafe3" testListId="8c84fa94-04c1-424b-9868-57a2d4851a1d" />
    <TestEntry testId="cbc248c0-97c2-fbd3-60ae-b667eb2efbc1" executionId="83fb1686-c569-45d0-861c-a154fe8a8dc7" testListId="8c84fa94-04c1-424b-9868-57a2d4851a1d" />
    <TestEntry testId="8d26cb13-af54-ad12-9092-30887c4edca0" executionId="91854d82-2d99-41c4-973e-08248b3e8bcc" testListId="8c84fa94-04c1-424b-9868-57a2d4851a1d" />
    <TestEntry testId="6747d954-dbe5-5d84-1544-1f75908b0d8c" executionId="8e72f7d3-ee37-4d09-af82-0a25f5c49aa4" testListId="8c84fa94-04c1-424b-9868-57a2d4851a1d" />
    <TestEntry testId="1f9336a2-7a80-8e00-8f9d-0b352e023592" executionId="9f3b4aaa-c00e-4697-8f39-d333cf4b8759" testListId="8c84fa94-04c1-424b-9868-57a2d4851a1d" />
    <TestEntry testId="48a51aa5-8271-66b9-e7bb-589380017364" executionId="696cfcc9-68ce-4513-8e5b-55ee88505d6f" testListId="8c84fa94-04c1-424b-9868-57a2d4851a1d" />
    <TestEntry testId="1f77b769-efd6-9b37-6348-417d013b2587" executionId="7f54392e-74f3-4816-b64e-86e6a87eb1dc" testListId="8c84fa94-04c1-424b-9868-57a2d4851a1d" />
    <TestEntry testId="ce5ea23f-2354-3b05-4b07-af77ca28be84" executionId="fc032819-6a54-4e41-8a8f-4915a41da245" testListId="8c84fa94-04c1-424b-9868-57a2d4851a1d" />
    <TestEntry testId="9ab18920-747e-904b-c9f1-093c90b0dc2a" executionId="f80a7a75-91f1-49d2-bb8e-1926ad50c0d2" testListId="8c84fa94-04c1-424b-9868-57a2d4851a1d" />
    <TestEntry testId="1be79a82-4540-d1d8-b0ad-e2dc07743e1c" executionId="0c14e9fc-5270-45e4-b437-f129414722dd" testListId="8c84fa94-04c1-424b-9868-57a2d4851a1d" />
    <TestEntry testId="50f8375d-cf03-8543-6a5d-6378bb0fe5a8" executionId="426b2b9d-3546-4402-b6fd-b6f4a8bafad6" testListId="8c84fa94-04c1-424b-9868-57a2d4851a1d" />
    <TestEntry testId="6986fc2f-124d-e182-9075-98049f0ee571" executionId="576db4b8-3de6-4469-9845-b94fc9c6aff3" testListId="8c84fa94-04c1-424b-9868-57a2d4851a1d" />
    <TestEntry testId="14ec84df-05e5-371e-6fe5-46021548ea37" executionId="5b67f4f2-60e7-4024-82c8-8177e8900423" testListId="8c84fa94-04c1-424b-9868-57a2d4851a1d" />
    <TestEntry testId="8ea9e31c-1aab-e07a-4f57-45d5393a2cc1" executionId="6cc7d65f-ba16-43d3-97f6-acdf91667787" testListId="8c84fa94-04c1-424b-9868-57a2d4851a1d" />
    <TestEntry testId="64eb099e-d5b4-daa7-2772-ad681c8ba86e" executionId="764e3f3a-33ed-4191-9950-14789fde1f52" testListId="8c84fa94-04c1-424b-9868-57a2d4851a1d" />
    <TestEntry testId="4dd883e5-76f8-1fd6-dedb-c94bc0363146" executionId="ae627af3-35f4-456b-925a-a5e479f205b6" testListId="8c84fa94-04c1-424b-9868-57a2d4851a1d" />
    <TestEntry testId="3d8a723b-7df9-c30c-2230-70492bb320a3" executionId="6bb8705b-7a21-4723-979c-3b67d956db01" testListId="8c84fa94-04c1-424b-9868-57a2d4851a1d" />
    <TestEntry testId="776eceef-a177-5664-72af-adb58a63d9e0" executionId="acdfca77-e0fd-40e2-8c44-ba2d0ac7c65e" testListId="8c84fa94-04c1-424b-9868-57a2d4851a1d" />
    <TestEntry testId="5a17ed4c-ed1a-0df1-6542-c562df563b89" executionId="993f266f-36d7-43af-95fb-f67cb9d86b2b" testListId="8c84fa94-04c1-424b-9868-57a2d4851a1d" />
    <TestEntry testId="d6af1beb-a7df-3934-d40f-36ca6ad8df18" executionId="be53bb59-b864-4fb6-bfd7-fa22b3306e43" testListId="8c84fa94-04c1-424b-9868-57a2d4851a1d" />
    <TestEntry testId="a3f7055c-e439-7707-6422-a1b93d6e2c45" executionId="587411e5-1a47-4abf-ad60-15f963b64a02" testListId="8c84fa94-04c1-424b-9868-57a2d4851a1d" />
    <TestEntry testId="4531876c-fda5-27ed-ec29-428147ad79c0" executionId="75c222f4-44f1-4cd9-b9fd-a1c71143a679" testListId="8c84fa94-04c1-424b-9868-57a2d4851a1d" />
    <TestEntry testId="92dac139-e57f-5a29-0b03-97f49d883e60" executionId="e2488edc-2ed9-485d-be7c-955adb20ad75" testListId="8c84fa94-04c1-424b-9868-57a2d4851a1d" />
    <TestEntry testId="59c78bde-8a7c-8ed3-ce14-aa5cf016ae59" executionId="eb3f8381-6f2e-4104-8cc8-64e7f0b91e07" testListId="8c84fa94-04c1-424b-9868-57a2d4851a1d" />
    <TestEntry testId="83631672-552f-dfce-daa3-28bbba2f670e" executionId="d842dd8a-b3ea-48d8-a9ea-f7be057a0433" testListId="8c84fa94-04c1-424b-9868-57a2d4851a1d" />
    <TestEntry testId="cc553600-50d5-ab20-3a15-05706b671d89" executionId="75f36cb6-6a63-4e73-95e1-aee203839da4" testListId="8c84fa94-04c1-424b-9868-57a2d4851a1d" />
    <TestEntry testId="d3f769b6-e65d-f0aa-ddc3-00370a2e8125" executionId="649465d1-2c8b-4a53-ad1f-1bf1ff5d07b1" testListId="8c84fa94-04c1-424b-9868-57a2d4851a1d" />
    <TestEntry testId="fefefecb-cd3f-bcbd-7496-453b8b094f3c" executionId="4a76dc82-367d-45ff-9964-e0c5000ecb1b" testListId="8c84fa94-04c1-424b-9868-57a2d4851a1d" />
    <TestEntry testId="be52f176-645e-d392-cbd1-ae8991587e9d" executionId="2b353a89-2f48-4d10-8a98-d101ff36eb2c" testListId="8c84fa94-04c1-424b-9868-57a2d4851a1d" />
    <TestEntry testId="591dc192-0252-1cb9-9f81-4a872a67be45" executionId="8b06c204-a2d3-466f-89b6-694d228df738" testListId="8c84fa94-04c1-424b-9868-57a2d4851a1d" />
    <TestEntry testId="533da458-02c6-f071-52ef-1db5a6ae00db" executionId="d0570774-07ae-4d30-bc6e-6b49e24556ad" testListId="8c84fa94-04c1-424b-9868-57a2d4851a1d" />
    <TestEntry testId="d8e67879-5c2f-559c-bb05-9156445a0866" executionId="7a8cbca7-906a-41e8-b607-20c9dab1c071" testListId="8c84fa94-04c1-424b-9868-57a2d4851a1d" />
    <TestEntry testId="bc067060-4173-9d57-438c-1dc391d2bfb7" executionId="e2e839e6-ba53-4224-a655-496fa3c2601c" testListId="8c84fa94-04c1-424b-9868-57a2d4851a1d" />
    <TestEntry testId="dd6e6cd5-84b5-37d5-b1c8-b5d3d0dc803e" executionId="c5c9f76a-de1d-4811-92d6-b2cf6f47e0ed" testListId="8c84fa94-04c1-424b-9868-57a2d4851a1d" />
    <TestEntry testId="7ae6b4da-5116-29e3-b8a0-d156648f84d3" executionId="6c2e53ca-0342-44ef-a92a-c658641a3da8" testListId="8c84fa94-04c1-424b-9868-57a2d4851a1d" />
    <TestEntry testId="a8579d74-c114-1869-7e83-7adac4ed2f9d" executionId="a9996fc6-c2cc-4887-9775-38aac1ccea53" testListId="8c84fa94-04c1-424b-9868-57a2d4851a1d" />
    <TestEntry testId="a8d0b66e-3c5b-6bc2-7d44-37a119b6d9f4" executionId="c8db78e4-e1c3-43d6-81b3-2e02f37ee321" testListId="8c84fa94-04c1-424b-9868-57a2d4851a1d" />
    <TestEntry testId="90d445f6-cb0f-d505-58da-7385c723eaaf" executionId="21a8f914-1922-4e0b-8ee3-d9eee67b240b" testListId="8c84fa94-04c1-424b-9868-57a2d4851a1d" />
    <TestEntry testId="5f1dc5c0-e96a-35be-e365-2a8f8ef0d028" executionId="4725398f-555f-4ec6-8170-bae2a0cd19c1" testListId="8c84fa94-04c1-424b-9868-57a2d4851a1d" />
    <TestEntry testId="eaf70b35-ac9e-1065-0463-f89eb0bdf0bd" executionId="65d8ca4c-6f02-4dae-a467-e6e87cfd54b6" testListId="8c84fa94-04c1-424b-9868-57a2d4851a1d" />
    <TestEntry testId="fab418cf-6bc8-0f0e-ccf8-b1c92a0d3fce" executionId="8b155dfd-dcb8-4632-96aa-9a6a63581e31" testListId="8c84fa94-04c1-424b-9868-57a2d4851a1d" />
    <TestEntry testId="8c10d258-276b-4ab2-ad41-0fa0852d2979" executionId="7fc50f8c-e761-4c1e-b2b0-79b6c2086528" testListId="8c84fa94-04c1-424b-9868-57a2d4851a1d" />
    <TestEntry testId="d4b3302b-02c0-4efc-6701-22737dcd2b3e" executionId="ba007fd1-5c4d-4b66-bf5e-c193a42c08f4" testListId="8c84fa94-04c1-424b-9868-57a2d4851a1d" />
    <TestEntry testId="df568c07-a2bf-a473-b20c-99920a8fa63b" executionId="442173bc-8d8b-471a-ad70-f04e154facf1" testListId="8c84fa94-04c1-424b-9868-57a2d4851a1d" />
    <TestEntry testId="b1c2e496-eb63-07be-9962-24e7adb72f7e" executionId="7f0056d7-4659-42a9-a162-869172fe9e2f" testListId="8c84fa94-04c1-424b-9868-57a2d4851a1d" />
    <TestEntry testId="7659c934-2fed-c911-0cab-cf9b2974fa9d" executionId="be0fd1c2-7324-44da-969d-37c447a3883b" testListId="8c84fa94-04c1-424b-9868-57a2d4851a1d" />
    <TestEntry testId="988ea28e-c06c-c766-fcaa-2005e7f594eb" executionId="b4354353-5eec-4e48-b433-a06483a524c8" testListId="8c84fa94-04c1-424b-9868-57a2d4851a1d" />
    <TestEntry testId="1ff61087-88e9-c98e-4497-f32bf1d35743" executionId="04ec84b6-c03a-43cd-bfa9-82b72fa65d1a" testListId="8c84fa94-04c1-424b-9868-57a2d4851a1d" />
    <TestEntry testId="2ca04e1a-8dbd-bcea-fdc1-48061a2429ad" executionId="f84a082a-b492-4ff6-b8b4-f339ad9e1f52" testListId="8c84fa94-04c1-424b-9868-57a2d4851a1d" />
    <TestEntry testId="c2285dae-1cec-1615-44a4-c7a7de367a0d" executionId="13800a9a-40d0-4469-837b-13636fcb4f88" testListId="8c84fa94-04c1-424b-9868-57a2d4851a1d" />
    <TestEntry testId="0565dbba-a5c9-6aed-c8f5-75dfd184b94b" executionId="8f9dfcce-a085-4b81-9617-2d01fa34ad8d" testListId="8c84fa94-04c1-424b-9868-57a2d4851a1d" />
    <TestEntry testId="31455d01-3706-853f-796f-fa9efeb1ad77" executionId="62793c05-f02a-4040-a04f-46341f26dc6e" testListId="8c84fa94-04c1-424b-9868-57a2d4851a1d" />
    <TestEntry testId="bbeb0c54-69b2-7c8f-6a00-800a5e934d17" executionId="8d1e6eb6-b486-4192-b663-b798b6978256" testListId="8c84fa94-04c1-424b-9868-57a2d4851a1d" />
    <TestEntry testId="b8e6fe2d-c2e3-78bf-824f-4f0be8730c44" executionId="58ddaa59-6ec7-476c-8e04-222bcd7a0fc1" testListId="8c84fa94-04c1-424b-9868-57a2d4851a1d" />
    <TestEntry testId="14327e89-f73c-f294-4d5f-9495b39b1202" executionId="ac670482-2af9-4806-abf5-33ce213b78bc" testListId="8c84fa94-04c1-424b-9868-57a2d4851a1d" />
    <TestEntry testId="26e7c1be-3d63-b011-e9de-0064ed7a5e30" executionId="b090c7ea-457f-4e46-84fd-cba849e5caa2" testListId="8c84fa94-04c1-424b-9868-57a2d4851a1d" />
    <TestEntry testId="34c0a376-bddf-385d-f86f-b6c6ec724d5f" executionId="10537697-db33-401b-a366-13ed90c4fbd6" testListId="8c84fa94-04c1-424b-9868-57a2d4851a1d" />
    <TestEntry testId="112a5225-ee11-41ae-8ade-6f05be233ebc" executionId="b250a136-e1cf-409b-9e62-2a14a62cc764" testListId="8c84fa94-04c1-424b-9868-57a2d4851a1d" />
    <TestEntry testId="7b46ca98-430c-2a1f-64c5-540290548710" executionId="e2fc57d4-c233-49b2-bbfe-8a0d17507518" testListId="8c84fa94-04c1-424b-9868-57a2d4851a1d" />
    <TestEntry testId="ddf293a3-38e0-7a52-5485-6c7fa59ccec3" executionId="566191d8-3db5-4cc9-b2bf-327fc8672310" testListId="8c84fa94-04c1-424b-9868-57a2d4851a1d" />
    <TestEntry testId="5b07b8b5-0843-c362-828d-b7a85b237cff" executionId="1be407ec-66fe-49f6-8d3e-4e16babf1853" testListId="8c84fa94-04c1-424b-9868-57a2d4851a1d" />
    <TestEntry testId="35a507f6-229c-dd88-e173-ea4440f8acb9" executionId="4ef4a61f-98dc-4375-94aa-ed0b1208ad90" testListId="8c84fa94-04c1-424b-9868-57a2d4851a1d" />
    <TestEntry testId="6a777aaa-b3db-1fce-6d0a-780e1a49c3a3" executionId="5b2f2fd6-dc67-4cf2-a064-9444adaecf0b" testListId="8c84fa94-04c1-424b-9868-57a2d4851a1d" />
    <TestEntry testId="468dbc9b-87c4-cccb-27ee-88a267ee8242" executionId="da5374dc-16c7-49e2-ad6f-f36b97b23554" testListId="8c84fa94-04c1-424b-9868-57a2d4851a1d" />
    <TestEntry testId="6d17ce2d-1c67-381e-ed2e-b6452adf0f8e" executionId="a8c51c09-b7c8-4d23-98ed-6cfa8d830753" testListId="8c84fa94-04c1-424b-9868-57a2d4851a1d" />
    <TestEntry testId="531e2ccf-1e8d-f6f7-f55a-93fb4331821d" executionId="33471171-47d4-4c38-948b-bb4e9057c5b8" testListId="8c84fa94-04c1-424b-9868-57a2d4851a1d" />
    <TestEntry testId="fec1a267-0965-8545-94c7-6443f274716e" executionId="610fb7fa-3868-49cf-9cd6-d1008ea2ec69" testListId="8c84fa94-04c1-424b-9868-57a2d4851a1d" />
    <TestEntry testId="44ffeb6d-cf9c-51d6-578b-63781cff588e" executionId="ba4c2d22-fa17-430c-90ed-c37f25dcf0b6" testListId="8c84fa94-04c1-424b-9868-57a2d4851a1d" />
    <TestEntry testId="bcaed945-5486-272f-f6c2-d90b18548e30" executionId="4bdf299f-a414-4afd-8271-ee5d99f21c5a" testListId="8c84fa94-04c1-424b-9868-57a2d4851a1d" />
    <TestEntry testId="1accfd8a-0a38-1368-de38-ea2f36422228" executionId="bb1d1525-0318-4abc-88b1-edeef6f2974b" testListId="8c84fa94-04c1-424b-9868-57a2d4851a1d" />
    <TestEntry testId="c464605a-08ee-c960-9bad-25e97cc754de" executionId="9e1a79bd-cbd5-4dbf-9f4e-d318ec51ed83" testListId="8c84fa94-04c1-424b-9868-57a2d4851a1d" />
    <TestEntry testId="093063e5-4e85-2605-7464-0185ca69aad4" executionId="14bedb15-466a-45dd-9fde-65019550c6f7" testListId="8c84fa94-04c1-424b-9868-57a2d4851a1d" />
    <TestEntry testId="a024f1d8-2e1f-2d37-180c-daa8c0b2c5cc" executionId="13e44999-b0a3-4d6b-95d9-c24987bad169" testListId="8c84fa94-04c1-424b-9868-57a2d4851a1d" />
    <TestEntry testId="99beb515-9b50-ddb8-28f4-fe7b9cfb3d55" executionId="5339826c-a161-4752-bb45-e3dba87a21f9" testListId="8c84fa94-04c1-424b-9868-57a2d4851a1d" />
    <TestEntry testId="7e0ca6a5-922a-0337-19d0-64f05d139001" executionId="ba05865c-41b5-4374-aec1-56d8df09fc3d" testListId="8c84fa94-04c1-424b-9868-57a2d4851a1d" />
    <TestEntry testId="3cdc97f6-93f6-8b1f-9406-b91a77d074eb" executionId="6113a34e-6321-4c55-a4cc-6ad5e2cf98a9" testListId="8c84fa94-04c1-424b-9868-57a2d4851a1d" />
    <TestEntry testId="77ba8355-8c34-377b-c16f-9aec4c9acdf8" executionId="21bf8d4f-2e7a-4090-8caa-175d8e9f1169" testListId="8c84fa94-04c1-424b-9868-57a2d4851a1d" />
    <TestEntry testId="abb83a8b-1b85-8d44-2f49-9f67ade18cf5" executionId="0dbf2160-5854-47b0-b9bf-8be7ff5addea" testListId="8c84fa94-04c1-424b-9868-57a2d4851a1d" />
    <TestEntry testId="f2149233-5db2-c743-b97a-4f8111db9b32" executionId="999e6528-b352-46b1-930c-dd25bea79a53" testListId="8c84fa94-04c1-424b-9868-57a2d4851a1d" />
    <TestEntry testId="95dbcce7-6bb4-a762-7a18-8841c3b7477e" executionId="74dbdd9c-bdb1-4b24-bf9a-f599ae478e3c" testListId="8c84fa94-04c1-424b-9868-57a2d4851a1d" />
    <TestEntry testId="37dbfa10-3842-fe4c-e664-4886ba1bdb80" executionId="0368fd24-ce5d-4cae-aa0d-75bb0ab062c8" testListId="8c84fa94-04c1-424b-9868-57a2d4851a1d" />
    <TestEntry testId="1dc5a329-41e5-3e6d-fc5e-d8b4c47ea882" executionId="225aa545-3f9e-43b7-8061-ea790bab9ff8" testListId="8c84fa94-04c1-424b-9868-57a2d4851a1d" />
    <TestEntry testId="96d896f1-97ad-d074-c333-376a66dc9171" executionId="d28b62f4-a196-4f74-9437-27cba6c82dd8" testListId="8c84fa94-04c1-424b-9868-57a2d4851a1d" />
    <TestEntry testId="825d1feb-387a-a099-318b-03cd17d95884" executionId="cd3c8f13-5acc-4301-b390-1e666b16b122" testListId="8c84fa94-04c1-424b-9868-57a2d4851a1d" />
    <TestEntry testId="e86cf0e8-0c6a-48d9-40ef-23c399804a39" executionId="29955eef-cf8b-4f8c-9704-bd8406f2502c" testListId="8c84fa94-04c1-424b-9868-57a2d4851a1d" />
    <TestEntry testId="2fa32178-1f6e-2d17-1a71-e9015f6ef56a" executionId="3dc6d4e4-1fc3-4b99-a336-aa5f3c671207" testListId="8c84fa94-04c1-424b-9868-57a2d4851a1d" />
    <TestEntry testId="bd7171f9-7774-2edc-a6d3-25e01dc1b9bb" executionId="4879e62b-9700-4f1a-a0bf-3351ff4158a7" testListId="8c84fa94-04c1-424b-9868-57a2d4851a1d" />
    <TestEntry testId="490342c1-764c-d6c8-1c4d-2b4a58d20bfd" executionId="e18eb37e-183f-4ce4-a763-b944de849bab" testListId="8c84fa94-04c1-424b-9868-57a2d4851a1d" />
    <TestEntry testId="f3002bbb-cc2e-e355-83fe-ca21eb55dcb1" executionId="be15f320-f52b-48b8-b962-3524639fef23" testListId="8c84fa94-04c1-424b-9868-57a2d4851a1d" />
    <TestEntry testId="59e73b23-8838-c997-ccca-0d02f0d31aba" executionId="7675a8c3-1c84-4cb4-8c3a-ae673e7b7e6d" testListId="8c84fa94-04c1-424b-9868-57a2d4851a1d" />
    <TestEntry testId="4f2ece04-87f7-2858-00b8-5509d2fd2b44" executionId="074cd1ed-3f57-4df3-b9e6-c4cb66243f3e" testListId="8c84fa94-04c1-424b-9868-57a2d4851a1d" />
    <TestEntry testId="751967da-9524-d0a0-234e-0c2560cb1ad8" executionId="2d67ee73-f65b-4328-95d2-569d86648749" testListId="8c84fa94-04c1-424b-9868-57a2d4851a1d" />
    <TestEntry testId="4aa14437-3803-5869-0e81-906d763b395c" executionId="60c18aff-68c0-431e-8290-a8c3db0607af" testListId="8c84fa94-04c1-424b-9868-57a2d4851a1d" />
    <TestEntry testId="4b7cd3e8-0f1c-aa79-d168-fcca1bc15eea" executionId="f8388c29-4348-4311-b663-1223eb144e3f" testListId="8c84fa94-04c1-424b-9868-57a2d4851a1d" />
    <TestEntry testId="f4aca951-5572-6fb8-5445-22560bf3094a" executionId="c3f2f1b5-be73-4ce7-836b-356033590e96" testListId="8c84fa94-04c1-424b-9868-57a2d4851a1d" />
    <TestEntry testId="dc919844-0208-264a-0bb5-2c888b8b3b92" executionId="53f60a11-d1fe-465e-a146-dd1e37313d5f" testListId="8c84fa94-04c1-424b-9868-57a2d4851a1d" />
    <TestEntry testId="9677838f-755f-92eb-b624-4016402ab1a7" executionId="7d601cbe-fac8-42c1-b43e-c930faf403cd" testListId="8c84fa94-04c1-424b-9868-57a2d4851a1d" />
    <TestEntry testId="2331fc6c-4bea-8cac-e7a0-f9f9299e3180" executionId="69a8356b-c198-4097-a1b3-4cbc58adf1db" testListId="8c84fa94-04c1-424b-9868-57a2d4851a1d" />
    <TestEntry testId="ef69f555-2dec-fce8-3b15-9a395701d89a" executionId="d1a0ce60-e34b-4a13-8419-ad69ed01df4b" testListId="8c84fa94-04c1-424b-9868-57a2d4851a1d" />
    <TestEntry testId="f52f05a9-d27f-e1ad-082e-1c39eacc6c00" executionId="e635261a-3ee7-43bf-abc3-8f98ba48b9e9" testListId="8c84fa94-04c1-424b-9868-57a2d4851a1d" />
    <TestEntry testId="eacb3063-dd4d-77dd-86b7-dcaa1ef0a342" executionId="efb6fac9-e90b-4829-9bcc-258f94e7cc11" testListId="8c84fa94-04c1-424b-9868-57a2d4851a1d" />
    <TestEntry testId="20163c7a-5096-c086-0057-31baf2fbba71" executionId="1542427b-b444-4688-aa4e-c64674d83bce" testListId="8c84fa94-04c1-424b-9868-57a2d4851a1d" />
    <TestEntry testId="32a663b5-f76e-790f-860f-745f62686405" executionId="b1d5b460-f45a-4f85-8c90-56f9dddc3794" testListId="8c84fa94-04c1-424b-9868-57a2d4851a1d" />
    <TestEntry testId="f14b7ede-065f-7968-7e7b-731383f63de6" executionId="0ddb6be9-c4c8-464c-8bd8-b42cf3b07a7f" testListId="8c84fa94-04c1-424b-9868-57a2d4851a1d" />
    <TestEntry testId="73cd9217-7245-523e-742c-6d7cc565ea74" executionId="e9baf769-1b4a-4441-97b4-ad655de50b67" testListId="8c84fa94-04c1-424b-9868-57a2d4851a1d" />
    <TestEntry testId="b7cbd4e0-3d1b-4983-f117-98cf6087ec31" executionId="63e4a629-dc80-41c6-b717-58fc9de88095" testListId="8c84fa94-04c1-424b-9868-57a2d4851a1d" />
    <TestEntry testId="9cc90772-c03b-d2fd-fcc6-432c0e1d3d02" executionId="27c78a7e-af0f-4967-a3dd-791104092c2c" testListId="8c84fa94-04c1-424b-9868-57a2d4851a1d" />
    <TestEntry testId="50005701-4e76-813c-4c2a-0aeaa0b08c54" executionId="4ee708e9-6cfa-40f5-aab0-0f19818ed843" testListId="8c84fa94-04c1-424b-9868-57a2d4851a1d" />
    <TestEntry testId="fbb5b0a3-b6b6-d9aa-428e-6dd411355f38" executionId="1409d1cb-78ea-41ae-ac5b-0e3128a826bb" testListId="8c84fa94-04c1-424b-9868-57a2d4851a1d" />
    <TestEntry testId="af6f0a01-3619-ada2-6cf5-b0a0824e3b92" executionId="23c289a7-938a-4392-ab50-dd2c5741cb69" testListId="8c84fa94-04c1-424b-9868-57a2d4851a1d" />
    <TestEntry testId="04fe056f-b830-4199-6133-347e91e2331f" executionId="513d1d27-dca7-42df-ac97-4f9f87fd41c2" testListId="8c84fa94-04c1-424b-9868-57a2d4851a1d" />
    <TestEntry testId="fb527022-2a92-f246-b1d7-9e1a7faefac9" executionId="b43f0747-27d5-4f5f-b03c-8260bc95f145" testListId="8c84fa94-04c1-424b-9868-57a2d4851a1d" />
    <TestEntry testId="0376f184-1683-58ef-381b-84d45a0a5f8d" executionId="2177c3ab-56db-4e54-b1d8-b3488f4c7137" testListId="8c84fa94-04c1-424b-9868-57a2d4851a1d" />
    <TestEntry testId="2bf88c35-dc49-70be-9ca9-7a60417aeb9a" executionId="5be1a39c-6846-4947-9a1b-37d8378a9e7d" testListId="8c84fa94-04c1-424b-9868-57a2d4851a1d" />
    <TestEntry testId="e7cc93b2-fdd2-508f-f12f-182c0022ef49" executionId="11c22eb6-d03c-4871-8c78-fe91b6d17015" testListId="8c84fa94-04c1-424b-9868-57a2d4851a1d" />
    <TestEntry testId="b51a72b7-1909-0162-1b15-93678926308a" executionId="758a05c6-5500-4a0f-a869-ac9fa7d18ba0" testListId="8c84fa94-04c1-424b-9868-57a2d4851a1d" />
    <TestEntry testId="e3bc8a97-22d4-ea39-0987-a8e5d178004b" executionId="c0db0d9d-7b2c-48b9-888f-53e587984aad" testListId="8c84fa94-04c1-424b-9868-57a2d4851a1d" />
    <TestEntry testId="67fcb600-6dc8-ee82-951b-19bc7b6681d9" executionId="9e02a435-5194-4067-adb3-5ae13121dcd5" testListId="8c84fa94-04c1-424b-9868-57a2d4851a1d" />
    <TestEntry testId="5c50edbc-b393-455d-64e6-d02883451fc6" executionId="16bb6a9e-6ee9-4969-b6a4-48e5c2827668" testListId="8c84fa94-04c1-424b-9868-57a2d4851a1d" />
    <TestEntry testId="061c9b44-4e7b-9dd1-a613-5572fd2e77a2" executionId="caffe857-278f-439f-86ca-bb3f05c204d7" testListId="8c84fa94-04c1-424b-9868-57a2d4851a1d" />
    <TestEntry testId="b3472f8d-2828-1cdf-8c96-94d7cea2b233" executionId="9c6cd04b-08c1-40f8-86d0-8e480a7fad25" testListId="8c84fa94-04c1-424b-9868-57a2d4851a1d" />
    <TestEntry testId="034cacf8-9f7d-400e-afbf-7d73cb71f548" executionId="de2b3429-5feb-4cb1-9fe3-0b0827e9fa64" testListId="8c84fa94-04c1-424b-9868-57a2d4851a1d" />
    <TestEntry testId="fb833b07-008c-f7f9-992f-8ff1461aee58" executionId="6e03c786-6983-45dd-a2f3-7ba47150cffc" testListId="8c84fa94-04c1-424b-9868-57a2d4851a1d" />
    <TestEntry testId="12d56131-e9bc-1619-235b-368a698f6d39" executionId="aac1aaab-2868-4f2f-af2c-d0693744f084" testListId="8c84fa94-04c1-424b-9868-57a2d4851a1d" />
    <TestEntry testId="f7ddde3a-97ad-c830-9d08-4fc2d71b81a4" executionId="74df938e-4699-42cb-9541-9f0c7927f52b" testListId="8c84fa94-04c1-424b-9868-57a2d4851a1d" />
    <TestEntry testId="bad4de13-cddb-be38-13c5-dde249a03b22" executionId="8d584ef0-2eab-4ecb-b155-3a482983400e" testListId="8c84fa94-04c1-424b-9868-57a2d4851a1d" />
    <TestEntry testId="ae76daaa-d87e-a3aa-3dc7-d804710ddc20" executionId="92d24316-9ea7-43d8-9024-e38951d0eced" testListId="8c84fa94-04c1-424b-9868-57a2d4851a1d" />
    <TestEntry testId="de144c42-722d-4362-92bf-35d2632d827d" executionId="14a3cba1-573d-4d3c-8b52-0facc32df493" testListId="8c84fa94-04c1-424b-9868-57a2d4851a1d" />
    <TestEntry testId="d5ea1aa1-4eed-c500-3b96-f6b4cdc873a8" executionId="deaa734b-20f3-4830-9606-979320237892" testListId="8c84fa94-04c1-424b-9868-57a2d4851a1d" />
    <TestEntry testId="c7e11f92-9e45-6088-c0a5-3aa81f2b6b9e" executionId="74df8b7e-4972-4aeb-ab1a-96ceccb02e3d" testListId="8c84fa94-04c1-424b-9868-57a2d4851a1d" />
    <TestEntry testId="1b77a11b-09d6-cae8-55f2-6ec94fecd3fe" executionId="ea61b148-829e-47f5-9c79-55d5698b9d28" testListId="8c84fa94-04c1-424b-9868-57a2d4851a1d" />
    <TestEntry testId="c3c3b3ac-b90c-7195-f3dc-273b8f66b68a" executionId="3fee0b50-4973-4157-9246-5db7883845fa" testListId="8c84fa94-04c1-424b-9868-57a2d4851a1d" />
    <TestEntry testId="acc3616e-6edb-c21d-85f8-23038da3543e" executionId="f7fe8ee8-ff18-483b-9ef5-748bab83f814" testListId="8c84fa94-04c1-424b-9868-57a2d4851a1d" />
    <TestEntry testId="60362c08-2015-f180-f658-c3326ff818ab" executionId="428a3c84-2424-4792-bfe1-b2178e1db598" testListId="8c84fa94-04c1-424b-9868-57a2d4851a1d" />
    <TestEntry testId="436cc816-548b-1484-e46f-b2c4cfa442fc" executionId="ad9b3f13-7f96-44d5-8ffe-9110e5cd87f9" testListId="8c84fa94-04c1-424b-9868-57a2d4851a1d" />
    <TestEntry testId="24c7bb40-1c28-4090-e2ef-3ee8f742931f" executionId="cedea781-15f3-404a-b1e6-b7bfc0e8ba61" testListId="8c84fa94-04c1-424b-9868-57a2d4851a1d" />
    <TestEntry testId="2ea5ebff-e198-bbe0-8f1b-ba83de437259" executionId="034b6936-f1a5-4033-ae62-05283d6e13ae" testListId="8c84fa94-04c1-424b-9868-57a2d4851a1d" />
    <TestEntry testId="026b93c1-f06a-1d31-3ee8-d48a29f02d9b" executionId="28bd49bc-d881-412e-9cfd-131a6ee84915" testListId="8c84fa94-04c1-424b-9868-57a2d4851a1d" />
    <TestEntry testId="a5f79078-96d5-c0dd-d472-78485b0023ba" executionId="d4d102fd-91c3-41d8-940d-18f7e9f9b414" testListId="8c84fa94-04c1-424b-9868-57a2d4851a1d" />
    <TestEntry testId="c6f1f7e9-e5ee-28f7-b1d8-32ab5cfc4913" executionId="e709994e-a96c-4796-82e4-0fd2eab478a1" testListId="8c84fa94-04c1-424b-9868-57a2d4851a1d" />
    <TestEntry testId="a1d9ae4e-af7b-da58-5e01-23d91f1e9817" executionId="c54dc94a-318b-4112-a2f2-88178dd66c34" testListId="8c84fa94-04c1-424b-9868-57a2d4851a1d" />
    <TestEntry testId="76c08a52-d8e9-6cdc-fce1-1258294596b0" executionId="d26be58f-b60b-41aa-bc71-0b32ebd478f0" testListId="8c84fa94-04c1-424b-9868-57a2d4851a1d" />
    <TestEntry testId="f64fe775-6ed2-8a8c-37d2-672d3493490c" executionId="c6a4fad2-5516-474d-bee5-615ac42e7f96" testListId="8c84fa94-04c1-424b-9868-57a2d4851a1d" />
    <TestEntry testId="73bca2cb-d580-dcde-6dcb-4db8cdd3835c" executionId="243815d5-47c7-448c-b1d9-b298c4ea9140" testListId="8c84fa94-04c1-424b-9868-57a2d4851a1d" />
    <TestEntry testId="a0015672-68ce-89c4-1858-60a57ada23c1" executionId="31fc6dc3-6539-4688-85d2-36f04de90e4e" testListId="8c84fa94-04c1-424b-9868-57a2d4851a1d" />
    <TestEntry testId="be3bcf3d-4569-b788-8b77-5ebacd88cb20" executionId="f4db0205-0e82-4eae-a449-061287577017" testListId="8c84fa94-04c1-424b-9868-57a2d4851a1d" />
    <TestEntry testId="71908ec8-aa85-7729-a044-9c9f1cdef406" executionId="181d1c55-ec76-4c8e-88f8-e872498377db" testListId="8c84fa94-04c1-424b-9868-57a2d4851a1d" />
    <TestEntry testId="5f6365db-4f29-5b2f-fbde-a8e68630820f" executionId="58b11313-becf-41b4-ac0d-08bf10a9f892" testListId="8c84fa94-04c1-424b-9868-57a2d4851a1d" />
    <TestEntry testId="bdbad9cc-433c-5bda-9712-dfb5731f66f0" executionId="b047921e-4d3a-4e8e-bf81-cd1206c73c16" testListId="8c84fa94-04c1-424b-9868-57a2d4851a1d" />
    <TestEntry testId="ee8c74fe-137d-b4e4-25cc-ed18cd2ece80" executionId="d31c571b-de6d-4a15-bc91-5daac518c3e0" testListId="8c84fa94-04c1-424b-9868-57a2d4851a1d" />
    <TestEntry testId="e8e3d9bb-3738-1b2f-28aa-7391ce21c4c6" executionId="63a329f5-ece1-499a-94b3-67bd652bc293" testListId="8c84fa94-04c1-424b-9868-57a2d4851a1d" />
    <TestEntry testId="4cb64fa9-0a70-e363-f896-e92dee62296c" executionId="9d4d6285-1b06-4d2c-ae54-72e6cd314e2d" testListId="8c84fa94-04c1-424b-9868-57a2d4851a1d" />
    <TestEntry testId="493388e5-286f-ec3b-2a8c-ab041ed5de64" executionId="91faac7f-3fcc-438e-98a4-fa5d37b662b7" testListId="8c84fa94-04c1-424b-9868-57a2d4851a1d" />
    <TestEntry testId="b2a2b311-7a7a-5a2a-97cd-97756f8a6ee7" executionId="091b2d07-06fb-4e01-ae96-e7b2da0dce6c" testListId="8c84fa94-04c1-424b-9868-57a2d4851a1d" />
    <TestEntry testId="aa8ea8cd-fb96-edab-8a80-e31ce7a67435" executionId="6998c560-57aa-4e21-93d2-e026942a34a9" testListId="8c84fa94-04c1-424b-9868-57a2d4851a1d" />
    <TestEntry testId="ffb4cf84-136a-5ffc-e042-30138822b484" executionId="9f66dee6-b9b6-4e9f-adfa-22f9afd3bcd4" testListId="8c84fa94-04c1-424b-9868-57a2d4851a1d" />
    <TestEntry testId="1f403e10-27f8-4256-9a64-ef56b259cbfb" executionId="3702e8f9-bfeb-4995-a74d-e48538615cd8" testListId="8c84fa94-04c1-424b-9868-57a2d4851a1d" />
    <TestEntry testId="e7d37444-87df-9275-4bcf-bc12b4a83186" executionId="a1d24e53-508b-4245-89c2-e0ed1a9c65df" testListId="8c84fa94-04c1-424b-9868-57a2d4851a1d" />
    <TestEntry testId="d058b630-e1aa-336b-ef4a-5c1527bab2e0" executionId="e0fbcf46-9306-4124-a595-766cf8d0626f" testListId="8c84fa94-04c1-424b-9868-57a2d4851a1d" />
    <TestEntry testId="25bd5c1c-fcbe-ab93-d56f-4258fe321ffc" executionId="c448c076-21da-4516-bdf4-2c0b4987ca50" testListId="8c84fa94-04c1-424b-9868-57a2d4851a1d" />
    <TestEntry testId="7c45bb74-a50d-9024-163b-cbbd7fbd0abc" executionId="13a94235-4479-4a47-a313-628770392182" testListId="8c84fa94-04c1-424b-9868-57a2d4851a1d" />
    <TestEntry testId="469e0c96-5460-1d7e-389d-3f6fffba4b8a" executionId="0d673a13-2d8a-4336-a941-e833a12cd0a1" testListId="8c84fa94-04c1-424b-9868-57a2d4851a1d" />
    <TestEntry testId="00a25730-d57e-f493-f1c2-5cec897077a1" executionId="8799f6e7-d0b9-469f-9ea4-1233172a4d1e" testListId="8c84fa94-04c1-424b-9868-57a2d4851a1d" />
    <TestEntry testId="c40a80af-07aa-2a8c-814d-93ea5954f92c" executionId="49768f67-c955-4fcd-bdd6-a258910692c7" testListId="8c84fa94-04c1-424b-9868-57a2d4851a1d" />
    <TestEntry testId="43a825c4-520e-8fa6-1493-a2c2e20fcfd4" executionId="3a310ada-36da-4aa9-8df3-1fb77f2eb51c" testListId="8c84fa94-04c1-424b-9868-57a2d4851a1d" />
    <TestEntry testId="70f0eec9-bddf-2f56-c2d5-1f0556c83aaf" executionId="2d1e31eb-0426-426f-8074-57dd6152c137" testListId="8c84fa94-04c1-424b-9868-57a2d4851a1d" />
    <TestEntry testId="0f78c010-9183-86fc-bd99-26fc79f05715" executionId="fa08ca4c-18ec-4452-846b-8a44e44b5449" testListId="8c84fa94-04c1-424b-9868-57a2d4851a1d" />
    <TestEntry testId="af93436a-066a-98dc-99ac-d8fd21f2b4a0" executionId="70a192d7-8d3f-4f58-90c0-b811a15264dc" testListId="8c84fa94-04c1-424b-9868-57a2d4851a1d" />
    <TestEntry testId="9ff6268d-5453-69d9-7a5d-560fa480cf29" executionId="b5359dc1-bd4d-4ad4-806c-7762860f41df" testListId="8c84fa94-04c1-424b-9868-57a2d4851a1d" />
    <TestEntry testId="77488aa9-707c-2538-9c3e-d59dd53ec120" executionId="9935ffc1-009d-4ecc-abaf-16ab2edab790" testListId="8c84fa94-04c1-424b-9868-57a2d4851a1d" />
    <TestEntry testId="c1605011-efb8-be10-ac99-ecd817fa1c3f" executionId="5101aa78-1c80-48ca-95b8-9b58ff844a7e" testListId="8c84fa94-04c1-424b-9868-57a2d4851a1d" />
    <TestEntry testId="bd2d0826-76d7-147e-adae-f69faa3e6789" executionId="edec5551-e737-42af-a83c-98bac4c102c7" testListId="8c84fa94-04c1-424b-9868-57a2d4851a1d" />
    <TestEntry testId="df043f0c-e9e8-6531-3c81-0cb0a9f9d667" executionId="5b487d75-3631-4ffd-8859-e6b7341cba8d" testListId="8c84fa94-04c1-424b-9868-57a2d4851a1d" />
    <TestEntry testId="e3a6b04a-5403-c41f-2de4-763cc43587bb" executionId="31cff0bc-04a0-43dd-8e90-f856d12d9aab" testListId="8c84fa94-04c1-424b-9868-57a2d4851a1d" />
    <TestEntry testId="788aa55b-4949-5015-673f-608c519bb0a1" executionId="94f63953-5675-42db-bf74-85187fb45cef" testListId="8c84fa94-04c1-424b-9868-57a2d4851a1d" />
    <TestEntry testId="d58055e7-c44a-ddff-22e8-3fe2f9d0315f" executionId="46c313c5-e907-4c12-bfc3-7cb158802806" testListId="8c84fa94-04c1-424b-9868-57a2d4851a1d" />
    <TestEntry testId="a602a36a-7b4c-e547-0dd4-13b0120dc23b" executionId="e7c4910f-fe41-4833-b945-3bcab79d06d9" testListId="8c84fa94-04c1-424b-9868-57a2d4851a1d" />
    <TestEntry testId="74b86e9a-6188-d98e-2f67-4a9ace7fd33e" executionId="b59b8a5b-e924-45a2-8cae-f440a84eec0e" testListId="8c84fa94-04c1-424b-9868-57a2d4851a1d" />
    <TestEntry testId="bd61969b-49ad-3c82-14b4-6c7bc0436022" executionId="8e431122-fa43-4ebb-b156-ac6357a0b77f" testListId="8c84fa94-04c1-424b-9868-57a2d4851a1d" />
    <TestEntry testId="b2aa56e0-5f60-42d5-4864-fa1400ccd4c4" executionId="3ec439d2-eedd-43c4-8a9f-afbd7194b27e" testListId="8c84fa94-04c1-424b-9868-57a2d4851a1d" />
    <TestEntry testId="9b6d1d16-dd72-74f7-830b-2ed37f788595" executionId="764fa758-ddd7-4553-8754-a2082fd8fd02" testListId="8c84fa94-04c1-424b-9868-57a2d4851a1d" />
    <TestEntry testId="f96482fd-4b5b-b380-26cc-fd8ddcb86a8c" executionId="c9cdd75a-796a-4a08-86f7-dd4b4e710152" testListId="8c84fa94-04c1-424b-9868-57a2d4851a1d" />
    <TestEntry testId="92de0608-fe98-a28c-fade-1d4b23f99d50" executionId="aa1377af-62c1-40e7-8a6a-2a0289ff8286" testListId="8c84fa94-04c1-424b-9868-57a2d4851a1d" />
    <TestEntry testId="0db6cea0-7252-b647-3ba1-5f00dccc86b6" executionId="72ae42f1-2fc0-4e22-a9b8-5f5f74c3128f" testListId="8c84fa94-04c1-424b-9868-57a2d4851a1d" />
    <TestEntry testId="f6328b9f-b052-e3f8-6080-2632707fb0d3" executionId="63b47730-9fb2-4229-a449-60c4af44acfb" testListId="8c84fa94-04c1-424b-9868-57a2d4851a1d" />
    <TestEntry testId="9c06d1ba-ea2b-1bb0-fd83-2316c05808c9" executionId="ebff149d-8797-4868-addb-690ece18b6ea" testListId="8c84fa94-04c1-424b-9868-57a2d4851a1d" />
    <TestEntry testId="0bd264d5-4161-90e0-39e0-bfba18495c08" executionId="11587a55-4d4c-4313-89cc-64a62804e422" testListId="8c84fa94-04c1-424b-9868-57a2d4851a1d" />
    <TestEntry testId="fc98a4b7-aece-e9da-731a-dcf2a445b7e5" executionId="0d86d872-04a2-4533-b254-765f4670f75c" testListId="8c84fa94-04c1-424b-9868-57a2d4851a1d" />
    <TestEntry testId="84301692-b472-5f6e-1737-760f9edcea65" executionId="79d0e011-2ba9-475f-b957-31ac20db8de6" testListId="8c84fa94-04c1-424b-9868-57a2d4851a1d" />
    <TestEntry testId="d6e51d0c-a6b0-eb45-84d3-c2374b826952" executionId="b3d99a08-a2a0-4e59-a562-9917b298fa38" testListId="8c84fa94-04c1-424b-9868-57a2d4851a1d" />
    <TestEntry testId="8ec4ce01-a20c-7b36-74f2-fb2d170afbcc" executionId="e4493446-1a4c-49da-ac34-3da77823927d" testListId="8c84fa94-04c1-424b-9868-57a2d4851a1d" />
    <TestEntry testId="20373e8e-17b1-ac94-be0f-c1bed6d1c13a" executionId="636ec451-3d38-46ea-866d-833d8b61c409" testListId="8c84fa94-04c1-424b-9868-57a2d4851a1d" />
    <TestEntry testId="f63ce9dd-2e94-9a64-cca8-d5959dc6d120" executionId="12d33812-cfd3-415b-983d-221f602f829e" testListId="8c84fa94-04c1-424b-9868-57a2d4851a1d" />
    <TestEntry testId="5cd18a85-60ce-b58b-657b-5de44ebcf37b" executionId="379592ca-7b4f-4210-b29e-e9a65191cd18" testListId="8c84fa94-04c1-424b-9868-57a2d4851a1d" />
    <TestEntry testId="ddcb4ee4-5365-dfaa-cb65-e340de8752cc" executionId="7b0aa6ab-2d2a-44a8-866b-744e5889de65" testListId="8c84fa94-04c1-424b-9868-57a2d4851a1d" />
    <TestEntry testId="1215c071-33ea-bfa2-5ac8-c5403db99ae8" executionId="bf311685-a3bc-4149-811d-36dde2c098cd" testListId="8c84fa94-04c1-424b-9868-57a2d4851a1d" />
    <TestEntry testId="f89bf4b2-037c-cd49-9022-7806b88b5e77" executionId="21d6ef0c-b4a4-4bc8-9c84-d841be7c2bca" testListId="8c84fa94-04c1-424b-9868-57a2d4851a1d" />
    <TestEntry testId="e99ccd07-0ccb-42be-9999-bc74deaacf44" executionId="a1bda7dc-11a5-4c49-ac6e-4621ee4aacfb" testListId="8c84fa94-04c1-424b-9868-57a2d4851a1d" />
    <TestEntry testId="84f1b030-6383-8d30-b4ad-7486433b5171" executionId="15f64764-e10d-40f1-9048-95dd9558dc48" testListId="8c84fa94-04c1-424b-9868-57a2d4851a1d" />
    <TestEntry testId="e7fbce8b-95c9-d055-40af-2eb2cd0c6e85" executionId="dfa0d2f6-1354-4023-b50a-ab5ffa04adae" testListId="8c84fa94-04c1-424b-9868-57a2d4851a1d" />
    <TestEntry testId="fee5bfa9-dfda-bebd-835d-dc916b944552" executionId="ee8352b5-f776-43da-a81c-96ae261d479d" testListId="8c84fa94-04c1-424b-9868-57a2d4851a1d" />
    <TestEntry testId="0e3bbfa9-9b4c-e217-20f7-06aef70f85d5" executionId="b6b98e23-6894-40ef-aebd-81c27f7904ba" testListId="8c84fa94-04c1-424b-9868-57a2d4851a1d" />
    <TestEntry testId="0c386d09-84d1-9cae-13d9-2693f8757153" executionId="b9883279-cd2e-4da0-b579-886ffc7238e4" testListId="8c84fa94-04c1-424b-9868-57a2d4851a1d" />
    <TestEntry testId="d9aae650-dc76-44b9-0b50-6cf8f55869e1" executionId="d524c080-a55f-4dee-8cdd-e8dcbc0af6f0" testListId="8c84fa94-04c1-424b-9868-57a2d4851a1d" />
    <TestEntry testId="f1d97ee1-bf32-14e7-b1d7-279e0f139936" executionId="64b320d6-5345-4f33-a72c-745274417fd1" testListId="8c84fa94-04c1-424b-9868-57a2d4851a1d" />
    <TestEntry testId="409fa761-3f5b-028c-2d05-81572d5dd09b" executionId="d042832b-cd08-4a9f-8281-53bf6e18f6a2" testListId="8c84fa94-04c1-424b-9868-57a2d4851a1d" />
    <TestEntry testId="484ca05d-711d-5c33-b9ab-f92685bce023" executionId="91014b26-7641-4f55-9793-6ca24592a0b3" testListId="8c84fa94-04c1-424b-9868-57a2d4851a1d" />
    <TestEntry testId="f6d5615e-2ee5-dd6d-d370-6a1f1098a55d" executionId="7a3aa04d-1610-4828-b60e-e8800e03e622" testListId="8c84fa94-04c1-424b-9868-57a2d4851a1d" />
    <TestEntry testId="9736a8ae-f308-ab55-366f-2db7b2222e2a" executionId="42d18a9e-790a-4424-97b8-4f4a40d8604b" testListId="8c84fa94-04c1-424b-9868-57a2d4851a1d" />
    <TestEntry testId="a96c94d8-8a2b-307e-7808-65c30acaafbc" executionId="390a8907-4d0d-48c8-ade3-50ae6823a646" testListId="8c84fa94-04c1-424b-9868-57a2d4851a1d" />
    <TestEntry testId="08b9aa2a-4c76-ae65-2ac2-b475d0e3b070" executionId="ad8c6c43-630d-481d-9534-c1cf2a811ddf" testListId="8c84fa94-04c1-424b-9868-57a2d4851a1d" />
    <TestEntry testId="41caa7ba-f856-c906-dff0-8d244b9f6d95" executionId="fbbefe80-1c13-45dc-926b-75066796b3fb" testListId="8c84fa94-04c1-424b-9868-57a2d4851a1d" />
    <TestEntry testId="f12700ba-8821-f0ba-12ed-2e40c237fae7" executionId="0490c3b6-d54f-4c44-8021-f51a5141f3db" testListId="8c84fa94-04c1-424b-9868-57a2d4851a1d" />
    <TestEntry testId="3072cc39-8686-cfc1-23dd-8ecb1be7b8d1" executionId="d5dd4e6b-5da9-4338-848d-8817bdce005c" testListId="8c84fa94-04c1-424b-9868-57a2d4851a1d" />
    <TestEntry testId="4c7a24a3-31b3-5682-9a84-9c6ad3d3362f" executionId="ee20cad5-3cf9-42b5-8496-04e84c8c3893" testListId="8c84fa94-04c1-424b-9868-57a2d4851a1d" />
    <TestEntry testId="fd9dd396-864e-bc54-1efb-7212fdfa608f" executionId="89095cc4-2300-4dea-87c3-4257db104e10" testListId="8c84fa94-04c1-424b-9868-57a2d4851a1d" />
    <TestEntry testId="25a11567-6162-f921-9475-fdd513dc689c" executionId="e94acf55-03f4-479d-8600-6e4830bf9268" testListId="8c84fa94-04c1-424b-9868-57a2d4851a1d" />
    <TestEntry testId="4fb97ef2-c5a9-1dee-8550-2558bb227e10" executionId="0c2b5a0c-ad66-4664-bc0c-ce75a6c82443" testListId="8c84fa94-04c1-424b-9868-57a2d4851a1d" />
    <TestEntry testId="0de96528-243c-6f64-ebc4-cbed28be2ce4" executionId="d040de03-8bb4-47ac-8d62-d8e83b8f2de8" testListId="8c84fa94-04c1-424b-9868-57a2d4851a1d" />
    <TestEntry testId="7a2a8518-d77f-ab62-355c-6a54533e9cdf" executionId="ad4a0f3f-f41d-4477-b989-3afb8028c522" testListId="8c84fa94-04c1-424b-9868-57a2d4851a1d" />
    <TestEntry testId="70027afe-27b0-3017-ebbc-8fc0f42ca82f" executionId="0dbd7169-2539-420e-8e1f-9bf921952f56" testListId="8c84fa94-04c1-424b-9868-57a2d4851a1d" />
    <TestEntry testId="c1b3d7f7-67d7-6f4a-4081-4e1d5822b5c7" executionId="f474650d-6613-4cf8-afa1-ad8e3e905bc6" testListId="8c84fa94-04c1-424b-9868-57a2d4851a1d" />
    <TestEntry testId="130f1d31-4e3b-f47a-5ffa-e1e0aa4b66b9" executionId="62861322-0a92-4b43-b174-2a0efd6772cc" testListId="8c84fa94-04c1-424b-9868-57a2d4851a1d" />
    <TestEntry testId="84aff556-9090-2020-f213-d7eee6c9a7c6" executionId="8e75c736-cdcd-465e-a433-ec64de82fd84" testListId="8c84fa94-04c1-424b-9868-57a2d4851a1d" />
    <TestEntry testId="1e45a251-11ae-6a6c-e845-ac9b0a1e119b" executionId="23f60f3b-f876-4c2c-8ac1-04b45bba753c" testListId="8c84fa94-04c1-424b-9868-57a2d4851a1d" />
    <TestEntry testId="a31574ef-97fc-5bd5-6389-ec8df1c72cbf" executionId="15e9e2fa-21e6-4803-b15f-fcc57951b7f6" testListId="8c84fa94-04c1-424b-9868-57a2d4851a1d" />
    <TestEntry testId="e71f9197-dd92-de2f-20c0-30b52784395c" executionId="6c6385f2-d620-4bb7-8ac0-5cd300b669f1" testListId="8c84fa94-04c1-424b-9868-57a2d4851a1d" />
    <TestEntry testId="494eaabe-4fb2-b802-16bf-4589390d21c1" executionId="a97056fb-7426-4e7a-9431-15363b393007" testListId="8c84fa94-04c1-424b-9868-57a2d4851a1d" />
    <TestEntry testId="69235826-a1f1-f215-3f28-97d4bdbe2d52" executionId="3a308955-e0cd-4bd5-813a-cb3f27789998" testListId="8c84fa94-04c1-424b-9868-57a2d4851a1d" />
    <TestEntry testId="c98cf8cc-0896-31ae-431a-5052c6c62dbc" executionId="9ffab2d1-b093-4b14-ba5c-88456c602496" testListId="8c84fa94-04c1-424b-9868-57a2d4851a1d" />
    <TestEntry testId="e64c8100-0f88-0067-2e28-6e0a325b5b0a" executionId="25feb70b-61c5-4706-b754-66190b86a157" testListId="8c84fa94-04c1-424b-9868-57a2d4851a1d" />
    <TestEntry testId="08dec44d-1c08-9a76-c0ec-d0a7bbbd645e" executionId="7616a27f-349b-40c9-935c-c095aa3d8522" testListId="8c84fa94-04c1-424b-9868-57a2d4851a1d" />
    <TestEntry testId="645cd5c3-36ae-6109-a092-fe741c107a15" executionId="bbafa169-9299-4ec9-b8b0-a2de6cfd5ae7" testListId="8c84fa94-04c1-424b-9868-57a2d4851a1d" />
    <TestEntry testId="bdd0effd-b296-7426-791a-c600389b84af" executionId="96c9e75b-ad32-4be1-baa1-84fb8a137347" testListId="8c84fa94-04c1-424b-9868-57a2d4851a1d" />
    <TestEntry testId="487d6f91-ec82-e947-a26f-7f86a9428ee4" executionId="16284487-fc3d-4fcd-8608-fdacf12449e3" testListId="8c84fa94-04c1-424b-9868-57a2d4851a1d" />
    <TestEntry testId="1a61026f-b271-a5eb-73c1-1f856c7784d0" executionId="a7404b82-64d7-4c55-ba40-35f8264c48b8" testListId="8c84fa94-04c1-424b-9868-57a2d4851a1d" />
    <TestEntry testId="40f2976d-c053-33d7-51b4-7fde8f3dce0a" executionId="fd941964-7bf6-4a0a-b8e9-c9740e0e6bc4" testListId="8c84fa94-04c1-424b-9868-57a2d4851a1d" />
    <TestEntry testId="d5d86913-9259-1dc9-8e1f-ca19d2ddbe87" executionId="fcca3c68-e63a-4952-8458-2c7d420c3490" testListId="8c84fa94-04c1-424b-9868-57a2d4851a1d" />
    <TestEntry testId="ef3ab5a6-ab64-2248-5466-efa07c45b7f4" executionId="037447ae-d342-43e5-be92-382e23a1d7a3" testListId="8c84fa94-04c1-424b-9868-57a2d4851a1d" />
    <TestEntry testId="5a5472e0-863f-8bcc-020c-c51996b4074b" executionId="6ceac554-7f0e-4bd2-aa8b-b53ccf373558" testListId="8c84fa94-04c1-424b-9868-57a2d4851a1d" />
    <TestEntry testId="f0181734-4a5c-6b55-53c4-50277496276a" executionId="0addf5eb-7f26-4373-84fa-018a49c2b11d" testListId="8c84fa94-04c1-424b-9868-57a2d4851a1d" />
    <TestEntry testId="ae9f41c0-56c5-c136-6fd0-0ca4cee7679c" executionId="0e19a68a-1ea8-4212-8a9b-879f90a36654" testListId="8c84fa94-04c1-424b-9868-57a2d4851a1d" />
    <TestEntry testId="704dfcc7-0671-d060-5f0f-23483247cded" executionId="3a2dca44-f527-4f83-bebe-11c76ee453ca" testListId="8c84fa94-04c1-424b-9868-57a2d4851a1d" />
    <TestEntry testId="1edb5fc0-1d1c-9043-2f33-b0d2833c32b4" executionId="a06ff129-ef7d-4456-ae29-c88e82eeba2a" testListId="8c84fa94-04c1-424b-9868-57a2d4851a1d" />
    <TestEntry testId="285de3cc-7463-97c5-7a4d-9fc18f07fa37" executionId="fa95cae8-a0fb-429a-abff-d384d795db31" testListId="8c84fa94-04c1-424b-9868-57a2d4851a1d" />
    <TestEntry testId="92454916-5108-915e-8369-9c28f3401013" executionId="68745c19-4e09-413d-9dd5-a9ca852dc86b" testListId="8c84fa94-04c1-424b-9868-57a2d4851a1d" />
    <TestEntry testId="0327f027-7dbf-9667-735e-eac3e8857101" executionId="38bd21cc-7dc4-4163-bfb2-ad7e0d30c625" testListId="8c84fa94-04c1-424b-9868-57a2d4851a1d" />
    <TestEntry testId="b5297b32-63e5-d445-fb49-5c5df5f61bec" executionId="bb53afc5-9e9e-42bf-8047-41011b88c4ce" testListId="8c84fa94-04c1-424b-9868-57a2d4851a1d" />
    <TestEntry testId="8bc2f5a4-2b6a-d6fa-6633-3ec73ee952bc" executionId="67135471-e876-41e4-a83e-903e0d5a52cf" testListId="8c84fa94-04c1-424b-9868-57a2d4851a1d" />
    <TestEntry testId="926436bb-6ad1-4c45-7e27-4f7121382ea2" executionId="ec22b1ac-6481-49f8-ba73-7dd288cdf60b" testListId="8c84fa94-04c1-424b-9868-57a2d4851a1d" />
    <TestEntry testId="876ce97f-2560-40db-2a09-5b08ae002395" executionId="a6a0a11d-21d3-4e27-999a-1975c2c07181" testListId="8c84fa94-04c1-424b-9868-57a2d4851a1d" />
    <TestEntry testId="2542f3d1-3cdc-cf6a-9a74-108a02079f30" executionId="5acee9ef-4216-46d2-a0e4-7209e7a49a55" testListId="8c84fa94-04c1-424b-9868-57a2d4851a1d" />
    <TestEntry testId="3ff3bc6d-9bae-1e17-40b6-e5282e1f7ee4" executionId="400270b3-ee0b-42f7-b449-c3aecadc448f" testListId="8c84fa94-04c1-424b-9868-57a2d4851a1d" />
    <TestEntry testId="913e1e71-017b-1ef9-c257-070388fbfd68" executionId="2e496049-7864-4ae9-a9fe-5d8120be8570" testListId="8c84fa94-04c1-424b-9868-57a2d4851a1d" />
    <TestEntry testId="6c7d8215-38b1-02e9-d562-9273b1ad62df" executionId="4f893f0e-7b1f-4606-9ab7-2bd444fc677c" testListId="8c84fa94-04c1-424b-9868-57a2d4851a1d" />
    <TestEntry testId="9323db7d-4095-b480-fb06-e80a4d2f6eaa" executionId="43777d4f-0d2a-4ec1-948c-06b4404a804b" testListId="8c84fa94-04c1-424b-9868-57a2d4851a1d" />
    <TestEntry testId="9c5bec64-4cd7-1eb8-640f-4e2bbbe7392f" executionId="9226d98c-b88a-4d78-9ad0-0a72d0bab6b0" testListId="8c84fa94-04c1-424b-9868-57a2d4851a1d" />
    <TestEntry testId="785bcb6a-a901-4c1b-60ba-1af9a59d4f8a" executionId="1f5d4cd5-1715-4c64-bbc5-5fab5d635481" testListId="8c84fa94-04c1-424b-9868-57a2d4851a1d" />
    <TestEntry testId="063828b1-19f7-817c-f6d7-6bce08b2e5fb" executionId="c2f33bc6-c8ab-470b-8091-4b9c2e2e494d" testListId="8c84fa94-04c1-424b-9868-57a2d4851a1d" />
    <TestEntry testId="cfc4dc4c-319e-83b7-aea7-b591effbc8ad" executionId="2d6f1e9a-317c-42b0-aa30-be72071ac8e9" testListId="8c84fa94-04c1-424b-9868-57a2d4851a1d" />
    <TestEntry testId="c1e8a5aa-8ce5-ec77-4374-273fc0e9a25b" executionId="11dc28f1-21e9-4326-8d4d-062be52d32f7" testListId="8c84fa94-04c1-424b-9868-57a2d4851a1d" />
    <TestEntry testId="6156099d-d15e-e625-811b-a84708c39035" executionId="bf75f2ab-fc95-4880-85b8-2e0171cc6f41" testListId="8c84fa94-04c1-424b-9868-57a2d4851a1d" />
    <TestEntry testId="e9ae2e0f-6b3f-5be8-70ce-4694a8f58dae" executionId="5334f389-2644-44f4-95db-5694ea44a8a0" testListId="8c84fa94-04c1-424b-9868-57a2d4851a1d" />
    <TestEntry testId="a3e184f2-fa33-1b45-445c-f37fcdb5e5d4" executionId="64b5ae3f-708e-4f59-8d59-094a50e23a17" testListId="8c84fa94-04c1-424b-9868-57a2d4851a1d" />
    <TestEntry testId="f30629b3-f1a4-db93-062d-b74e12960eb9" executionId="cd75cf9f-bb48-4bfb-a0de-c18742af3fbb" testListId="8c84fa94-04c1-424b-9868-57a2d4851a1d" />
    <TestEntry testId="9d35c45f-30de-9629-1760-ce591fc77afc" executionId="31839463-162c-4571-afb7-fdb39b2314d0" testListId="8c84fa94-04c1-424b-9868-57a2d4851a1d" />
    <TestEntry testId="3d71243d-a73d-bce4-5833-07e4c8528e1d" executionId="6ca26b65-a363-4ffd-a2fe-3a24160a2d8c" testListId="8c84fa94-04c1-424b-9868-57a2d4851a1d" />
    <TestEntry testId="fb528f51-6138-c899-b8ba-284fcc9a5fb5" executionId="91ae175e-c940-4fb2-ab25-8636c7c0a407" testListId="8c84fa94-04c1-424b-9868-57a2d4851a1d" />
    <TestEntry testId="80d6adb4-1650-27fd-08b7-0698f3bcab62" executionId="4a31bd1f-7904-4d10-8f2d-6c2f016754ab" testListId="8c84fa94-04c1-424b-9868-57a2d4851a1d" />
    <TestEntry testId="e92b92df-4832-3c0f-49c5-acfbf0e5fdfe" executionId="39fc3309-376b-4be9-ba26-f2944a936b3f" testListId="8c84fa94-04c1-424b-9868-57a2d4851a1d" />
    <TestEntry testId="55ec7ecd-668d-873b-5de4-97aa54ebae84" executionId="b1acadbb-94b4-4123-a4b0-256bdd3b1b0d" testListId="8c84fa94-04c1-424b-9868-57a2d4851a1d" />
    <TestEntry testId="6955ebf9-335b-650b-c669-92d851d8649b" executionId="d6c2e0cb-5e9a-4c96-aa8f-2bddb5cfd17c" testListId="8c84fa94-04c1-424b-9868-57a2d4851a1d" />
    <TestEntry testId="1047d0f5-74cf-30a5-2e70-1dea0ad7d353" executionId="9cedb8ef-0959-4645-94a4-ebdcd9c1e726" testListId="8c84fa94-04c1-424b-9868-57a2d4851a1d" />
    <TestEntry testId="0430db25-db50-e950-650c-a7a45ebe4591" executionId="4c7ce448-f2c7-4d15-bff5-41b4dd75245b" testListId="8c84fa94-04c1-424b-9868-57a2d4851a1d" />
    <TestEntry testId="d521225f-189f-6e0c-d786-da7cc5d281f2" executionId="d724fe02-63bc-4103-9e64-4c7780ced0ee" testListId="8c84fa94-04c1-424b-9868-57a2d4851a1d" />
    <TestEntry testId="0aec4cd5-5e68-1c1f-83c2-aa6c867c75b7" executionId="1a947d0d-e528-49e5-ad00-63dfadc2cefb" testListId="8c84fa94-04c1-424b-9868-57a2d4851a1d" />
    <TestEntry testId="3c55de21-edba-9293-3151-27368a829c8a" executionId="f700e8be-b986-47d1-bfe8-3711c05596c8" testListId="8c84fa94-04c1-424b-9868-57a2d4851a1d" />
    <TestEntry testId="1cc1352e-23f1-23c2-a2f4-88c714c592cb" executionId="bbd1ccfe-fbc7-4cfc-8e15-29fd0ab54012" testListId="8c84fa94-04c1-424b-9868-57a2d4851a1d" />
    <TestEntry testId="eade85c4-4bde-0133-ecf8-0f7996b21008" executionId="3985d2e3-58fc-40dd-ab39-c5aef317fa06" testListId="8c84fa94-04c1-424b-9868-57a2d4851a1d" />
    <TestEntry testId="36ba268e-05c6-cf80-4bab-a3a3f9a638bb" executionId="e7abcf7c-ef12-4e30-a07a-c2250a553a32" testListId="8c84fa94-04c1-424b-9868-57a2d4851a1d" />
    <TestEntry testId="02da98c3-6b97-fec6-2511-2d21eb185318" executionId="d22c1914-dc09-4641-ba79-1ec5508d49d3" testListId="8c84fa94-04c1-424b-9868-57a2d4851a1d" />
    <TestEntry testId="9b7fbb39-62bc-644c-3f1a-6c61e49b24e2" executionId="0ca3f061-f088-41c7-9419-d88461abf103" testListId="8c84fa94-04c1-424b-9868-57a2d4851a1d" />
    <TestEntry testId="5f9ab3a2-a74d-3ba3-bb43-56d569184da7" executionId="a4184f75-4158-4df6-a19f-e710f4d7654a" testListId="8c84fa94-04c1-424b-9868-57a2d4851a1d" />
    <TestEntry testId="8ed8c2ac-8981-250a-50b6-66e3b3f4891d" executionId="96302bd4-6905-440a-a06f-53fd4152b672" testListId="8c84fa94-04c1-424b-9868-57a2d4851a1d" />
    <TestEntry testId="e54e8398-05b8-9da0-90dc-32e4daffe725" executionId="02e0661f-224a-4a76-bccf-b0a7df0768a3" testListId="8c84fa94-04c1-424b-9868-57a2d4851a1d" />
    <TestEntry testId="5f2af1de-e546-2980-4be2-6b228a745388" executionId="7ea62c49-22e1-4bea-b9db-4e8253f0c9ca" testListId="8c84fa94-04c1-424b-9868-57a2d4851a1d" />
    <TestEntry testId="aaf6cbc2-ec71-9fc8-a293-327af94ed168" executionId="e055a624-359e-4fbf-89e7-db78bfc7eec1" testListId="8c84fa94-04c1-424b-9868-57a2d4851a1d" />
    <TestEntry testId="5f99bb54-888a-202b-ef35-3c50e50a7409" executionId="4fbb64a5-5c3f-4f69-aa4f-5364c66e0da1" testListId="8c84fa94-04c1-424b-9868-57a2d4851a1d" />
    <TestEntry testId="81185dc1-6718-dee1-e442-c24203f3dfbc" executionId="44f367cb-4597-488d-8720-6a9b592fcd54" testListId="8c84fa94-04c1-424b-9868-57a2d4851a1d" />
    <TestEntry testId="22cbea69-3a7d-9cd6-f0ea-2fa47544a3b1" executionId="6890d814-c64c-4d94-8c55-32ac9e879039" testListId="8c84fa94-04c1-424b-9868-57a2d4851a1d" />
    <TestEntry testId="c65619db-63b2-2c34-76fc-e7e18e03ae65" executionId="23a0f4a9-baf6-41fc-8261-6cd898408391" testListId="8c84fa94-04c1-424b-9868-57a2d4851a1d" />
    <TestEntry testId="f7a71bbf-6d87-6510-8ab0-8692465afb95" executionId="b679110e-0923-464f-bdbd-fc0ada144fa6" testListId="8c84fa94-04c1-424b-9868-57a2d4851a1d" />
    <TestEntry testId="c14b5c94-9ed8-41f1-f1a3-39cd875ade55" executionId="281b6bbb-2437-4b66-8d88-efd5d85665d0" testListId="8c84fa94-04c1-424b-9868-57a2d4851a1d" />
    <TestEntry testId="c2c277a8-e31f-70e0-ad47-c4ae68d0f17f" executionId="bc0a4866-0bf2-4769-9ea0-4d9c0494470a" testListId="8c84fa94-04c1-424b-9868-57a2d4851a1d" />
    <TestEntry testId="1388ff5c-50de-cc86-d0b2-d19866f62f9c" executionId="c8da86df-46fc-4d72-b24d-cca3b5a94001" testListId="8c84fa94-04c1-424b-9868-57a2d4851a1d" />
    <TestEntry testId="33db52b2-d0e0-3277-f9f1-6ac9a0d865bd" executionId="c0094e24-7350-4059-a54c-22b807b6ca9b" testListId="8c84fa94-04c1-424b-9868-57a2d4851a1d" />
    <TestEntry testId="352495dc-a484-8c59-3282-0bb69933bfaf" executionId="622ffc1d-a20e-4e56-b9dd-731a81baa502" testListId="8c84fa94-04c1-424b-9868-57a2d4851a1d" />
    <TestEntry testId="c44bea46-b8b9-81c5-4220-23f1ae9a0c24" executionId="8eaaca08-ec92-4dbb-aaa0-9c7d4f5c998e" testListId="8c84fa94-04c1-424b-9868-57a2d4851a1d" />
    <TestEntry testId="894191cb-bee6-69e2-81f1-61869244aed4" executionId="b52f12ae-6ecb-447c-8fe3-d33f7a15a493" testListId="8c84fa94-04c1-424b-9868-57a2d4851a1d" />
    <TestEntry testId="3ce9b96f-8501-c34c-77db-b59cc03fb909" executionId="540b29de-f929-4611-a744-c81b3bb6bba4" testListId="8c84fa94-04c1-424b-9868-57a2d4851a1d" />
    <TestEntry testId="715cbcbf-2422-fb6c-97f7-6f79b7d973dd" executionId="f9a55c9c-d366-48f9-b0ab-66b57344dfa1" testListId="8c84fa94-04c1-424b-9868-57a2d4851a1d" />
    <TestEntry testId="ecd5a7ff-d01e-b972-8929-8cd318d1ee7d" executionId="67c4a35b-fe5b-45e2-86ad-7f0b49a5d3bf" testListId="8c84fa94-04c1-424b-9868-57a2d4851a1d" />
    <TestEntry testId="c648d94e-d167-b7e5-f8a4-f61682d6b498" executionId="9d9a7556-7400-4a54-99fd-036552c8bed4" testListId="8c84fa94-04c1-424b-9868-57a2d4851a1d" />
    <TestEntry testId="eee8de63-1e12-5835-b4c3-8b62a2e9b161" executionId="eacbaf0a-11b2-467e-904e-4cf231a0ae64" testListId="8c84fa94-04c1-424b-9868-57a2d4851a1d" />
    <TestEntry testId="c89f06c0-b8d3-fea7-b2c3-b6caf473b9d9" executionId="c28b5dfe-26a0-4128-ac61-a0c23c6c76e5" testListId="8c84fa94-04c1-424b-9868-57a2d4851a1d" />
    <TestEntry testId="a8648c26-4319-bb26-b61e-ef35fbb1dda5" executionId="ff25463d-5ce8-4e29-8c01-c1989bc8ef69" testListId="8c84fa94-04c1-424b-9868-57a2d4851a1d" />
    <TestEntry testId="d7f27462-6704-d08a-95b8-e99863056ad7" executionId="f5a25778-501f-444b-9879-de2573f43852" testListId="8c84fa94-04c1-424b-9868-57a2d4851a1d" />
    <TestEntry testId="b23beb03-ffbd-4d3d-0f7c-437da4598c39" executionId="6d12a85d-6940-4006-8345-62db6754c489" testListId="8c84fa94-04c1-424b-9868-57a2d4851a1d" />
    <TestEntry testId="e9a64a75-fd75-d60a-07ff-15219025037f" executionId="502c0c54-dccb-4056-b2da-169353d493e8" testListId="8c84fa94-04c1-424b-9868-57a2d4851a1d" />
    <TestEntry testId="7e23d842-da1b-be71-e958-228dc413da09" executionId="68875e0a-8824-4209-8e2c-527ab70cd2a4" testListId="8c84fa94-04c1-424b-9868-57a2d4851a1d" />
    <TestEntry testId="6e4974d9-e3ff-3885-68b1-cdf2eb46c979" executionId="b1032a26-5cc6-486e-b173-0459478f3b3e" testListId="8c84fa94-04c1-424b-9868-57a2d4851a1d" />
    <TestEntry testId="c5839a5d-09aa-89ce-3732-228cebdbe374" executionId="aa8ce28d-1ccc-487a-aca5-812834d25ef7" testListId="8c84fa94-04c1-424b-9868-57a2d4851a1d" />
    <TestEntry testId="444895a9-3e9c-93be-e8cf-ee7505352654" executionId="39d6f65f-687c-4f33-8c9b-bdab15ead63f" testListId="8c84fa94-04c1-424b-9868-57a2d4851a1d" />
    <TestEntry testId="8baaeaf7-4ae1-3cd6-0101-eb08430d598c" executionId="45fe549b-b5f9-4c10-83e3-4458c824b6ac" testListId="8c84fa94-04c1-424b-9868-57a2d4851a1d" />
    <TestEntry testId="007246ce-570c-a007-eb42-8466afdc58c9" executionId="cb5d0de9-1ad3-4f22-bc6b-21c4a9ee90dd" testListId="8c84fa94-04c1-424b-9868-57a2d4851a1d" />
    <TestEntry testId="0de29df1-d38a-1eff-95a2-39e6759ca4aa" executionId="efcb4021-0016-4f65-b499-8504e08822d4" testListId="8c84fa94-04c1-424b-9868-57a2d4851a1d" />
    <TestEntry testId="d5c46146-af08-f2b5-43b5-902e9535be6a" executionId="19111b53-8ba5-43a6-929d-07461b6dc822" testListId="8c84fa94-04c1-424b-9868-57a2d4851a1d" />
    <TestEntry testId="a86291b0-4171-9275-c577-e6c0904099ee" executionId="27b06c90-88fc-4ef2-8a54-0d278ffbce37" testListId="8c84fa94-04c1-424b-9868-57a2d4851a1d" />
    <TestEntry testId="f8e28254-23d5-b0b0-b7ed-64dc6b50aefc" executionId="ad702299-362c-47cf-877b-ffead8c1e97e" testListId="8c84fa94-04c1-424b-9868-57a2d4851a1d" />
    <TestEntry testId="2259967c-e46c-ebf5-3e51-5ae1915a0703" executionId="cb07a939-beda-4214-bc0e-fa40e91dfc10" testListId="8c84fa94-04c1-424b-9868-57a2d4851a1d" />
    <TestEntry testId="87ea9e95-9b52-8332-11b6-09e963cda5e4" executionId="aba62f75-6f73-4d16-aa9d-c786bca417d2" testListId="8c84fa94-04c1-424b-9868-57a2d4851a1d" />
    <TestEntry testId="1cbfcdfa-2dd8-f401-9c22-685c920f3fd3" executionId="d8e722dc-f6fe-447d-9950-c6cfba851b26" testListId="8c84fa94-04c1-424b-9868-57a2d4851a1d" />
    <TestEntry testId="e1a50a1f-a7e2-f8bf-024e-2309827f8b72" executionId="9fb57ed4-ddc2-4f55-a259-057525e6f635" testListId="8c84fa94-04c1-424b-9868-57a2d4851a1d" />
    <TestEntry testId="137dcf16-29c0-a574-9539-2ee0cc284a4c" executionId="3117a7f9-6ed9-4b27-a8b3-88e24546125a" testListId="8c84fa94-04c1-424b-9868-57a2d4851a1d" />
    <TestEntry testId="2274515c-9c3d-1f47-ee0c-6ff1e6d12dca" executionId="71b30845-e8cc-439f-ab27-fbacf1ea41c7" testListId="8c84fa94-04c1-424b-9868-57a2d4851a1d" />
    <TestEntry testId="7f415fe9-f2f4-e9a4-723c-4302acb7f4e5" executionId="d990632e-c539-4efd-9992-3e95621f9f52" testListId="8c84fa94-04c1-424b-9868-57a2d4851a1d" />
    <TestEntry testId="6289295b-06d2-153f-33a0-b519202959b1" executionId="9edff75e-42ad-4065-9fcf-91b18a4467bf" testListId="8c84fa94-04c1-424b-9868-57a2d4851a1d" />
    <TestEntry testId="99b34987-ba92-81eb-f6eb-769542083b5f" executionId="60b04c66-b013-4b50-a797-8d85390294a8" testListId="8c84fa94-04c1-424b-9868-57a2d4851a1d" />
    <TestEntry testId="1486195d-eb16-aa53-7b2a-dfba28d005af" executionId="a2dc3d71-ef22-49f3-9de4-a54a1b70295d" testListId="8c84fa94-04c1-424b-9868-57a2d4851a1d" />
    <TestEntry testId="7959cf01-3f91-01f0-cd2a-071b6ac9edb5" executionId="74687029-4830-4086-895e-f508473fb76b" testListId="8c84fa94-04c1-424b-9868-57a2d4851a1d" />
    <TestEntry testId="d2deca7c-3a3d-0f18-8f1f-ea7b28c56688" executionId="d7a69f99-97de-479a-8a34-10f751e9b2c1" testListId="8c84fa94-04c1-424b-9868-57a2d4851a1d" />
    <TestEntry testId="d7f370e0-fe25-def0-5962-ced37d225b3d" executionId="6c4921a6-b6f8-4c15-9f69-4890a693ad7c" testListId="8c84fa94-04c1-424b-9868-57a2d4851a1d" />
    <TestEntry testId="30094c8d-ee5e-5b45-e455-af217d37fc05" executionId="082200cf-4348-4deb-a7a7-61fd5205beb4" testListId="8c84fa94-04c1-424b-9868-57a2d4851a1d" />
    <TestEntry testId="805bb982-a813-ab89-6251-47fc884a4ab7" executionId="30619c1d-cde5-4f47-9da6-264c44e86b6b" testListId="8c84fa94-04c1-424b-9868-57a2d4851a1d" />
    <TestEntry testId="4f251702-a983-37b4-6681-9c460cd132a5" executionId="5803d31b-4f16-4879-93ce-daad6e49387a" testListId="8c84fa94-04c1-424b-9868-57a2d4851a1d" />
    <TestEntry testId="f486e50b-d0d7-e7e5-7ac6-12b2e6a106c7" executionId="6c6bb8bd-f681-43f4-aba8-c0e87a2167d4" testListId="8c84fa94-04c1-424b-9868-57a2d4851a1d" />
    <TestEntry testId="76e85821-1be3-4501-02ef-073615b5a175" executionId="bc5968fa-cb62-40d0-a411-142d1dd84221" testListId="8c84fa94-04c1-424b-9868-57a2d4851a1d" />
    <TestEntry testId="180196d8-f125-6614-48fa-62c49b0089e3" executionId="fdab2ce0-b7ad-4c2d-8925-3626516f9a74" testListId="8c84fa94-04c1-424b-9868-57a2d4851a1d" />
    <TestEntry testId="07e03921-28ba-9222-c421-58eabf887b10" executionId="067e5fcb-46af-4e1a-8399-6e18574a3b86" testListId="8c84fa94-04c1-424b-9868-57a2d4851a1d" />
    <TestEntry testId="f010b793-931b-684d-d2ea-48b39359569d" executionId="9153d3ac-7851-44e8-9e2b-14369480113a" testListId="8c84fa94-04c1-424b-9868-57a2d4851a1d" />
    <TestEntry testId="1ace4b55-a085-9987-e967-fbe848c25281" executionId="428c8c9c-c60e-4654-994b-4e1a999c14e7" testListId="8c84fa94-04c1-424b-9868-57a2d4851a1d" />
    <TestEntry testId="10f4c7e3-0b8f-ff11-3a86-e5d09f71a4dc" executionId="f4edc107-5e5d-4366-9f6a-cb078a19c632" testListId="8c84fa94-04c1-424b-9868-57a2d4851a1d" />
    <TestEntry testId="c3b8ce29-39ba-dac7-c78f-20fe2f67c774" executionId="b147f6a6-323b-4dbe-93e7-3781f4f1157e" testListId="8c84fa94-04c1-424b-9868-57a2d4851a1d" />
    <TestEntry testId="9128f325-2d16-e14f-81df-b2d804d27327" executionId="54103207-04ab-45c0-bb77-89ee590be88f" testListId="8c84fa94-04c1-424b-9868-57a2d4851a1d" />
    <TestEntry testId="5ff2e9bd-913e-ef6f-f2de-f5964820022a" executionId="9fcb4e85-c032-40cf-a5db-c018c81f5719" testListId="8c84fa94-04c1-424b-9868-57a2d4851a1d" />
    <TestEntry testId="8bde2655-cfaa-dc33-b849-1d119a441cc1" executionId="d4468960-ccad-4fb6-831a-bfc7bd2d5e1e" testListId="8c84fa94-04c1-424b-9868-57a2d4851a1d" />
    <TestEntry testId="eb5851c6-ff83-ebd6-23b7-10a851a76b35" executionId="fc6f5c99-32c6-4fee-addd-2454bad2be19" testListId="8c84fa94-04c1-424b-9868-57a2d4851a1d" />
    <TestEntry testId="c96481bf-026f-b4f1-4712-7c2424dec067" executionId="85011d96-dd03-45e1-825f-41e93c4c525e" testListId="8c84fa94-04c1-424b-9868-57a2d4851a1d" />
    <TestEntry testId="5a40db3a-8eb6-b66c-4632-62d2188edcd1" executionId="0ce116d6-44e1-4c18-9590-79eadfe9fec5" testListId="8c84fa94-04c1-424b-9868-57a2d4851a1d" />
    <TestEntry testId="7c2cff16-4b49-5546-a9ec-2c5f3e66c7c9" executionId="9ab5b70c-b96f-4006-8e07-d60e5491e1d5" testListId="8c84fa94-04c1-424b-9868-57a2d4851a1d" />
    <TestEntry testId="71f52ade-acf3-df28-374d-551fa3fa4768" executionId="14c17782-3e33-4ea3-a206-794d412cae21" testListId="8c84fa94-04c1-424b-9868-57a2d4851a1d" />
    <TestEntry testId="b94988f6-0880-a8b5-f4a5-9fa1abe166d1" executionId="11e597e4-c3f7-46ea-ade2-493f70e2749d" testListId="8c84fa94-04c1-424b-9868-57a2d4851a1d" />
    <TestEntry testId="82e08919-1e06-09d0-70c8-c88a837effc5" executionId="3bc2c99b-f67b-4ff5-8137-6b2526bae182" testListId="8c84fa94-04c1-424b-9868-57a2d4851a1d" />
    <TestEntry testId="766aedf0-1025-25df-52bf-1821751fde22" executionId="de39e019-5268-4da7-80d1-7e5548720e8f" testListId="8c84fa94-04c1-424b-9868-57a2d4851a1d" />
    <TestEntry testId="e911c4fa-1e99-dcf3-196d-3687b6c67446" executionId="08c7a537-6f49-47f5-ad1b-d7fd8e9364da" testListId="8c84fa94-04c1-424b-9868-57a2d4851a1d" />
    <TestEntry testId="bf5ee36e-3682-8989-b013-f0a312f9945d" executionId="6ab0eb44-97c0-4b29-bac8-2269daa5fb3d" testListId="8c84fa94-04c1-424b-9868-57a2d4851a1d" />
    <TestEntry testId="0e09f455-cd4f-e42d-bcdb-93aa3d653c3e" executionId="9a48cc6b-610a-4402-b2e1-a74d9e832313" testListId="8c84fa94-04c1-424b-9868-57a2d4851a1d" />
    <TestEntry testId="7241ecbf-979e-5b9f-7aca-ffdd31253757" executionId="7751cfae-922a-416e-a526-6f95b0507f02" testListId="8c84fa94-04c1-424b-9868-57a2d4851a1d" />
    <TestEntry testId="59cd21ac-2d72-897f-3573-0de9e8dc1d9d" executionId="a8b85d47-cc07-483f-b78d-2fd74f473f4b" testListId="8c84fa94-04c1-424b-9868-57a2d4851a1d" />
    <TestEntry testId="649bc6c1-3f22-d11b-1cdc-777593bb51d4" executionId="cbaaecef-0388-461e-a175-87f1d03a2a93" testListId="8c84fa94-04c1-424b-9868-57a2d4851a1d" />
    <TestEntry testId="02910e9c-ec1f-156b-9de6-411729542a46" executionId="b1dbeb5d-384a-4d7d-9241-002142e543c8" testListId="8c84fa94-04c1-424b-9868-57a2d4851a1d" />
    <TestEntry testId="adcee085-e2d1-6d74-2e27-450a1d4b4630" executionId="cd683379-f4ca-499f-8986-b4b605bd66ba" testListId="8c84fa94-04c1-424b-9868-57a2d4851a1d" />
    <TestEntry testId="d0bb929b-e68b-8e3c-2c1e-496bb6ec2575" executionId="5df0f0e6-d9b5-4b05-b2fa-576fb1c572d4" testListId="8c84fa94-04c1-424b-9868-57a2d4851a1d" />
    <TestEntry testId="50ff3d4b-f52b-01fd-1d73-ae133eea2aa3" executionId="0f4cfce0-ac8d-478f-bcf1-550196c10d00" testListId="8c84fa94-04c1-424b-9868-57a2d4851a1d" />
    <TestEntry testId="4018a871-05a7-8916-52cc-01ad41c28410" executionId="65eed51a-3dfc-42e5-8ee0-48725ffef6a9" testListId="8c84fa94-04c1-424b-9868-57a2d4851a1d" />
    <TestEntry testId="d589faec-154d-b820-e59a-e7fde87c9e89" executionId="e7f3f88d-645c-494a-a9ae-6ce3a6136231" testListId="8c84fa94-04c1-424b-9868-57a2d4851a1d" />
    <TestEntry testId="436f02f9-0638-47ff-c0a7-0d7f79dceb32" executionId="fcac52a4-fef7-4067-ae28-4979c3d4d0ac" testListId="8c84fa94-04c1-424b-9868-57a2d4851a1d" />
    <TestEntry testId="87defa7e-30d9-0886-707b-7473c8e30dff" executionId="3ac95917-5527-41c8-92a3-015d93a79bef" testListId="8c84fa94-04c1-424b-9868-57a2d4851a1d" />
    <TestEntry testId="c5a091a8-3777-c837-979d-5138bbc3ce18" executionId="f2eade54-a59d-48a5-9e7b-1d8bed122288" testListId="8c84fa94-04c1-424b-9868-57a2d4851a1d" />
    <TestEntry testId="fd4c0d92-09c3-4b85-a497-3e9bc882dbde" executionId="dc14a1c7-31cc-43b6-a75c-2a968d12e6ff" testListId="8c84fa94-04c1-424b-9868-57a2d4851a1d" />
    <TestEntry testId="364a6704-58b0-d608-3ac9-75ceba40c6a0" executionId="12fe9561-e40e-4de3-9bfc-bcdf374761b7" testListId="8c84fa94-04c1-424b-9868-57a2d4851a1d" />
    <TestEntry testId="6e82f6b5-cdc0-6d50-9bad-8b3494ee1722" executionId="d988e04a-5043-44f2-a059-63e6ed20c96e" testListId="8c84fa94-04c1-424b-9868-57a2d4851a1d" />
    <TestEntry testId="ac8ea13b-7012-c35b-5253-756264c28f17" executionId="89916103-4977-47e1-b64c-90f318404d75" testListId="8c84fa94-04c1-424b-9868-57a2d4851a1d" />
    <TestEntry testId="d3728665-a3db-a727-4565-a08d6811d5de" executionId="8e2b3806-8fbb-40d6-988d-e01cb9b00c6b" testListId="8c84fa94-04c1-424b-9868-57a2d4851a1d" />
    <TestEntry testId="95896344-7ea8-0831-12c7-8c9b175a88fa" executionId="5b5350a8-a652-4b52-a178-79bccdbd5b0e" testListId="8c84fa94-04c1-424b-9868-57a2d4851a1d" />
    <TestEntry testId="81c93919-c20e-2813-2eb1-0bccec0d14c6" executionId="e060d61d-013a-47d2-87b2-58dca1ec886f" testListId="8c84fa94-04c1-424b-9868-57a2d4851a1d" />
    <TestEntry testId="078b3ec7-5533-42ae-fe07-24c5f6492295" executionId="047d7444-87c7-4308-bc8d-b84f1f97a3a4" testListId="8c84fa94-04c1-424b-9868-57a2d4851a1d" />
    <TestEntry testId="43a4fa80-dd9b-1bf4-98bf-78fbe73d93da" executionId="246e6a03-5902-4810-a98d-12e2a975c029" testListId="8c84fa94-04c1-424b-9868-57a2d4851a1d" />
    <TestEntry testId="98a6db7e-5465-3eba-75c2-ba54007fc4ba" executionId="a1a1922a-d058-4cff-a749-ae38554a925a" testListId="8c84fa94-04c1-424b-9868-57a2d4851a1d" />
    <TestEntry testId="e17193a1-0db6-f111-2b7a-d0d6fc175ade" executionId="13077c81-08b1-449f-8b8a-e78b3bab1a3c" testListId="8c84fa94-04c1-424b-9868-57a2d4851a1d" />
    <TestEntry testId="52fcaf1b-6586-22d3-8b9e-cf01f68cd68e" executionId="1b7d731b-71b8-4587-8562-05ddf56f4265" testListId="8c84fa94-04c1-424b-9868-57a2d4851a1d" />
    <TestEntry testId="a95939d0-bc91-4ab0-3fdc-587cd08779e6" executionId="e3fd01e9-b09f-4e75-b477-97e752798351" testListId="8c84fa94-04c1-424b-9868-57a2d4851a1d" />
    <TestEntry testId="755a9019-8a00-ef60-14fe-2ad551672b15" executionId="9aa35bbb-aaea-497b-ba28-b3827c573761" testListId="8c84fa94-04c1-424b-9868-57a2d4851a1d" />
    <TestEntry testId="10f0f18f-7ed1-ca79-53c0-05985c3eca4f" executionId="2eb83914-8619-4ff8-becf-a79b17070212" testListId="8c84fa94-04c1-424b-9868-57a2d4851a1d" />
    <TestEntry testId="844c2f58-2f26-162b-d78b-da70ba0657d7" executionId="ebf65e69-6e0e-478e-8cb4-b746df3e65fb" testListId="8c84fa94-04c1-424b-9868-57a2d4851a1d" />
    <TestEntry testId="9c8cbadd-bbed-fa42-4b60-809c665cd1a4" executionId="f2a830ca-2cc6-4975-b612-49a2a333c451" testListId="8c84fa94-04c1-424b-9868-57a2d4851a1d" />
    <TestEntry testId="71d363a8-b591-237a-04f2-2417bdf502d6" executionId="23c8d362-6a7a-49bd-8e97-a0177c0f51e8" testListId="8c84fa94-04c1-424b-9868-57a2d4851a1d" />
    <TestEntry testId="1457cccf-2f12-2f87-797e-265b2a1cb863" executionId="103a741b-0363-45b1-9d6b-61be44fa2cf9" testListId="8c84fa94-04c1-424b-9868-57a2d4851a1d" />
    <TestEntry testId="3a2658f6-d55c-045d-1867-cc0ab44d517b" executionId="523eb72a-458a-435e-8d87-ffd132b05e49" testListId="8c84fa94-04c1-424b-9868-57a2d4851a1d" />
    <TestEntry testId="4b06f48a-1ac2-f72f-f886-34e539d3e72b" executionId="85b8964b-daf6-43f9-b609-1d47daae5cbb" testListId="8c84fa94-04c1-424b-9868-57a2d4851a1d" />
    <TestEntry testId="6dcaeb54-e5aa-1301-9b9c-12a66896fa96" executionId="efb7c64f-f0c5-4ef8-a42f-74eda52df552" testListId="8c84fa94-04c1-424b-9868-57a2d4851a1d" />
    <TestEntry testId="e9ef7ba1-e208-e040-b931-43b431f5f02a" executionId="a47baaec-6817-484d-828f-2444bf08acbf" testListId="8c84fa94-04c1-424b-9868-57a2d4851a1d" />
    <TestEntry testId="ac8aa661-4d22-a8b3-f7a8-6b9e3e0d53be" executionId="ee26a87e-ba78-44e6-ad4c-09e26b33e000" testListId="8c84fa94-04c1-424b-9868-57a2d4851a1d" />
    <TestEntry testId="4820a864-02ac-6cba-a615-5484ed479c37" executionId="bfb2b13d-71ce-45ec-a32d-10f617c683d6" testListId="8c84fa94-04c1-424b-9868-57a2d4851a1d" />
    <TestEntry testId="819c0979-239a-1bbe-8aec-82c5d15d99c9" executionId="859d1c32-64af-4fe9-aaf5-6bd282e6fe62" testListId="8c84fa94-04c1-424b-9868-57a2d4851a1d" />
    <TestEntry testId="0c4733e4-a4d6-a2ad-6a8d-00ea837e2d42" executionId="b14fde13-e9ee-4dad-ad22-46f6d1c38369" testListId="8c84fa94-04c1-424b-9868-57a2d4851a1d" />
    <TestEntry testId="b40b17cd-6334-a9ae-cbaa-166a5c8ac156" executionId="78138ecd-4002-4b4e-a23a-c7e3df00acbc" testListId="8c84fa94-04c1-424b-9868-57a2d4851a1d" />
    <TestEntry testId="cffec0a4-0735-bd68-40ca-007447faf3a4" executionId="5f8fc7d1-ac6b-4e00-97cc-bb4783321a3d" testListId="8c84fa94-04c1-424b-9868-57a2d4851a1d" />
    <TestEntry testId="d8660ccf-e9fb-f3f2-5b1a-a33f0ec3a7f9" executionId="ae2a65d9-3cba-4b79-a8db-767c5b4720e6" testListId="8c84fa94-04c1-424b-9868-57a2d4851a1d" />
    <TestEntry testId="7453077c-caf2-48f1-e6f0-ad5df5ce9ce3" executionId="2ce2969f-f236-46d5-ab77-07ed9d6b515e" testListId="8c84fa94-04c1-424b-9868-57a2d4851a1d" />
    <TestEntry testId="04fd156f-1311-1a60-97f8-b90dfc097408" executionId="dc0a7ac0-09f6-40bf-a85e-cbeac034e9ad" testListId="8c84fa94-04c1-424b-9868-57a2d4851a1d" />
    <TestEntry testId="2c268a89-a61c-6227-9d8c-24714ad3d9e6" executionId="20a8b3c0-c970-4b42-8e9f-4aed23906649" testListId="8c84fa94-04c1-424b-9868-57a2d4851a1d" />
    <TestEntry testId="575260a6-c854-bca0-ee1c-4e415e9c115d" executionId="f04bf56e-142c-4197-9a36-1c70aa8c640a" testListId="8c84fa94-04c1-424b-9868-57a2d4851a1d" />
    <TestEntry testId="9f09049a-5f6e-9897-6da4-fadf1030de93" executionId="3c9ca752-0b77-4566-96bf-f552a1ec748e" testListId="8c84fa94-04c1-424b-9868-57a2d4851a1d" />
    <TestEntry testId="cf0cf77f-c694-949f-3294-26fdc5a95a90" executionId="ecdf6941-4093-4cdc-b610-742a9f77711f" testListId="8c84fa94-04c1-424b-9868-57a2d4851a1d" />
    <TestEntry testId="cafac1ab-c633-fda7-fb40-dc38309d06e9" executionId="89eac6c6-a260-49cd-852d-20d4203db24c" testListId="8c84fa94-04c1-424b-9868-57a2d4851a1d" />
    <TestEntry testId="044e5518-eab5-c80a-fe62-1a03a5cd84bc" executionId="2f4e18bc-ded7-44e5-9e92-6ba17115835d" testListId="8c84fa94-04c1-424b-9868-57a2d4851a1d" />
    <TestEntry testId="d7e36271-2848-2d0b-2171-f4332152f766" executionId="39a9ec10-161a-4a90-916d-1d9ac2dcae8c" testListId="8c84fa94-04c1-424b-9868-57a2d4851a1d" />
    <TestEntry testId="b9c9bd7b-a356-33a0-bec3-574ce9bb28cd" executionId="c4c7e5f5-4821-450b-a11f-24dbd5f07578" testListId="8c84fa94-04c1-424b-9868-57a2d4851a1d" />
    <TestEntry testId="aa6a1320-24ff-bbcf-ab6f-48f78bd5eb7b" executionId="4bf7da67-4033-4d4e-bb35-b9cbe279b91e" testListId="8c84fa94-04c1-424b-9868-57a2d4851a1d" />
    <TestEntry testId="5fcb103a-b799-017a-e95c-26acb39f38d9" executionId="a4cbaaf4-25e7-4886-896c-8f167daf1542" testListId="8c84fa94-04c1-424b-9868-57a2d4851a1d" />
    <TestEntry testId="56920c6f-05b9-0634-ff2d-dd90b540c0e9" executionId="58ec3639-3e97-4719-8488-684b90889297" testListId="8c84fa94-04c1-424b-9868-57a2d4851a1d" />
    <TestEntry testId="7059a9dc-bfc8-071b-1461-021c1f7b59ef" executionId="54806a35-f0ef-4418-9fee-53f6d7650291" testListId="8c84fa94-04c1-424b-9868-57a2d4851a1d" />
    <TestEntry testId="001f96d2-83cb-0e28-b3e5-56086532567c" executionId="e29c87c6-fe7f-42a2-ac05-ef852793bf83" testListId="8c84fa94-04c1-424b-9868-57a2d4851a1d" />
    <TestEntry testId="4de2965f-e6e4-41a4-269e-1244a87a7aa6" executionId="df4eeb56-7fe6-4094-994e-b519a66b5a50" testListId="8c84fa94-04c1-424b-9868-57a2d4851a1d" />
    <TestEntry testId="e4a54c23-0013-4297-6386-e5dd4634423d" executionId="22e44e20-5ab5-4a37-b42d-baa9121be3e7" testListId="8c84fa94-04c1-424b-9868-57a2d4851a1d" />
    <TestEntry testId="604c15ba-899a-5d43-9bdd-b7e6d1160ea5" executionId="3fe9e876-8711-4d64-870d-2980c66b8b14" testListId="8c84fa94-04c1-424b-9868-57a2d4851a1d" />
    <TestEntry testId="7edb74d7-c5e2-9c1f-fcbf-d167c6d11f64" executionId="fee57992-f9a8-4f07-a35a-220e667f1430" testListId="8c84fa94-04c1-424b-9868-57a2d4851a1d" />
    <TestEntry testId="356d03d6-003c-4362-f863-52f0e6e4bf29" executionId="8a19e533-f435-4150-9e58-b1ca064ef833" testListId="8c84fa94-04c1-424b-9868-57a2d4851a1d" />
    <TestEntry testId="0576350e-e378-4d3c-7ec2-5e805d7a8015" executionId="a37797ca-11cc-47fd-91b7-5597ff9bbcfc" testListId="8c84fa94-04c1-424b-9868-57a2d4851a1d" />
    <TestEntry testId="4661b4dd-f151-45f0-8c5b-9b4bd76bb272" executionId="f021597e-d7ae-4afd-97c9-87cf569d7d02" testListId="8c84fa94-04c1-424b-9868-57a2d4851a1d" />
    <TestEntry testId="e8c0762d-aa8d-b249-8e9c-f5a8f70e8697" executionId="46fc31b8-b828-4bec-be8d-9054bf9c08ec" testListId="8c84fa94-04c1-424b-9868-57a2d4851a1d" />
    <TestEntry testId="0001ecac-aad8-2f83-2e08-41e13a9a331b" executionId="5eeb5ec1-1c94-47e1-aea8-c38a6b64ca86" testListId="8c84fa94-04c1-424b-9868-57a2d4851a1d" />
    <TestEntry testId="bdaa1efe-9e06-f064-9801-95e2a76e5986" executionId="adc956e9-33fa-4f5a-9a6c-5c56de1cc08b" testListId="8c84fa94-04c1-424b-9868-57a2d4851a1d" />
    <TestEntry testId="69c59d81-ccf8-1d57-cc59-ba6a7bceeef5" executionId="3cdbf302-cab6-4523-af80-0be09e3c2611" testListId="8c84fa94-04c1-424b-9868-57a2d4851a1d" />
    <TestEntry testId="9eb2be37-558c-55ad-a2a9-08a837613762" executionId="c00364e3-be50-4623-8ff6-2be77ca71c9b" testListId="8c84fa94-04c1-424b-9868-57a2d4851a1d" />
    <TestEntry testId="ee685dde-5f9a-e6f7-e183-15368c215b42" executionId="947615dd-2e43-4385-858b-ab34b7641d63" testListId="8c84fa94-04c1-424b-9868-57a2d4851a1d" />
    <TestEntry testId="8e57b05e-4a94-f936-5706-9c805c0399ef" executionId="86392ecc-09f6-41f9-9f08-7820309c02c0" testListId="8c84fa94-04c1-424b-9868-57a2d4851a1d" />
    <TestEntry testId="1fd0e503-2946-0380-c6ba-6e861fd9230a" executionId="df4bc46a-3a7e-4092-94c0-1068cbb0e8cd" testListId="8c84fa94-04c1-424b-9868-57a2d4851a1d" />
    <TestEntry testId="da93d51d-3bfd-8116-5345-506cba3f49b2" executionId="abc30140-36f7-484d-8e2d-e8a69a56ab66" testListId="8c84fa94-04c1-424b-9868-57a2d4851a1d" />
    <TestEntry testId="af3b303a-8825-f37f-fd4e-b39828971201" executionId="2d41d71f-d9bb-49df-9a5f-69b3e9683831" testListId="8c84fa94-04c1-424b-9868-57a2d4851a1d" />
    <TestEntry testId="cc0447ac-c3ff-2542-4d26-6d7b867f547a" executionId="227a257a-68bf-460a-af4c-a872da7e7201" testListId="8c84fa94-04c1-424b-9868-57a2d4851a1d" />
    <TestEntry testId="f46f38fb-bed1-6e67-6148-a4182fc87e06" executionId="f814e5b1-03f8-4762-8891-e883274c30d0" testListId="8c84fa94-04c1-424b-9868-57a2d4851a1d" />
    <TestEntry testId="dbb68610-43fe-ff74-ff15-c068dd73879c" executionId="d78e3494-ed1f-4d72-a374-aed39a4cbfa0" testListId="8c84fa94-04c1-424b-9868-57a2d4851a1d" />
    <TestEntry testId="66c45e7e-2eb8-8f5a-9732-6ddf802742e4" executionId="82a886ac-8e03-4373-9ac2-22bfe8c30324" testListId="8c84fa94-04c1-424b-9868-57a2d4851a1d" />
    <TestEntry testId="fb5bca7d-97e7-6c84-7db1-7fc35010778a" executionId="a68337b3-ac5a-4df1-8bab-dce714cb89c8" testListId="8c84fa94-04c1-424b-9868-57a2d4851a1d" />
    <TestEntry testId="8f9de0ec-d67f-eff3-10f8-5614a0dea8f1" executionId="38991bb8-80f2-40cf-97e5-a32333b57905" testListId="8c84fa94-04c1-424b-9868-57a2d4851a1d" />
    <TestEntry testId="1cf00f33-c11c-7477-a02f-6bb160a6bea4" executionId="cf7bbe86-155e-40fd-ad99-bf58682eb4da" testListId="8c84fa94-04c1-424b-9868-57a2d4851a1d" />
    <TestEntry testId="e0f1ca46-1dc7-984a-7192-5fd9de44ab13" executionId="eb3ab86b-02d0-4752-b47a-691d1a06f07d" testListId="8c84fa94-04c1-424b-9868-57a2d4851a1d" />
    <TestEntry testId="6be716f5-8d61-7a08-222c-1b312f108925" executionId="5176220d-9d02-476b-84d4-0c77bdb510ea" testListId="8c84fa94-04c1-424b-9868-57a2d4851a1d" />
    <TestEntry testId="dc81dca2-8610-ae97-ae07-1f3aa2dad64d" executionId="54ac9527-89cc-40cb-81f0-9593317b31fb" testListId="8c84fa94-04c1-424b-9868-57a2d4851a1d" />
    <TestEntry testId="e13f6d90-f26d-a205-f30b-8522dd9dd946" executionId="d05d8efd-e02c-45db-af76-1ba8a082c819" testListId="8c84fa94-04c1-424b-9868-57a2d4851a1d" />
    <TestEntry testId="ed20a21c-41f1-239a-2980-96b61d8b6a15" executionId="36bbad2d-ab7c-4b84-bbd5-d6b1611cbd98" testListId="8c84fa94-04c1-424b-9868-57a2d4851a1d" />
    <TestEntry testId="57a9c9bd-7aac-1cf5-4fa5-9b6213eb2353" executionId="1bb470b9-f28d-477f-9272-3448387a3b78" testListId="8c84fa94-04c1-424b-9868-57a2d4851a1d" />
    <TestEntry testId="73abd58e-eeb8-37a8-f96f-3a79da305108" executionId="add275d4-4976-420a-8f19-bec606d18efa" testListId="8c84fa94-04c1-424b-9868-57a2d4851a1d" />
    <TestEntry testId="182ba1dd-289f-5383-2549-e8808bb99a81" executionId="8f54838a-b690-4bf7-b703-7ae54af87cdd" testListId="8c84fa94-04c1-424b-9868-57a2d4851a1d" />
    <TestEntry testId="1aaa06b2-2409-0df2-05c0-3c6e890e4f49" executionId="6ece4316-4787-44e4-a70b-2e9008fb87b6" testListId="8c84fa94-04c1-424b-9868-57a2d4851a1d" />
    <TestEntry testId="fe07232f-8808-36f4-23c6-0ae11f9d06e8" executionId="6b4b73a5-08f8-4b6e-821f-2b6944b8f7da" testListId="8c84fa94-04c1-424b-9868-57a2d4851a1d" />
    <TestEntry testId="a799779d-133e-7d41-99ec-502f41ddc153" executionId="2e90bacb-91f4-4547-9a10-434fcd3197e5" testListId="8c84fa94-04c1-424b-9868-57a2d4851a1d" />
    <TestEntry testId="9dfccd12-d1ec-f387-9e0e-0302280e9cb3" executionId="f43fca1f-5749-4492-ac9f-04806704b2bc" testListId="8c84fa94-04c1-424b-9868-57a2d4851a1d" />
    <TestEntry testId="fef761e6-95f2-c8ab-544c-61a677b6f82f" executionId="514da39e-7592-4624-acd5-a9c903478ad6" testListId="8c84fa94-04c1-424b-9868-57a2d4851a1d" />
    <TestEntry testId="b00a68fb-029a-172a-9ac1-06f41f55ef81" executionId="1c68738e-568f-44cb-9e01-80f99027a41e" testListId="8c84fa94-04c1-424b-9868-57a2d4851a1d" />
    <TestEntry testId="02346abb-3087-4fb2-13ee-f314a8f029b6" executionId="456713d5-e7e0-4300-bdb8-c44b8e42d8e5" testListId="8c84fa94-04c1-424b-9868-57a2d4851a1d" />
    <TestEntry testId="292fba1d-7bf1-dc92-ffbb-4d7847468fdb" executionId="0f920b95-d826-4c5b-a1f7-15ceeb823925" testListId="8c84fa94-04c1-424b-9868-57a2d4851a1d" />
    <TestEntry testId="3cfb3e4a-a588-41b8-d05d-06d5557ea14d" executionId="d9e50bde-43af-4fd0-b24a-390478d89e74" testListId="8c84fa94-04c1-424b-9868-57a2d4851a1d" />
    <TestEntry testId="057ca012-14e2-3599-baae-3eb1aa5d3d06" executionId="d1e3602a-e8e7-482d-b4b2-a6ef1c51e42a" testListId="8c84fa94-04c1-424b-9868-57a2d4851a1d" />
    <TestEntry testId="53d17ed2-22de-e562-cbcf-ccb8507b8c99" executionId="e88ecd42-b5ad-4502-937c-a5547eb52019" testListId="8c84fa94-04c1-424b-9868-57a2d4851a1d" />
    <TestEntry testId="7c8acda8-5ab1-e608-7ce7-302199a00468" executionId="db2a3409-49a2-43fb-beb5-84f95fc4f54a" testListId="8c84fa94-04c1-424b-9868-57a2d4851a1d" />
    <TestEntry testId="f2a2d895-e73f-1b9c-1ba4-fca95b4da463" executionId="134a37b2-d9a9-40ec-8248-74a512495758" testListId="8c84fa94-04c1-424b-9868-57a2d4851a1d" />
    <TestEntry testId="c37cb584-8ea7-25b5-9a0c-e8180c699eed" executionId="717e01b9-b00d-4120-980c-6e079f32129f" testListId="8c84fa94-04c1-424b-9868-57a2d4851a1d" />
    <TestEntry testId="0ddc9244-620d-a1c4-b5dd-edd302168e8a" executionId="e9f56518-1f14-4016-9db8-dda6b5d8c456" testListId="8c84fa94-04c1-424b-9868-57a2d4851a1d" />
    <TestEntry testId="7ab09fb8-e03a-9c42-e70a-87289f2d1cfd" executionId="40cb29ac-417b-4e87-8ce1-be9079b7a6c3" testListId="8c84fa94-04c1-424b-9868-57a2d4851a1d" />
    <TestEntry testId="7128909f-e107-9c87-d4cd-5199eb995a3f" executionId="b922b859-ca3f-4bec-94ec-0f6a3731ec0f" testListId="8c84fa94-04c1-424b-9868-57a2d4851a1d" />
    <TestEntry testId="0dbe4e13-daa7-6cf0-2d89-882abfacdb28" executionId="9cf5a7cd-b708-4677-b99b-98aea64bf79b" testListId="8c84fa94-04c1-424b-9868-57a2d4851a1d" />
    <TestEntry testId="1887b46f-da52-8372-d2fc-a27d60c83f34" executionId="e61b4b62-b35b-4fc6-921a-404c0d776783" testListId="8c84fa94-04c1-424b-9868-57a2d4851a1d" />
    <TestEntry testId="c8765d97-7555-34ec-889c-ab5a910e06ce" executionId="26dfe1c2-a260-43c8-b367-4f7d16828955" testListId="8c84fa94-04c1-424b-9868-57a2d4851a1d" />
    <TestEntry testId="dcd07c4f-612c-6e68-0b0c-4a4b76a087b5" executionId="14092ecb-16f9-498b-bb2a-55fb472edac7" testListId="8c84fa94-04c1-424b-9868-57a2d4851a1d" />
    <TestEntry testId="c3dae83f-80d8-e6ed-7f70-cd97e7498d26" executionId="e8ced245-a993-4251-be6c-25db7f519a43" testListId="8c84fa94-04c1-424b-9868-57a2d4851a1d" />
    <TestEntry testId="98f0ad09-ff0b-5c5f-86a8-6c77cb77aa0e" executionId="d1f45b75-06cf-4f99-a695-ee13749ca372" testListId="8c84fa94-04c1-424b-9868-57a2d4851a1d" />
    <TestEntry testId="16f54115-1e93-c4e9-ee1d-7738cd482ed6" executionId="46621c91-6873-4378-a48c-a5051650320a" testListId="8c84fa94-04c1-424b-9868-57a2d4851a1d" />
    <TestEntry testId="c9e2ea7e-28a5-60d2-6fc2-d2c88285a5e9" executionId="0abc2a8c-e7ee-4df9-961e-1e91e66c08e4" testListId="8c84fa94-04c1-424b-9868-57a2d4851a1d" />
    <TestEntry testId="dc585ae0-95eb-19fe-1429-7e8d2dc65346" executionId="a8ddb334-49fa-4ca6-94cf-ec5f1dd994a1" testListId="8c84fa94-04c1-424b-9868-57a2d4851a1d" />
    <TestEntry testId="06314961-77c9-bb6b-859e-bd58a43c855a" executionId="bb77a7f0-4fa8-423a-a114-1d9eb9f5c33c" testListId="8c84fa94-04c1-424b-9868-57a2d4851a1d" />
    <TestEntry testId="b8ef94a9-36d4-29a6-0672-dd15cd97b51f" executionId="a7732a2d-c34a-4e71-986f-b37c4ed01bd8" testListId="8c84fa94-04c1-424b-9868-57a2d4851a1d" />
    <TestEntry testId="f20f172f-0ff8-a9be-f910-26b0f4098c1d" executionId="8abc690e-319e-48ab-825a-33d58a9fdde8" testListId="8c84fa94-04c1-424b-9868-57a2d4851a1d" />
    <TestEntry testId="d7ead5dc-d9a9-6cd2-02fb-d5715f5c52d5" executionId="5c042b6a-5f6d-43f3-b745-0314d11b56fe" testListId="8c84fa94-04c1-424b-9868-57a2d4851a1d" />
    <TestEntry testId="b6fa179e-af5a-a8b7-baa1-7671149ebf45" executionId="7a37e277-8cc7-4082-90f3-7b3bbedd3ba7" testListId="8c84fa94-04c1-424b-9868-57a2d4851a1d" />
  </TestEntries>
  <TestLists>
    <TestList name="Results Not in a List" id="8c84fa94-04c1-424b-9868-57a2d4851a1d" />
    <TestList name="All Loaded Results" id="19431567-8539-422a-85d7-44ee4e166bda" />
  </TestLists>
  <ResultSummary outcome="Completed">
    <Counters total="1332" executed="1329" passed="1329" failed="0" error="0" timeout="0" aborted="0" inconclusive="0" passedButRunAborted="0" notRunnable="0" notExecuted="0" disconnected="0" warning="0" completed="0" inProgress="0" pending="0" />
    <Output>
      <StdOut>Test 'Scheduler_SimpleTaskProcessing' was skipped in the test run.&#xD;
Test 'Generate25kHardware_NoneOnWhiteList_CalculateProcessingTime' was skipped in the test run.&#xD;
Test 'HttpPost_Test_LicenseRequest_Succeeds' was skipped in the test run.&#xD;
</StdOut>
    </Output>
  </ResultSummary>
</TestRun>