<?xml version="1.0" encoding="utf-8"?>
<TestRun id="03518ebf-ca15-40b9-9188-68c35a477867" name="DKSR-EFI-06$@DKSR-EFI-06 2024-01-09 15:42:51" runUser="NT AUTHORITY\NETWORK SERVICE" xmlns="http://microsoft.com/schemas/VisualStudio/TeamTest/2010">
  <Times creation="2024-01-09T15:42:51.5446849+01:00" queuing="2024-01-09T15:42:51.5446849+01:00" start="2024-01-09T15:42:39.2477625+01:00" finish="2024-01-09T15:42:52.6228177+01:00" />
  <TestSettings name="default" id="b4632e13-5e33-411a-9918-8185481ea5d5">
    <Deployment runDeploymentRoot="DKSR-EFI-06$_DKSR-EFI-06_2024-01-09_15_42_51" />
  </TestSettings>
  <Results>
    <UnitTestResult executionId="de8f9690-cdcd-41aa-852c-8fdab0568343" testId="477d521b-21d8-a347-519b-78b82add236f" testName="AlarmPluginDefinition_HidesAlarmSettingsPanelPlugin_WhenHasFeatureEnabled" computerName="DKSR-EFI-06" duration="00:00:00.0034080" startTime="2024-01-09T15:42:51.7009374+01:00" endTime="2024-01-09T15:42:51.7165635+01:00" testType="13cdc9d9-ddb5-4fa4-a97d-d965ccfc6d4b" outcome="Passed" testListId="8c84fa94-04c1-424b-9868-57a2d4851a1d" relativeResultsDirectory="de8f9690-cdcd-41aa-852c-8fdab0568343" />
    <UnitTestResult executionId="762bde5b-b215-48c7-8e14-5afce8dfbbb8" testId="df7ada67-d406-99e1-684b-ea03ef77e667" testName="AlarmSettingsSCSetting_SetsValueEqualToServerValue_WhenProfileSettingValueIsSet (True)" computerName="DKSR-EFI-06" duration="00:00:00.0002173" startTime="2024-01-09T15:42:51.8571875+01:00" endTime="2024-01-09T15:42:51.8571875+01:00" testType="13cdc9d9-ddb5-4fa4-a97d-d965ccfc6d4b" outcome="Passed" testListId="8c84fa94-04c1-424b-9868-57a2d4851a1d" relativeResultsDirectory="762bde5b-b215-48c7-8e14-5afce8dfbbb8" />
    <UnitTestResult executionId="78619b39-51b1-4c97-9edf-696cbc6a2da0" testId="f034d32d-db85-5ce4-5b78-7cce31c126f3" testName="AlarmPluginDefinition_ShowsAlarmSettingsPanelPlugin_WhenHasFeatureEnabled" computerName="DKSR-EFI-06" duration="00:00:00.1754196" startTime="2024-01-09T15:42:51.5290605+01:00" endTime="2024-01-09T15:42:51.7009374+01:00" testType="13cdc9d9-ddb5-4fa4-a97d-d965ccfc6d4b" outcome="Passed" testListId="8c84fa94-04c1-424b-9868-57a2d4851a1d" relativeResultsDirectory="78619b39-51b1-4c97-9edf-696cbc6a2da0" />
    <UnitTestResult executionId="4f4dbb81-6989-418a-bfcc-250c5e2af999" testId="5c248614-1e9c-1f2d-c709-9832d2152167" testName="AlarmSettingsSCSetting_SetsValueEqualToServerValue_WhenProfileSettingValueIsSet (False)" computerName="DKSR-EFI-06" duration="00:00:00.0000085" startTime="2024-01-09T15:42:51.8571875+01:00" endTime="2024-01-09T15:42:51.8571875+01:00" testType="13cdc9d9-ddb5-4fa4-a97d-d965ccfc6d4b" outcome="Passed" testListId="8c84fa94-04c1-424b-9868-57a2d4851a1d" relativeResultsDirectory="4f4dbb81-6989-418a-bfcc-250c5e2af999" />
    <UnitTestResult executionId="79d80076-8e02-414d-963d-016cbcf6a72e" testId="71b1744f-8a75-b92f-ff1d-d20bf16c91d3" testName="AlarmSettingsSCSetting_SetsNotAvailable_WhenProfileSettingValueIsNotValidBool ()" computerName="DKSR-EFI-06" duration="00:00:00.0000100" startTime="2024-01-09T15:42:51.8415638+01:00" endTime="2024-01-09T15:42:51.8415638+01:00" testType="13cdc9d9-ddb5-4fa4-a97d-d965ccfc6d4b" outcome="Passed" testListId="8c84fa94-04c1-424b-9868-57a2d4851a1d" relativeResultsDirectory="79d80076-8e02-414d-963d-016cbcf6a72e" />
    <UnitTestResult executionId="8b65e353-e963-468d-a2e9-cc2beab4110f" testId="9da05bd7-028d-6604-f7cf-14abaf5446f3" testName="AlarmMessageSender_LogsException_WhenPostMessageMapMessageThrowsException" computerName="DKSR-EFI-06" duration="00:00:01.4774752" startTime="2024-01-09T15:42:49.6071748+01:00" endTime="2024-01-09T15:42:51.4509357+01:00" testType="13cdc9d9-ddb5-4fa4-a97d-d965ccfc6d4b" outcome="Passed" testListId="8c84fa94-04c1-424b-9868-57a2d4851a1d" relativeResultsDirectory="8b65e353-e963-468d-a2e9-cc2beab4110f" />
    <UnitTestResult executionId="b8040cbc-1cd9-48b5-b712-0523a5e902d8" testId="768fb936-0661-a66b-e3d6-af27227417e8" testName="TestForAssemblyCoverage" computerName="DKSR-EFI-06" duration="00:00:00.0004654" startTime="2024-01-09T15:42:51.8571875+01:00" endTime="2024-01-09T15:42:51.8571875+01:00" testType="13cdc9d9-ddb5-4fa4-a97d-d965ccfc6d4b" outcome="Passed" testListId="8c84fa94-04c1-424b-9868-57a2d4851a1d" relativeResultsDirectory="b8040cbc-1cd9-48b5-b712-0523a5e902d8" />
    <UnitTestResult executionId="00c8c076-3c8f-403f-aa7f-6d4fb33b40cd" testId="32471366-16f4-72c0-23b5-e769b39f9478" testName="AlarmSettingsSCSetting_SetsValueToServerValue_WhenStartsFollowingServer" computerName="DKSR-EFI-06" duration="00:00:00.0057353" startTime="2024-01-09T15:42:51.7165635+01:00" endTime="2024-01-09T15:42:51.7165635+01:00" testType="13cdc9d9-ddb5-4fa4-a97d-d965ccfc6d4b" outcome="Passed" testListId="8c84fa94-04c1-424b-9868-57a2d4851a1d" relativeResultsDirectory="00c8c076-3c8f-403f-aa7f-6d4fb33b40cd" />
    <UnitTestResult executionId="67235dd5-be6b-438a-8ae8-1163a8af3852" testId="0d535260-4650-2ad9-28d5-1261bbd05cf5" testName="AlarmSettingsSCSetting_SetsFollowServerTrue_WhenProfileSettingValueIsSet" computerName="DKSR-EFI-06" duration="00:00:00.0003803" startTime="2024-01-09T15:42:51.8415638+01:00" endTime="2024-01-09T15:42:51.8415638+01:00" testType="13cdc9d9-ddb5-4fa4-a97d-d965ccfc6d4b" outcome="Passed" testListId="8c84fa94-04c1-424b-9868-57a2d4851a1d" relativeResultsDirectory="67235dd5-be6b-438a-8ae8-1163a8af3852" />
    <UnitTestResult executionId="580daba5-a958-4c70-8d54-bf75d8ed7684" testId="8e86e83e-3f2d-4a09-8447-ac431317e860" testName="AlarmSettingsSCSetting_SetsNotAvailable_WhenProfileSettingValueIsNotValidBool (not-a-valid-bool)" computerName="DKSR-EFI-06" duration="00:00:00.0009325" startTime="2024-01-09T15:42:51.7321888+01:00" endTime="2024-01-09T15:42:51.8415638+01:00" testType="13cdc9d9-ddb5-4fa4-a97d-d965ccfc6d4b" outcome="Passed" testListId="8c84fa94-04c1-424b-9868-57a2d4851a1d" relativeResultsDirectory="580daba5-a958-4c70-8d54-bf75d8ed7684" />
  </Results>
  <TestDefinitions>
    <UnitTest name="AlarmSettingsSCSetting_SetsValueEqualToServerValue_WhenProfileSettingValueIsSet (True)" storage="d:\actions-runner\_work\xpco\xpco\eventserver\alarmplugin\components\central\videoos.eventserver.alarmplugin.smartclient.unittest\bin\debug\net472\videoos.eventserver.alarmplugin.smartclient.unittest.dll" id="df7ada67-d406-99e1-684b-ea03ef77e667">
      <Execution id="762bde5b-b215-48c7-8e14-5afce8dfbbb8" />
      <TestMethod codeBase="D:\actions-runner\_work\XPCO\XPCO\EventServer\AlarmPlugin\Components\Central\VideoOS.EventServer.AlarmPlugin.SmartClient.UnitTest\bin\Debug\net472\VideoOS.EventServer.AlarmPlugin.SmartClient.UnitTest.dll" adapterTypeName="executor://mstestadapter/v2" className="VideoOS.EventServer.AlarmPlugin.SmartClient.UnitTest.AlarmSettingsSCSettingTest" name="AlarmSettingsSCSetting_SetsValueEqualToServerValue_WhenProfileSettingValueIsSet" />
    </UnitTest>
    <UnitTest name="AlarmSettingsSCSetting_SetsValueEqualToServerValue_WhenProfileSettingValueIsSet (False)" storage="d:\actions-runner\_work\xpco\xpco\eventserver\alarmplugin\components\central\videoos.eventserver.alarmplugin.smartclient.unittest\bin\debug\net472\videoos.eventserver.alarmplugin.smartclient.unittest.dll" id="5c248614-1e9c-1f2d-c709-9832d2152167">
      <Execution id="4f4dbb81-6989-418a-bfcc-250c5e2af999" />
      <TestMethod codeBase="D:\actions-runner\_work\XPCO\XPCO\EventServer\AlarmPlugin\Components\Central\VideoOS.EventServer.AlarmPlugin.SmartClient.UnitTest\bin\Debug\net472\VideoOS.EventServer.AlarmPlugin.SmartClient.UnitTest.dll" adapterTypeName="executor://mstestadapter/v2" className="VideoOS.EventServer.AlarmPlugin.SmartClient.UnitTest.AlarmSettingsSCSettingTest" name="AlarmSettingsSCSetting_SetsValueEqualToServerValue_WhenProfileSettingValueIsSet" />
    </UnitTest>
    <UnitTest name="AlarmPluginDefinition_HidesAlarmSettingsPanelPlugin_WhenHasFeatureEnabled" storage="d:\actions-runner\_work\xpco\xpco\eventserver\alarmplugin\components\central\videoos.eventserver.alarmplugin.smartclient.unittest\bin\debug\net472\videoos.eventserver.alarmplugin.smartclient.unittest.dll" id="477d521b-21d8-a347-519b-78b82add236f">
      <Execution id="de8f9690-cdcd-41aa-852c-8fdab0568343" />
      <TestMethod codeBase="D:\actions-runner\_work\XPCO\XPCO\EventServer\AlarmPlugin\Components\Central\VideoOS.EventServer.AlarmPlugin.SmartClient.UnitTest\bin\Debug\net472\VideoOS.EventServer.AlarmPlugin.SmartClient.UnitTest.dll" adapterTypeName="executor://mstestadapter/v2" className="VideoOS.EventServer.AlarmPlugin.SmartClient.UnitTest.AlarmPluginDefinitionTest" name="AlarmPluginDefinition_HidesAlarmSettingsPanelPlugin_WhenHasFeatureEnabled" />
    </UnitTest>
    <UnitTest name="TestForAssemblyCoverage" storage="d:\actions-runner\_work\xpco\xpco\eventserver\alarmplugin\components\central\videoos.eventserver.alarmplugin.smartclient.unittest\bin\debug\net472\videoos.eventserver.alarmplugin.smartclient.unittest.dll" id="768fb936-0661-a66b-e3d6-af27227417e8">
      <Execution id="b8040cbc-1cd9-48b5-b712-0523a5e902d8" />
      <TestMethod codeBase="D:\actions-runner\_work\XPCO\XPCO\EventServer\AlarmPlugin\Components\Central\VideoOS.EventServer.AlarmPlugin.SmartClient.UnitTest\bin\Debug\net472\VideoOS.EventServer.AlarmPlugin.SmartClient.UnitTest.dll" adapterTypeName="executor://mstestadapter/v2" className="VideoOS.EventServer.AlarmPlugin.SmartClient.UnitTest.AssemblyCoverageTest" name="TestForAssemblyCoverage" />
    </UnitTest>
    <UnitTest name="AlarmMessageSender_LogsException_WhenPostMessageMapMessageThrowsException" storage="d:\actions-runner\_work\xpco\xpco\eventserver\alarmplugin\components\central\videoos.eventserver.alarmplugin.smartclient.unittest\bin\debug\net472\videoos.eventserver.alarmplugin.smartclient.unittest.dll" id="9da05bd7-028d-6604-f7cf-14abaf5446f3">
      <TestCategory>
        <TestCategoryItem TestCategory="AlarmView.AlarmMessageSender" />
      </TestCategory>
      <Execution id="8b65e353-e963-468d-a2e9-cc2beab4110f" />
      <TestMethod codeBase="D:\actions-runner\_work\XPCO\XPCO\EventServer\AlarmPlugin\Components\Central\VideoOS.EventServer.AlarmPlugin.SmartClient.UnitTest\bin\Debug\net472\VideoOS.EventServer.AlarmPlugin.SmartClient.UnitTest.dll" adapterTypeName="executor://mstestadapter/v2" className="VideoOS.EventServer.AlarmPlugin.SmartClient.UnitTest.AlarmMessageSenderTest" name="AlarmMessageSender_LogsException_WhenPostMessageMapMessageThrowsException" />
    </UnitTest>
    <UnitTest name="AlarmSettingsSCSetting_SetsValueToServerValue_WhenStartsFollowingServer" storage="d:\actions-runner\_work\xpco\xpco\eventserver\alarmplugin\components\central\videoos.eventserver.alarmplugin.smartclient.unittest\bin\debug\net472\videoos.eventserver.alarmplugin.smartclient.unittest.dll" id="32471366-16f4-72c0-23b5-e769b39f9478">
      <Execution id="00c8c076-3c8f-403f-aa7f-6d4fb33b40cd" />
      <TestMethod codeBase="D:\actions-runner\_work\XPCO\XPCO\EventServer\AlarmPlugin\Components\Central\VideoOS.EventServer.AlarmPlugin.SmartClient.UnitTest\bin\Debug\net472\VideoOS.EventServer.AlarmPlugin.SmartClient.UnitTest.dll" adapterTypeName="executor://mstestadapter/v2" className="VideoOS.EventServer.AlarmPlugin.SmartClient.UnitTest.AlarmSettingsSCSettingTest" name="AlarmSettingsSCSetting_SetsValueToServerValue_WhenStartsFollowingServer" />
    </UnitTest>
    <UnitTest name="AlarmSettingsSCSetting_SetsFollowServerTrue_WhenProfileSettingValueIsSet" storage="d:\actions-runner\_work\xpco\xpco\eventserver\alarmplugin\components\central\videoos.eventserver.alarmplugin.smartclient.unittest\bin\debug\net472\videoos.eventserver.alarmplugin.smartclient.unittest.dll" id="0d535260-4650-2ad9-28d5-1261bbd05cf5">
      <Execution id="67235dd5-be6b-438a-8ae8-1163a8af3852" />
      <TestMethod codeBase="D:\actions-runner\_work\XPCO\XPCO\EventServer\AlarmPlugin\Components\Central\VideoOS.EventServer.AlarmPlugin.SmartClient.UnitTest\bin\Debug\net472\VideoOS.EventServer.AlarmPlugin.SmartClient.UnitTest.dll" adapterTypeName="executor://mstestadapter/v2" className="VideoOS.EventServer.AlarmPlugin.SmartClient.UnitTest.AlarmSettingsSCSettingTest" name="AlarmSettingsSCSetting_SetsFollowServerTrue_WhenProfileSettingValueIsSet" />
    </UnitTest>
    <UnitTest name="AlarmSettingsSCSetting_SetsNotAvailable_WhenProfileSettingValueIsNotValidBool ()" storage="d:\actions-runner\_work\xpco\xpco\eventserver\alarmplugin\components\central\videoos.eventserver.alarmplugin.smartclient.unittest\bin\debug\net472\videoos.eventserver.alarmplugin.smartclient.unittest.dll" id="71b1744f-8a75-b92f-ff1d-d20bf16c91d3">
      <Execution id="79d80076-8e02-414d-963d-016cbcf6a72e" />
      <TestMethod codeBase="D:\actions-runner\_work\XPCO\XPCO\EventServer\AlarmPlugin\Components\Central\VideoOS.EventServer.AlarmPlugin.SmartClient.UnitTest\bin\Debug\net472\VideoOS.EventServer.AlarmPlugin.SmartClient.UnitTest.dll" adapterTypeName="executor://mstestadapter/v2" className="VideoOS.EventServer.AlarmPlugin.SmartClient.UnitTest.AlarmSettingsSCSettingTest" name="AlarmSettingsSCSetting_SetsNotAvailable_WhenProfileSettingValueIsNotValidBool" />
    </UnitTest>
    <UnitTest name="AlarmPluginDefinition_ShowsAlarmSettingsPanelPlugin_WhenHasFeatureEnabled" storage="d:\actions-runner\_work\xpco\xpco\eventserver\alarmplugin\components\central\videoos.eventserver.alarmplugin.smartclient.unittest\bin\debug\net472\videoos.eventserver.alarmplugin.smartclient.unittest.dll" id="f034d32d-db85-5ce4-5b78-7cce31c126f3">
      <Execution id="78619b39-51b1-4c97-9edf-696cbc6a2da0" />
      <TestMethod codeBase="D:\actions-runner\_work\XPCO\XPCO\EventServer\AlarmPlugin\Components\Central\VideoOS.EventServer.AlarmPlugin.SmartClient.UnitTest\bin\Debug\net472\VideoOS.EventServer.AlarmPlugin.SmartClient.UnitTest.dll" adapterTypeName="executor://mstestadapter/v2" className="VideoOS.EventServer.AlarmPlugin.SmartClient.UnitTest.AlarmPluginDefinitionTest" name="AlarmPluginDefinition_ShowsAlarmSettingsPanelPlugin_WhenHasFeatureEnabled" />
    </UnitTest>
    <UnitTest name="AlarmSettingsSCSetting_SetsNotAvailable_WhenProfileSettingValueIsNotValidBool (not-a-valid-bool)" storage="d:\actions-runner\_work\xpco\xpco\eventserver\alarmplugin\components\central\videoos.eventserver.alarmplugin.smartclient.unittest\bin\debug\net472\videoos.eventserver.alarmplugin.smartclient.unittest.dll" id="8e86e83e-3f2d-4a09-8447-ac431317e860">
      <Execution id="580daba5-a958-4c70-8d54-bf75d8ed7684" />
      <TestMethod codeBase="D:\actions-runner\_work\XPCO\XPCO\EventServer\AlarmPlugin\Components\Central\VideoOS.EventServer.AlarmPlugin.SmartClient.UnitTest\bin\Debug\net472\VideoOS.EventServer.AlarmPlugin.SmartClient.UnitTest.dll" adapterTypeName="executor://mstestadapter/v2" className="VideoOS.EventServer.AlarmPlugin.SmartClient.UnitTest.AlarmSettingsSCSettingTest" name="AlarmSettingsSCSetting_SetsNotAvailable_WhenProfileSettingValueIsNotValidBool" />
    </UnitTest>
  </TestDefinitions>
  <TestEntries>
    <TestEntry testId="477d521b-21d8-a347-519b-78b82add236f" executionId="de8f9690-cdcd-41aa-852c-8fdab0568343" testListId="8c84fa94-04c1-424b-9868-57a2d4851a1d" />
    <TestEntry testId="df7ada67-d406-99e1-684b-ea03ef77e667" executionId="762bde5b-b215-48c7-8e14-5afce8dfbbb8" testListId="8c84fa94-04c1-424b-9868-57a2d4851a1d" />
    <TestEntry testId="f034d32d-db85-5ce4-5b78-7cce31c126f3" executionId="78619b39-51b1-4c97-9edf-696cbc6a2da0" testListId="8c84fa94-04c1-424b-9868-57a2d4851a1d" />
    <TestEntry testId="5c248614-1e9c-1f2d-c709-9832d2152167" executionId="4f4dbb81-6989-418a-bfcc-250c5e2af999" testListId="8c84fa94-04c1-424b-9868-57a2d4851a1d" />
    <TestEntry testId="71b1744f-8a75-b92f-ff1d-d20bf16c91d3" executionId="79d80076-8e02-414d-963d-016cbcf6a72e" testListId="8c84fa94-04c1-424b-9868-57a2d4851a1d" />
    <TestEntry testId="9da05bd7-028d-6604-f7cf-14abaf5446f3" executionId="8b65e353-e963-468d-a2e9-cc2beab4110f" testListId="8c84fa94-04c1-424b-9868-57a2d4851a1d" />
    <TestEntry testId="768fb936-0661-a66b-e3d6-af27227417e8" executionId="b8040cbc-1cd9-48b5-b712-0523a5e902d8" testListId="8c84fa94-04c1-424b-9868-57a2d4851a1d" />
    <TestEntry testId="32471366-16f4-72c0-23b5-e769b39f9478" executionId="00c8c076-3c8f-403f-aa7f-6d4fb33b40cd" testListId="8c84fa94-04c1-424b-9868-57a2d4851a1d" />
    <TestEntry testId="0d535260-4650-2ad9-28d5-1261bbd05cf5" executionId="67235dd5-be6b-438a-8ae8-1163a8af3852" testListId="8c84fa94-04c1-424b-9868-57a2d4851a1d" />
    <TestEntry testId="8e86e83e-3f2d-4a09-8447-ac431317e860" executionId="580daba5-a958-4c70-8d54-bf75d8ed7684" testListId="8c84fa94-04c1-424b-9868-57a2d4851a1d" />
  </TestEntries>
  <TestLists>
    <TestList name="Results Not in a List" id="8c84fa94-04c1-424b-9868-57a2d4851a1d" />
    <TestList name="All Loaded Results" id="19431567-8539-422a-85d7-44ee4e166bda" />
  </TestLists>
  <ResultSummary outcome="Completed">
    <Counters total="10" executed="10" passed="10" failed="0" error="0" timeout="0" aborted="0" inconclusive="0" passedButRunAborted="0" notRunnable="0" notExecuted="0" disconnected="0" warning="0" completed="0" inProgress="0" pending="0" />
    <RunInfos>
      <RunInfo computerName="DKSR-EFI-06" outcome="Warning" timestamp="2024-01-09T15:42:49.0915490+01:00">
        <Text>[MSTest][Discovery][D:\actions-runner\_work\XPCO\XPCO\AllSolutions\..\EventServer\AlarmPlugin\Components\Central\VideoOS.EventServer.AlarmPlugin.SmartClient.UnitTest\bin\Debug\net472\VideoOS.EventServer.AlarmPlugin.SmartClient.UnitTest.dll] UTA007: Method AlarmMessageSender_SendsSmartMapMessage_WhenMapTypeIsSmartMap defined in class VideoOS.EventServer.AlarmPlugin.SmartClient.UnitTest.AlarmMessageSenderTest does not have correct signature. Test method marked with the [TestMethod] attribute must be non-static, public, return-type as void  and should not take any parameter. Example: public void Test.Class1.Test(). Additionally, if you are using async-await in test method then return-type must be Task. Example: public async Task Test.Class1.Test2()</Text>
      </RunInfo>
    </RunInfos>
  </ResultSummary>
</TestRun>