<?xml version="1.0" encoding="utf-8"?>
<TestRun id="f35e692f-1760-4fc5-8b49-8a6e52db3705" name="DKSR-EFI-06$@DKSR-EFI-06 2024-01-09 15:42:52" runUser="NT AUTHORITY\NETWORK SERVICE" xmlns="http://microsoft.com/schemas/VisualStudio/TeamTest/2010">
  <Times creation="2024-01-09T15:42:52.8415657+01:00" queuing="2024-01-09T15:42:52.8415657+01:00" start="2024-01-09T15:42:40.7633924+01:00" finish="2024-01-09T15:42:54.3884505+01:00" />
  <TestSettings name="default" id="a012739b-9a1f-4f1a-9232-259b8d975b31">
    <Deployment runDeploymentRoot="DKSR-EFI-06$_DKSR-EFI-06_2024-01-09_15_42_52" />
  </TestSettings>
  <Results>
    <UnitTestResult executionId="2a4f561f-8a01-4a02-abad-94612c8dfd9f" testId="62a359c2-8f3e-697d-be79-7cf0858e1e9f" testName="EventSearchAgentPlugin_HasIsServerFilterVisibleEqualToFalse_WhenThereIsOneServer" computerName="DKSR-EFI-06" duration="00:00:00.0004094" startTime="2024-01-09T15:42:53.4665718+01:00" endTime="2024-01-09T15:42:53.4665718+01:00" testType="13cdc9d9-ddb5-4fa4-a97d-d965ccfc6d4b" outcome="Passed" testListId="8c84fa94-04c1-424b-9868-57a2d4851a1d" relativeResultsDirectory="2a4f561f-8a01-4a02-abad-94612c8dfd9f" />
    <UnitTestResult executionId="1da54711-c66c-4602-8e3d-e2ddaf09e2c4" testId="bdeb26c1-ee7f-a180-0f04-59d75bc2812a" testName="EventSearchAgentPlugin_HasSameServersThanInServersSearchFilter_WhenInit" computerName="DKSR-EFI-06" duration="00:00:00.0440184" startTime="2024-01-09T15:42:53.4821968+01:00" endTime="2024-01-09T15:42:53.5290728+01:00" testType="13cdc9d9-ddb5-4fa4-a97d-d965ccfc6d4b" outcome="Passed" testListId="8c84fa94-04c1-424b-9868-57a2d4851a1d" relativeResultsDirectory="1da54711-c66c-4602-8e3d-e2ddaf09e2c4" />
    <UnitTestResult executionId="2e42ac95-64b9-43e7-a35b-07f1d1a2558a" testId="bb868594-8f80-20dc-ad04-6fa3cf34e640" testName="StateSearchFilter_ClearsFilterValueParameter_WhenResetValue" computerName="DKSR-EFI-06" duration="00:00:00.0004011" startTime="2024-01-09T15:42:53.8103246+01:00" endTime="2024-01-09T15:42:53.8103246+01:00" testType="13cdc9d9-ddb5-4fa4-a97d-d965ccfc6d4b" outcome="Passed" testListId="8c84fa94-04c1-424b-9868-57a2d4851a1d" relativeResultsDirectory="2e42ac95-64b9-43e7-a35b-07f1d1a2558a" />
    <UnitTestResult executionId="2e4b5cbb-2e62-44e2-b7ca-65972543c703" testId="3e8ca05b-4ef4-aab0-01d4-1d0a41b30df6" testName="EventFilterFactory_ThrowsArgumentNullException_WhenGetFilterConditionForEmptyValue (From)" computerName="DKSR-EFI-06" duration="00:00:00.0004381" startTime="2024-01-09T15:42:53.2634443+01:00" endTime="2024-01-09T15:42:53.2634443+01:00" testType="13cdc9d9-ddb5-4fa4-a97d-d965ccfc6d4b" outcome="Passed" testListId="8c84fa94-04c1-424b-9868-57a2d4851a1d" relativeResultsDirectory="2e4b5cbb-2e62-44e2-b7ca-65972543c703" />
    <UnitTestResult executionId="3bdfadbb-3e84-464c-b114-cc8ea29bb453" testId="6e81c649-1d7f-3f91-824e-8c40ae5dc8d8" testName="SourceSearchFilter_ReturnsTextBoxFilterConfiguration_WhenGetFilterConfiguration" computerName="DKSR-EFI-06" duration="00:00:00.0003069" startTime="2024-01-09T15:42:53.7790721+01:00" endTime="2024-01-09T15:42:53.7790721+01:00" testType="13cdc9d9-ddb5-4fa4-a97d-d965ccfc6d4b" outcome="Passed" testListId="8c84fa94-04c1-424b-9868-57a2d4851a1d" relativeResultsDirectory="3bdfadbb-3e84-464c-b114-cc8ea29bb453" />
    <UnitTestResult executionId="4ac793e3-3e42-4be0-9cc0-940745535a44" testId="7c296494-85c0-d8ff-2e98-18a58d40cec3" testName="MessageSearchFilter_HasListSelectionFilterConfigurationWithInitialAlarmMessages_WhenGetFilterConfiguration" computerName="DKSR-EFI-06" duration="00:00:00.0008567" startTime="2024-01-09T15:42:53.7321973+01:00" endTime="2024-01-09T15:42:53.7321973+01:00" testType="13cdc9d9-ddb5-4fa4-a97d-d965ccfc6d4b" outcome="Passed" testListId="8c84fa94-04c1-424b-9868-57a2d4851a1d" relativeResultsDirectory="4ac793e3-3e42-4be0-9cc0-940745535a44" />
    <UnitTestResult executionId="b4dcdc3d-3478-46d6-ab4d-504db67dadbe" testId="00f89f07-adec-c656-0e84-13762b2810de" testName="EventSearchAgentPlugin_HasCorrectId_WhenInit" computerName="DKSR-EFI-06" duration="00:00:00.0014865" startTime="2024-01-09T15:42:53.4509460+01:00" endTime="2024-01-09T15:42:53.4509460+01:00" testType="13cdc9d9-ddb5-4fa4-a97d-d965ccfc6d4b" outcome="Passed" testListId="8c84fa94-04c1-424b-9868-57a2d4851a1d" relativeResultsDirectory="b4dcdc3d-3478-46d6-ab4d-504db67dadbe" />
    <UnitTestResult executionId="b1204385-7cf4-49d5-a6c8-f7cfda8b07d2" testId="2ea9f846-b793-8735-fefc-2eca615f80ca" testName="IdSearchFilter_ThrowsArgumentException_WhenResetValueParameterIsNotSelectionFilterValue" computerName="DKSR-EFI-06" duration="00:00:00.0009623" startTime="2024-01-09T15:42:53.5915714+01:00" endTime="2024-01-09T15:42:53.5915714+01:00" testType="13cdc9d9-ddb5-4fa4-a97d-d965ccfc6d4b" outcome="Passed" testListId="8c84fa94-04c1-424b-9868-57a2d4851a1d" relativeResultsDirectory="b1204385-7cf4-49d5-a6c8-f7cfda8b07d2" />
    <UnitTestResult executionId="c4e5753e-f413-40b5-b935-6c3bdd6625d6" testId="104046bf-e775-df59-7f88-98caf9f820bf" testName="PrioritySearchFilter_ClearsFilterValueParameter_WhenResetValue" computerName="DKSR-EFI-06" duration="00:00:00.0004627" startTime="2024-01-09T15:42:53.7634469+01:00" endTime="2024-01-09T15:42:53.7634469+01:00" testType="13cdc9d9-ddb5-4fa4-a97d-d965ccfc6d4b" outcome="Passed" testListId="8c84fa94-04c1-424b-9868-57a2d4851a1d" relativeResultsDirectory="c4e5753e-f413-40b5-b935-6c3bdd6625d6" />
    <UnitTestResult executionId="ed0852eb-8b6d-4d3d-9e90-95422dd6ae50" testId="486c4b9f-292f-52f1-eec9-078393b403e5" testName="MessageSearchFilter_ClearsFilterValueParameter_WhenResetValue" computerName="DKSR-EFI-06" duration="00:00:00.0004231" startTime="2024-01-09T15:42:53.7478213+01:00" endTime="2024-01-09T15:42:53.7478213+01:00" testType="13cdc9d9-ddb5-4fa4-a97d-d965ccfc6d4b" outcome="Passed" testListId="8c84fa94-04c1-424b-9868-57a2d4851a1d" relativeResultsDirectory="ed0852eb-8b6d-4d3d-9e90-95422dd6ae50" />
    <UnitTestResult executionId="8a7de13d-9779-4912-ab66-4316f9ca1311" testId="c5fd5dae-a83a-5697-ed36-8fb875098827" testName="AlarmSearchAgentPlugin_HasServerFilterVisibleTrue_WhenThereAreMultipleServers" computerName="DKSR-EFI-06" duration="00:00:00.0012615" startTime="2024-01-09T15:42:53.7165725+01:00" endTime="2024-01-09T15:42:53.7165725+01:00" testType="13cdc9d9-ddb5-4fa4-a97d-d965ccfc6d4b" outcome="Passed" testListId="8c84fa94-04c1-424b-9868-57a2d4851a1d" relativeResultsDirectory="8a7de13d-9779-4912-ab66-4316f9ca1311" />
    <UnitTestResult executionId="cc9cfcc7-7691-430b-a13c-1956a1c40fdb" testId="836c0df6-6555-5657-f8a6-b7df90c0be8c" testName="EventSearchAgentPlugin_ReturnsEventSearchDefinition_WhenCreateTestDefinition" computerName="DKSR-EFI-06" duration="00:00:00.0019586" startTime="2024-01-09T15:42:53.4509460+01:00" endTime="2024-01-09T15:42:53.4509460+01:00" testType="13cdc9d9-ddb5-4fa4-a97d-d965ccfc6d4b" outcome="Passed" testListId="8c84fa94-04c1-424b-9868-57a2d4851a1d" relativeResultsDirectory="cc9cfcc7-7691-430b-a13c-1956a1c40fdb" />
    <UnitTestResult executionId="e1a0f3a8-88e8-4e28-a302-327bfd74bbc8" testId="9e00af2a-6e28-726b-95e7-a3def45f6eab" testName="EventFilterFactory_ReturnsCorrectConditionForFilterType_WhenGetFilterCondition (Camera,ObjectId)" computerName="DKSR-EFI-06" duration="00:00:00.0001843" startTime="2024-01-09T15:42:53.2321945+01:00" endTime="2024-01-09T15:42:53.2321945+01:00" testType="13cdc9d9-ddb5-4fa4-a97d-d965ccfc6d4b" outcome="Passed" testListId="8c84fa94-04c1-424b-9868-57a2d4851a1d" relativeResultsDirectory="e1a0f3a8-88e8-4e28-a302-327bfd74bbc8" />
    <UnitTestResult executionId="f97e534f-3f80-4173-9f9d-b83298e11fff" testId="917ceebb-6e64-0c72-3499-37449f658153" testName="EventFilterFactory_ThrowsArgumentNullException_WhenGetFilterConditionForEmptyValue (Camera)" computerName="DKSR-EFI-06" duration="00:00:00.0004615" startTime="2024-01-09T15:42:53.2478196+01:00" endTime="2024-01-09T15:42:53.2478196+01:00" testType="13cdc9d9-ddb5-4fa4-a97d-d965ccfc6d4b" outcome="Passed" testListId="8c84fa94-04c1-424b-9868-57a2d4851a1d" relativeResultsDirectory="f97e534f-3f80-4173-9f9d-b83298e11fff" />
    <UnitTestResult executionId="2f672572-aed6-489b-b3e7-300a89000905" testId="87fcbe60-f8ea-d2bb-1b6d-5c0397f1a457" testName="IdSearchFilter_ClearsFilterValueParameter_WhenResetValue" computerName="DKSR-EFI-06" duration="00:00:00.0008174" startTime="2024-01-09T15:42:53.5915714+01:00" endTime="2024-01-09T15:42:53.5915714+01:00" testType="13cdc9d9-ddb5-4fa4-a97d-d965ccfc6d4b" outcome="Passed" testListId="8c84fa94-04c1-424b-9868-57a2d4851a1d" relativeResultsDirectory="2f672572-aed6-489b-b3e7-300a89000905" />
    <UnitTestResult executionId="2ea59eb8-6648-4558-a46d-3762e3dd2763" testId="b14d93ff-a746-3aa3-90d0-684924f94666" testName="AlarmSearchAgentPlugin_HasServerFilterVisibleFalse_WhenThereIsOneServer" computerName="DKSR-EFI-06" duration="00:00:00.0028119" startTime="2024-01-09T15:42:53.7009493+01:00" endTime="2024-01-09T15:42:53.7009493+01:00" testType="13cdc9d9-ddb5-4fa4-a97d-d965ccfc6d4b" outcome="Passed" testListId="8c84fa94-04c1-424b-9868-57a2d4851a1d" relativeResultsDirectory="2ea59eb8-6648-4558-a46d-3762e3dd2763" />
    <UnitTestResult executionId="5ccbe389-cc16-44f7-9152-e7db5f1cb2eb" testId="64e8e84b-69b3-7acc-a956-7555360018e4" testName="EventSearchDefinition_NotFiresSearchResultsReady_WhenCancelsBeforeSearchEvents" computerName="DKSR-EFI-06" duration="00:00:00.0022403" startTime="2024-01-09T15:42:53.5759461+01:00" endTime="2024-01-09T15:42:53.5759461+01:00" testType="13cdc9d9-ddb5-4fa4-a97d-d965ccfc6d4b" outcome="Passed" testListId="8c84fa94-04c1-424b-9868-57a2d4851a1d" relativeResultsDirectory="5ccbe389-cc16-44f7-9152-e7db5f1cb2eb" />
    <UnitTestResult executionId="32b7f1a9-5694-4d0d-bdfb-fdae2cfc9b32" testId="b9102926-3c73-47c6-9767-2bfb393e1682" testName="EventSearchAgentPlugin_HasIsServerFilterVisibleEqualToTrue_WhenThereAreMoreThanOneServer" computerName="DKSR-EFI-06" duration="00:00:00.0005838" startTime="2024-01-09T15:42:53.4821968+01:00" endTime="2024-01-09T15:42:53.4821968+01:00" testType="13cdc9d9-ddb5-4fa4-a97d-d965ccfc6d4b" outcome="Passed" testListId="8c84fa94-04c1-424b-9868-57a2d4851a1d" relativeResultsDirectory="32b7f1a9-5694-4d0d-bdfb-fdae2cfc9b32" />
    <UnitTestResult executionId="c4ba12ae-48b6-4c77-8e41-319720d18976" testId="95e4dab9-5693-797d-aca3-c94b07049b60" testName="AlarmSearchAgentPlugin_ReturnsAlarmSearchDefinition_WhenCreateSearchDefinition" computerName="DKSR-EFI-06" duration="00:00:00.0015506" startTime="2024-01-09T15:42:53.6853187+01:00" endTime="2024-01-09T15:42:53.6853187+01:00" testType="13cdc9d9-ddb5-4fa4-a97d-d965ccfc6d4b" outcome="Passed" testListId="8c84fa94-04c1-424b-9868-57a2d4851a1d" relativeResultsDirectory="c4ba12ae-48b6-4c77-8e41-319720d18976" />
    <UnitTestResult executionId="9207b248-7117-4a82-9df7-3dc40f811d88" testId="9608c157-d88e-6964-af3b-b5411446b50c" testName="ServerSearchFilter_ClearsFilterValueParameter_WhenResetValue" computerName="DKSR-EFI-06" duration="00:00:00.0003821" startTime="2024-01-09T15:42:53.7790721+01:00" endTime="2024-01-09T15:42:53.7790721+01:00" testType="13cdc9d9-ddb5-4fa4-a97d-d965ccfc6d4b" outcome="Passed" testListId="8c84fa94-04c1-424b-9868-57a2d4851a1d" relativeResultsDirectory="9207b248-7117-4a82-9df7-3dc40f811d88" />
    <UnitTestResult executionId="e6cf6fc2-154f-4988-9923-fa1daae32d73" testId="faf6fe88-e2ab-13fe-5bdb-0dc45bfd095a" testName="SourceSearchFilter_ThrowsArgumentException_WhenResetValueParameterIsNotSelectionFilterValue" computerName="DKSR-EFI-06" duration="00:00:00.0003923" startTime="2024-01-09T15:42:53.7946977+01:00" endTime="2024-01-09T15:42:53.7946977+01:00" testType="13cdc9d9-ddb5-4fa4-a97d-d965ccfc6d4b" outcome="Passed" testListId="8c84fa94-04c1-424b-9868-57a2d4851a1d" relativeResultsDirectory="e6cf6fc2-154f-4988-9923-fa1daae32d73" />
    <UnitTestResult executionId="148b0d6e-1840-4040-97cd-4b8f86f35182" testId="e8b9ebe3-9da3-af8e-9b66-63503cd9e7fe" testName="AlarmsSearchDefinition_DoesNotThrowFilterError_WhenSearchAlarmsIsCalled" computerName="DKSR-EFI-06" duration="00:00:00.0041225" startTime="2024-01-09T15:42:52.8884415+01:00" endTime="2024-01-09T15:42:52.8884415+01:00" testType="13cdc9d9-ddb5-4fa4-a97d-d965ccfc6d4b" outcome="Passed" testListId="8c84fa94-04c1-424b-9868-57a2d4851a1d" relativeResultsDirectory="148b0d6e-1840-4040-97cd-4b8f86f35182" />
    <UnitTestResult executionId="1aa355f0-9278-4784-b6c2-f8220668100a" testId="9be30d79-b3cf-1247-b474-0fe612aa1bd6" testName="OwnerSearchFilter_ThrowsException_WhenResetValueParameterIsNotSelectionFilterValue" computerName="DKSR-EFI-06" duration="00:00:00.0003802" startTime="2024-01-09T15:42:53.7478213+01:00" endTime="2024-01-09T15:42:53.7478213+01:00" testType="13cdc9d9-ddb5-4fa4-a97d-d965ccfc6d4b" outcome="Passed" testListId="8c84fa94-04c1-424b-9868-57a2d4851a1d" relativeResultsDirectory="1aa355f0-9278-4784-b6c2-f8220668100a" />
    <UnitTestResult executionId="4198e835-2b61-48f0-9e12-521f4d50c9fc" testId="3bf08db3-2d59-2013-260d-420deb2e3093" testName="ServerSearchFilter_ThrowsArgumentException_WhenResetValueParameterIsNotSelectionFilterValue" computerName="DKSR-EFI-06" duration="00:00:00.0003815" startTime="2024-01-09T15:42:53.7790721+01:00" endTime="2024-01-09T15:42:53.7790721+01:00" testType="13cdc9d9-ddb5-4fa4-a97d-d965ccfc6d4b" outcome="Passed" testListId="8c84fa94-04c1-424b-9868-57a2d4851a1d" relativeResultsDirectory="4198e835-2b61-48f0-9e12-521f4d50c9fc" />
    <UnitTestResult executionId="bc758014-2879-4d5b-b625-6295bb24a291" testId="456fcdf4-b6c6-53cd-462b-d220bfaad7ca" testName="StateSearchFilter_ThrowsArgumentException_WhenResetValueShouldParameterIsNotSelectionFilterValue" computerName="DKSR-EFI-06" duration="00:00:00.0003881" startTime="2024-01-09T15:42:53.7946977+01:00" endTime="2024-01-09T15:42:53.7946977+01:00" testType="13cdc9d9-ddb5-4fa4-a97d-d965ccfc6d4b" outcome="Passed" testListId="8c84fa94-04c1-424b-9868-57a2d4851a1d" relativeResultsDirectory="bc758014-2879-4d5b-b625-6295bb24a291" />
    <UnitTestResult executionId="c31ed414-18a9-4884-81a7-9ca9377dcb17" testId="b879d925-b069-eca7-9027-877d27818981" testName="IdSearchFilter_ReturnsTextBoxFilterConfiguration_WhenGetFilterConfiguration" computerName="DKSR-EFI-06" duration="00:00:00.0008627" startTime="2024-01-09T15:42:53.5759461+01:00" endTime="2024-01-09T15:42:53.5915714+01:00" testType="13cdc9d9-ddb5-4fa4-a97d-d965ccfc6d4b" outcome="Passed" testListId="8c84fa94-04c1-424b-9868-57a2d4851a1d" relativeResultsDirectory="c31ed414-18a9-4884-81a7-9ca9377dcb17" />
    <UnitTestResult executionId="93a1bbd6-9f56-41cb-977d-c0fc281ca7e4" testId="9c1393ec-ca28-1a9a-1b84-0aa1e112e2ee" testName="StateSearchFilter_ReturnsListSelectionFilterConfiguration_WhenGetFilterConfiguration" computerName="DKSR-EFI-06" duration="00:00:00.0011532" startTime="2024-01-09T15:42:53.7946977+01:00" endTime="2024-01-09T15:42:53.7946977+01:00" testType="13cdc9d9-ddb5-4fa4-a97d-d965ccfc6d4b" outcome="Passed" testListId="8c84fa94-04c1-424b-9868-57a2d4851a1d" relativeResultsDirectory="93a1bbd6-9f56-41cb-977d-c0fc281ca7e4" />
    <UnitTestResult executionId="987036e8-646c-4a38-8a23-08524e97f88e" testId="88388198-618e-aadb-e30b-ce73812e495f" testName="EventSearchAgentPlugin_HasCorrectName_WhenInit" computerName="DKSR-EFI-06" duration="00:00:00.1412238" startTime="2024-01-09T15:42:53.2634443+01:00" endTime="2024-01-09T15:42:53.4040706+01:00" testType="13cdc9d9-ddb5-4fa4-a97d-d965ccfc6d4b" outcome="Passed" testListId="8c84fa94-04c1-424b-9868-57a2d4851a1d" relativeResultsDirectory="987036e8-646c-4a38-8a23-08524e97f88e" />
    <UnitTestResult executionId="8fcdfa65-38a0-4dce-b133-6380134a9faa" testId="35065cdc-0b69-4d14-2ef4-5e614ff2a1c6" testName="IDSearchFilter_ThrowsArgumentException_WhenResetValueWithNotASelectionFilterValue" computerName="DKSR-EFI-06" duration="00:00:00.0003764" startTime="2024-01-09T15:42:53.7321973+01:00" endTime="2024-01-09T15:42:53.7321973+01:00" testType="13cdc9d9-ddb5-4fa4-a97d-d965ccfc6d4b" outcome="Passed" testListId="8c84fa94-04c1-424b-9868-57a2d4851a1d" relativeResultsDirectory="8fcdfa65-38a0-4dce-b133-6380134a9faa" />
    <UnitTestResult executionId="85b99f23-a61d-4980-bd41-ea97cef075ab" testId="d5afc39e-7194-0fcc-4b16-a238ee658e2c" testName="AlarmSearchAgentPlugin_HasSameServersInSearchFiltersAndConstructor_WhenInit" computerName="DKSR-EFI-06" duration="00:00:00.0014214" startTime="2024-01-09T15:42:53.7165725+01:00" endTime="2024-01-09T15:42:53.7165725+01:00" testType="13cdc9d9-ddb5-4fa4-a97d-d965ccfc6d4b" outcome="Passed" testListId="8c84fa94-04c1-424b-9868-57a2d4851a1d" relativeResultsDirectory="85b99f23-a61d-4980-bd41-ea97cef075ab" />
    <UnitTestResult executionId="18ba315c-4dff-4a13-9087-f7905a1a62c9" testId="f010b549-ed99-4025-6a1e-54dad7d9ffd4" testName="AlarmsSearchDefinition_ThrowsArgumentNullException_WhenSearchScopeIsNull" computerName="DKSR-EFI-06" duration="00:00:01.1323711" startTime="2024-01-09T15:42:51.1071841+01:00" endTime="2024-01-09T15:42:52.6853158+01:00" testType="13cdc9d9-ddb5-4fa4-a97d-d965ccfc6d4b" outcome="Passed" testListId="8c84fa94-04c1-424b-9868-57a2d4851a1d" relativeResultsDirectory="18ba315c-4dff-4a13-9087-f7905a1a62c9" />
    <UnitTestResult executionId="48d88048-08bc-4325-bd05-79471bbde0cf" testId="73bd8105-9c20-58bf-5fa7-c5ac67a7bf1b" testName="SourceSearchFilter_ThrowsArgumentException_WhenResetValueParameterIsNotSelectionFilterValue" computerName="DKSR-EFI-06" duration="00:00:00.0016528" startTime="2024-01-09T15:42:53.6540709+01:00" endTime="2024-01-09T15:42:53.6540709+01:00" testType="13cdc9d9-ddb5-4fa4-a97d-d965ccfc6d4b" outcome="Passed" testListId="8c84fa94-04c1-424b-9868-57a2d4851a1d" relativeResultsDirectory="48d88048-08bc-4325-bd05-79471bbde0cf" />
    <UnitTestResult executionId="5d326310-8f02-4db9-9e5a-ce4167e02b27" testId="f445a203-e53a-540c-911f-1d29544062f4" testName="EventFilterFactory_ReturnsCorrectConditionForFilterType_WhenGetFilterCondition (To,Timestamp)" computerName="DKSR-EFI-06" duration="00:00:00.0002423" startTime="2024-01-09T15:42:53.2321945+01:00" endTime="2024-01-09T15:42:53.2321945+01:00" testType="13cdc9d9-ddb5-4fa4-a97d-d965ccfc6d4b" outcome="Passed" testListId="8c84fa94-04c1-424b-9868-57a2d4851a1d" relativeResultsDirectory="5d326310-8f02-4db9-9e5a-ce4167e02b27" />
    <UnitTestResult executionId="7323eb73-ee91-48d7-b2ba-ab4daf950c19" testId="562b1012-fe2e-157b-4467-15a9d7a49324" testName="AlarmSearchAgentPlugin_HasNonNullSearchFilterCategoryIcon_WhenInit" computerName="DKSR-EFI-06" duration="00:00:00.0006896" startTime="2024-01-09T15:42:53.7009493+01:00" endTime="2024-01-09T15:42:53.7009493+01:00" testType="13cdc9d9-ddb5-4fa4-a97d-d965ccfc6d4b" outcome="Passed" testListId="8c84fa94-04c1-424b-9868-57a2d4851a1d" relativeResultsDirectory="7323eb73-ee91-48d7-b2ba-ab4daf950c19" />
    <UnitTestResult executionId="08f6db10-7750-4cb4-a9d3-c6eb6e791091" testId="033a6bb9-6071-a1b6-f96c-3382da54d52c" testName="AlarmSearchAgentPlugin_HasCorrectAgentName_WhenInit" computerName="DKSR-EFI-06" duration="00:00:00.0218410" startTime="2024-01-09T15:42:53.6540709+01:00" endTime="2024-01-09T15:42:53.6696947+01:00" testType="13cdc9d9-ddb5-4fa4-a97d-d965ccfc6d4b" outcome="Passed" testListId="8c84fa94-04c1-424b-9868-57a2d4851a1d" relativeResultsDirectory="08f6db10-7750-4cb4-a9d3-c6eb6e791091" />
    <UnitTestResult executionId="bdf4c105-4068-4230-b9c3-4e064e298e34" testId="f549b9fe-2f2f-5041-ba25-d7735ee209a5" testName="EventSearchDefinition_ThrowsArgumentNullException_WhenNullSearchScopeInConstructor" computerName="DKSR-EFI-06" duration="00:00:00.0105624" startTime="2024-01-09T15:42:53.5290728+01:00" endTime="2024-01-09T15:42:53.5446951+01:00" testType="13cdc9d9-ddb5-4fa4-a97d-d965ccfc6d4b" outcome="Passed" testListId="8c84fa94-04c1-424b-9868-57a2d4851a1d" relativeResultsDirectory="bdf4c105-4068-4230-b9c3-4e064e298e34" />
    <UnitTestResult executionId="138a7128-7d3f-4a81-bded-207a0ee0342d" testId="6497ccbd-7f27-bcd5-3d1b-80be52eed553" testName="EventFilterFactory_ThrowsArgumentNullException_WhenGetFilterConditionForEmptyValue (Id)" computerName="DKSR-EFI-06" duration="00:00:00.0006207" startTime="2024-01-09T15:42:53.2478196+01:00" endTime="2024-01-09T15:42:53.2478196+01:00" testType="13cdc9d9-ddb5-4fa4-a97d-d965ccfc6d4b" outcome="Passed" testListId="8c84fa94-04c1-424b-9868-57a2d4851a1d" relativeResultsDirectory="138a7128-7d3f-4a81-bded-207a0ee0342d" />
    <UnitTestResult executionId="82a32ebf-9bc6-4945-9ba1-4b9ff45cee04" testId="3bf26497-977c-c696-92fb-b0c844a87da9" testName="OwnerSearchFilter_ReturnsTextBoxFilterConfiguration_WhenGetFilterConfiguration" computerName="DKSR-EFI-06" duration="00:00:00.0003334" startTime="2024-01-09T15:42:53.7478213+01:00" endTime="2024-01-09T15:42:53.7478213+01:00" testType="13cdc9d9-ddb5-4fa4-a97d-d965ccfc6d4b" outcome="Passed" testListId="8c84fa94-04c1-424b-9868-57a2d4851a1d" relativeResultsDirectory="82a32ebf-9bc6-4945-9ba1-4b9ff45cee04" />
    <UnitTestResult executionId="647b793b-558f-4148-b747-ea0fc04be4db" testId="c2d0219e-f849-a413-dbd3-63a6181f7209" testName="AlarmsSearchDefinition_ThrowsException_WhenSearchResultDataCreatorThrowsException" computerName="DKSR-EFI-06" duration="00:00:00.0300537" startTime="2024-01-09T15:42:52.9821931+01:00" endTime="2024-01-09T15:42:53.0134436+01:00" testType="13cdc9d9-ddb5-4fa4-a97d-d965ccfc6d4b" outcome="Passed" testListId="8c84fa94-04c1-424b-9868-57a2d4851a1d" relativeResultsDirectory="647b793b-558f-4148-b747-ea0fc04be4db" />
    <UnitTestResult executionId="c9e4c1b1-c154-4ad6-8455-c4878b7c68dd" testId="30377197-bcc4-32ab-b69c-edd1c9e4d171" testName="AlarmsSearchDefinition_ThrowsException_WhenAlarmProviderThrowsException" computerName="DKSR-EFI-06" duration="00:00:00.0638996" startTime="2024-01-09T15:42:52.9040688+01:00" endTime="2024-01-09T15:42:52.9665681+01:00" testType="13cdc9d9-ddb5-4fa4-a97d-d965ccfc6d4b" outcome="Passed" testListId="8c84fa94-04c1-424b-9868-57a2d4851a1d" relativeResultsDirectory="c9e4c1b1-c154-4ad6-8455-c4878b7c68dd" />
    <UnitTestResult executionId="7b873456-c763-4a13-b780-8634586dd867" testId="04fe1d12-6020-1b04-8f8b-ccccd2db27bf" testName="PrioritySearchFilter_ReturnsInitialPriorityGuids_WhenGetFilterConfigurationWithAlarmPrioritiesPassedByParameter" computerName="DKSR-EFI-06" duration="00:00:00.0011563" startTime="2024-01-09T15:42:53.7634469+01:00" endTime="2024-01-09T15:42:53.7634469+01:00" testType="13cdc9d9-ddb5-4fa4-a97d-d965ccfc6d4b" outcome="Passed" testListId="8c84fa94-04c1-424b-9868-57a2d4851a1d" relativeResultsDirectory="7b873456-c763-4a13-b780-8634586dd867" />
    <UnitTestResult executionId="12cb7057-e449-4413-9376-9553acc73313" testId="f8b9ad99-502a-b7fc-e70f-c24f82b091ef" testName="EventFilterFactory_ReturnsCorrectConditionForFilterType_WhenGetFilterCondition (From,Timestamp)" computerName="DKSR-EFI-06" duration="00:00:00.0002273" startTime="2024-01-09T15:42:53.2321945+01:00" endTime="2024-01-09T15:42:53.2321945+01:00" testType="13cdc9d9-ddb5-4fa4-a97d-d965ccfc6d4b" outcome="Passed" testListId="8c84fa94-04c1-424b-9868-57a2d4851a1d" relativeResultsDirectory="12cb7057-e449-4413-9376-9553acc73313" />
    <UnitTestResult executionId="8ba0437b-a601-417d-b1db-667985d356d1" testId="0e25b2a5-f86e-0a54-ed6b-cdf5f3ca9da7" testName="AlarmsSearchDefinition_FiresSearchResultsReadyEventForEachServer_WhenSearchAlarmsIsCalled" computerName="DKSR-EFI-06" duration="00:00:00.0358115" startTime="2024-01-09T15:42:52.8571927+01:00" endTime="2024-01-09T15:42:52.8884415+01:00" testType="13cdc9d9-ddb5-4fa4-a97d-d965ccfc6d4b" outcome="Passed" testListId="8c84fa94-04c1-424b-9868-57a2d4851a1d" relativeResultsDirectory="8ba0437b-a601-417d-b1db-667985d356d1" />
    <UnitTestResult executionId="4fff761a-c814-4196-a4a0-6b44dc79d2df" testId="e379c7c3-2c5c-5d9f-dab8-91426a1914ed" testName="OwnerSearchFilter_ClearsFilterValueParameter_WhenResetValue" computerName="DKSR-EFI-06" duration="00:00:00.0002189" startTime="2024-01-09T15:42:53.7478213+01:00" endTime="2024-01-09T15:42:53.7478213+01:00" testType="13cdc9d9-ddb5-4fa4-a97d-d965ccfc6d4b" outcome="Passed" testListId="8c84fa94-04c1-424b-9868-57a2d4851a1d" relativeResultsDirectory="4fff761a-c814-4196-a4a0-6b44dc79d2df" />
    <UnitTestResult executionId="1b48940e-4966-436d-be96-e9336c431643" testId="6d690cf8-e750-2ed4-0168-210f37dc5422" testName="SourceSearchFilter_ReturnsTextBoxFilterConfiguration_WhenGetFilterConfiguration" computerName="DKSR-EFI-06" duration="00:00:00.0006208" startTime="2024-01-09T15:42:53.6384467+01:00" endTime="2024-01-09T15:42:53.6384467+01:00" testType="13cdc9d9-ddb5-4fa4-a97d-d965ccfc6d4b" outcome="Passed" testListId="8c84fa94-04c1-424b-9868-57a2d4851a1d" relativeResultsDirectory="1b48940e-4966-436d-be96-e9336c431643" />
    <UnitTestResult executionId="1ffa4179-0395-435f-b538-ef23712836f2" testId="5a02515e-5e1f-5419-3165-c75a20ec5489" testName="ServerSearchFilter_ReturnsInitialEventServerGuids_WhenGetFilterConfiguration" computerName="DKSR-EFI-06" duration="00:00:00.0079040" startTime="2024-01-09T15:42:53.6071972+01:00" endTime="2024-01-09T15:42:53.6228200+01:00" testType="13cdc9d9-ddb5-4fa4-a97d-d965ccfc6d4b" outcome="Passed" testListId="8c84fa94-04c1-424b-9868-57a2d4851a1d" relativeResultsDirectory="1ffa4179-0395-435f-b538-ef23712836f2" />
    <UnitTestResult executionId="be19d786-9867-49d0-9ac1-5f7004474b0e" testId="c060355d-f211-9e27-6ed3-e8053492b3b7" testName="IDSearchFilter_ReturnsFilterConfigurationEqualToTextBoxFilterConfiguration_WhenGetFilterConfiguration" computerName="DKSR-EFI-06" duration="00:00:00.0003003" startTime="2024-01-09T15:42:53.7321973+01:00" endTime="2024-01-09T15:42:53.7321973+01:00" testType="13cdc9d9-ddb5-4fa4-a97d-d965ccfc6d4b" outcome="Passed" testListId="8c84fa94-04c1-424b-9868-57a2d4851a1d" relativeResultsDirectory="be19d786-9867-49d0-9ac1-5f7004474b0e" />
    <UnitTestResult executionId="59f49774-5117-4a42-b762-5410b6f90aed" testId="5fc907b0-ebdd-7bfc-e4c9-552f0a34ec42" testName="AlarmsSearchDefinition_ThrowsArgumentNullException_WhenSelectedServersProviderIsNull" computerName="DKSR-EFI-06" duration="00:00:00.0029484" startTime="2024-01-09T15:42:52.8415657+01:00" endTime="2024-01-09T15:42:52.8415657+01:00" testType="13cdc9d9-ddb5-4fa4-a97d-d965ccfc6d4b" outcome="Passed" testListId="8c84fa94-04c1-424b-9868-57a2d4851a1d" relativeResultsDirectory="59f49774-5117-4a42-b762-5410b6f90aed" />
    <UnitTestResult executionId="e995d3c5-133f-426f-b74c-86d528d52b18" testId="296f1844-3ca0-abb7-0ebf-2d474582b95e" testName="EventFilterFactory_ReturnsCorrectConditionForFilterType_WhenGetFilterCondition (Source,SourceName)" computerName="DKSR-EFI-06" duration="00:00:00.0002090" startTime="2024-01-09T15:42:53.2478196+01:00" endTime="2024-01-09T15:42:53.2478196+01:00" testType="13cdc9d9-ddb5-4fa4-a97d-d965ccfc6d4b" outcome="Passed" testListId="8c84fa94-04c1-424b-9868-57a2d4851a1d" relativeResultsDirectory="e995d3c5-133f-426f-b74c-86d528d52b18" />
    <UnitTestResult executionId="bcaa7e8e-2610-458c-b1b9-34bd218f65fa" testId="66f7b497-0978-0ea2-1d3c-7ee3ddea1eff" testName="EventSearchAgentPlugin_HasNonNullSearchFilterCategory_WhenInit" computerName="DKSR-EFI-06" duration="00:00:00.0004940" startTime="2024-01-09T15:42:53.4665718+01:00" endTime="2024-01-09T15:42:53.4665718+01:00" testType="13cdc9d9-ddb5-4fa4-a97d-d965ccfc6d4b" outcome="Passed" testListId="8c84fa94-04c1-424b-9868-57a2d4851a1d" relativeResultsDirectory="bcaa7e8e-2610-458c-b1b9-34bd218f65fa" />
    <UnitTestResult executionId="03e33057-4605-44ec-99d7-0441506d78cb" testId="4528dc8d-0996-9892-8508-6f7d2715c1af" testName="AlarmSearchAgentPlugin_HasNonNullSearchFilterCategory_WhenInit" computerName="DKSR-EFI-06" duration="00:00:00.0006398" startTime="2024-01-09T15:42:53.6853187+01:00" endTime="2024-01-09T15:42:53.6853187+01:00" testType="13cdc9d9-ddb5-4fa4-a97d-d965ccfc6d4b" outcome="Passed" testListId="8c84fa94-04c1-424b-9868-57a2d4851a1d" relativeResultsDirectory="03e33057-4605-44ec-99d7-0441506d78cb" />
    <UnitTestResult executionId="b4db4053-9417-4869-af02-534860a61c75" testId="469cffc7-c257-4390-0298-0673d1e2c22b" testName="StateSearchFilter_ReturnsInitialAlarmStatesGuids_WhenGetFilterConfigurationWithAlarmStatesPassedByParameter" computerName="DKSR-EFI-06" duration="00:00:00.0011319" startTime="2024-01-09T15:42:53.7946977+01:00" endTime="2024-01-09T15:42:53.7946977+01:00" testType="13cdc9d9-ddb5-4fa4-a97d-d965ccfc6d4b" outcome="Passed" testListId="8c84fa94-04c1-424b-9868-57a2d4851a1d" relativeResultsDirectory="b4db4053-9417-4869-af02-534860a61c75" />
    <UnitTestResult executionId="611bdd2a-37d9-4188-a21a-b61bd6ddfd9e" testId="094945b4-ebaf-f8ab-b0fe-87dc2f042bd7" testName="MessageSearchFilter_ReturnsListSelectionFilterConfiguration_WhenGetFilterConfiguration" computerName="DKSR-EFI-06" duration="00:00:00.0011321" startTime="2024-01-09T15:42:53.7321973+01:00" endTime="2024-01-09T15:42:53.7321973+01:00" testType="13cdc9d9-ddb5-4fa4-a97d-d965ccfc6d4b" outcome="Passed" testListId="8c84fa94-04c1-424b-9868-57a2d4851a1d" relativeResultsDirectory="611bdd2a-37d9-4188-a21a-b61bd6ddfd9e" />
    <UnitTestResult executionId="f027ad91-9ccc-404b-90d0-4623eab5bb65" testId="8654c5c4-4916-f965-8bb6-110243f55a27" testName="ServerSearchFilter_ReturnsListSelectionFilterConfiguration_WhenGetFilterConfiguration" computerName="DKSR-EFI-06" duration="00:00:00.0106032" startTime="2024-01-09T15:42:53.6071972+01:00" endTime="2024-01-09T15:42:53.6071972+01:00" testType="13cdc9d9-ddb5-4fa4-a97d-d965ccfc6d4b" outcome="Passed" testListId="8c84fa94-04c1-424b-9868-57a2d4851a1d" relativeResultsDirectory="f027ad91-9ccc-404b-90d0-4623eab5bb65" />
    <UnitTestResult executionId="ee21e43c-edc8-42c5-a8ce-5612e0fb3add" testId="ebc7785a-c649-e9d7-104d-8f82cf08d47b" testName="ServerSearchFilter_ReturnsListSelectionFilterConfiguration_WhenGetFilterConfiguration" computerName="DKSR-EFI-06" duration="00:00:00.0009614" startTime="2024-01-09T15:42:53.7634469+01:00" endTime="2024-01-09T15:42:53.7790721+01:00" testType="13cdc9d9-ddb5-4fa4-a97d-d965ccfc6d4b" outcome="Passed" testListId="8c84fa94-04c1-424b-9868-57a2d4851a1d" relativeResultsDirectory="ee21e43c-edc8-42c5-a8ce-5612e0fb3add" />
    <UnitTestResult executionId="44b2d306-6ea0-424a-ba7a-c41ffa2a0ffb" testId="bb3a2d62-8c16-8854-2590-4f5f74c37673" testName="EventSearchDefinition_FiresSearchEventForSelectedServers_WhenSearchEvents" computerName="DKSR-EFI-06" duration="00:00:00.0315672" startTime="2024-01-09T15:42:53.5446951+01:00" endTime="2024-01-09T15:42:53.5759461+01:00" testType="13cdc9d9-ddb5-4fa4-a97d-d965ccfc6d4b" outcome="Passed" testListId="8c84fa94-04c1-424b-9868-57a2d4851a1d" relativeResultsDirectory="44b2d306-6ea0-424a-ba7a-c41ffa2a0ffb" />
    <UnitTestResult executionId="b54baed6-2bb2-44b3-ac81-cf23d72d267f" testId="360747ea-6cc8-a2c2-a079-d018cde29375" testName="PrioritySearchFilter_ThrowsArgumentException_WhenResetValueParameterIsNotSelectionFilterValue" computerName="DKSR-EFI-06" duration="00:00:00.0003901" startTime="2024-01-09T15:42:53.7634469+01:00" endTime="2024-01-09T15:42:53.7634469+01:00" testType="13cdc9d9-ddb5-4fa4-a97d-d965ccfc6d4b" outcome="Passed" testListId="8c84fa94-04c1-424b-9868-57a2d4851a1d" relativeResultsDirectory="b54baed6-2bb2-44b3-ac81-cf23d72d267f" />
    <UnitTestResult executionId="d496e698-2730-49cb-a492-273067423e44" testId="54d38c8e-b60c-f43f-e134-f56274dcd3fc" testName="PrioritySearchFilter_ReturnsListSelectionFilterConfiguration_WhenGetFilterConfiguration" computerName="DKSR-EFI-06" duration="00:00:00.0013660" startTime="2024-01-09T15:42:53.7634469+01:00" endTime="2024-01-09T15:42:53.7634469+01:00" testType="13cdc9d9-ddb5-4fa4-a97d-d965ccfc6d4b" outcome="Passed" testListId="8c84fa94-04c1-424b-9868-57a2d4851a1d" relativeResultsDirectory="d496e698-2730-49cb-a492-273067423e44" />
    <UnitTestResult executionId="b58514b1-eb03-433a-93d9-e73a54ffd337" testId="321f0be5-34d2-550e-dd65-affe7d46dfe7" testName="IDSearchFilter_ClearsFilterValueParameterText_WhenResetValue" computerName="DKSR-EFI-06" duration="00:00:00.0002693" startTime="2024-01-09T15:42:53.7321973+01:00" endTime="2024-01-09T15:42:53.7321973+01:00" testType="13cdc9d9-ddb5-4fa4-a97d-d965ccfc6d4b" outcome="Passed" testListId="8c84fa94-04c1-424b-9868-57a2d4851a1d" relativeResultsDirectory="b58514b1-eb03-433a-93d9-e73a54ffd337" />
    <UnitTestResult executionId="621e66e6-55ad-4f16-8e48-5e69127b1397" testId="44719390-b083-0f55-45b0-79dd87bd3e09" testName="AlarmsSearchDefinition_ThrowsException_WhenSelectedServersProviderThrowsException" computerName="DKSR-EFI-06" duration="00:00:00.0038493" startTime="2024-01-09T15:42:53.0134436+01:00" endTime="2024-01-09T15:42:53.0134436+01:00" testType="13cdc9d9-ddb5-4fa4-a97d-d965ccfc6d4b" outcome="Passed" testListId="8c84fa94-04c1-424b-9868-57a2d4851a1d" relativeResultsDirectory="621e66e6-55ad-4f16-8e48-5e69127b1397" />
    <UnitTestResult executionId="a90e15cb-e3f3-4c42-a4df-bd77851e59c6" testId="62f2202e-d6a7-729f-de92-acd6ced670f3" testName="AlarmsSearchDefinition_ThrowsTaskCanceledException_WhenBeforeFetchingData" computerName="DKSR-EFI-06" duration="00:00:00.0110214" startTime="2024-01-09T15:42:52.8884415+01:00" endTime="2024-01-09T15:42:52.9040688+01:00" testType="13cdc9d9-ddb5-4fa4-a97d-d965ccfc6d4b" outcome="Passed" testListId="8c84fa94-04c1-424b-9868-57a2d4851a1d" relativeResultsDirectory="a90e15cb-e3f3-4c42-a4df-bd77851e59c6" />
    <UnitTestResult executionId="190ebf31-9840-41a0-996a-3547408db1fa" testId="0001e470-e273-8380-7355-9c6b3a7feb0b" testName="AlarmSearchAgentPlugin_HasNonNullCategoryName_WhenInit" computerName="DKSR-EFI-06" duration="00:00:00.0007022" startTime="2024-01-09T15:42:53.6853187+01:00" endTime="2024-01-09T15:42:53.6853187+01:00" testType="13cdc9d9-ddb5-4fa4-a97d-d965ccfc6d4b" outcome="Passed" testListId="8c84fa94-04c1-424b-9868-57a2d4851a1d" relativeResultsDirectory="190ebf31-9840-41a0-996a-3547408db1fa" />
    <UnitTestResult executionId="59bd74c8-f11e-4943-8ee2-e503b4aab6c2" testId="9721ddc0-420d-6394-df05-35329ae27b53" testName="EventFilterFactory_ReturnsCorrectConditionForFilterType_WhenGetFilterCondition (Id,LocalId)" computerName="DKSR-EFI-06" duration="00:00:00.0050208" startTime="2024-01-09T15:42:53.0290688+01:00" endTime="2024-01-09T15:42:53.2321945+01:00" testType="13cdc9d9-ddb5-4fa4-a97d-d965ccfc6d4b" outcome="Passed" testListId="8c84fa94-04c1-424b-9868-57a2d4851a1d" relativeResultsDirectory="59bd74c8-f11e-4943-8ee2-e503b4aab6c2" />
    <UnitTestResult executionId="665f924f-4a91-4005-a4b0-24131bbb6577" testId="567257e7-77d4-55bc-587f-9ab8eb276b1f" testName="ServerSearchFilter_ClearsFilterValueParameter_WhenResetValue" computerName="DKSR-EFI-06" duration="00:00:00.0100736" startTime="2024-01-09T15:42:53.6228200+01:00" endTime="2024-01-09T15:42:53.6384467+01:00" testType="13cdc9d9-ddb5-4fa4-a97d-d965ccfc6d4b" outcome="Passed" testListId="8c84fa94-04c1-424b-9868-57a2d4851a1d" relativeResultsDirectory="665f924f-4a91-4005-a4b0-24131bbb6577" />
    <UnitTestResult executionId="88db17b3-be7c-4821-8bc5-8d1e9179cc51" testId="84e0f2e6-a01e-3d83-2111-8edda418f7a0" testName="MessageSearchFilter_ThrowsArgumentException_WhenResetValueWithNotASelectionFilterValue" computerName="DKSR-EFI-06" duration="00:00:00.0003486" startTime="2024-01-09T15:42:53.7478213+01:00" endTime="2024-01-09T15:42:53.7478213+01:00" testType="13cdc9d9-ddb5-4fa4-a97d-d965ccfc6d4b" outcome="Passed" testListId="8c84fa94-04c1-424b-9868-57a2d4851a1d" relativeResultsDirectory="88db17b3-be7c-4821-8bc5-8d1e9179cc51" />
    <UnitTestResult executionId="022041d1-118b-482e-ba31-1ebbf2da6707" testId="0aa8e330-23a8-a9d4-9b16-07a4212c6ae9" testName="SourceSearchFilter_ClearsFilterValueParameter_WhenResetValue" computerName="DKSR-EFI-06" duration="00:00:00.0002073" startTime="2024-01-09T15:42:53.7946977+01:00" endTime="2024-01-09T15:42:53.7946977+01:00" testType="13cdc9d9-ddb5-4fa4-a97d-d965ccfc6d4b" outcome="Passed" testListId="8c84fa94-04c1-424b-9868-57a2d4851a1d" relativeResultsDirectory="022041d1-118b-482e-ba31-1ebbf2da6707" />
    <UnitTestResult executionId="5d615ffc-62a3-434b-b1aa-51b54b07817a" testId="17f42eb2-e86d-9df8-8d70-815d7401b864" testName="SourceSearchFilter_ClearsFilterValueParameter_WhenResetValue" computerName="DKSR-EFI-06" duration="00:00:00.0002522" startTime="2024-01-09T15:42:53.6540709+01:00" endTime="2024-01-09T15:42:53.6540709+01:00" testType="13cdc9d9-ddb5-4fa4-a97d-d965ccfc6d4b" outcome="Passed" testListId="8c84fa94-04c1-424b-9868-57a2d4851a1d" relativeResultsDirectory="5d615ffc-62a3-434b-b1aa-51b54b07817a" />
    <UnitTestResult executionId="adfaa736-611b-48c7-8b6f-b926eb379d82" testId="fd2efd7b-c50c-5451-8f44-9b01a3c0fb4c" testName="EventSearchAgentPlugin_HasNonNullSearchFilterCategoryIcon_WhenInit" computerName="DKSR-EFI-06" duration="00:00:00.0006759" startTime="2024-01-09T15:42:53.4665718+01:00" endTime="2024-01-09T15:42:53.4665718+01:00" testType="13cdc9d9-ddb5-4fa4-a97d-d965ccfc6d4b" outcome="Passed" testListId="8c84fa94-04c1-424b-9868-57a2d4851a1d" relativeResultsDirectory="adfaa736-611b-48c7-8b6f-b926eb379d82" />
    <UnitTestResult executionId="e66e06dc-671c-45a4-939e-2a415f02826a" testId="87ad36f6-a362-a112-57de-48572c4fa611" testName="EventSearchAgentPlugin_NotThrowsException_WhenCloseButInitNotCalled" computerName="DKSR-EFI-06" duration="00:00:00.0003233" startTime="2024-01-09T15:42:53.4665718+01:00" endTime="2024-01-09T15:42:53.4665718+01:00" testType="13cdc9d9-ddb5-4fa4-a97d-d965ccfc6d4b" outcome="Passed" testListId="8c84fa94-04c1-424b-9868-57a2d4851a1d" relativeResultsDirectory="e66e06dc-671c-45a4-939e-2a415f02826a" />
    <UnitTestResult executionId="ae68a9e2-6080-416c-a2f8-49b65212acaa" testId="4656f880-e4c3-5c27-0dab-3161c48b5212" testName="AlarmsSearchDefinition_ThrowsArgumentNullException_WhenSearchResultDataCreatorIsNull" computerName="DKSR-EFI-06" duration="00:00:00.0027188" startTime="2024-01-09T15:42:52.8415657+01:00" endTime="2024-01-09T15:42:52.8415657+01:00" testType="13cdc9d9-ddb5-4fa4-a97d-d965ccfc6d4b" outcome="Passed" testListId="8c84fa94-04c1-424b-9868-57a2d4851a1d" relativeResultsDirectory="ae68a9e2-6080-416c-a2f8-49b65212acaa" />
    <UnitTestResult executionId="c362d023-d64b-4295-b6a7-476a99d12b8f" testId="60edf5ed-2d85-10f5-c84a-ed1da7fea928" testName="EventFilterFactory_ThrowsInvalidEnumArgumentException_WhenGetFilterConditionForInvalidFilterType" computerName="DKSR-EFI-06" duration="00:00:00.0007854" startTime="2024-01-09T15:42:53.2478196+01:00" endTime="2024-01-09T15:42:53.2478196+01:00" testType="13cdc9d9-ddb5-4fa4-a97d-d965ccfc6d4b" outcome="Passed" testListId="8c84fa94-04c1-424b-9868-57a2d4851a1d" relativeResultsDirectory="c362d023-d64b-4295-b6a7-476a99d12b8f" />
    <UnitTestResult executionId="a7d57ddc-3c22-41a7-850e-2e02de85bc4a" testId="c63873c1-ea10-6411-d11a-f72c17c13514" testName="EventFilterFactory_ThrowsArgumentNullException_WhenGetFilterConditionForEmptyValue (Source)" computerName="DKSR-EFI-06" duration="00:00:00.0004282" startTime="2024-01-09T15:42:53.2634443+01:00" endTime="2024-01-09T15:42:53.2634443+01:00" testType="13cdc9d9-ddb5-4fa4-a97d-d965ccfc6d4b" outcome="Passed" testListId="8c84fa94-04c1-424b-9868-57a2d4851a1d" relativeResultsDirectory="a7d57ddc-3c22-41a7-850e-2e02de85bc4a" />
    <UnitTestResult executionId="dd80fa04-af90-438a-8edc-e08fb42bdfc4" testId="bc724fc2-0801-b974-f04a-e5767001c948" testName="EventFilterFactory_ThrowsArgumentNullException_WhenGetFilterConditionForEmptyValue (To)" computerName="DKSR-EFI-06" duration="00:00:00.0004463" startTime="2024-01-09T15:42:53.2634443+01:00" endTime="2024-01-09T15:42:53.2634443+01:00" testType="13cdc9d9-ddb5-4fa4-a97d-d965ccfc6d4b" outcome="Passed" testListId="8c84fa94-04c1-424b-9868-57a2d4851a1d" relativeResultsDirectory="dd80fa04-af90-438a-8edc-e08fb42bdfc4" />
    <UnitTestResult executionId="8895f55a-b248-41c4-93ce-fda5e8b4ef1b" testId="490c607d-8980-2611-404f-fadd7a87fa48" testName="AlarmSearchAgentPlugin_HasCorrectId_WhenInit" computerName="DKSR-EFI-06" duration="00:00:00.0008587" startTime="2024-01-09T15:42:53.6853187+01:00" endTime="2024-01-09T15:42:53.6853187+01:00" testType="13cdc9d9-ddb5-4fa4-a97d-d965ccfc6d4b" outcome="Passed" testListId="8c84fa94-04c1-424b-9868-57a2d4851a1d" relativeResultsDirectory="8895f55a-b248-41c4-93ce-fda5e8b4ef1b" />
    <UnitTestResult executionId="cb66c926-225a-4438-99c9-d07e6738fbc7" testId="65621a70-faa0-fe36-3e29-e0e99631584d" testName="ServerSearchFilter_ReturnsInitialAlarmServersGuids_WhenGetFilterConfigurationWithAlarmServersPassedByParameter" computerName="DKSR-EFI-06" duration="00:00:00.0008457" startTime="2024-01-09T15:42:53.7790721+01:00" endTime="2024-01-09T15:42:53.7790721+01:00" testType="13cdc9d9-ddb5-4fa4-a97d-d965ccfc6d4b" outcome="Passed" testListId="8c84fa94-04c1-424b-9868-57a2d4851a1d" relativeResultsDirectory="cb66c926-225a-4438-99c9-d07e6738fbc7" />
    <UnitTestResult executionId="4890b6a2-98a4-4a9f-ad99-fdbf70d1cdf1" testId="edcef4d4-e39f-586e-b08e-1bbc630da956" testName="AlarmSearchAgentPlugin_NotThrowsException_WhenCloseAfterNoInit" computerName="DKSR-EFI-06" duration="00:00:00.0007262" startTime="2024-01-09T15:42:53.7009493+01:00" endTime="2024-01-09T15:42:53.7009493+01:00" testType="13cdc9d9-ddb5-4fa4-a97d-d965ccfc6d4b" outcome="Passed" testListId="8c84fa94-04c1-424b-9868-57a2d4851a1d" relativeResultsDirectory="4890b6a2-98a4-4a9f-ad99-fdbf70d1cdf1" />
    <UnitTestResult executionId="a481fb1d-a5fc-4ba0-8131-3256f13eb0d7" testId="03d0b22b-5019-8a7f-2c6f-f4f8ea07fe27" testName="AlarmsSearchDefinition_ThrowsArgumentNullException_WhenAlarmProviderIsNull" computerName="DKSR-EFI-06" duration="00:00:00.0133371" startTime="2024-01-09T15:42:52.8259433+01:00" endTime="2024-01-09T15:42:52.8415657+01:00" testType="13cdc9d9-ddb5-4fa4-a97d-d965ccfc6d4b" outcome="Passed" testListId="8c84fa94-04c1-424b-9868-57a2d4851a1d" relativeResultsDirectory="a481fb1d-a5fc-4ba0-8131-3256f13eb0d7" />
    <UnitTestResult executionId="5302be85-434f-4734-a899-8fd0b2ffdf0c" testId="2598e6bb-99ed-a7ae-de2f-723d7fed1a1a" testName="EventSearchDefinition_ThrowsArgumentNulLException_WhenDependencyMissingInConstructor" computerName="DKSR-EFI-06" duration="00:00:00.0013821" startTime="2024-01-09T15:42:53.5446951+01:00" endTime="2024-01-09T15:42:53.5446951+01:00" testType="13cdc9d9-ddb5-4fa4-a97d-d965ccfc6d4b" outcome="Passed" testListId="8c84fa94-04c1-424b-9868-57a2d4851a1d" relativeResultsDirectory="5302be85-434f-4734-a899-8fd0b2ffdf0c" />
    <UnitTestResult executionId="8d466bff-e110-418a-944e-49e178a7863f" testId="9e9d3e20-8bbe-7266-c841-e5dcc466ad9f" testName="EventSearchAgentPlugin_HasNonNullSearchFilterCategoryName_WhenInit" computerName="DKSR-EFI-06" duration="00:00:00.0004298" startTime="2024-01-09T15:42:53.4665718+01:00" endTime="2024-01-09T15:42:53.4665718+01:00" testType="13cdc9d9-ddb5-4fa4-a97d-d965ccfc6d4b" outcome="Passed" testListId="8c84fa94-04c1-424b-9868-57a2d4851a1d" relativeResultsDirectory="8d466bff-e110-418a-944e-49e178a7863f" />
    <UnitTestResult executionId="e842c952-7af4-4e27-bc3b-ecbd8287d67f" testId="d2d94907-0eb5-d1cc-8d22-898b37289664" testName="ServerSearchFilter_ThrowsArgumentException_WhenResetValueParameterIsNotSelectionFilterValue" computerName="DKSR-EFI-06" duration="00:00:00.0029550" startTime="2024-01-09T15:42:53.6228200+01:00" endTime="2024-01-09T15:42:53.6228200+01:00" testType="13cdc9d9-ddb5-4fa4-a97d-d965ccfc6d4b" outcome="Passed" testListId="8c84fa94-04c1-424b-9868-57a2d4851a1d" relativeResultsDirectory="e842c952-7af4-4e27-bc3b-ecbd8287d67f" />
  </Results>
  <TestDefinitions>
    <UnitTest name="ServerSearchFilter_ReturnsInitialEventServerGuids_WhenGetFilterConfiguration" storage="d:\actions-runner\_work\xpco\xpco\eventserver\alarmplugin\components\central\videoos.searchagents.unittest\bin\debug\net472\videoos.searchagents.unittest.dll" id="5a02515e-5e1f-5419-3165-c75a20ec5489">
      <TestCategory>
        <TestCategoryItem TestCategory="EventsAgent" />
      </TestCategory>
      <Execution id="1ffa4179-0395-435f-b538-ef23712836f2" />
      <TestMethod codeBase="D:\actions-runner\_work\XPCO\XPCO\EventServer\AlarmPlugin\Components\Central\VideoOS.SearchAgents.UnitTest\bin\Debug\net472\VideoOS.SearchAgents.UnitTest.dll" adapterTypeName="executor://mstestadapter/v2" className="VideoOS.SearchAgents.UnitTest.EventsAgent.SearchFilters.ServerSearchFilterTest" name="ServerSearchFilter_ReturnsInitialEventServerGuids_WhenGetFilterConfiguration" />
    </UnitTest>
    <UnitTest name="IdSearchFilter_ClearsFilterValueParameter_WhenResetValue" storage="d:\actions-runner\_work\xpco\xpco\eventserver\alarmplugin\components\central\videoos.searchagents.unittest\bin\debug\net472\videoos.searchagents.unittest.dll" id="87fcbe60-f8ea-d2bb-1b6d-5c0397f1a457">
      <TestCategory>
        <TestCategoryItem TestCategory="EventsAgent" />
      </TestCategory>
      <Execution id="2f672572-aed6-489b-b3e7-300a89000905" />
      <TestMethod codeBase="D:\actions-runner\_work\XPCO\XPCO\EventServer\AlarmPlugin\Components\Central\VideoOS.SearchAgents.UnitTest\bin\Debug\net472\VideoOS.SearchAgents.UnitTest.dll" adapterTypeName="executor://mstestadapter/v2" className="VideoOS.SearchAgents.UnitTest.EventsAgent.SearchFilters.IdSearchFilterTest" name="IdSearchFilter_ClearsFilterValueParameter_WhenResetValue" />
    </UnitTest>
    <UnitTest name="AlarmsSearchDefinition_ThrowsTaskCanceledException_WhenBeforeFetchingData" storage="d:\actions-runner\_work\xpco\xpco\eventserver\alarmplugin\components\central\videoos.searchagents.unittest\bin\debug\net472\videoos.searchagents.unittest.dll" id="62f2202e-d6a7-729f-de92-acd6ced670f3">
      <TestCategory>
        <TestCategoryItem TestCategory="AlarmsAgent" />
      </TestCategory>
      <Execution id="a90e15cb-e3f3-4c42-a4df-bd77851e59c6" />
      <TestMethod codeBase="D:\actions-runner\_work\XPCO\XPCO\EventServer\AlarmPlugin\Components\Central\VideoOS.SearchAgents.UnitTest\bin\Debug\net472\VideoOS.SearchAgents.UnitTest.dll" adapterTypeName="executor://mstestadapter/v2" className="VideoOS.SearchAgent.UnitTest.AlarmsAgent.AlarmsSearchDefinitionTest" name="AlarmsSearchDefinition_ThrowsTaskCanceledException_WhenBeforeFetchingData" />
    </UnitTest>
    <UnitTest name="EventSearchAgentPlugin_HasIsServerFilterVisibleEqualToTrue_WhenThereAreMoreThanOneServer" storage="d:\actions-runner\_work\xpco\xpco\eventserver\alarmplugin\components\central\videoos.searchagents.unittest\bin\debug\net472\videoos.searchagents.unittest.dll" id="b9102926-3c73-47c6-9767-2bfb393e1682">
      <TestCategory>
        <TestCategoryItem TestCategory="EventsAgent" />
      </TestCategory>
      <Execution id="32b7f1a9-5694-4d0d-bdfb-fdae2cfc9b32" />
      <TestMethod codeBase="D:\actions-runner\_work\XPCO\XPCO\EventServer\AlarmPlugin\Components\Central\VideoOS.SearchAgents.UnitTest\bin\Debug\net472\VideoOS.SearchAgents.UnitTest.dll" adapterTypeName="executor://mstestadapter/v2" className="VideoOS.SearchAgents.UnitTest.EventsAgent.EventSearchAgentPluginTest" name="EventSearchAgentPlugin_HasIsServerFilterVisibleEqualToTrue_WhenThereAreMoreThanOneServer" />
    </UnitTest>
    <UnitTest name="AlarmSearchAgentPlugin_NotThrowsException_WhenCloseAfterNoInit" storage="d:\actions-runner\_work\xpco\xpco\eventserver\alarmplugin\components\central\videoos.searchagents.unittest\bin\debug\net472\videoos.searchagents.unittest.dll" id="edcef4d4-e39f-586e-b08e-1bbc630da956">
      <TestCategory>
        <TestCategoryItem TestCategory="AlarmsAgent" />
      </TestCategory>
      <Execution id="4890b6a2-98a4-4a9f-ad99-fdbf70d1cdf1" />
      <TestMethod codeBase="D:\actions-runner\_work\XPCO\XPCO\EventServer\AlarmPlugin\Components\Central\VideoOS.SearchAgents.UnitTest\bin\Debug\net472\VideoOS.SearchAgents.UnitTest.dll" adapterTypeName="executor://mstestadapter/v2" className="VideoOS.SearchAgents.UnitTest.AlarmsAgent.AlarmSearchAgentPluginTest" name="AlarmSearchAgentPlugin_NotThrowsException_WhenCloseAfterNoInit" />
    </UnitTest>
    <UnitTest name="IdSearchFilter_ReturnsTextBoxFilterConfiguration_WhenGetFilterConfiguration" storage="d:\actions-runner\_work\xpco\xpco\eventserver\alarmplugin\components\central\videoos.searchagents.unittest\bin\debug\net472\videoos.searchagents.unittest.dll" id="b879d925-b069-eca7-9027-877d27818981">
      <TestCategory>
        <TestCategoryItem TestCategory="EventsAgent" />
      </TestCategory>
      <Execution id="c31ed414-18a9-4884-81a7-9ca9377dcb17" />
      <TestMethod codeBase="D:\actions-runner\_work\XPCO\XPCO\EventServer\AlarmPlugin\Components\Central\VideoOS.SearchAgents.UnitTest\bin\Debug\net472\VideoOS.SearchAgents.UnitTest.dll" adapterTypeName="executor://mstestadapter/v2" className="VideoOS.SearchAgents.UnitTest.EventsAgent.SearchFilters.IdSearchFilterTest" name="IdSearchFilter_ReturnsTextBoxFilterConfiguration_WhenGetFilterConfiguration" />
    </UnitTest>
    <UnitTest name="EventSearchAgentPlugin_HasIsServerFilterVisibleEqualToFalse_WhenThereIsOneServer" storage="d:\actions-runner\_work\xpco\xpco\eventserver\alarmplugin\components\central\videoos.searchagents.unittest\bin\debug\net472\videoos.searchagents.unittest.dll" id="62a359c2-8f3e-697d-be79-7cf0858e1e9f">
      <TestCategory>
        <TestCategoryItem TestCategory="EventsAgent" />
      </TestCategory>
      <Execution id="2a4f561f-8a01-4a02-abad-94612c8dfd9f" />
      <TestMethod codeBase="D:\actions-runner\_work\XPCO\XPCO\EventServer\AlarmPlugin\Components\Central\VideoOS.SearchAgents.UnitTest\bin\Debug\net472\VideoOS.SearchAgents.UnitTest.dll" adapterTypeName="executor://mstestadapter/v2" className="VideoOS.SearchAgents.UnitTest.EventsAgent.EventSearchAgentPluginTest" name="EventSearchAgentPlugin_HasIsServerFilterVisibleEqualToFalse_WhenThereIsOneServer" />
    </UnitTest>
    <UnitTest name="IdSearchFilter_ThrowsArgumentException_WhenResetValueParameterIsNotSelectionFilterValue" storage="d:\actions-runner\_work\xpco\xpco\eventserver\alarmplugin\components\central\videoos.searchagents.unittest\bin\debug\net472\videoos.searchagents.unittest.dll" id="2ea9f846-b793-8735-fefc-2eca615f80ca">
      <TestCategory>
        <TestCategoryItem TestCategory="EventsAgent" />
      </TestCategory>
      <Execution id="b1204385-7cf4-49d5-a6c8-f7cfda8b07d2" />
      <TestMethod codeBase="D:\actions-runner\_work\XPCO\XPCO\EventServer\AlarmPlugin\Components\Central\VideoOS.SearchAgents.UnitTest\bin\Debug\net472\VideoOS.SearchAgents.UnitTest.dll" adapterTypeName="executor://mstestadapter/v2" className="VideoOS.SearchAgents.UnitTest.EventsAgent.SearchFilters.IdSearchFilterTest" name="IdSearchFilter_ThrowsArgumentException_WhenResetValueParameterIsNotSelectionFilterValue" />
    </UnitTest>
    <UnitTest name="EventSearchAgentPlugin_HasCorrectName_WhenInit" storage="d:\actions-runner\_work\xpco\xpco\eventserver\alarmplugin\components\central\videoos.searchagents.unittest\bin\debug\net472\videoos.searchagents.unittest.dll" id="88388198-618e-aadb-e30b-ce73812e495f">
      <TestCategory>
        <TestCategoryItem TestCategory="EventsAgent" />
      </TestCategory>
      <Execution id="987036e8-646c-4a38-8a23-08524e97f88e" />
      <TestMethod codeBase="D:\actions-runner\_work\XPCO\XPCO\EventServer\AlarmPlugin\Components\Central\VideoOS.SearchAgents.UnitTest\bin\Debug\net472\VideoOS.SearchAgents.UnitTest.dll" adapterTypeName="executor://mstestadapter/v2" className="VideoOS.SearchAgents.UnitTest.EventsAgent.EventSearchAgentPluginTest" name="EventSearchAgentPlugin_HasCorrectName_WhenInit" />
    </UnitTest>
    <UnitTest name="AlarmSearchAgentPlugin_HasServerFilterVisibleFalse_WhenThereIsOneServer" storage="d:\actions-runner\_work\xpco\xpco\eventserver\alarmplugin\components\central\videoos.searchagents.unittest\bin\debug\net472\videoos.searchagents.unittest.dll" id="b14d93ff-a746-3aa3-90d0-684924f94666">
      <TestCategory>
        <TestCategoryItem TestCategory="AlarmsAgent" />
      </TestCategory>
      <Execution id="2ea59eb8-6648-4558-a46d-3762e3dd2763" />
      <TestMethod codeBase="D:\actions-runner\_work\XPCO\XPCO\EventServer\AlarmPlugin\Components\Central\VideoOS.SearchAgents.UnitTest\bin\Debug\net472\VideoOS.SearchAgents.UnitTest.dll" adapterTypeName="executor://mstestadapter/v2" className="VideoOS.SearchAgents.UnitTest.AlarmsAgent.AlarmSearchAgentPluginTest" name="AlarmSearchAgentPlugin_HasServerFilterVisibleFalse_WhenThereIsOneServer" />
    </UnitTest>
    <UnitTest name="SourceSearchFilter_ClearsFilterValueParameter_WhenResetValue" storage="d:\actions-runner\_work\xpco\xpco\eventserver\alarmplugin\components\central\videoos.searchagents.unittest\bin\debug\net472\videoos.searchagents.unittest.dll" id="0aa8e330-23a8-a9d4-9b16-07a4212c6ae9">
      <TestCategory>
        <TestCategoryItem TestCategory="AlarmsAgent" />
      </TestCategory>
      <Execution id="022041d1-118b-482e-ba31-1ebbf2da6707" />
      <TestMethod codeBase="D:\actions-runner\_work\XPCO\XPCO\EventServer\AlarmPlugin\Components\Central\VideoOS.SearchAgents.UnitTest\bin\Debug\net472\VideoOS.SearchAgents.UnitTest.dll" adapterTypeName="executor://mstestadapter/v2" className="VideoOS.SearchAgents.UnitTest.AlarmsAgent.SearchFilters.SourceSearchFilterTest" name="SourceSearchFilter_ClearsFilterValueParameter_WhenResetValue" />
    </UnitTest>
    <UnitTest name="EventSearchDefinition_ThrowsArgumentNullException_WhenNullSearchScopeInConstructor" storage="d:\actions-runner\_work\xpco\xpco\eventserver\alarmplugin\components\central\videoos.searchagents.unittest\bin\debug\net472\videoos.searchagents.unittest.dll" id="f549b9fe-2f2f-5041-ba25-d7735ee209a5">
      <TestCategory>
        <TestCategoryItem TestCategory="EventAgent" />
      </TestCategory>
      <Execution id="bdf4c105-4068-4230-b9c3-4e064e298e34" />
      <TestMethod codeBase="D:\actions-runner\_work\XPCO\XPCO\EventServer\AlarmPlugin\Components\Central\VideoOS.SearchAgents.UnitTest\bin\Debug\net472\VideoOS.SearchAgents.UnitTest.dll" adapterTypeName="executor://mstestadapter/v2" className="VideoOS.SearchAgents.UnitTest.EventsAgent.EventSearchDefinitionTest" name="EventSearchDefinition_ThrowsArgumentNullException_WhenNullSearchScopeInConstructor" />
    </UnitTest>
    <UnitTest name="EventFilterFactory_ReturnsCorrectConditionForFilterType_WhenGetFilterCondition (Id,LocalId)" storage="d:\actions-runner\_work\xpco\xpco\eventserver\alarmplugin\components\central\videoos.searchagents.unittest\bin\debug\net472\videoos.searchagents.unittest.dll" id="9721ddc0-420d-6394-df05-35329ae27b53">
      <Execution id="59bd74c8-f11e-4943-8ee2-e503b4aab6c2" />
      <TestMethod codeBase="D:\actions-runner\_work\XPCO\XPCO\EventServer\AlarmPlugin\Components\Central\VideoOS.SearchAgents.UnitTest\bin\Debug\net472\VideoOS.SearchAgents.UnitTest.dll" adapterTypeName="executor://mstestadapter/v2" className="VideoOS.SearchAgents.UnitTest.EventsAgent.EventFilterFactoryTest" name="EventFilterFactory_ReturnsCorrectConditionForFilterType_WhenGetFilterCondition" />
    </UnitTest>
    <UnitTest name="EventSearchAgentPlugin_NotThrowsException_WhenCloseButInitNotCalled" storage="d:\actions-runner\_work\xpco\xpco\eventserver\alarmplugin\components\central\videoos.searchagents.unittest\bin\debug\net472\videoos.searchagents.unittest.dll" id="87ad36f6-a362-a112-57de-48572c4fa611">
      <TestCategory>
        <TestCategoryItem TestCategory="EventsAgent" />
      </TestCategory>
      <Execution id="e66e06dc-671c-45a4-939e-2a415f02826a" />
      <TestMethod codeBase="D:\actions-runner\_work\XPCO\XPCO\EventServer\AlarmPlugin\Components\Central\VideoOS.SearchAgents.UnitTest\bin\Debug\net472\VideoOS.SearchAgents.UnitTest.dll" adapterTypeName="executor://mstestadapter/v2" className="VideoOS.SearchAgents.UnitTest.EventsAgent.EventSearchAgentPluginTest" name="EventSearchAgentPlugin_NotThrowsException_WhenCloseButInitNotCalled" />
    </UnitTest>
    <UnitTest name="EventSearchAgentPlugin_ReturnsEventSearchDefinition_WhenCreateTestDefinition" storage="d:\actions-runner\_work\xpco\xpco\eventserver\alarmplugin\components\central\videoos.searchagents.unittest\bin\debug\net472\videoos.searchagents.unittest.dll" id="836c0df6-6555-5657-f8a6-b7df90c0be8c">
      <TestCategory>
        <TestCategoryItem TestCategory="EventsAgent" />
      </TestCategory>
      <Execution id="cc9cfcc7-7691-430b-a13c-1956a1c40fdb" />
      <TestMethod codeBase="D:\actions-runner\_work\XPCO\XPCO\EventServer\AlarmPlugin\Components\Central\VideoOS.SearchAgents.UnitTest\bin\Debug\net472\VideoOS.SearchAgents.UnitTest.dll" adapterTypeName="executor://mstestadapter/v2" className="VideoOS.SearchAgents.UnitTest.EventsAgent.EventSearchAgentPluginTest" name="EventSearchAgentPlugin_ReturnsEventSearchDefinition_WhenCreateTestDefinition" />
    </UnitTest>
    <UnitTest name="IDSearchFilter_ReturnsFilterConfigurationEqualToTextBoxFilterConfiguration_WhenGetFilterConfiguration" storage="d:\actions-runner\_work\xpco\xpco\eventserver\alarmplugin\components\central\videoos.searchagents.unittest\bin\debug\net472\videoos.searchagents.unittest.dll" id="c060355d-f211-9e27-6ed3-e8053492b3b7">
      <TestCategory>
        <TestCategoryItem TestCategory="AlarmsAgent" />
      </TestCategory>
      <Execution id="be19d786-9867-49d0-9ac1-5f7004474b0e" />
      <TestMethod codeBase="D:\actions-runner\_work\XPCO\XPCO\EventServer\AlarmPlugin\Components\Central\VideoOS.SearchAgents.UnitTest\bin\Debug\net472\VideoOS.SearchAgents.UnitTest.dll" adapterTypeName="executor://mstestadapter/v2" className="VideoOS.SearchAgents.UnitTest.AlarmsAgent.SearchFilters.IDSearchFilterTest" name="IDSearchFilter_ReturnsFilterConfigurationEqualToTextBoxFilterConfiguration_WhenGetFilterConfiguration" />
    </UnitTest>
    <UnitTest name="EventSearchAgentPlugin_HasCorrectId_WhenInit" storage="d:\actions-runner\_work\xpco\xpco\eventserver\alarmplugin\components\central\videoos.searchagents.unittest\bin\debug\net472\videoos.searchagents.unittest.dll" id="00f89f07-adec-c656-0e84-13762b2810de">
      <TestCategory>
        <TestCategoryItem TestCategory="EventsAgent" />
      </TestCategory>
      <Execution id="b4dcdc3d-3478-46d6-ab4d-504db67dadbe" />
      <TestMethod codeBase="D:\actions-runner\_work\XPCO\XPCO\EventServer\AlarmPlugin\Components\Central\VideoOS.SearchAgents.UnitTest\bin\Debug\net472\VideoOS.SearchAgents.UnitTest.dll" adapterTypeName="executor://mstestadapter/v2" className="VideoOS.SearchAgents.UnitTest.EventsAgent.EventSearchAgentPluginTest" name="EventSearchAgentPlugin_HasCorrectId_WhenInit" />
    </UnitTest>
    <UnitTest name="MessageSearchFilter_ThrowsArgumentException_WhenResetValueWithNotASelectionFilterValue" storage="d:\actions-runner\_work\xpco\xpco\eventserver\alarmplugin\components\central\videoos.searchagents.unittest\bin\debug\net472\videoos.searchagents.unittest.dll" id="84e0f2e6-a01e-3d83-2111-8edda418f7a0">
      <TestCategory>
        <TestCategoryItem TestCategory="AlarmsAgent" />
      </TestCategory>
      <Execution id="88db17b3-be7c-4821-8bc5-8d1e9179cc51" />
      <TestMethod codeBase="D:\actions-runner\_work\XPCO\XPCO\EventServer\AlarmPlugin\Components\Central\VideoOS.SearchAgents.UnitTest\bin\Debug\net472\VideoOS.SearchAgents.UnitTest.dll" adapterTypeName="executor://mstestadapter/v2" className="VideoOS.SearchAgents.UnitTest.AlarmsAgent.SearchFilters.MessageSearchFilterTest" name="MessageSearchFilter_ThrowsArgumentException_WhenResetValueWithNotASelectionFilterValue" />
    </UnitTest>
    <UnitTest name="StateSearchFilter_ReturnsListSelectionFilterConfiguration_WhenGetFilterConfiguration" storage="d:\actions-runner\_work\xpco\xpco\eventserver\alarmplugin\components\central\videoos.searchagents.unittest\bin\debug\net472\videoos.searchagents.unittest.dll" id="9c1393ec-ca28-1a9a-1b84-0aa1e112e2ee">
      <TestCategory>
        <TestCategoryItem TestCategory="AlarmsAgent" />
      </TestCategory>
      <Execution id="93a1bbd6-9f56-41cb-977d-c0fc281ca7e4" />
      <TestMethod codeBase="D:\actions-runner\_work\XPCO\XPCO\EventServer\AlarmPlugin\Components\Central\VideoOS.SearchAgents.UnitTest\bin\Debug\net472\VideoOS.SearchAgents.UnitTest.dll" adapterTypeName="executor://mstestadapter/v2" className="VideoOS.SearchAgents.UnitTest.AlarmsAgent.SearchFilters.StateSearchFilterTest" name="StateSearchFilter_ReturnsListSelectionFilterConfiguration_WhenGetFilterConfiguration" />
    </UnitTest>
    <UnitTest name="SourceSearchFilter_ClearsFilterValueParameter_WhenResetValue" storage="d:\actions-runner\_work\xpco\xpco\eventserver\alarmplugin\components\central\videoos.searchagents.unittest\bin\debug\net472\videoos.searchagents.unittest.dll" id="17f42eb2-e86d-9df8-8d70-815d7401b864">
      <TestCategory>
        <TestCategoryItem TestCategory="EventsAgent" />
      </TestCategory>
      <Execution id="5d615ffc-62a3-434b-b1aa-51b54b07817a" />
      <TestMethod codeBase="D:\actions-runner\_work\XPCO\XPCO\EventServer\AlarmPlugin\Components\Central\VideoOS.SearchAgents.UnitTest\bin\Debug\net472\VideoOS.SearchAgents.UnitTest.dll" adapterTypeName="executor://mstestadapter/v2" className="VideoOS.SearchAgents.UnitTest.EventsAgent.SearchFilters.SourceSearchFilterTest" name="SourceSearchFilter_ClearsFilterValueParameter_WhenResetValue" />
    </UnitTest>
    <UnitTest name="OwnerSearchFilter_ReturnsTextBoxFilterConfiguration_WhenGetFilterConfiguration" storage="d:\actions-runner\_work\xpco\xpco\eventserver\alarmplugin\components\central\videoos.searchagents.unittest\bin\debug\net472\videoos.searchagents.unittest.dll" id="3bf26497-977c-c696-92fb-b0c844a87da9">
      <TestCategory>
        <TestCategoryItem TestCategory="AlarmsAgent" />
      </TestCategory>
      <Execution id="82a32ebf-9bc6-4945-9ba1-4b9ff45cee04" />
      <TestMethod codeBase="D:\actions-runner\_work\XPCO\XPCO\EventServer\AlarmPlugin\Components\Central\VideoOS.SearchAgents.UnitTest\bin\Debug\net472\VideoOS.SearchAgents.UnitTest.dll" adapterTypeName="executor://mstestadapter/v2" className="VideoOS.SearchAgents.UnitTest.AlarmsAgent.SearchFilters.OwnerSearchFilterTest" name="OwnerSearchFilter_ReturnsTextBoxFilterConfiguration_WhenGetFilterConfiguration" />
    </UnitTest>
    <UnitTest name="StateSearchFilter_ClearsFilterValueParameter_WhenResetValue" storage="d:\actions-runner\_work\xpco\xpco\eventserver\alarmplugin\components\central\videoos.searchagents.unittest\bin\debug\net472\videoos.searchagents.unittest.dll" id="bb868594-8f80-20dc-ad04-6fa3cf34e640">
      <TestCategory>
        <TestCategoryItem TestCategory="AlarmsAgent" />
      </TestCategory>
      <Execution id="2e42ac95-64b9-43e7-a35b-07f1d1a2558a" />
      <TestMethod codeBase="D:\actions-runner\_work\XPCO\XPCO\EventServer\AlarmPlugin\Components\Central\VideoOS.SearchAgents.UnitTest\bin\Debug\net472\VideoOS.SearchAgents.UnitTest.dll" adapterTypeName="executor://mstestadapter/v2" className="VideoOS.SearchAgents.UnitTest.AlarmsAgent.SearchFilters.StateSearchFilterTest" name="StateSearchFilter_ClearsFilterValueParameter_WhenResetValue" />
    </UnitTest>
    <UnitTest name="SourceSearchFilter_ReturnsTextBoxFilterConfiguration_WhenGetFilterConfiguration" storage="d:\actions-runner\_work\xpco\xpco\eventserver\alarmplugin\components\central\videoos.searchagents.unittest\bin\debug\net472\videoos.searchagents.unittest.dll" id="6d690cf8-e750-2ed4-0168-210f37dc5422">
      <TestCategory>
        <TestCategoryItem TestCategory="EventsAgent" />
      </TestCategory>
      <Execution id="1b48940e-4966-436d-be96-e9336c431643" />
      <TestMethod codeBase="D:\actions-runner\_work\XPCO\XPCO\EventServer\AlarmPlugin\Components\Central\VideoOS.SearchAgents.UnitTest\bin\Debug\net472\VideoOS.SearchAgents.UnitTest.dll" adapterTypeName="executor://mstestadapter/v2" className="VideoOS.SearchAgents.UnitTest.EventsAgent.SearchFilters.SourceSearchFilterTest" name="SourceSearchFilter_ReturnsTextBoxFilterConfiguration_WhenGetFilterConfiguration" />
    </UnitTest>
    <UnitTest name="ServerSearchFilter_ClearsFilterValueParameter_WhenResetValue" storage="d:\actions-runner\_work\xpco\xpco\eventserver\alarmplugin\components\central\videoos.searchagents.unittest\bin\debug\net472\videoos.searchagents.unittest.dll" id="567257e7-77d4-55bc-587f-9ab8eb276b1f">
      <TestCategory>
        <TestCategoryItem TestCategory="EventsAgent" />
      </TestCategory>
      <Execution id="665f924f-4a91-4005-a4b0-24131bbb6577" />
      <TestMethod codeBase="D:\actions-runner\_work\XPCO\XPCO\EventServer\AlarmPlugin\Components\Central\VideoOS.SearchAgents.UnitTest\bin\Debug\net472\VideoOS.SearchAgents.UnitTest.dll" adapterTypeName="executor://mstestadapter/v2" className="VideoOS.SearchAgents.UnitTest.EventsAgent.SearchFilters.ServerSearchFilterTest" name="ServerSearchFilter_ClearsFilterValueParameter_WhenResetValue" />
    </UnitTest>
    <UnitTest name="EventSearchDefinition_NotFiresSearchResultsReady_WhenCancelsBeforeSearchEvents" storage="d:\actions-runner\_work\xpco\xpco\eventserver\alarmplugin\components\central\videoos.searchagents.unittest\bin\debug\net472\videoos.searchagents.unittest.dll" id="64e8e84b-69b3-7acc-a956-7555360018e4">
      <TestCategory>
        <TestCategoryItem TestCategory="EventAgent" />
      </TestCategory>
      <Execution id="5ccbe389-cc16-44f7-9152-e7db5f1cb2eb" />
      <TestMethod codeBase="D:\actions-runner\_work\XPCO\XPCO\EventServer\AlarmPlugin\Components\Central\VideoOS.SearchAgents.UnitTest\bin\Debug\net472\VideoOS.SearchAgents.UnitTest.dll" adapterTypeName="executor://mstestadapter/v2" className="VideoOS.SearchAgents.UnitTest.EventsAgent.EventSearchDefinitionTest" name="EventSearchDefinition_NotFiresSearchResultsReady_WhenCancelsBeforeSearchEvents" />
    </UnitTest>
    <UnitTest name="AlarmsSearchDefinition_ThrowsException_WhenSearchResultDataCreatorThrowsException" storage="d:\actions-runner\_work\xpco\xpco\eventserver\alarmplugin\components\central\videoos.searchagents.unittest\bin\debug\net472\videoos.searchagents.unittest.dll" id="c2d0219e-f849-a413-dbd3-63a6181f7209">
      <TestCategory>
        <TestCategoryItem TestCategory="AlarmsAgent" />
      </TestCategory>
      <Execution id="647b793b-558f-4148-b747-ea0fc04be4db" />
      <TestMethod codeBase="D:\actions-runner\_work\XPCO\XPCO\EventServer\AlarmPlugin\Components\Central\VideoOS.SearchAgents.UnitTest\bin\Debug\net472\VideoOS.SearchAgents.UnitTest.dll" adapterTypeName="executor://mstestadapter/v2" className="VideoOS.SearchAgent.UnitTest.AlarmsAgent.AlarmsSearchDefinitionTest" name="AlarmsSearchDefinition_ThrowsException_WhenSearchResultDataCreatorThrowsException" />
    </UnitTest>
    <UnitTest name="AlarmsSearchDefinition_ThrowsException_WhenSelectedServersProviderThrowsException" storage="d:\actions-runner\_work\xpco\xpco\eventserver\alarmplugin\components\central\videoos.searchagents.unittest\bin\debug\net472\videoos.searchagents.unittest.dll" id="44719390-b083-0f55-45b0-79dd87bd3e09">
      <TestCategory>
        <TestCategoryItem TestCategory="AlarmsAgent" />
      </TestCategory>
      <Execution id="621e66e6-55ad-4f16-8e48-5e69127b1397" />
      <TestMethod codeBase="D:\actions-runner\_work\XPCO\XPCO\EventServer\AlarmPlugin\Components\Central\VideoOS.SearchAgents.UnitTest\bin\Debug\net472\VideoOS.SearchAgents.UnitTest.dll" adapterTypeName="executor://mstestadapter/v2" className="VideoOS.SearchAgent.UnitTest.AlarmsAgent.AlarmsSearchDefinitionTest" name="AlarmsSearchDefinition_ThrowsException_WhenSelectedServersProviderThrowsException" />
    </UnitTest>
    <UnitTest name="EventFilterFactory_ReturnsCorrectConditionForFilterType_WhenGetFilterCondition (To,Timestamp)" storage="d:\actions-runner\_work\xpco\xpco\eventserver\alarmplugin\components\central\videoos.searchagents.unittest\bin\debug\net472\videoos.searchagents.unittest.dll" id="f445a203-e53a-540c-911f-1d29544062f4">
      <Execution id="5d326310-8f02-4db9-9e5a-ce4167e02b27" />
      <TestMethod codeBase="D:\actions-runner\_work\XPCO\XPCO\EventServer\AlarmPlugin\Components\Central\VideoOS.SearchAgents.UnitTest\bin\Debug\net472\VideoOS.SearchAgents.UnitTest.dll" adapterTypeName="executor://mstestadapter/v2" className="VideoOS.SearchAgents.UnitTest.EventsAgent.EventFilterFactoryTest" name="EventFilterFactory_ReturnsCorrectConditionForFilterType_WhenGetFilterCondition" />
    </UnitTest>
    <UnitTest name="EventFilterFactory_ThrowsArgumentNullException_WhenGetFilterConditionForEmptyValue (From)" storage="d:\actions-runner\_work\xpco\xpco\eventserver\alarmplugin\components\central\videoos.searchagents.unittest\bin\debug\net472\videoos.searchagents.unittest.dll" id="3e8ca05b-4ef4-aab0-01d4-1d0a41b30df6">
      <Execution id="2e4b5cbb-2e62-44e2-b7ca-65972543c703" />
      <TestMethod codeBase="D:\actions-runner\_work\XPCO\XPCO\EventServer\AlarmPlugin\Components\Central\VideoOS.SearchAgents.UnitTest\bin\Debug\net472\VideoOS.SearchAgents.UnitTest.dll" adapterTypeName="executor://mstestadapter/v2" className="VideoOS.SearchAgents.UnitTest.EventsAgent.EventFilterFactoryTest" name="EventFilterFactory_ThrowsArgumentNullException_WhenGetFilterConditionForEmptyValue" />
    </UnitTest>
    <UnitTest name="AlarmSearchAgentPlugin_HasCorrectAgentName_WhenInit" storage="d:\actions-runner\_work\xpco\xpco\eventserver\alarmplugin\components\central\videoos.searchagents.unittest\bin\debug\net472\videoos.searchagents.unittest.dll" id="033a6bb9-6071-a1b6-f96c-3382da54d52c">
      <TestCategory>
        <TestCategoryItem TestCategory="AlarmsAgent" />
      </TestCategory>
      <Execution id="08f6db10-7750-4cb4-a9d3-c6eb6e791091" />
      <TestMethod codeBase="D:\actions-runner\_work\XPCO\XPCO\EventServer\AlarmPlugin\Components\Central\VideoOS.SearchAgents.UnitTest\bin\Debug\net472\VideoOS.SearchAgents.UnitTest.dll" adapterTypeName="executor://mstestadapter/v2" className="VideoOS.SearchAgents.UnitTest.AlarmsAgent.AlarmSearchAgentPluginTest" name="AlarmSearchAgentPlugin_HasCorrectAgentName_WhenInit" />
    </UnitTest>
    <UnitTest name="PrioritySearchFilter_ClearsFilterValueParameter_WhenResetValue" storage="d:\actions-runner\_work\xpco\xpco\eventserver\alarmplugin\components\central\videoos.searchagents.unittest\bin\debug\net472\videoos.searchagents.unittest.dll" id="104046bf-e775-df59-7f88-98caf9f820bf">
      <TestCategory>
        <TestCategoryItem TestCategory="AlarmsAgent" />
      </TestCategory>
      <Execution id="c4e5753e-f413-40b5-b935-6c3bdd6625d6" />
      <TestMethod codeBase="D:\actions-runner\_work\XPCO\XPCO\EventServer\AlarmPlugin\Components\Central\VideoOS.SearchAgents.UnitTest\bin\Debug\net472\VideoOS.SearchAgents.UnitTest.dll" adapterTypeName="executor://mstestadapter/v2" className="VideoOS.SearchAgents.UnitTest.AlarmsAgent.SearchFilters.PrioritySearchFilterTest" name="PrioritySearchFilter_ClearsFilterValueParameter_WhenResetValue" />
    </UnitTest>
    <UnitTest name="PrioritySearchFilter_ReturnsInitialPriorityGuids_WhenGetFilterConfigurationWithAlarmPrioritiesPassedByParameter" storage="d:\actions-runner\_work\xpco\xpco\eventserver\alarmplugin\components\central\videoos.searchagents.unittest\bin\debug\net472\videoos.searchagents.unittest.dll" id="04fe1d12-6020-1b04-8f8b-ccccd2db27bf">
      <TestCategory>
        <TestCategoryItem TestCategory="AlarmsAgent" />
      </TestCategory>
      <Execution id="7b873456-c763-4a13-b780-8634586dd867" />
      <TestMethod codeBase="D:\actions-runner\_work\XPCO\XPCO\EventServer\AlarmPlugin\Components\Central\VideoOS.SearchAgents.UnitTest\bin\Debug\net472\VideoOS.SearchAgents.UnitTest.dll" adapterTypeName="executor://mstestadapter/v2" className="VideoOS.SearchAgents.UnitTest.AlarmsAgent.SearchFilters.PrioritySearchFilterTest" name="PrioritySearchFilter_ReturnsInitialPriorityGuids_WhenGetFilterConfigurationWithAlarmPrioritiesPassedByParameter" />
    </UnitTest>
    <UnitTest name="ServerSearchFilter_ReturnsInitialAlarmServersGuids_WhenGetFilterConfigurationWithAlarmServersPassedByParameter" storage="d:\actions-runner\_work\xpco\xpco\eventserver\alarmplugin\components\central\videoos.searchagents.unittest\bin\debug\net472\videoos.searchagents.unittest.dll" id="65621a70-faa0-fe36-3e29-e0e99631584d">
      <TestCategory>
        <TestCategoryItem TestCategory="AlarmsAgent" />
      </TestCategory>
      <Execution id="cb66c926-225a-4438-99c9-d07e6738fbc7" />
      <TestMethod codeBase="D:\actions-runner\_work\XPCO\XPCO\EventServer\AlarmPlugin\Components\Central\VideoOS.SearchAgents.UnitTest\bin\Debug\net472\VideoOS.SearchAgents.UnitTest.dll" adapterTypeName="executor://mstestadapter/v2" className="VideoOS.SearchAgents.UnitTest.AlarmsAgent.SearchFilters.ServerSearchFilterTest" name="ServerSearchFilter_ReturnsInitialAlarmServersGuids_WhenGetFilterConfigurationWithAlarmServersPassedByParameter" />
    </UnitTest>
    <UnitTest name="AlarmSearchAgentPlugin_ReturnsAlarmSearchDefinition_WhenCreateSearchDefinition" storage="d:\actions-runner\_work\xpco\xpco\eventserver\alarmplugin\components\central\videoos.searchagents.unittest\bin\debug\net472\videoos.searchagents.unittest.dll" id="95e4dab9-5693-797d-aca3-c94b07049b60">
      <TestCategory>
        <TestCategoryItem TestCategory="AlarmsAgent" />
      </TestCategory>
      <Execution id="c4ba12ae-48b6-4c77-8e41-319720d18976" />
      <TestMethod codeBase="D:\actions-runner\_work\XPCO\XPCO\EventServer\AlarmPlugin\Components\Central\VideoOS.SearchAgents.UnitTest\bin\Debug\net472\VideoOS.SearchAgents.UnitTest.dll" adapterTypeName="executor://mstestadapter/v2" className="VideoOS.SearchAgents.UnitTest.AlarmsAgent.AlarmSearchAgentPluginTest" name="AlarmSearchAgentPlugin_ReturnsAlarmSearchDefinition_WhenCreateSearchDefinition" />
    </UnitTest>
    <UnitTest name="EventFilterFactory_ReturnsCorrectConditionForFilterType_WhenGetFilterCondition (Camera,ObjectId)" storage="d:\actions-runner\_work\xpco\xpco\eventserver\alarmplugin\components\central\videoos.searchagents.unittest\bin\debug\net472\videoos.searchagents.unittest.dll" id="9e00af2a-6e28-726b-95e7-a3def45f6eab">
      <Execution id="e1a0f3a8-88e8-4e28-a302-327bfd74bbc8" />
      <TestMethod codeBase="D:\actions-runner\_work\XPCO\XPCO\EventServer\AlarmPlugin\Components\Central\VideoOS.SearchAgents.UnitTest\bin\Debug\net472\VideoOS.SearchAgents.UnitTest.dll" adapterTypeName="executor://mstestadapter/v2" className="VideoOS.SearchAgents.UnitTest.EventsAgent.EventFilterFactoryTest" name="EventFilterFactory_ReturnsCorrectConditionForFilterType_WhenGetFilterCondition" />
    </UnitTest>
    <UnitTest name="AlarmSearchAgentPlugin_HasServerFilterVisibleTrue_WhenThereAreMultipleServers" storage="d:\actions-runner\_work\xpco\xpco\eventserver\alarmplugin\components\central\videoos.searchagents.unittest\bin\debug\net472\videoos.searchagents.unittest.dll" id="c5fd5dae-a83a-5697-ed36-8fb875098827">
      <TestCategory>
        <TestCategoryItem TestCategory="AlarmsAgent" />
      </TestCategory>
      <Execution id="8a7de13d-9779-4912-ab66-4316f9ca1311" />
      <TestMethod codeBase="D:\actions-runner\_work\XPCO\XPCO\EventServer\AlarmPlugin\Components\Central\VideoOS.SearchAgents.UnitTest\bin\Debug\net472\VideoOS.SearchAgents.UnitTest.dll" adapterTypeName="executor://mstestadapter/v2" className="VideoOS.SearchAgents.UnitTest.AlarmsAgent.AlarmSearchAgentPluginTest" name="AlarmSearchAgentPlugin_HasServerFilterVisibleTrue_WhenThereAreMultipleServers" />
    </UnitTest>
    <UnitTest name="AlarmSearchAgentPlugin_HasNonNullSearchFilterCategory_WhenInit" storage="d:\actions-runner\_work\xpco\xpco\eventserver\alarmplugin\components\central\videoos.searchagents.unittest\bin\debug\net472\videoos.searchagents.unittest.dll" id="4528dc8d-0996-9892-8508-6f7d2715c1af">
      <TestCategory>
        <TestCategoryItem TestCategory="AlarmsAgent" />
      </TestCategory>
      <Execution id="03e33057-4605-44ec-99d7-0441506d78cb" />
      <TestMethod codeBase="D:\actions-runner\_work\XPCO\XPCO\EventServer\AlarmPlugin\Components\Central\VideoOS.SearchAgents.UnitTest\bin\Debug\net472\VideoOS.SearchAgents.UnitTest.dll" adapterTypeName="executor://mstestadapter/v2" className="VideoOS.SearchAgents.UnitTest.AlarmsAgent.AlarmSearchAgentPluginTest" name="AlarmSearchAgentPlugin_HasNonNullSearchFilterCategory_WhenInit" />
    </UnitTest>
    <UnitTest name="SourceSearchFilter_ThrowsArgumentException_WhenResetValueParameterIsNotSelectionFilterValue" storage="d:\actions-runner\_work\xpco\xpco\eventserver\alarmplugin\components\central\videoos.searchagents.unittest\bin\debug\net472\videoos.searchagents.unittest.dll" id="faf6fe88-e2ab-13fe-5bdb-0dc45bfd095a">
      <TestCategory>
        <TestCategoryItem TestCategory="AlarmsAgent" />
      </TestCategory>
      <Execution id="e6cf6fc2-154f-4988-9923-fa1daae32d73" />
      <TestMethod codeBase="D:\actions-runner\_work\XPCO\XPCO\EventServer\AlarmPlugin\Components\Central\VideoOS.SearchAgents.UnitTest\bin\Debug\net472\VideoOS.SearchAgents.UnitTest.dll" adapterTypeName="executor://mstestadapter/v2" className="VideoOS.SearchAgents.UnitTest.AlarmsAgent.SearchFilters.SourceSearchFilterTest" name="SourceSearchFilter_ThrowsArgumentException_WhenResetValueParameterIsNotSelectionFilterValue" />
    </UnitTest>
    <UnitTest name="EventFilterFactory_ThrowsInvalidEnumArgumentException_WhenGetFilterConditionForInvalidFilterType" storage="d:\actions-runner\_work\xpco\xpco\eventserver\alarmplugin\components\central\videoos.searchagents.unittest\bin\debug\net472\videoos.searchagents.unittest.dll" id="60edf5ed-2d85-10f5-c84a-ed1da7fea928">
      <TestCategory>
        <TestCategoryItem TestCategory="EventAgent" />
      </TestCategory>
      <Execution id="c362d023-d64b-4295-b6a7-476a99d12b8f" />
      <TestMethod codeBase="D:\actions-runner\_work\XPCO\XPCO\EventServer\AlarmPlugin\Components\Central\VideoOS.SearchAgents.UnitTest\bin\Debug\net472\VideoOS.SearchAgents.UnitTest.dll" adapterTypeName="executor://mstestadapter/v2" className="VideoOS.SearchAgents.UnitTest.EventsAgent.EventFilterFactoryTest" name="EventFilterFactory_ThrowsInvalidEnumArgumentException_WhenGetFilterConditionForInvalidFilterType" />
    </UnitTest>
    <UnitTest name="AlarmsSearchDefinition_ThrowsArgumentNullException_WhenSearchScopeIsNull" storage="d:\actions-runner\_work\xpco\xpco\eventserver\alarmplugin\components\central\videoos.searchagents.unittest\bin\debug\net472\videoos.searchagents.unittest.dll" id="f010b549-ed99-4025-6a1e-54dad7d9ffd4">
      <TestCategory>
        <TestCategoryItem TestCategory="AlarmsAgent" />
      </TestCategory>
      <Execution id="18ba315c-4dff-4a13-9087-f7905a1a62c9" />
      <TestMethod codeBase="D:\actions-runner\_work\XPCO\XPCO\EventServer\AlarmPlugin\Components\Central\VideoOS.SearchAgents.UnitTest\bin\Debug\net472\VideoOS.SearchAgents.UnitTest.dll" adapterTypeName="executor://mstestadapter/v2" className="VideoOS.SearchAgent.UnitTest.AlarmsAgent.AlarmsSearchDefinitionTest" name="AlarmsSearchDefinition_ThrowsArgumentNullException_WhenSearchScopeIsNull" />
    </UnitTest>
    <UnitTest name="AlarmsSearchDefinition_DoesNotThrowFilterError_WhenSearchAlarmsIsCalled" storage="d:\actions-runner\_work\xpco\xpco\eventserver\alarmplugin\components\central\videoos.searchagents.unittest\bin\debug\net472\videoos.searchagents.unittest.dll" id="e8b9ebe3-9da3-af8e-9b66-63503cd9e7fe">
      <TestCategory>
        <TestCategoryItem TestCategory="AlarmsAgent" />
      </TestCategory>
      <Execution id="148b0d6e-1840-4040-97cd-4b8f86f35182" />
      <TestMethod codeBase="D:\actions-runner\_work\XPCO\XPCO\EventServer\AlarmPlugin\Components\Central\VideoOS.SearchAgents.UnitTest\bin\Debug\net472\VideoOS.SearchAgents.UnitTest.dll" adapterTypeName="executor://mstestadapter/v2" className="VideoOS.SearchAgent.UnitTest.AlarmsAgent.AlarmsSearchDefinitionTest" name="AlarmsSearchDefinition_DoesNotThrowFilterError_WhenSearchAlarmsIsCalled" />
    </UnitTest>
    <UnitTest name="EventSearchAgentPlugin_HasSameServersThanInServersSearchFilter_WhenInit" storage="d:\actions-runner\_work\xpco\xpco\eventserver\alarmplugin\components\central\videoos.searchagents.unittest\bin\debug\net472\videoos.searchagents.unittest.dll" id="bdeb26c1-ee7f-a180-0f04-59d75bc2812a">
      <TestCategory>
        <TestCategoryItem TestCategory="EventsAgent" />
      </TestCategory>
      <Execution id="1da54711-c66c-4602-8e3d-e2ddaf09e2c4" />
      <TestMethod codeBase="D:\actions-runner\_work\XPCO\XPCO\EventServer\AlarmPlugin\Components\Central\VideoOS.SearchAgents.UnitTest\bin\Debug\net472\VideoOS.SearchAgents.UnitTest.dll" adapterTypeName="executor://mstestadapter/v2" className="VideoOS.SearchAgents.UnitTest.EventsAgent.EventSearchAgentPluginTest" name="EventSearchAgentPlugin_HasSameServersThanInServersSearchFilter_WhenInit" />
    </UnitTest>
    <UnitTest name="AlarmsSearchDefinition_ThrowsException_WhenAlarmProviderThrowsException" storage="d:\actions-runner\_work\xpco\xpco\eventserver\alarmplugin\components\central\videoos.searchagents.unittest\bin\debug\net472\videoos.searchagents.unittest.dll" id="30377197-bcc4-32ab-b69c-edd1c9e4d171">
      <TestCategory>
        <TestCategoryItem TestCategory="AlarmsAgent" />
      </TestCategory>
      <Execution id="c9e4c1b1-c154-4ad6-8455-c4878b7c68dd" />
      <TestMethod codeBase="D:\actions-runner\_work\XPCO\XPCO\EventServer\AlarmPlugin\Components\Central\VideoOS.SearchAgents.UnitTest\bin\Debug\net472\VideoOS.SearchAgents.UnitTest.dll" adapterTypeName="executor://mstestadapter/v2" className="VideoOS.SearchAgent.UnitTest.AlarmsAgent.AlarmsSearchDefinitionTest" name="AlarmsSearchDefinition_ThrowsException_WhenAlarmProviderThrowsException" />
    </UnitTest>
    <UnitTest name="SourceSearchFilter_ReturnsTextBoxFilterConfiguration_WhenGetFilterConfiguration" storage="d:\actions-runner\_work\xpco\xpco\eventserver\alarmplugin\components\central\videoos.searchagents.unittest\bin\debug\net472\videoos.searchagents.unittest.dll" id="6e81c649-1d7f-3f91-824e-8c40ae5dc8d8">
      <TestCategory>
        <TestCategoryItem TestCategory="AlarmsAgent" />
      </TestCategory>
      <Execution id="3bdfadbb-3e84-464c-b114-cc8ea29bb453" />
      <TestMethod codeBase="D:\actions-runner\_work\XPCO\XPCO\EventServer\AlarmPlugin\Components\Central\VideoOS.SearchAgents.UnitTest\bin\Debug\net472\VideoOS.SearchAgents.UnitTest.dll" adapterTypeName="executor://mstestadapter/v2" className="VideoOS.SearchAgents.UnitTest.AlarmsAgent.SearchFilters.SourceSearchFilterTest" name="SourceSearchFilter_ReturnsTextBoxFilterConfiguration_WhenGetFilterConfiguration" />
    </UnitTest>
    <UnitTest name="EventSearchAgentPlugin_HasNonNullSearchFilterCategory_WhenInit" storage="d:\actions-runner\_work\xpco\xpco\eventserver\alarmplugin\components\central\videoos.searchagents.unittest\bin\debug\net472\videoos.searchagents.unittest.dll" id="66f7b497-0978-0ea2-1d3c-7ee3ddea1eff">
      <TestCategory>
        <TestCategoryItem TestCategory="EventsAgent" />
      </TestCategory>
      <Execution id="bcaa7e8e-2610-458c-b1b9-34bd218f65fa" />
      <TestMethod codeBase="D:\actions-runner\_work\XPCO\XPCO\EventServer\AlarmPlugin\Components\Central\VideoOS.SearchAgents.UnitTest\bin\Debug\net472\VideoOS.SearchAgents.UnitTest.dll" adapterTypeName="executor://mstestadapter/v2" className="VideoOS.SearchAgents.UnitTest.EventsAgent.EventSearchAgentPluginTest" name="EventSearchAgentPlugin_HasNonNullSearchFilterCategory_WhenInit" />
    </UnitTest>
    <UnitTest name="PrioritySearchFilter_ThrowsArgumentException_WhenResetValueParameterIsNotSelectionFilterValue" storage="d:\actions-runner\_work\xpco\xpco\eventserver\alarmplugin\components\central\videoos.searchagents.unittest\bin\debug\net472\videoos.searchagents.unittest.dll" id="360747ea-6cc8-a2c2-a079-d018cde29375">
      <TestCategory>
        <TestCategoryItem TestCategory="AlarmsAgent" />
      </TestCategory>
      <Execution id="b54baed6-2bb2-44b3-ac81-cf23d72d267f" />
      <TestMethod codeBase="D:\actions-runner\_work\XPCO\XPCO\EventServer\AlarmPlugin\Components\Central\VideoOS.SearchAgents.UnitTest\bin\Debug\net472\VideoOS.SearchAgents.UnitTest.dll" adapterTypeName="executor://mstestadapter/v2" className="VideoOS.SearchAgents.UnitTest.AlarmsAgent.SearchFilters.PrioritySearchFilterTest" name="PrioritySearchFilter_ThrowsArgumentException_WhenResetValueParameterIsNotSelectionFilterValue" />
    </UnitTest>
    <UnitTest name="EventFilterFactory_ThrowsArgumentNullException_WhenGetFilterConditionForEmptyValue (Camera)" storage="d:\actions-runner\_work\xpco\xpco\eventserver\alarmplugin\components\central\videoos.searchagents.unittest\bin\debug\net472\videoos.searchagents.unittest.dll" id="917ceebb-6e64-0c72-3499-37449f658153">
      <Execution id="f97e534f-3f80-4173-9f9d-b83298e11fff" />
      <TestMethod codeBase="D:\actions-runner\_work\XPCO\XPCO\EventServer\AlarmPlugin\Components\Central\VideoOS.SearchAgents.UnitTest\bin\Debug\net472\VideoOS.SearchAgents.UnitTest.dll" adapterTypeName="executor://mstestadapter/v2" className="VideoOS.SearchAgents.UnitTest.EventsAgent.EventFilterFactoryTest" name="EventFilterFactory_ThrowsArgumentNullException_WhenGetFilterConditionForEmptyValue" />
    </UnitTest>
    <UnitTest name="ServerSearchFilter_ReturnsListSelectionFilterConfiguration_WhenGetFilterConfiguration" storage="d:\actions-runner\_work\xpco\xpco\eventserver\alarmplugin\components\central\videoos.searchagents.unittest\bin\debug\net472\videoos.searchagents.unittest.dll" id="ebc7785a-c649-e9d7-104d-8f82cf08d47b">
      <TestCategory>
        <TestCategoryItem TestCategory="AlarmsAgent" />
      </TestCategory>
      <Execution id="ee21e43c-edc8-42c5-a8ce-5612e0fb3add" />
      <TestMethod codeBase="D:\actions-runner\_work\XPCO\XPCO\EventServer\AlarmPlugin\Components\Central\VideoOS.SearchAgents.UnitTest\bin\Debug\net472\VideoOS.SearchAgents.UnitTest.dll" adapterTypeName="executor://mstestadapter/v2" className="VideoOS.SearchAgents.UnitTest.AlarmsAgent.SearchFilters.ServerSearchFilterTest" name="ServerSearchFilter_ReturnsListSelectionFilterConfiguration_WhenGetFilterConfiguration" />
    </UnitTest>
    <UnitTest name="EventFilterFactory_ReturnsCorrectConditionForFilterType_WhenGetFilterCondition (From,Timestamp)" storage="d:\actions-runner\_work\xpco\xpco\eventserver\alarmplugin\components\central\videoos.searchagents.unittest\bin\debug\net472\videoos.searchagents.unittest.dll" id="f8b9ad99-502a-b7fc-e70f-c24f82b091ef">
      <Execution id="12cb7057-e449-4413-9376-9553acc73313" />
      <TestMethod codeBase="D:\actions-runner\_work\XPCO\XPCO\EventServer\AlarmPlugin\Components\Central\VideoOS.SearchAgents.UnitTest\bin\Debug\net472\VideoOS.SearchAgents.UnitTest.dll" adapterTypeName="executor://mstestadapter/v2" className="VideoOS.SearchAgents.UnitTest.EventsAgent.EventFilterFactoryTest" name="EventFilterFactory_ReturnsCorrectConditionForFilterType_WhenGetFilterCondition" />
    </UnitTest>
    <UnitTest name="AlarmSearchAgentPlugin_HasCorrectId_WhenInit" storage="d:\actions-runner\_work\xpco\xpco\eventserver\alarmplugin\components\central\videoos.searchagents.unittest\bin\debug\net472\videoos.searchagents.unittest.dll" id="490c607d-8980-2611-404f-fadd7a87fa48">
      <TestCategory>
        <TestCategoryItem TestCategory="AlarmsAgent" />
      </TestCategory>
      <Execution id="8895f55a-b248-41c4-93ce-fda5e8b4ef1b" />
      <TestMethod codeBase="D:\actions-runner\_work\XPCO\XPCO\EventServer\AlarmPlugin\Components\Central\VideoOS.SearchAgents.UnitTest\bin\Debug\net472\VideoOS.SearchAgents.UnitTest.dll" adapterTypeName="executor://mstestadapter/v2" className="VideoOS.SearchAgents.UnitTest.AlarmsAgent.AlarmSearchAgentPluginTest" name="AlarmSearchAgentPlugin_HasCorrectId_WhenInit" />
    </UnitTest>
    <UnitTest name="EventSearchDefinition_ThrowsArgumentNulLException_WhenDependencyMissingInConstructor" storage="d:\actions-runner\_work\xpco\xpco\eventserver\alarmplugin\components\central\videoos.searchagents.unittest\bin\debug\net472\videoos.searchagents.unittest.dll" id="2598e6bb-99ed-a7ae-de2f-723d7fed1a1a">
      <TestCategory>
        <TestCategoryItem TestCategory="EventAgent" />
      </TestCategory>
      <Execution id="5302be85-434f-4734-a899-8fd0b2ffdf0c" />
      <TestMethod codeBase="D:\actions-runner\_work\XPCO\XPCO\EventServer\AlarmPlugin\Components\Central\VideoOS.SearchAgents.UnitTest\bin\Debug\net472\VideoOS.SearchAgents.UnitTest.dll" adapterTypeName="executor://mstestadapter/v2" className="VideoOS.SearchAgents.UnitTest.EventsAgent.EventSearchDefinitionTest" name="EventSearchDefinition_ThrowsArgumentNulLException_WhenDependencyMissingInConstructor" />
    </UnitTest>
    <UnitTest name="ServerSearchFilter_ClearsFilterValueParameter_WhenResetValue" storage="d:\actions-runner\_work\xpco\xpco\eventserver\alarmplugin\components\central\videoos.searchagents.unittest\bin\debug\net472\videoos.searchagents.unittest.dll" id="9608c157-d88e-6964-af3b-b5411446b50c">
      <TestCategory>
        <TestCategoryItem TestCategory="AlarmsAgent" />
      </TestCategory>
      <Execution id="9207b248-7117-4a82-9df7-3dc40f811d88" />
      <TestMethod codeBase="D:\actions-runner\_work\XPCO\XPCO\EventServer\AlarmPlugin\Components\Central\VideoOS.SearchAgents.UnitTest\bin\Debug\net472\VideoOS.SearchAgents.UnitTest.dll" adapterTypeName="executor://mstestadapter/v2" className="VideoOS.SearchAgents.UnitTest.AlarmsAgent.SearchFilters.ServerSearchFilterTest" name="ServerSearchFilter_ClearsFilterValueParameter_WhenResetValue" />
    </UnitTest>
    <UnitTest name="ServerSearchFilter_ThrowsArgumentException_WhenResetValueParameterIsNotSelectionFilterValue" storage="d:\actions-runner\_work\xpco\xpco\eventserver\alarmplugin\components\central\videoos.searchagents.unittest\bin\debug\net472\videoos.searchagents.unittest.dll" id="3bf08db3-2d59-2013-260d-420deb2e3093">
      <TestCategory>
        <TestCategoryItem TestCategory="AlarmsAgent" />
      </TestCategory>
      <Execution id="4198e835-2b61-48f0-9e12-521f4d50c9fc" />
      <TestMethod codeBase="D:\actions-runner\_work\XPCO\XPCO\EventServer\AlarmPlugin\Components\Central\VideoOS.SearchAgents.UnitTest\bin\Debug\net472\VideoOS.SearchAgents.UnitTest.dll" adapterTypeName="executor://mstestadapter/v2" className="VideoOS.SearchAgents.UnitTest.AlarmsAgent.SearchFilters.ServerSearchFilterTest" name="ServerSearchFilter_ThrowsArgumentException_WhenResetValueParameterIsNotSelectionFilterValue" />
    </UnitTest>
    <UnitTest name="AlarmsSearchDefinition_ThrowsArgumentNullException_WhenSelectedServersProviderIsNull" storage="d:\actions-runner\_work\xpco\xpco\eventserver\alarmplugin\components\central\videoos.searchagents.unittest\bin\debug\net472\videoos.searchagents.unittest.dll" id="5fc907b0-ebdd-7bfc-e4c9-552f0a34ec42">
      <TestCategory>
        <TestCategoryItem TestCategory="AlarmsAgent" />
      </TestCategory>
      <Execution id="59f49774-5117-4a42-b762-5410b6f90aed" />
      <TestMethod codeBase="D:\actions-runner\_work\XPCO\XPCO\EventServer\AlarmPlugin\Components\Central\VideoOS.SearchAgents.UnitTest\bin\Debug\net472\VideoOS.SearchAgents.UnitTest.dll" adapterTypeName="executor://mstestadapter/v2" className="VideoOS.SearchAgent.UnitTest.AlarmsAgent.AlarmsSearchDefinitionTest" name="AlarmsSearchDefinition_ThrowsArgumentNullException_WhenSelectedServersProviderIsNull" />
    </UnitTest>
    <UnitTest name="StateSearchFilter_ThrowsArgumentException_WhenResetValueShouldParameterIsNotSelectionFilterValue" storage="d:\actions-runner\_work\xpco\xpco\eventserver\alarmplugin\components\central\videoos.searchagents.unittest\bin\debug\net472\videoos.searchagents.unittest.dll" id="456fcdf4-b6c6-53cd-462b-d220bfaad7ca">
      <TestCategory>
        <TestCategoryItem TestCategory="AlarmsAgent" />
      </TestCategory>
      <Execution id="bc758014-2879-4d5b-b625-6295bb24a291" />
      <TestMethod codeBase="D:\actions-runner\_work\XPCO\XPCO\EventServer\AlarmPlugin\Components\Central\VideoOS.SearchAgents.UnitTest\bin\Debug\net472\VideoOS.SearchAgents.UnitTest.dll" adapterTypeName="executor://mstestadapter/v2" className="VideoOS.SearchAgents.UnitTest.AlarmsAgent.SearchFilters.StateSearchFilterTest" name="StateSearchFilter_ThrowsArgumentException_WhenResetValueShouldParameterIsNotSelectionFilterValue" />
    </UnitTest>
    <UnitTest name="AlarmsSearchDefinition_ThrowsArgumentNullException_WhenSearchResultDataCreatorIsNull" storage="d:\actions-runner\_work\xpco\xpco\eventserver\alarmplugin\components\central\videoos.searchagents.unittest\bin\debug\net472\videoos.searchagents.unittest.dll" id="4656f880-e4c3-5c27-0dab-3161c48b5212">
      <TestCategory>
        <TestCategoryItem TestCategory="AlarmsAgent" />
      </TestCategory>
      <Execution id="ae68a9e2-6080-416c-a2f8-49b65212acaa" />
      <TestMethod codeBase="D:\actions-runner\_work\XPCO\XPCO\EventServer\AlarmPlugin\Components\Central\VideoOS.SearchAgents.UnitTest\bin\Debug\net472\VideoOS.SearchAgents.UnitTest.dll" adapterTypeName="executor://mstestadapter/v2" className="VideoOS.SearchAgent.UnitTest.AlarmsAgent.AlarmsSearchDefinitionTest" name="AlarmsSearchDefinition_ThrowsArgumentNullException_WhenSearchResultDataCreatorIsNull" />
    </UnitTest>
    <UnitTest name="MessageSearchFilter_HasListSelectionFilterConfigurationWithInitialAlarmMessages_WhenGetFilterConfiguration" storage="d:\actions-runner\_work\xpco\xpco\eventserver\alarmplugin\components\central\videoos.searchagents.unittest\bin\debug\net472\videoos.searchagents.unittest.dll" id="7c296494-85c0-d8ff-2e98-18a58d40cec3">
      <TestCategory>
        <TestCategoryItem TestCategory="AlarmsAgent" />
      </TestCategory>
      <Execution id="4ac793e3-3e42-4be0-9cc0-940745535a44" />
      <TestMethod codeBase="D:\actions-runner\_work\XPCO\XPCO\EventServer\AlarmPlugin\Components\Central\VideoOS.SearchAgents.UnitTest\bin\Debug\net472\VideoOS.SearchAgents.UnitTest.dll" adapterTypeName="executor://mstestadapter/v2" className="VideoOS.SearchAgents.UnitTest.AlarmsAgent.SearchFilters.MessageSearchFilterTest" name="MessageSearchFilter_HasListSelectionFilterConfigurationWithInitialAlarmMessages_WhenGetFilterConfiguration" />
    </UnitTest>
    <UnitTest name="AlarmsSearchDefinition_ThrowsArgumentNullException_WhenAlarmProviderIsNull" storage="d:\actions-runner\_work\xpco\xpco\eventserver\alarmplugin\components\central\videoos.searchagents.unittest\bin\debug\net472\videoos.searchagents.unittest.dll" id="03d0b22b-5019-8a7f-2c6f-f4f8ea07fe27">
      <TestCategory>
        <TestCategoryItem TestCategory="AlarmsAgent" />
      </TestCategory>
      <Execution id="a481fb1d-a5fc-4ba0-8131-3256f13eb0d7" />
      <TestMethod codeBase="D:\actions-runner\_work\XPCO\XPCO\EventServer\AlarmPlugin\Components\Central\VideoOS.SearchAgents.UnitTest\bin\Debug\net472\VideoOS.SearchAgents.UnitTest.dll" adapterTypeName="executor://mstestadapter/v2" className="VideoOS.SearchAgent.UnitTest.AlarmsAgent.AlarmsSearchDefinitionTest" name="AlarmsSearchDefinition_ThrowsArgumentNullException_WhenAlarmProviderIsNull" />
    </UnitTest>
    <UnitTest name="EventFilterFactory_ThrowsArgumentNullException_WhenGetFilterConditionForEmptyValue (Source)" storage="d:\actions-runner\_work\xpco\xpco\eventserver\alarmplugin\components\central\videoos.searchagents.unittest\bin\debug\net472\videoos.searchagents.unittest.dll" id="c63873c1-ea10-6411-d11a-f72c17c13514">
      <Execution id="a7d57ddc-3c22-41a7-850e-2e02de85bc4a" />
      <TestMethod codeBase="D:\actions-runner\_work\XPCO\XPCO\EventServer\AlarmPlugin\Components\Central\VideoOS.SearchAgents.UnitTest\bin\Debug\net472\VideoOS.SearchAgents.UnitTest.dll" adapterTypeName="executor://mstestadapter/v2" className="VideoOS.SearchAgents.UnitTest.EventsAgent.EventFilterFactoryTest" name="EventFilterFactory_ThrowsArgumentNullException_WhenGetFilterConditionForEmptyValue" />
    </UnitTest>
    <UnitTest name="ServerSearchFilter_ThrowsArgumentException_WhenResetValueParameterIsNotSelectionFilterValue" storage="d:\actions-runner\_work\xpco\xpco\eventserver\alarmplugin\components\central\videoos.searchagents.unittest\bin\debug\net472\videoos.searchagents.unittest.dll" id="d2d94907-0eb5-d1cc-8d22-898b37289664">
      <TestCategory>
        <TestCategoryItem TestCategory="EventsAgent" />
      </TestCategory>
      <Execution id="e842c952-7af4-4e27-bc3b-ecbd8287d67f" />
      <TestMethod codeBase="D:\actions-runner\_work\XPCO\XPCO\EventServer\AlarmPlugin\Components\Central\VideoOS.SearchAgents.UnitTest\bin\Debug\net472\VideoOS.SearchAgents.UnitTest.dll" adapterTypeName="executor://mstestadapter/v2" className="VideoOS.SearchAgents.UnitTest.EventsAgent.SearchFilters.ServerSearchFilterTest" name="ServerSearchFilter_ThrowsArgumentException_WhenResetValueParameterIsNotSelectionFilterValue" />
    </UnitTest>
    <UnitTest name="StateSearchFilter_ReturnsInitialAlarmStatesGuids_WhenGetFilterConfigurationWithAlarmStatesPassedByParameter" storage="d:\actions-runner\_work\xpco\xpco\eventserver\alarmplugin\components\central\videoos.searchagents.unittest\bin\debug\net472\videoos.searchagents.unittest.dll" id="469cffc7-c257-4390-0298-0673d1e2c22b">
      <TestCategory>
        <TestCategoryItem TestCategory="AlarmsAgent" />
      </TestCategory>
      <Execution id="b4db4053-9417-4869-af02-534860a61c75" />
      <TestMethod codeBase="D:\actions-runner\_work\XPCO\XPCO\EventServer\AlarmPlugin\Components\Central\VideoOS.SearchAgents.UnitTest\bin\Debug\net472\VideoOS.SearchAgents.UnitTest.dll" adapterTypeName="executor://mstestadapter/v2" className="VideoOS.SearchAgents.UnitTest.AlarmsAgent.SearchFilters.StateSearchFilterTest" name="StateSearchFilter_ReturnsInitialAlarmStatesGuids_WhenGetFilterConfigurationWithAlarmStatesPassedByParameter" />
    </UnitTest>
    <UnitTest name="MessageSearchFilter_ClearsFilterValueParameter_WhenResetValue" storage="d:\actions-runner\_work\xpco\xpco\eventserver\alarmplugin\components\central\videoos.searchagents.unittest\bin\debug\net472\videoos.searchagents.unittest.dll" id="486c4b9f-292f-52f1-eec9-078393b403e5">
      <TestCategory>
        <TestCategoryItem TestCategory="AlarmsAgent" />
      </TestCategory>
      <Execution id="ed0852eb-8b6d-4d3d-9e90-95422dd6ae50" />
      <TestMethod codeBase="D:\actions-runner\_work\XPCO\XPCO\EventServer\AlarmPlugin\Components\Central\VideoOS.SearchAgents.UnitTest\bin\Debug\net472\VideoOS.SearchAgents.UnitTest.dll" adapterTypeName="executor://mstestadapter/v2" className="VideoOS.SearchAgents.UnitTest.AlarmsAgent.SearchFilters.MessageSearchFilterTest" name="MessageSearchFilter_ClearsFilterValueParameter_WhenResetValue" />
    </UnitTest>
    <UnitTest name="PrioritySearchFilter_ReturnsListSelectionFilterConfiguration_WhenGetFilterConfiguration" storage="d:\actions-runner\_work\xpco\xpco\eventserver\alarmplugin\components\central\videoos.searchagents.unittest\bin\debug\net472\videoos.searchagents.unittest.dll" id="54d38c8e-b60c-f43f-e134-f56274dcd3fc">
      <TestCategory>
        <TestCategoryItem TestCategory="AlarmsAgent" />
      </TestCategory>
      <Execution id="d496e698-2730-49cb-a492-273067423e44" />
      <TestMethod codeBase="D:\actions-runner\_work\XPCO\XPCO\EventServer\AlarmPlugin\Components\Central\VideoOS.SearchAgents.UnitTest\bin\Debug\net472\VideoOS.SearchAgents.UnitTest.dll" adapterTypeName="executor://mstestadapter/v2" className="VideoOS.SearchAgents.UnitTest.AlarmsAgent.SearchFilters.PrioritySearchFilterTest" name="PrioritySearchFilter_ReturnsListSelectionFilterConfiguration_WhenGetFilterConfiguration" />
    </UnitTest>
    <UnitTest name="ServerSearchFilter_ReturnsListSelectionFilterConfiguration_WhenGetFilterConfiguration" storage="d:\actions-runner\_work\xpco\xpco\eventserver\alarmplugin\components\central\videoos.searchagents.unittest\bin\debug\net472\videoos.searchagents.unittest.dll" id="8654c5c4-4916-f965-8bb6-110243f55a27">
      <TestCategory>
        <TestCategoryItem TestCategory="EventsAgent" />
      </TestCategory>
      <Execution id="f027ad91-9ccc-404b-90d0-4623eab5bb65" />
      <TestMethod codeBase="D:\actions-runner\_work\XPCO\XPCO\EventServer\AlarmPlugin\Components\Central\VideoOS.SearchAgents.UnitTest\bin\Debug\net472\VideoOS.SearchAgents.UnitTest.dll" adapterTypeName="executor://mstestadapter/v2" className="VideoOS.SearchAgents.UnitTest.EventsAgent.SearchFilters.ServerSearchFilterTest" name="ServerSearchFilter_ReturnsListSelectionFilterConfiguration_WhenGetFilterConfiguration" />
    </UnitTest>
    <UnitTest name="EventFilterFactory_ReturnsCorrectConditionForFilterType_WhenGetFilterCondition (Source,SourceName)" storage="d:\actions-runner\_work\xpco\xpco\eventserver\alarmplugin\components\central\videoos.searchagents.unittest\bin\debug\net472\videoos.searchagents.unittest.dll" id="296f1844-3ca0-abb7-0ebf-2d474582b95e">
      <Execution id="e995d3c5-133f-426f-b74c-86d528d52b18" />
      <TestMethod codeBase="D:\actions-runner\_work\XPCO\XPCO\EventServer\AlarmPlugin\Components\Central\VideoOS.SearchAgents.UnitTest\bin\Debug\net472\VideoOS.SearchAgents.UnitTest.dll" adapterTypeName="executor://mstestadapter/v2" className="VideoOS.SearchAgents.UnitTest.EventsAgent.EventFilterFactoryTest" name="EventFilterFactory_ReturnsCorrectConditionForFilterType_WhenGetFilterCondition" />
    </UnitTest>
    <UnitTest name="EventFilterFactory_ThrowsArgumentNullException_WhenGetFilterConditionForEmptyValue (Id)" storage="d:\actions-runner\_work\xpco\xpco\eventserver\alarmplugin\components\central\videoos.searchagents.unittest\bin\debug\net472\videoos.searchagents.unittest.dll" id="6497ccbd-7f27-bcd5-3d1b-80be52eed553">
      <Execution id="138a7128-7d3f-4a81-bded-207a0ee0342d" />
      <TestMethod codeBase="D:\actions-runner\_work\XPCO\XPCO\EventServer\AlarmPlugin\Components\Central\VideoOS.SearchAgents.UnitTest\bin\Debug\net472\VideoOS.SearchAgents.UnitTest.dll" adapterTypeName="executor://mstestadapter/v2" className="VideoOS.SearchAgents.UnitTest.EventsAgent.EventFilterFactoryTest" name="EventFilterFactory_ThrowsArgumentNullException_WhenGetFilterConditionForEmptyValue" />
    </UnitTest>
    <UnitTest name="IDSearchFilter_ThrowsArgumentException_WhenResetValueWithNotASelectionFilterValue" storage="d:\actions-runner\_work\xpco\xpco\eventserver\alarmplugin\components\central\videoos.searchagents.unittest\bin\debug\net472\videoos.searchagents.unittest.dll" id="35065cdc-0b69-4d14-2ef4-5e614ff2a1c6">
      <TestCategory>
        <TestCategoryItem TestCategory="AlarmsAgent" />
      </TestCategory>
      <Execution id="8fcdfa65-38a0-4dce-b133-6380134a9faa" />
      <TestMethod codeBase="D:\actions-runner\_work\XPCO\XPCO\EventServer\AlarmPlugin\Components\Central\VideoOS.SearchAgents.UnitTest\bin\Debug\net472\VideoOS.SearchAgents.UnitTest.dll" adapterTypeName="executor://mstestadapter/v2" className="VideoOS.SearchAgents.UnitTest.AlarmsAgent.SearchFilters.IDSearchFilterTest" name="IDSearchFilter_ThrowsArgumentException_WhenResetValueWithNotASelectionFilterValue" />
    </UnitTest>
    <UnitTest name="SourceSearchFilter_ThrowsArgumentException_WhenResetValueParameterIsNotSelectionFilterValue" storage="d:\actions-runner\_work\xpco\xpco\eventserver\alarmplugin\components\central\videoos.searchagents.unittest\bin\debug\net472\videoos.searchagents.unittest.dll" id="73bd8105-9c20-58bf-5fa7-c5ac67a7bf1b">
      <TestCategory>
        <TestCategoryItem TestCategory="EventsAgent" />
      </TestCategory>
      <Execution id="48d88048-08bc-4325-bd05-79471bbde0cf" />
      <TestMethod codeBase="D:\actions-runner\_work\XPCO\XPCO\EventServer\AlarmPlugin\Components\Central\VideoOS.SearchAgents.UnitTest\bin\Debug\net472\VideoOS.SearchAgents.UnitTest.dll" adapterTypeName="executor://mstestadapter/v2" className="VideoOS.SearchAgents.UnitTest.EventsAgent.SearchFilters.SourceSearchFilterTest" name="SourceSearchFilter_ThrowsArgumentException_WhenResetValueParameterIsNotSelectionFilterValue" />
    </UnitTest>
    <UnitTest name="EventSearchAgentPlugin_HasNonNullSearchFilterCategoryIcon_WhenInit" storage="d:\actions-runner\_work\xpco\xpco\eventserver\alarmplugin\components\central\videoos.searchagents.unittest\bin\debug\net472\videoos.searchagents.unittest.dll" id="fd2efd7b-c50c-5451-8f44-9b01a3c0fb4c">
      <TestCategory>
        <TestCategoryItem TestCategory="EventsAgent" />
      </TestCategory>
      <Execution id="adfaa736-611b-48c7-8b6f-b926eb379d82" />
      <TestMethod codeBase="D:\actions-runner\_work\XPCO\XPCO\EventServer\AlarmPlugin\Components\Central\VideoOS.SearchAgents.UnitTest\bin\Debug\net472\VideoOS.SearchAgents.UnitTest.dll" adapterTypeName="executor://mstestadapter/v2" className="VideoOS.SearchAgents.UnitTest.EventsAgent.EventSearchAgentPluginTest" name="EventSearchAgentPlugin_HasNonNullSearchFilterCategoryIcon_WhenInit" />
    </UnitTest>
    <UnitTest name="AlarmSearchAgentPlugin_HasNonNullSearchFilterCategoryIcon_WhenInit" storage="d:\actions-runner\_work\xpco\xpco\eventserver\alarmplugin\components\central\videoos.searchagents.unittest\bin\debug\net472\videoos.searchagents.unittest.dll" id="562b1012-fe2e-157b-4467-15a9d7a49324">
      <TestCategory>
        <TestCategoryItem TestCategory="AlarmsAgent" />
      </TestCategory>
      <Execution id="7323eb73-ee91-48d7-b2ba-ab4daf950c19" />
      <TestMethod codeBase="D:\actions-runner\_work\XPCO\XPCO\EventServer\AlarmPlugin\Components\Central\VideoOS.SearchAgents.UnitTest\bin\Debug\net472\VideoOS.SearchAgents.UnitTest.dll" adapterTypeName="executor://mstestadapter/v2" className="VideoOS.SearchAgents.UnitTest.AlarmsAgent.AlarmSearchAgentPluginTest" name="AlarmSearchAgentPlugin_HasNonNullSearchFilterCategoryIcon_WhenInit" />
    </UnitTest>
    <UnitTest name="AlarmSearchAgentPlugin_HasSameServersInSearchFiltersAndConstructor_WhenInit" storage="d:\actions-runner\_work\xpco\xpco\eventserver\alarmplugin\components\central\videoos.searchagents.unittest\bin\debug\net472\videoos.searchagents.unittest.dll" id="d5afc39e-7194-0fcc-4b16-a238ee658e2c">
      <TestCategory>
        <TestCategoryItem TestCategory="AlarmsAgent" />
      </TestCategory>
      <Execution id="85b99f23-a61d-4980-bd41-ea97cef075ab" />
      <TestMethod codeBase="D:\actions-runner\_work\XPCO\XPCO\EventServer\AlarmPlugin\Components\Central\VideoOS.SearchAgents.UnitTest\bin\Debug\net472\VideoOS.SearchAgents.UnitTest.dll" adapterTypeName="executor://mstestadapter/v2" className="VideoOS.SearchAgents.UnitTest.AlarmsAgent.AlarmSearchAgentPluginTest" name="AlarmSearchAgentPlugin_HasSameServersInSearchFiltersAndConstructor_WhenInit" />
    </UnitTest>
    <UnitTest name="OwnerSearchFilter_ClearsFilterValueParameter_WhenResetValue" storage="d:\actions-runner\_work\xpco\xpco\eventserver\alarmplugin\components\central\videoos.searchagents.unittest\bin\debug\net472\videoos.searchagents.unittest.dll" id="e379c7c3-2c5c-5d9f-dab8-91426a1914ed">
      <TestCategory>
        <TestCategoryItem TestCategory="AlarmsAgent" />
      </TestCategory>
      <Execution id="4fff761a-c814-4196-a4a0-6b44dc79d2df" />
      <TestMethod codeBase="D:\actions-runner\_work\XPCO\XPCO\EventServer\AlarmPlugin\Components\Central\VideoOS.SearchAgents.UnitTest\bin\Debug\net472\VideoOS.SearchAgents.UnitTest.dll" adapterTypeName="executor://mstestadapter/v2" className="VideoOS.SearchAgents.UnitTest.AlarmsAgent.SearchFilters.OwnerSearchFilterTest" name="OwnerSearchFilter_ClearsFilterValueParameter_WhenResetValue" />
    </UnitTest>
    <UnitTest name="MessageSearchFilter_ReturnsListSelectionFilterConfiguration_WhenGetFilterConfiguration" storage="d:\actions-runner\_work\xpco\xpco\eventserver\alarmplugin\components\central\videoos.searchagents.unittest\bin\debug\net472\videoos.searchagents.unittest.dll" id="094945b4-ebaf-f8ab-b0fe-87dc2f042bd7">
      <TestCategory>
        <TestCategoryItem TestCategory="AlarmsAgent" />
      </TestCategory>
      <Execution id="611bdd2a-37d9-4188-a21a-b61bd6ddfd9e" />
      <TestMethod codeBase="D:\actions-runner\_work\XPCO\XPCO\EventServer\AlarmPlugin\Components\Central\VideoOS.SearchAgents.UnitTest\bin\Debug\net472\VideoOS.SearchAgents.UnitTest.dll" adapterTypeName="executor://mstestadapter/v2" className="VideoOS.SearchAgents.UnitTest.AlarmsAgent.SearchFilters.MessageSearchFilterTest" name="MessageSearchFilter_ReturnsListSelectionFilterConfiguration_WhenGetFilterConfiguration" />
    </UnitTest>
    <UnitTest name="EventSearchDefinition_FiresSearchEventForSelectedServers_WhenSearchEvents" storage="d:\actions-runner\_work\xpco\xpco\eventserver\alarmplugin\components\central\videoos.searchagents.unittest\bin\debug\net472\videoos.searchagents.unittest.dll" id="bb3a2d62-8c16-8854-2590-4f5f74c37673">
      <TestCategory>
        <TestCategoryItem TestCategory="EventAgent" />
      </TestCategory>
      <Execution id="44b2d306-6ea0-424a-ba7a-c41ffa2a0ffb" />
      <TestMethod codeBase="D:\actions-runner\_work\XPCO\XPCO\EventServer\AlarmPlugin\Components\Central\VideoOS.SearchAgents.UnitTest\bin\Debug\net472\VideoOS.SearchAgents.UnitTest.dll" adapterTypeName="executor://mstestadapter/v2" className="VideoOS.SearchAgents.UnitTest.EventsAgent.EventSearchDefinitionTest" name="EventSearchDefinition_FiresSearchEventForSelectedServers_WhenSearchEvents" />
    </UnitTest>
    <UnitTest name="AlarmSearchAgentPlugin_HasNonNullCategoryName_WhenInit" storage="d:\actions-runner\_work\xpco\xpco\eventserver\alarmplugin\components\central\videoos.searchagents.unittest\bin\debug\net472\videoos.searchagents.unittest.dll" id="0001e470-e273-8380-7355-9c6b3a7feb0b">
      <TestCategory>
        <TestCategoryItem TestCategory="AlarmsAgent" />
      </TestCategory>
      <Execution id="190ebf31-9840-41a0-996a-3547408db1fa" />
      <TestMethod codeBase="D:\actions-runner\_work\XPCO\XPCO\EventServer\AlarmPlugin\Components\Central\VideoOS.SearchAgents.UnitTest\bin\Debug\net472\VideoOS.SearchAgents.UnitTest.dll" adapterTypeName="executor://mstestadapter/v2" className="VideoOS.SearchAgents.UnitTest.AlarmsAgent.AlarmSearchAgentPluginTest" name="AlarmSearchAgentPlugin_HasNonNullCategoryName_WhenInit" />
    </UnitTest>
    <UnitTest name="AlarmsSearchDefinition_FiresSearchResultsReadyEventForEachServer_WhenSearchAlarmsIsCalled" storage="d:\actions-runner\_work\xpco\xpco\eventserver\alarmplugin\components\central\videoos.searchagents.unittest\bin\debug\net472\videoos.searchagents.unittest.dll" id="0e25b2a5-f86e-0a54-ed6b-cdf5f3ca9da7">
      <TestCategory>
        <TestCategoryItem TestCategory="AlarmsAgent" />
      </TestCategory>
      <Execution id="8ba0437b-a601-417d-b1db-667985d356d1" />
      <TestMethod codeBase="D:\actions-runner\_work\XPCO\XPCO\EventServer\AlarmPlugin\Components\Central\VideoOS.SearchAgents.UnitTest\bin\Debug\net472\VideoOS.SearchAgents.UnitTest.dll" adapterTypeName="executor://mstestadapter/v2" className="VideoOS.SearchAgent.UnitTest.AlarmsAgent.AlarmsSearchDefinitionTest" name="AlarmsSearchDefinition_FiresSearchResultsReadyEventForEachServer_WhenSearchAlarmsIsCalled" />
    </UnitTest>
    <UnitTest name="EventFilterFactory_ThrowsArgumentNullException_WhenGetFilterConditionForEmptyValue (To)" storage="d:\actions-runner\_work\xpco\xpco\eventserver\alarmplugin\components\central\videoos.searchagents.unittest\bin\debug\net472\videoos.searchagents.unittest.dll" id="bc724fc2-0801-b974-f04a-e5767001c948">
      <Execution id="dd80fa04-af90-438a-8edc-e08fb42bdfc4" />
      <TestMethod codeBase="D:\actions-runner\_work\XPCO\XPCO\EventServer\AlarmPlugin\Components\Central\VideoOS.SearchAgents.UnitTest\bin\Debug\net472\VideoOS.SearchAgents.UnitTest.dll" adapterTypeName="executor://mstestadapter/v2" className="VideoOS.SearchAgents.UnitTest.EventsAgent.EventFilterFactoryTest" name="EventFilterFactory_ThrowsArgumentNullException_WhenGetFilterConditionForEmptyValue" />
    </UnitTest>
    <UnitTest name="IDSearchFilter_ClearsFilterValueParameterText_WhenResetValue" storage="d:\actions-runner\_work\xpco\xpco\eventserver\alarmplugin\components\central\videoos.searchagents.unittest\bin\debug\net472\videoos.searchagents.unittest.dll" id="321f0be5-34d2-550e-dd65-affe7d46dfe7">
      <TestCategory>
        <TestCategoryItem TestCategory="AlarmsAgent" />
      </TestCategory>
      <Execution id="b58514b1-eb03-433a-93d9-e73a54ffd337" />
      <TestMethod codeBase="D:\actions-runner\_work\XPCO\XPCO\EventServer\AlarmPlugin\Components\Central\VideoOS.SearchAgents.UnitTest\bin\Debug\net472\VideoOS.SearchAgents.UnitTest.dll" adapterTypeName="executor://mstestadapter/v2" className="VideoOS.SearchAgents.UnitTest.AlarmsAgent.SearchFilters.IDSearchFilterTest" name="IDSearchFilter_ClearsFilterValueParameterText_WhenResetValue" />
    </UnitTest>
    <UnitTest name="OwnerSearchFilter_ThrowsException_WhenResetValueParameterIsNotSelectionFilterValue" storage="d:\actions-runner\_work\xpco\xpco\eventserver\alarmplugin\components\central\videoos.searchagents.unittest\bin\debug\net472\videoos.searchagents.unittest.dll" id="9be30d79-b3cf-1247-b474-0fe612aa1bd6">
      <TestCategory>
        <TestCategoryItem TestCategory="AlarmsAgent" />
      </TestCategory>
      <Execution id="1aa355f0-9278-4784-b6c2-f8220668100a" />
      <TestMethod codeBase="D:\actions-runner\_work\XPCO\XPCO\EventServer\AlarmPlugin\Components\Central\VideoOS.SearchAgents.UnitTest\bin\Debug\net472\VideoOS.SearchAgents.UnitTest.dll" adapterTypeName="executor://mstestadapter/v2" className="VideoOS.SearchAgents.UnitTest.AlarmsAgent.SearchFilters.OwnerSearchFilterTest" name="OwnerSearchFilter_ThrowsException_WhenResetValueParameterIsNotSelectionFilterValue" />
    </UnitTest>
    <UnitTest name="EventSearchAgentPlugin_HasNonNullSearchFilterCategoryName_WhenInit" storage="d:\actions-runner\_work\xpco\xpco\eventserver\alarmplugin\components\central\videoos.searchagents.unittest\bin\debug\net472\videoos.searchagents.unittest.dll" id="9e9d3e20-8bbe-7266-c841-e5dcc466ad9f">
      <TestCategory>
        <TestCategoryItem TestCategory="EventsAgent" />
      </TestCategory>
      <Execution id="8d466bff-e110-418a-944e-49e178a7863f" />
      <TestMethod codeBase="D:\actions-runner\_work\XPCO\XPCO\EventServer\AlarmPlugin\Components\Central\VideoOS.SearchAgents.UnitTest\bin\Debug\net472\VideoOS.SearchAgents.UnitTest.dll" adapterTypeName="executor://mstestadapter/v2" className="VideoOS.SearchAgents.UnitTest.EventsAgent.EventSearchAgentPluginTest" name="EventSearchAgentPlugin_HasNonNullSearchFilterCategoryName_WhenInit" />
    </UnitTest>
  </TestDefinitions>
  <TestEntries>
    <TestEntry testId="62a359c2-8f3e-697d-be79-7cf0858e1e9f" executionId="2a4f561f-8a01-4a02-abad-94612c8dfd9f" testListId="8c84fa94-04c1-424b-9868-57a2d4851a1d" />
    <TestEntry testId="bdeb26c1-ee7f-a180-0f04-59d75bc2812a" executionId="1da54711-c66c-4602-8e3d-e2ddaf09e2c4" testListId="8c84fa94-04c1-424b-9868-57a2d4851a1d" />
    <TestEntry testId="bb868594-8f80-20dc-ad04-6fa3cf34e640" executionId="2e42ac95-64b9-43e7-a35b-07f1d1a2558a" testListId="8c84fa94-04c1-424b-9868-57a2d4851a1d" />
    <TestEntry testId="3e8ca05b-4ef4-aab0-01d4-1d0a41b30df6" executionId="2e4b5cbb-2e62-44e2-b7ca-65972543c703" testListId="8c84fa94-04c1-424b-9868-57a2d4851a1d" />
    <TestEntry testId="6e81c649-1d7f-3f91-824e-8c40ae5dc8d8" executionId="3bdfadbb-3e84-464c-b114-cc8ea29bb453" testListId="8c84fa94-04c1-424b-9868-57a2d4851a1d" />
    <TestEntry testId="7c296494-85c0-d8ff-2e98-18a58d40cec3" executionId="4ac793e3-3e42-4be0-9cc0-940745535a44" testListId="8c84fa94-04c1-424b-9868-57a2d4851a1d" />
    <TestEntry testId="00f89f07-adec-c656-0e84-13762b2810de" executionId="b4dcdc3d-3478-46d6-ab4d-504db67dadbe" testListId="8c84fa94-04c1-424b-9868-57a2d4851a1d" />
    <TestEntry testId="2ea9f846-b793-8735-fefc-2eca615f80ca" executionId="b1204385-7cf4-49d5-a6c8-f7cfda8b07d2" testListId="8c84fa94-04c1-424b-9868-57a2d4851a1d" />
    <TestEntry testId="104046bf-e775-df59-7f88-98caf9f820bf" executionId="c4e5753e-f413-40b5-b935-6c3bdd6625d6" testListId="8c84fa94-04c1-424b-9868-57a2d4851a1d" />
    <TestEntry testId="486c4b9f-292f-52f1-eec9-078393b403e5" executionId="ed0852eb-8b6d-4d3d-9e90-95422dd6ae50" testListId="8c84fa94-04c1-424b-9868-57a2d4851a1d" />
    <TestEntry testId="c5fd5dae-a83a-5697-ed36-8fb875098827" executionId="8a7de13d-9779-4912-ab66-4316f9ca1311" testListId="8c84fa94-04c1-424b-9868-57a2d4851a1d" />
    <TestEntry testId="836c0df6-6555-5657-f8a6-b7df90c0be8c" executionId="cc9cfcc7-7691-430b-a13c-1956a1c40fdb" testListId="8c84fa94-04c1-424b-9868-57a2d4851a1d" />
    <TestEntry testId="9e00af2a-6e28-726b-95e7-a3def45f6eab" executionId="e1a0f3a8-88e8-4e28-a302-327bfd74bbc8" testListId="8c84fa94-04c1-424b-9868-57a2d4851a1d" />
    <TestEntry testId="917ceebb-6e64-0c72-3499-37449f658153" executionId="f97e534f-3f80-4173-9f9d-b83298e11fff" testListId="8c84fa94-04c1-424b-9868-57a2d4851a1d" />
    <TestEntry testId="87fcbe60-f8ea-d2bb-1b6d-5c0397f1a457" executionId="2f672572-aed6-489b-b3e7-300a89000905" testListId="8c84fa94-04c1-424b-9868-57a2d4851a1d" />
    <TestEntry testId="b14d93ff-a746-3aa3-90d0-684924f94666" executionId="2ea59eb8-6648-4558-a46d-3762e3dd2763" testListId="8c84fa94-04c1-424b-9868-57a2d4851a1d" />
    <TestEntry testId="64e8e84b-69b3-7acc-a956-7555360018e4" executionId="5ccbe389-cc16-44f7-9152-e7db5f1cb2eb" testListId="8c84fa94-04c1-424b-9868-57a2d4851a1d" />
    <TestEntry testId="b9102926-3c73-47c6-9767-2bfb393e1682" executionId="32b7f1a9-5694-4d0d-bdfb-fdae2cfc9b32" testListId="8c84fa94-04c1-424b-9868-57a2d4851a1d" />
    <TestEntry testId="95e4dab9-5693-797d-aca3-c94b07049b60" executionId="c4ba12ae-48b6-4c77-8e41-319720d18976" testListId="8c84fa94-04c1-424b-9868-57a2d4851a1d" />
    <TestEntry testId="9608c157-d88e-6964-af3b-b5411446b50c" executionId="9207b248-7117-4a82-9df7-3dc40f811d88" testListId="8c84fa94-04c1-424b-9868-57a2d4851a1d" />
    <TestEntry testId="faf6fe88-e2ab-13fe-5bdb-0dc45bfd095a" executionId="e6cf6fc2-154f-4988-9923-fa1daae32d73" testListId="8c84fa94-04c1-424b-9868-57a2d4851a1d" />
    <TestEntry testId="e8b9ebe3-9da3-af8e-9b66-63503cd9e7fe" executionId="148b0d6e-1840-4040-97cd-4b8f86f35182" testListId="8c84fa94-04c1-424b-9868-57a2d4851a1d" />
    <TestEntry testId="9be30d79-b3cf-1247-b474-0fe612aa1bd6" executionId="1aa355f0-9278-4784-b6c2-f8220668100a" testListId="8c84fa94-04c1-424b-9868-57a2d4851a1d" />
    <TestEntry testId="3bf08db3-2d59-2013-260d-420deb2e3093" executionId="4198e835-2b61-48f0-9e12-521f4d50c9fc" testListId="8c84fa94-04c1-424b-9868-57a2d4851a1d" />
    <TestEntry testId="456fcdf4-b6c6-53cd-462b-d220bfaad7ca" executionId="bc758014-2879-4d5b-b625-6295bb24a291" testListId="8c84fa94-04c1-424b-9868-57a2d4851a1d" />
    <TestEntry testId="b879d925-b069-eca7-9027-877d27818981" executionId="c31ed414-18a9-4884-81a7-9ca9377dcb17" testListId="8c84fa94-04c1-424b-9868-57a2d4851a1d" />
    <TestEntry testId="9c1393ec-ca28-1a9a-1b84-0aa1e112e2ee" executionId="93a1bbd6-9f56-41cb-977d-c0fc281ca7e4" testListId="8c84fa94-04c1-424b-9868-57a2d4851a1d" />
    <TestEntry testId="88388198-618e-aadb-e30b-ce73812e495f" executionId="987036e8-646c-4a38-8a23-08524e97f88e" testListId="8c84fa94-04c1-424b-9868-57a2d4851a1d" />
    <TestEntry testId="35065cdc-0b69-4d14-2ef4-5e614ff2a1c6" executionId="8fcdfa65-38a0-4dce-b133-6380134a9faa" testListId="8c84fa94-04c1-424b-9868-57a2d4851a1d" />
    <TestEntry testId="d5afc39e-7194-0fcc-4b16-a238ee658e2c" executionId="85b99f23-a61d-4980-bd41-ea97cef075ab" testListId="8c84fa94-04c1-424b-9868-57a2d4851a1d" />
    <TestEntry testId="f010b549-ed99-4025-6a1e-54dad7d9ffd4" executionId="18ba315c-4dff-4a13-9087-f7905a1a62c9" testListId="8c84fa94-04c1-424b-9868-57a2d4851a1d" />
    <TestEntry testId="73bd8105-9c20-58bf-5fa7-c5ac67a7bf1b" executionId="48d88048-08bc-4325-bd05-79471bbde0cf" testListId="8c84fa94-04c1-424b-9868-57a2d4851a1d" />
    <TestEntry testId="f445a203-e53a-540c-911f-1d29544062f4" executionId="5d326310-8f02-4db9-9e5a-ce4167e02b27" testListId="8c84fa94-04c1-424b-9868-57a2d4851a1d" />
    <TestEntry testId="562b1012-fe2e-157b-4467-15a9d7a49324" executionId="7323eb73-ee91-48d7-b2ba-ab4daf950c19" testListId="8c84fa94-04c1-424b-9868-57a2d4851a1d" />
    <TestEntry testId="033a6bb9-6071-a1b6-f96c-3382da54d52c" executionId="08f6db10-7750-4cb4-a9d3-c6eb6e791091" testListId="8c84fa94-04c1-424b-9868-57a2d4851a1d" />
    <TestEntry testId="f549b9fe-2f2f-5041-ba25-d7735ee209a5" executionId="bdf4c105-4068-4230-b9c3-4e064e298e34" testListId="8c84fa94-04c1-424b-9868-57a2d4851a1d" />
    <TestEntry testId="6497ccbd-7f27-bcd5-3d1b-80be52eed553" executionId="138a7128-7d3f-4a81-bded-207a0ee0342d" testListId="8c84fa94-04c1-424b-9868-57a2d4851a1d" />
    <TestEntry testId="3bf26497-977c-c696-92fb-b0c844a87da9" executionId="82a32ebf-9bc6-4945-9ba1-4b9ff45cee04" testListId="8c84fa94-04c1-424b-9868-57a2d4851a1d" />
    <TestEntry testId="c2d0219e-f849-a413-dbd3-63a6181f7209" executionId="647b793b-558f-4148-b747-ea0fc04be4db" testListId="8c84fa94-04c1-424b-9868-57a2d4851a1d" />
    <TestEntry testId="30377197-bcc4-32ab-b69c-edd1c9e4d171" executionId="c9e4c1b1-c154-4ad6-8455-c4878b7c68dd" testListId="8c84fa94-04c1-424b-9868-57a2d4851a1d" />
    <TestEntry testId="04fe1d12-6020-1b04-8f8b-ccccd2db27bf" executionId="7b873456-c763-4a13-b780-8634586dd867" testListId="8c84fa94-04c1-424b-9868-57a2d4851a1d" />
    <TestEntry testId="f8b9ad99-502a-b7fc-e70f-c24f82b091ef" executionId="12cb7057-e449-4413-9376-9553acc73313" testListId="8c84fa94-04c1-424b-9868-57a2d4851a1d" />
    <TestEntry testId="0e25b2a5-f86e-0a54-ed6b-cdf5f3ca9da7" executionId="8ba0437b-a601-417d-b1db-667985d356d1" testListId="8c84fa94-04c1-424b-9868-57a2d4851a1d" />
    <TestEntry testId="e379c7c3-2c5c-5d9f-dab8-91426a1914ed" executionId="4fff761a-c814-4196-a4a0-6b44dc79d2df" testListId="8c84fa94-04c1-424b-9868-57a2d4851a1d" />
    <TestEntry testId="6d690cf8-e750-2ed4-0168-210f37dc5422" executionId="1b48940e-4966-436d-be96-e9336c431643" testListId="8c84fa94-04c1-424b-9868-57a2d4851a1d" />
    <TestEntry testId="5a02515e-5e1f-5419-3165-c75a20ec5489" executionId="1ffa4179-0395-435f-b538-ef23712836f2" testListId="8c84fa94-04c1-424b-9868-57a2d4851a1d" />
    <TestEntry testId="c060355d-f211-9e27-6ed3-e8053492b3b7" executionId="be19d786-9867-49d0-9ac1-5f7004474b0e" testListId="8c84fa94-04c1-424b-9868-57a2d4851a1d" />
    <TestEntry testId="5fc907b0-ebdd-7bfc-e4c9-552f0a34ec42" executionId="59f49774-5117-4a42-b762-5410b6f90aed" testListId="8c84fa94-04c1-424b-9868-57a2d4851a1d" />
    <TestEntry testId="296f1844-3ca0-abb7-0ebf-2d474582b95e" executionId="e995d3c5-133f-426f-b74c-86d528d52b18" testListId="8c84fa94-04c1-424b-9868-57a2d4851a1d" />
    <TestEntry testId="66f7b497-0978-0ea2-1d3c-7ee3ddea1eff" executionId="bcaa7e8e-2610-458c-b1b9-34bd218f65fa" testListId="8c84fa94-04c1-424b-9868-57a2d4851a1d" />
    <TestEntry testId="4528dc8d-0996-9892-8508-6f7d2715c1af" executionId="03e33057-4605-44ec-99d7-0441506d78cb" testListId="8c84fa94-04c1-424b-9868-57a2d4851a1d" />
    <TestEntry testId="469cffc7-c257-4390-0298-0673d1e2c22b" executionId="b4db4053-9417-4869-af02-534860a61c75" testListId="8c84fa94-04c1-424b-9868-57a2d4851a1d" />
    <TestEntry testId="094945b4-ebaf-f8ab-b0fe-87dc2f042bd7" executionId="611bdd2a-37d9-4188-a21a-b61bd6ddfd9e" testListId="8c84fa94-04c1-424b-9868-57a2d4851a1d" />
    <TestEntry testId="8654c5c4-4916-f965-8bb6-110243f55a27" executionId="f027ad91-9ccc-404b-90d0-4623eab5bb65" testListId="8c84fa94-04c1-424b-9868-57a2d4851a1d" />
    <TestEntry testId="ebc7785a-c649-e9d7-104d-8f82cf08d47b" executionId="ee21e43c-edc8-42c5-a8ce-5612e0fb3add" testListId="8c84fa94-04c1-424b-9868-57a2d4851a1d" />
    <TestEntry testId="bb3a2d62-8c16-8854-2590-4f5f74c37673" executionId="44b2d306-6ea0-424a-ba7a-c41ffa2a0ffb" testListId="8c84fa94-04c1-424b-9868-57a2d4851a1d" />
    <TestEntry testId="360747ea-6cc8-a2c2-a079-d018cde29375" executionId="b54baed6-2bb2-44b3-ac81-cf23d72d267f" testListId="8c84fa94-04c1-424b-9868-57a2d4851a1d" />
    <TestEntry testId="54d38c8e-b60c-f43f-e134-f56274dcd3fc" executionId="d496e698-2730-49cb-a492-273067423e44" testListId="8c84fa94-04c1-424b-9868-57a2d4851a1d" />
    <TestEntry testId="321f0be5-34d2-550e-dd65-affe7d46dfe7" executionId="b58514b1-eb03-433a-93d9-e73a54ffd337" testListId="8c84fa94-04c1-424b-9868-57a2d4851a1d" />
    <TestEntry testId="44719390-b083-0f55-45b0-79dd87bd3e09" executionId="621e66e6-55ad-4f16-8e48-5e69127b1397" testListId="8c84fa94-04c1-424b-9868-57a2d4851a1d" />
    <TestEntry testId="62f2202e-d6a7-729f-de92-acd6ced670f3" executionId="a90e15cb-e3f3-4c42-a4df-bd77851e59c6" testListId="8c84fa94-04c1-424b-9868-57a2d4851a1d" />
    <TestEntry testId="0001e470-e273-8380-7355-9c6b3a7feb0b" executionId="190ebf31-9840-41a0-996a-3547408db1fa" testListId="8c84fa94-04c1-424b-9868-57a2d4851a1d" />
    <TestEntry testId="9721ddc0-420d-6394-df05-35329ae27b53" executionId="59bd74c8-f11e-4943-8ee2-e503b4aab6c2" testListId="8c84fa94-04c1-424b-9868-57a2d4851a1d" />
    <TestEntry testId="567257e7-77d4-55bc-587f-9ab8eb276b1f" executionId="665f924f-4a91-4005-a4b0-24131bbb6577" testListId="8c84fa94-04c1-424b-9868-57a2d4851a1d" />
    <TestEntry testId="84e0f2e6-a01e-3d83-2111-8edda418f7a0" executionId="88db17b3-be7c-4821-8bc5-8d1e9179cc51" testListId="8c84fa94-04c1-424b-9868-57a2d4851a1d" />
    <TestEntry testId="0aa8e330-23a8-a9d4-9b16-07a4212c6ae9" executionId="022041d1-118b-482e-ba31-1ebbf2da6707" testListId="8c84fa94-04c1-424b-9868-57a2d4851a1d" />
    <TestEntry testId="17f42eb2-e86d-9df8-8d70-815d7401b864" executionId="5d615ffc-62a3-434b-b1aa-51b54b07817a" testListId="8c84fa94-04c1-424b-9868-57a2d4851a1d" />
    <TestEntry testId="fd2efd7b-c50c-5451-8f44-9b01a3c0fb4c" executionId="adfaa736-611b-48c7-8b6f-b926eb379d82" testListId="8c84fa94-04c1-424b-9868-57a2d4851a1d" />
    <TestEntry testId="87ad36f6-a362-a112-57de-48572c4fa611" executionId="e66e06dc-671c-45a4-939e-2a415f02826a" testListId="8c84fa94-04c1-424b-9868-57a2d4851a1d" />
    <TestEntry testId="4656f880-e4c3-5c27-0dab-3161c48b5212" executionId="ae68a9e2-6080-416c-a2f8-49b65212acaa" testListId="8c84fa94-04c1-424b-9868-57a2d4851a1d" />
    <TestEntry testId="60edf5ed-2d85-10f5-c84a-ed1da7fea928" executionId="c362d023-d64b-4295-b6a7-476a99d12b8f" testListId="8c84fa94-04c1-424b-9868-57a2d4851a1d" />
    <TestEntry testId="c63873c1-ea10-6411-d11a-f72c17c13514" executionId="a7d57ddc-3c22-41a7-850e-2e02de85bc4a" testListId="8c84fa94-04c1-424b-9868-57a2d4851a1d" />
    <TestEntry testId="bc724fc2-0801-b974-f04a-e5767001c948" executionId="dd80fa04-af90-438a-8edc-e08fb42bdfc4" testListId="8c84fa94-04c1-424b-9868-57a2d4851a1d" />
    <TestEntry testId="490c607d-8980-2611-404f-fadd7a87fa48" executionId="8895f55a-b248-41c4-93ce-fda5e8b4ef1b" testListId="8c84fa94-04c1-424b-9868-57a2d4851a1d" />
    <TestEntry testId="65621a70-faa0-fe36-3e29-e0e99631584d" executionId="cb66c926-225a-4438-99c9-d07e6738fbc7" testListId="8c84fa94-04c1-424b-9868-57a2d4851a1d" />
    <TestEntry testId="edcef4d4-e39f-586e-b08e-1bbc630da956" executionId="4890b6a2-98a4-4a9f-ad99-fdbf70d1cdf1" testListId="8c84fa94-04c1-424b-9868-57a2d4851a1d" />
    <TestEntry testId="03d0b22b-5019-8a7f-2c6f-f4f8ea07fe27" executionId="a481fb1d-a5fc-4ba0-8131-3256f13eb0d7" testListId="8c84fa94-04c1-424b-9868-57a2d4851a1d" />
    <TestEntry testId="2598e6bb-99ed-a7ae-de2f-723d7fed1a1a" executionId="5302be85-434f-4734-a899-8fd0b2ffdf0c" testListId="8c84fa94-04c1-424b-9868-57a2d4851a1d" />
    <TestEntry testId="9e9d3e20-8bbe-7266-c841-e5dcc466ad9f" executionId="8d466bff-e110-418a-944e-49e178a7863f" testListId="8c84fa94-04c1-424b-9868-57a2d4851a1d" />
    <TestEntry testId="d2d94907-0eb5-d1cc-8d22-898b37289664" executionId="e842c952-7af4-4e27-bc3b-ecbd8287d67f" testListId="8c84fa94-04c1-424b-9868-57a2d4851a1d" />
  </TestEntries>
  <TestLists>
    <TestList name="Results Not in a List" id="8c84fa94-04c1-424b-9868-57a2d4851a1d" />
    <TestList name="All Loaded Results" id="19431567-8539-422a-85d7-44ee4e166bda" />
  </TestLists>
  <ResultSummary outcome="Completed">
    <Counters total="80" executed="80" passed="80" failed="0" error="0" timeout="0" aborted="0" inconclusive="0" passedButRunAborted="0" notRunnable="0" notExecuted="0" disconnected="0" warning="0" completed="0" inProgress="0" pending="0" />
  </ResultSummary>
</TestRun>