<?xml version="1.0" encoding="utf-8"?>
<TestRun id="58d90615-da3a-4717-ab49-0d63b21e1a91" name="DKSR-EFI-06$@DKSR-EFI-06 2024-01-09 15:41:30" runUser="NT AUTHORITY\NETWORK SERVICE" xmlns="http://microsoft.com/schemas/VisualStudio/TeamTest/2010">
  <Times creation="2024-01-09T15:41:30.1694487+01:00" queuing="2024-01-09T15:41:30.1694487+01:00" start="2024-01-09T15:41:18.9350419+01:00" finish="2024-01-09T15:43:58.6854716+01:00" />
  <TestSettings name="default" id="448ac0f6-0045-4dd2-901e-d77d38426332">
    <Deployment runDeploymentRoot="DKSR-EFI-06$_DKSR-EFI-06_2024-01-09_15_41_30" />
  </TestSettings>
  <Results>
    <UnitTestResult executionId="baae862f-2c87-473e-8cde-1c767898a058" testId="c0aa0a52-7d77-6797-eefd-299e6b808fc4" testName="DatabaseConnectionInfoFromStorage_GetConnectionString_Integrated_Success" computerName="DKSR-EFI-06" duration="00:00:00.0062162" startTime="2024-01-09T15:43:12.4978595+01:00" endTime="2024-01-09T15:43:12.5134820+01:00" testType="13cdc9d9-ddb5-4fa4-a97d-d965ccfc6d4b" outcome="Passed" testListId="8c84fa94-04c1-424b-9868-57a2d4851a1d" relativeResultsDirectory="baae862f-2c87-473e-8cde-1c767898a058" />
    <UnitTestResult executionId="d53ff483-235f-48cb-95a0-492025563407" testId="921bbe3f-9b12-880e-5c26-3e0ea6096e5b" testName="DatabaseConnectionCanBeSetOnCommandAfterCreation" computerName="DKSR-EFI-06" duration="00:00:00.0066393" startTime="2024-01-09T15:43:08.4353469+01:00" endTime="2024-01-09T15:43:08.4353469+01:00" testType="13cdc9d9-ddb5-4fa4-a97d-d965ccfc6d4b" outcome="Passed" testListId="8c84fa94-04c1-424b-9868-57a2d4851a1d" relativeResultsDirectory="d53ff483-235f-48cb-95a0-492025563407" />
    <UnitTestResult executionId="70f1b78d-6e86-4fb8-8987-23cda32b1ed7" testId="9b8986c2-1031-9198-5469-7e71a9906561" testName="ConstructDatabaseConnectionInfo_CloneWithChangedDatabaseName_Success" computerName="DKSR-EFI-06" duration="00:00:00.0002811" startTime="2024-01-09T15:43:12.5134820+01:00" endTime="2024-01-09T15:43:12.5134820+01:00" testType="13cdc9d9-ddb5-4fa4-a97d-d965ccfc6d4b" outcome="Passed" testListId="8c84fa94-04c1-424b-9868-57a2d4851a1d" relativeResultsDirectory="70f1b78d-6e86-4fb8-8987-23cda32b1ed7" />
    <UnitTestResult executionId="3eb9206d-3ec3-46ae-9cf6-fd35886506a4" testId="5236636f-f101-4387-1048-021f430cdc7d" testName="IsValidBase64String_DataDrivenTest (AAA,False)" computerName="DKSR-EFI-06" duration="00:00:00.0000109" startTime="2024-01-09T15:41:31.2475802+01:00" endTime="2024-01-09T15:41:31.2475802+01:00" testType="13cdc9d9-ddb5-4fa4-a97d-d965ccfc6d4b" outcome="Passed" testListId="8c84fa94-04c1-424b-9868-57a2d4851a1d" relativeResultsDirectory="3eb9206d-3ec3-46ae-9cf6-fd35886506a4" />
    <UnitTestResult executionId="3e85e131-83a9-4240-a755-5181fb06d932" testId="f9344ffb-dbd5-e93e-8d3e-a55f9219cc21" testName="SimpleVerifySignatureDSA" computerName="DKSR-EFI-06" duration="00:00:00.0887091" startTime="2024-01-09T15:43:57.2792159+01:00" endTime="2024-01-09T15:43:57.3729647+01:00" testType="13cdc9d9-ddb5-4fa4-a97d-d965ccfc6d4b" outcome="Passed" testListId="8c84fa94-04c1-424b-9868-57a2d4851a1d" relativeResultsDirectory="3e85e131-83a9-4240-a755-5181fb06d932" />
    <UnitTestResult executionId="1bac12c3-672d-4d39-b123-a43d0738f94d" testId="6d0e1946-60bc-70f5-178a-f1caca7a1cd4" testName="Parse_WeakWildcard_Https_WithRelativePathTest" computerName="DKSR-EFI-06" duration="00:00:00.0001805" startTime="2024-01-09T15:41:30.6225744+01:00" endTime="2024-01-09T15:41:30.6225744+01:00" testType="13cdc9d9-ddb5-4fa4-a97d-d965ccfc6d4b" outcome="Passed" testListId="8c84fa94-04c1-424b-9868-57a2d4851a1d" relativeResultsDirectory="1bac12c3-672d-4d39-b123-a43d0738f94d" />
    <UnitTestResult executionId="4eeae3c6-4fb5-428b-9257-c59df402edee" testId="ed3de6dd-8f36-30c1-6222-3d0da5b20a19" testName="Constructor_ShouldThrow_WhenSecureFolderIsNull" computerName="DKSR-EFI-06" duration="00:00:00.0006150" startTime="2024-01-09T15:42:37.2790033+01:00" endTime="2024-01-09T15:42:37.2790033+01:00" testType="13cdc9d9-ddb5-4fa4-a97d-d965ccfc6d4b" outcome="Passed" testListId="8c84fa94-04c1-424b-9868-57a2d4851a1d" relativeResultsDirectory="4eeae3c6-4fb5-428b-9257-c59df402edee" />
    <UnitTestResult executionId="ca0041c9-b5e1-4e24-95f5-3ded1b2d49e8" testId="ac356aac-15fb-54ef-ad39-79e6f940bfad" testName="Initialize_ValidArgsOnline_Success" computerName="DKSR-EFI-06" duration="00:00:00.0001921" startTime="2024-01-09T15:42:37.5915051+01:00" endTime="2024-01-09T15:42:37.5915051+01:00" testType="13cdc9d9-ddb5-4fa4-a97d-d965ccfc6d4b" outcome="Passed" testListId="8c84fa94-04c1-424b-9868-57a2d4851a1d" relativeResultsDirectory="ca0041c9-b5e1-4e24-95f5-3ded1b2d49e8" />
    <UnitTestResult executionId="d279234a-aec1-4235-8e8b-987e45af4ebc" testId="05ad9f73-0dc9-9009-a233-ac97a06cdea9" testName="HSL_ToRGB_ReturnsProperColor_OnMilestoneBlue" computerName="DKSR-EFI-06" duration="00:00:00.0050676" startTime="2024-01-09T15:43:57.4354667+01:00" endTime="2024-01-09T15:43:57.4510903+01:00" testType="13cdc9d9-ddb5-4fa4-a97d-d965ccfc6d4b" outcome="Passed" testListId="8c84fa94-04c1-424b-9868-57a2d4851a1d" relativeResultsDirectory="d279234a-aec1-4235-8e8b-987e45af4ebc" />
    <UnitTestResult executionId="8ebb740d-83f0-4407-80c5-d0d6e16aeaf3" testId="41c52249-7698-71fe-ff0e-3e351e2dcccd" testName="ExecuteQueryTest" computerName="DKSR-EFI-06" duration="00:00:00.0849503" startTime="2024-01-09T15:43:07.8415942+01:00" endTime="2024-01-09T15:43:07.9353445+01:00" testType="13cdc9d9-ddb5-4fa4-a97d-d965ccfc6d4b" outcome="Passed" testListId="8c84fa94-04c1-424b-9868-57a2d4851a1d" relativeResultsDirectory="8ebb740d-83f0-4407-80c5-d0d6e16aeaf3" />
    <UnitTestResult executionId="93b35202-ab68-412d-9342-683b91eec6cd" testId="1d6beb11-0274-40f5-e90d-24ccaf0432c0" testName="Parse_InvalidData_EmptyStringTest" computerName="DKSR-EFI-06" duration="00:00:00.0005523" startTime="2024-01-09T15:41:30.6382048+01:00" endTime="2024-01-09T15:41:30.6382048+01:00" testType="13cdc9d9-ddb5-4fa4-a97d-d965ccfc6d4b" outcome="Passed" testListId="8c84fa94-04c1-424b-9868-57a2d4851a1d" relativeResultsDirectory="93b35202-ab68-412d-9342-683b91eec6cd" />
    <UnitTestResult executionId="2d790492-4299-495f-b28d-876900fb9289" testId="eb6713ef-6a60-6fef-f5bb-959c27e27fc5" testName="ConstructDatabaseConnectionInfo_CloneForMaster_Success" computerName="DKSR-EFI-06" duration="00:00:00.0015829" startTime="2024-01-09T15:43:12.5134820+01:00" endTime="2024-01-09T15:43:12.5134820+01:00" testType="13cdc9d9-ddb5-4fa4-a97d-d965ccfc6d4b" outcome="Passed" testListId="8c84fa94-04c1-424b-9868-57a2d4851a1d" relativeResultsDirectory="2d790492-4299-495f-b28d-876900fb9289" />
    <UnitTestResult executionId="fe44af46-9557-48df-83ce-dbc65502b3e5" testId="aec11fee-b228-804c-d242-d960744ceb55" testName="ReadPassword_CorrectlyThrowsSecurityException_WhenPermissionsError" computerName="DKSR-EFI-06" duration="00:00:00.0011802" startTime="2024-01-09T15:42:37.2321292+01:00" endTime="2024-01-09T15:42:37.2321292+01:00" testType="13cdc9d9-ddb5-4fa4-a97d-d965ccfc6d4b" outcome="Passed" testListId="8c84fa94-04c1-424b-9868-57a2d4851a1d" relativeResultsDirectory="fe44af46-9557-48df-83ce-dbc65502b3e5" />
    <UnitTestResult executionId="dfe7a148-b0a4-472b-a28a-f6170df9f85a" testId="ea5f9d0a-a52f-9a24-e46b-3856d2f10f55" testName="TestLoadOf2DifferentResources" computerName="DKSR-EFI-06" duration="00:00:00.2267050" startTime="2024-01-09T15:41:32.3569649+01:00" endTime="2024-01-09T15:41:32.5757156+01:00" testType="13cdc9d9-ddb5-4fa4-a97d-d965ccfc6d4b" outcome="Passed" testListId="8c84fa94-04c1-424b-9868-57a2d4851a1d" relativeResultsDirectory="dfe7a148-b0a4-472b-a28a-f6170df9f85a" />
    <UnitTestResult executionId="62feaab6-0444-44c9-98d4-b4cf4a0c7ed2" testId="7b0ff6f9-12f6-78a0-6d49-91c774d22925" testName="ChangePassword_ShouldNotUpdateKey_WhenPasswordFileIsInaccessible" computerName="DKSR-EFI-06" duration="00:00:00.0166701" startTime="2024-01-09T15:42:37.3883786+01:00" endTime="2024-01-09T15:42:37.4040051+01:00" testType="13cdc9d9-ddb5-4fa4-a97d-d965ccfc6d4b" outcome="Passed" testListId="8c84fa94-04c1-424b-9868-57a2d4851a1d" relativeResultsDirectory="62feaab6-0444-44c9-98d4-b4cf4a0c7ed2" />
    <UnitTestResult executionId="2257f5bf-c3c7-4c13-8250-9c5d5696acd4" testId="c552fac3-4ea7-3779-fb95-3ba1158677c6" testName="GetValue_AlwaysGetsNewestValue_WhenCustomComparerReturnsNoDifference" computerName="DKSR-EFI-06" duration="00:00:00.0019302" startTime="2024-01-09T15:41:30.4194485+01:00" endTime="2024-01-09T15:41:30.4194485+01:00" testType="13cdc9d9-ddb5-4fa4-a97d-d965ccfc6d4b" outcome="Passed" testListId="8c84fa94-04c1-424b-9868-57a2d4851a1d" relativeResultsDirectory="2257f5bf-c3c7-4c13-8250-9c5d5696acd4" />
    <UnitTestResult executionId="22cd4c51-ee04-4773-8762-72b0f40ac585" testId="f6d26f80-8605-5ec6-603e-727ed3a6876d" testName="OpenCloseConnection_Success" computerName="DKSR-EFI-06" duration="00:00:00.5556728" startTime="2024-01-09T15:43:12.5447325+01:00" endTime="2024-01-09T15:43:13.1072352+01:00" testType="13cdc9d9-ddb5-4fa4-a97d-d965ccfc6d4b" outcome="Passed" testListId="8c84fa94-04c1-424b-9868-57a2d4851a1d" relativeResultsDirectory="22cd4c51-ee04-4773-8762-72b0f40ac585" />
    <UnitTestResult executionId="5f6a4786-910a-4e05-ab44-75fa9e186fe2" testId="36fe7898-eb5f-712d-8973-bbdeb7d95415" testName="Set_From_Run_Task_Generic" computerName="DKSR-EFI-06" duration="00:00:00.0049009" startTime="2024-01-09T15:41:31.7475850+01:00" endTime="2024-01-09T15:41:31.7475850+01:00" testType="13cdc9d9-ddb5-4fa4-a97d-d965ccfc6d4b" outcome="Passed" testListId="8c84fa94-04c1-424b-9868-57a2d4851a1d" relativeResultsDirectory="5f6a4786-910a-4e05-ab44-75fa9e186fe2" />
    <UnitTestResult executionId="a610a1da-17f1-4aec-b3b8-c26cda007eb4" testId="cfc46475-9003-7061-8414-2cf74b691cc4" testName="TestIsValidHostName_WithEmptyString" computerName="DKSR-EFI-06" duration="00:00:00.0005419" startTime="2024-01-09T15:43:55.2635811+01:00" endTime="2024-01-09T15:43:55.2635811+01:00" testType="13cdc9d9-ddb5-4fa4-a97d-d965ccfc6d4b" outcome="Passed" testListId="8c84fa94-04c1-424b-9868-57a2d4851a1d" relativeResultsDirectory="a610a1da-17f1-4aec-b3b8-c26cda007eb4">
      <Output>
        <StdOut>Debug Trace:&#xD;
Fail: hostName is an empty string</StdOut>
      </Output>
    </UnitTestResult>
    <UnitTestResult executionId="2ef4dff8-6c47-4043-9ca9-839cbbcd2ee4" testId="1080b5ef-a946-c104-f8d8-18a170135d76" testName="SecureFolderWithUserAccountAccessGetsCreatedCorrectlyOnlyAdmin" computerName="DKSR-EFI-06" duration="00:00:00.0014165" startTime="2024-01-09T15:41:32.3100895+01:00" endTime="2024-01-09T15:41:32.3257124+01:00" testType="13cdc9d9-ddb5-4fa4-a97d-d965ccfc6d4b" outcome="Passed" testListId="8c84fa94-04c1-424b-9868-57a2d4851a1d" relativeResultsDirectory="2ef4dff8-6c47-4043-9ca9-839cbbcd2ee4" />
    <UnitTestResult executionId="c5a18153-0931-4b4a-87ea-e21c74ab7aa3" testId="519e41a2-1113-39e3-d737-8f8a6f913746" testName="CreateStrongWildcard_InvalidPort" computerName="DKSR-EFI-06" duration="00:00:00.0008260" startTime="2024-01-09T15:41:30.6694511+01:00" endTime="2024-01-09T15:41:30.6694511+01:00" testType="13cdc9d9-ddb5-4fa4-a97d-d965ccfc6d4b" outcome="Passed" testListId="8c84fa94-04c1-424b-9868-57a2d4851a1d" relativeResultsDirectory="c5a18153-0931-4b4a-87ea-e21c74ab7aa3" />
    <UnitTestResult executionId="22acefa7-4a6a-47d7-87cf-0684cfdfcaa7" testId="cb6625e8-d5a4-6ab8-1a3a-1a40acb593d9" testName="Sync_Once" computerName="DKSR-EFI-06" duration="00:00:00.0128299" startTime="2024-01-09T15:43:57.6229668+01:00" endTime="2024-01-09T15:43:57.6385928+01:00" testType="13cdc9d9-ddb5-4fa4-a97d-d965ccfc6d4b" outcome="Passed" testListId="8c84fa94-04c1-424b-9868-57a2d4851a1d" relativeResultsDirectory="22acefa7-4a6a-47d7-87cf-0684cfdfcaa7" />
    <UnitTestResult executionId="a0b7d77e-ae5f-4036-9beb-0efb73c8e744" testId="47f73a93-11c7-cac7-c7bc-9b90da7449c9" testName="PasswordTwoRequirements" computerName="DKSR-EFI-06" duration="00:00:00.0010943" startTime="2024-01-09T15:41:30.1069458+01:00" endTime="2024-01-09T15:41:30.1069458+01:00" testType="13cdc9d9-ddb5-4fa4-a97d-d965ccfc6d4b" outcome="Passed" testListId="8c84fa94-04c1-424b-9868-57a2d4851a1d" relativeResultsDirectory="a0b7d77e-ae5f-4036-9beb-0efb73c8e744" />
    <UnitTestResult executionId="ff39214e-40ea-4b1a-b9f5-6bc7f1c0143c" testId="3961b1e6-9a4e-7bf7-e608-3495a77691a3" testName="ValidateWebAddress_WithEmpty" computerName="DKSR-EFI-06" duration="00:00:00.0005734" startTime="2024-01-09T15:43:55.2479579+01:00" endTime="2024-01-09T15:43:55.2479579+01:00" testType="13cdc9d9-ddb5-4fa4-a97d-d965ccfc6d4b" outcome="Passed" testListId="8c84fa94-04c1-424b-9868-57a2d4851a1d" relativeResultsDirectory="ff39214e-40ea-4b1a-b9f5-6bc7f1c0143c">
      <Output>
        <StdOut>Debug Trace:&#xD;
Fail: address is an empty string&#xD;
Fail: address is an empty string&#xD;
Fail: address is an empty string</StdOut>
      </Output>
    </UnitTestResult>
    <UnitTestResult executionId="2dc0bac6-b603-40ea-b1d4-b005f049c5dc" testId="ea331341-2f4e-7558-3dc3-a10798b3016a" testName="MacAddressUtilities_CreateHashString_ArgumentException_NotHex" computerName="DKSR-EFI-06" duration="00:00:00.0005333" startTime="2024-01-09T15:43:55.2948327+01:00" endTime="2024-01-09T15:43:55.2948327+01:00" testType="13cdc9d9-ddb5-4fa4-a97d-d965ccfc6d4b" outcome="Passed" testListId="8c84fa94-04c1-424b-9868-57a2d4851a1d" relativeResultsDirectory="2dc0bac6-b603-40ea-b1d4-b005f049c5dc" />
    <UnitTestResult executionId="cdae1a2f-5e6f-4e0b-be5d-fe9eced28189" testId="a568b409-38f1-6ad9-4f1d-3150733bf202" testName="ConstructDatabaseConnectionInfo_DatabaseSourceAndDatabaseName_Success" computerName="DKSR-EFI-06" duration="00:00:00.0014925" startTime="2024-01-09T15:43:12.5134820+01:00" endTime="2024-01-09T15:43:12.5134820+01:00" testType="13cdc9d9-ddb5-4fa4-a97d-d965ccfc6d4b" outcome="Passed" testListId="8c84fa94-04c1-424b-9868-57a2d4851a1d" relativeResultsDirectory="cdae1a2f-5e6f-4e0b-be5d-fe9eced28189" />
    <UnitTestResult executionId="c8a2ef3e-9dea-4b96-9f28-0a6eedb9b3ba" testId="e9766c79-9236-08e6-5284-2828780a17e2" testName="ConstructDatabaseConnectionInfo_AuthenticationTypeFromConnectionString_Success" computerName="DKSR-EFI-06" duration="00:00:00.0060114" startTime="2024-01-09T15:43:12.5291078+01:00" endTime="2024-01-09T15:43:12.5447325+01:00" testType="13cdc9d9-ddb5-4fa4-a97d-d965ccfc6d4b" outcome="Passed" testListId="8c84fa94-04c1-424b-9868-57a2d4851a1d" relativeResultsDirectory="c8a2ef3e-9dea-4b96-9f28-0a6eedb9b3ba" />
    <UnitTestResult executionId="d2ce5bec-1889-4cd8-ad2a-67fd39d371e2" testId="3f15cb76-28ca-0676-96b0-c46697fd69a3" testName="AccessControlUpdater_SetFileAccessControl_RemoveAccessRuleReturnsFalse" computerName="DKSR-EFI-06" duration="00:00:00.0523303" startTime="2024-01-09T15:41:32.2007119+01:00" endTime="2024-01-09T15:41:32.2475874+01:00" testType="13cdc9d9-ddb5-4fa4-a97d-d965ccfc6d4b" outcome="Passed" testListId="8c84fa94-04c1-424b-9868-57a2d4851a1d" relativeResultsDirectory="d2ce5bec-1889-4cd8-ad2a-67fd39d371e2" />
    <UnitTestResult executionId="eb679470-9259-4240-9713-475527c353a0" testId="b74dea82-9668-8988-05d7-33e650060d9c" testName="Construct_RetrievesInvalidConfigurationFromReader_NullValue_Throws_InvalidConnectionStringException" computerName="DKSR-EFI-06" duration="00:00:00.0013238" startTime="2024-01-09T15:43:55.0760803+01:00" endTime="2024-01-09T15:43:55.0760803+01:00" testType="13cdc9d9-ddb5-4fa4-a97d-d965ccfc6d4b" outcome="Passed" testListId="8c84fa94-04c1-424b-9868-57a2d4851a1d" relativeResultsDirectory="eb679470-9259-4240-9713-475527c353a0" />
    <UnitTestResult executionId="a33b8127-03c2-4e4d-a672-4aa00c29e52b" testId="6c9d2a58-7908-5e4c-5a13-c7af8613eb4d" testName="ScheduleNextRun_CalledOnce_CancelledBeforeTimedDelayTriggered_Success" computerName="DKSR-EFI-06" startTime="2024-01-09T15:41:31.5913301+01:00" endTime="2024-01-09T15:41:31.5913301+01:00" testType="13cdc9d9-ddb5-4fa4-a97d-d965ccfc6d4b" outcome="NotExecuted" testListId="8c84fa94-04c1-424b-9868-57a2d4851a1d" relativeResultsDirectory="a33b8127-03c2-4e4d-a672-4aa00c29e52b">
      <Output></Output>
    </UnitTestResult>
    <UnitTestResult executionId="2a05fe5b-1c0e-4ce9-a1a2-bb89b8f11005" testId="b274d9ea-c57d-3fb4-e198-c80ba7111b51" testName="FormatTimeSpanStringTest7" computerName="DKSR-EFI-06" duration="00:00:00.0002977" startTime="2024-01-09T15:41:30.1850719+01:00" endTime="2024-01-09T15:41:30.1850719+01:00" testType="13cdc9d9-ddb5-4fa4-a97d-d965ccfc6d4b" outcome="Passed" testListId="8c84fa94-04c1-424b-9868-57a2d4851a1d" relativeResultsDirectory="2a05fe5b-1c0e-4ce9-a1a2-bb89b8f11005" />
    <UnitTestResult executionId="e08084ca-6f17-4853-b038-2f3d29ebe3a0" testId="6c12bb8d-3fcd-ce0c-8c0e-f9a545e5d0e9" testName="Parse_Explicit_Https_WithRelativePathTest" computerName="DKSR-EFI-06" duration="00:00:00.0002010" startTime="2024-01-09T15:41:30.6225744+01:00" endTime="2024-01-09T15:41:30.6225744+01:00" testType="13cdc9d9-ddb5-4fa4-a97d-d965ccfc6d4b" outcome="Passed" testListId="8c84fa94-04c1-424b-9868-57a2d4851a1d" relativeResultsDirectory="e08084ca-6f17-4853-b038-2f3d29ebe3a0" />
    <UnitTestResult executionId="8c643a00-3166-4d03-9287-94b712a80887" testId="bb2beaed-b9d7-d298-993e-2c026228f646" testName="Dequeues_Five_Messages_Post_Added" computerName="DKSR-EFI-06" duration="00:00:00.0010549" startTime="2024-01-09T15:43:57.4667161+01:00" endTime="2024-01-09T15:43:57.4667161+01:00" testType="13cdc9d9-ddb5-4fa4-a97d-d965ccfc6d4b" outcome="Passed" testListId="8c84fa94-04c1-424b-9868-57a2d4851a1d" relativeResultsDirectory="8c643a00-3166-4d03-9287-94b712a80887" />
    <UnitTestResult executionId="24b3e51b-2951-42ff-b92c-15350145cbcb" testId="df428e74-abbd-9d65-2a41-bac9bd58b6db" testName="FormatByteSizeStringTest6" computerName="DKSR-EFI-06" duration="00:00:00.0004146" startTime="2024-01-09T15:41:30.2163245+01:00" endTime="2024-01-09T15:41:30.2163245+01:00" testType="13cdc9d9-ddb5-4fa4-a97d-d965ccfc6d4b" outcome="Passed" testListId="8c84fa94-04c1-424b-9868-57a2d4851a1d" relativeResultsDirectory="24b3e51b-2951-42ff-b92c-15350145cbcb" />
    <UnitTestResult executionId="e729d5fc-b89b-4635-a986-2c7d3cce1d04" testId="02b89666-b70e-5c0e-bed1-fe458440e8cc" testName="Parse_StrongWildcard_Http_WithRelativePathTest" computerName="DKSR-EFI-06" duration="00:00:00.0001931" startTime="2024-01-09T15:41:30.6069503+01:00" endTime="2024-01-09T15:41:30.6069503+01:00" testType="13cdc9d9-ddb5-4fa4-a97d-d965ccfc6d4b" outcome="Passed" testListId="8c84fa94-04c1-424b-9868-57a2d4851a1d" relativeResultsDirectory="e729d5fc-b89b-4635-a986-2c7d3cce1d04" />
    <UnitTestResult executionId="ff3ca35c-d94c-4b14-8ca3-8362b45ff47f" testId="f9365f57-5bb5-37f3-e6d7-f044fc7b06b0" testName="GetAllParametersWithNoParameters" computerName="DKSR-EFI-06" duration="00:00:00.0051608" startTime="2024-01-09T15:43:09.0603482+01:00" endTime="2024-01-09T15:43:09.0759729+01:00" testType="13cdc9d9-ddb5-4fa4-a97d-d965ccfc6d4b" outcome="Passed" testListId="8c84fa94-04c1-424b-9868-57a2d4851a1d" relativeResultsDirectory="ff3ca35c-d94c-4b14-8ca3-8362b45ff47f" />
    <UnitTestResult executionId="566e3ed7-1198-451d-b983-f03e7a148750" testId="4fb4995f-1c2f-c537-7e80-5b61f9c16899" testName="ExecuteQueryTestReaderAsync" computerName="DKSR-EFI-06" duration="00:00:00.0703329" startTime="2024-01-09T15:43:07.9353445+01:00" endTime="2024-01-09T15:43:07.9978438+01:00" testType="13cdc9d9-ddb5-4fa4-a97d-d965ccfc6d4b" outcome="Passed" testListId="8c84fa94-04c1-424b-9868-57a2d4851a1d" relativeResultsDirectory="566e3ed7-1198-451d-b983-f03e7a148750" />
    <UnitTestResult executionId="d21d588f-9034-4b24-91d1-c0be9311f8ad" testId="02a432cf-4b04-c72f-1b20-0817c3291678" testName="GetSqlConnection_IntegratedSecuritySetUsingYes_Success" computerName="DKSR-EFI-06" duration="00:00:00.0008515" startTime="2024-01-09T15:43:55.1229592+01:00" endTime="2024-01-09T15:43:55.1385826+01:00" testType="13cdc9d9-ddb5-4fa4-a97d-d965ccfc6d4b" outcome="Passed" testListId="8c84fa94-04c1-424b-9868-57a2d4851a1d" relativeResultsDirectory="d21d588f-9034-4b24-91d1-c0be9311f8ad" />
    <UnitTestResult executionId="50f73f01-9761-4e17-ba85-b6d09f0abd5d" testId="342537f6-8a0d-6ff0-8e49-021dfa1dd8a5" testName="DeadlockedOperationsAreRetried" computerName="DKSR-EFI-06" duration="00:00:11.4274570" startTime="2024-01-09T15:43:26.8885026+01:00" endTime="2024-01-09T15:43:38.3260202+01:00" testType="13cdc9d9-ddb5-4fa4-a97d-d965ccfc6d4b" outcome="Passed" testListId="8c84fa94-04c1-424b-9868-57a2d4851a1d" relativeResultsDirectory="50f73f01-9761-4e17-ba85-b6d09f0abd5d" />
    <UnitTestResult executionId="35b189eb-e2fb-41b1-88f2-49e77480b9c8" testId="f367e524-c1bc-ef8d-3a94-8969f7cfeb92" testName="DatabaseConnectionInfoFromStorage_GetConnectionString_NewPasswordConfigured_Success" computerName="DKSR-EFI-06" duration="00:00:00.0084457" startTime="2024-01-09T15:43:12.4666098+01:00" endTime="2024-01-09T15:43:12.4822344+01:00" testType="13cdc9d9-ddb5-4fa4-a97d-d965ccfc6d4b" outcome="Passed" testListId="8c84fa94-04c1-424b-9868-57a2d4851a1d" relativeResultsDirectory="35b189eb-e2fb-41b1-88f2-49e77480b9c8" />
    <UnitTestResult executionId="d39198c5-a75c-4cc6-8dbe-cb02fb3d0e7e" testId="577a9233-f48b-3c20-0c8c-6cd838d96866" testName="Construct_ValidInstance_DefaultConstructor_Success" computerName="DKSR-EFI-06" duration="00:00:00.0006729" startTime="2024-01-09T15:41:31.5757063+01:00" endTime="2024-01-09T15:41:31.5757063+01:00" testType="13cdc9d9-ddb5-4fa4-a97d-d965ccfc6d4b" outcome="Passed" testListId="8c84fa94-04c1-424b-9868-57a2d4851a1d" relativeResultsDirectory="d39198c5-a75c-4cc6-8dbe-cb02fb3d0e7e" />
    <UnitTestResult executionId="65661acb-8e52-4770-ade4-5451944bd794" testId="1ba5436e-01a2-6387-85da-a1e3d5b0618d" testName="OnlyRetriesALimitedNumberOfTimesOnConnectionError" computerName="DKSR-EFI-06" duration="00:00:11.0906007" startTime="2024-01-09T15:43:15.3884897+01:00" endTime="2024-01-09T15:43:26.4666265+01:00" testType="13cdc9d9-ddb5-4fa4-a97d-d965ccfc6d4b" outcome="Passed" testListId="8c84fa94-04c1-424b-9868-57a2d4851a1d" relativeResultsDirectory="65661acb-8e52-4770-ade4-5451944bd794" />
    <UnitTestResult executionId="ee7fcce7-6d50-489f-8ee2-b445901ea641" testId="1fd80ead-9458-b2f1-f7f8-4f30eeb7cd1a" testName="Parse_StrongWildcard_Http_WithRelativePathTest_NoTrailingSlash" computerName="DKSR-EFI-06" duration="00:00:00.0002029" startTime="2024-01-09T15:41:30.6069503+01:00" endTime="2024-01-09T15:41:30.6069503+01:00" testType="13cdc9d9-ddb5-4fa4-a97d-d965ccfc6d4b" outcome="Passed" testListId="8c84fa94-04c1-424b-9868-57a2d4851a1d" relativeResultsDirectory="ee7fcce7-6d50-489f-8ee2-b445901ea641" />
    <UnitTestResult executionId="5c978fd4-525e-42f4-8884-1e2b6684e48f" testId="40a03c98-b1a5-cb45-5715-a2bb2b1368ea" testName="Constructor_DatabaseColumnBinder_Success" computerName="DKSR-EFI-06" duration="00:00:00.0004161" startTime="2024-01-09T15:43:08.2166001+01:00" endTime="2024-01-09T15:43:08.2166001+01:00" testType="13cdc9d9-ddb5-4fa4-a97d-d965ccfc6d4b" outcome="Passed" testListId="8c84fa94-04c1-424b-9868-57a2d4851a1d" relativeResultsDirectory="5c978fd4-525e-42f4-8884-1e2b6684e48f" />
    <UnitTestResult executionId="2fad0a7b-fab5-4fa7-99b8-6a5db04d4445" testId="c5f9deb1-ff12-b2cb-3433-80ded536108c" testName="EncryptionFactory_KeyInformationIsTheSame_OnCreateAsymmetricForLicenseInstanceFromCngKey" computerName="DKSR-EFI-06" duration="00:00:00.0180187" startTime="2024-01-09T15:43:57.1073400+01:00" endTime="2024-01-09T15:43:57.1229661+01:00" testType="13cdc9d9-ddb5-4fa4-a97d-d965ccfc6d4b" outcome="Passed" testListId="8c84fa94-04c1-424b-9868-57a2d4851a1d" relativeResultsDirectory="2fad0a7b-fab5-4fa7-99b8-6a5db04d4445" />
    <UnitTestResult executionId="795c13aa-e823-4933-a777-47e89918df1b" testId="de573e68-dc1a-4918-71c1-6d19c481580b" testName="ShowHelp_OfflineWorkflowWithLocale_HelpFileMissing__DisplayHtmlHelp_Exception" computerName="DKSR-EFI-06" duration="00:00:00.0208256" startTime="2024-01-09T15:42:37.6540040+01:00" endTime="2024-01-09T15:42:37.6852547+01:00" testType="13cdc9d9-ddb5-4fa4-a97d-d965ccfc6d4b" outcome="Passed" testListId="8c84fa94-04c1-424b-9868-57a2d4851a1d" relativeResultsDirectory="795c13aa-e823-4933-a777-47e89918df1b">
      <Output>
        <StdOut>Debug Trace:&#xD;
Help &gt;&gt;&gt; file:///D:/actions-runner/_work/XPCO/XPCO/Common/VideoOS.Utilities/VideoOS.Utilities.UnitTests/bin/Debug/net472/HtmlHelp/da-Dk/missing_file.htm#cshid=53</StdOut>
      </Output>
    </UnitTestResult>
    <UnitTestResult executionId="570c5ba2-cbd9-44f0-81c1-117bf4448b2b" testId="b27ba75a-d70a-287a-5d9e-b65a42439631" testName="ExecuteReaderWithMultipleParametersAsyncNoArgs" computerName="DKSR-EFI-06" duration="00:00:00.0092676" startTime="2024-01-09T15:43:08.8572224+01:00" endTime="2024-01-09T15:43:08.8572224+01:00" testType="13cdc9d9-ddb5-4fa4-a97d-d965ccfc6d4b" outcome="Passed" testListId="8c84fa94-04c1-424b-9868-57a2d4851a1d" relativeResultsDirectory="570c5ba2-cbd9-44f0-81c1-117bf4448b2b" />
    <UnitTestResult executionId="892a3289-dbd2-4a6e-acb2-f393c9f8f7b5" testId="ca6f0e31-7450-a0ca-4bc4-724a3bf1beb8" testName="CheckSignatureWithWrongKey" computerName="DKSR-EFI-06" duration="00:00:00.0014486" startTime="2024-01-09T15:43:57.3885901+01:00" endTime="2024-01-09T15:43:57.3885901+01:00" testType="13cdc9d9-ddb5-4fa4-a97d-d965ccfc6d4b" outcome="Passed" testListId="8c84fa94-04c1-424b-9868-57a2d4851a1d" relativeResultsDirectory="892a3289-dbd2-4a6e-acb2-f393c9f8f7b5" />
    <UnitTestResult executionId="f93df8aa-5694-4c81-963e-730aeee26582" testId="648022f1-3bdd-5333-fbf2-f52900fdfbaf" testName="Given_FeaturesAreAvailable_When_EnsureFeaturesAreInstalled_WithFeaturesThatFailsWhenInstalling_Then_EnableFeaturesAreCalledWithExpectedArgumentsAndMethodReturnsTheFailingFeature" computerName="DKSR-EFI-06" duration="00:00:00.0431006" startTime="2024-01-09T15:42:38.0602562+01:00" endTime="2024-01-09T15:42:38.1071332+01:00" testType="13cdc9d9-ddb5-4fa4-a97d-d965ccfc6d4b" outcome="Passed" testListId="8c84fa94-04c1-424b-9868-57a2d4851a1d" relativeResultsDirectory="f93df8aa-5694-4c81-963e-730aeee26582" />
    <UnitTestResult executionId="3c80aa3b-ed56-44dd-835e-1d73d0dc0f7b" testId="5a5341a2-ae72-edbb-3ba1-5c07a01ee3cd" testName="ComputeHash_ShouldReturnSameHashForSameString" computerName="DKSR-EFI-06" duration="00:00:00.0079068" startTime="2024-01-09T15:43:57.1229661+01:00" endTime="2024-01-09T15:43:57.1385910+01:00" testType="13cdc9d9-ddb5-4fa4-a97d-d965ccfc6d4b" outcome="Passed" testListId="8c84fa94-04c1-424b-9868-57a2d4851a1d" relativeResultsDirectory="3c80aa3b-ed56-44dd-835e-1d73d0dc0f7b" />
    <UnitTestResult executionId="d6a3d646-7098-4a7b-8fba-146811ddcdee" testId="17e8d08f-f1d5-876f-3d0c-916dddf52252" testName="Given_TooShortPassword_When_Validating_AProperErrorMessageIsReturned" computerName="DKSR-EFI-06" duration="00:00:00.0012680" startTime="2024-01-09T15:41:30.1225707+01:00" endTime="2024-01-09T15:41:30.1225707+01:00" testType="13cdc9d9-ddb5-4fa4-a97d-d965ccfc6d4b" outcome="Passed" testListId="8c84fa94-04c1-424b-9868-57a2d4851a1d" relativeResultsDirectory="d6a3d646-7098-4a7b-8fba-146811ddcdee" />
    <UnitTestResult executionId="3f63dc84-f25c-4d1a-ace1-ad3cc66a3f8c" testId="1f72ae76-a2d4-09ee-f4d8-0ec9ccf3a352" testName="Integration_ReadSslConfigurationsTest" computerName="DKSR-EFI-06" duration="00:00:00.0385987" startTime="2024-01-09T15:41:30.9819549+01:00" endTime="2024-01-09T15:41:31.0132024+01:00" testType="13cdc9d9-ddb5-4fa4-a97d-d965ccfc6d4b" outcome="Passed" testListId="8c84fa94-04c1-424b-9868-57a2d4851a1d" relativeResultsDirectory="3f63dc84-f25c-4d1a-ace1-ad3cc66a3f8c" />
    <UnitTestResult executionId="3fbdf591-1be6-41c2-a46b-67e02fa4ac60" testId="ef5212b0-4020-30a6-8db2-7922698faddd" testName="DatabaseParametersTest" computerName="DKSR-EFI-06" duration="00:00:00.0109649" startTime="2024-01-09T15:43:08.1072204+01:00" endTime="2024-01-09T15:43:08.1228444+01:00" testType="13cdc9d9-ddb5-4fa4-a97d-d965ccfc6d4b" outcome="Passed" testListId="8c84fa94-04c1-424b-9868-57a2d4851a1d" relativeResultsDirectory="3fbdf591-1be6-41c2-a46b-67e02fa4ac60" />
    <UnitTestResult executionId="27e642a2-7990-442b-8416-cb6d42b3715b" testId="507232d5-754f-e710-0185-2ff162f52ec5" testName="IsValidBase64String_DataDrivenTest (==,False)" computerName="DKSR-EFI-06" duration="00:00:00.0000095" startTime="2024-01-09T15:41:31.2632448+01:00" endTime="2024-01-09T15:41:31.2632448+01:00" testType="13cdc9d9-ddb5-4fa4-a97d-d965ccfc6d4b" outcome="Passed" testListId="8c84fa94-04c1-424b-9868-57a2d4851a1d" relativeResultsDirectory="27e642a2-7990-442b-8416-cb6d42b3715b" />
    <UnitTestResult executionId="35cca146-4bbe-48d8-b7fc-acc4bfce53f7" testId="b1bfcc7e-9f9c-584d-69d0-055c84b7a472" testName="IsValidBase64String_DataDrivenTest (=,False)" computerName="DKSR-EFI-06" duration="00:00:00.0000108" startTime="2024-01-09T15:41:31.2632448+01:00" endTime="2024-01-09T15:41:31.2632448+01:00" testType="13cdc9d9-ddb5-4fa4-a97d-d965ccfc6d4b" outcome="Passed" testListId="8c84fa94-04c1-424b-9868-57a2d4851a1d" relativeResultsDirectory="35cca146-4bbe-48d8-b7fc-acc4bfce53f7" />
    <UnitTestResult executionId="06c93a01-494c-4a87-a89a-bf2995436c26" testId="343615c7-90df-949d-2ce9-b18728ead0ec" testName="GetContentFromActivatedLicenseFile_DecryptLicense_Success" computerName="DKSR-EFI-06" duration="00:00:00.0520492" startTime="2024-01-09T15:41:32.7163404+01:00" endTime="2024-01-09T15:41:32.7632159+01:00" testType="13cdc9d9-ddb5-4fa4-a97d-d965ccfc6d4b" outcome="Passed" testListId="8c84fa94-04c1-424b-9868-57a2d4851a1d" relativeResultsDirectory="06c93a01-494c-4a87-a89a-bf2995436c26" />
    <UnitTestResult executionId="e0bc4454-115c-4aed-92a3-0744f40d2516" testId="7846512e-b2de-90fb-3989-273d6ef474d7" testName="GetSqlConnection_TrustedConnectionWithUsernameAndPasswordSupplied__RemovesUserCredentials_Success" computerName="DKSR-EFI-06" duration="00:00:00.0012552" startTime="2024-01-09T15:43:55.1698332+01:00" endTime="2024-01-09T15:43:55.1698332+01:00" testType="13cdc9d9-ddb5-4fa4-a97d-d965ccfc6d4b" outcome="Passed" testListId="8c84fa94-04c1-424b-9868-57a2d4851a1d" relativeResultsDirectory="e0bc4454-115c-4aed-92a3-0744f40d2516" />
    <UnitTestResult executionId="6c06d6a4-61af-423d-88e8-22de8cbd9cd0" testId="7e825cf4-9719-bedc-fb4d-0b42e7afd1d3" testName="WhenExecuteScalarFailsDatabaseExceptionsAreThrownWithCorrectErrorNumber" computerName="DKSR-EFI-06" duration="00:00:00.0243604" startTime="2024-01-09T15:43:09.1541001+01:00" endTime="2024-01-09T15:43:09.1697235+01:00" testType="13cdc9d9-ddb5-4fa4-a97d-d965ccfc6d4b" outcome="Passed" testListId="8c84fa94-04c1-424b-9868-57a2d4851a1d" relativeResultsDirectory="6c06d6a4-61af-423d-88e8-22de8cbd9cd0" />
    <UnitTestResult executionId="a2a45422-6dd8-49e3-ae88-007b9dde5cb4" testId="e5d616b2-da53-1e36-b5ae-fd674ea57f93" testName="Dequeues_Five_Messages_Pre_Added" computerName="DKSR-EFI-06" duration="00:00:00.0003729" startTime="2024-01-09T15:43:57.4667161+01:00" endTime="2024-01-09T15:43:57.4667161+01:00" testType="13cdc9d9-ddb5-4fa4-a97d-d965ccfc6d4b" outcome="Passed" testListId="8c84fa94-04c1-424b-9868-57a2d4851a1d" relativeResultsDirectory="a2a45422-6dd8-49e3-ae88-007b9dde5cb4" />
    <UnitTestResult executionId="4d6f39ba-0e1c-4c80-b210-19cc677f5a52" testId="7fbf4643-33b6-b50c-4d89-cf868424f0c4" testName="EncryptStringDataTestWrongPasswordTripleDES" computerName="DKSR-EFI-06" duration="00:00:00.0271334" startTime="2024-01-09T15:43:55.9354603+01:00" endTime="2024-01-09T15:43:55.9667107+01:00" testType="13cdc9d9-ddb5-4fa4-a97d-d965ccfc6d4b" outcome="Passed" testListId="8c84fa94-04c1-424b-9868-57a2d4851a1d" relativeResultsDirectory="4d6f39ba-0e1c-4c80-b210-19cc677f5a52" />
    <UnitTestResult executionId="6c52f394-1702-46af-92b8-41dee2afad75" testId="8aad7972-6339-8666-6698-b41f02042ac3" testName="RemoveInvalidXMLChars_Email_SameResult" computerName="DKSR-EFI-06" duration="00:00:00.0001404" startTime="2024-01-09T15:42:37.8415052+01:00" endTime="2024-01-09T15:42:37.8415052+01:00" testType="13cdc9d9-ddb5-4fa4-a97d-d965ccfc6d4b" outcome="Passed" testListId="8c84fa94-04c1-424b-9868-57a2d4851a1d" relativeResultsDirectory="6c52f394-1702-46af-92b8-41dee2afad75" />
    <UnitTestResult executionId="f646553e-d1e4-47d5-9588-51a9155f5ae0" testId="81ca4b52-9931-0e35-0109-da24b8554b96" testName="Construct_RetrievesInvalidConfigurationFromReader_InvalidKey_Throws_InvalidConnectionStringException" computerName="DKSR-EFI-06" duration="00:00:00.0030950" startTime="2024-01-09T15:43:55.1073355+01:00" endTime="2024-01-09T15:43:55.1073355+01:00" testType="13cdc9d9-ddb5-4fa4-a97d-d965ccfc6d4b" outcome="Passed" testListId="8c84fa94-04c1-424b-9868-57a2d4851a1d" relativeResultsDirectory="f646553e-d1e4-47d5-9588-51a9155f5ae0" />
    <UnitTestResult executionId="580e6287-033c-41db-996e-3e81ae488687" testId="57eb03f9-629b-e61d-a054-266af00de60c" testName="MultipleThreadsAndAppenders" computerName="DKSR-EFI-06" duration="00:00:00.7510458" startTime="2024-01-09T15:43:06.2947472+01:00" endTime="2024-01-09T15:43:07.0447143+01:00" testType="13cdc9d9-ddb5-4fa4-a97d-d965ccfc6d4b" outcome="Passed" testListId="8c84fa94-04c1-424b-9868-57a2d4851a1d" relativeResultsDirectory="580e6287-033c-41db-996e-3e81ae488687">
      <Output>
        <StdOut>Reading config from file: D:\actions-runner\_work\XPCO\XPCO\Common\VideoOS.Utilities\VideoOS.Utilities.UnitTests\bin\Debug\net472\VideoOS.Utilities.UnitTests.dll.config&#xD;
2024-01-09 15:43:06.575+01:00 [     6] WARNING    - W&#xD;&#xD;
2024-01-09 15:43:06.575+01:00 [     6] WARNING    - W&#xD;&#xD;
2024-01-09 15:43:06.575+01:00 [     6] WARNING    - W&#xD;&#xD;
2024-01-09 15:43:06.575+01:00 [     6] WARNING    - W&#xD;&#xD;
2024-01-09 15:43:06.575+01:00 [     6] WARNING    - W&#xD;&#xD;
2024-01-09 15:43:06.575+01:00 [     6] WARNING    - W&#xD;&#xD;
2024-01-09 15:43:06.575+01:00 [     6] WARNING    - W&#xD;&#xD;
2024-01-09 15:43:06.575+01:00 [     6] WARNING    - W&#xD;&#xD;
2024-01-09 15:43:06.575+01:00 [     6] WARNING    - W&#xD;&#xD;
2024-01-09 15:43:06.575+01:00 [     6] WARNING    - W&#xD;&#xD;
2024-01-09 15:43:06.575+01:00 [     6] WARNING    - W&#xD;&#xD;
2024-01-09 15:43:06.575+01:00 [     6] WARNING    - W&#xD;&#xD;
2024-01-09 15:43:06.575+01:00 [     6] WARNING    - W&#xD;&#xD;
2024-01-09 15:43:06.575+01:00 [     6] WARNING    - W&#xD;&#xD;
2024-01-09 15:43:06.575+01:00 [     6] WARNING    - W&#xD;&#xD;
2024-01-09 15:43:06.575+01:00 [     6] WARNING    - W&#xD;&#xD;
2024-01-09 15:43:06.575+01:00 [     6] WARNING    - W&#xD;&#xD;
2024-01-09 15:43:06.575+01:00 [     6] WARNING    - W&#xD;&#xD;
2024-01-09 15:43:06.575+01:00 [     6] WARNING    - W&#xD;&#xD;
2024-01-09 15:43:06.575+01:00 [     6] WARNING    - W&#xD;&#xD;
2024-01-09 15:43:06.575+01:00 [     6] WARNING    - W&#xD;&#xD;
2024-01-09 15:43:06.575+01:00 [     6] WARNING    - W&#xD;&#xD;
2024-01-09 15:43:06.575+01:00 [     6] WARNING    - W&#xD;&#xD;
2024-01-09 15:43:06.575+01:00 [     6] WARNING    - W&#xD;&#xD;
2024-01-09 15:43:06.575+01:00 [     6] WARNING    - W&#xD;&#xD;
2024-01-09 15:43:06.575+01:00 [     6] WARNING    - W&#xD;&#xD;
2024-01-09 15:43:06.575+01:00 [     6] WARNING    - W&#xD;&#xD;
2024-01-09 15:43:06.575+01:00 [     6] WARNING    - W&#xD;&#xD;
2024-01-09 15:43:06.575+01:00 [     6] WARNING    - W&#xD;&#xD;
2024-01-09 15:43:06.575+01:00 [     6] WARNING    - W&#xD;&#xD;
2024-01-09 15:43:06.575+01:00 [     6] WARNING    - W&#xD;&#xD;
2024-01-09 15:43:06.575+01:00 [     6] WARNING    - W&#xD;&#xD;
2024-01-09 15:43:06.575+01:00 [     6] WARNING    - W&#xD;&#xD;
2024-01-09 15:43:06.575+01:00 [     6] WARNING    - W&#xD;&#xD;
2024-01-09 15:43:06.575+01:00 [     6] WARNING    - W&#xD;&#xD;
2024-01-09 15:43:06.575+01:00 [     6] WARNING    - W&#xD;&#xD;
2024-01-09 15:43:06.575+01:00 [     6] WARNING    - W&#xD;&#xD;
2024-01-09 15:43:06.575+01:00 [     6] WARNING    - W&#xD;&#xD;
2024-01-09 15:43:06.575+01:00 [     6] WARNING    - W&#xD;&#xD;
2024-01-09 15:43:06.575+01:00 [     6] WARNING    - W&#xD;&#xD;
2024-01-09 15:43:06.575+01:00 [     6] WARNING    - W&#xD;&#xD;
2024-01-09 15:43:06.575+01:00 [     6] WARNING    - W&#xD;&#xD;
2024-01-09 15:43:06.575+01:00 [     6] WARNING    - W&#xD;&#xD;
2024-01-09 15:43:06.575+01:00 [     6] WARNING    - W&#xD;&#xD;
2024-01-09 15:43:06.575+01:00 [     6] WARNING    - W&#xD;&#xD;
2024-01-09 15:43:06.575+01:00 [     6] WARNING    - W&#xD;&#xD;
2024-01-09 15:43:06.575+01:00 [     6] WARNING    - W&#xD;&#xD;
2024-01-09 15:43:06.575+01:00 [     6] WARNING    - W&#xD;&#xD;
2024-01-09 15:43:06.575+01:00 [     6] WARNING    - W&#xD;&#xD;
2024-01-09 15:43:06.575+01:00 [     6] WARNING    - W&#xD;&#xD;
2024-01-09 15:43:06.575+01:00 [     6] WARNING    - W&#xD;&#xD;
2024-01-09 15:43:06.575+01:00 [     6] WARNING    - W&#xD;&#xD;
2024-01-09 15:43:06.575+01:00 [     6] WARNING    - W&#xD;&#xD;
2024-01-09 15:43:06.575+01:00 [     6] WARNING    - W&#xD;&#xD;
2024-01-09 15:43:06.575+01:00 [     6] WARNING    - W&#xD;&#xD;
2024-01-09 15:43:06.575+01:00 [     6] WARNING    - W&#xD;&#xD;
2024-01-09 15:43:06.575+01:00 [     6] WARNING    - W&#xD;&#xD;
2024-01-09 15:43:06.575+01:00 [     6] WARNING    - W&#xD;&#xD;
2024-01-09 15:43:06.575+01:00 [     6] WARNING    - W&#xD;&#xD;
2024-01-09 15:43:06.575+01:00 [     6] WARNING    - W&#xD;&#xD;
2024-01-09 15:43:06.575+01:00 [     6] WARNING    - W&#xD;&#xD;
2024-01-09 15:43:06.575+01:00 [     6] WARNING    - W&#xD;&#xD;
2024-01-09 15:43:06.575+01:00 [     6] WARNING    - W&#xD;&#xD;
2024-01-09 15:43:06.575+01:00 [     6] WARNING    - W&#xD;&#xD;
2024-01-09 15:43:06.575+01:00 [     6] WARNING    - W&#xD;&#xD;
2024-01-09 15:43:06.575+01:00 [     6] WARNING    - W&#xD;&#xD;
2024-01-09 15:43:06.575+01:00 [     6] WARNING    - W&#xD;&#xD;
2024-01-09 15:43:06.575+01:00 [     6] WARNING    - W&#xD;&#xD;
2024-01-09 15:43:06.575+01:00 [     6] WARNING    - W&#xD;&#xD;
2024-01-09 15:43:06.575+01:00 [     6] WARNING    - W&#xD;&#xD;
2024-01-09 15:43:06.575+01:00 [     6] WARNING    - W&#xD;&#xD;
2024-01-09 15:43:06.575+01:00 [     6] WARNING    - W&#xD;&#xD;
2024-01-09 15:43:06.575+01:00 [     6] WARNING    - W&#xD;&#xD;
2024-01-09 15:43:06.575+01:00 [     6] WARNING    - W&#xD;&#xD;
2024-01-09 15:43:06.575+01:00 [     6] WARNING    - W&#xD;&#xD;
2024-01-09 15:43:06.575+01:00 [     6] WARNING    - W&#xD;&#xD;
2024-01-09 15:43:06.575+01:00 [     6] WARNING    - W&#xD;&#xD;
2024-01-09 15:43:06.575+01:00 [     6] WARNING    - W&#xD;&#xD;
2024-01-09 15:43:06.575+01:00 [     6] WARNING    - W&#xD;&#xD;
2024-01-09 15:43:06.575+01:00 [     6] WARNING    - W&#xD;&#xD;
2024-01-09 15:43:06.575+01:00 [     6] WARNING    - W&#xD;&#xD;
2024-01-09 15:43:06.575+01:00 [     6] WARNING    - W&#xD;&#xD;
2024-01-09 15:43:06.575+01:00 [     6] WARNING    - W&#xD;&#xD;
2024-01-09 15:43:06.575+01:00 [     6] WARNING    - W&#xD;&#xD;
2024-01-09 15:43:06.575+01:00 [     6] WARNING    - W&#xD;&#xD;
2024-01-09 15:43:06.575+01:00 [     6] WARNING    - W&#xD;&#xD;
2024-01-09 15:43:06.575+01:00 [     6] WARNING    - W&#xD;&#xD;
2024-01-09 15:43:06.575+01:00 [     6] WARNING    - W&#xD;&#xD;
2024-01-09 15:43:06.575+01:00 [     6] WARNING    - W&#xD;&#xD;
2024-01-09 15:43:06.575+01:00 [     6] WARNING    - W&#xD;&#xD;
2024-01-09 15:43:06.575+01:00 [     6] WARNING    - W&#xD;&#xD;
2024-01-09 15:43:06.575+01:00 [     6] WARNING    - W&#xD;&#xD;
2024-01-09 15:43:06.575+01:00 [     6] WARNING    - W&#xD;&#xD;
2024-01-09 15:43:06.575+01:00 [     6] WARNING    - W&#xD;&#xD;
2024-01-09 15:43:06.575+01:00 [     6] WARNING    - W&#xD;&#xD;
2024-01-09 15:43:06.575+01:00 [     6] WARNING    - W&#xD;&#xD;
2024-01-09 15:43:06.575+01:00 [     6] WARNING    - W&#xD;&#xD;
2024-01-09 15:43:06.575+01:00 [     6] WARNING    - W&#xD;&#xD;
2024-01-09 15:43:06.575+01:00 [     6] WARNING    - W&#xD;&#xD;
2024-01-09 15:43:06.575+01:00 [     6] WARNING    - W&#xD;&#xD;
2024-01-09 15:43:06.575+01:00 [     6] WARNING    - W&#xD;&#xD;
2024-01-09 15:43:06.575+01:00 [     6] WARNING    - W&#xD;&#xD;
2024-01-09 15:43:06.575+01:00 [     6] WARNING    - W&#xD;&#xD;
2024-01-09 15:43:06.575+01:00 [     6] WARNING    - W&#xD;&#xD;
2024-01-09 15:43:06.575+01:00 [     6] WARNING    - W&#xD;&#xD;
2024-01-09 15:43:06.575+01:00 [     6] WARNING    - W&#xD;&#xD;
2024-01-09 15:43:06.575+01:00 [     6] WARNING    - W&#xD;&#xD;
2024-01-09 15:43:06.575+01:00 [     6] WARNING    - W&#xD;&#xD;
2024-01-09 15:43:06.575+01:00 [     6] WARNING    - W&#xD;&#xD;
2024-01-09 15:43:06.575+01:00 [     6] WARNING    - W&#xD;&#xD;
2024-01-09 15:43:06.575+01:00 [     6] WARNING    - W&#xD;&#xD;
2024-01-09 15:43:06.575+01:00 [     6] WARNING    - W&#xD;&#xD;
2024-01-09 15:43:06.575+01:00 [     6] WARNING    - W&#xD;&#xD;
2024-01-09 15:43:06.575+01:00 [     6] WARNING    - W&#xD;&#xD;
2024-01-09 15:43:06.575+01:00 [     6] WARNING    - W&#xD;&#xD;
2024-01-09 15:43:06.575+01:00 [     6] WARNING    - W&#xD;&#xD;
2024-01-09 15:43:06.575+01:00 [     6] WARNING    - W&#xD;&#xD;
2024-01-09 15:43:06.575+01:00 [     6] WARNING    - W&#xD;&#xD;
2024-01-09 15:43:06.575+01:00 [     6] WARNING    - W&#xD;&#xD;
2024-01-09 15:43:06.575+01:00 [     6] WARNING    - W&#xD;&#xD;
2024-01-09 15:43:06.575+01:00 [     6] WARNING    - W&#xD;&#xD;
2024-01-09 15:43:06.575+01:00 [     6] WARNING    - W&#xD;&#xD;
2024-01-09 15:43:06.575+01:00 [     6] WARNING    - W&#xD;&#xD;
2024-01-09 15:43:06.575+01:00 [     6] WARNING    - W&#xD;&#xD;
2024-01-09 15:43:06.575+01:00 [     6] WARNING    - W&#xD;&#xD;
2024-01-09 15:43:06.575+01:00 [     6] WARNING    - W&#xD;&#xD;
2024-01-09 15:43:06.575+01:00 [     6] WARNING    - W&#xD;&#xD;
2024-01-09 15:43:06.575+01:00 [     6] WARNING    - W&#xD;&#xD;
2024-01-09 15:43:06.575+01:00 [     6] WARNING    - W&#xD;&#xD;
2024-01-09 15:43:06.575+01:00 [     6] WARNING    - W&#xD;&#xD;
2024-01-09 15:43:06.575+01:00 [     6] WARNING    - W&#xD;&#xD;
2024-01-09 15:43:06.575+01:00 [     6] WARNING    - W&#xD;&#xD;
2024-01-09 15:43:06.575+01:00 [     6] WARNING    - W&#xD;&#xD;
2024-01-09 15:43:06.575+01:00 [     6] WARNING    - W&#xD;&#xD;
2024-01-09 15:43:06.575+01:00 [     6] WARNING    - W&#xD;&#xD;
2024-01-09 15:43:06.575+01:00 [     6] WARNING    - W&#xD;&#xD;
2024-01-09 15:43:06.575+01:00 [     6] WARNING    - W&#xD;&#xD;
2024-01-09 15:43:06.575+01:00 [     6] WARNING    - W&#xD;&#xD;
2024-01-09 15:43:06.575+01:00 [     6] WARNING    - W&#xD;&#xD;
2024-01-09 15:43:06.575+01:00 [     6] WARNING    - W&#xD;&#xD;
2024-01-09 15:43:06.575+01:00 [     6] WARNING    - W&#xD;&#xD;
2024-01-09 15:43:06.575+01:00 [     6] WARNING    - W&#xD;&#xD;
2024-01-09 15:43:06.575+01:00 [     6] WARNING    - W&#xD;&#xD;
2024-01-09 15:43:06.575+01:00 [     6] WARNING    - W&#xD;&#xD;
2024-01-09 15:43:06.575+01:00 [     6] WARNING    - W&#xD;&#xD;
2024-01-09 15:43:06.575+01:00 [     6] WARNING    - W&#xD;&#xD;
2024-01-09 15:43:06.575+01:00 [     6] WARNING    - W&#xD;&#xD;
2024-01-09 15:43:06.575+01:00 [     6] WARNING    - W&#xD;&#xD;
2024-01-09 15:43:06.575+01:00 [     6] WARNING    - W&#xD;&#xD;
2024-01-09 15:43:06.575+01:00 [     6] WARNING    - W&#xD;&#xD;
2024-01-09 15:43:06.575+01:00 [     6] WARNING    - W&#xD;&#xD;
2024-01-09 15:43:06.575+01:00 [     6] WARNING    - W&#xD;&#xD;
2024-01-09 15:43:06.575+01:00 [     6] WARNING    - W&#xD;&#xD;
2024-01-09 15:43:06.575+01:00 [     6] WARNING    - W&#xD;&#xD;
2024-01-09 15:43:06.575+01:00 [     6] WARNING    - W&#xD;&#xD;
2024-01-09 15:43:06.575+01:00 [     6] WARNING    - W&#xD;&#xD;
2024-01-09 15:43:06.575+01:00 [     6] WARNING    - W&#xD;&#xD;
2024-01-09 15:43:06.575+01:00 [     6] WARNING    - W&#xD;&#xD;
2024-01-09 15:43:06.575+01:00 [     6] WARNING    - W&#xD;&#xD;
2024-01-09 15:43:06.575+01:00 [     6] WARNING    - W&#xD;&#xD;
2024-01-09 15:43:06.575+01:00 [     6] WARNING    - W&#xD;&#xD;
2024-01-09 15:43:06.575+01:00 [     6] WARNING    - W&#xD;&#xD;
2024-01-09 15:43:06.575+01:00 [     6] WARNING    - W&#xD;&#xD;
2024-01-09 15:43:06.575+01:00 [     6] WARNING    - W&#xD;&#xD;
2024-01-09 15:43:06.575+01:00 [     6] WARNING    - W&#xD;&#xD;
2024-01-09 15:43:06.575+01:00 [     6] WARNING    - W&#xD;&#xD;
2024-01-09 15:43:06.575+01:00 [     6] WARNING    - W&#xD;&#xD;
2024-01-09 15:43:06.575+01:00 [     6] WARNING    - W&#xD;&#xD;
2024-01-09 15:43:06.575+01:00 [     6] WARNING    - W&#xD;&#xD;
2024-01-09 15:43:06.575+01:00 [     6] WARNING    - W&#xD;&#xD;
2024-01-09 15:43:06.575+01:00 [     6] WARNING    - W&#xD;&#xD;
2024-01-09 15:43:06.575+01:00 [     6] WARNING    - W&#xD;&#xD;
2024-01-09 15:43:06.575+01:00 [     6] WARNING    - W&#xD;&#xD;
2024-01-09 15:43:06.575+01:00 [     6] WARNING    - W&#xD;&#xD;
2024-01-09 15:43:06.575+01:00 [     6] WARNING    - W&#xD;&#xD;
2024-01-09 15:43:06.575+01:00 [     6] WARNING    - W&#xD;&#xD;
2024-01-09 15:43:06.575+01:00 [     6] WARNING    - W&#xD;&#xD;
2024-01-09 15:43:06.575+01:00 [     6] WARNING    - W&#xD;&#xD;
2024-01-09 15:43:06.575+01:00 [     6] WARNING    - W&#xD;&#xD;
2024-01-09 15:43:06.575+01:00 [     6] WARNING    - W&#xD;&#xD;
2024-01-09 15:43:06.575+01:00 [     6] WARNING    - W&#xD;&#xD;
2024-01-09 15:43:06.575+01:00 [     6] WARNING    - W&#xD;&#xD;
2024-01-09 15:43:06.575+01:00 [     6] WARNING    - W&#xD;&#xD;
2024-01-09 15:43:06.575+01:00 [     6] WARNING    - W&#xD;&#xD;
2024-01-09 15:43:06.575+01:00 [     6] WARNING    - W&#xD;&#xD;
2024-01-09 15:43:06.575+01:00 [     6] WARNING    - W&#xD;&#xD;
2024-01-09 15:43:06.575+01:00 [     6] WARNING    - W&#xD;&#xD;
2024-01-09 15:43:06.575+01:00 [     6] WARNING    - W&#xD;&#xD;
2024-01-09 15:43:06.575+01:00 [     6] WARNING    - W&#xD;&#xD;
2024-01-09 15:43:06.575+01:00 [     6] WARNING    - W&#xD;&#xD;
2024-01-09 15:43:06.575+01:00 [     6] WARNING    - W&#xD;&#xD;
2024-01-09 15:43:06.575+01:00 [     6] WARNING    - W&#xD;&#xD;
2024-01-09 15:43:06.575+01:00 [     6] WARNING    - W&#xD;&#xD;
2024-01-09 15:43:06.575+01:00 [     6] WARNING    - W&#xD;&#xD;
2024-01-09 15:43:06.575+01:00 [     6] WARNING    - W&#xD;&#xD;
2024-01-09 15:43:06.575+01:00 [     6] WARNING    - W&#xD;&#xD;
2024-01-09 15:43:06.575+01:00 [     6] WARNING    - W&#xD;&#xD;
2024-01-09 15:43:06.575+01:00 [     6] WARNING    - W&#xD;&#xD;
2024-01-09 15:43:06.575+01:00 [     6] WARNING    - W&#xD;&#xD;
2024-01-09 15:43:06.575+01:00 [     6] WARNING    - W&#xD;&#xD;
2024-01-09 15:43:06.575+01:00 [     6] WARNING    - W&#xD;&#xD;
2024-01-09 15:43:06.575+01:00 [     6] WARNING    - W&#xD;&#xD;
2024-01-09 15:43:06.575+01:00 [     6] WARNING    - W&#xD;&#xD;
2024-01-09 15:43:06.575+01:00 [     6] WARNING    - W&#xD;&#xD;
2024-01-09 15:43:06.575+01:00 [     6] WARNING    - W&#xD;&#xD;
2024-01-09 15:43:06.575+01:00 [     6] WARNING    - W&#xD;&#xD;
2024-01-09 15:43:06.575+01:00 [     6] WARNING    - W&#xD;&#xD;
2024-01-09 15:43:06.575+01:00 [     6] WARNING    - W&#xD;&#xD;
2024-01-09 15:43:06.575+01:00 [     6] WARNING    - W&#xD;&#xD;
2024-01-09 15:43:06.575+01:00 [     6] WARNING    - W&#xD;&#xD;
2024-01-09 15:43:06.575+01:00 [     6] WARNING    - W&#xD;&#xD;
2024-01-09 15:43:06.575+01:00 [     6] WARNING    - W&#xD;&#xD;
2024-01-09 15:43:06.575+01:00 [     6] WARNING    - W&#xD;&#xD;
2024-01-09 15:43:06.575+01:00 [     6] WARNING    - W&#xD;&#xD;
2024-01-09 15:43:06.575+01:00 [     6] WARNING    - W&#xD;&#xD;
2024-01-09 15:43:06.575+01:00 [     6] WARNING    - W&#xD;&#xD;
2024-01-09 15:43:06.575+01:00 [     6] WARNING    - W&#xD;&#xD;
2024-01-09 15:43:06.575+01:00 [     6] WARNING    - W&#xD;&#xD;
2024-01-09 15:43:06.575+01:00 [     6] WARNING    - W&#xD;&#xD;
2024-01-09 15:43:06.575+01:00 [     6] WARNING    - W&#xD;&#xD;
2024-01-09 15:43:06.575+01:00 [     6] WARNING    - W&#xD;&#xD;
2024-01-09 15:43:06.575+01:00 [     6] WARNING    - W&#xD;&#xD;
2024-01-09 15:43:06.575+01:00 [     6] WARNING    - W&#xD;&#xD;
2024-01-09 15:43:06.575+01:00 [     6] WARNING    - W&#xD;&#xD;
2024-01-09 15:43:06.575+01:00 [     6] WARNING    - W&#xD;&#xD;
2024-01-09 15:43:06.575+01:00 [     6] WARNING    - W&#xD;&#xD;
2024-01-09 15:43:06.575+01:00 [     6] WARNING    - W&#xD;&#xD;
2024-01-09 15:43:06.575+01:00 [     6] WARNING    - W&#xD;&#xD;
2024-01-09 15:43:06.575+01:00 [     6] WARNING    - W&#xD;&#xD;
2024-01-09 15:43:06.575+01:00 [     6] WARNING    - W&#xD;&#xD;
2024-01-09 15:43:06.575+01:00 [     6] WARNING    - W&#xD;&#xD;
2024-01-09 15:43:06.575+01:00 [     6] WARNING    - W&#xD;&#xD;
2024-01-09 15:43:06.575+01:00 [     6] WARNING    - W&#xD;&#xD;
2024-01-09 15:43:06.575+01:00 [     6] WARNING    - W&#xD;&#xD;
2024-01-09 15:43:06.575+01:00 [     6] WARNING    - W&#xD;&#xD;
2024-01-09 15:43:06.575+01:00 [     6] WARNING    - W&#xD;&#xD;
2024-01-09 15:43:06.575+01:00 [     6] WARNING    - W&#xD;&#xD;
2024-01-09 15:43:06.575+01:00 [     6] WARNING    - W&#xD;&#xD;
2024-01-09 15:43:06.575+01:00 [     6] WARNING    - W&#xD;&#xD;
2024-01-09 15:43:06.575+01:00 [     6] WARNING    - W&#xD;&#xD;
2024-01-09 15:43:06.575+01:00 [     6] WARNING    - W&#xD;&#xD;
2024-01-09 15:43:06.575+01:00 [     6] WARNING    - W&#xD;&#xD;
2024-01-09 15:43:06.575+01:00 [     6] WARNING    - W&#xD;&#xD;
2024-01-09 15:43:06.575+01:00 [     6] WARNING    - W&#xD;&#xD;
2024-01-09 15:43:06.575+01:00 [     6] WARNING    - W&#xD;&#xD;
2024-01-09 15:43:06.575+01:00 [     6] WARNING    - W&#xD;&#xD;
2024-01-09 15:43:06.575+01:00 [     6] WARNING    - W&#xD;&#xD;
2024-01-09 15:43:06.575+01:00 [     6] WARNING    - W&#xD;&#xD;
2024-01-09 15:43:06.575+01:00 [     6] WARNING    - W&#xD;&#xD;
2024-01-09 15:43:06.575+01:00 [     6] WARNING    - W&#xD;&#xD;
2024-01-09 15:43:06.575+01:00 [     6] WARNING    - W&#xD;&#xD;
2024-01-09 15:43:06.575+01:00 [     6] WARNING    - W&#xD;&#xD;
2024-01-09 15:43:06.575+01:00 [     6] WARNING    - W&#xD;&#xD;
2024-01-09 15:43:06.575+01:00 [     6] WARNING    - W&#xD;&#xD;
2024-01-09 15:43:06.575+01:00 [     6] WARNING    - W&#xD;&#xD;
2024-01-09 15:43:06.575+01:00 [     6] WARNING    - W&#xD;&#xD;
2024-01-09 15:43:06.575+01:00 [     6] WARNING    - W&#xD;&#xD;
2024-01-09 15:43:06.575+01:00 [     6] WARNING    - W&#xD;&#xD;
2024-01-09 15:43:06.575+01:00 [     6] WARNING    - W&#xD;&#xD;
2024-01-09 15:43:06.575+01:00 [     6] WARNING    - W&#xD;&#xD;
2024-01-09 15:43:06.575+01:00 [     6] WARNING    - W&#xD;&#xD;
2024-01-09 15:43:06.575+01:00 [     6] WARNING    - W&#xD;&#xD;
2024-01-09 15:43:06.575+01:00 [     6] WARNING    - W&#xD;&#xD;
2024-01-09 15:43:06.575+01:00 [     6] WARNING    - W&#xD;&#xD;
2024-01-09 15:43:06.575+01:00 [     6] WARNING    - W&#xD;&#xD;
2024-01-09 15:43:06.575+01:00 [     6] WARNING    - W&#xD;&#xD;
2024-01-09 15:43:06.575+01:00 [     6] WARNING    - W&#xD;&#xD;
2024-01-09 15:43:06.575+01:00 [     6] WARNING    - W&#xD;&#xD;
2024-01-09 15:43:06.575+01:00 [     6] WARNING    - W&#xD;&#xD;
2024-01-09 15:43:06.575+01:00 [     6] WARNING    - W&#xD;&#xD;
2024-01-09 15:43:06.575+01:00 [     6] WARNING    - W&#xD;&#xD;
2024-01-09 15:43:06.575+01:00 [     6] WARNING    - W&#xD;&#xD;
2024-01-09 15:43:06.575+01:00 [     6] WARNING    - W&#xD;&#xD;
2024-01-09 15:43:06.575+01:00 [     6] WARNING    - W&#xD;&#xD;
2024-01-09 15:43:06.575+01:00 [     6] WARNING    - W&#xD;&#xD;
2024-01-09 15:43:06.575+01:00 [     6] WARNING    - W&#xD;&#xD;
2024-01-09 15:43:06.575+01:00 [     6] WARNING    - W&#xD;&#xD;
2024-01-09 15:43:06.575+01:00 [     6] WARNING    - W&#xD;&#xD;
2024-01-09 15:43:06.575+01:00 [     6] WARNING    - W&#xD;&#xD;
2024-01-09 15:43:06.575+01:00 [     6] WARNING    - W&#xD;&#xD;
2024-01-09 15:43:06.575+01:00 [     6] WARNING    - W&#xD;&#xD;
2024-01-09 15:43:06.575+01:00 [     6] WARNING    - W&#xD;&#xD;
2024-01-09 15:43:06.575+01:00 [     6] WARNING    - W&#xD;&#xD;
2024-01-09 15:43:06.575+01:00 [     6] WARNING    - W&#xD;&#xD;
2024-01-09 15:43:06.575+01:00 [     6] WARNING    - W&#xD;&#xD;
2024-01-09 15:43:06.575+01:00 [     6] WARNING    - W&#xD;&#xD;
2024-01-09 15:43:06.575+01:00 [     6] WARNING    - W&#xD;&#xD;
2024-01-09 15:43:06.575+01:00 [     6] WARNING    - W&#xD;&#xD;
2024-01-09 15:43:06.575+01:00 [     6] WARNING    - W&#xD;&#xD;
2024-01-09 15:43:06.575+01:00 [     6] WARNING    - W&#xD;&#xD;
2024-01-09 15:43:06.575+01:00 [     6] WARNING    - W&#xD;&#xD;
2024-01-09 15:43:06.575+01:00 [     6] WARNING    - W&#xD;&#xD;
2024-01-09 15:43:06.575+01:00 [     6] WARNING    - W&#xD;&#xD;
2024-01-09 15:43:06.575+01:00 [     6] WARNING    - W&#xD;&#xD;
2024-01-09 15:43:06.575+01:00 [     6] WARNING    - W&#xD;&#xD;
2024-01-09 15:43:06.575+01:00 [     6] WARNING    - W&#xD;&#xD;
2024-01-09 15:43:06.575+01:00 [     6] WARNING    - W&#xD;&#xD;
2024-01-09 15:43:06.575+01:00 [     6] WARNING    - W&#xD;&#xD;
2024-01-09 15:43:06.575+01:00 [     6] WARNING    - W&#xD;&#xD;
2024-01-09 15:43:06.575+01:00 [     6] WARNING    - W&#xD;&#xD;
2024-01-09 15:43:06.575+01:00 [     6] WARNING    - W&#xD;&#xD;
2024-01-09 15:43:06.575+01:00 [     6] WARNING    - W&#xD;&#xD;
2024-01-09 15:43:06.575+01:00 [     6] WARNING    - W&#xD;&#xD;
2024-01-09 15:43:06.575+01:00 [     6] WARNING    - W&#xD;&#xD;
2024-01-09 15:43:06.575+01:00 [     6] WARNING    - W&#xD;&#xD;
2024-01-09 15:43:06.575+01:00 [     6] WARNING    - W&#xD;&#xD;
2024-01-09 15:43:06.575+01:00 [     6] WARNING    - W&#xD;&#xD;
2024-01-09 15:43:06.575+01:00 [     6] WARNING    - W&#xD;&#xD;
2024-01-09 15:43:06.575+01:00 [     6] WARNING    - W&#xD;&#xD;
2024-01-09 15:43:06.575+01:00 [     6] WARNING    - W&#xD;&#xD;
2024-01-09 15:43:06.575+01:00 [     6] WARNING    - W&#xD;&#xD;
2024-01-09 15:43:06.575+01:00 [     6] WARNING    - W&#xD;&#xD;
2024-01-09 15:43:06.575+01:00 [     6] WARNING    - W&#xD;&#xD;
2024-01-09 15:43:06.575+01:00 [     6] WARNING    - W&#xD;&#xD;
2024-01-09 15:43:06.575+01:00 [     6] WARNING    - W&#xD;&#xD;
2024-01-09 15:43:06.575+01:00 [     6] WARNING    - W&#xD;&#xD;
2024-01-09 15:43:06.575+01:00 [     6] WARNING    - W&#xD;&#xD;
2024-01-09 15:43:06.575+01:00 [     6] WARNING    - W&#xD;&#xD;
2024-01-09 15:43:06.575+01:00 [     6] WARNING    - W&#xD;&#xD;
2024-01-09 15:43:06.575+01:00 [     6] WARNING    - W&#xD;&#xD;
2024-01-09 15:43:06.575+01:00 [     6] WARNING    - W&#xD;&#xD;
2024-01-09 15:43:06.575+01:00 [     6] WARNING    - W&#xD;&#xD;
2024-01-09 15:43:06.575+01:00 [     6] WARNING    - W&#xD;&#xD;
2024-01-09 15:43:06.575+01:00 [     6] WARNING    - W&#xD;&#xD;
2024-01-09 15:43:06.575+01:00 [     6] WARNING    - W&#xD;&#xD;
2024-01-09 15:43:06.575+01:00 [     6] WARNING    - W&#xD;&#xD;
2024-01-09 15:43:06.575+01:00 [     6] WARNING    - W&#xD;&#xD;
2024-01-09 15:43:06.575+01:00 [     6] WARNING    - W&#xD;&#xD;
2024-01-09 15:43:06.575+01:00 [     6] WARNING    - W&#xD;&#xD;
2024-01-09 15:43:06.575+01:00 [     6] WARNING    - W&#xD;&#xD;
2024-01-09 15:43:06.575+01:00 [     6] WARNING    - W&#xD;&#xD;
2024-01-09 15:43:06.575+01:00 [     6] WARNING    - W&#xD;&#xD;
2024-01-09 15:43:06.575+01:00 [     6] WARNING    - W&#xD;&#xD;
2024-01-09 15:43:06.575+01:00 [     6] WARNING    - W&#xD;&#xD;
2024-01-09 15:43:06.575+01:00 [     6] WARNING    - W&#xD;&#xD;
2024-01-09 15:43:06.575+01:00 [     6] WARNING    - W&#xD;&#xD;
2024-01-09 15:43:06.575+01:00 [     6] WARNING    - W&#xD;&#xD;
2024-01-09 15:43:06.575+01:00 [     6] WARNING    - W&#xD;&#xD;
2024-01-09 15:43:06.575+01:00 [     6] WARNING    - W&#xD;&#xD;
2024-01-09 15:43:06.575+01:00 [     6] WARNING    - W&#xD;&#xD;
2024-01-09 15:43:06.575+01:00 [     6] WARNING    - W&#xD;&#xD;
2024-01-09 15:43:06.575+01:00 [     6] WARNING    - W&#xD;&#xD;
2024-01-09 15:43:06.575+01:00 [     6] WARNING    - W&#xD;&#xD;
2024-01-09 15:43:06.575+01:00 [     6] WARNING    - W&#xD;&#xD;
2024-01-09 15:43:06.575+01:00 [     6] WARNING    - W&#xD;&#xD;
2024-01-09 15:43:06.575+01:00 [     6] WARNING    - W&#xD;&#xD;
2024-01-09 15:43:06.575+01:00 [     6] WARNING    - W&#xD;&#xD;
2024-01-09 15:43:06.575+01:00 [     6] WARNING    - W&#xD;&#xD;
2024-01-09 15:43:06.575+01:00 [     6] WARNING    - W&#xD;&#xD;
2024-01-09 15:43:06.575+01:00 [     6] WARNING    - W&#xD;&#xD;
2024-01-09 15:43:06.575+01:00 [     6] WARNING    - W&#xD;&#xD;
2024-01-09 15:43:06.575+01:00 [     6] WARNING    - W&#xD;&#xD;
2024-01-09 15:43:06.575+01:00 [     6] WARNING    - W&#xD;&#xD;
2024-01-09 15:43:06.575+01:00 [     6] WARNING    - W&#xD;&#xD;
2024-01-09 15:43:06.575+01:00 [     6] WARNING    - W&#xD;&#xD;
2024-01-09 15:43:06.575+01:00 [     6] WARNING    - W&#xD;&#xD;
2024-01-09 15:43:06.575+01:00 [     6] WARNING    - W&#xD;&#xD;
2024-01-09 15:43:06.575+01:00 [     6] WARNING    - W&#xD;&#xD;
2024-01-09 15:43:06.575+01:00 [     6] WARNING    - W&#xD;&#xD;
2024-01-09 15:43:06.575+01:00 [     6] WARNING    - W&#xD;&#xD;
2024-01-09 15:43:06.575+01:00 [     6] WARNING    - W&#xD;&#xD;
2024-01-09 15:43:06.575+01:00 [     6] WARNING    - W&#xD;&#xD;
2024-01-09 15:43:06.575+01:00 [     6] WARNING    - W&#xD;&#xD;
2024-01-09 15:43:06.575+01:00 [     6] WARNING    - W&#xD;&#xD;
2024-01-09 15:43:06.575+01:00 [     6] WARNING    - W&#xD;&#xD;
2024-01-09 15:43:06.575+01:00 [     6] WARNING    - W&#xD;&#xD;
2024-01-09 15:43:06.575+01:00 [     6] WARNING    - W&#xD;&#xD;
2024-01-09 15:43:06.575+01:00 [     6] WARNING    - W&#xD;&#xD;
2024-01-09 15:43:06.575+01:00 [     6] WARNING    - W&#xD;&#xD;
2024-01-09 15:43:06.575+01:00 [     6] WARNING    - W&#xD;&#xD;
2024-01-09 15:43:06.575+01:00 [     6] WARNING    - W&#xD;&#xD;
2024-01-09 15:43:06.575+01:00 [     6] WARNING    - W&#xD;&#xD;
2024-01-09 15:43:06.575+01:00 [     6] WARNING    - W&#xD;&#xD;
2024-01-09 15:43:06.575+01:00 [     6] WARNING    - W&#xD;&#xD;
2024-01-09 15:43:06.575+01:00 [     6] WARNING    - W&#xD;&#xD;
2024-01-09 15:43:06.575+01:00 [     6] WARNING    - W&#xD;&#xD;
2024-01-09 15:43:06.575+01:00 [     6] WARNING    - W&#xD;&#xD;
2024-01-09 15:43:06.575+01:00 [     6] WARNING    - W&#xD;&#xD;
2024-01-09 15:43:06.575+01:00 [     6] WARNING    - W&#xD;&#xD;
2024-01-09 15:43:06.575+01:00 [     6] WARNING    - W&#xD;&#xD;
2024-01-09 15:43:06.575+01:00 [     6] WARNING    - W&#xD;&#xD;
2024-01-09 15:43:06.575+01:00 [     6] WARNING    - W&#xD;&#xD;
2024-01-09 15:43:06.575+01:00 [     6] WARNING    - W&#xD;&#xD;
2024-01-09 15:43:06.575+01:00 [     6] WARNING    - W&#xD;&#xD;
2024-01-09 15:43:06.575+01:00 [     6] WARNING    - W&#xD;&#xD;
2024-01-09 15:43:06.575+01:00 [     6] WARNING    - W&#xD;&#xD;
2024-01-09 15:43:06.575+01:00 [     6] WARNING    - W&#xD;&#xD;
2024-01-09 15:43:06.575+01:00 [     6] WARNING    - W&#xD;&#xD;
2024-01-09 15:43:06.575+01:00 [     6] WARNING    - W&#xD;&#xD;
2024-01-09 15:43:06.575+01:00 [     6] WARNING    - W&#xD;&#xD;
2024-01-09 15:43:06.575+01:00 [     6] WARNING    - W&#xD;&#xD;
2024-01-09 15:43:06.575+01:00 [     6] WARNING    - W&#xD;&#xD;
2024-01-09 15:43:06.575+01:00 [     6] WARNING    - W&#xD;&#xD;
2024-01-09 15:43:06.575+01:00 [     6] WARNING    - W&#xD;&#xD;
2024-01-09 15:43:06.575+01:00 [     6] WARNING    - W&#xD;&#xD;
2024-01-09 15:43:06.575+01:00 [     6] WARNING    - W&#xD;&#xD;
2024-01-09 15:43:06.575+01:00 [     6] WARNING    - W&#xD;&#xD;
2024-01-09 15:43:06.575+01:00 [     6] WARNING    - W&#xD;&#xD;
2024-01-09 15:43:06.575+01:00 [     6] WARNING    - W&#xD;&#xD;
2024-01-09 15:43:06.575+01:00 [     6] WARNING    - W&#xD;&#xD;
2024-01-09 15:43:06.575+01:00 [     6] WARNING    - W&#xD;&#xD;
2024-01-09 15:43:06.575+01:00 [     6] WARNING    - W&#xD;&#xD;
2024-01-09 15:43:06.575+01:00 [     6] WARNING    - W&#xD;&#xD;
2024-01-09 15:43:06.575+01:00 [     6] WARNING    - W&#xD;&#xD;
2024-01-09 15:43:06.575+01:00 [     6] WARNING    - W&#xD;&#xD;
2024-01-09 15:43:06.575+01:00 [     6] WARNING    - W&#xD;&#xD;
2024-01-09 15:43:06.575+01:00 [     6] WARNING    - W&#xD;&#xD;
2024-01-09 15:43:06.575+01:00 [     6] WARNING    - W&#xD;&#xD;
2024-01-09 15:43:06.575+01:00 [     6] WARNING    - W&#xD;&#xD;
2024-01-09 15:43:06.575+01:00 [     6] WARNING    - W&#xD;&#xD;
2024-01-09 15:43:06.575+01:00 [     6] WARNING    - W&#xD;&#xD;
2024-01-09 15:43:06.575+01:00 [     6] WARNING    - W&#xD;&#xD;
2024-01-09 15:43:06.575+01:00 [     6] WARNING    - W&#xD;&#xD;
2024-01-09 15:43:06.575+01:00 [     6] WARNING    - W&#xD;&#xD;
2024-01-09 15:43:06.575+01:00 [     6] WARNING    - W&#xD;&#xD;
2024-01-09 15:43:06.575+01:00 [     6] WARNING    - W&#xD;&#xD;
2024-01-09 15:43:06.575+01:00 [     6] WARNING    - W&#xD;&#xD;
2024-01-09 15:43:06.575+01:00 [     6] WARNING    - W&#xD;&#xD;
2024-01-09 15:43:06.575+01:00 [     6] WARNING    - W&#xD;&#xD;
2024-01-09 15:43:06.575+01:00 [     6] WARNING    - W&#xD;&#xD;
2024-01-09 15:43:06.575+01:00 [     6] WARNING    - W&#xD;&#xD;
2024-01-09 15:43:06.575+01:00 [     6] WARNING    - W&#xD;&#xD;
2024-01-09 15:43:06.575+01:00 [     6] WARNING    - W&#xD;&#xD;
2024-01-09 15:43:06.575+01:00 [     6] WARNING    - W&#xD;&#xD;
2024-01-09 15:43:06.575+01:00 [     6] WARNING    - W&#xD;&#xD;
2024-01-09 15:43:06.575+01:00 [     6] WARNING    - W&#xD;&#xD;
2024-01-09 15:43:06.575+01:00 [     6] WARNING    - W&#xD;&#xD;
2024-01-09 15:43:06.575+01:00 [     6] WARNING    - W&#xD;&#xD;
2024-01-09 15:43:06.575+01:00 [     6] WARNING    - W&#xD;&#xD;
2024-01-09 15:43:06.575+01:00 [     6] WARNING    - W&#xD;&#xD;
2024-01-09 15:43:06.575+01:00 [     6] WARNING    - W&#xD;&#xD;
2024-01-09 15:43:06.575+01:00 [     6] WARNING    - W&#xD;&#xD;
2024-01-09 15:43:06.575+01:00 [     6] WARNING    - W&#xD;&#xD;
2024-01-09 15:43:06.575+01:00 [     6] WARNING    - W&#xD;&#xD;
2024-01-09 15:43:06.575+01:00 [     6] WARNING    - W&#xD;&#xD;
2024-01-09 15:43:06.575+01:00 [     6] WARNING    - W&#xD;&#xD;
2024-01-09 15:43:06.575+01:00 [     6] WARNING    - W&#xD;&#xD;
2024-01-09 15:43:06.575+01:00 [     6] WARNING    - W&#xD;&#xD;
2024-01-09 15:43:06.575+01:00 [     6] WARNING    - W&#xD;&#xD;
2024-01-09 15:43:06.575+01:00 [     6] WARNING    - W&#xD;&#xD;
2024-01-09 15:43:06.575+01:00 [     6] WARNING    - W&#xD;&#xD;
2024-01-09 15:43:06.575+01:00 [     6] WARNING    - W&#xD;&#xD;
2024-01-09 15:43:06.575+01:00 [     6] WARNING    - W&#xD;&#xD;
2024-01-09 15:43:06.575+01:00 [     6] WARNING    - W&#xD;&#xD;
2024-01-09 15:43:06.575+01:00 [     6] WARNING    - W&#xD;&#xD;
2024-01-09 15:43:06.575+01:00 [     6] WARNING    - W&#xD;&#xD;
2024-01-09 15:43:06.575+01:00 [     6] WARNING    - W&#xD;&#xD;
2024-01-09 15:43:06.575+01:00 [     6] WARNING    - W&#xD;&#xD;
2024-01-09 15:43:06.575+01:00 [     6] WARNING    - W&#xD;&#xD;
2024-01-09 15:43:06.575+01:00 [     6] WARNING    - W&#xD;&#xD;
2024-01-09 15:43:06.575+01:00 [     6] WARNING    - W&#xD;&#xD;
2024-01-09 15:43:06.575+01:00 [     6] WARNING    - W&#xD;&#xD;
2024-01-09 15:43:06.575+01:00 [     6] WARNING    - W&#xD;&#xD;
2024-01-09 15:43:06.575+01:00 [     6] WARNING    - W&#xD;&#xD;
2024-01-09 15:43:06.575+01:00 [     6] WARNING    - W&#xD;&#xD;
2024-01-09 15:43:06.575+01:00 [     6] WARNING    - W&#xD;&#xD;
2024-01-09 15:43:06.575+01:00 [     6] WARNING    - W&#xD;&#xD;
2024-01-09 15:43:06.575+01:00 [     6] WARNING    - W&#xD;&#xD;
2024-01-09 15:43:06.575+01:00 [     6] WARNING    - W&#xD;&#xD;
2024-01-09 15:43:06.575+01:00 [     6] WARNING    - W&#xD;&#xD;
2024-01-09 15:43:06.575+01:00 [     6] WARNING    - W&#xD;&#xD;
2024-01-09 15:43:06.575+01:00 [     6] WARNING    - W&#xD;&#xD;
2024-01-09 15:43:06.575+01:00 [     6] WARNING    - W&#xD;&#xD;
2024-01-09 15:43:06.575+01:00 [     6] WARNING    - W&#xD;&#xD;
2024-01-09 15:43:06.575+01:00 [     6] WARNING    - W&#xD;&#xD;
2024-01-09 15:43:06.575+01:00 [     6] WARNING    - W&#xD;&#xD;
2024-01-09 15:43:06.575+01:00 [     6] WARNING    - W&#xD;&#xD;
2024-01-09 15:43:06.575+01:00 [     6] WARNING    - W&#xD;&#xD;
2024-01-09 15:43:06.575+01:00 [     6] WARNING    - W&#xD;&#xD;
2024-01-09 15:43:06.575+01:00 [     6] WARNING    - W&#xD;&#xD;
2024-01-09 15:43:06.575+01:00 [     6] WARNING    - W&#xD;&#xD;
2024-01-09 15:43:06.575+01:00 [     6] WARNING    - W&#xD;&#xD;
2024-01-09 15:43:06.575+01:00 [     6] WARNING    - W&#xD;&#xD;
2024-01-09 15:43:06.575+01:00 [     6] WARNING    - W&#xD;&#xD;
2024-01-09 15:43:06.575+01:00 [     6] WARNING    - W&#xD;&#xD;
2024-01-09 15:43:06.575+01:00 [     6] WARNING    - W&#xD;&#xD;
2024-01-09 15:43:06.575+01:00 [     6] WARNING    - W&#xD;&#xD;
2024-01-09 15:43:06.575+01:00 [     6] WARNING    - W&#xD;&#xD;
2024-01-09 15:43:06.575+01:00 [     6] WARNING    - W&#xD;&#xD;
2024-01-09 15:43:06.575+01:00 [     6] WARNING    - W&#xD;&#xD;
2024-01-09 15:43:06.575+01:00 [     6] WARNING    - W&#xD;&#xD;
2024-01-09 15:43:06.575+01:00 [     6] WARNING    - W&#xD;&#xD;
2024-01-09 15:43:06.575+01:00 [     6] WARNING    - W&#xD;&#xD;
2024-01-09 15:43:06.575+01:00 [     6] WARNING    - W&#xD;&#xD;
2024-01-09 15:43:06.575+01:00 [     6] WARNING    - W&#xD;&#xD;
2024-01-09 15:43:06.575+01:00 [     6] WARNING    - W&#xD;&#xD;
2024-01-09 15:43:06.575+01:00 [     6] WARNING    - W&#xD;&#xD;
2024-01-09 15:43:06.575+01:00 [     6] WARNING    - W&#xD;&#xD;
2024-01-09 15:43:06.575+01:00 [     6] WARNING    - W&#xD;&#xD;
2024-01-09 15:43:06.575+01:00 [     6] WARNING    - W&#xD;&#xD;
2024-01-09 15:43:06.575+01:00 [     6] WARNING    - W&#xD;&#xD;
2024-01-09 15:43:06.575+01:00 [     6] WARNING    - W&#xD;&#xD;
2024-01-09 15:43:06.575+01:00 [     6] WARNING    - W&#xD;&#xD;
2024-01-09 15:43:06.575+01:00 [     6] WARNING    - W&#xD;&#xD;
2024-01-09 15:43:06.575+01:00 [     6] WARNING    - W&#xD;&#xD;
2024-01-09 15:43:06.575+01:00 [     6] WARNING    - W&#xD;&#xD;
2024-01-09 15:43:06.575+01:00 [     6] WARNING    - W&#xD;&#xD;
2024-01-09 15:43:06.575+01:00 [     6] WARNING    - W&#xD;&#xD;
2024-01-09 15:43:06.575+01:00 [     6] WARNING    - W&#xD;&#xD;
2024-01-09 15:43:06.575+01:00 [     6] WARNING    - W&#xD;&#xD;
2024-01-09 15:43:06.575+01:00 [     6] WARNING    - W&#xD;&#xD;
2024-01-09 15:43:06.575+01:00 [     6] WARNING    - W&#xD;&#xD;
2024-01-09 15:43:06.575+01:00 [     6] WARNING    - W&#xD;&#xD;
2024-01-09 15:43:06.575+01:00 [     6] WARNING    - W&#xD;&#xD;
2024-01-09 15:43:06.575+01:00 [     6] WARNING    - W&#xD;&#xD;
2024-01-09 15:43:06.575+01:00 [     6] WARNING    - W&#xD;&#xD;
2024-01-09 15:43:06.575+01:00 [     6] WARNING    - W&#xD;&#xD;
2024-01-09 15:43:06.575+01:00 [     6] WARNING    - W&#xD;&#xD;
2024-01-09 15:43:06.575+01:00 [     6] WARNING    - W&#xD;&#xD;
2024-01-09 15:43:06.575+01:00 [     6] WARNING    - W&#xD;&#xD;
2024-01-09 15:43:06.575+01:00 [     6] WARNING    - W&#xD;&#xD;
2024-01-09 15:43:06.575+01:00 [     6] WARNING    - W&#xD;&#xD;
2024-01-09 15:43:06.575+01:00 [     6] WARNING    - W&#xD;&#xD;
2024-01-09 15:43:06.575+01:00 [     6] WARNING    - W&#xD;&#xD;
2024-01-09 15:43:06.575+01:00 [     6] WARNING    - W&#xD;&#xD;
2024-01-09 15:43:06.575+01:00 [     6] WARNING    - W&#xD;&#xD;
2024-01-09 15:43:06.575+01:00 [     6] WARNING    - W&#xD;&#xD;
2024-01-09 15:43:06.575+01:00 [     6] WARNING    - W&#xD;&#xD;
2024-01-09 15:43:06.575+01:00 [     6] WARNING    - W&#xD;&#xD;
2024-01-09 15:43:06.575+01:00 [     6] WARNING    - W&#xD;&#xD;
2024-01-09 15:43:06.575+01:00 [     6] WARNING    - W&#xD;&#xD;
2024-01-09 15:43:06.575+01:00 [     6] WARNING    - W&#xD;&#xD;
2024-01-09 15:43:06.575+01:00 [     6] WARNING    - W&#xD;&#xD;
2024-01-09 15:43:06.575+01:00 [     6] WARNING    - W&#xD;&#xD;
2024-01-09 15:43:06.575+01:00 [     6] WARNING    - W&#xD;&#xD;
2024-01-09 15:43:06.575+01:00 [     6] WARNING    - W&#xD;&#xD;
2024-01-09 15:43:06.575+01:00 [     6] WARNING    - W&#xD;&#xD;
2024-01-09 15:43:06.575+01:00 [     6] WARNING    - W&#xD;&#xD;
2024-01-09 15:43:06.575+01:00 [     6] WARNING    - W&#xD;&#xD;
2024-01-09 15:43:06.575+01:00 [     6] WARNING    - W&#xD;&#xD;
2024-01-09 15:43:06.575+01:00 [     6] WARNING    - W&#xD;&#xD;
2024-01-09 15:43:06.575+01:00 [     6] WARNING    - W&#xD;&#xD;
2024-01-09 15:43:06.575+01:00 [     6] WARNING    - W&#xD;&#xD;
2024-01-09 15:43:06.575+01:00 [     6] WARNING    - W&#xD;&#xD;
2024-01-09 15:43:06.575+01:00 [     6] WARNING    - W&#xD;&#xD;
2024-01-09 15:43:06.575+01:00 [     6] WARNING    - W&#xD;&#xD;
2024-01-09 15:43:06.575+01:00 [     6] WARNING    - W&#xD;&#xD;
2024-01-09 15:43:06.575+01:00 [     6] WARNING    - W&#xD;&#xD;
2024-01-09 15:43:06.575+01:00 [     6] WARNING    - W&#xD;&#xD;
2024-01-09 15:43:06.575+01:00 [     6] WARNING    - W&#xD;&#xD;
2024-01-09 15:43:06.575+01:00 [     6] WARNING    - W&#xD;&#xD;
2024-01-09 15:43:06.575+01:00 [     6] WARNING    - W&#xD;&#xD;
2024-01-09 15:43:06.575+01:00 [     6] WARNING    - W&#xD;&#xD;
2024-01-09 15:43:06.575+01:00 [     6] WARNING    - W&#xD;&#xD;
2024-01-09 15:43:06.575+01:00 [     6] WARNING    - W&#xD;&#xD;
2024-01-09 15:43:06.575+01:00 [     6] WARNING    - W&#xD;&#xD;
2024-01-09 15:43:06.575+01:00 [     6] WARNING    - W&#xD;&#xD;
2024-01-09 15:43:06.575+01:00 [     6] WARNING    - W&#xD;&#xD;
2024-01-09 15:43:06.575+01:00 [     6] WARNING    - W&#xD;&#xD;
2024-01-09 15:43:06.575+01:00 [     6] WARNING    - W&#xD;&#xD;
2024-01-09 15:43:06.575+01:00 [     6] WARNING    - W&#xD;&#xD;
2024-01-09 15:43:06.575+01:00 [     6] WARNING    - W&#xD;&#xD;
2024-01-09 15:43:06.575+01:00 [     6] WARNING    - W&#xD;&#xD;
2024-01-09 15:43:06.575+01:00 [     6] WARNING    - W&#xD;&#xD;
2024-01-09 15:43:06.575+01:00 [     6] WARNING    - W&#xD;&#xD;
2024-01-09 15:43:06.575+01:00 [     6] WARNING    - W&#xD;&#xD;
2024-01-09 15:43:06.575+01:00 [     6] WARNING    - W&#xD;&#xD;
2024-01-09 15:43:06.575+01:00 [     6] WARNING    - W&#xD;&#xD;
2024-01-09 15:43:06.575+01:00 [     6] WARNING    - W&#xD;&#xD;
2024-01-09 15:43:06.575+01:00 [     6] WARNING    - W&#xD;&#xD;
2024-01-09 15:43:06.575+01:00 [     6] WARNING    - W&#xD;&#xD;
2024-01-09 15:43:06.575+01:00 [     6] WARNING    - W&#xD;&#xD;
2024-01-09 15:43:06.575+01:00 [     6] WARNING    - W&#xD;&#xD;
2024-01-09 15:43:06.575+01:00 [     6] WARNING    - W&#xD;&#xD;
2024-01-09 15:43:06.575+01:00 [     6] WARNING    - W&#xD;&#xD;
2024-01-09 15:43:06.575+01:00 [     6] WARNING    - W&#xD;&#xD;
2024-01-09 15:43:06.575+01:00 [     6] WARNING    - W&#xD;&#xD;
2024-01-09 15:43:06.575+01:00 [     6] WARNING    - W&#xD;&#xD;
2024-01-09 15:43:06.575+01:00 [     6] WARNING    - W&#xD;&#xD;
2024-01-09 15:43:06.575+01:00 [     6] WARNING    - W&#xD;&#xD;
2024-01-09 15:43:06.575+01:00 [     6] WARNING    - W&#xD;&#xD;
2024-01-09 15:43:06.575+01:00 [     6] WARNING    - W&#xD;&#xD;
2024-01-09 15:43:06.575+01:00 [     6] WARNING    - W&#xD;&#xD;
2024-01-09 15:43:06.575+01:00 [     6] WARNING    - W&#xD;&#xD;
2024-01-09 15:43:06.575+01:00 [     6] WARNING    - W&#xD;&#xD;
2024-01-09 15:43:06.575+01:00 [     6] WARNING    - W&#xD;&#xD;
2024-01-09 15:43:06.575+01:00 [     6] WARNING    - W&#xD;&#xD;
2024-01-09 15:43:06.575+01:00 [     6] WARNING    - W&#xD;&#xD;
2024-01-09 15:43:06.575+01:00 [     6] WARNING    - W&#xD;&#xD;
2024-01-09 15:43:06.575+01:00 [     6] WARNING    - W&#xD;&#xD;
2024-01-09 15:43:06.575+01:00 [     6] WARNING    - W&#xD;&#xD;
2024-01-09 15:43:06.575+01:00 [     6] WARNING    - W&#xD;&#xD;
2024-01-09 15:43:06.575+01:00 [     6] WARNING    - W&#xD;&#xD;
2024-01-09 15:43:06.575+01:00 [     6] WARNING    - W&#xD;&#xD;
2024-01-09 15:43:06.575+01:00 [     6] WARNING    - W&#xD;&#xD;
2024-01-09 15:43:06.575+01:00 [     6] WARNING    - W&#xD;&#xD;
2024-01-09 15:43:06.575+01:00 [     6] WARNING    - W&#xD;&#xD;
2024-01-09 15:43:06.575+01:00 [     6] WARNING    - W&#xD;&#xD;
2024-01-09 15:43:06.575+01:00 [     6] WARNING    - W&#xD;&#xD;
2024-01-09 15:43:06.575+01:00 [     6] WARNING    - W&#xD;&#xD;
2024-01-09 15:43:06.575+01:00 [     6] WARNING    - W&#xD;&#xD;
2024-01-09 15:43:06.575+01:00 [     6] WARNING    - W&#xD;&#xD;
2024-01-09 15:43:06.575+01:00 [     6] WARNING    - W&#xD;&#xD;
2024-01-09 15:43:06.575+01:00 [     6] WARNING    - W&#xD;&#xD;
2024-01-09 15:43:06.575+01:00 [     6] WARNING    - W&#xD;&#xD;
2024-01-09 15:43:06.575+01:00 [     6] WARNING    - W&#xD;&#xD;
2024-01-09 15:43:06.575+01:00 [     6] WARNING    - W&#xD;&#xD;
2024-01-09 15:43:06.575+01:00 [     6] WARNING    - W&#xD;&#xD;
2024-01-09 15:43:06.575+01:00 [     6] WARNING    - W&#xD;&#xD;
2024-01-09 15:43:06.575+01:00 [     6] WARNING    - W&#xD;&#xD;
2024-01-09 15:43:06.575+01:00 [     6] WARNING    - W&#xD;&#xD;
2024-01-09 15:43:06.575+01:00 [     6] WARNING    - W&#xD;&#xD;
2024-01-09 15:43:06.575+01:00 [     6] WARNING    - W&#xD;&#xD;
2024-01-09 15:43:06.575+01:00 [     6] WARNING    - W&#xD;&#xD;
2024-01-09 15:43:06.575+01:00 [     6] WARNING    - W&#xD;&#xD;
2024-01-09 15:43:06.575+01:00 [     6] WARNING    - W&#xD;&#xD;
2024-01-09 15:43:06.575+01:00 [     6] WARNING    - W&#xD;&#xD;
2024-01-09 15:43:06.575+01:00 [     6] WARNING    - W&#xD;&#xD;
2024-01-09 15:43:06.575+01:00 [     6] WARNING    - W&#xD;&#xD;
2024-01-09 15:43:06.575+01:00 [     6] WARNING    - W&#xD;&#xD;
2024-01-09 15:43:06.575+01:00 [     6] WARNING    - W&#xD;&#xD;
2024-01-09 15:43:06.575+01:00 [     6] WARNING    - W&#xD;&#xD;
2024-01-09 15:43:06.575+01:00 [     6] WARNING    - W&#xD;&#xD;
2024-01-09 15:43:06.575+01:00 [     6] WARNING    - W&#xD;&#xD;
2024-01-09 15:43:06.575+01:00 [     6] WARNING    - W&#xD;&#xD;
2024-01-09 15:43:06.575+01:00 [     6] WARNING    - W&#xD;&#xD;
2024-01-09 15:43:06.575+01:00 [     6] WARNING    - W&#xD;&#xD;
2024-01-09 15:43:06.575+01:00 [     6] WARNING    - W&#xD;&#xD;
2024-01-09 15:43:06.575+01:00 [     6] WARNING    - W&#xD;&#xD;
2024-01-09 15:43:06.575+01:00 [     6] WARNING    - W&#xD;&#xD;
2024-01-09 15:43:06.575+01:00 [     6] WARNING    - W&#xD;&#xD;
2024-01-09 15:43:06.575+01:00 [     6] WARNING    - W&#xD;&#xD;
2024-01-09 15:43:06.575+01:00 [     6] WARNING    - W&#xD;&#xD;
2024-01-09 15:43:06.575+01:00 [     6] WARNING    - W&#xD;&#xD;
2024-01-09 15:43:06.575+01:00 [     6] WARNING    - W&#xD;&#xD;
2024-01-09 15:43:06.575+01:00 [     6] WARNING    - W&#xD;&#xD;
2024-01-09 15:43:06.575+01:00 [     6] WARNING    - W&#xD;&#xD;
2024-01-09 15:43:06.575+01:00 [     6] WARNING    - W&#xD;&#xD;
2024-01-09 15:43:06.575+01:00 [     6] WARNING    - W&#xD;&#xD;
2024-01-09 15:43:06.575+01:00 [     6] WARNING    - W&#xD;&#xD;
2024-01-09 15:43:06.575+01:00 [     6] WARNING    - W&#xD;&#xD;
2024-01-09 15:43:06.575+01:00 [     6] WARNING    - W&#xD;&#xD;
2024-01-09 15:43:06.575+01:00 [     6] WARNING    - W&#xD;&#xD;
2024-01-09 15:43:06.575+01:00 [     6] WARNING    - W&#xD;&#xD;
2024-01-09 15:43:06.575+01:00 [     6] WARNING    - W&#xD;&#xD;
2024-01-09 15:43:06.575+01:00 [     6] WARNING    - W&#xD;&#xD;
2024-01-09 15:43:06.575+01:00 [     6] WARNING    - W&#xD;&#xD;
2024-01-09 15:43:06.575+01:00 [     6] WARNING    - W&#xD;&#xD;
2024-01-09 15:43:06.575+01:00 [     6] WARNING    - W&#xD;&#xD;
2024-01-09 15:43:06.575+01:00 [     6] WARNING    - W&#xD;&#xD;
2024-01-09 15:43:06.575+01:00 [     6] WARNING    - W&#xD;&#xD;
2024-01-09 15:43:06.575+01:00 [     6] WARNING    - W&#xD;&#xD;
2024-01-09 15:43:06.575+01:00 [     6] WARNING    - W&#xD;&#xD;
2024-01-09 15:43:06.575+01:00 [     6] WARNING    - W&#xD;&#xD;
2024-01-09 15:43:06.575+01:00 [     6] WARNING    - W&#xD;&#xD;
2024-01-09 15:43:06.575+01:00 [     6] WARNING    - W&#xD;&#xD;
2024-01-09 15:43:06.575+01:00 [     6] WARNING    - W&#xD;&#xD;
2024-01-09 15:43:06.575+01:00 [     6] WARNING    - W&#xD;&#xD;
2024-01-09 15:43:06.575+01:00 [     6] WARNING    - W&#xD;&#xD;
2024-01-09 15:43:06.575+01:00 [     6] WARNING    - W&#xD;&#xD;
2024-01-09 15:43:06.575+01:00 [     6] WARNING    - W&#xD;&#xD;
2024-01-09 15:43:06.575+01:00 [     6] WARNING    - W&#xD;&#xD;
2024-01-09 15:43:06.575+01:00 [     6] WARNING    - W&#xD;&#xD;
2024-01-09 15:43:06.575+01:00 [     6] WARNING    - W&#xD;&#xD;
2024-01-09 15:43:06.575+01:00 [     6] WARNING    - W&#xD;&#xD;
2024-01-09 15:43:06.575+01:00 [     6] WARNING    - W&#xD;&#xD;
2024-01-09 15:43:06.575+01:00 [     6] WARNING    - W&#xD;&#xD;
2024-01-09 15:43:06.575+01:00 [     6] WARNING    - W&#xD;&#xD;
2024-01-09 15:43:06.575+01:00 [     6] WARNING    - W&#xD;&#xD;
2024-01-09 15:43:06.575+01:00 [     6] WARNING    - W&#xD;&#xD;
2024-01-09 15:43:06.575+01:00 [     6] WARNING    - W&#xD;&#xD;
2024-01-09 15:43:06.575+01:00 [     6] WARNING    - W&#xD;&#xD;
2024-01-09 15:43:06.575+01:00 [     6] WARNING    - W&#xD;&#xD;
2024-01-09 15:43:06.575+01:00 [     6] WARNING    - W&#xD;&#xD;
2024-01-09 15:43:06.575+01:00 [     6] WARNING    - W&#xD;&#xD;
2024-01-09 15:43:06.575+01:00 [     6] WARNING    - W&#xD;&#xD;
2024-01-09 15:43:06.575+01:00 [     6] WARNING    - W&#xD;&#xD;
2024-01-09 15:43:06.575+01:00 [     6] WARNING    - W&#xD;&#xD;
2024-01-09 15:43:06.575+01:00 [     6] WARNING    - W&#xD;&#xD;
2024-01-09 15:43:06.575+01:00 [     6] WARNING    - W&#xD;&#xD;
2024-01-09 15:43:06.575+01:00 [     6] WARNING    - W&#xD;&#xD;
2024-01-09 15:43:06.575+01:00 [     6] WARNING    - W&#xD;&#xD;
2024-01-09 15:43:06.575+01:00 [     6] WARNING    - W&#xD;&#xD;
2024-01-09 15:43:06.575+01:00 [     6] WARNING    - W&#xD;&#xD;
2024-01-09 15:43:06.575+01:00 [     6] WARNING    - W&#xD;&#xD;
2024-01-09 15:43:06.575+01:00 [     6] WARNING    - W&#xD;&#xD;
2024-01-09 15:43:06.575+01:00 [     6] WARNING    - W&#xD;&#xD;
2024-01-09 15:43:06.575+01:00 [     6] WARNING    - W&#xD;&#xD;
2024-01-09 15:43:06.575+01:00 [     6] WARNING    - W&#xD;&#xD;
2024-01-09 15:43:06.575+01:00 [     6] WARNING    - W&#xD;&#xD;
2024-01-09 15:43:06.575+01:00 [     6] WARNING    - W&#xD;&#xD;
2024-01-09 15:43:06.575+01:00 [     6] WARNING    - W&#xD;&#xD;
2024-01-09 15:43:06.575+01:00 [     6] WARNING    - W&#xD;&#xD;
2024-01-09 15:43:06.575+01:00 [     6] WARNING    - W&#xD;&#xD;
2024-01-09 15:43:06.575+01:00 [     6] WARNING    - W&#xD;&#xD;
2024-01-09 15:43:06.575+01:00 [     6] WARNING    - W&#xD;&#xD;
2024-01-09 15:43:06.575+01:00 [     6] WARNING    - W&#xD;&#xD;
2024-01-09 15:43:06.575+01:00 [     6] WARNING    - W&#xD;&#xD;
2024-01-09 15:43:06.575+01:00 [     6] WARNING    - W&#xD;&#xD;
2024-01-09 15:43:06.575+01:00 [     6] WARNING    - W&#xD;&#xD;
2024-01-09 15:43:06.575+01:00 [     6] WARNING    - W&#xD;&#xD;
2024-01-09 15:43:06.575+01:00 [     6] WARNING    - W&#xD;&#xD;
2024-01-09 15:43:06.575+01:00 [     6] WARNING    - W&#xD;&#xD;
2024-01-09 15:43:06.575+01:00 [     6] WARNING    - W&#xD;&#xD;
2024-01-09 15:43:06.575+01:00 [     6] WARNING    - W&#xD;&#xD;
2024-01-09 15:43:06.575+01:00 [     6] WARNING    - W&#xD;&#xD;
2024-01-09 15:43:06.575+01:00 [     6] WARNING    - W&#xD;&#xD;
2024-01-09 15:43:06.575+01:00 [     6] WARNING    - W&#xD;&#xD;
2024-01-09 15:43:06.575+01:00 [     6] WARNING    - W&#xD;&#xD;
2024-01-09 15:43:06.575+01:00 [     6] WARNING    - W&#xD;&#xD;
2024-01-09 15:43:06.575+01:00 [     6] WARNING    - W&#xD;&#xD;
2024-01-09 15:43:06.575+01:00 [     6] WARNING    - W&#xD;&#xD;
2024-01-09 15:43:06.575+01:00 [     6] WARNING    - W&#xD;&#xD;
2024-01-09 15:43:06.575+01:00 [     6] WARNING    - W&#xD;&#xD;
2024-01-09 15:43:06.575+01:00 [     6] WARNING    - W&#xD;&#xD;
2024-01-09 15:43:06.575+01:00 [     6] WARNING    - W&#xD;&#xD;
2024-01-09 15:43:06.575+01:00 [     6] WARNING    - W&#xD;&#xD;
2024-01-09 15:43:06.575+01:00 [     6] WARNING    - W&#xD;&#xD;
2024-01-09 15:43:06.575+01:00 [     6] WARNING    - W&#xD;&#xD;
2024-01-09 15:43:06.575+01:00 [     6] WARNING    - W&#xD;&#xD;
2024-01-09 15:43:06.575+01:00 [     6] WARNING    - W&#xD;&#xD;
2024-01-09 15:43:06.575+01:00 [     6] WARNING    - W&#xD;&#xD;
2024-01-09 15:43:06.575+01:00 [     6] WARNING    - W&#xD;&#xD;
2024-01-09 15:43:06.575+01:00 [     6] WARNING    - W&#xD;&#xD;
2024-01-09 15:43:06.575+01:00 [     6] WARNING    - W&#xD;&#xD;
2024-01-09 15:43:06.575+01:00 [     6] WARNING    - W&#xD;&#xD;
2024-01-09 15:43:06.575+01:00 [     6] WARNING    - W&#xD;&#xD;
2024-01-09 15:43:06.575+01:00 [     6] WARNING    - W&#xD;&#xD;
2024-01-09 15:43:06.575+01:00 [     6] WARNING    - W&#xD;&#xD;
2024-01-09 15:43:06.575+01:00 [     6] WARNING    - W&#xD;&#xD;
2024-01-09 15:43:06.575+01:00 [     6] WARNING    - W&#xD;&#xD;
2024-01-09 15:43:06.575+01:00 [     6] WARNING    - W&#xD;&#xD;
2024-01-09 15:43:06.575+01:00 [     6] WARNING    - W&#xD;&#xD;
2024-01-09 15:43:06.575+01:00 [     6] WARNING    - W&#xD;&#xD;
2024-01-09 15:43:06.575+01:00 [     6] WARNING    - W&#xD;&#xD;
2024-01-09 15:43:06.575+01:00 [     6] WARNING    - W&#xD;&#xD;
2024-01-09 15:43:06.575+01:00 [     6] WARNING    - W&#xD;&#xD;
2024-01-09 15:43:06.575+01:00 [     6] WARNING    - W&#xD;&#xD;
2024-01-09 15:43:06.575+01:00 [     6] WARNING    - W&#xD;&#xD;
2024-01-09 15:43:06.575+01:00 [     6] WARNING    - W&#xD;&#xD;
2024-01-09 15:43:06.575+01:00 [     6] WARNING    - W&#xD;&#xD;
2024-01-09 15:43:06.575+01:00 [     6] WARNING    - W&#xD;&#xD;
2024-01-09 15:43:06.575+01:00 [     6] WARNING    - W&#xD;&#xD;
2024-01-09 15:43:06.575+01:00 [     6] WARNING    - W&#xD;&#xD;
2024-01-09 15:43:06.575+01:00 [     6] WARNING    - W&#xD;&#xD;
2024-01-09 15:43:06.575+01:00 [     6] WARNING    - W&#xD;&#xD;
2024-01-09 15:43:06.575+01:00 [     6] WARNING    - W&#xD;&#xD;
2024-01-09 15:43:06.575+01:00 [     6] WARNING    - W&#xD;&#xD;
2024-01-09 15:43:06.575+01:00 [     6] WARNING    - W&#xD;&#xD;
2024-01-09 15:43:06.575+01:00 [     6] WARNING    - W&#xD;&#xD;
2024-01-09 15:43:06.575+01:00 [     6] WARNING    - W&#xD;&#xD;
2024-01-09 15:43:06.575+01:00 [     6] WARNING    - W&#xD;&#xD;
2024-01-09 15:43:06.575+01:00 [     6] WARNING    - W&#xD;&#xD;
2024-01-09 15:43:06.575+01:00 [     6] WARNING    - W&#xD;&#xD;
2024-01-09 15:43:06.575+01:00 [     6] WARNING    - W&#xD;&#xD;
2024-01-09 15:43:06.575+01:00 [     6] WARNING    - W&#xD;&#xD;
2024-01-09 15:43:06.575+01:00 [     6] WARNING    - W&#xD;&#xD;
2024-01-09 15:43:06.575+01:00 [     6] WARNING    - W&#xD;&#xD;
2024-01-09 15:43:06.575+01:00 [     6] WARNING    - W&#xD;&#xD;
2024-01-09 15:43:06.575+01:00 [     6] WARNING    - W&#xD;&#xD;
2024-01-09 15:43:06.575+01:00 [     6] WARNING    - W&#xD;&#xD;
2024-01-09 15:43:06.575+01:00 [     6] WARNING    - W&#xD;&#xD;
2024-01-09 15:43:06.575+01:00 [     6] WARNING    - W&#xD;&#xD;
2024-01-09 15:43:06.575+01:00 [     6] WARNING    - W&#xD;&#xD;
2024-01-09 15:43:06.575+01:00 [     6] WARNING    - W&#xD;&#xD;
2024-01-09 15:43:06.575+01:00 [     6] WARNING    - W&#xD;&#xD;
2024-01-09 15:43:06.575+01:00 [     6] WARNING    - W&#xD;&#xD;
2024-01-09 15:43:06.575+01:00 [     6] WARNING    - W&#xD;&#xD;
2024-01-09 15:43:06.575+01:00 [     6] WARNING    - W&#xD;&#xD;
2024-01-09 15:43:06.575+01:00 [     6] WARNING    - W&#xD;&#xD;
2024-01-09 15:43:06.575+01:00 [     6] WARNING    - W&#xD;&#xD;
2024-01-09 15:43:06.575+01:00 [     6] WARNING    - W&#xD;&#xD;
2024-01-09 15:43:06.575+01:00 [     6] WARNING    - W&#xD;&#xD;
2024-01-09 15:43:06.575+01:00 [     6] WARNING    - W&#xD;&#xD;
2024-01-09 15:43:06.575+01:00 [     6] WARNING    - W&#xD;&#xD;
2024-01-09 15:43:06.575+01:00 [     6] WARNING    - W&#xD;&#xD;
2024-01-09 15:43:06.575+01:00 [     6] WARNING    - W&#xD;&#xD;
2024-01-09 15:43:06.575+01:00 [     6] WARNING    - W&#xD;&#xD;
2024-01-09 15:43:06.575+01:00 [     6] WARNING    - W&#xD;&#xD;
2024-01-09 15:43:06.575+01:00 [     6] WARNING    - W&#xD;&#xD;
2024-01-09 15:43:06.575+01:00 [     6] WARNING    - W&#xD;&#xD;
2024-01-09 15:43:06.575+01:00 [     6] WARNING    - W&#xD;&#xD;
2024-01-09 15:43:06.575+01:00 [     6] WARNING    - W&#xD;&#xD;
2024-01-09 15:43:06.575+01:00 [     6] WARNING    - W&#xD;&#xD;
2024-01-09 15:43:06.575+01:00 [     6] WARNING    - W&#xD;&#xD;
2024-01-09 15:43:06.575+01:00 [     6] WARNING    - W&#xD;&#xD;
2024-01-09 15:43:06.575+01:00 [     6] WARNING    - W&#xD;&#xD;
2024-01-09 15:43:06.575+01:00 [     6] WARNING    - W&#xD;&#xD;
2024-01-09 15:43:06.575+01:00 [     6] WARNING    - W&#xD;&#xD;
2024-01-09 15:43:06.575+01:00 [     6] WARNING    - W&#xD;&#xD;
2024-01-09 15:43:06.575+01:00 [     6] WARNING    - W&#xD;&#xD;
2024-01-09 15:43:06.575+01:00 [     6] WARNING    - W&#xD;&#xD;
2024-01-09 15:43:06.575+01:00 [     6] WARNING    - W&#xD;&#xD;
2024-01-09 15:43:06.575+01:00 [     6] WARNING    - W&#xD;&#xD;
2024-01-09 15:43:06.575+01:00 [     6] WARNING    - W&#xD;&#xD;
2024-01-09 15:43:06.575+01:00 [     6] WARNING    - W&#xD;&#xD;
2024-01-09 15:43:06.575+01:00 [     6] WARNING    - W&#xD;&#xD;
2024-01-09 15:43:06.575+01:00 [     6] WARNING    - W&#xD;&#xD;
2024-01-09 15:43:06.575+01:00 [     6] WARNING    - W&#xD;&#xD;
2024-01-09 15:43:06.575+01:00 [     6] WARNING    - W&#xD;&#xD;
2024-01-09 15:43:06.575+01:00 [     6] WARNING    - W&#xD;&#xD;
2024-01-09 15:43:06.575+01:00 [     6] WARNING    - W&#xD;&#xD;
2024-01-09 15:43:06.575+01:00 [     6] WARNING    - W&#xD;&#xD;
2024-01-09 15:43:06.575+01:00 [     6] WARNING    - W&#xD;&#xD;
2024-01-09 15:43:06.575+01:00 [     6] WARNING    - W&#xD;&#xD;
2024-01-09 15:43:06.575+01:00 [     6] WARNING    - W&#xD;&#xD;
2024-01-09 15:43:06.575+01:00 [     6] WARNING    - W&#xD;&#xD;
2024-01-09 15:43:06.575+01:00 [     6] WARNING    - W&#xD;&#xD;
2024-01-09 15:43:06.575+01:00 [     6] WARNING    - W&#xD;&#xD;
2024-01-09 15:43:06.575+01:00 [     6] WARNING    - W&#xD;&#xD;
2024-01-09 15:43:06.575+01:00 [     6] WARNING    - W&#xD;&#xD;
2024-01-09 15:43:06.575+01:00 [     6] WARNING    - W&#xD;&#xD;
2024-01-09 15:43:06.575+01:00 [     6] WARNING    - W&#xD;&#xD;
2024-01-09 15:43:06.575+01:00 [     6] WARNING    - W&#xD;&#xD;
2024-01-09 15:43:06.575+01:00 [     6] WARNING    - W&#xD;&#xD;
2024-01-09 15:43:06.575+01:00 [     6] WARNING    - W&#xD;&#xD;
2024-01-09 15:43:06.575+01:00 [     6] WARNING    - W&#xD;&#xD;
2024-01-09 15:43:06.575+01:00 [     6] WARNING    - W&#xD;&#xD;
2024-01-09 15:43:06.575+01:00 [     6] WARNING    - W&#xD;&#xD;
2024-01-09 15:43:06.575+01:00 [     6] WARNING    - W&#xD;&#xD;
2024-01-09 15:43:06.575+01:00 [     6] WARNING    - W&#xD;&#xD;
2024-01-09 15:43:06.575+01:00 [     6] WARNING    - W&#xD;&#xD;
2024-01-09 15:43:06.575+01:00 [     6] WARNING    - W&#xD;&#xD;
2024-01-09 15:43:06.575+01:00 [     6] WARNING    - W&#xD;&#xD;
2024-01-09 15:43:06.575+01:00 [     6] WARNING    - W&#xD;&#xD;
2024-01-09 15:43:06.575+01:00 [     6] WARNING    - W&#xD;&#xD;
2024-01-09 15:43:06.575+01:00 [     6] WARNING    - W&#xD;&#xD;
2024-01-09 15:43:06.575+01:00 [     6] WARNING    - W&#xD;&#xD;
2024-01-09 15:43:06.575+01:00 [     6] WARNING    - W&#xD;&#xD;
2024-01-09 15:43:06.575+01:00 [     6] WARNING    - W&#xD;&#xD;
2024-01-09 15:43:06.575+01:00 [     6] WARNING    - W&#xD;&#xD;
2024-01-09 15:43:06.575+01:00 [     6] WARNING    - W&#xD;&#xD;
2024-01-09 15:43:06.575+01:00 [     6] WARNING    - W&#xD;&#xD;
2024-01-09 15:43:06.575+01:00 [     6] WARNING    - W&#xD;&#xD;
2024-01-09 15:43:06.575+01:00 [     6] WARNING    - W&#xD;&#xD;
2024-01-09 15:43:06.575+01:00 [     6] WARNING    - W&#xD;&#xD;
2024-01-09 15:43:06.575+01:00 [     6] WARNING    - W&#xD;&#xD;
2024-01-09 15:43:06.575+01:00 [     6] WARNING    - W&#xD;&#xD;
2024-01-09 15:43:06.575+01:00 [     6] WARNING    - W&#xD;&#xD;
2024-01-09 15:43:06.575+01:00 [     6] WARNING    - W&#xD;&#xD;
2024-01-09 15:43:06.575+01:00 [     6] WARNING    - W&#xD;&#xD;
2024-01-09 15:43:06.575+01:00 [     6] WARNING    - W&#xD;&#xD;
2024-01-09 15:43:06.575+01:00 [     6] WARNING    - W&#xD;&#xD;
2024-01-09 15:43:06.575+01:00 [     6] WARNING    - W&#xD;&#xD;
2024-01-09 15:43:06.575+01:00 [     6] WARNING    - W&#xD;&#xD;
2024-01-09 15:43:06.575+01:00 [     6] WARNING    - W&#xD;&#xD;
2024-01-09 15:43:06.575+01:00 [     6] WARNING    - W&#xD;&#xD;
2024-01-09 15:43:06.575+01:00 [     6] WARNING    - W&#xD;&#xD;
2024-01-09 15:43:06.575+01:00 [     6] WARNING    - W&#xD;&#xD;
2024-01-09 15:43:06.575+01:00 [     6] WARNING    - W&#xD;&#xD;
2024-01-09 15:43:06.575+01:00 [     6] WARNING    - W&#xD;&#xD;
2024-01-09 15:43:06.575+01:00 [     6] WARNING    - W&#xD;&#xD;
2024-01-09 15:43:06.575+01:00 [     6] WARNING    - W&#xD;&#xD;
2024-01-09 15:43:06.575+01:00 [     6] WARNING    - W&#xD;&#xD;
2024-01-09 15:43:06.575+01:00 [     6] WARNING    - W&#xD;&#xD;
2024-01-09 15:43:06.575+01:00 [     6] WARNING    - W&#xD;&#xD;
2024-01-09 15:43:06.575+01:00 [     6] WARNING    - W&#xD;&#xD;
2024-01-09 15:43:06.575+01:00 [     6] WARNING    - W&#xD;&#xD;
2024-01-09 15:43:06.575+01:00 [     6] WARNING    - W&#xD;&#xD;
2024-01-09 15:43:06.575+01:00 [     6] WARNING    - W&#xD;&#xD;
2024-01-09 15:43:06.575+01:00 [     6] WARNING    - W&#xD;&#xD;
2024-01-09 15:43:06.575+01:00 [     6] WARNING    - W&#xD;&#xD;
2024-01-09 15:43:06.575+01:00 [     6] WARNING    - W&#xD;&#xD;
2024-01-09 15:43:06.575+01:00 [     6] WARNING    - W&#xD;&#xD;
2024-01-09 15:43:06.575+01:00 [     6] WARNING    - W&#xD;&#xD;
2024-01-09 15:43:06.575+01:00 [     6] WARNING    - W&#xD;&#xD;
2024-01-09 15:43:06.575+01:00 [     6] WARNING    - W&#xD;&#xD;
2024-01-09 15:43:06.575+01:00 [     6] WARNING    - W&#xD;&#xD;
2024-01-09 15:43:06.575+01:00 [     6] WARNING    - W&#xD;&#xD;
2024-01-09 15:43:06.575+01:00 [     6] WARNING    - W&#xD;&#xD;
2024-01-09 15:43:06.575+01:00 [     6] WARNING    - W&#xD;&#xD;
2024-01-09 15:43:06.575+01:00 [     6] WARNING    - W&#xD;&#xD;
2024-01-09 15:43:06.575+01:00 [     6] WARNING    - W&#xD;&#xD;
2024-01-09 15:43:06.575+01:00 [     6] WARNING    - W&#xD;&#xD;
2024-01-09 15:43:06.575+01:00 [     6] WARNING    - W&#xD;&#xD;
2024-01-09 15:43:06.575+01:00 [     6] WARNING    - W&#xD;&#xD;
2024-01-09 15:43:06.575+01:00 [     6] WARNING    - W&#xD;&#xD;
2024-01-09 15:43:06.575+01:00 [     6] WARNING    - W&#xD;&#xD;
2024-01-09 15:43:06.575+01:00 [     6] WARNING    - W&#xD;&#xD;
2024-01-09 15:43:06.575+01:00 [     6] WARNING    - W&#xD;&#xD;
2024-01-09 15:43:06.575+01:00 [     6] WARNING    - W&#xD;&#xD;
2024-01-09 15:43:06.575+01:00 [     6] WARNING    - W&#xD;&#xD;
2024-01-09 15:43:06.575+01:00 [     6] WARNING    - W&#xD;&#xD;
2024-01-09 15:43:06.575+01:00 [     6] WARNING    - W&#xD;&#xD;
2024-01-09 15:43:06.575+01:00 [     6] WARNING    - W&#xD;&#xD;
2024-01-09 15:43:06.575+01:00 [     6] WARNING    - W&#xD;&#xD;
2024-01-09 15:43:06.575+01:00 [     6] WARNING    - W&#xD;&#xD;
2024-01-09 15:43:06.575+01:00 [     6] WARNING    - W&#xD;&#xD;
2024-01-09 15:43:06.575+01:00 [     6] WARNING    - W&#xD;&#xD;
2024-01-09 15:43:06.575+01:00 [     6] WARNING    - W&#xD;&#xD;
2024-01-09 15:43:06.575+01:00 [     6] WARNING    - W&#xD;&#xD;
2024-01-09 15:43:06.575+01:00 [     6] WARNING    - W&#xD;&#xD;
2024-01-09 15:43:06.575+01:00 [     6] WARNING    - W&#xD;&#xD;
2024-01-09 15:43:06.575+01:00 [     6] WARNING    - W&#xD;&#xD;
2024-01-09 15:43:06.575+01:00 [     6] WARNING    - W&#xD;&#xD;
2024-01-09 15:43:06.575+01:00 [     6] WARNING    - W&#xD;&#xD;
2024-01-09 15:43:06.575+01:00 [     6] WARNING    - W&#xD;&#xD;
2024-01-09 15:43:06.575+01:00 [     6] WARNING    - W&#xD;&#xD;
2024-01-09 15:43:06.575+01:00 [     6] WARNING    - W&#xD;&#xD;
2024-01-09 15:43:06.575+01:00 [     6] WARNING    - W&#xD;&#xD;
2024-01-09 15:43:06.575+01:00 [     6] WARNING    - W&#xD;&#xD;
2024-01-09 15:43:06.575+01:00 [     6] WARNING    - W&#xD;&#xD;
2024-01-09 15:43:06.575+01:00 [     6] WARNING    - W&#xD;&#xD;
2024-01-09 15:43:06.575+01:00 [     6] WARNING    - W&#xD;&#xD;
2024-01-09 15:43:06.575+01:00 [     6] WARNING    - W&#xD;&#xD;
2024-01-09 15:43:06.575+01:00 [     6] WARNING    - W&#xD;&#xD;
2024-01-09 15:43:06.575+01:00 [     6] WARNING    - W&#xD;&#xD;
2024-01-09 15:43:06.575+01:00 [     6] WARNING    - W&#xD;&#xD;
2024-01-09 15:43:06.575+01:00 [     6] WARNING    - W&#xD;&#xD;
2024-01-09 15:43:06.575+01:00 [     6] WARNING    - W&#xD;&#xD;
2024-01-09 15:43:06.575+01:00 [     6] WARNING    - W&#xD;&#xD;
2024-01-09 15:43:06.575+01:00 [     6] WARNING    - W&#xD;&#xD;
2024-01-09 15:43:06.575+01:00 [     6] WARNING    - W&#xD;&#xD;
2024-01-09 15:43:06.575+01:00 [     6] WARNING    - W&#xD;&#xD;
2024-01-09 15:43:06.575+01:00 [     6] WARNING    - W&#xD;&#xD;
2024-01-09 15:43:06.575+01:00 [     6] WARNING    - W&#xD;&#xD;
2024-01-09 15:43:06.575+01:00 [     6] WARNING    - W&#xD;&#xD;
2024-01-09 15:43:06.575+01:00 [     6] WARNING    - W&#xD;&#xD;
2024-01-09 15:43:06.575+01:00 [     6] WARNING    - W&#xD;&#xD;
2024-01-09 15:43:06.575+01:00 [     6] WARNING    - W&#xD;&#xD;
2024-01-09 15:43:06.575+01:00 [     6] WARNING    - W&#xD;&#xD;
2024-01-09 15:43:06.575+01:00 [     6] WARNING    - W&#xD;&#xD;
2024-01-09 15:43:06.575+01:00 [     6] WARNING    - W&#xD;&#xD;
2024-01-09 15:43:06.575+01:00 [     6] WARNING    - W&#xD;&#xD;
2024-01-09 15:43:06.575+01:00 [     6] WARNING    - W&#xD;&#xD;
2024-01-09 15:43:06.575+01:00 [     6] WARNING    - W&#xD;&#xD;
2024-01-09 15:43:06.575+01:00 [     6] WARNING    - W&#xD;&#xD;
2024-01-09 15:43:06.575+01:00 [     6] WARNING    - W&#xD;&#xD;
2024-01-09 15:43:06.575+01:00 [     6] WARNING    - W&#xD;&#xD;
2024-01-09 15:43:06.575+01:00 [     6] WARNING    - W&#xD;&#xD;
2024-01-09 15:43:06.575+01:00 [     6] WARNING    - W&#xD;&#xD;
2024-01-09 15:43:06.575+01:00 [     6] WARNING    - W&#xD;&#xD;
2024-01-09 15:43:06.575+01:00 [     6] WARNING    - W&#xD;&#xD;
2024-01-09 15:43:06.575+01:00 [     6] WARNING    - W&#xD;&#xD;
2024-01-09 15:43:06.575+01:00 [     6] WARNING    - W&#xD;&#xD;
2024-01-09 15:43:06.575+01:00 [     6] WARNING    - W&#xD;&#xD;
2024-01-09 15:43:06.575+01:00 [     6] WARNING    - W&#xD;&#xD;
2024-01-09 15:43:06.575+01:00 [     6] WARNING    - W&#xD;&#xD;
2024-01-09 15:43:06.575+01:00 [     6] WARNING    - W&#xD;&#xD;
2024-01-09 15:43:06.575+01:00 [     6] WARNING    - W&#xD;&#xD;
2024-01-09 15:43:06.575+01:00 [     6] WARNING    - W&#xD;&#xD;
2024-01-09 15:43:06.575+01:00 [     6] WARNING    - W&#xD;&#xD;
2024-01-09 15:43:06.575+01:00 [     6] WARNING    - W&#xD;&#xD;
2024-01-09 15:43:06.575+01:00 [     6] WARNING    - W&#xD;&#xD;
2024-01-09 15:43:06.575+01:00 [     6] WARNING    - W&#xD;&#xD;
2024-01-09 15:43:06.575+01:00 [     6] WARNING    - W&#xD;&#xD;
2024-01-09 15:43:06.575+01:00 [     6] WARNING    - W&#xD;&#xD;
2024-01-09 15:43:06.575+01:00 [     6] WARNING    - W&#xD;&#xD;
2024-01-09 15:43:06.575+01:00 [     6] WARNING    - W&#xD;&#xD;
2024-01-09 15:43:06.575+01:00 [     6] WARNING    - W&#xD;&#xD;
2024-01-09 15:43:06.575+01:00 [     6] WARNING    - W&#xD;&#xD;
2024-01-09 15:43:06.575+01:00 [     6] WARNING    - W&#xD;&#xD;
2024-01-09 15:43:06.575+01:00 [     6] WARNING    - W&#xD;&#xD;
2024-01-09 15:43:06.575+01:00 [     6] WARNING    - W&#xD;&#xD;
2024-01-09 15:43:06.575+01:00 [     6] WARNING    - W&#xD;&#xD;
2024-01-09 15:43:06.575+01:00 [     6] WARNING    - W&#xD;&#xD;
2024-01-09 15:43:06.575+01:00 [     6] WARNING    - W&#xD;&#xD;
2024-01-09 15:43:06.575+01:00 [     6] WARNING    - W&#xD;&#xD;
2024-01-09 15:43:06.575+01:00 [     6] WARNING    - W&#xD;&#xD;
2024-01-09 15:43:06.575+01:00 [     6] WARNING    - W&#xD;&#xD;
2024-01-09 15:43:06.575+01:00 [     6] WARNING    - W&#xD;&#xD;
2024-01-09 15:43:06.575+01:00 [     6] WARNING    - W&#xD;&#xD;
2024-01-09 15:43:06.575+01:00 [     6] WARNING    - W&#xD;&#xD;
2024-01-09 15:43:06.575+01:00 [     6] WARNING    - W&#xD;&#xD;
2024-01-09 15:43:06.575+01:00 [     6] WARNING    - W&#xD;&#xD;
2024-01-09 15:43:06.575+01:00 [     6] WARNING    - W&#xD;&#xD;
2024-01-09 15:43:06.575+01:00 [     6] WARNING    - W&#xD;&#xD;
2024-01-09 15:43:06.575+01:00 [     6] WARNING    - W&#xD;&#xD;
2024-01-09 15:43:06.575+01:00 [     6] WARNING    - W&#xD;&#xD;
2024-01-09 15:43:06.575+01:00 [     6] WARNING    - W&#xD;&#xD;
2024-01-09 15:43:06.575+01:00 [     6] WARNING    - W&#xD;&#xD;
2024-01-09 15:43:06.575+01:00 [     6] WARNING    - W&#xD;&#xD;
2024-01-09 15:43:06.575+01:00 [     6] WARNING    - W&#xD;&#xD;
2024-01-09 15:43:06.575+01:00 [     6] WARNING    - W&#xD;&#xD;
2024-01-09 15:43:06.575+01:00 [     6] WARNING    - W&#xD;&#xD;
2024-01-09 15:43:06.575+01:00 [     6] WARNING    - W&#xD;&#xD;
2024-01-09 15:43:06.575+01:00 [     6] WARNING    - W&#xD;&#xD;
2024-01-09 15:43:06.575+01:00 [     6] WARNING    - W&#xD;&#xD;
2024-01-09 15:43:06.575+01:00 [     6] WARNING    - W&#xD;&#xD;
2024-01-09 15:43:06.575+01:00 [     6] WARNING    - W&#xD;&#xD;
2024-01-09 15:43:06.575+01:00 [     6] WARNING    - W&#xD;&#xD;
2024-01-09 15:43:06.575+01:00 [     6] WARNING    - W&#xD;&#xD;
2024-01-09 15:43:06.575+01:00 [     6] WARNING    - W&#xD;&#xD;
2024-01-09 15:43:06.575+01:00 [     6] WARNING    - W&#xD;&#xD;
2024-01-09 15:43:06.575+01:00 [     6] WARNING    - W&#xD;&#xD;
2024-01-09 15:43:06.575+01:00 [     6] WARNING    - W&#xD;&#xD;
2024-01-09 15:43:06.575+01:00 [     6] WARNING    - W&#xD;&#xD;
2024-01-09 15:43:06.575+01:00 [     6] WARNING    - W&#xD;&#xD;
2024-01-09 15:43:06.575+01:00 [     6] WARNING    - W&#xD;&#xD;
2024-01-09 15:43:06.575+01:00 [     6] WARNING    - W&#xD;&#xD;
2024-01-09 15:43:06.575+01:00 [     6] WARNING    - W&#xD;&#xD;
2024-01-09 15:43:06.575+01:00 [     6] WARNING    - W&#xD;&#xD;
2024-01-09 15:43:06.575+01:00 [     6] WARNING    - W&#xD;&#xD;
2024-01-09 15:43:06.575+01:00 [     6] WARNING    - W&#xD;&#xD;
2024-01-09 15:43:06.575+01:00 [     6] WARNING    - W&#xD;&#xD;
2024-01-09 15:43:06.575+01:00 [     6] WARNING    - W&#xD;&#xD;
2024-01-09 15:43:06.575+01:00 [     6] WARNING    - W&#xD;&#xD;
2024-01-09 15:43:06.575+01:00 [     6] WARNING    - W&#xD;&#xD;
2024-01-09 15:43:06.575+01:00 [     6] WARNING    - W&#xD;&#xD;
2024-01-09 15:43:06.575+01:00 [     6] WARNING    - W&#xD;&#xD;
2024-01-09 15:43:06.575+01:00 [     6] WARNING    - W&#xD;&#xD;
2024-01-09 15:43:06.575+01:00 [     6] WARNING    - W&#xD;&#xD;
2024-01-09 15:43:06.575+01:00 [     6] WARNING    - W&#xD;&#xD;
2024-01-09 15:43:06.575+01:00 [     6] WARNING    - W&#xD;&#xD;
2024-01-09 15:43:06.575+01:00 [     6] WARNING    - W&#xD;&#xD;
2024-01-09 15:43:06.575+01:00 [     6] WARNING    - W&#xD;&#xD;
2024-01-09 15:43:06.575+01:00 [     6] WARNING    - W&#xD;&#xD;
2024-01-09 15:43:06.575+01:00 [     6] WARNING    - W&#xD;&#xD;
2024-01-09 15:43:06.575+01:00 [     6] WARNING    - W&#xD;&#xD;
2024-01-09 15:43:06.575+01:00 [     6] WARNING    - W&#xD;&#xD;
2024-01-09 15:43:06.575+01:00 [     6] WARNING    - W&#xD;&#xD;
2024-01-09 15:43:06.575+01:00 [     6] WARNING    - W&#xD;&#xD;
2024-01-09 15:43:06.575+01:00 [     6] WARNING    - W&#xD;&#xD;
2024-01-09 15:43:06.575+01:00 [     6] WARNING    - W&#xD;&#xD;
2024-01-09 15:43:06.575+01:00 [     6] WARNING    - W&#xD;&#xD;
2024-01-09 15:43:06.575+01:00 [     6] WARNING    - W&#xD;&#xD;
2024-01-09 15:43:06.575+01:00 [     6] WARNING    - W&#xD;&#xD;
2024-01-09 15:43:06.575+01:00 [     6] WARNING    - W&#xD;&#xD;
2024-01-09 15:43:06.575+01:00 [     6] WARNING    - W&#xD;&#xD;
2024-01-09 15:43:06.575+01:00 [     6] WARNING    - W&#xD;&#xD;
2024-01-09 15:43:06.575+01:00 [     6] WARNING    - W&#xD;&#xD;
2024-01-09 15:43:06.575+01:00 [     6] WARNING    - W&#xD;&#xD;
2024-01-09 15:43:06.575+01:00 [     6] WARNING    - W&#xD;&#xD;
2024-01-09 15:43:06.575+01:00 [     6] WARNING    - W&#xD;&#xD;
2024-01-09 15:43:06.575+01:00 [     6] WARNING    - W&#xD;&#xD;
2024-01-09 15:43:06.575+01:00 [     6] WARNING    - W&#xD;&#xD;
2024-01-09 15:43:06.575+01:00 [     6] WARNING    - W&#xD;&#xD;
2024-01-09 15:43:06.575+01:00 [     6] WARNING    - W&#xD;&#xD;
2024-01-09 15:43:06.575+01:00 [     6] WARNING    - W&#xD;&#xD;
2024-01-09 15:43:06.575+01:00 [     6] WARNING    - W&#xD;&#xD;
2024-01-09 15:43:06.575+01:00 [     6] WARNING    - W&#xD;&#xD;
2024-01-09 15:43:06.575+01:00 [     6] WARNING    - W&#xD;&#xD;
2024-01-09 15:43:06.575+01:00 [     6] WARNING    - W&#xD;&#xD;
2024-01-09 15:43:06.575+01:00 [     6] WARNING    - W&#xD;&#xD;
2024-01-09 15:43:06.575+01:00 [     6] WARNING    - W&#xD;&#xD;
2024-01-09 15:43:06.575+01:00 [     6] WARNING    - W&#xD;&#xD;
2024-01-09 15:43:06.575+01:00 [     6] WARNING    - W&#xD;&#xD;
2024-01-09 15:43:06.575+01:00 [     6] WARNING    - W&#xD;&#xD;
2024-01-09 15:43:06.575+01:00 [     6] WARNING    - W&#xD;&#xD;
2024-01-09 15:43:06.575+01:00 [     6] WARNING    - W&#xD;&#xD;
2024-01-09 15:43:06.575+01:00 [     6] WARNING    - W&#xD;&#xD;
2024-01-09 15:43:06.575+01:00 [     6] WARNING    - W&#xD;&#xD;
2024-01-09 15:43:06.575+01:00 [     6] WARNING    - W&#xD;&#xD;
2024-01-09 15:43:06.575+01:00 [     6] WARNING    - W&#xD;&#xD;
2024-01-09 15:43:06.575+01:00 [     6] WARNING    - W&#xD;&#xD;
2024-01-09 15:43:06.575+01:00 [     6] WARNING    - W&#xD;&#xD;
2024-01-09 15:43:06.575+01:00 [     6] WARNING    - W&#xD;&#xD;
2024-01-09 15:43:06.575+01:00 [     6] WARNING    - W&#xD;&#xD;
2024-01-09 15:43:06.575+01:00 [     6] WARNING    - W&#xD;&#xD;
2024-01-09 15:43:06.575+01:00 [     6] WARNING    - W&#xD;&#xD;
2024-01-09 15:43:06.575+01:00 [     6] WARNING    - W&#xD;&#xD;
2024-01-09 15:43:06.575+01:00 [     6] WARNING    - W&#xD;&#xD;
2024-01-09 15:43:06.575+01:00 [     6] WARNING    - W&#xD;&#xD;
2024-01-09 15:43:06.575+01:00 [     6] WARNING    - W&#xD;&#xD;
2024-01-09 15:43:06.575+01:00 [     6] WARNING    - W&#xD;&#xD;
2024-01-09 15:43:06.575+01:00 [     6] WARNING    - W&#xD;&#xD;
2024-01-09 15:43:06.575+01:00 [     6] WARNING    - W&#xD;&#xD;
2024-01-09 15:43:06.575+01:00 [     6] WARNING    - W&#xD;&#xD;
2024-01-09 15:43:06.575+01:00 [     6] WARNING    - W&#xD;&#xD;
2024-01-09 15:43:06.575+01:00 [     6] WARNING    - W&#xD;&#xD;
2024-01-09 15:43:06.575+01:00 [     6] WARNING    - W&#xD;&#xD;
2024-01-09 15:43:06.575+01:00 [     6] WARNING    - W&#xD;&#xD;
2024-01-09 15:43:06.575+01:00 [     6] WARNING    - W&#xD;&#xD;
2024-01-09 15:43:06.575+01:00 [     6] WARNING    - W&#xD;&#xD;
2024-01-09 15:43:06.575+01:00 [     6] WARNING    - W&#xD;&#xD;
2024-01-09 15:43:06.575+01:00 [     6] WARNING    - W&#xD;&#xD;
2024-01-09 15:43:06.575+01:00 [     6] WARNING    - W&#xD;&#xD;
2024-01-09 15:43:06.575+01:00 [     6] WARNING    - W&#xD;&#xD;
2024-01-09 15:43:06.575+01:00 [     6] WARNING    - W&#xD;&#xD;
2024-01-09 15:43:06.575+01:00 [     6] WARNING    - W&#xD;&#xD;
2024-01-09 15:43:06.575+01:00 [     6] WARNING    - W&#xD;&#xD;
2024-01-09 15:43:06.575+01:00 [     6] WARNING    - W&#xD;&#xD;
2024-01-09 15:43:06.575+01:00 [     6] WARNING    - W&#xD;&#xD;
2024-01-09 15:43:06.575+01:00 [     6] WARNING    - W&#xD;&#xD;
2024-01-09 15:43:06.575+01:00 [     6] WARNING    - W&#xD;&#xD;
2024-01-09 15:43:06.575+01:00 [     6] WARNING    - W&#xD;&#xD;
2024-01-09 15:43:06.575+01:00 [     6] WARNING    - W&#xD;&#xD;
2024-01-09 15:43:06.575+01:00 [     6] WARNING    - W&#xD;&#xD;
2024-01-09 15:43:06.575+01:00 [     6] WARNING    - W&#xD;&#xD;
2024-01-09 15:43:06.575+01:00 [     6] WARNING    - W&#xD;&#xD;
2024-01-09 15:43:06.575+01:00 [     6] WARNING    - W&#xD;&#xD;
2024-01-09 15:43:06.575+01:00 [     6] WARNING    - W&#xD;&#xD;
2024-01-09 15:43:06.575+01:00 [     6] WARNING    - W&#xD;&#xD;
2024-01-09 15:43:06.575+01:00 [     6] WARNING    - W&#xD;&#xD;
2024-01-09 15:43:06.575+01:00 [     6] WARNING    - W&#xD;&#xD;
2024-01-09 15:43:06.575+01:00 [     6] WARNING    - W&#xD;&#xD;
2024-01-09 15:43:06.575+01:00 [     6] WARNING    - W&#xD;&#xD;
2024-01-09 15:43:06.575+01:00 [     6] WARNING    - W&#xD;&#xD;
2024-01-09 15:43:06.575+01:00 [     6] WARNING    - W&#xD;&#xD;
2024-01-09 15:43:06.575+01:00 [     6] WARNING    - W&#xD;&#xD;
2024-01-09 15:43:06.575+01:00 [     6] WARNING    - W&#xD;&#xD;
2024-01-09 15:43:06.575+01:00 [     6] WARNING    - W&#xD;&#xD;
2024-01-09 15:43:06.575+01:00 [     6] WARNING    - W&#xD;&#xD;
2024-01-09 15:43:06.575+01:00 [     6] WARNING    - W&#xD;&#xD;
2024-01-09 15:43:06.575+01:00 [     6] WARNING    - W&#xD;&#xD;
2024-01-09 15:43:06.575+01:00 [     6] WARNING    - W&#xD;&#xD;
2024-01-09 15:43:06.575+01:00 [     6] WARNING    - W&#xD;&#xD;
2024-01-09 15:43:06.575+01:00 [     6] WARNING    - W&#xD;&#xD;
2024-01-09 15:43:06.575+01:00 [     6] WARNING    - W&#xD;&#xD;
2024-01-09 15:43:06.575+01:00 [     6] WARNING    - W&#xD;&#xD;
2024-01-09 15:43:06.575+01:00 [     6] WARNING    - W&#xD;&#xD;
2024-01-09 15:43:06.575+01:00 [     6] WARNING    - W&#xD;&#xD;
2024-01-09 15:43:06.575+01:00 [     6] WARNING    - W&#xD;&#xD;
2024-01-09 15:43:06.575+01:00 [     6] WARNING    - W&#xD;&#xD;
2024-01-09 15:43:06.575+01:00 [     6] WARNING    - W&#xD;&#xD;
2024-01-09 15:43:06.575+01:00 [     6] WARNING    - W&#xD;&#xD;
2024-01-09 15:43:06.575+01:00 [     6] WARNING    - W&#xD;&#xD;
2024-01-09 15:43:06.575+01:00 [     6] WARNING    - W&#xD;&#xD;
2024-01-09 15:43:06.575+01:00 [     6] WARNING    - W&#xD;&#xD;
2024-01-09 15:43:06.575+01:00 [     6] WARNING    - W&#xD;&#xD;
2024-01-09 15:43:06.575+01:00 [     6] WARNING    - W&#xD;&#xD;
2024-01-09 15:43:06.575+01:00 [     6] WARNING    - W&#xD;&#xD;
2024-01-09 15:43:06.575+01:00 [     6] WARNING    - W&#xD;&#xD;
2024-01-09 15:43:06.575+01:00 [     6] WARNING    - W&#xD;&#xD;
2024-01-09 15:43:06.575+01:00 [     6] WARNING    - W&#xD;&#xD;
2024-01-09 15:43:06.575+01:00 [     6] WARNING    - W&#xD;&#xD;
2024-01-09 15:43:06.575+01:00 [     6] WARNING    - W&#xD;&#xD;
2024-01-09 15:43:06.575+01:00 [     6] WARNING    - W&#xD;&#xD;
2024-01-09 15:43:06.575+01:00 [     6] WARNING    - W&#xD;&#xD;
2024-01-09 15:43:06.575+01:00 [     6] WARNING    - W&#xD;&#xD;
2024-01-09 15:43:06.575+01:00 [     6] WARNING    - W&#xD;&#xD;
2024-01-09 15:43:06.575+01:00 [     6] WARNING    - W&#xD;&#xD;
2024-01-09 15:43:06.575+01:00 [     6] WARNING    - W&#xD;&#xD;
2024-01-09 15:43:06.575+01:00 [     6] WARNING    - W&#xD;&#xD;
2024-01-09 15:43:06.575+01:00 [     6] WARNING    - W&#xD;&#xD;
2024-01-09 15:43:06.575+01:00 [     6] WARNING    - W&#xD;&#xD;
2024-01-09 15:43:06.575+01:00 [     6] WARNING    - W&#xD;&#xD;
2024-01-09 15:43:06.575+01:00 [     6] WARNING    - W&#xD;&#xD;
2024-01-09 15:43:06.575+01:00 [     6] WARNING    - W&#xD;&#xD;
2024-01-09 15:43:06.575+01:00 [     6] WARNING    - W&#xD;&#xD;
2024-01-09 15:43:06.575+01:00 [     6] WARNING    - W&#xD;&#xD;
2024-01-09 15:43:06.575+01:00 [     6] WARNING    - W&#xD;&#xD;
2024-01-09 15:43:06.575+01:00 [     6] WARNING    - W&#xD;&#xD;
2024-01-09 15:43:06.575+01:00 [     6] WARNING    - W&#xD;&#xD;
2024-01-09 15:43:06.575+01:00 [     6] WARNING    - W&#xD;&#xD;
2024-01-09 15:43:06.575+01:00 [     6] WARNING    - W&#xD;&#xD;
2024-01-09 15:43:06.575+01:00 [     6] WARNING    - W&#xD;&#xD;
2024-01-09 15:43:06.575+01:00 [     6] WARNING    - W&#xD;&#xD;
2024-01-09 15:43:06.575+01:00 [     6] WARNING    - W&#xD;&#xD;
2024-01-09 15:43:06.575+01:00 [     6] WARNING    - W&#xD;&#xD;
2024-01-09 15:43:06.575+01:00 [     6] WARNING    - W&#xD;&#xD;
2024-01-09 15:43:06.575+01:00 [     6] WARNING    - W&#xD;&#xD;
2024-01-09 15:43:06.575+01:00 [     6] WARNING    - W&#xD;&#xD;
2024-01-09 15:43:06.575+01:00 [     6] WARNING    - W&#xD;&#xD;
2024-01-09 15:43:06.575+01:00 [     6] WARNING    - W&#xD;&#xD;
2024-01-09 15:43:06.575+01:00 [     6] WARNING    - W&#xD;&#xD;
2024-01-09 15:43:06.575+01:00 [     6] WARNING    - W&#xD;&#xD;
2024-01-09 15:43:06.575+01:00 [     6] WARNING    - W&#xD;&#xD;
2024-01-09 15:43:06.575+01:00 [     6] WARNING    - W&#xD;&#xD;
2024-01-09 15:43:06.575+01:00 [     6] WARNING    - W&#xD;&#xD;
2024-01-09 15:43:06.575+01:00 [     6] WARNING    - W&#xD;&#xD;
2024-01-09 15:43:06.575+01:00 [     6] WARNING    - W&#xD;&#xD;
2024-01-09 15:43:06.575+01:00 [     6] WARNING    - W&#xD;&#xD;
2024-01-09 15:43:06.575+01:00 [     6] WARNING    - W&#xD;&#xD;
2024-01-09 15:43:06.575+01:00 [     6] WARNING    - W&#xD;&#xD;
2024-01-09 15:43:06.575+01:00 [     6] WARNING    - W&#xD;&#xD;
2024-01-09 15:43:06.575+01:00 [     6] WARNING    - W&#xD;&#xD;
2024-01-09 15:43:06.575+01:00 [     6] WARNING    - W&#xD;&#xD;
2024-01-09 15:43:06.575+01:00 [     6] WARNING    - W&#xD;&#xD;
2024-01-09 15:43:06.575+01:00 [     6] WARNING    - W&#xD;&#xD;
2024-01-09 15:43:06.575+01:00 [     6] WARNING    - W&#xD;&#xD;
2024-01-09 15:43:06.575+01:00 [     6] WARNING    - W&#xD;&#xD;
2024-01-09 15:43:06.575+01:00 [     6] WARNING    - W&#xD;&#xD;
2024-01-09 15:43:06.575+01:00 [     6] WARNING    - W&#xD;&#xD;
2024-01-09 15:43:06.575+01:00 [     6] WARNING    - W&#xD;&#xD;
2024-01-09 15:43:06.575+01:00 [     6] WARNING    - W&#xD;&#xD;
2024-01-09 15:43:06.575+01:00 [     6] WARNING    - W&#xD;&#xD;
2024-01-09 15:43:06.575+01:00 [     6] WARNING    - W&#xD;&#xD;
2024-01-09 15:43:06.575+01:00 [     6] WARNING    - W&#xD;&#xD;
2024-01-09 15:43:06.575+01:00 [     6] WARNING    - W&#xD;&#xD;
2024-01-09 15:43:06.575+01:00 [     6] WARNING    - W&#xD;&#xD;
2024-01-09 15:43:06.575+01:00 [     6] WARNING    - W&#xD;&#xD;
2024-01-09 15:43:06.575+01:00 [     6] WARNING    - W&#xD;&#xD;
2024-01-09 15:43:06.575+01:00 [     6] WARNING    - W&#xD;&#xD;
2024-01-09 15:43:06.575+01:00 [     6] WARNING    - W&#xD;&#xD;
2024-01-09 15:43:06.575+01:00 [     6] WARNING    - W&#xD;&#xD;
2024-01-09 15:43:06.575+01:00 [     6] WARNING    - W&#xD;&#xD;
2024-01-09 15:43:06.575+01:00 [     6] WARNING    - W&#xD;&#xD;
2024-01-09 15:43:06.575+01:00 [     6] WARNING    - W&#xD;&#xD;
2024-01-09 15:43:06.575+01:00 [     6] WARNING    - W&#xD;&#xD;
2024-01-09 15:43:06.575+01:00 [     6] WARNING    - W&#xD;&#xD;
2024-01-09 15:43:06.575+01:00 [     6] WARNING    - W&#xD;&#xD;
2024-01-09 15:43:06.575+01:00 [     6] WARNING    - W&#xD;&#xD;
2024-01-09 15:43:06.575+01:00 [     6] WARNING    - W&#xD;&#xD;
2024-01-09 15:43:06.575+01:00 [     6] WARNING    - W&#xD;&#xD;
2024-01-09 15:43:06.575+01:00 [     6] WARNING    - W&#xD;&#xD;
2024-01-09 15:43:06.575+01:00 [     6] WARNING    - W&#xD;&#xD;
2024-01-09 15:43:06.575+01:00 [     6] WARNING    - W&#xD;&#xD;
2024-01-09 15:43:06.575+01:00 [     6] WARNING    - W&#xD;&#xD;
2024-01-09 15:43:06.575+01:00 [     6] WARNING    - W&#xD;&#xD;
2024-01-09 15:43:06.575+01:00 [     6] WARNING    - W&#xD;&#xD;
2024-01-09 15:43:06.575+01:00 [     6] WARNING    - W&#xD;&#xD;
2024-01-09 15:43:06.575+01:00 [     6] WARNING    - W&#xD;&#xD;
2024-01-09 15:43:06.575+01:00 [     6] WARNING    - W&#xD;&#xD;
2024-01-09 15:43:06.575+01:00 [     6] WARNING    - W&#xD;&#xD;
2024-01-09 15:43:06.575+01:00 [     6] WARNING    - W&#xD;&#xD;
2024-01-09 15:43:06.575+01:00 [     6] WARNING    - W&#xD;&#xD;
2024-01-09 15:43:06.575+01:00 [     6] WARNING    - W&#xD;&#xD;
2024-01-09 15:43:06.575+01:00 [     6] WARNING    - W&#xD;&#xD;
2024-01-09 15:43:06.575+01:00 [     6] WARNING    - W&#xD;&#xD;
2024-01-09 15:43:06.575+01:00 [     6] WARNING    - W&#xD;&#xD;
2024-01-09 15:43:06.575+01:00 [     6] WARNING    - W&#xD;&#xD;
2024-01-09 15:43:06.575+01:00 [     6] WARNING    - W&#xD;&#xD;
2024-01-09 15:43:06.575+01:00 [     6] WARNING    - W&#xD;&#xD;
2024-01-09 15:43:06.575+01:00 [     6] WARNING    - W&#xD;&#xD;
2024-01-09 15:43:06.575+01:00 [     6] WARNING    - W&#xD;&#xD;
2024-01-09 15:43:06.575+01:00 [     6] WARNING    - W&#xD;&#xD;
2024-01-09 15:43:06.575+01:00 [     6] WARNING    - W&#xD;&#xD;
2024-01-09 15:43:06.575+01:00 [     6] WARNING    - W&#xD;&#xD;
2024-01-09 15:43:06.575+01:00 [     6] WARNING    - W&#xD;&#xD;
2024-01-09 15:43:06.575+01:00 [     6] WARNING    - W&#xD;&#xD;
2024-01-09 15:43:06.575+01:00 [     6] WARNING    - W&#xD;&#xD;
2024-01-09 15:43:06.575+01:00 [     6] WARNING    - W&#xD;&#xD;
2024-01-09 15:43:06.575+01:00 [     6] WARNING    - W&#xD;&#xD;
2024-01-09 15:43:06.575+01:00 [     6] WARNING    - W&#xD;&#xD;
2024-01-09 15:43:06.575+01:00 [     6] WARNING    - W&#xD;&#xD;
2024-01-09 15:43:06.575+01:00 [     6] WARNING    - W&#xD;&#xD;
2024-01-09 15:43:06.575+01:00 [     6] WARNING    - W&#xD;&#xD;
2024-01-09 15:43:06.575+01:00 [     6] WARNING    - W&#xD;&#xD;
2024-01-09 15:43:06.575+01:00 [     6] WARNING    - W&#xD;&#xD;
2024-01-09 15:43:06.575+01:00 [     6] WARNING    - W&#xD;&#xD;
2024-01-09 15:43:06.575+01:00 [     6] WARNING    - W&#xD;&#xD;
2024-01-09 15:43:06.575+01:00 [     6] WARNING    - W&#xD;&#xD;
2024-01-09 15:43:06.575+01:00 [     6] WARNING    - W&#xD;&#xD;
2024-01-09 15:43:06.575+01:00 [     6] WARNING    - W&#xD;&#xD;
2024-01-09 15:43:06.575+01:00 [     6] WARNING    - W&#xD;&#xD;
2024-01-09 15:43:06.575+01:00 [     6] WARNING    - W&#xD;&#xD;
2024-01-09 15:43:06.575+01:00 [     6] WARNING    - W&#xD;&#xD;
2024-01-09 15:43:06.575+01:00 [     6] WARNING    - W&#xD;&#xD;
2024-01-09 15:43:06.575+01:00 [     6] WARNING    - W&#xD;&#xD;
2024-01-09 15:43:06.575+01:00 [     6] WARNING    - W&#xD;&#xD;
2024-01-09 15:43:06.575+01:00 [     6] WARNING    - W&#xD;&#xD;
2024-01-09 15:43:06.575+01:00 [     6] WARNING    - W&#xD;&#xD;
2024-01-09 15:43:06.575+01:00 [     6] WARNING    - W&#xD;&#xD;
2024-01-09 15:43:06.575+01:00 [     6] WARNING    - W&#xD;&#xD;
2024-01-09 15:43:06.575+01:00 [     6] WARNING    - W&#xD;&#xD;
2024-01-09 15:43:06.575+01:00 [     6] WARNING    - W&#xD;&#xD;
2024-01-09 15:43:06.575+01:00 [     6] WARNING    - W&#xD;&#xD;
2024-01-09 15:43:06.575+01:00 [     6] WARNING    - W&#xD;&#xD;
2024-01-09 15:43:06.575+01:00 [     6] WARNING    - W&#xD;&#xD;
2024-01-09 15:43:06.575+01:00 [     6] WARNING    - W&#xD;&#xD;
2024-01-09 15:43:06.575+01:00 [     6] WARNING    - W&#xD;&#xD;
2024-01-09 15:43:06.575+01:00 [     6] WARNING    - W&#xD;&#xD;
2024-01-09 15:43:06.575+01:00 [     6] WARNING    - W&#xD;&#xD;
2024-01-09 15:43:06.575+01:00 [     6] WARNING    - W&#xD;&#xD;
2024-01-09 15:43:06.575+01:00 [     6] WARNING    - W&#xD;&#xD;
2024-01-09 15:43:06.575+01:00 [     6] WARNING    - W&#xD;&#xD;
2024-01-09 15:43:06.575+01:00 [     6] WARNING    - W&#xD;&#xD;
2024-01-09 15:43:06.575+01:00 [     6] WARNING    - W&#xD;&#xD;
2024-01-09 15:43:06.575+01:00 [     6] WARNING    - W&#xD;&#xD;
2024-01-09 15:43:06.575+01:00 [     6] WARNING    - W&#xD;&#xD;
2024-01-09 15:43:06.575+01:00 [     6] WARNING    - W&#xD;&#xD;
2024-01-09 15:43:06.575+01:00 [     6] WARNING    - W&#xD;&#xD;
2024-01-09 15:43:06.575+01:00 [     6] WARNING    - W&#xD;&#xD;
2024-01-09 15:43:06.575+01:00 [     6] WARNING    - W&#xD;&#xD;
2024-01-09 15:43:06.575+01:00 [     6] WARNING    - W&#xD;&#xD;
2024-01-09 15:43:06.575+01:00 [     6] WARNING    - W&#xD;&#xD;
2024-01-09 15:43:06.575+01:00 [     6] WARNING    - W&#xD;&#xD;
2024-01-09 15:43:06.575+01:00 [     6] WARNING    - W&#xD;&#xD;
2024-01-09 15:43:06.575+01:00 [     6] WARNING    - W&#xD;&#xD;
2024-01-09 15:43:06.575+01:00 [     6] WARNING    - W&#xD;&#xD;
2024-01-09 15:43:06.575+01:00 [     6] WARNING    - W&#xD;&#xD;
2024-01-09 15:43:06.575+01:00 [     6] WARNING    - W&#xD;&#xD;
2024-01-09 15:43:06.575+01:00 [     6] WARNING    - W&#xD;&#xD;
2024-01-09 15:43:06.575+01:00 [     6] WARNING    - W&#xD;&#xD;
2024-01-09 15:43:06.575+01:00 [     6] WARNING    - W&#xD;&#xD;
2024-01-09 15:43:06.575+01:00 [     6] WARNING    - W&#xD;&#xD;
2024-01-09 15:43:06.575+01:00 [     6] WARNING    - W&#xD;&#xD;
2024-01-09 15:43:06.575+01:00 [     6] WARNING    - W&#xD;&#xD;
2024-01-09 15:43:06.575+01:00 [     6] WARNING    - W&#xD;&#xD;
2024-01-09 15:43:06.575+01:00 [     6] WARNING    - W&#xD;&#xD;
2024-01-09 15:43:06.575+01:00 [     6] WARNING    - W&#xD;&#xD;
2024-01-09 15:43:06.575+01:00 [     6] WARNING    - W&#xD;&#xD;
2024-01-09 15:43:06.575+01:00 [     6] WARNING    - W&#xD;&#xD;
2024-01-09 15:43:06.575+01:00 [     6] WARNING    - W&#xD;&#xD;
2024-01-09 15:43:06.575+01:00 [     6] WARNING    - W&#xD;&#xD;
2024-01-09 15:43:06.575+01:00 [     6] WARNING    - W&#xD;&#xD;
2024-01-09 15:43:06.575+01:00 [     6] WARNING    - W&#xD;&#xD;
2024-01-09 15:43:06.575+01:00 [     6] WARNING    - W&#xD;&#xD;
2024-01-09 15:43:06.575+01:00 [     6] WARNING    - W&#xD;&#xD;
2024-01-09 15:43:06.575+01:00 [     6] WARNING    - W&#xD;&#xD;
2024-01-09 15:43:06.575+01:00 [     6] WARNING    - W&#xD;&#xD;
2024-01-09 15:43:06.575+01:00 [     6] WARNING    - W&#xD;&#xD;
2024-01-09 15:43:06.575+01:00 [     6] WARNING    - W&#xD;&#xD;
2024-01-09 15:43:06.575+01:00 [     6] WARNING    - W&#xD;&#xD;
2024-01-09 15:43:06.575+01:00 [     6] WARNING    - W&#xD;&#xD;
2024-01-09 15:43:06.575+01:00 [     6] WARNING    - W&#xD;&#xD;
2024-01-09 15:43:06.575+01:00 [     6] WARNING    - W&#xD;&#xD;
2024-01-09 15:43:06.575+01:00 [     6] WARNING    - W&#xD;&#xD;
2024-01-09 15:43:06.575+01:00 [     6] WARNING    - W&#xD;&#xD;
2024-01-09 15:43:06.575+01:00 [     6] WARNING    - W&#xD;&#xD;
2024-01-09 15:43:06.575+01:00 [     6] WARNING    - W&#xD;&#xD;
2024-01-09 15:43:06.575+01:00 [     6] WARNING    - W&#xD;&#xD;
2024-01-09 15:43:06.575+01:00 [     6] WARNING    - W&#xD;&#xD;
2024-01-09 15:43:06.575+01:00 [     6] WARNING    - W&#xD;&#xD;
2024-01-09 15:43:06.575+01:00 [     6] WARNING    - W&#xD;&#xD;
2024-01-09 15:43:06.575+01:00 [     6] WARNING    - W&#xD;&#xD;
2024-01-09 15:43:06.575+01:00 [     6] WARNING    - W&#xD;&#xD;
2024-01-09 15:43:06.575+01:00 [     6] WARNING    - W&#xD;&#xD;
2024-01-09 15:43:06.575+01:00 [     6] WARNING    - W&#xD;&#xD;
2024-01-09 15:43:06.575+01:00 [     6] WARNING    - W&#xD;&#xD;
2024-01-09 15:43:06.575+01:00 [     6] WARNING    - W&#xD;&#xD;
2024-01-09 15:43:06.575+01:00 [     6] WARNING    - W&#xD;&#xD;
2024-01-09 15:43:06.575+01:00 [     6] WARNING    - W&#xD;&#xD;
2024-01-09 15:43:06.575+01:00 [     6] WARNING    - W&#xD;&#xD;
2024-01-09 15:43:06.575+01:00 [     6] WARNING    - W&#xD;&#xD;
2024-01-09 15:43:06.575+01:00 [     6] WARNING    - W&#xD;&#xD;
2024-01-09 15:43:06.575+01:00 [     6] WARNING    - W&#xD;&#xD;
2024-01-09 15:43:06.575+01:00 [     6] WARNING    - W&#xD;&#xD;
2024-01-09 15:43:06.575+01:00 [     6] WARNING    - W&#xD;&#xD;
2024-01-09 15:43:06.575+01:00 [     6] WARNING    - W&#xD;&#xD;
2024-01-09 15:43:06.575+01:00 [     6] WARNING    - W&#xD;&#xD;
2024-01-09 15:43:06.575+01:00 [     6] WARNING    - W&#xD;&#xD;
2024-01-09 15:43:06.575+01:00 [     6] WARNING    - W&#xD;&#xD;
2024-01-09 15:43:06.575+01:00 [     6] WARNING    - W&#xD;&#xD;
2024-01-09 15:43:06.575+01:00 [     6] WARNING    - W&#xD;&#xD;
2024-01-09 15:43:06.575+01:00 [     6] WARNING    - W&#xD;&#xD;
2024-01-09 15:43:06.575+01:00 [     6] WARNING    - W&#xD;&#xD;
2024-01-09 15:43:06.575+01:00 [     6] WARNING    - W&#xD;&#xD;
2024-01-09 15:43:06.575+01:00 [     6] WARNING    - W&#xD;&#xD;
2024-01-09 15:43:06.575+01:00 [     6] WARNING    - W&#xD;&#xD;
2024-01-09 15:43:06.575+01:00 [     6] WARNING    - W&#xD;&#xD;
2024-01-09 15:43:06.575+01:00 [     6] WARNING    - W&#xD;&#xD;
2024-01-09 15:43:06.575+01:00 [     6] WARNING    - W&#xD;&#xD;
2024-01-09 15:43:06.575+01:00 [     6] WARNING    - W&#xD;&#xD;
2024-01-09 15:43:06.575+01:00 [     6] WARNING    - W&#xD;&#xD;
2024-01-09 15:43:06.575+01:00 [     6] WARNING    - W&#xD;&#xD;
2024-01-09 15:43:06.575+01:00 [     6] WARNING    - W&#xD;&#xD;
2024-01-09 15:43:06.575+01:00 [     6] WARNING    - W&#xD;&#xD;
2024-01-09 15:43:06.575+01:00 [     6] WARNING    - W&#xD;&#xD;
2024-01-09 15:43:06.575+01:00 [     6] WARNING    - W&#xD;&#xD;
2024-01-09 15:43:06.575+01:00 [     6] WARNING    - W&#xD;&#xD;
2024-01-09 15:43:06.575+01:00 [     6] WARNING    - W&#xD;&#xD;
2024-01-09 15:43:06.575+01:00 [     6] WARNING    - W&#xD;&#xD;
2024-01-09 15:43:06.575+01:00 [     6] WARNING    - W&#xD;&#xD;
2024-01-09 15:43:06.575+01:00 [     6] WARNING    - W&#xD;&#xD;
2024-01-09 15:43:06.575+01:00 [     6] WARNING    - W&#xD;&#xD;
2024-01-09 15:43:06.575+01:00 [     6] WARNING    - W&#xD;&#xD;
2024-01-09 15:43:06.575+01:00 [     6] WARNING    - W&#xD;&#xD;
2024-01-09 15:43:06.575+01:00 [     6] WARNING    - W&#xD;&#xD;
2024-01-09 15:43:06.575+01:00 [     6] WARNING    - W&#xD;&#xD;
2024-01-09 15:43:06.575+01:00 [     6] WARNING    - W&#xD;&#xD;
2024-01-09 15:43:06.575+01:00 [     6] WARNING    - W&#xD;&#xD;
2024-01-09 15:43:06.575+01:00 [     6] WARNING    - W&#xD;&#xD;
2024-01-09 15:43:06.575+01:00 [     6] WARNING    - W&#xD;&#xD;
2024-01-09 15:43:06.575+01:00 [     6] WARNING    - W&#xD;&#xD;
2024-01-09 15:43:06.575+01:00 [     6] WARNING    - W&#xD;&#xD;
2024-01-09 15:43:06.575+01:00 [     6] WARNING    - W&#xD;&#xD;
2024-01-09 15:43:06.575+01:00 [     6] WARNING    - W&#xD;&#xD;
2024-01-09 15:43:06.575+01:00 [     6] WARNING    - W&#xD;&#xD;
2024-01-09 15:43:06.575+01:00 [     6] WARNING    - W&#xD;&#xD;
2024-01-09 15:43:06.575+01:00 [     6] WARNING    - W&#xD;&#xD;
2024-01-09 15:43:06.575+01:00 [     6] WARNING    - W&#xD;&#xD;
2024-01-09 15:43:06.575+01:00 [     6] WARNING    - W&#xD;&#xD;
2024-01-09 15:43:06.575+01:00 [     6] WARNING    - W&#xD;&#xD;
2024-01-09 15:43:06.575+01:00 [     6] WARNING    - W&#xD;&#xD;
2024-01-09 15:43:06.575+01:00 [     6] WARNING    - W&#xD;&#xD;
2024-01-09 15:43:06.575+01:00 [     6] WARNING    - W&#xD;&#xD;
2024-01-09 15:43:06.575+01:00 [     6] WARNING    - W&#xD;&#xD;
2024-01-09 15:43:06.575+01:00 [     6] WARNING    - W&#xD;&#xD;
2024-01-09 15:43:06.575+01:00 [     6] WARNING    - W&#xD;&#xD;
2024-01-09 15:43:06.575+01:00 [     6] WARNING    - W&#xD;&#xD;
2024-01-09 15:43:06.575+01:00 [     6] WARNING    - W&#xD;&#xD;
2024-01-09 15:43:06.575+01:00 [     6] WARNING    - W&#xD;&#xD;
2024-01-09 15:43:06.575+01:00 [     6] WARNING    - W&#xD;&#xD;
2024-01-09 15:43:06.575+01:00 [     6] WARNING    - W&#xD;&#xD;
2024-01-09 15:43:06.575+01:00 [     6] WARNING    - W&#xD;&#xD;
2024-01-09 15:43:06.575+01:00 [     6] WARNING    - W&#xD;&#xD;
2024-01-09 15:43:06.575+01:00 [     6] WARNING    - W&#xD;&#xD;
2024-01-09 15:43:06.575+01:00 [     6] WARNING    - W&#xD;&#xD;
2024-01-09 15:43:06.575+01:00 [     6] WARNING    - W&#xD;&#xD;
2024-01-09 15:43:06.575+01:00 [     6] WARNING    - W&#xD;&#xD;
2024-01-09 15:43:06.575+01:00 [     6] WARNING    - W&#xD;&#xD;
2024-01-09 15:43:06.575+01:00 [     6] WARNING    - W&#xD;&#xD;
2024-01-09 15:43:06.575+01:00 [     6] WARNING    - W&#xD;&#xD;
2024-01-09 15:43:06.575+01:00 [     6] WARNING    - W&#xD;&#xD;
2024-01-09 15:43:06.575+01:00 [     6] WARNING    - W&#xD;&#xD;
2024-01-09 15:43:06.575+01:00 [     6] WARNING    - W&#xD;&#xD;
2024-01-09 15:43:06.575+01:00 [     6] WARNING    - W&#xD;&#xD;
2024-01-09 15:43:06.575+01:00 [     6] WARNING    - W&#xD;&#xD;
2024-01-09 15:43:06.575+01:00 [     6] WARNING    - W&#xD;&#xD;
2024-01-09 15:43:06.575+01:00 [     6] WARNING    - W&#xD;&#xD;
2024-01-09 15:43:06.575+01:00 [     6] WARNING    - W&#xD;&#xD;
2024-01-09 15:43:06.575+01:00 [     6] WARNING    - W&#xD;&#xD;
2024-01-09 15:43:06.575+01:00 [     6] WARNING    - W&#xD;&#xD;
2024-01-09 15:43:06.575+01:00 [     6] WARNING    - W&#xD;&#xD;
2024-01-09 15:43:06.575+01:00 [     6] WARNING    - W&#xD;&#xD;
2024-01-09 15:43:06.575+01:00 [     6] WARNING    - W&#xD;&#xD;
2024-01-09 15:43:06.575+01:00 [     6] WARNING    - W&#xD;&#xD;
2024-01-09 15:43:06.575+01:00 [     6] WARNING    - W&#xD;&#xD;
2024-01-09 15:43:06.575+01:00 [     6] WARNING    - W&#xD;&#xD;
2024-01-09 15:43:06.575+01:00 [     6] WARNING    - W&#xD;&#xD;
2024-01-09 15:43:06.575+01:00 [     6] WARNING    - W&#xD;&#xD;
2024-01-09 15:43:06.575+01:00 [     6] WARNING    - W&#xD;&#xD;
2024-01-09 15:43:06.575+01:00 [     6] WARNING    - W&#xD;&#xD;
2024-01-09 15:43:06.575+01:00 [     6] WARNING    - W&#xD;&#xD;
2024-01-09 15:43:06.575+01:00 [     6] WARNING    - W&#xD;&#xD;
2024-01-09 15:43:06.575+01:00 [     6] WARNING    - W&#xD;&#xD;
2024-01-09 15:43:06.575+01:00 [     6] WARNING    - W&#xD;&#xD;
2024-01-09 15:43:06.575+01:00 [     6] WARNING    - W&#xD;&#xD;
2024-01-09 15:43:06.575+01:00 [     6] WARNING    - W&#xD;&#xD;
2024-01-09 15:43:06.575+01:00 [     6] WARNING    - W&#xD;&#xD;
2024-01-09 15:43:06.575+01:00 [     6] WARNING    - W&#xD;&#xD;
2024-01-09 15:43:06.575+01:00 [     6] WARNING    - W&#xD;&#xD;
2024-01-09 15:43:06.575+01:00 [     6] WARNING    - W&#xD;&#xD;
2024-01-09 15:43:06.575+01:00 [     6] WARNING    - W&#xD;&#xD;
2024-01-09 15:43:06.575+01:00 [     6] WARNING    - W&#xD;&#xD;
2024-01-09 15:43:06.575+01:00 [     6] WARNING    - W&#xD;&#xD;
2024-01-09 15:43:06.575+01:00 [     6] WARNING    - W&#xD;&#xD;
2024-01-09 15:43:06.575+01:00 [     6] WARNING    - W&#xD;&#xD;
2024-01-09 15:43:06.575+01:00 [     6] WARNING    - W&#xD;&#xD;
2024-01-09 15:43:06.575+01:00 [     6] WARNING    - W&#xD;&#xD;
2024-01-09 15:43:06.575+01:00 [     6] WARNING    - W&#xD;&#xD;
2024-01-09 15:43:06.575+01:00 [     6] WARNING    - W&#xD;&#xD;
2024-01-09 15:43:06.575+01:00 [     6] WARNING    - W&#xD;&#xD;
2024-01-09 15:43:06.575+01:00 [     6] WARNING    - W&#xD;&#xD;
2024-01-09 15:43:06.575+01:00 [     6] WARNING    - W&#xD;&#xD;
2024-01-09 15:43:06.575+01:00 [     6] WARNING    - W&#xD;&#xD;
2024-01-09 15:43:06.575+01:00 [     6] WARNING    - W&#xD;&#xD;
2024-01-09 15:43:06.575+01:00 [     6] WARNING    - W&#xD;&#xD;
2024-01-09 15:43:06.575+01:00 [     6] WARNING    - W&#xD;&#xD;
2024-01-09 15:43:06.575+01:00 [     6] WARNING    - W&#xD;&#xD;
2024-01-09 15:43:06.575+01:00 [     6] WARNING    - W&#xD;&#xD;
2024-01-09 15:43:06.575+01:00 [     6] WARNING    - W&#xD;&#xD;
2024-01-09 15:43:06.575+01:00 [     6] WARNING    - W&#xD;&#xD;
2024-01-09 15:43:06.575+01:00 [     6] WARNING    - W&#xD;&#xD;
2024-01-09 15:43:06.575+01:00 [     6] WARNING    - W&#xD;&#xD;
2024-01-09 15:43:06.575+01:00 [     6] WARNING    - W&#xD;&#xD;
2024-01-09 15:43:06.575+01:00 [     6] WARNING    - W&#xD;&#xD;
2024-01-09 15:43:06.575+01:00 [     6] WARNING    - W&#xD;&#xD;
2024-01-09 15:43:06.575+01:00 [     6] WARNING    - W&#xD;&#xD;
2024-01-09 15:43:06.575+01:00 [     6] WARNING    - W&#xD;&#xD;
2024-01-09 15:43:06.575+01:00 [     6] WARNING    - W&#xD;&#xD;
2024-01-09 15:43:06.575+01:00 [     6] WARNING    - W&#xD;&#xD;
2024-01-09 15:43:06.575+01:00 [     6] WARNING    - W&#xD;&#xD;
2024-01-09 15:43:06.575+01:00 [     6] WARNING    - W&#xD;&#xD;
2024-01-09 15:43:06.575+01:00 [     6] WARNING    - W&#xD;&#xD;
2024-01-09 15:43:06.575+01:00 [     6] WARNING    - W&#xD;&#xD;
2024-01-09 15:43:06.575+01:00 [     6] WARNING    - W&#xD;&#xD;
2024-01-09 15:43:06.575+01:00 [     6] WARNING    - W&#xD;&#xD;
2024-01-09 15:43:06.575+01:00 [     6] WARNING    - W&#xD;&#xD;
2024-01-09 15:43:06.575+01:00 [     6] WARNING    - W&#xD;&#xD;
2024-01-09 15:43:06.575+01:00 [     6] WARNING    - W&#xD;&#xD;
2024-01-09 15:43:06.575+01:00 [     6] WARNING    - W&#xD;&#xD;
2024-01-09 15:43:06.575+01:00 [     6] WARNING    - W&#xD;&#xD;
2024-01-09 15:43:06.575+01:00 [     6] WARNING    - W&#xD;&#xD;
2024-01-09 15:43:06.575+01:00 [     6] WARNING    - W&#xD;&#xD;
2024-01-09 15:43:06.575+01:00 [     6] WARNING    - W&#xD;&#xD;
2024-01-09 15:43:06.575+01:00 [     6] WARNING    - W&#xD;&#xD;
2024-01-09 15:43:06.575+01:00 [     6] WARNING    - W&#xD;&#xD;
2024-01-09 15:43:06.575+01:00 [     6] WARNING    - W&#xD;&#xD;
2024-01-09 15:43:06.575+01:00 [     6] WARNING    - W&#xD;&#xD;
2024-01-09 15:43:06.575+01:00 [     6] WARNING    - W&#xD;&#xD;
2024-01-09 15:43:06.575+01:00 [     6] WARNING    - W&#xD;&#xD;
2024-01-09 15:43:06.575+01:00 [     6] WARNING    - W&#xD;&#xD;
2024-01-09 15:43:06.575+01:00 [     6] WARNING    - W&#xD;&#xD;
2024-01-09 15:43:06.575+01:00 [     6] WARNING    - W&#xD;&#xD;
2024-01-09 15:43:06.575+01:00 [     6] WARNING    - W&#xD;&#xD;
2024-01-09 15:43:06.575+01:00 [     6] WARNING    - W&#xD;&#xD;
2024-01-09 15:43:06.575+01:00 [     6] WARNING    - W&#xD;&#xD;
2024-01-09 15:43:06.575+01:00 [     6] WARNING    - W&#xD;&#xD;
2024-01-09 15:43:06.575+01:00 [     6] WARNING    - W&#xD;&#xD;
2024-01-09 15:43:06.575+01:00 [     6] WARNING    - W&#xD;&#xD;
2024-01-09 15:43:06.575+01:00 [     6] WARNING    - W&#xD;&#xD;
2024-01-09 15:43:06.575+01:00 [     6] WARNING    - W&#xD;&#xD;
2024-01-09 15:43:06.575+01:00 [     6] WARNING    - W&#xD;&#xD;
2024-01-09 15:43:06.575+01:00 [     6] WARNING    - W&#xD;&#xD;
2024-01-09 15:43:06.575+01:00 [     6] WARNING    - W&#xD;&#xD;
2024-01-09 15:43:06.575+01:00 [     6] WARNING    - W&#xD;&#xD;
2024-01-09 15:43:06.575+01:00 [     6] WARNING    - W&#xD;&#xD;
2024-01-09 15:43:06.575+01:00 [     6] WARNING    - W&#xD;&#xD;
2024-01-09 15:43:06.575+01:00 [     6] WARNING    - W&#xD;&#xD;
2024-01-09 15:43:06.575+01:00 [     6] WARNING    - W&#xD;&#xD;
2024-01-09 15:43:06.575+01:00 [     6] WARNING    - W&#xD;&#xD;
2024-01-09 15:43:06.575+01:00 [     6] WARNING    - W&#xD;&#xD;
2024-01-09 15:43:06.575+01:00 [     6] WARNING    - W&#xD;&#xD;
2024-01-09 15:43:06.575+01:00 [     6] WARNING    - W&#xD;&#xD;
2024-01-09 15:43:06.575+01:00 [     6] WARNING    - W&#xD;&#xD;
2024-01-09 15:43:06.575+01:00 [     6] WARNING    - W&#xD;&#xD;
2024-01-09 15:43:06.575+01:00 [     6] WARNING    - W&#xD;&#xD;
2024-01-09 15:43:06.575+01:00 [     6] WARNING    - W&#xD;&#xD;
2024-01-09 15:43:06.575+01:00 [     6] WARNING    - W&#xD;&#xD;
2024-01-09 15:43:06.575+01:00 [     6] WARNING    - W&#xD;&#xD;
2024-01-09 15:43:06.575+01:00 [     6] WARNING    - W&#xD;&#xD;
2024-01-09 15:43:06.575+01:00 [     6] WARNING    - W&#xD;&#xD;
2024-01-09 15:43:06.575+01:00 [     6] WARNING    - W&#xD;&#xD;
2024-01-09 15:43:06.575+01:00 [     6] WARNING    - W&#xD;&#xD;
2024-01-09 15:43:06.575+01:00 [     6] WARNING    - W&#xD;&#xD;
2024-01-09 15:43:06.575+01:00 [     6] WARNING    - W&#xD;&#xD;
2024-01-09 15:43:06.575+01:00 [     6] WARNING    - W&#xD;&#xD;
2024-01-09 15:43:06.575+01:00 [     6] WARNING    - W&#xD;&#xD;
2024-01-09 15:43:06.575+01:00 [     6] WARNING    - W&#xD;&#xD;
2024-01-09 15:43:06.575+01:00 [     6] WARNING    - W&#xD;&#xD;
2024-01-09 15:43:06.575+01:00 [     6] WARNING    - W&#xD;&#xD;
2024-01-09 15:43:06.575+01:00 [     6] WARNING    - W&#xD;&#xD;
2024-01-09 15:43:06.575+01:00 [     6] WARNING    - W&#xD;&#xD;
2024-01-09 15:43:06.575+01:00 [     6] WARNING    - W&#xD;&#xD;
2024-01-09 15:43:06.575+01:00 [     6] WARNING    - W&#xD;&#xD;
2024-01-09 15:43:06.575+01:00 [     6] WARNING    - W&#xD;&#xD;
2024-01-09 15:43:06.575+01:00 [     6] WARNING    - W&#xD;&#xD;
2024-01-09 15:43:06.575+01:00 [     6] WARNING    - W&#xD;&#xD;
2024-01-09 15:43:06.575+01:00 [     6] WARNING    - W&#xD;&#xD;
2024-01-09 15:43:06.575+01:00 [     6] WARNING    - W&#xD;&#xD;
2024-01-09 15:43:06.575+01:00 [     6] WARNING    - W&#xD;&#xD;
2024-01-09 15:43:06.575+01:00 [     6] WARNING    - W&#xD;&#xD;
2024-01-09 15:43:06.575+01:00 [     6] WARNING    - W&#xD;&#xD;
2024-01-09 15:43:06.575+01:00 [     6] WARNING    - W&#xD;&#xD;
2024-01-09 15:43:06.575+01:00 [     6] WARNING    - W&#xD;&#xD;
2024-01-09 15:43:06.575+01:00 [     6] WARNING    - W&#xD;&#xD;
2024-01-09 15:43:06.575+01:00 [     6] WARNING    - W&#xD;&#xD;
2024-01-09 15:43:06.575+01:00 [     6] WARNING    - W&#xD;&#xD;
2024-01-09 15:43:06.575+01:00 [     6] WARNING    - W&#xD;&#xD;
2024-01-09 15:43:06.575+01:00 [     6] WARNING    - W&#xD;&#xD;
2024-01-09 15:43:06.575+01:00 [     6] WARNING    - W&#xD;&#xD;
2024-01-09 15:43:06.575+01:00 [     6] WARNING    - W&#xD;&#xD;
2024-01-09 15:43:06.575+01:00 [     6] WARNING    - W&#xD;&#xD;
2024-01-09 15:43:06.575+01:00 [     6] WARNING    - W&#xD;&#xD;
2024-01-09 15:43:06.575+01:00 [     6] WARNING    - W&#xD;&#xD;
2024-01-09 15:43:06.575+01:00 [     6] WARNING    - W&#xD;&#xD;
2024-01-09 15:43:06.575+01:00 [     6] WARNING    - W&#xD;&#xD;
2024-01-09 15:43:06.575+01:00 [     6] WARNING    - W&#xD;&#xD;
2024-01-09 15:43:06.575+01:00 [     6] WARNING    - W&#xD;&#xD;
2024-01-09 15:43:06.575+01:00 [     6] WARNING    - W&#xD;&#xD;
2024-01-09 15:43:06.575+01:00 [     6] WARNING    - W&#xD;&#xD;
2024-01-09 15:43:06.575+01:00 [     6] WARNING    - W&#xD;&#xD;
2024-01-09 15:43:06.575+01:00 [     6] WARNING    - W&#xD;&#xD;
2024-01-09 15:43:06.575+01:00 [     6] WARNING    - W&#xD;&#xD;
2024-01-09 15:43:06.575+01:00 [     6] WARNING    - W&#xD;&#xD;
2024-01-09 15:43:06.575+01:00 [     6] WARNING    - W&#xD;&#xD;
2024-01-09 15:43:06.575+01:00 [     6] WARNING    - W&#xD;&#xD;
2024-01-09 15:43:06.575+01:00 [     6] WARNING    - W&#xD;&#xD;
2024-01-09 15:43:06.575+01:00 [     6] WARNING    - W&#xD;&#xD;
2024-01-09 15:43:06.575+01:00 [     6] WARNING    - W&#xD;&#xD;
2024-01-09 15:43:06.575+01:00 [     6] WARNING    - W&#xD;&#xD;
2024-01-09 15:43:06.575+01:00 [     6] WARNING    - W&#xD;&#xD;
2024-01-09 15:43:06.575+01:00 [     6] WARNING    - W&#xD;&#xD;
2024-01-09 15:43:06.575+01:00 [     6] WARNING    - W&#xD;&#xD;
2024-01-09 15:43:06.575+01:00 [     6] WARNING    - W&#xD;&#xD;
2024-01-09 15:43:06.575+01:00 [     6] WARNING    - W&#xD;&#xD;
2024-01-09 15:43:06.575+01:00 [     6] WARNING    - W&#xD;&#xD;
2024-01-09 15:43:06.575+01:00 [     6] WARNING    - W&#xD;&#xD;
2024-01-09 15:43:06.575+01:00 [     6] WARNING    - W&#xD;&#xD;
2024-01-09 15:43:06.575+01:00 [     6] WARNING    - W&#xD;&#xD;
2024-01-09 15:43:06.575+01:00 [     6] WARNING    - W&#xD;&#xD;
2024-01-09 15:43:06.575+01:00 [     6] WARNING    - W&#xD;&#xD;
2024-01-09 15:43:06.575+01:00 [     6] WARNING    - W&#xD;&#xD;
2024-01-09 15:43:06.575+01:00 [     6] WARNING    - W&#xD;&#xD;
2024-01-09 15:43:06.575+01:00 [     6] WARNING    - W&#xD;&#xD;
2024-01-09 15:43:06.575+01:00 [     6] WARNING    - W&#xD;&#xD;
2024-01-09 15:43:06.575+01:00 [     6] WARNING    - W&#xD;&#xD;
2024-01-09 15:43:06.575+01:00 [     6] WARNING    - W&#xD;&#xD;
2024-01-09 15:43:06.575+01:00 [     6] WARNING    - W&#xD;&#xD;
2024-01-09 15:43:06.575+01:00 [     6] WARNING    - W&#xD;&#xD;
2024-01-09 15:43:06.575+01:00 [     6] WARNING    - W&#xD;&#xD;
2024-01-09 15:43:06.575+01:00 [     6] WARNING    - W&#xD;&#xD;
2024-01-09 15:43:06.575+01:00 [     6] WARNING    - W&#xD;&#xD;
2024-01-09 15:43:06.575+01:00 [     6] WARNING    - W&#xD;&#xD;
2024-01-09 15:43:06.575+01:00 [     6] WARNING    - W&#xD;&#xD;
2024-01-09 15:43:06.575+01:00 [     6] WARNING    - W&#xD;&#xD;
2024-01-09 15:43:06.575+01:00 [     6] WARNING    - W&#xD;&#xD;
2024-01-09 15:43:06.575+01:00 [     6] WARNING    - W&#xD;&#xD;
2024-01-09 15:43:06.575+01:00 [     6] WARNING    - W&#xD;&#xD;
2024-01-09 15:43:06.575+01:00 [     6] WARNING    - W&#xD;&#xD;
2024-01-09 15:43:06.575+01:00 [     6] WARNING    - W&#xD;&#xD;
2024-01-09 15:43:06.575+01:00 [     6] WARNING    - W&#xD;&#xD;
2024-01-09 15:43:06.575+01:00 [     6] WARNING    - W&#xD;&#xD;
2024-01-09 15:43:06.575+01:00 [     6] WARNING    - W&#xD;&#xD;
2024-01-09 15:43:06.575+01:00 [     6] WARNING    - W&#xD;&#xD;
2024-01-09 15:43:06.575+01:00 [     6] WARNING    - W&#xD;&#xD;
2024-01-09 15:43:06.575+01:00 [     6] WARNING    - W&#xD;&#xD;
2024-01-09 15:43:06.575+01:00 [     6] WARNING    - W&#xD;&#xD;
2024-01-09 15:43:06.575+01:00 [     6] WARNING    - W&#xD;&#xD;
2024-01-09 15:43:06.575+01:00 [     6] WARNING    - W&#xD;&#xD;
2024-01-09 15:43:06.575+01:00 [     6] WARNING    - W&#xD;&#xD;
2024-01-09 15:43:06.575+01:00 [     6] WARNING    - W&#xD;&#xD;
2024-01-09 15:43:06.575+01:00 [     6] WARNING    - W&#xD;&#xD;
2024-01-09 15:43:06.575+01:00 [     6] WARNING    - W&#xD;&#xD;
2024-01-09 15:43:06.575+01:00 [     6] WARNING    - W&#xD;&#xD;
2024-01-09 15:43:06.575+01:00 [     6] WARNING    - W&#xD;&#xD;
2024-01-09 15:43:06.575+01:00 [     6] WARNING    - W&#xD;&#xD;
2024-01-09 15:43:06.575+01:00 [     6] WARNING    - W&#xD;&#xD;
2024-01-09 15:43:06.575+01:00 [     6] WARNING    - W&#xD;&#xD;
2024-01-09 15:43:06.575+01:00 [     6] WARNING    - W&#xD;&#xD;
2024-01-09 15:43:06.575+01:00 [     6] WARNING    - W&#xD;&#xD;
2024-01-09 15:43:06.575+01:00 [     6] WARNING    - W&#xD;&#xD;
2024-01-09 15:43:06.575+01:00 [     6] WARNING    - W&#xD;&#xD;
2024-01-09 15:43:06.575+01:00 [     6] WARNING    - W&#xD;&#xD;
2024-01-09 15:43:06.575+01:00 [     6] WARNING    - W&#xD;&#xD;
2024-01-09 15:43:06.575+01:00 [     6] WARNING    - W&#xD;&#xD;
2024-01-09 15:43:06.575+01:00 [     6] WARNING    - W&#xD;&#xD;
2024-01-09 15:43:06.575+01:00 [     6] WARNING    - W&#xD;&#xD;
2024-01-09 15:43:06.575+01:00 [     6] WARNING    - W&#xD;&#xD;
2024-01-09 15:43:06.575+01:00 [     6] WARNING    - W&#xD;&#xD;
2024-01-09 15:43:06.575+01:00 [     6] WARNING    - W&#xD;&#xD;
2024-01-09 15:43:06.575+01:00 [     6] WARNING    - W&#xD;&#xD;
2024-01-09 15:43:06.575+01:00 [     6] WARNING    - W&#xD;&#xD;
2024-01-09 15:43:06.575+01:00 [     6] WARNING    - W&#xD;&#xD;
2024-01-09 15:43:06.575+01:00 [     6] WARNING    - W&#xD;&#xD;
2024-01-09 15:43:06.575+01:00 [     6] WARNING    - W&#xD;&#xD;
2024-01-09 15:43:06.575+01:00 [     6] WARNING    - W&#xD;&#xD;
2024-01-09 15:43:06.575+01:00 [     6] WARNING    - W&#xD;&#xD;
2024-01-09 15:43:06.575+01:00 [     6] WARNING    - W&#xD;&#xD;
2024-01-09 15:43:06.575+01:00 [     6] WARNING    - W&#xD;&#xD;
2024-01-09 15:43:06.575+01:00 [     6] WARNING    - W&#xD;&#xD;
2024-01-09 15:43:06.575+01:00 [     6] WARNING    - W&#xD;&#xD;
2024-01-09 15:43:06.575+01:00 [     6] WARNING    - W&#xD;&#xD;
2024-01-09 15:43:06.575+01:00 [     6] WARNING    - W&#xD;&#xD;
2024-01-09 15:43:06.575+01:00 [     6] WARNING    - W&#xD;&#xD;
2024-01-09 15:43:06.575+01:00 [     6] WARNING    - W&#xD;&#xD;
2024-01-09 15:43:06.575+01:00 [     6] WARNING    - W&#xD;&#xD;
2024-01-09 15:43:06.575+01:00 [     6] WARNING    - W&#xD;&#xD;
2024-01-09 15:43:06.575+01:00 [     6] WARNING    - W&#xD;&#xD;
2024-01-09 15:43:06.575+01:00 [     6] WARNING    - W&#xD;&#xD;
2024-01-09 15:43:06.575+01:00 [     6] WARNING    - W&#xD;&#xD;
2024-01-09 15:43:06.575+01:00 [     6] WARNING    - W&#xD;&#xD;
2024-01-09 15:43:06.575+01:00 [     6] WARNING    - W&#xD;&#xD;
2024-01-09 15:43:06.575+01:00 [     6] WARNING    - W&#xD;&#xD;
2024-01-09 15:43:06.575+01:00 [     6] WARNING    - W&#xD;&#xD;
2024-01-09 15:43:06.575+01:00 [     6] WARNING    - W&#xD;&#xD;
2024-01-09 15:43:06.575+01:00 [     6] WARNING    - W&#xD;&#xD;
2024-01-09 15:43:06.575+01:00 [     6] WARNING    - W&#xD;&#xD;
2024-01-09 15:43:06.575+01:00 [     6] WARNING    - W&#xD;&#xD;
2024-01-09 15:43:06.575+01:00 [     6] WARNING    - W&#xD;&#xD;
2024-01-09 15:43:06.575+01:00 [     6] WARNING    - W&#xD;&#xD;
2024-01-09 15:43:06.575+01:00 [     6] WARNING    - W&#xD;&#xD;
2024-01-09 15:43:06.575+01:00 [     6] WARNING    - W&#xD;&#xD;
2024-01-09 15:43:06.575+01:00 [     6] WARNING    - W&#xD;&#xD;
2024-01-09 15:43:06.575+01:00 [     6] WARNING    - W&#xD;&#xD;
2024-01-09 15:43:06.575+01:00 [     6] WARNING    - W&#xD;&#xD;
2024-01-09 15:43:06.575+01:00 [     6] WARNING    - W&#xD;&#xD;
2024-01-09 15:43:06.575+01:00 [     6] WARNING    - W&#xD;&#xD;
2024-01-09 15:43:06.575+01:00 [     6] WARNING    - W&#xD;&#xD;
2024-01-09 15:43:06.575+01:00 [     6] WARNING    - W&#xD;&#xD;
2024-01-09 15:43:06.575+01:00 [     6] WARNING    - W&#xD;&#xD;
2024-01-09 15:43:06.575+01:00 [     6] WARNING    - W&#xD;&#xD;
2024-01-09 15:43:06.575+01:00 [     6] WARNING    - W&#xD;&#xD;
2024-01-09 15:43:06.575+01:00 [     6] WARNING    - W&#xD;&#xD;
2024-01-09 15:43:06.575+01:00 [     6] WARNING    - W&#xD;&#xD;
2024-01-09 15:43:06.575+01:00 [     6] WARNING    - W&#xD;&#xD;
2024-01-09 15:43:06.575+01:00 [     6] WARNING    - W&#xD;&#xD;
2024-01-09 15:43:06.575+01:00 [     6] WARNING    - W&#xD;&#xD;
2024-01-09 15:43:06.575+01:00 [     6] WARNING    - W&#xD;&#xD;
2024-01-09 15:43:06.575+01:00 [     6] WARNING    - W&#xD;&#xD;
2024-01-09 15:43:06.575+01:00 [     6] WARNING    - W&#xD;&#xD;
2024-01-09 15:43:06.575+01:00 [     6] WARNING    - W&#xD;&#xD;
2024-01-09 15:43:06.575+01:00 [     6] WARNING    - W&#xD;&#xD;
2024-01-09 15:43:06.575+01:00 [     6] WARNING    - W&#xD;&#xD;
2024-01-09 15:43:06.575+01:00 [     6] WARNING    - W&#xD;&#xD;
2024-01-09 15:43:06.575+01:00 [     6] WARNING    - W&#xD;&#xD;
2024-01-09 15:43:06.575+01:00 [     6] WARNING    - W&#xD;&#xD;
2024-01-09 15:43:06.575+01:00 [     6] WARNING    - W&#xD;&#xD;
2024-01-09 15:43:06.575+01:00 [     6] WARNING    - W&#xD;&#xD;
2024-01-09 15:43:06.575+01:00 [     6] WARNING    - W&#xD;&#xD;
2024-01-09 15:43:06.575+01:00 [     6] WARNING    - W&#xD;&#xD;
2024-01-09 15:43:06.575+01:00 [     6] WARNING    - W&#xD;&#xD;
2024-01-09 15:43:06.575+01:00 [     6] WARNING    - W&#xD;&#xD;
2024-01-09 15:43:06.575+01:00 [     6] WARNING    - W&#xD;&#xD;
2024-01-09 15:43:06.575+01:00 [     6] WARNING    - W&#xD;&#xD;
2024-01-09 15:43:06.575+01:00 [     6] WARNING    - W&#xD;&#xD;
2024-01-09 15:43:06.575+01:00 [     6] WARNING    - W&#xD;&#xD;
2024-01-09 15:43:06.575+01:00 [     6] WARNING    - W&#xD;&#xD;
2024-01-09 15:43:06.575+01:00 [     6] WARNING    - W&#xD;&#xD;
2024-01-09 15:43:06.575+01:00 [     6] WARNING    - W&#xD;&#xD;
2024-01-09 15:43:06.575+01:00 [     6] WARNING    - W&#xD;&#xD;
2024-01-09 15:43:06.575+01:00 [     6] WARNING    - W&#xD;&#xD;
2024-01-09 15:43:06.575+01:00 [     6] WARNING    - W&#xD;&#xD;
2024-01-09 15:43:06.575+01:00 [     6] WARNING    - W&#xD;&#xD;
2024-01-09 15:43:06.575+01:00 [     6] WARNING    - W&#xD;&#xD;
2024-01-09 15:43:06.575+01:00 [     6] WARNING    - W&#xD;&#xD;
2024-01-09 15:43:06.575+01:00 [     6] WARNING    - W&#xD;&#xD;
2024-01-09 15:43:06.575+01:00 [     6] WARNING    - W&#xD;&#xD;
2024-01-09 15:43:06.575+01:00 [     6] WARNING    - W&#xD;&#xD;
2024-01-09 15:43:06.575+01:00 [     6] WARNING    - W&#xD;&#xD;
2024-01-09 15:43:06.575+01:00 [     6] WARNING    - W&#xD;&#xD;
2024-01-09 15:43:06.575+01:00 [     6] WARNING    - W&#xD;&#xD;
2024-01-09 15:43:06.575+01:00 [     6] WARNING    - W&#xD;&#xD;
2024-01-09 15:43:06.575+01:00 [     6] WARNING    - W&#xD;&#xD;
2024-01-09 15:43:06.575+01:00 [     6] WARNING    - W&#xD;&#xD;
2024-01-09 15:43:06.575+01:00 [     6] WARNING    - W&#xD;&#xD;
2024-01-09 15:43:06.575+01:00 [     6] WARNING    - W&#xD;&#xD;
2024-01-09 15:43:06.575+01:00 [     6] WARNING    - W&#xD;&#xD;
2024-01-09 15:43:06.575+01:00 [     6] WARNING    - W&#xD;&#xD;
2024-01-09 15:43:06.575+01:00 [     6] WARNING    - W&#xD;&#xD;
2024-01-09 15:43:06.575+01:00 [     6] WARNING    - W&#xD;&#xD;
2024-01-09 15:43:06.575+01:00 [     6] WARNING    - W&#xD;&#xD;
2024-01-09 15:43:06.575+01:00 [     6] WARNING    - W&#xD;&#xD;
2024-01-09 15:43:06.575+01:00 [     6] WARNING    - W&#xD;&#xD;
2024-01-09 15:43:06.575+01:00 [     6] WARNING    - W&#xD;&#xD;
2024-01-09 15:43:06.575+01:00 [     6] WARNING    - W&#xD;&#xD;
2024-01-09 15:43:06.575+01:00 [     6] WARNING    - W&#xD;&#xD;
2024-01-09 15:43:06.575+01:00 [     6] WARNING    - W&#xD;&#xD;
2024-01-09 15:43:06.575+01:00 [     6] WARNING    - W&#xD;&#xD;
2024-01-09 15:43:06.575+01:00 [     6] WARNING    - W&#xD;&#xD;
2024-01-09 15:43:06.575+01:00 [     6] WARNING    - W&#xD;&#xD;
2024-01-09 15:43:06.575+01:00 [     6] WARNING    - W&#xD;&#xD;
2024-01-09 15:43:06.575+01:00 [     6] WARNING    - W&#xD;&#xD;
2024-01-09 15:43:06.575+01:00 [     6] WARNING    - W&#xD;&#xD;
2024-01-09 15:43:06.575+01:00 [     6] WARNING    - W&#xD;&#xD;
2024-01-09 15:43:06.575+01:00 [     6] WARNING    - W&#xD;&#xD;
2024-01-09 15:43:06.575+01:00 [     6] WARNING    - W&#xD;&#xD;
2024-01-09 15:43:06.575+01:00 [     6] WARNING    - W&#xD;&#xD;
2024-01-09 15:43:06.575+01:00 [     6] WARNING    - W&#xD;&#xD;
2024-01-09 15:43:06.575+01:00 [     6] WARNING    - W&#xD;&#xD;
2024-01-09 15:43:06.575+01:00 [     6] WARNING    - W&#xD;&#xD;
2024-01-09 15:43:06.575+01:00 [     6] WARNING    - W&#xD;&#xD;
2024-01-09 15:43:06.575+01:00 [     6] WARNING    - W&#xD;&#xD;
2024-01-09 15:43:06.575+01:00 [     6] WARNING    - W&#xD;&#xD;
2024-01-09 15:43:06.575+01:00 [     6] WARNING    - W&#xD;&#xD;
2024-01-09 15:43:06.575+01:00 [     6] WARNING    - W&#xD;&#xD;
2024-01-09 15:43:06.575+01:00 [     6] WARNING    - W&#xD;&#xD;
2024-01-09 15:43:06.575+01:00 [     6] WARNING    - W&#xD;&#xD;
2024-01-09 15:43:06.575+01:00 [     6] WARNING    - W&#xD;&#xD;
2024-01-09 15:43:06.575+01:00 [     6] WARNING    - W&#xD;&#xD;
2024-01-09 15:43:06.575+01:00 [     6] WARNING    - W&#xD;&#xD;
2024-01-09 15:43:06.575+01:00 [     6] WARNING    - W&#xD;&#xD;
2024-01-09 15:43:06.575+01:00 [     6] WARNING    - W&#xD;&#xD;
2024-01-09 15:43:06.575+01:00 [     6] WARNING    - W&#xD;&#xD;
2024-01-09 15:43:06.575+01:00 [     6] WARNING    - W&#xD;&#xD;
2024-01-09 15:43:06.575+01:00 [     6] WARNING    - W&#xD;&#xD;
2024-01-09 15:43:06.575+01:00 [     6] WARNING    - W&#xD;&#xD;
2024-01-09 15:43:06.575+01:00 [     6] WARNING    - W&#xD;&#xD;
2024-01-09 15:43:06.575+01:00 [     6] WARNING    - W&#xD;&#xD;
2024-01-09 15:43:06.575+01:00 [     6] WARNING    - W&#xD;&#xD;
2024-01-09 15:43:06.575+01:00 [     6] WARNING    - W&#xD;&#xD;
2024-01-09 15:43:06.575+01:00 [     6] WARNING    - W&#xD;&#xD;
2024-01-09 15:43:06.575+01:00 [     6] WARNING    - W&#xD;&#xD;
2024-01-09 15:43:06.575+01:00 [     6] WARNING    - W&#xD;&#xD;
2024-01-09 15:43:06.575+01:00 [     6] WARNING    - W&#xD;&#xD;
2024-01-09 15:43:06.575+01:00 [     6] WARNING    - W&#xD;&#xD;
2024-01-09 15:43:06.575+01:00 [     6] WARNING    - W&#xD;&#xD;
2024-01-09 15:43:06.575+01:00 [     6] WARNING    - W&#xD;&#xD;
2024-01-09 15:43:06.575+01:00 [     6] WARNING    - W&#xD;&#xD;
2024-01-09 15:43:06.575+01:00 [     6] WARNING    - W&#xD;&#xD;
2024-01-09 15:43:06.575+01:00 [     6] WARNING    - W&#xD;&#xD;
2024-01-09 15:43:06.575+01:00 [     6] WARNING    - W&#xD;&#xD;
2024-01-09 15:43:06.575+01:00 [     6] WARNING    - W&#xD;&#xD;
2024-01-09 15:43:06.575+01:00 [     6] WARNING    - W&#xD;&#xD;
2024-01-09 15:43:06.575+01:00 [     6] WARNING    - W&#xD;&#xD;
2024-01-09 15:43:06.575+01:00 [     6] WARNING    - W&#xD;&#xD;
2024-01-09 15:43:06.575+01:00 [     6] WARNING    - W&#xD;&#xD;
2024-01-09 15:43:06.575+01:00 [     6] WARNING    - W&#xD;&#xD;
2024-01-09 15:43:06.575+01:00 [     6] WARNING    - W&#xD;&#xD;
2024-01-09 15:43:06.575+01:00 [     6] WARNING    - W&#xD;&#xD;
2024-01-09 15:43:06.575+01:00 [     6] WARNING    - W&#xD;&#xD;
2024-01-09 15:43:06.575+01:00 [     6] WARNING    - W&#xD;&#xD;
2024-01-09 15:43:06.575+01:00 [     6] WARNING    - W&#xD;&#xD;
2024-01-09 15:43:06.575+01:00 [     6] WARNING    - W&#xD;&#xD;
2024-01-09 15:43:06.575+01:00 [     6] WARNING    - W&#xD;&#xD;
2024-01-09 15:43:06.575+01:00 [     6] WARNING    - W&#xD;&#xD;
2024-01-09 15:43:06.575+01:00 [     6] WARNING    - W&#xD;&#xD;
2024-01-09 15:43:06.575+01:00 [     6] WARNING    - W&#xD;&#xD;
2024-01-09 15:43:06.575+01:00 [     6] WARNING    - W&#xD;&#xD;
2024-01-09 15:43:06.575+01:00 [     6] WARNING    - W&#xD;&#xD;
2024-01-09 15:43:06.575+01:00 [     6] WARNING    - W&#xD;&#xD;
2024-01-09 15:43:06.575+01:00 [     6] WARNING    - W&#xD;&#xD;
2024-01-09 15:43:06.575+01:00 [     6] WARNING    - W&#xD;&#xD;
2024-01-09 15:43:06.575+01:00 [     6] WARNING    - W&#xD;&#xD;
2024-01-09 15:43:06.575+01:00 [     6] WARNING    - W&#xD;&#xD;
2024-01-09 15:43:06.575+01:00 [     6] WARNING    - W&#xD;&#xD;
2024-01-09 15:43:06.575+01:00 [     6] WARNING    - W&#xD;&#xD;
2024-01-09 15:43:06.575+01:00 [     6] WARNING    - W&#xD;&#xD;
2024-01-09 15:43:06.575+01:00 [     6] WARNING    - W&#xD;&#xD;
2024-01-09 15:43:06.575+01:00 [     6] WARNING    - W&#xD;&#xD;
2024-01-09 15:43:06.575+01:00 [     6] WARNING    - W&#xD;&#xD;
2024-01-09 15:43:06.575+01:00 [     6] WARNING    - W&#xD;&#xD;
2024-01-09 15:43:06.575+01:00 [     6] WARNING    - W&#xD;&#xD;
2024-01-09 15:43:06.575+01:00 [     6] WARNING    - W&#xD;&#xD;
2024-01-09 15:43:06.575+01:00 [     6] WARNING    - W&#xD;&#xD;
2024-01-09 15:43:06.575+01:00 [     6] WARNING    - W&#xD;&#xD;
2024-01-09 15:43:06.575+01:00 [     6] WARNING    - W&#xD;&#xD;
2024-01-09 15:43:06.575+01:00 [     6] WARNING    - W&#xD;&#xD;
2024-01-09 15:43:06.575+01:00 [     6] WARNING    - W&#xD;&#xD;
2024-01-09 15:43:06.575+01:00 [     6] WARNING    - W&#xD;&#xD;
2024-01-09 15:43:06.575+01:00 [     6] WARNING    - W&#xD;&#xD;
2024-01-09 15:43:06.575+01:00 [     6] WARNING    - W&#xD;&#xD;
2024-01-09 15:43:06.575+01:00 [     6] WARNING    - W&#xD;&#xD;
2024-01-09 15:43:06.575+01:00 [     6] WARNING    - W&#xD;&#xD;
2024-01-09 15:43:06.575+01:00 [     6] WARNING    - W&#xD;&#xD;
2024-01-09 15:43:06.575+01:00 [     6] WARNING    - W&#xD;&#xD;
2024-01-09 15:43:06.575+01:00 [     6] WARNING    - W&#xD;&#xD;
2024-01-09 15:43:06.575+01:00 [     6] WARNING    - W&#xD;&#xD;
2024-01-09 15:43:06.575+01:00 [     6] WARNING    - W&#xD;&#xD;
2024-01-09 15:43:06.575+01:00 [     6] WARNING    - W&#xD;&#xD;
2024-01-09 15:43:06.575+01:00 [     6] WARNING    - W&#xD;&#xD;
2024-01-09 15:43:06.575+01:00 [     6] WARNING    - W&#xD;&#xD;
2024-01-09 15:43:06.575+01:00 [     6] WARNING    - W&#xD;&#xD;
2024-01-09 15:43:06.575+01:00 [     6] WARNING    - W&#xD;&#xD;
2024-01-09 15:43:06.575+01:00 [     6] WARNING    - W&#xD;&#xD;
2024-01-09 15:43:06.575+01:00 [     6] WARNING    - W&#xD;&#xD;
2024-01-09 15:43:06.575+01:00 [     6] WARNING    - W&#xD;&#xD;
2024-01-09 15:43:06.575+01:00 [     6] WARNING    - W&#xD;&#xD;
2024-01-09 15:43:06.575+01:00 [     6] WARNING    - W&#xD;&#xD;
2024-01-09 15:43:06.575+01:00 [     6] WARNING    - W&#xD;&#xD;
2024-01-09 15:43:06.575+01:00 [     6] WARNING    - W&#xD;&#xD;
2024-01-09 15:43:06.575+01:00 [     6] WARNING    - W&#xD;&#xD;
2024-01-09 15:43:06.575+01:00 [     6] WARNING    - W&#xD;&#xD;
2024-01-09 15:43:06.575+01:00 [     6] WARNING    - W&#xD;&#xD;
2024-01-09 15:43:06.575+01:00 [     6] WARNING    - W&#xD;&#xD;
2024-01-09 15:43:06.575+01:00 [     6] WARNING    - W&#xD;&#xD;
2024-01-09 15:43:06.575+01:00 [     6] WARNING    - W&#xD;&#xD;
2024-01-09 15:43:06.575+01:00 [     6] WARNING    - W&#xD;&#xD;
2024-01-09 15:43:06.575+01:00 [     6] WARNING    - W&#xD;&#xD;
2024-01-09 15:43:06.575+01:00 [     6] WARNING    - W&#xD;&#xD;
2024-01-09 15:43:06.575+01:00 [     6] WARNING    - W&#xD;&#xD;
2024-01-09 15:43:06.575+01:00 [     6] WARNING    - W&#xD;&#xD;
2024-01-09 15:43:06.575+01:00 [     6] WARNING    - W&#xD;&#xD;
2024-01-09 15:43:06.575+01:00 [     6] WARNING    - W&#xD;&#xD;
2024-01-09 15:43:06.575+01:00 [     6] WARNING    - W&#xD;&#xD;
2024-01-09 15:43:06.575+01:00 [     6] WARNING    - W&#xD;&#xD;
2024-01-09 15:43:06.575+01:00 [     6] WARNING    - W&#xD;&#xD;
2024-01-09 15:43:06.575+01:00 [     6] WARNING    - W&#xD;&#xD;
2024-01-09 15:43:06.575+01:00 [     6] WARNING    - W&#xD;&#xD;
2024-01-09 15:43:06.575+01:00 [     6] WARNING    - W&#xD;&#xD;
2024-01-09 15:43:06.575+01:00 [     6] WARNING    - W&#xD;&#xD;
2024-01-09 15:43:06.575+01:00 [     6] WARNING    - W&#xD;&#xD;
2024-01-09 15:43:06.575+01:00 [     6] WARNING    - W&#xD;&#xD;
2024-01-09 15:43:06.575+01:00 [     6] WARNING    - W&#xD;&#xD;
2024-01-09 15:43:06.575+01:00 [     6] WARNING    - W&#xD;&#xD;
2024-01-09 15:43:06.575+01:00 [     6] WARNING    - W&#xD;&#xD;
2024-01-09 15:43:06.575+01:00 [     6] WARNING    - W&#xD;&#xD;
2024-01-09 15:43:06.575+01:00 [     6] WARNING    - W&#xD;&#xD;
2024-01-09 15:43:06.575+01:00 [     6] WARNING    - W&#xD;&#xD;
2024-01-09 15:43:06.575+01:00 [     6] WARNING    - W&#xD;&#xD;
2024-01-09 15:43:06.575+01:00 [     6] WARNING    - W&#xD;&#xD;
2024-01-09 15:43:06.575+01:00 [     6] WARNING    - W&#xD;&#xD;
2024-01-09 15:43:06.575+01:00 [     6] WARNING    - W&#xD;&#xD;
2024-01-09 15:43:06.575+01:00 [     6] WARNING    - W&#xD;&#xD;
2024-01-09 15:43:06.575+01:00 [     6] WARNING    - W&#xD;&#xD;
2024-01-09 15:43:06.575+01:00 [     6] WARNING    - W&#xD;&#xD;
2024-01-09 15:43:06.575+01:00 [     6] WARNING    - W&#xD;&#xD;
2024-01-09 15:43:06.575+01:00 [     6] WARNING    - W&#xD;&#xD;
2024-01-09 15:43:06.575+01:00 [     6] WARNING    - W&#xD;&#xD;
2024-01-09 15:43:06.575+01:00 [     6] WARNING    - W&#xD;&#xD;
2024-01-09 15:43:06.575+01:00 [     6] WARNING    - W&#xD;&#xD;
2024-01-09 15:43:06.575+01:00 [     6] WARNING    - W&#xD;&#xD;
2024-01-09 15:43:06.575+01:00 [     6] WARNING    - W&#xD;&#xD;
2024-01-09 15:43:06.575+01:00 [     6] WARNING    - W&#xD;&#xD;
2024-01-09 15:43:06.575+01:00 [     6] WARNING    - W&#xD;&#xD;
2024-01-09 15:43:06.575+01:00 [     6] WARNING    - W&#xD;&#xD;
2024-01-09 15:43:06.575+01:00 [     6] WARNING    - W&#xD;&#xD;
2024-01-09 15:43:06.575+01:00 [     6] WARNING    - W&#xD;&#xD;
2024-01-09 15:43:06.575+01:00 [     6] WARNING    - W&#xD;&#xD;
2024-01-09 15:43:06.575+01:00 [     6] WARNING    - W&#xD;&#xD;
2024-01-09 15:43:06.575+01:00 [     6] WARNING    - W&#xD;&#xD;
2024-01-09 15:43:06.575+01:00 [     6] WARNING    - W&#xD;&#xD;
2024-01-09 15:43:06.575+01:00 [     6] WARNING    - W&#xD;&#xD;
2024-01-09 15:43:06.575+01:00 [     6] WARNING    - W&#xD;&#xD;
2024-01-09 15:43:06.575+01:00 [     6] WARNING    - W&#xD;&#xD;
2024-01-09 15:43:06.575+01:00 [     6] WARNING    - W&#xD;&#xD;
2024-01-09 15:43:06.575+01:00 [     6] WARNING    - W&#xD;&#xD;
2024-01-09 15:43:06.575+01:00 [     6] WARNING    - W&#xD;&#xD;
2024-01-09 15:43:06.575+01:00 [     6] WARNING    - W&#xD;&#xD;
2024-01-09 15:43:06.575+01:00 [     6] WARNING    - W&#xD;&#xD;
2024-01-09 15:43:06.575+01:00 [     6] WARNING    - W&#xD;&#xD;
2024-01-09 15:43:06.575+01:00 [     6] WARNING    - W&#xD;&#xD;
2024-01-09 15:43:06.575+01:00 [     6] WARNING    - W&#xD;&#xD;
2024-01-09 15:43:06.575+01:00 [     6] WARNING    - W&#xD;&#xD;
2024-01-09 15:43:06.575+01:00 [     6] WARNING    - W&#xD;&#xD;
2024-01-09 15:43:06.575+01:00 [     6] WARNING    - W&#xD;&#xD;
2024-01-09 15:43:06.575+01:00 [     6] WARNING    - W&#xD;&#xD;
2024-01-09 15:43:06.575+01:00 [     6] WARNING    - W&#xD;&#xD;
2024-01-09 15:43:06.575+01:00 [     6] WARNING    - W&#xD;&#xD;
2024-01-09 15:43:06.575+01:00 [     6] WARNING    - W&#xD;&#xD;
2024-01-09 15:43:06.575+01:00 [     6] WARNING    - W&#xD;&#xD;
2024-01-09 15:43:06.575+01:00 [     6] WARNING    - W&#xD;&#xD;
2024-01-09 15:43:06.575+01:00 [     6] WARNING    - W&#xD;&#xD;
2024-01-09 15:43:06.575+01:00 [     6] WARNING    - W&#xD;&#xD;
2024-01-09 15:43:06.575+01:00 [     6] WARNING    - W&#xD;&#xD;
2024-01-09 15:43:06.575+01:00 [     6] WARNING    - W&#xD;&#xD;
2024-01-09 15:43:06.575+01:00 [     6] WARNING    - W&#xD;&#xD;
2024-01-09 15:43:06.575+01:00 [     6] WARNING    - W&#xD;&#xD;
2024-01-09 15:43:06.575+01:00 [     6] WARNING    - W&#xD;&#xD;
2024-01-09 15:43:06.575+01:00 [     6] WARNING    - W&#xD;&#xD;
2024-01-09 15:43:06.575+01:00 [     6] WARNING    - W&#xD;&#xD;
2024-01-09 15:43:06.575+01:00 [     6] WARNING    - W&#xD;&#xD;
2024-01-09 15:43:06.575+01:00 [     6] WARNING    - W&#xD;&#xD;
2024-01-09 15:43:06.575+01:00 [     6] WARNING    - W&#xD;&#xD;
2024-01-09 15:43:06.575+01:00 [     6] WARNING    - W&#xD;&#xD;
2024-01-09 15:43:06.575+01:00 [     6] WARNING    - W&#xD;&#xD;
2024-01-09 15:43:06.575+01:00 [     6] WARNING    - W&#xD;&#xD;
2024-01-09 15:43:06.575+01:00 [     6] WARNING    - W&#xD;&#xD;
2024-01-09 15:43:06.575+01:00 [     6] WARNING    - W&#xD;&#xD;
2024-01-09 15:43:06.575+01:00 [     6] WARNING    - W&#xD;&#xD;
2024-01-09 15:43:06.575+01:00 [     6] WARNING    - W&#xD;&#xD;
2024-01-09 15:43:06.575+01:00 [     6] WARNING    - W&#xD;&#xD;
2024-01-09 15:43:06.575+01:00 [     6] WARNING    - W&#xD;&#xD;
2024-01-09 15:43:06.575+01:00 [     6] WARNING    - W&#xD;&#xD;
2024-01-09 15:43:06.575+01:00 [     6] WARNING    - W&#xD;&#xD;
2024-01-09 15:43:06.575+01:00 [     6] WARNING    - W&#xD;&#xD;
2024-01-09 15:43:06.575+01:00 [     6] WARNING    - W&#xD;&#xD;
2024-01-09 15:43:06.575+01:00 [     6] WARNING    - W&#xD;&#xD;
2024-01-09 15:43:06.575+01:00 [     6] WARNING    - W&#xD;&#xD;
2024-01-09 15:43:06.575+01:00 [     6] WARNING    - W&#xD;&#xD;
2024-01-09 15:43:06.575+01:00 [     6] WARNING    - W&#xD;&#xD;
2024-01-09 15:43:06.575+01:00 [     6] WARNING    - W&#xD;&#xD;
2024-01-09 15:43:06.575+01:00 [     6] WARNING    - W&#xD;&#xD;
2024-01-09 15:43:06.575+01:00 [     6] WARNING    - W&#xD;&#xD;
2024-01-09 15:43:06.575+01:00 [     6] WARNING    - W&#xD;&#xD;
2024-01-09 15:43:06.575+01:00 [     6] WARNING    - W&#xD;&#xD;
2024-01-09 15:43:06.575+01:00 [     6] WARNING    - W&#xD;&#xD;
2024-01-09 15:43:06.575+01:00 [     6] WARNING    - W&#xD;&#xD;
2024-01-09 15:43:06.575+01:00 [     6] WARNING    - W&#xD;&#xD;
2024-01-09 15:43:06.575+01:00 [     6] WARNING    - W&#xD;&#xD;
2024-01-09 15:43:06.575+01:00 [     6] WARNING    - W&#xD;&#xD;
2024-01-09 15:43:06.575+01:00 [     6] WARNING    - W&#xD;&#xD;
2024-01-09 15:43:06.575+01:00 [     6] WARNING    - W&#xD;&#xD;
2024-01-09 15:43:06.575+01:00 [     6] WARNING    - W&#xD;&#xD;
2024-01-09 15:43:06.575+01:00 [     6] WARNING    - W&#xD;&#xD;
2024-01-09 15:43:06.575+01:00 [     6] WARNING    - W&#xD;&#xD;
2024-01-09 15:43:06.575+01:00 [     6] WARNING    - W&#xD;&#xD;
2024-01-09 15:43:06.575+01:00 [     6] WARNING    - W&#xD;&#xD;
2024-01-09 15:43:06.575+01:00 [     6] WARNING    - W&#xD;&#xD;
2024-01-09 15:43:06.575+01:00 [     6] WARNING    - W&#xD;&#xD;
2024-01-09 15:43:06.575+01:00 [     6] WARNING    - W&#xD;&#xD;
2024-01-09 15:43:06.575+01:00 [     6] WARNING    - W&#xD;&#xD;
2024-01-09 15:43:06.575+01:00 [     6] WARNING    - W&#xD;&#xD;
2024-01-09 15:43:06.575+01:00 [     6] WARNING    - W&#xD;&#xD;
2024-01-09 15:43:06.575+01:00 [     6] WARNING    - W&#xD;&#xD;
2024-01-09 15:43:06.575+01:00 [     6] WARNING    - W&#xD;&#xD;
2024-01-09 15:43:06.575+01:00 [     6] WARNING    - W&#xD;&#xD;
2024-01-09 15:43:06.575+01:00 [     6] WARNING    - W&#xD;&#xD;
2024-01-09 15:43:06.575+01:00 [     6] WARNING    - W&#xD;&#xD;
2024-01-09 15:43:06.575+01:00 [     6] WARNING    - W&#xD;&#xD;
2024-01-09 15:43:06.575+01:00 [     6] WARNING    - W&#xD;&#xD;
2024-01-09 15:43:06.575+01:00 [     6] WARNING    - W&#xD;&#xD;
2024-01-09 15:43:06.575+01:00 [     6] WARNING    - W&#xD;&#xD;
2024-01-09 15:43:06.575+01:00 [     6] WARNING    - W&#xD;&#xD;
2024-01-09 15:43:06.575+01:00 [     6] WARNING    - W&#xD;&#xD;
2024-01-09 15:43:06.575+01:00 [     6] WARNING    - W&#xD;&#xD;
2024-01-09 15:43:06.575+01:00 [     6] WARNING    - W&#xD;&#xD;
2024-01-09 15:43:06.575+01:00 [     6] WARNING    - W&#xD;&#xD;
2024-01-09 15:43:06.575+01:00 [     6] WARNING    - W&#xD;&#xD;
2024-01-09 15:43:06.575+01:00 [     6] WARNING    - W&#xD;&#xD;
2024-01-09 15:43:06.575+01:00 [     6] WARNING    - W&#xD;&#xD;
2024-01-09 15:43:06.575+01:00 [     6] WARNING    - W&#xD;&#xD;
2024-01-09 15:43:06.575+01:00 [     6] WARNING    - W&#xD;&#xD;
2024-01-09 15:43:06.575+01:00 [     6] WARNING    - W&#xD;&#xD;
2024-01-09 15:43:06.575+01:00 [     6] WARNING    - W&#xD;&#xD;
2024-01-09 15:43:06.575+01:00 [     6] WARNING    - W&#xD;&#xD;
2024-01-09 15:43:06.575+01:00 [     6] WARNING    - W&#xD;&#xD;
2024-01-09 15:43:06.575+01:00 [     6] WARNING    - W&#xD;&#xD;
2024-01-09 15:43:06.575+01:00 [     6] WARNING    - W&#xD;&#xD;
2024-01-09 15:43:06.575+01:00 [     6] WARNING    - W&#xD;&#xD;
2024-01-09 15:43:06.575+01:00 [     6] WARNING    - W&#xD;&#xD;
2024-01-09 15:43:06.575+01:00 [     6] WARNING    - W&#xD;&#xD;
2024-01-09 15:43:06.575+01:00 [     6] WARNING    - W&#xD;&#xD;
2024-01-09 15:43:06.575+01:00 [     6] WARNING    - W&#xD;&#xD;
2024-01-09 15:43:06.575+01:00 [     6] WARNING    - W&#xD;&#xD;
2024-01-09 15:43:06.575+01:00 [     6] WARNING    - W&#xD;&#xD;
2024-01-09 15:43:06.575+01:00 [     6] WARNING    - W&#xD;&#xD;
2024-01-09 15:43:06.575+01:00 [     6] WARNING    - W&#xD;&#xD;
2024-01-09 15:43:06.575+01:00 [     6] WARNING    - W&#xD;&#xD;
2024-01-09 15:43:06.575+01:00 [     6] WARNING    - W&#xD;&#xD;
2024-01-09 15:43:06.575+01:00 [     6] WARNING    - W&#xD;&#xD;
2024-01-09 15:43:06.575+01:00 [     6] WARNING    - W&#xD;&#xD;
2024-01-09 15:43:06.575+01:00 [     6] WARNING    - W&#xD;&#xD;
2024-01-09 15:43:06.575+01:00 [     6] WARNING    - W&#xD;&#xD;
2024-01-09 15:43:06.575+01:00 [     6] WARNING    - W&#xD;&#xD;
2024-01-09 15:43:06.575+01:00 [     6] WARNING    - W&#xD;&#xD;
2024-01-09 15:43:06.575+01:00 [     6] WARNING    - W&#xD;&#xD;
2024-01-09 15:43:06.575+01:00 [     6] WARNING    - W&#xD;&#xD;
2024-01-09 15:43:06.575+01:00 [     6] WARNING    - W&#xD;&#xD;
2024-01-09 15:43:06.575+01:00 [     6] WARNING    - W&#xD;&#xD;
2024-01-09 15:43:06.575+01:00 [     6] WARNING    - W&#xD;&#xD;
2024-01-09 15:43:06.575+01:00 [     6] WARNING    - W&#xD;&#xD;
2024-01-09 15:43:06.575+01:00 [     6] WARNING    - W&#xD;&#xD;
2024-01-09 15:43:06.575+01:00 [     6] WARNING    - W&#xD;&#xD;
2024-01-09 15:43:06.575+01:00 [     6] WARNING    - W&#xD;&#xD;
2024-01-09 15:43:06.575+01:00 [     6] WARNING    - W&#xD;&#xD;
2024-01-09 15:43:06.575+01:00 [     6] WARNING    - W&#xD;&#xD;
2024-01-09 15:43:06.575+01:00 [     6] WARNING    - W&#xD;&#xD;
2024-01-09 15:43:06.575+01:00 [     6] WARNING    - W&#xD;&#xD;
2024-01-09 15:43:06.575+01:00 [     6] WARNING    - W&#xD;&#xD;
2024-01-09 15:43:06.575+01:00 [     6] WARNING    - W&#xD;&#xD;
2024-01-09 15:43:06.575+01:00 [     6] WARNING    - W&#xD;&#xD;
2024-01-09 15:43:06.575+01:00 [     6] WARNING    - W&#xD;&#xD;
2024-01-09 15:43:06.575+01:00 [     6] WARNING    - W&#xD;&#xD;
2024-01-09 15:43:06.575+01:00 [     6] WARNING    - W&#xD;&#xD;
2024-01-09 15:43:06.575+01:00 [     6] WARNING    - W&#xD;&#xD;
2024-01-09 15:43:06.575+01:00 [     6] WARNING    - W&#xD;&#xD;
2024-01-09 15:43:06.575+01:00 [     6] WARNING    - W&#xD;&#xD;
2024-01-09 15:43:06.575+01:00 [     6] WARNING    - W&#xD;&#xD;
2024-01-09 15:43:06.575+01:00 [     6] WARNING    - W&#xD;&#xD;
2024-01-09 15:43:06.575+01:00 [     6] WARNING    - W&#xD;&#xD;
2024-01-09 15:43:06.575+01:00 [     6] WARNING    - W&#xD;&#xD;
2024-01-09 15:43:06.575+01:00 [     6] WARNING    - W&#xD;&#xD;
2024-01-09 15:43:06.575+01:00 [     6] WARNING    - W&#xD;&#xD;
2024-01-09 15:43:06.575+01:00 [     6] WARNING    - W&#xD;&#xD;
2024-01-09 15:43:06.575+01:00 [     6] WARNING    - W&#xD;&#xD;
2024-01-09 15:43:06.575+01:00 [     6] WARNING    - W&#xD;&#xD;
2024-01-09 15:43:06.575+01:00 [     6] WARNING    - W&#xD;&#xD;
2024-01-09 15:43:06.575+01:00 [     6] WARNING    - W&#xD;&#xD;
2024-01-09 15:43:06.575+01:00 [     6] WARNING    - W&#xD;&#xD;
2024-01-09 15:43:06.575+01:00 [     6] WARNING    - W&#xD;&#xD;
2024-01-09 15:43:06.575+01:00 [     6] WARNING    - W&#xD;&#xD;
2024-01-09 15:43:06.575+01:00 [     6] WARNING    - W&#xD;&#xD;
2024-01-09 15:43:06.575+01:00 [     6] WARNING    - W&#xD;&#xD;
2024-01-09 15:43:06.575+01:00 [     6] WARNING    - W&#xD;&#xD;
2024-01-09 15:43:06.575+01:00 [     6] WARNING    - W&#xD;&#xD;
2024-01-09 15:43:06.575+01:00 [     6] WARNING    - W&#xD;&#xD;
2024-01-09 15:43:06.575+01:00 [     6] WARNING    - W&#xD;&#xD;
2024-01-09 15:43:06.575+01:00 [     6] WARNING    - W&#xD;&#xD;
2024-01-09 15:43:06.575+01:00 [     6] WARNING    - W&#xD;&#xD;
2024-01-09 15:43:06.575+01:00 [     6] WARNING    - W&#xD;&#xD;
2024-01-09 15:43:06.575+01:00 [     6] WARNING    - W&#xD;&#xD;
2024-01-09 15:43:06.575+01:00 [     6] WARNING    - W&#xD;&#xD;
2024-01-09 15:43:06.575+01:00 [     6] WARNING    - W&#xD;&#xD;
2024-01-09 15:43:06.575+01:00 [     6] WARNING    - W&#xD;&#xD;
2024-01-09 15:43:06.575+01:00 [     6] WARNING    - W&#xD;&#xD;
2024-01-09 15:43:06.575+01:00 [     6] WARNING    - W&#xD;&#xD;
2024-01-09 15:43:06.575+01:00 [     6] WARNING    - W&#xD;&#xD;
2024-01-09 15:43:06.575+01:00 [     6] WARNING    - W&#xD;&#xD;
2024-01-09 15:43:06.575+01:00 [     6] WARNING    - W&#xD;&#xD;
2024-01-09 15:43:06.575+01:00 [     6] WARNING    - W&#xD;&#xD;
2024-01-09 15:43:06.575+01:00 [     6] WARNING    - W&#xD;&#xD;
2024-01-09 15:43:06.575+01:00 [     6] WARNING    - W&#xD;&#xD;
2024-01-09 15:43:06.575+01:00 [     6] WARNING    - W&#xD;&#xD;
2024-01-09 15:43:06.575+01:00 [     6] WARNING    - W&#xD;&#xD;
2024-01-09 15:43:06.575+01:00 [     6] WARNING    - W&#xD;&#xD;
2024-01-09 15:43:06.575+01:00 [     6] WARNING    - W&#xD;&#xD;
2024-01-09 15:43:06.575+01:00 [     6] WARNING    - W&#xD;&#xD;
2024-01-09 15:43:06.575+01:00 [     6] WARNING    - W&#xD;&#xD;
2024-01-09 15:43:06.575+01:00 [     6] WARNING    - W&#xD;&#xD;
2024-01-09 15:43:06.575+01:00 [     6] WARNING    - W&#xD;&#xD;
2024-01-09 15:43:06.575+01:00 [     6] WARNING    - W&#xD;&#xD;
2024-01-09 15:43:06.575+01:00 [     6] WARNING    - W&#xD;&#xD;
2024-01-09 15:43:06.575+01:00 [     6] WARNING    - W&#xD;&#xD;
2024-01-09 15:43:06.575+01:00 [     6] WARNING    - W&#xD;&#xD;
2024-01-09 15:43:06.575+01:00 [     6] WARNING    - W&#xD;&#xD;
2024-01-09 15:43:06.575+01:00 [     6] WARNING    - W&#xD;&#xD;
2024-01-09 15:43:06.575+01:00 [     6] WARNING    - W&#xD;&#xD;
2024-01-09 15:43:06.575+01:00 [     6] WARNING    - W&#xD;&#xD;
2024-01-09 15:43:06.575+01:00 [     6] WARNING    - W&#xD;&#xD;
2024-01-09 15:43:06.575+01:00 [     6] WARNING    - W&#xD;&#xD;
2024-01-09 15:43:06.575+01:00 [     6] WARNING    - W&#xD;&#xD;
2024-01-09 15:43:06.575+01:00 [     6] WARNING    - W&#xD;&#xD;
2024-01-09 15:43:06.575+01:00 [     6] WARNING    - W&#xD;&#xD;
2024-01-09 15:43:06.575+01:00 [     6] WARNING    - W&#xD;&#xD;
2024-01-09 15:43:06.575+01:00 [     6] WARNING    - W&#xD;&#xD;
2024-01-09 15:43:06.575+01:00 [     6] WARNING    - W&#xD;&#xD;
2024-01-09 15:43:06.575+01:00 [     6] WARNING    - W&#xD;&#xD;
2024-01-09 15:43:06.575+01:00 [     6] WARNING    - W&#xD;&#xD;
2024-01-09 15:43:06.575+01:00 [     6] WARNING    - W&#xD;&#xD;
2024-01-09 15:43:06.575+01:00 [     6] WARNING    - W&#xD;&#xD;
2024-01-09 15:43:06.575+01:00 [     6] WARNING    - W&#xD;&#xD;
2024-01-09 15:43:06.575+01:00 [     6] WARNING    - W&#xD;&#xD;
2024-01-09 15:43:06.575+01:00 [     6] WARNING    - W&#xD;&#xD;
2024-01-09 15:43:06.575+01:00 [     6] WARNING    - W&#xD;&#xD;
2024-01-09 15:43:06.575+01:00 [     6] WARNING    - W&#xD;&#xD;
2024-01-09 15:43:06.575+01:00 [     6] WARNING    - W&#xD;&#xD;
2024-01-09 15:43:06.575+01:00 [     6] WARNING    - W&#xD;&#xD;
2024-01-09 15:43:06.575+01:00 [     6] WARNING    - W&#xD;&#xD;
2024-01-09 15:43:06.575+01:00 [     6] WARNING    - W&#xD;&#xD;
2024-01-09 15:43:06.575+01:00 [     6] WARNING    - W&#xD;&#xD;
2024-01-09 15:43:06.575+01:00 [     6] WARNING    - W&#xD;&#xD;
2024-01-09 15:43:06.575+01:00 [     6] WARNING    - W&#xD;&#xD;
2024-01-09 15:43:06.575+01:00 [     6] WARNING    - W&#xD;&#xD;
2024-01-09 15:43:06.575+01:00 [     6] WARNING    - W&#xD;&#xD;
2024-01-09 15:43:06.575+01:00 [     6] WARNING    - W&#xD;&#xD;
2024-01-09 15:43:06.575+01:00 [     6] WARNING    - W&#xD;&#xD;
2024-01-09 15:43:06.575+01:00 [     6] WARNING    - W&#xD;&#xD;
2024-01-09 15:43:06.575+01:00 [     6] WARNING    - W&#xD;&#xD;
2024-01-09 15:43:06.575+01:00 [     6] WARNING    - W&#xD;&#xD;
2024-01-09 15:43:06.575+01:00 [     6] WARNING    - W&#xD;&#xD;
2024-01-09 15:43:06.575+01:00 [     6] WARNING    - W&#xD;&#xD;
2024-01-09 15:43:06.575+01:00 [     6] WARNING    - W&#xD;&#xD;
2024-01-09 15:43:06.575+01:00 [     6] WARNING    - W&#xD;&#xD;
2024-01-09 15:43:06.575+01:00 [     6] WARNING    - W&#xD;&#xD;
2024-01-09 15:43:06.575+01:00 [     6] WARNING    - W&#xD;&#xD;
2024-01-09 15:43:06.575+01:00 [     6] WARNING    - W&#xD;&#xD;
2024-01-09 15:43:06.575+01:00 [     6] WARNING    - W&#xD;&#xD;
2024-01-09 15:43:06.575+01:00 [     6] WARNING    - W&#xD;&#xD;
2024-01-09 15:43:06.575+01:00 [     6] WARNING    - W&#xD;&#xD;
2024-01-09 15:43:06.575+01:00 [     6] WARNING    - W&#xD;&#xD;
2024-01-09 15:43:06.575+01:00 [     6] WARNING    - W&#xD;&#xD;
2024-01-09 15:43:06.575+01:00 [     6] WARNING    - W&#xD;&#xD;
2024-01-09 15:43:06.575+01:00 [     6] WARNING    - W&#xD;&#xD;
2024-01-09 15:43:06.575+01:00 [     6] WARNING    - W&#xD;&#xD;
2024-01-09 15:43:06.575+01:00 [     6] WARNING    - W&#xD;&#xD;
2024-01-09 15:43:06.575+01:00 [     6] WARNING    - W&#xD;&#xD;
2024-01-09 15:43:06.575+01:00 [     6] WARNING    - W&#xD;&#xD;
2024-01-09 15:43:06.575+01:00 [     6] WARNING    - W&#xD;&#xD;
2024-01-09 15:43:06.575+01:00 [     6] WARNING    - W&#xD;&#xD;
2024-01-09 15:43:06.575+01:00 [     6] WARNING    - W&#xD;&#xD;
2024-01-09 15:43:06.575+01:00 [     6] WARNING    - W&#xD;&#xD;
2024-01-09 15:43:06.575+01:00 [     6] WARNING    - W&#xD;&#xD;
2024-01-09 15:43:06.575+01:00 [     6] WARNING    - W&#xD;&#xD;
2024-01-09 15:43:06.575+01:00 [     6] WARNING    - W&#xD;&#xD;
2024-01-09 15:43:06.575+01:00 [     6] WARNING    - W&#xD;&#xD;
2024-01-09 15:43:06.575+01:00 [     6] WARNING    - W&#xD;&#xD;
2024-01-09 15:43:06.575+01:00 [     6] WARNING    - W&#xD;&#xD;
2024-01-09 15:43:06.575+01:00 [     6] WARNING    - W&#xD;&#xD;
2024-01-09 15:43:06.575+01:00 [     6] WARNING    - W&#xD;&#xD;
2024-01-09 15:43:06.575+01:00 [     6] WARNING    - W&#xD;&#xD;
2024-01-09 15:43:06.575+01:00 [     6] WARNING    - W&#xD;&#xD;
2024-01-09 15:43:06.575+01:00 [     6] WARNING    - W&#xD;&#xD;
2024-01-09 15:43:06.575+01:00 [     6] WARNING    - W&#xD;&#xD;
2024-01-09 15:43:06.575+01:00 [     6] WARNING    - W&#xD;&#xD;
2024-01-09 15:43:06.575+01:00 [     6] WARNING    - W&#xD;&#xD;
2024-01-09 15:43:06.575+01:00 [     6] WARNING    - W&#xD;&#xD;
2024-01-09 15:43:06.575+01:00 [     6] WARNING    - W&#xD;&#xD;
2024-01-09 15:43:06.575+01:00 [     6] WARNING    - W&#xD;&#xD;
2024-01-09 15:43:06.575+01:00 [     6] WARNING    - W&#xD;&#xD;
2024-01-09 15:43:06.575+01:00 [     6] WARNING    - W&#xD;&#xD;
2024-01-09 15:43:06.575+01:00 [     6] WARNING    - W&#xD;&#xD;
2024-01-09 15:43:06.575+01:00 [     6] WARNING    - W&#xD;&#xD;
2024-01-09 15:43:06.575+01:00 [     6] WARNING    - W&#xD;&#xD;
2024-01-09 15:43:06.575+01:00 [     6] WARNING    - W&#xD;&#xD;
2024-01-09 15:43:06.575+01:00 [     6] WARNING    - W&#xD;&#xD;
2024-01-09 15:43:06.575+01:00 [     6] WARNING    - W&#xD;&#xD;
2024-01-09 15:43:06.575+01:00 [     6] WARNING    - W&#xD;&#xD;
2024-01-09 15:43:06.575+01:00 [     6] WARNING    - W&#xD;&#xD;
2024-01-09 15:43:06.575+01:00 [     6] WARNING    - W&#xD;&#xD;
2024-01-09 15:43:06.575+01:00 [     6] WARNING    - W&#xD;&#xD;
2024-01-09 15:43:06.575+01:00 [     6] WARNING    - W&#xD;&#xD;
2024-01-09 15:43:06.575+01:00 [     6] WARNING    - W&#xD;&#xD;
2024-01-09 15:43:06.575+01:00 [     6] WARNING    - W&#xD;&#xD;
2024-01-09 15:43:06.575+01:00 [     6] WARNING    - W&#xD;&#xD;
2024-01-09 15:43:06.575+01:00 [     6] WARNING    - W&#xD;&#xD;
2024-01-09 15:43:06.575+01:00 [     6] WARNING    - W&#xD;&#xD;
2024-01-09 15:43:06.575+01:00 [     6] WARNING    - W&#xD;&#xD;
2024-01-09 15:43:06.575+01:00 [     6] WARNING    - W&#xD;&#xD;
2024-01-09 15:43:06.575+01:00 [     6] WARNING    - W&#xD;&#xD;
2024-01-09 15:43:06.575+01:00 [     6] WARNING    - W&#xD;&#xD;
2024-01-09 15:43:06.575+01:00 [     6] WARNING    - W&#xD;&#xD;
2024-01-09 15:43:06.575+01:00 [     6] WARNING    - W&#xD;&#xD;
2024-01-09 15:43:06.575+01:00 [     6] WARNING    - W&#xD;&#xD;
2024-01-09 15:43:06.575+01:00 [     6] WARNING    - W&#xD;&#xD;
2024-01-09 15:43:06.575+01:00 [     6] WARNING    - W&#xD;&#xD;
2024-01-09 15:43:06.575+01:00 [     6] WARNING    - W&#xD;&#xD;
2024-01-09 15:43:06.575+01:00 [     6] WARNING    - W&#xD;&#xD;
2024-01-09 15:43:06.575+01:00 [     6] WARNING    - W&#xD;&#xD;
2024-01-09 15:43:06.575+01:00 [     6] WARNING    - W&#xD;&#xD;
2024-01-09 15:43:06.575+01:00 [     6] WARNING    - W&#xD;&#xD;
2024-01-09 15:43:06.575+01:00 [     6] WARNING    - W&#xD;&#xD;
2024-01-09 15:43:06.575+01:00 [     6] WARNING    - W&#xD;&#xD;
2024-01-09 15:43:06.575+01:00 [     6] WARNING    - W&#xD;&#xD;
2024-01-09 15:43:06.575+01:00 [     6] WARNING    - W&#xD;&#xD;
2024-01-09 15:43:06.575+01:00 [     6] WARNING    - W&#xD;&#xD;
2024-01-09 15:43:06.575+01:00 [     6] WARNING    - W&#xD;&#xD;
2024-01-09 15:43:06.575+01:00 [     6] WARNING    - W&#xD;&#xD;
2024-01-09 15:43:06.575+01:00 [     6] WARNING    - W&#xD;&#xD;
2024-01-09 15:43:06.575+01:00 [     6] WARNING    - W&#xD;&#xD;
2024-01-09 15:43:06.575+01:00 [     6] WARNING    - W&#xD;&#xD;
2024-01-09 15:43:06.575+01:00 [     6] WARNING    - W&#xD;&#xD;
2024-01-09 15:43:06.575+01:00 [     6] WARNING    - W&#xD;&#xD;
2024-01-09 15:43:06.575+01:00 [     6] WARNING    - W&#xD;&#xD;
2024-01-09 15:43:06.575+01:00 [     6] WARNING    - W&#xD;&#xD;
2024-01-09 15:43:06.575+01:00 [     6] WARNING    - W&#xD;&#xD;
2024-01-09 15:43:06.575+01:00 [     6] WARNING    - W&#xD;&#xD;
2024-01-09 15:43:06.575+01:00 [     6] WARNING    - W&#xD;&#xD;
2024-01-09 15:43:06.575+01:00 [     6] WARNING    - W&#xD;&#xD;
2024-01-09 15:43:06.575+01:00 [     6] WARNING    - W&#xD;&#xD;
2024-01-09 15:43:06.575+01:00 [     6] WARNING    - W&#xD;&#xD;
2024-01-09 15:43:06.575+01:00 [     6] WARNING    - W&#xD;&#xD;
2024-01-09 15:43:06.575+01:00 [     6] WARNING    - W&#xD;&#xD;
2024-01-09 15:43:06.575+01:00 [     6] WARNING    - W&#xD;&#xD;
2024-01-09 15:43:06.575+01:00 [     6] WARNING    - W&#xD;&#xD;
2024-01-09 15:43:06.575+01:00 [     6] WARNING    - W&#xD;&#xD;
2024-01-09 15:43:06.575+01:00 [     6] WARNING    - W&#xD;&#xD;
2024-01-09 15:43:06.575+01:00 [     6] WARNING    - W&#xD;&#xD;
2024-01-09 15:43:06.575+01:00 [     6] WARNING    - W&#xD;&#xD;
2024-01-09 15:43:06.575+01:00 [     6] WARNING    - W&#xD;&#xD;
2024-01-09 15:43:06.575+01:00 [     6] WARNING    - W&#xD;&#xD;
2024-01-09 15:43:06.575+01:00 [     6] WARNING    - W&#xD;&#xD;
2024-01-09 15:43:06.575+01:00 [     6] WARNING    - W&#xD;&#xD;
2024-01-09 15:43:06.575+01:00 [     6] WARNING    - W&#xD;&#xD;
2024-01-09 15:43:06.575+01:00 [     6] WARNING    - W&#xD;&#xD;
2024-01-09 15:43:06.575+01:00 [     6] WARNING    - W&#xD;&#xD;
2024-01-09 15:43:06.575+01:00 [     6] WARNING    - W&#xD;&#xD;
2024-01-09 15:43:06.575+01:00 [     6] WARNING    - W&#xD;&#xD;
2024-01-09 15:43:06.575+01:00 [     6] WARNING    - W&#xD;&#xD;
2024-01-09 15:43:06.575+01:00 [     6] WARNING    - W&#xD;&#xD;
2024-01-09 15:43:06.575+01:00 [     6] WARNING    - W&#xD;&#xD;
2024-01-09 15:43:06.575+01:00 [     6] WARNING    - W&#xD;&#xD;
2024-01-09 15:43:06.575+01:00 [     6] WARNING    - W&#xD;&#xD;
2024-01-09 15:43:06.575+01:00 [     6] WARNING    - W&#xD;&#xD;
2024-01-09 15:43:06.575+01:00 [     6] WARNING    - W&#xD;&#xD;
2024-01-09 15:43:06.575+01:00 [     6] WARNING    - W&#xD;&#xD;
2024-01-09 15:43:06.575+01:00 [     6] WARNING    - W&#xD;&#xD;
2024-01-09 15:43:06.575+01:00 [     6] WARNING    - W&#xD;&#xD;
2024-01-09 15:43:06.575+01:00 [     6] WARNING    - W&#xD;&#xD;
2024-01-09 15:43:06.575+01:00 [     6] WARNING    - W&#xD;&#xD;
2024-01-09 15:43:06.575+01:00 [     6] WARNING    - W&#xD;&#xD;
2024-01-09 15:43:06.575+01:00 [     6] WARNING    - W&#xD;&#xD;
2024-01-09 15:43:06.575+01:00 [     6] WARNING    - W&#xD;&#xD;
2024-01-09 15:43:06.575+01:00 [     6] WARNING    - W&#xD;&#xD;
2024-01-09 15:43:06.575+01:00 [     6] WARNING    - W&#xD;&#xD;
2024-01-09 15:43:06.575+01:00 [     6] WARNING    - W&#xD;&#xD;
2024-01-09 15:43:06.575+01:00 [     6] WARNING    - W&#xD;&#xD;
2024-01-09 15:43:06.575+01:00 [     6] WARNING    - W&#xD;&#xD;
2024-01-09 15:43:06.575+01:00 [     6] WARNING    - W&#xD;&#xD;
2024-01-09 15:43:06.575+01:00 [     6] WARNING    - W&#xD;&#xD;
2024-01-09 15:43:06.575+01:00 [     6] WARNING    - W&#xD;&#xD;
2024-01-09 15:43:06.575+01:00 [     6] WARNING    - W&#xD;&#xD;
2024-01-09 15:43:06.575+01:00 [     6] WARNING    - W&#xD;&#xD;
2024-01-09 15:43:06.575+01:00 [     6] WARNING    - W&#xD;&#xD;
2024-01-09 15:43:06.575+01:00 [     6] WARNING    - W&#xD;&#xD;
2024-01-09 15:43:06.575+01:00 [     6] WARNING    - W&#xD;&#xD;
2024-01-09 15:43:06.575+01:00 [     6] WARNING    - W&#xD;&#xD;
2024-01-09 15:43:06.575+01:00 [     6] WARNING    - W&#xD;&#xD;
2024-01-09 15:43:06.575+01:00 [     6] WARNING    - W&#xD;&#xD;
2024-01-09 15:43:06.575+01:00 [     6] WARNING    - W&#xD;&#xD;
2024-01-09 15:43:06.575+01:00 [     6] WARNING    - W&#xD;&#xD;
2024-01-09 15:43:06.575+01:00 [     6] WARNING    - W&#xD;&#xD;
2024-01-09 15:43:06.575+01:00 [     6] WARNING    - W&#xD;&#xD;
2024-01-09 15:43:06.575+01:00 [     6] WARNING    - W&#xD;&#xD;
2024-01-09 15:43:06.575+01:00 [     6] WARNING    - W&#xD;&#xD;
2024-01-09 15:43:06.575+01:00 [     6] WARNING    - W&#xD;&#xD;
2024-01-09 15:43:06.575+01:00 [     6] WARNING    - W&#xD;&#xD;
2024-01-09 15:43:06.575+01:00 [     6] WARNING    - W&#xD;&#xD;
2024-01-09 15:43:06.575+01:00 [     6] WARNING    - W&#xD;&#xD;
2024-01-09 15:43:06.575+01:00 [     6] WARNING    - W&#xD;&#xD;
2024-01-09 15:43:06.575+01:00 [     6] WARNING    - W&#xD;&#xD;
2024-01-09 15:43:06.575+01:00 [     6] WARNING    - W&#xD;&#xD;
2024-01-09 15:43:06.575+01:00 [     6] WARNING    - W&#xD;&#xD;
2024-01-09 15:43:06.575+01:00 [     6] WARNING    - W&#xD;&#xD;
2024-01-09 15:43:06.575+01:00 [     6] WARNING    - W&#xD;&#xD;
2024-01-09 15:43:06.575+01:00 [     6] WARNING    - W&#xD;&#xD;
2024-01-09 15:43:06.575+01:00 [     6] WARNING    - W&#xD;&#xD;
2024-01-09 15:43:06.575+01:00 [     6] WARNING    - W&#xD;&#xD;
2024-01-09 15:43:06.575+01:00 [     6] WARNING    - W&#xD;&#xD;
2024-01-09 15:43:06.575+01:00 [     6] WARNING    - W&#xD;&#xD;
2024-01-09 15:43:06.575+01:00 [     6] WARNING    - W&#xD;&#xD;
2024-01-09 15:43:06.575+01:00 [     6] WARNING    - W&#xD;&#xD;
2024-01-09 15:43:06.575+01:00 [     6] WARNING    - W&#xD;&#xD;
2024-01-09 15:43:06.575+01:00 [     6] WARNING    - W&#xD;&#xD;
2024-01-09 15:43:06.575+01:00 [     6] WARNING    - W&#xD;&#xD;
2024-01-09 15:43:06.575+01:00 [     6] WARNING    - W&#xD;&#xD;
2024-01-09 15:43:06.575+01:00 [     6] WARNING    - W&#xD;&#xD;
2024-01-09 15:43:06.575+01:00 [     6] WARNING    - W&#xD;&#xD;
2024-01-09 15:43:06.575+01:00 [     6] WARNING    - W&#xD;&#xD;
2024-01-09 15:43:06.575+01:00 [     6] WARNING    - W&#xD;&#xD;
2024-01-09 15:43:06.575+01:00 [     6] WARNING    - W&#xD;&#xD;
2024-01-09 15:43:06.575+01:00 [     6] WARNING    - W&#xD;&#xD;
2024-01-09 15:43:06.575+01:00 [     6] WARNING    - W&#xD;&#xD;
2024-01-09 15:43:06.575+01:00 [     6] WARNING    - W&#xD;&#xD;
2024-01-09 15:43:06.575+01:00 [     6] WARNING    - W&#xD;&#xD;
2024-01-09 15:43:06.575+01:00 [     6] WARNING    - W&#xD;&#xD;
2024-01-09 15:43:06.575+01:00 [     6] WARNING    - W&#xD;&#xD;
2024-01-09 15:43:06.575+01:00 [     6] WARNING    - W&#xD;&#xD;
2024-01-09 15:43:06.575+01:00 [     6] WARNING    - W&#xD;&#xD;
2024-01-09 15:43:06.575+01:00 [     6] WARNING    - W&#xD;&#xD;
2024-01-09 15:43:06.575+01:00 [     6] WARNING    - W&#xD;&#xD;
2024-01-09 15:43:06.575+01:00 [     6] WARNING    - W&#xD;&#xD;
2024-01-09 15:43:06.575+01:00 [     6] WARNING    - W&#xD;&#xD;
2024-01-09 15:43:06.575+01:00 [     6] WARNING    - W&#xD;&#xD;
2024-01-09 15:43:06.575+01:00 [     6] WARNING    - W&#xD;&#xD;
2024-01-09 15:43:06.575+01:00 [     6] WARNING    - W&#xD;&#xD;
2024-01-09 15:43:06.575+01:00 [     6] WARNING    - W&#xD;&#xD;
2024-01-09 15:43:06.575+01:00 [     6] WARNING    - W&#xD;&#xD;
2024-01-09 15:43:06.575+01:00 [     6] WARNING    - W&#xD;&#xD;
2024-01-09 15:43:06.575+01:00 [     6] WARNING    - W&#xD;&#xD;
2024-01-09 15:43:06.575+01:00 [     6] WARNING    - W&#xD;&#xD;
2024-01-09 15:43:06.575+01:00 [     6] WARNING    - W&#xD;&#xD;
2024-01-09 15:43:06.575+01:00 [     6] WARNING    - W&#xD;&#xD;
2024-01-09 15:43:06.575+01:00 [     6] WARNING    - W&#xD;&#xD;
2024-01-09 15:43:06.575+01:00 [     6] WARNING    - W&#xD;&#xD;
2024-01-09 15:43:06.575+01:00 [     6] WARNING    - W&#xD;&#xD;
2024-01-09 15:43:06.575+01:00 [     6] WARNING    - W&#xD;&#xD;
2024-01-09 15:43:06.575+01:00 [     6] WARNING    - W&#xD;&#xD;
2024-01-09 15:43:06.575+01:00 [     6] WARNING    - W&#xD;&#xD;
2024-01-09 15:43:06.575+01:00 [     6] WARNING    - W&#xD;&#xD;
2024-01-09 15:43:06.575+01:00 [     6] WARNING    - W&#xD;&#xD;
2024-01-09 15:43:06.575+01:00 [     6] WARNING    - W&#xD;&#xD;
2024-01-09 15:43:06.575+01:00 [     6] WARNING    - W&#xD;&#xD;
2024-01-09 15:43:06.575+01:00 [     6] WARNING    - W&#xD;&#xD;
2024-01-09 15:43:06.575+01:00 [     6] WARNING    - W&#xD;&#xD;
2024-01-09 15:43:06.575+01:00 [     6] WARNING    - W&#xD;&#xD;
2024-01-09 15:43:06.575+01:00 [     6] WARNING    - W&#xD;&#xD;
2024-01-09 15:43:06.575+01:00 [     6] WARNING    - W&#xD;&#xD;
2024-01-09 15:43:06.575+01:00 [     6] WARNING    - W&#xD;&#xD;
2024-01-09 15:43:06.575+01:00 [     6] WARNING    - W&#xD;&#xD;
2024-01-09 15:43:06.575+01:00 [     6] WARNING    - W&#xD;&#xD;
2024-01-09 15:43:06.575+01:00 [     6] WARNING    - W&#xD;&#xD;
2024-01-09 15:43:06.575+01:00 [     6] WARNING    - W&#xD;&#xD;
2024-01-09 15:43:06.575+01:00 [     6] WARNING    - W&#xD;&#xD;
2024-01-09 15:43:06.575+01:00 [     6] WARNING    - W&#xD;&#xD;
2024-01-09 15:43:06.575+01:00 [     6] WARNING    - W&#xD;&#xD;
2024-01-09 15:43:06.575+01:00 [     6] WARNING    - W&#xD;&#xD;
2024-01-09 15:43:06.575+01:00 [     6] WARNING    - W&#xD;&#xD;
2024-01-09 15:43:06.575+01:00 [     6] WARNING    - W&#xD;&#xD;
2024-01-09 15:43:06.575+01:00 [     6] WARNING    - W&#xD;&#xD;
2024-01-09 15:43:06.575+01:00 [     6] WARNING    - W&#xD;&#xD;
2024-01-09 15:43:06.575+01:00 [     6] WARNING    - W&#xD;&#xD;
2024-01-09 15:43:06.575+01:00 [     6] WARNING    - W&#xD;&#xD;
2024-01-09 15:43:06.575+01:00 [     6] WARNING    - W&#xD;&#xD;
2024-01-09 15:43:06.575+01:00 [     6] WARNING    - W&#xD;&#xD;
2024-01-09 15:43:06.575+01:00 [     6] WARNING    - W&#xD;&#xD;
2024-01-09 15:43:06.575+01:00 [     6] WARNING    - W&#xD;&#xD;
2024-01-09 15:43:06.575+01:00 [     6] WARNING    - W&#xD;&#xD;
2024-01-09 15:43:06.575+01:00 [     6] WARNING    - W&#xD;&#xD;
2024-01-09 15:43:06.575+01:00 [     6] WARNING    - W&#xD;&#xD;
2024-01-09 15:43:06.575+01:00 [     6] WARNING    - W&#xD;&#xD;
2024-01-09 15:43:06.575+01:00 [     6] WARNING    - W&#xD;&#xD;
2024-01-09 15:43:06.575+01:00 [     6] WARNING    - W&#xD;&#xD;
2024-01-09 15:43:06.575+01:00 [     6] WARNING    - W&#xD;&#xD;
2024-01-09 15:43:06.575+01:00 [     6] WARNING    - W&#xD;&#xD;
2024-01-09 15:43:06.575+01:00 [     6] WARNING    - W&#xD;&#xD;
2024-01-09 15:43:06.575+01:00 [     6] WARNING    - W&#xD;&#xD;
2024-01-09 15:43:06.575+01:00 [     6] WARNING    - W&#xD;&#xD;
2024-01-09 15:43:06.575+01:00 [     6] WARNING    - W&#xD;&#xD;
2024-01-09 15:43:06.575+01:00 [     6] WARNING    - W&#xD;&#xD;
2024-01-09 15:43:06.575+01:00 [     6] WARNING    - W&#xD;&#xD;
2024-01-09 15:43:06.575+01:00 [     6] WARNING    - W&#xD;&#xD;
2024-01-09 15:43:06.575+01:00 [     6] WARNING    - W&#xD;&#xD;
2024-01-09 15:43:06.575+01:00 [     6] WARNING    - W&#xD;&#xD;
2024-01-09 15:43:06.575+01:00 [     6] WARNING    - W&#xD;&#xD;
2024-01-09 15:43:06.575+01:00 [     6] WARNING    - W&#xD;&#xD;
2024-01-09 15:43:06.575+01:00 [     6] WARNING    - W&#xD;&#xD;
2024-01-09 15:43:06.575+01:00 [     6] WARNING    - W&#xD;&#xD;
2024-01-09 15:43:06.575+01:00 [     6] WARNING    - W&#xD;&#xD;
2024-01-09 15:43:06.575+01:00 [     6] WARNING    - W&#xD;&#xD;
2024-01-09 15:43:06.575+01:00 [     6] WARNING    - W&#xD;&#xD;
2024-01-09 15:43:06.575+01:00 [     6] WARNING    - W&#xD;&#xD;
2024-01-09 15:43:06.575+01:00 [     6] WARNING    - W&#xD;&#xD;
2024-01-09 15:43:06.575+01:00 [     6] WARNING    - W&#xD;&#xD;
2024-01-09 15:43:06.575+01:00 [     6] WARNING    - W&#xD;&#xD;
2024-01-09 15:43:06.575+01:00 [     6] WARNING    - W&#xD;&#xD;
2024-01-09 15:43:06.575+01:00 [     6] WARNING    - W&#xD;&#xD;
2024-01-09 15:43:06.575+01:00 [     6] WARNING    - W&#xD;&#xD;
2024-01-09 15:43:06.575+01:00 [     6] WARNING    - W&#xD;&#xD;
2024-01-09 15:43:06.575+01:00 [     6] WARNING    - W&#xD;&#xD;
2024-01-09 15:43:06.575+01:00 [     6] WARNING    - W&#xD;&#xD;
2024-01-09 15:43:06.575+01:00 [     6] WARNING    - W&#xD;&#xD;
2024-01-09 15:43:06.575+01:00 [     6] WARNING    - W&#xD;&#xD;
2024-01-09 15:43:06.575+01:00 [     6] WARNING    - W&#xD;&#xD;
2024-01-09 15:43:06.575+01:00 [     6] WARNING    - W&#xD;&#xD;
2024-01-09 15:43:06.575+01:00 [     6] WARNING    - W&#xD;&#xD;
2024-01-09 15:43:06.575+01:00 [     6] WARNING    - W&#xD;&#xD;
2024-01-09 15:43:06.575+01:00 [     6] WARNING    - W&#xD;&#xD;
2024-01-09 15:43:06.575+01:00 [     6] WARNING    - W&#xD;&#xD;
2024-01-09 15:43:06.575+01:00 [     6] WARNING    - W&#xD;&#xD;
2024-01-09 15:43:06.575+01:00 [     6] WARNING    - W&#xD;&#xD;
2024-01-09 15:43:06.575+01:00 [     6] WARNING    - W&#xD;&#xD;
2024-01-09 15:43:06.575+01:00 [     6] WARNING    - W&#xD;&#xD;
2024-01-09 15:43:06.575+01:00 [     6] WARNING    - W&#xD;&#xD;
2024-01-09 15:43:06.575+01:00 [     6] WARNING    - W&#xD;&#xD;
2024-01-09 15:43:06.575+01:00 [     6] WARNING    - W&#xD;&#xD;
2024-01-09 15:43:06.575+01:00 [     6] WARNING    - W&#xD;&#xD;
2024-01-09 15:43:06.575+01:00 [     6] WARNING    - W&#xD;&#xD;
2024-01-09 15:43:06.575+01:00 [     6] WARNING    - W&#xD;&#xD;
2024-01-09 15:43:06.575+01:00 [     6] WARNING    - W&#xD;&#xD;
2024-01-09 15:43:06.575+01:00 [     6] WARNING    - W&#xD;&#xD;
2024-01-09 15:43:06.575+01:00 [     6] WARNING    - W&#xD;&#xD;
2024-01-09 15:43:06.575+01:00 [     6] WARNING    - W&#xD;&#xD;
2024-01-09 15:43:06.575+01:00 [     6] WARNING    - W&#xD;&#xD;
2024-01-09 15:43:06.575+01:00 [     6] WARNING    - W&#xD;&#xD;
2024-01-09 15:43:06.575+01:00 [     6] WARNING    - W&#xD;&#xD;
2024-01-09 15:43:06.575+01:00 [     6] WARNING    - W&#xD;&#xD;
2024-01-09 15:43:06.575+01:00 [     6] WARNING    - W&#xD;&#xD;
2024-01-09 15:43:06.575+01:00 [     6] WARNING    - W&#xD;&#xD;
2024-01-09 15:43:06.575+01:00 [     6] WARNING    - W&#xD;&#xD;
2024-01-09 15:43:06.575+01:00 [     6] WARNING    - W&#xD;&#xD;
2024-01-09 15:43:06.575+01:00 [     6] WARNING    - W&#xD;&#xD;
2024-01-09 15:43:06.575+01:00 [     6] WARNING    - W&#xD;&#xD;
2024-01-09 15:43:06.575+01:00 [     6] WARNING    - W&#xD;&#xD;
2024-01-09 15:43:06.575+01:00 [     6] WARNING    - W&#xD;&#xD;
2024-01-09 15:43:06.575+01:00 [     6] WARNING    - W&#xD;&#xD;
2024-01-09 15:43:06.575+01:00 [     6] WARNING    - W&#xD;&#xD;
2024-01-09 15:43:06.575+01:00 [     6] WARNING    - W&#xD;&#xD;
2024-01-09 15:43:06.575+01:00 [     6] WARNING    - W&#xD;&#xD;
2024-01-09 15:43:06.575+01:00 [     6] WARNING    - W&#xD;&#xD;
2024-01-09 15:43:06.575+01:00 [     6] WARNING    - W&#xD;&#xD;
2024-01-09 15:43:06.575+01:00 [     6] WARNING    - W&#xD;&#xD;
2024-01-09 15:43:06.575+01:00 [     6] WARNING    - W&#xD;&#xD;
2024-01-09 15:43:06.575+01:00 [     6] WARNING    - W&#xD;&#xD;
2024-01-09 15:43:06.575+01:00 [     6] WARNING    - W&#xD;&#xD;
2024-01-09 15:43:06.575+01:00 [     6] WARNING    - W&#xD;&#xD;
2024-01-09 15:43:06.575+01:00 [     6] WARNING    - W&#xD;&#xD;
2024-01-09 15:43:06.575+01:00 [     6] WARNING    - W&#xD;&#xD;
2024-01-09 15:43:06.575+01:00 [     6] WARNING    - W&#xD;&#xD;
2024-01-09 15:43:06.575+01:00 [     6] WARNING    - W&#xD;&#xD;
2024-01-09 15:43:06.575+01:00 [     6] WARNING    - W&#xD;&#xD;
2024-01-09 15:43:06.575+01:00 [     6] WARNING    - W&#xD;&#xD;
2024-01-09 15:43:06.575+01:00 [     6] WARNING    - W&#xD;&#xD;
2024-01-09 15:43:06.575+01:00 [     6] WARNING    - W&#xD;&#xD;
2024-01-09 15:43:06.575+01:00 [     6] WARNING    - W&#xD;&#xD;
2024-01-09 15:43:06.575+01:00 [     6] WARNING    - W&#xD;&#xD;
2024-01-09 15:43:06.575+01:00 [     6] WARNING    - W&#xD;&#xD;
2024-01-09 15:43:06.575+01:00 [     6] WARNING    - W&#xD;&#xD;
2024-01-09 15:43:06.575+01:00 [     6] WARNING    - W&#xD;&#xD;
2024-01-09 15:43:06.575+01:00 [     6] WARNING    - W&#xD;&#xD;
2024-01-09 15:43:06.575+01:00 [     6] WARNING    - W&#xD;&#xD;
2024-01-09 15:43:06.575+01:00 [     6] WARNING    - W&#xD;&#xD;
2024-01-09 15:43:06.575+01:00 [     6] WARNING    - W&#xD;&#xD;
2024-01-09 15:43:06.575+01:00 [     6] WARNING    - W&#xD;&#xD;
2024-01-09 15:43:06.575+01:00 [     6] WARNING    - W&#xD;&#xD;
2024-01-09 15:43:06.575+01:00 [     6] WARNING    - W&#xD;&#xD;
2024-01-09 15:43:06.575+01:00 [     6] WARNING    - W&#xD;&#xD;
2024-01-09 15:43:06.575+01:00 [     6] WARNING    - W&#xD;&#xD;
2024-01-09 15:43:06.575+01:00 [     6] WARNING    - W&#xD;&#xD;
2024-01-09 15:43:06.575+01:00 [     6] WARNING    - W&#xD;&#xD;
2024-01-09 15:43:06.575+01:00 [     6] WARNING    - W&#xD;&#xD;
2024-01-09 15:43:06.575+01:00 [     6] WARNING    - W&#xD;&#xD;
2024-01-09 15:43:06.575+01:00 [     6] WARNING    - W&#xD;&#xD;
2024-01-09 15:43:06.575+01:00 [     6] WARNING    - W&#xD;&#xD;
2024-01-09 15:43:06.575+01:00 [     6] WARNING    - W&#xD;&#xD;
2024-01-09 15:43:06.575+01:00 [     6] WARNING    - W&#xD;&#xD;
2024-01-09 15:43:06.575+01:00 [     6] WARNING    - W&#xD;&#xD;
2024-01-09 15:43:06.575+01:00 [     6] WARNING    - W&#xD;&#xD;
2024-01-09 15:43:06.575+01:00 [     6] WARNING    - W&#xD;&#xD;
2024-01-09 15:43:06.575+01:00 [     6] WARNING    - W&#xD;&#xD;
2024-01-09 15:43:06.575+01:00 [     6] WARNING    - W&#xD;&#xD;
2024-01-09 15:43:06.575+01:00 [     6] WARNING    - W&#xD;&#xD;
2024-01-09 15:43:06.575+01:00 [     6] WARNING    - W&#xD;&#xD;
2024-01-09 15:43:06.575+01:00 [     6] WARNING    - W&#xD;&#xD;
2024-01-09 15:43:06.575+01:00 [     6] WARNING    - W&#xD;&#xD;
2024-01-09 15:43:06.575+01:00 [     6] WARNING    - W&#xD;&#xD;
2024-01-09 15:43:06.575+01:00 [     6] WARNING    - W&#xD;&#xD;
2024-01-09 15:43:06.575+01:00 [     6] WARNING    - W&#xD;&#xD;
2024-01-09 15:43:06.575+01:00 [     6] WARNING    - W&#xD;&#xD;
2024-01-09 15:43:06.575+01:00 [     6] WARNING    - W&#xD;&#xD;
2024-01-09 15:43:06.575+01:00 [     6] WARNING    - W&#xD;&#xD;
2024-01-09 15:43:06.575+01:00 [     6] WARNING    - W&#xD;&#xD;
2024-01-09 15:43:06.575+01:00 [     6] WARNING    - W&#xD;&#xD;
2024-01-09 15:43:06.575+01:00 [     6] WARNING    - W&#xD;&#xD;
2024-01-09 15:43:06.575+01:00 [     6] WARNING    - W&#xD;&#xD;
2024-01-09 15:43:06.575+01:00 [     6] WARNING    - W&#xD;&#xD;
2024-01-09 15:43:06.575+01:00 [     6] WARNING    - W&#xD;&#xD;
2024-01-09 15:43:06.575+01:00 [     6] WARNING    - W&#xD;&#xD;
2024-01-09 15:43:06.575+01:00 [     6] WARNING    - W&#xD;&#xD;
2024-01-09 15:43:06.575+01:00 [     6] WARNING    - W&#xD;&#xD;
2024-01-09 15:43:06.575+01:00 [     6] WARNING    - W&#xD;&#xD;
2024-01-09 15:43:06.575+01:00 [     6] WARNING    - W&#xD;&#xD;
2024-01-09 15:43:06.575+01:00 [     6] WARNING    - W&#xD;&#xD;
2024-01-09 15:43:06.575+01:00 [     6] WARNING    - W&#xD;&#xD;
2024-01-09 15:43:06.575+01:00 [     6] WARNING    - W&#xD;&#xD;
2024-01-09 15:43:06.575+01:00 [     6] WARNING    - W&#xD;&#xD;
2024-01-09 15:43:06.575+01:00 [     6] WARNING    - W&#xD;&#xD;
2024-01-09 15:43:06.575+01:00 [     6] WARNING    - W&#xD;&#xD;
2024-01-09 15:43:06.575+01:00 [     6] WARNING    - W&#xD;&#xD;
2024-01-09 15:43:06.575+01:00 [     6] WARNING    - W&#xD;&#xD;
2024-01-09 15:43:06.575+01:00 [     6] WARNING    - W&#xD;&#xD;
2024-01-09 15:43:06.575+01:00 [     6] WARNING    - W&#xD;&#xD;
2024-01-09 15:43:06.575+01:00 [     6] WARNING    - W&#xD;&#xD;
2024-01-09 15:43:06.575+01:00 [     6] WARNING    - W&#xD;&#xD;
2024-01-09 15:43:06.575+01:00 [     6] WARNING    - W&#xD;&#xD;
2024-01-09 15:43:06.575+01:00 [     6] WARNING    - W&#xD;&#xD;
2024-01-09 15:43:06.575+01:00 [     6] WARNING    - W&#xD;&#xD;
2024-01-09 15:43:06.575+01:00 [     6] WARNING    - W&#xD;&#xD;
2024-01-09 15:43:06.575+01:00 [     6] WARNING    - W&#xD;&#xD;
2024-01-09 15:43:06.575+01:00 [     6] WARNING    - W&#xD;&#xD;
2024-01-09 15:43:06.575+01:00 [     6] WARNING    - W&#xD;&#xD;
2024-01-09 15:43:06.575+01:00 [     6] WARNING    - W&#xD;&#xD;
2024-01-09 15:43:06.575+01:00 [     6] WARNING    - W&#xD;&#xD;
2024-01-09 15:43:06.575+01:00 [     6] WARNING    - W&#xD;&#xD;
2024-01-09 15:43:06.575+01:00 [     6] WARNING    - W&#xD;&#xD;
2024-01-09 15:43:06.575+01:00 [     6] WARNING    - W&#xD;&#xD;
2024-01-09 15:43:06.575+01:00 [     6] WARNING    - W&#xD;&#xD;
2024-01-09 15:43:06.575+01:00 [     6] WARNING    - W&#xD;&#xD;
2024-01-09 15:43:06.575+01:00 [     6] WARNING    - W&#xD;&#xD;
2024-01-09 15:43:06.575+01:00 [     6] WARNING    - W&#xD;&#xD;
2024-01-09 15:43:06.575+01:00 [     6] WARNING    - W&#xD;&#xD;
2024-01-09 15:43:06.575+01:00 [     6] WARNING    - W&#xD;&#xD;
2024-01-09 15:43:06.575+01:00 [     6] WARNING    - W&#xD;&#xD;
2024-01-09 15:43:06.575+01:00 [     6] WARNING    - W&#xD;&#xD;
2024-01-09 15:43:06.575+01:00 [     6] WARNING    - W&#xD;&#xD;
2024-01-09 15:43:06.575+01:00 [     6] WARNING    - W&#xD;&#xD;
2024-01-09 15:43:06.575+01:00 [     6] WARNING    - W&#xD;&#xD;
2024-01-09 15:43:06.575+01:00 [     6] WARNING    - W&#xD;&#xD;
2024-01-09 15:43:06.575+01:00 [     6] WARNING    - W&#xD;&#xD;
2024-01-09 15:43:06.575+01:00 [     6] WARNING    - W&#xD;&#xD;
2024-01-09 15:43:06.575+01:00 [     6] WARNING    - W&#xD;&#xD;
2024-01-09 15:43:06.575+01:00 [     6] WARNING    - W&#xD;&#xD;
2024-01-09 15:43:06.575+01:00 [     6] WARNING    - W&#xD;&#xD;
2024-01-09 15:43:06.575+01:00 [     6] WARNING    - W&#xD;&#xD;
2024-01-09 15:43:06.575+01:00 [     6] WARNING    - W&#xD;&#xD;
2024-01-09 15:43:06.575+01:00 [     6] WARNING    - W&#xD;&#xD;
2024-01-09 15:43:06.575+01:00 [     6] WARNING    - W&#xD;&#xD;
2024-01-09 15:43:06.575+01:00 [     6] WARNING    - W&#xD;&#xD;
2024-01-09 15:43:06.575+01:00 [     6] WARNING    - W&#xD;&#xD;
2024-01-09 15:43:06.575+01:00 [     6] WARNING    - W&#xD;&#xD;
2024-01-09 15:43:06.575+01:00 [     6] WARNING    - W&#xD;&#xD;
2024-01-09 15:43:06.575+01:00 [     6] WARNING    - W&#xD;&#xD;
2024-01-09 15:43:06.575+01:00 [     6] WARNING    - W&#xD;&#xD;
2024-01-09 15:43:06.575+01:00 [     6] WARNING    - W&#xD;&#xD;
2024-01-09 15:43:06.575+01:00 [     6] WARNING    - W&#xD;&#xD;
2024-01-09 15:43:06.575+01:00 [     6] WARNING    - W&#xD;&#xD;
2024-01-09 15:43:06.575+01:00 [     6] WARNING    - W&#xD;&#xD;
2024-01-09 15:43:06.575+01:00 [     6] WARNING    - W&#xD;&#xD;
2024-01-09 15:43:06.575+01:00 [     6] WARNING    - W&#xD;&#xD;
2024-01-09 15:43:06.575+01:00 [     6] WARNING    - W&#xD;&#xD;
2024-01-09 15:43:06.575+01:00 [     6] WARNING    - W&#xD;&#xD;
2024-01-09 15:43:06.575+01:00 [     6] WARNING    - W&#xD;&#xD;
2024-01-09 15:43:06.575+01:00 [     6] WARNING    - W&#xD;&#xD;
2024-01-09 15:43:06.575+01:00 [     6] WARNING    - W&#xD;&#xD;
2024-01-09 15:43:06.575+01:00 [     6] WARNING    - W&#xD;&#xD;
2024-01-09 15:43:06.575+01:00 [     6] WARNING    - W&#xD;&#xD;
2024-01-09 15:43:06.575+01:00 [     6] WARNING    - W&#xD;&#xD;
2024-01-09 15:43:06.575+01:00 [     6] WARNING    - W&#xD;&#xD;
2024-01-09 15:43:06.575+01:00 [     6] WARNING    - W&#xD;&#xD;
2024-01-09 15:43:06.575+01:00 [     6] WARNING    - W&#xD;&#xD;
2024-01-09 15:43:06.575+01:00 [     6] WARNING    - W&#xD;&#xD;
2024-01-09 15:43:06.575+01:00 [     6] WARNING    - W&#xD;&#xD;
2024-01-09 15:43:06.575+01:00 [     6] WARNING    - W&#xD;&#xD;
2024-01-09 15:43:06.575+01:00 [     6] WARNING    - W&#xD;&#xD;
2024-01-09 15:43:06.575+01:00 [     6] WARNING    - W&#xD;&#xD;
2024-01-09 15:43:06.575+01:00 [     6] WARNING    - W&#xD;&#xD;
2024-01-09 15:43:06.575+01:00 [     6] WARNING    - W&#xD;&#xD;
2024-01-09 15:43:06.575+01:00 [     6] WARNING    - W&#xD;&#xD;
2024-01-09 15:43:06.575+01:00 [     6] WARNING    - W&#xD;&#xD;
2024-01-09 15:43:06.575+01:00 [     6] WARNING    - W&#xD;&#xD;
2024-01-09 15:43:06.575+01:00 [     6] WARNING    - W&#xD;&#xD;
2024-01-09 15:43:06.575+01:00 [     6] WARNING    - W&#xD;&#xD;
2024-01-09 15:43:06.575+01:00 [     6] WARNING    - W&#xD;&#xD;
2024-01-09 15:43:06.575+01:00 [     6] WARNING    - W&#xD;&#xD;
2024-01-09 15:43:06.575+01:00 [     6] WARNING    - W&#xD;&#xD;
2024-01-09 15:43:06.575+01:00 [     6] WARNING    - W&#xD;&#xD;
2024-01-09 15:43:06.575+01:00 [     6] WARNING    - W&#xD;&#xD;
2024-01-09 15:43:06.575+01:00 [     6] WARNING    - W&#xD;&#xD;
2024-01-09 15:43:06.575+01:00 [     6] WARNING    - W&#xD;&#xD;
2024-01-09 15:43:06.575+01:00 [     6] WARNING    - W&#xD;&#xD;
2024-01-09 15:43:06.575+01:00 [     6] WARNING    - W&#xD;&#xD;
2024-01-09 15:43:06.575+01:00 [     6] WARNING    - W&#xD;&#xD;
2024-01-09 15:43:06.575+01:00 [     6] WARNING    - W&#xD;&#xD;
2024-01-09 15:43:06.575+01:00 [     6] WARNING    - W&#xD;&#xD;
2024-01-09 15:43:06.575+01:00 [     6] WARNING    - W&#xD;&#xD;
2024-01-09 15:43:06.575+01:00 [     6] WARNING    - W&#xD;&#xD;
2024-01-09 15:43:06.575+01:00 [     6] WARNING    - W&#xD;&#xD;
2024-01-09 15:43:06.575+01:00 [     6] WARNING    - W&#xD;&#xD;
2024-01-09 15:43:06.575+01:00 [     6] WARNING    - W&#xD;&#xD;
2024-01-09 15:43:06.575+01:00 [     6] WARNING    - W&#xD;&#xD;
2024-01-09 15:43:06.575+01:00 [     6] WARNING    - W&#xD;&#xD;
2024-01-09 15:43:06.575+01:00 [     6] WARNING    - W&#xD;&#xD;
2024-01-09 15:43:06.575+01:00 [     6] WARNING    - W&#xD;&#xD;
2024-01-09 15:43:06.575+01:00 [     6] WARNING    - W&#xD;&#xD;
2024-01-09 15:43:06.575+01:00 [     6] WARNING    - W&#xD;&#xD;
2024-01-09 15:43:06.575+01:00 [     6] WARNING    - W&#xD;&#xD;
2024-01-09 15:43:06.575+01:00 [     6] WARNING    - W&#xD;&#xD;
2024-01-09 15:43:06.575+01:00 [     6] WARNING    - W&#xD;&#xD;
2024-01-09 15:43:06.575+01:00 [     6] WARNING    - W&#xD;&#xD;
2024-01-09 15:43:06.575+01:00 [     6] WARNING    - W&#xD;&#xD;
2024-01-09 15:43:06.575+01:00 [     6] WARNING    - W&#xD;&#xD;
2024-01-09 15:43:06.575+01:00 [     6] WARNING    - W&#xD;&#xD;
2024-01-09 15:43:06.575+01:00 [     6] WARNING    - W&#xD;&#xD;
2024-01-09 15:43:06.575+01:00 [     6] WARNING    - W&#xD;&#xD;
2024-01-09 15:43:06.575+01:00 [     6] WARNING    - W&#xD;&#xD;
2024-01-09 15:43:06.575+01:00 [     6] WARNING    - W&#xD;&#xD;
2024-01-09 15:43:06.575+01:00 [     6] WARNING    - W&#xD;&#xD;
2024-01-09 15:43:06.575+01:00 [     6] WARNING    - W&#xD;&#xD;
2024-01-09 15:43:06.575+01:00 [     6] WARNING    - W&#xD;&#xD;
2024-01-09 15:43:06.575+01:00 [     6] WARNING    - W&#xD;&#xD;
2024-01-09 15:43:06.575+01:00 [     6] WARNING    - W&#xD;&#xD;
2024-01-09 15:43:06.575+01:00 [     6] WARNING    - W&#xD;&#xD;
2024-01-09 15:43:06.575+01:00 [     6] WARNING    - W&#xD;&#xD;
2024-01-09 15:43:06.575+01:00 [     6] WARNING    - W&#xD;&#xD;
2024-01-09 15:43:06.575+01:00 [     6] WARNING    - W&#xD;&#xD;
2024-01-09 15:43:06.575+01:00 [     6] WARNING    - W&#xD;&#xD;
2024-01-09 15:43:06.575+01:00 [     6] WARNING    - W&#xD;&#xD;
2024-01-09 15:43:06.575+01:00 [     6] WARNING    - W&#xD;&#xD;
2024-01-09 15:43:06.575+01:00 [     6] WARNING    - W&#xD;&#xD;
2024-01-09 15:43:06.575+01:00 [     6] WARNING    - W&#xD;&#xD;
2024-01-09 15:43:06.575+01:00 [     6] WARNING    - W&#xD;&#xD;
2024-01-09 15:43:06.575+01:00 [     6] WARNING    - W&#xD;&#xD;
2024-01-09 15:43:06.575+01:00 [     6] WARNING    - W&#xD;&#xD;
2024-01-09 15:43:06.575+01:00 [     6] WARNING    - W&#xD;&#xD;
2024-01-09 15:43:06.575+01:00 [     6] WARNING    - W&#xD;&#xD;
2024-01-09 15:43:06.575+01:00 [     6] WARNING    - W&#xD;&#xD;
2024-01-09 15:43:06.575+01:00 [     6] WARNING    - W&#xD;&#xD;
2024-01-09 15:43:06.575+01:00 [     6] WARNING    - W&#xD;&#xD;
2024-01-09 15:43:06.575+01:00 [     6] WARNING    - W&#xD;&#xD;
2024-01-09 15:43:06.575+01:00 [     6] WARNING    - W&#xD;&#xD;
2024-01-09 15:43:06.575+01:00 [     6] WARNING    - W&#xD;&#xD;
2024-01-09 15:43:06.575+01:00 [     6] WARNING    - W&#xD;&#xD;
2024-01-09 15:43:06.575+01:00 [     6] WARNING    - W&#xD;&#xD;
2024-01-09 15:43:06.575+01:00 [     6] WARNING    - W&#xD;&#xD;
2024-01-09 15:43:06.575+01:00 [     6] WARNING    - W&#xD;&#xD;
2024-01-09 15:43:06.575+01:00 [     6] WARNING    - W&#xD;&#xD;
2024-01-09 15:43:06.575+01:00 [     6] WARNING    - W&#xD;&#xD;
2024-01-09 15:43:06.575+01:00 [     6] WARNING    - W&#xD;&#xD;
2024-01-09 15:43:06.575+01:00 [     6] WARNING    - W&#xD;&#xD;
2024-01-09 15:43:06.575+01:00 [     6] WARNING    - W&#xD;&#xD;
2024-01-09 15:43:06.575+01:00 [     6] WARNING    - W&#xD;&#xD;
2024-01-09 15:43:06.575+01:00 [     6] WARNING    - W&#xD;&#xD;
2024-01-09 15:43:06.575+01:00 [     6] WARNING    - W&#xD;&#xD;
2024-01-09 15:43:06.575+01:00 [     6] WARNING    - W&#xD;&#xD;
2024-01-09 15:43:06.575+01:00 [     6] WARNING    - W&#xD;&#xD;
2024-01-09 15:43:06.575+01:00 [     6] WARNING    - W&#xD;&#xD;
2024-01-09 15:43:06.575+01:00 [     6] WARNING    - W&#xD;&#xD;
2024-01-09 15:43:06.575+01:00 [     6] WARNING    - W&#xD;&#xD;
2024-01-09 15:43:06.575+01:00 [     6] WARNING    - W&#xD;&#xD;
2024-01-09 15:43:06.575+01:00 [     6] WARNING    - W&#xD;&#xD;
2024-01-09 15:43:06.575+01:00 [     6] WARNING    - W&#xD;&#xD;
2024-01-09 15:43:06.575+01:00 [     6] WARNING    - W&#xD;&#xD;
2024-01-09 15:43:06.575+01:00 [     6] WARNING    - W&#xD;&#xD;
2024-01-09 15:43:06.575+01:00 [     6] WARNING    - W&#xD;&#xD;
2024-01-09 15:43:06.575+01:00 [     6] WARNING    - W&#xD;&#xD;
2024-01-09 15:43:06.575+01:00 [     6] WARNING    - W&#xD;&#xD;
2024-01-09 15:43:06.575+01:00 [     6] WARNING    - W&#xD;&#xD;
2024-01-09 15:43:06.575+01:00 [     6] WARNING    - W&#xD;&#xD;
2024-01-09 15:43:06.575+01:00 [     6] WARNING    - W&#xD;&#xD;
2024-01-09 15:43:06.575+01:00 [     6] WARNING    - W&#xD;&#xD;
2024-01-09 15:43:06.575+01:00 [     6] WARNING    - W&#xD;&#xD;
2024-01-09 15:43:06.575+01:00 [     6] WARNING    - W&#xD;&#xD;
2024-01-09 15:43:06.575+01:00 [     6] WARNING    - W&#xD;&#xD;
2024-01-09 15:43:06.575+01:00 [     6] WARNING    - W&#xD;&#xD;
2024-01-09 15:43:06.575+01:00 [     6] WARNING    - W&#xD;&#xD;
2024-01-09 15:43:06.575+01:00 [     6] WARNING    - W&#xD;&#xD;
2024-01-09 15:43:06.575+01:00 [     6] WARNING    - W&#xD;&#xD;
2024-01-09 15:43:06.575+01:00 [     6] WARNING    - W&#xD;&#xD;
2024-01-09 15:43:06.575+01:00 [     6] WARNING    - W&#xD;&#xD;
2024-01-09 15:43:06.575+01:00 [     6] WARNING    - W&#xD;&#xD;
2024-01-09 15:43:06.575+01:00 [     6] WARNING    - W&#xD;&#xD;
2024-01-09 15:43:06.575+01:00 [     6] WARNING    - W&#xD;&#xD;
2024-01-09 15:43:06.575+01:00 [     6] WARNING    - W&#xD;&#xD;
2024-01-09 15:43:06.575+01:00 [     6] WARNING    - W&#xD;&#xD;
2024-01-09 15:43:06.575+01:00 [     6] WARNING    - W&#xD;&#xD;
2024-01-09 15:43:06.575+01:00 [     6] WARNING    - W&#xD;&#xD;
2024-01-09 15:43:06.575+01:00 [     6] WARNING    - W&#xD;&#xD;
2024-01-09 15:43:06.575+01:00 [     6] WARNING    - W&#xD;&#xD;
2024-01-09 15:43:06.575+01:00 [     6] WARNING    - W&#xD;&#xD;
2024-01-09 15:43:06.575+01:00 [     6] WARNING    - W&#xD;&#xD;
2024-01-09 15:43:06.575+01:00 [     6] WARNING    - W&#xD;&#xD;
2024-01-09 15:43:06.575+01:00 [     6] WARNING    - W&#xD;&#xD;
2024-01-09 15:43:06.575+01:00 [     6] WARNING    - W&#xD;&#xD;
2024-01-09 15:43:06.575+01:00 [     6] WARNING    - W&#xD;&#xD;
2024-01-09 15:43:06.575+01:00 [     6] WARNING    - W&#xD;&#xD;
2024-01-09 15:43:06.575+01:00 [     6] WARNING    - W&#xD;&#xD;
2024-01-09 15:43:06.575+01:00 [     6] WARNING    - W&#xD;&#xD;
2024-01-09 15:43:06.575+01:00 [     6] WARNING    - W&#xD;&#xD;
2024-01-09 15:43:06.575+01:00 [     6] WARNING    - W&#xD;&#xD;
2024-01-09 15:43:06.575+01:00 [     6] WARNING    - W&#xD;&#xD;
2024-01-09 15:43:06.575+01:00 [     6] WARNING    - W&#xD;&#xD;
2024-01-09 15:43:06.575+01:00 [     6] WARNING    - W&#xD;&#xD;
2024-01-09 15:43:06.575+01:00 [     6] WARNING    - W&#xD;&#xD;
2024-01-09 15:43:06.575+01:00 [     6] WARNING    - W&#xD;&#xD;
2024-01-09 15:43:06.575+01:00 [     6] WARNING    - W&#xD;&#xD;
2024-01-09 15:43:06.575+01:00 [     6] WARNING    - W&#xD;&#xD;
2024-01-09 15:43:06.575+01:00 [     6] WARNING    - W&#xD;&#xD;
2024-01-09 15:43:06.575+01:00 [     6] WARNING    - W&#xD;&#xD;
2024-01-09 15:43:06.575+01:00 [     6] WARNING    - W&#xD;&#xD;
2024-01-09 15:43:06.575+01:00 [     6] WARNING    - W&#xD;&#xD;
2024-01-09 15:43:06.575+01:00 [     6] WARNING    - W&#xD;&#xD;
2024-01-09 15:43:06.575+01:00 [     6] WARNING    - W&#xD;&#xD;
2024-01-09 15:43:06.575+01:00 [     6] WARNING    - W&#xD;&#xD;
2024-01-09 15:43:06.575+01:00 [     6] WARNING    - W&#xD;&#xD;
2024-01-09 15:43:06.575+01:00 [     6] WARNING    - W&#xD;&#xD;
2024-01-09 15:43:06.575+01:00 [     6] WARNING    - W&#xD;&#xD;
2024-01-09 15:43:06.575+01:00 [     6] WARNING    - W&#xD;&#xD;
2024-01-09 15:43:06.575+01:00 [     6] WARNING    - W&#xD;&#xD;
2024-01-09 15:43:06.575+01:00 [     6] WARNING    - W&#xD;&#xD;
2024-01-09 15:43:06.575+01:00 [     6] WARNING    - W&#xD;&#xD;
2024-01-09 15:43:06.575+01:00 [     6] WARNING    - W&#xD;&#xD;
2024-01-09 15:43:06.575+01:00 [     6] WARNING    - W&#xD;&#xD;
2024-01-09 15:43:06.575+01:00 [     6] WARNING    - W&#xD;&#xD;
2024-01-09 15:43:06.575+01:00 [     6] WARNING    - W&#xD;&#xD;
2024-01-09 15:43:06.575+01:00 [     6] WARNING    - W&#xD;&#xD;
2024-01-09 15:43:06.575+01:00 [     6] WARNING    - W&#xD;&#xD;
2024-01-09 15:43:06.575+01:00 [     6] WARNING    - W&#xD;&#xD;
2024-01-09 15:43:06.575+01:00 [     6] WARNING    - W&#xD;&#xD;
2024-01-09 15:43:06.575+01:00 [     6] WARNING    - W&#xD;&#xD;
2024-01-09 15:43:06.575+01:00 [     6] WARNING    - W&#xD;&#xD;
2024-01-09 15:43:06.575+01:00 [     6] WARNING    - W&#xD;&#xD;
2024-01-09 15:43:06.575+01:00 [     6] WARNING    - W&#xD;&#xD;
2024-01-09 15:43:06.575+01:00 [     6] WARNING    - W&#xD;&#xD;
2024-01-09 15:43:06.575+01:00 [     6] WARNING    - W&#xD;&#xD;
2024-01-09 15:43:06.575+01:00 [     6] WARNING    - W&#xD;&#xD;
2024-01-09 15:43:06.575+01:00 [     6] WARNING    - W&#xD;&#xD;
2024-01-09 15:43:06.575+01:00 [     6] WARNING    - W&#xD;&#xD;
2024-01-09 15:43:06.575+01:00 [     6] WARNING    - W&#xD;&#xD;
2024-01-09 15:43:06.575+01:00 [     6] WARNING    - W&#xD;&#xD;
2024-01-09 15:43:06.575+01:00 [     6] WARNING    - W&#xD;&#xD;
2024-01-09 15:43:06.575+01:00 [     6] WARNING    - W&#xD;&#xD;
2024-01-09 15:43:06.575+01:00 [     6] WARNING    - W&#xD;&#xD;
2024-01-09 15:43:06.575+01:00 [     6] WARNING    - W&#xD;&#xD;
2024-01-09 15:43:06.575+01:00 [     6] WARNING    - W&#xD;&#xD;
2024-01-09 15:43:06.575+01:00 [     6] WARNING    - W&#xD;&#xD;
2024-01-09 15:43:06.575+01:00 [     6] WARNING    - W&#xD;&#xD;
2024-01-09 15:43:06.575+01:00 [     6] WARNING    - W&#xD;&#xD;
2024-01-09 15:43:06.575+01:00 [     6] WARNING    - W&#xD;&#xD;
2024-01-09 15:43:06.575+01:00 [     6] WARNING    - W&#xD;&#xD;
2024-01-09 15:43:06.575+01:00 [     6] WARNING    - W&#xD;&#xD;
2024-01-09 15:43:06.575+01:00 [     6] WARNING    - W&#xD;&#xD;
2024-01-09 15:43:06.575+01:00 [     6] WARNING    - W&#xD;&#xD;
2024-01-09 15:43:06.575+01:00 [     6] WARNING    - W&#xD;&#xD;
2024-01-09 15:43:06.575+01:00 [     6] WARNING    - W&#xD;&#xD;
2024-01-09 15:43:06.575+01:00 [     6] WARNING    - W&#xD;&#xD;
2024-01-09 15:43:06.575+01:00 [     6] WARNING    - W&#xD;&#xD;
2024-01-09 15:43:06.575+01:00 [     6] WARNING    - W&#xD;&#xD;
2024-01-09 15:43:06.575+01:00 [     6] WARNING    - W&#xD;&#xD;
2024-01-09 15:43:06.575+01:00 [     6] WARNING    - W&#xD;&#xD;
2024-01-09 15:43:06.575+01:00 [     6] WARNING    - W&#xD;&#xD;
2024-01-09 15:43:06.575+01:00 [     6] WARNING    - W&#xD;&#xD;
2024-01-09 15:43:06.575+01:00 [     6] WARNING    - W&#xD;&#xD;
2024-01-09 15:43:06.575+01:00 [     6] WARNING    - W&#xD;&#xD;
2024-01-09 15:43:06.575+01:00 [     6] WARNING    - W&#xD;&#xD;
2024-01-09 15:43:06.575+01:00 [     6] WARNING    - W&#xD;&#xD;
2024-01-09 15:43:06.575+01:00 [     6] WARNING    - W&#xD;&#xD;
2024-01-09 15:43:06.575+01:00 [     6] WARNING    - W&#xD;&#xD;
2024-01-09 15:43:06.575+01:00 [     6] WARNING    - W&#xD;&#xD;
2024-01-09 15:43:06.575+01:00 [     6] WARNING    - W&#xD;&#xD;
2024-01-09 15:43:06.575+01:00 [     6] WARNING    - W&#xD;&#xD;
2024-01-09 15:43:06.575+01:00 [     6] WARNING    - W&#xD;&#xD;
2024-01-09 15:43:06.575+01:00 [     6] WARNING    - W&#xD;&#xD;
2024-01-09 15:43:06.575+01:00 [     6] WARNING    - W&#xD;&#xD;
2024-01-09 15:43:06.575+01:00 [     6] WARNING    - W&#xD;&#xD;
2024-01-09 15:43:06.575+01:00 [     6] WARNING    - W&#xD;&#xD;
2024-01-09 15:43:06.575+01:00 [     6] WARNING    - W&#xD;&#xD;
2024-01-09 15:43:06.575+01:00 [     6] WARNING    - W&#xD;&#xD;
2024-01-09 15:43:06.575+01:00 [     6] WARNING    - W&#xD;&#xD;
2024-01-09 15:43:06.575+01:00 [     6] WARNING    - W&#xD;&#xD;
2024-01-09 15:43:06.575+01:00 [     6] WARNING    - W&#xD;&#xD;
2024-01-09 15:43:06.575+01:00 [     6] WARNING    - W&#xD;&#xD;
2024-01-09 15:43:06.575+01:00 [     6] WARNING    - W&#xD;&#xD;
2024-01-09 15:43:06.575+01:00 [     6] WARNING    - W&#xD;&#xD;
2024-01-09 15:43:06.575+01:00 [     6] WARNING    - W&#xD;&#xD;
2024-01-09 15:43:06.575+01:00 [     6] WARNING    - W&#xD;&#xD;
2024-01-09 15:43:06.575+01:00 [     6] WARNING    - W&#xD;&#xD;
2024-01-09 15:43:06.575+01:00 [     6] WARNING    - W&#xD;&#xD;
2024-01-09 15:43:06.575+01:00 [     6] WARNING    - W&#xD;&#xD;
2024-01-09 15:43:06.575+01:00 [     6] WARNING    - W&#xD;&#xD;
2024-01-09 15:43:06.575+01:00 [     6] WARNING    - W&#xD;&#xD;
2024-01-09 15:43:06.575+01:00 [     6] WARNING    - W&#xD;&#xD;
2024-01-09 15:43:06.575+01:00 [     6] WARNING    - W&#xD;&#xD;
2024-01-09 15:43:06.575+01:00 [     6] WARNING    - W&#xD;&#xD;
2024-01-09 15:43:06.575+01:00 [     6] WARNING    - W&#xD;&#xD;
2024-01-09 15:43:06.575+01:00 [     6] WARNING    - W&#xD;&#xD;
2024-01-09 15:43:06.575+01:00 [     6] WARNING    - W&#xD;&#xD;
2024-01-09 15:43:06.575+01:00 [     6] WARNING    - W&#xD;&#xD;
2024-01-09 15:43:06.575+01:00 [     6] WARNING    - W&#xD;&#xD;
2024-01-09 15:43:06.575+01:00 [     6] WARNING    - W&#xD;&#xD;
2024-01-09 15:43:06.575+01:00 [     6] WARNING    - W&#xD;&#xD;
2024-01-09 15:43:06.575+01:00 [     6] WARNING    - W&#xD;&#xD;
2024-01-09 15:43:06.575+01:00 [     6] WARNING    - W&#xD;&#xD;
2024-01-09 15:43:06.575+01:00 [     6] WARNING    - W&#xD;&#xD;
2024-01-09 15:43:06.575+01:00 [     6] WARNING    - W&#xD;&#xD;
2024-01-09 15:43:06.575+01:00 [     6] WARNING    - W&#xD;&#xD;
2024-01-09 15:43:06.575+01:00 [     6] WARNING    - W&#xD;&#xD;
2024-01-09 15:43:06.575+01:00 [     6] WARNING    - W&#xD;&#xD;
2024-01-09 15:43:06.575+01:00 [     6] WARNING    - W&#xD;&#xD;
2024-01-09 15:43:06.575+01:00 [     6] WARNING    - W&#xD;&#xD;
2024-01-09 15:43:06.575+01:00 [     6] WARNING    - W&#xD;&#xD;
2024-01-09 15:43:06.575+01:00 [     6] WARNING    - W&#xD;&#xD;
2024-01-09 15:43:06.575+01:00 [     6] WARNING    - W&#xD;&#xD;
2024-01-09 15:43:06.575+01:00 [     6] WARNING    - W&#xD;&#xD;
2024-01-09 15:43:06.575+01:00 [     6] WARNING    - W&#xD;&#xD;
2024-01-09 15:43:06.575+01:00 [     6] WARNING    - W&#xD;&#xD;
2024-01-09 15:43:06.575+01:00 [     6] WARNING    - W&#xD;&#xD;
2024-01-09 15:43:06.575+01:00 [     6] WARNING    - W&#xD;&#xD;
2024-01-09 15:43:06.575+01:00 [     6] WARNING    - W&#xD;&#xD;
2024-01-09 15:43:06.575+01:00 [     6] WARNING    - W&#xD;&#xD;
2024-01-09 15:43:06.575+01:00 [     6] WARNING    - W&#xD;&#xD;
2024-01-09 15:43:06.575+01:00 [     6] WARNING    - W&#xD;&#xD;
2024-01-09 15:43:06.575+01:00 [     6] WARNING    - W&#xD;&#xD;
2024-01-09 15:43:06.575+01:00 [     6] WARNING    - W&#xD;&#xD;
2024-01-09 15:43:06.575+01:00 [     6] WARNING    - W&#xD;&#xD;
2024-01-09 15:43:06.575+01:00 [     6] WARNING    - W&#xD;&#xD;
2024-01-09 15:43:06.575+01:00 [     6] WARNING    - W&#xD;&#xD;
2024-01-09 15:43:06.575+01:00 [     6] WARNING    - W&#xD;&#xD;
2024-01-09 15:43:06.575+01:00 [     6] WARNING    - W&#xD;&#xD;
2024-01-09 15:43:06.575+01:00 [     6] WARNING    - W&#xD;&#xD;
2024-01-09 15:43:06.575+01:00 [     6] WARNING    - W&#xD;&#xD;
2024-01-09 15:43:06.575+01:00 [     6] WARNING    - W&#xD;&#xD;
2024-01-09 15:43:06.575+01:00 [     6] WARNING    - W&#xD;&#xD;
2024-01-09 15:43:06.575+01:00 [     6] WARNING    - W&#xD;&#xD;
2024-01-09 15:43:06.575+01:00 [     6] WARNING    - W&#xD;&#xD;
2024-01-09 15:43:06.575+01:00 [     6] WARNING    - W&#xD;&#xD;
2024-01-09 15:43:06.575+01:00 [     6] WARNING    - W&#xD;&#xD;
2024-01-09 15:43:06.575+01:00 [     6] WARNING    - W&#xD;&#xD;
2024-01-09 15:43:06.575+01:00 [     6] WARNING    - W&#xD;&#xD;
2024-01-09 15:43:06.575+01:00 [     6] WARNING    - W&#xD;&#xD;
2024-01-09 15:43:06.575+01:00 [     6] WARNING    - W&#xD;&#xD;
2024-01-09 15:43:06.575+01:00 [     6] WARNING    - W&#xD;&#xD;
2024-01-09 15:43:06.575+01:00 [     6] WARNING    - W&#xD;&#xD;
2024-01-09 15:43:06.575+01:00 [     6] WARNING    - W&#xD;&#xD;
2024-01-09 15:43:06.575+01:00 [     6] WARNING    - W&#xD;&#xD;
2024-01-09 15:43:06.575+01:00 [     6] WARNING    - W&#xD;&#xD;
2024-01-09 15:43:06.575+01:00 [     6] WARNING    - W&#xD;&#xD;
2024-01-09 15:43:06.575+01:00 [     6] WARNING    - W&#xD;&#xD;
2024-01-09 15:43:06.575+01:00 [     6] WARNING    - W&#xD;&#xD;
2024-01-09 15:43:06.575+01:00 [     6] WARNING    - W&#xD;&#xD;
2024-01-09 15:43:06.575+01:00 [     6] WARNING    - W&#xD;&#xD;
2024-01-09 15:43:06.575+01:00 [     6] WARNING    - W&#xD;&#xD;
2024-01-09 15:43:06.575+01:00 [     6] WARNING    - W&#xD;&#xD;
2024-01-09 15:43:06.575+01:00 [     6] WARNING    - W&#xD;&#xD;
2024-01-09 15:43:06.575+01:00 [     6] WARNING    - W&#xD;&#xD;
2024-01-09 15:43:06.575+01:00 [     6] WARNING    - W&#xD;&#xD;
2024-01-09 15:43:06.575+01:00 [     6] WARNING    - W&#xD;&#xD;
2024-01-09 15:43:06.575+01:00 [     6] WARNING    - W&#xD;&#xD;
2024-01-09 15:43:06.575+01:00 [     6] WARNING    - W&#xD;&#xD;
2024-01-09 15:43:06.575+01:00 [     6] WARNING    - W&#xD;&#xD;
2024-01-09 15:43:06.575+01:00 [     6] WARNING    - W&#xD;&#xD;
2024-01-09 15:43:06.575+01:00 [     6] WARNING    - W&#xD;&#xD;
2024-01-09 15:43:06.575+01:00 [     6] WARNING    - W&#xD;&#xD;
2024-01-09 15:43:06.575+01:00 [     6] WARNING    - W&#xD;&#xD;
2024-01-09 15:43:06.575+01:00 [     6] WARNING    - W&#xD;&#xD;
2024-01-09 15:43:06.575+01:00 [     6] WARNING    - W&#xD;&#xD;
2024-01-09 15:43:06.575+01:00 [     6] WARNING    - W&#xD;&#xD;
2024-01-09 15:43:06.575+01:00 [     6] WARNING    - W&#xD;&#xD;
2024-01-09 15:43:06.575+01:00 [     6] WARNING    - W&#xD;&#xD;
2024-01-09 15:43:06.575+01:00 [     6] WARNING    - W&#xD;&#xD;
2024-01-09 15:43:06.575+01:00 [     6] WARNING    - W&#xD;&#xD;
2024-01-09 15:43:06.575+01:00 [     6] WARNING    - W&#xD;&#xD;
2024-01-09 15:43:06.575+01:00 [     6] WARNING    - W&#xD;&#xD;
2024-01-09 15:43:06.575+01:00 [     6] WARNING    - W&#xD;&#xD;
2024-01-09 15:43:06.575+01:00 [     6] WARNING    - W&#xD;&#xD;
2024-01-09 15:43:06.575+01:00 [     6] WARNING    - W&#xD;&#xD;
2024-01-09 15:43:06.575+01:00 [     6] WARNING    - W&#xD;&#xD;
2024-01-09 15:43:06.575+01:00 [     6] WARNING    - W&#xD;&#xD;
2024-01-09 15:43:06.575+01:00 [     6] WARNING    - W&#xD;&#xD;
2024-01-09 15:43:06.575+01:00 [     6] WARNING    - W&#xD;&#xD;
2024-01-09 15:43:06.575+01:00 [     6] WARNING    - W&#xD;&#xD;
2024-01-09 15:43:06.575+01:00 [     6] WARNING    - W&#xD;&#xD;
2024-01-09 15:43:06.575+01:00 [     6] WARNING    - W&#xD;&#xD;
2024-01-09 15:43:06.575+01:00 [     6] WARNING    - W&#xD;&#xD;
2024-01-09 15:43:06.575+01:00 [     6] WARNING    - W&#xD;&#xD;
2024-01-09 15:43:06.575+01:00 [     6] WARNING    - W&#xD;&#xD;
2024-01-09 15:43:06.575+01:00 [     6] WARNING    - W&#xD;&#xD;
2024-01-09 15:43:06.575+01:00 [     6] WARNING    - W&#xD;&#xD;
2024-01-09 15:43:06.575+01:00 [     6] WARNING    - W&#xD;&#xD;
2024-01-09 15:43:06.575+01:00 [     6] WARNING    - W&#xD;&#xD;
2024-01-09 15:43:06.575+01:00 [     6] WARNING    - W&#xD;&#xD;
2024-01-09 15:43:06.575+01:00 [     6] WARNING    - W&#xD;&#xD;
2024-01-09 15:43:06.575+01:00 [     6] WARNING    - W&#xD;&#xD;
2024-01-09 15:43:06.575+01:00 [     6] WARNING    - W&#xD;&#xD;
2024-01-09 15:43:06.575+01:00 [     6] WARNING    - W&#xD;&#xD;
2024-01-09 15:43:06.575+01:00 [     6] WARNING    - W&#xD;&#xD;
2024-01-09 15:43:06.575+01:00 [     6] WARNING    - W&#xD;&#xD;
2024-01-09 15:43:06.575+01:00 [     6] WARNING    - W&#xD;&#xD;
2024-01-09 15:43:06.575+01:00 [     6] WARNING    - W&#xD;&#xD;
2024-01-09 15:43:06.575+01:00 [     6] WARNING    - W&#xD;&#xD;
2024-01-09 15:43:06.575+01:00 [     6] WARNING    - W&#xD;&#xD;
2024-01-09 15:43:06.575+01:00 [     6] WARNING    - W&#xD;&#xD;
2024-01-09 15:43:06.575+01:00 [     6] WARNING    - W&#xD;&#xD;
2024-01-09 15:43:06.575+01:00 [     6] WARNING    - W&#xD;&#xD;
2024-01-09 15:43:06.575+01:00 [     6] WARNING    - W&#xD;&#xD;
2024-01-09 15:43:06.575+01:00 [     6] WARNING    - W&#xD;&#xD;
2024-01-09 15:43:06.575+01:00 [     6] WARNING    - W&#xD;&#xD;
2024-01-09 15:43:06.575+01:00 [     6] WARNING    - W&#xD;&#xD;
2024-01-09 15:43:06.575+01:00 [     6] WARNING    - W&#xD;&#xD;
2024-01-09 15:43:06.575+01:00 [     6] WARNING    - W&#xD;&#xD;
2024-01-09 15:43:06.575+01:00 [     6] WARNING    - W&#xD;&#xD;
2024-01-09 15:43:06.575+01:00 [     6] WARNING    - W&#xD;&#xD;
2024-01-09 15:43:06.575+01:00 [     6] WARNING    - W&#xD;&#xD;
2024-01-09 15:43:06.575+01:00 [     6] WARNING    - W&#xD;&#xD;
2024-01-09 15:43:06.575+01:00 [     6] WARNING    - W&#xD;&#xD;
2024-01-09 15:43:06.575+01:00 [     6] WARNING    - W&#xD;&#xD;
2024-01-09 15:43:06.575+01:00 [     6] WARNING    - W&#xD;&#xD;
2024-01-09 15:43:06.575+01:00 [     6] WARNING    - W&#xD;&#xD;
2024-01-09 15:43:06.575+01:00 [     6] WARNING    - W&#xD;&#xD;
2024-01-09 15:43:06.575+01:00 [     6] WARNING    - W&#xD;&#xD;
2024-01-09 15:43:06.575+01:00 [     6] WARNING    - W&#xD;&#xD;
2024-01-09 15:43:06.575+01:00 [     6] WARNING    - W&#xD;&#xD;
2024-01-09 15:43:06.575+01:00 [     6] WARNING    - W&#xD;&#xD;
2024-01-09 15:43:06.575+01:00 [     6] WARNING    - W&#xD;&#xD;
2024-01-09 15:43:06.575+01:00 [     6] WARNING    - W&#xD;&#xD;
2024-01-09 15:43:06.575+01:00 [     6] WARNING    - W&#xD;&#xD;
2024-01-09 15:43:06.575+01:00 [     6] WARNING    - W&#xD;&#xD;
2024-01-09 15:43:06.575+01:00 [     6] WARNING    - W&#xD;&#xD;
2024-01-09 15:43:06.575+01:00 [     6] WARNING    - W&#xD;&#xD;
2024-01-09 15:43:06.575+01:00 [     6] WARNING    - W&#xD;&#xD;
2024-01-09 15:43:06.575+01:00 [     6] WARNING    - W&#xD;&#xD;
2024-01-09 15:43:06.575+01:00 [     6] WARNING    - W&#xD;&#xD;
2024-01-09 15:43:06.575+01:00 [     6] WARNING    - W&#xD;&#xD;
2024-01-09 15:43:06.575+01:00 [     6] WARNING    - W&#xD;&#xD;
2024-01-09 15:43:06.575+01:00 [     6] WARNING    - W&#xD;&#xD;
2024-01-09 15:43:06.575+01:00 [     6] WARNING    - W&#xD;&#xD;
2024-01-09 15:43:06.575+01:00 [     6] WARNING    - W&#xD;&#xD;
2024-01-09 15:43:06.575+01:00 [     6] WARNING    - W&#xD;&#xD;
2024-01-09 15:43:06.575+01:00 [     6] WARNING    - W&#xD;&#xD;
2024-01-09 15:43:06.575+01:00 [     6] WARNING    - W&#xD;&#xD;
2024-01-09 15:43:06.575+01:00 [     6] WARNING    - W&#xD;&#xD;
2024-01-09 15:43:06.575+01:00 [     6] WARNING    - W&#xD;&#xD;
2024-01-09 15:43:06.575+01:00 [     6] WARNING    - W&#xD;&#xD;
2024-01-09 15:43:06.575+01:00 [     6] WARNING    - W&#xD;&#xD;
2024-01-09 15:43:06.575+01:00 [     6] WARNING    - W&#xD;&#xD;
2024-01-09 15:43:06.575+01:00 [     6] WARNING    - W&#xD;&#xD;
2024-01-09 15:43:06.575+01:00 [     6] WARNING    - W&#xD;&#xD;
2024-01-09 15:43:06.575+01:00 [     6] WARNING    - W&#xD;&#xD;
2024-01-09 15:43:06.575+01:00 [     6] WARNING    - W&#xD;&#xD;
2024-01-09 15:43:06.575+01:00 [     6] WARNING    - W&#xD;&#xD;
2024-01-09 15:43:06.575+01:00 [     6] WARNING    - W&#xD;&#xD;
2024-01-09 15:43:06.575+01:00 [     6] WARNING    - W&#xD;&#xD;
2024-01-09 15:43:06.575+01:00 [     6] WARNING    - W&#xD;&#xD;
2024-01-09 15:43:06.575+01:00 [     6] WARNING    - W&#xD;&#xD;
2024-01-09 15:43:06.575+01:00 [     6] WARNING    - W&#xD;&#xD;
2024-01-09 15:43:06.575+01:00 [     6] WARNING    - W&#xD;&#xD;
2024-01-09 15:43:06.575+01:00 [     6] WARNING    - W&#xD;&#xD;
2024-01-09 15:43:06.575+01:00 [     6] WARNING    - W&#xD;&#xD;
2024-01-09 15:43:06.575+01:00 [     6] WARNING    - W&#xD;&#xD;
2024-01-09 15:43:06.575+01:00 [     6] WARNING    - W&#xD;&#xD;
2024-01-09 15:43:06.575+01:00 [     6] WARNING    - W&#xD;&#xD;
2024-01-09 15:43:06.575+01:00 [     6] WARNING    - W&#xD;&#xD;
2024-01-09 15:43:06.575+01:00 [     6] WARNING    - W&#xD;&#xD;
2024-01-09 15:43:06.575+01:00 [     6] WARNING    - W&#xD;&#xD;
2024-01-09 15:43:06.575+01:00 [     6] WARNING    - W&#xD;&#xD;
2024-01-09 15:43:06.575+01:00 [     6] WARNING    - W&#xD;&#xD;
2024-01-09 15:43:06.575+01:00 [     6] WARNING    - W&#xD;&#xD;
2024-01-09 15:43:06.575+01:00 [     6] WARNING    - W&#xD;&#xD;
2024-01-09 15:43:06.575+01:00 [     6] WARNING    - W&#xD;&#xD;
2024-01-09 15:43:06.575+01:00 [     6] WARNING    - W&#xD;&#xD;
2024-01-09 15:43:06.575+01:00 [     6] WARNING    - W&#xD;&#xD;
2024-01-09 15:43:06.575+01:00 [     6] WARNING    - W&#xD;&#xD;
2024-01-09 15:43:06.575+01:00 [     6] WARNING    - W&#xD;&#xD;
2024-01-09 15:43:06.575+01:00 [     6] WARNING    - W&#xD;&#xD;
2024-01-09 15:43:06.575+01:00 [     6] WARNING    - W&#xD;&#xD;
2024-01-09 15:43:06.575+01:00 [     6] WARNING    - W&#xD;&#xD;
2024-01-09 15:43:06.575+01:00 [     6] WARNING    - W&#xD;&#xD;
2024-01-09 15:43:06.575+01:00 [     6] WARNING    - W&#xD;&#xD;
2024-01-09 15:43:06.575+01:00 [     6] WARNING    - W&#xD;&#xD;
2024-01-09 15:43:06.575+01:00 [     6] WARNING    - W&#xD;&#xD;
2024-01-09 15:43:06.575+01:00 [     6] WARNING    - W&#xD;&#xD;
2024-01-09 15:43:06.575+01:00 [     6] WARNING    - W&#xD;&#xD;
2024-01-09 15:43:06.575+01:00 [     6] WARNING    - W&#xD;&#xD;
2024-01-09 15:43:06.575+01:00 [     6] WARNING    - W&#xD;&#xD;
2024-01-09 15:43:06.575+01:00 [     6] WARNING    - W&#xD;&#xD;
2024-01-09 15:43:06.575+01:00 [     6] WARNING    - W&#xD;&#xD;
2024-01-09 15:43:06.575+01:00 [     6] WARNING    - W&#xD;&#xD;
2024-01-09 15:43:06.575+01:00 [     6] WARNING    - W&#xD;&#xD;
2024-01-09 15:43:06.575+01:00 [     6] WARNING    - W&#xD;&#xD;
2024-01-09 15:43:06.575+01:00 [     6] WARNING    - W&#xD;&#xD;
2024-01-09 15:43:06.575+01:00 [     6] WARNING    - W&#xD;&#xD;
2024-01-09 15:43:06.575+01:00 [     6] WARNING    - W&#xD;&#xD;
2024-01-09 15:43:06.575+01:00 [     6] WARNING    - W&#xD;&#xD;
2024-01-09 15:43:06.575+01:00 [     6] WARNING    - W&#xD;&#xD;
2024-01-09 15:43:06.575+01:00 [     6] WARNING    - W&#xD;&#xD;
2024-01-09 15:43:06.575+01:00 [     6] WARNING    - W&#xD;&#xD;
2024-01-09 15:43:06.575+01:00 [     6] WARNING    - W&#xD;&#xD;
2024-01-09 15:43:06.575+01:00 [     6] WARNING    - W&#xD;&#xD;
2024-01-09 15:43:06.575+01:00 [     6] WARNING    - W&#xD;&#xD;
2024-01-09 15:43:06.575+01:00 [     6] WARNING    - W&#xD;&#xD;
2024-01-09 15:43:06.575+01:00 [     6] WARNING    - W&#xD;&#xD;
2024-01-09 15:43:06.575+01:00 [     6] WARNING    - W&#xD;&#xD;
2024-01-09 15:43:06.575+01:00 [     6] WARNING    - W&#xD;&#xD;
2024-01-09 15:43:06.575+01:00 [     6] WARNING    - W&#xD;&#xD;
2024-01-09 15:43:06.575+01:00 [     6] WARNING    - W&#xD;&#xD;
2024-01-09 15:43:06.575+01:00 [     6] WARNING    - W&#xD;&#xD;
2024-01-09 15:43:06.575+01:00 [     6] WARNING    - W&#xD;&#xD;
2024-01-09 15:43:06.575+01:00 [     6] WARNING    - W&#xD;&#xD;
2024-01-09 15:43:06.575+01:00 [     6] WARNING    - W&#xD;&#xD;
2024-01-09 15:43:06.575+01:00 [     6] WARNING    - W&#xD;&#xD;
2024-01-09 15:43:06.575+01:00 [     6] WARNING    - W&#xD;&#xD;
2024-01-09 15:43:06.575+01:00 [     6] WARNING    - W&#xD;&#xD;
2024-01-09 15:43:06.575+01:00 [     6] WARNING    - W&#xD;&#xD;
2024-01-09 15:43:06.575+01:00 [     6] WARNING    - W&#xD;&#xD;
2024-01-09 15:43:06.575+01:00 [     6] WARNING    - W&#xD;&#xD;
2024-01-09 15:43:06.575+01:00 [     6] WARNING    - W&#xD;&#xD;
2024-01-09 15:43:06.575+01:00 [     6] WARNING    - W&#xD;&#xD;
2024-01-09 15:43:06.575+01:00 [     6] WARNING    - W&#xD;&#xD;
2024-01-09 15:43:06.575+01:00 [     6] WARNING    - W&#xD;&#xD;
2024-01-09 15:43:06.575+01:00 [     6] WARNING    - W&#xD;&#xD;
2024-01-09 15:43:06.575+01:00 [     6] WARNING    - W&#xD;&#xD;
2024-01-09 15:43:06.575+01:00 [     6] WARNING    - W&#xD;&#xD;
2024-01-09 15:43:06.575+01:00 [     6] WARNING    - W&#xD;&#xD;
2024-01-09 15:43:06.575+01:00 [     6] WARNING    - W&#xD;&#xD;
2024-01-09 15:43:06.575+01:00 [     6] WARNING    - W&#xD;&#xD;
2024-01-09 15:43:06.575+01:00 [     6] WARNING    - W&#xD;&#xD;
2024-01-09 15:43:06.575+01:00 [     6] WARNING    - W&#xD;&#xD;
2024-01-09 15:43:06.575+01:00 [     6] WARNING    - W&#xD;&#xD;
2024-01-09 15:43:06.575+01:00 [     6] WARNING    - W&#xD;&#xD;
2024-01-09 15:43:06.575+01:00 [     6] WARNING    - W&#xD;&#xD;
2024-01-09 15:43:06.575+01:00 [     6] WARNING    - W&#xD;&#xD;
2024-01-09 15:43:06.575+01:00 [     6] WARNING    - W&#xD;&#xD;
2024-01-09 15:43:06.575+01:00 [     6] WARNING    - W&#xD;&#xD;
2024-01-09 15:43:06.575+01:00 [     6] WARNING    - W&#xD;&#xD;
2024-01-09 15:43:06.575+01:00 [     6] WARNING    - W&#xD;&#xD;
2024-01-09 15:43:06.575+01:00 [     6] WARNING    - W&#xD;&#xD;
2024-01-09 15:43:06.575+01:00 [     6] WARNING    - W&#xD;&#xD;
2024-01-09 15:43:06.575+01:00 [     6] WARNING    - W&#xD;&#xD;
2024-01-09 15:43:06.575+01:00 [     6] WARNING    - W&#xD;&#xD;
2024-01-09 15:43:06.575+01:00 [     6] WARNING    - W&#xD;&#xD;
2024-01-09 15:43:06.575+01:00 [     6] WARNING    - W&#xD;&#xD;
2024-01-09 15:43:06.575+01:00 [     6] WARNING    - W&#xD;&#xD;
2024-01-09 15:43:06.575+01:00 [     6] WARNING    - W&#xD;&#xD;
2024-01-09 15:43:06.575+01:00 [     6] WARNING    - W&#xD;&#xD;
2024-01-09 15:43:06.575+01:00 [     6] WARNING    - W&#xD;&#xD;
2024-01-09 15:43:06.575+01:00 [     6] WARNING    - W&#xD;&#xD;
2024-01-09 15:43:06.575+01:00 [     6] WARNING    - W&#xD;&#xD;
2024-01-09 15:43:06.575+01:00 [     6] WARNING    - W&#xD;&#xD;
2024-01-09 15:43:06.575+01:00 [     6] WARNING    - W&#xD;&#xD;
2024-01-09 15:43:06.575+01:00 [     6] WARNING    - W&#xD;&#xD;
2024-01-09 15:43:06.575+01:00 [     6] WARNING    - W&#xD;&#xD;
2024-01-09 15:43:06.575+01:00 [     6] WARNING    - W&#xD;&#xD;
2024-01-09 15:43:06.575+01:00 [     6] WARNING    - W&#xD;&#xD;
2024-01-09 15:43:06.575+01:00 [     6] WARNING    - W&#xD;&#xD;
2024-01-09 15:43:06.575+01:00 [     6] WARNING    - W&#xD;&#xD;
2024-01-09 15:43:06.575+01:00 [     6] WARNING    - W&#xD;&#xD;
2024-01-09 15:43:06.575+01:00 [     6] WARNING    - W&#xD;&#xD;
2024-01-09 15:43:06.575+01:00 [     6] WARNING    - W&#xD;&#xD;
2024-01-09 15:43:06.575+01:00 [     6] WARNING    - W&#xD;&#xD;
2024-01-09 15:43:06.575+01:00 [     6] WARNING    - W&#xD;&#xD;
2024-01-09 15:43:06.575+01:00 [     6] WARNING    - W&#xD;&#xD;
2024-01-09 15:43:06.575+01:00 [     6] WARNING    - W&#xD;&#xD;
2024-01-09 15:43:06.575+01:00 [     6] WARNING    - W&#xD;&#xD;
2024-01-09 15:43:06.575+01:00 [     6] WARNING    - W&#xD;&#xD;
2024-01-09 15:43:06.575+01:00 [     6] WARNING    - W&#xD;&#xD;
2024-01-09 15:43:06.575+01:00 [     6] WARNING    - W&#xD;&#xD;
2024-01-09 15:43:06.575+01:00 [     6] WARNING    - W&#xD;&#xD;
2024-01-09 15:43:06.575+01:00 [     6] WARNING    - W&#xD;&#xD;
2024-01-09 15:43:06.575+01:00 [     6] WARNING    - W&#xD;&#xD;
2024-01-09 15:43:06.575+01:00 [     6] WARNING    - W&#xD;&#xD;
2024-01-09 15:43:06.575+01:00 [     6] WARNING    - W&#xD;&#xD;
2024-01-09 15:43:06.575+01:00 [     6] WARNING    - W&#xD;&#xD;
2024-01-09 15:43:06.575+01:00 [     6] WARNING    - W&#xD;&#xD;
2024-01-09 15:43:06.575+01:00 [     6] WARNING    - W&#xD;&#xD;
2024-01-09 15:43:06.575+01:00 [     6] WARNING    - W&#xD;&#xD;
2024-01-09 15:43:06.575+01:00 [     6] WARNING    - W&#xD;&#xD;
2024-01-09 15:43:06.575+01:00 [     6] WARNING    - W&#xD;&#xD;
2024-01-09 15:43:06.575+01:00 [     6] WARNING    - W&#xD;&#xD;
2024-01-09 15:43:06.575+01:00 [     6] WARNING    - W&#xD;&#xD;
2024-01-09 15:43:06.575+01:00 [     6] WARNING    - W&#xD;&#xD;
2024-01-09 15:43:06.575+01:00 [     6] WARNING    - W&#xD;&#xD;
2024-01-09 15:43:06.575+01:00 [     6] WARNING    - W&#xD;&#xD;
2024-01-09 15:43:06.575+01:00 [     6] WARNING    - W&#xD;&#xD;
2024-01-09 15:43:06.575+01:00 [     6] WARNING    - W&#xD;&#xD;
2024-01-09 15:43:06.575+01:00 [     6] WARNING    - W&#xD;&#xD;
2024-01-09 15:43:06.575+01:00 [     6] WARNING    - W&#xD;&#xD;
2024-01-09 15:43:06.575+01:00 [     6] WARNING    - W&#xD;&#xD;
2024-01-09 15:43:06.575+01:00 [     6] WARNING    - W&#xD;&#xD;
2024-01-09 15:43:06.575+01:00 [     6] WARNING    - W&#xD;&#xD;
2024-01-09 15:43:06.575+01:00 [     6] WARNING    - W&#xD;&#xD;
2024-01-09 15:43:06.575+01:00 [     6] WARNING    - W&#xD;&#xD;
2024-01-09 15:43:06.575+01:00 [     6] WARNING    - W&#xD;&#xD;
2024-01-09 15:43:06.575+01:00 [     6] WARNING    - W&#xD;&#xD;
2024-01-09 15:43:06.575+01:00 [     6] WARNING    - W&#xD;&#xD;
2024-01-09 15:43:06.575+01:00 [     6] WARNING    - W&#xD;&#xD;
2024-01-09 15:43:06.575+01:00 [     6] WARNING    - W&#xD;&#xD;
2024-01-09 15:43:06.575+01:00 [     6] WARNING    - W&#xD;&#xD;
2024-01-09 15:43:06.575+01:00 [     6] WARNING    - W&#xD;&#xD;
2024-01-09 15:43:06.575+01:00 [     6] WARNING    - W&#xD;&#xD;
2024-01-09 15:43:06.575+01:00 [     6] WARNING    - W&#xD;&#xD;
2024-01-09 15:43:06.575+01:00 [     6] WARNING    - W&#xD;&#xD;
2024-01-09 15:43:06.575+01:00 [     6] WARNING    - W&#xD;&#xD;
2024-01-09 15:43:06.575+01:00 [     6] WARNING    - W&#xD;&#xD;
2024-01-09 15:43:06.575+01:00 [     6] WARNING    - W&#xD;&#xD;
2024-01-09 15:43:06.575+01:00 [     6] WARNING    - W&#xD;&#xD;
2024-01-09 15:43:06.575+01:00 [     6] WARNING    - W&#xD;&#xD;
2024-01-09 15:43:06.575+01:00 [     6] WARNING    - W&#xD;&#xD;
2024-01-09 15:43:06.575+01:00 [     6] WARNING    - W&#xD;&#xD;
2024-01-09 15:43:06.575+01:00 [     6] WARNING    - W&#xD;&#xD;
2024-01-09 15:43:06.575+01:00 [     6] WARNING    - W&#xD;&#xD;
2024-01-09 15:43:06.575+01:00 [     6] WARNING    - W&#xD;&#xD;
2024-01-09 15:43:06.575+01:00 [     6] WARNING    - W&#xD;&#xD;
2024-01-09 15:43:06.575+01:00 [     6] WARNING    - W&#xD;&#xD;
2024-01-09 15:43:06.575+01:00 [     6] WARNING    - W&#xD;&#xD;
2024-01-09 15:43:06.575+01:00 [     6] WARNING    - W&#xD;&#xD;
2024-01-09 15:43:06.575+01:00 [     6] WARNING    - W&#xD;&#xD;
2024-01-09 15:43:06.575+01:00 [     6] WARNING    - W&#xD;&#xD;
2024-01-09 15:43:06.575+01:00 [     6] WARNING    - W&#xD;&#xD;
2024-01-09 15:43:06.575+01:00 [     6] WARNING    - W&#xD;&#xD;
2024-01-09 15:43:06.575+01:00 [     6] WARNING    - W&#xD;&#xD;
2024-01-09 15:43:06.575+01:00 [     6] WARNING    - W&#xD;&#xD;
2024-01-09 15:43:06.575+01:00 [     6] WARNING    - W&#xD;&#xD;
2024-01-09 15:43:06.575+01:00 [     6] WARNING    - W&#xD;&#xD;
2024-01-09 15:43:06.575+01:00 [     6] WARNING    - W&#xD;&#xD;
2024-01-09 15:43:06.575+01:00 [     6] WARNING    - W&#xD;&#xD;
2024-01-09 15:43:06.575+01:00 [     6] WARNING    - W&#xD;&#xD;
2024-01-09 15:43:06.575+01:00 [     6] WARNING    - W&#xD;&#xD;
2024-01-09 15:43:06.575+01:00 [     6] WARNING    - W&#xD;&#xD;
2024-01-09 15:43:06.575+01:00 [     6] WARNING    - W&#xD;&#xD;
2024-01-09 15:43:06.575+01:00 [     6] WARNING    - W&#xD;&#xD;
2024-01-09 15:43:06.575+01:00 [     6] WARNING    - W&#xD;&#xD;
2024-01-09 15:43:06.575+01:00 [     6] WARNING    - W&#xD;&#xD;
2024-01-09 15:43:06.575+01:00 [     6] WARNING    - W&#xD;&#xD;
2024-01-09 15:43:06.575+01:00 [     6] WARNING    - W&#xD;&#xD;
2024-01-09 15:43:06.575+01:00 [     6] WARNING    - W&#xD;&#xD;
2024-01-09 15:43:06.575+01:00 [     6] WARNING    - W&#xD;&#xD;
2024-01-09 15:43:06.575+01:00 [     6] WARNING    - W&#xD;&#xD;
2024-01-09 15:43:06.575+01:00 [     6] WARNING    - W&#xD;&#xD;
2024-01-09 15:43:06.575+01:00 [     6] WARNING    - W&#xD;&#xD;
2024-01-09 15:43:06.575+01:00 [     6] WARNING    - W&#xD;&#xD;
2024-01-09 15:43:06.575+01:00 [     6] WARNING    - W&#xD;&#xD;
2024-01-09 15:43:06.575+01:00 [     6] WARNING    - W&#xD;&#xD;
2024-01-09 15:43:06.575+01:00 [     6] WARNING    - W&#xD;&#xD;
2024-01-09 15:43:06.575+01:00 [     6] WARNING    - W&#xD;&#xD;
2024-01-09 15:43:06.575+01:00 [     6] WARNING    - W&#xD;&#xD;
2024-01-09 15:43:06.575+01:00 [     6] WARNING    - W&#xD;&#xD;
2024-01-09 15:43:06.575+01:00 [     6] WARNING    - W&#xD;&#xD;
2024-01-09 15:43:06.575+01:00 [     6] WARNING    - W&#xD;&#xD;
2024-01-09 15:43:06.575+01:00 [     6] WARNING    - W&#xD;&#xD;
2024-01-09 15:43:06.575+01:00 [     6] WARNING    - W&#xD;&#xD;
2024-01-09 15:43:06.575+01:00 [     6] WARNING    - W&#xD;&#xD;
2024-01-09 15:43:06.575+01:00 [     6] WARNING    - W&#xD;&#xD;
2024-01-09 15:43:06.575+01:00 [     6] WARNING    - W&#xD;&#xD;
2024-01-09 15:43:06.575+01:00 [     6] WARNING    - W&#xD;&#xD;
2024-01-09 15:43:06.575+01:00 [     6] WARNING    - W&#xD;&#xD;
2024-01-09 15:43:06.575+01:00 [     6] WARNING    - W&#xD;&#xD;
2024-01-09 15:43:06.575+01:00 [     6] WARNING    - W&#xD;&#xD;
2024-01-09 15:43:06.575+01:00 [     6] WARNING    - W&#xD;&#xD;
2024-01-09 15:43:06.575+01:00 [     6] WARNING    - W&#xD;&#xD;
2024-01-09 15:43:06.575+01:00 [     6] WARNING    - W&#xD;&#xD;
2024-01-09 15:43:06.575+01:00 [     6] WARNING    - W&#xD;&#xD;
2024-01-09 15:43:06.575+01:00 [     6] WARNING    - W&#xD;&#xD;
2024-01-09 15:43:06.575+01:00 [     6] WARNING    - W&#xD;&#xD;
2024-01-09 15:43:06.575+01:00 [     6] WARNING    - W&#xD;&#xD;
2024-01-09 15:43:06.575+01:00 [     6] WARNING    - W&#xD;&#xD;
2024-01-09 15:43:06.575+01:00 [     6] WARNING    - W&#xD;&#xD;
2024-01-09 15:43:06.575+01:00 [     6] WARNING    - W&#xD;&#xD;
2024-01-09 15:43:06.575+01:00 [     6] WARNING    - W&#xD;&#xD;
2024-01-09 15:43:06.575+01:00 [     6] WARNING    - W&#xD;&#xD;
2024-01-09 15:43:06.575+01:00 [     6] WARNING    - W&#xD;&#xD;
2024-01-09 15:43:06.575+01:00 [     6] WARNING    - W&#xD;&#xD;
2024-01-09 15:43:06.575+01:00 [     6] WARNING    - W&#xD;&#xD;
2024-01-09 15:43:06.575+01:00 [     6] WARNING    - W&#xD;&#xD;
2024-01-09 15:43:06.575+01:00 [     6] WARNING    - W&#xD;&#xD;
2024-01-09 15:43:06.575+01:00 [     6] WARNING    - W&#xD;&#xD;
2024-01-09 15:43:06.575+01:00 [     6] WARNING    - W&#xD;&#xD;
2024-01-09 15:43:06.575+01:00 [     6] WARNING    - W&#xD;&#xD;
2024-01-09 15:43:06.575+01:00 [     6] WARNING    - W&#xD;&#xD;
2024-01-09 15:43:06.575+01:00 [     6] WARNING    - W&#xD;&#xD;
2024-01-09 15:43:06.575+01:00 [     6] WARNING    - W&#xD;&#xD;
2024-01-09 15:43:06.575+01:00 [     6] WARNING    - W&#xD;&#xD;
2024-01-09 15:43:06.575+01:00 [     6] WARNING    - W&#xD;&#xD;
2024-01-09 15:43:06.575+01:00 [     6] WARNING    - W&#xD;&#xD;
2024-01-09 15:43:06.575+01:00 [     6] WARNING    - W&#xD;&#xD;
2024-01-09 15:43:06.575+01:00 [     6] WARNING    - W&#xD;&#xD;
2024-01-09 15:43:06.575+01:00 [     6] WARNING    - W&#xD;&#xD;
2024-01-09 15:43:06.575+01:00 [     6] WARNING    - W&#xD;&#xD;
2024-01-09 15:43:06.575+01:00 [     6] WARNING    - W&#xD;&#xD;
2024-01-09 15:43:06.575+01:00 [     6] WARNING    - W&#xD;&#xD;
2024-01-09 15:43:06.575+01:00 [     6] WARNING    - W&#xD;&#xD;
2024-01-09 15:43:06.575+01:00 [     6] WARNING    - W&#xD;&#xD;
2024-01-09 15:43:06.575+01:00 [     6] WARNING    - W&#xD;&#xD;
2024-01-09 15:43:06.575+01:00 [     6] WARNING    - W&#xD;&#xD;
2024-01-09 15:43:06.575+01:00 [     6] WARNING    - W&#xD;&#xD;
2024-01-09 15:43:06.575+01:00 [     6] WARNING    - W&#xD;&#xD;
2024-01-09 15:43:06.575+01:00 [     6] WARNING    - W&#xD;&#xD;
2024-01-09 15:43:06.575+01:00 [     6] WARNING    - W&#xD;&#xD;
2024-01-09 15:43:06.575+01:00 [     6] WARNING    - W&#xD;&#xD;
2024-01-09 15:43:06.575+01:00 [     6] WARNING    - W&#xD;&#xD;
2024-01-09 15:43:06.575+01:00 [     6] WARNING    - W&#xD;&#xD;
2024-01-09 15:43:06.575+01:00 [     6] WARNING    - W&#xD;&#xD;
2024-01-09 15:43:06.575+01:00 [     6] WARNING    - W&#xD;&#xD;
2024-01-09 15:43:06.575+01:00 [     6] WARNING    - W&#xD;&#xD;
2024-01-09 15:43:06.575+01:00 [     6] WARNING    - W&#xD;&#xD;
2024-01-09 15:43:06.575+01:00 [     6] WARNING    - W&#xD;&#xD;
2024-01-09 15:43:06.575+01:00 [     6] WARNING    - W&#xD;&#xD;
2024-01-09 15:43:06.575+01:00 [     6] WARNING    - W&#xD;&#xD;
2024-01-09 15:43:06.575+01:00 [     6] WARNING    - W&#xD;&#xD;
2024-01-09 15:43:06.575+01:00 [     6] WARNING    - W&#xD;&#xD;
2024-01-09 15:43:06.575+01:00 [     6] WARNING    - W&#xD;&#xD;
2024-01-09 15:43:06.575+01:00 [     6] WARNING    - W&#xD;&#xD;
2024-01-09 15:43:06.575+01:00 [     6] WARNING    - W&#xD;&#xD;
2024-01-09 15:43:06.575+01:00 [     6] WARNING    - W&#xD;&#xD;
2024-01-09 15:43:06.575+01:00 [     6] WARNING    - W&#xD;&#xD;
2024-01-09 15:43:06.575+01:00 [     6] WARNING    - W&#xD;&#xD;
2024-01-09 15:43:06.575+01:00 [     6] WARNING    - W&#xD;&#xD;
2024-01-09 15:43:06.575+01:00 [     6] WARNING    - W&#xD;&#xD;
2024-01-09 15:43:06.575+01:00 [     6] WARNING    - W&#xD;&#xD;
2024-01-09 15:43:06.575+01:00 [     6] WARNING    - W&#xD;&#xD;
2024-01-09 15:43:06.575+01:00 [     6] WARNING    - W&#xD;&#xD;
2024-01-09 15:43:06.575+01:00 [     6] WARNING    - W&#xD;&#xD;
2024-01-09 15:43:06.575+01:00 [     6] WARNING    - W&#xD;&#xD;
2024-01-09 15:43:06.575+01:00 [     6] WARNING    - W&#xD;&#xD;
2024-01-09 15:43:06.575+01:00 [     6] WARNING    - W&#xD;&#xD;
2024-01-09 15:43:06.575+01:00 [     6] WARNING    - W&#xD;&#xD;
2024-01-09 15:43:06.575+01:00 [     6] WARNING    - W&#xD;&#xD;
2024-01-09 15:43:06.575+01:00 [     6] WARNING    - W&#xD;&#xD;
2024-01-09 15:43:06.575+01:00 [     6] WARNING    - W&#xD;&#xD;
2024-01-09 15:43:06.575+01:00 [     6] WARNING    - W&#xD;&#xD;
2024-01-09 15:43:06.575+01:00 [     6] WARNING    - W&#xD;&#xD;
2024-01-09 15:43:06.575+01:00 [     6] WARNING    - W&#xD;&#xD;
2024-01-09 15:43:06.575+01:00 [     6] WARNING    - W&#xD;&#xD;
2024-01-09 15:43:06.575+01:00 [     6] WARNING    - W&#xD;&#xD;
2024-01-09 15:43:06.575+01:00 [     6] WARNING    - W&#xD;&#xD;
2024-01-09 15:43:06.575+01:00 [     6] WARNING    - W&#xD;&#xD;
2024-01-09 15:43:06.575+01:00 [     6] WARNING    - W&#xD;&#xD;
2024-01-09 15:43:06.575+01:00 [     6] WARNING    - W&#xD;&#xD;
2024-01-09 15:43:06.575+01:00 [     6] WARNING    - W&#xD;&#xD;
2024-01-09 15:43:06.575+01:00 [     6] WARNING    - W&#xD;&#xD;
2024-01-09 15:43:06.575+01:00 [     6] WARNING    - W&#xD;&#xD;
2024-01-09 15:43:06.575+01:00 [     6] WARNING    - W&#xD;&#xD;
2024-01-09 15:43:06.575+01:00 [     6] WARNING    - W&#xD;&#xD;
2024-01-09 15:43:06.575+01:00 [     6] WARNING    - W&#xD;&#xD;
2024-01-09 15:43:06.575+01:00 [     6] WARNING    - W&#xD;&#xD;
2024-01-09 15:43:06.575+01:00 [     6] WARNING    - W&#xD;&#xD;
2024-01-09 15:43:06.575+01:00 [     6] WARNING    - W&#xD;&#xD;
2024-01-09 15:43:06.575+01:00 [     6] WARNING    - W&#xD;&#xD;
2024-01-09 15:43:06.575+01:00 [     6] WARNING    - W&#xD;&#xD;
2024-01-09 15:43:06.575+01:00 [     6] WARNING    - W&#xD;&#xD;
2024-01-09 15:43:06.575+01:00 [     6] WARNING    - W&#xD;&#xD;
2024-01-09 15:43:06.575+01:00 [     6] WARNING    - W&#xD;&#xD;
2024-01-09 15:43:06.575+01:00 [     6] WARNING    - W&#xD;&#xD;
2024-01-09 15:43:06.575+01:00 [     6] WARNING    - W&#xD;&#xD;
2024-01-09 15:43:06.575+01:00 [     6] WARNING    - W&#xD;&#xD;
2024-01-09 15:43:06.575+01:00 [     6] WARNING    - W&#xD;&#xD;
2024-01-09 15:43:06.575+01:00 [     6] WARNING    - W&#xD;&#xD;
2024-01-09 15:43:06.575+01:00 [     6] WARNING    - W&#xD;&#xD;
2024-01-09 15:43:06.575+01:00 [     6] WARNING    - W&#xD;&#xD;
2024-01-09 15:43:06.575+01:00 [     6] WARNING    - W&#xD;&#xD;
2024-01-09 15:43:06.575+01:00 [     6] WARNING    - W&#xD;&#xD;
2024-01-09 15:43:06.575+01:00 [     6] WARNING    - W&#xD;&#xD;
2024-01-09 15:43:06.575+01:00 [     6] WARNING    - W&#xD;&#xD;
2024-01-09 15:43:06.575+01:00 [     6] WARNING    - W&#xD;&#xD;
2024-01-09 15:43:06.575+01:00 [     6] WARNING    - W&#xD;&#xD;
2024-01-09 15:43:06.575+01:00 [     6] WARNING    - W&#xD;&#xD;
2024-01-09 15:43:06.575+01:00 [     6] WARNING    - W&#xD;&#xD;
2024-01-09 15:43:06.575+01:00 [     6] WARNING    - W&#xD;&#xD;
2024-01-09 15:43:06.575+01:00 [     6] WARNING    - W&#xD;&#xD;
2024-01-09 15:43:06.575+01:00 [     6] WARNING    - W&#xD;&#xD;
2024-01-09 15:43:06.575+01:00 [     6] WARNING    - W&#xD;&#xD;
2024-01-09 15:43:06.575+01:00 [     6] WARNING    - W&#xD;&#xD;
2024-01-09 15:43:06.575+01:00 [     6] WARNING    - W&#xD;&#xD;
2024-01-09 15:43:06.575+01:00 [     6] WARNING    - W&#xD;&#xD;
2024-01-09 15:43:06.575+01:00 [     6] WARNING    - W&#xD;&#xD;
2024-01-09 15:43:06.575+01:00 [     6] WARNING    - W&#xD;&#xD;
2024-01-09 15:43:06.575+01:00 [     6] WARNING    - W&#xD;&#xD;
2024-01-09 15:43:06.575+01:00 [     6] WARNING    - W&#xD;&#xD;
2024-01-09 15:43:06.575+01:00 [     6] WARNING    - W&#xD;&#xD;
2024-01-09 15:43:06.575+01:00 [     6] WARNING    - W&#xD;&#xD;
2024-01-09 15:43:06.575+01:00 [     6] WARNING    - W&#xD;&#xD;
2024-01-09 15:43:06.575+01:00 [     6] WARNING    - W&#xD;&#xD;
2024-01-09 15:43:06.575+01:00 [     6] WARNING    - W&#xD;&#xD;
2024-01-09 15:43:06.575+01:00 [     6] WARNING    - W&#xD;&#xD;
2024-01-09 15:43:06.575+01:00 [     6] WARNING    - W&#xD;&#xD;
2024-01-09 15:43:06.575+01:00 [     6] WARNING    - W&#xD;&#xD;
2024-01-09 15:43:06.575+01:00 [     6] WARNING    - W&#xD;&#xD;
2024-01-09 15:43:06.575+01:00 [     6] WARNING    - W&#xD;&#xD;
2024-01-09 15:43:06.575+01:00 [     6] WARNING    - W&#xD;&#xD;
2024-01-09 15:43:06.575+01:00 [     6] WARNING    - W&#xD;&#xD;
2024-01-09 15:43:06.575+01:00 [     6] WARNING    - W&#xD;&#xD;
2024-01-09 15:43:06.575+01:00 [     6] WARNING    - W&#xD;&#xD;
2024-01-09 15:43:06.575+01:00 [     6] WARNING    - W&#xD;&#xD;
2024-01-09 15:43:06.575+01:00 [     6] WARNING    - W&#xD;&#xD;
2024-01-09 15:43:06.575+01:00 [     6] WARNING    - W&#xD;&#xD;
2024-01-09 15:43:06.575+01:00 [     6] WARNING    - W&#xD;&#xD;
2024-01-09 15:43:06.575+01:00 [     6] WARNING    - W&#xD;&#xD;
2024-01-09 15:43:06.575+01:00 [     6] WARNING    - W&#xD;&#xD;
2024-01-09 15:43:06.575+01:00 [     6] WARNING    - W&#xD;&#xD;
2024-01-09 15:43:06.575+01:00 [     6] WARNING    - W&#xD;&#xD;
2024-01-09 15:43:06.575+01:00 [     6] WARNING    - W&#xD;&#xD;
2024-01-09 15:43:06.575+01:00 [     6] WARNING    - W&#xD;&#xD;
2024-01-09 15:43:06.575+01:00 [     6] WARNING    - W&#xD;&#xD;
2024-01-09 15:43:06.575+01:00 [     6] WARNING    - W&#xD;&#xD;
2024-01-09 15:43:06.575+01:00 [     6] WARNING    - W&#xD;&#xD;
2024-01-09 15:43:06.575+01:00 [     6] WARNING    - W&#xD;&#xD;
2024-01-09 15:43:06.575+01:00 [     6] WARNING    - W&#xD;&#xD;
2024-01-09 15:43:06.575+01:00 [     6] WARNING    - W&#xD;&#xD;
2024-01-09 15:43:06.575+01:00 [     6] WARNING    - W&#xD;&#xD;
2024-01-09 15:43:06.575+01:00 [     6] WARNING    - W&#xD;&#xD;
2024-01-09 15:43:06.575+01:00 [     6] WARNING    - W&#xD;&#xD;
2024-01-09 15:43:06.575+01:00 [     6] WARNING    - W&#xD;&#xD;
2024-01-09 15:43:06.575+01:00 [     6] WARNING    - W&#xD;&#xD;
2024-01-09 15:43:06.575+01:00 [     6] WARNING    - W&#xD;&#xD;
2024-01-09 15:43:06.575+01:00 [     6] WARNING    - W&#xD;&#xD;
2024-01-09 15:43:06.575+01:00 [     6] WARNING    - W&#xD;&#xD;
2024-01-09 15:43:06.575+01:00 [     6] WARNING    - W&#xD;&#xD;
2024-01-09 15:43:06.575+01:00 [     6] WARNING    - W&#xD;&#xD;
2024-01-09 15:43:06.575+01:00 [     6] WARNING    - W&#xD;&#xD;
2024-01-09 15:43:06.575+01:00 [     6] WARNING    - W&#xD;&#xD;
2024-01-09 15:43:06.575+01:00 [     6] WARNING    - W&#xD;&#xD;
2024-01-09 15:43:06.575+01:00 [     6] WARNING    - W&#xD;&#xD;
2024-01-09 15:43:06.575+01:00 [     6] WARNING    - W&#xD;&#xD;
2024-01-09 15:43:06.575+01:00 [     6] WARNING    - W&#xD;&#xD;
2024-01-09 15:43:06.575+01:00 [     6] WARNING    - W&#xD;&#xD;
2024-01-09 15:43:06.575+01:00 [     6] WARNING    - W&#xD;&#xD;
2024-01-09 15:43:06.575+01:00 [     6] WARNING    - W&#xD;&#xD;
2024-01-09 15:43:06.575+01:00 [     6] WARNING    - W&#xD;&#xD;
2024-01-09 15:43:06.575+01:00 [     6] WARNING    - W&#xD;&#xD;
2024-01-09 15:43:06.575+01:00 [     6] WARNING    - W&#xD;&#xD;
2024-01-09 15:43:06.575+01:00 [     6] WARNING    - W&#xD;&#xD;
2024-01-09 15:43:06.575+01:00 [     6] WARNING    - W&#xD;&#xD;
2024-01-09 15:43:06.575+01:00 [     6] WARNING    - W&#xD;&#xD;
2024-01-09 15:43:06.575+01:00 [     6] WARNING    - W&#xD;&#xD;
2024-01-09 15:43:06.575+01:00 [     6] WARNING    - W&#xD;&#xD;
2024-01-09 15:43:06.575+01:00 [     6] WARNING    - W&#xD;&#xD;
2024-01-09 15:43:06.575+01:00 [     6] WARNING    - W&#xD;&#xD;
2024-01-09 15:43:06.575+01:00 [     6] WARNING    - W&#xD;&#xD;
2024-01-09 15:43:06.575+01:00 [     6] WARNING    - W&#xD;&#xD;
2024-01-09 15:43:06.575+01:00 [     6] WARNING    - W&#xD;&#xD;
2024-01-09 15:43:06.575+01:00 [     6] WARNING    - W&#xD;&#xD;
2024-01-09 15:43:06.575+01:00 [     6] WARNING    - W&#xD;&#xD;
2024-01-09 15:43:06.575+01:00 [     6] WARNING    - W&#xD;&#xD;
2024-01-09 15:43:06.575+01:00 [     6] WARNING    - W&#xD;&#xD;
2024-01-09 15:43:06.575+01:00 [     6] WARNING    - W&#xD;&#xD;
2024-01-09 15:43:06.575+01:00 [     6] WARNING    - W&#xD;&#xD;
2024-01-09 15:43:06.575+01:00 [     6] WARNING    - W&#xD;&#xD;
2024-01-09 15:43:06.575+01:00 [     6] WARNING    - W&#xD;&#xD;
2024-01-09 15:43:06.575+01:00 [     6] WARNING    - W&#xD;&#xD;
2024-01-09 15:43:06.575+01:00 [     6] WARNING    - W&#xD;&#xD;
2024-01-09 15:43:06.575+01:00 [     6] WARNING    - W&#xD;&#xD;
2024-01-09 15:43:06.575+01:00 [     6] WARNING    - W&#xD;&#xD;
2024-01-09 15:43:06.575+01:00 [     6] WARNING    - W&#xD;&#xD;
2024-01-09 15:43:06.575+01:00 [     6] WARNING    - W&#xD;&#xD;
2024-01-09 15:43:06.575+01:00 [     6] WARNING    - W&#xD;&#xD;
2024-01-09 15:43:06.575+01:00 [     6] WARNING    - W&#xD;&#xD;
2024-01-09 15:43:06.575+01:00 [     6] WARNING    - W&#xD;&#xD;
2024-01-09 15:43:06.575+01:00 [     6] WARNING    - W&#xD;&#xD;
2024-01-09 15:43:06.575+01:00 [     6] WARNING    - W&#xD;&#xD;
2024-01-09 15:43:06.575+01:00 [     6] WARNING    - W&#xD;&#xD;
2024-01-09 15:43:06.575+01:00 [     6] WARNING    - W&#xD;&#xD;
2024-01-09 15:43:06.575+01:00 [     6] WARNING    - W&#xD;&#xD;
2024-01-09 15:43:06.575+01:00 [     6] WARNING    - W&#xD;&#xD;
2024-01-09 15:43:06.575+01:00 [     6] WARNING    - W&#xD;&#xD;
2024-01-09 15:43:06.575+01:00 [     6] WARNING    - W&#xD;&#xD;
2024-01-09 15:43:06.575+01:00 [     6] WARNING    - W&#xD;&#xD;
2024-01-09 15:43:06.575+01:00 [     6] WARNING    - W&#xD;&#xD;
2024-01-09 15:43:06.575+01:00 [     6] WARNING    - W&#xD;&#xD;
2024-01-09 15:43:06.575+01:00 [     6] WARNING    - W&#xD;&#xD;
2024-01-09 15:43:06.575+01:00 [     6] WARNING    - W&#xD;&#xD;
2024-01-09 15:43:06.575+01:00 [     6] WARNING    - W&#xD;&#xD;
2024-01-09 15:43:06.575+01:00 [     6] WARNING    - W&#xD;&#xD;
2024-01-09 15:43:06.575+01:00 [     6] WARNING    - W&#xD;&#xD;
2024-01-09 15:43:06.575+01:00 [     6] WARNING    - W&#xD;&#xD;
2024-01-09 15:43:06.575+01:00 [     6] WARNING    - W&#xD;&#xD;
2024-01-09 15:43:06.575+01:00 [     6] WARNING    - W&#xD;&#xD;
2024-01-09 15:43:06.575+01:00 [     6] WARNING    - W&#xD;&#xD;
2024-01-09 15:43:06.575+01:00 [     6] WARNING    - W&#xD;&#xD;
2024-01-09 15:43:06.575+01:00 [     6] WARNING    - W&#xD;&#xD;
2024-01-09 15:43:06.575+01:00 [     6] WARNING    - W&#xD;&#xD;
2024-01-09 15:43:06.575+01:00 [     6] WARNING    - W&#xD;&#xD;
2024-01-09 15:43:06.575+01:00 [     6] WARNING    - W&#xD;&#xD;
2024-01-09 15:43:06.575+01:00 [     6] WARNING    - W&#xD;&#xD;
2024-01-09 15:43:06.575+01:00 [     6] WARNING    - W&#xD;&#xD;
2024-01-09 15:43:06.575+01:00 [     6] WARNING    - W&#xD;&#xD;
2024-01-09 15:43:06.575+01:00 [     6] WARNING    - W&#xD;&#xD;
2024-01-09 15:43:06.575+01:00 [     6] WARNING    - W&#xD;&#xD;
2024-01-09 15:43:06.575+01:00 [     6] WARNING    - W&#xD;&#xD;
2024-01-09 15:43:06.575+01:00 [     6] WARNING    - W&#xD;&#xD;
2024-01-09 15:43:06.575+01:00 [     6] WARNING    - W&#xD;&#xD;
2024-01-09 15:43:06.575+01:00 [     6] WARNING    - W&#xD;&#xD;
2024-01-09 15:43:06.575+01:00 [     6] WARNING    - W&#xD;&#xD;
2024-01-09 15:43:06.575+01:00 [     6] WARNING    - W&#xD;&#xD;
2024-01-09 15:43:06.575+01:00 [     6] WARNING    - W&#xD;&#xD;
2024-01-09 15:43:06.575+01:00 [     6] WARNING    - W&#xD;&#xD;
2024-01-09 15:43:06.575+01:00 [     6] WARNING    - W&#xD;&#xD;
2024-01-09 15:43:06.575+01:00 [     6] WARNING    - W&#xD;&#xD;
2024-01-09 15:43:06.575+01:00 [     6] WARNING    - W&#xD;&#xD;
2024-01-09 15:43:06.575+01:00 [     6] WARNING    - W&#xD;&#xD;
2024-01-09 15:43:06.575+01:00 [     6] WARNING    - W&#xD;&#xD;
2024-01-09 15:43:06.575+01:00 [     6] WARNING    - W&#xD;&#xD;
2024-01-09 15:43:06.575+01:00 [     6] WARNING    - W&#xD;&#xD;
2024-01-09 15:43:06.575+01:00 [     6] WARNING    - W&#xD;&#xD;
2024-01-09 15:43:06.575+01:00 [     6] WARNING    - W&#xD;&#xD;
2024-01-09 15:43:06.575+01:00 [     6] WARNING    - W&#xD;&#xD;
2024-01-09 15:43:06.575+01:00 [     6] WARNING    - W&#xD;&#xD;
2024-01-09 15:43:06.575+01:00 [     6] WARNING    - W&#xD;&#xD;
2024-01-09 15:43:06.575+01:00 [     6] WARNING    - W&#xD;&#xD;
2024-01-09 15:43:06.575+01:00 [     6] WARNING    - W&#xD;&#xD;
2024-01-09 15:43:06.575+01:00 [     6] WARNING    - W&#xD;&#xD;
2024-01-09 15:43:06.575+01:00 [     6] WARNING    - W&#xD;&#xD;
2024-01-09 15:43:06.575+01:00 [     6] WARNING    - W&#xD;&#xD;
2024-01-09 15:43:06.575+01:00 [     6] WARNING    - W&#xD;&#xD;
2024-01-09 15:43:06.575+01:00 [     6] WARNING    - W&#xD;&#xD;
2024-01-09 15:43:06.575+01:00 [     6] WARNING    - W&#xD;&#xD;
2024-01-09 15:43:06.575+01:00 [     6] WARNING    - W&#xD;&#xD;
2024-01-09 15:43:06.575+01:00 [     6] WARNING    - W&#xD;&#xD;
2024-01-09 15:43:06.575+01:00 [     6] WARNING    - W&#xD;&#xD;
2024-01-09 15:43:06.575+01:00 [     6] WARNING    - W&#xD;&#xD;
2024-01-09 15:43:06.575+01:00 [     6] WARNING    - W&#xD;&#xD;
2024-01-09 15:43:06.575+01:00 [     6] WARNING    - W&#xD;&#xD;
2024-01-09 15:43:06.575+01:00 [     6] WARNING    - W&#xD;&#xD;
2024-01-09 15:43:06.575+01:00 [     6] WARNING    - W&#xD;&#xD;
2024-01-09 15:43:06.575+01:00 [     6] WARNING    - W&#xD;&#xD;
2024-01-09 15:43:06.575+01:00 [     6] WARNING    - W&#xD;&#xD;
2024-01-09 15:43:06.575+01:00 [     6] WARNING    - W&#xD;&#xD;
2024-01-09 15:43:06.575+01:00 [     6] WARNING    - W&#xD;&#xD;
2024-01-09 15:43:06.575+01:00 [     6] WARNING    - W&#xD;&#xD;
2024-01-09 15:43:06.575+01:00 [     6] WARNING    - W&#xD;&#xD;
2024-01-09 15:43:06.575+01:00 [     6] WARNING    - W&#xD;&#xD;
2024-01-09 15:43:06.575+01:00 [     6] WARNING    - W&#xD;&#xD;
2024-01-09 15:43:06.575+01:00 [     6] WARNING    - W&#xD;&#xD;
2024-01-09 15:43:06.575+01:00 [     6] WARNING    - W&#xD;&#xD;
2024-01-09 15:43:06.575+01:00 [     6] WARNING    - W&#xD;&#xD;
2024-01-09 15:43:06.575+01:00 [     6] WARNING    - W&#xD;&#xD;
2024-01-09 15:43:06.575+01:00 [     6] WARNING    - W&#xD;&#xD;
2024-01-09 15:43:06.575+01:00 [     6] WARNING    - W&#xD;&#xD;
2024-01-09 15:43:06.575+01:00 [     6] WARNING    - W&#xD;&#xD;
2024-01-09 15:43:06.575+01:00 [     6] WARNING    - W&#xD;&#xD;
2024-01-09 15:43:06.575+01:00 [     6] WARNING    - W&#xD;&#xD;
2024-01-09 15:43:06.575+01:00 [     6] WARNING    - W&#xD;&#xD;
2024-01-09 15:43:06.575+01:00 [     6] WARNING    - W&#xD;&#xD;
2024-01-09 15:43:06.575+01:00 [     6] WARNING    - W&#xD;&#xD;
2024-01-09 15:43:06.575+01:00 [     6] WARNING    - W&#xD;&#xD;
2024-01-09 15:43:06.575+01:00 [     6] WARNING    - W&#xD;&#xD;
2024-01-09 15:43:06.575+01:00 [     6] WARNING    - W&#xD;&#xD;
2024-01-09 15:43:06.575+01:00 [     6] WARNING    - W&#xD;&#xD;
2024-01-09 15:43:06.575+01:00 [     6] WARNING    - W&#xD;&#xD;
2024-01-09 15:43:06.575+01:00 [     6] WARNING    - W&#xD;&#xD;
2024-01-09 15:43:06.575+01:00 [     6] WARNING    - W&#xD;&#xD;
2024-01-09 15:43:06.575+01:00 [     6] WARNING    - W&#xD;&#xD;
2024-01-09 15:43:06.575+01:00 [     6] WARNING    - W&#xD;&#xD;
2024-01-09 15:43:06.575+01:00 [     6] WARNING    - W&#xD;&#xD;
2024-01-09 15:43:06.575+01:00 [     6] WARNING    - W&#xD;&#xD;
2024-01-09 15:43:06.575+01:00 [     6] WARNING    - W&#xD;&#xD;
2024-01-09 15:43:06.575+01:00 [     6] WARNING    - W&#xD;&#xD;
2024-01-09 15:43:06.575+01:00 [     6] WARNING    - W&#xD;&#xD;
2024-01-09 15:43:06.575+01:00 [     6] WARNING    - W&#xD;&#xD;
2024-01-09 15:43:06.575+01:00 [     6] WARNING    - W&#xD;&#xD;
2024-01-09 15:43:06.575+01:00 [     6] WARNING    - W&#xD;&#xD;
2024-01-09 15:43:06.575+01:00 [     6] WARNING    - W&#xD;&#xD;
2024-01-09 15:43:06.575+01:00 [     6] WARNING    - W&#xD;&#xD;
2024-01-09 15:43:06.575+01:00 [     6] WARNING    - W&#xD;&#xD;
2024-01-09 15:43:06.575+01:00 [     6] WARNING    - W&#xD;&#xD;
2024-01-09 15:43:06.575+01:00 [     6] WARNING    - W&#xD;&#xD;
2024-01-09 15:43:06.575+01:00 [     6] WARNING    - W&#xD;&#xD;
2024-01-09 15:43:06.575+01:00 [     6] WARNING    - W&#xD;&#xD;
2024-01-09 15:43:06.575+01:00 [     6] WARNING    - W&#xD;&#xD;
2024-01-09 15:43:06.575+01:00 [     6] WARNING    - W&#xD;&#xD;
2024-01-09 15:43:06.575+01:00 [     6] WARNING    - W&#xD;&#xD;
2024-01-09 15:43:06.575+01:00 [     6] WARNING    - W&#xD;&#xD;
2024-01-09 15:43:06.575+01:00 [     6] WARNING    - W&#xD;&#xD;
2024-01-09 15:43:06.575+01:00 [     6] WARNING    - W&#xD;&#xD;
2024-01-09 15:43:06.575+01:00 [     6] WARNING    - W&#xD;&#xD;
2024-01-09 15:43:06.575+01:00 [     6] WARNING    - W&#xD;&#xD;
2024-01-09 15:43:06.575+01:00 [     6] WARNING    - W&#xD;&#xD;
2024-01-09 15:43:06.575+01:00 [     6] WARNING    - W&#xD;&#xD;
2024-01-09 15:43:06.575+01:00 [     6] WARNING    - W&#xD;&#xD;
2024-01-09 15:43:06.575+01:00 [     6] WARNING    - W&#xD;&#xD;
2024-01-09 15:43:06.575+01:00 [     6] WARNING    - W&#xD;&#xD;
2024-01-09 15:43:06.575+01:00 [     6] WARNING    - W&#xD;&#xD;
2024-01-09 15:43:06.575+01:00 [     6] WARNING    - W&#xD;&#xD;
2024-01-09 15:43:06.575+01:00 [     6] WARNING    - W&#xD;&#xD;
2024-01-09 15:43:06.575+01:00 [     6] WARNING    - W&#xD;&#xD;
2024-01-09 15:43:06.575+01:00 [     6] WARNING    - W&#xD;&#xD;
2024-01-09 15:43:06.575+01:00 [     6] WARNING    - W&#xD;&#xD;
2024-01-09 15:43:06.575+01:00 [     6] WARNING    - W&#xD;&#xD;
2024-01-09 15:43:06.575+01:00 [     6] WARNING    - W&#xD;&#xD;
2024-01-09 15:43:06.575+01:00 [     6] WARNING    - W&#xD;&#xD;
2024-01-09 15:43:06.575+01:00 [     6] WARNING    - W&#xD;&#xD;
2024-01-09 15:43:06.575+01:00 [     6] WARNING    - W&#xD;&#xD;
2024-01-09 15:43:06.575+01:00 [     6] WARNING    - W&#xD;&#xD;
2024-01-09 15:43:06.575+01:00 [     6] WARNING    - W&#xD;&#xD;
2024-01-09 15:43:06.575+01:00 [     6] WARNING    - W&#xD;&#xD;
2024-01-09 15:43:06.575+01:00 [     6] WARNING    - W&#xD;&#xD;
2024-01-09 15:43:06.575+01:00 [     6] WARNING    - W&#xD;&#xD;
2024-01-09 15:43:06.575+01:00 [     6] WARNING    - W&#xD;&#xD;
2024-01-09 15:43:06.575+01:00 [     6] WARNING    - W&#xD;&#xD;
2024-01-09 15:43:06.575+01:00 [     6] WARNING    - W&#xD;&#xD;
2024-01-09 15:43:06.575+01:00 [     6] WARNING    - W&#xD;&#xD;
2024-01-09 15:43:06.575+01:00 [     6] WARNING    - W&#xD;&#xD;
2024-01-09 15:43:06.575+01:00 [     6] WARNING    - W&#xD;&#xD;
2024-01-09 15:43:06.575+01:00 [     6] WARNING    - W&#xD;&#xD;
2024-01-09 15:43:06.575+01:00 [     6] WARNING    - W&#xD;&#xD;
2024-01-09 15:43:06.575+01:00 [     6] WARNING    - W&#xD;&#xD;
2024-01-09 15:43:06.575+01:00 [     6] WARNING    - W&#xD;&#xD;
2024-01-09 15:43:06.575+01:00 [     6] WARNING    - W&#xD;&#xD;
2024-01-09 15:43:06.575+01:00 [     6] WARNING    - W&#xD;&#xD;
2024-01-09 15:43:06.575+01:00 [     6] WARNING    - W&#xD;&#xD;
2024-01-09 15:43:06.575+01:00 [     6] WARNING    - W&#xD;&#xD;
2024-01-09 15:43:06.575+01:00 [     6] WARNING    - W&#xD;&#xD;
2024-01-09 15:43:06.575+01:00 [     6] WARNING    - W&#xD;&#xD;
2024-01-09 15:43:06.575+01:00 [     6] WARNING    - W&#xD;&#xD;
2024-01-09 15:43:06.575+01:00 [     6] WARNING    - W&#xD;&#xD;
2024-01-09 15:43:06.575+01:00 [     6] WARNING    - W&#xD;&#xD;
2024-01-09 15:43:06.575+01:00 [     6] WARNING    - W&#xD;&#xD;
2024-01-09 15:43:06.575+01:00 [     6] WARNING    - W&#xD;&#xD;
2024-01-09 15:43:06.575+01:00 [     6] WARNING    - W&#xD;&#xD;
2024-01-09 15:43:06.575+01:00 [     6] WARNING    - W&#xD;&#xD;
2024-01-09 15:43:06.575+01:00 [     6] WARNING    - W&#xD;&#xD;
2024-01-09 15:43:06.575+01:00 [     6] WARNING    - W&#xD;&#xD;
2024-01-09 15:43:06.575+01:00 [     6] WARNING    - W&#xD;&#xD;
2024-01-09 15:43:06.575+01:00 [     6] WARNING    - W&#xD;&#xD;
2024-01-09 15:43:06.575+01:00 [     6] WARNING    - W&#xD;&#xD;
2024-01-09 15:43:06.575+01:00 [     6] WARNING    - W&#xD;&#xD;
2024-01-09 15:43:06.575+01:00 [     6] WARNING    - W&#xD;&#xD;
2024-01-09 15:43:06.575+01:00 [     6] WARNING    - W&#xD;&#xD;
2024-01-09 15:43:06.575+01:00 [     6] WARNING    - W&#xD;&#xD;
2024-01-09 15:43:06.575+01:00 [     6] WARNING    - W&#xD;&#xD;
2024-01-09 15:43:06.575+01:00 [     6] WARNING    - W&#xD;&#xD;
2024-01-09 15:43:06.575+01:00 [     6] WARNING    - W&#xD;&#xD;
2024-01-09 15:43:06.575+01:00 [     6] WARNING    - W&#xD;&#xD;
2024-01-09 15:43:06.575+01:00 [     6] WARNING    - W&#xD;&#xD;
2024-01-09 15:43:06.575+01:00 [     6] WARNING    - W&#xD;&#xD;
2024-01-09 15:43:06.575+01:00 [     6] WARNING    - W&#xD;&#xD;
2024-01-09 15:43:06.575+01:00 [     6] WARNING    - W&#xD;&#xD;
2024-01-09 15:43:06.575+01:00 [     6] WARNING    - W&#xD;&#xD;
2024-01-09 15:43:06.575+01:00 [     6] WARNING    - W&#xD;&#xD;
2024-01-09 15:43:06.575+01:00 [     6] WARNING    - W&#xD;&#xD;
2024-01-09 15:43:06.575+01:00 [     6] WARNING    - W&#xD;&#xD;
2024-01-09 15:43:06.575+01:00 [     6] WARNING    - W&#xD;&#xD;
2024-01-09 15:43:06.575+01:00 [     6] WARNING    - W&#xD;&#xD;
2024-01-09 15:43:06.575+01:00 [     6] WARNING    - W&#xD;&#xD;
2024-01-09 15:43:06.575+01:00 [     6] WARNING    - W&#xD;&#xD;
2024-01-09 15:43:06.575+01:00 [     6] WARNING    - W&#xD;&#xD;
2024-01-09 15:43:06.575+01:00 [     6] WARNING    - W&#xD;&#xD;
2024-01-09 15:43:06.575+01:00 [     6] WARNING    - W&#xD;&#xD;
2024-01-09 15:43:06.575+01:00 [     6] WARNING    - W&#xD;&#xD;
2024-01-09 15:43:06.575+01:00 [     6] WARNING    - W&#xD;&#xD;
2024-01-09 15:43:06.575+01:00 [     6] WARNING    - W&#xD;&#xD;
2024-01-09 15:43:06.575+01:00 [     6] WARNING    - W&#xD;&#xD;
2024-01-09 15:43:06.575+01:00 [     6] WARNING    - W&#xD;&#xD;
2024-01-09 15:43:06.575+01:00 [     6] WARNING    - W&#xD;&#xD;
2024-01-09 15:43:06.575+01:00 [     6] WARNING    - W&#xD;&#xD;
2024-01-09 15:43:06.575+01:00 [     6] WARNING    - W&#xD;&#xD;
2024-01-09 15:43:06.575+01:00 [     6] WARNING    - W&#xD;&#xD;
2024-01-09 15:43:06.575+01:00 [     6] WARNING    - W&#xD;&#xD;
2024-01-09 15:43:06.575+01:00 [     6] WARNING    - W&#xD;&#xD;
2024-01-09 15:43:06.575+01:00 [     6] WARNING    - W&#xD;&#xD;
2024-01-09 15:43:06.575+01:00 [     6] WARNING    - W&#xD;&#xD;
2024-01-09 15:43:06.575+01:00 [     6] WARNING    - W&#xD;&#xD;
2024-01-09 15:43:06.575+01:00 [     6] WARNING    - W&#xD;&#xD;
2024-01-09 15:43:06.575+01:00 [     6] WARNING    - W&#xD;&#xD;
2024-01-09 15:43:06.575+01:00 [     6] WARNING    - W&#xD;&#xD;
2024-01-09 15:43:06.575+01:00 [     6] WARNING    - W&#xD;&#xD;
2024-01-09 15:43:06.575+01:00 [     6] WARNING    - W&#xD;&#xD;
2024-01-09 15:43:06.575+01:00 [     6] WARNING    - W&#xD;&#xD;
2024-01-09 15:43:06.575+01:00 [     6] WARNING    - W&#xD;&#xD;
2024-01-09 15:43:06.575+01:00 [     6] WARNING    - W&#xD;&#xD;
2024-01-09 15:43:06.575+01:00 [     6] WARNING    - W&#xD;&#xD;
2024-01-09 15:43:06.575+01:00 [     6] WARNING    - W&#xD;&#xD;
2024-01-09 15:43:06.575+01:00 [     6] WARNING    - W&#xD;&#xD;
2024-01-09 15:43:06.575+01:00 [     6] WARNING    - W&#xD;&#xD;
2024-01-09 15:43:06.575+01:00 [     6] WARNING    - W&#xD;&#xD;
2024-01-09 15:43:06.575+01:00 [     6] WARNING    - W&#xD;&#xD;
2024-01-09 15:43:06.575+01:00 [     6] WARNING    - W&#xD;&#xD;
2024-01-09 15:43:06.575+01:00 [     6] WARNING    - W&#xD;&#xD;
2024-01-09 15:43:06.575+01:00 [     6] WARNING    - W&#xD;&#xD;
2024-01-09 15:43:06.575+01:00 [     6] WARNING    - W&#xD;&#xD;
2024-01-09 15:43:06.575+01:00 [     6] WARNING    - W&#xD;&#xD;
2024-01-09 15:43:06.575+01:00 [     6] WARNING    - W&#xD;&#xD;
2024-01-09 15:43:06.575+01:00 [     6] WARNING    - W&#xD;&#xD;
2024-01-09 15:43:06.575+01:00 [     6] WARNING    - W&#xD;&#xD;
2024-01-09 15:43:06.575+01:00 [     6] WARNING    - W&#xD;&#xD;
2024-01-09 15:43:06.575+01:00 [     6] WARNING    - W&#xD;&#xD;
2024-01-09 15:43:06.575+01:00 [     6] WARNING    - W&#xD;&#xD;
2024-01-09 15:43:06.575+01:00 [     6] WARNING    - W&#xD;&#xD;
2024-01-09 15:43:06.575+01:00 [     6] WARNING    - W&#xD;&#xD;
2024-01-09 15:43:06.575+01:00 [     6] WARNING    - W&#xD;&#xD;
2024-01-09 15:43:06.575+01:00 [     6] WARNING    - W&#xD;&#xD;
2024-01-09 15:43:06.575+01:00 [     6] WARNING    - W&#xD;&#xD;
2024-01-09 15:43:06.575+01:00 [     6] WARNING    - W&#xD;&#xD;
2024-01-09 15:43:06.575+01:00 [     6] WARNING    - W&#xD;&#xD;
2024-01-09 15:43:06.575+01:00 [     6] WARNING    - W&#xD;&#xD;
2024-01-09 15:43:06.575+01:00 [     6] WARNING    - W&#xD;&#xD;
2024-01-09 15:43:06.575+01:00 [     6] WARNING    - W&#xD;&#xD;
2024-01-09 15:43:06.575+01:00 [     6] WARNING    - W&#xD;&#xD;
2024-01-09 15:43:06.575+01:00 [     6] WARNING    - W&#xD;&#xD;
2024-01-09 15:43:06.575+01:00 [     6] WARNING    - W&#xD;&#xD;
2024-01-09 15:43:06.575+01:00 [     6] WARNING    - W&#xD;&#xD;
2024-01-09 15:43:06.575+01:00 [     6] WARNING    - W&#xD;&#xD;
2024-01-09 15:43:06.575+01:00 [     6] WARNING    - W&#xD;&#xD;
2024-01-09 15:43:06.575+01:00 [     6] WARNING    - W&#xD;&#xD;
2024-01-09 15:43:06.575+01:00 [     6] WARNING    - W&#xD;&#xD;
2024-01-09 15:43:06.575+01:00 [     6] WARNING    - W&#xD;&#xD;
2024-01-09 15:43:06.575+01:00 [     6] WARNING    - W&#xD;&#xD;
2024-01-09 15:43:06.575+01:00 [     6] WARNING    - W&#xD;&#xD;
2024-01-09 15:43:06.575+01:00 [     6] WARNING    - W&#xD;&#xD;
2024-01-09 15:43:06.575+01:00 [     6] WARNING    - W&#xD;&#xD;
2024-01-09 15:43:06.575+01:00 [     6] WARNING    - W&#xD;&#xD;
2024-01-09 15:43:06.575+01:00 [     6] WARNING    - W&#xD;&#xD;
2024-01-09 15:43:06.575+01:00 [     6] WARNING    - W&#xD;&#xD;
2024-01-09 15:43:06.575+01:00 [     6] WARNING    - W&#xD;&#xD;
2024-01-09 15:43:06.575+01:00 [     6] WARNING    - W&#xD;&#xD;
2024-01-09 15:43:06.575+01:00 [     6] WARNING    - W&#xD;&#xD;
2024-01-09 15:43:06.575+01:00 [     6] WARNING    - W&#xD;&#xD;
2024-01-09 15:43:06.575+01:00 [     6] WARNING    - W&#xD;&#xD;
2024-01-09 15:43:06.575+01:00 [     6] WARNING    - W&#xD;&#xD;
2024-01-09 15:43:06.575+01:00 [     6] WARNING    - W&#xD;&#xD;
2024-01-09 15:43:06.575+01:00 [     6] WARNING    - W&#xD;&#xD;
2024-01-09 15:43:06.575+01:00 [     6] WARNING    - W&#xD;&#xD;
2024-01-09 15:43:06.575+01:00 [     6] WARNING    - W&#xD;&#xD;
2024-01-09 15:43:06.575+01:00 [     6] WARNING    - W&#xD;&#xD;
2024-01-09 15:43:06.575+01:00 [     6] WARNING    - W&#xD;&#xD;
2024-01-09 15:43:06.575+01:00 [     6] WARNING    - W&#xD;&#xD;
2024-01-09 15:43:06.575+01:00 [     6] WARNING    - W&#xD;&#xD;
2024-01-09 15:43:06.575+01:00 [     6] WARNING    - W&#xD;&#xD;
2024-01-09 15:43:06.575+01:00 [     6] WARNING    - W&#xD;&#xD;
2024-01-09 15:43:06.591+01:00 [     6] WARNING    - W&#xD;&#xD;
2024-01-09 15:43:06.591+01:00 [     6] WARNING    - W&#xD;&#xD;
2024-01-09 15:43:06.591+01:00 [     6] WARNING    - W&#xD;&#xD;
2024-01-09 15:43:06.591+01:00 [     6] WARNING    - W&#xD;&#xD;
2024-01-09 15:43:06.591+01:00 [     6] WARNING    - W&#xD;&#xD;
2024-01-09 15:43:06.591+01:00 [     6] WARNING    - W&#xD;&#xD;
2024-01-09 15:43:06.591+01:00 [     6] WARNING    - W&#xD;&#xD;
2024-01-09 15:43:06.591+01:00 [     6] WARNING    - W&#xD;&#xD;
2024-01-09 15:43:06.591+01:00 [     6] WARNING    - W&#xD;&#xD;
2024-01-09 15:43:06.591+01:00 [     6] WARNING    - W&#xD;&#xD;
2024-01-09 15:43:06.591+01:00 [     6] WARNING    - W&#xD;&#xD;
2024-01-09 15:43:06.591+01:00 [     6] WARNING    - W&#xD;&#xD;
2024-01-09 15:43:06.591+01:00 [     6] WARNING    - W&#xD;&#xD;
2024-01-09 15:43:06.591+01:00 [     6] WARNING    - W&#xD;&#xD;
2024-01-09 15:43:06.591+01:00 [     6] WARNING    - W&#xD;&#xD;
2024-01-09 15:43:06.591+01:00 [     6] WARNING    - W&#xD;&#xD;
2024-01-09 15:43:06.591+01:00 [     6] WARNING    - W&#xD;&#xD;
2024-01-09 15:43:06.591+01:00 [     6] WARNING    - W&#xD;&#xD;
2024-01-09 15:43:06.591+01:00 [     6] WARNING    - W&#xD;&#xD;
2024-01-09 15:43:06.591+01:00 [     6] WARNING    - W&#xD;&#xD;
2024-01-09 15:43:06.591+01:00 [     6] WARNING    - W&#xD;&#xD;
2024-01-09 15:43:06.591+01:00 [     6] WARNING    - W&#xD;&#xD;
2024-01-09 15:43:06.591+01:00 [     6] WARNING    - W&#xD;&#xD;
2024-01-09 15:43:06.591+01:00 [     6] WARNING    - W&#xD;&#xD;
2024-01-09 15:43:06.591+01:00 [     6] WARNING    - W&#xD;&#xD;
2024-01-09 15:43:06.591+01:00 [     6] WARNING    - W&#xD;&#xD;
2024-01-09 15:43:06.591+01:00 [     6] WARNING    - W&#xD;&#xD;
2024-01-09 15:43:06.591+01:00 [     6] WARNING    - W&#xD;&#xD;
2024-01-09 15:43:06.591+01:00 [     6] WARNING    - W&#xD;&#xD;
2024-01-09 15:43:06.591+01:00 [     6] WARNING    - W&#xD;&#xD;
2024-01-09 15:43:06.591+01:00 [     6] WARNING    - W&#xD;&#xD;
2024-01-09 15:43:06.591+01:00 [     6] WARNING    - W&#xD;&#xD;
2024-01-09 15:43:06.591+01:00 [     6] WARNING    - W&#xD;&#xD;
2024-01-09 15:43:06.591+01:00 [     6] WARNING    - W&#xD;&#xD;
2024-01-09 15:43:06.591+01:00 [     6] WARNING    - W&#xD;&#xD;
2024-01-09 15:43:06.591+01:00 [     6] WARNING    - W&#xD;&#xD;
2024-01-09 15:43:06.591+01:00 [     6] WARNING    - W&#xD;&#xD;
2024-01-09 15:43:06.591+01:00 [     6] WARNING    - W&#xD;&#xD;
2024-01-09 15:43:06.591+01:00 [     6] WARNING    - W&#xD;&#xD;
2024-01-09 15:43:06.591+01:00 [     6] WARNING    - W&#xD;&#xD;
2024-01-09 15:43:06.591+01:00 [     6] WARNING    - W&#xD;&#xD;
2024-01-09 15:43:06.591+01:00 [     6] WARNING    - W&#xD;&#xD;
2024-01-09 15:43:06.591+01:00 [     6] WARNING    - W&#xD;&#xD;
2024-01-09 15:43:06.591+01:00 [     6] WARNING    - W&#xD;&#xD;
2024-01-09 15:43:06.591+01:00 [     6] WARNING    - W&#xD;&#xD;
2024-01-09 15:43:06.591+01:00 [     6] WARNING    - W&#xD;&#xD;
2024-01-09 15:43:06.591+01:00 [     6] WARNING    - W&#xD;&#xD;
2024-01-09 15:43:06.591+01:00 [     6] WARNING    - W&#xD;&#xD;
2024-01-09 15:43:06.591+01:00 [     6] WARNING    - W&#xD;&#xD;
2024-01-09 15:43:06.591+01:00 [     6] WARNING    - W&#xD;&#xD;
2024-01-09 15:43:06.591+01:00 [     6] WARNING    - W&#xD;&#xD;
2024-01-09 15:43:06.591+01:00 [     6] WARNING    - W&#xD;&#xD;
2024-01-09 15:43:06.591+01:00 [     6] WARNING    - W&#xD;&#xD;
2024-01-09 15:43:06.591+01:00 [     6] WARNING    - W&#xD;&#xD;
2024-01-09 15:43:06.591+01:00 [     6] WARNING    - W&#xD;&#xD;
2024-01-09 15:43:06.591+01:00 [     6] WARNING    - W&#xD;&#xD;
2024-01-09 15:43:06.591+01:00 [     6] WARNING    - W&#xD;&#xD;
2024-01-09 15:43:06.591+01:00 [     6] WARNING    - W&#xD;&#xD;
2024-01-09 15:43:06.591+01:00 [     6] WARNING    - W&#xD;&#xD;
2024-01-09 15:43:06.591+01:00 [     6] WARNING    - W&#xD;&#xD;
2024-01-09 15:43:06.591+01:00 [     6] WARNING    - W&#xD;&#xD;
2024-01-09 15:43:06.591+01:00 [     6] WARNING    - W&#xD;&#xD;
2024-01-09 15:43:06.591+01:00 [     6] WARNING    - W&#xD;&#xD;
2024-01-09 15:43:06.591+01:00 [     6] WARNING    - W&#xD;&#xD;
2024-01-09 15:43:06.591+01:00 [     6] WARNING    - W&#xD;&#xD;
2024-01-09 15:43:06.591+01:00 [     6] WARNING    - W&#xD;&#xD;
2024-01-09 15:43:06.591+01:00 [     6] WARNING    - W&#xD;&#xD;
2024-01-09 15:43:06.591+01:00 [     6] WARNING    - W&#xD;&#xD;
2024-01-09 15:43:06.591+01:00 [     6] WARNING    - W&#xD;&#xD;
2024-01-09 15:43:06.591+01:00 [     6] WARNING    - W&#xD;&#xD;
2024-01-09 15:43:06.591+01:00 [     6] WARNING    - W&#xD;&#xD;
2024-01-09 15:43:06.591+01:00 [     6] WARNING    - W&#xD;&#xD;
2024-01-09 15:43:06.591+01:00 [     6] WARNING    - W&#xD;&#xD;
2024-01-09 15:43:06.591+01:00 [     6] WARNING    - W&#xD;&#xD;
2024-01-09 15:43:06.591+01:00 [     6] WARNING    - W&#xD;&#xD;
2024-01-09 15:43:06.591+01:00 [     6] WARNING    - W&#xD;&#xD;
2024-01-09 15:43:06.591+01:00 [     6] WARNING    - W&#xD;&#xD;
2024-01-09 15:43:06.591+01:00 [     6] WARNING    - W&#xD;&#xD;
2024-01-09 15:43:06.591+01:00 [     6] WARNING    - W&#xD;&#xD;
2024-01-09 15:43:06.591+01:00 [     6] WARNING    - W&#xD;&#xD;
2024-01-09 15:43:06.591+01:00 [     6] WARNING    - W&#xD;&#xD;
2024-01-09 15:43:06.591+01:00 [     6] WARNING    - W&#xD;&#xD;
2024-01-09 15:43:06.591+01:00 [     6] WARNING    - W&#xD;&#xD;
2024-01-09 15:43:06.591+01:00 [     6] WARNING    - W&#xD;&#xD;
2024-01-09 15:43:06.591+01:00 [     6] WARNING    - W&#xD;&#xD;
2024-01-09 15:43:06.591+01:00 [     6] WARNING    - W&#xD;&#xD;
2024-01-09 15:43:06.591+01:00 [     6] WARNING    - W&#xD;&#xD;
2024-01-09 15:43:06.591+01:00 [     6] WARNING    - W&#xD;&#xD;
2024-01-09 15:43:06.591+01:00 [     6] WARNING    - W&#xD;&#xD;
2024-01-09 15:43:06.591+01:00 [     6] WARNING    - W&#xD;&#xD;
2024-01-09 15:43:06.591+01:00 [     6] WARNING    - W&#xD;&#xD;
2024-01-09 15:43:06.591+01:00 [     6] WARNING    - W&#xD;&#xD;
2024-01-09 15:43:06.591+01:00 [     6] WARNING    - W&#xD;&#xD;
2024-01-09 15:43:06.591+01:00 [     6] WARNING    - W&#xD;&#xD;
2024-01-09 15:43:06.591+01:00 [     6] WARNING    - W&#xD;&#xD;
2024-01-09 15:43:06.591+01:00 [     6] WARNING    - W&#xD;&#xD;
2024-01-09 15:43:06.591+01:00 [     6] WARNING    - W&#xD;&#xD;
2024-01-09 15:43:06.591+01:00 [     6] WARNING    - W&#xD;&#xD;
2024-01-09 15:43:06.591+01:00 [     6] WARNING    - W&#xD;&#xD;
2024-01-09 15:43:06.591+01:00 [     6] WARNING    - W&#xD;&#xD;
2024-01-09 15:43:06.591+01:00 [     6] WARNING    - W&#xD;&#xD;
2024-01-09 15:43:06.591+01:00 [     6] WARNING    - W&#xD;&#xD;
2024-01-09 15:43:06.591+01:00 [     6] WARNING    - W&#xD;&#xD;
2024-01-09 15:43:06.591+01:00 [     6] WARNING    - W&#xD;&#xD;
2024-01-09 15:43:06.591+01:00 [     6] WARNING    - W&#xD;&#xD;
2024-01-09 15:43:06.591+01:00 [     6] WARNING    - W&#xD;&#xD;
2024-01-09 15:43:06.591+01:00 [     6] WARNING    - W&#xD;&#xD;
2024-01-09 15:43:06.591+01:00 [     6] WARNING    - W&#xD;&#xD;
2024-01-09 15:43:06.591+01:00 [     6] WARNING    - W&#xD;&#xD;
2024-01-09 15:43:06.591+01:00 [     6] WARNING    - W&#xD;&#xD;
2024-01-09 15:43:06.591+01:00 [     6] WARNING    - W&#xD;&#xD;
2024-01-09 15:43:06.591+01:00 [     6] WARNING    - W&#xD;&#xD;
2024-01-09 15:43:06.591+01:00 [     6] WARNING    - W&#xD;&#xD;
2024-01-09 15:43:06.591+01:00 [     6] WARNING    - W&#xD;&#xD;
2024-01-09 15:43:06.591+01:00 [     6] WARNING    - W&#xD;&#xD;
2024-01-09 15:43:06.591+01:00 [     6] WARNING    - W&#xD;&#xD;
2024-01-09 15:43:06.591+01:00 [     6] WARNING    - W&#xD;&#xD;
2024-01-09 15:43:06.591+01:00 [     6] WARNING    - W&#xD;&#xD;
2024-01-09 15:43:06.591+01:00 [     6] WARNING    - W&#xD;&#xD;
2024-01-09 15:43:06.591+01:00 [     6] WARNING    - W&#xD;&#xD;
2024-01-09 15:43:06.591+01:00 [     6] WARNING    - W&#xD;&#xD;
2024-01-09 15:43:06.591+01:00 [     6] WARNING    - W&#xD;&#xD;
2024-01-09 15:43:06.591+01:00 [     6] WARNING    - W&#xD;&#xD;
2024-01-09 15:43:06.591+01:00 [     6] WARNING    - W&#xD;&#xD;
2024-01-09 15:43:06.591+01:00 [     6] WARNING    - W&#xD;&#xD;
2024-01-09 15:43:06.591+01:00 [     6] WARNING    - W&#xD;&#xD;
2024-01-09 15:43:06.591+01:00 [     6] WARNING    - W&#xD;&#xD;
2024-01-09 15:43:06.591+01:00 [     6] WARNING    - W&#xD;&#xD;
2024-01-09 15:43:06.591+01:00 [     6] WARNING    - W&#xD;&#xD;
2024-01-09 15:43:06.591+01:00 [     6] WARNING    - W&#xD;&#xD;
2024-01-09 15:43:06.591+01:00 [     6] WARNING    - W&#xD;&#xD;
2024-01-09 15:43:06.591+01:00 [     6] WARNING    - W&#xD;&#xD;
2024-01-09 15:43:06.591+01:00 [     6] WARNING    - W&#xD;&#xD;
2024-01-09 15:43:06.591+01:00 [     6] WARNING    - W&#xD;&#xD;
2024-01-09 15:43:06.591+01:00 [     6] WARNING    - W&#xD;&#xD;
2024-01-09 15:43:06.591+01:00 [     6] WARNING    - W&#xD;&#xD;
2024-01-09 15:43:06.591+01:00 [     6] WARNING    - W&#xD;&#xD;
2024-01-09 15:43:06.591+01:00 [     6] WARNING    - W&#xD;&#xD;
2024-01-09 15:43:06.591+01:00 [     6] WARNING    - W&#xD;&#xD;
2024-01-09 15:43:06.591+01:00 [     6] WARNING    - W&#xD;&#xD;
2024-01-09 15:43:06.591+01:00 [     6] WARNING    - W&#xD;&#xD;
2024-01-09 15:43:06.591+01:00 [     6] WARNING    - W&#xD;&#xD;
2024-01-09 15:43:06.591+01:00 [     6] WARNING    - W&#xD;&#xD;
2024-01-09 15:43:06.591+01:00 [     6] WARNING    - W&#xD;&#xD;
2024-01-09 15:43:06.591+01:00 [     6] WARNING    - W&#xD;&#xD;
2024-01-09 15:43:06.591+01:00 [     6] WARNING    - W&#xD;&#xD;
2024-01-09 15:43:06.591+01:00 [     6] WARNING    - W&#xD;&#xD;
2024-01-09 15:43:06.591+01:00 [     6] WARNING    - W&#xD;&#xD;
2024-01-09 15:43:06.591+01:00 [     6] WARNING    - W&#xD;&#xD;
2024-01-09 15:43:06.591+01:00 [     6] WARNING    - W&#xD;&#xD;
2024-01-09 15:43:06.591+01:00 [     6] WARNING    - W&#xD;&#xD;
2024-01-09 15:43:06.591+01:00 [     6] WARNING    - W&#xD;&#xD;
2024-01-09 15:43:06.591+01:00 [     6] WARNING    - W&#xD;&#xD;
2024-01-09 15:43:06.591+01:00 [     6] WARNING    - W&#xD;&#xD;
2024-01-09 15:43:06.591+01:00 [     6] WARNING    - W&#xD;&#xD;
2024-01-09 15:43:06.591+01:00 [     6] WARNING    - W&#xD;&#xD;
2024-01-09 15:43:06.591+01:00 [     6] WARNING    - W&#xD;&#xD;
2024-01-09 15:43:06.591+01:00 [     6] WARNING    - W&#xD;&#xD;
2024-01-09 15:43:06.591+01:00 [     6] WARNING    - W&#xD;&#xD;
2024-01-09 15:43:06.591+01:00 [     6] WARNING    - W&#xD;&#xD;
2024-01-09 15:43:06.591+01:00 [     6] WARNING    - W&#xD;&#xD;
2024-01-09 15:43:06.591+01:00 [     6] WARNING    - W&#xD;&#xD;
2024-01-09 15:43:06.591+01:00 [     6] WARNING    - W&#xD;&#xD;
2024-01-09 15:43:06.591+01:00 [     6] WARNING    - W&#xD;&#xD;
2024-01-09 15:43:06.591+01:00 [     6] WARNING    - W&#xD;&#xD;
2024-01-09 15:43:06.591+01:00 [     6] WARNING    - W&#xD;&#xD;
2024-01-09 15:43:06.591+01:00 [     6] WARNING    - W&#xD;&#xD;
2024-01-09 15:43:06.591+01:00 [     6] WARNING    - W&#xD;&#xD;
2024-01-09 15:43:06.591+01:00 [     6] WARNING    - W&#xD;&#xD;
2024-01-09 15:43:06.591+01:00 [     6] WARNING    - W&#xD;&#xD;
2024-01-09 15:43:06.591+01:00 [     6] WARNING    - W&#xD;&#xD;
2024-01-09 15:43:06.591+01:00 [     6] WARNING    - W&#xD;&#xD;
2024-01-09 15:43:06.591+01:00 [     6] WARNING    - W&#xD;&#xD;
2024-01-09 15:43:06.591+01:00 [     6] WARNING    - W&#xD;&#xD;
2024-01-09 15:43:06.591+01:00 [     6] WARNING    - W&#xD;&#xD;
2024-01-09 15:43:06.591+01:00 [     6] WARNING    - W&#xD;&#xD;
2024-01-09 15:43:06.591+01:00 [     6] WARNING    - W&#xD;&#xD;
2024-01-09 15:43:06.591+01:00 [     6] WARNING    - W&#xD;&#xD;
2024-01-09 15:43:06.591+01:00 [     6] WARNING    - W&#xD;&#xD;
2024-01-09 15:43:06.591+01:00 [     6] WARNING    - W&#xD;&#xD;
2024-01-09 15:43:06.591+01:00 [     6] WARNING    - W&#xD;&#xD;
2024-01-09 15:43:06.591+01:00 [     6] WARNING    - W&#xD;&#xD;
2024-01-09 15:43:06.591+01:00 [     6] WARNING    - W&#xD;&#xD;
2024-01-09 15:43:06.591+01:00 [     6] WARNING    - W&#xD;&#xD;
2024-01-09 15:43:06.591+01:00 [     6] WARNING    - W&#xD;&#xD;
2024-01-09 15:43:06.591+01:00 [     6] WARNING    - W&#xD;&#xD;
2024-01-09 15:43:06.591+01:00 [     6] WARNING    - W&#xD;&#xD;
2024-01-09 15:43:06.591+01:00 [     6] WARNING    - W&#xD;&#xD;
2024-01-09 15:43:06.591+01:00 [     6] WARNING    - W&#xD;&#xD;
2024-01-09 15:43:06.591+01:00 [     6] WARNING    - W&#xD;&#xD;
2024-01-09 15:43:06.591+01:00 [     6] WARNING    - W&#xD;&#xD;
2024-01-09 15:43:06.591+01:00 [     6] WARNING    - W&#xD;&#xD;
2024-01-09 15:43:06.591+01:00 [     6] WARNING    - W&#xD;&#xD;
2024-01-09 15:43:06.591+01:00 [     6] WARNING    - W&#xD;&#xD;
2024-01-09 15:43:06.591+01:00 [     6] WARNING    - W&#xD;&#xD;
2024-01-09 15:43:06.591+01:00 [     6] WARNING    - W&#xD;&#xD;
2024-01-09 15:43:06.591+01:00 [     6] WARNING    - W&#xD;&#xD;
2024-01-09 15:43:06.591+01:00 [     6] WARNING    - W&#xD;&#xD;
2024-01-09 15:43:06.591+01:00 [     6] WARNING    - W&#xD;&#xD;
2024-01-09 15:43:06.591+01:00 [     6] WARNING    - W&#xD;&#xD;
2024-01-09 15:43:06.591+01:00 [     6] WARNING    - W&#xD;&#xD;
2024-01-09 15:43:06.591+01:00 [     6] WARNING    - W&#xD;&#xD;
2024-01-09 15:43:06.591+01:00 [     6] WARNING    - W&#xD;&#xD;
2024-01-09 15:43:06.591+01:00 [     6] WARNING    - W&#xD;&#xD;
2024-01-09 15:43:06.591+01:00 [     6] WARNING    - W&#xD;&#xD;
2024-01-09 15:43:06.591+01:00 [     6] WARNING    - W&#xD;&#xD;
2024-01-09 15:43:06.591+01:00 [     6] WARNING    - W&#xD;&#xD;
2024-01-09 15:43:06.591+01:00 [     6] WARNING    - W&#xD;&#xD;
2024-01-09 15:43:06.591+01:00 [     6] WARNING    - W&#xD;&#xD;
2024-01-09 15:43:06.591+01:00 [     6] WARNING    - W&#xD;&#xD;
2024-01-09 15:43:06.591+01:00 [     6] WARNING    - W&#xD;&#xD;
2024-01-09 15:43:06.591+01:00 [     6] WARNING    - W&#xD;&#xD;
2024-01-09 15:43:06.591+01:00 [     6] WARNING    - W&#xD;&#xD;
2024-01-09 15:43:06.591+01:00 [     6] WARNING    - W&#xD;&#xD;
2024-01-09 15:43:06.591+01:00 [     6] WARNING    - W&#xD;&#xD;
2024-01-09 15:43:06.591+01:00 [     6] WARNING    - W&#xD;&#xD;
2024-01-09 15:43:06.591+01:00 [     6] WARNING    - W&#xD;&#xD;
2024-01-09 15:43:06.591+01:00 [     6] WARNING    - W&#xD;&#xD;
2024-01-09 15:43:06.591+01:00 [     6] WARNING    - W&#xD;&#xD;
2024-01-09 15:43:06.591+01:00 [     6] WARNING    - W&#xD;&#xD;
2024-01-09 15:43:06.591+01:00 [     6] WARNING    - W&#xD;&#xD;
2024-01-09 15:43:06.591+01:00 [     6] WARNING    - W&#xD;&#xD;
2024-01-09 15:43:06.591+01:00 [     6] WARNING    - W&#xD;&#xD;
2024-01-09 15:43:06.591+01:00 [     6] WARNING    - W&#xD;&#xD;
2024-01-09 15:43:06.591+01:00 [     6] WARNING    - W&#xD;&#xD;
2024-01-09 15:43:06.591+01:00 [     6] WARNING    - W&#xD;&#xD;
2024-01-09 15:43:06.591+01:00 [     6] WARNING    - W&#xD;&#xD;
2024-01-09 15:43:06.591+01:00 [     6] WARNING    - W&#xD;&#xD;
2024-01-09 15:43:06.591+01:00 [     6] WARNING    - W&#xD;&#xD;
2024-01-09 15:43:06.591+01:00 [     6] WARNING    - W&#xD;&#xD;
2024-01-09 15:43:06.591+01:00 [     6] WARNING    - W&#xD;&#xD;
2024-01-09 15:43:06.591+01:00 [     6] WARNING    - W&#xD;&#xD;
2024-01-09 15:43:06.591+01:00 [     6] WARNING    - W&#xD;&#xD;
2024-01-09 15:43:06.591+01:00 [     6] WARNING    - W&#xD;&#xD;
2024-01-09 15:43:06.591+01:00 [     6] WARNING    - W&#xD;&#xD;
2024-01-09 15:43:06.591+01:00 [     6] WARNING    - W&#xD;&#xD;
2024-01-09 15:43:06.591+01:00 [     6] WARNING    - W&#xD;&#xD;
2024-01-09 15:43:06.591+01:00 [     6] WARNING    - W&#xD;&#xD;
2024-01-09 15:43:06.591+01:00 [     6] WARNING    - W&#xD;&#xD;
2024-01-09 15:43:06.591+01:00 [     6] WARNING    - W&#xD;&#xD;
2024-01-09 15:43:06.591+01:00 [     6] WARNING    - W&#xD;&#xD;
2024-01-09 15:43:06.591+01:00 [     6] WARNING    - W&#xD;&#xD;
2024-01-09 15:43:06.591+01:00 [     6] WARNING    - W&#xD;&#xD;
2024-01-09 15:43:06.591+01:00 [     6] WARNING    - W&#xD;&#xD;
2024-01-09 15:43:06.591+01:00 [     6] WARNING    - W&#xD;&#xD;
2024-01-09 15:43:06.591+01:00 [     6] WARNING    - W&#xD;&#xD;
2024-01-09 15:43:06.591+01:00 [     6] WARNING    - W&#xD;&#xD;
2024-01-09 15:43:06.591+01:00 [     6] WARNING    - W&#xD;&#xD;
2024-01-09 15:43:06.591+01:00 [     6] WARNING    - W&#xD;&#xD;
2024-01-09 15:43:06.591+01:00 [     6] WARNING    - W&#xD;&#xD;
2024-01-09 15:43:06.591+01:00 [     6] WARNING    - W&#xD;&#xD;
2024-01-09 15:43:06.591+01:00 [     6] WARNING    - W&#xD;&#xD;
2024-01-09 15:43:06.591+01:00 [     6] WARNING    - W&#xD;&#xD;
2024-01-09 15:43:06.591+01:00 [     6] WARNING    - W&#xD;&#xD;
2024-01-09 15:43:06.591+01:00 [     6] WARNING    - W&#xD;&#xD;
2024-01-09 15:43:06.591+01:00 [     6] WARNING    - W&#xD;&#xD;
2024-01-09 15:43:06.591+01:00 [     6] WARNING    - W&#xD;&#xD;
2024-01-09 15:43:06.591+01:00 [     6] WARNING    - W&#xD;&#xD;
2024-01-09 15:43:06.591+01:00 [     6] WARNING    - W&#xD;&#xD;
2024-01-09 15:43:06.591+01:00 [     6] WARNING    - W&#xD;&#xD;
2024-01-09 15:43:06.591+01:00 [     6] WARNING    - W&#xD;&#xD;
2024-01-09 15:43:06.591+01:00 [     6] WARNING    - W&#xD;&#xD;
2024-01-09 15:43:06.591+01:00 [     6] WARNING    - W&#xD;&#xD;
2024-01-09 15:43:06.591+01:00 [     6] WARNING    - W&#xD;&#xD;
2024-01-09 15:43:06.591+01:00 [     6] WARNING    - W&#xD;&#xD;
2024-01-09 15:43:06.591+01:00 [     6] WARNING    - W&#xD;&#xD;
2024-01-09 15:43:06.591+01:00 [     6] WARNING    - W&#xD;&#xD;
2024-01-09 15:43:06.591+01:00 [     6] WARNING    - W&#xD;&#xD;
2024-01-09 15:43:06.591+01:00 [     6] WARNING    - W&#xD;&#xD;
2024-01-09 15:43:06.591+01:00 [     6] WARNING    - W&#xD;&#xD;
2024-01-09 15:43:06.591+01:00 [     6] WARNING    - W&#xD;&#xD;
2024-01-09 15:43:06.591+01:00 [     6] WARNING    - W&#xD;&#xD;
2024-01-09 15:43:06.591+01:00 [     6] WARNING    - W&#xD;&#xD;
2024-01-09 15:43:06.591+01:00 [     6] WARNING    - W&#xD;&#xD;
2024-01-09 15:43:06.591+01:00 [     6] WARNING    - W&#xD;&#xD;
2024-01-09 15:43:06.591+01:00 [     6] WARNING    - W&#xD;&#xD;
2024-01-09 15:43:06.591+01:00 [     6] WARNING    - W&#xD;&#xD;
2024-01-09 15:43:06.591+01:00 [     6] WARNING    - W&#xD;&#xD;
2024-01-09 15:43:06.591+01:00 [     6] WARNING    - W&#xD;&#xD;
2024-01-09 15:43:06.591+01:00 [     6] WARNING    - W&#xD;&#xD;
2024-01-09 15:43:06.591+01:00 [     6] WARNING    - W&#xD;&#xD;
2024-01-09 15:43:06.591+01:00 [     6] WARNING    - W&#xD;&#xD;
2024-01-09 15:43:06.591+01:00 [     6] WARNING    - W&#xD;&#xD;
2024-01-09 15:43:06.591+01:00 [     6] WARNING    - W&#xD;&#xD;
2024-01-09 15:43:06.591+01:00 [     6] WARNING    - W&#xD;&#xD;
2024-01-09 15:43:06.591+01:00 [     6] WARNING    - W&#xD;&#xD;
2024-01-09 15:43:06.591+01:00 [     6] WARNING    - W&#xD;&#xD;
2024-01-09 15:43:06.591+01:00 [     6] WARNING    - W&#xD;&#xD;
2024-01-09 15:43:06.591+01:00 [     6] WARNING    - W&#xD;&#xD;
2024-01-09 15:43:06.591+01:00 [     6] WARNING    - W&#xD;&#xD;
2024-01-09 15:43:06.591+01:00 [     6] WARNING    - W&#xD;&#xD;
2024-01-09 15:43:06.591+01:00 [     6] WARNING    - W&#xD;&#xD;
2024-01-09 15:43:06.591+01:00 [     6] WARNING    - W&#xD;&#xD;
2024-01-09 15:43:06.591+01:00 [     6] WARNING    - W&#xD;&#xD;
2024-01-09 15:43:06.591+01:00 [     6] WARNING    - W&#xD;&#xD;
2024-01-09 15:43:06.591+01:00 [     6] WARNING    - W&#xD;&#xD;
2024-01-09 15:43:06.591+01:00 [     6] WARNING    - W&#xD;&#xD;
2024-01-09 15:43:06.591+01:00 [     6] WARNING    - W&#xD;&#xD;
2024-01-09 15:43:06.591+01:00 [     6] WARNING    - W&#xD;&#xD;
2024-01-09 15:43:06.591+01:00 [     6] WARNING    - W&#xD;&#xD;
2024-01-09 15:43:06.591+01:00 [     6] WARNING    - W&#xD;&#xD;
2024-01-09 15:43:06.591+01:00 [     6] WARNING    - W&#xD;&#xD;
2024-01-09 15:43:06.591+01:00 [     6] WARNING    - W&#xD;&#xD;
2024-01-09 15:43:06.591+01:00 [     6] WARNING    - W&#xD;&#xD;
2024-01-09 15:43:06.591+01:00 [     6] WARNING    - W&#xD;&#xD;
2024-01-09 15:43:06.591+01:00 [     6] WARNING    - W&#xD;&#xD;
2024-01-09 15:43:06.591+01:00 [     6] WARNING    - W&#xD;&#xD;
2024-01-09 15:43:06.591+01:00 [     6] WARNING    - W&#xD;&#xD;
2024-01-09 15:43:06.591+01:00 [     6] WARNING    - W&#xD;&#xD;
2024-01-09 15:43:06.591+01:00 [     6] WARNING    - W&#xD;&#xD;
2024-01-09 15:43:06.591+01:00 [     6] WARNING    - W&#xD;&#xD;
2024-01-09 15:43:06.591+01:00 [     6] WARNING    - W&#xD;&#xD;
2024-01-09 15:43:06.591+01:00 [     6] WARNING    - W&#xD;&#xD;
2024-01-09 15:43:06.591+01:00 [     6] WARNING    - W&#xD;&#xD;
2024-01-09 15:43:06.591+01:00 [     6] WARNING    - W&#xD;&#xD;
2024-01-09 15:43:06.591+01:00 [     6] WARNING    - W&#xD;&#xD;
2024-01-09 15:43:06.591+01:00 [     6] WARNING    - W&#xD;&#xD;
2024-01-09 15:43:06.591+01:00 [     6] WARNING    - W&#xD;&#xD;
2024-01-09 15:43:06.591+01:00 [     6] WARNING    - W&#xD;&#xD;
2024-01-09 15:43:06.591+01:00 [     6] WARNING    - W&#xD;&#xD;
2024-01-09 15:43:06.591+01:00 [     6] WARNING    - W&#xD;&#xD;
2024-01-09 15:43:06.591+01:00 [     6] WARNING    - W&#xD;&#xD;
2024-01-09 15:43:06.591+01:00 [     6] WARNING    - W&#xD;&#xD;
2024-01-09 15:43:06.591+01:00 [     6] WARNING    - W&#xD;&#xD;
2024-01-09 15:43:06.591+01:00 [     6] WARNING    - W&#xD;&#xD;
2024-01-09 15:43:06.591+01:00 [     6] WARNING    - W&#xD;&#xD;
2024-01-09 15:43:06.591+01:00 [     6] WARNING    - W&#xD;&#xD;
2024-01-09 15:43:06.591+01:00 [     6] WARNING    - W&#xD;&#xD;
2024-01-09 15:43:06.591+01:00 [     6] WARNING    - W&#xD;&#xD;
2024-01-09 15:43:06.591+01:00 [     6] WARNING    - W&#xD;&#xD;
2024-01-09 15:43:06.591+01:00 [     6] WARNING    - W&#xD;&#xD;
2024-01-09 15:43:06.591+01:00 [     6] WARNING    - W&#xD;&#xD;
2024-01-09 15:43:06.591+01:00 [     6] WARNING    - W&#xD;&#xD;
2024-01-09 15:43:06.591+01:00 [     6] WARNING    - W&#xD;&#xD;
2024-01-09 15:43:06.591+01:00 [     6] WARNING    - W&#xD;&#xD;
2024-01-09 15:43:06.591+01:00 [     6] WARNING    - W&#xD;&#xD;
2024-01-09 15:43:06.591+01:00 [     6] WARNING    - W&#xD;&#xD;
2024-01-09 15:43:06.591+01:00 [     6] WARNING    - W&#xD;&#xD;
2024-01-09 15:43:06.591+01:00 [     6] WARNING    - W&#xD;&#xD;
2024-01-09 15:43:06.591+01:00 [     6] WARNING    - W&#xD;&#xD;
2024-01-09 15:43:06.591+01:00 [     6] WARNING    - W&#xD;&#xD;
2024-01-09 15:43:06.591+01:00 [     6] WARNING    - W&#xD;&#xD;
2024-01-09 15:43:06.591+01:00 [     6] WARNING    - W&#xD;&#xD;
2024-01-09 15:43:06.591+01:00 [     6] WARNING    - W&#xD;&#xD;
2024-01-09 15:43:06.591+01:00 [     6] WARNING    - W&#xD;&#xD;
2024-01-09 15:43:06.591+01:00 [     6] WARNING    - W&#xD;&#xD;
2024-01-09 15:43:06.591+01:00 [     6] WARNING    - W&#xD;&#xD;
2024-01-09 15:43:06.591+01:00 [     6] WARNING    - W&#xD;&#xD;
2024-01-09 15:43:06.591+01:00 [     6] WARNING    - W&#xD;&#xD;
2024-01-09 15:43:06.591+01:00 [     6] WARNING    - W&#xD;&#xD;
2024-01-09 15:43:06.591+01:00 [     6] WARNING    - W&#xD;&#xD;
2024-01-09 15:43:06.591+01:00 [     6] WARNING    - W&#xD;&#xD;
2024-01-09 15:43:06.591+01:00 [     6] WARNING    - W&#xD;&#xD;
2024-01-09 15:43:06.591+01:00 [     6] WARNING    - W&#xD;&#xD;
2024-01-09 15:43:06.591+01:00 [     6] WARNING    - W&#xD;&#xD;
2024-01-09 15:43:06.591+01:00 [     6] WARNING    - W&#xD;&#xD;
2024-01-09 15:43:06.591+01:00 [     6] WARNING    - W&#xD;&#xD;
2024-01-09 15:43:06.591+01:00 [     6] WARNING    - W&#xD;&#xD;
2024-01-09 15:43:06.591+01:00 [     6] WARNING    - W&#xD;&#xD;
2024-01-09 15:43:06.591+01:00 [     6] WARNING    - W&#xD;&#xD;
2024-01-09 15:43:06.591+01:00 [     6] WARNING    - W&#xD;&#xD;
2024-01-09 15:43:06.591+01:00 [     6] WARNING    - W&#xD;&#xD;
2024-01-09 15:43:06.591+01:00 [     6] WARNING    - W&#xD;&#xD;
2024-01-09 15:43:06.591+01:00 [     6] WARNING    - W&#xD;&#xD;
2024-01-09 15:43:06.591+01:00 [     6] WARNING    - W&#xD;&#xD;
2024-01-09 15:43:06.591+01:00 [     6] WARNING    - W&#xD;&#xD;
2024-01-09 15:43:06.591+01:00 [     6] WARNING    - W&#xD;&#xD;
2024-01-09 15:43:06.591+01:00 [     6] WARNING    - W&#xD;&#xD;
2024-01-09 15:43:06.591+01:00 [     6] WARNING    - W&#xD;&#xD;
2024-01-09 15:43:06.591+01:00 [     6] WARNING    - W&#xD;&#xD;
2024-01-09 15:43:06.591+01:00 [     6] WARNING    - W&#xD;&#xD;
2024-01-09 15:43:06.591+01:00 [     6] WARNING    - W&#xD;&#xD;
2024-01-09 15:43:06.591+01:00 [     6] WARNING    - W&#xD;&#xD;
2024-01-09 15:43:06.591+01:00 [     6] WARNING    - W&#xD;&#xD;
2024-01-09 15:43:06.591+01:00 [     6] WARNING    - W&#xD;&#xD;
2024-01-09 15:43:06.591+01:00 [     6] WARNING    - W&#xD;&#xD;
2024-01-09 15:43:06.591+01:00 [     6] WARNING    - W&#xD;&#xD;
2024-01-09 15:43:06.591+01:00 [     6] WARNING    - W&#xD;&#xD;
2024-01-09 15:43:06.591+01:00 [     6] WARNING    - W&#xD;&#xD;
2024-01-09 15:43:06.591+01:00 [     6] WARNING    - W&#xD;&#xD;
2024-01-09 15:43:06.591+01:00 [     6] WARNING    - W&#xD;&#xD;
2024-01-09 15:43:06.591+01:00 [     6] WARNING    - W&#xD;&#xD;
2024-01-09 15:43:06.591+01:00 [     6] WARNING    - W&#xD;&#xD;
2024-01-09 15:43:06.591+01:00 [     6] WARNING    - W&#xD;&#xD;
2024-01-09 15:43:06.591+01:00 [     6] WARNING    - W&#xD;&#xD;
2024-01-09 15:43:06.591+01:00 [     6] WARNING    - W&#xD;&#xD;
2024-01-09 15:43:06.591+01:00 [     6] WARNING    - W&#xD;&#xD;
2024-01-09 15:43:06.591+01:00 [     6] WARNING    - W&#xD;&#xD;
2024-01-09 15:43:06.591+01:00 [     6] WARNING    - W&#xD;&#xD;
2024-01-09 15:43:06.591+01:00 [     6] WARNING    - W&#xD;&#xD;
2024-01-09 15:43:06.591+01:00 [     6] WARNING    - W&#xD;&#xD;
2024-01-09 15:43:06.591+01:00 [     6] WARNING    - W&#xD;&#xD;
2024-01-09 15:43:06.591+01:00 [     6] WARNING    - W&#xD;&#xD;
2024-01-09 15:43:06.591+01:00 [     6] WARNING    - W&#xD;&#xD;
2024-01-09 15:43:06.591+01:00 [     6] WARNING    - W&#xD;&#xD;
2024-01-09 15:43:06.591+01:00 [     6] WARNING    - W&#xD;&#xD;
2024-01-09 15:43:06.591+01:00 [     6] WARNING    - W&#xD;&#xD;
2024-01-09 15:43:06.591+01:00 [     6] WARNING    - W&#xD;&#xD;
2024-01-09 15:43:06.591+01:00 [     6] WARNING    - W&#xD;&#xD;
2024-01-09 15:43:06.591+01:00 [     6] WARNING    - W&#xD;&#xD;
2024-01-09 15:43:06.591+01:00 [     6] WARNING    - W&#xD;&#xD;
2024-01-09 15:43:06.591+01:00 [     6] WARNING    - W&#xD;&#xD;
2024-01-09 15:43:06.591+01:00 [     6] WARNING    - W&#xD;&#xD;
2024-01-09 15:43:06.591+01:00 [     6] WARNING    - W&#xD;&#xD;
2024-01-09 15:43:06.591+01:00 [     6] WARNING    - W&#xD;&#xD;
2024-01-09 15:43:06.591+01:00 [     6] WARNING    - W&#xD;&#xD;
2024-01-09 15:43:06.591+01:00 [     6] WARNING    - W&#xD;&#xD;
2024-01-09 15:43:06.591+01:00 [     6] WARNING    - W&#xD;&#xD;
2024-01-09 15:43:06.591+01:00 [     6] WARNING    - W&#xD;&#xD;
2024-01-09 15:43:06.591+01:00 [     6] WARNING    - W&#xD;&#xD;
2024-01-09 15:43:06.591+01:00 [     6] WARNING    - W&#xD;&#xD;
2024-01-09 15:43:06.591+01:00 [     6] WARNING    - W&#xD;&#xD;
2024-01-09 15:43:06.591+01:00 [     6] WARNING    - W&#xD;&#xD;
2024-01-09 15:43:06.591+01:00 [     6] WARNING    - W&#xD;&#xD;
2024-01-09 15:43:06.591+01:00 [     6] WARNING    - W&#xD;&#xD;
2024-01-09 15:43:06.591+01:00 [     6] WARNING    - W&#xD;&#xD;
2024-01-09 15:43:06.591+01:00 [     6] WARNING    - W&#xD;&#xD;
2024-01-09 15:43:06.591+01:00 [     6] WARNING    - W&#xD;&#xD;
2024-01-09 15:43:06.591+01:00 [     6] WARNING    - W&#xD;&#xD;
2024-01-09 15:43:06.591+01:00 [     6] WARNING    - W&#xD;&#xD;
2024-01-09 15:43:06.591+01:00 [     6] WARNING    - W&#xD;&#xD;
2024-01-09 15:43:06.591+01:00 [     6] WARNING    - W&#xD;&#xD;
2024-01-09 15:43:06.591+01:00 [     6] WARNING    - W&#xD;&#xD;
2024-01-09 15:43:06.591+01:00 [     6] WARNING    - W&#xD;&#xD;
2024-01-09 15:43:06.591+01:00 [     6] WARNING    - W&#xD;&#xD;
2024-01-09 15:43:06.591+01:00 [     6] WARNING    - W&#xD;&#xD;
2024-01-09 15:43:06.591+01:00 [     6] WARNING    - W&#xD;&#xD;
2024-01-09 15:43:06.591+01:00 [     6] WARNING    - W&#xD;&#xD;
2024-01-09 15:43:06.591+01:00 [     6] WARNING    - W&#xD;&#xD;
2024-01-09 15:43:06.591+01:00 [     6] WARNING    - W&#xD;&#xD;
2024-01-09 15:43:06.591+01:00 [     6] WARNING    - W&#xD;&#xD;
2024-01-09 15:43:06.591+01:00 [     6] WARNING    - W&#xD;&#xD;
2024-01-09 15:43:06.591+01:00 [     6] WARNING    - W&#xD;&#xD;
2024-01-09 15:43:06.591+01:00 [     6] WARNING    - W&#xD;&#xD;
2024-01-09 15:43:06.591+01:00 [     6] WARNING    - W&#xD;&#xD;
2024-01-09 15:43:06.591+01:00 [     6] WARNING    - W&#xD;&#xD;
2024-01-09 15:43:06.591+01:00 [     6] WARNING    - W&#xD;&#xD;
2024-01-09 15:43:06.591+01:00 [     6] WARNING    - W&#xD;&#xD;
2024-01-09 15:43:06.591+01:00 [     6] WARNING    - W&#xD;&#xD;
2024-01-09 15:43:06.591+01:00 [     6] WARNING    - W&#xD;&#xD;
2024-01-09 15:43:06.591+01:00 [     6] WARNING    - W&#xD;&#xD;
2024-01-09 15:43:06.591+01:00 [     6] WARNING    - W&#xD;&#xD;
2024-01-09 15:43:06.591+01:00 [     6] WARNING    - W&#xD;&#xD;
2024-01-09 15:43:06.591+01:00 [     6] WARNING    - W&#xD;&#xD;
2024-01-09 15:43:06.591+01:00 [     6] WARNING    - W&#xD;&#xD;
2024-01-09 15:43:06.591+01:00 [     6] WARNING    - W&#xD;&#xD;
2024-01-09 15:43:06.591+01:00 [     6] WARNING    - W&#xD;&#xD;
2024-01-09 15:43:06.591+01:00 [     6] WARNING    - W&#xD;&#xD;
2024-01-09 15:43:06.591+01:00 [     6] WARNING    - W&#xD;&#xD;
2024-01-09 15:43:06.591+01:00 [     6] WARNING    - W&#xD;&#xD;
2024-01-09 15:43:06.591+01:00 [     6] WARNING    - W&#xD;&#xD;
2024-01-09 15:43:06.591+01:00 [     6] WARNING    - W&#xD;&#xD;
2024-01-09 15:43:06.591+01:00 [     6] WARNING    - W&#xD;&#xD;
2024-01-09 15:43:06.591+01:00 [     6] WARNING    - W&#xD;&#xD;
2024-01-09 15:43:06.591+01:00 [     6] WARNING    - W&#xD;&#xD;
2024-01-09 15:43:06.591+01:00 [     6] WARNING    - W&#xD;&#xD;
2024-01-09 15:43:06.591+01:00 [     6] WARNING    - W&#xD;&#xD;
2024-01-09 15:43:06.591+01:00 [     6] WARNING    - W&#xD;&#xD;
2024-01-09 15:43:06.591+01:00 [     6] WARNING    - W&#xD;&#xD;
2024-01-09 15:43:06.591+01:00 [     6] WARNING    - W&#xD;&#xD;
2024-01-09 15:43:06.591+01:00 [     6] WARNING    - W&#xD;&#xD;
2024-01-09 15:43:06.591+01:00 [     6] WARNING    - W&#xD;&#xD;
2024-01-09 15:43:06.591+01:00 [     6] WARNING    - W&#xD;&#xD;
2024-01-09 15:43:06.591+01:00 [     6] WARNING    - W&#xD;&#xD;
2024-01-09 15:43:06.591+01:00 [     6] WARNING    - W&#xD;&#xD;
2024-01-09 15:43:06.591+01:00 [     6] WARNING    - W&#xD;&#xD;
2024-01-09 15:43:06.591+01:00 [     6] WARNING    - W&#xD;&#xD;
2024-01-09 15:43:06.591+01:00 [     6] WARNING    - W&#xD;&#xD;
2024-01-09 15:43:06.591+01:00 [     6] WARNING    - W&#xD;&#xD;
2024-01-09 15:43:06.591+01:00 [     6] WARNING    - W&#xD;&#xD;
2024-01-09 15:43:06.591+01:00 [     6] WARNING    - W&#xD;&#xD;
2024-01-09 15:43:06.591+01:00 [     6] WARNING    - W&#xD;&#xD;
2024-01-09 15:43:06.591+01:00 [     6] WARNING    - W&#xD;&#xD;
2024-01-09 15:43:06.591+01:00 [     6] WARNING    - W&#xD;&#xD;
2024-01-09 15:43:06.591+01:00 [     6] WARNING    - W&#xD;&#xD;
2024-01-09 15:43:06.591+01:00 [     6] WARNING    - W&#xD;&#xD;
2024-01-09 15:43:06.591+01:00 [     6] WARNING    - W&#xD;&#xD;
2024-01-09 15:43:06.591+01:00 [     6] WARNING    - W&#xD;&#xD;
2024-01-09 15:43:06.591+01:00 [     6] WARNING    - W&#xD;&#xD;
2024-01-09 15:43:06.591+01:00 [     6] WARNING    - W&#xD;&#xD;
2024-01-09 15:43:06.591+01:00 [     6] WARNING    - W&#xD;&#xD;
2024-01-09 15:43:06.591+01:00 [     6] WARNING    - W&#xD;&#xD;
2024-01-09 15:43:06.591+01:00 [     6] WARNING    - W&#xD;&#xD;
2024-01-09 15:43:06.591+01:00 [     6] WARNING    - W&#xD;&#xD;
2024-01-09 15:43:06.591+01:00 [     6] WARNING    - W&#xD;&#xD;
2024-01-09 15:43:06.591+01:00 [     6] WARNING    - W&#xD;&#xD;
2024-01-09 15:43:06.591+01:00 [     6] WARNING    - W&#xD;&#xD;
2024-01-09 15:43:06.591+01:00 [     6] WARNING    - W&#xD;&#xD;
2024-01-09 15:43:06.591+01:00 [     6] WARNING    - W&#xD;&#xD;
2024-01-09 15:43:06.591+01:00 [     6] WARNING    - W&#xD;&#xD;
2024-01-09 15:43:06.591+01:00 [     6] WARNING    - W&#xD;&#xD;
2024-01-09 15:43:06.591+01:00 [     6] WARNING    - W&#xD;&#xD;
2024-01-09 15:43:06.591+01:00 [     6] WARNING    - W&#xD;&#xD;
2024-01-09 15:43:06.591+01:00 [     6] WARNING    - W&#xD;&#xD;
2024-01-09 15:43:06.591+01:00 [     6] WARNING    - W&#xD;&#xD;
2024-01-09 15:43:06.591+01:00 [     6] WARNING    - W&#xD;&#xD;
2024-01-09 15:43:06.591+01:00 [     6] WARNING    - W&#xD;&#xD;
2024-01-09 15:43:06.591+01:00 [     6] WARNING    - W&#xD;&#xD;
2024-01-09 15:43:06.591+01:00 [     6] WARNING    - W&#xD;&#xD;
2024-01-09 15:43:06.591+01:00 [     6] WARNING    - W&#xD;&#xD;
2024-01-09 15:43:06.591+01:00 [     6] WARNING    - W&#xD;&#xD;
2024-01-09 15:43:06.591+01:00 [     6] WARNING    - W&#xD;&#xD;
2024-01-09 15:43:06.591+01:00 [     6] WARNING    - W&#xD;&#xD;
2024-01-09 15:43:06.591+01:00 [     6] WARNING    - W&#xD;&#xD;
2024-01-09 15:43:06.591+01:00 [     6] WARNING    - W&#xD;&#xD;
2024-01-09 15:43:06.591+01:00 [     6] WARNING    - W&#xD;&#xD;
2024-01-09 15:43:06.591+01:00 [     6] WARNING    - W&#xD;&#xD;
2024-01-09 15:43:06.591+01:00 [     6] WARNING    - W&#xD;&#xD;
2024-01-09 15:43:06.591+01:00 [     6] WARNING    - W&#xD;&#xD;
2024-01-09 15:43:06.591+01:00 [     6] WARNING    - W&#xD;&#xD;
2024-01-09 15:43:06.591+01:00 [     6] WARNING    - W&#xD;&#xD;
2024-01-09 15:43:06.591+01:00 [     6] WARNING    - W&#xD;&#xD;
2024-01-09 15:43:06.591+01:00 [     6] WARNING    - W&#xD;&#xD;
2024-01-09 15:43:06.591+01:00 [     6] WARNING    - W&#xD;&#xD;
2024-01-09 15:43:06.591+01:00 [     6] WARNING    - W&#xD;&#xD;
2024-01-09 15:43:06.591+01:00 [     6] WARNING    - W&#xD;&#xD;
2024-01-09 15:43:06.591+01:00 [     6] WARNING    - W&#xD;&#xD;
2024-01-09 15:43:06.591+01:00 [     6] WARNING    - W&#xD;&#xD;
2024-01-09 15:43:06.591+01:00 [     6] WARNING    - W&#xD;&#xD;
2024-01-09 15:43:06.591+01:00 [     6] WARNING    - W&#xD;&#xD;
2024-01-09 15:43:06.591+01:00 [     6] WARNING    - W&#xD;&#xD;
2024-01-09 15:43:06.591+01:00 [     6] WARNING    - W&#xD;&#xD;
2024-01-09 15:43:06.591+01:00 [     6] WARNING    - W&#xD;&#xD;
2024-01-09 15:43:06.591+01:00 [     6] WARNING    - W&#xD;&#xD;
2024-01-09 15:43:06.591+01:00 [     6] WARNING    - W&#xD;&#xD;
2024-01-09 15:43:06.591+01:00 [     6] WARNING    - W&#xD;&#xD;
2024-01-09 15:43:06.591+01:00 [     6] WARNING    - W&#xD;&#xD;
2024-01-09 15:43:06.591+01:00 [     6] WARNING    - W&#xD;&#xD;
2024-01-09 15:43:06.591+01:00 [     6] WARNING    - W&#xD;&#xD;
2024-01-09 15:43:06.591+01:00 [     6] WARNING    - W&#xD;&#xD;
2024-01-09 15:43:06.591+01:00 [     6] WARNING    - W&#xD;&#xD;
2024-01-09 15:43:06.591+01:00 [     6] WARNING    - W&#xD;&#xD;
2024-01-09 15:43:06.591+01:00 [     6] WARNING    - W&#xD;&#xD;
2024-01-09 15:43:06.591+01:00 [     6] WARNING    - W&#xD;&#xD;
2024-01-09 15:43:06.591+01:00 [     6] WARNING    - W&#xD;&#xD;
2024-01-09 15:43:06.591+01:00 [     6] WARNING    - W&#xD;&#xD;
2024-01-09 15:43:06.591+01:00 [     6] WARNING    - W&#xD;&#xD;
2024-01-09 15:43:06.591+01:00 [     6] WARNING    - W&#xD;&#xD;
2024-01-09 15:43:06.591+01:00 [     6] WARNING    - W&#xD;&#xD;
2024-01-09 15:43:06.591+01:00 [     6] WARNING    - W&#xD;&#xD;
2024-01-09 15:43:06.591+01:00 [     6] WARNING    - W&#xD;&#xD;
2024-01-09 15:43:06.591+01:00 [     6] WARNING    - W&#xD;&#xD;
2024-01-09 15:43:06.591+01:00 [     6] WARNING    - W&#xD;&#xD;
2024-01-09 15:43:06.591+01:00 [     6] WARNING    - W&#xD;&#xD;
2024-01-09 15:43:06.591+01:00 [     6] WARNING    - W&#xD;&#xD;
2024-01-09 15:43:06.591+01:00 [     6] WARNING    - W&#xD;&#xD;
2024-01-09 15:43:06.591+01:00 [     6] WARNING    - W&#xD;&#xD;
2024-01-09 15:43:06.591+01:00 [     6] WARNING    - W&#xD;&#xD;
2024-01-09 15:43:06.591+01:00 [     6] WARNING    - W&#xD;&#xD;
2024-01-09 15:43:06.591+01:00 [     6] WARNING    - W&#xD;&#xD;
2024-01-09 15:43:06.591+01:00 [     6] WARNING    - W&#xD;&#xD;
2024-01-09 15:43:06.591+01:00 [     6] WARNING    - W&#xD;&#xD;
2024-01-09 15:43:06.591+01:00 [     6] WARNING    - W&#xD;&#xD;
2024-01-09 15:43:06.591+01:00 [     6] WARNING    - W&#xD;&#xD;
2024-01-09 15:43:06.591+01:00 [     6] WARNING    - W&#xD;&#xD;
2024-01-09 15:43:06.591+01:00 [     6] WARNING    - W&#xD;&#xD;
2024-01-09 15:43:06.591+01:00 [     6] WARNING    - W&#xD;&#xD;
2024-01-09 15:43:06.591+01:00 [     6] WARNING    - W&#xD;&#xD;
2024-01-09 15:43:06.591+01:00 [     6] WARNING    - W&#xD;&#xD;
2024-01-09 15:43:06.591+01:00 [     6] WARNING    - W&#xD;&#xD;
2024-01-09 15:43:06.591+01:00 [     6] WARNING    - W&#xD;&#xD;
2024-01-09 15:43:06.591+01:00 [     6] WARNING    - W&#xD;&#xD;
2024-01-09 15:43:06.591+01:00 [     6] WARNING    - W&#xD;&#xD;
2024-01-09 15:43:06.591+01:00 [     6] WARNING    - W&#xD;&#xD;
2024-01-09 15:43:06.591+01:00 [     6] WARNING    - W&#xD;&#xD;
2024-01-09 15:43:06.591+01:00 [     6] WARNING    - W&#xD;&#xD;
2024-01-09 15:43:06.591+01:00 [     6] WARNING    - W&#xD;&#xD;
2024-01-09 15:43:06.591+01:00 [     6] WARNING    - W&#xD;&#xD;
2024-01-09 15:43:06.591+01:00 [     6] WARNING    - W&#xD;&#xD;
2024-01-09 15:43:06.591+01:00 [     6] WARNING    - W&#xD;&#xD;
2024-01-09 15:43:06.591+01:00 [     6] WARNING    - W&#xD;&#xD;
2024-01-09 15:43:06.591+01:00 [     6] WARNING    - W&#xD;&#xD;
2024-01-09 15:43:06.591+01:00 [     6] WARNING    - W&#xD;&#xD;
2024-01-09 15:43:06.591+01:00 [     6] WARNING    - W&#xD;&#xD;
2024-01-09 15:43:06.591+01:00 [     6] WARNING    - W&#xD;&#xD;
2024-01-09 15:43:06.591+01:00 [     6] WARNING    - W&#xD;&#xD;
2024-01-09 15:43:06.591+01:00 [     6] WARNING    - W&#xD;&#xD;
2024-01-09 15:43:06.591+01:00 [     6] WARNING    - W&#xD;&#xD;
2024-01-09 15:43:06.591+01:00 [     6] WARNING    - W&#xD;&#xD;
2024-01-09 15:43:06.591+01:00 [     6] WARNING    - W&#xD;&#xD;
2024-01-09 15:43:06.591+01:00 [     6] WARNING    - W&#xD;&#xD;
2024-01-09 15:43:06.591+01:00 [     6] WARNING    - W&#xD;&#xD;
2024-01-09 15:43:06.591+01:00 [     6] WARNING    - W&#xD;&#xD;
2024-01-09 15:43:06.591+01:00 [     6] WARNING    - W&#xD;&#xD;
2024-01-09 15:43:06.591+01:00 [     6] WARNING    - W&#xD;&#xD;
2024-01-09 15:43:06.591+01:00 [     6] WARNING    - W&#xD;&#xD;
2024-01-09 15:43:06.591+01:00 [     6] WARNING    - W&#xD;&#xD;
2024-01-09 15:43:06.591+01:00 [     6] WARNING    - W&#xD;&#xD;
2024-01-09 15:43:06.591+01:00 [     6] WARNING    - W&#xD;&#xD;
2024-01-09 15:43:06.591+01:00 [     6] WARNING    - W&#xD;&#xD;
2024-01-09 15:43:06.591+01:00 [     6] WARNING    - W&#xD;&#xD;
2024-01-09 15:43:06.591+01:00 [     6] WARNING    - W&#xD;&#xD;
2024-01-09 15:43:06.591+01:00 [     6] WARNING    - W&#xD;&#xD;
2024-01-09 15:43:06.591+01:00 [     6] WARNING    - W&#xD;&#xD;
2024-01-09 15:43:06.591+01:00 [     6] WARNING    - W&#xD;&#xD;
2024-01-09 15:43:06.591+01:00 [     6] WARNING    - W&#xD;&#xD;
2024-01-09 15:43:06.591+01:00 [     6] WARNING    - W&#xD;&#xD;
2024-01-09 15:43:06.591+01:00 [     6] WARNING    - W&#xD;&#xD;
2024-01-09 15:43:06.591+01:00 [     6] WARNING    - W&#xD;&#xD;
2024-01-09 15:43:06.591+01:00 [     6] WARNING    - W&#xD;&#xD;
2024-01-09 15:43:06.591+01:00 [     6] WARNING    - W&#xD;&#xD;
2024-01-09 15:43:06.591+01:00 [     6] WARNING    - W&#xD;&#xD;
2024-01-09 15:43:06.591+01:00 [     6] WARNING    - W&#xD;&#xD;
2024-01-09 15:43:06.591+01:00 [     6] WARNING    - W&#xD;&#xD;
2024-01-09 15:43:06.591+01:00 [     6] WARNING    - W&#xD;&#xD;
2024-01-09 15:43:06.591+01:00 [     6] WARNING    - W&#xD;&#xD;
2024-01-09 15:43:06.591+01:00 [     6] WARNING    - W&#xD;&#xD;
2024-01-09 15:43:06.591+01:00 [     6] WARNING    - W&#xD;&#xD;
2024-01-09 15:43:06.591+01:00 [     6] WARNING    - W&#xD;&#xD;
2024-01-09 15:43:06.591+01:00 [     6] WARNING    - W&#xD;&#xD;
2024-01-09 15:43:06.591+01:00 [     6] WARNING    - W&#xD;&#xD;
2024-01-09 15:43:06.591+01:00 [     6] WARNING    - W&#xD;&#xD;
2024-01-09 15:43:06.591+01:00 [     6] WARNING    - W&#xD;&#xD;
2024-01-09 15:43:06.591+01:00 [     6] WARNING    - W&#xD;&#xD;
2024-01-09 15:43:06.591+01:00 [     6] WARNING    - W&#xD;&#xD;
2024-01-09 15:43:06.591+01:00 [     6] WARNING    - W&#xD;&#xD;
2024-01-09 15:43:06.591+01:00 [     6] WARNING    - W&#xD;&#xD;
2024-01-09 15:43:06.591+01:00 [     6] WARNING    - W&#xD;&#xD;
2024-01-09 15:43:06.591+01:00 [     6] WARNING    - W&#xD;&#xD;
2024-01-09 15:43:06.591+01:00 [     6] WARNING    - W&#xD;&#xD;
2024-01-09 15:43:06.591+01:00 [     6] WARNING    - W&#xD;&#xD;
2024-01-09 15:43:06.591+01:00 [     6] WARNING    - W&#xD;&#xD;
2024-01-09 15:43:06.591+01:00 [     6] WARNING    - W&#xD;&#xD;
2024-01-09 15:43:06.591+01:00 [     6] WARNING    - W&#xD;&#xD;
2024-01-09 15:43:06.591+01:00 [     6] WARNING    - W&#xD;&#xD;
2024-01-09 15:43:06.591+01:00 [     6] WARNING    - W&#xD;&#xD;
2024-01-09 15:43:06.591+01:00 [     6] WARNING    - W&#xD;&#xD;
2024-01-09 15:43:06.591+01:00 [     6] WARNING    - W&#xD;&#xD;
2024-01-09 15:43:06.591+01:00 [     6] WARNING    - W&#xD;&#xD;
2024-01-09 15:43:06.591+01:00 [     6] WARNING    - W&#xD;&#xD;
2024-01-09 15:43:06.591+01:00 [     6] WARNING    - W&#xD;&#xD;
2024-01-09 15:43:06.591+01:00 [     6] WARNING    - W&#xD;&#xD;
2024-01-09 15:43:06.591+01:00 [     6] WARNING    - W&#xD;&#xD;
2024-01-09 15:43:06.591+01:00 [     6] WARNING    - W&#xD;&#xD;
2024-01-09 15:43:06.591+01:00 [     6] WARNING    - W&#xD;&#xD;
2024-01-09 15:43:06.591+01:00 [     6] WARNING    - W&#xD;&#xD;
2024-01-09 15:43:06.591+01:00 [     6] WARNING    - W&#xD;&#xD;
2024-01-09 15:43:06.591+01:00 [     6] WARNING    - W&#xD;&#xD;
2024-01-09 15:43:06.591+01:00 [     6] WARNING    - W&#xD;&#xD;
2024-01-09 15:43:06.591+01:00 [     6] WARNING    - W&#xD;&#xD;
2024-01-09 15:43:06.591+01:00 [     6] WARNING    - W&#xD;&#xD;
2024-01-09 15:43:06.591+01:00 [     6] WARNING    - W&#xD;&#xD;
2024-01-09 15:43:06.591+01:00 [     6] WARNING    - W&#xD;&#xD;
2024-01-09 15:43:06.591+01:00 [     6] WARNING    - W&#xD;&#xD;
2024-01-09 15:43:06.591+01:00 [     6] WARNING    - W&#xD;&#xD;
2024-01-09 15:43:06.591+01:00 [     6] WARNING    - W&#xD;&#xD;
2024-01-09 15:43:06.591+01:00 [     6] WARNING    - W&#xD;&#xD;
2024-01-09 15:43:06.591+01:00 [     6] WARNING    - W&#xD;&#xD;
2024-01-09 15:43:06.591+01:00 [     6] WARNING    - W&#xD;&#xD;
2024-01-09 15:43:06.591+01:00 [     6] WARNING    - W&#xD;&#xD;
2024-01-09 15:43:06.591+01:00 [     6] WARNING    - W&#xD;&#xD;
2024-01-09 15:43:06.591+01:00 [     6] WARNING    - W&#xD;&#xD;
2024-01-09 15:43:06.591+01:00 [     6] WARNING    - W&#xD;&#xD;
2024-01-09 15:43:06.591+01:00 [     6] WARNING    - W&#xD;&#xD;
2024-01-09 15:43:06.591+01:00 [     6] WARNING    - W&#xD;&#xD;
2024-01-09 15:43:06.591+01:00 [     6] WARNING    - W&#xD;&#xD;
2024-01-09 15:43:06.591+01:00 [     6] WARNING    - W&#xD;&#xD;
2024-01-09 15:43:06.591+01:00 [     6] WARNING    - W&#xD;&#xD;
2024-01-09 15:43:06.591+01:00 [     6] WARNING    - W&#xD;&#xD;
2024-01-09 15:43:06.591+01:00 [     6] WARNING    - W&#xD;&#xD;
2024-01-09 15:43:06.591+01:00 [     6] WARNING    - W&#xD;&#xD;
2024-01-09 15:43:06.591+01:00 [     6] WARNING    - W&#xD;&#xD;
2024-01-09 15:43:06.591+01:00 [     6] WARNING    - W&#xD;&#xD;
2024-01-09 15:43:06.591+01:00 [     6] WARNING    - W&#xD;&#xD;
2024-01-09 15:43:06.591+01:00 [     6] WARNING    - W&#xD;&#xD;
2024-01-09 15:43:06.591+01:00 [     6] WARNING    - W&#xD;&#xD;
2024-01-09 15:43:06.591+01:00 [     6] WARNING    - W&#xD;&#xD;
2024-01-09 15:43:06.591+01:00 [     6] WARNING    - W&#xD;&#xD;
2024-01-09 15:43:06.591+01:00 [     6] WARNING    - W&#xD;&#xD;
2024-01-09 15:43:06.591+01:00 [     6] WARNING    - W&#xD;&#xD;
2024-01-09 15:43:06.591+01:00 [     6] WARNING    - W&#xD;&#xD;
2024-01-09 15:43:06.591+01:00 [     6] WARNING    - W&#xD;&#xD;
2024-01-09 15:43:06.591+01:00 [     6] WARNING    - W&#xD;&#xD;
2024-01-09 15:43:06.591+01:00 [     6] WARNING    - W&#xD;&#xD;
2024-01-09 15:43:06.591+01:00 [     6] WARNING    - W&#xD;&#xD;
2024-01-09 15:43:06.591+01:00 [     6] WARNING    - W&#xD;&#xD;
2024-01-09 15:43:06.591+01:00 [     6] WARNING    - W&#xD;&#xD;
2024-01-09 15:43:06.591+01:00 [     6] WARNING    - W&#xD;&#xD;
2024-01-09 15:43:06.591+01:00 [     6] WARNING    - W&#xD;&#xD;
2024-01-09 15:43:06.591+01:00 [     6] WARNING    - W&#xD;&#xD;
2024-01-09 15:43:06.591+01:00 [     6] WARNING    - W&#xD;&#xD;
2024-01-09 15:43:06.591+01:00 [     6] WARNING    - W&#xD;&#xD;
2024-01-09 15:43:06.591+01:00 [     6] WARNING    - W&#xD;&#xD;
2024-01-09 15:43:06.591+01:00 [     6] WARNING    - W&#xD;&#xD;
2024-01-09 15:43:06.591+01:00 [     6] WARNING    - W&#xD;&#xD;
2024-01-09 15:43:06.591+01:00 [     6] WARNING    - W&#xD;&#xD;
2024-01-09 15:43:06.591+01:00 [     6] WARNING    - W&#xD;&#xD;
2024-01-09 15:43:06.591+01:00 [     6] WARNING    - W&#xD;&#xD;
2024-01-09 15:43:06.591+01:00 [     6] WARNING    - W&#xD;&#xD;
2024-01-09 15:43:06.591+01:00 [     6] WARNING    - W&#xD;&#xD;
2024-01-09 15:43:06.591+01:00 [     6] WARNING    - W&#xD;&#xD;
2024-01-09 15:43:06.591+01:00 [     6] WARNING    - W&#xD;&#xD;
2024-01-09 15:43:06.591+01:00 [     6] WARNING    - W&#xD;&#xD;
2024-01-09 15:43:06.591+01:00 [     6] WARNING    - W&#xD;&#xD;
2024-01-09 15:43:06.591+01:00 [     6] WARNING    - W&#xD;&#xD;
2024-01-09 15:43:06.591+01:00 [     6] WARNING    - W&#xD;&#xD;
2024-01-09 15:43:06.591+01:00 [     6] WARNING    - W&#xD;&#xD;
2024-01-09 15:43:06.591+01:00 [     6] WARNING    - W&#xD;&#xD;
2024-01-09 15:43:06.591+01:00 [     6] WARNING    - W&#xD;&#xD;
2024-01-09 15:43:06.591+01:00 [     6] WARNING    - W&#xD;&#xD;
2024-01-09 15:43:06.591+01:00 [     6] WARNING    - W&#xD;&#xD;
2024-01-09 15:43:06.591+01:00 [     6] WARNING    - W&#xD;&#xD;
2024-01-09 15:43:06.591+01:00 [     6] WARNING    - W&#xD;&#xD;
2024-01-09 15:43:06.591+01:00 [     6] WARNING    - W&#xD;&#xD;
2024-01-09 15:43:06.591+01:00 [     6] WARNING    - W&#xD;&#xD;
2024-01-09 15:43:06.591+01:00 [     6] WARNING    - W&#xD;&#xD;
2024-01-09 15:43:06.591+01:00 [     6] WARNING    - W&#xD;&#xD;
2024-01-09 15:43:06.591+01:00 [     6] WARNING    - W&#xD;&#xD;
2024-01-09 15:43:06.591+01:00 [     6] WARNING    - W&#xD;&#xD;
2024-01-09 15:43:06.591+01:00 [     6] WARNING    - W&#xD;&#xD;
2024-01-09 15:43:06.591+01:00 [     6] WARNING    - W&#xD;&#xD;
2024-01-09 15:43:06.591+01:00 [     6] WARNING    - W&#xD;&#xD;
2024-01-09 15:43:06.591+01:00 [     6] WARNING    - W&#xD;&#xD;
2024-01-09 15:43:06.591+01:00 [     6] WARNING    - W&#xD;&#xD;
2024-01-09 15:43:06.591+01:00 [     6] WARNING    - W&#xD;&#xD;
2024-01-09 15:43:06.591+01:00 [     6] WARNING    - W&#xD;&#xD;
2024-01-09 15:43:06.591+01:00 [     6] WARNING    - W&#xD;&#xD;
2024-01-09 15:43:06.591+01:00 [     6] WARNING    - W&#xD;&#xD;
2024-01-09 15:43:06.591+01:00 [     6] WARNING    - W&#xD;&#xD;
2024-01-09 15:43:06.591+01:00 [     6] WARNING    - W&#xD;&#xD;
2024-01-09 15:43:06.591+01:00 [     6] WARNING    - W&#xD;&#xD;
2024-01-09 15:43:06.591+01:00 [     6] WARNING    - W&#xD;&#xD;
2024-01-09 15:43:06.591+01:00 [     6] WARNING    - W&#xD;&#xD;
2024-01-09 15:43:06.591+01:00 [     6] WARNING    - W&#xD;&#xD;
2024-01-09 15:43:06.591+01:00 [     6] WARNING    - W&#xD;&#xD;
2024-01-09 15:43:06.591+01:00 [     6] WARNING    - W&#xD;&#xD;
2024-01-09 15:43:06.591+01:00 [     6] WARNING    - W&#xD;&#xD;
2024-01-09 15:43:06.591+01:00 [     6] WARNING    - W&#xD;&#xD;
2024-01-09 15:43:06.591+01:00 [     6] WARNING    - W&#xD;&#xD;
2024-01-09 15:43:06.591+01:00 [     6] WARNING    - W&#xD;&#xD;
2024-01-09 15:43:06.591+01:00 [     6] WARNING    - W&#xD;&#xD;
2024-01-09 15:43:06.591+01:00 [     6] WARNING    - W&#xD;&#xD;
2024-01-09 15:43:06.591+01:00 [     6] WARNING    - W&#xD;&#xD;
2024-01-09 15:43:06.591+01:00 [     6] WARNING    - W&#xD;&#xD;
2024-01-09 15:43:06.591+01:00 [     6] WARNING    - W&#xD;&#xD;
2024-01-09 15:43:06.591+01:00 [     6] WARNING    - W&#xD;&#xD;
2024-01-09 15:43:06.591+01:00 [     6] WARNING    - W&#xD;&#xD;
2024-01-09 15:43:06.591+01:00 [     6] WARNING    - W&#xD;&#xD;
2024-01-09 15:43:06.591+01:00 [     6] WARNING    - W&#xD;&#xD;
2024-01-09 15:43:06.591+01:00 [     6] WARNING    - W&#xD;&#xD;
2024-01-09 15:43:06.591+01:00 [     6] WARNING    - W&#xD;&#xD;
2024-01-09 15:43:06.591+01:00 [     6] WARNING    - W&#xD;&#xD;
2024-01-09 15:43:06.591+01:00 [     6] WARNING    - W&#xD;&#xD;
2024-01-09 15:43:06.591+01:00 [     6] WARNING    - W&#xD;&#xD;
2024-01-09 15:43:06.591+01:00 [     6] WARNING    - W&#xD;&#xD;
2024-01-09 15:43:06.591+01:00 [     6] WARNING    - W&#xD;&#xD;
2024-01-09 15:43:06.591+01:00 [     6] WARNING    - W&#xD;&#xD;
2024-01-09 15:43:06.591+01:00 [     6] WARNING    - W&#xD;&#xD;
2024-01-09 15:43:06.591+01:00 [     6] WARNING    - W&#xD;&#xD;
2024-01-09 15:43:06.591+01:00 [     6] WARNING    - W&#xD;&#xD;
2024-01-09 15:43:06.591+01:00 [     6] WARNING    - W&#xD;&#xD;
2024-01-09 15:43:06.591+01:00 [     6] WARNING    - W&#xD;&#xD;
2024-01-09 15:43:06.591+01:00 [     6] WARNING    - W&#xD;&#xD;
2024-01-09 15:43:06.591+01:00 [     6] WARNING    - W&#xD;&#xD;
2024-01-09 15:43:06.591+01:00 [     6] WARNING    - W&#xD;&#xD;
2024-01-09 15:43:06.591+01:00 [     6] WARNING    - W&#xD;&#xD;
2024-01-09 15:43:06.591+01:00 [     6] WARNING    - W&#xD;&#xD;
2024-01-09 15:43:06.591+01:00 [     6] WARNING    - W&#xD;&#xD;
2024-01-09 15:43:06.591+01:00 [     6] WARNING    - W&#xD;&#xD;
2024-01-09 15:43:06.591+01:00 [     6] WARNING    - W&#xD;&#xD;
2024-01-09 15:43:06.591+01:00 [     6] WARNING    - W&#xD;&#xD;
2024-01-09 15:43:06.591+01:00 [     6] WARNING    - W&#xD;&#xD;
2024-01-09 15:43:06.591+01:00 [     6] WARNING    - W&#xD;&#xD;
2024-01-09 15:43:06.591+01:00 [     6] WARNING    - W&#xD;&#xD;
2024-01-09 15:43:06.591+01:00 [     6] WARNING    - W&#xD;&#xD;
2024-01-09 15:43:06.591+01:00 [     6] WARNING    - W&#xD;&#xD;
2024-01-09 15:43:06.591+01:00 [     6] WARNING    - W&#xD;&#xD;
2024-01-09 15:43:06.591+01:00 [     6] WARNING    - W&#xD;&#xD;
2024-01-09 15:43:06.591+01:00 [     6] WARNING    - W&#xD;&#xD;
2024-01-09 15:43:06.591+01:00 [     6] WARNING    - W&#xD;&#xD;
2024-01-09 15:43:06.591+01:00 [     6] WARNING    - W&#xD;&#xD;
2024-01-09 15:43:06.591+01:00 [     6] WARNING    - W&#xD;&#xD;
2024-01-09 15:43:06.591+01:00 [     6] WARNING    - W&#xD;&#xD;
2024-01-09 15:43:06.591+01:00 [     6] WARNING    - W&#xD;&#xD;
2024-01-09 15:43:06.591+01:00 [     6] WARNING    - W&#xD;&#xD;
2024-01-09 15:43:06.591+01:00 [     6] WARNING    - W&#xD;&#xD;
2024-01-09 15:43:06.591+01:00 [     6] WARNING    - W&#xD;&#xD;
2024-01-09 15:43:06.591+01:00 [     6] WARNING    - W&#xD;&#xD;
2024-01-09 15:43:06.591+01:00 [     6] WARNING    - W&#xD;&#xD;
2024-01-09 15:43:06.591+01:00 [     6] WARNING    - W&#xD;&#xD;
2024-01-09 15:43:06.591+01:00 [     6] WARNING    - W&#xD;&#xD;
2024-01-09 15:43:06.591+01:00 [     6] WARNING    - W&#xD;&#xD;
2024-01-09 15:43:06.591+01:00 [     6] WARNING    - W&#xD;&#xD;
2024-01-09 15:43:06.591+01:00 [     6] WARNING    - W&#xD;&#xD;
2024-01-09 15:43:06.591+01:00 [     6] WARNING    - W&#xD;&#xD;
2024-01-09 15:43:06.591+01:00 [     6] WARNING    - W&#xD;&#xD;
2024-01-09 15:43:06.591+01:00 [     6] WARNING    - W&#xD;&#xD;
2024-01-09 15:43:06.591+01:00 [     6] WARNING    - W&#xD;&#xD;
2024-01-09 15:43:06.591+01:00 [     6] WARNING    - W&#xD;&#xD;
2024-01-09 15:43:06.591+01:00 [     6] WARNING    - W&#xD;&#xD;
2024-01-09 15:43:06.591+01:00 [     6] WARNING    - W&#xD;&#xD;
2024-01-09 15:43:06.591+01:00 [     6] WARNING    - W&#xD;&#xD;
2024-01-09 15:43:06.591+01:00 [     6] WARNING    - W&#xD;&#xD;
2024-01-09 15:43:06.591+01:00 [     6] WARNING    - W&#xD;&#xD;
2024-01-09 15:43:06.591+01:00 [     6] WARNING    - W&#xD;&#xD;
2024-01-09 15:43:06.591+01:00 [     6] WARNING    - W&#xD;&#xD;
2024-01-09 15:43:06.591+01:00 [     6] WARNING    - W&#xD;&#xD;
2024-01-09 15:43:06.591+01:00 [     6] WARNING    - W&#xD;&#xD;
2024-01-09 15:43:06.591+01:00 [     6] WARNING    - W&#xD;&#xD;
2024-01-09 15:43:06.591+01:00 [     6] WARNING    - W&#xD;&#xD;
2024-01-09 15:43:06.591+01:00 [     6] WARNING    - W&#xD;&#xD;
2024-01-09 15:43:06.591+01:00 [     6] WARNING    - W&#xD;&#xD;
2024-01-09 15:43:06.591+01:00 [     6] WARNING    - W&#xD;&#xD;
2024-01-09 15:43:06.591+01:00 [     6] WARNING    - W&#xD;&#xD;
2024-01-09 15:43:06.591+01:00 [     6] WARNING    - W&#xD;&#xD;
2024-01-09 15:43:06.591+01:00 [     6] WARNING    - W&#xD;&#xD;
2024-01-09 15:43:06.591+01:00 [     6] WARNING    - W&#xD;&#xD;
2024-01-09 15:43:06.591+01:00 [     6] WARNING    - W&#xD;&#xD;
2024-01-09 15:43:06.591+01:00 [     6] WARNING    - W&#xD;&#xD;
2024-01-09 15:43:06.591+01:00 [     6] WARNING    - W&#xD;&#xD;
2024-01-09 15:43:06.591+01:00 [     6] WARNING    - W&#xD;&#xD;
2024-01-09 15:43:06.591+01:00 [     6] WARNING    - W&#xD;&#xD;
2024-01-09 15:43:06.591+01:00 [     6] WARNING    - W&#xD;&#xD;
2024-01-09 15:43:06.591+01:00 [     6] WARNING    - W&#xD;&#xD;
2024-01-09 15:43:06.591+01:00 [     6] WARNING    - W&#xD;&#xD;
2024-01-09 15:43:06.591+01:00 [     6] WARNING    - W&#xD;&#xD;
2024-01-09 15:43:06.591+01:00 [     6] WARNING    - W&#xD;&#xD;
2024-01-09 15:43:06.591+01:00 [     6] WARNING    - W&#xD;&#xD;
2024-01-09 15:43:06.591+01:00 [     6] WARNING    - W&#xD;&#xD;
2024-01-09 15:43:06.591+01:00 [     6] WARNING    - W&#xD;&#xD;
2024-01-09 15:43:06.591+01:00 [     6] WARNING    - W&#xD;&#xD;
2024-01-09 15:43:06.591+01:00 [     6] WARNING    - W&#xD;&#xD;
2024-01-09 15:43:06.591+01:00 [     6] WARNING    - W&#xD;&#xD;
2024-01-09 15:43:06.591+01:00 [     6] WARNING    - W&#xD;&#xD;
2024-01-09 15:43:06.591+01:00 [     6] WARNING    - W&#xD;&#xD;
2024-01-09 15:43:06.591+01:00 [     6] WARNING    - W&#xD;&#xD;
2024-01-09 15:43:06.591+01:00 [     6] WARNING    - W&#xD;&#xD;
2024-01-09 15:43:06.591+01:00 [     6] WARNING    - W&#xD;&#xD;
2024-01-09 15:43:06.591+01:00 [     6] WARNING    - W&#xD;&#xD;
2024-01-09 15:43:06.591+01:00 [     6] WARNING    - W&#xD;&#xD;
2024-01-09 15:43:06.591+01:00 [     6] WARNING    - W&#xD;&#xD;
2024-01-09 15:43:06.591+01:00 [     6] WARNING    - W&#xD;&#xD;
2024-01-09 15:43:06.591+01:00 [     6] WARNING    - W&#xD;&#xD;
2024-01-09 15:43:06.591+01:00 [     6] WARNING    - W&#xD;&#xD;
2024-01-09 15:43:06.591+01:00 [     6] WARNING    - W&#xD;&#xD;
2024-01-09 15:43:06.591+01:00 [     6] WARNING    - W&#xD;&#xD;
2024-01-09 15:43:06.591+01:00 [     6] WARNING    - W&#xD;&#xD;
2024-01-09 15:43:06.591+01:00 [     6] WARNING    - W&#xD;&#xD;
2024-01-09 15:43:06.591+01:00 [     6] WARNING    - W&#xD;&#xD;
2024-01-09 15:43:06.591+01:00 [     6] WARNING    - W&#xD;&#xD;
2024-01-09 15:43:06.591+01:00 [     6] WARNING    - W&#xD;&#xD;
2024-01-09 15:43:06.591+01:00 [     6] WARNING    - W&#xD;&#xD;
2024-01-09 15:43:06.591+01:00 [     6] WARNING    - W&#xD;&#xD;
2024-01-09 15:43:06.591+01:00 [     6] WARNING    - W&#xD;&#xD;
2024-01-09 15:43:06.591+01:00 [     6] WARNING    - W&#xD;&#xD;
2024-01-09 15:43:06.591+01:00 [     6] WARNING    - W&#xD;&#xD;
2024-01-09 15:43:06.591+01:00 [     6] WARNING    - W&#xD;&#xD;
2024-01-09 15:43:06.591+01:00 [     6] WARNING    - W&#xD;&#xD;
2024-01-09 15:43:06.591+01:00 [     6] WARNING    - W&#xD;&#xD;
2024-01-09 15:43:06.591+01:00 [     6] WARNING    - W&#xD;&#xD;
2024-01-09 15:43:06.591+01:00 [     6] WARNING    - W&#xD;&#xD;
2024-01-09 15:43:06.591+01:00 [     6] WARNING    - W&#xD;&#xD;
2024-01-09 15:43:06.591+01:00 [     6] WARNING    - W&#xD;&#xD;
2024-01-09 15:43:06.591+01:00 [     6] WARNING    - W&#xD;&#xD;
2024-01-09 15:43:06.591+01:00 [     6] WARNING    - W&#xD;&#xD;
2024-01-09 15:43:06.591+01:00 [     6] WARNING    - W&#xD;&#xD;
2024-01-09 15:43:06.591+01:00 [     6] WARNING    - W&#xD;&#xD;
2024-01-09 15:43:06.591+01:00 [     6] WARNING    - W&#xD;&#xD;
2024-01-09 15:43:06.591+01:00 [     6] WARNING    - W&#xD;&#xD;
2024-01-09 15:43:06.591+01:00 [     6] WARNING    - W&#xD;&#xD;
2024-01-09 15:43:06.591+01:00 [     6] WARNING    - W&#xD;&#xD;
2024-01-09 15:43:06.591+01:00 [     6] WARNING    - W&#xD;&#xD;
2024-01-09 15:43:06.591+01:00 [     6] WARNING    - W&#xD;&#xD;
2024-01-09 15:43:06.591+01:00 [     6] WARNING    - W&#xD;&#xD;
2024-01-09 15:43:06.591+01:00 [     6] WARNING    - W&#xD;&#xD;
2024-01-09 15:43:06.591+01:00 [     6] WARNING    - W&#xD;&#xD;
2024-01-09 15:43:06.591+01:00 [     6] WARNING    - W&#xD;&#xD;
2024-01-09 15:43:06.591+01:00 [     6] WARNING    - W&#xD;&#xD;
2024-01-09 15:43:06.591+01:00 [     6] WARNING    - W&#xD;&#xD;
2024-01-09 15:43:06.591+01:00 [     6] WARNING    - W&#xD;&#xD;
2024-01-09 15:43:06.591+01:00 [     6] WARNING    - W&#xD;&#xD;
2024-01-09 15:43:06.591+01:00 [     6] WARNING    - W&#xD;&#xD;
2024-01-09 15:43:06.591+01:00 [     6] WARNING    - W&#xD;&#xD;
2024-01-09 15:43:06.591+01:00 [     6] WARNING    - W&#xD;&#xD;
2024-01-09 15:43:06.591+01:00 [     6] WARNING    - W&#xD;&#xD;
2024-01-09 15:43:06.591+01:00 [     6] WARNING    - W&#xD;&#xD;
2024-01-09 15:43:06.591+01:00 [     6] WARNING    - W&#xD;&#xD;
2024-01-09 15:43:06.591+01:00 [     6] WARNING    - W&#xD;&#xD;
2024-01-09 15:43:06.591+01:00 [     6] WARNING    - W&#xD;&#xD;
2024-01-09 15:43:06.591+01:00 [     6] WARNING    - W&#xD;&#xD;
2024-01-09 15:43:06.591+01:00 [     6] WARNING    - W&#xD;&#xD;
2024-01-09 15:43:06.591+01:00 [     6] WARNING    - W&#xD;&#xD;
2024-01-09 15:43:06.591+01:00 [     6] WARNING    - W&#xD;&#xD;
2024-01-09 15:43:06.591+01:00 [     6] WARNING    - W&#xD;&#xD;
2024-01-09 15:43:06.591+01:00 [     6] WARNING    - W&#xD;&#xD;
2024-01-09 15:43:06.591+01:00 [     6] WARNING    - W&#xD;&#xD;
2024-01-09 15:43:06.591+01:00 [     6] WARNING    - W&#xD;&#xD;
2024-01-09 15:43:06.591+01:00 [     6] WARNING    - W&#xD;&#xD;
2024-01-09 15:43:06.591+01:00 [     6] WARNING    - W&#xD;&#xD;
2024-01-09 15:43:06.591+01:00 [     6] WARNING    - W&#xD;&#xD;
2024-01-09 15:43:06.591+01:00 [     6] WARNING    - W&#xD;&#xD;
2024-01-09 15:43:06.591+01:00 [     6] WARNING    - W&#xD;&#xD;
2024-01-09 15:43:06.591+01:00 [     6] WARNING    - W&#xD;&#xD;
2024-01-09 15:43:06.591+01:00 [     6] WARNING    - W&#xD;&#xD;
2024-01-09 15:43:06.591+01:00 [     6] WARNING    - W&#xD;&#xD;
2024-01-09 15:43:06.591+01:00 [     6] WARNING    - W&#xD;&#xD;
2024-01-09 15:43:06.591+01:00 [     6] WARNING    - W&#xD;&#xD;
2024-01-09 15:43:06.591+01:00 [     6] WARNING    - W&#xD;&#xD;
2024-01-09 15:43:06.591+01:00 [     6] WARNING    - W&#xD;&#xD;
2024-01-09 15:43:06.591+01:00 [     6] WARNING    - W&#xD;&#xD;
2024-01-09 15:43:06.591+01:00 [     6] WARNING    - W&#xD;&#xD;
2024-01-09 15:43:06.591+01:00 [     6] WARNING    - W&#xD;&#xD;
2024-01-09 15:43:06.591+01:00 [     6] WARNING    - W&#xD;&#xD;
2024-01-09 15:43:06.591+01:00 [     6] WARNING    - W&#xD;&#xD;
2024-01-09 15:43:06.591+01:00 [     6] WARNING    - W&#xD;&#xD;
2024-01-09 15:43:06.591+01:00 [     6] WARNING    - W&#xD;&#xD;
2024-01-09 15:43:06.591+01:00 [     6] WARNING    - W&#xD;&#xD;
2024-01-09 15:43:06.591+01:00 [     6] WARNING    - W&#xD;&#xD;
2024-01-09 15:43:06.591+01:00 [     6] WARNING    - W&#xD;&#xD;
2024-01-09 15:43:06.591+01:00 [     6] WARNING    - W&#xD;&#xD;
2024-01-09 15:43:06.591+01:00 [     6] WARNING    - W&#xD;&#xD;
2024-01-09 15:43:06.591+01:00 [     6] WARNING    - W&#xD;&#xD;
2024-01-09 15:43:06.591+01:00 [     6] WARNING    - W&#xD;&#xD;
2024-01-09 15:43:06.591+01:00 [     6] WARNING    - W&#xD;&#xD;
2024-01-09 15:43:06.591+01:00 [     6] WARNING    - W&#xD;&#xD;
2024-01-09 15:43:06.591+01:00 [     6] WARNING    - W&#xD;&#xD;
2024-01-09 15:43:06.591+01:00 [     6] WARNING    - W&#xD;&#xD;
2024-01-09 15:43:06.591+01:00 [     6] WARNING    - W&#xD;&#xD;
2024-01-09 15:43:06.591+01:00 [     6] WARNING    - W&#xD;&#xD;
2024-01-09 15:43:06.591+01:00 [     6] WARNING    - W&#xD;&#xD;
2024-01-09 15:43:06.591+01:00 [     6] WARNING    - W&#xD;&#xD;
2024-01-09 15:43:06.591+01:00 [     6] WARNING    - W&#xD;&#xD;
2024-01-09 15:43:06.591+01:00 [     6] WARNING    - W&#xD;&#xD;
2024-01-09 15:43:06.591+01:00 [     6] WARNING    - W&#xD;&#xD;
2024-01-09 15:43:06.591+01:00 [     6] WARNING    - W&#xD;&#xD;
2024-01-09 15:43:06.591+01:00 [     6] WARNING    - W&#xD;&#xD;
2024-01-09 15:43:06.591+01:00 [     6] WARNING    - W&#xD;&#xD;
2024-01-09 15:43:06.591+01:00 [     6] WARNING    - W&#xD;&#xD;
2024-01-09 15:43:06.591+01:00 [     6] WARNING    - W&#xD;&#xD;
2024-01-09 15:43:06.591+01:00 [     6] WARNING    - W&#xD;&#xD;
2024-01-09 15:43:06.591+01:00 [     6] WARNING    - W&#xD;&#xD;
2024-01-09 15:43:06.591+01:00 [     6] WARNING    - W&#xD;&#xD;
2024-01-09 15:43:06.591+01:00 [     6] WARNING    - W&#xD;&#xD;
2024-01-09 15:43:06.591+01:00 [     6] WARNING    - W&#xD;&#xD;
2024-01-09 15:43:06.591+01:00 [     6] WARNING    - W&#xD;&#xD;
2024-01-09 15:43:06.591+01:00 [     6] WARNING    - W&#xD;&#xD;
2024-01-09 15:43:06.591+01:00 [     6] WARNING    - W&#xD;&#xD;
2024-01-09 15:43:06.591+01:00 [     6] WARNING    - W&#xD;&#xD;
2024-01-09 15:43:06.591+01:00 [     6] WARNING    - W&#xD;&#xD;
2024-01-09 15:43:06.591+01:00 [     6] WARNING    - W&#xD;&#xD;
2024-01-09 15:43:06.591+01:00 [     6] WARNING    - W&#xD;&#xD;
2024-01-09 15:43:06.591+01:00 [     6] WARNING    - W&#xD;&#xD;
2024-01-09 15:43:06.591+01:00 [     6] WARNING    - W&#xD;&#xD;
2024-01-09 15:43:06.591+01:00 [     6] WARNING    - W&#xD;&#xD;
2024-01-09 15:43:06.591+01:00 [     6] WARNING    - W&#xD;&#xD;
2024-01-09 15:43:06.591+01:00 [     6] WARNING    - W&#xD;&#xD;
2024-01-09 15:43:06.591+01:00 [     6] WARNING    - W&#xD;&#xD;
2024-01-09 15:43:06.591+01:00 [     6] WARNING    - W&#xD;&#xD;
2024-01-09 15:43:06.591+01:00 [     6] WARNING    - W&#xD;&#xD;
2024-01-09 15:43:06.591+01:00 [     6] WARNING    - W&#xD;&#xD;
2024-01-09 15:43:06.591+01:00 [     6] WARNING    - W&#xD;&#xD;
2024-01-09 15:43:06.591+01:00 [     6] WARNING    - W&#xD;&#xD;
2024-01-09 15:43:06.591+01:00 [     6] WARNING    - W&#xD;&#xD;
2024-01-09 15:43:06.591+01:00 [     6] WARNING    - W&#xD;&#xD;
2024-01-09 15:43:06.591+01:00 [     6] WARNING    - W&#xD;&#xD;
2024-01-09 15:43:06.591+01:00 [     6] WARNING    - W&#xD;&#xD;
2024-01-09 15:43:06.591+01:00 [     6] WARNING    - W&#xD;&#xD;
2024-01-09 15:43:06.591+01:00 [     6] WARNING    - W&#xD;&#xD;
2024-01-09 15:43:06.591+01:00 [     6] WARNING    - W&#xD;&#xD;
2024-01-09 15:43:06.591+01:00 [     6] WARNING    - W&#xD;&#xD;
2024-01-09 15:43:06.591+01:00 [     6] WARNING    - W&#xD;&#xD;
2024-01-09 15:43:06.591+01:00 [     6] WARNING    - W&#xD;&#xD;
2024-01-09 15:43:06.591+01:00 [     6] WARNING    - W&#xD;&#xD;
2024-01-09 15:43:06.591+01:00 [     6] WARNING    - W&#xD;&#xD;
2024-01-09 15:43:06.591+01:00 [     6] WARNING    - W&#xD;&#xD;
2024-01-09 15:43:06.591+01:00 [     6] WARNING    - W&#xD;&#xD;
2024-01-09 15:43:06.591+01:00 [     6] WARNING    - W&#xD;&#xD;
2024-01-09 15:43:06.591+01:00 [     6] WARNING    - W&#xD;&#xD;
2024-01-09 15:43:06.591+01:00 [     6] WARNING    - W&#xD;&#xD;
2024-01-09 15:43:06.591+01:00 [     6] WARNING    - W&#xD;&#xD;
2024-01-09 15:43:06.591+01:00 [     6] WARNING    - W&#xD;&#xD;
2024-01-09 15:43:06.591+01:00 [     6] WARNING    - W&#xD;&#xD;
2024-01-09 15:43:06.591+01:00 [     6] WARNING    - W&#xD;&#xD;
2024-01-09 15:43:06.591+01:00 [     6] WARNING    - W&#xD;&#xD;
2024-01-09 15:43:06.591+01:00 [     6] WARNING    - W&#xD;&#xD;
2024-01-09 15:43:06.591+01:00 [     6] WARNING    - W&#xD;&#xD;
2024-01-09 15:43:06.591+01:00 [     6] WARNING    - W&#xD;&#xD;
2024-01-09 15:43:06.591+01:00 [     6] WARNING    - W&#xD;&#xD;
2024-01-09 15:43:06.591+01:00 [     6] WARNING    - W&#xD;&#xD;
2024-01-09 15:43:06.591+01:00 [     6] WARNING    - W&#xD;&#xD;
2024-01-09 15:43:06.591+01:00 [     6] WARNING    - W&#xD;&#xD;
2024-01-09 15:43:06.591+01:00 [     6] WARNING    - W&#xD;&#xD;
2024-01-09 15:43:06.591+01:00 [     6] WARNING    - W&#xD;&#xD;
2024-01-09 15:43:06.591+01:00 [     6] WARNING    - W&#xD;&#xD;
2024-01-09 15:43:06.591+01:00 [     6] WARNING    - W&#xD;&#xD;
2024-01-09 15:43:06.591+01:00 [     6] WARNING    - W&#xD;&#xD;
2024-01-09 15:43:06.591+01:00 [     6] WARNING    - W&#xD;&#xD;
2024-01-09 15:43:06.591+01:00 [     6] WARNING    - W&#xD;&#xD;
2024-01-09 15:43:06.591+01:00 [     6] WARNING    - W&#xD;&#xD;
2024-01-09 15:43:06.591+01:00 [     6] WARNING    - W&#xD;&#xD;
2024-01-09 15:43:06.591+01:00 [     6] WARNING    - W&#xD;&#xD;
2024-01-09 15:43:06.591+01:00 [     6] WARNING    - W&#xD;&#xD;
2024-01-09 15:43:06.591+01:00 [     6] WARNING    - W&#xD;&#xD;
2024-01-09 15:43:06.591+01:00 [     6] WARNING    - W&#xD;&#xD;
2024-01-09 15:43:06.591+01:00 [     6] WARNING    - W&#xD;&#xD;
2024-01-09 15:43:06.591+01:00 [     6] WARNING    - W&#xD;&#xD;
2024-01-09 15:43:06.591+01:00 [     6] WARNING    - W&#xD;&#xD;
2024-01-09 15:43:06.591+01:00 [     6] WARNING    - W&#xD;&#xD;
2024-01-09 15:43:06.591+01:00 [     6] WARNING    - W&#xD;&#xD;
2024-01-09 15:43:06.591+01:00 [     6] WARNING    - W&#xD;&#xD;
2024-01-09 15:43:06.591+01:00 [     6] WARNING    - W&#xD;&#xD;
2024-01-09 15:43:06.591+01:00 [     6] WARNING    - W&#xD;&#xD;
2024-01-09 15:43:06.591+01:00 [     6] WARNING    - W&#xD;&#xD;
2024-01-09 15:43:06.591+01:00 [     6] WARNING    - W&#xD;&#xD;
2024-01-09 15:43:06.591+01:00 [     6] WARNING    - W&#xD;&#xD;
2024-01-09 15:43:06.591+01:00 [     6] WARNING    - W&#xD;&#xD;
2024-01-09 15:43:06.591+01:00 [     6] WARNING    - W&#xD;&#xD;
2024-01-09 15:43:06.591+01:00 [     6] WARNING    - W&#xD;&#xD;
2024-01-09 15:43:06.591+01:00 [     6] WARNING    - W&#xD;&#xD;
2024-01-09 15:43:06.591+01:00 [     6] WARNING    - W&#xD;&#xD;
2024-01-09 15:43:06.591+01:00 [     6] WARNING    - W&#xD;&#xD;
2024-01-09 15:43:06.591+01:00 [     6] WARNING    - W&#xD;&#xD;
2024-01-09 15:43:06.591+01:00 [     6] WARNING    - W&#xD;&#xD;
2024-01-09 15:43:06.591+01:00 [     6] WARNING    - W&#xD;&#xD;
2024-01-09 15:43:06.591+01:00 [     6] WARNING    - W&#xD;&#xD;
2024-01-09 15:43:06.591+01:00 [     6] WARNING    - W&#xD;&#xD;
2024-01-09 15:43:06.591+01:00 [     6] WARNING    - W&#xD;&#xD;
2024-01-09 15:43:06.591+01:00 [     6] WARNING    - W&#xD;&#xD;
2024-01-09 15:43:06.591+01:00 [     6] WARNING    - W&#xD;&#xD;
2024-01-09 15:43:06.591+01:00 [     6] WARNING    - W&#xD;&#xD;
2024-01-09 15:43:06.591+01:00 [     6] WARNING    - W&#xD;&#xD;
2024-01-09 15:43:06.591+01:00 [     6] WARNING    - W&#xD;&#xD;
2024-01-09 15:43:06.591+01:00 [     6] WARNING    - W&#xD;&#xD;
2024-01-09 15:43:06.591+01:00 [     6] WARNING    - W&#xD;&#xD;
2024-01-09 15:43:06.591+01:00 [     6] WARNING    - W&#xD;&#xD;
2024-01-09 15:43:06.591+01:00 [     6] WARNING    - W&#xD;&#xD;
2024-01-09 15:43:06.591+01:00 [     6] WARNING    - W&#xD;&#xD;
2024-01-09 15:43:06.591+01:00 [     6] WARNING    - W&#xD;&#xD;
2024-01-09 15:43:06.591+01:00 [     6] WARNING    - W&#xD;&#xD;
2024-01-09 15:43:06.591+01:00 [     6] WARNING    - W&#xD;&#xD;
2024-01-09 15:43:06.591+01:00 [     6] WARNING    - W&#xD;&#xD;
2024-01-09 15:43:06.591+01:00 [     6] WARNING    - W&#xD;&#xD;
2024-01-09 15:43:06.591+01:00 [     6] WARNING    - W&#xD;&#xD;
2024-01-09 15:43:06.591+01:00 [     6] WARNING    - W&#xD;&#xD;
2024-01-09 15:43:06.591+01:00 [     6] WARNING    - W&#xD;&#xD;
2024-01-09 15:43:06.591+01:00 [     6] WARNING    - W&#xD;&#xD;
2024-01-09 15:43:06.591+01:00 [     6] WARNING    - W&#xD;&#xD;
2024-01-09 15:43:06.591+01:00 [     6] WARNING    - W&#xD;&#xD;
2024-01-09 15:43:06.591+01:00 [     6] WARNING    - W&#xD;&#xD;
2024-01-09 15:43:06.591+01:00 [     6] WARNING    - W&#xD;&#xD;
2024-01-09 15:43:06.591+01:00 [     6] WARNING    - W&#xD;&#xD;
2024-01-09 15:43:06.591+01:00 [     6] WARNING    - W&#xD;&#xD;
2024-01-09 15:43:06.591+01:00 [     6] WARNING    - W&#xD;&#xD;
2024-01-09 15:43:06.591+01:00 [     6] WARNING    - W&#xD;&#xD;
2024-01-09 15:43:06.591+01:00 [     6] WARNING    - W&#xD;&#xD;
2024-01-09 15:43:06.591+01:00 [     6] WARNING    - W&#xD;&#xD;
2024-01-09 15:43:06.591+01:00 [     6] WARNING    - W&#xD;&#xD;
2024-01-09 15:43:06.591+01:00 [     6] WARNING    - W&#xD;&#xD;
2024-01-09 15:43:06.591+01:00 [     6] WARNING    - W&#xD;&#xD;
2024-01-09 15:43:06.591+01:00 [     6] WARNING    - W&#xD;&#xD;
2024-01-09 15:43:06.591+01:00 [     6] WARNING    - W&#xD;&#xD;
2024-01-09 15:43:06.591+01:00 [     6] WARNING    - W&#xD;&#xD;
2024-01-09 15:43:06.591+01:00 [     6] WARNING    - W&#xD;&#xD;
2024-01-09 15:43:06.591+01:00 [     6] WARNING    - W&#xD;&#xD;
2024-01-09 15:43:06.591+01:00 [     6] WARNING    - W&#xD;&#xD;
2024-01-09 15:43:06.591+01:00 [     6] WARNING    - W&#xD;&#xD;
2024-01-09 15:43:06.591+01:00 [     6] WARNING    - W&#xD;&#xD;
2024-01-09 15:43:06.591+01:00 [     6] WARNING    - W&#xD;&#xD;
2024-01-09 15:43:06.591+01:00 [     6] WARNING    - W&#xD;&#xD;
2024-01-09 15:43:06.591+01:00 [     6] WARNING    - W&#xD;&#xD;
2024-01-09 15:43:06.591+01:00 [     6] WARNING    - W&#xD;&#xD;
2024-01-09 15:43:06.591+01:00 [     6] WARNING    - W&#xD;&#xD;
2024-01-09 15:43:06.591+01:00 [     6] WARNING    - W&#xD;&#xD;
2024-01-09 15:43:06.591+01:00 [     6] WARNING    - W&#xD;&#xD;
2024-01-09 15:43:06.591+01:00 [     6] WARNING    - W&#xD;&#xD;
2024-01-09 15:43:06.591+01:00 [     6] WARNING    - W&#xD;&#xD;
2024-01-09 15:43:06.591+01:00 [     6] WARNING    - W&#xD;&#xD;
2024-01-09 15:43:06.591+01:00 [     6] WARNING    - W&#xD;&#xD;
2024-01-09 15:43:06.591+01:00 [     6] WARNING    - W&#xD;&#xD;
2024-01-09 15:43:06.591+01:00 [     6] WARNING    - W&#xD;&#xD;
2024-01-09 15:43:06.591+01:00 [     6] WARNING    - W&#xD;&#xD;
2024-01-09 15:43:06.591+01:00 [     6] WARNING    - W&#xD;&#xD;
2024-01-09 15:43:06.591+01:00 [     6] WARNING    - W&#xD;&#xD;
2024-01-09 15:43:06.591+01:00 [     6] WARNING    - W&#xD;&#xD;
2024-01-09 15:43:06.591+01:00 [     6] WARNING    - W&#xD;&#xD;
2024-01-09 15:43:06.591+01:00 [     6] WARNING    - W&#xD;&#xD;
2024-01-09 15:43:06.591+01:00 [     6] WARNING    - W&#xD;&#xD;
2024-01-09 15:43:06.591+01:00 [     6] WARNING    - W&#xD;&#xD;
2024-01-09 15:43:06.591+01:00 [     6] WARNING    - W&#xD;&#xD;
2024-01-09 15:43:06.591+01:00 [     6] WARNING    - W&#xD;&#xD;
2024-01-09 15:43:06.591+01:00 [     6] WARNING    - W&#xD;&#xD;
2024-01-09 15:43:06.591+01:00 [     6] WARNING    - W&#xD;&#xD;
2024-01-09 15:43:06.591+01:00 [     6] WARNING    - W&#xD;&#xD;
2024-01-09 15:43:06.591+01:00 [     6] WARNING    - W&#xD;&#xD;
2024-01-09 15:43:06.591+01:00 [     6] WARNING    - W&#xD;&#xD;
2024-01-09 15:43:06.591+01:00 [     6] WARNING    - W&#xD;&#xD;
2024-01-09 15:43:06.591+01:00 [     6] WARNING    - W&#xD;&#xD;
2024-01-09 15:43:06.591+01:00 [     6] WARNING    - W&#xD;&#xD;
2024-01-09 15:43:06.591+01:00 [     6] WARNING    - W&#xD;&#xD;
2024-01-09 15:43:06.591+01:00 [     6] WARNING    - W&#xD;&#xD;
2024-01-09 15:43:06.591+01:00 [     6] WARNING    - W&#xD;&#xD;
2024-01-09 15:43:06.591+01:00 [     6] WARNING    - W&#xD;&#xD;
2024-01-09 15:43:06.591+01:00 [     6] WARNING    - W&#xD;&#xD;
2024-01-09 15:43:06.591+01:00 [     6] WARNING    - W&#xD;&#xD;
2024-01-09 15:43:06.591+01:00 [     6] WARNING    - W&#xD;&#xD;
2024-01-09 15:43:06.591+01:00 [     6] WARNING    - W&#xD;&#xD;
2024-01-09 15:43:06.591+01:00 [     6] WARNING    - W&#xD;&#xD;
2024-01-09 15:43:06.591+01:00 [     6] WARNING    - W&#xD;&#xD;
2024-01-09 15:43:06.591+01:00 [     6] WARNING    - W&#xD;&#xD;
2024-01-09 15:43:06.591+01:00 [     6] WARNING    - W&#xD;&#xD;
2024-01-09 15:43:06.591+01:00 [     6] WARNING    - W&#xD;&#xD;
2024-01-09 15:43:06.591+01:00 [     6] WARNING    - W&#xD;&#xD;
2024-01-09 15:43:06.591+01:00 [     6] WARNING    - W&#xD;&#xD;
2024-01-09 15:43:06.591+01:00 [     6] WARNING    - W&#xD;&#xD;
2024-01-09 15:43:06.591+01:00 [     6] WARNING    - W&#xD;&#xD;
2024-01-09 15:43:06.591+01:00 [     6] WARNING    - W&#xD;&#xD;
2024-01-09 15:43:06.591+01:00 [     6] WARNING    - W&#xD;&#xD;
2024-01-09 15:43:06.591+01:00 [     6] WARNING    - W&#xD;&#xD;
2024-01-09 15:43:06.591+01:00 [     6] WARNING    - W&#xD;&#xD;
2024-01-09 15:43:06.591+01:00 [     6] WARNING    - W&#xD;&#xD;
2024-01-09 15:43:06.591+01:00 [     6] WARNING    - W&#xD;&#xD;
2024-01-09 15:43:06.591+01:00 [     6] WARNING    - W&#xD;&#xD;
2024-01-09 15:43:06.591+01:00 [     6] WARNING    - W&#xD;&#xD;
2024-01-09 15:43:06.591+01:00 [     6] WARNING    - W&#xD;&#xD;
2024-01-09 15:43:06.591+01:00 [     6] WARNING    - W&#xD;&#xD;
2024-01-09 15:43:06.591+01:00 [     6] WARNING    - W&#xD;&#xD;
2024-01-09 15:43:06.591+01:00 [     6] WARNING    - W&#xD;&#xD;
2024-01-09 15:43:06.591+01:00 [     6] WARNING    - W&#xD;&#xD;
2024-01-09 15:43:06.591+01:00 [     6] WARNING    - W&#xD;&#xD;
2024-01-09 15:43:06.591+01:00 [     6] WARNING    - W&#xD;&#xD;
2024-01-09 15:43:06.591+01:00 [     6] WARNING    - W&#xD;&#xD;
2024-01-09 15:43:06.591+01:00 [     6] WARNING    - W&#xD;&#xD;
2024-01-09 15:43:06.591+01:00 [     6] WARNING    - W&#xD;&#xD;
2024-01-09 15:43:06.591+01:00 [     6] WARNING    - W&#xD;&#xD;
2024-01-09 15:43:06.591+01:00 [     6] WARNING    - W&#xD;&#xD;
2024-01-09 15:43:06.591+01:00 [     6] WARNING    - W&#xD;&#xD;
2024-01-09 15:43:06.591+01:00 [     6] WARNING    - W&#xD;&#xD;
2024-01-09 15:43:06.591+01:00 [     6] WARNING    - W&#xD;&#xD;
2024-01-09 15:43:06.591+01:00 [     6] WARNING    - W&#xD;&#xD;
2024-01-09 15:43:06.591+01:00 [     6] WARNING    - W&#xD;&#xD;
2024-01-09 15:43:06.591+01:00 [     6] WARNING    - W&#xD;&#xD;
2024-01-09 15:43:06.591+01:00 [     6] WARNING    - W&#xD;&#xD;
2024-01-09 15:43:06.591+01:00 [     6] WARNING    - W&#xD;&#xD;
2024-01-09 15:43:06.591+01:00 [     6] WARNING    - W&#xD;&#xD;
2024-01-09 15:43:06.591+01:00 [     6] WARNING    - W&#xD;&#xD;
2024-01-09 15:43:06.591+01:00 [     6] WARNING    - W&#xD;&#xD;
2024-01-09 15:43:06.591+01:00 [     6] WARNING    - W&#xD;&#xD;
2024-01-09 15:43:06.591+01:00 [     6] WARNING    - W&#xD;&#xD;
2024-01-09 15:43:06.591+01:00 [     6] WARNING    - W&#xD;&#xD;
2024-01-09 15:43:06.591+01:00 [     6] WARNING    - W&#xD;&#xD;
2024-01-09 15:43:06.591+01:00 [     6] WARNING    - W&#xD;&#xD;
2024-01-09 15:43:06.591+01:00 [     6] WARNING    - W&#xD;&#xD;
2024-01-09 15:43:06.591+01:00 [     6] WARNING    - W&#xD;&#xD;
2024-01-09 15:43:06.591+01:00 [     6] WARNING    - W&#xD;&#xD;
2024-01-09 15:43:06.591+01:00 [     6] WARNING    - W&#xD;&#xD;
2024-01-09 15:43:06.591+01:00 [     6] WARNING    - W&#xD;&#xD;
2024-01-09 15:43:06.591+01:00 [     6] WARNING    - W&#xD;&#xD;
2024-01-09 15:43:06.591+01:00 [     6] WARNING    - W&#xD;&#xD;
2024-01-09 15:43:06.591+01:00 [     6] WARNING    - W&#xD;&#xD;
2024-01-09 15:43:06.591+01:00 [     6] WARNING    - W&#xD;&#xD;
2024-01-09 15:43:06.591+01:00 [     6] WARNING    - W&#xD;&#xD;
2024-01-09 15:43:06.591+01:00 [     6] WARNING    - W&#xD;&#xD;
2024-01-09 15:43:06.591+01:00 [     6] WARNING    - W&#xD;&#xD;
2024-01-09 15:43:06.591+01:00 [     6] WARNING    - W&#xD;&#xD;
2024-01-09 15:43:06.591+01:00 [     6] WARNING    - W&#xD;&#xD;
2024-01-09 15:43:06.591+01:00 [     6] WARNING    - W&#xD;&#xD;
2024-01-09 15:43:06.591+01:00 [     6] WARNING    - W&#xD;&#xD;
2024-01-09 15:43:06.591+01:00 [     6] WARNING    - W&#xD;&#xD;
2024-01-09 15:43:06.591+01:00 [     6] WARNING    - W&#xD;&#xD;
2024-01-09 15:43:06.591+01:00 [     6] WARNING    - W&#xD;&#xD;
2024-01-09 15:43:06.591+01:00 [     6] WARNING    - W&#xD;&#xD;
2024-01-09 15:43:06.591+01:00 [     6] WARNING    - W&#xD;&#xD;
2024-01-09 15:43:06.591+01:00 [     6] WARNING    - W&#xD;&#xD;
2024-01-09 15:43:06.591+01:00 [     6] WARNING    - W&#xD;&#xD;
2024-01-09 15:43:06.591+01:00 [     6] WARNING    - W&#xD;&#xD;
2024-01-09 15:43:06.591+01:00 [     6] WARNING    - W&#xD;&#xD;
2024-01-09 15:43:06.591+01:00 [     6] WARNING    - W&#xD;&#xD;
2024-01-09 15:43:06.591+01:00 [     6] WARNING    - W&#xD;&#xD;
2024-01-09 15:43:06.591+01:00 [     6] WARNING    - W&#xD;&#xD;
2024-01-09 15:43:06.591+01:00 [     6] WARNING    - W&#xD;&#xD;
2024-01-09 15:43:06.591+01:00 [     6] WARNING    - W&#xD;&#xD;
2024-01-09 15:43:06.591+01:00 [     6] WARNING    - W&#xD;&#xD;
2024-01-09 15:43:06.591+01:00 [     6] WARNING    - W&#xD;&#xD;
2024-01-09 15:43:06.591+01:00 [     6] WARNING    - W&#xD;&#xD;
2024-01-09 15:43:06.591+01:00 [     6] WARNING    - W&#xD;&#xD;
2024-01-09 15:43:06.591+01:00 [     6] WARNING    - W&#xD;&#xD;
2024-01-09 15:43:06.591+01:00 [     6] WARNING    - W&#xD;&#xD;
2024-01-09 15:43:06.591+01:00 [     6] WARNING    - W&#xD;&#xD;
2024-01-09 15:43:06.591+01:00 [     6] WARNING    - W&#xD;&#xD;
2024-01-09 15:43:06.591+01:00 [     6] WARNING    - W&#xD;&#xD;
2024-01-09 15:43:06.591+01:00 [     6] WARNING    - W&#xD;&#xD;
2024-01-09 15:43:06.591+01:00 [     6] WARNING    - W&#xD;&#xD;
2024-01-09 15:43:06.591+01:00 [     6] WARNING    - W&#xD;&#xD;
2024-01-09 15:43:06.591+01:00 [     6] WARNING    - W&#xD;&#xD;
2024-01-09 15:43:06.591+01:00 [     6] WARNING    - W&#xD;&#xD;
2024-01-09 15:43:06.591+01:00 [     6] WARNING    - W&#xD;&#xD;
2024-01-09 15:43:06.591+01:00 [     6] WARNING    - W&#xD;&#xD;
2024-01-09 15:43:06.591+01:00 [     6] WARNING    - W&#xD;&#xD;
2024-01-09 15:43:06.591+01:00 [     6] WARNING    - W&#xD;&#xD;
2024-01-09 15:43:06.591+01:00 [     6] WARNING    - W&#xD;&#xD;
2024-01-09 15:43:06.591+01:00 [     6] WARNING    - W&#xD;&#xD;
2024-01-09 15:43:06.591+01:00 [     6] WARNING    - W&#xD;&#xD;
2024-01-09 15:43:06.591+01:00 [     6] WARNING    - W&#xD;&#xD;
2024-01-09 15:43:06.591+01:00 [     6] WARNING    - W&#xD;&#xD;
2024-01-09 15:43:06.591+01:00 [     6] WARNING    - W&#xD;&#xD;
2024-01-09 15:43:06.591+01:00 [     6] WARNING    - W&#xD;&#xD;
2024-01-09 15:43:06.591+01:00 [     6] WARNING    - W&#xD;&#xD;
2024-01-09 15:43:06.591+01:00 [     6] WARNING    - W&#xD;&#xD;
2024-01-09 15:43:06.591+01:00 [     6] WARNING    - W&#xD;&#xD;
2024-01-09 15:43:06.591+01:00 [     6] WARNING    - W&#xD;&#xD;
2024-01-09 15:43:06.591+01:00 [     6] WARNING    - W&#xD;&#xD;
2024-01-09 15:43:06.591+01:00 [     6] WARNING    - W&#xD;&#xD;
2024-01-09 15:43:06.591+01:00 [     6] WARNING    - W&#xD;&#xD;
2024-01-09 15:43:06.591+01:00 [     6] WARNING    - W&#xD;&#xD;
2024-01-09 15:43:06.591+01:00 [     6] WARNING    - W&#xD;&#xD;
2024-01-09 15:43:06.591+01:00 [     6] WARNING    - W&#xD;&#xD;
2024-01-09 15:43:06.591+01:00 [     6] WARNING    - W&#xD;&#xD;
2024-01-09 15:43:06.591+01:00 [     6] WARNING    - W&#xD;&#xD;
2024-01-09 15:43:06.591+01:00 [     6] WARNING    - W&#xD;&#xD;
2024-01-09 15:43:06.591+01:00 [     6] WARNING    - W&#xD;&#xD;
2024-01-09 15:43:06.591+01:00 [     6] WARNING    - W&#xD;&#xD;
2024-01-09 15:43:06.591+01:00 [     6] WARNING    - W&#xD;&#xD;
2024-01-09 15:43:06.591+01:00 [     6] WARNING    - W&#xD;&#xD;
2024-01-09 15:43:06.591+01:00 [     6] WARNING    - W&#xD;&#xD;
2024-01-09 15:43:06.591+01:00 [     6] WARNING    - W&#xD;&#xD;
2024-01-09 15:43:06.591+01:00 [     6] WARNING    - W&#xD;&#xD;
2024-01-09 15:43:06.591+01:00 [     6] WARNING    - W&#xD;&#xD;
2024-01-09 15:43:06.591+01:00 [     6] WARNING    - W&#xD;&#xD;
2024-01-09 15:43:06.591+01:00 [     6] WARNING    - W&#xD;&#xD;
2024-01-09 15:43:06.591+01:00 [     6] WARNING    - W&#xD;&#xD;
2024-01-09 15:43:06.591+01:00 [     6] WARNING    - W&#xD;&#xD;
2024-01-09 15:43:06.591+01:00 [     6] WARNING    - W&#xD;&#xD;
2024-01-09 15:43:06.591+01:00 [     6] WARNING    - W&#xD;&#xD;
2024-01-09 15:43:06.591+01:00 [     6] WARNING    - W&#xD;&#xD;
2024-01-09 15:43:06.591+01:00 [     6] WARNING    - W&#xD;&#xD;
2024-01-09 15:43:06.591+01:00 [     6] WARNING    - W&#xD;&#xD;
2024-01-09 15:43:06.591+01:00 [     6] WARNING    - W&#xD;&#xD;
2024-01-09 15:43:06.591+01:00 [     6] WARNING    - W&#xD;&#xD;
2024-01-09 15:43:06.591+01:00 [     6] WARNING    - W&#xD;&#xD;
2024-01-09 15:43:06.591+01:00 [     6] WARNING    - W&#xD;&#xD;
2024-01-09 15:43:06.591+01:00 [     6] WARNING    - W&#xD;&#xD;
2024-01-09 15:43:06.591+01:00 [     6] WARNING    - W&#xD;&#xD;
2024-01-09 15:43:06.591+01:00 [     6] WARNING    - W&#xD;&#xD;
2024-01-09 15:43:06.591+01:00 [     6] WARNING    - W&#xD;&#xD;
2024-01-09 15:43:06.591+01:00 [     6] WARNING    - W&#xD;&#xD;
2024-01-09 15:43:06.591+01:00 [     6] WARNING    - W&#xD;&#xD;
2024-01-09 15:43:06.591+01:00 [     6] WARNING    - W&#xD;&#xD;
2024-01-09 15:43:06.591+01:00 [     6] WARNING    - W&#xD;&#xD;
2024-01-09 15:43:06.591+01:00 [     6] WARNING    - W&#xD;&#xD;
2024-01-09 15:43:06.591+01:00 [     6] WARNING    - W&#xD;&#xD;
2024-01-09 15:43:06.591+01:00 [     6] WARNING    - W&#xD;&#xD;
2024-01-09 15:43:06.591+01:00 [     6] WARNING    - W&#xD;&#xD;
2024-01-09 15:43:06.591+01:00 [     6] WARNING    - W&#xD;&#xD;
2024-01-09 15:43:06.591+01:00 [     6] WARNING    - W&#xD;&#xD;
2024-01-09 15:43:06.591+01:00 [     6] WARNING    - W&#xD;&#xD;
2024-01-09 15:43:06.591+01:00 [     6] WARNING    - W&#xD;&#xD;
2024-01-09 15:43:06.591+01:00 [     6] WARNING    - W&#xD;&#xD;
2024-01-09 15:43:06.591+01:00 [     6] WARNING    - W&#xD;&#xD;
2024-01-09 15:43:06.591+01:00 [     6] WARNING    - W&#xD;&#xD;
2024-01-09 15:43:06.591+01:00 [     6] WARNING    - W&#xD;&#xD;
2024-01-09 15:43:06.591+01:00 [     6] WARNING    - W&#xD;&#xD;
2024-01-09 15:43:06.591+01:00 [     6] WARNING    - W&#xD;&#xD;
2024-01-09 15:43:06.591+01:00 [     6] WARNING    - W&#xD;&#xD;
2024-01-09 15:43:06.591+01:00 [     6] WARNING    - W&#xD;&#xD;
2024-01-09 15:43:06.591+01:00 [     6] WARNING    - W&#xD;&#xD;
2024-01-09 15:43:06.591+01:00 [     6] WARNING    - W&#xD;&#xD;
2024-01-09 15:43:06.591+01:00 [     6] WARNING    - W&#xD;&#xD;
2024-01-09 15:43:06.591+01:00 [     6] WARNING    - W&#xD;&#xD;
2024-01-09 15:43:06.591+01:00 [     6] WARNING    - W&#xD;&#xD;
2024-01-09 15:43:06.591+01:00 [     6] WARNING    - W&#xD;&#xD;
2024-01-09 15:43:06.591+01:00 [     6] WARNING    - W&#xD;&#xD;
2024-01-09 15:43:06.591+01:00 [     6] WARNING    - W&#xD;&#xD;
2024-01-09 15:43:06.591+01:00 [     6] WARNING    - W&#xD;&#xD;
2024-01-09 15:43:06.591+01:00 [     6] WARNING    - W&#xD;&#xD;
2024-01-09 15:43:06.591+01:00 [     6] WARNING    - W&#xD;&#xD;
2024-01-09 15:43:06.591+01:00 [     6] WARNING    - W&#xD;&#xD;
2024-01-09 15:43:06.591+01:00 [     6] WARNING    - W&#xD;&#xD;
2024-01-09 15:43:06.591+01:00 [     6] WARNING    - W&#xD;&#xD;
2024-01-09 15:43:06.591+01:00 [     6] WARNING    - W&#xD;&#xD;
2024-01-09 15:43:06.591+01:00 [     6] WARNING    - W&#xD;&#xD;
2024-01-09 15:43:06.591+01:00 [     6] WARNING    - W&#xD;&#xD;
2024-01-09 15:43:06.591+01:00 [     6] WARNING    - W&#xD;&#xD;
2024-01-09 15:43:06.591+01:00 [     6] WARNING    - W&#xD;&#xD;
2024-01-09 15:43:06.591+01:00 [     6] WARNING    - W&#xD;&#xD;
2024-01-09 15:43:06.591+01:00 [     6] WARNING    - W&#xD;&#xD;
2024-01-09 15:43:06.591+01:00 [     6] WARNING    - W&#xD;&#xD;
2024-01-09 15:43:06.591+01:00 [     6] WARNING    - W&#xD;&#xD;
2024-01-09 15:43:06.591+01:00 [     6] WARNING    - W&#xD;&#xD;
2024-01-09 15:43:06.591+01:00 [     6] WARNING    - W&#xD;&#xD;
2024-01-09 15:43:06.591+01:00 [     6] WARNING    - W&#xD;&#xD;
2024-01-09 15:43:06.591+01:00 [     6] WARNING    - W&#xD;&#xD;
2024-01-09 15:43:06.591+01:00 [     6] WARNING    - W&#xD;&#xD;
2024-01-09 15:43:06.591+01:00 [     6] WARNING    - W&#xD;&#xD;
2024-01-09 15:43:06.591+01:00 [     6] WARNING    - W&#xD;&#xD;
2024-01-09 15:43:06.591+01:00 [     6] WARNING    - W&#xD;&#xD;
2024-01-09 15:43:06.591+01:00 [     6] WARNING    - W&#xD;&#xD;
2024-01-09 15:43:06.591+01:00 [     6] WARNING    - W&#xD;&#xD;
2024-01-09 15:43:06.591+01:00 [     6] WARNING    - W&#xD;&#xD;
2024-01-09 15:43:06.591+01:00 [     6] WARNING    - W&#xD;&#xD;
2024-01-09 15:43:06.591+01:00 [     6] WARNING    - W&#xD;&#xD;
2024-01-09 15:43:06.591+01:00 [     6] WARNING    - W&#xD;&#xD;
2024-01-09 15:43:06.591+01:00 [     6] WARNING    - W&#xD;&#xD;
2024-01-09 15:43:06.591+01:00 [     6] WARNING    - W&#xD;&#xD;
2024-01-09 15:43:06.591+01:00 [     6] WARNING    - W&#xD;&#xD;
2024-01-09 15:43:06.591+01:00 [     6] WARNING    - W&#xD;&#xD;
2024-01-09 15:43:06.591+01:00 [     6] WARNING    - W&#xD;&#xD;
2024-01-09 15:43:06.591+01:00 [     6] WARNING    - W&#xD;&#xD;
2024-01-09 15:43:06.591+01:00 [     6] WARNING    - W&#xD;&#xD;
2024-01-09 15:43:06.591+01:00 [     6] WARNING    - W&#xD;&#xD;
2024-01-09 15:43:06.591+01:00 [     6] WARNING    - W&#xD;&#xD;
2024-01-09 15:43:06.591+01:00 [     6] WARNING    - W&#xD;&#xD;
2024-01-09 15:43:06.591+01:00 [     6] WARNING    - W&#xD;&#xD;
2024-01-09 15:43:06.591+01:00 [     6] WARNING    - W&#xD;&#xD;
2024-01-09 15:43:06.591+01:00 [     6] WARNING    - W&#xD;&#xD;
2024-01-09 15:43:06.591+01:00 [     6] WARNING    - W&#xD;&#xD;
2024-01-09 15:43:06.591+01:00 [     6] WARNING    - W&#xD;&#xD;
2024-01-09 15:43:06.591+01:00 [     6] WARNING    - W&#xD;&#xD;
2024-01-09 15:43:06.591+01:00 [     6] WARNING    - W&#xD;&#xD;
2024-01-09 15:43:06.591+01:00 [     6] WARNING    - W&#xD;&#xD;
2024-01-09 15:43:06.591+01:00 [     6] WARNING    - W&#xD;&#xD;
2024-01-09 15:43:06.591+01:00 [     6] WARNING    - W&#xD;&#xD;
2024-01-09 15:43:06.591+01:00 [     6] WARNING    - W&#xD;&#xD;
2024-01-09 15:43:06.591+01:00 [     6] WARNING    - W&#xD;&#xD;
2024-01-09 15:43:06.591+01:00 [     6] WARNING    - W&#xD;&#xD;
2024-01-09 15:43:06.591+01:00 [     6] WARNING    - W&#xD;&#xD;
2024-01-09 15:43:06.591+01:00 [     6] WARNING    - W&#xD;&#xD;
2024-01-09 15:43:06.591+01:00 [     6] WARNING    - W&#xD;&#xD;
2024-01-09 15:43:06.591+01:00 [     6] WARNING    - W&#xD;&#xD;
2024-01-09 15:43:06.591+01:00 [     6] WARNING    - W&#xD;&#xD;
2024-01-09 15:43:06.591+01:00 [     6] WARNING    - W&#xD;&#xD;
2024-01-09 15:43:06.591+01:00 [     6] WARNING    - W&#xD;&#xD;
2024-01-09 15:43:06.591+01:00 [     6] WARNING    - W&#xD;&#xD;
2024-01-09 15:43:06.591+01:00 [     6] WARNING    - W&#xD;&#xD;
2024-01-09 15:43:06.591+01:00 [     6] WARNING    - W&#xD;&#xD;
2024-01-09 15:43:06.591+01:00 [     6] WARNING    - W&#xD;&#xD;
2024-01-09 15:43:06.591+01:00 [     6] WARNING    - W&#xD;&#xD;
2024-01-09 15:43:06.591+01:00 [     6] WARNING    - W&#xD;&#xD;
2024-01-09 15:43:06.591+01:00 [     6] WARNING    - W&#xD;&#xD;
2024-01-09 15:43:06.591+01:00 [     6] WARNING    - W&#xD;&#xD;
2024-01-09 15:43:06.591+01:00 [     6] WARNING    - W&#xD;&#xD;
2024-01-09 15:43:06.591+01:00 [     6] WARNING    - W&#xD;&#xD;
2024-01-09 15:43:06.591+01:00 [     6] WARNING    - W&#xD;&#xD;
2024-01-09 15:43:06.591+01:00 [     6] WARNING    - W&#xD;&#xD;
2024-01-09 15:43:06.591+01:00 [     6] WARNING    - W&#xD;&#xD;
2024-01-09 15:43:06.591+01:00 [     6] WARNING    - W&#xD;&#xD;
2024-01-09 15:43:06.591+01:00 [     6] WARNING    - W&#xD;&#xD;
2024-01-09 15:43:06.591+01:00 [     6] WARNING    - W&#xD;&#xD;
2024-01-09 15:43:06.591+01:00 [     6] WARNING    - W&#xD;&#xD;
2024-01-09 15:43:06.591+01:00 [     6] WARNING    - W&#xD;&#xD;
2024-01-09 15:43:06.591+01:00 [     6] WARNING    - W&#xD;&#xD;
2024-01-09 15:43:06.591+01:00 [     6] WARNING    - W&#xD;&#xD;
2024-01-09 15:43:06.591+01:00 [     6] WARNING    - W&#xD;&#xD;
2024-01-09 15:43:06.591+01:00 [     6] WARNING    - W&#xD;&#xD;
2024-01-09 15:43:06.591+01:00 [     6] WARNING    - W&#xD;&#xD;
2024-01-09 15:43:06.591+01:00 [     6] WARNING    - W&#xD;&#xD;
2024-01-09 15:43:06.591+01:00 [     6] WARNING    - W&#xD;&#xD;
2024-01-09 15:43:06.591+01:00 [     6] WARNING    - W&#xD;&#xD;
2024-01-09 15:43:06.591+01:00 [     6] WARNING    - W&#xD;&#xD;
2024-01-09 15:43:06.591+01:00 [     6] WARNING    - W&#xD;&#xD;
2024-01-09 15:43:06.591+01:00 [     6] WARNING    - W&#xD;&#xD;
2024-01-09 15:43:06.591+01:00 [     6] WARNING    - W&#xD;&#xD;
2024-01-09 15:43:06.591+01:00 [     6] WARNING    - W&#xD;&#xD;
2024-01-09 15:43:06.591+01:00 [     6] WARNING    - W&#xD;&#xD;
2024-01-09 15:43:06.591+01:00 [     6] WARNING    - W&#xD;&#xD;
2024-01-09 15:43:06.591+01:00 [     6] WARNING    - W&#xD;&#xD;
2024-01-09 15:43:06.591+01:00 [     6] WARNING    - W&#xD;&#xD;
2024-01-09 15:43:06.591+01:00 [     6] WARNING    - W&#xD;&#xD;
2024-01-09 15:43:06.591+01:00 [     6] WARNING    - W&#xD;&#xD;
2024-01-09 15:43:06.591+01:00 [     6] WARNING    - W&#xD;&#xD;
2024-01-09 15:43:06.591+01:00 [     6] WARNING    - W&#xD;&#xD;
2024-01-09 15:43:06.591+01:00 [     6] WARNING    - W&#xD;&#xD;
2024-01-09 15:43:06.591+01:00 [     6] WARNING    - W&#xD;&#xD;
2024-01-09 15:43:06.591+01:00 [     6] WARNING    - W&#xD;&#xD;
2024-01-09 15:43:06.591+01:00 [     6] WARNING    - W&#xD;&#xD;
2024-01-09 15:43:06.591+01:00 [     6] WARNING    - W&#xD;&#xD;
2024-01-09 15:43:06.591+01:00 [     6] WARNING    - W&#xD;&#xD;
2024-01-09 15:43:06.591+01:00 [     6] WARNING    - W&#xD;&#xD;
2024-01-09 15:43:06.591+01:00 [     6] WARNING    - W&#xD;&#xD;
2024-01-09 15:43:06.591+01:00 [     6] WARNING    - W&#xD;&#xD;
2024-01-09 15:43:06.591+01:00 [     6] WARNING    - W&#xD;&#xD;
2024-01-09 15:43:06.591+01:00 [     6] WARNING    - W&#xD;&#xD;
2024-01-09 15:43:06.591+01:00 [     6] WARNING    - W&#xD;&#xD;
2024-01-09 15:43:06.591+01:00 [     6] WARNING    - W&#xD;&#xD;
2024-01-09 15:43:06.591+01:00 [     6] WARNING    - W&#xD;&#xD;
2024-01-09 15:43:06.591+01:00 [     6] WARNING    - W&#xD;&#xD;
2024-01-09 15:43:06.591+01:00 [     6] WARNING    - W&#xD;&#xD;
2024-01-09 15:43:06.591+01:00 [     6] WARNING    - W&#xD;&#xD;
2024-01-09 15:43:06.591+01:00 [     6] WARNING    - W&#xD;&#xD;
2024-01-09 15:43:06.591+01:00 [     6] WARNING    - W&#xD;&#xD;
2024-01-09 15:43:06.591+01:00 [     6] WARNING    - W&#xD;&#xD;
2024-01-09 15:43:06.591+01:00 [     6] WARNING    - W&#xD;&#xD;
2024-01-09 15:43:06.591+01:00 [     6] WARNING    - W&#xD;&#xD;
2024-01-09 15:43:06.591+01:00 [     6] WARNING    - W&#xD;&#xD;
2024-01-09 15:43:06.591+01:00 [     6] WARNING    - W&#xD;&#xD;
2024-01-09 15:43:06.591+01:00 [     6] WARNING    - W&#xD;&#xD;
2024-01-09 15:43:06.591+01:00 [     6] WARNING    - W&#xD;&#xD;
2024-01-09 15:43:06.591+01:00 [     6] WARNING    - W&#xD;&#xD;
2024-01-09 15:43:06.591+01:00 [     6] WARNING    - W&#xD;&#xD;
2024-01-09 15:43:06.591+01:00 [     6] WARNING    - W&#xD;&#xD;
2024-01-09 15:43:06.591+01:00 [     6] WARNING    - W&#xD;&#xD;
2024-01-09 15:43:06.591+01:00 [     6] WARNING    - W&#xD;&#xD;
2024-01-09 15:43:06.591+01:00 [     6] WARNING    - W&#xD;&#xD;
2024-01-09 15:43:06.591+01:00 [     6] WARNING    - W&#xD;&#xD;
2024-01-09 15:43:06.591+01:00 [     6] WARNING    - W&#xD;&#xD;
2024-01-09 15:43:06.591+01:00 [     6] WARNING    - W&#xD;&#xD;
2024-01-09 15:43:06.591+01:00 [     6] WARNING    - W&#xD;&#xD;
2024-01-09 15:43:06.591+01:00 [     6] WARNING    - W&#xD;&#xD;
2024-01-09 15:43:06.591+01:00 [     6] WARNING    - W&#xD;&#xD;
2024-01-09 15:43:06.591+01:00 [     6] WARNING    - W&#xD;&#xD;
2024-01-09 15:43:06.591+01:00 [     6] WARNING    - W&#xD;&#xD;
2024-01-09 15:43:06.591+01:00 [     6] WARNING    - W&#xD;&#xD;
2024-01-09 15:43:06.591+01:00 [     6] WARNING    - W&#xD;&#xD;
2024-01-09 15:43:06.591+01:00 [     6] WARNING    - W&#xD;&#xD;
2024-01-09 15:43:06.591+01:00 [     6] WARNING    - W&#xD;&#xD;
2024-01-09 15:43:06.591+01:00 [     6] WARNING    - W&#xD;&#xD;
2024-01-09 15:43:06.591+01:00 [     6] WARNING    - W&#xD;&#xD;
2024-01-09 15:43:06.591+01:00 [     6] WARNING    - W&#xD;&#xD;
2024-01-09 15:43:06.591+01:00 [     6] WARNING    - W&#xD;&#xD;
2024-01-09 15:43:06.591+01:00 [     6] WARNING    - W&#xD;&#xD;
2024-01-09 15:43:06.591+01:00 [     6] WARNING    - W&#xD;&#xD;
2024-01-09 15:43:06.591+01:00 [     6] WARNING    - W&#xD;&#xD;
2024-01-09 15:43:06.591+01:00 [     6] WARNING    - W&#xD;&#xD;
2024-01-09 15:43:06.591+01:00 [     6] WARNING    - W&#xD;&#xD;
2024-01-09 15:43:06.591+01:00 [     6] WARNING    - W&#xD;&#xD;
2024-01-09 15:43:06.591+01:00 [     6] WARNING    - W&#xD;&#xD;
2024-01-09 15:43:06.591+01:00 [     6] WARNING    - W&#xD;&#xD;
2024-01-09 15:43:06.591+01:00 [     6] WARNING    - W&#xD;&#xD;
2024-01-09 15:43:06.591+01:00 [     6] WARNING    - W&#xD;&#xD;
2024-01-09 15:43:06.591+01:00 [     6] WARNING    - W&#xD;&#xD;
2024-01-09 15:43:06.591+01:00 [     6] WARNING    - W&#xD;&#xD;
2024-01-09 15:43:06.591+01:00 [     6] WARNING    - W&#xD;&#xD;
2024-01-09 15:43:06.591+01:00 [     6] WARNING    - W&#xD;&#xD;
2024-01-09 15:43:06.591+01:00 [     6] WARNING    - W&#xD;&#xD;
2024-01-09 15:43:06.591+01:00 [     6] WARNING    - W&#xD;&#xD;
2024-01-09 15:43:06.591+01:00 [     6] WARNING    - W&#xD;&#xD;
2024-01-09 15:43:06.591+01:00 [     6] WARNING    - W&#xD;&#xD;
2024-01-09 15:43:06.591+01:00 [     6] WARNING    - W&#xD;&#xD;
2024-01-09 15:43:06.591+01:00 [     6] WARNING    - W&#xD;&#xD;
2024-01-09 15:43:06.591+01:00 [     6] WARNING    - W&#xD;&#xD;
2024-01-09 15:43:06.591+01:00 [     6] WARNING    - W&#xD;&#xD;
2024-01-09 15:43:06.591+01:00 [     6] WARNING    - W&#xD;&#xD;
2024-01-09 15:43:06.591+01:00 [     6] WARNING    - W&#xD;&#xD;
2024-01-09 15:43:06.591+01:00 [     6] WARNING    - W&#xD;&#xD;
2024-01-09 15:43:06.591+01:00 [     6] WARNING    - W&#xD;&#xD;
2024-01-09 15:43:06.591+01:00 [     6] WARNING    - W&#xD;&#xD;
2024-01-09 15:43:06.591+01:00 [     6] WARNING    - W&#xD;&#xD;
2024-01-09 15:43:06.591+01:00 [     6] WARNING    - W&#xD;&#xD;
2024-01-09 15:43:06.591+01:00 [     6] WARNING    - W&#xD;&#xD;
2024-01-09 15:43:06.591+01:00 [     6] WARNING    - W&#xD;&#xD;
2024-01-09 15:43:06.591+01:00 [     6] WARNING    - W&#xD;&#xD;
2024-01-09 15:43:06.591+01:00 [     6] WARNING    - W&#xD;&#xD;
2024-01-09 15:43:06.591+01:00 [     6] WARNING    - W&#xD;&#xD;
2024-01-09 15:43:06.591+01:00 [     6] WARNING    - W&#xD;&#xD;
2024-01-09 15:43:06.591+01:00 [     6] WARNING    - W&#xD;&#xD;
2024-01-09 15:43:06.591+01:00 [     6] WARNING    - W&#xD;&#xD;
2024-01-09 15:43:06.591+01:00 [     6] WARNING    - W&#xD;&#xD;
2024-01-09 15:43:06.591+01:00 [     6] WARNING    - W&#xD;&#xD;
2024-01-09 15:43:06.591+01:00 [     6] WARNING    - W&#xD;&#xD;
2024-01-09 15:43:06.591+01:00 [     6] WARNING    - W&#xD;&#xD;
2024-01-09 15:43:06.591+01:00 [     6] WARNING    - W&#xD;&#xD;
2024-01-09 15:43:06.591+01:00 [     6] WARNING    - W&#xD;&#xD;
2024-01-09 15:43:06.591+01:00 [     6] WARNING    - W&#xD;&#xD;
2024-01-09 15:43:06.591+01:00 [     6] WARNING    - W&#xD;&#xD;
2024-01-09 15:43:06.591+01:00 [     6] WARNING    - W&#xD;&#xD;
2024-01-09 15:43:06.591+01:00 [     6] WARNING    - W&#xD;&#xD;
2024-01-09 15:43:06.591+01:00 [     6] WARNING    - W&#xD;&#xD;
2024-01-09 15:43:06.591+01:00 [     6] WARNING    - W&#xD;&#xD;
2024-01-09 15:43:06.591+01:00 [     6] WARNING    - W&#xD;&#xD;
2024-01-09 15:43:06.591+01:00 [     6] WARNING    - W&#xD;&#xD;
2024-01-09 15:43:06.591+01:00 [     6] WARNING    - W&#xD;&#xD;
2024-01-09 15:43:06.591+01:00 [     6] WARNING    - W&#xD;&#xD;
2024-01-09 15:43:06.591+01:00 [     6] WARNING    - Thread Done!&#xD;&#xD;
2024-01-09 15:43:06.622+01:00 [     5] WARNING    - W&#xD;&#xD;
2024-01-09 15:43:06.622+01:00 [     5] WARNING    - W&#xD;&#xD;
2024-01-09 15:43:06.622+01:00 [     5] WARNING    - W&#xD;&#xD;
2024-01-09 15:43:06.622+01:00 [     5] WARNING    - W&#xD;&#xD;
2024-01-09 15:43:06.622+01:00 [     5] WARNING    - W&#xD;&#xD;
2024-01-09 15:43:06.622+01:00 [     5] WARNING    - W&#xD;&#xD;
2024-01-09 15:43:06.622+01:00 [     5] WARNING    - W&#xD;&#xD;
2024-01-09 15:43:06.622+01:00 [     5] WARNING    - W&#xD;&#xD;
2024-01-09 15:43:06.622+01:00 [     5] WARNING    - W&#xD;&#xD;
2024-01-09 15:43:06.622+01:00 [     5] WARNING    - W&#xD;&#xD;
2024-01-09 15:43:06.622+01:00 [     5] WARNING    - W&#xD;&#xD;
2024-01-09 15:43:06.622+01:00 [     5] WARNING    - W&#xD;&#xD;
2024-01-09 15:43:06.622+01:00 [     5] WARNING    - W&#xD;&#xD;
2024-01-09 15:43:06.622+01:00 [     5] WARNING    - W&#xD;&#xD;
2024-01-09 15:43:06.622+01:00 [     5] WARNING    - W&#xD;&#xD;
2024-01-09 15:43:06.622+01:00 [     5] WARNING    - W&#xD;&#xD;
2024-01-09 15:43:06.622+01:00 [     5] WARNING    - W&#xD;&#xD;
2024-01-09 15:43:06.622+01:00 [     5] WARNING    - W&#xD;&#xD;
2024-01-09 15:43:06.622+01:00 [     5] WARNING    - W&#xD;&#xD;
2024-01-09 15:43:06.622+01:00 [     5] WARNING    - W&#xD;&#xD;
2024-01-09 15:43:06.622+01:00 [     5] WARNING    - W&#xD;&#xD;
2024-01-09 15:43:06.622+01:00 [     5] WARNING    - W&#xD;&#xD;
2024-01-09 15:43:06.622+01:00 [     5] WARNING    - W&#xD;&#xD;
2024-01-09 15:43:06.622+01:00 [     5] WARNING    - W&#xD;&#xD;
2024-01-09 15:43:06.622+01:00 [     5] WARNING    - W&#xD;&#xD;
2024-01-09 15:43:06.622+01:00 [     5] WARNING    - W&#xD;&#xD;
2024-01-09 15:43:06.622+01:00 [     5] WARNING    - W&#xD;&#xD;
2024-01-09 15:43:06.622+01:00 [     5] WARNING    - W&#xD;&#xD;
2024-01-09 15:43:06.622+01:00 [     5] WARNING    - W&#xD;&#xD;
2024-01-09 15:43:06.622+01:00 [     5] WARNING    - W&#xD;&#xD;
2024-01-09 15:43:06.622+01:00 [     5] WARNING    - W&#xD;&#xD;
2024-01-09 15:43:06.622+01:00 [     5] WARNING    - W&#xD;&#xD;
2024-01-09 15:43:06.622+01:00 [     5] WARNING    - W&#xD;&#xD;
2024-01-09 15:43:06.622+01:00 [     5] WARNING    - W&#xD;&#xD;
2024-01-09 15:43:06.622+01:00 [     5] WARNING    - W&#xD;&#xD;
2024-01-09 15:43:06.622+01:00 [     5] WARNING    - W&#xD;&#xD;
2024-01-09 15:43:06.622+01:00 [     5] WARNING    - W&#xD;&#xD;
2024-01-09 15:43:06.622+01:00 [     5] WARNING    - W&#xD;&#xD;
2024-01-09 15:43:06.622+01:00 [     5] WARNING    - W&#xD;&#xD;
2024-01-09 15:43:06.622+01:00 [     5] WARNING    - W&#xD;&#xD;
2024-01-09 15:43:06.622+01:00 [     5] WARNING    - W&#xD;&#xD;
2024-01-09 15:43:06.622+01:00 [     5] WARNING    - W&#xD;&#xD;
2024-01-09 15:43:06.622+01:00 [     5] WARNING    - W&#xD;&#xD;
2024-01-09 15:43:06.622+01:00 [     5] WARNING    - W&#xD;&#xD;
2024-01-09 15:43:06.622+01:00 [     5] WARNING    - W&#xD;&#xD;
2024-01-09 15:43:06.622+01:00 [     5] WARNING    - W&#xD;&#xD;
2024-01-09 15:43:06.622+01:00 [     5] WARNING    - W&#xD;&#xD;
2024-01-09 15:43:06.622+01:00 [     5] WARNING    - W&#xD;&#xD;
2024-01-09 15:43:06.622+01:00 [     5] WARNING    - W&#xD;&#xD;
2024-01-09 15:43:06.622+01:00 [     5] WARNING    - W&#xD;&#xD;
2024-01-09 15:43:06.622+01:00 [     5] WARNING    - W&#xD;&#xD;
2024-01-09 15:43:06.622+01:00 [     5] WARNING    - W&#xD;&#xD;
2024-01-09 15:43:06.622+01:00 [     5] WARNING    - W&#xD;&#xD;
2024-01-09 15:43:06.622+01:00 [     5] WARNING    - W&#xD;&#xD;
2024-01-09 15:43:06.622+01:00 [     5] WARNING    - W&#xD;&#xD;
2024-01-09 15:43:06.622+01:00 [     5] WARNING    - W&#xD;&#xD;
2024-01-09 15:43:06.622+01:00 [     5] WARNING    - W&#xD;&#xD;
2024-01-09 15:43:06.622+01:00 [     5] WARNING    - W&#xD;&#xD;
2024-01-09 15:43:06.622+01:00 [     5] WARNING    - W&#xD;&#xD;
2024-01-09 15:43:06.622+01:00 [     5] WARNING    - W&#xD;&#xD;
2024-01-09 15:43:06.622+01:00 [     5] WARNING    - W&#xD;&#xD;
2024-01-09 15:43:06.622+01:00 [     5] WARNING    - W&#xD;&#xD;
2024-01-09 15:43:06.622+01:00 [     5] WARNING    - W&#xD;&#xD;
2024-01-09 15:43:06.622+01:00 [     5] WARNING    - W&#xD;&#xD;
2024-01-09 15:43:06.622+01:00 [     5] WARNING    - W&#xD;&#xD;
2024-01-09 15:43:06.622+01:00 [     5] WARNING    - W&#xD;&#xD;
2024-01-09 15:43:06.622+01:00 [     5] WARNING    - W&#xD;&#xD;
2024-01-09 15:43:06.622+01:00 [     5] WARNING    - W&#xD;&#xD;
2024-01-09 15:43:06.622+01:00 [     5] WARNING    - W&#xD;&#xD;
2024-01-09 15:43:06.622+01:00 [     5] WARNING    - W&#xD;&#xD;
2024-01-09 15:43:06.622+01:00 [     5] WARNING    - W&#xD;&#xD;
2024-01-09 15:43:06.622+01:00 [     5] WARNING    - W&#xD;&#xD;
2024-01-09 15:43:06.622+01:00 [     5] WARNING    - W&#xD;&#xD;
2024-01-09 15:43:06.622+01:00 [     5] WARNING    - W&#xD;&#xD;
2024-01-09 15:43:06.622+01:00 [     5] WARNING    - W&#xD;&#xD;
2024-01-09 15:43:06.622+01:00 [     5] WARNING    - W&#xD;&#xD;
2024-01-09 15:43:06.622+01:00 [     5] WARNING    - W&#xD;&#xD;
2024-01-09 15:43:06.622+01:00 [     5] WARNING    - W&#xD;&#xD;
2024-01-09 15:43:06.622+01:00 [     5] WARNING    - W&#xD;&#xD;
2024-01-09 15:43:06.622+01:00 [     5] WARNING    - W&#xD;&#xD;
2024-01-09 15:43:06.622+01:00 [     5] WARNING    - W&#xD;&#xD;
2024-01-09 15:43:06.622+01:00 [     5] WARNING    - W&#xD;&#xD;
2024-01-09 15:43:06.622+01:00 [     5] WARNING    - W&#xD;&#xD;
2024-01-09 15:43:06.622+01:00 [     5] WARNING    - W&#xD;&#xD;
2024-01-09 15:43:06.622+01:00 [     5] WARNING    - W&#xD;&#xD;
2024-01-09 15:43:06.622+01:00 [     5] WARNING    - W&#xD;&#xD;
2024-01-09 15:43:06.622+01:00 [     5] WARNING    - W&#xD;&#xD;
2024-01-09 15:43:06.622+01:00 [     5] WARNING    - W&#xD;&#xD;
2024-01-09 15:43:06.622+01:00 [     5] WARNING    - W&#xD;&#xD;
2024-01-09 15:43:06.622+01:00 [     5] WARNING    - W&#xD;&#xD;
2024-01-09 15:43:06.622+01:00 [     5] WARNING    - W&#xD;&#xD;
2024-01-09 15:43:06.622+01:00 [     5] WARNING    - W&#xD;&#xD;
2024-01-09 15:43:06.622+01:00 [     5] WARNING    - W&#xD;&#xD;
2024-01-09 15:43:06.622+01:00 [     5] WARNING    - W&#xD;&#xD;
2024-01-09 15:43:06.622+01:00 [     5] WARNING    - W&#xD;&#xD;
2024-01-09 15:43:06.622+01:00 [     5] WARNING    - W&#xD;&#xD;
2024-01-09 15:43:06.622+01:00 [     5] WARNING    - W&#xD;&#xD;
2024-01-09 15:43:06.622+01:00 [     5] WARNING    - W&#xD;&#xD;
2024-01-09 15:43:06.622+01:00 [     5] WARNING    - W&#xD;&#xD;
2024-01-09 15:43:06.622+01:00 [     5] WARNING    - W&#xD;&#xD;
2024-01-09 15:43:06.622+01:00 [     5] WARNING    - W&#xD;&#xD;
2024-01-09 15:43:06.622+01:00 [     5] WARNING    - W&#xD;&#xD;
2024-01-09 15:43:06.622+01:00 [     5] WARNING    - W&#xD;&#xD;
2024-01-09 15:43:06.622+01:00 [     5] WARNING    - W&#xD;&#xD;
2024-01-09 15:43:06.622+01:00 [     5] WARNING    - W&#xD;&#xD;
2024-01-09 15:43:06.622+01:00 [     5] WARNING    - W&#xD;&#xD;
2024-01-09 15:43:06.622+01:00 [     5] WARNING    - W&#xD;&#xD;
2024-01-09 15:43:06.622+01:00 [     5] WARNING    - W&#xD;&#xD;
2024-01-09 15:43:06.622+01:00 [     5] WARNING    - W&#xD;&#xD;
2024-01-09 15:43:06.622+01:00 [     5] WARNING    - W&#xD;&#xD;
2024-01-09 15:43:06.622+01:00 [     5] WARNING    - W&#xD;&#xD;
2024-01-09 15:43:06.622+01:00 [     5] WARNING    - W&#xD;&#xD;
2024-01-09 15:43:06.622+01:00 [     5] WARNING    - W&#xD;&#xD;
2024-01-09 15:43:06.622+01:00 [     5] WARNING    - W&#xD;&#xD;
2024-01-09 15:43:06.622+01:00 [     5] WARNING    - W&#xD;&#xD;
2024-01-09 15:43:06.622+01:00 [     5] WARNING    - W&#xD;&#xD;
2024-01-09 15:43:06.622+01:00 [     5] WARNING    - W&#xD;&#xD;
2024-01-09 15:43:06.622+01:00 [     5] WARNING    - W&#xD;&#xD;
2024-01-09 15:43:06.622+01:00 [     5] WARNING    - W&#xD;&#xD;
2024-01-09 15:43:06.622+01:00 [     5] WARNING    - W&#xD;&#xD;
2024-01-09 15:43:06.622+01:00 [     5] WARNING    - W&#xD;&#xD;
2024-01-09 15:43:06.622+01:00 [     5] WARNING    - W&#xD;&#xD;
2024-01-09 15:43:06.622+01:00 [     5] WARNING    - W&#xD;&#xD;
2024-01-09 15:43:06.622+01:00 [     5] WARNING    - W&#xD;&#xD;
2024-01-09 15:43:06.622+01:00 [     5] WARNING    - W&#xD;&#xD;
2024-01-09 15:43:06.622+01:00 [     5] WARNING    - W&#xD;&#xD;
2024-01-09 15:43:06.622+01:00 [     5] WARNING    - W&#xD;&#xD;
2024-01-09 15:43:06.622+01:00 [     5] WARNING    - W&#xD;&#xD;
2024-01-09 15:43:06.622+01:00 [     5] WARNING    - W&#xD;&#xD;
2024-01-09 15:43:06.622+01:00 [     5] WARNING    - W&#xD;&#xD;
2024-01-09 15:43:06.622+01:00 [     5] WARNING    - W&#xD;&#xD;
2024-01-09 15:43:06.622+01:00 [     5] WARNING    - W&#xD;&#xD;
2024-01-09 15:43:06.622+01:00 [     5] WARNING    - W&#xD;&#xD;
2024-01-09 15:43:06.622+01:00 [     5] WARNING    - W&#xD;&#xD;
2024-01-09 15:43:06.622+01:00 [     5] WARNING    - W&#xD;&#xD;
2024-01-09 15:43:06.622+01:00 [     5] WARNING    - W&#xD;&#xD;
2024-01-09 15:43:06.622+01:00 [     5] WARNING    - W&#xD;&#xD;
2024-01-09 15:43:06.622+01:00 [     5] WARNING    - W&#xD;&#xD;
2024-01-09 15:43:06.622+01:00 [     5] WARNING    - W&#xD;&#xD;
2024-01-09 15:43:06.622+01:00 [     5] WARNING    - W&#xD;&#xD;
2024-01-09 15:43:06.622+01:00 [     5] WARNING    - W&#xD;&#xD;
2024-01-09 15:43:06.622+01:00 [     5] WARNING    - W&#xD;&#xD;
2024-01-09 15:43:06.622+01:00 [     5] WARNING    - W&#xD;&#xD;
2024-01-09 15:43:06.622+01:00 [     5] WARNING    - W&#xD;&#xD;
2024-01-09 15:43:06.622+01:00 [     5] WARNING    - W&#xD;&#xD;
2024-01-09 15:43:06.622+01:00 [     5] WARNING    - W&#xD;&#xD;
2024-01-09 15:43:06.622+01:00 [     5] WARNING    - W&#xD;&#xD;
2024-01-09 15:43:06.622+01:00 [     5] WARNING    - W&#xD;&#xD;
2024-01-09 15:43:06.622+01:00 [     5] WARNING    - W&#xD;&#xD;
2024-01-09 15:43:06.622+01:00 [     5] WARNING    - W&#xD;&#xD;
2024-01-09 15:43:06.622+01:00 [     5] WARNING    - W&#xD;&#xD;
2024-01-09 15:43:06.622+01:00 [     5] WARNING    - W&#xD;&#xD;
2024-01-09 15:43:06.622+01:00 [     5] WARNING    - W&#xD;&#xD;
2024-01-09 15:43:06.622+01:00 [     5] WARNING    - W&#xD;&#xD;
2024-01-09 15:43:06.622+01:00 [     5] WARNING    - W&#xD;&#xD;
2024-01-09 15:43:06.622+01:00 [     5] WARNING    - W&#xD;&#xD;
2024-01-09 15:43:06.622+01:00 [     5] WARNING    - W&#xD;&#xD;
2024-01-09 15:43:06.622+01:00 [     5] WARNING    - W&#xD;&#xD;
2024-01-09 15:43:06.622+01:00 [     5] WARNING    - W&#xD;&#xD;
2024-01-09 15:43:06.622+01:00 [     5] WARNING    - W&#xD;&#xD;
2024-01-09 15:43:06.622+01:00 [     5] WARNING    - W&#xD;&#xD;
2024-01-09 15:43:06.622+01:00 [     5] WARNING    - W&#xD;&#xD;
2024-01-09 15:43:06.622+01:00 [     5] WARNING    - W&#xD;&#xD;
2024-01-09 15:43:06.622+01:00 [     5] WARNING    - W&#xD;&#xD;
2024-01-09 15:43:06.622+01:00 [     5] WARNING    - W&#xD;&#xD;
2024-01-09 15:43:06.622+01:00 [     5] WARNING    - W&#xD;&#xD;
2024-01-09 15:43:06.622+01:00 [     5] WARNING    - W&#xD;&#xD;
2024-01-09 15:43:06.622+01:00 [     5] WARNING    - W&#xD;&#xD;
2024-01-09 15:43:06.622+01:00 [     5] WARNING    - W&#xD;&#xD;
2024-01-09 15:43:06.622+01:00 [     5] WARNING    - W&#xD;&#xD;
2024-01-09 15:43:06.622+01:00 [     5] WARNING    - W&#xD;&#xD;
2024-01-09 15:43:06.622+01:00 [     5] WARNING    - W&#xD;&#xD;
2024-01-09 15:43:06.622+01:00 [     5] WARNING    - W&#xD;&#xD;
2024-01-09 15:43:06.622+01:00 [     5] WARNING    - W&#xD;&#xD;
2024-01-09 15:43:06.622+01:00 [     5] WARNING    - W&#xD;&#xD;
2024-01-09 15:43:06.622+01:00 [     5] WARNING    - W&#xD;&#xD;
2024-01-09 15:43:06.622+01:00 [     5] WARNING    - W&#xD;&#xD;
2024-01-09 15:43:06.622+01:00 [     5] WARNING    - W&#xD;&#xD;
2024-01-09 15:43:06.622+01:00 [     5] WARNING    - W&#xD;&#xD;
2024-01-09 15:43:06.622+01:00 [     5] WARNING    - W&#xD;&#xD;
2024-01-09 15:43:06.622+01:00 [     5] WARNING    - W&#xD;&#xD;
2024-01-09 15:43:06.622+01:00 [     5] WARNING    - W&#xD;&#xD;
2024-01-09 15:43:06.622+01:00 [     5] WARNING    - W&#xD;&#xD;
2024-01-09 15:43:06.622+01:00 [     5] WARNING    - W&#xD;&#xD;
2024-01-09 15:43:06.622+01:00 [     5] WARNING    - W&#xD;&#xD;
2024-01-09 15:43:06.622+01:00 [     5] WARNING    - W&#xD;&#xD;
2024-01-09 15:43:06.622+01:00 [     5] WARNING    - W&#xD;&#xD;
2024-01-09 15:43:06.622+01:00 [     5] WARNING    - W&#xD;&#xD;
2024-01-09 15:43:06.622+01:00 [     5] WARNING    - W&#xD;&#xD;
2024-01-09 15:43:06.622+01:00 [     5] WARNING    - W&#xD;&#xD;
2024-01-09 15:43:06.622+01:00 [     5] WARNING    - W&#xD;&#xD;
2024-01-09 15:43:06.622+01:00 [     5] WARNING    - W&#xD;&#xD;
2024-01-09 15:43:06.622+01:00 [     5] WARNING    - W&#xD;&#xD;
2024-01-09 15:43:06.622+01:00 [     5] WARNING    - W&#xD;&#xD;
2024-01-09 15:43:06.622+01:00 [     5] WARNING    - W&#xD;&#xD;
2024-01-09 15:43:06.622+01:00 [     5] WARNING    - W&#xD;&#xD;
2024-01-09 15:43:06.622+01:00 [     5] WARNING    - W&#xD;&#xD;
2024-01-09 15:43:06.622+01:00 [     5] WARNING    - W&#xD;&#xD;
2024-01-09 15:43:06.622+01:00 [     5] WARNING    - W&#xD;&#xD;
2024-01-09 15:43:06.622+01:00 [     5] WARNING    - W&#xD;&#xD;
2024-01-09 15:43:06.622+01:00 [     5] WARNING    - W&#xD;&#xD;
2024-01-09 15:43:06.622+01:00 [     5] WARNING    - W&#xD;&#xD;
2024-01-09 15:43:06.622+01:00 [     5] WARNING    - W&#xD;&#xD;
2024-01-09 15:43:06.622+01:00 [     5] WARNING    - W&#xD;&#xD;
2024-01-09 15:43:06.622+01:00 [     5] WARNING    - W&#xD;&#xD;
2024-01-09 15:43:06.622+01:00 [     5] WARNING    - W&#xD;&#xD;
2024-01-09 15:43:06.622+01:00 [     5] WARNING    - W&#xD;&#xD;
2024-01-09 15:43:06.622+01:00 [     5] WARNING    - W&#xD;&#xD;
2024-01-09 15:43:06.622+01:00 [     5] WARNING    - W&#xD;&#xD;
2024-01-09 15:43:06.622+01:00 [     5] WARNING    - W&#xD;&#xD;
2024-01-09 15:43:06.622+01:00 [     5] WARNING    - W&#xD;&#xD;
2024-01-09 15:43:06.622+01:00 [     5] WARNING    - W&#xD;&#xD;
2024-01-09 15:43:06.622+01:00 [     5] WARNING    - W&#xD;&#xD;
2024-01-09 15:43:06.622+01:00 [     5] WARNING    - W&#xD;&#xD;
2024-01-09 15:43:06.622+01:00 [     5] WARNING    - W&#xD;&#xD;
2024-01-09 15:43:06.622+01:00 [     5] WARNING    - W&#xD;&#xD;
2024-01-09 15:43:06.622+01:00 [     5] WARNING    - W&#xD;&#xD;
2024-01-09 15:43:06.622+01:00 [     5] WARNING    - W&#xD;&#xD;
2024-01-09 15:43:06.622+01:00 [     5] WARNING    - W&#xD;&#xD;
2024-01-09 15:43:06.622+01:00 [     5] WARNING    - W&#xD;&#xD;
2024-01-09 15:43:06.622+01:00 [     5] WARNING    - W&#xD;&#xD;
2024-01-09 15:43:06.622+01:00 [     5] WARNING    - W&#xD;&#xD;
2024-01-09 15:43:06.622+01:00 [     5] WARNING    - W&#xD;&#xD;
2024-01-09 15:43:06.622+01:00 [     5] WARNING    - W&#xD;&#xD;
2024-01-09 15:43:06.622+01:00 [     5] WARNING    - W&#xD;&#xD;
2024-01-09 15:43:06.622+01:00 [     5] WARNING    - W&#xD;&#xD;
2024-01-09 15:43:06.622+01:00 [     5] WARNING    - W&#xD;&#xD;
2024-01-09 15:43:06.622+01:00 [     5] WARNING    - W&#xD;&#xD;
2024-01-09 15:43:06.622+01:00 [     5] WARNING    - W&#xD;&#xD;
2024-01-09 15:43:06.622+01:00 [     5] WARNING    - W&#xD;&#xD;
2024-01-09 15:43:06.622+01:00 [     5] WARNING    - W&#xD;&#xD;
2024-01-09 15:43:06.622+01:00 [     5] WARNING    - W&#xD;&#xD;
2024-01-09 15:43:06.622+01:00 [     5] WARNING    - W&#xD;&#xD;
2024-01-09 15:43:06.622+01:00 [     5] WARNING    - W&#xD;&#xD;
2024-01-09 15:43:06.622+01:00 [     5] WARNING    - W&#xD;&#xD;
2024-01-09 15:43:06.622+01:00 [     5] WARNING    - W&#xD;&#xD;
2024-01-09 15:43:06.622+01:00 [     5] WARNING    - W&#xD;&#xD;
2024-01-09 15:43:06.622+01:00 [     5] WARNING    - W&#xD;&#xD;
2024-01-09 15:43:06.622+01:00 [     5] WARNING    - W&#xD;&#xD;
2024-01-09 15:43:06.622+01:00 [     5] WARNING    - W&#xD;&#xD;
2024-01-09 15:43:06.622+01:00 [     5] WARNING    - W&#xD;&#xD;
2024-01-09 15:43:06.622+01:00 [     5] WARNING    - W&#xD;&#xD;
2024-01-09 15:43:06.622+01:00 [     5] WARNING    - W&#xD;&#xD;
2024-01-09 15:43:06.622+01:00 [     5] WARNING    - W&#xD;&#xD;
2024-01-09 15:43:06.622+01:00 [     5] WARNING    - W&#xD;&#xD;
2024-01-09 15:43:06.622+01:00 [     5] WARNING    - W&#xD;&#xD;
2024-01-09 15:43:06.622+01:00 [     5] WARNING    - W&#xD;&#xD;
2024-01-09 15:43:06.622+01:00 [     5] WARNING    - W&#xD;&#xD;
2024-01-09 15:43:06.622+01:00 [     5] WARNING    - W&#xD;&#xD;
2024-01-09 15:43:06.622+01:00 [     5] WARNING    - W&#xD;&#xD;
2024-01-09 15:43:06.622+01:00 [     5] WARNING    - W&#xD;&#xD;
2024-01-09 15:43:06.622+01:00 [     5] WARNING    - W&#xD;&#xD;
2024-01-09 15:43:06.622+01:00 [     5] WARNING    - W&#xD;&#xD;
2024-01-09 15:43:06.622+01:00 [     5] WARNING    - W&#xD;&#xD;
2024-01-09 15:43:06.622+01:00 [     5] WARNING    - W&#xD;&#xD;
2024-01-09 15:43:06.622+01:00 [     5] WARNING    - W&#xD;&#xD;
2024-01-09 15:43:06.622+01:00 [     5] WARNING    - W&#xD;&#xD;
2024-01-09 15:43:06.622+01:00 [     5] WARNING    - W&#xD;&#xD;
2024-01-09 15:43:06.622+01:00 [     5] WARNING    - W&#xD;&#xD;
2024-01-09 15:43:06.622+01:00 [     5] WARNING    - W&#xD;&#xD;
2024-01-09 15:43:06.622+01:00 [     5] WARNING    - W&#xD;&#xD;
2024-01-09 15:43:06.622+01:00 [     5] WARNING    - W&#xD;&#xD;
2024-01-09 15:43:06.622+01:00 [     5] WARNING    - W&#xD;&#xD;
2024-01-09 15:43:06.622+01:00 [     5] WARNING    - W&#xD;&#xD;
2024-01-09 15:43:06.622+01:00 [     5] WARNING    - W&#xD;&#xD;
2024-01-09 15:43:06.622+01:00 [     5] WARNING    - W&#xD;&#xD;
2024-01-09 15:43:06.622+01:00 [     5] WARNING    - W&#xD;&#xD;
2024-01-09 15:43:06.622+01:00 [     5] WARNING    - W&#xD;&#xD;
2024-01-09 15:43:06.622+01:00 [     5] WARNING    - W&#xD;&#xD;
2024-01-09 15:43:06.622+01:00 [     5] WARNING    - W&#xD;&#xD;
2024-01-09 15:43:06.622+01:00 [     5] WARNING    - W&#xD;&#xD;
2024-01-09 15:43:06.622+01:00 [     5] WARNING    - W&#xD;&#xD;
2024-01-09 15:43:06.622+01:00 [     5] WARNING    - W&#xD;&#xD;
2024-01-09 15:43:06.622+01:00 [     5] WARNING    - W&#xD;&#xD;
2024-01-09 15:43:06.622+01:00 [     5] WARNING    - W&#xD;&#xD;
2024-01-09 15:43:06.622+01:00 [     5] WARNING    - W&#xD;&#xD;
2024-01-09 15:43:06.622+01:00 [     5] WARNING    - W&#xD;&#xD;
2024-01-09 15:43:06.622+01:00 [     5] WARNING    - W&#xD;&#xD;
2024-01-09 15:43:06.622+01:00 [     5] WARNING    - W&#xD;&#xD;
2024-01-09 15:43:06.622+01:00 [     5] WARNING    - W&#xD;&#xD;
2024-01-09 15:43:06.622+01:00 [     5] WARNING    - W&#xD;&#xD;
2024-01-09 15:43:06.622+01:00 [     5] WARNING    - W&#xD;&#xD;
2024-01-09 15:43:06.622+01:00 [     5] WARNING    - W&#xD;&#xD;
2024-01-09 15:43:06.622+01:00 [     5] WARNING    - W&#xD;&#xD;
2024-01-09 15:43:06.622+01:00 [     5] WARNING    - W&#xD;&#xD;
2024-01-09 15:43:06.622+01:00 [     5] WARNING    - W&#xD;&#xD;
2024-01-09 15:43:06.622+01:00 [     5] WARNING    - W&#xD;&#xD;
2024-01-09 15:43:06.622+01:00 [     5] WARNING    - W&#xD;&#xD;
2024-01-09 15:43:06.622+01:00 [     5] WARNING    - W&#xD;&#xD;
2024-01-09 15:43:06.622+01:00 [     5] WARNING    - W&#xD;&#xD;
2024-01-09 15:43:06.622+01:00 [     5] WARNING    - W&#xD;&#xD;
2024-01-09 15:43:06.622+01:00 [     5] WARNING    - W&#xD;&#xD;
2024-01-09 15:43:06.622+01:00 [     5] WARNING    - W&#xD;&#xD;
2024-01-09 15:43:06.622+01:00 [     5] WARNING    - W&#xD;&#xD;
2024-01-09 15:43:06.622+01:00 [     5] WARNING    - W&#xD;&#xD;
2024-01-09 15:43:06.622+01:00 [     5] WARNING    - W&#xD;&#xD;
2024-01-09 15:43:06.622+01:00 [     5] WARNING    - W&#xD;&#xD;
2024-01-09 15:43:06.622+01:00 [     5] WARNING    - W&#xD;&#xD;
2024-01-09 15:43:06.622+01:00 [     5] WARNING    - W&#xD;&#xD;
2024-01-09 15:43:06.622+01:00 [     5] WARNING    - W&#xD;&#xD;
2024-01-09 15:43:06.622+01:00 [     5] WARNING    - W&#xD;&#xD;
2024-01-09 15:43:06.622+01:00 [     5] WARNING    - W&#xD;&#xD;
2024-01-09 15:43:06.622+01:00 [     5] WARNING    - W&#xD;&#xD;
2024-01-09 15:43:06.622+01:00 [     5] WARNING    - W&#xD;&#xD;
2024-01-09 15:43:06.622+01:00 [     5] WARNING    - W&#xD;&#xD;
2024-01-09 15:43:06.622+01:00 [     5] WARNING    - W&#xD;&#xD;
2024-01-09 15:43:06.622+01:00 [     5] WARNING    - W&#xD;&#xD;
2024-01-09 15:43:06.622+01:00 [     5] WARNING    - W&#xD;&#xD;
2024-01-09 15:43:06.622+01:00 [     5] WARNING    - W&#xD;&#xD;
2024-01-09 15:43:06.622+01:00 [     5] WARNING    - W&#xD;&#xD;
2024-01-09 15:43:06.622+01:00 [     5] WARNING    - W&#xD;&#xD;
2024-01-09 15:43:06.622+01:00 [     5] WARNING    - W&#xD;&#xD;
2024-01-09 15:43:06.622+01:00 [     5] WARNING    - W&#xD;&#xD;
2024-01-09 15:43:06.622+01:00 [     5] WARNING    - W&#xD;&#xD;
2024-01-09 15:43:06.622+01:00 [     5] WARNING    - W&#xD;&#xD;
2024-01-09 15:43:06.622+01:00 [     5] WARNING    - W&#xD;&#xD;
2024-01-09 15:43:06.622+01:00 [     5] WARNING    - W&#xD;&#xD;
2024-01-09 15:43:06.622+01:00 [     5] WARNING    - W&#xD;&#xD;
2024-01-09 15:43:06.622+01:00 [     5] WARNING    - W&#xD;&#xD;
2024-01-09 15:43:06.622+01:00 [     5] WARNING    - W&#xD;&#xD;
2024-01-09 15:43:06.622+01:00 [     5] WARNING    - W&#xD;&#xD;
2024-01-09 15:43:06.622+01:00 [     5] WARNING    - W&#xD;&#xD;
2024-01-09 15:43:06.622+01:00 [     5] WARNING    - W&#xD;&#xD;
2024-01-09 15:43:06.622+01:00 [     5] WARNING    - W&#xD;&#xD;
2024-01-09 15:43:06.622+01:00 [     5] WARNING    - W&#xD;&#xD;
2024-01-09 15:43:06.622+01:00 [     5] WARNING    - W&#xD;&#xD;
2024-01-09 15:43:06.622+01:00 [     5] WARNING    - W&#xD;&#xD;
2024-01-09 15:43:06.622+01:00 [     5] WARNING    - W&#xD;&#xD;
2024-01-09 15:43:06.622+01:00 [     5] WARNING    - W&#xD;&#xD;
2024-01-09 15:43:06.622+01:00 [     5] WARNING    - W&#xD;&#xD;
2024-01-09 15:43:06.622+01:00 [     5] WARNING    - W&#xD;&#xD;
2024-01-09 15:43:06.622+01:00 [     5] WARNING    - W&#xD;&#xD;
2024-01-09 15:43:06.622+01:00 [     5] WARNING    - W&#xD;&#xD;
2024-01-09 15:43:06.622+01:00 [     5] WARNING    - W&#xD;&#xD;
2024-01-09 15:43:06.622+01:00 [     5] WARNING    - W&#xD;&#xD;
2024-01-09 15:43:06.622+01:00 [     5] WARNING    - W&#xD;&#xD;
2024-01-09 15:43:06.622+01:00 [     5] WARNING    - W&#xD;&#xD;
2024-01-09 15:43:06.622+01:00 [     5] WARNING    - W&#xD;&#xD;
2024-01-09 15:43:06.622+01:00 [     5] WARNING    - W&#xD;&#xD;
2024-01-09 15:43:06.622+01:00 [     5] WARNING    - W&#xD;&#xD;
2024-01-09 15:43:06.622+01:00 [     5] WARNING    - W&#xD;&#xD;
2024-01-09 15:43:06.622+01:00 [     5] WARNING    - W&#xD;&#xD;
2024-01-09 15:43:06.622+01:00 [     5] WARNING    - W&#xD;&#xD;
2024-01-09 15:43:06.622+01:00 [     5] WARNING    - W&#xD;&#xD;
2024-01-09 15:43:06.622+01:00 [     5] WARNING    - W&#xD;&#xD;
2024-01-09 15:43:06.622+01:00 [     5] WARNING    - W&#xD;&#xD;
2024-01-09 15:43:06.622+01:00 [     5] WARNING    - W&#xD;&#xD;
2024-01-09 15:43:06.622+01:00 [     5] WARNING    - W&#xD;&#xD;
2024-01-09 15:43:06.622+01:00 [     5] WARNING    - W&#xD;&#xD;
2024-01-09 15:43:06.622+01:00 [     5] WARNING    - W&#xD;&#xD;
2024-01-09 15:43:06.622+01:00 [     5] WARNING    - W&#xD;&#xD;
2024-01-09 15:43:06.622+01:00 [     5] WARNING    - W&#xD;&#xD;
2024-01-09 15:43:06.622+01:00 [     5] WARNING    - W&#xD;&#xD;
2024-01-09 15:43:06.622+01:00 [     5] WARNING    - W&#xD;&#xD;
2024-01-09 15:43:06.622+01:00 [     5] WARNING    - W&#xD;&#xD;
2024-01-09 15:43:06.622+01:00 [     5] WARNING    - W&#xD;&#xD;
2024-01-09 15:43:06.622+01:00 [     5] WARNING    - W&#xD;&#xD;
2024-01-09 15:43:06.622+01:00 [     5] WARNING    - W&#xD;&#xD;
2024-01-09 15:43:06.622+01:00 [     5] WARNING    - W&#xD;&#xD;
2024-01-09 15:43:06.622+01:00 [     5] WARNING    - W&#xD;&#xD;
2024-01-09 15:43:06.622+01:00 [     5] WARNING    - W&#xD;&#xD;
2024-01-09 15:43:06.622+01:00 [     5] WARNING    - W&#xD;&#xD;
2024-01-09 15:43:06.622+01:00 [     5] WARNING    - W&#xD;&#xD;
2024-01-09 15:43:06.622+01:00 [     5] WARNING    - W&#xD;&#xD;
2024-01-09 15:43:06.622+01:00 [     5] WARNING    - W&#xD;&#xD;
2024-01-09 15:43:06.622+01:00 [     5] WARNING    - W&#xD;&#xD;
2024-01-09 15:43:06.622+01:00 [     5] WARNING    - W&#xD;&#xD;
2024-01-09 15:43:06.622+01:00 [     5] WARNING    - W&#xD;&#xD;
2024-01-09 15:43:06.622+01:00 [     5] WARNING    - W&#xD;&#xD;
2024-01-09 15:43:06.622+01:00 [     5] WARNING    - W&#xD;&#xD;
2024-01-09 15:43:06.622+01:00 [     5] WARNING    - W&#xD;&#xD;
2024-01-09 15:43:06.622+01:00 [     5] WARNING    - W&#xD;&#xD;
2024-01-09 15:43:06.622+01:00 [     5] WARNING    - W&#xD;&#xD;
2024-01-09 15:43:06.622+01:00 [     5] WARNING    - W&#xD;&#xD;
2024-01-09 15:43:06.622+01:00 [     5] WARNING    - W&#xD;&#xD;
2024-01-09 15:43:06.622+01:00 [     5] WARNING    - W&#xD;&#xD;
2024-01-09 15:43:06.622+01:00 [     5] WARNING    - W&#xD;&#xD;
2024-01-09 15:43:06.622+01:00 [     5] WARNING    - W&#xD;&#xD;
2024-01-09 15:43:06.622+01:00 [     5] WARNING    - W&#xD;&#xD;
2024-01-09 15:43:06.622+01:00 [     5] WARNING    - W&#xD;&#xD;
2024-01-09 15:43:06.622+01:00 [     5] WARNING    - W&#xD;&#xD;
2024-01-09 15:43:06.622+01:00 [     5] WARNING    - W&#xD;&#xD;
2024-01-09 15:43:06.622+01:00 [     5] WARNING    - W&#xD;&#xD;
2024-01-09 15:43:06.622+01:00 [     5] WARNING    - W&#xD;&#xD;
2024-01-09 15:43:06.622+01:00 [     5] WARNING    - W&#xD;&#xD;
2024-01-09 15:43:06.622+01:00 [     5] WARNING    - W&#xD;&#xD;
2024-01-09 15:43:06.622+01:00 [     5] WARNING    - W&#xD;&#xD;
2024-01-09 15:43:06.622+01:00 [     5] WARNING    - W&#xD;&#xD;
2024-01-09 15:43:06.622+01:00 [     5] WARNING    - W&#xD;&#xD;
2024-01-09 15:43:06.622+01:00 [     5] WARNING    - W&#xD;&#xD;
2024-01-09 15:43:06.622+01:00 [     5] WARNING    - W&#xD;&#xD;
2024-01-09 15:43:06.622+01:00 [     5] WARNING    - W&#xD;&#xD;
2024-01-09 15:43:06.622+01:00 [     5] WARNING    - W&#xD;&#xD;
2024-01-09 15:43:06.622+01:00 [     5] WARNING    - W&#xD;&#xD;
2024-01-09 15:43:06.622+01:00 [     5] WARNING    - W&#xD;&#xD;
2024-01-09 15:43:06.622+01:00 [     5] WARNING    - W&#xD;&#xD;
2024-01-09 15:43:06.622+01:00 [     5] WARNING    - W&#xD;&#xD;
2024-01-09 15:43:06.622+01:00 [     5] WARNING    - W&#xD;&#xD;
2024-01-09 15:43:06.622+01:00 [     5] WARNING    - W&#xD;&#xD;
2024-01-09 15:43:06.622+01:00 [     5] WARNING    - W&#xD;&#xD;
2024-01-09 15:43:06.622+01:00 [     5] WARNING    - W&#xD;&#xD;
2024-01-09 15:43:06.622+01:00 [     5] WARNING    - W&#xD;&#xD;
2024-01-09 15:43:06.622+01:00 [     5] WARNING    - W&#xD;&#xD;
2024-01-09 15:43:06.622+01:00 [     5] WARNING    - W&#xD;&#xD;
2024-01-09 15:43:06.622+01:00 [     5] WARNING    - W&#xD;&#xD;
2024-01-09 15:43:06.622+01:00 [     5] WARNING    - W&#xD;&#xD;
2024-01-09 15:43:06.622+01:00 [     5] WARNING    - W&#xD;&#xD;
2024-01-09 15:43:06.622+01:00 [     5] WARNING    - W&#xD;&#xD;
2024-01-09 15:43:06.622+01:00 [     5] WARNING    - W&#xD;&#xD;
2024-01-09 15:43:06.622+01:00 [     5] WARNING    - W&#xD;&#xD;
2024-01-09 15:43:06.622+01:00 [     5] WARNING    - W&#xD;&#xD;
2024-01-09 15:43:06.622+01:00 [     5] WARNING    - W&#xD;&#xD;
2024-01-09 15:43:06.622+01:00 [     5] WARNING    - W&#xD;&#xD;
2024-01-09 15:43:06.622+01:00 [     5] WARNING    - W&#xD;&#xD;
2024-01-09 15:43:06.622+01:00 [     5] WARNING    - W&#xD;&#xD;
2024-01-09 15:43:06.622+01:00 [     5] WARNING    - W&#xD;&#xD;
2024-01-09 15:43:06.622+01:00 [     5] WARNING    - W&#xD;&#xD;
2024-01-09 15:43:06.622+01:00 [     5] WARNING    - W&#xD;&#xD;
2024-01-09 15:43:06.622+01:00 [     5] WARNING    - W&#xD;&#xD;
2024-01-09 15:43:06.622+01:00 [     5] WARNING    - W&#xD;&#xD;
2024-01-09 15:43:06.622+01:00 [     5] WARNING    - W&#xD;&#xD;
2024-01-09 15:43:06.622+01:00 [     5] WARNING    - W&#xD;&#xD;
2024-01-09 15:43:06.622+01:00 [     5] WARNING    - W&#xD;&#xD;
2024-01-09 15:43:06.622+01:00 [     5] WARNING    - W&#xD;&#xD;
2024-01-09 15:43:06.622+01:00 [     5] WARNING    - W&#xD;&#xD;
2024-01-09 15:43:06.622+01:00 [     5] WARNING    - W&#xD;&#xD;
2024-01-09 15:43:06.622+01:00 [     5] WARNING    - W&#xD;&#xD;
2024-01-09 15:43:06.622+01:00 [     5] WARNING    - W&#xD;&#xD;
2024-01-09 15:43:06.622+01:00 [     5] WARNING    - W&#xD;&#xD;
2024-01-09 15:43:06.622+01:00 [     5] WARNING    - W&#xD;&#xD;
2024-01-09 15:43:06.622+01:00 [     5] WARNING    - W&#xD;&#xD;
2024-01-09 15:43:06.622+01:00 [     5] WARNING    - W&#xD;&#xD;
2024-01-09 15:43:06.622+01:00 [     5] WARNING    - W&#xD;&#xD;
2024-01-09 15:43:06.622+01:00 [     5] WARNING    - W&#xD;&#xD;
2024-01-09 15:43:06.622+01:00 [     5] WARNING    - W&#xD;&#xD;
2024-01-09 15:43:06.622+01:00 [     5] WARNING    - W&#xD;&#xD;
2024-01-09 15:43:06.622+01:00 [     5] WARNING    - W&#xD;&#xD;
2024-01-09 15:43:06.622+01:00 [     5] WARNING    - W&#xD;&#xD;
2024-01-09 15:43:06.622+01:00 [     5] WARNING    - W&#xD;&#xD;
2024-01-09 15:43:06.622+01:00 [     5] WARNING    - W&#xD;&#xD;
2024-01-09 15:43:06.622+01:00 [     5] WARNING    - W&#xD;&#xD;
2024-01-09 15:43:06.622+01:00 [     5] WARNING    - W&#xD;&#xD;
2024-01-09 15:43:06.622+01:00 [     5] WARNING    - W&#xD;&#xD;
2024-01-09 15:43:06.622+01:00 [     5] WARNING    - W&#xD;&#xD;
2024-01-09 15:43:06.622+01:00 [     5] WARNING    - W&#xD;&#xD;
2024-01-09 15:43:06.622+01:00 [     5] WARNING    - W&#xD;&#xD;
2024-01-09 15:43:06.622+01:00 [     5] WARNING    - W&#xD;&#xD;
2024-01-09 15:43:06.622+01:00 [     5] WARNING    - W&#xD;&#xD;
2024-01-09 15:43:06.622+01:00 [     5] WARNING    - W&#xD;&#xD;
2024-01-09 15:43:06.622+01:00 [     5] WARNING    - W&#xD;&#xD;
2024-01-09 15:43:06.622+01:00 [     5] WARNING    - W&#xD;&#xD;
2024-01-09 15:43:06.622+01:00 [     5] WARNING    - W&#xD;&#xD;
2024-01-09 15:43:06.622+01:00 [     5] WARNING    - W&#xD;&#xD;
2024-01-09 15:43:06.622+01:00 [     5] WARNING    - W&#xD;&#xD;
2024-01-09 15:43:06.622+01:00 [     5] WARNING    - W&#xD;&#xD;
2024-01-09 15:43:06.622+01:00 [     5] WARNING    - W&#xD;&#xD;
2024-01-09 15:43:06.622+01:00 [     5] WARNING    - W&#xD;&#xD;
2024-01-09 15:43:06.622+01:00 [     5] WARNING    - W&#xD;&#xD;
2024-01-09 15:43:06.622+01:00 [     5] WARNING    - W&#xD;&#xD;
2024-01-09 15:43:06.622+01:00 [     5] WARNING    - W&#xD;&#xD;
2024-01-09 15:43:06.622+01:00 [     5] WARNING    - W&#xD;&#xD;
2024-01-09 15:43:06.622+01:00 [     5] WARNING    - W&#xD;&#xD;
2024-01-09 15:43:06.622+01:00 [     5] WARNING    - W&#xD;&#xD;
2024-01-09 15:43:06.622+01:00 [     5] WARNING    - W&#xD;&#xD;
2024-01-09 15:43:06.622+01:00 [     5] WARNING    - W&#xD;&#xD;
2024-01-09 15:43:06.622+01:00 [     5] WARNING    - W&#xD;&#xD;
2024-01-09 15:43:06.622+01:00 [     5] WARNING    - W&#xD;&#xD;
2024-01-09 15:43:06.622+01:00 [     5] WARNING    - W&#xD;&#xD;
2024-01-09 15:43:06.622+01:00 [     5] WARNING    - W&#xD;&#xD;
2024-01-09 15:43:06.622+01:00 [     5] WARNING    - W&#xD;&#xD;
2024-01-09 15:43:06.622+01:00 [     5] WARNING    - W&#xD;&#xD;
2024-01-09 15:43:06.622+01:00 [     5] WARNING    - W&#xD;&#xD;
2024-01-09 15:43:06.622+01:00 [     5] WARNING    - W&#xD;&#xD;
2024-01-09 15:43:06.622+01:00 [     5] WARNING    - W&#xD;&#xD;
2024-01-09 15:43:06.622+01:00 [     5] WARNING    - W&#xD;&#xD;
2024-01-09 15:43:06.622+01:00 [     5] WARNING    - W&#xD;&#xD;
2024-01-09 15:43:06.622+01:00 [     5] WARNING    - W&#xD;&#xD;
2024-01-09 15:43:06.622+01:00 [     5] WARNING    - W&#xD;&#xD;
2024-01-09 15:43:06.622+01:00 [     5] WARNING    - W&#xD;&#xD;
2024-01-09 15:43:06.622+01:00 [     5] WARNING    - W&#xD;&#xD;
2024-01-09 15:43:06.622+01:00 [     5] WARNING    - W&#xD;&#xD;
2024-01-09 15:43:06.622+01:00 [     5] WARNING    - W&#xD;&#xD;
2024-01-09 15:43:06.622+01:00 [     5] WARNING    - W&#xD;&#xD;
2024-01-09 15:43:06.622+01:00 [     5] WARNING    - W&#xD;&#xD;
2024-01-09 15:43:06.622+01:00 [     5] WARNING    - W&#xD;&#xD;
2024-01-09 15:43:06.622+01:00 [     5] WARNING    - W&#xD;&#xD;
2024-01-09 15:43:06.622+01:00 [     5] WARNING    - W&#xD;&#xD;
2024-01-09 15:43:06.622+01:00 [     5] WARNING    - W&#xD;&#xD;
2024-01-09 15:43:06.622+01:00 [     5] WARNING    - W&#xD;&#xD;
2024-01-09 15:43:06.622+01:00 [     5] WARNING    - W&#xD;&#xD;
2024-01-09 15:43:06.622+01:00 [     5] WARNING    - W&#xD;&#xD;
2024-01-09 15:43:06.622+01:00 [     5] WARNING    - W&#xD;&#xD;
2024-01-09 15:43:06.622+01:00 [     5] WARNING    - W&#xD;&#xD;
2024-01-09 15:43:06.622+01:00 [     5] WARNING    - W&#xD;&#xD;
2024-01-09 15:43:06.622+01:00 [     5] WARNING    - W&#xD;&#xD;
2024-01-09 15:43:06.622+01:00 [     5] WARNING    - W&#xD;&#xD;
2024-01-09 15:43:06.622+01:00 [     5] WARNING    - W&#xD;&#xD;
2024-01-09 15:43:06.622+01:00 [     5] WARNING    - W&#xD;&#xD;
2024-01-09 15:43:06.622+01:00 [     5] WARNING    - W&#xD;&#xD;
2024-01-09 15:43:06.622+01:00 [     5] WARNING    - W&#xD;&#xD;
2024-01-09 15:43:06.622+01:00 [     5] WARNING    - W&#xD;&#xD;
2024-01-09 15:43:06.622+01:00 [     5] WARNING    - W&#xD;&#xD;
2024-01-09 15:43:06.622+01:00 [     5] WARNING    - W&#xD;&#xD;
2024-01-09 15:43:06.622+01:00 [     5] WARNING    - W&#xD;&#xD;
2024-01-09 15:43:06.622+01:00 [     5] WARNING    - W&#xD;&#xD;
2024-01-09 15:43:06.622+01:00 [     5] WARNING    - W&#xD;&#xD;
2024-01-09 15:43:06.622+01:00 [     5] WARNING    - W&#xD;&#xD;
2024-01-09 15:43:06.622+01:00 [     5] WARNING    - W&#xD;&#xD;
2024-01-09 15:43:06.622+01:00 [     5] WARNING    - W&#xD;&#xD;
2024-01-09 15:43:06.622+01:00 [     5] WARNING    - W&#xD;&#xD;
2024-01-09 15:43:06.622+01:00 [     5] WARNING    - W&#xD;&#xD;
2024-01-09 15:43:06.622+01:00 [     5] WARNING    - W&#xD;&#xD;
2024-01-09 15:43:06.622+01:00 [     5] WARNING    - W&#xD;&#xD;
2024-01-09 15:43:06.622+01:00 [     5] WARNING    - W&#xD;&#xD;
2024-01-09 15:43:06.622+01:00 [     5] WARNING    - W&#xD;&#xD;
2024-01-09 15:43:06.622+01:00 [     5] WARNING    - W&#xD;&#xD;
2024-01-09 15:43:06.622+01:00 [     5] WARNING    - W&#xD;&#xD;
2024-01-09 15:43:06.622+01:00 [     5] WARNING    - W&#xD;&#xD;
2024-01-09 15:43:06.622+01:00 [     5] WARNING    - W&#xD;&#xD;
2024-01-09 15:43:06.622+01:00 [     5] WARNING    - W&#xD;&#xD;
2024-01-09 15:43:06.622+01:00 [     5] WARNING    - W&#xD;&#xD;
2024-01-09 15:43:06.622+01:00 [     5] WARNING    - W&#xD;&#xD;
2024-01-09 15:43:06.622+01:00 [     5] WARNING    - W&#xD;&#xD;
2024-01-09 15:43:06.622+01:00 [     5] WARNING    - W&#xD;&#xD;
2024-01-09 15:43:06.622+01:00 [     5] WARNING    - W&#xD;&#xD;
2024-01-09 15:43:06.622+01:00 [     5] WARNING    - W&#xD;&#xD;
2024-01-09 15:43:06.622+01:00 [     5] WARNING    - W&#xD;&#xD;
2024-01-09 15:43:06.622+01:00 [     5] WARNING    - W&#xD;&#xD;
2024-01-09 15:43:06.622+01:00 [     5] WARNING    - W&#xD;&#xD;
2024-01-09 15:43:06.622+01:00 [     5] WARNING    - W&#xD;&#xD;
2024-01-09 15:43:06.622+01:00 [     5] WARNING    - W&#xD;&#xD;
2024-01-09 15:43:06.622+01:00 [     5] WARNING    - W&#xD;&#xD;
2024-01-09 15:43:06.622+01:00 [     5] WARNING    - W&#xD;&#xD;
2024-01-09 15:43:06.622+01:00 [     5] WARNING    - W&#xD;&#xD;
2024-01-09 15:43:06.622+01:00 [     5] WARNING    - W&#xD;&#xD;
2024-01-09 15:43:06.622+01:00 [     5] WARNING    - W&#xD;&#xD;
2024-01-09 15:43:06.622+01:00 [     5] WARNING    - W&#xD;&#xD;
2024-01-09 15:43:06.622+01:00 [     5] WARNING    - W&#xD;&#xD;
2024-01-09 15:43:06.622+01:00 [     5] WARNING    - W&#xD;&#xD;
2024-01-09 15:43:06.622+01:00 [     5] WARNING    - W&#xD;&#xD;
2024-01-09 15:43:06.622+01:00 [     5] WARNING    - W&#xD;&#xD;
2024-01-09 15:43:06.622+01:00 [     5] WARNING    - W&#xD;&#xD;
2024-01-09 15:43:06.622+01:00 [     5] WARNING    - W&#xD;&#xD;
2024-01-09 15:43:06.622+01:00 [     5] WARNING    - W&#xD;&#xD;
2024-01-09 15:43:06.622+01:00 [     5] WARNING    - W&#xD;&#xD;
2024-01-09 15:43:06.622+01:00 [     5] WARNING    - W&#xD;&#xD;
2024-01-09 15:43:06.622+01:00 [     5] WARNING    - W&#xD;&#xD;
2024-01-09 15:43:06.622+01:00 [     5] WARNING    - W&#xD;&#xD;
2024-01-09 15:43:06.622+01:00 [     5] WARNING    - W&#xD;&#xD;
2024-01-09 15:43:06.622+01:00 [     5] WARNING    - W&#xD;&#xD;
2024-01-09 15:43:06.622+01:00 [     5] WARNING    - W&#xD;&#xD;
2024-01-09 15:43:06.622+01:00 [     5] WARNING    - W&#xD;&#xD;
2024-01-09 15:43:06.622+01:00 [     5] WARNING    - W&#xD;&#xD;
2024-01-09 15:43:06.622+01:00 [     5] WARNING    - W&#xD;&#xD;
2024-01-09 15:43:06.622+01:00 [     5] WARNING    - W&#xD;&#xD;
2024-01-09 15:43:06.622+01:00 [     5] WARNING    - W&#xD;&#xD;
2024-01-09 15:43:06.622+01:00 [     5] WARNING    - W&#xD;&#xD;
2024-01-09 15:43:06.622+01:00 [     5] WARNING    - W&#xD;&#xD;
2024-01-09 15:43:06.622+01:00 [     5] WARNING    - W&#xD;&#xD;
2024-01-09 15:43:06.622+01:00 [     5] WARNING    - W&#xD;&#xD;
2024-01-09 15:43:06.622+01:00 [     5] WARNING    - W&#xD;&#xD;
2024-01-09 15:43:06.622+01:00 [     5] WARNING    - W&#xD;&#xD;
2024-01-09 15:43:06.622+01:00 [     5] WARNING    - W&#xD;&#xD;
2024-01-09 15:43:06.622+01:00 [     5] WARNING    - W&#xD;&#xD;
2024-01-09 15:43:06.622+01:00 [     5] WARNING    - W&#xD;&#xD;
2024-01-09 15:43:06.622+01:00 [     5] WARNING    - W&#xD;&#xD;
2024-01-09 15:43:06.622+01:00 [     5] WARNING    - W&#xD;&#xD;
2024-01-09 15:43:06.622+01:00 [     5] WARNING    - W&#xD;&#xD;
2024-01-09 15:43:06.622+01:00 [     5] WARNING    - W&#xD;&#xD;
2024-01-09 15:43:06.622+01:00 [     5] WARNING    - W&#xD;&#xD;
2024-01-09 15:43:06.622+01:00 [     5] WARNING    - W&#xD;&#xD;
2024-01-09 15:43:06.622+01:00 [     5] WARNING    - W&#xD;&#xD;
2024-01-09 15:43:06.622+01:00 [     5] WARNING    - W&#xD;&#xD;
2024-01-09 15:43:06.622+01:00 [     5] WARNING    - W&#xD;&#xD;
2024-01-09 15:43:06.622+01:00 [     5] WARNING    - W&#xD;&#xD;
2024-01-09 15:43:06.622+01:00 [     5] WARNING    - W&#xD;&#xD;
2024-01-09 15:43:06.622+01:00 [     5] WARNING    - W&#xD;&#xD;
2024-01-09 15:43:06.622+01:00 [     5] WARNING    - W&#xD;&#xD;
2024-01-09 15:43:06.622+01:00 [     5] WARNING    - W&#xD;&#xD;
2024-01-09 15:43:06.622+01:00 [     5] WARNING    - W&#xD;&#xD;
2024-01-09 15:43:06.622+01:00 [     5] WARNING    - W&#xD;&#xD;
2024-01-09 15:43:06.622+01:00 [     5] WARNING    - W&#xD;&#xD;
2024-01-09 15:43:06.622+01:00 [     5] WARNING    - W&#xD;&#xD;
2024-01-09 15:43:06.622+01:00 [     5] WARNING    - W&#xD;&#xD;
2024-01-09 15:43:06.622+01:00 [     5] WARNING    - W&#xD;&#xD;
2024-01-09 15:43:06.622+01:00 [     5] WARNING    - W&#xD;&#xD;
2024-01-09 15:43:06.622+01:00 [     5] WARNING    - W&#xD;&#xD;
2024-01-09 15:43:06.622+01:00 [     5] WARNING    - W&#xD;&#xD;
2024-01-09 15:43:06.622+01:00 [     5] WARNING    - W&#xD;&#xD;
2024-01-09 15:43:06.622+01:00 [     5] WARNING    - W&#xD;&#xD;
2024-01-09 15:43:06.622+01:00 [     5] WARNING    - W&#xD;&#xD;
2024-01-09 15:43:06.622+01:00 [     5] WARNING    - W&#xD;&#xD;
2024-01-09 15:43:06.622+01:00 [     5] WARNING    - W&#xD;&#xD;
2024-01-09 15:43:06.622+01:00 [     5] WARNING    - W&#xD;&#xD;
2024-01-09 15:43:06.622+01:00 [     5] WARNING    - W&#xD;&#xD;
2024-01-09 15:43:06.622+01:00 [     5] WARNING    - W&#xD;&#xD;
2024-01-09 15:43:06.622+01:00 [     5] WARNING    - W&#xD;&#xD;
2024-01-09 15:43:06.622+01:00 [     5] WARNING    - W&#xD;&#xD;
2024-01-09 15:43:06.622+01:00 [     5] WARNING    - W&#xD;&#xD;
2024-01-09 15:43:06.622+01:00 [     5] WARNING    - W&#xD;&#xD;
2024-01-09 15:43:06.622+01:00 [     5] WARNING    - W&#xD;&#xD;
2024-01-09 15:43:06.622+01:00 [     5] WARNING    - W&#xD;&#xD;
2024-01-09 15:43:06.622+01:00 [     5] WARNING    - W&#xD;&#xD;
2024-01-09 15:43:06.622+01:00 [     5] WARNING    - W&#xD;&#xD;
2024-01-09 15:43:06.622+01:00 [     5] WARNING    - W&#xD;&#xD;
2024-01-09 15:43:06.622+01:00 [     5] WARNING    - W&#xD;&#xD;
2024-01-09 15:43:06.622+01:00 [     5] WARNING    - W&#xD;&#xD;
2024-01-09 15:43:06.622+01:00 [     5] WARNING    - W&#xD;&#xD;
2024-01-09 15:43:06.622+01:00 [     5] WARNING    - W&#xD;&#xD;
2024-01-09 15:43:06.622+01:00 [     5] WARNING    - W&#xD;&#xD;
2024-01-09 15:43:06.622+01:00 [     5] WARNING    - W&#xD;&#xD;
2024-01-09 15:43:06.622+01:00 [     5] WARNING    - W&#xD;&#xD;
2024-01-09 15:43:06.622+01:00 [     5] WARNING    - W&#xD;&#xD;
2024-01-09 15:43:06.622+01:00 [     5] WARNING    - W&#xD;&#xD;
2024-01-09 15:43:06.622+01:00 [     5] WARNING    - W&#xD;&#xD;
2024-01-09 15:43:06.622+01:00 [     5] WARNING    - W&#xD;&#xD;
2024-01-09 15:43:06.622+01:00 [     5] WARNING    - W&#xD;&#xD;
2024-01-09 15:43:06.622+01:00 [     5] WARNING    - W&#xD;&#xD;
2024-01-09 15:43:06.622+01:00 [     5] WARNING    - W&#xD;&#xD;
2024-01-09 15:43:06.622+01:00 [     5] WARNING    - W&#xD;&#xD;
2024-01-09 15:43:06.622+01:00 [     5] WARNING    - W&#xD;&#xD;
2024-01-09 15:43:06.622+01:00 [     5] WARNING    - W&#xD;&#xD;
2024-01-09 15:43:06.622+01:00 [     5] WARNING    - W&#xD;&#xD;
2024-01-09 15:43:06.622+01:00 [     5] WARNING    - W&#xD;&#xD;
2024-01-09 15:43:06.622+01:00 [     5] WARNING    - W&#xD;&#xD;
2024-01-09 15:43:06.622+01:00 [     5] WARNING    - W&#xD;&#xD;
2024-01-09 15:43:06.622+01:00 [     5] WARNING    - W&#xD;&#xD;
2024-01-09 15:43:06.622+01:00 [     5] WARNING    - W&#xD;&#xD;
2024-01-09 15:43:06.622+01:00 [     5] WARNING    - W&#xD;&#xD;
2024-01-09 15:43:06.622+01:00 [     5] WARNING    - W&#xD;&#xD;
2024-01-09 15:43:06.622+01:00 [     5] WARNING    - W&#xD;&#xD;
2024-01-09 15:43:06.622+01:00 [     5] WARNING    - W&#xD;&#xD;
2024-01-09 15:43:06.622+01:00 [     5] WARNING    - W&#xD;&#xD;
2024-01-09 15:43:06.622+01:00 [     5] WARNING    - W&#xD;&#xD;
2024-01-09 15:43:06.622+01:00 [     5] WARNING    - W&#xD;&#xD;
2024-01-09 15:43:06.622+01:00 [     5] WARNING    - W&#xD;&#xD;
2024-01-09 15:43:06.622+01:00 [     5] WARNING    - W&#xD;&#xD;
2024-01-09 15:43:06.622+01:00 [     5] WARNING    - W&#xD;&#xD;
2024-01-09 15:43:06.622+01:00 [     5] WARNING    - W&#xD;&#xD;
2024-01-09 15:43:06.622+01:00 [     5] WARNING    - W&#xD;&#xD;
2024-01-09 15:43:06.622+01:00 [     5] WARNING    - W&#xD;&#xD;
2024-01-09 15:43:06.622+01:00 [     5] WARNING    - W&#xD;&#xD;
2024-01-09 15:43:06.622+01:00 [     5] WARNING    - W&#xD;&#xD;
2024-01-09 15:43:06.622+01:00 [     5] WARNING    - W&#xD;&#xD;
2024-01-09 15:43:06.622+01:00 [     5] WARNING    - W&#xD;&#xD;
2024-01-09 15:43:06.622+01:00 [     5] WARNING    - W&#xD;&#xD;
2024-01-09 15:43:06.622+01:00 [     5] WARNING    - W&#xD;&#xD;
2024-01-09 15:43:06.622+01:00 [     5] WARNING    - W&#xD;&#xD;
2024-01-09 15:43:06.622+01:00 [     5] WARNING    - W&#xD;&#xD;
2024-01-09 15:43:06.622+01:00 [     5] WARNING    - W&#xD;&#xD;
2024-01-09 15:43:06.638+01:00 [     5] WARNING    - W&#xD;&#xD;
2024-01-09 15:43:06.638+01:00 [     5] WARNING    - W&#xD;&#xD;
2024-01-09 15:43:06.638+01:00 [     5] WARNING    - W&#xD;&#xD;
2024-01-09 15:43:06.638+01:00 [     5] WARNING    - W&#xD;&#xD;
2024-01-09 15:43:06.638+01:00 [     5] WARNING    - W&#xD;&#xD;
2024-01-09 15:43:06.638+01:00 [     5] WARNING    - W&#xD;&#xD;
2024-01-09 15:43:06.638+01:00 [     5] WARNING    - W&#xD;&#xD;
2024-01-09 15:43:06.638+01:00 [     5] WARNING    - W&#xD;&#xD;
2024-01-09 15:43:06.638+01:00 [     5] WARNING    - W&#xD;&#xD;
2024-01-09 15:43:06.638+01:00 [     5] WARNING    - W&#xD;&#xD;
2024-01-09 15:43:06.638+01:00 [     5] WARNING    - W&#xD;&#xD;
2024-01-09 15:43:06.638+01:00 [     5] WARNING    - W&#xD;&#xD;
2024-01-09 15:43:06.638+01:00 [     5] WARNING    - W&#xD;&#xD;
2024-01-09 15:43:06.638+01:00 [     5] WARNING    - W&#xD;&#xD;
2024-01-09 15:43:06.638+01:00 [     5] WARNING    - W&#xD;&#xD;
2024-01-09 15:43:06.638+01:00 [     5] WARNING    - W&#xD;&#xD;
2024-01-09 15:43:06.638+01:00 [     5] WARNING    - W&#xD;&#xD;
2024-01-09 15:43:06.638+01:00 [     5] WARNING    - W&#xD;&#xD;
2024-01-09 15:43:06.638+01:00 [     5] WARNING    - W&#xD;&#xD;
2024-01-09 15:43:06.638+01:00 [     5] WARNING    - W&#xD;&#xD;
2024-01-09 15:43:06.638+01:00 [     5] WARNING    - W&#xD;&#xD;
2024-01-09 15:43:06.638+01:00 [     5] WARNING    - W&#xD;&#xD;
2024-01-09 15:43:06.638+01:00 [     5] WARNING    - W&#xD;&#xD;
2024-01-09 15:43:06.638+01:00 [     5] WARNING    - W&#xD;&#xD;
2024-01-09 15:43:06.638+01:00 [     5] WARNING    - W&#xD;&#xD;
2024-01-09 15:43:06.638+01:00 [     5] WARNING    - W&#xD;&#xD;
2024-01-09 15:43:06.638+01:00 [     5] WARNING    - W&#xD;&#xD;
2024-01-09 15:43:06.638+01:00 [     5] WARNING    - W&#xD;&#xD;
2024-01-09 15:43:06.638+01:00 [     5] WARNING    - W&#xD;&#xD;
2024-01-09 15:43:06.638+01:00 [     5] WARNING    - W&#xD;&#xD;
2024-01-09 15:43:06.638+01:00 [     5] WARNING    - W&#xD;&#xD;
2024-01-09 15:43:06.638+01:00 [     5] WARNING    - W&#xD;&#xD;
2024-01-09 15:43:06.638+01:00 [     5] WARNING    - W&#xD;&#xD;
2024-01-09 15:43:06.638+01:00 [     5] WARNING    - W&#xD;&#xD;
2024-01-09 15:43:06.638+01:00 [     5] WARNING    - W&#xD;&#xD;
2024-01-09 15:43:06.638+01:00 [     5] WARNING    - W&#xD;&#xD;
2024-01-09 15:43:06.638+01:00 [     5] WARNING    - W&#xD;&#xD;
2024-01-09 15:43:06.638+01:00 [     5] WARNING    - W&#xD;&#xD;
2024-01-09 15:43:06.638+01:00 [     5] WARNING    - W&#xD;&#xD;
2024-01-09 15:43:06.638+01:00 [     5] WARNING    - W&#xD;&#xD;
2024-01-09 15:43:06.638+01:00 [     5] WARNING    - W&#xD;&#xD;
2024-01-09 15:43:06.638+01:00 [     5] WARNING    - W&#xD;&#xD;
2024-01-09 15:43:06.638+01:00 [     5] WARNING    - W&#xD;&#xD;
2024-01-09 15:43:06.638+01:00 [     5] WARNING    - W&#xD;&#xD;
2024-01-09 15:43:06.638+01:00 [     5] WARNING    - W&#xD;&#xD;
2024-01-09 15:43:06.638+01:00 [     5] WARNING    - W&#xD;&#xD;
2024-01-09 15:43:06.638+01:00 [     5] WARNING    - W&#xD;&#xD;
2024-01-09 15:43:06.638+01:00 [     5] WARNING    - W&#xD;&#xD;
2024-01-09 15:43:06.638+01:00 [     5] WARNING    - W&#xD;&#xD;
2024-01-09 15:43:06.638+01:00 [     5] WARNING    - W&#xD;&#xD;
2024-01-09 15:43:06.638+01:00 [     5] WARNING    - W&#xD;&#xD;
2024-01-09 15:43:06.638+01:00 [     5] WARNING    - W&#xD;&#xD;
2024-01-09 15:43:06.638+01:00 [     5] WARNING    - W&#xD;&#xD;
2024-01-09 15:43:06.638+01:00 [     5] WARNING    - W&#xD;&#xD;
2024-01-09 15:43:06.638+01:00 [     5] WARNING    - W&#xD;&#xD;
2024-01-09 15:43:06.638+01:00 [     5] WARNING    - W&#xD;&#xD;
2024-01-09 15:43:06.638+01:00 [     5] WARNING    - W&#xD;&#xD;
2024-01-09 15:43:06.638+01:00 [     5] WARNING    - W&#xD;&#xD;
2024-01-09 15:43:06.638+01:00 [     5] WARNING    - W&#xD;&#xD;
2024-01-09 15:43:06.638+01:00 [     5] WARNING    - W&#xD;&#xD;
2024-01-09 15:43:06.638+01:00 [     5] WARNING    - W&#xD;&#xD;
2024-01-09 15:43:06.638+01:00 [     5] WARNING    - W&#xD;&#xD;
2024-01-09 15:43:06.638+01:00 [     5] WARNING    - W&#xD;&#xD;
2024-01-09 15:43:06.638+01:00 [     5] WARNING    - W&#xD;&#xD;
2024-01-09 15:43:06.638+01:00 [     5] WARNING    - W&#xD;&#xD;
2024-01-09 15:43:06.638+01:00 [     5] WARNING    - W&#xD;&#xD;
2024-01-09 15:43:06.638+01:00 [     5] WARNING    - W&#xD;&#xD;
2024-01-09 15:43:06.638+01:00 [     5] WARNING    - W&#xD;&#xD;
2024-01-09 15:43:06.638+01:00 [     5] WARNING    - W&#xD;&#xD;
2024-01-09 15:43:06.638+01:00 [     5] WARNING    - W&#xD;&#xD;
2024-01-09 15:43:06.638+01:00 [     5] WARNING    - W&#xD;&#xD;
2024-01-09 15:43:06.638+01:00 [     5] WARNING    - W&#xD;&#xD;
2024-01-09 15:43:06.638+01:00 [     5] WARNING    - W&#xD;&#xD;
2024-01-09 15:43:06.638+01:00 [     5] WARNING    - W&#xD;&#xD;
2024-01-09 15:43:06.638+01:00 [     5] WARNING    - W&#xD;&#xD;
2024-01-09 15:43:06.638+01:00 [     5] WARNING    - W&#xD;&#xD;
2024-01-09 15:43:06.638+01:00 [     5] WARNING    - W&#xD;&#xD;
2024-01-09 15:43:06.638+01:00 [     5] WARNING    - W&#xD;&#xD;
2024-01-09 15:43:06.638+01:00 [     5] WARNING    - W&#xD;&#xD;
2024-01-09 15:43:06.638+01:00 [     5] WARNING    - W&#xD;&#xD;
2024-01-09 15:43:06.638+01:00 [     5] WARNING    - W&#xD;&#xD;
2024-01-09 15:43:06.638+01:00 [     5] WARNING    - W&#xD;&#xD;
2024-01-09 15:43:06.638+01:00 [     5] WARNING    - W&#xD;&#xD;
2024-01-09 15:43:06.638+01:00 [     5] WARNING    - W&#xD;&#xD;
2024-01-09 15:43:06.638+01:00 [     5] WARNING    - W&#xD;&#xD;
2024-01-09 15:43:06.638+01:00 [     5] WARNING    - W&#xD;&#xD;
2024-01-09 15:43:06.638+01:00 [     5] WARNING    - W&#xD;&#xD;
2024-01-09 15:43:06.638+01:00 [     5] WARNING    - W&#xD;&#xD;
2024-01-09 15:43:06.638+01:00 [     5] WARNING    - W&#xD;&#xD;
2024-01-09 15:43:06.638+01:00 [     5] WARNING    - W&#xD;&#xD;
2024-01-09 15:43:06.638+01:00 [     5] WARNING    - W&#xD;&#xD;
2024-01-09 15:43:06.638+01:00 [     5] WARNING    - W&#xD;&#xD;
2024-01-09 15:43:06.638+01:00 [     5] WARNING    - W&#xD;&#xD;
2024-01-09 15:43:06.638+01:00 [     5] WARNING    - W&#xD;&#xD;
2024-01-09 15:43:06.638+01:00 [     5] WARNING    - W&#xD;&#xD;
2024-01-09 15:43:06.638+01:00 [     5] WARNING    - W&#xD;&#xD;
2024-01-09 15:43:06.638+01:00 [     5] WARNING    - W&#xD;&#xD;
2024-01-09 15:43:06.638+01:00 [     5] WARNING    - W&#xD;&#xD;
2024-01-09 15:43:06.638+01:00 [     5] WARNING    - W&#xD;&#xD;
2024-01-09 15:43:06.638+01:00 [     5] WARNING    - W&#xD;&#xD;
2024-01-09 15:43:06.638+01:00 [     5] WARNING    - W&#xD;&#xD;
2024-01-09 15:43:06.638+01:00 [     5] WARNING    - W&#xD;&#xD;
2024-01-09 15:43:06.638+01:00 [     5] WARNING    - W&#xD;&#xD;
2024-01-09 15:43:06.638+01:00 [     5] WARNING    - W&#xD;&#xD;
2024-01-09 15:43:06.638+01:00 [     5] WARNING    - W&#xD;&#xD;
2024-01-09 15:43:06.638+01:00 [     5] WARNING    - W&#xD;&#xD;
2024-01-09 15:43:06.638+01:00 [     5] WARNING    - W&#xD;&#xD;
2024-01-09 15:43:06.638+01:00 [     5] WARNING    - W&#xD;&#xD;
2024-01-09 15:43:06.638+01:00 [     5] WARNING    - W&#xD;&#xD;
2024-01-09 15:43:06.638+01:00 [     5] WARNING    - W&#xD;&#xD;
2024-01-09 15:43:06.638+01:00 [     5] WARNING    - W&#xD;&#xD;
2024-01-09 15:43:06.638+01:00 [     5] WARNING    - W&#xD;&#xD;
2024-01-09 15:43:06.638+01:00 [     5] WARNING    - W&#xD;&#xD;
2024-01-09 15:43:06.638+01:00 [     5] WARNING    - W&#xD;&#xD;
2024-01-09 15:43:06.638+01:00 [     5] WARNING    - W&#xD;&#xD;
2024-01-09 15:43:06.638+01:00 [     5] WARNING    - W&#xD;&#xD;
2024-01-09 15:43:06.638+01:00 [     5] WARNING    - W&#xD;&#xD;
2024-01-09 15:43:06.638+01:00 [     5] WARNING    - W&#xD;&#xD;
2024-01-09 15:43:06.638+01:00 [     5] WARNING    - W&#xD;&#xD;
2024-01-09 15:43:06.638+01:00 [     5] WARNING    - W&#xD;&#xD;
2024-01-09 15:43:06.638+01:00 [     5] WARNING    - W&#xD;&#xD;
2024-01-09 15:43:06.638+01:00 [     5] WARNING    - W&#xD;&#xD;
2024-01-09 15:43:06.638+01:00 [     5] WARNING    - W&#xD;&#xD;
2024-01-09 15:43:06.638+01:00 [     5] WARNING    - W&#xD;&#xD;
2024-01-09 15:43:06.638+01:00 [     5] WARNING    - W&#xD;&#xD;
2024-01-09 15:43:06.638+01:00 [     5] WARNING    - W&#xD;&#xD;
2024-01-09 15:43:06.638+01:00 [     5] WARNING    - W&#xD;&#xD;
2024-01-09 15:43:06.638+01:00 [     5] WARNING    - W&#xD;&#xD;
2024-01-09 15:43:06.638+01:00 [     5] WARNING    - W&#xD;&#xD;
2024-01-09 15:43:06.638+01:00 [     5] WARNING    - W&#xD;&#xD;
2024-01-09 15:43:06.638+01:00 [     5] WARNING    - W&#xD;&#xD;
2024-01-09 15:43:06.638+01:00 [     5] WARNING    - W&#xD;&#xD;
2024-01-09 15:43:06.638+01:00 [     5] WARNING    - W&#xD;&#xD;
2024-01-09 15:43:06.638+01:00 [     5] WARNING    - W&#xD;&#xD;
2024-01-09 15:43:06.638+01:00 [     5] WARNING    - W&#xD;&#xD;
2024-01-09 15:43:06.638+01:00 [     5] WARNING    - W&#xD;&#xD;
2024-01-09 15:43:06.638+01:00 [     5] WARNING    - W&#xD;&#xD;
2024-01-09 15:43:06.638+01:00 [     5] WARNING    - W&#xD;&#xD;
2024-01-09 15:43:06.638+01:00 [     5] WARNING    - W&#xD;&#xD;
2024-01-09 15:43:06.638+01:00 [     5] WARNING    - W&#xD;&#xD;
2024-01-09 15:43:06.638+01:00 [     5] WARNING    - W&#xD;&#xD;
2024-01-09 15:43:06.638+01:00 [     5] WARNING    - W&#xD;&#xD;
2024-01-09 15:43:06.638+01:00 [     5] WARNING    - W&#xD;&#xD;
2024-01-09 15:43:06.638+01:00 [     5] WARNING    - W&#xD;&#xD;
2024-01-09 15:43:06.638+01:00 [     5] WARNING    - W&#xD;&#xD;
2024-01-09 15:43:06.638+01:00 [     5] WARNING    - W&#xD;&#xD;
2024-01-09 15:43:06.638+01:00 [     5] WARNING    - W&#xD;&#xD;
2024-01-09 15:43:06.638+01:00 [     5] WARNING    - W&#xD;&#xD;
2024-01-09 15:43:06.638+01:00 [     5] WARNING    - W&#xD;&#xD;
2024-01-09 15:43:06.638+01:00 [     5] WARNING    - W&#xD;&#xD;
2024-01-09 15:43:06.638+01:00 [     5] WARNING    - W&#xD;&#xD;
2024-01-09 15:43:06.638+01:00 [     5] WARNING    - W&#xD;&#xD;
2024-01-09 15:43:06.638+01:00 [     5] WARNING    - W&#xD;&#xD;
2024-01-09 15:43:06.638+01:00 [     5] WARNING    - W&#xD;&#xD;
2024-01-09 15:43:06.638+01:00 [     5] WARNING    - W&#xD;&#xD;
2024-01-09 15:43:06.638+01:00 [     5] WARNING    - W&#xD;&#xD;
2024-01-09 15:43:06.638+01:00 [     5] WARNING    - W&#xD;&#xD;
2024-01-09 15:43:06.638+01:00 [     5] WARNING    - W&#xD;&#xD;
2024-01-09 15:43:06.638+01:00 [     5] WARNING    - W&#xD;&#xD;
2024-01-09 15:43:06.638+01:00 [     5] WARNING    - W&#xD;&#xD;
2024-01-09 15:43:06.638+01:00 [     5] WARNING    - W&#xD;&#xD;
2024-01-09 15:43:06.638+01:00 [     5] WARNING    - W&#xD;&#xD;
2024-01-09 15:43:06.638+01:00 [     5] WARNING    - W&#xD;&#xD;
2024-01-09 15:43:06.638+01:00 [     5] WARNING    - W&#xD;&#xD;
2024-01-09 15:43:06.638+01:00 [     5] WARNING    - W&#xD;&#xD;
2024-01-09 15:43:06.638+01:00 [     5] WARNING    - W&#xD;&#xD;
2024-01-09 15:43:06.638+01:00 [     5] WARNING    - W&#xD;&#xD;
2024-01-09 15:43:06.638+01:00 [     5] WARNING    - W&#xD;&#xD;
2024-01-09 15:43:06.638+01:00 [     5] WARNING    - W&#xD;&#xD;
2024-01-09 15:43:06.638+01:00 [     5] WARNING    - W&#xD;&#xD;
2024-01-09 15:43:06.638+01:00 [     5] WARNING    - W&#xD;&#xD;
2024-01-09 15:43:06.638+01:00 [     5] WARNING    - W&#xD;&#xD;
2024-01-09 15:43:06.638+01:00 [     5] WARNING    - W&#xD;&#xD;
2024-01-09 15:43:06.638+01:00 [     5] WARNING    - W&#xD;&#xD;
2024-01-09 15:43:06.638+01:00 [     5] WARNING    - W&#xD;&#xD;
2024-01-09 15:43:06.638+01:00 [     5] WARNING    - W&#xD;&#xD;
2024-01-09 15:43:06.638+01:00 [     5] WARNING    - W&#xD;&#xD;
2024-01-09 15:43:06.638+01:00 [     5] WARNING    - W&#xD;&#xD;
2024-01-09 15:43:06.638+01:00 [     5] WARNING    - W&#xD;&#xD;
2024-01-09 15:43:06.638+01:00 [     5] WARNING    - W&#xD;&#xD;
2024-01-09 15:43:06.638+01:00 [     5] WARNING    - W&#xD;&#xD;
2024-01-09 15:43:06.638+01:00 [     5] WARNING    - W&#xD;&#xD;
2024-01-09 15:43:06.638+01:00 [     5] WARNING    - W&#xD;&#xD;
2024-01-09 15:43:06.638+01:00 [     5] WARNING    - W&#xD;&#xD;
2024-01-09 15:43:06.638+01:00 [     5] WARNING    - W&#xD;&#xD;
2024-01-09 15:43:06.638+01:00 [     5] WARNING    - W&#xD;&#xD;
2024-01-09 15:43:06.638+01:00 [     5] WARNING    - W&#xD;&#xD;
2024-01-09 15:43:06.638+01:00 [     5] WARNING    - W&#xD;&#xD;
2024-01-09 15:43:06.638+01:00 [     5] WARNING    - W&#xD;&#xD;
2024-01-09 15:43:06.638+01:00 [     5] WARNING    - W&#xD;&#xD;
2024-01-09 15:43:06.638+01:00 [     5] WARNING    - W&#xD;&#xD;
2024-01-09 15:43:06.638+01:00 [     5] WARNING    - W&#xD;&#xD;
2024-01-09 15:43:06.638+01:00 [     5] WARNING    - W&#xD;&#xD;
2024-01-09 15:43:06.638+01:00 [     5] WARNING    - W&#xD;&#xD;
2024-01-09 15:43:06.638+01:00 [     5] WARNING    - W&#xD;&#xD;
2024-01-09 15:43:06.638+01:00 [     5] WARNING    - W&#xD;&#xD;
2024-01-09 15:43:06.638+01:00 [     5] WARNING    - W&#xD;&#xD;
2024-01-09 15:43:06.638+01:00 [     5] WARNING    - W&#xD;&#xD;
2024-01-09 15:43:06.638+01:00 [     5] WARNING    - W&#xD;&#xD;
2024-01-09 15:43:06.638+01:00 [     5] WARNING    - W&#xD;&#xD;
2024-01-09 15:43:06.638+01:00 [     5] WARNING    - W&#xD;&#xD;
2024-01-09 15:43:06.638+01:00 [     5] WARNING    - W&#xD;&#xD;
2024-01-09 15:43:06.638+01:00 [     5] WARNING    - W&#xD;&#xD;
2024-01-09 15:43:06.638+01:00 [     5] WARNING    - W&#xD;&#xD;
2024-01-09 15:43:06.638+01:00 [     5] WARNING    - W&#xD;&#xD;
2024-01-09 15:43:06.638+01:00 [     5] WARNING    - W&#xD;&#xD;
2024-01-09 15:43:06.638+01:00 [     5] WARNING    - W&#xD;&#xD;
2024-01-09 15:43:06.638+01:00 [     5] WARNING    - W&#xD;&#xD;
2024-01-09 15:43:06.638+01:00 [     5] WARNING    - W&#xD;&#xD;
2024-01-09 15:43:06.638+01:00 [     5] WARNING    - W&#xD;&#xD;
2024-01-09 15:43:06.638+01:00 [     5] WARNING    - W&#xD;&#xD;
2024-01-09 15:43:06.638+01:00 [     5] WARNING    - W&#xD;&#xD;
2024-01-09 15:43:06.638+01:00 [     5] WARNING    - W&#xD;&#xD;
2024-01-09 15:43:06.638+01:00 [     5] WARNING    - W&#xD;&#xD;
2024-01-09 15:43:06.638+01:00 [     5] WARNING    - W&#xD;&#xD;
2024-01-09 15:43:06.638+01:00 [     5] WARNING    - W&#xD;&#xD;
2024-01-09 15:43:06.638+01:00 [     5] WARNING    - W&#xD;&#xD;
2024-01-09 15:43:06.638+01:00 [     5] WARNING    - W&#xD;&#xD;
2024-01-09 15:43:06.638+01:00 [     5] WARNING    - W&#xD;&#xD;
2024-01-09 15:43:06.638+01:00 [     5] WARNING    - W&#xD;&#xD;
2024-01-09 15:43:06.638+01:00 [     5] WARNING    - W&#xD;&#xD;
2024-01-09 15:43:06.638+01:00 [     5] WARNING    - W&#xD;&#xD;
2024-01-09 15:43:06.638+01:00 [     5] WARNING    - W&#xD;&#xD;
2024-01-09 15:43:06.638+01:00 [     5] WARNING    - W&#xD;&#xD;
2024-01-09 15:43:06.638+01:00 [     5] WARNING    - W&#xD;&#xD;
2024-01-09 15:43:06.638+01:00 [     5] WARNING    - W&#xD;&#xD;
2024-01-09 15:43:06.638+01:00 [     5] WARNING    - W&#xD;&#xD;
2024-01-09 15:43:06.638+01:00 [     5] WARNING    - W&#xD;&#xD;
2024-01-09 15:43:06.638+01:00 [     5] WARNING    - W&#xD;&#xD;
2024-01-09 15:43:06.638+01:00 [     5] WARNING    - W&#xD;&#xD;
2024-01-09 15:43:06.638+01:00 [     5] WARNING    - W&#xD;&#xD;
2024-01-09 15:43:06.638+01:00 [     5] WARNING    - W&#xD;&#xD;
2024-01-09 15:43:06.638+01:00 [     5] WARNING    - W&#xD;&#xD;
2024-01-09 15:43:06.638+01:00 [     5] WARNING    - W&#xD;&#xD;
2024-01-09 15:43:06.638+01:00 [     5] WARNING    - W&#xD;&#xD;
2024-01-09 15:43:06.638+01:00 [     5] WARNING    - W&#xD;&#xD;
2024-01-09 15:43:06.638+01:00 [     5] WARNING    - W&#xD;&#xD;
2024-01-09 15:43:06.638+01:00 [     5] WARNING    - W&#xD;&#xD;
2024-01-09 15:43:06.638+01:00 [     5] WARNING    - W&#xD;&#xD;
2024-01-09 15:43:06.638+01:00 [     5] WARNING    - W&#xD;&#xD;
2024-01-09 15:43:06.638+01:00 [     5] WARNING    - W&#xD;&#xD;
2024-01-09 15:43:06.638+01:00 [     5] WARNING    - W&#xD;&#xD;
2024-01-09 15:43:06.638+01:00 [     5] WARNING    - W&#xD;&#xD;
2024-01-09 15:43:06.638+01:00 [     5] WARNING    - W&#xD;&#xD;
2024-01-09 15:43:06.638+01:00 [     5] WARNING    - W&#xD;&#xD;
2024-01-09 15:43:06.638+01:00 [     5] WARNING    - W&#xD;&#xD;
2024-01-09 15:43:06.638+01:00 [     5] WARNING    - W&#xD;&#xD;
2024-01-09 15:43:06.638+01:00 [     5] WARNING    - W&#xD;&#xD;
2024-01-09 15:43:06.638+01:00 [     5] WARNING    - W&#xD;&#xD;
2024-01-09 15:43:06.638+01:00 [     5] WARNING    - W&#xD;&#xD;
2024-01-09 15:43:06.638+01:00 [     5] WARNING    - W&#xD;&#xD;
2024-01-09 15:43:06.638+01:00 [     5] WARNING    - W&#xD;&#xD;
2024-01-09 15:43:06.638+01:00 [     5] WARNING    - W&#xD;&#xD;
2024-01-09 15:43:06.638+01:00 [     5] WARNING    - W&#xD;&#xD;
2024-01-09 15:43:06.638+01:00 [     5] WARNING    - W&#xD;&#xD;
2024-01-09 15:43:06.638+01:00 [     5] WARNING    - W&#xD;&#xD;
2024-01-09 15:43:06.638+01:00 [     5] WARNING    - W&#xD;&#xD;
2024-01-09 15:43:06.638+01:00 [     5] WARNING    - W&#xD;&#xD;
2024-01-09 15:43:06.638+01:00 [     5] WARNING    - W&#xD;&#xD;
2024-01-09 15:43:06.638+01:00 [     5] WARNING    - W&#xD;&#xD;
2024-01-09 15:43:06.638+01:00 [     5] WARNING    - W&#xD;&#xD;
2024-01-09 15:43:06.638+01:00 [     5] WARNING    - W&#xD;&#xD;
2024-01-09 15:43:06.638+01:00 [     5] WARNING    - W&#xD;&#xD;
2024-01-09 15:43:06.638+01:00 [     5] WARNING    - W&#xD;&#xD;
2024-01-09 15:43:06.638+01:00 [     5] WARNING    - W&#xD;&#xD;
2024-01-09 15:43:06.638+01:00 [     5] WARNING    - W&#xD;&#xD;
2024-01-09 15:43:06.638+01:00 [     5] WARNING    - W&#xD;&#xD;
2024-01-09 15:43:06.638+01:00 [     5] WARNING    - W&#xD;&#xD;
2024-01-09 15:43:06.638+01:00 [     5] WARNING    - W&#xD;&#xD;
2024-01-09 15:43:06.638+01:00 [     5] WARNING    - W&#xD;&#xD;
2024-01-09 15:43:06.638+01:00 [     5] WARNING    - W&#xD;&#xD;
2024-01-09 15:43:06.638+01:00 [     5] WARNING    - W&#xD;&#xD;
2024-01-09 15:43:06.638+01:00 [     5] WARNING    - W&#xD;&#xD;
2024-01-09 15:43:06.638+01:00 [     5] WARNING    - W&#xD;&#xD;
2024-01-09 15:43:06.638+01:00 [     5] WARNING    - W&#xD;&#xD;
2024-01-09 15:43:06.638+01:00 [     5] WARNING    - W&#xD;&#xD;
2024-01-09 15:43:06.638+01:00 [     5] WARNING    - W&#xD;&#xD;
2024-01-09 15:43:06.638+01:00 [     5] WARNING    - W&#xD;&#xD;
2024-01-09 15:43:06.638+01:00 [     5] WARNING    - W&#xD;&#xD;
2024-01-09 15:43:06.638+01:00 [     5] WARNING    - W&#xD;&#xD;
2024-01-09 15:43:06.638+01:00 [     5] WARNING    - W&#xD;&#xD;
2024-01-09 15:43:06.638+01:00 [     5] WARNING    - W&#xD;&#xD;
2024-01-09 15:43:06.638+01:00 [     5] WARNING    - W&#xD;&#xD;
2024-01-09 15:43:06.638+01:00 [     5] WARNING    - W&#xD;&#xD;
2024-01-09 15:43:06.638+01:00 [     5] WARNING    - W&#xD;&#xD;
2024-01-09 15:43:06.638+01:00 [     5] WARNING    - W&#xD;&#xD;
2024-01-09 15:43:06.638+01:00 [     5] WARNING    - W&#xD;&#xD;
2024-01-09 15:43:06.638+01:00 [     5] WARNING    - W&#xD;&#xD;
2024-01-09 15:43:06.638+01:00 [     5] WARNING    - W&#xD;&#xD;
2024-01-09 15:43:06.638+01:00 [     5] WARNING    - W&#xD;&#xD;
2024-01-09 15:43:06.638+01:00 [     5] WARNING    - W&#xD;&#xD;
2024-01-09 15:43:06.638+01:00 [     5] WARNING    - W&#xD;&#xD;
2024-01-09 15:43:06.638+01:00 [     5] WARNING    - W&#xD;&#xD;
2024-01-09 15:43:06.638+01:00 [     5] WARNING    - W&#xD;&#xD;
2024-01-09 15:43:06.638+01:00 [     5] WARNING    - W&#xD;&#xD;
2024-01-09 15:43:06.638+01:00 [     5] WARNING    - W&#xD;&#xD;
2024-01-09 15:43:06.638+01:00 [     5] WARNING    - W&#xD;&#xD;
2024-01-09 15:43:06.638+01:00 [     5] WARNING    - W&#xD;&#xD;
2024-01-09 15:43:06.638+01:00 [     5] WARNING    - W&#xD;&#xD;
2024-01-09 15:43:06.638+01:00 [     5] WARNING    - W&#xD;&#xD;
2024-01-09 15:43:06.638+01:00 [     5] WARNING    - W&#xD;&#xD;
2024-01-09 15:43:06.638+01:00 [     5] WARNING    - W&#xD;&#xD;
2024-01-09 15:43:06.638+01:00 [     5] WARNING    - W&#xD;&#xD;
2024-01-09 15:43:06.638+01:00 [     5] WARNING    - W&#xD;&#xD;
2024-01-09 15:43:06.638+01:00 [     5] WARNING    - W&#xD;&#xD;
2024-01-09 15:43:06.638+01:00 [     5] WARNING    - W&#xD;&#xD;
2024-01-09 15:43:06.638+01:00 [     5] WARNING    - W&#xD;&#xD;
2024-01-09 15:43:06.638+01:00 [     5] WARNING    - W&#xD;&#xD;
2024-01-09 15:43:06.638+01:00 [     5] WARNING    - W&#xD;&#xD;
2024-01-09 15:43:06.638+01:00 [     5] WARNING    - W&#xD;&#xD;
2024-01-09 15:43:06.638+01:00 [     5] WARNING    - W&#xD;&#xD;
2024-01-09 15:43:06.638+01:00 [     5] WARNING    - W&#xD;&#xD;
2024-01-09 15:43:06.638+01:00 [     5] WARNING    - W&#xD;&#xD;
2024-01-09 15:43:06.638+01:00 [     5] WARNING    - W&#xD;&#xD;
2024-01-09 15:43:06.638+01:00 [     5] WARNING    - W&#xD;&#xD;
2024-01-09 15:43:06.638+01:00 [     5] WARNING    - W&#xD;&#xD;
2024-01-09 15:43:06.638+01:00 [     5] WARNING    - W&#xD;&#xD;
2024-01-09 15:43:06.638+01:00 [     5] WARNING    - W&#xD;&#xD;
2024-01-09 15:43:06.638+01:00 [     5] WARNING    - W&#xD;&#xD;
2024-01-09 15:43:06.638+01:00 [     5] WARNING    - W&#xD;&#xD;
2024-01-09 15:43:06.638+01:00 [     5] WARNING    - W&#xD;&#xD;
2024-01-09 15:43:06.638+01:00 [     5] WARNING    - W&#xD;&#xD;
2024-01-09 15:43:06.638+01:00 [     5] WARNING    - W&#xD;&#xD;
2024-01-09 15:43:06.638+01:00 [     5] WARNING    - W&#xD;&#xD;
2024-01-09 15:43:06.638+01:00 [     5] WARNING    - W&#xD;&#xD;
2024-01-09 15:43:06.638+01:00 [     5] WARNING    - W&#xD;&#xD;
2024-01-09 15:43:06.638+01:00 [     5] WARNING    - W&#xD;&#xD;
2024-01-09 15:43:06.638+01:00 [     5] WARNING    - W&#xD;&#xD;
2024-01-09 15:43:06.638+01:00 [     5] WARNING    - W&#xD;&#xD;
2024-01-09 15:43:06.638+01:00 [     5] WARNING    - W&#xD;&#xD;
2024-01-09 15:43:06.638+01:00 [     5] WARNING    - W&#xD;&#xD;
2024-01-09 15:43:06.638+01:00 [     5] WARNING    - W&#xD;&#xD;
2024-01-09 15:43:06.638+01:00 [     5] WARNING    - W&#xD;&#xD;
2024-01-09 15:43:06.638+01:00 [     5] WARNING    - W&#xD;&#xD;
2024-01-09 15:43:06.638+01:00 [     5] WARNING    - W&#xD;&#xD;
2024-01-09 15:43:06.638+01:00 [     5] WARNING    - W&#xD;&#xD;
2024-01-09 15:43:06.638+01:00 [     5] WARNING    - W&#xD;&#xD;
2024-01-09 15:43:06.638+01:00 [     5] WARNING    - W&#xD;&#xD;
2024-01-09 15:43:06.638+01:00 [     5] WARNING    - W&#xD;&#xD;
2024-01-09 15:43:06.638+01:00 [     5] WARNING    - W&#xD;&#xD;
2024-01-09 15:43:06.638+01:00 [     5] WARNING    - W&#xD;&#xD;
2024-01-09 15:43:06.638+01:00 [     5] WARNING    - W&#xD;&#xD;
2024-01-09 15:43:06.638+01:00 [     5] WARNING    - W&#xD;&#xD;
2024-01-09 15:43:06.638+01:00 [     5] WARNING    - W&#xD;&#xD;
2024-01-09 15:43:06.638+01:00 [     5] WARNING    - W&#xD;&#xD;
2024-01-09 15:43:06.638+01:00 [     5] WARNING    - W&#xD;&#xD;
2024-01-09 15:43:06.638+01:00 [     5] WARNING    - W&#xD;&#xD;
2024-01-09 15:43:06.638+01:00 [     5] WARNING    - W&#xD;&#xD;
2024-01-09 15:43:06.638+01:00 [     5] WARNING    - W&#xD;&#xD;
2024-01-09 15:43:06.638+01:00 [     5] WARNING    - W&#xD;&#xD;
2024-01-09 15:43:06.638+01:00 [     5] WARNING    - W&#xD;&#xD;
2024-01-09 15:43:06.638+01:00 [     5] WARNING    - W&#xD;&#xD;
2024-01-09 15:43:06.638+01:00 [     5] WARNING    - W&#xD;&#xD;
2024-01-09 15:43:06.638+01:00 [     5] WARNING    - W&#xD;&#xD;
2024-01-09 15:43:06.638+01:00 [     5] WARNING    - W&#xD;&#xD;
2024-01-09 15:43:06.638+01:00 [     5] WARNING    - W&#xD;&#xD;
2024-01-09 15:43:06.638+01:00 [     5] WARNING    - W&#xD;&#xD;
2024-01-09 15:43:06.638+01:00 [     5] WARNING    - W&#xD;&#xD;
2024-01-09 15:43:06.638+01:00 [     5] WARNING    - W&#xD;&#xD;
2024-01-09 15:43:06.638+01:00 [     5] WARNING    - W&#xD;&#xD;
2024-01-09 15:43:06.638+01:00 [     5] WARNING    - W&#xD;&#xD;
2024-01-09 15:43:06.638+01:00 [     5] WARNING    - W&#xD;&#xD;
2024-01-09 15:43:06.638+01:00 [     5] WARNING    - W&#xD;&#xD;
2024-01-09 15:43:06.638+01:00 [     5] WARNING    - W&#xD;&#xD;
2024-01-09 15:43:06.638+01:00 [     5] WARNING    - W&#xD;&#xD;
2024-01-09 15:43:06.638+01:00 [     5] WARNING    - W&#xD;&#xD;
2024-01-09 15:43:06.638+01:00 [     5] WARNING    - W&#xD;&#xD;
2024-01-09 15:43:06.638+01:00 [     5] WARNING    - W&#xD;&#xD;
2024-01-09 15:43:06.638+01:00 [     5] WARNING    - W&#xD;&#xD;
2024-01-09 15:43:06.638+01:00 [     5] WARNING    - W&#xD;&#xD;
2024-01-09 15:43:06.638+01:00 [     5] WARNING    - W&#xD;&#xD;
2024-01-09 15:43:06.638+01:00 [     5] WARNING    - W&#xD;&#xD;
2024-01-09 15:43:06.638+01:00 [     5] WARNING    - W&#xD;&#xD;
2024-01-09 15:43:06.638+01:00 [     5] WARNING    - W&#xD;&#xD;
2024-01-09 15:43:06.638+01:00 [     5] WARNING    - W&#xD;&#xD;
2024-01-09 15:43:06.638+01:00 [     5] WARNING    - W&#xD;&#xD;
2024-01-09 15:43:06.638+01:00 [     5] WARNING    - W&#xD;&#xD;
2024-01-09 15:43:06.638+01:00 [     5] WARNING    - W&#xD;&#xD;
2024-01-09 15:43:06.638+01:00 [     5] WARNING    - W&#xD;&#xD;
2024-01-09 15:43:06.638+01:00 [     5] WARNING    - W&#xD;&#xD;
2024-01-09 15:43:06.638+01:00 [     5] WARNING    - W&#xD;&#xD;
2024-01-09 15:43:06.638+01:00 [     5] WARNING    - W&#xD;&#xD;
2024-01-09 15:43:06.638+01:00 [     5] WARNING    - W&#xD;&#xD;
2024-01-09 15:43:06.638+01:00 [     5] WARNING    - W&#xD;&#xD;
2024-01-09 15:43:06.638+01:00 [     5] WARNING    - W&#xD;&#xD;
2024-01-09 15:43:06.638+01:00 [     5] WARNING    - W&#xD;&#xD;
2024-01-09 15:43:06.638+01:00 [     5] WARNING    - W&#xD;&#xD;
2024-01-09 15:43:06.638+01:00 [     5] WARNING    - W&#xD;&#xD;
2024-01-09 15:43:06.638+01:00 [     5] WARNING    - W&#xD;&#xD;
2024-01-09 15:43:06.638+01:00 [     5] WARNING    - W&#xD;&#xD;
2024-01-09 15:43:06.638+01:00 [     5] WARNING    - W&#xD;&#xD;
2024-01-09 15:43:06.638+01:00 [     5] WARNING    - W&#xD;&#xD;
2024-01-09 15:43:06.638+01:00 [     5] WARNING    - W&#xD;&#xD;
2024-01-09 15:43:06.638+01:00 [     5] WARNING    - W&#xD;&#xD;
2024-01-09 15:43:06.638+01:00 [     5] WARNING    - W&#xD;&#xD;
2024-01-09 15:43:06.638+01:00 [     5] WARNING    - W&#xD;&#xD;
2024-01-09 15:43:06.638+01:00 [     5] WARNING    - W&#xD;&#xD;
2024-01-09 15:43:06.638+01:00 [     5] WARNING    - W&#xD;&#xD;
2024-01-09 15:43:06.638+01:00 [     5] WARNING    - W&#xD;&#xD;
2024-01-09 15:43:06.638+01:00 [     5] WARNING    - W&#xD;&#xD;
2024-01-09 15:43:06.638+01:00 [     5] WARNING    - W&#xD;&#xD;
2024-01-09 15:43:06.638+01:00 [     5] WARNING    - W&#xD;&#xD;
2024-01-09 15:43:06.638+01:00 [     5] WARNING    - W&#xD;&#xD;
2024-01-09 15:43:06.638+01:00 [     5] WARNING    - W&#xD;&#xD;
2024-01-09 15:43:06.638+01:00 [     5] WARNING    - W&#xD;&#xD;
2024-01-09 15:43:06.638+01:00 [     5] WARNING    - W&#xD;&#xD;
2024-01-09 15:43:06.638+01:00 [     5] WARNING    - W&#xD;&#xD;
2024-01-09 15:43:06.638+01:00 [     5] WARNING    - W&#xD;&#xD;
2024-01-09 15:43:06.638+01:00 [     5] WARNING    - W&#xD;&#xD;
2024-01-09 15:43:06.638+01:00 [     5] WARNING    - W&#xD;&#xD;
2024-01-09 15:43:06.638+01:00 [     5] WARNING    - W&#xD;&#xD;
2024-01-09 15:43:06.638+01:00 [     5] WARNING    - W&#xD;&#xD;
2024-01-09 15:43:06.638+01:00 [     5] WARNING    - W&#xD;&#xD;
2024-01-09 15:43:06.638+01:00 [     5] WARNING    - W&#xD;&#xD;
2024-01-09 15:43:06.638+01:00 [     5] WARNING    - W&#xD;&#xD;
2024-01-09 15:43:06.638+01:00 [     5] WARNING    - W&#xD;&#xD;
2024-01-09 15:43:06.638+01:00 [     5] WARNING    - W&#xD;&#xD;
2024-01-09 15:43:06.638+01:00 [     5] WARNING    - W&#xD;&#xD;
2024-01-09 15:43:06.638+01:00 [     5] WARNING    - W&#xD;&#xD;
2024-01-09 15:43:06.638+01:00 [     5] WARNING    - W&#xD;&#xD;
2024-01-09 15:43:06.638+01:00 [     5] WARNING    - W&#xD;&#xD;
2024-01-09 15:43:06.638+01:00 [     5] WARNING    - W&#xD;&#xD;
2024-01-09 15:43:06.638+01:00 [     5] WARNING    - W&#xD;&#xD;
2024-01-09 15:43:06.638+01:00 [     5] WARNING    - W&#xD;&#xD;
2024-01-09 15:43:06.638+01:00 [     5] WARNING    - W&#xD;&#xD;
2024-01-09 15:43:06.638+01:00 [     5] WARNING    - W&#xD;&#xD;
2024-01-09 15:43:06.638+01:00 [     5] WARNING    - W&#xD;&#xD;
2024-01-09 15:43:06.638+01:00 [     5] WARNING    - W&#xD;&#xD;
2024-01-09 15:43:06.638+01:00 [     5] WARNING    - W&#xD;&#xD;
2024-01-09 15:43:06.638+01:00 [     5] WARNING    - W&#xD;&#xD;
2024-01-09 15:43:06.638+01:00 [     5] WARNING    - W&#xD;&#xD;
2024-01-09 15:43:06.638+01:00 [     5] WARNING    - W&#xD;&#xD;
2024-01-09 15:43:06.638+01:00 [     5] WARNING    - W&#xD;&#xD;
2024-01-09 15:43:06.638+01:00 [     5] WARNING    - W&#xD;&#xD;
2024-01-09 15:43:06.638+01:00 [     5] WARNING    - W&#xD;&#xD;
2024-01-09 15:43:06.638+01:00 [     5] WARNING    - W&#xD;&#xD;
2024-01-09 15:43:06.638+01:00 [     5] WARNING    - W&#xD;&#xD;
2024-01-09 15:43:06.638+01:00 [     5] WARNING    - W&#xD;&#xD;
2024-01-09 15:43:06.638+01:00 [     5] WARNING    - W&#xD;&#xD;
2024-01-09 15:43:06.638+01:00 [     5] WARNING    - W&#xD;&#xD;
2024-01-09 15:43:06.638+01:00 [     5] WARNING    - W&#xD;&#xD;
2024-01-09 15:43:06.638+01:00 [     5] WARNING    - W&#xD;&#xD;
2024-01-09 15:43:06.638+01:00 [     5] WARNING    - W&#xD;&#xD;
2024-01-09 15:43:06.638+01:00 [     5] WARNING    - W&#xD;&#xD;
2024-01-09 15:43:06.638+01:00 [     5] WARNING    - W&#xD;&#xD;
2024-01-09 15:43:06.638+01:00 [     5] WARNING    - W&#xD;&#xD;
2024-01-09 15:43:06.638+01:00 [     5] WARNING    - W&#xD;&#xD;
2024-01-09 15:43:06.638+01:00 [     5] WARNING    - W&#xD;&#xD;
2024-01-09 15:43:06.638+01:00 [     5] WARNING    - W&#xD;&#xD;
2024-01-09 15:43:06.638+01:00 [     5] WARNING    - W&#xD;&#xD;
2024-01-09 15:43:06.638+01:00 [     5] WARNING    - W&#xD;&#xD;
2024-01-09 15:43:06.638+01:00 [     5] WARNING    - W&#xD;&#xD;
2024-01-09 15:43:06.638+01:00 [     5] WARNING    - W&#xD;&#xD;
2024-01-09 15:43:06.638+01:00 [     5] WARNING    - W&#xD;&#xD;
2024-01-09 15:43:06.638+01:00 [     5] WARNING    - W&#xD;&#xD;
2024-01-09 15:43:06.638+01:00 [     5] WARNING    - W&#xD;&#xD;
2024-01-09 15:43:06.638+01:00 [     5] WARNING    - W&#xD;&#xD;
2024-01-09 15:43:06.638+01:00 [     5] WARNING    - W&#xD;&#xD;
2024-01-09 15:43:06.638+01:00 [     5] WARNING    - W&#xD;&#xD;
2024-01-09 15:43:06.638+01:00 [     5] WARNING    - W&#xD;&#xD;
2024-01-09 15:43:06.638+01:00 [     5] WARNING    - W&#xD;&#xD;
2024-01-09 15:43:06.638+01:00 [     5] WARNING    - W&#xD;&#xD;
2024-01-09 15:43:06.638+01:00 [     5] WARNING    - W&#xD;&#xD;
2024-01-09 15:43:06.638+01:00 [     5] WARNING    - W&#xD;&#xD;
2024-01-09 15:43:06.638+01:00 [     5] WARNING    - W&#xD;&#xD;
2024-01-09 15:43:06.638+01:00 [     5] WARNING    - W&#xD;&#xD;
2024-01-09 15:43:06.638+01:00 [     5] WARNING    - W&#xD;&#xD;
2024-01-09 15:43:06.638+01:00 [     5] WARNING    - W&#xD;&#xD;
2024-01-09 15:43:06.638+01:00 [     5] WARNING    - W&#xD;&#xD;
2024-01-09 15:43:06.638+01:00 [     5] WARNING    - W&#xD;&#xD;
2024-01-09 15:43:06.638+01:00 [     5] WARNING    - W&#xD;&#xD;
2024-01-09 15:43:06.638+01:00 [     5] WARNING    - W&#xD;&#xD;
2024-01-09 15:43:06.638+01:00 [     5] WARNING    - W&#xD;&#xD;
2024-01-09 15:43:06.638+01:00 [     5] WARNING    - W&#xD;&#xD;
2024-01-09 15:43:06.638+01:00 [     5] WARNING    - W&#xD;&#xD;
2024-01-09 15:43:06.638+01:00 [     5] WARNING    - W&#xD;&#xD;
2024-01-09 15:43:06.638+01:00 [     5] WARNING    - W&#xD;&#xD;
2024-01-09 15:43:06.638+01:00 [     5] WARNING    - W&#xD;&#xD;
2024-01-09 15:43:06.638+01:00 [     5] WARNING    - W&#xD;&#xD;
2024-01-09 15:43:06.638+01:00 [     5] WARNING    - W&#xD;&#xD;
2024-01-09 15:43:06.638+01:00 [     5] WARNING    - W&#xD;&#xD;
2024-01-09 15:43:06.638+01:00 [     5] WARNING    - W&#xD;&#xD;
2024-01-09 15:43:06.638+01:00 [     5] WARNING    - W&#xD;&#xD;
2024-01-09 15:43:06.638+01:00 [     5] WARNING    - W&#xD;&#xD;
2024-01-09 15:43:06.638+01:00 [     5] WARNING    - W&#xD;&#xD;
2024-01-09 15:43:06.638+01:00 [     5] WARNING    - W&#xD;&#xD;
2024-01-09 15:43:06.638+01:00 [     5] WARNING    - W&#xD;&#xD;
2024-01-09 15:43:06.638+01:00 [     5] WARNING    - W&#xD;&#xD;
2024-01-09 15:43:06.638+01:00 [     5] WARNING    - W&#xD;&#xD;
2024-01-09 15:43:06.638+01:00 [     5] WARNING    - W&#xD;&#xD;
2024-01-09 15:43:06.638+01:00 [     5] WARNING    - W&#xD;&#xD;
2024-01-09 15:43:06.638+01:00 [     5] WARNING    - W&#xD;&#xD;
2024-01-09 15:43:06.638+01:00 [     5] WARNING    - W&#xD;&#xD;
2024-01-09 15:43:06.638+01:00 [     5] WARNING    - W&#xD;&#xD;
2024-01-09 15:43:06.638+01:00 [     5] WARNING    - W&#xD;&#xD;
2024-01-09 15:43:06.638+01:00 [     5] WARNING    - W&#xD;&#xD;
2024-01-09 15:43:06.638+01:00 [     5] WARNING    - W&#xD;&#xD;
2024-01-09 15:43:06.638+01:00 [     5] WARNING    - W&#xD;&#xD;
2024-01-09 15:43:06.638+01:00 [     5] WARNING    - W&#xD;&#xD;
2024-01-09 15:43:06.638+01:00 [     5] WARNING    - W&#xD;&#xD;
2024-01-09 15:43:06.638+01:00 [     5] WARNING    - W&#xD;&#xD;
2024-01-09 15:43:06.638+01:00 [     5] WARNING    - W&#xD;&#xD;
2024-01-09 15:43:06.638+01:00 [     5] WARNING    - W&#xD;&#xD;
2024-01-09 15:43:06.638+01:00 [     5] WARNING    - W&#xD;&#xD;
2024-01-09 15:43:06.638+01:00 [     5] WARNING    - W&#xD;&#xD;
2024-01-09 15:43:06.638+01:00 [     5] WARNING    - W&#xD;&#xD;
2024-01-09 15:43:06.638+01:00 [     5] WARNING    - W&#xD;&#xD;
2024-01-09 15:43:06.638+01:00 [     5] WARNING    - W&#xD;&#xD;
2024-01-09 15:43:06.638+01:00 [     5] WARNING    - W&#xD;&#xD;
2024-01-09 15:43:06.638+01:00 [     5] WARNING    - W&#xD;&#xD;
2024-01-09 15:43:06.638+01:00 [     5] WARNING    - W&#xD;&#xD;
2024-01-09 15:43:06.638+01:00 [     5] WARNING    - W&#xD;&#xD;
2024-01-09 15:43:06.638+01:00 [     5] WARNING    - W&#xD;&#xD;
2024-01-09 15:43:06.638+01:00 [     5] WARNING    - W&#xD;&#xD;
2024-01-09 15:43:06.638+01:00 [     5] WARNING    - W&#xD;&#xD;
2024-01-09 15:43:06.638+01:00 [     5] WARNING    - W&#xD;&#xD;
2024-01-09 15:43:06.638+01:00 [     5] WARNING    - W&#xD;&#xD;
2024-01-09 15:43:06.638+01:00 [     5] WARNING    - W&#xD;&#xD;
2024-01-09 15:43:06.638+01:00 [     5] WARNING    - W&#xD;&#xD;
2024-01-09 15:43:06.638+01:00 [     5] WARNING    - W&#xD;&#xD;
2024-01-09 15:43:06.638+01:00 [     5] WARNING    - W&#xD;&#xD;
2024-01-09 15:43:06.638+01:00 [     5] WARNING    - W&#xD;&#xD;
2024-01-09 15:43:06.638+01:00 [     5] WARNING    - W&#xD;&#xD;
2024-01-09 15:43:06.638+01:00 [     5] WARNING    - W&#xD;&#xD;
2024-01-09 15:43:06.638+01:00 [     5] WARNING    - W&#xD;&#xD;
2024-01-09 15:43:06.638+01:00 [     5] WARNING    - W&#xD;&#xD;
2024-01-09 15:43:06.638+01:00 [     5] WARNING    - W&#xD;&#xD;
2024-01-09 15:43:06.638+01:00 [     5] WARNING    - W&#xD;&#xD;
2024-01-09 15:43:06.638+01:00 [     5] WARNING    - W&#xD;&#xD;
2024-01-09 15:43:06.638+01:00 [     5] WARNING    - W&#xD;&#xD;
2024-01-09 15:43:06.638+01:00 [     5] WARNING    - W&#xD;&#xD;
2024-01-09 15:43:06.638+01:00 [     5] WARNING    - W&#xD;&#xD;
2024-01-09 15:43:06.638+01:00 [     5] WARNING    - W&#xD;&#xD;
2024-01-09 15:43:06.638+01:00 [     5] WARNING    - W&#xD;&#xD;
2024-01-09 15:43:06.638+01:00 [     5] WARNING    - W&#xD;&#xD;
2024-01-09 15:43:06.638+01:00 [     5] WARNING    - W&#xD;&#xD;
2024-01-09 15:43:06.638+01:00 [     5] WARNING    - W&#xD;&#xD;
2024-01-09 15:43:06.638+01:00 [     5] WARNING    - W&#xD;&#xD;
2024-01-09 15:43:06.638+01:00 [     5] WARNING    - W&#xD;&#xD;
2024-01-09 15:43:06.638+01:00 [     5] WARNING    - W&#xD;&#xD;
2024-01-09 15:43:06.638+01:00 [     5] WARNING    - W&#xD;&#xD;
2024-01-09 15:43:06.638+01:00 [     5] WARNING    - W&#xD;&#xD;
2024-01-09 15:43:06.638+01:00 [     5] WARNING    - W&#xD;&#xD;
2024-01-09 15:43:06.638+01:00 [     5] WARNING    - W&#xD;&#xD;
2024-01-09 15:43:06.638+01:00 [     5] WARNING    - W&#xD;&#xD;
2024-01-09 15:43:06.638+01:00 [     5] WARNING    - W&#xD;&#xD;
2024-01-09 15:43:06.638+01:00 [     5] WARNING    - W&#xD;&#xD;
2024-01-09 15:43:06.638+01:00 [     5] WARNING    - W&#xD;&#xD;
2024-01-09 15:43:06.638+01:00 [     5] WARNING    - W&#xD;&#xD;
2024-01-09 15:43:06.638+01:00 [     5] WARNING    - W&#xD;&#xD;
2024-01-09 15:43:06.638+01:00 [     5] WARNING    - W&#xD;&#xD;
2024-01-09 15:43:06.638+01:00 [     5] WARNING    - W&#xD;&#xD;
2024-01-09 15:43:06.638+01:00 [     5] WARNING    - W&#xD;&#xD;
2024-01-09 15:43:06.638+01:00 [     5] WARNING    - W&#xD;&#xD;
2024-01-09 15:43:06.638+01:00 [     5] WARNING    - W&#xD;&#xD;
2024-01-09 15:43:06.638+01:00 [     5] WARNING    - W&#xD;&#xD;
2024-01-09 15:43:06.638+01:00 [     5] WARNING    - W&#xD;&#xD;
2024-01-09 15:43:06.638+01:00 [     5] WARNING    - W&#xD;&#xD;
2024-01-09 15:43:06.638+01:00 [     5] WARNING    - W&#xD;&#xD;
2024-01-09 15:43:06.638+01:00 [     5] WARNING    - W&#xD;&#xD;
2024-01-09 15:43:06.638+01:00 [     5] WARNING    - W&#xD;&#xD;
2024-01-09 15:43:06.638+01:00 [     5] WARNING    - W&#xD;&#xD;
2024-01-09 15:43:06.638+01:00 [     5] WARNING    - W&#xD;&#xD;
2024-01-09 15:43:06.638+01:00 [     5] WARNING    - W&#xD;&#xD;
2024-01-09 15:43:06.638+01:00 [     5] WARNING    - W&#xD;&#xD;
2024-01-09 15:43:06.638+01:00 [     5] WARNING    - W&#xD;&#xD;
2024-01-09 15:43:06.638+01:00 [     5] WARNING    - W&#xD;&#xD;
2024-01-09 15:43:06.638+01:00 [     5] WARNING    - W&#xD;&#xD;
2024-01-09 15:43:06.638+01:00 [     5] WARNING    - W&#xD;&#xD;
2024-01-09 15:43:06.638+01:00 [     5] WARNING    - W&#xD;&#xD;
2024-01-09 15:43:06.638+01:00 [     5] WARNING    - W&#xD;&#xD;
2024-01-09 15:43:06.638+01:00 [     5] WARNING    - W&#xD;&#xD;
2024-01-09 15:43:06.638+01:00 [     5] WARNING    - W&#xD;&#xD;
2024-01-09 15:43:06.638+01:00 [     5] WARNING    - W&#xD;&#xD;
2024-01-09 15:43:06.638+01:00 [     5] WARNING    - W&#xD;&#xD;
2024-01-09 15:43:06.638+01:00 [     5] WARNING    - W&#xD;&#xD;
2024-01-09 15:43:06.638+01:00 [     5] WARNING    - W&#xD;&#xD;
2024-01-09 15:43:06.638+01:00 [     5] WARNING    - W&#xD;&#xD;
2024-01-09 15:43:06.638+01:00 [     5] WARNING    - W&#xD;&#xD;
2024-01-09 15:43:06.638+01:00 [     5] WARNING    - W&#xD;&#xD;
2024-01-09 15:43:06.638+01:00 [     5] WARNING    - W&#xD;&#xD;
2024-01-09 15:43:06.638+01:00 [     5] WARNING    - W&#xD;&#xD;
2024-01-09 15:43:06.638+01:00 [     5] WARNING    - W&#xD;&#xD;
2024-01-09 15:43:06.638+01:00 [     5] WARNING    - W&#xD;&#xD;
2024-01-09 15:43:06.638+01:00 [     5] WARNING    - W&#xD;&#xD;
2024-01-09 15:43:06.638+01:00 [     5] WARNING    - W&#xD;&#xD;
2024-01-09 15:43:06.638+01:00 [     5] WARNING    - W&#xD;&#xD;
2024-01-09 15:43:06.638+01:00 [     5] WARNING    - W&#xD;&#xD;
2024-01-09 15:43:06.638+01:00 [     5] WARNING    - W&#xD;&#xD;
2024-01-09 15:43:06.638+01:00 [     5] WARNING    - W&#xD;&#xD;
2024-01-09 15:43:06.638+01:00 [     5] WARNING    - W&#xD;&#xD;
2024-01-09 15:43:06.638+01:00 [     5] WARNING    - W&#xD;&#xD;
2024-01-09 15:43:06.638+01:00 [     5] WARNING    - W&#xD;&#xD;
2024-01-09 15:43:06.638+01:00 [     5] WARNING    - W&#xD;&#xD;
2024-01-09 15:43:06.638+01:00 [     5] WARNING    - W&#xD;&#xD;
2024-01-09 15:43:06.638+01:00 [     5] WARNING    - W&#xD;&#xD;
2024-01-09 15:43:06.638+01:00 [     5] WARNING    - W&#xD;&#xD;
2024-01-09 15:43:06.638+01:00 [     5] WARNING    - W&#xD;&#xD;
2024-01-09 15:43:06.638+01:00 [     5] WARNING    - W&#xD;&#xD;
2024-01-09 15:43:06.638+01:00 [     5] WARNING    - W&#xD;&#xD;
2024-01-09 15:43:06.638+01:00 [     5] WARNING    - W&#xD;&#xD;
2024-01-09 15:43:06.638+01:00 [     5] WARNING    - W&#xD;&#xD;
2024-01-09 15:43:06.638+01:00 [     5] WARNING    - W&#xD;&#xD;
2024-01-09 15:43:06.638+01:00 [     5] WARNING    - W&#xD;&#xD;
2024-01-09 15:43:06.638+01:00 [     5] WARNING    - W&#xD;&#xD;
2024-01-09 15:43:06.638+01:00 [     5] WARNING    - W&#xD;&#xD;
2024-01-09 15:43:06.638+01:00 [     5] WARNING    - W&#xD;&#xD;
2024-01-09 15:43:06.638+01:00 [     5] WARNING    - W&#xD;&#xD;
2024-01-09 15:43:06.638+01:00 [     5] WARNING    - W&#xD;&#xD;
2024-01-09 15:43:06.638+01:00 [     5] WARNING    - W&#xD;&#xD;
2024-01-09 15:43:06.638+01:00 [     5] WARNING    - W&#xD;&#xD;
2024-01-09 15:43:06.638+01:00 [     5] WARNING    - W&#xD;&#xD;
2024-01-09 15:43:06.638+01:00 [     5] WARNING    - W&#xD;&#xD;
2024-01-09 15:43:06.638+01:00 [     5] WARNING    - W&#xD;&#xD;
2024-01-09 15:43:06.638+01:00 [     5] WARNING    - W&#xD;&#xD;
2024-01-09 15:43:06.638+01:00 [     5] WARNING    - W&#xD;&#xD;
2024-01-09 15:43:06.638+01:00 [     5] WARNING    - W&#xD;&#xD;
2024-01-09 15:43:06.638+01:00 [     5] WARNING    - W&#xD;&#xD;
2024-01-09 15:43:06.638+01:00 [     5] WARNING    - W&#xD;&#xD;
2024-01-09 15:43:06.638+01:00 [     5] WARNING    - W&#xD;&#xD;
2024-01-09 15:43:06.638+01:00 [     5] WARNING    - W&#xD;&#xD;
2024-01-09 15:43:06.638+01:00 [     5] WARNING    - W&#xD;&#xD;
2024-01-09 15:43:06.638+01:00 [     5] WARNING    - W&#xD;&#xD;
2024-01-09 15:43:06.638+01:00 [     5] WARNING    - W&#xD;&#xD;
2024-01-09 15:43:06.638+01:00 [     5] WARNING    - W&#xD;&#xD;
2024-01-09 15:43:06.638+01:00 [     5] WARNING    - W&#xD;&#xD;
2024-01-09 15:43:06.638+01:00 [     5] WARNING    - W&#xD;&#xD;
2024-01-09 15:43:06.638+01:00 [     5] WARNING    - W&#xD;&#xD;
2024-01-09 15:43:06.638+01:00 [     5] WARNING    - W&#xD;&#xD;
2024-01-09 15:43:06.638+01:00 [     5] WARNING    - W&#xD;&#xD;
2024-01-09 15:43:06.638+01:00 [     5] WARNING    - W&#xD;&#xD;
2024-01-09 15:43:06.638+01:00 [     5] WARNING    - W&#xD;&#xD;
2024-01-09 15:43:06.638+01:00 [     5] WARNING    - W&#xD;&#xD;
2024-01-09 15:43:06.638+01:00 [     5] WARNING    - W&#xD;&#xD;
2024-01-09 15:43:06.638+01:00 [     5] WARNING    - W&#xD;&#xD;
2024-01-09 15:43:06.638+01:00 [     5] WARNING    - W&#xD;&#xD;
2024-01-09 15:43:06.638+01:00 [     5] WARNING    - W&#xD;&#xD;
2024-01-09 15:43:06.638+01:00 [     5] WARNING    - W&#xD;&#xD;
2024-01-09 15:43:06.638+01:00 [     5] WARNING    - W&#xD;&#xD;
2024-01-09 15:43:06.638+01:00 [     5] WARNING    - W&#xD;&#xD;
2024-01-09 15:43:06.638+01:00 [     5] WARNING    - W&#xD;&#xD;
2024-01-09 15:43:06.638+01:00 [     5] WARNING    - W&#xD;&#xD;
2024-01-09 15:43:06.638+01:00 [     5] WARNING    - W&#xD;&#xD;
2024-01-09 15:43:06.638+01:00 [     5] WARNING    - W&#xD;&#xD;
2024-01-09 15:43:06.638+01:00 [     5] WARNING    - W&#xD;&#xD;
2024-01-09 15:43:06.638+01:00 [     5] WARNING    - W&#xD;&#xD;
2024-01-09 15:43:06.638+01:00 [     5] WARNING    - W&#xD;&#xD;
2024-01-09 15:43:06.638+01:00 [     5] WARNING    - W&#xD;&#xD;
2024-01-09 15:43:06.638+01:00 [     5] WARNING    - W&#xD;&#xD;
2024-01-09 15:43:06.638+01:00 [     5] WARNING    - W&#xD;&#xD;
2024-01-09 15:43:06.638+01:00 [     5] WARNING    - W&#xD;&#xD;
2024-01-09 15:43:06.638+01:00 [     5] WARNING    - W&#xD;&#xD;
2024-01-09 15:43:06.638+01:00 [     5] WARNING    - W&#xD;&#xD;
2024-01-09 15:43:06.638+01:00 [     5] WARNING    - W&#xD;&#xD;
2024-01-09 15:43:06.638+01:00 [     5] WARNING    - W&#xD;&#xD;
2024-01-09 15:43:06.638+01:00 [     5] WARNING    - W&#xD;&#xD;
2024-01-09 15:43:06.638+01:00 [     5] WARNING    - W&#xD;&#xD;
2024-01-09 15:43:06.638+01:00 [     5] WARNING    - W&#xD;&#xD;
2024-01-09 15:43:06.638+01:00 [     5] WARNING    - W&#xD;&#xD;
2024-01-09 15:43:06.638+01:00 [     5] WARNING    - W&#xD;&#xD;
2024-01-09 15:43:06.638+01:00 [     5] WARNING    - W&#xD;&#xD;
2024-01-09 15:43:06.638+01:00 [     5] WARNING    - W&#xD;&#xD;
2024-01-09 15:43:06.638+01:00 [     5] WARNING    - W&#xD;&#xD;
2024-01-09 15:43:06.638+01:00 [     5] WARNING    - W&#xD;&#xD;
2024-01-09 15:43:06.638+01:00 [     5] WARNING    - W&#xD;&#xD;
2024-01-09 15:43:06.638+01:00 [     5] WARNING    - W&#xD;&#xD;
2024-01-09 15:43:06.638+01:00 [     5] WARNING    - W&#xD;&#xD;
2024-01-09 15:43:06.638+01:00 [     5] WARNING    - W&#xD;&#xD;
2024-01-09 15:43:06.638+01:00 [     5] WARNING    - W&#xD;&#xD;
2024-01-09 15:43:06.638+01:00 [     5] WARNING    - W&#xD;&#xD;
2024-01-09 15:43:06.638+01:00 [     5] WARNING    - W&#xD;&#xD;
2024-01-09 15:43:06.638+01:00 [     5] WARNING    - W&#xD;&#xD;
2024-01-09 15:43:06.638+01:00 [     5] WARNING    - W&#xD;&#xD;
2024-01-09 15:43:06.638+01:00 [     5] WARNING    - W&#xD;&#xD;
2024-01-09 15:43:06.638+01:00 [     5] WARNING    - W&#xD;&#xD;
2024-01-09 15:43:06.638+01:00 [     5] WARNING    - W&#xD;&#xD;
2024-01-09 15:43:06.638+01:00 [     5] WARNING    - W&#xD;&#xD;
2024-01-09 15:43:06.638+01:00 [     5] WARNING    - W&#xD;&#xD;
2024-01-09 15:43:06.638+01:00 [     5] WARNING    - W&#xD;&#xD;
2024-01-09 15:43:06.638+01:00 [     5] WARNING    - W&#xD;&#xD;
2024-01-09 15:43:06.638+01:00 [     5] WARNING    - W&#xD;&#xD;
2024-01-09 15:43:06.638+01:00 [     5] WARNING    - W&#xD;&#xD;
2024-01-09 15:43:06.638+01:00 [     5] WARNING    - W&#xD;&#xD;
2024-01-09 15:43:06.638+01:00 [     5] WARNING    - W&#xD;&#xD;
2024-01-09 15:43:06.638+01:00 [     5] WARNING    - W&#xD;&#xD;
2024-01-09 15:43:06.638+01:00 [     5] WARNING    - W&#xD;&#xD;
2024-01-09 15:43:06.638+01:00 [     5] WARNING    - W&#xD;&#xD;
2024-01-09 15:43:06.638+01:00 [     5] WARNING    - W&#xD;&#xD;
2024-01-09 15:43:06.638+01:00 [     5] WARNING    - W&#xD;&#xD;
2024-01-09 15:43:06.638+01:00 [     5] WARNING    - W&#xD;&#xD;
2024-01-09 15:43:06.638+01:00 [     5] WARNING    - W&#xD;&#xD;
2024-01-09 15:43:06.638+01:00 [     5] WARNING    - W&#xD;&#xD;
2024-01-09 15:43:06.638+01:00 [     5] WARNING    - W&#xD;&#xD;
2024-01-09 15:43:06.638+01:00 [     5] WARNING    - W&#xD;&#xD;
2024-01-09 15:43:06.638+01:00 [     5] WARNING    - W&#xD;&#xD;
2024-01-09 15:43:06.638+01:00 [     5] WARNING    - W&#xD;&#xD;
2024-01-09 15:43:06.638+01:00 [     5] WARNING    - W&#xD;&#xD;
2024-01-09 15:43:06.638+01:00 [     5] WARNING    - W&#xD;&#xD;
2024-01-09 15:43:06.638+01:00 [     5] WARNING    - W&#xD;&#xD;
2024-01-09 15:43:06.638+01:00 [     5] WARNING    - W&#xD;&#xD;
2024-01-09 15:43:06.638+01:00 [     5] WARNING    - W&#xD;&#xD;
2024-01-09 15:43:06.638+01:00 [     5] WARNING    - W&#xD;&#xD;
2024-01-09 15:43:06.638+01:00 [     5] WARNING    - W&#xD;&#xD;
2024-01-09 15:43:06.638+01:00 [     5] WARNING    - W&#xD;&#xD;
2024-01-09 15:43:06.638+01:00 [     5] WARNING    - W&#xD;&#xD;
2024-01-09 15:43:06.638+01:00 [     5] WARNING    - W&#xD;&#xD;
2024-01-09 15:43:06.638+01:00 [     5] WARNING    - W&#xD;&#xD;
2024-01-09 15:43:06.638+01:00 [     5] WARNING    - W&#xD;&#xD;
2024-01-09 15:43:06.638+01:00 [     5] WARNING    - W&#xD;&#xD;
2024-01-09 15:43:06.638+01:00 [     5] WARNING    - W&#xD;&#xD;
2024-01-09 15:43:06.638+01:00 [     5] WARNING    - W&#xD;&#xD;
2024-01-09 15:43:06.638+01:00 [     5] WARNING    - W&#xD;&#xD;
2024-01-09 15:43:06.638+01:00 [     5] WARNING    - W&#xD;&#xD;
2024-01-09 15:43:06.638+01:00 [     5] WARNING    - W&#xD;&#xD;
2024-01-09 15:43:06.638+01:00 [     5] WARNING    - W&#xD;&#xD;
2024-01-09 15:43:06.638+01:00 [     5] WARNING    - W&#xD;&#xD;
2024-01-09 15:43:06.638+01:00 [     5] WARNING    - W&#xD;&#xD;
2024-01-09 15:43:06.638+01:00 [     5] WARNING    - W&#xD;&#xD;
2024-01-09 15:43:06.638+01:00 [     5] WARNING    - W&#xD;&#xD;
2024-01-09 15:43:06.638+01:00 [     5] WARNING    - W&#xD;&#xD;
2024-01-09 15:43:06.638+01:00 [     5] WARNING    - W&#xD;&#xD;
2024-01-09 15:43:06.638+01:00 [     5] WARNING    - W&#xD;&#xD;
2024-01-09 15:43:06.638+01:00 [     5] WARNING    - W&#xD;&#xD;
2024-01-09 15:43:06.638+01:00 [     5] WARNING    - W&#xD;&#xD;
2024-01-09 15:43:06.638+01:00 [     5] WARNING    - W&#xD;&#xD;
2024-01-09 15:43:06.638+01:00 [     5] WARNING    - W&#xD;&#xD;
2024-01-09 15:43:06.638+01:00 [     5] WARNING    - W&#xD;&#xD;
2024-01-09 15:43:06.638+01:00 [     5] WARNING    - W&#xD;&#xD;
2024-01-09 15:43:06.638+01:00 [     5] WARNING    - W&#xD;&#xD;
2024-01-09 15:43:06.638+01:00 [     5] WARNING    - W&#xD;&#xD;
2024-01-09 15:43:06.638+01:00 [     5] WARNING    - W&#xD;&#xD;
2024-01-09 15:43:06.638+01:00 [     5] WARNING    - W&#xD;&#xD;
2024-01-09 15:43:06.638+01:00 [     5] WARNING    - W&#xD;&#xD;
2024-01-09 15:43:06.638+01:00 [     5] WARNING    - W&#xD;&#xD;
2024-01-09 15:43:06.638+01:00 [     5] WARNING    - W&#xD;&#xD;
2024-01-09 15:43:06.638+01:00 [     5] WARNING    - W&#xD;&#xD;
2024-01-09 15:43:06.638+01:00 [     5] WARNING    - W&#xD;&#xD;
2024-01-09 15:43:06.638+01:00 [     5] WARNING    - W&#xD;&#xD;
2024-01-09 15:43:06.638+01:00 [     5] WARNING    - W&#xD;&#xD;
2024-01-09 15:43:06.638+01:00 [     5] WARNING    - W&#xD;&#xD;
2024-01-09 15:43:06.638+01:00 [     5] WARNING    - W&#xD;&#xD;
2024-01-09 15:43:06.638+01:00 [     5] WARNING    - W&#xD;&#xD;
2024-01-09 15:43:06.638+01:00 [     5] WARNING    - W&#xD;&#xD;
2024-01-09 15:43:06.638+01:00 [     5] WARNING    - W&#xD;&#xD;
2024-01-09 15:43:06.638+01:00 [     5] WARNING    - W&#xD;&#xD;
2024-01-09 15:43:06.638+01:00 [     5] WARNING    - W&#xD;&#xD;
2024-01-09 15:43:06.638+01:00 [     5] WARNING    - W&#xD;&#xD;
2024-01-09 15:43:06.638+01:00 [     5] WARNING    - W&#xD;&#xD;
2024-01-09 15:43:06.638+01:00 [     5] WARNING    - W&#xD;&#xD;
2024-01-09 15:43:06.638+01:00 [     5] WARNING    - W&#xD;&#xD;
2024-01-09 15:43:06.638+01:00 [     5] WARNING    - W&#xD;&#xD;
2024-01-09 15:43:06.638+01:00 [     5] WARNING    - W&#xD;&#xD;
2024-01-09 15:43:06.638+01:00 [     5] WARNING    - W&#xD;&#xD;
2024-01-09 15:43:06.638+01:00 [     5] WARNING    - W&#xD;&#xD;
2024-01-09 15:43:06.638+01:00 [     5] WARNING    - W&#xD;&#xD;
2024-01-09 15:43:06.638+01:00 [     5] WARNING    - W&#xD;&#xD;
2024-01-09 15:43:06.638+01:00 [     5] WARNING    - W&#xD;&#xD;
2024-01-09 15:43:06.638+01:00 [     5] WARNING    - W&#xD;&#xD;
2024-01-09 15:43:06.638+01:00 [     5] WARNING    - W&#xD;&#xD;
2024-01-09 15:43:06.638+01:00 [     5] WARNING    - W&#xD;&#xD;
2024-01-09 15:43:06.638+01:00 [     5] WARNING    - W&#xD;&#xD;
2024-01-09 15:43:06.638+01:00 [     5] WARNING    - W&#xD;&#xD;
2024-01-09 15:43:06.638+01:00 [     5] WARNING    - W&#xD;&#xD;
2024-01-09 15:43:06.638+01:00 [     5] WARNING    - W&#xD;&#xD;
2024-01-09 15:43:06.638+01:00 [     5] WARNING    - W&#xD;&#xD;
2024-01-09 15:43:06.638+01:00 [     5] WARNING    - W&#xD;&#xD;
2024-01-09 15:43:06.638+01:00 [     5] WARNING    - W&#xD;&#xD;
2024-01-09 15:43:06.638+01:00 [     5] WARNING    - W&#xD;&#xD;
2024-01-09 15:43:06.638+01:00 [     5] WARNING    - W&#xD;&#xD;
2024-01-09 15:43:06.638+01:00 [     5] WARNING    - W&#xD;&#xD;
2024-01-09 15:43:06.638+01:00 [     5] WARNING    - W&#xD;&#xD;
2024-01-09 15:43:06.638+01:00 [     5] WARNING    - W&#xD;&#xD;
2024-01-09 15:43:06.638+01:00 [     5] WARNING    - W&#xD;&#xD;
2024-01-09 15:43:06.638+01:00 [     5] WARNING    - W&#xD;&#xD;
2024-01-09 15:43:06.638+01:00 [     5] WARNING    - W&#xD;&#xD;
2024-01-09 15:43:06.638+01:00 [     5] WARNING    - W&#xD;&#xD;
2024-01-09 15:43:06.638+01:00 [     5] WARNING    - W&#xD;&#xD;
2024-01-09 15:43:06.638+01:00 [     5] WARNING    - W&#xD;&#xD;
2024-01-09 15:43:06.638+01:00 [     5] WARNING    - W&#xD;&#xD;
2024-01-09 15:43:06.638+01:00 [     5] WARNING    - W&#xD;&#xD;
2024-01-09 15:43:06.638+01:00 [     5] WARNING    - W&#xD;&#xD;
2024-01-09 15:43:06.638+01:00 [     5] WARNING    - W&#xD;&#xD;
2024-01-09 15:43:06.638+01:00 [     5] WARNING    - W&#xD;&#xD;
2024-01-09 15:43:06.638+01:00 [     5] WARNING    - W&#xD;&#xD;
2024-01-09 15:43:06.638+01:00 [     5] WARNING    - W&#xD;&#xD;
2024-01-09 15:43:06.638+01:00 [     5] WARNING    - W&#xD;&#xD;
2024-01-09 15:43:06.638+01:00 [     5] WARNING    - W&#xD;&#xD;
2024-01-09 15:43:06.638+01:00 [     5] WARNING    - W&#xD;&#xD;
2024-01-09 15:43:06.638+01:00 [     5] WARNING    - W&#xD;&#xD;
2024-01-09 15:43:06.638+01:00 [     5] WARNING    - W&#xD;&#xD;
2024-01-09 15:43:06.638+01:00 [     5] WARNING    - W&#xD;&#xD;
2024-01-09 15:43:06.638+01:00 [     5] WARNING    - W&#xD;&#xD;
2024-01-09 15:43:06.638+01:00 [     5] WARNING    - W&#xD;&#xD;
2024-01-09 15:43:06.638+01:00 [     5] WARNING    - W&#xD;&#xD;
2024-01-09 15:43:06.638+01:00 [     5] WARNING    - W&#xD;&#xD;
2024-01-09 15:43:06.638+01:00 [     5] WARNING    - W&#xD;&#xD;
2024-01-09 15:43:06.638+01:00 [     5] WARNING    - W&#xD;&#xD;
2024-01-09 15:43:06.638+01:00 [     5] WARNING    - W&#xD;&#xD;
2024-01-09 15:43:06.638+01:00 [     5] WARNING    - W&#xD;&#xD;
2024-01-09 15:43:06.638+01:00 [     5] WARNING    - W&#xD;&#xD;
2024-01-09 15:43:06.638+01:00 [     5] WARNING    - W&#xD;&#xD;
2024-01-09 15:43:06.638+01:00 [     5] WARNING    - W&#xD;&#xD;
2024-01-09 15:43:06.638+01:00 [     5] WARNING    - W&#xD;&#xD;
2024-01-09 15:43:06.638+01:00 [     5] WARNING    - W&#xD;&#xD;
2024-01-09 15:43:06.638+01:00 [     5] WARNING    - W&#xD;&#xD;
2024-01-09 15:43:06.638+01:00 [     5] WARNING    - W&#xD;&#xD;
2024-01-09 15:43:06.638+01:00 [     5] WARNING    - W&#xD;&#xD;
2024-01-09 15:43:06.638+01:00 [     5] WARNING    - W&#xD;&#xD;
2024-01-09 15:43:06.638+01:00 [     5] WARNING    - W&#xD;&#xD;
2024-01-09 15:43:06.638+01:00 [     5] WARNING    - W&#xD;&#xD;
2024-01-09 15:43:06.638+01:00 [     5] WARNING    - W&#xD;&#xD;
2024-01-09 15:43:06.638+01:00 [     5] WARNING    - W&#xD;&#xD;
2024-01-09 15:43:06.638+01:00 [     5] WARNING    - W&#xD;&#xD;
2024-01-09 15:43:06.638+01:00 [     5] WARNING    - W&#xD;&#xD;
2024-01-09 15:43:06.638+01:00 [     5] WARNING    - W&#xD;&#xD;
2024-01-09 15:43:06.638+01:00 [     5] WARNING    - W&#xD;&#xD;
2024-01-09 15:43:06.638+01:00 [     5] WARNING    - W&#xD;&#xD;
2024-01-09 15:43:06.638+01:00 [     5] WARNING    - W&#xD;&#xD;
2024-01-09 15:43:06.638+01:00 [     5] WARNING    - W&#xD;&#xD;
2024-01-09 15:43:06.638+01:00 [     5] WARNING    - W&#xD;&#xD;
2024-01-09 15:43:06.638+01:00 [     5] WARNING    - W&#xD;&#xD;
2024-01-09 15:43:06.638+01:00 [     5] WARNING    - W&#xD;&#xD;
2024-01-09 15:43:06.638+01:00 [     5] WARNING    - W&#xD;&#xD;
2024-01-09 15:43:06.638+01:00 [     5] WARNING    - W&#xD;&#xD;
2024-01-09 15:43:06.638+01:00 [     5] WARNING    - W&#xD;&#xD;
2024-01-09 15:43:06.638+01:00 [     5] WARNING    - W&#xD;&#xD;
2024-01-09 15:43:06.638+01:00 [     5] WARNING    - W&#xD;&#xD;
2024-01-09 15:43:06.638+01:00 [     5] WARNING    - W&#xD;&#xD;
2024-01-09 15:43:06.638+01:00 [     5] WARNING    - W&#xD;&#xD;
2024-01-09 15:43:06.638+01:00 [     5] WARNING    - W&#xD;&#xD;
2024-01-09 15:43:06.638+01:00 [     5] WARNING    - W&#xD;&#xD;
2024-01-09 15:43:06.638+01:00 [     5] WARNING    - W&#xD;&#xD;
2024-01-09 15:43:06.638+01:00 [     5] WARNING    - W&#xD;&#xD;
2024-01-09 15:43:06.638+01:00 [     5] WARNING    - W&#xD;&#xD;
2024-01-09 15:43:06.638+01:00 [     5] WARNING    - W&#xD;&#xD;
2024-01-09 15:43:06.638+01:00 [     5] WARNING    - W&#xD;&#xD;
2024-01-09 15:43:06.638+01:00 [     5] WARNING    - W&#xD;&#xD;
2024-01-09 15:43:06.638+01:00 [     5] WARNING    - W&#xD;&#xD;
2024-01-09 15:43:06.638+01:00 [     5] WARNING    - W&#xD;&#xD;
2024-01-09 15:43:06.638+01:00 [     5] WARNING    - W&#xD;&#xD;
2024-01-09 15:43:06.638+01:00 [     5] WARNING    - W&#xD;&#xD;
2024-01-09 15:43:06.638+01:00 [     5] WARNING    - W&#xD;&#xD;
2024-01-09 15:43:06.638+01:00 [     5] WARNING    - W&#xD;&#xD;
2024-01-09 15:43:06.638+01:00 [     5] WARNING    - W&#xD;&#xD;
2024-01-09 15:43:06.638+01:00 [     5] WARNING    - W&#xD;&#xD;
2024-01-09 15:43:06.638+01:00 [     5] WARNING    - W&#xD;&#xD;
2024-01-09 15:43:06.638+01:00 [     5] WARNING    - W&#xD;&#xD;
2024-01-09 15:43:06.638+01:00 [     5] WARNING    - W&#xD;&#xD;
2024-01-09 15:43:06.638+01:00 [     5] WARNING    - W&#xD;&#xD;
2024-01-09 15:43:06.638+01:00 [     5] WARNING    - W&#xD;&#xD;
2024-01-09 15:43:06.638+01:00 [     5] WARNING    - W&#xD;&#xD;
2024-01-09 15:43:06.638+01:00 [     5] WARNING    - W&#xD;&#xD;
2024-01-09 15:43:06.638+01:00 [     5] WARNING    - W&#xD;&#xD;
2024-01-09 15:43:06.638+01:00 [     5] WARNING    - W&#xD;&#xD;
2024-01-09 15:43:06.638+01:00 [     5] WARNING    - W&#xD;&#xD;
2024-01-09 15:43:06.638+01:00 [     5] WARNING    - W&#xD;&#xD;
2024-01-09 15:43:06.638+01:00 [     5] WARNING    - W&#xD;&#xD;
2024-01-09 15:43:06.638+01:00 [     5] WARNING    - W&#xD;&#xD;
2024-01-09 15:43:06.638+01:00 [     5] WARNING    - W&#xD;&#xD;
2024-01-09 15:43:06.638+01:00 [     5] WARNING    - W&#xD;&#xD;
2024-01-09 15:43:06.638+01:00 [     5] WARNING    - W&#xD;&#xD;
2024-01-09 15:43:06.638+01:00 [     5] WARNING    - W&#xD;&#xD;
2024-01-09 15:43:06.638+01:00 [     5] WARNING    - W&#xD;&#xD;
2024-01-09 15:43:06.638+01:00 [     5] WARNING    - W&#xD;&#xD;
2024-01-09 15:43:06.638+01:00 [     5] WARNING    - W&#xD;&#xD;
2024-01-09 15:43:06.638+01:00 [     5] WARNING    - W&#xD;&#xD;
2024-01-09 15:43:06.638+01:00 [     5] WARNING    - W&#xD;&#xD;
2024-01-09 15:43:06.638+01:00 [     5] WARNING    - W&#xD;&#xD;
2024-01-09 15:43:06.638+01:00 [     5] WARNING    - W&#xD;&#xD;
2024-01-09 15:43:06.638+01:00 [     5] WARNING    - W&#xD;&#xD;
2024-01-09 15:43:06.638+01:00 [     5] WARNING    - W&#xD;&#xD;
2024-01-09 15:43:06.638+01:00 [     5] WARNING    - W&#xD;&#xD;
2024-01-09 15:43:06.638+01:00 [     5] WARNING    - W&#xD;&#xD;
2024-01-09 15:43:06.638+01:00 [     5] WARNING    - W&#xD;&#xD;
2024-01-09 15:43:06.638+01:00 [     5] WARNING    - W&#xD;&#xD;
2024-01-09 15:43:06.638+01:00 [     5] WARNING    - W&#xD;&#xD;
2024-01-09 15:43:06.638+01:00 [     5] WARNING    - W&#xD;&#xD;
2024-01-09 15:43:06.638+01:00 [     5] WARNING    - W&#xD;&#xD;
2024-01-09 15:43:06.638+01:00 [     5] WARNING    - W&#xD;&#xD;
2024-01-09 15:43:06.638+01:00 [     5] WARNING    - W&#xD;&#xD;
2024-01-09 15:43:06.638+01:00 [     5] WARNING    - W&#xD;&#xD;
2024-01-09 15:43:06.638+01:00 [     5] WARNING    - W&#xD;&#xD;
2024-01-09 15:43:06.638+01:00 [     5] WARNING    - W&#xD;&#xD;
2024-01-09 15:43:06.638+01:00 [     5] WARNING    - W&#xD;&#xD;
2024-01-09 15:43:06.638+01:00 [     5] WARNING    - W&#xD;&#xD;
2024-01-09 15:43:06.638+01:00 [     5] WARNING    - W&#xD;&#xD;
2024-01-09 15:43:06.638+01:00 [     5] WARNING    - W&#xD;&#xD;
2024-01-09 15:43:06.638+01:00 [     5] WARNING    - W&#xD;&#xD;
2024-01-09 15:43:06.638+01:00 [     5] WARNING    - W&#xD;&#xD;
2024-01-09 15:43:06.638+01:00 [     5] WARNING    - W&#xD;&#xD;
2024-01-09 15:43:06.638+01:00 [     5] WARNING    - W&#xD;&#xD;
2024-01-09 15:43:06.638+01:00 [     5] WARNING    - W&#xD;&#xD;
2024-01-09 15:43:06.638+01:00 [     5] WARNING    - W&#xD;&#xD;
2024-01-09 15:43:06.638+01:00 [     5] WARNING    - W&#xD;&#xD;
2024-01-09 15:43:06.638+01:00 [     5] WARNING    - W&#xD;&#xD;
2024-01-09 15:43:06.638+01:00 [     5] WARNING    - W&#xD;&#xD;
2024-01-09 15:43:06.638+01:00 [     5] WARNING    - W&#xD;&#xD;
2024-01-09 15:43:06.638+01:00 [     5] WARNING    - W&#xD;&#xD;
2024-01-09 15:43:06.638+01:00 [     5] WARNING    - W&#xD;&#xD;
2024-01-09 15:43:06.638+01:00 [     5] WARNING    - W&#xD;&#xD;
2024-01-09 15:43:06.638+01:00 [     5] WARNING    - W&#xD;&#xD;
2024-01-09 15:43:06.638+01:00 [     5] WARNING    - W&#xD;&#xD;
2024-01-09 15:43:06.638+01:00 [     5] WARNING    - W&#xD;&#xD;
2024-01-09 15:43:06.638+01:00 [     5] WARNING    - W&#xD;&#xD;
2024-01-09 15:43:06.638+01:00 [     5] WARNING    - W&#xD;&#xD;
2024-01-09 15:43:06.638+01:00 [     5] WARNING    - W&#xD;&#xD;
2024-01-09 15:43:06.638+01:00 [     5] WARNING    - W&#xD;&#xD;
2024-01-09 15:43:06.638+01:00 [     5] WARNING    - W&#xD;&#xD;
2024-01-09 15:43:06.638+01:00 [     5] WARNING    - W&#xD;&#xD;
2024-01-09 15:43:06.638+01:00 [     5] WARNING    - W&#xD;&#xD;
2024-01-09 15:43:06.638+01:00 [     5] WARNING    - W&#xD;&#xD;
2024-01-09 15:43:06.638+01:00 [     5] WARNING    - W&#xD;&#xD;
2024-01-09 15:43:06.638+01:00 [     5] WARNING    - W&#xD;&#xD;
2024-01-09 15:43:06.638+01:00 [     5] WARNING    - W&#xD;&#xD;
2024-01-09 15:43:06.638+01:00 [     5] WARNING    - W&#xD;&#xD;
2024-01-09 15:43:06.638+01:00 [     5] WARNING    - W&#xD;&#xD;
2024-01-09 15:43:06.638+01:00 [     5] WARNING    - W&#xD;&#xD;
2024-01-09 15:43:06.638+01:00 [     5] WARNING    - W&#xD;&#xD;
2024-01-09 15:43:06.638+01:00 [     5] WARNING    - W&#xD;&#xD;
2024-01-09 15:43:06.638+01:00 [     5] WARNING    - W&#xD;&#xD;
2024-01-09 15:43:06.638+01:00 [     5] WARNING    - W&#xD;&#xD;
2024-01-09 15:43:06.638+01:00 [     5] WARNING    - W&#xD;&#xD;
2024-01-09 15:43:06.638+01:00 [     5] WARNING    - W&#xD;&#xD;
2024-01-09 15:43:06.638+01:00 [     5] WARNING    - W&#xD;&#xD;
2024-01-09 15:43:06.638+01:00 [     5] WARNING    - W&#xD;&#xD;
2024-01-09 15:43:06.638+01:00 [     5] WARNING    - W&#xD;&#xD;
2024-01-09 15:43:06.638+01:00 [     5] WARNING    - W&#xD;&#xD;
2024-01-09 15:43:06.638+01:00 [     5] WARNING    - W&#xD;&#xD;
2024-01-09 15:43:06.638+01:00 [     5] WARNING    - W&#xD;&#xD;
2024-01-09 15:43:06.638+01:00 [     5] WARNING    - W&#xD;&#xD;
2024-01-09 15:43:06.638+01:00 [     5] WARNING    - W&#xD;&#xD;
2024-01-09 15:43:06.638+01:00 [     5] WARNING    - W&#xD;&#xD;
2024-01-09 15:43:06.638+01:00 [     5] WARNING    - W&#xD;&#xD;
2024-01-09 15:43:06.638+01:00 [     5] WARNING    - W&#xD;&#xD;
2024-01-09 15:43:06.638+01:00 [     5] WARNING    - W&#xD;&#xD;
2024-01-09 15:43:06.638+01:00 [     5] WARNING    - W&#xD;&#xD;
2024-01-09 15:43:06.638+01:00 [     5] WARNING    - W&#xD;&#xD;
2024-01-09 15:43:06.638+01:00 [     5] WARNING    - W&#xD;&#xD;
2024-01-09 15:43:06.638+01:00 [     5] WARNING    - W&#xD;&#xD;
2024-01-09 15:43:06.638+01:00 [     5] WARNING    - W&#xD;&#xD;
2024-01-09 15:43:06.638+01:00 [     5] WARNING    - W&#xD;&#xD;
2024-01-09 15:43:06.638+01:00 [     5] WARNING    - W&#xD;&#xD;
2024-01-09 15:43:06.638+01:00 [     5] WARNING    - W&#xD;&#xD;
2024-01-09 15:43:06.638+01:00 [     5] WARNING    - W&#xD;&#xD;
2024-01-09 15:43:06.638+01:00 [     5] WARNING    - W&#xD;&#xD;
2024-01-09 15:43:06.638+01:00 [     5] WARNING    - W&#xD;&#xD;
2024-01-09 15:43:06.638+01:00 [     5] WARNING    - W&#xD;&#xD;
2024-01-09 15:43:06.638+01:00 [     5] WARNING    - W&#xD;&#xD;
2024-01-09 15:43:06.638+01:00 [     5] WARNING    - W&#xD;&#xD;
2024-01-09 15:43:06.638+01:00 [     5] WARNING    - W&#xD;&#xD;
2024-01-09 15:43:06.638+01:00 [     5] WARNING    - W&#xD;&#xD;
2024-01-09 15:43:06.638+01:00 [     5] WARNING    - W&#xD;&#xD;
2024-01-09 15:43:06.638+01:00 [     5] WARNING    - W&#xD;&#xD;
2024-01-09 15:43:06.638+01:00 [     5] WARNING    - W&#xD;&#xD;
2024-01-09 15:43:06.638+01:00 [     5] WARNING    - W&#xD;&#xD;
2024-01-09 15:43:06.638+01:00 [     5] WARNING    - W&#xD;&#xD;
2024-01-09 15:43:06.638+01:00 [     5] WARNING    - W&#xD;&#xD;
2024-01-09 15:43:06.638+01:00 [     5] WARNING    - W&#xD;&#xD;
2024-01-09 15:43:06.638+01:00 [     5] WARNING    - W&#xD;&#xD;
2024-01-09 15:43:06.638+01:00 [     5] WARNING    - W&#xD;&#xD;
2024-01-09 15:43:06.638+01:00 [     5] WARNING    - W&#xD;&#xD;
2024-01-09 15:43:06.638+01:00 [     5] WARNING    - W&#xD;&#xD;
2024-01-09 15:43:06.638+01:00 [     5] WARNING    - W&#xD;&#xD;
2024-01-09 15:43:06.638+01:00 [     5] WARNING    - W&#xD;&#xD;
2024-01-09 15:43:06.638+01:00 [     5] WARNING    - W&#xD;&#xD;
2024-01-09 15:43:06.638+01:00 [     5] WARNING    - W&#xD;&#xD;
2024-01-09 15:43:06.638+01:00 [     5] WARNING    - W&#xD;&#xD;
2024-01-09 15:43:06.638+01:00 [     5] WARNING    - W&#xD;&#xD;
2024-01-09 15:43:06.638+01:00 [     5] WARNING    - W&#xD;&#xD;
2024-01-09 15:43:06.638+01:00 [     5] WARNING    - W&#xD;&#xD;
2024-01-09 15:43:06.638+01:00 [     5] WARNING    - W&#xD;&#xD;
2024-01-09 15:43:06.638+01:00 [     5] WARNING    - W&#xD;&#xD;
2024-01-09 15:43:06.638+01:00 [     5] WARNING    - W&#xD;&#xD;
2024-01-09 15:43:06.638+01:00 [     5] WARNING    - W&#xD;&#xD;
2024-01-09 15:43:06.638+01:00 [     5] WARNING    - W&#xD;&#xD;
2024-01-09 15:43:06.638+01:00 [     5] WARNING    - W&#xD;&#xD;
2024-01-09 15:43:06.638+01:00 [     5] WARNING    - W&#xD;&#xD;
2024-01-09 15:43:06.638+01:00 [     5] WARNING    - W&#xD;&#xD;
2024-01-09 15:43:06.638+01:00 [     5] WARNING    - W&#xD;&#xD;
2024-01-09 15:43:06.638+01:00 [     5] WARNING    - W&#xD;&#xD;
2024-01-09 15:43:06.638+01:00 [     5] WARNING    - W&#xD;&#xD;
2024-01-09 15:43:06.638+01:00 [     5] WARNING    - W&#xD;&#xD;
2024-01-09 15:43:06.638+01:00 [     5] WARNING    - W&#xD;&#xD;
2024-01-09 15:43:06.638+01:00 [     5] WARNING    - W&#xD;&#xD;
2024-01-09 15:43:06.638+01:00 [     5] WARNING    - W&#xD;&#xD;
2024-01-09 15:43:06.638+01:00 [     5] WARNING    - W&#xD;&#xD;
2024-01-09 15:43:06.638+01:00 [     5] WARNING    - W&#xD;&#xD;
2024-01-09 15:43:06.638+01:00 [     5] WARNING    - W&#xD;&#xD;
2024-01-09 15:43:06.638+01:00 [     5] WARNING    - W&#xD;&#xD;
2024-01-09 15:43:06.638+01:00 [     5] WARNING    - W&#xD;&#xD;
2024-01-09 15:43:06.638+01:00 [     5] WARNING    - W&#xD;&#xD;
2024-01-09 15:43:06.638+01:00 [     5] WARNING    - W&#xD;&#xD;
2024-01-09 15:43:06.638+01:00 [     5] WARNING    - W&#xD;&#xD;
2024-01-09 15:43:06.638+01:00 [     5] WARNING    - W&#xD;&#xD;
2024-01-09 15:43:06.638+01:00 [     5] WARNING    - W&#xD;&#xD;
2024-01-09 15:43:06.638+01:00 [     5] WARNING    - W&#xD;&#xD;
2024-01-09 15:43:06.638+01:00 [     5] WARNING    - W&#xD;&#xD;
2024-01-09 15:43:06.638+01:00 [     5] WARNING    - W&#xD;&#xD;
2024-01-09 15:43:06.638+01:00 [     5] WARNING    - W&#xD;&#xD;
2024-01-09 15:43:06.638+01:00 [     5] WARNING    - W&#xD;&#xD;
2024-01-09 15:43:06.638+01:00 [     5] WARNING    - W&#xD;&#xD;
2024-01-09 15:43:06.638+01:00 [     5] WARNING    - W&#xD;&#xD;
2024-01-09 15:43:06.638+01:00 [     5] WARNING    - W&#xD;&#xD;
2024-01-09 15:43:06.638+01:00 [     5] WARNING    - W&#xD;&#xD;
2024-01-09 15:43:06.638+01:00 [     5] WARNING    - W&#xD;&#xD;
2024-01-09 15:43:06.638+01:00 [     5] WARNING    - W&#xD;&#xD;
2024-01-09 15:43:06.638+01:00 [     5] WARNING    - W&#xD;&#xD;
2024-01-09 15:43:06.638+01:00 [     5] WARNING    - W&#xD;&#xD;
2024-01-09 15:43:06.638+01:00 [     5] WARNING    - W&#xD;&#xD;
2024-01-09 15:43:06.638+01:00 [     5] WARNING    - W&#xD;&#xD;
2024-01-09 15:43:06.638+01:00 [     5] WARNING    - W&#xD;&#xD;
2024-01-09 15:43:06.638+01:00 [     5] WARNING    - W&#xD;&#xD;
2024-01-09 15:43:06.638+01:00 [     5] WARNING    - W&#xD;&#xD;
2024-01-09 15:43:06.638+01:00 [     5] WARNING    - W&#xD;&#xD;
2024-01-09 15:43:06.638+01:00 [     5] WARNING    - W&#xD;&#xD;
2024-01-09 15:43:06.638+01:00 [     5] WARNING    - W&#xD;&#xD;
2024-01-09 15:43:06.638+01:00 [     5] WARNING    - W&#xD;&#xD;
2024-01-09 15:43:06.638+01:00 [     5] WARNING    - W&#xD;&#xD;
2024-01-09 15:43:06.638+01:00 [     5] WARNING    - W&#xD;&#xD;
2024-01-09 15:43:06.638+01:00 [     5] WARNING    - W&#xD;&#xD;
2024-01-09 15:43:06.638+01:00 [     5] WARNING    - W&#xD;&#xD;
2024-01-09 15:43:06.638+01:00 [     5] WARNING    - W&#xD;&#xD;
2024-01-09 15:43:06.638+01:00 [     5] WARNING    - W&#xD;&#xD;
2024-01-09 15:43:06.638+01:00 [     5] WARNING    - W&#xD;&#xD;
2024-01-09 15:43:06.638+01:00 [     5] WARNING    - W&#xD;&#xD;
2024-01-09 15:43:06.638+01:00 [     5] WARNING    - W&#xD;&#xD;
2024-01-09 15:43:06.638+01:00 [     5] WARNING    - W&#xD;&#xD;
2024-01-09 15:43:06.638+01:00 [     5] WARNING    - W&#xD;&#xD;
2024-01-09 15:43:06.638+01:00 [     5] WARNING    - W&#xD;&#xD;
2024-01-09 15:43:06.638+01:00 [     5] WARNING    - W&#xD;&#xD;
2024-01-09 15:43:06.638+01:00 [     5] WARNING    - W&#xD;&#xD;
2024-01-09 15:43:06.638+01:00 [     5] WARNING    - W&#xD;&#xD;
2024-01-09 15:43:06.638+01:00 [     5] WARNING    - W&#xD;&#xD;
2024-01-09 15:43:06.638+01:00 [     5] WARNING    - W&#xD;&#xD;
2024-01-09 15:43:06.638+01:00 [     5] WARNING    - W&#xD;&#xD;
2024-01-09 15:43:06.638+01:00 [     5] WARNING    - W&#xD;&#xD;
2024-01-09 15:43:06.638+01:00 [     5] WARNING    - W&#xD;&#xD;
2024-01-09 15:43:06.638+01:00 [     5] WARNING    - W&#xD;&#xD;
2024-01-09 15:43:06.638+01:00 [     5] WARNING    - W&#xD;&#xD;
2024-01-09 15:43:06.638+01:00 [     5] WARNING    - W&#xD;&#xD;
2024-01-09 15:43:06.638+01:00 [     5] WARNING    - W&#xD;&#xD;
2024-01-09 15:43:06.638+01:00 [     5] WARNING    - W&#xD;&#xD;
2024-01-09 15:43:06.638+01:00 [     5] WARNING    - W&#xD;&#xD;
2024-01-09 15:43:06.638+01:00 [     5] WARNING    - W&#xD;&#xD;
2024-01-09 15:43:06.638+01:00 [     5] WARNING    - W&#xD;&#xD;
2024-01-09 15:43:06.638+01:00 [     5] WARNING    - W&#xD;&#xD;
2024-01-09 15:43:06.638+01:00 [     5] WARNING    - W&#xD;&#xD;
2024-01-09 15:43:06.638+01:00 [     5] WARNING    - W&#xD;&#xD;
2024-01-09 15:43:06.638+01:00 [     5] WARNING    - W&#xD;&#xD;
2024-01-09 15:43:06.638+01:00 [     5] WARNING    - W&#xD;&#xD;
2024-01-09 15:43:06.638+01:00 [     5] WARNING    - W&#xD;&#xD;
2024-01-09 15:43:06.638+01:00 [     5] WARNING    - W&#xD;&#xD;
2024-01-09 15:43:06.638+01:00 [     5] WARNING    - W&#xD;&#xD;
2024-01-09 15:43:06.638+01:00 [     5] WARNING    - W&#xD;&#xD;
2024-01-09 15:43:06.638+01:00 [     5] WARNING    - W&#xD;&#xD;
2024-01-09 15:43:06.638+01:00 [     5] WARNING    - W&#xD;&#xD;
2024-01-09 15:43:06.638+01:00 [     5] WARNING    - W&#xD;&#xD;
2024-01-09 15:43:06.638+01:00 [     5] WARNING    - W&#xD;&#xD;
2024-01-09 15:43:06.638+01:00 [     5] WARNING    - W&#xD;&#xD;
2024-01-09 15:43:06.638+01:00 [     5] WARNING    - W&#xD;&#xD;
2024-01-09 15:43:06.638+01:00 [     5] WARNING    - W&#xD;&#xD;
2024-01-09 15:43:06.638+01:00 [     5] WARNING    - W&#xD;&#xD;
2024-01-09 15:43:06.638+01:00 [     5] WARNING    - W&#xD;&#xD;
2024-01-09 15:43:06.638+01:00 [     5] WARNING    - W&#xD;&#xD;
2024-01-09 15:43:06.638+01:00 [     5] WARNING    - W&#xD;&#xD;
2024-01-09 15:43:06.638+01:00 [     5] WARNING    - W&#xD;&#xD;
2024-01-09 15:43:06.638+01:00 [     5] WARNING    - W&#xD;&#xD;
2024-01-09 15:43:06.638+01:00 [     5] WARNING    - W&#xD;&#xD;
2024-01-09 15:43:06.638+01:00 [     5] WARNING    - W&#xD;&#xD;
2024-01-09 15:43:06.638+01:00 [     5] WARNING    - W&#xD;&#xD;
2024-01-09 15:43:06.638+01:00 [     5] WARNING    - W&#xD;&#xD;
2024-01-09 15:43:06.638+01:00 [     5] WARNING    - W&#xD;&#xD;
2024-01-09 15:43:06.638+01:00 [     5] WARNING    - W&#xD;&#xD;
2024-01-09 15:43:06.638+01:00 [     5] WARNING    - W&#xD;&#xD;
2024-01-09 15:43:06.638+01:00 [     5] WARNING    - W&#xD;&#xD;
2024-01-09 15:43:06.638+01:00 [     5] WARNING    - W&#xD;&#xD;
2024-01-09 15:43:06.638+01:00 [     5] WARNING    - W&#xD;&#xD;
2024-01-09 15:43:06.638+01:00 [     5] WARNING    - W&#xD;&#xD;
2024-01-09 15:43:06.638+01:00 [     5] WARNING    - W&#xD;&#xD;
2024-01-09 15:43:06.638+01:00 [     5] WARNING    - W&#xD;&#xD;
2024-01-09 15:43:06.638+01:00 [     5] WARNING    - W&#xD;&#xD;
2024-01-09 15:43:06.638+01:00 [     5] WARNING    - W&#xD;&#xD;
2024-01-09 15:43:06.638+01:00 [     5] WARNING    - W&#xD;&#xD;
2024-01-09 15:43:06.638+01:00 [     5] WARNING    - W&#xD;&#xD;
2024-01-09 15:43:06.638+01:00 [     5] WARNING    - W&#xD;&#xD;
2024-01-09 15:43:06.638+01:00 [     5] WARNING    - W&#xD;&#xD;
2024-01-09 15:43:06.638+01:00 [     5] WARNING    - W&#xD;&#xD;
2024-01-09 15:43:06.638+01:00 [     5] WARNING    - W&#xD;&#xD;
2024-01-09 15:43:06.638+01:00 [     5] WARNING    - W&#xD;&#xD;
2024-01-09 15:43:06.638+01:00 [     5] WARNING    - W&#xD;&#xD;
2024-01-09 15:43:06.638+01:00 [     5] WARNING    - W&#xD;&#xD;
2024-01-09 15:43:06.638+01:00 [     5] WARNING    - W&#xD;&#xD;
2024-01-09 15:43:06.638+01:00 [     5] WARNING    - W&#xD;&#xD;
2024-01-09 15:43:06.638+01:00 [     5] WARNING    - W&#xD;&#xD;
2024-01-09 15:43:06.638+01:00 [     5] WARNING    - W&#xD;&#xD;
2024-01-09 15:43:06.638+01:00 [     5] WARNING    - W&#xD;&#xD;
2024-01-09 15:43:06.638+01:00 [     5] WARNING    - W&#xD;&#xD;
2024-01-09 15:43:06.638+01:00 [     5] WARNING    - W&#xD;&#xD;
2024-01-09 15:43:06.638+01:00 [     5] WARNING    - W&#xD;&#xD;
2024-01-09 15:43:06.638+01:00 [     5] WARNING    - W&#xD;&#xD;
2024-01-09 15:43:06.638+01:00 [     5] WARNING    - W&#xD;&#xD;
2024-01-09 15:43:06.638+01:00 [     5] WARNING    - W&#xD;&#xD;
2024-01-09 15:43:06.638+01:00 [     5] WARNING    - W&#xD;&#xD;
2024-01-09 15:43:06.638+01:00 [     5] WARNING    - W&#xD;&#xD;
2024-01-09 15:43:06.638+01:00 [     5] WARNING    - W&#xD;&#xD;
2024-01-09 15:43:06.638+01:00 [     5] WARNING    - W&#xD;&#xD;
2024-01-09 15:43:06.638+01:00 [     5] WARNING    - W&#xD;&#xD;
2024-01-09 15:43:06.638+01:00 [     5] WARNING    - W&#xD;&#xD;
2024-01-09 15:43:06.638+01:00 [     5] WARNING    - W&#xD;&#xD;
2024-01-09 15:43:06.638+01:00 [     5] WARNING    - W&#xD;&#xD;
2024-01-09 15:43:06.638+01:00 [     5] WARNING    - W&#xD;&#xD;
2024-01-09 15:43:06.638+01:00 [     5] WARNING    - W&#xD;&#xD;
2024-01-09 15:43:06.638+01:00 [     5] WARNING    - W&#xD;&#xD;
2024-01-09 15:43:06.638+01:00 [     5] WARNING    - W&#xD;&#xD;
2024-01-09 15:43:06.638+01:00 [     5] WARNING    - W&#xD;&#xD;
2024-01-09 15:43:06.638+01:00 [     5] WARNING    - W&#xD;&#xD;
2024-01-09 15:43:06.638+01:00 [     5] WARNING    - W&#xD;&#xD;
2024-01-09 15:43:06.638+01:00 [     5] WARNING    - W&#xD;&#xD;
2024-01-09 15:43:06.638+01:00 [     5] WARNING    - W&#xD;&#xD;
2024-01-09 15:43:06.638+01:00 [     5] WARNING    - W&#xD;&#xD;
2024-01-09 15:43:06.638+01:00 [     5] WARNING    - W&#xD;&#xD;
2024-01-09 15:43:06.638+01:00 [     5] WARNING    - W&#xD;&#xD;
2024-01-09 15:43:06.638+01:00 [     5] WARNING    - W&#xD;&#xD;
2024-01-09 15:43:06.638+01:00 [     5] WARNING    - W&#xD;&#xD;
2024-01-09 15:43:06.638+01:00 [     5] WARNING    - W&#xD;&#xD;
2024-01-09 15:43:06.638+01:00 [     5] WARNING    - W&#xD;&#xD;
2024-01-09 15:43:06.638+01:00 [     5] WARNING    - W&#xD;&#xD;
2024-01-09 15:43:06.638+01:00 [     5] WARNING    - W&#xD;&#xD;
2024-01-09 15:43:06.638+01:00 [     5] WARNING    - W&#xD;&#xD;
2024-01-09 15:43:06.638+01:00 [     5] WARNING    - W&#xD;&#xD;
2024-01-09 15:43:06.638+01:00 [     5] WARNING    - W&#xD;&#xD;
2024-01-09 15:43:06.638+01:00 [     5] WARNING    - W&#xD;&#xD;
2024-01-09 15:43:06.638+01:00 [     5] WARNING    - W&#xD;&#xD;
2024-01-09 15:43:06.638+01:00 [     5] WARNING    - W&#xD;&#xD;
2024-01-09 15:43:06.638+01:00 [     5] WARNING    - W&#xD;&#xD;
2024-01-09 15:43:06.638+01:00 [     5] WARNING    - W&#xD;&#xD;
2024-01-09 15:43:06.638+01:00 [     5] WARNING    - W&#xD;&#xD;
2024-01-09 15:43:06.638+01:00 [     5] WARNING    - W&#xD;&#xD;
2024-01-09 15:43:06.638+01:00 [     5] WARNING    - W&#xD;&#xD;
2024-01-09 15:43:06.638+01:00 [     5] WARNING    - W&#xD;&#xD;
2024-01-09 15:43:06.638+01:00 [     5] WARNING    - W&#xD;&#xD;
2024-01-09 15:43:06.638+01:00 [     5] WARNING    - W&#xD;&#xD;
2024-01-09 15:43:06.638+01:00 [     5] WARNING    - W&#xD;&#xD;
2024-01-09 15:43:06.638+01:00 [     5] WARNING    - W&#xD;&#xD;
2024-01-09 15:43:06.638+01:00 [     5] WARNING    - W&#xD;&#xD;
2024-01-09 15:43:06.638+01:00 [     5] WARNING    - W&#xD;&#xD;
2024-01-09 15:43:06.638+01:00 [     5] WARNING    - W&#xD;&#xD;
2024-01-09 15:43:06.638+01:00 [     5] WARNING    - W&#xD;&#xD;
2024-01-09 15:43:06.638+01:00 [     5] WARNING    - W&#xD;&#xD;
2024-01-09 15:43:06.638+01:00 [     5] WARNING    - W&#xD;&#xD;
2024-01-09 15:43:06.638+01:00 [     5] WARNING    - W&#xD;&#xD;
2024-01-09 15:43:06.638+01:00 [     5] WARNING    - W&#xD;&#xD;
2024-01-09 15:43:06.638+01:00 [     5] WARNING    - W&#xD;&#xD;
2024-01-09 15:43:06.638+01:00 [     5] WARNING    - W&#xD;&#xD;
2024-01-09 15:43:06.638+01:00 [     5] WARNING    - W&#xD;&#xD;
2024-01-09 15:43:06.638+01:00 [     5] WARNING    - W&#xD;&#xD;
2024-01-09 15:43:06.638+01:00 [     5] WARNING    - W&#xD;&#xD;
2024-01-09 15:43:06.638+01:00 [     5] WARNING    - W&#xD;&#xD;
2024-01-09 15:43:06.638+01:00 [     5] WARNING    - W&#xD;&#xD;
2024-01-09 15:43:06.638+01:00 [     5] WARNING    - W&#xD;&#xD;
2024-01-09 15:43:06.638+01:00 [     5] WARNING    - W&#xD;&#xD;
2024-01-09 15:43:06.638+01:00 [     5] WARNING    - W&#xD;&#xD;
2024-01-09 15:43:06.638+01:00 [     5] WARNING    - W&#xD;&#xD;
2024-01-09 15:43:06.638+01:00 [     5] WARNING    - W&#xD;&#xD;
2024-01-09 15:43:06.638+01:00 [     5] WARNING    - W&#xD;&#xD;
2024-01-09 15:43:06.638+01:00 [     5] WARNING    - W&#xD;&#xD;
2024-01-09 15:43:06.638+01:00 [     5] WARNING    - W&#xD;&#xD;
2024-01-09 15:43:06.638+01:00 [     5] WARNING    - W&#xD;&#xD;
2024-01-09 15:43:06.638+01:00 [     5] WARNING    - W&#xD;&#xD;
2024-01-09 15:43:06.638+01:00 [     5] WARNING    - W&#xD;&#xD;
2024-01-09 15:43:06.638+01:00 [     5] WARNING    - W&#xD;&#xD;
2024-01-09 15:43:06.638+01:00 [     5] WARNING    - W&#xD;&#xD;
2024-01-09 15:43:06.638+01:00 [     5] WARNING    - W&#xD;&#xD;
2024-01-09 15:43:06.638+01:00 [     5] WARNING    - W&#xD;&#xD;
2024-01-09 15:43:06.638+01:00 [     5] WARNING    - W&#xD;&#xD;
2024-01-09 15:43:06.638+01:00 [     5] WARNING    - W&#xD;&#xD;
2024-01-09 15:43:06.638+01:00 [     5] WARNING    - W&#xD;&#xD;
2024-01-09 15:43:06.638+01:00 [     5] WARNING    - W&#xD;&#xD;
2024-01-09 15:43:06.638+01:00 [     5] WARNING    - W&#xD;&#xD;
2024-01-09 15:43:06.638+01:00 [     5] WARNING    - W&#xD;&#xD;
2024-01-09 15:43:06.638+01:00 [     5] WARNING    - W&#xD;&#xD;
2024-01-09 15:43:06.638+01:00 [     5] WARNING    - W&#xD;&#xD;
2024-01-09 15:43:06.638+01:00 [     5] WARNING    - W&#xD;&#xD;
2024-01-09 15:43:06.638+01:00 [     5] WARNING    - W&#xD;&#xD;
2024-01-09 15:43:06.638+01:00 [     5] WARNING    - W&#xD;&#xD;
2024-01-09 15:43:06.638+01:00 [     5] WARNING    - W&#xD;&#xD;
2024-01-09 15:43:06.638+01:00 [     5] WARNING    - W&#xD;&#xD;
2024-01-09 15:43:06.638+01:00 [     5] WARNING    - W&#xD;&#xD;
2024-01-09 15:43:06.638+01:00 [     5] WARNING    - W&#xD;&#xD;
2024-01-09 15:43:06.638+01:00 [     5] WARNING    - W&#xD;&#xD;
2024-01-09 15:43:06.638+01:00 [     5] WARNING    - W&#xD;&#xD;
2024-01-09 15:43:06.638+01:00 [     5] WARNING    - W&#xD;&#xD;
2024-01-09 15:43:06.638+01:00 [     5] WARNING    - W&#xD;&#xD;
2024-01-09 15:43:06.638+01:00 [     5] WARNING    - W&#xD;&#xD;
2024-01-09 15:43:06.638+01:00 [     5] WARNING    - W&#xD;&#xD;
2024-01-09 15:43:06.638+01:00 [     5] WARNING    - W&#xD;&#xD;
2024-01-09 15:43:06.638+01:00 [     5] WARNING    - W&#xD;&#xD;
2024-01-09 15:43:06.638+01:00 [     5] WARNING    - W&#xD;&#xD;
2024-01-09 15:43:06.638+01:00 [     5] WARNING    - W&#xD;&#xD;
2024-01-09 15:43:06.638+01:00 [     5] WARNING    - W&#xD;&#xD;
2024-01-09 15:43:06.638+01:00 [     5] WARNING    - W&#xD;&#xD;
2024-01-09 15:43:06.638+01:00 [     5] WARNING    - W&#xD;&#xD;
2024-01-09 15:43:06.638+01:00 [     5] WARNING    - W&#xD;&#xD;
2024-01-09 15:43:06.638+01:00 [     5] WARNING    - W&#xD;&#xD;
2024-01-09 15:43:06.638+01:00 [     5] WARNING    - W&#xD;&#xD;
2024-01-09 15:43:06.638+01:00 [     5] WARNING    - W&#xD;&#xD;
2024-01-09 15:43:06.638+01:00 [     5] WARNING    - W&#xD;&#xD;
2024-01-09 15:43:06.638+01:00 [     5] WARNING    - W&#xD;&#xD;
2024-01-09 15:43:06.638+01:00 [     5] WARNING    - W&#xD;&#xD;
2024-01-09 15:43:06.638+01:00 [     5] WARNING    - W&#xD;&#xD;
2024-01-09 15:43:06.638+01:00 [     5] WARNING    - W&#xD;&#xD;
2024-01-09 15:43:06.638+01:00 [     5] WARNING    - W&#xD;&#xD;
2024-01-09 15:43:06.638+01:00 [     5] WARNING    - W&#xD;&#xD;
2024-01-09 15:43:06.638+01:00 [     5] WARNING    - W&#xD;&#xD;
2024-01-09 15:43:06.638+01:00 [     5] WARNING    - W&#xD;&#xD;
2024-01-09 15:43:06.638+01:00 [     5] WARNING    - W&#xD;&#xD;
2024-01-09 15:43:06.638+01:00 [     5] WARNING    - W&#xD;&#xD;
2024-01-09 15:43:06.638+01:00 [     5] WARNING    - W&#xD;&#xD;
2024-01-09 15:43:06.638+01:00 [     5] WARNING    - W&#xD;&#xD;
2024-01-09 15:43:06.638+01:00 [     5] WARNING    - W&#xD;&#xD;
2024-01-09 15:43:06.638+01:00 [     5] WARNING    - W&#xD;&#xD;
2024-01-09 15:43:06.638+01:00 [     5] WARNING    - W&#xD;&#xD;
2024-01-09 15:43:06.638+01:00 [     5] WARNING    - W&#xD;&#xD;
2024-01-09 15:43:06.638+01:00 [     5] WARNING    - W&#xD;&#xD;
2024-01-09 15:43:06.638+01:00 [     5] WARNING    - W&#xD;&#xD;
2024-01-09 15:43:06.638+01:00 [     5] WARNING    - W&#xD;&#xD;
2024-01-09 15:43:06.638+01:00 [     5] WARNING    - W&#xD;&#xD;
2024-01-09 15:43:06.638+01:00 [     5] WARNING    - W&#xD;&#xD;
2024-01-09 15:43:06.638+01:00 [     5] WARNING    - W&#xD;&#xD;
2024-01-09 15:43:06.638+01:00 [     5] WARNING    - W&#xD;&#xD;
2024-01-09 15:43:06.638+01:00 [     5] WARNING    - W&#xD;&#xD;
2024-01-09 15:43:06.638+01:00 [     5] WARNING    - W&#xD;&#xD;
2024-01-09 15:43:06.638+01:00 [     5] WARNING    - W&#xD;&#xD;
2024-01-09 15:43:06.638+01:00 [     5] WARNING    - W&#xD;&#xD;
2024-01-09 15:43:06.638+01:00 [     5] WARNING    - W&#xD;&#xD;
2024-01-09 15:43:06.638+01:00 [     5] WARNING    - W&#xD;&#xD;
2024-01-09 15:43:06.638+01:00 [     5] WARNING    - W&#xD;&#xD;
2024-01-09 15:43:06.638+01:00 [     5] WARNING    - W&#xD;&#xD;
2024-01-09 15:43:06.638+01:00 [     5] WARNING    - W&#xD;&#xD;
2024-01-09 15:43:06.638+01:00 [     5] WARNING    - W&#xD;&#xD;
2024-01-09 15:43:06.638+01:00 [     5] WARNING    - W&#xD;&#xD;
2024-01-09 15:43:06.638+01:00 [     5] WARNING    - W&#xD;&#xD;
2024-01-09 15:43:06.638+01:00 [     5] WARNING    - W&#xD;&#xD;
2024-01-09 15:43:06.638+01:00 [     5] WARNING    - W&#xD;&#xD;
2024-01-09 15:43:06.638+01:00 [     5] WARNING    - W&#xD;&#xD;
2024-01-09 15:43:06.638+01:00 [     5] WARNING    - W&#xD;&#xD;
2024-01-09 15:43:06.638+01:00 [     5] WARNING    - W&#xD;&#xD;
2024-01-09 15:43:06.638+01:00 [     5] WARNING    - W&#xD;&#xD;
2024-01-09 15:43:06.638+01:00 [     5] WARNING    - W&#xD;&#xD;
2024-01-09 15:43:06.638+01:00 [     5] WARNING    - W&#xD;&#xD;
2024-01-09 15:43:06.638+01:00 [     5] WARNING    - W&#xD;&#xD;
2024-01-09 15:43:06.638+01:00 [     5] WARNING    - W&#xD;&#xD;
2024-01-09 15:43:06.638+01:00 [     5] WARNING    - W&#xD;&#xD;
2024-01-09 15:43:06.638+01:00 [     5] WARNING    - W&#xD;&#xD;
2024-01-09 15:43:06.638+01:00 [     5] WARNING    - W&#xD;&#xD;
2024-01-09 15:43:06.638+01:00 [     5] WARNING    - W&#xD;&#xD;
2024-01-09 15:43:06.638+01:00 [     5] WARNING    - W&#xD;&#xD;
2024-01-09 15:43:06.638+01:00 [     5] WARNING    - W&#xD;&#xD;
2024-01-09 15:43:06.638+01:00 [     5] WARNING    - W&#xD;&#xD;
2024-01-09 15:43:06.638+01:00 [     5] WARNING    - W&#xD;&#xD;
2024-01-09 15:43:06.638+01:00 [     5] WARNING    - W&#xD;&#xD;
2024-01-09 15:43:06.638+01:00 [     5] WARNING    - W&#xD;&#xD;
2024-01-09 15:43:06.638+01:00 [     5] WARNING    - W&#xD;&#xD;
2024-01-09 15:43:06.638+01:00 [     5] WARNING    - W&#xD;&#xD;
2024-01-09 15:43:06.638+01:00 [     5] WARNING    - W&#xD;&#xD;
2024-01-09 15:43:06.638+01:00 [     5] WARNING    - W&#xD;&#xD;
2024-01-09 15:43:06.638+01:00 [     5] WARNING    - W&#xD;&#xD;
2024-01-09 15:43:06.638+01:00 [     5] WARNING    - W&#xD;&#xD;
2024-01-09 15:43:06.638+01:00 [     5] WARNING    - W&#xD;&#xD;
2024-01-09 15:43:06.638+01:00 [     5] WARNING    - W&#xD;&#xD;
2024-01-09 15:43:06.638+01:00 [     5] WARNING    - W&#xD;&#xD;
2024-01-09 15:43:06.638+01:00 [     5] WARNING    - W&#xD;&#xD;
2024-01-09 15:43:06.638+01:00 [     5] WARNING    - W&#xD;&#xD;
2024-01-09 15:43:06.638+01:00 [     5] WARNING    - W&#xD;&#xD;
2024-01-09 15:43:06.638+01:00 [     5] WARNING    - W&#xD;&#xD;
2024-01-09 15:43:06.638+01:00 [     5] WARNING    - W&#xD;&#xD;
2024-01-09 15:43:06.638+01:00 [     5] WARNING    - W&#xD;&#xD;
2024-01-09 15:43:06.638+01:00 [     5] WARNING    - W&#xD;&#xD;
2024-01-09 15:43:06.638+01:00 [     5] WARNING    - W&#xD;&#xD;
2024-01-09 15:43:06.638+01:00 [     5] WARNING    - W&#xD;&#xD;
2024-01-09 15:43:06.638+01:00 [     5] WARNING    - W&#xD;&#xD;
2024-01-09 15:43:06.638+01:00 [     5] WARNING    - W&#xD;&#xD;
2024-01-09 15:43:06.638+01:00 [     5] WARNING    - W&#xD;&#xD;
2024-01-09 15:43:06.638+01:00 [     5] WARNING    - W&#xD;&#xD;
2024-01-09 15:43:06.638+01:00 [     5] WARNING    - W&#xD;&#xD;
2024-01-09 15:43:06.638+01:00 [     5] WARNING    - W&#xD;&#xD;
2024-01-09 15:43:06.638+01:00 [     5] WARNING    - W&#xD;&#xD;
2024-01-09 15:43:06.638+01:00 [     5] WARNING    - W&#xD;&#xD;
2024-01-09 15:43:06.638+01:00 [     5] WARNING    - W&#xD;&#xD;
2024-01-09 15:43:06.638+01:00 [     5] WARNING    - W&#xD;&#xD;
2024-01-09 15:43:06.638+01:00 [     5] WARNING    - W&#xD;&#xD;
2024-01-09 15:43:06.638+01:00 [     5] WARNING    - W&#xD;&#xD;
2024-01-09 15:43:06.638+01:00 [     5] WARNING    - W&#xD;&#xD;
2024-01-09 15:43:06.638+01:00 [     5] WARNING    - W&#xD;&#xD;
2024-01-09 15:43:06.638+01:00 [     5] WARNING    - W&#xD;&#xD;
2024-01-09 15:43:06.638+01:00 [     5] WARNING    - W&#xD;&#xD;
2024-01-09 15:43:06.638+01:00 [     5] WARNING    - W&#xD;&#xD;
2024-01-09 15:43:06.638+01:00 [     5] WARNING    - W&#xD;&#xD;
2024-01-09 15:43:06.638+01:00 [     5] WARNING    - W&#xD;&#xD;
2024-01-09 15:43:06.638+01:00 [     5] WARNING    - W&#xD;&#xD;
2024-01-09 15:43:06.638+01:00 [     5] WARNING    - W&#xD;&#xD;
2024-01-09 15:43:06.638+01:00 [     5] WARNING    - W&#xD;&#xD;
2024-01-09 15:43:06.638+01:00 [     5] WARNING    - W&#xD;&#xD;
2024-01-09 15:43:06.638+01:00 [     5] WARNING    - W&#xD;&#xD;
2024-01-09 15:43:06.638+01:00 [     5] WARNING    - W&#xD;&#xD;
2024-01-09 15:43:06.638+01:00 [     5] WARNING    - W&#xD;&#xD;
2024-01-09 15:43:06.638+01:00 [     5] WARNING    - W&#xD;&#xD;
2024-01-09 15:43:06.638+01:00 [     5] WARNING    - W&#xD;&#xD;
2024-01-09 15:43:06.638+01:00 [     5] WARNING    - W&#xD;&#xD;
2024-01-09 15:43:06.638+01:00 [     5] WARNING    - W&#xD;&#xD;
2024-01-09 15:43:06.638+01:00 [     5] WARNING    - W&#xD;&#xD;
2024-01-09 15:43:06.638+01:00 [     5] WARNING    - W&#xD;&#xD;
2024-01-09 15:43:06.638+01:00 [     5] WARNING    - W&#xD;&#xD;
2024-01-09 15:43:06.638+01:00 [     5] WARNING    - W&#xD;&#xD;
2024-01-09 15:43:06.638+01:00 [     5] WARNING    - W&#xD;&#xD;
2024-01-09 15:43:06.638+01:00 [     5] WARNING    - W&#xD;&#xD;
2024-01-09 15:43:06.638+01:00 [     5] WARNING    - W&#xD;&#xD;
2024-01-09 15:43:06.638+01:00 [     5] WARNING    - W&#xD;&#xD;
2024-01-09 15:43:06.638+01:00 [     5] WARNING    - W&#xD;&#xD;
2024-01-09 15:43:06.638+01:00 [     5] WARNING    - W&#xD;&#xD;
2024-01-09 15:43:06.638+01:00 [     5] WARNING    - W&#xD;&#xD;
2024-01-09 15:43:06.638+01:00 [     5] WARNING    - W&#xD;&#xD;
2024-01-09 15:43:06.638+01:00 [     5] WARNING    - W&#xD;&#xD;
2024-01-09 15:43:06.638+01:00 [     5] WARNING    - W&#xD;&#xD;
2024-01-09 15:43:06.638+01:00 [     5] WARNING    - W&#xD;&#xD;
2024-01-09 15:43:06.638+01:00 [     5] WARNING    - W&#xD;&#xD;
2024-01-09 15:43:06.638+01:00 [     5] WARNING    - W&#xD;&#xD;
2024-01-09 15:43:06.638+01:00 [     5] WARNING    - W&#xD;&#xD;
2024-01-09 15:43:06.638+01:00 [     5] WARNING    - W&#xD;&#xD;
2024-01-09 15:43:06.638+01:00 [     5] WARNING    - W&#xD;&#xD;
2024-01-09 15:43:06.638+01:00 [     5] WARNING    - W&#xD;&#xD;
2024-01-09 15:43:06.638+01:00 [     5] WARNING    - W&#xD;&#xD;
2024-01-09 15:43:06.638+01:00 [     5] WARNING    - W&#xD;&#xD;
2024-01-09 15:43:06.638+01:00 [     5] WARNING    - W&#xD;&#xD;
2024-01-09 15:43:06.638+01:00 [     5] WARNING    - W&#xD;&#xD;
2024-01-09 15:43:06.638+01:00 [     5] WARNING    - W&#xD;&#xD;
2024-01-09 15:43:06.638+01:00 [     5] WARNING    - W&#xD;&#xD;
2024-01-09 15:43:06.638+01:00 [     5] WARNING    - W&#xD;&#xD;
2024-01-09 15:43:06.638+01:00 [     5] WARNING    - W&#xD;&#xD;
2024-01-09 15:43:06.638+01:00 [     5] WARNING    - W&#xD;&#xD;
2024-01-09 15:43:06.638+01:00 [     5] WARNING    - W&#xD;&#xD;
2024-01-09 15:43:06.638+01:00 [     5] WARNING    - W&#xD;&#xD;
2024-01-09 15:43:06.638+01:00 [     5] WARNING    - W&#xD;&#xD;
2024-01-09 15:43:06.638+01:00 [     5] WARNING    - W&#xD;&#xD;
2024-01-09 15:43:06.638+01:00 [     5] WARNING    - W&#xD;&#xD;
2024-01-09 15:43:06.638+01:00 [     5] WARNING    - W&#xD;&#xD;
2024-01-09 15:43:06.638+01:00 [     5] WARNING    - W&#xD;&#xD;
2024-01-09 15:43:06.638+01:00 [     5] WARNING    - W&#xD;&#xD;
2024-01-09 15:43:06.638+01:00 [     5] WARNING    - W&#xD;&#xD;
2024-01-09 15:43:06.638+01:00 [     5] WARNING    - W&#xD;&#xD;
2024-01-09 15:43:06.638+01:00 [     5] WARNING    - W&#xD;&#xD;
2024-01-09 15:43:06.638+01:00 [     5] WARNING    - W&#xD;&#xD;
2024-01-09 15:43:06.638+01:00 [     5] WARNING    - W&#xD;&#xD;
2024-01-09 15:43:06.638+01:00 [     5] WARNING    - W&#xD;&#xD;
2024-01-09 15:43:06.638+01:00 [     5] WARNING    - W&#xD;&#xD;
2024-01-09 15:43:06.638+01:00 [     5] WARNING    - W&#xD;&#xD;
2024-01-09 15:43:06.638+01:00 [     5] WARNING    - W&#xD;&#xD;
2024-01-09 15:43:06.638+01:00 [     5] WARNING    - W&#xD;&#xD;
2024-01-09 15:43:06.638+01:00 [     5] WARNING    - W&#xD;&#xD;
2024-01-09 15:43:06.638+01:00 [     5] WARNING    - W&#xD;&#xD;
2024-01-09 15:43:06.638+01:00 [     5] WARNING    - W&#xD;&#xD;
2024-01-09 15:43:06.638+01:00 [     5] WARNING    - W&#xD;&#xD;
2024-01-09 15:43:06.638+01:00 [     5] WARNING    - W&#xD;&#xD;
2024-01-09 15:43:06.638+01:00 [     5] WARNING    - W&#xD;&#xD;
2024-01-09 15:43:06.638+01:00 [     5] WARNING    - W&#xD;&#xD;
2024-01-09 15:43:06.638+01:00 [     5] WARNING    - W&#xD;&#xD;
2024-01-09 15:43:06.638+01:00 [     5] WARNING    - W&#xD;&#xD;
2024-01-09 15:43:06.638+01:00 [     5] WARNING    - W&#xD;&#xD;
2024-01-09 15:43:06.638+01:00 [     5] WARNING    - W&#xD;&#xD;
2024-01-09 15:43:06.638+01:00 [     5] WARNING    - W&#xD;&#xD;
2024-01-09 15:43:06.638+01:00 [     5] WARNING    - W&#xD;&#xD;
2024-01-09 15:43:06.638+01:00 [     5] WARNING    - W&#xD;&#xD;
2024-01-09 15:43:06.638+01:00 [     5] WARNING    - W&#xD;&#xD;
2024-01-09 15:43:06.638+01:00 [     5] WARNING    - W&#xD;&#xD;
2024-01-09 15:43:06.638+01:00 [     5] WARNING    - W&#xD;&#xD;
2024-01-09 15:43:06.638+01:00 [     5] WARNING    - W&#xD;&#xD;
2024-01-09 15:43:06.638+01:00 [     5] WARNING    - W&#xD;&#xD;
2024-01-09 15:43:06.638+01:00 [     5] WARNING    - W&#xD;&#xD;
2024-01-09 15:43:06.638+01:00 [     5] WARNING    - W&#xD;&#xD;
2024-01-09 15:43:06.638+01:00 [     5] WARNING    - W&#xD;&#xD;
2024-01-09 15:43:06.638+01:00 [     5] WARNING    - W&#xD;&#xD;
2024-01-09 15:43:06.638+01:00 [     5] WARNING    - W&#xD;&#xD;
2024-01-09 15:43:06.638+01:00 [     5] WARNING    - W&#xD;&#xD;
2024-01-09 15:43:06.638+01:00 [     5] WARNING    - W&#xD;&#xD;
2024-01-09 15:43:06.638+01:00 [     5] WARNING    - W&#xD;&#xD;
2024-01-09 15:43:06.638+01:00 [     5] WARNING    - W&#xD;&#xD;
2024-01-09 15:43:06.638+01:00 [     5] WARNING    - W&#xD;&#xD;
2024-01-09 15:43:06.638+01:00 [     5] WARNING    - W&#xD;&#xD;
2024-01-09 15:43:06.638+01:00 [     5] WARNING    - W&#xD;&#xD;
2024-01-09 15:43:06.638+01:00 [     5] WARNING    - W&#xD;&#xD;
2024-01-09 15:43:06.638+01:00 [     5] WARNING    - W&#xD;&#xD;
2024-01-09 15:43:06.638+01:00 [     5] WARNING    - W&#xD;&#xD;
2024-01-09 15:43:06.638+01:00 [     5] WARNING    - W&#xD;&#xD;
2024-01-09 15:43:06.638+01:00 [     5] WARNING    - W&#xD;&#xD;
2024-01-09 15:43:06.638+01:00 [     5] WARNING    - W&#xD;&#xD;
2024-01-09 15:43:06.638+01:00 [     5] WARNING    - W&#xD;&#xD;
2024-01-09 15:43:06.638+01:00 [     5] WARNING    - W&#xD;&#xD;
2024-01-09 15:43:06.638+01:00 [     5] WARNING    - W&#xD;&#xD;
2024-01-09 15:43:06.638+01:00 [     5] WARNING    - W&#xD;&#xD;
2024-01-09 15:43:06.638+01:00 [     5] WARNING    - W&#xD;&#xD;
2024-01-09 15:43:06.638+01:00 [     5] WARNING    - W&#xD;&#xD;
2024-01-09 15:43:06.638+01:00 [     5] WARNING    - W&#xD;&#xD;
2024-01-09 15:43:06.638+01:00 [     5] WARNING    - W&#xD;&#xD;
2024-01-09 15:43:06.638+01:00 [     5] WARNING    - W&#xD;&#xD;
2024-01-09 15:43:06.638+01:00 [     5] WARNING    - W&#xD;&#xD;
2024-01-09 15:43:06.638+01:00 [     5] WARNING    - W&#xD;&#xD;
2024-01-09 15:43:06.638+01:00 [     5] WARNING    - W&#xD;&#xD;
2024-01-09 15:43:06.638+01:00 [     5] WARNING    - W&#xD;&#xD;
2024-01-09 15:43:06.638+01:00 [     5] WARNING    - W&#xD;&#xD;
2024-01-09 15:43:06.638+01:00 [     5] WARNING    - W&#xD;&#xD;
2024-01-09 15:43:06.638+01:00 [     5] WARNING    - W&#xD;&#xD;
2024-01-09 15:43:06.638+01:00 [     5] WARNING    - W&#xD;&#xD;
2024-01-09 15:43:06.638+01:00 [     5] WARNING    - W&#xD;&#xD;
2024-01-09 15:43:06.638+01:00 [     5] WARNING    - W&#xD;&#xD;
2024-01-09 15:43:06.638+01:00 [     5] WARNING    - W&#xD;&#xD;
2024-01-09 15:43:06.638+01:00 [     5] WARNING    - W&#xD;&#xD;
2024-01-09 15:43:06.638+01:00 [     5] WARNING    - W&#xD;&#xD;
2024-01-09 15:43:06.638+01:00 [     5] WARNING    - W&#xD;&#xD;
2024-01-09 15:43:06.638+01:00 [     5] WARNING    - W&#xD;&#xD;
2024-01-09 15:43:06.638+01:00 [     5] WARNING    - W&#xD;&#xD;
2024-01-09 15:43:06.638+01:00 [     5] WARNING    - W&#xD;&#xD;
2024-01-09 15:43:06.638+01:00 [     5] WARNING    - W&#xD;&#xD;
2024-01-09 15:43:06.638+01:00 [     5] WARNING    - W&#xD;&#xD;
2024-01-09 15:43:06.638+01:00 [     5] WARNING    - W&#xD;&#xD;
2024-01-09 15:43:06.638+01:00 [     5] WARNING    - W&#xD;&#xD;
2024-01-09 15:43:06.638+01:00 [     5] WARNING    - W&#xD;&#xD;
2024-01-09 15:43:06.638+01:00 [     5] WARNING    - W&#xD;&#xD;
2024-01-09 15:43:06.638+01:00 [     5] WARNING    - W&#xD;&#xD;
2024-01-09 15:43:06.638+01:00 [     5] WARNING    - W&#xD;&#xD;
2024-01-09 15:43:06.638+01:00 [     5] WARNING    - W&#xD;&#xD;
2024-01-09 15:43:06.638+01:00 [     5] WARNING    - W&#xD;&#xD;
2024-01-09 15:43:06.638+01:00 [     5] WARNING    - W&#xD;&#xD;
2024-01-09 15:43:06.638+01:00 [     5] WARNING    - W&#xD;&#xD;
2024-01-09 15:43:06.638+01:00 [     5] WARNING    - W&#xD;&#xD;
2024-01-09 15:43:06.638+01:00 [     5] WARNING    - W&#xD;&#xD;
2024-01-09 15:43:06.638+01:00 [     5] WARNING    - W&#xD;&#xD;
2024-01-09 15:43:06.638+01:00 [     5] WARNING    - W&#xD;&#xD;
2024-01-09 15:43:06.638+01:00 [     5] WARNING    - W&#xD;&#xD;
2024-01-09 15:43:06.638+01:00 [     5] WARNING    - W&#xD;&#xD;
2024-01-09 15:43:06.638+01:00 [     5] WARNING    - W&#xD;&#xD;
2024-01-09 15:43:06.638+01:00 [     5] WARNING    - W&#xD;&#xD;
2024-01-09 15:43:06.638+01:00 [     5] WARNING    - W&#xD;&#xD;
2024-01-09 15:43:06.638+01:00 [     5] WARNING    - W&#xD;&#xD;
2024-01-09 15:43:06.638+01:00 [     5] WARNING    - W&#xD;&#xD;
2024-01-09 15:43:06.638+01:00 [     5] WARNING    - W&#xD;&#xD;
2024-01-09 15:43:06.638+01:00 [     5] WARNING    - W&#xD;&#xD;
2024-01-09 15:43:06.638+01:00 [     5] WARNING    - W&#xD;&#xD;
2024-01-09 15:43:06.638+01:00 [     5] WARNING    - W&#xD;&#xD;
2024-01-09 15:43:06.638+01:00 [     5] WARNING    - W&#xD;&#xD;
2024-01-09 15:43:06.638+01:00 [     5] WARNING    - W&#xD;&#xD;
2024-01-09 15:43:06.638+01:00 [     5] WARNING    - W&#xD;&#xD;
2024-01-09 15:43:06.638+01:00 [     5] WARNING    - W&#xD;&#xD;
2024-01-09 15:43:06.638+01:00 [     5] WARNING    - W&#xD;&#xD;
2024-01-09 15:43:06.638+01:00 [     5] WARNING    - W&#xD;&#xD;
2024-01-09 15:43:06.638+01:00 [     5] WARNING    - W&#xD;&#xD;
2024-01-09 15:43:06.638+01:00 [     5] WARNING    - W&#xD;&#xD;
2024-01-09 15:43:06.638+01:00 [     5] WARNING    - W&#xD;&#xD;
2024-01-09 15:43:06.638+01:00 [     5] WARNING    - W&#xD;&#xD;
2024-01-09 15:43:06.638+01:00 [     5] WARNING    - W&#xD;&#xD;
2024-01-09 15:43:06.638+01:00 [     5] WARNING    - W&#xD;&#xD;
2024-01-09 15:43:06.638+01:00 [     5] WARNING    - W&#xD;&#xD;
2024-01-09 15:43:06.638+01:00 [     5] WARNING    - W&#xD;&#xD;
2024-01-09 15:43:06.638+01:00 [     5] WARNING    - W&#xD;&#xD;
2024-01-09 15:43:06.638+01:00 [     5] WARNING    - W&#xD;&#xD;
2024-01-09 15:43:06.638+01:00 [     5] WARNING    - W&#xD;&#xD;
2024-01-09 15:43:06.638+01:00 [     5] WARNING    - W&#xD;&#xD;
2024-01-09 15:43:06.638+01:00 [     5] WARNING    - W&#xD;&#xD;
2024-01-09 15:43:06.638+01:00 [     5] WARNING    - W&#xD;&#xD;
2024-01-09 15:43:06.638+01:00 [     5] WARNING    - W&#xD;&#xD;
2024-01-09 15:43:06.638+01:00 [     5] WARNING    - W&#xD;&#xD;
2024-01-09 15:43:06.638+01:00 [     5] WARNING    - W&#xD;&#xD;
2024-01-09 15:43:06.638+01:00 [     5] WARNING    - W&#xD;&#xD;
2024-01-09 15:43:06.638+01:00 [     5] WARNING    - W&#xD;&#xD;
2024-01-09 15:43:06.638+01:00 [     5] WARNING    - W&#xD;&#xD;
2024-01-09 15:43:06.638+01:00 [     5] WARNING    - W&#xD;&#xD;
2024-01-09 15:43:06.638+01:00 [     5] WARNING    - W&#xD;&#xD;
2024-01-09 15:43:06.638+01:00 [     5] WARNING    - W&#xD;&#xD;
2024-01-09 15:43:06.638+01:00 [     5] WARNING    - W&#xD;&#xD;
2024-01-09 15:43:06.638+01:00 [     5] WARNING    - W&#xD;&#xD;
2024-01-09 15:43:06.638+01:00 [     5] WARNING    - W&#xD;&#xD;
2024-01-09 15:43:06.638+01:00 [     5] WARNING    - W&#xD;&#xD;
2024-01-09 15:43:06.638+01:00 [     5] WARNING    - W&#xD;&#xD;
2024-01-09 15:43:06.638+01:00 [     5] WARNING    - W&#xD;&#xD;
2024-01-09 15:43:06.638+01:00 [     5] WARNING    - W&#xD;&#xD;
2024-01-09 15:43:06.638+01:00 [     5] WARNING    - W&#xD;&#xD;
2024-01-09 15:43:06.638+01:00 [     5] WARNING    - W&#xD;&#xD;
2024-01-09 15:43:06.638+01:00 [     5] WARNING    - W&#xD;&#xD;
2024-01-09 15:43:06.638+01:00 [     5] WARNING    - W&#xD;&#xD;
2024-01-09 15:43:06.638+01:00 [     5] WARNING    - W&#xD;&#xD;
2024-01-09 15:43:06.638+01:00 [     5] WARNING    - W&#xD;&#xD;
2024-01-09 15:43:06.638+01:00 [     5] WARNING    - W&#xD;&#xD;
2024-01-09 15:43:06.638+01:00 [     5] WARNING    - W&#xD;&#xD;
2024-01-09 15:43:06.638+01:00 [     5] WARNING    - W&#xD;&#xD;
2024-01-09 15:43:06.638+01:00 [     5] WARNING    - W&#xD;&#xD;
2024-01-09 15:43:06.638+01:00 [     5] WARNING    - W&#xD;&#xD;
2024-01-09 15:43:06.638+01:00 [     5] WARNING    - W&#xD;&#xD;
2024-01-09 15:43:06.638+01:00 [     5] WARNING    - W&#xD;&#xD;
2024-01-09 15:43:06.638+01:00 [     5] WARNING    - W&#xD;&#xD;
2024-01-09 15:43:06.638+01:00 [     5] WARNING    - W&#xD;&#xD;
2024-01-09 15:43:06.638+01:00 [     5] WARNING    - W&#xD;&#xD;
2024-01-09 15:43:06.638+01:00 [     5] WARNING    - W&#xD;&#xD;
2024-01-09 15:43:06.638+01:00 [     5] WARNING    - W&#xD;&#xD;
2024-01-09 15:43:06.638+01:00 [     5] WARNING    - W&#xD;&#xD;
2024-01-09 15:43:06.638+01:00 [     5] WARNING    - W&#xD;&#xD;
2024-01-09 15:43:06.638+01:00 [     5] WARNING    - W&#xD;&#xD;
2024-01-09 15:43:06.638+01:00 [     5] WARNING    - W&#xD;&#xD;
2024-01-09 15:43:06.638+01:00 [     5] WARNING    - W&#xD;&#xD;
2024-01-09 15:43:06.638+01:00 [     5] WARNING    - W&#xD;&#xD;
2024-01-09 15:43:06.638+01:00 [     5] WARNING    - W&#xD;&#xD;
2024-01-09 15:43:06.638+01:00 [     5] WARNING    - W&#xD;&#xD;
2024-01-09 15:43:06.638+01:00 [     5] WARNING    - W&#xD;&#xD;
2024-01-09 15:43:06.638+01:00 [     5] WARNING    - W&#xD;&#xD;
2024-01-09 15:43:06.638+01:00 [     5] WARNING    - W&#xD;&#xD;
2024-01-09 15:43:06.638+01:00 [     5] WARNING    - W&#xD;&#xD;
2024-01-09 15:43:06.638+01:00 [     5] WARNING    - W&#xD;&#xD;
2024-01-09 15:43:06.638+01:00 [     5] WARNING    - W&#xD;&#xD;
2024-01-09 15:43:06.638+01:00 [     5] WARNING    - W&#xD;&#xD;
2024-01-09 15:43:06.638+01:00 [     5] WARNING    - W&#xD;&#xD;
2024-01-09 15:43:06.638+01:00 [     5] WARNING    - W&#xD;&#xD;
2024-01-09 15:43:06.638+01:00 [     5] WARNING    - W&#xD;&#xD;
2024-01-09 15:43:06.638+01:00 [     5] WARNING    - W&#xD;&#xD;
2024-01-09 15:43:06.638+01:00 [     5] WARNING    - W&#xD;&#xD;
2024-01-09 15:43:06.638+01:00 [     5] WARNING    - W&#xD;&#xD;
2024-01-09 15:43:06.638+01:00 [     5] WARNING    - W&#xD;&#xD;
2024-01-09 15:43:06.638+01:00 [     5] WARNING    - W&#xD;&#xD;
2024-01-09 15:43:06.638+01:00 [     5] WARNING    - W&#xD;&#xD;
2024-01-09 15:43:06.638+01:00 [     5] WARNING    - W&#xD;&#xD;
2024-01-09 15:43:06.638+01:00 [     5] WARNING    - W&#xD;&#xD;
2024-01-09 15:43:06.638+01:00 [     5] WARNING    - W&#xD;&#xD;
2024-01-09 15:43:06.638+01:00 [     5] WARNING    - W&#xD;&#xD;
2024-01-09 15:43:06.638+01:00 [     5] WARNING    - W&#xD;&#xD;
2024-01-09 15:43:06.638+01:00 [     5] WARNING    - W&#xD;&#xD;
2024-01-09 15:43:06.638+01:00 [     5] WARNING    - W&#xD;&#xD;
2024-01-09 15:43:06.638+01:00 [     5] WARNING    - W&#xD;&#xD;
2024-01-09 15:43:06.638+01:00 [     5] WARNING    - W&#xD;&#xD;
2024-01-09 15:43:06.638+01:00 [     5] WARNING    - W&#xD;&#xD;
2024-01-09 15:43:06.638+01:00 [     5] WARNING    - W&#xD;&#xD;
2024-01-09 15:43:06.638+01:00 [     5] WARNING    - W&#xD;&#xD;
2024-01-09 15:43:06.638+01:00 [     5] WARNING    - W&#xD;&#xD;
2024-01-09 15:43:06.638+01:00 [     5] WARNING    - W&#xD;&#xD;
2024-01-09 15:43:06.638+01:00 [     5] WARNING    - W&#xD;&#xD;
2024-01-09 15:43:06.638+01:00 [     5] WARNING    - W&#xD;&#xD;
2024-01-09 15:43:06.638+01:00 [     5] WARNING    - W&#xD;&#xD;
2024-01-09 15:43:06.638+01:00 [     5] WARNING    - W&#xD;&#xD;
2024-01-09 15:43:06.638+01:00 [     5] WARNING    - W&#xD;&#xD;
2024-01-09 15:43:06.638+01:00 [     5] WARNING    - W&#xD;&#xD;
2024-01-09 15:43:06.638+01:00 [     5] WARNING    - W&#xD;&#xD;
2024-01-09 15:43:06.638+01:00 [     5] WARNING    - W&#xD;&#xD;
2024-01-09 15:43:06.638+01:00 [     5] WARNING    - W&#xD;&#xD;
2024-01-09 15:43:06.638+01:00 [     5] WARNING    - W&#xD;&#xD;
2024-01-09 15:43:06.638+01:00 [     5] WARNING    - W&#xD;&#xD;
2024-01-09 15:43:06.638+01:00 [     5] WARNING    - W&#xD;&#xD;
2024-01-09 15:43:06.638+01:00 [     5] WARNING    - W&#xD;&#xD;
2024-01-09 15:43:06.638+01:00 [     5] WARNING    - W&#xD;&#xD;
2024-01-09 15:43:06.638+01:00 [     5] WARNING    - W&#xD;&#xD;
2024-01-09 15:43:06.638+01:00 [     5] WARNING    - W&#xD;&#xD;
2024-01-09 15:43:06.638+01:00 [     5] WARNING    - W&#xD;&#xD;
2024-01-09 15:43:06.638+01:00 [     5] WARNING    - W&#xD;&#xD;
2024-01-09 15:43:06.638+01:00 [     5] WARNING    - W&#xD;&#xD;
2024-01-09 15:43:06.638+01:00 [     5] WARNING    - W&#xD;&#xD;
2024-01-09 15:43:06.638+01:00 [     5] WARNING    - W&#xD;&#xD;
2024-01-09 15:43:06.638+01:00 [     5] WARNING    - W&#xD;&#xD;
2024-01-09 15:43:06.638+01:00 [     5] WARNING    - W&#xD;&#xD;
2024-01-09 15:43:06.638+01:00 [     5] WARNING    - W&#xD;&#xD;
2024-01-09 15:43:06.638+01:00 [     5] WARNING    - W&#xD;&#xD;
2024-01-09 15:43:06.638+01:00 [     5] WARNING    - W&#xD;&#xD;
2024-01-09 15:43:06.638+01:00 [     5] WARNING    - W&#xD;&#xD;
2024-01-09 15:43:06.638+01:00 [     5] WARNING    - W&#xD;&#xD;
2024-01-09 15:43:06.638+01:00 [     5] WARNING    - W&#xD;&#xD;
2024-01-09 15:43:06.638+01:00 [     5] WARNING    - W&#xD;&#xD;
2024-01-09 15:43:06.638+01:00 [     5] WARNING    - W&#xD;&#xD;
2024-01-09 15:43:06.638+01:00 [     5] WARNING    - W&#xD;&#xD;
2024-01-09 15:43:06.638+01:00 [     5] WARNING    - W&#xD;&#xD;
2024-01-09 15:43:06.638+01:00 [     5] WARNING    - W&#xD;&#xD;
2024-01-09 15:43:06.638+01:00 [     5] WARNING    - W&#xD;&#xD;
2024-01-09 15:43:06.638+01:00 [     5] WARNING    - W&#xD;&#xD;
2024-01-09 15:43:06.638+01:00 [     5] WARNING    - W&#xD;&#xD;
2024-01-09 15:43:06.638+01:00 [     5] WARNING    - W&#xD;&#xD;
2024-01-09 15:43:06.638+01:00 [     5] WARNING    - W&#xD;&#xD;
2024-01-09 15:43:06.638+01:00 [     5] WARNING    - W&#xD;&#xD;
2024-01-09 15:43:06.638+01:00 [     5] WARNING    - W&#xD;&#xD;
2024-01-09 15:43:06.638+01:00 [     5] WARNING    - W&#xD;&#xD;
2024-01-09 15:43:06.638+01:00 [     5] WARNING    - W&#xD;&#xD;
2024-01-09 15:43:06.638+01:00 [     5] WARNING    - W&#xD;&#xD;
2024-01-09 15:43:06.638+01:00 [     5] WARNING    - W&#xD;&#xD;
2024-01-09 15:43:06.638+01:00 [     5] WARNING    - W&#xD;&#xD;
2024-01-09 15:43:06.638+01:00 [     5] WARNING    - W&#xD;&#xD;
2024-01-09 15:43:06.638+01:00 [     5] WARNING    - W&#xD;&#xD;
2024-01-09 15:43:06.638+01:00 [     5] WARNING    - W&#xD;&#xD;
2024-01-09 15:43:06.638+01:00 [     5] WARNING    - W&#xD;&#xD;
2024-01-09 15:43:06.638+01:00 [     5] WARNING    - W&#xD;&#xD;
2024-01-09 15:43:06.638+01:00 [     5] WARNING    - W&#xD;&#xD;
2024-01-09 15:43:06.638+01:00 [     5] WARNING    - W&#xD;&#xD;
2024-01-09 15:43:06.638+01:00 [     5] WARNING    - W&#xD;&#xD;
2024-01-09 15:43:06.638+01:00 [     5] WARNING    - W&#xD;&#xD;
2024-01-09 15:43:06.638+01:00 [     5] WARNING    - W&#xD;&#xD;
2024-01-09 15:43:06.638+01:00 [     5] WARNING    - W&#xD;&#xD;
2024-01-09 15:43:06.638+01:00 [     5] WARNING    - W&#xD;&#xD;
2024-01-09 15:43:06.638+01:00 [     5] WARNING    - W&#xD;&#xD;
2024-01-09 15:43:06.638+01:00 [     5] WARNING    - W&#xD;&#xD;
2024-01-09 15:43:06.638+01:00 [     5] WARNING    - W&#xD;&#xD;
2024-01-09 15:43:06.638+01:00 [     5] WARNING    - W&#xD;&#xD;
2024-01-09 15:43:06.638+01:00 [     5] WARNING    - W&#xD;&#xD;
2024-01-09 15:43:06.638+01:00 [     5] WARNING    - W&#xD;&#xD;
2024-01-09 15:43:06.638+01:00 [     5] WARNING    - W&#xD;&#xD;
2024-01-09 15:43:06.638+01:00 [     5] WARNING    - W&#xD;&#xD;
2024-01-09 15:43:06.638+01:00 [     5] WARNING    - W&#xD;&#xD;
2024-01-09 15:43:06.638+01:00 [     5] WARNING    - W&#xD;&#xD;
2024-01-09 15:43:06.638+01:00 [     5] WARNING    - W&#xD;&#xD;
2024-01-09 15:43:06.638+01:00 [     5] WARNING    - W&#xD;&#xD;
2024-01-09 15:43:06.638+01:00 [     5] WARNING    - W&#xD;&#xD;
2024-01-09 15:43:06.638+01:00 [     5] WARNING    - W&#xD;&#xD;
2024-01-09 15:43:06.638+01:00 [     5] WARNING    - W&#xD;&#xD;
2024-01-09 15:43:06.638+01:00 [     5] WARNING    - W&#xD;&#xD;
2024-01-09 15:43:06.638+01:00 [     5] WARNING    - W&#xD;&#xD;
2024-01-09 15:43:06.638+01:00 [     5] WARNING    - W&#xD;&#xD;
2024-01-09 15:43:06.638+01:00 [     5] WARNING    - W&#xD;&#xD;
2024-01-09 15:43:06.638+01:00 [     5] WARNING    - W&#xD;&#xD;
2024-01-09 15:43:06.638+01:00 [     5] WARNING    - W&#xD;&#xD;
2024-01-09 15:43:06.638+01:00 [     5] WARNING    - W&#xD;&#xD;
2024-01-09 15:43:06.638+01:00 [     5] WARNING    - W&#xD;&#xD;
2024-01-09 15:43:06.638+01:00 [     5] WARNING    - W&#xD;&#xD;
2024-01-09 15:43:06.638+01:00 [     5] WARNING    - W&#xD;&#xD;
2024-01-09 15:43:06.638+01:00 [     5] WARNING    - W&#xD;&#xD;
2024-01-09 15:43:06.638+01:00 [     5] WARNING    - W&#xD;&#xD;
2024-01-09 15:43:06.638+01:00 [     5] WARNING    - W&#xD;&#xD;
2024-01-09 15:43:06.638+01:00 [     5] WARNING    - W&#xD;&#xD;
2024-01-09 15:43:06.638+01:00 [     5] WARNING    - W&#xD;&#xD;
2024-01-09 15:43:06.638+01:00 [     5] WARNING    - W&#xD;&#xD;
2024-01-09 15:43:06.638+01:00 [     5] WARNING    - W&#xD;&#xD;
2024-01-09 15:43:06.638+01:00 [     5] WARNING    - W&#xD;&#xD;
2024-01-09 15:43:06.638+01:00 [     5] WARNING    - W&#xD;&#xD;
2024-01-09 15:43:06.638+01:00 [     5] WARNING    - W&#xD;&#xD;
2024-01-09 15:43:06.638+01:00 [     5] WARNING    - W&#xD;&#xD;
2024-01-09 15:43:06.638+01:00 [     5] WARNING    - W&#xD;&#xD;
2024-01-09 15:43:06.638+01:00 [     5] WARNING    - W&#xD;&#xD;
2024-01-09 15:43:06.638+01:00 [     5] WARNING    - W&#xD;&#xD;
2024-01-09 15:43:06.638+01:00 [     5] WARNING    - W&#xD;&#xD;
2024-01-09 15:43:06.638+01:00 [     5] WARNING    - W&#xD;&#xD;
2024-01-09 15:43:06.638+01:00 [     5] WARNING    - W&#xD;&#xD;
2024-01-09 15:43:06.638+01:00 [     5] WARNING    - W&#xD;&#xD;
2024-01-09 15:43:06.638+01:00 [     5] WARNING    - W&#xD;&#xD;
2024-01-09 15:43:06.638+01:00 [     5] WARNING    - W&#xD;&#xD;
2024-01-09 15:43:06.638+01:00 [     5] WARNING    - W&#xD;&#xD;
2024-01-09 15:43:06.638+01:00 [     5] WARNING    - W&#xD;&#xD;
2024-01-09 15:43:06.638+01:00 [     5] WARNING    - W&#xD;&#xD;
2024-01-09 15:43:06.638+01:00 [     5] WARNING    - W&#xD;&#xD;
2024-01-09 15:43:06.638+01:00 [     5] WARNING    - W&#xD;&#xD;
2024-01-09 15:43:06.638+01:00 [     5] WARNING    - W&#xD;&#xD;
2024-01-09 15:43:06.638+01:00 [     5] WARNING    - W&#xD;&#xD;
2024-01-09 15:43:06.638+01:00 [     5] WARNING    - W&#xD;&#xD;
2024-01-09 15:43:06.638+01:00 [     5] WARNING    - W&#xD;&#xD;
2024-01-09 15:43:06.638+01:00 [     5] WARNING    - W&#xD;&#xD;
2024-01-09 15:43:06.638+01:00 [     5] WARNING    - W&#xD;&#xD;
2024-01-09 15:43:06.638+01:00 [     5] WARNING    - W&#xD;&#xD;
2024-01-09 15:43:06.638+01:00 [     5] WARNING    - W&#xD;&#xD;
2024-01-09 15:43:06.638+01:00 [     5] WARNING    - W&#xD;&#xD;
2024-01-09 15:43:06.638+01:00 [     5] WARNING    - W&#xD;&#xD;
2024-01-09 15:43:06.638+01:00 [     5] WARNING    - W&#xD;&#xD;
2024-01-09 15:43:06.638+01:00 [     5] WARNING    - W&#xD;&#xD;
2024-01-09 15:43:06.638+01:00 [     5] WARNING    - W&#xD;&#xD;
2024-01-09 15:43:06.638+01:00 [     5] WARNING    - W&#xD;&#xD;
2024-01-09 15:43:06.638+01:00 [     5] WARNING    - W&#xD;&#xD;
2024-01-09 15:43:06.638+01:00 [     5] WARNING    - W&#xD;&#xD;
2024-01-09 15:43:06.638+01:00 [     5] WARNING    - W&#xD;&#xD;
2024-01-09 15:43:06.638+01:00 [     5] WARNING    - W&#xD;&#xD;
2024-01-09 15:43:06.638+01:00 [     5] WARNING    - W&#xD;&#xD;
2024-01-09 15:43:06.638+01:00 [     5] WARNING    - W&#xD;&#xD;
2024-01-09 15:43:06.638+01:00 [     5] WARNING    - W&#xD;&#xD;
2024-01-09 15:43:06.638+01:00 [     5] WARNING    - W&#xD;&#xD;
2024-01-09 15:43:06.638+01:00 [     5] WARNING    - W&#xD;&#xD;
2024-01-09 15:43:06.638+01:00 [     5] WARNING    - W&#xD;&#xD;
2024-01-09 15:43:06.638+01:00 [     5] WARNING    - W&#xD;&#xD;
2024-01-09 15:43:06.638+01:00 [     5] WARNING    - W&#xD;&#xD;
2024-01-09 15:43:06.638+01:00 [     5] WARNING    - W&#xD;&#xD;
2024-01-09 15:43:06.638+01:00 [     5] WARNING    - W&#xD;&#xD;
2024-01-09 15:43:06.638+01:00 [     5] WARNING    - W&#xD;&#xD;
2024-01-09 15:43:06.638+01:00 [     5] WARNING    - W&#xD;&#xD;
2024-01-09 15:43:06.638+01:00 [     5] WARNING    - W&#xD;&#xD;
2024-01-09 15:43:06.638+01:00 [     5] WARNING    - W&#xD;&#xD;
2024-01-09 15:43:06.638+01:00 [     5] WARNING    - W&#xD;&#xD;
2024-01-09 15:43:06.638+01:00 [     5] WARNING    - W&#xD;&#xD;
2024-01-09 15:43:06.638+01:00 [     5] WARNING    - W&#xD;&#xD;
2024-01-09 15:43:06.638+01:00 [     5] WARNING    - W&#xD;&#xD;
2024-01-09 15:43:06.638+01:00 [     5] WARNING    - W&#xD;&#xD;
2024-01-09 15:43:06.638+01:00 [     5] WARNING    - W&#xD;&#xD;
2024-01-09 15:43:06.638+01:00 [     5] WARNING    - W&#xD;&#xD;
2024-01-09 15:43:06.638+01:00 [     5] WARNING    - W&#xD;&#xD;
2024-01-09 15:43:06.638+01:00 [     5] WARNING    - W&#xD;&#xD;
2024-01-09 15:43:06.638+01:00 [     5] WARNING    - W&#xD;&#xD;
2024-01-09 15:43:06.638+01:00 [     5] WARNING    - W&#xD;&#xD;
2024-01-09 15:43:06.638+01:00 [     5] WARNING    - W&#xD;&#xD;
2024-01-09 15:43:06.638+01:00 [     5] WARNING    - W&#xD;&#xD;
2024-01-09 15:43:06.638+01:00 [     5] WARNING    - W&#xD;&#xD;
2024-01-09 15:43:06.638+01:00 [     5] WARNING    - W&#xD;&#xD;
2024-01-09 15:43:06.638+01:00 [     5] WARNING    - W&#xD;&#xD;
2024-01-09 15:43:06.638+01:00 [     5] WARNING    - W&#xD;&#xD;
2024-01-09 15:43:06.638+01:00 [     5] WARNING    - W&#xD;&#xD;
2024-01-09 15:43:06.638+01:00 [     5] WARNING    - W&#xD;&#xD;
2024-01-09 15:43:06.638+01:00 [     5] WARNING    - W&#xD;&#xD;
2024-01-09 15:43:06.638+01:00 [     5] WARNING    - W&#xD;&#xD;
2024-01-09 15:43:06.638+01:00 [     5] WARNING    - W&#xD;&#xD;
2024-01-09 15:43:06.638+01:00 [     5] WARNING    - W&#xD;&#xD;
2024-01-09 15:43:06.638+01:00 [     5] WARNING    - W&#xD;&#xD;
2024-01-09 15:43:06.638+01:00 [     5] WARNING    - W&#xD;&#xD;
2024-01-09 15:43:06.638+01:00 [     5] WARNING    - W&#xD;&#xD;
2024-01-09 15:43:06.638+01:00 [     5] WARNING    - W&#xD;&#xD;
2024-01-09 15:43:06.638+01:00 [     5] WARNING    - W&#xD;&#xD;
2024-01-09 15:43:06.638+01:00 [     5] WARNING    - W&#xD;&#xD;
2024-01-09 15:43:06.638+01:00 [     5] WARNING    - W&#xD;&#xD;
2024-01-09 15:43:06.638+01:00 [     5] WARNING    - W&#xD;&#xD;
2024-01-09 15:43:06.638+01:00 [     5] WARNING    - W&#xD;&#xD;
2024-01-09 15:43:06.638+01:00 [     5] WARNING    - W&#xD;&#xD;
2024-01-09 15:43:06.638+01:00 [     5] WARNING    - W&#xD;&#xD;
2024-01-09 15:43:06.638+01:00 [     5] WARNING    - W&#xD;&#xD;
2024-01-09 15:43:06.638+01:00 [     5] WARNING    - W&#xD;&#xD;
2024-01-09 15:43:06.638+01:00 [     5] WARNING    - W&#xD;&#xD;
2024-01-09 15:43:06.638+01:00 [     5] WARNING    - W&#xD;&#xD;
2024-01-09 15:43:06.638+01:00 [     5] WARNING    - W&#xD;&#xD;
2024-01-09 15:43:06.638+01:00 [     5] WARNING    - W&#xD;&#xD;
2024-01-09 15:43:06.638+01:00 [     5] WARNING    - W&#xD;&#xD;
2024-01-09 15:43:06.638+01:00 [     5] WARNING    - W&#xD;&#xD;
2024-01-09 15:43:06.638+01:00 [     5] WARNING    - W&#xD;&#xD;
2024-01-09 15:43:06.638+01:00 [     5] WARNING    - W&#xD;&#xD;
2024-01-09 15:43:06.638+01:00 [     5] WARNING    - W&#xD;&#xD;
2024-01-09 15:43:06.638+01:00 [     5] WARNING    - W&#xD;&#xD;
2024-01-09 15:43:06.638+01:00 [     5] WARNING    - W&#xD;&#xD;
2024-01-09 15:43:06.638+01:00 [     5] WARNING    - W&#xD;&#xD;
2024-01-09 15:43:06.638+01:00 [     5] WARNING    - W&#xD;&#xD;
2024-01-09 15:43:06.638+01:00 [     5] WARNING    - W&#xD;&#xD;
2024-01-09 15:43:06.638+01:00 [     5] WARNING    - W&#xD;&#xD;
2024-01-09 15:43:06.638+01:00 [     5] WARNING    - W&#xD;&#xD;
2024-01-09 15:43:06.638+01:00 [     5] WARNING    - W&#xD;&#xD;
2024-01-09 15:43:06.638+01:00 [     5] WARNING    - W&#xD;&#xD;
2024-01-09 15:43:06.638+01:00 [     5] WARNING    - W&#xD;&#xD;
2024-01-09 15:43:06.638+01:00 [     5] WARNING    - W&#xD;&#xD;
2024-01-09 15:43:06.638+01:00 [     5] WARNING    - W&#xD;&#xD;
2024-01-09 15:43:06.638+01:00 [     5] WARNING    - W&#xD;&#xD;
2024-01-09 15:43:06.638+01:00 [     5] WARNING    - W&#xD;&#xD;
2024-01-09 15:43:06.638+01:00 [     5] WARNING    - W&#xD;&#xD;
2024-01-09 15:43:06.638+01:00 [     5] WARNING    - W&#xD;&#xD;
2024-01-09 15:43:06.638+01:00 [     5] WARNING    - W&#xD;&#xD;
2024-01-09 15:43:06.638+01:00 [     5] WARNING    - W&#xD;&#xD;
2024-01-09 15:43:06.638+01:00 [     5] WARNING    - W&#xD;&#xD;
2024-01-09 15:43:06.638+01:00 [     5] WARNING    - W&#xD;&#xD;
2024-01-09 15:43:06.638+01:00 [     5] WARNING    - W&#xD;&#xD;
2024-01-09 15:43:06.638+01:00 [     5] WARNING    - W&#xD;&#xD;
2024-01-09 15:43:06.638+01:00 [     5] WARNING    - W&#xD;&#xD;
2024-01-09 15:43:06.638+01:00 [     5] WARNING    - W&#xD;&#xD;
2024-01-09 15:43:06.638+01:00 [     5] WARNING    - W&#xD;&#xD;
2024-01-09 15:43:06.638+01:00 [     5] WARNING    - W&#xD;&#xD;
2024-01-09 15:43:06.638+01:00 [     5] WARNING    - W&#xD;&#xD;
2024-01-09 15:43:06.638+01:00 [     5] WARNING    - W&#xD;&#xD;
2024-01-09 15:43:06.638+01:00 [     5] WARNING    - W&#xD;&#xD;
2024-01-09 15:43:06.638+01:00 [     5] WARNING    - W&#xD;&#xD;
2024-01-09 15:43:06.638+01:00 [     5] WARNING    - W&#xD;&#xD;
2024-01-09 15:43:06.638+01:00 [     5] WARNING    - W&#xD;&#xD;
2024-01-09 15:43:06.638+01:00 [     5] WARNING    - W&#xD;&#xD;
2024-01-09 15:43:06.638+01:00 [     5] WARNING    - W&#xD;&#xD;
2024-01-09 15:43:06.638+01:00 [     5] WARNING    - W&#xD;&#xD;
2024-01-09 15:43:06.638+01:00 [     5] WARNING    - W&#xD;&#xD;
2024-01-09 15:43:06.638+01:00 [     5] WARNING    - W&#xD;&#xD;
2024-01-09 15:43:06.638+01:00 [     5] WARNING    - W&#xD;&#xD;
2024-01-09 15:43:06.638+01:00 [     5] WARNING    - W&#xD;&#xD;
2024-01-09 15:43:06.638+01:00 [     5] WARNING    - W&#xD;&#xD;
2024-01-09 15:43:06.638+01:00 [     5] WARNING    - W&#xD;&#xD;
2024-01-09 15:43:06.638+01:00 [     5] WARNING    - W&#xD;&#xD;
2024-01-09 15:43:06.638+01:00 [     5] WARNING    - W&#xD;&#xD;
2024-01-09 15:43:06.638+01:00 [     5] WARNING    - W&#xD;&#xD;
2024-01-09 15:43:06.638+01:00 [     5] WARNING    - W&#xD;&#xD;
2024-01-09 15:43:06.638+01:00 [     5] WARNING    - W&#xD;&#xD;
2024-01-09 15:43:06.638+01:00 [     5] WARNING    - W&#xD;&#xD;
2024-01-09 15:43:06.638+01:00 [     5] WARNING    - W&#xD;&#xD;
2024-01-09 15:43:06.638+01:00 [     5] WARNING    - W&#xD;&#xD;
2024-01-09 15:43:06.638+01:00 [     5] WARNING    - W&#xD;&#xD;
2024-01-09 15:43:06.638+01:00 [     5] WARNING    - W&#xD;&#xD;
2024-01-09 15:43:06.638+01:00 [     5] WARNING    - W&#xD;&#xD;
2024-01-09 15:43:06.638+01:00 [     5] WARNING    - W&#xD;&#xD;
2024-01-09 15:43:06.638+01:00 [     5] WARNING    - W&#xD;&#xD;
2024-01-09 15:43:06.638+01:00 [     5] WARNING    - W&#xD;&#xD;
2024-01-09 15:43:06.638+01:00 [     5] WARNING    - W&#xD;&#xD;
2024-01-09 15:43:06.638+01:00 [     5] WARNING    - W&#xD;&#xD;
2024-01-09 15:43:06.638+01:00 [     5] WARNING    - W&#xD;&#xD;
2024-01-09 15:43:06.638+01:00 [     5] WARNING    - W&#xD;&#xD;
2024-01-09 15:43:06.638+01:00 [     5] WARNING    - W&#xD;&#xD;
2024-01-09 15:43:06.638+01:00 [     5] WARNING    - W&#xD;&#xD;
2024-01-09 15:43:06.638+01:00 [     5] WARNING    - W&#xD;&#xD;
2024-01-09 15:43:06.638+01:00 [     5] WARNING    - W&#xD;&#xD;
2024-01-09 15:43:06.638+01:00 [     5] WARNING    - W&#xD;&#xD;
2024-01-09 15:43:06.638+01:00 [     5] WARNING    - W&#xD;&#xD;
2024-01-09 15:43:06.638+01:00 [     5] WARNING    - W&#xD;&#xD;
2024-01-09 15:43:06.638+01:00 [     5] WARNING    - W&#xD;&#xD;
2024-01-09 15:43:06.638+01:00 [     5] WARNING    - W&#xD;&#xD;
2024-01-09 15:43:06.638+01:00 [     5] WARNING    - W&#xD;&#xD;
2024-01-09 15:43:06.638+01:00 [     5] WARNING    - W&#xD;&#xD;
2024-01-09 15:43:06.638+01:00 [     5] WARNING    - W&#xD;&#xD;
2024-01-09 15:43:06.638+01:00 [     5] WARNING    - W&#xD;&#xD;
2024-01-09 15:43:06.638+01:00 [     5] WARNING    - W&#xD;&#xD;
2024-01-09 15:43:06.638+01:00 [     5] WARNING    - W&#xD;&#xD;
2024-01-09 15:43:06.638+01:00 [     5] WARNING    - W&#xD;&#xD;
2024-01-09 15:43:06.638+01:00 [     5] WARNING    - W&#xD;&#xD;
2024-01-09 15:43:06.638+01:00 [     5] WARNING    - W&#xD;&#xD;
2024-01-09 15:43:06.638+01:00 [     5] WARNING    - W&#xD;&#xD;
2024-01-09 15:43:06.638+01:00 [     5] WARNING    - W&#xD;&#xD;
2024-01-09 15:43:06.638+01:00 [     5] WARNING    - W&#xD;&#xD;
2024-01-09 15:43:06.638+01:00 [     5] WARNING    - W&#xD;&#xD;
2024-01-09 15:43:06.638+01:00 [     5] WARNING    - W&#xD;&#xD;
2024-01-09 15:43:06.638+01:00 [     5] WARNING    - W&#xD;&#xD;
2024-01-09 15:43:06.638+01:00 [     5] WARNING    - W&#xD;&#xD;
2024-01-09 15:43:06.638+01:00 [     5] WARNING    - W&#xD;&#xD;
2024-01-09 15:43:06.638+01:00 [     5] WARNING    - W&#xD;&#xD;
2024-01-09 15:43:06.638+01:00 [     5] WARNING    - W&#xD;&#xD;
2024-01-09 15:43:06.638+01:00 [     5] WARNING    - W&#xD;&#xD;
2024-01-09 15:43:06.638+01:00 [     5] WARNING    - W&#xD;&#xD;
2024-01-09 15:43:06.638+01:00 [     5] WARNING    - W&#xD;&#xD;
2024-01-09 15:43:06.638+01:00 [     5] WARNING    - W&#xD;&#xD;
2024-01-09 15:43:06.638+01:00 [     5] WARNING    - W&#xD;&#xD;
2024-01-09 15:43:06.638+01:00 [     5] WARNING    - W&#xD;&#xD;
2024-01-09 15:43:06.638+01:00 [     5] WARNING    - W&#xD;&#xD;
2024-01-09 15:43:06.638+01:00 [     5] WARNING    - W&#xD;&#xD;
2024-01-09 15:43:06.638+01:00 [     5] WARNING    - W&#xD;&#xD;
2024-01-09 15:43:06.638+01:00 [     5] WARNING    - W&#xD;&#xD;
2024-01-09 15:43:06.638+01:00 [     5] WARNING    - W&#xD;&#xD;
2024-01-09 15:43:06.638+01:00 [     5] WARNING    - W&#xD;&#xD;
2024-01-09 15:43:06.638+01:00 [     5] WARNING    - W&#xD;&#xD;
2024-01-09 15:43:06.638+01:00 [     5] WARNING    - W&#xD;&#xD;
2024-01-09 15:43:06.638+01:00 [     5] WARNING    - W&#xD;&#xD;
2024-01-09 15:43:06.638+01:00 [     5] WARNING    - W&#xD;&#xD;
2024-01-09 15:43:06.638+01:00 [     5] WARNING    - W&#xD;&#xD;
2024-01-09 15:43:06.638+01:00 [     5] WARNING    - W&#xD;&#xD;
2024-01-09 15:43:06.638+01:00 [     5] WARNING    - W&#xD;&#xD;
2024-01-09 15:43:06.638+01:00 [     5] WARNING    - W&#xD;&#xD;
2024-01-09 15:43:06.638+01:00 [     5] WARNING    - W&#xD;&#xD;
2024-01-09 15:43:06.638+01:00 [     5] WARNING    - W&#xD;&#xD;
2024-01-09 15:43:06.638+01:00 [     5] WARNING    - W&#xD;&#xD;
2024-01-09 15:43:06.638+01:00 [     5] WARNING    - W&#xD;&#xD;
2024-01-09 15:43:06.638+01:00 [     5] WARNING    - W&#xD;&#xD;
2024-01-09 15:43:06.638+01:00 [     5] WARNING    - W&#xD;&#xD;
2024-01-09 15:43:06.638+01:00 [     5] WARNING    - W&#xD;&#xD;
2024-01-09 15:43:06.638+01:00 [     5] WARNING    - W&#xD;&#xD;
2024-01-09 15:43:06.638+01:00 [     5] WARNING    - W&#xD;&#xD;
2024-01-09 15:43:06.638+01:00 [     5] WARNING    - W&#xD;&#xD;
2024-01-09 15:43:06.638+01:00 [     5] WARNING    - W&#xD;&#xD;
2024-01-09 15:43:06.638+01:00 [     5] WARNING    - W&#xD;&#xD;
2024-01-09 15:43:06.638+01:00 [     5] WARNING    - W&#xD;&#xD;
2024-01-09 15:43:06.638+01:00 [     5] WARNING    - W&#xD;&#xD;
2024-01-09 15:43:06.638+01:00 [     5] WARNING    - W&#xD;&#xD;
2024-01-09 15:43:06.638+01:00 [     5] WARNING    - W&#xD;&#xD;
2024-01-09 15:43:06.638+01:00 [     5] WARNING    - W&#xD;&#xD;
2024-01-09 15:43:06.638+01:00 [     5] WARNING    - W&#xD;&#xD;
2024-01-09 15:43:06.638+01:00 [     5] WARNING    - W&#xD;&#xD;
2024-01-09 15:43:06.638+01:00 [     5] WARNING    - W&#xD;&#xD;
2024-01-09 15:43:06.638+01:00 [     5] WARNING    - W&#xD;&#xD;
2024-01-09 15:43:06.638+01:00 [     5] WARNING    - W&#xD;&#xD;
2024-01-09 15:43:06.638+01:00 [     5] WARNING    - W&#xD;&#xD;
2024-01-09 15:43:06.638+01:00 [     5] WARNING    - W&#xD;&#xD;
2024-01-09 15:43:06.638+01:00 [     5] WARNING    - W&#xD;&#xD;
2024-01-09 15:43:06.638+01:00 [     5] WARNING    - W&#xD;&#xD;
2024-01-09 15:43:06.638+01:00 [     5] WARNING    - W&#xD;&#xD;
2024-01-09 15:43:06.638+01:00 [     5] WARNING    - W&#xD;&#xD;
2024-01-09 15:43:06.638+01:00 [     5] WARNING    - W&#xD;&#xD;
2024-01-09 15:43:06.638+01:00 [     5] WARNING    - W&#xD;&#xD;
2024-01-09 15:43:06.638+01:00 [     5] WARNING    - W&#xD;&#xD;
2024-01-09 15:43:06.638+01:00 [     5] WARNING    - W&#xD;&#xD;
2024-01-09 15:43:06.638+01:00 [     5] WARNING    - W&#xD;&#xD;
2024-01-09 15:43:06.638+01:00 [     5] WARNING    - W&#xD;&#xD;
2024-01-09 15:43:06.638+01:00 [     5] WARNING    - W&#xD;&#xD;
2024-01-09 15:43:06.638+01:00 [     5] WARNING    - W&#xD;&#xD;
2024-01-09 15:43:06.638+01:00 [     5] WARNING    - W&#xD;&#xD;
2024-01-09 15:43:06.638+01:00 [     5] WARNING    - W&#xD;&#xD;
2024-01-09 15:43:06.638+01:00 [     5] WARNING    - W&#xD;&#xD;
2024-01-09 15:43:06.638+01:00 [     5] WARNING    - W&#xD;&#xD;
2024-01-09 15:43:06.638+01:00 [     5] WARNING    - W&#xD;&#xD;
2024-01-09 15:43:06.638+01:00 [     5] WARNING    - W&#xD;&#xD;
2024-01-09 15:43:06.638+01:00 [     5] WARNING    - W&#xD;&#xD;
2024-01-09 15:43:06.638+01:00 [     5] WARNING    - W&#xD;&#xD;
2024-01-09 15:43:06.638+01:00 [     5] WARNING    - W&#xD;&#xD;
2024-01-09 15:43:06.638+01:00 [     5] WARNING    - W&#xD;&#xD;
2024-01-09 15:43:06.638+01:00 [     5] WARNING    - W&#xD;&#xD;
2024-01-09 15:43:06.638+01:00 [     5] WARNING    - W&#xD;&#xD;
2024-01-09 15:43:06.638+01:00 [     5] WARNING    - W&#xD;&#xD;
2024-01-09 15:43:06.638+01:00 [     5] WARNING    - W&#xD;&#xD;
2024-01-09 15:43:06.638+01:00 [     5] WARNING    - W&#xD;&#xD;
2024-01-09 15:43:06.638+01:00 [     5] WARNING    - W&#xD;&#xD;
2024-01-09 15:43:06.638+01:00 [     5] WARNING    - W&#xD;&#xD;
2024-01-09 15:43:06.638+01:00 [     5] WARNING    - W&#xD;&#xD;
2024-01-09 15:43:06.638+01:00 [     5] WARNING    - W&#xD;&#xD;
2024-01-09 15:43:06.638+01:00 [     5] WARNING    - W&#xD;&#xD;
2024-01-09 15:43:06.638+01:00 [     5] WARNING    - W&#xD;&#xD;
2024-01-09 15:43:06.638+01:00 [     5] WARNING    - W&#xD;&#xD;
2024-01-09 15:43:06.638+01:00 [     5] WARNING    - W&#xD;&#xD;
2024-01-09 15:43:06.638+01:00 [     5] WARNING    - W&#xD;&#xD;
2024-01-09 15:43:06.638+01:00 [     5] WARNING    - W&#xD;&#xD;
2024-01-09 15:43:06.638+01:00 [     5] WARNING    - W&#xD;&#xD;
2024-01-09 15:43:06.638+01:00 [     5] WARNING    - W&#xD;&#xD;
2024-01-09 15:43:06.638+01:00 [     5] WARNING    - W&#xD;&#xD;
2024-01-09 15:43:06.638+01:00 [     5] WARNING    - W&#xD;&#xD;
2024-01-09 15:43:06.638+01:00 [     5] WARNING    - W&#xD;&#xD;
2024-01-09 15:43:06.638+01:00 [     5] WARNING    - W&#xD;&#xD;
2024-01-09 15:43:06.638+01:00 [     5] WARNING    - W&#xD;&#xD;
2024-01-09 15:43:06.638+01:00 [     5] WARNING    - W&#xD;&#xD;
2024-01-09 15:43:06.638+01:00 [     5] WARNING    - W&#xD;&#xD;
2024-01-09 15:43:06.638+01:00 [     5] WARNING    - W&#xD;&#xD;
2024-01-09 15:43:06.638+01:00 [     5] WARNING    - W&#xD;&#xD;
2024-01-09 15:43:06.638+01:00 [     5] WARNING    - W&#xD;&#xD;
2024-01-09 15:43:06.638+01:00 [     5] WARNING    - W&#xD;&#xD;
2024-01-09 15:43:06.638+01:00 [     5] WARNING    - W&#xD;&#xD;
2024-01-09 15:43:06.638+01:00 [     5] WARNING    - W&#xD;&#xD;
2024-01-09 15:43:06.638+01:00 [     5] WARNING    - W&#xD;&#xD;
2024-01-09 15:43:06.638+01:00 [     5] WARNING    - W&#xD;&#xD;
2024-01-09 15:43:06.638+01:00 [     5] WARNING    - W&#xD;&#xD;
2024-01-09 15:43:06.638+01:00 [     5] WARNING    - W&#xD;&#xD;
2024-01-09 15:43:06.638+01:00 [     5] WARNING    - W&#xD;&#xD;
2024-01-09 15:43:06.638+01:00 [     5] WARNING    - W&#xD;&#xD;
2024-01-09 15:43:06.638+01:00 [     5] WARNING    - W&#xD;&#xD;
2024-01-09 15:43:06.638+01:00 [     5] WARNING    - W&#xD;&#xD;
2024-01-09 15:43:06.638+01:00 [     5] WARNING    - W&#xD;&#xD;
2024-01-09 15:43:06.638+01:00 [     5] WARNING    - W&#xD;&#xD;
2024-01-09 15:43:06.638+01:00 [     5] WARNING    - W&#xD;&#xD;
2024-01-09 15:43:06.638+01:00 [     5] WARNING    - W&#xD;&#xD;
2024-01-09 15:43:06.638+01:00 [     5] WARNING    - W&#xD;&#xD;
2024-01-09 15:43:06.638+01:00 [     5] WARNING    - W&#xD;&#xD;
2024-01-09 15:43:06.638+01:00 [     5] WARNING    - W&#xD;&#xD;
2024-01-09 15:43:06.638+01:00 [     5] WARNING    - W&#xD;&#xD;
2024-01-09 15:43:06.638+01:00 [     5] WARNING    - W&#xD;&#xD;
2024-01-09 15:43:06.638+01:00 [     5] WARNING    - W&#xD;&#xD;
2024-01-09 15:43:06.638+01:00 [     5] WARNING    - W&#xD;&#xD;
2024-01-09 15:43:06.638+01:00 [     5] WARNING    - W&#xD;&#xD;
2024-01-09 15:43:06.638+01:00 [     5] WARNING    - W&#xD;&#xD;
2024-01-09 15:43:06.638+01:00 [     5] WARNING    - W&#xD;&#xD;
2024-01-09 15:43:06.638+01:00 [     5] WARNING    - W&#xD;&#xD;
2024-01-09 15:43:06.638+01:00 [     5] WARNING    - W&#xD;&#xD;
2024-01-09 15:43:06.638+01:00 [     5] WARNING    - W&#xD;&#xD;
2024-01-09 15:43:06.638+01:00 [     5] WARNING    - W&#xD;&#xD;
2024-01-09 15:43:06.638+01:00 [     5] WARNING    - W&#xD;&#xD;
2024-01-09 15:43:06.638+01:00 [     5] WARNING    - W&#xD;&#xD;
2024-01-09 15:43:06.638+01:00 [     5] WARNING    - W&#xD;&#xD;
2024-01-09 15:43:06.638+01:00 [     5] WARNING    - W&#xD;&#xD;
2024-01-09 15:43:06.638+01:00 [     5] WARNING    - W&#xD;&#xD;
2024-01-09 15:43:06.638+01:00 [     5] WARNING    - W&#xD;&#xD;
2024-01-09 15:43:06.638+01:00 [     5] WARNING    - W&#xD;&#xD;
2024-01-09 15:43:06.638+01:00 [     5] WARNING    - W&#xD;&#xD;
2024-01-09 15:43:06.638+01:00 [     5] WARNING    - W&#xD;&#xD;
2024-01-09 15:43:06.638+01:00 [     5] WARNING    - W&#xD;&#xD;
2024-01-09 15:43:06.638+01:00 [     5] WARNING    - W&#xD;&#xD;
2024-01-09 15:43:06.638+01:00 [     5] WARNING    - W&#xD;&#xD;
2024-01-09 15:43:06.638+01:00 [     5] WARNING    - W&#xD;&#xD;
2024-01-09 15:43:06.638+01:00 [     5] WARNING    - W&#xD;&#xD;
2024-01-09 15:43:06.638+01:00 [     5] WARNING    - W&#xD;&#xD;
2024-01-09 15:43:06.638+01:00 [     5] WARNING    - W&#xD;&#xD;
2024-01-09 15:43:06.638+01:00 [     5] WARNING    - W&#xD;&#xD;
2024-01-09 15:43:06.638+01:00 [     5] WARNING    - W&#xD;&#xD;
2024-01-09 15:43:06.638+01:00 [     5] WARNING    - W&#xD;&#xD;
2024-01-09 15:43:06.638+01:00 [     5] WARNING    - W&#xD;&#xD;
2024-01-09 15:43:06.638+01:00 [     5] WARNING    - W&#xD;&#xD;
2024-01-09 15:43:06.638+01:00 [     5] WARNING    - W&#xD;&#xD;
2024-01-09 15:43:06.638+01:00 [     5] WARNING    - W&#xD;&#xD;
2024-01-09 15:43:06.638+01:00 [     5] WARNING    - W&#xD;&#xD;
2024-01-09 15:43:06.638+01:00 [     5] WARNING    - W&#xD;&#xD;
2024-01-09 15:43:06.638+01:00 [     5] WARNING    - W&#xD;&#xD;
2024-01-09 15:43:06.638+01:00 [     5] WARNING    - W&#xD;&#xD;
2024-01-09 15:43:06.638+01:00 [     5] WARNING    - W&#xD;&#xD;
2024-01-09 15:43:06.638+01:00 [     5] WARNING    - W&#xD;&#xD;
2024-01-09 15:43:06.638+01:00 [     5] WARNING    - W&#xD;&#xD;
2024-01-09 15:43:06.638+01:00 [     5] WARNING    - W&#xD;&#xD;
2024-01-09 15:43:06.638+01:00 [     5] WARNING    - W&#xD;&#xD;
2024-01-09 15:43:06.638+01:00 [     5] WARNING    - W&#xD;&#xD;
2024-01-09 15:43:06.638+01:00 [     5] WARNING    - W&#xD;&#xD;
2024-01-09 15:43:06.638+01:00 [     5] WARNING    - W&#xD;&#xD;
2024-01-09 15:43:06.638+01:00 [     5] WARNING    - W&#xD;&#xD;
2024-01-09 15:43:06.638+01:00 [     5] WARNING    - W&#xD;&#xD;
2024-01-09 15:43:06.638+01:00 [     5] WARNING    - W&#xD;&#xD;
2024-01-09 15:43:06.638+01:00 [     5] WARNING    - W&#xD;&#xD;
2024-01-09 15:43:06.638+01:00 [     5] WARNING    - W&#xD;&#xD;
2024-01-09 15:43:06.638+01:00 [     5] WARNING    - W&#xD;&#xD;
2024-01-09 15:43:06.638+01:00 [     5] WARNING    - W&#xD;&#xD;
2024-01-09 15:43:06.638+01:00 [     5] WARNING    - W&#xD;&#xD;
2024-01-09 15:43:06.638+01:00 [     5] WARNING    - W&#xD;&#xD;
2024-01-09 15:43:06.638+01:00 [     5] WARNING    - W&#xD;&#xD;
2024-01-09 15:43:06.638+01:00 [     5] WARNING    - W&#xD;&#xD;
2024-01-09 15:43:06.638+01:00 [     5] WARNING    - W&#xD;&#xD;
2024-01-09 15:43:06.638+01:00 [     5] WARNING    - W&#xD;&#xD;
2024-01-09 15:43:06.638+01:00 [     5] WARNING    - W&#xD;&#xD;
2024-01-09 15:43:06.638+01:00 [     5] WARNING    - W&#xD;&#xD;
2024-01-09 15:43:06.638+01:00 [     5] WARNING    - W&#xD;&#xD;
2024-01-09 15:43:06.638+01:00 [     5] WARNING    - W&#xD;&#xD;
2024-01-09 15:43:06.638+01:00 [     5] WARNING    - W&#xD;&#xD;
2024-01-09 15:43:06.638+01:00 [     5] WARNING    - W&#xD;&#xD;
2024-01-09 15:43:06.638+01:00 [     5] WARNING    - W&#xD;&#xD;
2024-01-09 15:43:06.638+01:00 [     5] WARNING    - W&#xD;&#xD;
2024-01-09 15:43:06.638+01:00 [     5] WARNING    - W&#xD;&#xD;
2024-01-09 15:43:06.638+01:00 [     5] WARNING    - W&#xD;&#xD;
2024-01-09 15:43:06.638+01:00 [     5] WARNING    - W&#xD;&#xD;
2024-01-09 15:43:06.638+01:00 [     5] WARNING    - W&#xD;&#xD;
2024-01-09 15:43:06.638+01:00 [     5] WARNING    - W&#xD;&#xD;
2024-01-09 15:43:06.638+01:00 [     5] WARNING    - W&#xD;&#xD;
2024-01-09 15:43:06.638+01:00 [     5] WARNING    - W&#xD;&#xD;
2024-01-09 15:43:06.638+01:00 [     5] WARNING    - W&#xD;&#xD;
2024-01-09 15:43:06.638+01:00 [     5] WARNING    - W&#xD;&#xD;
2024-01-09 15:43:06.638+01:00 [     5] WARNING    - W&#xD;&#xD;
2024-01-09 15:43:06.638+01:00 [     5] WARNING    - W&#xD;&#xD;
2024-01-09 15:43:06.638+01:00 [     5] WARNING    - W&#xD;&#xD;
2024-01-09 15:43:06.638+01:00 [     5] WARNING    - W&#xD;&#xD;
2024-01-09 15:43:06.638+01:00 [     5] WARNING    - W&#xD;&#xD;
2024-01-09 15:43:06.638+01:00 [     5] WARNING    - W&#xD;&#xD;
2024-01-09 15:43:06.638+01:00 [     5] WARNING    - W&#xD;&#xD;
2024-01-09 15:43:06.638+01:00 [     5] WARNING    - W&#xD;&#xD;
2024-01-09 15:43:06.638+01:00 [     5] WARNING    - W&#xD;&#xD;
2024-01-09 15:43:06.638+01:00 [     5] WARNING    - W&#xD;&#xD;
2024-01-09 15:43:06.638+01:00 [     5] WARNING    - W&#xD;&#xD;
2024-01-09 15:43:06.638+01:00 [     5] WARNING    - W&#xD;&#xD;
2024-01-09 15:43:06.638+01:00 [     5] WARNING    - W&#xD;&#xD;
2024-01-09 15:43:06.638+01:00 [     5] WARNING    - W&#xD;&#xD;
2024-01-09 15:43:06.638+01:00 [     5] WARNING    - W&#xD;&#xD;
2024-01-09 15:43:06.638+01:00 [     5] WARNING    - W&#xD;&#xD;
2024-01-09 15:43:06.638+01:00 [     5] WARNING    - W&#xD;&#xD;
2024-01-09 15:43:06.638+01:00 [     5] WARNING    - W&#xD;&#xD;
2024-01-09 15:43:06.638+01:00 [     5] WARNING    - W&#xD;&#xD;
2024-01-09 15:43:06.638+01:00 [     5] WARNING    - W&#xD;&#xD;
2024-01-09 15:43:06.638+01:00 [     5] WARNING    - W&#xD;&#xD;
2024-01-09 15:43:06.638+01:00 [     5] WARNING    - W&#xD;&#xD;
2024-01-09 15:43:06.638+01:00 [     5] WARNING    - W&#xD;&#xD;
2024-01-09 15:43:06.638+01:00 [     5] WARNING    - W&#xD;&#xD;
2024-01-09 15:43:06.638+01:00 [     5] WARNING    - W&#xD;&#xD;
2024-01-09 15:43:06.638+01:00 [     5] WARNING    - W&#xD;&#xD;
2024-01-09 15:43:06.638+01:00 [     5] WARNING    - W&#xD;&#xD;
2024-01-09 15:43:06.638+01:00 [     5] WARNING    - W&#xD;&#xD;
2024-01-09 15:43:06.638+01:00 [     5] WARNING    - W&#xD;&#xD;
2024-01-09 15:43:06.638+01:00 [     5] WARNING    - W&#xD;&#xD;
2024-01-09 15:43:06.638+01:00 [     5] WARNING    - W&#xD;&#xD;
2024-01-09 15:43:06.638+01:00 [     5] WARNING    - W&#xD;&#xD;
2024-01-09 15:43:06.638+01:00 [     5] WARNING    - W&#xD;&#xD;
2024-01-09 15:43:06.638+01:00 [     5] WARNING    - W&#xD;&#xD;
2024-01-09 15:43:06.638+01:00 [     5] WARNING    - W&#xD;&#xD;
2024-01-09 15:43:06.638+01:00 [     5] WARNING    - W&#xD;&#xD;
2024-01-09 15:43:06.638+01:00 [     5] WARNING    - W&#xD;&#xD;
2024-01-09 15:43:06.638+01:00 [     5] WARNING    - W&#xD;&#xD;
2024-01-09 15:43:06.638+01:00 [     5] WARNING    - W&#xD;&#xD;
2024-01-09 15:43:06.638+01:00 [     5] WARNING    - W&#xD;&#xD;
2024-01-09 15:43:06.638+01:00 [     5] WARNING    - W&#xD;&#xD;
2024-01-09 15:43:06.638+01:00 [     5] WARNING    - W&#xD;&#xD;
2024-01-09 15:43:06.638+01:00 [     5] WARNING    - W&#xD;&#xD;
2024-01-09 15:43:06.638+01:00 [     5] WARNING    - W&#xD;&#xD;
2024-01-09 15:43:06.638+01:00 [     5] WARNING    - W&#xD;&#xD;
2024-01-09 15:43:06.638+01:00 [     5] WARNING    - W&#xD;&#xD;
2024-01-09 15:43:06.638+01:00 [     5] WARNING    - W&#xD;&#xD;
2024-01-09 15:43:06.638+01:00 [     5] WARNING    - W&#xD;&#xD;
2024-01-09 15:43:06.638+01:00 [     5] WARNING    - W&#xD;&#xD;
2024-01-09 15:43:06.638+01:00 [     5] WARNING    - W&#xD;&#xD;
2024-01-09 15:43:06.638+01:00 [     5] WARNING    - W&#xD;&#xD;
2024-01-09 15:43:06.638+01:00 [     5] WARNING    - W&#xD;&#xD;
2024-01-09 15:43:06.638+01:00 [     5] WARNING    - W&#xD;&#xD;
2024-01-09 15:43:06.638+01:00 [     5] WARNING    - W&#xD;&#xD;
2024-01-09 15:43:06.638+01:00 [     5] WARNING    - W&#xD;&#xD;
2024-01-09 15:43:06.638+01:00 [     5] WARNING    - W&#xD;&#xD;
2024-01-09 15:43:06.638+01:00 [     5] WARNING    - W&#xD;&#xD;
2024-01-09 15:43:06.638+01:00 [     5] WARNING    - W&#xD;&#xD;
2024-01-09 15:43:06.638+01:00 [     5] WARNING    - W&#xD;&#xD;
2024-01-09 15:43:06.638+01:00 [     5] WARNING    - W&#xD;&#xD;
2024-01-09 15:43:06.638+01:00 [     5] WARNING    - W&#xD;&#xD;
2024-01-09 15:43:06.638+01:00 [     5] WARNING    - W&#xD;&#xD;
2024-01-09 15:43:06.638+01:00 [     5] WARNING    - W&#xD;&#xD;
2024-01-09 15:43:06.638+01:00 [     5] WARNING    - W&#xD;&#xD;
2024-01-09 15:43:06.638+01:00 [     5] WARNING    - W&#xD;&#xD;
2024-01-09 15:43:06.638+01:00 [     5] WARNING    - W&#xD;&#xD;
2024-01-09 15:43:06.638+01:00 [     5] WARNING    - W&#xD;&#xD;
2024-01-09 15:43:06.638+01:00 [     5] WARNING    - W&#xD;&#xD;
2024-01-09 15:43:06.638+01:00 [     5] WARNING    - W&#xD;&#xD;
2024-01-09 15:43:06.638+01:00 [     5] WARNING    - W&#xD;&#xD;
2024-01-09 15:43:06.638+01:00 [     5] WARNING    - W&#xD;&#xD;
2024-01-09 15:43:06.638+01:00 [     5] WARNING    - W&#xD;&#xD;
2024-01-09 15:43:06.638+01:00 [     5] WARNING    - W&#xD;&#xD;
2024-01-09 15:43:06.638+01:00 [     5] WARNING    - W&#xD;&#xD;
2024-01-09 15:43:06.638+01:00 [     5] WARNING    - W&#xD;&#xD;
2024-01-09 15:43:06.638+01:00 [     5] WARNING    - W&#xD;&#xD;
2024-01-09 15:43:06.638+01:00 [     5] WARNING    - W&#xD;&#xD;
2024-01-09 15:43:06.638+01:00 [     5] WARNING    - W&#xD;&#xD;
2024-01-09 15:43:06.638+01:00 [     5] WARNING    - W&#xD;&#xD;
2024-01-09 15:43:06.638+01:00 [     5] WARNING    - W&#xD;&#xD;
2024-01-09 15:43:06.638+01:00 [     5] WARNING    - W&#xD;&#xD;
2024-01-09 15:43:06.638+01:00 [     5] WARNING    - W&#xD;&#xD;
2024-01-09 15:43:06.638+01:00 [     5] WARNING    - W&#xD;&#xD;
2024-01-09 15:43:06.638+01:00 [     5] WARNING    - W&#xD;&#xD;
2024-01-09 15:43:06.638+01:00 [     5] WARNING    - W&#xD;&#xD;
2024-01-09 15:43:06.638+01:00 [     5] WARNING    - W&#xD;&#xD;
2024-01-09 15:43:06.638+01:00 [     5] WARNING    - W&#xD;&#xD;
2024-01-09 15:43:06.638+01:00 [     5] WARNING    - W&#xD;&#xD;
2024-01-09 15:43:06.638+01:00 [     5] WARNING    - W&#xD;&#xD;
2024-01-09 15:43:06.638+01:00 [     5] WARNING    - W&#xD;&#xD;
2024-01-09 15:43:06.638+01:00 [     5] WARNING    - W&#xD;&#xD;
2024-01-09 15:43:06.638+01:00 [     5] WARNING    - W&#xD;&#xD;
2024-01-09 15:43:06.638+01:00 [     5] WARNING    - W&#xD;&#xD;
2024-01-09 15:43:06.638+01:00 [     5] WARNING    - W&#xD;&#xD;
2024-01-09 15:43:06.638+01:00 [     5] WARNING    - W&#xD;&#xD;
2024-01-09 15:43:06.638+01:00 [     5] WARNING    - W&#xD;&#xD;
2024-01-09 15:43:06.638+01:00 [     5] WARNING    - W&#xD;&#xD;
2024-01-09 15:43:06.638+01:00 [     5] WARNING    - W&#xD;&#xD;
2024-01-09 15:43:06.638+01:00 [     5] WARNING    - W&#xD;&#xD;
2024-01-09 15:43:06.638+01:00 [     5] WARNING    - W&#xD;&#xD;
2024-01-09 15:43:06.638+01:00 [     5] WARNING    - W&#xD;&#xD;
2024-01-09 15:43:06.638+01:00 [     5] WARNING    - W&#xD;&#xD;
2024-01-09 15:43:06.638+01:00 [     5] WARNING    - W&#xD;&#xD;
2024-01-09 15:43:06.638+01:00 [     5] WARNING    - W&#xD;&#xD;
2024-01-09 15:43:06.638+01:00 [     5] WARNING    - W&#xD;&#xD;
2024-01-09 15:43:06.638+01:00 [     5] WARNING    - W&#xD;&#xD;
2024-01-09 15:43:06.638+01:00 [     5] WARNING    - W&#xD;&#xD;
2024-01-09 15:43:06.638+01:00 [     5] WARNING    - W&#xD;&#xD;
2024-01-09 15:43:06.638+01:00 [     5] WARNING    - W&#xD;&#xD;
2024-01-09 15:43:06.638+01:00 [     5] WARNING    - W&#xD;&#xD;
2024-01-09 15:43:06.638+01:00 [     5] WARNING    - W&#xD;&#xD;
2024-01-09 15:43:06.638+01:00 [     5] WARNING    - W&#xD;&#xD;
2024-01-09 15:43:06.638+01:00 [     5] WARNING    - W&#xD;&#xD;
2024-01-09 15:43:06.638+01:00 [     5] WARNING    - W&#xD;&#xD;
2024-01-09 15:43:06.638+01:00 [     5] WARNING    - W&#xD;&#xD;
2024-01-09 15:43:06.638+01:00 [     5] WARNING    - W&#xD;&#xD;
2024-01-09 15:43:06.638+01:00 [     5] WARNING    - W&#xD;&#xD;
2024-01-09 15:43:06.638+01:00 [     5] WARNING    - W&#xD;&#xD;
2024-01-09 15:43:06.638+01:00 [     5] WARNING    - W&#xD;&#xD;
2024-01-09 15:43:06.638+01:00 [     5] WARNING    - W&#xD;&#xD;
2024-01-09 15:43:06.638+01:00 [     5] WARNING    - W&#xD;&#xD;
2024-01-09 15:43:06.638+01:00 [     5] WARNING    - W&#xD;&#xD;
2024-01-09 15:43:06.638+01:00 [     5] WARNING    - W&#xD;&#xD;
2024-01-09 15:43:06.638+01:00 [     5] WARNING    - W&#xD;&#xD;
2024-01-09 15:43:06.638+01:00 [     5] WARNING    - W&#xD;&#xD;
2024-01-09 15:43:06.638+01:00 [     5] WARNING    - W&#xD;&#xD;
2024-01-09 15:43:06.638+01:00 [     5] WARNING    - W&#xD;&#xD;
2024-01-09 15:43:06.638+01:00 [     5] WARNING    - W&#xD;&#xD;
2024-01-09 15:43:06.638+01:00 [     5] WARNING    - W&#xD;&#xD;
2024-01-09 15:43:06.638+01:00 [     5] WARNING    - W&#xD;&#xD;
2024-01-09 15:43:06.638+01:00 [     5] WARNING    - W&#xD;&#xD;
2024-01-09 15:43:06.638+01:00 [     5] WARNING    - W&#xD;&#xD;
2024-01-09 15:43:06.638+01:00 [     5] WARNING    - W&#xD;&#xD;
2024-01-09 15:43:06.638+01:00 [     5] WARNING    - W&#xD;&#xD;
2024-01-09 15:43:06.638+01:00 [     5] WARNING    - W&#xD;&#xD;
2024-01-09 15:43:06.638+01:00 [     5] WARNING    - W&#xD;&#xD;
2024-01-09 15:43:06.638+01:00 [     5] WARNING    - W&#xD;&#xD;
2024-01-09 15:43:06.638+01:00 [     5] WARNING    - W&#xD;&#xD;
2024-01-09 15:43:06.638+01:00 [     5] WARNING    - W&#xD;&#xD;
2024-01-09 15:43:06.638+01:00 [     5] WARNING    - W&#xD;&#xD;
2024-01-09 15:43:06.638+01:00 [     5] WARNING    - W&#xD;&#xD;
2024-01-09 15:43:06.638+01:00 [     5] WARNING    - W&#xD;&#xD;
2024-01-09 15:43:06.638+01:00 [     5] WARNING    - W&#xD;&#xD;
2024-01-09 15:43:06.638+01:00 [     5] WARNING    - W&#xD;&#xD;
2024-01-09 15:43:06.638+01:00 [     5] WARNING    - W&#xD;&#xD;
2024-01-09 15:43:06.638+01:00 [     5] WARNING    - W&#xD;&#xD;
2024-01-09 15:43:06.638+01:00 [     5] WARNING    - W&#xD;&#xD;
2024-01-09 15:43:06.638+01:00 [     5] WARNING    - W&#xD;&#xD;
2024-01-09 15:43:06.638+01:00 [     5] WARNING    - W&#xD;&#xD;
2024-01-09 15:43:06.638+01:00 [     5] WARNING    - W&#xD;&#xD;
2024-01-09 15:43:06.638+01:00 [     5] WARNING    - W&#xD;&#xD;
2024-01-09 15:43:06.638+01:00 [     5] WARNING    - W&#xD;&#xD;
2024-01-09 15:43:06.638+01:00 [     5] WARNING    - W&#xD;&#xD;
2024-01-09 15:43:06.638+01:00 [     5] WARNING    - W&#xD;&#xD;
2024-01-09 15:43:06.638+01:00 [     5] WARNING    - W&#xD;&#xD;
2024-01-09 15:43:06.638+01:00 [     5] WARNING    - W&#xD;&#xD;
2024-01-09 15:43:06.638+01:00 [     5] WARNING    - W&#xD;&#xD;
2024-01-09 15:43:06.638+01:00 [     5] WARNING    - W&#xD;&#xD;
2024-01-09 15:43:06.638+01:00 [     5] WARNING    - W&#xD;&#xD;
2024-01-09 15:43:06.638+01:00 [     5] WARNING    - W&#xD;&#xD;
2024-01-09 15:43:06.638+01:00 [     5] WARNING    - W&#xD;&#xD;
2024-01-09 15:43:06.638+01:00 [     5] WARNING    - W&#xD;&#xD;
2024-01-09 15:43:06.638+01:00 [     5] WARNING    - W&#xD;&#xD;
2024-01-09 15:43:06.638+01:00 [     5] WARNING    - W&#xD;&#xD;
2024-01-09 15:43:06.638+01:00 [     5] WARNING    - W&#xD;&#xD;
2024-01-09 15:43:06.638+01:00 [     5] WARNING    - W&#xD;&#xD;
2024-01-09 15:43:06.638+01:00 [     5] WARNING    - W&#xD;&#xD;
2024-01-09 15:43:06.638+01:00 [     5] WARNING    - W&#xD;&#xD;
2024-01-09 15:43:06.638+01:00 [     5] WARNING    - W&#xD;&#xD;
2024-01-09 15:43:06.638+01:00 [     5] WARNING    - W&#xD;&#xD;
2024-01-09 15:43:06.638+01:00 [     5] WARNING    - W&#xD;&#xD;
2024-01-09 15:43:06.638+01:00 [     5] WARNING    - W&#xD;&#xD;
2024-01-09 15:43:06.638+01:00 [     5] WARNING    - W&#xD;&#xD;
2024-01-09 15:43:06.638+01:00 [     5] WARNING    - W&#xD;&#xD;
2024-01-09 15:43:06.638+01:00 [     5] WARNING    - W&#xD;&#xD;
2024-01-09 15:43:06.638+01:00 [     5] WARNING    - W&#xD;&#xD;
2024-01-09 15:43:06.638+01:00 [     5] WARNING    - W&#xD;&#xD;
2024-01-09 15:43:06.638+01:00 [     5] WARNING    - W&#xD;&#xD;
2024-01-09 15:43:06.638+01:00 [     5] WARNING    - W&#xD;&#xD;
2024-01-09 15:43:06.638+01:00 [     5] WARNING    - W&#xD;&#xD;
2024-01-09 15:43:06.638+01:00 [     5] WARNING    - W&#xD;&#xD;
2024-01-09 15:43:06.638+01:00 [     5] WARNING    - W&#xD;&#xD;
2024-01-09 15:43:06.638+01:00 [     5] WARNING    - W&#xD;&#xD;
2024-01-09 15:43:06.638+01:00 [     5] WARNING    - W&#xD;&#xD;
2024-01-09 15:43:06.638+01:00 [     5] WARNING    - W&#xD;&#xD;
2024-01-09 15:43:06.638+01:00 [     5] WARNING    - W&#xD;&#xD;
2024-01-09 15:43:06.638+01:00 [     5] WARNING    - W&#xD;&#xD;
2024-01-09 15:43:06.638+01:00 [     5] WARNING    - W&#xD;&#xD;
2024-01-09 15:43:06.638+01:00 [     5] WARNING    - W&#xD;&#xD;
2024-01-09 15:43:06.638+01:00 [     5] WARNING    - W&#xD;&#xD;
2024-01-09 15:43:06.638+01:00 [     5] WARNING    - W&#xD;&#xD;
2024-01-09 15:43:06.638+01:00 [     5] WARNING    - W&#xD;&#xD;
2024-01-09 15:43:06.638+01:00 [     5] WARNING    - W&#xD;&#xD;
2024-01-09 15:43:06.638+01:00 [     5] WARNING    - W&#xD;&#xD;
2024-01-09 15:43:06.638+01:00 [     5] WARNING    - W&#xD;&#xD;
2024-01-09 15:43:06.638+01:00 [     5] WARNING    - W&#xD;&#xD;
2024-01-09 15:43:06.638+01:00 [     5] WARNING    - W&#xD;&#xD;
2024-01-09 15:43:06.638+01:00 [     5] WARNING    - W&#xD;&#xD;
2024-01-09 15:43:06.638+01:00 [     5] WARNING    - W&#xD;&#xD;
2024-01-09 15:43:06.638+01:00 [     5] WARNING    - W&#xD;&#xD;
2024-01-09 15:43:06.638+01:00 [     5] WARNING    - W&#xD;&#xD;
2024-01-09 15:43:06.638+01:00 [     5] WARNING    - W&#xD;&#xD;
2024-01-09 15:43:06.638+01:00 [     5] WARNING    - W&#xD;&#xD;
2024-01-09 15:43:06.638+01:00 [     5] WARNING    - W&#xD;&#xD;
2024-01-09 15:43:06.638+01:00 [     5] WARNING    - W&#xD;&#xD;
2024-01-09 15:43:06.638+01:00 [     5] WARNING    - W&#xD;&#xD;
2024-01-09 15:43:06.638+01:00 [     5] WARNING    - W&#xD;&#xD;
2024-01-09 15:43:06.638+01:00 [     5] WARNING    - W&#xD;&#xD;
2024-01-09 15:43:06.638+01:00 [     5] WARNING    - W&#xD;&#xD;
2024-01-09 15:43:06.638+01:00 [     5] WARNING    - W&#xD;&#xD;
2024-01-09 15:43:06.638+01:00 [     5] WARNING    - W&#xD;&#xD;
2024-01-09 15:43:06.638+01:00 [     5] WARNING    - W&#xD;&#xD;
2024-01-09 15:43:06.638+01:00 [     5] WARNING    - W&#xD;&#xD;
2024-01-09 15:43:06.638+01:00 [     5] WARNING    - W&#xD;&#xD;
2024-01-09 15:43:06.638+01:00 [     5] WARNING    - W&#xD;&#xD;
2024-01-09 15:43:06.638+01:00 [     5] WARNING    - W&#xD;&#xD;
2024-01-09 15:43:06.638+01:00 [     5] WARNING    - W&#xD;&#xD;
2024-01-09 15:43:06.638+01:00 [     5] WARNING    - W&#xD;&#xD;
2024-01-09 15:43:06.638+01:00 [     5] WARNING    - W&#xD;&#xD;
2024-01-09 15:43:06.638+01:00 [     5] WARNING    - W&#xD;&#xD;
2024-01-09 15:43:06.638+01:00 [     5] WARNING    - W&#xD;&#xD;
2024-01-09 15:43:06.638+01:00 [     5] WARNING    - W&#xD;&#xD;
2024-01-09 15:43:06.638+01:00 [     5] WARNING    - W&#xD;&#xD;
2024-01-09 15:43:06.638+01:00 [     5] WARNING    - W&#xD;&#xD;
2024-01-09 15:43:06.638+01:00 [     5] WARNING    - W&#xD;&#xD;
2024-01-09 15:43:06.638+01:00 [     5] WARNING    - W&#xD;&#xD;
2024-01-09 15:43:06.638+01:00 [     5] WARNING    - W&#xD;&#xD;
2024-01-09 15:43:06.638+01:00 [     5] WARNING    - W&#xD;&#xD;
2024-01-09 15:43:06.638+01:00 [     5] WARNING    - W&#xD;&#xD;
2024-01-09 15:43:06.638+01:00 [     5] WARNING    - W&#xD;&#xD;
2024-01-09 15:43:06.638+01:00 [     5] WARNING    - W&#xD;&#xD;
2024-01-09 15:43:06.638+01:00 [     5] WARNING    - W&#xD;&#xD;
2024-01-09 15:43:06.638+01:00 [     5] WARNING    - W&#xD;&#xD;
2024-01-09 15:43:06.638+01:00 [     5] WARNING    - W&#xD;&#xD;
2024-01-09 15:43:06.638+01:00 [     5] WARNING    - W&#xD;&#xD;
2024-01-09 15:43:06.638+01:00 [     5] WARNING    - W&#xD;&#xD;
2024-01-09 15:43:06.638+01:00 [     5] WARNING    - W&#xD;&#xD;
2024-01-09 15:43:06.638+01:00 [     5] WARNING    - W&#xD;&#xD;
2024-01-09 15:43:06.638+01:00 [     5] WARNING    - W&#xD;&#xD;
2024-01-09 15:43:06.638+01:00 [     5] WARNING    - W&#xD;&#xD;
2024-01-09 15:43:06.638+01:00 [     5] WARNING    - W&#xD;&#xD;
2024-01-09 15:43:06.638+01:00 [     5] WARNING    - W&#xD;&#xD;
2024-01-09 15:43:06.638+01:00 [     5] WARNING    - W&#xD;&#xD;
2024-01-09 15:43:06.638+01:00 [     5] WARNING    - W&#xD;&#xD;
2024-01-09 15:43:06.638+01:00 [     5] WARNING    - W&#xD;&#xD;
2024-01-09 15:43:06.638+01:00 [     5] WARNING    - W&#xD;&#xD;
2024-01-09 15:43:06.638+01:00 [     5] WARNING    - W&#xD;&#xD;
2024-01-09 15:43:06.638+01:00 [     5] WARNING    - W&#xD;&#xD;
2024-01-09 15:43:06.638+01:00 [     5] WARNING    - W&#xD;&#xD;
2024-01-09 15:43:06.638+01:00 [     5] WARNING    - W&#xD;&#xD;
2024-01-09 15:43:06.638+01:00 [     5] WARNING    - W&#xD;&#xD;
2024-01-09 15:43:06.638+01:00 [     5] WARNING    - W&#xD;&#xD;
2024-01-09 15:43:06.638+01:00 [     5] WARNING    - W&#xD;&#xD;
2024-01-09 15:43:06.638+01:00 [     5] WARNING    - W&#xD;&#xD;
2024-01-09 15:43:06.638+01:00 [     5] WARNING    - W&#xD;&#xD;
2024-01-09 15:43:06.638+01:00 [     5] WARNING    - W&#xD;&#xD;
2024-01-09 15:43:06.638+01:00 [     5] WARNING    - W&#xD;&#xD;
2024-01-09 15:43:06.638+01:00 [     5] WARNING    - W&#xD;&#xD;
2024-01-09 15:43:06.638+01:00 [     5] WARNING    - W&#xD;&#xD;
2024-01-09 15:43:06.638+01:00 [     5] WARNING    - W&#xD;&#xD;
2024-01-09 15:43:06.638+01:00 [     5] WARNING    - W&#xD;&#xD;
2024-01-09 15:43:06.638+01:00 [     5] WARNING    - W&#xD;&#xD;
2024-01-09 15:43:06.638+01:00 [     5] WARNING    - W&#xD;&#xD;
2024-01-09 15:43:06.638+01:00 [     5] WARNING    - W&#xD;&#xD;
2024-01-09 15:43:06.638+01:00 [     5] WARNING    - W&#xD;&#xD;
2024-01-09 15:43:06.638+01:00 [     5] WARNING    - W&#xD;&#xD;
2024-01-09 15:43:06.638+01:00 [     5] WARNING    - W&#xD;&#xD;
2024-01-09 15:43:06.638+01:00 [     5] WARNING    - W&#xD;&#xD;
2024-01-09 15:43:06.638+01:00 [     5] WARNING    - W&#xD;&#xD;
2024-01-09 15:43:06.638+01:00 [     5] WARNING    - W&#xD;&#xD;
2024-01-09 15:43:06.638+01:00 [     5] WARNING    - W&#xD;&#xD;
2024-01-09 15:43:06.638+01:00 [     5] WARNING    - W&#xD;&#xD;
2024-01-09 15:43:06.638+01:00 [     5] WARNING    - W&#xD;&#xD;
2024-01-09 15:43:06.638+01:00 [     5] WARNING    - W&#xD;&#xD;
2024-01-09 15:43:06.638+01:00 [     5] WARNING    - W&#xD;&#xD;
2024-01-09 15:43:06.638+01:00 [     5] WARNING    - W&#xD;&#xD;
2024-01-09 15:43:06.638+01:00 [     5] WARNING    - W&#xD;&#xD;
2024-01-09 15:43:06.638+01:00 [     5] WARNING    - W&#xD;&#xD;
2024-01-09 15:43:06.638+01:00 [     5] WARNING    - W&#xD;&#xD;
2024-01-09 15:43:06.638+01:00 [     5] WARNING    - W&#xD;&#xD;
2024-01-09 15:43:06.638+01:00 [     5] WARNING    - W&#xD;&#xD;
2024-01-09 15:43:06.638+01:00 [     5] WARNING    - W&#xD;&#xD;
2024-01-09 15:43:06.638+01:00 [     5] WARNING    - W&#xD;&#xD;
2024-01-09 15:43:06.638+01:00 [     5] WARNING    - W&#xD;&#xD;
2024-01-09 15:43:06.638+01:00 [     5] WARNING    - W&#xD;&#xD;
2024-01-09 15:43:06.638+01:00 [     5] WARNING    - W&#xD;&#xD;
2024-01-09 15:43:06.638+01:00 [     5] WARNING    - W&#xD;&#xD;
2024-01-09 15:43:06.638+01:00 [     5] WARNING    - W&#xD;&#xD;
2024-01-09 15:43:06.638+01:00 [     5] WARNING    - W&#xD;&#xD;
2024-01-09 15:43:06.638+01:00 [     5] WARNING    - W&#xD;&#xD;
2024-01-09 15:43:06.638+01:00 [     5] WARNING    - W&#xD;&#xD;
2024-01-09 15:43:06.638+01:00 [     5] WARNING    - W&#xD;&#xD;
2024-01-09 15:43:06.638+01:00 [     5] WARNING    - W&#xD;&#xD;
2024-01-09 15:43:06.638+01:00 [     5] WARNING    - W&#xD;&#xD;
2024-01-09 15:43:06.638+01:00 [     5] WARNING    - W&#xD;&#xD;
2024-01-09 15:43:06.638+01:00 [     5] WARNING    - W&#xD;&#xD;
2024-01-09 15:43:06.638+01:00 [     5] WARNING    - W&#xD;&#xD;
2024-01-09 15:43:06.638+01:00 [     5] WARNING    - W&#xD;&#xD;
2024-01-09 15:43:06.638+01:00 [     5] WARNING    - W&#xD;&#xD;
2024-01-09 15:43:06.638+01:00 [     5] WARNING    - W&#xD;&#xD;
2024-01-09 15:43:06.638+01:00 [     5] WARNING    - W&#xD;&#xD;
2024-01-09 15:43:06.638+01:00 [     5] WARNING    - W&#xD;&#xD;
2024-01-09 15:43:06.638+01:00 [     5] WARNING    - W&#xD;&#xD;
2024-01-09 15:43:06.638+01:00 [     5] WARNING    - W&#xD;&#xD;
2024-01-09 15:43:06.638+01:00 [     5] WARNING    - W&#xD;&#xD;
2024-01-09 15:43:06.638+01:00 [     5] WARNING    - W&#xD;&#xD;
2024-01-09 15:43:06.638+01:00 [     5] WARNING    - W&#xD;&#xD;
2024-01-09 15:43:06.638+01:00 [     5] WARNING    - W&#xD;&#xD;
2024-01-09 15:43:06.638+01:00 [     5] WARNING    - W&#xD;&#xD;
2024-01-09 15:43:06.638+01:00 [     5] WARNING    - W&#xD;&#xD;
2024-01-09 15:43:06.638+01:00 [     5] WARNING    - W&#xD;&#xD;
2024-01-09 15:43:06.638+01:00 [     5] WARNING    - W&#xD;&#xD;
2024-01-09 15:43:06.638+01:00 [     5] WARNING    - W&#xD;&#xD;
2024-01-09 15:43:06.638+01:00 [     5] WARNING    - W&#xD;&#xD;
2024-01-09 15:43:06.638+01:00 [     5] WARNING    - W&#xD;&#xD;
2024-01-09 15:43:06.638+01:00 [     5] WARNING    - W&#xD;&#xD;
2024-01-09 15:43:06.638+01:00 [     5] WARNING    - W&#xD;&#xD;
2024-01-09 15:43:06.638+01:00 [     5] WARNING    - W&#xD;&#xD;
2024-01-09 15:43:06.638+01:00 [     5] WARNING    - W&#xD;&#xD;
2024-01-09 15:43:06.638+01:00 [     5] WARNING    - W&#xD;&#xD;
2024-01-09 15:43:06.638+01:00 [     5] WARNING    - W&#xD;&#xD;
2024-01-09 15:43:06.638+01:00 [     5] WARNING    - W&#xD;&#xD;
2024-01-09 15:43:06.638+01:00 [     5] WARNING    - W&#xD;&#xD;
2024-01-09 15:43:06.638+01:00 [     5] WARNING    - W&#xD;&#xD;
2024-01-09 15:43:06.638+01:00 [     5] WARNING    - W&#xD;&#xD;
2024-01-09 15:43:06.638+01:00 [     5] WARNING    - W&#xD;&#xD;
2024-01-09 15:43:06.638+01:00 [     5] WARNING    - W&#xD;&#xD;
2024-01-09 15:43:06.638+01:00 [     5] WARNING    - W&#xD;&#xD;
2024-01-09 15:43:06.638+01:00 [     5] WARNING    - W&#xD;&#xD;
2024-01-09 15:43:06.638+01:00 [     5] WARNING    - W&#xD;&#xD;
2024-01-09 15:43:06.638+01:00 [     5] WARNING    - W&#xD;&#xD;
2024-01-09 15:43:06.638+01:00 [     5] WARNING    - W&#xD;&#xD;
2024-01-09 15:43:06.638+01:00 [     5] WARNING    - W&#xD;&#xD;
2024-01-09 15:43:06.638+01:00 [     5] WARNING    - W&#xD;&#xD;
2024-01-09 15:43:06.638+01:00 [     5] WARNING    - W&#xD;&#xD;
2024-01-09 15:43:06.638+01:00 [     5] WARNING    - W&#xD;&#xD;
2024-01-09 15:43:06.638+01:00 [     5] WARNING    - W&#xD;&#xD;
2024-01-09 15:43:06.638+01:00 [     5] WARNING    - W&#xD;&#xD;
2024-01-09 15:43:06.638+01:00 [     5] WARNING    - W&#xD;&#xD;
2024-01-09 15:43:06.638+01:00 [     5] WARNING    - W&#xD;&#xD;
2024-01-09 15:43:06.638+01:00 [     5] WARNING    - W&#xD;&#xD;
2024-01-09 15:43:06.638+01:00 [     5] WARNING    - W&#xD;&#xD;
2024-01-09 15:43:06.638+01:00 [     5] WARNING    - W&#xD;&#xD;
2024-01-09 15:43:06.638+01:00 [     5] WARNING    - W&#xD;&#xD;
2024-01-09 15:43:06.638+01:00 [     5] WARNING    - W&#xD;&#xD;
2024-01-09 15:43:06.638+01:00 [     5] WARNING    - W&#xD;&#xD;
2024-01-09 15:43:06.638+01:00 [     5] WARNING    - W&#xD;&#xD;
2024-01-09 15:43:06.638+01:00 [     5] WARNING    - W&#xD;&#xD;
2024-01-09 15:43:06.638+01:00 [     5] WARNING    - W&#xD;&#xD;
2024-01-09 15:43:06.638+01:00 [     5] WARNING    - W&#xD;&#xD;
2024-01-09 15:43:06.638+01:00 [     5] WARNING    - W&#xD;&#xD;
2024-01-09 15:43:06.638+01:00 [     5] WARNING    - W&#xD;&#xD;
2024-01-09 15:43:06.638+01:00 [     5] WARNING    - W&#xD;&#xD;
2024-01-09 15:43:06.638+01:00 [     5] WARNING    - W&#xD;&#xD;
2024-01-09 15:43:06.638+01:00 [     5] WARNING    - W&#xD;&#xD;
2024-01-09 15:43:06.638+01:00 [     5] WARNING    - W&#xD;&#xD;
2024-01-09 15:43:06.638+01:00 [     5] WARNING    - W&#xD;&#xD;
2024-01-09 15:43:06.638+01:00 [     5] WARNING    - W&#xD;&#xD;
2024-01-09 15:43:06.638+01:00 [     5] WARNING    - W&#xD;&#xD;
2024-01-09 15:43:06.638+01:00 [     5] WARNING    - W&#xD;&#xD;
2024-01-09 15:43:06.638+01:00 [     5] WARNING    - W&#xD;&#xD;
2024-01-09 15:43:06.638+01:00 [     5] WARNING    - W&#xD;&#xD;
2024-01-09 15:43:06.638+01:00 [     5] WARNING    - W&#xD;&#xD;
2024-01-09 15:43:06.638+01:00 [     5] WARNING    - W&#xD;&#xD;
2024-01-09 15:43:06.638+01:00 [     5] WARNING    - W&#xD;&#xD;
2024-01-09 15:43:06.638+01:00 [     5] WARNING    - W&#xD;&#xD;
2024-01-09 15:43:06.638+01:00 [     5] WARNING    - W&#xD;&#xD;
2024-01-09 15:43:06.638+01:00 [     5] WARNING    - W&#xD;&#xD;
2024-01-09 15:43:06.638+01:00 [     5] WARNING    - W&#xD;&#xD;
2024-01-09 15:43:06.638+01:00 [     5] WARNING    - W&#xD;&#xD;
2024-01-09 15:43:06.638+01:00 [     5] WARNING    - W&#xD;&#xD;
2024-01-09 15:43:06.638+01:00 [     5] WARNING    - W&#xD;&#xD;
2024-01-09 15:43:06.638+01:00 [     5] WARNING    - W&#xD;&#xD;
2024-01-09 15:43:06.638+01:00 [     5] WARNING    - W&#xD;&#xD;
2024-01-09 15:43:06.638+01:00 [     5] WARNING    - W&#xD;&#xD;
2024-01-09 15:43:06.638+01:00 [     5] WARNING    - W&#xD;&#xD;
2024-01-09 15:43:06.638+01:00 [     5] WARNING    - W&#xD;&#xD;
2024-01-09 15:43:06.638+01:00 [     5] WARNING    - W&#xD;&#xD;
2024-01-09 15:43:06.638+01:00 [     5] WARNING    - W&#xD;&#xD;
2024-01-09 15:43:06.638+01:00 [     5] WARNING    - W&#xD;&#xD;
2024-01-09 15:43:06.638+01:00 [     5] WARNING    - W&#xD;&#xD;
2024-01-09 15:43:06.638+01:00 [     5] WARNING    - W&#xD;&#xD;
2024-01-09 15:43:06.638+01:00 [     5] WARNING    - W&#xD;&#xD;
2024-01-09 15:43:06.638+01:00 [     5] WARNING    - W&#xD;&#xD;
2024-01-09 15:43:06.638+01:00 [     5] WARNING    - W&#xD;&#xD;
2024-01-09 15:43:06.638+01:00 [     5] WARNING    - W&#xD;&#xD;
2024-01-09 15:43:06.638+01:00 [     5] WARNING    - W&#xD;&#xD;
2024-01-09 15:43:06.638+01:00 [     5] WARNING    - W&#xD;&#xD;
2024-01-09 15:43:06.638+01:00 [     5] WARNING    - W&#xD;&#xD;
2024-01-09 15:43:06.638+01:00 [     5] WARNING    - W&#xD;&#xD;
2024-01-09 15:43:06.638+01:00 [     5] WARNING    - W&#xD;&#xD;
2024-01-09 15:43:06.638+01:00 [     5] WARNING    - W&#xD;&#xD;
2024-01-09 15:43:06.638+01:00 [     5] WARNING    - W&#xD;&#xD;
2024-01-09 15:43:06.638+01:00 [     5] WARNING    - W&#xD;&#xD;
2024-01-09 15:43:06.638+01:00 [     5] WARNING    - W&#xD;&#xD;
2024-01-09 15:43:06.638+01:00 [     5] WARNING    - W&#xD;&#xD;
2024-01-09 15:43:06.638+01:00 [     5] WARNING    - W&#xD;&#xD;
2024-01-09 15:43:06.638+01:00 [     5] WARNING    - W&#xD;&#xD;
2024-01-09 15:43:06.638+01:00 [     5] WARNING    - W&#xD;&#xD;
2024-01-09 15:43:06.638+01:00 [     5] WARNING    - W&#xD;&#xD;
2024-01-09 15:43:06.638+01:00 [     5] WARNING    - W&#xD;&#xD;
2024-01-09 15:43:06.638+01:00 [     5] WARNING    - W&#xD;&#xD;
2024-01-09 15:43:06.638+01:00 [     5] WARNING    - W&#xD;&#xD;
2024-01-09 15:43:06.638+01:00 [     5] WARNING    - W&#xD;&#xD;
2024-01-09 15:43:06.638+01:00 [     5] WARNING    - W&#xD;&#xD;
2024-01-09 15:43:06.638+01:00 [     5] WARNING    - W&#xD;&#xD;
2024-01-09 15:43:06.638+01:00 [     5] WARNING    - W&#xD;&#xD;
2024-01-09 15:43:06.638+01:00 [     5] WARNING    - W&#xD;&#xD;
2024-01-09 15:43:06.638+01:00 [     5] WARNING    - W&#xD;&#xD;
2024-01-09 15:43:06.638+01:00 [     5] WARNING    - W&#xD;&#xD;
2024-01-09 15:43:06.638+01:00 [     5] WARNING    - W&#xD;&#xD;
2024-01-09 15:43:06.638+01:00 [     5] WARNING    - W&#xD;&#xD;
2024-01-09 15:43:06.638+01:00 [     5] WARNING    - W&#xD;&#xD;
2024-01-09 15:43:06.638+01:00 [     5] WARNING    - W&#xD;&#xD;
2024-01-09 15:43:06.638+01:00 [     5] WARNING    - W&#xD;&#xD;
2024-01-09 15:43:06.638+01:00 [     5] WARNING    - W&#xD;&#xD;
2024-01-09 15:43:06.638+01:00 [     5] WARNING    - W&#xD;&#xD;
2024-01-09 15:43:06.638+01:00 [     5] WARNING    - W&#xD;&#xD;
2024-01-09 15:43:06.638+01:00 [     5] WARNING    - W&#xD;&#xD;
2024-01-09 15:43:06.638+01:00 [     5] WARNING    - W&#xD;&#xD;
2024-01-09 15:43:06.638+01:00 [     5] WARNING    - W&#xD;&#xD;
2024-01-09 15:43:06.638+01:00 [     5] WARNING    - W&#xD;&#xD;
2024-01-09 15:43:06.638+01:00 [     5] WARNING    - W&#xD;&#xD;
2024-01-09 15:43:06.638+01:00 [     5] WARNING    - W&#xD;&#xD;
2024-01-09 15:43:06.638+01:00 [     5] WARNING    - W&#xD;&#xD;
2024-01-09 15:43:06.638+01:00 [     5] WARNING    - W&#xD;&#xD;
2024-01-09 15:43:06.638+01:00 [     5] WARNING    - W&#xD;&#xD;
2024-01-09 15:43:06.638+01:00 [     5] WARNING    - W&#xD;&#xD;
2024-01-09 15:43:06.638+01:00 [     5] WARNING    - W&#xD;&#xD;
2024-01-09 15:43:06.638+01:00 [     5] WARNING    - W&#xD;&#xD;
2024-01-09 15:43:06.638+01:00 [     5] WARNING    - W&#xD;&#xD;
2024-01-09 15:43:06.638+01:00 [     5] WARNING    - W&#xD;&#xD;
2024-01-09 15:43:06.638+01:00 [     5] WARNING    - W&#xD;&#xD;
2024-01-09 15:43:06.638+01:00 [     5] WARNING    - W&#xD;&#xD;
2024-01-09 15:43:06.638+01:00 [     5] WARNING    - W&#xD;&#xD;
2024-01-09 15:43:06.638+01:00 [     5] WARNING    - W&#xD;&#xD;
2024-01-09 15:43:06.638+01:00 [     5] WARNING    - W&#xD;&#xD;
2024-01-09 15:43:06.638+01:00 [     5] WARNING    - W&#xD;&#xD;
2024-01-09 15:43:06.638+01:00 [     5] WARNING    - W&#xD;&#xD;
2024-01-09 15:43:06.638+01:00 [     5] WARNING    - W&#xD;&#xD;
2024-01-09 15:43:06.638+01:00 [     5] WARNING    - W&#xD;&#xD;
2024-01-09 15:43:06.638+01:00 [     5] WARNING    - W&#xD;&#xD;
2024-01-09 15:43:06.638+01:00 [     5] WARNING    - W&#xD;&#xD;
2024-01-09 15:43:06.638+01:00 [     5] WARNING    - W&#xD;&#xD;
2024-01-09 15:43:06.638+01:00 [     5] WARNING    - W&#xD;&#xD;
2024-01-09 15:43:06.638+01:00 [     5] WARNING    - W&#xD;&#xD;
2024-01-09 15:43:06.638+01:00 [     5] WARNING    - W&#xD;&#xD;
2024-01-09 15:43:06.638+01:00 [     5] WARNING    - W&#xD;&#xD;
2024-01-09 15:43:06.638+01:00 [     5] WARNING    - W&#xD;&#xD;
2024-01-09 15:43:06.638+01:00 [     5] WARNING    - W&#xD;&#xD;
2024-01-09 15:43:06.638+01:00 [     5] WARNING    - W&#xD;&#xD;
2024-01-09 15:43:06.638+01:00 [     5] WARNING    - W&#xD;&#xD;
2024-01-09 15:43:06.638+01:00 [     5] WARNING    - W&#xD;&#xD;
2024-01-09 15:43:06.638+01:00 [     5] WARNING    - W&#xD;&#xD;
2024-01-09 15:43:06.638+01:00 [     5] WARNING    - W&#xD;&#xD;
2024-01-09 15:43:06.638+01:00 [     5] WARNING    - W&#xD;&#xD;
2024-01-09 15:43:06.638+01:00 [     5] WARNING    - W&#xD;&#xD;
2024-01-09 15:43:06.638+01:00 [     5] WARNING    - W&#xD;&#xD;
2024-01-09 15:43:06.638+01:00 [     5] WARNING    - W&#xD;&#xD;
2024-01-09 15:43:06.638+01:00 [     5] WARNING    - W&#xD;&#xD;
2024-01-09 15:43:06.638+01:00 [     5] WARNING    - W&#xD;&#xD;
2024-01-09 15:43:06.638+01:00 [     5] WARNING    - W&#xD;&#xD;
2024-01-09 15:43:06.638+01:00 [     5] WARNING    - W&#xD;&#xD;
2024-01-09 15:43:06.638+01:00 [     5] WARNING    - W&#xD;&#xD;
2024-01-09 15:43:06.638+01:00 [     5] WARNING    - W&#xD;&#xD;
2024-01-09 15:43:06.638+01:00 [     5] WARNING    - W&#xD;&#xD;
2024-01-09 15:43:06.638+01:00 [     5] WARNING    - W&#xD;&#xD;
2024-01-09 15:43:06.638+01:00 [     5] WARNING    - W&#xD;&#xD;
2024-01-09 15:43:06.638+01:00 [     5] WARNING    - W&#xD;&#xD;
2024-01-09 15:43:06.638+01:00 [     5] WARNING    - W&#xD;&#xD;
2024-01-09 15:43:06.638+01:00 [     5] WARNING    - W&#xD;&#xD;
2024-01-09 15:43:06.638+01:00 [     5] WARNING    - W&#xD;&#xD;
2024-01-09 15:43:06.638+01:00 [     5] WARNING    - W&#xD;&#xD;
2024-01-09 15:43:06.638+01:00 [     5] WARNING    - W&#xD;&#xD;
2024-01-09 15:43:06.638+01:00 [     5] WARNING    - W&#xD;&#xD;
2024-01-09 15:43:06.638+01:00 [     5] WARNING    - W&#xD;&#xD;
2024-01-09 15:43:06.638+01:00 [     5] WARNING    - W&#xD;&#xD;
2024-01-09 15:43:06.638+01:00 [     5] WARNING    - W&#xD;&#xD;
2024-01-09 15:43:06.638+01:00 [     5] WARNING    - W&#xD;&#xD;
2024-01-09 15:43:06.638+01:00 [     5] WARNING    - W&#xD;&#xD;
2024-01-09 15:43:06.638+01:00 [     5] WARNING    - W&#xD;&#xD;
2024-01-09 15:43:06.638+01:00 [     5] WARNING    - W&#xD;&#xD;
2024-01-09 15:43:06.638+01:00 [     5] WARNING    - W&#xD;&#xD;
2024-01-09 15:43:06.638+01:00 [     5] WARNING    - W&#xD;&#xD;
2024-01-09 15:43:06.638+01:00 [     5] WARNING    - W&#xD;&#xD;
2024-01-09 15:43:06.638+01:00 [     5] WARNING    - W&#xD;&#xD;
2024-01-09 15:43:06.638+01:00 [     5] WARNING    - W&#xD;&#xD;
2024-01-09 15:43:06.638+01:00 [     5] WARNING    - W&#xD;&#xD;
2024-01-09 15:43:06.638+01:00 [     5] WARNING    - W&#xD;&#xD;
2024-01-09 15:43:06.638+01:00 [     5] WARNING    - W&#xD;&#xD;
2024-01-09 15:43:06.638+01:00 [     5] WARNING    - W&#xD;&#xD;
2024-01-09 15:43:06.638+01:00 [     5] WARNING    - W&#xD;&#xD;
2024-01-09 15:43:06.638+01:00 [     5] WARNING    - W&#xD;&#xD;
2024-01-09 15:43:06.638+01:00 [     5] WARNING    - W&#xD;&#xD;
2024-01-09 15:43:06.638+01:00 [     5] WARNING    - W&#xD;&#xD;
2024-01-09 15:43:06.638+01:00 [     5] WARNING    - W&#xD;&#xD;
2024-01-09 15:43:06.638+01:00 [     5] WARNING    - W&#xD;&#xD;
2024-01-09 15:43:06.638+01:00 [     5] WARNING    - W&#xD;&#xD;
2024-01-09 15:43:06.638+01:00 [     5] WARNING    - W&#xD;&#xD;
2024-01-09 15:43:06.638+01:00 [     5] WARNING    - W&#xD;&#xD;
2024-01-09 15:43:06.638+01:00 [     5] WARNING    - W&#xD;&#xD;
2024-01-09 15:43:06.638+01:00 [     5] WARNING    - W&#xD;&#xD;
2024-01-09 15:43:06.638+01:00 [     5] WARNING    - W&#xD;&#xD;
2024-01-09 15:43:06.638+01:00 [     5] WARNING    - W&#xD;&#xD;
2024-01-09 15:43:06.638+01:00 [     5] WARNING    - W&#xD;&#xD;
2024-01-09 15:43:06.638+01:00 [     5] WARNING    - W&#xD;&#xD;
2024-01-09 15:43:06.638+01:00 [     5] WARNING    - W&#xD;&#xD;
2024-01-09 15:43:06.638+01:00 [     5] WARNING    - W&#xD;&#xD;
2024-01-09 15:43:06.638+01:00 [     5] WARNING    - W&#xD;&#xD;
2024-01-09 15:43:06.638+01:00 [     5] WARNING    - W&#xD;&#xD;
2024-01-09 15:43:06.638+01:00 [     5] WARNING    - W&#xD;&#xD;
2024-01-09 15:43:06.638+01:00 [     5] WARNING    - W&#xD;&#xD;
2024-01-09 15:43:06.638+01:00 [     5] WARNING    - W&#xD;&#xD;
2024-01-09 15:43:06.638+01:00 [     5] WARNING    - W&#xD;&#xD;
2024-01-09 15:43:06.638+01:00 [     5] WARNING    - W&#xD;&#xD;
2024-01-09 15:43:06.638+01:00 [     5] WARNING    - W&#xD;&#xD;
2024-01-09 15:43:06.638+01:00 [     5] WARNING    - W&#xD;&#xD;
2024-01-09 15:43:06.638+01:00 [     5] WARNING    - W&#xD;&#xD;
2024-01-09 15:43:06.638+01:00 [     5] WARNING    - W&#xD;&#xD;
2024-01-09 15:43:06.638+01:00 [     5] WARNING    - W&#xD;&#xD;
2024-01-09 15:43:06.638+01:00 [     5] WARNING    - W&#xD;&#xD;
2024-01-09 15:43:06.638+01:00 [     5] WARNING    - W&#xD;&#xD;
2024-01-09 15:43:06.638+01:00 [     5] WARNING    - W&#xD;&#xD;
2024-01-09 15:43:06.638+01:00 [     5] WARNING    - W&#xD;&#xD;
2024-01-09 15:43:06.638+01:00 [     5] WARNING    - W&#xD;&#xD;
2024-01-09 15:43:06.638+01:00 [     5] WARNING    - W&#xD;&#xD;
2024-01-09 15:43:06.638+01:00 [     5] WARNING    - W&#xD;&#xD;
2024-01-09 15:43:06.638+01:00 [     5] WARNING    - W&#xD;&#xD;
2024-01-09 15:43:06.638+01:00 [     5] WARNING    - W&#xD;&#xD;
2024-01-09 15:43:06.638+01:00 [     5] WARNING    - W&#xD;&#xD;
2024-01-09 15:43:06.638+01:00 [     5] WARNING    - W&#xD;&#xD;
2024-01-09 15:43:06.638+01:00 [     5] WARNING    - W&#xD;&#xD;
2024-01-09 15:43:06.638+01:00 [     5] WARNING    - W&#xD;&#xD;
2024-01-09 15:43:06.638+01:00 [     5] WARNING    - W&#xD;&#xD;
2024-01-09 15:43:06.638+01:00 [     5] WARNING    - W&#xD;&#xD;
2024-01-09 15:43:06.638+01:00 [     5] WARNING    - W&#xD;&#xD;
2024-01-09 15:43:06.638+01:00 [     5] WARNING    - W&#xD;&#xD;
2024-01-09 15:43:06.638+01:00 [     5] WARNING    - W&#xD;&#xD;
2024-01-09 15:43:06.638+01:00 [     5] WARNING    - W&#xD;&#xD;
2024-01-09 15:43:06.638+01:00 [     5] WARNING    - W&#xD;&#xD;
2024-01-09 15:43:06.638+01:00 [     5] WARNING    - W&#xD;&#xD;
2024-01-09 15:43:06.638+01:00 [     5] WARNING    - W&#xD;&#xD;
2024-01-09 15:43:06.638+01:00 [     5] WARNING    - W&#xD;&#xD;
2024-01-09 15:43:06.638+01:00 [     5] WARNING    - W&#xD;&#xD;
2024-01-09 15:43:06.638+01:00 [     5] WARNING    - W&#xD;&#xD;
2024-01-09 15:43:06.638+01:00 [     5] WARNING    - W&#xD;&#xD;
2024-01-09 15:43:06.638+01:00 [     5] WARNING    - W&#xD;&#xD;
2024-01-09 15:43:06.638+01:00 [     5] WARNING    - W&#xD;&#xD;
2024-01-09 15:43:06.638+01:00 [     5] WARNING    - W&#xD;&#xD;
2024-01-09 15:43:06.638+01:00 [     5] WARNING    - W&#xD;&#xD;
2024-01-09 15:43:06.638+01:00 [     5] WARNING    - W&#xD;&#xD;
2024-01-09 15:43:06.638+01:00 [     5] WARNING    - W&#xD;&#xD;
2024-01-09 15:43:06.638+01:00 [     5] WARNING    - W&#xD;&#xD;
2024-01-09 15:43:06.638+01:00 [     5] WARNING    - W&#xD;&#xD;
2024-01-09 15:43:06.638+01:00 [     5] WARNING    - W&#xD;&#xD;
2024-01-09 15:43:06.638+01:00 [     5] WARNING    - W&#xD;&#xD;
2024-01-09 15:43:06.638+01:00 [     5] WARNING    - W&#xD;&#xD;
2024-01-09 15:43:06.638+01:00 [     5] WARNING    - W&#xD;&#xD;
2024-01-09 15:43:06.638+01:00 [     5] WARNING    - W&#xD;&#xD;
2024-01-09 15:43:06.638+01:00 [     5] WARNING    - W&#xD;&#xD;
2024-01-09 15:43:06.638+01:00 [     5] WARNING    - W&#xD;&#xD;
2024-01-09 15:43:06.638+01:00 [     5] WARNING    - W&#xD;&#xD;
2024-01-09 15:43:06.638+01:00 [     5] WARNING    - W&#xD;&#xD;
2024-01-09 15:43:06.638+01:00 [     5] WARNING    - W&#xD;&#xD;
2024-01-09 15:43:06.638+01:00 [     5] WARNING    - W&#xD;&#xD;
2024-01-09 15:43:06.638+01:00 [     5] WARNING    - W&#xD;&#xD;
2024-01-09 15:43:06.638+01:00 [     5] WARNING    - W&#xD;&#xD;
2024-01-09 15:43:06.638+01:00 [     5] WARNING    - W&#xD;&#xD;
2024-01-09 15:43:06.638+01:00 [     5] WARNING    - W&#xD;&#xD;
2024-01-09 15:43:06.638+01:00 [     5] WARNING    - W&#xD;&#xD;
2024-01-09 15:43:06.638+01:00 [     5] WARNING    - W&#xD;&#xD;
2024-01-09 15:43:06.638+01:00 [     5] WARNING    - W&#xD;&#xD;
2024-01-09 15:43:06.638+01:00 [     5] WARNING    - W&#xD;&#xD;
2024-01-09 15:43:06.638+01:00 [     5] WARNING    - W&#xD;&#xD;
2024-01-09 15:43:06.638+01:00 [     5] WARNING    - W&#xD;&#xD;
2024-01-09 15:43:06.638+01:00 [     5] WARNING    - W&#xD;&#xD;
2024-01-09 15:43:06.638+01:00 [     5] WARNING    - W&#xD;&#xD;
2024-01-09 15:43:06.638+01:00 [     5] WARNING    - W&#xD;&#xD;
2024-01-09 15:43:06.638+01:00 [     5] WARNING    - W&#xD;&#xD;
2024-01-09 15:43:06.638+01:00 [     5] WARNING    - W&#xD;&#xD;
2024-01-09 15:43:06.638+01:00 [     5] WARNING    - W&#xD;&#xD;
2024-01-09 15:43:06.638+01:00 [     5] WARNING    - W&#xD;&#xD;
2024-01-09 15:43:06.638+01:00 [     5] WARNING    - W&#xD;&#xD;
2024-01-09 15:43:06.638+01:00 [     5] WARNING    - W&#xD;&#xD;
2024-01-09 15:43:06.638+01:00 [     5] WARNING    - W&#xD;&#xD;
2024-01-09 15:43:06.638+01:00 [     5] WARNING    - W&#xD;&#xD;
2024-01-09 15:43:06.638+01:00 [     5] WARNING    - W&#xD;&#xD;
2024-01-09 15:43:06.638+01:00 [     5] WARNING    - W&#xD;&#xD;
2024-01-09 15:43:06.638+01:00 [     5] WARNING    - W&#xD;&#xD;
2024-01-09 15:43:06.638+01:00 [     5] WARNING    - W&#xD;&#xD;
2024-01-09 15:43:06.638+01:00 [     5] WARNING    - W&#xD;&#xD;
2024-01-09 15:43:06.638+01:00 [     5] WARNING    - W&#xD;&#xD;
2024-01-09 15:43:06.638+01:00 [     5] WARNING    - W&#xD;&#xD;
2024-01-09 15:43:06.638+01:00 [     5] WARNING    - W&#xD;&#xD;
2024-01-09 15:43:06.638+01:00 [     5] WARNING    - W&#xD;&#xD;
2024-01-09 15:43:06.638+01:00 [     5] WARNING    - W&#xD;&#xD;
2024-01-09 15:43:06.638+01:00 [     5] WARNING    - W&#xD;&#xD;
2024-01-09 15:43:06.638+01:00 [     5] WARNING    - W&#xD;&#xD;
2024-01-09 15:43:06.638+01:00 [     5] WARNING    - W&#xD;&#xD;
2024-01-09 15:43:06.638+01:00 [     5] WARNING    - W&#xD;&#xD;
2024-01-09 15:43:06.638+01:00 [     5] WARNING    - W&#xD;&#xD;
2024-01-09 15:43:06.638+01:00 [     5] WARNING    - W&#xD;&#xD;
2024-01-09 15:43:06.638+01:00 [     5] WARNING    - W&#xD;&#xD;
2024-01-09 15:43:06.638+01:00 [     5] WARNING    - W&#xD;&#xD;
2024-01-09 15:43:06.638+01:00 [     5] WARNING    - W&#xD;&#xD;
2024-01-09 15:43:06.638+01:00 [     5] WARNING    - W&#xD;&#xD;
2024-01-09 15:43:06.638+01:00 [     5] WARNING    - W&#xD;&#xD;
2024-01-09 15:43:06.638+01:00 [     5] WARNING    - W&#xD;&#xD;
2024-01-09 15:43:06.638+01:00 [     5] WARNING    - W&#xD;&#xD;
2024-01-09 15:43:06.638+01:00 [     5] WARNING    - W&#xD;&#xD;
2024-01-09 15:43:06.638+01:00 [     5] WARNING    - W&#xD;&#xD;
2024-01-09 15:43:06.638+01:00 [     5] WARNING    - W&#xD;&#xD;
2024-01-09 15:43:06.638+01:00 [     5] WARNING    - W&#xD;&#xD;
2024-01-09 15:43:06.638+01:00 [     5] WARNING    - W&#xD;&#xD;
2024-01-09 15:43:06.638+01:00 [     5] WARNING    - W&#xD;&#xD;
2024-01-09 15:43:06.638+01:00 [     5] WARNING    - W&#xD;&#xD;
2024-01-09 15:43:06.638+01:00 [     5] WARNING    - W&#xD;&#xD;
2024-01-09 15:43:06.638+01:00 [     5] WARNING    - W&#xD;&#xD;
2024-01-09 15:43:06.638+01:00 [     5] WARNING    - W&#xD;&#xD;
2024-01-09 15:43:06.638+01:00 [     5] WARNING    - W&#xD;&#xD;
2024-01-09 15:43:06.638+01:00 [     5] WARNING    - W&#xD;&#xD;
2024-01-09 15:43:06.638+01:00 [     5] WARNING    - W&#xD;&#xD;
2024-01-09 15:43:06.638+01:00 [     5] WARNING    - W&#xD;&#xD;
2024-01-09 15:43:06.638+01:00 [     5] WARNING    - W&#xD;&#xD;
2024-01-09 15:43:06.638+01:00 [     5] WARNING    - W&#xD;&#xD;
2024-01-09 15:43:06.638+01:00 [     5] WARNING    - W&#xD;&#xD;
2024-01-09 15:43:06.638+01:00 [     5] WARNING    - W&#xD;&#xD;
2024-01-09 15:43:06.638+01:00 [     5] WARNING    - W&#xD;&#xD;
2024-01-09 15:43:06.638+01:00 [     5] WARNING    - W&#xD;&#xD;
2024-01-09 15:43:06.638+01:00 [     5] WARNING    - W&#xD;&#xD;
2024-01-09 15:43:06.638+01:00 [     5] WARNING    - W&#xD;&#xD;
2024-01-09 15:43:06.638+01:00 [     5] WARNING    - W&#xD;&#xD;
2024-01-09 15:43:06.638+01:00 [     5] WARNING    - W&#xD;&#xD;
2024-01-09 15:43:06.638+01:00 [     5] WARNING    - W&#xD;&#xD;
2024-01-09 15:43:06.638+01:00 [     5] WARNING    - W&#xD;&#xD;
2024-01-09 15:43:06.638+01:00 [     5] WARNING    - W&#xD;&#xD;
2024-01-09 15:43:06.638+01:00 [     5] WARNING    - W&#xD;&#xD;
2024-01-09 15:43:06.638+01:00 [     5] WARNING    - W&#xD;&#xD;
2024-01-09 15:43:06.638+01:00 [     5] WARNING    - W&#xD;&#xD;
2024-01-09 15:43:06.638+01:00 [     5] WARNING    - W&#xD;&#xD;
2024-01-09 15:43:06.638+01:00 [     5] WARNING    - W&#xD;&#xD;
2024-01-09 15:43:06.638+01:00 [     5] WARNING    - W&#xD;&#xD;
2024-01-09 15:43:06.638+01:00 [     5] WARNING    - W&#xD;&#xD;
2024-01-09 15:43:06.638+01:00 [     5] WARNING    - W&#xD;&#xD;
2024-01-09 15:43:06.638+01:00 [     5] WARNING    - W&#xD;&#xD;
2024-01-09 15:43:06.638+01:00 [     5] WARNING    - W&#xD;&#xD;
2024-01-09 15:43:06.638+01:00 [     5] WARNING    - W&#xD;&#xD;
2024-01-09 15:43:06.638+01:00 [     5] WARNING    - W&#xD;&#xD;
2024-01-09 15:43:06.638+01:00 [     5] WARNING    - W&#xD;&#xD;
2024-01-09 15:43:06.638+01:00 [     5] WARNING    - W&#xD;&#xD;
2024-01-09 15:43:06.638+01:00 [     5] WARNING    - W&#xD;&#xD;
2024-01-09 15:43:06.638+01:00 [     5] WARNING    - W&#xD;&#xD;
2024-01-09 15:43:06.638+01:00 [     5] WARNING    - W&#xD;&#xD;
2024-01-09 15:43:06.638+01:00 [     5] WARNING    - W&#xD;&#xD;
2024-01-09 15:43:06.638+01:00 [     5] WARNING    - W&#xD;&#xD;
2024-01-09 15:43:06.638+01:00 [     5] WARNING    - W&#xD;&#xD;
2024-01-09 15:43:06.638+01:00 [     5] WARNING    - W&#xD;&#xD;
2024-01-09 15:43:06.638+01:00 [     5] WARNING    - W&#xD;&#xD;
2024-01-09 15:43:06.638+01:00 [     5] WARNING    - W&#xD;&#xD;
2024-01-09 15:43:06.638+01:00 [     5] WARNING    - W&#xD;&#xD;
2024-01-09 15:43:06.638+01:00 [     5] WARNING    - W&#xD;&#xD;
2024-01-09 15:43:06.638+01:00 [     5] WARNING    - W&#xD;&#xD;
2024-01-09 15:43:06.638+01:00 [     5] WARNING    - W&#xD;&#xD;
2024-01-09 15:43:06.638+01:00 [     5] WARNING    - W&#xD;&#xD;
2024-01-09 15:43:06.638+01:00 [     5] WARNING    - W&#xD;&#xD;
2024-01-09 15:43:06.638+01:00 [     5] WARNING    - W&#xD;&#xD;
2024-01-09 15:43:06.638+01:00 [     5] WARNING    - W&#xD;&#xD;
2024-01-09 15:43:06.638+01:00 [     5] WARNING    - W&#xD;&#xD;
2024-01-09 15:43:06.638+01:00 [     5] WARNING    - W&#xD;&#xD;
2024-01-09 15:43:06.638+01:00 [     5] WARNING    - W&#xD;&#xD;
2024-01-09 15:43:06.638+01:00 [     5] WARNING    - W&#xD;&#xD;
2024-01-09 15:43:06.638+01:00 [     5] WARNING    - W&#xD;&#xD;
2024-01-09 15:43:06.638+01:00 [     5] WARNING    - W&#xD;&#xD;
2024-01-09 15:43:06.638+01:00 [     5] WARNING    - W&#xD;&#xD;
2024-01-09 15:43:06.638+01:00 [     5] WARNING    - W&#xD;&#xD;
2024-01-09 15:43:06.638+01:00 [     5] WARNING    - W&#xD;&#xD;
2024-01-09 15:43:06.638+01:00 [     5] WARNING    - W&#xD;&#xD;
2024-01-09 15:43:06.638+01:00 [     5] WARNING    - W&#xD;&#xD;
2024-01-09 15:43:06.638+01:00 [     5] WARNING    - W&#xD;&#xD;
2024-01-09 15:43:06.638+01:00 [     5] WARNING    - W&#xD;&#xD;
2024-01-09 15:43:06.638+01:00 [     5] WARNING    - W&#xD;&#xD;
2024-01-09 15:43:06.638+01:00 [     5] WARNING    - W&#xD;&#xD;
2024-01-09 15:43:06.638+01:00 [     5] WARNING    - W&#xD;&#xD;
2024-01-09 15:43:06.638+01:00 [     5] WARNING    - W&#xD;&#xD;
2024-01-09 15:43:06.638+01:00 [     5] WARNING    - W&#xD;&#xD;
2024-01-09 15:43:06.638+01:00 [     5] WARNING    - W&#xD;&#xD;
2024-01-09 15:43:06.638+01:00 [     5] WARNING    - W&#xD;&#xD;
2024-01-09 15:43:06.638+01:00 [     5] WARNING    - W&#xD;&#xD;
2024-01-09 15:43:06.638+01:00 [     5] WARNING    - W&#xD;&#xD;
2024-01-09 15:43:06.638+01:00 [     5] WARNING    - W&#xD;&#xD;
2024-01-09 15:43:06.638+01:00 [     5] WARNING    - W&#xD;&#xD;
2024-01-09 15:43:06.638+01:00 [     5] WARNING    - W&#xD;&#xD;
2024-01-09 15:43:06.638+01:00 [     5] WARNING    - W&#xD;&#xD;
2024-01-09 15:43:06.638+01:00 [     5] WARNING    - W&#xD;&#xD;
2024-01-09 15:43:06.638+01:00 [     5] WARNING    - W&#xD;&#xD;
2024-01-09 15:43:06.638+01:00 [     5] WARNING    - W&#xD;&#xD;
2024-01-09 15:43:06.638+01:00 [     5] WARNING    - W&#xD;&#xD;
2024-01-09 15:43:06.638+01:00 [     5] WARNING    - W&#xD;&#xD;
2024-01-09 15:43:06.638+01:00 [     5] WARNING    - W&#xD;&#xD;
2024-01-09 15:43:06.638+01:00 [     5] WARNING    - W&#xD;&#xD;
2024-01-09 15:43:06.638+01:00 [     5] WARNING    - W&#xD;&#xD;
2024-01-09 15:43:06.638+01:00 [     5] WARNING    - W&#xD;&#xD;
2024-01-09 15:43:06.638+01:00 [     5] WARNING    - W&#xD;&#xD;
2024-01-09 15:43:06.638+01:00 [     5] WARNING    - W&#xD;&#xD;
2024-01-09 15:43:06.638+01:00 [     5] WARNING    - W&#xD;&#xD;
2024-01-09 15:43:06.638+01:00 [     5] WARNING    - W&#xD;&#xD;
2024-01-09 15:43:06.638+01:00 [     5] WARNING    - W&#xD;&#xD;
2024-01-09 15:43:06.638+01:00 [     5] WARNING    - W&#xD;&#xD;
2024-01-09 15:43:06.638+01:00 [     5] WARNING    - W&#xD;&#xD;
2024-01-09 15:43:06.638+01:00 [     5] WARNING    - W&#xD;&#xD;
2024-01-09 15:43:06.638+01:00 [     5] WARNING    - W&#xD;&#xD;
2024-01-09 15:43:06.638+01:00 [     5] WARNING    - W&#xD;&#xD;
2024-01-09 15:43:06.638+01:00 [     5] WARNING    - W&#xD;&#xD;
2024-01-09 15:43:06.638+01:00 [     5] WARNING    - W&#xD;&#xD;
2024-01-09 15:43:06.638+01:00 [     5] WARNING    - W&#xD;&#xD;
2024-01-09 15:43:06.638+01:00 [     5] WARNING    - W&#xD;&#xD;
2024-01-09 15:43:06.638+01:00 [     5] WARNING    - W&#xD;&#xD;
2024-01-09 15:43:06.638+01:00 [     5] WARNING    - W&#xD;&#xD;
2024-01-09 15:43:06.638+01:00 [     5] WARNING    - W&#xD;&#xD;
2024-01-09 15:43:06.638+01:00 [     5] WARNING    - W&#xD;&#xD;
2024-01-09 15:43:06.638+01:00 [     5] WARNING    - W&#xD;&#xD;
2024-01-09 15:43:06.638+01:00 [     5] WARNING    - W&#xD;&#xD;
2024-01-09 15:43:06.638+01:00 [     5] WARNING    - W&#xD;&#xD;
2024-01-09 15:43:06.638+01:00 [     5] WARNING    - W&#xD;&#xD;
2024-01-09 15:43:06.638+01:00 [     5] WARNING    - W&#xD;&#xD;
2024-01-09 15:43:06.638+01:00 [     5] WARNING    - W&#xD;&#xD;
2024-01-09 15:43:06.638+01:00 [     5] WARNING    - W&#xD;&#xD;
2024-01-09 15:43:06.638+01:00 [     5] WARNING    - W&#xD;&#xD;
2024-01-09 15:43:06.638+01:00 [     5] WARNING    - W&#xD;&#xD;
2024-01-09 15:43:06.638+01:00 [     5] WARNING    - W&#xD;&#xD;
2024-01-09 15:43:06.638+01:00 [     5] WARNING    - W&#xD;&#xD;
2024-01-09 15:43:06.638+01:00 [     5] WARNING    - W&#xD;&#xD;
2024-01-09 15:43:06.638+01:00 [     5] WARNING    - W&#xD;&#xD;
2024-01-09 15:43:06.638+01:00 [     5] WARNING    - W&#xD;&#xD;
2024-01-09 15:43:06.638+01:00 [     5] WARNING    - W&#xD;&#xD;
2024-01-09 15:43:06.638+01:00 [     5] WARNING    - W&#xD;&#xD;
2024-01-09 15:43:06.638+01:00 [     5] WARNING    - W&#xD;&#xD;
2024-01-09 15:43:06.638+01:00 [     5] WARNING    - W&#xD;&#xD;
2024-01-09 15:43:06.638+01:00 [     5] WARNING    - W&#xD;&#xD;
2024-01-09 15:43:06.638+01:00 [     5] WARNING    - W&#xD;&#xD;
2024-01-09 15:43:06.638+01:00 [     5] WARNING    - W&#xD;&#xD;
2024-01-09 15:43:06.638+01:00 [     5] WARNING    - W&#xD;&#xD;
2024-01-09 15:43:06.638+01:00 [     5] WARNING    - W&#xD;&#xD;
2024-01-09 15:43:06.638+01:00 [     5] WARNING    - W&#xD;&#xD;
2024-01-09 15:43:06.638+01:00 [     5] WARNING    - W&#xD;&#xD;
2024-01-09 15:43:06.638+01:00 [     5] WARNING    - W&#xD;&#xD;
2024-01-09 15:43:06.638+01:00 [     5] WARNING    - W&#xD;&#xD;
2024-01-09 15:43:06.638+01:00 [     5] WARNING    - W&#xD;&#xD;
2024-01-09 15:43:06.638+01:00 [     5] WARNING    - W&#xD;&#xD;
2024-01-09 15:43:06.638+01:00 [     5] WARNING    - W&#xD;&#xD;
2024-01-09 15:43:06.638+01:00 [     5] WARNING    - W&#xD;&#xD;
2024-01-09 15:43:06.638+01:00 [     5] WARNING    - W&#xD;&#xD;
2024-01-09 15:43:06.638+01:00 [     5] WARNING    - W&#xD;&#xD;
2024-01-09 15:43:06.638+01:00 [     5] WARNING    - W&#xD;&#xD;
2024-01-09 15:43:06.638+01:00 [     5] WARNING    - W&#xD;&#xD;
2024-01-09 15:43:06.638+01:00 [     5] WARNING    - W&#xD;&#xD;
2024-01-09 15:43:06.638+01:00 [     5] WARNING    - W&#xD;&#xD;
2024-01-09 15:43:06.638+01:00 [     5] WARNING    - W&#xD;&#xD;
2024-01-09 15:43:06.638+01:00 [     5] WARNING    - W&#xD;&#xD;
2024-01-09 15:43:06.638+01:00 [     5] WARNING    - W&#xD;&#xD;
2024-01-09 15:43:06.638+01:00 [     5] WARNING    - W&#xD;&#xD;
2024-01-09 15:43:06.638+01:00 [     5] WARNING    - W&#xD;&#xD;
2024-01-09 15:43:06.638+01:00 [     5] WARNING    - W&#xD;&#xD;
2024-01-09 15:43:06.638+01:00 [     5] WARNING    - W&#xD;&#xD;
2024-01-09 15:43:06.638+01:00 [     5] WARNING    - W&#xD;&#xD;
2024-01-09 15:43:06.638+01:00 [     5] WARNING    - W&#xD;&#xD;
2024-01-09 15:43:06.638+01:00 [     5] WARNING    - W&#xD;&#xD;
2024-01-09 15:43:06.638+01:00 [     5] WARNING    - W&#xD;&#xD;
2024-01-09 15:43:06.638+01:00 [     5] WARNING    - W&#xD;&#xD;
2024-01-09 15:43:06.638+01:00 [     5] WARNING    - W&#xD;&#xD;
2024-01-09 15:43:06.638+01:00 [     5] WARNING    - W&#xD;&#xD;
2024-01-09 15:43:06.638+01:00 [     5] WARNING    - W&#xD;&#xD;
2024-01-09 15:43:06.638+01:00 [     5] WARNING    - W&#xD;&#xD;
2024-01-09 15:43:06.638+01:00 [     5] WARNING    - W&#xD;&#xD;
2024-01-09 15:43:06.638+01:00 [     5] WARNING    - W&#xD;&#xD;
2024-01-09 15:43:06.638+01:00 [     5] WARNING    - W&#xD;&#xD;
2024-01-09 15:43:06.638+01:00 [     5] WARNING    - W&#xD;&#xD;
2024-01-09 15:43:06.638+01:00 [     5] WARNING    - W&#xD;&#xD;
2024-01-09 15:43:06.638+01:00 [     5] WARNING    - W&#xD;&#xD;
2024-01-09 15:43:06.638+01:00 [     5] WARNING    - W&#xD;&#xD;
2024-01-09 15:43:06.638+01:00 [     5] WARNING    - W&#xD;&#xD;
2024-01-09 15:43:06.638+01:00 [     5] WARNING    - W&#xD;&#xD;
2024-01-09 15:43:06.638+01:00 [     5] WARNING    - W&#xD;&#xD;
2024-01-09 15:43:06.638+01:00 [     5] WARNING    - W&#xD;&#xD;
2024-01-09 15:43:06.638+01:00 [     5] WARNING    - W&#xD;&#xD;
2024-01-09 15:43:06.638+01:00 [     5] WARNING    - W&#xD;&#xD;
2024-01-09 15:43:06.638+01:00 [     5] WARNING    - W&#xD;&#xD;
2024-01-09 15:43:06.638+01:00 [     5] WARNING    - W&#xD;&#xD;
2024-01-09 15:43:06.638+01:00 [     5] WARNING    - W&#xD;&#xD;
2024-01-09 15:43:06.638+01:00 [     5] WARNING    - W&#xD;&#xD;
2024-01-09 15:43:06.638+01:00 [     5] WARNING    - W&#xD;&#xD;
2024-01-09 15:43:06.638+01:00 [     5] WARNING    - W&#xD;&#xD;
2024-01-09 15:43:06.638+01:00 [     5] WARNING    - W&#xD;&#xD;
2024-01-09 15:43:06.638+01:00 [     5] WARNING    - W&#xD;&#xD;
2024-01-09 15:43:06.638+01:00 [     5] WARNING    - W&#xD;&#xD;
2024-01-09 15:43:06.638+01:00 [     5] WARNING    - W&#xD;&#xD;
2024-01-09 15:43:06.638+01:00 [     5] WARNING    - W&#xD;&#xD;
2024-01-09 15:43:06.638+01:00 [     5] WARNING    - W&#xD;&#xD;
2024-01-09 15:43:06.638+01:00 [     5] WARNING    - W&#xD;&#xD;
2024-01-09 15:43:06.638+01:00 [     5] WARNING    - W&#xD;&#xD;
2024-01-09 15:43:06.638+01:00 [     5] WARNING    - W&#xD;&#xD;
2024-01-09 15:43:06.638+01:00 [     5] WARNING    - W&#xD;&#xD;
2024-01-09 15:43:06.638+01:00 [     5] WARNING    - W&#xD;&#xD;
2024-01-09 15:43:06.638+01:00 [     5] WARNING    - W&#xD;&#xD;
2024-01-09 15:43:06.638+01:00 [     5] WARNING    - W&#xD;&#xD;
2024-01-09 15:43:06.638+01:00 [     5] WARNING    - W&#xD;&#xD;
2024-01-09 15:43:06.638+01:00 [     5] WARNING    - W&#xD;&#xD;
2024-01-09 15:43:06.638+01:00 [     5] WARNING    - W&#xD;&#xD;
2024-01-09 15:43:06.638+01:00 [     5] WARNING    - W&#xD;&#xD;
2024-01-09 15:43:06.638+01:00 [     5] WARNING    - W&#xD;&#xD;
2024-01-09 15:43:06.638+01:00 [     5] WARNING    - W&#xD;&#xD;
2024-01-09 15:43:06.638+01:00 [     5] WARNING    - W&#xD;&#xD;
2024-01-09 15:43:06.638+01:00 [     5] WARNING    - W&#xD;&#xD;
2024-01-09 15:43:06.638+01:00 [     5] WARNING    - W&#xD;&#xD;
2024-01-09 15:43:06.638+01:00 [     5] WARNING    - W&#xD;&#xD;
2024-01-09 15:43:06.638+01:00 [     5] WARNING    - W&#xD;&#xD;
2024-01-09 15:43:06.638+01:00 [     5] WARNING    - W&#xD;&#xD;
2024-01-09 15:43:06.638+01:00 [     5] WARNING    - W&#xD;&#xD;
2024-01-09 15:43:06.638+01:00 [     5] WARNING    - W&#xD;&#xD;
2024-01-09 15:43:06.638+01:00 [     5] WARNING    - W&#xD;&#xD;
2024-01-09 15:43:06.638+01:00 [     5] WARNING    - W&#xD;&#xD;
2024-01-09 15:43:06.638+01:00 [     5] WARNING    - W&#xD;&#xD;
2024-01-09 15:43:06.638+01:00 [     5] WARNING    - W&#xD;&#xD;
2024-01-09 15:43:06.638+01:00 [     5] WARNING    - W&#xD;&#xD;
2024-01-09 15:43:06.638+01:00 [     5] WARNING    - W&#xD;&#xD;
2024-01-09 15:43:06.638+01:00 [     5] WARNING    - W&#xD;&#xD;
2024-01-09 15:43:06.638+01:00 [     5] WARNING    - W&#xD;&#xD;
2024-01-09 15:43:06.638+01:00 [     5] WARNING    - W&#xD;&#xD;
2024-01-09 15:43:06.638+01:00 [     5] WARNING    - W&#xD;&#xD;
2024-01-09 15:43:06.638+01:00 [     5] WARNING    - W&#xD;&#xD;
2024-01-09 15:43:06.638+01:00 [     5] WARNING    - W&#xD;&#xD;
2024-01-09 15:43:06.638+01:00 [     5] WARNING    - W&#xD;&#xD;
2024-01-09 15:43:06.638+01:00 [     5] WARNING    - W&#xD;&#xD;
2024-01-09 15:43:06.638+01:00 [     5] WARNING    - W&#xD;&#xD;
2024-01-09 15:43:06.638+01:00 [     5] WARNING    - W&#xD;&#xD;
2024-01-09 15:43:06.638+01:00 [     5] WARNING    - W&#xD;&#xD;
2024-01-09 15:43:06.638+01:00 [     5] WARNING    - W&#xD;&#xD;
2024-01-09 15:43:06.638+01:00 [     5] WARNING    - W&#xD;&#xD;
2024-01-09 15:43:06.638+01:00 [     5] WARNING    - W&#xD;&#xD;
2024-01-09 15:43:06.638+01:00 [     5] WARNING    - W&#xD;&#xD;
2024-01-09 15:43:06.638+01:00 [     5] WARNING    - W&#xD;&#xD;
2024-01-09 15:43:06.638+01:00 [     5] WARNING    - W&#xD;&#xD;
2024-01-09 15:43:06.638+01:00 [     5] WARNING    - W&#xD;&#xD;
2024-01-09 15:43:06.638+01:00 [     5] WARNING    - W&#xD;&#xD;
2024-01-09 15:43:06.638+01:00 [     5] WARNING    - W&#xD;&#xD;
2024-01-09 15:43:06.638+01:00 [     5] WARNING    - W&#xD;&#xD;
2024-01-09 15:43:06.638+01:00 [     5] WARNING    - W&#xD;&#xD;
2024-01-09 15:43:06.638+01:00 [     5] WARNING    - W&#xD;&#xD;
2024-01-09 15:43:06.638+01:00 [     5] WARNING    - W&#xD;&#xD;
2024-01-09 15:43:06.638+01:00 [     5] WARNING    - W&#xD;&#xD;
2024-01-09 15:43:06.638+01:00 [     5] WARNING    - W&#xD;&#xD;
2024-01-09 15:43:06.638+01:00 [     5] WARNING    - W&#xD;&#xD;
2024-01-09 15:43:06.638+01:00 [     5] WARNING    - W&#xD;&#xD;
2024-01-09 15:43:06.638+01:00 [     5] WARNING    - W&#xD;&#xD;
2024-01-09 15:43:06.638+01:00 [     5] WARNING    - W&#xD;&#xD;
2024-01-09 15:43:06.638+01:00 [     5] WARNING    - W&#xD;&#xD;
2024-01-09 15:43:06.638+01:00 [     5] WARNING    - W&#xD;&#xD;
2024-01-09 15:43:06.638+01:00 [     5] WARNING    - W&#xD;&#xD;
2024-01-09 15:43:06.638+01:00 [     5] WARNING    - W&#xD;&#xD;
2024-01-09 15:43:06.638+01:00 [     5] WARNING    - W&#xD;&#xD;
2024-01-09 15:43:06.638+01:00 [     5] WARNING    - W&#xD;&#xD;
2024-01-09 15:43:06.638+01:00 [     5] WARNING    - W&#xD;&#xD;
2024-01-09 15:43:06.638+01:00 [     5] WARNING    - W&#xD;&#xD;
2024-01-09 15:43:06.638+01:00 [     5] WARNING    - W&#xD;&#xD;
2024-01-09 15:43:06.638+01:00 [     5] WARNING    - W&#xD;&#xD;
2024-01-09 15:43:06.638+01:00 [     5] WARNING    - W&#xD;&#xD;
2024-01-09 15:43:06.638+01:00 [     5] WARNING    - W&#xD;&#xD;
2024-01-09 15:43:06.638+01:00 [     5] WARNING    - W&#xD;&#xD;
2024-01-09 15:43:06.638+01:00 [     5] WARNING    - W&#xD;&#xD;
2024-01-09 15:43:06.638+01:00 [     5] WARNING    - W&#xD;&#xD;
2024-01-09 15:43:06.638+01:00 [     5] WARNING    - W&#xD;&#xD;
2024-01-09 15:43:06.638+01:00 [     5] WARNING    - W&#xD;&#xD;
2024-01-09 15:43:06.638+01:00 [     5] WARNING    - W&#xD;&#xD;
2024-01-09 15:43:06.638+01:00 [     5] WARNING    - W&#xD;&#xD;
2024-01-09 15:43:06.638+01:00 [     5] WARNING    - W&#xD;&#xD;
2024-01-09 15:43:06.638+01:00 [     5] WARNING    - W&#xD;&#xD;
2024-01-09 15:43:06.638+01:00 [     5] WARNING    - W&#xD;&#xD;
2024-01-09 15:43:06.638+01:00 [     5] WARNING    - W&#xD;&#xD;
2024-01-09 15:43:06.638+01:00 [     5] WARNING    - W&#xD;&#xD;
2024-01-09 15:43:06.638+01:00 [     5] WARNING    - W&#xD;&#xD;
2024-01-09 15:43:06.638+01:00 [     5] WARNING    - W&#xD;&#xD;
2024-01-09 15:43:06.638+01:00 [     5] WARNING    - W&#xD;&#xD;
2024-01-09 15:43:06.638+01:00 [     5] WARNING    - W&#xD;&#xD;
2024-01-09 15:43:06.638+01:00 [     5] WARNING    - W&#xD;&#xD;
2024-01-09 15:43:06.638+01:00 [     5] WARNING    - W&#xD;&#xD;
2024-01-09 15:43:06.638+01:00 [     5] WARNING    - W&#xD;&#xD;
2024-01-09 15:43:06.638+01:00 [     5] WARNING    - W&#xD;&#xD;
2024-01-09 15:43:06.638+01:00 [     5] WARNING    - W&#xD;&#xD;
2024-01-09 15:43:06.638+01:00 [     5] WARNING    - W&#xD;&#xD;
2024-01-09 15:43:06.638+01:00 [     5] WARNING    - W&#xD;&#xD;
2024-01-09 15:43:06.638+01:00 [     5] WARNING    - W&#xD;&#xD;
2024-01-09 15:43:06.638+01:00 [     5] WARNING    - W&#xD;&#xD;
2024-01-09 15:43:06.638+01:00 [     5] WARNING    - W&#xD;&#xD;
2024-01-09 15:43:06.638+01:00 [     5] WARNING    - W&#xD;&#xD;
2024-01-09 15:43:06.638+01:00 [     5] WARNING    - W&#xD;&#xD;
2024-01-09 15:43:06.638+01:00 [     5] WARNING    - W&#xD;&#xD;
2024-01-09 15:43:06.638+01:00 [     5] WARNING    - W&#xD;&#xD;
2024-01-09 15:43:06.638+01:00 [     5] WARNING    - W&#xD;&#xD;
2024-01-09 15:43:06.638+01:00 [     5] WARNING    - W&#xD;&#xD;
2024-01-09 15:43:06.638+01:00 [     5] WARNING    - W&#xD;&#xD;
2024-01-09 15:43:06.638+01:00 [     5] WARNING    - W&#xD;&#xD;
2024-01-09 15:43:06.638+01:00 [     5] WARNING    - W&#xD;&#xD;
2024-01-09 15:43:06.638+01:00 [     5] WARNING    - W&#xD;&#xD;
2024-01-09 15:43:06.638+01:00 [     5] WARNING    - W&#xD;&#xD;
2024-01-09 15:43:06.638+01:00 [     5] WARNING    - W&#xD;&#xD;
2024-01-09 15:43:06.638+01:00 [     5] WARNING    - W&#xD;&#xD;
2024-01-09 15:43:06.638+01:00 [     5] WARNING    - W&#xD;&#xD;
2024-01-09 15:43:06.638+01:00 [     5] WARNING    - W&#xD;&#xD;
2024-01-09 15:43:06.638+01:00 [     5] WARNING    - W&#xD;&#xD;
2024-01-09 15:43:06.638+01:00 [     5] WARNING    - W&#xD;&#xD;
2024-01-09 15:43:06.638+01:00 [     5] WARNING    - W&#xD;&#xD;
2024-01-09 15:43:06.638+01:00 [     5] WARNING    - W&#xD;&#xD;
2024-01-09 15:43:06.638+01:00 [     5] WARNING    - W&#xD;&#xD;
2024-01-09 15:43:06.638+01:00 [     5] WARNING    - W&#xD;&#xD;
2024-01-09 15:43:06.638+01:00 [     5] WARNING    - W&#xD;&#xD;
2024-01-09 15:43:06.638+01:00 [     5] WARNING    - W&#xD;&#xD;
2024-01-09 15:43:06.638+01:00 [     5] WARNING    - W&#xD;&#xD;
2024-01-09 15:43:06.638+01:00 [     5] WARNING    - W&#xD;&#xD;
2024-01-09 15:43:06.638+01:00 [     5] WARNING    - W&#xD;&#xD;
2024-01-09 15:43:06.638+01:00 [     5] WARNING    - W&#xD;&#xD;
2024-01-09 15:43:06.638+01:00 [     5] WARNING    - W&#xD;&#xD;
2024-01-09 15:43:06.638+01:00 [     5] WARNING    - W&#xD;&#xD;
2024-01-09 15:43:06.638+01:00 [     5] WARNING    - W&#xD;&#xD;
2024-01-09 15:43:06.638+01:00 [     5] WARNING    - W&#xD;&#xD;
2024-01-09 15:43:06.638+01:00 [     5] WARNING    - W&#xD;&#xD;
2024-01-09 15:43:06.638+01:00 [     5] WARNING    - W&#xD;&#xD;
2024-01-09 15:43:06.638+01:00 [     5] WARNING    - W&#xD;&#xD;
2024-01-09 15:43:06.638+01:00 [     5] WARNING    - W&#xD;&#xD;
2024-01-09 15:43:06.638+01:00 [     5] WARNING    - W&#xD;&#xD;
2024-01-09 15:43:06.638+01:00 [     5] WARNING    - W&#xD;&#xD;
2024-01-09 15:43:06.638+01:00 [     5] WARNING    - W&#xD;&#xD;
2024-01-09 15:43:06.638+01:00 [     5] WARNING    - W&#xD;&#xD;
2024-01-09 15:43:06.638+01:00 [     5] WARNING    - W&#xD;&#xD;
2024-01-09 15:43:06.638+01:00 [     5] WARNING    - W&#xD;&#xD;
2024-01-09 15:43:06.638+01:00 [     5] WARNING    - W&#xD;&#xD;
2024-01-09 15:43:06.638+01:00 [     5] WARNING    - W&#xD;&#xD;
2024-01-09 15:43:06.638+01:00 [     5] WARNING    - W&#xD;&#xD;
2024-01-09 15:43:06.638+01:00 [     5] WARNING    - W&#xD;&#xD;
2024-01-09 15:43:06.638+01:00 [     5] WARNING    - W&#xD;&#xD;
2024-01-09 15:43:06.638+01:00 [     5] WARNING    - W&#xD;&#xD;
2024-01-09 15:43:06.638+01:00 [     5] WARNING    - W&#xD;&#xD;
2024-01-09 15:43:06.638+01:00 [     5] WARNING    - W&#xD;&#xD;
2024-01-09 15:43:06.638+01:00 [     5] WARNING    - W&#xD;&#xD;
2024-01-09 15:43:06.638+01:00 [     5] WARNING    - W&#xD;&#xD;
2024-01-09 15:43:06.638+01:00 [     5] WARNING    - W&#xD;&#xD;
2024-01-09 15:43:06.638+01:00 [     5] WARNING    - W&#xD;&#xD;
2024-01-09 15:43:06.638+01:00 [     5] WARNING    - W&#xD;&#xD;
2024-01-09 15:43:06.638+01:00 [     5] WARNING    - W&#xD;&#xD;
2024-01-09 15:43:06.638+01:00 [     5] WARNING    - W&#xD;&#xD;
2024-01-09 15:43:06.638+01:00 [     5] WARNING    - W&#xD;&#xD;
2024-01-09 15:43:06.638+01:00 [     5] WARNING    - W&#xD;&#xD;
2024-01-09 15:43:06.638+01:00 [     5] WARNING    - W&#xD;&#xD;
2024-01-09 15:43:06.638+01:00 [     5] WARNING    - W&#xD;&#xD;
2024-01-09 15:43:06.638+01:00 [     5] WARNING    - W&#xD;&#xD;
2024-01-09 15:43:06.638+01:00 [     5] WARNING    - W&#xD;&#xD;
2024-01-09 15:43:06.638+01:00 [     5] WARNING    - W&#xD;&#xD;
2024-01-09 15:43:06.638+01:00 [     5] WARNING    - W&#xD;&#xD;
2024-01-09 15:43:06.638+01:00 [     5] WARNING    - W&#xD;&#xD;
2024-01-09 15:43:06.638+01:00 [     5] WARNING    - W&#xD;&#xD;
2024-01-09 15:43:06.638+01:00 [     5] WARNING    - W&#xD;&#xD;
2024-01-09 15:43:06.638+01:00 [     5] WARNING    - W&#xD;&#xD;
2024-01-09 15:43:06.638+01:00 [     5] WARNING    - W&#xD;&#xD;
2024-01-09 15:43:06.638+01:00 [     5] WARNING    - W&#xD;&#xD;
2024-01-09 15:43:06.638+01:00 [     5] WARNING    - W&#xD;&#xD;
2024-01-09 15:43:06.638+01:00 [     5] WARNING    - W&#xD;&#xD;
2024-01-09 15:43:06.638+01:00 [     5] WARNING    - W&#xD;&#xD;
2024-01-09 15:43:06.638+01:00 [     5] WARNING    - W&#xD;&#xD;
2024-01-09 15:43:06.638+01:00 [     5] WARNING    - W&#xD;&#xD;
2024-01-09 15:43:06.638+01:00 [     5] WARNING    - W&#xD;&#xD;
2024-01-09 15:43:06.638+01:00 [     5] WARNING    - W&#xD;&#xD;
2024-01-09 15:43:06.638+01:00 [     5] WARNING    - W&#xD;&#xD;
2024-01-09 15:43:06.638+01:00 [     5] WARNING    - W&#xD;&#xD;
2024-01-09 15:43:06.638+01:00 [     5] WARNING    - W&#xD;&#xD;
2024-01-09 15:43:06.638+01:00 [     5] WARNING    - W&#xD;&#xD;
2024-01-09 15:43:06.638+01:00 [     5] WARNING    - W&#xD;&#xD;
2024-01-09 15:43:06.638+01:00 [     5] WARNING    - W&#xD;&#xD;
2024-01-09 15:43:06.638+01:00 [     5] WARNING    - W&#xD;&#xD;
2024-01-09 15:43:06.638+01:00 [     5] WARNING    - W&#xD;&#xD;
2024-01-09 15:43:06.638+01:00 [     5] WARNING    - W&#xD;&#xD;
2024-01-09 15:43:06.638+01:00 [     5] WARNING    - W&#xD;&#xD;
2024-01-09 15:43:06.638+01:00 [     5] WARNING    - W&#xD;&#xD;
2024-01-09 15:43:06.638+01:00 [     5] WARNING    - W&#xD;&#xD;
2024-01-09 15:43:06.638+01:00 [     5] WARNING    - W&#xD;&#xD;
2024-01-09 15:43:06.638+01:00 [     5] WARNING    - W&#xD;&#xD;
2024-01-09 15:43:06.638+01:00 [     5] WARNING    - W&#xD;&#xD;
2024-01-09 15:43:06.638+01:00 [     5] WARNING    - W&#xD;&#xD;
2024-01-09 15:43:06.638+01:00 [     5] WARNING    - W&#xD;&#xD;
2024-01-09 15:43:06.638+01:00 [     5] WARNING    - W&#xD;&#xD;
2024-01-09 15:43:06.638+01:00 [     5] WARNING    - W&#xD;&#xD;
2024-01-09 15:43:06.638+01:00 [     5] WARNING    - W&#xD;&#xD;
2024-01-09 15:43:06.638+01:00 [     5] WARNING    - W&#xD;&#xD;
2024-01-09 15:43:06.638+01:00 [     5] WARNING    - W&#xD;&#xD;
2024-01-09 15:43:06.638+01:00 [     5] WARNING    - W&#xD;&#xD;
2024-01-09 15:43:06.638+01:00 [     5] WARNING    - W&#xD;&#xD;
2024-01-09 15:43:06.638+01:00 [     5] WARNING    - W&#xD;&#xD;
2024-01-09 15:43:06.638+01:00 [     5] WARNING    - W&#xD;&#xD;
2024-01-09 15:43:06.638+01:00 [     5] WARNING    - W&#xD;&#xD;
2024-01-09 15:43:06.638+01:00 [     5] WARNING    - W&#xD;&#xD;
2024-01-09 15:43:06.638+01:00 [     5] WARNING    - W&#xD;&#xD;
2024-01-09 15:43:06.638+01:00 [     5] WARNING    - W&#xD;&#xD;
2024-01-09 15:43:06.638+01:00 [     5] WARNING    - W&#xD;&#xD;
2024-01-09 15:43:06.638+01:00 [     5] WARNING    - W&#xD;&#xD;
2024-01-09 15:43:06.638+01:00 [     5] WARNING    - W&#xD;&#xD;
2024-01-09 15:43:06.638+01:00 [     5] WARNING    - W&#xD;&#xD;
2024-01-09 15:43:06.638+01:00 [     5] WARNING    - W&#xD;&#xD;
2024-01-09 15:43:06.638+01:00 [     5] WARNING    - W&#xD;&#xD;
2024-01-09 15:43:06.638+01:00 [     5] WARNING    - W&#xD;&#xD;
2024-01-09 15:43:06.638+01:00 [     5] WARNING    - W&#xD;&#xD;
2024-01-09 15:43:06.638+01:00 [     5] WARNING    - W&#xD;&#xD;
2024-01-09 15:43:06.638+01:00 [     5] WARNING    - W&#xD;&#xD;
2024-01-09 15:43:06.638+01:00 [     5] WARNING    - W&#xD;&#xD;
2024-01-09 15:43:06.638+01:00 [     5] WARNING    - W&#xD;&#xD;
2024-01-09 15:43:06.638+01:00 [     5] WARNING    - W&#xD;&#xD;
2024-01-09 15:43:06.638+01:00 [     5] WARNING    - W&#xD;&#xD;
2024-01-09 15:43:06.638+01:00 [     5] WARNING    - W&#xD;&#xD;
2024-01-09 15:43:06.638+01:00 [     5] WARNING    - W&#xD;&#xD;
2024-01-09 15:43:06.638+01:00 [     5] WARNING    - W&#xD;&#xD;
2024-01-09 15:43:06.638+01:00 [     5] WARNING    - W&#xD;&#xD;
2024-01-09 15:43:06.638+01:00 [     5] WARNING    - W&#xD;&#xD;
2024-01-09 15:43:06.638+01:00 [     5] WARNING    - W&#xD;&#xD;
2024-01-09 15:43:06.638+01:00 [     5] WARNING    - W&#xD;&#xD;
2024-01-09 15:43:06.638+01:00 [     5] WARNING    - W&#xD;&#xD;
2024-01-09 15:43:06.638+01:00 [     5] WARNING    - W&#xD;&#xD;
2024-01-09 15:43:06.638+01:00 [     5] WARNING    - W&#xD;&#xD;
2024-01-09 15:43:06.638+01:00 [     5] WARNING    - W&#xD;&#xD;
2024-01-09 15:43:06.638+01:00 [     5] WARNING    - W&#xD;&#xD;
2024-01-09 15:43:06.638+01:00 [     5] WARNING    - W&#xD;&#xD;
2024-01-09 15:43:06.638+01:00 [     5] WARNING    - W&#xD;&#xD;
2024-01-09 15:43:06.638+01:00 [     5] WARNING    - W&#xD;&#xD;
2024-01-09 15:43:06.638+01:00 [     5] WARNING    - W&#xD;&#xD;
2024-01-09 15:43:06.638+01:00 [     5] WARNING    - W&#xD;&#xD;
2024-01-09 15:43:06.638+01:00 [     5] WARNING    - W&#xD;&#xD;
2024-01-09 15:43:06.638+01:00 [     5] WARNING    - W&#xD;&#xD;
2024-01-09 15:43:06.638+01:00 [     5] WARNING    - W&#xD;&#xD;
2024-01-09 15:43:06.638+01:00 [     5] WARNING    - W&#xD;&#xD;
2024-01-09 15:43:06.638+01:00 [     5] WARNING    - W&#xD;&#xD;
2024-01-09 15:43:06.638+01:00 [     5] WARNING    - W&#xD;&#xD;
2024-01-09 15:43:06.638+01:00 [     5] WARNING    - W&#xD;&#xD;
2024-01-09 15:43:06.638+01:00 [     5] WARNING    - W&#xD;&#xD;
2024-01-09 15:43:06.638+01:00 [     5] WARNING    - W&#xD;&#xD;
2024-01-09 15:43:06.638+01:00 [     5] WARNING    - W&#xD;&#xD;
2024-01-09 15:43:06.638+01:00 [     5] WARNING    - W&#xD;&#xD;
2024-01-09 15:43:06.638+01:00 [     5] WARNING    - W&#xD;&#xD;
2024-01-09 15:43:06.638+01:00 [     5] WARNING    - W&#xD;&#xD;
2024-01-09 15:43:06.638+01:00 [     5] WARNING    - W&#xD;&#xD;
2024-01-09 15:43:06.638+01:00 [     5] WARNING    - W&#xD;&#xD;
2024-01-09 15:43:06.638+01:00 [     5] WARNING    - W&#xD;&#xD;
2024-01-09 15:43:06.638+01:00 [     5] WARNING    - W&#xD;&#xD;
2024-01-09 15:43:06.638+01:00 [     5] WARNING    - W&#xD;&#xD;
2024-01-09 15:43:06.638+01:00 [     5] WARNING    - W&#xD;&#xD;
2024-01-09 15:43:06.638+01:00 [     5] WARNING    - W&#xD;&#xD;
2024-01-09 15:43:06.638+01:00 [     5] WARNING    - W&#xD;&#xD;
2024-01-09 15:43:06.638+01:00 [     5] WARNING    - W&#xD;&#xD;
2024-01-09 15:43:06.638+01:00 [     5] WARNING    - W&#xD;&#xD;
2024-01-09 15:43:06.638+01:00 [     5] WARNING    - W&#xD;&#xD;
2024-01-09 15:43:06.638+01:00 [     5] WARNING    - W&#xD;&#xD;
2024-01-09 15:43:06.638+01:00 [     5] WARNING    - W&#xD;&#xD;
2024-01-09 15:43:06.638+01:00 [     5] WARNING    - W&#xD;&#xD;
2024-01-09 15:43:06.638+01:00 [     5] WARNING    - W&#xD;&#xD;
2024-01-09 15:43:06.638+01:00 [     5] WARNING    - W&#xD;&#xD;
2024-01-09 15:43:06.638+01:00 [     5] WARNING    - W&#xD;&#xD;
2024-01-09 15:43:06.638+01:00 [     5] WARNING    - W&#xD;&#xD;
2024-01-09 15:43:06.638+01:00 [     5] WARNING    - W&#xD;&#xD;
2024-01-09 15:43:06.638+01:00 [     5] WARNING    - W&#xD;&#xD;
2024-01-09 15:43:06.638+01:00 [     5] WARNING    - W&#xD;&#xD;
2024-01-09 15:43:06.638+01:00 [     5] WARNING    - W&#xD;&#xD;
2024-01-09 15:43:06.638+01:00 [     5] WARNING    - W&#xD;&#xD;
2024-01-09 15:43:06.638+01:00 [     5] WARNING    - W&#xD;&#xD;
2024-01-09 15:43:06.638+01:00 [     5] WARNING    - W&#xD;&#xD;
2024-01-09 15:43:06.638+01:00 [     5] WARNING    - W&#xD;&#xD;
2024-01-09 15:43:06.638+01:00 [     5] WARNING    - W&#xD;&#xD;
2024-01-09 15:43:06.638+01:00 [     5] WARNING    - W&#xD;&#xD;
2024-01-09 15:43:06.638+01:00 [     5] WARNING    - W&#xD;&#xD;
2024-01-09 15:43:06.638+01:00 [     5] WARNING    - W&#xD;&#xD;
2024-01-09 15:43:06.638+01:00 [     5] WARNING    - W&#xD;&#xD;
2024-01-09 15:43:06.638+01:00 [     5] WARNING    - W&#xD;&#xD;
2024-01-09 15:43:06.638+01:00 [     5] WARNING    - W&#xD;&#xD;
2024-01-09 15:43:06.638+01:00 [     5] WARNING    - W&#xD;&#xD;
2024-01-09 15:43:06.638+01:00 [     5] WARNING    - W&#xD;&#xD;
2024-01-09 15:43:06.638+01:00 [     5] WARNING    - W&#xD;&#xD;
2024-01-09 15:43:06.638+01:00 [     5] WARNING    - W&#xD;&#xD;
2024-01-09 15:43:06.638+01:00 [     5] WARNING    - W&#xD;&#xD;
2024-01-09 15:43:06.638+01:00 [     5] WARNING    - W&#xD;&#xD;
2024-01-09 15:43:06.638+01:00 [     5] WARNING    - W&#xD;&#xD;
2024-01-09 15:43:06.638+01:00 [     5] WARNING    - W&#xD;&#xD;
2024-01-09 15:43:06.638+01:00 [     5] WARNING    - W&#xD;&#xD;
2024-01-09 15:43:06.638+01:00 [     5] WARNING    - W&#xD;&#xD;
2024-01-09 15:43:06.638+01:00 [     5] WARNING    - W&#xD;&#xD;
2024-01-09 15:43:06.638+01:00 [     5] WARNING    - W&#xD;&#xD;
2024-01-09 15:43:06.638+01:00 [     5] WARNING    - W&#xD;&#xD;
2024-01-09 15:43:06.638+01:00 [     5] WARNING    - W&#xD;&#xD;
2024-01-09 15:43:06.638+01:00 [     5] WARNING    - W&#xD;&#xD;
2024-01-09 15:43:06.638+01:00 [     5] WARNING    - W&#xD;&#xD;
2024-01-09 15:43:06.638+01:00 [     5] WARNING    - W&#xD;&#xD;
2024-01-09 15:43:06.638+01:00 [     5] WARNING    - W&#xD;&#xD;
2024-01-09 15:43:06.638+01:00 [     5] WARNING    - W&#xD;&#xD;
2024-01-09 15:43:06.638+01:00 [     5] WARNING    - W&#xD;&#xD;
2024-01-09 15:43:06.638+01:00 [     5] WARNING    - W&#xD;&#xD;
2024-01-09 15:43:06.638+01:00 [     5] WARNING    - W&#xD;&#xD;
2024-01-09 15:43:06.638+01:00 [     5] WARNING    - W&#xD;&#xD;
2024-01-09 15:43:06.638+01:00 [     5] WARNING    - W&#xD;&#xD;
2024-01-09 15:43:06.638+01:00 [     5] WARNING    - W&#xD;&#xD;
2024-01-09 15:43:06.638+01:00 [     5] WARNING    - W&#xD;&#xD;
2024-01-09 15:43:06.638+01:00 [     5] WARNING    - W&#xD;&#xD;
2024-01-09 15:43:06.638+01:00 [     5] WARNING    - W&#xD;&#xD;
2024-01-09 15:43:06.638+01:00 [     5] WARNING    - W&#xD;&#xD;
2024-01-09 15:43:06.638+01:00 [     5] WARNING    - W&#xD;&#xD;
2024-01-09 15:43:06.638+01:00 [     5] WARNING    - W&#xD;&#xD;
2024-01-09 15:43:06.638+01:00 [     5] WARNING    - W&#xD;&#xD;
2024-01-09 15:43:06.638+01:00 [     5] WARNING    - W&#xD;&#xD;
2024-01-09 15:43:06.638+01:00 [     5] WARNING    - W&#xD;&#xD;
2024-01-09 15:43:06.638+01:00 [     5] WARNING    - W&#xD;&#xD;
2024-01-09 15:43:06.638+01:00 [     5] WARNING    - W&#xD;&#xD;
2024-01-09 15:43:06.638+01:00 [     5] WARNING    - W&#xD;&#xD;
2024-01-09 15:43:06.638+01:00 [     5] WARNING    - W&#xD;&#xD;
2024-01-09 15:43:06.638+01:00 [     5] WARNING    - W&#xD;&#xD;
2024-01-09 15:43:06.638+01:00 [     5] WARNING    - W&#xD;&#xD;
2024-01-09 15:43:06.638+01:00 [     5] WARNING    - W&#xD;&#xD;
2024-01-09 15:43:06.638+01:00 [     5] WARNING    - W&#xD;&#xD;
2024-01-09 15:43:06.638+01:00 [     5] WARNING    - W&#xD;&#xD;
2024-01-09 15:43:06.638+01:00 [     5] WARNING    - W&#xD;&#xD;
2024-01-09 15:43:06.638+01:00 [     5] WARNING    - W&#xD;&#xD;
2024-01-09 15:43:06.638+01:00 [     5] WARNING    - W&#xD;&#xD;
2024-01-09 15:43:06.638+01:00 [     5] WARNING    - W&#xD;&#xD;
2024-01-09 15:43:06.638+01:00 [     5] WARNING    - W&#xD;&#xD;
2024-01-09 15:43:06.638+01:00 [     5] WARNING    - W&#xD;&#xD;
2024-01-09 15:43:06.638+01:00 [     5] WARNING    - W&#xD;&#xD;
2024-01-09 15:43:06.638+01:00 [     5] WARNING    - W&#xD;&#xD;
2024-01-09 15:43:06.638+01:00 [     5] WARNING    - W&#xD;&#xD;
2024-01-09 15:43:06.638+01:00 [     5] WARNING    - W&#xD;&#xD;
2024-01-09 15:43:06.638+01:00 [     5] WARNING    - W&#xD;&#xD;
2024-01-09 15:43:06.638+01:00 [     5] WARNING    - W&#xD;&#xD;
2024-01-09 15:43:06.638+01:00 [     5] WARNING    - W&#xD;&#xD;
2024-01-09 15:43:06.638+01:00 [     5] WARNING    - W&#xD;&#xD;
2024-01-09 15:43:06.638+01:00 [     5] WARNING    - W&#xD;&#xD;
2024-01-09 15:43:06.638+01:00 [     5] WARNING    - W&#xD;&#xD;
2024-01-09 15:43:06.638+01:00 [     5] WARNING    - W&#xD;&#xD;
2024-01-09 15:43:06.638+01:00 [     5] WARNING    - W&#xD;&#xD;
2024-01-09 15:43:06.638+01:00 [     5] WARNING    - W&#xD;&#xD;
2024-01-09 15:43:06.638+01:00 [     5] WARNING    - W&#xD;&#xD;
2024-01-09 15:43:06.638+01:00 [     5] WARNING    - W&#xD;&#xD;
2024-01-09 15:43:06.638+01:00 [     5] WARNING    - W&#xD;&#xD;
2024-01-09 15:43:06.638+01:00 [     5] WARNING    - W&#xD;&#xD;
2024-01-09 15:43:06.638+01:00 [     5] WARNING    - W&#xD;&#xD;
2024-01-09 15:43:06.638+01:00 [     5] WARNING    - W&#xD;&#xD;
2024-01-09 15:43:06.638+01:00 [     5] WARNING    - W&#xD;&#xD;
2024-01-09 15:43:06.638+01:00 [     5] WARNING    - W&#xD;&#xD;
2024-01-09 15:43:06.638+01:00 [     5] WARNING    - W&#xD;&#xD;
2024-01-09 15:43:06.638+01:00 [     5] WARNING    - W&#xD;&#xD;
2024-01-09 15:43:06.638+01:00 [     5] WARNING    - W&#xD;&#xD;
2024-01-09 15:43:06.638+01:00 [     5] WARNING    - W&#xD;&#xD;
2024-01-09 15:43:06.638+01:00 [     5] WARNING    - W&#xD;&#xD;
2024-01-09 15:43:06.638+01:00 [     5] WARNING    - W&#xD;&#xD;
2024-01-09 15:43:06.638+01:00 [     5] WARNING    - W&#xD;&#xD;
2024-01-09 15:43:06.638+01:00 [     5] WARNING    - W&#xD;&#xD;
2024-01-09 15:43:06.638+01:00 [     5] WARNING    - W&#xD;&#xD;
2024-01-09 15:43:06.638+01:00 [     5] WARNING    - W&#xD;&#xD;
2024-01-09 15:43:06.638+01:00 [     5] WARNING    - W&#xD;&#xD;
2024-01-09 15:43:06.638+01:00 [     5] WARNING    - W&#xD;&#xD;
2024-01-09 15:43:06.638+01:00 [     5] WARNING    - W&#xD;&#xD;
2024-01-09 15:43:06.638+01:00 [     5] WARNING    - W&#xD;&#xD;
2024-01-09 15:43:06.638+01:00 [     5] WARNING    - W&#xD;&#xD;
2024-01-09 15:43:06.638+01:00 [     5] WARNING    - W&#xD;&#xD;
2024-01-09 15:43:06.638+01:00 [     5] WARNING    - W&#xD;&#xD;
2024-01-09 15:43:06.638+01:00 [     5] WARNING    - W&#xD;&#xD;
2024-01-09 15:43:06.638+01:00 [     5] WARNING    - W&#xD;&#xD;
2024-01-09 15:43:06.638+01:00 [     5] WARNING    - W&#xD;&#xD;
2024-01-09 15:43:06.638+01:00 [     5] WARNING    - W&#xD;&#xD;
2024-01-09 15:43:06.638+01:00 [     5] WARNING    - W&#xD;&#xD;
2024-01-09 15:43:06.638+01:00 [     5] WARNING    - W&#xD;&#xD;
2024-01-09 15:43:06.638+01:00 [     5] WARNING    - W&#xD;&#xD;
2024-01-09 15:43:06.638+01:00 [     5] WARNING    - W&#xD;&#xD;
2024-01-09 15:43:06.638+01:00 [     5] WARNING    - W&#xD;&#xD;
2024-01-09 15:43:06.638+01:00 [     5] WARNING    - W&#xD;&#xD;
2024-01-09 15:43:06.638+01:00 [     5] WARNING    - W&#xD;&#xD;
2024-01-09 15:43:06.638+01:00 [     5] WARNING    - W&#xD;&#xD;
2024-01-09 15:43:06.638+01:00 [     5] WARNING    - W&#xD;&#xD;
2024-01-09 15:43:06.638+01:00 [     5] WARNING    - W&#xD;&#xD;
2024-01-09 15:43:06.638+01:00 [     5] WARNING    - W&#xD;&#xD;
2024-01-09 15:43:06.638+01:00 [     5] WARNING    - W&#xD;&#xD;
2024-01-09 15:43:06.638+01:00 [     5] WARNING    - W&#xD;&#xD;
2024-01-09 15:43:06.638+01:00 [     5] WARNING    - W&#xD;&#xD;
2024-01-09 15:43:06.638+01:00 [     5] WARNING    - W&#xD;&#xD;
2024-01-09 15:43:06.638+01:00 [     5] WARNING    - W&#xD;&#xD;
2024-01-09 15:43:06.638+01:00 [     5] WARNING    - W&#xD;&#xD;
2024-01-09 15:43:06.638+01:00 [     5] WARNING    - W&#xD;&#xD;
2024-01-09 15:43:06.638+01:00 [     5] WARNING    - W&#xD;&#xD;
2024-01-09 15:43:06.638+01:00 [     5] WARNING    - W&#xD;&#xD;
2024-01-09 15:43:06.638+01:00 [     5] WARNING    - W&#xD;&#xD;
2024-01-09 15:43:06.638+01:00 [     5] WARNING    - W&#xD;&#xD;
2024-01-09 15:43:06.638+01:00 [     5] WARNING    - W&#xD;&#xD;
2024-01-09 15:43:06.638+01:00 [     5] WARNING    - W&#xD;&#xD;
2024-01-09 15:43:06.638+01:00 [     5] WARNING    - W&#xD;&#xD;
2024-01-09 15:43:06.638+01:00 [     5] WARNING    - W&#xD;&#xD;
2024-01-09 15:43:06.638+01:00 [     5] WARNING    - W&#xD;&#xD;
2024-01-09 15:43:06.638+01:00 [     5] WARNING    - W&#xD;&#xD;
2024-01-09 15:43:06.638+01:00 [     5] WARNING    - W&#xD;&#xD;
2024-01-09 15:43:06.638+01:00 [     5] WARNING    - W&#xD;&#xD;
2024-01-09 15:43:06.638+01:00 [     5] WARNING    - W&#xD;&#xD;
2024-01-09 15:43:06.638+01:00 [     5] WARNING    - W&#xD;&#xD;
2024-01-09 15:43:06.638+01:00 [     5] WARNING    - W&#xD;&#xD;
2024-01-09 15:43:06.638+01:00 [     5] WARNING    - W&#xD;&#xD;
2024-01-09 15:43:06.638+01:00 [     5] WARNING    - W&#xD;&#xD;
2024-01-09 15:43:06.638+01:00 [     5] WARNING    - W&#xD;&#xD;
2024-01-09 15:43:06.638+01:00 [     5] WARNING    - W&#xD;&#xD;
2024-01-09 15:43:06.638+01:00 [     5] WARNING    - W&#xD;&#xD;
2024-01-09 15:43:06.638+01:00 [     5] WARNING    - W&#xD;&#xD;
2024-01-09 15:43:06.638+01:00 [     5] WARNING    - W&#xD;&#xD;
2024-01-09 15:43:06.638+01:00 [     5] WARNING    - W&#xD;&#xD;
2024-01-09 15:43:06.638+01:00 [     5] WARNING    - W&#xD;&#xD;
2024-01-09 15:43:06.638+01:00 [     5] WARNING    - W&#xD;&#xD;
2024-01-09 15:43:06.638+01:00 [     5] WARNING    - W&#xD;&#xD;
2024-01-09 15:43:06.638+01:00 [     5] WARNING    - W&#xD;&#xD;
2024-01-09 15:43:06.638+01:00 [     5] WARNING    - W&#xD;&#xD;
2024-01-09 15:43:06.638+01:00 [     5] WARNING    - W&#xD;&#xD;
2024-01-09 15:43:06.638+01:00 [     5] WARNING    - W&#xD;&#xD;
2024-01-09 15:43:06.638+01:00 [     5] WARNING    - W&#xD;&#xD;
2024-01-09 15:43:06.638+01:00 [     5] WARNING    - W&#xD;&#xD;
2024-01-09 15:43:06.638+01:00 [     5] WARNING    - W&#xD;&#xD;
2024-01-09 15:43:06.638+01:00 [     5] WARNING    - W&#xD;&#xD;
2024-01-09 15:43:06.638+01:00 [     5] WARNING    - W&#xD;&#xD;
2024-01-09 15:43:06.638+01:00 [     5] WARNING    - W&#xD;&#xD;
2024-01-09 15:43:06.638+01:00 [     5] WARNING    - W&#xD;&#xD;
2024-01-09 15:43:06.638+01:00 [     5] WARNING    - W&#xD;&#xD;
2024-01-09 15:43:06.638+01:00 [     5] WARNING    - W&#xD;&#xD;
2024-01-09 15:43:06.638+01:00 [     5] WARNING    - W&#xD;&#xD;
2024-01-09 15:43:06.638+01:00 [     5] WARNING    - W&#xD;&#xD;
2024-01-09 15:43:06.638+01:00 [     5] WARNING    - W&#xD;&#xD;
2024-01-09 15:43:06.638+01:00 [     5] WARNING    - W&#xD;&#xD;
2024-01-09 15:43:06.638+01:00 [     5] WARNING    - W&#xD;&#xD;
2024-01-09 15:43:06.638+01:00 [     5] WARNING    - W&#xD;&#xD;
2024-01-09 15:43:06.638+01:00 [     5] WARNING    - W&#xD;&#xD;
2024-01-09 15:43:06.638+01:00 [     5] WARNING    - W&#xD;&#xD;
2024-01-09 15:43:06.638+01:00 [     5] WARNING    - W&#xD;&#xD;
2024-01-09 15:43:06.638+01:00 [     5] WARNING    - W&#xD;&#xD;
2024-01-09 15:43:06.638+01:00 [     5] WARNING    - W&#xD;&#xD;
2024-01-09 15:43:06.638+01:00 [     5] WARNING    - W&#xD;&#xD;
2024-01-09 15:43:06.638+01:00 [     5] WARNING    - W&#xD;&#xD;
2024-01-09 15:43:06.638+01:00 [     5] WARNING    - W&#xD;&#xD;
2024-01-09 15:43:06.638+01:00 [     5] WARNING    - W&#xD;&#xD;
2024-01-09 15:43:06.638+01:00 [     5] WARNING    - W&#xD;&#xD;
2024-01-09 15:43:06.638+01:00 [     5] WARNING    - W&#xD;&#xD;
2024-01-09 15:43:06.638+01:00 [     5] WARNING    - W&#xD;&#xD;
2024-01-09 15:43:06.638+01:00 [     5] WARNING    - W&#xD;&#xD;
2024-01-09 15:43:06.638+01:00 [     5] WARNING    - W&#xD;&#xD;
2024-01-09 15:43:06.638+01:00 [     5] WARNING    - W&#xD;&#xD;
2024-01-09 15:43:06.638+01:00 [     5] WARNING    - W&#xD;&#xD;
2024-01-09 15:43:06.638+01:00 [     5] WARNING    - W&#xD;&#xD;
2024-01-09 15:43:06.638+01:00 [     5] WARNING    - W&#xD;&#xD;
2024-01-09 15:43:06.638+01:00 [     5] WARNING    - W&#xD;&#xD;
2024-01-09 15:43:06.638+01:00 [     5] WARNING    - W&#xD;&#xD;
2024-01-09 15:43:06.638+01:00 [     5] WARNING    - W&#xD;&#xD;
2024-01-09 15:43:06.638+01:00 [     5] WARNING    - W&#xD;&#xD;
2024-01-09 15:43:06.638+01:00 [     5] WARNING    - W&#xD;&#xD;
2024-01-09 15:43:06.638+01:00 [     5] WARNING    - W&#xD;&#xD;
2024-01-09 15:43:06.638+01:00 [     5] WARNING    - W&#xD;&#xD;
2024-01-09 15:43:06.638+01:00 [     5] WARNING    - W&#xD;&#xD;
2024-01-09 15:43:06.638+01:00 [     5] WARNING    - W&#xD;&#xD;
2024-01-09 15:43:06.638+01:00 [     5] WARNING    - W&#xD;&#xD;
2024-01-09 15:43:06.638+01:00 [     5] WARNING    - W&#xD;&#xD;
2024-01-09 15:43:06.638+01:00 [     5] WARNING    - W&#xD;&#xD;
2024-01-09 15:43:06.638+01:00 [     5] WARNING    - W&#xD;&#xD;
2024-01-09 15:43:06.638+01:00 [     5] WARNING    - W&#xD;&#xD;
2024-01-09 15:43:06.638+01:00 [     5] WARNING    - W&#xD;&#xD;
2024-01-09 15:43:06.638+01:00 [     5] WARNING    - W&#xD;&#xD;
2024-01-09 15:43:06.638+01:00 [     5] WARNING    - W&#xD;&#xD;
2024-01-09 15:43:06.638+01:00 [     5] WARNING    - W&#xD;&#xD;
2024-01-09 15:43:06.638+01:00 [     5] WARNING    - W&#xD;&#xD;
2024-01-09 15:43:06.638+01:00 [     5] WARNING    - W&#xD;&#xD;
2024-01-09 15:43:06.638+01:00 [     5] WARNING    - W&#xD;&#xD;
2024-01-09 15:43:06.638+01:00 [     5] WARNING    - W&#xD;&#xD;
2024-01-09 15:43:06.638+01:00 [     5] WARNING    - W&#xD;&#xD;
2024-01-09 15:43:06.638+01:00 [     5] WARNING    - W&#xD;&#xD;
2024-01-09 15:43:06.638+01:00 [     5] WARNING    - W&#xD;&#xD;
2024-01-09 15:43:06.638+01:00 [     5] WARNING    - W&#xD;&#xD;
2024-01-09 15:43:06.638+01:00 [     5] WARNING    - W&#xD;&#xD;
2024-01-09 15:43:06.638+01:00 [     5] WARNING    - W&#xD;&#xD;
2024-01-09 15:43:06.638+01:00 [     5] WARNING    - W&#xD;&#xD;
2024-01-09 15:43:06.638+01:00 [     5] WARNING    - W&#xD;&#xD;
2024-01-09 15:43:06.638+01:00 [     5] WARNING    - W&#xD;&#xD;
2024-01-09 15:43:06.638+01:00 [     5] WARNING    - W&#xD;&#xD;
2024-01-09 15:43:06.638+01:00 [     5] WARNING    - W&#xD;&#xD;
2024-01-09 15:43:06.638+01:00 [     5] WARNING    - W&#xD;&#xD;
2024-01-09 15:43:06.638+01:00 [     5] WARNING    - W&#xD;&#xD;
2024-01-09 15:43:06.638+01:00 [     5] WARNING    - W&#xD;&#xD;
2024-01-09 15:43:06.638+01:00 [     5] WARNING    - W&#xD;&#xD;
2024-01-09 15:43:06.638+01:00 [     5] WARNING    - W&#xD;&#xD;
2024-01-09 15:43:06.638+01:00 [     5] WARNING    - W&#xD;&#xD;
2024-01-09 15:43:06.638+01:00 [     5] WARNING    - W&#xD;&#xD;
2024-01-09 15:43:06.638+01:00 [     5] WARNING    - W&#xD;&#xD;
2024-01-09 15:43:06.638+01:00 [     5] WARNING    - W&#xD;&#xD;
2024-01-09 15:43:06.638+01:00 [     5] WARNING    - W&#xD;&#xD;
2024-01-09 15:43:06.638+01:00 [     5] WARNING    - W&#xD;&#xD;
2024-01-09 15:43:06.638+01:00 [     5] WARNING    - W&#xD;&#xD;
2024-01-09 15:43:06.638+01:00 [     5] WARNING    - W&#xD;&#xD;
2024-01-09 15:43:06.638+01:00 [     5] WARNING    - W&#xD;&#xD;
2024-01-09 15:43:06.638+01:00 [     5] WARNING    - W&#xD;&#xD;
2024-01-09 15:43:06.638+01:00 [     5] WARNING    - W&#xD;&#xD;
2024-01-09 15:43:06.638+01:00 [     5] WARNING    - W&#xD;&#xD;
2024-01-09 15:43:06.638+01:00 [     5] WARNING    - W&#xD;&#xD;
2024-01-09 15:43:06.638+01:00 [     5] WARNING    - W&#xD;&#xD;
2024-01-09 15:43:06.638+01:00 [     5] WARNING    - W&#xD;&#xD;
2024-01-09 15:43:06.638+01:00 [     5] WARNING    - W&#xD;&#xD;
2024-01-09 15:43:06.638+01:00 [     5] WARNING    - W&#xD;&#xD;
2024-01-09 15:43:06.638+01:00 [     5] WARNING    - W&#xD;&#xD;
2024-01-09 15:43:06.638+01:00 [     5] WARNING    - W&#xD;&#xD;
2024-01-09 15:43:06.638+01:00 [     5] WARNING    - W&#xD;&#xD;
2024-01-09 15:43:06.638+01:00 [     5] WARNING    - W&#xD;&#xD;
2024-01-09 15:43:06.638+01:00 [     5] WARNING    - W&#xD;&#xD;
2024-01-09 15:43:06.638+01:00 [     5] WARNING    - W&#xD;&#xD;
2024-01-09 15:43:06.638+01:00 [     5] WARNING    - W&#xD;&#xD;
2024-01-09 15:43:06.638+01:00 [     5] WARNING    - W&#xD;&#xD;
2024-01-09 15:43:06.638+01:00 [     5] WARNING    - W&#xD;&#xD;
2024-01-09 15:43:06.638+01:00 [     5] WARNING    - W&#xD;&#xD;
2024-01-09 15:43:06.638+01:00 [     5] WARNING    - W&#xD;&#xD;
2024-01-09 15:43:06.638+01:00 [     5] WARNING    - W&#xD;&#xD;
2024-01-09 15:43:06.638+01:00 [     5] WARNING    - W&#xD;&#xD;
2024-01-09 15:43:06.638+01:00 [     5] WARNING    - W&#xD;&#xD;
2024-01-09 15:43:06.638+01:00 [     5] WARNING    - W&#xD;&#xD;
2024-01-09 15:43:06.638+01:00 [     5] WARNING    - W&#xD;&#xD;
2024-01-09 15:43:06.638+01:00 [     5] WARNING    - W&#xD;&#xD;
2024-01-09 15:43:06.638+01:00 [     5] WARNING    - W&#xD;&#xD;
2024-01-09 15:43:06.638+01:00 [     5] WARNING    - W&#xD;&#xD;
2024-01-09 15:43:06.638+01:00 [     5] WARNING    - W&#xD;&#xD;
2024-01-09 15:43:06.638+01:00 [     5] WARNING    - W&#xD;&#xD;
2024-01-09 15:43:06.638+01:00 [     5] WARNING    - W&#xD;&#xD;
2024-01-09 15:43:06.638+01:00 [     5] WARNING    - W&#xD;&#xD;
2024-01-09 15:43:06.638+01:00 [     5] WARNING    - W&#xD;&#xD;
2024-01-09 15:43:06.638+01:00 [     5] WARNING    - W&#xD;&#xD;
2024-01-09 15:43:06.638+01:00 [     5] WARNING    - W&#xD;&#xD;
2024-01-09 15:43:06.638+01:00 [     5] WARNING    - W&#xD;&#xD;
2024-01-09 15:43:06.638+01:00 [     5] WARNING    - W&#xD;&#xD;
2024-01-09 15:43:06.638+01:00 [     5] WARNING    - W&#xD;&#xD;
2024-01-09 15:43:06.638+01:00 [     5] WARNING    - W&#xD;&#xD;
2024-01-09 15:43:06.638+01:00 [     5] WARNING    - W&#xD;&#xD;
2024-01-09 15:43:06.638+01:00 [     5] WARNING    - W&#xD;&#xD;
2024-01-09 15:43:06.638+01:00 [     5] WARNING    - W&#xD;&#xD;
2024-01-09 15:43:06.638+01:00 [     5] WARNING    - W&#xD;&#xD;
2024-01-09 15:43:06.638+01:00 [     5] WARNING    - W&#xD;&#xD;
2024-01-09 15:43:06.638+01:00 [     5] WARNING    - W&#xD;&#xD;
2024-01-09 15:43:06.638+01:00 [     5] WARNING    - W&#xD;&#xD;
2024-01-09 15:43:06.638+01:00 [     5] WARNING    - W&#xD;&#xD;
2024-01-09 15:43:06.638+01:00 [     5] WARNING    - W&#xD;&#xD;
2024-01-09 15:43:06.638+01:00 [     5] WARNING    - W&#xD;&#xD;
2024-01-09 15:43:06.638+01:00 [     5] WARNING    - W&#xD;&#xD;
2024-01-09 15:43:06.638+01:00 [     5] WARNING    - W&#xD;&#xD;
2024-01-09 15:43:06.638+01:00 [     5] WARNING    - W&#xD;&#xD;
2024-01-09 15:43:06.638+01:00 [     5] WARNING    - W&#xD;&#xD;
2024-01-09 15:43:06.638+01:00 [     5] WARNING    - W&#xD;&#xD;
2024-01-09 15:43:06.638+01:00 [     5] WARNING    - W&#xD;&#xD;
2024-01-09 15:43:06.638+01:00 [     5] WARNING    - W&#xD;&#xD;
2024-01-09 15:43:06.638+01:00 [     5] WARNING    - W&#xD;&#xD;
2024-01-09 15:43:06.638+01:00 [     5] WARNING    - W&#xD;&#xD;
2024-01-09 15:43:06.638+01:00 [     5] WARNING    - W&#xD;&#xD;
2024-01-09 15:43:06.638+01:00 [     5] WARNING    - W&#xD;&#xD;
2024-01-09 15:43:06.638+01:00 [     5] WARNING    - W&#xD;&#xD;
2024-01-09 15:43:06.638+01:00 [     5] WARNING    - W&#xD;&#xD;
2024-01-09 15:43:06.638+01:00 [     5] WARNING    - W&#xD;&#xD;
2024-01-09 15:43:06.638+01:00 [     5] WARNING    - W&#xD;&#xD;
2024-01-09 15:43:06.638+01:00 [     5] WARNING    - W&#xD;&#xD;
2024-01-09 15:43:06.638+01:00 [     5] WARNING    - W&#xD;&#xD;
2024-01-09 15:43:06.638+01:00 [     5] WARNING    - W&#xD;&#xD;
2024-01-09 15:43:06.638+01:00 [     5] WARNING    - W&#xD;&#xD;
2024-01-09 15:43:06.638+01:00 [     5] WARNING    - W&#xD;&#xD;
2024-01-09 15:43:06.638+01:00 [     5] WARNING    - W&#xD;&#xD;
2024-01-09 15:43:06.638+01:00 [     5] WARNING    - W&#xD;&#xD;
2024-01-09 15:43:06.638+01:00 [     5] WARNING    - W&#xD;&#xD;
2024-01-09 15:43:06.638+01:00 [     5] WARNING    - W&#xD;&#xD;
2024-01-09 15:43:06.638+01:00 [     5] WARNING    - W&#xD;&#xD;
2024-01-09 15:43:06.638+01:00 [     5] WARNING    - W&#xD;&#xD;
2024-01-09 15:43:06.638+01:00 [     5] WARNING    - W&#xD;&#xD;
2024-01-09 15:43:06.638+01:00 [     5] WARNING    - W&#xD;&#xD;
2024-01-09 15:43:06.638+01:00 [     5] WARNING    - W&#xD;&#xD;
2024-01-09 15:43:06.638+01:00 [     5] WARNING    - W&#xD;&#xD;
2024-01-09 15:43:06.638+01:00 [     5] WARNING    - W&#xD;&#xD;
2024-01-09 15:43:06.638+01:00 [     5] WARNING    - W&#xD;&#xD;
2024-01-09 15:43:06.638+01:00 [     5] WARNING    - W&#xD;&#xD;
2024-01-09 15:43:06.638+01:00 [     5] WARNING    - W&#xD;&#xD;
2024-01-09 15:43:06.638+01:00 [     5] WARNING    - W&#xD;&#xD;
2024-01-09 15:43:06.638+01:00 [     5] WARNING    - W&#xD;&#xD;
2024-01-09 15:43:06.638+01:00 [     5] WARNING    - W&#xD;&#xD;
2024-01-09 15:43:06.638+01:00 [     5] WARNING    - W&#xD;&#xD;
2024-01-09 15:43:06.638+01:00 [     5] WARNING    - W&#xD;&#xD;
2024-01-09 15:43:06.638+01:00 [     5] WARNING    - W&#xD;&#xD;
2024-01-09 15:43:06.638+01:00 [     5] WARNING    - W&#xD;&#xD;
2024-01-09 15:43:06.638+01:00 [     5] WARNING    - W&#xD;&#xD;
2024-01-09 15:43:06.638+01:00 [     5] WARNING    - W&#xD;&#xD;
2024-01-09 15:43:06.638+01:00 [     5] WARNING    - W&#xD;&#xD;
2024-01-09 15:43:06.638+01:00 [     5] WARNING    - W&#xD;&#xD;
2024-01-09 15:43:06.638+01:00 [     5] WARNING    - W&#xD;&#xD;
2024-01-09 15:43:06.638+01:00 [     5] WARNING    - W&#xD;&#xD;
2024-01-09 15:43:06.638+01:00 [     5] WARNING    - W&#xD;&#xD;
2024-01-09 15:43:06.638+01:00 [     5] WARNING    - W&#xD;&#xD;
2024-01-09 15:43:06.638+01:00 [     5] WARNING    - W&#xD;&#xD;
2024-01-09 15:43:06.638+01:00 [     5] WARNING    - W&#xD;&#xD;
2024-01-09 15:43:06.638+01:00 [     5] WARNING    - W&#xD;&#xD;
2024-01-09 15:43:06.638+01:00 [     5] WARNING    - W&#xD;&#xD;
2024-01-09 15:43:06.638+01:00 [     5] WARNING    - W&#xD;&#xD;
2024-01-09 15:43:06.638+01:00 [     5] WARNING    - W&#xD;&#xD;
2024-01-09 15:43:06.638+01:00 [     5] WARNING    - W&#xD;&#xD;
2024-01-09 15:43:06.638+01:00 [     5] WARNING    - W&#xD;&#xD;
2024-01-09 15:43:06.638+01:00 [     5] WARNING    - W&#xD;&#xD;
2024-01-09 15:43:06.638+01:00 [     5] WARNING    - W&#xD;&#xD;
2024-01-09 15:43:06.638+01:00 [     5] WARNING    - W&#xD;&#xD;
2024-01-09 15:43:06.638+01:00 [     5] WARNING    - W&#xD;&#xD;
2024-01-09 15:43:06.638+01:00 [     5] WARNING    - W&#xD;&#xD;
2024-01-09 15:43:06.638+01:00 [     5] WARNING    - W&#xD;&#xD;
2024-01-09 15:43:06.638+01:00 [     5] WARNING    - W&#xD;&#xD;
2024-01-09 15:43:06.638+01:00 [     5] WARNING    - W&#xD;&#xD;
2024-01-09 15:43:06.638+01:00 [     5] WARNING    - W&#xD;&#xD;
2024-01-09 15:43:06.638+01:00 [     5] WARNING    - W&#xD;&#xD;
2024-01-09 15:43:06.638+01:00 [     5] WARNING    - W&#xD;&#xD;
2024-01-09 15:43:06.638+01:00 [     5] WARNING    - W&#xD;&#xD;
2024-01-09 15:43:06.638+01:00 [     5] WARNING    - W&#xD;&#xD;
2024-01-09 15:43:06.638+01:00 [     5] WARNING    - W&#xD;&#xD;
2024-01-09 15:43:06.638+01:00 [     5] WARNING    - W&#xD;&#xD;
2024-01-09 15:43:06.638+01:00 [     5] WARNING    - W&#xD;&#xD;
2024-01-09 15:43:06.638+01:00 [     5] WARNING    - W&#xD;&#xD;
2024-01-09 15:43:06.638+01:00 [     5] WARNING    - W&#xD;&#xD;
2024-01-09 15:43:06.638+01:00 [     5] WARNING    - W&#xD;&#xD;
2024-01-09 15:43:06.638+01:00 [     5] WARNING    - W&#xD;&#xD;
2024-01-09 15:43:06.638+01:00 [     5] WARNING    - W&#xD;&#xD;
2024-01-09 15:43:06.638+01:00 [     5] WARNING    - W&#xD;&#xD;
2024-01-09 15:43:06.638+01:00 [     5] WARNING    - W&#xD;&#xD;
2024-01-09 15:43:06.638+01:00 [     5] WARNING    - W&#xD;&#xD;
2024-01-09 15:43:06.638+01:00 [     5] WARNING    - W&#xD;&#xD;
2024-01-09 15:43:06.638+01:00 [     5] WARNING    - W&#xD;&#xD;
2024-01-09 15:43:06.638+01:00 [     5] WARNING    - W&#xD;&#xD;
2024-01-09 15:43:06.638+01:00 [     5] WARNING    - W&#xD;&#xD;
2024-01-09 15:43:06.638+01:00 [     5] WARNING    - W&#xD;&#xD;
2024-01-09 15:43:06.638+01:00 [     5] WARNING    - W&#xD;&#xD;
2024-01-09 15:43:06.638+01:00 [     5] WARNING    - W&#xD;&#xD;
2024-01-09 15:43:06.638+01:00 [     5] WARNING    - W&#xD;&#xD;
2024-01-09 15:43:06.638+01:00 [     5] WARNING    - W&#xD;&#xD;
2024-01-09 15:43:06.638+01:00 [     5] WARNING    - W&#xD;&#xD;
2024-01-09 15:43:06.638+01:00 [     5] WARNING    - W&#xD;&#xD;
2024-01-09 15:43:06.638+01:00 [     5] WARNING    - W&#xD;&#xD;
2024-01-09 15:43:06.638+01:00 [     5] WARNING    - W&#xD;&#xD;
2024-01-09 15:43:06.638+01:00 [     5] WARNING    - W&#xD;&#xD;
2024-01-09 15:43:06.638+01:00 [     5] WARNING    - W&#xD;&#xD;
2024-01-09 15:43:06.638+01:00 [     5] WARNING    - W&#xD;&#xD;
2024-01-09 15:43:06.638+01:00 [     5] WARNING    - W&#xD;&#xD;
2024-01-09 15:43:06.638+01:00 [     5] WARNING    - W&#xD;&#xD;
2024-01-09 15:43:06.638+01:00 [     5] WARNING    - W&#xD;&#xD;
2024-01-09 15:43:06.638+01:00 [     5] WARNING    - W&#xD;&#xD;
2024-01-09 15:43:06.638+01:00 [     5] WARNING    - W&#xD;&#xD;
2024-01-09 15:43:06.638+01:00 [     5] WARNING    - W&#xD;&#xD;
2024-01-09 15:43:06.638+01:00 [     5] WARNING    - W&#xD;&#xD;
2024-01-09 15:43:06.638+01:00 [     5] WARNING    - W&#xD;&#xD;
2024-01-09 15:43:06.638+01:00 [     5] WARNING    - W&#xD;&#xD;
2024-01-09 15:43:06.638+01:00 [     5] WARNING    - W&#xD;&#xD;
2024-01-09 15:43:06.638+01:00 [     5] WARNING    - W&#xD;&#xD;
2024-01-09 15:43:06.638+01:00 [     5] WARNING    - W&#xD;&#xD;
2024-01-09 15:43:06.638+01:00 [     5] WARNING    - W&#xD;&#xD;
2024-01-09 15:43:06.638+01:00 [     5] WARNING    - W&#xD;&#xD;
2024-01-09 15:43:06.638+01:00 [     5] WARNING    - W&#xD;&#xD;
2024-01-09 15:43:06.638+01:00 [     5] WARNING    - W&#xD;&#xD;
2024-01-09 15:43:06.638+01:00 [     5] WARNING    - W&#xD;&#xD;
2024-01-09 15:43:06.638+01:00 [     5] WARNING    - W&#xD;&#xD;
2024-01-09 15:43:06.638+01:00 [     5] WARNING    - W&#xD;&#xD;
2024-01-09 15:43:06.638+01:00 [     5] WARNING    - W&#xD;&#xD;
2024-01-09 15:43:06.638+01:00 [     5] WARNING    - W&#xD;&#xD;
2024-01-09 15:43:06.638+01:00 [     5] WARNING    - W&#xD;&#xD;
2024-01-09 15:43:06.638+01:00 [     5] WARNING    - W&#xD;&#xD;
2024-01-09 15:43:06.638+01:00 [     5] WARNING    - W&#xD;&#xD;
2024-01-09 15:43:06.638+01:00 [     5] WARNING    - W&#xD;&#xD;
2024-01-09 15:43:06.638+01:00 [     5] WARNING    - W&#xD;&#xD;
2024-01-09 15:43:06.638+01:00 [     5] WARNING    - W&#xD;&#xD;
2024-01-09 15:43:06.638+01:00 [     5] WARNING    - W&#xD;&#xD;
2024-01-09 15:43:06.638+01:00 [     5] WARNING    - W&#xD;&#xD;
2024-01-09 15:43:06.638+01:00 [     5] WARNING    - W&#xD;&#xD;
2024-01-09 15:43:06.638+01:00 [     5] WARNING    - W&#xD;&#xD;
2024-01-09 15:43:06.638+01:00 [     5] WARNING    - W&#xD;&#xD;
2024-01-09 15:43:06.638+01:00 [     5] WARNING    - W&#xD;&#xD;
2024-01-09 15:43:06.638+01:00 [     5] WARNING    - W&#xD;&#xD;
2024-01-09 15:43:06.638+01:00 [     5] WARNING    - W&#xD;&#xD;
2024-01-09 15:43:06.638+01:00 [     5] WARNING    - W&#xD;&#xD;
2024-01-09 15:43:06.638+01:00 [     5] WARNING    - W&#xD;&#xD;
2024-01-09 15:43:06.638+01:00 [     5] WARNING    - W&#xD;&#xD;
2024-01-09 15:43:06.638+01:00 [     5] WARNING    - W&#xD;&#xD;
2024-01-09 15:43:06.638+01:00 [     5] WARNING    - W&#xD;&#xD;
2024-01-09 15:43:06.638+01:00 [     5] WARNING    - W&#xD;&#xD;
2024-01-09 15:43:06.638+01:00 [     5] WARNING    - W&#xD;&#xD;
2024-01-09 15:43:06.638+01:00 [     5] WARNING    - W&#xD;&#xD;
2024-01-09 15:43:06.638+01:00 [     5] WARNING    - W&#xD;&#xD;
2024-01-09 15:43:06.638+01:00 [     5] WARNING    - W&#xD;&#xD;
2024-01-09 15:43:06.638+01:00 [     5] WARNING    - W&#xD;&#xD;
2024-01-09 15:43:06.638+01:00 [     5] WARNING    - W&#xD;&#xD;
2024-01-09 15:43:06.638+01:00 [     5] WARNING    - W&#xD;&#xD;
2024-01-09 15:43:06.638+01:00 [     5] WARNING    - W&#xD;&#xD;
2024-01-09 15:43:06.638+01:00 [     5] WARNING    - W&#xD;&#xD;
2024-01-09 15:43:06.638+01:00 [     5] WARNING    - W&#xD;&#xD;
2024-01-09 15:43:06.638+01:00 [     5] WARNING    - W&#xD;&#xD;
2024-01-09 15:43:06.638+01:00 [     5] WARNING    - W&#xD;&#xD;
2024-01-09 15:43:06.638+01:00 [     5] WARNING    - W&#xD;&#xD;
2024-01-09 15:43:06.638+01:00 [     5] WARNING    - W&#xD;&#xD;
2024-01-09 15:43:06.638+01:00 [     5] WARNING    - W&#xD;&#xD;
2024-01-09 15:43:06.638+01:00 [     5] WARNING    - W&#xD;&#xD;
2024-01-09 15:43:06.638+01:00 [     5] WARNING    - W&#xD;&#xD;
2024-01-09 15:43:06.638+01:00 [     5] WARNING    - W&#xD;&#xD;
2024-01-09 15:43:06.638+01:00 [     5] WARNING    - W&#xD;&#xD;
2024-01-09 15:43:06.638+01:00 [     5] WARNING    - W&#xD;&#xD;
2024-01-09 15:43:06.638+01:00 [     5] WARNING    - W&#xD;&#xD;
2024-01-09 15:43:06.638+01:00 [     5] WARNING    - W&#xD;&#xD;
2024-01-09 15:43:06.638+01:00 [     5] WARNING    - W&#xD;&#xD;
2024-01-09 15:43:06.638+01:00 [     5] WARNING    - W&#xD;&#xD;
2024-01-09 15:43:06.638+01:00 [     5] WARNING    - W&#xD;&#xD;
2024-01-09 15:43:06.638+01:00 [     5] WARNING    - W&#xD;&#xD;
2024-01-09 15:43:06.638+01:00 [     5] WARNING    - W&#xD;&#xD;
2024-01-09 15:43:06.638+01:00 [     5] WARNING    - W&#xD;&#xD;
2024-01-09 15:43:06.638+01:00 [     5] WARNING    - W&#xD;&#xD;
2024-01-09 15:43:06.638+01:00 [     5] WARNING    - W&#xD;&#xD;
2024-01-09 15:43:06.638+01:00 [     5] WARNING    - W&#xD;&#xD;
2024-01-09 15:43:06.638+01:00 [     5] WARNING    - W&#xD;&#xD;
2024-01-09 15:43:06.638+01:00 [     5] WARNING    - W&#xD;&#xD;
2024-01-09 15:43:06.638+01:00 [     5] WARNING    - W&#xD;&#xD;
2024-01-09 15:43:06.638+01:00 [     5] WARNING    - W&#xD;&#xD;
2024-01-09 15:43:06.638+01:00 [     5] WARNING    - W&#xD;&#xD;
2024-01-09 15:43:06.638+01:00 [     5] WARNING    - W&#xD;&#xD;
2024-01-09 15:43:06.638+01:00 [     5] WARNING    - W&#xD;&#xD;
2024-01-09 15:43:06.638+01:00 [     5] WARNING    - W&#xD;&#xD;
2024-01-09 15:43:06.638+01:00 [     5] WARNING    - W&#xD;&#xD;
2024-01-09 15:43:06.638+01:00 [     5] WARNING    - W&#xD;&#xD;
2024-01-09 15:43:06.638+01:00 [     5] WARNING    - W&#xD;&#xD;
2024-01-09 15:43:06.638+01:00 [     5] WARNING    - W&#xD;&#xD;
2024-01-09 15:43:06.638+01:00 [     5] WARNING    - W&#xD;&#xD;
2024-01-09 15:43:06.638+01:00 [     5] WARNING    - W&#xD;&#xD;
2024-01-09 15:43:06.638+01:00 [     5] WARNING    - W&#xD;&#xD;
2024-01-09 15:43:06.638+01:00 [     5] WARNING    - W&#xD;&#xD;
2024-01-09 15:43:06.638+01:00 [     5] WARNING    - W&#xD;&#xD;
2024-01-09 15:43:06.638+01:00 [     5] WARNING    - W&#xD;&#xD;
2024-01-09 15:43:06.638+01:00 [     5] WARNING    - W&#xD;&#xD;
2024-01-09 15:43:06.638+01:00 [     5] WARNING    - W&#xD;&#xD;
2024-01-09 15:43:06.638+01:00 [     5] WARNING    - W&#xD;&#xD;
2024-01-09 15:43:06.638+01:00 [     5] WARNING    - W&#xD;&#xD;
2024-01-09 15:43:06.638+01:00 [     5] WARNING    - W&#xD;&#xD;
2024-01-09 15:43:06.638+01:00 [     5] WARNING    - W&#xD;&#xD;
2024-01-09 15:43:06.638+01:00 [     5] WARNING    - W&#xD;&#xD;
2024-01-09 15:43:06.638+01:00 [     5] WARNING    - W&#xD;&#xD;
2024-01-09 15:43:06.638+01:00 [     5] WARNING    - W&#xD;&#xD;
2024-01-09 15:43:06.638+01:00 [     5] WARNING    - W&#xD;&#xD;
2024-01-09 15:43:06.638+01:00 [     5] WARNING    - W&#xD;&#xD;
2024-01-09 15:43:06.638+01:00 [     5] WARNING    - W&#xD;&#xD;
2024-01-09 15:43:06.638+01:00 [     5] WARNING    - W&#xD;&#xD;
2024-01-09 15:43:06.638+01:00 [     5] WARNING    - W&#xD;&#xD;
2024-01-09 15:43:06.638+01:00 [     5] WARNING    - W&#xD;&#xD;
2024-01-09 15:43:06.638+01:00 [     5] WARNING    - W&#xD;&#xD;
2024-01-09 15:43:06.638+01:00 [     5] WARNING    - W&#xD;&#xD;
2024-01-09 15:43:06.638+01:00 [     5] WARNING    - W&#xD;&#xD;
2024-01-09 15:43:06.638+01:00 [     5] WARNING    - W&#xD;&#xD;
2024-01-09 15:43:06.638+01:00 [     5] WARNING    - W&#xD;&#xD;
2024-01-09 15:43:06.638+01:00 [     5] WARNING    - W&#xD;&#xD;
2024-01-09 15:43:06.638+01:00 [     5] WARNING    - W&#xD;&#xD;
2024-01-09 15:43:06.638+01:00 [     5] WARNING    - W&#xD;&#xD;
2024-01-09 15:43:06.638+01:00 [     5] WARNING    - W&#xD;&#xD;
2024-01-09 15:43:06.638+01:00 [     5] WARNING    - W&#xD;&#xD;
2024-01-09 15:43:06.638+01:00 [     5] WARNING    - W&#xD;&#xD;
2024-01-09 15:43:06.638+01:00 [     5] WARNING    - W&#xD;&#xD;
2024-01-09 15:43:06.638+01:00 [     5] WARNING    - W&#xD;&#xD;
2024-01-09 15:43:06.638+01:00 [     5] WARNING    - W&#xD;&#xD;
2024-01-09 15:43:06.638+01:00 [     5] WARNING    - W&#xD;&#xD;
2024-01-09 15:43:06.638+01:00 [     5] WARNING    - W&#xD;&#xD;
2024-01-09 15:43:06.638+01:00 [     5] WARNING    - W&#xD;&#xD;
2024-01-09 15:43:06.638+01:00 [     5] WARNING    - W&#xD;&#xD;
2024-01-09 15:43:06.638+01:00 [     5] WARNING    - W&#xD;&#xD;
2024-01-09 15:43:06.638+01:00 [     5] WARNING    - W&#xD;&#xD;
2024-01-09 15:43:06.638+01:00 [     5] WARNING    - W&#xD;&#xD;
2024-01-09 15:43:06.638+01:00 [     5] WARNING    - W&#xD;&#xD;
2024-01-09 15:43:06.638+01:00 [     5] WARNING    - W&#xD;&#xD;
2024-01-09 15:43:06.638+01:00 [     5] WARNING    - W&#xD;&#xD;
2024-01-09 15:43:06.638+01:00 [     5] WARNING    - W&#xD;&#xD;
2024-01-09 15:43:06.638+01:00 [     5] WARNING    - W&#xD;&#xD;
2024-01-09 15:43:06.638+01:00 [     5] WARNING    - W&#xD;&#xD;
2024-01-09 15:43:06.638+01:00 [     5] WARNING    - W&#xD;&#xD;
2024-01-09 15:43:06.638+01:00 [     5] WARNING    - W&#xD;&#xD;
2024-01-09 15:43:06.638+01:00 [     5] WARNING    - W&#xD;&#xD;
2024-01-09 15:43:06.638+01:00 [     5] WARNING    - W&#xD;&#xD;
2024-01-09 15:43:06.638+01:00 [     5] WARNING    - W&#xD;&#xD;
2024-01-09 15:43:06.638+01:00 [     5] WARNING    - W&#xD;&#xD;
2024-01-09 15:43:06.638+01:00 [     5] WARNING    - W&#xD;&#xD;
2024-01-09 15:43:06.638+01:00 [     5] WARNING    - W&#xD;&#xD;
2024-01-09 15:43:06.638+01:00 [     5] WARNING    - W&#xD;&#xD;
2024-01-09 15:43:06.638+01:00 [     5] WARNING    - W&#xD;&#xD;
2024-01-09 15:43:06.638+01:00 [     5] WARNING    - W&#xD;&#xD;
2024-01-09 15:43:06.638+01:00 [     5] WARNING    - W&#xD;&#xD;
2024-01-09 15:43:06.638+01:00 [     5] WARNING    - W&#xD;&#xD;
2024-01-09 15:43:06.638+01:00 [     5] WARNING    - W&#xD;&#xD;
2024-01-09 15:43:06.638+01:00 [     5] WARNING    - W&#xD;&#xD;
2024-01-09 15:43:06.638+01:00 [     5] WARNING    - W&#xD;&#xD;
2024-01-09 15:43:06.638+01:00 [     5] WARNING    - W&#xD;&#xD;
2024-01-09 15:43:06.638+01:00 [     5] WARNING    - W&#xD;&#xD;
2024-01-09 15:43:06.638+01:00 [     5] WARNING    - W&#xD;&#xD;
2024-01-09 15:43:06.638+01:00 [     5] WARNING    - W&#xD;&#xD;
2024-01-09 15:43:06.638+01:00 [     5] WARNING    - W&#xD;&#xD;
2024-01-09 15:43:06.638+01:00 [     5] WARNING    - W&#xD;&#xD;
2024-01-09 15:43:06.638+01:00 [     5] WARNING    - W&#xD;&#xD;
2024-01-09 15:43:06.638+01:00 [     5] WARNING    - W&#xD;&#xD;
2024-01-09 15:43:06.638+01:00 [     5] WARNING    - W&#xD;&#xD;
2024-01-09 15:43:06.638+01:00 [     5] WARNING    - W&#xD;&#xD;
2024-01-09 15:43:06.638+01:00 [     5] WARNING    - W&#xD;&#xD;
2024-01-09 15:43:06.638+01:00 [     5] WARNING    - W&#xD;&#xD;
2024-01-09 15:43:06.638+01:00 [     5] WARNING    - W&#xD;&#xD;
2024-01-09 15:43:06.638+01:00 [     5] WARNING    - W&#xD;&#xD;
2024-01-09 15:43:06.638+01:00 [     5] WARNING    - W&#xD;&#xD;
2024-01-09 15:43:06.638+01:00 [     5] WARNING    - W&#xD;&#xD;
2024-01-09 15:43:06.638+01:00 [     5] WARNING    - W&#xD;&#xD;
2024-01-09 15:43:06.638+01:00 [     5] WARNING    - W&#xD;&#xD;
2024-01-09 15:43:06.638+01:00 [     5] WARNING    - W&#xD;&#xD;
2024-01-09 15:43:06.638+01:00 [     5] WARNING    - W&#xD;&#xD;
2024-01-09 15:43:06.638+01:00 [     5] WARNING    - W&#xD;&#xD;
2024-01-09 15:43:06.638+01:00 [     5] WARNING    - W&#xD;&#xD;
2024-01-09 15:43:06.638+01:00 [     5] WARNING    - W&#xD;&#xD;
2024-01-09 15:43:06.638+01:00 [     5] WARNING    - W&#xD;&#xD;
2024-01-09 15:43:06.638+01:00 [     5] WARNING    - W&#xD;&#xD;
2024-01-09 15:43:06.638+01:00 [     5] WARNING    - W&#xD;&#xD;
2024-01-09 15:43:06.638+01:00 [     5] WARNING    - W&#xD;&#xD;
2024-01-09 15:43:06.638+01:00 [     5] WARNING    - W&#xD;&#xD;
2024-01-09 15:43:06.638+01:00 [     5] WARNING    - W&#xD;&#xD;
2024-01-09 15:43:06.638+01:00 [     5] WARNING    - W&#xD;&#xD;
2024-01-09 15:43:06.638+01:00 [     5] WARNING    - W&#xD;&#xD;
2024-01-09 15:43:06.638+01:00 [     5] WARNING    - W&#xD;&#xD;
2024-01-09 15:43:06.638+01:00 [     5] WARNING    - W&#xD;&#xD;
2024-01-09 15:43:06.638+01:00 [     5] WARNING    - W&#xD;&#xD;
2024-01-09 15:43:06.638+01:00 [     5] WARNING    - W&#xD;&#xD;
2024-01-09 15:43:06.638+01:00 [     5] WARNING    - W&#xD;&#xD;
2024-01-09 15:43:06.638+01:00 [     5] WARNING    - W&#xD;&#xD;
2024-01-09 15:43:06.638+01:00 [     5] WARNING    - W&#xD;&#xD;
2024-01-09 15:43:06.638+01:00 [     5] WARNING    - W&#xD;&#xD;
2024-01-09 15:43:06.638+01:00 [     5] WARNING    - W&#xD;&#xD;
2024-01-09 15:43:06.638+01:00 [     5] WARNING    - W&#xD;&#xD;
2024-01-09 15:43:06.638+01:00 [     5] WARNING    - W&#xD;&#xD;
2024-01-09 15:43:06.638+01:00 [     5] WARNING    - W&#xD;&#xD;
2024-01-09 15:43:06.638+01:00 [     5] WARNING    - W&#xD;&#xD;
2024-01-09 15:43:06.638+01:00 [     5] WARNING    - W&#xD;&#xD;
2024-01-09 15:43:06.638+01:00 [     5] WARNING    - W&#xD;&#xD;
2024-01-09 15:43:06.638+01:00 [     5] WARNING    - W&#xD;&#xD;
2024-01-09 15:43:06.638+01:00 [     5] WARNING    - W&#xD;&#xD;
2024-01-09 15:43:06.638+01:00 [     5] WARNING    - W&#xD;&#xD;
2024-01-09 15:43:06.638+01:00 [     5] WARNING    - W&#xD;&#xD;
2024-01-09 15:43:06.638+01:00 [     5] WARNING    - W&#xD;&#xD;
2024-01-09 15:43:06.638+01:00 [     5] WARNING    - W&#xD;&#xD;
2024-01-09 15:43:06.638+01:00 [     5] WARNING    - W&#xD;&#xD;
2024-01-09 15:43:06.638+01:00 [     5] WARNING    - W&#xD;&#xD;
2024-01-09 15:43:06.638+01:00 [     5] WARNING    - W&#xD;&#xD;
2024-01-09 15:43:06.638+01:00 [     5] WARNING    - W&#xD;&#xD;
2024-01-09 15:43:06.638+01:00 [     5] WARNING    - W&#xD;&#xD;
2024-01-09 15:43:06.638+01:00 [     5] WARNING    - W&#xD;&#xD;
2024-01-09 15:43:06.638+01:00 [     5] WARNING    - W&#xD;&#xD;
2024-01-09 15:43:06.638+01:00 [     5] WARNING    - W&#xD;&#xD;
2024-01-09 15:43:06.638+01:00 [     5] WARNING    - W&#xD;&#xD;
2024-01-09 15:43:06.638+01:00 [     5] WARNING    - W&#xD;&#xD;
2024-01-09 15:43:06.638+01:00 [     5] WARNING    - W&#xD;&#xD;
2024-01-09 15:43:06.638+01:00 [     5] WARNING    - W&#xD;&#xD;
2024-01-09 15:43:06.638+01:00 [     5] WARNING    - W&#xD;&#xD;
2024-01-09 15:43:06.638+01:00 [     5] WARNING    - W&#xD;&#xD;
2024-01-09 15:43:06.638+01:00 [     5] WARNING    - W&#xD;&#xD;
2024-01-09 15:43:06.638+01:00 [     5] WARNING    - W&#xD;&#xD;
2024-01-09 15:43:06.638+01:00 [     5] WARNING    - W&#xD;&#xD;
2024-01-09 15:43:06.638+01:00 [     5] WARNING    - W&#xD;&#xD;
2024-01-09 15:43:06.638+01:00 [     5] WARNING    - W&#xD;&#xD;
2024-01-09 15:43:06.638+01:00 [     5] WARNING    - W&#xD;&#xD;
2024-01-09 15:43:06.638+01:00 [     5] WARNING    - W&#xD;&#xD;
2024-01-09 15:43:06.638+01:00 [     5] WARNING    - W&#xD;&#xD;
2024-01-09 15:43:06.638+01:00 [     5] WARNING    - W&#xD;&#xD;
2024-01-09 15:43:06.638+01:00 [     5] WARNING    - W&#xD;&#xD;
2024-01-09 15:43:06.638+01:00 [     5] WARNING    - W&#xD;&#xD;
2024-01-09 15:43:06.638+01:00 [     5] WARNING    - W&#xD;&#xD;
2024-01-09 15:43:06.638+01:00 [     5] WARNING    - W&#xD;&#xD;
2024-01-09 15:43:06.638+01:00 [     5] WARNING    - W&#xD;&#xD;
2024-01-09 15:43:06.638+01:00 [     5] WARNING    - W&#xD;&#xD;
2024-01-09 15:43:06.638+01:00 [     5] WARNING    - W&#xD;&#xD;
2024-01-09 15:43:06.638+01:00 [     5] WARNING    - W&#xD;&#xD;
2024-01-09 15:43:06.638+01:00 [     5] WARNING    - W&#xD;&#xD;
2024-01-09 15:43:06.638+01:00 [     5] WARNING    - W&#xD;&#xD;
2024-01-09 15:43:06.638+01:00 [     5] WARNING    - W&#xD;&#xD;
2024-01-09 15:43:06.638+01:00 [     5] WARNING    - W&#xD;&#xD;
2024-01-09 15:43:06.638+01:00 [     5] WARNING    - W&#xD;&#xD;
2024-01-09 15:43:06.638+01:00 [     5] WARNING    - W&#xD;&#xD;
2024-01-09 15:43:06.638+01:00 [     5] WARNING    - W&#xD;&#xD;
2024-01-09 15:43:06.638+01:00 [     5] WARNING    - W&#xD;&#xD;
2024-01-09 15:43:06.638+01:00 [     5] WARNING    - W&#xD;&#xD;
2024-01-09 15:43:06.638+01:00 [     5] WARNING    - W&#xD;&#xD;
2024-01-09 15:43:06.638+01:00 [     5] WARNING    - W&#xD;&#xD;
2024-01-09 15:43:06.638+01:00 [     5] WARNING    - W&#xD;&#xD;
2024-01-09 15:43:06.638+01:00 [     5] WARNING    - W&#xD;&#xD;
2024-01-09 15:43:06.638+01:00 [     5] WARNING    - W&#xD;&#xD;
2024-01-09 15:43:06.638+01:00 [     5] WARNING    - W&#xD;&#xD;
2024-01-09 15:43:06.638+01:00 [     5] WARNING    - W&#xD;&#xD;
2024-01-09 15:43:06.638+01:00 [     5] WARNING    - W&#xD;&#xD;
2024-01-09 15:43:06.638+01:00 [     5] WARNING    - W&#xD;&#xD;
2024-01-09 15:43:06.638+01:00 [     5] WARNING    - W&#xD;&#xD;
2024-01-09 15:43:06.638+01:00 [     5] WARNING    - W&#xD;&#xD;
2024-01-09 15:43:06.638+01:00 [     5] WARNING    - W&#xD;&#xD;
2024-01-09 15:43:06.638+01:00 [     5] WARNING    - W&#xD;&#xD;
2024-01-09 15:43:06.638+01:00 [     5] WARNING    - W&#xD;&#xD;
2024-01-09 15:43:06.638+01:00 [     5] WARNING    - W&#xD;&#xD;
2024-01-09 15:43:06.638+01:00 [     5] WARNING    - W&#xD;&#xD;
2024-01-09 15:43:06.638+01:00 [     5] WARNING    - W&#xD;&#xD;
2024-01-09 15:43:06.638+01:00 [     5] WARNING    - W&#xD;&#xD;
2024-01-09 15:43:06.638+01:00 [     5] WARNING    - W&#xD;&#xD;
2024-01-09 15:43:06.638+01:00 [     5] WARNING    - W&#xD;&#xD;
2024-01-09 15:43:06.638+01:00 [     5] WARNING    - W&#xD;&#xD;
2024-01-09 15:43:06.638+01:00 [     5] WARNING    - W&#xD;&#xD;
2024-01-09 15:43:06.638+01:00 [     5] WARNING    - W&#xD;&#xD;
2024-01-09 15:43:06.638+01:00 [     5] WARNING    - W&#xD;&#xD;
2024-01-09 15:43:06.638+01:00 [     5] WARNING    - W&#xD;&#xD;
2024-01-09 15:43:06.638+01:00 [     5] WARNING    - W&#xD;&#xD;
2024-01-09 15:43:06.638+01:00 [     5] WARNING    - W&#xD;&#xD;
2024-01-09 15:43:06.638+01:00 [     5] WARNING    - W&#xD;&#xD;
2024-01-09 15:43:06.638+01:00 [     5] WARNING    - W&#xD;&#xD;
2024-01-09 15:43:06.638+01:00 [     5] WARNING    - W&#xD;&#xD;
2024-01-09 15:43:06.638+01:00 [     5] WARNING    - W&#xD;&#xD;
2024-01-09 15:43:06.638+01:00 [     5] WARNING    - W&#xD;&#xD;
2024-01-09 15:43:06.638+01:00 [     5] WARNING    - W&#xD;&#xD;
2024-01-09 15:43:06.638+01:00 [     5] WARNING    - W&#xD;&#xD;
2024-01-09 15:43:06.638+01:00 [     5] WARNING    - W&#xD;&#xD;
2024-01-09 15:43:06.638+01:00 [     5] WARNING    - W&#xD;&#xD;
2024-01-09 15:43:06.638+01:00 [     5] WARNING    - W&#xD;&#xD;
2024-01-09 15:43:06.638+01:00 [     5] WARNING    - W&#xD;&#xD;
2024-01-09 15:43:06.638+01:00 [     5] WARNING    - W&#xD;&#xD;
2024-01-09 15:43:06.638+01:00 [     5] WARNING    - W&#xD;&#xD;
2024-01-09 15:43:06.638+01:00 [     5] WARNING    - W&#xD;&#xD;
2024-01-09 15:43:06.638+01:00 [     5] WARNING    - W&#xD;&#xD;
2024-01-09 15:43:06.638+01:00 [     5] WARNING    - W&#xD;&#xD;
2024-01-09 15:43:06.638+01:00 [     5] WARNING    - W&#xD;&#xD;
2024-01-09 15:43:06.638+01:00 [     5] WARNING    - W&#xD;&#xD;
2024-01-09 15:43:06.638+01:00 [     5] WARNING    - W&#xD;&#xD;
2024-01-09 15:43:06.638+01:00 [     5] WARNING    - W&#xD;&#xD;
2024-01-09 15:43:06.638+01:00 [     5] WARNING    - W&#xD;&#xD;
2024-01-09 15:43:06.638+01:00 [     5] WARNING    - W&#xD;&#xD;
2024-01-09 15:43:06.638+01:00 [     5] WARNING    - W&#xD;&#xD;
2024-01-09 15:43:06.638+01:00 [     5] WARNING    - W&#xD;&#xD;
2024-01-09 15:43:06.638+01:00 [     5] WARNING    - W&#xD;&#xD;
2024-01-09 15:43:06.638+01:00 [     5] WARNING    - W&#xD;&#xD;
2024-01-09 15:43:06.638+01:00 [     5] WARNING    - W&#xD;&#xD;
2024-01-09 15:43:06.638+01:00 [     5] WARNING    - W&#xD;&#xD;
2024-01-09 15:43:06.638+01:00 [     5] WARNING    - W&#xD;&#xD;
2024-01-09 15:43:06.638+01:00 [     5] WARNING    - W&#xD;&#xD;
2024-01-09 15:43:06.638+01:00 [     5] WARNING    - W&#xD;&#xD;
2024-01-09 15:43:06.638+01:00 [     5] WARNING    - W&#xD;&#xD;
2024-01-09 15:43:06.638+01:00 [     5] WARNING    - W&#xD;&#xD;
2024-01-09 15:43:06.638+01:00 [     5] WARNING    - W&#xD;&#xD;
2024-01-09 15:43:06.638+01:00 [     5] WARNING    - W&#xD;&#xD;
2024-01-09 15:43:06.638+01:00 [     5] WARNING    - W&#xD;&#xD;
2024-01-09 15:43:06.638+01:00 [     5] WARNING    - W&#xD;&#xD;
2024-01-09 15:43:06.638+01:00 [     5] WARNING    - W&#xD;&#xD;
2024-01-09 15:43:06.638+01:00 [     5] WARNING    - W&#xD;&#xD;
2024-01-09 15:43:06.638+01:00 [     5] WARNING    - W&#xD;&#xD;
2024-01-09 15:43:06.638+01:00 [     5] WARNING    - W&#xD;&#xD;
2024-01-09 15:43:06.638+01:00 [     5] WARNING    - W&#xD;&#xD;
2024-01-09 15:43:06.638+01:00 [     5] WARNING    - W&#xD;&#xD;
2024-01-09 15:43:06.638+01:00 [     5] WARNING    - W&#xD;&#xD;
2024-01-09 15:43:06.638+01:00 [     5] WARNING    - W&#xD;&#xD;
2024-01-09 15:43:06.638+01:00 [     5] WARNING    - W&#xD;&#xD;
2024-01-09 15:43:06.638+01:00 [     5] WARNING    - W&#xD;&#xD;
2024-01-09 15:43:06.638+01:00 [     5] WARNING    - W&#xD;&#xD;
2024-01-09 15:43:06.638+01:00 [     5] WARNING    - W&#xD;&#xD;
2024-01-09 15:43:06.638+01:00 [     5] WARNING    - W&#xD;&#xD;
2024-01-09 15:43:06.638+01:00 [     5] WARNING    - W&#xD;&#xD;
2024-01-09 15:43:06.638+01:00 [     5] WARNING    - W&#xD;&#xD;
2024-01-09 15:43:06.638+01:00 [     5] WARNING    - W&#xD;&#xD;
2024-01-09 15:43:06.638+01:00 [     5] WARNING    - W&#xD;&#xD;
2024-01-09 15:43:06.638+01:00 [     5] WARNING    - W&#xD;&#xD;
2024-01-09 15:43:06.638+01:00 [     5] WARNING    - W&#xD;&#xD;
2024-01-09 15:43:06.638+01:00 [     5] WARNING    - W&#xD;&#xD;
2024-01-09 15:43:06.638+01:00 [     5] WARNING    - W&#xD;&#xD;
2024-01-09 15:43:06.638+01:00 [     5] WARNING    - W&#xD;&#xD;
2024-01-09 15:43:06.638+01:00 [     5] WARNING    - W&#xD;&#xD;
2024-01-09 15:43:06.638+01:00 [     5] WARNING    - W&#xD;&#xD;
2024-01-09 15:43:06.638+01:00 [     5] WARNING    - W&#xD;&#xD;
2024-01-09 15:43:06.638+01:00 [     5] WARNING    - W&#xD;&#xD;
2024-01-09 15:43:06.638+01:00 [     5] WARNING    - W&#xD;&#xD;
2024-01-09 15:43:06.638+01:00 [     5] WARNING    - W&#xD;&#xD;
2024-01-09 15:43:06.638+01:00 [     5] WARNING    - W&#xD;&#xD;
2024-01-09 15:43:06.638+01:00 [     5] WARNING    - W&#xD;&#xD;
2024-01-09 15:43:06.638+01:00 [     5] WARNING    - W&#xD;&#xD;
2024-01-09 15:43:06.638+01:00 [     5] WARNING    - W&#xD;&#xD;
2024-01-09 15:43:06.638+01:00 [     5] WARNING    - W&#xD;&#xD;
2024-01-09 15:43:06.638+01:00 [     5] WARNING    - W&#xD;&#xD;
2024-01-09 15:43:06.638+01:00 [     5] WARNING    - W&#xD;&#xD;
2024-01-09 15:43:06.638+01:00 [     5] WARNING    - W&#xD;&#xD;
2024-01-09 15:43:06.638+01:00 [     5] WARNING    - W&#xD;&#xD;
2024-01-09 15:43:06.638+01:00 [     5] WARNING    - W&#xD;&#xD;
2024-01-09 15:43:06.638+01:00 [     5] WARNING    - W&#xD;&#xD;
2024-01-09 15:43:06.638+01:00 [     5] WARNING    - W&#xD;&#xD;
2024-01-09 15:43:06.638+01:00 [     5] WARNING    - W&#xD;&#xD;
2024-01-09 15:43:06.638+01:00 [     5] WARNING    - W&#xD;&#xD;
2024-01-09 15:43:06.638+01:00 [     5] WARNING    - W&#xD;&#xD;
2024-01-09 15:43:06.638+01:00 [     5] WARNING    - W&#xD;&#xD;
2024-01-09 15:43:06.638+01:00 [     5] WARNING    - W&#xD;&#xD;
2024-01-09 15:43:06.638+01:00 [     5] WARNING    - W&#xD;&#xD;
2024-01-09 15:43:06.638+01:00 [     5] WARNING    - W&#xD;&#xD;
2024-01-09 15:43:06.638+01:00 [     5] WARNING    - W&#xD;&#xD;
2024-01-09 15:43:06.638+01:00 [     5] WARNING    - W&#xD;&#xD;
2024-01-09 15:43:06.638+01:00 [     5] WARNING    - W&#xD;&#xD;
2024-01-09 15:43:06.638+01:00 [     5] WARNING    - W&#xD;&#xD;
2024-01-09 15:43:06.638+01:00 [     5] WARNING    - W&#xD;&#xD;
2024-01-09 15:43:06.638+01:00 [     5] WARNING    - W&#xD;&#xD;
2024-01-09 15:43:06.638+01:00 [     5] WARNING    - W&#xD;&#xD;
2024-01-09 15:43:06.638+01:00 [     5] WARNING    - W&#xD;&#xD;
2024-01-09 15:43:06.638+01:00 [     5] WARNING    - W&#xD;&#xD;
2024-01-09 15:43:06.638+01:00 [     5] WARNING    - W&#xD;&#xD;
2024-01-09 15:43:06.638+01:00 [     5] WARNING    - W&#xD;&#xD;
2024-01-09 15:43:06.638+01:00 [     5] WARNING    - W&#xD;&#xD;
2024-01-09 15:43:06.638+01:00 [     5] WARNING    - W&#xD;&#xD;
2024-01-09 15:43:06.638+01:00 [     5] WARNING    - W&#xD;&#xD;
2024-01-09 15:43:06.638+01:00 [     5] WARNING    - W&#xD;&#xD;
2024-01-09 15:43:06.638+01:00 [     5] WARNING    - W&#xD;&#xD;
2024-01-09 15:43:06.638+01:00 [     5] WARNING    - W&#xD;&#xD;
2024-01-09 15:43:06.638+01:00 [     5] WARNING    - W&#xD;&#xD;
2024-01-09 15:43:06.638+01:00 [     5] WARNING    - W&#xD;&#xD;
2024-01-09 15:43:06.638+01:00 [     5] WARNING    - W&#xD;&#xD;
2024-01-09 15:43:06.638+01:00 [     5] WARNING    - W&#xD;&#xD;
2024-01-09 15:43:06.638+01:00 [     5] WARNING    - W&#xD;&#xD;
2024-01-09 15:43:06.638+01:00 [     5] WARNING    - W&#xD;&#xD;
2024-01-09 15:43:06.638+01:00 [     5] WARNING    - W&#xD;&#xD;
2024-01-09 15:43:06.638+01:00 [     5] WARNING    - W&#xD;&#xD;
2024-01-09 15:43:06.638+01:00 [     5] WARNING    - W&#xD;&#xD;
2024-01-09 15:43:06.638+01:00 [     5] WARNING    - W&#xD;&#xD;
2024-01-09 15:43:06.638+01:00 [     5] WARNING    - W&#xD;&#xD;
2024-01-09 15:43:06.638+01:00 [     5] WARNING    - W&#xD;&#xD;
2024-01-09 15:43:06.638+01:00 [     5] WARNING    - W&#xD;&#xD;
2024-01-09 15:43:06.638+01:00 [     5] WARNING    - W&#xD;&#xD;
2024-01-09 15:43:06.638+01:00 [     5] WARNING    - W&#xD;&#xD;
2024-01-09 15:43:06.638+01:00 [     5] WARNING    - W&#xD;&#xD;
2024-01-09 15:43:06.638+01:00 [     5] WARNING    - W&#xD;&#xD;
2024-01-09 15:43:06.638+01:00 [     5] WARNING    - W&#xD;&#xD;
2024-01-09 15:43:06.638+01:00 [     5] WARNING    - W&#xD;&#xD;
2024-01-09 15:43:06.638+01:00 [     5] WARNING    - W&#xD;&#xD;
2024-01-09 15:43:06.638+01:00 [     5] WARNING    - W&#xD;&#xD;
2024-01-09 15:43:06.638+01:00 [     5] WARNING    - W&#xD;&#xD;
2024-01-09 15:43:06.638+01:00 [     5] WARNING    - W&#xD;&#xD;
2024-01-09 15:43:06.638+01:00 [     5] WARNING    - W&#xD;&#xD;
2024-01-09 15:43:06.638+01:00 [     5] WARNING    - W&#xD;&#xD;
2024-01-09 15:43:06.638+01:00 [     5] WARNING    - W&#xD;&#xD;
2024-01-09 15:43:06.638+01:00 [     5] WARNING    - W&#xD;&#xD;
2024-01-09 15:43:06.638+01:00 [     5] WARNING    - W&#xD;&#xD;
2024-01-09 15:43:06.638+01:00 [     5] WARNING    - W&#xD;&#xD;
2024-01-09 15:43:06.638+01:00 [     5] WARNING    - W&#xD;&#xD;
2024-01-09 15:43:06.638+01:00 [     5] WARNING    - W&#xD;&#xD;
2024-01-09 15:43:06.638+01:00 [     5] WARNING    - W&#xD;&#xD;
2024-01-09 15:43:06.638+01:00 [     5] WARNING    - W&#xD;&#xD;
2024-01-09 15:43:06.638+01:00 [     5] WARNING    - W&#xD;&#xD;
2024-01-09 15:43:06.638+01:00 [     5] WARNING    - W&#xD;&#xD;
2024-01-09 15:43:06.638+01:00 [     5] WARNING    - W&#xD;&#xD;
2024-01-09 15:43:06.638+01:00 [     5] WARNING    - W&#xD;&#xD;
2024-01-09 15:43:06.638+01:00 [     5] WARNING    - W&#xD;&#xD;
2024-01-09 15:43:06.638+01:00 [     5] WARNING    - W&#xD;&#xD;
2024-01-09 15:43:06.638+01:00 [     5] WARNING    - W&#xD;&#xD;
2024-01-09 15:43:06.638+01:00 [     5] WARNING    - W&#xD;&#xD;
2024-01-09 15:43:06.638+01:00 [     5] WARNING    - W&#xD;&#xD;
2024-01-09 15:43:06.638+01:00 [     5] WARNING    - W&#xD;&#xD;
2024-01-09 15:43:06.638+01:00 [     5] WARNING    - W&#xD;&#xD;
2024-01-09 15:43:06.638+01:00 [     5] WARNING    - W&#xD;&#xD;
2024-01-09 15:43:06.638+01:00 [     5] WARNING    - W&#xD;&#xD;
2024-01-09 15:43:06.638+01:00 [     5] WARNING    - W&#xD;&#xD;
2024-01-09 15:43:06.638+01:00 [     5] WARNING    - W&#xD;&#xD;
2024-01-09 15:43:06.638+01:00 [     5] WARNING    - W&#xD;&#xD;
2024-01-09 15:43:06.638+01:00 [     5] WARNING    - W&#xD;&#xD;
2024-01-09 15:43:06.638+01:00 [     5] WARNING    - W&#xD;&#xD;
2024-01-09 15:43:06.638+01:00 [     5] WARNING    - W&#xD;&#xD;
2024-01-09 15:43:06.638+01:00 [     5] WARNING    - W&#xD;&#xD;
2024-01-09 15:43:06.638+01:00 [     5] WARNING    - W&#xD;&#xD;
2024-01-09 15:43:06.638+01:00 [     5] WARNING    - W&#xD;&#xD;
2024-01-09 15:43:06.638+01:00 [     5] WARNING    - W&#xD;&#xD;
2024-01-09 15:43:06.638+01:00 [     5] WARNING    - W&#xD;&#xD;
2024-01-09 15:43:06.638+01:00 [     5] WARNING    - W&#xD;&#xD;
2024-01-09 15:43:06.638+01:00 [     5] WARNING    - W&#xD;&#xD;
2024-01-09 15:43:06.638+01:00 [     5] WARNING    - W&#xD;&#xD;
2024-01-09 15:43:06.638+01:00 [     5] WARNING    - W&#xD;&#xD;
2024-01-09 15:43:06.638+01:00 [     5] WARNING    - W&#xD;&#xD;
2024-01-09 15:43:06.638+01:00 [     5] WARNING    - W&#xD;&#xD;
2024-01-09 15:43:06.638+01:00 [     5] WARNING    - W&#xD;&#xD;
2024-01-09 15:43:06.638+01:00 [     5] WARNING    - W&#xD;&#xD;
2024-01-09 15:43:06.638+01:00 [     5] WARNING    - W&#xD;&#xD;
2024-01-09 15:43:06.638+01:00 [     5] WARNING    - W&#xD;&#xD;
2024-01-09 15:43:06.638+01:00 [     5] WARNING    - W&#xD;&#xD;
2024-01-09 15:43:06.638+01:00 [     5] WARNING    - W&#xD;&#xD;
2024-01-09 15:43:06.638+01:00 [     5] WARNING    - W&#xD;&#xD;
2024-01-09 15:43:06.638+01:00 [     5] WARNING    - W&#xD;&#xD;
2024-01-09 15:43:06.638+01:00 [     5] WARNING    - W&#xD;&#xD;
2024-01-09 15:43:06.638+01:00 [     5] WARNING    - W&#xD;&#xD;
2024-01-09 15:43:06.638+01:00 [     5] WARNING    - W&#xD;&#xD;
2024-01-09 15:43:06.638+01:00 [     5] WARNING    - W&#xD;&#xD;
2024-01-09 15:43:06.638+01:00 [     5] WARNING    - W&#xD;&#xD;
2024-01-09 15:43:06.638+01:00 [     5] WARNING    - W&#xD;&#xD;
2024-01-09 15:43:06.638+01:00 [     5] WARNING    - W&#xD;&#xD;
2024-01-09 15:43:06.638+01:00 [     5] WARNING    - W&#xD;&#xD;
2024-01-09 15:43:06.638+01:00 [     5] WARNING    - W&#xD;&#xD;
2024-01-09 15:43:06.638+01:00 [     5] WARNING    - W&#xD;&#xD;
2024-01-09 15:43:06.638+01:00 [     5] WARNING    - W&#xD;&#xD;
2024-01-09 15:43:06.638+01:00 [     5] WARNING    - W&#xD;&#xD;
2024-01-09 15:43:06.638+01:00 [     5] WARNING    - W&#xD;&#xD;
2024-01-09 15:43:06.638+01:00 [     5] WARNING    - W&#xD;&#xD;
2024-01-09 15:43:06.638+01:00 [     5] WARNING    - W&#xD;&#xD;
2024-01-09 15:43:06.638+01:00 [     5] WARNING    - W&#xD;&#xD;
2024-01-09 15:43:06.638+01:00 [     5] WARNING    - W&#xD;&#xD;
2024-01-09 15:43:06.638+01:00 [     5] WARNING    - W&#xD;&#xD;
2024-01-09 15:43:06.638+01:00 [     5] WARNING    - W&#xD;&#xD;
2024-01-09 15:43:06.638+01:00 [     5] WARNING    - W&#xD;&#xD;
2024-01-09 15:43:06.638+01:00 [     5] WARNING    - W&#xD;&#xD;
2024-01-09 15:43:06.638+01:00 [     5] WARNING    - W&#xD;&#xD;
2024-01-09 15:43:06.638+01:00 [     5] WARNING    - W&#xD;&#xD;
2024-01-09 15:43:06.638+01:00 [     5] WARNING    - W&#xD;&#xD;
2024-01-09 15:43:06.638+01:00 [     5] WARNING    - W&#xD;&#xD;
2024-01-09 15:43:06.638+01:00 [     5] WARNING    - W&#xD;&#xD;
2024-01-09 15:43:06.638+01:00 [     5] WARNING    - W&#xD;&#xD;
2024-01-09 15:43:06.638+01:00 [     5] WARNING    - W&#xD;&#xD;
2024-01-09 15:43:06.638+01:00 [     5] WARNING    - W&#xD;&#xD;
2024-01-09 15:43:06.638+01:00 [     5] WARNING    - W&#xD;&#xD;
2024-01-09 15:43:06.638+01:00 [     5] WARNING    - W&#xD;&#xD;
2024-01-09 15:43:06.638+01:00 [     5] WARNING    - W&#xD;&#xD;
2024-01-09 15:43:06.638+01:00 [     5] WARNING    - W&#xD;&#xD;
2024-01-09 15:43:06.638+01:00 [     5] WARNING    - W&#xD;&#xD;
2024-01-09 15:43:06.638+01:00 [     5] WARNING    - W&#xD;&#xD;
2024-01-09 15:43:06.638+01:00 [     5] WARNING    - W&#xD;&#xD;
2024-01-09 15:43:06.638+01:00 [     5] WARNING    - W&#xD;&#xD;
2024-01-09 15:43:06.638+01:00 [     5] WARNING    - W&#xD;&#xD;
2024-01-09 15:43:06.638+01:00 [     5] WARNING    - W&#xD;&#xD;
2024-01-09 15:43:06.638+01:00 [     5] WARNING    - W&#xD;&#xD;
2024-01-09 15:43:06.638+01:00 [     5] WARNING    - W&#xD;&#xD;
2024-01-09 15:43:06.638+01:00 [     5] WARNING    - W&#xD;&#xD;
2024-01-09 15:43:06.638+01:00 [     5] WARNING    - W&#xD;&#xD;
2024-01-09 15:43:06.638+01:00 [     5] WARNING    - W&#xD;&#xD;
2024-01-09 15:43:06.638+01:00 [     5] WARNING    - W&#xD;&#xD;
2024-01-09 15:43:06.638+01:00 [     5] WARNING    - W&#xD;&#xD;
2024-01-09 15:43:06.638+01:00 [     5] WARNING    - W&#xD;&#xD;
2024-01-09 15:43:06.638+01:00 [     5] WARNING    - W&#xD;&#xD;
2024-01-09 15:43:06.638+01:00 [     5] WARNING    - W&#xD;&#xD;
2024-01-09 15:43:06.638+01:00 [     5] WARNING    - W&#xD;&#xD;
2024-01-09 15:43:06.638+01:00 [     5] WARNING    - W&#xD;&#xD;
2024-01-09 15:43:06.638+01:00 [     5] WARNING    - W&#xD;&#xD;
2024-01-09 15:43:06.638+01:00 [     5] WARNING    - W&#xD;&#xD;
2024-01-09 15:43:06.638+01:00 [     5] WARNING    - W&#xD;&#xD;
2024-01-09 15:43:06.638+01:00 [     5] WARNING    - W&#xD;&#xD;
2024-01-09 15:43:06.638+01:00 [     5] WARNING    - W&#xD;&#xD;
2024-01-09 15:43:06.638+01:00 [     5] WARNING    - W&#xD;&#xD;
2024-01-09 15:43:06.638+01:00 [     5] WARNING    - W&#xD;&#xD;
2024-01-09 15:43:06.638+01:00 [     5] WARNING    - W&#xD;&#xD;
2024-01-09 15:43:06.638+01:00 [     5] WARNING    - W&#xD;&#xD;
2024-01-09 15:43:06.638+01:00 [     5] WARNING    - W&#xD;&#xD;
2024-01-09 15:43:06.638+01:00 [     5] WARNING    - W&#xD;&#xD;
2024-01-09 15:43:06.638+01:00 [     5] WARNING    - W&#xD;&#xD;
2024-01-09 15:43:06.638+01:00 [     5] WARNING    - W&#xD;&#xD;
2024-01-09 15:43:06.638+01:00 [     5] WARNING    - W&#xD;&#xD;
2024-01-09 15:43:06.638+01:00 [     5] WARNING    - W&#xD;&#xD;
2024-01-09 15:43:06.638+01:00 [     5] WARNING    - W&#xD;&#xD;
2024-01-09 15:43:06.638+01:00 [     5] WARNING    - W&#xD;&#xD;
2024-01-09 15:43:06.638+01:00 [     5] WARNING    - W&#xD;&#xD;
2024-01-09 15:43:06.638+01:00 [     5] WARNING    - W&#xD;&#xD;
2024-01-09 15:43:06.638+01:00 [     5] WARNING    - W&#xD;&#xD;
2024-01-09 15:43:06.638+01:00 [     5] WARNING    - W&#xD;&#xD;
2024-01-09 15:43:06.638+01:00 [     5] WARNING    - W&#xD;&#xD;
2024-01-09 15:43:06.638+01:00 [     5] WARNING    - W&#xD;&#xD;
2024-01-09 15:43:06.638+01:00 [     5] WARNING    - W&#xD;&#xD;
2024-01-09 15:43:06.638+01:00 [     5] WARNING    - W&#xD;&#xD;
2024-01-09 15:43:06.638+01:00 [     5] WARNING    - W&#xD;&#xD;
2024-01-09 15:43:06.638+01:00 [     5] WARNING    - W&#xD;&#xD;
2024-01-09 15:43:06.638+01:00 [     5] WARNING    - W&#xD;&#xD;
2024-01-09 15:43:06.638+01:00 [     5] WARNING    - W&#xD;&#xD;
2024-01-09 15:43:06.638+01:00 [     5] WARNING    - W&#xD;&#xD;
2024-01-09 15:43:06.638+01:00 [     5] WARNING    - W&#xD;&#xD;
2024-01-09 15:43:06.638+01:00 [     5] WARNING    - W&#xD;&#xD;
2024-01-09 15:43:06.638+01:00 [     5] WARNING    - W&#xD;&#xD;
2024-01-09 15:43:06.638+01:00 [     5] WARNING    - W&#xD;&#xD;
2024-01-09 15:43:06.638+01:00 [     5] WARNING    - W&#xD;&#xD;
2024-01-09 15:43:06.638+01:00 [     5] WARNING    - W&#xD;&#xD;
2024-01-09 15:43:06.638+01:00 [     5] WARNING    - W&#xD;&#xD;
2024-01-09 15:43:06.638+01:00 [     5] WARNING    - W&#xD;&#xD;
2024-01-09 15:43:06.638+01:00 [     5] WARNING    - W&#xD;&#xD;
2024-01-09 15:43:06.638+01:00 [     5] WARNING    - W&#xD;&#xD;
2024-01-09 15:43:06.638+01:00 [     5] WARNING    - W&#xD;&#xD;
2024-01-09 15:43:06.638+01:00 [     5] WARNING    - W&#xD;&#xD;
2024-01-09 15:43:06.638+01:00 [     5] WARNING    - W&#xD;&#xD;
2024-01-09 15:43:06.638+01:00 [     5] WARNING    - W&#xD;&#xD;
2024-01-09 15:43:06.638+01:00 [     5] WARNING    - W&#xD;&#xD;
2024-01-09 15:43:06.638+01:00 [     5] WARNING    - W&#xD;&#xD;
2024-01-09 15:43:06.638+01:00 [     5] WARNING    - W&#xD;&#xD;
2024-01-09 15:43:06.638+01:00 [     5] WARNING    - W&#xD;&#xD;
2024-01-09 15:43:06.638+01:00 [     5] WARNING    - W&#xD;&#xD;
2024-01-09 15:43:06.638+01:00 [     5] WARNING    - W&#xD;&#xD;
2024-01-09 15:43:06.638+01:00 [     5] WARNING    - W&#xD;&#xD;
2024-01-09 15:43:06.638+01:00 [     5] WARNING    - W&#xD;&#xD;
2024-01-09 15:43:06.638+01:00 [     5] WARNING    - W&#xD;&#xD;
2024-01-09 15:43:06.638+01:00 [     5] WARNING    - W&#xD;&#xD;
2024-01-09 15:43:06.638+01:00 [     5] WARNING    - W&#xD;&#xD;
2024-01-09 15:43:06.638+01:00 [     5] WARNING    - W&#xD;&#xD;
2024-01-09 15:43:06.638+01:00 [     5] WARNING    - W&#xD;&#xD;
2024-01-09 15:43:06.638+01:00 [     5] WARNING    - W&#xD;&#xD;
2024-01-09 15:43:06.638+01:00 [     5] WARNING    - W&#xD;&#xD;
2024-01-09 15:43:06.638+01:00 [     5] WARNING    - W&#xD;&#xD;
2024-01-09 15:43:06.638+01:00 [     5] WARNING    - W&#xD;&#xD;
2024-01-09 15:43:06.638+01:00 [     5] WARNING    - W&#xD;&#xD;
2024-01-09 15:43:06.638+01:00 [     5] WARNING    - W&#xD;&#xD;
2024-01-09 15:43:06.638+01:00 [     5] WARNING    - W&#xD;&#xD;
2024-01-09 15:43:06.638+01:00 [     5] WARNING    - W&#xD;&#xD;
2024-01-09 15:43:06.638+01:00 [     5] WARNING    - W&#xD;&#xD;
2024-01-09 15:43:06.638+01:00 [     5] WARNING    - W&#xD;&#xD;
2024-01-09 15:43:06.638+01:00 [     5] WARNING    - W&#xD;&#xD;
2024-01-09 15:43:06.638+01:00 [     5] WARNING    - W&#xD;&#xD;
2024-01-09 15:43:06.638+01:00 [     5] WARNING    - W&#xD;&#xD;
2024-01-09 15:43:06.638+01:00 [     5] WARNING    - W&#xD;&#xD;
2024-01-09 15:43:06.638+01:00 [     5] WARNING    - W&#xD;&#xD;
2024-01-09 15:43:06.638+01:00 [     5] WARNING    - W&#xD;&#xD;
2024-01-09 15:43:06.638+01:00 [     5] WARNING    - W&#xD;&#xD;
2024-01-09 15:43:06.638+01:00 [     5] WARNING    - W&#xD;&#xD;
2024-01-09 15:43:06.638+01:00 [     5] WARNING    - W&#xD;&#xD;
2024-01-09 15:43:06.638+01:00 [     5] WARNING    - W&#xD;&#xD;
2024-01-09 15:43:06.638+01:00 [     5] WARNING    - W&#xD;&#xD;
2024-01-09 15:43:06.638+01:00 [     5] WARNING    - W&#xD;&#xD;
2024-01-09 15:43:06.638+01:00 [     5] WARNING    - W&#xD;&#xD;
2024-01-09 15:43:06.638+01:00 [     5] WARNING    - W&#xD;&#xD;
2024-01-09 15:43:06.638+01:00 [     5] WARNING    - W&#xD;&#xD;
2024-01-09 15:43:06.638+01:00 [     5] WARNING    - W&#xD;&#xD;
2024-01-09 15:43:06.638+01:00 [     5] WARNING    - W&#xD;&#xD;
2024-01-09 15:43:06.638+01:00 [     5] WARNING    - W&#xD;&#xD;
2024-01-09 15:43:06.638+01:00 [     5] WARNING    - W&#xD;&#xD;
2024-01-09 15:43:06.638+01:00 [     5] WARNING    - W&#xD;&#xD;
2024-01-09 15:43:06.638+01:00 [     5] WARNING    - W&#xD;&#xD;
2024-01-09 15:43:06.638+01:00 [     5] WARNING    - W&#xD;&#xD;
2024-01-09 15:43:06.638+01:00 [     5] WARNING    - W&#xD;&#xD;
2024-01-09 15:43:06.638+01:00 [     5] WARNING    - W&#xD;&#xD;
2024-01-09 15:43:06.638+01:00 [     5] WARNING    - W&#xD;&#xD;
2024-01-09 15:43:06.638+01:00 [     5] WARNING    - W&#xD;&#xD;
2024-01-09 15:43:06.638+01:00 [     5] WARNING    - W&#xD;&#xD;
2024-01-09 15:43:06.638+01:00 [     5] WARNING    - W&#xD;&#xD;
2024-01-09 15:43:06.638+01:00 [     5] WARNING    - W&#xD;&#xD;
2024-01-09 15:43:06.638+01:00 [     5] WARNING    - W&#xD;&#xD;
2024-01-09 15:43:06.638+01:00 [     5] WARNING    - W&#xD;&#xD;
2024-01-09 15:43:06.638+01:00 [     5] WARNING    - W&#xD;&#xD;
2024-01-09 15:43:06.638+01:00 [     5] WARNING    - W&#xD;&#xD;
2024-01-09 15:43:06.638+01:00 [     5] WARNING    - W&#xD;&#xD;
2024-01-09 15:43:06.638+01:00 [     5] WARNING    - W&#xD;&#xD;
2024-01-09 15:43:06.638+01:00 [     5] WARNING    - W&#xD;&#xD;
2024-01-09 15:43:06.638+01:00 [     5] WARNING    - W&#xD;&#xD;
2024-01-09 15:43:06.638+01:00 [     5] WARNING    - W&#xD;&#xD;
2024-01-09 15:43:06.638+01:00 [     5] WARNING    - W&#xD;&#xD;
2024-01-09 15:43:06.638+01:00 [     5] WARNING    - W&#xD;&#xD;
2024-01-09 15:43:06.638+01:00 [     5] WARNING    - W&#xD;&#xD;
2024-01-09 15:43:06.638+01:00 [     5] WARNING    - W&#xD;&#xD;
2024-01-09 15:43:06.638+01:00 [     5] WARNING    - W&#xD;&#xD;
2024-01-09 15:43:06.638+01:00 [     5] WARNING    - W&#xD;&#xD;
2024-01-09 15:43:06.638+01:00 [     5] WARNING    - W&#xD;&#xD;
2024-01-09 15:43:06.638+01:00 [     5] WARNING    - W&#xD;&#xD;
2024-01-09 15:43:06.638+01:00 [     5] WARNING    - W&#xD;&#xD;
2024-01-09 15:43:06.638+01:00 [     5] WARNING    - W&#xD;&#xD;
2024-01-09 15:43:06.638+01:00 [     5] WARNING    - W&#xD;&#xD;
2024-01-09 15:43:06.638+01:00 [     5] WARNING    - W&#xD;&#xD;
2024-01-09 15:43:06.638+01:00 [     5] WARNING    - W&#xD;&#xD;
2024-01-09 15:43:06.638+01:00 [     5] WARNING    - W&#xD;&#xD;
2024-01-09 15:43:06.638+01:00 [     5] WARNING    - W&#xD;&#xD;
2024-01-09 15:43:06.638+01:00 [     5] WARNING    - W&#xD;&#xD;
2024-01-09 15:43:06.638+01:00 [     5] WARNING    - W&#xD;&#xD;
2024-01-09 15:43:06.638+01:00 [     5] WARNING    - W&#xD;&#xD;
2024-01-09 15:43:06.638+01:00 [     5] WARNING    - W&#xD;&#xD;
2024-01-09 15:43:06.638+01:00 [     5] WARNING    - W&#xD;&#xD;
2024-01-09 15:43:06.638+01:00 [     5] WARNING    - W&#xD;&#xD;
2024-01-09 15:43:06.638+01:00 [     5] WARNING    - W&#xD;&#xD;
2024-01-09 15:43:06.638+01:00 [     5] WARNING    - W&#xD;&#xD;
2024-01-09 15:43:06.638+01:00 [     5] WARNING    - W&#xD;&#xD;
2024-01-09 15:43:06.638+01:00 [     5] WARNING    - W&#xD;&#xD;
2024-01-09 15:43:06.638+01:00 [     5] WARNING    - W&#xD;&#xD;
2024-01-09 15:43:06.638+01:00 [     5] WARNING    - W&#xD;&#xD;
2024-01-09 15:43:06.638+01:00 [     5] WARNING    - W&#xD;&#xD;
2024-01-09 15:43:06.638+01:00 [     5] WARNING    - W&#xD;&#xD;
2024-01-09 15:43:06.638+01:00 [     5] WARNING    - W&#xD;&#xD;
2024-01-09 15:43:06.638+01:00 [     5] WARNING    - W&#xD;&#xD;
2024-01-09 15:43:06.638+01:00 [     5] WARNING    - W&#xD;&#xD;
2024-01-09 15:43:06.638+01:00 [     5] WARNING    - W&#xD;&#xD;
2024-01-09 15:43:06.638+01:00 [     5] WARNING    - W&#xD;&#xD;
2024-01-09 15:43:06.638+01:00 [     5] WARNING    - W&#xD;&#xD;
2024-01-09 15:43:06.638+01:00 [     5] WARNING    - W&#xD;&#xD;
2024-01-09 15:43:06.638+01:00 [     5] WARNING    - W&#xD;&#xD;
2024-01-09 15:43:06.638+01:00 [     5] WARNING    - W&#xD;&#xD;
2024-01-09 15:43:06.638+01:00 [     5] WARNING    - W&#xD;&#xD;
2024-01-09 15:43:06.638+01:00 [     5] WARNING    - W&#xD;&#xD;
2024-01-09 15:43:06.638+01:00 [     5] WARNING    - W&#xD;&#xD;
2024-01-09 15:43:06.638+01:00 [     5] WARNING    - W&#xD;&#xD;
2024-01-09 15:43:06.638+01:00 [     5] WARNING    - W&#xD;&#xD;
2024-01-09 15:43:06.638+01:00 [     5] WARNING    - W&#xD;&#xD;
2024-01-09 15:43:06.638+01:00 [     5] WARNING    - W&#xD;&#xD;
2024-01-09 15:43:06.638+01:00 [     5] WARNING    - W&#xD;&#xD;
2024-01-09 15:43:06.638+01:00 [     5] WARNING    - W&#xD;&#xD;
2024-01-09 15:43:06.638+01:00 [     5] WARNING    - W&#xD;&#xD;
2024-01-09 15:43:06.638+01:00 [     5] WARNING    - W&#xD;&#xD;
2024-01-09 15:43:06.638+01:00 [     5] WARNING    - W&#xD;&#xD;
2024-01-09 15:43:06.638+01:00 [     5] WARNING    - W&#xD;&#xD;
2024-01-09 15:43:06.638+01:00 [     5] WARNING    - W&#xD;&#xD;
2024-01-09 15:43:06.638+01:00 [     5] WARNING    - W&#xD;&#xD;
2024-01-09 15:43:06.638+01:00 [     5] WARNING    - W&#xD;&#xD;
2024-01-09 15:43:06.638+01:00 [     5] WARNING    - W&#xD;&#xD;
2024-01-09 15:43:06.638+01:00 [     5] WARNING    - W&#xD;&#xD;
2024-01-09 15:43:06.638+01:00 [     5] WARNING    - W&#xD;&#xD;
2024-01-09 15:43:06.638+01:00 [     5] WARNING    - W&#xD;&#xD;
2024-01-09 15:43:06.638+01:00 [     5] WARNING    - W&#xD;&#xD;
2024-01-09 15:43:06.638+01:00 [     5] WARNING    - W&#xD;&#xD;
2024-01-09 15:43:06.638+01:00 [     5] WARNING    - W&#xD;&#xD;
2024-01-09 15:43:06.638+01:00 [     5] WARNING    - W&#xD;&#xD;
2024-01-09 15:43:06.638+01:00 [     5] WARNING    - W&#xD;&#xD;
2024-01-09 15:43:06.638+01:00 [     5] WARNING    - W&#xD;&#xD;
2024-01-09 15:43:06.638+01:00 [     5] WARNING    - W&#xD;&#xD;
2024-01-09 15:43:06.638+01:00 [     5] WARNING    - W&#xD;&#xD;
2024-01-09 15:43:06.638+01:00 [     5] WARNING    - W&#xD;&#xD;
2024-01-09 15:43:06.638+01:00 [     5] WARNING    - W&#xD;&#xD;
2024-01-09 15:43:06.638+01:00 [     5] WARNING    - W&#xD;&#xD;
2024-01-09 15:43:06.638+01:00 [     5] WARNING    - W&#xD;&#xD;
2024-01-09 15:43:06.638+01:00 [     5] WARNING    - W&#xD;&#xD;
2024-01-09 15:43:06.638+01:00 [     5] WARNING    - W&#xD;&#xD;
2024-01-09 15:43:06.638+01:00 [     5] WARNING    - W&#xD;&#xD;
2024-01-09 15:43:06.638+01:00 [     5] WARNING    - W&#xD;&#xD;
2024-01-09 15:43:06.638+01:00 [     5] WARNING    - W&#xD;&#xD;
2024-01-09 15:43:06.638+01:00 [     5] WARNING    - W&#xD;&#xD;
2024-01-09 15:43:06.638+01:00 [     5] WARNING    - W&#xD;&#xD;
2024-01-09 15:43:06.638+01:00 [     5] WARNING    - W&#xD;&#xD;
2024-01-09 15:43:06.638+01:00 [     5] WARNING    - W&#xD;&#xD;
2024-01-09 15:43:06.638+01:00 [     5] WARNING    - W&#xD;&#xD;
2024-01-09 15:43:06.638+01:00 [     5] WARNING    - W&#xD;&#xD;
2024-01-09 15:43:06.638+01:00 [     5] WARNING    - W&#xD;&#xD;
2024-01-09 15:43:06.638+01:00 [     5] WARNING    - W&#xD;&#xD;
2024-01-09 15:43:06.638+01:00 [     5] WARNING    - W&#xD;&#xD;
2024-01-09 15:43:06.638+01:00 [     5] WARNING    - W&#xD;&#xD;
2024-01-09 15:43:06.638+01:00 [     5] WARNING    - W&#xD;&#xD;
2024-01-09 15:43:06.638+01:00 [     5] WARNING    - W&#xD;&#xD;
2024-01-09 15:43:06.638+01:00 [     5] WARNING    - W&#xD;&#xD;
2024-01-09 15:43:06.638+01:00 [     5] WARNING    - W&#xD;&#xD;
2024-01-09 15:43:06.638+01:00 [     5] WARNING    - W&#xD;&#xD;
2024-01-09 15:43:06.638+01:00 [     5] WARNING    - W&#xD;&#xD;
2024-01-09 15:43:06.638+01:00 [     5] WARNING    - W&#xD;&#xD;
2024-01-09 15:43:06.638+01:00 [     5] WARNING    - W&#xD;&#xD;
2024-01-09 15:43:06.638+01:00 [     5] WARNING    - W&#xD;&#xD;
2024-01-09 15:43:06.638+01:00 [     5] WARNING    - W&#xD;&#xD;
2024-01-09 15:43:06.638+01:00 [     5] WARNING    - W&#xD;&#xD;
2024-01-09 15:43:06.638+01:00 [     5] WARNING    - W&#xD;&#xD;
2024-01-09 15:43:06.638+01:00 [     5] WARNING    - W&#xD;&#xD;
2024-01-09 15:43:06.638+01:00 [     5] WARNING    - W&#xD;&#xD;
2024-01-09 15:43:06.638+01:00 [     5] WARNING    - W&#xD;&#xD;
2024-01-09 15:43:06.638+01:00 [     5] WARNING    - W&#xD;&#xD;
2024-01-09 15:43:06.638+01:00 [     5] WARNING    - W&#xD;&#xD;
2024-01-09 15:43:06.638+01:00 [     5] WARNING    - W&#xD;&#xD;
2024-01-09 15:43:06.638+01:00 [     5] WARNING    - W&#xD;&#xD;
2024-01-09 15:43:06.638+01:00 [     5] WARNING    - W&#xD;&#xD;
2024-01-09 15:43:06.638+01:00 [     5] WARNING    - W&#xD;&#xD;
2024-01-09 15:43:06.638+01:00 [     5] WARNING    - W&#xD;&#xD;
2024-01-09 15:43:06.638+01:00 [     5] WARNING    - W&#xD;&#xD;
2024-01-09 15:43:06.638+01:00 [     5] WARNING    - W&#xD;&#xD;
2024-01-09 15:43:06.638+01:00 [     5] WARNING    - W&#xD;&#xD;
2024-01-09 15:43:06.638+01:00 [     5] WARNING    - W&#xD;&#xD;
2024-01-09 15:43:06.638+01:00 [     5] WARNING    - W&#xD;&#xD;
2024-01-09 15:43:06.638+01:00 [     5] WARNING    - W&#xD;&#xD;
2024-01-09 15:43:06.638+01:00 [     5] WARNING    - W&#xD;&#xD;
2024-01-09 15:43:06.638+01:00 [     5] WARNING    - W&#xD;&#xD;
2024-01-09 15:43:06.638+01:00 [     5] WARNING    - W&#xD;&#xD;
2024-01-09 15:43:06.638+01:00 [     5] WARNING    - W&#xD;&#xD;
2024-01-09 15:43:06.638+01:00 [     5] WARNING    - W&#xD;&#xD;
2024-01-09 15:43:06.638+01:00 [     5] WARNING    - W&#xD;&#xD;
2024-01-09 15:43:06.638+01:00 [     5] WARNING    - W&#xD;&#xD;
2024-01-09 15:43:06.638+01:00 [     5] WARNING    - W&#xD;&#xD;
2024-01-09 15:43:06.638+01:00 [     5] WARNING    - W&#xD;&#xD;
2024-01-09 15:43:06.638+01:00 [     5] WARNING    - W&#xD;&#xD;
2024-01-09 15:43:06.638+01:00 [     5] WARNING    - W&#xD;&#xD;
2024-01-09 15:43:06.638+01:00 [     5] WARNING    - W&#xD;&#xD;
2024-01-09 15:43:06.638+01:00 [     5] WARNING    - W&#xD;&#xD;
2024-01-09 15:43:06.638+01:00 [     5] WARNING    - W&#xD;&#xD;
2024-01-09 15:43:06.638+01:00 [     5] WARNING    - W&#xD;&#xD;
2024-01-09 15:43:06.638+01:00 [     5] WARNING    - W&#xD;&#xD;
2024-01-09 15:43:06.638+01:00 [     5] WARNING    - W&#xD;&#xD;
2024-01-09 15:43:06.638+01:00 [     5] WARNING    - W&#xD;&#xD;
2024-01-09 15:43:06.638+01:00 [     5] WARNING    - W&#xD;&#xD;
2024-01-09 15:43:06.638+01:00 [     5] WARNING    - W&#xD;&#xD;
2024-01-09 15:43:06.638+01:00 [     5] WARNING    - W&#xD;&#xD;
2024-01-09 15:43:06.638+01:00 [     5] WARNING    - W&#xD;&#xD;
2024-01-09 15:43:06.638+01:00 [     5] WARNING    - W&#xD;&#xD;
2024-01-09 15:43:06.638+01:00 [     5] WARNING    - W&#xD;&#xD;
2024-01-09 15:43:06.638+01:00 [     5] WARNING    - W&#xD;&#xD;
2024-01-09 15:43:06.638+01:00 [     5] WARNING    - W&#xD;&#xD;
2024-01-09 15:43:06.638+01:00 [     5] WARNING    - W&#xD;&#xD;
2024-01-09 15:43:06.638+01:00 [     5] WARNING    - W&#xD;&#xD;
2024-01-09 15:43:06.638+01:00 [     5] WARNING    - W&#xD;&#xD;
2024-01-09 15:43:06.638+01:00 [     5] WARNING    - W&#xD;&#xD;
2024-01-09 15:43:06.638+01:00 [     5] WARNING    - W&#xD;&#xD;
2024-01-09 15:43:06.638+01:00 [     5] WARNING    - W&#xD;&#xD;
2024-01-09 15:43:06.638+01:00 [     5] WARNING    - W&#xD;&#xD;
2024-01-09 15:43:06.638+01:00 [     5] WARNING    - W&#xD;&#xD;
2024-01-09 15:43:06.638+01:00 [     5] WARNING    - W&#xD;&#xD;
2024-01-09 15:43:06.638+01:00 [     5] WARNING    - W&#xD;&#xD;
2024-01-09 15:43:06.638+01:00 [     5] WARNING    - W&#xD;&#xD;
2024-01-09 15:43:06.638+01:00 [     5] WARNING    - W&#xD;&#xD;
2024-01-09 15:43:06.638+01:00 [     5] WARNING    - W&#xD;&#xD;
2024-01-09 15:43:06.638+01:00 [     5] WARNING    - W&#xD;&#xD;
2024-01-09 15:43:06.638+01:00 [     5] WARNING    - W&#xD;&#xD;
2024-01-09 15:43:06.638+01:00 [     5] WARNING    - W&#xD;&#xD;
2024-01-09 15:43:06.638+01:00 [     5] WARNING    - W&#xD;&#xD;
2024-01-09 15:43:06.638+01:00 [     5] WARNING    - W&#xD;&#xD;
2024-01-09 15:43:06.638+01:00 [     5] WARNING    - W&#xD;&#xD;
2024-01-09 15:43:06.638+01:00 [     5] WARNING    - W&#xD;&#xD;
2024-01-09 15:43:06.638+01:00 [     5] WARNING    - W&#xD;&#xD;
2024-01-09 15:43:06.638+01:00 [     5] WARNING    - W&#xD;&#xD;
2024-01-09 15:43:06.638+01:00 [     5] WARNING    - W&#xD;&#xD;
2024-01-09 15:43:06.638+01:00 [     5] WARNING    - W&#xD;&#xD;
2024-01-09 15:43:06.638+01:00 [     5] WARNING    - W&#xD;&#xD;
2024-01-09 15:43:06.638+01:00 [     5] WARNING    - W&#xD;&#xD;
2024-01-09 15:43:06.638+01:00 [     5] WARNING    - W&#xD;&#xD;
2024-01-09 15:43:06.638+01:00 [     5] WARNING    - W&#xD;&#xD;
2024-01-09 15:43:06.638+01:00 [     5] WARNING    - W&#xD;&#xD;
2024-01-09 15:43:06.638+01:00 [     5] WARNING    - W&#xD;&#xD;
2024-01-09 15:43:06.638+01:00 [     5] WARNING    - W&#xD;&#xD;
2024-01-09 15:43:06.638+01:00 [     5] WARNING    - W&#xD;&#xD;
2024-01-09 15:43:06.638+01:00 [     5] WARNING    - W&#xD;&#xD;
2024-01-09 15:43:06.638+01:00 [     5] WARNING    - W&#xD;&#xD;
2024-01-09 15:43:06.638+01:00 [     5] WARNING    - W&#xD;&#xD;
2024-01-09 15:43:06.638+01:00 [     5] WARNING    - W&#xD;&#xD;
2024-01-09 15:43:06.638+01:00 [     5] WARNING    - W&#xD;&#xD;
2024-01-09 15:43:06.638+01:00 [     5] WARNING    - W&#xD;&#xD;
2024-01-09 15:43:06.638+01:00 [     5] WARNING    - W&#xD;&#xD;
2024-01-09 15:43:06.638+01:00 [     5] WARNING    - W&#xD;&#xD;
2024-01-09 15:43:06.638+01:00 [     5] WARNING    - W&#xD;&#xD;
2024-01-09 15:43:06.638+01:00 [     5] WARNING    - W&#xD;&#xD;
2024-01-09 15:43:06.638+01:00 [     5] WARNING    - W&#xD;&#xD;
2024-01-09 15:43:06.638+01:00 [     5] WARNING    - W&#xD;&#xD;
2024-01-09 15:43:06.638+01:00 [     5] WARNING    - W&#xD;&#xD;
2024-01-09 15:43:06.638+01:00 [     5] WARNING    - W&#xD;&#xD;
2024-01-09 15:43:06.638+01:00 [     5] WARNING    - W&#xD;&#xD;
2024-01-09 15:43:06.638+01:00 [     5] WARNING    - W&#xD;&#xD;
2024-01-09 15:43:06.638+01:00 [     5] WARNING    - W&#xD;&#xD;
2024-01-09 15:43:06.638+01:00 [     5] WARNING    - W&#xD;&#xD;
2024-01-09 15:43:06.638+01:00 [     5] WARNING    - W&#xD;&#xD;
2024-01-09 15:43:06.638+01:00 [     5] WARNING    - W&#xD;&#xD;
2024-01-09 15:43:06.638+01:00 [     5] WARNING    - W&#xD;&#xD;
2024-01-09 15:43:06.638+01:00 [     5] WARNING    - W&#xD;&#xD;
2024-01-09 15:43:06.638+01:00 [     5] WARNING    - W&#xD;&#xD;
2024-01-09 15:43:06.638+01:00 [     5] WARNING    - W&#xD;&#xD;
2024-01-09 15:43:06.638+01:00 [     5] WARNING    - W&#xD;&#xD;
2024-01-09 15:43:06.638+01:00 [     5] WARNING    - W&#xD;&#xD;
2024-01-09 15:43:06.638+01:00 [     5] WARNING    - W&#xD;&#xD;
2024-01-09 15:43:06.638+01:00 [     5] WARNING    - W&#xD;&#xD;
2024-01-09 15:43:06.638+01:00 [     5] WARNING    - W&#xD;&#xD;
2024-01-09 15:43:06.638+01:00 [     5] WARNING    - W&#xD;&#xD;
2024-01-09 15:43:06.638+01:00 [     5] WARNING    - W&#xD;&#xD;
2024-01-09 15:43:06.638+01:00 [     5] WARNING    - W&#xD;&#xD;
2024-01-09 15:43:06.638+01:00 [     5] WARNING    - W&#xD;&#xD;
2024-01-09 15:43:06.638+01:00 [     5] WARNING    - W&#xD;&#xD;
2024-01-09 15:43:06.638+01:00 [     5] WARNING    - W&#xD;&#xD;
2024-01-09 15:43:06.638+01:00 [     5] WARNING    - W&#xD;&#xD;
2024-01-09 15:43:06.638+01:00 [     5] WARNING    - W&#xD;&#xD;
2024-01-09 15:43:06.638+01:00 [     5] WARNING    - W&#xD;&#xD;
2024-01-09 15:43:06.638+01:00 [     5] WARNING    - W&#xD;&#xD;
2024-01-09 15:43:06.638+01:00 [     5] WARNING    - W&#xD;&#xD;
2024-01-09 15:43:06.638+01:00 [     5] WARNING    - W&#xD;&#xD;
2024-01-09 15:43:06.638+01:00 [     5] WARNING    - W&#xD;&#xD;
2024-01-09 15:43:06.638+01:00 [     5] WARNING    - W&#xD;&#xD;
2024-01-09 15:43:06.638+01:00 [     5] WARNING    - W&#xD;&#xD;
2024-01-09 15:43:06.638+01:00 [     5] WARNING    - W&#xD;&#xD;
2024-01-09 15:43:06.638+01:00 [     5] WARNING    - W&#xD;&#xD;
2024-01-09 15:43:06.638+01:00 [     5] WARNING    - W&#xD;&#xD;
2024-01-09 15:43:06.638+01:00 [     5] WARNING    - W&#xD;&#xD;
2024-01-09 15:43:06.638+01:00 [     5] WARNING    - W&#xD;&#xD;
2024-01-09 15:43:06.638+01:00 [     5] WARNING    - W&#xD;&#xD;
2024-01-09 15:43:06.638+01:00 [     5] WARNING    - W&#xD;&#xD;
2024-01-09 15:43:06.638+01:00 [     5] WARNING    - W&#xD;&#xD;
2024-01-09 15:43:06.638+01:00 [     5] WARNING    - W&#xD;&#xD;
2024-01-09 15:43:06.638+01:00 [     5] WARNING    - W&#xD;&#xD;
2024-01-09 15:43:06.638+01:00 [     5] WARNING    - W&#xD;&#xD;
2024-01-09 15:43:06.638+01:00 [     5] WARNING    - W&#xD;&#xD;
2024-01-09 15:43:06.638+01:00 [     5] WARNING    - W&#xD;&#xD;
2024-01-09 15:43:06.638+01:00 [     5] WARNING    - W&#xD;&#xD;
2024-01-09 15:43:06.638+01:00 [     5] WARNING    - W&#xD;&#xD;
2024-01-09 15:43:06.638+01:00 [     5] WARNING    - W&#xD;&#xD;
2024-01-09 15:43:06.638+01:00 [     5] WARNING    - W&#xD;&#xD;
2024-01-09 15:43:06.638+01:00 [     5] WARNING    - W&#xD;&#xD;
2024-01-09 15:43:06.638+01:00 [     5] WARNING    - W&#xD;&#xD;
2024-01-09 15:43:06.638+01:00 [     5] WARNING    - W&#xD;&#xD;
2024-01-09 15:43:06.638+01:00 [     5] WARNING    - W&#xD;&#xD;
2024-01-09 15:43:06.638+01:00 [     5] WARNING    - W&#xD;&#xD;
2024-01-09 15:43:06.638+01:00 [     5] WARNING    - W&#xD;&#xD;
2024-01-09 15:43:06.638+01:00 [     5] WARNING    - W&#xD;&#xD;
2024-01-09 15:43:06.638+01:00 [     5] WARNING    - W&#xD;&#xD;
2024-01-09 15:43:06.638+01:00 [     5] WARNING    - W&#xD;&#xD;
2024-01-09 15:43:06.638+01:00 [     5] WARNING    - W&#xD;&#xD;
2024-01-09 15:43:06.638+01:00 [     5] WARNING    - W&#xD;&#xD;
2024-01-09 15:43:06.638+01:00 [     5] WARNING    - W&#xD;&#xD;
2024-01-09 15:43:06.638+01:00 [     5] WARNING    - W&#xD;&#xD;
2024-01-09 15:43:06.638+01:00 [     5] WARNING    - W&#xD;&#xD;
2024-01-09 15:43:06.638+01:00 [     5] WARNING    - W&#xD;&#xD;
2024-01-09 15:43:06.638+01:00 [     5] WARNING    - W&#xD;&#xD;
2024-01-09 15:43:06.638+01:00 [     5] WARNING    - W&#xD;&#xD;
2024-01-09 15:43:06.638+01:00 [     5] WARNING    - W&#xD;&#xD;
2024-01-09 15:43:06.638+01:00 [     5] WARNING    - W&#xD;&#xD;
2024-01-09 15:43:06.638+01:00 [     5] WARNING    - W&#xD;&#xD;
2024-01-09 15:43:06.638+01:00 [     5] WARNING    - W&#xD;&#xD;
2024-01-09 15:43:06.638+01:00 [     5] WARNING    - W&#xD;&#xD;
2024-01-09 15:43:06.638+01:00 [     5] WARNING    - W&#xD;&#xD;
2024-01-09 15:43:06.638+01:00 [     5] WARNING    - W&#xD;&#xD;
2024-01-09 15:43:06.638+01:00 [     5] WARNING    - W&#xD;&#xD;
2024-01-09 15:43:06.638+01:00 [     5] WARNING    - W&#xD;&#xD;
2024-01-09 15:43:06.638+01:00 [     5] WARNING    - W&#xD;&#xD;
2024-01-09 15:43:06.638+01:00 [     5] WARNING    - W&#xD;&#xD;
2024-01-09 15:43:06.638+01:00 [     5] WARNING    - W&#xD;&#xD;
2024-01-09 15:43:06.638+01:00 [     5] WARNING    - W&#xD;&#xD;
2024-01-09 15:43:06.638+01:00 [     5] WARNING    - W&#xD;&#xD;
2024-01-09 15:43:06.638+01:00 [     5] WARNING    - W&#xD;&#xD;
2024-01-09 15:43:06.638+01:00 [     5] WARNING    - W&#xD;&#xD;
2024-01-09 15:43:06.638+01:00 [     5] WARNING    - W&#xD;&#xD;
2024-01-09 15:43:06.638+01:00 [     5] WARNING    - W&#xD;&#xD;
2024-01-09 15:43:06.638+01:00 [     5] WARNING    - W&#xD;&#xD;
2024-01-09 15:43:06.638+01:00 [     5] WARNING    - W&#xD;&#xD;
2024-01-09 15:43:06.638+01:00 [     5] WARNING    - W&#xD;&#xD;
2024-01-09 15:43:06.638+01:00 [     5] WARNING    - W&#xD;&#xD;
2024-01-09 15:43:06.638+01:00 [     5] WARNING    - W&#xD;&#xD;
2024-01-09 15:43:06.638+01:00 [     5] WARNING    - W&#xD;&#xD;
2024-01-09 15:43:06.638+01:00 [     5] WARNING    - W&#xD;&#xD;
2024-01-09 15:43:06.638+01:00 [     5] WARNING    - W&#xD;&#xD;
2024-01-09 15:43:06.638+01:00 [     5] WARNING    - W&#xD;&#xD;
2024-01-09 15:43:06.638+01:00 [     5] WARNING    - W&#xD;&#xD;
2024-01-09 15:43:06.638+01:00 [     5] WARNING    - W&#xD;&#xD;
2024-01-09 15:43:06.638+01:00 [     5] WARNING    - W&#xD;&#xD;
2024-01-09 15:43:06.638+01:00 [     5] WARNING    - W&#xD;&#xD;
2024-01-09 15:43:06.638+01:00 [     5] WARNING    - W&#xD;&#xD;
2024-01-09 15:43:06.638+01:00 [     5] WARNING    - W&#xD;&#xD;
2024-01-09 15:43:06.638+01:00 [     5] WARNING    - W&#xD;&#xD;
2024-01-09 15:43:06.638+01:00 [     5] WARNING    - W&#xD;&#xD;
2024-01-09 15:43:06.638+01:00 [     5] WARNING    - W&#xD;&#xD;
2024-01-09 15:43:06.638+01:00 [     5] WARNING    - W&#xD;&#xD;
2024-01-09 15:43:06.638+01:00 [     5] WARNING    - W&#xD;&#xD;
2024-01-09 15:43:06.638+01:00 [     5] WARNING    - W&#xD;&#xD;
2024-01-09 15:43:06.638+01:00 [     5] WARNING    - W&#xD;&#xD;
2024-01-09 15:43:06.638+01:00 [     5] WARNING    - W&#xD;&#xD;
2024-01-09 15:43:06.638+01:00 [     5] WARNING    - W&#xD;&#xD;
2024-01-09 15:43:06.638+01:00 [     5] WARNING    - W&#xD;&#xD;
2024-01-09 15:43:06.638+01:00 [     5] WARNING    - W&#xD;&#xD;
2024-01-09 15:43:06.638+01:00 [     5] WARNING    - W&#xD;&#xD;
2024-01-09 15:43:06.638+01:00 [     5] WARNING    - W&#xD;&#xD;
2024-01-09 15:43:06.638+01:00 [     5] WARNING    - W&#xD;&#xD;
2024-01-09 15:43:06.638+01:00 [     5] WARNING    - W&#xD;&#xD;
2024-01-09 15:43:06.638+01:00 [     5] WARNING    - W&#xD;&#xD;
2024-01-09 15:43:06.638+01:00 [     5] WARNING    - W&#xD;&#xD;
2024-01-09 15:43:06.638+01:00 [     5] WARNING    - W&#xD;&#xD;
2024-01-09 15:43:06.638+01:00 [     5] WARNING    - W&#xD;&#xD;
2024-01-09 15:43:06.638+01:00 [     5] WARNING    - W&#xD;&#xD;
2024-01-09 15:43:06.638+01:00 [     5] WARNING    - W&#xD;&#xD;
2024-01-09 15:43:06.638+01:00 [     5] WARNING    - W&#xD;&#xD;
2024-01-09 15:43:06.638+01:00 [     5] WARNING    - W&#xD;&#xD;
2024-01-09 15:43:06.638+01:00 [     5] WARNING    - W&#xD;&#xD;
2024-01-09 15:43:06.638+01:00 [     5] WARNING    - W&#xD;&#xD;
2024-01-09 15:43:06.638+01:00 [     5] WARNING    - W&#xD;&#xD;
2024-01-09 15:43:06.638+01:00 [     5] WARNING    - W&#xD;&#xD;
2024-01-09 15:43:06.638+01:00 [     5] WARNING    - W&#xD;&#xD;
2024-01-09 15:43:06.638+01:00 [     5] WARNING    - W&#xD;&#xD;
2024-01-09 15:43:06.638+01:00 [     5] WARNING    - W&#xD;&#xD;
2024-01-09 15:43:06.638+01:00 [     5] WARNING    - W&#xD;&#xD;
2024-01-09 15:43:06.638+01:00 [     5] WARNING    - W&#xD;&#xD;
2024-01-09 15:43:06.638+01:00 [     5] WARNING    - W&#xD;&#xD;
2024-01-09 15:43:06.638+01:00 [     5] WARNING    - Thread Done!</StdOut>
      </Output>
    </UnitTestResult>
    <UnitTestResult executionId="9cb1ca2c-87db-452c-bb28-de50e56ac9b7" testId="4d0e6ccb-b8ae-ea93-2cb9-dd7bb56ee216" testName="Close_WhenNotInitialized_Refuse" computerName="DKSR-EFI-06" duration="00:00:00.0003275" startTime="2024-01-09T15:41:30.4663225+01:00" endTime="2024-01-09T15:41:30.4663225+01:00" testType="13cdc9d9-ddb5-4fa4-a97d-d965ccfc6d4b" outcome="Passed" testListId="8c84fa94-04c1-424b-9868-57a2d4851a1d" relativeResultsDirectory="9cb1ca2c-87db-452c-bb28-de50e56ac9b7" />
    <UnitTestResult executionId="a563b264-b1b4-44fb-9973-4967009133c8" testId="552a5c00-90d7-2914-85c7-10a59905e17b" testName="FormatByteSizeStringExactTest10" computerName="DKSR-EFI-06" duration="00:00:00.0001685" startTime="2024-01-09T15:41:30.3569469+01:00" endTime="2024-01-09T15:41:30.3569469+01:00" testType="13cdc9d9-ddb5-4fa4-a97d-d965ccfc6d4b" outcome="Passed" testListId="8c84fa94-04c1-424b-9868-57a2d4851a1d" relativeResultsDirectory="a563b264-b1b4-44fb-9973-4967009133c8" />
    <UnitTestResult executionId="fe558e5e-7881-413e-b6a9-0a4bf5698994" testId="9a282f7e-f649-65f1-029a-2b971c1a798c" testName="ExecuteNonQueryAsyncDefaultCancellationToken" computerName="DKSR-EFI-06" duration="00:00:00.0347158" startTime="2024-01-09T15:43:09.1072271+01:00" endTime="2024-01-09T15:43:09.1541001+01:00" testType="13cdc9d9-ddb5-4fa4-a97d-d965ccfc6d4b" outcome="Passed" testListId="8c84fa94-04c1-424b-9868-57a2d4851a1d" relativeResultsDirectory="fe558e5e-7881-413e-b6a9-0a4bf5698994" />
    <UnitTestResult executionId="a4c1af39-872c-48d0-97e8-8f17f054d8d7" testId="1ae19ee1-9782-dc80-b0d1-ac9211391811" testName="DecryptAfterEncrypt_ReturnsSameData_OnSameInstance" computerName="DKSR-EFI-06" duration="00:00:00.0985544" startTime="2024-01-09T15:43:56.4198370+01:00" endTime="2024-01-09T15:43:56.5292126+01:00" testType="13cdc9d9-ddb5-4fa4-a97d-d965ccfc6d4b" outcome="Passed" testListId="8c84fa94-04c1-424b-9868-57a2d4851a1d" relativeResultsDirectory="a4c1af39-872c-48d0-97e8-8f17f054d8d7" />
    <UnitTestResult executionId="8677e07b-cccc-4fa2-b39a-59d383d3eb6f" testId="101dcc33-d8d6-50e8-c5f2-d4b11695329f" testName="Write_ShouldNotWriteEmptyBytes_WhenPasswordIsNotEmptyString" computerName="DKSR-EFI-06" duration="00:00:00.0014124" startTime="2024-01-09T15:42:37.3571286+01:00" endTime="2024-01-09T15:42:37.3571286+01:00" testType="13cdc9d9-ddb5-4fa4-a97d-d965ccfc6d4b" outcome="Passed" testListId="8c84fa94-04c1-424b-9868-57a2d4851a1d" relativeResultsDirectory="8677e07b-cccc-4fa2-b39a-59d383d3eb6f" />
    <UnitTestResult executionId="1f709313-88e6-450c-8f9b-a138da8aa65a" testId="65c2ea5b-763c-d0bd-7381-b24c3eb812aa" testName="Initialize_DblInitialize_HelpManagerAlreadyInitializedException" computerName="DKSR-EFI-06" duration="00:00:00.0013840" startTime="2024-01-09T15:42:37.5758809+01:00" endTime="2024-01-09T15:42:37.5915051+01:00" testType="13cdc9d9-ddb5-4fa4-a97d-d965ccfc6d4b" outcome="Passed" testListId="8c84fa94-04c1-424b-9868-57a2d4851a1d" relativeResultsDirectory="1f709313-88e6-450c-8f9b-a138da8aa65a" />
    <UnitTestResult executionId="b3d918a6-ac63-41ce-aeb5-b6a15919e24c" testId="aebc7b24-a53e-b12c-f50e-a352c1f0fd02" testName="Constructor_InitializationCalledTest" computerName="DKSR-EFI-06" duration="00:00:00.0715881" startTime="2024-01-09T15:41:30.7319509+01:00" endTime="2024-01-09T15:41:30.8100765+01:00" testType="13cdc9d9-ddb5-4fa4-a97d-d965ccfc6d4b" outcome="Passed" testListId="8c84fa94-04c1-424b-9868-57a2d4851a1d" relativeResultsDirectory="b3d918a6-ac63-41ce-aeb5-b6a15919e24c" />
    <UnitTestResult executionId="5a506c37-64cb-452e-a1ce-55bb37b4a8b4" testId="a40b1912-becf-686c-2a4b-92647ed0b367" testName="EnforceSslConfiguration_Parameter_NullTest" computerName="DKSR-EFI-06" duration="00:00:00.0021657" startTime="2024-01-09T15:41:30.9507022+01:00" endTime="2024-01-09T15:41:30.9507022+01:00" testType="13cdc9d9-ddb5-4fa4-a97d-d965ccfc6d4b" outcome="Passed" testListId="8c84fa94-04c1-424b-9868-57a2d4851a1d" relativeResultsDirectory="5a506c37-64cb-452e-a1ce-55bb37b4a8b4" />
    <UnitTestResult executionId="7514e39b-b920-4cd1-8f7b-477ebb7afbf1" testId="fda94701-b4a5-79c1-309e-46f5c211feb1" testName="KilledConnectionFailsWithoutRetry" computerName="DKSR-EFI-06" duration="00:00:00.0652720" startTime="2024-01-09T15:43:14.8884881+01:00" endTime="2024-01-09T15:43:14.9666149+01:00" testType="13cdc9d9-ddb5-4fa4-a97d-d965ccfc6d4b" outcome="Passed" testListId="8c84fa94-04c1-424b-9868-57a2d4851a1d" relativeResultsDirectory="7514e39b-b920-4cd1-8f7b-477ebb7afbf1" />
    <UnitTestResult executionId="c2ce8655-f677-45a1-aa20-438d9450923d" testId="1d83290f-e3ba-c1a3-2d15-65b4e9354ab0" testName="ExecuteScalarInt" computerName="DKSR-EFI-06" duration="00:00:00.0042677" startTime="2024-01-09T15:43:08.4353469+01:00" endTime="2024-01-09T15:43:08.4509724+01:00" testType="13cdc9d9-ddb5-4fa4-a97d-d965ccfc6d4b" outcome="Passed" testListId="8c84fa94-04c1-424b-9868-57a2d4851a1d" relativeResultsDirectory="c2ce8655-f677-45a1-aa20-438d9450923d" />
    <UnitTestResult executionId="8727c185-3649-4470-ad05-cde47ac47e9b" testId="a6afa94e-bac9-735b-0f52-af1a436a2457" testName="CompositeDebugLevel" computerName="DKSR-EFI-06" duration="00:00:00.0034128" startTime="2024-01-09T15:43:06.2790852+01:00" endTime="2024-01-09T15:43:06.2790852+01:00" testType="13cdc9d9-ddb5-4fa4-a97d-d965ccfc6d4b" outcome="Passed" testListId="8c84fa94-04c1-424b-9868-57a2d4851a1d" relativeResultsDirectory="8727c185-3649-4470-ad05-cde47ac47e9b" />
    <UnitTestResult executionId="f424d804-e38a-42c0-b0cb-570abfe6f655" testId="5173a017-06c1-2048-f8d5-2b43e18f16bb" testName="Get_Parameters_ColumnIsNullAndNullAllowed_Success" computerName="DKSR-EFI-06" duration="00:00:00.0172737" startTime="2024-01-09T15:43:08.2634700+01:00" endTime="2024-01-09T15:43:08.2790980+01:00" testType="13cdc9d9-ddb5-4fa4-a97d-d965ccfc6d4b" outcome="Passed" testListId="8c84fa94-04c1-424b-9868-57a2d4851a1d" relativeResultsDirectory="f424d804-e38a-42c0-b0cb-570abfe6f655" />
    <UnitTestResult executionId="bad26871-5ba8-4b27-8591-a1b87a2c428c" testId="5e3832c7-abea-16d1-6aa8-af2a53c4b602" testName="FormatByteSizeStringTest14" computerName="DKSR-EFI-06" duration="00:00:00.0002661" startTime="2024-01-09T15:41:30.2319495+01:00" endTime="2024-01-09T15:41:30.2319495+01:00" testType="13cdc9d9-ddb5-4fa4-a97d-d965ccfc6d4b" outcome="Passed" testListId="8c84fa94-04c1-424b-9868-57a2d4851a1d" relativeResultsDirectory="bad26871-5ba8-4b27-8591-a1b87a2c428c" />
    <UnitTestResult executionId="12cbd20f-044b-49aa-bae4-cd99b31d3e8d" testId="1f84f103-72d5-a9f7-0d4c-3d44d2310bb9" testName="FormatByteSizeStringExactULTest7" computerName="DKSR-EFI-06" duration="00:00:00.0002033" startTime="2024-01-09T15:41:30.3413257+01:00" endTime="2024-01-09T15:41:30.3413257+01:00" testType="13cdc9d9-ddb5-4fa4-a97d-d965ccfc6d4b" outcome="Passed" testListId="8c84fa94-04c1-424b-9868-57a2d4851a1d" relativeResultsDirectory="12cbd20f-044b-49aa-bae4-cd99b31d3e8d" />
    <UnitTestResult executionId="3869d427-c726-4da2-b091-022daae69947" testId="11fb3fad-2351-7080-3049-42238d7f70fd" testName="HasKey_ReturnsTrue_WhenKeyIsPresentInTheDatabase" computerName="DKSR-EFI-06" duration="00:00:18.8483086" startTime="2024-01-09T15:42:06.8258092+01:00" endTime="2024-01-09T15:42:25.6852162+01:00" testType="13cdc9d9-ddb5-4fa4-a97d-d965ccfc6d4b" outcome="Passed" testListId="8c84fa94-04c1-424b-9868-57a2d4851a1d" relativeResultsDirectory="3869d427-c726-4da2-b091-022daae69947" />
    <UnitTestResult executionId="66dd5fe6-70d8-4799-9af1-f6f7f4e3079f" testId="0a6d0473-2289-1d30-fa4b-94d229aa7a8b" testName="SignAndVerifyWithPrivateKeyDSA" computerName="DKSR-EFI-06" duration="00:00:00.0682994" startTime="2024-01-09T15:43:57.1854659+01:00" endTime="2024-01-09T15:43:57.2636072+01:00" testType="13cdc9d9-ddb5-4fa4-a97d-d965ccfc6d4b" outcome="Passed" testListId="8c84fa94-04c1-424b-9868-57a2d4851a1d" relativeResultsDirectory="66dd5fe6-70d8-4799-9af1-f6f7f4e3079f" />
    <UnitTestResult executionId="d1854453-7592-4ef2-af6c-6ad8a631b61a" testId="d0430f0e-538a-eefc-4b97-23107c00db2e" testName="PasswordTooShort" computerName="DKSR-EFI-06" duration="00:00:00.0283546" startTime="2024-01-09T15:41:29.5913166+01:00" endTime="2024-01-09T15:41:30.0131984+01:00" testType="13cdc9d9-ddb5-4fa4-a97d-d965ccfc6d4b" outcome="Passed" testListId="8c84fa94-04c1-424b-9868-57a2d4851a1d" relativeResultsDirectory="d1854453-7592-4ef2-af6c-6ad8a631b61a" />
    <UnitTestResult executionId="24768214-401a-4c5a-87af-e0fc1e39cbd9" testId="136e6029-6bf2-f97b-ac3f-ba8be5f1b505" testName="HashingUtilities_CreateHashString_ArgumentException_NotHex" computerName="DKSR-EFI-06" duration="00:00:00.0007810" startTime="2024-01-09T15:43:55.2323311+01:00" endTime="2024-01-09T15:43:55.2323311+01:00" testType="13cdc9d9-ddb5-4fa4-a97d-d965ccfc6d4b" outcome="Passed" testListId="8c84fa94-04c1-424b-9868-57a2d4851a1d" relativeResultsDirectory="24768214-401a-4c5a-87af-e0fc1e39cbd9" />
    <UnitTestResult executionId="5a106835-c458-4d4d-ae1b-924727d672ac" testId="4e3f0180-82b2-6414-7968-97eee117cb14" testName="ExecuteNonQueryTest" computerName="DKSR-EFI-06" duration="00:00:00.0055528" startTime="2024-01-09T15:43:08.1228444+01:00" endTime="2024-01-09T15:43:08.1228444+01:00" testType="13cdc9d9-ddb5-4fa4-a97d-d965ccfc6d4b" outcome="Passed" testListId="8c84fa94-04c1-424b-9868-57a2d4851a1d" relativeResultsDirectory="5a106835-c458-4d4d-ae1b-924727d672ac" />
    <UnitTestResult executionId="b7eb0104-d5d4-412f-abbb-7ddbd85ebfe8" testId="84efefe4-2f76-ff05-86d1-84d6784b3574" testName="CreateIPBoundWeakWildcard_IPv4_InvalidPort" computerName="DKSR-EFI-06" duration="00:00:00.0006204" startTime="2024-01-09T15:41:30.6850758+01:00" endTime="2024-01-09T15:41:30.6850758+01:00" testType="13cdc9d9-ddb5-4fa4-a97d-d965ccfc6d4b" outcome="Passed" testListId="8c84fa94-04c1-424b-9868-57a2d4851a1d" relativeResultsDirectory="b7eb0104-d5d4-412f-abbb-7ddbd85ebfe8" />
    <UnitTestResult executionId="4f0864d6-9313-44a9-bdba-e054cce0649a" testId="c9115134-3a66-60ac-719d-00bd512badb4" testName="CreateExplicit_StrongWildcardHost" computerName="DKSR-EFI-06" duration="00:00:00.0006393" startTime="2024-01-09T15:41:30.7319509+01:00" endTime="2024-01-09T15:41:30.7319509+01:00" testType="13cdc9d9-ddb5-4fa4-a97d-d965ccfc6d4b" outcome="Passed" testListId="8c84fa94-04c1-424b-9868-57a2d4851a1d" relativeResultsDirectory="4f0864d6-9313-44a9-bdba-e054cce0649a" />
    <UnitTestResult executionId="d0ae505d-76c3-4859-a02f-19e1c3c330dd" testId="a0962efd-6872-4f01-46ab-3c59d3295f77" testName="FormatByteSizeStringExactTest11" computerName="DKSR-EFI-06" duration="00:00:00.0002402" startTime="2024-01-09T15:41:30.3569469+01:00" endTime="2024-01-09T15:41:30.3569469+01:00" testType="13cdc9d9-ddb5-4fa4-a97d-d965ccfc6d4b" outcome="Passed" testListId="8c84fa94-04c1-424b-9868-57a2d4851a1d" relativeResultsDirectory="d0ae505d-76c3-4859-a02f-19e1c3c330dd" />
    <UnitTestResult executionId="d96ad6a0-32b4-46dd-bca8-728b5ddf570c" testId="4dbfc251-cd7c-e66a-ee68-c214068d0440" testName="Given_FeaturesAreAvailable_When_EnsureFeaturesAreInstalled_WithFeaturesThatReporetsbeingRemoved_Then_MethodReturnsTheRemovedFeature" computerName="DKSR-EFI-06" duration="00:00:00.0177847" startTime="2024-01-09T15:42:38.1227568+01:00" endTime="2024-01-09T15:42:38.1383825+01:00" testType="13cdc9d9-ddb5-4fa4-a97d-d965ccfc6d4b" outcome="Passed" testListId="8c84fa94-04c1-424b-9868-57a2d4851a1d" relativeResultsDirectory="d96ad6a0-32b4-46dd-bca8-728b5ddf570c" />
    <UnitTestResult executionId="b71a8ccd-9fe6-46fd-ba0b-6de73a54e1c4" testId="b5d362df-a389-42fa-9e5b-f44d2b7d39a0" testName="GenerateKey_LenghtIsValid" computerName="DKSR-EFI-06" duration="00:00:00.0005963" startTime="2024-01-09T15:43:55.3260839+01:00" endTime="2024-01-09T15:43:55.3260839+01:00" testType="13cdc9d9-ddb5-4fa4-a97d-d965ccfc6d4b" outcome="Passed" testListId="8c84fa94-04c1-424b-9868-57a2d4851a1d" relativeResultsDirectory="b71a8ccd-9fe6-46fd-ba0b-6de73a54e1c4" />
    <UnitTestResult executionId="11c9d0a7-ec8e-4307-b2bd-81bcdcfc1deb" testId="4ffad336-8474-5bea-4ff6-f37a84491ec4" testName="CreateLicenseRequest_Throws_WhenSitePublicKeyIsEmpty" computerName="DKSR-EFI-06" duration="00:00:00.1119602" startTime="2024-01-09T15:41:33.3257197+01:00" endTime="2024-01-09T15:41:33.4350951+01:00" testType="13cdc9d9-ddb5-4fa4-a97d-d965ccfc6d4b" outcome="Passed" testListId="8c84fa94-04c1-424b-9868-57a2d4851a1d" relativeResultsDirectory="11c9d0a7-ec8e-4307-b2bd-81bcdcfc1deb" />
    <UnitTestResult executionId="34cca033-1b04-4b34-b0ae-d8e11eff04dc" testId="63c8c556-dbc7-a549-55de-ddcdddf19634" testName="EncryptWithPublicKey_DecryptWithPrivateKey" computerName="DKSR-EFI-06" duration="00:00:00.1372543" startTime="2024-01-09T15:43:56.6229661+01:00" endTime="2024-01-09T15:43:56.7635895+01:00" testType="13cdc9d9-ddb5-4fa4-a97d-d965ccfc6d4b" outcome="Passed" testListId="8c84fa94-04c1-424b-9868-57a2d4851a1d" relativeResultsDirectory="34cca033-1b04-4b34-b0ae-d8e11eff04dc" />
    <UnitTestResult executionId="8daa8dce-a4b8-45f1-9f12-09c3811b5f3d" testId="e68e32b3-c415-6e9e-ccdd-8a130a00ba3d" testName="Arguments_ValidArguments_Success" computerName="DKSR-EFI-06" duration="00:00:00.0159375" startTime="2024-01-09T15:43:57.3885901+01:00" endTime="2024-01-09T15:43:57.4042650+01:00" testType="13cdc9d9-ddb5-4fa4-a97d-d965ccfc6d4b" outcome="Passed" testListId="8c84fa94-04c1-424b-9868-57a2d4851a1d" relativeResultsDirectory="8daa8dce-a4b8-45f1-9f12-09c3811b5f3d" />
    <UnitTestResult executionId="aae9fdce-f267-4cdd-9bc0-b831f6c03e03" testId="1130b0a6-11ce-bcba-8475-9a827b5e62e1" testName="SignAndVerifyWithPrivateKeyRSA" computerName="DKSR-EFI-06" duration="00:00:00.0260029" startTime="2024-01-09T15:43:57.1542136+01:00" endTime="2024-01-09T15:43:57.1854659+01:00" testType="13cdc9d9-ddb5-4fa4-a97d-d965ccfc6d4b" outcome="Passed" testListId="8c84fa94-04c1-424b-9868-57a2d4851a1d" relativeResultsDirectory="aae9fdce-f267-4cdd-9bc0-b831f6c03e03" />
    <UnitTestResult executionId="be49f01a-4fc8-4fab-aa3a-3e52c766d751" testId="63e562ae-5691-7735-0766-c0813c6dda7c" testName="Construction_InvalidNullPadding_ThrowsArgumentNullException" computerName="DKSR-EFI-06" duration="00:00:00.0007235" startTime="2024-01-09T15:43:56.0135855+01:00" endTime="2024-01-09T15:43:56.0135855+01:00" testType="13cdc9d9-ddb5-4fa4-a97d-d965ccfc6d4b" outcome="Passed" testListId="8c84fa94-04c1-424b-9868-57a2d4851a1d" relativeResultsDirectory="be49f01a-4fc8-4fab-aa3a-3e52c766d751" />
    <UnitTestResult executionId="bbfc1476-c722-4fca-b8e9-f580e363bb6b" testId="d0f4ce70-1398-984e-fbab-b31f8b0772af" testName="PrettifyInlineXmlStringTest2" computerName="DKSR-EFI-06" duration="00:00:00.0074325" startTime="2024-01-09T15:41:30.3881985+01:00" endTime="2024-01-09T15:41:30.4038229+01:00" testType="13cdc9d9-ddb5-4fa4-a97d-d965ccfc6d4b" outcome="Passed" testListId="8c84fa94-04c1-424b-9868-57a2d4851a1d" relativeResultsDirectory="bbfc1476-c722-4fca-b8e9-f580e363bb6b" />
    <UnitTestResult executionId="bdc21546-adb5-4c7f-9611-e1e3d0498644" testId="93ba48d0-5204-783e-22e2-0e86f00c3f43" testName="CanDisposeConnectionMultipleTimes_Success" computerName="DKSR-EFI-06" duration="00:00:00.0001395" startTime="2024-01-09T15:43:12.5447325+01:00" endTime="2024-01-09T15:43:12.5447325+01:00" testType="13cdc9d9-ddb5-4fa4-a97d-d965ccfc6d4b" outcome="Passed" testListId="8c84fa94-04c1-424b-9868-57a2d4851a1d" relativeResultsDirectory="bdc21546-adb5-4c7f-9611-e1e3d0498644" />
    <UnitTestResult executionId="f0b8f3bb-deb4-40e6-9389-a93e68970146" testId="6017adae-b1e1-76ad-01d4-c71c39f8ef57" testName="Constructor_SingleReservation_Delegate" computerName="DKSR-EFI-06" duration="00:00:00.0003030" startTime="2024-01-09T15:41:31.0600767+01:00" endTime="2024-01-09T15:41:31.0600767+01:00" testType="13cdc9d9-ddb5-4fa4-a97d-d965ccfc6d4b" outcome="Passed" testListId="8c84fa94-04c1-424b-9868-57a2d4851a1d" relativeResultsDirectory="f0b8f3bb-deb4-40e6-9389-a93e68970146" />
    <UnitTestResult executionId="a7644cfd-6078-4630-9518-442bbbb1612a" testId="41a53a4c-df21-f4fc-4388-a122124f3bd1" testName="CreateIPBoundWeakWildcard_IPv4_NoRelativePathTest" computerName="DKSR-EFI-06" duration="00:00:00.0034124" startTime="2024-01-09T15:41:30.6694511+01:00" endTime="2024-01-09T15:41:30.6850758+01:00" testType="13cdc9d9-ddb5-4fa4-a97d-d965ccfc6d4b" outcome="Passed" testListId="8c84fa94-04c1-424b-9868-57a2d4851a1d" relativeResultsDirectory="a7644cfd-6078-4630-9518-442bbbb1612a" />
    <UnitTestResult executionId="14cbb21c-2b88-4136-bcb8-d4f287946494" testId="56051ed0-205a-9d34-ae90-d28c4f629459" testName="CheckSignatureWithPrivateKey" computerName="DKSR-EFI-06" duration="00:00:00.0024121" startTime="2024-01-09T15:43:57.3885901+01:00" endTime="2024-01-09T15:43:57.3885901+01:00" testType="13cdc9d9-ddb5-4fa4-a97d-d965ccfc6d4b" outcome="Passed" testListId="8c84fa94-04c1-424b-9868-57a2d4851a1d" relativeResultsDirectory="14cbb21c-2b88-4136-bcb8-d4f287946494" />
    <UnitTestResult executionId="9abde214-4532-4429-84c4-fdc1e1a281d7" testId="944c038a-57a1-1f65-69fe-e78708ff0b36" testName="DeleteSslConfiguration_Param_IncorrectPortTest" computerName="DKSR-EFI-06" duration="00:00:00.0010451" startTime="2024-01-09T15:41:30.9663275+01:00" endTime="2024-01-09T15:41:30.9663275+01:00" testType="13cdc9d9-ddb5-4fa4-a97d-d965ccfc6d4b" outcome="Passed" testListId="8c84fa94-04c1-424b-9868-57a2d4851a1d" relativeResultsDirectory="9abde214-4532-4429-84c4-fdc1e1a281d7" />
    <UnitTestResult executionId="8b192279-909d-4ee9-9830-88d6853a374b" testId="0a10c4f5-63d2-9d6e-7859-29baf43ee467" testName="ReadPassword_CorrectlyThrowsIOException_WhenMissingFileOrFolder" computerName="DKSR-EFI-06" duration="00:00:00.0059940" startTime="2024-01-09T15:42:37.2321292+01:00" endTime="2024-01-09T15:42:37.2321292+01:00" testType="13cdc9d9-ddb5-4fa4-a97d-d965ccfc6d4b" outcome="Passed" testListId="8c84fa94-04c1-424b-9868-57a2d4851a1d" relativeResultsDirectory="8b192279-909d-4ee9-9830-88d6853a374b" />
    <UnitTestResult executionId="4a299876-9ae4-4da4-ae9e-50f4e6dd759c" testId="589436c5-24f1-9b9b-f00c-1639c2701f78" testName="ExecuteNonQueryAsyncTest" computerName="DKSR-EFI-06" duration="00:00:00.0461630" startTime="2024-01-09T15:43:08.1384710+01:00" endTime="2024-01-09T15:43:08.1697194+01:00" testType="13cdc9d9-ddb5-4fa4-a97d-d965ccfc6d4b" outcome="Passed" testListId="8c84fa94-04c1-424b-9868-57a2d4851a1d" relativeResultsDirectory="4a299876-9ae4-4da4-ae9e-50f4e6dd759c" />
    <UnitTestResult executionId="98826d13-0cd8-4379-a9fc-c13f04c68b5e" testId="2fdaf9d0-ed4d-06f2-70b2-65e45d9c49c9" testName="Constructor_SingleReservation_DelegateAndListen" computerName="DKSR-EFI-06" duration="00:00:00.0002743" startTime="2024-01-09T15:41:31.0600767+01:00" endTime="2024-01-09T15:41:31.0600767+01:00" testType="13cdc9d9-ddb5-4fa4-a97d-d965ccfc6d4b" outcome="Passed" testListId="8c84fa94-04c1-424b-9868-57a2d4851a1d" relativeResultsDirectory="98826d13-0cd8-4379-a9fc-c13f04c68b5e" />
    <UnitTestResult executionId="09ea2d37-3c28-4ae4-8a6b-fd5d002305ef" testId="4ad4c3c3-39bf-3ab3-0ab0-ffc6ced77812" testName="HasKey_ReturnsFalse_WhenTableIsMissing" computerName="DKSR-EFI-06" duration="00:00:04.5155977" startTime="2024-01-09T15:42:32.1539722+01:00" endTime="2024-01-09T15:42:36.6696254+01:00" testType="13cdc9d9-ddb5-4fa4-a97d-d965ccfc6d4b" outcome="Passed" testListId="8c84fa94-04c1-424b-9868-57a2d4851a1d" relativeResultsDirectory="09ea2d37-3c28-4ae4-8a6b-fd5d002305ef" />
    <UnitTestResult executionId="255439a9-f73a-436e-9e8b-38a59e1bd156" testId="73aa7f18-51a7-6c4f-64a7-0dcd1a4e3e10" testName="DecryptKey_ShouldThrow_PasswordIsWrong" computerName="DKSR-EFI-06" duration="00:00:00.0011962" startTime="2024-01-09T15:42:37.1071273+01:00" endTime="2024-01-09T15:42:37.1071273+01:00" testType="13cdc9d9-ddb5-4fa4-a97d-d965ccfc6d4b" outcome="Passed" testListId="8c84fa94-04c1-424b-9868-57a2d4851a1d" relativeResultsDirectory="255439a9-f73a-436e-9e8b-38a59e1bd156" />
    <UnitTestResult executionId="3f329beb-71a8-4a73-9061-3c3e6368bc58" testId="1f116986-35db-8dcf-83c8-e827ad240cba" testName="FormatTimeSpanStringTest6" computerName="DKSR-EFI-06" duration="00:00:00.0003310" startTime="2024-01-09T15:41:30.1694487+01:00" endTime="2024-01-09T15:41:30.1694487+01:00" testType="13cdc9d9-ddb5-4fa4-a97d-d965ccfc6d4b" outcome="Passed" testListId="8c84fa94-04c1-424b-9868-57a2d4851a1d" relativeResultsDirectory="3f329beb-71a8-4a73-9061-3c3e6368bc58" />
    <UnitTestResult executionId="ba0c17da-ef83-4139-bb26-6d936a101160" testId="a0220a6b-65c5-ac84-e13e-0ee3877b281a" testName="GetContentFromActivatedLicense_InvalidContentType_ThrowsNotSupportedException" computerName="DKSR-EFI-06" duration="00:00:00.0007225" startTime="2024-01-09T15:41:32.6538398+01:00" endTime="2024-01-09T15:41:32.6538398+01:00" testType="13cdc9d9-ddb5-4fa4-a97d-d965ccfc6d4b" outcome="Passed" testListId="8c84fa94-04c1-424b-9868-57a2d4851a1d" relativeResultsDirectory="ba0c17da-ef83-4139-bb26-6d936a101160" />
    <UnitTestResult executionId="011f7b0b-0ec3-4679-84b9-2fd04952f00c" testId="6670917e-e42c-a07b-7e25-3b7110e4f4b7" testName="ExecuteScalarWithExplicitlyCreatedParameter" computerName="DKSR-EFI-06" duration="00:00:00.0371644" startTime="2024-01-09T15:43:08.4665960+01:00" endTime="2024-01-09T15:43:08.4978492+01:00" testType="13cdc9d9-ddb5-4fa4-a97d-d965ccfc6d4b" outcome="Passed" testListId="8c84fa94-04c1-424b-9868-57a2d4851a1d" relativeResultsDirectory="011f7b0b-0ec3-4679-84b9-2fd04952f00c" />
    <UnitTestResult executionId="c04fd511-af7c-4a10-b082-1f6f50f2cfc2" testId="696179b0-5c72-c617-1221-943954880eda" testName="Constructor_ShouldThrowArgumentNullException_WhenFileNameIsNull" computerName="DKSR-EFI-06" duration="00:00:00.0006929" startTime="2024-01-09T15:42:37.1852540+01:00" endTime="2024-01-09T15:42:37.1852540+01:00" testType="13cdc9d9-ddb5-4fa4-a97d-d965ccfc6d4b" outcome="Passed" testListId="8c84fa94-04c1-424b-9868-57a2d4851a1d" relativeResultsDirectory="c04fd511-af7c-4a10-b082-1f6f50f2cfc2" />
    <UnitTestResult executionId="cc390a4a-2458-4d47-a4e2-4563418ba622" testId="9369cfde-baf2-3bd8-4bc1-22c69e21e126" testName="CreateIPBoundWeakWildcard_NullHost" computerName="DKSR-EFI-06" duration="00:00:00.0006699" startTime="2024-01-09T15:41:30.7006994+01:00" endTime="2024-01-09T15:41:30.7006994+01:00" testType="13cdc9d9-ddb5-4fa4-a97d-d965ccfc6d4b" outcome="Passed" testListId="8c84fa94-04c1-424b-9868-57a2d4851a1d" relativeResultsDirectory="cc390a4a-2458-4d47-a4e2-4563418ba622" />
    <UnitTestResult executionId="8fdab74a-aa51-49a2-8467-7d34f5fa7024" testId="8bd6f728-bd8c-a59b-29b2-ad423ed63182" testName="CreateExplicit_InvalidPort" computerName="DKSR-EFI-06" duration="00:00:00.0005971" startTime="2024-01-09T15:41:30.7163258+01:00" endTime="2024-01-09T15:41:30.7163258+01:00" testType="13cdc9d9-ddb5-4fa4-a97d-d965ccfc6d4b" outcome="Passed" testListId="8c84fa94-04c1-424b-9868-57a2d4851a1d" relativeResultsDirectory="8fdab74a-aa51-49a2-8467-7d34f5fa7024" />
    <UnitTestResult executionId="54b38d2e-5b19-49cc-ad12-430fe1ad7cce" testId="8808a0d4-decf-b478-02fc-6d5995d94ea5" testName="ReadKey_ShouldThrow_WhenKeyDoesNotExist" computerName="DKSR-EFI-06" duration="00:00:06.1603294" startTime="2024-01-09T15:41:43.3257671+01:00" endTime="2024-01-09T15:41:49.4820526+01:00" testType="13cdc9d9-ddb5-4fa4-a97d-d965ccfc6d4b" outcome="Passed" testListId="8c84fa94-04c1-424b-9868-57a2d4851a1d" relativeResultsDirectory="54b38d2e-5b19-49cc-ad12-430fe1ad7cce" />
    <UnitTestResult executionId="89e4b682-5c71-462a-82dd-2f7a3942f3c5" testId="f20f788e-2c4b-4fc6-3f24-f3394174c210" testName="GetKeyManagementState_NoKeyFound" computerName="DKSR-EFI-06" duration="00:00:00.0173843" startTime="2024-01-09T15:42:37.4352535+01:00" endTime="2024-01-09T15:42:37.4508794+01:00" testType="13cdc9d9-ddb5-4fa4-a97d-d965ccfc6d4b" outcome="Passed" testListId="8c84fa94-04c1-424b-9868-57a2d4851a1d" relativeResultsDirectory="89e4b682-5c71-462a-82dd-2f7a3942f3c5" />
    <UnitTestResult executionId="f6179a08-f9ff-469d-ab28-dae636ae73f7" testId="54c9babb-7344-6611-91d4-2e6ce9100844" testName="FormatByteSizeStringTest20" computerName="DKSR-EFI-06" duration="00:00:00.0519866" startTime="2024-01-09T15:41:30.2319495+01:00" endTime="2024-01-09T15:41:30.2788237+01:00" testType="13cdc9d9-ddb5-4fa4-a97d-d965ccfc6d4b" outcome="Passed" testListId="8c84fa94-04c1-424b-9868-57a2d4851a1d" relativeResultsDirectory="f6179a08-f9ff-469d-ab28-dae636ae73f7" />
    <UnitTestResult executionId="6c394169-31bb-4415-bc3f-33701099c6fe" testId="dd9c00b0-a9d0-b2f3-1f0f-3a9a641e0da9" testName="ExecuteReaderTwoRows" computerName="DKSR-EFI-06" duration="00:00:00.0055058" startTime="2024-01-09T15:43:08.6540977+01:00" endTime="2024-01-09T15:43:08.6540977+01:00" testType="13cdc9d9-ddb5-4fa4-a97d-d965ccfc6d4b" outcome="Passed" testListId="8c84fa94-04c1-424b-9868-57a2d4851a1d" relativeResultsDirectory="6c394169-31bb-4415-bc3f-33701099c6fe" />
    <UnitTestResult executionId="1379edd6-8593-46f1-8ef6-cb917d6d2995" testId="2af5d521-8bbc-18e1-6f8f-3295fdc1595d" testName="Constructor_ShouldThrowKeyStorageException_WhenSecureFolderFails" computerName="DKSR-EFI-06" duration="00:00:00.0230678" startTime="2024-01-09T15:42:37.3258816+01:00" endTime="2024-01-09T15:42:37.3415044+01:00" testType="13cdc9d9-ddb5-4fa4-a97d-d965ccfc6d4b" outcome="Passed" testListId="8c84fa94-04c1-424b-9868-57a2d4851a1d" relativeResultsDirectory="1379edd6-8593-46f1-8ef6-cb917d6d2995" />
    <UnitTestResult executionId="6ae1d329-4c13-4b2b-b32d-26bd6da581b1" testId="290198e6-9e43-4652-4f5c-0f6d6f1957db" testName="Construct_InvalidParameter_SqlConnectionReader_Null_Throws_ArgumentNullException" computerName="DKSR-EFI-06" duration="00:00:00.0012716" startTime="2024-01-09T15:43:55.0760803+01:00" endTime="2024-01-09T15:43:55.0760803+01:00" testType="13cdc9d9-ddb5-4fa4-a97d-d965ccfc6d4b" outcome="Passed" testListId="8c84fa94-04c1-424b-9868-57a2d4851a1d" relativeResultsDirectory="6ae1d329-4c13-4b2b-b32d-26bd6da581b1" />
    <UnitTestResult executionId="f513f518-de27-4fda-a392-e0bd45bba2f6" testId="f9896d02-1512-0bc3-3b97-972541c5aed1" testName="EventServerSqlConnectionStorage_RetrieveConnectionString_32_Success" computerName="DKSR-EFI-06" duration="00:00:00.0113173" startTime="2024-01-09T15:43:55.0448373+01:00" endTime="2024-01-09T15:43:55.0604546+01:00" testType="13cdc9d9-ddb5-4fa4-a97d-d965ccfc6d4b" outcome="Passed" testListId="8c84fa94-04c1-424b-9868-57a2d4851a1d" relativeResultsDirectory="f513f518-de27-4fda-a392-e0bd45bba2f6" />
    <UnitTestResult executionId="0ff332d8-1349-4a07-af07-4851616a5dd1" testId="8a4e895b-3fab-3c43-fe91-30e3dc726416" testName="Init_WhenInitialized_Refuse" computerName="DKSR-EFI-06" duration="00:00:00.0006255" startTime="2024-01-09T15:41:30.4506984+01:00" endTime="2024-01-09T15:41:30.4506984+01:00" testType="13cdc9d9-ddb5-4fa4-a97d-d965ccfc6d4b" outcome="Passed" testListId="8c84fa94-04c1-424b-9868-57a2d4851a1d" relativeResultsDirectory="0ff332d8-1349-4a07-af07-4851616a5dd1" />
    <UnitTestResult executionId="29fb90f7-3e69-4e59-adcc-93dbd0b2e2e0" testId="4381a2d3-3c5e-0121-bc24-ad5cb9d3dc12" testName="SimpleMultiOutput" computerName="DKSR-EFI-06" startTime="2024-01-09T15:42:39.5915117+01:00" endTime="2024-01-09T15:42:39.5915117+01:00" testType="13cdc9d9-ddb5-4fa4-a97d-d965ccfc6d4b" outcome="NotExecuted" testListId="8c84fa94-04c1-424b-9868-57a2d4851a1d" relativeResultsDirectory="29fb90f7-3e69-4e59-adcc-93dbd0b2e2e0">
      <Output></Output>
    </UnitTestResult>
    <UnitTestResult executionId="75baa89c-717c-4a7b-8bcc-1fc4dcc80523" testId="6a92e63a-f1a3-aa78-4994-eb75fdd05cc5" testName="ExecuteReaderWithMultipleParametersAsyncCancellationToken" computerName="DKSR-EFI-06" duration="00:00:00.0335026" startTime="2024-01-09T15:43:08.8728497+01:00" endTime="2024-01-09T15:43:08.9040971+01:00" testType="13cdc9d9-ddb5-4fa4-a97d-d965ccfc6d4b" outcome="Passed" testListId="8c84fa94-04c1-424b-9868-57a2d4851a1d" relativeResultsDirectory="75baa89c-717c-4a7b-8bcc-1fc4dcc80523" />
    <UnitTestResult executionId="f13d333b-2a54-4d30-937c-c0c5aa6748d3" testId="a84d4932-de7d-529d-e19c-907684e520e8" testName="GetSchemasTest" computerName="DKSR-EFI-06" duration="00:00:00.4216525" startTime="2024-01-09T15:43:14.4197383+01:00" endTime="2024-01-09T15:43:14.8416146+01:00" testType="13cdc9d9-ddb5-4fa4-a97d-d965ccfc6d4b" outcome="Passed" testListId="8c84fa94-04c1-424b-9868-57a2d4851a1d" relativeResultsDirectory="f13d333b-2a54-4d30-937c-c0c5aa6748d3" />
    <UnitTestResult executionId="d26a8ddf-3afa-404b-a580-2749f089284b" testId="7521487b-b800-dc37-e964-083a965c87bf" testName="Construct_InvalidParam_ThreadName_Null_Throws_ArgumentNullException" computerName="DKSR-EFI-06" duration="00:00:00.0006121" startTime="2024-01-09T15:41:31.5757063+01:00" endTime="2024-01-09T15:41:31.5757063+01:00" testType="13cdc9d9-ddb5-4fa4-a97d-d965ccfc6d4b" outcome="Passed" testListId="8c84fa94-04c1-424b-9868-57a2d4851a1d" relativeResultsDirectory="d26a8ddf-3afa-404b-a580-2749f089284b" />
    <UnitTestResult executionId="1917a6a9-f628-41a8-a144-91e6b34ed5dd" testId="e9bd4bf2-b5da-2df3-10bc-38140977569d" testName="IsValidBase64String_DataDrivenTest ( ,False)" computerName="DKSR-EFI-06" duration="00:00:00.0000096" startTime="2024-01-09T15:41:31.2319543+01:00" endTime="2024-01-09T15:41:31.2319543+01:00" testType="13cdc9d9-ddb5-4fa4-a97d-d965ccfc6d4b" outcome="Passed" testListId="8c84fa94-04c1-424b-9868-57a2d4851a1d" relativeResultsDirectory="1917a6a9-f628-41a8-a144-91e6b34ed5dd" />
    <UnitTestResult executionId="23eb81f8-68ac-4262-b331-9b23bf906a8c" testId="eb3e1b48-92a3-4ac3-b537-9b97539fad7b" testName="ConstructDatabaseConnectionInfo_AzureIntegrated_Success" computerName="DKSR-EFI-06" duration="00:00:00.0009486" startTime="2024-01-09T15:43:12.5291078+01:00" endTime="2024-01-09T15:43:12.5291078+01:00" testType="13cdc9d9-ddb5-4fa4-a97d-d965ccfc6d4b" outcome="Passed" testListId="8c84fa94-04c1-424b-9868-57a2d4851a1d" relativeResultsDirectory="23eb81f8-68ac-4262-b331-9b23bf906a8c" />
    <UnitTestResult executionId="8d795f36-fceb-40e7-b437-7cde8f6abbb7" testId="e6168b43-db59-15ee-2867-16fe75fd5593" testName="DecryptAfterEncrypt_ShouldReturnSameStringAsInput_WhenUsingBase64" computerName="DKSR-EFI-06" duration="00:00:00.0005270" startTime="2024-01-09T15:43:55.3417084+01:00" endTime="2024-01-09T15:43:55.3417084+01:00" testType="13cdc9d9-ddb5-4fa4-a97d-d965ccfc6d4b" outcome="Passed" testListId="8c84fa94-04c1-424b-9868-57a2d4851a1d" relativeResultsDirectory="8d795f36-fceb-40e7-b437-7cde8f6abbb7" />
    <UnitTestResult executionId="96be0b90-74cb-4bcb-a7d6-74e41345034b" testId="9a2ba6b9-2b81-65ba-1e10-ab29f022efa1" testName="EncryptAndDecryptWithAutogeneratedKey" computerName="DKSR-EFI-06" duration="00:00:00.0431957" startTime="2024-01-09T15:43:55.6229570+01:00" endTime="2024-01-09T15:43:55.6698340+01:00" testType="13cdc9d9-ddb5-4fa4-a97d-d965ccfc6d4b" outcome="Passed" testListId="8c84fa94-04c1-424b-9868-57a2d4851a1d" relativeResultsDirectory="96be0b90-74cb-4bcb-a7d6-74e41345034b">
      <Output>
        <StdOut>Reading config from file: D:\actions-runner\_work\XPCO\XPCO\Common\VideoOS.Utilities\VideoOS.Utilities.UnitTests\bin\Debug\net472\VideoOS.Utilities.UnitTests.dll.config</StdOut>
      </Output>
    </UnitTestResult>
    <UnitTestResult executionId="bb102930-4550-483d-8368-b07ea734b563" testId="05e3ebf0-ca7b-6d21-9008-cd93cd416b08" testName="EndpointSupportsSsl_InvalidUri_Partial_Throws_ArgumentException" computerName="DKSR-EFI-06" duration="00:00:00.0005871" startTime="2024-01-09T15:43:55.3104576+01:00" endTime="2024-01-09T15:43:55.3104576+01:00" testType="13cdc9d9-ddb5-4fa4-a97d-d965ccfc6d4b" outcome="Passed" testListId="8c84fa94-04c1-424b-9868-57a2d4851a1d" relativeResultsDirectory="bb102930-4550-483d-8368-b07ea734b563" />
    <UnitTestResult executionId="3c57e7db-6268-4ade-bcff-d48c3b2c6b2c" testId="e8666d10-f6c2-324b-6b0e-e4b2d17eec15" testName="Given_TwoEmptyPasswords_When_Validating_AProperErrorMessageIsReturned" computerName="DKSR-EFI-06" duration="00:00:00.0001904" startTime="2024-01-09T15:41:30.1225707+01:00" endTime="2024-01-09T15:41:30.1225707+01:00" testType="13cdc9d9-ddb5-4fa4-a97d-d965ccfc6d4b" outcome="Passed" testListId="8c84fa94-04c1-424b-9868-57a2d4851a1d" relativeResultsDirectory="3c57e7db-6268-4ade-bcff-d48c3b2c6b2c" />
    <UnitTestResult executionId="43d4b519-aee5-4ba6-8cf8-eed207176aa5" testId="068bb2c8-661a-10ed-a30c-7de3cde0c6e9" testName="Sync_And_Add" computerName="DKSR-EFI-06" duration="00:00:00.0022117" startTime="2024-01-09T15:43:57.6385928+01:00" endTime="2024-01-09T15:43:57.6385928+01:00" testType="13cdc9d9-ddb5-4fa4-a97d-d965ccfc6d4b" outcome="Passed" testListId="8c84fa94-04c1-424b-9868-57a2d4851a1d" relativeResultsDirectory="43d4b519-aee5-4ba6-8cf8-eed207176aa5" />
    <UnitTestResult executionId="e0642ee9-00cd-48d0-a165-fc052719b01c" testId="cc2f0458-7e3c-9c3d-dda6-64eadd456796" testName="NullCheckHasInformationOnObjectTypeAndCaller" computerName="DKSR-EFI-06" duration="00:00:00.2628754" startTime="2024-01-09T15:41:31.2788319+01:00" endTime="2024-01-09T15:41:31.5600811+01:00" testType="13cdc9d9-ddb5-4fa4-a97d-d965ccfc6d4b" outcome="Passed" testListId="8c84fa94-04c1-424b-9868-57a2d4851a1d" relativeResultsDirectory="e0642ee9-00cd-48d0-a165-fc052719b01c" />
    <UnitTestResult executionId="d96078af-fcd1-4a34-a295-bd6e67033e54" testId="59e40f78-ac27-6d17-266f-c4fd2832271d" testName="EncryptionFactory_Throws_OnCreateAsymmetricForLicense_WithKeysOkAndBlobNull" computerName="DKSR-EFI-06" duration="00:00:00.0005325" startTime="2024-01-09T15:43:56.8104618+01:00" endTime="2024-01-09T15:43:56.8104618+01:00" testType="13cdc9d9-ddb5-4fa4-a97d-d965ccfc6d4b" outcome="Passed" testListId="8c84fa94-04c1-424b-9868-57a2d4851a1d" relativeResultsDirectory="d96078af-fcd1-4a34-a295-bd6e67033e54" />
    <UnitTestResult executionId="397459a8-ee8f-4d05-b139-ad8fb4926afe" testId="8a58a8dd-6e74-59e0-5a8b-8a3cdd925c79" testName="BulkProcessor_MoreItemsInQueueThanBulkSize_ItemsInBulkEqualsBulkSize" computerName="DKSR-EFI-06" duration="00:00:00.0521957" startTime="2024-01-09T15:43:57.6698418+01:00" endTime="2024-01-09T15:43:57.7323449+01:00" testType="13cdc9d9-ddb5-4fa4-a97d-d965ccfc6d4b" outcome="Passed" testListId="8c84fa94-04c1-424b-9868-57a2d4851a1d" relativeResultsDirectory="397459a8-ee8f-4d05-b139-ad8fb4926afe" />
    <UnitTestResult executionId="f65adcd0-af49-4ea2-bbd6-58d04660ff55" testId="0b368f5b-1c89-ec64-1ec5-dee8061ba3b3" testName="DatabaseConnectionInfoFromStorage_ReadAndSecureConnectionString_Registry_SecurityException" computerName="DKSR-EFI-06" duration="00:00:00.0052614" startTime="2024-01-09T15:43:12.4978595+01:00" endTime="2024-01-09T15:43:12.4978595+01:00" testType="13cdc9d9-ddb5-4fa4-a97d-d965ccfc6d4b" outcome="Passed" testListId="8c84fa94-04c1-424b-9868-57a2d4851a1d" relativeResultsDirectory="f65adcd0-af49-4ea2-bbd6-58d04660ff55" />
    <UnitTestResult executionId="890172cd-b7e4-4468-b55f-5baadf12cfa9" testId="73ad64b2-400a-e2bf-e885-7761dc1b879c" testName="Decode_WhenInvalidBase64Data_Exception" computerName="DKSR-EFI-06" duration="00:00:00.0007852" startTime="2024-01-09T15:42:37.7790064+01:00" endTime="2024-01-09T15:42:37.7790064+01:00" testType="13cdc9d9-ddb5-4fa4-a97d-d965ccfc6d4b" outcome="Passed" testListId="8c84fa94-04c1-424b-9868-57a2d4851a1d" relativeResultsDirectory="890172cd-b7e4-4468-b55f-5baadf12cfa9" />
    <UnitTestResult executionId="ebb11516-a164-4ef3-82c4-b3091abb4798" testId="da18fb30-4655-393f-9988-394ec1e6c1bb" testName="ExecuteScalarWithImplicitlytCreatedParameter" computerName="DKSR-EFI-06" duration="00:00:00.0445828" startTime="2024-01-09T15:43:08.4978492+01:00" endTime="2024-01-09T15:43:08.5447212+01:00" testType="13cdc9d9-ddb5-4fa4-a97d-d965ccfc6d4b" outcome="Passed" testListId="8c84fa94-04c1-424b-9868-57a2d4851a1d" relativeResultsDirectory="ebb11516-a164-4ef3-82c4-b3091abb4798" />
    <UnitTestResult executionId="eb15fda8-2e3a-4235-be9a-40946105f821" testId="113d1804-31b6-160b-355c-4c16286495f8" testName="EnforceSslConfiguration_NoConflictTest" computerName="DKSR-EFI-06" duration="00:00:00.0034058" startTime="2024-01-09T15:41:30.9507022+01:00" endTime="2024-01-09T15:41:30.9507022+01:00" testType="13cdc9d9-ddb5-4fa4-a97d-d965ccfc6d4b" outcome="Passed" testListId="8c84fa94-04c1-424b-9868-57a2d4851a1d" relativeResultsDirectory="eb15fda8-2e3a-4235-be9a-40946105f821" />
    <UnitTestResult executionId="9c0d88e0-972a-4a48-b754-b7054805d173" testId="3aa9c7c4-1477-1ebf-7e13-c7cd4a09b351" testName="FormatByteSizeStringExactTest6" computerName="DKSR-EFI-06" duration="00:00:00.0001632" startTime="2024-01-09T15:41:30.3256972+01:00" endTime="2024-01-09T15:41:30.3256972+01:00" testType="13cdc9d9-ddb5-4fa4-a97d-d965ccfc6d4b" outcome="Passed" testListId="8c84fa94-04c1-424b-9868-57a2d4851a1d" relativeResultsDirectory="9c0d88e0-972a-4a48-b754-b7054805d173" />
    <UnitTestResult executionId="2de5f62e-f78a-44a9-9161-7ac39a05d8dc" testId="fd765706-fece-85c1-aaf1-a9c0a465fd55" testName="Close_WhenInitialized_Continue" computerName="DKSR-EFI-06" duration="00:00:00.0006584" startTime="2024-01-09T15:41:30.4506984+01:00" endTime="2024-01-09T15:41:30.4663225+01:00" testType="13cdc9d9-ddb5-4fa4-a97d-d965ccfc6d4b" outcome="Passed" testListId="8c84fa94-04c1-424b-9868-57a2d4851a1d" relativeResultsDirectory="2de5f62e-f78a-44a9-9161-7ac39a05d8dc" />
    <UnitTestResult executionId="e7f2479b-9d90-4465-8e0b-5bad5a1bae8d" testId="dea06a7e-7ad6-8964-e101-42d6ae50a61f" testName="SimpleInfoLevel" computerName="DKSR-EFI-06" duration="00:00:00.0006063" startTime="2024-01-09T15:43:06.2634659+01:00" endTime="2024-01-09T15:43:06.2634659+01:00" testType="13cdc9d9-ddb5-4fa4-a97d-d965ccfc6d4b" outcome="Passed" testListId="8c84fa94-04c1-424b-9868-57a2d4851a1d" relativeResultsDirectory="e7f2479b-9d90-4465-8e0b-5bad5a1bae8d" />
    <UnitTestResult executionId="8ee462de-6776-48a2-b3d2-3f283166c0ad" testId="c1d31aec-ba11-ae2a-3d1e-d8528d8e9d7f" testName="AccessControlUpdater_SetFileAccessControl_UseSystest" computerName="DKSR-EFI-06" duration="00:00:00.0162718" startTime="2024-01-09T15:41:32.1694621+01:00" endTime="2024-01-09T15:41:32.1850879+01:00" testType="13cdc9d9-ddb5-4fa4-a97d-d965ccfc6d4b" outcome="Passed" testListId="8c84fa94-04c1-424b-9868-57a2d4851a1d" relativeResultsDirectory="8ee462de-6776-48a2-b3d2-3f283166c0ad" />
    <UnitTestResult executionId="70cc1bd4-ddab-40bc-9253-8038af930652" testId="b6e0eee9-ccff-1841-5159-192acffe7d54" testName="NullCheckHasInformationOnObjectTypeAndCallerAndMayHaveOptionalText" computerName="DKSR-EFI-06" duration="00:00:00.0003053" startTime="2024-01-09T15:41:31.5600811+01:00" endTime="2024-01-09T15:41:31.5600811+01:00" testType="13cdc9d9-ddb5-4fa4-a97d-d965ccfc6d4b" outcome="Passed" testListId="8c84fa94-04c1-424b-9868-57a2d4851a1d" relativeResultsDirectory="70cc1bd4-ddab-40bc-9253-8038af930652" />
    <UnitTestResult executionId="a6e3ad62-cd01-4b2f-a2b4-d3502267e9c1" testId="a5bff13c-597c-eaf5-9a03-5b17d5688856" testName="SimpleWarningLevel" computerName="DKSR-EFI-06" duration="00:00:00.0003002" startTime="2024-01-09T15:43:06.2634659+01:00" endTime="2024-01-09T15:43:06.2634659+01:00" testType="13cdc9d9-ddb5-4fa4-a97d-d965ccfc6d4b" outcome="Passed" testListId="8c84fa94-04c1-424b-9868-57a2d4851a1d" relativeResultsDirectory="a6e3ad62-cd01-4b2f-a2b4-d3502267e9c1" />
    <UnitTestResult executionId="12371a9e-b004-4562-b1ce-2472ffda5abb" testId="0439a172-009c-f501-9d08-38e22fac348b" testName="DisposeConnectionWithActiveDbTransaction_Fail" computerName="DKSR-EFI-06" duration="00:00:00.0868574" startTime="2024-01-09T15:43:14.3103645+01:00" endTime="2024-01-09T15:43:14.4041139+01:00" testType="13cdc9d9-ddb5-4fa4-a97d-d965ccfc6d4b" outcome="Passed" testListId="8c84fa94-04c1-424b-9868-57a2d4851a1d" relativeResultsDirectory="12371a9e-b004-4562-b1ce-2472ffda5abb" />
    <UnitTestResult executionId="ca12dd24-1f05-46ea-8697-9f43a87c5c13" testId="3b0ed5c5-28f4-8748-a0ec-63e3ab74f342" testName="EnforceUrlReservation_Parameter_NullPrefixTest" computerName="DKSR-EFI-06" duration="00:00:00.0038197" startTime="2024-01-09T15:41:30.8882030+01:00" endTime="2024-01-09T15:41:30.8882030+01:00" testType="13cdc9d9-ddb5-4fa4-a97d-d965ccfc6d4b" outcome="Passed" testListId="8c84fa94-04c1-424b-9868-57a2d4851a1d" relativeResultsDirectory="ca12dd24-1f05-46ea-8697-9f43a87c5c13" />
    <UnitTestResult executionId="dc21f8dd-1dc4-4d89-9ba8-4a06b0d00ff6" testId="22e18a3c-fbe2-f5a0-ac98-8ca4729414c8" testName="ReadKey_ShouldFetchKey_WhenUsingFreshDatabase" computerName="DKSR-EFI-06" duration="00:00:02.1014611" startTime="2024-01-09T15:41:41.2163864+01:00" endTime="2024-01-09T15:41:43.3257671+01:00" testType="13cdc9d9-ddb5-4fa4-a97d-d965ccfc6d4b" outcome="Passed" testListId="8c84fa94-04c1-424b-9868-57a2d4851a1d" relativeResultsDirectory="dc21f8dd-1dc4-4d89-9ba8-4a06b0d00ff6" />
    <UnitTestResult executionId="ebb9f462-40cc-4b92-ab81-e97ee7deb61d" testId="bd94d8bc-ab63-7767-a91c-935732aae600" testName="FormatByteSizeStringExactTest1" computerName="DKSR-EFI-06" duration="00:00:00.0004795" startTime="2024-01-09T15:41:30.2944485+01:00" endTime="2024-01-09T15:41:30.2944485+01:00" testType="13cdc9d9-ddb5-4fa4-a97d-d965ccfc6d4b" outcome="Passed" testListId="8c84fa94-04c1-424b-9868-57a2d4851a1d" relativeResultsDirectory="ebb9f462-40cc-4b92-ab81-e97ee7deb61d" />
    <UnitTestResult executionId="06e9b04d-b97f-4c4f-a49e-ff2dff677dcf" testId="802c6bf1-b2bb-dd75-dd57-f0dad1e37480" testName="Construct_InvalidParam_Timeout_Throws_ArgumentOutOfRangeException" computerName="DKSR-EFI-06" duration="00:00:00.0007141" startTime="2024-01-09T15:41:31.5757063+01:00" endTime="2024-01-09T15:41:31.5757063+01:00" testType="13cdc9d9-ddb5-4fa4-a97d-d965ccfc6d4b" outcome="Passed" testListId="8c84fa94-04c1-424b-9868-57a2d4851a1d" relativeResultsDirectory="06e9b04d-b97f-4c4f-a49e-ff2dff677dcf" />
    <UnitTestResult executionId="7e15f1b6-7e09-4de2-83f5-dbcceb790351" testId="45cf2d7a-2062-ef4f-44da-bfd3ef3112ba" testName="Construct_InvalidParam_ThreadName_EmptyString_Throws_ArgumentNullException" computerName="DKSR-EFI-06" duration="00:00:00.0005201" startTime="2024-01-09T15:41:31.5913301+01:00" endTime="2024-01-09T15:41:31.5913301+01:00" testType="13cdc9d9-ddb5-4fa4-a97d-d965ccfc6d4b" outcome="Passed" testListId="8c84fa94-04c1-424b-9868-57a2d4851a1d" relativeResultsDirectory="7e15f1b6-7e09-4de2-83f5-dbcceb790351" />
    <UnitTestResult executionId="b49122a5-e5fc-4ff0-8ec5-3233cc989422" testId="24adbf6a-5db3-0671-76a8-020bd6ad9b9b" testName="HSL_ImproperlyFormattedHslString_ThrowsArgumentNullException" computerName="DKSR-EFI-06" duration="00:00:00.0009705" startTime="2024-01-09T15:43:57.4354667+01:00" endTime="2024-01-09T15:43:57.4354667+01:00" testType="13cdc9d9-ddb5-4fa4-a97d-d965ccfc6d4b" outcome="Passed" testListId="8c84fa94-04c1-424b-9868-57a2d4851a1d" relativeResultsDirectory="b49122a5-e5fc-4ff0-8ec5-3233cc989422" />
    <UnitTestResult executionId="6f1dd1be-e5a8-406f-9e2f-b5a200b4f8e6" testId="1fdee127-23bb-ff0c-9276-8ac196e40077" testName="HasKey_ReturnsFalse_WhenKeyIsMissingFromDatabase" computerName="DKSR-EFI-06" duration="00:00:06.4689838" startTime="2024-01-09T15:42:25.6852162+01:00" endTime="2024-01-09T15:42:32.1539722+01:00" testType="13cdc9d9-ddb5-4fa4-a97d-d965ccfc6d4b" outcome="Passed" testListId="8c84fa94-04c1-424b-9868-57a2d4851a1d" relativeResultsDirectory="6f1dd1be-e5a8-406f-9e2f-b5a200b4f8e6" />
    <UnitTestResult executionId="109c8774-497b-49f8-a6e0-476dbf57adde" testId="f6e59f5b-ba50-e34c-4086-51e15af6c152" testName="EndpointSupportsSsl_InvalidTimeoutInSeconds_AboveMaximum_Throws_ArgumentException" computerName="DKSR-EFI-06" duration="00:00:00.0006396" startTime="2024-01-09T15:43:55.3260839+01:00" endTime="2024-01-09T15:43:55.3260839+01:00" testType="13cdc9d9-ddb5-4fa4-a97d-d965ccfc6d4b" outcome="Passed" testListId="8c84fa94-04c1-424b-9868-57a2d4851a1d" relativeResultsDirectory="109c8774-497b-49f8-a6e0-476dbf57adde" />
    <UnitTestResult executionId="b698c78d-0ce1-4435-9a98-af9e57d0a300" testId="e56d7f60-ae86-4c76-0aba-91f49dfb5659" testName="GetSqlConnection_IntegratedSecuritySetUsingSSPI_Success" computerName="DKSR-EFI-06" duration="00:00:00.0014130" startTime="2024-01-09T15:43:55.1229592+01:00" endTime="2024-01-09T15:43:55.1229592+01:00" testType="13cdc9d9-ddb5-4fa4-a97d-d965ccfc6d4b" outcome="Passed" testListId="8c84fa94-04c1-424b-9868-57a2d4851a1d" relativeResultsDirectory="b698c78d-0ce1-4435-9a98-af9e57d0a300" />
    <UnitTestResult executionId="6d72f5a0-2821-4da5-9fe4-6628d689d381" testId="2e72d041-95ef-42d2-a9b4-4e0a8647c8b5" testName="ShowHelp_OnlineWorkflow__DisplayHtmlHelp_InvokedWithValidUrl" computerName="DKSR-EFI-06" duration="00:00:00.0021502" startTime="2024-01-09T15:42:37.7008844+01:00" endTime="2024-01-09T15:42:37.7008844+01:00" testType="13cdc9d9-ddb5-4fa4-a97d-d965ccfc6d4b" outcome="Passed" testListId="8c84fa94-04c1-424b-9868-57a2d4851a1d" relativeResultsDirectory="6d72f5a0-2821-4da5-9fe4-6628d689d381" />
    <UnitTestResult executionId="4c710063-2030-43ab-8dc5-b822c36f42c2" testId="cfb95d60-8354-a841-9f4b-0521240aa0b7" testName="RemoveInvalidXMLChars_Text_DanishLetters_NotRemoved" computerName="DKSR-EFI-06" duration="00:00:00.0001354" startTime="2024-01-09T15:42:37.8415052+01:00" endTime="2024-01-09T15:42:37.8415052+01:00" testType="13cdc9d9-ddb5-4fa4-a97d-d965ccfc6d4b" outcome="Passed" testListId="8c84fa94-04c1-424b-9868-57a2d4851a1d" relativeResultsDirectory="4c710063-2030-43ab-8dc5-b822c36f42c2" />
    <UnitTestResult executionId="5f5d62d6-7494-41cc-bcfa-991a1b19397f" testId="f5511270-0fb3-efe2-4c7f-a5b555764879" testName="GetAllParametersWithMultipleParameters" computerName="DKSR-EFI-06" duration="00:00:00.0069188" startTime="2024-01-09T15:43:09.0603482+01:00" endTime="2024-01-09T15:43:09.0603482+01:00" testType="13cdc9d9-ddb5-4fa4-a97d-d965ccfc6d4b" outcome="Passed" testListId="8c84fa94-04c1-424b-9868-57a2d4851a1d" relativeResultsDirectory="5f5d62d6-7494-41cc-bcfa-991a1b19397f" />
    <UnitTestResult executionId="7ecfa9a6-d12c-414f-8c6b-83680c10b4a3" testId="cee40b1c-44fd-06f2-8c32-6296e8ff547c" testName="IsValidBase64String_DataDrivenTest (AA==,True)" computerName="DKSR-EFI-06" duration="00:00:00.0000093" startTime="2024-01-09T15:41:31.2163288+01:00" endTime="2024-01-09T15:41:31.2163288+01:00" testType="13cdc9d9-ddb5-4fa4-a97d-d965ccfc6d4b" outcome="Passed" testListId="8c84fa94-04c1-424b-9868-57a2d4851a1d" relativeResultsDirectory="7ecfa9a6-d12c-414f-8c6b-83680c10b4a3" />
    <UnitTestResult executionId="18558905-695f-4cdc-955f-b89bb1699581" testId="24926e17-a02a-4047-b4e3-04a156766c48" testName="RGB_ToHSL_ReturnsProperColor_OnMilestoneBlue" computerName="DKSR-EFI-06" duration="00:00:00.0018869" startTime="2024-01-09T15:43:57.4510903+01:00" endTime="2024-01-09T15:43:57.4510903+01:00" testType="13cdc9d9-ddb5-4fa4-a97d-d965ccfc6d4b" outcome="Passed" testListId="8c84fa94-04c1-424b-9868-57a2d4851a1d" relativeResultsDirectory="18558905-695f-4cdc-955f-b89bb1699581" />
    <UnitTestResult executionId="ebf38705-638b-4f35-a851-78ee7ee02658" testId="18d615e6-1fa1-eef4-9b1c-cbc8d21e6b51" testName="Dequeues_ThrowsCancellationException_When_Cancelled" computerName="DKSR-EFI-06" duration="00:00:00.0006922" startTime="2024-01-09T15:43:57.6229668+01:00" endTime="2024-01-09T15:43:57.6229668+01:00" testType="13cdc9d9-ddb5-4fa4-a97d-d965ccfc6d4b" outcome="Passed" testListId="8c84fa94-04c1-424b-9868-57a2d4851a1d" relativeResultsDirectory="ebf38705-638b-4f35-a851-78ee7ee02658" />
    <UnitTestResult executionId="b96629ca-62c5-422f-a655-71661782a863" testId="27a9f2fd-209f-b60a-fd64-787694905fbb" testName="GenerateKey_NotEqualToDefault" computerName="DKSR-EFI-06" duration="00:00:00.0006175" startTime="2024-01-09T15:43:55.3260839+01:00" endTime="2024-01-09T15:43:55.3260839+01:00" testType="13cdc9d9-ddb5-4fa4-a97d-d965ccfc6d4b" outcome="Passed" testListId="8c84fa94-04c1-424b-9868-57a2d4851a1d" relativeResultsDirectory="b96629ca-62c5-422f-a655-71661782a863" />
    <UnitTestResult executionId="9885d3e8-590e-4a5f-a473-e2ab1f847999" testId="c065f0d0-2817-1867-185a-3ef7d09d25ee" testName="PasswordOneRequirement" computerName="DKSR-EFI-06" duration="00:00:00.0011462" startTime="2024-01-09T15:41:30.0913197+01:00" endTime="2024-01-09T15:41:30.0913197+01:00" testType="13cdc9d9-ddb5-4fa4-a97d-d965ccfc6d4b" outcome="Passed" testListId="8c84fa94-04c1-424b-9868-57a2d4851a1d" relativeResultsDirectory="9885d3e8-590e-4a5f-a473-e2ab1f847999" />
    <UnitTestResult executionId="3c3ccd48-0693-4a45-a0b1-dda56fc9c96f" testId="528ff103-a748-eb55-6417-ec32a3dcef5f" testName="IsValidBase64String_DataDrivenTest (RGV2aWNlIGlzIGRpc2FibGVkCg==,True)" computerName="DKSR-EFI-06" duration="00:00:00.0000105" startTime="2024-01-09T15:41:31.2319543+01:00" endTime="2024-01-09T15:41:31.2319543+01:00" testType="13cdc9d9-ddb5-4fa4-a97d-d965ccfc6d4b" outcome="Passed" testListId="8c84fa94-04c1-424b-9868-57a2d4851a1d" relativeResultsDirectory="3c3ccd48-0693-4a45-a0b1-dda56fc9c96f" />
    <UnitTestResult executionId="5bcf59fe-5cc0-4728-aef3-c389b09af283" testId="1f5e1d3e-236e-bc5a-967a-dd18746e51f8" testName="UsingMultipleReadersSameConnection" computerName="DKSR-EFI-06" duration="00:00:00.0158569" startTime="2024-01-09T15:43:08.6072257+01:00" endTime="2024-01-09T15:43:08.6228479+01:00" testType="13cdc9d9-ddb5-4fa4-a97d-d965ccfc6d4b" outcome="Passed" testListId="8c84fa94-04c1-424b-9868-57a2d4851a1d" relativeResultsDirectory="5bcf59fe-5cc0-4728-aef3-c389b09af283" />
    <UnitTestResult executionId="a36b3e4d-2a86-472d-bae6-54f060a60f65" testId="90586c4d-1967-aac1-3fe3-337d63ef5e5c" testName="CreateStrongWildcard_WithRelativePathTest" computerName="DKSR-EFI-06" duration="00:00:00.0001980" startTime="2024-01-09T15:41:30.6538248+01:00" endTime="2024-01-09T15:41:30.6538248+01:00" testType="13cdc9d9-ddb5-4fa4-a97d-d965ccfc6d4b" outcome="Passed" testListId="8c84fa94-04c1-424b-9868-57a2d4851a1d" relativeResultsDirectory="a36b3e4d-2a86-472d-bae6-54f060a60f65" />
    <UnitTestResult executionId="ee368cea-4889-4c4f-a7a7-6c5f3b38447a" testId="004341c7-cec2-0f4b-c539-539d094096cc" testName="IsValidBase64String_DataDrivenTest (A===,True)" computerName="DKSR-EFI-06" duration="00:00:00.0000124" startTime="2024-01-09T15:41:31.2163288+01:00" endTime="2024-01-09T15:41:31.2163288+01:00" testType="13cdc9d9-ddb5-4fa4-a97d-d965ccfc6d4b" outcome="Passed" testListId="8c84fa94-04c1-424b-9868-57a2d4851a1d" relativeResultsDirectory="ee368cea-4889-4c4f-a7a7-6c5f3b38447a" />
    <UnitTestResult executionId="67a1d4ff-a71f-402b-9ba7-506ce935364f" testId="ccd931b9-83eb-8412-c54e-c74b9b6b8868" testName="Close_DoubleInvoke_IsOK" computerName="DKSR-EFI-06" duration="00:00:00.0001891" startTime="2024-01-09T15:42:37.5915051+01:00" endTime="2024-01-09T15:42:37.5915051+01:00" testType="13cdc9d9-ddb5-4fa4-a97d-d965ccfc6d4b" outcome="Passed" testListId="8c84fa94-04c1-424b-9868-57a2d4851a1d" relativeResultsDirectory="67a1d4ff-a71f-402b-9ba7-506ce935364f" />
    <UnitTestResult executionId="33cbcb3d-da00-4ebd-9bfe-c819835aaf4c" testId="4ddc8e24-b9ee-cffa-b889-52ce91adfc5f" testName="Constructor_SingleReservation_Listen" computerName="DKSR-EFI-06" duration="00:00:00.0051868" startTime="2024-01-09T15:41:31.0444559+01:00" endTime="2024-01-09T15:41:31.0600767+01:00" testType="13cdc9d9-ddb5-4fa4-a97d-d965ccfc6d4b" outcome="Passed" testListId="8c84fa94-04c1-424b-9868-57a2d4851a1d" relativeResultsDirectory="33cbcb3d-da00-4ebd-9bfe-c819835aaf4c" />
    <UnitTestResult executionId="97556f0d-5529-4af5-beb2-5415444f8d2f" testId="5be3ce35-ce99-9457-150c-dbfb4aa2dbc9" testName="Construct_RetrievesInvalidConfigurationFromReader_ConnectionStorageReadException_Throws_InvalidConnectionStringException" computerName="DKSR-EFI-06" duration="00:00:00.0163994" startTime="2024-01-09T15:43:55.0760803+01:00" endTime="2024-01-09T15:43:55.0917084+01:00" testType="13cdc9d9-ddb5-4fa4-a97d-d965ccfc6d4b" outcome="Passed" testListId="8c84fa94-04c1-424b-9868-57a2d4851a1d" relativeResultsDirectory="97556f0d-5529-4af5-beb2-5415444f8d2f" />
    <UnitTestResult executionId="3446e57f-f69a-46cd-aaad-a1d78dab6bb5" testId="25c9d848-d632-706e-91c2-392c75fc1d51" testName="Constructor_ShouldThrowArgumentNullException_WhenFoldermNameIsNull" computerName="DKSR-EFI-06" duration="00:00:00.0084077" startTime="2024-01-09T15:42:37.1852540+01:00" endTime="2024-01-09T15:42:37.1852540+01:00" testType="13cdc9d9-ddb5-4fa4-a97d-d965ccfc6d4b" outcome="Passed" testListId="8c84fa94-04c1-424b-9868-57a2d4851a1d" relativeResultsDirectory="3446e57f-f69a-46cd-aaad-a1d78dab6bb5" />
    <UnitTestResult executionId="3b6b6f9e-9707-4a1c-8d6c-93e6cd4474ef" testId="6f0c4fd5-1396-4a2d-d737-3b757b6cb543" testName="HSL_InvalidH_ThrowsArgumentException" computerName="DKSR-EFI-06" duration="00:00:00.0007661" startTime="2024-01-09T15:43:57.4198418+01:00" endTime="2024-01-09T15:43:57.4198418+01:00" testType="13cdc9d9-ddb5-4fa4-a97d-d965ccfc6d4b" outcome="Passed" testListId="8c84fa94-04c1-424b-9868-57a2d4851a1d" relativeResultsDirectory="3b6b6f9e-9707-4a1c-8d6c-93e6cd4474ef" />
    <UnitTestResult executionId="0ea993a2-b423-49da-98f2-37385a054daf" testId="e5d974c9-a0eb-025e-acd9-38d4a0697b9c" testName="IsValidBase64String_DataDrivenTest (AA=,False)" computerName="DKSR-EFI-06" duration="00:00:00.0000097" startTime="2024-01-09T15:41:31.2475802+01:00" endTime="2024-01-09T15:41:31.2475802+01:00" testType="13cdc9d9-ddb5-4fa4-a97d-d965ccfc6d4b" outcome="Passed" testListId="8c84fa94-04c1-424b-9868-57a2d4851a1d" relativeResultsDirectory="0ea993a2-b423-49da-98f2-37385a054daf" />
    <UnitTestResult executionId="c25f1de5-c21f-4a1b-a6b6-8d7878e3a1cc" testId="bc9f7a9f-c2f9-662c-88d8-25167e8477ca" testName="ExportImportKeysAndDecrypt" computerName="DKSR-EFI-06" duration="00:00:00.0027697" startTime="2024-01-09T15:43:55.6854604+01:00" endTime="2024-01-09T15:43:55.6854604+01:00" testType="13cdc9d9-ddb5-4fa4-a97d-d965ccfc6d4b" outcome="Passed" testListId="8c84fa94-04c1-424b-9868-57a2d4851a1d" relativeResultsDirectory="c25f1de5-c21f-4a1b-a6b6-8d7878e3a1cc" />
    <UnitTestResult executionId="2ec83496-f1d6-4f8c-90c1-a36f71b2b8b8" testId="defafc91-1d2c-fc1f-49c6-e12ed3f63e94" testName="Construct_RetrievesInvalidConfigurationFromReader_InvalidConnectionString_Throws_InvalidConnectionStringException" computerName="DKSR-EFI-06" duration="00:00:00.0024823" startTime="2024-01-09T15:43:55.1073355+01:00" endTime="2024-01-09T15:43:55.1073355+01:00" testType="13cdc9d9-ddb5-4fa4-a97d-d965ccfc6d4b" outcome="Passed" testListId="8c84fa94-04c1-424b-9868-57a2d4851a1d" relativeResultsDirectory="2ec83496-f1d6-4f8c-90c1-a36f71b2b8b8" />
    <UnitTestResult executionId="ef5b4358-4bd2-4a83-b7dc-eebd7043ae5d" testId="5b723daf-af09-91a0-345a-c135ce16530e" testName="ReadSslConfigurations_SunnyDayTest" computerName="DKSR-EFI-06" duration="00:00:00.0208279" startTime="2024-01-09T15:41:30.8257033+01:00" endTime="2024-01-09T15:41:30.8413284+01:00" testType="13cdc9d9-ddb5-4fa4-a97d-d965ccfc6d4b" outcome="Passed" testListId="8c84fa94-04c1-424b-9868-57a2d4851a1d" relativeResultsDirectory="ef5b4358-4bd2-4a83-b7dc-eebd7043ae5d" />
    <UnitTestResult executionId="7e2b1a61-8999-48f8-88f8-b1f9f557e7f2" testId="f57a2b07-8e8c-9d76-cc0f-8d89bdca0ca4" testName="Parse_InvalidData_NullStringTest" computerName="DKSR-EFI-06" duration="00:00:00.0005917" startTime="2024-01-09T15:41:30.6382048+01:00" endTime="2024-01-09T15:41:30.6382048+01:00" testType="13cdc9d9-ddb5-4fa4-a97d-d965ccfc6d4b" outcome="Passed" testListId="8c84fa94-04c1-424b-9868-57a2d4851a1d" relativeResultsDirectory="7e2b1a61-8999-48f8-88f8-b1f9f557e7f2" />
    <UnitTestResult executionId="4f9f192f-d653-401b-b1e5-603eb5913e12" testId="9c9f11d7-7c4b-75ce-a5d7-663cc80417fd" testName="EndpointSupportsSsl_InvalidUri_Null_Throws_ArgumentNullException" computerName="DKSR-EFI-06" duration="00:00:00.0030436" startTime="2024-01-09T15:43:55.3104576+01:00" endTime="2024-01-09T15:43:55.3104576+01:00" testType="13cdc9d9-ddb5-4fa4-a97d-d965ccfc6d4b" outcome="Passed" testListId="8c84fa94-04c1-424b-9868-57a2d4851a1d" relativeResultsDirectory="4f9f192f-d653-401b-b1e5-603eb5913e12" />
    <UnitTestResult executionId="03444823-828d-41c0-a7fc-92fe72e63a18" testId="3ec56139-2f5b-f0af-bf69-a8e82986d9a3" testName="FormatByteSizeStringTest5" computerName="DKSR-EFI-06" duration="00:00:00.0004055" startTime="2024-01-09T15:41:30.2163245+01:00" endTime="2024-01-09T15:41:30.2163245+01:00" testType="13cdc9d9-ddb5-4fa4-a97d-d965ccfc6d4b" outcome="Passed" testListId="8c84fa94-04c1-424b-9868-57a2d4851a1d" relativeResultsDirectory="03444823-828d-41c0-a7fc-92fe72e63a18" />
    <UnitTestResult executionId="9b68a6bc-5b08-4b33-bb77-19ca5598cfb0" testId="29199b1a-8dc7-6a91-9c06-a34a15275ea8" testName="IsValidBase64String_DataDrivenTest (V29ya2luZyBoYXJkIGZvciB0aGUgc3RhY2tzIG9mIGNhc2g=,True)" computerName="DKSR-EFI-06" duration="00:00:00.0000116" startTime="2024-01-09T15:41:31.2319543+01:00" endTime="2024-01-09T15:41:31.2319543+01:00" testType="13cdc9d9-ddb5-4fa4-a97d-d965ccfc6d4b" outcome="Passed" testListId="8c84fa94-04c1-424b-9868-57a2d4851a1d" relativeResultsDirectory="9b68a6bc-5b08-4b33-bb77-19ca5598cfb0" />
    <UnitTestResult executionId="c9144cde-af99-4177-9670-f6e235e7772a" testId="6afda4e9-9f8c-3237-b982-85b4612c3d18" testName="ParserIntegrationTest" computerName="DKSR-EFI-06" duration="00:00:00.0019801" startTime="2024-01-09T15:41:31.0288350+01:00" endTime="2024-01-09T15:41:31.0288350+01:00" testType="13cdc9d9-ddb5-4fa4-a97d-d965ccfc6d4b" outcome="Passed" testListId="8c84fa94-04c1-424b-9868-57a2d4851a1d" relativeResultsDirectory="c9144cde-af99-4177-9670-f6e235e7772a" />
    <UnitTestResult executionId="6efc15fb-a838-4b8c-a67c-3d5eb63ab9d0" testId="77d97a86-1a5d-d799-c662-580704ebb4ff" testName="Given_TwoDifferentPasswords_When_Validating_AProperErrorMessageIsReturned" computerName="DKSR-EFI-06" duration="00:00:00.0053229" startTime="2024-01-09T15:41:30.1069458+01:00" endTime="2024-01-09T15:41:30.1225707+01:00" testType="13cdc9d9-ddb5-4fa4-a97d-d965ccfc6d4b" outcome="Passed" testListId="8c84fa94-04c1-424b-9868-57a2d4851a1d" relativeResultsDirectory="6efc15fb-a838-4b8c-a67c-3d5eb63ab9d0" />
    <UnitTestResult executionId="44c338d7-fe13-4cb0-a882-af6eff55ce14" testId="020278e1-db17-5a0f-fbe8-5c9de3d6118a" testName="Task_Factory_Delay_Cancels" computerName="DKSR-EFI-06" duration="00:00:00.0111575" startTime="2024-01-09T15:41:31.7007103+01:00" endTime="2024-01-09T15:41:31.7163324+01:00" testType="13cdc9d9-ddb5-4fa4-a97d-d965ccfc6d4b" outcome="Passed" testListId="8c84fa94-04c1-424b-9868-57a2d4851a1d" relativeResultsDirectory="44c338d7-fe13-4cb0-a882-af6eff55ce14" />
    <UnitTestResult executionId="a1a0ad91-0e5d-4d82-b6c1-154a9ca41d92" testId="c0093cb3-d174-c24c-af87-4058fe1e0e56" testName="FormatByteSizeStringTest1" computerName="DKSR-EFI-06" duration="00:00:00.0092342" startTime="2024-01-09T15:41:30.1850719+01:00" endTime="2024-01-09T15:41:30.2006974+01:00" testType="13cdc9d9-ddb5-4fa4-a97d-d965ccfc6d4b" outcome="Passed" testListId="8c84fa94-04c1-424b-9868-57a2d4851a1d" relativeResultsDirectory="a1a0ad91-0e5d-4d82-b6c1-154a9ca41d92" />
    <UnitTestResult executionId="1f7d0299-9f34-4654-9521-58ca800b0554" testId="ff890d3e-b7b7-d9b4-ed83-b859b02d2dc2" testName="TestCreateInitialLicenseAndDecrypt_Success" computerName="DKSR-EFI-06" duration="00:00:00.0008628" startTime="2024-01-09T15:41:32.6850926+01:00" endTime="2024-01-09T15:41:32.6850926+01:00" testType="13cdc9d9-ddb5-4fa4-a97d-d965ccfc6d4b" outcome="Passed" testListId="8c84fa94-04c1-424b-9868-57a2d4851a1d" relativeResultsDirectory="1f7d0299-9f34-4654-9521-58ca800b0554" />
    <UnitTestResult executionId="c38b1d01-b61a-416f-907e-15e27c60456d" testId="0723f267-425a-81f7-9210-a8b891ed5292" testName="BeginCommitTransactionInSql_Success" computerName="DKSR-EFI-06" duration="00:00:00.0096499" startTime="2024-01-09T15:43:13.1541111+01:00" endTime="2024-01-09T15:43:13.1541111+01:00" testType="13cdc9d9-ddb5-4fa4-a97d-d965ccfc6d4b" outcome="Passed" testListId="8c84fa94-04c1-424b-9868-57a2d4851a1d" relativeResultsDirectory="c38b1d01-b61a-416f-907e-15e27c60456d" />
    <UnitTestResult executionId="8bc343f8-417e-4526-bb41-386936a8771b" testId="afb9dd82-29f0-cf09-f921-bfceb82c5ba9" testName="CreateWeakWildcard_InvalidPort" computerName="DKSR-EFI-06" duration="00:00:00.0005503" startTime="2024-01-09T15:41:30.6694511+01:00" endTime="2024-01-09T15:41:30.6694511+01:00" testType="13cdc9d9-ddb5-4fa4-a97d-d965ccfc6d4b" outcome="Passed" testListId="8c84fa94-04c1-424b-9868-57a2d4851a1d" relativeResultsDirectory="8bc343f8-417e-4526-bb41-386936a8771b" />
    <UnitTestResult executionId="c70bc4b9-e81f-47ad-956a-e34d9d5c457e" testId="307fe22a-fac9-b87a-1216-aca73ee96639" testName="ShowHelp_OfflineWorkflow__DisplayHtmlHelp_InvokeWithUNCPath" computerName="DKSR-EFI-06" duration="00:00:00.0008793" startTime="2024-01-09T15:42:37.6540040+01:00" endTime="2024-01-09T15:42:37.6540040+01:00" testType="13cdc9d9-ddb5-4fa4-a97d-d965ccfc6d4b" outcome="Passed" testListId="8c84fa94-04c1-424b-9868-57a2d4851a1d" relativeResultsDirectory="c70bc4b9-e81f-47ad-956a-e34d9d5c457e" />
    <UnitTestResult executionId="f526b51d-8d70-4363-a6da-81c2268a5925" testId="08e6f33d-3e40-08d5-9977-fd4c7de4b765" testName="Given_TooWeakPassword_When_Validating_AProperErrorMessageIsReturned" computerName="DKSR-EFI-06" duration="00:00:00.0002776" startTime="2024-01-09T15:41:30.1381957+01:00" endTime="2024-01-09T15:41:30.1381957+01:00" testType="13cdc9d9-ddb5-4fa4-a97d-d965ccfc6d4b" outcome="Passed" testListId="8c84fa94-04c1-424b-9868-57a2d4851a1d" relativeResultsDirectory="f526b51d-8d70-4363-a6da-81c2268a5925" />
    <UnitTestResult executionId="814accc6-6d43-4ab1-9080-a9aaee46e6da" testId="dc1305d6-a7c3-72c4-dd11-a29a047e7029" testName="EncodeDecode_WhenDataTypeIncompatible_Exception" computerName="DKSR-EFI-06" duration="00:00:00.0021516" startTime="2024-01-09T15:42:37.7790064+01:00" endTime="2024-01-09T15:42:37.7790064+01:00" testType="13cdc9d9-ddb5-4fa4-a97d-d965ccfc6d4b" outcome="Passed" testListId="8c84fa94-04c1-424b-9868-57a2d4851a1d" relativeResultsDirectory="814accc6-6d43-4ab1-9080-a9aaee46e6da" />
    <UnitTestResult executionId="35f063b7-5834-47ac-9f9f-7a319b260158" testId="c915de97-2303-a6b8-fd02-ef6b7a768381" testName="CheckSignatureWithChangedSignature" computerName="DKSR-EFI-06" duration="00:00:00.0015994" startTime="2024-01-09T15:43:57.3729647+01:00" endTime="2024-01-09T15:43:57.3729647+01:00" testType="13cdc9d9-ddb5-4fa4-a97d-d965ccfc6d4b" outcome="Passed" testListId="8c84fa94-04c1-424b-9868-57a2d4851a1d" relativeResultsDirectory="35f063b7-5834-47ac-9f9f-7a319b260158" />
    <UnitTestResult executionId="688f9a0e-cb67-48e5-bef7-60646f3627bb" testId="e0b8b063-cc2e-f702-2b53-1f80cea70f32" testName="EventServerSqlConnectionStorage_Constructor_Success" computerName="DKSR-EFI-06" duration="00:00:00.0017804" startTime="2024-01-09T15:43:55.0135820+01:00" endTime="2024-01-09T15:43:55.0292093+01:00" testType="13cdc9d9-ddb5-4fa4-a97d-d965ccfc6d4b" outcome="Passed" testListId="8c84fa94-04c1-424b-9868-57a2d4851a1d" relativeResultsDirectory="688f9a0e-cb67-48e5-bef7-60646f3627bb" />
    <UnitTestResult executionId="19dbb5a3-739d-4750-8a66-c3fed6360531" testId="8f187ae8-0766-75f6-92c8-4065ce3ca9e1" testName="Constructor_ShouldThrowArgumentNullException_WhenPasswordProviderIsNull" computerName="DKSR-EFI-06" duration="00:00:00.0141432" startTime="2024-01-09T15:42:37.3571286+01:00" endTime="2024-01-09T15:42:37.3727529+01:00" testType="13cdc9d9-ddb5-4fa4-a97d-d965ccfc6d4b" outcome="Passed" testListId="8c84fa94-04c1-424b-9868-57a2d4851a1d" relativeResultsDirectory="19dbb5a3-739d-4750-8a66-c3fed6360531" />
    <UnitTestResult executionId="d0867346-1c2f-4293-bdf5-161d945b7ba2" testId="39d84630-3e13-bb2a-de9f-5cd03c05fc3b" testName="FormatTimeSpanStringTest3" computerName="DKSR-EFI-06" duration="00:00:00.0001701" startTime="2024-01-09T15:41:30.1694487+01:00" endTime="2024-01-09T15:41:30.1694487+01:00" testType="13cdc9d9-ddb5-4fa4-a97d-d965ccfc6d4b" outcome="Passed" testListId="8c84fa94-04c1-424b-9868-57a2d4851a1d" relativeResultsDirectory="d0867346-1c2f-4293-bdf5-161d945b7ba2" />
    <UnitTestResult executionId="2732faf3-7abc-4edf-8bd7-9f9b2ed3400a" testId="46a9610b-f156-f766-715e-a2a222591964" testName="PrettifyInlineXmlStringTest4" computerName="DKSR-EFI-06" duration="00:00:00.0010766" startTime="2024-01-09T15:41:30.4038229+01:00" endTime="2024-01-09T15:41:30.4038229+01:00" testType="13cdc9d9-ddb5-4fa4-a97d-d965ccfc6d4b" outcome="Passed" testListId="8c84fa94-04c1-424b-9868-57a2d4851a1d" relativeResultsDirectory="2732faf3-7abc-4edf-8bd7-9f9b2ed3400a" />
    <UnitTestResult executionId="acb6a800-3f38-4ca4-8337-3ce117dc6c5a" testId="bbf8c752-4784-ef40-3db3-d74c499ba536" testName="RunRetryableActionWhileInTransactionLevel0Fails" computerName="DKSR-EFI-06" duration="00:00:00.3706522" startTime="2024-01-09T15:43:51.7323154+01:00" endTime="2024-01-09T15:43:52.1073180+01:00" testType="13cdc9d9-ddb5-4fa4-a97d-d965ccfc6d4b" outcome="Passed" testListId="8c84fa94-04c1-424b-9868-57a2d4851a1d" relativeResultsDirectory="acb6a800-3f38-4ca4-8337-3ce117dc6c5a" />
    <UnitTestResult executionId="c08274c6-44d7-4cdb-938f-5df1a288112a" testId="954c9117-406b-1754-d99a-c6a327b0d5d4" testName="CreateExplicit_IPv4Host" computerName="DKSR-EFI-06" duration="00:00:00.0011176" startTime="2024-01-09T15:41:30.7163258+01:00" endTime="2024-01-09T15:41:30.7163258+01:00" testType="13cdc9d9-ddb5-4fa4-a97d-d965ccfc6d4b" outcome="Passed" testListId="8c84fa94-04c1-424b-9868-57a2d4851a1d" relativeResultsDirectory="c08274c6-44d7-4cdb-938f-5df1a288112a" />
    <UnitTestResult executionId="e5428b31-87dd-41ab-9e4c-bc7a1f3f50ab" testId="66af18d1-3c4a-bdc0-363d-39fdb1c16fb5" testName="Parse_StrongWildcard_Https_NoRelativePathTest_NoTrailingSlash" computerName="DKSR-EFI-06" duration="00:00:00.0002084" startTime="2024-01-09T15:41:30.6069503+01:00" endTime="2024-01-09T15:41:30.6069503+01:00" testType="13cdc9d9-ddb5-4fa4-a97d-d965ccfc6d4b" outcome="Passed" testListId="8c84fa94-04c1-424b-9868-57a2d4851a1d" relativeResultsDirectory="e5428b31-87dd-41ab-9e4c-bc7a1f3f50ab" />
    <UnitTestResult executionId="98689133-4670-4545-99ae-fe7cc8b4d55f" testId="d2e0f34d-8861-b808-10a0-dd1e3ad0a537" testName="Constructor_ShouldThrowArgumentNullException_WhenLoggerIsNull" computerName="DKSR-EFI-06" duration="00:00:00.0007347" startTime="2024-01-09T15:42:37.3883786+01:00" endTime="2024-01-09T15:42:37.3883786+01:00" testType="13cdc9d9-ddb5-4fa4-a97d-d965ccfc6d4b" outcome="Passed" testListId="8c84fa94-04c1-424b-9868-57a2d4851a1d" relativeResultsDirectory="98689133-4670-4545-99ae-fe7cc8b4d55f" />
    <UnitTestResult executionId="de35a762-c385-4415-8a6a-4b3957001884" testId="c2067aaa-c435-63c7-5ffc-c02780c3c66c" testName="RetryableActionRetriedWhenOwnerOfTheTransaction" computerName="DKSR-EFI-06" duration="00:00:00.8972519" startTime="2024-01-09T15:43:53.7479516+01:00" endTime="2024-01-09T15:43:54.6385809+01:00" testType="13cdc9d9-ddb5-4fa4-a97d-d965ccfc6d4b" outcome="Passed" testListId="8c84fa94-04c1-424b-9868-57a2d4851a1d" relativeResultsDirectory="de35a762-c385-4415-8a6a-4b3957001884" />
    <UnitTestResult executionId="2c979425-3570-4871-87bb-5357d2dd7a97" testId="5c0a09c0-9baa-c1c5-77a2-5d4bd6f2283d" testName="GetServerName_Success" computerName="DKSR-EFI-06" duration="00:00:00.0009900" startTime="2024-01-09T15:43:55.2167056+01:00" endTime="2024-01-09T15:43:55.2167056+01:00" testType="13cdc9d9-ddb5-4fa4-a97d-d965ccfc6d4b" outcome="Passed" testListId="8c84fa94-04c1-424b-9868-57a2d4851a1d" relativeResultsDirectory="2c979425-3570-4871-87bb-5357d2dd7a97" />
    <UnitTestResult executionId="5337054d-44f2-4a4b-8c6d-86b4761dd888" testId="134b6de9-b038-4f94-f3f5-719f775f15b7" testName="FormatByteSizeStringExactUlongTest12" computerName="DKSR-EFI-06" duration="00:00:00.0001683" startTime="2024-01-09T15:41:30.3569469+01:00" endTime="2024-01-09T15:41:30.3569469+01:00" testType="13cdc9d9-ddb5-4fa4-a97d-d965ccfc6d4b" outcome="Passed" testListId="8c84fa94-04c1-424b-9868-57a2d4851a1d" relativeResultsDirectory="5337054d-44f2-4a4b-8c6d-86b4761dd888" />
    <UnitTestResult executionId="1c408c36-3bc1-422b-858b-bb13fc6f4eab" testId="a5a83dbc-7dbf-2fc7-63d9-c3c32958ddb2" testName="TestIsValidHostName_WithNull" computerName="DKSR-EFI-06" duration="00:00:00.0018253" startTime="2024-01-09T15:43:55.2635811+01:00" endTime="2024-01-09T15:43:55.2635811+01:00" testType="13cdc9d9-ddb5-4fa4-a97d-d965ccfc6d4b" outcome="Passed" testListId="8c84fa94-04c1-424b-9868-57a2d4851a1d" relativeResultsDirectory="1c408c36-3bc1-422b-858b-bb13fc6f4eab">
      <Output>
        <StdOut>Debug Trace:&#xD;
Fail: hostName is null</StdOut>
      </Output>
    </UnitTestResult>
    <UnitTestResult executionId="e04ade34-4f79-439c-91b2-6ada244a38b3" testId="c17e6a49-5090-3c4e-6c3c-c83ce25eb232" testName="Parse_IPBoundWeakWildcard_IPv6_Http_WithRelativePathTest" computerName="DKSR-EFI-06" duration="00:00:00.0017030" startTime="2024-01-09T15:41:30.6225744+01:00" endTime="2024-01-09T15:41:30.6225744+01:00" testType="13cdc9d9-ddb5-4fa4-a97d-d965ccfc6d4b" outcome="Passed" testListId="8c84fa94-04c1-424b-9868-57a2d4851a1d" relativeResultsDirectory="e04ade34-4f79-439c-91b2-6ada244a38b3" />
    <UnitTestResult executionId="b9b25b30-fd8d-4fdb-ae9f-805b1c5976f9" testId="bfd927da-87a0-bf65-ed2b-dd9388826410" testName="SimpleErrorLevel" computerName="DKSR-EFI-06" duration="00:00:00.0003038" startTime="2024-01-09T15:43:06.2790852+01:00" endTime="2024-01-09T15:43:06.2790852+01:00" testType="13cdc9d9-ddb5-4fa4-a97d-d965ccfc6d4b" outcome="Passed" testListId="8c84fa94-04c1-424b-9868-57a2d4851a1d" relativeResultsDirectory="b9b25b30-fd8d-4fdb-ae9f-805b1c5976f9" />
    <UnitTestResult executionId="40965c76-bbd7-4247-8283-91908bc6ede9" testId="f10d3486-2847-7d12-3e88-c0a981db92bc" testName="UseEncryptionAndDecryptWithAndWithoutCompression" computerName="DKSR-EFI-06" duration="00:00:00.0084315" startTime="2024-01-09T15:43:55.7323386+01:00" endTime="2024-01-09T15:43:55.7323386+01:00" testType="13cdc9d9-ddb5-4fa4-a97d-d965ccfc6d4b" outcome="Passed" testListId="8c84fa94-04c1-424b-9868-57a2d4851a1d" relativeResultsDirectory="40965c76-bbd7-4247-8283-91908bc6ede9" />
    <UnitTestResult executionId="44cb5a75-5b6d-4080-9ac5-107ee69b976c" testId="25d0d593-c917-5b84-83b3-a4ee44dec843" testName="FormatByteSizeStringTest9" computerName="DKSR-EFI-06" duration="00:00:00.0004231" startTime="2024-01-09T15:41:30.2163245+01:00" endTime="2024-01-09T15:41:30.2319495+01:00" testType="13cdc9d9-ddb5-4fa4-a97d-d965ccfc6d4b" outcome="Passed" testListId="8c84fa94-04c1-424b-9868-57a2d4851a1d" relativeResultsDirectory="44cb5a75-5b6d-4080-9ac5-107ee69b976c" />
    <UnitTestResult executionId="1dc985e4-a5ed-485c-87ef-c52537682608" testId="95addf67-51d6-243f-594c-cd203efa3cab" testName="HelpManager_ctor_Success" computerName="DKSR-EFI-06" duration="00:00:00.0020892" startTime="2024-01-09T15:42:37.4822294+01:00" endTime="2024-01-09T15:42:37.4822294+01:00" testType="13cdc9d9-ddb5-4fa4-a97d-d965ccfc6d4b" outcome="Passed" testListId="8c84fa94-04c1-424b-9868-57a2d4851a1d" relativeResultsDirectory="1dc985e4-a5ed-485c-87ef-c52537682608" />
    <UnitTestResult executionId="070b2b8e-7a74-493f-82f6-61289b49d3ef" testId="1b538ca9-c94c-0790-db61-f82e581895c1" testName="EncryptionFactory_Throws_OnCreateAsymmetricWithKeysNullPaddingAndBlobNotNull" computerName="DKSR-EFI-06" duration="00:00:00.0006082" startTime="2024-01-09T15:43:56.7948384+01:00" endTime="2024-01-09T15:43:56.7948384+01:00" testType="13cdc9d9-ddb5-4fa4-a97d-d965ccfc6d4b" outcome="Passed" testListId="8c84fa94-04c1-424b-9868-57a2d4851a1d" relativeResultsDirectory="070b2b8e-7a74-493f-82f6-61289b49d3ef" />
    <UnitTestResult executionId="2025e4cf-4237-44c0-b8eb-93969674516d" testId="feade2f2-c9fd-971a-67c4-c7ca175b076d" testName="ExecuteReaderWithTaskFactory" computerName="DKSR-EFI-06" duration="00:00:00.0122088" startTime="2024-01-09T15:43:08.9509769+01:00" endTime="2024-01-09T15:43:08.9665966+01:00" testType="13cdc9d9-ddb5-4fa4-a97d-d965ccfc6d4b" outcome="Passed" testListId="8c84fa94-04c1-424b-9868-57a2d4851a1d" relativeResultsDirectory="2025e4cf-4237-44c0-b8eb-93969674516d" />
    <UnitTestResult executionId="db5e4f2b-4952-46af-b074-207bdfb7f368" testId="279c7b2c-62d7-e632-1d8c-7c130e62a06d" testName="DeletePassword_CorrectlyThrowsSecurityException_WhenPermissionsError" computerName="DKSR-EFI-06" duration="00:00:00.0017991" startTime="2024-01-09T15:42:37.2321292+01:00" endTime="2024-01-09T15:42:37.2321292+01:00" testType="13cdc9d9-ddb5-4fa4-a97d-d965ccfc6d4b" outcome="Passed" testListId="8c84fa94-04c1-424b-9868-57a2d4851a1d" relativeResultsDirectory="db5e4f2b-4952-46af-b074-207bdfb7f368" />
    <UnitTestResult executionId="506bd4fd-7ec1-48a0-a129-1903cb8c9096" testId="f946c001-2088-2a4c-235b-e55c2bf881df" testName="Parse_InvalidData_InvalidPortTest4" computerName="DKSR-EFI-06" duration="00:00:00.0005126" startTime="2024-01-09T15:41:30.6538248+01:00" endTime="2024-01-09T15:41:30.6538248+01:00" testType="13cdc9d9-ddb5-4fa4-a97d-d965ccfc6d4b" outcome="Passed" testListId="8c84fa94-04c1-424b-9868-57a2d4851a1d" relativeResultsDirectory="506bd4fd-7ec1-48a0-a129-1903cb8c9096" />
    <UnitTestResult executionId="4b603ef3-3e9f-40cf-b476-d0979942db57" testId="c2de417d-b1d2-eef7-c7a6-ad1c229cf712" testName="WriteTest" computerName="DKSR-EFI-06" duration="00:00:26.6628568" startTime="2024-01-09T15:42:39.5915117+01:00" endTime="2024-01-09T15:43:06.2634659+01:00" testType="13cdc9d9-ddb5-4fa4-a97d-d965ccfc6d4b" outcome="Passed" testListId="8c84fa94-04c1-424b-9868-57a2d4851a1d" relativeResultsDirectory="4b603ef3-3e9f-40cf-b476-d0979942db57" />
    <UnitTestResult executionId="65d60f58-ffc8-4075-adc6-ce5f601aed9c" testId="5807c780-3308-306a-b3ff-0496876717a2" testName="FormatTimeSpanStringTest4" computerName="DKSR-EFI-06" duration="00:00:00.0003053" startTime="2024-01-09T15:41:30.1694487+01:00" endTime="2024-01-09T15:41:30.1694487+01:00" testType="13cdc9d9-ddb5-4fa4-a97d-d965ccfc6d4b" outcome="Passed" testListId="8c84fa94-04c1-424b-9868-57a2d4851a1d" relativeResultsDirectory="65d60f58-ffc8-4075-adc6-ce5f601aed9c" />
    <UnitTestResult executionId="43e3a960-e89e-477f-8415-55f0da594f98" testId="3e58a3f3-e167-2cb9-8bde-357e5cd2944a" testName="CreateCommandAsync" computerName="DKSR-EFI-06" duration="00:00:00.7312986" startTime="2024-01-09T15:43:13.4666132+01:00" endTime="2024-01-09T15:43:14.2009903+01:00" testType="13cdc9d9-ddb5-4fa4-a97d-d965ccfc6d4b" outcome="Passed" testListId="8c84fa94-04c1-424b-9868-57a2d4851a1d" relativeResultsDirectory="43e3a960-e89e-477f-8415-55f0da594f98" />
    <UnitTestResult executionId="e5008f7c-b90e-4ee4-9510-e36566339c61" testId="dd495a7f-5dd2-ba1f-ce8f-cc15c274d433" testName="SecureFolderWithBuiltinAccountGetsCreatedCorrectly" computerName="DKSR-EFI-06" duration="00:00:00.0231732" startTime="2024-01-09T15:41:32.2475874+01:00" endTime="2024-01-09T15:41:32.2802957+01:00" testType="13cdc9d9-ddb5-4fa4-a97d-d965ccfc6d4b" outcome="Passed" testListId="8c84fa94-04c1-424b-9868-57a2d4851a1d" relativeResultsDirectory="e5008f7c-b90e-4ee4-9510-e36566339c61" />
    <UnitTestResult executionId="861ebcd2-9f13-467d-a9ed-e6b7b52da4b8" testId="6bd29839-713f-ccba-0e0c-5fbc266ff70b" testName="IsValidBase64String_DataDrivenTest (SWYgeW91IHJlYWQgdGhpcywgdGhhdCBtZWFucyB0aGF0IHlvdSBhcmUgY29vbCAh,True)" computerName="DKSR-EFI-06" duration="00:00:00.0000111" startTime="2024-01-09T15:41:31.2319543+01:00" endTime="2024-01-09T15:41:31.2319543+01:00" testType="13cdc9d9-ddb5-4fa4-a97d-d965ccfc6d4b" outcome="Passed" testListId="8c84fa94-04c1-424b-9868-57a2d4851a1d" relativeResultsDirectory="861ebcd2-9f13-467d-a9ed-e6b7b52da4b8" />
    <UnitTestResult executionId="bcaf315e-629f-41a3-9ee5-3204795803d5" testId="82a2d9e3-3271-538d-6079-95f7f4aa07c1" testName="ReadUrlReservationInfo_ExceptionThrownTest" computerName="DKSR-EFI-06" duration="00:00:00.0016102" startTime="2024-01-09T15:41:30.8882030+01:00" endTime="2024-01-09T15:41:30.8882030+01:00" testType="13cdc9d9-ddb5-4fa4-a97d-d965ccfc6d4b" outcome="Passed" testListId="8c84fa94-04c1-424b-9868-57a2d4851a1d" relativeResultsDirectory="bcaf315e-629f-41a3-9ee5-3204795803d5" />
    <UnitTestResult executionId="d0ea2c76-c3b3-4112-b5ed-873c1a72d133" testId="720dced2-e8a9-630a-c740-35e6bc8220cd" testName="DatabaseExceptionPropsCanbeCalled" computerName="DKSR-EFI-06" duration="00:00:00.0009411" startTime="2024-01-09T15:43:50.8729379+01:00" endTime="2024-01-09T15:43:50.8729379+01:00" testType="13cdc9d9-ddb5-4fa4-a97d-d965ccfc6d4b" outcome="Passed" testListId="8c84fa94-04c1-424b-9868-57a2d4851a1d" relativeResultsDirectory="d0ea2c76-c3b3-4112-b5ed-873c1a72d133" />
    <UnitTestResult executionId="93a3a76f-8154-420e-9840-9b47f2cfebdb" testId="48c8ede3-08d7-325a-e284-aeded3841607" testName="Constructor_ShouldCreateSecureFolder" computerName="DKSR-EFI-06" duration="00:00:00.0358485" startTime="2024-01-09T15:42:37.2790033+01:00" endTime="2024-01-09T15:42:37.3258816+01:00" testType="13cdc9d9-ddb5-4fa4-a97d-d965ccfc6d4b" outcome="Passed" testListId="8c84fa94-04c1-424b-9868-57a2d4851a1d" relativeResultsDirectory="93a3a76f-8154-420e-9840-9b47f2cfebdb" />
    <UnitTestResult executionId="35e85b78-ca9a-4b01-a9a9-ddb94e081c01" testId="a31c3542-4e38-bd00-15b1-6d91136089ff" testName="Construction_KeyInformationIsDifferent_OnDefaultConstruction" computerName="DKSR-EFI-06" duration="00:00:00.2320850" startTime="2024-01-09T15:43:56.0604618+01:00" endTime="2024-01-09T15:43:56.2948360+01:00" testType="13cdc9d9-ddb5-4fa4-a97d-d965ccfc6d4b" outcome="Passed" testListId="8c84fa94-04c1-424b-9868-57a2d4851a1d" relativeResultsDirectory="35e85b78-ca9a-4b01-a9a9-ddb94e081c01" />
    <UnitTestResult executionId="007df2c7-ba1b-4572-8ce3-47407e3b2ece" testId="5b81d6e5-094a-36a1-d020-7e14c1925021" testName="Async_Method_Fires_Exception" computerName="DKSR-EFI-06" duration="00:00:00.0092128" startTime="2024-01-09T15:41:32.0132102+01:00" endTime="2024-01-09T15:41:32.0288347+01:00" testType="13cdc9d9-ddb5-4fa4-a97d-d965ccfc6d4b" outcome="Passed" testListId="8c84fa94-04c1-424b-9868-57a2d4851a1d" relativeResultsDirectory="007df2c7-ba1b-4572-8ce3-47407e3b2ece" />
    <UnitTestResult executionId="ac332a0c-aafb-46dd-bb07-2455cb135088" testId="d2c6cd89-3134-4c47-ed4c-f9654d49986a" testName="FormatByteSizeStringExactTest2" computerName="DKSR-EFI-06" duration="00:00:00.0001316" startTime="2024-01-09T15:41:30.2944485+01:00" endTime="2024-01-09T15:41:30.2944485+01:00" testType="13cdc9d9-ddb5-4fa4-a97d-d965ccfc6d4b" outcome="Passed" testListId="8c84fa94-04c1-424b-9868-57a2d4851a1d" relativeResultsDirectory="ac332a0c-aafb-46dd-bb07-2455cb135088" />
    <UnitTestResult executionId="9fa808f0-bf52-4a4d-9078-baef69cf839b" testId="df564ab0-dfdc-d966-9933-aab49384cecf" testName="FormatByteSizeStringExactTest3" computerName="DKSR-EFI-06" duration="00:00:00.0001806" startTime="2024-01-09T15:41:30.3100760+01:00" endTime="2024-01-09T15:41:30.3100760+01:00" testType="13cdc9d9-ddb5-4fa4-a97d-d965ccfc6d4b" outcome="Passed" testListId="8c84fa94-04c1-424b-9868-57a2d4851a1d" relativeResultsDirectory="9fa808f0-bf52-4a4d-9078-baef69cf839b" />
    <UnitTestResult executionId="11707cd6-6c51-4026-b239-e772937775db" testId="fd85e03e-0f3d-0871-554a-94dfeafc096e" testName="CreateSignatureWithPublicKey" computerName="DKSR-EFI-06" duration="00:00:00.0014507" startTime="2024-01-09T15:43:57.3885901+01:00" endTime="2024-01-09T15:43:57.3885901+01:00" testType="13cdc9d9-ddb5-4fa4-a97d-d965ccfc6d4b" outcome="Passed" testListId="8c84fa94-04c1-424b-9868-57a2d4851a1d" relativeResultsDirectory="11707cd6-6c51-4026-b239-e772937775db" />
    <UnitTestResult executionId="e53ed58b-06ec-4674-bfe6-be32d3402603" testId="41ab5df0-246c-41ee-1afd-7874e186cabc" testName="DecryptAfterEncrypt_ShouldReturnSameByteArray" computerName="DKSR-EFI-06" duration="00:00:00.0004396" startTime="2024-01-09T15:43:55.6229570+01:00" endTime="2024-01-09T15:43:55.6229570+01:00" testType="13cdc9d9-ddb5-4fa4-a97d-d965ccfc6d4b" outcome="Passed" testListId="8c84fa94-04c1-424b-9868-57a2d4851a1d" relativeResultsDirectory="e53ed58b-06ec-4674-bfe6-be32d3402603" />
    <UnitTestResult executionId="09c829fe-49e6-4efb-a454-605d9af11721" testId="b277a2ac-923b-e5c0-c105-5378a94b63a7" testName="Sync_And_Clear" computerName="DKSR-EFI-06" duration="00:00:00.0009971" startTime="2024-01-09T15:43:57.6542196+01:00" endTime="2024-01-09T15:43:57.6542196+01:00" testType="13cdc9d9-ddb5-4fa4-a97d-d965ccfc6d4b" outcome="Passed" testListId="8c84fa94-04c1-424b-9868-57a2d4851a1d" relativeResultsDirectory="09c829fe-49e6-4efb-a454-605d9af11721" />
    <UnitTestResult executionId="31ca9c8b-759a-4b47-ae99-440a280cc04a" testId="58c42bcc-eb60-32a9-24ac-5c0aaccec6ed" testName="Close_WhenNotInitialized_RefuseMessageCorrect" computerName="DKSR-EFI-06" duration="00:00:00.0005549" startTime="2024-01-09T15:41:30.4663225+01:00" endTime="2024-01-09T15:41:30.4663225+01:00" testType="13cdc9d9-ddb5-4fa4-a97d-d965ccfc6d4b" outcome="Passed" testListId="8c84fa94-04c1-424b-9868-57a2d4851a1d" relativeResultsDirectory="31ca9c8b-759a-4b47-ae99-440a280cc04a" />
    <UnitTestResult executionId="4bf0bdd0-430e-4b5d-87eb-ff8a76fdcefc" testId="884ecb2f-ce03-ec43-c561-69cc10afb055" testName="Parse_StrongWildcard_Https_WithRelativePathTest_NoTrailingSlash" computerName="DKSR-EFI-06" duration="00:00:00.0002040" startTime="2024-01-09T15:41:30.6225744+01:00" endTime="2024-01-09T15:41:30.6225744+01:00" testType="13cdc9d9-ddb5-4fa4-a97d-d965ccfc6d4b" outcome="Passed" testListId="8c84fa94-04c1-424b-9868-57a2d4851a1d" relativeResultsDirectory="4bf0bdd0-430e-4b5d-87eb-ff8a76fdcefc" />
    <UnitTestResult executionId="7dfc379c-c9e6-46e3-ad57-d52adcf16109" testId="c8b65bc1-31fc-e839-1b8f-c9084a99b790" testName="CommandTimeout_IncreaseDefaultTimeout_Success" computerName="DKSR-EFI-06" duration="00:00:01.0102314" startTime="2024-01-09T15:43:09.2478508+01:00" endTime="2024-01-09T15:43:10.2634789+01:00" testType="13cdc9d9-ddb5-4fa4-a97d-d965ccfc6d4b" outcome="Passed" testListId="8c84fa94-04c1-424b-9868-57a2d4851a1d" relativeResultsDirectory="7dfc379c-c9e6-46e3-ad57-d52adcf16109" />
    <UnitTestResult executionId="176f8c9e-83d9-4915-9b51-fc76e0c6f65a" testId="ff838e13-6bab-731d-a74c-6f0fc683652a" testName="EnforceSslConfiguration_ConflictTest" computerName="DKSR-EFI-06" duration="00:00:00.0016759" startTime="2024-01-09T15:41:30.9507022+01:00" endTime="2024-01-09T15:41:30.9663275+01:00" testType="13cdc9d9-ddb5-4fa4-a97d-d965ccfc6d4b" outcome="Passed" testListId="8c84fa94-04c1-424b-9868-57a2d4851a1d" relativeResultsDirectory="176f8c9e-83d9-4915-9b51-fc76e0c6f65a" />
    <UnitTestResult executionId="f3063556-783a-4178-be74-6740110f2068" testId="a2b7e2de-0db6-3731-43cf-cc62cedd9a68" testName="Decode_WhenDataNotDeserializable_Exception" computerName="DKSR-EFI-06" duration="00:00:00.0012882" startTime="2024-01-09T15:42:37.7790064+01:00" endTime="2024-01-09T15:42:37.7790064+01:00" testType="13cdc9d9-ddb5-4fa4-a97d-d965ccfc6d4b" outcome="Passed" testListId="8c84fa94-04c1-424b-9868-57a2d4851a1d" relativeResultsDirectory="f3063556-783a-4178-be74-6740110f2068" />
    <UnitTestResult executionId="d1cc7014-b6ac-4c9b-bc60-d80373b4fa1f" testId="aa9c40ce-f613-f729-f8f5-0d43cbdfea0e" testName="Construct_WhenDataTypeNotSerializable_Exception" computerName="DKSR-EFI-06" duration="00:00:00.0012742" startTime="2024-01-09T15:42:37.7633824+01:00" endTime="2024-01-09T15:42:37.7633824+01:00" testType="13cdc9d9-ddb5-4fa4-a97d-d965ccfc6d4b" outcome="Passed" testListId="8c84fa94-04c1-424b-9868-57a2d4851a1d" relativeResultsDirectory="d1cc7014-b6ac-4c9b-bc60-d80373b4fa1f" />
    <UnitTestResult executionId="bb37a3e7-be32-4d5a-a76c-164954c0a30e" testId="a3a86eec-fc7e-0b7c-774b-2ea596e0516f" testName="Constructor_String_SqlDbType_Int_Success" computerName="DKSR-EFI-06" duration="00:00:00.0006144" startTime="2024-01-09T15:43:55.0135820+01:00" endTime="2024-01-09T15:43:55.0135820+01:00" testType="13cdc9d9-ddb5-4fa4-a97d-d965ccfc6d4b" outcome="Passed" testListId="8c84fa94-04c1-424b-9868-57a2d4851a1d" relativeResultsDirectory="bb37a3e7-be32-4d5a-a76c-164954c0a30e" />
    <UnitTestResult executionId="323b9d6a-d067-4150-84c6-d2e0cd65a26f" testId="a490e7e3-6c82-1670-0095-a769f3bb9318" testName="StartWritingSession_ShouldThrowArgumentNullException_WhenAccountNameIsNull" computerName="DKSR-EFI-06" duration="00:00:00.0009164" startTime="2024-01-09T15:42:37.2165020+01:00" endTime="2024-01-09T15:42:37.2165020+01:00" testType="13cdc9d9-ddb5-4fa4-a97d-d965ccfc6d4b" outcome="Passed" testListId="8c84fa94-04c1-424b-9868-57a2d4851a1d" relativeResultsDirectory="323b9d6a-d067-4150-84c6-d2e0cd65a26f" />
    <UnitTestResult executionId="f1bd878f-fb27-4e82-94f8-100bb7df7c68" testId="77859cfb-b1e5-83eb-e2d0-c9d51897f8dd" testName="ExecuteReaderGetBinary" computerName="DKSR-EFI-06" duration="00:00:00.0067450" startTime="2024-01-09T15:43:08.9665966+01:00" endTime="2024-01-09T15:43:08.9822249+01:00" testType="13cdc9d9-ddb5-4fa4-a97d-d965ccfc6d4b" outcome="Passed" testListId="8c84fa94-04c1-424b-9868-57a2d4851a1d" relativeResultsDirectory="f1bd878f-fb27-4e82-94f8-100bb7df7c68" />
    <UnitTestResult executionId="b7ad8ea8-0ed0-4431-ac41-8fdba9d61821" testId="1d1d1b7c-0ecd-b276-388a-9342bac3302f" testName="Parse_StrongWildcard_Https_NoRelativePathTest" computerName="DKSR-EFI-06" duration="00:00:00.0002003" startTime="2024-01-09T15:41:30.6069503+01:00" endTime="2024-01-09T15:41:30.6069503+01:00" testType="13cdc9d9-ddb5-4fa4-a97d-d965ccfc6d4b" outcome="Passed" testListId="8c84fa94-04c1-424b-9868-57a2d4851a1d" relativeResultsDirectory="b7ad8ea8-0ed0-4431-ac41-8fdba9d61821" />
    <UnitTestResult executionId="c4b1623a-b540-4307-b3f1-d798435cfd24" testId="401030be-29d7-eb86-f18e-56652d09e0bd" testName="ShowHelp_OfflineWorkflow__DisplayHtmlHelp_InvokeWithHttpPorts9000Url" computerName="DKSR-EFI-06" duration="00:00:00.0008256" startTime="2024-01-09T15:42:37.6383793+01:00" endTime="2024-01-09T15:42:37.6383793+01:00" testType="13cdc9d9-ddb5-4fa4-a97d-d965ccfc6d4b" outcome="Passed" testListId="8c84fa94-04c1-424b-9868-57a2d4851a1d" relativeResultsDirectory="c4b1623a-b540-4307-b3f1-d798435cfd24" />
    <UnitTestResult executionId="2c2bd307-a884-400f-ad3e-7db6abd062a1" testId="ea65016e-24ff-18d8-4db6-a882b2acfbf0" testName="UpdateKey_ShouldReplaceTheKey" computerName="DKSR-EFI-06" duration="00:00:09.7734668" startTime="2024-01-09T15:41:49.4976774+01:00" endTime="2024-01-09T15:41:59.2633372+01:00" testType="13cdc9d9-ddb5-4fa4-a97d-d965ccfc6d4b" outcome="Passed" testListId="8c84fa94-04c1-424b-9868-57a2d4851a1d" relativeResultsDirectory="2c2bd307-a884-400f-ad3e-7db6abd062a1" />
    <UnitTestResult executionId="1936eb12-91e0-4efe-a7e0-4f5cf7dee01a" testId="a5ffaab7-821c-1c5c-3d56-be1c034329a5" testName="FormatByteSizeStringExactULTest9" computerName="DKSR-EFI-06" duration="00:00:00.0001667" startTime="2024-01-09T15:41:30.3413257+01:00" endTime="2024-01-09T15:41:30.3413257+01:00" testType="13cdc9d9-ddb5-4fa4-a97d-d965ccfc6d4b" outcome="Passed" testListId="8c84fa94-04c1-424b-9868-57a2d4851a1d" relativeResultsDirectory="1936eb12-91e0-4efe-a7e0-4f5cf7dee01a" />
    <UnitTestResult executionId="fcc449a6-1fce-4ecd-93a3-c09cbde30da9" testId="07a3a7ab-d824-7f57-0071-5feb7879d8a0" testName="Sync_And_Remove" computerName="DKSR-EFI-06" duration="00:00:00.0012894" startTime="2024-01-09T15:43:57.6542196+01:00" endTime="2024-01-09T15:43:57.6542196+01:00" testType="13cdc9d9-ddb5-4fa4-a97d-d965ccfc6d4b" outcome="Passed" testListId="8c84fa94-04c1-424b-9868-57a2d4851a1d" relativeResultsDirectory="fcc449a6-1fce-4ecd-93a3-c09cbde30da9" />
    <UnitTestResult executionId="948cec21-95c5-4647-a074-ed5805c19b27" testId="8fc1b219-abfe-5492-9bb2-5cbc109a469b" testName="EventServerSqlConnectionStorage_RetrieveConnectionString_64_Success" computerName="DKSR-EFI-06" duration="00:00:00.0125257" startTime="2024-01-09T15:43:55.0292093+01:00" endTime="2024-01-09T15:43:55.0448373+01:00" testType="13cdc9d9-ddb5-4fa4-a97d-d965ccfc6d4b" outcome="Passed" testListId="8c84fa94-04c1-424b-9868-57a2d4851a1d" relativeResultsDirectory="948cec21-95c5-4647-a074-ed5805c19b27" />
    <UnitTestResult executionId="94b92211-0815-45f5-90b5-a6ba3946aef7" testId="2b7d3970-312d-bf9b-fc45-5480e81b41d5" testName="EncryptionFactory_Throws_OnCreateAsymmetricForLicense_WithCngKeyNull" computerName="DKSR-EFI-06" duration="00:00:00.0005488" startTime="2024-01-09T15:43:56.8104618+01:00" endTime="2024-01-09T15:43:56.8104618+01:00" testType="13cdc9d9-ddb5-4fa4-a97d-d965ccfc6d4b" outcome="Passed" testListId="8c84fa94-04c1-424b-9868-57a2d4851a1d" relativeResultsDirectory="94b92211-0815-45f5-90b5-a6ba3946aef7" />
    <UnitTestResult executionId="12052914-00c4-4938-afaf-3c0e55ca02a0" testId="377004f2-12bc-34ff-6f42-7950b88a086a" testName="SetText_MoreThan127Characters_CutsText" computerName="DKSR-EFI-06" duration="00:00:00.0003693" startTime="2024-01-09T15:41:30.5444487+01:00" endTime="2024-01-09T15:41:30.5444487+01:00" testType="13cdc9d9-ddb5-4fa4-a97d-d965ccfc6d4b" outcome="Passed" testListId="8c84fa94-04c1-424b-9868-57a2d4851a1d" relativeResultsDirectory="12052914-00c4-4938-afaf-3c0e55ca02a0" />
    <UnitTestResult executionId="ce8f3074-a07c-4048-a153-9cde5992885b" testId="342188ed-743e-2359-1157-dbb857f7fc35" testName="EnforceUrlReservation_Parameter_NullAceTest" computerName="DKSR-EFI-06" duration="00:00:00.0006863" startTime="2024-01-09T15:41:30.8882030+01:00" endTime="2024-01-09T15:41:30.9038301+01:00" testType="13cdc9d9-ddb5-4fa4-a97d-d965ccfc6d4b" outcome="Passed" testListId="8c84fa94-04c1-424b-9868-57a2d4851a1d" relativeResultsDirectory="ce8f3074-a07c-4048-a153-9cde5992885b" />
    <UnitTestResult executionId="1321ee43-fcd7-462f-81e3-32efe9448cd2" testId="ed97397d-6e25-ff1f-91ac-7705c9785c03" testName="BulkProcessor_Dispose_Success" computerName="DKSR-EFI-06" duration="00:00:00.0007531" startTime="2024-01-09T15:43:57.9042162+01:00" endTime="2024-01-09T15:43:57.9042162+01:00" testType="13cdc9d9-ddb5-4fa4-a97d-d965ccfc6d4b" outcome="Passed" testListId="8c84fa94-04c1-424b-9868-57a2d4851a1d" relativeResultsDirectory="1321ee43-fcd7-462f-81e3-32efe9448cd2" />
    <UnitTestResult executionId="e75cab36-230e-4b7b-b40d-41562cbd49ba" testId="25485208-776a-1dd8-a7a5-59f6826241a1" testName="FormatByteSizeStringExactULTest10" computerName="DKSR-EFI-06" duration="00:00:00.0001687" startTime="2024-01-09T15:41:30.3569469+01:00" endTime="2024-01-09T15:41:30.3569469+01:00" testType="13cdc9d9-ddb5-4fa4-a97d-d965ccfc6d4b" outcome="Passed" testListId="8c84fa94-04c1-424b-9868-57a2d4851a1d" relativeResultsDirectory="e75cab36-230e-4b7b-b40d-41562cbd49ba" />
    <UnitTestResult executionId="1f873714-90ca-4173-a654-69bf2652ac3a" testId="cd279f50-0712-03f7-c7c8-2a1f84e48d3b" testName="EncryptionFactory_Throws_OnCreateAsymmetricWithPaddingNullCngKeyNotNull" computerName="DKSR-EFI-06" duration="00:00:00.0167146" startTime="2024-01-09T15:43:56.7792130+01:00" endTime="2024-01-09T15:43:56.7948384+01:00" testType="13cdc9d9-ddb5-4fa4-a97d-d965ccfc6d4b" outcome="Passed" testListId="8c84fa94-04c1-424b-9868-57a2d4851a1d" relativeResultsDirectory="1f873714-90ca-4173-a654-69bf2652ac3a" />
    <UnitTestResult executionId="11d309e5-a112-4b75-bff8-3b109e390b15" testId="e182530e-f038-5140-1406-9bac6a04acfb" testName="FormatByteSizeStringExactTest5" computerName="DKSR-EFI-06" duration="00:00:00.0001637" startTime="2024-01-09T15:41:30.3256972+01:00" endTime="2024-01-09T15:41:30.3256972+01:00" testType="13cdc9d9-ddb5-4fa4-a97d-d965ccfc6d4b" outcome="Passed" testListId="8c84fa94-04c1-424b-9868-57a2d4851a1d" relativeResultsDirectory="11d309e5-a112-4b75-bff8-3b109e390b15" />
    <UnitTestResult executionId="4eee0865-f842-4d14-a568-b2272ad58507" testId="393d81cc-45e8-faf1-67a6-0c691df5ec41" testName="Constructor_UrlAclInfo_NullPrefix" computerName="DKSR-EFI-06" duration="00:00:00.0006245" startTime="2024-01-09T15:41:31.0444559+01:00" endTime="2024-01-09T15:41:31.0444559+01:00" testType="13cdc9d9-ddb5-4fa4-a97d-d965ccfc6d4b" outcome="Passed" testListId="8c84fa94-04c1-424b-9868-57a2d4851a1d" relativeResultsDirectory="4eee0865-f842-4d14-a568-b2272ad58507" />
    <UnitTestResult executionId="3f722196-7532-4d51-8b51-14eab2b2a3ff" testId="d7846be6-7e4b-5ce8-dbd4-5fe5d9692e54" testName="Given_TooLongPassword_When_Validating_AProperErrorMessageIsReturned" computerName="DKSR-EFI-06" duration="00:00:00.0002631" startTime="2024-01-09T15:41:30.1225707+01:00" endTime="2024-01-09T15:41:30.1225707+01:00" testType="13cdc9d9-ddb5-4fa4-a97d-d965ccfc6d4b" outcome="Passed" testListId="8c84fa94-04c1-424b-9868-57a2d4851a1d" relativeResultsDirectory="3f722196-7532-4d51-8b51-14eab2b2a3ff" />
    <UnitTestResult executionId="11b7c0f7-dade-4e54-95d5-ebe982b1a15c" testId="6c1b5a96-836b-feef-a077-eaf20f42c48a" testName="IsValidBase64String_DataDrivenTest (AAAA,True)" computerName="DKSR-EFI-06" duration="00:00:00.0000093" startTime="2024-01-09T15:41:31.2163288+01:00" endTime="2024-01-09T15:41:31.2163288+01:00" testType="13cdc9d9-ddb5-4fa4-a97d-d965ccfc6d4b" outcome="Passed" testListId="8c84fa94-04c1-424b-9868-57a2d4851a1d" relativeResultsDirectory="11b7c0f7-dade-4e54-95d5-ebe982b1a15c" />
    <UnitTestResult executionId="84290e64-9a11-49e8-9401-477fb8e8aa8a" testId="01e65a26-a5d3-bfb1-c381-2771c7672c34" testName="GetSqlConnection_TrustedConnectionTrue_Success" computerName="DKSR-EFI-06" duration="00:00:00.0011971" startTime="2024-01-09T15:43:55.1385826+01:00" endTime="2024-01-09T15:43:55.1542067+01:00" testType="13cdc9d9-ddb5-4fa4-a97d-d965ccfc6d4b" outcome="Passed" testListId="8c84fa94-04c1-424b-9868-57a2d4851a1d" relativeResultsDirectory="84290e64-9a11-49e8-9401-477fb8e8aa8a" />
    <UnitTestResult executionId="790a60fe-317b-435d-b301-783abd852698" testId="d5be28e1-6c3d-d460-ac2c-bc69a9e330d2" testName="FormatByteSizeStringExactULTest3" computerName="DKSR-EFI-06" duration="00:00:00.0001816" startTime="2024-01-09T15:41:30.3100760+01:00" endTime="2024-01-09T15:41:30.3100760+01:00" testType="13cdc9d9-ddb5-4fa4-a97d-d965ccfc6d4b" outcome="Passed" testListId="8c84fa94-04c1-424b-9868-57a2d4851a1d" relativeResultsDirectory="790a60fe-317b-435d-b301-783abd852698" />
    <UnitTestResult executionId="57b9eaa2-9034-478c-b3d6-b7bff3863ca6" testId="511efe37-5a1d-2f29-8a7a-19f0a3d16960" testName="DetermineLicenseType_InitialLicense_ReturnsLicenseTypeInitial" computerName="DKSR-EFI-06" duration="00:00:00.0003359" startTime="2024-01-09T15:41:32.7007147+01:00" endTime="2024-01-09T15:41:32.7007147+01:00" testType="13cdc9d9-ddb5-4fa4-a97d-d965ccfc6d4b" outcome="Passed" testListId="8c84fa94-04c1-424b-9868-57a2d4851a1d" relativeResultsDirectory="57b9eaa2-9034-478c-b3d6-b7bff3863ca6" />
    <UnitTestResult executionId="ccb61081-9df6-4efa-b6ab-b8af702fed2b" testId="4373c99e-3f83-f1f8-6ffe-41af6d8c0142" testName="Parse_InvalidData_InvalidHostTest1" computerName="DKSR-EFI-06" duration="00:00:00.0005868" startTime="2024-01-09T15:41:30.6382048+01:00" endTime="2024-01-09T15:41:30.6382048+01:00" testType="13cdc9d9-ddb5-4fa4-a97d-d965ccfc6d4b" outcome="Passed" testListId="8c84fa94-04c1-424b-9868-57a2d4851a1d" relativeResultsDirectory="ccb61081-9df6-4efa-b6ab-b8af702fed2b" />
    <UnitTestResult executionId="304ff593-3a63-4567-999c-046ec16fddc9" testId="db3948b9-824e-0a4d-0cde-8550e9e2e4aa" testName="ExecuteReaderWithMultipleParametersAsyncBehaviorAndCancellationToken" computerName="DKSR-EFI-06" duration="00:00:00.0151853" startTime="2024-01-09T15:43:08.9040971+01:00" endTime="2024-01-09T15:43:08.9197255+01:00" testType="13cdc9d9-ddb5-4fa4-a97d-d965ccfc6d4b" outcome="Passed" testListId="8c84fa94-04c1-424b-9868-57a2d4851a1d" relativeResultsDirectory="304ff593-3a63-4567-999c-046ec16fddc9" />
    <UnitTestResult executionId="779b558f-14ff-4c0c-8e39-db4e2092fedc" testId="28029fc9-a988-acd3-7aef-3072786cc6bb" testName="Initialize_Heartbeat_InvokedAndIsOnlineUpdated" computerName="DKSR-EFI-06" duration="00:00:00.0005509" startTime="2024-01-09T15:42:37.7008844+01:00" endTime="2024-01-09T15:42:37.7008844+01:00" testType="13cdc9d9-ddb5-4fa4-a97d-d965ccfc6d4b" outcome="Passed" testListId="8c84fa94-04c1-424b-9868-57a2d4851a1d" relativeResultsDirectory="779b558f-14ff-4c0c-8e39-db4e2092fedc" />
    <UnitTestResult executionId="3587a195-dd73-4504-aa3a-606943b18dc8" testId="283fd4b2-e50d-4660-e957-612a080e8dde" testName="ImportAndExportConfigurationWithoutIV" computerName="DKSR-EFI-06" duration="00:00:00.0046287" startTime="2024-01-09T15:43:55.6854604+01:00" endTime="2024-01-09T15:43:55.6854604+01:00" testType="13cdc9d9-ddb5-4fa4-a97d-d965ccfc6d4b" outcome="Passed" testListId="8c84fa94-04c1-424b-9868-57a2d4851a1d" relativeResultsDirectory="3587a195-dd73-4504-aa3a-606943b18dc8" />
    <UnitTestResult executionId="c98b3eef-fb4d-4f27-8b29-b0df8f7d9d69" testId="6167cf0e-2ca8-10aa-73f7-b2bdd77f7e36" testName="EnforceUrlReservation_NoConflictAccessDeniedTest" computerName="DKSR-EFI-06" duration="00:00:00.0010814" startTime="2024-01-09T15:41:30.9350770+01:00" endTime="2024-01-09T15:41:30.9350770+01:00" testType="13cdc9d9-ddb5-4fa4-a97d-d965ccfc6d4b" outcome="Passed" testListId="8c84fa94-04c1-424b-9868-57a2d4851a1d" relativeResultsDirectory="c98b3eef-fb4d-4f27-8b29-b0df8f7d9d69" />
    <UnitTestResult executionId="f00e9d14-7ff9-4b14-8fef-3d07dcfe9ebe" testId="f279c340-43e7-4882-4d5a-daf8021a3315" testName="Given_FeaturesAreAvailable_When_EnsureFeaturesAreInstalled_WithFeaturesThatInstallsSuccesfully_Then_EnableFeaturesIsCalledWithExpectedArgumentsAndMethodReturnsInstalled" computerName="DKSR-EFI-06" duration="00:00:00.1172455" startTime="2024-01-09T15:42:37.8415052+01:00" endTime="2024-01-09T15:42:37.9665064+01:00" testType="13cdc9d9-ddb5-4fa4-a97d-d965ccfc6d4b" outcome="Passed" testListId="8c84fa94-04c1-424b-9868-57a2d4851a1d" relativeResultsDirectory="f00e9d14-7ff9-4b14-8fef-3d07dcfe9ebe" />
    <UnitTestResult executionId="50f9a275-98e9-44e8-85ba-dd735dd46ac5" testId="7d262306-28f5-9c61-9381-2d687acc0526" testName="FormatByteSizeStringTest2" computerName="DKSR-EFI-06" duration="00:00:00.0003701" startTime="2024-01-09T15:41:30.2006974+01:00" endTime="2024-01-09T15:41:30.2006974+01:00" testType="13cdc9d9-ddb5-4fa4-a97d-d965ccfc6d4b" outcome="Passed" testListId="8c84fa94-04c1-424b-9868-57a2d4851a1d" relativeResultsDirectory="50f9a275-98e9-44e8-85ba-dd735dd46ac5" />
    <UnitTestResult executionId="1351762b-1ac8-4fcf-aaf0-22c41d0e32af" testId="7ef7cf9e-9410-bfa9-57b6-c831f6653307" testName="Constructor_ShouldThrowArgumentNullException_WhenKeyProviderIsNull" computerName="DKSR-EFI-06" duration="00:00:00.0008692" startTime="2024-01-09T15:42:37.3883786+01:00" endTime="2024-01-09T15:42:37.3883786+01:00" testType="13cdc9d9-ddb5-4fa4-a97d-d965ccfc6d4b" outcome="Passed" testListId="8c84fa94-04c1-424b-9868-57a2d4851a1d" relativeResultsDirectory="1351762b-1ac8-4fcf-aaf0-22c41d0e32af" />
    <UnitTestResult executionId="65227f2d-f4f2-45e9-9b59-2f754928d082" testId="5f178983-1688-fde2-250e-ccd47c9963d9" testName="ExecuteReaderMultipleResultSetsAsync" computerName="DKSR-EFI-06" duration="00:00:00.0352843" startTime="2024-01-09T15:43:08.9978492+01:00" endTime="2024-01-09T15:43:09.0290975+01:00" testType="13cdc9d9-ddb5-4fa4-a97d-d965ccfc6d4b" outcome="Passed" testListId="8c84fa94-04c1-424b-9868-57a2d4851a1d" relativeResultsDirectory="65227f2d-f4f2-45e9-9b59-2f754928d082" />
    <UnitTestResult executionId="4e8c7325-8058-4157-86f3-8e45ffe6d051" testId="40d53ff8-3a7f-523a-57c0-cd22766755d4" testName="SetText_127Characters_SetsAll" computerName="DKSR-EFI-06" duration="00:00:00.0436885" startTime="2024-01-09T15:41:30.4663225+01:00" endTime="2024-01-09T15:41:30.5131994+01:00" testType="13cdc9d9-ddb5-4fa4-a97d-d965ccfc6d4b" outcome="Passed" testListId="8c84fa94-04c1-424b-9868-57a2d4851a1d" relativeResultsDirectory="4e8c7325-8058-4157-86f3-8e45ffe6d051" />
    <UnitTestResult executionId="2f5f2524-ff17-4e7e-a619-0836c3dfed11" testId="4d95bc9a-0fda-0918-db17-181daa82a179" testName="GetDatabaseName_Success" computerName="DKSR-EFI-06" duration="00:00:00.0009734" startTime="2024-01-09T15:43:55.2010851+01:00" endTime="2024-01-09T15:43:55.2010851+01:00" testType="13cdc9d9-ddb5-4fa4-a97d-d965ccfc6d4b" outcome="Passed" testListId="8c84fa94-04c1-424b-9868-57a2d4851a1d" relativeResultsDirectory="2f5f2524-ff17-4e7e-a619-0836c3dfed11" />
    <UnitTestResult executionId="8ce1cb90-4583-4f99-9bbf-6447315b471a" testId="488c9566-159e-023d-55f9-6135ea491195" testName="ExecuteScalarAsyncTest" computerName="DKSR-EFI-06" duration="00:00:00.0140069" startTime="2024-01-09T15:43:08.2009705+01:00" endTime="2024-01-09T15:43:08.2166001+01:00" testType="13cdc9d9-ddb5-4fa4-a97d-d965ccfc6d4b" outcome="Passed" testListId="8c84fa94-04c1-424b-9868-57a2d4851a1d" relativeResultsDirectory="8ce1cb90-4583-4f99-9bbf-6447315b471a" />
    <UnitTestResult executionId="fcc8c65e-12b7-49c8-aa8e-c20a92819ec6" testId="bb2297a8-8bdb-2449-af8c-583927bbd3b1" testName="Init_WhenNotInitialized_Continue" computerName="DKSR-EFI-06" duration="00:00:00.0020087" startTime="2024-01-09T15:41:30.4506984+01:00" endTime="2024-01-09T15:41:30.4506984+01:00" testType="13cdc9d9-ddb5-4fa4-a97d-d965ccfc6d4b" outcome="Passed" testListId="8c84fa94-04c1-424b-9868-57a2d4851a1d" relativeResultsDirectory="fcc8c65e-12b7-49c8-aa8e-c20a92819ec6" />
    <UnitTestResult executionId="29927128-1c4e-41f6-9bd8-74c797017afc" testId="de2b3727-42bd-f3c1-88ed-aedeb1f59a88" testName="DecryptAfterEncrypt_ShouldReturnSameStringAsInput_WhenUsingBase64AndUsingPassword" computerName="DKSR-EFI-06" duration="00:00:00.1264325" startTime="2024-01-09T15:43:55.4823333+01:00" endTime="2024-01-09T15:43:55.6073350+01:00" testType="13cdc9d9-ddb5-4fa4-a97d-d965ccfc6d4b" outcome="Passed" testListId="8c84fa94-04c1-424b-9868-57a2d4851a1d" relativeResultsDirectory="29927128-1c4e-41f6-9bd8-74c797017afc" />
    <UnitTestResult executionId="09ca7402-0c7e-49c2-9502-78d0adea9ac8" testId="406ea4ef-9543-88d7-8b75-4f1c74009154" testName="EncryptStringDataTestWrongPasswordRijndael" computerName="DKSR-EFI-06" duration="00:00:00.0390231" startTime="2024-01-09T15:43:55.9042139+01:00" endTime="2024-01-09T15:43:55.9354603+01:00" testType="13cdc9d9-ddb5-4fa4-a97d-d965ccfc6d4b" outcome="Passed" testListId="8c84fa94-04c1-424b-9868-57a2d4851a1d" relativeResultsDirectory="09ca7402-0c7e-49c2-9502-78d0adea9ac8" />
    <UnitTestResult executionId="9425e804-86bc-4a8a-bcbb-68f852cb8c13" testId="12b2272e-7e3e-149e-15be-364df403867d" testName="NullAccountValueResultsInException" computerName="DKSR-EFI-06" duration="00:00:00.0007130" startTime="2024-01-09T15:41:32.3413381+01:00" endTime="2024-01-09T15:41:32.3413381+01:00" testType="13cdc9d9-ddb5-4fa4-a97d-d965ccfc6d4b" outcome="Passed" testListId="8c84fa94-04c1-424b-9868-57a2d4851a1d" relativeResultsDirectory="9425e804-86bc-4a8a-bcbb-68f852cb8c13" />
    <UnitTestResult executionId="bf8815a1-90ad-4faf-88eb-5222fb5f4baf" testId="640f2c79-4967-64e1-22df-3628571d9acc" testName="FormatByteSizeStringTest3" computerName="DKSR-EFI-06" duration="00:00:00.0002430" startTime="2024-01-09T15:41:30.2006974+01:00" endTime="2024-01-09T15:41:30.2006974+01:00" testType="13cdc9d9-ddb5-4fa4-a97d-d965ccfc6d4b" outcome="Passed" testListId="8c84fa94-04c1-424b-9868-57a2d4851a1d" relativeResultsDirectory="bf8815a1-90ad-4faf-88eb-5222fb5f4baf" />
    <UnitTestResult executionId="e7f75c7c-097c-4aab-bb2e-2f6b68a271c1" testId="84d3882a-5020-37f2-ee66-e79b1bc2b5cd" testName="FormatTimeSpanStringTest1" computerName="DKSR-EFI-06" duration="00:00:00.0038246" startTime="2024-01-09T15:41:30.1538238+01:00" endTime="2024-01-09T15:41:30.1538238+01:00" testType="13cdc9d9-ddb5-4fa4-a97d-d965ccfc6d4b" outcome="Passed" testListId="8c84fa94-04c1-424b-9868-57a2d4851a1d" relativeResultsDirectory="e7f75c7c-097c-4aab-bb2e-2f6b68a271c1" />
    <UnitTestResult executionId="a27fb400-5aec-4bd9-ab1a-62da4b0080ec" testId="90280cc0-709a-6c6d-8bb6-ae7ecee93410" testName="ForceUpdate_ReturnsUpdateTrue_WhenConditionsNotChanged" computerName="DKSR-EFI-06" duration="00:00:00.0006919" startTime="2024-01-09T15:41:30.4350751+01:00" endTime="2024-01-09T15:41:30.4506984+01:00" testType="13cdc9d9-ddb5-4fa4-a97d-d965ccfc6d4b" outcome="Passed" testListId="8c84fa94-04c1-424b-9868-57a2d4851a1d" relativeResultsDirectory="a27fb400-5aec-4bd9-ab1a-62da4b0080ec" />
    <UnitTestResult executionId="35832412-9bb0-4786-8a19-e9c0209177f4" testId="fda3a10d-ad1f-2ed2-cd85-9dbb0bec604d" testName="EventServerSqlConnectionStorage_RetrieveConnectionString_Returns_Null_Success" computerName="DKSR-EFI-06" duration="00:00:00.0087609" startTime="2024-01-09T15:43:55.0604546+01:00" endTime="2024-01-09T15:43:55.0604546+01:00" testType="13cdc9d9-ddb5-4fa4-a97d-d965ccfc6d4b" outcome="Passed" testListId="8c84fa94-04c1-424b-9868-57a2d4851a1d" relativeResultsDirectory="35832412-9bb0-4786-8a19-e9c0209177f4" />
    <UnitTestResult executionId="a0a8302d-ba0e-4aef-8138-cf8c428b0b32" testId="c9625d65-b8bc-1d40-44b2-ce27ca68ed64" testName="ValidateWebAddress_WithInvalidInput" computerName="DKSR-EFI-06" duration="00:00:00.0002714" startTime="2024-01-09T15:43:55.2635811+01:00" endTime="2024-01-09T15:43:55.2635811+01:00" testType="13cdc9d9-ddb5-4fa4-a97d-d965ccfc6d4b" outcome="Passed" testListId="8c84fa94-04c1-424b-9868-57a2d4851a1d" relativeResultsDirectory="a0a8302d-ba0e-4aef-8138-cf8c428b0b32" />
    <UnitTestResult executionId="027821de-1f8e-4851-b0fe-568740e65e2a" testId="5a6868e3-15dc-eaff-d9f4-826de8d42491" testName="FormatTimeSpanStringTest8" computerName="DKSR-EFI-06" duration="00:00:00.0002518" startTime="2024-01-09T15:41:30.1850719+01:00" endTime="2024-01-09T15:41:30.1850719+01:00" testType="13cdc9d9-ddb5-4fa4-a97d-d965ccfc6d4b" outcome="Passed" testListId="8c84fa94-04c1-424b-9868-57a2d4851a1d" relativeResultsDirectory="027821de-1f8e-4851-b0fe-568740e65e2a" />
    <UnitTestResult executionId="ff7ee6a9-49af-4c41-acbb-a65f97c75312" testId="6cd5c2e3-097a-d9af-6be7-8207142d750b" testName="ExecuteScalarAsync" computerName="DKSR-EFI-06" duration="00:00:00.0266379" startTime="2024-01-09T15:43:08.5447212+01:00" endTime="2024-01-09T15:43:08.5759725+01:00" testType="13cdc9d9-ddb5-4fa4-a97d-d965ccfc6d4b" outcome="Passed" testListId="8c84fa94-04c1-424b-9868-57a2d4851a1d" relativeResultsDirectory="ff7ee6a9-49af-4c41-acbb-a65f97c75312" />
    <UnitTestResult executionId="9fec9147-3f19-49c2-a889-ee830ac354f8" testId="e0eaad24-e7e1-f8e8-5bb5-f3e620df494d" testName="UseImportedConfigurationWithExternalIV" computerName="DKSR-EFI-06" duration="00:00:00.0024986" startTime="2024-01-09T15:43:55.7010843+01:00" endTime="2024-01-09T15:43:55.7010843+01:00" testType="13cdc9d9-ddb5-4fa4-a97d-d965ccfc6d4b" outcome="Passed" testListId="8c84fa94-04c1-424b-9868-57a2d4851a1d" relativeResultsDirectory="9fec9147-3f19-49c2-a889-ee830ac354f8" />
    <UnitTestResult executionId="fc3b9de8-3f23-46d2-90b4-3f875b4f454c" testId="f1bd97b0-6b78-7a86-f2e6-3fc0ddc07936" testName="Parse_InvalidData_InvalidPortTest1" computerName="DKSR-EFI-06" duration="00:00:00.0005597" startTime="2024-01-09T15:41:30.6382048+01:00" endTime="2024-01-09T15:41:30.6382048+01:00" testType="13cdc9d9-ddb5-4fa4-a97d-d965ccfc6d4b" outcome="Passed" testListId="8c84fa94-04c1-424b-9868-57a2d4851a1d" relativeResultsDirectory="fc3b9de8-3f23-46d2-90b4-3f875b4f454c" />
    <UnitTestResult executionId="69eba25f-6522-4562-8c6a-18fa80b7620e" testId="b542b2a9-c57b-a34c-f3ad-0fcb0432bf83" testName="HasPassword_ShouldReturnFalse_IfPasswordFileEmpty" computerName="DKSR-EFI-06" duration="00:00:00.0006836" startTime="2024-01-09T15:42:37.2633795+01:00" endTime="2024-01-09T15:42:37.2633795+01:00" testType="13cdc9d9-ddb5-4fa4-a97d-d965ccfc6d4b" outcome="Passed" testListId="8c84fa94-04c1-424b-9868-57a2d4851a1d" relativeResultsDirectory="69eba25f-6522-4562-8c6a-18fa80b7620e" />
    <UnitTestResult executionId="3dfd5b96-97f7-47c2-be54-2c0b191e5d95" testId="cae34a4f-22ac-a10a-8927-08673a15abcf" testName="DatabaseConnectionInfoConfigurator_Write_UpdateRegistry_SecurityException" computerName="DKSR-EFI-06" duration="00:00:00.0051641" startTime="2024-01-09T15:43:12.4353592+01:00" endTime="2024-01-09T15:43:12.4509823+01:00" testType="13cdc9d9-ddb5-4fa4-a97d-d965ccfc6d4b" outcome="Passed" testListId="8c84fa94-04c1-424b-9868-57a2d4851a1d" relativeResultsDirectory="3dfd5b96-97f7-47c2-be54-2c0b191e5d95" />
    <UnitTestResult executionId="da630db5-3545-4b06-b29b-e897bc3bf441" testId="d982fa03-1651-7dd0-09f2-cee6e3c387f8" testName="Encode_WhenDataIsNull_Exception" computerName="DKSR-EFI-06" duration="00:00:00.0011604" startTime="2024-01-09T15:42:37.7633824+01:00" endTime="2024-01-09T15:42:37.7790064+01:00" testType="13cdc9d9-ddb5-4fa4-a97d-d965ccfc6d4b" outcome="Passed" testListId="8c84fa94-04c1-424b-9868-57a2d4851a1d" relativeResultsDirectory="da630db5-3545-4b06-b29b-e897bc3bf441" />
    <UnitTestResult executionId="9057d9ba-5039-4726-bb7f-01543fb91510" testId="44dbb50d-08f2-dffb-ccfd-36bc969d8e29" testName="DatabaseConnectionInfoFromStorage_Constructor_Success" computerName="DKSR-EFI-06" duration="00:00:00.0016509" startTime="2024-01-09T15:43:12.4666098+01:00" endTime="2024-01-09T15:43:12.4666098+01:00" testType="13cdc9d9-ddb5-4fa4-a97d-d965ccfc6d4b" outcome="Passed" testListId="8c84fa94-04c1-424b-9868-57a2d4851a1d" relativeResultsDirectory="9057d9ba-5039-4726-bb7f-01543fb91510" />
    <UnitTestResult executionId="5c61a41c-9c35-4165-b87e-3b8f2b529d68" testId="d2da5433-a822-a67e-5ede-9bc2986dc993" testName="IsValidBase64String_DataDrivenTest (    ,False)" computerName="DKSR-EFI-06" duration="00:00:00.0000093" startTime="2024-01-09T15:41:31.2475802+01:00" endTime="2024-01-09T15:41:31.2475802+01:00" testType="13cdc9d9-ddb5-4fa4-a97d-d965ccfc6d4b" outcome="Passed" testListId="8c84fa94-04c1-424b-9868-57a2d4851a1d" relativeResultsDirectory="5c61a41c-9c35-4165-b87e-3b8f2b529d68" />
    <UnitTestResult executionId="3927e447-1403-4ebc-a211-b8cf15549da8" testId="1f6812f3-4be6-cb99-f24c-d7757f0c6bc6" testName="FileLoggerWithName" computerName="DKSR-EFI-06" duration="00:00:00.3568745" startTime="2024-01-09T15:42:38.8727610+01:00" endTime="2024-01-09T15:42:39.2321380+01:00" testType="13cdc9d9-ddb5-4fa4-a97d-d965ccfc6d4b" outcome="Passed" testListId="8c84fa94-04c1-424b-9868-57a2d4851a1d" relativeResultsDirectory="3927e447-1403-4ebc-a211-b8cf15549da8" />
    <UnitTestResult executionId="6a4834a6-2681-4015-93d8-b5a8af2fe0ae" testId="2d732d99-5668-950b-70cf-b930fe884f89" testName="EncryptKey_ShouldThrow_KeyWrongLenght" computerName="DKSR-EFI-06" duration="00:00:00.0006211" startTime="2024-01-09T15:42:37.1071273+01:00" endTime="2024-01-09T15:42:37.1071273+01:00" testType="13cdc9d9-ddb5-4fa4-a97d-d965ccfc6d4b" outcome="Passed" testListId="8c84fa94-04c1-424b-9868-57a2d4851a1d" relativeResultsDirectory="6a4834a6-2681-4015-93d8-b5a8af2fe0ae" />
    <UnitTestResult executionId="d8e621b7-5143-4c47-9aab-47fd11483ecf" testId="9e77f6c7-c407-ae67-2194-60a57c0d0921" testName="ReadUrlReservationInfo_SunnyDayTest" computerName="DKSR-EFI-06" duration="00:00:00.0253904" startTime="2024-01-09T15:41:30.8569511+01:00" endTime="2024-01-09T15:41:30.8882030+01:00" testType="13cdc9d9-ddb5-4fa4-a97d-d965ccfc6d4b" outcome="Passed" testListId="8c84fa94-04c1-424b-9868-57a2d4851a1d" relativeResultsDirectory="d8e621b7-5143-4c47-9aab-47fd11483ecf" />
    <UnitTestResult executionId="4544e4af-805b-4804-b3a2-8746aaa6aab6" testId="4ca6052f-c840-9732-5b12-a57797e01e31" testName="Given_SomeFeaturesAreAvailable_When_EnsureFeaturesAreInstalled_WithFeaturesThatAreNotAllAvailableWhenInstalling_Then_ReturnsTheMissingFeature" computerName="DKSR-EFI-06" duration="00:00:00.0093244" startTime="2024-01-09T15:42:38.1071332+01:00" endTime="2024-01-09T15:42:38.1227568+01:00" testType="13cdc9d9-ddb5-4fa4-a97d-d965ccfc6d4b" outcome="Passed" testListId="8c84fa94-04c1-424b-9868-57a2d4851a1d" relativeResultsDirectory="4544e4af-805b-4804-b3a2-8746aaa6aab6" />
    <UnitTestResult executionId="d6d4afa4-c632-4682-9243-d2df12b3fe59" testId="7684af58-6d63-c0de-5c50-916e22c49de3" testName="RemoveInvalidXMLChars_Text_Enter_NotRemoved" computerName="DKSR-EFI-06" duration="00:00:00.0001398" startTime="2024-01-09T15:42:37.8415052+01:00" endTime="2024-01-09T15:42:37.8415052+01:00" testType="13cdc9d9-ddb5-4fa4-a97d-d965ccfc6d4b" outcome="Passed" testListId="8c84fa94-04c1-424b-9868-57a2d4851a1d" relativeResultsDirectory="d6d4afa4-c632-4682-9243-d2df12b3fe59" />
    <UnitTestResult executionId="33c37d63-2a81-4c54-9029-b413cb9eb54b" testId="70dcc9dc-c083-81ab-1519-b9d7bec34896" testName="CreateExplicit_WeakWildcardHost" computerName="DKSR-EFI-06" duration="00:00:00.0005851" startTime="2024-01-09T15:41:30.7319509+01:00" endTime="2024-01-09T15:41:30.7319509+01:00" testType="13cdc9d9-ddb5-4fa4-a97d-d965ccfc6d4b" outcome="Passed" testListId="8c84fa94-04c1-424b-9868-57a2d4851a1d" relativeResultsDirectory="33c37d63-2a81-4c54-9029-b413cb9eb54b" />
    <UnitTestResult executionId="13e283bb-6183-4eac-a6c8-062ff4918256" testId="a80f4070-2dfe-33e0-d5b2-9dc837f5874a" testName="Given_FeaturesAreAvailableAndSomeOfTheFeaturesAlreaddyInstalled_When_EnsureFeaturesAreInstalled_FeaturesThatInstallsSucces_Then_EnableFeaturesAreCalledWithExpectedArgumentsAndMethodReturnsInstalled" computerName="DKSR-EFI-06" duration="00:00:00.0093269" startTime="2024-01-09T15:42:38.0446320+01:00" endTime="2024-01-09T15:42:38.0602562+01:00" testType="13cdc9d9-ddb5-4fa4-a97d-d965ccfc6d4b" outcome="Passed" testListId="8c84fa94-04c1-424b-9868-57a2d4851a1d" relativeResultsDirectory="13e283bb-6183-4eac-a6c8-062ff4918256" />
    <UnitTestResult executionId="a3ea9511-b9fc-48b2-9ecb-7b00cc694282" testId="6ef51f53-4e1f-f25c-3e8d-6d67812652de" testName="RemoveInvalidXMLChars_Text_SameResult" computerName="DKSR-EFI-06" duration="00:00:00.0001846" startTime="2024-01-09T15:42:37.8102561+01:00" endTime="2024-01-09T15:42:37.8102561+01:00" testType="13cdc9d9-ddb5-4fa4-a97d-d965ccfc6d4b" outcome="Passed" testListId="8c84fa94-04c1-424b-9868-57a2d4851a1d" relativeResultsDirectory="a3ea9511-b9fc-48b2-9ecb-7b00cc694282" />
    <UnitTestResult executionId="fbbcf457-c4aa-477e-bbc5-3b8112748b0b" testId="b380cbbf-930f-c228-c7ee-eed99192c386" testName="DecryptAfterEncrypt_ShouldReturnSameStringAsInput_WhenUsingPassword" computerName="DKSR-EFI-06" duration="00:00:00.1419261" startTime="2024-01-09T15:43:55.3417084+01:00" endTime="2024-01-09T15:43:55.4823333+01:00" testType="13cdc9d9-ddb5-4fa4-a97d-d965ccfc6d4b" outcome="Passed" testListId="8c84fa94-04c1-424b-9868-57a2d4851a1d" relativeResultsDirectory="fbbcf457-c4aa-477e-bbc5-3b8112748b0b" />
    <UnitTestResult executionId="ac32f3c3-95cc-4e71-9158-6b9975e1ccad" testId="3f918602-dadf-d659-fcd4-b69281a1b26c" testName="GetContentFromInitialLicenseFile_ValidFile_Success" computerName="DKSR-EFI-06" duration="00:00:00.0231917" startTime="2024-01-09T15:41:32.6538398+01:00" endTime="2024-01-09T15:41:32.6694640+01:00" testType="13cdc9d9-ddb5-4fa4-a97d-d965ccfc6d4b" outcome="Passed" testListId="8c84fa94-04c1-424b-9868-57a2d4851a1d" relativeResultsDirectory="ac32f3c3-95cc-4e71-9158-6b9975e1ccad" />
    <UnitTestResult executionId="12216682-ddd0-45c2-80b3-e0701a5a8a2e" testId="a2a7beae-4d5d-b78f-d844-e7b8e96968ed" testName="EnforceUrlReservation_ConflictingEntryReplacedTest" computerName="DKSR-EFI-06" duration="00:00:00.0014771" startTime="2024-01-09T15:41:30.9194536+01:00" endTime="2024-01-09T15:41:30.9194536+01:00" testType="13cdc9d9-ddb5-4fa4-a97d-d965ccfc6d4b" outcome="Passed" testListId="8c84fa94-04c1-424b-9868-57a2d4851a1d" relativeResultsDirectory="12216682-ddd0-45c2-80b3-e0701a5a8a2e" />
    <UnitTestResult executionId="e2b3e898-6c62-4da6-a43c-77dfc2de2448" testId="fa4019b5-9f9e-ede1-e627-09b8a6572dec" testName="ExecuteScalarTest" computerName="DKSR-EFI-06" duration="00:00:00.0138082" startTime="2024-01-09T15:43:08.1853473+01:00" endTime="2024-01-09T15:43:08.2009705+01:00" testType="13cdc9d9-ddb5-4fa4-a97d-d965ccfc6d4b" outcome="Passed" testListId="8c84fa94-04c1-424b-9868-57a2d4851a1d" relativeResultsDirectory="e2b3e898-6c62-4da6-a43c-77dfc2de2448" />
    <UnitTestResult executionId="1b6f828b-0784-4ddc-ac92-5ae8bc539cc4" testId="b3d5b776-7954-57de-ff89-1e86f8900464" testName="NullCheckSupportsStrings" computerName="DKSR-EFI-06" duration="00:00:00.0007000" startTime="2024-01-09T15:41:31.2788319+01:00" endTime="2024-01-09T15:41:31.2788319+01:00" testType="13cdc9d9-ddb5-4fa4-a97d-d965ccfc6d4b" outcome="Passed" testListId="8c84fa94-04c1-424b-9868-57a2d4851a1d" relativeResultsDirectory="1b6f828b-0784-4ddc-ac92-5ae8bc539cc4" />
    <UnitTestResult executionId="8453aab5-8aba-4827-a566-351486c7fe57" testId="a94d41f2-a595-7d6a-84d4-8180033547b9" testName="CreateLicenseRequest_Throws_WhenCompanyPublicKeyIsNull" computerName="DKSR-EFI-06" duration="00:00:00.1046009" startTime="2024-01-09T15:41:32.9819654+01:00" endTime="2024-01-09T15:41:33.0913432+01:00" testType="13cdc9d9-ddb5-4fa4-a97d-d965ccfc6d4b" outcome="Passed" testListId="8c84fa94-04c1-424b-9868-57a2d4851a1d" relativeResultsDirectory="8453aab5-8aba-4827-a566-351486c7fe57" />
    <UnitTestResult executionId="642a43a4-0d42-4995-84b4-32d626f483d8" testId="b984f92d-a706-0efa-7529-e27732f102f9" testName="Integration_ReadUrlAclConfigurationsTest" computerName="DKSR-EFI-06" duration="00:00:00.0045746" startTime="2024-01-09T15:41:31.0132024+01:00" endTime="2024-01-09T15:41:31.0288350+01:00" testType="13cdc9d9-ddb5-4fa4-a97d-d965ccfc6d4b" outcome="Passed" testListId="8c84fa94-04c1-424b-9868-57a2d4851a1d" relativeResultsDirectory="642a43a4-0d42-4995-84b4-32d626f483d8" />
    <UnitTestResult executionId="6b029286-72e8-4f4c-b2c4-a83ebfd66c11" testId="9386d01f-8187-3c06-c9bc-5b2f08b810ad" testName="StartWritingSession_ShouldReturn_IFileWritingSession" computerName="DKSR-EFI-06" duration="00:00:00.0103513" startTime="2024-01-09T15:42:37.2009469+01:00" endTime="2024-01-09T15:42:37.2009469+01:00" testType="13cdc9d9-ddb5-4fa4-a97d-d965ccfc6d4b" outcome="Passed" testListId="8c84fa94-04c1-424b-9868-57a2d4851a1d" relativeResultsDirectory="6b029286-72e8-4f4c-b2c4-a83ebfd66c11" />
    <UnitTestResult executionId="05e57c30-665b-4323-8ca1-14c3956b86e3" testId="c592003f-86a1-9459-54f2-eb8805c20ad1" testName="Construction_CreateInstanceFromCngKey_InformationIsTheSame_Success" computerName="DKSR-EFI-06" duration="00:00:00.0169102" startTime="2024-01-09T15:43:56.4042122+01:00" endTime="2024-01-09T15:43:56.4198370+01:00" testType="13cdc9d9-ddb5-4fa4-a97d-d965ccfc6d4b" outcome="Passed" testListId="8c84fa94-04c1-424b-9868-57a2d4851a1d" relativeResultsDirectory="05e57c30-665b-4323-8ca1-14c3956b86e3" />
    <UnitTestResult executionId="8de7c955-fb49-4ac8-9a2a-810a2efe863e" testId="c0102209-d31c-5c79-287d-436f6eaba2e9" testName="GetContentFromActivatedLicenseFile_ThrowsException_WhenAsymmetricEncryptionIsNull" computerName="DKSR-EFI-06" duration="00:00:00.0007700" startTime="2024-01-09T15:41:32.7007147+01:00" endTime="2024-01-09T15:41:32.7007147+01:00" testType="13cdc9d9-ddb5-4fa4-a97d-d965ccfc6d4b" outcome="Passed" testListId="8c84fa94-04c1-424b-9868-57a2d4851a1d" relativeResultsDirectory="8de7c955-fb49-4ac8-9a2a-810a2efe863e" />
    <UnitTestResult executionId="51443c58-de8a-49c5-8743-71137938692e" testId="b5d83e8e-4d0e-c182-b397-53e926517e1d" testName="CreateWeakWildcard_NoRelativePathTest" computerName="DKSR-EFI-06" duration="00:00:00.0004574" startTime="2024-01-09T15:41:30.6694511+01:00" endTime="2024-01-09T15:41:30.6694511+01:00" testType="13cdc9d9-ddb5-4fa4-a97d-d965ccfc6d4b" outcome="Passed" testListId="8c84fa94-04c1-424b-9868-57a2d4851a1d" relativeResultsDirectory="51443c58-de8a-49c5-8743-71137938692e" />
    <UnitTestResult executionId="1a428230-eeb6-4877-ad98-12b6e68a9420" testId="79a478af-1207-210c-868d-402e7ff157d0" testName="EncryptionFactory_Throws_OnCreateAsymmetricForLicense_WithKeysEmptyAndBlobNotNull" computerName="DKSR-EFI-06" duration="00:00:00.0008926" startTime="2024-01-09T15:43:56.8104618+01:00" endTime="2024-01-09T15:43:56.8104618+01:00" testType="13cdc9d9-ddb5-4fa4-a97d-d965ccfc6d4b" outcome="Passed" testListId="8c84fa94-04c1-424b-9868-57a2d4851a1d" relativeResultsDirectory="1a428230-eeb6-4877-ad98-12b6e68a9420" />
    <UnitTestResult executionId="e5f939bd-9e2d-4097-913a-ca93a65f9288" testId="7203a035-7bbe-0364-9105-54b3de255c94" testName="KilledConnectionReEstablishedWithRetry" computerName="DKSR-EFI-06" duration="00:00:00.4121483" startTime="2024-01-09T15:43:14.9666149+01:00" endTime="2024-01-09T15:43:15.3729081+01:00" testType="13cdc9d9-ddb5-4fa4-a97d-d965ccfc6d4b" outcome="Passed" testListId="8c84fa94-04c1-424b-9868-57a2d4851a1d" relativeResultsDirectory="e5f939bd-9e2d-4097-913a-ca93a65f9288" />
    <UnitTestResult executionId="778c9b4e-c859-4927-854b-3af38ce28174" testId="ba173d83-84db-ecc2-8652-f1b2ec86e1cd" testName="DisposeConnectionWithActiveTrancount_Fail" computerName="DKSR-EFI-06" duration="00:00:00.0052739" startTime="2024-01-09T15:43:14.4041139+01:00" endTime="2024-01-09T15:43:14.4041139+01:00" testType="13cdc9d9-ddb5-4fa4-a97d-d965ccfc6d4b" outcome="Passed" testListId="8c84fa94-04c1-424b-9868-57a2d4851a1d" relativeResultsDirectory="778c9b4e-c859-4927-854b-3af38ce28174" />
    <UnitTestResult executionId="8996c01d-a07e-4948-80f1-0e1691d46c20" testId="35b95933-d90e-cd65-613c-bb2a742279ae" testName="DoLogWarningEntries" computerName="DKSR-EFI-06" duration="00:00:00.5183431" startTime="2024-01-09T15:43:07.3259666+01:00" endTime="2024-01-09T15:43:07.8415942+01:00" testType="13cdc9d9-ddb5-4fa4-a97d-d965ccfc6d4b" outcome="Passed" testListId="8c84fa94-04c1-424b-9868-57a2d4851a1d" relativeResultsDirectory="8996c01d-a07e-4948-80f1-0e1691d46c20" />
    <UnitTestResult executionId="87d69c84-2193-40b7-9b0e-b7170a367292" testId="cb1f0861-b2da-9616-9a03-c34074ad8358" testName="GetConnectionExecuteRetryable" computerName="DKSR-EFI-06" duration="00:00:00.0025807" startTime="2024-01-09T15:43:55.1854592+01:00" endTime="2024-01-09T15:43:55.1854592+01:00" testType="13cdc9d9-ddb5-4fa4-a97d-d965ccfc6d4b" outcome="Passed" testListId="8c84fa94-04c1-424b-9868-57a2d4851a1d" relativeResultsDirectory="87d69c84-2193-40b7-9b0e-b7170a367292" />
    <UnitTestResult executionId="cb32c4cf-869d-4bc7-805a-a1c6b53cf53a" testId="faa274f9-c395-9ea7-05af-9e5a4cdb7bc9" testName="Class_InheritsFromISqlConnectionManager_Success" computerName="DKSR-EFI-06" duration="00:00:00.0010370" startTime="2024-01-09T15:43:55.0760803+01:00" endTime="2024-01-09T15:43:55.0760803+01:00" testType="13cdc9d9-ddb5-4fa4-a97d-d965ccfc6d4b" outcome="Passed" testListId="8c84fa94-04c1-424b-9868-57a2d4851a1d" relativeResultsDirectory="cb32c4cf-869d-4bc7-805a-a1c6b53cf53a" />
    <UnitTestResult executionId="714d116c-5813-412d-b9e7-d326912c3969" testId="5eba6bf3-2152-e22a-9319-f2055f166c30" testName="TestValidateAddress_ValidAdresses" computerName="DKSR-EFI-06" duration="00:00:00.0095339" startTime="2024-01-09T15:43:55.2635811+01:00" endTime="2024-01-09T15:43:55.2792079+01:00" testType="13cdc9d9-ddb5-4fa4-a97d-d965ccfc6d4b" outcome="Passed" testListId="8c84fa94-04c1-424b-9868-57a2d4851a1d" relativeResultsDirectory="714d116c-5813-412d-b9e7-d326912c3969" />
    <UnitTestResult executionId="64dad299-004a-415d-be40-44bf334ca934" testId="fe054a7c-0d44-5a6f-eb77-0e31b0cd3386" testName="CompositeWarningLevel" computerName="DKSR-EFI-06" duration="00:00:00.0005983" startTime="2024-01-09T15:43:06.2790852+01:00" endTime="2024-01-09T15:43:06.2790852+01:00" testType="13cdc9d9-ddb5-4fa4-a97d-d965ccfc6d4b" outcome="Passed" testListId="8c84fa94-04c1-424b-9868-57a2d4851a1d" relativeResultsDirectory="64dad299-004a-415d-be40-44bf334ca934" />
    <UnitTestResult executionId="5c0ea253-4d21-41a1-9a67-0afcd032ae65" testId="813781e4-6529-b9c3-dc2f-c58adbd45c67" testName="EncryptionFactory_Throws_OnCreateAsymmetricWithKeysOkPaddingNotNullAndBlobNull" computerName="DKSR-EFI-06" duration="00:00:00.0005668" startTime="2024-01-09T15:43:56.7948384+01:00" endTime="2024-01-09T15:43:56.7948384+01:00" testType="13cdc9d9-ddb5-4fa4-a97d-d965ccfc6d4b" outcome="Passed" testListId="8c84fa94-04c1-424b-9868-57a2d4851a1d" relativeResultsDirectory="5c0ea253-4d21-41a1-9a67-0afcd032ae65" />
    <UnitTestResult executionId="60ea114a-67b8-42c1-8616-adca7c06e238" testId="bb95d783-f940-56c6-a483-cd099fc0b5c1" testName="SecureFolderWithUserAccountAccessGetsCreatedCorrectly" computerName="DKSR-EFI-06" duration="00:00:00.0069893" startTime="2024-01-09T15:41:32.3100895+01:00" endTime="2024-01-09T15:41:32.3100895+01:00" testType="13cdc9d9-ddb5-4fa4-a97d-d965ccfc6d4b" outcome="Passed" testListId="8c84fa94-04c1-424b-9868-57a2d4851a1d" relativeResultsDirectory="60ea114a-67b8-42c1-8616-adca7c06e238" />
    <UnitTestResult executionId="ccca51e5-fe15-4445-b47d-fd4d9fff191c" testId="afbe5b29-1e4e-8f87-1e8c-93886f901956" testName="Parse_StrongWildcard_Http_NoRelativePathTest" computerName="DKSR-EFI-06" duration="00:00:00.0459946" startTime="2024-01-09T15:41:30.5444487+01:00" endTime="2024-01-09T15:41:30.5913230+01:00" testType="13cdc9d9-ddb5-4fa4-a97d-d965ccfc6d4b" outcome="Passed" testListId="8c84fa94-04c1-424b-9868-57a2d4851a1d" relativeResultsDirectory="ccca51e5-fe15-4445-b47d-fd4d9fff191c" />
    <UnitTestResult executionId="690a42e0-f314-4870-9845-59f282d142a0" testId="9ec24b6f-cdfa-8d79-eaa8-3c7fea23cd5b" testName="Given_FeaturesAreAvailableAndAlreadyInstalled_When_EnsureFeaturesAreInstalled_Then_EnableFeaturesAreNotCalledAndMethodReturnsInstalled" computerName="DKSR-EFI-06" duration="00:00:00.0093555" startTime="2024-01-09T15:42:38.0133951+01:00" endTime="2024-01-09T15:42:38.0290069+01:00" testType="13cdc9d9-ddb5-4fa4-a97d-d965ccfc6d4b" outcome="Passed" testListId="8c84fa94-04c1-424b-9868-57a2d4851a1d" relativeResultsDirectory="690a42e0-f314-4870-9845-59f282d142a0" />
    <UnitTestResult executionId="231ec97e-a886-467a-80d4-ede55135eacf" testId="dbe387cb-3f81-262a-5b42-c9d56349db35" testName="EventServerSqlConnectionStorage_Constructor_RegistryServiceNull_Throws_ArgumentNullException" computerName="DKSR-EFI-06" duration="00:00:00.0006337" startTime="2024-01-09T15:43:55.0292093+01:00" endTime="2024-01-09T15:43:55.0292093+01:00" testType="13cdc9d9-ddb5-4fa4-a97d-d965ccfc6d4b" outcome="Passed" testListId="8c84fa94-04c1-424b-9868-57a2d4851a1d" relativeResultsDirectory="231ec97e-a886-467a-80d4-ede55135eacf" />
    <UnitTestResult executionId="5d09561b-2576-464c-8920-06a63c6a91e2" testId="e56368fb-eec8-2178-32fc-f424cf4878e0" testName="Given_AGoodPassword_When_Validating_AnEmptyStringIsReturned" computerName="DKSR-EFI-06" duration="00:00:00.0003812" startTime="2024-01-09T15:41:30.1538238+01:00" endTime="2024-01-09T15:41:30.1538238+01:00" testType="13cdc9d9-ddb5-4fa4-a97d-d965ccfc6d4b" outcome="Passed" testListId="8c84fa94-04c1-424b-9868-57a2d4851a1d" relativeResultsDirectory="5d09561b-2576-464c-8920-06a63c6a91e2" />
    <UnitTestResult executionId="94569329-6868-474c-a9d6-a4b9381469aa" testId="3f45bfd3-8a83-50a7-719e-3148e0885f1e" testName="Parse_InvalidData_InvalidPortTest2" computerName="DKSR-EFI-06" duration="00:00:00.0005759" startTime="2024-01-09T15:41:30.6538248+01:00" endTime="2024-01-09T15:41:30.6538248+01:00" testType="13cdc9d9-ddb5-4fa4-a97d-d965ccfc6d4b" outcome="Passed" testListId="8c84fa94-04c1-424b-9868-57a2d4851a1d" relativeResultsDirectory="94569329-6868-474c-a9d6-a4b9381469aa" />
    <UnitTestResult executionId="00201ed5-935a-453b-8ecb-1b8a57b088ea" testId="f5e10d40-7608-a8d3-2b96-00d081cde0c3" testName="GetMemoryStorage_WithPassword_Success" computerName="DKSR-EFI-06" duration="00:00:00.0013196" startTime="2024-01-09T15:43:55.2010851+01:00" endTime="2024-01-09T15:43:55.2010851+01:00" testType="13cdc9d9-ddb5-4fa4-a97d-d965ccfc6d4b" outcome="Passed" testListId="8c84fa94-04c1-424b-9868-57a2d4851a1d" relativeResultsDirectory="00201ed5-935a-453b-8ecb-1b8a57b088ea" />
    <UnitTestResult executionId="429ea48c-4dd3-4250-9b1a-8a717de720af" testId="8095e577-3bae-97b2-4ac6-e1de2fd8f54c" testName="NullCheckHasInformationOnObjectTypeAndCallerAndMayHaveOptionalTextAlternativeSyntax" computerName="DKSR-EFI-06" duration="00:00:00.0002943" startTime="2024-01-09T15:41:31.5757063+01:00" endTime="2024-01-09T15:41:31.5757063+01:00" testType="13cdc9d9-ddb5-4fa4-a97d-d965ccfc6d4b" outcome="Passed" testListId="8c84fa94-04c1-424b-9868-57a2d4851a1d" relativeResultsDirectory="429ea48c-4dd3-4250-9b1a-8a717de720af" />
    <UnitTestResult executionId="14d207d9-c903-4e3a-b8f2-805faa361b42" testId="aef9028d-d413-1f1a-acff-d17d12a2954f" testName="EncryptionFactory_Throws_OnCreateAsymmetricWithKeysOkPaddingNullAndBlobNotNull" computerName="DKSR-EFI-06" duration="00:00:00.0005746" startTime="2024-01-09T15:43:56.7948384+01:00" endTime="2024-01-09T15:43:56.7948384+01:00" testType="13cdc9d9-ddb5-4fa4-a97d-d965ccfc6d4b" outcome="Passed" testListId="8c84fa94-04c1-424b-9868-57a2d4851a1d" relativeResultsDirectory="14d207d9-c903-4e3a-b8f2-805faa361b42" />
    <UnitTestResult executionId="21e35e4e-f9e8-45d8-9671-256994081929" testId="bb807532-955d-ce2e-d67e-1867fc5bb38e" testName="UseEncryptionAndDecryptTwiceWithNewBase64IVs" computerName="DKSR-EFI-06" duration="00:00:00.0034384" startTime="2024-01-09T15:43:55.7167088+01:00" endTime="2024-01-09T15:43:55.7323386+01:00" testType="13cdc9d9-ddb5-4fa4-a97d-d965ccfc6d4b" outcome="Passed" testListId="8c84fa94-04c1-424b-9868-57a2d4851a1d" relativeResultsDirectory="21e35e4e-f9e8-45d8-9671-256994081929" />
    <UnitTestResult executionId="6eeac130-ac60-47a9-b86b-5f8f45283885" testId="aa220007-2bbf-bd15-3df9-80fcb2d4d50d" testName="DecryptEncryptKey_ShouldWorkWithRoundtrip" computerName="DKSR-EFI-06" duration="00:00:00.2912424" startTime="2024-01-09T15:42:36.6696254+01:00" endTime="2024-01-09T15:42:36.9667190+01:00" testType="13cdc9d9-ddb5-4fa4-a97d-d965ccfc6d4b" outcome="Passed" testListId="8c84fa94-04c1-424b-9868-57a2d4851a1d" relativeResultsDirectory="6eeac130-ac60-47a9-b86b-5f8f45283885" />
    <UnitTestResult executionId="124d29de-2c9b-4c94-bb58-d48360730813" testId="1ae2f0d9-b8fd-b6f0-51fe-1bc460adf506" testName="EmptyPathToSecureFolderResultsInException" computerName="DKSR-EFI-06" duration="00:00:00.0011540" startTime="2024-01-09T15:41:32.3257124+01:00" endTime="2024-01-09T15:41:32.3257124+01:00" testType="13cdc9d9-ddb5-4fa4-a97d-d965ccfc6d4b" outcome="Passed" testListId="8c84fa94-04c1-424b-9868-57a2d4851a1d" relativeResultsDirectory="124d29de-2c9b-4c94-bb58-d48360730813" />
    <UnitTestResult executionId="b7bbc372-6a6f-4df9-a3e1-4951d40f8cbe" testId="36877966-316f-b632-0a3d-234e6371a979" testName="GetConnectionExecuteRetryableAsync" computerName="DKSR-EFI-06" duration="00:00:00.0150832" startTime="2024-01-09T15:43:55.1854592+01:00" endTime="2024-01-09T15:43:55.2010851+01:00" testType="13cdc9d9-ddb5-4fa4-a97d-d965ccfc6d4b" outcome="Passed" testListId="8c84fa94-04c1-424b-9868-57a2d4851a1d" relativeResultsDirectory="b7bbc372-6a6f-4df9-a3e1-4951d40f8cbe" />
    <UnitTestResult executionId="c9329e02-9f71-420e-8443-d2c649587852" testId="5e52fd3b-a97f-b641-940c-114fded929a9" testName="IsUpdateNeeded_CalculateAllValues_WhenForceUpdateEncountered" computerName="DKSR-EFI-06" duration="00:00:00.0008382" startTime="2024-01-09T15:41:30.4350751+01:00" endTime="2024-01-09T15:41:30.4350751+01:00" testType="13cdc9d9-ddb5-4fa4-a97d-d965ccfc6d4b" outcome="Passed" testListId="8c84fa94-04c1-424b-9868-57a2d4851a1d" relativeResultsDirectory="c9329e02-9f71-420e-8443-d2c649587852" />
    <UnitTestResult executionId="2f538039-cd32-4ab0-a38c-69bdba052c66" testId="df399b3b-65bd-eec7-8808-ddd74650eace" testName="EnforceUrlReservation_NoConflictingReservationsTest" computerName="DKSR-EFI-06" duration="00:00:00.0162147" startTime="2024-01-09T15:41:30.9038301+01:00" endTime="2024-01-09T15:41:30.9194536+01:00" testType="13cdc9d9-ddb5-4fa4-a97d-d965ccfc6d4b" outcome="Passed" testListId="8c84fa94-04c1-424b-9868-57a2d4851a1d" relativeResultsDirectory="2f538039-cd32-4ab0-a38c-69bdba052c66" />
    <UnitTestResult executionId="00164983-8841-4dd8-9a3e-6482efd2a533" testId="73bf3234-dc5d-03b2-17ea-41170a93ce33" testName="ImportAndExportConfigurationWithIV" computerName="DKSR-EFI-06" duration="00:00:00.0005060" startTime="2024-01-09T15:43:55.7010843+01:00" endTime="2024-01-09T15:43:55.7010843+01:00" testType="13cdc9d9-ddb5-4fa4-a97d-d965ccfc6d4b" outcome="Passed" testListId="8c84fa94-04c1-424b-9868-57a2d4851a1d" relativeResultsDirectory="00164983-8841-4dd8-9a3e-6482efd2a533" />
    <UnitTestResult executionId="b905845b-056d-462b-ba23-ce669efd554e" testId="2452d0bf-6258-cf6b-3a40-dc31336f0d2b" testName="GetSqlConnection_UsernameAndPasswordSupplied_Success" computerName="DKSR-EFI-06" duration="00:00:00.0012206" startTime="2024-01-09T15:43:55.1542067+01:00" endTime="2024-01-09T15:43:55.1542067+01:00" testType="13cdc9d9-ddb5-4fa4-a97d-d965ccfc6d4b" outcome="Passed" testListId="8c84fa94-04c1-424b-9868-57a2d4851a1d" relativeResultsDirectory="b905845b-056d-462b-ba23-ce669efd554e" />
    <UnitTestResult executionId="b17138fe-a5ca-4389-b2a7-f2871663e730" testId="27012b81-c5b2-e383-7be7-461e876f34c1" testName="BulkProcessor_IsClosing_NewItemsAreNotEnqueued" computerName="DKSR-EFI-06" duration="00:00:00.0024138" startTime="2024-01-09T15:43:57.7323449+01:00" endTime="2024-01-09T15:43:57.7323449+01:00" testType="13cdc9d9-ddb5-4fa4-a97d-d965ccfc6d4b" outcome="Passed" testListId="8c84fa94-04c1-424b-9868-57a2d4851a1d" relativeResultsDirectory="b17138fe-a5ca-4389-b2a7-f2871663e730" />
    <UnitTestResult executionId="0333347d-0e38-49cf-94a8-e2a08a966a4a" testId="d659df81-c32d-32dd-f460-15af9784ff57" testName="ChangePassword_ShouldNotWritePassword_WhenUpdateKeyFails" computerName="DKSR-EFI-06" duration="00:00:00.0117582" startTime="2024-01-09T15:42:37.4196287+01:00" endTime="2024-01-09T15:42:37.4196287+01:00" testType="13cdc9d9-ddb5-4fa4-a97d-d965ccfc6d4b" outcome="Passed" testListId="8c84fa94-04c1-424b-9868-57a2d4851a1d" relativeResultsDirectory="0333347d-0e38-49cf-94a8-e2a08a966a4a" />
    <UnitTestResult executionId="fbd5ef9b-70d3-496b-98fc-e3c56956b6d0" testId="7bef3f2e-3174-f256-d81f-c6c6f2c6d912" testName="PasswordEqualToUserName" computerName="DKSR-EFI-06" duration="00:00:00.0013963" startTime="2024-01-09T15:41:30.0757658+01:00" endTime="2024-01-09T15:41:30.0757658+01:00" testType="13cdc9d9-ddb5-4fa4-a97d-d965ccfc6d4b" outcome="Passed" testListId="8c84fa94-04c1-424b-9868-57a2d4851a1d" relativeResultsDirectory="fbd5ef9b-70d3-496b-98fc-e3c56956b6d0" />
    <UnitTestResult executionId="cad8aaab-d285-4e43-b969-f7de438d91dc" testId="12123a04-6a7d-9a7e-532b-47db46b56af1" testName="FormatByteSizeStringExactTest8" computerName="DKSR-EFI-06" duration="00:00:00.0001855" startTime="2024-01-09T15:41:30.3413257+01:00" endTime="2024-01-09T15:41:30.3413257+01:00" testType="13cdc9d9-ddb5-4fa4-a97d-d965ccfc6d4b" outcome="Passed" testListId="8c84fa94-04c1-424b-9868-57a2d4851a1d" relativeResultsDirectory="cad8aaab-d285-4e43-b969-f7de438d91dc" />
    <UnitTestResult executionId="2329d5cb-2dc7-43a7-823b-07cae70f0e55" testId="21700473-52eb-1d18-2c33-06ebe5005119" testName="Constructor_UrlAclInfo_NullSddl" computerName="DKSR-EFI-06" duration="00:00:00.0006008" startTime="2024-01-09T15:41:31.0444559+01:00" endTime="2024-01-09T15:41:31.0444559+01:00" testType="13cdc9d9-ddb5-4fa4-a97d-d965ccfc6d4b" outcome="Passed" testListId="8c84fa94-04c1-424b-9868-57a2d4851a1d" relativeResultsDirectory="2329d5cb-2dc7-43a7-823b-07cae70f0e55" />
    <UnitTestResult executionId="2825cfaf-5714-4944-bffe-edd156b4b1cf" testId="4a5fd1b3-c1a6-22a8-abb5-64a896ca2adb" testName="NullCheckDoesNotThrowWhenObjectIsNotNull" computerName="DKSR-EFI-06" duration="00:00:00.0003776" startTime="2024-01-09T15:41:31.2788319+01:00" endTime="2024-01-09T15:41:31.2788319+01:00" testType="13cdc9d9-ddb5-4fa4-a97d-d965ccfc6d4b" outcome="Passed" testListId="8c84fa94-04c1-424b-9868-57a2d4851a1d" relativeResultsDirectory="2825cfaf-5714-4944-bffe-edd156b4b1cf" />
    <UnitTestResult executionId="ba9ec69c-2ed6-4d35-9e5b-81817cc0f1bd" testId="d27a4924-5023-085a-be43-fd469abc218c" testName="EncryptStringDataTestXmlDocument" computerName="DKSR-EFI-06" duration="00:00:00.0447877" startTime="2024-01-09T15:43:55.9667107+01:00" endTime="2024-01-09T15:43:56.0135855+01:00" testType="13cdc9d9-ddb5-4fa4-a97d-d965ccfc6d4b" outcome="Passed" testListId="8c84fa94-04c1-424b-9868-57a2d4851a1d" relativeResultsDirectory="ba9ec69c-2ed6-4d35-9e5b-81817cc0f1bd" />
    <UnitTestResult executionId="a804ccc9-abdb-4036-87fe-707796387853" testId="4feb8d88-c51c-c8a7-4097-e675b461b0f8" testName="EncryptionFactory_KeyInformationIsTheSame_OnCreateAsymmetricForLicenseWithKeyInformation" computerName="DKSR-EFI-06" duration="00:00:00.1149480" startTime="2024-01-09T15:43:56.9823383+01:00" endTime="2024-01-09T15:43:57.1073400+01:00" testType="13cdc9d9-ddb5-4fa4-a97d-d965ccfc6d4b" outcome="Passed" testListId="8c84fa94-04c1-424b-9868-57a2d4851a1d" relativeResultsDirectory="a804ccc9-abdb-4036-87fe-707796387853" />
    <UnitTestResult executionId="ffb1f023-8aa0-4b72-92ea-abbcca2c7e90" testId="5fb11a48-a905-3463-7164-ec948dab152a" testName="Given_FeaturesAreAvailableThatNeedsRebootWhenInstalled_When_EnsureFeaturesAreInstalled_Then_EnableFeaturesAreCalledWithExpectedArgumentsAndMethodReturnsNeedsReboot" computerName="DKSR-EFI-06" duration="00:00:00.0118348" startTime="2024-01-09T15:42:37.9977560+01:00" endTime="2024-01-09T15:42:37.9977560+01:00" testType="13cdc9d9-ddb5-4fa4-a97d-d965ccfc6d4b" outcome="Passed" testListId="8c84fa94-04c1-424b-9868-57a2d4851a1d" relativeResultsDirectory="ffb1f023-8aa0-4b72-92ea-abbcca2c7e90" />
    <UnitTestResult executionId="f26b0429-0763-4481-9250-e4c9e7d425d3" testId="180b8821-00b6-0e9c-f8f5-5d38364d16fe" testName="ShowHelp_OfflineWorkflow__DisplayHtmlHelp_InvokeWithAbsoluteFileUrl" computerName="DKSR-EFI-06" duration="00:00:00.0011710" startTime="2024-01-09T15:42:37.6540040+01:00" endTime="2024-01-09T15:42:37.6540040+01:00" testType="13cdc9d9-ddb5-4fa4-a97d-d965ccfc6d4b" outcome="Passed" testListId="8c84fa94-04c1-424b-9868-57a2d4851a1d" relativeResultsDirectory="f26b0429-0763-4481-9250-e4c9e7d425d3" />
    <UnitTestResult executionId="e7051d45-c70c-4a3e-9cc5-083c885cd916" testId="a05684be-5eeb-8561-d3e0-700b715c206b" testName="IsValidBase64String_DataDrivenTest (===,False)" computerName="DKSR-EFI-06" duration="00:00:00.0000091" startTime="2024-01-09T15:41:31.2632448+01:00" endTime="2024-01-09T15:41:31.2632448+01:00" testType="13cdc9d9-ddb5-4fa4-a97d-d965ccfc6d4b" outcome="Passed" testListId="8c84fa94-04c1-424b-9868-57a2d4851a1d" relativeResultsDirectory="e7051d45-c70c-4a3e-9cc5-083c885cd916" />
    <UnitTestResult executionId="e797e40a-cddf-46d7-82bb-219957793422" testId="f2c20958-f694-3d5b-0c20-5f911891a062" testName="FormatByteSizeStringTest7" computerName="DKSR-EFI-06" duration="00:00:00.0002705" startTime="2024-01-09T15:41:30.2163245+01:00" endTime="2024-01-09T15:41:30.2163245+01:00" testType="13cdc9d9-ddb5-4fa4-a97d-d965ccfc6d4b" outcome="Passed" testListId="8c84fa94-04c1-424b-9868-57a2d4851a1d" relativeResultsDirectory="e797e40a-cddf-46d7-82bb-219957793422" />
    <UnitTestResult executionId="bdc4fa8a-4555-43da-b84b-5c177ce6b87e" testId="2f1abd26-fe2d-356b-6e24-a6759c1702e8" testName="PrettifyInlineXmlStringTest1" computerName="DKSR-EFI-06" duration="00:00:00.0264665" startTime="2024-01-09T15:41:30.3569469+01:00" endTime="2024-01-09T15:41:30.3881985+01:00" testType="13cdc9d9-ddb5-4fa4-a97d-d965ccfc6d4b" outcome="Passed" testListId="8c84fa94-04c1-424b-9868-57a2d4851a1d" relativeResultsDirectory="bdc4fa8a-4555-43da-b84b-5c177ce6b87e" />
    <UnitTestResult executionId="3341bd26-98dd-40e1-ba3b-b6b04868980e" testId="e3d2f4b4-4bae-40b1-8113-4f749d5c5430" testName="Given_daDK_svSE_deDESupported_When_GettingAvailableLanguages_NativeNamesAreDanskSvenskaDeutschIsReturned" computerName="DKSR-EFI-06" duration="00:00:00.0504949" startTime="2024-01-09T15:42:37.7008844+01:00" endTime="2024-01-09T15:42:37.7633824+01:00" testType="13cdc9d9-ddb5-4fa4-a97d-d965ccfc6d4b" outcome="Passed" testListId="8c84fa94-04c1-424b-9868-57a2d4851a1d" relativeResultsDirectory="3341bd26-98dd-40e1-ba3b-b6b04868980e" />
    <UnitTestResult executionId="b25ce626-daa2-4696-b071-c0237d010f70" testId="92d86efa-2ff9-f426-428c-2d042ed7e545" testName="Given_FeaturesAreAvailable_When_EnsureFeaturesAreInstalled_WithFeaturesThatInstallsWithSessionReloadRequired_Then_EnableFeaturesIsCalledWithExpectedArgumentsAndMethodReturnsInstalled" computerName="DKSR-EFI-06" duration="00:00:00.0117774" startTime="2024-01-09T15:42:37.9665064+01:00" endTime="2024-01-09T15:42:37.9821319+01:00" testType="13cdc9d9-ddb5-4fa4-a97d-d965ccfc6d4b" outcome="Passed" testListId="8c84fa94-04c1-424b-9868-57a2d4851a1d" relativeResultsDirectory="b25ce626-daa2-4696-b071-c0237d010f70" />
    <UnitTestResult executionId="461f48f5-f189-4aa3-8d2e-670601919ccc" testId="cde7e51e-35ed-100a-a550-358501305bf7" testName="DeleteUrlReservation_Param_SunnyDayTest" computerName="DKSR-EFI-06" duration="00:00:00.0004509" startTime="2024-01-09T15:41:30.9507022+01:00" endTime="2024-01-09T15:41:30.9507022+01:00" testType="13cdc9d9-ddb5-4fa4-a97d-d965ccfc6d4b" outcome="Passed" testListId="8c84fa94-04c1-424b-9868-57a2d4851a1d" relativeResultsDirectory="461f48f5-f189-4aa3-8d2e-670601919ccc" />
    <UnitTestResult executionId="e1b3abb6-65c0-48c5-9618-d7c3c71676d5" testId="b56af203-658a-be22-0b10-4d4a6d7da24f" testName="CreateWeakWildcard_WithRelativePathTest" computerName="DKSR-EFI-06" duration="00:00:00.0001716" startTime="2024-01-09T15:41:30.6694511+01:00" endTime="2024-01-09T15:41:30.6694511+01:00" testType="13cdc9d9-ddb5-4fa4-a97d-d965ccfc6d4b" outcome="Passed" testListId="8c84fa94-04c1-424b-9868-57a2d4851a1d" relativeResultsDirectory="e1b3abb6-65c0-48c5-9618-d7c3c71676d5" />
    <UnitTestResult executionId="72c98c83-7e81-4713-ba5d-242f2acf437f" testId="790ef27a-76ad-2546-a1a6-a0647af5948c" testName="FormatByteSizeStringExactULTest2" computerName="DKSR-EFI-06" duration="00:00:00.0001243" startTime="2024-01-09T15:41:30.3100760+01:00" endTime="2024-01-09T15:41:30.3100760+01:00" testType="13cdc9d9-ddb5-4fa4-a97d-d965ccfc6d4b" outcome="Passed" testListId="8c84fa94-04c1-424b-9868-57a2d4851a1d" relativeResultsDirectory="72c98c83-7e81-4713-ba5d-242f2acf437f" />
    <UnitTestResult executionId="42b54a01-0a8f-4d3f-bcb4-eb10c8e5124b" testId="1d9d4c3f-8766-cca4-ae47-524a321d0ee5" testName="FormatTimeSpanStringTest9" computerName="DKSR-EFI-06" duration="00:00:00.0001690" startTime="2024-01-09T15:41:30.1850719+01:00" endTime="2024-01-09T15:41:30.1850719+01:00" testType="13cdc9d9-ddb5-4fa4-a97d-d965ccfc6d4b" outcome="Passed" testListId="8c84fa94-04c1-424b-9868-57a2d4851a1d" relativeResultsDirectory="42b54a01-0a8f-4d3f-bcb4-eb10c8e5124b" />
    <UnitTestResult executionId="82115bea-8ffa-474e-944c-fcf1a5b58275" testId="054bfef9-7d9c-4f40-14b7-a4a1c121a79d" testName="AccessControlUpdater_SetFileAccessControl_UseLocalSystem" computerName="DKSR-EFI-06" duration="00:00:00.0035740" startTime="2024-01-09T15:41:32.1694621+01:00" endTime="2024-01-09T15:41:32.1694621+01:00" testType="13cdc9d9-ddb5-4fa4-a97d-d965ccfc6d4b" outcome="Passed" testListId="8c84fa94-04c1-424b-9868-57a2d4851a1d" relativeResultsDirectory="82115bea-8ffa-474e-944c-fcf1a5b58275" />
    <UnitTestResult executionId="c7025340-f702-43f3-865c-59587b116a59" testId="149328dd-9c2a-a5da-f7d5-2a68b860779c" testName="Given_PasswordWithUnknownError_When_Validating_AProperErrorMessageIsReturned" computerName="DKSR-EFI-06" duration="00:00:00.0002603" startTime="2024-01-09T15:41:30.1538238+01:00" endTime="2024-01-09T15:41:30.1538238+01:00" testType="13cdc9d9-ddb5-4fa4-a97d-d965ccfc6d4b" outcome="Passed" testListId="8c84fa94-04c1-424b-9868-57a2d4851a1d" relativeResultsDirectory="c7025340-f702-43f3-865c-59587b116a59" />
    <UnitTestResult executionId="07394a83-eb1b-475c-b614-1ac305b6c9e6" testId="ea5cb3a6-13ca-c077-cd8f-0dba821b3094" testName="ReadSslConfigurations_ExceptionThrownTest" computerName="DKSR-EFI-06" duration="00:00:00.0030666" startTime="2024-01-09T15:41:30.8569511+01:00" endTime="2024-01-09T15:41:30.8569511+01:00" testType="13cdc9d9-ddb5-4fa4-a97d-d965ccfc6d4b" outcome="Passed" testListId="8c84fa94-04c1-424b-9868-57a2d4851a1d" relativeResultsDirectory="07394a83-eb1b-475c-b614-1ac305b6c9e6" />
    <UnitTestResult executionId="6a67f46b-a680-4e48-9963-0d7b9e5594de" testId="e3ac57fe-96f7-8188-e429-555145a2c596" testName="DeleteSslConfiguration_SunnyDayTest" computerName="DKSR-EFI-06" duration="00:00:00.0004534" startTime="2024-01-09T15:41:30.9663275+01:00" endTime="2024-01-09T15:41:30.9663275+01:00" testType="13cdc9d9-ddb5-4fa4-a97d-d965ccfc6d4b" outcome="Passed" testListId="8c84fa94-04c1-424b-9868-57a2d4851a1d" relativeResultsDirectory="6a67f46b-a680-4e48-9963-0d7b9e5594de" />
    <UnitTestResult executionId="64f0a204-e4bb-49f8-84a6-0c8e955454dc" testId="3456c2ac-6383-db2f-076e-c42d1018058c" testName="ShowHelp_BeforeInitialize_Exception" computerName="DKSR-EFI-06" duration="00:00:00.0015946" startTime="2024-01-09T15:42:37.5915051+01:00" endTime="2024-01-09T15:42:37.5915051+01:00" testType="13cdc9d9-ddb5-4fa4-a97d-d965ccfc6d4b" outcome="Passed" testListId="8c84fa94-04c1-424b-9868-57a2d4851a1d" relativeResultsDirectory="64f0a204-e4bb-49f8-84a6-0c8e955454dc" />
    <UnitTestResult executionId="dadd42c4-77c0-470b-b134-a8dc6c39837c" testId="f7b59fbe-5f8c-fa0d-bda8-8b01590f7019" testName="UpdateKey_ShouldThrow_WhenKeyDoesntExist" computerName="DKSR-EFI-06" duration="00:00:07.5561494" startTime="2024-01-09T15:41:59.2633372+01:00" endTime="2024-01-09T15:42:06.8258092+01:00" testType="13cdc9d9-ddb5-4fa4-a97d-d965ccfc6d4b" outcome="Passed" testListId="8c84fa94-04c1-424b-9868-57a2d4851a1d" relativeResultsDirectory="dadd42c4-77c0-470b-b134-a8dc6c39837c" />
    <UnitTestResult executionId="6ad7254c-7145-4329-91b1-1024fe11bff1" testId="c8d52768-d5b1-c179-771a-3245a9b88ae9" testName="Given_FeaturesWithErrorAndGetLastErrorFails_When_EnsureFeaturesAreInstalled_Then_MethodReturnsTheFailedFeatureAndAProperErrorMessage" computerName="DKSR-EFI-06" duration="00:00:00.0277942" startTime="2024-01-09T15:42:38.1383825+01:00" endTime="2024-01-09T15:42:38.1696342+01:00" testType="13cdc9d9-ddb5-4fa4-a97d-d965ccfc6d4b" outcome="Passed" testListId="8c84fa94-04c1-424b-9868-57a2d4851a1d" relativeResultsDirectory="6ad7254c-7145-4329-91b1-1024fe11bff1" />
    <UnitTestResult executionId="8e278591-8f06-4557-8c00-49b1e46576c1" testId="3083e6f4-31c6-2b3d-a3cf-4efc40ec98d7" testName="SimpleVerifySignatureRSA" computerName="DKSR-EFI-06" duration="00:00:00.0196738" startTime="2024-01-09T15:43:57.2636072+01:00" endTime="2024-01-09T15:43:57.2792159+01:00" testType="13cdc9d9-ddb5-4fa4-a97d-d965ccfc6d4b" outcome="Passed" testListId="8c84fa94-04c1-424b-9868-57a2d4851a1d" relativeResultsDirectory="8e278591-8f06-4557-8c00-49b1e46576c1" />
    <UnitTestResult executionId="1b4fd07d-948b-4122-b270-8e709a4538dd" testId="6cfd09a2-8ecf-3edd-9765-ba0cb070affa" testName="ExecuteRetryableCanBeCancelled" computerName="DKSR-EFI-06" duration="00:00:00.0010461" startTime="2024-01-09T15:43:14.9666149+01:00" endTime="2024-01-09T15:43:14.9666149+01:00" testType="13cdc9d9-ddb5-4fa4-a97d-d965ccfc6d4b" outcome="Passed" testListId="8c84fa94-04c1-424b-9868-57a2d4851a1d" relativeResultsDirectory="1b4fd07d-948b-4122-b270-8e709a4538dd" />
    <UnitTestResult executionId="5a2315f2-3d2d-4773-868d-f8e4bf3481ab" testId="e60a23b1-5d6b-f911-7213-6c4009dad4ad" testName="Constructor_ShouldThrowArgumentNullException_WhenSecureFolderIsNull" computerName="DKSR-EFI-06" duration="00:00:00.0005374" startTime="2024-01-09T15:42:37.2009469+01:00" endTime="2024-01-09T15:42:37.2009469+01:00" testType="13cdc9d9-ddb5-4fa4-a97d-d965ccfc6d4b" outcome="Passed" testListId="8c84fa94-04c1-424b-9868-57a2d4851a1d" relativeResultsDirectory="5a2315f2-3d2d-4773-868d-f8e4bf3481ab" />
    <UnitTestResult executionId="a33df88f-d595-4f66-b9ef-4771d4020702" testId="683ef6ce-3b7f-cb97-64d1-7227151e64b1" testName="CreateExplicit_IPv6Host" computerName="DKSR-EFI-06" duration="00:00:00.0005563" startTime="2024-01-09T15:41:30.7163258+01:00" endTime="2024-01-09T15:41:30.7319509+01:00" testType="13cdc9d9-ddb5-4fa4-a97d-d965ccfc6d4b" outcome="Passed" testListId="8c84fa94-04c1-424b-9868-57a2d4851a1d" relativeResultsDirectory="a33df88f-d595-4f66-b9ef-4771d4020702" />
    <UnitTestResult executionId="3cd419e8-391d-474f-9610-13fdd070041e" testId="ff11fe63-c800-55e8-3867-714194b6a3db" testName="Constructor_ShouldThrow_WhenFilenameIsNull" computerName="DKSR-EFI-06" duration="00:00:00.0006839" startTime="2024-01-09T15:42:37.2790033+01:00" endTime="2024-01-09T15:42:37.2790033+01:00" testType="13cdc9d9-ddb5-4fa4-a97d-d965ccfc6d4b" outcome="Passed" testListId="8c84fa94-04c1-424b-9868-57a2d4851a1d" relativeResultsDirectory="3cd419e8-391d-474f-9610-13fdd070041e" />
    <UnitTestResult executionId="62a9e11c-e0c5-4428-b018-d346e4b9ad15" testId="bc17b61c-cd60-94e8-8c15-436ea8d13b69" testName="EncryptionFactory_KeyInformationIsDifferent_OnDefaultCreateAsymmetricForLicense" computerName="DKSR-EFI-06" duration="00:00:00.1658528" startTime="2024-01-09T15:43:56.8104618+01:00" endTime="2024-01-09T15:43:56.9823383+01:00" testType="13cdc9d9-ddb5-4fa4-a97d-d965ccfc6d4b" outcome="Passed" testListId="8c84fa94-04c1-424b-9868-57a2d4851a1d" relativeResultsDirectory="62a9e11c-e0c5-4428-b018-d346e4b9ad15" />
    <UnitTestResult executionId="a4836994-5551-4fb1-9d32-078bf81e180c" testId="54fc10f9-d528-1974-2f53-3a621ca67cb3" testName="Write_AndRead_PasswordShouldWork" computerName="DKSR-EFI-06" duration="00:00:00.0097940" startTime="2024-01-09T15:42:37.2477534+01:00" endTime="2024-01-09T15:42:37.2477534+01:00" testType="13cdc9d9-ddb5-4fa4-a97d-d965ccfc6d4b" outcome="Passed" testListId="8c84fa94-04c1-424b-9868-57a2d4851a1d" relativeResultsDirectory="a4836994-5551-4fb1-9d32-078bf81e180c" />
    <UnitTestResult executionId="b4659cda-c084-4830-a247-a6caa603ac25" testId="a537d233-e850-29a6-d913-096e4438abfa" testName="ScheduleNextRun_CalledOnce_AfterTimedDelayTriggered_Success" computerName="DKSR-EFI-06" startTime="2024-01-09T15:41:31.5913301+01:00" endTime="2024-01-09T15:41:31.5913301+01:00" testType="13cdc9d9-ddb5-4fa4-a97d-d965ccfc6d4b" outcome="NotExecuted" testListId="8c84fa94-04c1-424b-9868-57a2d4851a1d" relativeResultsDirectory="b4659cda-c084-4830-a247-a6caa603ac25">
      <Output></Output>
    </UnitTestResult>
    <UnitTestResult executionId="4525f54b-2c8b-4a11-a7f4-6647cf28cca2" testId="efa72cc0-4833-b054-d7dc-249cb49adeeb" testName="EncodeDecode_WhenDataOk_Success" computerName="DKSR-EFI-06" duration="00:00:00.0070393" startTime="2024-01-09T15:42:37.7946329+01:00" endTime="2024-01-09T15:42:37.7946329+01:00" testType="13cdc9d9-ddb5-4fa4-a97d-d965ccfc6d4b" outcome="Passed" testListId="8c84fa94-04c1-424b-9868-57a2d4851a1d" relativeResultsDirectory="4525f54b-2c8b-4a11-a7f4-6647cf28cca2" />
    <UnitTestResult executionId="7e40cf9f-cf98-40f8-ba0d-17baa86d7acc" testId="6cc7bb11-75a5-32ad-c8ad-c89efbe80686" testName="RemoveInvalidXMLChars_Text_Invalid_Chars" computerName="DKSR-EFI-06" duration="00:00:00.0048713" startTime="2024-01-09T15:42:37.8102561+01:00" endTime="2024-01-09T15:42:37.8258822+01:00" testType="13cdc9d9-ddb5-4fa4-a97d-d965ccfc6d4b" outcome="Passed" testListId="8c84fa94-04c1-424b-9868-57a2d4851a1d" relativeResultsDirectory="7e40cf9f-cf98-40f8-ba0d-17baa86d7acc" />
    <UnitTestResult executionId="9bdc5725-9a80-4271-8949-a1d604e01b6b" testId="806deb80-9486-1446-8b63-998fe3e82f73" testName="DeleteUrlReservation_Param_NullPrefixTest" computerName="DKSR-EFI-06" duration="00:00:00.0008825" startTime="2024-01-09T15:41:30.9350770+01:00" endTime="2024-01-09T15:41:30.9350770+01:00" testType="13cdc9d9-ddb5-4fa4-a97d-d965ccfc6d4b" outcome="Passed" testListId="8c84fa94-04c1-424b-9868-57a2d4851a1d" relativeResultsDirectory="9bdc5725-9a80-4271-8949-a1d604e01b6b" />
    <UnitTestResult executionId="f46f6c33-69f1-470c-a302-bc235c60338d" testId="baa373a9-6d62-5c7c-faff-08d5369c08e0" testName="DatabaseReaderCanBeDisposedMultipleTimes_Success" computerName="DKSR-EFI-06" duration="00:00:00.0094320" startTime="2024-01-09T15:43:08.5915962+01:00" endTime="2024-01-09T15:43:08.5915962+01:00" testType="13cdc9d9-ddb5-4fa4-a97d-d965ccfc6d4b" outcome="Passed" testListId="8c84fa94-04c1-424b-9868-57a2d4851a1d" relativeResultsDirectory="f46f6c33-69f1-470c-a302-bc235c60338d" />
    <UnitTestResult executionId="f26f04b6-04be-4e65-bf0b-f8374140f9de" testId="3c8c1315-9de6-614f-2337-929c996bc646" testName="EncryptionFactory_Throws_OnCreateAsymmetricForLicense_WithKeysNullAndBlobNotNull" computerName="DKSR-EFI-06" duration="00:00:00.0007926" startTime="2024-01-09T15:43:56.8104618+01:00" endTime="2024-01-09T15:43:56.8104618+01:00" testType="13cdc9d9-ddb5-4fa4-a97d-d965ccfc6d4b" outcome="Passed" testListId="8c84fa94-04c1-424b-9868-57a2d4851a1d" relativeResultsDirectory="f26f04b6-04be-4e65-bf0b-f8374140f9de" />
    <UnitTestResult executionId="067574a0-264d-4323-ab45-02c1af82a215" testId="1f464ac7-138a-8fde-bfd4-f47c345bf2dd" testName="Get_Parameter_DatabaseDataReaderIsNull_Success" computerName="DKSR-EFI-06" duration="00:00:00.0008113" startTime="2024-01-09T15:43:08.2166001+01:00" endTime="2024-01-09T15:43:08.2166001+01:00" testType="13cdc9d9-ddb5-4fa4-a97d-d965ccfc6d4b" outcome="Passed" testListId="8c84fa94-04c1-424b-9868-57a2d4851a1d" relativeResultsDirectory="067574a0-264d-4323-ab45-02c1af82a215" />
    <UnitTestResult executionId="84c02d70-735d-40eb-9b4a-c43d7a9acd67" testId="2127992f-d432-430c-3767-c76b100ba1ae" testName="Given_daDK_daGL_svAXSupported_When_GettingAvailableLanguages_NativeNamesAreDanskDanmarkDanskGrønlandSvenska" computerName="DKSR-EFI-06" duration="00:00:00.0035456" startTime="2024-01-09T15:42:37.7633824+01:00" endTime="2024-01-09T15:42:37.7633824+01:00" testType="13cdc9d9-ddb5-4fa4-a97d-d965ccfc6d4b" outcome="Passed" testListId="8c84fa94-04c1-424b-9868-57a2d4851a1d" relativeResultsDirectory="84c02d70-735d-40eb-9b4a-c43d7a9acd67" />
    <UnitTestResult executionId="130c7a95-7ec2-4d8a-85a4-01c2368cc510" testId="3b43752d-a556-b0b9-8a62-50f89aa27699" testName="FormatByteSizeStringExactTest7" computerName="DKSR-EFI-06" duration="00:00:00.0003097" startTime="2024-01-09T15:41:30.3256972+01:00" endTime="2024-01-09T15:41:30.3256972+01:00" testType="13cdc9d9-ddb5-4fa4-a97d-d965ccfc6d4b" outcome="Passed" testListId="8c84fa94-04c1-424b-9868-57a2d4851a1d" relativeResultsDirectory="130c7a95-7ec2-4d8a-85a4-01c2368cc510" />
    <UnitTestResult executionId="0bbb303b-b5bc-4e3c-b525-4bd33fd8040f" testId="d9f9c2c8-093d-13e9-89bd-1a9656a82bad" testName="Given_FeaturesAreAvailableWithUnexpectedState_When_EnsureFeaturesAreInstalled_Then_MethodReturnsTheFeatureWithUnexpectedState" computerName="DKSR-EFI-06" duration="00:00:00.0188113" startTime="2024-01-09T15:42:38.1696342+01:00" endTime="2024-01-09T15:42:38.2008828+01:00" testType="13cdc9d9-ddb5-4fa4-a97d-d965ccfc6d4b" outcome="Passed" testListId="8c84fa94-04c1-424b-9868-57a2d4851a1d" relativeResultsDirectory="0bbb303b-b5bc-4e3c-b525-4bd33fd8040f" />
    <UnitTestResult executionId="07e985f7-6e40-4601-817a-ff03dd12b5ba" testId="efee3d4a-040f-686a-9a0d-7f9cb65b493f" testName="HashingUtilities_CreateHashString_Success" computerName="DKSR-EFI-06" duration="00:00:00.0112213" startTime="2024-01-09T15:43:55.2167056+01:00" endTime="2024-01-09T15:43:55.2323311+01:00" testType="13cdc9d9-ddb5-4fa4-a97d-d965ccfc6d4b" outcome="Passed" testListId="8c84fa94-04c1-424b-9868-57a2d4851a1d" relativeResultsDirectory="07e985f7-6e40-4601-817a-ff03dd12b5ba" />
    <UnitTestResult executionId="c092264f-0f09-4f19-8071-dce2bd3b7aba" testId="1e298c42-1eed-7a06-369c-d97e05665709" testName="FileLoggerNoName" computerName="DKSR-EFI-06" duration="00:00:00.6601954" startTime="2024-01-09T15:42:38.2165079+01:00" endTime="2024-01-09T15:42:38.8727610+01:00" testType="13cdc9d9-ddb5-4fa4-a97d-d965ccfc6d4b" outcome="Passed" testListId="8c84fa94-04c1-424b-9868-57a2d4851a1d" relativeResultsDirectory="c092264f-0f09-4f19-8071-dce2bd3b7aba">
      <Output>
        <StdOut>Reading config from file: D:\actions-runner\_work\XPCO\XPCO\Common\VideoOS.Utilities\VideoOS.Utilities.UnitTests\bin\Debug\net472\VideoOS.Utilities.UnitTests.dll.config</StdOut>
      </Output>
    </UnitTestResult>
    <UnitTestResult executionId="ba07375f-423b-49f5-8670-fd0f17771915" testId="90f643f5-a90b-25e9-f029-5ed7f28dfb08" testName="Initialize_NullArgs_ArgException" computerName="DKSR-EFI-06" duration="00:00:00.0018702" startTime="2024-01-09T15:42:37.4822294+01:00" endTime="2024-01-09T15:42:37.4822294+01:00" testType="13cdc9d9-ddb5-4fa4-a97d-d965ccfc6d4b" outcome="Passed" testListId="8c84fa94-04c1-424b-9868-57a2d4851a1d" relativeResultsDirectory="ba07375f-423b-49f5-8670-fd0f17771915" />
    <UnitTestResult executionId="d72f0663-3ecf-4c10-a440-e38c6d3031e0" testId="c7bbc647-3e1b-d450-cce3-09808a240509" testName="Parse_InvalidData_InvalidPortTest3" computerName="DKSR-EFI-06" duration="00:00:00.0004752" startTime="2024-01-09T15:41:30.6538248+01:00" endTime="2024-01-09T15:41:30.6538248+01:00" testType="13cdc9d9-ddb5-4fa4-a97d-d965ccfc6d4b" outcome="Passed" testListId="8c84fa94-04c1-424b-9868-57a2d4851a1d" relativeResultsDirectory="d72f0663-3ecf-4c10-a440-e38c6d3031e0" />
    <UnitTestResult executionId="15c807d3-0f27-46c7-be56-6ed90c9fd2e0" testId="88b06e89-6009-9e01-9e1f-9df25d08d8fb" testName="FormatByteSizeStringTest10" computerName="DKSR-EFI-06" duration="00:00:00.0003985" startTime="2024-01-09T15:41:30.2319495+01:00" endTime="2024-01-09T15:41:30.2319495+01:00" testType="13cdc9d9-ddb5-4fa4-a97d-d965ccfc6d4b" outcome="Passed" testListId="8c84fa94-04c1-424b-9868-57a2d4851a1d" relativeResultsDirectory="15c807d3-0f27-46c7-be56-6ed90c9fd2e0" />
    <UnitTestResult executionId="5532b590-d7f6-40cc-b120-61b0f95f81ba" testId="57ef9ea3-991d-aedb-8019-644b32be6cc6" testName="CommandsAreBeingAssociatedWithRunningTransaction" computerName="DKSR-EFI-06" duration="00:00:00.2817281" startTime="2024-01-09T15:43:13.1697339+01:00" endTime="2024-01-09T15:43:13.4509855+01:00" testType="13cdc9d9-ddb5-4fa4-a97d-d965ccfc6d4b" outcome="Passed" testListId="8c84fa94-04c1-424b-9868-57a2d4851a1d" relativeResultsDirectory="5532b590-d7f6-40cc-b120-61b0f95f81ba" />
    <UnitTestResult executionId="76cd26aa-6885-46d8-98fd-53e99b193589" testId="3944fccd-772e-d9fe-1a40-fdbfaf54babb" testName="ExecuteNonQuery" computerName="DKSR-EFI-06" duration="00:00:00.0087106" startTime="2024-01-09T15:43:09.0759729+01:00" endTime="2024-01-09T15:43:09.0915986+01:00" testType="13cdc9d9-ddb5-4fa4-a97d-d965ccfc6d4b" outcome="Passed" testListId="8c84fa94-04c1-424b-9868-57a2d4851a1d" relativeResultsDirectory="76cd26aa-6885-46d8-98fd-53e99b193589" />
    <UnitTestResult executionId="c4d5101a-fc32-48d8-aec4-37bdcd9d0b91" testId="f03729f0-d331-f104-9fc2-6da799ef6144" testName="ValidateWebAddress_WithHttp" computerName="DKSR-EFI-06" duration="00:00:00.0002130" startTime="2024-01-09T15:43:55.2479579+01:00" endTime="2024-01-09T15:43:55.2479579+01:00" testType="13cdc9d9-ddb5-4fa4-a97d-d965ccfc6d4b" outcome="Passed" testListId="8c84fa94-04c1-424b-9868-57a2d4851a1d" relativeResultsDirectory="c4d5101a-fc32-48d8-aec4-37bdcd9d0b91" />
    <UnitTestResult executionId="b60c9d1a-2d39-4db3-8da3-8c7b2291ac04" testId="38d1f746-2b57-c1cd-17c2-0ac269ee0e54" testName="FormatByteSizeStringExactULTest5" computerName="DKSR-EFI-06" duration="00:00:00.0001740" startTime="2024-01-09T15:41:30.3256972+01:00" endTime="2024-01-09T15:41:30.3256972+01:00" testType="13cdc9d9-ddb5-4fa4-a97d-d965ccfc6d4b" outcome="Passed" testListId="8c84fa94-04c1-424b-9868-57a2d4851a1d" relativeResultsDirectory="b60c9d1a-2d39-4db3-8da3-8c7b2291ac04" />
    <UnitTestResult executionId="0e89e35c-5dbf-402b-95e9-c32042fca714" testId="4d984853-c57d-8dde-8aa5-0f1125f0ead4" testName="ExecuteReaderTwoRowsAsync" computerName="DKSR-EFI-06" duration="00:00:00.1363956" startTime="2024-01-09T15:43:08.6697239+01:00" endTime="2024-01-09T15:43:08.8103470+01:00" testType="13cdc9d9-ddb5-4fa4-a97d-d965ccfc6d4b" outcome="Passed" testListId="8c84fa94-04c1-424b-9868-57a2d4851a1d" relativeResultsDirectory="0e89e35c-5dbf-402b-95e9-c32042fca714" />
    <UnitTestResult executionId="6ae57796-37bc-4b17-a68c-89a690cdee64" testId="54bd00e6-9405-3d53-2a2a-6095d7c4f033" testName="Initialize_ValidArgsOffline_Success" computerName="DKSR-EFI-06" duration="00:00:00.0932367" startTime="2024-01-09T15:42:37.4822294+01:00" endTime="2024-01-09T15:42:37.5758809+01:00" testType="13cdc9d9-ddb5-4fa4-a97d-d965ccfc6d4b" outcome="Passed" testListId="8c84fa94-04c1-424b-9868-57a2d4851a1d" relativeResultsDirectory="6ae57796-37bc-4b17-a68c-89a690cdee64" />
    <UnitTestResult executionId="2fb4b186-514f-436c-ac1b-c5af69d2e52f" testId="087b3dcc-2ad3-d33b-fb5a-cbb55331995d" testName="CreateExplicit_NullHost" computerName="DKSR-EFI-06" duration="00:00:00.0006011" startTime="2024-01-09T15:41:30.7163258+01:00" endTime="2024-01-09T15:41:30.7163258+01:00" testType="13cdc9d9-ddb5-4fa4-a97d-d965ccfc6d4b" outcome="Passed" testListId="8c84fa94-04c1-424b-9868-57a2d4851a1d" relativeResultsDirectory="2fb4b186-514f-436c-ac1b-c5af69d2e52f" />
    <UnitTestResult executionId="380ed61e-8692-4641-9984-3f79c9c1bc87" testId="ced8d624-bb3c-78ce-0fe9-b24f4b5b4949" testName="IsValidBase64String_DataDrivenTest (Device  is  disabled  and will stay    disabled  ,False)" computerName="DKSR-EFI-06" duration="00:00:00.0000084" startTime="2024-01-09T15:41:31.2475802+01:00" endTime="2024-01-09T15:41:31.2475802+01:00" testType="13cdc9d9-ddb5-4fa4-a97d-d965ccfc6d4b" outcome="Passed" testListId="8c84fa94-04c1-424b-9868-57a2d4851a1d" relativeResultsDirectory="380ed61e-8692-4641-9984-3f79c9c1bc87" />
    <UnitTestResult executionId="b0078084-4144-405c-8935-89052505ad14" testId="2e97e08c-ca7b-d885-f415-1eab71811422" testName="Init_WhenInitialized_RefuseMessageCorrect" computerName="DKSR-EFI-06" duration="00:00:00.0008469" startTime="2024-01-09T15:41:30.4506984+01:00" endTime="2024-01-09T15:41:30.4506984+01:00" testType="13cdc9d9-ddb5-4fa4-a97d-d965ccfc6d4b" outcome="Passed" testListId="8c84fa94-04c1-424b-9868-57a2d4851a1d" relativeResultsDirectory="b0078084-4144-405c-8935-89052505ad14" />
    <UnitTestResult executionId="cff0d8d8-6e42-4497-b1b6-b1dfb1b459b9" testId="b05dd664-b57f-ba95-fe26-dd98a5759af1" testName="EndpointSupportsSsl_InvalidTimeoutInSeconds_BelowMinimum_Throws_ArgumentException" computerName="DKSR-EFI-06" duration="00:00:00.0005763" startTime="2024-01-09T15:43:55.3104576+01:00" endTime="2024-01-09T15:43:55.3260839+01:00" testType="13cdc9d9-ddb5-4fa4-a97d-d965ccfc6d4b" outcome="Passed" testListId="8c84fa94-04c1-424b-9868-57a2d4851a1d" relativeResultsDirectory="cff0d8d8-6e42-4497-b1b6-b1dfb1b459b9" />
    <UnitTestResult executionId="4c24e049-c903-4d14-b803-b87e5d4835f6" testId="e16b4985-2710-073b-d4ec-46bcb416a89f" testName="NullCheckThrowsWhenObjectIsNull" computerName="DKSR-EFI-06" duration="00:00:00.0013367" startTime="2024-01-09T15:41:31.2632448+01:00" endTime="2024-01-09T15:41:31.2788319+01:00" testType="13cdc9d9-ddb5-4fa4-a97d-d965ccfc6d4b" outcome="Passed" testListId="8c84fa94-04c1-424b-9868-57a2d4851a1d" relativeResultsDirectory="4c24e049-c903-4d14-b803-b87e5d4835f6" />
    <UnitTestResult executionId="c90cacd2-904d-477f-ae82-92c212ea79d1" testId="66bb426a-3246-6a32-821e-6501f0f5b7a7" testName="TestValidateAddress_Exceptions" computerName="DKSR-EFI-06" duration="00:00:00.0007352" startTime="2024-01-09T15:43:55.2948327+01:00" endTime="2024-01-09T15:43:55.2948327+01:00" testType="13cdc9d9-ddb5-4fa4-a97d-d965ccfc6d4b" outcome="Passed" testListId="8c84fa94-04c1-424b-9868-57a2d4851a1d" relativeResultsDirectory="c90cacd2-904d-477f-ae82-92c212ea79d1" />
    <UnitTestResult executionId="4ce128ed-6525-49e3-9ba4-fa3619199156" testId="edb1f896-d8ff-0800-877d-639c9514c67a" testName="EnforceUrlReservation_ConflictingEntryAccessDeniedTest" computerName="DKSR-EFI-06" duration="00:00:00.0016106" startTime="2024-01-09T15:41:30.9350770+01:00" endTime="2024-01-09T15:41:30.9350770+01:00" testType="13cdc9d9-ddb5-4fa4-a97d-d965ccfc6d4b" outcome="Passed" testListId="8c84fa94-04c1-424b-9868-57a2d4851a1d" relativeResultsDirectory="4ce128ed-6525-49e3-9ba4-fa3619199156" />
    <UnitTestResult executionId="c5119829-c34b-4618-9fa6-4c9684a96722" testId="e359eaed-a427-5117-244f-d80dfabb0e0f" testName="GetContentFromInitialLicenseFile_WrongPattern_ThrowsException" computerName="DKSR-EFI-06" duration="00:00:00.0007808" startTime="2024-01-09T15:41:32.6694640+01:00" endTime="2024-01-09T15:41:32.6850926+01:00" testType="13cdc9d9-ddb5-4fa4-a97d-d965ccfc6d4b" outcome="Passed" testListId="8c84fa94-04c1-424b-9868-57a2d4851a1d" relativeResultsDirectory="c5119829-c34b-4618-9fa6-4c9684a96722" />
    <UnitTestResult executionId="c12ca1cf-1c6c-4e50-9c51-1960ebca708c" testId="08489a7b-a612-37ae-e377-5aee70230735" testName="Constructor_NullUrlAclInfo" computerName="DKSR-EFI-06" duration="00:00:00.0009619" startTime="2024-01-09T15:41:31.0288350+01:00" endTime="2024-01-09T15:41:31.0288350+01:00" testType="13cdc9d9-ddb5-4fa4-a97d-d965ccfc6d4b" outcome="Passed" testListId="8c84fa94-04c1-424b-9868-57a2d4851a1d" relativeResultsDirectory="c12ca1cf-1c6c-4e50-9c51-1960ebca708c" />
    <UnitTestResult executionId="c552b21a-d3af-412e-94d8-07904b28dfb9" testId="80895b38-0d55-d592-cbc2-d8e8007febd1" testName="FormatByteSizeStringTest4" computerName="DKSR-EFI-06" duration="00:00:00.0014088" startTime="2024-01-09T15:41:30.2006974+01:00" endTime="2024-01-09T15:41:30.2006974+01:00" testType="13cdc9d9-ddb5-4fa4-a97d-d965ccfc6d4b" outcome="Passed" testListId="8c84fa94-04c1-424b-9868-57a2d4851a1d" relativeResultsDirectory="c552b21a-d3af-412e-94d8-07904b28dfb9" />
    <UnitTestResult executionId="7a6df2a5-78a7-44bb-9277-dd6317006b90" testId="7baf5ad7-fd83-d136-4005-0a09919139e7" testName="HSL_EmptyString_ThrowsArgumentNullException" computerName="DKSR-EFI-06" duration="00:00:00.0009897" startTime="2024-01-09T15:43:57.4198418+01:00" endTime="2024-01-09T15:43:57.4198418+01:00" testType="13cdc9d9-ddb5-4fa4-a97d-d965ccfc6d4b" outcome="Passed" testListId="8c84fa94-04c1-424b-9868-57a2d4851a1d" relativeResultsDirectory="7a6df2a5-78a7-44bb-9277-dd6317006b90" />
    <UnitTestResult executionId="63a5984c-3fa0-4b57-b66a-3232e1dd6943" testId="55527208-ef48-54d9-41fd-271d38adaf49" testName="SecureFolderWithUserAccountReadOnlyAccessGetsCreatedCorrectly" computerName="DKSR-EFI-06" duration="00:00:00.0018820" startTime="2024-01-09T15:41:32.3569649+01:00" endTime="2024-01-09T15:41:32.3569649+01:00" testType="13cdc9d9-ddb5-4fa4-a97d-d965ccfc6d4b" outcome="Passed" testListId="8c84fa94-04c1-424b-9868-57a2d4851a1d" relativeResultsDirectory="63a5984c-3fa0-4b57-b66a-3232e1dd6943" />
    <UnitTestResult executionId="e56d88ec-7103-463a-b397-b01c7e5c1f0b" testId="c2a136cd-996a-f572-a51d-a2af9eb8c9d9" testName="CloseConnectionWithActiveDbTransaction_Fail" computerName="DKSR-EFI-06" duration="00:00:00.1067705" startTime="2024-01-09T15:43:14.2009903+01:00" endTime="2024-01-09T15:43:14.3103645+01:00" testType="13cdc9d9-ddb5-4fa4-a97d-d965ccfc6d4b" outcome="Passed" testListId="8c84fa94-04c1-424b-9868-57a2d4851a1d" relativeResultsDirectory="e56d88ec-7103-463a-b397-b01c7e5c1f0b" />
    <UnitTestResult executionId="c332a2fd-5762-4b80-aba4-f8a694ee7d1c" testId="66477fd6-1f77-8ac4-c4c3-12944fda49e9" testName="GetKeyManagementState_PasswordCannotDecryptKey" computerName="DKSR-EFI-06" duration="00:00:00.0077337" startTime="2024-01-09T15:42:37.4508794+01:00" endTime="2024-01-09T15:42:37.4665042+01:00" testType="13cdc9d9-ddb5-4fa4-a97d-d965ccfc6d4b" outcome="Passed" testListId="8c84fa94-04c1-424b-9868-57a2d4851a1d" relativeResultsDirectory="c332a2fd-5762-4b80-aba4-f8a694ee7d1c" />
    <UnitTestResult executionId="74c1b5c2-f975-4d61-844d-c2d4c88922b2" testId="83481054-699a-701b-1d41-0138e8ec3589" testName="DatabaseConnectionInfoFromStorage_GetConnectionString_NotConfigured_Success" computerName="DKSR-EFI-06" duration="00:00:00.0051019" startTime="2024-01-09T15:43:12.4822344+01:00" endTime="2024-01-09T15:43:12.4822344+01:00" testType="13cdc9d9-ddb5-4fa4-a97d-d965ccfc6d4b" outcome="Passed" testListId="8c84fa94-04c1-424b-9868-57a2d4851a1d" relativeResultsDirectory="74c1b5c2-f975-4d61-844d-c2d4c88922b2" />
    <UnitTestResult executionId="4e1ed232-997c-41e0-ac29-c6a3330327d7" testId="d59c2448-b80d-cac2-ba49-ef92d150d972" testName="EncryptStringDataTestWrongPasswordRC2" computerName="DKSR-EFI-06" duration="00:00:00.0301511" startTime="2024-01-09T15:43:55.8573345+01:00" endTime="2024-01-09T15:43:55.8885862+01:00" testType="13cdc9d9-ddb5-4fa4-a97d-d965ccfc6d4b" outcome="Passed" testListId="8c84fa94-04c1-424b-9868-57a2d4851a1d" relativeResultsDirectory="4e1ed232-997c-41e0-ac29-c6a3330327d7" />
    <UnitTestResult executionId="63573279-883b-4524-8841-8dc28c0bba0d" testId="32abfdbf-368d-b1bb-16ce-a913ad32a93c" testName="FormatByteSizeStringExactUlongTest11" computerName="DKSR-EFI-06" duration="00:00:00.0002215" startTime="2024-01-09T15:41:30.3569469+01:00" endTime="2024-01-09T15:41:30.3569469+01:00" testType="13cdc9d9-ddb5-4fa4-a97d-d965ccfc6d4b" outcome="Passed" testListId="8c84fa94-04c1-424b-9868-57a2d4851a1d" relativeResultsDirectory="63573279-883b-4524-8841-8dc28c0bba0d" />
    <UnitTestResult executionId="21d066a2-6317-4629-8c59-75ce78b969f4" testId="e4b5d231-48f8-f90c-7def-70a1254e9e0c" testName="HasPassword_ShouldThrowKeyStorageException_IfFileInUse" computerName="DKSR-EFI-06" duration="00:00:00.0012355" startTime="2024-01-09T15:42:37.2633795+01:00" endTime="2024-01-09T15:42:37.2633795+01:00" testType="13cdc9d9-ddb5-4fa4-a97d-d965ccfc6d4b" outcome="Passed" testListId="8c84fa94-04c1-424b-9868-57a2d4851a1d" relativeResultsDirectory="21d066a2-6317-4629-8c59-75ce78b969f4" />
    <UnitTestResult executionId="c1b2aa48-df91-4c8c-8c2a-96a246ce9890" testId="0d8fe114-e8f0-2954-61da-3e8a8364eb46" testName="NullCheckHasInformationOnObjectTypeAndCallerAlternativeSyntax" computerName="DKSR-EFI-06" duration="00:00:00.0065366" startTime="2024-01-09T15:41:31.5600811+01:00" endTime="2024-01-09T15:41:31.5600811+01:00" testType="13cdc9d9-ddb5-4fa4-a97d-d965ccfc6d4b" outcome="Passed" testListId="8c84fa94-04c1-424b-9868-57a2d4851a1d" relativeResultsDirectory="c1b2aa48-df91-4c8c-8c2a-96a246ce9890" />
    <UnitTestResult executionId="1c64981a-6fb2-48e4-b5bf-e7387e9db6c1" testId="828e3157-ac03-8229-b330-f6c4dee8fcde" testName="ScheduleNextRun_ExceptionRaised_DoesNotContinueProcessing_Success" computerName="DKSR-EFI-06" startTime="2024-01-09T15:41:31.6069602+01:00" endTime="2024-01-09T15:41:31.6069602+01:00" testType="13cdc9d9-ddb5-4fa4-a97d-d965ccfc6d4b" outcome="NotExecuted" testListId="8c84fa94-04c1-424b-9868-57a2d4851a1d" relativeResultsDirectory="1c64981a-6fb2-48e4-b5bf-e7387e9db6c1">
      <Output></Output>
    </UnitTestResult>
    <UnitTestResult executionId="8429b6f6-702b-48e5-adb3-d31deeb3b50a" testId="86ed0180-2a38-091a-3c64-f74dc552c0af" testName="EncryptionFactory_Throws_OnCreateAsymmetricWithPaddingNull" computerName="DKSR-EFI-06" duration="00:00:00.0006023" startTime="2024-01-09T15:43:56.7635895+01:00" endTime="2024-01-09T15:43:56.7635895+01:00" testType="13cdc9d9-ddb5-4fa4-a97d-d965ccfc6d4b" outcome="Passed" testListId="8c84fa94-04c1-424b-9868-57a2d4851a1d" relativeResultsDirectory="8429b6f6-702b-48e5-adb3-d31deeb3b50a" />
    <UnitTestResult executionId="12eec360-1b9d-418e-a04a-abaa44b4695e" testId="d883e8ec-ed15-f934-3d1b-04767121e20e" testName="ComputeHash_ShouldReturnSameHashForSameByteArray" computerName="DKSR-EFI-06" duration="00:00:00.0002388" startTime="2024-01-09T15:43:57.1385910+01:00" endTime="2024-01-09T15:43:57.1385910+01:00" testType="13cdc9d9-ddb5-4fa4-a97d-d965ccfc6d4b" outcome="Passed" testListId="8c84fa94-04c1-424b-9868-57a2d4851a1d" relativeResultsDirectory="12eec360-1b9d-418e-a04a-abaa44b4695e" />
    <UnitTestResult executionId="2402d80b-5842-4eec-a4d8-062fcedf6b51" testId="d476b362-e580-bb82-4252-c400e3ae9d2d" testName="GetContentFromInitialLicenseFile_WrongContentType_ThrowsException" computerName="DKSR-EFI-06" duration="00:00:00.0010832" startTime="2024-01-09T15:41:32.6850926+01:00" endTime="2024-01-09T15:41:32.6850926+01:00" testType="13cdc9d9-ddb5-4fa4-a97d-d965ccfc6d4b" outcome="Passed" testListId="8c84fa94-04c1-424b-9868-57a2d4851a1d" relativeResultsDirectory="2402d80b-5842-4eec-a4d8-062fcedf6b51" />
    <UnitTestResult executionId="9f4b5dbc-750d-4484-85b1-045518a6dc85" testId="e7732954-0ebd-70e8-5548-a626a8593a17" testName="Parse_StrongWildcard_Https_WithRelativePathTest" computerName="DKSR-EFI-06" duration="00:00:00.0001948" startTime="2024-01-09T15:41:30.6069503+01:00" endTime="2024-01-09T15:41:30.6069503+01:00" testType="13cdc9d9-ddb5-4fa4-a97d-d965ccfc6d4b" outcome="Passed" testListId="8c84fa94-04c1-424b-9868-57a2d4851a1d" relativeResultsDirectory="9f4b5dbc-750d-4484-85b1-045518a6dc85" />
    <UnitTestResult executionId="f630277f-de67-416d-957f-a66afe86b57a" testId="7ee6a8fd-0914-4717-6809-2f2aa589f3cc" testName="IsValidBase64String_DataDrivenTest (A==,False)" computerName="DKSR-EFI-06" duration="00:00:00.0000095" startTime="2024-01-09T15:41:31.2475802+01:00" endTime="2024-01-09T15:41:31.2475802+01:00" testType="13cdc9d9-ddb5-4fa4-a97d-d965ccfc6d4b" outcome="Passed" testListId="8c84fa94-04c1-424b-9868-57a2d4851a1d" relativeResultsDirectory="f630277f-de67-416d-957f-a66afe86b57a" />
    <UnitTestResult executionId="a76a0dc0-98c3-401a-92e9-5f1f6fdc01f9" testId="a79acfca-4bc4-b15e-d56c-69fa06522e06" testName="DeleteSslConfiguration_Param_NullAddressTest" computerName="DKSR-EFI-06" duration="00:00:00.0009869" startTime="2024-01-09T15:41:30.9663275+01:00" endTime="2024-01-09T15:41:30.9663275+01:00" testType="13cdc9d9-ddb5-4fa4-a97d-d965ccfc6d4b" outcome="Passed" testListId="8c84fa94-04c1-424b-9868-57a2d4851a1d" relativeResultsDirectory="a76a0dc0-98c3-401a-92e9-5f1f6fdc01f9" />
    <UnitTestResult executionId="eda1ce57-67b8-4168-a318-aa8ec248e016" testId="988ec47a-4955-b6f4-cf14-58297cdb2760" testName="Set_From_Run_Task_Non_Generic" computerName="DKSR-EFI-06" duration="00:00:00.0169024" startTime="2024-01-09T15:41:31.7163324+01:00" endTime="2024-01-09T15:41:31.7319588+01:00" testType="13cdc9d9-ddb5-4fa4-a97d-d965ccfc6d4b" outcome="Passed" testListId="8c84fa94-04c1-424b-9868-57a2d4851a1d" relativeResultsDirectory="eda1ce57-67b8-4168-a318-aa8ec248e016" />
    <UnitTestResult executionId="78661da0-df65-4649-942e-a2ca351cbe64" testId="c2370614-d604-7777-0b7d-92bf5f34040d" testName="EncryptionFactory_Throws_OnCreateAsymmetricWithKeysEmptyPaddingAndBlobNotNull" computerName="DKSR-EFI-06" duration="00:00:00.0005881" startTime="2024-01-09T15:43:56.7948384+01:00" endTime="2024-01-09T15:43:56.7948384+01:00" testType="13cdc9d9-ddb5-4fa4-a97d-d965ccfc6d4b" outcome="Passed" testListId="8c84fa94-04c1-424b-9868-57a2d4851a1d" relativeResultsDirectory="78661da0-df65-4649-942e-a2ca351cbe64" />
    <UnitTestResult executionId="0f0acc2c-17b9-48b1-8657-033d2da9b199" testId="feb7eb52-dbfc-1bbd-0c92-de56627f5f80" testName="UseEncryptionAndDecryptTwiceWithNewIVs" computerName="DKSR-EFI-06" duration="00:00:00.0034771" startTime="2024-01-09T15:43:55.7167088+01:00" endTime="2024-01-09T15:43:55.7167088+01:00" testType="13cdc9d9-ddb5-4fa4-a97d-d965ccfc6d4b" outcome="Passed" testListId="8c84fa94-04c1-424b-9868-57a2d4851a1d" relativeResultsDirectory="0f0acc2c-17b9-48b1-8657-033d2da9b199" />
    <UnitTestResult executionId="ea887f34-161c-4726-8eba-385a45bc2bc5" testId="5e16b1f2-ff89-9c37-5d87-e7aeeaf637e0" testName="CreateExplicit_EmptyHost" computerName="DKSR-EFI-06" duration="00:00:00.0005506" startTime="2024-01-09T15:41:30.7163258+01:00" endTime="2024-01-09T15:41:30.7163258+01:00" testType="13cdc9d9-ddb5-4fa4-a97d-d965ccfc6d4b" outcome="Passed" testListId="8c84fa94-04c1-424b-9868-57a2d4851a1d" relativeResultsDirectory="ea887f34-161c-4726-8eba-385a45bc2bc5" />
    <UnitTestResult executionId="3aecd5da-8202-4dba-a0b5-507295a9366e" testId="43e187ac-6acd-8fb4-1f53-95709d764ad1" testName="Constructor_MultipleItems_ReadPermission" computerName="DKSR-EFI-06" duration="00:00:00.0004976" startTime="2024-01-09T15:41:31.0913283+01:00" endTime="2024-01-09T15:41:31.0913283+01:00" testType="13cdc9d9-ddb5-4fa4-a97d-d965ccfc6d4b" outcome="Passed" testListId="8c84fa94-04c1-424b-9868-57a2d4851a1d" relativeResultsDirectory="3aecd5da-8202-4dba-a0b5-507295a9366e" />
    <UnitTestResult executionId="b0e04234-236c-41f7-a990-f35f199e5806" testId="14ae642a-0b2f-a3b2-dc16-834e9a33ff82" testName="TestIsValidHostNameStrict" computerName="DKSR-EFI-06" duration="00:00:00.0011921" startTime="2024-01-09T15:43:55.2635811+01:00" endTime="2024-01-09T15:43:55.2635811+01:00" testType="13cdc9d9-ddb5-4fa4-a97d-d965ccfc6d4b" outcome="Passed" testListId="8c84fa94-04c1-424b-9868-57a2d4851a1d" relativeResultsDirectory="b0e04234-236c-41f7-a990-f35f199e5806" />
    <UnitTestResult executionId="9c55a0ac-55af-4640-a153-6c1e79e637c6" testId="3d7d6393-f89e-0e47-6504-4ae48960e5c3" testName="DetermineLicenseType_LicenseRequest_ReturnsLicenseTypeRequest" computerName="DKSR-EFI-06" duration="00:00:00.0003122" startTime="2024-01-09T15:41:32.7007147+01:00" endTime="2024-01-09T15:41:32.7007147+01:00" testType="13cdc9d9-ddb5-4fa4-a97d-d965ccfc6d4b" outcome="Passed" testListId="8c84fa94-04c1-424b-9868-57a2d4851a1d" relativeResultsDirectory="9c55a0ac-55af-4640-a153-6c1e79e637c6" />
    <UnitTestResult executionId="131aa10b-58af-47be-96b7-e9aeab67a47a" testId="435bff6e-aa18-203e-c687-662b93130e0e" testName="GetSqlConnection_ValidPacketSizeSpecified_Success" computerName="DKSR-EFI-06" duration="00:00:00.0013145" startTime="2024-01-09T15:43:55.1698332+01:00" endTime="2024-01-09T15:43:55.1698332+01:00" testType="13cdc9d9-ddb5-4fa4-a97d-d965ccfc6d4b" outcome="Passed" testListId="8c84fa94-04c1-424b-9868-57a2d4851a1d" relativeResultsDirectory="131aa10b-58af-47be-96b7-e9aeab67a47a" />
    <UnitTestResult executionId="590eb1b8-96b7-4b44-9a98-59570d257828" testId="dff63977-0903-d16e-e458-b0b911e67d40" testName="RunRetryableActionWhileInTransactionLevelGt0Success" computerName="DKSR-EFI-06" duration="00:00:00.2804653" startTime="2024-01-09T15:43:52.1073180+01:00" endTime="2024-01-09T15:43:52.3885723+01:00" testType="13cdc9d9-ddb5-4fa4-a97d-d965ccfc6d4b" outcome="Passed" testListId="8c84fa94-04c1-424b-9868-57a2d4851a1d" relativeResultsDirectory="590eb1b8-96b7-4b44-9a98-59570d257828" />
    <UnitTestResult executionId="d2a3e48c-dfa7-4c12-bfa1-793e50da8515" testId="a93dea9f-f99b-b0ff-bad2-0f984b2c1fde" testName="SecureFolderWithBuiltinAccountGetsCreatedCorrectlySecondTimeItIsCreatedTheSecondUserGettheRightsAdded" computerName="DKSR-EFI-06" duration="00:00:00.0135665" startTime="2024-01-09T15:41:32.2802957+01:00" endTime="2024-01-09T15:41:32.2944628+01:00" testType="13cdc9d9-ddb5-4fa4-a97d-d965ccfc6d4b" outcome="Passed" testListId="8c84fa94-04c1-424b-9868-57a2d4851a1d" relativeResultsDirectory="d2a3e48c-dfa7-4c12-bfa1-793e50da8515" />
    <UnitTestResult executionId="71dff69e-c62e-41f9-b9e7-eb8139f1a4e7" testId="b21d85f1-a71f-4254-44e7-f0b43c8f4ce2" testName="AccessControlUpdater_SetFileAccessControl_UseNetworkService" computerName="DKSR-EFI-06" duration="00:00:00.1254974" startTime="2024-01-09T15:41:32.0288347+01:00" endTime="2024-01-09T15:41:32.1538370+01:00" testType="13cdc9d9-ddb5-4fa4-a97d-d965ccfc6d4b" outcome="Passed" testListId="8c84fa94-04c1-424b-9868-57a2d4851a1d" relativeResultsDirectory="71dff69e-c62e-41f9-b9e7-eb8139f1a4e7" />
    <UnitTestResult executionId="8a29f75d-4836-4ab6-bd56-c3757e326f63" testId="21937501-5fae-13f0-6624-05bb57fbd618" testName="ExecuteReaderWithMultipleParametersAsyncBehavior" computerName="DKSR-EFI-06" duration="00:00:00.0285818" startTime="2024-01-09T15:43:08.9197255+01:00" endTime="2024-01-09T15:43:08.9509769+01:00" testType="13cdc9d9-ddb5-4fa4-a97d-d965ccfc6d4b" outcome="Passed" testListId="8c84fa94-04c1-424b-9868-57a2d4851a1d" relativeResultsDirectory="8a29f75d-4836-4ab6-bd56-c3757e326f63" />
    <UnitTestResult executionId="f569b6cc-4b05-4582-a036-4197c24523cf" testId="3ba2e8f2-1068-c6f9-ce46-a2273ba91610" testName="PasswordThreeRequirements" computerName="DKSR-EFI-06" duration="00:00:00.0012562" startTime="2024-01-09T15:41:30.1069458+01:00" endTime="2024-01-09T15:41:30.1069458+01:00" testType="13cdc9d9-ddb5-4fa4-a97d-d965ccfc6d4b" outcome="Passed" testListId="8c84fa94-04c1-424b-9868-57a2d4851a1d" relativeResultsDirectory="f569b6cc-4b05-4582-a036-4197c24523cf" />
    <UnitTestResult executionId="320235c7-77a7-4da5-a00c-529bc062c431" testId="2433a974-9b7f-7aba-f7bf-8418244f178d" testName="IsValidBase64String_DataDrivenTest (AAA=,True)" computerName="DKSR-EFI-06" duration="00:00:00.0000090" startTime="2024-01-09T15:41:31.2163288+01:00" endTime="2024-01-09T15:41:31.2163288+01:00" testType="13cdc9d9-ddb5-4fa4-a97d-d965ccfc6d4b" outcome="Passed" testListId="8c84fa94-04c1-424b-9868-57a2d4851a1d" relativeResultsDirectory="320235c7-77a7-4da5-a00c-529bc062c431" />
    <UnitTestResult executionId="e57a84fc-ca87-45e4-ba1d-56cc9745617a" testId="09d2e431-e77b-6b41-b7c7-c5b16d69b902" testName="Constructor_ShouldThrow_WhenSqlConnectionManagerIsNull" computerName="DKSR-EFI-06" duration="00:00:07.7752725" startTime="2024-01-09T15:41:33.4350951+01:00" endTime="2024-01-09T15:41:41.2163864+01:00" testType="13cdc9d9-ddb5-4fa4-a97d-d965ccfc6d4b" outcome="Passed" testListId="8c84fa94-04c1-424b-9868-57a2d4851a1d" relativeResultsDirectory="e57a84fc-ca87-45e4-ba1d-56cc9745617a" />
    <UnitTestResult executionId="753d25b0-a7d2-461b-b2ab-de4991e52d50" testId="98b9ca62-c4d7-6731-f415-cbad2e4e91b8" testName="IsUpdateNeeded_CalculatesAllValues" computerName="DKSR-EFI-06" duration="00:00:00.0067936" startTime="2024-01-09T15:41:30.4194485+01:00" endTime="2024-01-09T15:41:30.4350751+01:00" testType="13cdc9d9-ddb5-4fa4-a97d-d965ccfc6d4b" outcome="Passed" testListId="8c84fa94-04c1-424b-9868-57a2d4851a1d" relativeResultsDirectory="753d25b0-a7d2-461b-b2ab-de4991e52d50" />
    <UnitTestResult executionId="38976a9b-cc4d-405c-be34-90549d0da68a" testId="3ce70e32-65f4-c9ea-299d-457b4a6f9a94" testName="CreateExplicit_WithRelativePathTest" computerName="DKSR-EFI-06" duration="00:00:00.0002075" startTime="2024-01-09T15:41:30.7006994+01:00" endTime="2024-01-09T15:41:30.7163258+01:00" testType="13cdc9d9-ddb5-4fa4-a97d-d965ccfc6d4b" outcome="Passed" testListId="8c84fa94-04c1-424b-9868-57a2d4851a1d" relativeResultsDirectory="38976a9b-cc4d-405c-be34-90549d0da68a" />
    <UnitTestResult executionId="484e420d-f353-4e8e-ac38-3904aa05cee0" testId="5f8087be-760c-ab73-a579-21273e63e33c" testName="HasPassword_ShouldReturnFalse_IfPasswordFileMissing" computerName="DKSR-EFI-06" duration="00:00:00.0023129" startTime="2024-01-09T15:42:37.2633795+01:00" endTime="2024-01-09T15:42:37.2633795+01:00" testType="13cdc9d9-ddb5-4fa4-a97d-d965ccfc6d4b" outcome="Passed" testListId="8c84fa94-04c1-424b-9868-57a2d4851a1d" relativeResultsDirectory="484e420d-f353-4e8e-ac38-3904aa05cee0" />
    <UnitTestResult executionId="6a834100-134d-4061-a2af-e2034b282e4a" testId="bb71366c-0430-34ad-e4e3-0922219f5db7" testName="MacAddressUtilities_CreateHashString_ArgumentNull" computerName="DKSR-EFI-06" duration="00:00:00.0005766" startTime="2024-01-09T15:43:55.2948327+01:00" endTime="2024-01-09T15:43:55.2948327+01:00" testType="13cdc9d9-ddb5-4fa4-a97d-d965ccfc6d4b" outcome="Passed" testListId="8c84fa94-04c1-424b-9868-57a2d4851a1d" relativeResultsDirectory="6a834100-134d-4061-a2af-e2034b282e4a" />
    <UnitTestResult executionId="5c1eaf9d-652b-48af-8b16-eb3ddf89440c" testId="71c62b77-613a-694d-4c4b-9ffdef1658cb" testName="Constructor_UrlAclInfo_EmptyPrefix" computerName="DKSR-EFI-06" duration="00:00:00.0006057" startTime="2024-01-09T15:41:31.0444559+01:00" endTime="2024-01-09T15:41:31.0444559+01:00" testType="13cdc9d9-ddb5-4fa4-a97d-d965ccfc6d4b" outcome="Passed" testListId="8c84fa94-04c1-424b-9868-57a2d4851a1d" relativeResultsDirectory="5c1eaf9d-652b-48af-8b16-eb3ddf89440c" />
    <UnitTestResult executionId="b60e1ae4-8f76-42bd-aa2b-e7738dec9dde" testId="d4296253-5030-756d-1bbe-e24219eba037" testName="CreateStrongWildcard_NoRelativePathTest" computerName="DKSR-EFI-06" duration="00:00:00.0003547" startTime="2024-01-09T15:41:30.6538248+01:00" endTime="2024-01-09T15:41:30.6538248+01:00" testType="13cdc9d9-ddb5-4fa4-a97d-d965ccfc6d4b" outcome="Passed" testListId="8c84fa94-04c1-424b-9868-57a2d4851a1d" relativeResultsDirectory="b60e1ae4-8f76-42bd-aa2b-e7738dec9dde" />
    <UnitTestResult executionId="3291c259-d3aa-44e7-b3bc-b9893b5f6041" testId="387688a2-0d07-a1d7-85d9-95e5f238d96c" testName="DeletePassword_CorrectlyThrowsIOException_WhenMissingFileOrFolder" computerName="DKSR-EFI-06" duration="00:00:00.0063257" startTime="2024-01-09T15:42:37.2165020+01:00" endTime="2024-01-09T15:42:37.2165020+01:00" testType="13cdc9d9-ddb5-4fa4-a97d-d965ccfc6d4b" outcome="Passed" testListId="8c84fa94-04c1-424b-9868-57a2d4851a1d" relativeResultsDirectory="3291c259-d3aa-44e7-b3bc-b9893b5f6041" />
    <UnitTestResult executionId="6edd9e8d-a0f4-4395-a6e4-3ae638765468" testId="b4b05ce7-4492-0a8c-3b8e-075a53088e13" testName="Constructor_InitializationFailsTest" computerName="DKSR-EFI-06" duration="00:00:00.0038745" startTime="2024-01-09T15:41:30.8100765+01:00" endTime="2024-01-09T15:41:30.8100765+01:00" testType="13cdc9d9-ddb5-4fa4-a97d-d965ccfc6d4b" outcome="Passed" testListId="8c84fa94-04c1-424b-9868-57a2d4851a1d" relativeResultsDirectory="6edd9e8d-a0f4-4395-a6e4-3ae638765468" />
    <UnitTestResult executionId="9dad1cd8-58f6-419b-804e-2358d53129a5" testId="367ea24e-9898-e7a3-b9c2-183a7ee625e8" testName="UseImportedConfigurationWithInternalIV" computerName="DKSR-EFI-06" duration="00:00:00.0021886" startTime="2024-01-09T15:43:55.7010843+01:00" endTime="2024-01-09T15:43:55.7010843+01:00" testType="13cdc9d9-ddb5-4fa4-a97d-d965ccfc6d4b" outcome="Passed" testListId="8c84fa94-04c1-424b-9868-57a2d4851a1d" relativeResultsDirectory="9dad1cd8-58f6-419b-804e-2358d53129a5" />
    <UnitTestResult executionId="61d6165c-b35e-46ca-874e-975964245b06" testId="b5a74696-bf2f-0d90-80f5-207370502a97" testName="ExecuteNonQueryAsync" computerName="DKSR-EFI-06" duration="00:00:00.0228351" startTime="2024-01-09T15:43:09.0915986+01:00" endTime="2024-01-09T15:43:09.1072271+01:00" testType="13cdc9d9-ddb5-4fa4-a97d-d965ccfc6d4b" outcome="Passed" testListId="8c84fa94-04c1-424b-9868-57a2d4851a1d" relativeResultsDirectory="61d6165c-b35e-46ca-874e-975964245b06" />
    <UnitTestResult executionId="bc5a24f2-5970-4796-9e2a-12c414f508bf" testId="7893a160-1d57-7188-9b94-ba36447ad242" testName="CompositeInfoLevel" computerName="DKSR-EFI-06" duration="00:00:00.0006055" startTime="2024-01-09T15:43:06.2790852+01:00" endTime="2024-01-09T15:43:06.2790852+01:00" testType="13cdc9d9-ddb5-4fa4-a97d-d965ccfc6d4b" outcome="Passed" testListId="8c84fa94-04c1-424b-9868-57a2d4851a1d" relativeResultsDirectory="bc5a24f2-5970-4796-9e2a-12c414f508bf" />
    <UnitTestResult executionId="f45b1583-9ca2-4ee4-8e78-ecfcefa197e9" testId="1ce37233-b5c5-6528-d384-50e5daf3d106" testName="ValidateWebAddress_WithHttps" computerName="DKSR-EFI-06" duration="00:00:00.0002120" startTime="2024-01-09T15:43:55.2479579+01:00" endTime="2024-01-09T15:43:55.2479579+01:00" testType="13cdc9d9-ddb5-4fa4-a97d-d965ccfc6d4b" outcome="Passed" testListId="8c84fa94-04c1-424b-9868-57a2d4851a1d" relativeResultsDirectory="f45b1583-9ca2-4ee4-8e78-ecfcefa197e9" />
    <UnitTestResult executionId="16f7fdf1-2446-48d1-adb6-d87074983457" testId="6a60a5ac-aaa9-dc6c-d920-a86623f03938" testName="ValidateWebAddress_WithNull" computerName="DKSR-EFI-06" duration="00:00:00.0048354" startTime="2024-01-09T15:43:55.2479579+01:00" endTime="2024-01-09T15:43:55.2479579+01:00" testType="13cdc9d9-ddb5-4fa4-a97d-d965ccfc6d4b" outcome="Passed" testListId="8c84fa94-04c1-424b-9868-57a2d4851a1d" relativeResultsDirectory="16f7fdf1-2446-48d1-adb6-d87074983457">
      <Output>
        <StdOut>Debug Trace:&#xD;
Fail: address is null&#xD;
Fail: address is null&#xD;
Fail: address is null</StdOut>
      </Output>
    </UnitTestResult>
    <UnitTestResult executionId="c5f9fb8b-c397-4f6c-9475-4d3c71ebaf2d" testId="aafacad2-e4a0-019b-4e91-5e61b0b05500" testName="GetSqlConnection_AlternativeUsernameAndPasswordSupplied_Success" computerName="DKSR-EFI-06" duration="00:00:00.0010800" startTime="2024-01-09T15:43:55.1542067+01:00" endTime="2024-01-09T15:43:55.1542067+01:00" testType="13cdc9d9-ddb5-4fa4-a97d-d965ccfc6d4b" outcome="Passed" testListId="8c84fa94-04c1-424b-9868-57a2d4851a1d" relativeResultsDirectory="c5f9fb8b-c397-4f6c-9475-4d3c71ebaf2d" />
    <UnitTestResult executionId="c00839ab-ce39-4763-b6ac-2f130e36a4e5" testId="aed15bdf-4c09-1b3e-0502-2a279f11b4b8" testName="WhenExecuteReaderFailsDatabaseExceptionsAreThrownWithCorrectErrorNumber" computerName="DKSR-EFI-06" duration="00:00:00.0471090" startTime="2024-01-09T15:43:09.1854054+01:00" endTime="2024-01-09T15:43:09.2322254+01:00" testType="13cdc9d9-ddb5-4fa4-a97d-d965ccfc6d4b" outcome="Passed" testListId="8c84fa94-04c1-424b-9868-57a2d4851a1d" relativeResultsDirectory="c00839ab-ce39-4763-b6ac-2f130e36a4e5" />
    <UnitTestResult executionId="a8c7c470-fc0c-4fc4-8dd1-35149c8e4090" testId="503886e1-b7df-d930-e47b-1deea133524b" testName="GetKeyManagementState_PasswordCanDecryptKey" computerName="DKSR-EFI-06" duration="00:00:00.0046671" startTime="2024-01-09T15:42:37.4665042+01:00" endTime="2024-01-09T15:42:37.4822294+01:00" testType="13cdc9d9-ddb5-4fa4-a97d-d965ccfc6d4b" outcome="Passed" testListId="8c84fa94-04c1-424b-9868-57a2d4851a1d" relativeResultsDirectory="a8c7c470-fc0c-4fc4-8dd1-35149c8e4090" />
    <UnitTestResult executionId="d64aa8ab-1ee7-458d-95a3-94ec9375dfac" testId="42046de8-02dc-a2da-ccf9-8b26b63eb9da" testName="HasPassword_ShouldReturnTrue_IfPasswordExists" computerName="DKSR-EFI-06" duration="00:00:00.0014964" startTime="2024-01-09T15:42:37.2477534+01:00" endTime="2024-01-09T15:42:37.2477534+01:00" testType="13cdc9d9-ddb5-4fa4-a97d-d965ccfc6d4b" outcome="Passed" testListId="8c84fa94-04c1-424b-9868-57a2d4851a1d" relativeResultsDirectory="d64aa8ab-1ee7-458d-95a3-94ec9375dfac" />
    <UnitTestResult executionId="3f5c0ab3-1bd9-4be5-9621-a58397b86b26" testId="f43ec50a-fe4e-bc05-8238-dad9d20ec786" testName="DatabaseConnectionInfoConfigurator_Write_UpdateRegistry_UnauthorizedAccessException" computerName="DKSR-EFI-06" duration="00:00:00.0585353" startTime="2024-01-09T15:43:12.3728569+01:00" endTime="2024-01-09T15:43:12.4353592+01:00" testType="13cdc9d9-ddb5-4fa4-a97d-d965ccfc6d4b" outcome="Passed" testListId="8c84fa94-04c1-424b-9868-57a2d4851a1d" relativeResultsDirectory="3f5c0ab3-1bd9-4be5-9621-a58397b86b26" />
    <UnitTestResult executionId="ad334203-3dd3-418d-8985-808fd8aa0d36" testId="1af5b482-b4b6-cb8b-315a-5b596ed32fdf" testName="Constructor_ShouldThrow_WhenFolderPathIsNull" computerName="DKSR-EFI-06" duration="00:00:00.0009857" startTime="2024-01-09T15:42:37.2633795+01:00" endTime="2024-01-09T15:42:37.2790033+01:00" testType="13cdc9d9-ddb5-4fa4-a97d-d965ccfc6d4b" outcome="Passed" testListId="8c84fa94-04c1-424b-9868-57a2d4851a1d" relativeResultsDirectory="ad334203-3dd3-418d-8985-808fd8aa0d36" />
    <UnitTestResult executionId="0f2f0b1b-dc6b-4e7e-bc55-8aef09b1c52f" testId="88c026e0-bd32-0fd5-126c-0a352afaee03" testName="FormatByteSizeStringExactULTest6" computerName="DKSR-EFI-06" duration="00:00:00.0003008" startTime="2024-01-09T15:41:30.3256972+01:00" endTime="2024-01-09T15:41:30.3256972+01:00" testType="13cdc9d9-ddb5-4fa4-a97d-d965ccfc6d4b" outcome="Passed" testListId="8c84fa94-04c1-424b-9868-57a2d4851a1d" relativeResultsDirectory="0f2f0b1b-dc6b-4e7e-bc55-8aef09b1c52f" />
    <UnitTestResult executionId="a8ceda44-6b8e-42aa-acbf-c65ace45fe6e" testId="3350e284-d316-8104-3d1d-7739d3682cf8" testName="MacAddressUtilities_CreateHashString_ArgumentException_TooLong" computerName="DKSR-EFI-06" duration="00:00:00.0005257" startTime="2024-01-09T15:43:55.3104576+01:00" endTime="2024-01-09T15:43:55.3104576+01:00" testType="13cdc9d9-ddb5-4fa4-a97d-d965ccfc6d4b" outcome="Passed" testListId="8c84fa94-04c1-424b-9868-57a2d4851a1d" relativeResultsDirectory="a8ceda44-6b8e-42aa-acbf-c65ace45fe6e" />
    <UnitTestResult executionId="330e0bc1-75eb-4a25-8762-4a2a809f4be5" testId="cdf0e564-ef3e-091a-b0a3-ee049b53ed18" testName="IsValidBase64String_DataDrivenTest (,True)" computerName="DKSR-EFI-06" duration="00:00:00.0006414" startTime="2024-01-09T15:41:31.0913283+01:00" endTime="2024-01-09T15:41:31.2007047+01:00" testType="13cdc9d9-ddb5-4fa4-a97d-d965ccfc6d4b" outcome="Passed" testListId="8c84fa94-04c1-424b-9868-57a2d4851a1d" relativeResultsDirectory="330e0bc1-75eb-4a25-8762-4a2a809f4be5" />
    <UnitTestResult executionId="9938d4fd-ed6c-4e4d-9e30-91c0b4c8327e" testId="d7245674-3551-a91c-e5c4-254b0bb05448" testName="DecryptKey_ShouldThrow_WhenWrongPasswordCanDecryptKey" computerName="DKSR-EFI-06" duration="00:00:00.0637784" startTime="2024-01-09T15:42:37.1071273+01:00" endTime="2024-01-09T15:42:37.1852540+01:00" testType="13cdc9d9-ddb5-4fa4-a97d-d965ccfc6d4b" outcome="Passed" testListId="8c84fa94-04c1-424b-9868-57a2d4851a1d" relativeResultsDirectory="9938d4fd-ed6c-4e4d-9e30-91c0b4c8327e" />
    <UnitTestResult executionId="162e54cc-a4c1-466f-887b-cd30d926ba88" testId="b6efbc8e-fe25-47e5-17b6-661d6ca8384c" testName="CreateIPBoundWeakWildcard_IPv6_WithRelativePathTest" computerName="DKSR-EFI-06" duration="00:00:00.0002394" startTime="2024-01-09T15:41:30.6850758+01:00" endTime="2024-01-09T15:41:30.6850758+01:00" testType="13cdc9d9-ddb5-4fa4-a97d-d965ccfc6d4b" outcome="Passed" testListId="8c84fa94-04c1-424b-9868-57a2d4851a1d" relativeResultsDirectory="162e54cc-a4c1-466f-887b-cd30d926ba88" />
    <UnitTestResult executionId="4b28c02f-11d3-46ff-a720-4a953e6c6007" testId="bec2d89c-d378-3a43-dfb9-883ca358e4f0" testName="RemoveInvalidXMLChars_Text_NewLine_NotRemoved" computerName="DKSR-EFI-06" duration="00:00:00.0001526" startTime="2024-01-09T15:42:37.8258822+01:00" endTime="2024-01-09T15:42:37.8258822+01:00" testType="13cdc9d9-ddb5-4fa4-a97d-d965ccfc6d4b" outcome="Passed" testListId="8c84fa94-04c1-424b-9868-57a2d4851a1d" relativeResultsDirectory="4b28c02f-11d3-46ff-a720-4a953e6c6007" />
    <UnitTestResult executionId="996f3e97-7ef3-403f-8f88-b1af642dfbd5" testId="7270e4a6-d2eb-9ffe-5267-47ea67f29706" testName="Given_FeaturesAreAvailable_When_DisableFeaturesIsCalled_Then_DisableFeatureIsCalledWithExpectedArguments" computerName="DKSR-EFI-06" duration="00:00:00.0098545" startTime="2024-01-09T15:42:38.2008828+01:00" endTime="2024-01-09T15:42:38.2008828+01:00" testType="13cdc9d9-ddb5-4fa4-a97d-d965ccfc6d4b" outcome="Passed" testListId="8c84fa94-04c1-424b-9868-57a2d4851a1d" relativeResultsDirectory="996f3e97-7ef3-403f-8f88-b1af642dfbd5" />
    <UnitTestResult executionId="f8167184-c506-44e6-9026-f229137d5c44" testId="b71129c9-df58-0336-4b9a-daa4004a44ec" testName="Construction_KeyInformationIsTheSame_OnConstructionWithKeyInformation" computerName="DKSR-EFI-06" duration="00:00:00.0818338" startTime="2024-01-09T15:43:56.3104642+01:00" endTime="2024-01-09T15:43:56.3886358+01:00" testType="13cdc9d9-ddb5-4fa4-a97d-d965ccfc6d4b" outcome="Passed" testListId="8c84fa94-04c1-424b-9868-57a2d4851a1d" relativeResultsDirectory="f8167184-c506-44e6-9026-f229137d5c44" />
    <UnitTestResult executionId="20a2c44f-0721-4a62-8b2f-bde097ba2e01" testId="56def5dd-e68b-62be-8395-de8cbb581964" testName="IsUpdateNeeded_CustomComparerWorks" computerName="DKSR-EFI-06" duration="00:00:00.0009898" startTime="2024-01-09T15:41:30.4194485+01:00" endTime="2024-01-09T15:41:30.4194485+01:00" testType="13cdc9d9-ddb5-4fa4-a97d-d965ccfc6d4b" outcome="Passed" testListId="8c84fa94-04c1-424b-9868-57a2d4851a1d" relativeResultsDirectory="20a2c44f-0721-4a62-8b2f-bde097ba2e01" />
    <UnitTestResult executionId="c9884cea-3181-4d6d-a29d-4758fc3bdf99" testId="dbba8f0a-23a9-a8ac-2de8-9f04dc869da2" testName="ShowHelp_OfflineWorkflowWithLocale__DisplayHtmlHelp_InvokedWithValidUrl" computerName="DKSR-EFI-06" duration="00:00:00.0013723" startTime="2024-01-09T15:42:37.6540040+01:00" endTime="2024-01-09T15:42:37.6540040+01:00" testType="13cdc9d9-ddb5-4fa4-a97d-d965ccfc6d4b" outcome="Passed" testListId="8c84fa94-04c1-424b-9868-57a2d4851a1d" relativeResultsDirectory="c9884cea-3181-4d6d-a29d-4758fc3bdf99" />
    <UnitTestResult executionId="430f7066-326d-429b-ba43-7144e1e926b7" testId="03525120-a612-e254-3483-349d47207dd5" testName="GetSqlConnection_ValidMinimumConnectionString_success" computerName="DKSR-EFI-06" duration="00:00:00.0015941" startTime="2024-01-09T15:43:55.1229592+01:00" endTime="2024-01-09T15:43:55.1229592+01:00" testType="13cdc9d9-ddb5-4fa4-a97d-d965ccfc6d4b" outcome="Passed" testListId="8c84fa94-04c1-424b-9868-57a2d4851a1d" relativeResultsDirectory="430f7066-326d-429b-ba43-7144e1e926b7" />
    <UnitTestResult executionId="ad142da6-d8f3-4245-b91a-de4f2b3b0933" testId="df6d7b1c-43d9-e887-7f51-aeb45e0f272c" testName="CreateIPBoundWeakWildcard_IPv4_WithRelativePathTest" computerName="DKSR-EFI-06" duration="00:00:00.0002036" startTime="2024-01-09T15:41:30.6850758+01:00" endTime="2024-01-09T15:41:30.6850758+01:00" testType="13cdc9d9-ddb5-4fa4-a97d-d965ccfc6d4b" outcome="Passed" testListId="8c84fa94-04c1-424b-9868-57a2d4851a1d" relativeResultsDirectory="ad142da6-d8f3-4245-b91a-de4f2b3b0933" />
    <UnitTestResult executionId="6fe2cc90-f229-4ea6-92d1-54db2d72570c" testId="ff700ff8-f06d-2396-a611-610895971f2c" testName="Decode_WhenDataIsNull_Exception" computerName="DKSR-EFI-06" duration="00:00:00.0010175" startTime="2024-01-09T15:42:37.7790064+01:00" endTime="2024-01-09T15:42:37.7790064+01:00" testType="13cdc9d9-ddb5-4fa4-a97d-d965ccfc6d4b" outcome="Passed" testListId="8c84fa94-04c1-424b-9868-57a2d4851a1d" relativeResultsDirectory="6fe2cc90-f229-4ea6-92d1-54db2d72570c" />
    <UnitTestResult executionId="ef03a9bc-f5f8-446a-9773-bc6ecf4c972d" testId="116fd96b-dde0-1b91-6cf9-e6ca8d269e2b" testName="EncryptStringDataTestWrongPasswordDES" computerName="DKSR-EFI-06" duration="00:00:00.0173309" startTime="2024-01-09T15:43:55.8417115+01:00" endTime="2024-01-09T15:43:55.8573345+01:00" testType="13cdc9d9-ddb5-4fa4-a97d-d965ccfc6d4b" outcome="Passed" testListId="8c84fa94-04c1-424b-9868-57a2d4851a1d" relativeResultsDirectory="ef03a9bc-f5f8-446a-9773-bc6ecf4c972d" />
    <UnitTestResult executionId="e88a28e5-c57e-4d20-8bf4-9d3b8787f8ea" testId="8a9e5061-fbd9-c439-e531-668e79a12e2a" testName="ConstructDatabaseConnectionInfo_NullDatabaseName_Throws" computerName="DKSR-EFI-06" duration="00:00:00.0002001" startTime="2024-01-09T15:43:12.5291078+01:00" endTime="2024-01-09T15:43:12.5291078+01:00" testType="13cdc9d9-ddb5-4fa4-a97d-d965ccfc6d4b" outcome="Passed" testListId="8c84fa94-04c1-424b-9868-57a2d4851a1d" relativeResultsDirectory="e88a28e5-c57e-4d20-8bf4-9d3b8787f8ea" />
    <UnitTestResult executionId="84bc9a6a-0ba9-4fe6-94f6-31249d99aa29" testId="49cad1f6-eba2-350a-45e7-7a41f9bcfb57" testName="ShowHelp_OfflineWorkflow__DisplayHtmlHelp_InvokeWithHttpPort80Url" computerName="DKSR-EFI-06" duration="00:00:00.0117493" startTime="2024-01-09T15:42:37.6227533+01:00" endTime="2024-01-09T15:42:37.6383793+01:00" testType="13cdc9d9-ddb5-4fa4-a97d-d965ccfc6d4b" outcome="Passed" testListId="8c84fa94-04c1-424b-9868-57a2d4851a1d" relativeResultsDirectory="84bc9a6a-0ba9-4fe6-94f6-31249d99aa29" />
    <UnitTestResult executionId="bfed8021-277e-4b23-b55d-ef271ad253f9" testId="fddb90a4-c40a-f49b-7c8e-84a4e6d67595" testName="ConstructDatabaseConnectionInfo_UnknownAuth_Failes" computerName="DKSR-EFI-06" duration="00:00:00.0006257" startTime="2024-01-09T15:43:12.5291078+01:00" endTime="2024-01-09T15:43:12.5291078+01:00" testType="13cdc9d9-ddb5-4fa4-a97d-d965ccfc6d4b" outcome="Passed" testListId="8c84fa94-04c1-424b-9868-57a2d4851a1d" relativeResultsDirectory="bfed8021-277e-4b23-b55d-ef271ad253f9" />
    <UnitTestResult executionId="4b32865c-7bec-47d2-9d82-31bb4ffddde2" testId="9fd0b18c-3df9-4c15-ef66-ffe47725f43b" testName="DecryptAfterEncrypt_ReturnsSameString_OnInstanceMadeFromStoredKeys" computerName="DKSR-EFI-06" duration="00:00:00.0938985" startTime="2024-01-09T15:43:56.5292126+01:00" endTime="2024-01-09T15:43:56.6229661+01:00" testType="13cdc9d9-ddb5-4fa4-a97d-d965ccfc6d4b" outcome="Passed" testListId="8c84fa94-04c1-424b-9868-57a2d4851a1d" relativeResultsDirectory="4b32865c-7bec-47d2-9d82-31bb4ffddde2" />
    <UnitTestResult executionId="f541b0f4-c8f7-4d48-849e-ddab93b17467" testId="49c28004-dfd7-736e-4dad-1c9905b5bd78" testName="TooLongPathToSecureFolderResultsInException" computerName="DKSR-EFI-06" duration="00:00:00.0027305" startTime="2024-01-09T15:41:32.3257124+01:00" endTime="2024-01-09T15:41:32.3257124+01:00" testType="13cdc9d9-ddb5-4fa4-a97d-d965ccfc6d4b" outcome="Passed" testListId="8c84fa94-04c1-424b-9868-57a2d4851a1d" relativeResultsDirectory="f541b0f4-c8f7-4d48-849e-ddab93b17467" />
    <UnitTestResult executionId="a1e7f4f2-b1b5-4424-90bb-ad04919e5725" testId="466163d3-29ae-7c38-7842-5f2cc2050a74" testName="CreateLicenseRequest_Throws_WhenSitePublicKeyIsNull" computerName="DKSR-EFI-06" duration="00:00:00.0674226" startTime="2024-01-09T15:41:33.0913432+01:00" endTime="2024-01-09T15:41:33.1538437+01:00" testType="13cdc9d9-ddb5-4fa4-a97d-d965ccfc6d4b" outcome="Passed" testListId="8c84fa94-04c1-424b-9868-57a2d4851a1d" relativeResultsDirectory="a1e7f4f2-b1b5-4424-90bb-ad04919e5725" />
    <UnitTestResult executionId="4423f2fd-fed1-4910-87ae-08de3bf21fa1" testId="d0bbac93-d8fc-1d21-a05e-de8fbe64b574" testName="WithoutRetryDeadlockedOperationsFail" computerName="DKSR-EFI-06" duration="00:00:12.5461288" startTime="2024-01-09T15:43:38.3260202+01:00" endTime="2024-01-09T15:43:50.8729379+01:00" testType="13cdc9d9-ddb5-4fa4-a97d-d965ccfc6d4b" outcome="Passed" testListId="8c84fa94-04c1-424b-9868-57a2d4851a1d" relativeResultsDirectory="4423f2fd-fed1-4910-87ae-08de3bf21fa1" />
    <UnitTestResult executionId="0c506486-50a0-4e8c-b277-456a12e61962" testId="041cd636-46f8-6a86-d0da-de8e88283f69" testName="DatabaseConnectionInfoFromStorage_ReadAndSecureConnectionString_Registry_UnauthorizedAccess" computerName="DKSR-EFI-06" duration="00:00:00.0054191" startTime="2024-01-09T15:43:12.4822344+01:00" endTime="2024-01-09T15:43:12.4978595+01:00" testType="13cdc9d9-ddb5-4fa4-a97d-d965ccfc6d4b" outcome="Passed" testListId="8c84fa94-04c1-424b-9868-57a2d4851a1d" relativeResultsDirectory="0c506486-50a0-4e8c-b277-456a12e61962" />
    <UnitTestResult executionId="4645cdc0-7079-4048-ad25-873a2ec82b73" testId="be55453b-a97c-0dcd-7e17-6e35421ce45e" testName="Given_PasswordContainsLocalIllegalPhrase_When_Validating_AProperErrorMessageIsReturned" computerName="DKSR-EFI-06" duration="00:00:00.0004162" startTime="2024-01-09T15:41:30.1538238+01:00" endTime="2024-01-09T15:41:30.1538238+01:00" testType="13cdc9d9-ddb5-4fa4-a97d-d965ccfc6d4b" outcome="Passed" testListId="8c84fa94-04c1-424b-9868-57a2d4851a1d" relativeResultsDirectory="4645cdc0-7079-4048-ad25-873a2ec82b73" />
    <UnitTestResult executionId="51fe060e-2a2f-4dcb-8e80-ed4601acbd6b" testId="fd002043-94ea-412f-04ec-e9432b63a536" testName="UsingMultipleReadersBeingClosedSameConnection" computerName="DKSR-EFI-06" duration="00:00:00.0289791" startTime="2024-01-09T15:43:08.6228479+01:00" endTime="2024-01-09T15:43:08.6540977+01:00" testType="13cdc9d9-ddb5-4fa4-a97d-d965ccfc6d4b" outcome="Passed" testListId="8c84fa94-04c1-424b-9868-57a2d4851a1d" relativeResultsDirectory="51fe060e-2a2f-4dcb-8e80-ed4601acbd6b" />
    <UnitTestResult executionId="dd035d69-36a3-4872-af09-b4b36d158075" testId="938736be-da6f-5be3-9607-246b14c03969" testName="BulkProcessor_EnqueueOneItemMultipleTimes_ItemsAreProcessedOneByOne" computerName="DKSR-EFI-06" duration="00:00:00.0177508" startTime="2024-01-09T15:43:57.6542196+01:00" endTime="2024-01-09T15:43:57.6698418+01:00" testType="13cdc9d9-ddb5-4fa4-a97d-d965ccfc6d4b" outcome="Passed" testListId="8c84fa94-04c1-424b-9868-57a2d4851a1d" relativeResultsDirectory="dd035d69-36a3-4872-af09-b4b36d158075" />
    <UnitTestResult executionId="cf184845-b21a-4cab-94bf-67c0feed2d7d" testId="dfbc86c6-6b0e-dcdb-7acf-622c3bf6a97a" testName="FormatTimeSpanStringTest5" computerName="DKSR-EFI-06" duration="00:00:00.0014395" startTime="2024-01-09T15:41:30.1694487+01:00" endTime="2024-01-09T15:41:30.1694487+01:00" testType="13cdc9d9-ddb5-4fa4-a97d-d965ccfc6d4b" outcome="Passed" testListId="8c84fa94-04c1-424b-9868-57a2d4851a1d" relativeResultsDirectory="cf184845-b21a-4cab-94bf-67c0feed2d7d" />
    <UnitTestResult executionId="782da577-60f6-405e-b693-41f2f832202d" testId="96119cc5-4c2f-24b7-eb33-7ff9b76c899e" testName="RemoveInvalidXMLChars_Text_Tab_NotRemoved" computerName="DKSR-EFI-06" duration="00:00:00.0001469" startTime="2024-01-09T15:42:37.8258822+01:00" endTime="2024-01-09T15:42:37.8258822+01:00" testType="13cdc9d9-ddb5-4fa4-a97d-d965ccfc6d4b" outcome="Passed" testListId="8c84fa94-04c1-424b-9868-57a2d4851a1d" relativeResultsDirectory="782da577-60f6-405e-b693-41f2f832202d" />
    <UnitTestResult executionId="3db4e7f9-6de0-469f-8e60-b329adaed2f4" testId="8bb53982-36a5-ccf6-0797-21c9eaef87ab" testName="Given_FeaturesAreAvailable_When_EnsureFeaturesAreInstalled_WithFeaturesThatInstallsSuccesfullyButNeedsReboot_Then_EnableFeaturesAreCalledWithExpectedArgumentsAndMethodReturnsNeedsReboot" computerName="DKSR-EFI-06" duration="00:00:00.0125596" startTime="2024-01-09T15:42:38.0290069+01:00" endTime="2024-01-09T15:42:38.0446320+01:00" testType="13cdc9d9-ddb5-4fa4-a97d-d965ccfc6d4b" outcome="Passed" testListId="8c84fa94-04c1-424b-9868-57a2d4851a1d" relativeResultsDirectory="3db4e7f9-6de0-469f-8e60-b329adaed2f4" />
    <UnitTestResult executionId="f88dd4b9-1b66-4d3c-ab1e-2114060594df" testId="b4169adf-59df-d06f-8762-a945493d0ad0" testName="Constructor_SqlParameter_Success" computerName="DKSR-EFI-06" duration="00:00:00.0004227" startTime="2024-01-09T15:43:54.9979575+01:00" endTime="2024-01-09T15:43:54.9979575+01:00" testType="13cdc9d9-ddb5-4fa4-a97d-d965ccfc6d4b" outcome="Passed" testListId="8c84fa94-04c1-424b-9868-57a2d4851a1d" relativeResultsDirectory="f88dd4b9-1b66-4d3c-ab1e-2114060594df" />
    <UnitTestResult executionId="60b7968e-4196-4b96-bc60-e827f2218530" testId="6be417f9-c335-0427-52c9-96d899c8041d" testName="ImportAndExportConfigurationWithAndWithoutCompression" computerName="DKSR-EFI-06" duration="00:00:00.0010707" startTime="2024-01-09T15:43:55.7010843+01:00" endTime="2024-01-09T15:43:55.7010843+01:00" testType="13cdc9d9-ddb5-4fa4-a97d-d965ccfc6d4b" outcome="Passed" testListId="8c84fa94-04c1-424b-9868-57a2d4851a1d" relativeResultsDirectory="60b7968e-4196-4b96-bc60-e827f2218530" />
    <UnitTestResult executionId="b77adafe-403c-4749-b2b2-f875160396a8" testId="79fb4624-f3db-c41b-1848-8c3122dc8342" testName="CreateLicenseRequest_CanRetrievePayload" computerName="DKSR-EFI-06" duration="00:00:00.2140061" startTime="2024-01-09T15:41:32.7632159+01:00" endTime="2024-01-09T15:41:32.9819654+01:00" testType="13cdc9d9-ddb5-4fa4-a97d-d965ccfc6d4b" outcome="Passed" testListId="8c84fa94-04c1-424b-9868-57a2d4851a1d" relativeResultsDirectory="b77adafe-403c-4749-b2b2-f875160396a8" />
    <UnitTestResult executionId="37d4e83b-e9d8-452c-b50b-bdb29ee4dd40" testId="b26b8179-2692-f99f-57c1-62402983fe30" testName="WhenExecuteNonQueryFailsDatabaseExceptionsAreThrownWithCorrectErrorNumber" computerName="DKSR-EFI-06" duration="00:00:00.0135471" startTime="2024-01-09T15:43:09.2322254+01:00" endTime="2024-01-09T15:43:09.2478508+01:00" testType="13cdc9d9-ddb5-4fa4-a97d-d965ccfc6d4b" outcome="Passed" testListId="8c84fa94-04c1-424b-9868-57a2d4851a1d" relativeResultsDirectory="37d4e83b-e9d8-452c-b50b-bdb29ee4dd40" />
    <UnitTestResult executionId="7d202999-83af-47ad-91b3-5f9050120051" testId="7ed46f28-07a7-c553-1d74-d9036ab1b4c6" testName="DontLogInfoEntries" computerName="DKSR-EFI-06" duration="00:00:00.2574829" startTime="2024-01-09T15:43:07.0603402+01:00" endTime="2024-01-09T15:43:07.3259666+01:00" testType="13cdc9d9-ddb5-4fa4-a97d-d965ccfc6d4b" outcome="Passed" testListId="8c84fa94-04c1-424b-9868-57a2d4851a1d" relativeResultsDirectory="7d202999-83af-47ad-91b3-5f9050120051">
      <Output>
        <StdOut>Reading config from file: D:\actions-runner\_work\XPCO\XPCO\Common\VideoOS.Utilities\VideoOS.Utilities.UnitTests\bin\Debug\net472\VideoOS.Utilities.UnitTests.dll.config</StdOut>
      </Output>
    </UnitTestResult>
    <UnitTestResult executionId="d1162ea8-bd2d-4f55-9924-814bf974e945" testId="42905f99-cf41-34cc-8b30-0be9cf777447" testName="FormatByteSizeStringTest8" computerName="DKSR-EFI-06" duration="00:00:00.0005793" startTime="2024-01-09T15:41:30.2163245+01:00" endTime="2024-01-09T15:41:30.2163245+01:00" testType="13cdc9d9-ddb5-4fa4-a97d-d965ccfc6d4b" outcome="Passed" testListId="8c84fa94-04c1-424b-9868-57a2d4851a1d" relativeResultsDirectory="d1162ea8-bd2d-4f55-9924-814bf974e945" />
    <UnitTestResult executionId="cde821c7-6399-4eb5-8584-5cdb1f89938b" testId="9a5f2d25-e5df-c6ba-3b20-674ddeaf04cd" testName="CreateLicenseRequest_Throws_WhenCompanyPublicKeyIsEmpty" computerName="DKSR-EFI-06" duration="00:00:00.1627112" startTime="2024-01-09T15:41:33.1538437+01:00" endTime="2024-01-09T15:41:33.3257197+01:00" testType="13cdc9d9-ddb5-4fa4-a97d-d965ccfc6d4b" outcome="Passed" testListId="8c84fa94-04c1-424b-9868-57a2d4851a1d" relativeResultsDirectory="cde821c7-6399-4eb5-8584-5cdb1f89938b" />
    <UnitTestResult executionId="8851d255-da7d-4b01-8ff5-1fcf771988d5" testId="6bb6f038-06a5-a12d-b80e-5d4bb6709312" testName="Constructor_MultipleItems" computerName="DKSR-EFI-06" duration="00:00:00.0004233" startTime="2024-01-09T15:41:31.0757042+01:00" endTime="2024-01-09T15:41:31.0757042+01:00" testType="13cdc9d9-ddb5-4fa4-a97d-d965ccfc6d4b" outcome="Passed" testListId="8c84fa94-04c1-424b-9868-57a2d4851a1d" relativeResultsDirectory="8851d255-da7d-4b01-8ff5-1fcf771988d5" />
    <UnitTestResult executionId="88220792-5ffc-461a-94af-b5780bd7fcd0" testId="318dfcc5-fe95-ef92-0ae4-5d0a5e9d05a7" testName="FormatByteSizeStringExactTest9" computerName="DKSR-EFI-06" duration="00:00:00.0001884" startTime="2024-01-09T15:41:30.3413257+01:00" endTime="2024-01-09T15:41:30.3413257+01:00" testType="13cdc9d9-ddb5-4fa4-a97d-d965ccfc6d4b" outcome="Passed" testListId="8c84fa94-04c1-424b-9868-57a2d4851a1d" relativeResultsDirectory="88220792-5ffc-461a-94af-b5780bd7fcd0" />
    <UnitTestResult executionId="d293614c-6c76-4dbc-b4c6-76a006473c68" testId="954137eb-32e8-18a0-2eda-0a5c3d618562" testName="Parse_IPBoundWeakWildcard_IPv4_Http_WithRelativePathTest" computerName="DKSR-EFI-06" duration="00:00:00.0008422" startTime="2024-01-09T15:41:30.6225744+01:00" endTime="2024-01-09T15:41:30.6225744+01:00" testType="13cdc9d9-ddb5-4fa4-a97d-d965ccfc6d4b" outcome="Passed" testListId="8c84fa94-04c1-424b-9868-57a2d4851a1d" relativeResultsDirectory="d293614c-6c76-4dbc-b4c6-76a006473c68" />
    <UnitTestResult executionId="a3ce78b6-0375-4496-8bab-b435ba2b459d" testId="2e1afd33-f1f3-7f6a-5d1d-b6fdf440414b" testName="MacAddressUtilities_CreateHashString_Success" computerName="DKSR-EFI-06" duration="00:00:00.0043098" startTime="2024-01-09T15:43:55.2948327+01:00" endTime="2024-01-09T15:43:55.2948327+01:00" testType="13cdc9d9-ddb5-4fa4-a97d-d965ccfc6d4b" outcome="Passed" testListId="8c84fa94-04c1-424b-9868-57a2d4851a1d" relativeResultsDirectory="a3ce78b6-0375-4496-8bab-b435ba2b459d" />
    <UnitTestResult executionId="8dc111ca-fbff-4af3-9753-d96b604e0322" testId="9b3f24a1-44c5-9716-97ad-15fff77c7013" testName="DeleteSslConfiguration_Param_NullKeyTest" computerName="DKSR-EFI-06" duration="00:00:00.0009394" startTime="2024-01-09T15:41:30.9663275+01:00" endTime="2024-01-09T15:41:30.9663275+01:00" testType="13cdc9d9-ddb5-4fa4-a97d-d965ccfc6d4b" outcome="Passed" testListId="8c84fa94-04c1-424b-9868-57a2d4851a1d" relativeResultsDirectory="8dc111ca-fbff-4af3-9753-d96b604e0322" />
    <UnitTestResult executionId="972b85de-2ab9-49d3-8007-4842557798ae" testId="d5973ae0-1a5a-58c1-956c-6fab15082446" testName="InvalidAccountResultsInFileAccessControlException" computerName="DKSR-EFI-06" duration="00:00:00.0091494" startTime="2024-01-09T15:41:32.3413381+01:00" endTime="2024-01-09T15:41:32.3413381+01:00" testType="13cdc9d9-ddb5-4fa4-a97d-d965ccfc6d4b" outcome="Passed" testListId="8c84fa94-04c1-424b-9868-57a2d4851a1d" relativeResultsDirectory="972b85de-2ab9-49d3-8007-4842557798ae" />
    <UnitTestResult executionId="2d41c195-ac3a-48a1-afbc-2b4ab79e0d6d" testId="1a5488cc-dc38-b193-c909-41a15addef87" testName="DatabaseConnectionInfoConfigurator_Write_ArgumentException" computerName="DKSR-EFI-06" duration="00:00:00.0167151" startTime="2024-01-09T15:43:12.3572780+01:00" endTime="2024-01-09T15:43:12.3728569+01:00" testType="13cdc9d9-ddb5-4fa4-a97d-d965ccfc6d4b" outcome="Passed" testListId="8c84fa94-04c1-424b-9868-57a2d4851a1d" relativeResultsDirectory="2d41c195-ac3a-48a1-afbc-2b4ab79e0d6d" />
    <UnitTestResult executionId="1cd6d8bb-6101-4ed3-8fa2-8209ab1619c3" testId="6858e7db-ba67-0f38-ef05-6651a9a30c51" testName="RemoveInvalidXMLChars_Spaces_SameResult" computerName="DKSR-EFI-06" duration="00:00:00.0053774" startTime="2024-01-09T15:42:37.8102561+01:00" endTime="2024-01-09T15:42:37.8102561+01:00" testType="13cdc9d9-ddb5-4fa4-a97d-d965ccfc6d4b" outcome="Passed" testListId="8c84fa94-04c1-424b-9868-57a2d4851a1d" relativeResultsDirectory="1cd6d8bb-6101-4ed3-8fa2-8209ab1619c3" />
    <UnitTestResult executionId="3410e3d7-4940-4697-9327-4bd3892029aa" testId="b4d463d6-cc5b-23da-2ef9-5250fbeeaeb9" testName="Constructor_String_SqlDbType_Success" computerName="DKSR-EFI-06" duration="00:00:00.0039593" startTime="2024-01-09T15:43:55.0135820+01:00" endTime="2024-01-09T15:43:55.0135820+01:00" testType="13cdc9d9-ddb5-4fa4-a97d-d965ccfc6d4b" outcome="Passed" testListId="8c84fa94-04c1-424b-9868-57a2d4851a1d" relativeResultsDirectory="3410e3d7-4940-4697-9327-4bd3892029aa" />
    <UnitTestResult executionId="047cbb3e-b451-474f-8344-e23a259102df" testId="d24d988b-3555-6244-4353-b7c1f76b55d3" testName="FileLoggerWithNameNewDir" computerName="DKSR-EFI-06" duration="00:00:00.3525188" startTime="2024-01-09T15:42:39.2321380+01:00" endTime="2024-01-09T15:42:39.5915117+01:00" testType="13cdc9d9-ddb5-4fa4-a97d-d965ccfc6d4b" outcome="Passed" testListId="8c84fa94-04c1-424b-9868-57a2d4851a1d" relativeResultsDirectory="047cbb3e-b451-474f-8344-e23a259102df" />
    <UnitTestResult executionId="538e3614-d8c6-41e9-a757-a2f4aee90331" testId="14088cd5-d1ab-99c6-742a-023862db880f" testName="GetContentFromInitialLicenseFile_OldEncryptionScheme_ThrowsException" computerName="DKSR-EFI-06" duration="00:00:00.0006015" startTime="2024-01-09T15:41:32.6850926+01:00" endTime="2024-01-09T15:41:32.6850926+01:00" testType="13cdc9d9-ddb5-4fa4-a97d-d965ccfc6d4b" outcome="Passed" testListId="8c84fa94-04c1-424b-9868-57a2d4851a1d" relativeResultsDirectory="538e3614-d8c6-41e9-a757-a2f4aee90331" />
    <UnitTestResult executionId="3f29cf86-4c96-4a09-9c36-8dc6026c4bad" testId="d20d53c4-d60c-1b48-530e-96eb522a068a" testName="RemoveInvalidXMLChars_Empty_EmptyResult" computerName="DKSR-EFI-06" duration="00:00:00.0001420" startTime="2024-01-09T15:42:37.7946329+01:00" endTime="2024-01-09T15:42:37.7946329+01:00" testType="13cdc9d9-ddb5-4fa4-a97d-d965ccfc6d4b" outcome="Passed" testListId="8c84fa94-04c1-424b-9868-57a2d4851a1d" relativeResultsDirectory="3f29cf86-4c96-4a09-9c36-8dc6026c4bad" />
    <UnitTestResult executionId="26080921-5d5d-4a0b-a5b8-4b4226fa0092" testId="66f621bf-d404-fc2d-2e5e-519eb3aca3c8" testName="Dispose_TokenDisposedTest" computerName="DKSR-EFI-06" duration="00:00:00.0006533" startTime="2024-01-09T15:41:30.8257033+01:00" endTime="2024-01-09T15:41:30.8257033+01:00" testType="13cdc9d9-ddb5-4fa4-a97d-d965ccfc6d4b" outcome="Passed" testListId="8c84fa94-04c1-424b-9868-57a2d4851a1d" relativeResultsDirectory="26080921-5d5d-4a0b-a5b8-4b4226fa0092" />
    <UnitTestResult executionId="82d1d376-6c57-4766-a424-d8261b5f4665" testId="0d118129-696a-1633-b93a-1fd626a94b6d" testName="CreateIPBoundWeakWildcard_IPv6_InvalidPort" computerName="DKSR-EFI-06" duration="00:00:00.0006493" startTime="2024-01-09T15:41:30.6850758+01:00" endTime="2024-01-09T15:41:30.6850758+01:00" testType="13cdc9d9-ddb5-4fa4-a97d-d965ccfc6d4b" outcome="Passed" testListId="8c84fa94-04c1-424b-9868-57a2d4851a1d" relativeResultsDirectory="82d1d376-6c57-4766-a424-d8261b5f4665" />
    <UnitTestResult executionId="53dfd1fb-7eb2-4827-a4c9-fa4917842168" testId="3637415d-2358-71ca-7a4a-ab98593fbcba" testName="TestValidateAddress_InValidAdresses" computerName="DKSR-EFI-06" duration="00:00:00.0006560" startTime="2024-01-09T15:43:55.2792079+01:00" endTime="2024-01-09T15:43:55.2792079+01:00" testType="13cdc9d9-ddb5-4fa4-a97d-d965ccfc6d4b" outcome="Passed" testListId="8c84fa94-04c1-424b-9868-57a2d4851a1d" relativeResultsDirectory="53dfd1fb-7eb2-4827-a4c9-fa4917842168" />
    <UnitTestResult executionId="43e80383-3eaa-4569-92f1-1864d664a100" testId="263dd6e4-a3a8-61ea-bf9a-d13a8e2ef748" testName="Construction_InvalidNullPaddingValidKey_ThrowsArgumentNullException" computerName="DKSR-EFI-06" duration="00:00:00.0260067" startTime="2024-01-09T15:43:56.0292115+01:00" endTime="2024-01-09T15:43:56.0604618+01:00" testType="13cdc9d9-ddb5-4fa4-a97d-d965ccfc6d4b" outcome="Passed" testListId="8c84fa94-04c1-424b-9868-57a2d4851a1d" relativeResultsDirectory="43e80383-3eaa-4569-92f1-1864d664a100" />
    <UnitTestResult executionId="f6d0956f-b691-444c-a72a-eac1d41fd92a" testId="dbeb8969-0cf3-22c2-42f8-32cc947a535c" testName="FormatByteSizeStringExactULTest1" computerName="DKSR-EFI-06" duration="00:00:00.0004616" startTime="2024-01-09T15:41:30.2944485+01:00" endTime="2024-01-09T15:41:30.2944485+01:00" testType="13cdc9d9-ddb5-4fa4-a97d-d965ccfc6d4b" outcome="Passed" testListId="8c84fa94-04c1-424b-9868-57a2d4851a1d" relativeResultsDirectory="f6d0956f-b691-444c-a72a-eac1d41fd92a" />
    <UnitTestResult executionId="219de4d8-dd49-4a12-8292-f3fec1975be8" testId="c2e1c206-872f-bca6-f3cb-5778c02ebb24" testName="Constructor_String_Object_Int_Success" computerName="DKSR-EFI-06" duration="00:00:00.0005219" startTime="2024-01-09T15:43:55.0135820+01:00" endTime="2024-01-09T15:43:55.0135820+01:00" testType="13cdc9d9-ddb5-4fa4-a97d-d965ccfc6d4b" outcome="Passed" testListId="8c84fa94-04c1-424b-9868-57a2d4851a1d" relativeResultsDirectory="219de4d8-dd49-4a12-8292-f3fec1975be8" />
    <UnitTestResult executionId="1dcfcf7f-c839-410c-83eb-46e2f4a28686" testId="e8e6b714-af06-5b9d-4b5f-edc4da5e1381" testName="BulkProcessor_IsClosing_WaitForRunningTaskToComplete" computerName="DKSR-EFI-06" duration="00:00:00.0969672" startTime="2024-01-09T15:43:57.7323449+01:00" endTime="2024-01-09T15:43:57.8417176+01:00" testType="13cdc9d9-ddb5-4fa4-a97d-d965ccfc6d4b" outcome="Passed" testListId="8c84fa94-04c1-424b-9868-57a2d4851a1d" relativeResultsDirectory="1dcfcf7f-c839-410c-83eb-46e2f4a28686" />
    <UnitTestResult executionId="8321bdaf-af45-474d-8617-ce85f964e890" testId="c096eabf-b646-5277-57d9-044af92752a5" testName="Decrypt_UsingStoredKey_Success" computerName="DKSR-EFI-06" duration="00:00:00.0150280" startTime="2024-01-09T15:43:56.3886358+01:00" endTime="2024-01-09T15:43:56.4042122+01:00" testType="13cdc9d9-ddb5-4fa4-a97d-d965ccfc6d4b" outcome="Passed" testListId="8c84fa94-04c1-424b-9868-57a2d4851a1d" relativeResultsDirectory="8321bdaf-af45-474d-8617-ce85f964e890" />
    <UnitTestResult executionId="7ecc2268-e56c-4809-8bd4-efbc50d4b328" testId="e5fe2c62-2103-2378-a4f6-adcd9fb185a4" testName="EnforceUrlReservation_Parameter_EmptyAceTest" computerName="DKSR-EFI-06" duration="00:00:00.0007495" startTime="2024-01-09T15:41:30.9038301+01:00" endTime="2024-01-09T15:41:30.9038301+01:00" testType="13cdc9d9-ddb5-4fa4-a97d-d965ccfc6d4b" outcome="Passed" testListId="8c84fa94-04c1-424b-9868-57a2d4851a1d" relativeResultsDirectory="7ecc2268-e56c-4809-8bd4-efbc50d4b328" />
    <UnitTestResult executionId="78df8a36-0868-4c39-9ebc-50f56f649c3a" testId="71618826-bd51-2181-7645-287a6122f475" testName="ExecuteScalarString" computerName="DKSR-EFI-06" duration="00:00:00.0118248" startTime="2024-01-09T15:43:08.4509724+01:00" endTime="2024-01-09T15:43:08.4509724+01:00" testType="13cdc9d9-ddb5-4fa4-a97d-d965ccfc6d4b" outcome="Passed" testListId="8c84fa94-04c1-424b-9868-57a2d4851a1d" relativeResultsDirectory="78df8a36-0868-4c39-9ebc-50f56f649c3a" />
    <UnitTestResult executionId="e9d6d797-1e56-4452-a8a0-c859f0c1ee1d" testId="898e0cba-2f16-a9cb-7ec3-2f912910e7dc" testName="ShowHelp_OfflineWorkflow__DisplayHtmlHelp_InvokeWithRelativeFileUrl" computerName="DKSR-EFI-06" duration="00:00:00.0006772" startTime="2024-01-09T15:42:37.6540040+01:00" endTime="2024-01-09T15:42:37.6540040+01:00" testType="13cdc9d9-ddb5-4fa4-a97d-d965ccfc6d4b" outcome="Passed" testListId="8c84fa94-04c1-424b-9868-57a2d4851a1d" relativeResultsDirectory="e9d6d797-1e56-4452-a8a0-c859f0c1ee1d" />
    <UnitTestResult executionId="fa745c52-85b9-4319-a6ff-8dffbedc581b" testId="aa97711c-3d27-f367-5a9f-a5e192533ef5" testName="DetermineLicenseType_ActivatedLicense_ReturnsLicenseTypeActivated" computerName="DKSR-EFI-06" duration="00:00:00.0039408" startTime="2024-01-09T15:41:32.7007147+01:00" endTime="2024-01-09T15:41:32.7007147+01:00" testType="13cdc9d9-ddb5-4fa4-a97d-d965ccfc6d4b" outcome="Passed" testListId="8c84fa94-04c1-424b-9868-57a2d4851a1d" relativeResultsDirectory="fa745c52-85b9-4319-a6ff-8dffbedc581b" />
    <UnitTestResult executionId="393112cf-3668-49dd-be70-a0a8a227f776" testId="f0788877-1309-4377-71d6-529ae40b5764" testName="HSL_InvalidS_ThrowsArgumentException" computerName="DKSR-EFI-06" duration="00:00:00.0004294" startTime="2024-01-09T15:43:57.4198418+01:00" endTime="2024-01-09T15:43:57.4198418+01:00" testType="13cdc9d9-ddb5-4fa4-a97d-d965ccfc6d4b" outcome="Passed" testListId="8c84fa94-04c1-424b-9868-57a2d4851a1d" relativeResultsDirectory="393112cf-3668-49dd-be70-a0a8a227f776" />
    <UnitTestResult executionId="338bba8e-c3bf-4ec2-902e-ec395107f984" testId="df959513-e347-64a3-0552-b0f6f26e74b5" testName="GivenSecureFolderWithTwoUserAccounWhenSettingExclusiveAccountTheOtherUserAccouintsAreRemoved" computerName="DKSR-EFI-06" duration="00:00:00.0058309" startTime="2024-01-09T15:41:32.2944628+01:00" endTime="2024-01-09T15:41:32.3100895+01:00" testType="13cdc9d9-ddb5-4fa4-a97d-d965ccfc6d4b" outcome="Passed" testListId="8c84fa94-04c1-424b-9868-57a2d4851a1d" relativeResultsDirectory="338bba8e-c3bf-4ec2-902e-ec395107f984" />
    <UnitTestResult executionId="850aa368-9cda-4bb6-a22c-5bff6dd02e5c" testId="5dab0953-f8e5-4596-9599-693185a38502" testName="EncryptAndDecryptWithSpecificKey" computerName="DKSR-EFI-06" duration="00:00:00.0042842" startTime="2024-01-09T15:43:55.6698340+01:00" endTime="2024-01-09T15:43:55.6698340+01:00" testType="13cdc9d9-ddb5-4fa4-a97d-d965ccfc6d4b" outcome="Passed" testListId="8c84fa94-04c1-424b-9868-57a2d4851a1d" relativeResultsDirectory="850aa368-9cda-4bb6-a22c-5bff6dd02e5c" />
    <UnitTestResult executionId="4dff3831-34a9-4fa9-a9e5-7bbe82e383ae" testId="400dcc7a-1baf-7c37-00e7-b9da7e64add4" testName="ConstructDatabaseConnectionInfo_NullDatabaseServerName_Throws" computerName="DKSR-EFI-06" duration="00:00:00.0006208" startTime="2024-01-09T15:43:12.5447325+01:00" endTime="2024-01-09T15:43:12.5447325+01:00" testType="13cdc9d9-ddb5-4fa4-a97d-d965ccfc6d4b" outcome="Passed" testListId="8c84fa94-04c1-424b-9868-57a2d4851a1d" relativeResultsDirectory="4dff3831-34a9-4fa9-a9e5-7bbe82e383ae" />
    <UnitTestResult executionId="e2682d3b-d354-4244-a71f-e56b390bcc00" testId="0416b849-8ddf-281b-bdfe-c4257a9da123" testName="FormatByteSizeStringExactULTest4" computerName="DKSR-EFI-06" duration="00:00:00.0001886" startTime="2024-01-09T15:41:30.3256972+01:00" endTime="2024-01-09T15:41:30.3256972+01:00" testType="13cdc9d9-ddb5-4fa4-a97d-d965ccfc6d4b" outcome="Passed" testListId="8c84fa94-04c1-424b-9868-57a2d4851a1d" relativeResultsDirectory="e2682d3b-d354-4244-a71f-e56b390bcc00" />
    <UnitTestResult executionId="29bcdc32-0b02-4ae8-a4c9-16c15940a1d3" testId="93be8a15-d30b-59c3-9baa-ecde9bcf9e7d" testName="SimpleValidSignature" computerName="DKSR-EFI-06" duration="00:00:00.0196061" startTime="2024-01-09T15:43:57.1385910+01:00" endTime="2024-01-09T15:43:57.1542136+01:00" testType="13cdc9d9-ddb5-4fa4-a97d-d965ccfc6d4b" outcome="Passed" testListId="8c84fa94-04c1-424b-9868-57a2d4851a1d" relativeResultsDirectory="29bcdc32-0b02-4ae8-a4c9-16c15940a1d3" />
    <UnitTestResult executionId="b00cebd3-9058-4122-8902-5ad2aeabebdc" testId="536f21ea-d825-9860-2d73-c30093160a11" testName="HSL_InvalidL_ThrowsArgumentException" computerName="DKSR-EFI-06" duration="00:00:00.0005771" startTime="2024-01-09T15:43:57.4354667+01:00" endTime="2024-01-09T15:43:57.4354667+01:00" testType="13cdc9d9-ddb5-4fa4-a97d-d965ccfc6d4b" outcome="Passed" testListId="8c84fa94-04c1-424b-9868-57a2d4851a1d" relativeResultsDirectory="b00cebd3-9058-4122-8902-5ad2aeabebdc" />
    <UnitTestResult executionId="e4d997b3-a702-44ea-8793-a396d63a5e7f" testId="79bf820c-df88-ce37-9503-568241dfb172" testName="DecryptEncryptKey_ShouldWorkWithRoundtrip_WhenPasswordIsEmpty" computerName="DKSR-EFI-06" duration="00:00:00.1388720" startTime="2024-01-09T15:42:36.9667190+01:00" endTime="2024-01-09T15:42:37.1071273+01:00" testType="13cdc9d9-ddb5-4fa4-a97d-d965ccfc6d4b" outcome="Passed" testListId="8c84fa94-04c1-424b-9868-57a2d4851a1d" relativeResultsDirectory="e4d997b3-a702-44ea-8793-a396d63a5e7f" />
    <UnitTestResult executionId="57f15ca4-f628-4a96-a550-eec16e58dc87" testId="503ec25e-f94c-6a24-4b63-4dc824bcd484" testName="ExecuteReaderRetrieveDataUsingIndexer" computerName="DKSR-EFI-06" duration="00:00:00.0058118" startTime="2024-01-09T15:43:09.0447244+01:00" endTime="2024-01-09T15:43:09.0603482+01:00" testType="13cdc9d9-ddb5-4fa4-a97d-d965ccfc6d4b" outcome="Passed" testListId="8c84fa94-04c1-424b-9868-57a2d4851a1d" relativeResultsDirectory="57f15ca4-f628-4a96-a550-eec16e58dc87" />
    <UnitTestResult executionId="861fdd2b-1793-49a0-9502-6ac964b5c510" testId="3aa8ac41-a452-0107-4106-098504c5a167" testName="Close_DoubleInvokeOnlineWorkflow_IsOK" computerName="DKSR-EFI-06" duration="00:00:00.0002088" startTime="2024-01-09T15:42:37.5915051+01:00" endTime="2024-01-09T15:42:37.5915051+01:00" testType="13cdc9d9-ddb5-4fa4-a97d-d965ccfc6d4b" outcome="Passed" testListId="8c84fa94-04c1-424b-9868-57a2d4851a1d" relativeResultsDirectory="861fdd2b-1793-49a0-9502-6ac964b5c510" />
    <UnitTestResult executionId="9b149b21-5270-40ec-ba6e-2499010632f5" testId="19767e6e-03f1-41e4-1677-97c27b4f568c" testName="EncryptStringDataTest" computerName="DKSR-EFI-06" duration="00:00:00.1039406" startTime="2024-01-09T15:43:55.7323386+01:00" endTime="2024-01-09T15:43:55.8417115+01:00" testType="13cdc9d9-ddb5-4fa4-a97d-d965ccfc6d4b" outcome="Passed" testListId="8c84fa94-04c1-424b-9868-57a2d4851a1d" relativeResultsDirectory="9b149b21-5270-40ec-ba6e-2499010632f5" />
    <UnitTestResult executionId="96fd48c1-35b6-4fd4-8967-c34635b47f73" testId="8b97d570-fb7f-b0b3-b222-24bcdf5045a8" testName="ThrowingNonRetryableExcepionWithinRetryableBlockThrows" computerName="DKSR-EFI-06" duration="00:00:00.0007002" startTime="2024-01-09T15:43:26.4822520+01:00" endTime="2024-01-09T15:43:26.4822520+01:00" testType="13cdc9d9-ddb5-4fa4-a97d-d965ccfc6d4b" outcome="Passed" testListId="8c84fa94-04c1-424b-9868-57a2d4851a1d" relativeResultsDirectory="96fd48c1-35b6-4fd4-8967-c34635b47f73" />
    <UnitTestResult executionId="048c3730-0b81-4132-96d9-4c6de4856756" testId="3f9a3040-194a-294c-571d-485d20ffce29" testName="MacAddressUtilities_CreateHashString_ArgumentException_InvalidSeperator" computerName="DKSR-EFI-06" duration="00:00:00.0005062" startTime="2024-01-09T15:43:55.3104576+01:00" endTime="2024-01-09T15:43:55.3104576+01:00" testType="13cdc9d9-ddb5-4fa4-a97d-d965ccfc6d4b" outcome="Passed" testListId="8c84fa94-04c1-424b-9868-57a2d4851a1d" relativeResultsDirectory="048c3730-0b81-4132-96d9-4c6de4856756" />
    <UnitTestResult executionId="00fb4a5f-807d-4cfc-831c-1437e4a118e0" testId="add06bf3-fab0-7e2a-a2d1-570d03c1137c" testName="Constructor_ShouldThrow_WhenAccountNameIsNull" computerName="DKSR-EFI-06" duration="00:00:00.0007148" startTime="2024-01-09T15:42:37.2790033+01:00" endTime="2024-01-09T15:42:37.2790033+01:00" testType="13cdc9d9-ddb5-4fa4-a97d-d965ccfc6d4b" outcome="Passed" testListId="8c84fa94-04c1-424b-9868-57a2d4851a1d" relativeResultsDirectory="00fb4a5f-807d-4cfc-831c-1437e4a118e0" />
    <UnitTestResult executionId="001d70ad-bd5e-4889-ad4c-7f3a900d3d34" testId="9c8cb3bd-d0b7-5c65-7d6a-ee864f5ff141" testName="ExecuteReaderGetGuid" computerName="DKSR-EFI-06" duration="00:00:00.0097983" startTime="2024-01-09T15:43:08.9822249+01:00" endTime="2024-01-09T15:43:08.9978492+01:00" testType="13cdc9d9-ddb5-4fa4-a97d-d965ccfc6d4b" outcome="Passed" testListId="8c84fa94-04c1-424b-9868-57a2d4851a1d" relativeResultsDirectory="001d70ad-bd5e-4889-ad4c-7f3a900d3d34" />
    <UnitTestResult executionId="05de3dec-2469-4c6b-9e52-1393d6c18720" testId="4d04cbd9-6b0c-129f-89f2-13ad5bb3b77d" testName="GetKeyManagementState_NoPasswordFound" computerName="DKSR-EFI-06" duration="00:00:00.0067765" startTime="2024-01-09T15:42:37.4508794+01:00" endTime="2024-01-09T15:42:37.4508794+01:00" testType="13cdc9d9-ddb5-4fa4-a97d-d965ccfc6d4b" outcome="Passed" testListId="8c84fa94-04c1-424b-9868-57a2d4851a1d" relativeResultsDirectory="05de3dec-2469-4c6b-9e52-1393d6c18720" />
    <UnitTestResult executionId="14b975f9-6c09-41b0-849e-997b266028a6" testId="443b9dec-e28d-0ac7-a793-7092f4a9976c" testName="CompositeErrorLevel" computerName="DKSR-EFI-06" duration="00:00:00.0005896" startTime="2024-01-09T15:43:06.2790852+01:00" endTime="2024-01-09T15:43:06.2947472+01:00" testType="13cdc9d9-ddb5-4fa4-a97d-d965ccfc6d4b" outcome="Passed" testListId="8c84fa94-04c1-424b-9868-57a2d4851a1d" relativeResultsDirectory="14b975f9-6c09-41b0-849e-997b266028a6" />
    <UnitTestResult executionId="957a16ec-0275-40b1-9bbc-fdcee829c4f7" testId="2f38095a-364c-cd7f-6df7-e42d2ded147a" testName="Get_ParametersAssertRows_Success" computerName="DKSR-EFI-06" duration="00:00:00.1326728" startTime="2024-01-09T15:43:08.2790980+01:00" endTime="2024-01-09T15:43:08.4197215+01:00" testType="13cdc9d9-ddb5-4fa4-a97d-d965ccfc6d4b" outcome="Passed" testListId="8c84fa94-04c1-424b-9868-57a2d4851a1d" relativeResultsDirectory="957a16ec-0275-40b1-9bbc-fdcee829c4f7" />
    <UnitTestResult executionId="077993ea-3618-4f3e-90c8-b003edbbc127" testId="a6aacb08-b512-a0f5-8fbe-c7d635843ad5" testName="BeginEndTransaction_Success" computerName="DKSR-EFI-06" duration="00:00:00.0282427" startTime="2024-01-09T15:43:13.1072352+01:00" endTime="2024-01-09T15:43:13.1384895+01:00" testType="13cdc9d9-ddb5-4fa4-a97d-d965ccfc6d4b" outcome="Passed" testListId="8c84fa94-04c1-424b-9868-57a2d4851a1d" relativeResultsDirectory="077993ea-3618-4f3e-90c8-b003edbbc127" />
    <UnitTestResult executionId="97201cd3-b794-4a27-a76d-3a820d7c78dd" testId="a69049fb-ce00-7e8c-85a0-3f418c7255b4" testName="Constructor_UrlAclInfo_EmptySddl" computerName="DKSR-EFI-06" duration="00:00:00.0005891" startTime="2024-01-09T15:41:31.0444559+01:00" endTime="2024-01-09T15:41:31.0444559+01:00" testType="13cdc9d9-ddb5-4fa4-a97d-d965ccfc6d4b" outcome="Passed" testListId="8c84fa94-04c1-424b-9868-57a2d4851a1d" relativeResultsDirectory="97201cd3-b794-4a27-a76d-3a820d7c78dd" />
    <UnitTestResult executionId="75713bd4-a669-48a4-ad33-b1ff04ff29dc" testId="0d3e7f6e-b2f6-5bed-ef32-22d6c29e0bdd" testName="Parse_InvalidData_InvalidSchemeTest1" computerName="DKSR-EFI-06" duration="00:00:00.0005541" startTime="2024-01-09T15:41:30.6382048+01:00" endTime="2024-01-09T15:41:30.6382048+01:00" testType="13cdc9d9-ddb5-4fa4-a97d-d965ccfc6d4b" outcome="Passed" testListId="8c84fa94-04c1-424b-9868-57a2d4851a1d" relativeResultsDirectory="75713bd4-a669-48a4-ad33-b1ff04ff29dc" />
    <UnitTestResult executionId="422e2a89-d33e-4d64-91ce-450f189e958f" testId="4e2d2668-c3e5-6e93-3de2-3f371d9d4188" testName="Dispose_MultipleDisposeCallsTest" computerName="DKSR-EFI-06" duration="00:00:00.0003891" startTime="2024-01-09T15:41:30.8257033+01:00" endTime="2024-01-09T15:41:30.8257033+01:00" testType="13cdc9d9-ddb5-4fa4-a97d-d965ccfc6d4b" outcome="Passed" testListId="8c84fa94-04c1-424b-9868-57a2d4851a1d" relativeResultsDirectory="422e2a89-d33e-4d64-91ce-450f189e958f" />
    <UnitTestResult executionId="ded3aaa1-52a4-41f6-8387-a6d716e027e0" testId="31d41479-fb61-29de-db02-254504f39eb9" testName="DatabaseCommandCanBeDisposedMultipleTimes_Success" computerName="DKSR-EFI-06" duration="00:00:00.0074143" startTime="2024-01-09T15:43:08.4197215+01:00" endTime="2024-01-09T15:43:08.4197215+01:00" testType="13cdc9d9-ddb5-4fa4-a97d-d965ccfc6d4b" outcome="Passed" testListId="8c84fa94-04c1-424b-9868-57a2d4851a1d" relativeResultsDirectory="ded3aaa1-52a4-41f6-8387-a6d716e027e0" />
    <UnitTestResult executionId="a9914a46-b018-4523-96b6-02c3f13b4b49" testId="31b81597-16e9-5c45-376b-ceed82dbdfa0" testName="HashingUtilities_CreateHashString_ArgumentException_TooLong" computerName="DKSR-EFI-06" duration="00:00:00.0014088" startTime="2024-01-09T15:43:55.2323311+01:00" endTime="2024-01-09T15:43:55.2323311+01:00" testType="13cdc9d9-ddb5-4fa4-a97d-d965ccfc6d4b" outcome="Passed" testListId="8c84fa94-04c1-424b-9868-57a2d4851a1d" relativeResultsDirectory="a9914a46-b018-4523-96b6-02c3f13b4b49" />
    <UnitTestResult executionId="d09d1725-2626-422b-abb8-a7c98b7b4a60" testId="69427a53-a1fa-451a-dd3d-193fa3d2ed89" testName="Constructor_SingleReservation_All" computerName="DKSR-EFI-06" duration="00:00:00.0002679" startTime="2024-01-09T15:41:31.0757042+01:00" endTime="2024-01-09T15:41:31.0757042+01:00" testType="13cdc9d9-ddb5-4fa4-a97d-d965ccfc6d4b" outcome="Passed" testListId="8c84fa94-04c1-424b-9868-57a2d4851a1d" relativeResultsDirectory="d09d1725-2626-422b-abb8-a7c98b7b4a60" />
    <UnitTestResult executionId="e1cfd061-0251-43a5-8b85-be51d007036a" testId="8b97a2cc-f29f-d97e-8955-1e5e8dacbc24" testName="Dequeues_Empty_After_Timeout" computerName="DKSR-EFI-06" duration="00:00:00.1530669" startTime="2024-01-09T15:43:57.4667161+01:00" endTime="2024-01-09T15:43:57.6229668+01:00" testType="13cdc9d9-ddb5-4fa4-a97d-d965ccfc6d4b" outcome="Passed" testListId="8c84fa94-04c1-424b-9868-57a2d4851a1d" relativeResultsDirectory="e1cfd061-0251-43a5-8b85-be51d007036a" />
    <UnitTestResult executionId="0dd8f141-d7b7-4122-99cd-6be7a79c7b8a" testId="cf938af7-63b1-2aab-b53a-ce80e7ece30e" testName="IsValidBase64String_DataDrivenTest (Device is disabled,False)" computerName="DKSR-EFI-06" duration="00:00:00.0000089" startTime="2024-01-09T15:41:31.2475802+01:00" endTime="2024-01-09T15:41:31.2475802+01:00" testType="13cdc9d9-ddb5-4fa4-a97d-d965ccfc6d4b" outcome="Passed" testListId="8c84fa94-04c1-424b-9868-57a2d4851a1d" relativeResultsDirectory="0dd8f141-d7b7-4122-99cd-6be7a79c7b8a" />
    <UnitTestResult executionId="0d60b4d2-4258-44e4-9a53-c6137bc4bf3c" testId="44b9c38d-1fef-b34e-63e4-2c853e734fec" testName="RetryableActionNotRetriedWhenNotOwnerOfTheTransaction" computerName="DKSR-EFI-06" duration="00:00:01.3524722" startTime="2024-01-09T15:43:52.3885723+01:00" endTime="2024-01-09T15:43:53.7479516+01:00" testType="13cdc9d9-ddb5-4fa4-a97d-d965ccfc6d4b" outcome="Passed" testListId="8c84fa94-04c1-424b-9868-57a2d4851a1d" relativeResultsDirectory="0d60b4d2-4258-44e4-9a53-c6137bc4bf3c" />
    <UnitTestResult executionId="dd28f098-e401-4bfe-87d5-2c7c0992233c" testId="30098cab-a01e-874e-bcf6-ecc840c812f2" testName="IsUpdateNeeded_CalculateAllValues_WhenDifferentEncountered" computerName="DKSR-EFI-06" duration="00:00:00.0007811" startTime="2024-01-09T15:41:30.4350751+01:00" endTime="2024-01-09T15:41:30.4350751+01:00" testType="13cdc9d9-ddb5-4fa4-a97d-d965ccfc6d4b" outcome="Passed" testListId="8c84fa94-04c1-424b-9868-57a2d4851a1d" relativeResultsDirectory="dd28f098-e401-4bfe-87d5-2c7c0992233c" />
    <UnitTestResult executionId="48a5cdaf-e4d2-4b18-aea9-48ec60a6089e" testId="1a3838aa-5811-5cf2-c4d4-5954ea5afd82" testName="ShowHelp_OfflineWorkflow__DisplayHtmlHelp_InvokedWithValidUrl" computerName="DKSR-EFI-06" duration="00:00:00.0200690" startTime="2024-01-09T15:42:37.6071294+01:00" endTime="2024-01-09T15:42:37.6227533+01:00" testType="13cdc9d9-ddb5-4fa4-a97d-d965ccfc6d4b" outcome="Passed" testListId="8c84fa94-04c1-424b-9868-57a2d4851a1d" relativeResultsDirectory="48a5cdaf-e4d2-4b18-aea9-48ec60a6089e" />
    <UnitTestResult executionId="ad5c1484-0db3-4004-ae27-fb0305f9d8cb" testId="348cb3a9-a2d2-4d6a-46ed-c7bfff61a1e9" testName="Get_Parameters_Success" computerName="DKSR-EFI-06" duration="00:00:00.0387376" startTime="2024-01-09T15:43:08.2166001+01:00" endTime="2024-01-09T15:43:08.2634700+01:00" testType="13cdc9d9-ddb5-4fa4-a97d-d965ccfc6d4b" outcome="Passed" testListId="8c84fa94-04c1-424b-9868-57a2d4851a1d" relativeResultsDirectory="ad5c1484-0db3-4004-ae27-fb0305f9d8cb" />
    <UnitTestResult executionId="bf09eadb-daea-4a6d-bb22-b97ed6a13786" testId="487c7291-c30a-e14f-23c4-0aa9f3ead4c2" testName="FormatByteSizeStringExactTest4" computerName="DKSR-EFI-06" duration="00:00:00.0033951" startTime="2024-01-09T15:41:30.3100760+01:00" endTime="2024-01-09T15:41:30.3100760+01:00" testType="13cdc9d9-ddb5-4fa4-a97d-d965ccfc6d4b" outcome="Passed" testListId="8c84fa94-04c1-424b-9868-57a2d4851a1d" relativeResultsDirectory="bf09eadb-daea-4a6d-bb22-b97ed6a13786" />
    <UnitTestResult executionId="9c1da642-1ac0-4bd8-a0c3-6a656323fdb6" testId="9fccf9d0-1398-60df-8898-e3a9adf19d4b" testName="Construction_InvalidNullKey_ThrowsArgumentNullException" computerName="DKSR-EFI-06" duration="00:00:00.0006169" startTime="2024-01-09T15:43:56.0292115+01:00" endTime="2024-01-09T15:43:56.0292115+01:00" testType="13cdc9d9-ddb5-4fa4-a97d-d965ccfc6d4b" outcome="Passed" testListId="8c84fa94-04c1-424b-9868-57a2d4851a1d" relativeResultsDirectory="9c1da642-1ac0-4bd8-a0c3-6a656323fdb6" />
    <UnitTestResult executionId="b26828e6-a9ec-479a-9d79-3c5aee333b03" testId="150e4aae-3f60-faf6-82f4-5e55067d0b25" testName="ExecuteReaderMultipleResultSets" computerName="DKSR-EFI-06" duration="00:00:00.0066455" startTime="2024-01-09T15:43:09.0447244+01:00" endTime="2024-01-09T15:43:09.0447244+01:00" testType="13cdc9d9-ddb5-4fa4-a97d-d965ccfc6d4b" outcome="Passed" testListId="8c84fa94-04c1-424b-9868-57a2d4851a1d" relativeResultsDirectory="b26828e6-a9ec-479a-9d79-3c5aee333b03" />
    <UnitTestResult executionId="69623e97-6af7-4298-b1e6-c810571a8aff" testId="5e8218e5-ad16-734d-7b83-a405e0747b4a" testName="RemoveInvalidXMLChars_Text_Chinese_Chars" computerName="DKSR-EFI-06" duration="00:00:00.0001332" startTime="2024-01-09T15:42:37.8258822+01:00" endTime="2024-01-09T15:42:37.8258822+01:00" testType="13cdc9d9-ddb5-4fa4-a97d-d965ccfc6d4b" outcome="Passed" testListId="8c84fa94-04c1-424b-9868-57a2d4851a1d" relativeResultsDirectory="69623e97-6af7-4298-b1e6-c810571a8aff" />
    <UnitTestResult executionId="8bdb7095-6b7d-4178-8bf7-862ceadc705b" testId="89f9766a-a3f5-35f9-8ac2-917ccd2f55e2" testName="Write_ShouldNotWriteEmptyBytes_WhenPasswordIsEmptyString" computerName="DKSR-EFI-06" duration="00:00:00.0015257" startTime="2024-01-09T15:42:37.3571286+01:00" endTime="2024-01-09T15:42:37.3571286+01:00" testType="13cdc9d9-ddb5-4fa4-a97d-d965ccfc6d4b" outcome="Passed" testListId="8c84fa94-04c1-424b-9868-57a2d4851a1d" relativeResultsDirectory="8bdb7095-6b7d-4178-8bf7-862ceadc705b" />
    <UnitTestResult executionId="35f41fbd-bbfa-4af6-944f-964706a073b8" testId="57dd1e3a-a56a-e404-e3c0-c58c06b0596f" testName="Async_Method_Cancelled_Silently_In_Time" computerName="DKSR-EFI-06" duration="00:00:00.0776975" startTime="2024-01-09T15:41:31.9350850+01:00" endTime="2024-01-09T15:41:32.0132102+01:00" testType="13cdc9d9-ddb5-4fa4-a97d-d965ccfc6d4b" outcome="Passed" testListId="8c84fa94-04c1-424b-9868-57a2d4851a1d" relativeResultsDirectory="35f41fbd-bbfa-4af6-944f-964706a073b8" />
    <UnitTestResult executionId="30efcd60-ed58-4dd1-9627-62e07b3af8c4" testId="b1f69e38-77d1-ee6d-147d-e342e18f3b47" testName="ConstructDisposeConnection_Success" computerName="DKSR-EFI-06" duration="00:00:00.0002627" startTime="2024-01-09T15:43:12.5447325+01:00" endTime="2024-01-09T15:43:12.5447325+01:00" testType="13cdc9d9-ddb5-4fa4-a97d-d965ccfc6d4b" outcome="Passed" testListId="8c84fa94-04c1-424b-9868-57a2d4851a1d" relativeResultsDirectory="30efcd60-ed58-4dd1-9627-62e07b3af8c4" />
    <UnitTestResult executionId="6878aae7-67a3-45a6-9e52-0c2b9f12f0d2" testId="07c9f0f9-ce0a-3e72-5a75-fff685f8ab78" testName="Task_Factory_Delay_Delays" computerName="DKSR-EFI-06" duration="00:00:00.0949011" startTime="2024-01-09T15:41:31.6069602+01:00" endTime="2024-01-09T15:41:31.7007103+01:00" testType="13cdc9d9-ddb5-4fa4-a97d-d965ccfc6d4b" outcome="Passed" testListId="8c84fa94-04c1-424b-9868-57a2d4851a1d" relativeResultsDirectory="6878aae7-67a3-45a6-9e52-0c2b9f12f0d2" />
    <UnitTestResult executionId="ac72a9b5-2bd3-4a90-aa3c-52da80f0bb7a" testId="ce3cd530-f731-79f9-4b1e-7ff7bb1c3901" testName="ThrowWhenOperationsDoNotCleanupTransactions" computerName="DKSR-EFI-06" duration="00:00:00.3549806" startTime="2024-01-09T15:43:54.6385809+01:00" endTime="2024-01-09T15:43:54.9979575+01:00" testType="13cdc9d9-ddb5-4fa4-a97d-d965ccfc6d4b" outcome="Passed" testListId="8c84fa94-04c1-424b-9868-57a2d4851a1d" relativeResultsDirectory="ac72a9b5-2bd3-4a90-aa3c-52da80f0bb7a" />
    <UnitTestResult executionId="08dbe8a3-2968-4acf-acdd-cdea929780f9" testId="5236636f-f101-4387-1048-021f430cdc7d" testName="IsValidBase64String_DataDrivenTest (AAA,False)" computerName="DKSR-EFI-06" duration="00:00:00.0000093" startTime="2024-01-09T15:41:31.2632448+01:00" endTime="2024-01-09T15:41:31.2632448+01:00" testType="13cdc9d9-ddb5-4fa4-a97d-d965ccfc6d4b" outcome="Passed" testListId="8c84fa94-04c1-424b-9868-57a2d4851a1d" relativeResultsDirectory="08dbe8a3-2968-4acf-acdd-cdea929780f9" />
    <UnitTestResult executionId="1d10e475-0ebb-4ea5-8e94-5a82b1b10a61" testId="c2dd9515-b767-f4ba-958d-84c8ff4654b3" testName="GetSqlConnection_IntegratedSecuritySetUsingTrue_Success" computerName="DKSR-EFI-06" duration="00:00:00.0008532" startTime="2024-01-09T15:43:55.1229592+01:00" endTime="2024-01-09T15:43:55.1229592+01:00" testType="13cdc9d9-ddb5-4fa4-a97d-d965ccfc6d4b" outcome="Passed" testListId="8c84fa94-04c1-424b-9868-57a2d4851a1d" relativeResultsDirectory="1d10e475-0ebb-4ea5-8e94-5a82b1b10a61" />
    <UnitTestResult executionId="725a2a32-dd92-451c-b190-972e60cd1781" testId="07a602aa-40be-99a8-aab7-0223ae7770b6" testName="FormatTimeSpanStringTest2" computerName="DKSR-EFI-06" duration="00:00:00.0003057" startTime="2024-01-09T15:41:30.1538238+01:00" endTime="2024-01-09T15:41:30.1694487+01:00" testType="13cdc9d9-ddb5-4fa4-a97d-d965ccfc6d4b" outcome="Passed" testListId="8c84fa94-04c1-424b-9868-57a2d4851a1d" relativeResultsDirectory="725a2a32-dd92-451c-b190-972e60cd1781" />
    <UnitTestResult executionId="c205a773-0fee-4efc-9193-eef7af094321" testId="7ea4c52f-c964-05ae-10c5-e89520b6faa5" testName="FormatByteSizeStringExactULTest8" computerName="DKSR-EFI-06" duration="00:00:00.0001786" startTime="2024-01-09T15:41:30.3413257+01:00" endTime="2024-01-09T15:41:30.3413257+01:00" testType="13cdc9d9-ddb5-4fa4-a97d-d965ccfc6d4b" outcome="Passed" testListId="8c84fa94-04c1-424b-9868-57a2d4851a1d" relativeResultsDirectory="c205a773-0fee-4efc-9193-eef7af094321" />
    <UnitTestResult executionId="9f1bd338-1310-401b-b066-74084c0961c3" testId="129fff76-ad58-2c3d-2b6e-d7a98a15da71" testName="EncryptionFactory_Throws_OnCreateAsymmetricWithCngKeyNull" computerName="DKSR-EFI-06" duration="00:00:00.0005780" startTime="2024-01-09T15:43:56.7635895+01:00" endTime="2024-01-09T15:43:56.7635895+01:00" testType="13cdc9d9-ddb5-4fa4-a97d-d965ccfc6d4b" outcome="Passed" testListId="8c84fa94-04c1-424b-9868-57a2d4851a1d" relativeResultsDirectory="9f1bd338-1310-401b-b066-74084c0961c3" />
    <UnitTestResult executionId="30ff0b1e-c65a-4077-9af8-736794d5dcb3" testId="35a50abb-dc47-c595-8d19-14a2f7138023" testName="ExecuteReaderWithMultipleParameters" computerName="DKSR-EFI-06" duration="00:00:00.0449099" startTime="2024-01-09T15:43:08.8103470+01:00" endTime="2024-01-09T15:43:08.8572224+01:00" testType="13cdc9d9-ddb5-4fa4-a97d-d965ccfc6d4b" outcome="Passed" testListId="8c84fa94-04c1-424b-9868-57a2d4851a1d" relativeResultsDirectory="30ff0b1e-c65a-4077-9af8-736794d5dcb3" />
    <UnitTestResult executionId="713bbf31-9687-4319-8e7d-bbcc437d28b6" testId="7f168450-7beb-3ded-6f55-bc3efe431ecc" testName="BulkProcessor_Exception_In_ProcessDelegate" computerName="DKSR-EFI-06" duration="00:00:00.0592530" startTime="2024-01-09T15:43:57.8417176+01:00" endTime="2024-01-09T15:43:57.9042162+01:00" testType="13cdc9d9-ddb5-4fa4-a97d-d965ccfc6d4b" outcome="Passed" testListId="8c84fa94-04c1-424b-9868-57a2d4851a1d" relativeResultsDirectory="713bbf31-9687-4319-8e7d-bbcc437d28b6" />
    <UnitTestResult executionId="02f68fc4-6772-434e-9e05-0e03833bfd18" testId="8bf7f106-e8d8-dc46-4a35-c6b998ed2b47" testName="Constructor_String_Object_Success" computerName="DKSR-EFI-06" duration="00:00:00.0003484" startTime="2024-01-09T15:43:54.9979575+01:00" endTime="2024-01-09T15:43:54.9979575+01:00" testType="13cdc9d9-ddb5-4fa4-a97d-d965ccfc6d4b" outcome="Passed" testListId="8c84fa94-04c1-424b-9868-57a2d4851a1d" relativeResultsDirectory="02f68fc4-6772-434e-9e05-0e03833bfd18" />
    <UnitTestResult executionId="42087ab0-1ff8-446c-a55f-671c5c06c41e" testId="9a5079f6-67ed-9d1f-498a-1ac5c779f5de" testName="To_Async" computerName="DKSR-EFI-06" duration="00:00:00.1792566" startTime="2024-01-09T15:41:31.7475850+01:00" endTime="2024-01-09T15:41:31.9350850+01:00" testType="13cdc9d9-ddb5-4fa4-a97d-d965ccfc6d4b" outcome="Passed" testListId="8c84fa94-04c1-424b-9868-57a2d4851a1d" relativeResultsDirectory="42087ab0-1ff8-446c-a55f-671c5c06c41e" />
    <UnitTestResult executionId="6e4e4524-142d-482e-a29a-8cb7c455e7e2" testId="00cd8ac6-7e8f-faef-bb3f-cd1a5ea8560f" testName="KilledConnectionCanBeReEstablishedWithCorrectTransactionHandling" computerName="DKSR-EFI-06" duration="00:00:00.4105309" startTime="2024-01-09T15:43:26.4822520+01:00" endTime="2024-01-09T15:43:26.8885026+01:00" testType="13cdc9d9-ddb5-4fa4-a97d-d965ccfc6d4b" outcome="Passed" testListId="8c84fa94-04c1-424b-9868-57a2d4851a1d" relativeResultsDirectory="6e4e4524-142d-482e-a29a-8cb7c455e7e2" />
    <UnitTestResult executionId="f34b22c2-4ef8-48d9-9c13-9f804a884fdc" testId="b4e125d7-2bd3-2983-df73-e28b2a661990" testName="Constructor_ShouldThrowArgumentNullException_WhenEncryptionProviderIsNull" computerName="DKSR-EFI-06" duration="00:00:00.0071764" startTime="2024-01-09T15:42:37.3727529+01:00" endTime="2024-01-09T15:42:37.3883786+01:00" testType="13cdc9d9-ddb5-4fa4-a97d-d965ccfc6d4b" outcome="Passed" testListId="8c84fa94-04c1-424b-9868-57a2d4851a1d" relativeResultsDirectory="f34b22c2-4ef8-48d9-9c13-9f804a884fdc" />
    <UnitTestResult executionId="d4218337-cc74-4163-85cd-fab2d9d0c644" testId="1e7ea809-ba13-69e3-4461-e9c6f06053fe" testName="ExecuteScalarAsyncWithCancellationToken" computerName="DKSR-EFI-06" duration="00:00:00.0075846" startTime="2024-01-09T15:43:08.5759725+01:00" endTime="2024-01-09T15:43:08.5915962+01:00" testType="13cdc9d9-ddb5-4fa4-a97d-d965ccfc6d4b" outcome="Passed" testListId="8c84fa94-04c1-424b-9868-57a2d4851a1d" relativeResultsDirectory="d4218337-cc74-4163-85cd-fab2d9d0c644" />
    <UnitTestResult executionId="52dbb23f-0e32-4e31-9569-8b9365e687f9" testId="b642816d-4d24-8990-3894-7f013ee38898" testName="UseImportedConfigurationWithExternalBase64IV" computerName="DKSR-EFI-06" duration="00:00:00.0025298" startTime="2024-01-09T15:43:55.7167088+01:00" endTime="2024-01-09T15:43:55.7167088+01:00" testType="13cdc9d9-ddb5-4fa4-a97d-d965ccfc6d4b" outcome="Passed" testListId="8c84fa94-04c1-424b-9868-57a2d4851a1d" relativeResultsDirectory="52dbb23f-0e32-4e31-9569-8b9365e687f9" />
    <UnitTestResult executionId="43d0c1f0-2ab8-4f62-9d44-f83bea9afcf6" testId="2ab3c520-4161-54ba-03a4-f42e12a6dd3b" testName="EventLogNoFile" computerName="DKSR-EFI-06" startTime="2024-01-09T15:42:39.5915117+01:00" endTime="2024-01-09T15:42:39.5915117+01:00" testType="13cdc9d9-ddb5-4fa4-a97d-d965ccfc6d4b" outcome="NotExecuted" testListId="8c84fa94-04c1-424b-9868-57a2d4851a1d" relativeResultsDirectory="43d0c1f0-2ab8-4f62-9d44-f83bea9afcf6">
      <Output></Output>
    </UnitTestResult>
    <UnitTestResult executionId="55cb70a6-5206-4cc8-9dc4-5362e54f696f" testId="f8c8bf25-1814-de3b-561e-0b0f8c5b78f7" testName="PrettifyInlineXmlStringTest3" computerName="DKSR-EFI-06" duration="00:00:00.0031430" startTime="2024-01-09T15:41:30.4038229+01:00" endTime="2024-01-09T15:41:30.4038229+01:00" testType="13cdc9d9-ddb5-4fa4-a97d-d965ccfc6d4b" outcome="Passed" testListId="8c84fa94-04c1-424b-9868-57a2d4851a1d" relativeResultsDirectory="55cb70a6-5206-4cc8-9dc4-5362e54f696f" />
    <UnitTestResult executionId="ae0a09eb-e88f-48ca-8632-c6111b9156c9" testId="cc002690-0eab-9910-b5e7-76cca924cab4" testName="ScheduleNextRun_CalledTwice_AfterTimedDelayTriggered_Success" computerName="DKSR-EFI-06" startTime="2024-01-09T15:41:31.5913301+01:00" endTime="2024-01-09T15:41:31.5913301+01:00" testType="13cdc9d9-ddb5-4fa4-a97d-d965ccfc6d4b" outcome="NotExecuted" testListId="8c84fa94-04c1-424b-9868-57a2d4851a1d" relativeResultsDirectory="ae0a09eb-e88f-48ca-8632-c6111b9156c9">
      <Output></Output>
    </UnitTestResult>
    <UnitTestResult executionId="ca7f6164-438f-49fe-ad39-ccf73c59d287" testId="bbf0e7fd-9e9e-fd45-f5a1-b83e019cbf64" testName="KilledConnectionCannotReEstablishedWithRetryWhenTransactionIsActive" computerName="DKSR-EFI-06" duration="00:00:00.8518599" startTime="2024-01-09T15:43:50.8729379+01:00" endTime="2024-01-09T15:43:51.7323154+01:00" testType="13cdc9d9-ddb5-4fa4-a97d-d965ccfc6d4b" outcome="Passed" testListId="8c84fa94-04c1-424b-9868-57a2d4851a1d" relativeResultsDirectory="ca7f6164-438f-49fe-ad39-ccf73c59d287" />
    <UnitTestResult executionId="7b7c19a2-ed5b-40ec-81d5-88ce053ece72" testId="1553e3fc-8cd0-7459-eefd-8928c96041b4" testName="RemoveInvalidXMLChars_Text_Invalid_Chars2" computerName="DKSR-EFI-06" duration="00:00:00.0001531" startTime="2024-01-09T15:42:37.8258822+01:00" endTime="2024-01-09T15:42:37.8258822+01:00" testType="13cdc9d9-ddb5-4fa4-a97d-d965ccfc6d4b" outcome="Passed" testListId="8c84fa94-04c1-424b-9868-57a2d4851a1d" relativeResultsDirectory="7b7c19a2-ed5b-40ec-81d5-88ce053ece72" />
    <UnitTestResult executionId="14545bf3-c9c7-48ec-a24e-0863f1accb05" testId="26350551-6953-223e-76e4-b0ce05990dca" testName="RemoveInvalidXMLChars_Text_Escaped_Chars" computerName="DKSR-EFI-06" duration="00:00:00.0001255" startTime="2024-01-09T15:42:37.8415052+01:00" endTime="2024-01-09T15:42:37.8415052+01:00" testType="13cdc9d9-ddb5-4fa4-a97d-d965ccfc6d4b" outcome="Passed" testListId="8c84fa94-04c1-424b-9868-57a2d4851a1d" relativeResultsDirectory="14545bf3-c9c7-48ec-a24e-0863f1accb05" />
    <UnitTestResult executionId="cc99f951-d028-4411-a766-0da43546140a" testId="2330d4e4-e7e1-b869-3796-3179869f0ea3" testName="GetContentFromActivatedLicense_InvalidFilePattern_ThrowsNotSupportedException" computerName="DKSR-EFI-06" duration="00:00:00.0543403" startTime="2024-01-09T15:41:32.5913411+01:00" endTime="2024-01-09T15:41:32.6382158+01:00" testType="13cdc9d9-ddb5-4fa4-a97d-d965ccfc6d4b" outcome="Passed" testListId="8c84fa94-04c1-424b-9868-57a2d4851a1d" relativeResultsDirectory="cc99f951-d028-4411-a766-0da43546140a" />
    <UnitTestResult executionId="8b77ed77-f8bf-4d8f-ba75-a70f5bb6de9f" testId="4878715f-458a-49dd-3d11-419fd3e2c661" testName="IsValidBase64String_DataDrivenTest (====,False)" computerName="DKSR-EFI-06" duration="00:00:00.0000089" startTime="2024-01-09T15:41:31.2632448+01:00" endTime="2024-01-09T15:41:31.2632448+01:00" testType="13cdc9d9-ddb5-4fa4-a97d-d965ccfc6d4b" outcome="Passed" testListId="8c84fa94-04c1-424b-9868-57a2d4851a1d" relativeResultsDirectory="8b77ed77-f8bf-4d8f-ba75-a70f5bb6de9f" />
    <UnitTestResult executionId="6a08fd22-bf44-4bdd-9f82-5e90e25afce3" testId="058f954d-ce2c-c21f-f1fe-51ab343cb27e" testName="EnforceUrlReservation_ConflictingSchemeEntriesReplacedTest" computerName="DKSR-EFI-06" duration="00:00:00.0041429" startTime="2024-01-09T15:41:30.9194536+01:00" endTime="2024-01-09T15:41:30.9350770+01:00" testType="13cdc9d9-ddb5-4fa4-a97d-d965ccfc6d4b" outcome="Passed" testListId="8c84fa94-04c1-424b-9868-57a2d4851a1d" relativeResultsDirectory="6a08fd22-bf44-4bdd-9f82-5e90e25afce3" />
    <UnitTestResult executionId="bd9d35af-49ac-4196-ae2c-89f5aaabcd5d" testId="774ae8ad-b5ba-cf99-969a-205cbd2149a6" testName="AccessControlUpdater_SetFileAccessControl_AccountNameEmpty" computerName="DKSR-EFI-06" duration="00:00:00.0023408" startTime="2024-01-09T15:41:32.1850879+01:00" endTime="2024-01-09T15:41:32.2007119+01:00" testType="13cdc9d9-ddb5-4fa4-a97d-d965ccfc6d4b" outcome="Passed" testListId="8c84fa94-04c1-424b-9868-57a2d4851a1d" relativeResultsDirectory="bd9d35af-49ac-4196-ae2c-89f5aaabcd5d" />
    <UnitTestResult executionId="d3b46c63-1005-4325-837b-2d904404eeab" testId="87bcbaf6-47af-3501-8b0e-ebb19c6a84c3" testName="Dequeues_One_Message_Pre_Added" computerName="DKSR-EFI-06" duration="00:00:00.0079016" startTime="2024-01-09T15:43:57.4510903+01:00" endTime="2024-01-09T15:43:57.4667161+01:00" testType="13cdc9d9-ddb5-4fa4-a97d-d965ccfc6d4b" outcome="Passed" testListId="8c84fa94-04c1-424b-9868-57a2d4851a1d" relativeResultsDirectory="d3b46c63-1005-4325-837b-2d904404eeab" />
    <UnitTestResult executionId="6eb194ba-b043-4f07-bd4e-987d78e77c0f" testId="f6db2584-e92d-8b79-e003-09d814f47319" testName="GetSchemasByCollectionNameTest" computerName="DKSR-EFI-06" duration="00:00:00.0538823" startTime="2024-01-09T15:43:14.8416146+01:00" endTime="2024-01-09T15:43:14.8884881+01:00" testType="13cdc9d9-ddb5-4fa4-a97d-d965ccfc6d4b" outcome="Passed" testListId="8c84fa94-04c1-424b-9868-57a2d4851a1d" relativeResultsDirectory="6eb194ba-b043-4f07-bd4e-987d78e77c0f" />
    <UnitTestResult executionId="6ce3035c-9ab8-4be7-8da0-cf1d28794fb4" testId="56ce4334-a225-1470-b86a-1784fac43ca5" testName="DatabaseParametersBaseTest" computerName="DKSR-EFI-06" duration="00:00:00.1034405" startTime="2024-01-09T15:43:07.9978438+01:00" endTime="2024-01-09T15:43:08.1072204+01:00" testType="13cdc9d9-ddb5-4fa4-a97d-d965ccfc6d4b" outcome="Passed" testListId="8c84fa94-04c1-424b-9868-57a2d4851a1d" relativeResultsDirectory="6ce3035c-9ab8-4be7-8da0-cf1d28794fb4" />
    <UnitTestResult executionId="4b07a78c-316d-417e-922a-f4a4e2e281dc" testId="edfd8024-fc78-5caa-9ced-0aad8b5219b8" testName="Parse_StrongWildcard_Http_NoRelativePathTest_NoTrailingSlash" computerName="DKSR-EFI-06" duration="00:00:00.0002465" startTime="2024-01-09T15:41:30.6069503+01:00" endTime="2024-01-09T15:41:30.6069503+01:00" testType="13cdc9d9-ddb5-4fa4-a97d-d965ccfc6d4b" outcome="Passed" testListId="8c84fa94-04c1-424b-9868-57a2d4851a1d" relativeResultsDirectory="4b07a78c-316d-417e-922a-f4a4e2e281dc" />
    <UnitTestResult executionId="45dd1268-6a89-4fca-aece-c4fee6a4d29f" testId="ddbe8703-0958-b457-5a7d-b81bbfe3f85a" testName="CreateIPBoundWeakWildcard_IPv6_NoRelativePathTest" computerName="DKSR-EFI-06" duration="00:00:00.0013947" startTime="2024-01-09T15:41:30.6850758+01:00" endTime="2024-01-09T15:41:30.6850758+01:00" testType="13cdc9d9-ddb5-4fa4-a97d-d965ccfc6d4b" outcome="Passed" testListId="8c84fa94-04c1-424b-9868-57a2d4851a1d" relativeResultsDirectory="45dd1268-6a89-4fca-aece-c4fee6a4d29f" />
    <UnitTestResult executionId="a0e8ed3d-ae10-4b3d-ac84-e5111164de97" testId="f4d8404a-1301-51ea-ea5c-4634b036234d" testName="DatabaseConnectionInfoConfigurator_Write" computerName="DKSR-EFI-06" duration="00:00:00.0123001" startTime="2024-01-09T15:43:12.4509823+01:00" endTime="2024-01-09T15:43:12.4666098+01:00" testType="13cdc9d9-ddb5-4fa4-a97d-d965ccfc6d4b" outcome="Passed" testListId="8c84fa94-04c1-424b-9868-57a2d4851a1d" relativeResultsDirectory="a0e8ed3d-ae10-4b3d-ac84-e5111164de97" />
    <UnitTestResult executionId="cd992f11-9d9f-491a-a12c-33a487b1c3d4" testId="ab4137bd-77f5-7d0c-b890-770e92c5e540" testName="IsUpdateNeeded_Success" computerName="DKSR-EFI-06" duration="00:00:00.0034145" startTime="2024-01-09T15:41:30.4038229+01:00" endTime="2024-01-09T15:41:30.4194485+01:00" testType="13cdc9d9-ddb5-4fa4-a97d-d965ccfc6d4b" outcome="Passed" testListId="8c84fa94-04c1-424b-9868-57a2d4851a1d" relativeResultsDirectory="cd992f11-9d9f-491a-a12c-33a487b1c3d4" />
    <UnitTestResult executionId="9b556c10-2b1e-40f6-8e27-41019784b875" testId="51995322-8c00-f766-f088-c76b56aca7e2" testName="DecryptAfterEncrypt_ShouldReturnSameStringAsInput" computerName="DKSR-EFI-06" duration="00:00:00.0035403" startTime="2024-01-09T15:43:55.3260839+01:00" endTime="2024-01-09T15:43:55.3260839+01:00" testType="13cdc9d9-ddb5-4fa4-a97d-d965ccfc6d4b" outcome="Passed" testListId="8c84fa94-04c1-424b-9868-57a2d4851a1d" relativeResultsDirectory="9b556c10-2b1e-40f6-8e27-41019784b875" />
    <UnitTestResult executionId="96944d2a-6d6a-4fd0-b52b-7ee2523ce50c" testId="370b9bf2-7ddb-6ea3-d185-d814bfc92e58" testName="Construct_RetrievesInvalidConfigurationFromReader_InvalidFormat_Throws_InvalidConnectionStringException" computerName="DKSR-EFI-06" duration="00:00:00.0029902" startTime="2024-01-09T15:43:55.1073355+01:00" endTime="2024-01-09T15:43:55.1229592+01:00" testType="13cdc9d9-ddb5-4fa4-a97d-d965ccfc6d4b" outcome="Passed" testListId="8c84fa94-04c1-424b-9868-57a2d4851a1d" relativeResultsDirectory="96944d2a-6d6a-4fd0-b52b-7ee2523ce50c" />
    <UnitTestResult executionId="3e292cfa-e1fe-48f0-bcb3-af541e54d256" testId="c5cdcf4b-343d-7523-c4d6-145aa870108c" testName="CheckSignatureWithChangedData" computerName="DKSR-EFI-06" duration="00:00:00.0017134" startTime="2024-01-09T15:43:57.3729647+01:00" endTime="2024-01-09T15:43:57.3729647+01:00" testType="13cdc9d9-ddb5-4fa4-a97d-d965ccfc6d4b" outcome="Passed" testListId="8c84fa94-04c1-424b-9868-57a2d4851a1d" relativeResultsDirectory="3e292cfa-e1fe-48f0-bcb3-af541e54d256" />
    <UnitTestResult executionId="203b7432-4eb6-4d02-9e70-97749cd79262" testId="de96ddf0-d444-ee1c-2268-ec15a6f73012" testName="SimpleDebugLevel" computerName="DKSR-EFI-06" duration="00:00:00.0016444" startTime="2024-01-09T15:43:06.2634659+01:00" endTime="2024-01-09T15:43:06.2634659+01:00" testType="13cdc9d9-ddb5-4fa4-a97d-d965ccfc6d4b" outcome="Passed" testListId="8c84fa94-04c1-424b-9868-57a2d4851a1d" relativeResultsDirectory="203b7432-4eb6-4d02-9e70-97749cd79262">
      <Output>
        <StdOut>Reading config from file: D:\actions-runner\_work\XPCO\XPCO\Common\VideoOS.Utilities\VideoOS.Utilities.UnitTests\bin\Debug\net472\VideoOS.Utilities.UnitTests.dll.config</StdOut>
      </Output>
    </UnitTestResult>
    <UnitTestResult executionId="e50922f1-5a14-42b2-a976-0b894310d355" testId="b4febf0c-e78e-506a-21fa-fc3ca5cd1abc" testName="HashingUtilities_CreateHashString_ArgumentNull" computerName="DKSR-EFI-06" duration="00:00:00.0006083" startTime="2024-01-09T15:43:55.2323311+01:00" endTime="2024-01-09T15:43:55.2323311+01:00" testType="13cdc9d9-ddb5-4fa4-a97d-d965ccfc6d4b" outcome="Passed" testListId="8c84fa94-04c1-424b-9868-57a2d4851a1d" relativeResultsDirectory="e50922f1-5a14-42b2-a976-0b894310d355" />
    <UnitTestResult executionId="9d03c007-2d32-49b6-bc5c-3a57e4bca936" testId="59fd16aa-fcf0-7b06-e458-4da33c7a4c9d" testName="RemoveInvalidXMLChars_Null_EmptyResult" computerName="DKSR-EFI-06" duration="00:00:00.0012409" startTime="2024-01-09T15:42:37.7946329+01:00" endTime="2024-01-09T15:42:37.7946329+01:00" testType="13cdc9d9-ddb5-4fa4-a97d-d965ccfc6d4b" outcome="Passed" testListId="8c84fa94-04c1-424b-9868-57a2d4851a1d" relativeResultsDirectory="9d03c007-2d32-49b6-bc5c-3a57e4bca936" />
    <UnitTestResult executionId="fa38b91b-dd2d-416e-a9c8-1b4234788b65" testId="b704fdb0-c7bb-1693-71ff-6ae0dd6bc4d2" testName="ConstructDatabaseConnectionInfo_With_ApplicationName" computerName="DKSR-EFI-06" duration="00:00:00.0002583" startTime="2024-01-09T15:43:12.5291078+01:00" endTime="2024-01-09T15:43:12.5291078+01:00" testType="13cdc9d9-ddb5-4fa4-a97d-d965ccfc6d4b" outcome="Passed" testListId="8c84fa94-04c1-424b-9868-57a2d4851a1d" relativeResultsDirectory="fa38b91b-dd2d-416e-a9c8-1b4234788b65" />
    <UnitTestResult executionId="e615ad2e-08f6-4896-b025-25e2108060f0" testId="d6a5b564-6853-d350-20e1-f686b037eba7" testName="CreateExplicit_NoRelativePathTest" computerName="DKSR-EFI-06" duration="00:00:00.0005400" startTime="2024-01-09T15:41:30.7006994+01:00" endTime="2024-01-09T15:41:30.7006994+01:00" testType="13cdc9d9-ddb5-4fa4-a97d-d965ccfc6d4b" outcome="Passed" testListId="8c84fa94-04c1-424b-9868-57a2d4851a1d" relativeResultsDirectory="e615ad2e-08f6-4896-b025-25e2108060f0" />
    <UnitTestResult executionId="dc09a5f1-e7c4-447b-a6e0-0f2350707b5a" testId="b9cd51bc-b558-b299-0098-91b9fedbee77" testName="CommandTimeout_DefaultTimeout_LongerSqlExecution_ShouldThrow" computerName="DKSR-EFI-06" duration="00:00:02.0908281" startTime="2024-01-09T15:43:10.2634789+01:00" endTime="2024-01-09T15:43:12.3572780+01:00" testType="13cdc9d9-ddb5-4fa4-a97d-d965ccfc6d4b" outcome="Passed" testListId="8c84fa94-04c1-424b-9868-57a2d4851a1d" relativeResultsDirectory="dc09a5f1-e7c4-447b-a6e0-0f2350707b5a" />
    <UnitTestResult executionId="e7eceea9-016f-41e2-8196-309588d28ada" testId="26b1b776-9f67-2484-a7a6-868cf6e041be" testName="InvalidPathToSecureFolderResultsInException" computerName="DKSR-EFI-06" duration="00:00:00.0024060" startTime="2024-01-09T15:41:32.3257124+01:00" endTime="2024-01-09T15:41:32.3257124+01:00" testType="13cdc9d9-ddb5-4fa4-a97d-d965ccfc6d4b" outcome="Passed" testListId="8c84fa94-04c1-424b-9868-57a2d4851a1d" relativeResultsDirectory="e7eceea9-016f-41e2-8196-309588d28ada" />
  </Results>
  <TestDefinitions>
    <UnitTest name="EncryptionFactory_Throws_OnCreateAsymmetricForLicense_WithKeysNullAndBlobNotNull" storage="d:\actions-runner\_work\xpco\xpco\common\videoos.utilities\videoos.utilities.unittests\bin\debug\net472\videoos.utilities.unittests.dll" id="3c8c1315-9de6-614f-2337-929c996bc646">
      <Execution id="f26f04b6-04be-4e65-bf0b-f8374140f9de" />
      <TestMethod codeBase="D:\actions-runner\_work\XPCO\XPCO\Common\VideoOS.Utilities\VideoOS.Utilities.UnitTests\bin\Debug\net472\VideoOS.Utilities.UnitTests.dll" adapterTypeName="executor://mstestadapter/v2" className="VideoOS.Utilities.UnitTests.Cryptography.RsaCngAsymmetricEncryptionTests" name="EncryptionFactory_Throws_OnCreateAsymmetricForLicense_WithKeysNullAndBlobNotNull" />
    </UnitTest>
    <UnitTest name="ExecuteRetryableCanBeCancelled" storage="d:\actions-runner\_work\xpco\xpco\common\videoos.utilities\videoos.utilities.unittests\bin\debug\net472\videoos.utilities.unittests.dll" id="6cfd09a2-8ecf-3edd-9765-ba0cb070affa">
      <TestCategory>
        <TestCategoryItem TestCategory="DatabaseConnection" />
      </TestCategory>
      <Execution id="1b4fd07d-948b-4122-b270-8e709a4538dd" />
      <TestMethod codeBase="D:\actions-runner\_work\XPCO\XPCO\Common\VideoOS.Utilities\VideoOS.Utilities.UnitTests\bin\Debug\net472\VideoOS.Utilities.UnitTests.dll" adapterTypeName="executor://mstestadapter/v2" className="VideoOS.Utilities.UnitTests.Database.DatabaseConnectionTests" name="ExecuteRetryableCanBeCancelled" />
    </UnitTest>
    <UnitTest name="PasswordThreeRequirements" storage="d:\actions-runner\_work\xpco\xpco\common\videoos.utilities\videoos.utilities.unittests\bin\debug\net472\videoos.utilities.unittests.dll" id="3ba2e8f2-1068-c6f9-ce46-a2273ba91610">
      <Execution id="f569b6cc-4b05-4582-a036-4197c24523cf" />
      <TestMethod codeBase="D:\actions-runner\_work\XPCO\XPCO\Common\VideoOS.Utilities\VideoOS.Utilities.UnitTests\bin\Debug\net472\VideoOS.Utilities.UnitTests.dll" adapterTypeName="executor://mstestadapter/v2" className="VideoOS.Common.EnvironmentServices.UnitTests.Security.PasswordTests" name="PasswordThreeRequirements" />
    </UnitTest>
    <UnitTest name="SimpleInfoLevel" storage="d:\actions-runner\_work\xpco\xpco\common\videoos.utilities\videoos.utilities.unittests\bin\debug\net472\videoos.utilities.unittests.dll" id="dea06a7e-7ad6-8964-e101-42d6ae50a61f">
      <Execution id="e7f2479b-9d90-4465-8e0b-5bad5a1bae8d" />
      <TestMethod codeBase="D:\actions-runner\_work\XPCO\XPCO\Common\VideoOS.Utilities\VideoOS.Utilities.UnitTests\bin\Debug\net472\VideoOS.Utilities.UnitTests.dll" adapterTypeName="executor://mstestadapter/v2" className="VideoOS.Utilities.UnitTests.Diagnostics.Levels" name="SimpleInfoLevel" />
    </UnitTest>
    <UnitTest name="EventServerSqlConnectionStorage_RetrieveConnectionString_32_Success" storage="d:\actions-runner\_work\xpco\xpco\common\videoos.utilities\videoos.utilities.unittests\bin\debug\net472\videoos.utilities.unittests.dll" id="f9896d02-1512-0bc3-3b97-972541c5aed1">
      <TestCategory>
        <TestCategoryItem TestCategory="Database" />
      </TestCategory>
      <Execution id="f513f518-de27-4fda-a392-e0bd45bba2f6" />
      <TestMethod codeBase="D:\actions-runner\_work\XPCO\XPCO\Common\VideoOS.Utilities\VideoOS.Utilities.UnitTests\bin\Debug\net472\VideoOS.Utilities.UnitTests.dll" adapterTypeName="executor://mstestadapter/v2" className="VideoOS.Utilities.UnitTests.Database.EventServerSqlConnectionStorageTests" name="EventServerSqlConnectionStorage_RetrieveConnectionString_32_Success" />
    </UnitTest>
    <UnitTest name="SimpleWarningLevel" storage="d:\actions-runner\_work\xpco\xpco\common\videoos.utilities\videoos.utilities.unittests\bin\debug\net472\videoos.utilities.unittests.dll" id="a5bff13c-597c-eaf5-9a03-5b17d5688856">
      <Execution id="a6e3ad62-cd01-4b2f-a2b4-d3502267e9c1" />
      <TestMethod codeBase="D:\actions-runner\_work\XPCO\XPCO\Common\VideoOS.Utilities\VideoOS.Utilities.UnitTests\bin\Debug\net472\VideoOS.Utilities.UnitTests.dll" adapterTypeName="executor://mstestadapter/v2" className="VideoOS.Utilities.UnitTests.Diagnostics.Levels" name="SimpleWarningLevel" />
    </UnitTest>
    <UnitTest name="Parse_StrongWildcard_Https_NoRelativePathTest" storage="d:\actions-runner\_work\xpco\xpco\common\videoos.utilities\videoos.utilities.unittests\bin\debug\net472\videoos.utilities.unittests.dll" id="1d1d1b7c-0ecd-b276-388a-9342bac3302f">
      <Execution id="b7ad8ea8-0ed0-4431-ac41-8fdba9d61821" />
      <TestMethod codeBase="D:\actions-runner\_work\XPCO\XPCO\Common\VideoOS.Utilities\VideoOS.Utilities.UnitTests\bin\Debug\net472\VideoOS.Utilities.UnitTests.dll" adapterTypeName="executor://mstestadapter/v2" className="VideoOS.Utilities.UnitTests.Windows.UrlPrefixTest" name="Parse_StrongWildcard_Https_NoRelativePathTest" />
    </UnitTest>
    <UnitTest name="Given_TooShortPassword_When_Validating_AProperErrorMessageIsReturned" storage="d:\actions-runner\_work\xpco\xpco\common\videoos.utilities\videoos.utilities.unittests\bin\debug\net472\videoos.utilities.unittests.dll" id="17e8d08f-f1d5-876f-3d0c-916dddf52252">
      <Execution id="d6a3d646-7098-4a7b-8fba-146811ddcdee" />
      <TestMethod codeBase="D:\actions-runner\_work\XPCO\XPCO\Common\VideoOS.Utilities\VideoOS.Utilities.UnitTests\bin\Debug\net472\VideoOS.Utilities.UnitTests.dll" adapterTypeName="executor://mstestadapter/v2" className="VideoOS.Common.EnvironmentServices.UnitTests.Security.PasswordValidatorTest" name="Given_TooShortPassword_When_Validating_AProperErrorMessageIsReturned" />
    </UnitTest>
    <UnitTest name="DisposeConnectionWithActiveDbTransaction_Fail" storage="d:\actions-runner\_work\xpco\xpco\common\videoos.utilities\videoos.utilities.unittests\bin\debug\net472\videoos.utilities.unittests.dll" id="0439a172-009c-f501-9d08-38e22fac348b">
      <TestCategory>
        <TestCategoryItem TestCategory="DatabaseConnection" />
      </TestCategory>
      <Execution id="12371a9e-b004-4562-b1ce-2472ffda5abb" />
      <TestMethod codeBase="D:\actions-runner\_work\XPCO\XPCO\Common\VideoOS.Utilities\VideoOS.Utilities.UnitTests\bin\Debug\net472\VideoOS.Utilities.UnitTests.dll" adapterTypeName="executor://mstestadapter/v2" className="VideoOS.Utilities.UnitTests.Database.DatabaseConnectionTests" name="DisposeConnectionWithActiveDbTransaction_Fail" />
    </UnitTest>
    <UnitTest name="FormatByteSizeStringExactTest11" storage="d:\actions-runner\_work\xpco\xpco\common\videoos.utilities\videoos.utilities.unittests\bin\debug\net472\videoos.utilities.unittests.dll" id="a0962efd-6872-4f01-46ab-3c59d3295f77">
      <Execution id="d0ae505d-76c3-4859-a02f-19e1c3c330dd" />
      <TestMethod codeBase="D:\actions-runner\_work\XPCO\XPCO\Common\VideoOS.Utilities\VideoOS.Utilities.UnitTests\bin\Debug\net472\VideoOS.Utilities.UnitTests.dll" adapterTypeName="executor://mstestadapter/v2" className="VideoOS.Utilities.UnitTests.StringFormattingTest" name="FormatByteSizeStringExactTest11" />
    </UnitTest>
    <UnitTest name="DeletePassword_CorrectlyThrowsSecurityException_WhenPermissionsError" storage="d:\actions-runner\_work\xpco\xpco\common\videoos.utilities\videoos.utilities.unittests\bin\debug\net472\videoos.utilities.unittests.dll" id="279c7b2c-62d7-e632-1d8c-7c130e62a06d">
      <Execution id="db5e4f2b-4952-46af-b074-207bdfb7f368" />
      <TestMethod codeBase="D:\actions-runner\_work\XPCO\XPCO\Common\VideoOS.Utilities\VideoOS.Utilities.UnitTests\bin\Debug\net472\VideoOS.Utilities.UnitTests.dll" adapterTypeName="executor://mstestadapter/v2" className="VideoOS.Utilities.UnitTests.KeyManagement.FilePasswordProviderTests" name="DeletePassword_CorrectlyThrowsSecurityException_WhenPermissionsError" />
    </UnitTest>
    <UnitTest name="Constructor_UrlAclInfo_EmptySddl" storage="d:\actions-runner\_work\xpco\xpco\common\videoos.utilities\videoos.utilities.unittests\bin\debug\net472\videoos.utilities.unittests.dll" id="a69049fb-ce00-7e8c-85a0-3f418c7255b4">
      <Execution id="97201cd3-b794-4a27-a76d-3a820d7c78dd" />
      <TestMethod codeBase="D:\actions-runner\_work\XPCO\XPCO\Common\VideoOS.Utilities\VideoOS.Utilities.UnitTests\bin\Debug\net472\VideoOS.Utilities.UnitTests.dll" adapterTypeName="executor://mstestadapter/v2" className="VideoOS.Utilities.UnitTests.Windows.Http.UrlReservationInfoCollectionWrapperTest" name="Constructor_UrlAclInfo_EmptySddl" />
    </UnitTest>
    <UnitTest name="Construct_RetrievesInvalidConfigurationFromReader_InvalidKey_Throws_InvalidConnectionStringException" storage="d:\actions-runner\_work\xpco\xpco\common\videoos.utilities\videoos.utilities.unittests\bin\debug\net472\videoos.utilities.unittests.dll" id="81ca4b52-9931-0e35-0109-da24b8554b96">
      <TestCategory>
        <TestCategoryItem TestCategory="Database" />
      </TestCategory>
      <Execution id="f646553e-d1e4-47d5-9588-51a9155f5ae0" />
      <TestMethod codeBase="D:\actions-runner\_work\XPCO\XPCO\Common\VideoOS.Utilities\VideoOS.Utilities.UnitTests\bin\Debug\net472\VideoOS.Utilities.UnitTests.dll" adapterTypeName="executor://mstestadapter/v2" className="VideoOS.Utilities.UnitTests.Database.SqlConnectionManagerTests" name="Construct_RetrievesInvalidConfigurationFromReader_InvalidKey_Throws_InvalidConnectionStringException" />
    </UnitTest>
    <UnitTest name="EnforceSslConfiguration_Parameter_NullTest" storage="d:\actions-runner\_work\xpco\xpco\common\videoos.utilities\videoos.utilities.unittests\bin\debug\net472\videoos.utilities.unittests.dll" id="a40b1912-becf-686c-2a4b-92647ed0b367">
      <Execution id="5a506c37-64cb-452e-a1ce-55bb37b4a8b4" />
      <TestMethod codeBase="D:\actions-runner\_work\XPCO\XPCO\Common\VideoOS.Utilities\VideoOS.Utilities.UnitTests\bin\Debug\net472\VideoOS.Utilities.UnitTests.dll" adapterTypeName="executor://mstestadapter/v2" className="VideoOS.Utilities.UnitTests.Windows.Http.HttpSysConfigTest" name="EnforceSslConfiguration_Parameter_NullTest" />
    </UnitTest>
    <UnitTest name="ShowHelp_OfflineWorkflowWithLocale__DisplayHtmlHelp_InvokedWithValidUrl" storage="d:\actions-runner\_work\xpco\xpco\common\videoos.utilities\videoos.utilities.unittests\bin\debug\net472\videoos.utilities.unittests.dll" id="dbba8f0a-23a9-a8ac-2de8-9f04dc869da2">
      <TestCategory>
        <TestCategoryItem TestCategory="Help" />
      </TestCategory>
      <Execution id="c9884cea-3181-4d6d-a29d-4758fc3bdf99" />
      <TestMethod codeBase="D:\actions-runner\_work\XPCO\XPCO\Common\VideoOS.Utilities\VideoOS.Utilities.UnitTests\bin\Debug\net472\VideoOS.Utilities.UnitTests.dll" adapterTypeName="executor://mstestadapter/v2" className="VideoOS.Utilities.UnitTests.Help.HelpManagerTests" name="ShowHelp_OfflineWorkflowWithLocale__DisplayHtmlHelp_InvokedWithValidUrl" />
    </UnitTest>
    <UnitTest name="Given_TwoEmptyPasswords_When_Validating_AProperErrorMessageIsReturned" storage="d:\actions-runner\_work\xpco\xpco\common\videoos.utilities\videoos.utilities.unittests\bin\debug\net472\videoos.utilities.unittests.dll" id="e8666d10-f6c2-324b-6b0e-e4b2d17eec15">
      <Execution id="3c57e7db-6268-4ade-bcff-d48c3b2c6b2c" />
      <TestMethod codeBase="D:\actions-runner\_work\XPCO\XPCO\Common\VideoOS.Utilities\VideoOS.Utilities.UnitTests\bin\Debug\net472\VideoOS.Utilities.UnitTests.dll" adapterTypeName="executor://mstestadapter/v2" className="VideoOS.Common.EnvironmentServices.UnitTests.Security.PasswordValidatorTest" name="Given_TwoEmptyPasswords_When_Validating_AProperErrorMessageIsReturned" />
    </UnitTest>
    <UnitTest name="FormatByteSizeStringExactULTest2" storage="d:\actions-runner\_work\xpco\xpco\common\videoos.utilities\videoos.utilities.unittests\bin\debug\net472\videoos.utilities.unittests.dll" id="790ef27a-76ad-2546-a1a6-a0647af5948c">
      <Execution id="72c98c83-7e81-4713-ba5d-242f2acf437f" />
      <TestMethod codeBase="D:\actions-runner\_work\XPCO\XPCO\Common\VideoOS.Utilities\VideoOS.Utilities.UnitTests\bin\Debug\net472\VideoOS.Utilities.UnitTests.dll" adapterTypeName="executor://mstestadapter/v2" className="VideoOS.Utilities.UnitTests.StringFormattingTest" name="FormatByteSizeStringExactULTest2" />
    </UnitTest>
    <UnitTest name="ExecuteScalarInt" storage="d:\actions-runner\_work\xpco\xpco\common\videoos.utilities\videoos.utilities.unittests\bin\debug\net472\videoos.utilities.unittests.dll" id="1d83290f-e3ba-c1a3-2d15-65b4e9354ab0">
      <TestCategory>
        <TestCategoryItem TestCategory="DatabaseCommand" />
      </TestCategory>
      <Execution id="c2ce8655-f677-45a1-aa20-438d9450923d" />
      <TestMethod codeBase="D:\actions-runner\_work\XPCO\XPCO\Common\VideoOS.Utilities\VideoOS.Utilities.UnitTests\bin\Debug\net472\VideoOS.Utilities.UnitTests.dll" adapterTypeName="executor://mstestadapter/v2" className="VideoOS.Utilities.UnitTests.Database.DatabaseCommandTest" name="ExecuteScalarInt" />
    </UnitTest>
    <UnitTest name="HSL_InvalidL_ThrowsArgumentException" storage="d:\actions-runner\_work\xpco\xpco\common\videoos.utilities\videoos.utilities.unittests\bin\debug\net472\videoos.utilities.unittests.dll" id="536f21ea-d825-9860-2d73-c30093160a11">
      <Execution id="b00cebd3-9058-4122-8902-5ad2aeabebdc" />
      <TestMethod codeBase="D:\actions-runner\_work\XPCO\XPCO\Common\VideoOS.Utilities\VideoOS.Utilities.UnitTests\bin\Debug\net472\VideoOS.Utilities.UnitTests.dll" adapterTypeName="executor://mstestadapter/v2" className="VideoOS.Utilities.UnitTests.Colors.ColorConverterTests" name="HSL_InvalidL_ThrowsArgumentException" />
    </UnitTest>
    <UnitTest name="Construction_InvalidNullPadding_ThrowsArgumentNullException" storage="d:\actions-runner\_work\xpco\xpco\common\videoos.utilities\videoos.utilities.unittests\bin\debug\net472\videoos.utilities.unittests.dll" id="63e562ae-5691-7735-0766-c0813c6dda7c">
      <Execution id="be49f01a-4fc8-4fab-aa3a-3e52c766d751" />
      <TestMethod codeBase="D:\actions-runner\_work\XPCO\XPCO\Common\VideoOS.Utilities\VideoOS.Utilities.UnitTests\bin\Debug\net472\VideoOS.Utilities.UnitTests.dll" adapterTypeName="executor://mstestadapter/v2" className="VideoOS.Utilities.UnitTests.Cryptography.RsaCngAsymmetricEncryptionTests" name="Construction_InvalidNullPadding_ThrowsArgumentNullException" />
    </UnitTest>
    <UnitTest name="GetServerName_Success" storage="d:\actions-runner\_work\xpco\xpco\common\videoos.utilities\videoos.utilities.unittests\bin\debug\net472\videoos.utilities.unittests.dll" id="5c0a09c0-9baa-c1c5-77a2-5d4bd6f2283d">
      <TestCategory>
        <TestCategoryItem TestCategory="Database" />
      </TestCategory>
      <Execution id="2c979425-3570-4871-87bb-5357d2dd7a97" />
      <TestMethod codeBase="D:\actions-runner\_work\XPCO\XPCO\Common\VideoOS.Utilities\VideoOS.Utilities.UnitTests\bin\Debug\net472\VideoOS.Utilities.UnitTests.dll" adapterTypeName="executor://mstestadapter/v2" className="VideoOS.Utilities.UnitTests.Database.SqlConnectionManagerTests" name="GetServerName_Success" />
    </UnitTest>
    <UnitTest name="Constructor_ShouldThrowArgumentNullException_WhenPasswordProviderIsNull" storage="d:\actions-runner\_work\xpco\xpco\common\videoos.utilities\videoos.utilities.unittests\bin\debug\net472\videoos.utilities.unittests.dll" id="8f187ae8-0766-75f6-92c8-4065ce3ca9e1">
      <Execution id="19dbb5a3-739d-4750-8a66-c3fed6360531" />
      <TestMethod codeBase="D:\actions-runner\_work\XPCO\XPCO\Common\VideoOS.Utilities\VideoOS.Utilities.UnitTests\bin\Debug\net472\VideoOS.Utilities.UnitTests.dll" adapterTypeName="executor://mstestadapter/v2" className="VideoOS.Utilities.UnitTests.KeyManagement.KeyManagerTests" name="Constructor_ShouldThrowArgumentNullException_WhenPasswordProviderIsNull" />
    </UnitTest>
    <UnitTest name="GetValue_AlwaysGetsNewestValue_WhenCustomComparerReturnsNoDifference" storage="d:\actions-runner\_work\xpco\xpco\common\videoos.utilities\videoos.utilities.unittests\bin\debug\net472\videoos.utilities.unittests.dll" id="c552fac3-4ea7-3779-fb95-3ba1158677c6">
      <TestCategory>
        <TestCategoryItem TestCategory="UI.Facilitators" />
      </TestCategory>
      <Execution id="2257f5bf-c3c7-4c13-8250-9c5d5696acd4" />
      <TestMethod codeBase="D:\actions-runner\_work\XPCO\XPCO\Common\VideoOS.Utilities\VideoOS.Utilities.UnitTests\bin\Debug\net472\VideoOS.Utilities.UnitTests.dll" adapterTypeName="executor://mstestadapter/v2" className="VideoOS.Utilities.UnitTests.Workflow.CompareItemsUpdateStrategyTests" name="GetValue_AlwaysGetsNewestValue_WhenCustomComparerReturnsNoDifference" />
    </UnitTest>
    <UnitTest name="Constructor_UrlAclInfo_NullPrefix" storage="d:\actions-runner\_work\xpco\xpco\common\videoos.utilities\videoos.utilities.unittests\bin\debug\net472\videoos.utilities.unittests.dll" id="393d81cc-45e8-faf1-67a6-0c691df5ec41">
      <Execution id="4eee0865-f842-4d14-a568-b2272ad58507" />
      <TestMethod codeBase="D:\actions-runner\_work\XPCO\XPCO\Common\VideoOS.Utilities\VideoOS.Utilities.UnitTests\bin\Debug\net472\VideoOS.Utilities.UnitTests.dll" adapterTypeName="executor://mstestadapter/v2" className="VideoOS.Utilities.UnitTests.Windows.Http.UrlReservationInfoCollectionWrapperTest" name="Constructor_UrlAclInfo_NullPrefix" />
    </UnitTest>
    <UnitTest name="Constructor_ShouldThrow_WhenSqlConnectionManagerIsNull" storage="d:\actions-runner\_work\xpco\xpco\common\videoos.utilities\videoos.utilities.unittests\bin\debug\net472\videoos.utilities.unittests.dll" id="09d2e431-e77b-6b41-b7c7-c5b16d69b902">
      <Execution id="e57a84fc-ca87-45e4-ba1d-56cc9745617a" />
      <TestMethod codeBase="D:\actions-runner\_work\XPCO\XPCO\Common\VideoOS.Utilities\VideoOS.Utilities.UnitTests\bin\Debug\net472\VideoOS.Utilities.UnitTests.dll" adapterTypeName="executor://mstestadapter/v2" className="VideoOS.Utilities.UnitTests.KeyManagement.DatabaseKeyProviderTests" name="Constructor_ShouldThrow_WhenSqlConnectionManagerIsNull" />
    </UnitTest>
    <UnitTest name="SecureFolderWithUserAccountAccessGetsCreatedCorrectly" storage="d:\actions-runner\_work\xpco\xpco\common\videoos.utilities\videoos.utilities.unittests\bin\debug\net472\videoos.utilities.unittests.dll" id="bb95d783-f940-56c6-a483-cd099fc0b5c1">
      <Execution id="60ea114a-67b8-42c1-8616-adca7c06e238" />
      <TestMethod codeBase="D:\actions-runner\_work\XPCO\XPCO\Common\VideoOS.Utilities\VideoOS.Utilities.UnitTests\bin\Debug\net472\VideoOS.Utilities.UnitTests.dll" adapterTypeName="executor://mstestadapter/v2" className="VideoOS.Utilities.UnitTests.Security.SecureFolderTests" name="SecureFolderWithUserAccountAccessGetsCreatedCorrectly" />
    </UnitTest>
    <UnitTest name="DecryptEncryptKey_ShouldWorkWithRoundtrip" storage="d:\actions-runner\_work\xpco\xpco\common\videoos.utilities\videoos.utilities.unittests\bin\debug\net472\videoos.utilities.unittests.dll" id="aa220007-2bbf-bd15-3df9-80fcb2d4d50d">
      <Execution id="6eeac130-ac60-47a9-b86b-5f8f45283885" />
      <TestMethod codeBase="D:\actions-runner\_work\XPCO\XPCO\Common\VideoOS.Utilities\VideoOS.Utilities.UnitTests\bin\Debug\net472\VideoOS.Utilities.UnitTests.dll" adapterTypeName="executor://mstestadapter/v2" className="VideoOS.Utilities.UnitTests.KeyManagement.EncryptionProviderTests" name="DecryptEncryptKey_ShouldWorkWithRoundtrip" />
    </UnitTest>
    <UnitTest name="GetContentFromActivatedLicense_InvalidContentType_ThrowsNotSupportedException" storage="d:\actions-runner\_work\xpco\xpco\common\videoos.utilities\videoos.utilities.unittests\bin\debug\net472\videoos.utilities.unittests.dll" id="a0220a6b-65c5-ac84-e13e-0ee3877b281a">
      <Execution id="ba0c17da-ef83-4139-bb26-6d936a101160" />
      <TestMethod codeBase="D:\actions-runner\_work\XPCO\XPCO\Common\VideoOS.Utilities\VideoOS.Utilities.UnitTests\bin\Debug\net472\VideoOS.Utilities.UnitTests.dll" adapterTypeName="executor://mstestadapter/v2" className="VideoOS.Utilities.UnitTests.Licensing.LicenseFileHelperTests" name="GetContentFromActivatedLicense_InvalidContentType_ThrowsNotSupportedException" />
    </UnitTest>
    <UnitTest name="Construction_CreateInstanceFromCngKey_InformationIsTheSame_Success" storage="d:\actions-runner\_work\xpco\xpco\common\videoos.utilities\videoos.utilities.unittests\bin\debug\net472\videoos.utilities.unittests.dll" id="c592003f-86a1-9459-54f2-eb8805c20ad1">
      <Execution id="05e57c30-665b-4323-8ca1-14c3956b86e3" />
      <TestMethod codeBase="D:\actions-runner\_work\XPCO\XPCO\Common\VideoOS.Utilities\VideoOS.Utilities.UnitTests\bin\Debug\net472\VideoOS.Utilities.UnitTests.dll" adapterTypeName="executor://mstestadapter/v2" className="VideoOS.Utilities.UnitTests.Cryptography.RsaCngAsymmetricEncryptionTests" name="Construction_CreateInstanceFromCngKey_InformationIsTheSame_Success" />
    </UnitTest>
    <UnitTest name="To_Async" storage="d:\actions-runner\_work\xpco\xpco\common\videoos.utilities\videoos.utilities.unittests\bin\debug\net472\videoos.utilities.unittests.dll" id="9a5079f6-67ed-9d1f-498a-1ac5c779f5de">
      <Execution id="42087ab0-1ff8-446c-a55f-671c5c06c41e" />
      <TestMethod codeBase="D:\actions-runner\_work\XPCO\XPCO\Common\VideoOS.Utilities\VideoOS.Utilities.UnitTests\bin\Debug\net472\VideoOS.Utilities.UnitTests.dll" adapterTypeName="executor://mstestadapter/v2" className="VideoOS.Utilities.UnitTests.Threading.TaskExtensionTest" name="To_Async" />
    </UnitTest>
    <UnitTest name="CreateStrongWildcard_WithRelativePathTest" storage="d:\actions-runner\_work\xpco\xpco\common\videoos.utilities\videoos.utilities.unittests\bin\debug\net472\videoos.utilities.unittests.dll" id="90586c4d-1967-aac1-3fe3-337d63ef5e5c">
      <Execution id="a36b3e4d-2a86-472d-bae6-54f060a60f65" />
      <TestMethod codeBase="D:\actions-runner\_work\XPCO\XPCO\Common\VideoOS.Utilities\VideoOS.Utilities.UnitTests\bin\Debug\net472\VideoOS.Utilities.UnitTests.dll" adapterTypeName="executor://mstestadapter/v2" className="VideoOS.Utilities.UnitTests.Windows.UrlPrefixTest" name="CreateStrongWildcard_WithRelativePathTest" />
    </UnitTest>
    <UnitTest name="ExecuteReaderWithMultipleParametersAsyncCancellationToken" storage="d:\actions-runner\_work\xpco\xpco\common\videoos.utilities\videoos.utilities.unittests\bin\debug\net472\videoos.utilities.unittests.dll" id="6a92e63a-f1a3-aa78-4994-eb75fdd05cc5">
      <TestCategory>
        <TestCategoryItem TestCategory="DatabaseCommand" />
      </TestCategory>
      <Execution id="75baa89c-717c-4a7b-8bcc-1fc4dcc80523" />
      <TestMethod codeBase="D:\actions-runner\_work\XPCO\XPCO\Common\VideoOS.Utilities\VideoOS.Utilities.UnitTests\bin\Debug\net472\VideoOS.Utilities.UnitTests.dll" adapterTypeName="executor://mstestadapter/v2" className="VideoOS.Utilities.UnitTests.Database.DatabaseCommandTest" name="ExecuteReaderWithMultipleParametersAsyncCancellationToken" />
    </UnitTest>
    <UnitTest name="GetContentFromInitialLicenseFile_WrongContentType_ThrowsException" storage="d:\actions-runner\_work\xpco\xpco\common\videoos.utilities\videoos.utilities.unittests\bin\debug\net472\videoos.utilities.unittests.dll" id="d476b362-e580-bb82-4252-c400e3ae9d2d">
      <Execution id="2402d80b-5842-4eec-a4d8-062fcedf6b51" />
      <TestMethod codeBase="D:\actions-runner\_work\XPCO\XPCO\Common\VideoOS.Utilities\VideoOS.Utilities.UnitTests\bin\Debug\net472\VideoOS.Utilities.UnitTests.dll" adapterTypeName="executor://mstestadapter/v2" className="VideoOS.Utilities.UnitTests.Licensing.LicenseFileHelperTests" name="GetContentFromInitialLicenseFile_WrongContentType_ThrowsException" />
    </UnitTest>
    <UnitTest name="DecryptAfterEncrypt_ShouldReturnSameStringAsInput_WhenUsingBase64" storage="d:\actions-runner\_work\xpco\xpco\common\videoos.utilities\videoos.utilities.unittests\bin\debug\net472\videoos.utilities.unittests.dll" id="e6168b43-db59-15ee-2867-16fe75fd5593">
      <Execution id="8d795f36-fceb-40e7-b437-7cde8f6abbb7" />
      <TestMethod codeBase="D:\actions-runner\_work\XPCO\XPCO\Common\VideoOS.Utilities\VideoOS.Utilities.UnitTests\bin\Debug\net472\VideoOS.Utilities.UnitTests.dll" adapterTypeName="executor://mstestadapter/v2" className="VideoOS.Utilities.UnitTests.Cryptography.AesSymmetricEncryptionTests" name="DecryptAfterEncrypt_ShouldReturnSameStringAsInput_WhenUsingBase64" />
    </UnitTest>
    <UnitTest name="ScheduleNextRun_CalledOnce_CancelledBeforeTimedDelayTriggered_Success" storage="d:\actions-runner\_work\xpco\xpco\common\videoos.utilities\videoos.utilities.unittests\bin\debug\net472\videoos.utilities.unittests.dll" id="6c9d2a58-7908-5e4c-5a13-c7af8613eb4d">
      <TestCategory>
        <TestCategoryItem TestCategory="VideoOS Utilities Timers" />
      </TestCategory>
      <Execution id="a33b8127-03c2-4e4d-a672-4aa00c29e52b" />
      <TestMethod codeBase="D:\actions-runner\_work\XPCO\XPCO\Common\VideoOS.Utilities\VideoOS.Utilities.UnitTests\bin\Debug\net472\VideoOS.Utilities.UnitTests.dll" adapterTypeName="executor://mstestadapter/v2" className="VideoOS.Utilities.UnitTests.Threading.BaseTimeDelayedThreadTests" name="ScheduleNextRun_CalledOnce_CancelledBeforeTimedDelayTriggered_Success" />
    </UnitTest>
    <UnitTest name="IsUpdateNeeded_CalculateAllValues_WhenForceUpdateEncountered" storage="d:\actions-runner\_work\xpco\xpco\common\videoos.utilities\videoos.utilities.unittests\bin\debug\net472\videoos.utilities.unittests.dll" id="5e52fd3b-a97f-b641-940c-114fded929a9">
      <TestCategory>
        <TestCategoryItem TestCategory="UI.Facilitators" />
      </TestCategory>
      <Execution id="c9329e02-9f71-420e-8443-d2c649587852" />
      <TestMethod codeBase="D:\actions-runner\_work\XPCO\XPCO\Common\VideoOS.Utilities\VideoOS.Utilities.UnitTests\bin\Debug\net472\VideoOS.Utilities.UnitTests.dll" adapterTypeName="executor://mstestadapter/v2" className="VideoOS.Utilities.UnitTests.Workflow.CompareItemsUpdateStrategyTests" name="IsUpdateNeeded_CalculateAllValues_WhenForceUpdateEncountered" />
    </UnitTest>
    <UnitTest name="Construct_InvalidParam_ThreadName_Null_Throws_ArgumentNullException" storage="d:\actions-runner\_work\xpco\xpco\common\videoos.utilities\videoos.utilities.unittests\bin\debug\net472\videoos.utilities.unittests.dll" id="7521487b-b800-dc37-e964-083a965c87bf">
      <TestCategory>
        <TestCategoryItem TestCategory="VideoOS Utilities Timers" />
      </TestCategory>
      <Execution id="d26a8ddf-3afa-404b-a580-2749f089284b" />
      <TestMethod codeBase="D:\actions-runner\_work\XPCO\XPCO\Common\VideoOS.Utilities\VideoOS.Utilities.UnitTests\bin\Debug\net472\VideoOS.Utilities.UnitTests.dll" adapterTypeName="executor://mstestadapter/v2" className="VideoOS.Utilities.UnitTests.Threading.BaseTimeDelayedThreadTests" name="Construct_InvalidParam_ThreadName_Null_Throws_ArgumentNullException" />
    </UnitTest>
    <UnitTest name="FormatByteSizeStringExactULTest3" storage="d:\actions-runner\_work\xpco\xpco\common\videoos.utilities\videoos.utilities.unittests\bin\debug\net472\videoos.utilities.unittests.dll" id="d5be28e1-6c3d-d460-ac2c-bc69a9e330d2">
      <Execution id="790a60fe-317b-435d-b301-783abd852698" />
      <TestMethod codeBase="D:\actions-runner\_work\XPCO\XPCO\Common\VideoOS.Utilities\VideoOS.Utilities.UnitTests\bin\Debug\net472\VideoOS.Utilities.UnitTests.dll" adapterTypeName="executor://mstestadapter/v2" className="VideoOS.Utilities.UnitTests.StringFormattingTest" name="FormatByteSizeStringExactULTest3" />
    </UnitTest>
    <UnitTest name="BulkProcessor_IsClosing_WaitForRunningTaskToComplete" storage="d:\actions-runner\_work\xpco\xpco\common\videoos.utilities\videoos.utilities.unittests\bin\debug\net472\videoos.utilities.unittests.dll" id="e8e6b714-af06-5b9d-4b5f-edc4da5e1381">
      <Execution id="1dcfcf7f-c839-410c-83eb-46e2f4a28686" />
      <TestMethod codeBase="D:\actions-runner\_work\XPCO\XPCO\Common\VideoOS.Utilities\VideoOS.Utilities.UnitTests\bin\Debug\net472\VideoOS.Utilities.UnitTests.dll" adapterTypeName="executor://mstestadapter/v2" className="VideoOS.Utilities.BulkProcessing.UnitTests.BulkProcessorUnitTest" name="BulkProcessor_IsClosing_WaitForRunningTaskToComplete" />
    </UnitTest>
    <UnitTest name="EncryptStringDataTestWrongPasswordRC2" storage="d:\actions-runner\_work\xpco\xpco\common\videoos.utilities\videoos.utilities.unittests\bin\debug\net472\videoos.utilities.unittests.dll" id="d59c2448-b80d-cac2-ba49-ef92d150d972">
      <Execution id="4e1ed232-997c-41e0-ac29-c6a3330327d7" />
      <TestMethod codeBase="D:\actions-runner\_work\XPCO\XPCO\Common\VideoOS.Utilities\VideoOS.Utilities.UnitTests\bin\Debug\net472\VideoOS.Utilities.UnitTests.dll" adapterTypeName="executor://mstestadapter/v2" className="VideoOS.Utilities.UnitTests.Cryptography.Encryption" name="EncryptStringDataTestWrongPasswordRC2" />
    </UnitTest>
    <UnitTest name="ExecuteReaderMultipleResultSets" storage="d:\actions-runner\_work\xpco\xpco\common\videoos.utilities\videoos.utilities.unittests\bin\debug\net472\videoos.utilities.unittests.dll" id="150e4aae-3f60-faf6-82f4-5e55067d0b25">
      <TestCategory>
        <TestCategoryItem TestCategory="DatabaseCommand" />
      </TestCategory>
      <Execution id="b26828e6-a9ec-479a-9d79-3c5aee333b03" />
      <TestMethod codeBase="D:\actions-runner\_work\XPCO\XPCO\Common\VideoOS.Utilities\VideoOS.Utilities.UnitTests\bin\Debug\net472\VideoOS.Utilities.UnitTests.dll" adapterTypeName="executor://mstestadapter/v2" className="VideoOS.Utilities.UnitTests.Database.DatabaseCommandTest" name="ExecuteReaderMultipleResultSets" />
    </UnitTest>
    <UnitTest name="Integration_ReadUrlAclConfigurationsTest" storage="d:\actions-runner\_work\xpco\xpco\common\videoos.utilities\videoos.utilities.unittests\bin\debug\net472\videoos.utilities.unittests.dll" id="b984f92d-a706-0efa-7529-e27732f102f9">
      <Execution id="642a43a4-0d42-4995-84b4-32d626f483d8" />
      <TestMethod codeBase="D:\actions-runner\_work\XPCO\XPCO\Common\VideoOS.Utilities\VideoOS.Utilities.UnitTests\bin\Debug\net472\VideoOS.Utilities.UnitTests.dll" adapterTypeName="executor://mstestadapter/v2" className="VideoOS.Utilities.UnitTests.Windows.Http.HttpSysConfigTest" name="Integration_ReadUrlAclConfigurationsTest" />
    </UnitTest>
    <UnitTest name="Parse_WeakWildcard_Https_WithRelativePathTest" storage="d:\actions-runner\_work\xpco\xpco\common\videoos.utilities\videoos.utilities.unittests\bin\debug\net472\videoos.utilities.unittests.dll" id="6d0e1946-60bc-70f5-178a-f1caca7a1cd4">
      <Execution id="1bac12c3-672d-4d39-b123-a43d0738f94d" />
      <TestMethod codeBase="D:\actions-runner\_work\XPCO\XPCO\Common\VideoOS.Utilities\VideoOS.Utilities.UnitTests\bin\Debug\net472\VideoOS.Utilities.UnitTests.dll" adapterTypeName="executor://mstestadapter/v2" className="VideoOS.Utilities.UnitTests.Windows.UrlPrefixTest" name="Parse_WeakWildcard_Https_WithRelativePathTest" />
    </UnitTest>
    <UnitTest name="MacAddressUtilities_CreateHashString_ArgumentException_NotHex" storage="d:\actions-runner\_work\xpco\xpco\common\videoos.utilities\videoos.utilities.unittests\bin\debug\net472\videoos.utilities.unittests.dll" id="ea331341-2f4e-7558-3dc3-a10798b3016a">
      <Execution id="2dc0bac6-b603-40ea-b1d4-b005f049c5dc" />
      <TestMethod codeBase="D:\actions-runner\_work\XPCO\XPCO\Common\VideoOS.Utilities\VideoOS.Utilities.UnitTests\bin\Debug\net472\VideoOS.Utilities.UnitTests.dll" adapterTypeName="executor://mstestadapter/v2" className="VideoOS.Utilities.UnitTests.Network.MacAddressUtilitiesTests" name="MacAddressUtilities_CreateHashString_ArgumentException_NotHex" />
    </UnitTest>
    <UnitTest name="Construct_RetrievesInvalidConfigurationFromReader_NullValue_Throws_InvalidConnectionStringException" storage="d:\actions-runner\_work\xpco\xpco\common\videoos.utilities\videoos.utilities.unittests\bin\debug\net472\videoos.utilities.unittests.dll" id="b74dea82-9668-8988-05d7-33e650060d9c">
      <TestCategory>
        <TestCategoryItem TestCategory="Database" />
      </TestCategory>
      <Execution id="eb679470-9259-4240-9713-475527c353a0" />
      <TestMethod codeBase="D:\actions-runner\_work\XPCO\XPCO\Common\VideoOS.Utilities\VideoOS.Utilities.UnitTests\bin\Debug\net472\VideoOS.Utilities.UnitTests.dll" adapterTypeName="executor://mstestadapter/v2" className="VideoOS.Utilities.UnitTests.Database.SqlConnectionManagerTests" name="Construct_RetrievesInvalidConfigurationFromReader_NullValue_Throws_InvalidConnectionStringException" />
    </UnitTest>
    <UnitTest name="RemoveInvalidXMLChars_Text_DanishLetters_NotRemoved" storage="d:\actions-runner\_work\xpco\xpco\common\videoos.utilities\videoos.utilities.unittests\bin\debug\net472\videoos.utilities.unittests.dll" id="cfb95d60-8354-a841-9f4b-0521240aa0b7">
      <Execution id="4c710063-2030-43ab-8dc5-b822c36f42c2" />
      <TestMethod codeBase="D:\actions-runner\_work\XPCO\XPCO\Common\VideoOS.Utilities\VideoOS.Utilities.UnitTests\bin\Debug\net472\VideoOS.Utilities.UnitTests.dll" adapterTypeName="executor://mstestadapter/v2" className="VideoOS.Utilities.UnitTests.Formatting.CharacterTests" name="RemoveInvalidXMLChars_Text_DanishLetters_NotRemoved" />
    </UnitTest>
    <UnitTest name="PrettifyInlineXmlStringTest4" storage="d:\actions-runner\_work\xpco\xpco\common\videoos.utilities\videoos.utilities.unittests\bin\debug\net472\videoos.utilities.unittests.dll" id="46a9610b-f156-f766-715e-a2a222591964">
      <Execution id="2732faf3-7abc-4edf-8bd7-9f9b2ed3400a" />
      <TestMethod codeBase="D:\actions-runner\_work\XPCO\XPCO\Common\VideoOS.Utilities\VideoOS.Utilities.UnitTests\bin\Debug\net472\VideoOS.Utilities.UnitTests.dll" adapterTypeName="executor://mstestadapter/v2" className="VideoOS.Utilities.UnitTests.StringFormattingTest" name="PrettifyInlineXmlStringTest4" />
    </UnitTest>
    <UnitTest name="HashingUtilities_CreateHashString_ArgumentException_TooLong" storage="d:\actions-runner\_work\xpco\xpco\common\videoos.utilities\videoos.utilities.unittests\bin\debug\net472\videoos.utilities.unittests.dll" id="31b81597-16e9-5c45-376b-ceed82dbdfa0">
      <Execution id="a9914a46-b018-4523-96b6-02c3f13b4b49" />
      <TestMethod codeBase="D:\actions-runner\_work\XPCO\XPCO\Common\VideoOS.Utilities\VideoOS.Utilities.UnitTests\bin\Debug\net472\VideoOS.Utilities.UnitTests.dll" adapterTypeName="executor://mstestadapter/v2" className="VideoOS.Utilities.UnitTests.Network.HashingUtilitiesTests" name="HashingUtilities_CreateHashString_ArgumentException_TooLong" />
    </UnitTest>
    <UnitTest name="RemoveInvalidXMLChars_Text_Invalid_Chars2" storage="d:\actions-runner\_work\xpco\xpco\common\videoos.utilities\videoos.utilities.unittests\bin\debug\net472\videoos.utilities.unittests.dll" id="1553e3fc-8cd0-7459-eefd-8928c96041b4">
      <Execution id="7b7c19a2-ed5b-40ec-81d5-88ce053ece72" />
      <TestMethod codeBase="D:\actions-runner\_work\XPCO\XPCO\Common\VideoOS.Utilities\VideoOS.Utilities.UnitTests\bin\Debug\net472\VideoOS.Utilities.UnitTests.dll" adapterTypeName="executor://mstestadapter/v2" className="VideoOS.Utilities.UnitTests.Formatting.CharacterTests" name="RemoveInvalidXMLChars_Text_Invalid_Chars2" />
    </UnitTest>
    <UnitTest name="HasPassword_ShouldThrowKeyStorageException_IfFileInUse" storage="d:\actions-runner\_work\xpco\xpco\common\videoos.utilities\videoos.utilities.unittests\bin\debug\net472\videoos.utilities.unittests.dll" id="e4b5d231-48f8-f90c-7def-70a1254e9e0c">
      <Execution id="21d066a2-6317-4629-8c59-75ce78b969f4" />
      <TestMethod codeBase="D:\actions-runner\_work\XPCO\XPCO\Common\VideoOS.Utilities\VideoOS.Utilities.UnitTests\bin\Debug\net472\VideoOS.Utilities.UnitTests.dll" adapterTypeName="executor://mstestadapter/v2" className="VideoOS.Utilities.UnitTests.KeyManagement.FilePasswordProviderTests" name="HasPassword_ShouldThrowKeyStorageException_IfFileInUse" />
    </UnitTest>
    <UnitTest name="UpdateKey_ShouldThrow_WhenKeyDoesntExist" storage="d:\actions-runner\_work\xpco\xpco\common\videoos.utilities\videoos.utilities.unittests\bin\debug\net472\videoos.utilities.unittests.dll" id="f7b59fbe-5f8c-fa0d-bda8-8b01590f7019">
      <Execution id="dadd42c4-77c0-470b-b134-a8dc6c39837c" />
      <TestMethod codeBase="D:\actions-runner\_work\XPCO\XPCO\Common\VideoOS.Utilities\VideoOS.Utilities.UnitTests\bin\Debug\net472\VideoOS.Utilities.UnitTests.dll" adapterTypeName="executor://mstestadapter/v2" className="VideoOS.Utilities.UnitTests.KeyManagement.DatabaseKeyProviderTests" name="UpdateKey_ShouldThrow_WhenKeyDoesntExist" />
    </UnitTest>
    <UnitTest name="EncryptionFactory_Throws_OnCreateAsymmetricForLicense_WithKeysEmptyAndBlobNotNull" storage="d:\actions-runner\_work\xpco\xpco\common\videoos.utilities\videoos.utilities.unittests\bin\debug\net472\videoos.utilities.unittests.dll" id="79a478af-1207-210c-868d-402e7ff157d0">
      <Execution id="1a428230-eeb6-4877-ad98-12b6e68a9420" />
      <TestMethod codeBase="D:\actions-runner\_work\XPCO\XPCO\Common\VideoOS.Utilities\VideoOS.Utilities.UnitTests\bin\Debug\net472\VideoOS.Utilities.UnitTests.dll" adapterTypeName="executor://mstestadapter/v2" className="VideoOS.Utilities.UnitTests.Cryptography.RsaCngAsymmetricEncryptionTests" name="EncryptionFactory_Throws_OnCreateAsymmetricForLicense_WithKeysEmptyAndBlobNotNull" />
    </UnitTest>
    <UnitTest name="AccessControlUpdater_SetFileAccessControl_RemoveAccessRuleReturnsFalse" storage="d:\actions-runner\_work\xpco\xpco\common\videoos.utilities\videoos.utilities.unittests\bin\debug\net472\videoos.utilities.unittests.dll" id="3f15cb76-28ca-0676-96b0-c46697fd69a3">
      <Execution id="d2ce5bec-1889-4cd8-ad2a-67fd39d371e2" />
      <TestMethod codeBase="D:\actions-runner\_work\XPCO\XPCO\Common\VideoOS.Utilities\VideoOS.Utilities.UnitTests\bin\Debug\net472\VideoOS.Utilities.UnitTests.dll" adapterTypeName="executor://mstestadapter/v2" className="VideoOS.Utilities.UnitTests.Security.AccessControlUpdaterTests" name="AccessControlUpdater_SetFileAccessControl_RemoveAccessRuleReturnsFalse" />
    </UnitTest>
    <UnitTest name="Constructor_SingleReservation_DelegateAndListen" storage="d:\actions-runner\_work\xpco\xpco\common\videoos.utilities\videoos.utilities.unittests\bin\debug\net472\videoos.utilities.unittests.dll" id="2fdaf9d0-ed4d-06f2-70b2-65e45d9c49c9">
      <Execution id="98826d13-0cd8-4379-a9fc-c13f04c68b5e" />
      <TestMethod codeBase="D:\actions-runner\_work\XPCO\XPCO\Common\VideoOS.Utilities\VideoOS.Utilities.UnitTests\bin\Debug\net472\VideoOS.Utilities.UnitTests.dll" adapterTypeName="executor://mstestadapter/v2" className="VideoOS.Utilities.UnitTests.Windows.Http.UrlReservationInfoCollectionWrapperTest" name="Constructor_SingleReservation_DelegateAndListen" />
    </UnitTest>
    <UnitTest name="ExecuteScalarAsyncTest" storage="d:\actions-runner\_work\xpco\xpco\common\videoos.utilities\videoos.utilities.unittests\bin\debug\net472\videoos.utilities.unittests.dll" id="488c9566-159e-023d-55f9-6135ea491195">
      <TestCategory>
        <TestCategoryItem TestCategory="DatabaseCommand" />
      </TestCategory>
      <Execution id="8ce1cb90-4583-4f99-9bbf-6447315b471a" />
      <TestMethod codeBase="D:\actions-runner\_work\XPCO\XPCO\Common\VideoOS.Utilities\VideoOS.Utilities.UnitTests\bin\Debug\net472\VideoOS.Utilities.UnitTests.dll" adapterTypeName="executor://mstestadapter/v2" className="VideoOS.Utilities.UnitTests.Database.SqlResourceComponentTest" name="ExecuteScalarAsyncTest" />
    </UnitTest>
    <UnitTest name="RetryableActionRetriedWhenOwnerOfTheTransaction" storage="d:\actions-runner\_work\xpco\xpco\common\videoos.utilities\videoos.utilities.unittests\bin\debug\net472\videoos.utilities.unittests.dll" id="c2067aaa-c435-63c7-5ffc-c02780c3c66c">
      <TestCategory>
        <TestCategoryItem TestCategory="DatabaseConnection" />
      </TestCategory>
      <Execution id="de35a762-c385-4415-8a6a-4b3957001884" />
      <TestMethod codeBase="D:\actions-runner\_work\XPCO\XPCO\Common\VideoOS.Utilities\VideoOS.Utilities.UnitTests\bin\Debug\net472\VideoOS.Utilities.UnitTests.dll" adapterTypeName="executor://mstestadapter/v2" className="VideoOS.Utilities.UnitTests.Database.DatabaseConnectionTests" name="RetryableActionRetriedWhenOwnerOfTheTransaction" />
    </UnitTest>
    <UnitTest name="ExecuteScalarTest" storage="d:\actions-runner\_work\xpco\xpco\common\videoos.utilities\videoos.utilities.unittests\bin\debug\net472\videoos.utilities.unittests.dll" id="fa4019b5-9f9e-ede1-e627-09b8a6572dec">
      <TestCategory>
        <TestCategoryItem TestCategory="DatabaseCommand" />
      </TestCategory>
      <Execution id="e2b3e898-6c62-4da6-a43c-77dfc2de2448" />
      <TestMethod codeBase="D:\actions-runner\_work\XPCO\XPCO\Common\VideoOS.Utilities\VideoOS.Utilities.UnitTests\bin\Debug\net472\VideoOS.Utilities.UnitTests.dll" adapterTypeName="executor://mstestadapter/v2" className="VideoOS.Utilities.UnitTests.Database.SqlResourceComponentTest" name="ExecuteScalarTest" />
    </UnitTest>
    <UnitTest name="Sync_Once" storage="d:\actions-runner\_work\xpco\xpco\common\videoos.utilities\videoos.utilities.unittests\bin\debug\net472\videoos.utilities.unittests.dll" id="cb6625e8-d5a4-6ab8-1a3a-1a40acb593d9">
      <Execution id="22acefa7-4a6a-47d7-87cf-0684cfdfcaa7" />
      <TestMethod codeBase="D:\actions-runner\_work\XPCO\XPCO\Common\VideoOS.Utilities\VideoOS.Utilities.UnitTests\bin\Debug\net472\VideoOS.Utilities.UnitTests.dll" adapterTypeName="executor://mstestadapter/v2" className="VideoOS.Utilities.UnitTests.Collections.SynchronizedListTest" name="Sync_Once" />
    </UnitTest>
    <UnitTest name="DecryptKey_ShouldThrow_PasswordIsWrong" storage="d:\actions-runner\_work\xpco\xpco\common\videoos.utilities\videoos.utilities.unittests\bin\debug\net472\videoos.utilities.unittests.dll" id="73aa7f18-51a7-6c4f-64a7-0dcd1a4e3e10">
      <Execution id="255439a9-f73a-436e-9e8b-38a59e1bd156" />
      <TestMethod codeBase="D:\actions-runner\_work\XPCO\XPCO\Common\VideoOS.Utilities\VideoOS.Utilities.UnitTests\bin\Debug\net472\VideoOS.Utilities.UnitTests.dll" adapterTypeName="executor://mstestadapter/v2" className="VideoOS.Utilities.UnitTests.KeyManagement.EncryptionProviderTests" name="DecryptKey_ShouldThrow_PasswordIsWrong" />
    </UnitTest>
    <UnitTest name="MultipleThreadsAndAppenders" storage="d:\actions-runner\_work\xpco\xpco\common\videoos.utilities\videoos.utilities.unittests\bin\debug\net472\videoos.utilities.unittests.dll" id="57eb03f9-629b-e61d-a054-266af00de60c">
      <Execution id="580e6287-033c-41db-996e-3e81ae488687" />
      <TestMethod codeBase="D:\actions-runner\_work\XPCO\XPCO\Common\VideoOS.Utilities\VideoOS.Utilities.UnitTests\bin\Debug\net472\VideoOS.Utilities.UnitTests.dll" adapterTypeName="executor://mstestadapter/v2" className="VideoOS.Utilities.UnitTests.Diagnostics.MultiThreading" name="MultipleThreadsAndAppenders" />
    </UnitTest>
    <UnitTest name="OpenCloseConnection_Success" storage="d:\actions-runner\_work\xpco\xpco\common\videoos.utilities\videoos.utilities.unittests\bin\debug\net472\videoos.utilities.unittests.dll" id="f6d26f80-8605-5ec6-603e-727ed3a6876d">
      <TestCategory>
        <TestCategoryItem TestCategory="DatabaseConnection" />
      </TestCategory>
      <Execution id="22cd4c51-ee04-4773-8762-72b0f40ac585" />
      <TestMethod codeBase="D:\actions-runner\_work\XPCO\XPCO\Common\VideoOS.Utilities\VideoOS.Utilities.UnitTests\bin\Debug\net472\VideoOS.Utilities.UnitTests.dll" adapterTypeName="executor://mstestadapter/v2" className="VideoOS.Utilities.UnitTests.Database.DatabaseConnectionTests" name="OpenCloseConnection_Success" />
    </UnitTest>
    <UnitTest name="GetSqlConnection_IntegratedSecuritySetUsingSSPI_Success" storage="d:\actions-runner\_work\xpco\xpco\common\videoos.utilities\videoos.utilities.unittests\bin\debug\net472\videoos.utilities.unittests.dll" id="e56d7f60-ae86-4c76-0aba-91f49dfb5659">
      <TestCategory>
        <TestCategoryItem TestCategory="Database" />
      </TestCategory>
      <Execution id="b698c78d-0ce1-4435-9a98-af9e57d0a300" />
      <TestMethod codeBase="D:\actions-runner\_work\XPCO\XPCO\Common\VideoOS.Utilities\VideoOS.Utilities.UnitTests\bin\Debug\net472\VideoOS.Utilities.UnitTests.dll" adapterTypeName="executor://mstestadapter/v2" className="VideoOS.Utilities.UnitTests.Database.SqlConnectionManagerTests" name="GetSqlConnection_IntegratedSecuritySetUsingSSPI_Success" />
    </UnitTest>
    <UnitTest name="BulkProcessor_Exception_In_ProcessDelegate" storage="d:\actions-runner\_work\xpco\xpco\common\videoos.utilities\videoos.utilities.unittests\bin\debug\net472\videoos.utilities.unittests.dll" id="7f168450-7beb-3ded-6f55-bc3efe431ecc">
      <Execution id="713bbf31-9687-4319-8e7d-bbcc437d28b6" />
      <TestMethod codeBase="D:\actions-runner\_work\XPCO\XPCO\Common\VideoOS.Utilities\VideoOS.Utilities.UnitTests\bin\Debug\net472\VideoOS.Utilities.UnitTests.dll" adapterTypeName="executor://mstestadapter/v2" className="VideoOS.Utilities.BulkProcessing.UnitTests.BulkProcessorUnitTest" name="BulkProcessor_Exception_In_ProcessDelegate" />
    </UnitTest>
    <UnitTest name="CreateStrongWildcard_NoRelativePathTest" storage="d:\actions-runner\_work\xpco\xpco\common\videoos.utilities\videoos.utilities.unittests\bin\debug\net472\videoos.utilities.unittests.dll" id="d4296253-5030-756d-1bbe-e24219eba037">
      <Execution id="b60e1ae4-8f76-42bd-aa2b-e7738dec9dde" />
      <TestMethod codeBase="D:\actions-runner\_work\XPCO\XPCO\Common\VideoOS.Utilities\VideoOS.Utilities.UnitTests\bin\Debug\net472\VideoOS.Utilities.UnitTests.dll" adapterTypeName="executor://mstestadapter/v2" className="VideoOS.Utilities.UnitTests.Windows.UrlPrefixTest" name="CreateStrongWildcard_NoRelativePathTest" />
    </UnitTest>
    <UnitTest name="ExecuteReaderTwoRows" storage="d:\actions-runner\_work\xpco\xpco\common\videoos.utilities\videoos.utilities.unittests\bin\debug\net472\videoos.utilities.unittests.dll" id="dd9c00b0-a9d0-b2f3-1f0f-3a9a641e0da9">
      <TestCategory>
        <TestCategoryItem TestCategory="DatabaseCommand" />
      </TestCategory>
      <Execution id="6c394169-31bb-4415-bc3f-33701099c6fe" />
      <TestMethod codeBase="D:\actions-runner\_work\XPCO\XPCO\Common\VideoOS.Utilities\VideoOS.Utilities.UnitTests\bin\Debug\net472\VideoOS.Utilities.UnitTests.dll" adapterTypeName="executor://mstestadapter/v2" className="VideoOS.Utilities.UnitTests.Database.DatabaseCommandTest" name="ExecuteReaderTwoRows" />
    </UnitTest>
    <UnitTest name="Construction_KeyInformationIsTheSame_OnConstructionWithKeyInformation" storage="d:\actions-runner\_work\xpco\xpco\common\videoos.utilities\videoos.utilities.unittests\bin\debug\net472\videoos.utilities.unittests.dll" id="b71129c9-df58-0336-4b9a-daa4004a44ec">
      <Execution id="f8167184-c506-44e6-9026-f229137d5c44" />
      <TestMethod codeBase="D:\actions-runner\_work\XPCO\XPCO\Common\VideoOS.Utilities\VideoOS.Utilities.UnitTests\bin\Debug\net472\VideoOS.Utilities.UnitTests.dll" adapterTypeName="executor://mstestadapter/v2" className="VideoOS.Utilities.UnitTests.Cryptography.RsaCngAsymmetricEncryptionTests" name="Construction_KeyInformationIsTheSame_OnConstructionWithKeyInformation" />
    </UnitTest>
    <UnitTest name="ShowHelp_OfflineWorkflow__DisplayHtmlHelp_InvokeWithHttpPorts9000Url" storage="d:\actions-runner\_work\xpco\xpco\common\videoos.utilities\videoos.utilities.unittests\bin\debug\net472\videoos.utilities.unittests.dll" id="401030be-29d7-eb86-f18e-56652d09e0bd">
      <TestCategory>
        <TestCategoryItem TestCategory="Help" />
      </TestCategory>
      <Execution id="c4b1623a-b540-4307-b3f1-d798435cfd24" />
      <TestMethod codeBase="D:\actions-runner\_work\XPCO\XPCO\Common\VideoOS.Utilities\VideoOS.Utilities.UnitTests\bin\Debug\net472\VideoOS.Utilities.UnitTests.dll" adapterTypeName="executor://mstestadapter/v2" className="VideoOS.Utilities.UnitTests.Help.HelpManagerTests" name="ShowHelp_OfflineWorkflow__DisplayHtmlHelp_InvokeWithHttpPorts9000Url" />
    </UnitTest>
    <UnitTest name="Given_FeaturesWithErrorAndGetLastErrorFails_When_EnsureFeaturesAreInstalled_Then_MethodReturnsTheFailedFeatureAndAProperErrorMessage" storage="d:\actions-runner\_work\xpco\xpco\common\videoos.utilities\videoos.utilities.unittests\bin\debug\net472\videoos.utilities.unittests.dll" id="c8d52768-d5b1-c179-771a-3245a9b88ae9">
      <Execution id="6ad7254c-7145-4329-91b1-1024fe11bff1" />
      <TestMethod codeBase="D:\actions-runner\_work\XPCO\XPCO\Common\VideoOS.Utilities\VideoOS.Utilities.UnitTests\bin\Debug\net472\VideoOS.Utilities.UnitTests.dll" adapterTypeName="executor://mstestadapter/v2" className="VideoOS.Utilities.UnitTests.Dism.DismSessionTest" name="Given_FeaturesWithErrorAndGetLastErrorFails_When_EnsureFeaturesAreInstalled_Then_MethodReturnsTheFailedFeatureAndAProperErrorMessage" />
    </UnitTest>
    <UnitTest name="Given_PasswordContainsLocalIllegalPhrase_When_Validating_AProperErrorMessageIsReturned" storage="d:\actions-runner\_work\xpco\xpco\common\videoos.utilities\videoos.utilities.unittests\bin\debug\net472\videoos.utilities.unittests.dll" id="be55453b-a97c-0dcd-7e17-6e35421ce45e">
      <Execution id="4645cdc0-7079-4048-ad25-873a2ec82b73" />
      <TestMethod codeBase="D:\actions-runner\_work\XPCO\XPCO\Common\VideoOS.Utilities\VideoOS.Utilities.UnitTests\bin\Debug\net472\VideoOS.Utilities.UnitTests.dll" adapterTypeName="executor://mstestadapter/v2" className="VideoOS.Common.EnvironmentServices.UnitTests.Security.PasswordValidatorTest" name="Given_PasswordContainsLocalIllegalPhrase_When_Validating_AProperErrorMessageIsReturned" />
    </UnitTest>
    <UnitTest name="Parse_IPBoundWeakWildcard_IPv6_Http_WithRelativePathTest" storage="d:\actions-runner\_work\xpco\xpco\common\videoos.utilities\videoos.utilities.unittests\bin\debug\net472\videoos.utilities.unittests.dll" id="c17e6a49-5090-3c4e-6c3c-c83ce25eb232">
      <Execution id="e04ade34-4f79-439c-91b2-6ada244a38b3" />
      <TestMethod codeBase="D:\actions-runner\_work\XPCO\XPCO\Common\VideoOS.Utilities\VideoOS.Utilities.UnitTests\bin\Debug\net472\VideoOS.Utilities.UnitTests.dll" adapterTypeName="executor://mstestadapter/v2" className="VideoOS.Utilities.UnitTests.Windows.UrlPrefixTest" name="Parse_IPBoundWeakWildcard_IPv6_Http_WithRelativePathTest" />
    </UnitTest>
    <UnitTest name="UseEncryptionAndDecryptTwiceWithNewBase64IVs" storage="d:\actions-runner\_work\xpco\xpco\common\videoos.utilities\videoos.utilities.unittests\bin\debug\net472\videoos.utilities.unittests.dll" id="bb807532-955d-ce2e-d67e-1867fc5bb38e">
      <Execution id="21e35e4e-f9e8-45d8-9671-256994081929" />
      <TestMethod codeBase="D:\actions-runner\_work\XPCO\XPCO\Common\VideoOS.Utilities\VideoOS.Utilities.UnitTests\bin\Debug\net472\VideoOS.Utilities.UnitTests.dll" adapterTypeName="executor://mstestadapter/v2" className="VideoOS.Utilities.UnitTests.Cryptography.Encryption" name="UseEncryptionAndDecryptTwiceWithNewBase64IVs" />
    </UnitTest>
    <UnitTest name="FormatByteSizeStringExactTest9" storage="d:\actions-runner\_work\xpco\xpco\common\videoos.utilities\videoos.utilities.unittests\bin\debug\net472\videoos.utilities.unittests.dll" id="318dfcc5-fe95-ef92-0ae4-5d0a5e9d05a7">
      <Execution id="88220792-5ffc-461a-94af-b5780bd7fcd0" />
      <TestMethod codeBase="D:\actions-runner\_work\XPCO\XPCO\Common\VideoOS.Utilities\VideoOS.Utilities.UnitTests\bin\Debug\net472\VideoOS.Utilities.UnitTests.dll" adapterTypeName="executor://mstestadapter/v2" className="VideoOS.Utilities.UnitTests.StringFormattingTest" name="FormatByteSizeStringExactTest9" />
    </UnitTest>
    <UnitTest name="ConstructDatabaseConnectionInfo_NullDatabaseName_Throws" storage="d:\actions-runner\_work\xpco\xpco\common\videoos.utilities\videoos.utilities.unittests\bin\debug\net472\videoos.utilities.unittests.dll" id="8a9e5061-fbd9-c439-e531-668e79a12e2a">
      <Execution id="e88a28e5-c57e-4d20-8bf4-9d3b8787f8ea" />
      <TestMethod codeBase="D:\actions-runner\_work\XPCO\XPCO\Common\VideoOS.Utilities\VideoOS.Utilities.UnitTests\bin\Debug\net472\VideoOS.Utilities.UnitTests.dll" adapterTypeName="executor://mstestadapter/v2" className="VideoOS.Utilities.UnitTests.Database.DatabaseConnectionInfoTests" name="ConstructDatabaseConnectionInfo_NullDatabaseName_Throws" />
    </UnitTest>
    <UnitTest name="Construct_InvalidParam_ThreadName_EmptyString_Throws_ArgumentNullException" storage="d:\actions-runner\_work\xpco\xpco\common\videoos.utilities\videoos.utilities.unittests\bin\debug\net472\videoos.utilities.unittests.dll" id="45cf2d7a-2062-ef4f-44da-bfd3ef3112ba">
      <TestCategory>
        <TestCategoryItem TestCategory="VideoOS Utilities Timers" />
      </TestCategory>
      <Execution id="7e15f1b6-7e09-4de2-83f5-dbcceb790351" />
      <TestMethod codeBase="D:\actions-runner\_work\XPCO\XPCO\Common\VideoOS.Utilities\VideoOS.Utilities.UnitTests\bin\Debug\net472\VideoOS.Utilities.UnitTests.dll" adapterTypeName="executor://mstestadapter/v2" className="VideoOS.Utilities.UnitTests.Threading.BaseTimeDelayedThreadTests" name="Construct_InvalidParam_ThreadName_EmptyString_Throws_ArgumentNullException" />
    </UnitTest>
    <UnitTest name="Init_WhenNotInitialized_Continue" storage="d:\actions-runner\_work\xpco\xpco\common\videoos.utilities\videoos.utilities.unittests\bin\debug\net472\videoos.utilities.unittests.dll" id="bb2297a8-8bdb-2449-af8c-583927bbd3b1">
      <Execution id="fcc8c65e-12b7-49c8-aa8e-c20a92819ec6" />
      <TestMethod codeBase="D:\actions-runner\_work\XPCO\XPCO\Common\VideoOS.Utilities\VideoOS.Utilities.UnitTests\bin\Debug\net472\VideoOS.Utilities.UnitTests.dll" adapterTypeName="executor://mstestadapter/v2" className="VideoOS.Utilities.UnitTests.Workflow.InitControlTests" name="Init_WhenNotInitialized_Continue" />
    </UnitTest>
    <UnitTest name="StartWritingSession_ShouldReturn_IFileWritingSession" storage="d:\actions-runner\_work\xpco\xpco\common\videoos.utilities\videoos.utilities.unittests\bin\debug\net472\videoos.utilities.unittests.dll" id="9386d01f-8187-3c06-c9bc-5b2f08b810ad">
      <Execution id="6b029286-72e8-4f4c-b2c4-a83ebfd66c11" />
      <TestMethod codeBase="D:\actions-runner\_work\XPCO\XPCO\Common\VideoOS.Utilities\VideoOS.Utilities.UnitTests\bin\Debug\net472\VideoOS.Utilities.UnitTests.dll" adapterTypeName="executor://mstestadapter/v2" className="VideoOS.Utilities.UnitTests.KeyManagement.FilePasswordProviderTests" name="StartWritingSession_ShouldReturn_IFileWritingSession" />
    </UnitTest>
    <UnitTest name="EncryptStringDataTestWrongPasswordRijndael" storage="d:\actions-runner\_work\xpco\xpco\common\videoos.utilities\videoos.utilities.unittests\bin\debug\net472\videoos.utilities.unittests.dll" id="406ea4ef-9543-88d7-8b75-4f1c74009154">
      <Execution id="09ca7402-0c7e-49c2-9502-78d0adea9ac8" />
      <TestMethod codeBase="D:\actions-runner\_work\XPCO\XPCO\Common\VideoOS.Utilities\VideoOS.Utilities.UnitTests\bin\Debug\net472\VideoOS.Utilities.UnitTests.dll" adapterTypeName="executor://mstestadapter/v2" className="VideoOS.Utilities.UnitTests.Cryptography.Encryption" name="EncryptStringDataTestWrongPasswordRijndael" />
    </UnitTest>
    <UnitTest name="Construct_RetrievesInvalidConfigurationFromReader_InvalidConnectionString_Throws_InvalidConnectionStringException" storage="d:\actions-runner\_work\xpco\xpco\common\videoos.utilities\videoos.utilities.unittests\bin\debug\net472\videoos.utilities.unittests.dll" id="defafc91-1d2c-fc1f-49c6-e12ed3f63e94">
      <TestCategory>
        <TestCategoryItem TestCategory="Database" />
      </TestCategory>
      <Execution id="2ec83496-f1d6-4f8c-90c1-a36f71b2b8b8" />
      <TestMethod codeBase="D:\actions-runner\_work\XPCO\XPCO\Common\VideoOS.Utilities\VideoOS.Utilities.UnitTests\bin\Debug\net472\VideoOS.Utilities.UnitTests.dll" adapterTypeName="executor://mstestadapter/v2" className="VideoOS.Utilities.UnitTests.Database.SqlConnectionManagerTests" name="Construct_RetrievesInvalidConfigurationFromReader_InvalidConnectionString_Throws_InvalidConnectionStringException" />
    </UnitTest>
    <UnitTest name="GetConnectionExecuteRetryable" storage="d:\actions-runner\_work\xpco\xpco\common\videoos.utilities\videoos.utilities.unittests\bin\debug\net472\videoos.utilities.unittests.dll" id="cb1f0861-b2da-9616-9a03-c34074ad8358">
      <TestCategory>
        <TestCategoryItem TestCategory="Database" />
      </TestCategory>
      <Execution id="87d69c84-2193-40b7-9b0e-b7170a367292" />
      <TestMethod codeBase="D:\actions-runner\_work\XPCO\XPCO\Common\VideoOS.Utilities\VideoOS.Utilities.UnitTests\bin\Debug\net472\VideoOS.Utilities.UnitTests.dll" adapterTypeName="executor://mstestadapter/v2" className="VideoOS.Utilities.UnitTests.Database.SqlConnectionManagerTests" name="GetConnectionExecuteRetryable" />
    </UnitTest>
    <UnitTest name="FormatByteSizeStringTest9" storage="d:\actions-runner\_work\xpco\xpco\common\videoos.utilities\videoos.utilities.unittests\bin\debug\net472\videoos.utilities.unittests.dll" id="25d0d593-c917-5b84-83b3-a4ee44dec843">
      <Execution id="44cb5a75-5b6d-4080-9ac5-107ee69b976c" />
      <TestMethod codeBase="D:\actions-runner\_work\XPCO\XPCO\Common\VideoOS.Utilities\VideoOS.Utilities.UnitTests\bin\Debug\net472\VideoOS.Utilities.UnitTests.dll" adapterTypeName="executor://mstestadapter/v2" className="VideoOS.Utilities.UnitTests.StringFormattingTest" name="FormatByteSizeStringTest9" />
    </UnitTest>
    <UnitTest name="UseEncryptionAndDecryptTwiceWithNewIVs" storage="d:\actions-runner\_work\xpco\xpco\common\videoos.utilities\videoos.utilities.unittests\bin\debug\net472\videoos.utilities.unittests.dll" id="feb7eb52-dbfc-1bbd-0c92-de56627f5f80">
      <Execution id="0f0acc2c-17b9-48b1-8657-033d2da9b199" />
      <TestMethod codeBase="D:\actions-runner\_work\XPCO\XPCO\Common\VideoOS.Utilities\VideoOS.Utilities.UnitTests\bin\Debug\net472\VideoOS.Utilities.UnitTests.dll" adapterTypeName="executor://mstestadapter/v2" className="VideoOS.Utilities.UnitTests.Cryptography.Encryption" name="UseEncryptionAndDecryptTwiceWithNewIVs" />
    </UnitTest>
    <UnitTest name="UseEncryptionAndDecryptWithAndWithoutCompression" storage="d:\actions-runner\_work\xpco\xpco\common\videoos.utilities\videoos.utilities.unittests\bin\debug\net472\videoos.utilities.unittests.dll" id="f10d3486-2847-7d12-3e88-c0a981db92bc">
      <Execution id="40965c76-bbd7-4247-8283-91908bc6ede9" />
      <TestMethod codeBase="D:\actions-runner\_work\XPCO\XPCO\Common\VideoOS.Utilities\VideoOS.Utilities.UnitTests\bin\Debug\net472\VideoOS.Utilities.UnitTests.dll" adapterTypeName="executor://mstestadapter/v2" className="VideoOS.Utilities.UnitTests.Cryptography.Encryption" name="UseEncryptionAndDecryptWithAndWithoutCompression" />
    </UnitTest>
    <UnitTest name="GetSchemasByCollectionNameTest" storage="d:\actions-runner\_work\xpco\xpco\common\videoos.utilities\videoos.utilities.unittests\bin\debug\net472\videoos.utilities.unittests.dll" id="f6db2584-e92d-8b79-e003-09d814f47319">
      <TestCategory>
        <TestCategoryItem TestCategory="DatabaseConnection" />
      </TestCategory>
      <Execution id="6eb194ba-b043-4f07-bd4e-987d78e77c0f" />
      <TestMethod codeBase="D:\actions-runner\_work\XPCO\XPCO\Common\VideoOS.Utilities\VideoOS.Utilities.UnitTests\bin\Debug\net472\VideoOS.Utilities.UnitTests.dll" adapterTypeName="executor://mstestadapter/v2" className="VideoOS.Utilities.UnitTests.Database.DatabaseConnectionTests" name="GetSchemasByCollectionNameTest" />
    </UnitTest>
    <UnitTest name="Initialize_ValidArgsOnline_Success" storage="d:\actions-runner\_work\xpco\xpco\common\videoos.utilities\videoos.utilities.unittests\bin\debug\net472\videoos.utilities.unittests.dll" id="ac356aac-15fb-54ef-ad39-79e6f940bfad">
      <TestCategory>
        <TestCategoryItem TestCategory="Help" />
      </TestCategory>
      <Execution id="ca0041c9-b5e1-4e24-95f5-3ded1b2d49e8" />
      <TestMethod codeBase="D:\actions-runner\_work\XPCO\XPCO\Common\VideoOS.Utilities\VideoOS.Utilities.UnitTests\bin\Debug\net472\VideoOS.Utilities.UnitTests.dll" adapterTypeName="executor://mstestadapter/v2" className="VideoOS.Utilities.UnitTests.Help.HelpManagerTests" name="Initialize_ValidArgsOnline_Success" />
    </UnitTest>
    <UnitTest name="DeletePassword_CorrectlyThrowsIOException_WhenMissingFileOrFolder" storage="d:\actions-runner\_work\xpco\xpco\common\videoos.utilities\videoos.utilities.unittests\bin\debug\net472\videoos.utilities.unittests.dll" id="387688a2-0d07-a1d7-85d9-95e5f238d96c">
      <Execution id="3291c259-d3aa-44e7-b3bc-b9893b5f6041" />
      <TestMethod codeBase="D:\actions-runner\_work\XPCO\XPCO\Common\VideoOS.Utilities\VideoOS.Utilities.UnitTests\bin\Debug\net472\VideoOS.Utilities.UnitTests.dll" adapterTypeName="executor://mstestadapter/v2" className="VideoOS.Utilities.UnitTests.KeyManagement.FilePasswordProviderTests" name="DeletePassword_CorrectlyThrowsIOException_WhenMissingFileOrFolder" />
    </UnitTest>
    <UnitTest name="BeginEndTransaction_Success" storage="d:\actions-runner\_work\xpco\xpco\common\videoos.utilities\videoos.utilities.unittests\bin\debug\net472\videoos.utilities.unittests.dll" id="a6aacb08-b512-a0f5-8fbe-c7d635843ad5">
      <TestCategory>
        <TestCategoryItem TestCategory="DatabaseConnection" />
      </TestCategory>
      <Execution id="077993ea-3618-4f3e-90c8-b003edbbc127" />
      <TestMethod codeBase="D:\actions-runner\_work\XPCO\XPCO\Common\VideoOS.Utilities\VideoOS.Utilities.UnitTests\bin\Debug\net472\VideoOS.Utilities.UnitTests.dll" adapterTypeName="executor://mstestadapter/v2" className="VideoOS.Utilities.UnitTests.Database.DatabaseConnectionTests" name="BeginEndTransaction_Success" />
    </UnitTest>
    <UnitTest name="DatabaseParametersBaseTest" storage="d:\actions-runner\_work\xpco\xpco\common\videoos.utilities\videoos.utilities.unittests\bin\debug\net472\videoos.utilities.unittests.dll" id="56ce4334-a225-1470-b86a-1784fac43ca5">
      <TestCategory>
        <TestCategoryItem TestCategory="DatabaseCommand" />
      </TestCategory>
      <Execution id="6ce3035c-9ab8-4be7-8da0-cf1d28794fb4" />
      <TestMethod codeBase="D:\actions-runner\_work\XPCO\XPCO\Common\VideoOS.Utilities\VideoOS.Utilities.UnitTests\bin\Debug\net472\VideoOS.Utilities.UnitTests.dll" adapterTypeName="executor://mstestadapter/v2" className="VideoOS.Utilities.UnitTests.Database.SqlResourceComponentTest" name="DatabaseParametersBaseTest" />
    </UnitTest>
    <UnitTest name="EncryptionFactory_Throws_OnCreateAsymmetricWithKeysOkPaddingNotNullAndBlobNull" storage="d:\actions-runner\_work\xpco\xpco\common\videoos.utilities\videoos.utilities.unittests\bin\debug\net472\videoos.utilities.unittests.dll" id="813781e4-6529-b9c3-dc2f-c58adbd45c67">
      <Execution id="5c0ea253-4d21-41a1-9a67-0afcd032ae65" />
      <TestMethod codeBase="D:\actions-runner\_work\XPCO\XPCO\Common\VideoOS.Utilities\VideoOS.Utilities.UnitTests\bin\Debug\net472\VideoOS.Utilities.UnitTests.dll" adapterTypeName="executor://mstestadapter/v2" className="VideoOS.Utilities.UnitTests.Cryptography.RsaCngAsymmetricEncryptionTests" name="EncryptionFactory_Throws_OnCreateAsymmetricWithKeysOkPaddingNotNullAndBlobNull" />
    </UnitTest>
    <UnitTest name="Sync_And_Clear" storage="d:\actions-runner\_work\xpco\xpco\common\videoos.utilities\videoos.utilities.unittests\bin\debug\net472\videoos.utilities.unittests.dll" id="b277a2ac-923b-e5c0-c105-5378a94b63a7">
      <Execution id="09c829fe-49e6-4efb-a454-605d9af11721" />
      <TestMethod codeBase="D:\actions-runner\_work\XPCO\XPCO\Common\VideoOS.Utilities\VideoOS.Utilities.UnitTests\bin\Debug\net472\VideoOS.Utilities.UnitTests.dll" adapterTypeName="executor://mstestadapter/v2" className="VideoOS.Utilities.UnitTests.Collections.SynchronizedListTest" name="Sync_And_Clear" />
    </UnitTest>
    <UnitTest name="EventServerSqlConnectionStorage_Constructor_Success" storage="d:\actions-runner\_work\xpco\xpco\common\videoos.utilities\videoos.utilities.unittests\bin\debug\net472\videoos.utilities.unittests.dll" id="e0b8b063-cc2e-f702-2b53-1f80cea70f32">
      <TestCategory>
        <TestCategoryItem TestCategory="Database" />
      </TestCategory>
      <Execution id="688f9a0e-cb67-48e5-bef7-60646f3627bb" />
      <TestMethod codeBase="D:\actions-runner\_work\XPCO\XPCO\Common\VideoOS.Utilities\VideoOS.Utilities.UnitTests\bin\Debug\net472\VideoOS.Utilities.UnitTests.dll" adapterTypeName="executor://mstestadapter/v2" className="VideoOS.Utilities.UnitTests.Database.EventServerSqlConnectionStorageTests" name="EventServerSqlConnectionStorage_Constructor_Success" />
    </UnitTest>
    <UnitTest name="HelpManager_ctor_Success" storage="d:\actions-runner\_work\xpco\xpco\common\videoos.utilities\videoos.utilities.unittests\bin\debug\net472\videoos.utilities.unittests.dll" id="95addf67-51d6-243f-594c-cd203efa3cab">
      <TestCategory>
        <TestCategoryItem TestCategory="Help" />
      </TestCategory>
      <Execution id="1dc985e4-a5ed-485c-87ef-c52537682608" />
      <TestMethod codeBase="D:\actions-runner\_work\XPCO\XPCO\Common\VideoOS.Utilities\VideoOS.Utilities.UnitTests\bin\Debug\net472\VideoOS.Utilities.UnitTests.dll" adapterTypeName="executor://mstestadapter/v2" className="VideoOS.Utilities.UnitTests.Help.HelpManagerTests" name="HelpManager_ctor_Success" />
    </UnitTest>
    <UnitTest name="RemoveInvalidXMLChars_Null_EmptyResult" storage="d:\actions-runner\_work\xpco\xpco\common\videoos.utilities\videoos.utilities.unittests\bin\debug\net472\videoos.utilities.unittests.dll" id="59fd16aa-fcf0-7b06-e458-4da33c7a4c9d">
      <Execution id="9d03c007-2d32-49b6-bc5c-3a57e4bca936" />
      <TestMethod codeBase="D:\actions-runner\_work\XPCO\XPCO\Common\VideoOS.Utilities\VideoOS.Utilities.UnitTests\bin\Debug\net472\VideoOS.Utilities.UnitTests.dll" adapterTypeName="executor://mstestadapter/v2" className="VideoOS.Utilities.UnitTests.Formatting.CharacterTests" name="RemoveInvalidXMLChars_Null_EmptyResult" />
    </UnitTest>
    <UnitTest name="Construct_WhenDataTypeNotSerializable_Exception" storage="d:\actions-runner\_work\xpco\xpco\common\videoos.utilities\videoos.utilities.unittests\bin\debug\net472\videoos.utilities.unittests.dll" id="aa9c40ce-f613-f729-f8f5-0d43cbdfea0e">
      <Execution id="d1cc7014-b6ac-4c9b-bc60-d80373b4fa1f" />
      <TestMethod codeBase="D:\actions-runner\_work\XPCO\XPCO\Common\VideoOS.Utilities\VideoOS.Utilities.UnitTests\bin\Debug\net472\VideoOS.Utilities.UnitTests.dll" adapterTypeName="executor://mstestadapter/v2" className="VideoOS.Utilities.UnitTests.Formatting.Base64EncoderTest" name="Construct_WhenDataTypeNotSerializable_Exception" />
    </UnitTest>
    <UnitTest name="CreateSignatureWithPublicKey" storage="d:\actions-runner\_work\xpco\xpco\common\videoos.utilities\videoos.utilities.unittests\bin\debug\net472\videoos.utilities.unittests.dll" id="fd85e03e-0f3d-0871-554a-94dfeafc096e">
      <Execution id="11707cd6-6c51-4026-b239-e772937775db" />
      <TestMethod codeBase="D:\actions-runner\_work\XPCO\XPCO\Common\VideoOS.Utilities\VideoOS.Utilities.UnitTests\bin\Debug\net472\VideoOS.Utilities.UnitTests.dll" adapterTypeName="executor://mstestadapter/v2" className="VideoOS.Utilities.UnitTests.Cryptography.StringSignatures" name="CreateSignatureWithPublicKey" />
    </UnitTest>
    <UnitTest name="ValidateWebAddress_WithInvalidInput" storage="d:\actions-runner\_work\xpco\xpco\common\videoos.utilities\videoos.utilities.unittests\bin\debug\net472\videoos.utilities.unittests.dll" id="c9625d65-b8bc-1d40-44b2-ce27ca68ed64">
      <Execution id="a0a8302d-ba0e-4aef-8138-cf8c428b0b32" />
      <TestMethod codeBase="D:\actions-runner\_work\XPCO\XPCO\Common\VideoOS.Utilities\VideoOS.Utilities.UnitTests\bin\Debug\net472\VideoOS.Utilities.UnitTests.dll" adapterTypeName="executor://mstestadapter/v2" className="VideoOS.Utilities.UnitTests.Network.AddressValidationTests" name="ValidateWebAddress_WithInvalidInput" />
    </UnitTest>
    <UnitTest name="IsValidBase64String_DataDrivenTest (SWYgeW91IHJlYWQgdGhpcywgdGhhdCBtZWFucyB0aGF0IHlvdSBhcmUgY29vbCAh,True)" storage="d:\actions-runner\_work\xpco\xpco\common\videoos.utilities\videoos.utilities.unittests\bin\debug\net472\videoos.utilities.unittests.dll" id="6bd29839-713f-ccba-0e0c-5fbc266ff70b">
      <Execution id="861ebcd2-9f13-467d-a9ed-e6b7b52da4b8" />
      <TestMethod codeBase="D:\actions-runner\_work\XPCO\XPCO\Common\VideoOS.Utilities\VideoOS.Utilities.UnitTests\bin\Debug\net472\VideoOS.Utilities.UnitTests.dll" adapterTypeName="executor://mstestadapter/v2" className="VideoOS.Utilities.UnitTests.Validation.Base64StringValidatorTests" name="IsValidBase64String_DataDrivenTest" />
    </UnitTest>
    <UnitTest name="CreateWeakWildcard_NoRelativePathTest" storage="d:\actions-runner\_work\xpco\xpco\common\videoos.utilities\videoos.utilities.unittests\bin\debug\net472\videoos.utilities.unittests.dll" id="b5d83e8e-4d0e-c182-b397-53e926517e1d">
      <Execution id="51443c58-de8a-49c5-8743-71137938692e" />
      <TestMethod codeBase="D:\actions-runner\_work\XPCO\XPCO\Common\VideoOS.Utilities\VideoOS.Utilities.UnitTests\bin\Debug\net472\VideoOS.Utilities.UnitTests.dll" adapterTypeName="executor://mstestadapter/v2" className="VideoOS.Utilities.UnitTests.Windows.UrlPrefixTest" name="CreateWeakWildcard_NoRelativePathTest" />
    </UnitTest>
    <UnitTest name="EncryptStringDataTestWrongPasswordTripleDES" storage="d:\actions-runner\_work\xpco\xpco\common\videoos.utilities\videoos.utilities.unittests\bin\debug\net472\videoos.utilities.unittests.dll" id="7fbf4643-33b6-b50c-4d89-cf868424f0c4">
      <Execution id="4d6f39ba-0e1c-4c80-b210-19cc677f5a52" />
      <TestMethod codeBase="D:\actions-runner\_work\XPCO\XPCO\Common\VideoOS.Utilities\VideoOS.Utilities.UnitTests\bin\Debug\net472\VideoOS.Utilities.UnitTests.dll" adapterTypeName="executor://mstestadapter/v2" className="VideoOS.Utilities.UnitTests.Cryptography.Encryption" name="EncryptStringDataTestWrongPasswordTripleDES" />
    </UnitTest>
    <UnitTest name="CreateExplicit_IPv6Host" storage="d:\actions-runner\_work\xpco\xpco\common\videoos.utilities\videoos.utilities.unittests\bin\debug\net472\videoos.utilities.unittests.dll" id="683ef6ce-3b7f-cb97-64d1-7227151e64b1">
      <Execution id="a33df88f-d595-4f66-b9ef-4771d4020702" />
      <TestMethod codeBase="D:\actions-runner\_work\XPCO\XPCO\Common\VideoOS.Utilities\VideoOS.Utilities.UnitTests\bin\Debug\net472\VideoOS.Utilities.UnitTests.dll" adapterTypeName="executor://mstestadapter/v2" className="VideoOS.Utilities.UnitTests.Windows.UrlPrefixTest" name="CreateExplicit_IPv6Host" />
    </UnitTest>
    <UnitTest name="Decode_WhenDataNotDeserializable_Exception" storage="d:\actions-runner\_work\xpco\xpco\common\videoos.utilities\videoos.utilities.unittests\bin\debug\net472\videoos.utilities.unittests.dll" id="a2b7e2de-0db6-3731-43cf-cc62cedd9a68">
      <Execution id="f3063556-783a-4178-be74-6740110f2068" />
      <TestMethod codeBase="D:\actions-runner\_work\XPCO\XPCO\Common\VideoOS.Utilities\VideoOS.Utilities.UnitTests\bin\Debug\net472\VideoOS.Utilities.UnitTests.dll" adapterTypeName="executor://mstestadapter/v2" className="VideoOS.Utilities.UnitTests.Formatting.Base64EncoderTest" name="Decode_WhenDataNotDeserializable_Exception" />
    </UnitTest>
    <UnitTest name="CloseConnectionWithActiveDbTransaction_Fail" storage="d:\actions-runner\_work\xpco\xpco\common\videoos.utilities\videoos.utilities.unittests\bin\debug\net472\videoos.utilities.unittests.dll" id="c2a136cd-996a-f572-a51d-a2af9eb8c9d9">
      <TestCategory>
        <TestCategoryItem TestCategory="DatabaseConnection" />
      </TestCategory>
      <Execution id="e56d88ec-7103-463a-b397-b01c7e5c1f0b" />
      <TestMethod codeBase="D:\actions-runner\_work\XPCO\XPCO\Common\VideoOS.Utilities\VideoOS.Utilities.UnitTests\bin\Debug\net472\VideoOS.Utilities.UnitTests.dll" adapterTypeName="executor://mstestadapter/v2" className="VideoOS.Utilities.UnitTests.Database.DatabaseConnectionTests" name="CloseConnectionWithActiveDbTransaction_Fail" />
    </UnitTest>
    <UnitTest name="RemoveInvalidXMLChars_Text_Chinese_Chars" storage="d:\actions-runner\_work\xpco\xpco\common\videoos.utilities\videoos.utilities.unittests\bin\debug\net472\videoos.utilities.unittests.dll" id="5e8218e5-ad16-734d-7b83-a405e0747b4a">
      <Execution id="69623e97-6af7-4298-b1e6-c810571a8aff" />
      <TestMethod codeBase="D:\actions-runner\_work\XPCO\XPCO\Common\VideoOS.Utilities\VideoOS.Utilities.UnitTests\bin\Debug\net472\VideoOS.Utilities.UnitTests.dll" adapterTypeName="executor://mstestadapter/v2" className="VideoOS.Utilities.UnitTests.Formatting.CharacterTests" name="RemoveInvalidXMLChars_Text_Chinese_Chars" />
    </UnitTest>
    <UnitTest name="FormatByteSizeStringExactTest5" storage="d:\actions-runner\_work\xpco\xpco\common\videoos.utilities\videoos.utilities.unittests\bin\debug\net472\videoos.utilities.unittests.dll" id="e182530e-f038-5140-1406-9bac6a04acfb">
      <Execution id="11d309e5-a112-4b75-bff8-3b109e390b15" />
      <TestMethod codeBase="D:\actions-runner\_work\XPCO\XPCO\Common\VideoOS.Utilities\VideoOS.Utilities.UnitTests\bin\Debug\net472\VideoOS.Utilities.UnitTests.dll" adapterTypeName="executor://mstestadapter/v2" className="VideoOS.Utilities.UnitTests.StringFormattingTest" name="FormatByteSizeStringExactTest5" />
    </UnitTest>
    <UnitTest name="NullCheckHasInformationOnObjectTypeAndCallerAndMayHaveOptionalTextAlternativeSyntax" storage="d:\actions-runner\_work\xpco\xpco\common\videoos.utilities\videoos.utilities.unittests\bin\debug\net472\videoos.utilities.unittests.dll" id="8095e577-3bae-97b2-4ac6-e1de2fd8f54c">
      <Execution id="429ea48c-4dd3-4250-9b1a-8a717de720af" />
      <TestMethod codeBase="D:\actions-runner\_work\XPCO\XPCO\Common\VideoOS.Utilities\VideoOS.Utilities.UnitTests\bin\Debug\net472\VideoOS.Utilities.UnitTests.dll" adapterTypeName="executor://mstestadapter/v2" className="VideoOS.Utilities.UnitTests.Validation.ValidationTests" name="NullCheckHasInformationOnObjectTypeAndCallerAndMayHaveOptionalTextAlternativeSyntax" />
    </UnitTest>
    <UnitTest name="EncryptionFactory_Throws_OnCreateAsymmetricForLicense_WithCngKeyNull" storage="d:\actions-runner\_work\xpco\xpco\common\videoos.utilities\videoos.utilities.unittests\bin\debug\net472\videoos.utilities.unittests.dll" id="2b7d3970-312d-bf9b-fc45-5480e81b41d5">
      <Execution id="94b92211-0815-45f5-90b5-a6ba3946aef7" />
      <TestMethod codeBase="D:\actions-runner\_work\XPCO\XPCO\Common\VideoOS.Utilities\VideoOS.Utilities.UnitTests\bin\Debug\net472\VideoOS.Utilities.UnitTests.dll" adapterTypeName="executor://mstestadapter/v2" className="VideoOS.Utilities.UnitTests.Cryptography.RsaCngAsymmetricEncryptionTests" name="EncryptionFactory_Throws_OnCreateAsymmetricForLicense_WithCngKeyNull" />
    </UnitTest>
    <UnitTest name="FormatTimeSpanStringTest2" storage="d:\actions-runner\_work\xpco\xpco\common\videoos.utilities\videoos.utilities.unittests\bin\debug\net472\videoos.utilities.unittests.dll" id="07a602aa-40be-99a8-aab7-0223ae7770b6">
      <Execution id="725a2a32-dd92-451c-b190-972e60cd1781" />
      <TestMethod codeBase="D:\actions-runner\_work\XPCO\XPCO\Common\VideoOS.Utilities\VideoOS.Utilities.UnitTests\bin\Debug\net472\VideoOS.Utilities.UnitTests.dll" adapterTypeName="executor://mstestadapter/v2" className="VideoOS.Utilities.UnitTests.StringFormattingTest" name="FormatTimeSpanStringTest2" />
    </UnitTest>
    <UnitTest name="CreateIPBoundWeakWildcard_IPv6_InvalidPort" storage="d:\actions-runner\_work\xpco\xpco\common\videoos.utilities\videoos.utilities.unittests\bin\debug\net472\videoos.utilities.unittests.dll" id="0d118129-696a-1633-b93a-1fd626a94b6d">
      <Execution id="82d1d376-6c57-4766-a424-d8261b5f4665" />
      <TestMethod codeBase="D:\actions-runner\_work\XPCO\XPCO\Common\VideoOS.Utilities\VideoOS.Utilities.UnitTests\bin\Debug\net472\VideoOS.Utilities.UnitTests.dll" adapterTypeName="executor://mstestadapter/v2" className="VideoOS.Utilities.UnitTests.Windows.UrlPrefixTest" name="CreateIPBoundWeakWildcard_IPv6_InvalidPort" />
    </UnitTest>
    <UnitTest name="ScheduleNextRun_ExceptionRaised_DoesNotContinueProcessing_Success" storage="d:\actions-runner\_work\xpco\xpco\common\videoos.utilities\videoos.utilities.unittests\bin\debug\net472\videoos.utilities.unittests.dll" id="828e3157-ac03-8229-b330-f6c4dee8fcde">
      <TestCategory>
        <TestCategoryItem TestCategory="VideoOS Utilities Timers" />
      </TestCategory>
      <Execution id="1c64981a-6fb2-48e4-b5bf-e7387e9db6c1" />
      <TestMethod codeBase="D:\actions-runner\_work\XPCO\XPCO\Common\VideoOS.Utilities\VideoOS.Utilities.UnitTests\bin\Debug\net472\VideoOS.Utilities.UnitTests.dll" adapterTypeName="executor://mstestadapter/v2" className="VideoOS.Utilities.UnitTests.Threading.BaseTimeDelayedThreadTests" name="ScheduleNextRun_ExceptionRaised_DoesNotContinueProcessing_Success" />
    </UnitTest>
    <UnitTest name="DatabaseConnectionInfoConfigurator_Write" storage="d:\actions-runner\_work\xpco\xpco\common\videoos.utilities\videoos.utilities.unittests\bin\debug\net472\videoos.utilities.unittests.dll" id="f4d8404a-1301-51ea-ea5c-4634b036234d">
      <TestCategory>
        <TestCategoryItem TestCategory="Database" />
      </TestCategory>
      <Execution id="a0e8ed3d-ae10-4b3d-ac84-e5111164de97" />
      <TestMethod codeBase="D:\actions-runner\_work\XPCO\XPCO\Common\VideoOS.Utilities\VideoOS.Utilities.UnitTests\bin\Debug\net472\VideoOS.Utilities.UnitTests.dll" adapterTypeName="executor://mstestadapter/v2" className="VideoOS.Utilities.UnitTests.Database.DatabaseConnectionInfoConfiguratorTests" name="DatabaseConnectionInfoConfigurator_Write" />
    </UnitTest>
    <UnitTest name="DatabaseConnectionInfoConfigurator_Write_UpdateRegistry_SecurityException" storage="d:\actions-runner\_work\xpco\xpco\common\videoos.utilities\videoos.utilities.unittests\bin\debug\net472\videoos.utilities.unittests.dll" id="cae34a4f-22ac-a10a-8927-08673a15abcf">
      <TestCategory>
        <TestCategoryItem TestCategory="Database" />
      </TestCategory>
      <Execution id="3dfd5b96-97f7-47c2-be54-2c0b191e5d95" />
      <TestMethod codeBase="D:\actions-runner\_work\XPCO\XPCO\Common\VideoOS.Utilities\VideoOS.Utilities.UnitTests\bin\Debug\net472\VideoOS.Utilities.UnitTests.dll" adapterTypeName="executor://mstestadapter/v2" className="VideoOS.Utilities.UnitTests.Database.DatabaseConnectionInfoConfiguratorTests" name="DatabaseConnectionInfoConfigurator_Write_UpdateRegistry_SecurityException" />
    </UnitTest>
    <UnitTest name="FormatTimeSpanStringTest5" storage="d:\actions-runner\_work\xpco\xpco\common\videoos.utilities\videoos.utilities.unittests\bin\debug\net472\videoos.utilities.unittests.dll" id="dfbc86c6-6b0e-dcdb-7acf-622c3bf6a97a">
      <Execution id="cf184845-b21a-4cab-94bf-67c0feed2d7d" />
      <TestMethod codeBase="D:\actions-runner\_work\XPCO\XPCO\Common\VideoOS.Utilities\VideoOS.Utilities.UnitTests\bin\Debug\net472\VideoOS.Utilities.UnitTests.dll" adapterTypeName="executor://mstestadapter/v2" className="VideoOS.Utilities.UnitTests.StringFormattingTest" name="FormatTimeSpanStringTest5" />
    </UnitTest>
    <UnitTest name="EndpointSupportsSsl_InvalidTimeoutInSeconds_AboveMaximum_Throws_ArgumentException" storage="d:\actions-runner\_work\xpco\xpco\common\videoos.utilities\videoos.utilities.unittests\bin\debug\net472\videoos.utilities.unittests.dll" id="f6e59f5b-ba50-e34c-4086-51e15af6c152">
      <Execution id="109c8774-497b-49f8-a6e0-476dbf57adde" />
      <TestMethod codeBase="D:\actions-runner\_work\XPCO\XPCO\Common\VideoOS.Utilities\VideoOS.Utilities.UnitTests\bin\Debug\net472\VideoOS.Utilities.UnitTests.dll" adapterTypeName="executor://mstestadapter/v2" className="VideoOS.Utilities.UnitTests.Network.SslUtilitiesTests" name="EndpointSupportsSsl_InvalidTimeoutInSeconds_AboveMaximum_Throws_ArgumentException" />
    </UnitTest>
    <UnitTest name="ExecuteReaderWithMultipleParametersAsyncBehaviorAndCancellationToken" storage="d:\actions-runner\_work\xpco\xpco\common\videoos.utilities\videoos.utilities.unittests\bin\debug\net472\videoos.utilities.unittests.dll" id="db3948b9-824e-0a4d-0cde-8550e9e2e4aa">
      <TestCategory>
        <TestCategoryItem TestCategory="DatabaseCommand" />
      </TestCategory>
      <Execution id="304ff593-3a63-4567-999c-046ec16fddc9" />
      <TestMethod codeBase="D:\actions-runner\_work\XPCO\XPCO\Common\VideoOS.Utilities\VideoOS.Utilities.UnitTests\bin\Debug\net472\VideoOS.Utilities.UnitTests.dll" adapterTypeName="executor://mstestadapter/v2" className="VideoOS.Utilities.UnitTests.Database.DatabaseCommandTest" name="ExecuteReaderWithMultipleParametersAsyncBehaviorAndCancellationToken" />
    </UnitTest>
    <UnitTest name="IsValidBase64String_DataDrivenTest (==,False)" storage="d:\actions-runner\_work\xpco\xpco\common\videoos.utilities\videoos.utilities.unittests\bin\debug\net472\videoos.utilities.unittests.dll" id="507232d5-754f-e710-0185-2ff162f52ec5">
      <Execution id="27e642a2-7990-442b-8416-cb6d42b3715b" />
      <TestMethod codeBase="D:\actions-runner\_work\XPCO\XPCO\Common\VideoOS.Utilities\VideoOS.Utilities.UnitTests\bin\Debug\net472\VideoOS.Utilities.UnitTests.dll" adapterTypeName="executor://mstestadapter/v2" className="VideoOS.Utilities.UnitTests.Validation.Base64StringValidatorTests" name="IsValidBase64String_DataDrivenTest" />
    </UnitTest>
    <UnitTest name="BeginCommitTransactionInSql_Success" storage="d:\actions-runner\_work\xpco\xpco\common\videoos.utilities\videoos.utilities.unittests\bin\debug\net472\videoos.utilities.unittests.dll" id="0723f267-425a-81f7-9210-a8b891ed5292">
      <TestCategory>
        <TestCategoryItem TestCategory="DatabaseConnection" />
      </TestCategory>
      <Execution id="c38b1d01-b61a-416f-907e-15e27c60456d" />
      <TestMethod codeBase="D:\actions-runner\_work\XPCO\XPCO\Common\VideoOS.Utilities\VideoOS.Utilities.UnitTests\bin\Debug\net472\VideoOS.Utilities.UnitTests.dll" adapterTypeName="executor://mstestadapter/v2" className="VideoOS.Utilities.UnitTests.Database.DatabaseConnectionTests" name="BeginCommitTransactionInSql_Success" />
    </UnitTest>
    <UnitTest name="Parse_StrongWildcard_Http_NoRelativePathTest" storage="d:\actions-runner\_work\xpco\xpco\common\videoos.utilities\videoos.utilities.unittests\bin\debug\net472\videoos.utilities.unittests.dll" id="afbe5b29-1e4e-8f87-1e8c-93886f901956">
      <Execution id="ccca51e5-fe15-4445-b47d-fd4d9fff191c" />
      <TestMethod codeBase="D:\actions-runner\_work\XPCO\XPCO\Common\VideoOS.Utilities\VideoOS.Utilities.UnitTests\bin\Debug\net472\VideoOS.Utilities.UnitTests.dll" adapterTypeName="executor://mstestadapter/v2" className="VideoOS.Utilities.UnitTests.Windows.UrlPrefixTest" name="Parse_StrongWildcard_Http_NoRelativePathTest" />
    </UnitTest>
    <UnitTest name="ExecuteReaderGetBinary" storage="d:\actions-runner\_work\xpco\xpco\common\videoos.utilities\videoos.utilities.unittests\bin\debug\net472\videoos.utilities.unittests.dll" id="77859cfb-b1e5-83eb-e2d0-c9d51897f8dd">
      <TestCategory>
        <TestCategoryItem TestCategory="DatabaseCommand" />
      </TestCategory>
      <Execution id="f1bd878f-fb27-4e82-94f8-100bb7df7c68" />
      <TestMethod codeBase="D:\actions-runner\_work\XPCO\XPCO\Common\VideoOS.Utilities\VideoOS.Utilities.UnitTests\bin\Debug\net472\VideoOS.Utilities.UnitTests.dll" adapterTypeName="executor://mstestadapter/v2" className="VideoOS.Utilities.UnitTests.Database.DatabaseCommandTest" name="ExecuteReaderGetBinary" />
    </UnitTest>
    <UnitTest name="RemoveInvalidXMLChars_Text_NewLine_NotRemoved" storage="d:\actions-runner\_work\xpco\xpco\common\videoos.utilities\videoos.utilities.unittests\bin\debug\net472\videoos.utilities.unittests.dll" id="bec2d89c-d378-3a43-dfb9-883ca358e4f0">
      <Execution id="4b28c02f-11d3-46ff-a720-4a953e6c6007" />
      <TestMethod codeBase="D:\actions-runner\_work\XPCO\XPCO\Common\VideoOS.Utilities\VideoOS.Utilities.UnitTests\bin\Debug\net472\VideoOS.Utilities.UnitTests.dll" adapterTypeName="executor://mstestadapter/v2" className="VideoOS.Utilities.UnitTests.Formatting.CharacterTests" name="RemoveInvalidXMLChars_Text_NewLine_NotRemoved" />
    </UnitTest>
    <UnitTest name="FormatByteSizeStringTest2" storage="d:\actions-runner\_work\xpco\xpco\common\videoos.utilities\videoos.utilities.unittests\bin\debug\net472\videoos.utilities.unittests.dll" id="7d262306-28f5-9c61-9381-2d687acc0526">
      <Execution id="50f9a275-98e9-44e8-85ba-dd735dd46ac5" />
      <TestMethod codeBase="D:\actions-runner\_work\XPCO\XPCO\Common\VideoOS.Utilities\VideoOS.Utilities.UnitTests\bin\Debug\net472\VideoOS.Utilities.UnitTests.dll" adapterTypeName="executor://mstestadapter/v2" className="VideoOS.Utilities.UnitTests.StringFormattingTest" name="FormatByteSizeStringTest2" />
    </UnitTest>
    <UnitTest name="Parse_StrongWildcard_Http_NoRelativePathTest_NoTrailingSlash" storage="d:\actions-runner\_work\xpco\xpco\common\videoos.utilities\videoos.utilities.unittests\bin\debug\net472\videoos.utilities.unittests.dll" id="edfd8024-fc78-5caa-9ced-0aad8b5219b8">
      <Execution id="4b07a78c-316d-417e-922a-f4a4e2e281dc" />
      <TestMethod codeBase="D:\actions-runner\_work\XPCO\XPCO\Common\VideoOS.Utilities\VideoOS.Utilities.UnitTests\bin\Debug\net472\VideoOS.Utilities.UnitTests.dll" adapterTypeName="executor://mstestadapter/v2" className="VideoOS.Utilities.UnitTests.Windows.UrlPrefixTest" name="Parse_StrongWildcard_Http_NoRelativePathTest_NoTrailingSlash" />
    </UnitTest>
    <UnitTest name="Class_InheritsFromISqlConnectionManager_Success" storage="d:\actions-runner\_work\xpco\xpco\common\videoos.utilities\videoos.utilities.unittests\bin\debug\net472\videoos.utilities.unittests.dll" id="faa274f9-c395-9ea7-05af-9e5a4cdb7bc9">
      <TestCategory>
        <TestCategoryItem TestCategory="Database" />
      </TestCategory>
      <Execution id="cb32c4cf-869d-4bc7-805a-a1c6b53cf53a" />
      <TestMethod codeBase="D:\actions-runner\_work\XPCO\XPCO\Common\VideoOS.Utilities\VideoOS.Utilities.UnitTests\bin\Debug\net472\VideoOS.Utilities.UnitTests.dll" adapterTypeName="executor://mstestadapter/v2" className="VideoOS.Utilities.UnitTests.Database.SqlConnectionManagerTests" name="Class_InheritsFromISqlConnectionManager_Success" />
    </UnitTest>
    <UnitTest name="Parse_Explicit_Https_WithRelativePathTest" storage="d:\actions-runner\_work\xpco\xpco\common\videoos.utilities\videoos.utilities.unittests\bin\debug\net472\videoos.utilities.unittests.dll" id="6c12bb8d-3fcd-ce0c-8c0e-f9a545e5d0e9">
      <Execution id="e08084ca-6f17-4853-b038-2f3d29ebe3a0" />
      <TestMethod codeBase="D:\actions-runner\_work\XPCO\XPCO\Common\VideoOS.Utilities\VideoOS.Utilities.UnitTests\bin\Debug\net472\VideoOS.Utilities.UnitTests.dll" adapterTypeName="executor://mstestadapter/v2" className="VideoOS.Utilities.UnitTests.Windows.UrlPrefixTest" name="Parse_Explicit_Https_WithRelativePathTest" />
    </UnitTest>
    <UnitTest name="EnforceSslConfiguration_NoConflictTest" storage="d:\actions-runner\_work\xpco\xpco\common\videoos.utilities\videoos.utilities.unittests\bin\debug\net472\videoos.utilities.unittests.dll" id="113d1804-31b6-160b-355c-4c16286495f8">
      <Execution id="eb15fda8-2e3a-4235-be9a-40946105f821" />
      <TestMethod codeBase="D:\actions-runner\_work\XPCO\XPCO\Common\VideoOS.Utilities\VideoOS.Utilities.UnitTests\bin\Debug\net472\VideoOS.Utilities.UnitTests.dll" adapterTypeName="executor://mstestadapter/v2" className="VideoOS.Utilities.UnitTests.Windows.Http.HttpSysConfigTest" name="EnforceSslConfiguration_NoConflictTest" />
    </UnitTest>
    <UnitTest name="Given_FeaturesAreAvailableAndAlreadyInstalled_When_EnsureFeaturesAreInstalled_Then_EnableFeaturesAreNotCalledAndMethodReturnsInstalled" storage="d:\actions-runner\_work\xpco\xpco\common\videoos.utilities\videoos.utilities.unittests\bin\debug\net472\videoos.utilities.unittests.dll" id="9ec24b6f-cdfa-8d79-eaa8-3c7fea23cd5b">
      <Execution id="690a42e0-f314-4870-9845-59f282d142a0" />
      <TestMethod codeBase="D:\actions-runner\_work\XPCO\XPCO\Common\VideoOS.Utilities\VideoOS.Utilities.UnitTests\bin\Debug\net472\VideoOS.Utilities.UnitTests.dll" adapterTypeName="executor://mstestadapter/v2" className="VideoOS.Utilities.UnitTests.Dism.DismSessionTest" name="Given_FeaturesAreAvailableAndAlreadyInstalled_When_EnsureFeaturesAreInstalled_Then_EnableFeaturesAreNotCalledAndMethodReturnsInstalled" />
    </UnitTest>
    <UnitTest name="EnforceUrlReservation_ConflictingEntryReplacedTest" storage="d:\actions-runner\_work\xpco\xpco\common\videoos.utilities\videoos.utilities.unittests\bin\debug\net472\videoos.utilities.unittests.dll" id="a2a7beae-4d5d-b78f-d844-e7b8e96968ed">
      <Execution id="12216682-ddd0-45c2-80b3-e0701a5a8a2e" />
      <TestMethod codeBase="D:\actions-runner\_work\XPCO\XPCO\Common\VideoOS.Utilities\VideoOS.Utilities.UnitTests\bin\Debug\net472\VideoOS.Utilities.UnitTests.dll" adapterTypeName="executor://mstestadapter/v2" className="VideoOS.Utilities.UnitTests.Windows.Http.HttpSysConfigTest" name="EnforceUrlReservation_ConflictingEntryReplacedTest" />
    </UnitTest>
    <UnitTest name="Construct_InvalidParam_Timeout_Throws_ArgumentOutOfRangeException" storage="d:\actions-runner\_work\xpco\xpco\common\videoos.utilities\videoos.utilities.unittests\bin\debug\net472\videoos.utilities.unittests.dll" id="802c6bf1-b2bb-dd75-dd57-f0dad1e37480">
      <TestCategory>
        <TestCategoryItem TestCategory="VideoOS Utilities Timers" />
      </TestCategory>
      <Execution id="06e9b04d-b97f-4c4f-a49e-ff2dff677dcf" />
      <TestMethod codeBase="D:\actions-runner\_work\XPCO\XPCO\Common\VideoOS.Utilities\VideoOS.Utilities.UnitTests\bin\Debug\net472\VideoOS.Utilities.UnitTests.dll" adapterTypeName="executor://mstestadapter/v2" className="VideoOS.Utilities.UnitTests.Threading.BaseTimeDelayedThreadTests" name="Construct_InvalidParam_Timeout_Throws_ArgumentOutOfRangeException" />
    </UnitTest>
    <UnitTest name="ExecuteNonQueryAsyncDefaultCancellationToken" storage="d:\actions-runner\_work\xpco\xpco\common\videoos.utilities\videoos.utilities.unittests\bin\debug\net472\videoos.utilities.unittests.dll" id="9a282f7e-f649-65f1-029a-2b971c1a798c">
      <TestCategory>
        <TestCategoryItem TestCategory="DatabaseCommand" />
      </TestCategory>
      <Execution id="fe558e5e-7881-413e-b6a9-0a4bf5698994" />
      <TestMethod codeBase="D:\actions-runner\_work\XPCO\XPCO\Common\VideoOS.Utilities\VideoOS.Utilities.UnitTests\bin\Debug\net472\VideoOS.Utilities.UnitTests.dll" adapterTypeName="executor://mstestadapter/v2" className="VideoOS.Utilities.UnitTests.Database.DatabaseCommandTest" name="ExecuteNonQueryAsyncDefaultCancellationToken" />
    </UnitTest>
    <UnitTest name="ValidateWebAddress_WithEmpty" storage="d:\actions-runner\_work\xpco\xpco\common\videoos.utilities\videoos.utilities.unittests\bin\debug\net472\videoos.utilities.unittests.dll" id="3961b1e6-9a4e-7bf7-e608-3495a77691a3">
      <Execution id="ff39214e-40ea-4b1a-b9f5-6bc7f1c0143c" />
      <TestMethod codeBase="D:\actions-runner\_work\XPCO\XPCO\Common\VideoOS.Utilities\VideoOS.Utilities.UnitTests\bin\Debug\net472\VideoOS.Utilities.UnitTests.dll" adapterTypeName="executor://mstestadapter/v2" className="VideoOS.Utilities.UnitTests.Network.AddressValidationTests" name="ValidateWebAddress_WithEmpty" />
    </UnitTest>
    <UnitTest name="EnforceSslConfiguration_ConflictTest" storage="d:\actions-runner\_work\xpco\xpco\common\videoos.utilities\videoos.utilities.unittests\bin\debug\net472\videoos.utilities.unittests.dll" id="ff838e13-6bab-731d-a74c-6f0fc683652a">
      <Execution id="176f8c9e-83d9-4915-9b51-fc76e0c6f65a" />
      <TestMethod codeBase="D:\actions-runner\_work\XPCO\XPCO\Common\VideoOS.Utilities\VideoOS.Utilities.UnitTests\bin\Debug\net472\VideoOS.Utilities.UnitTests.dll" adapterTypeName="executor://mstestadapter/v2" className="VideoOS.Utilities.UnitTests.Windows.Http.HttpSysConfigTest" name="EnforceSslConfiguration_ConflictTest" />
    </UnitTest>
    <UnitTest name="FormatByteSizeStringTest5" storage="d:\actions-runner\_work\xpco\xpco\common\videoos.utilities\videoos.utilities.unittests\bin\debug\net472\videoos.utilities.unittests.dll" id="3ec56139-2f5b-f0af-bf69-a8e82986d9a3">
      <Execution id="03444823-828d-41c0-a7fc-92fe72e63a18" />
      <TestMethod codeBase="D:\actions-runner\_work\XPCO\XPCO\Common\VideoOS.Utilities\VideoOS.Utilities.UnitTests\bin\Debug\net472\VideoOS.Utilities.UnitTests.dll" adapterTypeName="executor://mstestadapter/v2" className="VideoOS.Utilities.UnitTests.StringFormattingTest" name="FormatByteSizeStringTest5" />
    </UnitTest>
    <UnitTest name="MacAddressUtilities_CreateHashString_ArgumentException_TooLong" storage="d:\actions-runner\_work\xpco\xpco\common\videoos.utilities\videoos.utilities.unittests\bin\debug\net472\videoos.utilities.unittests.dll" id="3350e284-d316-8104-3d1d-7739d3682cf8">
      <Execution id="a8ceda44-6b8e-42aa-acbf-c65ace45fe6e" />
      <TestMethod codeBase="D:\actions-runner\_work\XPCO\XPCO\Common\VideoOS.Utilities\VideoOS.Utilities.UnitTests\bin\Debug\net472\VideoOS.Utilities.UnitTests.dll" adapterTypeName="executor://mstestadapter/v2" className="VideoOS.Utilities.UnitTests.Network.MacAddressUtilitiesTests" name="MacAddressUtilities_CreateHashString_ArgumentException_TooLong" />
    </UnitTest>
    <UnitTest name="UseImportedConfigurationWithInternalIV" storage="d:\actions-runner\_work\xpco\xpco\common\videoos.utilities\videoos.utilities.unittests\bin\debug\net472\videoos.utilities.unittests.dll" id="367ea24e-9898-e7a3-b9c2-183a7ee625e8">
      <Execution id="9dad1cd8-58f6-419b-804e-2358d53129a5" />
      <TestMethod codeBase="D:\actions-runner\_work\XPCO\XPCO\Common\VideoOS.Utilities\VideoOS.Utilities.UnitTests\bin\Debug\net472\VideoOS.Utilities.UnitTests.dll" adapterTypeName="executor://mstestadapter/v2" className="VideoOS.Utilities.UnitTests.Cryptography.Encryption" name="UseImportedConfigurationWithInternalIV" />
    </UnitTest>
    <UnitTest name="IsValidBase64String_DataDrivenTest (AAA=,True)" storage="d:\actions-runner\_work\xpco\xpco\common\videoos.utilities\videoos.utilities.unittests\bin\debug\net472\videoos.utilities.unittests.dll" id="2433a974-9b7f-7aba-f7bf-8418244f178d">
      <Execution id="320235c7-77a7-4da5-a00c-529bc062c431" />
      <TestMethod codeBase="D:\actions-runner\_work\XPCO\XPCO\Common\VideoOS.Utilities\VideoOS.Utilities.UnitTests\bin\Debug\net472\VideoOS.Utilities.UnitTests.dll" adapterTypeName="executor://mstestadapter/v2" className="VideoOS.Utilities.UnitTests.Validation.Base64StringValidatorTests" name="IsValidBase64String_DataDrivenTest" />
    </UnitTest>
    <UnitTest name="Given_FeaturesAreAvailable_When_EnsureFeaturesAreInstalled_WithFeaturesThatFailsWhenInstalling_Then_EnableFeaturesAreCalledWithExpectedArgumentsAndMethodReturnsTheFailingFeature" storage="d:\actions-runner\_work\xpco\xpco\common\videoos.utilities\videoos.utilities.unittests\bin\debug\net472\videoos.utilities.unittests.dll" id="648022f1-3bdd-5333-fbf2-f52900fdfbaf">
      <Execution id="f93df8aa-5694-4c81-963e-730aeee26582" />
      <TestMethod codeBase="D:\actions-runner\_work\XPCO\XPCO\Common\VideoOS.Utilities\VideoOS.Utilities.UnitTests\bin\Debug\net472\VideoOS.Utilities.UnitTests.dll" adapterTypeName="executor://mstestadapter/v2" className="VideoOS.Utilities.UnitTests.Dism.DismSessionTest" name="Given_FeaturesAreAvailable_When_EnsureFeaturesAreInstalled_WithFeaturesThatFailsWhenInstalling_Then_EnableFeaturesAreCalledWithExpectedArgumentsAndMethodReturnsTheFailingFeature" />
    </UnitTest>
    <UnitTest name="Constructor_SingleReservation_Delegate" storage="d:\actions-runner\_work\xpco\xpco\common\videoos.utilities\videoos.utilities.unittests\bin\debug\net472\videoos.utilities.unittests.dll" id="6017adae-b1e1-76ad-01d4-c71c39f8ef57">
      <Execution id="f0b8f3bb-deb4-40e6-9389-a93e68970146" />
      <TestMethod codeBase="D:\actions-runner\_work\XPCO\XPCO\Common\VideoOS.Utilities\VideoOS.Utilities.UnitTests\bin\Debug\net472\VideoOS.Utilities.UnitTests.dll" adapterTypeName="executor://mstestadapter/v2" className="VideoOS.Utilities.UnitTests.Windows.Http.UrlReservationInfoCollectionWrapperTest" name="Constructor_SingleReservation_Delegate" />
    </UnitTest>
    <UnitTest name="NullCheckHasInformationOnObjectTypeAndCaller" storage="d:\actions-runner\_work\xpco\xpco\common\videoos.utilities\videoos.utilities.unittests\bin\debug\net472\videoos.utilities.unittests.dll" id="cc2f0458-7e3c-9c3d-dda6-64eadd456796">
      <Execution id="e0642ee9-00cd-48d0-a165-fc052719b01c" />
      <TestMethod codeBase="D:\actions-runner\_work\XPCO\XPCO\Common\VideoOS.Utilities\VideoOS.Utilities.UnitTests\bin\Debug\net472\VideoOS.Utilities.UnitTests.dll" adapterTypeName="executor://mstestadapter/v2" className="VideoOS.Utilities.UnitTests.Validation.ValidationTests" name="NullCheckHasInformationOnObjectTypeAndCaller" />
    </UnitTest>
    <UnitTest name="AccessControlUpdater_SetFileAccessControl_AccountNameEmpty" storage="d:\actions-runner\_work\xpco\xpco\common\videoos.utilities\videoos.utilities.unittests\bin\debug\net472\videoos.utilities.unittests.dll" id="774ae8ad-b5ba-cf99-969a-205cbd2149a6">
      <Execution id="bd9d35af-49ac-4196-ae2c-89f5aaabcd5d" />
      <TestMethod codeBase="D:\actions-runner\_work\XPCO\XPCO\Common\VideoOS.Utilities\VideoOS.Utilities.UnitTests\bin\Debug\net472\VideoOS.Utilities.UnitTests.dll" adapterTypeName="executor://mstestadapter/v2" className="VideoOS.Utilities.UnitTests.Security.AccessControlUpdaterTests" name="AccessControlUpdater_SetFileAccessControl_AccountNameEmpty" />
    </UnitTest>
    <UnitTest name="Dispose_MultipleDisposeCallsTest" storage="d:\actions-runner\_work\xpco\xpco\common\videoos.utilities\videoos.utilities.unittests\bin\debug\net472\videoos.utilities.unittests.dll" id="4e2d2668-c3e5-6e93-3de2-3f371d9d4188">
      <Execution id="422e2a89-d33e-4d64-91ce-450f189e958f" />
      <TestMethod codeBase="D:\actions-runner\_work\XPCO\XPCO\Common\VideoOS.Utilities\VideoOS.Utilities.UnitTests\bin\Debug\net472\VideoOS.Utilities.UnitTests.dll" adapterTypeName="executor://mstestadapter/v2" className="VideoOS.Utilities.UnitTests.Windows.Http.HttpSysConfigTest" name="Dispose_MultipleDisposeCallsTest" />
    </UnitTest>
    <UnitTest name="RetryableActionNotRetriedWhenNotOwnerOfTheTransaction" storage="d:\actions-runner\_work\xpco\xpco\common\videoos.utilities\videoos.utilities.unittests\bin\debug\net472\videoos.utilities.unittests.dll" id="44b9c38d-1fef-b34e-63e4-2c853e734fec">
      <TestCategory>
        <TestCategoryItem TestCategory="DatabaseConnection" />
      </TestCategory>
      <Execution id="0d60b4d2-4258-44e4-9a53-c6137bc4bf3c" />
      <TestMethod codeBase="D:\actions-runner\_work\XPCO\XPCO\Common\VideoOS.Utilities\VideoOS.Utilities.UnitTests\bin\Debug\net472\VideoOS.Utilities.UnitTests.dll" adapterTypeName="executor://mstestadapter/v2" className="VideoOS.Utilities.UnitTests.Database.DatabaseConnectionTests" name="RetryableActionNotRetriedWhenNotOwnerOfTheTransaction" />
    </UnitTest>
    <UnitTest name="EndpointSupportsSsl_InvalidUri_Partial_Throws_ArgumentException" storage="d:\actions-runner\_work\xpco\xpco\common\videoos.utilities\videoos.utilities.unittests\bin\debug\net472\videoos.utilities.unittests.dll" id="05e3ebf0-ca7b-6d21-9008-cd93cd416b08">
      <Execution id="bb102930-4550-483d-8368-b07ea734b563" />
      <TestMethod codeBase="D:\actions-runner\_work\XPCO\XPCO\Common\VideoOS.Utilities\VideoOS.Utilities.UnitTests\bin\Debug\net472\VideoOS.Utilities.UnitTests.dll" adapterTypeName="executor://mstestadapter/v2" className="VideoOS.Utilities.UnitTests.Network.SslUtilitiesTests" name="EndpointSupportsSsl_InvalidUri_Partial_Throws_ArgumentException" />
    </UnitTest>
    <UnitTest name="GetContentFromActivatedLicenseFile_DecryptLicense_Success" storage="d:\actions-runner\_work\xpco\xpco\common\videoos.utilities\videoos.utilities.unittests\bin\debug\net472\videoos.utilities.unittests.dll" id="343615c7-90df-949d-2ce9-b18728ead0ec">
      <Execution id="06c93a01-494c-4a87-a89a-bf2995436c26" />
      <TestMethod codeBase="D:\actions-runner\_work\XPCO\XPCO\Common\VideoOS.Utilities\VideoOS.Utilities.UnitTests\bin\Debug\net472\VideoOS.Utilities.UnitTests.dll" adapterTypeName="executor://mstestadapter/v2" className="VideoOS.Utilities.UnitTests.Licensing.LicenseFileHelperTests" name="GetContentFromActivatedLicenseFile_DecryptLicense_Success" />
    </UnitTest>
    <UnitTest name="Constructor_DatabaseColumnBinder_Success" storage="d:\actions-runner\_work\xpco\xpco\common\videoos.utilities\videoos.utilities.unittests\bin\debug\net472\videoos.utilities.unittests.dll" id="40a03c98-b1a5-cb45-5715-a2bb2b1368ea">
      <TestCategory>
        <TestCategoryItem TestCategory="DatabaseColumnBinder" />
      </TestCategory>
      <Execution id="5c978fd4-525e-42f4-8884-1e2b6684e48f" />
      <TestMethod codeBase="D:\actions-runner\_work\XPCO\XPCO\Common\VideoOS.Utilities\VideoOS.Utilities.UnitTests\bin\Debug\net472\VideoOS.Utilities.UnitTests.dll" adapterTypeName="executor://mstestadapter/v2" className="VideoOS.Utilities.UnitTests.Database.DatabaseColumnBinderTests" name="Constructor_DatabaseColumnBinder_Success" />
    </UnitTest>
    <UnitTest name="ExecuteNonQuery" storage="d:\actions-runner\_work\xpco\xpco\common\videoos.utilities\videoos.utilities.unittests\bin\debug\net472\videoos.utilities.unittests.dll" id="3944fccd-772e-d9fe-1a40-fdbfaf54babb">
      <TestCategory>
        <TestCategoryItem TestCategory="DatabaseCommand" />
      </TestCategory>
      <Execution id="76cd26aa-6885-46d8-98fd-53e99b193589" />
      <TestMethod codeBase="D:\actions-runner\_work\XPCO\XPCO\Common\VideoOS.Utilities\VideoOS.Utilities.UnitTests\bin\Debug\net472\VideoOS.Utilities.UnitTests.dll" adapterTypeName="executor://mstestadapter/v2" className="VideoOS.Utilities.UnitTests.Database.DatabaseCommandTest" name="ExecuteNonQuery" />
    </UnitTest>
    <UnitTest name="SimpleDebugLevel" storage="d:\actions-runner\_work\xpco\xpco\common\videoos.utilities\videoos.utilities.unittests\bin\debug\net472\videoos.utilities.unittests.dll" id="de96ddf0-d444-ee1c-2268-ec15a6f73012">
      <Execution id="203b7432-4eb6-4d02-9e70-97749cd79262" />
      <TestMethod codeBase="D:\actions-runner\_work\XPCO\XPCO\Common\VideoOS.Utilities\VideoOS.Utilities.UnitTests\bin\Debug\net472\VideoOS.Utilities.UnitTests.dll" adapterTypeName="executor://mstestadapter/v2" className="VideoOS.Utilities.UnitTests.Diagnostics.Levels" name="SimpleDebugLevel" />
    </UnitTest>
    <UnitTest name="DoLogWarningEntries" storage="d:\actions-runner\_work\xpco\xpco\common\videoos.utilities\videoos.utilities.unittests\bin\debug\net472\videoos.utilities.unittests.dll" id="35b95933-d90e-cd65-613c-bb2a742279ae">
      <Execution id="8996c01d-a07e-4948-80f1-0e1691d46c20" />
      <TestMethod codeBase="D:\actions-runner\_work\XPCO\XPCO\Common\VideoOS.Utilities\VideoOS.Utilities.UnitTests\bin\Debug\net472\VideoOS.Utilities.UnitTests.dll" adapterTypeName="executor://mstestadapter/v2" className="VideoOS.Utilities.UnitTests.Diagnostics.UnconfiguredLogger" name="DoLogWarningEntries" />
    </UnitTest>
    <UnitTest name="ExecuteReaderWithMultipleParametersAsyncBehavior" storage="d:\actions-runner\_work\xpco\xpco\common\videoos.utilities\videoos.utilities.unittests\bin\debug\net472\videoos.utilities.unittests.dll" id="21937501-5fae-13f0-6624-05bb57fbd618">
      <TestCategory>
        <TestCategoryItem TestCategory="DatabaseCommand" />
      </TestCategory>
      <Execution id="8a29f75d-4836-4ab6-bd56-c3757e326f63" />
      <TestMethod codeBase="D:\actions-runner\_work\XPCO\XPCO\Common\VideoOS.Utilities\VideoOS.Utilities.UnitTests\bin\Debug\net472\VideoOS.Utilities.UnitTests.dll" adapterTypeName="executor://mstestadapter/v2" className="VideoOS.Utilities.UnitTests.Database.DatabaseCommandTest" name="ExecuteReaderWithMultipleParametersAsyncBehavior" />
    </UnitTest>
    <UnitTest name="WhenExecuteReaderFailsDatabaseExceptionsAreThrownWithCorrectErrorNumber" storage="d:\actions-runner\_work\xpco\xpco\common\videoos.utilities\videoos.utilities.unittests\bin\debug\net472\videoos.utilities.unittests.dll" id="aed15bdf-4c09-1b3e-0502-2a279f11b4b8">
      <TestCategory>
        <TestCategoryItem TestCategory="DatabaseCommand" />
      </TestCategory>
      <Execution id="c00839ab-ce39-4763-b6ac-2f130e36a4e5" />
      <TestMethod codeBase="D:\actions-runner\_work\XPCO\XPCO\Common\VideoOS.Utilities\VideoOS.Utilities.UnitTests\bin\Debug\net472\VideoOS.Utilities.UnitTests.dll" adapterTypeName="executor://mstestadapter/v2" className="VideoOS.Utilities.UnitTests.Database.DatabaseCommandTest" name="WhenExecuteReaderFailsDatabaseExceptionsAreThrownWithCorrectErrorNumber" />
    </UnitTest>
    <UnitTest name="Given_FeaturesAreAvailable_When_EnsureFeaturesAreInstalled_WithFeaturesThatInstallsSuccesfully_Then_EnableFeaturesIsCalledWithExpectedArgumentsAndMethodReturnsInstalled" storage="d:\actions-runner\_work\xpco\xpco\common\videoos.utilities\videoos.utilities.unittests\bin\debug\net472\videoos.utilities.unittests.dll" id="f279c340-43e7-4882-4d5a-daf8021a3315">
      <Execution id="f00e9d14-7ff9-4b14-8fef-3d07dcfe9ebe" />
      <TestMethod codeBase="D:\actions-runner\_work\XPCO\XPCO\Common\VideoOS.Utilities\VideoOS.Utilities.UnitTests\bin\Debug\net472\VideoOS.Utilities.UnitTests.dll" adapterTypeName="executor://mstestadapter/v2" className="VideoOS.Utilities.UnitTests.Dism.DismSessionTest" name="Given_FeaturesAreAvailable_When_EnsureFeaturesAreInstalled_WithFeaturesThatInstallsSuccesfully_Then_EnableFeaturesIsCalledWithExpectedArgumentsAndMethodReturnsInstalled" />
    </UnitTest>
    <UnitTest name="Constructor_String_Object_Int_Success" storage="d:\actions-runner\_work\xpco\xpco\common\videoos.utilities\videoos.utilities.unittests\bin\debug\net472\videoos.utilities.unittests.dll" id="c2e1c206-872f-bca6-f3cb-5778c02ebb24">
      <TestCategory>
        <TestCategoryItem TestCategory="DatabaseParameter" />
      </TestCategory>
      <Execution id="219de4d8-dd49-4a12-8292-f3fec1975be8" />
      <TestMethod codeBase="D:\actions-runner\_work\XPCO\XPCO\Common\VideoOS.Utilities\VideoOS.Utilities.UnitTests\bin\Debug\net472\VideoOS.Utilities.UnitTests.dll" adapterTypeName="executor://mstestadapter/v2" className="VideoOS.Utilities.UnitTests.Database.DatabaseParameterTests" name="Constructor_String_Object_Int_Success" />
    </UnitTest>
    <UnitTest name="CreateLicenseRequest_Throws_WhenCompanyPublicKeyIsNull" storage="d:\actions-runner\_work\xpco\xpco\common\videoos.utilities\videoos.utilities.unittests\bin\debug\net472\videoos.utilities.unittests.dll" id="a94d41f2-a595-7d6a-84d4-8180033547b9">
      <Execution id="8453aab5-8aba-4827-a566-351486c7fe57" />
      <TestMethod codeBase="D:\actions-runner\_work\XPCO\XPCO\Common\VideoOS.Utilities\VideoOS.Utilities.UnitTests\bin\Debug\net472\VideoOS.Utilities.UnitTests.dll" adapterTypeName="executor://mstestadapter/v2" className="VideoOS.Utilities.UnitTests.Licensing.LicenseFileHelperTests" name="CreateLicenseRequest_Throws_WhenCompanyPublicKeyIsNull" />
    </UnitTest>
    <UnitTest name="RunRetryableActionWhileInTransactionLevelGt0Success" storage="d:\actions-runner\_work\xpco\xpco\common\videoos.utilities\videoos.utilities.unittests\bin\debug\net472\videoos.utilities.unittests.dll" id="dff63977-0903-d16e-e458-b0b911e67d40">
      <TestCategory>
        <TestCategoryItem TestCategory="DatabaseConnection" />
      </TestCategory>
      <Execution id="590eb1b8-96b7-4b44-9a98-59570d257828" />
      <TestMethod codeBase="D:\actions-runner\_work\XPCO\XPCO\Common\VideoOS.Utilities\VideoOS.Utilities.UnitTests\bin\Debug\net472\VideoOS.Utilities.UnitTests.dll" adapterTypeName="executor://mstestadapter/v2" className="VideoOS.Utilities.UnitTests.Database.DatabaseConnectionTests" name="RunRetryableActionWhileInTransactionLevelGt0Success" />
    </UnitTest>
    <UnitTest name="RemoveInvalidXMLChars_Empty_EmptyResult" storage="d:\actions-runner\_work\xpco\xpco\common\videoos.utilities\videoos.utilities.unittests\bin\debug\net472\videoos.utilities.unittests.dll" id="d20d53c4-d60c-1b48-530e-96eb522a068a">
      <Execution id="3f29cf86-4c96-4a09-9c36-8dc6026c4bad" />
      <TestMethod codeBase="D:\actions-runner\_work\XPCO\XPCO\Common\VideoOS.Utilities\VideoOS.Utilities.UnitTests\bin\Debug\net472\VideoOS.Utilities.UnitTests.dll" adapterTypeName="executor://mstestadapter/v2" className="VideoOS.Utilities.UnitTests.Formatting.CharacterTests" name="RemoveInvalidXMLChars_Empty_EmptyResult" />
    </UnitTest>
    <UnitTest name="EncryptAndDecryptWithSpecificKey" storage="d:\actions-runner\_work\xpco\xpco\common\videoos.utilities\videoos.utilities.unittests\bin\debug\net472\videoos.utilities.unittests.dll" id="5dab0953-f8e5-4596-9599-693185a38502">
      <Execution id="850aa368-9cda-4bb6-a22c-5bff6dd02e5c" />
      <TestMethod codeBase="D:\actions-runner\_work\XPCO\XPCO\Common\VideoOS.Utilities\VideoOS.Utilities.UnitTests\bin\Debug\net472\VideoOS.Utilities.UnitTests.dll" adapterTypeName="executor://mstestadapter/v2" className="VideoOS.Utilities.UnitTests.Cryptography.Encryption" name="EncryptAndDecryptWithSpecificKey" />
    </UnitTest>
    <UnitTest name="DeleteSslConfiguration_Param_NullKeyTest" storage="d:\actions-runner\_work\xpco\xpco\common\videoos.utilities\videoos.utilities.unittests\bin\debug\net472\videoos.utilities.unittests.dll" id="9b3f24a1-44c5-9716-97ad-15fff77c7013">
      <Execution id="8dc111ca-fbff-4af3-9753-d96b604e0322" />
      <TestMethod codeBase="D:\actions-runner\_work\XPCO\XPCO\Common\VideoOS.Utilities\VideoOS.Utilities.UnitTests\bin\Debug\net472\VideoOS.Utilities.UnitTests.dll" adapterTypeName="executor://mstestadapter/v2" className="VideoOS.Utilities.UnitTests.Windows.Http.HttpSysConfigTest" name="DeleteSslConfiguration_Param_NullKeyTest" />
    </UnitTest>
    <UnitTest name="Parse_StrongWildcard_Https_NoRelativePathTest_NoTrailingSlash" storage="d:\actions-runner\_work\xpco\xpco\common\videoos.utilities\videoos.utilities.unittests\bin\debug\net472\videoos.utilities.unittests.dll" id="66af18d1-3c4a-bdc0-363d-39fdb1c16fb5">
      <Execution id="e5428b31-87dd-41ab-9e4c-bc7a1f3f50ab" />
      <TestMethod codeBase="D:\actions-runner\_work\XPCO\XPCO\Common\VideoOS.Utilities\VideoOS.Utilities.UnitTests\bin\Debug\net472\VideoOS.Utilities.UnitTests.dll" adapterTypeName="executor://mstestadapter/v2" className="VideoOS.Utilities.UnitTests.Windows.UrlPrefixTest" name="Parse_StrongWildcard_Https_NoRelativePathTest_NoTrailingSlash" />
    </UnitTest>
    <UnitTest name="Async_Method_Fires_Exception" storage="d:\actions-runner\_work\xpco\xpco\common\videoos.utilities\videoos.utilities.unittests\bin\debug\net472\videoos.utilities.unittests.dll" id="5b81d6e5-094a-36a1-d020-7e14c1925021">
      <Execution id="007df2c7-ba1b-4572-8ce3-47407e3b2ece" />
      <TestMethod codeBase="D:\actions-runner\_work\XPCO\XPCO\Common\VideoOS.Utilities\VideoOS.Utilities.UnitTests\bin\Debug\net472\VideoOS.Utilities.UnitTests.dll" adapterTypeName="executor://mstestadapter/v2" className="VideoOS.Utilities.UnitTests.Threading.TaskExtensionTest" name="Async_Method_Fires_Exception" />
    </UnitTest>
    <UnitTest name="FormatByteSizeStringExactTest2" storage="d:\actions-runner\_work\xpco\xpco\common\videoos.utilities\videoos.utilities.unittests\bin\debug\net472\videoos.utilities.unittests.dll" id="d2c6cd89-3134-4c47-ed4c-f9654d49986a">
      <Execution id="ac332a0c-aafb-46dd-bb07-2455cb135088" />
      <TestMethod codeBase="D:\actions-runner\_work\XPCO\XPCO\Common\VideoOS.Utilities\VideoOS.Utilities.UnitTests\bin\Debug\net472\VideoOS.Utilities.UnitTests.dll" adapterTypeName="executor://mstestadapter/v2" className="VideoOS.Utilities.UnitTests.StringFormattingTest" name="FormatByteSizeStringExactTest2" />
    </UnitTest>
    <UnitTest name="ConstructDatabaseConnectionInfo_DatabaseSourceAndDatabaseName_Success" storage="d:\actions-runner\_work\xpco\xpco\common\videoos.utilities\videoos.utilities.unittests\bin\debug\net472\videoos.utilities.unittests.dll" id="a568b409-38f1-6ad9-4f1d-3150733bf202">
      <Execution id="cdae1a2f-5e6f-4e0b-be5d-fe9eced28189" />
      <TestMethod codeBase="D:\actions-runner\_work\XPCO\XPCO\Common\VideoOS.Utilities\VideoOS.Utilities.UnitTests\bin\Debug\net472\VideoOS.Utilities.UnitTests.dll" adapterTypeName="executor://mstestadapter/v2" className="VideoOS.Utilities.UnitTests.Database.DatabaseConnectionInfoTests" name="ConstructDatabaseConnectionInfo_DatabaseSourceAndDatabaseName_Success" />
    </UnitTest>
    <UnitTest name="DeleteUrlReservation_Param_NullPrefixTest" storage="d:\actions-runner\_work\xpco\xpco\common\videoos.utilities\videoos.utilities.unittests\bin\debug\net472\videoos.utilities.unittests.dll" id="806deb80-9486-1446-8b63-998fe3e82f73">
      <Execution id="9bdc5725-9a80-4271-8949-a1d604e01b6b" />
      <TestMethod codeBase="D:\actions-runner\_work\XPCO\XPCO\Common\VideoOS.Utilities\VideoOS.Utilities.UnitTests\bin\Debug\net472\VideoOS.Utilities.UnitTests.dll" adapterTypeName="executor://mstestadapter/v2" className="VideoOS.Utilities.UnitTests.Windows.Http.HttpSysConfigTest" name="DeleteUrlReservation_Param_NullPrefixTest" />
    </UnitTest>
    <UnitTest name="Decode_WhenInvalidBase64Data_Exception" storage="d:\actions-runner\_work\xpco\xpco\common\videoos.utilities\videoos.utilities.unittests\bin\debug\net472\videoos.utilities.unittests.dll" id="73ad64b2-400a-e2bf-e885-7761dc1b879c">
      <Execution id="890172cd-b7e4-4468-b55f-5baadf12cfa9" />
      <TestMethod codeBase="D:\actions-runner\_work\XPCO\XPCO\Common\VideoOS.Utilities\VideoOS.Utilities.UnitTests\bin\Debug\net472\VideoOS.Utilities.UnitTests.dll" adapterTypeName="executor://mstestadapter/v2" className="VideoOS.Utilities.UnitTests.Formatting.Base64EncoderTest" name="Decode_WhenInvalidBase64Data_Exception" />
    </UnitTest>
    <UnitTest name="EndpointSupportsSsl_InvalidTimeoutInSeconds_BelowMinimum_Throws_ArgumentException" storage="d:\actions-runner\_work\xpco\xpco\common\videoos.utilities\videoos.utilities.unittests\bin\debug\net472\videoos.utilities.unittests.dll" id="b05dd664-b57f-ba95-fe26-dd98a5759af1">
      <Execution id="cff0d8d8-6e42-4497-b1b6-b1dfb1b459b9" />
      <TestMethod codeBase="D:\actions-runner\_work\XPCO\XPCO\Common\VideoOS.Utilities\VideoOS.Utilities.UnitTests\bin\Debug\net472\VideoOS.Utilities.UnitTests.dll" adapterTypeName="executor://mstestadapter/v2" className="VideoOS.Utilities.UnitTests.Network.SslUtilitiesTests" name="EndpointSupportsSsl_InvalidTimeoutInSeconds_BelowMinimum_Throws_ArgumentException" />
    </UnitTest>
    <UnitTest name="ShowHelp_OfflineWorkflow__DisplayHtmlHelp_InvokedWithValidUrl" storage="d:\actions-runner\_work\xpco\xpco\common\videoos.utilities\videoos.utilities.unittests\bin\debug\net472\videoos.utilities.unittests.dll" id="1a3838aa-5811-5cf2-c4d4-5954ea5afd82">
      <TestCategory>
        <TestCategoryItem TestCategory="Help" />
      </TestCategory>
      <Execution id="48a5cdaf-e4d2-4b18-aea9-48ec60a6089e" />
      <TestMethod codeBase="D:\actions-runner\_work\XPCO\XPCO\Common\VideoOS.Utilities\VideoOS.Utilities.UnitTests\bin\Debug\net472\VideoOS.Utilities.UnitTests.dll" adapterTypeName="executor://mstestadapter/v2" className="VideoOS.Utilities.UnitTests.Help.HelpManagerTests" name="ShowHelp_OfflineWorkflow__DisplayHtmlHelp_InvokedWithValidUrl" />
    </UnitTest>
    <UnitTest name="FormatByteSizeStringExactUlongTest11" storage="d:\actions-runner\_work\xpco\xpco\common\videoos.utilities\videoos.utilities.unittests\bin\debug\net472\videoos.utilities.unittests.dll" id="32abfdbf-368d-b1bb-16ce-a913ad32a93c">
      <Execution id="63573279-883b-4524-8841-8dc28c0bba0d" />
      <TestMethod codeBase="D:\actions-runner\_work\XPCO\XPCO\Common\VideoOS.Utilities\VideoOS.Utilities.UnitTests\bin\Debug\net472\VideoOS.Utilities.UnitTests.dll" adapterTypeName="executor://mstestadapter/v2" className="VideoOS.Utilities.UnitTests.StringFormattingTest" name="FormatByteSizeStringExactUlongTest11" />
    </UnitTest>
    <UnitTest name="FormatByteSizeStringExactTest8" storage="d:\actions-runner\_work\xpco\xpco\common\videoos.utilities\videoos.utilities.unittests\bin\debug\net472\videoos.utilities.unittests.dll" id="12123a04-6a7d-9a7e-532b-47db46b56af1">
      <Execution id="cad8aaab-d285-4e43-b969-f7de438d91dc" />
      <TestMethod codeBase="D:\actions-runner\_work\XPCO\XPCO\Common\VideoOS.Utilities\VideoOS.Utilities.UnitTests\bin\Debug\net472\VideoOS.Utilities.UnitTests.dll" adapterTypeName="executor://mstestadapter/v2" className="VideoOS.Utilities.UnitTests.StringFormattingTest" name="FormatByteSizeStringExactTest8" />
    </UnitTest>
    <UnitTest name="GetSqlConnection_IntegratedSecuritySetUsingYes_Success" storage="d:\actions-runner\_work\xpco\xpco\common\videoos.utilities\videoos.utilities.unittests\bin\debug\net472\videoos.utilities.unittests.dll" id="02a432cf-4b04-c72f-1b20-0817c3291678">
      <TestCategory>
        <TestCategoryItem TestCategory="Database" />
      </TestCategory>
      <Execution id="d21d588f-9034-4b24-91d1-c0be9311f8ad" />
      <TestMethod codeBase="D:\actions-runner\_work\XPCO\XPCO\Common\VideoOS.Utilities\VideoOS.Utilities.UnitTests\bin\Debug\net472\VideoOS.Utilities.UnitTests.dll" adapterTypeName="executor://mstestadapter/v2" className="VideoOS.Utilities.UnitTests.Database.SqlConnectionManagerTests" name="GetSqlConnection_IntegratedSecuritySetUsingYes_Success" />
    </UnitTest>
    <UnitTest name="Parse_InvalidData_InvalidPortTest3" storage="d:\actions-runner\_work\xpco\xpco\common\videoos.utilities\videoos.utilities.unittests\bin\debug\net472\videoos.utilities.unittests.dll" id="c7bbc647-3e1b-d450-cce3-09808a240509">
      <Execution id="d72f0663-3ecf-4c10-a440-e38c6d3031e0" />
      <TestMethod codeBase="D:\actions-runner\_work\XPCO\XPCO\Common\VideoOS.Utilities\VideoOS.Utilities.UnitTests\bin\Debug\net472\VideoOS.Utilities.UnitTests.dll" adapterTypeName="executor://mstestadapter/v2" className="VideoOS.Utilities.UnitTests.Windows.UrlPrefixTest" name="Parse_InvalidData_InvalidPortTest3" />
    </UnitTest>
    <UnitTest name="Constructor_ShouldThrowArgumentNullException_WhenFoldermNameIsNull" storage="d:\actions-runner\_work\xpco\xpco\common\videoos.utilities\videoos.utilities.unittests\bin\debug\net472\videoos.utilities.unittests.dll" id="25c9d848-d632-706e-91c2-392c75fc1d51">
      <Execution id="3446e57f-f69a-46cd-aaad-a1d78dab6bb5" />
      <TestMethod codeBase="D:\actions-runner\_work\XPCO\XPCO\Common\VideoOS.Utilities\VideoOS.Utilities.UnitTests\bin\Debug\net472\VideoOS.Utilities.UnitTests.dll" adapterTypeName="executor://mstestadapter/v2" className="VideoOS.Utilities.UnitTests.KeyManagement.FilePasswordProviderTests" name="Constructor_ShouldThrowArgumentNullException_WhenFoldermNameIsNull" />
    </UnitTest>
    <UnitTest name="CreateIPBoundWeakWildcard_IPv4_InvalidPort" storage="d:\actions-runner\_work\xpco\xpco\common\videoos.utilities\videoos.utilities.unittests\bin\debug\net472\videoos.utilities.unittests.dll" id="84efefe4-2f76-ff05-86d1-84d6784b3574">
      <Execution id="b7eb0104-d5d4-412f-abbb-7ddbd85ebfe8" />
      <TestMethod codeBase="D:\actions-runner\_work\XPCO\XPCO\Common\VideoOS.Utilities\VideoOS.Utilities.UnitTests\bin\Debug\net472\VideoOS.Utilities.UnitTests.dll" adapterTypeName="executor://mstestadapter/v2" className="VideoOS.Utilities.UnitTests.Windows.UrlPrefixTest" name="CreateIPBoundWeakWildcard_IPv4_InvalidPort" />
    </UnitTest>
    <UnitTest name="ComputeHash_ShouldReturnSameHashForSameByteArray" storage="d:\actions-runner\_work\xpco\xpco\common\videoos.utilities\videoos.utilities.unittests\bin\debug\net472\videoos.utilities.unittests.dll" id="d883e8ec-ed15-f934-3d1b-04767121e20e">
      <Execution id="12eec360-1b9d-418e-a04a-abaa44b4695e" />
      <TestMethod codeBase="D:\actions-runner\_work\XPCO\XPCO\Common\VideoOS.Utilities\VideoOS.Utilities.UnitTests\bin\Debug\net472\VideoOS.Utilities.UnitTests.dll" adapterTypeName="executor://mstestadapter/v2" className="VideoOS.Utilities.UnitTests.Cryptography.SHA256HashAlgorithmTests" name="ComputeHash_ShouldReturnSameHashForSameByteArray" />
    </UnitTest>
    <UnitTest name="Dequeues_Five_Messages_Post_Added" storage="d:\actions-runner\_work\xpco\xpco\common\videoos.utilities\videoos.utilities.unittests\bin\debug\net472\videoos.utilities.unittests.dll" id="bb2beaed-b9d7-d298-993e-2c026228f646">
      <Execution id="8c643a00-3166-4d03-9287-94b712a80887" />
      <TestMethod codeBase="D:\actions-runner\_work\XPCO\XPCO\Common\VideoOS.Utilities\VideoOS.Utilities.UnitTests\bin\Debug\net472\VideoOS.Utilities.UnitTests.dll" adapterTypeName="executor://mstestadapter/v2" className="VideoOS.Utilities.UnitTests.Collections.LongPollingMessageQueueTest" name="Dequeues_Five_Messages_Post_Added" />
    </UnitTest>
    <UnitTest name="Decrypt_UsingStoredKey_Success" storage="d:\actions-runner\_work\xpco\xpco\common\videoos.utilities\videoos.utilities.unittests\bin\debug\net472\videoos.utilities.unittests.dll" id="c096eabf-b646-5277-57d9-044af92752a5">
      <Execution id="8321bdaf-af45-474d-8617-ce85f964e890" />
      <TestMethod codeBase="D:\actions-runner\_work\XPCO\XPCO\Common\VideoOS.Utilities\VideoOS.Utilities.UnitTests\bin\Debug\net472\VideoOS.Utilities.UnitTests.dll" adapterTypeName="executor://mstestadapter/v2" className="VideoOS.Utilities.UnitTests.Cryptography.RsaCngAsymmetricEncryptionTests" name="Decrypt_UsingStoredKey_Success" />
    </UnitTest>
    <UnitTest name="Parse_InvalidData_InvalidPortTest4" storage="d:\actions-runner\_work\xpco\xpco\common\videoos.utilities\videoos.utilities.unittests\bin\debug\net472\videoos.utilities.unittests.dll" id="f946c001-2088-2a4c-235b-e55c2bf881df">
      <Execution id="506bd4fd-7ec1-48a0-a129-1903cb8c9096" />
      <TestMethod codeBase="D:\actions-runner\_work\XPCO\XPCO\Common\VideoOS.Utilities\VideoOS.Utilities.UnitTests\bin\Debug\net472\VideoOS.Utilities.UnitTests.dll" adapterTypeName="executor://mstestadapter/v2" className="VideoOS.Utilities.UnitTests.Windows.UrlPrefixTest" name="Parse_InvalidData_InvalidPortTest4" />
    </UnitTest>
    <UnitTest name="SimpleValidSignature" storage="d:\actions-runner\_work\xpco\xpco\common\videoos.utilities\videoos.utilities.unittests\bin\debug\net472\videoos.utilities.unittests.dll" id="93be8a15-d30b-59c3-9baa-ecde9bcf9e7d">
      <Execution id="29bcdc32-0b02-4ae8-a4c9-16c15940a1d3" />
      <TestMethod codeBase="D:\actions-runner\_work\XPCO\XPCO\Common\VideoOS.Utilities\VideoOS.Utilities.UnitTests\bin\Debug\net472\VideoOS.Utilities.UnitTests.dll" adapterTypeName="executor://mstestadapter/v2" className="VideoOS.Utilities.UnitTests.Cryptography.StringSignatures" name="SimpleValidSignature" />
    </UnitTest>
    <UnitTest name="Parse_InvalidData_EmptyStringTest" storage="d:\actions-runner\_work\xpco\xpco\common\videoos.utilities\videoos.utilities.unittests\bin\debug\net472\videoos.utilities.unittests.dll" id="1d6beb11-0274-40f5-e90d-24ccaf0432c0">
      <Execution id="93b35202-ab68-412d-9342-683b91eec6cd" />
      <TestMethod codeBase="D:\actions-runner\_work\XPCO\XPCO\Common\VideoOS.Utilities\VideoOS.Utilities.UnitTests\bin\Debug\net472\VideoOS.Utilities.UnitTests.dll" adapterTypeName="executor://mstestadapter/v2" className="VideoOS.Utilities.UnitTests.Windows.UrlPrefixTest" name="Parse_InvalidData_EmptyStringTest" />
    </UnitTest>
    <UnitTest name="InvalidPathToSecureFolderResultsInException" storage="d:\actions-runner\_work\xpco\xpco\common\videoos.utilities\videoos.utilities.unittests\bin\debug\net472\videoos.utilities.unittests.dll" id="26b1b776-9f67-2484-a7a6-868cf6e041be">
      <Execution id="e7eceea9-016f-41e2-8196-309588d28ada" />
      <TestMethod codeBase="D:\actions-runner\_work\XPCO\XPCO\Common\VideoOS.Utilities\VideoOS.Utilities.UnitTests\bin\Debug\net472\VideoOS.Utilities.UnitTests.dll" adapterTypeName="executor://mstestadapter/v2" className="VideoOS.Utilities.UnitTests.Security.SecureFolderTests" name="InvalidPathToSecureFolderResultsInException" />
    </UnitTest>
    <UnitTest name="HSL_InvalidH_ThrowsArgumentException" storage="d:\actions-runner\_work\xpco\xpco\common\videoos.utilities\videoos.utilities.unittests\bin\debug\net472\videoos.utilities.unittests.dll" id="6f0c4fd5-1396-4a2d-d737-3b757b6cb543">
      <Execution id="3b6b6f9e-9707-4a1c-8d6c-93e6cd4474ef" />
      <TestMethod codeBase="D:\actions-runner\_work\XPCO\XPCO\Common\VideoOS.Utilities\VideoOS.Utilities.UnitTests\bin\Debug\net472\VideoOS.Utilities.UnitTests.dll" adapterTypeName="executor://mstestadapter/v2" className="VideoOS.Utilities.UnitTests.Colors.ColorConverterTests" name="HSL_InvalidH_ThrowsArgumentException" />
    </UnitTest>
    <UnitTest name="Parse_StrongWildcard_Https_WithRelativePathTest" storage="d:\actions-runner\_work\xpco\xpco\common\videoos.utilities\videoos.utilities.unittests\bin\debug\net472\videoos.utilities.unittests.dll" id="e7732954-0ebd-70e8-5548-a626a8593a17">
      <Execution id="9f4b5dbc-750d-4484-85b1-045518a6dc85" />
      <TestMethod codeBase="D:\actions-runner\_work\XPCO\XPCO\Common\VideoOS.Utilities\VideoOS.Utilities.UnitTests\bin\Debug\net472\VideoOS.Utilities.UnitTests.dll" adapterTypeName="executor://mstestadapter/v2" className="VideoOS.Utilities.UnitTests.Windows.UrlPrefixTest" name="Parse_StrongWildcard_Https_WithRelativePathTest" />
    </UnitTest>
    <UnitTest name="HasPassword_ShouldReturnTrue_IfPasswordExists" storage="d:\actions-runner\_work\xpco\xpco\common\videoos.utilities\videoos.utilities.unittests\bin\debug\net472\videoos.utilities.unittests.dll" id="42046de8-02dc-a2da-ccf9-8b26b63eb9da">
      <Execution id="d64aa8ab-1ee7-458d-95a3-94ec9375dfac" />
      <TestMethod codeBase="D:\actions-runner\_work\XPCO\XPCO\Common\VideoOS.Utilities\VideoOS.Utilities.UnitTests\bin\Debug\net472\VideoOS.Utilities.UnitTests.dll" adapterTypeName="executor://mstestadapter/v2" className="VideoOS.Utilities.UnitTests.KeyManagement.FilePasswordProviderTests" name="HasPassword_ShouldReturnTrue_IfPasswordExists" />
    </UnitTest>
    <UnitTest name="OnlyRetriesALimitedNumberOfTimesOnConnectionError" storage="d:\actions-runner\_work\xpco\xpco\common\videoos.utilities\videoos.utilities.unittests\bin\debug\net472\videoos.utilities.unittests.dll" id="1ba5436e-01a2-6387-85da-a1e3d5b0618d">
      <TestCategory>
        <TestCategoryItem TestCategory="DatabaseConnection" />
      </TestCategory>
      <Execution id="65661acb-8e52-4770-ade4-5451944bd794" />
      <TestMethod codeBase="D:\actions-runner\_work\XPCO\XPCO\Common\VideoOS.Utilities\VideoOS.Utilities.UnitTests\bin\Debug\net472\VideoOS.Utilities.UnitTests.dll" adapterTypeName="executor://mstestadapter/v2" className="VideoOS.Utilities.UnitTests.Database.DatabaseConnectionTests" name="OnlyRetriesALimitedNumberOfTimesOnConnectionError" />
    </UnitTest>
    <UnitTest name="Given_TwoDifferentPasswords_When_Validating_AProperErrorMessageIsReturned" storage="d:\actions-runner\_work\xpco\xpco\common\videoos.utilities\videoos.utilities.unittests\bin\debug\net472\videoos.utilities.unittests.dll" id="77d97a86-1a5d-d799-c662-580704ebb4ff">
      <Execution id="6efc15fb-a838-4b8c-a67c-3d5eb63ab9d0" />
      <TestMethod codeBase="D:\actions-runner\_work\XPCO\XPCO\Common\VideoOS.Utilities\VideoOS.Utilities.UnitTests\bin\Debug\net472\VideoOS.Utilities.UnitTests.dll" adapterTypeName="executor://mstestadapter/v2" className="VideoOS.Common.EnvironmentServices.UnitTests.Security.PasswordValidatorTest" name="Given_TwoDifferentPasswords_When_Validating_AProperErrorMessageIsReturned" />
    </UnitTest>
    <UnitTest name="ExecuteNonQueryAsyncTest" storage="d:\actions-runner\_work\xpco\xpco\common\videoos.utilities\videoos.utilities.unittests\bin\debug\net472\videoos.utilities.unittests.dll" id="589436c5-24f1-9b9b-f00c-1639c2701f78">
      <TestCategory>
        <TestCategoryItem TestCategory="DatabaseCommand" />
      </TestCategory>
      <Execution id="4a299876-9ae4-4da4-ae9e-50f4e6dd759c" />
      <TestMethod codeBase="D:\actions-runner\_work\XPCO\XPCO\Common\VideoOS.Utilities\VideoOS.Utilities.UnitTests\bin\Debug\net472\VideoOS.Utilities.UnitTests.dll" adapterTypeName="executor://mstestadapter/v2" className="VideoOS.Utilities.UnitTests.Database.SqlResourceComponentTest" name="ExecuteNonQueryAsyncTest" />
    </UnitTest>
    <UnitTest name="CompositeWarningLevel" storage="d:\actions-runner\_work\xpco\xpco\common\videoos.utilities\videoos.utilities.unittests\bin\debug\net472\videoos.utilities.unittests.dll" id="fe054a7c-0d44-5a6f-eb77-0e31b0cd3386">
      <Execution id="64dad299-004a-415d-be40-44bf334ca934" />
      <TestMethod codeBase="D:\actions-runner\_work\XPCO\XPCO\Common\VideoOS.Utilities\VideoOS.Utilities.UnitTests\bin\Debug\net472\VideoOS.Utilities.UnitTests.dll" adapterTypeName="executor://mstestadapter/v2" className="VideoOS.Utilities.UnitTests.Diagnostics.Levels" name="CompositeWarningLevel" />
    </UnitTest>
    <UnitTest name="NullCheckSupportsStrings" storage="d:\actions-runner\_work\xpco\xpco\common\videoos.utilities\videoos.utilities.unittests\bin\debug\net472\videoos.utilities.unittests.dll" id="b3d5b776-7954-57de-ff89-1e86f8900464">
      <Execution id="1b6f828b-0784-4ddc-ac92-5ae8bc539cc4" />
      <TestMethod codeBase="D:\actions-runner\_work\XPCO\XPCO\Common\VideoOS.Utilities\VideoOS.Utilities.UnitTests\bin\Debug\net472\VideoOS.Utilities.UnitTests.dll" adapterTypeName="executor://mstestadapter/v2" className="VideoOS.Utilities.UnitTests.Validation.ValidationTests" name="NullCheckSupportsStrings" />
    </UnitTest>
    <UnitTest name="CreateExplicit_StrongWildcardHost" storage="d:\actions-runner\_work\xpco\xpco\common\videoos.utilities\videoos.utilities.unittests\bin\debug\net472\videoos.utilities.unittests.dll" id="c9115134-3a66-60ac-719d-00bd512badb4">
      <Execution id="4f0864d6-9313-44a9-bdba-e054cce0649a" />
      <TestMethod codeBase="D:\actions-runner\_work\XPCO\XPCO\Common\VideoOS.Utilities\VideoOS.Utilities.UnitTests\bin\Debug\net472\VideoOS.Utilities.UnitTests.dll" adapterTypeName="executor://mstestadapter/v2" className="VideoOS.Utilities.UnitTests.Windows.UrlPrefixTest" name="CreateExplicit_StrongWildcardHost" />
    </UnitTest>
    <UnitTest name="Given_daDK_svSE_deDESupported_When_GettingAvailableLanguages_NativeNamesAreDanskSvenskaDeutschIsReturned" storage="d:\actions-runner\_work\xpco\xpco\common\videoos.utilities\videoos.utilities.unittests\bin\debug\net472\videoos.utilities.unittests.dll" id="e3d2f4b4-4bae-40b1-8113-4f749d5c5430">
      <Execution id="3341bd26-98dd-40e1-ba3b-b6b04868980e" />
      <TestMethod codeBase="D:\actions-runner\_work\XPCO\XPCO\Common\VideoOS.Utilities\VideoOS.Utilities.UnitTests\bin\Debug\net472\VideoOS.Utilities.UnitTests.dll" adapterTypeName="executor://mstestadapter/v2" className="VideoOS.Utilities.UnitTests.Globalization.SettingsViewModelTest" name="Given_daDK_svSE_deDESupported_When_GettingAvailableLanguages_NativeNamesAreDanskSvenskaDeutschIsReturned" />
    </UnitTest>
    <UnitTest name="GivenSecureFolderWithTwoUserAccounWhenSettingExclusiveAccountTheOtherUserAccouintsAreRemoved" storage="d:\actions-runner\_work\xpco\xpco\common\videoos.utilities\videoos.utilities.unittests\bin\debug\net472\videoos.utilities.unittests.dll" id="df959513-e347-64a3-0552-b0f6f26e74b5">
      <Execution id="338bba8e-c3bf-4ec2-902e-ec395107f984" />
      <TestMethod codeBase="D:\actions-runner\_work\XPCO\XPCO\Common\VideoOS.Utilities\VideoOS.Utilities.UnitTests\bin\Debug\net472\VideoOS.Utilities.UnitTests.dll" adapterTypeName="executor://mstestadapter/v2" className="VideoOS.Utilities.UnitTests.Security.SecureFolderTests" name="GivenSecureFolderWithTwoUserAccounWhenSettingExclusiveAccountTheOtherUserAccouintsAreRemoved" />
    </UnitTest>
    <UnitTest name="CreateIPBoundWeakWildcard_IPv6_NoRelativePathTest" storage="d:\actions-runner\_work\xpco\xpco\common\videoos.utilities\videoos.utilities.unittests\bin\debug\net472\videoos.utilities.unittests.dll" id="ddbe8703-0958-b457-5a7d-b81bbfe3f85a">
      <Execution id="45dd1268-6a89-4fca-aece-c4fee6a4d29f" />
      <TestMethod codeBase="D:\actions-runner\_work\XPCO\XPCO\Common\VideoOS.Utilities\VideoOS.Utilities.UnitTests\bin\Debug\net472\VideoOS.Utilities.UnitTests.dll" adapterTypeName="executor://mstestadapter/v2" className="VideoOS.Utilities.UnitTests.Windows.UrlPrefixTest" name="CreateIPBoundWeakWildcard_IPv6_NoRelativePathTest" />
    </UnitTest>
    <UnitTest name="GetSqlConnection_TrustedConnectionWithUsernameAndPasswordSupplied__RemovesUserCredentials_Success" storage="d:\actions-runner\_work\xpco\xpco\common\videoos.utilities\videoos.utilities.unittests\bin\debug\net472\videoos.utilities.unittests.dll" id="7846512e-b2de-90fb-3989-273d6ef474d7">
      <TestCategory>
        <TestCategoryItem TestCategory="Database" />
      </TestCategory>
      <Execution id="e0bc4454-115c-4aed-92a3-0744f40d2516" />
      <TestMethod codeBase="D:\actions-runner\_work\XPCO\XPCO\Common\VideoOS.Utilities\VideoOS.Utilities.UnitTests\bin\Debug\net472\VideoOS.Utilities.UnitTests.dll" adapterTypeName="executor://mstestadapter/v2" className="VideoOS.Utilities.UnitTests.Database.SqlConnectionManagerTests" name="GetSqlConnection_TrustedConnectionWithUsernameAndPasswordSupplied__RemovesUserCredentials_Success" />
    </UnitTest>
    <UnitTest name="Close_WhenInitialized_Continue" storage="d:\actions-runner\_work\xpco\xpco\common\videoos.utilities\videoos.utilities.unittests\bin\debug\net472\videoos.utilities.unittests.dll" id="fd765706-fece-85c1-aaf1-a9c0a465fd55">
      <Execution id="2de5f62e-f78a-44a9-9161-7ac39a05d8dc" />
      <TestMethod codeBase="D:\actions-runner\_work\XPCO\XPCO\Common\VideoOS.Utilities\VideoOS.Utilities.UnitTests\bin\Debug\net472\VideoOS.Utilities.UnitTests.dll" adapterTypeName="executor://mstestadapter/v2" className="VideoOS.Utilities.UnitTests.Workflow.InitControlTests" name="Close_WhenInitialized_Continue" />
    </UnitTest>
    <UnitTest name="HasKey_ReturnsTrue_WhenKeyIsPresentInTheDatabase" storage="d:\actions-runner\_work\xpco\xpco\common\videoos.utilities\videoos.utilities.unittests\bin\debug\net472\videoos.utilities.unittests.dll" id="11fb3fad-2351-7080-3049-42238d7f70fd">
      <Execution id="3869d427-c726-4da2-b091-022daae69947" />
      <TestMethod codeBase="D:\actions-runner\_work\XPCO\XPCO\Common\VideoOS.Utilities\VideoOS.Utilities.UnitTests\bin\Debug\net472\VideoOS.Utilities.UnitTests.dll" adapterTypeName="executor://mstestadapter/v2" className="VideoOS.Utilities.UnitTests.KeyManagement.DatabaseKeyProviderTests" name="HasKey_ReturnsTrue_WhenKeyIsPresentInTheDatabase" />
    </UnitTest>
    <UnitTest name="ConstructDatabaseConnectionInfo_With_ApplicationName" storage="d:\actions-runner\_work\xpco\xpco\common\videoos.utilities\videoos.utilities.unittests\bin\debug\net472\videoos.utilities.unittests.dll" id="b704fdb0-c7bb-1693-71ff-6ae0dd6bc4d2">
      <Execution id="fa38b91b-dd2d-416e-a9c8-1b4234788b65" />
      <TestMethod codeBase="D:\actions-runner\_work\XPCO\XPCO\Common\VideoOS.Utilities\VideoOS.Utilities.UnitTests\bin\Debug\net472\VideoOS.Utilities.UnitTests.dll" adapterTypeName="executor://mstestadapter/v2" className="VideoOS.Utilities.UnitTests.Database.DatabaseConnectionInfoTests" name="ConstructDatabaseConnectionInfo_With_ApplicationName" />
    </UnitTest>
    <UnitTest name="EncryptionFactory_Throws_OnCreateAsymmetricWithKeysOkPaddingNullAndBlobNotNull" storage="d:\actions-runner\_work\xpco\xpco\common\videoos.utilities\videoos.utilities.unittests\bin\debug\net472\videoos.utilities.unittests.dll" id="aef9028d-d413-1f1a-acff-d17d12a2954f">
      <Execution id="14d207d9-c903-4e3a-b8f2-805faa361b42" />
      <TestMethod codeBase="D:\actions-runner\_work\XPCO\XPCO\Common\VideoOS.Utilities\VideoOS.Utilities.UnitTests\bin\Debug\net472\VideoOS.Utilities.UnitTests.dll" adapterTypeName="executor://mstestadapter/v2" className="VideoOS.Utilities.UnitTests.Cryptography.RsaCngAsymmetricEncryptionTests" name="EncryptionFactory_Throws_OnCreateAsymmetricWithKeysOkPaddingNullAndBlobNotNull" />
    </UnitTest>
    <UnitTest name="Given_FeaturesAreAvailableThatNeedsRebootWhenInstalled_When_EnsureFeaturesAreInstalled_Then_EnableFeaturesAreCalledWithExpectedArgumentsAndMethodReturnsNeedsReboot" storage="d:\actions-runner\_work\xpco\xpco\common\videoos.utilities\videoos.utilities.unittests\bin\debug\net472\videoos.utilities.unittests.dll" id="5fb11a48-a905-3463-7164-ec948dab152a">
      <Execution id="ffb1f023-8aa0-4b72-92ea-abbcca2c7e90" />
      <TestMethod codeBase="D:\actions-runner\_work\XPCO\XPCO\Common\VideoOS.Utilities\VideoOS.Utilities.UnitTests\bin\Debug\net472\VideoOS.Utilities.UnitTests.dll" adapterTypeName="executor://mstestadapter/v2" className="VideoOS.Utilities.UnitTests.Dism.DismSessionTest" name="Given_FeaturesAreAvailableThatNeedsRebootWhenInstalled_When_EnsureFeaturesAreInstalled_Then_EnableFeaturesAreCalledWithExpectedArgumentsAndMethodReturnsNeedsReboot" />
    </UnitTest>
    <UnitTest name="AccessControlUpdater_SetFileAccessControl_UseLocalSystem" storage="d:\actions-runner\_work\xpco\xpco\common\videoos.utilities\videoos.utilities.unittests\bin\debug\net472\videoos.utilities.unittests.dll" id="054bfef9-7d9c-4f40-14b7-a4a1c121a79d">
      <Execution id="82115bea-8ffa-474e-944c-fcf1a5b58275" />
      <TestMethod codeBase="D:\actions-runner\_work\XPCO\XPCO\Common\VideoOS.Utilities\VideoOS.Utilities.UnitTests\bin\Debug\net472\VideoOS.Utilities.UnitTests.dll" adapterTypeName="executor://mstestadapter/v2" className="VideoOS.Utilities.UnitTests.Security.AccessControlUpdaterTests" name="AccessControlUpdater_SetFileAccessControl_UseLocalSystem" />
    </UnitTest>
    <UnitTest name="Construction_KeyInformationIsDifferent_OnDefaultConstruction" storage="d:\actions-runner\_work\xpco\xpco\common\videoos.utilities\videoos.utilities.unittests\bin\debug\net472\videoos.utilities.unittests.dll" id="a31c3542-4e38-bd00-15b1-6d91136089ff">
      <Execution id="35e85b78-ca9a-4b01-a9a9-ddb94e081c01" />
      <TestMethod codeBase="D:\actions-runner\_work\XPCO\XPCO\Common\VideoOS.Utilities\VideoOS.Utilities.UnitTests\bin\Debug\net472\VideoOS.Utilities.UnitTests.dll" adapterTypeName="executor://mstestadapter/v2" className="VideoOS.Utilities.UnitTests.Cryptography.RsaCngAsymmetricEncryptionTests" name="Construction_KeyInformationIsDifferent_OnDefaultConstruction" />
    </UnitTest>
    <UnitTest name="FormatByteSizeStringExactTest6" storage="d:\actions-runner\_work\xpco\xpco\common\videoos.utilities\videoos.utilities.unittests\bin\debug\net472\videoos.utilities.unittests.dll" id="3aa9c7c4-1477-1ebf-7e13-c7cd4a09b351">
      <Execution id="9c0d88e0-972a-4a48-b754-b7054805d173" />
      <TestMethod codeBase="D:\actions-runner\_work\XPCO\XPCO\Common\VideoOS.Utilities\VideoOS.Utilities.UnitTests\bin\Debug\net472\VideoOS.Utilities.UnitTests.dll" adapterTypeName="executor://mstestadapter/v2" className="VideoOS.Utilities.UnitTests.StringFormattingTest" name="FormatByteSizeStringExactTest6" />
    </UnitTest>
    <UnitTest name="UseImportedConfigurationWithExternalIV" storage="d:\actions-runner\_work\xpco\xpco\common\videoos.utilities\videoos.utilities.unittests\bin\debug\net472\videoos.utilities.unittests.dll" id="e0eaad24-e7e1-f8e8-5bb5-f3e620df494d">
      <Execution id="9fec9147-3f19-49c2-a889-ee830ac354f8" />
      <TestMethod codeBase="D:\actions-runner\_work\XPCO\XPCO\Common\VideoOS.Utilities\VideoOS.Utilities.UnitTests\bin\Debug\net472\VideoOS.Utilities.UnitTests.dll" adapterTypeName="executor://mstestadapter/v2" className="VideoOS.Utilities.UnitTests.Cryptography.Encryption" name="UseImportedConfigurationWithExternalIV" />
    </UnitTest>
    <UnitTest name="SetText_MoreThan127Characters_CutsText" storage="d:\actions-runner\_work\xpco\xpco\common\videoos.utilities\videoos.utilities.unittests\bin\debug\net472\videoos.utilities.unittests.dll" id="377004f2-12bc-34ff-6f42-7950b88a086a">
      <Execution id="12052914-00c4-4938-afaf-3c0e55ca02a0" />
      <TestMethod codeBase="D:\actions-runner\_work\XPCO\XPCO\Common\VideoOS.Utilities\VideoOS.Utilities.UnitTests\bin\Debug\net472\VideoOS.Utilities.UnitTests.dll" adapterTypeName="executor://mstestadapter/v2" className="VideoOS.Utilities.UnitTests.WinFormsExtensions.NotifyIconExtensionsTests" name="SetText_MoreThan127Characters_CutsText" />
    </UnitTest>
    <UnitTest name="GetSqlConnection_UsernameAndPasswordSupplied_Success" storage="d:\actions-runner\_work\xpco\xpco\common\videoos.utilities\videoos.utilities.unittests\bin\debug\net472\videoos.utilities.unittests.dll" id="2452d0bf-6258-cf6b-3a40-dc31336f0d2b">
      <TestCategory>
        <TestCategoryItem TestCategory="Database" />
      </TestCategory>
      <Execution id="b905845b-056d-462b-ba23-ce669efd554e" />
      <TestMethod codeBase="D:\actions-runner\_work\XPCO\XPCO\Common\VideoOS.Utilities\VideoOS.Utilities.UnitTests\bin\Debug\net472\VideoOS.Utilities.UnitTests.dll" adapterTypeName="executor://mstestadapter/v2" className="VideoOS.Utilities.UnitTests.Database.SqlConnectionManagerTests" name="GetSqlConnection_UsernameAndPasswordSupplied_Success" />
    </UnitTest>
    <UnitTest name="Given_FeaturesAreAvailable_When_EnsureFeaturesAreInstalled_WithFeaturesThatInstallsSuccesfullyButNeedsReboot_Then_EnableFeaturesAreCalledWithExpectedArgumentsAndMethodReturnsNeedsReboot" storage="d:\actions-runner\_work\xpco\xpco\common\videoos.utilities\videoos.utilities.unittests\bin\debug\net472\videoos.utilities.unittests.dll" id="8bb53982-36a5-ccf6-0797-21c9eaef87ab">
      <Execution id="3db4e7f9-6de0-469f-8e60-b329adaed2f4" />
      <TestMethod codeBase="D:\actions-runner\_work\XPCO\XPCO\Common\VideoOS.Utilities\VideoOS.Utilities.UnitTests\bin\Debug\net472\VideoOS.Utilities.UnitTests.dll" adapterTypeName="executor://mstestadapter/v2" className="VideoOS.Utilities.UnitTests.Dism.DismSessionTest" name="Given_FeaturesAreAvailable_When_EnsureFeaturesAreInstalled_WithFeaturesThatInstallsSuccesfullyButNeedsReboot_Then_EnableFeaturesAreCalledWithExpectedArgumentsAndMethodReturnsNeedsReboot" />
    </UnitTest>
    <UnitTest name="GetAllParametersWithNoParameters" storage="d:\actions-runner\_work\xpco\xpco\common\videoos.utilities\videoos.utilities.unittests\bin\debug\net472\videoos.utilities.unittests.dll" id="f9365f57-5bb5-37f3-e6d7-f044fc7b06b0">
      <TestCategory>
        <TestCategoryItem TestCategory="DatabaseCommand" />
      </TestCategory>
      <Execution id="ff3ca35c-d94c-4b14-8ca3-8362b45ff47f" />
      <TestMethod codeBase="D:\actions-runner\_work\XPCO\XPCO\Common\VideoOS.Utilities\VideoOS.Utilities.UnitTests\bin\Debug\net472\VideoOS.Utilities.UnitTests.dll" adapterTypeName="executor://mstestadapter/v2" className="VideoOS.Utilities.UnitTests.Database.DatabaseCommandTest" name="GetAllParametersWithNoParameters" />
    </UnitTest>
    <UnitTest name="ExecuteReaderWithMultipleParametersAsyncNoArgs" storage="d:\actions-runner\_work\xpco\xpco\common\videoos.utilities\videoos.utilities.unittests\bin\debug\net472\videoos.utilities.unittests.dll" id="b27ba75a-d70a-287a-5d9e-b65a42439631">
      <TestCategory>
        <TestCategoryItem TestCategory="DatabaseCommand" />
      </TestCategory>
      <Execution id="570c5ba2-cbd9-44f0-81c1-117bf4448b2b" />
      <TestMethod codeBase="D:\actions-runner\_work\XPCO\XPCO\Common\VideoOS.Utilities\VideoOS.Utilities.UnitTests\bin\Debug\net472\VideoOS.Utilities.UnitTests.dll" adapterTypeName="executor://mstestadapter/v2" className="VideoOS.Utilities.UnitTests.Database.DatabaseCommandTest" name="ExecuteReaderWithMultipleParametersAsyncNoArgs" />
    </UnitTest>
    <UnitTest name="FormatByteSizeStringExactULTest4" storage="d:\actions-runner\_work\xpco\xpco\common\videoos.utilities\videoos.utilities.unittests\bin\debug\net472\videoos.utilities.unittests.dll" id="0416b849-8ddf-281b-bdfe-c4257a9da123">
      <Execution id="e2682d3b-d354-4244-a71f-e56b390bcc00" />
      <TestMethod codeBase="D:\actions-runner\_work\XPCO\XPCO\Common\VideoOS.Utilities\VideoOS.Utilities.UnitTests\bin\Debug\net472\VideoOS.Utilities.UnitTests.dll" adapterTypeName="executor://mstestadapter/v2" className="VideoOS.Utilities.UnitTests.StringFormattingTest" name="FormatByteSizeStringExactULTest4" />
    </UnitTest>
    <UnitTest name="ValidateWebAddress_WithNull" storage="d:\actions-runner\_work\xpco\xpco\common\videoos.utilities\videoos.utilities.unittests\bin\debug\net472\videoos.utilities.unittests.dll" id="6a60a5ac-aaa9-dc6c-d920-a86623f03938">
      <Execution id="16f7fdf1-2446-48d1-adb6-d87074983457" />
      <TestMethod codeBase="D:\actions-runner\_work\XPCO\XPCO\Common\VideoOS.Utilities\VideoOS.Utilities.UnitTests\bin\Debug\net472\VideoOS.Utilities.UnitTests.dll" adapterTypeName="executor://mstestadapter/v2" className="VideoOS.Utilities.UnitTests.Network.AddressValidationTests" name="ValidateWebAddress_WithNull" />
    </UnitTest>
    <UnitTest name="DeleteUrlReservation_Param_SunnyDayTest" storage="d:\actions-runner\_work\xpco\xpco\common\videoos.utilities\videoos.utilities.unittests\bin\debug\net472\videoos.utilities.unittests.dll" id="cde7e51e-35ed-100a-a550-358501305bf7">
      <Execution id="461f48f5-f189-4aa3-8d2e-670601919ccc" />
      <TestMethod codeBase="D:\actions-runner\_work\XPCO\XPCO\Common\VideoOS.Utilities\VideoOS.Utilities.UnitTests\bin\Debug\net472\VideoOS.Utilities.UnitTests.dll" adapterTypeName="executor://mstestadapter/v2" className="VideoOS.Utilities.UnitTests.Windows.Http.HttpSysConfigTest" name="DeleteUrlReservation_Param_SunnyDayTest" />
    </UnitTest>
    <UnitTest name="ImportAndExportConfigurationWithAndWithoutCompression" storage="d:\actions-runner\_work\xpco\xpco\common\videoos.utilities\videoos.utilities.unittests\bin\debug\net472\videoos.utilities.unittests.dll" id="6be417f9-c335-0427-52c9-96d899c8041d">
      <Execution id="60b7968e-4196-4b96-bc60-e827f2218530" />
      <TestMethod codeBase="D:\actions-runner\_work\XPCO\XPCO\Common\VideoOS.Utilities\VideoOS.Utilities.UnitTests\bin\Debug\net472\VideoOS.Utilities.UnitTests.dll" adapterTypeName="executor://mstestadapter/v2" className="VideoOS.Utilities.UnitTests.Cryptography.Encryption" name="ImportAndExportConfigurationWithAndWithoutCompression" />
    </UnitTest>
    <UnitTest name="EncryptionFactory_Throws_OnCreateAsymmetricWithKeysEmptyPaddingAndBlobNotNull" storage="d:\actions-runner\_work\xpco\xpco\common\videoos.utilities\videoos.utilities.unittests\bin\debug\net472\videoos.utilities.unittests.dll" id="c2370614-d604-7777-0b7d-92bf5f34040d">
      <Execution id="78661da0-df65-4649-942e-a2ca351cbe64" />
      <TestMethod codeBase="D:\actions-runner\_work\XPCO\XPCO\Common\VideoOS.Utilities\VideoOS.Utilities.UnitTests\bin\Debug\net472\VideoOS.Utilities.UnitTests.dll" adapterTypeName="executor://mstestadapter/v2" className="VideoOS.Utilities.UnitTests.Cryptography.RsaCngAsymmetricEncryptionTests" name="EncryptionFactory_Throws_OnCreateAsymmetricWithKeysEmptyPaddingAndBlobNotNull" />
    </UnitTest>
    <UnitTest name="CompositeErrorLevel" storage="d:\actions-runner\_work\xpco\xpco\common\videoos.utilities\videoos.utilities.unittests\bin\debug\net472\videoos.utilities.unittests.dll" id="443b9dec-e28d-0ac7-a793-7092f4a9976c">
      <Execution id="14b975f9-6c09-41b0-849e-997b266028a6" />
      <TestMethod codeBase="D:\actions-runner\_work\XPCO\XPCO\Common\VideoOS.Utilities\VideoOS.Utilities.UnitTests\bin\Debug\net472\VideoOS.Utilities.UnitTests.dll" adapterTypeName="executor://mstestadapter/v2" className="VideoOS.Utilities.UnitTests.Diagnostics.Levels" name="CompositeErrorLevel" />
    </UnitTest>
    <UnitTest name="RemoveInvalidXMLChars_Email_SameResult" storage="d:\actions-runner\_work\xpco\xpco\common\videoos.utilities\videoos.utilities.unittests\bin\debug\net472\videoos.utilities.unittests.dll" id="8aad7972-6339-8666-6698-b41f02042ac3">
      <Execution id="6c52f394-1702-46af-92b8-41dee2afad75" />
      <TestMethod codeBase="D:\actions-runner\_work\XPCO\XPCO\Common\VideoOS.Utilities\VideoOS.Utilities.UnitTests\bin\Debug\net472\VideoOS.Utilities.UnitTests.dll" adapterTypeName="executor://mstestadapter/v2" className="VideoOS.Utilities.UnitTests.Formatting.CharacterTests" name="RemoveInvalidXMLChars_Email_SameResult" />
    </UnitTest>
    <UnitTest name="ShowHelp_OfflineWorkflow__DisplayHtmlHelp_InvokeWithUNCPath" storage="d:\actions-runner\_work\xpco\xpco\common\videoos.utilities\videoos.utilities.unittests\bin\debug\net472\videoos.utilities.unittests.dll" id="307fe22a-fac9-b87a-1216-aca73ee96639">
      <TestCategory>
        <TestCategoryItem TestCategory="Help" />
      </TestCategory>
      <Execution id="c70bc4b9-e81f-47ad-956a-e34d9d5c457e" />
      <TestMethod codeBase="D:\actions-runner\_work\XPCO\XPCO\Common\VideoOS.Utilities\VideoOS.Utilities.UnitTests\bin\Debug\net472\VideoOS.Utilities.UnitTests.dll" adapterTypeName="executor://mstestadapter/v2" className="VideoOS.Utilities.UnitTests.Help.HelpManagerTests" name="ShowHelp_OfflineWorkflow__DisplayHtmlHelp_InvokeWithUNCPath" />
    </UnitTest>
    <UnitTest name="ConstructDatabaseConnectionInfo_CloneWithChangedDatabaseName_Success" storage="d:\actions-runner\_work\xpco\xpco\common\videoos.utilities\videoos.utilities.unittests\bin\debug\net472\videoos.utilities.unittests.dll" id="9b8986c2-1031-9198-5469-7e71a9906561">
      <Execution id="70f1b78d-6e86-4fb8-8987-23cda32b1ed7" />
      <TestMethod codeBase="D:\actions-runner\_work\XPCO\XPCO\Common\VideoOS.Utilities\VideoOS.Utilities.UnitTests\bin\Debug\net472\VideoOS.Utilities.UnitTests.dll" adapterTypeName="executor://mstestadapter/v2" className="VideoOS.Utilities.UnitTests.Database.DatabaseConnectionInfoTests" name="ConstructDatabaseConnectionInfo_CloneWithChangedDatabaseName_Success" />
    </UnitTest>
    <UnitTest name="Parse_StrongWildcard_Https_WithRelativePathTest_NoTrailingSlash" storage="d:\actions-runner\_work\xpco\xpco\common\videoos.utilities\videoos.utilities.unittests\bin\debug\net472\videoos.utilities.unittests.dll" id="884ecb2f-ce03-ec43-c561-69cc10afb055">
      <Execution id="4bf0bdd0-430e-4b5d-87eb-ff8a76fdcefc" />
      <TestMethod codeBase="D:\actions-runner\_work\XPCO\XPCO\Common\VideoOS.Utilities\VideoOS.Utilities.UnitTests\bin\Debug\net472\VideoOS.Utilities.UnitTests.dll" adapterTypeName="executor://mstestadapter/v2" className="VideoOS.Utilities.UnitTests.Windows.UrlPrefixTest" name="Parse_StrongWildcard_Https_WithRelativePathTest_NoTrailingSlash" />
    </UnitTest>
    <UnitTest name="Construction_InvalidNullKey_ThrowsArgumentNullException" storage="d:\actions-runner\_work\xpco\xpco\common\videoos.utilities\videoos.utilities.unittests\bin\debug\net472\videoos.utilities.unittests.dll" id="9fccf9d0-1398-60df-8898-e3a9adf19d4b">
      <Execution id="9c1da642-1ac0-4bd8-a0c3-6a656323fdb6" />
      <TestMethod codeBase="D:\actions-runner\_work\XPCO\XPCO\Common\VideoOS.Utilities\VideoOS.Utilities.UnitTests\bin\Debug\net472\VideoOS.Utilities.UnitTests.dll" adapterTypeName="executor://mstestadapter/v2" className="VideoOS.Utilities.UnitTests.Cryptography.RsaCngAsymmetricEncryptionTests" name="Construction_InvalidNullKey_ThrowsArgumentNullException" />
    </UnitTest>
    <UnitTest name="IsUpdateNeeded_CalculateAllValues_WhenDifferentEncountered" storage="d:\actions-runner\_work\xpco\xpco\common\videoos.utilities\videoos.utilities.unittests\bin\debug\net472\videoos.utilities.unittests.dll" id="30098cab-a01e-874e-bcf6-ecc840c812f2">
      <TestCategory>
        <TestCategoryItem TestCategory="UI.Facilitators" />
      </TestCategory>
      <Execution id="dd28f098-e401-4bfe-87d5-2c7c0992233c" />
      <TestMethod codeBase="D:\actions-runner\_work\XPCO\XPCO\Common\VideoOS.Utilities\VideoOS.Utilities.UnitTests\bin\Debug\net472\VideoOS.Utilities.UnitTests.dll" adapterTypeName="executor://mstestadapter/v2" className="VideoOS.Utilities.UnitTests.Workflow.CompareItemsUpdateStrategyTests" name="IsUpdateNeeded_CalculateAllValues_WhenDifferentEncountered" />
    </UnitTest>
    <UnitTest name="EncryptStringDataTestWrongPasswordDES" storage="d:\actions-runner\_work\xpco\xpco\common\videoos.utilities\videoos.utilities.unittests\bin\debug\net472\videoos.utilities.unittests.dll" id="116fd96b-dde0-1b91-6cf9-e6ca8d269e2b">
      <Execution id="ef03a9bc-f5f8-446a-9773-bc6ecf4c972d" />
      <TestMethod codeBase="D:\actions-runner\_work\XPCO\XPCO\Common\VideoOS.Utilities\VideoOS.Utilities.UnitTests\bin\Debug\net472\VideoOS.Utilities.UnitTests.dll" adapterTypeName="executor://mstestadapter/v2" className="VideoOS.Utilities.UnitTests.Cryptography.Encryption" name="EncryptStringDataTestWrongPasswordDES" />
    </UnitTest>
    <UnitTest name="EnforceUrlReservation_Parameter_NullPrefixTest" storage="d:\actions-runner\_work\xpco\xpco\common\videoos.utilities\videoos.utilities.unittests\bin\debug\net472\videoos.utilities.unittests.dll" id="3b0ed5c5-28f4-8748-a0ec-63e3ab74f342">
      <Execution id="ca12dd24-1f05-46ea-8697-9f43a87c5c13" />
      <TestMethod codeBase="D:\actions-runner\_work\XPCO\XPCO\Common\VideoOS.Utilities\VideoOS.Utilities.UnitTests\bin\Debug\net472\VideoOS.Utilities.UnitTests.dll" adapterTypeName="executor://mstestadapter/v2" className="VideoOS.Utilities.UnitTests.Windows.Http.HttpSysConfigTest" name="EnforceUrlReservation_Parameter_NullPrefixTest" />
    </UnitTest>
    <UnitTest name="CreateExplicit_WeakWildcardHost" storage="d:\actions-runner\_work\xpco\xpco\common\videoos.utilities\videoos.utilities.unittests\bin\debug\net472\videoos.utilities.unittests.dll" id="70dcc9dc-c083-81ab-1519-b9d7bec34896">
      <Execution id="33c37d63-2a81-4c54-9029-b413cb9eb54b" />
      <TestMethod codeBase="D:\actions-runner\_work\XPCO\XPCO\Common\VideoOS.Utilities\VideoOS.Utilities.UnitTests\bin\Debug\net472\VideoOS.Utilities.UnitTests.dll" adapterTypeName="executor://mstestadapter/v2" className="VideoOS.Utilities.UnitTests.Windows.UrlPrefixTest" name="CreateExplicit_WeakWildcardHost" />
    </UnitTest>
    <UnitTest name="Constructor_ShouldThrowArgumentNullException_WhenFileNameIsNull" storage="d:\actions-runner\_work\xpco\xpco\common\videoos.utilities\videoos.utilities.unittests\bin\debug\net472\videoos.utilities.unittests.dll" id="696179b0-5c72-c617-1221-943954880eda">
      <Execution id="c04fd511-af7c-4a10-b082-1f6f50f2cfc2" />
      <TestMethod codeBase="D:\actions-runner\_work\XPCO\XPCO\Common\VideoOS.Utilities\VideoOS.Utilities.UnitTests\bin\Debug\net472\VideoOS.Utilities.UnitTests.dll" adapterTypeName="executor://mstestadapter/v2" className="VideoOS.Utilities.UnitTests.KeyManagement.FilePasswordProviderTests" name="Constructor_ShouldThrowArgumentNullException_WhenFileNameIsNull" />
    </UnitTest>
    <UnitTest name="PasswordTooShort" storage="d:\actions-runner\_work\xpco\xpco\common\videoos.utilities\videoos.utilities.unittests\bin\debug\net472\videoos.utilities.unittests.dll" id="d0430f0e-538a-eefc-4b97-23107c00db2e">
      <Execution id="d1854453-7592-4ef2-af6c-6ad8a631b61a" />
      <TestMethod codeBase="D:\actions-runner\_work\XPCO\XPCO\Common\VideoOS.Utilities\VideoOS.Utilities.UnitTests\bin\Debug\net472\VideoOS.Utilities.UnitTests.dll" adapterTypeName="executor://mstestadapter/v2" className="VideoOS.Common.EnvironmentServices.UnitTests.Security.PasswordTests" name="PasswordTooShort" />
    </UnitTest>
    <UnitTest name="Construct_ValidInstance_DefaultConstructor_Success" storage="d:\actions-runner\_work\xpco\xpco\common\videoos.utilities\videoos.utilities.unittests\bin\debug\net472\videoos.utilities.unittests.dll" id="577a9233-f48b-3c20-0c8c-6cd838d96866">
      <TestCategory>
        <TestCategoryItem TestCategory="VideoOS Utilities Timers" />
      </TestCategory>
      <Execution id="d39198c5-a75c-4cc6-8dbe-cb02fb3d0e7e" />
      <TestMethod codeBase="D:\actions-runner\_work\XPCO\XPCO\Common\VideoOS.Utilities\VideoOS.Utilities.UnitTests\bin\Debug\net472\VideoOS.Utilities.UnitTests.dll" adapterTypeName="executor://mstestadapter/v2" className="VideoOS.Utilities.UnitTests.Threading.BaseTimeDelayedThreadTests" name="Construct_ValidInstance_DefaultConstructor_Success" />
    </UnitTest>
    <UnitTest name="GetSqlConnection_ValidMinimumConnectionString_success" storage="d:\actions-runner\_work\xpco\xpco\common\videoos.utilities\videoos.utilities.unittests\bin\debug\net472\videoos.utilities.unittests.dll" id="03525120-a612-e254-3483-349d47207dd5">
      <TestCategory>
        <TestCategoryItem TestCategory="Database" />
      </TestCategory>
      <Execution id="430f7066-326d-429b-ba43-7144e1e926b7" />
      <TestMethod codeBase="D:\actions-runner\_work\XPCO\XPCO\Common\VideoOS.Utilities\VideoOS.Utilities.UnitTests\bin\Debug\net472\VideoOS.Utilities.UnitTests.dll" adapterTypeName="executor://mstestadapter/v2" className="VideoOS.Utilities.UnitTests.Database.SqlConnectionManagerTests" name="GetSqlConnection_ValidMinimumConnectionString_success" />
    </UnitTest>
    <UnitTest name="CommandTimeout_IncreaseDefaultTimeout_Success" storage="d:\actions-runner\_work\xpco\xpco\common\videoos.utilities\videoos.utilities.unittests\bin\debug\net472\videoos.utilities.unittests.dll" id="c8b65bc1-31fc-e839-1b8f-c9084a99b790">
      <TestCategory>
        <TestCategoryItem TestCategory="DatabaseCommand" />
      </TestCategory>
      <Execution id="7dfc379c-c9e6-46e3-ad57-d52adcf16109" />
      <TestMethod codeBase="D:\actions-runner\_work\XPCO\XPCO\Common\VideoOS.Utilities\VideoOS.Utilities.UnitTests\bin\Debug\net472\VideoOS.Utilities.UnitTests.dll" adapterTypeName="executor://mstestadapter/v2" className="VideoOS.Utilities.UnitTests.Database.DatabaseCommandTest" name="CommandTimeout_IncreaseDefaultTimeout_Success" />
    </UnitTest>
    <UnitTest name="DecryptAfterEncrypt_ReturnsSameString_OnInstanceMadeFromStoredKeys" storage="d:\actions-runner\_work\xpco\xpco\common\videoos.utilities\videoos.utilities.unittests\bin\debug\net472\videoos.utilities.unittests.dll" id="9fd0b18c-3df9-4c15-ef66-ffe47725f43b">
      <Execution id="4b32865c-7bec-47d2-9d82-31bb4ffddde2" />
      <TestMethod codeBase="D:\actions-runner\_work\XPCO\XPCO\Common\VideoOS.Utilities\VideoOS.Utilities.UnitTests\bin\Debug\net472\VideoOS.Utilities.UnitTests.dll" adapterTypeName="executor://mstestadapter/v2" className="VideoOS.Utilities.UnitTests.Cryptography.RsaCngAsymmetricEncryptionTests" name="DecryptAfterEncrypt_ReturnsSameString_OnInstanceMadeFromStoredKeys" />
    </UnitTest>
    <UnitTest name="EventServerSqlConnectionStorage_RetrieveConnectionString_Returns_Null_Success" storage="d:\actions-runner\_work\xpco\xpco\common\videoos.utilities\videoos.utilities.unittests\bin\debug\net472\videoos.utilities.unittests.dll" id="fda3a10d-ad1f-2ed2-cd85-9dbb0bec604d">
      <TestCategory>
        <TestCategoryItem TestCategory="Database" />
      </TestCategory>
      <Execution id="35832412-9bb0-4786-8a19-e9c0209177f4" />
      <TestMethod codeBase="D:\actions-runner\_work\XPCO\XPCO\Common\VideoOS.Utilities\VideoOS.Utilities.UnitTests\bin\Debug\net472\VideoOS.Utilities.UnitTests.dll" adapterTypeName="executor://mstestadapter/v2" className="VideoOS.Utilities.UnitTests.Database.EventServerSqlConnectionStorageTests" name="EventServerSqlConnectionStorage_RetrieveConnectionString_Returns_Null_Success" />
    </UnitTest>
    <UnitTest name="Dequeues_ThrowsCancellationException_When_Cancelled" storage="d:\actions-runner\_work\xpco\xpco\common\videoos.utilities\videoos.utilities.unittests\bin\debug\net472\videoos.utilities.unittests.dll" id="18d615e6-1fa1-eef4-9b1c-cbc8d21e6b51">
      <Execution id="ebf38705-638b-4f35-a851-78ee7ee02658" />
      <TestMethod codeBase="D:\actions-runner\_work\XPCO\XPCO\Common\VideoOS.Utilities\VideoOS.Utilities.UnitTests\bin\Debug\net472\VideoOS.Utilities.UnitTests.dll" adapterTypeName="executor://mstestadapter/v2" className="VideoOS.Utilities.UnitTests.Collections.LongPollingMessageQueueTest" name="Dequeues_ThrowsCancellationException_When_Cancelled" />
    </UnitTest>
    <UnitTest name="DeadlockedOperationsAreRetried" storage="d:\actions-runner\_work\xpco\xpco\common\videoos.utilities\videoos.utilities.unittests\bin\debug\net472\videoos.utilities.unittests.dll" id="342537f6-8a0d-6ff0-8e49-021dfa1dd8a5">
      <TestCategory>
        <TestCategoryItem TestCategory="DatabaseConnection" />
      </TestCategory>
      <Execution id="50f73f01-9761-4e17-ba85-b6d09f0abd5d" />
      <TestMethod codeBase="D:\actions-runner\_work\XPCO\XPCO\Common\VideoOS.Utilities\VideoOS.Utilities.UnitTests\bin\Debug\net472\VideoOS.Utilities.UnitTests.dll" adapterTypeName="executor://mstestadapter/v2" className="VideoOS.Utilities.UnitTests.Database.DatabaseConnectionTests" name="DeadlockedOperationsAreRetried" />
    </UnitTest>
    <UnitTest name="Constructor_String_Object_Success" storage="d:\actions-runner\_work\xpco\xpco\common\videoos.utilities\videoos.utilities.unittests\bin\debug\net472\videoos.utilities.unittests.dll" id="8bf7f106-e8d8-dc46-4a35-c6b998ed2b47">
      <TestCategory>
        <TestCategoryItem TestCategory="DatabaseParameter" />
      </TestCategory>
      <Execution id="02f68fc4-6772-434e-9e05-0e03833bfd18" />
      <TestMethod codeBase="D:\actions-runner\_work\XPCO\XPCO\Common\VideoOS.Utilities\VideoOS.Utilities.UnitTests\bin\Debug\net472\VideoOS.Utilities.UnitTests.dll" adapterTypeName="executor://mstestadapter/v2" className="VideoOS.Utilities.UnitTests.Database.DatabaseParameterTests" name="Constructor_String_Object_Success" />
    </UnitTest>
    <UnitTest name="EnforceUrlReservation_Parameter_NullAceTest" storage="d:\actions-runner\_work\xpco\xpco\common\videoos.utilities\videoos.utilities.unittests\bin\debug\net472\videoos.utilities.unittests.dll" id="342188ed-743e-2359-1157-dbb857f7fc35">
      <Execution id="ce8f3074-a07c-4048-a153-9cde5992885b" />
      <TestMethod codeBase="D:\actions-runner\_work\XPCO\XPCO\Common\VideoOS.Utilities\VideoOS.Utilities.UnitTests\bin\Debug\net472\VideoOS.Utilities.UnitTests.dll" adapterTypeName="executor://mstestadapter/v2" className="VideoOS.Utilities.UnitTests.Windows.Http.HttpSysConfigTest" name="EnforceUrlReservation_Parameter_NullAceTest" />
    </UnitTest>
    <UnitTest name="EncodeDecode_WhenDataOk_Success" storage="d:\actions-runner\_work\xpco\xpco\common\videoos.utilities\videoos.utilities.unittests\bin\debug\net472\videoos.utilities.unittests.dll" id="efa72cc0-4833-b054-d7dc-249cb49adeeb">
      <Execution id="4525f54b-2c8b-4a11-a7f4-6647cf28cca2" />
      <TestMethod codeBase="D:\actions-runner\_work\XPCO\XPCO\Common\VideoOS.Utilities\VideoOS.Utilities.UnitTests\bin\Debug\net472\VideoOS.Utilities.UnitTests.dll" adapterTypeName="executor://mstestadapter/v2" className="VideoOS.Utilities.UnitTests.Formatting.Base64EncoderTest" name="EncodeDecode_WhenDataOk_Success" />
    </UnitTest>
    <UnitTest name="NullCheckThrowsWhenObjectIsNull" storage="d:\actions-runner\_work\xpco\xpco\common\videoos.utilities\videoos.utilities.unittests\bin\debug\net472\videoos.utilities.unittests.dll" id="e16b4985-2710-073b-d4ec-46bcb416a89f">
      <Execution id="4c24e049-c903-4d14-b803-b87e5d4835f6" />
      <TestMethod codeBase="D:\actions-runner\_work\XPCO\XPCO\Common\VideoOS.Utilities\VideoOS.Utilities.UnitTests\bin\Debug\net472\VideoOS.Utilities.UnitTests.dll" adapterTypeName="executor://mstestadapter/v2" className="VideoOS.Utilities.UnitTests.Validation.ValidationTests" name="NullCheckThrowsWhenObjectIsNull" />
    </UnitTest>
    <UnitTest name="Arguments_ValidArguments_Success" storage="d:\actions-runner\_work\xpco\xpco\common\videoos.utilities\videoos.utilities.unittests\bin\debug\net472\videoos.utilities.unittests.dll" id="e68e32b3-c415-6e9e-ccdd-8a130a00ba3d">
      <Execution id="8daa8dce-a4b8-45f1-9f12-09c3811b5f3d" />
      <TestMethod codeBase="D:\actions-runner\_work\XPCO\XPCO\Common\VideoOS.Utilities\VideoOS.Utilities.UnitTests\bin\Debug\net472\VideoOS.Utilities.UnitTests.dll" adapterTypeName="executor://mstestadapter/v2" className="VideoOS.Utilities.UnitTests.CommandLine.ArgumentsUnitTests" name="Arguments_ValidArguments_Success" />
    </UnitTest>
    <UnitTest name="GetSchemasTest" storage="d:\actions-runner\_work\xpco\xpco\common\videoos.utilities\videoos.utilities.unittests\bin\debug\net472\videoos.utilities.unittests.dll" id="a84d4932-de7d-529d-e19c-907684e520e8">
      <TestCategory>
        <TestCategoryItem TestCategory="DatabaseConnection" />
      </TestCategory>
      <Execution id="f13d333b-2a54-4d30-937c-c0c5aa6748d3" />
      <TestMethod codeBase="D:\actions-runner\_work\XPCO\XPCO\Common\VideoOS.Utilities\VideoOS.Utilities.UnitTests\bin\Debug\net472\VideoOS.Utilities.UnitTests.dll" adapterTypeName="executor://mstestadapter/v2" className="VideoOS.Utilities.UnitTests.Database.DatabaseConnectionTests" name="GetSchemasTest" />
    </UnitTest>
    <UnitTest name="Write_AndRead_PasswordShouldWork" storage="d:\actions-runner\_work\xpco\xpco\common\videoos.utilities\videoos.utilities.unittests\bin\debug\net472\videoos.utilities.unittests.dll" id="54fc10f9-d528-1974-2f53-3a621ca67cb3">
      <Execution id="a4836994-5551-4fb1-9d32-078bf81e180c" />
      <TestMethod codeBase="D:\actions-runner\_work\XPCO\XPCO\Common\VideoOS.Utilities\VideoOS.Utilities.UnitTests\bin\Debug\net472\VideoOS.Utilities.UnitTests.dll" adapterTypeName="executor://mstestadapter/v2" className="VideoOS.Utilities.UnitTests.KeyManagement.FilePasswordProviderTests" name="Write_AndRead_PasswordShouldWork" />
    </UnitTest>
    <UnitTest name="FormatByteSizeStringExactTest3" storage="d:\actions-runner\_work\xpco\xpco\common\videoos.utilities\videoos.utilities.unittests\bin\debug\net472\videoos.utilities.unittests.dll" id="df564ab0-dfdc-d966-9933-aab49384cecf">
      <Execution id="9fa808f0-bf52-4a4d-9078-baef69cf839b" />
      <TestMethod codeBase="D:\actions-runner\_work\XPCO\XPCO\Common\VideoOS.Utilities\VideoOS.Utilities.UnitTests\bin\Debug\net472\VideoOS.Utilities.UnitTests.dll" adapterTypeName="executor://mstestadapter/v2" className="VideoOS.Utilities.UnitTests.StringFormattingTest" name="FormatByteSizeStringExactTest3" />
    </UnitTest>
    <UnitTest name="ShowHelp_OfflineWorkflowWithLocale_HelpFileMissing__DisplayHtmlHelp_Exception" storage="d:\actions-runner\_work\xpco\xpco\common\videoos.utilities\videoos.utilities.unittests\bin\debug\net472\videoos.utilities.unittests.dll" id="de573e68-dc1a-4918-71c1-6d19c481580b">
      <TestCategory>
        <TestCategoryItem TestCategory="Help" />
      </TestCategory>
      <Execution id="795c13aa-e823-4933-a777-47e89918df1b" />
      <TestMethod codeBase="D:\actions-runner\_work\XPCO\XPCO\Common\VideoOS.Utilities\VideoOS.Utilities.UnitTests\bin\Debug\net472\VideoOS.Utilities.UnitTests.dll" adapterTypeName="executor://mstestadapter/v2" className="VideoOS.Utilities.UnitTests.Help.HelpManagerTests" name="ShowHelp_OfflineWorkflowWithLocale_HelpFileMissing__DisplayHtmlHelp_Exception" />
    </UnitTest>
    <UnitTest name="ShowHelp_OnlineWorkflow__DisplayHtmlHelp_InvokedWithValidUrl" storage="d:\actions-runner\_work\xpco\xpco\common\videoos.utilities\videoos.utilities.unittests\bin\debug\net472\videoos.utilities.unittests.dll" id="2e72d041-95ef-42d2-a9b4-4e0a8647c8b5">
      <TestCategory>
        <TestCategoryItem TestCategory="Help" />
      </TestCategory>
      <Execution id="6d72f5a0-2821-4da5-9fe4-6628d689d381" />
      <TestMethod codeBase="D:\actions-runner\_work\XPCO\XPCO\Common\VideoOS.Utilities\VideoOS.Utilities.UnitTests\bin\Debug\net472\VideoOS.Utilities.UnitTests.dll" adapterTypeName="executor://mstestadapter/v2" className="VideoOS.Utilities.UnitTests.Help.HelpManagerTests" name="ShowHelp_OnlineWorkflow__DisplayHtmlHelp_InvokedWithValidUrl" />
    </UnitTest>
    <UnitTest name="Construct_RetrievesInvalidConfigurationFromReader_InvalidFormat_Throws_InvalidConnectionStringException" storage="d:\actions-runner\_work\xpco\xpco\common\videoos.utilities\videoos.utilities.unittests\bin\debug\net472\videoos.utilities.unittests.dll" id="370b9bf2-7ddb-6ea3-d185-d814bfc92e58">
      <TestCategory>
        <TestCategoryItem TestCategory="Database" />
      </TestCategory>
      <Execution id="96944d2a-6d6a-4fd0-b52b-7ee2523ce50c" />
      <TestMethod codeBase="D:\actions-runner\_work\XPCO\XPCO\Common\VideoOS.Utilities\VideoOS.Utilities.UnitTests\bin\Debug\net472\VideoOS.Utilities.UnitTests.dll" adapterTypeName="executor://mstestadapter/v2" className="VideoOS.Utilities.UnitTests.Database.SqlConnectionManagerTests" name="Construct_RetrievesInvalidConfigurationFromReader_InvalidFormat_Throws_InvalidConnectionStringException" />
    </UnitTest>
    <UnitTest name="CreateExplicit_EmptyHost" storage="d:\actions-runner\_work\xpco\xpco\common\videoos.utilities\videoos.utilities.unittests\bin\debug\net472\videoos.utilities.unittests.dll" id="5e16b1f2-ff89-9c37-5d87-e7aeeaf637e0">
      <Execution id="ea887f34-161c-4726-8eba-385a45bc2bc5" />
      <TestMethod codeBase="D:\actions-runner\_work\XPCO\XPCO\Common\VideoOS.Utilities\VideoOS.Utilities.UnitTests\bin\Debug\net472\VideoOS.Utilities.UnitTests.dll" adapterTypeName="executor://mstestadapter/v2" className="VideoOS.Utilities.UnitTests.Windows.UrlPrefixTest" name="CreateExplicit_EmptyHost" />
    </UnitTest>
    <UnitTest name="HashingUtilities_CreateHashString_ArgumentException_NotHex" storage="d:\actions-runner\_work\xpco\xpco\common\videoos.utilities\videoos.utilities.unittests\bin\debug\net472\videoos.utilities.unittests.dll" id="136e6029-6bf2-f97b-ac3f-ba8be5f1b505">
      <Execution id="24768214-401a-4c5a-87af-e0fc1e39cbd9" />
      <TestMethod codeBase="D:\actions-runner\_work\XPCO\XPCO\Common\VideoOS.Utilities\VideoOS.Utilities.UnitTests\bin\Debug\net472\VideoOS.Utilities.UnitTests.dll" adapterTypeName="executor://mstestadapter/v2" className="VideoOS.Utilities.UnitTests.Network.HashingUtilitiesTests" name="HashingUtilities_CreateHashString_ArgumentException_NotHex" />
    </UnitTest>
    <UnitTest name="ExecuteScalarWithImplicitlytCreatedParameter" storage="d:\actions-runner\_work\xpco\xpco\common\videoos.utilities\videoos.utilities.unittests\bin\debug\net472\videoos.utilities.unittests.dll" id="da18fb30-4655-393f-9988-394ec1e6c1bb">
      <TestCategory>
        <TestCategoryItem TestCategory="DatabaseCommand" />
      </TestCategory>
      <Execution id="ebb11516-a164-4ef3-82c4-b3091abb4798" />
      <TestMethod codeBase="D:\actions-runner\_work\XPCO\XPCO\Common\VideoOS.Utilities\VideoOS.Utilities.UnitTests\bin\Debug\net472\VideoOS.Utilities.UnitTests.dll" adapterTypeName="executor://mstestadapter/v2" className="VideoOS.Utilities.UnitTests.Database.DatabaseCommandTest" name="ExecuteScalarWithImplicitlytCreatedParameter" />
    </UnitTest>
    <UnitTest name="UsingMultipleReadersSameConnection" storage="d:\actions-runner\_work\xpco\xpco\common\videoos.utilities\videoos.utilities.unittests\bin\debug\net472\videoos.utilities.unittests.dll" id="1f5e1d3e-236e-bc5a-967a-dd18746e51f8">
      <TestCategory>
        <TestCategoryItem TestCategory="DatabaseCommand" />
      </TestCategory>
      <Execution id="5bcf59fe-5cc0-4728-aef3-c389b09af283" />
      <TestMethod codeBase="D:\actions-runner\_work\XPCO\XPCO\Common\VideoOS.Utilities\VideoOS.Utilities.UnitTests\bin\Debug\net472\VideoOS.Utilities.UnitTests.dll" adapterTypeName="executor://mstestadapter/v2" className="VideoOS.Utilities.UnitTests.Database.DatabaseCommandTest" name="UsingMultipleReadersSameConnection" />
    </UnitTest>
    <UnitTest name="ReadSslConfigurations_SunnyDayTest" storage="d:\actions-runner\_work\xpco\xpco\common\videoos.utilities\videoos.utilities.unittests\bin\debug\net472\videoos.utilities.unittests.dll" id="5b723daf-af09-91a0-345a-c135ce16530e">
      <Execution id="ef5b4358-4bd2-4a83-b7dc-eebd7043ae5d" />
      <TestMethod codeBase="D:\actions-runner\_work\XPCO\XPCO\Common\VideoOS.Utilities\VideoOS.Utilities.UnitTests\bin\Debug\net472\VideoOS.Utilities.UnitTests.dll" adapterTypeName="executor://mstestadapter/v2" className="VideoOS.Utilities.UnitTests.Windows.Http.HttpSysConfigTest" name="ReadSslConfigurations_SunnyDayTest" />
    </UnitTest>
    <UnitTest name="Constructor_ShouldThrowArgumentNullException_WhenEncryptionProviderIsNull" storage="d:\actions-runner\_work\xpco\xpco\common\videoos.utilities\videoos.utilities.unittests\bin\debug\net472\videoos.utilities.unittests.dll" id="b4e125d7-2bd3-2983-df73-e28b2a661990">
      <Execution id="f34b22c2-4ef8-48d9-9c13-9f804a884fdc" />
      <TestMethod codeBase="D:\actions-runner\_work\XPCO\XPCO\Common\VideoOS.Utilities\VideoOS.Utilities.UnitTests\bin\Debug\net472\VideoOS.Utilities.UnitTests.dll" adapterTypeName="executor://mstestadapter/v2" className="VideoOS.Utilities.UnitTests.KeyManagement.KeyManagerTests" name="Constructor_ShouldThrowArgumentNullException_WhenEncryptionProviderIsNull" />
    </UnitTest>
    <UnitTest name="DisposeConnectionWithActiveTrancount_Fail" storage="d:\actions-runner\_work\xpco\xpco\common\videoos.utilities\videoos.utilities.unittests\bin\debug\net472\videoos.utilities.unittests.dll" id="ba173d83-84db-ecc2-8652-f1b2ec86e1cd">
      <TestCategory>
        <TestCategoryItem TestCategory="DatabaseConnection" />
      </TestCategory>
      <Execution id="778c9b4e-c859-4927-854b-3af38ce28174" />
      <TestMethod codeBase="D:\actions-runner\_work\XPCO\XPCO\Common\VideoOS.Utilities\VideoOS.Utilities.UnitTests\bin\Debug\net472\VideoOS.Utilities.UnitTests.dll" adapterTypeName="executor://mstestadapter/v2" className="VideoOS.Utilities.UnitTests.Database.DatabaseConnectionTests" name="DisposeConnectionWithActiveTrancount_Fail" />
    </UnitTest>
    <UnitTest name="FormatTimeSpanStringTest1" storage="d:\actions-runner\_work\xpco\xpco\common\videoos.utilities\videoos.utilities.unittests\bin\debug\net472\videoos.utilities.unittests.dll" id="84d3882a-5020-37f2-ee66-e79b1bc2b5cd">
      <Execution id="e7f75c7c-097c-4aab-bb2e-2f6b68a271c1" />
      <TestMethod codeBase="D:\actions-runner\_work\XPCO\XPCO\Common\VideoOS.Utilities\VideoOS.Utilities.UnitTests\bin\Debug\net472\VideoOS.Utilities.UnitTests.dll" adapterTypeName="executor://mstestadapter/v2" className="VideoOS.Utilities.UnitTests.StringFormattingTest" name="FormatTimeSpanStringTest1" />
    </UnitTest>
    <UnitTest name="BulkProcessor_EnqueueOneItemMultipleTimes_ItemsAreProcessedOneByOne" storage="d:\actions-runner\_work\xpco\xpco\common\videoos.utilities\videoos.utilities.unittests\bin\debug\net472\videoos.utilities.unittests.dll" id="938736be-da6f-5be3-9607-246b14c03969">
      <Execution id="dd035d69-36a3-4872-af09-b4b36d158075" />
      <TestMethod codeBase="D:\actions-runner\_work\XPCO\XPCO\Common\VideoOS.Utilities\VideoOS.Utilities.UnitTests\bin\Debug\net472\VideoOS.Utilities.UnitTests.dll" adapterTypeName="executor://mstestadapter/v2" className="VideoOS.Utilities.BulkProcessing.UnitTests.BulkProcessorUnitTest" name="BulkProcessor_EnqueueOneItemMultipleTimes_ItemsAreProcessedOneByOne" />
    </UnitTest>
    <UnitTest name="HSL_EmptyString_ThrowsArgumentNullException" storage="d:\actions-runner\_work\xpco\xpco\common\videoos.utilities\videoos.utilities.unittests\bin\debug\net472\videoos.utilities.unittests.dll" id="7baf5ad7-fd83-d136-4005-0a09919139e7">
      <Execution id="7a6df2a5-78a7-44bb-9277-dd6317006b90" />
      <TestMethod codeBase="D:\actions-runner\_work\XPCO\XPCO\Common\VideoOS.Utilities\VideoOS.Utilities.UnitTests\bin\Debug\net472\VideoOS.Utilities.UnitTests.dll" adapterTypeName="executor://mstestadapter/v2" className="VideoOS.Utilities.UnitTests.Colors.ColorConverterTests" name="HSL_EmptyString_ThrowsArgumentNullException" />
    </UnitTest>
    <UnitTest name="Constructor_MultipleItems_ReadPermission" storage="d:\actions-runner\_work\xpco\xpco\common\videoos.utilities\videoos.utilities.unittests\bin\debug\net472\videoos.utilities.unittests.dll" id="43e187ac-6acd-8fb4-1f53-95709d764ad1">
      <Execution id="3aecd5da-8202-4dba-a0b5-507295a9366e" />
      <TestMethod codeBase="D:\actions-runner\_work\XPCO\XPCO\Common\VideoOS.Utilities\VideoOS.Utilities.UnitTests\bin\Debug\net472\VideoOS.Utilities.UnitTests.dll" adapterTypeName="executor://mstestadapter/v2" className="VideoOS.Utilities.UnitTests.Windows.Http.UrlReservationInfoCollectionWrapperTest" name="Constructor_MultipleItems_ReadPermission" />
    </UnitTest>
    <UnitTest name="ExecuteReaderRetrieveDataUsingIndexer" storage="d:\actions-runner\_work\xpco\xpco\common\videoos.utilities\videoos.utilities.unittests\bin\debug\net472\videoos.utilities.unittests.dll" id="503ec25e-f94c-6a24-4b63-4dc824bcd484">
      <TestCategory>
        <TestCategoryItem TestCategory="DatabaseCommand" />
      </TestCategory>
      <Execution id="57f15ca4-f628-4a96-a550-eec16e58dc87" />
      <TestMethod codeBase="D:\actions-runner\_work\XPCO\XPCO\Common\VideoOS.Utilities\VideoOS.Utilities.UnitTests\bin\Debug\net472\VideoOS.Utilities.UnitTests.dll" adapterTypeName="executor://mstestadapter/v2" className="VideoOS.Utilities.UnitTests.Database.DatabaseCommandTest" name="ExecuteReaderRetrieveDataUsingIndexer" />
    </UnitTest>
    <UnitTest name="IsValidBase64String_DataDrivenTest (===,False)" storage="d:\actions-runner\_work\xpco\xpco\common\videoos.utilities\videoos.utilities.unittests\bin\debug\net472\videoos.utilities.unittests.dll" id="a05684be-5eeb-8561-d3e0-700b715c206b">
      <Execution id="e7051d45-c70c-4a3e-9cc5-083c885cd916" />
      <TestMethod codeBase="D:\actions-runner\_work\XPCO\XPCO\Common\VideoOS.Utilities\VideoOS.Utilities.UnitTests\bin\Debug\net472\VideoOS.Utilities.UnitTests.dll" adapterTypeName="executor://mstestadapter/v2" className="VideoOS.Utilities.UnitTests.Validation.Base64StringValidatorTests" name="IsValidBase64String_DataDrivenTest" />
    </UnitTest>
    <UnitTest name="FormatByteSizeStringTest8" storage="d:\actions-runner\_work\xpco\xpco\common\videoos.utilities\videoos.utilities.unittests\bin\debug\net472\videoos.utilities.unittests.dll" id="42905f99-cf41-34cc-8b30-0be9cf777447">
      <Execution id="d1162ea8-bd2d-4f55-9924-814bf974e945" />
      <TestMethod codeBase="D:\actions-runner\_work\XPCO\XPCO\Common\VideoOS.Utilities\VideoOS.Utilities.UnitTests\bin\Debug\net472\VideoOS.Utilities.UnitTests.dll" adapterTypeName="executor://mstestadapter/v2" className="VideoOS.Utilities.UnitTests.StringFormattingTest" name="FormatByteSizeStringTest8" />
    </UnitTest>
    <UnitTest name="DatabaseConnectionInfoFromStorage_GetConnectionString_Integrated_Success" storage="d:\actions-runner\_work\xpco\xpco\common\videoos.utilities\videoos.utilities.unittests\bin\debug\net472\videoos.utilities.unittests.dll" id="c0aa0a52-7d77-6797-eefd-299e6b808fc4">
      <TestCategory>
        <TestCategoryItem TestCategory="Database" />
      </TestCategory>
      <Execution id="baae862f-2c87-473e-8cde-1c767898a058" />
      <TestMethod codeBase="D:\actions-runner\_work\XPCO\XPCO\Common\VideoOS.Utilities\VideoOS.Utilities.UnitTests\bin\Debug\net472\VideoOS.Utilities.UnitTests.dll" adapterTypeName="executor://mstestadapter/v2" className="VideoOS.Utilities.UnitTests.Database.DatabaseConnectionInfoFromStorageTests" name="DatabaseConnectionInfoFromStorage_GetConnectionString_Integrated_Success" />
    </UnitTest>
    <UnitTest name="Close_WhenNotInitialized_RefuseMessageCorrect" storage="d:\actions-runner\_work\xpco\xpco\common\videoos.utilities\videoos.utilities.unittests\bin\debug\net472\videoos.utilities.unittests.dll" id="58c42bcc-eb60-32a9-24ac-5c0aaccec6ed">
      <Execution id="31ca9c8b-759a-4b47-ae99-440a280cc04a" />
      <TestMethod codeBase="D:\actions-runner\_work\XPCO\XPCO\Common\VideoOS.Utilities\VideoOS.Utilities.UnitTests\bin\Debug\net472\VideoOS.Utilities.UnitTests.dll" adapterTypeName="executor://mstestadapter/v2" className="VideoOS.Utilities.UnitTests.Workflow.InitControlTests" name="Close_WhenNotInitialized_RefuseMessageCorrect" />
    </UnitTest>
    <UnitTest name="SimpleMultiOutput" storage="d:\actions-runner\_work\xpco\xpco\common\videoos.utilities\videoos.utilities.unittests\bin\debug\net472\videoos.utilities.unittests.dll" id="4381a2d3-3c5e-0121-bc24-ad5cb9d3dc12">
      <Execution id="29fb90f7-3e69-4e59-adcc-93dbd0b2e2e0" />
      <TestMethod codeBase="D:\actions-runner\_work\XPCO\XPCO\Common\VideoOS.Utilities\VideoOS.Utilities.UnitTests\bin\Debug\net472\VideoOS.Utilities.UnitTests.dll" adapterTypeName="executor://mstestadapter/v2" className="VideoOS.Utilities.UnitTests.Diagnostics.ConfiguredLogger" name="SimpleMultiOutput" />
    </UnitTest>
    <UnitTest name="IsValidBase64String_DataDrivenTest (AAAA,True)" storage="d:\actions-runner\_work\xpco\xpco\common\videoos.utilities\videoos.utilities.unittests\bin\debug\net472\videoos.utilities.unittests.dll" id="6c1b5a96-836b-feef-a077-eaf20f42c48a">
      <Execution id="11b7c0f7-dade-4e54-95d5-ebe982b1a15c" />
      <TestMethod codeBase="D:\actions-runner\_work\XPCO\XPCO\Common\VideoOS.Utilities\VideoOS.Utilities.UnitTests\bin\Debug\net472\VideoOS.Utilities.UnitTests.dll" adapterTypeName="executor://mstestadapter/v2" className="VideoOS.Utilities.UnitTests.Validation.Base64StringValidatorTests" name="IsValidBase64String_DataDrivenTest" />
    </UnitTest>
    <UnitTest name="Dequeues_Empty_After_Timeout" storage="d:\actions-runner\_work\xpco\xpco\common\videoos.utilities\videoos.utilities.unittests\bin\debug\net472\videoos.utilities.unittests.dll" id="8b97a2cc-f29f-d97e-8955-1e5e8dacbc24">
      <Execution id="e1cfd061-0251-43a5-8b85-be51d007036a" />
      <TestMethod codeBase="D:\actions-runner\_work\XPCO\XPCO\Common\VideoOS.Utilities\VideoOS.Utilities.UnitTests\bin\Debug\net472\VideoOS.Utilities.UnitTests.dll" adapterTypeName="executor://mstestadapter/v2" className="VideoOS.Utilities.UnitTests.Collections.LongPollingMessageQueueTest" name="Dequeues_Empty_After_Timeout" />
    </UnitTest>
    <UnitTest name="SecureFolderWithUserAccountReadOnlyAccessGetsCreatedCorrectly" storage="d:\actions-runner\_work\xpco\xpco\common\videoos.utilities\videoos.utilities.unittests\bin\debug\net472\videoos.utilities.unittests.dll" id="55527208-ef48-54d9-41fd-271d38adaf49">
      <Execution id="63a5984c-3fa0-4b57-b66a-3232e1dd6943" />
      <TestMethod codeBase="D:\actions-runner\_work\XPCO\XPCO\Common\VideoOS.Utilities\VideoOS.Utilities.UnitTests\bin\Debug\net472\VideoOS.Utilities.UnitTests.dll" adapterTypeName="executor://mstestadapter/v2" className="VideoOS.Utilities.UnitTests.Security.SecureFolderTests" name="SecureFolderWithUserAccountReadOnlyAccessGetsCreatedCorrectly" />
    </UnitTest>
    <UnitTest name="Given_FeaturesAreAvailable_When_EnsureFeaturesAreInstalled_WithFeaturesThatInstallsWithSessionReloadRequired_Then_EnableFeaturesIsCalledWithExpectedArgumentsAndMethodReturnsInstalled" storage="d:\actions-runner\_work\xpco\xpco\common\videoos.utilities\videoos.utilities.unittests\bin\debug\net472\videoos.utilities.unittests.dll" id="92d86efa-2ff9-f426-428c-2d042ed7e545">
      <Execution id="b25ce626-daa2-4696-b071-c0237d010f70" />
      <TestMethod codeBase="D:\actions-runner\_work\XPCO\XPCO\Common\VideoOS.Utilities\VideoOS.Utilities.UnitTests\bin\Debug\net472\VideoOS.Utilities.UnitTests.dll" adapterTypeName="executor://mstestadapter/v2" className="VideoOS.Utilities.UnitTests.Dism.DismSessionTest" name="Given_FeaturesAreAvailable_When_EnsureFeaturesAreInstalled_WithFeaturesThatInstallsWithSessionReloadRequired_Then_EnableFeaturesIsCalledWithExpectedArgumentsAndMethodReturnsInstalled" />
    </UnitTest>
    <UnitTest name="FormatByteSizeStringExactULTest6" storage="d:\actions-runner\_work\xpco\xpco\common\videoos.utilities\videoos.utilities.unittests\bin\debug\net472\videoos.utilities.unittests.dll" id="88c026e0-bd32-0fd5-126c-0a352afaee03">
      <Execution id="0f2f0b1b-dc6b-4e7e-bc55-8aef09b1c52f" />
      <TestMethod codeBase="D:\actions-runner\_work\XPCO\XPCO\Common\VideoOS.Utilities\VideoOS.Utilities.UnitTests\bin\Debug\net472\VideoOS.Utilities.UnitTests.dll" adapterTypeName="executor://mstestadapter/v2" className="VideoOS.Utilities.UnitTests.StringFormattingTest" name="FormatByteSizeStringExactULTest6" />
    </UnitTest>
    <UnitTest name="EncryptionFactory_Throws_OnCreateAsymmetricWithPaddingNullCngKeyNotNull" storage="d:\actions-runner\_work\xpco\xpco\common\videoos.utilities\videoos.utilities.unittests\bin\debug\net472\videoos.utilities.unittests.dll" id="cd279f50-0712-03f7-c7c8-2a1f84e48d3b">
      <Execution id="1f873714-90ca-4173-a654-69bf2652ac3a" />
      <TestMethod codeBase="D:\actions-runner\_work\XPCO\XPCO\Common\VideoOS.Utilities\VideoOS.Utilities.UnitTests\bin\Debug\net472\VideoOS.Utilities.UnitTests.dll" adapterTypeName="executor://mstestadapter/v2" className="VideoOS.Utilities.UnitTests.Cryptography.RsaCngAsymmetricEncryptionTests" name="EncryptionFactory_Throws_OnCreateAsymmetricWithPaddingNullCngKeyNotNull" />
    </UnitTest>
    <UnitTest name="Constructor_UrlAclInfo_EmptyPrefix" storage="d:\actions-runner\_work\xpco\xpco\common\videoos.utilities\videoos.utilities.unittests\bin\debug\net472\videoos.utilities.unittests.dll" id="71c62b77-613a-694d-4c4b-9ffdef1658cb">
      <Execution id="5c1eaf9d-652b-48af-8b16-eb3ddf89440c" />
      <TestMethod codeBase="D:\actions-runner\_work\XPCO\XPCO\Common\VideoOS.Utilities\VideoOS.Utilities.UnitTests\bin\Debug\net472\VideoOS.Utilities.UnitTests.dll" adapterTypeName="executor://mstestadapter/v2" className="VideoOS.Utilities.UnitTests.Windows.Http.UrlReservationInfoCollectionWrapperTest" name="Constructor_UrlAclInfo_EmptyPrefix" />
    </UnitTest>
    <UnitTest name="DatabaseExceptionPropsCanbeCalled" storage="d:\actions-runner\_work\xpco\xpco\common\videoos.utilities\videoos.utilities.unittests\bin\debug\net472\videoos.utilities.unittests.dll" id="720dced2-e8a9-630a-c740-35e6bc8220cd">
      <TestCategory>
        <TestCategoryItem TestCategory="DatabaseConnection" />
      </TestCategory>
      <Execution id="d0ea2c76-c3b3-4112-b5ed-873c1a72d133" />
      <TestMethod codeBase="D:\actions-runner\_work\XPCO\XPCO\Common\VideoOS.Utilities\VideoOS.Utilities.UnitTests\bin\Debug\net472\VideoOS.Utilities.UnitTests.dll" adapterTypeName="executor://mstestadapter/v2" className="VideoOS.Utilities.UnitTests.Database.DatabaseConnectionTests" name="DatabaseExceptionPropsCanbeCalled" />
    </UnitTest>
    <UnitTest name="TestCreateInitialLicenseAndDecrypt_Success" storage="d:\actions-runner\_work\xpco\xpco\common\videoos.utilities\videoos.utilities.unittests\bin\debug\net472\videoos.utilities.unittests.dll" id="ff890d3e-b7b7-d9b4-ed83-b859b02d2dc2">
      <Execution id="1f7d0299-9f34-4654-9521-58ca800b0554" />
      <TestMethod codeBase="D:\actions-runner\_work\XPCO\XPCO\Common\VideoOS.Utilities\VideoOS.Utilities.UnitTests\bin\Debug\net472\VideoOS.Utilities.UnitTests.dll" adapterTypeName="executor://mstestadapter/v2" className="VideoOS.Utilities.UnitTests.Licensing.LicenseFileHelperTests" name="TestCreateInitialLicenseAndDecrypt_Success" />
    </UnitTest>
    <UnitTest name="Constructor_SqlParameter_Success" storage="d:\actions-runner\_work\xpco\xpco\common\videoos.utilities\videoos.utilities.unittests\bin\debug\net472\videoos.utilities.unittests.dll" id="b4169adf-59df-d06f-8762-a945493d0ad0">
      <TestCategory>
        <TestCategoryItem TestCategory="DatabaseParameter" />
      </TestCategory>
      <Execution id="f88dd4b9-1b66-4d3c-ab1e-2114060594df" />
      <TestMethod codeBase="D:\actions-runner\_work\XPCO\XPCO\Common\VideoOS.Utilities\VideoOS.Utilities.UnitTests\bin\Debug\net472\VideoOS.Utilities.UnitTests.dll" adapterTypeName="executor://mstestadapter/v2" className="VideoOS.Utilities.UnitTests.Database.DatabaseParameterTests" name="Constructor_SqlParameter_Success" />
    </UnitTest>
    <UnitTest name="CreateWeakWildcard_WithRelativePathTest" storage="d:\actions-runner\_work\xpco\xpco\common\videoos.utilities\videoos.utilities.unittests\bin\debug\net472\videoos.utilities.unittests.dll" id="b56af203-658a-be22-0b10-4d4a6d7da24f">
      <Execution id="e1b3abb6-65c0-48c5-9618-d7c3c71676d5" />
      <TestMethod codeBase="D:\actions-runner\_work\XPCO\XPCO\Common\VideoOS.Utilities\VideoOS.Utilities.UnitTests\bin\Debug\net472\VideoOS.Utilities.UnitTests.dll" adapterTypeName="executor://mstestadapter/v2" className="VideoOS.Utilities.UnitTests.Windows.UrlPrefixTest" name="CreateWeakWildcard_WithRelativePathTest" />
    </UnitTest>
    <UnitTest name="TestValidateAddress_Exceptions" storage="d:\actions-runner\_work\xpco\xpco\common\videoos.utilities\videoos.utilities.unittests\bin\debug\net472\videoos.utilities.unittests.dll" id="66bb426a-3246-6a32-821e-6501f0f5b7a7">
      <Execution id="c90cacd2-904d-477f-ae82-92c212ea79d1" />
      <TestMethod codeBase="D:\actions-runner\_work\XPCO\XPCO\Common\VideoOS.Utilities\VideoOS.Utilities.UnitTests\bin\Debug\net472\VideoOS.Utilities.UnitTests.dll" adapterTypeName="executor://mstestadapter/v2" className="VideoOS.Utilities.UnitTests.Network.IPHelperTests" name="TestValidateAddress_Exceptions" />
    </UnitTest>
    <UnitTest name="EnforceUrlReservation_Parameter_EmptyAceTest" storage="d:\actions-runner\_work\xpco\xpco\common\videoos.utilities\videoos.utilities.unittests\bin\debug\net472\videoos.utilities.unittests.dll" id="e5fe2c62-2103-2378-a4f6-adcd9fb185a4">
      <Execution id="7ecc2268-e56c-4809-8bd4-efbc50d4b328" />
      <TestMethod codeBase="D:\actions-runner\_work\XPCO\XPCO\Common\VideoOS.Utilities\VideoOS.Utilities.UnitTests\bin\Debug\net472\VideoOS.Utilities.UnitTests.dll" adapterTypeName="executor://mstestadapter/v2" className="VideoOS.Utilities.UnitTests.Windows.Http.HttpSysConfigTest" name="EnforceUrlReservation_Parameter_EmptyAceTest" />
    </UnitTest>
    <UnitTest name="Constructor_String_SqlDbType_Success" storage="d:\actions-runner\_work\xpco\xpco\common\videoos.utilities\videoos.utilities.unittests\bin\debug\net472\videoos.utilities.unittests.dll" id="b4d463d6-cc5b-23da-2ef9-5250fbeeaeb9">
      <TestCategory>
        <TestCategoryItem TestCategory="DatabaseParameter" />
      </TestCategory>
      <Execution id="3410e3d7-4940-4697-9327-4bd3892029aa" />
      <TestMethod codeBase="D:\actions-runner\_work\XPCO\XPCO\Common\VideoOS.Utilities\VideoOS.Utilities.UnitTests\bin\Debug\net472\VideoOS.Utilities.UnitTests.dll" adapterTypeName="executor://mstestadapter/v2" className="VideoOS.Utilities.UnitTests.Database.DatabaseParameterTests" name="Constructor_String_SqlDbType_Success" />
    </UnitTest>
    <UnitTest name="BulkProcessor_IsClosing_NewItemsAreNotEnqueued" storage="d:\actions-runner\_work\xpco\xpco\common\videoos.utilities\videoos.utilities.unittests\bin\debug\net472\videoos.utilities.unittests.dll" id="27012b81-c5b2-e383-7be7-461e876f34c1">
      <Execution id="b17138fe-a5ca-4389-b2a7-f2871663e730" />
      <TestMethod codeBase="D:\actions-runner\_work\XPCO\XPCO\Common\VideoOS.Utilities\VideoOS.Utilities.UnitTests\bin\Debug\net472\VideoOS.Utilities.UnitTests.dll" adapterTypeName="executor://mstestadapter/v2" className="VideoOS.Utilities.BulkProcessing.UnitTests.BulkProcessorUnitTest" name="BulkProcessor_IsClosing_NewItemsAreNotEnqueued" />
    </UnitTest>
    <UnitTest name="EnforceUrlReservation_NoConflictingReservationsTest" storage="d:\actions-runner\_work\xpco\xpco\common\videoos.utilities\videoos.utilities.unittests\bin\debug\net472\videoos.utilities.unittests.dll" id="df399b3b-65bd-eec7-8808-ddd74650eace">
      <Execution id="2f538039-cd32-4ab0-a38c-69bdba052c66" />
      <TestMethod codeBase="D:\actions-runner\_work\XPCO\XPCO\Common\VideoOS.Utilities\VideoOS.Utilities.UnitTests\bin\Debug\net472\VideoOS.Utilities.UnitTests.dll" adapterTypeName="executor://mstestadapter/v2" className="VideoOS.Utilities.UnitTests.Windows.Http.HttpSysConfigTest" name="EnforceUrlReservation_NoConflictingReservationsTest" />
    </UnitTest>
    <UnitTest name="IsValidBase64String_DataDrivenTest (AA=,False)" storage="d:\actions-runner\_work\xpco\xpco\common\videoos.utilities\videoos.utilities.unittests\bin\debug\net472\videoos.utilities.unittests.dll" id="e5d974c9-a0eb-025e-acd9-38d4a0697b9c">
      <Execution id="0ea993a2-b423-49da-98f2-37385a054daf" />
      <TestMethod codeBase="D:\actions-runner\_work\XPCO\XPCO\Common\VideoOS.Utilities\VideoOS.Utilities.UnitTests\bin\Debug\net472\VideoOS.Utilities.UnitTests.dll" adapterTypeName="executor://mstestadapter/v2" className="VideoOS.Utilities.UnitTests.Validation.Base64StringValidatorTests" name="IsValidBase64String_DataDrivenTest" />
    </UnitTest>
    <UnitTest name="PasswordOneRequirement" storage="d:\actions-runner\_work\xpco\xpco\common\videoos.utilities\videoos.utilities.unittests\bin\debug\net472\videoos.utilities.unittests.dll" id="c065f0d0-2817-1867-185a-3ef7d09d25ee">
      <Execution id="9885d3e8-590e-4a5f-a473-e2ab1f847999" />
      <TestMethod codeBase="D:\actions-runner\_work\XPCO\XPCO\Common\VideoOS.Utilities\VideoOS.Utilities.UnitTests\bin\Debug\net472\VideoOS.Utilities.UnitTests.dll" adapterTypeName="executor://mstestadapter/v2" className="VideoOS.Common.EnvironmentServices.UnitTests.Security.PasswordTests" name="PasswordOneRequirement" />
    </UnitTest>
    <UnitTest name="IsValidBase64String_DataDrivenTest (,True)" storage="d:\actions-runner\_work\xpco\xpco\common\videoos.utilities\videoos.utilities.unittests\bin\debug\net472\videoos.utilities.unittests.dll" id="cdf0e564-ef3e-091a-b0a3-ee049b53ed18">
      <Execution id="330e0bc1-75eb-4a25-8762-4a2a809f4be5" />
      <TestMethod codeBase="D:\actions-runner\_work\XPCO\XPCO\Common\VideoOS.Utilities\VideoOS.Utilities.UnitTests\bin\Debug\net472\VideoOS.Utilities.UnitTests.dll" adapterTypeName="executor://mstestadapter/v2" className="VideoOS.Utilities.UnitTests.Validation.Base64StringValidatorTests" name="IsValidBase64String_DataDrivenTest" />
    </UnitTest>
    <UnitTest name="TestIsValidHostNameStrict" storage="d:\actions-runner\_work\xpco\xpco\common\videoos.utilities\videoos.utilities.unittests\bin\debug\net472\videoos.utilities.unittests.dll" id="14ae642a-0b2f-a3b2-dc16-834e9a33ff82">
      <Execution id="b0e04234-236c-41f7-a990-f35f199e5806" />
      <TestMethod codeBase="D:\actions-runner\_work\XPCO\XPCO\Common\VideoOS.Utilities\VideoOS.Utilities.UnitTests\bin\Debug\net472\VideoOS.Utilities.UnitTests.dll" adapterTypeName="executor://mstestadapter/v2" className="VideoOS.Utilities.UnitTests.Network.IPHelperTests" name="TestIsValidHostNameStrict" />
    </UnitTest>
    <UnitTest name="Given_TooWeakPassword_When_Validating_AProperErrorMessageIsReturned" storage="d:\actions-runner\_work\xpco\xpco\common\videoos.utilities\videoos.utilities.unittests\bin\debug\net472\videoos.utilities.unittests.dll" id="08e6f33d-3e40-08d5-9977-fd4c7de4b765">
      <Execution id="f526b51d-8d70-4363-a6da-81c2268a5925" />
      <TestMethod codeBase="D:\actions-runner\_work\XPCO\XPCO\Common\VideoOS.Utilities\VideoOS.Utilities.UnitTests\bin\Debug\net472\VideoOS.Utilities.UnitTests.dll" adapterTypeName="executor://mstestadapter/v2" className="VideoOS.Common.EnvironmentServices.UnitTests.Security.PasswordValidatorTest" name="Given_TooWeakPassword_When_Validating_AProperErrorMessageIsReturned" />
    </UnitTest>
    <UnitTest name="IsUpdateNeeded_Success" storage="d:\actions-runner\_work\xpco\xpco\common\videoos.utilities\videoos.utilities.unittests\bin\debug\net472\videoos.utilities.unittests.dll" id="ab4137bd-77f5-7d0c-b890-770e92c5e540">
      <TestCategory>
        <TestCategoryItem TestCategory="UI.Facilitators" />
      </TestCategory>
      <Execution id="cd992f11-9d9f-491a-a12c-33a487b1c3d4" />
      <TestMethod codeBase="D:\actions-runner\_work\XPCO\XPCO\Common\VideoOS.Utilities\VideoOS.Utilities.UnitTests\bin\Debug\net472\VideoOS.Utilities.UnitTests.dll" adapterTypeName="executor://mstestadapter/v2" className="VideoOS.Utilities.UnitTests.Workflow.CompareItemsUpdateStrategyTests" name="IsUpdateNeeded_Success" />
    </UnitTest>
    <UnitTest name="SignAndVerifyWithPrivateKeyRSA" storage="d:\actions-runner\_work\xpco\xpco\common\videoos.utilities\videoos.utilities.unittests\bin\debug\net472\videoos.utilities.unittests.dll" id="1130b0a6-11ce-bcba-8475-9a827b5e62e1">
      <Execution id="aae9fdce-f267-4cdd-9bc0-b831f6c03e03" />
      <TestMethod codeBase="D:\actions-runner\_work\XPCO\XPCO\Common\VideoOS.Utilities\VideoOS.Utilities.UnitTests\bin\Debug\net472\VideoOS.Utilities.UnitTests.dll" adapterTypeName="executor://mstestadapter/v2" className="VideoOS.Utilities.UnitTests.Cryptography.StringSignatures" name="SignAndVerifyWithPrivateKeyRSA" />
    </UnitTest>
    <UnitTest name="RemoveInvalidXMLChars_Text_Invalid_Chars" storage="d:\actions-runner\_work\xpco\xpco\common\videoos.utilities\videoos.utilities.unittests\bin\debug\net472\videoos.utilities.unittests.dll" id="6cc7bb11-75a5-32ad-c8ad-c89efbe80686">
      <Execution id="7e40cf9f-cf98-40f8-ba0d-17baa86d7acc" />
      <TestMethod codeBase="D:\actions-runner\_work\XPCO\XPCO\Common\VideoOS.Utilities\VideoOS.Utilities.UnitTests\bin\Debug\net472\VideoOS.Utilities.UnitTests.dll" adapterTypeName="executor://mstestadapter/v2" className="VideoOS.Utilities.UnitTests.Formatting.CharacterTests" name="RemoveInvalidXMLChars_Text_Invalid_Chars" />
    </UnitTest>
    <UnitTest name="ConstructDatabaseConnectionInfo_AzureIntegrated_Success" storage="d:\actions-runner\_work\xpco\xpco\common\videoos.utilities\videoos.utilities.unittests\bin\debug\net472\videoos.utilities.unittests.dll" id="eb3e1b48-92a3-4ac3-b537-9b97539fad7b">
      <Execution id="23eb81f8-68ac-4262-b331-9b23bf906a8c" />
      <TestMethod codeBase="D:\actions-runner\_work\XPCO\XPCO\Common\VideoOS.Utilities\VideoOS.Utilities.UnitTests\bin\Debug\net472\VideoOS.Utilities.UnitTests.dll" adapterTypeName="executor://mstestadapter/v2" className="VideoOS.Utilities.UnitTests.Database.DatabaseConnectionInfoTests" name="ConstructDatabaseConnectionInfo_AzureIntegrated_Success" />
    </UnitTest>
    <UnitTest name="WithoutRetryDeadlockedOperationsFail" storage="d:\actions-runner\_work\xpco\xpco\common\videoos.utilities\videoos.utilities.unittests\bin\debug\net472\videoos.utilities.unittests.dll" id="d0bbac93-d8fc-1d21-a05e-de8fbe64b574">
      <TestCategory>
        <TestCategoryItem TestCategory="DatabaseConnection" />
      </TestCategory>
      <Execution id="4423f2fd-fed1-4910-87ae-08de3bf21fa1" />
      <TestMethod codeBase="D:\actions-runner\_work\XPCO\XPCO\Common\VideoOS.Utilities\VideoOS.Utilities.UnitTests\bin\Debug\net472\VideoOS.Utilities.UnitTests.dll" adapterTypeName="executor://mstestadapter/v2" className="VideoOS.Utilities.UnitTests.Database.DatabaseConnectionTests" name="WithoutRetryDeadlockedOperationsFail" />
    </UnitTest>
    <UnitTest name="GetContentFromActivatedLicense_InvalidFilePattern_ThrowsNotSupportedException" storage="d:\actions-runner\_work\xpco\xpco\common\videoos.utilities\videoos.utilities.unittests\bin\debug\net472\videoos.utilities.unittests.dll" id="2330d4e4-e7e1-b869-3796-3179869f0ea3">
      <Execution id="cc99f951-d028-4411-a766-0da43546140a" />
      <TestMethod codeBase="D:\actions-runner\_work\XPCO\XPCO\Common\VideoOS.Utilities\VideoOS.Utilities.UnitTests\bin\Debug\net472\VideoOS.Utilities.UnitTests.dll" adapterTypeName="executor://mstestadapter/v2" className="VideoOS.Utilities.UnitTests.Licensing.LicenseFileHelperTests" name="GetContentFromActivatedLicense_InvalidFilePattern_ThrowsNotSupportedException" />
    </UnitTest>
    <UnitTest name="Construction_InvalidNullPaddingValidKey_ThrowsArgumentNullException" storage="d:\actions-runner\_work\xpco\xpco\common\videoos.utilities\videoos.utilities.unittests\bin\debug\net472\videoos.utilities.unittests.dll" id="263dd6e4-a3a8-61ea-bf9a-d13a8e2ef748">
      <Execution id="43e80383-3eaa-4569-92f1-1864d664a100" />
      <TestMethod codeBase="D:\actions-runner\_work\XPCO\XPCO\Common\VideoOS.Utilities\VideoOS.Utilities.UnitTests\bin\Debug\net472\VideoOS.Utilities.UnitTests.dll" adapterTypeName="executor://mstestadapter/v2" className="VideoOS.Utilities.UnitTests.Cryptography.RsaCngAsymmetricEncryptionTests" name="Construction_InvalidNullPaddingValidKey_ThrowsArgumentNullException" />
    </UnitTest>
    <UnitTest name="EncryptAndDecryptWithAutogeneratedKey" storage="d:\actions-runner\_work\xpco\xpco\common\videoos.utilities\videoos.utilities.unittests\bin\debug\net472\videoos.utilities.unittests.dll" id="9a2ba6b9-2b81-65ba-1e10-ab29f022efa1">
      <Execution id="96be0b90-74cb-4bcb-a7d6-74e41345034b" />
      <TestMethod codeBase="D:\actions-runner\_work\XPCO\XPCO\Common\VideoOS.Utilities\VideoOS.Utilities.UnitTests\bin\Debug\net472\VideoOS.Utilities.UnitTests.dll" adapterTypeName="executor://mstestadapter/v2" className="VideoOS.Utilities.UnitTests.Cryptography.Encryption" name="EncryptAndDecryptWithAutogeneratedKey" />
    </UnitTest>
    <UnitTest name="WhenExecuteScalarFailsDatabaseExceptionsAreThrownWithCorrectErrorNumber" storage="d:\actions-runner\_work\xpco\xpco\common\videoos.utilities\videoos.utilities.unittests\bin\debug\net472\videoos.utilities.unittests.dll" id="7e825cf4-9719-bedc-fb4d-0b42e7afd1d3">
      <TestCategory>
        <TestCategoryItem TestCategory="DatabaseCommand" />
      </TestCategory>
      <Execution id="6c06d6a4-61af-423d-88e8-22de8cbd9cd0" />
      <TestMethod codeBase="D:\actions-runner\_work\XPCO\XPCO\Common\VideoOS.Utilities\VideoOS.Utilities.UnitTests\bin\Debug\net472\VideoOS.Utilities.UnitTests.dll" adapterTypeName="executor://mstestadapter/v2" className="VideoOS.Utilities.UnitTests.Database.DatabaseCommandTest" name="WhenExecuteScalarFailsDatabaseExceptionsAreThrownWithCorrectErrorNumber" />
    </UnitTest>
    <UnitTest name="CreateWeakWildcard_InvalidPort" storage="d:\actions-runner\_work\xpco\xpco\common\videoos.utilities\videoos.utilities.unittests\bin\debug\net472\videoos.utilities.unittests.dll" id="afb9dd82-29f0-cf09-f921-bfceb82c5ba9">
      <Execution id="8bc343f8-417e-4526-bb41-386936a8771b" />
      <TestMethod codeBase="D:\actions-runner\_work\XPCO\XPCO\Common\VideoOS.Utilities\VideoOS.Utilities.UnitTests\bin\Debug\net472\VideoOS.Utilities.UnitTests.dll" adapterTypeName="executor://mstestadapter/v2" className="VideoOS.Utilities.UnitTests.Windows.UrlPrefixTest" name="CreateWeakWildcard_InvalidPort" />
    </UnitTest>
    <UnitTest name="CreateIPBoundWeakWildcard_NullHost" storage="d:\actions-runner\_work\xpco\xpco\common\videoos.utilities\videoos.utilities.unittests\bin\debug\net472\videoos.utilities.unittests.dll" id="9369cfde-baf2-3bd8-4bc1-22c69e21e126">
      <Execution id="cc390a4a-2458-4d47-a4e2-4563418ba622" />
      <TestMethod codeBase="D:\actions-runner\_work\XPCO\XPCO\Common\VideoOS.Utilities\VideoOS.Utilities.UnitTests\bin\Debug\net472\VideoOS.Utilities.UnitTests.dll" adapterTypeName="executor://mstestadapter/v2" className="VideoOS.Utilities.UnitTests.Windows.UrlPrefixTest" name="CreateIPBoundWeakWildcard_NullHost" />
    </UnitTest>
    <UnitTest name="ComputeHash_ShouldReturnSameHashForSameString" storage="d:\actions-runner\_work\xpco\xpco\common\videoos.utilities\videoos.utilities.unittests\bin\debug\net472\videoos.utilities.unittests.dll" id="5a5341a2-ae72-edbb-3ba1-5c07a01ee3cd">
      <Execution id="3c80aa3b-ed56-44dd-835e-1d73d0dc0f7b" />
      <TestMethod codeBase="D:\actions-runner\_work\XPCO\XPCO\Common\VideoOS.Utilities\VideoOS.Utilities.UnitTests\bin\Debug\net472\VideoOS.Utilities.UnitTests.dll" adapterTypeName="executor://mstestadapter/v2" className="VideoOS.Utilities.UnitTests.Cryptography.SHA256HashAlgorithmTests" name="ComputeHash_ShouldReturnSameHashForSameString" />
    </UnitTest>
    <UnitTest name="Dispose_TokenDisposedTest" storage="d:\actions-runner\_work\xpco\xpco\common\videoos.utilities\videoos.utilities.unittests\bin\debug\net472\videoos.utilities.unittests.dll" id="66f621bf-d404-fc2d-2e5e-519eb3aca3c8">
      <Execution id="26080921-5d5d-4a0b-a5b8-4b4226fa0092" />
      <TestMethod codeBase="D:\actions-runner\_work\XPCO\XPCO\Common\VideoOS.Utilities\VideoOS.Utilities.UnitTests\bin\Debug\net472\VideoOS.Utilities.UnitTests.dll" adapterTypeName="executor://mstestadapter/v2" className="VideoOS.Utilities.UnitTests.Windows.Http.HttpSysConfigTest" name="Dispose_TokenDisposedTest" />
    </UnitTest>
    <UnitTest name="EncryptionFactory_KeyInformationIsTheSame_OnCreateAsymmetricForLicenseWithKeyInformation" storage="d:\actions-runner\_work\xpco\xpco\common\videoos.utilities\videoos.utilities.unittests\bin\debug\net472\videoos.utilities.unittests.dll" id="4feb8d88-c51c-c8a7-4097-e675b461b0f8">
      <Execution id="a804ccc9-abdb-4036-87fe-707796387853" />
      <TestMethod codeBase="D:\actions-runner\_work\XPCO\XPCO\Common\VideoOS.Utilities\VideoOS.Utilities.UnitTests\bin\Debug\net472\VideoOS.Utilities.UnitTests.dll" adapterTypeName="executor://mstestadapter/v2" className="VideoOS.Utilities.UnitTests.Cryptography.RsaCngAsymmetricEncryptionTests" name="EncryptionFactory_KeyInformationIsTheSame_OnCreateAsymmetricForLicenseWithKeyInformation" />
    </UnitTest>
    <UnitTest name="Constructor_SingleReservation_Listen" storage="d:\actions-runner\_work\xpco\xpco\common\videoos.utilities\videoos.utilities.unittests\bin\debug\net472\videoos.utilities.unittests.dll" id="4ddc8e24-b9ee-cffa-b889-52ce91adfc5f">
      <Execution id="33cbcb3d-da00-4ebd-9bfe-c819835aaf4c" />
      <TestMethod codeBase="D:\actions-runner\_work\XPCO\XPCO\Common\VideoOS.Utilities\VideoOS.Utilities.UnitTests\bin\Debug\net472\VideoOS.Utilities.UnitTests.dll" adapterTypeName="executor://mstestadapter/v2" className="VideoOS.Utilities.UnitTests.Windows.Http.UrlReservationInfoCollectionWrapperTest" name="Constructor_SingleReservation_Listen" />
    </UnitTest>
    <UnitTest name="CommandTimeout_DefaultTimeout_LongerSqlExecution_ShouldThrow" storage="d:\actions-runner\_work\xpco\xpco\common\videoos.utilities\videoos.utilities.unittests\bin\debug\net472\videoos.utilities.unittests.dll" id="b9cd51bc-b558-b299-0098-91b9fedbee77">
      <TestCategory>
        <TestCategoryItem TestCategory="DatabaseCommand" />
      </TestCategory>
      <Execution id="dc09a5f1-e7c4-447b-a6e0-0f2350707b5a" />
      <TestMethod codeBase="D:\actions-runner\_work\XPCO\XPCO\Common\VideoOS.Utilities\VideoOS.Utilities.UnitTests\bin\Debug\net472\VideoOS.Utilities.UnitTests.dll" adapterTypeName="executor://mstestadapter/v2" className="VideoOS.Utilities.UnitTests.Database.DatabaseCommandTest" name="CommandTimeout_DefaultTimeout_LongerSqlExecution_ShouldThrow" />
    </UnitTest>
    <UnitTest name="FormatByteSizeStringTest10" storage="d:\actions-runner\_work\xpco\xpco\common\videoos.utilities\videoos.utilities.unittests\bin\debug\net472\videoos.utilities.unittests.dll" id="88b06e89-6009-9e01-9e1f-9df25d08d8fb">
      <Execution id="15c807d3-0f27-46c7-be56-6ed90c9fd2e0" />
      <TestMethod codeBase="D:\actions-runner\_work\XPCO\XPCO\Common\VideoOS.Utilities\VideoOS.Utilities.UnitTests\bin\Debug\net472\VideoOS.Utilities.UnitTests.dll" adapterTypeName="executor://mstestadapter/v2" className="VideoOS.Utilities.UnitTests.StringFormattingTest" name="FormatByteSizeStringTest10" />
    </UnitTest>
    <UnitTest name="Write_ShouldNotWriteEmptyBytes_WhenPasswordIsNotEmptyString" storage="d:\actions-runner\_work\xpco\xpco\common\videoos.utilities\videoos.utilities.unittests\bin\debug\net472\videoos.utilities.unittests.dll" id="101dcc33-d8d6-50e8-c5f2-d4b11695329f">
      <Execution id="8677e07b-cccc-4fa2-b39a-59d383d3eb6f" />
      <TestMethod codeBase="D:\actions-runner\_work\XPCO\XPCO\Common\VideoOS.Utilities\VideoOS.Utilities.UnitTests\bin\Debug\net472\VideoOS.Utilities.UnitTests.dll" adapterTypeName="executor://mstestadapter/v2" className="VideoOS.Utilities.UnitTests.KeyManagement.FileWritingSessionTests" name="Write_ShouldNotWriteEmptyBytes_WhenPasswordIsNotEmptyString" />
    </UnitTest>
    <UnitTest name="UsingMultipleReadersBeingClosedSameConnection" storage="d:\actions-runner\_work\xpco\xpco\common\videoos.utilities\videoos.utilities.unittests\bin\debug\net472\videoos.utilities.unittests.dll" id="fd002043-94ea-412f-04ec-e9432b63a536">
      <TestCategory>
        <TestCategoryItem TestCategory="DatabaseCommand" />
      </TestCategory>
      <Execution id="51fe060e-2a2f-4dcb-8e80-ed4601acbd6b" />
      <TestMethod codeBase="D:\actions-runner\_work\XPCO\XPCO\Common\VideoOS.Utilities\VideoOS.Utilities.UnitTests\bin\Debug\net472\VideoOS.Utilities.UnitTests.dll" adapterTypeName="executor://mstestadapter/v2" className="VideoOS.Utilities.UnitTests.Database.DatabaseCommandTest" name="UsingMultipleReadersBeingClosedSameConnection" />
    </UnitTest>
    <UnitTest name="CreateStrongWildcard_InvalidPort" storage="d:\actions-runner\_work\xpco\xpco\common\videoos.utilities\videoos.utilities.unittests\bin\debug\net472\videoos.utilities.unittests.dll" id="519e41a2-1113-39e3-d737-8f8a6f913746">
      <Execution id="c5a18153-0931-4b4a-87ea-e21c74ab7aa3" />
      <TestMethod codeBase="D:\actions-runner\_work\XPCO\XPCO\Common\VideoOS.Utilities\VideoOS.Utilities.UnitTests\bin\Debug\net472\VideoOS.Utilities.UnitTests.dll" adapterTypeName="executor://mstestadapter/v2" className="VideoOS.Utilities.UnitTests.Windows.UrlPrefixTest" name="CreateStrongWildcard_InvalidPort" />
    </UnitTest>
    <UnitTest name="DeleteSslConfiguration_SunnyDayTest" storage="d:\actions-runner\_work\xpco\xpco\common\videoos.utilities\videoos.utilities.unittests\bin\debug\net472\videoos.utilities.unittests.dll" id="e3ac57fe-96f7-8188-e429-555145a2c596">
      <Execution id="6a67f46b-a680-4e48-9963-0d7b9e5594de" />
      <TestMethod codeBase="D:\actions-runner\_work\XPCO\XPCO\Common\VideoOS.Utilities\VideoOS.Utilities.UnitTests\bin\Debug\net472\VideoOS.Utilities.UnitTests.dll" adapterTypeName="executor://mstestadapter/v2" className="VideoOS.Utilities.UnitTests.Windows.Http.HttpSysConfigTest" name="DeleteSslConfiguration_SunnyDayTest" />
    </UnitTest>
    <UnitTest name="GetKeyManagementState_NoPasswordFound" storage="d:\actions-runner\_work\xpco\xpco\common\videoos.utilities\videoos.utilities.unittests\bin\debug\net472\videoos.utilities.unittests.dll" id="4d04cbd9-6b0c-129f-89f2-13ad5bb3b77d">
      <Execution id="05de3dec-2469-4c6b-9e52-1393d6c18720" />
      <TestMethod codeBase="D:\actions-runner\_work\XPCO\XPCO\Common\VideoOS.Utilities\VideoOS.Utilities.UnitTests\bin\Debug\net472\VideoOS.Utilities.UnitTests.dll" adapterTypeName="executor://mstestadapter/v2" className="VideoOS.Utilities.UnitTests.KeyManagement.KeyManagerTests" name="GetKeyManagementState_NoPasswordFound" />
    </UnitTest>
    <UnitTest name="IsValidBase64String_DataDrivenTest (V29ya2luZyBoYXJkIGZvciB0aGUgc3RhY2tzIG9mIGNhc2g=,True)" storage="d:\actions-runner\_work\xpco\xpco\common\videoos.utilities\videoos.utilities.unittests\bin\debug\net472\videoos.utilities.unittests.dll" id="29199b1a-8dc7-6a91-9c06-a34a15275ea8">
      <Execution id="9b68a6bc-5b08-4b33-bb77-19ca5598cfb0" />
      <TestMethod codeBase="D:\actions-runner\_work\XPCO\XPCO\Common\VideoOS.Utilities\VideoOS.Utilities.UnitTests\bin\Debug\net472\VideoOS.Utilities.UnitTests.dll" adapterTypeName="executor://mstestadapter/v2" className="VideoOS.Utilities.UnitTests.Validation.Base64StringValidatorTests" name="IsValidBase64String_DataDrivenTest" />
    </UnitTest>
    <UnitTest name="HSL_ImproperlyFormattedHslString_ThrowsArgumentNullException" storage="d:\actions-runner\_work\xpco\xpco\common\videoos.utilities\videoos.utilities.unittests\bin\debug\net472\videoos.utilities.unittests.dll" id="24adbf6a-5db3-0671-76a8-020bd6ad9b9b">
      <Execution id="b49122a5-e5fc-4ff0-8ec5-3233cc989422" />
      <TestMethod codeBase="D:\actions-runner\_work\XPCO\XPCO\Common\VideoOS.Utilities\VideoOS.Utilities.UnitTests\bin\Debug\net472\VideoOS.Utilities.UnitTests.dll" adapterTypeName="executor://mstestadapter/v2" className="VideoOS.Utilities.UnitTests.Colors.ColorConverterTests" name="HSL_ImproperlyFormattedHslString_ThrowsArgumentNullException" />
    </UnitTest>
    <UnitTest name="IsValidBase64String_DataDrivenTest (A===,True)" storage="d:\actions-runner\_work\xpco\xpco\common\videoos.utilities\videoos.utilities.unittests\bin\debug\net472\videoos.utilities.unittests.dll" id="004341c7-cec2-0f4b-c539-539d094096cc">
      <Execution id="ee368cea-4889-4c4f-a7a7-6c5f3b38447a" />
      <TestMethod codeBase="D:\actions-runner\_work\XPCO\XPCO\Common\VideoOS.Utilities\VideoOS.Utilities.UnitTests\bin\Debug\net472\VideoOS.Utilities.UnitTests.dll" adapterTypeName="executor://mstestadapter/v2" className="VideoOS.Utilities.UnitTests.Validation.Base64StringValidatorTests" name="IsValidBase64String_DataDrivenTest" />
    </UnitTest>
    <UnitTest name="CreateExplicit_NoRelativePathTest" storage="d:\actions-runner\_work\xpco\xpco\common\videoos.utilities\videoos.utilities.unittests\bin\debug\net472\videoos.utilities.unittests.dll" id="d6a5b564-6853-d350-20e1-f686b037eba7">
      <Execution id="e615ad2e-08f6-4896-b025-25e2108060f0" />
      <TestMethod codeBase="D:\actions-runner\_work\XPCO\XPCO\Common\VideoOS.Utilities\VideoOS.Utilities.UnitTests\bin\Debug\net472\VideoOS.Utilities.UnitTests.dll" adapterTypeName="executor://mstestadapter/v2" className="VideoOS.Utilities.UnitTests.Windows.UrlPrefixTest" name="CreateExplicit_NoRelativePathTest" />
    </UnitTest>
    <UnitTest name="ChangePassword_ShouldNotWritePassword_WhenUpdateKeyFails" storage="d:\actions-runner\_work\xpco\xpco\common\videoos.utilities\videoos.utilities.unittests\bin\debug\net472\videoos.utilities.unittests.dll" id="d659df81-c32d-32dd-f460-15af9784ff57">
      <Execution id="0333347d-0e38-49cf-94a8-e2a08a966a4a" />
      <TestMethod codeBase="D:\actions-runner\_work\XPCO\XPCO\Common\VideoOS.Utilities\VideoOS.Utilities.UnitTests\bin\Debug\net472\VideoOS.Utilities.UnitTests.dll" adapterTypeName="executor://mstestadapter/v2" className="VideoOS.Utilities.UnitTests.KeyManagement.KeyManagerTests" name="ChangePassword_ShouldNotWritePassword_WhenUpdateKeyFails" />
    </UnitTest>
    <UnitTest name="IsUpdateNeeded_CustomComparerWorks" storage="d:\actions-runner\_work\xpco\xpco\common\videoos.utilities\videoos.utilities.unittests\bin\debug\net472\videoos.utilities.unittests.dll" id="56def5dd-e68b-62be-8395-de8cbb581964">
      <TestCategory>
        <TestCategoryItem TestCategory="UI.Facilitators" />
      </TestCategory>
      <Execution id="20a2c44f-0721-4a62-8b2f-bde097ba2e01" />
      <TestMethod codeBase="D:\actions-runner\_work\XPCO\XPCO\Common\VideoOS.Utilities\VideoOS.Utilities.UnitTests\bin\Debug\net472\VideoOS.Utilities.UnitTests.dll" adapterTypeName="executor://mstestadapter/v2" className="VideoOS.Utilities.UnitTests.Workflow.CompareItemsUpdateStrategyTests" name="IsUpdateNeeded_CustomComparerWorks" />
    </UnitTest>
    <UnitTest name="Initialize_ValidArgsOffline_Success" storage="d:\actions-runner\_work\xpco\xpco\common\videoos.utilities\videoos.utilities.unittests\bin\debug\net472\videoos.utilities.unittests.dll" id="54bd00e6-9405-3d53-2a2a-6095d7c4f033">
      <TestCategory>
        <TestCategoryItem TestCategory="Help" />
      </TestCategory>
      <Execution id="6ae57796-37bc-4b17-a68c-89a690cdee64" />
      <TestMethod codeBase="D:\actions-runner\_work\XPCO\XPCO\Common\VideoOS.Utilities\VideoOS.Utilities.UnitTests\bin\Debug\net472\VideoOS.Utilities.UnitTests.dll" adapterTypeName="executor://mstestadapter/v2" className="VideoOS.Utilities.UnitTests.Help.HelpManagerTests" name="Initialize_ValidArgsOffline_Success" />
    </UnitTest>
    <UnitTest name="SimpleErrorLevel" storage="d:\actions-runner\_work\xpco\xpco\common\videoos.utilities\videoos.utilities.unittests\bin\debug\net472\videoos.utilities.unittests.dll" id="bfd927da-87a0-bf65-ed2b-dd9388826410">
      <Execution id="b9b25b30-fd8d-4fdb-ae9f-805b1c5976f9" />
      <TestMethod codeBase="D:\actions-runner\_work\XPCO\XPCO\Common\VideoOS.Utilities\VideoOS.Utilities.UnitTests\bin\Debug\net472\VideoOS.Utilities.UnitTests.dll" adapterTypeName="executor://mstestadapter/v2" className="VideoOS.Utilities.UnitTests.Diagnostics.Levels" name="SimpleErrorLevel" />
    </UnitTest>
    <UnitTest name="FormatTimeSpanStringTest8" storage="d:\actions-runner\_work\xpco\xpco\common\videoos.utilities\videoos.utilities.unittests\bin\debug\net472\videoos.utilities.unittests.dll" id="5a6868e3-15dc-eaff-d9f4-826de8d42491">
      <Execution id="027821de-1f8e-4851-b0fe-568740e65e2a" />
      <TestMethod codeBase="D:\actions-runner\_work\XPCO\XPCO\Common\VideoOS.Utilities\VideoOS.Utilities.UnitTests\bin\Debug\net472\VideoOS.Utilities.UnitTests.dll" adapterTypeName="executor://mstestadapter/v2" className="VideoOS.Utilities.UnitTests.StringFormattingTest" name="FormatTimeSpanStringTest8" />
    </UnitTest>
    <UnitTest name="EncryptionFactory_Throws_OnCreateAsymmetricWithPaddingNull" storage="d:\actions-runner\_work\xpco\xpco\common\videoos.utilities\videoos.utilities.unittests\bin\debug\net472\videoos.utilities.unittests.dll" id="86ed0180-2a38-091a-3c64-f74dc552c0af">
      <Execution id="8429b6f6-702b-48e5-adb3-d31deeb3b50a" />
      <TestMethod codeBase="D:\actions-runner\_work\XPCO\XPCO\Common\VideoOS.Utilities\VideoOS.Utilities.UnitTests\bin\Debug\net472\VideoOS.Utilities.UnitTests.dll" adapterTypeName="executor://mstestadapter/v2" className="VideoOS.Utilities.UnitTests.Cryptography.RsaCngAsymmetricEncryptionTests" name="EncryptionFactory_Throws_OnCreateAsymmetricWithPaddingNull" />
    </UnitTest>
    <UnitTest name="GetSqlConnection_ValidPacketSizeSpecified_Success" storage="d:\actions-runner\_work\xpco\xpco\common\videoos.utilities\videoos.utilities.unittests\bin\debug\net472\videoos.utilities.unittests.dll" id="435bff6e-aa18-203e-c687-662b93130e0e">
      <TestCategory>
        <TestCategoryItem TestCategory="Database" />
      </TestCategory>
      <Execution id="131aa10b-58af-47be-96b7-e9aeab67a47a" />
      <TestMethod codeBase="D:\actions-runner\_work\XPCO\XPCO\Common\VideoOS.Utilities\VideoOS.Utilities.UnitTests\bin\Debug\net472\VideoOS.Utilities.UnitTests.dll" adapterTypeName="executor://mstestadapter/v2" className="VideoOS.Utilities.UnitTests.Database.SqlConnectionManagerTests" name="GetSqlConnection_ValidPacketSizeSpecified_Success" />
    </UnitTest>
    <UnitTest name="DecryptAfterEncrypt_ShouldReturnSameStringAsInput_WhenUsingPassword" storage="d:\actions-runner\_work\xpco\xpco\common\videoos.utilities\videoos.utilities.unittests\bin\debug\net472\videoos.utilities.unittests.dll" id="b380cbbf-930f-c228-c7ee-eed99192c386">
      <Execution id="fbbcf457-c4aa-477e-bbc5-3b8112748b0b" />
      <TestMethod codeBase="D:\actions-runner\_work\XPCO\XPCO\Common\VideoOS.Utilities\VideoOS.Utilities.UnitTests\bin\Debug\net472\VideoOS.Utilities.UnitTests.dll" adapterTypeName="executor://mstestadapter/v2" className="VideoOS.Utilities.UnitTests.Cryptography.AesSymmetricEncryptionTests" name="DecryptAfterEncrypt_ShouldReturnSameStringAsInput_WhenUsingPassword" />
    </UnitTest>
    <UnitTest name="SecureFolderWithBuiltinAccountGetsCreatedCorrectlySecondTimeItIsCreatedTheSecondUserGettheRightsAdded" storage="d:\actions-runner\_work\xpco\xpco\common\videoos.utilities\videoos.utilities.unittests\bin\debug\net472\videoos.utilities.unittests.dll" id="a93dea9f-f99b-b0ff-bad2-0f984b2c1fde">
      <Execution id="d2a3e48c-dfa7-4c12-bfa1-793e50da8515" />
      <TestMethod codeBase="D:\actions-runner\_work\XPCO\XPCO\Common\VideoOS.Utilities\VideoOS.Utilities.UnitTests\bin\Debug\net472\VideoOS.Utilities.UnitTests.dll" adapterTypeName="executor://mstestadapter/v2" className="VideoOS.Utilities.UnitTests.Security.SecureFolderTests" name="SecureFolderWithBuiltinAccountGetsCreatedCorrectlySecondTimeItIsCreatedTheSecondUserGettheRightsAdded" />
    </UnitTest>
    <UnitTest name="Task_Factory_Delay_Cancels" storage="d:\actions-runner\_work\xpco\xpco\common\videoos.utilities\videoos.utilities.unittests\bin\debug\net472\videoos.utilities.unittests.dll" id="020278e1-db17-5a0f-fbe8-5c9de3d6118a">
      <Execution id="44c338d7-fe13-4cb0-a882-af6eff55ce14" />
      <TestMethod codeBase="D:\actions-runner\_work\XPCO\XPCO\Common\VideoOS.Utilities\VideoOS.Utilities.UnitTests\bin\Debug\net472\VideoOS.Utilities.UnitTests.dll" adapterTypeName="executor://mstestadapter/v2" className="VideoOS.Utilities.UnitTests.Threading.TaskExtensionTest" name="Task_Factory_Delay_Cancels" />
    </UnitTest>
    <UnitTest name="ParserIntegrationTest" storage="d:\actions-runner\_work\xpco\xpco\common\videoos.utilities\videoos.utilities.unittests\bin\debug\net472\videoos.utilities.unittests.dll" id="6afda4e9-9f8c-3237-b982-85b4612c3d18">
      <Execution id="c9144cde-af99-4177-9670-f6e235e7772a" />
      <TestMethod codeBase="D:\actions-runner\_work\XPCO\XPCO\Common\VideoOS.Utilities\VideoOS.Utilities.UnitTests\bin\Debug\net472\VideoOS.Utilities.UnitTests.dll" adapterTypeName="executor://mstestadapter/v2" className="VideoOS.Utilities.UnitTests.Windows.Http.UrlReservationInfoCollectionWrapperTest" name="ParserIntegrationTest" />
    </UnitTest>
    <UnitTest name="TestIsValidHostName_WithNull" storage="d:\actions-runner\_work\xpco\xpco\common\videoos.utilities\videoos.utilities.unittests\bin\debug\net472\videoos.utilities.unittests.dll" id="a5a83dbc-7dbf-2fc7-63d9-c3c32958ddb2">
      <Execution id="1c408c36-3bc1-422b-858b-bb13fc6f4eab" />
      <TestMethod codeBase="D:\actions-runner\_work\XPCO\XPCO\Common\VideoOS.Utilities\VideoOS.Utilities.UnitTests\bin\Debug\net472\VideoOS.Utilities.UnitTests.dll" adapterTypeName="executor://mstestadapter/v2" className="VideoOS.Utilities.UnitTests.Network.IPHelperTests" name="TestIsValidHostName_WithNull" />
    </UnitTest>
    <UnitTest name="TestValidateAddress_InValidAdresses" storage="d:\actions-runner\_work\xpco\xpco\common\videoos.utilities\videoos.utilities.unittests\bin\debug\net472\videoos.utilities.unittests.dll" id="3637415d-2358-71ca-7a4a-ab98593fbcba">
      <Execution id="53dfd1fb-7eb2-4827-a4c9-fa4917842168" />
      <TestMethod codeBase="D:\actions-runner\_work\XPCO\XPCO\Common\VideoOS.Utilities\VideoOS.Utilities.UnitTests\bin\Debug\net472\VideoOS.Utilities.UnitTests.dll" adapterTypeName="executor://mstestadapter/v2" className="VideoOS.Utilities.UnitTests.Network.IPHelperTests" name="TestValidateAddress_InValidAdresses" />
    </UnitTest>
    <UnitTest name="DatabaseReaderCanBeDisposedMultipleTimes_Success" storage="d:\actions-runner\_work\xpco\xpco\common\videoos.utilities\videoos.utilities.unittests\bin\debug\net472\videoos.utilities.unittests.dll" id="baa373a9-6d62-5c7c-faff-08d5369c08e0">
      <TestCategory>
        <TestCategoryItem TestCategory="DatabaseCommand" />
      </TestCategory>
      <Execution id="f46f6c33-69f1-470c-a302-bc235c60338d" />
      <TestMethod codeBase="D:\actions-runner\_work\XPCO\XPCO\Common\VideoOS.Utilities\VideoOS.Utilities.UnitTests\bin\Debug\net472\VideoOS.Utilities.UnitTests.dll" adapterTypeName="executor://mstestadapter/v2" className="VideoOS.Utilities.UnitTests.Database.DatabaseCommandTest" name="DatabaseReaderCanBeDisposedMultipleTimes_Success" />
    </UnitTest>
    <UnitTest name="HSL_InvalidS_ThrowsArgumentException" storage="d:\actions-runner\_work\xpco\xpco\common\videoos.utilities\videoos.utilities.unittests\bin\debug\net472\videoos.utilities.unittests.dll" id="f0788877-1309-4377-71d6-529ae40b5764">
      <Execution id="393112cf-3668-49dd-be70-a0a8a227f776" />
      <TestMethod codeBase="D:\actions-runner\_work\XPCO\XPCO\Common\VideoOS.Utilities\VideoOS.Utilities.UnitTests\bin\Debug\net472\VideoOS.Utilities.UnitTests.dll" adapterTypeName="executor://mstestadapter/v2" className="VideoOS.Utilities.UnitTests.Colors.ColorConverterTests" name="HSL_InvalidS_ThrowsArgumentException" />
    </UnitTest>
    <UnitTest name="ValidateWebAddress_WithHttps" storage="d:\actions-runner\_work\xpco\xpco\common\videoos.utilities\videoos.utilities.unittests\bin\debug\net472\videoos.utilities.unittests.dll" id="1ce37233-b5c5-6528-d384-50e5daf3d106">
      <Execution id="f45b1583-9ca2-4ee4-8e78-ecfcefa197e9" />
      <TestMethod codeBase="D:\actions-runner\_work\XPCO\XPCO\Common\VideoOS.Utilities\VideoOS.Utilities.UnitTests\bin\Debug\net472\VideoOS.Utilities.UnitTests.dll" adapterTypeName="executor://mstestadapter/v2" className="VideoOS.Utilities.UnitTests.Network.AddressValidationTests" name="ValidateWebAddress_WithHttps" />
    </UnitTest>
    <UnitTest name="IsValidBase64String_DataDrivenTest (Device  is  disabled  and will stay    disabled  ,False)" storage="d:\actions-runner\_work\xpco\xpco\common\videoos.utilities\videoos.utilities.unittests\bin\debug\net472\videoos.utilities.unittests.dll" id="ced8d624-bb3c-78ce-0fe9-b24f4b5b4949">
      <Execution id="380ed61e-8692-4641-9984-3f79c9c1bc87" />
      <TestMethod codeBase="D:\actions-runner\_work\XPCO\XPCO\Common\VideoOS.Utilities\VideoOS.Utilities.UnitTests\bin\Debug\net472\VideoOS.Utilities.UnitTests.dll" adapterTypeName="executor://mstestadapter/v2" className="VideoOS.Utilities.UnitTests.Validation.Base64StringValidatorTests" name="IsValidBase64String_DataDrivenTest" />
    </UnitTest>
    <UnitTest name="Constructor_SingleReservation_All" storage="d:\actions-runner\_work\xpco\xpco\common\videoos.utilities\videoos.utilities.unittests\bin\debug\net472\videoos.utilities.unittests.dll" id="69427a53-a1fa-451a-dd3d-193fa3d2ed89">
      <Execution id="d09d1725-2626-422b-abb8-a7c98b7b4a60" />
      <TestMethod codeBase="D:\actions-runner\_work\XPCO\XPCO\Common\VideoOS.Utilities\VideoOS.Utilities.UnitTests\bin\Debug\net472\VideoOS.Utilities.UnitTests.dll" adapterTypeName="executor://mstestadapter/v2" className="VideoOS.Utilities.UnitTests.Windows.Http.UrlReservationInfoCollectionWrapperTest" name="Constructor_SingleReservation_All" />
    </UnitTest>
    <UnitTest name="DatabaseCommandCanBeDisposedMultipleTimes_Success" storage="d:\actions-runner\_work\xpco\xpco\common\videoos.utilities\videoos.utilities.unittests\bin\debug\net472\videoos.utilities.unittests.dll" id="31d41479-fb61-29de-db02-254504f39eb9">
      <TestCategory>
        <TestCategoryItem TestCategory="DatabaseCommand" />
      </TestCategory>
      <Execution id="ded3aaa1-52a4-41f6-8387-a6d716e027e0" />
      <TestMethod codeBase="D:\actions-runner\_work\XPCO\XPCO\Common\VideoOS.Utilities\VideoOS.Utilities.UnitTests\bin\Debug\net472\VideoOS.Utilities.UnitTests.dll" adapterTypeName="executor://mstestadapter/v2" className="VideoOS.Utilities.UnitTests.Database.DatabaseCommandTest" name="DatabaseCommandCanBeDisposedMultipleTimes_Success" />
    </UnitTest>
    <UnitTest name="CreateExplicit_IPv4Host" storage="d:\actions-runner\_work\xpco\xpco\common\videoos.utilities\videoos.utilities.unittests\bin\debug\net472\videoos.utilities.unittests.dll" id="954c9117-406b-1754-d99a-c6a327b0d5d4">
      <Execution id="c08274c6-44d7-4cdb-938f-5df1a288112a" />
      <TestMethod codeBase="D:\actions-runner\_work\XPCO\XPCO\Common\VideoOS.Utilities\VideoOS.Utilities.UnitTests\bin\Debug\net472\VideoOS.Utilities.UnitTests.dll" adapterTypeName="executor://mstestadapter/v2" className="VideoOS.Utilities.UnitTests.Windows.UrlPrefixTest" name="CreateExplicit_IPv4Host" />
    </UnitTest>
    <UnitTest name="CreateLicenseRequest_Throws_WhenSitePublicKeyIsEmpty" storage="d:\actions-runner\_work\xpco\xpco\common\videoos.utilities\videoos.utilities.unittests\bin\debug\net472\videoos.utilities.unittests.dll" id="4ffad336-8474-5bea-4ff6-f37a84491ec4">
      <Execution id="11c9d0a7-ec8e-4307-b2bd-81bcdcfc1deb" />
      <TestMethod codeBase="D:\actions-runner\_work\XPCO\XPCO\Common\VideoOS.Utilities\VideoOS.Utilities.UnitTests\bin\Debug\net472\VideoOS.Utilities.UnitTests.dll" adapterTypeName="executor://mstestadapter/v2" className="VideoOS.Utilities.UnitTests.Licensing.LicenseFileHelperTests" name="CreateLicenseRequest_Throws_WhenSitePublicKeyIsEmpty" />
    </UnitTest>
    <UnitTest name="HasKey_ReturnsFalse_WhenKeyIsMissingFromDatabase" storage="d:\actions-runner\_work\xpco\xpco\common\videoos.utilities\videoos.utilities.unittests\bin\debug\net472\videoos.utilities.unittests.dll" id="1fdee127-23bb-ff0c-9276-8ac196e40077">
      <Execution id="6f1dd1be-e5a8-406f-9e2f-b5a200b4f8e6" />
      <TestMethod codeBase="D:\actions-runner\_work\XPCO\XPCO\Common\VideoOS.Utilities\VideoOS.Utilities.UnitTests\bin\Debug\net472\VideoOS.Utilities.UnitTests.dll" adapterTypeName="executor://mstestadapter/v2" className="VideoOS.Utilities.UnitTests.KeyManagement.DatabaseKeyProviderTests" name="HasKey_ReturnsFalse_WhenKeyIsMissingFromDatabase" />
    </UnitTest>
    <UnitTest name="MacAddressUtilities_CreateHashString_ArgumentException_InvalidSeperator" storage="d:\actions-runner\_work\xpco\xpco\common\videoos.utilities\videoos.utilities.unittests\bin\debug\net472\videoos.utilities.unittests.dll" id="3f9a3040-194a-294c-571d-485d20ffce29">
      <Execution id="048c3730-0b81-4132-96d9-4c6de4856756" />
      <TestMethod codeBase="D:\actions-runner\_work\XPCO\XPCO\Common\VideoOS.Utilities\VideoOS.Utilities.UnitTests\bin\Debug\net472\VideoOS.Utilities.UnitTests.dll" adapterTypeName="executor://mstestadapter/v2" className="VideoOS.Utilities.UnitTests.Network.MacAddressUtilitiesTests" name="MacAddressUtilities_CreateHashString_ArgumentException_InvalidSeperator" />
    </UnitTest>
    <UnitTest name="ExecuteQueryTestReaderAsync" storage="d:\actions-runner\_work\xpco\xpco\common\videoos.utilities\videoos.utilities.unittests\bin\debug\net472\videoos.utilities.unittests.dll" id="4fb4995f-1c2f-c537-7e80-5b61f9c16899">
      <TestCategory>
        <TestCategoryItem TestCategory="DatabaseCommand" />
      </TestCategory>
      <Execution id="566e3ed7-1198-451d-b983-f03e7a148750" />
      <TestMethod codeBase="D:\actions-runner\_work\XPCO\XPCO\Common\VideoOS.Utilities\VideoOS.Utilities.UnitTests\bin\Debug\net472\VideoOS.Utilities.UnitTests.dll" adapterTypeName="executor://mstestadapter/v2" className="VideoOS.Utilities.UnitTests.Database.SqlResourceComponentTest" name="ExecuteQueryTestReaderAsync" />
    </UnitTest>
    <UnitTest name="Dequeues_One_Message_Pre_Added" storage="d:\actions-runner\_work\xpco\xpco\common\videoos.utilities\videoos.utilities.unittests\bin\debug\net472\videoos.utilities.unittests.dll" id="87bcbaf6-47af-3501-8b0e-ebb19c6a84c3">
      <Execution id="d3b46c63-1005-4325-837b-2d904404eeab" />
      <TestMethod codeBase="D:\actions-runner\_work\XPCO\XPCO\Common\VideoOS.Utilities\VideoOS.Utilities.UnitTests\bin\Debug\net472\VideoOS.Utilities.UnitTests.dll" adapterTypeName="executor://mstestadapter/v2" className="VideoOS.Utilities.UnitTests.Collections.LongPollingMessageQueueTest" name="Dequeues_One_Message_Pre_Added" />
    </UnitTest>
    <UnitTest name="DontLogInfoEntries" storage="d:\actions-runner\_work\xpco\xpco\common\videoos.utilities\videoos.utilities.unittests\bin\debug\net472\videoos.utilities.unittests.dll" id="7ed46f28-07a7-c553-1d74-d9036ab1b4c6">
      <Execution id="7d202999-83af-47ad-91b3-5f9050120051" />
      <TestMethod codeBase="D:\actions-runner\_work\XPCO\XPCO\Common\VideoOS.Utilities\VideoOS.Utilities.UnitTests\bin\Debug\net472\VideoOS.Utilities.UnitTests.dll" adapterTypeName="executor://mstestadapter/v2" className="VideoOS.Utilities.UnitTests.Diagnostics.UnconfiguredLogger" name="DontLogInfoEntries" />
    </UnitTest>
    <UnitTest name="ExecuteReaderTwoRowsAsync" storage="d:\actions-runner\_work\xpco\xpco\common\videoos.utilities\videoos.utilities.unittests\bin\debug\net472\videoos.utilities.unittests.dll" id="4d984853-c57d-8dde-8aa5-0f1125f0ead4">
      <TestCategory>
        <TestCategoryItem TestCategory="DatabaseCommand" />
      </TestCategory>
      <Execution id="0e89e35c-5dbf-402b-95e9-c32042fca714" />
      <TestMethod codeBase="D:\actions-runner\_work\XPCO\XPCO\Common\VideoOS.Utilities\VideoOS.Utilities.UnitTests\bin\Debug\net472\VideoOS.Utilities.UnitTests.dll" adapterTypeName="executor://mstestadapter/v2" className="VideoOS.Utilities.UnitTests.Database.DatabaseCommandTest" name="ExecuteReaderTwoRowsAsync" />
    </UnitTest>
    <UnitTest name="Constructor_InitializationCalledTest" storage="d:\actions-runner\_work\xpco\xpco\common\videoos.utilities\videoos.utilities.unittests\bin\debug\net472\videoos.utilities.unittests.dll" id="aebc7b24-a53e-b12c-f50e-a352c1f0fd02">
      <Execution id="b3d918a6-ac63-41ce-aeb5-b6a15919e24c" />
      <TestMethod codeBase="D:\actions-runner\_work\XPCO\XPCO\Common\VideoOS.Utilities\VideoOS.Utilities.UnitTests\bin\Debug\net472\VideoOS.Utilities.UnitTests.dll" adapterTypeName="executor://mstestadapter/v2" className="VideoOS.Utilities.UnitTests.Windows.Http.HttpSysConfigTest" name="Constructor_InitializationCalledTest" />
    </UnitTest>
    <UnitTest name="EncryptStringDataTest" storage="d:\actions-runner\_work\xpco\xpco\common\videoos.utilities\videoos.utilities.unittests\bin\debug\net472\videoos.utilities.unittests.dll" id="19767e6e-03f1-41e4-1677-97c27b4f568c">
      <Execution id="9b149b21-5270-40ec-ba6e-2499010632f5" />
      <TestMethod codeBase="D:\actions-runner\_work\XPCO\XPCO\Common\VideoOS.Utilities\VideoOS.Utilities.UnitTests\bin\Debug\net472\VideoOS.Utilities.UnitTests.dll" adapterTypeName="executor://mstestadapter/v2" className="VideoOS.Utilities.UnitTests.Cryptography.Encryption" name="EncryptStringDataTest" />
    </UnitTest>
    <UnitTest name="Parse_InvalidData_InvalidPortTest2" storage="d:\actions-runner\_work\xpco\xpco\common\videoos.utilities\videoos.utilities.unittests\bin\debug\net472\videoos.utilities.unittests.dll" id="3f45bfd3-8a83-50a7-719e-3148e0885f1e">
      <Execution id="94569329-6868-474c-a9d6-a4b9381469aa" />
      <TestMethod codeBase="D:\actions-runner\_work\XPCO\XPCO\Common\VideoOS.Utilities\VideoOS.Utilities.UnitTests\bin\Debug\net472\VideoOS.Utilities.UnitTests.dll" adapterTypeName="executor://mstestadapter/v2" className="VideoOS.Utilities.UnitTests.Windows.UrlPrefixTest" name="Parse_InvalidData_InvalidPortTest2" />
    </UnitTest>
    <UnitTest name="IsValidBase64String_DataDrivenTest ( ,False)" storage="d:\actions-runner\_work\xpco\xpco\common\videoos.utilities\videoos.utilities.unittests\bin\debug\net472\videoos.utilities.unittests.dll" id="e9bd4bf2-b5da-2df3-10bc-38140977569d">
      <Execution id="1917a6a9-f628-41a8-a144-91e6b34ed5dd" />
      <TestMethod codeBase="D:\actions-runner\_work\XPCO\XPCO\Common\VideoOS.Utilities\VideoOS.Utilities.UnitTests\bin\Debug\net472\VideoOS.Utilities.UnitTests.dll" adapterTypeName="executor://mstestadapter/v2" className="VideoOS.Utilities.UnitTests.Validation.Base64StringValidatorTests" name="IsValidBase64String_DataDrivenTest" />
    </UnitTest>
    <UnitTest name="DecryptAfterEncrypt_ShouldReturnSameByteArray" storage="d:\actions-runner\_work\xpco\xpco\common\videoos.utilities\videoos.utilities.unittests\bin\debug\net472\videoos.utilities.unittests.dll" id="41ab5df0-246c-41ee-1afd-7874e186cabc">
      <Execution id="e53ed58b-06ec-4674-bfe6-be32d3402603" />
      <TestMethod codeBase="D:\actions-runner\_work\XPCO\XPCO\Common\VideoOS.Utilities\VideoOS.Utilities.UnitTests\bin\Debug\net472\VideoOS.Utilities.UnitTests.dll" adapterTypeName="executor://mstestadapter/v2" className="VideoOS.Utilities.UnitTests.Cryptography.AesSymmetricEncryptionTests" name="DecryptAfterEncrypt_ShouldReturnSameByteArray" />
    </UnitTest>
    <UnitTest name="AccessControlUpdater_SetFileAccessControl_UseNetworkService" storage="d:\actions-runner\_work\xpco\xpco\common\videoos.utilities\videoos.utilities.unittests\bin\debug\net472\videoos.utilities.unittests.dll" id="b21d85f1-a71f-4254-44e7-f0b43c8f4ce2">
      <Execution id="71dff69e-c62e-41f9-b9e7-eb8139f1a4e7" />
      <TestMethod codeBase="D:\actions-runner\_work\XPCO\XPCO\Common\VideoOS.Utilities\VideoOS.Utilities.UnitTests\bin\Debug\net472\VideoOS.Utilities.UnitTests.dll" adapterTypeName="executor://mstestadapter/v2" className="VideoOS.Utilities.UnitTests.Security.AccessControlUpdaterTests" name="AccessControlUpdater_SetFileAccessControl_UseNetworkService" />
    </UnitTest>
    <UnitTest name="DetermineLicenseType_InitialLicense_ReturnsLicenseTypeInitial" storage="d:\actions-runner\_work\xpco\xpco\common\videoos.utilities\videoos.utilities.unittests\bin\debug\net472\videoos.utilities.unittests.dll" id="511efe37-5a1d-2f29-8a7a-19f0a3d16960">
      <Execution id="57b9eaa2-9034-478c-b3d6-b7bff3863ca6" />
      <TestMethod codeBase="D:\actions-runner\_work\XPCO\XPCO\Common\VideoOS.Utilities\VideoOS.Utilities.UnitTests\bin\Debug\net472\VideoOS.Utilities.UnitTests.dll" adapterTypeName="executor://mstestadapter/v2" className="VideoOS.Utilities.UnitTests.Licensing.LicenseFileHelperTests" name="DetermineLicenseType_InitialLicense_ReturnsLicenseTypeInitial" />
    </UnitTest>
    <UnitTest name="FileLoggerWithNameNewDir" storage="d:\actions-runner\_work\xpco\xpco\common\videoos.utilities\videoos.utilities.unittests\bin\debug\net472\videoos.utilities.unittests.dll" id="d24d988b-3555-6244-4353-b7c1f76b55d3">
      <Execution id="047cbb3e-b451-474f-8344-e23a259102df" />
      <TestMethod codeBase="D:\actions-runner\_work\XPCO\XPCO\Common\VideoOS.Utilities\VideoOS.Utilities.UnitTests\bin\Debug\net472\VideoOS.Utilities.UnitTests.dll" adapterTypeName="executor://mstestadapter/v2" className="VideoOS.Utilities.UnitTests.Diagnostics.ConfiguredLogger" name="FileLoggerWithNameNewDir" />
    </UnitTest>
    <UnitTest name="CreateCommandAsync" storage="d:\actions-runner\_work\xpco\xpco\common\videoos.utilities\videoos.utilities.unittests\bin\debug\net472\videoos.utilities.unittests.dll" id="3e58a3f3-e167-2cb9-8bde-357e5cd2944a">
      <TestCategory>
        <TestCategoryItem TestCategory="DatabaseConnection" />
      </TestCategory>
      <Execution id="43e3a960-e89e-477f-8415-55f0da594f98" />
      <TestMethod codeBase="D:\actions-runner\_work\XPCO\XPCO\Common\VideoOS.Utilities\VideoOS.Utilities.UnitTests\bin\Debug\net472\VideoOS.Utilities.UnitTests.dll" adapterTypeName="executor://mstestadapter/v2" className="VideoOS.Utilities.UnitTests.Database.DatabaseConnectionTests" name="CreateCommandAsync" />
    </UnitTest>
    <UnitTest name="FormatTimeSpanStringTest3" storage="d:\actions-runner\_work\xpco\xpco\common\videoos.utilities\videoos.utilities.unittests\bin\debug\net472\videoos.utilities.unittests.dll" id="39d84630-3e13-bb2a-de9f-5cd03c05fc3b">
      <Execution id="d0867346-1c2f-4293-bdf5-161d945b7ba2" />
      <TestMethod codeBase="D:\actions-runner\_work\XPCO\XPCO\Common\VideoOS.Utilities\VideoOS.Utilities.UnitTests\bin\Debug\net472\VideoOS.Utilities.UnitTests.dll" adapterTypeName="executor://mstestadapter/v2" className="VideoOS.Utilities.UnitTests.StringFormattingTest" name="FormatTimeSpanStringTest3" />
    </UnitTest>
    <UnitTest name="ShowHelp_BeforeInitialize_Exception" storage="d:\actions-runner\_work\xpco\xpco\common\videoos.utilities\videoos.utilities.unittests\bin\debug\net472\videoos.utilities.unittests.dll" id="3456c2ac-6383-db2f-076e-c42d1018058c">
      <TestCategory>
        <TestCategoryItem TestCategory="Help" />
      </TestCategory>
      <Execution id="64f0a204-e4bb-49f8-84a6-0c8e955454dc" />
      <TestMethod codeBase="D:\actions-runner\_work\XPCO\XPCO\Common\VideoOS.Utilities\VideoOS.Utilities.UnitTests\bin\Debug\net472\VideoOS.Utilities.UnitTests.dll" adapterTypeName="executor://mstestadapter/v2" className="VideoOS.Utilities.UnitTests.Help.HelpManagerTests" name="ShowHelp_BeforeInitialize_Exception" />
    </UnitTest>
    <UnitTest name="IsUpdateNeeded_CalculatesAllValues" storage="d:\actions-runner\_work\xpco\xpco\common\videoos.utilities\videoos.utilities.unittests\bin\debug\net472\videoos.utilities.unittests.dll" id="98b9ca62-c4d7-6731-f415-cbad2e4e91b8">
      <TestCategory>
        <TestCategoryItem TestCategory="UI.Facilitators" />
      </TestCategory>
      <Execution id="753d25b0-a7d2-461b-b2ab-de4991e52d50" />
      <TestMethod codeBase="D:\actions-runner\_work\XPCO\XPCO\Common\VideoOS.Utilities\VideoOS.Utilities.UnitTests\bin\Debug\net472\VideoOS.Utilities.UnitTests.dll" adapterTypeName="executor://mstestadapter/v2" className="VideoOS.Utilities.UnitTests.Workflow.CompareItemsUpdateStrategyTests" name="IsUpdateNeeded_CalculatesAllValues" />
    </UnitTest>
    <UnitTest name="UpdateKey_ShouldReplaceTheKey" storage="d:\actions-runner\_work\xpco\xpco\common\videoos.utilities\videoos.utilities.unittests\bin\debug\net472\videoos.utilities.unittests.dll" id="ea65016e-24ff-18d8-4db6-a882b2acfbf0">
      <Execution id="2c2bd307-a884-400f-ad3e-7db6abd062a1" />
      <TestMethod codeBase="D:\actions-runner\_work\XPCO\XPCO\Common\VideoOS.Utilities\VideoOS.Utilities.UnitTests\bin\Debug\net472\VideoOS.Utilities.UnitTests.dll" adapterTypeName="executor://mstestadapter/v2" className="VideoOS.Utilities.UnitTests.KeyManagement.DatabaseKeyProviderTests" name="UpdateKey_ShouldReplaceTheKey" />
    </UnitTest>
    <UnitTest name="IsValidBase64String_DataDrivenTest (====,False)" storage="d:\actions-runner\_work\xpco\xpco\common\videoos.utilities\videoos.utilities.unittests\bin\debug\net472\videoos.utilities.unittests.dll" id="4878715f-458a-49dd-3d11-419fd3e2c661">
      <Execution id="8b77ed77-f8bf-4d8f-ba75-a70f5bb6de9f" />
      <TestMethod codeBase="D:\actions-runner\_work\XPCO\XPCO\Common\VideoOS.Utilities\VideoOS.Utilities.UnitTests\bin\Debug\net472\VideoOS.Utilities.UnitTests.dll" adapterTypeName="executor://mstestadapter/v2" className="VideoOS.Utilities.UnitTests.Validation.Base64StringValidatorTests" name="IsValidBase64String_DataDrivenTest" />
    </UnitTest>
    <UnitTest name="DatabaseConnectionInfoFromStorage_GetConnectionString_NewPasswordConfigured_Success" storage="d:\actions-runner\_work\xpco\xpco\common\videoos.utilities\videoos.utilities.unittests\bin\debug\net472\videoos.utilities.unittests.dll" id="f367e524-c1bc-ef8d-3a94-8969f7cfeb92">
      <TestCategory>
        <TestCategoryItem TestCategory="Database" />
      </TestCategory>
      <Execution id="35b189eb-e2fb-41b1-88f2-49e77480b9c8" />
      <TestMethod codeBase="D:\actions-runner\_work\XPCO\XPCO\Common\VideoOS.Utilities\VideoOS.Utilities.UnitTests\bin\Debug\net472\VideoOS.Utilities.UnitTests.dll" adapterTypeName="executor://mstestadapter/v2" className="VideoOS.Utilities.UnitTests.Database.DatabaseConnectionInfoFromStorageTests" name="DatabaseConnectionInfoFromStorage_GetConnectionString_NewPasswordConfigured_Success" />
    </UnitTest>
    <UnitTest name="Initialize_Heartbeat_InvokedAndIsOnlineUpdated" storage="d:\actions-runner\_work\xpco\xpco\common\videoos.utilities\videoos.utilities.unittests\bin\debug\net472\videoos.utilities.unittests.dll" id="28029fc9-a988-acd3-7aef-3072786cc6bb">
      <TestCategory>
        <TestCategoryItem TestCategory="Help" />
      </TestCategory>
      <Execution id="779b558f-14ff-4c0c-8e39-db4e2092fedc" />
      <TestMethod codeBase="D:\actions-runner\_work\XPCO\XPCO\Common\VideoOS.Utilities\VideoOS.Utilities.UnitTests\bin\Debug\net472\VideoOS.Utilities.UnitTests.dll" adapterTypeName="executor://mstestadapter/v2" className="VideoOS.Utilities.UnitTests.Help.HelpManagerTests" name="Initialize_Heartbeat_InvokedAndIsOnlineUpdated" />
    </UnitTest>
    <UnitTest name="DecryptAfterEncrypt_ShouldReturnSameStringAsInput_WhenUsingBase64AndUsingPassword" storage="d:\actions-runner\_work\xpco\xpco\common\videoos.utilities\videoos.utilities.unittests\bin\debug\net472\videoos.utilities.unittests.dll" id="de2b3727-42bd-f3c1-88ed-aedeb1f59a88">
      <Execution id="29927128-1c4e-41f6-9bd8-74c797017afc" />
      <TestMethod codeBase="D:\actions-runner\_work\XPCO\XPCO\Common\VideoOS.Utilities\VideoOS.Utilities.UnitTests\bin\Debug\net472\VideoOS.Utilities.UnitTests.dll" adapterTypeName="executor://mstestadapter/v2" className="VideoOS.Utilities.UnitTests.Cryptography.AesSymmetricEncryptionTests" name="DecryptAfterEncrypt_ShouldReturnSameStringAsInput_WhenUsingBase64AndUsingPassword" />
    </UnitTest>
    <UnitTest name="Initialize_NullArgs_ArgException" storage="d:\actions-runner\_work\xpco\xpco\common\videoos.utilities\videoos.utilities.unittests\bin\debug\net472\videoos.utilities.unittests.dll" id="90f643f5-a90b-25e9-f029-5ed7f28dfb08">
      <TestCategory>
        <TestCategoryItem TestCategory="Help" />
      </TestCategory>
      <Execution id="ba07375f-423b-49f5-8670-fd0f17771915" />
      <TestMethod codeBase="D:\actions-runner\_work\XPCO\XPCO\Common\VideoOS.Utilities\VideoOS.Utilities.UnitTests\bin\Debug\net472\VideoOS.Utilities.UnitTests.dll" adapterTypeName="executor://mstestadapter/v2" className="VideoOS.Utilities.UnitTests.Help.HelpManagerTests" name="Initialize_NullArgs_ArgException" />
    </UnitTest>
    <UnitTest name="ExecuteReaderGetGuid" storage="d:\actions-runner\_work\xpco\xpco\common\videoos.utilities\videoos.utilities.unittests\bin\debug\net472\videoos.utilities.unittests.dll" id="9c8cb3bd-d0b7-5c65-7d6a-ee864f5ff141">
      <TestCategory>
        <TestCategoryItem TestCategory="DatabaseCommand" />
      </TestCategory>
      <Execution id="001d70ad-bd5e-4889-ad4c-7f3a900d3d34" />
      <TestMethod codeBase="D:\actions-runner\_work\XPCO\XPCO\Common\VideoOS.Utilities\VideoOS.Utilities.UnitTests\bin\Debug\net472\VideoOS.Utilities.UnitTests.dll" adapterTypeName="executor://mstestadapter/v2" className="VideoOS.Utilities.UnitTests.Database.DatabaseCommandTest" name="ExecuteReaderGetGuid" />
    </UnitTest>
    <UnitTest name="Given_FeaturesAreAvailable_When_EnsureFeaturesAreInstalled_WithFeaturesThatReporetsbeingRemoved_Then_MethodReturnsTheRemovedFeature" storage="d:\actions-runner\_work\xpco\xpco\common\videoos.utilities\videoos.utilities.unittests\bin\debug\net472\videoos.utilities.unittests.dll" id="4dbfc251-cd7c-e66a-ee68-c214068d0440">
      <Execution id="d96ad6a0-32b4-46dd-bca8-728b5ddf570c" />
      <TestMethod codeBase="D:\actions-runner\_work\XPCO\XPCO\Common\VideoOS.Utilities\VideoOS.Utilities.UnitTests\bin\Debug\net472\VideoOS.Utilities.UnitTests.dll" adapterTypeName="executor://mstestadapter/v2" className="VideoOS.Utilities.UnitTests.Dism.DismSessionTest" name="Given_FeaturesAreAvailable_When_EnsureFeaturesAreInstalled_WithFeaturesThatReporetsbeingRemoved_Then_MethodReturnsTheRemovedFeature" />
    </UnitTest>
    <UnitTest name="GetMemoryStorage_WithPassword_Success" storage="d:\actions-runner\_work\xpco\xpco\common\videoos.utilities\videoos.utilities.unittests\bin\debug\net472\videoos.utilities.unittests.dll" id="f5e10d40-7608-a8d3-2b96-00d081cde0c3">
      <TestCategory>
        <TestCategoryItem TestCategory="Database" />
      </TestCategory>
      <Execution id="00201ed5-935a-453b-8ecb-1b8a57b088ea" />
      <TestMethod codeBase="D:\actions-runner\_work\XPCO\XPCO\Common\VideoOS.Utilities\VideoOS.Utilities.UnitTests\bin\Debug\net472\VideoOS.Utilities.UnitTests.dll" adapterTypeName="executor://mstestadapter/v2" className="VideoOS.Utilities.UnitTests.Database.SqlConnectionManagerTests" name="GetMemoryStorage_WithPassword_Success" />
    </UnitTest>
    <UnitTest name="NullCheckDoesNotThrowWhenObjectIsNotNull" storage="d:\actions-runner\_work\xpco\xpco\common\videoos.utilities\videoos.utilities.unittests\bin\debug\net472\videoos.utilities.unittests.dll" id="4a5fd1b3-c1a6-22a8-abb5-64a896ca2adb">
      <Execution id="2825cfaf-5714-4944-bffe-edd156b4b1cf" />
      <TestMethod codeBase="D:\actions-runner\_work\XPCO\XPCO\Common\VideoOS.Utilities\VideoOS.Utilities.UnitTests\bin\Debug\net472\VideoOS.Utilities.UnitTests.dll" adapterTypeName="executor://mstestadapter/v2" className="VideoOS.Utilities.UnitTests.Validation.ValidationTests" name="NullCheckDoesNotThrowWhenObjectIsNotNull" />
    </UnitTest>
    <UnitTest name="ReadPassword_CorrectlyThrowsSecurityException_WhenPermissionsError" storage="d:\actions-runner\_work\xpco\xpco\common\videoos.utilities\videoos.utilities.unittests\bin\debug\net472\videoos.utilities.unittests.dll" id="aec11fee-b228-804c-d242-d960744ceb55">
      <Execution id="fe44af46-9557-48df-83ce-dbc65502b3e5" />
      <TestMethod codeBase="D:\actions-runner\_work\XPCO\XPCO\Common\VideoOS.Utilities\VideoOS.Utilities.UnitTests\bin\Debug\net472\VideoOS.Utilities.UnitTests.dll" adapterTypeName="executor://mstestadapter/v2" className="VideoOS.Utilities.UnitTests.KeyManagement.FilePasswordProviderTests" name="ReadPassword_CorrectlyThrowsSecurityException_WhenPermissionsError" />
    </UnitTest>
    <UnitTest name="Close_DoubleInvoke_IsOK" storage="d:\actions-runner\_work\xpco\xpco\common\videoos.utilities\videoos.utilities.unittests\bin\debug\net472\videoos.utilities.unittests.dll" id="ccd931b9-83eb-8412-c54e-c74b9b6b8868">
      <TestCategory>
        <TestCategoryItem TestCategory="Help" />
      </TestCategory>
      <Execution id="67a1d4ff-a71f-402b-9ba7-506ce935364f" />
      <TestMethod codeBase="D:\actions-runner\_work\XPCO\XPCO\Common\VideoOS.Utilities\VideoOS.Utilities.UnitTests\bin\Debug\net472\VideoOS.Utilities.UnitTests.dll" adapterTypeName="executor://mstestadapter/v2" className="VideoOS.Utilities.UnitTests.Help.HelpManagerTests" name="Close_DoubleInvoke_IsOK" />
    </UnitTest>
    <UnitTest name="GetSqlConnection_TrustedConnectionTrue_Success" storage="d:\actions-runner\_work\xpco\xpco\common\videoos.utilities\videoos.utilities.unittests\bin\debug\net472\videoos.utilities.unittests.dll" id="01e65a26-a5d3-bfb1-c381-2771c7672c34">
      <TestCategory>
        <TestCategoryItem TestCategory="Database" />
      </TestCategory>
      <Execution id="84290e64-9a11-49e8-9401-477fb8e8aa8a" />
      <TestMethod codeBase="D:\actions-runner\_work\XPCO\XPCO\Common\VideoOS.Utilities\VideoOS.Utilities.UnitTests\bin\Debug\net472\VideoOS.Utilities.UnitTests.dll" adapterTypeName="executor://mstestadapter/v2" className="VideoOS.Utilities.UnitTests.Database.SqlConnectionManagerTests" name="GetSqlConnection_TrustedConnectionTrue_Success" />
    </UnitTest>
    <UnitTest name="Parse_StrongWildcard_Http_WithRelativePathTest" storage="d:\actions-runner\_work\xpco\xpco\common\videoos.utilities\videoos.utilities.unittests\bin\debug\net472\videoos.utilities.unittests.dll" id="02b89666-b70e-5c0e-bed1-fe458440e8cc">
      <Execution id="e729d5fc-b89b-4635-a986-2c7d3cce1d04" />
      <TestMethod codeBase="D:\actions-runner\_work\XPCO\XPCO\Common\VideoOS.Utilities\VideoOS.Utilities.UnitTests\bin\Debug\net472\VideoOS.Utilities.UnitTests.dll" adapterTypeName="executor://mstestadapter/v2" className="VideoOS.Utilities.UnitTests.Windows.UrlPrefixTest" name="Parse_StrongWildcard_Http_WithRelativePathTest" />
    </UnitTest>
    <UnitTest name="MacAddressUtilities_CreateHashString_Success" storage="d:\actions-runner\_work\xpco\xpco\common\videoos.utilities\videoos.utilities.unittests\bin\debug\net472\videoos.utilities.unittests.dll" id="2e1afd33-f1f3-7f6a-5d1d-b6fdf440414b">
      <Execution id="a3ce78b6-0375-4496-8bab-b435ba2b459d" />
      <TestMethod codeBase="D:\actions-runner\_work\XPCO\XPCO\Common\VideoOS.Utilities\VideoOS.Utilities.UnitTests\bin\Debug\net472\VideoOS.Utilities.UnitTests.dll" adapterTypeName="executor://mstestadapter/v2" className="VideoOS.Utilities.UnitTests.Network.MacAddressUtilitiesTests" name="MacAddressUtilities_CreateHashString_Success" />
    </UnitTest>
    <UnitTest name="FileLoggerWithName" storage="d:\actions-runner\_work\xpco\xpco\common\videoos.utilities\videoos.utilities.unittests\bin\debug\net472\videoos.utilities.unittests.dll" id="1f6812f3-4be6-cb99-f24c-d7757f0c6bc6">
      <Execution id="3927e447-1403-4ebc-a211-b8cf15549da8" />
      <TestMethod codeBase="D:\actions-runner\_work\XPCO\XPCO\Common\VideoOS.Utilities\VideoOS.Utilities.UnitTests\bin\Debug\net472\VideoOS.Utilities.UnitTests.dll" adapterTypeName="executor://mstestadapter/v2" className="VideoOS.Utilities.UnitTests.Diagnostics.ConfiguredLogger" name="FileLoggerWithName" />
    </UnitTest>
    <UnitTest name="EndpointSupportsSsl_InvalidUri_Null_Throws_ArgumentNullException" storage="d:\actions-runner\_work\xpco\xpco\common\videoos.utilities\videoos.utilities.unittests\bin\debug\net472\videoos.utilities.unittests.dll" id="9c9f11d7-7c4b-75ce-a5d7-663cc80417fd">
      <Execution id="4f9f192f-d653-401b-b1e5-603eb5913e12" />
      <TestMethod codeBase="D:\actions-runner\_work\XPCO\XPCO\Common\VideoOS.Utilities\VideoOS.Utilities.UnitTests\bin\Debug\net472\VideoOS.Utilities.UnitTests.dll" adapterTypeName="executor://mstestadapter/v2" className="VideoOS.Utilities.UnitTests.Network.SslUtilitiesTests" name="EndpointSupportsSsl_InvalidUri_Null_Throws_ArgumentNullException" />
    </UnitTest>
    <UnitTest name="HasPassword_ShouldReturnFalse_IfPasswordFileMissing" storage="d:\actions-runner\_work\xpco\xpco\common\videoos.utilities\videoos.utilities.unittests\bin\debug\net472\videoos.utilities.unittests.dll" id="5f8087be-760c-ab73-a579-21273e63e33c">
      <Execution id="484e420d-f353-4e8e-ac38-3904aa05cee0" />
      <TestMethod codeBase="D:\actions-runner\_work\XPCO\XPCO\Common\VideoOS.Utilities\VideoOS.Utilities.UnitTests\bin\Debug\net472\VideoOS.Utilities.UnitTests.dll" adapterTypeName="executor://mstestadapter/v2" className="VideoOS.Utilities.UnitTests.KeyManagement.FilePasswordProviderTests" name="HasPassword_ShouldReturnFalse_IfPasswordFileMissing" />
    </UnitTest>
    <UnitTest name="ShowHelp_OfflineWorkflow__DisplayHtmlHelp_InvokeWithAbsoluteFileUrl" storage="d:\actions-runner\_work\xpco\xpco\common\videoos.utilities\videoos.utilities.unittests\bin\debug\net472\videoos.utilities.unittests.dll" id="180b8821-00b6-0e9c-f8f5-5d38364d16fe">
      <TestCategory>
        <TestCategoryItem TestCategory="Help" />
      </TestCategory>
      <Execution id="f26b0429-0763-4481-9250-e4c9e7d425d3" />
      <TestMethod codeBase="D:\actions-runner\_work\XPCO\XPCO\Common\VideoOS.Utilities\VideoOS.Utilities.UnitTests\bin\Debug\net472\VideoOS.Utilities.UnitTests.dll" adapterTypeName="executor://mstestadapter/v2" className="VideoOS.Utilities.UnitTests.Help.HelpManagerTests" name="ShowHelp_OfflineWorkflow__DisplayHtmlHelp_InvokeWithAbsoluteFileUrl" />
    </UnitTest>
    <UnitTest name="Task_Factory_Delay_Delays" storage="d:\actions-runner\_work\xpco\xpco\common\videoos.utilities\videoos.utilities.unittests\bin\debug\net472\videoos.utilities.unittests.dll" id="07c9f0f9-ce0a-3e72-5a75-fff685f8ab78">
      <Execution id="6878aae7-67a3-45a6-9e52-0c2b9f12f0d2" />
      <TestMethod codeBase="D:\actions-runner\_work\XPCO\XPCO\Common\VideoOS.Utilities\VideoOS.Utilities.UnitTests\bin\Debug\net472\VideoOS.Utilities.UnitTests.dll" adapterTypeName="executor://mstestadapter/v2" className="VideoOS.Utilities.UnitTests.Threading.TaskExtensionTest" name="Task_Factory_Delay_Delays" />
    </UnitTest>
    <UnitTest name="ExecuteNonQueryAsync" storage="d:\actions-runner\_work\xpco\xpco\common\videoos.utilities\videoos.utilities.unittests\bin\debug\net472\videoos.utilities.unittests.dll" id="b5a74696-bf2f-0d90-80f5-207370502a97">
      <TestCategory>
        <TestCategoryItem TestCategory="DatabaseCommand" />
      </TestCategory>
      <Execution id="61d6165c-b35e-46ca-874e-975964245b06" />
      <TestMethod codeBase="D:\actions-runner\_work\XPCO\XPCO\Common\VideoOS.Utilities\VideoOS.Utilities.UnitTests\bin\Debug\net472\VideoOS.Utilities.UnitTests.dll" adapterTypeName="executor://mstestadapter/v2" className="VideoOS.Utilities.UnitTests.Database.DatabaseCommandTest" name="ExecuteNonQueryAsync" />
    </UnitTest>
    <UnitTest name="ExecuteScalarAsyncWithCancellationToken" storage="d:\actions-runner\_work\xpco\xpco\common\videoos.utilities\videoos.utilities.unittests\bin\debug\net472\videoos.utilities.unittests.dll" id="1e7ea809-ba13-69e3-4461-e9c6f06053fe">
      <TestCategory>
        <TestCategoryItem TestCategory="DatabaseCommand" />
      </TestCategory>
      <Execution id="d4218337-cc74-4163-85cd-fab2d9d0c644" />
      <TestMethod codeBase="D:\actions-runner\_work\XPCO\XPCO\Common\VideoOS.Utilities\VideoOS.Utilities.UnitTests\bin\Debug\net472\VideoOS.Utilities.UnitTests.dll" adapterTypeName="executor://mstestadapter/v2" className="VideoOS.Utilities.UnitTests.Database.DatabaseCommandTest" name="ExecuteScalarAsyncWithCancellationToken" />
    </UnitTest>
    <UnitTest name="EncryptWithPublicKey_DecryptWithPrivateKey" storage="d:\actions-runner\_work\xpco\xpco\common\videoos.utilities\videoos.utilities.unittests\bin\debug\net472\videoos.utilities.unittests.dll" id="63c8c556-dbc7-a549-55de-ddcdddf19634">
      <Execution id="34cca033-1b04-4b34-b0ae-d8e11eff04dc" />
      <TestMethod codeBase="D:\actions-runner\_work\XPCO\XPCO\Common\VideoOS.Utilities\VideoOS.Utilities.UnitTests\bin\Debug\net472\VideoOS.Utilities.UnitTests.dll" adapterTypeName="executor://mstestadapter/v2" className="VideoOS.Utilities.UnitTests.Cryptography.RsaCngAsymmetricEncryptionTests" name="EncryptWithPublicKey_DecryptWithPrivateKey" />
    </UnitTest>
    <UnitTest name="DatabaseConnectionInfoFromStorage_ReadAndSecureConnectionString_Registry_UnauthorizedAccess" storage="d:\actions-runner\_work\xpco\xpco\common\videoos.utilities\videoos.utilities.unittests\bin\debug\net472\videoos.utilities.unittests.dll" id="041cd636-46f8-6a86-d0da-de8e88283f69">
      <TestCategory>
        <TestCategoryItem TestCategory="Database" />
      </TestCategory>
      <Execution id="0c506486-50a0-4e8c-b277-456a12e61962" />
      <TestMethod codeBase="D:\actions-runner\_work\XPCO\XPCO\Common\VideoOS.Utilities\VideoOS.Utilities.UnitTests\bin\Debug\net472\VideoOS.Utilities.UnitTests.dll" adapterTypeName="executor://mstestadapter/v2" className="VideoOS.Utilities.UnitTests.Database.DatabaseConnectionInfoFromStorageTests" name="DatabaseConnectionInfoFromStorage_ReadAndSecureConnectionString_Registry_UnauthorizedAccess" />
    </UnitTest>
    <UnitTest name="FormatByteSizeStringExactTest10" storage="d:\actions-runner\_work\xpco\xpco\common\videoos.utilities\videoos.utilities.unittests\bin\debug\net472\videoos.utilities.unittests.dll" id="552a5c00-90d7-2914-85c7-10a59905e17b">
      <Execution id="a563b264-b1b4-44fb-9973-4967009133c8" />
      <TestMethod codeBase="D:\actions-runner\_work\XPCO\XPCO\Common\VideoOS.Utilities\VideoOS.Utilities.UnitTests\bin\Debug\net472\VideoOS.Utilities.UnitTests.dll" adapterTypeName="executor://mstestadapter/v2" className="VideoOS.Utilities.UnitTests.StringFormattingTest" name="FormatByteSizeStringExactTest10" />
    </UnitTest>
    <UnitTest name="Construct_RetrievesInvalidConfigurationFromReader_ConnectionStorageReadException_Throws_InvalidConnectionStringException" storage="d:\actions-runner\_work\xpco\xpco\common\videoos.utilities\videoos.utilities.unittests\bin\debug\net472\videoos.utilities.unittests.dll" id="5be3ce35-ce99-9457-150c-dbfb4aa2dbc9">
      <TestCategory>
        <TestCategoryItem TestCategory="Database" />
      </TestCategory>
      <Execution id="97556f0d-5529-4af5-beb2-5415444f8d2f" />
      <TestMethod codeBase="D:\actions-runner\_work\XPCO\XPCO\Common\VideoOS.Utilities\VideoOS.Utilities.UnitTests\bin\Debug\net472\VideoOS.Utilities.UnitTests.dll" adapterTypeName="executor://mstestadapter/v2" className="VideoOS.Utilities.UnitTests.Database.SqlConnectionManagerTests" name="Construct_RetrievesInvalidConfigurationFromReader_ConnectionStorageReadException_Throws_InvalidConnectionStringException" />
    </UnitTest>
    <UnitTest name="Constructor_ShouldThrow_WhenFolderPathIsNull" storage="d:\actions-runner\_work\xpco\xpco\common\videoos.utilities\videoos.utilities.unittests\bin\debug\net472\videoos.utilities.unittests.dll" id="1af5b482-b4b6-cb8b-315a-5b596ed32fdf">
      <Execution id="ad334203-3dd3-418d-8985-808fd8aa0d36" />
      <TestMethod codeBase="D:\actions-runner\_work\XPCO\XPCO\Common\VideoOS.Utilities\VideoOS.Utilities.UnitTests\bin\Debug\net472\VideoOS.Utilities.UnitTests.dll" adapterTypeName="executor://mstestadapter/v2" className="VideoOS.Utilities.UnitTests.KeyManagement.FileWritingSessionTests" name="Constructor_ShouldThrow_WhenFolderPathIsNull" />
    </UnitTest>
    <UnitTest name="Given_FeaturesAreAvailableAndSomeOfTheFeaturesAlreaddyInstalled_When_EnsureFeaturesAreInstalled_FeaturesThatInstallsSucces_Then_EnableFeaturesAreCalledWithExpectedArgumentsAndMethodReturnsInstalled" storage="d:\actions-runner\_work\xpco\xpco\common\videoos.utilities\videoos.utilities.unittests\bin\debug\net472\videoos.utilities.unittests.dll" id="a80f4070-2dfe-33e0-d5b2-9dc837f5874a">
      <Execution id="13e283bb-6183-4eac-a6c8-062ff4918256" />
      <TestMethod codeBase="D:\actions-runner\_work\XPCO\XPCO\Common\VideoOS.Utilities\VideoOS.Utilities.UnitTests\bin\Debug\net472\VideoOS.Utilities.UnitTests.dll" adapterTypeName="executor://mstestadapter/v2" className="VideoOS.Utilities.UnitTests.Dism.DismSessionTest" name="Given_FeaturesAreAvailableAndSomeOfTheFeaturesAlreaddyInstalled_When_EnsureFeaturesAreInstalled_FeaturesThatInstallsSucces_Then_EnableFeaturesAreCalledWithExpectedArgumentsAndMethodReturnsInstalled" />
    </UnitTest>
    <UnitTest name="RemoveInvalidXMLChars_Text_Escaped_Chars" storage="d:\actions-runner\_work\xpco\xpco\common\videoos.utilities\videoos.utilities.unittests\bin\debug\net472\videoos.utilities.unittests.dll" id="26350551-6953-223e-76e4-b0ce05990dca">
      <Execution id="14545bf3-c9c7-48ec-a24e-0863f1accb05" />
      <TestMethod codeBase="D:\actions-runner\_work\XPCO\XPCO\Common\VideoOS.Utilities\VideoOS.Utilities.UnitTests\bin\Debug\net472\VideoOS.Utilities.UnitTests.dll" adapterTypeName="executor://mstestadapter/v2" className="VideoOS.Utilities.UnitTests.Formatting.CharacterTests" name="RemoveInvalidXMLChars_Text_Escaped_Chars" />
    </UnitTest>
    <UnitTest name="WhenExecuteNonQueryFailsDatabaseExceptionsAreThrownWithCorrectErrorNumber" storage="d:\actions-runner\_work\xpco\xpco\common\videoos.utilities\videoos.utilities.unittests\bin\debug\net472\videoos.utilities.unittests.dll" id="b26b8179-2692-f99f-57c1-62402983fe30">
      <TestCategory>
        <TestCategoryItem TestCategory="DatabaseCommand" />
      </TestCategory>
      <Execution id="37d4e83b-e9d8-452c-b50b-bdb29ee4dd40" />
      <TestMethod codeBase="D:\actions-runner\_work\XPCO\XPCO\Common\VideoOS.Utilities\VideoOS.Utilities.UnitTests\bin\Debug\net472\VideoOS.Utilities.UnitTests.dll" adapterTypeName="executor://mstestadapter/v2" className="VideoOS.Utilities.UnitTests.Database.DatabaseCommandTest" name="WhenExecuteNonQueryFailsDatabaseExceptionsAreThrownWithCorrectErrorNumber" />
    </UnitTest>
    <UnitTest name="FormatTimeSpanStringTest4" storage="d:\actions-runner\_work\xpco\xpco\common\videoos.utilities\videoos.utilities.unittests\bin\debug\net472\videoos.utilities.unittests.dll" id="5807c780-3308-306a-b3ff-0496876717a2">
      <Execution id="65d60f58-ffc8-4075-adc6-ce5f601aed9c" />
      <TestMethod codeBase="D:\actions-runner\_work\XPCO\XPCO\Common\VideoOS.Utilities\VideoOS.Utilities.UnitTests\bin\Debug\net472\VideoOS.Utilities.UnitTests.dll" adapterTypeName="executor://mstestadapter/v2" className="VideoOS.Utilities.UnitTests.StringFormattingTest" name="FormatTimeSpanStringTest4" />
    </UnitTest>
    <UnitTest name="CreateExplicit_InvalidPort" storage="d:\actions-runner\_work\xpco\xpco\common\videoos.utilities\videoos.utilities.unittests\bin\debug\net472\videoos.utilities.unittests.dll" id="8bd6f728-bd8c-a59b-29b2-ad423ed63182">
      <Execution id="8fdab74a-aa51-49a2-8467-7d34f5fa7024" />
      <TestMethod codeBase="D:\actions-runner\_work\XPCO\XPCO\Common\VideoOS.Utilities\VideoOS.Utilities.UnitTests\bin\Debug\net472\VideoOS.Utilities.UnitTests.dll" adapterTypeName="executor://mstestadapter/v2" className="VideoOS.Utilities.UnitTests.Windows.UrlPrefixTest" name="CreateExplicit_InvalidPort" />
    </UnitTest>
    <UnitTest name="FormatByteSizeStringExactUlongTest12" storage="d:\actions-runner\_work\xpco\xpco\common\videoos.utilities\videoos.utilities.unittests\bin\debug\net472\videoos.utilities.unittests.dll" id="134b6de9-b038-4f94-f3f5-719f775f15b7">
      <Execution id="5337054d-44f2-4a4b-8c6d-86b4761dd888" />
      <TestMethod codeBase="D:\actions-runner\_work\XPCO\XPCO\Common\VideoOS.Utilities\VideoOS.Utilities.UnitTests\bin\Debug\net472\VideoOS.Utilities.UnitTests.dll" adapterTypeName="executor://mstestadapter/v2" className="VideoOS.Utilities.UnitTests.StringFormattingTest" name="FormatByteSizeStringExactUlongTest12" />
    </UnitTest>
    <UnitTest name="CreateLicenseRequest_CanRetrievePayload" storage="d:\actions-runner\_work\xpco\xpco\common\videoos.utilities\videoos.utilities.unittests\bin\debug\net472\videoos.utilities.unittests.dll" id="79fb4624-f3db-c41b-1848-8c3122dc8342">
      <Execution id="b77adafe-403c-4749-b2b2-f875160396a8" />
      <TestMethod codeBase="D:\actions-runner\_work\XPCO\XPCO\Common\VideoOS.Utilities\VideoOS.Utilities.UnitTests\bin\Debug\net472\VideoOS.Utilities.UnitTests.dll" adapterTypeName="executor://mstestadapter/v2" className="VideoOS.Utilities.UnitTests.Licensing.LicenseFileHelperTests" name="CreateLicenseRequest_CanRetrievePayload" />
    </UnitTest>
    <UnitTest name="Constructor_ShouldThrowArgumentNullException_WhenSecureFolderIsNull" storage="d:\actions-runner\_work\xpco\xpco\common\videoos.utilities\videoos.utilities.unittests\bin\debug\net472\videoos.utilities.unittests.dll" id="e60a23b1-5d6b-f911-7213-6c4009dad4ad">
      <Execution id="5a2315f2-3d2d-4773-868d-f8e4bf3481ab" />
      <TestMethod codeBase="D:\actions-runner\_work\XPCO\XPCO\Common\VideoOS.Utilities\VideoOS.Utilities.UnitTests\bin\Debug\net472\VideoOS.Utilities.UnitTests.dll" adapterTypeName="executor://mstestadapter/v2" className="VideoOS.Utilities.UnitTests.KeyManagement.FilePasswordProviderTests" name="Constructor_ShouldThrowArgumentNullException_WhenSecureFolderIsNull" />
    </UnitTest>
    <UnitTest name="CheckSignatureWithPrivateKey" storage="d:\actions-runner\_work\xpco\xpco\common\videoos.utilities\videoos.utilities.unittests\bin\debug\net472\videoos.utilities.unittests.dll" id="56051ed0-205a-9d34-ae90-d28c4f629459">
      <Execution id="14cbb21c-2b88-4136-bcb8-d4f287946494" />
      <TestMethod codeBase="D:\actions-runner\_work\XPCO\XPCO\Common\VideoOS.Utilities\VideoOS.Utilities.UnitTests\bin\Debug\net472\VideoOS.Utilities.UnitTests.dll" adapterTypeName="executor://mstestadapter/v2" className="VideoOS.Utilities.UnitTests.Cryptography.StringSignatures" name="CheckSignatureWithPrivateKey" />
    </UnitTest>
    <UnitTest name="Get_Parameters_Success" storage="d:\actions-runner\_work\xpco\xpco\common\videoos.utilities\videoos.utilities.unittests\bin\debug\net472\videoos.utilities.unittests.dll" id="348cb3a9-a2d2-4d6a-46ed-c7bfff61a1e9">
      <TestCategory>
        <TestCategoryItem TestCategory="DatabaseColumnBinder" />
      </TestCategory>
      <Execution id="ad5c1484-0db3-4004-ae27-fb0305f9d8cb" />
      <TestMethod codeBase="D:\actions-runner\_work\XPCO\XPCO\Common\VideoOS.Utilities\VideoOS.Utilities.UnitTests\bin\Debug\net472\VideoOS.Utilities.UnitTests.dll" adapterTypeName="executor://mstestadapter/v2" className="VideoOS.Utilities.UnitTests.Database.DatabaseColumnBinderTests" name="Get_Parameters_Success" />
    </UnitTest>
    <UnitTest name="ScheduleNextRun_CalledOnce_AfterTimedDelayTriggered_Success" storage="d:\actions-runner\_work\xpco\xpco\common\videoos.utilities\videoos.utilities.unittests\bin\debug\net472\videoos.utilities.unittests.dll" id="a537d233-e850-29a6-d913-096e4438abfa">
      <TestCategory>
        <TestCategoryItem TestCategory="VideoOS Utilities Timers" />
      </TestCategory>
      <Execution id="b4659cda-c084-4830-a247-a6caa603ac25" />
      <TestMethod codeBase="D:\actions-runner\_work\XPCO\XPCO\Common\VideoOS.Utilities\VideoOS.Utilities.UnitTests\bin\Debug\net472\VideoOS.Utilities.UnitTests.dll" adapterTypeName="executor://mstestadapter/v2" className="VideoOS.Utilities.UnitTests.Threading.BaseTimeDelayedThreadTests" name="ScheduleNextRun_CalledOnce_AfterTimedDelayTriggered_Success" />
    </UnitTest>
    <UnitTest name="ReadKey_ShouldFetchKey_WhenUsingFreshDatabase" storage="d:\actions-runner\_work\xpco\xpco\common\videoos.utilities\videoos.utilities.unittests\bin\debug\net472\videoos.utilities.unittests.dll" id="22e18a3c-fbe2-f5a0-ac98-8ca4729414c8">
      <Execution id="dc21f8dd-1dc4-4d89-9ba8-4a06b0d00ff6" />
      <TestMethod codeBase="D:\actions-runner\_work\XPCO\XPCO\Common\VideoOS.Utilities\VideoOS.Utilities.UnitTests\bin\Debug\net472\VideoOS.Utilities.UnitTests.dll" adapterTypeName="executor://mstestadapter/v2" className="VideoOS.Utilities.UnitTests.KeyManagement.DatabaseKeyProviderTests" name="ReadKey_ShouldFetchKey_WhenUsingFreshDatabase" />
    </UnitTest>
    <UnitTest name="ReadPassword_CorrectlyThrowsIOException_WhenMissingFileOrFolder" storage="d:\actions-runner\_work\xpco\xpco\common\videoos.utilities\videoos.utilities.unittests\bin\debug\net472\videoos.utilities.unittests.dll" id="0a10c4f5-63d2-9d6e-7859-29baf43ee467">
      <Execution id="8b192279-909d-4ee9-9830-88d6853a374b" />
      <TestMethod codeBase="D:\actions-runner\_work\XPCO\XPCO\Common\VideoOS.Utilities\VideoOS.Utilities.UnitTests\bin\Debug\net472\VideoOS.Utilities.UnitTests.dll" adapterTypeName="executor://mstestadapter/v2" className="VideoOS.Utilities.UnitTests.KeyManagement.FilePasswordProviderTests" name="ReadPassword_CorrectlyThrowsIOException_WhenMissingFileOrFolder" />
    </UnitTest>
    <UnitTest name="FormatByteSizeStringTest3" storage="d:\actions-runner\_work\xpco\xpco\common\videoos.utilities\videoos.utilities.unittests\bin\debug\net472\videoos.utilities.unittests.dll" id="640f2c79-4967-64e1-22df-3628571d9acc">
      <Execution id="bf8815a1-90ad-4faf-88eb-5222fb5f4baf" />
      <TestMethod codeBase="D:\actions-runner\_work\XPCO\XPCO\Common\VideoOS.Utilities\VideoOS.Utilities.UnitTests\bin\Debug\net472\VideoOS.Utilities.UnitTests.dll" adapterTypeName="executor://mstestadapter/v2" className="VideoOS.Utilities.UnitTests.StringFormattingTest" name="FormatByteSizeStringTest3" />
    </UnitTest>
    <UnitTest name="ValidateWebAddress_WithHttp" storage="d:\actions-runner\_work\xpco\xpco\common\videoos.utilities\videoos.utilities.unittests\bin\debug\net472\videoos.utilities.unittests.dll" id="f03729f0-d331-f104-9fc2-6da799ef6144">
      <Execution id="c4d5101a-fc32-48d8-aec4-37bdcd9d0b91" />
      <TestMethod codeBase="D:\actions-runner\_work\XPCO\XPCO\Common\VideoOS.Utilities\VideoOS.Utilities.UnitTests\bin\Debug\net472\VideoOS.Utilities.UnitTests.dll" adapterTypeName="executor://mstestadapter/v2" className="VideoOS.Utilities.UnitTests.Network.AddressValidationTests" name="ValidateWebAddress_WithHttp" />
    </UnitTest>
    <UnitTest name="HashingUtilities_CreateHashString_ArgumentNull" storage="d:\actions-runner\_work\xpco\xpco\common\videoos.utilities\videoos.utilities.unittests\bin\debug\net472\videoos.utilities.unittests.dll" id="b4febf0c-e78e-506a-21fa-fc3ca5cd1abc">
      <Execution id="e50922f1-5a14-42b2-a976-0b894310d355" />
      <TestMethod codeBase="D:\actions-runner\_work\XPCO\XPCO\Common\VideoOS.Utilities\VideoOS.Utilities.UnitTests\bin\Debug\net472\VideoOS.Utilities.UnitTests.dll" adapterTypeName="executor://mstestadapter/v2" className="VideoOS.Utilities.UnitTests.Network.HashingUtilitiesTests" name="HashingUtilities_CreateHashString_ArgumentNull" />
    </UnitTest>
    <UnitTest name="Given_FeaturesAreAvailableWithUnexpectedState_When_EnsureFeaturesAreInstalled_Then_MethodReturnsTheFeatureWithUnexpectedState" storage="d:\actions-runner\_work\xpco\xpco\common\videoos.utilities\videoos.utilities.unittests\bin\debug\net472\videoos.utilities.unittests.dll" id="d9f9c2c8-093d-13e9-89bd-1a9656a82bad">
      <Execution id="0bbb303b-b5bc-4e3c-b525-4bd33fd8040f" />
      <TestMethod codeBase="D:\actions-runner\_work\XPCO\XPCO\Common\VideoOS.Utilities\VideoOS.Utilities.UnitTests\bin\Debug\net472\VideoOS.Utilities.UnitTests.dll" adapterTypeName="executor://mstestadapter/v2" className="VideoOS.Utilities.UnitTests.Dism.DismSessionTest" name="Given_FeaturesAreAvailableWithUnexpectedState_When_EnsureFeaturesAreInstalled_Then_MethodReturnsTheFeatureWithUnexpectedState" />
    </UnitTest>
    <UnitTest name="FormatByteSizeStringExactTest4" storage="d:\actions-runner\_work\xpco\xpco\common\videoos.utilities\videoos.utilities.unittests\bin\debug\net472\videoos.utilities.unittests.dll" id="487c7291-c30a-e14f-23c4-0aa9f3ead4c2">
      <Execution id="bf09eadb-daea-4a6d-bb22-b97ed6a13786" />
      <TestMethod codeBase="D:\actions-runner\_work\XPCO\XPCO\Common\VideoOS.Utilities\VideoOS.Utilities.UnitTests\bin\Debug\net472\VideoOS.Utilities.UnitTests.dll" adapterTypeName="executor://mstestadapter/v2" className="VideoOS.Utilities.UnitTests.StringFormattingTest" name="FormatByteSizeStringExactTest4" />
    </UnitTest>
    <UnitTest name="UseImportedConfigurationWithExternalBase64IV" storage="d:\actions-runner\_work\xpco\xpco\common\videoos.utilities\videoos.utilities.unittests\bin\debug\net472\videoos.utilities.unittests.dll" id="b642816d-4d24-8990-3894-7f013ee38898">
      <Execution id="52dbb23f-0e32-4e31-9569-8b9365e687f9" />
      <TestMethod codeBase="D:\actions-runner\_work\XPCO\XPCO\Common\VideoOS.Utilities\VideoOS.Utilities.UnitTests\bin\Debug\net472\VideoOS.Utilities.UnitTests.dll" adapterTypeName="executor://mstestadapter/v2" className="VideoOS.Utilities.UnitTests.Cryptography.Encryption" name="UseImportedConfigurationWithExternalBase64IV" />
    </UnitTest>
    <UnitTest name="BulkProcessor_MoreItemsInQueueThanBulkSize_ItemsInBulkEqualsBulkSize" storage="d:\actions-runner\_work\xpco\xpco\common\videoos.utilities\videoos.utilities.unittests\bin\debug\net472\videoos.utilities.unittests.dll" id="8a58a8dd-6e74-59e0-5a8b-8a3cdd925c79">
      <Execution id="397459a8-ee8f-4d05-b139-ad8fb4926afe" />
      <TestMethod codeBase="D:\actions-runner\_work\XPCO\XPCO\Common\VideoOS.Utilities\VideoOS.Utilities.UnitTests\bin\Debug\net472\VideoOS.Utilities.UnitTests.dll" adapterTypeName="executor://mstestadapter/v2" className="VideoOS.Utilities.BulkProcessing.UnitTests.BulkProcessorUnitTest" name="BulkProcessor_MoreItemsInQueueThanBulkSize_ItemsInBulkEqualsBulkSize" />
    </UnitTest>
    <UnitTest name="ConstructDisposeConnection_Success" storage="d:\actions-runner\_work\xpco\xpco\common\videoos.utilities\videoos.utilities.unittests\bin\debug\net472\videoos.utilities.unittests.dll" id="b1f69e38-77d1-ee6d-147d-e342e18f3b47">
      <TestCategory>
        <TestCategoryItem TestCategory="DatabaseConnection" />
      </TestCategory>
      <Execution id="30efcd60-ed58-4dd1-9627-62e07b3af8c4" />
      <TestMethod codeBase="D:\actions-runner\_work\XPCO\XPCO\Common\VideoOS.Utilities\VideoOS.Utilities.UnitTests\bin\Debug\net472\VideoOS.Utilities.UnitTests.dll" adapterTypeName="executor://mstestadapter/v2" className="VideoOS.Utilities.UnitTests.Database.DatabaseConnectionTests" name="ConstructDisposeConnection_Success" />
    </UnitTest>
    <UnitTest name="FormatTimeSpanStringTest6" storage="d:\actions-runner\_work\xpco\xpco\common\videoos.utilities\videoos.utilities.unittests\bin\debug\net472\videoos.utilities.unittests.dll" id="1f116986-35db-8dcf-83c8-e827ad240cba">
      <Execution id="3f329beb-71a8-4a73-9061-3c3e6368bc58" />
      <TestMethod codeBase="D:\actions-runner\_work\XPCO\XPCO\Common\VideoOS.Utilities\VideoOS.Utilities.UnitTests\bin\Debug\net472\VideoOS.Utilities.UnitTests.dll" adapterTypeName="executor://mstestadapter/v2" className="VideoOS.Utilities.UnitTests.StringFormattingTest" name="FormatTimeSpanStringTest6" />
    </UnitTest>
    <UnitTest name="MacAddressUtilities_CreateHashString_ArgumentNull" storage="d:\actions-runner\_work\xpco\xpco\common\videoos.utilities\videoos.utilities.unittests\bin\debug\net472\videoos.utilities.unittests.dll" id="bb71366c-0430-34ad-e4e3-0922219f5db7">
      <Execution id="6a834100-134d-4061-a2af-e2034b282e4a" />
      <TestMethod codeBase="D:\actions-runner\_work\XPCO\XPCO\Common\VideoOS.Utilities\VideoOS.Utilities.UnitTests\bin\Debug\net472\VideoOS.Utilities.UnitTests.dll" adapterTypeName="executor://mstestadapter/v2" className="VideoOS.Utilities.UnitTests.Network.MacAddressUtilitiesTests" name="MacAddressUtilities_CreateHashString_ArgumentNull" />
    </UnitTest>
    <UnitTest name="Constructor_ShouldThrow_WhenSecureFolderIsNull" storage="d:\actions-runner\_work\xpco\xpco\common\videoos.utilities\videoos.utilities.unittests\bin\debug\net472\videoos.utilities.unittests.dll" id="ed3de6dd-8f36-30c1-6222-3d0da5b20a19">
      <Execution id="4eeae3c6-4fb5-428b-9257-c59df402edee" />
      <TestMethod codeBase="D:\actions-runner\_work\XPCO\XPCO\Common\VideoOS.Utilities\VideoOS.Utilities.UnitTests\bin\Debug\net472\VideoOS.Utilities.UnitTests.dll" adapterTypeName="executor://mstestadapter/v2" className="VideoOS.Utilities.UnitTests.KeyManagement.FileWritingSessionTests" name="Constructor_ShouldThrow_WhenSecureFolderIsNull" />
    </UnitTest>
    <UnitTest name="EncryptKey_ShouldThrow_KeyWrongLenght" storage="d:\actions-runner\_work\xpco\xpco\common\videoos.utilities\videoos.utilities.unittests\bin\debug\net472\videoos.utilities.unittests.dll" id="2d732d99-5668-950b-70cf-b930fe884f89">
      <Execution id="6a4834a6-2681-4015-93d8-b5a8af2fe0ae" />
      <TestMethod codeBase="D:\actions-runner\_work\XPCO\XPCO\Common\VideoOS.Utilities\VideoOS.Utilities.UnitTests\bin\Debug\net472\VideoOS.Utilities.UnitTests.dll" adapterTypeName="executor://mstestadapter/v2" className="VideoOS.Utilities.UnitTests.KeyManagement.EncryptionProviderTests" name="EncryptKey_ShouldThrow_KeyWrongLenght" />
    </UnitTest>
    <UnitTest name="Decode_WhenDataIsNull_Exception" storage="d:\actions-runner\_work\xpco\xpco\common\videoos.utilities\videoos.utilities.unittests\bin\debug\net472\videoos.utilities.unittests.dll" id="ff700ff8-f06d-2396-a611-610895971f2c">
      <Execution id="6fe2cc90-f229-4ea6-92d1-54db2d72570c" />
      <TestMethod codeBase="D:\actions-runner\_work\XPCO\XPCO\Common\VideoOS.Utilities\VideoOS.Utilities.UnitTests\bin\Debug\net472\VideoOS.Utilities.UnitTests.dll" adapterTypeName="executor://mstestadapter/v2" className="VideoOS.Utilities.UnitTests.Formatting.Base64EncoderTest" name="Decode_WhenDataIsNull_Exception" />
    </UnitTest>
    <UnitTest name="FormatByteSizeStringExactTest1" storage="d:\actions-runner\_work\xpco\xpco\common\videoos.utilities\videoos.utilities.unittests\bin\debug\net472\videoos.utilities.unittests.dll" id="bd94d8bc-ab63-7767-a91c-935732aae600">
      <Execution id="ebb9f462-40cc-4b92-ab81-e97ee7deb61d" />
      <TestMethod codeBase="D:\actions-runner\_work\XPCO\XPCO\Common\VideoOS.Utilities\VideoOS.Utilities.UnitTests\bin\Debug\net472\VideoOS.Utilities.UnitTests.dll" adapterTypeName="executor://mstestadapter/v2" className="VideoOS.Utilities.UnitTests.StringFormattingTest" name="FormatByteSizeStringExactTest1" />
    </UnitTest>
    <UnitTest name="CheckSignatureWithChangedSignature" storage="d:\actions-runner\_work\xpco\xpco\common\videoos.utilities\videoos.utilities.unittests\bin\debug\net472\videoos.utilities.unittests.dll" id="c915de97-2303-a6b8-fd02-ef6b7a768381">
      <Execution id="35f063b7-5834-47ac-9f9f-7a319b260158" />
      <TestMethod codeBase="D:\actions-runner\_work\XPCO\XPCO\Common\VideoOS.Utilities\VideoOS.Utilities.UnitTests\bin\Debug\net472\VideoOS.Utilities.UnitTests.dll" adapterTypeName="executor://mstestadapter/v2" className="VideoOS.Utilities.UnitTests.Cryptography.StringSignatures" name="CheckSignatureWithChangedSignature" />
    </UnitTest>
    <UnitTest name="CheckSignatureWithChangedData" storage="d:\actions-runner\_work\xpco\xpco\common\videoos.utilities\videoos.utilities.unittests\bin\debug\net472\videoos.utilities.unittests.dll" id="c5cdcf4b-343d-7523-c4d6-145aa870108c">
      <Execution id="3e292cfa-e1fe-48f0-bcb3-af541e54d256" />
      <TestMethod codeBase="D:\actions-runner\_work\XPCO\XPCO\Common\VideoOS.Utilities\VideoOS.Utilities.UnitTests\bin\Debug\net472\VideoOS.Utilities.UnitTests.dll" adapterTypeName="executor://mstestadapter/v2" className="VideoOS.Utilities.UnitTests.Cryptography.StringSignatures" name="CheckSignatureWithChangedData" />
    </UnitTest>
    <UnitTest name="PrettifyInlineXmlStringTest2" storage="d:\actions-runner\_work\xpco\xpco\common\videoos.utilities\videoos.utilities.unittests\bin\debug\net472\videoos.utilities.unittests.dll" id="d0f4ce70-1398-984e-fbab-b31f8b0772af">
      <Execution id="bbfc1476-c722-4fca-b8e9-f580e363bb6b" />
      <TestMethod codeBase="D:\actions-runner\_work\XPCO\XPCO\Common\VideoOS.Utilities\VideoOS.Utilities.UnitTests\bin\Debug\net472\VideoOS.Utilities.UnitTests.dll" adapterTypeName="executor://mstestadapter/v2" className="VideoOS.Utilities.UnitTests.StringFormattingTest" name="PrettifyInlineXmlStringTest2" />
    </UnitTest>
    <UnitTest name="GenerateKey_NotEqualToDefault" storage="d:\actions-runner\_work\xpco\xpco\common\videoos.utilities\videoos.utilities.unittests\bin\debug\net472\videoos.utilities.unittests.dll" id="27a9f2fd-209f-b60a-fd64-787694905fbb">
      <Execution id="b96629ca-62c5-422f-a655-71661782a863" />
      <TestMethod codeBase="D:\actions-runner\_work\XPCO\XPCO\Common\VideoOS.Utilities\VideoOS.Utilities.UnitTests\bin\Debug\net472\VideoOS.Utilities.UnitTests.dll" adapterTypeName="executor://mstestadapter/v2" className="VideoOS.Utilities.UnitTests.Cryptography.AesSymmetricEncryptionTests" name="GenerateKey_NotEqualToDefault" />
    </UnitTest>
    <UnitTest name="RemoveInvalidXMLChars_Spaces_SameResult" storage="d:\actions-runner\_work\xpco\xpco\common\videoos.utilities\videoos.utilities.unittests\bin\debug\net472\videoos.utilities.unittests.dll" id="6858e7db-ba67-0f38-ef05-6651a9a30c51">
      <Execution id="1cd6d8bb-6101-4ed3-8fa2-8209ab1619c3" />
      <TestMethod codeBase="D:\actions-runner\_work\XPCO\XPCO\Common\VideoOS.Utilities\VideoOS.Utilities.UnitTests\bin\Debug\net472\VideoOS.Utilities.UnitTests.dll" adapterTypeName="executor://mstestadapter/v2" className="VideoOS.Utilities.UnitTests.Formatting.CharacterTests" name="RemoveInvalidXMLChars_Spaces_SameResult" />
    </UnitTest>
    <UnitTest name="ThrowingNonRetryableExcepionWithinRetryableBlockThrows" storage="d:\actions-runner\_work\xpco\xpco\common\videoos.utilities\videoos.utilities.unittests\bin\debug\net472\videoos.utilities.unittests.dll" id="8b97d570-fb7f-b0b3-b222-24bcdf5045a8">
      <TestCategory>
        <TestCategoryItem TestCategory="DatabaseConnection" />
      </TestCategory>
      <Execution id="96fd48c1-35b6-4fd4-8967-c34635b47f73" />
      <TestMethod codeBase="D:\actions-runner\_work\XPCO\XPCO\Common\VideoOS.Utilities\VideoOS.Utilities.UnitTests\bin\Debug\net472\VideoOS.Utilities.UnitTests.dll" adapterTypeName="executor://mstestadapter/v2" className="VideoOS.Utilities.UnitTests.Database.DatabaseConnectionTests" name="ThrowingNonRetryableExcepionWithinRetryableBlockThrows" />
    </UnitTest>
    <UnitTest name="Given_TooLongPassword_When_Validating_AProperErrorMessageIsReturned" storage="d:\actions-runner\_work\xpco\xpco\common\videoos.utilities\videoos.utilities.unittests\bin\debug\net472\videoos.utilities.unittests.dll" id="d7846be6-7e4b-5ce8-dbd4-5fe5d9692e54">
      <Execution id="3f722196-7532-4d51-8b51-14eab2b2a3ff" />
      <TestMethod codeBase="D:\actions-runner\_work\XPCO\XPCO\Common\VideoOS.Utilities\VideoOS.Utilities.UnitTests\bin\Debug\net472\VideoOS.Utilities.UnitTests.dll" adapterTypeName="executor://mstestadapter/v2" className="VideoOS.Common.EnvironmentServices.UnitTests.Security.PasswordValidatorTest" name="Given_TooLongPassword_When_Validating_AProperErrorMessageIsReturned" />
    </UnitTest>
    <UnitTest name="ImportAndExportConfigurationWithIV" storage="d:\actions-runner\_work\xpco\xpco\common\videoos.utilities\videoos.utilities.unittests\bin\debug\net472\videoos.utilities.unittests.dll" id="73bf3234-dc5d-03b2-17ea-41170a93ce33">
      <Execution id="00164983-8841-4dd8-9a3e-6482efd2a533" />
      <TestMethod codeBase="D:\actions-runner\_work\XPCO\XPCO\Common\VideoOS.Utilities\VideoOS.Utilities.UnitTests\bin\Debug\net472\VideoOS.Utilities.UnitTests.dll" adapterTypeName="executor://mstestadapter/v2" className="VideoOS.Utilities.UnitTests.Cryptography.Encryption" name="ImportAndExportConfigurationWithIV" />
    </UnitTest>
    <UnitTest name="Given_SomeFeaturesAreAvailable_When_EnsureFeaturesAreInstalled_WithFeaturesThatAreNotAllAvailableWhenInstalling_Then_ReturnsTheMissingFeature" storage="d:\actions-runner\_work\xpco\xpco\common\videoos.utilities\videoos.utilities.unittests\bin\debug\net472\videoos.utilities.unittests.dll" id="4ca6052f-c840-9732-5b12-a57797e01e31">
      <Execution id="4544e4af-805b-4804-b3a2-8746aaa6aab6" />
      <TestMethod codeBase="D:\actions-runner\_work\XPCO\XPCO\Common\VideoOS.Utilities\VideoOS.Utilities.UnitTests\bin\Debug\net472\VideoOS.Utilities.UnitTests.dll" adapterTypeName="executor://mstestadapter/v2" className="VideoOS.Utilities.UnitTests.Dism.DismSessionTest" name="Given_SomeFeaturesAreAvailable_When_EnsureFeaturesAreInstalled_WithFeaturesThatAreNotAllAvailableWhenInstalling_Then_ReturnsTheMissingFeature" />
    </UnitTest>
    <UnitTest name="DeleteSslConfiguration_Param_NullAddressTest" storage="d:\actions-runner\_work\xpco\xpco\common\videoos.utilities\videoos.utilities.unittests\bin\debug\net472\videoos.utilities.unittests.dll" id="a79acfca-4bc4-b15e-d56c-69fa06522e06">
      <Execution id="a76a0dc0-98c3-401a-92e9-5f1f6fdc01f9" />
      <TestMethod codeBase="D:\actions-runner\_work\XPCO\XPCO\Common\VideoOS.Utilities\VideoOS.Utilities.UnitTests\bin\Debug\net472\VideoOS.Utilities.UnitTests.dll" adapterTypeName="executor://mstestadapter/v2" className="VideoOS.Utilities.UnitTests.Windows.Http.HttpSysConfigTest" name="DeleteSslConfiguration_Param_NullAddressTest" />
    </UnitTest>
    <UnitTest name="ReadUrlReservationInfo_ExceptionThrownTest" storage="d:\actions-runner\_work\xpco\xpco\common\videoos.utilities\videoos.utilities.unittests\bin\debug\net472\videoos.utilities.unittests.dll" id="82a2d9e3-3271-538d-6079-95f7f4aa07c1">
      <Execution id="bcaf315e-629f-41a3-9ee5-3204795803d5" />
      <TestMethod codeBase="D:\actions-runner\_work\XPCO\XPCO\Common\VideoOS.Utilities\VideoOS.Utilities.UnitTests\bin\Debug\net472\VideoOS.Utilities.UnitTests.dll" adapterTypeName="executor://mstestadapter/v2" className="VideoOS.Utilities.UnitTests.Windows.Http.HttpSysConfigTest" name="ReadUrlReservationInfo_ExceptionThrownTest" />
    </UnitTest>
    <UnitTest name="GetContentFromInitialLicenseFile_OldEncryptionScheme_ThrowsException" storage="d:\actions-runner\_work\xpco\xpco\common\videoos.utilities\videoos.utilities.unittests\bin\debug\net472\videoos.utilities.unittests.dll" id="14088cd5-d1ab-99c6-742a-023862db880f">
      <Execution id="538e3614-d8c6-41e9-a757-a2f4aee90331" />
      <TestMethod codeBase="D:\actions-runner\_work\XPCO\XPCO\Common\VideoOS.Utilities\VideoOS.Utilities.UnitTests\bin\Debug\net472\VideoOS.Utilities.UnitTests.dll" adapterTypeName="executor://mstestadapter/v2" className="VideoOS.Utilities.UnitTests.Licensing.LicenseFileHelperTests" name="GetContentFromInitialLicenseFile_OldEncryptionScheme_ThrowsException" />
    </UnitTest>
    <UnitTest name="Close_WhenNotInitialized_Refuse" storage="d:\actions-runner\_work\xpco\xpco\common\videoos.utilities\videoos.utilities.unittests\bin\debug\net472\videoos.utilities.unittests.dll" id="4d0e6ccb-b8ae-ea93-2cb9-dd7bb56ee216">
      <Execution id="9cb1ca2c-87db-452c-bb28-de50e56ac9b7" />
      <TestMethod codeBase="D:\actions-runner\_work\XPCO\XPCO\Common\VideoOS.Utilities\VideoOS.Utilities.UnitTests\bin\Debug\net472\VideoOS.Utilities.UnitTests.dll" adapterTypeName="executor://mstestadapter/v2" className="VideoOS.Utilities.UnitTests.Workflow.InitControlTests" name="Close_WhenNotInitialized_Refuse" />
    </UnitTest>
    <UnitTest name="FormatByteSizeStringTest4" storage="d:\actions-runner\_work\xpco\xpco\common\videoos.utilities\videoos.utilities.unittests\bin\debug\net472\videoos.utilities.unittests.dll" id="80895b38-0d55-d592-cbc2-d8e8007febd1">
      <Execution id="c552b21a-d3af-412e-94d8-07904b28dfb9" />
      <TestMethod codeBase="D:\actions-runner\_work\XPCO\XPCO\Common\VideoOS.Utilities\VideoOS.Utilities.UnitTests\bin\Debug\net472\VideoOS.Utilities.UnitTests.dll" adapterTypeName="executor://mstestadapter/v2" className="VideoOS.Utilities.UnitTests.StringFormattingTest" name="FormatByteSizeStringTest4" />
    </UnitTest>
    <UnitTest name="WriteTest" storage="d:\actions-runner\_work\xpco\xpco\common\videoos.utilities\videoos.utilities.unittests\bin\debug\net472\videoos.utilities.unittests.dll" id="c2de417d-b1d2-eef7-c7a6-ad1c229cf712">
      <Execution id="4b603ef3-3e9f-40cf-b476-d0979942db57" />
      <TestMethod codeBase="D:\actions-runner\_work\XPCO\XPCO\Common\VideoOS.Utilities\VideoOS.Utilities.UnitTests\bin\Debug\net472\VideoOS.Utilities.UnitTests.dll" adapterTypeName="executor://mstestadapter/v2" className="VideoOS.Utilities.UnitTests.Diagnostics.FileLoggerFormatTest" name="WriteTest" />
    </UnitTest>
    <UnitTest name="ExecuteScalarWithExplicitlyCreatedParameter" storage="d:\actions-runner\_work\xpco\xpco\common\videoos.utilities\videoos.utilities.unittests\bin\debug\net472\videoos.utilities.unittests.dll" id="6670917e-e42c-a07b-7e25-3b7110e4f4b7">
      <TestCategory>
        <TestCategoryItem TestCategory="DatabaseCommand" />
      </TestCategory>
      <Execution id="011f7b0b-0ec3-4679-84b9-2fd04952f00c" />
      <TestMethod codeBase="D:\actions-runner\_work\XPCO\XPCO\Common\VideoOS.Utilities\VideoOS.Utilities.UnitTests\bin\Debug\net472\VideoOS.Utilities.UnitTests.dll" adapterTypeName="executor://mstestadapter/v2" className="VideoOS.Utilities.UnitTests.Database.DatabaseCommandTest" name="ExecuteScalarWithExplicitlyCreatedParameter" />
    </UnitTest>
    <UnitTest name="Given_PasswordWithUnknownError_When_Validating_AProperErrorMessageIsReturned" storage="d:\actions-runner\_work\xpco\xpco\common\videoos.utilities\videoos.utilities.unittests\bin\debug\net472\videoos.utilities.unittests.dll" id="149328dd-9c2a-a5da-f7d5-2a68b860779c">
      <Execution id="c7025340-f702-43f3-865c-59587b116a59" />
      <TestMethod codeBase="D:\actions-runner\_work\XPCO\XPCO\Common\VideoOS.Utilities\VideoOS.Utilities.UnitTests\bin\Debug\net472\VideoOS.Utilities.UnitTests.dll" adapterTypeName="executor://mstestadapter/v2" className="VideoOS.Common.EnvironmentServices.UnitTests.Security.PasswordValidatorTest" name="Given_PasswordWithUnknownError_When_Validating_AProperErrorMessageIsReturned" />
    </UnitTest>
    <UnitTest name="ConstructDatabaseConnectionInfo_UnknownAuth_Failes" storage="d:\actions-runner\_work\xpco\xpco\common\videoos.utilities\videoos.utilities.unittests\bin\debug\net472\videoos.utilities.unittests.dll" id="fddb90a4-c40a-f49b-7c8e-84a4e6d67595">
      <Execution id="bfed8021-277e-4b23-b55d-ef271ad253f9" />
      <TestMethod codeBase="D:\actions-runner\_work\XPCO\XPCO\Common\VideoOS.Utilities\VideoOS.Utilities.UnitTests\bin\Debug\net472\VideoOS.Utilities.UnitTests.dll" adapterTypeName="executor://mstestadapter/v2" className="VideoOS.Utilities.UnitTests.Database.DatabaseConnectionInfoTests" name="ConstructDatabaseConnectionInfo_UnknownAuth_Failes" />
    </UnitTest>
    <UnitTest name="HasKey_ReturnsFalse_WhenTableIsMissing" storage="d:\actions-runner\_work\xpco\xpco\common\videoos.utilities\videoos.utilities.unittests\bin\debug\net472\videoos.utilities.unittests.dll" id="4ad4c3c3-39bf-3ab3-0ab0-ffc6ced77812">
      <Execution id="09ea2d37-3c28-4ae4-8a6b-fd5d002305ef" />
      <TestMethod codeBase="D:\actions-runner\_work\XPCO\XPCO\Common\VideoOS.Utilities\VideoOS.Utilities.UnitTests\bin\Debug\net472\VideoOS.Utilities.UnitTests.dll" adapterTypeName="executor://mstestadapter/v2" className="VideoOS.Utilities.UnitTests.KeyManagement.DatabaseKeyProviderTests" name="HasKey_ReturnsFalse_WhenTableIsMissing" />
    </UnitTest>
    <UnitTest name="DatabaseConnectionInfoFromStorage_GetConnectionString_NotConfigured_Success" storage="d:\actions-runner\_work\xpco\xpco\common\videoos.utilities\videoos.utilities.unittests\bin\debug\net472\videoos.utilities.unittests.dll" id="83481054-699a-701b-1d41-0138e8ec3589">
      <TestCategory>
        <TestCategoryItem TestCategory="Database" />
      </TestCategory>
      <Execution id="74c1b5c2-f975-4d61-844d-c2d4c88922b2" />
      <TestMethod codeBase="D:\actions-runner\_work\XPCO\XPCO\Common\VideoOS.Utilities\VideoOS.Utilities.UnitTests\bin\Debug\net472\VideoOS.Utilities.UnitTests.dll" adapterTypeName="executor://mstestadapter/v2" className="VideoOS.Utilities.UnitTests.Database.DatabaseConnectionInfoFromStorageTests" name="DatabaseConnectionInfoFromStorage_GetConnectionString_NotConfigured_Success" />
    </UnitTest>
    <UnitTest name="BulkProcessor_Dispose_Success" storage="d:\actions-runner\_work\xpco\xpco\common\videoos.utilities\videoos.utilities.unittests\bin\debug\net472\videoos.utilities.unittests.dll" id="ed97397d-6e25-ff1f-91ac-7705c9785c03">
      <Execution id="1321ee43-fcd7-462f-81e3-32efe9448cd2" />
      <TestMethod codeBase="D:\actions-runner\_work\XPCO\XPCO\Common\VideoOS.Utilities\VideoOS.Utilities.UnitTests\bin\Debug\net472\VideoOS.Utilities.UnitTests.dll" adapterTypeName="executor://mstestadapter/v2" className="VideoOS.Utilities.BulkProcessing.UnitTests.BulkProcessorUnitTest" name="BulkProcessor_Dispose_Success" />
    </UnitTest>
    <UnitTest name="DatabaseConnectionInfoFromStorage_ReadAndSecureConnectionString_Registry_SecurityException" storage="d:\actions-runner\_work\xpco\xpco\common\videoos.utilities\videoos.utilities.unittests\bin\debug\net472\videoos.utilities.unittests.dll" id="0b368f5b-1c89-ec64-1ec5-dee8061ba3b3">
      <TestCategory>
        <TestCategoryItem TestCategory="Database" />
      </TestCategory>
      <Execution id="f65adcd0-af49-4ea2-bbd6-58d04660ff55" />
      <TestMethod codeBase="D:\actions-runner\_work\XPCO\XPCO\Common\VideoOS.Utilities\VideoOS.Utilities.UnitTests\bin\Debug\net472\VideoOS.Utilities.UnitTests.dll" adapterTypeName="executor://mstestadapter/v2" className="VideoOS.Utilities.UnitTests.Database.DatabaseConnectionInfoFromStorageTests" name="DatabaseConnectionInfoFromStorage_ReadAndSecureConnectionString_Registry_SecurityException" />
    </UnitTest>
    <UnitTest name="CompositeDebugLevel" storage="d:\actions-runner\_work\xpco\xpco\common\videoos.utilities\videoos.utilities.unittests\bin\debug\net472\videoos.utilities.unittests.dll" id="a6afa94e-bac9-735b-0f52-af1a436a2457">
      <Execution id="8727c185-3649-4470-ad05-cde47ac47e9b" />
      <TestMethod codeBase="D:\actions-runner\_work\XPCO\XPCO\Common\VideoOS.Utilities\VideoOS.Utilities.UnitTests\bin\Debug\net472\VideoOS.Utilities.UnitTests.dll" adapterTypeName="executor://mstestadapter/v2" className="VideoOS.Utilities.UnitTests.Diagnostics.Levels" name="CompositeDebugLevel" />
    </UnitTest>
    <UnitTest name="AccessControlUpdater_SetFileAccessControl_UseSystest" storage="d:\actions-runner\_work\xpco\xpco\common\videoos.utilities\videoos.utilities.unittests\bin\debug\net472\videoos.utilities.unittests.dll" id="c1d31aec-ba11-ae2a-3d1e-d8528d8e9d7f">
      <Execution id="8ee462de-6776-48a2-b3d2-3f283166c0ad" />
      <TestMethod codeBase="D:\actions-runner\_work\XPCO\XPCO\Common\VideoOS.Utilities\VideoOS.Utilities.UnitTests\bin\Debug\net472\VideoOS.Utilities.UnitTests.dll" adapterTypeName="executor://mstestadapter/v2" className="VideoOS.Utilities.UnitTests.Security.AccessControlUpdaterTests" name="AccessControlUpdater_SetFileAccessControl_UseSystest" />
    </UnitTest>
    <UnitTest name="ThrowWhenOperationsDoNotCleanupTransactions" storage="d:\actions-runner\_work\xpco\xpco\common\videoos.utilities\videoos.utilities.unittests\bin\debug\net472\videoos.utilities.unittests.dll" id="ce3cd530-f731-79f9-4b1e-7ff7bb1c3901">
      <TestCategory>
        <TestCategoryItem TestCategory="DatabaseConnection" />
      </TestCategory>
      <Execution id="ac72a9b5-2bd3-4a90-aa3c-52da80f0bb7a" />
      <TestMethod codeBase="D:\actions-runner\_work\XPCO\XPCO\Common\VideoOS.Utilities\VideoOS.Utilities.UnitTests\bin\Debug\net472\VideoOS.Utilities.UnitTests.dll" adapterTypeName="executor://mstestadapter/v2" className="VideoOS.Utilities.UnitTests.Database.DatabaseConnectionTests" name="ThrowWhenOperationsDoNotCleanupTransactions" />
    </UnitTest>
    <UnitTest name="DatabaseConnectionInfoConfigurator_Write_ArgumentException" storage="d:\actions-runner\_work\xpco\xpco\common\videoos.utilities\videoos.utilities.unittests\bin\debug\net472\videoos.utilities.unittests.dll" id="1a5488cc-dc38-b193-c909-41a15addef87">
      <TestCategory>
        <TestCategoryItem TestCategory="Database" />
      </TestCategory>
      <Execution id="2d41c195-ac3a-48a1-afbc-2b4ab79e0d6d" />
      <TestMethod codeBase="D:\actions-runner\_work\XPCO\XPCO\Common\VideoOS.Utilities\VideoOS.Utilities.UnitTests\bin\Debug\net472\VideoOS.Utilities.UnitTests.dll" adapterTypeName="executor://mstestadapter/v2" className="VideoOS.Utilities.UnitTests.Database.DatabaseConnectionInfoConfiguratorTests" name="DatabaseConnectionInfoConfigurator_Write_ArgumentException" />
    </UnitTest>
    <UnitTest name="CreateIPBoundWeakWildcard_IPv4_NoRelativePathTest" storage="d:\actions-runner\_work\xpco\xpco\common\videoos.utilities\videoos.utilities.unittests\bin\debug\net472\videoos.utilities.unittests.dll" id="41a53a4c-df21-f4fc-4388-a122124f3bd1">
      <Execution id="a7644cfd-6078-4630-9518-442bbbb1612a" />
      <TestMethod codeBase="D:\actions-runner\_work\XPCO\XPCO\Common\VideoOS.Utilities\VideoOS.Utilities.UnitTests\bin\Debug\net472\VideoOS.Utilities.UnitTests.dll" adapterTypeName="executor://mstestadapter/v2" className="VideoOS.Utilities.UnitTests.Windows.UrlPrefixTest" name="CreateIPBoundWeakWildcard_IPv4_NoRelativePathTest" />
    </UnitTest>
    <UnitTest name="Constructor_String_SqlDbType_Int_Success" storage="d:\actions-runner\_work\xpco\xpco\common\videoos.utilities\videoos.utilities.unittests\bin\debug\net472\videoos.utilities.unittests.dll" id="a3a86eec-fc7e-0b7c-774b-2ea596e0516f">
      <TestCategory>
        <TestCategoryItem TestCategory="DatabaseParameter" />
      </TestCategory>
      <Execution id="bb37a3e7-be32-4d5a-a76c-164954c0a30e" />
      <TestMethod codeBase="D:\actions-runner\_work\XPCO\XPCO\Common\VideoOS.Utilities\VideoOS.Utilities.UnitTests\bin\Debug\net472\VideoOS.Utilities.UnitTests.dll" adapterTypeName="executor://mstestadapter/v2" className="VideoOS.Utilities.UnitTests.Database.DatabaseParameterTests" name="Constructor_String_SqlDbType_Int_Success" />
    </UnitTest>
    <UnitTest name="Constructor_ShouldThrowKeyStorageException_WhenSecureFolderFails" storage="d:\actions-runner\_work\xpco\xpco\common\videoos.utilities\videoos.utilities.unittests\bin\debug\net472\videoos.utilities.unittests.dll" id="2af5d521-8bbc-18e1-6f8f-3295fdc1595d">
      <Execution id="1379edd6-8593-46f1-8ef6-cb917d6d2995" />
      <TestMethod codeBase="D:\actions-runner\_work\XPCO\XPCO\Common\VideoOS.Utilities\VideoOS.Utilities.UnitTests\bin\Debug\net472\VideoOS.Utilities.UnitTests.dll" adapterTypeName="executor://mstestadapter/v2" className="VideoOS.Utilities.UnitTests.KeyManagement.FileWritingSessionTests" name="Constructor_ShouldThrowKeyStorageException_WhenSecureFolderFails" />
    </UnitTest>
    <UnitTest name="EncryptionFactory_KeyInformationIsTheSame_OnCreateAsymmetricForLicenseInstanceFromCngKey" storage="d:\actions-runner\_work\xpco\xpco\common\videoos.utilities\videoos.utilities.unittests\bin\debug\net472\videoos.utilities.unittests.dll" id="c5f9deb1-ff12-b2cb-3433-80ded536108c">
      <Execution id="2fad0a7b-fab5-4fa7-99b8-6a5db04d4445" />
      <TestMethod codeBase="D:\actions-runner\_work\XPCO\XPCO\Common\VideoOS.Utilities\VideoOS.Utilities.UnitTests\bin\Debug\net472\VideoOS.Utilities.UnitTests.dll" adapterTypeName="executor://mstestadapter/v2" className="VideoOS.Utilities.UnitTests.Cryptography.RsaCngAsymmetricEncryptionTests" name="EncryptionFactory_KeyInformationIsTheSame_OnCreateAsymmetricForLicenseInstanceFromCngKey" />
    </UnitTest>
    <UnitTest name="DecryptAfterEncrypt_ReturnsSameData_OnSameInstance" storage="d:\actions-runner\_work\xpco\xpco\common\videoos.utilities\videoos.utilities.unittests\bin\debug\net472\videoos.utilities.unittests.dll" id="1ae19ee1-9782-dc80-b0d1-ac9211391811">
      <Execution id="a4c1af39-872c-48d0-97e8-8f17f054d8d7" />
      <TestMethod codeBase="D:\actions-runner\_work\XPCO\XPCO\Common\VideoOS.Utilities\VideoOS.Utilities.UnitTests\bin\Debug\net472\VideoOS.Utilities.UnitTests.dll" adapterTypeName="executor://mstestadapter/v2" className="VideoOS.Utilities.UnitTests.Cryptography.RsaCngAsymmetricEncryptionTests" name="DecryptAfterEncrypt_ReturnsSameData_OnSameInstance" />
    </UnitTest>
    <UnitTest name="DetermineLicenseType_ActivatedLicense_ReturnsLicenseTypeActivated" storage="d:\actions-runner\_work\xpco\xpco\common\videoos.utilities\videoos.utilities.unittests\bin\debug\net472\videoos.utilities.unittests.dll" id="aa97711c-3d27-f367-5a9f-a5e192533ef5">
      <Execution id="fa745c52-85b9-4319-a6ff-8dffbedc581b" />
      <TestMethod codeBase="D:\actions-runner\_work\XPCO\XPCO\Common\VideoOS.Utilities\VideoOS.Utilities.UnitTests\bin\Debug\net472\VideoOS.Utilities.UnitTests.dll" adapterTypeName="executor://mstestadapter/v2" className="VideoOS.Utilities.UnitTests.Licensing.LicenseFileHelperTests" name="DetermineLicenseType_ActivatedLicense_ReturnsLicenseTypeActivated" />
    </UnitTest>
    <UnitTest name="Parse_InvalidData_InvalidSchemeTest1" storage="d:\actions-runner\_work\xpco\xpco\common\videoos.utilities\videoos.utilities.unittests\bin\debug\net472\videoos.utilities.unittests.dll" id="0d3e7f6e-b2f6-5bed-ef32-22d6c29e0bdd">
      <Execution id="75713bd4-a669-48a4-ad33-b1ff04ff29dc" />
      <TestMethod codeBase="D:\actions-runner\_work\XPCO\XPCO\Common\VideoOS.Utilities\VideoOS.Utilities.UnitTests\bin\Debug\net472\VideoOS.Utilities.UnitTests.dll" adapterTypeName="executor://mstestadapter/v2" className="VideoOS.Utilities.UnitTests.Windows.UrlPrefixTest" name="Parse_InvalidData_InvalidSchemeTest1" />
    </UnitTest>
    <UnitTest name="Constructor_ShouldThrow_WhenFilenameIsNull" storage="d:\actions-runner\_work\xpco\xpco\common\videoos.utilities\videoos.utilities.unittests\bin\debug\net472\videoos.utilities.unittests.dll" id="ff11fe63-c800-55e8-3867-714194b6a3db">
      <Execution id="3cd419e8-391d-474f-9610-13fdd070041e" />
      <TestMethod codeBase="D:\actions-runner\_work\XPCO\XPCO\Common\VideoOS.Utilities\VideoOS.Utilities.UnitTests\bin\Debug\net472\VideoOS.Utilities.UnitTests.dll" adapterTypeName="executor://mstestadapter/v2" className="VideoOS.Utilities.UnitTests.KeyManagement.FileWritingSessionTests" name="Constructor_ShouldThrow_WhenFilenameIsNull" />
    </UnitTest>
    <UnitTest name="IsValidBase64String_DataDrivenTest (AA==,True)" storage="d:\actions-runner\_work\xpco\xpco\common\videoos.utilities\videoos.utilities.unittests\bin\debug\net472\videoos.utilities.unittests.dll" id="cee40b1c-44fd-06f2-8c32-6296e8ff547c">
      <Execution id="7ecfa9a6-d12c-414f-8c6b-83680c10b4a3" />
      <TestMethod codeBase="D:\actions-runner\_work\XPCO\XPCO\Common\VideoOS.Utilities\VideoOS.Utilities.UnitTests\bin\Debug\net472\VideoOS.Utilities.UnitTests.dll" adapterTypeName="executor://mstestadapter/v2" className="VideoOS.Utilities.UnitTests.Validation.Base64StringValidatorTests" name="IsValidBase64String_DataDrivenTest" />
    </UnitTest>
    <UnitTest name="GetContentFromInitialLicenseFile_ValidFile_Success" storage="d:\actions-runner\_work\xpco\xpco\common\videoos.utilities\videoos.utilities.unittests\bin\debug\net472\videoos.utilities.unittests.dll" id="3f918602-dadf-d659-fcd4-b69281a1b26c">
      <Execution id="ac32f3c3-95cc-4e71-9158-6b9975e1ccad" />
      <TestMethod codeBase="D:\actions-runner\_work\XPCO\XPCO\Common\VideoOS.Utilities\VideoOS.Utilities.UnitTests\bin\Debug\net472\VideoOS.Utilities.UnitTests.dll" adapterTypeName="executor://mstestadapter/v2" className="VideoOS.Utilities.UnitTests.Licensing.LicenseFileHelperTests" name="GetContentFromInitialLicenseFile_ValidFile_Success" />
    </UnitTest>
    <UnitTest name="TestIsValidHostName_WithEmptyString" storage="d:\actions-runner\_work\xpco\xpco\common\videoos.utilities\videoos.utilities.unittests\bin\debug\net472\videoos.utilities.unittests.dll" id="cfc46475-9003-7061-8414-2cf74b691cc4">
      <Execution id="a610a1da-17f1-4aec-b3b8-c26cda007eb4" />
      <TestMethod codeBase="D:\actions-runner\_work\XPCO\XPCO\Common\VideoOS.Utilities\VideoOS.Utilities.UnitTests\bin\Debug\net472\VideoOS.Utilities.UnitTests.dll" adapterTypeName="executor://mstestadapter/v2" className="VideoOS.Utilities.UnitTests.Network.IPHelperTests" name="TestIsValidHostName_WithEmptyString" />
    </UnitTest>
    <UnitTest name="HasPassword_ShouldReturnFalse_IfPasswordFileEmpty" storage="d:\actions-runner\_work\xpco\xpco\common\videoos.utilities\videoos.utilities.unittests\bin\debug\net472\videoos.utilities.unittests.dll" id="b542b2a9-c57b-a34c-f3ad-0fcb0432bf83">
      <Execution id="69eba25f-6522-4562-8c6a-18fa80b7620e" />
      <TestMethod codeBase="D:\actions-runner\_work\XPCO\XPCO\Common\VideoOS.Utilities\VideoOS.Utilities.UnitTests\bin\Debug\net472\VideoOS.Utilities.UnitTests.dll" adapterTypeName="executor://mstestadapter/v2" className="VideoOS.Utilities.UnitTests.KeyManagement.FilePasswordProviderTests" name="HasPassword_ShouldReturnFalse_IfPasswordFileEmpty" />
    </UnitTest>
    <UnitTest name="Initialize_DblInitialize_HelpManagerAlreadyInitializedException" storage="d:\actions-runner\_work\xpco\xpco\common\videoos.utilities\videoos.utilities.unittests\bin\debug\net472\videoos.utilities.unittests.dll" id="65c2ea5b-763c-d0bd-7381-b24c3eb812aa">
      <TestCategory>
        <TestCategoryItem TestCategory="Help" />
      </TestCategory>
      <Execution id="1f709313-88e6-450c-8f9b-a138da8aa65a" />
      <TestMethod codeBase="D:\actions-runner\_work\XPCO\XPCO\Common\VideoOS.Utilities\VideoOS.Utilities.UnitTests\bin\Debug\net472\VideoOS.Utilities.UnitTests.dll" adapterTypeName="executor://mstestadapter/v2" className="VideoOS.Utilities.UnitTests.Help.HelpManagerTests" name="Initialize_DblInitialize_HelpManagerAlreadyInitializedException" />
    </UnitTest>
    <UnitTest name="Get_Parameters_ColumnIsNullAndNullAllowed_Success" storage="d:\actions-runner\_work\xpco\xpco\common\videoos.utilities\videoos.utilities.unittests\bin\debug\net472\videoos.utilities.unittests.dll" id="5173a017-06c1-2048-f8d5-2b43e18f16bb">
      <TestCategory>
        <TestCategoryItem TestCategory="DatabaseColumnBinder" />
      </TestCategory>
      <Execution id="f424d804-e38a-42c0-b0cb-570abfe6f655" />
      <TestMethod codeBase="D:\actions-runner\_work\XPCO\XPCO\Common\VideoOS.Utilities\VideoOS.Utilities.UnitTests\bin\Debug\net472\VideoOS.Utilities.UnitTests.dll" adapterTypeName="executor://mstestadapter/v2" className="VideoOS.Utilities.UnitTests.Database.DatabaseColumnBinderTests" name="Get_Parameters_ColumnIsNullAndNullAllowed_Success" />
    </UnitTest>
    <UnitTest name="EventServerSqlConnectionStorage_RetrieveConnectionString_64_Success" storage="d:\actions-runner\_work\xpco\xpco\common\videoos.utilities\videoos.utilities.unittests\bin\debug\net472\videoos.utilities.unittests.dll" id="8fc1b219-abfe-5492-9bb2-5cbc109a469b">
      <TestCategory>
        <TestCategoryItem TestCategory="Database" />
      </TestCategory>
      <Execution id="948cec21-95c5-4647-a074-ed5805c19b27" />
      <TestMethod codeBase="D:\actions-runner\_work\XPCO\XPCO\Common\VideoOS.Utilities\VideoOS.Utilities.UnitTests\bin\Debug\net472\VideoOS.Utilities.UnitTests.dll" adapterTypeName="executor://mstestadapter/v2" className="VideoOS.Utilities.UnitTests.Database.EventServerSqlConnectionStorageTests" name="EventServerSqlConnectionStorage_RetrieveConnectionString_64_Success" />
    </UnitTest>
    <UnitTest name="CreateIPBoundWeakWildcard_IPv6_WithRelativePathTest" storage="d:\actions-runner\_work\xpco\xpco\common\videoos.utilities\videoos.utilities.unittests\bin\debug\net472\videoos.utilities.unittests.dll" id="b6efbc8e-fe25-47e5-17b6-661d6ca8384c">
      <Execution id="162e54cc-a4c1-466f-887b-cd30d926ba88" />
      <TestMethod codeBase="D:\actions-runner\_work\XPCO\XPCO\Common\VideoOS.Utilities\VideoOS.Utilities.UnitTests\bin\Debug\net472\VideoOS.Utilities.UnitTests.dll" adapterTypeName="executor://mstestadapter/v2" className="VideoOS.Utilities.UnitTests.Windows.UrlPrefixTest" name="CreateIPBoundWeakWildcard_IPv6_WithRelativePathTest" />
    </UnitTest>
    <UnitTest name="EnforceUrlReservation_ConflictingEntryAccessDeniedTest" storage="d:\actions-runner\_work\xpco\xpco\common\videoos.utilities\videoos.utilities.unittests\bin\debug\net472\videoos.utilities.unittests.dll" id="edb1f896-d8ff-0800-877d-639c9514c67a">
      <Execution id="4ce128ed-6525-49e3-9ba4-fa3619199156" />
      <TestMethod codeBase="D:\actions-runner\_work\XPCO\XPCO\Common\VideoOS.Utilities\VideoOS.Utilities.UnitTests\bin\Debug\net472\VideoOS.Utilities.UnitTests.dll" adapterTypeName="executor://mstestadapter/v2" className="VideoOS.Utilities.UnitTests.Windows.Http.HttpSysConfigTest" name="EnforceUrlReservation_ConflictingEntryAccessDeniedTest" />
    </UnitTest>
    <UnitTest name="Sync_And_Remove" storage="d:\actions-runner\_work\xpco\xpco\common\videoos.utilities\videoos.utilities.unittests\bin\debug\net472\videoos.utilities.unittests.dll" id="07a3a7ab-d824-7f57-0071-5feb7879d8a0">
      <Execution id="fcc449a6-1fce-4ecd-93a3-c09cbde30da9" />
      <TestMethod codeBase="D:\actions-runner\_work\XPCO\XPCO\Common\VideoOS.Utilities\VideoOS.Utilities.UnitTests\bin\Debug\net472\VideoOS.Utilities.UnitTests.dll" adapterTypeName="executor://mstestadapter/v2" className="VideoOS.Utilities.UnitTests.Collections.SynchronizedListTest" name="Sync_And_Remove" />
    </UnitTest>
    <UnitTest name="TooLongPathToSecureFolderResultsInException" storage="d:\actions-runner\_work\xpco\xpco\common\videoos.utilities\videoos.utilities.unittests\bin\debug\net472\videoos.utilities.unittests.dll" id="49c28004-dfd7-736e-4dad-1c9905b5bd78">
      <Execution id="f541b0f4-c8f7-4d48-849e-ddab93b17467" />
      <TestMethod codeBase="D:\actions-runner\_work\XPCO\XPCO\Common\VideoOS.Utilities\VideoOS.Utilities.UnitTests\bin\Debug\net472\VideoOS.Utilities.UnitTests.dll" adapterTypeName="executor://mstestadapter/v2" className="VideoOS.Utilities.UnitTests.Security.SecureFolderTests" name="TooLongPathToSecureFolderResultsInException" />
    </UnitTest>
    <UnitTest name="FormatByteSizeStringExactULTest10" storage="d:\actions-runner\_work\xpco\xpco\common\videoos.utilities\videoos.utilities.unittests\bin\debug\net472\videoos.utilities.unittests.dll" id="25485208-776a-1dd8-a7a5-59f6826241a1">
      <Execution id="e75cab36-230e-4b7b-b40d-41562cbd49ba" />
      <TestMethod codeBase="D:\actions-runner\_work\XPCO\XPCO\Common\VideoOS.Utilities\VideoOS.Utilities.UnitTests\bin\Debug\net472\VideoOS.Utilities.UnitTests.dll" adapterTypeName="executor://mstestadapter/v2" className="VideoOS.Utilities.UnitTests.StringFormattingTest" name="FormatByteSizeStringExactULTest10" />
    </UnitTest>
    <UnitTest name="Parse_IPBoundWeakWildcard_IPv4_Http_WithRelativePathTest" storage="d:\actions-runner\_work\xpco\xpco\common\videoos.utilities\videoos.utilities.unittests\bin\debug\net472\videoos.utilities.unittests.dll" id="954137eb-32e8-18a0-2eda-0a5c3d618562">
      <Execution id="d293614c-6c76-4dbc-b4c6-76a006473c68" />
      <TestMethod codeBase="D:\actions-runner\_work\XPCO\XPCO\Common\VideoOS.Utilities\VideoOS.Utilities.UnitTests\bin\Debug\net472\VideoOS.Utilities.UnitTests.dll" adapterTypeName="executor://mstestadapter/v2" className="VideoOS.Utilities.UnitTests.Windows.UrlPrefixTest" name="Parse_IPBoundWeakWildcard_IPv4_Http_WithRelativePathTest" />
    </UnitTest>
    <UnitTest name="CreateExplicit_NullHost" storage="d:\actions-runner\_work\xpco\xpco\common\videoos.utilities\videoos.utilities.unittests\bin\debug\net472\videoos.utilities.unittests.dll" id="087b3dcc-2ad3-d33b-fb5a-cbb55331995d">
      <Execution id="2fb4b186-514f-436c-ac1b-c5af69d2e52f" />
      <TestMethod codeBase="D:\actions-runner\_work\XPCO\XPCO\Common\VideoOS.Utilities\VideoOS.Utilities.UnitTests\bin\Debug\net472\VideoOS.Utilities.UnitTests.dll" adapterTypeName="executor://mstestadapter/v2" className="VideoOS.Utilities.UnitTests.Windows.UrlPrefixTest" name="CreateExplicit_NullHost" />
    </UnitTest>
    <UnitTest name="GetKeyManagementState_NoKeyFound" storage="d:\actions-runner\_work\xpco\xpco\common\videoos.utilities\videoos.utilities.unittests\bin\debug\net472\videoos.utilities.unittests.dll" id="f20f788e-2c4b-4fc6-3f24-f3394174c210">
      <Execution id="89e4b682-5c71-462a-82dd-2f7a3942f3c5" />
      <TestMethod codeBase="D:\actions-runner\_work\XPCO\XPCO\Common\VideoOS.Utilities\VideoOS.Utilities.UnitTests\bin\Debug\net472\VideoOS.Utilities.UnitTests.dll" adapterTypeName="executor://mstestadapter/v2" className="VideoOS.Utilities.UnitTests.KeyManagement.KeyManagerTests" name="GetKeyManagementState_NoKeyFound" />
    </UnitTest>
    <UnitTest name="ConstructDatabaseConnectionInfo_NullDatabaseServerName_Throws" storage="d:\actions-runner\_work\xpco\xpco\common\videoos.utilities\videoos.utilities.unittests\bin\debug\net472\videoos.utilities.unittests.dll" id="400dcc7a-1baf-7c37-00e7-b9da7e64add4">
      <Execution id="4dff3831-34a9-4fa9-a9e5-7bbe82e383ae" />
      <TestMethod codeBase="D:\actions-runner\_work\XPCO\XPCO\Common\VideoOS.Utilities\VideoOS.Utilities.UnitTests\bin\Debug\net472\VideoOS.Utilities.UnitTests.dll" adapterTypeName="executor://mstestadapter/v2" className="VideoOS.Utilities.UnitTests.Database.DatabaseConnectionInfoTests" name="ConstructDatabaseConnectionInfo_NullDatabaseServerName_Throws" />
    </UnitTest>
    <UnitTest name="ReadKey_ShouldThrow_WhenKeyDoesNotExist" storage="d:\actions-runner\_work\xpco\xpco\common\videoos.utilities\videoos.utilities.unittests\bin\debug\net472\videoos.utilities.unittests.dll" id="8808a0d4-decf-b478-02fc-6d5995d94ea5">
      <Execution id="54b38d2e-5b19-49cc-ad12-430fe1ad7cce" />
      <TestMethod codeBase="D:\actions-runner\_work\XPCO\XPCO\Common\VideoOS.Utilities\VideoOS.Utilities.UnitTests\bin\Debug\net472\VideoOS.Utilities.UnitTests.dll" adapterTypeName="executor://mstestadapter/v2" className="VideoOS.Utilities.UnitTests.KeyManagement.DatabaseKeyProviderTests" name="ReadKey_ShouldThrow_WhenKeyDoesNotExist" />
    </UnitTest>
    <UnitTest name="Write_ShouldNotWriteEmptyBytes_WhenPasswordIsEmptyString" storage="d:\actions-runner\_work\xpco\xpco\common\videoos.utilities\videoos.utilities.unittests\bin\debug\net472\videoos.utilities.unittests.dll" id="89f9766a-a3f5-35f9-8ac2-917ccd2f55e2">
      <Execution id="8bdb7095-6b7d-4178-8bf7-862ceadc705b" />
      <TestMethod codeBase="D:\actions-runner\_work\XPCO\XPCO\Common\VideoOS.Utilities\VideoOS.Utilities.UnitTests\bin\Debug\net472\VideoOS.Utilities.UnitTests.dll" adapterTypeName="executor://mstestadapter/v2" className="VideoOS.Utilities.UnitTests.KeyManagement.FileWritingSessionTests" name="Write_ShouldNotWriteEmptyBytes_WhenPasswordIsEmptyString" />
    </UnitTest>
    <UnitTest name="IsValidBase64String_DataDrivenTest (RGV2aWNlIGlzIGRpc2FibGVkCg==,True)" storage="d:\actions-runner\_work\xpco\xpco\common\videoos.utilities\videoos.utilities.unittests\bin\debug\net472\videoos.utilities.unittests.dll" id="528ff103-a748-eb55-6417-ec32a3dcef5f">
      <Execution id="3c3ccd48-0693-4a45-a0b1-dda56fc9c96f" />
      <TestMethod codeBase="D:\actions-runner\_work\XPCO\XPCO\Common\VideoOS.Utilities\VideoOS.Utilities.UnitTests\bin\Debug\net472\VideoOS.Utilities.UnitTests.dll" adapterTypeName="executor://mstestadapter/v2" className="VideoOS.Utilities.UnitTests.Validation.Base64StringValidatorTests" name="IsValidBase64String_DataDrivenTest" />
    </UnitTest>
    <UnitTest name="GetKeyManagementState_PasswordCannotDecryptKey" storage="d:\actions-runner\_work\xpco\xpco\common\videoos.utilities\videoos.utilities.unittests\bin\debug\net472\videoos.utilities.unittests.dll" id="66477fd6-1f77-8ac4-c4c3-12944fda49e9">
      <Execution id="c332a2fd-5762-4b80-aba4-f8a694ee7d1c" />
      <TestMethod codeBase="D:\actions-runner\_work\XPCO\XPCO\Common\VideoOS.Utilities\VideoOS.Utilities.UnitTests\bin\Debug\net472\VideoOS.Utilities.UnitTests.dll" adapterTypeName="executor://mstestadapter/v2" className="VideoOS.Utilities.UnitTests.KeyManagement.KeyManagerTests" name="GetKeyManagementState_PasswordCannotDecryptKey" />
    </UnitTest>
    <UnitTest name="RemoveInvalidXMLChars_Text_SameResult" storage="d:\actions-runner\_work\xpco\xpco\common\videoos.utilities\videoos.utilities.unittests\bin\debug\net472\videoos.utilities.unittests.dll" id="6ef51f53-4e1f-f25c-3e8d-6d67812652de">
      <Execution id="a3ea9511-b9fc-48b2-9ecb-7b00cc694282" />
      <TestMethod codeBase="D:\actions-runner\_work\XPCO\XPCO\Common\VideoOS.Utilities\VideoOS.Utilities.UnitTests\bin\Debug\net472\VideoOS.Utilities.UnitTests.dll" adapterTypeName="executor://mstestadapter/v2" className="VideoOS.Utilities.UnitTests.Formatting.CharacterTests" name="RemoveInvalidXMLChars_Text_SameResult" />
    </UnitTest>
    <UnitTest name="KilledConnectionFailsWithoutRetry" storage="d:\actions-runner\_work\xpco\xpco\common\videoos.utilities\videoos.utilities.unittests\bin\debug\net472\videoos.utilities.unittests.dll" id="fda94701-b4a5-79c1-309e-46f5c211feb1">
      <TestCategory>
        <TestCategoryItem TestCategory="DatabaseConnection" />
      </TestCategory>
      <Execution id="7514e39b-b920-4cd1-8f7b-477ebb7afbf1" />
      <TestMethod codeBase="D:\actions-runner\_work\XPCO\XPCO\Common\VideoOS.Utilities\VideoOS.Utilities.UnitTests\bin\Debug\net472\VideoOS.Utilities.UnitTests.dll" adapterTypeName="executor://mstestadapter/v2" className="VideoOS.Utilities.UnitTests.Database.DatabaseConnectionTests" name="KilledConnectionFailsWithoutRetry" />
    </UnitTest>
    <UnitTest name="EncryptStringDataTestXmlDocument" storage="d:\actions-runner\_work\xpco\xpco\common\videoos.utilities\videoos.utilities.unittests\bin\debug\net472\videoos.utilities.unittests.dll" id="d27a4924-5023-085a-be43-fd469abc218c">
      <Execution id="ba9ec69c-2ed6-4d35-9e5b-81817cc0f1bd" />
      <TestMethod codeBase="D:\actions-runner\_work\XPCO\XPCO\Common\VideoOS.Utilities\VideoOS.Utilities.UnitTests\bin\Debug\net472\VideoOS.Utilities.UnitTests.dll" adapterTypeName="executor://mstestadapter/v2" className="VideoOS.Utilities.UnitTests.Cryptography.Encryption" name="EncryptStringDataTestXmlDocument" />
    </UnitTest>
    <UnitTest name="ExecuteReaderWithMultipleParameters" storage="d:\actions-runner\_work\xpco\xpco\common\videoos.utilities\videoos.utilities.unittests\bin\debug\net472\videoos.utilities.unittests.dll" id="35a50abb-dc47-c595-8d19-14a2f7138023">
      <TestCategory>
        <TestCategoryItem TestCategory="DatabaseCommand" />
      </TestCategory>
      <Execution id="30ff0b1e-c65a-4077-9af8-736794d5dcb3" />
      <TestMethod codeBase="D:\actions-runner\_work\XPCO\XPCO\Common\VideoOS.Utilities\VideoOS.Utilities.UnitTests\bin\Debug\net472\VideoOS.Utilities.UnitTests.dll" adapterTypeName="executor://mstestadapter/v2" className="VideoOS.Utilities.UnitTests.Database.DatabaseCommandTest" name="ExecuteReaderWithMultipleParameters" />
    </UnitTest>
    <UnitTest name="RGB_ToHSL_ReturnsProperColor_OnMilestoneBlue" storage="d:\actions-runner\_work\xpco\xpco\common\videoos.utilities\videoos.utilities.unittests\bin\debug\net472\videoos.utilities.unittests.dll" id="24926e17-a02a-4047-b4e3-04a156766c48">
      <Execution id="18558905-695f-4cdc-955f-b89bb1699581" />
      <TestMethod codeBase="D:\actions-runner\_work\XPCO\XPCO\Common\VideoOS.Utilities\VideoOS.Utilities.UnitTests\bin\Debug\net472\VideoOS.Utilities.UnitTests.dll" adapterTypeName="executor://mstestadapter/v2" className="VideoOS.Utilities.UnitTests.Colors.ColorConverterTests" name="RGB_ToHSL_ReturnsProperColor_OnMilestoneBlue" />
    </UnitTest>
    <UnitTest name="Constructor_MultipleItems" storage="d:\actions-runner\_work\xpco\xpco\common\videoos.utilities\videoos.utilities.unittests\bin\debug\net472\videoos.utilities.unittests.dll" id="6bb6f038-06a5-a12d-b80e-5d4bb6709312">
      <Execution id="8851d255-da7d-4b01-8ff5-1fcf771988d5" />
      <TestMethod codeBase="D:\actions-runner\_work\XPCO\XPCO\Common\VideoOS.Utilities\VideoOS.Utilities.UnitTests\bin\Debug\net472\VideoOS.Utilities.UnitTests.dll" adapterTypeName="executor://mstestadapter/v2" className="VideoOS.Utilities.UnitTests.Windows.Http.UrlReservationInfoCollectionWrapperTest" name="Constructor_MultipleItems" />
    </UnitTest>
    <UnitTest name="Parse_InvalidData_InvalidPortTest1" storage="d:\actions-runner\_work\xpco\xpco\common\videoos.utilities\videoos.utilities.unittests\bin\debug\net472\videoos.utilities.unittests.dll" id="f1bd97b0-6b78-7a86-f2e6-3fc0ddc07936">
      <Execution id="fc3b9de8-3f23-46d2-90b4-3f875b4f454c" />
      <TestMethod codeBase="D:\actions-runner\_work\XPCO\XPCO\Common\VideoOS.Utilities\VideoOS.Utilities.UnitTests\bin\Debug\net472\VideoOS.Utilities.UnitTests.dll" adapterTypeName="executor://mstestadapter/v2" className="VideoOS.Utilities.UnitTests.Windows.UrlPrefixTest" name="Parse_InvalidData_InvalidPortTest1" />
    </UnitTest>
    <UnitTest name="Parse_InvalidData_InvalidHostTest1" storage="d:\actions-runner\_work\xpco\xpco\common\videoos.utilities\videoos.utilities.unittests\bin\debug\net472\videoos.utilities.unittests.dll" id="4373c99e-3f83-f1f8-6ffe-41af6d8c0142">
      <Execution id="ccb61081-9df6-4efa-b6ab-b8af702fed2b" />
      <TestMethod codeBase="D:\actions-runner\_work\XPCO\XPCO\Common\VideoOS.Utilities\VideoOS.Utilities.UnitTests\bin\Debug\net472\VideoOS.Utilities.UnitTests.dll" adapterTypeName="executor://mstestadapter/v2" className="VideoOS.Utilities.UnitTests.Windows.UrlPrefixTest" name="Parse_InvalidData_InvalidHostTest1" />
    </UnitTest>
    <UnitTest name="DecryptEncryptKey_ShouldWorkWithRoundtrip_WhenPasswordIsEmpty" storage="d:\actions-runner\_work\xpco\xpco\common\videoos.utilities\videoos.utilities.unittests\bin\debug\net472\videoos.utilities.unittests.dll" id="79bf820c-df88-ce37-9503-568241dfb172">
      <Execution id="e4d997b3-a702-44ea-8793-a396d63a5e7f" />
      <TestMethod codeBase="D:\actions-runner\_work\XPCO\XPCO\Common\VideoOS.Utilities\VideoOS.Utilities.UnitTests\bin\Debug\net472\VideoOS.Utilities.UnitTests.dll" adapterTypeName="executor://mstestadapter/v2" className="VideoOS.Utilities.UnitTests.KeyManagement.EncryptionProviderTests" name="DecryptEncryptKey_ShouldWorkWithRoundtrip_WhenPasswordIsEmpty" />
    </UnitTest>
    <UnitTest name="EnforceUrlReservation_NoConflictAccessDeniedTest" storage="d:\actions-runner\_work\xpco\xpco\common\videoos.utilities\videoos.utilities.unittests\bin\debug\net472\videoos.utilities.unittests.dll" id="6167cf0e-2ca8-10aa-73f7-b2bdd77f7e36">
      <Execution id="c98b3eef-fb4d-4f27-8b29-b0df8f7d9d69" />
      <TestMethod codeBase="D:\actions-runner\_work\XPCO\XPCO\Common\VideoOS.Utilities\VideoOS.Utilities.UnitTests\bin\Debug\net472\VideoOS.Utilities.UnitTests.dll" adapterTypeName="executor://mstestadapter/v2" className="VideoOS.Utilities.UnitTests.Windows.Http.HttpSysConfigTest" name="EnforceUrlReservation_NoConflictAccessDeniedTest" />
    </UnitTest>
    <UnitTest name="GetDatabaseName_Success" storage="d:\actions-runner\_work\xpco\xpco\common\videoos.utilities\videoos.utilities.unittests\bin\debug\net472\videoos.utilities.unittests.dll" id="4d95bc9a-0fda-0918-db17-181daa82a179">
      <TestCategory>
        <TestCategoryItem TestCategory="Database" />
      </TestCategory>
      <Execution id="2f5f2524-ff17-4e7e-a619-0836c3dfed11" />
      <TestMethod codeBase="D:\actions-runner\_work\XPCO\XPCO\Common\VideoOS.Utilities\VideoOS.Utilities.UnitTests\bin\Debug\net472\VideoOS.Utilities.UnitTests.dll" adapterTypeName="executor://mstestadapter/v2" className="VideoOS.Utilities.UnitTests.Database.SqlConnectionManagerTests" name="GetDatabaseName_Success" />
    </UnitTest>
    <UnitTest name="ConstructDatabaseConnectionInfo_CloneForMaster_Success" storage="d:\actions-runner\_work\xpco\xpco\common\videoos.utilities\videoos.utilities.unittests\bin\debug\net472\videoos.utilities.unittests.dll" id="eb6713ef-6a60-6fef-f5bb-959c27e27fc5">
      <Execution id="2d790492-4299-495f-b28d-876900fb9289" />
      <TestMethod codeBase="D:\actions-runner\_work\XPCO\XPCO\Common\VideoOS.Utilities\VideoOS.Utilities.UnitTests\bin\Debug\net472\VideoOS.Utilities.UnitTests.dll" adapterTypeName="executor://mstestadapter/v2" className="VideoOS.Utilities.UnitTests.Database.DatabaseConnectionInfoTests" name="ConstructDatabaseConnectionInfo_CloneForMaster_Success" />
    </UnitTest>
    <UnitTest name="CreateLicenseRequest_Throws_WhenCompanyPublicKeyIsEmpty" storage="d:\actions-runner\_work\xpco\xpco\common\videoos.utilities\videoos.utilities.unittests\bin\debug\net472\videoos.utilities.unittests.dll" id="9a5f2d25-e5df-c6ba-3b20-674ddeaf04cd">
      <Execution id="cde821c7-6399-4eb5-8584-5cdb1f89938b" />
      <TestMethod codeBase="D:\actions-runner\_work\XPCO\XPCO\Common\VideoOS.Utilities\VideoOS.Utilities.UnitTests\bin\Debug\net472\VideoOS.Utilities.UnitTests.dll" adapterTypeName="executor://mstestadapter/v2" className="VideoOS.Utilities.UnitTests.Licensing.LicenseFileHelperTests" name="CreateLicenseRequest_Throws_WhenCompanyPublicKeyIsEmpty" />
    </UnitTest>
    <UnitTest name="ShowHelp_OfflineWorkflow__DisplayHtmlHelp_InvokeWithHttpPort80Url" storage="d:\actions-runner\_work\xpco\xpco\common\videoos.utilities\videoos.utilities.unittests\bin\debug\net472\videoos.utilities.unittests.dll" id="49cad1f6-eba2-350a-45e7-7a41f9bcfb57">
      <TestCategory>
        <TestCategoryItem TestCategory="Help" />
      </TestCategory>
      <Execution id="84bc9a6a-0ba9-4fe6-94f6-31249d99aa29" />
      <TestMethod codeBase="D:\actions-runner\_work\XPCO\XPCO\Common\VideoOS.Utilities\VideoOS.Utilities.UnitTests\bin\Debug\net472\VideoOS.Utilities.UnitTests.dll" adapterTypeName="executor://mstestadapter/v2" className="VideoOS.Utilities.UnitTests.Help.HelpManagerTests" name="ShowHelp_OfflineWorkflow__DisplayHtmlHelp_InvokeWithHttpPort80Url" />
    </UnitTest>
    <UnitTest name="FormatByteSizeStringExactULTest5" storage="d:\actions-runner\_work\xpco\xpco\common\videoos.utilities\videoos.utilities.unittests\bin\debug\net472\videoos.utilities.unittests.dll" id="38d1f746-2b57-c1cd-17c2-0ac269ee0e54">
      <Execution id="b60c9d1a-2d39-4db3-8da3-8c7b2291ac04" />
      <TestMethod codeBase="D:\actions-runner\_work\XPCO\XPCO\Common\VideoOS.Utilities\VideoOS.Utilities.UnitTests\bin\Debug\net472\VideoOS.Utilities.UnitTests.dll" adapterTypeName="executor://mstestadapter/v2" className="VideoOS.Utilities.UnitTests.StringFormattingTest" name="FormatByteSizeStringExactULTest5" />
    </UnitTest>
    <UnitTest name="PrettifyInlineXmlStringTest3" storage="d:\actions-runner\_work\xpco\xpco\common\videoos.utilities\videoos.utilities.unittests\bin\debug\net472\videoos.utilities.unittests.dll" id="f8c8bf25-1814-de3b-561e-0b0f8c5b78f7">
      <Execution id="55cb70a6-5206-4cc8-9dc4-5362e54f696f" />
      <TestMethod codeBase="D:\actions-runner\_work\XPCO\XPCO\Common\VideoOS.Utilities\VideoOS.Utilities.UnitTests\bin\Debug\net472\VideoOS.Utilities.UnitTests.dll" adapterTypeName="executor://mstestadapter/v2" className="VideoOS.Utilities.UnitTests.StringFormattingTest" name="PrettifyInlineXmlStringTest3" />
    </UnitTest>
    <UnitTest name="Constructor_ShouldCreateSecureFolder" storage="d:\actions-runner\_work\xpco\xpco\common\videoos.utilities\videoos.utilities.unittests\bin\debug\net472\videoos.utilities.unittests.dll" id="48c8ede3-08d7-325a-e284-aeded3841607">
      <Execution id="93a3a76f-8154-420e-9840-9b47f2cfebdb" />
      <TestMethod codeBase="D:\actions-runner\_work\XPCO\XPCO\Common\VideoOS.Utilities\VideoOS.Utilities.UnitTests\bin\Debug\net472\VideoOS.Utilities.UnitTests.dll" adapterTypeName="executor://mstestadapter/v2" className="VideoOS.Utilities.UnitTests.KeyManagement.FileWritingSessionTests" name="Constructor_ShouldCreateSecureFolder" />
    </UnitTest>
    <UnitTest name="PrettifyInlineXmlStringTest1" storage="d:\actions-runner\_work\xpco\xpco\common\videoos.utilities\videoos.utilities.unittests\bin\debug\net472\videoos.utilities.unittests.dll" id="2f1abd26-fe2d-356b-6e24-a6759c1702e8">
      <Execution id="bdc4fa8a-4555-43da-b84b-5c177ce6b87e" />
      <TestMethod codeBase="D:\actions-runner\_work\XPCO\XPCO\Common\VideoOS.Utilities\VideoOS.Utilities.UnitTests\bin\Debug\net472\VideoOS.Utilities.UnitTests.dll" adapterTypeName="executor://mstestadapter/v2" className="VideoOS.Utilities.UnitTests.StringFormattingTest" name="PrettifyInlineXmlStringTest1" />
    </UnitTest>
    <UnitTest name="FormatByteSizeStringExactULTest8" storage="d:\actions-runner\_work\xpco\xpco\common\videoos.utilities\videoos.utilities.unittests\bin\debug\net472\videoos.utilities.unittests.dll" id="7ea4c52f-c964-05ae-10c5-e89520b6faa5">
      <Execution id="c205a773-0fee-4efc-9193-eef7af094321" />
      <TestMethod codeBase="D:\actions-runner\_work\XPCO\XPCO\Common\VideoOS.Utilities\VideoOS.Utilities.UnitTests\bin\Debug\net472\VideoOS.Utilities.UnitTests.dll" adapterTypeName="executor://mstestadapter/v2" className="VideoOS.Utilities.UnitTests.StringFormattingTest" name="FormatByteSizeStringExactULTest8" />
    </UnitTest>
    <UnitTest name="SecureFolderWithUserAccountAccessGetsCreatedCorrectlyOnlyAdmin" storage="d:\actions-runner\_work\xpco\xpco\common\videoos.utilities\videoos.utilities.unittests\bin\debug\net472\videoos.utilities.unittests.dll" id="1080b5ef-a946-c104-f8d8-18a170135d76">
      <Execution id="2ef4dff8-6c47-4043-9ca9-839cbbcd2ee4" />
      <TestMethod codeBase="D:\actions-runner\_work\XPCO\XPCO\Common\VideoOS.Utilities\VideoOS.Utilities.UnitTests\bin\Debug\net472\VideoOS.Utilities.UnitTests.dll" adapterTypeName="executor://mstestadapter/v2" className="VideoOS.Utilities.UnitTests.Security.SecureFolderTests" name="SecureFolderWithUserAccountAccessGetsCreatedCorrectlyOnlyAdmin" />
    </UnitTest>
    <UnitTest name="EncryptionFactory_Throws_OnCreateAsymmetricForLicense_WithKeysOkAndBlobNull" storage="d:\actions-runner\_work\xpco\xpco\common\videoos.utilities\videoos.utilities.unittests\bin\debug\net472\videoos.utilities.unittests.dll" id="59e40f78-ac27-6d17-266f-c4fd2832271d">
      <Execution id="d96078af-fcd1-4a34-a295-bd6e67033e54" />
      <TestMethod codeBase="D:\actions-runner\_work\XPCO\XPCO\Common\VideoOS.Utilities\VideoOS.Utilities.UnitTests\bin\Debug\net472\VideoOS.Utilities.UnitTests.dll" adapterTypeName="executor://mstestadapter/v2" className="VideoOS.Utilities.UnitTests.Cryptography.RsaCngAsymmetricEncryptionTests" name="EncryptionFactory_Throws_OnCreateAsymmetricForLicense_WithKeysOkAndBlobNull" />
    </UnitTest>
    <UnitTest name="IsValidBase64String_DataDrivenTest (AAA,False)" storage="d:\actions-runner\_work\xpco\xpco\common\videoos.utilities\videoos.utilities.unittests\bin\debug\net472\videoos.utilities.unittests.dll" id="5236636f-f101-4387-1048-021f430cdc7d">
      <Execution id="3eb9206d-3ec3-46ae-9cf6-fd35886506a4" />
      <TestMethod codeBase="D:\actions-runner\_work\XPCO\XPCO\Common\VideoOS.Utilities\VideoOS.Utilities.UnitTests\bin\Debug\net472\VideoOS.Utilities.UnitTests.dll" adapterTypeName="executor://mstestadapter/v2" className="VideoOS.Utilities.UnitTests.Validation.Base64StringValidatorTests" name="IsValidBase64String_DataDrivenTest" />
    </UnitTest>
    <UnitTest name="RemoveInvalidXMLChars_Text_Tab_NotRemoved" storage="d:\actions-runner\_work\xpco\xpco\common\videoos.utilities\videoos.utilities.unittests\bin\debug\net472\videoos.utilities.unittests.dll" id="96119cc5-4c2f-24b7-eb33-7ff9b76c899e">
      <Execution id="782da577-60f6-405e-b693-41f2f832202d" />
      <TestMethod codeBase="D:\actions-runner\_work\XPCO\XPCO\Common\VideoOS.Utilities\VideoOS.Utilities.UnitTests\bin\Debug\net472\VideoOS.Utilities.UnitTests.dll" adapterTypeName="executor://mstestadapter/v2" className="VideoOS.Utilities.UnitTests.Formatting.CharacterTests" name="RemoveInvalidXMLChars_Text_Tab_NotRemoved" />
    </UnitTest>
    <UnitTest name="Constructor_NullUrlAclInfo" storage="d:\actions-runner\_work\xpco\xpco\common\videoos.utilities\videoos.utilities.unittests\bin\debug\net472\videoos.utilities.unittests.dll" id="08489a7b-a612-37ae-e377-5aee70230735">
      <Execution id="c12ca1cf-1c6c-4e50-9c51-1960ebca708c" />
      <TestMethod codeBase="D:\actions-runner\_work\XPCO\XPCO\Common\VideoOS.Utilities\VideoOS.Utilities.UnitTests\bin\Debug\net472\VideoOS.Utilities.UnitTests.dll" adapterTypeName="executor://mstestadapter/v2" className="VideoOS.Utilities.UnitTests.Windows.Http.UrlReservationInfoCollectionWrapperTest" name="Constructor_NullUrlAclInfo" />
    </UnitTest>
    <UnitTest name="ExecuteReaderMultipleResultSetsAsync" storage="d:\actions-runner\_work\xpco\xpco\common\videoos.utilities\videoos.utilities.unittests\bin\debug\net472\videoos.utilities.unittests.dll" id="5f178983-1688-fde2-250e-ccd47c9963d9">
      <TestCategory>
        <TestCategoryItem TestCategory="DatabaseCommand" />
      </TestCategory>
      <Execution id="65227f2d-f4f2-45e9-9b59-2f754928d082" />
      <TestMethod codeBase="D:\actions-runner\_work\XPCO\XPCO\Common\VideoOS.Utilities\VideoOS.Utilities.UnitTests\bin\Debug\net472\VideoOS.Utilities.UnitTests.dll" adapterTypeName="executor://mstestadapter/v2" className="VideoOS.Utilities.UnitTests.Database.DatabaseCommandTest" name="ExecuteReaderMultipleResultSetsAsync" />
    </UnitTest>
    <UnitTest name="Parse_StrongWildcard_Http_WithRelativePathTest_NoTrailingSlash" storage="d:\actions-runner\_work\xpco\xpco\common\videoos.utilities\videoos.utilities.unittests\bin\debug\net472\videoos.utilities.unittests.dll" id="1fd80ead-9458-b2f1-f7f8-4f30eeb7cd1a">
      <Execution id="ee7fcce7-6d50-489f-8ee2-b445901ea641" />
      <TestMethod codeBase="D:\actions-runner\_work\XPCO\XPCO\Common\VideoOS.Utilities\VideoOS.Utilities.UnitTests\bin\Debug\net472\VideoOS.Utilities.UnitTests.dll" adapterTypeName="executor://mstestadapter/v2" className="VideoOS.Utilities.UnitTests.Windows.UrlPrefixTest" name="Parse_StrongWildcard_Http_WithRelativePathTest_NoTrailingSlash" />
    </UnitTest>
    <UnitTest name="DatabaseParametersTest" storage="d:\actions-runner\_work\xpco\xpco\common\videoos.utilities\videoos.utilities.unittests\bin\debug\net472\videoos.utilities.unittests.dll" id="ef5212b0-4020-30a6-8db2-7922698faddd">
      <TestCategory>
        <TestCategoryItem TestCategory="DatabaseCommand" />
      </TestCategory>
      <Execution id="3fbdf591-1be6-41c2-a46b-67e02fa4ac60" />
      <TestMethod codeBase="D:\actions-runner\_work\XPCO\XPCO\Common\VideoOS.Utilities\VideoOS.Utilities.UnitTests\bin\Debug\net472\VideoOS.Utilities.UnitTests.dll" adapterTypeName="executor://mstestadapter/v2" className="VideoOS.Utilities.UnitTests.Database.SqlResourceComponentTest" name="DatabaseParametersTest" />
    </UnitTest>
    <UnitTest name="Parse_InvalidData_NullStringTest" storage="d:\actions-runner\_work\xpco\xpco\common\videoos.utilities\videoos.utilities.unittests\bin\debug\net472\videoos.utilities.unittests.dll" id="f57a2b07-8e8c-9d76-cc0f-8d89bdca0ca4">
      <Execution id="7e2b1a61-8999-48f8-88f8-b1f9f557e7f2" />
      <TestMethod codeBase="D:\actions-runner\_work\XPCO\XPCO\Common\VideoOS.Utilities\VideoOS.Utilities.UnitTests\bin\Debug\net472\VideoOS.Utilities.UnitTests.dll" adapterTypeName="executor://mstestadapter/v2" className="VideoOS.Utilities.UnitTests.Windows.UrlPrefixTest" name="Parse_InvalidData_NullStringTest" />
    </UnitTest>
    <UnitTest name="EventServerSqlConnectionStorage_Constructor_RegistryServiceNull_Throws_ArgumentNullException" storage="d:\actions-runner\_work\xpco\xpco\common\videoos.utilities\videoos.utilities.unittests\bin\debug\net472\videoos.utilities.unittests.dll" id="dbe387cb-3f81-262a-5b42-c9d56349db35">
      <TestCategory>
        <TestCategoryItem TestCategory="Database" />
      </TestCategory>
      <Execution id="231ec97e-a886-467a-80d4-ede55135eacf" />
      <TestMethod codeBase="D:\actions-runner\_work\XPCO\XPCO\Common\VideoOS.Utilities\VideoOS.Utilities.UnitTests\bin\Debug\net472\VideoOS.Utilities.UnitTests.dll" adapterTypeName="executor://mstestadapter/v2" className="VideoOS.Utilities.UnitTests.Database.EventServerSqlConnectionStorageTests" name="EventServerSqlConnectionStorage_Constructor_RegistryServiceNull_Throws_ArgumentNullException" />
    </UnitTest>
    <UnitTest name="ExecuteNonQueryTest" storage="d:\actions-runner\_work\xpco\xpco\common\videoos.utilities\videoos.utilities.unittests\bin\debug\net472\videoos.utilities.unittests.dll" id="4e3f0180-82b2-6414-7968-97eee117cb14">
      <TestCategory>
        <TestCategoryItem TestCategory="DatabaseCommand" />
      </TestCategory>
      <Execution id="5a106835-c458-4d4d-ae1b-924727d672ac" />
      <TestMethod codeBase="D:\actions-runner\_work\XPCO\XPCO\Common\VideoOS.Utilities\VideoOS.Utilities.UnitTests\bin\Debug\net472\VideoOS.Utilities.UnitTests.dll" adapterTypeName="executor://mstestadapter/v2" className="VideoOS.Utilities.UnitTests.Database.SqlResourceComponentTest" name="ExecuteNonQueryTest" />
    </UnitTest>
    <UnitTest name="CanDisposeConnectionMultipleTimes_Success" storage="d:\actions-runner\_work\xpco\xpco\common\videoos.utilities\videoos.utilities.unittests\bin\debug\net472\videoos.utilities.unittests.dll" id="93ba48d0-5204-783e-22e2-0e86f00c3f43">
      <TestCategory>
        <TestCategoryItem TestCategory="DatabaseConnection" />
      </TestCategory>
      <Execution id="bdc21546-adb5-4c7f-9611-e1e3d0498644" />
      <TestMethod codeBase="D:\actions-runner\_work\XPCO\XPCO\Common\VideoOS.Utilities\VideoOS.Utilities.UnitTests\bin\Debug\net472\VideoOS.Utilities.UnitTests.dll" adapterTypeName="executor://mstestadapter/v2" className="VideoOS.Utilities.UnitTests.Database.DatabaseConnectionTests" name="CanDisposeConnectionMultipleTimes_Success" />
    </UnitTest>
    <UnitTest name="DetermineLicenseType_LicenseRequest_ReturnsLicenseTypeRequest" storage="d:\actions-runner\_work\xpco\xpco\common\videoos.utilities\videoos.utilities.unittests\bin\debug\net472\videoos.utilities.unittests.dll" id="3d7d6393-f89e-0e47-6504-4ae48960e5c3">
      <Execution id="9c55a0ac-55af-4640-a153-6c1e79e637c6" />
      <TestMethod codeBase="D:\actions-runner\_work\XPCO\XPCO\Common\VideoOS.Utilities\VideoOS.Utilities.UnitTests\bin\Debug\net472\VideoOS.Utilities.UnitTests.dll" adapterTypeName="executor://mstestadapter/v2" className="VideoOS.Utilities.UnitTests.Licensing.LicenseFileHelperTests" name="DetermineLicenseType_LicenseRequest_ReturnsLicenseTypeRequest" />
    </UnitTest>
    <UnitTest name="Get_Parameter_DatabaseDataReaderIsNull_Success" storage="d:\actions-runner\_work\xpco\xpco\common\videoos.utilities\videoos.utilities.unittests\bin\debug\net472\videoos.utilities.unittests.dll" id="1f464ac7-138a-8fde-bfd4-f47c345bf2dd">
      <TestCategory>
        <TestCategoryItem TestCategory="DatabaseColumnBinder" />
      </TestCategory>
      <Execution id="067574a0-264d-4323-ab45-02c1af82a215" />
      <TestMethod codeBase="D:\actions-runner\_work\XPCO\XPCO\Common\VideoOS.Utilities\VideoOS.Utilities.UnitTests\bin\Debug\net472\VideoOS.Utilities.UnitTests.dll" adapterTypeName="executor://mstestadapter/v2" className="VideoOS.Utilities.UnitTests.Database.DatabaseColumnBinderTests" name="Get_Parameter_DatabaseDataReaderIsNull_Success" />
    </UnitTest>
    <UnitTest name="DecryptKey_ShouldThrow_WhenWrongPasswordCanDecryptKey" storage="d:\actions-runner\_work\xpco\xpco\common\videoos.utilities\videoos.utilities.unittests\bin\debug\net472\videoos.utilities.unittests.dll" id="d7245674-3551-a91c-e5c4-254b0bb05448">
      <Execution id="9938d4fd-ed6c-4e4d-9e30-91c0b4c8327e" />
      <TestMethod codeBase="D:\actions-runner\_work\XPCO\XPCO\Common\VideoOS.Utilities\VideoOS.Utilities.UnitTests\bin\Debug\net472\VideoOS.Utilities.UnitTests.dll" adapterTypeName="executor://mstestadapter/v2" className="VideoOS.Utilities.UnitTests.KeyManagement.EncryptionProviderTests" name="DecryptKey_ShouldThrow_WhenWrongPasswordCanDecryptKey" />
    </UnitTest>
    <UnitTest name="Constructor_InitializationFailsTest" storage="d:\actions-runner\_work\xpco\xpco\common\videoos.utilities\videoos.utilities.unittests\bin\debug\net472\videoos.utilities.unittests.dll" id="b4b05ce7-4492-0a8c-3b8e-075a53088e13">
      <Execution id="6edd9e8d-a0f4-4395-a6e4-3ae638765468" />
      <TestMethod codeBase="D:\actions-runner\_work\XPCO\XPCO\Common\VideoOS.Utilities\VideoOS.Utilities.UnitTests\bin\Debug\net472\VideoOS.Utilities.UnitTests.dll" adapterTypeName="executor://mstestadapter/v2" className="VideoOS.Utilities.UnitTests.Windows.Http.HttpSysConfigTest" name="Constructor_InitializationFailsTest" />
    </UnitTest>
    <UnitTest name="ShowHelp_OfflineWorkflow__DisplayHtmlHelp_InvokeWithRelativeFileUrl" storage="d:\actions-runner\_work\xpco\xpco\common\videoos.utilities\videoos.utilities.unittests\bin\debug\net472\videoos.utilities.unittests.dll" id="898e0cba-2f16-a9cb-7ec3-2f912910e7dc">
      <TestCategory>
        <TestCategoryItem TestCategory="Help" />
      </TestCategory>
      <Execution id="e9d6d797-1e56-4452-a8a0-c859f0c1ee1d" />
      <TestMethod codeBase="D:\actions-runner\_work\XPCO\XPCO\Common\VideoOS.Utilities\VideoOS.Utilities.UnitTests\bin\Debug\net472\VideoOS.Utilities.UnitTests.dll" adapterTypeName="executor://mstestadapter/v2" className="VideoOS.Utilities.UnitTests.Help.HelpManagerTests" name="ShowHelp_OfflineWorkflow__DisplayHtmlHelp_InvokeWithRelativeFileUrl" />
    </UnitTest>
    <UnitTest name="Set_From_Run_Task_Generic" storage="d:\actions-runner\_work\xpco\xpco\common\videoos.utilities\videoos.utilities.unittests\bin\debug\net472\videoos.utilities.unittests.dll" id="36fe7898-eb5f-712d-8973-bbdeb7d95415">
      <Execution id="5f6a4786-910a-4e05-ab44-75fa9e186fe2" />
      <TestMethod codeBase="D:\actions-runner\_work\XPCO\XPCO\Common\VideoOS.Utilities\VideoOS.Utilities.UnitTests\bin\Debug\net472\VideoOS.Utilities.UnitTests.dll" adapterTypeName="executor://mstestadapter/v2" className="VideoOS.Utilities.UnitTests.Threading.TaskExtensionTest" name="Set_From_Run_Task_Generic" />
    </UnitTest>
    <UnitTest name="ChangePassword_ShouldNotUpdateKey_WhenPasswordFileIsInaccessible" storage="d:\actions-runner\_work\xpco\xpco\common\videoos.utilities\videoos.utilities.unittests\bin\debug\net472\videoos.utilities.unittests.dll" id="7b0ff6f9-12f6-78a0-6d49-91c774d22925">
      <Execution id="62feaab6-0444-44c9-98d4-b4cf4a0c7ed2" />
      <TestMethod codeBase="D:\actions-runner\_work\XPCO\XPCO\Common\VideoOS.Utilities\VideoOS.Utilities.UnitTests\bin\Debug\net472\VideoOS.Utilities.UnitTests.dll" adapterTypeName="executor://mstestadapter/v2" className="VideoOS.Utilities.UnitTests.KeyManagement.KeyManagerTests" name="ChangePassword_ShouldNotUpdateKey_WhenPasswordFileIsInaccessible" />
    </UnitTest>
    <UnitTest name="FormatByteSizeStringExactTest7" storage="d:\actions-runner\_work\xpco\xpco\common\videoos.utilities\videoos.utilities.unittests\bin\debug\net472\videoos.utilities.unittests.dll" id="3b43752d-a556-b0b9-8a62-50f89aa27699">
      <Execution id="130c7a95-7ec2-4d8a-85a4-01c2368cc510" />
      <TestMethod codeBase="D:\actions-runner\_work\XPCO\XPCO\Common\VideoOS.Utilities\VideoOS.Utilities.UnitTests\bin\Debug\net472\VideoOS.Utilities.UnitTests.dll" adapterTypeName="executor://mstestadapter/v2" className="VideoOS.Utilities.UnitTests.StringFormattingTest" name="FormatByteSizeStringExactTest7" />
    </UnitTest>
    <UnitTest name="EncryptionFactory_Throws_OnCreateAsymmetricWithKeysNullPaddingAndBlobNotNull" storage="d:\actions-runner\_work\xpco\xpco\common\videoos.utilities\videoos.utilities.unittests\bin\debug\net472\videoos.utilities.unittests.dll" id="1b538ca9-c94c-0790-db61-f82e581895c1">
      <Execution id="070b2b8e-7a74-493f-82f6-61289b49d3ef" />
      <TestMethod codeBase="D:\actions-runner\_work\XPCO\XPCO\Common\VideoOS.Utilities\VideoOS.Utilities.UnitTests\bin\Debug\net472\VideoOS.Utilities.UnitTests.dll" adapterTypeName="executor://mstestadapter/v2" className="VideoOS.Utilities.UnitTests.Cryptography.RsaCngAsymmetricEncryptionTests" name="EncryptionFactory_Throws_OnCreateAsymmetricWithKeysNullPaddingAndBlobNotNull" />
    </UnitTest>
    <UnitTest name="CreateLicenseRequest_Throws_WhenSitePublicKeyIsNull" storage="d:\actions-runner\_work\xpco\xpco\common\videoos.utilities\videoos.utilities.unittests\bin\debug\net472\videoos.utilities.unittests.dll" id="466163d3-29ae-7c38-7842-5f2cc2050a74">
      <Execution id="a1e7f4f2-b1b5-4424-90bb-ad04919e5725" />
      <TestMethod codeBase="D:\actions-runner\_work\XPCO\XPCO\Common\VideoOS.Utilities\VideoOS.Utilities.UnitTests\bin\Debug\net472\VideoOS.Utilities.UnitTests.dll" adapterTypeName="executor://mstestadapter/v2" className="VideoOS.Utilities.UnitTests.Licensing.LicenseFileHelperTests" name="CreateLicenseRequest_Throws_WhenSitePublicKeyIsNull" />
    </UnitTest>
    <UnitTest name="Encode_WhenDataIsNull_Exception" storage="d:\actions-runner\_work\xpco\xpco\common\videoos.utilities\videoos.utilities.unittests\bin\debug\net472\videoos.utilities.unittests.dll" id="d982fa03-1651-7dd0-09f2-cee6e3c387f8">
      <Execution id="da630db5-3545-4b06-b29b-e897bc3bf441" />
      <TestMethod codeBase="D:\actions-runner\_work\XPCO\XPCO\Common\VideoOS.Utilities\VideoOS.Utilities.UnitTests\bin\Debug\net472\VideoOS.Utilities.UnitTests.dll" adapterTypeName="executor://mstestadapter/v2" className="VideoOS.Utilities.UnitTests.Formatting.Base64EncoderTest" name="Encode_WhenDataIsNull_Exception" />
    </UnitTest>
    <UnitTest name="HSL_ToRGB_ReturnsProperColor_OnMilestoneBlue" storage="d:\actions-runner\_work\xpco\xpco\common\videoos.utilities\videoos.utilities.unittests\bin\debug\net472\videoos.utilities.unittests.dll" id="05ad9f73-0dc9-9009-a233-ac97a06cdea9">
      <Execution id="d279234a-aec1-4235-8e8b-987e45af4ebc" />
      <TestMethod codeBase="D:\actions-runner\_work\XPCO\XPCO\Common\VideoOS.Utilities\VideoOS.Utilities.UnitTests\bin\Debug\net472\VideoOS.Utilities.UnitTests.dll" adapterTypeName="executor://mstestadapter/v2" className="VideoOS.Utilities.UnitTests.Colors.ColorConverterTests" name="HSL_ToRGB_ReturnsProperColor_OnMilestoneBlue" />
    </UnitTest>
    <UnitTest name="IsValidBase64String_DataDrivenTest (=,False)" storage="d:\actions-runner\_work\xpco\xpco\common\videoos.utilities\videoos.utilities.unittests\bin\debug\net472\videoos.utilities.unittests.dll" id="b1bfcc7e-9f9c-584d-69d0-055c84b7a472">
      <Execution id="35cca146-4bbe-48d8-b7fc-acc4bfce53f7" />
      <TestMethod codeBase="D:\actions-runner\_work\XPCO\XPCO\Common\VideoOS.Utilities\VideoOS.Utilities.UnitTests\bin\Debug\net472\VideoOS.Utilities.UnitTests.dll" adapterTypeName="executor://mstestadapter/v2" className="VideoOS.Utilities.UnitTests.Validation.Base64StringValidatorTests" name="IsValidBase64String_DataDrivenTest" />
    </UnitTest>
    <UnitTest name="EncryptionFactory_KeyInformationIsDifferent_OnDefaultCreateAsymmetricForLicense" storage="d:\actions-runner\_work\xpco\xpco\common\videoos.utilities\videoos.utilities.unittests\bin\debug\net472\videoos.utilities.unittests.dll" id="bc17b61c-cd60-94e8-8c15-436ea8d13b69">
      <Execution id="62a9e11c-e0c5-4428-b018-d346e4b9ad15" />
      <TestMethod codeBase="D:\actions-runner\_work\XPCO\XPCO\Common\VideoOS.Utilities\VideoOS.Utilities.UnitTests\bin\Debug\net472\VideoOS.Utilities.UnitTests.dll" adapterTypeName="executor://mstestadapter/v2" className="VideoOS.Utilities.UnitTests.Cryptography.RsaCngAsymmetricEncryptionTests" name="EncryptionFactory_KeyInformationIsDifferent_OnDefaultCreateAsymmetricForLicense" />
    </UnitTest>
    <UnitTest name="NullCheckHasInformationOnObjectTypeAndCallerAndMayHaveOptionalText" storage="d:\actions-runner\_work\xpco\xpco\common\videoos.utilities\videoos.utilities.unittests\bin\debug\net472\videoos.utilities.unittests.dll" id="b6e0eee9-ccff-1841-5159-192acffe7d54">
      <Execution id="70cc1bd4-ddab-40bc-9253-8038af930652" />
      <TestMethod codeBase="D:\actions-runner\_work\XPCO\XPCO\Common\VideoOS.Utilities\VideoOS.Utilities.UnitTests\bin\Debug\net472\VideoOS.Utilities.UnitTests.dll" adapterTypeName="executor://mstestadapter/v2" className="VideoOS.Utilities.UnitTests.Validation.ValidationTests" name="NullCheckHasInformationOnObjectTypeAndCallerAndMayHaveOptionalText" />
    </UnitTest>
    <UnitTest name="CreateExplicit_WithRelativePathTest" storage="d:\actions-runner\_work\xpco\xpco\common\videoos.utilities\videoos.utilities.unittests\bin\debug\net472\videoos.utilities.unittests.dll" id="3ce70e32-65f4-c9ea-299d-457b4a6f9a94">
      <Execution id="38976a9b-cc4d-405c-be34-90549d0da68a" />
      <TestMethod codeBase="D:\actions-runner\_work\XPCO\XPCO\Common\VideoOS.Utilities\VideoOS.Utilities.UnitTests\bin\Debug\net472\VideoOS.Utilities.UnitTests.dll" adapterTypeName="executor://mstestadapter/v2" className="VideoOS.Utilities.UnitTests.Windows.UrlPrefixTest" name="CreateExplicit_WithRelativePathTest" />
    </UnitTest>
    <UnitTest name="Init_WhenInitialized_RefuseMessageCorrect" storage="d:\actions-runner\_work\xpco\xpco\common\videoos.utilities\videoos.utilities.unittests\bin\debug\net472\videoos.utilities.unittests.dll" id="2e97e08c-ca7b-d885-f415-1eab71811422">
      <Execution id="b0078084-4144-405c-8935-89052505ad14" />
      <TestMethod codeBase="D:\actions-runner\_work\XPCO\XPCO\Common\VideoOS.Utilities\VideoOS.Utilities.UnitTests\bin\Debug\net472\VideoOS.Utilities.UnitTests.dll" adapterTypeName="executor://mstestadapter/v2" className="VideoOS.Utilities.UnitTests.Workflow.InitControlTests" name="Init_WhenInitialized_RefuseMessageCorrect" />
    </UnitTest>
    <UnitTest name="StartWritingSession_ShouldThrowArgumentNullException_WhenAccountNameIsNull" storage="d:\actions-runner\_work\xpco\xpco\common\videoos.utilities\videoos.utilities.unittests\bin\debug\net472\videoos.utilities.unittests.dll" id="a490e7e3-6c82-1670-0095-a769f3bb9318">
      <Execution id="323b9d6a-d067-4150-84c6-d2e0cd65a26f" />
      <TestMethod codeBase="D:\actions-runner\_work\XPCO\XPCO\Common\VideoOS.Utilities\VideoOS.Utilities.UnitTests\bin\Debug\net472\VideoOS.Utilities.UnitTests.dll" adapterTypeName="executor://mstestadapter/v2" className="VideoOS.Utilities.UnitTests.KeyManagement.FilePasswordProviderTests" name="StartWritingSession_ShouldThrowArgumentNullException_WhenAccountNameIsNull" />
    </UnitTest>
    <UnitTest name="RunRetryableActionWhileInTransactionLevel0Fails" storage="d:\actions-runner\_work\xpco\xpco\common\videoos.utilities\videoos.utilities.unittests\bin\debug\net472\videoos.utilities.unittests.dll" id="bbf8c752-4784-ef40-3db3-d74c499ba536">
      <TestCategory>
        <TestCategoryItem TestCategory="DatabaseConnection" />
      </TestCategory>
      <Execution id="acb6a800-3f38-4ca4-8337-3ce117dc6c5a" />
      <TestMethod codeBase="D:\actions-runner\_work\XPCO\XPCO\Common\VideoOS.Utilities\VideoOS.Utilities.UnitTests\bin\Debug\net472\VideoOS.Utilities.UnitTests.dll" adapterTypeName="executor://mstestadapter/v2" className="VideoOS.Utilities.UnitTests.Database.DatabaseConnectionTests" name="RunRetryableActionWhileInTransactionLevel0Fails" />
    </UnitTest>
    <UnitTest name="SetText_127Characters_SetsAll" storage="d:\actions-runner\_work\xpco\xpco\common\videoos.utilities\videoos.utilities.unittests\bin\debug\net472\videoos.utilities.unittests.dll" id="40d53ff8-3a7f-523a-57c0-cd22766755d4">
      <Execution id="4e8c7325-8058-4157-86f3-8e45ffe6d051" />
      <TestMethod codeBase="D:\actions-runner\_work\XPCO\XPCO\Common\VideoOS.Utilities\VideoOS.Utilities.UnitTests\bin\Debug\net472\VideoOS.Utilities.UnitTests.dll" adapterTypeName="executor://mstestadapter/v2" className="VideoOS.Utilities.UnitTests.WinFormsExtensions.NotifyIconExtensionsTests" name="SetText_127Characters_SetsAll" />
    </UnitTest>
    <UnitTest name="Given_daDK_daGL_svAXSupported_When_GettingAvailableLanguages_NativeNamesAreDanskDanmarkDanskGrønlandSvenska" storage="d:\actions-runner\_work\xpco\xpco\common\videoos.utilities\videoos.utilities.unittests\bin\debug\net472\videoos.utilities.unittests.dll" id="2127992f-d432-430c-3767-c76b100ba1ae">
      <Execution id="84c02d70-735d-40eb-9b4a-c43d7a9acd67" />
      <TestMethod codeBase="D:\actions-runner\_work\XPCO\XPCO\Common\VideoOS.Utilities\VideoOS.Utilities.UnitTests\bin\Debug\net472\VideoOS.Utilities.UnitTests.dll" adapterTypeName="executor://mstestadapter/v2" className="VideoOS.Utilities.UnitTests.Globalization.SettingsViewModelTest" name="Given_daDK_daGL_svAXSupported_When_GettingAvailableLanguages_NativeNamesAreDanskDanmarkDanskGrønlandSvenska" />
    </UnitTest>
    <UnitTest name="DecryptAfterEncrypt_ShouldReturnSameStringAsInput" storage="d:\actions-runner\_work\xpco\xpco\common\videoos.utilities\videoos.utilities.unittests\bin\debug\net472\videoos.utilities.unittests.dll" id="51995322-8c00-f766-f088-c76b56aca7e2">
      <Execution id="9b556c10-2b1e-40f6-8e27-41019784b875" />
      <TestMethod codeBase="D:\actions-runner\_work\XPCO\XPCO\Common\VideoOS.Utilities\VideoOS.Utilities.UnitTests\bin\Debug\net472\VideoOS.Utilities.UnitTests.dll" adapterTypeName="executor://mstestadapter/v2" className="VideoOS.Utilities.UnitTests.Cryptography.AesSymmetricEncryptionTests" name="DecryptAfterEncrypt_ShouldReturnSameStringAsInput" />
    </UnitTest>
    <UnitTest name="HashingUtilities_CreateHashString_Success" storage="d:\actions-runner\_work\xpco\xpco\common\videoos.utilities\videoos.utilities.unittests\bin\debug\net472\videoos.utilities.unittests.dll" id="efee3d4a-040f-686a-9a0d-7f9cb65b493f">
      <Execution id="07e985f7-6e40-4601-817a-ff03dd12b5ba" />
      <TestMethod codeBase="D:\actions-runner\_work\XPCO\XPCO\Common\VideoOS.Utilities\VideoOS.Utilities.UnitTests\bin\Debug\net472\VideoOS.Utilities.UnitTests.dll" adapterTypeName="executor://mstestadapter/v2" className="VideoOS.Utilities.UnitTests.Network.HashingUtilitiesTests" name="HashingUtilities_CreateHashString_Success" />
    </UnitTest>
    <UnitTest name="GetContentFromActivatedLicenseFile_ThrowsException_WhenAsymmetricEncryptionIsNull" storage="d:\actions-runner\_work\xpco\xpco\common\videoos.utilities\videoos.utilities.unittests\bin\debug\net472\videoos.utilities.unittests.dll" id="c0102209-d31c-5c79-287d-436f6eaba2e9">
      <Execution id="8de7c955-fb49-4ac8-9a2a-810a2efe863e" />
      <TestMethod codeBase="D:\actions-runner\_work\XPCO\XPCO\Common\VideoOS.Utilities\VideoOS.Utilities.UnitTests\bin\Debug\net472\VideoOS.Utilities.UnitTests.dll" adapterTypeName="executor://mstestadapter/v2" className="VideoOS.Utilities.UnitTests.Licensing.LicenseFileHelperTests" name="GetContentFromActivatedLicenseFile_ThrowsException_WhenAsymmetricEncryptionIsNull" />
    </UnitTest>
    <UnitTest name="TestValidateAddress_ValidAdresses" storage="d:\actions-runner\_work\xpco\xpco\common\videoos.utilities\videoos.utilities.unittests\bin\debug\net472\videoos.utilities.unittests.dll" id="5eba6bf3-2152-e22a-9319-f2055f166c30">
      <Execution id="714d116c-5813-412d-b9e7-d326912c3969" />
      <TestMethod codeBase="D:\actions-runner\_work\XPCO\XPCO\Common\VideoOS.Utilities\VideoOS.Utilities.UnitTests\bin\Debug\net472\VideoOS.Utilities.UnitTests.dll" adapterTypeName="executor://mstestadapter/v2" className="VideoOS.Utilities.UnitTests.Network.IPHelperTests" name="TestValidateAddress_ValidAdresses" />
    </UnitTest>
    <UnitTest name="DatabaseConnectionInfoFromStorage_Constructor_Success" storage="d:\actions-runner\_work\xpco\xpco\common\videoos.utilities\videoos.utilities.unittests\bin\debug\net472\videoos.utilities.unittests.dll" id="44dbb50d-08f2-dffb-ccfd-36bc969d8e29">
      <TestCategory>
        <TestCategoryItem TestCategory="Database" />
      </TestCategory>
      <Execution id="9057d9ba-5039-4726-bb7f-01543fb91510" />
      <TestMethod codeBase="D:\actions-runner\_work\XPCO\XPCO\Common\VideoOS.Utilities\VideoOS.Utilities.UnitTests\bin\Debug\net472\VideoOS.Utilities.UnitTests.dll" adapterTypeName="executor://mstestadapter/v2" className="VideoOS.Utilities.UnitTests.Database.DatabaseConnectionInfoFromStorageTests" name="DatabaseConnectionInfoFromStorage_Constructor_Success" />
    </UnitTest>
    <UnitTest name="GetSqlConnection_IntegratedSecuritySetUsingTrue_Success" storage="d:\actions-runner\_work\xpco\xpco\common\videoos.utilities\videoos.utilities.unittests\bin\debug\net472\videoos.utilities.unittests.dll" id="c2dd9515-b767-f4ba-958d-84c8ff4654b3">
      <TestCategory>
        <TestCategoryItem TestCategory="Database" />
      </TestCategory>
      <Execution id="1d10e475-0ebb-4ea5-8e94-5a82b1b10a61" />
      <TestMethod codeBase="D:\actions-runner\_work\XPCO\XPCO\Common\VideoOS.Utilities\VideoOS.Utilities.UnitTests\bin\Debug\net472\VideoOS.Utilities.UnitTests.dll" adapterTypeName="executor://mstestadapter/v2" className="VideoOS.Utilities.UnitTests.Database.SqlConnectionManagerTests" name="GetSqlConnection_IntegratedSecuritySetUsingTrue_Success" />
    </UnitTest>
    <UnitTest name="SimpleVerifySignatureRSA" storage="d:\actions-runner\_work\xpco\xpco\common\videoos.utilities\videoos.utilities.unittests\bin\debug\net472\videoos.utilities.unittests.dll" id="3083e6f4-31c6-2b3d-a3cf-4efc40ec98d7">
      <Execution id="8e278591-8f06-4557-8c00-49b1e46576c1" />
      <TestMethod codeBase="D:\actions-runner\_work\XPCO\XPCO\Common\VideoOS.Utilities\VideoOS.Utilities.UnitTests\bin\Debug\net472\VideoOS.Utilities.UnitTests.dll" adapterTypeName="executor://mstestadapter/v2" className="VideoOS.Utilities.UnitTests.Cryptography.StringSignatures" name="SimpleVerifySignatureRSA" />
    </UnitTest>
    <UnitTest name="SimpleVerifySignatureDSA" storage="d:\actions-runner\_work\xpco\xpco\common\videoos.utilities\videoos.utilities.unittests\bin\debug\net472\videoos.utilities.unittests.dll" id="f9344ffb-dbd5-e93e-8d3e-a55f9219cc21">
      <Execution id="3e85e131-83a9-4240-a755-5181fb06d932" />
      <TestMethod codeBase="D:\actions-runner\_work\XPCO\XPCO\Common\VideoOS.Utilities\VideoOS.Utilities.UnitTests\bin\Debug\net472\VideoOS.Utilities.UnitTests.dll" adapterTypeName="executor://mstestadapter/v2" className="VideoOS.Utilities.UnitTests.Cryptography.StringSignatures" name="SimpleVerifySignatureDSA" />
    </UnitTest>
    <UnitTest name="GetConnectionExecuteRetryableAsync" storage="d:\actions-runner\_work\xpco\xpco\common\videoos.utilities\videoos.utilities.unittests\bin\debug\net472\videoos.utilities.unittests.dll" id="36877966-316f-b632-0a3d-234e6371a979">
      <TestCategory>
        <TestCategoryItem TestCategory="Database" />
      </TestCategory>
      <Execution id="b7bbc372-6a6f-4df9-a3e1-4951d40f8cbe" />
      <TestMethod codeBase="D:\actions-runner\_work\XPCO\XPCO\Common\VideoOS.Utilities\VideoOS.Utilities.UnitTests\bin\Debug\net472\VideoOS.Utilities.UnitTests.dll" adapterTypeName="executor://mstestadapter/v2" className="VideoOS.Utilities.UnitTests.Database.SqlConnectionManagerTests" name="GetConnectionExecuteRetryableAsync" />
    </UnitTest>
    <UnitTest name="Async_Method_Cancelled_Silently_In_Time" storage="d:\actions-runner\_work\xpco\xpco\common\videoos.utilities\videoos.utilities.unittests\bin\debug\net472\videoos.utilities.unittests.dll" id="57dd1e3a-a56a-e404-e3c0-c58c06b0596f">
      <Execution id="35f41fbd-bbfa-4af6-944f-964706a073b8" />
      <TestMethod codeBase="D:\actions-runner\_work\XPCO\XPCO\Common\VideoOS.Utilities\VideoOS.Utilities.UnitTests\bin\Debug\net472\VideoOS.Utilities.UnitTests.dll" adapterTypeName="executor://mstestadapter/v2" className="VideoOS.Utilities.UnitTests.Threading.TaskExtensionTest" name="Async_Method_Cancelled_Silently_In_Time" />
    </UnitTest>
    <UnitTest name="CreateIPBoundWeakWildcard_IPv4_WithRelativePathTest" storage="d:\actions-runner\_work\xpco\xpco\common\videoos.utilities\videoos.utilities.unittests\bin\debug\net472\videoos.utilities.unittests.dll" id="df6d7b1c-43d9-e887-7f51-aeb45e0f272c">
      <Execution id="ad142da6-d8f3-4245-b91a-de4f2b3b0933" />
      <TestMethod codeBase="D:\actions-runner\_work\XPCO\XPCO\Common\VideoOS.Utilities\VideoOS.Utilities.UnitTests\bin\Debug\net472\VideoOS.Utilities.UnitTests.dll" adapterTypeName="executor://mstestadapter/v2" className="VideoOS.Utilities.UnitTests.Windows.UrlPrefixTest" name="CreateIPBoundWeakWildcard_IPv4_WithRelativePathTest" />
    </UnitTest>
    <UnitTest name="GetSqlConnection_AlternativeUsernameAndPasswordSupplied_Success" storage="d:\actions-runner\_work\xpco\xpco\common\videoos.utilities\videoos.utilities.unittests\bin\debug\net472\videoos.utilities.unittests.dll" id="aafacad2-e4a0-019b-4e91-5e61b0b05500">
      <TestCategory>
        <TestCategoryItem TestCategory="Database" />
      </TestCategory>
      <Execution id="c5f9fb8b-c397-4f6c-9475-4d3c71ebaf2d" />
      <TestMethod codeBase="D:\actions-runner\_work\XPCO\XPCO\Common\VideoOS.Utilities\VideoOS.Utilities.UnitTests\bin\Debug\net472\VideoOS.Utilities.UnitTests.dll" adapterTypeName="executor://mstestadapter/v2" className="VideoOS.Utilities.UnitTests.Database.SqlConnectionManagerTests" name="GetSqlConnection_AlternativeUsernameAndPasswordSupplied_Success" />
    </UnitTest>
    <UnitTest name="Construct_InvalidParameter_SqlConnectionReader_Null_Throws_ArgumentNullException" storage="d:\actions-runner\_work\xpco\xpco\common\videoos.utilities\videoos.utilities.unittests\bin\debug\net472\videoos.utilities.unittests.dll" id="290198e6-9e43-4652-4f5c-0f6d6f1957db">
      <TestCategory>
        <TestCategoryItem TestCategory="Database" />
      </TestCategory>
      <Execution id="6ae1d329-4c13-4b2b-b32d-26bd6da581b1" />
      <TestMethod codeBase="D:\actions-runner\_work\XPCO\XPCO\Common\VideoOS.Utilities\VideoOS.Utilities.UnitTests\bin\Debug\net472\VideoOS.Utilities.UnitTests.dll" adapterTypeName="executor://mstestadapter/v2" className="VideoOS.Utilities.UnitTests.Database.SqlConnectionManagerTests" name="Construct_InvalidParameter_SqlConnectionReader_Null_Throws_ArgumentNullException" />
    </UnitTest>
    <UnitTest name="FormatByteSizeStringTest1" storage="d:\actions-runner\_work\xpco\xpco\common\videoos.utilities\videoos.utilities.unittests\bin\debug\net472\videoos.utilities.unittests.dll" id="c0093cb3-d174-c24c-af87-4058fe1e0e56">
      <Execution id="a1a0ad91-0e5d-4d82-b6c1-154a9ca41d92" />
      <TestMethod codeBase="D:\actions-runner\_work\XPCO\XPCO\Common\VideoOS.Utilities\VideoOS.Utilities.UnitTests\bin\Debug\net472\VideoOS.Utilities.UnitTests.dll" adapterTypeName="executor://mstestadapter/v2" className="VideoOS.Utilities.UnitTests.StringFormattingTest" name="FormatByteSizeStringTest1" />
    </UnitTest>
    <UnitTest name="SignAndVerifyWithPrivateKeyDSA" storage="d:\actions-runner\_work\xpco\xpco\common\videoos.utilities\videoos.utilities.unittests\bin\debug\net472\videoos.utilities.unittests.dll" id="0a6d0473-2289-1d30-fa4b-94d229aa7a8b">
      <Execution id="66dd5fe6-70d8-4799-9af1-f6f7f4e3079f" />
      <TestMethod codeBase="D:\actions-runner\_work\XPCO\XPCO\Common\VideoOS.Utilities\VideoOS.Utilities.UnitTests\bin\Debug\net472\VideoOS.Utilities.UnitTests.dll" adapterTypeName="executor://mstestadapter/v2" className="VideoOS.Utilities.UnitTests.Cryptography.StringSignatures" name="SignAndVerifyWithPrivateKeyDSA" />
    </UnitTest>
    <UnitTest name="CompositeInfoLevel" storage="d:\actions-runner\_work\xpco\xpco\common\videoos.utilities\videoos.utilities.unittests\bin\debug\net472\videoos.utilities.unittests.dll" id="7893a160-1d57-7188-9b94-ba36447ad242">
      <Execution id="bc5a24f2-5970-4796-9e2a-12c414f508bf" />
      <TestMethod codeBase="D:\actions-runner\_work\XPCO\XPCO\Common\VideoOS.Utilities\VideoOS.Utilities.UnitTests\bin\Debug\net472\VideoOS.Utilities.UnitTests.dll" adapterTypeName="executor://mstestadapter/v2" className="VideoOS.Utilities.UnitTests.Diagnostics.Levels" name="CompositeInfoLevel" />
    </UnitTest>
    <UnitTest name="ExecuteScalarAsync" storage="d:\actions-runner\_work\xpco\xpco\common\videoos.utilities\videoos.utilities.unittests\bin\debug\net472\videoos.utilities.unittests.dll" id="6cd5c2e3-097a-d9af-6be7-8207142d750b">
      <TestCategory>
        <TestCategoryItem TestCategory="DatabaseCommand" />
      </TestCategory>
      <Execution id="ff7ee6a9-49af-4c41-acbb-a65f97c75312" />
      <TestMethod codeBase="D:\actions-runner\_work\XPCO\XPCO\Common\VideoOS.Utilities\VideoOS.Utilities.UnitTests\bin\Debug\net472\VideoOS.Utilities.UnitTests.dll" adapterTypeName="executor://mstestadapter/v2" className="VideoOS.Utilities.UnitTests.Database.DatabaseCommandTest" name="ExecuteScalarAsync" />
    </UnitTest>
    <UnitTest name="DatabaseConnectionCanBeSetOnCommandAfterCreation" storage="d:\actions-runner\_work\xpco\xpco\common\videoos.utilities\videoos.utilities.unittests\bin\debug\net472\videoos.utilities.unittests.dll" id="921bbe3f-9b12-880e-5c26-3e0ea6096e5b">
      <TestCategory>
        <TestCategoryItem TestCategory="DatabaseCommand" />
      </TestCategory>
      <Execution id="d53ff483-235f-48cb-95a0-492025563407" />
      <TestMethod codeBase="D:\actions-runner\_work\XPCO\XPCO\Common\VideoOS.Utilities\VideoOS.Utilities.UnitTests\bin\Debug\net472\VideoOS.Utilities.UnitTests.dll" adapterTypeName="executor://mstestadapter/v2" className="VideoOS.Utilities.UnitTests.Database.DatabaseCommandTest" name="DatabaseConnectionCanBeSetOnCommandAfterCreation" />
    </UnitTest>
    <UnitTest name="GetKeyManagementState_PasswordCanDecryptKey" storage="d:\actions-runner\_work\xpco\xpco\common\videoos.utilities\videoos.utilities.unittests\bin\debug\net472\videoos.utilities.unittests.dll" id="503886e1-b7df-d930-e47b-1deea133524b">
      <Execution id="a8c7c470-fc0c-4fc4-8dd1-35149c8e4090" />
      <TestMethod codeBase="D:\actions-runner\_work\XPCO\XPCO\Common\VideoOS.Utilities\VideoOS.Utilities.UnitTests\bin\Debug\net472\VideoOS.Utilities.UnitTests.dll" adapterTypeName="executor://mstestadapter/v2" className="VideoOS.Utilities.UnitTests.KeyManagement.KeyManagerTests" name="GetKeyManagementState_PasswordCanDecryptKey" />
    </UnitTest>
    <UnitTest name="Set_From_Run_Task_Non_Generic" storage="d:\actions-runner\_work\xpco\xpco\common\videoos.utilities\videoos.utilities.unittests\bin\debug\net472\videoos.utilities.unittests.dll" id="988ec47a-4955-b6f4-cf14-58297cdb2760">
      <Execution id="eda1ce57-67b8-4168-a318-aa8ec248e016" />
      <TestMethod codeBase="D:\actions-runner\_work\XPCO\XPCO\Common\VideoOS.Utilities\VideoOS.Utilities.UnitTests\bin\Debug\net472\VideoOS.Utilities.UnitTests.dll" adapterTypeName="executor://mstestadapter/v2" className="VideoOS.Utilities.UnitTests.Threading.TaskExtensionTest" name="Set_From_Run_Task_Non_Generic" />
    </UnitTest>
    <UnitTest name="GetContentFromInitialLicenseFile_WrongPattern_ThrowsException" storage="d:\actions-runner\_work\xpco\xpco\common\videoos.utilities\videoos.utilities.unittests\bin\debug\net472\videoos.utilities.unittests.dll" id="e359eaed-a427-5117-244f-d80dfabb0e0f">
      <Execution id="c5119829-c34b-4618-9fa6-4c9684a96722" />
      <TestMethod codeBase="D:\actions-runner\_work\XPCO\XPCO\Common\VideoOS.Utilities\VideoOS.Utilities.UnitTests\bin\Debug\net472\VideoOS.Utilities.UnitTests.dll" adapterTypeName="executor://mstestadapter/v2" className="VideoOS.Utilities.UnitTests.Licensing.LicenseFileHelperTests" name="GetContentFromInitialLicenseFile_WrongPattern_ThrowsException" />
    </UnitTest>
    <UnitTest name="IsValidBase64String_DataDrivenTest (A==,False)" storage="d:\actions-runner\_work\xpco\xpco\common\videoos.utilities\videoos.utilities.unittests\bin\debug\net472\videoos.utilities.unittests.dll" id="7ee6a8fd-0914-4717-6809-2f2aa589f3cc">
      <Execution id="f630277f-de67-416d-957f-a66afe86b57a" />
      <TestMethod codeBase="D:\actions-runner\_work\XPCO\XPCO\Common\VideoOS.Utilities\VideoOS.Utilities.UnitTests\bin\Debug\net472\VideoOS.Utilities.UnitTests.dll" adapterTypeName="executor://mstestadapter/v2" className="VideoOS.Utilities.UnitTests.Validation.Base64StringValidatorTests" name="IsValidBase64String_DataDrivenTest" />
    </UnitTest>
    <UnitTest name="KilledConnectionCanBeReEstablishedWithCorrectTransactionHandling" storage="d:\actions-runner\_work\xpco\xpco\common\videoos.utilities\videoos.utilities.unittests\bin\debug\net472\videoos.utilities.unittests.dll" id="00cd8ac6-7e8f-faef-bb3f-cd1a5ea8560f">
      <TestCategory>
        <TestCategoryItem TestCategory="DatabaseConnection" />
      </TestCategory>
      <Execution id="6e4e4524-142d-482e-a29a-8cb7c455e7e2" />
      <TestMethod codeBase="D:\actions-runner\_work\XPCO\XPCO\Common\VideoOS.Utilities\VideoOS.Utilities.UnitTests\bin\Debug\net472\VideoOS.Utilities.UnitTests.dll" adapterTypeName="executor://mstestadapter/v2" className="VideoOS.Utilities.UnitTests.Database.DatabaseConnectionTests" name="KilledConnectionCanBeReEstablishedWithCorrectTransactionHandling" />
    </UnitTest>
    <UnitTest name="ReadSslConfigurations_ExceptionThrownTest" storage="d:\actions-runner\_work\xpco\xpco\common\videoos.utilities\videoos.utilities.unittests\bin\debug\net472\videoos.utilities.unittests.dll" id="ea5cb3a6-13ca-c077-cd8f-0dba821b3094">
      <Execution id="07394a83-eb1b-475c-b614-1ac305b6c9e6" />
      <TestMethod codeBase="D:\actions-runner\_work\XPCO\XPCO\Common\VideoOS.Utilities\VideoOS.Utilities.UnitTests\bin\Debug\net472\VideoOS.Utilities.UnitTests.dll" adapterTypeName="executor://mstestadapter/v2" className="VideoOS.Utilities.UnitTests.Windows.Http.HttpSysConfigTest" name="ReadSslConfigurations_ExceptionThrownTest" />
    </UnitTest>
    <UnitTest name="PasswordEqualToUserName" storage="d:\actions-runner\_work\xpco\xpco\common\videoos.utilities\videoos.utilities.unittests\bin\debug\net472\videoos.utilities.unittests.dll" id="7bef3f2e-3174-f256-d81f-c6c6f2c6d912">
      <Execution id="fbd5ef9b-70d3-496b-98fc-e3c56956b6d0" />
      <TestMethod codeBase="D:\actions-runner\_work\XPCO\XPCO\Common\VideoOS.Utilities\VideoOS.Utilities.UnitTests\bin\Debug\net472\VideoOS.Utilities.UnitTests.dll" adapterTypeName="executor://mstestadapter/v2" className="VideoOS.Common.EnvironmentServices.UnitTests.Security.PasswordTests" name="PasswordEqualToUserName" />
    </UnitTest>
    <UnitTest name="Sync_And_Add" storage="d:\actions-runner\_work\xpco\xpco\common\videoos.utilities\videoos.utilities.unittests\bin\debug\net472\videoos.utilities.unittests.dll" id="068bb2c8-661a-10ed-a30c-7de3cde0c6e9">
      <Execution id="43d4b519-aee5-4ba6-8cf8-eed207176aa5" />
      <TestMethod codeBase="D:\actions-runner\_work\XPCO\XPCO\Common\VideoOS.Utilities\VideoOS.Utilities.UnitTests\bin\Debug\net472\VideoOS.Utilities.UnitTests.dll" adapterTypeName="executor://mstestadapter/v2" className="VideoOS.Utilities.UnitTests.Collections.SynchronizedListTest" name="Sync_And_Add" />
    </UnitTest>
    <UnitTest name="ForceUpdate_ReturnsUpdateTrue_WhenConditionsNotChanged" storage="d:\actions-runner\_work\xpco\xpco\common\videoos.utilities\videoos.utilities.unittests\bin\debug\net472\videoos.utilities.unittests.dll" id="90280cc0-709a-6c6d-8bb6-ae7ecee93410">
      <TestCategory>
        <TestCategoryItem TestCategory="UI.Facilitators" />
      </TestCategory>
      <Execution id="a27fb400-5aec-4bd9-ab1a-62da4b0080ec" />
      <TestMethod codeBase="D:\actions-runner\_work\XPCO\XPCO\Common\VideoOS.Utilities\VideoOS.Utilities.UnitTests\bin\Debug\net472\VideoOS.Utilities.UnitTests.dll" adapterTypeName="executor://mstestadapter/v2" className="VideoOS.Utilities.UnitTests.Workflow.CompareItemsUpdateStrategyTests" name="ForceUpdate_ReturnsUpdateTrue_WhenConditionsNotChanged" />
    </UnitTest>
    <UnitTest name="Integration_ReadSslConfigurationsTest" storage="d:\actions-runner\_work\xpco\xpco\common\videoos.utilities\videoos.utilities.unittests\bin\debug\net472\videoos.utilities.unittests.dll" id="1f72ae76-a2d4-09ee-f4d8-0ec9ccf3a352">
      <Execution id="3f63dc84-f25c-4d1a-ace1-ad3cc66a3f8c" />
      <TestMethod codeBase="D:\actions-runner\_work\XPCO\XPCO\Common\VideoOS.Utilities\VideoOS.Utilities.UnitTests\bin\Debug\net472\VideoOS.Utilities.UnitTests.dll" adapterTypeName="executor://mstestadapter/v2" className="VideoOS.Utilities.UnitTests.Windows.Http.HttpSysConfigTest" name="Integration_ReadSslConfigurationsTest" />
    </UnitTest>
    <UnitTest name="Constructor_ShouldThrow_WhenAccountNameIsNull" storage="d:\actions-runner\_work\xpco\xpco\common\videoos.utilities\videoos.utilities.unittests\bin\debug\net472\videoos.utilities.unittests.dll" id="add06bf3-fab0-7e2a-a2d1-570d03c1137c">
      <Execution id="00fb4a5f-807d-4cfc-831c-1437e4a118e0" />
      <TestMethod codeBase="D:\actions-runner\_work\XPCO\XPCO\Common\VideoOS.Utilities\VideoOS.Utilities.UnitTests\bin\Debug\net472\VideoOS.Utilities.UnitTests.dll" adapterTypeName="executor://mstestadapter/v2" className="VideoOS.Utilities.UnitTests.KeyManagement.FileWritingSessionTests" name="Constructor_ShouldThrow_WhenAccountNameIsNull" />
    </UnitTest>
    <UnitTest name="FormatByteSizeStringTest7" storage="d:\actions-runner\_work\xpco\xpco\common\videoos.utilities\videoos.utilities.unittests\bin\debug\net472\videoos.utilities.unittests.dll" id="f2c20958-f694-3d5b-0c20-5f911891a062">
      <Execution id="e797e40a-cddf-46d7-82bb-219957793422" />
      <TestMethod codeBase="D:\actions-runner\_work\XPCO\XPCO\Common\VideoOS.Utilities\VideoOS.Utilities.UnitTests\bin\Debug\net472\VideoOS.Utilities.UnitTests.dll" adapterTypeName="executor://mstestadapter/v2" className="VideoOS.Utilities.UnitTests.StringFormattingTest" name="FormatByteSizeStringTest7" />
    </UnitTest>
    <UnitTest name="FormatByteSizeStringTest20" storage="d:\actions-runner\_work\xpco\xpco\common\videoos.utilities\videoos.utilities.unittests\bin\debug\net472\videoos.utilities.unittests.dll" id="54c9babb-7344-6611-91d4-2e6ce9100844">
      <Execution id="f6179a08-f9ff-469d-ab28-dae636ae73f7" />
      <TestMethod codeBase="D:\actions-runner\_work\XPCO\XPCO\Common\VideoOS.Utilities\VideoOS.Utilities.UnitTests\bin\Debug\net472\VideoOS.Utilities.UnitTests.dll" adapterTypeName="executor://mstestadapter/v2" className="VideoOS.Utilities.UnitTests.StringFormattingTest" name="FormatByteSizeStringTest20" />
    </UnitTest>
    <UnitTest name="ConstructDatabaseConnectionInfo_AuthenticationTypeFromConnectionString_Success" storage="d:\actions-runner\_work\xpco\xpco\common\videoos.utilities\videoos.utilities.unittests\bin\debug\net472\videoos.utilities.unittests.dll" id="e9766c79-9236-08e6-5284-2828780a17e2">
      <Execution id="c8a2ef3e-9dea-4b96-9f28-0a6eedb9b3ba" />
      <TestMethod codeBase="D:\actions-runner\_work\XPCO\XPCO\Common\VideoOS.Utilities\VideoOS.Utilities.UnitTests\bin\Debug\net472\VideoOS.Utilities.UnitTests.dll" adapterTypeName="executor://mstestadapter/v2" className="VideoOS.Utilities.UnitTests.Database.DatabaseConnectionInfoTests" name="ConstructDatabaseConnectionInfo_AuthenticationTypeFromConnectionString_Success" />
    </UnitTest>
    <UnitTest name="ExportImportKeysAndDecrypt" storage="d:\actions-runner\_work\xpco\xpco\common\videoos.utilities\videoos.utilities.unittests\bin\debug\net472\videoos.utilities.unittests.dll" id="bc9f7a9f-c2f9-662c-88d8-25167e8477ca">
      <Execution id="c25f1de5-c21f-4a1b-a6b6-8d7878e3a1cc" />
      <TestMethod codeBase="D:\actions-runner\_work\XPCO\XPCO\Common\VideoOS.Utilities\VideoOS.Utilities.UnitTests\bin\Debug\net472\VideoOS.Utilities.UnitTests.dll" adapterTypeName="executor://mstestadapter/v2" className="VideoOS.Utilities.UnitTests.Cryptography.Encryption" name="ExportImportKeysAndDecrypt" />
    </UnitTest>
    <UnitTest name="FormatByteSizeStringTest6" storage="d:\actions-runner\_work\xpco\xpco\common\videoos.utilities\videoos.utilities.unittests\bin\debug\net472\videoos.utilities.unittests.dll" id="df428e74-abbd-9d65-2a41-bac9bd58b6db">
      <Execution id="24b3e51b-2951-42ff-b92c-15350145cbcb" />
      <TestMethod codeBase="D:\actions-runner\_work\XPCO\XPCO\Common\VideoOS.Utilities\VideoOS.Utilities.UnitTests\bin\Debug\net472\VideoOS.Utilities.UnitTests.dll" adapterTypeName="executor://mstestadapter/v2" className="VideoOS.Utilities.UnitTests.StringFormattingTest" name="FormatByteSizeStringTest6" />
    </UnitTest>
    <UnitTest name="ExecuteReaderWithTaskFactory" storage="d:\actions-runner\_work\xpco\xpco\common\videoos.utilities\videoos.utilities.unittests\bin\debug\net472\videoos.utilities.unittests.dll" id="feade2f2-c9fd-971a-67c4-c7ca175b076d">
      <TestCategory>
        <TestCategoryItem TestCategory="DatabaseCommand" />
      </TestCategory>
      <Execution id="2025e4cf-4237-44c0-b8eb-93969674516d" />
      <TestMethod codeBase="D:\actions-runner\_work\XPCO\XPCO\Common\VideoOS.Utilities\VideoOS.Utilities.UnitTests\bin\Debug\net472\VideoOS.Utilities.UnitTests.dll" adapterTypeName="executor://mstestadapter/v2" className="VideoOS.Utilities.UnitTests.Database.DatabaseCommandTest" name="ExecuteReaderWithTaskFactory" />
    </UnitTest>
    <UnitTest name="RemoveInvalidXMLChars_Text_Enter_NotRemoved" storage="d:\actions-runner\_work\xpco\xpco\common\videoos.utilities\videoos.utilities.unittests\bin\debug\net472\videoos.utilities.unittests.dll" id="7684af58-6d63-c0de-5c50-916e22c49de3">
      <Execution id="d6d4afa4-c632-4682-9243-d2df12b3fe59" />
      <TestMethod codeBase="D:\actions-runner\_work\XPCO\XPCO\Common\VideoOS.Utilities\VideoOS.Utilities.UnitTests\bin\Debug\net472\VideoOS.Utilities.UnitTests.dll" adapterTypeName="executor://mstestadapter/v2" className="VideoOS.Utilities.UnitTests.Formatting.CharacterTests" name="RemoveInvalidXMLChars_Text_Enter_NotRemoved" />
    </UnitTest>
    <UnitTest name="FormatByteSizeStringTest14" storage="d:\actions-runner\_work\xpco\xpco\common\videoos.utilities\videoos.utilities.unittests\bin\debug\net472\videoos.utilities.unittests.dll" id="5e3832c7-abea-16d1-6aa8-af2a53c4b602">
      <Execution id="bad26871-5ba8-4b27-8591-a1b87a2c428c" />
      <TestMethod codeBase="D:\actions-runner\_work\XPCO\XPCO\Common\VideoOS.Utilities\VideoOS.Utilities.UnitTests\bin\Debug\net472\VideoOS.Utilities.UnitTests.dll" adapterTypeName="executor://mstestadapter/v2" className="VideoOS.Utilities.UnitTests.StringFormattingTest" name="FormatByteSizeStringTest14" />
    </UnitTest>
    <UnitTest name="TestLoadOf2DifferentResources" storage="d:\actions-runner\_work\xpco\xpco\common\videoos.utilities\videoos.utilities.unittests\bin\debug\net472\videoos.utilities.unittests.dll" id="ea5f9d0a-a52f-9a24-e46b-3856d2f10f55">
      <Execution id="dfe7a148-b0a4-472b-a28a-f6170df9f85a" />
      <TestMethod codeBase="D:\actions-runner\_work\XPCO\XPCO\Common\VideoOS.Utilities\VideoOS.Utilities.UnitTests\bin\Debug\net472\VideoOS.Utilities.UnitTests.dll" adapterTypeName="executor://mstestadapter/v2" className="VideoOS.Utilities.UnitTests.OemResource.OemResourcePackageTest" name="TestLoadOf2DifferentResources" />
    </UnitTest>
    <UnitTest name="ImportAndExportConfigurationWithoutIV" storage="d:\actions-runner\_work\xpco\xpco\common\videoos.utilities\videoos.utilities.unittests\bin\debug\net472\videoos.utilities.unittests.dll" id="283fd4b2-e50d-4660-e957-612a080e8dde">
      <Execution id="3587a195-dd73-4504-aa3a-606943b18dc8" />
      <TestMethod codeBase="D:\actions-runner\_work\XPCO\XPCO\Common\VideoOS.Utilities\VideoOS.Utilities.UnitTests\bin\Debug\net472\VideoOS.Utilities.UnitTests.dll" adapterTypeName="executor://mstestadapter/v2" className="VideoOS.Utilities.UnitTests.Cryptography.Encryption" name="ImportAndExportConfigurationWithoutIV" />
    </UnitTest>
    <UnitTest name="DatabaseConnectionInfoConfigurator_Write_UpdateRegistry_UnauthorizedAccessException" storage="d:\actions-runner\_work\xpco\xpco\common\videoos.utilities\videoos.utilities.unittests\bin\debug\net472\videoos.utilities.unittests.dll" id="f43ec50a-fe4e-bc05-8238-dad9d20ec786">
      <TestCategory>
        <TestCategoryItem TestCategory="Database" />
      </TestCategory>
      <Execution id="3f5c0ab3-1bd9-4be5-9621-a58397b86b26" />
      <TestMethod codeBase="D:\actions-runner\_work\XPCO\XPCO\Common\VideoOS.Utilities\VideoOS.Utilities.UnitTests\bin\Debug\net472\VideoOS.Utilities.UnitTests.dll" adapterTypeName="executor://mstestadapter/v2" className="VideoOS.Utilities.UnitTests.Database.DatabaseConnectionInfoConfiguratorTests" name="DatabaseConnectionInfoConfigurator_Write_UpdateRegistry_UnauthorizedAccessException" />
    </UnitTest>
    <UnitTest name="EncryptionFactory_Throws_OnCreateAsymmetricWithCngKeyNull" storage="d:\actions-runner\_work\xpco\xpco\common\videoos.utilities\videoos.utilities.unittests\bin\debug\net472\videoos.utilities.unittests.dll" id="129fff76-ad58-2c3d-2b6e-d7a98a15da71">
      <Execution id="9f1bd338-1310-401b-b066-74084c0961c3" />
      <TestMethod codeBase="D:\actions-runner\_work\XPCO\XPCO\Common\VideoOS.Utilities\VideoOS.Utilities.UnitTests\bin\Debug\net472\VideoOS.Utilities.UnitTests.dll" adapterTypeName="executor://mstestadapter/v2" className="VideoOS.Utilities.UnitTests.Cryptography.RsaCngAsymmetricEncryptionTests" name="EncryptionFactory_Throws_OnCreateAsymmetricWithCngKeyNull" />
    </UnitTest>
    <UnitTest name="KilledConnectionReEstablishedWithRetry" storage="d:\actions-runner\_work\xpco\xpco\common\videoos.utilities\videoos.utilities.unittests\bin\debug\net472\videoos.utilities.unittests.dll" id="7203a035-7bbe-0364-9105-54b3de255c94">
      <TestCategory>
        <TestCategoryItem TestCategory="DatabaseConnection" />
      </TestCategory>
      <Execution id="e5f939bd-9e2d-4097-913a-ca93a65f9288" />
      <TestMethod codeBase="D:\actions-runner\_work\XPCO\XPCO\Common\VideoOS.Utilities\VideoOS.Utilities.UnitTests\bin\Debug\net472\VideoOS.Utilities.UnitTests.dll" adapterTypeName="executor://mstestadapter/v2" className="VideoOS.Utilities.UnitTests.Database.DatabaseConnectionTests" name="KilledConnectionReEstablishedWithRetry" />
    </UnitTest>
    <UnitTest name="GenerateKey_LenghtIsValid" storage="d:\actions-runner\_work\xpco\xpco\common\videoos.utilities\videoos.utilities.unittests\bin\debug\net472\videoos.utilities.unittests.dll" id="b5d362df-a389-42fa-9e5b-f44d2b7d39a0">
      <Execution id="b71a8ccd-9fe6-46fd-ba0b-6de73a54e1c4" />
      <TestMethod codeBase="D:\actions-runner\_work\XPCO\XPCO\Common\VideoOS.Utilities\VideoOS.Utilities.UnitTests\bin\Debug\net472\VideoOS.Utilities.UnitTests.dll" adapterTypeName="executor://mstestadapter/v2" className="VideoOS.Utilities.UnitTests.Cryptography.AesSymmetricEncryptionTests" name="GenerateKey_LenghtIsValid" />
    </UnitTest>
    <UnitTest name="FormatTimeSpanStringTest9" storage="d:\actions-runner\_work\xpco\xpco\common\videoos.utilities\videoos.utilities.unittests\bin\debug\net472\videoos.utilities.unittests.dll" id="1d9d4c3f-8766-cca4-ae47-524a321d0ee5">
      <Execution id="42b54a01-0a8f-4d3f-bcb4-eb10c8e5124b" />
      <TestMethod codeBase="D:\actions-runner\_work\XPCO\XPCO\Common\VideoOS.Utilities\VideoOS.Utilities.UnitTests\bin\Debug\net472\VideoOS.Utilities.UnitTests.dll" adapterTypeName="executor://mstestadapter/v2" className="VideoOS.Utilities.UnitTests.StringFormattingTest" name="FormatTimeSpanStringTest9" />
    </UnitTest>
    <UnitTest name="FormatByteSizeStringExactULTest7" storage="d:\actions-runner\_work\xpco\xpco\common\videoos.utilities\videoos.utilities.unittests\bin\debug\net472\videoos.utilities.unittests.dll" id="1f84f103-72d5-a9f7-0d4c-3d44d2310bb9">
      <Execution id="12cbd20f-044b-49aa-bae4-cd99b31d3e8d" />
      <TestMethod codeBase="D:\actions-runner\_work\XPCO\XPCO\Common\VideoOS.Utilities\VideoOS.Utilities.UnitTests\bin\Debug\net472\VideoOS.Utilities.UnitTests.dll" adapterTypeName="executor://mstestadapter/v2" className="VideoOS.Utilities.UnitTests.StringFormattingTest" name="FormatByteSizeStringExactULTest7" />
    </UnitTest>
    <UnitTest name="Init_WhenInitialized_Refuse" storage="d:\actions-runner\_work\xpco\xpco\common\videoos.utilities\videoos.utilities.unittests\bin\debug\net472\videoos.utilities.unittests.dll" id="8a4e895b-3fab-3c43-fe91-30e3dc726416">
      <Execution id="0ff332d8-1349-4a07-af07-4851616a5dd1" />
      <TestMethod codeBase="D:\actions-runner\_work\XPCO\XPCO\Common\VideoOS.Utilities\VideoOS.Utilities.UnitTests\bin\Debug\net472\VideoOS.Utilities.UnitTests.dll" adapterTypeName="executor://mstestadapter/v2" className="VideoOS.Utilities.UnitTests.Workflow.InitControlTests" name="Init_WhenInitialized_Refuse" />
    </UnitTest>
    <UnitTest name="Given_AGoodPassword_When_Validating_AnEmptyStringIsReturned" storage="d:\actions-runner\_work\xpco\xpco\common\videoos.utilities\videoos.utilities.unittests\bin\debug\net472\videoos.utilities.unittests.dll" id="e56368fb-eec8-2178-32fc-f424cf4878e0">
      <Execution id="5d09561b-2576-464c-8920-06a63c6a91e2" />
      <TestMethod codeBase="D:\actions-runner\_work\XPCO\XPCO\Common\VideoOS.Utilities\VideoOS.Utilities.UnitTests\bin\Debug\net472\VideoOS.Utilities.UnitTests.dll" adapterTypeName="executor://mstestadapter/v2" className="VideoOS.Common.EnvironmentServices.UnitTests.Security.PasswordValidatorTest" name="Given_AGoodPassword_When_Validating_AnEmptyStringIsReturned" />
    </UnitTest>
    <UnitTest name="InvalidAccountResultsInFileAccessControlException" storage="d:\actions-runner\_work\xpco\xpco\common\videoos.utilities\videoos.utilities.unittests\bin\debug\net472\videoos.utilities.unittests.dll" id="d5973ae0-1a5a-58c1-956c-6fab15082446">
      <Execution id="972b85de-2ab9-49d3-8007-4842557798ae" />
      <TestMethod codeBase="D:\actions-runner\_work\XPCO\XPCO\Common\VideoOS.Utilities\VideoOS.Utilities.UnitTests\bin\Debug\net472\VideoOS.Utilities.UnitTests.dll" adapterTypeName="executor://mstestadapter/v2" className="VideoOS.Utilities.UnitTests.Security.SecureFolderTests" name="InvalidAccountResultsInFileAccessControlException" />
    </UnitTest>
    <UnitTest name="ReadUrlReservationInfo_SunnyDayTest" storage="d:\actions-runner\_work\xpco\xpco\common\videoos.utilities\videoos.utilities.unittests\bin\debug\net472\videoos.utilities.unittests.dll" id="9e77f6c7-c407-ae67-2194-60a57c0d0921">
      <Execution id="d8e621b7-5143-4c47-9aab-47fd11483ecf" />
      <TestMethod codeBase="D:\actions-runner\_work\XPCO\XPCO\Common\VideoOS.Utilities\VideoOS.Utilities.UnitTests\bin\Debug\net472\VideoOS.Utilities.UnitTests.dll" adapterTypeName="executor://mstestadapter/v2" className="VideoOS.Utilities.UnitTests.Windows.Http.HttpSysConfigTest" name="ReadUrlReservationInfo_SunnyDayTest" />
    </UnitTest>
    <UnitTest name="ScheduleNextRun_CalledTwice_AfterTimedDelayTriggered_Success" storage="d:\actions-runner\_work\xpco\xpco\common\videoos.utilities\videoos.utilities.unittests\bin\debug\net472\videoos.utilities.unittests.dll" id="cc002690-0eab-9910-b5e7-76cca924cab4">
      <TestCategory>
        <TestCategoryItem TestCategory="VideoOS Utilities Timers" />
      </TestCategory>
      <Execution id="ae0a09eb-e88f-48ca-8632-c6111b9156c9" />
      <TestMethod codeBase="D:\actions-runner\_work\XPCO\XPCO\Common\VideoOS.Utilities\VideoOS.Utilities.UnitTests\bin\Debug\net472\VideoOS.Utilities.UnitTests.dll" adapterTypeName="executor://mstestadapter/v2" className="VideoOS.Utilities.UnitTests.Threading.BaseTimeDelayedThreadTests" name="ScheduleNextRun_CalledTwice_AfterTimedDelayTriggered_Success" />
    </UnitTest>
    <UnitTest name="SecureFolderWithBuiltinAccountGetsCreatedCorrectly" storage="d:\actions-runner\_work\xpco\xpco\common\videoos.utilities\videoos.utilities.unittests\bin\debug\net472\videoos.utilities.unittests.dll" id="dd495a7f-5dd2-ba1f-ce8f-cc15c274d433">
      <Execution id="e5008f7c-b90e-4ee4-9510-e36566339c61" />
      <TestMethod codeBase="D:\actions-runner\_work\XPCO\XPCO\Common\VideoOS.Utilities\VideoOS.Utilities.UnitTests\bin\Debug\net472\VideoOS.Utilities.UnitTests.dll" adapterTypeName="executor://mstestadapter/v2" className="VideoOS.Utilities.UnitTests.Security.SecureFolderTests" name="SecureFolderWithBuiltinAccountGetsCreatedCorrectly" />
    </UnitTest>
    <UnitTest name="ExecuteScalarString" storage="d:\actions-runner\_work\xpco\xpco\common\videoos.utilities\videoos.utilities.unittests\bin\debug\net472\videoos.utilities.unittests.dll" id="71618826-bd51-2181-7645-287a6122f475">
      <TestCategory>
        <TestCategoryItem TestCategory="DatabaseCommand" />
      </TestCategory>
      <Execution id="78df8a36-0868-4c39-9ebc-50f56f649c3a" />
      <TestMethod codeBase="D:\actions-runner\_work\XPCO\XPCO\Common\VideoOS.Utilities\VideoOS.Utilities.UnitTests\bin\Debug\net472\VideoOS.Utilities.UnitTests.dll" adapterTypeName="executor://mstestadapter/v2" className="VideoOS.Utilities.UnitTests.Database.DatabaseCommandTest" name="ExecuteScalarString" />
    </UnitTest>
    <UnitTest name="Dequeues_Five_Messages_Pre_Added" storage="d:\actions-runner\_work\xpco\xpco\common\videoos.utilities\videoos.utilities.unittests\bin\debug\net472\videoos.utilities.unittests.dll" id="e5d616b2-da53-1e36-b5ae-fd674ea57f93">
      <Execution id="a2a45422-6dd8-49e3-ae88-007b9dde5cb4" />
      <TestMethod codeBase="D:\actions-runner\_work\XPCO\XPCO\Common\VideoOS.Utilities\VideoOS.Utilities.UnitTests\bin\Debug\net472\VideoOS.Utilities.UnitTests.dll" adapterTypeName="executor://mstestadapter/v2" className="VideoOS.Utilities.UnitTests.Collections.LongPollingMessageQueueTest" name="Dequeues_Five_Messages_Pre_Added" />
    </UnitTest>
    <UnitTest name="CheckSignatureWithWrongKey" storage="d:\actions-runner\_work\xpco\xpco\common\videoos.utilities\videoos.utilities.unittests\bin\debug\net472\videoos.utilities.unittests.dll" id="ca6f0e31-7450-a0ca-4bc4-724a3bf1beb8">
      <Execution id="892a3289-dbd2-4a6e-acb2-f393c9f8f7b5" />
      <TestMethod codeBase="D:\actions-runner\_work\XPCO\XPCO\Common\VideoOS.Utilities\VideoOS.Utilities.UnitTests\bin\Debug\net472\VideoOS.Utilities.UnitTests.dll" adapterTypeName="executor://mstestadapter/v2" className="VideoOS.Utilities.UnitTests.Cryptography.StringSignatures" name="CheckSignatureWithWrongKey" />
    </UnitTest>
    <UnitTest name="FormatByteSizeStringExactULTest9" storage="d:\actions-runner\_work\xpco\xpco\common\videoos.utilities\videoos.utilities.unittests\bin\debug\net472\videoos.utilities.unittests.dll" id="a5ffaab7-821c-1c5c-3d56-be1c034329a5">
      <Execution id="1936eb12-91e0-4efe-a7e0-4f5cf7dee01a" />
      <TestMethod codeBase="D:\actions-runner\_work\XPCO\XPCO\Common\VideoOS.Utilities\VideoOS.Utilities.UnitTests\bin\Debug\net472\VideoOS.Utilities.UnitTests.dll" adapterTypeName="executor://mstestadapter/v2" className="VideoOS.Utilities.UnitTests.StringFormattingTest" name="FormatByteSizeStringExactULTest9" />
    </UnitTest>
    <UnitTest name="CommandsAreBeingAssociatedWithRunningTransaction" storage="d:\actions-runner\_work\xpco\xpco\common\videoos.utilities\videoos.utilities.unittests\bin\debug\net472\videoos.utilities.unittests.dll" id="57ef9ea3-991d-aedb-8019-644b32be6cc6">
      <TestCategory>
        <TestCategoryItem TestCategory="DatabaseConnection" />
      </TestCategory>
      <Execution id="5532b590-d7f6-40cc-b120-61b0f95f81ba" />
      <TestMethod codeBase="D:\actions-runner\_work\XPCO\XPCO\Common\VideoOS.Utilities\VideoOS.Utilities.UnitTests\bin\Debug\net472\VideoOS.Utilities.UnitTests.dll" adapterTypeName="executor://mstestadapter/v2" className="VideoOS.Utilities.UnitTests.Database.DatabaseConnectionTests" name="CommandsAreBeingAssociatedWithRunningTransaction" />
    </UnitTest>
    <UnitTest name="EventLogNoFile" storage="d:\actions-runner\_work\xpco\xpco\common\videoos.utilities\videoos.utilities.unittests\bin\debug\net472\videoos.utilities.unittests.dll" id="2ab3c520-4161-54ba-03a4-f42e12a6dd3b">
      <Execution id="43d0c1f0-2ab8-4f62-9d44-f83bea9afcf6" />
      <TestMethod codeBase="D:\actions-runner\_work\XPCO\XPCO\Common\VideoOS.Utilities\VideoOS.Utilities.UnitTests\bin\Debug\net472\VideoOS.Utilities.UnitTests.dll" adapterTypeName="executor://mstestadapter/v2" className="VideoOS.Utilities.UnitTests.Diagnostics.ConfiguredLogger" name="EventLogNoFile" />
    </UnitTest>
    <UnitTest name="FormatByteSizeStringExactULTest1" storage="d:\actions-runner\_work\xpco\xpco\common\videoos.utilities\videoos.utilities.unittests\bin\debug\net472\videoos.utilities.unittests.dll" id="dbeb8969-0cf3-22c2-42f8-32cc947a535c">
      <Execution id="f6d0956f-b691-444c-a72a-eac1d41fd92a" />
      <TestMethod codeBase="D:\actions-runner\_work\XPCO\XPCO\Common\VideoOS.Utilities\VideoOS.Utilities.UnitTests\bin\Debug\net472\VideoOS.Utilities.UnitTests.dll" adapterTypeName="executor://mstestadapter/v2" className="VideoOS.Utilities.UnitTests.StringFormattingTest" name="FormatByteSizeStringExactULTest1" />
    </UnitTest>
    <UnitTest name="DeleteSslConfiguration_Param_IncorrectPortTest" storage="d:\actions-runner\_work\xpco\xpco\common\videoos.utilities\videoos.utilities.unittests\bin\debug\net472\videoos.utilities.unittests.dll" id="944c038a-57a1-1f65-69fe-e78708ff0b36">
      <Execution id="9abde214-4532-4429-84c4-fdc1e1a281d7" />
      <TestMethod codeBase="D:\actions-runner\_work\XPCO\XPCO\Common\VideoOS.Utilities\VideoOS.Utilities.UnitTests\bin\Debug\net472\VideoOS.Utilities.UnitTests.dll" adapterTypeName="executor://mstestadapter/v2" className="VideoOS.Utilities.UnitTests.Windows.Http.HttpSysConfigTest" name="DeleteSslConfiguration_Param_IncorrectPortTest" />
    </UnitTest>
    <UnitTest name="ExecuteQueryTest" storage="d:\actions-runner\_work\xpco\xpco\common\videoos.utilities\videoos.utilities.unittests\bin\debug\net472\videoos.utilities.unittests.dll" id="41c52249-7698-71fe-ff0e-3e351e2dcccd">
      <TestCategory>
        <TestCategoryItem TestCategory="DatabaseCommand" />
      </TestCategory>
      <Execution id="8ebb740d-83f0-4407-80c5-d0d6e16aeaf3" />
      <TestMethod codeBase="D:\actions-runner\_work\XPCO\XPCO\Common\VideoOS.Utilities\VideoOS.Utilities.UnitTests\bin\Debug\net472\VideoOS.Utilities.UnitTests.dll" adapterTypeName="executor://mstestadapter/v2" className="VideoOS.Utilities.UnitTests.Database.SqlResourceComponentTest" name="ExecuteQueryTest" />
    </UnitTest>
    <UnitTest name="FileLoggerNoName" storage="d:\actions-runner\_work\xpco\xpco\common\videoos.utilities\videoos.utilities.unittests\bin\debug\net472\videoos.utilities.unittests.dll" id="1e298c42-1eed-7a06-369c-d97e05665709">
      <Execution id="c092264f-0f09-4f19-8071-dce2bd3b7aba" />
      <TestMethod codeBase="D:\actions-runner\_work\XPCO\XPCO\Common\VideoOS.Utilities\VideoOS.Utilities.UnitTests\bin\Debug\net472\VideoOS.Utilities.UnitTests.dll" adapterTypeName="executor://mstestadapter/v2" className="VideoOS.Utilities.UnitTests.Diagnostics.ConfiguredLogger" name="FileLoggerNoName" />
    </UnitTest>
    <UnitTest name="NullCheckHasInformationOnObjectTypeAndCallerAlternativeSyntax" storage="d:\actions-runner\_work\xpco\xpco\common\videoos.utilities\videoos.utilities.unittests\bin\debug\net472\videoos.utilities.unittests.dll" id="0d8fe114-e8f0-2954-61da-3e8a8364eb46">
      <Execution id="c1b2aa48-df91-4c8c-8c2a-96a246ce9890" />
      <TestMethod codeBase="D:\actions-runner\_work\XPCO\XPCO\Common\VideoOS.Utilities\VideoOS.Utilities.UnitTests\bin\Debug\net472\VideoOS.Utilities.UnitTests.dll" adapterTypeName="executor://mstestadapter/v2" className="VideoOS.Utilities.UnitTests.Validation.ValidationTests" name="NullCheckHasInformationOnObjectTypeAndCallerAlternativeSyntax" />
    </UnitTest>
    <UnitTest name="Constructor_ShouldThrowArgumentNullException_WhenLoggerIsNull" storage="d:\actions-runner\_work\xpco\xpco\common\videoos.utilities\videoos.utilities.unittests\bin\debug\net472\videoos.utilities.unittests.dll" id="d2e0f34d-8861-b808-10a0-dd1e3ad0a537">
      <Execution id="98689133-4670-4545-99ae-fe7cc8b4d55f" />
      <TestMethod codeBase="D:\actions-runner\_work\XPCO\XPCO\Common\VideoOS.Utilities\VideoOS.Utilities.UnitTests\bin\Debug\net472\VideoOS.Utilities.UnitTests.dll" adapterTypeName="executor://mstestadapter/v2" className="VideoOS.Utilities.UnitTests.KeyManagement.KeyManagerTests" name="Constructor_ShouldThrowArgumentNullException_WhenLoggerIsNull" />
    </UnitTest>
    <UnitTest name="GetAllParametersWithMultipleParameters" storage="d:\actions-runner\_work\xpco\xpco\common\videoos.utilities\videoos.utilities.unittests\bin\debug\net472\videoos.utilities.unittests.dll" id="f5511270-0fb3-efe2-4c7f-a5b555764879">
      <TestCategory>
        <TestCategoryItem TestCategory="DatabaseCommand" />
      </TestCategory>
      <Execution id="5f5d62d6-7494-41cc-bcfa-991a1b19397f" />
      <TestMethod codeBase="D:\actions-runner\_work\XPCO\XPCO\Common\VideoOS.Utilities\VideoOS.Utilities.UnitTests\bin\Debug\net472\VideoOS.Utilities.UnitTests.dll" adapterTypeName="executor://mstestadapter/v2" className="VideoOS.Utilities.UnitTests.Database.DatabaseCommandTest" name="GetAllParametersWithMultipleParameters" />
    </UnitTest>
    <UnitTest name="Given_FeaturesAreAvailable_When_DisableFeaturesIsCalled_Then_DisableFeatureIsCalledWithExpectedArguments" storage="d:\actions-runner\_work\xpco\xpco\common\videoos.utilities\videoos.utilities.unittests\bin\debug\net472\videoos.utilities.unittests.dll" id="7270e4a6-d2eb-9ffe-5267-47ea67f29706">
      <Execution id="996f3e97-7ef3-403f-8f88-b1af642dfbd5" />
      <TestMethod codeBase="D:\actions-runner\_work\XPCO\XPCO\Common\VideoOS.Utilities\VideoOS.Utilities.UnitTests\bin\Debug\net472\VideoOS.Utilities.UnitTests.dll" adapterTypeName="executor://mstestadapter/v2" className="VideoOS.Utilities.UnitTests.Dism.DismSessionTest" name="Given_FeaturesAreAvailable_When_DisableFeaturesIsCalled_Then_DisableFeatureIsCalledWithExpectedArguments" />
    </UnitTest>
    <UnitTest name="IsValidBase64String_DataDrivenTest (    ,False)" storage="d:\actions-runner\_work\xpco\xpco\common\videoos.utilities\videoos.utilities.unittests\bin\debug\net472\videoos.utilities.unittests.dll" id="d2da5433-a822-a67e-5ede-9bc2986dc993">
      <Execution id="5c61a41c-9c35-4165-b87e-3b8f2b529d68" />
      <TestMethod codeBase="D:\actions-runner\_work\XPCO\XPCO\Common\VideoOS.Utilities\VideoOS.Utilities.UnitTests\bin\Debug\net472\VideoOS.Utilities.UnitTests.dll" adapterTypeName="executor://mstestadapter/v2" className="VideoOS.Utilities.UnitTests.Validation.Base64StringValidatorTests" name="IsValidBase64String_DataDrivenTest" />
    </UnitTest>
    <UnitTest name="IsValidBase64String_DataDrivenTest (Device is disabled,False)" storage="d:\actions-runner\_work\xpco\xpco\common\videoos.utilities\videoos.utilities.unittests\bin\debug\net472\videoos.utilities.unittests.dll" id="cf938af7-63b1-2aab-b53a-ce80e7ece30e">
      <Execution id="0dd8f141-d7b7-4122-99cd-6be7a79c7b8a" />
      <TestMethod codeBase="D:\actions-runner\_work\XPCO\XPCO\Common\VideoOS.Utilities\VideoOS.Utilities.UnitTests\bin\Debug\net472\VideoOS.Utilities.UnitTests.dll" adapterTypeName="executor://mstestadapter/v2" className="VideoOS.Utilities.UnitTests.Validation.Base64StringValidatorTests" name="IsValidBase64String_DataDrivenTest" />
    </UnitTest>
    <UnitTest name="EmptyPathToSecureFolderResultsInException" storage="d:\actions-runner\_work\xpco\xpco\common\videoos.utilities\videoos.utilities.unittests\bin\debug\net472\videoos.utilities.unittests.dll" id="1ae2f0d9-b8fd-b6f0-51fe-1bc460adf506">
      <Execution id="124d29de-2c9b-4c94-bb58-d48360730813" />
      <TestMethod codeBase="D:\actions-runner\_work\XPCO\XPCO\Common\VideoOS.Utilities\VideoOS.Utilities.UnitTests\bin\Debug\net472\VideoOS.Utilities.UnitTests.dll" adapterTypeName="executor://mstestadapter/v2" className="VideoOS.Utilities.UnitTests.Security.SecureFolderTests" name="EmptyPathToSecureFolderResultsInException" />
    </UnitTest>
    <UnitTest name="Get_ParametersAssertRows_Success" storage="d:\actions-runner\_work\xpco\xpco\common\videoos.utilities\videoos.utilities.unittests\bin\debug\net472\videoos.utilities.unittests.dll" id="2f38095a-364c-cd7f-6df7-e42d2ded147a">
      <TestCategory>
        <TestCategoryItem TestCategory="DatabaseColumnBinder" />
      </TestCategory>
      <Execution id="957a16ec-0275-40b1-9bbc-fdcee829c4f7" />
      <TestMethod codeBase="D:\actions-runner\_work\XPCO\XPCO\Common\VideoOS.Utilities\VideoOS.Utilities.UnitTests\bin\Debug\net472\VideoOS.Utilities.UnitTests.dll" adapterTypeName="executor://mstestadapter/v2" className="VideoOS.Utilities.UnitTests.Database.DatabaseColumnBinderTests" name="Get_ParametersAssertRows_Success" />
    </UnitTest>
    <UnitTest name="EnforceUrlReservation_ConflictingSchemeEntriesReplacedTest" storage="d:\actions-runner\_work\xpco\xpco\common\videoos.utilities\videoos.utilities.unittests\bin\debug\net472\videoos.utilities.unittests.dll" id="058f954d-ce2c-c21f-f1fe-51ab343cb27e">
      <Execution id="6a08fd22-bf44-4bdd-9f82-5e90e25afce3" />
      <TestMethod codeBase="D:\actions-runner\_work\XPCO\XPCO\Common\VideoOS.Utilities\VideoOS.Utilities.UnitTests\bin\Debug\net472\VideoOS.Utilities.UnitTests.dll" adapterTypeName="executor://mstestadapter/v2" className="VideoOS.Utilities.UnitTests.Windows.Http.HttpSysConfigTest" name="EnforceUrlReservation_ConflictingSchemeEntriesReplacedTest" />
    </UnitTest>
    <UnitTest name="Constructor_ShouldThrowArgumentNullException_WhenKeyProviderIsNull" storage="d:\actions-runner\_work\xpco\xpco\common\videoos.utilities\videoos.utilities.unittests\bin\debug\net472\videoos.utilities.unittests.dll" id="7ef7cf9e-9410-bfa9-57b6-c831f6653307">
      <Execution id="1351762b-1ac8-4fcf-aaf0-22c41d0e32af" />
      <TestMethod codeBase="D:\actions-runner\_work\XPCO\XPCO\Common\VideoOS.Utilities\VideoOS.Utilities.UnitTests\bin\Debug\net472\VideoOS.Utilities.UnitTests.dll" adapterTypeName="executor://mstestadapter/v2" className="VideoOS.Utilities.UnitTests.KeyManagement.KeyManagerTests" name="Constructor_ShouldThrowArgumentNullException_WhenKeyProviderIsNull" />
    </UnitTest>
    <UnitTest name="PasswordTwoRequirements" storage="d:\actions-runner\_work\xpco\xpco\common\videoos.utilities\videoos.utilities.unittests\bin\debug\net472\videoos.utilities.unittests.dll" id="47f73a93-11c7-cac7-c7bc-9b90da7449c9">
      <Execution id="a0b7d77e-ae5f-4036-9beb-0efb73c8e744" />
      <TestMethod codeBase="D:\actions-runner\_work\XPCO\XPCO\Common\VideoOS.Utilities\VideoOS.Utilities.UnitTests\bin\Debug\net472\VideoOS.Utilities.UnitTests.dll" adapterTypeName="executor://mstestadapter/v2" className="VideoOS.Common.EnvironmentServices.UnitTests.Security.PasswordTests" name="PasswordTwoRequirements" />
    </UnitTest>
    <UnitTest name="Close_DoubleInvokeOnlineWorkflow_IsOK" storage="d:\actions-runner\_work\xpco\xpco\common\videoos.utilities\videoos.utilities.unittests\bin\debug\net472\videoos.utilities.unittests.dll" id="3aa8ac41-a452-0107-4106-098504c5a167">
      <TestCategory>
        <TestCategoryItem TestCategory="Help" />
      </TestCategory>
      <Execution id="861fdd2b-1793-49a0-9502-6ac964b5c510" />
      <TestMethod codeBase="D:\actions-runner\_work\XPCO\XPCO\Common\VideoOS.Utilities\VideoOS.Utilities.UnitTests\bin\Debug\net472\VideoOS.Utilities.UnitTests.dll" adapterTypeName="executor://mstestadapter/v2" className="VideoOS.Utilities.UnitTests.Help.HelpManagerTests" name="Close_DoubleInvokeOnlineWorkflow_IsOK" />
    </UnitTest>
    <UnitTest name="EncodeDecode_WhenDataTypeIncompatible_Exception" storage="d:\actions-runner\_work\xpco\xpco\common\videoos.utilities\videoos.utilities.unittests\bin\debug\net472\videoos.utilities.unittests.dll" id="dc1305d6-a7c3-72c4-dd11-a29a047e7029">
      <Execution id="814accc6-6d43-4ab1-9080-a9aaee46e6da" />
      <TestMethod codeBase="D:\actions-runner\_work\XPCO\XPCO\Common\VideoOS.Utilities\VideoOS.Utilities.UnitTests\bin\Debug\net472\VideoOS.Utilities.UnitTests.dll" adapterTypeName="executor://mstestadapter/v2" className="VideoOS.Utilities.UnitTests.Formatting.Base64EncoderTest" name="EncodeDecode_WhenDataTypeIncompatible_Exception" />
    </UnitTest>
    <UnitTest name="KilledConnectionCannotReEstablishedWithRetryWhenTransactionIsActive" storage="d:\actions-runner\_work\xpco\xpco\common\videoos.utilities\videoos.utilities.unittests\bin\debug\net472\videoos.utilities.unittests.dll" id="bbf0e7fd-9e9e-fd45-f5a1-b83e019cbf64">
      <TestCategory>
        <TestCategoryItem TestCategory="DatabaseConnection" />
      </TestCategory>
      <Execution id="ca7f6164-438f-49fe-ad39-ccf73c59d287" />
      <TestMethod codeBase="D:\actions-runner\_work\XPCO\XPCO\Common\VideoOS.Utilities\VideoOS.Utilities.UnitTests\bin\Debug\net472\VideoOS.Utilities.UnitTests.dll" adapterTypeName="executor://mstestadapter/v2" className="VideoOS.Utilities.UnitTests.Database.DatabaseConnectionTests" name="KilledConnectionCannotReEstablishedWithRetryWhenTransactionIsActive" />
    </UnitTest>
    <UnitTest name="NullAccountValueResultsInException" storage="d:\actions-runner\_work\xpco\xpco\common\videoos.utilities\videoos.utilities.unittests\bin\debug\net472\videoos.utilities.unittests.dll" id="12b2272e-7e3e-149e-15be-364df403867d">
      <Execution id="9425e804-86bc-4a8a-bcbb-68f852cb8c13" />
      <TestMethod codeBase="D:\actions-runner\_work\XPCO\XPCO\Common\VideoOS.Utilities\VideoOS.Utilities.UnitTests\bin\Debug\net472\VideoOS.Utilities.UnitTests.dll" adapterTypeName="executor://mstestadapter/v2" className="VideoOS.Utilities.UnitTests.Security.SecureFolderTests" name="NullAccountValueResultsInException" />
    </UnitTest>
    <UnitTest name="Constructor_UrlAclInfo_NullSddl" storage="d:\actions-runner\_work\xpco\xpco\common\videoos.utilities\videoos.utilities.unittests\bin\debug\net472\videoos.utilities.unittests.dll" id="21700473-52eb-1d18-2c33-06ebe5005119">
      <Execution id="2329d5cb-2dc7-43a7-823b-07cae70f0e55" />
      <TestMethod codeBase="D:\actions-runner\_work\XPCO\XPCO\Common\VideoOS.Utilities\VideoOS.Utilities.UnitTests\bin\Debug\net472\VideoOS.Utilities.UnitTests.dll" adapterTypeName="executor://mstestadapter/v2" className="VideoOS.Utilities.UnitTests.Windows.Http.UrlReservationInfoCollectionWrapperTest" name="Constructor_UrlAclInfo_NullSddl" />
    </UnitTest>
    <UnitTest name="FormatTimeSpanStringTest7" storage="d:\actions-runner\_work\xpco\xpco\common\videoos.utilities\videoos.utilities.unittests\bin\debug\net472\videoos.utilities.unittests.dll" id="b274d9ea-c57d-3fb4-e198-c80ba7111b51">
      <Execution id="2a05fe5b-1c0e-4ce9-a1a2-bb89b8f11005" />
      <TestMethod codeBase="D:\actions-runner\_work\XPCO\XPCO\Common\VideoOS.Utilities\VideoOS.Utilities.UnitTests\bin\Debug\net472\VideoOS.Utilities.UnitTests.dll" adapterTypeName="executor://mstestadapter/v2" className="VideoOS.Utilities.UnitTests.StringFormattingTest" name="FormatTimeSpanStringTest7" />
    </UnitTest>
  </TestDefinitions>
  <TestEntries>
    <TestEntry testId="c0aa0a52-7d77-6797-eefd-299e6b808fc4" executionId="baae862f-2c87-473e-8cde-1c767898a058" testListId="8c84fa94-04c1-424b-9868-57a2d4851a1d" />
    <TestEntry testId="921bbe3f-9b12-880e-5c26-3e0ea6096e5b" executionId="d53ff483-235f-48cb-95a0-492025563407" testListId="8c84fa94-04c1-424b-9868-57a2d4851a1d" />
    <TestEntry testId="9b8986c2-1031-9198-5469-7e71a9906561" executionId="70f1b78d-6e86-4fb8-8987-23cda32b1ed7" testListId="8c84fa94-04c1-424b-9868-57a2d4851a1d" />
    <TestEntry testId="5236636f-f101-4387-1048-021f430cdc7d" executionId="3eb9206d-3ec3-46ae-9cf6-fd35886506a4" testListId="8c84fa94-04c1-424b-9868-57a2d4851a1d" />
    <TestEntry testId="f9344ffb-dbd5-e93e-8d3e-a55f9219cc21" executionId="3e85e131-83a9-4240-a755-5181fb06d932" testListId="8c84fa94-04c1-424b-9868-57a2d4851a1d" />
    <TestEntry testId="6d0e1946-60bc-70f5-178a-f1caca7a1cd4" executionId="1bac12c3-672d-4d39-b123-a43d0738f94d" testListId="8c84fa94-04c1-424b-9868-57a2d4851a1d" />
    <TestEntry testId="ed3de6dd-8f36-30c1-6222-3d0da5b20a19" executionId="4eeae3c6-4fb5-428b-9257-c59df402edee" testListId="8c84fa94-04c1-424b-9868-57a2d4851a1d" />
    <TestEntry testId="ac356aac-15fb-54ef-ad39-79e6f940bfad" executionId="ca0041c9-b5e1-4e24-95f5-3ded1b2d49e8" testListId="8c84fa94-04c1-424b-9868-57a2d4851a1d" />
    <TestEntry testId="05ad9f73-0dc9-9009-a233-ac97a06cdea9" executionId="d279234a-aec1-4235-8e8b-987e45af4ebc" testListId="8c84fa94-04c1-424b-9868-57a2d4851a1d" />
    <TestEntry testId="41c52249-7698-71fe-ff0e-3e351e2dcccd" executionId="8ebb740d-83f0-4407-80c5-d0d6e16aeaf3" testListId="8c84fa94-04c1-424b-9868-57a2d4851a1d" />
    <TestEntry testId="1d6beb11-0274-40f5-e90d-24ccaf0432c0" executionId="93b35202-ab68-412d-9342-683b91eec6cd" testListId="8c84fa94-04c1-424b-9868-57a2d4851a1d" />
    <TestEntry testId="eb6713ef-6a60-6fef-f5bb-959c27e27fc5" executionId="2d790492-4299-495f-b28d-876900fb9289" testListId="8c84fa94-04c1-424b-9868-57a2d4851a1d" />
    <TestEntry testId="aec11fee-b228-804c-d242-d960744ceb55" executionId="fe44af46-9557-48df-83ce-dbc65502b3e5" testListId="8c84fa94-04c1-424b-9868-57a2d4851a1d" />
    <TestEntry testId="ea5f9d0a-a52f-9a24-e46b-3856d2f10f55" executionId="dfe7a148-b0a4-472b-a28a-f6170df9f85a" testListId="8c84fa94-04c1-424b-9868-57a2d4851a1d" />
    <TestEntry testId="7b0ff6f9-12f6-78a0-6d49-91c774d22925" executionId="62feaab6-0444-44c9-98d4-b4cf4a0c7ed2" testListId="8c84fa94-04c1-424b-9868-57a2d4851a1d" />
    <TestEntry testId="c552fac3-4ea7-3779-fb95-3ba1158677c6" executionId="2257f5bf-c3c7-4c13-8250-9c5d5696acd4" testListId="8c84fa94-04c1-424b-9868-57a2d4851a1d" />
    <TestEntry testId="f6d26f80-8605-5ec6-603e-727ed3a6876d" executionId="22cd4c51-ee04-4773-8762-72b0f40ac585" testListId="8c84fa94-04c1-424b-9868-57a2d4851a1d" />
    <TestEntry testId="36fe7898-eb5f-712d-8973-bbdeb7d95415" executionId="5f6a4786-910a-4e05-ab44-75fa9e186fe2" testListId="8c84fa94-04c1-424b-9868-57a2d4851a1d" />
    <TestEntry testId="cfc46475-9003-7061-8414-2cf74b691cc4" executionId="a610a1da-17f1-4aec-b3b8-c26cda007eb4" testListId="8c84fa94-04c1-424b-9868-57a2d4851a1d" />
    <TestEntry testId="1080b5ef-a946-c104-f8d8-18a170135d76" executionId="2ef4dff8-6c47-4043-9ca9-839cbbcd2ee4" testListId="8c84fa94-04c1-424b-9868-57a2d4851a1d" />
    <TestEntry testId="519e41a2-1113-39e3-d737-8f8a6f913746" executionId="c5a18153-0931-4b4a-87ea-e21c74ab7aa3" testListId="8c84fa94-04c1-424b-9868-57a2d4851a1d" />
    <TestEntry testId="cb6625e8-d5a4-6ab8-1a3a-1a40acb593d9" executionId="22acefa7-4a6a-47d7-87cf-0684cfdfcaa7" testListId="8c84fa94-04c1-424b-9868-57a2d4851a1d" />
    <TestEntry testId="47f73a93-11c7-cac7-c7bc-9b90da7449c9" executionId="a0b7d77e-ae5f-4036-9beb-0efb73c8e744" testListId="8c84fa94-04c1-424b-9868-57a2d4851a1d" />
    <TestEntry testId="3961b1e6-9a4e-7bf7-e608-3495a77691a3" executionId="ff39214e-40ea-4b1a-b9f5-6bc7f1c0143c" testListId="8c84fa94-04c1-424b-9868-57a2d4851a1d" />
    <TestEntry testId="ea331341-2f4e-7558-3dc3-a10798b3016a" executionId="2dc0bac6-b603-40ea-b1d4-b005f049c5dc" testListId="8c84fa94-04c1-424b-9868-57a2d4851a1d" />
    <TestEntry testId="a568b409-38f1-6ad9-4f1d-3150733bf202" executionId="cdae1a2f-5e6f-4e0b-be5d-fe9eced28189" testListId="8c84fa94-04c1-424b-9868-57a2d4851a1d" />
    <TestEntry testId="e9766c79-9236-08e6-5284-2828780a17e2" executionId="c8a2ef3e-9dea-4b96-9f28-0a6eedb9b3ba" testListId="8c84fa94-04c1-424b-9868-57a2d4851a1d" />
    <TestEntry testId="3f15cb76-28ca-0676-96b0-c46697fd69a3" executionId="d2ce5bec-1889-4cd8-ad2a-67fd39d371e2" testListId="8c84fa94-04c1-424b-9868-57a2d4851a1d" />
    <TestEntry testId="b74dea82-9668-8988-05d7-33e650060d9c" executionId="eb679470-9259-4240-9713-475527c353a0" testListId="8c84fa94-04c1-424b-9868-57a2d4851a1d" />
    <TestEntry testId="6c9d2a58-7908-5e4c-5a13-c7af8613eb4d" executionId="a33b8127-03c2-4e4d-a672-4aa00c29e52b" testListId="8c84fa94-04c1-424b-9868-57a2d4851a1d" />
    <TestEntry testId="b274d9ea-c57d-3fb4-e198-c80ba7111b51" executionId="2a05fe5b-1c0e-4ce9-a1a2-bb89b8f11005" testListId="8c84fa94-04c1-424b-9868-57a2d4851a1d" />
    <TestEntry testId="6c12bb8d-3fcd-ce0c-8c0e-f9a545e5d0e9" executionId="e08084ca-6f17-4853-b038-2f3d29ebe3a0" testListId="8c84fa94-04c1-424b-9868-57a2d4851a1d" />
    <TestEntry testId="bb2beaed-b9d7-d298-993e-2c026228f646" executionId="8c643a00-3166-4d03-9287-94b712a80887" testListId="8c84fa94-04c1-424b-9868-57a2d4851a1d" />
    <TestEntry testId="df428e74-abbd-9d65-2a41-bac9bd58b6db" executionId="24b3e51b-2951-42ff-b92c-15350145cbcb" testListId="8c84fa94-04c1-424b-9868-57a2d4851a1d" />
    <TestEntry testId="02b89666-b70e-5c0e-bed1-fe458440e8cc" executionId="e729d5fc-b89b-4635-a986-2c7d3cce1d04" testListId="8c84fa94-04c1-424b-9868-57a2d4851a1d" />
    <TestEntry testId="f9365f57-5bb5-37f3-e6d7-f044fc7b06b0" executionId="ff3ca35c-d94c-4b14-8ca3-8362b45ff47f" testListId="8c84fa94-04c1-424b-9868-57a2d4851a1d" />
    <TestEntry testId="4fb4995f-1c2f-c537-7e80-5b61f9c16899" executionId="566e3ed7-1198-451d-b983-f03e7a148750" testListId="8c84fa94-04c1-424b-9868-57a2d4851a1d" />
    <TestEntry testId="02a432cf-4b04-c72f-1b20-0817c3291678" executionId="d21d588f-9034-4b24-91d1-c0be9311f8ad" testListId="8c84fa94-04c1-424b-9868-57a2d4851a1d" />
    <TestEntry testId="342537f6-8a0d-6ff0-8e49-021dfa1dd8a5" executionId="50f73f01-9761-4e17-ba85-b6d09f0abd5d" testListId="8c84fa94-04c1-424b-9868-57a2d4851a1d" />
    <TestEntry testId="f367e524-c1bc-ef8d-3a94-8969f7cfeb92" executionId="35b189eb-e2fb-41b1-88f2-49e77480b9c8" testListId="8c84fa94-04c1-424b-9868-57a2d4851a1d" />
    <TestEntry testId="577a9233-f48b-3c20-0c8c-6cd838d96866" executionId="d39198c5-a75c-4cc6-8dbe-cb02fb3d0e7e" testListId="8c84fa94-04c1-424b-9868-57a2d4851a1d" />
    <TestEntry testId="1ba5436e-01a2-6387-85da-a1e3d5b0618d" executionId="65661acb-8e52-4770-ade4-5451944bd794" testListId="8c84fa94-04c1-424b-9868-57a2d4851a1d" />
    <TestEntry testId="1fd80ead-9458-b2f1-f7f8-4f30eeb7cd1a" executionId="ee7fcce7-6d50-489f-8ee2-b445901ea641" testListId="8c84fa94-04c1-424b-9868-57a2d4851a1d" />
    <TestEntry testId="40a03c98-b1a5-cb45-5715-a2bb2b1368ea" executionId="5c978fd4-525e-42f4-8884-1e2b6684e48f" testListId="8c84fa94-04c1-424b-9868-57a2d4851a1d" />
    <TestEntry testId="c5f9deb1-ff12-b2cb-3433-80ded536108c" executionId="2fad0a7b-fab5-4fa7-99b8-6a5db04d4445" testListId="8c84fa94-04c1-424b-9868-57a2d4851a1d" />
    <TestEntry testId="de573e68-dc1a-4918-71c1-6d19c481580b" executionId="795c13aa-e823-4933-a777-47e89918df1b" testListId="8c84fa94-04c1-424b-9868-57a2d4851a1d" />
    <TestEntry testId="b27ba75a-d70a-287a-5d9e-b65a42439631" executionId="570c5ba2-cbd9-44f0-81c1-117bf4448b2b" testListId="8c84fa94-04c1-424b-9868-57a2d4851a1d" />
    <TestEntry testId="ca6f0e31-7450-a0ca-4bc4-724a3bf1beb8" executionId="892a3289-dbd2-4a6e-acb2-f393c9f8f7b5" testListId="8c84fa94-04c1-424b-9868-57a2d4851a1d" />
    <TestEntry testId="648022f1-3bdd-5333-fbf2-f52900fdfbaf" executionId="f93df8aa-5694-4c81-963e-730aeee26582" testListId="8c84fa94-04c1-424b-9868-57a2d4851a1d" />
    <TestEntry testId="5a5341a2-ae72-edbb-3ba1-5c07a01ee3cd" executionId="3c80aa3b-ed56-44dd-835e-1d73d0dc0f7b" testListId="8c84fa94-04c1-424b-9868-57a2d4851a1d" />
    <TestEntry testId="17e8d08f-f1d5-876f-3d0c-916dddf52252" executionId="d6a3d646-7098-4a7b-8fba-146811ddcdee" testListId="8c84fa94-04c1-424b-9868-57a2d4851a1d" />
    <TestEntry testId="1f72ae76-a2d4-09ee-f4d8-0ec9ccf3a352" executionId="3f63dc84-f25c-4d1a-ace1-ad3cc66a3f8c" testListId="8c84fa94-04c1-424b-9868-57a2d4851a1d" />
    <TestEntry testId="ef5212b0-4020-30a6-8db2-7922698faddd" executionId="3fbdf591-1be6-41c2-a46b-67e02fa4ac60" testListId="8c84fa94-04c1-424b-9868-57a2d4851a1d" />
    <TestEntry testId="507232d5-754f-e710-0185-2ff162f52ec5" executionId="27e642a2-7990-442b-8416-cb6d42b3715b" testListId="8c84fa94-04c1-424b-9868-57a2d4851a1d" />
    <TestEntry testId="b1bfcc7e-9f9c-584d-69d0-055c84b7a472" executionId="35cca146-4bbe-48d8-b7fc-acc4bfce53f7" testListId="8c84fa94-04c1-424b-9868-57a2d4851a1d" />
    <TestEntry testId="343615c7-90df-949d-2ce9-b18728ead0ec" executionId="06c93a01-494c-4a87-a89a-bf2995436c26" testListId="8c84fa94-04c1-424b-9868-57a2d4851a1d" />
    <TestEntry testId="7846512e-b2de-90fb-3989-273d6ef474d7" executionId="e0bc4454-115c-4aed-92a3-0744f40d2516" testListId="8c84fa94-04c1-424b-9868-57a2d4851a1d" />
    <TestEntry testId="7e825cf4-9719-bedc-fb4d-0b42e7afd1d3" executionId="6c06d6a4-61af-423d-88e8-22de8cbd9cd0" testListId="8c84fa94-04c1-424b-9868-57a2d4851a1d" />
    <TestEntry testId="e5d616b2-da53-1e36-b5ae-fd674ea57f93" executionId="a2a45422-6dd8-49e3-ae88-007b9dde5cb4" testListId="8c84fa94-04c1-424b-9868-57a2d4851a1d" />
    <TestEntry testId="7fbf4643-33b6-b50c-4d89-cf868424f0c4" executionId="4d6f39ba-0e1c-4c80-b210-19cc677f5a52" testListId="8c84fa94-04c1-424b-9868-57a2d4851a1d" />
    <TestEntry testId="8aad7972-6339-8666-6698-b41f02042ac3" executionId="6c52f394-1702-46af-92b8-41dee2afad75" testListId="8c84fa94-04c1-424b-9868-57a2d4851a1d" />
    <TestEntry testId="81ca4b52-9931-0e35-0109-da24b8554b96" executionId="f646553e-d1e4-47d5-9588-51a9155f5ae0" testListId="8c84fa94-04c1-424b-9868-57a2d4851a1d" />
    <TestEntry testId="57eb03f9-629b-e61d-a054-266af00de60c" executionId="580e6287-033c-41db-996e-3e81ae488687" testListId="8c84fa94-04c1-424b-9868-57a2d4851a1d" />
    <TestEntry testId="4d0e6ccb-b8ae-ea93-2cb9-dd7bb56ee216" executionId="9cb1ca2c-87db-452c-bb28-de50e56ac9b7" testListId="8c84fa94-04c1-424b-9868-57a2d4851a1d" />
    <TestEntry testId="552a5c00-90d7-2914-85c7-10a59905e17b" executionId="a563b264-b1b4-44fb-9973-4967009133c8" testListId="8c84fa94-04c1-424b-9868-57a2d4851a1d" />
    <TestEntry testId="9a282f7e-f649-65f1-029a-2b971c1a798c" executionId="fe558e5e-7881-413e-b6a9-0a4bf5698994" testListId="8c84fa94-04c1-424b-9868-57a2d4851a1d" />
    <TestEntry testId="1ae19ee1-9782-dc80-b0d1-ac9211391811" executionId="a4c1af39-872c-48d0-97e8-8f17f054d8d7" testListId="8c84fa94-04c1-424b-9868-57a2d4851a1d" />
    <TestEntry testId="101dcc33-d8d6-50e8-c5f2-d4b11695329f" executionId="8677e07b-cccc-4fa2-b39a-59d383d3eb6f" testListId="8c84fa94-04c1-424b-9868-57a2d4851a1d" />
    <TestEntry testId="65c2ea5b-763c-d0bd-7381-b24c3eb812aa" executionId="1f709313-88e6-450c-8f9b-a138da8aa65a" testListId="8c84fa94-04c1-424b-9868-57a2d4851a1d" />
    <TestEntry testId="aebc7b24-a53e-b12c-f50e-a352c1f0fd02" executionId="b3d918a6-ac63-41ce-aeb5-b6a15919e24c" testListId="8c84fa94-04c1-424b-9868-57a2d4851a1d" />
    <TestEntry testId="a40b1912-becf-686c-2a4b-92647ed0b367" executionId="5a506c37-64cb-452e-a1ce-55bb37b4a8b4" testListId="8c84fa94-04c1-424b-9868-57a2d4851a1d" />
    <TestEntry testId="fda94701-b4a5-79c1-309e-46f5c211feb1" executionId="7514e39b-b920-4cd1-8f7b-477ebb7afbf1" testListId="8c84fa94-04c1-424b-9868-57a2d4851a1d" />
    <TestEntry testId="1d83290f-e3ba-c1a3-2d15-65b4e9354ab0" executionId="c2ce8655-f677-45a1-aa20-438d9450923d" testListId="8c84fa94-04c1-424b-9868-57a2d4851a1d" />
    <TestEntry testId="a6afa94e-bac9-735b-0f52-af1a436a2457" executionId="8727c185-3649-4470-ad05-cde47ac47e9b" testListId="8c84fa94-04c1-424b-9868-57a2d4851a1d" />
    <TestEntry testId="5173a017-06c1-2048-f8d5-2b43e18f16bb" executionId="f424d804-e38a-42c0-b0cb-570abfe6f655" testListId="8c84fa94-04c1-424b-9868-57a2d4851a1d" />
    <TestEntry testId="5e3832c7-abea-16d1-6aa8-af2a53c4b602" executionId="bad26871-5ba8-4b27-8591-a1b87a2c428c" testListId="8c84fa94-04c1-424b-9868-57a2d4851a1d" />
    <TestEntry testId="1f84f103-72d5-a9f7-0d4c-3d44d2310bb9" executionId="12cbd20f-044b-49aa-bae4-cd99b31d3e8d" testListId="8c84fa94-04c1-424b-9868-57a2d4851a1d" />
    <TestEntry testId="11fb3fad-2351-7080-3049-42238d7f70fd" executionId="3869d427-c726-4da2-b091-022daae69947" testListId="8c84fa94-04c1-424b-9868-57a2d4851a1d" />
    <TestEntry testId="0a6d0473-2289-1d30-fa4b-94d229aa7a8b" executionId="66dd5fe6-70d8-4799-9af1-f6f7f4e3079f" testListId="8c84fa94-04c1-424b-9868-57a2d4851a1d" />
    <TestEntry testId="d0430f0e-538a-eefc-4b97-23107c00db2e" executionId="d1854453-7592-4ef2-af6c-6ad8a631b61a" testListId="8c84fa94-04c1-424b-9868-57a2d4851a1d" />
    <TestEntry testId="136e6029-6bf2-f97b-ac3f-ba8be5f1b505" executionId="24768214-401a-4c5a-87af-e0fc1e39cbd9" testListId="8c84fa94-04c1-424b-9868-57a2d4851a1d" />
    <TestEntry testId="4e3f0180-82b2-6414-7968-97eee117cb14" executionId="5a106835-c458-4d4d-ae1b-924727d672ac" testListId="8c84fa94-04c1-424b-9868-57a2d4851a1d" />
    <TestEntry testId="84efefe4-2f76-ff05-86d1-84d6784b3574" executionId="b7eb0104-d5d4-412f-abbb-7ddbd85ebfe8" testListId="8c84fa94-04c1-424b-9868-57a2d4851a1d" />
    <TestEntry testId="c9115134-3a66-60ac-719d-00bd512badb4" executionId="4f0864d6-9313-44a9-bdba-e054cce0649a" testListId="8c84fa94-04c1-424b-9868-57a2d4851a1d" />
    <TestEntry testId="a0962efd-6872-4f01-46ab-3c59d3295f77" executionId="d0ae505d-76c3-4859-a02f-19e1c3c330dd" testListId="8c84fa94-04c1-424b-9868-57a2d4851a1d" />
    <TestEntry testId="4dbfc251-cd7c-e66a-ee68-c214068d0440" executionId="d96ad6a0-32b4-46dd-bca8-728b5ddf570c" testListId="8c84fa94-04c1-424b-9868-57a2d4851a1d" />
    <TestEntry testId="b5d362df-a389-42fa-9e5b-f44d2b7d39a0" executionId="b71a8ccd-9fe6-46fd-ba0b-6de73a54e1c4" testListId="8c84fa94-04c1-424b-9868-57a2d4851a1d" />
    <TestEntry testId="4ffad336-8474-5bea-4ff6-f37a84491ec4" executionId="11c9d0a7-ec8e-4307-b2bd-81bcdcfc1deb" testListId="8c84fa94-04c1-424b-9868-57a2d4851a1d" />
    <TestEntry testId="63c8c556-dbc7-a549-55de-ddcdddf19634" executionId="34cca033-1b04-4b34-b0ae-d8e11eff04dc" testListId="8c84fa94-04c1-424b-9868-57a2d4851a1d" />
    <TestEntry testId="e68e32b3-c415-6e9e-ccdd-8a130a00ba3d" executionId="8daa8dce-a4b8-45f1-9f12-09c3811b5f3d" testListId="8c84fa94-04c1-424b-9868-57a2d4851a1d" />
    <TestEntry testId="1130b0a6-11ce-bcba-8475-9a827b5e62e1" executionId="aae9fdce-f267-4cdd-9bc0-b831f6c03e03" testListId="8c84fa94-04c1-424b-9868-57a2d4851a1d" />
    <TestEntry testId="63e562ae-5691-7735-0766-c0813c6dda7c" executionId="be49f01a-4fc8-4fab-aa3a-3e52c766d751" testListId="8c84fa94-04c1-424b-9868-57a2d4851a1d" />
    <TestEntry testId="d0f4ce70-1398-984e-fbab-b31f8b0772af" executionId="bbfc1476-c722-4fca-b8e9-f580e363bb6b" testListId="8c84fa94-04c1-424b-9868-57a2d4851a1d" />
    <TestEntry testId="93ba48d0-5204-783e-22e2-0e86f00c3f43" executionId="bdc21546-adb5-4c7f-9611-e1e3d0498644" testListId="8c84fa94-04c1-424b-9868-57a2d4851a1d" />
    <TestEntry testId="6017adae-b1e1-76ad-01d4-c71c39f8ef57" executionId="f0b8f3bb-deb4-40e6-9389-a93e68970146" testListId="8c84fa94-04c1-424b-9868-57a2d4851a1d" />
    <TestEntry testId="41a53a4c-df21-f4fc-4388-a122124f3bd1" executionId="a7644cfd-6078-4630-9518-442bbbb1612a" testListId="8c84fa94-04c1-424b-9868-57a2d4851a1d" />
    <TestEntry testId="56051ed0-205a-9d34-ae90-d28c4f629459" executionId="14cbb21c-2b88-4136-bcb8-d4f287946494" testListId="8c84fa94-04c1-424b-9868-57a2d4851a1d" />
    <TestEntry testId="944c038a-57a1-1f65-69fe-e78708ff0b36" executionId="9abde214-4532-4429-84c4-fdc1e1a281d7" testListId="8c84fa94-04c1-424b-9868-57a2d4851a1d" />
    <TestEntry testId="0a10c4f5-63d2-9d6e-7859-29baf43ee467" executionId="8b192279-909d-4ee9-9830-88d6853a374b" testListId="8c84fa94-04c1-424b-9868-57a2d4851a1d" />
    <TestEntry testId="589436c5-24f1-9b9b-f00c-1639c2701f78" executionId="4a299876-9ae4-4da4-ae9e-50f4e6dd759c" testListId="8c84fa94-04c1-424b-9868-57a2d4851a1d" />
    <TestEntry testId="2fdaf9d0-ed4d-06f2-70b2-65e45d9c49c9" executionId="98826d13-0cd8-4379-a9fc-c13f04c68b5e" testListId="8c84fa94-04c1-424b-9868-57a2d4851a1d" />
    <TestEntry testId="4ad4c3c3-39bf-3ab3-0ab0-ffc6ced77812" executionId="09ea2d37-3c28-4ae4-8a6b-fd5d002305ef" testListId="8c84fa94-04c1-424b-9868-57a2d4851a1d" />
    <TestEntry testId="73aa7f18-51a7-6c4f-64a7-0dcd1a4e3e10" executionId="255439a9-f73a-436e-9e8b-38a59e1bd156" testListId="8c84fa94-04c1-424b-9868-57a2d4851a1d" />
    <TestEntry testId="1f116986-35db-8dcf-83c8-e827ad240cba" executionId="3f329beb-71a8-4a73-9061-3c3e6368bc58" testListId="8c84fa94-04c1-424b-9868-57a2d4851a1d" />
    <TestEntry testId="a0220a6b-65c5-ac84-e13e-0ee3877b281a" executionId="ba0c17da-ef83-4139-bb26-6d936a101160" testListId="8c84fa94-04c1-424b-9868-57a2d4851a1d" />
    <TestEntry testId="6670917e-e42c-a07b-7e25-3b7110e4f4b7" executionId="011f7b0b-0ec3-4679-84b9-2fd04952f00c" testListId="8c84fa94-04c1-424b-9868-57a2d4851a1d" />
    <TestEntry testId="696179b0-5c72-c617-1221-943954880eda" executionId="c04fd511-af7c-4a10-b082-1f6f50f2cfc2" testListId="8c84fa94-04c1-424b-9868-57a2d4851a1d" />
    <TestEntry testId="9369cfde-baf2-3bd8-4bc1-22c69e21e126" executionId="cc390a4a-2458-4d47-a4e2-4563418ba622" testListId="8c84fa94-04c1-424b-9868-57a2d4851a1d" />
    <TestEntry testId="8bd6f728-bd8c-a59b-29b2-ad423ed63182" executionId="8fdab74a-aa51-49a2-8467-7d34f5fa7024" testListId="8c84fa94-04c1-424b-9868-57a2d4851a1d" />
    <TestEntry testId="8808a0d4-decf-b478-02fc-6d5995d94ea5" executionId="54b38d2e-5b19-49cc-ad12-430fe1ad7cce" testListId="8c84fa94-04c1-424b-9868-57a2d4851a1d" />
    <TestEntry testId="f20f788e-2c4b-4fc6-3f24-f3394174c210" executionId="89e4b682-5c71-462a-82dd-2f7a3942f3c5" testListId="8c84fa94-04c1-424b-9868-57a2d4851a1d" />
    <TestEntry testId="54c9babb-7344-6611-91d4-2e6ce9100844" executionId="f6179a08-f9ff-469d-ab28-dae636ae73f7" testListId="8c84fa94-04c1-424b-9868-57a2d4851a1d" />
    <TestEntry testId="dd9c00b0-a9d0-b2f3-1f0f-3a9a641e0da9" executionId="6c394169-31bb-4415-bc3f-33701099c6fe" testListId="8c84fa94-04c1-424b-9868-57a2d4851a1d" />
    <TestEntry testId="2af5d521-8bbc-18e1-6f8f-3295fdc1595d" executionId="1379edd6-8593-46f1-8ef6-cb917d6d2995" testListId="8c84fa94-04c1-424b-9868-57a2d4851a1d" />
    <TestEntry testId="290198e6-9e43-4652-4f5c-0f6d6f1957db" executionId="6ae1d329-4c13-4b2b-b32d-26bd6da581b1" testListId="8c84fa94-04c1-424b-9868-57a2d4851a1d" />
    <TestEntry testId="f9896d02-1512-0bc3-3b97-972541c5aed1" executionId="f513f518-de27-4fda-a392-e0bd45bba2f6" testListId="8c84fa94-04c1-424b-9868-57a2d4851a1d" />
    <TestEntry testId="8a4e895b-3fab-3c43-fe91-30e3dc726416" executionId="0ff332d8-1349-4a07-af07-4851616a5dd1" testListId="8c84fa94-04c1-424b-9868-57a2d4851a1d" />
    <TestEntry testId="4381a2d3-3c5e-0121-bc24-ad5cb9d3dc12" executionId="29fb90f7-3e69-4e59-adcc-93dbd0b2e2e0" testListId="8c84fa94-04c1-424b-9868-57a2d4851a1d" />
    <TestEntry testId="6a92e63a-f1a3-aa78-4994-eb75fdd05cc5" executionId="75baa89c-717c-4a7b-8bcc-1fc4dcc80523" testListId="8c84fa94-04c1-424b-9868-57a2d4851a1d" />
    <TestEntry testId="a84d4932-de7d-529d-e19c-907684e520e8" executionId="f13d333b-2a54-4d30-937c-c0c5aa6748d3" testListId="8c84fa94-04c1-424b-9868-57a2d4851a1d" />
    <TestEntry testId="7521487b-b800-dc37-e964-083a965c87bf" executionId="d26a8ddf-3afa-404b-a580-2749f089284b" testListId="8c84fa94-04c1-424b-9868-57a2d4851a1d" />
    <TestEntry testId="e9bd4bf2-b5da-2df3-10bc-38140977569d" executionId="1917a6a9-f628-41a8-a144-91e6b34ed5dd" testListId="8c84fa94-04c1-424b-9868-57a2d4851a1d" />
    <TestEntry testId="eb3e1b48-92a3-4ac3-b537-9b97539fad7b" executionId="23eb81f8-68ac-4262-b331-9b23bf906a8c" testListId="8c84fa94-04c1-424b-9868-57a2d4851a1d" />
    <TestEntry testId="e6168b43-db59-15ee-2867-16fe75fd5593" executionId="8d795f36-fceb-40e7-b437-7cde8f6abbb7" testListId="8c84fa94-04c1-424b-9868-57a2d4851a1d" />
    <TestEntry testId="9a2ba6b9-2b81-65ba-1e10-ab29f022efa1" executionId="96be0b90-74cb-4bcb-a7d6-74e41345034b" testListId="8c84fa94-04c1-424b-9868-57a2d4851a1d" />
    <TestEntry testId="05e3ebf0-ca7b-6d21-9008-cd93cd416b08" executionId="bb102930-4550-483d-8368-b07ea734b563" testListId="8c84fa94-04c1-424b-9868-57a2d4851a1d" />
    <TestEntry testId="e8666d10-f6c2-324b-6b0e-e4b2d17eec15" executionId="3c57e7db-6268-4ade-bcff-d48c3b2c6b2c" testListId="8c84fa94-04c1-424b-9868-57a2d4851a1d" />
    <TestEntry testId="068bb2c8-661a-10ed-a30c-7de3cde0c6e9" executionId="43d4b519-aee5-4ba6-8cf8-eed207176aa5" testListId="8c84fa94-04c1-424b-9868-57a2d4851a1d" />
    <TestEntry testId="cc2f0458-7e3c-9c3d-dda6-64eadd456796" executionId="e0642ee9-00cd-48d0-a165-fc052719b01c" testListId="8c84fa94-04c1-424b-9868-57a2d4851a1d" />
    <TestEntry testId="59e40f78-ac27-6d17-266f-c4fd2832271d" executionId="d96078af-fcd1-4a34-a295-bd6e67033e54" testListId="8c84fa94-04c1-424b-9868-57a2d4851a1d" />
    <TestEntry testId="8a58a8dd-6e74-59e0-5a8b-8a3cdd925c79" executionId="397459a8-ee8f-4d05-b139-ad8fb4926afe" testListId="8c84fa94-04c1-424b-9868-57a2d4851a1d" />
    <TestEntry testId="0b368f5b-1c89-ec64-1ec5-dee8061ba3b3" executionId="f65adcd0-af49-4ea2-bbd6-58d04660ff55" testListId="8c84fa94-04c1-424b-9868-57a2d4851a1d" />
    <TestEntry testId="73ad64b2-400a-e2bf-e885-7761dc1b879c" executionId="890172cd-b7e4-4468-b55f-5baadf12cfa9" testListId="8c84fa94-04c1-424b-9868-57a2d4851a1d" />
    <TestEntry testId="da18fb30-4655-393f-9988-394ec1e6c1bb" executionId="ebb11516-a164-4ef3-82c4-b3091abb4798" testListId="8c84fa94-04c1-424b-9868-57a2d4851a1d" />
    <TestEntry testId="113d1804-31b6-160b-355c-4c16286495f8" executionId="eb15fda8-2e3a-4235-be9a-40946105f821" testListId="8c84fa94-04c1-424b-9868-57a2d4851a1d" />
    <TestEntry testId="3aa9c7c4-1477-1ebf-7e13-c7cd4a09b351" executionId="9c0d88e0-972a-4a48-b754-b7054805d173" testListId="8c84fa94-04c1-424b-9868-57a2d4851a1d" />
    <TestEntry testId="fd765706-fece-85c1-aaf1-a9c0a465fd55" executionId="2de5f62e-f78a-44a9-9161-7ac39a05d8dc" testListId="8c84fa94-04c1-424b-9868-57a2d4851a1d" />
    <TestEntry testId="dea06a7e-7ad6-8964-e101-42d6ae50a61f" executionId="e7f2479b-9d90-4465-8e0b-5bad5a1bae8d" testListId="8c84fa94-04c1-424b-9868-57a2d4851a1d" />
    <TestEntry testId="c1d31aec-ba11-ae2a-3d1e-d8528d8e9d7f" executionId="8ee462de-6776-48a2-b3d2-3f283166c0ad" testListId="8c84fa94-04c1-424b-9868-57a2d4851a1d" />
    <TestEntry testId="b6e0eee9-ccff-1841-5159-192acffe7d54" executionId="70cc1bd4-ddab-40bc-9253-8038af930652" testListId="8c84fa94-04c1-424b-9868-57a2d4851a1d" />
    <TestEntry testId="a5bff13c-597c-eaf5-9a03-5b17d5688856" executionId="a6e3ad62-cd01-4b2f-a2b4-d3502267e9c1" testListId="8c84fa94-04c1-424b-9868-57a2d4851a1d" />
    <TestEntry testId="0439a172-009c-f501-9d08-38e22fac348b" executionId="12371a9e-b004-4562-b1ce-2472ffda5abb" testListId="8c84fa94-04c1-424b-9868-57a2d4851a1d" />
    <TestEntry testId="3b0ed5c5-28f4-8748-a0ec-63e3ab74f342" executionId="ca12dd24-1f05-46ea-8697-9f43a87c5c13" testListId="8c84fa94-04c1-424b-9868-57a2d4851a1d" />
    <TestEntry testId="22e18a3c-fbe2-f5a0-ac98-8ca4729414c8" executionId="dc21f8dd-1dc4-4d89-9ba8-4a06b0d00ff6" testListId="8c84fa94-04c1-424b-9868-57a2d4851a1d" />
    <TestEntry testId="bd94d8bc-ab63-7767-a91c-935732aae600" executionId="ebb9f462-40cc-4b92-ab81-e97ee7deb61d" testListId="8c84fa94-04c1-424b-9868-57a2d4851a1d" />
    <TestEntry testId="802c6bf1-b2bb-dd75-dd57-f0dad1e37480" executionId="06e9b04d-b97f-4c4f-a49e-ff2dff677dcf" testListId="8c84fa94-04c1-424b-9868-57a2d4851a1d" />
    <TestEntry testId="45cf2d7a-2062-ef4f-44da-bfd3ef3112ba" executionId="7e15f1b6-7e09-4de2-83f5-dbcceb790351" testListId="8c84fa94-04c1-424b-9868-57a2d4851a1d" />
    <TestEntry testId="24adbf6a-5db3-0671-76a8-020bd6ad9b9b" executionId="b49122a5-e5fc-4ff0-8ec5-3233cc989422" testListId="8c84fa94-04c1-424b-9868-57a2d4851a1d" />
    <TestEntry testId="1fdee127-23bb-ff0c-9276-8ac196e40077" executionId="6f1dd1be-e5a8-406f-9e2f-b5a200b4f8e6" testListId="8c84fa94-04c1-424b-9868-57a2d4851a1d" />
    <TestEntry testId="f6e59f5b-ba50-e34c-4086-51e15af6c152" executionId="109c8774-497b-49f8-a6e0-476dbf57adde" testListId="8c84fa94-04c1-424b-9868-57a2d4851a1d" />
    <TestEntry testId="e56d7f60-ae86-4c76-0aba-91f49dfb5659" executionId="b698c78d-0ce1-4435-9a98-af9e57d0a300" testListId="8c84fa94-04c1-424b-9868-57a2d4851a1d" />
    <TestEntry testId="2e72d041-95ef-42d2-a9b4-4e0a8647c8b5" executionId="6d72f5a0-2821-4da5-9fe4-6628d689d381" testListId="8c84fa94-04c1-424b-9868-57a2d4851a1d" />
    <TestEntry testId="cfb95d60-8354-a841-9f4b-0521240aa0b7" executionId="4c710063-2030-43ab-8dc5-b822c36f42c2" testListId="8c84fa94-04c1-424b-9868-57a2d4851a1d" />
    <TestEntry testId="f5511270-0fb3-efe2-4c7f-a5b555764879" executionId="5f5d62d6-7494-41cc-bcfa-991a1b19397f" testListId="8c84fa94-04c1-424b-9868-57a2d4851a1d" />
    <TestEntry testId="cee40b1c-44fd-06f2-8c32-6296e8ff547c" executionId="7ecfa9a6-d12c-414f-8c6b-83680c10b4a3" testListId="8c84fa94-04c1-424b-9868-57a2d4851a1d" />
    <TestEntry testId="24926e17-a02a-4047-b4e3-04a156766c48" executionId="18558905-695f-4cdc-955f-b89bb1699581" testListId="8c84fa94-04c1-424b-9868-57a2d4851a1d" />
    <TestEntry testId="18d615e6-1fa1-eef4-9b1c-cbc8d21e6b51" executionId="ebf38705-638b-4f35-a851-78ee7ee02658" testListId="8c84fa94-04c1-424b-9868-57a2d4851a1d" />
    <TestEntry testId="27a9f2fd-209f-b60a-fd64-787694905fbb" executionId="b96629ca-62c5-422f-a655-71661782a863" testListId="8c84fa94-04c1-424b-9868-57a2d4851a1d" />
    <TestEntry testId="c065f0d0-2817-1867-185a-3ef7d09d25ee" executionId="9885d3e8-590e-4a5f-a473-e2ab1f847999" testListId="8c84fa94-04c1-424b-9868-57a2d4851a1d" />
    <TestEntry testId="528ff103-a748-eb55-6417-ec32a3dcef5f" executionId="3c3ccd48-0693-4a45-a0b1-dda56fc9c96f" testListId="8c84fa94-04c1-424b-9868-57a2d4851a1d" />
    <TestEntry testId="1f5e1d3e-236e-bc5a-967a-dd18746e51f8" executionId="5bcf59fe-5cc0-4728-aef3-c389b09af283" testListId="8c84fa94-04c1-424b-9868-57a2d4851a1d" />
    <TestEntry testId="90586c4d-1967-aac1-3fe3-337d63ef5e5c" executionId="a36b3e4d-2a86-472d-bae6-54f060a60f65" testListId="8c84fa94-04c1-424b-9868-57a2d4851a1d" />
    <TestEntry testId="004341c7-cec2-0f4b-c539-539d094096cc" executionId="ee368cea-4889-4c4f-a7a7-6c5f3b38447a" testListId="8c84fa94-04c1-424b-9868-57a2d4851a1d" />
    <TestEntry testId="ccd931b9-83eb-8412-c54e-c74b9b6b8868" executionId="67a1d4ff-a71f-402b-9ba7-506ce935364f" testListId="8c84fa94-04c1-424b-9868-57a2d4851a1d" />
    <TestEntry testId="4ddc8e24-b9ee-cffa-b889-52ce91adfc5f" executionId="33cbcb3d-da00-4ebd-9bfe-c819835aaf4c" testListId="8c84fa94-04c1-424b-9868-57a2d4851a1d" />
    <TestEntry testId="5be3ce35-ce99-9457-150c-dbfb4aa2dbc9" executionId="97556f0d-5529-4af5-beb2-5415444f8d2f" testListId="8c84fa94-04c1-424b-9868-57a2d4851a1d" />
    <TestEntry testId="25c9d848-d632-706e-91c2-392c75fc1d51" executionId="3446e57f-f69a-46cd-aaad-a1d78dab6bb5" testListId="8c84fa94-04c1-424b-9868-57a2d4851a1d" />
    <TestEntry testId="6f0c4fd5-1396-4a2d-d737-3b757b6cb543" executionId="3b6b6f9e-9707-4a1c-8d6c-93e6cd4474ef" testListId="8c84fa94-04c1-424b-9868-57a2d4851a1d" />
    <TestEntry testId="e5d974c9-a0eb-025e-acd9-38d4a0697b9c" executionId="0ea993a2-b423-49da-98f2-37385a054daf" testListId="8c84fa94-04c1-424b-9868-57a2d4851a1d" />
    <TestEntry testId="bc9f7a9f-c2f9-662c-88d8-25167e8477ca" executionId="c25f1de5-c21f-4a1b-a6b6-8d7878e3a1cc" testListId="8c84fa94-04c1-424b-9868-57a2d4851a1d" />
    <TestEntry testId="defafc91-1d2c-fc1f-49c6-e12ed3f63e94" executionId="2ec83496-f1d6-4f8c-90c1-a36f71b2b8b8" testListId="8c84fa94-04c1-424b-9868-57a2d4851a1d" />
    <TestEntry testId="5b723daf-af09-91a0-345a-c135ce16530e" executionId="ef5b4358-4bd2-4a83-b7dc-eebd7043ae5d" testListId="8c84fa94-04c1-424b-9868-57a2d4851a1d" />
    <TestEntry testId="f57a2b07-8e8c-9d76-cc0f-8d89bdca0ca4" executionId="7e2b1a61-8999-48f8-88f8-b1f9f557e7f2" testListId="8c84fa94-04c1-424b-9868-57a2d4851a1d" />
    <TestEntry testId="9c9f11d7-7c4b-75ce-a5d7-663cc80417fd" executionId="4f9f192f-d653-401b-b1e5-603eb5913e12" testListId="8c84fa94-04c1-424b-9868-57a2d4851a1d" />
    <TestEntry testId="3ec56139-2f5b-f0af-bf69-a8e82986d9a3" executionId="03444823-828d-41c0-a7fc-92fe72e63a18" testListId="8c84fa94-04c1-424b-9868-57a2d4851a1d" />
    <TestEntry testId="29199b1a-8dc7-6a91-9c06-a34a15275ea8" executionId="9b68a6bc-5b08-4b33-bb77-19ca5598cfb0" testListId="8c84fa94-04c1-424b-9868-57a2d4851a1d" />
    <TestEntry testId="6afda4e9-9f8c-3237-b982-85b4612c3d18" executionId="c9144cde-af99-4177-9670-f6e235e7772a" testListId="8c84fa94-04c1-424b-9868-57a2d4851a1d" />
    <TestEntry testId="77d97a86-1a5d-d799-c662-580704ebb4ff" executionId="6efc15fb-a838-4b8c-a67c-3d5eb63ab9d0" testListId="8c84fa94-04c1-424b-9868-57a2d4851a1d" />
    <TestEntry testId="020278e1-db17-5a0f-fbe8-5c9de3d6118a" executionId="44c338d7-fe13-4cb0-a882-af6eff55ce14" testListId="8c84fa94-04c1-424b-9868-57a2d4851a1d" />
    <TestEntry testId="c0093cb3-d174-c24c-af87-4058fe1e0e56" executionId="a1a0ad91-0e5d-4d82-b6c1-154a9ca41d92" testListId="8c84fa94-04c1-424b-9868-57a2d4851a1d" />
    <TestEntry testId="ff890d3e-b7b7-d9b4-ed83-b859b02d2dc2" executionId="1f7d0299-9f34-4654-9521-58ca800b0554" testListId="8c84fa94-04c1-424b-9868-57a2d4851a1d" />
    <TestEntry testId="0723f267-425a-81f7-9210-a8b891ed5292" executionId="c38b1d01-b61a-416f-907e-15e27c60456d" testListId="8c84fa94-04c1-424b-9868-57a2d4851a1d" />
    <TestEntry testId="afb9dd82-29f0-cf09-f921-bfceb82c5ba9" executionId="8bc343f8-417e-4526-bb41-386936a8771b" testListId="8c84fa94-04c1-424b-9868-57a2d4851a1d" />
    <TestEntry testId="307fe22a-fac9-b87a-1216-aca73ee96639" executionId="c70bc4b9-e81f-47ad-956a-e34d9d5c457e" testListId="8c84fa94-04c1-424b-9868-57a2d4851a1d" />
    <TestEntry testId="08e6f33d-3e40-08d5-9977-fd4c7de4b765" executionId="f526b51d-8d70-4363-a6da-81c2268a5925" testListId="8c84fa94-04c1-424b-9868-57a2d4851a1d" />
    <TestEntry testId="dc1305d6-a7c3-72c4-dd11-a29a047e7029" executionId="814accc6-6d43-4ab1-9080-a9aaee46e6da" testListId="8c84fa94-04c1-424b-9868-57a2d4851a1d" />
    <TestEntry testId="c915de97-2303-a6b8-fd02-ef6b7a768381" executionId="35f063b7-5834-47ac-9f9f-7a319b260158" testListId="8c84fa94-04c1-424b-9868-57a2d4851a1d" />
    <TestEntry testId="e0b8b063-cc2e-f702-2b53-1f80cea70f32" executionId="688f9a0e-cb67-48e5-bef7-60646f3627bb" testListId="8c84fa94-04c1-424b-9868-57a2d4851a1d" />
    <TestEntry testId="8f187ae8-0766-75f6-92c8-4065ce3ca9e1" executionId="19dbb5a3-739d-4750-8a66-c3fed6360531" testListId="8c84fa94-04c1-424b-9868-57a2d4851a1d" />
    <TestEntry testId="39d84630-3e13-bb2a-de9f-5cd03c05fc3b" executionId="d0867346-1c2f-4293-bdf5-161d945b7ba2" testListId="8c84fa94-04c1-424b-9868-57a2d4851a1d" />
    <TestEntry testId="46a9610b-f156-f766-715e-a2a222591964" executionId="2732faf3-7abc-4edf-8bd7-9f9b2ed3400a" testListId="8c84fa94-04c1-424b-9868-57a2d4851a1d" />
    <TestEntry testId="bbf8c752-4784-ef40-3db3-d74c499ba536" executionId="acb6a800-3f38-4ca4-8337-3ce117dc6c5a" testListId="8c84fa94-04c1-424b-9868-57a2d4851a1d" />
    <TestEntry testId="954c9117-406b-1754-d99a-c6a327b0d5d4" executionId="c08274c6-44d7-4cdb-938f-5df1a288112a" testListId="8c84fa94-04c1-424b-9868-57a2d4851a1d" />
    <TestEntry testId="66af18d1-3c4a-bdc0-363d-39fdb1c16fb5" executionId="e5428b31-87dd-41ab-9e4c-bc7a1f3f50ab" testListId="8c84fa94-04c1-424b-9868-57a2d4851a1d" />
    <TestEntry testId="d2e0f34d-8861-b808-10a0-dd1e3ad0a537" executionId="98689133-4670-4545-99ae-fe7cc8b4d55f" testListId="8c84fa94-04c1-424b-9868-57a2d4851a1d" />
    <TestEntry testId="c2067aaa-c435-63c7-5ffc-c02780c3c66c" executionId="de35a762-c385-4415-8a6a-4b3957001884" testListId="8c84fa94-04c1-424b-9868-57a2d4851a1d" />
    <TestEntry testId="5c0a09c0-9baa-c1c5-77a2-5d4bd6f2283d" executionId="2c979425-3570-4871-87bb-5357d2dd7a97" testListId="8c84fa94-04c1-424b-9868-57a2d4851a1d" />
    <TestEntry testId="134b6de9-b038-4f94-f3f5-719f775f15b7" executionId="5337054d-44f2-4a4b-8c6d-86b4761dd888" testListId="8c84fa94-04c1-424b-9868-57a2d4851a1d" />
    <TestEntry testId="a5a83dbc-7dbf-2fc7-63d9-c3c32958ddb2" executionId="1c408c36-3bc1-422b-858b-bb13fc6f4eab" testListId="8c84fa94-04c1-424b-9868-57a2d4851a1d" />
    <TestEntry testId="c17e6a49-5090-3c4e-6c3c-c83ce25eb232" executionId="e04ade34-4f79-439c-91b2-6ada244a38b3" testListId="8c84fa94-04c1-424b-9868-57a2d4851a1d" />
    <TestEntry testId="bfd927da-87a0-bf65-ed2b-dd9388826410" executionId="b9b25b30-fd8d-4fdb-ae9f-805b1c5976f9" testListId="8c84fa94-04c1-424b-9868-57a2d4851a1d" />
    <TestEntry testId="f10d3486-2847-7d12-3e88-c0a981db92bc" executionId="40965c76-bbd7-4247-8283-91908bc6ede9" testListId="8c84fa94-04c1-424b-9868-57a2d4851a1d" />
    <TestEntry testId="25d0d593-c917-5b84-83b3-a4ee44dec843" executionId="44cb5a75-5b6d-4080-9ac5-107ee69b976c" testListId="8c84fa94-04c1-424b-9868-57a2d4851a1d" />
    <TestEntry testId="95addf67-51d6-243f-594c-cd203efa3cab" executionId="1dc985e4-a5ed-485c-87ef-c52537682608" testListId="8c84fa94-04c1-424b-9868-57a2d4851a1d" />
    <TestEntry testId="1b538ca9-c94c-0790-db61-f82e581895c1" executionId="070b2b8e-7a74-493f-82f6-61289b49d3ef" testListId="8c84fa94-04c1-424b-9868-57a2d4851a1d" />
    <TestEntry testId="feade2f2-c9fd-971a-67c4-c7ca175b076d" executionId="2025e4cf-4237-44c0-b8eb-93969674516d" testListId="8c84fa94-04c1-424b-9868-57a2d4851a1d" />
    <TestEntry testId="279c7b2c-62d7-e632-1d8c-7c130e62a06d" executionId="db5e4f2b-4952-46af-b074-207bdfb7f368" testListId="8c84fa94-04c1-424b-9868-57a2d4851a1d" />
    <TestEntry testId="f946c001-2088-2a4c-235b-e55c2bf881df" executionId="506bd4fd-7ec1-48a0-a129-1903cb8c9096" testListId="8c84fa94-04c1-424b-9868-57a2d4851a1d" />
    <TestEntry testId="c2de417d-b1d2-eef7-c7a6-ad1c229cf712" executionId="4b603ef3-3e9f-40cf-b476-d0979942db57" testListId="8c84fa94-04c1-424b-9868-57a2d4851a1d" />
    <TestEntry testId="5807c780-3308-306a-b3ff-0496876717a2" executionId="65d60f58-ffc8-4075-adc6-ce5f601aed9c" testListId="8c84fa94-04c1-424b-9868-57a2d4851a1d" />
    <TestEntry testId="3e58a3f3-e167-2cb9-8bde-357e5cd2944a" executionId="43e3a960-e89e-477f-8415-55f0da594f98" testListId="8c84fa94-04c1-424b-9868-57a2d4851a1d" />
    <TestEntry testId="dd495a7f-5dd2-ba1f-ce8f-cc15c274d433" executionId="e5008f7c-b90e-4ee4-9510-e36566339c61" testListId="8c84fa94-04c1-424b-9868-57a2d4851a1d" />
    <TestEntry testId="6bd29839-713f-ccba-0e0c-5fbc266ff70b" executionId="861ebcd2-9f13-467d-a9ed-e6b7b52da4b8" testListId="8c84fa94-04c1-424b-9868-57a2d4851a1d" />
    <TestEntry testId="82a2d9e3-3271-538d-6079-95f7f4aa07c1" executionId="bcaf315e-629f-41a3-9ee5-3204795803d5" testListId="8c84fa94-04c1-424b-9868-57a2d4851a1d" />
    <TestEntry testId="720dced2-e8a9-630a-c740-35e6bc8220cd" executionId="d0ea2c76-c3b3-4112-b5ed-873c1a72d133" testListId="8c84fa94-04c1-424b-9868-57a2d4851a1d" />
    <TestEntry testId="48c8ede3-08d7-325a-e284-aeded3841607" executionId="93a3a76f-8154-420e-9840-9b47f2cfebdb" testListId="8c84fa94-04c1-424b-9868-57a2d4851a1d" />
    <TestEntry testId="a31c3542-4e38-bd00-15b1-6d91136089ff" executionId="35e85b78-ca9a-4b01-a9a9-ddb94e081c01" testListId="8c84fa94-04c1-424b-9868-57a2d4851a1d" />
    <TestEntry testId="5b81d6e5-094a-36a1-d020-7e14c1925021" executionId="007df2c7-ba1b-4572-8ce3-47407e3b2ece" testListId="8c84fa94-04c1-424b-9868-57a2d4851a1d" />
    <TestEntry testId="d2c6cd89-3134-4c47-ed4c-f9654d49986a" executionId="ac332a0c-aafb-46dd-bb07-2455cb135088" testListId="8c84fa94-04c1-424b-9868-57a2d4851a1d" />
    <TestEntry testId="df564ab0-dfdc-d966-9933-aab49384cecf" executionId="9fa808f0-bf52-4a4d-9078-baef69cf839b" testListId="8c84fa94-04c1-424b-9868-57a2d4851a1d" />
    <TestEntry testId="fd85e03e-0f3d-0871-554a-94dfeafc096e" executionId="11707cd6-6c51-4026-b239-e772937775db" testListId="8c84fa94-04c1-424b-9868-57a2d4851a1d" />
    <TestEntry testId="41ab5df0-246c-41ee-1afd-7874e186cabc" executionId="e53ed58b-06ec-4674-bfe6-be32d3402603" testListId="8c84fa94-04c1-424b-9868-57a2d4851a1d" />
    <TestEntry testId="b277a2ac-923b-e5c0-c105-5378a94b63a7" executionId="09c829fe-49e6-4efb-a454-605d9af11721" testListId="8c84fa94-04c1-424b-9868-57a2d4851a1d" />
    <TestEntry testId="58c42bcc-eb60-32a9-24ac-5c0aaccec6ed" executionId="31ca9c8b-759a-4b47-ae99-440a280cc04a" testListId="8c84fa94-04c1-424b-9868-57a2d4851a1d" />
    <TestEntry testId="884ecb2f-ce03-ec43-c561-69cc10afb055" executionId="4bf0bdd0-430e-4b5d-87eb-ff8a76fdcefc" testListId="8c84fa94-04c1-424b-9868-57a2d4851a1d" />
    <TestEntry testId="c8b65bc1-31fc-e839-1b8f-c9084a99b790" executionId="7dfc379c-c9e6-46e3-ad57-d52adcf16109" testListId="8c84fa94-04c1-424b-9868-57a2d4851a1d" />
    <TestEntry testId="ff838e13-6bab-731d-a74c-6f0fc683652a" executionId="176f8c9e-83d9-4915-9b51-fc76e0c6f65a" testListId="8c84fa94-04c1-424b-9868-57a2d4851a1d" />
    <TestEntry testId="a2b7e2de-0db6-3731-43cf-cc62cedd9a68" executionId="f3063556-783a-4178-be74-6740110f2068" testListId="8c84fa94-04c1-424b-9868-57a2d4851a1d" />
    <TestEntry testId="aa9c40ce-f613-f729-f8f5-0d43cbdfea0e" executionId="d1cc7014-b6ac-4c9b-bc60-d80373b4fa1f" testListId="8c84fa94-04c1-424b-9868-57a2d4851a1d" />
    <TestEntry testId="a3a86eec-fc7e-0b7c-774b-2ea596e0516f" executionId="bb37a3e7-be32-4d5a-a76c-164954c0a30e" testListId="8c84fa94-04c1-424b-9868-57a2d4851a1d" />
    <TestEntry testId="a490e7e3-6c82-1670-0095-a769f3bb9318" executionId="323b9d6a-d067-4150-84c6-d2e0cd65a26f" testListId="8c84fa94-04c1-424b-9868-57a2d4851a1d" />
    <TestEntry testId="77859cfb-b1e5-83eb-e2d0-c9d51897f8dd" executionId="f1bd878f-fb27-4e82-94f8-100bb7df7c68" testListId="8c84fa94-04c1-424b-9868-57a2d4851a1d" />
    <TestEntry testId="1d1d1b7c-0ecd-b276-388a-9342bac3302f" executionId="b7ad8ea8-0ed0-4431-ac41-8fdba9d61821" testListId="8c84fa94-04c1-424b-9868-57a2d4851a1d" />
    <TestEntry testId="401030be-29d7-eb86-f18e-56652d09e0bd" executionId="c4b1623a-b540-4307-b3f1-d798435cfd24" testListId="8c84fa94-04c1-424b-9868-57a2d4851a1d" />
    <TestEntry testId="ea65016e-24ff-18d8-4db6-a882b2acfbf0" executionId="2c2bd307-a884-400f-ad3e-7db6abd062a1" testListId="8c84fa94-04c1-424b-9868-57a2d4851a1d" />
    <TestEntry testId="a5ffaab7-821c-1c5c-3d56-be1c034329a5" executionId="1936eb12-91e0-4efe-a7e0-4f5cf7dee01a" testListId="8c84fa94-04c1-424b-9868-57a2d4851a1d" />
    <TestEntry testId="07a3a7ab-d824-7f57-0071-5feb7879d8a0" executionId="fcc449a6-1fce-4ecd-93a3-c09cbde30da9" testListId="8c84fa94-04c1-424b-9868-57a2d4851a1d" />
    <TestEntry testId="8fc1b219-abfe-5492-9bb2-5cbc109a469b" executionId="948cec21-95c5-4647-a074-ed5805c19b27" testListId="8c84fa94-04c1-424b-9868-57a2d4851a1d" />
    <TestEntry testId="2b7d3970-312d-bf9b-fc45-5480e81b41d5" executionId="94b92211-0815-45f5-90b5-a6ba3946aef7" testListId="8c84fa94-04c1-424b-9868-57a2d4851a1d" />
    <TestEntry testId="377004f2-12bc-34ff-6f42-7950b88a086a" executionId="12052914-00c4-4938-afaf-3c0e55ca02a0" testListId="8c84fa94-04c1-424b-9868-57a2d4851a1d" />
    <TestEntry testId="342188ed-743e-2359-1157-dbb857f7fc35" executionId="ce8f3074-a07c-4048-a153-9cde5992885b" testListId="8c84fa94-04c1-424b-9868-57a2d4851a1d" />
    <TestEntry testId="ed97397d-6e25-ff1f-91ac-7705c9785c03" executionId="1321ee43-fcd7-462f-81e3-32efe9448cd2" testListId="8c84fa94-04c1-424b-9868-57a2d4851a1d" />
    <TestEntry testId="25485208-776a-1dd8-a7a5-59f6826241a1" executionId="e75cab36-230e-4b7b-b40d-41562cbd49ba" testListId="8c84fa94-04c1-424b-9868-57a2d4851a1d" />
    <TestEntry testId="cd279f50-0712-03f7-c7c8-2a1f84e48d3b" executionId="1f873714-90ca-4173-a654-69bf2652ac3a" testListId="8c84fa94-04c1-424b-9868-57a2d4851a1d" />
    <TestEntry testId="e182530e-f038-5140-1406-9bac6a04acfb" executionId="11d309e5-a112-4b75-bff8-3b109e390b15" testListId="8c84fa94-04c1-424b-9868-57a2d4851a1d" />
    <TestEntry testId="393d81cc-45e8-faf1-67a6-0c691df5ec41" executionId="4eee0865-f842-4d14-a568-b2272ad58507" testListId="8c84fa94-04c1-424b-9868-57a2d4851a1d" />
    <TestEntry testId="d7846be6-7e4b-5ce8-dbd4-5fe5d9692e54" executionId="3f722196-7532-4d51-8b51-14eab2b2a3ff" testListId="8c84fa94-04c1-424b-9868-57a2d4851a1d" />
    <TestEntry testId="6c1b5a96-836b-feef-a077-eaf20f42c48a" executionId="11b7c0f7-dade-4e54-95d5-ebe982b1a15c" testListId="8c84fa94-04c1-424b-9868-57a2d4851a1d" />
    <TestEntry testId="01e65a26-a5d3-bfb1-c381-2771c7672c34" executionId="84290e64-9a11-49e8-9401-477fb8e8aa8a" testListId="8c84fa94-04c1-424b-9868-57a2d4851a1d" />
    <TestEntry testId="d5be28e1-6c3d-d460-ac2c-bc69a9e330d2" executionId="790a60fe-317b-435d-b301-783abd852698" testListId="8c84fa94-04c1-424b-9868-57a2d4851a1d" />
    <TestEntry testId="511efe37-5a1d-2f29-8a7a-19f0a3d16960" executionId="57b9eaa2-9034-478c-b3d6-b7bff3863ca6" testListId="8c84fa94-04c1-424b-9868-57a2d4851a1d" />
    <TestEntry testId="4373c99e-3f83-f1f8-6ffe-41af6d8c0142" executionId="ccb61081-9df6-4efa-b6ab-b8af702fed2b" testListId="8c84fa94-04c1-424b-9868-57a2d4851a1d" />
    <TestEntry testId="db3948b9-824e-0a4d-0cde-8550e9e2e4aa" executionId="304ff593-3a63-4567-999c-046ec16fddc9" testListId="8c84fa94-04c1-424b-9868-57a2d4851a1d" />
    <TestEntry testId="28029fc9-a988-acd3-7aef-3072786cc6bb" executionId="779b558f-14ff-4c0c-8e39-db4e2092fedc" testListId="8c84fa94-04c1-424b-9868-57a2d4851a1d" />
    <TestEntry testId="283fd4b2-e50d-4660-e957-612a080e8dde" executionId="3587a195-dd73-4504-aa3a-606943b18dc8" testListId="8c84fa94-04c1-424b-9868-57a2d4851a1d" />
    <TestEntry testId="6167cf0e-2ca8-10aa-73f7-b2bdd77f7e36" executionId="c98b3eef-fb4d-4f27-8b29-b0df8f7d9d69" testListId="8c84fa94-04c1-424b-9868-57a2d4851a1d" />
    <TestEntry testId="f279c340-43e7-4882-4d5a-daf8021a3315" executionId="f00e9d14-7ff9-4b14-8fef-3d07dcfe9ebe" testListId="8c84fa94-04c1-424b-9868-57a2d4851a1d" />
    <TestEntry testId="7d262306-28f5-9c61-9381-2d687acc0526" executionId="50f9a275-98e9-44e8-85ba-dd735dd46ac5" testListId="8c84fa94-04c1-424b-9868-57a2d4851a1d" />
    <TestEntry testId="7ef7cf9e-9410-bfa9-57b6-c831f6653307" executionId="1351762b-1ac8-4fcf-aaf0-22c41d0e32af" testListId="8c84fa94-04c1-424b-9868-57a2d4851a1d" />
    <TestEntry testId="5f178983-1688-fde2-250e-ccd47c9963d9" executionId="65227f2d-f4f2-45e9-9b59-2f754928d082" testListId="8c84fa94-04c1-424b-9868-57a2d4851a1d" />
    <TestEntry testId="40d53ff8-3a7f-523a-57c0-cd22766755d4" executionId="4e8c7325-8058-4157-86f3-8e45ffe6d051" testListId="8c84fa94-04c1-424b-9868-57a2d4851a1d" />
    <TestEntry testId="4d95bc9a-0fda-0918-db17-181daa82a179" executionId="2f5f2524-ff17-4e7e-a619-0836c3dfed11" testListId="8c84fa94-04c1-424b-9868-57a2d4851a1d" />
    <TestEntry testId="488c9566-159e-023d-55f9-6135ea491195" executionId="8ce1cb90-4583-4f99-9bbf-6447315b471a" testListId="8c84fa94-04c1-424b-9868-57a2d4851a1d" />
    <TestEntry testId="bb2297a8-8bdb-2449-af8c-583927bbd3b1" executionId="fcc8c65e-12b7-49c8-aa8e-c20a92819ec6" testListId="8c84fa94-04c1-424b-9868-57a2d4851a1d" />
    <TestEntry testId="de2b3727-42bd-f3c1-88ed-aedeb1f59a88" executionId="29927128-1c4e-41f6-9bd8-74c797017afc" testListId="8c84fa94-04c1-424b-9868-57a2d4851a1d" />
    <TestEntry testId="406ea4ef-9543-88d7-8b75-4f1c74009154" executionId="09ca7402-0c7e-49c2-9502-78d0adea9ac8" testListId="8c84fa94-04c1-424b-9868-57a2d4851a1d" />
    <TestEntry testId="12b2272e-7e3e-149e-15be-364df403867d" executionId="9425e804-86bc-4a8a-bcbb-68f852cb8c13" testListId="8c84fa94-04c1-424b-9868-57a2d4851a1d" />
    <TestEntry testId="640f2c79-4967-64e1-22df-3628571d9acc" executionId="bf8815a1-90ad-4faf-88eb-5222fb5f4baf" testListId="8c84fa94-04c1-424b-9868-57a2d4851a1d" />
    <TestEntry testId="84d3882a-5020-37f2-ee66-e79b1bc2b5cd" executionId="e7f75c7c-097c-4aab-bb2e-2f6b68a271c1" testListId="8c84fa94-04c1-424b-9868-57a2d4851a1d" />
    <TestEntry testId="90280cc0-709a-6c6d-8bb6-ae7ecee93410" executionId="a27fb400-5aec-4bd9-ab1a-62da4b0080ec" testListId="8c84fa94-04c1-424b-9868-57a2d4851a1d" />
    <TestEntry testId="fda3a10d-ad1f-2ed2-cd85-9dbb0bec604d" executionId="35832412-9bb0-4786-8a19-e9c0209177f4" testListId="8c84fa94-04c1-424b-9868-57a2d4851a1d" />
    <TestEntry testId="c9625d65-b8bc-1d40-44b2-ce27ca68ed64" executionId="a0a8302d-ba0e-4aef-8138-cf8c428b0b32" testListId="8c84fa94-04c1-424b-9868-57a2d4851a1d" />
    <TestEntry testId="5a6868e3-15dc-eaff-d9f4-826de8d42491" executionId="027821de-1f8e-4851-b0fe-568740e65e2a" testListId="8c84fa94-04c1-424b-9868-57a2d4851a1d" />
    <TestEntry testId="6cd5c2e3-097a-d9af-6be7-8207142d750b" executionId="ff7ee6a9-49af-4c41-acbb-a65f97c75312" testListId="8c84fa94-04c1-424b-9868-57a2d4851a1d" />
    <TestEntry testId="e0eaad24-e7e1-f8e8-5bb5-f3e620df494d" executionId="9fec9147-3f19-49c2-a889-ee830ac354f8" testListId="8c84fa94-04c1-424b-9868-57a2d4851a1d" />
    <TestEntry testId="f1bd97b0-6b78-7a86-f2e6-3fc0ddc07936" executionId="fc3b9de8-3f23-46d2-90b4-3f875b4f454c" testListId="8c84fa94-04c1-424b-9868-57a2d4851a1d" />
    <TestEntry testId="b542b2a9-c57b-a34c-f3ad-0fcb0432bf83" executionId="69eba25f-6522-4562-8c6a-18fa80b7620e" testListId="8c84fa94-04c1-424b-9868-57a2d4851a1d" />
    <TestEntry testId="cae34a4f-22ac-a10a-8927-08673a15abcf" executionId="3dfd5b96-97f7-47c2-be54-2c0b191e5d95" testListId="8c84fa94-04c1-424b-9868-57a2d4851a1d" />
    <TestEntry testId="d982fa03-1651-7dd0-09f2-cee6e3c387f8" executionId="da630db5-3545-4b06-b29b-e897bc3bf441" testListId="8c84fa94-04c1-424b-9868-57a2d4851a1d" />
    <TestEntry testId="44dbb50d-08f2-dffb-ccfd-36bc969d8e29" executionId="9057d9ba-5039-4726-bb7f-01543fb91510" testListId="8c84fa94-04c1-424b-9868-57a2d4851a1d" />
    <TestEntry testId="d2da5433-a822-a67e-5ede-9bc2986dc993" executionId="5c61a41c-9c35-4165-b87e-3b8f2b529d68" testListId="8c84fa94-04c1-424b-9868-57a2d4851a1d" />
    <TestEntry testId="1f6812f3-4be6-cb99-f24c-d7757f0c6bc6" executionId="3927e447-1403-4ebc-a211-b8cf15549da8" testListId="8c84fa94-04c1-424b-9868-57a2d4851a1d" />
    <TestEntry testId="2d732d99-5668-950b-70cf-b930fe884f89" executionId="6a4834a6-2681-4015-93d8-b5a8af2fe0ae" testListId="8c84fa94-04c1-424b-9868-57a2d4851a1d" />
    <TestEntry testId="9e77f6c7-c407-ae67-2194-60a57c0d0921" executionId="d8e621b7-5143-4c47-9aab-47fd11483ecf" testListId="8c84fa94-04c1-424b-9868-57a2d4851a1d" />
    <TestEntry testId="4ca6052f-c840-9732-5b12-a57797e01e31" executionId="4544e4af-805b-4804-b3a2-8746aaa6aab6" testListId="8c84fa94-04c1-424b-9868-57a2d4851a1d" />
    <TestEntry testId="7684af58-6d63-c0de-5c50-916e22c49de3" executionId="d6d4afa4-c632-4682-9243-d2df12b3fe59" testListId="8c84fa94-04c1-424b-9868-57a2d4851a1d" />
    <TestEntry testId="70dcc9dc-c083-81ab-1519-b9d7bec34896" executionId="33c37d63-2a81-4c54-9029-b413cb9eb54b" testListId="8c84fa94-04c1-424b-9868-57a2d4851a1d" />
    <TestEntry testId="a80f4070-2dfe-33e0-d5b2-9dc837f5874a" executionId="13e283bb-6183-4eac-a6c8-062ff4918256" testListId="8c84fa94-04c1-424b-9868-57a2d4851a1d" />
    <TestEntry testId="6ef51f53-4e1f-f25c-3e8d-6d67812652de" executionId="a3ea9511-b9fc-48b2-9ecb-7b00cc694282" testListId="8c84fa94-04c1-424b-9868-57a2d4851a1d" />
    <TestEntry testId="b380cbbf-930f-c228-c7ee-eed99192c386" executionId="fbbcf457-c4aa-477e-bbc5-3b8112748b0b" testListId="8c84fa94-04c1-424b-9868-57a2d4851a1d" />
    <TestEntry testId="3f918602-dadf-d659-fcd4-b69281a1b26c" executionId="ac32f3c3-95cc-4e71-9158-6b9975e1ccad" testListId="8c84fa94-04c1-424b-9868-57a2d4851a1d" />
    <TestEntry testId="a2a7beae-4d5d-b78f-d844-e7b8e96968ed" executionId="12216682-ddd0-45c2-80b3-e0701a5a8a2e" testListId="8c84fa94-04c1-424b-9868-57a2d4851a1d" />
    <TestEntry testId="fa4019b5-9f9e-ede1-e627-09b8a6572dec" executionId="e2b3e898-6c62-4da6-a43c-77dfc2de2448" testListId="8c84fa94-04c1-424b-9868-57a2d4851a1d" />
    <TestEntry testId="b3d5b776-7954-57de-ff89-1e86f8900464" executionId="1b6f828b-0784-4ddc-ac92-5ae8bc539cc4" testListId="8c84fa94-04c1-424b-9868-57a2d4851a1d" />
    <TestEntry testId="a94d41f2-a595-7d6a-84d4-8180033547b9" executionId="8453aab5-8aba-4827-a566-351486c7fe57" testListId="8c84fa94-04c1-424b-9868-57a2d4851a1d" />
    <TestEntry testId="b984f92d-a706-0efa-7529-e27732f102f9" executionId="642a43a4-0d42-4995-84b4-32d626f483d8" testListId="8c84fa94-04c1-424b-9868-57a2d4851a1d" />
    <TestEntry testId="9386d01f-8187-3c06-c9bc-5b2f08b810ad" executionId="6b029286-72e8-4f4c-b2c4-a83ebfd66c11" testListId="8c84fa94-04c1-424b-9868-57a2d4851a1d" />
    <TestEntry testId="c592003f-86a1-9459-54f2-eb8805c20ad1" executionId="05e57c30-665b-4323-8ca1-14c3956b86e3" testListId="8c84fa94-04c1-424b-9868-57a2d4851a1d" />
    <TestEntry testId="c0102209-d31c-5c79-287d-436f6eaba2e9" executionId="8de7c955-fb49-4ac8-9a2a-810a2efe863e" testListId="8c84fa94-04c1-424b-9868-57a2d4851a1d" />
    <TestEntry testId="b5d83e8e-4d0e-c182-b397-53e926517e1d" executionId="51443c58-de8a-49c5-8743-71137938692e" testListId="8c84fa94-04c1-424b-9868-57a2d4851a1d" />
    <TestEntry testId="79a478af-1207-210c-868d-402e7ff157d0" executionId="1a428230-eeb6-4877-ad98-12b6e68a9420" testListId="8c84fa94-04c1-424b-9868-57a2d4851a1d" />
    <TestEntry testId="7203a035-7bbe-0364-9105-54b3de255c94" executionId="e5f939bd-9e2d-4097-913a-ca93a65f9288" testListId="8c84fa94-04c1-424b-9868-57a2d4851a1d" />
    <TestEntry testId="ba173d83-84db-ecc2-8652-f1b2ec86e1cd" executionId="778c9b4e-c859-4927-854b-3af38ce28174" testListId="8c84fa94-04c1-424b-9868-57a2d4851a1d" />
    <TestEntry testId="35b95933-d90e-cd65-613c-bb2a742279ae" executionId="8996c01d-a07e-4948-80f1-0e1691d46c20" testListId="8c84fa94-04c1-424b-9868-57a2d4851a1d" />
    <TestEntry testId="cb1f0861-b2da-9616-9a03-c34074ad8358" executionId="87d69c84-2193-40b7-9b0e-b7170a367292" testListId="8c84fa94-04c1-424b-9868-57a2d4851a1d" />
    <TestEntry testId="faa274f9-c395-9ea7-05af-9e5a4cdb7bc9" executionId="cb32c4cf-869d-4bc7-805a-a1c6b53cf53a" testListId="8c84fa94-04c1-424b-9868-57a2d4851a1d" />
    <TestEntry testId="5eba6bf3-2152-e22a-9319-f2055f166c30" executionId="714d116c-5813-412d-b9e7-d326912c3969" testListId="8c84fa94-04c1-424b-9868-57a2d4851a1d" />
    <TestEntry testId="fe054a7c-0d44-5a6f-eb77-0e31b0cd3386" executionId="64dad299-004a-415d-be40-44bf334ca934" testListId="8c84fa94-04c1-424b-9868-57a2d4851a1d" />
    <TestEntry testId="813781e4-6529-b9c3-dc2f-c58adbd45c67" executionId="5c0ea253-4d21-41a1-9a67-0afcd032ae65" testListId="8c84fa94-04c1-424b-9868-57a2d4851a1d" />
    <TestEntry testId="bb95d783-f940-56c6-a483-cd099fc0b5c1" executionId="60ea114a-67b8-42c1-8616-adca7c06e238" testListId="8c84fa94-04c1-424b-9868-57a2d4851a1d" />
    <TestEntry testId="afbe5b29-1e4e-8f87-1e8c-93886f901956" executionId="ccca51e5-fe15-4445-b47d-fd4d9fff191c" testListId="8c84fa94-04c1-424b-9868-57a2d4851a1d" />
    <TestEntry testId="9ec24b6f-cdfa-8d79-eaa8-3c7fea23cd5b" executionId="690a42e0-f314-4870-9845-59f282d142a0" testListId="8c84fa94-04c1-424b-9868-57a2d4851a1d" />
    <TestEntry testId="dbe387cb-3f81-262a-5b42-c9d56349db35" executionId="231ec97e-a886-467a-80d4-ede55135eacf" testListId="8c84fa94-04c1-424b-9868-57a2d4851a1d" />
    <TestEntry testId="e56368fb-eec8-2178-32fc-f424cf4878e0" executionId="5d09561b-2576-464c-8920-06a63c6a91e2" testListId="8c84fa94-04c1-424b-9868-57a2d4851a1d" />
    <TestEntry testId="3f45bfd3-8a83-50a7-719e-3148e0885f1e" executionId="94569329-6868-474c-a9d6-a4b9381469aa" testListId="8c84fa94-04c1-424b-9868-57a2d4851a1d" />
    <TestEntry testId="f5e10d40-7608-a8d3-2b96-00d081cde0c3" executionId="00201ed5-935a-453b-8ecb-1b8a57b088ea" testListId="8c84fa94-04c1-424b-9868-57a2d4851a1d" />
    <TestEntry testId="8095e577-3bae-97b2-4ac6-e1de2fd8f54c" executionId="429ea48c-4dd3-4250-9b1a-8a717de720af" testListId="8c84fa94-04c1-424b-9868-57a2d4851a1d" />
    <TestEntry testId="aef9028d-d413-1f1a-acff-d17d12a2954f" executionId="14d207d9-c903-4e3a-b8f2-805faa361b42" testListId="8c84fa94-04c1-424b-9868-57a2d4851a1d" />
    <TestEntry testId="bb807532-955d-ce2e-d67e-1867fc5bb38e" executionId="21e35e4e-f9e8-45d8-9671-256994081929" testListId="8c84fa94-04c1-424b-9868-57a2d4851a1d" />
    <TestEntry testId="aa220007-2bbf-bd15-3df9-80fcb2d4d50d" executionId="6eeac130-ac60-47a9-b86b-5f8f45283885" testListId="8c84fa94-04c1-424b-9868-57a2d4851a1d" />
    <TestEntry testId="1ae2f0d9-b8fd-b6f0-51fe-1bc460adf506" executionId="124d29de-2c9b-4c94-bb58-d48360730813" testListId="8c84fa94-04c1-424b-9868-57a2d4851a1d" />
    <TestEntry testId="36877966-316f-b632-0a3d-234e6371a979" executionId="b7bbc372-6a6f-4df9-a3e1-4951d40f8cbe" testListId="8c84fa94-04c1-424b-9868-57a2d4851a1d" />
    <TestEntry testId="5e52fd3b-a97f-b641-940c-114fded929a9" executionId="c9329e02-9f71-420e-8443-d2c649587852" testListId="8c84fa94-04c1-424b-9868-57a2d4851a1d" />
    <TestEntry testId="df399b3b-65bd-eec7-8808-ddd74650eace" executionId="2f538039-cd32-4ab0-a38c-69bdba052c66" testListId="8c84fa94-04c1-424b-9868-57a2d4851a1d" />
    <TestEntry testId="73bf3234-dc5d-03b2-17ea-41170a93ce33" executionId="00164983-8841-4dd8-9a3e-6482efd2a533" testListId="8c84fa94-04c1-424b-9868-57a2d4851a1d" />
    <TestEntry testId="2452d0bf-6258-cf6b-3a40-dc31336f0d2b" executionId="b905845b-056d-462b-ba23-ce669efd554e" testListId="8c84fa94-04c1-424b-9868-57a2d4851a1d" />
    <TestEntry testId="27012b81-c5b2-e383-7be7-461e876f34c1" executionId="b17138fe-a5ca-4389-b2a7-f2871663e730" testListId="8c84fa94-04c1-424b-9868-57a2d4851a1d" />
    <TestEntry testId="d659df81-c32d-32dd-f460-15af9784ff57" executionId="0333347d-0e38-49cf-94a8-e2a08a966a4a" testListId="8c84fa94-04c1-424b-9868-57a2d4851a1d" />
    <TestEntry testId="7bef3f2e-3174-f256-d81f-c6c6f2c6d912" executionId="fbd5ef9b-70d3-496b-98fc-e3c56956b6d0" testListId="8c84fa94-04c1-424b-9868-57a2d4851a1d" />
    <TestEntry testId="12123a04-6a7d-9a7e-532b-47db46b56af1" executionId="cad8aaab-d285-4e43-b969-f7de438d91dc" testListId="8c84fa94-04c1-424b-9868-57a2d4851a1d" />
    <TestEntry testId="21700473-52eb-1d18-2c33-06ebe5005119" executionId="2329d5cb-2dc7-43a7-823b-07cae70f0e55" testListId="8c84fa94-04c1-424b-9868-57a2d4851a1d" />
    <TestEntry testId="4a5fd1b3-c1a6-22a8-abb5-64a896ca2adb" executionId="2825cfaf-5714-4944-bffe-edd156b4b1cf" testListId="8c84fa94-04c1-424b-9868-57a2d4851a1d" />
    <TestEntry testId="d27a4924-5023-085a-be43-fd469abc218c" executionId="ba9ec69c-2ed6-4d35-9e5b-81817cc0f1bd" testListId="8c84fa94-04c1-424b-9868-57a2d4851a1d" />
    <TestEntry testId="4feb8d88-c51c-c8a7-4097-e675b461b0f8" executionId="a804ccc9-abdb-4036-87fe-707796387853" testListId="8c84fa94-04c1-424b-9868-57a2d4851a1d" />
    <TestEntry testId="5fb11a48-a905-3463-7164-ec948dab152a" executionId="ffb1f023-8aa0-4b72-92ea-abbcca2c7e90" testListId="8c84fa94-04c1-424b-9868-57a2d4851a1d" />
    <TestEntry testId="180b8821-00b6-0e9c-f8f5-5d38364d16fe" executionId="f26b0429-0763-4481-9250-e4c9e7d425d3" testListId="8c84fa94-04c1-424b-9868-57a2d4851a1d" />
    <TestEntry testId="a05684be-5eeb-8561-d3e0-700b715c206b" executionId="e7051d45-c70c-4a3e-9cc5-083c885cd916" testListId="8c84fa94-04c1-424b-9868-57a2d4851a1d" />
    <TestEntry testId="f2c20958-f694-3d5b-0c20-5f911891a062" executionId="e797e40a-cddf-46d7-82bb-219957793422" testListId="8c84fa94-04c1-424b-9868-57a2d4851a1d" />
    <TestEntry testId="2f1abd26-fe2d-356b-6e24-a6759c1702e8" executionId="bdc4fa8a-4555-43da-b84b-5c177ce6b87e" testListId="8c84fa94-04c1-424b-9868-57a2d4851a1d" />
    <TestEntry testId="e3d2f4b4-4bae-40b1-8113-4f749d5c5430" executionId="3341bd26-98dd-40e1-ba3b-b6b04868980e" testListId="8c84fa94-04c1-424b-9868-57a2d4851a1d" />
    <TestEntry testId="92d86efa-2ff9-f426-428c-2d042ed7e545" executionId="b25ce626-daa2-4696-b071-c0237d010f70" testListId="8c84fa94-04c1-424b-9868-57a2d4851a1d" />
    <TestEntry testId="cde7e51e-35ed-100a-a550-358501305bf7" executionId="461f48f5-f189-4aa3-8d2e-670601919ccc" testListId="8c84fa94-04c1-424b-9868-57a2d4851a1d" />
    <TestEntry testId="b56af203-658a-be22-0b10-4d4a6d7da24f" executionId="e1b3abb6-65c0-48c5-9618-d7c3c71676d5" testListId="8c84fa94-04c1-424b-9868-57a2d4851a1d" />
    <TestEntry testId="790ef27a-76ad-2546-a1a6-a0647af5948c" executionId="72c98c83-7e81-4713-ba5d-242f2acf437f" testListId="8c84fa94-04c1-424b-9868-57a2d4851a1d" />
    <TestEntry testId="1d9d4c3f-8766-cca4-ae47-524a321d0ee5" executionId="42b54a01-0a8f-4d3f-bcb4-eb10c8e5124b" testListId="8c84fa94-04c1-424b-9868-57a2d4851a1d" />
    <TestEntry testId="054bfef9-7d9c-4f40-14b7-a4a1c121a79d" executionId="82115bea-8ffa-474e-944c-fcf1a5b58275" testListId="8c84fa94-04c1-424b-9868-57a2d4851a1d" />
    <TestEntry testId="149328dd-9c2a-a5da-f7d5-2a68b860779c" executionId="c7025340-f702-43f3-865c-59587b116a59" testListId="8c84fa94-04c1-424b-9868-57a2d4851a1d" />
    <TestEntry testId="ea5cb3a6-13ca-c077-cd8f-0dba821b3094" executionId="07394a83-eb1b-475c-b614-1ac305b6c9e6" testListId="8c84fa94-04c1-424b-9868-57a2d4851a1d" />
    <TestEntry testId="e3ac57fe-96f7-8188-e429-555145a2c596" executionId="6a67f46b-a680-4e48-9963-0d7b9e5594de" testListId="8c84fa94-04c1-424b-9868-57a2d4851a1d" />
    <TestEntry testId="3456c2ac-6383-db2f-076e-c42d1018058c" executionId="64f0a204-e4bb-49f8-84a6-0c8e955454dc" testListId="8c84fa94-04c1-424b-9868-57a2d4851a1d" />
    <TestEntry testId="f7b59fbe-5f8c-fa0d-bda8-8b01590f7019" executionId="dadd42c4-77c0-470b-b134-a8dc6c39837c" testListId="8c84fa94-04c1-424b-9868-57a2d4851a1d" />
    <TestEntry testId="c8d52768-d5b1-c179-771a-3245a9b88ae9" executionId="6ad7254c-7145-4329-91b1-1024fe11bff1" testListId="8c84fa94-04c1-424b-9868-57a2d4851a1d" />
    <TestEntry testId="3083e6f4-31c6-2b3d-a3cf-4efc40ec98d7" executionId="8e278591-8f06-4557-8c00-49b1e46576c1" testListId="8c84fa94-04c1-424b-9868-57a2d4851a1d" />
    <TestEntry testId="6cfd09a2-8ecf-3edd-9765-ba0cb070affa" executionId="1b4fd07d-948b-4122-b270-8e709a4538dd" testListId="8c84fa94-04c1-424b-9868-57a2d4851a1d" />
    <TestEntry testId="e60a23b1-5d6b-f911-7213-6c4009dad4ad" executionId="5a2315f2-3d2d-4773-868d-f8e4bf3481ab" testListId="8c84fa94-04c1-424b-9868-57a2d4851a1d" />
    <TestEntry testId="683ef6ce-3b7f-cb97-64d1-7227151e64b1" executionId="a33df88f-d595-4f66-b9ef-4771d4020702" testListId="8c84fa94-04c1-424b-9868-57a2d4851a1d" />
    <TestEntry testId="ff11fe63-c800-55e8-3867-714194b6a3db" executionId="3cd419e8-391d-474f-9610-13fdd070041e" testListId="8c84fa94-04c1-424b-9868-57a2d4851a1d" />
    <TestEntry testId="bc17b61c-cd60-94e8-8c15-436ea8d13b69" executionId="62a9e11c-e0c5-4428-b018-d346e4b9ad15" testListId="8c84fa94-04c1-424b-9868-57a2d4851a1d" />
    <TestEntry testId="54fc10f9-d528-1974-2f53-3a621ca67cb3" executionId="a4836994-5551-4fb1-9d32-078bf81e180c" testListId="8c84fa94-04c1-424b-9868-57a2d4851a1d" />
    <TestEntry testId="a537d233-e850-29a6-d913-096e4438abfa" executionId="b4659cda-c084-4830-a247-a6caa603ac25" testListId="8c84fa94-04c1-424b-9868-57a2d4851a1d" />
    <TestEntry testId="efa72cc0-4833-b054-d7dc-249cb49adeeb" executionId="4525f54b-2c8b-4a11-a7f4-6647cf28cca2" testListId="8c84fa94-04c1-424b-9868-57a2d4851a1d" />
    <TestEntry testId="6cc7bb11-75a5-32ad-c8ad-c89efbe80686" executionId="7e40cf9f-cf98-40f8-ba0d-17baa86d7acc" testListId="8c84fa94-04c1-424b-9868-57a2d4851a1d" />
    <TestEntry testId="806deb80-9486-1446-8b63-998fe3e82f73" executionId="9bdc5725-9a80-4271-8949-a1d604e01b6b" testListId="8c84fa94-04c1-424b-9868-57a2d4851a1d" />
    <TestEntry testId="baa373a9-6d62-5c7c-faff-08d5369c08e0" executionId="f46f6c33-69f1-470c-a302-bc235c60338d" testListId="8c84fa94-04c1-424b-9868-57a2d4851a1d" />
    <TestEntry testId="3c8c1315-9de6-614f-2337-929c996bc646" executionId="f26f04b6-04be-4e65-bf0b-f8374140f9de" testListId="8c84fa94-04c1-424b-9868-57a2d4851a1d" />
    <TestEntry testId="1f464ac7-138a-8fde-bfd4-f47c345bf2dd" executionId="067574a0-264d-4323-ab45-02c1af82a215" testListId="8c84fa94-04c1-424b-9868-57a2d4851a1d" />
    <TestEntry testId="2127992f-d432-430c-3767-c76b100ba1ae" executionId="84c02d70-735d-40eb-9b4a-c43d7a9acd67" testListId="8c84fa94-04c1-424b-9868-57a2d4851a1d" />
    <TestEntry testId="3b43752d-a556-b0b9-8a62-50f89aa27699" executionId="130c7a95-7ec2-4d8a-85a4-01c2368cc510" testListId="8c84fa94-04c1-424b-9868-57a2d4851a1d" />
    <TestEntry testId="d9f9c2c8-093d-13e9-89bd-1a9656a82bad" executionId="0bbb303b-b5bc-4e3c-b525-4bd33fd8040f" testListId="8c84fa94-04c1-424b-9868-57a2d4851a1d" />
    <TestEntry testId="efee3d4a-040f-686a-9a0d-7f9cb65b493f" executionId="07e985f7-6e40-4601-817a-ff03dd12b5ba" testListId="8c84fa94-04c1-424b-9868-57a2d4851a1d" />
    <TestEntry testId="1e298c42-1eed-7a06-369c-d97e05665709" executionId="c092264f-0f09-4f19-8071-dce2bd3b7aba" testListId="8c84fa94-04c1-424b-9868-57a2d4851a1d" />
    <TestEntry testId="90f643f5-a90b-25e9-f029-5ed7f28dfb08" executionId="ba07375f-423b-49f5-8670-fd0f17771915" testListId="8c84fa94-04c1-424b-9868-57a2d4851a1d" />
    <TestEntry testId="c7bbc647-3e1b-d450-cce3-09808a240509" executionId="d72f0663-3ecf-4c10-a440-e38c6d3031e0" testListId="8c84fa94-04c1-424b-9868-57a2d4851a1d" />
    <TestEntry testId="88b06e89-6009-9e01-9e1f-9df25d08d8fb" executionId="15c807d3-0f27-46c7-be56-6ed90c9fd2e0" testListId="8c84fa94-04c1-424b-9868-57a2d4851a1d" />
    <TestEntry testId="57ef9ea3-991d-aedb-8019-644b32be6cc6" executionId="5532b590-d7f6-40cc-b120-61b0f95f81ba" testListId="8c84fa94-04c1-424b-9868-57a2d4851a1d" />
    <TestEntry testId="3944fccd-772e-d9fe-1a40-fdbfaf54babb" executionId="76cd26aa-6885-46d8-98fd-53e99b193589" testListId="8c84fa94-04c1-424b-9868-57a2d4851a1d" />
    <TestEntry testId="f03729f0-d331-f104-9fc2-6da799ef6144" executionId="c4d5101a-fc32-48d8-aec4-37bdcd9d0b91" testListId="8c84fa94-04c1-424b-9868-57a2d4851a1d" />
    <TestEntry testId="38d1f746-2b57-c1cd-17c2-0ac269ee0e54" executionId="b60c9d1a-2d39-4db3-8da3-8c7b2291ac04" testListId="8c84fa94-04c1-424b-9868-57a2d4851a1d" />
    <TestEntry testId="4d984853-c57d-8dde-8aa5-0f1125f0ead4" executionId="0e89e35c-5dbf-402b-95e9-c32042fca714" testListId="8c84fa94-04c1-424b-9868-57a2d4851a1d" />
    <TestEntry testId="54bd00e6-9405-3d53-2a2a-6095d7c4f033" executionId="6ae57796-37bc-4b17-a68c-89a690cdee64" testListId="8c84fa94-04c1-424b-9868-57a2d4851a1d" />
    <TestEntry testId="087b3dcc-2ad3-d33b-fb5a-cbb55331995d" executionId="2fb4b186-514f-436c-ac1b-c5af69d2e52f" testListId="8c84fa94-04c1-424b-9868-57a2d4851a1d" />
    <TestEntry testId="ced8d624-bb3c-78ce-0fe9-b24f4b5b4949" executionId="380ed61e-8692-4641-9984-3f79c9c1bc87" testListId="8c84fa94-04c1-424b-9868-57a2d4851a1d" />
    <TestEntry testId="2e97e08c-ca7b-d885-f415-1eab71811422" executionId="b0078084-4144-405c-8935-89052505ad14" testListId="8c84fa94-04c1-424b-9868-57a2d4851a1d" />
    <TestEntry testId="b05dd664-b57f-ba95-fe26-dd98a5759af1" executionId="cff0d8d8-6e42-4497-b1b6-b1dfb1b459b9" testListId="8c84fa94-04c1-424b-9868-57a2d4851a1d" />
    <TestEntry testId="e16b4985-2710-073b-d4ec-46bcb416a89f" executionId="4c24e049-c903-4d14-b803-b87e5d4835f6" testListId="8c84fa94-04c1-424b-9868-57a2d4851a1d" />
    <TestEntry testId="66bb426a-3246-6a32-821e-6501f0f5b7a7" executionId="c90cacd2-904d-477f-ae82-92c212ea79d1" testListId="8c84fa94-04c1-424b-9868-57a2d4851a1d" />
    <TestEntry testId="edb1f896-d8ff-0800-877d-639c9514c67a" executionId="4ce128ed-6525-49e3-9ba4-fa3619199156" testListId="8c84fa94-04c1-424b-9868-57a2d4851a1d" />
    <TestEntry testId="e359eaed-a427-5117-244f-d80dfabb0e0f" executionId="c5119829-c34b-4618-9fa6-4c9684a96722" testListId="8c84fa94-04c1-424b-9868-57a2d4851a1d" />
    <TestEntry testId="08489a7b-a612-37ae-e377-5aee70230735" executionId="c12ca1cf-1c6c-4e50-9c51-1960ebca708c" testListId="8c84fa94-04c1-424b-9868-57a2d4851a1d" />
    <TestEntry testId="80895b38-0d55-d592-cbc2-d8e8007febd1" executionId="c552b21a-d3af-412e-94d8-07904b28dfb9" testListId="8c84fa94-04c1-424b-9868-57a2d4851a1d" />
    <TestEntry testId="7baf5ad7-fd83-d136-4005-0a09919139e7" executionId="7a6df2a5-78a7-44bb-9277-dd6317006b90" testListId="8c84fa94-04c1-424b-9868-57a2d4851a1d" />
    <TestEntry testId="55527208-ef48-54d9-41fd-271d38adaf49" executionId="63a5984c-3fa0-4b57-b66a-3232e1dd6943" testListId="8c84fa94-04c1-424b-9868-57a2d4851a1d" />
    <TestEntry testId="c2a136cd-996a-f572-a51d-a2af9eb8c9d9" executionId="e56d88ec-7103-463a-b397-b01c7e5c1f0b" testListId="8c84fa94-04c1-424b-9868-57a2d4851a1d" />
    <TestEntry testId="66477fd6-1f77-8ac4-c4c3-12944fda49e9" executionId="c332a2fd-5762-4b80-aba4-f8a694ee7d1c" testListId="8c84fa94-04c1-424b-9868-57a2d4851a1d" />
    <TestEntry testId="83481054-699a-701b-1d41-0138e8ec3589" executionId="74c1b5c2-f975-4d61-844d-c2d4c88922b2" testListId="8c84fa94-04c1-424b-9868-57a2d4851a1d" />
    <TestEntry testId="d59c2448-b80d-cac2-ba49-ef92d150d972" executionId="4e1ed232-997c-41e0-ac29-c6a3330327d7" testListId="8c84fa94-04c1-424b-9868-57a2d4851a1d" />
    <TestEntry testId="32abfdbf-368d-b1bb-16ce-a913ad32a93c" executionId="63573279-883b-4524-8841-8dc28c0bba0d" testListId="8c84fa94-04c1-424b-9868-57a2d4851a1d" />
    <TestEntry testId="e4b5d231-48f8-f90c-7def-70a1254e9e0c" executionId="21d066a2-6317-4629-8c59-75ce78b969f4" testListId="8c84fa94-04c1-424b-9868-57a2d4851a1d" />
    <TestEntry testId="0d8fe114-e8f0-2954-61da-3e8a8364eb46" executionId="c1b2aa48-df91-4c8c-8c2a-96a246ce9890" testListId="8c84fa94-04c1-424b-9868-57a2d4851a1d" />
    <TestEntry testId="828e3157-ac03-8229-b330-f6c4dee8fcde" executionId="1c64981a-6fb2-48e4-b5bf-e7387e9db6c1" testListId="8c84fa94-04c1-424b-9868-57a2d4851a1d" />
    <TestEntry testId="86ed0180-2a38-091a-3c64-f74dc552c0af" executionId="8429b6f6-702b-48e5-adb3-d31deeb3b50a" testListId="8c84fa94-04c1-424b-9868-57a2d4851a1d" />
    <TestEntry testId="d883e8ec-ed15-f934-3d1b-04767121e20e" executionId="12eec360-1b9d-418e-a04a-abaa44b4695e" testListId="8c84fa94-04c1-424b-9868-57a2d4851a1d" />
    <TestEntry testId="d476b362-e580-bb82-4252-c400e3ae9d2d" executionId="2402d80b-5842-4eec-a4d8-062fcedf6b51" testListId="8c84fa94-04c1-424b-9868-57a2d4851a1d" />
    <TestEntry testId="e7732954-0ebd-70e8-5548-a626a8593a17" executionId="9f4b5dbc-750d-4484-85b1-045518a6dc85" testListId="8c84fa94-04c1-424b-9868-57a2d4851a1d" />
    <TestEntry testId="7ee6a8fd-0914-4717-6809-2f2aa589f3cc" executionId="f630277f-de67-416d-957f-a66afe86b57a" testListId="8c84fa94-04c1-424b-9868-57a2d4851a1d" />
    <TestEntry testId="a79acfca-4bc4-b15e-d56c-69fa06522e06" executionId="a76a0dc0-98c3-401a-92e9-5f1f6fdc01f9" testListId="8c84fa94-04c1-424b-9868-57a2d4851a1d" />
    <TestEntry testId="988ec47a-4955-b6f4-cf14-58297cdb2760" executionId="eda1ce57-67b8-4168-a318-aa8ec248e016" testListId="8c84fa94-04c1-424b-9868-57a2d4851a1d" />
    <TestEntry testId="c2370614-d604-7777-0b7d-92bf5f34040d" executionId="78661da0-df65-4649-942e-a2ca351cbe64" testListId="8c84fa94-04c1-424b-9868-57a2d4851a1d" />
    <TestEntry testId="feb7eb52-dbfc-1bbd-0c92-de56627f5f80" executionId="0f0acc2c-17b9-48b1-8657-033d2da9b199" testListId="8c84fa94-04c1-424b-9868-57a2d4851a1d" />
    <TestEntry testId="5e16b1f2-ff89-9c37-5d87-e7aeeaf637e0" executionId="ea887f34-161c-4726-8eba-385a45bc2bc5" testListId="8c84fa94-04c1-424b-9868-57a2d4851a1d" />
    <TestEntry testId="43e187ac-6acd-8fb4-1f53-95709d764ad1" executionId="3aecd5da-8202-4dba-a0b5-507295a9366e" testListId="8c84fa94-04c1-424b-9868-57a2d4851a1d" />
    <TestEntry testId="14ae642a-0b2f-a3b2-dc16-834e9a33ff82" executionId="b0e04234-236c-41f7-a990-f35f199e5806" testListId="8c84fa94-04c1-424b-9868-57a2d4851a1d" />
    <TestEntry testId="3d7d6393-f89e-0e47-6504-4ae48960e5c3" executionId="9c55a0ac-55af-4640-a153-6c1e79e637c6" testListId="8c84fa94-04c1-424b-9868-57a2d4851a1d" />
    <TestEntry testId="435bff6e-aa18-203e-c687-662b93130e0e" executionId="131aa10b-58af-47be-96b7-e9aeab67a47a" testListId="8c84fa94-04c1-424b-9868-57a2d4851a1d" />
    <TestEntry testId="dff63977-0903-d16e-e458-b0b911e67d40" executionId="590eb1b8-96b7-4b44-9a98-59570d257828" testListId="8c84fa94-04c1-424b-9868-57a2d4851a1d" />
    <TestEntry testId="a93dea9f-f99b-b0ff-bad2-0f984b2c1fde" executionId="d2a3e48c-dfa7-4c12-bfa1-793e50da8515" testListId="8c84fa94-04c1-424b-9868-57a2d4851a1d" />
    <TestEntry testId="b21d85f1-a71f-4254-44e7-f0b43c8f4ce2" executionId="71dff69e-c62e-41f9-b9e7-eb8139f1a4e7" testListId="8c84fa94-04c1-424b-9868-57a2d4851a1d" />
    <TestEntry testId="21937501-5fae-13f0-6624-05bb57fbd618" executionId="8a29f75d-4836-4ab6-bd56-c3757e326f63" testListId="8c84fa94-04c1-424b-9868-57a2d4851a1d" />
    <TestEntry testId="3ba2e8f2-1068-c6f9-ce46-a2273ba91610" executionId="f569b6cc-4b05-4582-a036-4197c24523cf" testListId="8c84fa94-04c1-424b-9868-57a2d4851a1d" />
    <TestEntry testId="2433a974-9b7f-7aba-f7bf-8418244f178d" executionId="320235c7-77a7-4da5-a00c-529bc062c431" testListId="8c84fa94-04c1-424b-9868-57a2d4851a1d" />
    <TestEntry testId="09d2e431-e77b-6b41-b7c7-c5b16d69b902" executionId="e57a84fc-ca87-45e4-ba1d-56cc9745617a" testListId="8c84fa94-04c1-424b-9868-57a2d4851a1d" />
    <TestEntry testId="98b9ca62-c4d7-6731-f415-cbad2e4e91b8" executionId="753d25b0-a7d2-461b-b2ab-de4991e52d50" testListId="8c84fa94-04c1-424b-9868-57a2d4851a1d" />
    <TestEntry testId="3ce70e32-65f4-c9ea-299d-457b4a6f9a94" executionId="38976a9b-cc4d-405c-be34-90549d0da68a" testListId="8c84fa94-04c1-424b-9868-57a2d4851a1d" />
    <TestEntry testId="5f8087be-760c-ab73-a579-21273e63e33c" executionId="484e420d-f353-4e8e-ac38-3904aa05cee0" testListId="8c84fa94-04c1-424b-9868-57a2d4851a1d" />
    <TestEntry testId="bb71366c-0430-34ad-e4e3-0922219f5db7" executionId="6a834100-134d-4061-a2af-e2034b282e4a" testListId="8c84fa94-04c1-424b-9868-57a2d4851a1d" />
    <TestEntry testId="71c62b77-613a-694d-4c4b-9ffdef1658cb" executionId="5c1eaf9d-652b-48af-8b16-eb3ddf89440c" testListId="8c84fa94-04c1-424b-9868-57a2d4851a1d" />
    <TestEntry testId="d4296253-5030-756d-1bbe-e24219eba037" executionId="b60e1ae4-8f76-42bd-aa2b-e7738dec9dde" testListId="8c84fa94-04c1-424b-9868-57a2d4851a1d" />
    <TestEntry testId="387688a2-0d07-a1d7-85d9-95e5f238d96c" executionId="3291c259-d3aa-44e7-b3bc-b9893b5f6041" testListId="8c84fa94-04c1-424b-9868-57a2d4851a1d" />
    <TestEntry testId="b4b05ce7-4492-0a8c-3b8e-075a53088e13" executionId="6edd9e8d-a0f4-4395-a6e4-3ae638765468" testListId="8c84fa94-04c1-424b-9868-57a2d4851a1d" />
    <TestEntry testId="367ea24e-9898-e7a3-b9c2-183a7ee625e8" executionId="9dad1cd8-58f6-419b-804e-2358d53129a5" testListId="8c84fa94-04c1-424b-9868-57a2d4851a1d" />
    <TestEntry testId="b5a74696-bf2f-0d90-80f5-207370502a97" executionId="61d6165c-b35e-46ca-874e-975964245b06" testListId="8c84fa94-04c1-424b-9868-57a2d4851a1d" />
    <TestEntry testId="7893a160-1d57-7188-9b94-ba36447ad242" executionId="bc5a24f2-5970-4796-9e2a-12c414f508bf" testListId="8c84fa94-04c1-424b-9868-57a2d4851a1d" />
    <TestEntry testId="1ce37233-b5c5-6528-d384-50e5daf3d106" executionId="f45b1583-9ca2-4ee4-8e78-ecfcefa197e9" testListId="8c84fa94-04c1-424b-9868-57a2d4851a1d" />
    <TestEntry testId="6a60a5ac-aaa9-dc6c-d920-a86623f03938" executionId="16f7fdf1-2446-48d1-adb6-d87074983457" testListId="8c84fa94-04c1-424b-9868-57a2d4851a1d" />
    <TestEntry testId="aafacad2-e4a0-019b-4e91-5e61b0b05500" executionId="c5f9fb8b-c397-4f6c-9475-4d3c71ebaf2d" testListId="8c84fa94-04c1-424b-9868-57a2d4851a1d" />
    <TestEntry testId="aed15bdf-4c09-1b3e-0502-2a279f11b4b8" executionId="c00839ab-ce39-4763-b6ac-2f130e36a4e5" testListId="8c84fa94-04c1-424b-9868-57a2d4851a1d" />
    <TestEntry testId="503886e1-b7df-d930-e47b-1deea133524b" executionId="a8c7c470-fc0c-4fc4-8dd1-35149c8e4090" testListId="8c84fa94-04c1-424b-9868-57a2d4851a1d" />
    <TestEntry testId="42046de8-02dc-a2da-ccf9-8b26b63eb9da" executionId="d64aa8ab-1ee7-458d-95a3-94ec9375dfac" testListId="8c84fa94-04c1-424b-9868-57a2d4851a1d" />
    <TestEntry testId="f43ec50a-fe4e-bc05-8238-dad9d20ec786" executionId="3f5c0ab3-1bd9-4be5-9621-a58397b86b26" testListId="8c84fa94-04c1-424b-9868-57a2d4851a1d" />
    <TestEntry testId="1af5b482-b4b6-cb8b-315a-5b596ed32fdf" executionId="ad334203-3dd3-418d-8985-808fd8aa0d36" testListId="8c84fa94-04c1-424b-9868-57a2d4851a1d" />
    <TestEntry testId="88c026e0-bd32-0fd5-126c-0a352afaee03" executionId="0f2f0b1b-dc6b-4e7e-bc55-8aef09b1c52f" testListId="8c84fa94-04c1-424b-9868-57a2d4851a1d" />
    <TestEntry testId="3350e284-d316-8104-3d1d-7739d3682cf8" executionId="a8ceda44-6b8e-42aa-acbf-c65ace45fe6e" testListId="8c84fa94-04c1-424b-9868-57a2d4851a1d" />
    <TestEntry testId="cdf0e564-ef3e-091a-b0a3-ee049b53ed18" executionId="330e0bc1-75eb-4a25-8762-4a2a809f4be5" testListId="8c84fa94-04c1-424b-9868-57a2d4851a1d" />
    <TestEntry testId="d7245674-3551-a91c-e5c4-254b0bb05448" executionId="9938d4fd-ed6c-4e4d-9e30-91c0b4c8327e" testListId="8c84fa94-04c1-424b-9868-57a2d4851a1d" />
    <TestEntry testId="b6efbc8e-fe25-47e5-17b6-661d6ca8384c" executionId="162e54cc-a4c1-466f-887b-cd30d926ba88" testListId="8c84fa94-04c1-424b-9868-57a2d4851a1d" />
    <TestEntry testId="bec2d89c-d378-3a43-dfb9-883ca358e4f0" executionId="4b28c02f-11d3-46ff-a720-4a953e6c6007" testListId="8c84fa94-04c1-424b-9868-57a2d4851a1d" />
    <TestEntry testId="7270e4a6-d2eb-9ffe-5267-47ea67f29706" executionId="996f3e97-7ef3-403f-8f88-b1af642dfbd5" testListId="8c84fa94-04c1-424b-9868-57a2d4851a1d" />
    <TestEntry testId="b71129c9-df58-0336-4b9a-daa4004a44ec" executionId="f8167184-c506-44e6-9026-f229137d5c44" testListId="8c84fa94-04c1-424b-9868-57a2d4851a1d" />
    <TestEntry testId="56def5dd-e68b-62be-8395-de8cbb581964" executionId="20a2c44f-0721-4a62-8b2f-bde097ba2e01" testListId="8c84fa94-04c1-424b-9868-57a2d4851a1d" />
    <TestEntry testId="dbba8f0a-23a9-a8ac-2de8-9f04dc869da2" executionId="c9884cea-3181-4d6d-a29d-4758fc3bdf99" testListId="8c84fa94-04c1-424b-9868-57a2d4851a1d" />
    <TestEntry testId="03525120-a612-e254-3483-349d47207dd5" executionId="430f7066-326d-429b-ba43-7144e1e926b7" testListId="8c84fa94-04c1-424b-9868-57a2d4851a1d" />
    <TestEntry testId="df6d7b1c-43d9-e887-7f51-aeb45e0f272c" executionId="ad142da6-d8f3-4245-b91a-de4f2b3b0933" testListId="8c84fa94-04c1-424b-9868-57a2d4851a1d" />
    <TestEntry testId="ff700ff8-f06d-2396-a611-610895971f2c" executionId="6fe2cc90-f229-4ea6-92d1-54db2d72570c" testListId="8c84fa94-04c1-424b-9868-57a2d4851a1d" />
    <TestEntry testId="116fd96b-dde0-1b91-6cf9-e6ca8d269e2b" executionId="ef03a9bc-f5f8-446a-9773-bc6ecf4c972d" testListId="8c84fa94-04c1-424b-9868-57a2d4851a1d" />
    <TestEntry testId="8a9e5061-fbd9-c439-e531-668e79a12e2a" executionId="e88a28e5-c57e-4d20-8bf4-9d3b8787f8ea" testListId="8c84fa94-04c1-424b-9868-57a2d4851a1d" />
    <TestEntry testId="49cad1f6-eba2-350a-45e7-7a41f9bcfb57" executionId="84bc9a6a-0ba9-4fe6-94f6-31249d99aa29" testListId="8c84fa94-04c1-424b-9868-57a2d4851a1d" />
    <TestEntry testId="fddb90a4-c40a-f49b-7c8e-84a4e6d67595" executionId="bfed8021-277e-4b23-b55d-ef271ad253f9" testListId="8c84fa94-04c1-424b-9868-57a2d4851a1d" />
    <TestEntry testId="9fd0b18c-3df9-4c15-ef66-ffe47725f43b" executionId="4b32865c-7bec-47d2-9d82-31bb4ffddde2" testListId="8c84fa94-04c1-424b-9868-57a2d4851a1d" />
    <TestEntry testId="49c28004-dfd7-736e-4dad-1c9905b5bd78" executionId="f541b0f4-c8f7-4d48-849e-ddab93b17467" testListId="8c84fa94-04c1-424b-9868-57a2d4851a1d" />
    <TestEntry testId="466163d3-29ae-7c38-7842-5f2cc2050a74" executionId="a1e7f4f2-b1b5-4424-90bb-ad04919e5725" testListId="8c84fa94-04c1-424b-9868-57a2d4851a1d" />
    <TestEntry testId="d0bbac93-d8fc-1d21-a05e-de8fbe64b574" executionId="4423f2fd-fed1-4910-87ae-08de3bf21fa1" testListId="8c84fa94-04c1-424b-9868-57a2d4851a1d" />
    <TestEntry testId="041cd636-46f8-6a86-d0da-de8e88283f69" executionId="0c506486-50a0-4e8c-b277-456a12e61962" testListId="8c84fa94-04c1-424b-9868-57a2d4851a1d" />
    <TestEntry testId="be55453b-a97c-0dcd-7e17-6e35421ce45e" executionId="4645cdc0-7079-4048-ad25-873a2ec82b73" testListId="8c84fa94-04c1-424b-9868-57a2d4851a1d" />
    <TestEntry testId="fd002043-94ea-412f-04ec-e9432b63a536" executionId="51fe060e-2a2f-4dcb-8e80-ed4601acbd6b" testListId="8c84fa94-04c1-424b-9868-57a2d4851a1d" />
    <TestEntry testId="938736be-da6f-5be3-9607-246b14c03969" executionId="dd035d69-36a3-4872-af09-b4b36d158075" testListId="8c84fa94-04c1-424b-9868-57a2d4851a1d" />
    <TestEntry testId="dfbc86c6-6b0e-dcdb-7acf-622c3bf6a97a" executionId="cf184845-b21a-4cab-94bf-67c0feed2d7d" testListId="8c84fa94-04c1-424b-9868-57a2d4851a1d" />
    <TestEntry testId="96119cc5-4c2f-24b7-eb33-7ff9b76c899e" executionId="782da577-60f6-405e-b693-41f2f832202d" testListId="8c84fa94-04c1-424b-9868-57a2d4851a1d" />
    <TestEntry testId="8bb53982-36a5-ccf6-0797-21c9eaef87ab" executionId="3db4e7f9-6de0-469f-8e60-b329adaed2f4" testListId="8c84fa94-04c1-424b-9868-57a2d4851a1d" />
    <TestEntry testId="b4169adf-59df-d06f-8762-a945493d0ad0" executionId="f88dd4b9-1b66-4d3c-ab1e-2114060594df" testListId="8c84fa94-04c1-424b-9868-57a2d4851a1d" />
    <TestEntry testId="6be417f9-c335-0427-52c9-96d899c8041d" executionId="60b7968e-4196-4b96-bc60-e827f2218530" testListId="8c84fa94-04c1-424b-9868-57a2d4851a1d" />
    <TestEntry testId="79fb4624-f3db-c41b-1848-8c3122dc8342" executionId="b77adafe-403c-4749-b2b2-f875160396a8" testListId="8c84fa94-04c1-424b-9868-57a2d4851a1d" />
    <TestEntry testId="b26b8179-2692-f99f-57c1-62402983fe30" executionId="37d4e83b-e9d8-452c-b50b-bdb29ee4dd40" testListId="8c84fa94-04c1-424b-9868-57a2d4851a1d" />
    <TestEntry testId="7ed46f28-07a7-c553-1d74-d9036ab1b4c6" executionId="7d202999-83af-47ad-91b3-5f9050120051" testListId="8c84fa94-04c1-424b-9868-57a2d4851a1d" />
    <TestEntry testId="42905f99-cf41-34cc-8b30-0be9cf777447" executionId="d1162ea8-bd2d-4f55-9924-814bf974e945" testListId="8c84fa94-04c1-424b-9868-57a2d4851a1d" />
    <TestEntry testId="9a5f2d25-e5df-c6ba-3b20-674ddeaf04cd" executionId="cde821c7-6399-4eb5-8584-5cdb1f89938b" testListId="8c84fa94-04c1-424b-9868-57a2d4851a1d" />
    <TestEntry testId="6bb6f038-06a5-a12d-b80e-5d4bb6709312" executionId="8851d255-da7d-4b01-8ff5-1fcf771988d5" testListId="8c84fa94-04c1-424b-9868-57a2d4851a1d" />
    <TestEntry testId="318dfcc5-fe95-ef92-0ae4-5d0a5e9d05a7" executionId="88220792-5ffc-461a-94af-b5780bd7fcd0" testListId="8c84fa94-04c1-424b-9868-57a2d4851a1d" />
    <TestEntry testId="954137eb-32e8-18a0-2eda-0a5c3d618562" executionId="d293614c-6c76-4dbc-b4c6-76a006473c68" testListId="8c84fa94-04c1-424b-9868-57a2d4851a1d" />
    <TestEntry testId="2e1afd33-f1f3-7f6a-5d1d-b6fdf440414b" executionId="a3ce78b6-0375-4496-8bab-b435ba2b459d" testListId="8c84fa94-04c1-424b-9868-57a2d4851a1d" />
    <TestEntry testId="9b3f24a1-44c5-9716-97ad-15fff77c7013" executionId="8dc111ca-fbff-4af3-9753-d96b604e0322" testListId="8c84fa94-04c1-424b-9868-57a2d4851a1d" />
    <TestEntry testId="d5973ae0-1a5a-58c1-956c-6fab15082446" executionId="972b85de-2ab9-49d3-8007-4842557798ae" testListId="8c84fa94-04c1-424b-9868-57a2d4851a1d" />
    <TestEntry testId="1a5488cc-dc38-b193-c909-41a15addef87" executionId="2d41c195-ac3a-48a1-afbc-2b4ab79e0d6d" testListId="8c84fa94-04c1-424b-9868-57a2d4851a1d" />
    <TestEntry testId="6858e7db-ba67-0f38-ef05-6651a9a30c51" executionId="1cd6d8bb-6101-4ed3-8fa2-8209ab1619c3" testListId="8c84fa94-04c1-424b-9868-57a2d4851a1d" />
    <TestEntry testId="b4d463d6-cc5b-23da-2ef9-5250fbeeaeb9" executionId="3410e3d7-4940-4697-9327-4bd3892029aa" testListId="8c84fa94-04c1-424b-9868-57a2d4851a1d" />
    <TestEntry testId="d24d988b-3555-6244-4353-b7c1f76b55d3" executionId="047cbb3e-b451-474f-8344-e23a259102df" testListId="8c84fa94-04c1-424b-9868-57a2d4851a1d" />
    <TestEntry testId="14088cd5-d1ab-99c6-742a-023862db880f" executionId="538e3614-d8c6-41e9-a757-a2f4aee90331" testListId="8c84fa94-04c1-424b-9868-57a2d4851a1d" />
    <TestEntry testId="d20d53c4-d60c-1b48-530e-96eb522a068a" executionId="3f29cf86-4c96-4a09-9c36-8dc6026c4bad" testListId="8c84fa94-04c1-424b-9868-57a2d4851a1d" />
    <TestEntry testId="66f621bf-d404-fc2d-2e5e-519eb3aca3c8" executionId="26080921-5d5d-4a0b-a5b8-4b4226fa0092" testListId="8c84fa94-04c1-424b-9868-57a2d4851a1d" />
    <TestEntry testId="0d118129-696a-1633-b93a-1fd626a94b6d" executionId="82d1d376-6c57-4766-a424-d8261b5f4665" testListId="8c84fa94-04c1-424b-9868-57a2d4851a1d" />
    <TestEntry testId="3637415d-2358-71ca-7a4a-ab98593fbcba" executionId="53dfd1fb-7eb2-4827-a4c9-fa4917842168" testListId="8c84fa94-04c1-424b-9868-57a2d4851a1d" />
    <TestEntry testId="263dd6e4-a3a8-61ea-bf9a-d13a8e2ef748" executionId="43e80383-3eaa-4569-92f1-1864d664a100" testListId="8c84fa94-04c1-424b-9868-57a2d4851a1d" />
    <TestEntry testId="dbeb8969-0cf3-22c2-42f8-32cc947a535c" executionId="f6d0956f-b691-444c-a72a-eac1d41fd92a" testListId="8c84fa94-04c1-424b-9868-57a2d4851a1d" />
    <TestEntry testId="c2e1c206-872f-bca6-f3cb-5778c02ebb24" executionId="219de4d8-dd49-4a12-8292-f3fec1975be8" testListId="8c84fa94-04c1-424b-9868-57a2d4851a1d" />
    <TestEntry testId="e8e6b714-af06-5b9d-4b5f-edc4da5e1381" executionId="1dcfcf7f-c839-410c-83eb-46e2f4a28686" testListId="8c84fa94-04c1-424b-9868-57a2d4851a1d" />
    <TestEntry testId="c096eabf-b646-5277-57d9-044af92752a5" executionId="8321bdaf-af45-474d-8617-ce85f964e890" testListId="8c84fa94-04c1-424b-9868-57a2d4851a1d" />
    <TestEntry testId="e5fe2c62-2103-2378-a4f6-adcd9fb185a4" executionId="7ecc2268-e56c-4809-8bd4-efbc50d4b328" testListId="8c84fa94-04c1-424b-9868-57a2d4851a1d" />
    <TestEntry testId="71618826-bd51-2181-7645-287a6122f475" executionId="78df8a36-0868-4c39-9ebc-50f56f649c3a" testListId="8c84fa94-04c1-424b-9868-57a2d4851a1d" />
    <TestEntry testId="898e0cba-2f16-a9cb-7ec3-2f912910e7dc" executionId="e9d6d797-1e56-4452-a8a0-c859f0c1ee1d" testListId="8c84fa94-04c1-424b-9868-57a2d4851a1d" />
    <TestEntry testId="aa97711c-3d27-f367-5a9f-a5e192533ef5" executionId="fa745c52-85b9-4319-a6ff-8dffbedc581b" testListId="8c84fa94-04c1-424b-9868-57a2d4851a1d" />
    <TestEntry testId="f0788877-1309-4377-71d6-529ae40b5764" executionId="393112cf-3668-49dd-be70-a0a8a227f776" testListId="8c84fa94-04c1-424b-9868-57a2d4851a1d" />
    <TestEntry testId="df959513-e347-64a3-0552-b0f6f26e74b5" executionId="338bba8e-c3bf-4ec2-902e-ec395107f984" testListId="8c84fa94-04c1-424b-9868-57a2d4851a1d" />
    <TestEntry testId="5dab0953-f8e5-4596-9599-693185a38502" executionId="850aa368-9cda-4bb6-a22c-5bff6dd02e5c" testListId="8c84fa94-04c1-424b-9868-57a2d4851a1d" />
    <TestEntry testId="400dcc7a-1baf-7c37-00e7-b9da7e64add4" executionId="4dff3831-34a9-4fa9-a9e5-7bbe82e383ae" testListId="8c84fa94-04c1-424b-9868-57a2d4851a1d" />
    <TestEntry testId="0416b849-8ddf-281b-bdfe-c4257a9da123" executionId="e2682d3b-d354-4244-a71f-e56b390bcc00" testListId="8c84fa94-04c1-424b-9868-57a2d4851a1d" />
    <TestEntry testId="93be8a15-d30b-59c3-9baa-ecde9bcf9e7d" executionId="29bcdc32-0b02-4ae8-a4c9-16c15940a1d3" testListId="8c84fa94-04c1-424b-9868-57a2d4851a1d" />
    <TestEntry testId="536f21ea-d825-9860-2d73-c30093160a11" executionId="b00cebd3-9058-4122-8902-5ad2aeabebdc" testListId="8c84fa94-04c1-424b-9868-57a2d4851a1d" />
    <TestEntry testId="79bf820c-df88-ce37-9503-568241dfb172" executionId="e4d997b3-a702-44ea-8793-a396d63a5e7f" testListId="8c84fa94-04c1-424b-9868-57a2d4851a1d" />
    <TestEntry testId="503ec25e-f94c-6a24-4b63-4dc824bcd484" executionId="57f15ca4-f628-4a96-a550-eec16e58dc87" testListId="8c84fa94-04c1-424b-9868-57a2d4851a1d" />
    <TestEntry testId="3aa8ac41-a452-0107-4106-098504c5a167" executionId="861fdd2b-1793-49a0-9502-6ac964b5c510" testListId="8c84fa94-04c1-424b-9868-57a2d4851a1d" />
    <TestEntry testId="19767e6e-03f1-41e4-1677-97c27b4f568c" executionId="9b149b21-5270-40ec-ba6e-2499010632f5" testListId="8c84fa94-04c1-424b-9868-57a2d4851a1d" />
    <TestEntry testId="8b97d570-fb7f-b0b3-b222-24bcdf5045a8" executionId="96fd48c1-35b6-4fd4-8967-c34635b47f73" testListId="8c84fa94-04c1-424b-9868-57a2d4851a1d" />
    <TestEntry testId="3f9a3040-194a-294c-571d-485d20ffce29" executionId="048c3730-0b81-4132-96d9-4c6de4856756" testListId="8c84fa94-04c1-424b-9868-57a2d4851a1d" />
    <TestEntry testId="add06bf3-fab0-7e2a-a2d1-570d03c1137c" executionId="00fb4a5f-807d-4cfc-831c-1437e4a118e0" testListId="8c84fa94-04c1-424b-9868-57a2d4851a1d" />
    <TestEntry testId="9c8cb3bd-d0b7-5c65-7d6a-ee864f5ff141" executionId="001d70ad-bd5e-4889-ad4c-7f3a900d3d34" testListId="8c84fa94-04c1-424b-9868-57a2d4851a1d" />
    <TestEntry testId="4d04cbd9-6b0c-129f-89f2-13ad5bb3b77d" executionId="05de3dec-2469-4c6b-9e52-1393d6c18720" testListId="8c84fa94-04c1-424b-9868-57a2d4851a1d" />
    <TestEntry testId="443b9dec-e28d-0ac7-a793-7092f4a9976c" executionId="14b975f9-6c09-41b0-849e-997b266028a6" testListId="8c84fa94-04c1-424b-9868-57a2d4851a1d" />
    <TestEntry testId="2f38095a-364c-cd7f-6df7-e42d2ded147a" executionId="957a16ec-0275-40b1-9bbc-fdcee829c4f7" testListId="8c84fa94-04c1-424b-9868-57a2d4851a1d" />
    <TestEntry testId="a6aacb08-b512-a0f5-8fbe-c7d635843ad5" executionId="077993ea-3618-4f3e-90c8-b003edbbc127" testListId="8c84fa94-04c1-424b-9868-57a2d4851a1d" />
    <TestEntry testId="a69049fb-ce00-7e8c-85a0-3f418c7255b4" executionId="97201cd3-b794-4a27-a76d-3a820d7c78dd" testListId="8c84fa94-04c1-424b-9868-57a2d4851a1d" />
    <TestEntry testId="0d3e7f6e-b2f6-5bed-ef32-22d6c29e0bdd" executionId="75713bd4-a669-48a4-ad33-b1ff04ff29dc" testListId="8c84fa94-04c1-424b-9868-57a2d4851a1d" />
    <TestEntry testId="4e2d2668-c3e5-6e93-3de2-3f371d9d4188" executionId="422e2a89-d33e-4d64-91ce-450f189e958f" testListId="8c84fa94-04c1-424b-9868-57a2d4851a1d" />
    <TestEntry testId="31d41479-fb61-29de-db02-254504f39eb9" executionId="ded3aaa1-52a4-41f6-8387-a6d716e027e0" testListId="8c84fa94-04c1-424b-9868-57a2d4851a1d" />
    <TestEntry testId="31b81597-16e9-5c45-376b-ceed82dbdfa0" executionId="a9914a46-b018-4523-96b6-02c3f13b4b49" testListId="8c84fa94-04c1-424b-9868-57a2d4851a1d" />
    <TestEntry testId="69427a53-a1fa-451a-dd3d-193fa3d2ed89" executionId="d09d1725-2626-422b-abb8-a7c98b7b4a60" testListId="8c84fa94-04c1-424b-9868-57a2d4851a1d" />
    <TestEntry testId="8b97a2cc-f29f-d97e-8955-1e5e8dacbc24" executionId="e1cfd061-0251-43a5-8b85-be51d007036a" testListId="8c84fa94-04c1-424b-9868-57a2d4851a1d" />
    <TestEntry testId="cf938af7-63b1-2aab-b53a-ce80e7ece30e" executionId="0dd8f141-d7b7-4122-99cd-6be7a79c7b8a" testListId="8c84fa94-04c1-424b-9868-57a2d4851a1d" />
    <TestEntry testId="44b9c38d-1fef-b34e-63e4-2c853e734fec" executionId="0d60b4d2-4258-44e4-9a53-c6137bc4bf3c" testListId="8c84fa94-04c1-424b-9868-57a2d4851a1d" />
    <TestEntry testId="30098cab-a01e-874e-bcf6-ecc840c812f2" executionId="dd28f098-e401-4bfe-87d5-2c7c0992233c" testListId="8c84fa94-04c1-424b-9868-57a2d4851a1d" />
    <TestEntry testId="1a3838aa-5811-5cf2-c4d4-5954ea5afd82" executionId="48a5cdaf-e4d2-4b18-aea9-48ec60a6089e" testListId="8c84fa94-04c1-424b-9868-57a2d4851a1d" />
    <TestEntry testId="348cb3a9-a2d2-4d6a-46ed-c7bfff61a1e9" executionId="ad5c1484-0db3-4004-ae27-fb0305f9d8cb" testListId="8c84fa94-04c1-424b-9868-57a2d4851a1d" />
    <TestEntry testId="487c7291-c30a-e14f-23c4-0aa9f3ead4c2" executionId="bf09eadb-daea-4a6d-bb22-b97ed6a13786" testListId="8c84fa94-04c1-424b-9868-57a2d4851a1d" />
    <TestEntry testId="9fccf9d0-1398-60df-8898-e3a9adf19d4b" executionId="9c1da642-1ac0-4bd8-a0c3-6a656323fdb6" testListId="8c84fa94-04c1-424b-9868-57a2d4851a1d" />
    <TestEntry testId="150e4aae-3f60-faf6-82f4-5e55067d0b25" executionId="b26828e6-a9ec-479a-9d79-3c5aee333b03" testListId="8c84fa94-04c1-424b-9868-57a2d4851a1d" />
    <TestEntry testId="5e8218e5-ad16-734d-7b83-a405e0747b4a" executionId="69623e97-6af7-4298-b1e6-c810571a8aff" testListId="8c84fa94-04c1-424b-9868-57a2d4851a1d" />
    <TestEntry testId="89f9766a-a3f5-35f9-8ac2-917ccd2f55e2" executionId="8bdb7095-6b7d-4178-8bf7-862ceadc705b" testListId="8c84fa94-04c1-424b-9868-57a2d4851a1d" />
    <TestEntry testId="57dd1e3a-a56a-e404-e3c0-c58c06b0596f" executionId="35f41fbd-bbfa-4af6-944f-964706a073b8" testListId="8c84fa94-04c1-424b-9868-57a2d4851a1d" />
    <TestEntry testId="b1f69e38-77d1-ee6d-147d-e342e18f3b47" executionId="30efcd60-ed58-4dd1-9627-62e07b3af8c4" testListId="8c84fa94-04c1-424b-9868-57a2d4851a1d" />
    <TestEntry testId="07c9f0f9-ce0a-3e72-5a75-fff685f8ab78" executionId="6878aae7-67a3-45a6-9e52-0c2b9f12f0d2" testListId="8c84fa94-04c1-424b-9868-57a2d4851a1d" />
    <TestEntry testId="ce3cd530-f731-79f9-4b1e-7ff7bb1c3901" executionId="ac72a9b5-2bd3-4a90-aa3c-52da80f0bb7a" testListId="8c84fa94-04c1-424b-9868-57a2d4851a1d" />
    <TestEntry testId="5236636f-f101-4387-1048-021f430cdc7d" executionId="08dbe8a3-2968-4acf-acdd-cdea929780f9" testListId="8c84fa94-04c1-424b-9868-57a2d4851a1d" />
    <TestEntry testId="c2dd9515-b767-f4ba-958d-84c8ff4654b3" executionId="1d10e475-0ebb-4ea5-8e94-5a82b1b10a61" testListId="8c84fa94-04c1-424b-9868-57a2d4851a1d" />
    <TestEntry testId="07a602aa-40be-99a8-aab7-0223ae7770b6" executionId="725a2a32-dd92-451c-b190-972e60cd1781" testListId="8c84fa94-04c1-424b-9868-57a2d4851a1d" />
    <TestEntry testId="7ea4c52f-c964-05ae-10c5-e89520b6faa5" executionId="c205a773-0fee-4efc-9193-eef7af094321" testListId="8c84fa94-04c1-424b-9868-57a2d4851a1d" />
    <TestEntry testId="129fff76-ad58-2c3d-2b6e-d7a98a15da71" executionId="9f1bd338-1310-401b-b066-74084c0961c3" testListId="8c84fa94-04c1-424b-9868-57a2d4851a1d" />
    <TestEntry testId="35a50abb-dc47-c595-8d19-14a2f7138023" executionId="30ff0b1e-c65a-4077-9af8-736794d5dcb3" testListId="8c84fa94-04c1-424b-9868-57a2d4851a1d" />
    <TestEntry testId="7f168450-7beb-3ded-6f55-bc3efe431ecc" executionId="713bbf31-9687-4319-8e7d-bbcc437d28b6" testListId="8c84fa94-04c1-424b-9868-57a2d4851a1d" />
    <TestEntry testId="8bf7f106-e8d8-dc46-4a35-c6b998ed2b47" executionId="02f68fc4-6772-434e-9e05-0e03833bfd18" testListId="8c84fa94-04c1-424b-9868-57a2d4851a1d" />
    <TestEntry testId="9a5079f6-67ed-9d1f-498a-1ac5c779f5de" executionId="42087ab0-1ff8-446c-a55f-671c5c06c41e" testListId="8c84fa94-04c1-424b-9868-57a2d4851a1d" />
    <TestEntry testId="00cd8ac6-7e8f-faef-bb3f-cd1a5ea8560f" executionId="6e4e4524-142d-482e-a29a-8cb7c455e7e2" testListId="8c84fa94-04c1-424b-9868-57a2d4851a1d" />
    <TestEntry testId="b4e125d7-2bd3-2983-df73-e28b2a661990" executionId="f34b22c2-4ef8-48d9-9c13-9f804a884fdc" testListId="8c84fa94-04c1-424b-9868-57a2d4851a1d" />
    <TestEntry testId="1e7ea809-ba13-69e3-4461-e9c6f06053fe" executionId="d4218337-cc74-4163-85cd-fab2d9d0c644" testListId="8c84fa94-04c1-424b-9868-57a2d4851a1d" />
    <TestEntry testId="b642816d-4d24-8990-3894-7f013ee38898" executionId="52dbb23f-0e32-4e31-9569-8b9365e687f9" testListId="8c84fa94-04c1-424b-9868-57a2d4851a1d" />
    <TestEntry testId="2ab3c520-4161-54ba-03a4-f42e12a6dd3b" executionId="43d0c1f0-2ab8-4f62-9d44-f83bea9afcf6" testListId="8c84fa94-04c1-424b-9868-57a2d4851a1d" />
    <TestEntry testId="f8c8bf25-1814-de3b-561e-0b0f8c5b78f7" executionId="55cb70a6-5206-4cc8-9dc4-5362e54f696f" testListId="8c84fa94-04c1-424b-9868-57a2d4851a1d" />
    <TestEntry testId="cc002690-0eab-9910-b5e7-76cca924cab4" executionId="ae0a09eb-e88f-48ca-8632-c6111b9156c9" testListId="8c84fa94-04c1-424b-9868-57a2d4851a1d" />
    <TestEntry testId="bbf0e7fd-9e9e-fd45-f5a1-b83e019cbf64" executionId="ca7f6164-438f-49fe-ad39-ccf73c59d287" testListId="8c84fa94-04c1-424b-9868-57a2d4851a1d" />
    <TestEntry testId="1553e3fc-8cd0-7459-eefd-8928c96041b4" executionId="7b7c19a2-ed5b-40ec-81d5-88ce053ece72" testListId="8c84fa94-04c1-424b-9868-57a2d4851a1d" />
    <TestEntry testId="26350551-6953-223e-76e4-b0ce05990dca" executionId="14545bf3-c9c7-48ec-a24e-0863f1accb05" testListId="8c84fa94-04c1-424b-9868-57a2d4851a1d" />
    <TestEntry testId="2330d4e4-e7e1-b869-3796-3179869f0ea3" executionId="cc99f951-d028-4411-a766-0da43546140a" testListId="8c84fa94-04c1-424b-9868-57a2d4851a1d" />
    <TestEntry testId="4878715f-458a-49dd-3d11-419fd3e2c661" executionId="8b77ed77-f8bf-4d8f-ba75-a70f5bb6de9f" testListId="8c84fa94-04c1-424b-9868-57a2d4851a1d" />
    <TestEntry testId="058f954d-ce2c-c21f-f1fe-51ab343cb27e" executionId="6a08fd22-bf44-4bdd-9f82-5e90e25afce3" testListId="8c84fa94-04c1-424b-9868-57a2d4851a1d" />
    <TestEntry testId="774ae8ad-b5ba-cf99-969a-205cbd2149a6" executionId="bd9d35af-49ac-4196-ae2c-89f5aaabcd5d" testListId="8c84fa94-04c1-424b-9868-57a2d4851a1d" />
    <TestEntry testId="87bcbaf6-47af-3501-8b0e-ebb19c6a84c3" executionId="d3b46c63-1005-4325-837b-2d904404eeab" testListId="8c84fa94-04c1-424b-9868-57a2d4851a1d" />
    <TestEntry testId="f6db2584-e92d-8b79-e003-09d814f47319" executionId="6eb194ba-b043-4f07-bd4e-987d78e77c0f" testListId="8c84fa94-04c1-424b-9868-57a2d4851a1d" />
    <TestEntry testId="56ce4334-a225-1470-b86a-1784fac43ca5" executionId="6ce3035c-9ab8-4be7-8da0-cf1d28794fb4" testListId="8c84fa94-04c1-424b-9868-57a2d4851a1d" />
    <TestEntry testId="edfd8024-fc78-5caa-9ced-0aad8b5219b8" executionId="4b07a78c-316d-417e-922a-f4a4e2e281dc" testListId="8c84fa94-04c1-424b-9868-57a2d4851a1d" />
    <TestEntry testId="ddbe8703-0958-b457-5a7d-b81bbfe3f85a" executionId="45dd1268-6a89-4fca-aece-c4fee6a4d29f" testListId="8c84fa94-04c1-424b-9868-57a2d4851a1d" />
    <TestEntry testId="f4d8404a-1301-51ea-ea5c-4634b036234d" executionId="a0e8ed3d-ae10-4b3d-ac84-e5111164de97" testListId="8c84fa94-04c1-424b-9868-57a2d4851a1d" />
    <TestEntry testId="ab4137bd-77f5-7d0c-b890-770e92c5e540" executionId="cd992f11-9d9f-491a-a12c-33a487b1c3d4" testListId="8c84fa94-04c1-424b-9868-57a2d4851a1d" />
    <TestEntry testId="51995322-8c00-f766-f088-c76b56aca7e2" executionId="9b556c10-2b1e-40f6-8e27-41019784b875" testListId="8c84fa94-04c1-424b-9868-57a2d4851a1d" />
    <TestEntry testId="370b9bf2-7ddb-6ea3-d185-d814bfc92e58" executionId="96944d2a-6d6a-4fd0-b52b-7ee2523ce50c" testListId="8c84fa94-04c1-424b-9868-57a2d4851a1d" />
    <TestEntry testId="c5cdcf4b-343d-7523-c4d6-145aa870108c" executionId="3e292cfa-e1fe-48f0-bcb3-af541e54d256" testListId="8c84fa94-04c1-424b-9868-57a2d4851a1d" />
    <TestEntry testId="de96ddf0-d444-ee1c-2268-ec15a6f73012" executionId="203b7432-4eb6-4d02-9e70-97749cd79262" testListId="8c84fa94-04c1-424b-9868-57a2d4851a1d" />
    <TestEntry testId="b4febf0c-e78e-506a-21fa-fc3ca5cd1abc" executionId="e50922f1-5a14-42b2-a976-0b894310d355" testListId="8c84fa94-04c1-424b-9868-57a2d4851a1d" />
    <TestEntry testId="59fd16aa-fcf0-7b06-e458-4da33c7a4c9d" executionId="9d03c007-2d32-49b6-bc5c-3a57e4bca936" testListId="8c84fa94-04c1-424b-9868-57a2d4851a1d" />
    <TestEntry testId="b704fdb0-c7bb-1693-71ff-6ae0dd6bc4d2" executionId="fa38b91b-dd2d-416e-a9c8-1b4234788b65" testListId="8c84fa94-04c1-424b-9868-57a2d4851a1d" />
    <TestEntry testId="d6a5b564-6853-d350-20e1-f686b037eba7" executionId="e615ad2e-08f6-4896-b025-25e2108060f0" testListId="8c84fa94-04c1-424b-9868-57a2d4851a1d" />
    <TestEntry testId="b9cd51bc-b558-b299-0098-91b9fedbee77" executionId="dc09a5f1-e7c4-447b-a6e0-0f2350707b5a" testListId="8c84fa94-04c1-424b-9868-57a2d4851a1d" />
    <TestEntry testId="26b1b776-9f67-2484-a7a6-868cf6e041be" executionId="e7eceea9-016f-41e2-8196-309588d28ada" testListId="8c84fa94-04c1-424b-9868-57a2d4851a1d" />
  </TestEntries>
  <TestLists>
    <TestList name="Results Not in a List" id="8c84fa94-04c1-424b-9868-57a2d4851a1d" />
    <TestList name="All Loaded Results" id="19431567-8539-422a-85d7-44ee4e166bda" />
  </TestLists>
  <ResultSummary outcome="Completed">
    <Counters total="579" executed="573" passed="573" failed="0" error="0" timeout="0" aborted="0" inconclusive="0" passedButRunAborted="0" notRunnable="0" notExecuted="0" disconnected="0" warning="0" completed="0" inProgress="0" pending="0" />
    <Output>
      <StdOut>Test 'ScheduleNextRun_CalledOnce_AfterTimedDelayTriggered_Success' was skipped in the test run.&#xD;
Test 'ScheduleNextRun_CalledTwice_AfterTimedDelayTriggered_Success' was skipped in the test run.&#xD;
Test 'ScheduleNextRun_CalledOnce_CancelledBeforeTimedDelayTriggered_Success' was skipped in the test run.&#xD;
Test 'ScheduleNextRun_ExceptionRaised_DoesNotContinueProcessing_Success' was skipped in the test run.&#xD;
Test 'EventLogNoFile' was skipped in the test run.&#xD;
Test 'SimpleMultiOutput' was skipped in the test run.&#xD;
</StdOut>
    </Output>
  </ResultSummary>
</TestRun>