<?xml version="1.0" encoding="utf-8"?>
<TestRun id="298dc46e-875f-4a09-b6b9-873b74cc485c" name="DKSR-EFI-06$@DKSR-EFI-06 2024-01-09 15:43:03" runUser="NT AUTHORITY\NETWORK SERVICE" xmlns="http://microsoft.com/schemas/VisualStudio/TeamTest/2010">
  <Times creation="2024-01-09T15:43:03.3103239+01:00" queuing="2024-01-09T15:43:03.3103239+01:00" start="2024-01-09T15:42:53.1384432+01:00" finish="2024-01-09T15:43:05.1540829+01:00" />
  <TestSettings name="default" id="97aba7ca-05f3-462b-8c6c-6bbb047019c6">
    <Deployment runDeploymentRoot="DKSR-EFI-06$_DKSR-EFI-06_2024-01-09_15_43_03" />
  </TestSettings>
  <Results>
    <UnitTestResult executionId="44092abb-e106-4cbe-8427-c79dcbfa6831" testId="e280c4e7-4a10-1168-dd83-8f0b7008250e" testName="TestClient_Success" computerName="DKSR-EFI-06" duration="00:00:00.0004444" startTime="2024-01-09T15:43:04.2009529+01:00" endTime="2024-01-09T15:43:04.2009529+01:00" testType="13cdc9d9-ddb5-4fa4-a97d-d965ccfc6d4b" outcome="Passed" testListId="8c84fa94-04c1-424b-9868-57a2d4851a1d" relativeResultsDirectory="44092abb-e106-4cbe-8427-c79dcbfa6831" />
    <UnitTestResult executionId="1dd2ccd3-2600-4c0b-b3e3-796f971a214a" testId="885a4290-fd58-3181-1df1-11257f9507bd" testName="TestGetClient_GetNonCachedClient_Success" computerName="DKSR-EFI-06" duration="00:00:00.0116488" startTime="2024-01-09T15:43:03.3259498+01:00" endTime="2024-01-09T15:43:03.3415747+01:00" testType="13cdc9d9-ddb5-4fa4-a97d-d965ccfc6d4b" outcome="Passed" testListId="8c84fa94-04c1-424b-9868-57a2d4851a1d" relativeResultsDirectory="1dd2ccd3-2600-4c0b-b3e3-796f971a214a" />
    <UnitTestResult executionId="d3b22b80-9b6c-4566-aead-5192de43c94b" testId="e4499f76-84af-1e9a-7b24-7bfb04f72599" testName="TestClient_Success" computerName="DKSR-EFI-06" duration="00:00:00.0035603" startTime="2024-01-09T15:43:04.3728301+01:00" endTime="2024-01-09T15:43:04.3728301+01:00" testType="13cdc9d9-ddb5-4fa4-a97d-d965ccfc6d4b" outcome="Passed" testListId="8c84fa94-04c1-424b-9868-57a2d4851a1d" relativeResultsDirectory="d3b22b80-9b6c-4566-aead-5192de43c94b" />
    <UnitTestResult executionId="fa1bd918-0b1d-4b3b-8f2d-39a5215d66ed" testId="4a93f656-64bc-262e-21f8-ed3075f294f0" testName="Test_GetClient_GetMultipleCachedClient_Success" computerName="DKSR-EFI-06" duration="00:00:00.0054906" startTime="2024-01-09T15:43:03.3572004+01:00" endTime="2024-01-09T15:43:03.3728258+01:00" testType="13cdc9d9-ddb5-4fa4-a97d-d965ccfc6d4b" outcome="Passed" testListId="8c84fa94-04c1-424b-9868-57a2d4851a1d" relativeResultsDirectory="fa1bd918-0b1d-4b3b-8f2d-39a5215d66ed" />
    <UnitTestResult executionId="9912f0d8-85da-4c58-b5f2-8bc5bfe38f3c" testId="a09f7c36-e6c8-814c-877b-e2518569e03c" testName="TestGetClient_WithNoServerRegisteredWithEmptyURIArrayAsNull_Fail" computerName="DKSR-EFI-06" duration="00:00:00.0013800" startTime="2024-01-09T15:43:03.4665766+01:00" endTime="2024-01-09T15:43:03.4665766+01:00" testType="13cdc9d9-ddb5-4fa4-a97d-d965ccfc6d4b" outcome="Passed" testListId="8c84fa94-04c1-424b-9868-57a2d4851a1d" relativeResultsDirectory="9912f0d8-85da-4c58-b5f2-8bc5bfe38f3c" />
    <UnitTestResult executionId="b3f1e137-892c-46df-91fe-51039384b116" testId="496f8105-398f-b29c-de24-f2334fc770dc" testName="TestGetClient_GetMultipleClient_Success" computerName="DKSR-EFI-06" duration="00:00:00.0051873" startTime="2024-01-09T15:43:03.3415747+01:00" endTime="2024-01-09T15:43:03.3572004+01:00" testType="13cdc9d9-ddb5-4fa4-a97d-d965ccfc6d4b" outcome="Passed" testListId="8c84fa94-04c1-424b-9868-57a2d4851a1d" relativeResultsDirectory="b3f1e137-892c-46df-91fe-51039384b116" />
    <UnitTestResult executionId="69532398-0cbf-4fdc-a7b2-7fe47cc07e89" testId="91b182b3-32f6-5345-93c2-0285e58432ac" testName="TestGetClient_WithNoServerRegisteredWithEmptyURIArray_Fail" computerName="DKSR-EFI-06" duration="00:00:00.0014545" startTime="2024-01-09T15:43:03.3884514+01:00" endTime="2024-01-09T15:43:03.3884514+01:00" testType="13cdc9d9-ddb5-4fa4-a97d-d965ccfc6d4b" outcome="Passed" testListId="8c84fa94-04c1-424b-9868-57a2d4851a1d" relativeResultsDirectory="69532398-0cbf-4fdc-a7b2-7fe47cc07e89" />
    <UnitTestResult executionId="f7aaefab-7045-42fe-aec0-074351f84e7c" testId="fa3d0b2e-dfcf-641e-f9a6-d6151b888253" testName="TestGetClient_GetNonCachedClient_Success" computerName="DKSR-EFI-06" duration="00:00:00.0194605" startTime="2024-01-09T15:43:03.5759492+01:00" endTime="2024-01-09T15:43:03.5915750+01:00" testType="13cdc9d9-ddb5-4fa4-a97d-d965ccfc6d4b" outcome="Passed" testListId="8c84fa94-04c1-424b-9868-57a2d4851a1d" relativeResultsDirectory="f7aaefab-7045-42fe-aec0-074351f84e7c" />
    <UnitTestResult executionId="7860be90-7ef0-499c-a40f-ce7e5e741d2f" testId="16fb6384-0e27-434c-f241-634eb05ad9c6" testName="TestClose_CloseTwice_Success" computerName="DKSR-EFI-06" duration="00:00:00.0011484" startTime="2024-01-09T15:43:03.5759492+01:00" endTime="2024-01-09T15:43:03.5759492+01:00" testType="13cdc9d9-ddb5-4fa4-a97d-d965ccfc6d4b" outcome="Passed" testListId="8c84fa94-04c1-424b-9868-57a2d4851a1d" relativeResultsDirectory="7860be90-7ef0-499c-a40f-ce7e5e741d2f" />
    <UnitTestResult executionId="688396c5-29da-4773-9bbe-c8e13bd6b806" testId="8c28c708-5002-fdf0-5cfb-b38c8fff4931" testName="TestHandleFaultException_MapCommandLayerAlreadyExistsException_WithLayerId_Success" computerName="DKSR-EFI-06" duration="00:00:00.0049638" startTime="2024-01-09T15:43:04.4822053+01:00" endTime="2024-01-09T15:43:04.4978300+01:00" testType="13cdc9d9-ddb5-4fa4-a97d-d965ccfc6d4b" outcome="Passed" testListId="8c84fa94-04c1-424b-9868-57a2d4851a1d" relativeResultsDirectory="688396c5-29da-4773-9bbe-c8e13bd6b806" />
    <UnitTestResult executionId="93027d91-9aee-4f2f-b491-5132b61706cb" testId="10ff789c-9567-34da-2024-78d2c107ebad" testName="Test_GetClient_GetMultipleCachedClient_Success" computerName="DKSR-EFI-06" duration="00:00:00.0051355" startTime="2024-01-09T15:43:03.6228238+01:00" endTime="2024-01-09T15:43:03.6228238+01:00" testType="13cdc9d9-ddb5-4fa4-a97d-d965ccfc6d4b" outcome="Passed" testListId="8c84fa94-04c1-424b-9868-57a2d4851a1d" relativeResultsDirectory="93027d91-9aee-4f2f-b491-5132b61706cb" />
    <UnitTestResult executionId="e60e6f48-fae8-414f-b4e5-662b9d547419" testId="36bbe793-5372-a545-6086-56bb60ba7f28" testName="TestCreate_ItemClientToken_Success" computerName="DKSR-EFI-06" duration="00:00:00.0013790" startTime="2024-01-09T15:43:04.3884564+01:00" endTime="2024-01-09T15:43:04.3884564+01:00" testType="13cdc9d9-ddb5-4fa4-a97d-d965ccfc6d4b" outcome="Passed" testListId="8c84fa94-04c1-424b-9868-57a2d4851a1d" relativeResultsDirectory="e60e6f48-fae8-414f-b4e5-662b9d547419" />
    <UnitTestResult executionId="2fe6dded-5d4f-425c-8517-70634302a50e" testId="7180a90e-40b2-f131-51e2-3a140e7eff9b" testName="TestGetClient_WithNoServerRegisteredAsNull_Fail" computerName="DKSR-EFI-06" duration="00:00:00.0017254" startTime="2024-01-09T15:43:03.8103243+01:00" endTime="2024-01-09T15:43:03.8103243+01:00" testType="13cdc9d9-ddb5-4fa4-a97d-d965ccfc6d4b" outcome="Passed" testListId="8c84fa94-04c1-424b-9868-57a2d4851a1d" relativeResultsDirectory="2fe6dded-5d4f-425c-8517-70634302a50e" />
    <UnitTestResult executionId="c9f5794c-07f1-48e5-bc98-588257b5b1ea" testId="b7af78eb-5634-933a-837a-c3ee991bbf1d" testName="TestGetClient_WithNoServerRegistered_Fail" computerName="DKSR-EFI-06" duration="00:00:00.0013089" startTime="2024-01-09T15:43:03.2521775+01:00" endTime="2024-01-09T15:43:03.2521775+01:00" testType="13cdc9d9-ddb5-4fa4-a97d-d965ccfc6d4b" outcome="Passed" testListId="8c84fa94-04c1-424b-9868-57a2d4851a1d" relativeResultsDirectory="c9f5794c-07f1-48e5-bc98-588257b5b1ea" />
    <UnitTestResult executionId="91e8937d-2cff-4dcb-8c3b-b79b27c30cc6" testId="5872357b-b746-09f6-cc40-4e88f989b5a3" testName="TestClose_CloseTwice_Success" computerName="DKSR-EFI-06" duration="00:00:00.0014839" startTime="2024-01-09T15:43:03.4822008+01:00" endTime="2024-01-09T15:43:03.4822008+01:00" testType="13cdc9d9-ddb5-4fa4-a97d-d965ccfc6d4b" outcome="Passed" testListId="8c84fa94-04c1-424b-9868-57a2d4851a1d" relativeResultsDirectory="91e8937d-2cff-4dcb-8c3b-b79b27c30cc6" />
    <UnitTestResult executionId="87aac20e-0acf-4be2-b8bd-d3b5b509788d" testId="ddb555e0-2da8-0d61-b6c8-354439301467" testName="TestGetClient_WithNoServerRegisteredAsNull_Fail" computerName="DKSR-EFI-06" duration="00:00:00.0016023" startTime="2024-01-09T15:43:03.5447004+01:00" endTime="2024-01-09T15:43:03.5447004+01:00" testType="13cdc9d9-ddb5-4fa4-a97d-d965ccfc6d4b" outcome="Passed" testListId="8c84fa94-04c1-424b-9868-57a2d4851a1d" relativeResultsDirectory="87aac20e-0acf-4be2-b8bd-d3b5b509788d" />
    <UnitTestResult executionId="2522cb2b-a653-4131-bb17-3ee7a4493d28" testId="fbf8bf4f-d2ff-6cad-1643-d7fbfa82ca3d" testName="TestClose_CloseTwice_Success" computerName="DKSR-EFI-06" duration="00:00:00.0010923" startTime="2024-01-09T15:43:03.8259521+01:00" endTime="2024-01-09T15:43:03.8415763+01:00" testType="13cdc9d9-ddb5-4fa4-a97d-d965ccfc6d4b" outcome="Passed" testListId="8c84fa94-04c1-424b-9868-57a2d4851a1d" relativeResultsDirectory="2522cb2b-a653-4131-bb17-3ee7a4493d28" />
    <UnitTestResult executionId="d1a5dbd0-c72b-4108-94e7-91c8a632f7e9" testId="aea3ac9b-a352-1ffd-094b-6e105ba4d4ba" testName="TestClose_CloseOnce_Success" computerName="DKSR-EFI-06" duration="00:00:00.0022961" startTime="2024-01-09T15:43:03.4822008+01:00" endTime="2024-01-09T15:43:03.4822008+01:00" testType="13cdc9d9-ddb5-4fa4-a97d-d965ccfc6d4b" outcome="Passed" testListId="8c84fa94-04c1-424b-9868-57a2d4851a1d" relativeResultsDirectory="d1a5dbd0-c72b-4108-94e7-91c8a632f7e9" />
    <UnitTestResult executionId="40dca302-0aab-4929-a786-1cf085912776" testId="7ad666d5-db60-88a8-bc94-545741b1fc8a" testName="TestCreate_NoLoginSettings_Fail" computerName="DKSR-EFI-06" duration="00:00:00.0007957" startTime="2024-01-09T15:43:04.2790766+01:00" endTime="2024-01-09T15:43:04.2790766+01:00" testType="13cdc9d9-ddb5-4fa4-a97d-d965ccfc6d4b" outcome="Passed" testListId="8c84fa94-04c1-424b-9868-57a2d4851a1d" relativeResultsDirectory="40dca302-0aab-4929-a786-1cf085912776" />
    <UnitTestResult executionId="9a3e6db7-78d8-4290-9876-29c8321a61c6" testId="4b292c01-681b-0456-9b90-ad6ff831f508" testName="TestCreate_BuildingClientToken_Success" computerName="DKSR-EFI-06" duration="00:00:00.0014692" startTime="2024-01-09T15:43:04.6072065+01:00" endTime="2024-01-09T15:43:04.6228322+01:00" testType="13cdc9d9-ddb5-4fa4-a97d-d965ccfc6d4b" outcome="Passed" testListId="8c84fa94-04c1-424b-9868-57a2d4851a1d" relativeResultsDirectory="9a3e6db7-78d8-4290-9876-29c8321a61c6" />
    <UnitTestResult executionId="be88a5ab-e34d-48cd-b7b4-b3cdb91cad12" testId="2810bc28-33b2-4f41-00c9-12b6aa321ae6" testName="TestClose_CloseOnce_Success" computerName="DKSR-EFI-06" duration="00:00:00.0022257" startTime="2024-01-09T15:43:03.6384501+01:00" endTime="2024-01-09T15:43:03.6540789+01:00" testType="13cdc9d9-ddb5-4fa4-a97d-d965ccfc6d4b" outcome="Passed" testListId="8c84fa94-04c1-424b-9868-57a2d4851a1d" relativeResultsDirectory="be88a5ab-e34d-48cd-b7b4-b3cdb91cad12" />
    <UnitTestResult executionId="0f0874b9-e76b-4136-8fae-6a21b5e72a01" testId="882b2af4-1655-efad-609b-dd9418f0b5f0" testName="TestGetClient_GetMultipleClient_Success" computerName="DKSR-EFI-06" duration="00:00:00.0058739" startTime="2024-01-09T15:43:03.6071978+01:00" endTime="2024-01-09T15:43:03.6071978+01:00" testType="13cdc9d9-ddb5-4fa4-a97d-d965ccfc6d4b" outcome="Passed" testListId="8c84fa94-04c1-424b-9868-57a2d4851a1d" relativeResultsDirectory="0f0874b9-e76b-4136-8fae-6a21b5e72a01" />
    <UnitTestResult executionId="10a1cfb1-b77e-4ca0-becf-9f848a477c9e" testId="07053493-9cb1-6a68-d006-4b5d562b752b" testName="TestAsyncClient_Success" computerName="DKSR-EFI-06" duration="00:00:00.0114573" startTime="2024-01-09T15:43:04.2790766+01:00" endTime="2024-01-09T15:43:04.2947055+01:00" testType="13cdc9d9-ddb5-4fa4-a97d-d965ccfc6d4b" outcome="Passed" testListId="8c84fa94-04c1-424b-9868-57a2d4851a1d" relativeResultsDirectory="10a1cfb1-b77e-4ca0-becf-9f848a477c9e" />
    <UnitTestResult executionId="c7dd847f-3c06-41a7-818b-1456927d932a" testId="2134bfe7-96b0-f08c-9072-5b1ee5a2b410" testName="TestCreate_NoLoginSettings_Fail" computerName="DKSR-EFI-06" duration="00:00:00.0007572" startTime="2024-01-09T15:43:04.6228322+01:00" endTime="2024-01-09T15:43:04.6228322+01:00" testType="13cdc9d9-ddb5-4fa4-a97d-d965ccfc6d4b" outcome="Passed" testListId="8c84fa94-04c1-424b-9868-57a2d4851a1d" relativeResultsDirectory="c7dd847f-3c06-41a7-818b-1456927d932a" />
    <UnitTestResult executionId="47acd27f-b811-47bc-b5f9-9f76638dd41b" testId="f208755c-d580-622d-0c99-8d57f5aa41f8" testName="TestHandleFaultException_UnknownException_Success" computerName="DKSR-EFI-06" duration="00:00:00.0125872" startTime="2024-01-09T15:43:04.4665802+01:00" endTime="2024-01-09T15:43:04.4822053+01:00" testType="13cdc9d9-ddb5-4fa4-a97d-d965ccfc6d4b" outcome="Passed" testListId="8c84fa94-04c1-424b-9868-57a2d4851a1d" relativeResultsDirectory="47acd27f-b811-47bc-b5f9-9f76638dd41b" />
    <UnitTestResult executionId="a3c16adb-51f4-45bd-b8dd-96e1f1d6b604" testId="0d8aa6b8-2cde-1b1a-dbc2-9d1d82097d45" testName="TestGetClient_GetMultipleClient_Success" computerName="DKSR-EFI-06" duration="00:00:00.0060165" startTime="2024-01-09T15:43:03.7947024+01:00" endTime="2024-01-09T15:43:03.7947024+01:00" testType="13cdc9d9-ddb5-4fa4-a97d-d965ccfc6d4b" outcome="Passed" testListId="8c84fa94-04c1-424b-9868-57a2d4851a1d" relativeResultsDirectory="a3c16adb-51f4-45bd-b8dd-96e1f1d6b604" />
    <UnitTestResult executionId="cdc59147-60cb-4073-94bc-49f75b0dabdd" testId="04ed8a62-1756-f799-3c7a-938a74b57e75" testName="TestHandleFaultException_MapCommandException_Success" computerName="DKSR-EFI-06" duration="00:00:00.0003243" startTime="2024-01-09T15:43:04.4822053+01:00" endTime="2024-01-09T15:43:04.4822053+01:00" testType="13cdc9d9-ddb5-4fa4-a97d-d965ccfc6d4b" outcome="Passed" testListId="8c84fa94-04c1-424b-9868-57a2d4851a1d" relativeResultsDirectory="cdc59147-60cb-4073-94bc-49f75b0dabdd" />
    <UnitTestResult executionId="072926d9-2cea-439d-8a26-b5eddfa6835b" testId="a7a96eb8-df44-5ef6-8380-90892db716e4" testName="TestBuildingClientCredentials_Success" computerName="DKSR-EFI-06" duration="00:00:00.0525635" startTime="2024-01-09T15:43:04.4978300+01:00" endTime="2024-01-09T15:43:04.5447049+01:00" testType="13cdc9d9-ddb5-4fa4-a97d-d965ccfc6d4b" outcome="Passed" testListId="8c84fa94-04c1-424b-9868-57a2d4851a1d" relativeResultsDirectory="072926d9-2cea-439d-8a26-b5eddfa6835b" />
    <UnitTestResult executionId="032ccc38-2b67-4b69-b197-dbea08302314" testId="a890503b-c6d1-f0bd-5b17-5493c4d57a6e" testName="TestClient_Success" computerName="DKSR-EFI-06" duration="00:00:00.0249094" startTime="2024-01-09T15:43:04.3884564+01:00" endTime="2024-01-09T15:43:04.4197053+01:00" testType="13cdc9d9-ddb5-4fa4-a97d-d965ccfc6d4b" outcome="Passed" testListId="8c84fa94-04c1-424b-9868-57a2d4851a1d" relativeResultsDirectory="032ccc38-2b67-4b69-b197-dbea08302314" />
    <UnitTestResult executionId="c9289d1e-f1d6-411a-8610-22e5c7f3a87d" testId="d5539fb0-4b8c-5a5a-0973-a3cb0f90582a" testName="TestClient_Success" computerName="DKSR-EFI-06" duration="00:00:00.0066853" startTime="2024-01-09T15:43:04.6228322+01:00" endTime="2024-01-09T15:43:04.6228322+01:00" testType="13cdc9d9-ddb5-4fa4-a97d-d965ccfc6d4b" outcome="Passed" testListId="8c84fa94-04c1-424b-9868-57a2d4851a1d" relativeResultsDirectory="c9289d1e-f1d6-411a-8610-22e5c7f3a87d" />
    <UnitTestResult executionId="47baa487-df5e-433c-a082-ab6606eddf56" testId="9fe0be95-0024-9f41-e8cf-980d2390c23d" testName="TestAsyncBuildingClientCredentials_Success" computerName="DKSR-EFI-06" duration="00:00:00.0575344" startTime="2024-01-09T15:43:04.5447049+01:00" endTime="2024-01-09T15:43:04.6072065+01:00" testType="13cdc9d9-ddb5-4fa4-a97d-d965ccfc6d4b" outcome="Passed" testListId="8c84fa94-04c1-424b-9868-57a2d4851a1d" relativeResultsDirectory="47baa487-df5e-433c-a082-ab6606eddf56" />
    <UnitTestResult executionId="3c441676-464c-4e7d-814d-6ea3168c0d1a" testId="1259badf-2adb-5441-13dd-f6cb42826d68" testName="TestGetClient_WithNoServerRegistered_Fail" computerName="DKSR-EFI-06" duration="00:00:00.0014329" startTime="2024-01-09T15:43:03.8103243+01:00" endTime="2024-01-09T15:43:03.8259521+01:00" testType="13cdc9d9-ddb5-4fa4-a97d-d965ccfc6d4b" outcome="Passed" testListId="8c84fa94-04c1-424b-9868-57a2d4851a1d" relativeResultsDirectory="3c441676-464c-4e7d-814d-6ea3168c0d1a" />
    <UnitTestResult executionId="6d71deba-179e-4b91-acfb-65d1354b76f7" testId="560ab2dc-75a8-8a2d-271c-8e3463af3c15" testName="Test_GetClient_GetMultipleCachedClient_Success" computerName="DKSR-EFI-06" duration="00:00:00.0053354" startTime="2024-01-09T15:43:03.2321958+01:00" endTime="2024-01-09T15:43:03.2321958+01:00" testType="13cdc9d9-ddb5-4fa4-a97d-d965ccfc6d4b" outcome="Passed" testListId="8c84fa94-04c1-424b-9868-57a2d4851a1d" relativeResultsDirectory="6d71deba-179e-4b91-acfb-65d1354b76f7" />
    <UnitTestResult executionId="e1dba7a6-473b-4944-a66e-3897b37dd1fc" testId="62532f55-e3bd-5d55-de25-7b0c60fe3b81" testName="TestClose_CloseTwice_Success" computerName="DKSR-EFI-06" duration="00:00:00.0013707" startTime="2024-01-09T15:43:03.3103239+01:00" endTime="2024-01-09T15:43:03.3103239+01:00" testType="13cdc9d9-ddb5-4fa4-a97d-d965ccfc6d4b" outcome="Passed" testListId="8c84fa94-04c1-424b-9868-57a2d4851a1d" relativeResultsDirectory="e1dba7a6-473b-4944-a66e-3897b37dd1fc" />
    <UnitTestResult executionId="65d72358-a1d3-42e6-b9d4-3b6556cb4104" testId="38982c92-9097-8444-45d7-84995396069d" testName="TestGetClient_WithNoServerRegistered_Fail" computerName="DKSR-EFI-06" duration="00:00:00.0015373" startTime="2024-01-09T15:43:03.7321997+01:00" endTime="2024-01-09T15:43:03.7321997+01:00" testType="13cdc9d9-ddb5-4fa4-a97d-d965ccfc6d4b" outcome="Passed" testListId="8c84fa94-04c1-424b-9868-57a2d4851a1d" relativeResultsDirectory="65d72358-a1d3-42e6-b9d4-3b6556cb4104" />
    <UnitTestResult executionId="7ab165de-f788-470f-86a5-5a9941a0651e" testId="3e5de2f7-7911-95e7-ba4a-0eb8424b6462" testName="TestGetClient_GetMultipleClient_Success" computerName="DKSR-EFI-06" duration="00:00:00.0062022" startTime="2024-01-09T15:43:03.5134528+01:00" endTime="2024-01-09T15:43:03.5290748+01:00" testType="13cdc9d9-ddb5-4fa4-a97d-d965ccfc6d4b" outcome="Passed" testListId="8c84fa94-04c1-424b-9868-57a2d4851a1d" relativeResultsDirectory="7ab165de-f788-470f-86a5-5a9941a0651e" />
    <UnitTestResult executionId="e011d14a-af68-431c-a344-c45a4d177c43" testId="6ba0ff9c-7ab2-187d-e0a8-69fcec3fa4a8" testName="TestConstructor_Success" computerName="DKSR-EFI-06" duration="00:00:00.0012378" startTime="2024-01-09T15:43:03.6540789+01:00" endTime="2024-01-09T15:43:03.6540789+01:00" testType="13cdc9d9-ddb5-4fa4-a97d-d965ccfc6d4b" outcome="Passed" testListId="8c84fa94-04c1-424b-9868-57a2d4851a1d" relativeResultsDirectory="e011d14a-af68-431c-a344-c45a4d177c43" />
    <UnitTestResult executionId="f27753a0-7273-40c3-9819-b980509f8b9b" testId="c6d55458-3e07-9598-c894-c5533f47a969" testName="TestCreate_NoLoginSettings_Fail" computerName="DKSR-EFI-06" duration="00:00:00.0012914" startTime="2024-01-09T15:43:04.1697038+01:00" endTime="2024-01-09T15:43:04.1697038+01:00" testType="13cdc9d9-ddb5-4fa4-a97d-d965ccfc6d4b" outcome="Passed" testListId="8c84fa94-04c1-424b-9868-57a2d4851a1d" relativeResultsDirectory="f27753a0-7273-40c3-9819-b980509f8b9b" />
    <UnitTestResult executionId="ae992094-aa52-457a-a70d-f806b992f708" testId="289af091-126f-57b1-340c-c2f2e2ac5510" testName="TestAsyncNotificationClientCredentials_Success" computerName="DKSR-EFI-06" duration="00:00:00.0011165" startTime="2024-01-09T15:43:04.1853283+01:00" endTime="2024-01-09T15:43:04.1853283+01:00" testType="13cdc9d9-ddb5-4fa4-a97d-d965ccfc6d4b" outcome="Passed" testListId="8c84fa94-04c1-424b-9868-57a2d4851a1d" relativeResultsDirectory="ae992094-aa52-457a-a70d-f806b992f708" />
    <UnitTestResult executionId="de637189-2fbf-4f5d-a0f5-798a02e11023" testId="f132610b-241c-48b9-5557-5646f9a93007" testName="TestConstructor_Success" computerName="DKSR-EFI-06" duration="00:00:00.0012056" startTime="2024-01-09T15:43:03.3259498+01:00" endTime="2024-01-09T15:43:03.3259498+01:00" testType="13cdc9d9-ddb5-4fa4-a97d-d965ccfc6d4b" outcome="Passed" testListId="8c84fa94-04c1-424b-9868-57a2d4851a1d" relativeResultsDirectory="de637189-2fbf-4f5d-a0f5-798a02e11023" />
    <UnitTestResult executionId="8f760c74-0a35-4c9c-b160-5e00f45e585c" testId="0b2fe012-5616-3eb7-1b1e-bb34f5ba605e" testName="TestClose_CloseTwice_Success" computerName="DKSR-EFI-06" duration="00:00:00.0012267" startTime="2024-01-09T15:43:03.4040768+01:00" endTime="2024-01-09T15:43:03.4040768+01:00" testType="13cdc9d9-ddb5-4fa4-a97d-d965ccfc6d4b" outcome="Passed" testListId="8c84fa94-04c1-424b-9868-57a2d4851a1d" relativeResultsDirectory="8f760c74-0a35-4c9c-b160-5e00f45e585c" />
    <UnitTestResult executionId="2809965f-bf7d-4af1-b4dd-13673ccddf86" testId="28e552f1-a8b9-8f81-b50e-bc47a81b0c7b" testName="TestGetClient_GetNonCachedClient_Success" computerName="DKSR-EFI-06" duration="00:00:00.0165942" startTime="2024-01-09T15:43:03.4196988+01:00" endTime="2024-01-09T15:43:03.4353243+01:00" testType="13cdc9d9-ddb5-4fa4-a97d-d965ccfc6d4b" outcome="Passed" testListId="8c84fa94-04c1-424b-9868-57a2d4851a1d" relativeResultsDirectory="2809965f-bf7d-4af1-b4dd-13673ccddf86" />
    <UnitTestResult executionId="7be6702b-e637-499b-9998-0fcd903f3b22" testId="f9c97b99-0cc7-9ac1-b1f6-e9c4b632df51" testName="TestHandleFaultException_NullError_Failure" computerName="DKSR-EFI-06" duration="00:00:00.0107204" startTime="2024-01-09T15:43:04.4509522+01:00" endTime="2024-01-09T15:43:04.4665802+01:00" testType="13cdc9d9-ddb5-4fa4-a97d-d965ccfc6d4b" outcome="Passed" testListId="8c84fa94-04c1-424b-9868-57a2d4851a1d" relativeResultsDirectory="7be6702b-e637-499b-9998-0fcd903f3b22" />
    <UnitTestResult executionId="11a94864-7f72-44a5-92fd-c323d882358b" testId="b5700263-fa20-6a11-1ab5-868003b66ff3" testName="Test_GetClient_GetMultipleCachedClient_Success" computerName="DKSR-EFI-06" duration="00:00:00.0049694" startTime="2024-01-09T15:43:03.7009539+01:00" endTime="2024-01-09T15:43:03.7165763+01:00" testType="13cdc9d9-ddb5-4fa4-a97d-d965ccfc6d4b" outcome="Passed" testListId="8c84fa94-04c1-424b-9868-57a2d4851a1d" relativeResultsDirectory="11a94864-7f72-44a5-92fd-c323d882358b" />
    <UnitTestResult executionId="c1f2bc55-514b-4259-b7f8-b180c772a6e1" testId="f5493d3c-25e4-76b6-1510-a361dc80248d" testName="TestGetClient_GetMultipleClient_Success" computerName="DKSR-EFI-06" duration="00:00:00.0067398" startTime="2024-01-09T15:43:03.2165726+01:00" endTime="2024-01-09T15:43:03.2165726+01:00" testType="13cdc9d9-ddb5-4fa4-a97d-d965ccfc6d4b" outcome="Passed" testListId="8c84fa94-04c1-424b-9868-57a2d4851a1d" relativeResultsDirectory="c1f2bc55-514b-4259-b7f8-b180c772a6e1" />
    <UnitTestResult executionId="0380341d-0163-4823-ae84-bbd691188a96" testId="46d5d2e9-9615-e4b8-8997-e66311be46a9" testName="TestClose_MultipleClient_Success" computerName="DKSR-EFI-06" duration="00:00:00.0013860" startTime="2024-01-09T15:43:03.4822008+01:00" endTime="2024-01-09T15:43:03.4822008+01:00" testType="13cdc9d9-ddb5-4fa4-a97d-d965ccfc6d4b" outcome="Passed" testListId="8c84fa94-04c1-424b-9868-57a2d4851a1d" relativeResultsDirectory="0380341d-0163-4823-ae84-bbd691188a96" />
    <UnitTestResult executionId="df65a903-329b-4dcd-a50b-710fb6616166" testId="acee5037-809a-c829-fdeb-5b9df043ee2c" testName="TestGetClient_WithNoServerRegisteredWithEmptyURIArrayAsNull_Fail" computerName="DKSR-EFI-06" duration="00:00:00.0015934" startTime="2024-01-09T15:43:03.3884514+01:00" endTime="2024-01-09T15:43:03.3884514+01:00" testType="13cdc9d9-ddb5-4fa4-a97d-d965ccfc6d4b" outcome="Passed" testListId="8c84fa94-04c1-424b-9868-57a2d4851a1d" relativeResultsDirectory="df65a903-329b-4dcd-a50b-710fb6616166" />
    <UnitTestResult executionId="735414a3-413b-479b-aa1c-b2ace68c961e" testId="d413f119-0d57-cdd7-e784-54d016c3a144" testName="TestGetClient_WithNoServerRegistered_Fail" computerName="DKSR-EFI-06" duration="00:00:00.0012982" startTime="2024-01-09T15:43:03.4665766+01:00" endTime="2024-01-09T15:43:03.4665766+01:00" testType="13cdc9d9-ddb5-4fa4-a97d-d965ccfc6d4b" outcome="Passed" testListId="8c84fa94-04c1-424b-9868-57a2d4851a1d" relativeResultsDirectory="735414a3-413b-479b-aa1c-b2ace68c961e" />
    <UnitTestResult executionId="228fb456-cef3-481f-8378-e705ebb2a2a8" testId="beaa52dc-665c-3d1c-c99a-bee40246432f" testName="TestClose_CloseOnce_Success" computerName="DKSR-EFI-06" duration="00:00:00.0020776" startTime="2024-01-09T15:43:03.8259521+01:00" endTime="2024-01-09T15:43:03.8259521+01:00" testType="13cdc9d9-ddb5-4fa4-a97d-d965ccfc6d4b" outcome="Passed" testListId="8c84fa94-04c1-424b-9868-57a2d4851a1d" relativeResultsDirectory="228fb456-cef3-481f-8378-e705ebb2a2a8" />
    <UnitTestResult executionId="f86fa0e0-a79e-49f9-b941-aee70cf9c476" testId="0c136bb8-001e-0bfe-7a63-dd8a4d8d81e8" testName="TestCreate_MapClientToken_Success" computerName="DKSR-EFI-06" duration="00:00:00.0014331" startTime="2024-01-09T15:43:04.2634935+01:00" endTime="2024-01-09T15:43:04.2790766+01:00" testType="13cdc9d9-ddb5-4fa4-a97d-d965ccfc6d4b" outcome="Passed" testListId="8c84fa94-04c1-424b-9868-57a2d4851a1d" relativeResultsDirectory="f86fa0e0-a79e-49f9-b941-aee70cf9c476" />
    <UnitTestResult executionId="08c79117-4b21-4004-8a31-6f7e856a740c" testId="4a81983a-3b77-a51d-6838-b65be9869fe2" testName="TestGetClient_WithNoServerRegisteredWithEmptyURIArrayAsNull_Fail" computerName="DKSR-EFI-06" duration="00:00:00.0016798" startTime="2024-01-09T15:43:03.2634490+01:00" endTime="2024-01-09T15:43:03.2634490+01:00" testType="13cdc9d9-ddb5-4fa4-a97d-d965ccfc6d4b" outcome="Passed" testListId="8c84fa94-04c1-424b-9868-57a2d4851a1d" relativeResultsDirectory="08c79117-4b21-4004-8a31-6f7e856a740c" />
    <UnitTestResult executionId="7c75b201-254e-4dfe-913d-4ccdc72daac1" testId="1b6aa7df-c1bc-626b-8016-41ad17805204" testName="TestGetClient_GetNonCachedClient_Success" computerName="DKSR-EFI-06" duration="00:00:00.0272740" startTime="2024-01-09T15:43:03.7478260+01:00" endTime="2024-01-09T15:43:03.7790776+01:00" testType="13cdc9d9-ddb5-4fa4-a97d-d965ccfc6d4b" outcome="Passed" testListId="8c84fa94-04c1-424b-9868-57a2d4851a1d" relativeResultsDirectory="7c75b201-254e-4dfe-913d-4ccdc72daac1" />
    <UnitTestResult executionId="83b5fcf6-fd7c-449f-aed2-a27e100e57fa" testId="d6d7bc8e-165a-c728-9e51-0d43fdc565a0" testName="TestAsyncRepositoryClientCredentials_Success" computerName="DKSR-EFI-06" duration="00:00:00.0278549" startTime="2024-01-09T15:43:04.1228280+01:00" endTime="2024-01-09T15:43:04.1540787+01:00" testType="13cdc9d9-ddb5-4fa4-a97d-d965ccfc6d4b" outcome="Passed" testListId="8c84fa94-04c1-424b-9868-57a2d4851a1d" relativeResultsDirectory="83b5fcf6-fd7c-449f-aed2-a27e100e57fa" />
    <UnitTestResult executionId="7ead856c-d20f-4798-83c9-f3764b7d1d33" testId="3c10daf0-1ff3-bd43-aa51-8dadcac4216a" testName="TestCreate_RepositoryClientToken_Success" computerName="DKSR-EFI-06" duration="00:00:00.0013958" startTime="2024-01-09T15:43:04.1540787+01:00" endTime="2024-01-09T15:43:04.1697038+01:00" testType="13cdc9d9-ddb5-4fa4-a97d-d965ccfc6d4b" outcome="Passed" testListId="8c84fa94-04c1-424b-9868-57a2d4851a1d" relativeResultsDirectory="7ead856c-d20f-4798-83c9-f3764b7d1d33" />
    <UnitTestResult executionId="c42beb99-c2ca-4681-8e03-5e881facbd9c" testId="afbd8c4b-630e-4bbb-59f2-008f5116b583" testName="TestCreate_NoLoginSettings_Fail" computerName="DKSR-EFI-06" duration="00:00:00.0006592" startTime="2024-01-09T15:43:04.3884564+01:00" endTime="2024-01-09T15:43:04.3884564+01:00" testType="13cdc9d9-ddb5-4fa4-a97d-d965ccfc6d4b" outcome="Passed" testListId="8c84fa94-04c1-424b-9868-57a2d4851a1d" relativeResultsDirectory="c42beb99-c2ca-4681-8e03-5e881facbd9c" />
    <UnitTestResult executionId="7508a54a-c9ba-4662-b2a9-5c5e6f5b8438" testId="34af3884-ad99-f959-9da1-cb1026d31a32" testName="TestClose_CloseOnce_Success" computerName="DKSR-EFI-06" duration="00:00:00.0022078" startTime="2024-01-09T15:43:03.5603255+01:00" endTime="2024-01-09T15:43:03.5603255+01:00" testType="13cdc9d9-ddb5-4fa4-a97d-d965ccfc6d4b" outcome="Passed" testListId="8c84fa94-04c1-424b-9868-57a2d4851a1d" relativeResultsDirectory="7508a54a-c9ba-4662-b2a9-5c5e6f5b8438" />
    <UnitTestResult executionId="e064a3ff-ea44-41a2-80a0-46df99e8bd34" testId="b9288525-84e3-42b5-141a-5644b9b7054a" testName="TestGetClient_GetCachedClient_Success" computerName="DKSR-EFI-06" duration="00:00:00.0043703" startTime="2024-01-09T15:43:03.5134528+01:00" endTime="2024-01-09T15:43:03.5134528+01:00" testType="13cdc9d9-ddb5-4fa4-a97d-d965ccfc6d4b" outcome="Passed" testListId="8c84fa94-04c1-424b-9868-57a2d4851a1d" relativeResultsDirectory="e064a3ff-ea44-41a2-80a0-46df99e8bd34" />
    <UnitTestResult executionId="b6a5f162-092f-4acb-8b60-5d9822c0a458" testId="9731813b-199d-bfec-b5b7-4a1634aa5b31" testName="TestClose_MultipleClient_Success" computerName="DKSR-EFI-06" duration="00:00:00.0014425" startTime="2024-01-09T15:43:03.7478260+01:00" endTime="2024-01-09T15:43:03.7478260+01:00" testType="13cdc9d9-ddb5-4fa4-a97d-d965ccfc6d4b" outcome="Passed" testListId="8c84fa94-04c1-424b-9868-57a2d4851a1d" relativeResultsDirectory="b6a5f162-092f-4acb-8b60-5d9822c0a458" />
    <UnitTestResult executionId="a16815f1-bc20-48ff-a70f-056d2fe51324" testId="0bc4c965-01de-084f-d431-89f206721121" testName="TestClose_MultipleClient_Success" computerName="DKSR-EFI-06" duration="00:00:00.0014237" startTime="2024-01-09T15:43:03.5759492+01:00" endTime="2024-01-09T15:43:03.5759492+01:00" testType="13cdc9d9-ddb5-4fa4-a97d-d965ccfc6d4b" outcome="Passed" testListId="8c84fa94-04c1-424b-9868-57a2d4851a1d" relativeResultsDirectory="a16815f1-bc20-48ff-a70f-056d2fe51324" />
    <UnitTestResult executionId="f6a0f717-01b2-40a4-91bd-ab676496a06d" testId="bb85b961-5010-a312-1a2c-761717fab04e" testName="TestClose_MultipleClient_Success" computerName="DKSR-EFI-06" duration="00:00:00.0017787" startTime="2024-01-09T15:43:03.8415763+01:00" endTime="2024-01-09T15:43:03.8415763+01:00" testType="13cdc9d9-ddb5-4fa4-a97d-d965ccfc6d4b" outcome="Passed" testListId="8c84fa94-04c1-424b-9868-57a2d4851a1d" relativeResultsDirectory="f6a0f717-01b2-40a4-91bd-ab676496a06d" />
    <UnitTestResult executionId="7c3e139c-c554-454f-8a32-e0e67a9287c1" testId="952b0f9b-94d4-2056-4887-097ffc26ebd0" testName="TestClose_CloseOnce_Success" computerName="DKSR-EFI-06" duration="00:00:00.0023443" startTime="2024-01-09T15:43:03.7321997+01:00" endTime="2024-01-09T15:43:03.7478260+01:00" testType="13cdc9d9-ddb5-4fa4-a97d-d965ccfc6d4b" outcome="Passed" testListId="8c84fa94-04c1-424b-9868-57a2d4851a1d" relativeResultsDirectory="7c3e139c-c554-454f-8a32-e0e67a9287c1" />
    <UnitTestResult executionId="c15026a1-e9fb-452a-b482-c086f56f0dc1" testId="327af9ee-40d5-418e-8afa-b51325fb21da" testName="TestGetClient_GetNonCachedClient_Success" computerName="DKSR-EFI-06" duration="00:00:00.0252343" startTime="2024-01-09T15:43:03.6697020+01:00" endTime="2024-01-09T15:43:03.6853284+01:00" testType="13cdc9d9-ddb5-4fa4-a97d-d965ccfc6d4b" outcome="Passed" testListId="8c84fa94-04c1-424b-9868-57a2d4851a1d" relativeResultsDirectory="c15026a1-e9fb-452a-b482-c086f56f0dc1" />
    <UnitTestResult executionId="af424578-43d6-491f-8025-91c5f1d73f51" testId="0b1036ae-4fed-71ab-fdcc-9b702df6b10c" testName="TestGetClient_WithNoServerRegistered_Fail" computerName="DKSR-EFI-06" duration="00:00:00.0014420" startTime="2024-01-09T15:43:03.5447004+01:00" endTime="2024-01-09T15:43:03.5603255+01:00" testType="13cdc9d9-ddb5-4fa4-a97d-d965ccfc6d4b" outcome="Passed" testListId="8c84fa94-04c1-424b-9868-57a2d4851a1d" relativeResultsDirectory="af424578-43d6-491f-8025-91c5f1d73f51" />
    <UnitTestResult executionId="4619d12d-25db-4db0-b0df-4a8d23bc922d" testId="16b5db8e-3ac6-f9cc-7214-f24e5f3af413" testName="TestGetClient_WithNoServerRegistered_Fail" computerName="DKSR-EFI-06" duration="00:00:00.0012715" startTime="2024-01-09T15:43:03.6384501+01:00" endTime="2024-01-09T15:43:03.6384501+01:00" testType="13cdc9d9-ddb5-4fa4-a97d-d965ccfc6d4b" outcome="Passed" testListId="8c84fa94-04c1-424b-9868-57a2d4851a1d" relativeResultsDirectory="4619d12d-25db-4db0-b0df-4a8d23bc922d" />
    <UnitTestResult executionId="6af92d84-b3f3-457c-a2c6-2b5a675fab9c" testId="8bd4fc99-bd14-e9bd-d495-034b5c69919e" testName="TestGetClient_WithNoServerRegisteredWithEmptyURIArray_Fail" computerName="DKSR-EFI-06" duration="00:00:00.0016167" startTime="2024-01-09T15:43:03.2790726+01:00" endTime="2024-01-09T15:43:03.2947015+01:00" testType="13cdc9d9-ddb5-4fa4-a97d-d965ccfc6d4b" outcome="Passed" testListId="8c84fa94-04c1-424b-9868-57a2d4851a1d" relativeResultsDirectory="6af92d84-b3f3-457c-a2c6-2b5a675fab9c" />
    <UnitTestResult executionId="214c11e6-29a6-493b-ae46-e8cc7d6ef09d" testId="458eb39e-306c-1ce3-6261-929ef85db46c" testName="TestCreate_ItemClientCredentials_Success" computerName="DKSR-EFI-06" duration="00:00:00.0023615" startTime="2024-01-09T15:43:04.3728301+01:00" endTime="2024-01-09T15:43:04.3884564+01:00" testType="13cdc9d9-ddb5-4fa4-a97d-d965ccfc6d4b" outcome="Passed" testListId="8c84fa94-04c1-424b-9868-57a2d4851a1d" relativeResultsDirectory="214c11e6-29a6-493b-ae46-e8cc7d6ef09d" />
    <UnitTestResult executionId="a8cc4e94-d23f-47ca-a1f9-f5034468a938" testId="19f403b3-97e5-8c58-d1cb-c55a77168e01" testName="TestClose_CloseTwice_Success" computerName="DKSR-EFI-06" duration="00:00:00.0012034" startTime="2024-01-09T15:43:03.7478260+01:00" endTime="2024-01-09T15:43:03.7478260+01:00" testType="13cdc9d9-ddb5-4fa4-a97d-d965ccfc6d4b" outcome="Passed" testListId="8c84fa94-04c1-424b-9868-57a2d4851a1d" relativeResultsDirectory="a8cc4e94-d23f-47ca-a1f9-f5034468a938" />
    <UnitTestResult executionId="987ea982-1cb6-4077-aedd-b4a2db427451" testId="7dbe90c0-a960-c02d-f126-c3e7942eef37" testName="TestGetClient_WithNoServerRegisteredWithEmptyURIArray_Fail" computerName="DKSR-EFI-06" duration="00:00:00.0014830" startTime="2024-01-09T15:43:03.7321997+01:00" endTime="2024-01-09T15:43:03.7321997+01:00" testType="13cdc9d9-ddb5-4fa4-a97d-d965ccfc6d4b" outcome="Passed" testListId="8c84fa94-04c1-424b-9868-57a2d4851a1d" relativeResultsDirectory="987ea982-1cb6-4077-aedd-b4a2db427451" />
    <UnitTestResult executionId="7be50cd2-ae56-4eab-94e5-1f767bdc53c2" testId="bfc6d2ea-0716-de7c-6df6-0880c1ec4cbc" testName="Test_GetClient_GetMultipleCachedClientWithDifferentReceiveTimeouts_Success" computerName="DKSR-EFI-06" duration="00:00:00.0036394" startTime="2024-01-09T15:43:03.7165763+01:00" endTime="2024-01-09T15:43:03.7165763+01:00" testType="13cdc9d9-ddb5-4fa4-a97d-d965ccfc6d4b" outcome="Passed" testListId="8c84fa94-04c1-424b-9868-57a2d4851a1d" relativeResultsDirectory="7be50cd2-ae56-4eab-94e5-1f767bdc53c2" />
    <UnitTestResult executionId="41a78cc7-cb53-4e83-9bf4-addfd45719ea" testId="2a1bfb57-ec3e-a988-16da-9a4b9747839d" testName="Test_GetClient_GetMultipleCachedClientWithDifferentReceiveTimeouts_Success" computerName="DKSR-EFI-06" duration="00:00:00.0032667" startTime="2024-01-09T15:43:03.3572004+01:00" endTime="2024-01-09T15:43:03.3572004+01:00" testType="13cdc9d9-ddb5-4fa4-a97d-d965ccfc6d4b" outcome="Passed" testListId="8c84fa94-04c1-424b-9868-57a2d4851a1d" relativeResultsDirectory="41a78cc7-cb53-4e83-9bf4-addfd45719ea" />
    <UnitTestResult executionId="a52d4e35-2537-4077-8d1c-d0972fab6544" testId="219ef746-f11d-1219-a611-2411dbe33af2" testName="Test_GetClient_GetMultipleCachedClientWithDifferentReceiveTimeouts_Success" computerName="DKSR-EFI-06" duration="00:00:00.0034756" startTime="2024-01-09T15:43:03.2321958+01:00" endTime="2024-01-09T15:43:03.2321958+01:00" testType="13cdc9d9-ddb5-4fa4-a97d-d965ccfc6d4b" outcome="Passed" testListId="8c84fa94-04c1-424b-9868-57a2d4851a1d" relativeResultsDirectory="a52d4e35-2537-4077-8d1c-d0972fab6544" />
    <UnitTestResult executionId="966648bf-a47a-406f-941d-3df03b07526f" testId="8a1b3128-18da-bfe8-655e-64aa614f3093" testName="TestGetClient_NotificationClientToken_Success" computerName="DKSR-EFI-06" duration="00:00:00.7680924" startTime="2024-01-09T15:43:02.4353212+01:00" endTime="2024-01-09T15:43:03.2009460+01:00" testType="13cdc9d9-ddb5-4fa4-a97d-d965ccfc6d4b" outcome="Passed" testListId="8c84fa94-04c1-424b-9868-57a2d4851a1d" relativeResultsDirectory="966648bf-a47a-406f-941d-3df03b07526f" />
    <UnitTestResult executionId="fe276d2f-bef4-47f9-8a31-239d0cd8a021" testId="8fa8adb5-e4c4-21dd-1dee-fda6ddf0c501" testName="TestClose_CloseOnce_Success" computerName="DKSR-EFI-06" duration="00:00:00.0022435" startTime="2024-01-09T15:43:03.3884514+01:00" endTime="2024-01-09T15:43:03.3884514+01:00" testType="13cdc9d9-ddb5-4fa4-a97d-d965ccfc6d4b" outcome="Passed" testListId="8c84fa94-04c1-424b-9868-57a2d4851a1d" relativeResultsDirectory="fe276d2f-bef4-47f9-8a31-239d0cd8a021" />
    <UnitTestResult executionId="e77798c1-e22e-4f12-8818-69cee3680755" testId="050f4a7a-b219-d36e-3144-81169ed063cd" testName="TestGetClient_WithNoServerRegisteredWithEmptyURIArrayAsNull_Fail" computerName="DKSR-EFI-06" duration="00:00:00.0014133" startTime="2024-01-09T15:43:03.8259521+01:00" endTime="2024-01-09T15:43:03.8259521+01:00" testType="13cdc9d9-ddb5-4fa4-a97d-d965ccfc6d4b" outcome="Passed" testListId="8c84fa94-04c1-424b-9868-57a2d4851a1d" relativeResultsDirectory="e77798c1-e22e-4f12-8818-69cee3680755" />
    <UnitTestResult executionId="1136c07f-ba26-45ab-a089-c22f4751dfc9" testId="24aae371-9957-5ed8-e002-170677faf9d3" testName="TestGetClient_WithNoServerRegisteredAsNull_Fail" computerName="DKSR-EFI-06" duration="00:00:00.0013372" startTime="2024-01-09T15:43:03.7165763+01:00" endTime="2024-01-09T15:43:03.7165763+01:00" testType="13cdc9d9-ddb5-4fa4-a97d-d965ccfc6d4b" outcome="Passed" testListId="8c84fa94-04c1-424b-9868-57a2d4851a1d" relativeResultsDirectory="1136c07f-ba26-45ab-a089-c22f4751dfc9" />
    <UnitTestResult executionId="fcbbdbba-10f5-401d-b4ec-ce559d377da9" testId="96816a10-e689-e29c-ad06-c3a84be4434d" testName="TestConstructor_Success" computerName="DKSR-EFI-06" duration="00:00:00.0013375" startTime="2024-01-09T15:43:03.7478260+01:00" endTime="2024-01-09T15:43:03.7478260+01:00" testType="13cdc9d9-ddb5-4fa4-a97d-d965ccfc6d4b" outcome="Passed" testListId="8c84fa94-04c1-424b-9868-57a2d4851a1d" relativeResultsDirectory="fcbbdbba-10f5-401d-b4ec-ce559d377da9" />
    <UnitTestResult executionId="7ab0b799-ae8d-49f9-99cc-30052ff12902" testId="83738cd4-170c-2cd2-5c02-7b6940c07074" testName="Test_GetClient_GetMultipleCachedClient_Success" computerName="DKSR-EFI-06" duration="00:00:00.0050284" startTime="2024-01-09T15:43:03.7947024+01:00" endTime="2024-01-09T15:43:03.8103243+01:00" testType="13cdc9d9-ddb5-4fa4-a97d-d965ccfc6d4b" outcome="Passed" testListId="8c84fa94-04c1-424b-9868-57a2d4851a1d" relativeResultsDirectory="7ab0b799-ae8d-49f9-99cc-30052ff12902" />
    <UnitTestResult executionId="2094eb85-073f-4105-aa35-ded9ad6e68c8" testId="ee0ba0ee-dc3f-11c6-4a8d-8b1f5ce62c18" testName="TestGetClient_GetMultipleClient_Success" computerName="DKSR-EFI-06" duration="00:00:00.0058285" startTime="2024-01-09T15:43:03.7009539+01:00" endTime="2024-01-09T15:43:03.7009539+01:00" testType="13cdc9d9-ddb5-4fa4-a97d-d965ccfc6d4b" outcome="Passed" testListId="8c84fa94-04c1-424b-9868-57a2d4851a1d" relativeResultsDirectory="2094eb85-073f-4105-aa35-ded9ad6e68c8" />
    <UnitTestResult executionId="0194791e-7493-457c-a5e9-84bc7325c631" testId="f3bf958b-b2ff-3e99-89ee-6edc24d25651" testName="TestCreate_RepositoryClientCredentials_Success" computerName="DKSR-EFI-06" duration="00:00:00.0049947" startTime="2024-01-09T15:43:04.1540787+01:00" endTime="2024-01-09T15:43:04.1540787+01:00" testType="13cdc9d9-ddb5-4fa4-a97d-d965ccfc6d4b" outcome="Passed" testListId="8c84fa94-04c1-424b-9868-57a2d4851a1d" relativeResultsDirectory="0194791e-7493-457c-a5e9-84bc7325c631" />
    <UnitTestResult executionId="e0d94421-84ad-4c22-8a15-13a48cdae469" testId="8583c589-7028-8c6d-8a10-03cf7dcfc36a" testName="Test_GetClient_GetMultipleCachedClientWithDifferentReceiveTimeouts_Success" computerName="DKSR-EFI-06" duration="00:00:00.0034862" startTime="2024-01-09T15:43:03.8103243+01:00" endTime="2024-01-09T15:43:03.8103243+01:00" testType="13cdc9d9-ddb5-4fa4-a97d-d965ccfc6d4b" outcome="Passed" testListId="8c84fa94-04c1-424b-9868-57a2d4851a1d" relativeResultsDirectory="e0d94421-84ad-4c22-8a15-13a48cdae469" />
    <UnitTestResult executionId="2a7a85e4-6940-4e69-a433-b1298249e5d6" testId="1c4d9e11-f67a-1fa2-28fc-fe4f4911a18c" testName="TestClose_CloseOnce_Success" computerName="DKSR-EFI-06" duration="00:00:00.0210478" startTime="2024-01-09T15:43:03.2947015+01:00" endTime="2024-01-09T15:43:03.3103239+01:00" testType="13cdc9d9-ddb5-4fa4-a97d-d965ccfc6d4b" outcome="Passed" testListId="8c84fa94-04c1-424b-9868-57a2d4851a1d" relativeResultsDirectory="2a7a85e4-6940-4e69-a433-b1298249e5d6" />
    <UnitTestResult executionId="f76c553c-b76c-4d31-a746-15502aaf1973" testId="e33d7e23-3812-896d-3ab4-9ecc0d44a65a" testName="TestAsyncClient_Success" computerName="DKSR-EFI-06" duration="00:00:00.0279817" startTime="2024-01-09T15:43:04.4197053+01:00" endTime="2024-01-09T15:43:04.4509522+01:00" testType="13cdc9d9-ddb5-4fa4-a97d-d965ccfc6d4b" outcome="Passed" testListId="8c84fa94-04c1-424b-9868-57a2d4851a1d" relativeResultsDirectory="f76c553c-b76c-4d31-a746-15502aaf1973" />
    <UnitTestResult executionId="57ab4cb2-159e-4f53-b83d-b903aafa964b" testId="6e72a782-2cfa-a18a-6b53-954bc1f77788" testName="TestGetClient_WithNoServerRegisteredWithEmptyURIArrayAsNull_Fail" computerName="DKSR-EFI-06" duration="00:00:00.0014574" startTime="2024-01-09T15:43:03.7321997+01:00" endTime="2024-01-09T15:43:03.7321997+01:00" testType="13cdc9d9-ddb5-4fa4-a97d-d965ccfc6d4b" outcome="Passed" testListId="8c84fa94-04c1-424b-9868-57a2d4851a1d" relativeResultsDirectory="57ab4cb2-159e-4f53-b83d-b903aafa964b" />
    <UnitTestResult executionId="e9f84074-9136-48ac-8a7c-eeac8acad80e" testId="45986796-e9a1-41b3-27fc-11b9ed699edc" testName="TestGetClient_WithNoServerRegisteredWithEmptyURIArray_Fail" computerName="DKSR-EFI-06" duration="00:00:00.0013718" startTime="2024-01-09T15:43:03.6384501+01:00" endTime="2024-01-09T15:43:03.6384501+01:00" testType="13cdc9d9-ddb5-4fa4-a97d-d965ccfc6d4b" outcome="Passed" testListId="8c84fa94-04c1-424b-9868-57a2d4851a1d" relativeResultsDirectory="e9f84074-9136-48ac-8a7c-eeac8acad80e" />
    <UnitTestResult executionId="a761c4e6-6662-46a8-be48-b18f0a6f60e1" testId="fc40695a-68e6-0e78-d7c0-36a1014f3f68" testName="TestClose_MultipleClient_Success" computerName="DKSR-EFI-06" duration="00:00:00.0014126" startTime="2024-01-09T15:43:03.4040768+01:00" endTime="2024-01-09T15:43:03.4040768+01:00" testType="13cdc9d9-ddb5-4fa4-a97d-d965ccfc6d4b" outcome="Passed" testListId="8c84fa94-04c1-424b-9868-57a2d4851a1d" relativeResultsDirectory="a761c4e6-6662-46a8-be48-b18f0a6f60e1" />
    <UnitTestResult executionId="c24394d4-bb94-497e-bcf8-e1cc91ea7b2b" testId="406a5659-c5b1-433f-f881-9fa4509b5fcf" testName="TestGetClient_WithNoServerRegisteredAsNull_Fail" computerName="DKSR-EFI-06" duration="00:00:00.0013330" startTime="2024-01-09T15:43:03.4665766+01:00" endTime="2024-01-09T15:43:03.4665766+01:00" testType="13cdc9d9-ddb5-4fa4-a97d-d965ccfc6d4b" outcome="Passed" testListId="8c84fa94-04c1-424b-9868-57a2d4851a1d" relativeResultsDirectory="c24394d4-bb94-497e-bcf8-e1cc91ea7b2b" />
    <UnitTestResult executionId="78130a28-3fb7-46ca-a79e-c56143310959" testId="9f28e791-5930-d60a-5630-0d6823e553c6" testName="TestClose_MultipleClient_Success" computerName="DKSR-EFI-06" duration="00:00:00.0016694" startTime="2024-01-09T15:43:03.6540789+01:00" endTime="2024-01-09T15:43:03.6540789+01:00" testType="13cdc9d9-ddb5-4fa4-a97d-d965ccfc6d4b" outcome="Passed" testListId="8c84fa94-04c1-424b-9868-57a2d4851a1d" relativeResultsDirectory="78130a28-3fb7-46ca-a79e-c56143310959" />
    <UnitTestResult executionId="c194f4f3-047f-43ff-a929-2465bd293780" testId="ab0fef55-6068-9586-7603-895147abf12b" testName="TestCreate_NoLoginSettings_Fail" computerName="DKSR-EFI-06" duration="00:00:00.0006940" startTime="2024-01-09T15:43:04.2165777+01:00" endTime="2024-01-09T15:43:04.2165777+01:00" testType="13cdc9d9-ddb5-4fa4-a97d-d965ccfc6d4b" outcome="Passed" testListId="8c84fa94-04c1-424b-9868-57a2d4851a1d" relativeResultsDirectory="c194f4f3-047f-43ff-a929-2465bd293780" />
    <UnitTestResult executionId="e67b54a6-b894-4abb-87c9-79432ac0092e" testId="39ffd954-e706-cb82-4183-4f5719c7d39e" testName="TestNotificationClientCredentials_Success" computerName="DKSR-EFI-06" duration="00:00:00.0017384" startTime="2024-01-09T15:43:04.1853283+01:00" endTime="2024-01-09T15:43:04.1853283+01:00" testType="13cdc9d9-ddb5-4fa4-a97d-d965ccfc6d4b" outcome="Passed" testListId="8c84fa94-04c1-424b-9868-57a2d4851a1d" relativeResultsDirectory="e67b54a6-b894-4abb-87c9-79432ac0092e" />
    <UnitTestResult executionId="df36bc93-83c0-4541-82a6-0c0c2867448f" testId="6674f8e8-af30-73c3-94da-de0e76bacbe8" testName="TestConstructor_Success" computerName="DKSR-EFI-06" duration="00:00:00.0012484" startTime="2024-01-09T15:43:03.5759492+01:00" endTime="2024-01-09T15:43:03.5759492+01:00" testType="13cdc9d9-ddb5-4fa4-a97d-d965ccfc6d4b" outcome="Passed" testListId="8c84fa94-04c1-424b-9868-57a2d4851a1d" relativeResultsDirectory="df36bc93-83c0-4541-82a6-0c0c2867448f" />
    <UnitTestResult executionId="05168adb-38f8-49fc-bd64-15b9088b10b3" testId="297e4787-9465-4b92-68f7-a5954daa2ae5" testName="TestGetClient_WithNoServerRegisteredAsNull_Fail" computerName="DKSR-EFI-06" duration="00:00:00.0013613" startTime="2024-01-09T15:43:03.6228238+01:00" endTime="2024-01-09T15:43:03.6384501+01:00" testType="13cdc9d9-ddb5-4fa4-a97d-d965ccfc6d4b" outcome="Passed" testListId="8c84fa94-04c1-424b-9868-57a2d4851a1d" relativeResultsDirectory="05168adb-38f8-49fc-bd64-15b9088b10b3" />
    <UnitTestResult executionId="81a212b9-3252-4c5f-82ec-94ece7cd97ff" testId="33e4d18b-5e25-1a07-2134-709056dfd783" testName="TestAsyncClient_Success" computerName="DKSR-EFI-06" duration="00:00:00.0029270" startTime="2024-01-09T15:43:04.3728301+01:00" endTime="2024-01-09T15:43:04.3728301+01:00" testType="13cdc9d9-ddb5-4fa4-a97d-d965ccfc6d4b" outcome="Passed" testListId="8c84fa94-04c1-424b-9868-57a2d4851a1d" relativeResultsDirectory="81a212b9-3252-4c5f-82ec-94ece7cd97ff" />
    <UnitTestResult executionId="72432c88-8143-4bce-94e2-b57f7fb7da06" testId="8e864a0f-f69b-3550-33c5-8159dc5e3077" testName="Test_GetClient_GetMultipleCachedClientWithDifferentReceiveTimeouts_Success" computerName="DKSR-EFI-06" duration="00:00:00.0034464" startTime="2024-01-09T15:43:03.4509512+01:00" endTime="2024-01-09T15:43:03.4509512+01:00" testType="13cdc9d9-ddb5-4fa4-a97d-d965ccfc6d4b" outcome="Passed" testListId="8c84fa94-04c1-424b-9868-57a2d4851a1d" relativeResultsDirectory="72432c88-8143-4bce-94e2-b57f7fb7da06" />
    <UnitTestResult executionId="f9ca5396-994e-475e-bda1-bb0be9d96289" testId="5b3022bb-b2c3-5b94-da53-22028f038b41" testName="TestGetClient_GetCachedClient_Success" computerName="DKSR-EFI-06" duration="00:00:00.0034636" startTime="2024-01-09T15:43:03.4353243+01:00" endTime="2024-01-09T15:43:03.4353243+01:00" testType="13cdc9d9-ddb5-4fa4-a97d-d965ccfc6d4b" outcome="Passed" testListId="8c84fa94-04c1-424b-9868-57a2d4851a1d" relativeResultsDirectory="f9ca5396-994e-475e-bda1-bb0be9d96289" />
    <UnitTestResult executionId="beaa5918-d12b-4bd9-9142-981a2a2a1581" testId="052c2aea-29a4-92c6-936a-affc7ccbf9d5" testName="TestGetClient_GetMultipleClient_Success" computerName="DKSR-EFI-06" duration="00:00:00.0056041" startTime="2024-01-09T15:43:03.4353243+01:00" endTime="2024-01-09T15:43:03.4509512+01:00" testType="13cdc9d9-ddb5-4fa4-a97d-d965ccfc6d4b" outcome="Passed" testListId="8c84fa94-04c1-424b-9868-57a2d4851a1d" relativeResultsDirectory="beaa5918-d12b-4bd9-9142-981a2a2a1581" />
    <UnitTestResult executionId="c839a943-232d-4996-ae1c-30c162f8a88e" testId="f90ab143-ae6a-c0e4-aa47-18e164f1e489" testName="TestClose_CloseTwice_Success" computerName="DKSR-EFI-06" duration="00:00:00.0011993" startTime="2024-01-09T15:43:03.6540789+01:00" endTime="2024-01-09T15:43:03.6540789+01:00" testType="13cdc9d9-ddb5-4fa4-a97d-d965ccfc6d4b" outcome="Passed" testListId="8c84fa94-04c1-424b-9868-57a2d4851a1d" relativeResultsDirectory="c839a943-232d-4996-ae1c-30c162f8a88e" />
    <UnitTestResult executionId="8f88c124-034b-4e93-a379-d3641e523260" testId="8927ffc0-4be1-3da7-d242-646addc1e0d6" testName="TestGetClient_GetCachedClient_Success" computerName="DKSR-EFI-06" duration="00:00:00.0043031" startTime="2024-01-09T15:43:03.3415747+01:00" endTime="2024-01-09T15:43:03.3415747+01:00" testType="13cdc9d9-ddb5-4fa4-a97d-d965ccfc6d4b" outcome="Passed" testListId="8c84fa94-04c1-424b-9868-57a2d4851a1d" relativeResultsDirectory="8f88c124-034b-4e93-a379-d3641e523260" />
    <UnitTestResult executionId="08241942-ed13-4417-9506-c9fb99dc5d42" testId="b423586e-27a5-08bc-6c8f-11bc6ce587bc" testName="TestCreate_NotificationClientCredentials_Success" computerName="DKSR-EFI-06" duration="00:00:00.0019082" startTime="2024-01-09T15:43:04.2009529+01:00" endTime="2024-01-09T15:43:04.2009529+01:00" testType="13cdc9d9-ddb5-4fa4-a97d-d965ccfc6d4b" outcome="Passed" testListId="8c84fa94-04c1-424b-9868-57a2d4851a1d" relativeResultsDirectory="08241942-ed13-4417-9506-c9fb99dc5d42" />
    <UnitTestResult executionId="0fe0b1bf-9a25-4b57-9fb0-092c4c1ba0ae" testId="d60ae5e7-b54b-2654-efdd-7ac61d692b27" testName="TestCreate_LayerClientCredentials_Success" computerName="DKSR-EFI-06" duration="00:00:00.0020088" startTime="2024-01-09T15:43:04.3572040+01:00" endTime="2024-01-09T15:43:04.3572040+01:00" testType="13cdc9d9-ddb5-4fa4-a97d-d965ccfc6d4b" outcome="Passed" testListId="8c84fa94-04c1-424b-9868-57a2d4851a1d" relativeResultsDirectory="0fe0b1bf-9a25-4b57-9fb0-092c4c1ba0ae" />
    <UnitTestResult executionId="9dd7031d-dd71-413f-8012-5f7979da1617" testId="b6352426-7319-25ec-2f1a-2c2004d8d7de" testName="TestCreate_MipClientToken_Success" computerName="DKSR-EFI-06" duration="00:00:00.0014056" startTime="2024-01-09T15:43:04.2165777+01:00" endTime="2024-01-09T15:43:04.2165777+01:00" testType="13cdc9d9-ddb5-4fa4-a97d-d965ccfc6d4b" outcome="Passed" testListId="8c84fa94-04c1-424b-9868-57a2d4851a1d" relativeResultsDirectory="9dd7031d-dd71-413f-8012-5f7979da1617" />
    <UnitTestResult executionId="42d487c9-53a7-4511-b88c-4ff5cc9bd067" testId="5557ce23-daca-7da2-436f-9e4db6de42cb" testName="TestClient_Success" computerName="DKSR-EFI-06" duration="00:00:00.0102412" startTime="2024-01-09T15:43:04.1697038+01:00" endTime="2024-01-09T15:43:04.1853283+01:00" testType="13cdc9d9-ddb5-4fa4-a97d-d965ccfc6d4b" outcome="Passed" testListId="8c84fa94-04c1-424b-9868-57a2d4851a1d" relativeResultsDirectory="42d487c9-53a7-4511-b88c-4ff5cc9bd067" />
    <UnitTestResult executionId="eb29bfc4-a7b6-4a07-b58d-cfb170eb0a03" testId="48d7116d-a928-8177-f629-2de97d58f671" testName="TestMapClientCredentials_Success" computerName="DKSR-EFI-06" duration="00:00:00.0194923" startTime="2024-01-09T15:43:04.2165777+01:00" endTime="2024-01-09T15:43:04.2478274+01:00" testType="13cdc9d9-ddb5-4fa4-a97d-d965ccfc6d4b" outcome="Passed" testListId="8c84fa94-04c1-424b-9868-57a2d4851a1d" relativeResultsDirectory="eb29bfc4-a7b6-4a07-b58d-cfb170eb0a03" />
    <UnitTestResult executionId="98efd09e-4dde-44e2-acbd-951a905fc3fd" testId="0cdf9122-1237-9d1b-cbaa-ef1344e8e162" testName="TestGetClient_WithNoServerRegisteredAsNull_Fail" computerName="DKSR-EFI-06" duration="00:00:00.0013506" startTime="2024-01-09T15:43:03.3728258+01:00" endTime="2024-01-09T15:43:03.3728258+01:00" testType="13cdc9d9-ddb5-4fa4-a97d-d965ccfc6d4b" outcome="Passed" testListId="8c84fa94-04c1-424b-9868-57a2d4851a1d" relativeResultsDirectory="98efd09e-4dde-44e2-acbd-951a905fc3fd" />
    <UnitTestResult executionId="fdd696a8-e70d-4469-9679-6979eb4f986e" testId="592e081f-1a2e-7f86-0490-b04c1a50880c" testName="TestCreate_LayerClientToken_Success" computerName="DKSR-EFI-06" duration="00:00:00.0013955" startTime="2024-01-09T15:43:04.3572040+01:00" endTime="2024-01-09T15:43:04.3572040+01:00" testType="13cdc9d9-ddb5-4fa4-a97d-d965ccfc6d4b" outcome="Passed" testListId="8c84fa94-04c1-424b-9868-57a2d4851a1d" relativeResultsDirectory="fdd696a8-e70d-4469-9679-6979eb4f986e" />
    <UnitTestResult executionId="32537467-7f37-4919-9049-13f6a467e0aa" testId="82f33d74-d8a0-9b04-38fb-e0f71136916a" testName="Test_GetClient_GetMultipleCachedClient_Success" computerName="DKSR-EFI-06" duration="00:00:00.0053651" startTime="2024-01-09T15:43:03.5447004+01:00" endTime="2024-01-09T15:43:03.5447004+01:00" testType="13cdc9d9-ddb5-4fa4-a97d-d965ccfc6d4b" outcome="Passed" testListId="8c84fa94-04c1-424b-9868-57a2d4851a1d" relativeResultsDirectory="32537467-7f37-4919-9049-13f6a467e0aa" />
    <UnitTestResult executionId="0e4f0621-a5da-4c0c-89fa-df2434c316ba" testId="635b136f-622c-d61f-2f94-21d80e8cc558" testName="TestConstructor_Success" computerName="DKSR-EFI-06" duration="00:00:00.0867113" startTime="2024-01-09T15:43:01.8884443+01:00" endTime="2024-01-09T15:43:02.3571942+01:00" testType="13cdc9d9-ddb5-4fa4-a97d-d965ccfc6d4b" outcome="Passed" testListId="8c84fa94-04c1-424b-9868-57a2d4851a1d" relativeResultsDirectory="0e4f0621-a5da-4c0c-89fa-df2434c316ba" />
    <UnitTestResult executionId="87d117b4-1808-4a12-8ef4-ea1129aa0583" testId="365236a0-ebbe-fa4f-ad99-32a43235a3b4" testName="TestCreate_MipClientCredentials_Success" computerName="DKSR-EFI-06" duration="00:00:00.0021926" startTime="2024-01-09T15:43:04.2165777+01:00" endTime="2024-01-09T15:43:04.2165777+01:00" testType="13cdc9d9-ddb5-4fa4-a97d-d965ccfc6d4b" outcome="Passed" testListId="8c84fa94-04c1-424b-9868-57a2d4851a1d" relativeResultsDirectory="87d117b4-1808-4a12-8ef4-ea1129aa0583" />
    <UnitTestResult executionId="50018b1d-ffa4-46e7-a109-ce6dec53d63f" testId="b48d67ca-f4a2-c5c1-9069-45480513d3cd" testName="TestConstructor_Success" computerName="DKSR-EFI-06" duration="00:00:00.0013888" startTime="2024-01-09T15:43:03.4822008+01:00" endTime="2024-01-09T15:43:03.4978315+01:00" testType="13cdc9d9-ddb5-4fa4-a97d-d965ccfc6d4b" outcome="Passed" testListId="8c84fa94-04c1-424b-9868-57a2d4851a1d" relativeResultsDirectory="50018b1d-ffa4-46e7-a109-ce6dec53d63f" />
    <UnitTestResult executionId="bf65aa1f-d060-4bd2-bafa-e561de3ecf7d" testId="2de01898-fdea-7a8f-b0b7-4138a55a2e32" testName="TestCreate_MapClientCredentials_Success" computerName="DKSR-EFI-06" duration="00:00:00.0018799" startTime="2024-01-09T15:43:04.2634935+01:00" endTime="2024-01-09T15:43:04.2634935+01:00" testType="13cdc9d9-ddb5-4fa4-a97d-d965ccfc6d4b" outcome="Passed" testListId="8c84fa94-04c1-424b-9868-57a2d4851a1d" relativeResultsDirectory="bf65aa1f-d060-4bd2-bafa-e561de3ecf7d" />
    <UnitTestResult executionId="fb5838e5-3205-4e61-a675-159abb4ed7dd" testId="23059ccf-21b4-8191-eab1-5ce34b7ba3e0" testName="TestGetClient_GetNonCachedClient_Success" computerName="DKSR-EFI-06" duration="00:00:00.0175675" startTime="2024-01-09T15:43:03.4978315+01:00" endTime="2024-01-09T15:43:03.5134528+01:00" testType="13cdc9d9-ddb5-4fa4-a97d-d965ccfc6d4b" outcome="Passed" testListId="8c84fa94-04c1-424b-9868-57a2d4851a1d" relativeResultsDirectory="fb5838e5-3205-4e61-a675-159abb4ed7dd" />
    <UnitTestResult executionId="db59834e-0d80-495a-b574-a0afe257dfb9" testId="858ba8da-fc3a-f4f0-5b43-8312c322e899" testName="TestAsyncClient_Success" computerName="DKSR-EFI-06" duration="00:00:00.0021213" startTime="2024-01-09T15:43:04.1853283+01:00" endTime="2024-01-09T15:43:04.1853283+01:00" testType="13cdc9d9-ddb5-4fa4-a97d-d965ccfc6d4b" outcome="Passed" testListId="8c84fa94-04c1-424b-9868-57a2d4851a1d" relativeResultsDirectory="db59834e-0d80-495a-b574-a0afe257dfb9" />
    <UnitTestResult executionId="0da8bcf1-86cb-4bd0-9b4e-98ced4fdad54" testId="c8dd7c21-d31e-a6cc-2107-a3649f38ba29" testName="TestRepositoryClientCredentials_Success" computerName="DKSR-EFI-06" duration="00:00:00.2772725" startTime="2024-01-09T15:43:03.8415763+01:00" endTime="2024-01-09T15:43:04.1228280+01:00" testType="13cdc9d9-ddb5-4fa4-a97d-d965ccfc6d4b" outcome="Passed" testListId="8c84fa94-04c1-424b-9868-57a2d4851a1d" relativeResultsDirectory="0da8bcf1-86cb-4bd0-9b4e-98ced4fdad54" />
    <UnitTestResult executionId="4a059f01-42a8-4107-884f-8fca50692918" testId="9351c80e-b95e-6f6d-385f-8bce190ec729" testName="TestCreate_NoLoginSettings_Fail" computerName="DKSR-EFI-06" duration="00:00:00.0007747" startTime="2024-01-09T15:43:04.3728301+01:00" endTime="2024-01-09T15:43:04.3728301+01:00" testType="13cdc9d9-ddb5-4fa4-a97d-d965ccfc6d4b" outcome="Passed" testListId="8c84fa94-04c1-424b-9868-57a2d4851a1d" relativeResultsDirectory="4a059f01-42a8-4107-884f-8fca50692918" />
    <UnitTestResult executionId="ba6da331-a6b1-4307-b76b-633147d76b6c" testId="3d5fdfd6-9a87-69f2-eb29-e9cddd4fc10a" testName="TestGetClient_WithNoServerRegisteredWithEmptyURIArray_Fail" computerName="DKSR-EFI-06" duration="00:00:00.0014776" startTime="2024-01-09T15:43:03.4665766+01:00" endTime="2024-01-09T15:43:03.4665766+01:00" testType="13cdc9d9-ddb5-4fa4-a97d-d965ccfc6d4b" outcome="Passed" testListId="8c84fa94-04c1-424b-9868-57a2d4851a1d" relativeResultsDirectory="ba6da331-a6b1-4307-b76b-633147d76b6c" />
    <UnitTestResult executionId="d6862c64-71d1-4be2-b4e8-9366dd138898" testId="e3745935-769e-ab1b-dc91-3b302ee454d8" testName="TestClose_MultipleClient_Success" computerName="DKSR-EFI-06" duration="00:00:00.0014323" startTime="2024-01-09T15:43:03.3103239+01:00" endTime="2024-01-09T15:43:03.3259498+01:00" testType="13cdc9d9-ddb5-4fa4-a97d-d965ccfc6d4b" outcome="Passed" testListId="8c84fa94-04c1-424b-9868-57a2d4851a1d" relativeResultsDirectory="d6862c64-71d1-4be2-b4e8-9366dd138898" />
    <UnitTestResult executionId="c7022373-d5e0-4797-9401-533cf12236c8" testId="7760ae8d-88d7-8368-ea7f-77e2e74a1681" testName="TestLayerClientCredentials_Success" computerName="DKSR-EFI-06" duration="00:00:00.0265270" startTime="2024-01-09T15:43:04.2947055+01:00" endTime="2024-01-09T15:43:04.3259540+01:00" testType="13cdc9d9-ddb5-4fa4-a97d-d965ccfc6d4b" outcome="Passed" testListId="8c84fa94-04c1-424b-9868-57a2d4851a1d" relativeResultsDirectory="c7022373-d5e0-4797-9401-533cf12236c8" />
    <UnitTestResult executionId="5c4fd0fd-3a92-41cf-b29f-ee3b3da0ff51" testId="4bb8bdf9-8594-fbff-ad13-1c6e10ddadb0" testName="TestGetClient_WithNoServerRegistered_Fail" computerName="DKSR-EFI-06" duration="00:00:00.0016801" startTime="2024-01-09T15:43:03.3728258+01:00" endTime="2024-01-09T15:43:03.3884514+01:00" testType="13cdc9d9-ddb5-4fa4-a97d-d965ccfc6d4b" outcome="Passed" testListId="8c84fa94-04c1-424b-9868-57a2d4851a1d" relativeResultsDirectory="5c4fd0fd-3a92-41cf-b29f-ee3b3da0ff51" />
    <UnitTestResult executionId="e0ea5110-6824-4754-a10b-02059295cbcc" testId="05bf76cb-043d-d241-7a36-17e17281386e" testName="TestCreate_BuildingClientCredentials_Success" computerName="DKSR-EFI-06" duration="00:00:00.0018454" startTime="2024-01-09T15:43:04.6072065+01:00" endTime="2024-01-09T15:43:04.6072065+01:00" testType="13cdc9d9-ddb5-4fa4-a97d-d965ccfc6d4b" outcome="Passed" testListId="8c84fa94-04c1-424b-9868-57a2d4851a1d" relativeResultsDirectory="e0ea5110-6824-4754-a10b-02059295cbcc" />
    <UnitTestResult executionId="7af0f750-5609-4f94-be32-44c179bd80c7" testId="04430383-5657-35c7-d81b-4e3a9f86590d" testName="TestAsyncClient_Success" computerName="DKSR-EFI-06" duration="00:00:00.0044644" startTime="2024-01-09T15:43:04.6384571+01:00" endTime="2024-01-09T15:43:04.6384571+01:00" testType="13cdc9d9-ddb5-4fa4-a97d-d965ccfc6d4b" outcome="Passed" testListId="8c84fa94-04c1-424b-9868-57a2d4851a1d" relativeResultsDirectory="7af0f750-5609-4f94-be32-44c179bd80c7" />
    <UnitTestResult executionId="79abc054-7fbb-48ed-9a22-629090b72018" testId="30926246-8c90-0a99-e63c-0be0e8db55a5" testName="TestGetClient_WithNoServerRegisteredWithEmptyURIArrayAsNull_Fail" computerName="DKSR-EFI-06" duration="00:00:00.0014393" startTime="2024-01-09T15:43:03.6384501+01:00" endTime="2024-01-09T15:43:03.6384501+01:00" testType="13cdc9d9-ddb5-4fa4-a97d-d965ccfc6d4b" outcome="Passed" testListId="8c84fa94-04c1-424b-9868-57a2d4851a1d" relativeResultsDirectory="79abc054-7fbb-48ed-9a22-629090b72018" />
    <UnitTestResult executionId="87244fd9-8091-45c5-ab6b-cab1661da715" testId="251a0ba9-8df0-146b-e1df-ac9fd8deefbd" testName="TestHandleFaultException_MapCommandInvalidAuthenticationException_Success" computerName="DKSR-EFI-06" duration="00:00:00.0005793" startTime="2024-01-09T15:43:04.4822053+01:00" endTime="2024-01-09T15:43:04.4822053+01:00" testType="13cdc9d9-ddb5-4fa4-a97d-d965ccfc6d4b" outcome="Passed" testListId="8c84fa94-04c1-424b-9868-57a2d4851a1d" relativeResultsDirectory="87244fd9-8091-45c5-ab6b-cab1661da715" />
    <UnitTestResult executionId="4be20022-805e-4c4e-bd69-f520264cd301" testId="0be12502-855b-ebec-4b64-5a8f930445ae" testName="TestGetClient_GetCachedClient_Success" computerName="DKSR-EFI-06" duration="00:00:00.0035645" startTime="2024-01-09T15:43:03.7790776+01:00" endTime="2024-01-09T15:43:03.7947024+01:00" testType="13cdc9d9-ddb5-4fa4-a97d-d965ccfc6d4b" outcome="Passed" testListId="8c84fa94-04c1-424b-9868-57a2d4851a1d" relativeResultsDirectory="4be20022-805e-4c4e-bd69-f520264cd301" />
    <UnitTestResult executionId="d777feaa-26f8-42dd-b150-44377d6d3e8d" testId="c4621aee-e6df-2eff-fd6c-7b987c350cf2" testName="TestAsyncMapClientCredentials_Success" computerName="DKSR-EFI-06" duration="00:00:00.0181791" startTime="2024-01-09T15:43:04.2478274+01:00" endTime="2024-01-09T15:43:04.2634935+01:00" testType="13cdc9d9-ddb5-4fa4-a97d-d965ccfc6d4b" outcome="Passed" testListId="8c84fa94-04c1-424b-9868-57a2d4851a1d" relativeResultsDirectory="d777feaa-26f8-42dd-b150-44377d6d3e8d" />
    <UnitTestResult executionId="3f2442fd-335a-4f28-8e36-6d4bf9479801" testId="2b65facf-6a1e-400f-1d98-666545349ba1" testName="TestAsyncLayerClientCredentials_Success" computerName="DKSR-EFI-06" duration="00:00:00.0279279" startTime="2024-01-09T15:43:04.3259540+01:00" endTime="2024-01-09T15:43:04.3572040+01:00" testType="13cdc9d9-ddb5-4fa4-a97d-d965ccfc6d4b" outcome="Passed" testListId="8c84fa94-04c1-424b-9868-57a2d4851a1d" relativeResultsDirectory="3f2442fd-335a-4f28-8e36-6d4bf9479801" />
    <UnitTestResult executionId="857f00b4-91f0-4601-91c6-ca3e939afab0" testId="c3a859ab-8e6b-4d05-5dd7-f996aa4ff995" testName="TestConstructor_Success" computerName="DKSR-EFI-06" duration="00:00:00.0012038" startTime="2024-01-09T15:43:03.4040768+01:00" endTime="2024-01-09T15:43:03.4040768+01:00" testType="13cdc9d9-ddb5-4fa4-a97d-d965ccfc6d4b" outcome="Passed" testListId="8c84fa94-04c1-424b-9868-57a2d4851a1d" relativeResultsDirectory="857f00b4-91f0-4601-91c6-ca3e939afab0" />
    <UnitTestResult executionId="71e887af-9a20-45d3-99e9-54a76c366ca5" testId="32e201f9-be1c-ec35-5f35-0659ae7e1ccd" testName="TestGetClient_WithNoServerRegisteredWithEmptyURIArray_Fail" computerName="DKSR-EFI-06" duration="00:00:00.0013616" startTime="2024-01-09T15:43:03.8259521+01:00" endTime="2024-01-09T15:43:03.8259521+01:00" testType="13cdc9d9-ddb5-4fa4-a97d-d965ccfc6d4b" outcome="Passed" testListId="8c84fa94-04c1-424b-9868-57a2d4851a1d" relativeResultsDirectory="71e887af-9a20-45d3-99e9-54a76c366ca5" />
    <UnitTestResult executionId="67597476-5988-462a-9ee4-83deadbad45d" testId="d7a35dfc-7e6e-4e12-28e8-c0fa066bed14" testName="Test_GetClient_GetMultipleCachedClient_Success" computerName="DKSR-EFI-06" duration="00:00:00.0054442" startTime="2024-01-09T15:43:03.4509512+01:00" endTime="2024-01-09T15:43:03.4509512+01:00" testType="13cdc9d9-ddb5-4fa4-a97d-d965ccfc6d4b" outcome="Passed" testListId="8c84fa94-04c1-424b-9868-57a2d4851a1d" relativeResultsDirectory="67597476-5988-462a-9ee4-83deadbad45d" />
    <UnitTestResult executionId="0d2d53bc-461d-4c1b-bd30-01e5783bc085" testId="9851a7b2-19c5-495c-97ac-06a5139c7ffb" testName="Test_GetClient_GetMultipleCachedClientWithDifferentReceiveTimeouts_Success" computerName="DKSR-EFI-06" duration="00:00:00.0033959" startTime="2024-01-09T15:43:03.6228238+01:00" endTime="2024-01-09T15:43:03.6228238+01:00" testType="13cdc9d9-ddb5-4fa4-a97d-d965ccfc6d4b" outcome="Passed" testListId="8c84fa94-04c1-424b-9868-57a2d4851a1d" relativeResultsDirectory="0d2d53bc-461d-4c1b-bd30-01e5783bc085" />
    <UnitTestResult executionId="94c0e648-196c-47f6-9d39-79d1d3448124" testId="e3b5fee2-ed7b-5d17-efb2-211bee46aaa1" testName="TestAsyncClient_Success" computerName="DKSR-EFI-06" duration="00:00:00.0010381" startTime="2024-01-09T15:43:04.2009529+01:00" endTime="2024-01-09T15:43:04.2009529+01:00" testType="13cdc9d9-ddb5-4fa4-a97d-d965ccfc6d4b" outcome="Passed" testListId="8c84fa94-04c1-424b-9868-57a2d4851a1d" relativeResultsDirectory="94c0e648-196c-47f6-9d39-79d1d3448124" />
    <UnitTestResult executionId="e3c3684d-9a1c-4192-a119-290767dc0e98" testId="32684091-c75e-1d62-201a-68849a718f0b" testName="TestGetClient_WithNoServerRegisteredAsNull_Fail" computerName="DKSR-EFI-06" duration="00:00:00.0080995" startTime="2024-01-09T15:43:03.2478229+01:00" endTime="2024-01-09T15:43:03.2521775+01:00" testType="13cdc9d9-ddb5-4fa4-a97d-d965ccfc6d4b" outcome="Passed" testListId="8c84fa94-04c1-424b-9868-57a2d4851a1d" relativeResultsDirectory="e3c3684d-9a1c-4192-a119-290767dc0e98" />
    <UnitTestResult executionId="96f7f15e-8e7f-4154-92e8-633dcc772fdc" testId="7ca0cfa3-3705-e2ef-9759-7a7755e6b73b" testName="TestGetClient_GetCachedClient_Success" computerName="DKSR-EFI-06" duration="00:00:00.0114421" startTime="2024-01-09T15:43:03.2009460+01:00" endTime="2024-01-09T15:43:03.2165726+01:00" testType="13cdc9d9-ddb5-4fa4-a97d-d965ccfc6d4b" outcome="Passed" testListId="8c84fa94-04c1-424b-9868-57a2d4851a1d" relativeResultsDirectory="96f7f15e-8e7f-4154-92e8-633dcc772fdc" />
    <UnitTestResult executionId="cc9960f9-49f1-46be-b825-25a25b9f65ff" testId="d615a9df-5ce0-d5a6-d6a4-950839584128" testName="TestClient_Success" computerName="DKSR-EFI-06" duration="00:00:00.0031102" startTime="2024-01-09T15:43:04.2790766+01:00" endTime="2024-01-09T15:43:04.2790766+01:00" testType="13cdc9d9-ddb5-4fa4-a97d-d965ccfc6d4b" outcome="Passed" testListId="8c84fa94-04c1-424b-9868-57a2d4851a1d" relativeResultsDirectory="cc9960f9-49f1-46be-b825-25a25b9f65ff" />
    <UnitTestResult executionId="26ec2513-7622-4e77-8435-1bb565d79686" testId="2a9ae53d-749e-4853-4d9b-1e6fc4e4ef04" testName="TestGetClient_GetCachedClient_Success" computerName="DKSR-EFI-06" duration="00:00:00.0038498" startTime="2024-01-09T15:43:03.6071978+01:00" endTime="2024-01-09T15:43:03.6071978+01:00" testType="13cdc9d9-ddb5-4fa4-a97d-d965ccfc6d4b" outcome="Passed" testListId="8c84fa94-04c1-424b-9868-57a2d4851a1d" relativeResultsDirectory="26ec2513-7622-4e77-8435-1bb565d79686" />
    <UnitTestResult executionId="d6e53318-78da-46ff-9a28-8a19ddc1182b" testId="eec54e20-b022-f8f3-ccae-9d4abdfad013" testName="TestGetClient_GetCachedClient_Success" computerName="DKSR-EFI-06" duration="00:00:00.0041018" startTime="2024-01-09T15:43:03.6853284+01:00" endTime="2024-01-09T15:43:03.7009539+01:00" testType="13cdc9d9-ddb5-4fa4-a97d-d965ccfc6d4b" outcome="Passed" testListId="8c84fa94-04c1-424b-9868-57a2d4851a1d" relativeResultsDirectory="d6e53318-78da-46ff-9a28-8a19ddc1182b" />
    <UnitTestResult executionId="ae6fb338-d656-4f01-8bf1-73e981e1eb6c" testId="ffd8aed8-3497-6ac0-51bc-5c26db531343" testName="Test_GetClient_GetMultipleCachedClientWithDifferentReceiveTimeouts_Success" computerName="DKSR-EFI-06" duration="00:00:00.0038537" startTime="2024-01-09T15:43:03.5290748+01:00" endTime="2024-01-09T15:43:03.5290748+01:00" testType="13cdc9d9-ddb5-4fa4-a97d-d965ccfc6d4b" outcome="Passed" testListId="8c84fa94-04c1-424b-9868-57a2d4851a1d" relativeResultsDirectory="ae6fb338-d656-4f01-8bf1-73e981e1eb6c" />
    <UnitTestResult executionId="9c125cb5-ab32-42bb-9346-5eb0b713c677" testId="a7a2b355-552c-15ff-fc7d-3a98e043d533" testName="TestCreate_NoLoginSettings_Fail" computerName="DKSR-EFI-06" duration="00:00:00.0007643" startTime="2024-01-09T15:43:04.2009529+01:00" endTime="2024-01-09T15:43:04.2009529+01:00" testType="13cdc9d9-ddb5-4fa4-a97d-d965ccfc6d4b" outcome="Passed" testListId="8c84fa94-04c1-424b-9868-57a2d4851a1d" relativeResultsDirectory="9c125cb5-ab32-42bb-9346-5eb0b713c677" />
    <UnitTestResult executionId="f0a4252f-b4f1-4c24-bd67-903f6d9aac0f" testId="44171d5e-7ca2-8b80-ee87-6da649891a4d" testName="TestCreate_NotificationClientToken_Success" computerName="DKSR-EFI-06" duration="00:00:00.0013793" startTime="2024-01-09T15:43:04.2009529+01:00" endTime="2024-01-09T15:43:04.2009529+01:00" testType="13cdc9d9-ddb5-4fa4-a97d-d965ccfc6d4b" outcome="Passed" testListId="8c84fa94-04c1-424b-9868-57a2d4851a1d" relativeResultsDirectory="f0a4252f-b4f1-4c24-bd67-903f6d9aac0f" />
    <UnitTestResult executionId="0a1b0824-9153-427a-af8d-10401c2ba069" testId="8bcf6573-1d9b-a2dc-ab0f-0ad2bfa59a70" testName="TestGetClient_WithNoServerRegisteredWithEmptyURIArrayAsNull_Fail" computerName="DKSR-EFI-06" duration="00:00:00.0014811" startTime="2024-01-09T15:43:03.5603255+01:00" endTime="2024-01-09T15:43:03.5603255+01:00" testType="13cdc9d9-ddb5-4fa4-a97d-d965ccfc6d4b" outcome="Passed" testListId="8c84fa94-04c1-424b-9868-57a2d4851a1d" relativeResultsDirectory="0a1b0824-9153-427a-af8d-10401c2ba069" />
    <UnitTestResult executionId="771f2418-19fc-4f5b-88cb-cca68f1c06e0" testId="e5e335f1-cd48-b03e-4c6c-0b167e9374d1" testName="TestGetClient_WithNoServerRegisteredWithEmptyURIArray_Fail" computerName="DKSR-EFI-06" duration="00:00:00.0014759" startTime="2024-01-09T15:43:03.5603255+01:00" endTime="2024-01-09T15:43:03.5603255+01:00" testType="13cdc9d9-ddb5-4fa4-a97d-d965ccfc6d4b" outcome="Passed" testListId="8c84fa94-04c1-424b-9868-57a2d4851a1d" relativeResultsDirectory="771f2418-19fc-4f5b-88cb-cca68f1c06e0" />
  </Results>
  <TestDefinitions>
    <UnitTest name="TestClose_MultipleClient_Success" storage="d:\actions-runner\_work\xpco\xpco\eventserver\gismapcommunication\dotnet\videoos.gismapcommunication.unittest\bin\debug\net472\videoos.gismapcommunication.unittest.dll" id="fc40695a-68e6-0e78-d7c0-36a1014f3f68">
      <TestCategory>
        <TestCategoryItem TestCategory="Notification" />
      </TestCategory>
      <Execution id="a761c4e6-6662-46a8-be48-b18f0a6f60e1" />
      <TestMethod codeBase="D:\actions-runner\_work\XPCO\XPCO\EventServer\GisMapCommunication\dotNet\VideoOS.GisMapCommunication.UnitTest\bin\Debug\net472\VideoOS.GisMapCommunication.UnitTest.dll" adapterTypeName="executor://mstestadapter/v2" className="VideoOS.GisMapCommunication.Notification.UnitTest.NotificationClientManagerTest" name="TestClose_MultipleClient_Success" />
    </UnitTest>
    <UnitTest name="TestGetClient_WithNoServerRegistered_Fail" storage="d:\actions-runner\_work\xpco\xpco\eventserver\gismapcommunication\dotnet\videoos.gismapcommunication.unittest\bin\debug\net472\videoos.gismapcommunication.unittest.dll" id="1259badf-2adb-5441-13dd-f6cb42826d68">
      <TestCategory>
        <TestCategoryItem TestCategory="Building" />
      </TestCategory>
      <Execution id="3c441676-464c-4e7d-814d-6ea3168c0d1a" />
      <TestMethod codeBase="D:\actions-runner\_work\XPCO\XPCO\EventServer\GisMapCommunication\dotNet\VideoOS.GisMapCommunication.UnitTest\bin\Debug\net472\VideoOS.GisMapCommunication.UnitTest.dll" adapterTypeName="executor://mstestadapter/v2" className="VideoOS.GisMapCommunication.Building.UnitTest.BuildingClientManagerTest" name="TestGetClient_WithNoServerRegistered_Fail" />
    </UnitTest>
    <UnitTest name="TestClose_CloseOnce_Success" storage="d:\actions-runner\_work\xpco\xpco\eventserver\gismapcommunication\dotnet\videoos.gismapcommunication.unittest\bin\debug\net472\videoos.gismapcommunication.unittest.dll" id="aea3ac9b-a352-1ffd-094b-6e105ba4d4ba">
      <TestCategory>
        <TestCategoryItem TestCategory="Mip" />
      </TestCategory>
      <Execution id="d1a5dbd0-c72b-4108-94e7-91c8a632f7e9" />
      <TestMethod codeBase="D:\actions-runner\_work\XPCO\XPCO\EventServer\GisMapCommunication\dotNet\VideoOS.GisMapCommunication.UnitTest\bin\Debug\net472\VideoOS.GisMapCommunication.UnitTest.dll" adapterTypeName="executor://mstestadapter/v2" className="VideoOS.GisMapCommunication.Mip.UnitTest.MipClientManagerTest" name="TestClose_CloseOnce_Success" />
    </UnitTest>
    <UnitTest name="TestConstructor_Success" storage="d:\actions-runner\_work\xpco\xpco\eventserver\gismapcommunication\dotnet\videoos.gismapcommunication.unittest\bin\debug\net472\videoos.gismapcommunication.unittest.dll" id="96816a10-e689-e29c-ad06-c3a84be4434d">
      <TestCategory>
        <TestCategoryItem TestCategory="Building" />
      </TestCategory>
      <Execution id="fcbbdbba-10f5-401d-b4ec-ce559d377da9" />
      <TestMethod codeBase="D:\actions-runner\_work\XPCO\XPCO\EventServer\GisMapCommunication\dotNet\VideoOS.GisMapCommunication.UnitTest\bin\Debug\net472\VideoOS.GisMapCommunication.UnitTest.dll" adapterTypeName="executor://mstestadapter/v2" className="VideoOS.GisMapCommunication.Building.UnitTest.BuildingClientManagerTest" name="TestConstructor_Success" />
    </UnitTest>
    <UnitTest name="TestCreate_NoLoginSettings_Fail" storage="d:\actions-runner\_work\xpco\xpco\eventserver\gismapcommunication\dotnet\videoos.gismapcommunication.unittest\bin\debug\net472\videoos.gismapcommunication.unittest.dll" id="ab0fef55-6068-9586-7603-895147abf12b">
      <TestCategory>
        <TestCategoryItem TestCategory="Mip" />
      </TestCategory>
      <Execution id="c194f4f3-047f-43ff-a929-2465bd293780" />
      <TestMethod codeBase="D:\actions-runner\_work\XPCO\XPCO\EventServer\GisMapCommunication\dotNet\VideoOS.GisMapCommunication.UnitTest\bin\Debug\net472\VideoOS.GisMapCommunication.UnitTest.dll" adapterTypeName="executor://mstestadapter/v2" className="VideoOS.GisMapCommunication.UnitTest.Mip.MipClientFactoryTest" name="TestCreate_NoLoginSettings_Fail" />
    </UnitTest>
    <UnitTest name="TestClose_CloseOnce_Success" storage="d:\actions-runner\_work\xpco\xpco\eventserver\gismapcommunication\dotnet\videoos.gismapcommunication.unittest\bin\debug\net472\videoos.gismapcommunication.unittest.dll" id="952b0f9b-94d4-2056-4887-097ffc26ebd0">
      <TestCategory>
        <TestCategoryItem TestCategory="Item" />
      </TestCategory>
      <Execution id="7c3e139c-c554-454f-8a32-e0e67a9287c1" />
      <TestMethod codeBase="D:\actions-runner\_work\XPCO\XPCO\EventServer\GisMapCommunication\dotNet\VideoOS.GisMapCommunication.UnitTest\bin\Debug\net472\VideoOS.GisMapCommunication.UnitTest.dll" adapterTypeName="executor://mstestadapter/v2" className="VideoOS.GisMapCommunication.Item.UnitTest.ItemClientManagerTest" name="TestClose_CloseOnce_Success" />
    </UnitTest>
    <UnitTest name="TestClient_Success" storage="d:\actions-runner\_work\xpco\xpco\eventserver\gismapcommunication\dotnet\videoos.gismapcommunication.unittest\bin\debug\net472\videoos.gismapcommunication.unittest.dll" id="a890503b-c6d1-f0bd-5b17-5493c4d57a6e">
      <Execution id="032ccc38-2b67-4b69-b197-dbea08302314" />
      <TestMethod codeBase="D:\actions-runner\_work\XPCO\XPCO\EventServer\GisMapCommunication\dotNet\VideoOS.GisMapCommunication.UnitTest\bin\Debug\net472\VideoOS.GisMapCommunication.UnitTest.dll" adapterTypeName="executor://mstestadapter/v2" className="VideoOS.GisMapCommunication.UnitTest.Item.ItemClientTokenTest" name="TestClient_Success" />
    </UnitTest>
    <UnitTest name="Test_GetClient_GetMultipleCachedClientWithDifferentReceiveTimeouts_Success" storage="d:\actions-runner\_work\xpco\xpco\eventserver\gismapcommunication\dotnet\videoos.gismapcommunication.unittest\bin\debug\net472\videoos.gismapcommunication.unittest.dll" id="2a1bfb57-ec3e-a988-16da-9a4b9747839d">
      <TestCategory>
        <TestCategoryItem TestCategory="Notification" />
      </TestCategory>
      <Execution id="41a78cc7-cb53-4e83-9bf4-addfd45719ea" />
      <TestMethod codeBase="D:\actions-runner\_work\XPCO\XPCO\EventServer\GisMapCommunication\dotNet\VideoOS.GisMapCommunication.UnitTest\bin\Debug\net472\VideoOS.GisMapCommunication.UnitTest.dll" adapterTypeName="executor://mstestadapter/v2" className="VideoOS.GisMapCommunication.Notification.UnitTest.NotificationClientManagerTest" name="Test_GetClient_GetMultipleCachedClientWithDifferentReceiveTimeouts_Success" />
    </UnitTest>
    <UnitTest name="TestHandleFaultException_UnknownException_Success" storage="d:\actions-runner\_work\xpco\xpco\eventserver\gismapcommunication\dotnet\videoos.gismapcommunication.unittest\bin\debug\net472\videoos.gismapcommunication.unittest.dll" id="f208755c-d580-622d-0c99-8d57f5aa41f8">
      <TestCategory>
        <TestCategoryItem TestCategory="Exceptions" />
      </TestCategory>
      <Execution id="47acd27f-b811-47bc-b5f9-9f76638dd41b" />
      <TestMethod codeBase="D:\actions-runner\_work\XPCO\XPCO\EventServer\GisMapCommunication\dotNet\VideoOS.GisMapCommunication.UnitTest\bin\Debug\net472\VideoOS.GisMapCommunication.UnitTest.dll" adapterTypeName="executor://mstestadapter/v2" className="VideoOS.GisMapCommunication.UnitTest.Exceptions.FaultExceptionHandlerTest" name="TestHandleFaultException_UnknownException_Success" />
    </UnitTest>
    <UnitTest name="TestGetClient_WithNoServerRegistered_Fail" storage="d:\actions-runner\_work\xpco\xpco\eventserver\gismapcommunication\dotnet\videoos.gismapcommunication.unittest\bin\debug\net472\videoos.gismapcommunication.unittest.dll" id="16b5db8e-3ac6-f9cc-7214-f24e5f3af413">
      <TestCategory>
        <TestCategoryItem TestCategory="Layer" />
      </TestCategory>
      <Execution id="4619d12d-25db-4db0-b0df-4a8d23bc922d" />
      <TestMethod codeBase="D:\actions-runner\_work\XPCO\XPCO\EventServer\GisMapCommunication\dotNet\VideoOS.GisMapCommunication.UnitTest\bin\Debug\net472\VideoOS.GisMapCommunication.UnitTest.dll" adapterTypeName="executor://mstestadapter/v2" className="VideoOS.GisMapCommunication.Layer.UnitTest.LayerClientManagerTest" name="TestGetClient_WithNoServerRegistered_Fail" />
    </UnitTest>
    <UnitTest name="TestClose_MultipleClient_Success" storage="d:\actions-runner\_work\xpco\xpco\eventserver\gismapcommunication\dotnet\videoos.gismapcommunication.unittest\bin\debug\net472\videoos.gismapcommunication.unittest.dll" id="46d5d2e9-9615-e4b8-8997-e66311be46a9">
      <TestCategory>
        <TestCategoryItem TestCategory="Mip" />
      </TestCategory>
      <Execution id="0380341d-0163-4823-ae84-bbd691188a96" />
      <TestMethod codeBase="D:\actions-runner\_work\XPCO\XPCO\EventServer\GisMapCommunication\dotNet\VideoOS.GisMapCommunication.UnitTest\bin\Debug\net472\VideoOS.GisMapCommunication.UnitTest.dll" adapterTypeName="executor://mstestadapter/v2" className="VideoOS.GisMapCommunication.Mip.UnitTest.MipClientManagerTest" name="TestClose_MultipleClient_Success" />
    </UnitTest>
    <UnitTest name="TestGetClient_WithNoServerRegisteredWithEmptyURIArray_Fail" storage="d:\actions-runner\_work\xpco\xpco\eventserver\gismapcommunication\dotnet\videoos.gismapcommunication.unittest\bin\debug\net472\videoos.gismapcommunication.unittest.dll" id="32e201f9-be1c-ec35-5f35-0659ae7e1ccd">
      <TestCategory>
        <TestCategoryItem TestCategory="Building" />
      </TestCategory>
      <Execution id="71e887af-9a20-45d3-99e9-54a76c366ca5" />
      <TestMethod codeBase="D:\actions-runner\_work\XPCO\XPCO\EventServer\GisMapCommunication\dotNet\VideoOS.GisMapCommunication.UnitTest\bin\Debug\net472\VideoOS.GisMapCommunication.UnitTest.dll" adapterTypeName="executor://mstestadapter/v2" className="VideoOS.GisMapCommunication.Building.UnitTest.BuildingClientManagerTest" name="TestGetClient_WithNoServerRegisteredWithEmptyURIArray_Fail" />
    </UnitTest>
    <UnitTest name="TestConstructor_Success" storage="d:\actions-runner\_work\xpco\xpco\eventserver\gismapcommunication\dotnet\videoos.gismapcommunication.unittest\bin\debug\net472\videoos.gismapcommunication.unittest.dll" id="b48d67ca-f4a2-c5c1-9069-45480513d3cd">
      <TestCategory>
        <TestCategoryItem TestCategory="Map" />
      </TestCategory>
      <Execution id="50018b1d-ffa4-46e7-a109-ce6dec53d63f" />
      <TestMethod codeBase="D:\actions-runner\_work\XPCO\XPCO\EventServer\GisMapCommunication\dotNet\VideoOS.GisMapCommunication.UnitTest\bin\Debug\net472\VideoOS.GisMapCommunication.UnitTest.dll" adapterTypeName="executor://mstestadapter/v2" className="VideoOS.GisMapCommunication.Map.UnitTest.MapClientManagerTest" name="TestConstructor_Success" />
    </UnitTest>
    <UnitTest name="Test_GetClient_GetMultipleCachedClientWithDifferentReceiveTimeouts_Success" storage="d:\actions-runner\_work\xpco\xpco\eventserver\gismapcommunication\dotnet\videoos.gismapcommunication.unittest\bin\debug\net472\videoos.gismapcommunication.unittest.dll" id="8583c589-7028-8c6d-8a10-03cf7dcfc36a">
      <TestCategory>
        <TestCategoryItem TestCategory="Building" />
      </TestCategory>
      <Execution id="e0d94421-84ad-4c22-8a15-13a48cdae469" />
      <TestMethod codeBase="D:\actions-runner\_work\XPCO\XPCO\EventServer\GisMapCommunication\dotNet\VideoOS.GisMapCommunication.UnitTest\bin\Debug\net472\VideoOS.GisMapCommunication.UnitTest.dll" adapterTypeName="executor://mstestadapter/v2" className="VideoOS.GisMapCommunication.Building.UnitTest.BuildingClientManagerTest" name="Test_GetClient_GetMultipleCachedClientWithDifferentReceiveTimeouts_Success" />
    </UnitTest>
    <UnitTest name="TestGetClient_WithNoServerRegisteredWithEmptyURIArray_Fail" storage="d:\actions-runner\_work\xpco\xpco\eventserver\gismapcommunication\dotnet\videoos.gismapcommunication.unittest\bin\debug\net472\videoos.gismapcommunication.unittest.dll" id="e5e335f1-cd48-b03e-4c6c-0b167e9374d1">
      <TestCategory>
        <TestCategoryItem TestCategory="Map" />
      </TestCategory>
      <Execution id="771f2418-19fc-4f5b-88cb-cca68f1c06e0" />
      <TestMethod codeBase="D:\actions-runner\_work\XPCO\XPCO\EventServer\GisMapCommunication\dotNet\VideoOS.GisMapCommunication.UnitTest\bin\Debug\net472\VideoOS.GisMapCommunication.UnitTest.dll" adapterTypeName="executor://mstestadapter/v2" className="VideoOS.GisMapCommunication.Map.UnitTest.MapClientManagerTest" name="TestGetClient_WithNoServerRegisteredWithEmptyURIArray_Fail" />
    </UnitTest>
    <UnitTest name="TestHandleFaultException_MapCommandLayerAlreadyExistsException_WithLayerId_Success" storage="d:\actions-runner\_work\xpco\xpco\eventserver\gismapcommunication\dotnet\videoos.gismapcommunication.unittest\bin\debug\net472\videoos.gismapcommunication.unittest.dll" id="8c28c708-5002-fdf0-5cfb-b38c8fff4931">
      <TestCategory>
        <TestCategoryItem TestCategory="Exceptions" />
      </TestCategory>
      <Execution id="688396c5-29da-4773-9bbe-c8e13bd6b806" />
      <TestMethod codeBase="D:\actions-runner\_work\XPCO\XPCO\EventServer\GisMapCommunication\dotNet\VideoOS.GisMapCommunication.UnitTest\bin\Debug\net472\VideoOS.GisMapCommunication.UnitTest.dll" adapterTypeName="executor://mstestadapter/v2" className="VideoOS.GisMapCommunication.UnitTest.Exceptions.FaultExceptionHandlerTest" name="TestHandleFaultException_MapCommandLayerAlreadyExistsException_WithLayerId_Success" />
    </UnitTest>
    <UnitTest name="TestClose_CloseOnce_Success" storage="d:\actions-runner\_work\xpco\xpco\eventserver\gismapcommunication\dotnet\videoos.gismapcommunication.unittest\bin\debug\net472\videoos.gismapcommunication.unittest.dll" id="2810bc28-33b2-4f41-00c9-12b6aa321ae6">
      <TestCategory>
        <TestCategoryItem TestCategory="Layer" />
      </TestCategory>
      <Execution id="be88a5ab-e34d-48cd-b7b4-b3cdb91cad12" />
      <TestMethod codeBase="D:\actions-runner\_work\XPCO\XPCO\EventServer\GisMapCommunication\dotNet\VideoOS.GisMapCommunication.UnitTest\bin\Debug\net472\VideoOS.GisMapCommunication.UnitTest.dll" adapterTypeName="executor://mstestadapter/v2" className="VideoOS.GisMapCommunication.Layer.UnitTest.LayerClientManagerTest" name="TestClose_CloseOnce_Success" />
    </UnitTest>
    <UnitTest name="TestClose_CloseTwice_Success" storage="d:\actions-runner\_work\xpco\xpco\eventserver\gismapcommunication\dotnet\videoos.gismapcommunication.unittest\bin\debug\net472\videoos.gismapcommunication.unittest.dll" id="5872357b-b746-09f6-cc40-4e88f989b5a3">
      <TestCategory>
        <TestCategoryItem TestCategory="Mip" />
      </TestCategory>
      <Execution id="91e8937d-2cff-4dcb-8c3b-b79b27c30cc6" />
      <TestMethod codeBase="D:\actions-runner\_work\XPCO\XPCO\EventServer\GisMapCommunication\dotNet\VideoOS.GisMapCommunication.UnitTest\bin\Debug\net472\VideoOS.GisMapCommunication.UnitTest.dll" adapterTypeName="executor://mstestadapter/v2" className="VideoOS.GisMapCommunication.Mip.UnitTest.MipClientManagerTest" name="TestClose_CloseTwice_Success" />
    </UnitTest>
    <UnitTest name="TestClient_Success" storage="d:\actions-runner\_work\xpco\xpco\eventserver\gismapcommunication\dotnet\videoos.gismapcommunication.unittest\bin\debug\net472\videoos.gismapcommunication.unittest.dll" id="e4499f76-84af-1e9a-7b24-7bfb04f72599">
      <Execution id="d3b22b80-9b6c-4566-aead-5192de43c94b" />
      <TestMethod codeBase="D:\actions-runner\_work\XPCO\XPCO\EventServer\GisMapCommunication\dotNet\VideoOS.GisMapCommunication.UnitTest\bin\Debug\net472\VideoOS.GisMapCommunication.UnitTest.dll" adapterTypeName="executor://mstestadapter/v2" className="VideoOS.GisMapCommunication.UnitTest.Layer.LayerClientTokenTest" name="TestClient_Success" />
    </UnitTest>
    <UnitTest name="TestHandleFaultException_NullError_Failure" storage="d:\actions-runner\_work\xpco\xpco\eventserver\gismapcommunication\dotnet\videoos.gismapcommunication.unittest\bin\debug\net472\videoos.gismapcommunication.unittest.dll" id="f9c97b99-0cc7-9ac1-b1f6-e9c4b632df51">
      <TestCategory>
        <TestCategoryItem TestCategory="Exceptions" />
      </TestCategory>
      <Execution id="7be6702b-e637-499b-9998-0fcd903f3b22" />
      <TestMethod codeBase="D:\actions-runner\_work\XPCO\XPCO\EventServer\GisMapCommunication\dotNet\VideoOS.GisMapCommunication.UnitTest\bin\Debug\net472\VideoOS.GisMapCommunication.UnitTest.dll" adapterTypeName="executor://mstestadapter/v2" className="VideoOS.GisMapCommunication.UnitTest.Exceptions.FaultExceptionHandlerTest" name="TestHandleFaultException_NullError_Failure" />
    </UnitTest>
    <UnitTest name="TestGetClient_GetMultipleClient_Success" storage="d:\actions-runner\_work\xpco\xpco\eventserver\gismapcommunication\dotnet\videoos.gismapcommunication.unittest\bin\debug\net472\videoos.gismapcommunication.unittest.dll" id="496f8105-398f-b29c-de24-f2334fc770dc">
      <TestCategory>
        <TestCategoryItem TestCategory="Notification" />
      </TestCategory>
      <Execution id="b3f1e137-892c-46df-91fe-51039384b116" />
      <TestMethod codeBase="D:\actions-runner\_work\XPCO\XPCO\EventServer\GisMapCommunication\dotNet\VideoOS.GisMapCommunication.UnitTest\bin\Debug\net472\VideoOS.GisMapCommunication.UnitTest.dll" adapterTypeName="executor://mstestadapter/v2" className="VideoOS.GisMapCommunication.Notification.UnitTest.NotificationClientManagerTest" name="TestGetClient_GetMultipleClient_Success" />
    </UnitTest>
    <UnitTest name="TestClose_MultipleClient_Success" storage="d:\actions-runner\_work\xpco\xpco\eventserver\gismapcommunication\dotnet\videoos.gismapcommunication.unittest\bin\debug\net472\videoos.gismapcommunication.unittest.dll" id="e3745935-769e-ab1b-dc91-3b302ee454d8">
      <TestCategory>
        <TestCategoryItem TestCategory="Repository" />
      </TestCategory>
      <Execution id="d6862c64-71d1-4be2-b4e8-9366dd138898" />
      <TestMethod codeBase="D:\actions-runner\_work\XPCO\XPCO\EventServer\GisMapCommunication\dotNet\VideoOS.GisMapCommunication.UnitTest\bin\Debug\net472\VideoOS.GisMapCommunication.UnitTest.dll" adapterTypeName="executor://mstestadapter/v2" className="VideoOS.GisMapCommunication.Repository.UnitTest.RepositoryClientManagerTest" name="TestClose_MultipleClient_Success" />
    </UnitTest>
    <UnitTest name="TestGetClient_GetMultipleClient_Success" storage="d:\actions-runner\_work\xpco\xpco\eventserver\gismapcommunication\dotnet\videoos.gismapcommunication.unittest\bin\debug\net472\videoos.gismapcommunication.unittest.dll" id="052c2aea-29a4-92c6-936a-affc7ccbf9d5">
      <TestCategory>
        <TestCategoryItem TestCategory="Mip" />
      </TestCategory>
      <Execution id="beaa5918-d12b-4bd9-9142-981a2a2a1581" />
      <TestMethod codeBase="D:\actions-runner\_work\XPCO\XPCO\EventServer\GisMapCommunication\dotNet\VideoOS.GisMapCommunication.UnitTest\bin\Debug\net472\VideoOS.GisMapCommunication.UnitTest.dll" adapterTypeName="executor://mstestadapter/v2" className="VideoOS.GisMapCommunication.Mip.UnitTest.MipClientManagerTest" name="TestGetClient_GetMultipleClient_Success" />
    </UnitTest>
    <UnitTest name="TestAsyncLayerClientCredentials_Success" storage="d:\actions-runner\_work\xpco\xpco\eventserver\gismapcommunication\dotnet\videoos.gismapcommunication.unittest\bin\debug\net472\videoos.gismapcommunication.unittest.dll" id="2b65facf-6a1e-400f-1d98-666545349ba1">
      <Execution id="3f2442fd-335a-4f28-8e36-6d4bf9479801" />
      <TestMethod codeBase="D:\actions-runner\_work\XPCO\XPCO\EventServer\GisMapCommunication\dotNet\VideoOS.GisMapCommunication.UnitTest\bin\Debug\net472\VideoOS.GisMapCommunication.UnitTest.dll" adapterTypeName="executor://mstestadapter/v2" className="VideoOS.GisMapCommunication.UnitTest.Layer.LayerClientCredentialsTest" name="TestAsyncLayerClientCredentials_Success" />
    </UnitTest>
    <UnitTest name="TestClose_CloseOnce_Success" storage="d:\actions-runner\_work\xpco\xpco\eventserver\gismapcommunication\dotnet\videoos.gismapcommunication.unittest\bin\debug\net472\videoos.gismapcommunication.unittest.dll" id="8fa8adb5-e4c4-21dd-1dee-fda6ddf0c501">
      <TestCategory>
        <TestCategoryItem TestCategory="Notification" />
      </TestCategory>
      <Execution id="fe276d2f-bef4-47f9-8a31-239d0cd8a021" />
      <TestMethod codeBase="D:\actions-runner\_work\XPCO\XPCO\EventServer\GisMapCommunication\dotNet\VideoOS.GisMapCommunication.UnitTest\bin\Debug\net472\VideoOS.GisMapCommunication.UnitTest.dll" adapterTypeName="executor://mstestadapter/v2" className="VideoOS.GisMapCommunication.Notification.UnitTest.NotificationClientManagerTest" name="TestClose_CloseOnce_Success" />
    </UnitTest>
    <UnitTest name="TestCreate_NoLoginSettings_Fail" storage="d:\actions-runner\_work\xpco\xpco\eventserver\gismapcommunication\dotnet\videoos.gismapcommunication.unittest\bin\debug\net472\videoos.gismapcommunication.unittest.dll" id="9351c80e-b95e-6f6d-385f-8bce190ec729">
      <TestCategory>
        <TestCategoryItem TestCategory="Layer" />
      </TestCategory>
      <Execution id="4a059f01-42a8-4107-884f-8fca50692918" />
      <TestMethod codeBase="D:\actions-runner\_work\XPCO\XPCO\EventServer\GisMapCommunication\dotNet\VideoOS.GisMapCommunication.UnitTest\bin\Debug\net472\VideoOS.GisMapCommunication.UnitTest.dll" adapterTypeName="executor://mstestadapter/v2" className="VideoOS.GisMapCommunication.UnitTest.Layer.LayerClientFactoryTest" name="TestCreate_NoLoginSettings_Fail" />
    </UnitTest>
    <UnitTest name="TestGetClient_WithNoServerRegisteredWithEmptyURIArray_Fail" storage="d:\actions-runner\_work\xpco\xpco\eventserver\gismapcommunication\dotnet\videoos.gismapcommunication.unittest\bin\debug\net472\videoos.gismapcommunication.unittest.dll" id="7dbe90c0-a960-c02d-f126-c3e7942eef37">
      <TestCategory>
        <TestCategoryItem TestCategory="Item" />
      </TestCategory>
      <Execution id="987ea982-1cb6-4077-aedd-b4a2db427451" />
      <TestMethod codeBase="D:\actions-runner\_work\XPCO\XPCO\EventServer\GisMapCommunication\dotNet\VideoOS.GisMapCommunication.UnitTest\bin\Debug\net472\VideoOS.GisMapCommunication.UnitTest.dll" adapterTypeName="executor://mstestadapter/v2" className="VideoOS.GisMapCommunication.Item.UnitTest.ItemClientManagerTest" name="TestGetClient_WithNoServerRegisteredWithEmptyURIArray_Fail" />
    </UnitTest>
    <UnitTest name="TestClose_CloseTwice_Success" storage="d:\actions-runner\_work\xpco\xpco\eventserver\gismapcommunication\dotnet\videoos.gismapcommunication.unittest\bin\debug\net472\videoos.gismapcommunication.unittest.dll" id="f90ab143-ae6a-c0e4-aa47-18e164f1e489">
      <TestCategory>
        <TestCategoryItem TestCategory="Layer" />
      </TestCategory>
      <Execution id="c839a943-232d-4996-ae1c-30c162f8a88e" />
      <TestMethod codeBase="D:\actions-runner\_work\XPCO\XPCO\EventServer\GisMapCommunication\dotNet\VideoOS.GisMapCommunication.UnitTest\bin\Debug\net472\VideoOS.GisMapCommunication.UnitTest.dll" adapterTypeName="executor://mstestadapter/v2" className="VideoOS.GisMapCommunication.Layer.UnitTest.LayerClientManagerTest" name="TestClose_CloseTwice_Success" />
    </UnitTest>
    <UnitTest name="TestAsyncMapClientCredentials_Success" storage="d:\actions-runner\_work\xpco\xpco\eventserver\gismapcommunication\dotnet\videoos.gismapcommunication.unittest\bin\debug\net472\videoos.gismapcommunication.unittest.dll" id="c4621aee-e6df-2eff-fd6c-7b987c350cf2">
      <Execution id="d777feaa-26f8-42dd-b150-44377d6d3e8d" />
      <TestMethod codeBase="D:\actions-runner\_work\XPCO\XPCO\EventServer\GisMapCommunication\dotNet\VideoOS.GisMapCommunication.UnitTest\bin\Debug\net472\VideoOS.GisMapCommunication.UnitTest.dll" adapterTypeName="executor://mstestadapter/v2" className="VideoOS.GisMapCommunication.UnitTest.Map.MapClientCredentialsTest" name="TestAsyncMapClientCredentials_Success" />
    </UnitTest>
    <UnitTest name="TestGetClient_WithNoServerRegisteredWithEmptyURIArray_Fail" storage="d:\actions-runner\_work\xpco\xpco\eventserver\gismapcommunication\dotnet\videoos.gismapcommunication.unittest\bin\debug\net472\videoos.gismapcommunication.unittest.dll" id="91b182b3-32f6-5345-93c2-0285e58432ac">
      <TestCategory>
        <TestCategoryItem TestCategory="Notification" />
      </TestCategory>
      <Execution id="69532398-0cbf-4fdc-a7b2-7fe47cc07e89" />
      <TestMethod codeBase="D:\actions-runner\_work\XPCO\XPCO\EventServer\GisMapCommunication\dotNet\VideoOS.GisMapCommunication.UnitTest\bin\Debug\net472\VideoOS.GisMapCommunication.UnitTest.dll" adapterTypeName="executor://mstestadapter/v2" className="VideoOS.GisMapCommunication.Notification.UnitTest.NotificationClientManagerTest" name="TestGetClient_WithNoServerRegisteredWithEmptyURIArray_Fail" />
    </UnitTest>
    <UnitTest name="TestBuildingClientCredentials_Success" storage="d:\actions-runner\_work\xpco\xpco\eventserver\gismapcommunication\dotnet\videoos.gismapcommunication.unittest\bin\debug\net472\videoos.gismapcommunication.unittest.dll" id="a7a96eb8-df44-5ef6-8380-90892db716e4">
      <Execution id="072926d9-2cea-439d-8a26-b5eddfa6835b" />
      <TestMethod codeBase="D:\actions-runner\_work\XPCO\XPCO\EventServer\GisMapCommunication\dotNet\VideoOS.GisMapCommunication.UnitTest\bin\Debug\net472\VideoOS.GisMapCommunication.UnitTest.dll" adapterTypeName="executor://mstestadapter/v2" className="VideoOS.GisMapCommunication.UnitTest.Building.BuildingClientCredentialsTest" name="TestBuildingClientCredentials_Success" />
    </UnitTest>
    <UnitTest name="TestGetClient_GetMultipleClient_Success" storage="d:\actions-runner\_work\xpco\xpco\eventserver\gismapcommunication\dotnet\videoos.gismapcommunication.unittest\bin\debug\net472\videoos.gismapcommunication.unittest.dll" id="0d8aa6b8-2cde-1b1a-dbc2-9d1d82097d45">
      <TestCategory>
        <TestCategoryItem TestCategory="Building" />
      </TestCategory>
      <Execution id="a3c16adb-51f4-45bd-b8dd-96e1f1d6b604" />
      <TestMethod codeBase="D:\actions-runner\_work\XPCO\XPCO\EventServer\GisMapCommunication\dotNet\VideoOS.GisMapCommunication.UnitTest\bin\Debug\net472\VideoOS.GisMapCommunication.UnitTest.dll" adapterTypeName="executor://mstestadapter/v2" className="VideoOS.GisMapCommunication.Building.UnitTest.BuildingClientManagerTest" name="TestGetClient_GetMultipleClient_Success" />
    </UnitTest>
    <UnitTest name="TestGetClient_GetMultipleClient_Success" storage="d:\actions-runner\_work\xpco\xpco\eventserver\gismapcommunication\dotnet\videoos.gismapcommunication.unittest\bin\debug\net472\videoos.gismapcommunication.unittest.dll" id="882b2af4-1655-efad-609b-dd9418f0b5f0">
      <TestCategory>
        <TestCategoryItem TestCategory="Layer" />
      </TestCategory>
      <Execution id="0f0874b9-e76b-4136-8fae-6a21b5e72a01" />
      <TestMethod codeBase="D:\actions-runner\_work\XPCO\XPCO\EventServer\GisMapCommunication\dotNet\VideoOS.GisMapCommunication.UnitTest\bin\Debug\net472\VideoOS.GisMapCommunication.UnitTest.dll" adapterTypeName="executor://mstestadapter/v2" className="VideoOS.GisMapCommunication.Layer.UnitTest.LayerClientManagerTest" name="TestGetClient_GetMultipleClient_Success" />
    </UnitTest>
    <UnitTest name="TestGetClient_WithNoServerRegisteredAsNull_Fail" storage="d:\actions-runner\_work\xpco\xpco\eventserver\gismapcommunication\dotnet\videoos.gismapcommunication.unittest\bin\debug\net472\videoos.gismapcommunication.unittest.dll" id="32684091-c75e-1d62-201a-68849a718f0b">
      <TestCategory>
        <TestCategoryItem TestCategory="Repository" />
      </TestCategory>
      <Execution id="e3c3684d-9a1c-4192-a119-290767dc0e98" />
      <TestMethod codeBase="D:\actions-runner\_work\XPCO\XPCO\EventServer\GisMapCommunication\dotNet\VideoOS.GisMapCommunication.UnitTest\bin\Debug\net472\VideoOS.GisMapCommunication.UnitTest.dll" adapterTypeName="executor://mstestadapter/v2" className="VideoOS.GisMapCommunication.Repository.UnitTest.RepositoryClientManagerTest" name="TestGetClient_WithNoServerRegisteredAsNull_Fail" />
    </UnitTest>
    <UnitTest name="TestCreate_MapClientCredentials_Success" storage="d:\actions-runner\_work\xpco\xpco\eventserver\gismapcommunication\dotnet\videoos.gismapcommunication.unittest\bin\debug\net472\videoos.gismapcommunication.unittest.dll" id="2de01898-fdea-7a8f-b0b7-4138a55a2e32">
      <TestCategory>
        <TestCategoryItem TestCategory="Map" />
      </TestCategory>
      <Execution id="bf65aa1f-d060-4bd2-bafa-e561de3ecf7d" />
      <TestMethod codeBase="D:\actions-runner\_work\XPCO\XPCO\EventServer\GisMapCommunication\dotNet\VideoOS.GisMapCommunication.UnitTest\bin\Debug\net472\VideoOS.GisMapCommunication.UnitTest.dll" adapterTypeName="executor://mstestadapter/v2" className="VideoOS.GisMapCommunication.UnitTest.Map.MapClientFactoryTest" name="TestCreate_MapClientCredentials_Success" />
    </UnitTest>
    <UnitTest name="Test_GetClient_GetMultipleCachedClientWithDifferentReceiveTimeouts_Success" storage="d:\actions-runner\_work\xpco\xpco\eventserver\gismapcommunication\dotnet\videoos.gismapcommunication.unittest\bin\debug\net472\videoos.gismapcommunication.unittest.dll" id="8e864a0f-f69b-3550-33c5-8159dc5e3077">
      <TestCategory>
        <TestCategoryItem TestCategory="Mip" />
      </TestCategory>
      <Execution id="72432c88-8143-4bce-94e2-b57f7fb7da06" />
      <TestMethod codeBase="D:\actions-runner\_work\XPCO\XPCO\EventServer\GisMapCommunication\dotNet\VideoOS.GisMapCommunication.UnitTest\bin\Debug\net472\VideoOS.GisMapCommunication.UnitTest.dll" adapterTypeName="executor://mstestadapter/v2" className="VideoOS.GisMapCommunication.Mip.UnitTest.MipClientManagerTest" name="Test_GetClient_GetMultipleCachedClientWithDifferentReceiveTimeouts_Success" />
    </UnitTest>
    <UnitTest name="Test_GetClient_GetMultipleCachedClientWithDifferentReceiveTimeouts_Success" storage="d:\actions-runner\_work\xpco\xpco\eventserver\gismapcommunication\dotnet\videoos.gismapcommunication.unittest\bin\debug\net472\videoos.gismapcommunication.unittest.dll" id="ffd8aed8-3497-6ac0-51bc-5c26db531343">
      <TestCategory>
        <TestCategoryItem TestCategory="Map" />
      </TestCategory>
      <Execution id="ae6fb338-d656-4f01-8bf1-73e981e1eb6c" />
      <TestMethod codeBase="D:\actions-runner\_work\XPCO\XPCO\EventServer\GisMapCommunication\dotNet\VideoOS.GisMapCommunication.UnitTest\bin\Debug\net472\VideoOS.GisMapCommunication.UnitTest.dll" adapterTypeName="executor://mstestadapter/v2" className="VideoOS.GisMapCommunication.Map.UnitTest.MapClientManagerTest" name="Test_GetClient_GetMultipleCachedClientWithDifferentReceiveTimeouts_Success" />
    </UnitTest>
    <UnitTest name="TestAsyncClient_Success" storage="d:\actions-runner\_work\xpco\xpco\eventserver\gismapcommunication\dotnet\videoos.gismapcommunication.unittest\bin\debug\net472\videoos.gismapcommunication.unittest.dll" id="e33d7e23-3812-896d-3ab4-9ecc0d44a65a">
      <Execution id="f76c553c-b76c-4d31-a746-15502aaf1973" />
      <TestMethod codeBase="D:\actions-runner\_work\XPCO\XPCO\EventServer\GisMapCommunication\dotNet\VideoOS.GisMapCommunication.UnitTest\bin\Debug\net472\VideoOS.GisMapCommunication.UnitTest.dll" adapterTypeName="executor://mstestadapter/v2" className="VideoOS.GisMapCommunication.UnitTest.Item.ItemClientTokenTest" name="TestAsyncClient_Success" />
    </UnitTest>
    <UnitTest name="TestClient_Success" storage="d:\actions-runner\_work\xpco\xpco\eventserver\gismapcommunication\dotnet\videoos.gismapcommunication.unittest\bin\debug\net472\videoos.gismapcommunication.unittest.dll" id="5557ce23-daca-7da2-436f-9e4db6de42cb">
      <Execution id="42d487c9-53a7-4511-b88c-4ff5cc9bd067" />
      <TestMethod codeBase="D:\actions-runner\_work\XPCO\XPCO\EventServer\GisMapCommunication\dotNet\VideoOS.GisMapCommunication.UnitTest\bin\Debug\net472\VideoOS.GisMapCommunication.UnitTest.dll" adapterTypeName="executor://mstestadapter/v2" className="VideoOS.GisMapCommunication.UnitTest.Repository.RepositoryClientTokenTest" name="TestClient_Success" />
    </UnitTest>
    <UnitTest name="TestGetClient_WithNoServerRegistered_Fail" storage="d:\actions-runner\_work\xpco\xpco\eventserver\gismapcommunication\dotnet\videoos.gismapcommunication.unittest\bin\debug\net472\videoos.gismapcommunication.unittest.dll" id="0b1036ae-4fed-71ab-fdcc-9b702df6b10c">
      <TestCategory>
        <TestCategoryItem TestCategory="Map" />
      </TestCategory>
      <Execution id="af424578-43d6-491f-8025-91c5f1d73f51" />
      <TestMethod codeBase="D:\actions-runner\_work\XPCO\XPCO\EventServer\GisMapCommunication\dotNet\VideoOS.GisMapCommunication.UnitTest\bin\Debug\net472\VideoOS.GisMapCommunication.UnitTest.dll" adapterTypeName="executor://mstestadapter/v2" className="VideoOS.GisMapCommunication.Map.UnitTest.MapClientManagerTest" name="TestGetClient_WithNoServerRegistered_Fail" />
    </UnitTest>
    <UnitTest name="Test_GetClient_GetMultipleCachedClient_Success" storage="d:\actions-runner\_work\xpco\xpco\eventserver\gismapcommunication\dotnet\videoos.gismapcommunication.unittest\bin\debug\net472\videoos.gismapcommunication.unittest.dll" id="b5700263-fa20-6a11-1ab5-868003b66ff3">
      <TestCategory>
        <TestCategoryItem TestCategory="Item" />
      </TestCategory>
      <Execution id="11a94864-7f72-44a5-92fd-c323d882358b" />
      <TestMethod codeBase="D:\actions-runner\_work\XPCO\XPCO\EventServer\GisMapCommunication\dotNet\VideoOS.GisMapCommunication.UnitTest\bin\Debug\net472\VideoOS.GisMapCommunication.UnitTest.dll" adapterTypeName="executor://mstestadapter/v2" className="VideoOS.GisMapCommunication.Item.UnitTest.ItemClientManagerTest" name="Test_GetClient_GetMultipleCachedClient_Success" />
    </UnitTest>
    <UnitTest name="TestGetClient_WithNoServerRegisteredWithEmptyURIArrayAsNull_Fail" storage="d:\actions-runner\_work\xpco\xpco\eventserver\gismapcommunication\dotnet\videoos.gismapcommunication.unittest\bin\debug\net472\videoos.gismapcommunication.unittest.dll" id="8bcf6573-1d9b-a2dc-ab0f-0ad2bfa59a70">
      <TestCategory>
        <TestCategoryItem TestCategory="Map" />
      </TestCategory>
      <Execution id="0a1b0824-9153-427a-af8d-10401c2ba069" />
      <TestMethod codeBase="D:\actions-runner\_work\XPCO\XPCO\EventServer\GisMapCommunication\dotNet\VideoOS.GisMapCommunication.UnitTest\bin\Debug\net472\VideoOS.GisMapCommunication.UnitTest.dll" adapterTypeName="executor://mstestadapter/v2" className="VideoOS.GisMapCommunication.Map.UnitTest.MapClientManagerTest" name="TestGetClient_WithNoServerRegisteredWithEmptyURIArrayAsNull_Fail" />
    </UnitTest>
    <UnitTest name="TestClose_MultipleClient_Success" storage="d:\actions-runner\_work\xpco\xpco\eventserver\gismapcommunication\dotnet\videoos.gismapcommunication.unittest\bin\debug\net472\videoos.gismapcommunication.unittest.dll" id="9f28e791-5930-d60a-5630-0d6823e553c6">
      <TestCategory>
        <TestCategoryItem TestCategory="Layer" />
      </TestCategory>
      <Execution id="78130a28-3fb7-46ca-a79e-c56143310959" />
      <TestMethod codeBase="D:\actions-runner\_work\XPCO\XPCO\EventServer\GisMapCommunication\dotNet\VideoOS.GisMapCommunication.UnitTest\bin\Debug\net472\VideoOS.GisMapCommunication.UnitTest.dll" adapterTypeName="executor://mstestadapter/v2" className="VideoOS.GisMapCommunication.Layer.UnitTest.LayerClientManagerTest" name="TestClose_MultipleClient_Success" />
    </UnitTest>
    <UnitTest name="TestGetClient_WithNoServerRegisteredWithEmptyURIArray_Fail" storage="d:\actions-runner\_work\xpco\xpco\eventserver\gismapcommunication\dotnet\videoos.gismapcommunication.unittest\bin\debug\net472\videoos.gismapcommunication.unittest.dll" id="45986796-e9a1-41b3-27fc-11b9ed699edc">
      <TestCategory>
        <TestCategoryItem TestCategory="Layer" />
      </TestCategory>
      <Execution id="e9f84074-9136-48ac-8a7c-eeac8acad80e" />
      <TestMethod codeBase="D:\actions-runner\_work\XPCO\XPCO\EventServer\GisMapCommunication\dotNet\VideoOS.GisMapCommunication.UnitTest\bin\Debug\net472\VideoOS.GisMapCommunication.UnitTest.dll" adapterTypeName="executor://mstestadapter/v2" className="VideoOS.GisMapCommunication.Layer.UnitTest.LayerClientManagerTest" name="TestGetClient_WithNoServerRegisteredWithEmptyURIArray_Fail" />
    </UnitTest>
    <UnitTest name="TestGetClient_GetCachedClient_Success" storage="d:\actions-runner\_work\xpco\xpco\eventserver\gismapcommunication\dotnet\videoos.gismapcommunication.unittest\bin\debug\net472\videoos.gismapcommunication.unittest.dll" id="0be12502-855b-ebec-4b64-5a8f930445ae">
      <TestCategory>
        <TestCategoryItem TestCategory="Building" />
      </TestCategory>
      <Execution id="4be20022-805e-4c4e-bd69-f520264cd301" />
      <TestMethod codeBase="D:\actions-runner\_work\XPCO\XPCO\EventServer\GisMapCommunication\dotNet\VideoOS.GisMapCommunication.UnitTest\bin\Debug\net472\VideoOS.GisMapCommunication.UnitTest.dll" adapterTypeName="executor://mstestadapter/v2" className="VideoOS.GisMapCommunication.Building.UnitTest.BuildingClientManagerTest" name="TestGetClient_GetCachedClient_Success" />
    </UnitTest>
    <UnitTest name="Test_GetClient_GetMultipleCachedClient_Success" storage="d:\actions-runner\_work\xpco\xpco\eventserver\gismapcommunication\dotnet\videoos.gismapcommunication.unittest\bin\debug\net472\videoos.gismapcommunication.unittest.dll" id="d7a35dfc-7e6e-4e12-28e8-c0fa066bed14">
      <TestCategory>
        <TestCategoryItem TestCategory="Mip" />
      </TestCategory>
      <Execution id="67597476-5988-462a-9ee4-83deadbad45d" />
      <TestMethod codeBase="D:\actions-runner\_work\XPCO\XPCO\EventServer\GisMapCommunication\dotNet\VideoOS.GisMapCommunication.UnitTest\bin\Debug\net472\VideoOS.GisMapCommunication.UnitTest.dll" adapterTypeName="executor://mstestadapter/v2" className="VideoOS.GisMapCommunication.Mip.UnitTest.MipClientManagerTest" name="Test_GetClient_GetMultipleCachedClient_Success" />
    </UnitTest>
    <UnitTest name="TestClose_CloseOnce_Success" storage="d:\actions-runner\_work\xpco\xpco\eventserver\gismapcommunication\dotnet\videoos.gismapcommunication.unittest\bin\debug\net472\videoos.gismapcommunication.unittest.dll" id="1c4d9e11-f67a-1fa2-28fc-fe4f4911a18c">
      <TestCategory>
        <TestCategoryItem TestCategory="Repository" />
      </TestCategory>
      <Execution id="2a7a85e4-6940-4e69-a433-b1298249e5d6" />
      <TestMethod codeBase="D:\actions-runner\_work\XPCO\XPCO\EventServer\GisMapCommunication\dotNet\VideoOS.GisMapCommunication.UnitTest\bin\Debug\net472\VideoOS.GisMapCommunication.UnitTest.dll" adapterTypeName="executor://mstestadapter/v2" className="VideoOS.GisMapCommunication.Repository.UnitTest.RepositoryClientManagerTest" name="TestClose_CloseOnce_Success" />
    </UnitTest>
    <UnitTest name="TestAsyncBuildingClientCredentials_Success" storage="d:\actions-runner\_work\xpco\xpco\eventserver\gismapcommunication\dotnet\videoos.gismapcommunication.unittest\bin\debug\net472\videoos.gismapcommunication.unittest.dll" id="9fe0be95-0024-9f41-e8cf-980d2390c23d">
      <Execution id="47baa487-df5e-433c-a082-ab6606eddf56" />
      <TestMethod codeBase="D:\actions-runner\_work\XPCO\XPCO\EventServer\GisMapCommunication\dotNet\VideoOS.GisMapCommunication.UnitTest\bin\Debug\net472\VideoOS.GisMapCommunication.UnitTest.dll" adapterTypeName="executor://mstestadapter/v2" className="VideoOS.GisMapCommunication.UnitTest.Building.BuildingClientCredentialsTest" name="TestAsyncBuildingClientCredentials_Success" />
    </UnitTest>
    <UnitTest name="TestGetClient_WithNoServerRegistered_Fail" storage="d:\actions-runner\_work\xpco\xpco\eventserver\gismapcommunication\dotnet\videoos.gismapcommunication.unittest\bin\debug\net472\videoos.gismapcommunication.unittest.dll" id="38982c92-9097-8444-45d7-84995396069d">
      <TestCategory>
        <TestCategoryItem TestCategory="Item" />
      </TestCategory>
      <Execution id="65d72358-a1d3-42e6-b9d4-3b6556cb4104" />
      <TestMethod codeBase="D:\actions-runner\_work\XPCO\XPCO\EventServer\GisMapCommunication\dotNet\VideoOS.GisMapCommunication.UnitTest\bin\Debug\net472\VideoOS.GisMapCommunication.UnitTest.dll" adapterTypeName="executor://mstestadapter/v2" className="VideoOS.GisMapCommunication.Item.UnitTest.ItemClientManagerTest" name="TestGetClient_WithNoServerRegistered_Fail" />
    </UnitTest>
    <UnitTest name="TestClient_Success" storage="d:\actions-runner\_work\xpco\xpco\eventserver\gismapcommunication\dotnet\videoos.gismapcommunication.unittest\bin\debug\net472\videoos.gismapcommunication.unittest.dll" id="d5539fb0-4b8c-5a5a-0973-a3cb0f90582a">
      <Execution id="c9289d1e-f1d6-411a-8610-22e5c7f3a87d" />
      <TestMethod codeBase="D:\actions-runner\_work\XPCO\XPCO\EventServer\GisMapCommunication\dotNet\VideoOS.GisMapCommunication.UnitTest\bin\Debug\net472\VideoOS.GisMapCommunication.UnitTest.dll" adapterTypeName="executor://mstestadapter/v2" className="VideoOS.GisMapCommunication.UnitTest.Building.BuildingClientTokenTest" name="TestClient_Success" />
    </UnitTest>
    <UnitTest name="TestAsyncClient_Success" storage="d:\actions-runner\_work\xpco\xpco\eventserver\gismapcommunication\dotnet\videoos.gismapcommunication.unittest\bin\debug\net472\videoos.gismapcommunication.unittest.dll" id="33e4d18b-5e25-1a07-2134-709056dfd783">
      <Execution id="81a212b9-3252-4c5f-82ec-94ece7cd97ff" />
      <TestMethod codeBase="D:\actions-runner\_work\XPCO\XPCO\EventServer\GisMapCommunication\dotNet\VideoOS.GisMapCommunication.UnitTest\bin\Debug\net472\VideoOS.GisMapCommunication.UnitTest.dll" adapterTypeName="executor://mstestadapter/v2" className="VideoOS.GisMapCommunication.UnitTest.Layer.LayerClientTokenTest" name="TestAsyncClient_Success" />
    </UnitTest>
    <UnitTest name="TestClose_CloseTwice_Success" storage="d:\actions-runner\_work\xpco\xpco\eventserver\gismapcommunication\dotnet\videoos.gismapcommunication.unittest\bin\debug\net472\videoos.gismapcommunication.unittest.dll" id="fbf8bf4f-d2ff-6cad-1643-d7fbfa82ca3d">
      <TestCategory>
        <TestCategoryItem TestCategory="Building" />
      </TestCategory>
      <Execution id="2522cb2b-a653-4131-bb17-3ee7a4493d28" />
      <TestMethod codeBase="D:\actions-runner\_work\XPCO\XPCO\EventServer\GisMapCommunication\dotNet\VideoOS.GisMapCommunication.UnitTest\bin\Debug\net472\VideoOS.GisMapCommunication.UnitTest.dll" adapterTypeName="executor://mstestadapter/v2" className="VideoOS.GisMapCommunication.Building.UnitTest.BuildingClientManagerTest" name="TestClose_CloseTwice_Success" />
    </UnitTest>
    <UnitTest name="TestRepositoryClientCredentials_Success" storage="d:\actions-runner\_work\xpco\xpco\eventserver\gismapcommunication\dotnet\videoos.gismapcommunication.unittest\bin\debug\net472\videoos.gismapcommunication.unittest.dll" id="c8dd7c21-d31e-a6cc-2107-a3649f38ba29">
      <Execution id="0da8bcf1-86cb-4bd0-9b4e-98ced4fdad54" />
      <TestMethod codeBase="D:\actions-runner\_work\XPCO\XPCO\EventServer\GisMapCommunication\dotNet\VideoOS.GisMapCommunication.UnitTest\bin\Debug\net472\VideoOS.GisMapCommunication.UnitTest.dll" adapterTypeName="executor://mstestadapter/v2" className="VideoOS.GisMapCommunication.UnitTest.Repository.RepositoryClientCredentialsTest" name="TestRepositoryClientCredentials_Success" />
    </UnitTest>
    <UnitTest name="TestCreate_NoLoginSettings_Fail" storage="d:\actions-runner\_work\xpco\xpco\eventserver\gismapcommunication\dotnet\videoos.gismapcommunication.unittest\bin\debug\net472\videoos.gismapcommunication.unittest.dll" id="afbd8c4b-630e-4bbb-59f2-008f5116b583">
      <TestCategory>
        <TestCategoryItem TestCategory="Item" />
      </TestCategory>
      <Execution id="c42beb99-c2ca-4681-8e03-5e881facbd9c" />
      <TestMethod codeBase="D:\actions-runner\_work\XPCO\XPCO\EventServer\GisMapCommunication\dotNet\VideoOS.GisMapCommunication.UnitTest\bin\Debug\net472\VideoOS.GisMapCommunication.UnitTest.dll" adapterTypeName="executor://mstestadapter/v2" className="VideoOS.GisMapCommunication.UnitTest.Item.ItemClientFactoryTest" name="TestCreate_NoLoginSettings_Fail" />
    </UnitTest>
    <UnitTest name="Test_GetClient_GetMultipleCachedClient_Success" storage="d:\actions-runner\_work\xpco\xpco\eventserver\gismapcommunication\dotnet\videoos.gismapcommunication.unittest\bin\debug\net472\videoos.gismapcommunication.unittest.dll" id="83738cd4-170c-2cd2-5c02-7b6940c07074">
      <TestCategory>
        <TestCategoryItem TestCategory="Building" />
      </TestCategory>
      <Execution id="7ab0b799-ae8d-49f9-99cc-30052ff12902" />
      <TestMethod codeBase="D:\actions-runner\_work\XPCO\XPCO\EventServer\GisMapCommunication\dotNet\VideoOS.GisMapCommunication.UnitTest\bin\Debug\net472\VideoOS.GisMapCommunication.UnitTest.dll" adapterTypeName="executor://mstestadapter/v2" className="VideoOS.GisMapCommunication.Building.UnitTest.BuildingClientManagerTest" name="Test_GetClient_GetMultipleCachedClient_Success" />
    </UnitTest>
    <UnitTest name="TestGetClient_GetNonCachedClient_Success" storage="d:\actions-runner\_work\xpco\xpco\eventserver\gismapcommunication\dotnet\videoos.gismapcommunication.unittest\bin\debug\net472\videoos.gismapcommunication.unittest.dll" id="fa3d0b2e-dfcf-641e-f9a6-d6151b888253">
      <TestCategory>
        <TestCategoryItem TestCategory="Layer" />
      </TestCategory>
      <Execution id="f7aaefab-7045-42fe-aec0-074351f84e7c" />
      <TestMethod codeBase="D:\actions-runner\_work\XPCO\XPCO\EventServer\GisMapCommunication\dotNet\VideoOS.GisMapCommunication.UnitTest\bin\Debug\net472\VideoOS.GisMapCommunication.UnitTest.dll" adapterTypeName="executor://mstestadapter/v2" className="VideoOS.GisMapCommunication.Layer.UnitTest.LayerClientManagerTest" name="TestGetClient_GetNonCachedClient_Success" />
    </UnitTest>
    <UnitTest name="TestCreate_LayerClientCredentials_Success" storage="d:\actions-runner\_work\xpco\xpco\eventserver\gismapcommunication\dotnet\videoos.gismapcommunication.unittest\bin\debug\net472\videoos.gismapcommunication.unittest.dll" id="d60ae5e7-b54b-2654-efdd-7ac61d692b27">
      <TestCategory>
        <TestCategoryItem TestCategory="Layer" />
      </TestCategory>
      <Execution id="0fe0b1bf-9a25-4b57-9fb0-092c4c1ba0ae" />
      <TestMethod codeBase="D:\actions-runner\_work\XPCO\XPCO\EventServer\GisMapCommunication\dotNet\VideoOS.GisMapCommunication.UnitTest\bin\Debug\net472\VideoOS.GisMapCommunication.UnitTest.dll" adapterTypeName="executor://mstestadapter/v2" className="VideoOS.GisMapCommunication.UnitTest.Layer.LayerClientFactoryTest" name="TestCreate_LayerClientCredentials_Success" />
    </UnitTest>
    <UnitTest name="TestGetClient_WithNoServerRegisteredAsNull_Fail" storage="d:\actions-runner\_work\xpco\xpco\eventserver\gismapcommunication\dotnet\videoos.gismapcommunication.unittest\bin\debug\net472\videoos.gismapcommunication.unittest.dll" id="406a5659-c5b1-433f-f881-9fa4509b5fcf">
      <TestCategory>
        <TestCategoryItem TestCategory="Mip" />
      </TestCategory>
      <Execution id="c24394d4-bb94-497e-bcf8-e1cc91ea7b2b" />
      <TestMethod codeBase="D:\actions-runner\_work\XPCO\XPCO\EventServer\GisMapCommunication\dotNet\VideoOS.GisMapCommunication.UnitTest\bin\Debug\net472\VideoOS.GisMapCommunication.UnitTest.dll" adapterTypeName="executor://mstestadapter/v2" className="VideoOS.GisMapCommunication.Mip.UnitTest.MipClientManagerTest" name="TestGetClient_WithNoServerRegisteredAsNull_Fail" />
    </UnitTest>
    <UnitTest name="TestConstructor_Success" storage="d:\actions-runner\_work\xpco\xpco\eventserver\gismapcommunication\dotnet\videoos.gismapcommunication.unittest\bin\debug\net472\videoos.gismapcommunication.unittest.dll" id="6ba0ff9c-7ab2-187d-e0a8-69fcec3fa4a8">
      <TestCategory>
        <TestCategoryItem TestCategory="Item" />
      </TestCategory>
      <Execution id="e011d14a-af68-431c-a344-c45a4d177c43" />
      <TestMethod codeBase="D:\actions-runner\_work\XPCO\XPCO\EventServer\GisMapCommunication\dotNet\VideoOS.GisMapCommunication.UnitTest\bin\Debug\net472\VideoOS.GisMapCommunication.UnitTest.dll" adapterTypeName="executor://mstestadapter/v2" className="VideoOS.GisMapCommunication.Item.UnitTest.ItemClientManagerTest" name="TestConstructor_Success" />
    </UnitTest>
    <UnitTest name="TestGetClient_WithNoServerRegisteredAsNull_Fail" storage="d:\actions-runner\_work\xpco\xpco\eventserver\gismapcommunication\dotnet\videoos.gismapcommunication.unittest\bin\debug\net472\videoos.gismapcommunication.unittest.dll" id="ddb555e0-2da8-0d61-b6c8-354439301467">
      <TestCategory>
        <TestCategoryItem TestCategory="Map" />
      </TestCategory>
      <Execution id="87aac20e-0acf-4be2-b8bd-d3b5b509788d" />
      <TestMethod codeBase="D:\actions-runner\_work\XPCO\XPCO\EventServer\GisMapCommunication\dotNet\VideoOS.GisMapCommunication.UnitTest\bin\Debug\net472\VideoOS.GisMapCommunication.UnitTest.dll" adapterTypeName="executor://mstestadapter/v2" className="VideoOS.GisMapCommunication.Map.UnitTest.MapClientManagerTest" name="TestGetClient_WithNoServerRegisteredAsNull_Fail" />
    </UnitTest>
    <UnitTest name="TestCreate_RepositoryClientToken_Success" storage="d:\actions-runner\_work\xpco\xpco\eventserver\gismapcommunication\dotnet\videoos.gismapcommunication.unittest\bin\debug\net472\videoos.gismapcommunication.unittest.dll" id="3c10daf0-1ff3-bd43-aa51-8dadcac4216a">
      <TestCategory>
        <TestCategoryItem TestCategory="Repository" />
      </TestCategory>
      <Execution id="7ead856c-d20f-4798-83c9-f3764b7d1d33" />
      <TestMethod codeBase="D:\actions-runner\_work\XPCO\XPCO\EventServer\GisMapCommunication\dotNet\VideoOS.GisMapCommunication.UnitTest\bin\Debug\net472\VideoOS.GisMapCommunication.UnitTest.dll" adapterTypeName="executor://mstestadapter/v2" className="VideoOS.GisMapCommunication.UnitTest.Repository.RepositoryClientFactoryTest" name="TestCreate_RepositoryClientToken_Success" />
    </UnitTest>
    <UnitTest name="TestConstructor_Success" storage="d:\actions-runner\_work\xpco\xpco\eventserver\gismapcommunication\dotnet\videoos.gismapcommunication.unittest\bin\debug\net472\videoos.gismapcommunication.unittest.dll" id="6674f8e8-af30-73c3-94da-de0e76bacbe8">
      <TestCategory>
        <TestCategoryItem TestCategory="Layer" />
      </TestCategory>
      <Execution id="df36bc93-83c0-4541-82a6-0c0c2867448f" />
      <TestMethod codeBase="D:\actions-runner\_work\XPCO\XPCO\EventServer\GisMapCommunication\dotNet\VideoOS.GisMapCommunication.UnitTest\bin\Debug\net472\VideoOS.GisMapCommunication.UnitTest.dll" adapterTypeName="executor://mstestadapter/v2" className="VideoOS.GisMapCommunication.Layer.UnitTest.LayerClientManagerTest" name="TestConstructor_Success" />
    </UnitTest>
    <UnitTest name="TestGetClient_WithNoServerRegisteredWithEmptyURIArray_Fail" storage="d:\actions-runner\_work\xpco\xpco\eventserver\gismapcommunication\dotnet\videoos.gismapcommunication.unittest\bin\debug\net472\videoos.gismapcommunication.unittest.dll" id="3d5fdfd6-9a87-69f2-eb29-e9cddd4fc10a">
      <TestCategory>
        <TestCategoryItem TestCategory="Mip" />
      </TestCategory>
      <Execution id="ba6da331-a6b1-4307-b76b-633147d76b6c" />
      <TestMethod codeBase="D:\actions-runner\_work\XPCO\XPCO\EventServer\GisMapCommunication\dotNet\VideoOS.GisMapCommunication.UnitTest\bin\Debug\net472\VideoOS.GisMapCommunication.UnitTest.dll" adapterTypeName="executor://mstestadapter/v2" className="VideoOS.GisMapCommunication.Mip.UnitTest.MipClientManagerTest" name="TestGetClient_WithNoServerRegisteredWithEmptyURIArray_Fail" />
    </UnitTest>
    <UnitTest name="TestGetClient_GetCachedClient_Success" storage="d:\actions-runner\_work\xpco\xpco\eventserver\gismapcommunication\dotnet\videoos.gismapcommunication.unittest\bin\debug\net472\videoos.gismapcommunication.unittest.dll" id="7ca0cfa3-3705-e2ef-9759-7a7755e6b73b">
      <TestCategory>
        <TestCategoryItem TestCategory="Repository" />
      </TestCategory>
      <Execution id="96f7f15e-8e7f-4154-92e8-633dcc772fdc" />
      <TestMethod codeBase="D:\actions-runner\_work\XPCO\XPCO\EventServer\GisMapCommunication\dotNet\VideoOS.GisMapCommunication.UnitTest\bin\Debug\net472\VideoOS.GisMapCommunication.UnitTest.dll" adapterTypeName="executor://mstestadapter/v2" className="VideoOS.GisMapCommunication.Repository.UnitTest.RepositoryClientManagerTest" name="TestGetClient_GetCachedClient_Success" />
    </UnitTest>
    <UnitTest name="TestConstructor_Success" storage="d:\actions-runner\_work\xpco\xpco\eventserver\gismapcommunication\dotnet\videoos.gismapcommunication.unittest\bin\debug\net472\videoos.gismapcommunication.unittest.dll" id="f132610b-241c-48b9-5557-5646f9a93007">
      <TestCategory>
        <TestCategoryItem TestCategory="Notification" />
      </TestCategory>
      <Execution id="de637189-2fbf-4f5d-a0f5-798a02e11023" />
      <TestMethod codeBase="D:\actions-runner\_work\XPCO\XPCO\EventServer\GisMapCommunication\dotNet\VideoOS.GisMapCommunication.UnitTest\bin\Debug\net472\VideoOS.GisMapCommunication.UnitTest.dll" adapterTypeName="executor://mstestadapter/v2" className="VideoOS.GisMapCommunication.Notification.UnitTest.NotificationClientManagerTest" name="TestConstructor_Success" />
    </UnitTest>
    <UnitTest name="TestCreate_NotificationClientToken_Success" storage="d:\actions-runner\_work\xpco\xpco\eventserver\gismapcommunication\dotnet\videoos.gismapcommunication.unittest\bin\debug\net472\videoos.gismapcommunication.unittest.dll" id="44171d5e-7ca2-8b80-ee87-6da649891a4d">
      <TestCategory>
        <TestCategoryItem TestCategory="Notification" />
      </TestCategory>
      <Execution id="f0a4252f-b4f1-4c24-bd67-903f6d9aac0f" />
      <TestMethod codeBase="D:\actions-runner\_work\XPCO\XPCO\EventServer\GisMapCommunication\dotNet\VideoOS.GisMapCommunication.UnitTest\bin\Debug\net472\VideoOS.GisMapCommunication.UnitTest.dll" adapterTypeName="executor://mstestadapter/v2" className="VideoOS.GisMapCommunication.UnitTest.Notification.NotificationClientFactoryTest" name="TestCreate_NotificationClientToken_Success" />
    </UnitTest>
    <UnitTest name="TestCreate_MipClientCredentials_Success" storage="d:\actions-runner\_work\xpco\xpco\eventserver\gismapcommunication\dotnet\videoos.gismapcommunication.unittest\bin\debug\net472\videoos.gismapcommunication.unittest.dll" id="365236a0-ebbe-fa4f-ad99-32a43235a3b4">
      <TestCategory>
        <TestCategoryItem TestCategory="Mip" />
      </TestCategory>
      <Execution id="87d117b4-1808-4a12-8ef4-ea1129aa0583" />
      <TestMethod codeBase="D:\actions-runner\_work\XPCO\XPCO\EventServer\GisMapCommunication\dotNet\VideoOS.GisMapCommunication.UnitTest\bin\Debug\net472\VideoOS.GisMapCommunication.UnitTest.dll" adapterTypeName="executor://mstestadapter/v2" className="VideoOS.GisMapCommunication.UnitTest.Mip.MipClientFactoryTest" name="TestCreate_MipClientCredentials_Success" />
    </UnitTest>
    <UnitTest name="TestClose_MultipleClient_Success" storage="d:\actions-runner\_work\xpco\xpco\eventserver\gismapcommunication\dotnet\videoos.gismapcommunication.unittest\bin\debug\net472\videoos.gismapcommunication.unittest.dll" id="0bc4c965-01de-084f-d431-89f206721121">
      <TestCategory>
        <TestCategoryItem TestCategory="Map" />
      </TestCategory>
      <Execution id="a16815f1-bc20-48ff-a70f-056d2fe51324" />
      <TestMethod codeBase="D:\actions-runner\_work\XPCO\XPCO\EventServer\GisMapCommunication\dotNet\VideoOS.GisMapCommunication.UnitTest\bin\Debug\net472\VideoOS.GisMapCommunication.UnitTest.dll" adapterTypeName="executor://mstestadapter/v2" className="VideoOS.GisMapCommunication.Map.UnitTest.MapClientManagerTest" name="TestClose_MultipleClient_Success" />
    </UnitTest>
    <UnitTest name="TestClose_MultipleClient_Success" storage="d:\actions-runner\_work\xpco\xpco\eventserver\gismapcommunication\dotnet\videoos.gismapcommunication.unittest\bin\debug\net472\videoos.gismapcommunication.unittest.dll" id="9731813b-199d-bfec-b5b7-4a1634aa5b31">
      <TestCategory>
        <TestCategoryItem TestCategory="Item" />
      </TestCategory>
      <Execution id="b6a5f162-092f-4acb-8b60-5d9822c0a458" />
      <TestMethod codeBase="D:\actions-runner\_work\XPCO\XPCO\EventServer\GisMapCommunication\dotNet\VideoOS.GisMapCommunication.UnitTest\bin\Debug\net472\VideoOS.GisMapCommunication.UnitTest.dll" adapterTypeName="executor://mstestadapter/v2" className="VideoOS.GisMapCommunication.Item.UnitTest.ItemClientManagerTest" name="TestClose_MultipleClient_Success" />
    </UnitTest>
    <UnitTest name="TestClient_Success" storage="d:\actions-runner\_work\xpco\xpco\eventserver\gismapcommunication\dotnet\videoos.gismapcommunication.unittest\bin\debug\net472\videoos.gismapcommunication.unittest.dll" id="d615a9df-5ce0-d5a6-d6a4-950839584128">
      <Execution id="cc9960f9-49f1-46be-b825-25a25b9f65ff" />
      <TestMethod codeBase="D:\actions-runner\_work\XPCO\XPCO\EventServer\GisMapCommunication\dotNet\VideoOS.GisMapCommunication.UnitTest\bin\Debug\net472\VideoOS.GisMapCommunication.UnitTest.dll" adapterTypeName="executor://mstestadapter/v2" className="VideoOS.GisMapCommunication.UnitTest.Map.MapClientTokenTest" name="TestClient_Success" />
    </UnitTest>
    <UnitTest name="TestMapClientCredentials_Success" storage="d:\actions-runner\_work\xpco\xpco\eventserver\gismapcommunication\dotnet\videoos.gismapcommunication.unittest\bin\debug\net472\videoos.gismapcommunication.unittest.dll" id="48d7116d-a928-8177-f629-2de97d58f671">
      <Execution id="eb29bfc4-a7b6-4a07-b58d-cfb170eb0a03" />
      <TestMethod codeBase="D:\actions-runner\_work\XPCO\XPCO\EventServer\GisMapCommunication\dotNet\VideoOS.GisMapCommunication.UnitTest\bin\Debug\net472\VideoOS.GisMapCommunication.UnitTest.dll" adapterTypeName="executor://mstestadapter/v2" className="VideoOS.GisMapCommunication.UnitTest.Map.MapClientCredentialsTest" name="TestMapClientCredentials_Success" />
    </UnitTest>
    <UnitTest name="Test_GetClient_GetMultipleCachedClient_Success" storage="d:\actions-runner\_work\xpco\xpco\eventserver\gismapcommunication\dotnet\videoos.gismapcommunication.unittest\bin\debug\net472\videoos.gismapcommunication.unittest.dll" id="4a93f656-64bc-262e-21f8-ed3075f294f0">
      <TestCategory>
        <TestCategoryItem TestCategory="Notification" />
      </TestCategory>
      <Execution id="fa1bd918-0b1d-4b3b-8f2d-39a5215d66ed" />
      <TestMethod codeBase="D:\actions-runner\_work\XPCO\XPCO\EventServer\GisMapCommunication\dotNet\VideoOS.GisMapCommunication.UnitTest\bin\Debug\net472\VideoOS.GisMapCommunication.UnitTest.dll" adapterTypeName="executor://mstestadapter/v2" className="VideoOS.GisMapCommunication.Notification.UnitTest.NotificationClientManagerTest" name="Test_GetClient_GetMultipleCachedClient_Success" />
    </UnitTest>
    <UnitTest name="Test_GetClient_GetMultipleCachedClient_Success" storage="d:\actions-runner\_work\xpco\xpco\eventserver\gismapcommunication\dotnet\videoos.gismapcommunication.unittest\bin\debug\net472\videoos.gismapcommunication.unittest.dll" id="82f33d74-d8a0-9b04-38fb-e0f71136916a">
      <TestCategory>
        <TestCategoryItem TestCategory="Map" />
      </TestCategory>
      <Execution id="32537467-7f37-4919-9049-13f6a467e0aa" />
      <TestMethod codeBase="D:\actions-runner\_work\XPCO\XPCO\EventServer\GisMapCommunication\dotNet\VideoOS.GisMapCommunication.UnitTest\bin\Debug\net472\VideoOS.GisMapCommunication.UnitTest.dll" adapterTypeName="executor://mstestadapter/v2" className="VideoOS.GisMapCommunication.Map.UnitTest.MapClientManagerTest" name="Test_GetClient_GetMultipleCachedClient_Success" />
    </UnitTest>
    <UnitTest name="TestGetClient_GetCachedClient_Success" storage="d:\actions-runner\_work\xpco\xpco\eventserver\gismapcommunication\dotnet\videoos.gismapcommunication.unittest\bin\debug\net472\videoos.gismapcommunication.unittest.dll" id="b9288525-84e3-42b5-141a-5644b9b7054a">
      <TestCategory>
        <TestCategoryItem TestCategory="Map" />
      </TestCategory>
      <Execution id="e064a3ff-ea44-41a2-80a0-46df99e8bd34" />
      <TestMethod codeBase="D:\actions-runner\_work\XPCO\XPCO\EventServer\GisMapCommunication\dotNet\VideoOS.GisMapCommunication.UnitTest\bin\Debug\net472\VideoOS.GisMapCommunication.UnitTest.dll" adapterTypeName="executor://mstestadapter/v2" className="VideoOS.GisMapCommunication.Map.UnitTest.MapClientManagerTest" name="TestGetClient_GetCachedClient_Success" />
    </UnitTest>
    <UnitTest name="TestAsyncClient_Success" storage="d:\actions-runner\_work\xpco\xpco\eventserver\gismapcommunication\dotnet\videoos.gismapcommunication.unittest\bin\debug\net472\videoos.gismapcommunication.unittest.dll" id="07053493-9cb1-6a68-d006-4b5d562b752b">
      <Execution id="10a1cfb1-b77e-4ca0-becf-9f848a477c9e" />
      <TestMethod codeBase="D:\actions-runner\_work\XPCO\XPCO\EventServer\GisMapCommunication\dotNet\VideoOS.GisMapCommunication.UnitTest\bin\Debug\net472\VideoOS.GisMapCommunication.UnitTest.dll" adapterTypeName="executor://mstestadapter/v2" className="VideoOS.GisMapCommunication.UnitTest.Map.MapClientTokenTest" name="TestAsyncClient_Success" />
    </UnitTest>
    <UnitTest name="TestGetClient_WithNoServerRegisteredAsNull_Fail" storage="d:\actions-runner\_work\xpco\xpco\eventserver\gismapcommunication\dotnet\videoos.gismapcommunication.unittest\bin\debug\net472\videoos.gismapcommunication.unittest.dll" id="297e4787-9465-4b92-68f7-a5954daa2ae5">
      <TestCategory>
        <TestCategoryItem TestCategory="Layer" />
      </TestCategory>
      <Execution id="05168adb-38f8-49fc-bd64-15b9088b10b3" />
      <TestMethod codeBase="D:\actions-runner\_work\XPCO\XPCO\EventServer\GisMapCommunication\dotNet\VideoOS.GisMapCommunication.UnitTest\bin\Debug\net472\VideoOS.GisMapCommunication.UnitTest.dll" adapterTypeName="executor://mstestadapter/v2" className="VideoOS.GisMapCommunication.Layer.UnitTest.LayerClientManagerTest" name="TestGetClient_WithNoServerRegisteredAsNull_Fail" />
    </UnitTest>
    <UnitTest name="TestAsyncClient_Success" storage="d:\actions-runner\_work\xpco\xpco\eventserver\gismapcommunication\dotnet\videoos.gismapcommunication.unittest\bin\debug\net472\videoos.gismapcommunication.unittest.dll" id="e3b5fee2-ed7b-5d17-efb2-211bee46aaa1">
      <Execution id="94c0e648-196c-47f6-9d39-79d1d3448124" />
      <TestMethod codeBase="D:\actions-runner\_work\XPCO\XPCO\EventServer\GisMapCommunication\dotNet\VideoOS.GisMapCommunication.UnitTest\bin\Debug\net472\VideoOS.GisMapCommunication.UnitTest.dll" adapterTypeName="executor://mstestadapter/v2" className="VideoOS.GisMapCommunication.UnitTest.Notification.NotificationClientTokenTest" name="TestAsyncClient_Success" />
    </UnitTest>
    <UnitTest name="TestCreate_MipClientToken_Success" storage="d:\actions-runner\_work\xpco\xpco\eventserver\gismapcommunication\dotnet\videoos.gismapcommunication.unittest\bin\debug\net472\videoos.gismapcommunication.unittest.dll" id="b6352426-7319-25ec-2f1a-2c2004d8d7de">
      <TestCategory>
        <TestCategoryItem TestCategory="Mip" />
      </TestCategory>
      <Execution id="9dd7031d-dd71-413f-8012-5f7979da1617" />
      <TestMethod codeBase="D:\actions-runner\_work\XPCO\XPCO\EventServer\GisMapCommunication\dotNet\VideoOS.GisMapCommunication.UnitTest\bin\Debug\net472\VideoOS.GisMapCommunication.UnitTest.dll" adapterTypeName="executor://mstestadapter/v2" className="VideoOS.GisMapCommunication.UnitTest.Mip.MipClientFactoryTest" name="TestCreate_MipClientToken_Success" />
    </UnitTest>
    <UnitTest name="TestGetClient_GetNonCachedClient_Success" storage="d:\actions-runner\_work\xpco\xpco\eventserver\gismapcommunication\dotnet\videoos.gismapcommunication.unittest\bin\debug\net472\videoos.gismapcommunication.unittest.dll" id="23059ccf-21b4-8191-eab1-5ce34b7ba3e0">
      <TestCategory>
        <TestCategoryItem TestCategory="Map" />
      </TestCategory>
      <Execution id="fb5838e5-3205-4e61-a675-159abb4ed7dd" />
      <TestMethod codeBase="D:\actions-runner\_work\XPCO\XPCO\EventServer\GisMapCommunication\dotNet\VideoOS.GisMapCommunication.UnitTest\bin\Debug\net472\VideoOS.GisMapCommunication.UnitTest.dll" adapterTypeName="executor://mstestadapter/v2" className="VideoOS.GisMapCommunication.Map.UnitTest.MapClientManagerTest" name="TestGetClient_GetNonCachedClient_Success" />
    </UnitTest>
    <UnitTest name="Test_GetClient_GetMultipleCachedClientWithDifferentReceiveTimeouts_Success" storage="d:\actions-runner\_work\xpco\xpco\eventserver\gismapcommunication\dotnet\videoos.gismapcommunication.unittest\bin\debug\net472\videoos.gismapcommunication.unittest.dll" id="219ef746-f11d-1219-a611-2411dbe33af2">
      <TestCategory>
        <TestCategoryItem TestCategory="Repository" />
      </TestCategory>
      <Execution id="a52d4e35-2537-4077-8d1c-d0972fab6544" />
      <TestMethod codeBase="D:\actions-runner\_work\XPCO\XPCO\EventServer\GisMapCommunication\dotNet\VideoOS.GisMapCommunication.UnitTest\bin\Debug\net472\VideoOS.GisMapCommunication.UnitTest.dll" adapterTypeName="executor://mstestadapter/v2" className="VideoOS.GisMapCommunication.Repository.UnitTest.RepositoryClientManagerTest" name="Test_GetClient_GetMultipleCachedClientWithDifferentReceiveTimeouts_Success" />
    </UnitTest>
    <UnitTest name="TestGetClient_GetNonCachedClient_Success" storage="d:\actions-runner\_work\xpco\xpco\eventserver\gismapcommunication\dotnet\videoos.gismapcommunication.unittest\bin\debug\net472\videoos.gismapcommunication.unittest.dll" id="327af9ee-40d5-418e-8afa-b51325fb21da">
      <TestCategory>
        <TestCategoryItem TestCategory="Item" />
      </TestCategory>
      <Execution id="c15026a1-e9fb-452a-b482-c086f56f0dc1" />
      <TestMethod codeBase="D:\actions-runner\_work\XPCO\XPCO\EventServer\GisMapCommunication\dotNet\VideoOS.GisMapCommunication.UnitTest\bin\Debug\net472\VideoOS.GisMapCommunication.UnitTest.dll" adapterTypeName="executor://mstestadapter/v2" className="VideoOS.GisMapCommunication.Item.UnitTest.ItemClientManagerTest" name="TestGetClient_GetNonCachedClient_Success" />
    </UnitTest>
    <UnitTest name="TestClose_CloseTwice_Success" storage="d:\actions-runner\_work\xpco\xpco\eventserver\gismapcommunication\dotnet\videoos.gismapcommunication.unittest\bin\debug\net472\videoos.gismapcommunication.unittest.dll" id="19f403b3-97e5-8c58-d1cb-c55a77168e01">
      <TestCategory>
        <TestCategoryItem TestCategory="Item" />
      </TestCategory>
      <Execution id="a8cc4e94-d23f-47ca-a1f9-f5034468a938" />
      <TestMethod codeBase="D:\actions-runner\_work\XPCO\XPCO\EventServer\GisMapCommunication\dotNet\VideoOS.GisMapCommunication.UnitTest\bin\Debug\net472\VideoOS.GisMapCommunication.UnitTest.dll" adapterTypeName="executor://mstestadapter/v2" className="VideoOS.GisMapCommunication.Item.UnitTest.ItemClientManagerTest" name="TestClose_CloseTwice_Success" />
    </UnitTest>
    <UnitTest name="TestGetClient_WithNoServerRegistered_Fail" storage="d:\actions-runner\_work\xpco\xpco\eventserver\gismapcommunication\dotnet\videoos.gismapcommunication.unittest\bin\debug\net472\videoos.gismapcommunication.unittest.dll" id="d413f119-0d57-cdd7-e784-54d016c3a144">
      <TestCategory>
        <TestCategoryItem TestCategory="Mip" />
      </TestCategory>
      <Execution id="735414a3-413b-479b-aa1c-b2ace68c961e" />
      <TestMethod codeBase="D:\actions-runner\_work\XPCO\XPCO\EventServer\GisMapCommunication\dotNet\VideoOS.GisMapCommunication.UnitTest\bin\Debug\net472\VideoOS.GisMapCommunication.UnitTest.dll" adapterTypeName="executor://mstestadapter/v2" className="VideoOS.GisMapCommunication.Mip.UnitTest.MipClientManagerTest" name="TestGetClient_WithNoServerRegistered_Fail" />
    </UnitTest>
    <UnitTest name="TestAsyncNotificationClientCredentials_Success" storage="d:\actions-runner\_work\xpco\xpco\eventserver\gismapcommunication\dotnet\videoos.gismapcommunication.unittest\bin\debug\net472\videoos.gismapcommunication.unittest.dll" id="289af091-126f-57b1-340c-c2f2e2ac5510">
      <Execution id="ae992094-aa52-457a-a70d-f806b992f708" />
      <TestMethod codeBase="D:\actions-runner\_work\XPCO\XPCO\EventServer\GisMapCommunication\dotNet\VideoOS.GisMapCommunication.UnitTest\bin\Debug\net472\VideoOS.GisMapCommunication.UnitTest.dll" adapterTypeName="executor://mstestadapter/v2" className="VideoOS.GisMapCommunication.UnitTest.Notification.NotificationClientCredentialsTest" name="TestAsyncNotificationClientCredentials_Success" />
    </UnitTest>
    <UnitTest name="TestClose_CloseTwice_Success" storage="d:\actions-runner\_work\xpco\xpco\eventserver\gismapcommunication\dotnet\videoos.gismapcommunication.unittest\bin\debug\net472\videoos.gismapcommunication.unittest.dll" id="16fb6384-0e27-434c-f241-634eb05ad9c6">
      <TestCategory>
        <TestCategoryItem TestCategory="Map" />
      </TestCategory>
      <Execution id="7860be90-7ef0-499c-a40f-ce7e5e741d2f" />
      <TestMethod codeBase="D:\actions-runner\_work\XPCO\XPCO\EventServer\GisMapCommunication\dotNet\VideoOS.GisMapCommunication.UnitTest\bin\Debug\net472\VideoOS.GisMapCommunication.UnitTest.dll" adapterTypeName="executor://mstestadapter/v2" className="VideoOS.GisMapCommunication.Map.UnitTest.MapClientManagerTest" name="TestClose_CloseTwice_Success" />
    </UnitTest>
    <UnitTest name="Test_GetClient_GetMultipleCachedClientWithDifferentReceiveTimeouts_Success" storage="d:\actions-runner\_work\xpco\xpco\eventserver\gismapcommunication\dotnet\videoos.gismapcommunication.unittest\bin\debug\net472\videoos.gismapcommunication.unittest.dll" id="bfc6d2ea-0716-de7c-6df6-0880c1ec4cbc">
      <TestCategory>
        <TestCategoryItem TestCategory="Item" />
      </TestCategory>
      <Execution id="7be50cd2-ae56-4eab-94e5-1f767bdc53c2" />
      <TestMethod codeBase="D:\actions-runner\_work\XPCO\XPCO\EventServer\GisMapCommunication\dotNet\VideoOS.GisMapCommunication.UnitTest\bin\Debug\net472\VideoOS.GisMapCommunication.UnitTest.dll" adapterTypeName="executor://mstestadapter/v2" className="VideoOS.GisMapCommunication.Item.UnitTest.ItemClientManagerTest" name="Test_GetClient_GetMultipleCachedClientWithDifferentReceiveTimeouts_Success" />
    </UnitTest>
    <UnitTest name="TestGetClient_GetCachedClient_Success" storage="d:\actions-runner\_work\xpco\xpco\eventserver\gismapcommunication\dotnet\videoos.gismapcommunication.unittest\bin\debug\net472\videoos.gismapcommunication.unittest.dll" id="5b3022bb-b2c3-5b94-da53-22028f038b41">
      <TestCategory>
        <TestCategoryItem TestCategory="Mip" />
      </TestCategory>
      <Execution id="f9ca5396-994e-475e-bda1-bb0be9d96289" />
      <TestMethod codeBase="D:\actions-runner\_work\XPCO\XPCO\EventServer\GisMapCommunication\dotNet\VideoOS.GisMapCommunication.UnitTest\bin\Debug\net472\VideoOS.GisMapCommunication.UnitTest.dll" adapterTypeName="executor://mstestadapter/v2" className="VideoOS.GisMapCommunication.Mip.UnitTest.MipClientManagerTest" name="TestGetClient_GetCachedClient_Success" />
    </UnitTest>
    <UnitTest name="TestAsyncClient_Success" storage="d:\actions-runner\_work\xpco\xpco\eventserver\gismapcommunication\dotnet\videoos.gismapcommunication.unittest\bin\debug\net472\videoos.gismapcommunication.unittest.dll" id="858ba8da-fc3a-f4f0-5b43-8312c322e899">
      <Execution id="db59834e-0d80-495a-b574-a0afe257dfb9" />
      <TestMethod codeBase="D:\actions-runner\_work\XPCO\XPCO\EventServer\GisMapCommunication\dotNet\VideoOS.GisMapCommunication.UnitTest\bin\Debug\net472\VideoOS.GisMapCommunication.UnitTest.dll" adapterTypeName="executor://mstestadapter/v2" className="VideoOS.GisMapCommunication.UnitTest.Repository.RepositoryClientTokenTest" name="TestAsyncClient_Success" />
    </UnitTest>
    <UnitTest name="TestConstructor_Success" storage="d:\actions-runner\_work\xpco\xpco\eventserver\gismapcommunication\dotnet\videoos.gismapcommunication.unittest\bin\debug\net472\videoos.gismapcommunication.unittest.dll" id="c3a859ab-8e6b-4d05-5dd7-f996aa4ff995">
      <TestCategory>
        <TestCategoryItem TestCategory="Mip" />
      </TestCategory>
      <Execution id="857f00b4-91f0-4601-91c6-ca3e939afab0" />
      <TestMethod codeBase="D:\actions-runner\_work\XPCO\XPCO\EventServer\GisMapCommunication\dotNet\VideoOS.GisMapCommunication.UnitTest\bin\Debug\net472\VideoOS.GisMapCommunication.UnitTest.dll" adapterTypeName="executor://mstestadapter/v2" className="VideoOS.GisMapCommunication.Mip.UnitTest.MipClientManagerTest" name="TestConstructor_Success" />
    </UnitTest>
    <UnitTest name="Test_GetClient_GetMultipleCachedClientWithDifferentReceiveTimeouts_Success" storage="d:\actions-runner\_work\xpco\xpco\eventserver\gismapcommunication\dotnet\videoos.gismapcommunication.unittest\bin\debug\net472\videoos.gismapcommunication.unittest.dll" id="9851a7b2-19c5-495c-97ac-06a5139c7ffb">
      <TestCategory>
        <TestCategoryItem TestCategory="Layer" />
      </TestCategory>
      <Execution id="0d2d53bc-461d-4c1b-bd30-01e5783bc085" />
      <TestMethod codeBase="D:\actions-runner\_work\XPCO\XPCO\EventServer\GisMapCommunication\dotNet\VideoOS.GisMapCommunication.UnitTest\bin\Debug\net472\VideoOS.GisMapCommunication.UnitTest.dll" adapterTypeName="executor://mstestadapter/v2" className="VideoOS.GisMapCommunication.Layer.UnitTest.LayerClientManagerTest" name="Test_GetClient_GetMultipleCachedClientWithDifferentReceiveTimeouts_Success" />
    </UnitTest>
    <UnitTest name="TestGetClient_GetCachedClient_Success" storage="d:\actions-runner\_work\xpco\xpco\eventserver\gismapcommunication\dotnet\videoos.gismapcommunication.unittest\bin\debug\net472\videoos.gismapcommunication.unittest.dll" id="eec54e20-b022-f8f3-ccae-9d4abdfad013">
      <TestCategory>
        <TestCategoryItem TestCategory="Item" />
      </TestCategory>
      <Execution id="d6e53318-78da-46ff-9a28-8a19ddc1182b" />
      <TestMethod codeBase="D:\actions-runner\_work\XPCO\XPCO\EventServer\GisMapCommunication\dotNet\VideoOS.GisMapCommunication.UnitTest\bin\Debug\net472\VideoOS.GisMapCommunication.UnitTest.dll" adapterTypeName="executor://mstestadapter/v2" className="VideoOS.GisMapCommunication.Item.UnitTest.ItemClientManagerTest" name="TestGetClient_GetCachedClient_Success" />
    </UnitTest>
    <UnitTest name="TestClose_CloseTwice_Success" storage="d:\actions-runner\_work\xpco\xpco\eventserver\gismapcommunication\dotnet\videoos.gismapcommunication.unittest\bin\debug\net472\videoos.gismapcommunication.unittest.dll" id="0b2fe012-5616-3eb7-1b1e-bb34f5ba605e">
      <TestCategory>
        <TestCategoryItem TestCategory="Notification" />
      </TestCategory>
      <Execution id="8f760c74-0a35-4c9c-b160-5e00f45e585c" />
      <TestMethod codeBase="D:\actions-runner\_work\XPCO\XPCO\EventServer\GisMapCommunication\dotNet\VideoOS.GisMapCommunication.UnitTest\bin\Debug\net472\VideoOS.GisMapCommunication.UnitTest.dll" adapterTypeName="executor://mstestadapter/v2" className="VideoOS.GisMapCommunication.Notification.UnitTest.NotificationClientManagerTest" name="TestClose_CloseTwice_Success" />
    </UnitTest>
    <UnitTest name="TestClient_Success" storage="d:\actions-runner\_work\xpco\xpco\eventserver\gismapcommunication\dotnet\videoos.gismapcommunication.unittest\bin\debug\net472\videoos.gismapcommunication.unittest.dll" id="e280c4e7-4a10-1168-dd83-8f0b7008250e">
      <Execution id="44092abb-e106-4cbe-8427-c79dcbfa6831" />
      <TestMethod codeBase="D:\actions-runner\_work\XPCO\XPCO\EventServer\GisMapCommunication\dotNet\VideoOS.GisMapCommunication.UnitTest\bin\Debug\net472\VideoOS.GisMapCommunication.UnitTest.dll" adapterTypeName="executor://mstestadapter/v2" className="VideoOS.GisMapCommunication.UnitTest.Notification.NotificationClientTokenTest" name="TestClient_Success" />
    </UnitTest>
    <UnitTest name="TestClose_CloseOnce_Success" storage="d:\actions-runner\_work\xpco\xpco\eventserver\gismapcommunication\dotnet\videoos.gismapcommunication.unittest\bin\debug\net472\videoos.gismapcommunication.unittest.dll" id="34af3884-ad99-f959-9da1-cb1026d31a32">
      <TestCategory>
        <TestCategoryItem TestCategory="Map" />
      </TestCategory>
      <Execution id="7508a54a-c9ba-4662-b2a9-5c5e6f5b8438" />
      <TestMethod codeBase="D:\actions-runner\_work\XPCO\XPCO\EventServer\GisMapCommunication\dotNet\VideoOS.GisMapCommunication.UnitTest\bin\Debug\net472\VideoOS.GisMapCommunication.UnitTest.dll" adapterTypeName="executor://mstestadapter/v2" className="VideoOS.GisMapCommunication.Map.UnitTest.MapClientManagerTest" name="TestClose_CloseOnce_Success" />
    </UnitTest>
    <UnitTest name="TestGetClient_NotificationClientToken_Success" storage="d:\actions-runner\_work\xpco\xpco\eventserver\gismapcommunication\dotnet\videoos.gismapcommunication.unittest\bin\debug\net472\videoos.gismapcommunication.unittest.dll" id="8a1b3128-18da-bfe8-655e-64aa614f3093">
      <TestCategory>
        <TestCategoryItem TestCategory="Repository" />
      </TestCategory>
      <Execution id="966648bf-a47a-406f-941d-3df03b07526f" />
      <TestMethod codeBase="D:\actions-runner\_work\XPCO\XPCO\EventServer\GisMapCommunication\dotNet\VideoOS.GisMapCommunication.UnitTest\bin\Debug\net472\VideoOS.GisMapCommunication.UnitTest.dll" adapterTypeName="executor://mstestadapter/v2" className="VideoOS.GisMapCommunication.Repository.UnitTest.RepositoryClientManagerTest" name="TestGetClient_NotificationClientToken_Success" />
    </UnitTest>
    <UnitTest name="TestCreate_LayerClientToken_Success" storage="d:\actions-runner\_work\xpco\xpco\eventserver\gismapcommunication\dotnet\videoos.gismapcommunication.unittest\bin\debug\net472\videoos.gismapcommunication.unittest.dll" id="592e081f-1a2e-7f86-0490-b04c1a50880c">
      <TestCategory>
        <TestCategoryItem TestCategory="Layer" />
      </TestCategory>
      <Execution id="fdd696a8-e70d-4469-9679-6979eb4f986e" />
      <TestMethod codeBase="D:\actions-runner\_work\XPCO\XPCO\EventServer\GisMapCommunication\dotNet\VideoOS.GisMapCommunication.UnitTest\bin\Debug\net472\VideoOS.GisMapCommunication.UnitTest.dll" adapterTypeName="executor://mstestadapter/v2" className="VideoOS.GisMapCommunication.UnitTest.Layer.LayerClientFactoryTest" name="TestCreate_LayerClientToken_Success" />
    </UnitTest>
    <UnitTest name="TestGetClient_GetCachedClient_Success" storage="d:\actions-runner\_work\xpco\xpco\eventserver\gismapcommunication\dotnet\videoos.gismapcommunication.unittest\bin\debug\net472\videoos.gismapcommunication.unittest.dll" id="8927ffc0-4be1-3da7-d242-646addc1e0d6">
      <TestCategory>
        <TestCategoryItem TestCategory="Notification" />
      </TestCategory>
      <Execution id="8f88c124-034b-4e93-a379-d3641e523260" />
      <TestMethod codeBase="D:\actions-runner\_work\XPCO\XPCO\EventServer\GisMapCommunication\dotNet\VideoOS.GisMapCommunication.UnitTest\bin\Debug\net472\VideoOS.GisMapCommunication.UnitTest.dll" adapterTypeName="executor://mstestadapter/v2" className="VideoOS.GisMapCommunication.Notification.UnitTest.NotificationClientManagerTest" name="TestGetClient_GetCachedClient_Success" />
    </UnitTest>
    <UnitTest name="TestGetClient_GetNonCachedClient_Success" storage="d:\actions-runner\_work\xpco\xpco\eventserver\gismapcommunication\dotnet\videoos.gismapcommunication.unittest\bin\debug\net472\videoos.gismapcommunication.unittest.dll" id="1b6aa7df-c1bc-626b-8016-41ad17805204">
      <TestCategory>
        <TestCategoryItem TestCategory="Building" />
      </TestCategory>
      <Execution id="7c75b201-254e-4dfe-913d-4ccdc72daac1" />
      <TestMethod codeBase="D:\actions-runner\_work\XPCO\XPCO\EventServer\GisMapCommunication\dotNet\VideoOS.GisMapCommunication.UnitTest\bin\Debug\net472\VideoOS.GisMapCommunication.UnitTest.dll" adapterTypeName="executor://mstestadapter/v2" className="VideoOS.GisMapCommunication.Building.UnitTest.BuildingClientManagerTest" name="TestGetClient_GetNonCachedClient_Success" />
    </UnitTest>
    <UnitTest name="TestGetClient_WithNoServerRegisteredAsNull_Fail" storage="d:\actions-runner\_work\xpco\xpco\eventserver\gismapcommunication\dotnet\videoos.gismapcommunication.unittest\bin\debug\net472\videoos.gismapcommunication.unittest.dll" id="24aae371-9957-5ed8-e002-170677faf9d3">
      <TestCategory>
        <TestCategoryItem TestCategory="Item" />
      </TestCategory>
      <Execution id="1136c07f-ba26-45ab-a089-c22f4751dfc9" />
      <TestMethod codeBase="D:\actions-runner\_work\XPCO\XPCO\EventServer\GisMapCommunication\dotNet\VideoOS.GisMapCommunication.UnitTest\bin\Debug\net472\VideoOS.GisMapCommunication.UnitTest.dll" adapterTypeName="executor://mstestadapter/v2" className="VideoOS.GisMapCommunication.Item.UnitTest.ItemClientManagerTest" name="TestGetClient_WithNoServerRegisteredAsNull_Fail" />
    </UnitTest>
    <UnitTest name="TestHandleFaultException_MapCommandException_Success" storage="d:\actions-runner\_work\xpco\xpco\eventserver\gismapcommunication\dotnet\videoos.gismapcommunication.unittest\bin\debug\net472\videoos.gismapcommunication.unittest.dll" id="04ed8a62-1756-f799-3c7a-938a74b57e75">
      <TestCategory>
        <TestCategoryItem TestCategory="Exceptions" />
      </TestCategory>
      <Execution id="cdc59147-60cb-4073-94bc-49f75b0dabdd" />
      <TestMethod codeBase="D:\actions-runner\_work\XPCO\XPCO\EventServer\GisMapCommunication\dotNet\VideoOS.GisMapCommunication.UnitTest\bin\Debug\net472\VideoOS.GisMapCommunication.UnitTest.dll" adapterTypeName="executor://mstestadapter/v2" className="VideoOS.GisMapCommunication.UnitTest.Exceptions.FaultExceptionHandlerTest" name="TestHandleFaultException_MapCommandException_Success" />
    </UnitTest>
    <UnitTest name="TestGetClient_WithNoServerRegisteredAsNull_Fail" storage="d:\actions-runner\_work\xpco\xpco\eventserver\gismapcommunication\dotnet\videoos.gismapcommunication.unittest\bin\debug\net472\videoos.gismapcommunication.unittest.dll" id="7180a90e-40b2-f131-51e2-3a140e7eff9b">
      <TestCategory>
        <TestCategoryItem TestCategory="Building" />
      </TestCategory>
      <Execution id="2fe6dded-5d4f-425c-8517-70634302a50e" />
      <TestMethod codeBase="D:\actions-runner\_work\XPCO\XPCO\EventServer\GisMapCommunication\dotNet\VideoOS.GisMapCommunication.UnitTest\bin\Debug\net472\VideoOS.GisMapCommunication.UnitTest.dll" adapterTypeName="executor://mstestadapter/v2" className="VideoOS.GisMapCommunication.Building.UnitTest.BuildingClientManagerTest" name="TestGetClient_WithNoServerRegisteredAsNull_Fail" />
    </UnitTest>
    <UnitTest name="TestGetClient_GetNonCachedClient_Success" storage="d:\actions-runner\_work\xpco\xpco\eventserver\gismapcommunication\dotnet\videoos.gismapcommunication.unittest\bin\debug\net472\videoos.gismapcommunication.unittest.dll" id="28e552f1-a8b9-8f81-b50e-bc47a81b0c7b">
      <TestCategory>
        <TestCategoryItem TestCategory="Mip" />
      </TestCategory>
      <Execution id="2809965f-bf7d-4af1-b4dd-13673ccddf86" />
      <TestMethod codeBase="D:\actions-runner\_work\XPCO\XPCO\EventServer\GisMapCommunication\dotNet\VideoOS.GisMapCommunication.UnitTest\bin\Debug\net472\VideoOS.GisMapCommunication.UnitTest.dll" adapterTypeName="executor://mstestadapter/v2" className="VideoOS.GisMapCommunication.Mip.UnitTest.MipClientManagerTest" name="TestGetClient_GetNonCachedClient_Success" />
    </UnitTest>
    <UnitTest name="TestGetClient_GetMultipleClient_Success" storage="d:\actions-runner\_work\xpco\xpco\eventserver\gismapcommunication\dotnet\videoos.gismapcommunication.unittest\bin\debug\net472\videoos.gismapcommunication.unittest.dll" id="3e5de2f7-7911-95e7-ba4a-0eb8424b6462">
      <TestCategory>
        <TestCategoryItem TestCategory="Map" />
      </TestCategory>
      <Execution id="7ab165de-f788-470f-86a5-5a9941a0651e" />
      <TestMethod codeBase="D:\actions-runner\_work\XPCO\XPCO\EventServer\GisMapCommunication\dotNet\VideoOS.GisMapCommunication.UnitTest\bin\Debug\net472\VideoOS.GisMapCommunication.UnitTest.dll" adapterTypeName="executor://mstestadapter/v2" className="VideoOS.GisMapCommunication.Map.UnitTest.MapClientManagerTest" name="TestGetClient_GetMultipleClient_Success" />
    </UnitTest>
    <UnitTest name="TestGetClient_GetNonCachedClient_Success" storage="d:\actions-runner\_work\xpco\xpco\eventserver\gismapcommunication\dotnet\videoos.gismapcommunication.unittest\bin\debug\net472\videoos.gismapcommunication.unittest.dll" id="885a4290-fd58-3181-1df1-11257f9507bd">
      <TestCategory>
        <TestCategoryItem TestCategory="Notification" />
      </TestCategory>
      <Execution id="1dd2ccd3-2600-4c0b-b3e3-796f971a214a" />
      <TestMethod codeBase="D:\actions-runner\_work\XPCO\XPCO\EventServer\GisMapCommunication\dotNet\VideoOS.GisMapCommunication.UnitTest\bin\Debug\net472\VideoOS.GisMapCommunication.UnitTest.dll" adapterTypeName="executor://mstestadapter/v2" className="VideoOS.GisMapCommunication.Notification.UnitTest.NotificationClientManagerTest" name="TestGetClient_GetNonCachedClient_Success" />
    </UnitTest>
    <UnitTest name="TestGetClient_WithNoServerRegisteredWithEmptyURIArrayAsNull_Fail" storage="d:\actions-runner\_work\xpco\xpco\eventserver\gismapcommunication\dotnet\videoos.gismapcommunication.unittest\bin\debug\net472\videoos.gismapcommunication.unittest.dll" id="acee5037-809a-c829-fdeb-5b9df043ee2c">
      <TestCategory>
        <TestCategoryItem TestCategory="Notification" />
      </TestCategory>
      <Execution id="df65a903-329b-4dcd-a50b-710fb6616166" />
      <TestMethod codeBase="D:\actions-runner\_work\XPCO\XPCO\EventServer\GisMapCommunication\dotNet\VideoOS.GisMapCommunication.UnitTest\bin\Debug\net472\VideoOS.GisMapCommunication.UnitTest.dll" adapterTypeName="executor://mstestadapter/v2" className="VideoOS.GisMapCommunication.Notification.UnitTest.NotificationClientManagerTest" name="TestGetClient_WithNoServerRegisteredWithEmptyURIArrayAsNull_Fail" />
    </UnitTest>
    <UnitTest name="TestGetClient_WithNoServerRegisteredWithEmptyURIArray_Fail" storage="d:\actions-runner\_work\xpco\xpco\eventserver\gismapcommunication\dotnet\videoos.gismapcommunication.unittest\bin\debug\net472\videoos.gismapcommunication.unittest.dll" id="8bd4fc99-bd14-e9bd-d495-034b5c69919e">
      <TestCategory>
        <TestCategoryItem TestCategory="Repository" />
      </TestCategory>
      <Execution id="6af92d84-b3f3-457c-a2c6-2b5a675fab9c" />
      <TestMethod codeBase="D:\actions-runner\_work\XPCO\XPCO\EventServer\GisMapCommunication\dotNet\VideoOS.GisMapCommunication.UnitTest\bin\Debug\net472\VideoOS.GisMapCommunication.UnitTest.dll" adapterTypeName="executor://mstestadapter/v2" className="VideoOS.GisMapCommunication.Repository.UnitTest.RepositoryClientManagerTest" name="TestGetClient_WithNoServerRegisteredWithEmptyURIArray_Fail" />
    </UnitTest>
    <UnitTest name="TestCreate_NotificationClientCredentials_Success" storage="d:\actions-runner\_work\xpco\xpco\eventserver\gismapcommunication\dotnet\videoos.gismapcommunication.unittest\bin\debug\net472\videoos.gismapcommunication.unittest.dll" id="b423586e-27a5-08bc-6c8f-11bc6ce587bc">
      <TestCategory>
        <TestCategoryItem TestCategory="Notification" />
      </TestCategory>
      <Execution id="08241942-ed13-4417-9506-c9fb99dc5d42" />
      <TestMethod codeBase="D:\actions-runner\_work\XPCO\XPCO\EventServer\GisMapCommunication\dotNet\VideoOS.GisMapCommunication.UnitTest\bin\Debug\net472\VideoOS.GisMapCommunication.UnitTest.dll" adapterTypeName="executor://mstestadapter/v2" className="VideoOS.GisMapCommunication.UnitTest.Notification.NotificationClientFactoryTest" name="TestCreate_NotificationClientCredentials_Success" />
    </UnitTest>
    <UnitTest name="TestConstructor_Success" storage="d:\actions-runner\_work\xpco\xpco\eventserver\gismapcommunication\dotnet\videoos.gismapcommunication.unittest\bin\debug\net472\videoos.gismapcommunication.unittest.dll" id="635b136f-622c-d61f-2f94-21d80e8cc558">
      <TestCategory>
        <TestCategoryItem TestCategory="Repository" />
      </TestCategory>
      <Execution id="0e4f0621-a5da-4c0c-89fa-df2434c316ba" />
      <TestMethod codeBase="D:\actions-runner\_work\XPCO\XPCO\EventServer\GisMapCommunication\dotNet\VideoOS.GisMapCommunication.UnitTest\bin\Debug\net472\VideoOS.GisMapCommunication.UnitTest.dll" adapterTypeName="executor://mstestadapter/v2" className="VideoOS.GisMapCommunication.Repository.UnitTest.RepositoryClientManagerTest" name="TestConstructor_Success" />
    </UnitTest>
    <UnitTest name="TestCreate_RepositoryClientCredentials_Success" storage="d:\actions-runner\_work\xpco\xpco\eventserver\gismapcommunication\dotnet\videoos.gismapcommunication.unittest\bin\debug\net472\videoos.gismapcommunication.unittest.dll" id="f3bf958b-b2ff-3e99-89ee-6edc24d25651">
      <TestCategory>
        <TestCategoryItem TestCategory="Repository" />
      </TestCategory>
      <Execution id="0194791e-7493-457c-a5e9-84bc7325c631" />
      <TestMethod codeBase="D:\actions-runner\_work\XPCO\XPCO\EventServer\GisMapCommunication\dotNet\VideoOS.GisMapCommunication.UnitTest\bin\Debug\net472\VideoOS.GisMapCommunication.UnitTest.dll" adapterTypeName="executor://mstestadapter/v2" className="VideoOS.GisMapCommunication.UnitTest.Repository.RepositoryClientFactoryTest" name="TestCreate_RepositoryClientCredentials_Success" />
    </UnitTest>
    <UnitTest name="TestGetClient_WithNoServerRegisteredWithEmptyURIArrayAsNull_Fail" storage="d:\actions-runner\_work\xpco\xpco\eventserver\gismapcommunication\dotnet\videoos.gismapcommunication.unittest\bin\debug\net472\videoos.gismapcommunication.unittest.dll" id="050f4a7a-b219-d36e-3144-81169ed063cd">
      <TestCategory>
        <TestCategoryItem TestCategory="Building" />
      </TestCategory>
      <Execution id="e77798c1-e22e-4f12-8818-69cee3680755" />
      <TestMethod codeBase="D:\actions-runner\_work\XPCO\XPCO\EventServer\GisMapCommunication\dotNet\VideoOS.GisMapCommunication.UnitTest\bin\Debug\net472\VideoOS.GisMapCommunication.UnitTest.dll" adapterTypeName="executor://mstestadapter/v2" className="VideoOS.GisMapCommunication.Building.UnitTest.BuildingClientManagerTest" name="TestGetClient_WithNoServerRegisteredWithEmptyURIArrayAsNull_Fail" />
    </UnitTest>
    <UnitTest name="TestCreate_NoLoginSettings_Fail" storage="d:\actions-runner\_work\xpco\xpco\eventserver\gismapcommunication\dotnet\videoos.gismapcommunication.unittest\bin\debug\net472\videoos.gismapcommunication.unittest.dll" id="2134bfe7-96b0-f08c-9072-5b1ee5a2b410">
      <TestCategory>
        <TestCategoryItem TestCategory="Building" />
      </TestCategory>
      <Execution id="c7dd847f-3c06-41a7-818b-1456927d932a" />
      <TestMethod codeBase="D:\actions-runner\_work\XPCO\XPCO\EventServer\GisMapCommunication\dotNet\VideoOS.GisMapCommunication.UnitTest\bin\Debug\net472\VideoOS.GisMapCommunication.UnitTest.dll" adapterTypeName="executor://mstestadapter/v2" className="VideoOS.GisMapCommunication.UnitTest.Building.BuildingClientFactoryTest" name="TestCreate_NoLoginSettings_Fail" />
    </UnitTest>
    <UnitTest name="TestAsyncRepositoryClientCredentials_Success" storage="d:\actions-runner\_work\xpco\xpco\eventserver\gismapcommunication\dotnet\videoos.gismapcommunication.unittest\bin\debug\net472\videoos.gismapcommunication.unittest.dll" id="d6d7bc8e-165a-c728-9e51-0d43fdc565a0">
      <Execution id="83b5fcf6-fd7c-449f-aed2-a27e100e57fa" />
      <TestMethod codeBase="D:\actions-runner\_work\XPCO\XPCO\EventServer\GisMapCommunication\dotNet\VideoOS.GisMapCommunication.UnitTest\bin\Debug\net472\VideoOS.GisMapCommunication.UnitTest.dll" adapterTypeName="executor://mstestadapter/v2" className="VideoOS.GisMapCommunication.UnitTest.Repository.RepositoryClientCredentialsTest" name="TestAsyncRepositoryClientCredentials_Success" />
    </UnitTest>
    <UnitTest name="TestCreate_ItemClientToken_Success" storage="d:\actions-runner\_work\xpco\xpco\eventserver\gismapcommunication\dotnet\videoos.gismapcommunication.unittest\bin\debug\net472\videoos.gismapcommunication.unittest.dll" id="36bbe793-5372-a545-6086-56bb60ba7f28">
      <TestCategory>
        <TestCategoryItem TestCategory="Item" />
      </TestCategory>
      <Execution id="e60e6f48-fae8-414f-b4e5-662b9d547419" />
      <TestMethod codeBase="D:\actions-runner\_work\XPCO\XPCO\EventServer\GisMapCommunication\dotNet\VideoOS.GisMapCommunication.UnitTest\bin\Debug\net472\VideoOS.GisMapCommunication.UnitTest.dll" adapterTypeName="executor://mstestadapter/v2" className="VideoOS.GisMapCommunication.UnitTest.Item.ItemClientFactoryTest" name="TestCreate_ItemClientToken_Success" />
    </UnitTest>
    <UnitTest name="TestGetClient_WithNoServerRegisteredAsNull_Fail" storage="d:\actions-runner\_work\xpco\xpco\eventserver\gismapcommunication\dotnet\videoos.gismapcommunication.unittest\bin\debug\net472\videoos.gismapcommunication.unittest.dll" id="0cdf9122-1237-9d1b-cbaa-ef1344e8e162">
      <TestCategory>
        <TestCategoryItem TestCategory="Notification" />
      </TestCategory>
      <Execution id="98efd09e-4dde-44e2-acbd-951a905fc3fd" />
      <TestMethod codeBase="D:\actions-runner\_work\XPCO\XPCO\EventServer\GisMapCommunication\dotNet\VideoOS.GisMapCommunication.UnitTest\bin\Debug\net472\VideoOS.GisMapCommunication.UnitTest.dll" adapterTypeName="executor://mstestadapter/v2" className="VideoOS.GisMapCommunication.Notification.UnitTest.NotificationClientManagerTest" name="TestGetClient_WithNoServerRegisteredAsNull_Fail" />
    </UnitTest>
    <UnitTest name="TestCreate_BuildingClientCredentials_Success" storage="d:\actions-runner\_work\xpco\xpco\eventserver\gismapcommunication\dotnet\videoos.gismapcommunication.unittest\bin\debug\net472\videoos.gismapcommunication.unittest.dll" id="05bf76cb-043d-d241-7a36-17e17281386e">
      <TestCategory>
        <TestCategoryItem TestCategory="Building" />
      </TestCategory>
      <Execution id="e0ea5110-6824-4754-a10b-02059295cbcc" />
      <TestMethod codeBase="D:\actions-runner\_work\XPCO\XPCO\EventServer\GisMapCommunication\dotNet\VideoOS.GisMapCommunication.UnitTest\bin\Debug\net472\VideoOS.GisMapCommunication.UnitTest.dll" adapterTypeName="executor://mstestadapter/v2" className="VideoOS.GisMapCommunication.UnitTest.Building.BuildingClientFactoryTest" name="TestCreate_BuildingClientCredentials_Success" />
    </UnitTest>
    <UnitTest name="TestLayerClientCredentials_Success" storage="d:\actions-runner\_work\xpco\xpco\eventserver\gismapcommunication\dotnet\videoos.gismapcommunication.unittest\bin\debug\net472\videoos.gismapcommunication.unittest.dll" id="7760ae8d-88d7-8368-ea7f-77e2e74a1681">
      <Execution id="c7022373-d5e0-4797-9401-533cf12236c8" />
      <TestMethod codeBase="D:\actions-runner\_work\XPCO\XPCO\EventServer\GisMapCommunication\dotNet\VideoOS.GisMapCommunication.UnitTest\bin\Debug\net472\VideoOS.GisMapCommunication.UnitTest.dll" adapterTypeName="executor://mstestadapter/v2" className="VideoOS.GisMapCommunication.UnitTest.Layer.LayerClientCredentialsTest" name="TestLayerClientCredentials_Success" />
    </UnitTest>
    <UnitTest name="TestGetClient_WithNoServerRegisteredWithEmptyURIArrayAsNull_Fail" storage="d:\actions-runner\_work\xpco\xpco\eventserver\gismapcommunication\dotnet\videoos.gismapcommunication.unittest\bin\debug\net472\videoos.gismapcommunication.unittest.dll" id="6e72a782-2cfa-a18a-6b53-954bc1f77788">
      <TestCategory>
        <TestCategoryItem TestCategory="Item" />
      </TestCategory>
      <Execution id="57ab4cb2-159e-4f53-b83d-b903aafa964b" />
      <TestMethod codeBase="D:\actions-runner\_work\XPCO\XPCO\EventServer\GisMapCommunication\dotNet\VideoOS.GisMapCommunication.UnitTest\bin\Debug\net472\VideoOS.GisMapCommunication.UnitTest.dll" adapterTypeName="executor://mstestadapter/v2" className="VideoOS.GisMapCommunication.Item.UnitTest.ItemClientManagerTest" name="TestGetClient_WithNoServerRegisteredWithEmptyURIArrayAsNull_Fail" />
    </UnitTest>
    <UnitTest name="TestCreate_BuildingClientToken_Success" storage="d:\actions-runner\_work\xpco\xpco\eventserver\gismapcommunication\dotnet\videoos.gismapcommunication.unittest\bin\debug\net472\videoos.gismapcommunication.unittest.dll" id="4b292c01-681b-0456-9b90-ad6ff831f508">
      <TestCategory>
        <TestCategoryItem TestCategory="Building" />
      </TestCategory>
      <Execution id="9a3e6db7-78d8-4290-9876-29c8321a61c6" />
      <TestMethod codeBase="D:\actions-runner\_work\XPCO\XPCO\EventServer\GisMapCommunication\dotNet\VideoOS.GisMapCommunication.UnitTest\bin\Debug\net472\VideoOS.GisMapCommunication.UnitTest.dll" adapterTypeName="executor://mstestadapter/v2" className="VideoOS.GisMapCommunication.UnitTest.Building.BuildingClientFactoryTest" name="TestCreate_BuildingClientToken_Success" />
    </UnitTest>
    <UnitTest name="TestCreate_NoLoginSettings_Fail" storage="d:\actions-runner\_work\xpco\xpco\eventserver\gismapcommunication\dotnet\videoos.gismapcommunication.unittest\bin\debug\net472\videoos.gismapcommunication.unittest.dll" id="a7a2b355-552c-15ff-fc7d-3a98e043d533">
      <TestCategory>
        <TestCategoryItem TestCategory="Notification" />
      </TestCategory>
      <Execution id="9c125cb5-ab32-42bb-9346-5eb0b713c677" />
      <TestMethod codeBase="D:\actions-runner\_work\XPCO\XPCO\EventServer\GisMapCommunication\dotNet\VideoOS.GisMapCommunication.UnitTest\bin\Debug\net472\VideoOS.GisMapCommunication.UnitTest.dll" adapterTypeName="executor://mstestadapter/v2" className="VideoOS.GisMapCommunication.UnitTest.Notification.NotificationClientFactoryTest" name="TestCreate_NoLoginSettings_Fail" />
    </UnitTest>
    <UnitTest name="TestGetClient_GetMultipleClient_Success" storage="d:\actions-runner\_work\xpco\xpco\eventserver\gismapcommunication\dotnet\videoos.gismapcommunication.unittest\bin\debug\net472\videoos.gismapcommunication.unittest.dll" id="ee0ba0ee-dc3f-11c6-4a8d-8b1f5ce62c18">
      <TestCategory>
        <TestCategoryItem TestCategory="Item" />
      </TestCategory>
      <Execution id="2094eb85-073f-4105-aa35-ded9ad6e68c8" />
      <TestMethod codeBase="D:\actions-runner\_work\XPCO\XPCO\EventServer\GisMapCommunication\dotNet\VideoOS.GisMapCommunication.UnitTest\bin\Debug\net472\VideoOS.GisMapCommunication.UnitTest.dll" adapterTypeName="executor://mstestadapter/v2" className="VideoOS.GisMapCommunication.Item.UnitTest.ItemClientManagerTest" name="TestGetClient_GetMultipleClient_Success" />
    </UnitTest>
    <UnitTest name="TestGetClient_WithNoServerRegistered_Fail" storage="d:\actions-runner\_work\xpco\xpco\eventserver\gismapcommunication\dotnet\videoos.gismapcommunication.unittest\bin\debug\net472\videoos.gismapcommunication.unittest.dll" id="4bb8bdf9-8594-fbff-ad13-1c6e10ddadb0">
      <TestCategory>
        <TestCategoryItem TestCategory="Notification" />
      </TestCategory>
      <Execution id="5c4fd0fd-3a92-41cf-b29f-ee3b3da0ff51" />
      <TestMethod codeBase="D:\actions-runner\_work\XPCO\XPCO\EventServer\GisMapCommunication\dotNet\VideoOS.GisMapCommunication.UnitTest\bin\Debug\net472\VideoOS.GisMapCommunication.UnitTest.dll" adapterTypeName="executor://mstestadapter/v2" className="VideoOS.GisMapCommunication.Notification.UnitTest.NotificationClientManagerTest" name="TestGetClient_WithNoServerRegistered_Fail" />
    </UnitTest>
    <UnitTest name="TestAsyncClient_Success" storage="d:\actions-runner\_work\xpco\xpco\eventserver\gismapcommunication\dotnet\videoos.gismapcommunication.unittest\bin\debug\net472\videoos.gismapcommunication.unittest.dll" id="04430383-5657-35c7-d81b-4e3a9f86590d">
      <Execution id="7af0f750-5609-4f94-be32-44c179bd80c7" />
      <TestMethod codeBase="D:\actions-runner\_work\XPCO\XPCO\EventServer\GisMapCommunication\dotNet\VideoOS.GisMapCommunication.UnitTest\bin\Debug\net472\VideoOS.GisMapCommunication.UnitTest.dll" adapterTypeName="executor://mstestadapter/v2" className="VideoOS.GisMapCommunication.UnitTest.Building.BuildingClientTokenTest" name="TestAsyncClient_Success" />
    </UnitTest>
    <UnitTest name="TestClose_CloseTwice_Success" storage="d:\actions-runner\_work\xpco\xpco\eventserver\gismapcommunication\dotnet\videoos.gismapcommunication.unittest\bin\debug\net472\videoos.gismapcommunication.unittest.dll" id="62532f55-e3bd-5d55-de25-7b0c60fe3b81">
      <TestCategory>
        <TestCategoryItem TestCategory="Repository" />
      </TestCategory>
      <Execution id="e1dba7a6-473b-4944-a66e-3897b37dd1fc" />
      <TestMethod codeBase="D:\actions-runner\_work\XPCO\XPCO\EventServer\GisMapCommunication\dotNet\VideoOS.GisMapCommunication.UnitTest\bin\Debug\net472\VideoOS.GisMapCommunication.UnitTest.dll" adapterTypeName="executor://mstestadapter/v2" className="VideoOS.GisMapCommunication.Repository.UnitTest.RepositoryClientManagerTest" name="TestClose_CloseTwice_Success" />
    </UnitTest>
    <UnitTest name="TestCreate_NoLoginSettings_Fail" storage="d:\actions-runner\_work\xpco\xpco\eventserver\gismapcommunication\dotnet\videoos.gismapcommunication.unittest\bin\debug\net472\videoos.gismapcommunication.unittest.dll" id="c6d55458-3e07-9598-c894-c5533f47a969">
      <TestCategory>
        <TestCategoryItem TestCategory="Repository" />
      </TestCategory>
      <Execution id="f27753a0-7273-40c3-9819-b980509f8b9b" />
      <TestMethod codeBase="D:\actions-runner\_work\XPCO\XPCO\EventServer\GisMapCommunication\dotNet\VideoOS.GisMapCommunication.UnitTest\bin\Debug\net472\VideoOS.GisMapCommunication.UnitTest.dll" adapterTypeName="executor://mstestadapter/v2" className="VideoOS.GisMapCommunication.UnitTest.Repository.RepositoryClientFactoryTest" name="TestCreate_NoLoginSettings_Fail" />
    </UnitTest>
    <UnitTest name="TestClose_MultipleClient_Success" storage="d:\actions-runner\_work\xpco\xpco\eventserver\gismapcommunication\dotnet\videoos.gismapcommunication.unittest\bin\debug\net472\videoos.gismapcommunication.unittest.dll" id="bb85b961-5010-a312-1a2c-761717fab04e">
      <TestCategory>
        <TestCategoryItem TestCategory="Building" />
      </TestCategory>
      <Execution id="f6a0f717-01b2-40a4-91bd-ab676496a06d" />
      <TestMethod codeBase="D:\actions-runner\_work\XPCO\XPCO\EventServer\GisMapCommunication\dotNet\VideoOS.GisMapCommunication.UnitTest\bin\Debug\net472\VideoOS.GisMapCommunication.UnitTest.dll" adapterTypeName="executor://mstestadapter/v2" className="VideoOS.GisMapCommunication.Building.UnitTest.BuildingClientManagerTest" name="TestClose_MultipleClient_Success" />
    </UnitTest>
    <UnitTest name="TestClose_CloseOnce_Success" storage="d:\actions-runner\_work\xpco\xpco\eventserver\gismapcommunication\dotnet\videoos.gismapcommunication.unittest\bin\debug\net472\videoos.gismapcommunication.unittest.dll" id="beaa52dc-665c-3d1c-c99a-bee40246432f">
      <TestCategory>
        <TestCategoryItem TestCategory="Building" />
      </TestCategory>
      <Execution id="228fb456-cef3-481f-8378-e705ebb2a2a8" />
      <TestMethod codeBase="D:\actions-runner\_work\XPCO\XPCO\EventServer\GisMapCommunication\dotNet\VideoOS.GisMapCommunication.UnitTest\bin\Debug\net472\VideoOS.GisMapCommunication.UnitTest.dll" adapterTypeName="executor://mstestadapter/v2" className="VideoOS.GisMapCommunication.Building.UnitTest.BuildingClientManagerTest" name="TestClose_CloseOnce_Success" />
    </UnitTest>
    <UnitTest name="TestGetClient_GetCachedClient_Success" storage="d:\actions-runner\_work\xpco\xpco\eventserver\gismapcommunication\dotnet\videoos.gismapcommunication.unittest\bin\debug\net472\videoos.gismapcommunication.unittest.dll" id="2a9ae53d-749e-4853-4d9b-1e6fc4e4ef04">
      <TestCategory>
        <TestCategoryItem TestCategory="Layer" />
      </TestCategory>
      <Execution id="26ec2513-7622-4e77-8435-1bb565d79686" />
      <TestMethod codeBase="D:\actions-runner\_work\XPCO\XPCO\EventServer\GisMapCommunication\dotNet\VideoOS.GisMapCommunication.UnitTest\bin\Debug\net472\VideoOS.GisMapCommunication.UnitTest.dll" adapterTypeName="executor://mstestadapter/v2" className="VideoOS.GisMapCommunication.Layer.UnitTest.LayerClientManagerTest" name="TestGetClient_GetCachedClient_Success" />
    </UnitTest>
    <UnitTest name="TestGetClient_WithNoServerRegisteredWithEmptyURIArrayAsNull_Fail" storage="d:\actions-runner\_work\xpco\xpco\eventserver\gismapcommunication\dotnet\videoos.gismapcommunication.unittest\bin\debug\net472\videoos.gismapcommunication.unittest.dll" id="30926246-8c90-0a99-e63c-0be0e8db55a5">
      <TestCategory>
        <TestCategoryItem TestCategory="Layer" />
      </TestCategory>
      <Execution id="79abc054-7fbb-48ed-9a22-629090b72018" />
      <TestMethod codeBase="D:\actions-runner\_work\XPCO\XPCO\EventServer\GisMapCommunication\dotNet\VideoOS.GisMapCommunication.UnitTest\bin\Debug\net472\VideoOS.GisMapCommunication.UnitTest.dll" adapterTypeName="executor://mstestadapter/v2" className="VideoOS.GisMapCommunication.Layer.UnitTest.LayerClientManagerTest" name="TestGetClient_WithNoServerRegisteredWithEmptyURIArrayAsNull_Fail" />
    </UnitTest>
    <UnitTest name="TestHandleFaultException_MapCommandInvalidAuthenticationException_Success" storage="d:\actions-runner\_work\xpco\xpco\eventserver\gismapcommunication\dotnet\videoos.gismapcommunication.unittest\bin\debug\net472\videoos.gismapcommunication.unittest.dll" id="251a0ba9-8df0-146b-e1df-ac9fd8deefbd">
      <TestCategory>
        <TestCategoryItem TestCategory="Exceptions" />
      </TestCategory>
      <Execution id="87244fd9-8091-45c5-ab6b-cab1661da715" />
      <TestMethod codeBase="D:\actions-runner\_work\XPCO\XPCO\EventServer\GisMapCommunication\dotNet\VideoOS.GisMapCommunication.UnitTest\bin\Debug\net472\VideoOS.GisMapCommunication.UnitTest.dll" adapterTypeName="executor://mstestadapter/v2" className="VideoOS.GisMapCommunication.UnitTest.Exceptions.FaultExceptionHandlerTest" name="TestHandleFaultException_MapCommandInvalidAuthenticationException_Success" />
    </UnitTest>
    <UnitTest name="TestCreate_NoLoginSettings_Fail" storage="d:\actions-runner\_work\xpco\xpco\eventserver\gismapcommunication\dotnet\videoos.gismapcommunication.unittest\bin\debug\net472\videoos.gismapcommunication.unittest.dll" id="7ad666d5-db60-88a8-bc94-545741b1fc8a">
      <TestCategory>
        <TestCategoryItem TestCategory="Map" />
      </TestCategory>
      <Execution id="40dca302-0aab-4929-a786-1cf085912776" />
      <TestMethod codeBase="D:\actions-runner\_work\XPCO\XPCO\EventServer\GisMapCommunication\dotNet\VideoOS.GisMapCommunication.UnitTest\bin\Debug\net472\VideoOS.GisMapCommunication.UnitTest.dll" adapterTypeName="executor://mstestadapter/v2" className="VideoOS.GisMapCommunication.UnitTest.Map.MapClientFactoryTest" name="TestCreate_NoLoginSettings_Fail" />
    </UnitTest>
    <UnitTest name="Test_GetClient_GetMultipleCachedClient_Success" storage="d:\actions-runner\_work\xpco\xpco\eventserver\gismapcommunication\dotnet\videoos.gismapcommunication.unittest\bin\debug\net472\videoos.gismapcommunication.unittest.dll" id="10ff789c-9567-34da-2024-78d2c107ebad">
      <TestCategory>
        <TestCategoryItem TestCategory="Layer" />
      </TestCategory>
      <Execution id="93027d91-9aee-4f2f-b491-5132b61706cb" />
      <TestMethod codeBase="D:\actions-runner\_work\XPCO\XPCO\EventServer\GisMapCommunication\dotNet\VideoOS.GisMapCommunication.UnitTest\bin\Debug\net472\VideoOS.GisMapCommunication.UnitTest.dll" adapterTypeName="executor://mstestadapter/v2" className="VideoOS.GisMapCommunication.Layer.UnitTest.LayerClientManagerTest" name="Test_GetClient_GetMultipleCachedClient_Success" />
    </UnitTest>
    <UnitTest name="TestGetClient_GetMultipleClient_Success" storage="d:\actions-runner\_work\xpco\xpco\eventserver\gismapcommunication\dotnet\videoos.gismapcommunication.unittest\bin\debug\net472\videoos.gismapcommunication.unittest.dll" id="f5493d3c-25e4-76b6-1510-a361dc80248d">
      <TestCategory>
        <TestCategoryItem TestCategory="Repository" />
      </TestCategory>
      <Execution id="c1f2bc55-514b-4259-b7f8-b180c772a6e1" />
      <TestMethod codeBase="D:\actions-runner\_work\XPCO\XPCO\EventServer\GisMapCommunication\dotNet\VideoOS.GisMapCommunication.UnitTest\bin\Debug\net472\VideoOS.GisMapCommunication.UnitTest.dll" adapterTypeName="executor://mstestadapter/v2" className="VideoOS.GisMapCommunication.Repository.UnitTest.RepositoryClientManagerTest" name="TestGetClient_GetMultipleClient_Success" />
    </UnitTest>
    <UnitTest name="TestNotificationClientCredentials_Success" storage="d:\actions-runner\_work\xpco\xpco\eventserver\gismapcommunication\dotnet\videoos.gismapcommunication.unittest\bin\debug\net472\videoos.gismapcommunication.unittest.dll" id="39ffd954-e706-cb82-4183-4f5719c7d39e">
      <Execution id="e67b54a6-b894-4abb-87c9-79432ac0092e" />
      <TestMethod codeBase="D:\actions-runner\_work\XPCO\XPCO\EventServer\GisMapCommunication\dotNet\VideoOS.GisMapCommunication.UnitTest\bin\Debug\net472\VideoOS.GisMapCommunication.UnitTest.dll" adapterTypeName="executor://mstestadapter/v2" className="VideoOS.GisMapCommunication.UnitTest.Notification.NotificationClientCredentialsTest" name="TestNotificationClientCredentials_Success" />
    </UnitTest>
    <UnitTest name="TestCreate_MapClientToken_Success" storage="d:\actions-runner\_work\xpco\xpco\eventserver\gismapcommunication\dotnet\videoos.gismapcommunication.unittest\bin\debug\net472\videoos.gismapcommunication.unittest.dll" id="0c136bb8-001e-0bfe-7a63-dd8a4d8d81e8">
      <TestCategory>
        <TestCategoryItem TestCategory="Map" />
      </TestCategory>
      <Execution id="f86fa0e0-a79e-49f9-b941-aee70cf9c476" />
      <TestMethod codeBase="D:\actions-runner\_work\XPCO\XPCO\EventServer\GisMapCommunication\dotNet\VideoOS.GisMapCommunication.UnitTest\bin\Debug\net472\VideoOS.GisMapCommunication.UnitTest.dll" adapterTypeName="executor://mstestadapter/v2" className="VideoOS.GisMapCommunication.UnitTest.Map.MapClientFactoryTest" name="TestCreate_MapClientToken_Success" />
    </UnitTest>
    <UnitTest name="TestGetClient_WithNoServerRegistered_Fail" storage="d:\actions-runner\_work\xpco\xpco\eventserver\gismapcommunication\dotnet\videoos.gismapcommunication.unittest\bin\debug\net472\videoos.gismapcommunication.unittest.dll" id="b7af78eb-5634-933a-837a-c3ee991bbf1d">
      <TestCategory>
        <TestCategoryItem TestCategory="Repository" />
      </TestCategory>
      <Execution id="c9f5794c-07f1-48e5-bc98-588257b5b1ea" />
      <TestMethod codeBase="D:\actions-runner\_work\XPCO\XPCO\EventServer\GisMapCommunication\dotNet\VideoOS.GisMapCommunication.UnitTest\bin\Debug\net472\VideoOS.GisMapCommunication.UnitTest.dll" adapterTypeName="executor://mstestadapter/v2" className="VideoOS.GisMapCommunication.Repository.UnitTest.RepositoryClientManagerTest" name="TestGetClient_WithNoServerRegistered_Fail" />
    </UnitTest>
    <UnitTest name="TestGetClient_WithNoServerRegisteredWithEmptyURIArrayAsNull_Fail" storage="d:\actions-runner\_work\xpco\xpco\eventserver\gismapcommunication\dotnet\videoos.gismapcommunication.unittest\bin\debug\net472\videoos.gismapcommunication.unittest.dll" id="4a81983a-3b77-a51d-6838-b65be9869fe2">
      <TestCategory>
        <TestCategoryItem TestCategory="Repository" />
      </TestCategory>
      <Execution id="08c79117-4b21-4004-8a31-6f7e856a740c" />
      <TestMethod codeBase="D:\actions-runner\_work\XPCO\XPCO\EventServer\GisMapCommunication\dotNet\VideoOS.GisMapCommunication.UnitTest\bin\Debug\net472\VideoOS.GisMapCommunication.UnitTest.dll" adapterTypeName="executor://mstestadapter/v2" className="VideoOS.GisMapCommunication.Repository.UnitTest.RepositoryClientManagerTest" name="TestGetClient_WithNoServerRegisteredWithEmptyURIArrayAsNull_Fail" />
    </UnitTest>
    <UnitTest name="TestCreate_ItemClientCredentials_Success" storage="d:\actions-runner\_work\xpco\xpco\eventserver\gismapcommunication\dotnet\videoos.gismapcommunication.unittest\bin\debug\net472\videoos.gismapcommunication.unittest.dll" id="458eb39e-306c-1ce3-6261-929ef85db46c">
      <TestCategory>
        <TestCategoryItem TestCategory="Item" />
      </TestCategory>
      <Execution id="214c11e6-29a6-493b-ae46-e8cc7d6ef09d" />
      <TestMethod codeBase="D:\actions-runner\_work\XPCO\XPCO\EventServer\GisMapCommunication\dotNet\VideoOS.GisMapCommunication.UnitTest\bin\Debug\net472\VideoOS.GisMapCommunication.UnitTest.dll" adapterTypeName="executor://mstestadapter/v2" className="VideoOS.GisMapCommunication.UnitTest.Item.ItemClientFactoryTest" name="TestCreate_ItemClientCredentials_Success" />
    </UnitTest>
    <UnitTest name="TestGetClient_WithNoServerRegisteredWithEmptyURIArrayAsNull_Fail" storage="d:\actions-runner\_work\xpco\xpco\eventserver\gismapcommunication\dotnet\videoos.gismapcommunication.unittest\bin\debug\net472\videoos.gismapcommunication.unittest.dll" id="a09f7c36-e6c8-814c-877b-e2518569e03c">
      <TestCategory>
        <TestCategoryItem TestCategory="Mip" />
      </TestCategory>
      <Execution id="9912f0d8-85da-4c58-b5f2-8bc5bfe38f3c" />
      <TestMethod codeBase="D:\actions-runner\_work\XPCO\XPCO\EventServer\GisMapCommunication\dotNet\VideoOS.GisMapCommunication.UnitTest\bin\Debug\net472\VideoOS.GisMapCommunication.UnitTest.dll" adapterTypeName="executor://mstestadapter/v2" className="VideoOS.GisMapCommunication.Mip.UnitTest.MipClientManagerTest" name="TestGetClient_WithNoServerRegisteredWithEmptyURIArrayAsNull_Fail" />
    </UnitTest>
    <UnitTest name="Test_GetClient_GetMultipleCachedClient_Success" storage="d:\actions-runner\_work\xpco\xpco\eventserver\gismapcommunication\dotnet\videoos.gismapcommunication.unittest\bin\debug\net472\videoos.gismapcommunication.unittest.dll" id="560ab2dc-75a8-8a2d-271c-8e3463af3c15">
      <TestCategory>
        <TestCategoryItem TestCategory="Repository" />
      </TestCategory>
      <Execution id="6d71deba-179e-4b91-acfb-65d1354b76f7" />
      <TestMethod codeBase="D:\actions-runner\_work\XPCO\XPCO\EventServer\GisMapCommunication\dotNet\VideoOS.GisMapCommunication.UnitTest\bin\Debug\net472\VideoOS.GisMapCommunication.UnitTest.dll" adapterTypeName="executor://mstestadapter/v2" className="VideoOS.GisMapCommunication.Repository.UnitTest.RepositoryClientManagerTest" name="Test_GetClient_GetMultipleCachedClient_Success" />
    </UnitTest>
  </TestDefinitions>
  <TestEntries>
    <TestEntry testId="e280c4e7-4a10-1168-dd83-8f0b7008250e" executionId="44092abb-e106-4cbe-8427-c79dcbfa6831" testListId="8c84fa94-04c1-424b-9868-57a2d4851a1d" />
    <TestEntry testId="885a4290-fd58-3181-1df1-11257f9507bd" executionId="1dd2ccd3-2600-4c0b-b3e3-796f971a214a" testListId="8c84fa94-04c1-424b-9868-57a2d4851a1d" />
    <TestEntry testId="e4499f76-84af-1e9a-7b24-7bfb04f72599" executionId="d3b22b80-9b6c-4566-aead-5192de43c94b" testListId="8c84fa94-04c1-424b-9868-57a2d4851a1d" />
    <TestEntry testId="4a93f656-64bc-262e-21f8-ed3075f294f0" executionId="fa1bd918-0b1d-4b3b-8f2d-39a5215d66ed" testListId="8c84fa94-04c1-424b-9868-57a2d4851a1d" />
    <TestEntry testId="a09f7c36-e6c8-814c-877b-e2518569e03c" executionId="9912f0d8-85da-4c58-b5f2-8bc5bfe38f3c" testListId="8c84fa94-04c1-424b-9868-57a2d4851a1d" />
    <TestEntry testId="496f8105-398f-b29c-de24-f2334fc770dc" executionId="b3f1e137-892c-46df-91fe-51039384b116" testListId="8c84fa94-04c1-424b-9868-57a2d4851a1d" />
    <TestEntry testId="91b182b3-32f6-5345-93c2-0285e58432ac" executionId="69532398-0cbf-4fdc-a7b2-7fe47cc07e89" testListId="8c84fa94-04c1-424b-9868-57a2d4851a1d" />
    <TestEntry testId="fa3d0b2e-dfcf-641e-f9a6-d6151b888253" executionId="f7aaefab-7045-42fe-aec0-074351f84e7c" testListId="8c84fa94-04c1-424b-9868-57a2d4851a1d" />
    <TestEntry testId="16fb6384-0e27-434c-f241-634eb05ad9c6" executionId="7860be90-7ef0-499c-a40f-ce7e5e741d2f" testListId="8c84fa94-04c1-424b-9868-57a2d4851a1d" />
    <TestEntry testId="8c28c708-5002-fdf0-5cfb-b38c8fff4931" executionId="688396c5-29da-4773-9bbe-c8e13bd6b806" testListId="8c84fa94-04c1-424b-9868-57a2d4851a1d" />
    <TestEntry testId="10ff789c-9567-34da-2024-78d2c107ebad" executionId="93027d91-9aee-4f2f-b491-5132b61706cb" testListId="8c84fa94-04c1-424b-9868-57a2d4851a1d" />
    <TestEntry testId="36bbe793-5372-a545-6086-56bb60ba7f28" executionId="e60e6f48-fae8-414f-b4e5-662b9d547419" testListId="8c84fa94-04c1-424b-9868-57a2d4851a1d" />
    <TestEntry testId="7180a90e-40b2-f131-51e2-3a140e7eff9b" executionId="2fe6dded-5d4f-425c-8517-70634302a50e" testListId="8c84fa94-04c1-424b-9868-57a2d4851a1d" />
    <TestEntry testId="b7af78eb-5634-933a-837a-c3ee991bbf1d" executionId="c9f5794c-07f1-48e5-bc98-588257b5b1ea" testListId="8c84fa94-04c1-424b-9868-57a2d4851a1d" />
    <TestEntry testId="5872357b-b746-09f6-cc40-4e88f989b5a3" executionId="91e8937d-2cff-4dcb-8c3b-b79b27c30cc6" testListId="8c84fa94-04c1-424b-9868-57a2d4851a1d" />
    <TestEntry testId="ddb555e0-2da8-0d61-b6c8-354439301467" executionId="87aac20e-0acf-4be2-b8bd-d3b5b509788d" testListId="8c84fa94-04c1-424b-9868-57a2d4851a1d" />
    <TestEntry testId="fbf8bf4f-d2ff-6cad-1643-d7fbfa82ca3d" executionId="2522cb2b-a653-4131-bb17-3ee7a4493d28" testListId="8c84fa94-04c1-424b-9868-57a2d4851a1d" />
    <TestEntry testId="aea3ac9b-a352-1ffd-094b-6e105ba4d4ba" executionId="d1a5dbd0-c72b-4108-94e7-91c8a632f7e9" testListId="8c84fa94-04c1-424b-9868-57a2d4851a1d" />
    <TestEntry testId="7ad666d5-db60-88a8-bc94-545741b1fc8a" executionId="40dca302-0aab-4929-a786-1cf085912776" testListId="8c84fa94-04c1-424b-9868-57a2d4851a1d" />
    <TestEntry testId="4b292c01-681b-0456-9b90-ad6ff831f508" executionId="9a3e6db7-78d8-4290-9876-29c8321a61c6" testListId="8c84fa94-04c1-424b-9868-57a2d4851a1d" />
    <TestEntry testId="2810bc28-33b2-4f41-00c9-12b6aa321ae6" executionId="be88a5ab-e34d-48cd-b7b4-b3cdb91cad12" testListId="8c84fa94-04c1-424b-9868-57a2d4851a1d" />
    <TestEntry testId="882b2af4-1655-efad-609b-dd9418f0b5f0" executionId="0f0874b9-e76b-4136-8fae-6a21b5e72a01" testListId="8c84fa94-04c1-424b-9868-57a2d4851a1d" />
    <TestEntry testId="07053493-9cb1-6a68-d006-4b5d562b752b" executionId="10a1cfb1-b77e-4ca0-becf-9f848a477c9e" testListId="8c84fa94-04c1-424b-9868-57a2d4851a1d" />
    <TestEntry testId="2134bfe7-96b0-f08c-9072-5b1ee5a2b410" executionId="c7dd847f-3c06-41a7-818b-1456927d932a" testListId="8c84fa94-04c1-424b-9868-57a2d4851a1d" />
    <TestEntry testId="f208755c-d580-622d-0c99-8d57f5aa41f8" executionId="47acd27f-b811-47bc-b5f9-9f76638dd41b" testListId="8c84fa94-04c1-424b-9868-57a2d4851a1d" />
    <TestEntry testId="0d8aa6b8-2cde-1b1a-dbc2-9d1d82097d45" executionId="a3c16adb-51f4-45bd-b8dd-96e1f1d6b604" testListId="8c84fa94-04c1-424b-9868-57a2d4851a1d" />
    <TestEntry testId="04ed8a62-1756-f799-3c7a-938a74b57e75" executionId="cdc59147-60cb-4073-94bc-49f75b0dabdd" testListId="8c84fa94-04c1-424b-9868-57a2d4851a1d" />
    <TestEntry testId="a7a96eb8-df44-5ef6-8380-90892db716e4" executionId="072926d9-2cea-439d-8a26-b5eddfa6835b" testListId="8c84fa94-04c1-424b-9868-57a2d4851a1d" />
    <TestEntry testId="a890503b-c6d1-f0bd-5b17-5493c4d57a6e" executionId="032ccc38-2b67-4b69-b197-dbea08302314" testListId="8c84fa94-04c1-424b-9868-57a2d4851a1d" />
    <TestEntry testId="d5539fb0-4b8c-5a5a-0973-a3cb0f90582a" executionId="c9289d1e-f1d6-411a-8610-22e5c7f3a87d" testListId="8c84fa94-04c1-424b-9868-57a2d4851a1d" />
    <TestEntry testId="9fe0be95-0024-9f41-e8cf-980d2390c23d" executionId="47baa487-df5e-433c-a082-ab6606eddf56" testListId="8c84fa94-04c1-424b-9868-57a2d4851a1d" />
    <TestEntry testId="1259badf-2adb-5441-13dd-f6cb42826d68" executionId="3c441676-464c-4e7d-814d-6ea3168c0d1a" testListId="8c84fa94-04c1-424b-9868-57a2d4851a1d" />
    <TestEntry testId="560ab2dc-75a8-8a2d-271c-8e3463af3c15" executionId="6d71deba-179e-4b91-acfb-65d1354b76f7" testListId="8c84fa94-04c1-424b-9868-57a2d4851a1d" />
    <TestEntry testId="62532f55-e3bd-5d55-de25-7b0c60fe3b81" executionId="e1dba7a6-473b-4944-a66e-3897b37dd1fc" testListId="8c84fa94-04c1-424b-9868-57a2d4851a1d" />
    <TestEntry testId="38982c92-9097-8444-45d7-84995396069d" executionId="65d72358-a1d3-42e6-b9d4-3b6556cb4104" testListId="8c84fa94-04c1-424b-9868-57a2d4851a1d" />
    <TestEntry testId="3e5de2f7-7911-95e7-ba4a-0eb8424b6462" executionId="7ab165de-f788-470f-86a5-5a9941a0651e" testListId="8c84fa94-04c1-424b-9868-57a2d4851a1d" />
    <TestEntry testId="6ba0ff9c-7ab2-187d-e0a8-69fcec3fa4a8" executionId="e011d14a-af68-431c-a344-c45a4d177c43" testListId="8c84fa94-04c1-424b-9868-57a2d4851a1d" />
    <TestEntry testId="c6d55458-3e07-9598-c894-c5533f47a969" executionId="f27753a0-7273-40c3-9819-b980509f8b9b" testListId="8c84fa94-04c1-424b-9868-57a2d4851a1d" />
    <TestEntry testId="289af091-126f-57b1-340c-c2f2e2ac5510" executionId="ae992094-aa52-457a-a70d-f806b992f708" testListId="8c84fa94-04c1-424b-9868-57a2d4851a1d" />
    <TestEntry testId="f132610b-241c-48b9-5557-5646f9a93007" executionId="de637189-2fbf-4f5d-a0f5-798a02e11023" testListId="8c84fa94-04c1-424b-9868-57a2d4851a1d" />
    <TestEntry testId="0b2fe012-5616-3eb7-1b1e-bb34f5ba605e" executionId="8f760c74-0a35-4c9c-b160-5e00f45e585c" testListId="8c84fa94-04c1-424b-9868-57a2d4851a1d" />
    <TestEntry testId="28e552f1-a8b9-8f81-b50e-bc47a81b0c7b" executionId="2809965f-bf7d-4af1-b4dd-13673ccddf86" testListId="8c84fa94-04c1-424b-9868-57a2d4851a1d" />
    <TestEntry testId="f9c97b99-0cc7-9ac1-b1f6-e9c4b632df51" executionId="7be6702b-e637-499b-9998-0fcd903f3b22" testListId="8c84fa94-04c1-424b-9868-57a2d4851a1d" />
    <TestEntry testId="b5700263-fa20-6a11-1ab5-868003b66ff3" executionId="11a94864-7f72-44a5-92fd-c323d882358b" testListId="8c84fa94-04c1-424b-9868-57a2d4851a1d" />
    <TestEntry testId="f5493d3c-25e4-76b6-1510-a361dc80248d" executionId="c1f2bc55-514b-4259-b7f8-b180c772a6e1" testListId="8c84fa94-04c1-424b-9868-57a2d4851a1d" />
    <TestEntry testId="46d5d2e9-9615-e4b8-8997-e66311be46a9" executionId="0380341d-0163-4823-ae84-bbd691188a96" testListId="8c84fa94-04c1-424b-9868-57a2d4851a1d" />
    <TestEntry testId="acee5037-809a-c829-fdeb-5b9df043ee2c" executionId="df65a903-329b-4dcd-a50b-710fb6616166" testListId="8c84fa94-04c1-424b-9868-57a2d4851a1d" />
    <TestEntry testId="d413f119-0d57-cdd7-e784-54d016c3a144" executionId="735414a3-413b-479b-aa1c-b2ace68c961e" testListId="8c84fa94-04c1-424b-9868-57a2d4851a1d" />
    <TestEntry testId="beaa52dc-665c-3d1c-c99a-bee40246432f" executionId="228fb456-cef3-481f-8378-e705ebb2a2a8" testListId="8c84fa94-04c1-424b-9868-57a2d4851a1d" />
    <TestEntry testId="0c136bb8-001e-0bfe-7a63-dd8a4d8d81e8" executionId="f86fa0e0-a79e-49f9-b941-aee70cf9c476" testListId="8c84fa94-04c1-424b-9868-57a2d4851a1d" />
    <TestEntry testId="4a81983a-3b77-a51d-6838-b65be9869fe2" executionId="08c79117-4b21-4004-8a31-6f7e856a740c" testListId="8c84fa94-04c1-424b-9868-57a2d4851a1d" />
    <TestEntry testId="1b6aa7df-c1bc-626b-8016-41ad17805204" executionId="7c75b201-254e-4dfe-913d-4ccdc72daac1" testListId="8c84fa94-04c1-424b-9868-57a2d4851a1d" />
    <TestEntry testId="d6d7bc8e-165a-c728-9e51-0d43fdc565a0" executionId="83b5fcf6-fd7c-449f-aed2-a27e100e57fa" testListId="8c84fa94-04c1-424b-9868-57a2d4851a1d" />
    <TestEntry testId="3c10daf0-1ff3-bd43-aa51-8dadcac4216a" executionId="7ead856c-d20f-4798-83c9-f3764b7d1d33" testListId="8c84fa94-04c1-424b-9868-57a2d4851a1d" />
    <TestEntry testId="afbd8c4b-630e-4bbb-59f2-008f5116b583" executionId="c42beb99-c2ca-4681-8e03-5e881facbd9c" testListId="8c84fa94-04c1-424b-9868-57a2d4851a1d" />
    <TestEntry testId="34af3884-ad99-f959-9da1-cb1026d31a32" executionId="7508a54a-c9ba-4662-b2a9-5c5e6f5b8438" testListId="8c84fa94-04c1-424b-9868-57a2d4851a1d" />
    <TestEntry testId="b9288525-84e3-42b5-141a-5644b9b7054a" executionId="e064a3ff-ea44-41a2-80a0-46df99e8bd34" testListId="8c84fa94-04c1-424b-9868-57a2d4851a1d" />
    <TestEntry testId="9731813b-199d-bfec-b5b7-4a1634aa5b31" executionId="b6a5f162-092f-4acb-8b60-5d9822c0a458" testListId="8c84fa94-04c1-424b-9868-57a2d4851a1d" />
    <TestEntry testId="0bc4c965-01de-084f-d431-89f206721121" executionId="a16815f1-bc20-48ff-a70f-056d2fe51324" testListId="8c84fa94-04c1-424b-9868-57a2d4851a1d" />
    <TestEntry testId="bb85b961-5010-a312-1a2c-761717fab04e" executionId="f6a0f717-01b2-40a4-91bd-ab676496a06d" testListId="8c84fa94-04c1-424b-9868-57a2d4851a1d" />
    <TestEntry testId="952b0f9b-94d4-2056-4887-097ffc26ebd0" executionId="7c3e139c-c554-454f-8a32-e0e67a9287c1" testListId="8c84fa94-04c1-424b-9868-57a2d4851a1d" />
    <TestEntry testId="327af9ee-40d5-418e-8afa-b51325fb21da" executionId="c15026a1-e9fb-452a-b482-c086f56f0dc1" testListId="8c84fa94-04c1-424b-9868-57a2d4851a1d" />
    <TestEntry testId="0b1036ae-4fed-71ab-fdcc-9b702df6b10c" executionId="af424578-43d6-491f-8025-91c5f1d73f51" testListId="8c84fa94-04c1-424b-9868-57a2d4851a1d" />
    <TestEntry testId="16b5db8e-3ac6-f9cc-7214-f24e5f3af413" executionId="4619d12d-25db-4db0-b0df-4a8d23bc922d" testListId="8c84fa94-04c1-424b-9868-57a2d4851a1d" />
    <TestEntry testId="8bd4fc99-bd14-e9bd-d495-034b5c69919e" executionId="6af92d84-b3f3-457c-a2c6-2b5a675fab9c" testListId="8c84fa94-04c1-424b-9868-57a2d4851a1d" />
    <TestEntry testId="458eb39e-306c-1ce3-6261-929ef85db46c" executionId="214c11e6-29a6-493b-ae46-e8cc7d6ef09d" testListId="8c84fa94-04c1-424b-9868-57a2d4851a1d" />
    <TestEntry testId="19f403b3-97e5-8c58-d1cb-c55a77168e01" executionId="a8cc4e94-d23f-47ca-a1f9-f5034468a938" testListId="8c84fa94-04c1-424b-9868-57a2d4851a1d" />
    <TestEntry testId="7dbe90c0-a960-c02d-f126-c3e7942eef37" executionId="987ea982-1cb6-4077-aedd-b4a2db427451" testListId="8c84fa94-04c1-424b-9868-57a2d4851a1d" />
    <TestEntry testId="bfc6d2ea-0716-de7c-6df6-0880c1ec4cbc" executionId="7be50cd2-ae56-4eab-94e5-1f767bdc53c2" testListId="8c84fa94-04c1-424b-9868-57a2d4851a1d" />
    <TestEntry testId="2a1bfb57-ec3e-a988-16da-9a4b9747839d" executionId="41a78cc7-cb53-4e83-9bf4-addfd45719ea" testListId="8c84fa94-04c1-424b-9868-57a2d4851a1d" />
    <TestEntry testId="219ef746-f11d-1219-a611-2411dbe33af2" executionId="a52d4e35-2537-4077-8d1c-d0972fab6544" testListId="8c84fa94-04c1-424b-9868-57a2d4851a1d" />
    <TestEntry testId="8a1b3128-18da-bfe8-655e-64aa614f3093" executionId="966648bf-a47a-406f-941d-3df03b07526f" testListId="8c84fa94-04c1-424b-9868-57a2d4851a1d" />
    <TestEntry testId="8fa8adb5-e4c4-21dd-1dee-fda6ddf0c501" executionId="fe276d2f-bef4-47f9-8a31-239d0cd8a021" testListId="8c84fa94-04c1-424b-9868-57a2d4851a1d" />
    <TestEntry testId="050f4a7a-b219-d36e-3144-81169ed063cd" executionId="e77798c1-e22e-4f12-8818-69cee3680755" testListId="8c84fa94-04c1-424b-9868-57a2d4851a1d" />
    <TestEntry testId="24aae371-9957-5ed8-e002-170677faf9d3" executionId="1136c07f-ba26-45ab-a089-c22f4751dfc9" testListId="8c84fa94-04c1-424b-9868-57a2d4851a1d" />
    <TestEntry testId="96816a10-e689-e29c-ad06-c3a84be4434d" executionId="fcbbdbba-10f5-401d-b4ec-ce559d377da9" testListId="8c84fa94-04c1-424b-9868-57a2d4851a1d" />
    <TestEntry testId="83738cd4-170c-2cd2-5c02-7b6940c07074" executionId="7ab0b799-ae8d-49f9-99cc-30052ff12902" testListId="8c84fa94-04c1-424b-9868-57a2d4851a1d" />
    <TestEntry testId="ee0ba0ee-dc3f-11c6-4a8d-8b1f5ce62c18" executionId="2094eb85-073f-4105-aa35-ded9ad6e68c8" testListId="8c84fa94-04c1-424b-9868-57a2d4851a1d" />
    <TestEntry testId="f3bf958b-b2ff-3e99-89ee-6edc24d25651" executionId="0194791e-7493-457c-a5e9-84bc7325c631" testListId="8c84fa94-04c1-424b-9868-57a2d4851a1d" />
    <TestEntry testId="8583c589-7028-8c6d-8a10-03cf7dcfc36a" executionId="e0d94421-84ad-4c22-8a15-13a48cdae469" testListId="8c84fa94-04c1-424b-9868-57a2d4851a1d" />
    <TestEntry testId="1c4d9e11-f67a-1fa2-28fc-fe4f4911a18c" executionId="2a7a85e4-6940-4e69-a433-b1298249e5d6" testListId="8c84fa94-04c1-424b-9868-57a2d4851a1d" />
    <TestEntry testId="e33d7e23-3812-896d-3ab4-9ecc0d44a65a" executionId="f76c553c-b76c-4d31-a746-15502aaf1973" testListId="8c84fa94-04c1-424b-9868-57a2d4851a1d" />
    <TestEntry testId="6e72a782-2cfa-a18a-6b53-954bc1f77788" executionId="57ab4cb2-159e-4f53-b83d-b903aafa964b" testListId="8c84fa94-04c1-424b-9868-57a2d4851a1d" />
    <TestEntry testId="45986796-e9a1-41b3-27fc-11b9ed699edc" executionId="e9f84074-9136-48ac-8a7c-eeac8acad80e" testListId="8c84fa94-04c1-424b-9868-57a2d4851a1d" />
    <TestEntry testId="fc40695a-68e6-0e78-d7c0-36a1014f3f68" executionId="a761c4e6-6662-46a8-be48-b18f0a6f60e1" testListId="8c84fa94-04c1-424b-9868-57a2d4851a1d" />
    <TestEntry testId="406a5659-c5b1-433f-f881-9fa4509b5fcf" executionId="c24394d4-bb94-497e-bcf8-e1cc91ea7b2b" testListId="8c84fa94-04c1-424b-9868-57a2d4851a1d" />
    <TestEntry testId="9f28e791-5930-d60a-5630-0d6823e553c6" executionId="78130a28-3fb7-46ca-a79e-c56143310959" testListId="8c84fa94-04c1-424b-9868-57a2d4851a1d" />
    <TestEntry testId="ab0fef55-6068-9586-7603-895147abf12b" executionId="c194f4f3-047f-43ff-a929-2465bd293780" testListId="8c84fa94-04c1-424b-9868-57a2d4851a1d" />
    <TestEntry testId="39ffd954-e706-cb82-4183-4f5719c7d39e" executionId="e67b54a6-b894-4abb-87c9-79432ac0092e" testListId="8c84fa94-04c1-424b-9868-57a2d4851a1d" />
    <TestEntry testId="6674f8e8-af30-73c3-94da-de0e76bacbe8" executionId="df36bc93-83c0-4541-82a6-0c0c2867448f" testListId="8c84fa94-04c1-424b-9868-57a2d4851a1d" />
    <TestEntry testId="297e4787-9465-4b92-68f7-a5954daa2ae5" executionId="05168adb-38f8-49fc-bd64-15b9088b10b3" testListId="8c84fa94-04c1-424b-9868-57a2d4851a1d" />
    <TestEntry testId="33e4d18b-5e25-1a07-2134-709056dfd783" executionId="81a212b9-3252-4c5f-82ec-94ece7cd97ff" testListId="8c84fa94-04c1-424b-9868-57a2d4851a1d" />
    <TestEntry testId="8e864a0f-f69b-3550-33c5-8159dc5e3077" executionId="72432c88-8143-4bce-94e2-b57f7fb7da06" testListId="8c84fa94-04c1-424b-9868-57a2d4851a1d" />
    <TestEntry testId="5b3022bb-b2c3-5b94-da53-22028f038b41" executionId="f9ca5396-994e-475e-bda1-bb0be9d96289" testListId="8c84fa94-04c1-424b-9868-57a2d4851a1d" />
    <TestEntry testId="052c2aea-29a4-92c6-936a-affc7ccbf9d5" executionId="beaa5918-d12b-4bd9-9142-981a2a2a1581" testListId="8c84fa94-04c1-424b-9868-57a2d4851a1d" />
    <TestEntry testId="f90ab143-ae6a-c0e4-aa47-18e164f1e489" executionId="c839a943-232d-4996-ae1c-30c162f8a88e" testListId="8c84fa94-04c1-424b-9868-57a2d4851a1d" />
    <TestEntry testId="8927ffc0-4be1-3da7-d242-646addc1e0d6" executionId="8f88c124-034b-4e93-a379-d3641e523260" testListId="8c84fa94-04c1-424b-9868-57a2d4851a1d" />
    <TestEntry testId="b423586e-27a5-08bc-6c8f-11bc6ce587bc" executionId="08241942-ed13-4417-9506-c9fb99dc5d42" testListId="8c84fa94-04c1-424b-9868-57a2d4851a1d" />
    <TestEntry testId="d60ae5e7-b54b-2654-efdd-7ac61d692b27" executionId="0fe0b1bf-9a25-4b57-9fb0-092c4c1ba0ae" testListId="8c84fa94-04c1-424b-9868-57a2d4851a1d" />
    <TestEntry testId="b6352426-7319-25ec-2f1a-2c2004d8d7de" executionId="9dd7031d-dd71-413f-8012-5f7979da1617" testListId="8c84fa94-04c1-424b-9868-57a2d4851a1d" />
    <TestEntry testId="5557ce23-daca-7da2-436f-9e4db6de42cb" executionId="42d487c9-53a7-4511-b88c-4ff5cc9bd067" testListId="8c84fa94-04c1-424b-9868-57a2d4851a1d" />
    <TestEntry testId="48d7116d-a928-8177-f629-2de97d58f671" executionId="eb29bfc4-a7b6-4a07-b58d-cfb170eb0a03" testListId="8c84fa94-04c1-424b-9868-57a2d4851a1d" />
    <TestEntry testId="0cdf9122-1237-9d1b-cbaa-ef1344e8e162" executionId="98efd09e-4dde-44e2-acbd-951a905fc3fd" testListId="8c84fa94-04c1-424b-9868-57a2d4851a1d" />
    <TestEntry testId="592e081f-1a2e-7f86-0490-b04c1a50880c" executionId="fdd696a8-e70d-4469-9679-6979eb4f986e" testListId="8c84fa94-04c1-424b-9868-57a2d4851a1d" />
    <TestEntry testId="82f33d74-d8a0-9b04-38fb-e0f71136916a" executionId="32537467-7f37-4919-9049-13f6a467e0aa" testListId="8c84fa94-04c1-424b-9868-57a2d4851a1d" />
    <TestEntry testId="635b136f-622c-d61f-2f94-21d80e8cc558" executionId="0e4f0621-a5da-4c0c-89fa-df2434c316ba" testListId="8c84fa94-04c1-424b-9868-57a2d4851a1d" />
    <TestEntry testId="365236a0-ebbe-fa4f-ad99-32a43235a3b4" executionId="87d117b4-1808-4a12-8ef4-ea1129aa0583" testListId="8c84fa94-04c1-424b-9868-57a2d4851a1d" />
    <TestEntry testId="b48d67ca-f4a2-c5c1-9069-45480513d3cd" executionId="50018b1d-ffa4-46e7-a109-ce6dec53d63f" testListId="8c84fa94-04c1-424b-9868-57a2d4851a1d" />
    <TestEntry testId="2de01898-fdea-7a8f-b0b7-4138a55a2e32" executionId="bf65aa1f-d060-4bd2-bafa-e561de3ecf7d" testListId="8c84fa94-04c1-424b-9868-57a2d4851a1d" />
    <TestEntry testId="23059ccf-21b4-8191-eab1-5ce34b7ba3e0" executionId="fb5838e5-3205-4e61-a675-159abb4ed7dd" testListId="8c84fa94-04c1-424b-9868-57a2d4851a1d" />
    <TestEntry testId="858ba8da-fc3a-f4f0-5b43-8312c322e899" executionId="db59834e-0d80-495a-b574-a0afe257dfb9" testListId="8c84fa94-04c1-424b-9868-57a2d4851a1d" />
    <TestEntry testId="c8dd7c21-d31e-a6cc-2107-a3649f38ba29" executionId="0da8bcf1-86cb-4bd0-9b4e-98ced4fdad54" testListId="8c84fa94-04c1-424b-9868-57a2d4851a1d" />
    <TestEntry testId="9351c80e-b95e-6f6d-385f-8bce190ec729" executionId="4a059f01-42a8-4107-884f-8fca50692918" testListId="8c84fa94-04c1-424b-9868-57a2d4851a1d" />
    <TestEntry testId="3d5fdfd6-9a87-69f2-eb29-e9cddd4fc10a" executionId="ba6da331-a6b1-4307-b76b-633147d76b6c" testListId="8c84fa94-04c1-424b-9868-57a2d4851a1d" />
    <TestEntry testId="e3745935-769e-ab1b-dc91-3b302ee454d8" executionId="d6862c64-71d1-4be2-b4e8-9366dd138898" testListId="8c84fa94-04c1-424b-9868-57a2d4851a1d" />
    <TestEntry testId="7760ae8d-88d7-8368-ea7f-77e2e74a1681" executionId="c7022373-d5e0-4797-9401-533cf12236c8" testListId="8c84fa94-04c1-424b-9868-57a2d4851a1d" />
    <TestEntry testId="4bb8bdf9-8594-fbff-ad13-1c6e10ddadb0" executionId="5c4fd0fd-3a92-41cf-b29f-ee3b3da0ff51" testListId="8c84fa94-04c1-424b-9868-57a2d4851a1d" />
    <TestEntry testId="05bf76cb-043d-d241-7a36-17e17281386e" executionId="e0ea5110-6824-4754-a10b-02059295cbcc" testListId="8c84fa94-04c1-424b-9868-57a2d4851a1d" />
    <TestEntry testId="04430383-5657-35c7-d81b-4e3a9f86590d" executionId="7af0f750-5609-4f94-be32-44c179bd80c7" testListId="8c84fa94-04c1-424b-9868-57a2d4851a1d" />
    <TestEntry testId="30926246-8c90-0a99-e63c-0be0e8db55a5" executionId="79abc054-7fbb-48ed-9a22-629090b72018" testListId="8c84fa94-04c1-424b-9868-57a2d4851a1d" />
    <TestEntry testId="251a0ba9-8df0-146b-e1df-ac9fd8deefbd" executionId="87244fd9-8091-45c5-ab6b-cab1661da715" testListId="8c84fa94-04c1-424b-9868-57a2d4851a1d" />
    <TestEntry testId="0be12502-855b-ebec-4b64-5a8f930445ae" executionId="4be20022-805e-4c4e-bd69-f520264cd301" testListId="8c84fa94-04c1-424b-9868-57a2d4851a1d" />
    <TestEntry testId="c4621aee-e6df-2eff-fd6c-7b987c350cf2" executionId="d777feaa-26f8-42dd-b150-44377d6d3e8d" testListId="8c84fa94-04c1-424b-9868-57a2d4851a1d" />
    <TestEntry testId="2b65facf-6a1e-400f-1d98-666545349ba1" executionId="3f2442fd-335a-4f28-8e36-6d4bf9479801" testListId="8c84fa94-04c1-424b-9868-57a2d4851a1d" />
    <TestEntry testId="c3a859ab-8e6b-4d05-5dd7-f996aa4ff995" executionId="857f00b4-91f0-4601-91c6-ca3e939afab0" testListId="8c84fa94-04c1-424b-9868-57a2d4851a1d" />
    <TestEntry testId="32e201f9-be1c-ec35-5f35-0659ae7e1ccd" executionId="71e887af-9a20-45d3-99e9-54a76c366ca5" testListId="8c84fa94-04c1-424b-9868-57a2d4851a1d" />
    <TestEntry testId="d7a35dfc-7e6e-4e12-28e8-c0fa066bed14" executionId="67597476-5988-462a-9ee4-83deadbad45d" testListId="8c84fa94-04c1-424b-9868-57a2d4851a1d" />
    <TestEntry testId="9851a7b2-19c5-495c-97ac-06a5139c7ffb" executionId="0d2d53bc-461d-4c1b-bd30-01e5783bc085" testListId="8c84fa94-04c1-424b-9868-57a2d4851a1d" />
    <TestEntry testId="e3b5fee2-ed7b-5d17-efb2-211bee46aaa1" executionId="94c0e648-196c-47f6-9d39-79d1d3448124" testListId="8c84fa94-04c1-424b-9868-57a2d4851a1d" />
    <TestEntry testId="32684091-c75e-1d62-201a-68849a718f0b" executionId="e3c3684d-9a1c-4192-a119-290767dc0e98" testListId="8c84fa94-04c1-424b-9868-57a2d4851a1d" />
    <TestEntry testId="7ca0cfa3-3705-e2ef-9759-7a7755e6b73b" executionId="96f7f15e-8e7f-4154-92e8-633dcc772fdc" testListId="8c84fa94-04c1-424b-9868-57a2d4851a1d" />
    <TestEntry testId="d615a9df-5ce0-d5a6-d6a4-950839584128" executionId="cc9960f9-49f1-46be-b825-25a25b9f65ff" testListId="8c84fa94-04c1-424b-9868-57a2d4851a1d" />
    <TestEntry testId="2a9ae53d-749e-4853-4d9b-1e6fc4e4ef04" executionId="26ec2513-7622-4e77-8435-1bb565d79686" testListId="8c84fa94-04c1-424b-9868-57a2d4851a1d" />
    <TestEntry testId="eec54e20-b022-f8f3-ccae-9d4abdfad013" executionId="d6e53318-78da-46ff-9a28-8a19ddc1182b" testListId="8c84fa94-04c1-424b-9868-57a2d4851a1d" />
    <TestEntry testId="ffd8aed8-3497-6ac0-51bc-5c26db531343" executionId="ae6fb338-d656-4f01-8bf1-73e981e1eb6c" testListId="8c84fa94-04c1-424b-9868-57a2d4851a1d" />
    <TestEntry testId="a7a2b355-552c-15ff-fc7d-3a98e043d533" executionId="9c125cb5-ab32-42bb-9346-5eb0b713c677" testListId="8c84fa94-04c1-424b-9868-57a2d4851a1d" />
    <TestEntry testId="44171d5e-7ca2-8b80-ee87-6da649891a4d" executionId="f0a4252f-b4f1-4c24-bd67-903f6d9aac0f" testListId="8c84fa94-04c1-424b-9868-57a2d4851a1d" />
    <TestEntry testId="8bcf6573-1d9b-a2dc-ab0f-0ad2bfa59a70" executionId="0a1b0824-9153-427a-af8d-10401c2ba069" testListId="8c84fa94-04c1-424b-9868-57a2d4851a1d" />
    <TestEntry testId="e5e335f1-cd48-b03e-4c6c-0b167e9374d1" executionId="771f2418-19fc-4f5b-88cb-cca68f1c06e0" testListId="8c84fa94-04c1-424b-9868-57a2d4851a1d" />
  </TestEntries>
  <TestLists>
    <TestList name="Results Not in a List" id="8c84fa94-04c1-424b-9868-57a2d4851a1d" />
    <TestList name="All Loaded Results" id="19431567-8539-422a-85d7-44ee4e166bda" />
  </TestLists>
  <ResultSummary outcome="Completed">
    <Counters total="139" executed="139" passed="139" failed="0" error="0" timeout="0" aborted="0" inconclusive="0" passedButRunAborted="0" notRunnable="0" notExecuted="0" disconnected="0" warning="0" completed="0" inProgress="0" pending="0" />
    <RunInfos>
      <RunInfo computerName="DKSR-EFI-06" outcome="Warning" timestamp="2024-01-09T15:43:01.4821936+01:00">
        <Text>[MSTest][Discovery][D:\actions-runner\_work\XPCO\XPCO\AllSolutions\..\EventServer\GisMapCommunication\dotNet\VideoOS.GisMapCommunication.UnitTest\bin\Debug\net472\VideoOS.GisMapCommunication.UnitTest.dll] UTA001: TestClass attribute defined on non-public class VideoOS.GisMapCommunication.UnitTest.Item.ItemClientCredentialsTest</Text>
      </RunInfo>
    </RunInfos>
  </ResultSummary>
</TestRun>