<?xml version="1.0" encoding="utf-8"?>
<TestRun id="8767b611-48b7-4e62-a092-45f2d567d452" name="DKSR-EFI-06$@DKSR-EFI-06 2024-01-09 15:44:17" runUser="NT AUTHORITY\NETWORK SERVICE" xmlns="http://microsoft.com/schemas/VisualStudio/TeamTest/2010">
  <Times creation="2024-01-09T15:44:17.0292960+01:00" queuing="2024-01-09T15:44:17.0292960+01:00" start="2024-01-09T15:44:13.4511630+01:00" finish="2024-01-09T15:44:23.8574313+01:00" />
  <TestSettings name="default" id="4cf5cffb-95a1-48d3-a2fe-53fd24ad2155">
    <Deployment runDeploymentRoot="DKSR-EFI-06$_DKSR-EFI-06_2024-01-09_15_44_17" />
  </TestSettings>
  <Results>
    <UnitTestResult executionId="f89c63ca-ee5d-465f-a2c9-d2183fd1e683" testId="a15bb082-9826-e2d8-2bbc-381a4fd3bbf1" testName="UnmanagedMessagesClient_SubscribeAsync_Succeeedes" computerName="DKSR-EFI-06" duration="00:00:00.0072223" startTime="2024-01-09T15:44:21.7793059+01:00" endTime="2024-01-09T15:44:21.7793059+01:00" testType="13cdc9d9-ddb5-4fa4-a97d-d965ccfc6d4b" outcome="Passed" testListId="8c84fa94-04c1-424b-9868-57a2d4851a1d" relativeResultsDirectory="f89c63ca-ee5d-465f-a2c9-d2183fd1e683">
      <Output>
        <StdOut>Debug Trace:&#xD;
Session id: &#xD;
Last seq: 0</StdOut>
      </Output>
    </UnitTestResult>
    <UnitTestResult executionId="00c73a5b-5948-4ea8-96ad-f55335b67fe2" testId="e2649807-37bb-a070-b4f0-e51dd597a82c" testName="MessageClient_PublishesSuccessfuly" computerName="DKSR-EFI-06" duration="00:00:00.0087658" startTime="2024-01-09T15:44:21.3574293+01:00" endTime="2024-01-09T15:44:21.3574293+01:00" testType="13cdc9d9-ddb5-4fa4-a97d-d965ccfc6d4b" outcome="Passed" testListId="8c84fa94-04c1-424b-9868-57a2d4851a1d" relativeResultsDirectory="00c73a5b-5948-4ea8-96ad-f55335b67fe2" />
    <UnitTestResult executionId="0ec23377-7060-4dcb-af31-02f049193027" testId="661ab82d-f2c5-1cd6-7697-2496868621ca" testName="LastProcessedMessageSequence_KeepsHigherValue_WhenCalledFromMultipleThreads (5,1000)" computerName="DKSR-EFI-06" duration="00:00:03.4855489" startTime="2024-01-09T15:44:17.2167993+01:00" endTime="2024-01-09T15:44:20.7949280+01:00" testType="13cdc9d9-ddb5-4fa4-a97d-d965ccfc6d4b" outcome="Passed" testListId="8c84fa94-04c1-424b-9868-57a2d4851a1d" relativeResultsDirectory="0ec23377-7060-4dcb-af31-02f049193027" />
    <UnitTestResult executionId="fae28c15-ff4e-42cd-bfab-6791c9dfa5fc" testId="9812aa59-30cc-6a30-4d77-58d7a0c7120b" testName="UnmanagedMessagesClient_UnsubscribeAsyncThrowsInvalidOperationException_WhenNotConnected" computerName="DKSR-EFI-06" duration="00:00:00.0069040" startTime="2024-01-09T15:44:21.7324305+01:00" endTime="2024-01-09T15:44:21.7480551+01:00" testType="13cdc9d9-ddb5-4fa4-a97d-d965ccfc6d4b" outcome="Passed" testListId="8c84fa94-04c1-424b-9868-57a2d4851a1d" relativeResultsDirectory="fae28c15-ff4e-42cd-bfab-6791c9dfa5fc" />
    <UnitTestResult executionId="d757406f-05cf-41c8-855a-6e73f9c1ac2a" testId="7fd14a29-ca57-7558-05c9-27914b466fd4" testName="UnmanagedMessagesClient_UnsubscribeAsyncThrowsCommunicationMipException_OnUnacknoledgedCommand" computerName="DKSR-EFI-06" duration="00:00:00.0276254" startTime="2024-01-09T15:44:21.9199288+01:00" endTime="2024-01-09T15:44:21.9355542+01:00" testType="13cdc9d9-ddb5-4fa4-a97d-d965ccfc6d4b" outcome="Passed" testListId="8c84fa94-04c1-424b-9868-57a2d4851a1d" relativeResultsDirectory="d757406f-05cf-41c8-855a-6e73f9c1ac2a">
      <Output>
        <StdOut>Debug Trace:&#xD;
Session id: &#xD;
Last seq: 0</StdOut>
      </Output>
    </UnitTestResult>
    <UnitTestResult executionId="0a291fc9-194f-4963-aae3-c8ab994180be" testId="ba323f9b-6e86-6a0e-98bc-09de9ded2195" testName="UnmanagedMessagesClient_PublishAsyncThrowsArgumentNullException_WhenEmptyTopic" computerName="DKSR-EFI-06" duration="00:00:00.0056444" startTime="2024-01-09T15:44:21.7480551+01:00" endTime="2024-01-09T15:44:21.7480551+01:00" testType="13cdc9d9-ddb5-4fa4-a97d-d965ccfc6d4b" outcome="Passed" testListId="8c84fa94-04c1-424b-9868-57a2d4851a1d" relativeResultsDirectory="0a291fc9-194f-4963-aae3-c8ab994180be" />
    <UnitTestResult executionId="8e27e3d6-ce5e-48f7-8bd2-8861c2734c73" testId="35dd3e81-08e9-d17b-8a33-778f4b16c0db" testName="MessageClient_ReconnectsOnFail_WithoutSessionId" computerName="DKSR-EFI-06" duration="00:00:00.0163156" startTime="2024-01-09T15:44:21.3574293+01:00" endTime="2024-01-09T15:44:21.3886787+01:00" testType="13cdc9d9-ddb5-4fa4-a97d-d965ccfc6d4b" outcome="Passed" testListId="8c84fa94-04c1-424b-9868-57a2d4851a1d" relativeResultsDirectory="8e27e3d6-ce5e-48f7-8bd2-8861c2734c73" />
    <UnitTestResult executionId="fdb0702b-665a-42e3-80a0-b692e47f7453" testId="f321d583-6820-e8ad-87f2-98ed884298f5" testName="IncomingCommandProcessor_NotifiesHandler_OnMessage" computerName="DKSR-EFI-06" duration="00:00:00.0166285" startTime="2024-01-09T15:44:17.1855483+01:00" endTime="2024-01-09T15:44:17.2011746+01:00" testType="13cdc9d9-ddb5-4fa4-a97d-d965ccfc6d4b" outcome="Passed" testListId="8c84fa94-04c1-424b-9868-57a2d4851a1d" relativeResultsDirectory="fdb0702b-665a-42e3-80a0-b692e47f7453" />
    <UnitTestResult executionId="3327c8cc-e15d-4a65-acc3-5661595b6601" testId="2e76a750-4ed1-5036-c84f-51bd1128499d" testName="UnmanagedMessagesClient_CommandAcknowledged_OnAckMessageReceived" computerName="DKSR-EFI-06" duration="00:00:00.0115684" startTime="2024-01-09T15:44:21.9668060+01:00" endTime="2024-01-09T15:44:21.9824327+01:00" testType="13cdc9d9-ddb5-4fa4-a97d-d965ccfc6d4b" outcome="Passed" testListId="8c84fa94-04c1-424b-9868-57a2d4851a1d" relativeResultsDirectory="3327c8cc-e15d-4a65-acc3-5661595b6601">
      <Output>
        <StdOut>Debug Trace:&#xD;
Session id: &#xD;
Last seq: 0</StdOut>
      </Output>
    </UnitTestResult>
    <UnitTestResult executionId="ce1f01b1-8feb-49f2-85c4-46e3b7fc7fb6" testId="ddd6506e-79b0-b218-a118-9e4bb15f5787" testName="UnmanagedMessagesClient_NewMessageAsyncCalled_WhenMessageIsReceived" computerName="DKSR-EFI-06" duration="00:00:00.0227561" startTime="2024-01-09T15:44:21.9355542+01:00" endTime="2024-01-09T15:44:21.9668060+01:00" testType="13cdc9d9-ddb5-4fa4-a97d-d965ccfc6d4b" outcome="Passed" testListId="8c84fa94-04c1-424b-9868-57a2d4851a1d" relativeResultsDirectory="ce1f01b1-8feb-49f2-85c4-46e3b7fc7fb6">
      <Output>
        <StdOut>Debug Trace:&#xD;
Session id: &#xD;
Last seq: 0</StdOut>
      </Output>
    </UnitTestResult>
    <UnitTestResult executionId="f784bfcf-ca18-4c0e-9b69-8e280dce9009" testId="8f23febd-4c80-4a0b-73f8-cd4e072a3be3" testName="UnmanagedMessagesClient_CreateAndConnectWebSocket_ThrowsNotAuthorizedMIPException_On401Response" computerName="DKSR-EFI-06" duration="00:00:00.0062670" startTime="2024-01-09T15:44:21.6855535+01:00" endTime="2024-01-09T15:44:21.7011793+01:00" testType="13cdc9d9-ddb5-4fa4-a97d-d965ccfc6d4b" outcome="Passed" testListId="8c84fa94-04c1-424b-9868-57a2d4851a1d" relativeResultsDirectory="f784bfcf-ca18-4c0e-9b69-8e280dce9009" />
    <UnitTestResult executionId="2737bc0a-4f2f-4061-b1e7-1f7011b32127" testId="b62116f8-b23d-e89b-a86d-2123115909d7" testName="IncomingCommandProcessor_NotifiesHandler_OnAck" computerName="DKSR-EFI-06" duration="00:00:00.7593255" startTime="2024-01-09T15:44:16.4199219+01:00" endTime="2024-01-09T15:44:17.1855483+01:00" testType="13cdc9d9-ddb5-4fa4-a97d-d965ccfc6d4b" outcome="Passed" testListId="8c84fa94-04c1-424b-9868-57a2d4851a1d" relativeResultsDirectory="2737bc0a-4f2f-4061-b1e7-1f7011b32127" />
    <UnitTestResult executionId="6b44c08e-7d42-4c5d-8586-6efccc547bd0" testId="bde86493-a81b-62bb-0fb3-667dae30f73a" testName="UnmanagedMessagesClient_UnsubscribeAsync_Succeeedes" computerName="DKSR-EFI-06" duration="00:00:00.0074893" startTime="2024-01-09T15:44:21.7793059+01:00" endTime="2024-01-09T15:44:21.7949328+01:00" testType="13cdc9d9-ddb5-4fa4-a97d-d965ccfc6d4b" outcome="Passed" testListId="8c84fa94-04c1-424b-9868-57a2d4851a1d" relativeResultsDirectory="6b44c08e-7d42-4c5d-8586-6efccc547bd0">
      <Output>
        <StdOut>Debug Trace:&#xD;
Session id: &#xD;
Last seq: 0</StdOut>
      </Output>
    </UnitTestResult>
    <UnitTestResult executionId="faf7b3ce-0a82-40b0-9fed-dcdb5a578311" testId="146134db-aca7-0597-22bc-748555377921" testName="UnmanagedMessagesClient_SubscribeAsyncThrowsCommunicationMipException_OnUnacknoledgedCommand" computerName="DKSR-EFI-06" duration="00:00:00.0804488" startTime="2024-01-09T15:44:21.8261788+01:00" endTime="2024-01-09T15:44:21.9199288+01:00" testType="13cdc9d9-ddb5-4fa4-a97d-d965ccfc6d4b" outcome="Passed" testListId="8c84fa94-04c1-424b-9868-57a2d4851a1d" relativeResultsDirectory="faf7b3ce-0a82-40b0-9fed-dcdb5a578311">
      <Output>
        <StdOut>Debug Trace:&#xD;
Session id: &#xD;
Last seq: 0</StdOut>
      </Output>
    </UnitTestResult>
    <UnitTestResult executionId="73d77d08-79b9-4f00-b38d-4112377eb5e5" testId="53bbdfd4-a0d7-b932-63ba-34eb278b5174" testName="MessageClient_ReconnectsOnFail_WithSessionId" computerName="DKSR-EFI-06" duration="00:00:00.0045649" startTime="2024-01-09T15:44:21.3886787+01:00" endTime="2024-01-09T15:44:21.3886787+01:00" testType="13cdc9d9-ddb5-4fa4-a97d-d965ccfc6d4b" outcome="Passed" testListId="8c84fa94-04c1-424b-9868-57a2d4851a1d" relativeResultsDirectory="73d77d08-79b9-4f00-b38d-4112377eb5e5" />
    <UnitTestResult executionId="c282524a-8636-49ea-a498-1d362dbf843c" testId="6113d585-1c52-6ee0-8117-c47df2400b11" testName="UnmanagedMessagesClient_PublishAsyncThrowsCommunicationMipException_OnUnacknoledgedCommand" computerName="DKSR-EFI-06" duration="00:00:00.0408100" startTime="2024-01-09T15:44:21.7949328+01:00" endTime="2024-01-09T15:44:21.8261788+01:00" testType="13cdc9d9-ddb5-4fa4-a97d-d965ccfc6d4b" outcome="Passed" testListId="8c84fa94-04c1-424b-9868-57a2d4851a1d" relativeResultsDirectory="c282524a-8636-49ea-a498-1d362dbf843c">
      <Output>
        <StdOut>Debug Trace:&#xD;
Session id: &#xD;
Last seq: 0</StdOut>
      </Output>
    </UnitTestResult>
    <UnitTestResult executionId="d27c8ca2-4e6d-4cb9-91cd-d284891a7182" testId="481ad207-9461-54b4-1bba-f9024d9501f6" testName="UnmanagedMessagesClient_SessionEstablished_OnHelloMessageReceived" computerName="DKSR-EFI-06" duration="00:00:01.5769609" startTime="2024-01-09T15:44:21.9824327+01:00" endTime="2024-01-09T15:44:23.5605580+01:00" testType="13cdc9d9-ddb5-4fa4-a97d-d965ccfc6d4b" outcome="Passed" testListId="8c84fa94-04c1-424b-9868-57a2d4851a1d" relativeResultsDirectory="d27c8ca2-4e6d-4cb9-91cd-d284891a7182">
      <Output>
        <StdOut>Debug Trace:&#xD;
Session id: &#xD;
Last seq: 0</StdOut>
      </Output>
    </UnitTestResult>
    <UnitTestResult executionId="95efce3f-4bbb-4484-9a43-41c464d40fc3" testId="61c7e091-1b3e-1a39-515c-79461bbab0f9" testName="UnmanagedMessagesClient_CreateAndConnectWebSocket_SetsCorrectUriAndToken" computerName="DKSR-EFI-06" duration="00:00:00.0157763" startTime="2024-01-09T15:44:21.6386791+01:00" endTime="2024-01-09T15:44:21.6543031+01:00" testType="13cdc9d9-ddb5-4fa4-a97d-d965ccfc6d4b" outcome="Passed" testListId="8c84fa94-04c1-424b-9868-57a2d4851a1d" relativeResultsDirectory="95efce3f-4bbb-4484-9a43-41c464d40fc3" />
    <UnitTestResult executionId="a021711f-a50a-4b41-af5a-2fe8ae404e85" testId="ab926be0-7655-5fef-6b82-420cc027711b" testName="UnmanagedMessagesClient_ConnectAsync_CreatesAllNeededObjects" computerName="DKSR-EFI-06" duration="00:00:00.2412777" startTime="2024-01-09T15:44:21.3886787+01:00" endTime="2024-01-09T15:44:21.6230579+01:00" testType="13cdc9d9-ddb5-4fa4-a97d-d965ccfc6d4b" outcome="Passed" testListId="8c84fa94-04c1-424b-9868-57a2d4851a1d" relativeResultsDirectory="a021711f-a50a-4b41-af5a-2fe8ae404e85">
      <Output>
        <StdOut>Debug Trace:&#xD;
Session id: &#xD;
Last seq: 0</StdOut>
      </Output>
    </UnitTestResult>
    <UnitTestResult executionId="70e251cc-97c7-4547-a36f-e445c6697155" testId="34dd6073-72f3-7452-2410-e6841f900937" testName="CommandAcknowledgementHandler_Returns_AfterTaskSucceeds" computerName="DKSR-EFI-06" duration="00:00:00.0767102" startTime="2024-01-09T15:44:16.3417957+01:00" endTime="2024-01-09T15:44:16.4199219+01:00" testType="13cdc9d9-ddb5-4fa4-a97d-d965ccfc6d4b" outcome="Passed" testListId="8c84fa94-04c1-424b-9868-57a2d4851a1d" relativeResultsDirectory="70e251cc-97c7-4547-a36f-e445c6697155" />
    <UnitTestResult executionId="a4c2a2c9-b022-4106-ac58-6913aeea3641" testId="e3f43c17-4ef6-ef50-cf90-968950273566" testName="UnmanagedMessagesClient_SubscribeAsyncThrowsInvalidOperationException_WhenNotConnected" computerName="DKSR-EFI-06" duration="00:00:00.0072885" startTime="2024-01-09T15:44:21.7324305+01:00" endTime="2024-01-09T15:44:21.7324305+01:00" testType="13cdc9d9-ddb5-4fa4-a97d-d965ccfc6d4b" outcome="Passed" testListId="8c84fa94-04c1-424b-9868-57a2d4851a1d" relativeResultsDirectory="a4c2a2c9-b022-4106-ac58-6913aeea3641" />
    <UnitTestResult executionId="df055ae9-4177-407d-bab3-802f0b2fca7f" testId="15cf5f1f-ab36-1240-895a-02520d6709ad" testName="IncomingCommandProcessor_NotifiesHandler_OnHello" computerName="DKSR-EFI-06" duration="00:00:00.0065547" startTime="2024-01-09T15:44:17.2011746+01:00" endTime="2024-01-09T15:44:17.2167993+01:00" testType="13cdc9d9-ddb5-4fa4-a97d-d965ccfc6d4b" outcome="Passed" testListId="8c84fa94-04c1-424b-9868-57a2d4851a1d" relativeResultsDirectory="df055ae9-4177-407d-bab3-802f0b2fca7f" />
    <UnitTestResult executionId="f8b2fd52-c970-4c68-9a78-fdb3c6d241ec" testId="0c8abb15-32af-342b-38ad-0fe9a5c21c5d" testName="UnmanagedMessagesClient_PublishAsync_Succeeedes" computerName="DKSR-EFI-06" duration="00:00:00.0134945" startTime="2024-01-09T15:44:21.7636817+01:00" endTime="2024-01-09T15:44:21.7793059+01:00" testType="13cdc9d9-ddb5-4fa4-a97d-d965ccfc6d4b" outcome="Passed" testListId="8c84fa94-04c1-424b-9868-57a2d4851a1d" relativeResultsDirectory="f8b2fd52-c970-4c68-9a78-fdb3c6d241ec">
      <Output>
        <StdOut>Debug Trace:&#xD;
Session id: &#xD;
Last seq: 0</StdOut>
      </Output>
    </UnitTestResult>
    <UnitTestResult executionId="e0cadf0b-791e-4aa3-9f3c-1da481fb7811" testId="7b3b8817-3629-0f9e-a5c9-7ef07eb00100" testName="UnmanagedMessagesClient_PublishAsyncThrowsInvalidOperationException_WhenNotConnected" computerName="DKSR-EFI-06" duration="00:00:00.0330702" startTime="2024-01-09T15:44:21.7011793+01:00" endTime="2024-01-09T15:44:21.7324305+01:00" testType="13cdc9d9-ddb5-4fa4-a97d-d965ccfc6d4b" outcome="Passed" testListId="8c84fa94-04c1-424b-9868-57a2d4851a1d" relativeResultsDirectory="e0cadf0b-791e-4aa3-9f3c-1da481fb7811" />
    <UnitTestResult executionId="ddc20e22-812d-4668-9c69-e255e4c65572" testId="e57fdccb-2ce2-77ef-c1eb-db1df10e4742" testName="UnmanagedMessagesClient_SubscribeAsyncThrowsArgumentNullException_WhenEmptyTopic" computerName="DKSR-EFI-06" duration="00:00:00.0055234" startTime="2024-01-09T15:44:21.7480551+01:00" endTime="2024-01-09T15:44:21.7480551+01:00" testType="13cdc9d9-ddb5-4fa4-a97d-d965ccfc6d4b" outcome="Passed" testListId="8c84fa94-04c1-424b-9868-57a2d4851a1d" relativeResultsDirectory="ddc20e22-812d-4668-9c69-e255e4c65572" />
    <UnitTestResult executionId="87175ba3-203b-417b-9082-5e41becdd543" testId="d4a31fd0-d7bb-644e-ae0f-28595237d2c2" testName="UnmanagedMessagesClient_UnsubscribeAsyncThrowsArgumentNullException_WhenEmptyTopic" computerName="DKSR-EFI-06" duration="00:00:00.0054580" startTime="2024-01-09T15:44:21.7480551+01:00" endTime="2024-01-09T15:44:21.7636817+01:00" testType="13cdc9d9-ddb5-4fa4-a97d-d965ccfc6d4b" outcome="Passed" testListId="8c84fa94-04c1-424b-9868-57a2d4851a1d" relativeResultsDirectory="87175ba3-203b-417b-9082-5e41becdd543" />
    <UnitTestResult executionId="256842e5-16d8-4544-91eb-2ebfcc1425b0" testId="844a9fa4-118c-b932-6fa0-4c03835f9391" testName="CommandAcknowledgementHandler_Throws_AfterTimeoutExpiration" computerName="DKSR-EFI-06" duration="00:00:00.8836403" startTime="2024-01-09T15:44:15.1699195+01:00" endTime="2024-01-09T15:44:16.3261718+01:00" testType="13cdc9d9-ddb5-4fa4-a97d-d965ccfc6d4b" outcome="Passed" testListId="8c84fa94-04c1-424b-9868-57a2d4851a1d" relativeResultsDirectory="256842e5-16d8-4544-91eb-2ebfcc1425b0" />
    <UnitTestResult executionId="03f0bc6d-3dba-494b-aefc-952f93d26ef8" testId="369b70fb-adea-0c7a-c53f-0e4a5434b378" testName="MessageClient_ConnectsSubscribesAndReceivesMessages" computerName="DKSR-EFI-06" duration="00:00:00.5656350" startTime="2024-01-09T15:44:20.7949280+01:00" endTime="2024-01-09T15:44:21.3574293+01:00" testType="13cdc9d9-ddb5-4fa4-a97d-d965ccfc6d4b" outcome="Passed" testListId="8c84fa94-04c1-424b-9868-57a2d4851a1d" relativeResultsDirectory="03f0bc6d-3dba-494b-aefc-952f93d26ef8" />
    <UnitTestResult executionId="81163b66-a300-4c81-8c9b-d686fc9c2306" testId="0354bd2c-a3af-b7d1-6ee3-5d4076361cc9" testName="UnmanagedMessagesClient_CreateAndConnectWebSocket_ThrowsCommunicationMIPException_On400Response" computerName="DKSR-EFI-06" duration="00:00:00.0341519" startTime="2024-01-09T15:44:21.6543031+01:00" endTime="2024-01-09T15:44:21.6855535+01:00" testType="13cdc9d9-ddb5-4fa4-a97d-d965ccfc6d4b" outcome="Passed" testListId="8c84fa94-04c1-424b-9868-57a2d4851a1d" relativeResultsDirectory="81163b66-a300-4c81-8c9b-d686fc9c2306" />
  </Results>
  <TestDefinitions>
    <UnitTest name="UnmanagedMessagesClient_PublishAsyncThrowsArgumentNullException_WhenEmptyTopic" storage="d:\actions-runner\_work\xpco\xpco\mip\mipsdk\tst\videoos.platform.common.unittests\bin\x64\debug\net472\videoos.platform.common.tests.dll" id="ba323f9b-6e86-6a0e-98bc-09de9ded2195">
      <Execution id="0a291fc9-194f-4963-aae3-c8ab994180be" />
      <TestMethod codeBase="D:\actions-runner\_work\XPCO\XPCO\MIP\MIPSDK\tst\VideoOS.Platform.Common.UnitTests\bin\x64\Debug\net472\VideoOS.Platform.Common.Tests.dll" adapterTypeName="executor://mstestadapter/v2" className="VideoOS.Platform.Common.Tests.MessagesClient.UnmanagedMessagesClientTests" name="UnmanagedMessagesClient_PublishAsyncThrowsArgumentNullException_WhenEmptyTopic" />
    </UnitTest>
    <UnitTest name="UnmanagedMessagesClient_SubscribeAsyncThrowsArgumentNullException_WhenEmptyTopic" storage="d:\actions-runner\_work\xpco\xpco\mip\mipsdk\tst\videoos.platform.common.unittests\bin\x64\debug\net472\videoos.platform.common.tests.dll" id="e57fdccb-2ce2-77ef-c1eb-db1df10e4742">
      <Execution id="ddc20e22-812d-4668-9c69-e255e4c65572" />
      <TestMethod codeBase="D:\actions-runner\_work\XPCO\XPCO\MIP\MIPSDK\tst\VideoOS.Platform.Common.UnitTests\bin\x64\Debug\net472\VideoOS.Platform.Common.Tests.dll" adapterTypeName="executor://mstestadapter/v2" className="VideoOS.Platform.Common.Tests.MessagesClient.UnmanagedMessagesClientTests" name="UnmanagedMessagesClient_SubscribeAsyncThrowsArgumentNullException_WhenEmptyTopic" />
    </UnitTest>
    <UnitTest name="IncomingCommandProcessor_NotifiesHandler_OnAck" storage="d:\actions-runner\_work\xpco\xpco\mip\mipsdk\tst\videoos.platform.common.unittests\bin\x64\debug\net472\videoos.platform.common.tests.dll" id="b62116f8-b23d-e89b-a86d-2123115909d7">
      <Execution id="2737bc0a-4f2f-4061-b1e7-1f7011b32127" />
      <TestMethod codeBase="D:\actions-runner\_work\XPCO\XPCO\MIP\MIPSDK\tst\VideoOS.Platform.Common.UnitTests\bin\x64\Debug\net472\VideoOS.Platform.Common.Tests.dll" adapterTypeName="executor://mstestadapter/v2" className="VideoOS.Platform.Common.Tests.MessagesClient.IncomingCommandProcessorTests" name="IncomingCommandProcessor_NotifiesHandler_OnAck" />
    </UnitTest>
    <UnitTest name="UnmanagedMessagesClient_SessionEstablished_OnHelloMessageReceived" storage="d:\actions-runner\_work\xpco\xpco\mip\mipsdk\tst\videoos.platform.common.unittests\bin\x64\debug\net472\videoos.platform.common.tests.dll" id="481ad207-9461-54b4-1bba-f9024d9501f6">
      <Execution id="d27c8ca2-4e6d-4cb9-91cd-d284891a7182" />
      <TestMethod codeBase="D:\actions-runner\_work\XPCO\XPCO\MIP\MIPSDK\tst\VideoOS.Platform.Common.UnitTests\bin\x64\Debug\net472\VideoOS.Platform.Common.Tests.dll" adapterTypeName="executor://mstestadapter/v2" className="VideoOS.Platform.Common.Tests.MessagesClient.UnmanagedMessagesClientTests" name="UnmanagedMessagesClient_SessionEstablished_OnHelloMessageReceived" />
    </UnitTest>
    <UnitTest name="IncomingCommandProcessor_NotifiesHandler_OnMessage" storage="d:\actions-runner\_work\xpco\xpco\mip\mipsdk\tst\videoos.platform.common.unittests\bin\x64\debug\net472\videoos.platform.common.tests.dll" id="f321d583-6820-e8ad-87f2-98ed884298f5">
      <Execution id="fdb0702b-665a-42e3-80a0-b692e47f7453" />
      <TestMethod codeBase="D:\actions-runner\_work\XPCO\XPCO\MIP\MIPSDK\tst\VideoOS.Platform.Common.UnitTests\bin\x64\Debug\net472\VideoOS.Platform.Common.Tests.dll" adapterTypeName="executor://mstestadapter/v2" className="VideoOS.Platform.Common.Tests.MessagesClient.IncomingCommandProcessorTests" name="IncomingCommandProcessor_NotifiesHandler_OnMessage" />
    </UnitTest>
    <UnitTest name="UnmanagedMessagesClient_ConnectAsync_CreatesAllNeededObjects" storage="d:\actions-runner\_work\xpco\xpco\mip\mipsdk\tst\videoos.platform.common.unittests\bin\x64\debug\net472\videoos.platform.common.tests.dll" id="ab926be0-7655-5fef-6b82-420cc027711b">
      <Execution id="a021711f-a50a-4b41-af5a-2fe8ae404e85" />
      <TestMethod codeBase="D:\actions-runner\_work\XPCO\XPCO\MIP\MIPSDK\tst\VideoOS.Platform.Common.UnitTests\bin\x64\Debug\net472\VideoOS.Platform.Common.Tests.dll" adapterTypeName="executor://mstestadapter/v2" className="VideoOS.Platform.Common.Tests.MessagesClient.UnmanagedMessagesClientTests" name="UnmanagedMessagesClient_ConnectAsync_CreatesAllNeededObjects" />
    </UnitTest>
    <UnitTest name="UnmanagedMessagesClient_PublishAsyncThrowsInvalidOperationException_WhenNotConnected" storage="d:\actions-runner\_work\xpco\xpco\mip\mipsdk\tst\videoos.platform.common.unittests\bin\x64\debug\net472\videoos.platform.common.tests.dll" id="7b3b8817-3629-0f9e-a5c9-7ef07eb00100">
      <Execution id="e0cadf0b-791e-4aa3-9f3c-1da481fb7811" />
      <TestMethod codeBase="D:\actions-runner\_work\XPCO\XPCO\MIP\MIPSDK\tst\VideoOS.Platform.Common.UnitTests\bin\x64\Debug\net472\VideoOS.Platform.Common.Tests.dll" adapterTypeName="executor://mstestadapter/v2" className="VideoOS.Platform.Common.Tests.MessagesClient.UnmanagedMessagesClientTests" name="UnmanagedMessagesClient_PublishAsyncThrowsInvalidOperationException_WhenNotConnected" />
    </UnitTest>
    <UnitTest name="UnmanagedMessagesClient_CreateAndConnectWebSocket_SetsCorrectUriAndToken" storage="d:\actions-runner\_work\xpco\xpco\mip\mipsdk\tst\videoos.platform.common.unittests\bin\x64\debug\net472\videoos.platform.common.tests.dll" id="61c7e091-1b3e-1a39-515c-79461bbab0f9">
      <Execution id="95efce3f-4bbb-4484-9a43-41c464d40fc3" />
      <TestMethod codeBase="D:\actions-runner\_work\XPCO\XPCO\MIP\MIPSDK\tst\VideoOS.Platform.Common.UnitTests\bin\x64\Debug\net472\VideoOS.Platform.Common.Tests.dll" adapterTypeName="executor://mstestadapter/v2" className="VideoOS.Platform.Common.Tests.MessagesClient.UnmanagedMessagesClientTests" name="UnmanagedMessagesClient_CreateAndConnectWebSocket_SetsCorrectUriAndToken" />
    </UnitTest>
    <UnitTest name="UnmanagedMessagesClient_SubscribeAsyncThrowsCommunicationMipException_OnUnacknoledgedCommand" storage="d:\actions-runner\_work\xpco\xpco\mip\mipsdk\tst\videoos.platform.common.unittests\bin\x64\debug\net472\videoos.platform.common.tests.dll" id="146134db-aca7-0597-22bc-748555377921">
      <Execution id="faf7b3ce-0a82-40b0-9fed-dcdb5a578311" />
      <TestMethod codeBase="D:\actions-runner\_work\XPCO\XPCO\MIP\MIPSDK\tst\VideoOS.Platform.Common.UnitTests\bin\x64\Debug\net472\VideoOS.Platform.Common.Tests.dll" adapterTypeName="executor://mstestadapter/v2" className="VideoOS.Platform.Common.Tests.MessagesClient.UnmanagedMessagesClientTests" name="UnmanagedMessagesClient_SubscribeAsyncThrowsCommunicationMipException_OnUnacknoledgedCommand" />
    </UnitTest>
    <UnitTest name="UnmanagedMessagesClient_CreateAndConnectWebSocket_ThrowsNotAuthorizedMIPException_On401Response" storage="d:\actions-runner\_work\xpco\xpco\mip\mipsdk\tst\videoos.platform.common.unittests\bin\x64\debug\net472\videoos.platform.common.tests.dll" id="8f23febd-4c80-4a0b-73f8-cd4e072a3be3">
      <Execution id="f784bfcf-ca18-4c0e-9b69-8e280dce9009" />
      <TestMethod codeBase="D:\actions-runner\_work\XPCO\XPCO\MIP\MIPSDK\tst\VideoOS.Platform.Common.UnitTests\bin\x64\Debug\net472\VideoOS.Platform.Common.Tests.dll" adapterTypeName="executor://mstestadapter/v2" className="VideoOS.Platform.Common.Tests.MessagesClient.UnmanagedMessagesClientTests" name="UnmanagedMessagesClient_CreateAndConnectWebSocket_ThrowsNotAuthorizedMIPException_On401Response" />
    </UnitTest>
    <UnitTest name="CommandAcknowledgementHandler_Returns_AfterTaskSucceeds" storage="d:\actions-runner\_work\xpco\xpco\mip\mipsdk\tst\videoos.platform.common.unittests\bin\x64\debug\net472\videoos.platform.common.tests.dll" id="34dd6073-72f3-7452-2410-e6841f900937">
      <Execution id="70e251cc-97c7-4547-a36f-e445c6697155" />
      <TestMethod codeBase="D:\actions-runner\_work\XPCO\XPCO\MIP\MIPSDK\tst\VideoOS.Platform.Common.UnitTests\bin\x64\Debug\net472\VideoOS.Platform.Common.Tests.dll" adapterTypeName="executor://mstestadapter/v2" className="VideoOS.Platform.Common.Tests.MessagesClient.CommandAcknowledgementHandlerTests" name="CommandAcknowledgementHandler_Returns_AfterTaskSucceeds" />
    </UnitTest>
    <UnitTest name="UnmanagedMessagesClient_SubscribeAsyncThrowsInvalidOperationException_WhenNotConnected" storage="d:\actions-runner\_work\xpco\xpco\mip\mipsdk\tst\videoos.platform.common.unittests\bin\x64\debug\net472\videoos.platform.common.tests.dll" id="e3f43c17-4ef6-ef50-cf90-968950273566">
      <Execution id="a4c2a2c9-b022-4106-ac58-6913aeea3641" />
      <TestMethod codeBase="D:\actions-runner\_work\XPCO\XPCO\MIP\MIPSDK\tst\VideoOS.Platform.Common.UnitTests\bin\x64\Debug\net472\VideoOS.Platform.Common.Tests.dll" adapterTypeName="executor://mstestadapter/v2" className="VideoOS.Platform.Common.Tests.MessagesClient.UnmanagedMessagesClientTests" name="UnmanagedMessagesClient_SubscribeAsyncThrowsInvalidOperationException_WhenNotConnected" />
    </UnitTest>
    <UnitTest name="CommandAcknowledgementHandler_Throws_AfterTimeoutExpiration" storage="d:\actions-runner\_work\xpco\xpco\mip\mipsdk\tst\videoos.platform.common.unittests\bin\x64\debug\net472\videoos.platform.common.tests.dll" id="844a9fa4-118c-b932-6fa0-4c03835f9391">
      <Execution id="256842e5-16d8-4544-91eb-2ebfcc1425b0" />
      <TestMethod codeBase="D:\actions-runner\_work\XPCO\XPCO\MIP\MIPSDK\tst\VideoOS.Platform.Common.UnitTests\bin\x64\Debug\net472\VideoOS.Platform.Common.Tests.dll" adapterTypeName="executor://mstestadapter/v2" className="VideoOS.Platform.Common.Tests.MessagesClient.CommandAcknowledgementHandlerTests" name="CommandAcknowledgementHandler_Throws_AfterTimeoutExpiration" />
    </UnitTest>
    <UnitTest name="UnmanagedMessagesClient_NewMessageAsyncCalled_WhenMessageIsReceived" storage="d:\actions-runner\_work\xpco\xpco\mip\mipsdk\tst\videoos.platform.common.unittests\bin\x64\debug\net472\videoos.platform.common.tests.dll" id="ddd6506e-79b0-b218-a118-9e4bb15f5787">
      <Execution id="ce1f01b1-8feb-49f2-85c4-46e3b7fc7fb6" />
      <TestMethod codeBase="D:\actions-runner\_work\XPCO\XPCO\MIP\MIPSDK\tst\VideoOS.Platform.Common.UnitTests\bin\x64\Debug\net472\VideoOS.Platform.Common.Tests.dll" adapterTypeName="executor://mstestadapter/v2" className="VideoOS.Platform.Common.Tests.MessagesClient.UnmanagedMessagesClientTests" name="UnmanagedMessagesClient_NewMessageAsyncCalled_WhenMessageIsReceived" />
    </UnitTest>
    <UnitTest name="UnmanagedMessagesClient_UnsubscribeAsync_Succeeedes" storage="d:\actions-runner\_work\xpco\xpco\mip\mipsdk\tst\videoos.platform.common.unittests\bin\x64\debug\net472\videoos.platform.common.tests.dll" id="bde86493-a81b-62bb-0fb3-667dae30f73a">
      <Execution id="6b44c08e-7d42-4c5d-8586-6efccc547bd0" />
      <TestMethod codeBase="D:\actions-runner\_work\XPCO\XPCO\MIP\MIPSDK\tst\VideoOS.Platform.Common.UnitTests\bin\x64\Debug\net472\VideoOS.Platform.Common.Tests.dll" adapterTypeName="executor://mstestadapter/v2" className="VideoOS.Platform.Common.Tests.MessagesClient.UnmanagedMessagesClientTests" name="UnmanagedMessagesClient_UnsubscribeAsync_Succeeedes" />
    </UnitTest>
    <UnitTest name="IncomingCommandProcessor_NotifiesHandler_OnHello" storage="d:\actions-runner\_work\xpco\xpco\mip\mipsdk\tst\videoos.platform.common.unittests\bin\x64\debug\net472\videoos.platform.common.tests.dll" id="15cf5f1f-ab36-1240-895a-02520d6709ad">
      <Execution id="df055ae9-4177-407d-bab3-802f0b2fca7f" />
      <TestMethod codeBase="D:\actions-runner\_work\XPCO\XPCO\MIP\MIPSDK\tst\VideoOS.Platform.Common.UnitTests\bin\x64\Debug\net472\VideoOS.Platform.Common.Tests.dll" adapterTypeName="executor://mstestadapter/v2" className="VideoOS.Platform.Common.Tests.MessagesClient.IncomingCommandProcessorTests" name="IncomingCommandProcessor_NotifiesHandler_OnHello" />
    </UnitTest>
    <UnitTest name="UnmanagedMessagesClient_CreateAndConnectWebSocket_ThrowsCommunicationMIPException_On400Response" storage="d:\actions-runner\_work\xpco\xpco\mip\mipsdk\tst\videoos.platform.common.unittests\bin\x64\debug\net472\videoos.platform.common.tests.dll" id="0354bd2c-a3af-b7d1-6ee3-5d4076361cc9">
      <Execution id="81163b66-a300-4c81-8c9b-d686fc9c2306" />
      <TestMethod codeBase="D:\actions-runner\_work\XPCO\XPCO\MIP\MIPSDK\tst\VideoOS.Platform.Common.UnitTests\bin\x64\Debug\net472\VideoOS.Platform.Common.Tests.dll" adapterTypeName="executor://mstestadapter/v2" className="VideoOS.Platform.Common.Tests.MessagesClient.UnmanagedMessagesClientTests" name="UnmanagedMessagesClient_CreateAndConnectWebSocket_ThrowsCommunicationMIPException_On400Response" />
    </UnitTest>
    <UnitTest name="UnmanagedMessagesClient_UnsubscribeAsyncThrowsInvalidOperationException_WhenNotConnected" storage="d:\actions-runner\_work\xpco\xpco\mip\mipsdk\tst\videoos.platform.common.unittests\bin\x64\debug\net472\videoos.platform.common.tests.dll" id="9812aa59-30cc-6a30-4d77-58d7a0c7120b">
      <Execution id="fae28c15-ff4e-42cd-bfab-6791c9dfa5fc" />
      <TestMethod codeBase="D:\actions-runner\_work\XPCO\XPCO\MIP\MIPSDK\tst\VideoOS.Platform.Common.UnitTests\bin\x64\Debug\net472\VideoOS.Platform.Common.Tests.dll" adapterTypeName="executor://mstestadapter/v2" className="VideoOS.Platform.Common.Tests.MessagesClient.UnmanagedMessagesClientTests" name="UnmanagedMessagesClient_UnsubscribeAsyncThrowsInvalidOperationException_WhenNotConnected" />
    </UnitTest>
    <UnitTest name="UnmanagedMessagesClient_PublishAsync_Succeeedes" storage="d:\actions-runner\_work\xpco\xpco\mip\mipsdk\tst\videoos.platform.common.unittests\bin\x64\debug\net472\videoos.platform.common.tests.dll" id="0c8abb15-32af-342b-38ad-0fe9a5c21c5d">
      <Execution id="f8b2fd52-c970-4c68-9a78-fdb3c6d241ec" />
      <TestMethod codeBase="D:\actions-runner\_work\XPCO\XPCO\MIP\MIPSDK\tst\VideoOS.Platform.Common.UnitTests\bin\x64\Debug\net472\VideoOS.Platform.Common.Tests.dll" adapterTypeName="executor://mstestadapter/v2" className="VideoOS.Platform.Common.Tests.MessagesClient.UnmanagedMessagesClientTests" name="UnmanagedMessagesClient_PublishAsync_Succeeedes" />
    </UnitTest>
    <UnitTest name="MessageClient_PublishesSuccessfuly" storage="d:\actions-runner\_work\xpco\xpco\mip\mipsdk\tst\videoos.platform.common.unittests\bin\x64\debug\net472\videoos.platform.common.tests.dll" id="e2649807-37bb-a070-b4f0-e51dd597a82c">
      <Execution id="00c73a5b-5948-4ea8-96ad-f55335b67fe2" />
      <TestMethod codeBase="D:\actions-runner\_work\XPCO\XPCO\MIP\MIPSDK\tst\VideoOS.Platform.Common.UnitTests\bin\x64\Debug\net472\VideoOS.Platform.Common.Tests.dll" adapterTypeName="executor://mstestadapter/v2" className="VideoOS.Platform.Common.Tests.MessagesClient.MessageClientTests" name="MessageClient_PublishesSuccessfuly" />
    </UnitTest>
    <UnitTest name="UnmanagedMessagesClient_CommandAcknowledged_OnAckMessageReceived" storage="d:\actions-runner\_work\xpco\xpco\mip\mipsdk\tst\videoos.platform.common.unittests\bin\x64\debug\net472\videoos.platform.common.tests.dll" id="2e76a750-4ed1-5036-c84f-51bd1128499d">
      <Execution id="3327c8cc-e15d-4a65-acc3-5661595b6601" />
      <TestMethod codeBase="D:\actions-runner\_work\XPCO\XPCO\MIP\MIPSDK\tst\VideoOS.Platform.Common.UnitTests\bin\x64\Debug\net472\VideoOS.Platform.Common.Tests.dll" adapterTypeName="executor://mstestadapter/v2" className="VideoOS.Platform.Common.Tests.MessagesClient.UnmanagedMessagesClientTests" name="UnmanagedMessagesClient_CommandAcknowledged_OnAckMessageReceived" />
    </UnitTest>
    <UnitTest name="LastProcessedMessageSequence_KeepsHigherValue_WhenCalledFromMultipleThreads (5,1000)" storage="d:\actions-runner\_work\xpco\xpco\mip\mipsdk\tst\videoos.platform.common.unittests\bin\x64\debug\net472\videoos.platform.common.tests.dll" id="661ab82d-f2c5-1cd6-7697-2496868621ca">
      <Execution id="0ec23377-7060-4dcb-af31-02f049193027" />
      <TestMethod codeBase="D:\actions-runner\_work\XPCO\XPCO\MIP\MIPSDK\tst\VideoOS.Platform.Common.UnitTests\bin\x64\Debug\net472\VideoOS.Platform.Common.Tests.dll" adapterTypeName="executor://mstestadapter/v2" className="VideoOS.Platform.Common.Tests.MessagesClient.LastProcessedMessageSequenceTests" name="LastProcessedMessageSequence_KeepsHigherValue_WhenCalledFromMultipleThreads" />
    </UnitTest>
    <UnitTest name="UnmanagedMessagesClient_SubscribeAsync_Succeeedes" storage="d:\actions-runner\_work\xpco\xpco\mip\mipsdk\tst\videoos.platform.common.unittests\bin\x64\debug\net472\videoos.platform.common.tests.dll" id="a15bb082-9826-e2d8-2bbc-381a4fd3bbf1">
      <Execution id="f89c63ca-ee5d-465f-a2c9-d2183fd1e683" />
      <TestMethod codeBase="D:\actions-runner\_work\XPCO\XPCO\MIP\MIPSDK\tst\VideoOS.Platform.Common.UnitTests\bin\x64\Debug\net472\VideoOS.Platform.Common.Tests.dll" adapterTypeName="executor://mstestadapter/v2" className="VideoOS.Platform.Common.Tests.MessagesClient.UnmanagedMessagesClientTests" name="UnmanagedMessagesClient_SubscribeAsync_Succeeedes" />
    </UnitTest>
    <UnitTest name="MessageClient_ConnectsSubscribesAndReceivesMessages" storage="d:\actions-runner\_work\xpco\xpco\mip\mipsdk\tst\videoos.platform.common.unittests\bin\x64\debug\net472\videoos.platform.common.tests.dll" id="369b70fb-adea-0c7a-c53f-0e4a5434b378">
      <Execution id="03f0bc6d-3dba-494b-aefc-952f93d26ef8" />
      <TestMethod codeBase="D:\actions-runner\_work\XPCO\XPCO\MIP\MIPSDK\tst\VideoOS.Platform.Common.UnitTests\bin\x64\Debug\net472\VideoOS.Platform.Common.Tests.dll" adapterTypeName="executor://mstestadapter/v2" className="VideoOS.Platform.Common.Tests.MessagesClient.MessageClientTests" name="MessageClient_ConnectsSubscribesAndReceivesMessages" />
    </UnitTest>
    <UnitTest name="UnmanagedMessagesClient_PublishAsyncThrowsCommunicationMipException_OnUnacknoledgedCommand" storage="d:\actions-runner\_work\xpco\xpco\mip\mipsdk\tst\videoos.platform.common.unittests\bin\x64\debug\net472\videoos.platform.common.tests.dll" id="6113d585-1c52-6ee0-8117-c47df2400b11">
      <Execution id="c282524a-8636-49ea-a498-1d362dbf843c" />
      <TestMethod codeBase="D:\actions-runner\_work\XPCO\XPCO\MIP\MIPSDK\tst\VideoOS.Platform.Common.UnitTests\bin\x64\Debug\net472\VideoOS.Platform.Common.Tests.dll" adapterTypeName="executor://mstestadapter/v2" className="VideoOS.Platform.Common.Tests.MessagesClient.UnmanagedMessagesClientTests" name="UnmanagedMessagesClient_PublishAsyncThrowsCommunicationMipException_OnUnacknoledgedCommand" />
    </UnitTest>
    <UnitTest name="MessageClient_ReconnectsOnFail_WithSessionId" storage="d:\actions-runner\_work\xpco\xpco\mip\mipsdk\tst\videoos.platform.common.unittests\bin\x64\debug\net472\videoos.platform.common.tests.dll" id="53bbdfd4-a0d7-b932-63ba-34eb278b5174">
      <Execution id="73d77d08-79b9-4f00-b38d-4112377eb5e5" />
      <TestMethod codeBase="D:\actions-runner\_work\XPCO\XPCO\MIP\MIPSDK\tst\VideoOS.Platform.Common.UnitTests\bin\x64\Debug\net472\VideoOS.Platform.Common.Tests.dll" adapterTypeName="executor://mstestadapter/v2" className="VideoOS.Platform.Common.Tests.MessagesClient.MessageClientTests" name="MessageClient_ReconnectsOnFail_WithSessionId" />
    </UnitTest>
    <UnitTest name="UnmanagedMessagesClient_UnsubscribeAsyncThrowsArgumentNullException_WhenEmptyTopic" storage="d:\actions-runner\_work\xpco\xpco\mip\mipsdk\tst\videoos.platform.common.unittests\bin\x64\debug\net472\videoos.platform.common.tests.dll" id="d4a31fd0-d7bb-644e-ae0f-28595237d2c2">
      <Execution id="87175ba3-203b-417b-9082-5e41becdd543" />
      <TestMethod codeBase="D:\actions-runner\_work\XPCO\XPCO\MIP\MIPSDK\tst\VideoOS.Platform.Common.UnitTests\bin\x64\Debug\net472\VideoOS.Platform.Common.Tests.dll" adapterTypeName="executor://mstestadapter/v2" className="VideoOS.Platform.Common.Tests.MessagesClient.UnmanagedMessagesClientTests" name="UnmanagedMessagesClient_UnsubscribeAsyncThrowsArgumentNullException_WhenEmptyTopic" />
    </UnitTest>
    <UnitTest name="MessageClient_ReconnectsOnFail_WithoutSessionId" storage="d:\actions-runner\_work\xpco\xpco\mip\mipsdk\tst\videoos.platform.common.unittests\bin\x64\debug\net472\videoos.platform.common.tests.dll" id="35dd3e81-08e9-d17b-8a33-778f4b16c0db">
      <Execution id="8e27e3d6-ce5e-48f7-8bd2-8861c2734c73" />
      <TestMethod codeBase="D:\actions-runner\_work\XPCO\XPCO\MIP\MIPSDK\tst\VideoOS.Platform.Common.UnitTests\bin\x64\Debug\net472\VideoOS.Platform.Common.Tests.dll" adapterTypeName="executor://mstestadapter/v2" className="VideoOS.Platform.Common.Tests.MessagesClient.MessageClientTests" name="MessageClient_ReconnectsOnFail_WithoutSessionId" />
    </UnitTest>
    <UnitTest name="UnmanagedMessagesClient_UnsubscribeAsyncThrowsCommunicationMipException_OnUnacknoledgedCommand" storage="d:\actions-runner\_work\xpco\xpco\mip\mipsdk\tst\videoos.platform.common.unittests\bin\x64\debug\net472\videoos.platform.common.tests.dll" id="7fd14a29-ca57-7558-05c9-27914b466fd4">
      <Execution id="d757406f-05cf-41c8-855a-6e73f9c1ac2a" />
      <TestMethod codeBase="D:\actions-runner\_work\XPCO\XPCO\MIP\MIPSDK\tst\VideoOS.Platform.Common.UnitTests\bin\x64\Debug\net472\VideoOS.Platform.Common.Tests.dll" adapterTypeName="executor://mstestadapter/v2" className="VideoOS.Platform.Common.Tests.MessagesClient.UnmanagedMessagesClientTests" name="UnmanagedMessagesClient_UnsubscribeAsyncThrowsCommunicationMipException_OnUnacknoledgedCommand" />
    </UnitTest>
  </TestDefinitions>
  <TestEntries>
    <TestEntry testId="a15bb082-9826-e2d8-2bbc-381a4fd3bbf1" executionId="f89c63ca-ee5d-465f-a2c9-d2183fd1e683" testListId="8c84fa94-04c1-424b-9868-57a2d4851a1d" />
    <TestEntry testId="e2649807-37bb-a070-b4f0-e51dd597a82c" executionId="00c73a5b-5948-4ea8-96ad-f55335b67fe2" testListId="8c84fa94-04c1-424b-9868-57a2d4851a1d" />
    <TestEntry testId="661ab82d-f2c5-1cd6-7697-2496868621ca" executionId="0ec23377-7060-4dcb-af31-02f049193027" testListId="8c84fa94-04c1-424b-9868-57a2d4851a1d" />
    <TestEntry testId="9812aa59-30cc-6a30-4d77-58d7a0c7120b" executionId="fae28c15-ff4e-42cd-bfab-6791c9dfa5fc" testListId="8c84fa94-04c1-424b-9868-57a2d4851a1d" />
    <TestEntry testId="7fd14a29-ca57-7558-05c9-27914b466fd4" executionId="d757406f-05cf-41c8-855a-6e73f9c1ac2a" testListId="8c84fa94-04c1-424b-9868-57a2d4851a1d" />
    <TestEntry testId="ba323f9b-6e86-6a0e-98bc-09de9ded2195" executionId="0a291fc9-194f-4963-aae3-c8ab994180be" testListId="8c84fa94-04c1-424b-9868-57a2d4851a1d" />
    <TestEntry testId="35dd3e81-08e9-d17b-8a33-778f4b16c0db" executionId="8e27e3d6-ce5e-48f7-8bd2-8861c2734c73" testListId="8c84fa94-04c1-424b-9868-57a2d4851a1d" />
    <TestEntry testId="f321d583-6820-e8ad-87f2-98ed884298f5" executionId="fdb0702b-665a-42e3-80a0-b692e47f7453" testListId="8c84fa94-04c1-424b-9868-57a2d4851a1d" />
    <TestEntry testId="2e76a750-4ed1-5036-c84f-51bd1128499d" executionId="3327c8cc-e15d-4a65-acc3-5661595b6601" testListId="8c84fa94-04c1-424b-9868-57a2d4851a1d" />
    <TestEntry testId="ddd6506e-79b0-b218-a118-9e4bb15f5787" executionId="ce1f01b1-8feb-49f2-85c4-46e3b7fc7fb6" testListId="8c84fa94-04c1-424b-9868-57a2d4851a1d" />
    <TestEntry testId="8f23febd-4c80-4a0b-73f8-cd4e072a3be3" executionId="f784bfcf-ca18-4c0e-9b69-8e280dce9009" testListId="8c84fa94-04c1-424b-9868-57a2d4851a1d" />
    <TestEntry testId="b62116f8-b23d-e89b-a86d-2123115909d7" executionId="2737bc0a-4f2f-4061-b1e7-1f7011b32127" testListId="8c84fa94-04c1-424b-9868-57a2d4851a1d" />
    <TestEntry testId="bde86493-a81b-62bb-0fb3-667dae30f73a" executionId="6b44c08e-7d42-4c5d-8586-6efccc547bd0" testListId="8c84fa94-04c1-424b-9868-57a2d4851a1d" />
    <TestEntry testId="146134db-aca7-0597-22bc-748555377921" executionId="faf7b3ce-0a82-40b0-9fed-dcdb5a578311" testListId="8c84fa94-04c1-424b-9868-57a2d4851a1d" />
    <TestEntry testId="53bbdfd4-a0d7-b932-63ba-34eb278b5174" executionId="73d77d08-79b9-4f00-b38d-4112377eb5e5" testListId="8c84fa94-04c1-424b-9868-57a2d4851a1d" />
    <TestEntry testId="6113d585-1c52-6ee0-8117-c47df2400b11" executionId="c282524a-8636-49ea-a498-1d362dbf843c" testListId="8c84fa94-04c1-424b-9868-57a2d4851a1d" />
    <TestEntry testId="481ad207-9461-54b4-1bba-f9024d9501f6" executionId="d27c8ca2-4e6d-4cb9-91cd-d284891a7182" testListId="8c84fa94-04c1-424b-9868-57a2d4851a1d" />
    <TestEntry testId="61c7e091-1b3e-1a39-515c-79461bbab0f9" executionId="95efce3f-4bbb-4484-9a43-41c464d40fc3" testListId="8c84fa94-04c1-424b-9868-57a2d4851a1d" />
    <TestEntry testId="ab926be0-7655-5fef-6b82-420cc027711b" executionId="a021711f-a50a-4b41-af5a-2fe8ae404e85" testListId="8c84fa94-04c1-424b-9868-57a2d4851a1d" />
    <TestEntry testId="34dd6073-72f3-7452-2410-e6841f900937" executionId="70e251cc-97c7-4547-a36f-e445c6697155" testListId="8c84fa94-04c1-424b-9868-57a2d4851a1d" />
    <TestEntry testId="e3f43c17-4ef6-ef50-cf90-968950273566" executionId="a4c2a2c9-b022-4106-ac58-6913aeea3641" testListId="8c84fa94-04c1-424b-9868-57a2d4851a1d" />
    <TestEntry testId="15cf5f1f-ab36-1240-895a-02520d6709ad" executionId="df055ae9-4177-407d-bab3-802f0b2fca7f" testListId="8c84fa94-04c1-424b-9868-57a2d4851a1d" />
    <TestEntry testId="0c8abb15-32af-342b-38ad-0fe9a5c21c5d" executionId="f8b2fd52-c970-4c68-9a78-fdb3c6d241ec" testListId="8c84fa94-04c1-424b-9868-57a2d4851a1d" />
    <TestEntry testId="7b3b8817-3629-0f9e-a5c9-7ef07eb00100" executionId="e0cadf0b-791e-4aa3-9f3c-1da481fb7811" testListId="8c84fa94-04c1-424b-9868-57a2d4851a1d" />
    <TestEntry testId="e57fdccb-2ce2-77ef-c1eb-db1df10e4742" executionId="ddc20e22-812d-4668-9c69-e255e4c65572" testListId="8c84fa94-04c1-424b-9868-57a2d4851a1d" />
    <TestEntry testId="d4a31fd0-d7bb-644e-ae0f-28595237d2c2" executionId="87175ba3-203b-417b-9082-5e41becdd543" testListId="8c84fa94-04c1-424b-9868-57a2d4851a1d" />
    <TestEntry testId="844a9fa4-118c-b932-6fa0-4c03835f9391" executionId="256842e5-16d8-4544-91eb-2ebfcc1425b0" testListId="8c84fa94-04c1-424b-9868-57a2d4851a1d" />
    <TestEntry testId="369b70fb-adea-0c7a-c53f-0e4a5434b378" executionId="03f0bc6d-3dba-494b-aefc-952f93d26ef8" testListId="8c84fa94-04c1-424b-9868-57a2d4851a1d" />
    <TestEntry testId="0354bd2c-a3af-b7d1-6ee3-5d4076361cc9" executionId="81163b66-a300-4c81-8c9b-d686fc9c2306" testListId="8c84fa94-04c1-424b-9868-57a2d4851a1d" />
  </TestEntries>
  <TestLists>
    <TestList name="Results Not in a List" id="8c84fa94-04c1-424b-9868-57a2d4851a1d" />
    <TestList name="All Loaded Results" id="19431567-8539-422a-85d7-44ee4e166bda" />
  </TestLists>
  <ResultSummary outcome="Completed">
    <Counters total="29" executed="29" passed="29" failed="0" error="0" timeout="0" aborted="0" inconclusive="0" passedButRunAborted="0" notRunnable="0" notExecuted="0" disconnected="0" warning="0" completed="0" inProgress="0" pending="0" />
  </ResultSummary>
</TestRun>