<?xml version="1.0" encoding="utf-8"?>
<TestRun id="8bff637a-b3eb-44c4-900c-19797627dcfc" name="DKSR-EFI-06$@DKSR-EFI-06 2024-01-09 15:43:12" runUser="NT AUTHORITY\NETWORK SERVICE" xmlns="http://microsoft.com/schemas/VisualStudio/TeamTest/2010">
  <Times creation="2024-01-09T15:43:12.2634826+01:00" queuing="2024-01-09T15:43:12.2634826+01:00" start="2024-01-09T15:43:09.3416023+01:00" finish="2024-01-09T15:43:13.3728624+01:00" />
  <TestSettings name="default" id="f96193ca-1eb7-4e2e-aa3d-0aef68287608">
    <Deployment runDeploymentRoot="DKSR-EFI-06$_DKSR-EFI-06_2024-01-09_15_43_12" />
  </TestSettings>
  <Results>
    <UnitTestResult executionId="64e3c5e7-5247-4264-8306-f356c5ecfb9b" testId="802520b1-0d5a-613e-0ee2-ad8c68d508f0" testName="GetAsync_ReturnsPaginatedEvents_WhenExist (data,Descending,False,1)" computerName="DKSR-EFI-06" duration="00:00:00.0029252" startTime="2024-01-09T15:43:12.4197338+01:00" endTime="2024-01-09T15:43:12.4197338+01:00" testType="13cdc9d9-ddb5-4fa4-a97d-d965ccfc6d4b" outcome="Passed" testListId="8c84fa94-04c1-424b-9868-57a2d4851a1d" relativeResultsDirectory="64e3c5e7-5247-4264-8306-f356c5ecfb9b" />
    <UnitTestResult executionId="2de99292-979c-40af-bf94-957fbb929b60" testId="90114774-1cb2-f272-52b5-29215d30d3b5" testName="PostAsync_ThrowsAlarmServiceFaultExceptionUnknownSession_WhenNotExistingSessionRequested" computerName="DKSR-EFI-06" duration="00:00:00.0615018" startTime="2024-01-09T15:43:12.7791109+01:00" endTime="2024-01-09T15:43:12.8416096+01:00" testType="13cdc9d9-ddb5-4fa4-a97d-d965ccfc6d4b" outcome="Passed" testListId="8c84fa94-04c1-424b-9868-57a2d4851a1d" relativeResultsDirectory="2de99292-979c-40af-bf94-957fbb929b60" />
    <UnitTestResult executionId="bc9c1309-0b15-4f3b-94f8-346f0cf0e540" testId="94161e01-ac0c-0327-e143-9fd2acae0a15" testName="PostAsync_ReturnsBadRequest_WhenUnknownEventType" computerName="DKSR-EFI-06" duration="00:00:00.0137368" startTime="2024-01-09T15:43:12.6072389+01:00" endTime="2024-01-09T15:43:12.6228591+01:00" testType="13cdc9d9-ddb5-4fa4-a97d-d965ccfc6d4b" outcome="Passed" testListId="8c84fa94-04c1-424b-9868-57a2d4851a1d" relativeResultsDirectory="bc9c1309-0b15-4f3b-94f8-346f0cf0e540" />
    <UnitTestResult executionId="ef03d9f5-1521-4729-bdfd-a55dea4cf29a" testId="948b4174-0712-6c23-3728-d442d1aa17ab" testName="PostAsync_NotSendsEventToEngine_WhenUnableToMap" computerName="DKSR-EFI-06" duration="00:00:00.0025120" startTime="2024-01-09T15:43:12.7009854+01:00" endTime="2024-01-09T15:43:12.7009854+01:00" testType="13cdc9d9-ddb5-4fa4-a97d-d965ccfc6d4b" outcome="Passed" testListId="8c84fa94-04c1-424b-9868-57a2d4851a1d" relativeResultsDirectory="ef03d9f5-1521-4729-bdfd-a55dea4cf29a" />
    <UnitTestResult executionId="53db013f-57b6-4fd7-9a0f-d95495424538" testId="3f21b7df-b0bb-b34d-9018-ab8f441e265b" testName="PostAsync_Succeeds_WhenValidUserAndExistingSession" computerName="DKSR-EFI-06" duration="00:00:00.0055229" startTime="2024-01-09T15:43:12.8572353+01:00" endTime="2024-01-09T15:43:12.8572353+01:00" testType="13cdc9d9-ddb5-4fa4-a97d-d965ccfc6d4b" outcome="Passed" testListId="8c84fa94-04c1-424b-9868-57a2d4851a1d" relativeResultsDirectory="53db013f-57b6-4fd7-9a0f-d95495424538" />
    <UnitTestResult executionId="4e16ed5f-c2fe-4468-9817-2bcd53bdc1cb" testId="b74476d9-c255-588f-5a5d-d691ed20deb7" testName="GetByIdAsync_ReturnsEventFound_WhenExistingEventRequested (,True)" computerName="DKSR-EFI-06" duration="00:00:00.0193025" startTime="2024-01-09T15:43:12.2478591+01:00" endTime="2024-01-09T15:43:12.2791081+01:00" testType="13cdc9d9-ddb5-4fa4-a97d-d965ccfc6d4b" outcome="Passed" testListId="8c84fa94-04c1-424b-9868-57a2d4851a1d" relativeResultsDirectory="4e16ed5f-c2fe-4468-9817-2bcd53bdc1cb" />
    <UnitTestResult executionId="9c981b7c-0180-48df-b1c0-0d20c7b98b1f" testId="ae9660a6-e277-9bee-a27e-a8d023d41c08" testName="GetAsync_ReturnsNotAuthorized_WhenNotAuthorizedUserRequests (data,False)" computerName="DKSR-EFI-06" duration="00:00:00.0457560" startTime="2024-01-09T15:43:12.4666098+01:00" endTime="2024-01-09T15:43:12.5134820+01:00" testType="13cdc9d9-ddb5-4fa4-a97d-d965ccfc6d4b" outcome="Passed" testListId="8c84fa94-04c1-424b-9868-57a2d4851a1d" relativeResultsDirectory="9c981b7c-0180-48df-b1c0-0d20c7b98b1f" />
    <UnitTestResult executionId="39b88fb1-b298-4ee2-982c-8eecdc330c08" testId="934a06c1-3cf8-f511-422e-e84a6396ffd7" testName="PostAsync_SendsEventToEngine_WhenAuthorized" computerName="DKSR-EFI-06" duration="00:00:00.0651760" startTime="2024-01-09T15:43:12.6228591+01:00" endTime="2024-01-09T15:43:12.7009854+01:00" testType="13cdc9d9-ddb5-4fa4-a97d-d965ccfc6d4b" outcome="Passed" testListId="8c84fa94-04c1-424b-9868-57a2d4851a1d" relativeResultsDirectory="39b88fb1-b298-4ee2-982c-8eecdc330c08" />
    <UnitTestResult executionId="8bf17df2-b016-4766-a1e4-340ee899d696" testId="c0b4efa9-b9b6-ca2f-e87a-01a3f677ec3a" testName="PostAsync_ThrowsUserValidationException_WhenInvalidUserRequests" computerName="DKSR-EFI-06" duration="00:00:00.0014086" startTime="2024-01-09T15:43:12.8416096+01:00" endTime="2024-01-09T15:43:12.8572353+01:00" testType="13cdc9d9-ddb5-4fa4-a97d-d965ccfc6d4b" outcome="Passed" testListId="8c84fa94-04c1-424b-9868-57a2d4851a1d" relativeResultsDirectory="8bf17df2-b016-4766-a1e4-340ee899d696" />
    <UnitTestResult executionId="8c1fd0b1-0398-448f-a3a8-c7e5cdfeb013" testId="ed987f32-7c2a-7205-2fc3-e0e36ac89f07" testName="GetByIdAsync_ReturnsNotFound_WhenNotExistingEventRequested" computerName="DKSR-EFI-06" duration="00:00:00.5090625" startTime="2024-01-09T15:43:11.7009848+01:00" endTime="2024-01-09T15:43:12.2166079+01:00" testType="13cdc9d9-ddb5-4fa4-a97d-d965ccfc6d4b" outcome="Passed" testListId="8c84fa94-04c1-424b-9868-57a2d4851a1d" relativeResultsDirectory="8c1fd0b1-0398-448f-a3a8-c7e5cdfeb013" />
    <UnitTestResult executionId="3d468b74-b8a8-43d1-b139-ba47ec5fe26d" testId="82857a56-c193-a48e-37f3-31865ef4a457" testName="GetByIdAsync_ReturnsNotAuthorized_WhenNotAuthorizedUserRequests" computerName="DKSR-EFI-06" duration="00:00:00.0250155" startTime="2024-01-09T15:43:12.2322342+01:00" endTime="2024-01-09T15:43:12.2478591+01:00" testType="13cdc9d9-ddb5-4fa4-a97d-d965ccfc6d4b" outcome="Passed" testListId="8c84fa94-04c1-424b-9868-57a2d4851a1d" relativeResultsDirectory="3d468b74-b8a8-43d1-b139-ba47ec5fe26d" />
    <UnitTestResult executionId="c31521db-196e-4ced-b0ff-cd5c58c1d9c6" testId="3a52143a-a1ff-6795-3084-2134c4062d8b" testName="BodyString_SerializedToAProperObjectType_DependingOnDiscriminatorValue (free-form,VideoOS.EventServer.Events.RestApi.Dto.WellKnown.PostFreeFormEventBody)" computerName="DKSR-EFI-06" duration="00:00:00.0017487" startTime="2024-01-09T15:43:11.0134805+01:00" endTime="2024-01-09T15:43:11.6072323+01:00" testType="13cdc9d9-ddb5-4fa4-a97d-d965ccfc6d4b" outcome="Passed" testListId="8c84fa94-04c1-424b-9868-57a2d4851a1d" relativeResultsDirectory="c31521db-196e-4ced-b0ff-cd5c58c1d9c6" />
    <UnitTestResult executionId="fe658d52-4190-47e4-bf52-82986b7fab2a" testId="6257587a-e1d0-e9d3-b1d3-0f45d209a654" testName="GetByIdAsync_Succeeds_WhenValidUserAndExistingSession" computerName="DKSR-EFI-06" duration="00:00:00.0175011" startTime="2024-01-09T15:43:12.8728604+01:00" endTime="2024-01-09T15:43:12.8884843+01:00" testType="13cdc9d9-ddb5-4fa4-a97d-d965ccfc6d4b" outcome="Passed" testListId="8c84fa94-04c1-424b-9868-57a2d4851a1d" relativeResultsDirectory="fe658d52-4190-47e4-bf52-82986b7fab2a" />
    <UnitTestResult executionId="f6df892a-48fa-40f6-99c9-624ba9e63c93" testId="adc1ccc2-73bb-6e84-2f62-42eab83714b2" testName="GetAsync_ReturnsForbidden_WhenUserHasNoRoles" computerName="DKSR-EFI-06" duration="00:00:00.0053467" startTime="2024-01-09T15:43:12.2166079+01:00" endTime="2024-01-09T15:43:12.2322342+01:00" testType="13cdc9d9-ddb5-4fa4-a97d-d965ccfc6d4b" outcome="Passed" testListId="8c84fa94-04c1-424b-9868-57a2d4851a1d" relativeResultsDirectory="f6df892a-48fa-40f6-99c9-624ba9e63c93" />
    <UnitTestResult executionId="1bf2ba4d-fc10-4010-94d9-b6f9e35c14a7" testId="3a52143a-a1ff-6795-3084-2134c4062d8b" testName="BodyString_SerializedToAProperObjectType_DependingOnDiscriminatorValue (analytics,VideoOS.EventServer.Events.RestApi.Dto.WellKnown.PostAnalyticsEventBody)" computerName="DKSR-EFI-06" duration="00:00:00.0345408" startTime="2024-01-09T15:43:11.0134805+01:00" endTime="2024-01-09T15:43:11.6072323+01:00" testType="13cdc9d9-ddb5-4fa4-a97d-d965ccfc6d4b" outcome="Passed" testListId="8c84fa94-04c1-424b-9868-57a2d4851a1d" relativeResultsDirectory="1bf2ba4d-fc10-4010-94d9-b6f9e35c14a7" />
    <UnitTestResult executionId="6ff93daa-7dd4-421a-a704-b5dec6dbf44d" testId="77027700-ddfa-bf87-84b5-3d479b7360a7" testName="GetByIdAsync_ThrowsUserValidationException_WhenNotAuthorizedUserRequests" computerName="DKSR-EFI-06" duration="00:00:00.0040049" startTime="2024-01-09T15:43:12.8728604+01:00" endTime="2024-01-09T15:43:12.8728604+01:00" testType="13cdc9d9-ddb5-4fa4-a97d-d965ccfc6d4b" outcome="Passed" testListId="8c84fa94-04c1-424b-9868-57a2d4851a1d" relativeResultsDirectory="6ff93daa-7dd4-421a-a704-b5dec6dbf44d" />
    <UnitTestResult executionId="2c7b8e31-8750-42ee-a521-2ed46c935bf0" testId="49016611-9031-c9da-ed05-958f413c1c80" testName="PostAsync_UsesXpcoRuleSupport_WhenQueryParameter (False)" computerName="DKSR-EFI-06" duration="00:00:00.0023730" startTime="2024-01-09T15:43:12.7009854+01:00" endTime="2024-01-09T15:43:12.7009854+01:00" testType="13cdc9d9-ddb5-4fa4-a97d-d965ccfc6d4b" outcome="Passed" testListId="8c84fa94-04c1-424b-9868-57a2d4851a1d" relativeResultsDirectory="2c7b8e31-8750-42ee-a521-2ed46c935bf0" />
    <UnitTestResult executionId="e3b77d76-5b9d-4d05-9c9d-bf476cf91c48" testId="cc2a2519-fc27-3fd8-811b-4aea487c11a5" testName="BodyString_SerializedToPostNoDataEventBody_WhenDiscrimatorIsMissingOrNull (, 'datatype': null)" computerName="DKSR-EFI-06" duration="00:00:00.0029369" startTime="2024-01-09T15:43:11.6228557+01:00" endTime="2024-01-09T15:43:11.7009848+01:00" testType="13cdc9d9-ddb5-4fa4-a97d-d965ccfc6d4b" outcome="Passed" testListId="8c84fa94-04c1-424b-9868-57a2d4851a1d" relativeResultsDirectory="e3b77d76-5b9d-4d05-9c9d-bf476cf91c48" />
    <UnitTestResult executionId="7c49708c-a367-4a8f-916c-4a41095eaf2b" testId="5dab7833-75b2-6c05-36ee-5b63d8182711" testName="DeleteByIdAsync_ThrowsAlarmServiceFaultExceptionUnknownSession_WhenNotExistingSessionRequested" computerName="DKSR-EFI-06" duration="00:00:00.0061112" startTime="2024-01-09T15:43:12.8884843+01:00" endTime="2024-01-09T15:43:12.9041574+01:00" testType="13cdc9d9-ddb5-4fa4-a97d-d965ccfc6d4b" outcome="Passed" testListId="8c84fa94-04c1-424b-9868-57a2d4851a1d" relativeResultsDirectory="7c49708c-a367-4a8f-916c-4a41095eaf2b" />
    <UnitTestResult executionId="54189faf-fc2c-42f5-bf38-f50b30b0641c" testId="9a1ae1ec-a492-b85d-6e3b-3fc1e189de5f" testName="PostAsync_SendsUserDefinedEventsToManagementServer_WhenTriggerRules" computerName="DKSR-EFI-06" duration="00:00:00.0055517" startTime="2024-01-09T15:43:12.7009854+01:00" endTime="2024-01-09T15:43:12.7166100+01:00" testType="13cdc9d9-ddb5-4fa4-a97d-d965ccfc6d4b" outcome="Passed" testListId="8c84fa94-04c1-424b-9868-57a2d4851a1d" relativeResultsDirectory="54189faf-fc2c-42f5-bf38-f50b30b0641c" />
    <UnitTestResult executionId="4b95b745-7371-4614-9519-3454aa5feaaa" testId="42b86eb0-56cd-8311-70b3-0936ece24236" testName="DeleteByIdAsync_ThrowsUserValidationException_WhenInvalidUserRequests" computerName="DKSR-EFI-06" duration="00:00:00.0013838" startTime="2024-01-09T15:43:12.9041574+01:00" endTime="2024-01-09T15:43:12.9041574+01:00" testType="13cdc9d9-ddb5-4fa4-a97d-d965ccfc6d4b" outcome="Passed" testListId="8c84fa94-04c1-424b-9868-57a2d4851a1d" relativeResultsDirectory="4b95b745-7371-4614-9519-3454aa5feaaa" />
    <UnitTestResult executionId="abb76117-63f6-4690-982d-3f0ccd11876a" testId="0a408c5f-8937-d70b-94e5-4e21161f0971" testName="PostAsync_CreatesEventWithData_WhenSentInBody" computerName="DKSR-EFI-06" duration="00:00:00.0968079" startTime="2024-01-09T15:43:12.5134820+01:00" endTime="2024-01-09T15:43:12.6072389+01:00" testType="13cdc9d9-ddb5-4fa4-a97d-d965ccfc6d4b" outcome="Passed" testListId="8c84fa94-04c1-424b-9868-57a2d4851a1d" relativeResultsDirectory="abb76117-63f6-4690-982d-3f0ccd11876a" />
    <UnitTestResult executionId="2a80da9c-c3b5-47f6-9130-a4dafe88d30e" testId="67ce18f1-7688-06bf-5d81-6cda154fb2e1" testName="BodyString_SerializedToPostNoDataEventBody_WhenDiscrimatorIsMissingOrNull ()" computerName="DKSR-EFI-06" duration="00:00:00.0001156" startTime="2024-01-09T15:43:11.7009848+01:00" endTime="2024-01-09T15:43:11.7009848+01:00" testType="13cdc9d9-ddb5-4fa4-a97d-d965ccfc6d4b" outcome="Passed" testListId="8c84fa94-04c1-424b-9868-57a2d4851a1d" relativeResultsDirectory="2a80da9c-c3b5-47f6-9130-a4dafe88d30e" />
    <UnitTestResult executionId="bd9e7e7c-1d53-4c0a-bd70-7b55521c706d" testId="fef32650-af22-1620-75dd-8c73b174850e" testName="GetAsync_ReturnsNotAuthorized_WhenNotAuthorizedUserRequests (,True)" computerName="DKSR-EFI-06" duration="00:00:00.0425557" startTime="2024-01-09T15:43:12.4197338+01:00" endTime="2024-01-09T15:43:12.4666098+01:00" testType="13cdc9d9-ddb5-4fa4-a97d-d965ccfc6d4b" outcome="Passed" testListId="8c84fa94-04c1-424b-9868-57a2d4851a1d" relativeResultsDirectory="bd9e7e7c-1d53-4c0a-bd70-7b55521c706d" />
    <UnitTestResult executionId="4840b698-c493-4dc1-8013-1e4bf8b65d2c" testId="484c0f1b-54bf-832d-ba36-a19d92695499" testName="GetAsync_ReturnsPaginatedEvents_WhenExist (,Ascending,True,0)" computerName="DKSR-EFI-06" duration="00:00:00.1193815" startTime="2024-01-09T15:43:12.2791081+01:00" endTime="2024-01-09T15:43:12.4197338+01:00" testType="13cdc9d9-ddb5-4fa4-a97d-d965ccfc6d4b" outcome="Passed" testListId="8c84fa94-04c1-424b-9868-57a2d4851a1d" relativeResultsDirectory="4840b698-c493-4dc1-8013-1e4bf8b65d2c" />
    <UnitTestResult executionId="14bdd575-3a22-46d9-a820-72c12d1d6a19" testId="cdf2ba28-ce3b-75fb-0ba0-65bf3b3d1949" testName="DeleteByIdAsync_Succeeds_WhenValidUserAndExistingSession" computerName="DKSR-EFI-06" duration="00:00:00.0009489" startTime="2024-01-09T15:43:12.9041574+01:00" endTime="2024-01-09T15:43:12.9041574+01:00" testType="13cdc9d9-ddb5-4fa4-a97d-d965ccfc6d4b" outcome="Passed" testListId="8c84fa94-04c1-424b-9868-57a2d4851a1d" relativeResultsDirectory="14bdd575-3a22-46d9-a820-72c12d1d6a19" />
    <UnitTestResult executionId="4902f727-bd4f-43ae-b85b-6881dea4c314" testId="1ee99710-e165-38d9-a230-ef0e9076e6a7" testName="DeleteByIdAsync_ThrowsAlarmServiceFaultExceptionInvalidAuthentication_WhenNotAuthorizedUserRequests" computerName="DKSR-EFI-06" duration="00:00:00.0025815" startTime="2024-01-09T15:43:12.9041574+01:00" endTime="2024-01-09T15:43:12.9041574+01:00" testType="13cdc9d9-ddb5-4fa4-a97d-d965ccfc6d4b" outcome="Passed" testListId="8c84fa94-04c1-424b-9868-57a2d4851a1d" relativeResultsDirectory="4902f727-bd4f-43ae-b85b-6881dea4c314" />
    <UnitTestResult executionId="ba5be956-5905-4c58-b335-14807428a6f5" testId="b2d3debe-b5be-879b-611f-9be36484dc6c" testName="GetByIdAsync_ReturnsEventFound_WhenExistingEventRequested (data,False)" computerName="DKSR-EFI-06" duration="00:00:00.0064308" startTime="2024-01-09T15:43:12.2791081+01:00" endTime="2024-01-09T15:43:12.2791081+01:00" testType="13cdc9d9-ddb5-4fa4-a97d-d965ccfc6d4b" outcome="Passed" testListId="8c84fa94-04c1-424b-9868-57a2d4851a1d" relativeResultsDirectory="ba5be956-5905-4c58-b335-14807428a6f5" />
    <UnitTestResult executionId="e49b26e8-5c04-4feb-aa68-ea91c2cefa1b" testId="6632b11b-0184-5c14-c2b8-78ce234c5363" testName="PostBulkAsync_UsesXpcoRuleSupport_WhenQueryParameter (True)" computerName="DKSR-EFI-06" duration="00:00:00.0190232" startTime="2024-01-09T15:43:12.7166100+01:00" endTime="2024-01-09T15:43:12.7322333+01:00" testType="13cdc9d9-ddb5-4fa4-a97d-d965ccfc6d4b" outcome="Passed" testListId="8c84fa94-04c1-424b-9868-57a2d4851a1d" relativeResultsDirectory="e49b26e8-5c04-4feb-aa68-ea91c2cefa1b" />
    <UnitTestResult executionId="4d3b95e9-c779-4d64-97bc-7fdb192acc66" testId="62ad8f0a-91f0-1ab1-fb1e-ed95d18a0809" testName="GetByIdAsync_ThrowsAlarmServiceFaultExceptionUnknownSession_WhenNotExistingSessionRequested" computerName="DKSR-EFI-06" duration="00:00:00.0096190" startTime="2024-01-09T15:43:12.8572353+01:00" endTime="2024-01-09T15:43:12.8728604+01:00" testType="13cdc9d9-ddb5-4fa4-a97d-d965ccfc6d4b" outcome="Passed" testListId="8c84fa94-04c1-424b-9868-57a2d4851a1d" relativeResultsDirectory="4d3b95e9-c779-4d64-97bc-7fdb192acc66" />
    <UnitTestResult executionId="01dd0f89-57c7-4659-bd52-d910e4ad8919" testId="bd409c61-daf2-6c56-ebbb-a3338b82eeae" testName="PostAsync_UsesXpcoRuleSupport_WhenQueryParameter (True)" computerName="DKSR-EFI-06" duration="00:00:00.0056495" startTime="2024-01-09T15:43:12.7009854+01:00" endTime="2024-01-09T15:43:12.7009854+01:00" testType="13cdc9d9-ddb5-4fa4-a97d-d965ccfc6d4b" outcome="Passed" testListId="8c84fa94-04c1-424b-9868-57a2d4851a1d" relativeResultsDirectory="01dd0f89-57c7-4659-bd52-d910e4ad8919" />
    <UnitTestResult executionId="8a495f92-f602-4ee5-80e4-81d6725fa90f" testId="6551d7d1-be05-4376-ef23-7f37d0c9cbc5" testName="GetByIdAsync_ThrowsAlarmServiceFaultExceptionInvalidAuthentication_WhenNotAuthorizedUserRequests" computerName="DKSR-EFI-06" duration="00:00:00.0028608" startTime="2024-01-09T15:43:12.8728604+01:00" endTime="2024-01-09T15:43:12.8728604+01:00" testType="13cdc9d9-ddb5-4fa4-a97d-d965ccfc6d4b" outcome="Passed" testListId="8c84fa94-04c1-424b-9868-57a2d4851a1d" relativeResultsDirectory="8a495f92-f602-4ee5-80e4-81d6725fa90f" />
    <UnitTestResult executionId="29113c8a-fc71-45ff-b2b1-8e64b9eb2232" testId="eefcf94c-f46d-7ce8-85c0-5c17cfe31e60" testName="PostAsync_ThrowsAlarmServiceFaultExceptionInvalidAuthentication_WhenNotAuthorizedUserRequests" computerName="DKSR-EFI-06" duration="00:00:00.0018727" startTime="2024-01-09T15:43:12.8572353+01:00" endTime="2024-01-09T15:43:12.8572353+01:00" testType="13cdc9d9-ddb5-4fa4-a97d-d965ccfc6d4b" outcome="Passed" testListId="8c84fa94-04c1-424b-9868-57a2d4851a1d" relativeResultsDirectory="29113c8a-fc71-45ff-b2b1-8e64b9eb2232" />
    <UnitTestResult executionId="d7d6ecd1-82e4-40ee-b9ab-d4c2730197cd" testId="3a52143a-a1ff-6795-3084-2134c4062d8b" testName="BodyString_SerializedToAProperObjectType_DependingOnDiscriminatorValue (none,VideoOS.EventServer.Events.RestApi.Dto.WellKnown.PostNoDataEventBody)" computerName="DKSR-EFI-06" duration="00:00:00.3695312" startTime="2024-01-09T15:43:11.0134805+01:00" endTime="2024-01-09T15:43:11.6072323+01:00" testType="13cdc9d9-ddb5-4fa4-a97d-d965ccfc6d4b" outcome="Passed" testListId="8c84fa94-04c1-424b-9868-57a2d4851a1d" relativeResultsDirectory="d7d6ecd1-82e4-40ee-b9ab-d4c2730197cd" />
    <UnitTestResult executionId="adeb4cac-6469-4d39-8fd7-10e07e88cf3e" testId="bb57cf2f-8e06-087f-c983-33aa9bf210e7" testName="PostAsync_NotSendsUserDefinedEventsBackToManagementServer_WhenNotTriggerRules" computerName="DKSR-EFI-06" duration="00:00:00.0043814" startTime="2024-01-09T15:43:12.7166100+01:00" endTime="2024-01-09T15:43:12.7166100+01:00" testType="13cdc9d9-ddb5-4fa4-a97d-d965ccfc6d4b" outcome="Passed" testListId="8c84fa94-04c1-424b-9868-57a2d4851a1d" relativeResultsDirectory="adeb4cac-6469-4d39-8fd7-10e07e88cf3e" />
    <UnitTestResult executionId="9daf5271-e876-4156-8770-725c748e6185" testId="d36adc97-eccd-9bab-bbfb-ed302103e02f" testName="GetByIdAsync_ReturnsForbidden_WhenUserHasNoRoles" computerName="DKSR-EFI-06" duration="00:00:00.0099037" startTime="2024-01-09T15:43:12.2166079+01:00" endTime="2024-01-09T15:43:12.2166079+01:00" testType="13cdc9d9-ddb5-4fa4-a97d-d965ccfc6d4b" outcome="Passed" testListId="8c84fa94-04c1-424b-9868-57a2d4851a1d" relativeResultsDirectory="9daf5271-e876-4156-8770-725c748e6185" />
    <UnitTestResult executionId="53ff068d-dc24-483c-9c0e-2e93d6bd1220" testId="ecbe3146-1636-022f-501c-ecdcd12cbc6f" testName="PostBulkAsync_ReturnsMixedResponse_WhenSentInBody" computerName="DKSR-EFI-06" duration="00:00:00.0449129" startTime="2024-01-09T15:43:12.7478573+01:00" endTime="2024-01-09T15:43:12.7791109+01:00" testType="13cdc9d9-ddb5-4fa4-a97d-d965ccfc6d4b" outcome="Passed" testListId="8c84fa94-04c1-424b-9868-57a2d4851a1d" relativeResultsDirectory="53ff068d-dc24-483c-9c0e-2e93d6bd1220" />
    <UnitTestResult executionId="f18de082-ad9a-4520-ba74-4c261e8b791b" testId="58714301-2b97-6f4c-d083-9a7fae5b2364" testName="PostBulkAsync_UsesXpcoRuleSupport_WhenQueryParameter (False)" computerName="DKSR-EFI-06" duration="00:00:00.0039041" startTime="2024-01-09T15:43:12.7322333+01:00" endTime="2024-01-09T15:43:12.7478573+01:00" testType="13cdc9d9-ddb5-4fa4-a97d-d965ccfc6d4b" outcome="Passed" testListId="8c84fa94-04c1-424b-9868-57a2d4851a1d" relativeResultsDirectory="f18de082-ad9a-4520-ba74-4c261e8b791b" />
    <UnitTestResult executionId="6b200ebf-4114-472f-9dff-6bad529e87df" testId="249dc055-da1b-1e40-f211-d6a4e358ab4b" testName="PostAsync_ReturnsUnauthorized_WhenUnauthorized" computerName="DKSR-EFI-06" duration="00:00:00.0084437" startTime="2024-01-09T15:43:12.6228591+01:00" endTime="2024-01-09T15:43:12.6228591+01:00" testType="13cdc9d9-ddb5-4fa4-a97d-d965ccfc6d4b" outcome="Passed" testListId="8c84fa94-04c1-424b-9868-57a2d4851a1d" relativeResultsDirectory="6b200ebf-4114-472f-9dff-6bad529e87df" />
  </Results>
  <TestDefinitions>
    <UnitTest name="GetByIdAsync_ReturnsNotAuthorized_WhenNotAuthorizedUserRequests" storage="d:\actions-runner\_work\xpco\xpco\eventserver\server\components\central\videoos.eventserver.events.restapi.unittest\bin\debug\net472\videoos.eventserver.events.restapi.unittest.dll" id="82857a56-c193-a48e-37f3-31865ef4a457">
      <Execution id="3d468b74-b8a8-43d1-b139-ba47ec5fe26d" />
      <TestMethod codeBase="D:\actions-runner\_work\XPCO\XPCO\EventServer\Server\Components\Central\VideoOS.EventServer.Events.RestApi.UnitTest\bin\Debug\net472\VideoOS.EventServer.Events.RestApi.UnitTest.dll" adapterTypeName="executor://mstestadapter/v2" className="VideoOS.EventServer.Events.RestApi.UnitTest.Controllers.EventsControllerTest" name="GetByIdAsync_ReturnsNotAuthorized_WhenNotAuthorizedUserRequests" />
    </UnitTest>
    <UnitTest name="PostAsync_ThrowsAlarmServiceFaultExceptionInvalidAuthentication_WhenNotAuthorizedUserRequests" storage="d:\actions-runner\_work\xpco\xpco\eventserver\server\components\central\videoos.eventserver.events.restapi.unittest\bin\debug\net472\videoos.eventserver.events.restapi.unittest.dll" id="eefcf94c-f46d-7ce8-85c0-5c17cfe31e60">
      <Execution id="29113c8a-fc71-45ff-b2b1-8e64b9eb2232" />
      <TestMethod codeBase="D:\actions-runner\_work\XPCO\XPCO\EventServer\Server\Components\Central\VideoOS.EventServer.Events.RestApi.UnitTest\bin\Debug\net472\VideoOS.EventServer.Events.RestApi.UnitTest.dll" adapterTypeName="executor://mstestadapter/v2" className="VideoOS.EventServer.Events.RestApi.UnitTest.Controllers.SessionsControllerTest" name="PostAsync_ThrowsAlarmServiceFaultExceptionInvalidAuthentication_WhenNotAuthorizedUserRequests" />
    </UnitTest>
    <UnitTest name="GetByIdAsync_Succeeds_WhenValidUserAndExistingSession" storage="d:\actions-runner\_work\xpco\xpco\eventserver\server\components\central\videoos.eventserver.events.restapi.unittest\bin\debug\net472\videoos.eventserver.events.restapi.unittest.dll" id="6257587a-e1d0-e9d3-b1d3-0f45d209a654">
      <Execution id="fe658d52-4190-47e4-bf52-82986b7fab2a" />
      <TestMethod codeBase="D:\actions-runner\_work\XPCO\XPCO\EventServer\Server\Components\Central\VideoOS.EventServer.Events.RestApi.UnitTest\bin\Debug\net472\VideoOS.EventServer.Events.RestApi.UnitTest.dll" adapterTypeName="executor://mstestadapter/v2" className="VideoOS.EventServer.Events.RestApi.UnitTest.Controllers.SessionsControllerTest" name="GetByIdAsync_Succeeds_WhenValidUserAndExistingSession" />
    </UnitTest>
    <UnitTest name="GetByIdAsync_ReturnsForbidden_WhenUserHasNoRoles" storage="d:\actions-runner\_work\xpco\xpco\eventserver\server\components\central\videoos.eventserver.events.restapi.unittest\bin\debug\net472\videoos.eventserver.events.restapi.unittest.dll" id="d36adc97-eccd-9bab-bbfb-ed302103e02f">
      <Execution id="9daf5271-e876-4156-8770-725c748e6185" />
      <TestMethod codeBase="D:\actions-runner\_work\XPCO\XPCO\EventServer\Server\Components\Central\VideoOS.EventServer.Events.RestApi.UnitTest\bin\Debug\net472\VideoOS.EventServer.Events.RestApi.UnitTest.dll" adapterTypeName="executor://mstestadapter/v2" className="VideoOS.EventServer.Events.RestApi.UnitTest.Controllers.EventsControllerTest" name="GetByIdAsync_ReturnsForbidden_WhenUserHasNoRoles" />
    </UnitTest>
    <UnitTest name="GetAsync_ReturnsForbidden_WhenUserHasNoRoles" storage="d:\actions-runner\_work\xpco\xpco\eventserver\server\components\central\videoos.eventserver.events.restapi.unittest\bin\debug\net472\videoos.eventserver.events.restapi.unittest.dll" id="adc1ccc2-73bb-6e84-2f62-42eab83714b2">
      <Execution id="f6df892a-48fa-40f6-99c9-624ba9e63c93" />
      <TestMethod codeBase="D:\actions-runner\_work\XPCO\XPCO\EventServer\Server\Components\Central\VideoOS.EventServer.Events.RestApi.UnitTest\bin\Debug\net472\VideoOS.EventServer.Events.RestApi.UnitTest.dll" adapterTypeName="executor://mstestadapter/v2" className="VideoOS.EventServer.Events.RestApi.UnitTest.Controllers.EventsControllerTest" name="GetAsync_ReturnsForbidden_WhenUserHasNoRoles" />
    </UnitTest>
    <UnitTest name="PostAsync_SendsUserDefinedEventsToManagementServer_WhenTriggerRules" storage="d:\actions-runner\_work\xpco\xpco\eventserver\server\components\central\videoos.eventserver.events.restapi.unittest\bin\debug\net472\videoos.eventserver.events.restapi.unittest.dll" id="9a1ae1ec-a492-b85d-6e3b-3fc1e189de5f">
      <Execution id="54189faf-fc2c-42f5-bf38-f50b30b0641c" />
      <TestMethod codeBase="D:\actions-runner\_work\XPCO\XPCO\EventServer\Server\Components\Central\VideoOS.EventServer.Events.RestApi.UnitTest\bin\Debug\net472\VideoOS.EventServer.Events.RestApi.UnitTest.dll" adapterTypeName="executor://mstestadapter/v2" className="VideoOS.EventServer.Events.RestApi.UnitTest.Controllers.EventsControllerTest" name="PostAsync_SendsUserDefinedEventsToManagementServer_WhenTriggerRules" />
    </UnitTest>
    <UnitTest name="DeleteByIdAsync_ThrowsUserValidationException_WhenInvalidUserRequests" storage="d:\actions-runner\_work\xpco\xpco\eventserver\server\components\central\videoos.eventserver.events.restapi.unittest\bin\debug\net472\videoos.eventserver.events.restapi.unittest.dll" id="42b86eb0-56cd-8311-70b3-0936ece24236">
      <Execution id="4b95b745-7371-4614-9519-3454aa5feaaa" />
      <TestMethod codeBase="D:\actions-runner\_work\XPCO\XPCO\EventServer\Server\Components\Central\VideoOS.EventServer.Events.RestApi.UnitTest\bin\Debug\net472\VideoOS.EventServer.Events.RestApi.UnitTest.dll" adapterTypeName="executor://mstestadapter/v2" className="VideoOS.EventServer.Events.RestApi.UnitTest.Controllers.SessionsControllerTest" name="DeleteByIdAsync_ThrowsUserValidationException_WhenInvalidUserRequests" />
    </UnitTest>
    <UnitTest name="DeleteByIdAsync_Succeeds_WhenValidUserAndExistingSession" storage="d:\actions-runner\_work\xpco\xpco\eventserver\server\components\central\videoos.eventserver.events.restapi.unittest\bin\debug\net472\videoos.eventserver.events.restapi.unittest.dll" id="cdf2ba28-ce3b-75fb-0ba0-65bf3b3d1949">
      <Execution id="14bdd575-3a22-46d9-a820-72c12d1d6a19" />
      <TestMethod codeBase="D:\actions-runner\_work\XPCO\XPCO\EventServer\Server\Components\Central\VideoOS.EventServer.Events.RestApi.UnitTest\bin\Debug\net472\VideoOS.EventServer.Events.RestApi.UnitTest.dll" adapterTypeName="executor://mstestadapter/v2" className="VideoOS.EventServer.Events.RestApi.UnitTest.Controllers.SessionsControllerTest" name="DeleteByIdAsync_Succeeds_WhenValidUserAndExistingSession" />
    </UnitTest>
    <UnitTest name="BodyString_SerializedToAProperObjectType_DependingOnDiscriminatorValue" storage="d:\actions-runner\_work\xpco\xpco\eventserver\server\components\central\videoos.eventserver.events.restapi.unittest\bin\debug\net472\videoos.eventserver.events.restapi.unittest.dll" id="3a52143a-a1ff-6795-3084-2134c4062d8b">
      <Execution id="d7d6ecd1-82e4-40ee-b9ab-d4c2730197cd" />
      <TestMethod codeBase="D:\actions-runner\_work\XPCO\XPCO\EventServer\Server\Components\Central\VideoOS.EventServer.Events.RestApi.UnitTest\bin\Debug\net472\VideoOS.EventServer.Events.RestApi.UnitTest.dll" adapterTypeName="executor://mstestadapter/v2" className="VideoOS.EventServer.Events.RestApi.UnitTest.Dto.PostEventBodyTest" name="BodyString_SerializedToAProperObjectType_DependingOnDiscriminatorValue" />
    </UnitTest>
    <UnitTest name="GetByIdAsync_ReturnsNotFound_WhenNotExistingEventRequested" storage="d:\actions-runner\_work\xpco\xpco\eventserver\server\components\central\videoos.eventserver.events.restapi.unittest\bin\debug\net472\videoos.eventserver.events.restapi.unittest.dll" id="ed987f32-7c2a-7205-2fc3-e0e36ac89f07">
      <Execution id="8c1fd0b1-0398-448f-a3a8-c7e5cdfeb013" />
      <TestMethod codeBase="D:\actions-runner\_work\XPCO\XPCO\EventServer\Server\Components\Central\VideoOS.EventServer.Events.RestApi.UnitTest\bin\Debug\net472\VideoOS.EventServer.Events.RestApi.UnitTest.dll" adapterTypeName="executor://mstestadapter/v2" className="VideoOS.EventServer.Events.RestApi.UnitTest.Controllers.EventsControllerTest" name="GetByIdAsync_ReturnsNotFound_WhenNotExistingEventRequested" />
    </UnitTest>
    <UnitTest name="DeleteByIdAsync_ThrowsAlarmServiceFaultExceptionUnknownSession_WhenNotExistingSessionRequested" storage="d:\actions-runner\_work\xpco\xpco\eventserver\server\components\central\videoos.eventserver.events.restapi.unittest\bin\debug\net472\videoos.eventserver.events.restapi.unittest.dll" id="5dab7833-75b2-6c05-36ee-5b63d8182711">
      <Execution id="7c49708c-a367-4a8f-916c-4a41095eaf2b" />
      <TestMethod codeBase="D:\actions-runner\_work\XPCO\XPCO\EventServer\Server\Components\Central\VideoOS.EventServer.Events.RestApi.UnitTest\bin\Debug\net472\VideoOS.EventServer.Events.RestApi.UnitTest.dll" adapterTypeName="executor://mstestadapter/v2" className="VideoOS.EventServer.Events.RestApi.UnitTest.Controllers.SessionsControllerTest" name="DeleteByIdAsync_ThrowsAlarmServiceFaultExceptionUnknownSession_WhenNotExistingSessionRequested" />
    </UnitTest>
    <UnitTest name="PostAsync_NotSendsUserDefinedEventsBackToManagementServer_WhenNotTriggerRules" storage="d:\actions-runner\_work\xpco\xpco\eventserver\server\components\central\videoos.eventserver.events.restapi.unittest\bin\debug\net472\videoos.eventserver.events.restapi.unittest.dll" id="bb57cf2f-8e06-087f-c983-33aa9bf210e7">
      <Execution id="adeb4cac-6469-4d39-8fd7-10e07e88cf3e" />
      <TestMethod codeBase="D:\actions-runner\_work\XPCO\XPCO\EventServer\Server\Components\Central\VideoOS.EventServer.Events.RestApi.UnitTest\bin\Debug\net472\VideoOS.EventServer.Events.RestApi.UnitTest.dll" adapterTypeName="executor://mstestadapter/v2" className="VideoOS.EventServer.Events.RestApi.UnitTest.Controllers.EventsControllerTest" name="PostAsync_NotSendsUserDefinedEventsBackToManagementServer_WhenNotTriggerRules" />
    </UnitTest>
    <UnitTest name="PostAsync_NotSendsEventToEngine_WhenUnableToMap" storage="d:\actions-runner\_work\xpco\xpco\eventserver\server\components\central\videoos.eventserver.events.restapi.unittest\bin\debug\net472\videoos.eventserver.events.restapi.unittest.dll" id="948b4174-0712-6c23-3728-d442d1aa17ab">
      <Execution id="ef03d9f5-1521-4729-bdfd-a55dea4cf29a" />
      <TestMethod codeBase="D:\actions-runner\_work\XPCO\XPCO\EventServer\Server\Components\Central\VideoOS.EventServer.Events.RestApi.UnitTest\bin\Debug\net472\VideoOS.EventServer.Events.RestApi.UnitTest.dll" adapterTypeName="executor://mstestadapter/v2" className="VideoOS.EventServer.Events.RestApi.UnitTest.Controllers.EventsControllerTest" name="PostAsync_NotSendsEventToEngine_WhenUnableToMap" />
    </UnitTest>
    <UnitTest name="GetByIdAsync_ThrowsUserValidationException_WhenNotAuthorizedUserRequests" storage="d:\actions-runner\_work\xpco\xpco\eventserver\server\components\central\videoos.eventserver.events.restapi.unittest\bin\debug\net472\videoos.eventserver.events.restapi.unittest.dll" id="77027700-ddfa-bf87-84b5-3d479b7360a7">
      <Execution id="6ff93daa-7dd4-421a-a704-b5dec6dbf44d" />
      <TestMethod codeBase="D:\actions-runner\_work\XPCO\XPCO\EventServer\Server\Components\Central\VideoOS.EventServer.Events.RestApi.UnitTest\bin\Debug\net472\VideoOS.EventServer.Events.RestApi.UnitTest.dll" adapterTypeName="executor://mstestadapter/v2" className="VideoOS.EventServer.Events.RestApi.UnitTest.Controllers.SessionsControllerTest" name="GetByIdAsync_ThrowsUserValidationException_WhenNotAuthorizedUserRequests" />
    </UnitTest>
    <UnitTest name="PostBulkAsync_UsesXpcoRuleSupport_WhenQueryParameter (True)" storage="d:\actions-runner\_work\xpco\xpco\eventserver\server\components\central\videoos.eventserver.events.restapi.unittest\bin\debug\net472\videoos.eventserver.events.restapi.unittest.dll" id="6632b11b-0184-5c14-c2b8-78ce234c5363">
      <Execution id="e49b26e8-5c04-4feb-aa68-ea91c2cefa1b" />
      <TestMethod codeBase="D:\actions-runner\_work\XPCO\XPCO\EventServer\Server\Components\Central\VideoOS.EventServer.Events.RestApi.UnitTest\bin\Debug\net472\VideoOS.EventServer.Events.RestApi.UnitTest.dll" adapterTypeName="executor://mstestadapter/v2" className="VideoOS.EventServer.Events.RestApi.UnitTest.Controllers.EventsControllerTest" name="PostBulkAsync_UsesXpcoRuleSupport_WhenQueryParameter" />
    </UnitTest>
    <UnitTest name="GetByIdAsync_ThrowsAlarmServiceFaultExceptionInvalidAuthentication_WhenNotAuthorizedUserRequests" storage="d:\actions-runner\_work\xpco\xpco\eventserver\server\components\central\videoos.eventserver.events.restapi.unittest\bin\debug\net472\videoos.eventserver.events.restapi.unittest.dll" id="6551d7d1-be05-4376-ef23-7f37d0c9cbc5">
      <Execution id="8a495f92-f602-4ee5-80e4-81d6725fa90f" />
      <TestMethod codeBase="D:\actions-runner\_work\XPCO\XPCO\EventServer\Server\Components\Central\VideoOS.EventServer.Events.RestApi.UnitTest\bin\Debug\net472\VideoOS.EventServer.Events.RestApi.UnitTest.dll" adapterTypeName="executor://mstestadapter/v2" className="VideoOS.EventServer.Events.RestApi.UnitTest.Controllers.SessionsControllerTest" name="GetByIdAsync_ThrowsAlarmServiceFaultExceptionInvalidAuthentication_WhenNotAuthorizedUserRequests" />
    </UnitTest>
    <UnitTest name="PostBulkAsync_ReturnsMixedResponse_WhenSentInBody" storage="d:\actions-runner\_work\xpco\xpco\eventserver\server\components\central\videoos.eventserver.events.restapi.unittest\bin\debug\net472\videoos.eventserver.events.restapi.unittest.dll" id="ecbe3146-1636-022f-501c-ecdcd12cbc6f">
      <Execution id="53ff068d-dc24-483c-9c0e-2e93d6bd1220" />
      <TestMethod codeBase="D:\actions-runner\_work\XPCO\XPCO\EventServer\Server\Components\Central\VideoOS.EventServer.Events.RestApi.UnitTest\bin\Debug\net472\VideoOS.EventServer.Events.RestApi.UnitTest.dll" adapterTypeName="executor://mstestadapter/v2" className="VideoOS.EventServer.Events.RestApi.UnitTest.Controllers.EventsControllerTest" name="PostBulkAsync_ReturnsMixedResponse_WhenSentInBody" />
    </UnitTest>
    <UnitTest name="GetAsync_ReturnsPaginatedEvents_WhenExist (data,Descending,False,1)" storage="d:\actions-runner\_work\xpco\xpco\eventserver\server\components\central\videoos.eventserver.events.restapi.unittest\bin\debug\net472\videoos.eventserver.events.restapi.unittest.dll" id="802520b1-0d5a-613e-0ee2-ad8c68d508f0">
      <Execution id="64e3c5e7-5247-4264-8306-f356c5ecfb9b" />
      <TestMethod codeBase="D:\actions-runner\_work\XPCO\XPCO\EventServer\Server\Components\Central\VideoOS.EventServer.Events.RestApi.UnitTest\bin\Debug\net472\VideoOS.EventServer.Events.RestApi.UnitTest.dll" adapterTypeName="executor://mstestadapter/v2" className="VideoOS.EventServer.Events.RestApi.UnitTest.Controllers.EventsControllerTest" name="GetAsync_ReturnsPaginatedEvents_WhenExist" />
    </UnitTest>
    <UnitTest name="GetByIdAsync_ThrowsAlarmServiceFaultExceptionUnknownSession_WhenNotExistingSessionRequested" storage="d:\actions-runner\_work\xpco\xpco\eventserver\server\components\central\videoos.eventserver.events.restapi.unittest\bin\debug\net472\videoos.eventserver.events.restapi.unittest.dll" id="62ad8f0a-91f0-1ab1-fb1e-ed95d18a0809">
      <Execution id="4d3b95e9-c779-4d64-97bc-7fdb192acc66" />
      <TestMethod codeBase="D:\actions-runner\_work\XPCO\XPCO\EventServer\Server\Components\Central\VideoOS.EventServer.Events.RestApi.UnitTest\bin\Debug\net472\VideoOS.EventServer.Events.RestApi.UnitTest.dll" adapterTypeName="executor://mstestadapter/v2" className="VideoOS.EventServer.Events.RestApi.UnitTest.Controllers.SessionsControllerTest" name="GetByIdAsync_ThrowsAlarmServiceFaultExceptionUnknownSession_WhenNotExistingSessionRequested" />
    </UnitTest>
    <UnitTest name="BodyString_SerializedToPostNoDataEventBody_WhenDiscrimatorIsMissingOrNull (, 'datatype': null)" storage="d:\actions-runner\_work\xpco\xpco\eventserver\server\components\central\videoos.eventserver.events.restapi.unittest\bin\debug\net472\videoos.eventserver.events.restapi.unittest.dll" id="cc2a2519-fc27-3fd8-811b-4aea487c11a5">
      <Execution id="e3b77d76-5b9d-4d05-9c9d-bf476cf91c48" />
      <TestMethod codeBase="D:\actions-runner\_work\XPCO\XPCO\EventServer\Server\Components\Central\VideoOS.EventServer.Events.RestApi.UnitTest\bin\Debug\net472\VideoOS.EventServer.Events.RestApi.UnitTest.dll" adapterTypeName="executor://mstestadapter/v2" className="VideoOS.EventServer.Events.RestApi.UnitTest.Dto.PostEventBodyTest" name="BodyString_SerializedToPostNoDataEventBody_WhenDiscrimatorIsMissingOrNull" />
    </UnitTest>
    <UnitTest name="PostAsync_Succeeds_WhenValidUserAndExistingSession" storage="d:\actions-runner\_work\xpco\xpco\eventserver\server\components\central\videoos.eventserver.events.restapi.unittest\bin\debug\net472\videoos.eventserver.events.restapi.unittest.dll" id="3f21b7df-b0bb-b34d-9018-ab8f441e265b">
      <Execution id="53db013f-57b6-4fd7-9a0f-d95495424538" />
      <TestMethod codeBase="D:\actions-runner\_work\XPCO\XPCO\EventServer\Server\Components\Central\VideoOS.EventServer.Events.RestApi.UnitTest\bin\Debug\net472\VideoOS.EventServer.Events.RestApi.UnitTest.dll" adapterTypeName="executor://mstestadapter/v2" className="VideoOS.EventServer.Events.RestApi.UnitTest.Controllers.SessionsControllerTest" name="PostAsync_Succeeds_WhenValidUserAndExistingSession" />
    </UnitTest>
    <UnitTest name="PostAsync_ReturnsUnauthorized_WhenUnauthorized" storage="d:\actions-runner\_work\xpco\xpco\eventserver\server\components\central\videoos.eventserver.events.restapi.unittest\bin\debug\net472\videoos.eventserver.events.restapi.unittest.dll" id="249dc055-da1b-1e40-f211-d6a4e358ab4b">
      <Execution id="6b200ebf-4114-472f-9dff-6bad529e87df" />
      <TestMethod codeBase="D:\actions-runner\_work\XPCO\XPCO\EventServer\Server\Components\Central\VideoOS.EventServer.Events.RestApi.UnitTest\bin\Debug\net472\VideoOS.EventServer.Events.RestApi.UnitTest.dll" adapterTypeName="executor://mstestadapter/v2" className="VideoOS.EventServer.Events.RestApi.UnitTest.Controllers.EventsControllerTest" name="PostAsync_ReturnsUnauthorized_WhenUnauthorized" />
    </UnitTest>
    <UnitTest name="PostAsync_SendsEventToEngine_WhenAuthorized" storage="d:\actions-runner\_work\xpco\xpco\eventserver\server\components\central\videoos.eventserver.events.restapi.unittest\bin\debug\net472\videoos.eventserver.events.restapi.unittest.dll" id="934a06c1-3cf8-f511-422e-e84a6396ffd7">
      <Execution id="39b88fb1-b298-4ee2-982c-8eecdc330c08" />
      <TestMethod codeBase="D:\actions-runner\_work\XPCO\XPCO\EventServer\Server\Components\Central\VideoOS.EventServer.Events.RestApi.UnitTest\bin\Debug\net472\VideoOS.EventServer.Events.RestApi.UnitTest.dll" adapterTypeName="executor://mstestadapter/v2" className="VideoOS.EventServer.Events.RestApi.UnitTest.Controllers.EventsControllerTest" name="PostAsync_SendsEventToEngine_WhenAuthorized" />
    </UnitTest>
    <UnitTest name="GetAsync_ReturnsNotAuthorized_WhenNotAuthorizedUserRequests (data,False)" storage="d:\actions-runner\_work\xpco\xpco\eventserver\server\components\central\videoos.eventserver.events.restapi.unittest\bin\debug\net472\videoos.eventserver.events.restapi.unittest.dll" id="ae9660a6-e277-9bee-a27e-a8d023d41c08">
      <Execution id="9c981b7c-0180-48df-b1c0-0d20c7b98b1f" />
      <TestMethod codeBase="D:\actions-runner\_work\XPCO\XPCO\EventServer\Server\Components\Central\VideoOS.EventServer.Events.RestApi.UnitTest\bin\Debug\net472\VideoOS.EventServer.Events.RestApi.UnitTest.dll" adapterTypeName="executor://mstestadapter/v2" className="VideoOS.EventServer.Events.RestApi.UnitTest.Controllers.EventsControllerTest" name="GetAsync_ReturnsNotAuthorized_WhenNotAuthorizedUserRequests" />
    </UnitTest>
    <UnitTest name="GetByIdAsync_ReturnsEventFound_WhenExistingEventRequested (data,False)" storage="d:\actions-runner\_work\xpco\xpco\eventserver\server\components\central\videoos.eventserver.events.restapi.unittest\bin\debug\net472\videoos.eventserver.events.restapi.unittest.dll" id="b2d3debe-b5be-879b-611f-9be36484dc6c">
      <Execution id="ba5be956-5905-4c58-b335-14807428a6f5" />
      <TestMethod codeBase="D:\actions-runner\_work\XPCO\XPCO\EventServer\Server\Components\Central\VideoOS.EventServer.Events.RestApi.UnitTest\bin\Debug\net472\VideoOS.EventServer.Events.RestApi.UnitTest.dll" adapterTypeName="executor://mstestadapter/v2" className="VideoOS.EventServer.Events.RestApi.UnitTest.Controllers.EventsControllerTest" name="GetByIdAsync_ReturnsEventFound_WhenExistingEventRequested" />
    </UnitTest>
    <UnitTest name="PostBulkAsync_UsesXpcoRuleSupport_WhenQueryParameter (False)" storage="d:\actions-runner\_work\xpco\xpco\eventserver\server\components\central\videoos.eventserver.events.restapi.unittest\bin\debug\net472\videoos.eventserver.events.restapi.unittest.dll" id="58714301-2b97-6f4c-d083-9a7fae5b2364">
      <Execution id="f18de082-ad9a-4520-ba74-4c261e8b791b" />
      <TestMethod codeBase="D:\actions-runner\_work\XPCO\XPCO\EventServer\Server\Components\Central\VideoOS.EventServer.Events.RestApi.UnitTest\bin\Debug\net472\VideoOS.EventServer.Events.RestApi.UnitTest.dll" adapterTypeName="executor://mstestadapter/v2" className="VideoOS.EventServer.Events.RestApi.UnitTest.Controllers.EventsControllerTest" name="PostBulkAsync_UsesXpcoRuleSupport_WhenQueryParameter" />
    </UnitTest>
    <UnitTest name="BodyString_SerializedToPostNoDataEventBody_WhenDiscrimatorIsMissingOrNull ()" storage="d:\actions-runner\_work\xpco\xpco\eventserver\server\components\central\videoos.eventserver.events.restapi.unittest\bin\debug\net472\videoos.eventserver.events.restapi.unittest.dll" id="67ce18f1-7688-06bf-5d81-6cda154fb2e1">
      <Execution id="2a80da9c-c3b5-47f6-9130-a4dafe88d30e" />
      <TestMethod codeBase="D:\actions-runner\_work\XPCO\XPCO\EventServer\Server\Components\Central\VideoOS.EventServer.Events.RestApi.UnitTest\bin\Debug\net472\VideoOS.EventServer.Events.RestApi.UnitTest.dll" adapterTypeName="executor://mstestadapter/v2" className="VideoOS.EventServer.Events.RestApi.UnitTest.Dto.PostEventBodyTest" name="BodyString_SerializedToPostNoDataEventBody_WhenDiscrimatorIsMissingOrNull" />
    </UnitTest>
    <UnitTest name="DeleteByIdAsync_ThrowsAlarmServiceFaultExceptionInvalidAuthentication_WhenNotAuthorizedUserRequests" storage="d:\actions-runner\_work\xpco\xpco\eventserver\server\components\central\videoos.eventserver.events.restapi.unittest\bin\debug\net472\videoos.eventserver.events.restapi.unittest.dll" id="1ee99710-e165-38d9-a230-ef0e9076e6a7">
      <Execution id="4902f727-bd4f-43ae-b85b-6881dea4c314" />
      <TestMethod codeBase="D:\actions-runner\_work\XPCO\XPCO\EventServer\Server\Components\Central\VideoOS.EventServer.Events.RestApi.UnitTest\bin\Debug\net472\VideoOS.EventServer.Events.RestApi.UnitTest.dll" adapterTypeName="executor://mstestadapter/v2" className="VideoOS.EventServer.Events.RestApi.UnitTest.Controllers.SessionsControllerTest" name="DeleteByIdAsync_ThrowsAlarmServiceFaultExceptionInvalidAuthentication_WhenNotAuthorizedUserRequests" />
    </UnitTest>
    <UnitTest name="PostAsync_UsesXpcoRuleSupport_WhenQueryParameter (False)" storage="d:\actions-runner\_work\xpco\xpco\eventserver\server\components\central\videoos.eventserver.events.restapi.unittest\bin\debug\net472\videoos.eventserver.events.restapi.unittest.dll" id="49016611-9031-c9da-ed05-958f413c1c80">
      <Execution id="2c7b8e31-8750-42ee-a521-2ed46c935bf0" />
      <TestMethod codeBase="D:\actions-runner\_work\XPCO\XPCO\EventServer\Server\Components\Central\VideoOS.EventServer.Events.RestApi.UnitTest\bin\Debug\net472\VideoOS.EventServer.Events.RestApi.UnitTest.dll" adapterTypeName="executor://mstestadapter/v2" className="VideoOS.EventServer.Events.RestApi.UnitTest.Controllers.EventsControllerTest" name="PostAsync_UsesXpcoRuleSupport_WhenQueryParameter" />
    </UnitTest>
    <UnitTest name="PostAsync_UsesXpcoRuleSupport_WhenQueryParameter (True)" storage="d:\actions-runner\_work\xpco\xpco\eventserver\server\components\central\videoos.eventserver.events.restapi.unittest\bin\debug\net472\videoos.eventserver.events.restapi.unittest.dll" id="bd409c61-daf2-6c56-ebbb-a3338b82eeae">
      <Execution id="01dd0f89-57c7-4659-bd52-d910e4ad8919" />
      <TestMethod codeBase="D:\actions-runner\_work\XPCO\XPCO\EventServer\Server\Components\Central\VideoOS.EventServer.Events.RestApi.UnitTest\bin\Debug\net472\VideoOS.EventServer.Events.RestApi.UnitTest.dll" adapterTypeName="executor://mstestadapter/v2" className="VideoOS.EventServer.Events.RestApi.UnitTest.Controllers.EventsControllerTest" name="PostAsync_UsesXpcoRuleSupport_WhenQueryParameter" />
    </UnitTest>
    <UnitTest name="GetAsync_ReturnsPaginatedEvents_WhenExist (,Ascending,True,0)" storage="d:\actions-runner\_work\xpco\xpco\eventserver\server\components\central\videoos.eventserver.events.restapi.unittest\bin\debug\net472\videoos.eventserver.events.restapi.unittest.dll" id="484c0f1b-54bf-832d-ba36-a19d92695499">
      <Execution id="4840b698-c493-4dc1-8013-1e4bf8b65d2c" />
      <TestMethod codeBase="D:\actions-runner\_work\XPCO\XPCO\EventServer\Server\Components\Central\VideoOS.EventServer.Events.RestApi.UnitTest\bin\Debug\net472\VideoOS.EventServer.Events.RestApi.UnitTest.dll" adapterTypeName="executor://mstestadapter/v2" className="VideoOS.EventServer.Events.RestApi.UnitTest.Controllers.EventsControllerTest" name="GetAsync_ReturnsPaginatedEvents_WhenExist" />
    </UnitTest>
    <UnitTest name="PostAsync_ReturnsBadRequest_WhenUnknownEventType" storage="d:\actions-runner\_work\xpco\xpco\eventserver\server\components\central\videoos.eventserver.events.restapi.unittest\bin\debug\net472\videoos.eventserver.events.restapi.unittest.dll" id="94161e01-ac0c-0327-e143-9fd2acae0a15">
      <Execution id="bc9c1309-0b15-4f3b-94f8-346f0cf0e540" />
      <TestMethod codeBase="D:\actions-runner\_work\XPCO\XPCO\EventServer\Server\Components\Central\VideoOS.EventServer.Events.RestApi.UnitTest\bin\Debug\net472\VideoOS.EventServer.Events.RestApi.UnitTest.dll" adapterTypeName="executor://mstestadapter/v2" className="VideoOS.EventServer.Events.RestApi.UnitTest.Controllers.EventsControllerTest" name="PostAsync_ReturnsBadRequest_WhenUnknownEventType" />
    </UnitTest>
    <UnitTest name="GetByIdAsync_ReturnsEventFound_WhenExistingEventRequested (,True)" storage="d:\actions-runner\_work\xpco\xpco\eventserver\server\components\central\videoos.eventserver.events.restapi.unittest\bin\debug\net472\videoos.eventserver.events.restapi.unittest.dll" id="b74476d9-c255-588f-5a5d-d691ed20deb7">
      <Execution id="4e16ed5f-c2fe-4468-9817-2bcd53bdc1cb" />
      <TestMethod codeBase="D:\actions-runner\_work\XPCO\XPCO\EventServer\Server\Components\Central\VideoOS.EventServer.Events.RestApi.UnitTest\bin\Debug\net472\VideoOS.EventServer.Events.RestApi.UnitTest.dll" adapterTypeName="executor://mstestadapter/v2" className="VideoOS.EventServer.Events.RestApi.UnitTest.Controllers.EventsControllerTest" name="GetByIdAsync_ReturnsEventFound_WhenExistingEventRequested" />
    </UnitTest>
    <UnitTest name="PostAsync_CreatesEventWithData_WhenSentInBody" storage="d:\actions-runner\_work\xpco\xpco\eventserver\server\components\central\videoos.eventserver.events.restapi.unittest\bin\debug\net472\videoos.eventserver.events.restapi.unittest.dll" id="0a408c5f-8937-d70b-94e5-4e21161f0971">
      <Execution id="abb76117-63f6-4690-982d-3f0ccd11876a" />
      <TestMethod codeBase="D:\actions-runner\_work\XPCO\XPCO\EventServer\Server\Components\Central\VideoOS.EventServer.Events.RestApi.UnitTest\bin\Debug\net472\VideoOS.EventServer.Events.RestApi.UnitTest.dll" adapterTypeName="executor://mstestadapter/v2" className="VideoOS.EventServer.Events.RestApi.UnitTest.Controllers.EventsControllerTest" name="PostAsync_CreatesEventWithData_WhenSentInBody" />
    </UnitTest>
    <UnitTest name="PostAsync_ThrowsUserValidationException_WhenInvalidUserRequests" storage="d:\actions-runner\_work\xpco\xpco\eventserver\server\components\central\videoos.eventserver.events.restapi.unittest\bin\debug\net472\videoos.eventserver.events.restapi.unittest.dll" id="c0b4efa9-b9b6-ca2f-e87a-01a3f677ec3a">
      <Execution id="8bf17df2-b016-4766-a1e4-340ee899d696" />
      <TestMethod codeBase="D:\actions-runner\_work\XPCO\XPCO\EventServer\Server\Components\Central\VideoOS.EventServer.Events.RestApi.UnitTest\bin\Debug\net472\VideoOS.EventServer.Events.RestApi.UnitTest.dll" adapterTypeName="executor://mstestadapter/v2" className="VideoOS.EventServer.Events.RestApi.UnitTest.Controllers.SessionsControllerTest" name="PostAsync_ThrowsUserValidationException_WhenInvalidUserRequests" />
    </UnitTest>
    <UnitTest name="GetAsync_ReturnsNotAuthorized_WhenNotAuthorizedUserRequests (,True)" storage="d:\actions-runner\_work\xpco\xpco\eventserver\server\components\central\videoos.eventserver.events.restapi.unittest\bin\debug\net472\videoos.eventserver.events.restapi.unittest.dll" id="fef32650-af22-1620-75dd-8c73b174850e">
      <Execution id="bd9e7e7c-1d53-4c0a-bd70-7b55521c706d" />
      <TestMethod codeBase="D:\actions-runner\_work\XPCO\XPCO\EventServer\Server\Components\Central\VideoOS.EventServer.Events.RestApi.UnitTest\bin\Debug\net472\VideoOS.EventServer.Events.RestApi.UnitTest.dll" adapterTypeName="executor://mstestadapter/v2" className="VideoOS.EventServer.Events.RestApi.UnitTest.Controllers.EventsControllerTest" name="GetAsync_ReturnsNotAuthorized_WhenNotAuthorizedUserRequests" />
    </UnitTest>
    <UnitTest name="PostAsync_ThrowsAlarmServiceFaultExceptionUnknownSession_WhenNotExistingSessionRequested" storage="d:\actions-runner\_work\xpco\xpco\eventserver\server\components\central\videoos.eventserver.events.restapi.unittest\bin\debug\net472\videoos.eventserver.events.restapi.unittest.dll" id="90114774-1cb2-f272-52b5-29215d30d3b5">
      <Execution id="2de99292-979c-40af-bf94-957fbb929b60" />
      <TestMethod codeBase="D:\actions-runner\_work\XPCO\XPCO\EventServer\Server\Components\Central\VideoOS.EventServer.Events.RestApi.UnitTest\bin\Debug\net472\VideoOS.EventServer.Events.RestApi.UnitTest.dll" adapterTypeName="executor://mstestadapter/v2" className="VideoOS.EventServer.Events.RestApi.UnitTest.Controllers.SessionsControllerTest" name="PostAsync_ThrowsAlarmServiceFaultExceptionUnknownSession_WhenNotExistingSessionRequested" />
    </UnitTest>
  </TestDefinitions>
  <TestEntries>
    <TestEntry testId="802520b1-0d5a-613e-0ee2-ad8c68d508f0" executionId="64e3c5e7-5247-4264-8306-f356c5ecfb9b" testListId="8c84fa94-04c1-424b-9868-57a2d4851a1d" />
    <TestEntry testId="90114774-1cb2-f272-52b5-29215d30d3b5" executionId="2de99292-979c-40af-bf94-957fbb929b60" testListId="8c84fa94-04c1-424b-9868-57a2d4851a1d" />
    <TestEntry testId="94161e01-ac0c-0327-e143-9fd2acae0a15" executionId="bc9c1309-0b15-4f3b-94f8-346f0cf0e540" testListId="8c84fa94-04c1-424b-9868-57a2d4851a1d" />
    <TestEntry testId="948b4174-0712-6c23-3728-d442d1aa17ab" executionId="ef03d9f5-1521-4729-bdfd-a55dea4cf29a" testListId="8c84fa94-04c1-424b-9868-57a2d4851a1d" />
    <TestEntry testId="3f21b7df-b0bb-b34d-9018-ab8f441e265b" executionId="53db013f-57b6-4fd7-9a0f-d95495424538" testListId="8c84fa94-04c1-424b-9868-57a2d4851a1d" />
    <TestEntry testId="b74476d9-c255-588f-5a5d-d691ed20deb7" executionId="4e16ed5f-c2fe-4468-9817-2bcd53bdc1cb" testListId="8c84fa94-04c1-424b-9868-57a2d4851a1d" />
    <TestEntry testId="ae9660a6-e277-9bee-a27e-a8d023d41c08" executionId="9c981b7c-0180-48df-b1c0-0d20c7b98b1f" testListId="8c84fa94-04c1-424b-9868-57a2d4851a1d" />
    <TestEntry testId="934a06c1-3cf8-f511-422e-e84a6396ffd7" executionId="39b88fb1-b298-4ee2-982c-8eecdc330c08" testListId="8c84fa94-04c1-424b-9868-57a2d4851a1d" />
    <TestEntry testId="c0b4efa9-b9b6-ca2f-e87a-01a3f677ec3a" executionId="8bf17df2-b016-4766-a1e4-340ee899d696" testListId="8c84fa94-04c1-424b-9868-57a2d4851a1d" />
    <TestEntry testId="ed987f32-7c2a-7205-2fc3-e0e36ac89f07" executionId="8c1fd0b1-0398-448f-a3a8-c7e5cdfeb013" testListId="8c84fa94-04c1-424b-9868-57a2d4851a1d" />
    <TestEntry testId="82857a56-c193-a48e-37f3-31865ef4a457" executionId="3d468b74-b8a8-43d1-b139-ba47ec5fe26d" testListId="8c84fa94-04c1-424b-9868-57a2d4851a1d" />
    <TestEntry testId="3a52143a-a1ff-6795-3084-2134c4062d8b" executionId="c31521db-196e-4ced-b0ff-cd5c58c1d9c6" testListId="8c84fa94-04c1-424b-9868-57a2d4851a1d" />
    <TestEntry testId="6257587a-e1d0-e9d3-b1d3-0f45d209a654" executionId="fe658d52-4190-47e4-bf52-82986b7fab2a" testListId="8c84fa94-04c1-424b-9868-57a2d4851a1d" />
    <TestEntry testId="adc1ccc2-73bb-6e84-2f62-42eab83714b2" executionId="f6df892a-48fa-40f6-99c9-624ba9e63c93" testListId="8c84fa94-04c1-424b-9868-57a2d4851a1d" />
    <TestEntry testId="3a52143a-a1ff-6795-3084-2134c4062d8b" executionId="1bf2ba4d-fc10-4010-94d9-b6f9e35c14a7" testListId="8c84fa94-04c1-424b-9868-57a2d4851a1d" />
    <TestEntry testId="77027700-ddfa-bf87-84b5-3d479b7360a7" executionId="6ff93daa-7dd4-421a-a704-b5dec6dbf44d" testListId="8c84fa94-04c1-424b-9868-57a2d4851a1d" />
    <TestEntry testId="49016611-9031-c9da-ed05-958f413c1c80" executionId="2c7b8e31-8750-42ee-a521-2ed46c935bf0" testListId="8c84fa94-04c1-424b-9868-57a2d4851a1d" />
    <TestEntry testId="cc2a2519-fc27-3fd8-811b-4aea487c11a5" executionId="e3b77d76-5b9d-4d05-9c9d-bf476cf91c48" testListId="8c84fa94-04c1-424b-9868-57a2d4851a1d" />
    <TestEntry testId="5dab7833-75b2-6c05-36ee-5b63d8182711" executionId="7c49708c-a367-4a8f-916c-4a41095eaf2b" testListId="8c84fa94-04c1-424b-9868-57a2d4851a1d" />
    <TestEntry testId="9a1ae1ec-a492-b85d-6e3b-3fc1e189de5f" executionId="54189faf-fc2c-42f5-bf38-f50b30b0641c" testListId="8c84fa94-04c1-424b-9868-57a2d4851a1d" />
    <TestEntry testId="42b86eb0-56cd-8311-70b3-0936ece24236" executionId="4b95b745-7371-4614-9519-3454aa5feaaa" testListId="8c84fa94-04c1-424b-9868-57a2d4851a1d" />
    <TestEntry testId="0a408c5f-8937-d70b-94e5-4e21161f0971" executionId="abb76117-63f6-4690-982d-3f0ccd11876a" testListId="8c84fa94-04c1-424b-9868-57a2d4851a1d" />
    <TestEntry testId="67ce18f1-7688-06bf-5d81-6cda154fb2e1" executionId="2a80da9c-c3b5-47f6-9130-a4dafe88d30e" testListId="8c84fa94-04c1-424b-9868-57a2d4851a1d" />
    <TestEntry testId="fef32650-af22-1620-75dd-8c73b174850e" executionId="bd9e7e7c-1d53-4c0a-bd70-7b55521c706d" testListId="8c84fa94-04c1-424b-9868-57a2d4851a1d" />
    <TestEntry testId="484c0f1b-54bf-832d-ba36-a19d92695499" executionId="4840b698-c493-4dc1-8013-1e4bf8b65d2c" testListId="8c84fa94-04c1-424b-9868-57a2d4851a1d" />
    <TestEntry testId="cdf2ba28-ce3b-75fb-0ba0-65bf3b3d1949" executionId="14bdd575-3a22-46d9-a820-72c12d1d6a19" testListId="8c84fa94-04c1-424b-9868-57a2d4851a1d" />
    <TestEntry testId="1ee99710-e165-38d9-a230-ef0e9076e6a7" executionId="4902f727-bd4f-43ae-b85b-6881dea4c314" testListId="8c84fa94-04c1-424b-9868-57a2d4851a1d" />
    <TestEntry testId="b2d3debe-b5be-879b-611f-9be36484dc6c" executionId="ba5be956-5905-4c58-b335-14807428a6f5" testListId="8c84fa94-04c1-424b-9868-57a2d4851a1d" />
    <TestEntry testId="6632b11b-0184-5c14-c2b8-78ce234c5363" executionId="e49b26e8-5c04-4feb-aa68-ea91c2cefa1b" testListId="8c84fa94-04c1-424b-9868-57a2d4851a1d" />
    <TestEntry testId="62ad8f0a-91f0-1ab1-fb1e-ed95d18a0809" executionId="4d3b95e9-c779-4d64-97bc-7fdb192acc66" testListId="8c84fa94-04c1-424b-9868-57a2d4851a1d" />
    <TestEntry testId="bd409c61-daf2-6c56-ebbb-a3338b82eeae" executionId="01dd0f89-57c7-4659-bd52-d910e4ad8919" testListId="8c84fa94-04c1-424b-9868-57a2d4851a1d" />
    <TestEntry testId="6551d7d1-be05-4376-ef23-7f37d0c9cbc5" executionId="8a495f92-f602-4ee5-80e4-81d6725fa90f" testListId="8c84fa94-04c1-424b-9868-57a2d4851a1d" />
    <TestEntry testId="eefcf94c-f46d-7ce8-85c0-5c17cfe31e60" executionId="29113c8a-fc71-45ff-b2b1-8e64b9eb2232" testListId="8c84fa94-04c1-424b-9868-57a2d4851a1d" />
    <TestEntry testId="3a52143a-a1ff-6795-3084-2134c4062d8b" executionId="d7d6ecd1-82e4-40ee-b9ab-d4c2730197cd" testListId="8c84fa94-04c1-424b-9868-57a2d4851a1d" />
    <TestEntry testId="bb57cf2f-8e06-087f-c983-33aa9bf210e7" executionId="adeb4cac-6469-4d39-8fd7-10e07e88cf3e" testListId="8c84fa94-04c1-424b-9868-57a2d4851a1d" />
    <TestEntry testId="d36adc97-eccd-9bab-bbfb-ed302103e02f" executionId="9daf5271-e876-4156-8770-725c748e6185" testListId="8c84fa94-04c1-424b-9868-57a2d4851a1d" />
    <TestEntry testId="ecbe3146-1636-022f-501c-ecdcd12cbc6f" executionId="53ff068d-dc24-483c-9c0e-2e93d6bd1220" testListId="8c84fa94-04c1-424b-9868-57a2d4851a1d" />
    <TestEntry testId="58714301-2b97-6f4c-d083-9a7fae5b2364" executionId="f18de082-ad9a-4520-ba74-4c261e8b791b" testListId="8c84fa94-04c1-424b-9868-57a2d4851a1d" />
    <TestEntry testId="249dc055-da1b-1e40-f211-d6a4e358ab4b" executionId="6b200ebf-4114-472f-9dff-6bad529e87df" testListId="8c84fa94-04c1-424b-9868-57a2d4851a1d" />
  </TestEntries>
  <TestLists>
    <TestList name="Results Not in a List" id="8c84fa94-04c1-424b-9868-57a2d4851a1d" />
    <TestList name="All Loaded Results" id="19431567-8539-422a-85d7-44ee4e166bda" />
  </TestLists>
  <ResultSummary outcome="Completed">
    <Counters total="39" executed="39" passed="39" failed="0" error="0" timeout="0" aborted="0" inconclusive="0" passedButRunAborted="0" notRunnable="0" notExecuted="0" disconnected="0" warning="0" completed="0" inProgress="0" pending="0" />
  </ResultSummary>
</TestRun>