<?xml version="1.0" encoding="utf-8"?>
<TestRun id="6d5d8b0d-fa22-488d-b2df-81457147fa28" name="DKSR-EFI-06$@DKSR-EFI-06 2024-01-09 15:40:46" runUser="NT AUTHORITY\NETWORK SERVICE" xmlns="http://microsoft.com/schemas/VisualStudio/TeamTest/2010">
  <Times creation="2024-01-09T15:40:46.4608928+01:00" queuing="2024-01-09T15:40:46.4608928+01:00" start="2024-01-09T15:40:44.8827578+01:00" finish="2024-01-09T15:40:46.5233943+01:00" />
  <TestSettings name="default" id="b86e8acd-aec3-495a-95f1-7de323477ee2">
    <Deployment runDeploymentRoot="DKSR-EFI-06$_DKSR-EFI-06_2024-01-09_15_40_46" />
  </TestSettings>
  <Results>
    <UnitTestResult executionId="369685ad-9496-4435-a4f3-1dafe43526dd" testId="dc4a1ae5-dc0b-e2aa-550b-e55ae6b639d4" testName="Test" computerName="DKSR-EFI-06" duration="00:00:00.0080373" startTime="2024-01-09T15:40:45.9765157+01:00" endTime="2024-01-09T15:40:46.1327644+01:00" testType="13cdc9d9-ddb5-4fa4-a97d-d965ccfc6d4b" outcome="Passed" testListId="8c84fa94-04c1-424b-9868-57a2d4851a1d" relativeResultsDirectory="369685ad-9496-4435-a4f3-1dafe43526dd" />
  </Results>
  <TestDefinitions>
    <UnitTest name="Test" storage="d:\actions-runner\_work\xpco\xpco\addons\plugins\common\tst\videoos.plugins.common.sc.unittests\bin\x64\debug\net472\videoos.plugins.common.sc.unittests.dll" id="dc4a1ae5-dc0b-e2aa-550b-e55ae6b639d4">
      <Execution id="369685ad-9496-4435-a4f3-1dafe43526dd" />
      <TestMethod codeBase="D:\actions-runner\_work\XPCO\XPCO\AddOns\Plugins\Common\tst\VideoOS.Plugins.Common.SC.UnitTests\bin\x64\Debug\net472\VideoOS.Plugins.Common.SC.UnitTests.dll" adapterTypeName="executor://mstestadapter/v2" className="VideoOS.Plugins.Common.SC.UnitTests.PluginsCommonSCTest" name="Test" />
    </UnitTest>
  </TestDefinitions>
  <TestEntries>
    <TestEntry testId="dc4a1ae5-dc0b-e2aa-550b-e55ae6b639d4" executionId="369685ad-9496-4435-a4f3-1dafe43526dd" testListId="8c84fa94-04c1-424b-9868-57a2d4851a1d" />
  </TestEntries>
  <TestLists>
    <TestList name="Results Not in a List" id="8c84fa94-04c1-424b-9868-57a2d4851a1d" />
    <TestList name="All Loaded Results" id="19431567-8539-422a-85d7-44ee4e166bda" />
  </TestLists>
  <ResultSummary outcome="Completed">
    <Counters total="1" executed="1" passed="1" failed="0" error="0" timeout="0" aborted="0" inconclusive="0" passedButRunAborted="0" notRunnable="0" notExecuted="0" disconnected="0" warning="0" completed="0" inProgress="0" pending="0" />
  </ResultSummary>
</TestRun>