<?xml version="1.0" encoding="utf-8"?>
<TestRun id="c7722b8c-fe17-430a-b5e1-421d6dbfbcca" name="DKSR-EFI-06$@DKSR-EFI-06 2024-01-09 15:42:44" runUser="NT AUTHORITY\NETWORK SERVICE" xmlns="http://microsoft.com/schemas/VisualStudio/TeamTest/2010">
  <Times creation="2024-01-09T15:42:44.3259053+01:00" queuing="2024-01-09T15:42:44.3259053+01:00" start="2024-01-09T15:42:28.6070891+01:00" finish="2024-01-09T15:46:01.6587304+01:00" />
  <TestSettings name="default" id="fdc9c0cb-7d9d-4cd7-8875-883a4a1cc261">
    <Deployment runDeploymentRoot="DKSR-EFI-06$_DKSR-EFI-06_2024-01-09_15_42_44" />
  </TestSettings>
  <Results>
    <UnitTestResult executionId="58911dc4-4212-425f-a10f-14502be92eb1" testId="707e690d-4b5f-a7d6-df9e-0d8e3e4f76eb" testName="HardwareInCWANotOnWhiteList_ReplacedWithInheritance_HardwareNotOnWhiteList_CWAAllowed_AllDevicesInCWA" computerName="DKSR-EFI-06" duration="00:00:00.1651479" startTime="2024-01-09T15:44:03.4511337+01:00" endTime="2024-01-09T15:44:03.6230116+01:00" testType="13cdc9d9-ddb5-4fa4-a97d-d965ccfc6d4b" outcome="Passed" testListId="8c84fa94-04c1-424b-9868-57a2d4851a1d" relativeResultsDirectory="58911dc4-4212-425f-a10f-14502be92eb1" />
    <UnitTestResult executionId="5a36dbd0-0b01-4528-b24e-5372030978dc" testId="99191b72-e7a5-4661-1571-fa0152996bc5" testName="ValidateCWATotals_After2Years_EnsureCorrectTotalsAppear_Success" computerName="DKSR-EFI-06" duration="00:00:00.9053921" startTime="2024-01-09T15:44:48.4668492+01:00" endTime="2024-01-09T15:44:49.3731016+01:00" testType="13cdc9d9-ddb5-4fa4-a97d-d965ccfc6d4b" outcome="Passed" testListId="8c84fa94-04c1-424b-9868-57a2d4851a1d" relativeResultsDirectory="5a36dbd0-0b01-4528-b24e-5372030978dc" />
    <UnitTestResult executionId="fd7ba071-ce9d-473d-a5ac-5919100f90ab" testId="026aa8ec-95c1-a014-58a4-949aa82d868a" testName="AnalyzeAndCreateAuditLogs_AddedSecurityPermissionsDeviceRowWithDEVICEPTZPRIORITYAtrribute_ReturnsTwoAuditLog" computerName="DKSR-EFI-06" duration="00:00:00.0051171" startTime="2024-01-09T15:45:35.7012995+01:00" endTime="2024-01-09T15:45:35.7012995+01:00" testType="13cdc9d9-ddb5-4fa4-a97d-d965ccfc6d4b" outcome="Passed" testListId="8c84fa94-04c1-424b-9868-57a2d4851a1d" relativeResultsDirectory="fd7ba071-ce9d-473d-a5ac-5919100f90ab" />
    <UnitTestResult executionId="a13a0d5e-5ec4-48ee-b0ae-49400c0fadcb" testId="2ae6dd25-fc9a-7ad5-e225-557cf3c9e780" testName="HasLicense_Pass_EmptyWhiteList" computerName="DKSR-EFI-06" duration="00:00:00.0022612" startTime="2024-01-09T15:45:25.7794150+01:00" endTime="2024-01-09T15:45:25.7794150+01:00" testType="13cdc9d9-ddb5-4fa4-a97d-d965ccfc6d4b" outcome="Passed" testListId="8c84fa94-04c1-424b-9868-57a2d4851a1d" relativeResultsDirectory="a13a0d5e-5ec4-48ee-b0ae-49400c0fadcb" />
    <UnitTestResult executionId="55b7a68b-db23-49fd-9273-2d38974e2604" testId="84a51335-f07d-f7b2-f044-69ed7678f206" testName="SetupInitialHardwareUserCommandHandler_Execute_ThrowsIfGivenWrongCommandOrNullParameters" computerName="DKSR-EFI-06" duration="00:00:00.0113004" startTime="2024-01-09T15:45:43.9671266+01:00" endTime="2024-01-09T15:45:43.9827544+01:00" testType="13cdc9d9-ddb5-4fa4-a97d-d965ccfc6d4b" outcome="Passed" testListId="8c84fa94-04c1-424b-9868-57a2d4851a1d" relativeResultsDirectory="55b7a68b-db23-49fd-9273-2d38974e2604">
      <Output>
        <StdOut>Debug Trace:&#xD;
Fail: Command/Command handler type mismatch&#xD;
Fail: Command/Command handler type mismatch&#xD;
Fail: The command handler expect an object that implements ICallContextInfo in the state parameter&#xD;
Fail: The command handler expect an object that implements IResponseSink in the responseSink parameter</StdOut>
      </Output>
    </UnitTestResult>
    <UnitTestResult executionId="a098dd5f-7b8f-4040-af95-a903100ecfae" testId="d3e7b745-fba1-99e9-2577-7f83368c489c" testName="DeviceLicense_AddNullLicense_Throws_ArgumentNullException" computerName="DKSR-EFI-06" duration="00:00:00.0007742" startTime="2024-01-09T15:45:34.0919223+01:00" endTime="2024-01-09T15:45:34.0919223+01:00" testType="13cdc9d9-ddb5-4fa4-a97d-d965ccfc6d4b" outcome="Passed" testListId="8c84fa94-04c1-424b-9868-57a2d4851a1d" relativeResultsDirectory="a098dd5f-7b8f-4040-af95-a903100ecfae" />
    <UnitTestResult executionId="f24d7616-3bee-4e0b-aa82-9b98d82a0616" testId="6a88ee0a-9bc9-bc89-2082-c27a42df6d57" testName="CreateInstance_ThrowsArgumentNullException_OnNullAsServer" computerName="DKSR-EFI-06" duration="00:00:00.0025240" startTime="2024-01-09T15:45:03.8106232+01:00" endTime="2024-01-09T15:45:03.8106232+01:00" testType="13cdc9d9-ddb5-4fa4-a97d-d965ccfc6d4b" outcome="Passed" testListId="8c84fa94-04c1-424b-9868-57a2d4851a1d" relativeResultsDirectory="f24d7616-3bee-4e0b-aa82-9b98d82a0616" />
    <UnitTestResult executionId="d9a83349-b56b-4bb2-8fcc-02c459fb2818" testId="cb50d134-9feb-13cd-8243-4ac58d041243" testName="LicenseInformation_Constructor_LicenseReportInformation_IsNotNullAndHasDefaultValues" computerName="DKSR-EFI-06" duration="00:00:00.0003007" startTime="2024-01-09T15:45:00.6231334+01:00" endTime="2024-01-09T15:45:00.6231334+01:00" testType="13cdc9d9-ddb5-4fa4-a97d-d965ccfc6d4b" outcome="Passed" testListId="8c84fa94-04c1-424b-9868-57a2d4851a1d" relativeResultsDirectory="d9a83349-b56b-4bb2-8fcc-02c459fb2818" />
    <UnitTestResult executionId="a8453268-3dd1-4957-a4af-65ea5f20259e" testId="b3914411-03bf-465a-dfb2-7096de3166b3" testName="HardwareInCWAOnWhiteList_ReplacedWithNoInheritance_HardwareNotOnWhiteList_MixedCWAAllowed_FewerChannelsOnReplacedHardware_SomeDevicesInCWA" computerName="DKSR-EFI-06" duration="00:00:00.3078745" startTime="2024-01-09T15:44:19.3418034+01:00" endTime="2024-01-09T15:44:19.6543025+01:00" testType="13cdc9d9-ddb5-4fa4-a97d-d965ccfc6d4b" outcome="Passed" testListId="8c84fa94-04c1-424b-9868-57a2d4851a1d" relativeResultsDirectory="a8453268-3dd1-4957-a4af-65ea5f20259e" />
    <UnitTestResult executionId="70af14d7-add6-44aa-9504-efb28b247777" testId="54a61f98-dadf-ebc9-bfa5-32dac879e97d" testName="MessageManagerResponseCollector_GetNextResponse_Cancelled" computerName="DKSR-EFI-06" duration="00:00:00.0075387" startTime="2024-01-09T15:42:45.1540321+01:00" endTime="2024-01-09T15:42:45.1696579+01:00" testType="13cdc9d9-ddb5-4fa4-a97d-d965ccfc6d4b" outcome="Passed" testListId="8c84fa94-04c1-424b-9868-57a2d4851a1d" relativeResultsDirectory="70af14d7-add6-44aa-9504-efb28b247777" />
    <UnitTestResult executionId="46131e9b-6991-4380-bdf0-0a1de5c1877f" testId="c2984494-a9d6-3f60-65cb-f333c5e8b61d" testName="HardwareInCWANotOnWhiteList_ReplacedWithInheritance_HardwareNotOnWhiteList_MixedCWAAllowed_MoreChannelsOnReplacedHardware_SomeDevicesInCWA" computerName="DKSR-EFI-06" duration="00:00:00.5160302" startTime="2024-01-09T15:44:17.4824237+01:00" endTime="2024-01-09T15:44:17.9980510+01:00" testType="13cdc9d9-ddb5-4fa4-a97d-d965ccfc6d4b" outcome="Passed" testListId="8c84fa94-04c1-424b-9868-57a2d4851a1d" relativeResultsDirectory="46131e9b-6991-4380-bdf0-0a1de5c1877f" />
    <UnitTestResult executionId="02c2f639-4dbc-4e07-b73f-816fb224ed3f" testId="745aea99-7d18-df01-821c-c171c176ca32" testName="HardwareInCWANotOnWhiteList_ReplacedWithInheritance_HardwareNotOnWhiteList_CWAAllowed_MoreChannelsOnReplacedHardware_AllDevicesInCWA" computerName="DKSR-EFI-06" duration="00:00:00.2291628" startTime="2024-01-09T15:44:09.2949005+01:00" endTime="2024-01-09T15:44:09.5292743+01:00" testType="13cdc9d9-ddb5-4fa4-a97d-d965ccfc6d4b" outcome="Passed" testListId="8c84fa94-04c1-424b-9868-57a2d4851a1d" relativeResultsDirectory="02c2f639-4dbc-4e07-b73f-816fb224ed3f" />
    <UnitTestResult executionId="070715ef-9072-4909-8d7f-a3e4a941a48e" testId="0323aafb-b360-5db0-38c2-4fcea4a36eaa" testName="UpdateHardwareTaskCommandHandler_Execute_Timeout_Tests" computerName="DKSR-EFI-06" duration="00:00:00.0131804" startTime="2024-01-09T15:45:59.5798255+01:00" endTime="2024-01-09T15:45:59.5954578+01:00" testType="13cdc9d9-ddb5-4fa4-a97d-d965ccfc6d4b" outcome="Passed" testListId="8c84fa94-04c1-424b-9868-57a2d4851a1d" relativeResultsDirectory="070715ef-9072-4909-8d7f-a3e4a941a48e" />
    <UnitTestResult executionId="1eb799ce-f556-4a4d-af39-dcc000acad8d" testId="69d44fc1-6454-736a-bf3f-fdd30c9d22ff" testName="ChannelLicenseCountManager_RemoveHardwareCollection_NullCollection_ThrowsArgumentNullException" computerName="DKSR-EFI-06" duration="00:00:00.0006668" startTime="2024-01-09T15:44:59.9981286+01:00" endTime="2024-01-09T15:44:59.9981286+01:00" testType="13cdc9d9-ddb5-4fa4-a97d-d965ccfc6d4b" outcome="Passed" testListId="8c84fa94-04c1-424b-9868-57a2d4851a1d" relativeResultsDirectory="1eb799ce-f556-4a4d-af39-dcc000acad8d" />
    <UnitTestResult executionId="a9950b01-7c6f-4c27-b79f-a79421c567c2" testId="03b737b9-dc29-8cf7-2be6-264359d08a7b" testName="SessionData_Dispose_Success" computerName="DKSR-EFI-06" duration="00:00:00.0003444" startTime="2024-01-09T15:43:12.3886400+01:00" endTime="2024-01-09T15:43:12.3886400+01:00" testType="13cdc9d9-ddb5-4fa4-a97d-d965ccfc6d4b" outcome="Passed" testListId="8c84fa94-04c1-424b-9868-57a2d4851a1d" relativeResultsDirectory="a9950b01-7c6f-4c27-b79f-a79421c567c2" />
    <UnitTestResult executionId="05e9b284-b742-40f2-91db-70c54be6d6bc" testId="d27a4adf-6d9e-bd17-6451-2cfd29833f96" testName="CreateLicenseInformationXml_HasMultiLicenseHardwareTrueMissingLicensesTrue_OnHardwareWith15Channels" computerName="DKSR-EFI-06" duration="00:00:00.0221521" startTime="2024-01-09T15:45:01.8574940+01:00" endTime="2024-01-09T15:45:01.8731173+01:00" testType="13cdc9d9-ddb5-4fa4-a97d-d965ccfc6d4b" outcome="Passed" testListId="8c84fa94-04c1-424b-9868-57a2d4851a1d" relativeResultsDirectory="05e9b284-b742-40f2-91db-70c54be6d6bc">
      <Output>
        <StdOut>Debug Trace:&#xD;
Fail: Attribute value invalid. 'Index'&#xD;
Fail: Attribute value invalid. 'Index'&#xD;
Fail: Attribute value invalid. 'Index'&#xD;
Fail: Attribute value invalid. 'Index'&#xD;
Fail: Attribute value invalid. 'Index'&#xD;
Fail: Attribute value invalid. 'Index'&#xD;
Fail: Attribute value invalid. 'Index'&#xD;
Fail: Attribute value invalid. 'Index'&#xD;
Fail: Attribute value invalid. 'Index'&#xD;
Fail: Attribute value invalid. 'Index'&#xD;
Fail: Attribute value invalid. 'Index'&#xD;
Fail: Attribute value invalid. 'Index'&#xD;
Fail: Attribute value invalid. 'Index'&#xD;
Fail: Attribute value invalid. 'Index'&#xD;
Fail: Attribute value invalid. 'Index'</StdOut>
      </Output>
    </UnitTestResult>
    <UnitTestResult executionId="b0485fb4-c7fc-4f41-bea5-83433d5d4953" testId="0f9657cc-4402-2e71-fa6d-311b1f9f3738" testName="GetHardwareUsersCommandHandler_Execute_WrongCommandOrNullParameters_Throws" computerName="DKSR-EFI-06" duration="00:00:00.0110057" startTime="2024-01-09T15:45:38.1075478+01:00" endTime="2024-01-09T15:45:38.1075478+01:00" testType="13cdc9d9-ddb5-4fa4-a97d-d965ccfc6d4b" outcome="Passed" testListId="8c84fa94-04c1-424b-9868-57a2d4851a1d" relativeResultsDirectory="b0485fb4-c7fc-4f41-bea5-83433d5d4953">
      <Output>
        <StdOut>Debug Trace:&#xD;
Fail: Command/Command handler type mismatch&#xD;
Fail: Command/Command handler type mismatch&#xD;
Fail: The command handler expect an object that implements ICallContextInfo in the state parameter&#xD;
Fail: The command handler expect an object that implements IResponseSink in the responseSink parameter</StdOut>
      </Output>
    </UnitTestResult>
    <UnitTestResult executionId="76e00447-7f81-4778-805f-225894ecec95" testId="48bc2a39-14e4-f040-7b07-52ed2d46c7ad" testName="UpdateRecorderStatusData_ModelIsNull_BadRequestResult" computerName="DKSR-EFI-06" duration="00:00:00.0007749" startTime="2024-01-09T15:42:47.9196657+01:00" endTime="2024-01-09T15:42:47.9196657+01:00" testType="13cdc9d9-ddb5-4fa4-a97d-d965ccfc6d4b" outcome="Passed" testListId="8c84fa94-04c1-424b-9868-57a2d4851a1d" relativeResultsDirectory="76e00447-7f81-4778-805f-225894ecec95" />
    <UnitTestResult executionId="6fdf72e3-3fc1-447e-8f6a-02b5037f941c" testId="4378be0e-b6ea-dc40-1074-00248688d200" testName="ChangeIdpAdminTaskCommandHandlerTests_Execute_Arguments_Null_Throws" computerName="DKSR-EFI-06" duration="00:00:00.0097976" startTime="2024-01-09T15:45:34.7950450+01:00" endTime="2024-01-09T15:45:34.8106686+01:00" testType="13cdc9d9-ddb5-4fa4-a97d-d965ccfc6d4b" outcome="Passed" testListId="8c84fa94-04c1-424b-9868-57a2d4851a1d" relativeResultsDirectory="6fdf72e3-3fc1-447e-8f6a-02b5037f941c">
      <Output>
        <StdOut>Debug Trace:&#xD;
Fail: Command/Command handler type mismatch&#xD;
Fail: The command handler expect an object that implements ICallContextInfo in the state parameter&#xD;
Fail: The command handler expect an object that implements IResponseSink in the responseSink parameter</StdOut>
      </Output>
    </UnitTestResult>
    <UnitTestResult executionId="7326c86d-0e0d-47b6-9007-1948db4b859a" testId="ce3c136b-6594-eb63-9e80-abbbccea4d6e" testName="LicenseInfoXmlWriter_CreateLicenseInformationXml_HasStateMissing_OnHasLicenseFalse" computerName="DKSR-EFI-06" duration="00:00:00.0007682" startTime="2024-01-09T15:45:00.7481329+01:00" endTime="2024-01-09T15:45:00.7481329+01:00" testType="13cdc9d9-ddb5-4fa4-a97d-d965ccfc6d4b" outcome="Passed" testListId="8c84fa94-04c1-424b-9868-57a2d4851a1d" relativeResultsDirectory="7326c86d-0e0d-47b6-9007-1948db4b859a" />
    <UnitTestResult executionId="fb2957b6-7dd6-4eda-9941-541bd010149d" testId="bc66d075-b5d9-87ae-4f1c-513441f8165c" testName="EvidenceLockOnOldRecorderCommandHandlerTests_Constructor_ServerEnvironmentNull_ArgumentNullException" computerName="DKSR-EFI-06" duration="00:00:00.0029618" startTime="2024-01-09T15:45:36.9356721+01:00" endTime="2024-01-09T15:45:36.9356721+01:00" testType="13cdc9d9-ddb5-4fa4-a97d-d965ccfc6d4b" outcome="Passed" testListId="8c84fa94-04c1-424b-9868-57a2d4851a1d" relativeResultsDirectory="fb2957b6-7dd6-4eda-9941-541bd010149d" />
    <UnitTestResult executionId="19fa9702-408c-45b1-b309-cb3bffab9c57" testId="a1d179f9-1d98-db05-0da7-765f2109c5d9" testName="MultiSite_ChannelBased_SameHardwareAndDevicesOn2Recorders_OneHwWhitelistedOneNotWhitelisted_ConsumesSeparateLicenses" computerName="DKSR-EFI-06" duration="00:00:00.3498386" startTime="2024-01-09T15:44:50.8106043+01:00" endTime="2024-01-09T15:44:51.1699810+01:00" testType="13cdc9d9-ddb5-4fa4-a97d-d965ccfc6d4b" outcome="Passed" testListId="8c84fa94-04c1-424b-9868-57a2d4851a1d" relativeResultsDirectory="19fa9702-408c-45b1-b309-cb3bffab9c57" />
    <UnitTestResult executionId="5cfad6cb-41f3-44ad-bd90-ecadfc4246d5" testId="27eead9d-95e5-867e-bdf7-c830e0d88b40" testName="CreateLicenseInformationXml_HasEmptyCalculationResultListInReportInformationSection_OnHardwareLicensing" computerName="DKSR-EFI-06" duration="00:00:00.0559628" startTime="2024-01-09T15:45:01.7793681+01:00" endTime="2024-01-09T15:45:01.8418682+01:00" testType="13cdc9d9-ddb5-4fa4-a97d-d965ccfc6d4b" outcome="Passed" testListId="8c84fa94-04c1-424b-9868-57a2d4851a1d" relativeResultsDirectory="5cfad6cb-41f3-44ad-bd90-ecadfc4246d5">
      <Output>
        <StdOut>Debug Trace:&#xD;
Fail: Attribute value invalid. 'Index'&#xD;
Fail: Attribute value invalid. 'Index'&#xD;
Fail: Attribute value invalid. 'Index'&#xD;
Fail: Attribute value invalid. 'Index'&#xD;
Fail: Attribute value invalid. 'Index'&#xD;
Fail: Attribute value invalid. 'Index'&#xD;
Fail: Attribute value invalid. 'Index'&#xD;
Fail: Attribute value invalid. 'Index'&#xD;
Fail: Attribute value invalid. 'Index'&#xD;
Fail: Attribute value invalid. 'Index'</StdOut>
      </Output>
    </UnitTestResult>
    <UnitTestResult executionId="12f721e5-c94c-4ad4-bdf3-9498ad190de4" testId="1ebadcd1-bb5b-b7d8-4b40-c761ccf19b15" testName="HardwareInCWANotOnWhiteList_ReplacedWithNoInheritance_HardwareOnWhiteList_NoMoreCWAAllowed_MoreChannelsOnReplacedHardware_NewHardwareInGrace" computerName="DKSR-EFI-06" duration="00:00:00.2044453" startTime="2024-01-09T15:44:06.7011410+01:00" endTime="2024-01-09T15:44:06.9042717+01:00" testType="13cdc9d9-ddb5-4fa4-a97d-d965ccfc6d4b" outcome="Passed" testListId="8c84fa94-04c1-424b-9868-57a2d4851a1d" relativeResultsDirectory="12f721e5-c94c-4ad4-bdf3-9498ad190de4" />
    <UnitTestResult executionId="6b34e7ee-5441-46ab-a0a3-d7a894ec1ea8" testId="22ed3e7b-bfad-787a-270a-197e0d35f24e" testName="HardwareInCWANotOnWhiteList_ReplacedWithInheritance_HardwareNotOnWhiteList_NoMoreCWAAllowed_NewDevicesInGrace" computerName="DKSR-EFI-06" duration="00:00:00.2585214" startTime="2024-01-09T15:44:02.3261336+01:00" endTime="2024-01-09T15:44:02.5917588+01:00" testType="13cdc9d9-ddb5-4fa4-a97d-d965ccfc6d4b" outcome="Passed" testListId="8c84fa94-04c1-424b-9868-57a2d4851a1d" relativeResultsDirectory="6b34e7ee-5441-46ab-a0a3-d7a894ec1ea8" />
    <UnitTestResult executionId="7167346c-a6c9-4ded-9020-21e14d03cfe1" testId="d083f726-e76b-bd25-462e-728440f48f8e" testName="HardwareInCWAOnWhiteList_ReplacedWithInheritance_HardwareOnWhiteList_MixedCWAAllowed_SomeDevicesInCWA" computerName="DKSR-EFI-06" duration="00:00:00.2014369" startTime="2024-01-09T15:44:03.9667631+01:00" endTime="2024-01-09T15:44:04.1698860+01:00" testType="13cdc9d9-ddb5-4fa4-a97d-d965ccfc6d4b" outcome="Passed" testListId="8c84fa94-04c1-424b-9868-57a2d4851a1d" relativeResultsDirectory="7167346c-a6c9-4ded-9020-21e14d03cfe1" />
    <UnitTestResult executionId="4a751e13-088d-4004-952f-7554a6f9d448" testId="49eb40eb-a024-8a51-ef96-32403d919364" testName="HardwareActivatedOnWhiteList_ReplacedWithInheritance_HardwareNotOnWhiteList_MixedCWAAllowed_SomeDevicesInCWA" computerName="DKSR-EFI-06" duration="00:00:00.2338110" startTime="2024-01-09T15:43:59.1854710+01:00" endTime="2024-01-09T15:43:59.4198466+01:00" testType="13cdc9d9-ddb5-4fa4-a97d-d965ccfc6d4b" outcome="Passed" testListId="8c84fa94-04c1-424b-9868-57a2d4851a1d" relativeResultsDirectory="4a751e13-088d-4004-952f-7554a6f9d448" />
    <UnitTestResult executionId="88054d81-0677-4e94-b3b8-a32dc3ffb902" testId="b6a03062-30b8-99fc-58f1-7806f924b0cd" testName="ProgressResponse_ModelIsValid_CommandExecuted" computerName="DKSR-EFI-06" duration="00:00:00.0008658" startTime="2024-01-09T15:42:48.3102947+01:00" endTime="2024-01-09T15:42:48.3102947+01:00" testType="13cdc9d9-ddb5-4fa4-a97d-d965ccfc6d4b" outcome="Passed" testListId="8c84fa94-04c1-424b-9868-57a2d4851a1d" relativeResultsDirectory="88054d81-0677-4e94-b3b8-a32dc3ffb902" />
    <UnitTestResult executionId="0e4981ce-b0cb-4841-b86d-dccee0c2d0b7" testId="b19f468d-d3ac-36bb-f4b7-1bfb1e47bd2e" testName="KeepAlive_TokenHasExpired_InternalServerErrorIsReturned" computerName="DKSR-EFI-06" duration="00:00:00.0014041" startTime="2024-01-09T15:42:48.8102955+01:00" endTime="2024-01-09T15:42:48.8102955+01:00" testType="13cdc9d9-ddb5-4fa4-a97d-d965ccfc6d4b" outcome="Passed" testListId="8c84fa94-04c1-424b-9868-57a2d4851a1d" relativeResultsDirectory="0e4981ce-b0cb-4841-b86d-dccee0c2d0b7" />
    <UnitTestResult executionId="6200a6de-d9ea-491d-9893-c61b6c8d34ee" testId="c3b36ec3-1df7-adb6-2b47-6af7fdcd182e" testName="DeleteHardwareTaskCommandHandler_Execute_Failed_ExceptionResponse" computerName="DKSR-EFI-06" duration="00:00:00.0007508" startTime="2024-01-09T15:45:36.8419196+01:00" endTime="2024-01-09T15:45:36.8419196+01:00" testType="13cdc9d9-ddb5-4fa4-a97d-d965ccfc6d4b" outcome="Passed" testListId="8c84fa94-04c1-424b-9868-57a2d4851a1d" relativeResultsDirectory="6200a6de-d9ea-491d-9893-c61b6c8d34ee" />
    <UnitTestResult executionId="89685077-8d0e-45a3-9664-feae4f7ea8ed" testId="fed71966-682a-ac32-d1bf-234764a854bc" testName="MoveHardwareTaskCommandHandler_Execute_With_Source_HotStandby_Success" computerName="DKSR-EFI-06" duration="00:00:00.2867708" startTime="2024-01-09T15:45:38.9044201+01:00" endTime="2024-01-09T15:45:39.1856681+01:00" testType="13cdc9d9-ddb5-4fa4-a97d-d965ccfc6d4b" outcome="Passed" testListId="8c84fa94-04c1-424b-9868-57a2d4851a1d" relativeResultsDirectory="89685077-8d0e-45a3-9664-feae4f7ea8ed">
      <Output>
        <StdOut>Progress: 10&#xD;
Progress: 20&#xD;
Progress: 30&#xD;
Progress: 35&#xD;
Progress: 40&#xD;
Progress: 42&#xD;
Progress: 44&#xD;
Progress: 46&#xD;
Progress: 48&#xD;
Progress: 50&#xD;
Progress: 52&#xD;
Progress: 54&#xD;
Progress: 60&#xD;
Progress: 70&#xD;
Progress: 80&#xD;
Progress: 90&#xD;
Progress: 95&#xD;
Progress: 100</StdOut>
      </Output>
    </UnitTestResult>
    <UnitTestResult executionId="0b234aa0-cba8-48ae-be62-3b46b246a7f7" testId="17651b6b-c747-a107-70b2-f1926d0437f7" testName="HardwareScanExpressTaskCommandHandlerTest_Clone_Returns_Same_Reference" computerName="DKSR-EFI-06" duration="00:00:00.0017591" startTime="2024-01-09T15:45:38.1544177+01:00" endTime="2024-01-09T15:45:38.1544177+01:00" testType="13cdc9d9-ddb5-4fa4-a97d-d965ccfc6d4b" outcome="Passed" testListId="8c84fa94-04c1-424b-9868-57a2d4851a1d" relativeResultsDirectory="0b234aa0-cba8-48ae-be62-3b46b246a7f7" />
    <UnitTestResult executionId="c3f4cce7-6131-42c8-b953-f80a3847770c" testId="1a677ad7-bcbb-a3f0-1921-9ce6d36040ac" testName="AddHardwareToRequest_ThrowsNullException_OnNullHardware" computerName="DKSR-EFI-06" duration="00:00:00.0033029" startTime="2024-01-09T15:45:29.6075436+01:00" endTime="2024-01-09T15:45:29.6075436+01:00" testType="13cdc9d9-ddb5-4fa4-a97d-d965ccfc6d4b" outcome="Passed" testListId="8c84fa94-04c1-424b-9868-57a2d4851a1d" relativeResultsDirectory="c3f4cce7-6131-42c8-b953-f80a3847770c" />
    <UnitTestResult executionId="1d178860-54b9-4a84-a6c3-6a63a60b1f83" testId="6eb40ab5-a084-c0d6-3e89-20cec91d1dc1" testName="AllocateLicenses_NotActivated_OneLicenseUsed_OnOneHardwareWithOneCameraChannelInGraceAndFourAvailableLicenses" computerName="DKSR-EFI-06" duration="00:00:00.2279247" startTime="2024-01-09T15:44:30.5605608+01:00" endTime="2024-01-09T15:44:30.7949337+01:00" testType="13cdc9d9-ddb5-4fa4-a97d-d965ccfc6d4b" outcome="Passed" testListId="8c84fa94-04c1-424b-9868-57a2d4851a1d" relativeResultsDirectory="1d178860-54b9-4a84-a6c3-6a63a60b1f83" />
    <UnitTestResult executionId="1fd064b5-96b4-4cab-a215-b447ed8549f4" testId="2096a8a0-5e79-c1b2-15fc-8f66937fab5f" testName="GetHardwareUsersCommandHandler_Execute_RecorderNotSupported_ReturnsCorrectResponse" computerName="DKSR-EFI-06" duration="00:00:00.0012658" startTime="2024-01-09T15:45:38.1231707+01:00" endTime="2024-01-09T15:45:38.1387957+01:00" testType="13cdc9d9-ddb5-4fa4-a97d-d965ccfc6d4b" outcome="Passed" testListId="8c84fa94-04c1-424b-9868-57a2d4851a1d" relativeResultsDirectory="1fd064b5-96b4-4cab-a215-b447ed8549f4" />
    <UnitTestResult executionId="8022e04d-d937-44b7-baea-72f3707f70a6" testId="13de28e5-d340-846e-3c63-908df06a48bc" testName="FirmwareUpgradeTaskCommandHandler_Constructor_Arguments_Null_Throws" computerName="DKSR-EFI-06" duration="00:00:00.0082273" startTime="2024-01-09T15:45:37.9200455+01:00" endTime="2024-01-09T15:45:37.9200455+01:00" testType="13cdc9d9-ddb5-4fa4-a97d-d965ccfc6d4b" outcome="Passed" testListId="8c84fa94-04c1-424b-9868-57a2d4851a1d" relativeResultsDirectory="8022e04d-d937-44b7-baea-72f3707f70a6">
      <Output>
        <StdOut>Debug Trace:&#xD;
Fail: Argument null</StdOut>
      </Output>
    </UnitTestResult>
    <UnitTestResult executionId="40b1c84e-d120-496f-8208-bc07454ae969" testId="6918c63f-27aa-e388-cd6d-3a1d843bbb37" testName="ConvertIdpLog_UserLoginFailed" computerName="DKSR-EFI-06" duration="00:00:00.0013653" startTime="2024-01-09T15:43:42.4979154+01:00" endTime="2024-01-09T15:43:42.4979154+01:00" testType="13cdc9d9-ddb5-4fa4-a97d-d965ccfc6d4b" outcome="Passed" testListId="8c84fa94-04c1-424b-9868-57a2d4851a1d" relativeResultsDirectory="40b1c84e-d120-496f-8208-bc07454ae969" />
    <UnitTestResult executionId="cfbef8b1-2c04-4674-a0f6-c1f1221e678d" testId="0a178ecc-ed8c-7395-1e0e-eb01af654dfd" testName="Dispose_StopsATimer" computerName="DKSR-EFI-06" duration="00:00:00.0036209" startTime="2024-01-09T15:45:13.3731386+01:00" endTime="2024-01-09T15:45:13.3731386+01:00" testType="13cdc9d9-ddb5-4fa4-a97d-d965ccfc6d4b" outcome="Passed" testListId="8c84fa94-04c1-424b-9868-57a2d4851a1d" relativeResultsDirectory="cfbef8b1-2c04-4674-a0f6-c1f1221e678d" />
    <UnitTestResult executionId="24a55f0a-65e3-42ab-8bb5-21e70fb881b1" testId="5fd43d2e-13ec-8138-2d62-a11e5561f83e" testName="TemporaryLicense_ClearChangesWithoutActivationToken_ChangesTokenToStringEmpty" computerName="DKSR-EFI-06" duration="00:00:00.0034311" startTime="2024-01-09T15:43:51.0916923+01:00" endTime="2024-01-09T15:43:51.0916923+01:00" testType="13cdc9d9-ddb5-4fa4-a97d-d965ccfc6d4b" outcome="Passed" testListId="8c84fa94-04c1-424b-9868-57a2d4851a1d" relativeResultsDirectory="24a55f0a-65e3-42ab-8bb5-21e70fb881b1" />
    <UnitTestResult executionId="58762143-fc5a-4a5e-9e9c-ef490376c6a9" testId="6320bcbb-9bd3-a2f1-dd89-af85ab33f5f8" testName="UpdateHardwareTaskCommandHandler_Execute_HeartBeat_Unknown_Tests" computerName="DKSR-EFI-06" duration="00:00:00.0097528" startTime="2024-01-09T15:45:59.4860394+01:00" endTime="2024-01-09T15:45:59.5016672+01:00" testType="13cdc9d9-ddb5-4fa4-a97d-d965ccfc6d4b" outcome="Passed" testListId="8c84fa94-04c1-424b-9868-57a2d4851a1d" relativeResultsDirectory="58762143-fc5a-4a5e-9e9c-ef490376c6a9" />
    <UnitTestResult executionId="dcfa2eae-d1ef-4480-8167-ad1e58d3982f" testId="b4c91d6c-8794-a409-2700-e0378bc7c9c2" testName="AllocateLicenses_CreateCamera_5Channels_ActivateLicensePlacingHardwareOnWhiteList_VerifyCountGoesFrom5To1" computerName="DKSR-EFI-06" duration="00:00:00.1926981" startTime="2024-01-09T15:44:32.8261878+01:00" endTime="2024-01-09T15:44:33.0136854+01:00" testType="13cdc9d9-ddb5-4fa4-a97d-d965ccfc6d4b" outcome="Passed" testListId="8c84fa94-04c1-424b-9868-57a2d4851a1d" relativeResultsDirectory="dcfa2eae-d1ef-4480-8167-ad1e58d3982f" />
    <UnitTestResult executionId="9219fe56-bb3a-40a3-ac32-4c66d5162d9f" testId="62ba3a2c-2fe4-e764-147b-6b26914cb920" testName="CheckMsFailoverStatusCommandHandler_Execute_InvokeEventTrue_EmptyResponse_ShouldNotTrigger" computerName="DKSR-EFI-06" duration="00:00:00.0033165" startTime="2024-01-09T15:45:35.4669206+01:00" endTime="2024-01-09T15:45:35.4825425+01:00" testType="13cdc9d9-ddb5-4fa4-a97d-d965ccfc6d4b" outcome="Passed" testListId="8c84fa94-04c1-424b-9868-57a2d4851a1d" relativeResultsDirectory="9219fe56-bb3a-40a3-ac32-4c66d5162d9f" />
    <UnitTestResult executionId="cf6a0a1f-5790-4c39-8174-a46425657900" testId="8607fe93-52c9-ae96-1d64-5819d9cc59cb" testName="UpdateDriver_ModelIsValid_CommandExecuted" computerName="DKSR-EFI-06" duration="00:00:00.0107293" startTime="2024-01-09T15:42:48.5134195+01:00" endTime="2024-01-09T15:42:48.5290439+01:00" testType="13cdc9d9-ddb5-4fa4-a97d-d965ccfc6d4b" outcome="Passed" testListId="8c84fa94-04c1-424b-9868-57a2d4851a1d" relativeResultsDirectory="cf6a0a1f-5790-4c39-8174-a46425657900" />
    <UnitTestResult executionId="d474d86b-8f14-40c8-a7ee-b499f41171fb" testId="7cff0256-891c-b825-001b-e1188ea43097" testName="ReplaceHardwareCommandHandler_Execute_ReplaceHardware_DoNotInherit_Success" computerName="DKSR-EFI-06" duration="00:00:00.8546060" startTime="2024-01-09T15:45:42.4044196+01:00" endTime="2024-01-09T15:45:43.2637936+01:00" testType="13cdc9d9-ddb5-4fa4-a97d-d965ccfc6d4b" outcome="Passed" testListId="8c84fa94-04c1-424b-9868-57a2d4851a1d" relativeResultsDirectory="d474d86b-8f14-40c8-a7ee-b499f41171fb" />
    <UnitTestResult executionId="b1f69826-6193-44d4-b076-d7d27ca631d1" testId="cf0c6b21-7b52-4f40-fc51-74b8261524ed" testName="RecorderController_ModelIsNull_BadRequestResult" computerName="DKSR-EFI-06" duration="00:00:00.0010627" startTime="2024-01-09T15:42:47.9040405+01:00" endTime="2024-01-09T15:42:47.9040405+01:00" testType="13cdc9d9-ddb5-4fa4-a97d-d965ccfc6d4b" outcome="Passed" testListId="8c84fa94-04c1-424b-9868-57a2d4851a1d" relativeResultsDirectory="b1f69826-6193-44d4-b076-d7d27ca631d1" />
    <UnitTestResult executionId="0af68de5-6ad7-4aed-91c0-5a5d6f97e02f" testId="28a59acb-a40d-e01f-1c2f-42f95eecb124" testName="GetRecorderLicense_DoesNotTriggerEvent_OnUsedChangesHigherThanTotalAndNoActiveDevicesInChanges" computerName="DKSR-EFI-06" duration="00:00:00.0282687" startTime="2024-01-09T15:45:09.7793814+01:00" endTime="2024-01-09T15:45:09.8106317+01:00" testType="13cdc9d9-ddb5-4fa4-a97d-d965ccfc6d4b" outcome="Passed" testListId="8c84fa94-04c1-424b-9868-57a2d4851a1d" relativeResultsDirectory="0af68de5-6ad7-4aed-91c0-5a5d6f97e02f">
      <Output>
        <StdOut>Debug Trace:&#xD;
14:45:09.810 Building hardware index&#xD;
14:45:09.810 Building hardware index DONE</StdOut>
      </Output>
    </UnitTestResult>
    <UnitTestResult executionId="d19021b2-a03b-4894-a098-26205f731924" testId="283f71c2-810a-dc5c-1692-36ad495e7571" testName="Log_ModelIsNull_BadRequestResponse" computerName="DKSR-EFI-06" duration="00:00:00.0002121" startTime="2024-01-09T15:42:47.9509158+01:00" endTime="2024-01-09T15:42:47.9509158+01:00" testType="13cdc9d9-ddb5-4fa4-a97d-d965ccfc6d4b" outcome="Passed" testListId="8c84fa94-04c1-424b-9868-57a2d4851a1d" relativeResultsDirectory="d19021b2-a03b-4894-a098-26205f731924" />
    <UnitTestResult executionId="f617e67c-6a56-42a4-a6e6-1982f5d8e96d" testId="968432fe-0f19-fd21-c7d7-2d112c002911" testName="LicenseCountManager_FindHardwareInGrace_ReturnsListOfMac_OnHardwareInGrace" computerName="DKSR-EFI-06" duration="00:00:00.0009396" startTime="2024-01-09T15:45:00.3106324+01:00" endTime="2024-01-09T15:45:00.3106324+01:00" testType="13cdc9d9-ddb5-4fa4-a97d-d965ccfc6d4b" outcome="Passed" testListId="8c84fa94-04c1-424b-9868-57a2d4851a1d" relativeResultsDirectory="f617e67c-6a56-42a4-a6e6-1982f5d8e96d" />
    <UnitTestResult executionId="4c493f6b-e741-4819-a77d-6c7ed1d6cfec" testId="f3b50fcd-2daa-b9fb-f042-b57e7d3ddf9f" testName="LicenseCountManager_FindHardwareInGrace_ReturnsEmptyList_OnNoHardwareInGrace" computerName="DKSR-EFI-06" duration="00:00:00.0052912" startTime="2024-01-09T15:45:00.2950055+01:00" endTime="2024-01-09T15:45:00.3106324+01:00" testType="13cdc9d9-ddb5-4fa4-a97d-d965ccfc6d4b" outcome="Passed" testListId="8c84fa94-04c1-424b-9868-57a2d4851a1d" relativeResultsDirectory="4c493f6b-e741-4819-a77d-6c7ed1d6cfec" />
    <UnitTestResult executionId="a68d1c98-a0d1-4c30-9ad4-7ce90549f439" testId="75fbb0cd-c2fa-1c95-0160-f622d5b45092" testName="EvidenceLockOnOldRecorderCommandHandlerTests_OldRecV2_ConfigDelete3Rows" computerName="DKSR-EFI-06" duration="00:00:00.0172848" startTime="2024-01-09T15:45:37.5762999+01:00" endTime="2024-01-09T15:45:37.5919194+01:00" testType="13cdc9d9-ddb5-4fa4-a97d-d965ccfc6d4b" outcome="Passed" testListId="8c84fa94-04c1-424b-9868-57a2d4851a1d" relativeResultsDirectory="a68d1c98-a0d1-4c30-9ad4-7ce90549f439" />
    <UnitTestResult executionId="74bdfbed-20dc-4b0c-8abf-81606621b967" testId="71192bcb-c1cd-4026-7b28-6fa22a7afc9e" testName="ChannelLicenseCountManager_CameraFeedLicenseValue_NullHardwareInfo_ThrowsArgumentNullException" computerName="DKSR-EFI-06" duration="00:00:00.0017154" startTime="2024-01-09T15:44:59.6543756+01:00" endTime="2024-01-09T15:44:59.6543756+01:00" testType="13cdc9d9-ddb5-4fa4-a97d-d965ccfc6d4b" outcome="Passed" testListId="8c84fa94-04c1-424b-9868-57a2d4851a1d" relativeResultsDirectory="74bdfbed-20dc-4b0c-8abf-81606621b967" />
    <UnitTestResult executionId="659d7699-6016-477b-9fe0-1143bd886685" testId="4cd1c953-231e-2691-b4f4-0d9328a3e68b" testName="HardwareInCWANotOnWhiteList_ReplacedWithInheritance_HardwareOnWhiteList_MixedCWAAllowed_FewerChannelsOnReplacedHardware_NewHardwareInCWA" computerName="DKSR-EFI-06" duration="00:00:00.3351526" startTime="2024-01-09T15:44:20.9980560+01:00" endTime="2024-01-09T15:44:21.3261799+01:00" testType="13cdc9d9-ddb5-4fa4-a97d-d965ccfc6d4b" outcome="Passed" testListId="8c84fa94-04c1-424b-9868-57a2d4851a1d" relativeResultsDirectory="659d7699-6016-477b-9fe0-1143bd886685" />
    <UnitTestResult executionId="097d3e7c-1353-4c30-ad6c-fbf3c037d996" testId="216eb622-996e-3dd1-fa4a-9ff72cc211bf" testName="ChannelLicenseCountManager_ReplacementHardware_ClearByRecorder_DoesNotChangeReplacementLimit_OnMultipleRecorders" computerName="DKSR-EFI-06" duration="00:00:00.0025600" startTime="2024-01-09T15:44:59.9825021+01:00" endTime="2024-01-09T15:44:59.9825021+01:00" testType="13cdc9d9-ddb5-4fa4-a97d-d965ccfc6d4b" outcome="Passed" testListId="8c84fa94-04c1-424b-9868-57a2d4851a1d" relativeResultsDirectory="097d3e7c-1353-4c30-ad6c-fbf3c037d996" />
    <UnitTestResult executionId="8ad2ba5d-291b-46a4-931f-073217a51c06" testId="b566d2d3-171b-83da-eaa9-a57989214de3" testName="FirmwareUpgradeTaskCommandHandler_Execute_Succeeded_FileExists" computerName="DKSR-EFI-06" duration="00:00:00.0018856" startTime="2024-01-09T15:45:37.9981689+01:00" endTime="2024-01-09T15:45:37.9981689+01:00" testType="13cdc9d9-ddb5-4fa4-a97d-d965ccfc6d4b" outcome="Passed" testListId="8c84fa94-04c1-424b-9868-57a2d4851a1d" relativeResultsDirectory="8ad2ba5d-291b-46a4-931f-073217a51c06" />
    <UnitTestResult executionId="08891ee7-4264-4d0c-9ee2-6229cdc21c2d" testId="082ecd90-cd6a-08dc-44f3-b3a9132568e3" testName="DeleteHardwareUserCommandHandler_Execute_ReturnsFailResponseOnEmptyRecorderId" computerName="DKSR-EFI-06" duration="00:00:00.0006513" startTime="2024-01-09T15:45:36.8887981+01:00" endTime="2024-01-09T15:45:36.8887981+01:00" testType="13cdc9d9-ddb5-4fa4-a97d-d965ccfc6d4b" outcome="Passed" testListId="8c84fa94-04c1-424b-9868-57a2d4851a1d" relativeResultsDirectory="08891ee7-4264-4d0c-9ee2-6229cdc21c2d" />
    <UnitTestResult executionId="b6aff113-c190-450e-a387-7a58a84c7150" testId="41730602-a58b-43be-f26e-9fd96241238a" testName="UpdateHardwareTaskCommandHandler_Execute_NotMipHardware_Tests" computerName="DKSR-EFI-06" duration="00:00:00.0160359" startTime="2024-01-09T15:45:59.4078823+01:00" endTime="2024-01-09T15:45:59.4235162+01:00" testType="13cdc9d9-ddb5-4fa4-a97d-d965ccfc6d4b" outcome="Passed" testListId="8c84fa94-04c1-424b-9868-57a2d4851a1d" relativeResultsDirectory="b6aff113-c190-450e-a387-7a58a84c7150" />
    <UnitTestResult executionId="3b2f648a-e812-4dfa-b76a-d7a2ea2c378e" testId="df5249a5-4b98-4ee8-4fcd-b548b558933a" testName="ConfigurationDataSetLoader_GetDeviceGroupMembersByDeviceGroupId_Success" computerName="DKSR-EFI-06" duration="00:00:00.0010370" startTime="2024-01-09T15:45:34.3262952+01:00" endTime="2024-01-09T15:45:34.3262952+01:00" testType="13cdc9d9-ddb5-4fa4-a97d-d965ccfc6d4b" outcome="Passed" testListId="8c84fa94-04c1-424b-9868-57a2d4851a1d" relativeResultsDirectory="3b2f648a-e812-4dfa-b76a-d7a2ea2c378e" />
    <UnitTestResult executionId="df516dfd-e293-4489-9e9b-63b165309826" testId="813b5b28-7c81-3ad5-5878-84ef19d3286f" testName="AllocateLicenses_25Available_AddOneHardwareAtATimeWithTwoDevice" computerName="DKSR-EFI-06" duration="00:00:00.3084489" startTime="2024-01-09T15:44:36.1699379+01:00" endTime="2024-01-09T15:44:36.4824365+01:00" testType="13cdc9d9-ddb5-4fa4-a97d-d965ccfc6d4b" outcome="Passed" testListId="8c84fa94-04c1-424b-9868-57a2d4851a1d" relativeResultsDirectory="df516dfd-e293-4489-9e9b-63b165309826" />
    <UnitTestResult executionId="8616dff7-ee1e-47f7-a298-e25b6d32740a" testId="a8a706ab-7d38-3714-d35e-f323270938a5" testName="Validate_LicenseCalculatorContainsAllHardwareFromAllRecordingServers_MissingLicenses_Success" computerName="DKSR-EFI-06" duration="00:00:00.0247155" startTime="2024-01-09T15:45:01.9824922+01:00" endTime="2024-01-09T15:45:02.0137440+01:00" testType="13cdc9d9-ddb5-4fa4-a97d-d965ccfc6d4b" outcome="Passed" testListId="8c84fa94-04c1-424b-9868-57a2d4851a1d" relativeResultsDirectory="8616dff7-ee1e-47f7-a298-e25b6d32740a" />
    <UnitTestResult executionId="12764fd5-4dc8-4be9-b270-524a7243b511" testId="7a0b1d88-033f-7f42-69c2-97d55ac201be" testName="ChangeHardwarePasswordRuleAction_Execute_SunnyDay_HardwareIsQueried" computerName="DKSR-EFI-06" duration="00:00:00.0712029" startTime="2024-01-09T15:43:19.7791234+01:00" endTime="2024-01-09T15:43:19.8572489+01:00" testType="13cdc9d9-ddb5-4fa4-a97d-d965ccfc6d4b" outcome="Passed" testListId="8c84fa94-04c1-424b-9868-57a2d4851a1d" relativeResultsDirectory="12764fd5-4dc8-4be9-b270-524a7243b511" />
    <UnitTestResult executionId="111e6a5a-51d6-4570-ac3d-a00071b87526" testId="629bb24f-6cf3-8a21-f229-a005d9404e46" testName="LicenseCountManager_IsHardwareWithoutEnabledCamerasLicensed_ReturnsFalse_WhenAddLicensedHardwareCalledFirst_FreeLicense" computerName="DKSR-EFI-06" duration="00:00:00.0003039" startTime="2024-01-09T15:45:00.1544384+01:00" endTime="2024-01-09T15:45:00.1544384+01:00" testType="13cdc9d9-ddb5-4fa4-a97d-d965ccfc6d4b" outcome="Passed" testListId="8c84fa94-04c1-424b-9868-57a2d4851a1d" relativeResultsDirectory="111e6a5a-51d6-4570-ac3d-a00071b87526" />
    <UnitTestResult executionId="f9f1712a-e442-41fe-a663-4127e61dd306" testId="72cc7bae-2eb8-2914-d69b-6c5c4b0f01b9" testName="HardwareLicense_GetExpireDate_NoneExistingItem_Returns_MinDate" computerName="DKSR-EFI-06" duration="00:00:00.0004705" startTime="2024-01-09T15:45:34.0762953+01:00" endTime="2024-01-09T15:45:34.0762953+01:00" testType="13cdc9d9-ddb5-4fa4-a97d-d965ccfc6d4b" outcome="Passed" testListId="8c84fa94-04c1-424b-9868-57a2d4851a1d" relativeResultsDirectory="f9f1712a-e442-41fe-a663-4127e61dd306" />
    <UnitTestResult executionId="41b87842-2163-465e-88fe-eb4904130389" testId="5e6743ee-349b-e345-19f1-919c3248d93c" testName="ActivateLicense_DoesNotResetAutomaticActivationQueue_OnFailure" computerName="DKSR-EFI-06" duration="00:00:00.0003447" startTime="2024-01-09T15:43:51.0448150+01:00" endTime="2024-01-09T15:43:51.0448150+01:00" testType="13cdc9d9-ddb5-4fa4-a97d-d965ccfc6d4b" outcome="Passed" testListId="8c84fa94-04c1-424b-9868-57a2d4851a1d" relativeResultsDirectory="41b87842-2163-465e-88fe-eb4904130389" />
    <UnitTestResult executionId="6736a2b1-c099-4b2a-8a8b-a03bfb2d8734" testId="9c43e4bf-422f-da08-c99e-7748f79f67a9" testName="ValidateStableFPS_WhenWhiteListedByModelName_WithFiveChannels_ExpectOneLicenseUsed" computerName="DKSR-EFI-06" duration="00:00:00.6527200" startTime="2024-01-09T15:44:28.9043095+01:00" endTime="2024-01-09T15:44:29.5605615+01:00" testType="13cdc9d9-ddb5-4fa4-a97d-d965ccfc6d4b" outcome="Passed" testListId="8c84fa94-04c1-424b-9868-57a2d4851a1d" relativeResultsDirectory="6736a2b1-c099-4b2a-8a8b-a03bfb2d8734" />
    <UnitTestResult executionId="739e141e-9a17-4c40-b164-cee7df22ced3" testId="1841a497-6454-a206-f0aa-3b0869fd2463" testName="CheckExternalRecorderRegistrationCommandHandler_Execute_ReturnsRecorderUnavailableResponseOnRecorderNotConnected" computerName="DKSR-EFI-06" duration="00:00:00.0010087" startTime="2024-01-09T15:45:34.8575437+01:00" endTime="2024-01-09T15:45:34.8575437+01:00" testType="13cdc9d9-ddb5-4fa4-a97d-d965ccfc6d4b" outcome="Passed" testListId="8c84fa94-04c1-424b-9868-57a2d4851a1d" relativeResultsDirectory="739e141e-9a17-4c40-b164-cee7df22ced3" />
    <UnitTestResult executionId="09763948-a46a-4321-ae79-35168d51eb1c" testId="9686328b-869b-3d6e-7e6c-81be6a7d864b" testName="AllocateLicenses_NotActivated_TwoDevice_SixCameraChannels_FiveGrace_NotEnoughLicensesForDevices" computerName="DKSR-EFI-06" duration="00:00:00.1382159" startTime="2024-01-09T15:44:30.3418103+01:00" endTime="2024-01-09T15:44:30.4824372+01:00" testType="13cdc9d9-ddb5-4fa4-a97d-d965ccfc6d4b" outcome="Passed" testListId="8c84fa94-04c1-424b-9868-57a2d4851a1d" relativeResultsDirectory="09763948-a46a-4321-ae79-35168d51eb1c" />
    <UnitTestResult executionId="2bf6306c-ad6d-43a9-a8e7-9299c7e06412" testId="b2f60de8-b346-fdf9-57cb-eefc4dabd6ec" testName="HardwareInCWANotOnWhiteList_ReplacedWithInheritance_HardwareNotOnWhiteList_CWAAllowed_FewerChannelsOnReplacedHardware_AllDevicesInCWA" computerName="DKSR-EFI-06" duration="00:00:00.3578166" startTime="2024-01-09T15:44:10.0292754+01:00" endTime="2024-01-09T15:44:10.3887031+01:00" testType="13cdc9d9-ddb5-4fa4-a97d-d965ccfc6d4b" outcome="Passed" testListId="8c84fa94-04c1-424b-9868-57a2d4851a1d" relativeResultsDirectory="2bf6306c-ad6d-43a9-a8e7-9299c7e06412" />
    <UnitTestResult executionId="d130ba45-802e-4f2d-a47f-ec6098c1d8c5" testId="4bac4ec9-6d51-14f7-9d28-3cf86c72f2dc" testName="ReportMediaStatusCommand_ModelValid_RecorderNotFoundException_Handled" computerName="DKSR-EFI-06" duration="00:00:00.0037137" startTime="2024-01-09T15:42:47.8259134+01:00" endTime="2024-01-09T15:42:47.8259134+01:00" testType="13cdc9d9-ddb5-4fa4-a97d-d965ccfc6d4b" outcome="Passed" testListId="8c84fa94-04c1-424b-9868-57a2d4851a1d" relativeResultsDirectory="d130ba45-802e-4f2d-a47f-ec6098c1d8c5" />
    <UnitTestResult executionId="995c363a-9d30-40dc-85f7-f6c2bcd26601" testId="771cf6b2-af79-16b4-169c-420ec176256a" testName="SessionData_Constructor_Success" computerName="DKSR-EFI-06" duration="00:00:00.0101676" startTime="2024-01-09T15:43:12.3572780+01:00" endTime="2024-01-09T15:43:12.3728569+01:00" testType="13cdc9d9-ddb5-4fa4-a97d-d965ccfc6d4b" outcome="Passed" testListId="8c84fa94-04c1-424b-9868-57a2d4851a1d" relativeResultsDirectory="995c363a-9d30-40dc-85f7-f6c2bcd26601" />
    <UnitTestResult executionId="0a27fddd-a1dc-4ee1-a67a-8bb65336185c" testId="79d9da09-79d5-2be0-5f28-ac252e22bd40" testName="EvidenceLockUpdateScheduler_UnknownSizeCheckTimerCallback_Issues_Command" computerName="DKSR-EFI-06" duration="00:00:00.0119349" startTime="2024-01-09T15:42:45.0602831+01:00" endTime="2024-01-09T15:42:45.0759060+01:00" testType="13cdc9d9-ddb5-4fa4-a97d-d965ccfc6d4b" outcome="Passed" testListId="8c84fa94-04c1-424b-9868-57a2d4851a1d" relativeResultsDirectory="0a27fddd-a1dc-4ee1-a67a-8bb65336185c" />
    <UnitTestResult executionId="37de7cc5-a752-403c-b94e-d5e374f703d5" testId="ab0344e1-f2d2-e877-24a4-25ab8356eac9" testName="MoveHardwareTaskCommandHandler_Execute_DeviceEvidenceLocks_NoLiveTables_NoDistributions" computerName="DKSR-EFI-06" duration="00:00:00.1572540" startTime="2024-01-09T15:45:40.0762947+01:00" endTime="2024-01-09T15:45:40.2325478+01:00" testType="13cdc9d9-ddb5-4fa4-a97d-d965ccfc6d4b" outcome="Passed" testListId="8c84fa94-04c1-424b-9868-57a2d4851a1d" relativeResultsDirectory="37de7cc5-a752-403c-b94e-d5e374f703d5">
      <Output>
        <StdOut>Progress: 10&#xD;
Progress: 20&#xD;
Progress: 30&#xD;
Progress: 35&#xD;
Progress: 40&#xD;
Progress: 42&#xD;
Progress: 44&#xD;
Progress: 60&#xD;
Progress: 70&#xD;
Progress: 80&#xD;
Progress: 90&#xD;
Progress: 95&#xD;
Progress: 100</StdOut>
      </Output>
    </UnitTestResult>
    <UnitTestResult executionId="998a3845-f7fb-4a86-be81-6672a8e462db" testId="055b4e5c-9049-e74b-43bd-2a5fd25e970b" testName="UpdateEvidenceLockSizesCommandHandlerTests_UpdateOneEvidenceLockSize_UpdateEvidenceLockSizesInTheDatabaseFailed_SuccessResponse" computerName="DKSR-EFI-06" duration="00:00:02.1213053" startTime="2024-01-09T15:45:56.7200006+01:00" endTime="2024-01-09T15:45:58.8452925+01:00" testType="13cdc9d9-ddb5-4fa4-a97d-d965ccfc6d4b" outcome="Passed" testListId="8c84fa94-04c1-424b-9868-57a2d4851a1d" relativeResultsDirectory="998a3845-f7fb-4a86-be81-6672a8e462db" />
    <UnitTestResult executionId="08d515df-0cba-4206-8d45-48f0c86619e4" testId="a05b407e-5aa7-9f22-d4ee-896f354bc758" testName="DeviceLicense_SetExpire_NullDeviceInfo_Throws_ArgumentException" computerName="DKSR-EFI-06" duration="00:00:00.0008306" startTime="2024-01-09T15:45:34.1231752+01:00" endTime="2024-01-09T15:45:34.1231752+01:00" testType="13cdc9d9-ddb5-4fa4-a97d-d965ccfc6d4b" outcome="Passed" testListId="8c84fa94-04c1-424b-9868-57a2d4851a1d" relativeResultsDirectory="08d515df-0cba-4206-8d45-48f0c86619e4" />
    <UnitTestResult executionId="56804be2-0801-4fbb-b0ad-6b7198d81a0d" testId="e68f7d42-f59c-4600-6af3-d7b4b8daacca" testName="CreateServerLicenseRequest_FailsWithIntegrationRegistrationsNotFound" computerName="DKSR-EFI-06" duration="00:00:00.8258164" startTime="2024-01-09T15:45:15.8887780+01:00" endTime="2024-01-09T15:45:16.7168993+01:00" testType="13cdc9d9-ddb5-4fa4-a97d-d965ccfc6d4b" outcome="Passed" testListId="8c84fa94-04c1-424b-9868-57a2d4851a1d" relativeResultsDirectory="56804be2-0801-4fbb-b0ad-6b7198d81a0d" />
    <UnitTestResult executionId="429ace31-6200-4a88-99f6-b8d52001e239" testId="c02d04ac-b486-9e55-2dd6-7f74f9ce3e8b" testName="AddUnlicensedHardware_AddNull_Throws_ArgumentNullException" computerName="DKSR-EFI-06" duration="00:00:00.0007520" startTime="2024-01-09T15:45:34.1700452+01:00" endTime="2024-01-09T15:45:34.1700452+01:00" testType="13cdc9d9-ddb5-4fa4-a97d-d965ccfc6d4b" outcome="Passed" testListId="8c84fa94-04c1-424b-9868-57a2d4851a1d" relativeResultsDirectory="429ace31-6200-4a88-99f6-b8d52001e239" />
    <UnitTestResult executionId="b42a0ce2-cb84-46d0-9a4c-0c7bc64a646b" testId="e84cc3a7-ac93-d355-2915-e2198089769f" testName="SessionData_ConstructAndQuery_Success" computerName="DKSR-EFI-06" duration="00:00:00.0008972" startTime="2024-01-09T15:43:12.3728569+01:00" endTime="2024-01-09T15:43:12.3728569+01:00" testType="13cdc9d9-ddb5-4fa4-a97d-d965ccfc6d4b" outcome="Passed" testListId="8c84fa94-04c1-424b-9868-57a2d4851a1d" relativeResultsDirectory="b42a0ce2-cb84-46d0-9a4c-0c7bc64a646b" />
    <UnitTestResult executionId="9f281966-317b-49e7-ab71-f899ef82737e" testId="f047eda9-d61b-afec-ac9c-38d582bed66c" testName="ChannelLicenseCountManager_IsCameraFeedLicensedOnSite_NullHardwareInfo_ThrowsArgumentNullException" computerName="DKSR-EFI-06" duration="00:00:00.0011003" startTime="2024-01-09T15:44:59.7012528+01:00" endTime="2024-01-09T15:44:59.7012528+01:00" testType="13cdc9d9-ddb5-4fa4-a97d-d965ccfc6d4b" outcome="Passed" testListId="8c84fa94-04c1-424b-9868-57a2d4851a1d" relativeResultsDirectory="9f281966-317b-49e7-ab71-f899ef82737e" />
    <UnitTestResult executionId="8129d257-5e4d-471e-8ddb-bfb3dc95ee2b" testId="7c8cb038-7e94-7f42-de87-be4e137d2449" testName="LicenseCountManager_ReplacementHardware_AddSuccess" computerName="DKSR-EFI-06" duration="00:00:00.0004248" startTime="2024-01-09T15:45:00.2793827+01:00" endTime="2024-01-09T15:45:00.2793827+01:00" testType="13cdc9d9-ddb5-4fa4-a97d-d965ccfc6d4b" outcome="Passed" testListId="8c84fa94-04c1-424b-9868-57a2d4851a1d" relativeResultsDirectory="8129d257-5e4d-471e-8ddb-bfb3dc95ee2b" />
    <UnitTestResult executionId="09a64dd4-3b27-4ac0-b141-31d9735909b7" testId="50564146-33c5-5bba-7d58-7b6329532747" testName="RegisterRecorder_ModelIsNull_BadRequestResult" computerName="DKSR-EFI-06" duration="00:00:00.0142124" startTime="2024-01-09T15:42:48.5290439+01:00" endTime="2024-01-09T15:42:48.5446687+01:00" testType="13cdc9d9-ddb5-4fa4-a97d-d965ccfc6d4b" outcome="Passed" testListId="8c84fa94-04c1-424b-9868-57a2d4851a1d" relativeResultsDirectory="09a64dd4-3b27-4ac0-b141-31d9735909b7" />
    <UnitTestResult executionId="7c7d16d7-e932-4658-8910-a1b6f91c6ed4" testId="9262bf29-7cc2-7d52-32d2-0249cd141759" testName="AllocateLicenses_NotActivated_ThreeUsedOneUnlicensed_OnFiveCameraChannelsThreeGraceAndThreeAvailableLicenses" computerName="DKSR-EFI-06" duration="00:00:00.0540154" startTime="2024-01-09T15:44:30.9511869+01:00" endTime="2024-01-09T15:44:31.0136878+01:00" testType="13cdc9d9-ddb5-4fa4-a97d-d965ccfc6d4b" outcome="Passed" testListId="8c84fa94-04c1-424b-9868-57a2d4851a1d" relativeResultsDirectory="7c7d16d7-e932-4658-8910-a1b6f91c6ed4" />
    <UnitTestResult executionId="1842337b-3008-45f2-9e78-bbc55b8ab2ec" testId="6bd5b1f8-f899-7ea6-5da0-57f14ba99ccc" testName="IsActivationQueued_IsFalse_Initially" computerName="DKSR-EFI-06" duration="00:00:00.0001714" startTime="2024-01-09T15:43:43.3729653+01:00" endTime="2024-01-09T15:43:43.3729653+01:00" testType="13cdc9d9-ddb5-4fa4-a97d-d965ccfc6d4b" outcome="Passed" testListId="8c84fa94-04c1-424b-9868-57a2d4851a1d" relativeResultsDirectory="1842337b-3008-45f2-9e78-bbc55b8ab2ec" />
    <UnitTestResult executionId="77451605-3baf-439b-bb48-c5eaa4cb13bf" testId="6c9226da-dc8b-6782-1762-3dc120260169" testName="Bug_360916_FiveLicensesAvailable_OneLicensedAndWhitelistedHardware_AddFiveMoreWhitelistedHardwares_OneByOne_FourInCWA_OneUnlicensed_WithoutAllocation" computerName="DKSR-EFI-06" duration="00:00:00.4334847" startTime="2024-01-09T15:44:27.9043139+01:00" endTime="2024-01-09T15:44:28.3418101+01:00" testType="13cdc9d9-ddb5-4fa4-a97d-d965ccfc6d4b" outcome="Passed" testListId="8c84fa94-04c1-424b-9868-57a2d4851a1d" relativeResultsDirectory="77451605-3baf-439b-bb48-c5eaa4cb13bf" />
    <UnitTestResult executionId="03a99148-2426-4779-9f19-6fd4e6c336b0" testId="6d995983-4316-087a-3734-5dd9411b2f2b" testName="UpdateHardwareTaskCommandHandler_Execute_Updated_Tests" computerName="DKSR-EFI-06" duration="00:00:00.0277857" startTime="2024-01-09T15:45:59.7205060+01:00" endTime="2024-01-09T15:45:59.7517683+01:00" testType="13cdc9d9-ddb5-4fa4-a97d-d965ccfc6d4b" outcome="Passed" testListId="8c84fa94-04c1-424b-9868-57a2d4851a1d" relativeResultsDirectory="03a99148-2426-4779-9f19-6fd4e6c336b0" />
    <UnitTestResult executionId="3b2d147f-bb01-4554-a847-96b20c7a1b7e" testId="81805bb5-19b7-51ab-b4b3-02e21590d4b6" testName="WarningResponse_ModelIsNull_BadRequestResult" computerName="DKSR-EFI-06" duration="00:00:00.0005343" startTime="2024-01-09T15:42:48.2946705+01:00" endTime="2024-01-09T15:42:48.2946705+01:00" testType="13cdc9d9-ddb5-4fa4-a97d-d965ccfc6d4b" outcome="Passed" testListId="8c84fa94-04c1-424b-9868-57a2d4851a1d" relativeResultsDirectory="3b2d147f-bb01-4554-a847-96b20c7a1b7e" />
    <UnitTestResult executionId="a5ca11d2-8d96-4a1f-ac7f-d36c857bb4e7" testId="5d51b421-c2c6-a235-079e-749ec17bce2d" testName="AutomaticActivation_IsCalled_WhenQueued" computerName="DKSR-EFI-06" duration="00:00:00.0040458" startTime="2024-01-09T15:43:43.3885449+01:00" endTime="2024-01-09T15:43:43.4041691+01:00" testType="13cdc9d9-ddb5-4fa4-a97d-d965ccfc6d4b" outcome="Passed" testListId="8c84fa94-04c1-424b-9868-57a2d4851a1d" relativeResultsDirectory="a5ca11d2-8d96-4a1f-ac7f-d36c857bb4e7" />
    <UnitTestResult executionId="841467fc-bfae-48b3-8954-29a1a7ecdb63" testId="59fc4393-2f7b-9785-c817-c64a2c91bc8b" testName="AllocateLicensesNotActivated_WhitelistedDriver_AlreadyInCWA_OneHardware_TwoCameras_OneLicense_ValidateLicenseTypes" computerName="DKSR-EFI-06" duration="00:00:00.0397923" startTime="2024-01-09T15:44:33.7324362+01:00" endTime="2024-01-09T15:44:33.7636850+01:00" testType="13cdc9d9-ddb5-4fa4-a97d-d965ccfc6d4b" outcome="Passed" testListId="8c84fa94-04c1-424b-9868-57a2d4851a1d" relativeResultsDirectory="841467fc-bfae-48b3-8954-29a1a7ecdb63" />
    <UnitTestResult executionId="3132be70-28f3-4dbd-a659-b6958300ec1d" testId="7460d3c3-1e10-7e88-9e59-c77d18394bb1" testName="CheckMsFailoverStatusCommandHandler_Execute_InvokeEventTrue_InvalidResponse_ShouldNotTrigger" computerName="DKSR-EFI-06" duration="00:00:00.0345201" startTime="2024-01-09T15:45:35.4044230+01:00" endTime="2024-01-09T15:45:35.4512962+01:00" testType="13cdc9d9-ddb5-4fa4-a97d-d965ccfc6d4b" outcome="Passed" testListId="8c84fa94-04c1-424b-9868-57a2d4851a1d" relativeResultsDirectory="3132be70-28f3-4dbd-a659-b6958300ec1d" />
    <UnitTestResult executionId="6064ab45-842a-4d75-b6cb-231d9f6d45ae" testId="416f82d2-cf13-eaaa-dd89-821c19c09d99" testName="AnalyzeAndCreateAuditLogs_AddedSecurityPermissionsDeviceRowWithDefaultTimeProfile_ReturnsTwoAuditLogs" computerName="DKSR-EFI-06" duration="00:00:00.0048177" startTime="2024-01-09T15:45:35.5606707+01:00" endTime="2024-01-09T15:45:35.5606707+01:00" testType="13cdc9d9-ddb5-4fa4-a97d-d965ccfc6d4b" outcome="Passed" testListId="8c84fa94-04c1-424b-9868-57a2d4851a1d" relativeResultsDirectory="6064ab45-842a-4d75-b6cb-231d9f6d45ae" />
    <UnitTestResult executionId="5d4f9568-e7eb-4961-ace5-0bd8043e7c88" testId="b410cf7e-70d6-adc4-66dc-3cf5e3125c63" testName="Validate_ClearChangesWithoutActivation_RemovesAllHardware" computerName="DKSR-EFI-06" duration="00:00:00.0019660" startTime="2024-01-09T15:45:00.3262592+01:00" endTime="2024-01-09T15:45:00.3262592+01:00" testType="13cdc9d9-ddb5-4fa4-a97d-d965ccfc6d4b" outcome="Passed" testListId="8c84fa94-04c1-424b-9868-57a2d4851a1d" relativeResultsDirectory="5d4f9568-e7eb-4961-ace5-0bd8043e7c88" />
    <UnitTestResult executionId="15b145ce-7341-45a5-b6cc-198fbdbf92d5" testId="3a6b696a-422d-5ee1-5380-e7ef5428f6b9" testName="AllocateLicenses_NotActivated_FourUsedAndOneUnlicensed_OnFiveCameraChannelsWithThreeGraceAndFourAvailableLicenses" computerName="DKSR-EFI-06" duration="00:00:00.1200676" startTime="2024-01-09T15:44:30.7949337+01:00" endTime="2024-01-09T15:44:30.9199368+01:00" testType="13cdc9d9-ddb5-4fa4-a97d-d965ccfc6d4b" outcome="Passed" testListId="8c84fa94-04c1-424b-9868-57a2d4851a1d" relativeResultsDirectory="15b145ce-7341-45a5-b6cc-198fbdbf92d5" />
    <UnitTestResult executionId="77a7c5e2-7d6f-4d4f-a35e-de8f3fab99cc" testId="8000bae8-948f-0b0f-0c32-0094fdf7892e" testName="Dispose_Disposing_DisposesTimer" computerName="DKSR-EFI-06" duration="00:00:00.0024820" startTime="2024-01-09T15:43:43.1697939+01:00" endTime="2024-01-09T15:43:43.1854177+01:00" testType="13cdc9d9-ddb5-4fa4-a97d-d965ccfc6d4b" outcome="Passed" testListId="8c84fa94-04c1-424b-9868-57a2d4851a1d" relativeResultsDirectory="77a7c5e2-7d6f-4d4f-a35e-de8f3fab99cc" />
    <UnitTestResult executionId="89238305-9d00-4fd9-9e92-a0e9eedbc8b3" testId="0d6becca-218f-16e5-ffd9-bb1f5b0e54e6" testName="Validate_ChannelBasedLicense_DevicesInGraceExpire_AfterTimerCalled_HardwareNotInWhiteList" computerName="DKSR-EFI-06" duration="00:00:00.2519375" startTime="2024-01-09T15:45:16.7325253+01:00" endTime="2024-01-09T15:45:16.9825253+01:00" testType="13cdc9d9-ddb5-4fa4-a97d-d965ccfc6d4b" outcome="Passed" testListId="8c84fa94-04c1-424b-9868-57a2d4851a1d" relativeResultsDirectory="89238305-9d00-4fd9-9e92-a0e9eedbc8b3" />
    <UnitTestResult executionId="1b19590f-363c-4619-b5aa-262d7746912d" testId="e3ed273d-3df0-19ef-9d2e-f52cf7e59969" testName="DeleteHardwareTaskCommandHandler_Clone_Returns_Same_Reference" computerName="DKSR-EFI-06" duration="00:00:00.0012426" startTime="2024-01-09T15:45:36.7950440+01:00" endTime="2024-01-09T15:45:36.8106673+01:00" testType="13cdc9d9-ddb5-4fa4-a97d-d965ccfc6d4b" outcome="Passed" testListId="8c84fa94-04c1-424b-9868-57a2d4851a1d" relativeResultsDirectory="1b19590f-363c-4619-b5aa-262d7746912d" />
    <UnitTestResult executionId="811c48d7-463c-4429-93dd-2db06856ef55" testId="46836346-86bd-4983-1ba7-1dbdbb5f7669" testName="RecorderController_ModelIsValid_CommandExecuted" computerName="DKSR-EFI-06" duration="00:00:00.0008357" startTime="2024-01-09T15:42:47.9040405+01:00" endTime="2024-01-09T15:42:47.9040405+01:00" testType="13cdc9d9-ddb5-4fa4-a97d-d965ccfc6d4b" outcome="Passed" testListId="8c84fa94-04c1-424b-9868-57a2d4851a1d" relativeResultsDirectory="811c48d7-463c-4429-93dd-2db06856ef55" />
    <UnitTestResult executionId="544d848a-4321-4128-9ba6-958daef8d792" testId="8473d16a-33e9-c638-f846-0f4a1d9f5e68" testName="IsHardwareInChangesWithoutActivation_ReturnsTrue_OnHardwareInGrace" computerName="DKSR-EFI-06" duration="00:00:00.0075942" startTime="2024-01-09T15:45:09.9200084+01:00" endTime="2024-01-09T15:45:09.9200084+01:00" testType="13cdc9d9-ddb5-4fa4-a97d-d965ccfc6d4b" outcome="Passed" testListId="8c84fa94-04c1-424b-9868-57a2d4851a1d" relativeResultsDirectory="544d848a-4321-4128-9ba6-958daef8d792" />
    <UnitTestResult executionId="9d42232a-5571-4b43-aa9f-6821f0c6857d" testId="12b01767-1152-86d2-fa25-fbd881fa6122" testName="AddHardwareUserCommandHandler_Execute_ReturnsRecorderUnavailableResponseOnRecorderNotConnected" computerName="DKSR-EFI-06" duration="00:00:00.0014092" startTime="2024-01-09T15:45:34.6076281+01:00" endTime="2024-01-09T15:45:34.6076281+01:00" testType="13cdc9d9-ddb5-4fa4-a97d-d965ccfc6d4b" outcome="Passed" testListId="8c84fa94-04c1-424b-9868-57a2d4851a1d" relativeResultsDirectory="9d42232a-5571-4b43-aa9f-6821f0c6857d" />
    <UnitTestResult executionId="5da984b4-5fb2-4ad5-87f3-36c13c923537" testId="cef3c170-314f-5c07-076f-dd65bf2d42ab" testName="DatabaseResponseArchiveInformation_ModelIsValid_CommandExecuted" computerName="DKSR-EFI-06" duration="00:00:00.0019566" startTime="2024-01-09T15:42:48.4509211+01:00" endTime="2024-01-09T15:42:48.4509211+01:00" testType="13cdc9d9-ddb5-4fa4-a97d-d965ccfc6d4b" outcome="Passed" testListId="8c84fa94-04c1-424b-9868-57a2d4851a1d" relativeResultsDirectory="5da984b4-5fb2-4ad5-87f3-36c13c923537" />
    <UnitTestResult executionId="9672c8e9-1e1f-4ff4-8d17-e41a7a01520e" testId="6ecdb656-57fa-19a7-98e7-036cb62f366b" testName="MoveHardwareTaskCommandHandler_Execute_DeviceDataDistribution_Removed_For_Destination_Recorder" computerName="DKSR-EFI-06" duration="00:00:00.2101341" startTime="2024-01-09T15:45:39.7012963+01:00" endTime="2024-01-09T15:45:39.9044193+01:00" testType="13cdc9d9-ddb5-4fa4-a97d-d965ccfc6d4b" outcome="Passed" testListId="8c84fa94-04c1-424b-9868-57a2d4851a1d" relativeResultsDirectory="9672c8e9-1e1f-4ff4-8d17-e41a7a01520e">
      <Output>
        <StdOut>Progress: 10&#xD;
Progress: 20&#xD;
Progress: 30&#xD;
Progress: 35&#xD;
Progress: 40&#xD;
Progress: 42&#xD;
Progress: 44&#xD;
Progress: 60&#xD;
Progress: 70&#xD;
Progress: 80&#xD;
Progress: 90&#xD;
Progress: 95&#xD;
Progress: 100</StdOut>
      </Output>
    </UnitTestResult>
    <UnitTestResult executionId="83df25a6-899e-4951-ae34-237e75f0a182" testId="997ea862-6a21-039f-b6ec-723692d1b23a" testName="DeleteHardwareTaskCommandHandler_Execute_Failed_Unexpected_Response" computerName="DKSR-EFI-06" duration="00:00:00.0008086" startTime="2024-01-09T15:45:36.8419196+01:00" endTime="2024-01-09T15:45:36.8419196+01:00" testType="13cdc9d9-ddb5-4fa4-a97d-d965ccfc6d4b" outcome="Passed" testListId="8c84fa94-04c1-424b-9868-57a2d4851a1d" relativeResultsDirectory="83df25a6-899e-4951-ae34-237e75f0a182" />
    <UnitTestResult executionId="109a6a79-a31f-48d8-8843-5e6c31977a03" testId="adfd4501-32c9-6cd5-35ef-7976b250b7c5" testName="AllocateLicenses_AddHardwareWithNoCameras_Activate_ThreeActivated" computerName="DKSR-EFI-06" duration="00:00:00.1560748" startTime="2024-01-09T15:44:42.1543262+01:00" endTime="2024-01-09T15:44:42.3128232+01:00" testType="13cdc9d9-ddb5-4fa4-a97d-d965ccfc6d4b" outcome="Passed" testListId="8c84fa94-04c1-424b-9868-57a2d4851a1d" relativeResultsDirectory="109a6a79-a31f-48d8-8843-5e6c31977a03" />
    <UnitTestResult executionId="90349010-3ddd-414c-856b-67757929952e" testId="02a5d1b5-54c4-7b9e-575f-d33c2ef2a7b5" testName="ReplaceHardwareTaskCommandHandler_DeviceMapper_Fail_NotMatchingHwids_Test" computerName="DKSR-EFI-06" duration="00:00:00.0006964" startTime="2024-01-09T15:45:43.8889998+01:00" endTime="2024-01-09T15:45:43.8889998+01:00" testType="13cdc9d9-ddb5-4fa4-a97d-d965ccfc6d4b" outcome="Passed" testListId="8c84fa94-04c1-424b-9868-57a2d4851a1d" relativeResultsDirectory="90349010-3ddd-414c-856b-67757929952e" />
    <UnitTestResult executionId="8f990c13-7fbe-434d-929e-43232cecfb80" testId="566b96f6-b08e-adfc-0365-29c5b7626e94" testName="TemporaryLicensesStorage_ClearReplacementToken_RemovesExistingReplacementTokens" computerName="DKSR-EFI-06" duration="00:00:00.0007065" startTime="2024-01-09T15:45:34.2325478+01:00" endTime="2024-01-09T15:45:34.2325478+01:00" testType="13cdc9d9-ddb5-4fa4-a97d-d965ccfc6d4b" outcome="Passed" testListId="8c84fa94-04c1-424b-9868-57a2d4851a1d" relativeResultsDirectory="8f990c13-7fbe-434d-929e-43232cecfb80" />
    <UnitTestResult executionId="0e7e0462-aa9d-48a6-ae0a-dbf22e5fc5d6" testId="92996b23-354a-d707-abfd-bb581c620a85" testName="Validate_IsDeviceInChangesWithoutActivation_WithNullDeviceId_ThrowsArgumentNullException" computerName="DKSR-EFI-06" duration="00:00:00.0009485" startTime="2024-01-09T15:45:00.1231296+01:00" endTime="2024-01-09T15:45:00.1231296+01:00" testType="13cdc9d9-ddb5-4fa4-a97d-d965ccfc6d4b" outcome="Passed" testListId="8c84fa94-04c1-424b-9868-57a2d4851a1d" relativeResultsDirectory="0e7e0462-aa9d-48a6-ae0a-dbf22e5fc5d6" />
    <UnitTestResult executionId="d7834d37-af57-4993-9a00-08c6f169f155" testId="b2a8fa97-d944-2ec8-2d6e-5ded43c50e24" testName="ChannelLicenseCountManager_AddLicensedHardware_Same_MAC_Twice_ArgumentException" computerName="DKSR-EFI-06" duration="00:00:00.0088485" startTime="2024-01-09T15:44:59.6075028+01:00" endTime="2024-01-09T15:44:59.6231285+01:00" testType="13cdc9d9-ddb5-4fa4-a97d-d965ccfc6d4b" outcome="Passed" testListId="8c84fa94-04c1-424b-9868-57a2d4851a1d" relativeResultsDirectory="d7834d37-af57-4993-9a00-08c6f169f155">
      <Output>
        <StdOut>Debug Trace:&#xD;
Fail: An entry is already registered for the mac address.</StdOut>
      </Output>
    </UnitTestResult>
    <UnitTestResult executionId="8f81b01f-4ea5-46da-be2a-419dbdb898bd" testId="90bdbd11-042f-bc1b-47a8-51b71d05db21" testName="AnalyzeAndCreateAuditLogs_DeletedSecurityPermissionsDeviceRowWithDEVICEPTZPRIORITYAtrributeDefaultPriority_ReturnsOneAuditLog" computerName="DKSR-EFI-06" duration="00:00:00.0032680" startTime="2024-01-09T15:45:35.7637964+01:00" endTime="2024-01-09T15:45:35.7637964+01:00" testType="13cdc9d9-ddb5-4fa4-a97d-d965ccfc6d4b" outcome="Passed" testListId="8c84fa94-04c1-424b-9868-57a2d4851a1d" relativeResultsDirectory="8f81b01f-4ea5-46da-be2a-419dbdb898bd" />
    <UnitTestResult executionId="6229c665-83fc-4064-8e09-430679043e90" testId="a7b1ca77-c533-93d1-99ba-9a567e13f38f" testName="TaskHandling_ProcessUpdateDiffgram_Hardware_Null_Value" computerName="DKSR-EFI-06" duration="00:00:00.0024314" startTime="2024-01-09T15:43:19.5135000+01:00" endTime="2024-01-09T15:43:19.5135000+01:00" testType="13cdc9d9-ddb5-4fa4-a97d-d965ccfc6d4b" outcome="Passed" testListId="8c84fa94-04c1-424b-9868-57a2d4851a1d" relativeResultsDirectory="6229c665-83fc-4064-8e09-430679043e90" />
    <UnitTestResult executionId="8819f3ff-0f5d-43fc-939b-1e0c6927b229" testId="9c6ac5b2-1986-9ad5-3899-82514a276561" testName="UpdateHardwareTaskCommandHandler_Execute_Added_Tests" computerName="DKSR-EFI-06" duration="00:00:00.0332161" startTime="2024-01-09T15:45:59.7517683+01:00" endTime="2024-01-09T15:45:59.7830300+01:00" testType="13cdc9d9-ddb5-4fa4-a97d-d965ccfc6d4b" outcome="Passed" testListId="8c84fa94-04c1-424b-9868-57a2d4851a1d" relativeResultsDirectory="8819f3ff-0f5d-43fc-939b-1e0c6927b229" />
    <UnitTestResult executionId="0e551e8a-12a5-41c0-989b-c11bc7c55635" testId="f560dcde-067b-0afa-0fd6-a7ba27afdf2f" testName="UpdateHardwareDriverCommandHandler_Execute_Arguments_Null_Throws" computerName="DKSR-EFI-06" duration="00:00:00.0031355" startTime="2024-01-09T15:45:58.8609193+01:00" endTime="2024-01-09T15:45:58.8609193+01:00" testType="13cdc9d9-ddb5-4fa4-a97d-d965ccfc6d4b" outcome="Passed" testListId="8c84fa94-04c1-424b-9868-57a2d4851a1d" relativeResultsDirectory="0e551e8a-12a5-41c0-989b-c11bc7c55635">
      <Output>
        <StdOut>Debug Trace:&#xD;
Fail: Command/Command handler type mismatch&#xD;
Fail: The command handler expect an object that implements ICallContextInfo in the state parameter&#xD;
Fail: Argument null.</StdOut>
      </Output>
    </UnitTestResult>
    <UnitTestResult executionId="b0def646-9052-4c6a-8606-bacc6dc9f8c5" testId="782c7fa3-007b-fade-1761-8d52da076770" testName="RecorderController_InvalidRecorder_NotFoundResult" computerName="DKSR-EFI-06" duration="00:00:00.0018649" startTime="2024-01-09T15:42:47.9040405+01:00" endTime="2024-01-09T15:42:47.9040405+01:00" testType="13cdc9d9-ddb5-4fa4-a97d-d965ccfc6d4b" outcome="Passed" testListId="8c84fa94-04c1-424b-9868-57a2d4851a1d" relativeResultsDirectory="b0def646-9052-4c6a-8606-bacc6dc9f8c5" />
    <UnitTestResult executionId="4bbdfc2c-a5de-4d68-a998-b7d0a3dd3189" testId="512bd958-f8a9-a04d-b8ba-95f110712181" testName="AllocateLicenses_Activated_OneDevice_SpeakerInputOutput_NoCamera_OneLicensed" computerName="DKSR-EFI-06" duration="00:00:00.0714455" startTime="2024-01-09T15:44:36.6699346+01:00" endTime="2024-01-09T15:44:36.7480632+01:00" testType="13cdc9d9-ddb5-4fa4-a97d-d965ccfc6d4b" outcome="Passed" testListId="8c84fa94-04c1-424b-9868-57a2d4851a1d" relativeResultsDirectory="4bbdfc2c-a5de-4d68-a998-b7d0a3dd3189" />
    <UnitTestResult executionId="cd064de0-c840-4d68-aef5-fbf610cfaf84" testId="f8e89b61-4897-4611-9838-53de20061a37" testName="EventCollector_ReceiveEvent_Filter_Non_Global" computerName="DKSR-EFI-06" duration="00:00:00.0023685" startTime="2024-01-09T15:42:44.9821565+01:00" endTime="2024-01-09T15:42:44.9977799+01:00" testType="13cdc9d9-ddb5-4fa4-a97d-d965ccfc6d4b" outcome="Passed" testListId="8c84fa94-04c1-424b-9868-57a2d4851a1d" relativeResultsDirectory="cd064de0-c840-4d68-aef5-fbf610cfaf84" />
    <UnitTestResult executionId="1d37ec5b-3a9d-4520-bcbf-70f8823992fa" testId="48798009-0aef-c37c-cb98-e8d434cb000c" testName="DeleteHardwareTaskCommandHandler_Execute_Arguments_Null_Throws" computerName="DKSR-EFI-06" duration="00:00:00.0066503" startTime="2024-01-09T15:45:36.8106673+01:00" endTime="2024-01-09T15:45:36.8106673+01:00" testType="13cdc9d9-ddb5-4fa4-a97d-d965ccfc6d4b" outcome="Passed" testListId="8c84fa94-04c1-424b-9868-57a2d4851a1d" relativeResultsDirectory="1d37ec5b-3a9d-4520-bcbf-70f8823992fa">
      <Output>
        <StdOut>Debug Trace:&#xD;
Fail: Command/Command handler type mismatch&#xD;
Fail: The command handler expect an object that implements ICallContextInfo in the state parameter&#xD;
Fail: The command handler expect an object that implements IResponseSink in the responseSink parameter</StdOut>
      </Output>
    </UnitTestResult>
    <UnitTestResult executionId="ae898de6-5093-442b-8dc3-1da5b6beaa77" testId="3e9c10e5-efb5-404e-2cad-31e6b7485e7c" testName="MoveHardwareTaskCommandHandler_Execute_DeviceEvidenceLocks_OnlyOnEdge_MasterDistribution" computerName="DKSR-EFI-06" duration="00:00:00.1854278" startTime="2024-01-09T15:45:40.4044224+01:00" endTime="2024-01-09T15:45:40.5919193+01:00" testType="13cdc9d9-ddb5-4fa4-a97d-d965ccfc6d4b" outcome="Passed" testListId="8c84fa94-04c1-424b-9868-57a2d4851a1d" relativeResultsDirectory="ae898de6-5093-442b-8dc3-1da5b6beaa77">
      <Output>
        <StdOut>Progress: 10&#xD;
Progress: 20&#xD;
Progress: 30&#xD;
Progress: 35&#xD;
Progress: 40&#xD;
Progress: 42&#xD;
Progress: 44&#xD;
Progress: 60&#xD;
Progress: 70&#xD;
Progress: 80&#xD;
Progress: 90&#xD;
Progress: 95&#xD;
Progress: 100</StdOut>
      </Output>
    </UnitTestResult>
    <UnitTestResult executionId="0ee75ab0-6af5-4ad3-b020-486fd2d4c3f1" testId="9e5cbe5c-eb19-54b0-69e8-8cc53a9c52ec" testName="AllocateLicenses_OneHardwareWithTenCameras_GetsFiveInGraceAndFiveInCWA_Success" computerName="DKSR-EFI-06" duration="00:00:00.0454575" startTime="2024-01-09T15:44:47.5762199+01:00" endTime="2024-01-09T15:44:47.6230958+01:00" testType="13cdc9d9-ddb5-4fa4-a97d-d965ccfc6d4b" outcome="Passed" testListId="8c84fa94-04c1-424b-9868-57a2d4851a1d" relativeResultsDirectory="0ee75ab0-6af5-4ad3-b020-486fd2d4c3f1" />
    <UnitTestResult executionId="55f27a2a-653e-4324-a47b-299852c85100" testId="9a22ddaf-f9d6-2b58-0200-b7dd6d6df8ca" testName="HardwareLicense_GetExpireDate_ExistingItem_Returns_ValidExpiryDate" computerName="DKSR-EFI-06" duration="00:00:00.0007524" startTime="2024-01-09T15:45:34.0919223+01:00" endTime="2024-01-09T15:45:34.0919223+01:00" testType="13cdc9d9-ddb5-4fa4-a97d-d965ccfc6d4b" outcome="Passed" testListId="8c84fa94-04c1-424b-9868-57a2d4851a1d" relativeResultsDirectory="55f27a2a-653e-4324-a47b-299852c85100" />
    <UnitTestResult executionId="8f4edfe1-2ae5-4532-8e07-4d6ae6a0a231" testId="45bb0d6d-499f-a93f-8a03-2a3c7204cd4f" testName="ServerFileSystemResponseQueryDirectories_ModelIsNull_BadRequestResult" computerName="DKSR-EFI-06" duration="00:00:00.0005746" startTime="2024-01-09T15:42:48.4665445+01:00" endTime="2024-01-09T15:42:48.4665445+01:00" testType="13cdc9d9-ddb5-4fa4-a97d-d965ccfc6d4b" outcome="Passed" testListId="8c84fa94-04c1-424b-9868-57a2d4851a1d" relativeResultsDirectory="8f4edfe1-2ae5-4532-8e07-4d6ae6a0a231" />
    <UnitTestResult executionId="660fc317-16d4-4c30-8907-fc5d74d46f42" testId="d46b928f-09c1-dfb5-220c-146d45bb27b3" testName="CreateLicenseRequest_CreatesLicenseRequestChannel_OnChannelLicensingFlag" computerName="DKSR-EFI-06" duration="00:00:00.0894292" startTime="2024-01-09T15:45:13.5762650+01:00" endTime="2024-01-09T15:45:13.6700190+01:00" testType="13cdc9d9-ddb5-4fa4-a97d-d965ccfc6d4b" outcome="Passed" testListId="8c84fa94-04c1-424b-9868-57a2d4851a1d" relativeResultsDirectory="660fc317-16d4-4c30-8907-fc5d74d46f42" />
    <UnitTestResult executionId="5509b926-01e1-4618-a72b-30fc240546af" testId="4a01cd80-73e5-9c40-2758-599856b946eb" testName="Monitor_CurrentStatusChanged_AuthorizationError" computerName="DKSR-EFI-06" duration="00:00:00.0064516" startTime="2024-01-09T15:45:34.2950481+01:00" endTime="2024-01-09T15:45:34.2950481+01:00" testType="13cdc9d9-ddb5-4fa4-a97d-d965ccfc6d4b" outcome="Passed" testListId="8c84fa94-04c1-424b-9868-57a2d4851a1d" relativeResultsDirectory="5509b926-01e1-4618-a72b-30fc240546af" />
    <UnitTestResult executionId="5530aa2a-4208-452b-946f-bb2667364a85" testId="df5c3845-a233-27f8-e47f-7255071d02b8" testName="AddHardwareToRequest_AddsInterconnectedHardwareToList" computerName="DKSR-EFI-06" duration="00:00:00.0026594" startTime="2024-01-09T15:45:29.6075436+01:00" endTime="2024-01-09T15:45:29.6231671+01:00" testType="13cdc9d9-ddb5-4fa4-a97d-d965ccfc6d4b" outcome="Passed" testListId="8c84fa94-04c1-424b-9868-57a2d4851a1d" relativeResultsDirectory="5530aa2a-4208-452b-946f-bb2667364a85" />
    <UnitTestResult executionId="28cb175c-adfd-491e-8ee4-e3baa3caee2c" testId="6fa11eaa-f2fa-e99e-c4b6-60a0b63addf4" testName="GetHardwareNetworkSettingsCommandHandler_Execute_EmptyRecorderId_ReturnsFailResponse" computerName="DKSR-EFI-06" duration="00:00:00.0010431" startTime="2024-01-09T15:45:38.0762960+01:00" endTime="2024-01-09T15:45:38.0919212+01:00" testType="13cdc9d9-ddb5-4fa4-a97d-d965ccfc6d4b" outcome="Passed" testListId="8c84fa94-04c1-424b-9868-57a2d4851a1d" relativeResultsDirectory="28cb175c-adfd-491e-8ee4-e3baa3caee2c" />
    <UnitTestResult executionId="bbe95442-c880-47ad-8e42-3a89e504af2a" testId="45331505-4432-2593-3699-d42f8ffbaedd" testName="AnalyzeAndCreateAuditLogs_ModifiedSecurityPermissionsRowToSameValue_ReturnsNoAuditLog" computerName="DKSR-EFI-06" duration="00:00:00.0034017" startTime="2024-01-09T15:45:35.8419205+01:00" endTime="2024-01-09T15:45:35.8419205+01:00" testType="13cdc9d9-ddb5-4fa4-a97d-d965ccfc6d4b" outcome="Passed" testListId="8c84fa94-04c1-424b-9868-57a2d4851a1d" relativeResultsDirectory="bbe95442-c880-47ad-8e42-3a89e504af2a" />
    <UnitTestResult executionId="4066ea44-1765-47ed-a46c-5dbe96ad0b77" testId="bf458c5e-f251-312f-019a-44073344a00c" testName="LicenseCountManager_GetRelatedRecordingServers_InvalidMac_Empty_Throws_ArgumentNullException" computerName="DKSR-EFI-06" duration="00:00:00.0005670" startTime="2024-01-09T15:45:00.2012585+01:00" endTime="2024-01-09T15:45:00.2012585+01:00" testType="13cdc9d9-ddb5-4fa4-a97d-d965ccfc6d4b" outcome="Passed" testListId="8c84fa94-04c1-424b-9868-57a2d4851a1d" relativeResultsDirectory="4066ea44-1765-47ed-a46c-5dbe96ad0b77" />
    <UnitTestResult executionId="3122640b-ec04-43fa-9f9e-fde3c24cda24" testId="b6582bb8-ed69-7be8-bf96-b58cae21ed22" testName="RecorderLicense_Remove_EmptyGuid_Throws_ArgumentException" computerName="DKSR-EFI-06" duration="00:00:00.0007760" startTime="2024-01-09T15:45:34.0137957+01:00" endTime="2024-01-09T15:45:34.0137957+01:00" testType="13cdc9d9-ddb5-4fa4-a97d-d965ccfc6d4b" outcome="Passed" testListId="8c84fa94-04c1-424b-9868-57a2d4851a1d" relativeResultsDirectory="3122640b-ec04-43fa-9f9e-fde3c24cda24" />
    <UnitTestResult executionId="317354c8-4778-4daf-904b-5a2d9886b167" testId="bb451fc7-c0fc-b71f-3b0d-45a13d1a772a" testName="Dispose_Disposing_DisposesIdpAdministrationClient" computerName="DKSR-EFI-06" duration="00:00:00.0021602" startTime="2024-01-09T15:43:43.1854177+01:00" endTime="2024-01-09T15:43:43.1854177+01:00" testType="13cdc9d9-ddb5-4fa4-a97d-d965ccfc6d4b" outcome="Passed" testListId="8c84fa94-04c1-424b-9868-57a2d4851a1d" relativeResultsDirectory="317354c8-4778-4daf-904b-5a2d9886b167" />
    <UnitTestResult executionId="5996c0ac-f196-4960-866d-038c9c674b77" testId="c6bc8554-7927-00e2-a7fa-0b3a3c2b4aa2" testName="RecorderLicense_ConfirmCount_AfterRemoveExistingLicense_Success" computerName="DKSR-EFI-06" duration="00:00:00.0014695" startTime="2024-01-09T15:45:34.0294245+01:00" endTime="2024-01-09T15:45:34.0294245+01:00" testType="13cdc9d9-ddb5-4fa4-a97d-d965ccfc6d4b" outcome="Passed" testListId="8c84fa94-04c1-424b-9868-57a2d4851a1d" relativeResultsDirectory="5996c0ac-f196-4960-866d-038c9c674b77" />
    <UnitTestResult executionId="5819f056-8455-44fb-8e91-252778eb82e2" testId="ca2fa920-b827-2294-b4cd-faeaf4472dfc" testName="AddBookmarkCommand_ModelValid_RecorderNotFoundException_Handled" computerName="DKSR-EFI-06" duration="00:00:00.0014718" startTime="2024-01-09T15:42:47.8727914+01:00" endTime="2024-01-09T15:42:47.8727914+01:00" testType="13cdc9d9-ddb5-4fa4-a97d-d965ccfc6d4b" outcome="Passed" testListId="8c84fa94-04c1-424b-9868-57a2d4851a1d" relativeResultsDirectory="5819f056-8455-44fb-8e91-252778eb82e2" />
    <UnitTestResult executionId="1ca11e20-ce4b-4d3d-afd6-b11f0d7e1d75" testId="b6e86c34-e523-66bb-6641-e4792d72f9ee" testName="Construct_LicenseSnapshot_InvalidRecorderLicenseInfo_Throws_ArgumentNullException" computerName="DKSR-EFI-06" duration="00:00:00.0007582" startTime="2024-01-09T15:45:33.9512989+01:00" endTime="2024-01-09T15:45:33.9512989+01:00" testType="13cdc9d9-ddb5-4fa4-a97d-d965ccfc6d4b" outcome="Passed" testListId="8c84fa94-04c1-424b-9868-57a2d4851a1d" relativeResultsDirectory="1ca11e20-ce4b-4d3d-afd6-b11f0d7e1d75" />
    <UnitTestResult executionId="c6189df9-3361-405d-9ad1-479a1784cc29" testId="d5fb2644-d797-3a4e-6531-1a75c8d65408" testName="DeleteConfigurationItemCommandHandler_Execute_DeleteRecorder_Success" computerName="DKSR-EFI-06" duration="00:00:00.1218574" startTime="2024-01-09T15:45:36.5450454+01:00" endTime="2024-01-09T15:45:36.6700461+01:00" testType="13cdc9d9-ddb5-4fa4-a97d-d965ccfc6d4b" outcome="Passed" testListId="8c84fa94-04c1-424b-9868-57a2d4851a1d" relativeResultsDirectory="c6189df9-3361-405d-9ad1-479a1784cc29" />
    <UnitTestResult executionId="fb734de5-e0ff-4a7b-a733-ca756c698986" testId="83a331b3-f90d-f07e-fa30-807969658030" testName="HardwareInCWAOnWhiteList_ReplacedWithNoInheritance_HardwareOnWhiteList_CWAAllowed_MoreChannelsOnReplacedHardware_NewHardwareInCWA" computerName="DKSR-EFI-06" duration="00:00:00.4479855" startTime="2024-01-09T15:44:14.9042929+01:00" endTime="2024-01-09T15:44:15.3574167+01:00" testType="13cdc9d9-ddb5-4fa4-a97d-d965ccfc6d4b" outcome="Passed" testListId="8c84fa94-04c1-424b-9868-57a2d4851a1d" relativeResultsDirectory="fb734de5-e0ff-4a7b-a733-ca756c698986" />
    <UnitTestResult executionId="0b04a628-fde7-4db9-907f-e19433a6d78b" testId="573857fb-800b-6bf2-710a-b07596a02691" testName="ConfigurationDataSetLoader_GetDevicesByDeviceIds_Success" computerName="DKSR-EFI-06" duration="00:00:00.0009847" startTime="2024-01-09T15:45:34.3731714+01:00" endTime="2024-01-09T15:45:34.3731714+01:00" testType="13cdc9d9-ddb5-4fa4-a97d-d965ccfc6d4b" outcome="Passed" testListId="8c84fa94-04c1-424b-9868-57a2d4851a1d" relativeResultsDirectory="0b04a628-fde7-4db9-907f-e19433a6d78b" />
    <UnitTestResult executionId="8240b387-9781-44b7-88ff-661907c24ff0" testId="3efb8632-d275-2f59-6e77-6a95bebd84ae" testName="GetRecorderLicense_DoesNotAllocateFreeLicense_OnSameICPHwOnTwoRecordingServersAndMissingLicenses" computerName="DKSR-EFI-06" duration="00:00:00.0221759" startTime="2024-01-09T15:45:17.0450256+01:00" endTime="2024-01-09T15:45:17.0606501+01:00" testType="13cdc9d9-ddb5-4fa4-a97d-d965ccfc6d4b" outcome="Passed" testListId="8c84fa94-04c1-424b-9868-57a2d4851a1d" relativeResultsDirectory="8240b387-9781-44b7-88ff-661907c24ff0" />
    <UnitTestResult executionId="78e09f21-452f-4a05-8f8f-8c31c76c6063" testId="f0ebc854-c13b-2b60-a0fd-ffd0a235b26d" testName="UploadFileChunkCommandHandler_Execute_Arguments_Null_Throws" computerName="DKSR-EFI-06" duration="00:00:00.0084170" startTime="2024-01-09T15:46:00.3457854+01:00" endTime="2024-01-09T15:46:00.3457854+01:00" testType="13cdc9d9-ddb5-4fa4-a97d-d965ccfc6d4b" outcome="Passed" testListId="8c84fa94-04c1-424b-9868-57a2d4851a1d" relativeResultsDirectory="78e09f21-452f-4a05-8f8f-8c31c76c6063">
      <Output>
        <StdOut>Debug Trace:&#xD;
Fail: Command/Command handler type mismatch&#xD;
Fail: The command handler expect an object that implements ICallContextInfo in the state parameter&#xD;
Fail: The command handler expect an object that implements IResponseSink in the responseSink parameter</StdOut>
      </Output>
    </UnitTestResult>
    <UnitTestResult executionId="752cd4c4-3025-4da3-b061-9eb830512cbb" testId="91acfdfe-b3ca-39a1-a1fe-286d51d61a08" testName="MoveHardwareTaskCommandHandler_Execute_Driver_Versions_Different_Success_With_Warnings" computerName="DKSR-EFI-06" duration="00:00:00.2813465" startTime="2024-01-09T15:45:40.5919193+01:00" endTime="2024-01-09T15:45:40.8731700+01:00" testType="13cdc9d9-ddb5-4fa4-a97d-d965ccfc6d4b" outcome="Passed" testListId="8c84fa94-04c1-424b-9868-57a2d4851a1d" relativeResultsDirectory="752cd4c4-3025-4da3-b061-9eb830512cbb">
      <Output>
        <StdOut>Progress: 10&#xD;
Progress: 20&#xD;
Progress: 30&#xD;
Progress: 35&#xD;
Progress: 40&#xD;
Progress: 42&#xD;
Progress: 44&#xD;
Progress: 60&#xD;
Progress: 70&#xD;
Progress: 80&#xD;
Progress: 90&#xD;
Progress: 95&#xD;
Progress: 100</StdOut>
      </Output>
    </UnitTestResult>
    <UnitTestResult executionId="8fbe5c3a-1399-4743-8673-fb23e5a0892c" testId="17f84e40-a26b-78e4-2dad-26313f9b7fcc" testName="EvidenceLockOnOldRecorderCommandHandlerTests_OldRecV2_ConfigEdit3Rows" computerName="DKSR-EFI-06" duration="00:00:00.0163030" startTime="2024-01-09T15:45:37.5606730+01:00" endTime="2024-01-09T15:45:37.5762999+01:00" testType="13cdc9d9-ddb5-4fa4-a97d-d965ccfc6d4b" outcome="Passed" testListId="8c84fa94-04c1-424b-9868-57a2d4851a1d" relativeResultsDirectory="8fbe5c3a-1399-4743-8673-fb23e5a0892c" />
    <UnitTestResult executionId="01635554-003c-4bcf-ab69-f2551eb2d2db" testId="f51e7d15-bb07-1f77-c496-763527081ab8" testName="GetHardwareUsersCommandHandler_Execute_EmptyHardwareId_ReturnsFailResponse" computerName="DKSR-EFI-06" duration="00:00:00.0006901" startTime="2024-01-09T15:45:38.1387957+01:00" endTime="2024-01-09T15:45:38.1387957+01:00" testType="13cdc9d9-ddb5-4fa4-a97d-d965ccfc6d4b" outcome="Passed" testListId="8c84fa94-04c1-424b-9868-57a2d4851a1d" relativeResultsDirectory="01635554-003c-4bcf-ab69-f2551eb2d2db" />
    <UnitTestResult executionId="f57556e5-1244-4168-a726-52105aa83d6f" testId="3fde29d6-b00e-e198-01ad-3fbbe5dfc2fd" testName="LicenseInformation_ToXml_FromXml_Success" computerName="DKSR-EFI-06" duration="00:00:00.0173396" startTime="2024-01-09T15:45:00.5762563+01:00" endTime="2024-01-09T15:45:00.5918820+01:00" testType="13cdc9d9-ddb5-4fa4-a97d-d965ccfc6d4b" outcome="Passed" testListId="8c84fa94-04c1-424b-9868-57a2d4851a1d" relativeResultsDirectory="f57556e5-1244-4168-a726-52105aa83d6f" />
    <UnitTestResult executionId="2fd59577-1059-4932-914e-068887c18f4c" testId="8f61d7b7-60b9-d0ff-310b-d9cdc01b0f6a" testName="CleanUp_NoFreeClients_TimerStopped" computerName="DKSR-EFI-06" duration="00:00:00.0012287" startTime="2024-01-09T15:46:00.6271064+01:00" endTime="2024-01-09T15:46:00.6271064+01:00" testType="13cdc9d9-ddb5-4fa4-a97d-d965ccfc6d4b" outcome="Passed" testListId="8c84fa94-04c1-424b-9868-57a2d4851a1d" relativeResultsDirectory="2fd59577-1059-4932-914e-068887c18f4c" />
    <UnitTestResult executionId="1b505044-0eba-4180-a467-4740903a63f6" testId="c26036cb-f9a2-ec0b-8640-2471e542dc8b" testName="HardwareScanProgressResponse_ModelIsValid_CommandExecuted" computerName="DKSR-EFI-06" duration="00:00:00.0010497" startTime="2024-01-09T15:42:48.3259197+01:00" endTime="2024-01-09T15:42:48.3259197+01:00" testType="13cdc9d9-ddb5-4fa4-a97d-d965ccfc6d4b" outcome="Passed" testListId="8c84fa94-04c1-424b-9868-57a2d4851a1d" relativeResultsDirectory="1b505044-0eba-4180-a467-4740903a63f6" />
    <UnitTestResult executionId="6c878e1f-6622-45a6-95bb-0fce90e3f85a" testId="c678b432-028d-2314-d5e0-c2e7439f5a1b" testName="RecorderTaskStopped_ModelIsValid_Executed" computerName="DKSR-EFI-06" duration="00:00:00.0005418" startTime="2024-01-09T15:42:48.1227922+01:00" endTime="2024-01-09T15:42:48.1227922+01:00" testType="13cdc9d9-ddb5-4fa4-a97d-d965ccfc6d4b" outcome="Passed" testListId="8c84fa94-04c1-424b-9868-57a2d4851a1d" relativeResultsDirectory="6c878e1f-6622-45a6-95bb-0fce90e3f85a" />
    <UnitTestResult executionId="5185e2c9-32a0-457a-b169-094a6bc3d6c1" testId="20862179-ea04-7a02-2e88-39a6cf08c704" testName="RecordingServerCache_AddLicenseToCache_Success" computerName="DKSR-EFI-06" duration="00:00:00.0008290" startTime="2024-01-09T15:45:09.1856327+01:00" endTime="2024-01-09T15:45:09.1856327+01:00" testType="13cdc9d9-ddb5-4fa4-a97d-d965ccfc6d4b" outcome="Passed" testListId="8c84fa94-04c1-424b-9868-57a2d4851a1d" relativeResultsDirectory="5185e2c9-32a0-457a-b169-094a6bc3d6c1" />
    <UnitTestResult executionId="092ff7ce-5dbb-4b9f-b070-694c2690c4c5" testId="814139e2-58fb-a737-92b7-36c04e0deab8" testName="AllocateLicenses_SevenHardware_25Licenses_EnablingTwoDisabledCamerasWillHaveTwoUnlicensed_EnsureCorrectDevicesAreInGrace" computerName="DKSR-EFI-06" duration="00:00:00.2692766" startTime="2024-01-09T15:44:31.4511876+01:00" endTime="2024-01-09T15:44:31.7168122+01:00" testType="13cdc9d9-ddb5-4fa4-a97d-d965ccfc6d4b" outcome="Passed" testListId="8c84fa94-04c1-424b-9868-57a2d4851a1d" relativeResultsDirectory="092ff7ce-5dbb-4b9f-b070-694c2690c4c5" />
    <UnitTestResult executionId="6b2b5364-ab47-4053-a49a-2f32d99d35fa" testId="733b622e-46d5-d019-e7eb-f1f0d3677324" testName="CheckMsFailoverStatusCommandHandler_Constructor_Second_ThrowsIfParameterNull" computerName="DKSR-EFI-06" duration="00:00:00.0009842" startTime="2024-01-09T15:45:34.8731726+01:00" endTime="2024-01-09T15:45:34.8731726+01:00" testType="13cdc9d9-ddb5-4fa4-a97d-d965ccfc6d4b" outcome="Passed" testListId="8c84fa94-04c1-424b-9868-57a2d4851a1d" relativeResultsDirectory="6b2b5364-ab47-4053-a49a-2f32d99d35fa">
      <Output>
        <StdOut>Debug Trace:&#xD;
Fail: Argument null</StdOut>
      </Output>
    </UnitTestResult>
    <UnitTestResult executionId="46fc27b0-c0d8-46c2-b517-47814d2e50c5" testId="f99da047-6c28-65f2-2cd6-bc6e29c618aa" testName="ConvertIdpLog_UserLockedOut" computerName="DKSR-EFI-06" duration="00:00:00.0012783" startTime="2024-01-09T15:43:42.4822872+01:00" endTime="2024-01-09T15:43:42.4822872+01:00" testType="13cdc9d9-ddb5-4fa4-a97d-d965ccfc6d4b" outcome="Passed" testListId="8c84fa94-04c1-424b-9868-57a2d4851a1d" relativeResultsDirectory="46fc27b0-c0d8-46c2-b517-47814d2e50c5" />
    <UnitTestResult executionId="62c87d33-c834-42ea-8de0-e77bc08438ee" testId="3be51c51-c709-c67b-75c9-3ba3e2cef999" testName="ChangeHardwarePasswordTaskCommandHandler_Execute_Failed_NoResponse" computerName="DKSR-EFI-06" duration="00:00:00.0329851" startTime="2024-01-09T15:45:34.7012967+01:00" endTime="2024-01-09T15:45:34.7325451+01:00" testType="13cdc9d9-ddb5-4fa4-a97d-d965ccfc6d4b" outcome="Passed" testListId="8c84fa94-04c1-424b-9868-57a2d4851a1d" relativeResultsDirectory="62c87d33-c834-42ea-8de0-e77bc08438ee" />
    <UnitTestResult executionId="c3199a3b-fcc2-46f1-98ee-a1dbb04eff80" testId="8e582c8c-bba7-7417-5c1c-e177b4dee6cc" testName="HardwareActivatedNotOnWhiteList_ReplacedWithNoInheritance_HardwareNotOnWhiteList_DifferentCameraChannels" computerName="DKSR-EFI-06" duration="00:00:00.1554139" startTime="2024-01-09T15:44:25.0761826+01:00" endTime="2024-01-09T15:44:25.2324343+01:00" testType="13cdc9d9-ddb5-4fa4-a97d-d965ccfc6d4b" outcome="Passed" testListId="8c84fa94-04c1-424b-9868-57a2d4851a1d" relativeResultsDirectory="c3199a3b-fcc2-46f1-98ee-a1dbb04eff80" />
    <UnitTestResult executionId="436a8209-1184-4dd9-96fb-0386223aa38f" testId="86eaf42e-c871-8ba8-6148-f8452ed3f9cf" testName="LicenseCountManager_ValidateRelatedRecordingServerLicenses_NullLicenseManager_ThrowsArgumentNullException" computerName="DKSR-EFI-06" duration="00:00:00.0041980" startTime="2024-01-09T15:45:00.1700061+01:00" endTime="2024-01-09T15:45:00.1700061+01:00" testType="13cdc9d9-ddb5-4fa4-a97d-d965ccfc6d4b" outcome="Passed" testListId="8c84fa94-04c1-424b-9868-57a2d4851a1d" relativeResultsDirectory="436a8209-1184-4dd9-96fb-0386223aa38f" />
    <UnitTestResult executionId="0e55ca5c-1f75-4893-96fc-779979a92243" testId="094d33c7-f572-769c-7f62-073e28ba3516" testName="TemporaryLicenseStorage_RoundTrip_Licenses_Success" computerName="DKSR-EFI-06" duration="00:00:00.0034921" startTime="2024-01-09T15:45:34.2481683+01:00" endTime="2024-01-09T15:45:34.2481683+01:00" testType="13cdc9d9-ddb5-4fa4-a97d-d965ccfc6d4b" outcome="Passed" testListId="8c84fa94-04c1-424b-9868-57a2d4851a1d" relativeResultsDirectory="0e55ca5c-1f75-4893-96fc-779979a92243" />
    <UnitTestResult executionId="6743f10f-b6e4-4892-9986-e7a8acd98354" testId="dc0c2da5-f912-3a42-fb09-fd922bf21e0e" testName="AddBookmarkCommand_ModelIsValid_CommandExecuted" computerName="DKSR-EFI-06" duration="00:00:00.0059056" startTime="2024-01-09T15:42:47.8727914+01:00" endTime="2024-01-09T15:42:47.8727914+01:00" testType="13cdc9d9-ddb5-4fa4-a97d-d965ccfc6d4b" outcome="Passed" testListId="8c84fa94-04c1-424b-9868-57a2d4851a1d" relativeResultsDirectory="6743f10f-b6e4-4892-9986-e7a8acd98354" />
    <UnitTestResult executionId="8ecf4af5-5c64-47a1-becb-01b523fb3be4" testId="f7076339-e5cf-6e19-d30b-284c92fc046e" testName="GenerateLicenseRequestAsXml_Success_With1RecordingServerWith4DevicesAnd1DeviceCompletelyDisabled_ValidLicenseWithEmptyWhiteList" computerName="DKSR-EFI-06" duration="00:00:00.3647241" startTime="2024-01-09T15:45:29.2325438+01:00" endTime="2024-01-09T15:45:29.5919184+01:00" testType="13cdc9d9-ddb5-4fa4-a97d-d965ccfc6d4b" outcome="Passed" testListId="8c84fa94-04c1-424b-9868-57a2d4851a1d" relativeResultsDirectory="8ecf4af5-5c64-47a1-becb-01b523fb3be4" />
    <UnitTestResult executionId="28f4c3eb-e374-4aed-80f2-10be5970a82d" testId="ecc470fa-6ca3-eddb-c95e-18809a25c516" testName="RemovedPreviousYearDevicesFromCountManager_OnATimer" computerName="DKSR-EFI-06" duration="00:00:00.0250178" startTime="2024-01-09T15:45:13.5137646+01:00" endTime="2024-01-09T15:45:13.5293915+01:00" testType="13cdc9d9-ddb5-4fa4-a97d-d965ccfc6d4b" outcome="Passed" testListId="8c84fa94-04c1-424b-9868-57a2d4851a1d" relativeResultsDirectory="28f4c3eb-e374-4aed-80f2-10be5970a82d" />
    <UnitTestResult executionId="ece322d7-f310-46b6-81b8-66a42afcb267" testId="ee9226e9-7a42-d049-4837-5da1cc22dce0" testName="HardwareUnsupportedResponse_ModelIsNull_BadRequestResult" computerName="DKSR-EFI-06" duration="00:00:00.0005670" startTime="2024-01-09T15:42:48.3884189+01:00" endTime="2024-01-09T15:42:48.3884189+01:00" testType="13cdc9d9-ddb5-4fa4-a97d-d965ccfc6d4b" outcome="Passed" testListId="8c84fa94-04c1-424b-9868-57a2d4851a1d" relativeResultsDirectory="ece322d7-f310-46b6-81b8-66a42afcb267" />
    <UnitTestResult executionId="76dfa3c7-8080-4f9e-83ec-b4b16cf9d373" testId="ebcc417d-cc96-72ca-2217-d9dc9359c6a9" testName="UpdateReadOnlySettings_InvalidRecorder_NotFoundResult" computerName="DKSR-EFI-06" duration="00:00:00.0007017" startTime="2024-01-09T15:42:48.5134195+01:00" endTime="2024-01-09T15:42:48.5134195+01:00" testType="13cdc9d9-ddb5-4fa4-a97d-d965ccfc6d4b" outcome="Passed" testListId="8c84fa94-04c1-424b-9868-57a2d4851a1d" relativeResultsDirectory="76dfa3c7-8080-4f9e-83ec-b4b16cf9d373" />
    <UnitTestResult executionId="f7635d73-d4f9-431d-829c-b080b29469d3" testId="9fd4eb66-24c8-4e78-e05e-2e76a515b4f1" testName="ValidateCWA_EnsurePreviousDevicesInCWADoNotGetKickedOut" computerName="DKSR-EFI-06" duration="00:00:00.3860770" startTime="2024-01-09T15:44:28.3418101+01:00" endTime="2024-01-09T15:44:28.7324364+01:00" testType="13cdc9d9-ddb5-4fa4-a97d-d965ccfc6d4b" outcome="Passed" testListId="8c84fa94-04c1-424b-9868-57a2d4851a1d" relativeResultsDirectory="f7635d73-d4f9-431d-829c-b080b29469d3" />
    <UnitTestResult executionId="903a4192-b911-4aab-87d9-3327cf13f05f" testId="f16cf963-f1fd-a482-1f8d-a5f88ac77836" testName="ChangeHardwarePasswordRuleAction_Execute_SunnyDay_CleanupIsCalled" computerName="DKSR-EFI-06" duration="00:00:00.0910540" startTime="2024-01-09T15:43:19.8572489+01:00" endTime="2024-01-09T15:43:19.9509974+01:00" testType="13cdc9d9-ddb5-4fa4-a97d-d965ccfc6d4b" outcome="Passed" testListId="8c84fa94-04c1-424b-9868-57a2d4851a1d" relativeResultsDirectory="903a4192-b911-4aab-87d9-3327cf13f05f" />
    <UnitTestResult executionId="6de974ed-38b6-4c58-af07-acc8777720b0" testId="9fe3c6f4-c1ea-93f9-bac9-72568655ab11" testName="TriggerEventAsGlobal_ModelIsValid_CommandExecuted" computerName="DKSR-EFI-06" duration="00:00:00.0024740" startTime="2024-01-09T15:42:48.4977954+01:00" endTime="2024-01-09T15:42:48.4977954+01:00" testType="13cdc9d9-ddb5-4fa4-a97d-d965ccfc6d4b" outcome="Passed" testListId="8c84fa94-04c1-424b-9868-57a2d4851a1d" relativeResultsDirectory="6de974ed-38b6-4c58-af07-acc8777720b0" />
    <UnitTestResult executionId="49e68bb5-69c1-40b5-8086-7b45e222f1fd" testId="93f501f4-581a-65e8-06b9-840cb25c5b26" testName="AnalyzeAndCreateAuditLogs_AddedSecurityPermissionsRow_ReturnsOneAuditLog" computerName="DKSR-EFI-06" duration="00:00:00.0056105" startTime="2024-01-09T15:45:35.8106741+01:00" endTime="2024-01-09T15:45:35.8106741+01:00" testType="13cdc9d9-ddb5-4fa4-a97d-d965ccfc6d4b" outcome="Passed" testListId="8c84fa94-04c1-424b-9868-57a2d4851a1d" relativeResultsDirectory="49e68bb5-69c1-40b5-8086-7b45e222f1fd" />
    <UnitTestResult executionId="f6b9563a-166e-4014-b440-79527942277c" testId="b765d0cf-1fe6-73b4-d57a-f5ad7d890fbe" testName="CheckMsFailoverStatusCommandHandler_Execute_Arguments_Null_Throws" computerName="DKSR-EFI-06" duration="00:00:00.0107862" startTime="2024-01-09T15:45:34.8731726+01:00" endTime="2024-01-09T15:45:34.8887988+01:00" testType="13cdc9d9-ddb5-4fa4-a97d-d965ccfc6d4b" outcome="Passed" testListId="8c84fa94-04c1-424b-9868-57a2d4851a1d" relativeResultsDirectory="f6b9563a-166e-4014-b440-79527942277c">
      <Output>
        <StdOut>Debug Trace:&#xD;
Fail: Command/Command handler type mismatch&#xD;
Fail: Command/Command handler type mismatch&#xD;
Fail: The command handler expect an object that implements ICallContextInfo in the state parameter&#xD;
Fail: The command handler expect an object that implements IResponseSink in the responseSink parameter</StdOut>
      </Output>
    </UnitTestResult>
    <UnitTestResult executionId="06cae203-7a4c-478f-8835-f91f7b1ea9e2" testId="598d5d0f-e711-eeeb-ae86-9f1a3129bef6" testName="ReplaceHardwareTaskCommandHandler_Construction_Null_Tests" computerName="DKSR-EFI-06" duration="00:00:00.0005064" startTime="2024-01-09T15:45:43.8264565+01:00" endTime="2024-01-09T15:45:43.8264565+01:00" testType="13cdc9d9-ddb5-4fa4-a97d-d965ccfc6d4b" outcome="Passed" testListId="8c84fa94-04c1-424b-9868-57a2d4851a1d" relativeResultsDirectory="06cae203-7a4c-478f-8835-f91f7b1ea9e2" />
    <UnitTestResult executionId="1102bc46-f24a-41dd-8301-03c6660d2fa7" testId="f3fc3b2a-fd0c-ed34-201e-80335edc57c1" testName="EvidenceLockUpdateScheduler_2xStart_Throws" computerName="DKSR-EFI-06" duration="00:00:00.0008090" startTime="2024-01-09T15:42:45.0446574+01:00" endTime="2024-01-09T15:42:45.0446574+01:00" testType="13cdc9d9-ddb5-4fa4-a97d-d965ccfc6d4b" outcome="Passed" testListId="8c84fa94-04c1-424b-9868-57a2d4851a1d" relativeResultsDirectory="1102bc46-f24a-41dd-8301-03c6660d2fa7" />
    <UnitTestResult executionId="7882dbba-38b7-4f4a-8ee9-8b35f54dfb3a" testId="73046387-2950-c952-87c9-d824b259d8e4" testName="AllocateLicensesNotActivated_WhitelistedDriver_Grace_TwoHardware_TwoCameras_OneLicense_OneHardwareUnlicensed_ValidateLicenseTypes" computerName="DKSR-EFI-06" duration="00:00:00.1743310" startTime="2024-01-09T15:44:33.4511869+01:00" endTime="2024-01-09T15:44:33.6230611+01:00" testType="13cdc9d9-ddb5-4fa4-a97d-d965ccfc6d4b" outcome="Passed" testListId="8c84fa94-04c1-424b-9868-57a2d4851a1d" relativeResultsDirectory="7882dbba-38b7-4f4a-8ee9-8b35f54dfb3a" />
    <UnitTestResult executionId="96c94e4a-5db6-48ef-8fde-6eb5119090db" testId="a72557df-c6d0-bf9b-8d3c-1786d4a4b577" testName="GetCompleteConfiguration_ModelValid_RecorderNotFoundException_Handled" computerName="DKSR-EFI-06" duration="00:00:00.0042281" startTime="2024-01-09T15:42:45.5290324+01:00" endTime="2024-01-09T15:42:45.5290324+01:00" testType="13cdc9d9-ddb5-4fa4-a97d-d965ccfc6d4b" outcome="Passed" testListId="8c84fa94-04c1-424b-9868-57a2d4851a1d" relativeResultsDirectory="96c94e4a-5db6-48ef-8fde-6eb5119090db" />
    <UnitTestResult executionId="1d5c6f89-43b5-4739-902e-361f953718ca" testId="9e417947-1d7d-d9ea-7371-5dd738e87907" testName="CheckConfigurationDataSetTest_MultistreamRecording_NotLicensed_ValidationFails" computerName="DKSR-EFI-06" duration="00:00:00.0035147" startTime="2024-01-09T15:45:00.4668838+01:00" endTime="2024-01-09T15:45:00.4668838+01:00" testType="13cdc9d9-ddb5-4fa4-a97d-d965ccfc6d4b" outcome="Passed" testListId="8c84fa94-04c1-424b-9868-57a2d4851a1d" relativeResultsDirectory="1d5c6f89-43b5-4739-902e-361f953718ca" />
    <UnitTestResult executionId="5e1878bf-1d7f-4f04-80af-db1c8d638644" testId="d8163710-1b5a-3346-13fe-885c38e1ff86" testName="HardwareInGraceOnWhiteList_ReplacedWithNoInheritance_HardwareOnWhiteList_ShouldGiveHardwareNewGracePeriod" computerName="DKSR-EFI-06" duration="00:00:00.7234347" startTime="2024-01-09T15:44:55.4668629+01:00" endTime="2024-01-09T15:44:56.1856160+01:00" testType="13cdc9d9-ddb5-4fa4-a97d-d965ccfc6d4b" outcome="Passed" testListId="8c84fa94-04c1-424b-9868-57a2d4851a1d" relativeResultsDirectory="5e1878bf-1d7f-4f04-80af-db1c8d638644" />
    <UnitTestResult executionId="ed77dc63-da3e-4fed-8491-91415c99e7c8" testId="5ff9b51c-4e1c-5c3c-4658-c019f545cefe" testName="HardwareInCWANotOnWhiteList_ReplacedWithInheritance_HardwareOnWhiteList_CWAAllowed_NewHardwareInCWA" computerName="DKSR-EFI-06" duration="00:00:00.1094178" startTime="2024-01-09T15:44:03.7480127+01:00" endTime="2024-01-09T15:44:03.8573860+01:00" testType="13cdc9d9-ddb5-4fa4-a97d-d965ccfc6d4b" outcome="Passed" testListId="8c84fa94-04c1-424b-9868-57a2d4851a1d" relativeResultsDirectory="ed77dc63-da3e-4fed-8491-91415c99e7c8" />
    <UnitTestResult executionId="60a2a36b-20aa-4f97-9aef-0f4ccc3a0027" testId="7a4fa23b-ecc1-2f50-1983-409ce3c0dca1" testName="AddHardwareToRequest_AddsNonInterconnectedHardwareToList" computerName="DKSR-EFI-06" duration="00:00:00.0025704" startTime="2024-01-09T15:45:29.6075436+01:00" endTime="2024-01-09T15:45:29.6075436+01:00" testType="13cdc9d9-ddb5-4fa4-a97d-d965ccfc6d4b" outcome="Passed" testListId="8c84fa94-04c1-424b-9868-57a2d4851a1d" relativeResultsDirectory="60a2a36b-20aa-4f97-9aef-0f4ccc3a0027" />
    <UnitTestResult executionId="4fa765ed-09a7-4b69-b025-e84ff8c5a495" testId="ef630a96-b5e5-f228-c2c4-385d4fbb0e17" testName="GetHardwareUsersCommandHandler_Execute_EmptyRecorderServiceId_ReturnsFailResponse" computerName="DKSR-EFI-06" duration="00:00:00.0009856" startTime="2024-01-09T15:45:38.1387957+01:00" endTime="2024-01-09T15:45:38.1387957+01:00" testType="13cdc9d9-ddb5-4fa4-a97d-d965ccfc6d4b" outcome="Passed" testListId="8c84fa94-04c1-424b-9868-57a2d4851a1d" relativeResultsDirectory="4fa765ed-09a7-4b69-b025-e84ff8c5a495" />
    <UnitTestResult executionId="bb8c9bf5-5558-475b-8cd8-7f71ebf4858e" testId="eef8fe52-ade5-fee8-4100-d6d4d79ef170" testName="UpdateSLC_ReturnsValidSLC_ValidLicenseWithEmptyWhiteList" computerName="DKSR-EFI-06" duration="00:00:00.0043841" startTime="2024-01-09T15:45:25.7794150+01:00" endTime="2024-01-09T15:45:25.7950405+01:00" testType="13cdc9d9-ddb5-4fa4-a97d-d965ccfc6d4b" outcome="Passed" testListId="8c84fa94-04c1-424b-9868-57a2d4851a1d" relativeResultsDirectory="bb8c9bf5-5558-475b-8cd8-7f71ebf4858e" />
    <UnitTestResult executionId="24c144e6-6348-4554-a23a-29ca94373bbb" testId="8ff662f7-902d-1d8f-6cc5-cf300f29f4ab" testName="AllocateLicenses_NotActivated_SixDevices_FifteenEnabledCameraChannels_LicenseCountFive_FiveGraceAndTenUnlicensed" computerName="DKSR-EFI-06" duration="00:00:00.1928006" startTime="2024-01-09T15:44:36.4824365+01:00" endTime="2024-01-09T15:44:36.6699346+01:00" testType="13cdc9d9-ddb5-4fa4-a97d-d965ccfc6d4b" outcome="Passed" testListId="8c84fa94-04c1-424b-9868-57a2d4851a1d" relativeResultsDirectory="24c144e6-6348-4554-a23a-29ca94373bbb" />
    <UnitTestResult executionId="17873bf8-acc5-4c97-8c18-56b7afa9a160" testId="a3af70b7-cccc-2f1a-f5b6-ff03b6d8d4b6" testName="HardwareScanExpressTaskCommandHandler_Execute_Succeeded" computerName="DKSR-EFI-06" duration="00:00:00.1340000" startTime="2024-01-09T15:45:38.1700458+01:00" endTime="2024-01-09T15:45:38.3106707+01:00" testType="13cdc9d9-ddb5-4fa4-a97d-d965ccfc6d4b" outcome="Passed" testListId="8c84fa94-04c1-424b-9868-57a2d4851a1d" relativeResultsDirectory="17873bf8-acc5-4c97-8c18-56b7afa9a160" />
    <UnitTestResult executionId="951c9c76-f6a1-4350-8d1e-dc25c9fae35a" testId="881423ae-c0a0-be52-9b9c-f112789c6fd1" testName="HardwareInCWANotOnWhiteList_ReplacedWithNoInheritance_HardwareNotOnWhiteList_CWAAllowed_MoreChannelsOnReplacedHardware_AllDevicesInCWA" computerName="DKSR-EFI-06" duration="00:00:00.2518403" startTime="2024-01-09T15:44:09.0449009+01:00" endTime="2024-01-09T15:44:09.2949005+01:00" testType="13cdc9d9-ddb5-4fa4-a97d-d965ccfc6d4b" outcome="Passed" testListId="8c84fa94-04c1-424b-9868-57a2d4851a1d" relativeResultsDirectory="951c9c76-f6a1-4350-8d1e-dc25c9fae35a" />
    <UnitTestResult executionId="c4f79e7b-c41f-421e-9613-3c796bc80f3a" testId="9d8a588f-3c31-3abc-34a4-267dbbb20587" testName="HardwareInCWANotOnWhiteList_ReplacedWithNoInheritance_HardwareNotOnWhiteList_CWAAllowed_FewerChannelsOnReplacedHardware_AllDevicesInCWA" computerName="DKSR-EFI-06" duration="00:00:00.4982969" startTime="2024-01-09T15:44:09.5292743+01:00" endTime="2024-01-09T15:44:10.0292754+01:00" testType="13cdc9d9-ddb5-4fa4-a97d-d965ccfc6d4b" outcome="Passed" testListId="8c84fa94-04c1-424b-9868-57a2d4851a1d" relativeResultsDirectory="c4f79e7b-c41f-421e-9613-3c796bc80f3a" />
    <UnitTestResult executionId="3cda7863-09b7-4ec6-a8ab-637e0beaffee" testId="44b64df8-00fb-dd2c-9170-5241716ab1c5" testName="UpdateRecorderStatus_ModelIsNull_BadRequestResult" computerName="DKSR-EFI-06" duration="00:00:00.0011206" startTime="2024-01-09T15:42:48.8259237+01:00" endTime="2024-01-09T15:42:48.8259237+01:00" testType="13cdc9d9-ddb5-4fa4-a97d-d965ccfc6d4b" outcome="Passed" testListId="8c84fa94-04c1-424b-9868-57a2d4851a1d" relativeResultsDirectory="3cda7863-09b7-4ec6-a8ab-637e0beaffee" />
    <UnitTestResult executionId="63d2b4c3-5ad4-48b0-9f84-c19f88e63ecd" testId="9c32895e-ff17-9088-af25-1072fc42037c" testName="TemporaryDeviceLicense_Ctor_LocalTime_ArgumentException" computerName="DKSR-EFI-06" duration="00:00:00.0013335" startTime="2024-01-09T15:43:51.0916923+01:00" endTime="2024-01-09T15:43:51.0916923+01:00" testType="13cdc9d9-ddb5-4fa4-a97d-d965ccfc6d4b" outcome="Passed" testListId="8c84fa94-04c1-424b-9868-57a2d4851a1d" relativeResultsDirectory="63d2b4c3-5ad4-48b0-9f84-c19f88e63ecd">
      <Output>
        <StdOut>Debug Trace:&#xD;
Fail: Argument invalid - must be UTC</StdOut>
      </Output>
    </UnitTestResult>
    <UnitTestResult executionId="a6ede598-7357-4171-9bd2-ee0fe1ed72b9" testId="64909267-7858-2c7e-6ca5-58a8ad48f31c" testName="DeviceDataDistributionManager_CleanupAll_Success_QueryRecorderToNotifyReturnGuidEmpty" computerName="DKSR-EFI-06" duration="00:00:00.0011468" startTime="2024-01-09T15:42:44.2477799+01:00" endTime="2024-01-09T15:42:44.2477799+01:00" testType="13cdc9d9-ddb5-4fa4-a97d-d965ccfc6d4b" outcome="Passed" testListId="8c84fa94-04c1-424b-9868-57a2d4851a1d" relativeResultsDirectory="a6ede598-7357-4171-9bd2-ee0fe1ed72b9" />
    <UnitTestResult executionId="c84976b3-2916-4c4b-b0fb-9aca3ea4e40d" testId="9b9fb463-c1cb-b31f-c4c2-bbffd2c2dc38" testName="LicenseCountManager_RemoveDevicesFromChangesWithoutActivation_WithNullHardawreInfo_Throws_ArgumentNullException" computerName="DKSR-EFI-06" duration="00:00:00.0006456" startTime="2024-01-09T15:45:00.1544384+01:00" endTime="2024-01-09T15:45:00.1544384+01:00" testType="13cdc9d9-ddb5-4fa4-a97d-d965ccfc6d4b" outcome="Passed" testListId="8c84fa94-04c1-424b-9868-57a2d4851a1d" relativeResultsDirectory="c84976b3-2916-4c4b-b0fb-9aca3ea4e40d" />
    <UnitTestResult executionId="eb290766-5ee7-49ba-9d24-aa8339b84146" testId="0aeb399b-3861-f3f6-cb85-96ab5dcf2ac5" testName="RecorderLicense_RemoveExistingLicense_ReAdd_StatusShouldBeUpdate_Success" computerName="DKSR-EFI-06" duration="00:00:00.0007403" startTime="2024-01-09T15:45:34.0294245+01:00" endTime="2024-01-09T15:45:34.0294245+01:00" testType="13cdc9d9-ddb5-4fa4-a97d-d965ccfc6d4b" outcome="Passed" testListId="8c84fa94-04c1-424b-9868-57a2d4851a1d" relativeResultsDirectory="eb290766-5ee7-49ba-9d24-aa8339b84146" />
    <UnitTestResult executionId="087706a9-4169-4693-843e-bb3179702d63" testId="e44fafea-f50e-d18a-def7-a264dfd08a2a" testName="Validate_LicenseCachingWorks_Success" computerName="DKSR-EFI-06" duration="00:00:00.0562349" startTime="2024-01-09T15:45:02.0293674+01:00" endTime="2024-01-09T15:45:02.0918701+01:00" testType="13cdc9d9-ddb5-4fa4-a97d-d965ccfc6d4b" outcome="Passed" testListId="8c84fa94-04c1-424b-9868-57a2d4851a1d" relativeResultsDirectory="087706a9-4169-4693-843e-bb3179702d63" />
    <UnitTestResult executionId="0b291ee6-64bd-4438-8b84-1f267c3a0c32" testId="1a302332-10c8-5dc6-da00-94451bfe7efd" testName="SetupInitialHardwareUserCommandHandler_Execute_Success" computerName="DKSR-EFI-06" duration="00:00:00.0056104" startTime="2024-01-09T15:45:43.9827544+01:00" endTime="2024-01-09T15:45:43.9827544+01:00" testType="13cdc9d9-ddb5-4fa4-a97d-d965ccfc6d4b" outcome="Passed" testListId="8c84fa94-04c1-424b-9868-57a2d4851a1d" relativeResultsDirectory="0b291ee6-64bd-4438-8b84-1f267c3a0c32" />
    <UnitTestResult executionId="5855d009-18d1-4e29-b6f5-1e0474841e3a" testId="d7ca02f8-7e5d-6bf1-c855-672d978358c4" testName="UpdateLicense_DeletesReplacementTokens_OnHardwareInTemporaryLicenseStorage" computerName="DKSR-EFI-06" duration="00:00:00.0919393" startTime="2024-01-09T15:45:09.9668825+01:00" endTime="2024-01-09T15:45:10.0606327+01:00" testType="13cdc9d9-ddb5-4fa4-a97d-d965ccfc6d4b" outcome="Passed" testListId="8c84fa94-04c1-424b-9868-57a2d4851a1d" relativeResultsDirectory="5855d009-18d1-4e29-b6f5-1e0474841e3a" />
    <UnitTestResult executionId="ff947335-cbc9-4385-a376-e1d04e3babaa" testId="325e10cb-fddc-b22a-aef6-214176508cda" testName="AllocateLicenses_ThreeInGrace_OnThreeHardwaresZeroCameraChannelsAndThreeAvailableLicenses" computerName="DKSR-EFI-06" duration="00:00:00.0253116" startTime="2024-01-09T15:44:59.3887518+01:00" endTime="2024-01-09T15:44:59.4043763+01:00" testType="13cdc9d9-ddb5-4fa4-a97d-d965ccfc6d4b" outcome="Passed" testListId="8c84fa94-04c1-424b-9868-57a2d4851a1d" relativeResultsDirectory="ff947335-cbc9-4385-a376-e1d04e3babaa" />
    <UnitTestResult executionId="269cd7da-bb9d-421a-bb21-5fbe94e364f9" testId="228df2e2-11df-46d9-280e-d46a319f683b" testName="AddHardwareToRequest_UpdatesFeedCountOnAlreadyExistingICPHardware_OnSameICPHardwareAddedTwice" computerName="DKSR-EFI-06" duration="00:00:00.0115693" startTime="2024-01-09T15:45:29.6231671+01:00" endTime="2024-01-09T15:45:29.6387959+01:00" testType="13cdc9d9-ddb5-4fa4-a97d-d965ccfc6d4b" outcome="Passed" testListId="8c84fa94-04c1-424b-9868-57a2d4851a1d" relativeResultsDirectory="269cd7da-bb9d-421a-bb21-5fbe94e364f9" />
    <UnitTestResult executionId="4df7f8f8-91df-4720-97f3-11582c5ae22b" testId="32876b14-7506-d499-7fa0-d1216c75f74e" testName="RecorderLicense_InsertThenUpdate_ShouldRemainWithInsertFlag" computerName="DKSR-EFI-06" duration="00:00:00.0004989" startTime="2024-01-09T15:45:34.0137957+01:00" endTime="2024-01-09T15:45:34.0137957+01:00" testType="13cdc9d9-ddb5-4fa4-a97d-d965ccfc6d4b" outcome="Passed" testListId="8c84fa94-04c1-424b-9868-57a2d4851a1d" relativeResultsDirectory="4df7f8f8-91df-4720-97f3-11582c5ae22b" />
    <UnitTestResult executionId="f7d4c9e1-6e2c-46a9-8b61-774acd1789d3" testId="04320c81-7ccf-f4d3-d4b7-3cbe736a791c" testName="LicenseCountManager_FindActiveHardwareInChangesWithoutActivation_ReturnsListOfMacs_OnActiveHardwareInChanges" computerName="DKSR-EFI-06" duration="00:00:00.0009842" startTime="2024-01-09T15:45:00.3262592+01:00" endTime="2024-01-09T15:45:00.3262592+01:00" testType="13cdc9d9-ddb5-4fa4-a97d-d965ccfc6d4b" outcome="Passed" testListId="8c84fa94-04c1-424b-9868-57a2d4851a1d" relativeResultsDirectory="f7d4c9e1-6e2c-46a9-8b61-774acd1789d3" />
    <UnitTestResult executionId="61a26a6f-cee6-4969-9042-f6f2d13e4b4c" testId="ab86455a-c8b3-eae2-e3ab-342237edf022" testName="IsActivationNeeded_True_DeviceReplaced" computerName="DKSR-EFI-06" duration="00:00:00.0543811" startTime="2024-01-09T15:45:12.8575136+01:00" endTime="2024-01-09T15:45:12.9043905+01:00" testType="13cdc9d9-ddb5-4fa4-a97d-d965ccfc6d4b" outcome="Passed" testListId="8c84fa94-04c1-424b-9868-57a2d4851a1d" relativeResultsDirectory="61a26a6f-cee6-4969-9042-f6f2d13e4b4c" />
    <UnitTestResult executionId="ccb924de-2392-4fae-bb1d-cfac6bdb1142" testId="5a9e08ea-a0c8-9a43-60de-b13ced81a7fa" testName="HardwareActivatedNotOnWhiteList_ReplacedWithNoInheritance_HardwareNotOnWhiteList_DifferentCameraChannels_SomeGraceSomeCWA" computerName="DKSR-EFI-06" duration="00:00:00.2202114" startTime="2024-01-09T15:44:25.2324343+01:00" endTime="2024-01-09T15:44:25.4511823+01:00" testType="13cdc9d9-ddb5-4fa4-a97d-d965ccfc6d4b" outcome="Passed" testListId="8c84fa94-04c1-424b-9868-57a2d4851a1d" relativeResultsDirectory="ccb924de-2392-4fae-bb1d-cfac6bdb1142" />
    <UnitTestResult executionId="78da2b88-b89f-4bcb-84bb-1472112e9c6e" testId="87cb965c-9deb-6d96-379b-010b3bf5a5a3" testName="HardwareScanTaskCommandHandler_Execute_DiscoveryComponentSecureScanUnsupported_FailResponse" computerName="DKSR-EFI-06" duration="00:00:00.0010528" startTime="2024-01-09T15:45:38.4669202+01:00" endTime="2024-01-09T15:45:38.4669202+01:00" testType="13cdc9d9-ddb5-4fa4-a97d-d965ccfc6d4b" outcome="Passed" testListId="8c84fa94-04c1-424b-9868-57a2d4851a1d" relativeResultsDirectory="78da2b88-b89f-4bcb-84bb-1472112e9c6e" />
    <UnitTestResult executionId="080884d2-8864-483f-b15d-ae312dd4c55d" testId="4ba49b95-7c08-b217-809c-3d6c10b4d388" testName="AsyncTaskMonitor_SunnyDay" computerName="DKSR-EFI-06" duration="00:00:01.1624579" startTime="2024-01-09T15:42:48.8884227+01:00" endTime="2024-01-09T15:42:50.0446812+01:00" testType="13cdc9d9-ddb5-4fa4-a97d-d965ccfc6d4b" outcome="Passed" testListId="8c84fa94-04c1-424b-9868-57a2d4851a1d" relativeResultsDirectory="080884d2-8864-483f-b15d-ae312dd4c55d" />
    <UnitTestResult executionId="ad86f32a-3e81-4085-829c-643f65a648ec" testId="d0999a64-256c-41ac-9334-9223de20a154" testName="Validate_FirstGraceExpireShown_WithNonWhiteListedHardwareOnly_Success" computerName="DKSR-EFI-06" duration="00:00:00.0923270" startTime="2024-01-09T15:45:02.4043680+01:00" endTime="2024-01-09T15:45:02.4981188+01:00" testType="13cdc9d9-ddb5-4fa4-a97d-d965ccfc6d4b" outcome="Passed" testListId="8c84fa94-04c1-424b-9868-57a2d4851a1d" relativeResultsDirectory="ad86f32a-3e81-4085-829c-643f65a648ec" />
    <UnitTestResult executionId="3582629e-61eb-41c3-95a0-1361f765ac21" testId="b74e57f7-d221-4f98-4319-b83e29d3b4e6" testName="CleanUp_FreeClients_TimerNotStopped" computerName="DKSR-EFI-06" duration="00:00:00.0008687" startTime="2024-01-09T15:46:00.6271064+01:00" endTime="2024-01-09T15:46:00.6271064+01:00" testType="13cdc9d9-ddb5-4fa4-a97d-d965ccfc6d4b" outcome="Passed" testListId="8c84fa94-04c1-424b-9868-57a2d4851a1d" relativeResultsDirectory="3582629e-61eb-41c3-95a0-1361f765ac21" />
    <UnitTestResult executionId="3e716e78-e7d1-4707-8af0-b7311bbe21a3" testId="e07e83cc-7f92-bb46-c8b3-934aab5700ee" testName="EventCollector_ShouldEventBeFired_Accept_SystemMonitorEvents" computerName="DKSR-EFI-06" duration="00:00:00.0037599" startTime="2024-01-09T15:42:44.9977799+01:00" endTime="2024-01-09T15:42:44.9977799+01:00" testType="13cdc9d9-ddb5-4fa4-a97d-d965ccfc6d4b" outcome="Passed" testListId="8c84fa94-04c1-424b-9868-57a2d4851a1d" relativeResultsDirectory="3e716e78-e7d1-4707-8af0-b7311bbe21a3" />
    <UnitTestResult executionId="c26f07f6-3d42-43de-a2e1-1df0afde4b3b" testId="feaed097-5808-62b9-4211-f6bdd56b855b" testName="LicenseCountManager_ReplacementHardware_ClearByRecorder_DoesNotChangeReplacementLimit" computerName="DKSR-EFI-06" duration="00:00:00.0014440" startTime="2024-01-09T15:45:00.2950055+01:00" endTime="2024-01-09T15:45:00.2950055+01:00" testType="13cdc9d9-ddb5-4fa4-a97d-d965ccfc6d4b" outcome="Passed" testListId="8c84fa94-04c1-424b-9868-57a2d4851a1d" relativeResultsDirectory="c26f07f6-3d42-43de-a2e1-1df0afde4b3b" />
    <UnitTestResult executionId="e52f41c0-8e50-4f9b-93fc-61486efedac7" testId="5ab640ef-9d1c-45b8-fae5-6ee62af4d9aa" testName="RegisterRecorder_NotCompatible_ReturnsOKNotCompatible" computerName="DKSR-EFI-06" duration="00:00:00.0030380" startTime="2024-01-09T15:42:48.6696728+01:00" endTime="2024-01-09T15:42:48.6696728+01:00" testType="13cdc9d9-ddb5-4fa4-a97d-d965ccfc6d4b" outcome="Passed" testListId="8c84fa94-04c1-424b-9868-57a2d4851a1d" relativeResultsDirectory="e52f41c0-8e50-4f9b-93fc-61486efedac7" />
    <UnitTestResult executionId="17a870f7-55d2-4bff-a9fa-7f4309cb7acd" testId="ac15fd27-a253-7dca-7539-8cb0e2493685" testName="EventCollector_Dispose_Success" computerName="DKSR-EFI-06" duration="00:00:00.0007888" startTime="2024-01-09T15:42:44.9977799+01:00" endTime="2024-01-09T15:42:44.9977799+01:00" testType="13cdc9d9-ddb5-4fa4-a97d-d965ccfc6d4b" outcome="Passed" testListId="8c84fa94-04c1-424b-9868-57a2d4851a1d" relativeResultsDirectory="17a870f7-55d2-4bff-a9fa-7f4309cb7acd" />
    <UnitTestResult executionId="80dbb74e-e559-4001-be3b-b91d7c269ba5" testId="4c87aa0c-c56b-b754-a41b-f1573972c44b" testName="EvidenceLockOnOldRecorderCommandHandlerTests_OldRecV1_ConfigEdit1RowMain" computerName="DKSR-EFI-06" duration="00:00:00.0198505" startTime="2024-01-09T15:45:37.2012933+01:00" endTime="2024-01-09T15:45:37.2169199+01:00" testType="13cdc9d9-ddb5-4fa4-a97d-d965ccfc6d4b" outcome="Passed" testListId="8c84fa94-04c1-424b-9868-57a2d4851a1d" relativeResultsDirectory="80dbb74e-e559-4001-be3b-b91d7c269ba5" />
    <UnitTestResult executionId="11158197-b62b-4b09-938b-513e377197cd" testId="486ac0ee-b49e-25d1-6f5a-003a269c400a" testName="HardwareInCWANotOnWhiteList_ReplacedWithNoInheritance_HardwareNotOnWhiteList_NoMoreCWAAllowed_MoreChannelsOnReplacedHardware_NewDevicesInGrace" computerName="DKSR-EFI-06" duration="00:00:00.2206059" startTime="2024-01-09T15:44:04.7011379+01:00" endTime="2024-01-09T15:44:04.9355143+01:00" testType="13cdc9d9-ddb5-4fa4-a97d-d965ccfc6d4b" outcome="Passed" testListId="8c84fa94-04c1-424b-9868-57a2d4851a1d" relativeResultsDirectory="11158197-b62b-4b09-938b-513e377197cd" />
    <UnitTestResult executionId="a9baa947-071a-40b5-988f-021186c42d4e" testId="bdcd76b9-81f3-1804-35f3-1aa220e4eec0" testName="Simulate_DisableChannels_ActivateHardwareAndChannels_AddHardware_EnableChannels_CountsAreCorrect" computerName="DKSR-EFI-06" duration="00:00:00.5116664" startTime="2024-01-09T15:44:47.6387222+01:00" endTime="2024-01-09T15:44:48.1387215+01:00" testType="13cdc9d9-ddb5-4fa4-a97d-d965ccfc6d4b" outcome="Passed" testListId="8c84fa94-04c1-424b-9868-57a2d4851a1d" relativeResultsDirectory="a9baa947-071a-40b5-988f-021186c42d4e" />
    <UnitTestResult executionId="b1bce46a-e1e7-44ad-8538-801867df0af5" testId="d38d4de2-3b2f-ed9d-2f05-f552e0beab81" testName="ReplaceHardwareTaskCommandHandler_DeviceMapper_TooManyDevices_AllowDeletingDisabled_Failure_Test" computerName="DKSR-EFI-06" duration="00:00:00.0009356" startTime="2024-01-09T15:45:43.8733460+01:00" endTime="2024-01-09T15:45:43.8733460+01:00" testType="13cdc9d9-ddb5-4fa4-a97d-d965ccfc6d4b" outcome="Passed" testListId="8c84fa94-04c1-424b-9868-57a2d4851a1d" relativeResultsDirectory="b1bce46a-e1e7-44ad-8538-801867df0af5" />
    <UnitTestResult executionId="99a39912-7fca-4772-a221-987e2ef6a4ca" testId="70819f6f-5238-c536-22d3-ac2077b9ee2f" testName="Simulate_FiveICPHardware_VariousDevices_DisableAndEnable_CountsCorrectly" computerName="DKSR-EFI-06" duration="00:00:01.6052513" startTime="2024-01-09T15:44:44.0605819+01:00" endTime="2024-01-09T15:44:45.6699636+01:00" testType="13cdc9d9-ddb5-4fa4-a97d-d965ccfc6d4b" outcome="Passed" testListId="8c84fa94-04c1-424b-9868-57a2d4851a1d" relativeResultsDirectory="99a39912-7fca-4772-a221-987e2ef6a4ca" />
    <UnitTestResult executionId="5b126bf7-0abe-493c-a1c9-de3d617a722b" testId="599ccfee-b92f-9c95-c440-e902348632b1" testName="AllocateLicenses_HardwareWithNoCameras_ShouldCount1InCWA_ThenDisabling_ShouldStillCount1InCWA_On10Replacements" computerName="DKSR-EFI-06" duration="00:00:00.2162441" startTime="2024-01-09T15:44:39.2636868+01:00" endTime="2024-01-09T15:44:39.4824354+01:00" testType="13cdc9d9-ddb5-4fa4-a97d-d965ccfc6d4b" outcome="Passed" testListId="8c84fa94-04c1-424b-9868-57a2d4851a1d" relativeResultsDirectory="5b126bf7-0abe-493c-a1c9-de3d617a722b" />
    <UnitTestResult executionId="1639907a-2a72-4bf7-98fa-e54ad2043320" testId="48fe9dfa-00bd-7412-25ad-d8f31c9359f8" testName="ValidatePublicAddress_ServerSecuredRecorderNotSecured_ReturnBadRequest" computerName="DKSR-EFI-06" duration="00:00:00.0117470" startTime="2024-01-09T15:42:48.6696728+01:00" endTime="2024-01-09T15:42:48.6852970+01:00" testType="13cdc9d9-ddb5-4fa4-a97d-d965ccfc6d4b" outcome="Passed" testListId="8c84fa94-04c1-424b-9868-57a2d4851a1d" relativeResultsDirectory="1639907a-2a72-4bf7-98fa-e54ad2043320" />
    <UnitTestResult executionId="3e7148c3-d4ad-4aec-a3cb-5050fc2c307d" testId="43b55bcc-c864-a344-f19c-a4697d7e93a7" testName="ServerFileSystemResponseQueryDirectories_ModelIsValid_CommandExecuted" computerName="DKSR-EFI-06" duration="00:00:00.0013477" startTime="2024-01-09T15:42:48.4665445+01:00" endTime="2024-01-09T15:42:48.4665445+01:00" testType="13cdc9d9-ddb5-4fa4-a97d-d965ccfc6d4b" outcome="Passed" testListId="8c84fa94-04c1-424b-9868-57a2d4851a1d" relativeResultsDirectory="3e7148c3-d4ad-4aec-a3cb-5050fc2c307d" />
    <UnitTestResult executionId="9f28bd6b-148a-4169-ab70-727c4fe78df5" testId="f7c16456-b7d4-66e5-3c74-5f452b4337f8" testName="EvidenceLockOnOldRecorderCommandHandlerTests_OldRec_ConfigOther" computerName="DKSR-EFI-06" duration="00:00:00.0148529" startTime="2024-01-09T15:45:37.7325445+01:00" endTime="2024-01-09T15:45:37.7481688+01:00" testType="13cdc9d9-ddb5-4fa4-a97d-d965ccfc6d4b" outcome="Passed" testListId="8c84fa94-04c1-424b-9868-57a2d4851a1d" relativeResultsDirectory="9f28bd6b-148a-4169-ab70-727c4fe78df5" />
    <UnitTestResult executionId="28d54c18-95ea-4ac9-a221-48606943739e" testId="4e68a32c-ff08-c297-66c1-434586f970b4" testName="ConvertIdpLog_AutoProvisionedUserUpdated" computerName="DKSR-EFI-06" duration="00:00:00.0008754" startTime="2024-01-09T15:43:42.5604156+01:00" endTime="2024-01-09T15:43:42.5760388+01:00" testType="13cdc9d9-ddb5-4fa4-a97d-d965ccfc6d4b" outcome="Passed" testListId="8c84fa94-04c1-424b-9868-57a2d4851a1d" relativeResultsDirectory="28d54c18-95ea-4ac9-a221-48606943739e" />
    <UnitTestResult executionId="073da6bb-0076-4c00-bddf-8531f06a516c" testId="78670e21-b607-d283-8276-335ac4634948" testName="ValidatePublicAddress_ServerNotSecuredRecorderSecured_ReturnBadRequest" computerName="DKSR-EFI-06" duration="00:00:00.0017866" startTime="2024-01-09T15:42:48.6852970+01:00" endTime="2024-01-09T15:42:48.6852970+01:00" testType="13cdc9d9-ddb5-4fa4-a97d-d965ccfc6d4b" outcome="Passed" testListId="8c84fa94-04c1-424b-9868-57a2d4851a1d" relativeResultsDirectory="073da6bb-0076-4c00-bddf-8531f06a516c" />
    <UnitTestResult executionId="37529ecf-a5e1-4f12-857a-075bf850487c" testId="83deb65f-c361-2dce-240a-5f709eb9caac" testName="HardwareSetupErrorResponse_ModelIsValid_CommandExecuted" computerName="DKSR-EFI-06" duration="00:00:00.0013507" startTime="2024-01-09T15:42:48.3884189+01:00" endTime="2024-01-09T15:42:48.3884189+01:00" testType="13cdc9d9-ddb5-4fa4-a97d-d965ccfc6d4b" outcome="Passed" testListId="8c84fa94-04c1-424b-9868-57a2d4851a1d" relativeResultsDirectory="37529ecf-a5e1-4f12-857a-075bf850487c" />
    <UnitTestResult executionId="7d89bfb8-3dbf-4eef-9288-9780a55c9ffe" testId="bdf8315c-0866-8394-822f-43fe7126a554" testName="PromoteNewEncryptionPassword_RecorderNotFoundException_Handled" computerName="DKSR-EFI-06" duration="00:00:00.0011121" startTime="2024-01-09T15:42:47.9196657+01:00" endTime="2024-01-09T15:42:47.9196657+01:00" testType="13cdc9d9-ddb5-4fa4-a97d-d965ccfc6d4b" outcome="Passed" testListId="8c84fa94-04c1-424b-9868-57a2d4851a1d" relativeResultsDirectory="7d89bfb8-3dbf-4eef-9288-9780a55c9ffe" />
    <UnitTestResult executionId="c115616c-02d3-4de7-9938-0fee84c3e726" testId="43678e4b-76d3-16cd-8a75-088cc017a9ed" testName="HardwareScanExpressTaskCommandHandler_Execute_InitializeDiscoveryComponent_FailResponse" computerName="DKSR-EFI-06" duration="00:00:00.0012379" startTime="2024-01-09T15:45:38.3262965+01:00" endTime="2024-01-09T15:45:38.3262965+01:00" testType="13cdc9d9-ddb5-4fa4-a97d-d965ccfc6d4b" outcome="Passed" testListId="8c84fa94-04c1-424b-9868-57a2d4851a1d" relativeResultsDirectory="c115616c-02d3-4de7-9938-0fee84c3e726" />
    <UnitTestResult executionId="fc6b2d42-b73a-49a6-b6a3-4faf043d367b" testId="2ef2d587-4907-1f3d-44fe-4a133e95d6e4" testName="AutomaticActivationNearExpiry" computerName="DKSR-EFI-06" duration="00:00:00.0026419" startTime="2024-01-09T15:45:12.7325136+01:00" endTime="2024-01-09T15:45:12.7325136+01:00" testType="13cdc9d9-ddb5-4fa4-a97d-d965ccfc6d4b" outcome="Passed" testListId="8c84fa94-04c1-424b-9868-57a2d4851a1d" relativeResultsDirectory="fc6b2d42-b73a-49a6-b6a3-4faf043d367b" />
    <UnitTestResult executionId="88e6a244-81ff-45ee-869e-2107fc85cb18" testId="687a6af6-f510-b02e-6fb3-d5ea1a845375" testName="UpdateFeatureInformation_XmlContainsFeatureParameters_OnParameterizedFeature" computerName="DKSR-EFI-06" duration="00:00:00.0895220" startTime="2024-01-09T15:45:02.0918701+01:00" endTime="2024-01-09T15:45:02.1856201+01:00" testType="13cdc9d9-ddb5-4fa4-a97d-d965ccfc6d4b" outcome="Passed" testListId="8c84fa94-04c1-424b-9868-57a2d4851a1d" relativeResultsDirectory="88e6a244-81ff-45ee-869e-2107fc85cb18">
      <Output>
        <StdOut>Debug Trace:&#xD;
Fail: Attribute value invalid. 'Index'&#xD;
Fail: Attribute value invalid. 'Index'&#xD;
Fail: Attribute value invalid. 'Index'&#xD;
Fail: Attribute value invalid. 'Index'&#xD;
Fail: Attribute value invalid. 'Index'&#xD;
Fail: Attribute value invalid. 'Index'&#xD;
Fail: Attribute value invalid. 'Index'&#xD;
Fail: Attribute value invalid. 'Index'&#xD;
Fail: Attribute value invalid. 'Index'&#xD;
Fail: Attribute value invalid. 'Index'</StdOut>
      </Output>
    </UnitTestResult>
    <UnitTestResult executionId="568b0df5-a266-463b-b67a-1675ea93e428" testId="0ea2702b-3b94-2ec6-f6e7-7129973ec32e" testName="Parse_WhenOneIntegration_TwoIntegrationTypes_ReturnsOneIntegrationRegistration" computerName="DKSR-EFI-06" duration="00:00:00.0023793" startTime="2024-01-09T15:43:51.1698133+01:00" endTime="2024-01-09T15:43:51.1698133+01:00" testType="13cdc9d9-ddb5-4fa4-a97d-d965ccfc6d4b" outcome="Passed" testListId="8c84fa94-04c1-424b-9868-57a2d4851a1d" relativeResultsDirectory="568b0df5-a266-463b-b67a-1675ea93e428" />
    <UnitTestResult executionId="e1ba806b-cbf8-4579-bf05-f3b0c19905f6" testId="d8f4590a-d691-b8bc-3b9d-7fe3eabd6a0f" testName="AllocateLicenses_FourLicensesUsed_OnFourHardwareWithTwoLicensedOneGraceAndFourLicenses" computerName="DKSR-EFI-06" duration="00:00:00.1759144" startTime="2024-01-09T15:44:59.0762517+01:00" endTime="2024-01-09T15:44:59.2481271+01:00" testType="13cdc9d9-ddb5-4fa4-a97d-d965ccfc6d4b" outcome="Passed" testListId="8c84fa94-04c1-424b-9868-57a2d4851a1d" relativeResultsDirectory="e1ba806b-cbf8-4579-bf05-f3b0c19905f6">
      <Output>
        <StdOut>Debug Trace:&#xD;
Fail: Attribute value invalid. 'Index'&#xD;
Fail: Attribute value invalid. 'Index'&#xD;
Fail: Attribute value invalid. 'Index'&#xD;
Fail: Attribute value invalid. 'Index'&#xD;
Fail: Attribute value invalid. 'Index'</StdOut>
      </Output>
    </UnitTestResult>
    <UnitTestResult executionId="dda9792d-2571-4af7-be67-7733079fabda" testId="35f7f4a5-68b4-b2cc-93d0-68a0b4a2c229" testName="Dispose_Called_ClientsDisposed" computerName="DKSR-EFI-06" duration="00:00:00.0024615" startTime="2024-01-09T15:46:00.6427343+01:00" endTime="2024-01-09T15:46:00.6427343+01:00" testType="13cdc9d9-ddb5-4fa4-a97d-d965ccfc6d4b" outcome="Passed" testListId="8c84fa94-04c1-424b-9868-57a2d4851a1d" relativeResultsDirectory="dda9792d-2571-4af7-be67-7733079fabda" />
    <UnitTestResult executionId="70456d73-0f37-4f05-81d2-bccb9971259a" testId="aea5dfb9-2254-cf07-0f94-f25708ec001e" testName="ConfigurationDataSetLoader_GetHardwareByDeviceGroupId_Success" computerName="DKSR-EFI-06" duration="00:00:00.0011134" startTime="2024-01-09T15:45:34.3731714+01:00" endTime="2024-01-09T15:45:34.3731714+01:00" testType="13cdc9d9-ddb5-4fa4-a97d-d965ccfc6d4b" outcome="Passed" testListId="8c84fa94-04c1-424b-9868-57a2d4851a1d" relativeResultsDirectory="70456d73-0f37-4f05-81d2-bccb9971259a" />
    <UnitTestResult executionId="f09a0599-07d5-4857-8268-40a9ea7a56a6" testId="aa95d3e0-9e62-a140-03a8-fd8c7afa3a9a" testName="ChangeHardwarePasswordRuleAction_Execute_TwoRuns_NoErrorsLogged" computerName="DKSR-EFI-06" duration="00:00:00.4504110" startTime="2024-01-09T15:43:20.3259990+01:00" endTime="2024-01-09T15:43:20.7791231+01:00" testType="13cdc9d9-ddb5-4fa4-a97d-d965ccfc6d4b" outcome="Passed" testListId="8c84fa94-04c1-424b-9868-57a2d4851a1d" relativeResultsDirectory="f09a0599-07d5-4857-8268-40a9ea7a56a6" />
    <UnitTestResult executionId="b42a1bf3-ae2a-4988-aa34-af63defb3c31" testId="1a160085-e2e0-6b05-b0a8-e0baf69c094c" testName="Validate_ClearChangesWithoutActivation_RemovesSomeHardwareAndDevices" computerName="DKSR-EFI-06" duration="00:00:00.0018396" startTime="2024-01-09T15:45:00.1075041+01:00" endTime="2024-01-09T15:45:00.1075041+01:00" testType="13cdc9d9-ddb5-4fa4-a97d-d965ccfc6d4b" outcome="Passed" testListId="8c84fa94-04c1-424b-9868-57a2d4851a1d" relativeResultsDirectory="b42a1bf3-ae2a-4988-aa34-af63defb3c31" />
    <UnitTestResult executionId="1618def3-a69f-4e33-8915-e908e6dd7368" testId="ce0ec4ad-4a97-7a3e-1f50-3df70b371e15" testName="IsActivationNeeded_False" computerName="DKSR-EFI-06" duration="00:00:00.0302442" startTime="2024-01-09T15:45:12.7481396+01:00" endTime="2024-01-09T15:45:12.7793897+01:00" testType="13cdc9d9-ddb5-4fa4-a97d-d965ccfc6d4b" outcome="Passed" testListId="8c84fa94-04c1-424b-9868-57a2d4851a1d" relativeResultsDirectory="1618def3-a69f-4e33-8915-e908e6dd7368" />
    <UnitTestResult executionId="b6ea0305-5ac3-4fc0-9245-2106cb611695" testId="70f2deb9-f62f-0893-d2d1-536539fb9391" testName="HardwareLicense_SetExpire_InvalidDate_MinDate_Throws_ArgumentOutOfRangeException" computerName="DKSR-EFI-06" duration="00:00:00.0008859" startTime="2024-01-09T15:45:34.0606690+01:00" endTime="2024-01-09T15:45:34.0606690+01:00" testType="13cdc9d9-ddb5-4fa4-a97d-d965ccfc6d4b" outcome="Passed" testListId="8c84fa94-04c1-424b-9868-57a2d4851a1d" relativeResultsDirectory="b6ea0305-5ac3-4fc0-9245-2106cb611695" />
    <UnitTestResult executionId="0a933dc1-d5b2-4022-b3ab-96c75719b0b2" testId="66f40d0c-4c23-d10b-afaf-5fe3e22726d9" testName="MultiSite_ChannelBased_SameICPHardwareOn2Recorders_MoreChannelsThanICPLicenses" computerName="DKSR-EFI-06" duration="00:00:00.2876829" startTime="2024-01-09T15:44:51.8106088+01:00" endTime="2024-01-09T15:44:52.1074819+01:00" testType="13cdc9d9-ddb5-4fa4-a97d-d965ccfc6d4b" outcome="Passed" testListId="8c84fa94-04c1-424b-9868-57a2d4851a1d" relativeResultsDirectory="0a933dc1-d5b2-4022-b3ab-96c75719b0b2" />
    <UnitTestResult executionId="aefb13dd-6606-468a-a713-83d234911d1f" testId="cec89ca4-3479-4c5d-b21d-8ee981af7dd6" testName="LicenseCountManager_HardwareRecorderRelation_Success" computerName="DKSR-EFI-06" duration="00:00:00.0073050" startTime="2024-01-09T15:45:00.2637569+01:00" endTime="2024-01-09T15:45:00.2793827+01:00" testType="13cdc9d9-ddb5-4fa4-a97d-d965ccfc6d4b" outcome="Passed" testListId="8c84fa94-04c1-424b-9868-57a2d4851a1d" relativeResultsDirectory="aefb13dd-6606-468a-a713-83d234911d1f" />
    <UnitTestResult executionId="94e173aa-278d-4b14-bf6e-f119a8d8a454" testId="f7272b3f-113e-703c-2842-a1c9d4adb7bb" testName="AnalyzeAndCreateAuditLogs_AddedSecurityPermissionsDeviceRowWithDEVICEPTZPRIORITYAtrributeDefaultPriority_ReturnsOneAuditLog" computerName="DKSR-EFI-06" duration="00:00:00.0033501" startTime="2024-01-09T15:45:35.7012995+01:00" endTime="2024-01-09T15:45:35.7169251+01:00" testType="13cdc9d9-ddb5-4fa4-a97d-d965ccfc6d4b" outcome="Passed" testListId="8c84fa94-04c1-424b-9868-57a2d4851a1d" relativeResultsDirectory="94e173aa-278d-4b14-bf6e-f119a8d8a454" />
    <UnitTestResult executionId="a6833024-ee82-48f2-a7e4-0ebbcf5a89cd" testId="fe9fa5ff-b8ec-9da8-f475-9b5dd8c18a81" testName="ChangeHardwarePasswordRuleAction_Execute_TimesOut_NoCompletedEventTriggered" computerName="DKSR-EFI-06" duration="00:00:00.0271645" startTime="2024-01-09T15:43:42.1854172+01:00" endTime="2024-01-09T15:43:42.2166637+01:00" testType="13cdc9d9-ddb5-4fa4-a97d-d965ccfc6d4b" outcome="Passed" testListId="8c84fa94-04c1-424b-9868-57a2d4851a1d" relativeResultsDirectory="a6833024-ee82-48f2-a7e4-0ebbcf5a89cd" />
    <UnitTestResult executionId="98be1288-3ab7-4a2a-b9fe-5cf9cc9687a6" testId="9cb65c54-10b7-6be6-1f38-fad266ba3e96" testName="IsActivationRequired_Success_ActivationNotRequired_OneDevice" computerName="DKSR-EFI-06" duration="00:00:00.6558460" startTime="2024-01-09T15:45:23.4356628+01:00" endTime="2024-01-09T15:45:24.0919121+01:00" testType="13cdc9d9-ddb5-4fa4-a97d-d965ccfc6d4b" outcome="Passed" testListId="8c84fa94-04c1-424b-9868-57a2d4851a1d" relativeResultsDirectory="98be1288-3ab7-4a2a-b9fe-5cf9cc9687a6" />
    <UnitTestResult executionId="2164b28d-22d8-4ca3-a576-ed6da2f16f4a" testId="aea62d5f-9178-cad8-33d2-858954d9a8ee" testName="HardwareScanExpressTaskCommandHandler_Execute_TargetInvocationException_FailResponse" computerName="DKSR-EFI-06" duration="00:00:00.0019110" startTime="2024-01-09T15:45:38.3575440+01:00" endTime="2024-01-09T15:45:38.3575440+01:00" testType="13cdc9d9-ddb5-4fa4-a97d-d965ccfc6d4b" outcome="Passed" testListId="8c84fa94-04c1-424b-9868-57a2d4851a1d" relativeResultsDirectory="2164b28d-22d8-4ca3-a576-ed6da2f16f4a" />
    <UnitTestResult executionId="4db942ed-b98c-4b5a-a5db-7d479976dd91" testId="9a2ae23d-13da-c24d-5e36-de3d633eaea3" testName="Ctor_IdpServerNameNull_ThrowsArgumentNullException" computerName="DKSR-EFI-06" duration="00:00:00.0019618" startTime="2024-01-09T15:43:42.9354156+01:00" endTime="2024-01-09T15:43:42.9354156+01:00" testType="13cdc9d9-ddb5-4fa4-a97d-d965ccfc6d4b" outcome="Passed" testListId="8c84fa94-04c1-424b-9868-57a2d4851a1d" relativeResultsDirectory="4db942ed-b98c-4b5a-a5db-7d479976dd91" />
    <UnitTestResult executionId="dabfddec-4597-4124-a8f8-a0b9ceadecab" testId="20ca43c6-2f14-43d9-a49c-571d28462c6a" testName="ValidateParameter_NullLicenseDeviceInfo_Expect_ArgumentNullException" computerName="DKSR-EFI-06" duration="00:00:00.0078083" startTime="2024-01-09T15:44:29.7324342+01:00" endTime="2024-01-09T15:44:29.7480595+01:00" testType="13cdc9d9-ddb5-4fa4-a97d-d965ccfc6d4b" outcome="Passed" testListId="8c84fa94-04c1-424b-9868-57a2d4851a1d" relativeResultsDirectory="dabfddec-4597-4124-a8f8-a0b9ceadecab" />
    <UnitTestResult executionId="35bf9e9f-6160-4ac9-a7de-1269efab83db" testId="a8d7312b-c46b-8cf5-29bb-7947f5804bd9" testName="ChangeHardwarePasswordRuleAction_Execute_TaskBuilderConstructionThrows_ErrorLogCreated" computerName="DKSR-EFI-06" duration="00:00:00.0714447" startTime="2024-01-09T15:43:31.7791285+01:00" endTime="2024-01-09T15:43:31.8572523+01:00" testType="13cdc9d9-ddb5-4fa4-a97d-d965ccfc6d4b" outcome="Passed" testListId="8c84fa94-04c1-424b-9868-57a2d4851a1d" relativeResultsDirectory="35bf9e9f-6160-4ac9-a7de-1269efab83db" />
    <UnitTestResult executionId="cf4be99c-90c3-4d1f-9644-16d0edce3d47" testId="22e4cc9e-6a1d-3de4-9202-014788054b67" testName="SetHardwareNetworkSettingsCommandHandler_Constructor_ParameterNull_Throws" computerName="DKSR-EFI-06" duration="00:00:00.0013773" startTime="2024-01-09T15:45:43.9046036+01:00" endTime="2024-01-09T15:45:43.9046036+01:00" testType="13cdc9d9-ddb5-4fa4-a97d-d965ccfc6d4b" outcome="Passed" testListId="8c84fa94-04c1-424b-9868-57a2d4851a1d" relativeResultsDirectory="cf4be99c-90c3-4d1f-9644-16d0edce3d47" />
    <UnitTestResult executionId="cac73dda-bfe4-4ab9-b3f0-6f0acec1d940" testId="933352dc-2e18-19cc-d934-804f139458f1" testName="HardwareInCWAOnWhiteList_ReplacedWithInheritance_HardwareOnWhiteList_MixedCWAAllowed_NewHardwareInCWA" computerName="DKSR-EFI-06" duration="00:00:00.1604922" startTime="2024-01-09T15:44:04.5448869+01:00" endTime="2024-01-09T15:44:04.7011379+01:00" testType="13cdc9d9-ddb5-4fa4-a97d-d965ccfc6d4b" outcome="Passed" testListId="8c84fa94-04c1-424b-9868-57a2d4851a1d" relativeResultsDirectory="cac73dda-bfe4-4ab9-b3f0-6f0acec1d940" />
    <UnitTestResult executionId="c2d0465e-3db4-4e18-a77e-42011cd0a5cf" testId="8eb4f19d-f1e9-80a5-2ae2-3c12f9b07d80" testName="HardwareScanProgressResponse_ModelIsNull_BadRequestResult" computerName="DKSR-EFI-06" duration="00:00:00.0005475" startTime="2024-01-09T15:42:48.3102947+01:00" endTime="2024-01-09T15:42:48.3102947+01:00" testType="13cdc9d9-ddb5-4fa4-a97d-d965ccfc6d4b" outcome="Passed" testListId="8c84fa94-04c1-424b-9868-57a2d4851a1d" relativeResultsDirectory="c2d0465e-3db4-4e18-a77e-42011cd0a5cf" />
    <UnitTestResult executionId="345fa980-71a3-435c-b7ab-15fcecca46b3" testId="c3809a3c-e353-b14a-7852-059c4037db12" testName="DeviceLicense_SetExpire_NoneExistingItem_Success" computerName="DKSR-EFI-06" duration="00:00:00.0005834" startTime="2024-01-09T15:45:34.1387930+01:00" endTime="2024-01-09T15:45:34.1387930+01:00" testType="13cdc9d9-ddb5-4fa4-a97d-d965ccfc6d4b" outcome="Passed" testListId="8c84fa94-04c1-424b-9868-57a2d4851a1d" relativeResultsDirectory="345fa980-71a3-435c-b7ab-15fcecca46b3" />
    <UnitTestResult executionId="72dc2d15-9695-45dc-a385-5e25cc94eb15" testId="3bbcc241-05a1-26d1-f42f-481535a2e59b" testName="ReportManualRecordingStateCommand_ModelValid_RecorderNotFoundException_Handled" computerName="DKSR-EFI-06" duration="00:00:00.0009426" startTime="2024-01-09T15:42:47.8571660+01:00" endTime="2024-01-09T15:42:47.8571660+01:00" testType="13cdc9d9-ddb5-4fa4-a97d-d965ccfc6d4b" outcome="Passed" testListId="8c84fa94-04c1-424b-9868-57a2d4851a1d" relativeResultsDirectory="72dc2d15-9695-45dc-a385-5e25cc94eb15" />
    <UnitTestResult executionId="56a321b7-6559-4835-bd48-14f5e869e961" testId="5fa7f6c3-59dd-66f0-508e-049e14919de5" testName="HardwareLicense_SetExpire_Exists_Updated" computerName="DKSR-EFI-06" duration="00:00:00.0007836" startTime="2024-01-09T15:45:34.0606690+01:00" endTime="2024-01-09T15:45:34.0606690+01:00" testType="13cdc9d9-ddb5-4fa4-a97d-d965ccfc6d4b" outcome="Passed" testListId="8c84fa94-04c1-424b-9868-57a2d4851a1d" relativeResultsDirectory="56a321b7-6559-4835-bd48-14f5e869e961" />
    <UnitTestResult executionId="c06ee9d4-d5d1-4df6-bbd2-ed3804a70378" testId="bc6fa33b-84d2-33f4-a839-c3b9b827711f" testName="FilterTrackIds_ModelIsNull_BadRequestResult" computerName="DKSR-EFI-06" duration="00:00:00.0006572" startTime="2024-01-09T15:42:47.9821665+01:00" endTime="2024-01-09T15:42:47.9821665+01:00" testType="13cdc9d9-ddb5-4fa4-a97d-d965ccfc6d4b" outcome="Passed" testListId="8c84fa94-04c1-424b-9868-57a2d4851a1d" relativeResultsDirectory="c06ee9d4-d5d1-4df6-bbd2-ed3804a70378" />
    <UnitTestResult executionId="f019d172-0b4c-434c-b2d8-208334292324" testId="235a6a97-15ca-0bdb-be3c-2d790318c044" testName="Simulate_ActivatedICPHardware_VariousDevices_DisableAndEnable_CountsCorrectly_AllocatesCorrectRecorderLicenseType" computerName="DKSR-EFI-06" duration="00:00:00.3345305" startTime="2024-01-09T15:44:47.2324721+01:00" endTime="2024-01-09T15:44:47.5605966+01:00" testType="13cdc9d9-ddb5-4fa4-a97d-d965ccfc6d4b" outcome="Passed" testListId="8c84fa94-04c1-424b-9868-57a2d4851a1d" relativeResultsDirectory="f019d172-0b4c-434c-b2d8-208334292324" />
    <UnitTestResult executionId="1a459bac-53e6-44ae-9aab-8302bc878f3c" testId="b2b84e0f-7a42-e121-7c85-d420a429a320" testName="GetCompleteConfiguration_ModelNull_BadRequest" computerName="DKSR-EFI-06" duration="00:00:00.0078918" startTime="2024-01-09T15:42:45.3728268+01:00" endTime="2024-01-09T15:42:45.3884091+01:00" testType="13cdc9d9-ddb5-4fa4-a97d-d965ccfc6d4b" outcome="Passed" testListId="8c84fa94-04c1-424b-9868-57a2d4851a1d" relativeResultsDirectory="1a459bac-53e6-44ae-9aab-8302bc878f3c" />
    <UnitTestResult executionId="f4991de9-9252-495a-b635-deb090d41c40" testId="203250db-4eeb-a0f2-a3da-987ceaf617b3" testName="ChangeHardwarePasswordRuleAction_Execute_FailedTask_SucceededWithErrorsEventTriggered" computerName="DKSR-EFI-06" duration="00:00:00.0194090" startTime="2024-01-09T15:43:20.9978741+01:00" endTime="2024-01-09T15:43:21.0135009+01:00" testType="13cdc9d9-ddb5-4fa4-a97d-d965ccfc6d4b" outcome="Passed" testListId="8c84fa94-04c1-424b-9868-57a2d4851a1d" relativeResultsDirectory="f4991de9-9252-495a-b635-deb090d41c40" />
    <UnitTestResult executionId="9f8cc407-d5ed-4cbf-921c-3d836eed9b4b" testId="550cfad2-fa8b-209d-97fe-fd68247d99ef" testName="GetRecorderTasksWithPendingStop_ModelIsValid_Executed" computerName="DKSR-EFI-06" duration="00:00:00.0016831" startTime="2024-01-09T15:42:48.1696687+01:00" endTime="2024-01-09T15:42:48.1696687+01:00" testType="13cdc9d9-ddb5-4fa4-a97d-d965ccfc6d4b" outcome="Passed" testListId="8c84fa94-04c1-424b-9868-57a2d4851a1d" relativeResultsDirectory="9f8cc407-d5ed-4cbf-921c-3d836eed9b4b" />
    <UnitTestResult executionId="27b0901f-8b72-4f5d-8b60-d93b61851758" testId="ba9bbd2d-f93e-3b6a-e55e-22dc493457da" testName="DeleteConfigurationItemCommandHandler_Execute_DeleteRecorder_With_EvidenceLockedData_WithAccept_Success" computerName="DKSR-EFI-06" duration="00:00:00.0945165" startTime="2024-01-09T15:45:36.6700461+01:00" endTime="2024-01-09T15:45:36.7637943+01:00" testType="13cdc9d9-ddb5-4fa4-a97d-d965ccfc6d4b" outcome="Passed" testListId="8c84fa94-04c1-424b-9868-57a2d4851a1d" relativeResultsDirectory="27b0901f-8b72-4f5d-8b60-d93b61851758" />
    <UnitTestResult executionId="4a60ce23-fd74-423a-8b04-7dde235427c5" testId="a243b43f-29a5-816f-9ac8-8f363157b14a" testName="SetHotstandByFailoverRecorderInformation_WatchingRecorderStopped_Success" computerName="DKSR-EFI-06" duration="00:00:00.0009922" startTime="2024-01-09T15:42:48.7946718+01:00" endTime="2024-01-09T15:42:48.7946718+01:00" testType="13cdc9d9-ddb5-4fa4-a97d-d965ccfc6d4b" outcome="Passed" testListId="8c84fa94-04c1-424b-9868-57a2d4851a1d" relativeResultsDirectory="4a60ce23-fd74-423a-8b04-7dde235427c5" />
    <UnitTestResult executionId="a9c130ab-65f5-48a3-9d8a-37f022e44205" testId="3fed6b17-91ce-8aa8-f441-7da427c10db2" testName="GetHardwareUsersCommandHandler_Execute_RecorderNotFound_ReturnsCorrectResponse" computerName="DKSR-EFI-06" duration="00:00:00.0012980" startTime="2024-01-09T15:45:38.1231707+01:00" endTime="2024-01-09T15:45:38.1231707+01:00" testType="13cdc9d9-ddb5-4fa4-a97d-d965ccfc6d4b" outcome="Passed" testListId="8c84fa94-04c1-424b-9868-57a2d4851a1d" relativeResultsDirectory="a9c130ab-65f5-48a3-9d8a-37f022e44205" />
    <UnitTestResult executionId="b5716436-d69d-401a-b9c8-93ba1d89d432" testId="dd590c5c-2e27-43dc-ade1-d132bfa06046" testName="FirmwareUpgradeTaskCommandHandler_Execute_Failed_ErrorReconnecting" computerName="DKSR-EFI-06" duration="00:00:00.0009822" startTime="2024-01-09T15:45:38.0137947+01:00" endTime="2024-01-09T15:45:38.0137947+01:00" testType="13cdc9d9-ddb5-4fa4-a97d-d965ccfc6d4b" outcome="Passed" testListId="8c84fa94-04c1-424b-9868-57a2d4851a1d" relativeResultsDirectory="b5716436-d69d-401a-b9c8-93ba1d89d432" />
    <UnitTestResult executionId="084bbc27-3a12-460a-b2cf-5af39758d127" testId="4d7616d3-3d89-3b42-9496-b2ce88cc2ef7" testName="CleanUp_KeepAliveNotExceededOnFreeClient_ClientIsNotRemoved" computerName="DKSR-EFI-06" duration="00:00:00.0009161" startTime="2024-01-09T15:46:00.6114721+01:00" endTime="2024-01-09T15:46:00.6271064+01:00" testType="13cdc9d9-ddb5-4fa4-a97d-d965ccfc6d4b" outcome="Passed" testListId="8c84fa94-04c1-424b-9868-57a2d4851a1d" relativeResultsDirectory="084bbc27-3a12-460a-b2cf-5af39758d127" />
    <UnitTestResult executionId="397fd9a3-fb6f-41e9-8a04-a411d74934bc" testId="b980dc1f-9797-a5d1-9815-bd2b5788615a" testName="HardwareInCWAOnWhiteList_ReplacedWithInheritance_HardwareOnWhiteList_NoMoreCWAAllowed_FewerChannelsOnReplacedHardware_NewHardwareInGrace" computerName="DKSR-EFI-06" duration="00:00:00.3272393" startTime="2024-01-09T15:44:08.7171667+01:00" endTime="2024-01-09T15:44:09.0449009+01:00" testType="13cdc9d9-ddb5-4fa4-a97d-d965ccfc6d4b" outcome="Passed" testListId="8c84fa94-04c1-424b-9868-57a2d4851a1d" relativeResultsDirectory="397fd9a3-fb6f-41e9-8a04-a411d74934bc" />
    <UnitTestResult executionId="20a5fc1d-58ec-47a5-9f8e-00ed334c1409" testId="1c9f7d1c-99e8-3c4a-3b34-4f124995bd4b" testName="Ctor_IdpBundleMaxCountOutOfRange_ThrowsArgumentOutOfRangeException" computerName="DKSR-EFI-06" duration="00:00:00.0021243" startTime="2024-01-09T15:43:42.9354156+01:00" endTime="2024-01-09T15:43:42.9354156+01:00" testType="13cdc9d9-ddb5-4fa4-a97d-d965ccfc6d4b" outcome="Passed" testListId="8c84fa94-04c1-424b-9868-57a2d4851a1d" relativeResultsDirectory="20a5fc1d-58ec-47a5-9f8e-00ed334c1409" />
    <UnitTestResult executionId="029384db-6339-4f9b-b1fe-5a410ab348a9" testId="35d82225-fcce-04ac-1c34-1cc371c17751" testName="AttachedRecorder_GetRecorderEntryFromUri_NoEntry" computerName="DKSR-EFI-06" duration="00:00:00.0007507" startTime="2024-01-09T15:42:45.3415339+01:00" endTime="2024-01-09T15:42:45.3415339+01:00" testType="13cdc9d9-ddb5-4fa4-a97d-d965ccfc6d4b" outcome="Passed" testListId="8c84fa94-04c1-424b-9868-57a2d4851a1d" relativeResultsDirectory="029384db-6339-4f9b-b1fe-5a410ab348a9" />
    <UnitTestResult executionId="efa68114-ef0f-4b2f-a94b-fa1fc8c6e0d4" testId="78410454-9798-10a4-a6b0-96d74dd2313c" testName="EvidenceLockOnOldRecorderCommandHandlerTests_OldRec_SendCmd_NotSupportedException" computerName="DKSR-EFI-06" duration="00:00:00.0163267" startTime="2024-01-09T15:45:37.7481688+01:00" endTime="2024-01-09T15:45:37.7637950+01:00" testType="13cdc9d9-ddb5-4fa4-a97d-d965ccfc6d4b" outcome="Passed" testListId="8c84fa94-04c1-424b-9868-57a2d4851a1d" relativeResultsDirectory="efa68114-ef0f-4b2f-a94b-fa1fc8c6e0d4" />
    <UnitTestResult executionId="de175b1e-f046-4e57-ab83-71170e1e0814" testId="b4910ef8-8100-8147-1c49-985272aefa18" testName="ActivateUserDefinedEventOnRemoteSite_ModelIsValid_CommandExecuted" computerName="DKSR-EFI-06" duration="00:00:00.0014785" startTime="2024-01-09T15:42:48.4977954+01:00" endTime="2024-01-09T15:42:48.4977954+01:00" testType="13cdc9d9-ddb5-4fa4-a97d-d965ccfc6d4b" outcome="Passed" testListId="8c84fa94-04c1-424b-9868-57a2d4851a1d" relativeResultsDirectory="de175b1e-f046-4e57-ab83-71170e1e0814" />
    <UnitTestResult executionId="7b33b638-da8c-4a79-8c9b-8b5e0a02449b" testId="de9a4295-a58a-11d2-bd90-4d4252c4beb3" testName="SuccessResponse_ModelIsNull_BadRequestResult" computerName="DKSR-EFI-06" duration="00:00:00.0012341" startTime="2024-01-09T15:42:48.2477935+01:00" endTime="2024-01-09T15:42:48.2477935+01:00" testType="13cdc9d9-ddb5-4fa4-a97d-d965ccfc6d4b" outcome="Passed" testListId="8c84fa94-04c1-424b-9868-57a2d4851a1d" relativeResultsDirectory="7b33b638-da8c-4a79-8c9b-8b5e0a02449b" />
    <UnitTestResult executionId="6f00abd5-1d3f-4244-9c87-26822ae19763" testId="593aa971-5620-06a4-7e04-53178c3e9541" testName="GetRecorderLicense_WithIcpDisabledHardware_Success" computerName="DKSR-EFI-06" duration="00:00:00.0202375" startTime="2024-01-09T15:45:09.8575079+01:00" endTime="2024-01-09T15:45:09.8731332+01:00" testType="13cdc9d9-ddb5-4fa4-a97d-d965ccfc6d4b" outcome="Passed" testListId="8c84fa94-04c1-424b-9868-57a2d4851a1d" relativeResultsDirectory="6f00abd5-1d3f-4244-9c87-26822ae19763" />
    <UnitTestResult executionId="91365da7-6958-4270-ba07-6085ff359eb8" testId="52ae5aec-9df8-776c-3d9e-043bf189964e" testName="AllocateLicenses_HardwareWith5CamerasAndOtherDevices_ShouldCount5InGrace_ThenDisablingCameras_ShouldCount1InGrace_OnZeroCWALicense" computerName="DKSR-EFI-06" duration="00:00:00.1260060" startTime="2024-01-09T15:44:39.9824406+01:00" endTime="2024-01-09T15:44:40.1230675+01:00" testType="13cdc9d9-ddb5-4fa4-a97d-d965ccfc6d4b" outcome="Passed" testListId="8c84fa94-04c1-424b-9868-57a2d4851a1d" relativeResultsDirectory="91365da7-6958-4270-ba07-6085ff359eb8" />
    <UnitTestResult executionId="78b5211e-2cb6-4e0c-be05-255a883888d9" testId="7152b996-422a-4961-88f9-ab00327f89a3" testName="MoveHardwareTaskCommandHandler_Execute_DeviceTrackInfo_Source_And_Destination_Recorder" computerName="DKSR-EFI-06" duration="00:00:00.2487964" startTime="2024-01-09T15:45:39.4512941+01:00" endTime="2024-01-09T15:45:39.7012963+01:00" testType="13cdc9d9-ddb5-4fa4-a97d-d965ccfc6d4b" outcome="Passed" testListId="8c84fa94-04c1-424b-9868-57a2d4851a1d" relativeResultsDirectory="78b5211e-2cb6-4e0c-be05-255a883888d9">
      <Output>
        <StdOut>Progress: 10&#xD;
Progress: 20&#xD;
Progress: 30&#xD;
Progress: 35&#xD;
Progress: 40&#xD;
Progress: 42&#xD;
Progress: 44&#xD;
Progress: 60&#xD;
Progress: 70&#xD;
Progress: 80&#xD;
Progress: 90&#xD;
Progress: 95&#xD;
Progress: 100</StdOut>
      </Output>
    </UnitTestResult>
    <UnitTestResult executionId="c14252a9-64a0-4476-8c1e-c2bf800fe89c" testId="71073285-cc2d-f8d3-1325-46ab19b4f857" testName="DeleteHardwareTaskCommandHandler_Execute_Succeeded" computerName="DKSR-EFI-06" duration="00:00:00.0168253" startTime="2024-01-09T15:45:36.8106673+01:00" endTime="2024-01-09T15:45:36.8262976+01:00" testType="13cdc9d9-ddb5-4fa4-a97d-d965ccfc6d4b" outcome="Passed" testListId="8c84fa94-04c1-424b-9868-57a2d4851a1d" relativeResultsDirectory="c14252a9-64a0-4476-8c1e-c2bf800fe89c" />
    <UnitTestResult executionId="76c1cc59-412e-4d1e-8b26-0529dc4e43bd" testId="e271b044-e1ee-b1ea-4f44-29d190086149" testName="HardwareInCWAOnWhiteList_ReplacedWithInheritance_HardwareNotOnWhiteList_NoMoreCWAAllowed_NewDevicesInGrace" computerName="DKSR-EFI-06" duration="00:00:00.2572217" startTime="2024-01-09T15:44:02.5917588+01:00" endTime="2024-01-09T15:44:02.8417593+01:00" testType="13cdc9d9-ddb5-4fa4-a97d-d965ccfc6d4b" outcome="Passed" testListId="8c84fa94-04c1-424b-9868-57a2d4851a1d" relativeResultsDirectory="76c1cc59-412e-4d1e-8b26-0529dc4e43bd" />
    <UnitTestResult executionId="20c450f7-b147-4172-a259-64b03d7897c2" testId="171856fa-1167-5209-7892-35844f4128ab" testName="HardwareSetupErrorResponse_ModelIsNull_BadRequestResult" computerName="DKSR-EFI-06" duration="00:00:00.0006539" startTime="2024-01-09T15:42:48.3884189+01:00" endTime="2024-01-09T15:42:48.3884189+01:00" testType="13cdc9d9-ddb5-4fa4-a97d-d965ccfc6d4b" outcome="Passed" testListId="8c84fa94-04c1-424b-9868-57a2d4851a1d" relativeResultsDirectory="20c450f7-b147-4172-a259-64b03d7897c2" />
    <UnitTestResult executionId="aa13c027-0d40-454f-880a-9d515b2d6919" testId="0d80d064-ff69-d296-eb8e-f7eabb4fd864" testName="DatabaseResponseTrackIdsWithoutMediaOnRecorder_ModelIsValid_CommandExecuted" computerName="DKSR-EFI-06" duration="00:00:00.0080581" startTime="2024-01-09T15:42:48.4040440+01:00" endTime="2024-01-09T15:42:48.4196695+01:00" testType="13cdc9d9-ddb5-4fa4-a97d-d965ccfc6d4b" outcome="Passed" testListId="8c84fa94-04c1-424b-9868-57a2d4851a1d" relativeResultsDirectory="aa13c027-0d40-454f-880a-9d515b2d6919" />
    <UnitTestResult executionId="d1e817b2-3741-4a2a-a738-4e1310c21c2e" testId="34db90ba-7cc6-925f-b388-252fcd27491d" testName="DeviceLicense_FindById_Found_ReturnsValidInstance" computerName="DKSR-EFI-06" duration="00:00:00.0010427" startTime="2024-01-09T15:45:34.0919223+01:00" endTime="2024-01-09T15:45:34.1075450+01:00" testType="13cdc9d9-ddb5-4fa4-a97d-d965ccfc6d4b" outcome="Passed" testListId="8c84fa94-04c1-424b-9868-57a2d4851a1d" relativeResultsDirectory="d1e817b2-3741-4a2a-a738-4e1310c21c2e" />
    <UnitTestResult executionId="f0e624bd-4b60-468d-91e3-cdb98ee380e7" testId="a652b815-d800-d206-be7c-325ec52c6c7d" testName="HardwareInCWAOnWhiteList_ReplacedWithNoInheritance_HardwareOnWhiteList_CWAAllowed_NewHardwareInCWA" computerName="DKSR-EFI-06" duration="00:00:00.1400728" startTime="2024-01-09T15:44:01.1698790+01:00" endTime="2024-01-09T15:44:01.3105062+01:00" testType="13cdc9d9-ddb5-4fa4-a97d-d965ccfc6d4b" outcome="Passed" testListId="8c84fa94-04c1-424b-9868-57a2d4851a1d" relativeResultsDirectory="f0e624bd-4b60-468d-91e3-cdb98ee380e7" />
    <UnitTestResult executionId="69853856-6695-47f1-a3bb-ef3af9807613" testId="f710f672-589f-2591-bbe8-d5b2015480ef" testName="HardwareScanExpressTaskCommandHandler_Execute_DiscoveryComponentSecureScanUnsupported_FailResponse" computerName="DKSR-EFI-06" duration="00:00:00.0014565" startTime="2024-01-09T15:45:38.3262965+01:00" endTime="2024-01-09T15:45:38.3262965+01:00" testType="13cdc9d9-ddb5-4fa4-a97d-d965ccfc6d4b" outcome="Passed" testListId="8c84fa94-04c1-424b-9868-57a2d4851a1d" relativeResultsDirectory="69853856-6695-47f1-a3bb-ef3af9807613" />
    <UnitTestResult executionId="6a7c5a4c-1d7b-46f9-b66c-d17ac4dd23dc" testId="6975686a-7378-a6a3-28cf-2326d3990cc5" testName="AllocateLicenses_NotActivated_FiveDevices_TwoReplaced_ThreeUnlicensed" computerName="DKSR-EFI-06" duration="00:00:00.0951340" startTime="2024-01-09T15:44:31.8730603+01:00" endTime="2024-01-09T15:44:31.9668100+01:00" testType="13cdc9d9-ddb5-4fa4-a97d-d965ccfc6d4b" outcome="Passed" testListId="8c84fa94-04c1-424b-9868-57a2d4851a1d" relativeResultsDirectory="6a7c5a4c-1d7b-46f9-b66c-d17ac4dd23dc" />
    <UnitTestResult executionId="45657489-c340-41bf-b586-fa80aaad2b26" testId="56f6c4c3-2604-c015-29ad-92d62b733dfd" testName="HardwareActivatedNotOnWhiteList_ReplacedWithInheritance_HardwareNotOnWhiteList_NoCWAAllowed_AllDevicesInGrace" computerName="DKSR-EFI-06" duration="00:00:00.4983543" startTime="2024-01-09T15:43:55.5917075+01:00" endTime="2024-01-09T15:43:56.0917100+01:00" testType="13cdc9d9-ddb5-4fa4-a97d-d965ccfc6d4b" outcome="Passed" testListId="8c84fa94-04c1-424b-9868-57a2d4851a1d" relativeResultsDirectory="45657489-c340-41bf-b586-fa80aaad2b26" />
    <UnitTestResult executionId="e0d6891c-82cd-464f-8169-cf71ca9686a8" testId="588ff876-ec36-54e8-8872-562ec2940133" testName="Parse_WhenRegistrationHasIncorrectType_RegistrationIsIgnored" computerName="DKSR-EFI-06" duration="00:00:00.0005056" startTime="2024-01-09T15:43:51.1854417+01:00" endTime="2024-01-09T15:43:51.1854417+01:00" testType="13cdc9d9-ddb5-4fa4-a97d-d965ccfc6d4b" outcome="Passed" testListId="8c84fa94-04c1-424b-9868-57a2d4851a1d" relativeResultsDirectory="e0d6891c-82cd-464f-8169-cf71ca9686a8" />
    <UnitTestResult executionId="49b71400-c1fb-4a99-823c-b65b34344402" testId="d7f3e071-ffc3-5a50-84e7-e831b56a656d" testName="SetRecorderSpecificConfiguration_ModelIsNull_BadRequestResult" computerName="DKSR-EFI-06" duration="00:00:00.0011815" startTime="2024-01-09T15:42:47.3884106+01:00" endTime="2024-01-09T15:42:47.3884106+01:00" testType="13cdc9d9-ddb5-4fa4-a97d-d965ccfc6d4b" outcome="Passed" testListId="8c84fa94-04c1-424b-9868-57a2d4851a1d" relativeResultsDirectory="49b71400-c1fb-4a99-823c-b65b34344402" />
    <UnitTestResult executionId="c8a45f6c-dc7f-494b-81c4-542843214a6a" testId="cb29dac1-8764-e240-82e6-34668ec60cf1" testName="CheckForAutomaticActivationTrigger_ReturnsTrue_OnDisabledDevice" computerName="DKSR-EFI-06" duration="00:00:00.0029999" startTime="2024-01-09T15:45:34.5450462+01:00" endTime="2024-01-09T15:45:34.5450462+01:00" testType="13cdc9d9-ddb5-4fa4-a97d-d965ccfc6d4b" outcome="Passed" testListId="8c84fa94-04c1-424b-9868-57a2d4851a1d" relativeResultsDirectory="c8a45f6c-dc7f-494b-81c4-542843214a6a" />
    <UnitTestResult executionId="b76692a0-aaff-4cb1-b62e-945d3df35745" testId="a23aeb64-4fee-a5f0-e2cf-340259a52ab4" testName="AutomaticActivation_LogsSucessfulMessageInServerLogs_OnSuccessfulActivation" computerName="DKSR-EFI-06" duration="00:00:00.0002103" startTime="2024-01-09T15:43:43.4041691+01:00" endTime="2024-01-09T15:43:43.4041691+01:00" testType="13cdc9d9-ddb5-4fa4-a97d-d965ccfc6d4b" outcome="Passed" testListId="8c84fa94-04c1-424b-9868-57a2d4851a1d" relativeResultsDirectory="b76692a0-aaff-4cb1-b62e-945d3df35745" />
    <UnitTestResult executionId="76d194b0-b6f5-4a97-9a45-54d663d36ef8" testId="ca942ca3-b5c9-9985-bebf-57fc1c01b141" testName="GetRecorderTasks_ModelIsValid_Executed" computerName="DKSR-EFI-06" duration="00:00:00.0106630" startTime="2024-01-09T15:42:48.1540423+01:00" endTime="2024-01-09T15:42:48.1696687+01:00" testType="13cdc9d9-ddb5-4fa4-a97d-d965ccfc6d4b" outcome="Passed" testListId="8c84fa94-04c1-424b-9868-57a2d4851a1d" relativeResultsDirectory="76d194b0-b6f5-4a97-9a45-54d663d36ef8" />
    <UnitTestResult executionId="aff763f1-4a5a-4742-bdc0-406ae56edcc7" testId="868b3b6e-76b6-d018-a5a6-215427fdffdf" testName="TemporaryLicense_Ctor_LocalTime_ArgumentException" computerName="DKSR-EFI-06" duration="00:00:00.0025297" startTime="2024-01-09T15:43:51.0760643+01:00" endTime="2024-01-09T15:43:51.0760643+01:00" testType="13cdc9d9-ddb5-4fa4-a97d-d965ccfc6d4b" outcome="Passed" testListId="8c84fa94-04c1-424b-9868-57a2d4851a1d" relativeResultsDirectory="aff763f1-4a5a-4742-bdc0-406ae56edcc7">
      <Output>
        <StdOut>Debug Trace:&#xD;
Fail: Argument invalid - must be UTC</StdOut>
      </Output>
    </UnitTestResult>
    <UnitTestResult executionId="6e545fe5-7e26-4a85-9aa5-5c120c30b606" testId="ca2d1650-b595-d5b1-c9bb-cff3c43c7aa3" testName="HardwareInGraceNotOnWhiteList_ReplacedWithNoInheritance_HardwareNotOnWhiteList_ShouldGiveDevicesNewGracePeriod" computerName="DKSR-EFI-06" duration="00:00:00.4967330" startTime="2024-01-09T15:44:54.4199845+01:00" endTime="2024-01-09T15:44:54.9199883+01:00" testType="13cdc9d9-ddb5-4fa4-a97d-d965ccfc6d4b" outcome="Passed" testListId="8c84fa94-04c1-424b-9868-57a2d4851a1d" relativeResultsDirectory="6e545fe5-7e26-4a85-9aa5-5c120c30b606" />
    <UnitTestResult executionId="246ad4fa-2cb3-4529-9fa6-e3931ae6e51b" testId="36a69c1a-e7ef-dbb8-ed45-6b67da6ffa22" testName="GetRecorderLicense_NonCameraDevicesAreMissingFromRecorderLicense_OnHardwareWithExpiredDevices" computerName="DKSR-EFI-06" duration="00:00:00.8070816" startTime="2024-01-09T15:45:14.7168951+01:00" endTime="2024-01-09T15:45:15.5293973+01:00" testType="13cdc9d9-ddb5-4fa4-a97d-d965ccfc6d4b" outcome="Passed" testListId="8c84fa94-04c1-424b-9868-57a2d4851a1d" relativeResultsDirectory="246ad4fa-2cb3-4529-9fa6-e3931ae6e51b" />
    <UnitTestResult executionId="33a0f52d-9d75-4546-bc2d-da8140f01553" testId="834bc393-0d98-623d-7495-886f81045728" testName="FirmwareUpgradeTaskCommandHandler_Execute_Failed_ErrorUnknown" computerName="DKSR-EFI-06" duration="00:00:00.0009024" startTime="2024-01-09T15:45:38.0450465+01:00" endTime="2024-01-09T15:45:38.0450465+01:00" testType="13cdc9d9-ddb5-4fa4-a97d-d965ccfc6d4b" outcome="Passed" testListId="8c84fa94-04c1-424b-9868-57a2d4851a1d" relativeResultsDirectory="33a0f52d-9d75-4546-bc2d-da8140f01553" />
    <UnitTestResult executionId="d5d600e9-cba1-4cd6-b68c-281ac82b1319" testId="fd34d79d-6a71-f6d7-434a-60dde659bbd3" testName="GenerateLicenseRequestAsXml_ExportDriverNumberFlagSet_ExportsDriverNumber_Success" computerName="DKSR-EFI-06" duration="00:00:00.2608980" startTime="2024-01-09T15:45:33.6700422+01:00" endTime="2024-01-09T15:45:33.9356714+01:00" testType="13cdc9d9-ddb5-4fa4-a97d-d965ccfc6d4b" outcome="Passed" testListId="8c84fa94-04c1-424b-9868-57a2d4851a1d" relativeResultsDirectory="d5d600e9-cba1-4cd6-b68c-281ac82b1319" />
    <UnitTestResult executionId="d3734f8e-01fd-4295-b275-e3a87b39c5ce" testId="d18da944-7e75-6c06-b1c7-1f96f8921220" testName="GetRecorderLicense_AddsHardwareToGrace_OnMoreHardwareThanReplacementLimit" computerName="DKSR-EFI-06" duration="00:00:00.0115235" startTime="2024-01-09T15:45:09.4513091+01:00" endTime="2024-01-09T15:45:09.4668823+01:00" testType="13cdc9d9-ddb5-4fa4-a97d-d965ccfc6d4b" outcome="Passed" testListId="8c84fa94-04c1-424b-9868-57a2d4851a1d" relativeResultsDirectory="d3734f8e-01fd-4295-b275-e3a87b39c5ce" />
    <UnitTestResult executionId="3df98a3f-24b5-4d51-900c-2e3ad621b77f" testId="ab91da9c-0e86-f635-ac5f-67e2ac6c00d5" testName="ServerFileSystemResponseQueryDrives_ModelIsValid_CommandExecuted" computerName="DKSR-EFI-06" duration="00:00:00.0084770" startTime="2024-01-09T15:42:48.4509211+01:00" endTime="2024-01-09T15:42:48.4665445+01:00" testType="13cdc9d9-ddb5-4fa4-a97d-d965ccfc6d4b" outcome="Passed" testListId="8c84fa94-04c1-424b-9868-57a2d4851a1d" relativeResultsDirectory="3df98a3f-24b5-4d51-900c-2e3ad621b77f" />
    <UnitTestResult executionId="81ab7a2a-cb18-4cfe-b0af-af8797c9d63f" testId="7bb5987c-b561-d879-6bfa-fddf21ff03a7" testName="Activation_ChangesIsActivationQueued_ToFalse" computerName="DKSR-EFI-06" duration="00:00:00.0028564" startTime="2024-01-09T15:43:43.3729653+01:00" endTime="2024-01-09T15:43:43.3885449+01:00" testType="13cdc9d9-ddb5-4fa4-a97d-d965ccfc6d4b" outcome="Passed" testListId="8c84fa94-04c1-424b-9868-57a2d4851a1d" relativeResultsDirectory="81ab7a2a-cb18-4cfe-b0af-af8797c9d63f" />
    <UnitTestResult executionId="27584c0a-6ff7-473c-8693-f50ab9757774" testId="7f61d5ae-c293-961d-5c60-2fd2f6f8b8a0" testName="AnalyzeAndCreateAuditLogs_DeletedSecurityPermissionsDeviceRowWithDEVICEPTZPRIORITYAtrribute_ReturnsTwoAuditLog" computerName="DKSR-EFI-06" duration="00:00:00.0045893" startTime="2024-01-09T15:45:35.7481713+01:00" endTime="2024-01-09T15:45:35.7637964+01:00" testType="13cdc9d9-ddb5-4fa4-a97d-d965ccfc6d4b" outcome="Passed" testListId="8c84fa94-04c1-424b-9868-57a2d4851a1d" relativeResultsDirectory="27584c0a-6ff7-473c-8693-f50ab9757774" />
    <UnitTestResult executionId="c58d9ca2-dbf6-46a6-b93f-f3e80f53d19a" testId="a567eb44-b9b3-10da-64f7-98055ff68c28" testName="NextActivation_IsDateTimeMin_OnNoActivationQueued" computerName="DKSR-EFI-06" duration="00:00:00.0003729" startTime="2024-01-09T15:43:43.4197943+01:00" endTime="2024-01-09T15:43:43.4197943+01:00" testType="13cdc9d9-ddb5-4fa4-a97d-d965ccfc6d4b" outcome="Passed" testListId="8c84fa94-04c1-424b-9868-57a2d4851a1d" relativeResultsDirectory="c58d9ca2-dbf6-46a6-b93f-f3e80f53d19a" />
    <UnitTestResult executionId="90d8f8f8-1dbb-46b8-b7ff-0821b0966c2f" testId="d36822ca-313a-7605-49b0-c19c37c6127f" testName="CheckMsFailoverStatusCommandHandler_Execute_Https_InvokeEventTrue_EmptyResponse_ShouldNotTrigger" computerName="DKSR-EFI-06" duration="00:00:00.0036926" startTime="2024-01-09T15:45:35.4825425+01:00" endTime="2024-01-09T15:45:35.4825425+01:00" testType="13cdc9d9-ddb5-4fa4-a97d-d965ccfc6d4b" outcome="Passed" testListId="8c84fa94-04c1-424b-9868-57a2d4851a1d" relativeResultsDirectory="90d8f8f8-1dbb-46b8-b7ff-0821b0966c2f" />
    <UnitTestResult executionId="a22ca804-c89c-47ba-ae14-071ea2a2e0b7" testId="7fbd8cd6-5269-2a27-a6ab-cabaa043e40b" testName="CheckConfigurationDataSetTest_RecorderMulticastLicensedSuccess" computerName="DKSR-EFI-06" duration="00:00:00.0021384" startTime="2024-01-09T15:45:00.5606325+01:00" endTime="2024-01-09T15:45:00.5606325+01:00" testType="13cdc9d9-ddb5-4fa4-a97d-d965ccfc6d4b" outcome="Passed" testListId="8c84fa94-04c1-424b-9868-57a2d4851a1d" relativeResultsDirectory="a22ca804-c89c-47ba-ae14-071ea2a2e0b7" />
    <UnitTestResult executionId="bfafa99d-efda-460d-b47b-f3c6e3aae0f2" testId="901a68aa-7787-c851-1b49-e53cb2749abf" testName="IsActivationRequired_Success_ActivationRequired_FourDevices" computerName="DKSR-EFI-06" duration="00:00:01.5699156" startTime="2024-01-09T15:45:21.8575389+01:00" endTime="2024-01-09T15:45:23.4356628+01:00" testType="13cdc9d9-ddb5-4fa4-a97d-d965ccfc6d4b" outcome="Passed" testListId="8c84fa94-04c1-424b-9868-57a2d4851a1d" relativeResultsDirectory="bfafa99d-efda-460d-b47b-f3c6e3aae0f2" />
    <UnitTestResult executionId="517a985f-8c56-4eb0-aade-a552cca2204b" testId="aa54e5c8-4842-fdf7-6d33-fe6b056034b3" testName="HardwareActivatedNotOnWhiteList_ReplacedWith_HardwareNotOnWhiteList_NoCameraChannels" computerName="DKSR-EFI-06" duration="00:00:00.2811216" startTime="2024-01-09T15:44:25.6386831+01:00" endTime="2024-01-09T15:44:25.9199333+01:00" testType="13cdc9d9-ddb5-4fa4-a97d-d965ccfc6d4b" outcome="Passed" testListId="8c84fa94-04c1-424b-9868-57a2d4851a1d" relativeResultsDirectory="517a985f-8c56-4eb0-aade-a552cca2204b" />
    <UnitTestResult executionId="a32be1a4-e300-42f4-81a3-9de05399addf" testId="d6728601-eae0-dd7f-2f47-f9029823748f" testName="AnalyzeAndCreateAuditLogs_ModifiedSecurityPermissionsDeviceRowWithDEVICESPEAKPRIORITYAtrributeSamePriority_ReturnsNoAuditLog" computerName="DKSR-EFI-06" duration="00:00:00.0030656" startTime="2024-01-09T15:45:35.7169251+01:00" endTime="2024-01-09T15:45:35.7325453+01:00" testType="13cdc9d9-ddb5-4fa4-a97d-d965ccfc6d4b" outcome="Passed" testListId="8c84fa94-04c1-424b-9868-57a2d4851a1d" relativeResultsDirectory="a32be1a4-e300-42f4-81a3-9de05399addf" />
    <UnitTestResult executionId="2c50abf8-ad5d-496d-851c-6289469ff63b" testId="47770e9f-009b-55e0-aa71-80683ddbf0fb" testName="RegisterSessionFailedResponse_ModelIsValid_CommandExecuted" computerName="DKSR-EFI-06" duration="00:00:00.0007038" startTime="2024-01-09T15:42:48.3571677+01:00" endTime="2024-01-09T15:42:48.3571677+01:00" testType="13cdc9d9-ddb5-4fa4-a97d-d965ccfc6d4b" outcome="Passed" testListId="8c84fa94-04c1-424b-9868-57a2d4851a1d" relativeResultsDirectory="2c50abf8-ad5d-496d-851c-6289469ff63b" />
    <UnitTestResult executionId="161a2aaa-1d84-4b52-97f4-40af563950a5" testId="00ba3071-31c1-0f6e-3800-6f9ad50402df" testName="TaskHandling_ProcessUpdateDiffgram_Hardware_Null_InitialValue_Value_C18NDigest" computerName="DKSR-EFI-06" duration="00:00:00.0065339" startTime="2024-01-09T15:43:19.4978732+01:00" endTime="2024-01-09T15:43:19.5135000+01:00" testType="13cdc9d9-ddb5-4fa4-a97d-d965ccfc6d4b" outcome="Passed" testListId="8c84fa94-04c1-424b-9868-57a2d4851a1d" relativeResultsDirectory="161a2aaa-1d84-4b52-97f4-40af563950a5" />
    <UnitTestResult executionId="978e404f-1260-4a5c-ba34-01ddb0e3ff3f" testId="e1ae1242-d694-f8f9-10e5-6e7a3c17bac6" testName="ProcessConfigurationChangeTasks_UpdateInsertUpdate_Not_Batched" computerName="DKSR-EFI-06" duration="00:00:00.0447321" startTime="2024-01-09T15:43:12.0447349+01:00" endTime="2024-01-09T15:43:12.0916061+01:00" testType="13cdc9d9-ddb5-4fa4-a97d-d965ccfc6d4b" outcome="Passed" testListId="8c84fa94-04c1-424b-9868-57a2d4851a1d" relativeResultsDirectory="978e404f-1260-4a5c-ba34-01ddb0e3ff3f" />
    <UnitTestResult executionId="307d14d1-7fbd-43dd-b43c-0940b992b32e" testId="c93b3e42-de25-38a6-5d2b-084c952be414" testName="AllocateLicenses_NotActivated_ThreeInGrace_OnThreeHardwaresZeroCameraChannelsAndThreeAvailableLicenses" computerName="DKSR-EFI-06" duration="00:00:00.0884387" startTime="2024-01-09T15:44:31.7324369+01:00" endTime="2024-01-09T15:44:31.8105602+01:00" testType="13cdc9d9-ddb5-4fa4-a97d-d965ccfc6d4b" outcome="Passed" testListId="8c84fa94-04c1-424b-9868-57a2d4851a1d" relativeResultsDirectory="307d14d1-7fbd-43dd-b43c-0940b992b32e" />
    <UnitTestResult executionId="debac75c-2c26-4db1-b2f3-d7abbf300017" testId="72f35452-ae18-a81e-a215-eabf2f938f12" testName="AttachedRecorder_GetRecorderStatusArray_Success" computerName="DKSR-EFI-06" duration="00:00:00.0035207" startTime="2024-01-09T15:42:45.3415339+01:00" endTime="2024-01-09T15:42:45.3415339+01:00" testType="13cdc9d9-ddb5-4fa4-a97d-d965ccfc6d4b" outcome="Passed" testListId="8c84fa94-04c1-424b-9868-57a2d4851a1d" relativeResultsDirectory="debac75c-2c26-4db1-b2f3-d7abbf300017" />
    <UnitTestResult executionId="563d6f81-c895-4370-be60-3cc0dc5a834d" testId="8194f756-0832-a32e-60b1-19c8d7103413" testName="WarningResponse_ModelIsValid_CommandExecuted" computerName="DKSR-EFI-06" duration="00:00:00.0009775" startTime="2024-01-09T15:42:48.2946705+01:00" endTime="2024-01-09T15:42:48.2946705+01:00" testType="13cdc9d9-ddb5-4fa4-a97d-d965ccfc6d4b" outcome="Passed" testListId="8c84fa94-04c1-424b-9868-57a2d4851a1d" relativeResultsDirectory="563d6f81-c895-4370-be60-3cc0dc5a834d" />
    <UnitTestResult executionId="da491c9f-1568-4f09-903d-2b65a0e153ec" testId="32fc502d-9cb3-be3e-d7d9-da55ad2cd200" testName="Construct_ValidLicenseCountManager_Instance" computerName="DKSR-EFI-06" duration="00:00:00.0002900" startTime="2024-01-09T15:44:59.6075028+01:00" endTime="2024-01-09T15:44:59.6075028+01:00" testType="13cdc9d9-ddb5-4fa4-a97d-d965ccfc6d4b" outcome="Passed" testListId="8c84fa94-04c1-424b-9868-57a2d4851a1d" relativeResultsDirectory="da491c9f-1568-4f09-903d-2b65a0e153ec" />
    <UnitTestResult executionId="38910ff8-be40-47b2-963f-94150e32c193" testId="728dd74c-5776-cc49-d6bb-366e73e8938c" testName="GetRecorderLicense_LastEnabledHardwareIsWithoutLicense_OnEnabledHardwareBeingFirstInDataSetAndChannelLicensing" computerName="DKSR-EFI-06" duration="00:00:00.0235267" startTime="2024-01-09T15:45:13.8731410+01:00" endTime="2024-01-09T15:45:13.8887669+01:00" testType="13cdc9d9-ddb5-4fa4-a97d-d965ccfc6d4b" outcome="Passed" testListId="8c84fa94-04c1-424b-9868-57a2d4851a1d" relativeResultsDirectory="38910ff8-be40-47b2-963f-94150e32c193" />
    <UnitTestResult executionId="d120726d-4e38-4e92-b629-e8191019744f" testId="ce8380c5-c8aa-6b45-78f7-a8afc7e17e5d" testName="AddHardwareUserCommandHandler_Constructor_ThrowsIfParameterNull" computerName="DKSR-EFI-06" duration="00:00:00.0094434" startTime="2024-01-09T15:45:34.5606702+01:00" endTime="2024-01-09T15:45:34.5606702+01:00" testType="13cdc9d9-ddb5-4fa4-a97d-d965ccfc6d4b" outcome="Passed" testListId="8c84fa94-04c1-424b-9868-57a2d4851a1d" relativeResultsDirectory="d120726d-4e38-4e92-b629-e8191019744f">
      <Output>
        <StdOut>Debug Trace:&#xD;
Fail: Argument null</StdOut>
      </Output>
    </UnitTestResult>
    <UnitTestResult executionId="d8b58cea-b064-4cc9-a60c-e1c6ba814f28" testId="1ea60712-f3af-7647-a569-c4b38aac78ea" testName="ChannelLicenseCountManager_ReplacementHardware_RemoveHardwareFromReplacementLimit" computerName="DKSR-EFI-06" duration="00:00:00.0001797" startTime="2024-01-09T15:44:59.9981286+01:00" endTime="2024-01-09T15:44:59.9981286+01:00" testType="13cdc9d9-ddb5-4fa4-a97d-d965ccfc6d4b" outcome="Passed" testListId="8c84fa94-04c1-424b-9868-57a2d4851a1d" relativeResultsDirectory="d8b58cea-b064-4cc9-a60c-e1c6ba814f28" />
    <UnitTestResult executionId="45482b62-5994-4961-8df3-03446a034995" testId="e6811246-bbd2-f90b-6c77-9e70a20e3b20" testName="SetRecorderSpecificConfiguration_ModelIsValid_RecorderNotFoundException" computerName="DKSR-EFI-06" duration="00:00:00.0060355" startTime="2024-01-09T15:42:47.3884106+01:00" endTime="2024-01-09T15:42:47.3884106+01:00" testType="13cdc9d9-ddb5-4fa4-a97d-d965ccfc6d4b" outcome="Passed" testListId="8c84fa94-04c1-424b-9868-57a2d4851a1d" relativeResultsDirectory="45482b62-5994-4961-8df3-03446a034995" />
    <UnitTestResult executionId="cb31d6c7-b85b-45d2-a73d-92fd29597aa2" testId="22ca97d6-033b-cf61-7203-4444f24a4a92" testName="RecorderLicense_AddNew_IsUpdated_RetrieveAsList_Success" computerName="DKSR-EFI-06" duration="00:00:00.0009182" startTime="2024-01-09T15:45:34.0137957+01:00" endTime="2024-01-09T15:45:34.0137957+01:00" testType="13cdc9d9-ddb5-4fa4-a97d-d965ccfc6d4b" outcome="Passed" testListId="8c84fa94-04c1-424b-9868-57a2d4851a1d" relativeResultsDirectory="cb31d6c7-b85b-45d2-a73d-92fd29597aa2" />
    <UnitTestResult executionId="42de5730-6fae-4a89-9c07-b79acfd6cc07" testId="e220f231-ed56-ebfb-e964-355cefc3364e" testName="UpdateHardwareTaskCommandHandler_Execute_Unknown_Tests" computerName="DKSR-EFI-06" duration="00:00:00.0157572" startTime="2024-01-09T15:45:59.5641946+01:00" endTime="2024-01-09T15:45:59.5798255+01:00" testType="13cdc9d9-ddb5-4fa4-a97d-d965ccfc6d4b" outcome="Passed" testListId="8c84fa94-04c1-424b-9868-57a2d4851a1d" relativeResultsDirectory="42de5730-6fae-4a89-9c07-b79acfd6cc07" />
    <UnitTestResult executionId="97eeb648-be1f-458c-9241-28dc4171521f" testId="09a55fcb-0eee-e804-a52c-b0d4bf548464" testName="HardwareInCWAOnWhiteList_ReplacedWithNoInheritance_HardwareOnWhiteList_NoMoreCWAAllowed_NewHardwareInGrace" computerName="DKSR-EFI-06" duration="00:00:00.1942201" startTime="2024-01-09T15:44:00.5292244+01:00" endTime="2024-01-09T15:44:00.7167259+01:00" testType="13cdc9d9-ddb5-4fa4-a97d-d965ccfc6d4b" outcome="Passed" testListId="8c84fa94-04c1-424b-9868-57a2d4851a1d" relativeResultsDirectory="97eeb648-be1f-458c-9241-28dc4171521f" />
    <UnitTestResult executionId="4c292787-4037-4424-aa19-f208d94c2be0" testId="92076d0f-acfe-255b-5fb1-f30e5a145d3b" testName="CheckConfigurationDataSet_AAC_Hardware_NoAACSetting_NotLicensed_Sucess" computerName="DKSR-EFI-06" duration="00:00:00.0196108" startTime="2024-01-09T15:45:00.4668838+01:00" endTime="2024-01-09T15:45:00.4825069+01:00" testType="13cdc9d9-ddb5-4fa4-a97d-d965ccfc6d4b" outcome="Passed" testListId="8c84fa94-04c1-424b-9868-57a2d4851a1d" relativeResultsDirectory="4c292787-4037-4424-aa19-f208d94c2be0" />
    <UnitTestResult executionId="535fad79-eef3-4efd-9f25-bc94e0a9efbd" testId="6e52751a-538c-2d39-5d97-bf8a9ed56a9c" testName="LoadTemporaryHardwareChangesWithoutActivationIdentifiers_HardwareAndDevicesInCWA_ReturnsCWAIdentifiers" computerName="DKSR-EFI-06" duration="00:00:00.0022958" startTime="2024-01-09T15:45:34.2637953+01:00" endTime="2024-01-09T15:45:34.2637953+01:00" testType="13cdc9d9-ddb5-4fa4-a97d-d965ccfc6d4b" outcome="Passed" testListId="8c84fa94-04c1-424b-9868-57a2d4851a1d" relativeResultsDirectory="535fad79-eef3-4efd-9f25-bc94e0a9efbd" />
    <UnitTestResult executionId="ef8573a6-c80e-4738-87c4-d794e0030372" testId="1bc809a8-afd9-bba4-87fb-170f78940090" testName="TaskHandling_InternalUpdateReparingTasks_Simpleupdate_Success" computerName="DKSR-EFI-06" duration="00:00:00.1485301" startTime="2024-01-09T15:43:19.5135000+01:00" endTime="2024-01-09T15:43:19.6697471+01:00" testType="13cdc9d9-ddb5-4fa4-a97d-d965ccfc6d4b" outcome="Passed" testListId="8c84fa94-04c1-424b-9868-57a2d4851a1d" relativeResultsDirectory="ef8573a6-c80e-4738-87c4-d794e0030372" />
    <UnitTestResult executionId="57e09b9b-54b5-44fc-911d-4f7b4e647b6e" testId="1d6ac556-2a91-afc5-3b2d-3b023d07f95b" testName="DeviceDataDistributionManager_CleanupAll_GetNextResponse_Return_TimeoutResponse_NothingDeleted" computerName="DKSR-EFI-06" duration="00:00:00.0005181" startTime="2024-01-09T15:42:44.4352790+01:00" endTime="2024-01-09T15:42:44.4352790+01:00" testType="13cdc9d9-ddb5-4fa4-a97d-d965ccfc6d4b" outcome="Passed" testListId="8c84fa94-04c1-424b-9868-57a2d4851a1d" relativeResultsDirectory="57e09b9b-54b5-44fc-911d-4f7b4e647b6e" />
    <UnitTestResult executionId="7af16b44-bbd5-496a-982f-5cee22517137" testId="bdd573ed-f35c-1e8b-14a2-bfaaa93b8de8" testName="ChannelLicenseCountManager_ReplacementHardware_AddSuccess" computerName="DKSR-EFI-06" duration="00:00:00.0004260" startTime="2024-01-09T15:44:59.9668787+01:00" endTime="2024-01-09T15:44:59.9668787+01:00" testType="13cdc9d9-ddb5-4fa4-a97d-d965ccfc6d4b" outcome="Passed" testListId="8c84fa94-04c1-424b-9868-57a2d4851a1d" relativeResultsDirectory="7af16b44-bbd5-496a-982f-5cee22517137" />
    <UnitTestResult executionId="90247e44-3b40-49d3-9955-c6f41c11cb7f" testId="4a7c2bdf-ce23-9336-545f-1fa2b8f89c3d" testName="UpdateReadOnlySettings_ModelIsValid_CommandExecuted" computerName="DKSR-EFI-06" duration="00:00:00.0014922" startTime="2024-01-09T15:42:48.5134195+01:00" endTime="2024-01-09T15:42:48.5134195+01:00" testType="13cdc9d9-ddb5-4fa4-a97d-d965ccfc6d4b" outcome="Passed" testListId="8c84fa94-04c1-424b-9868-57a2d4851a1d" relativeResultsDirectory="90247e44-3b40-49d3-9955-c6f41c11cb7f" />
    <UnitTestResult executionId="e243cfb0-c596-4f89-af43-d6242eae4deb" testId="d6d61d68-433a-498f-6484-e644581b7e25" testName="MultiSite_ChannelBased_SameHardwareAndDevicesOn2Recorders_NotWhitelisted_ConsumesNoExtraLicenses" computerName="DKSR-EFI-06" duration="00:00:00.1092556" startTime="2024-01-09T15:44:49.4980999+01:00" endTime="2024-01-09T15:44:49.6074762+01:00" testType="13cdc9d9-ddb5-4fa4-a97d-d965ccfc6d4b" outcome="Passed" testListId="8c84fa94-04c1-424b-9868-57a2d4851a1d" relativeResultsDirectory="e243cfb0-c596-4f89-af43-d6242eae4deb" />
    <UnitTestResult executionId="12051115-0249-4b60-b4c8-f263d39be7e3" testId="0530c07e-bb9b-b2d6-8cb2-b1e299d0c41d" testName="GetRecorderLicense_EnoughICP_EnoughHardware_Success" computerName="DKSR-EFI-06" duration="00:00:00.0548007" startTime="2024-01-09T15:45:09.3575074+01:00" endTime="2024-01-09T15:45:09.4200067+01:00" testType="13cdc9d9-ddb5-4fa4-a97d-d965ccfc6d4b" outcome="Passed" testListId="8c84fa94-04c1-424b-9868-57a2d4851a1d" relativeResultsDirectory="12051115-0249-4b60-b4c8-f263d39be7e3" />
    <UnitTestResult executionId="46c5114d-8759-4738-8858-e4bbb247dcc2" testId="db90267e-1133-e177-59c5-fc43acc05aec" testName="ConfigurationDataSetLoader_GetDeviceRecorderPluginsByDeviceId_Success" computerName="DKSR-EFI-06" duration="00:00:00.0009959" startTime="2024-01-09T15:45:34.3575475+01:00" endTime="2024-01-09T15:45:34.3575475+01:00" testType="13cdc9d9-ddb5-4fa4-a97d-d965ccfc6d4b" outcome="Passed" testListId="8c84fa94-04c1-424b-9868-57a2d4851a1d" relativeResultsDirectory="46c5114d-8759-4738-8858-e4bbb247dcc2" />
    <UnitTestResult executionId="cc6368e5-6a9d-4a5a-8464-aac93be0d26c" testId="61478804-37c6-3f19-8d29-b15fb393caef" testName="CheckExternalRecorderRegistrationCommandHandler_Execute_ReturnsFailResponseOnEmptyHardwareId" computerName="DKSR-EFI-06" duration="00:00:00.0014498" startTime="2024-01-09T15:45:34.8419227+01:00" endTime="2024-01-09T15:45:34.8419227+01:00" testType="13cdc9d9-ddb5-4fa4-a97d-d965ccfc6d4b" outcome="Passed" testListId="8c84fa94-04c1-424b-9868-57a2d4851a1d" relativeResultsDirectory="cc6368e5-6a9d-4a5a-8464-aac93be0d26c" />
    <UnitTestResult executionId="40fa603d-0c33-42d6-a3b6-b16e73c654ef" testId="337fb61c-0417-0206-2b53-a5a13e98e43f" testName="AddUnlicensedDevice_AddSameDeviceTwice_ReturnsTrue" computerName="DKSR-EFI-06" duration="00:00:00.0006313" startTime="2024-01-09T15:45:34.1544201+01:00" endTime="2024-01-09T15:45:34.1544201+01:00" testType="13cdc9d9-ddb5-4fa4-a97d-d965ccfc6d4b" outcome="Passed" testListId="8c84fa94-04c1-424b-9868-57a2d4851a1d" relativeResultsDirectory="40fa603d-0c33-42d6-a3b6-b16e73c654ef" />
    <UnitTestResult executionId="8a3781d4-3ab8-4e1d-b459-77164b998f8e" testId="4a9ee53d-4492-6d40-8fa6-c23adf2b7cfc" testName="MessageManagerResponseCollector_GetNextResponse_Timeout" computerName="DKSR-EFI-06" duration="00:00:00.0553540" startTime="2024-01-09T15:42:45.0915327+01:00" endTime="2024-01-09T15:42:45.1540321+01:00" testType="13cdc9d9-ddb5-4fa4-a97d-d965ccfc6d4b" outcome="Passed" testListId="8c84fa94-04c1-424b-9868-57a2d4851a1d" relativeResultsDirectory="8a3781d4-3ab8-4e1d-b459-77164b998f8e" />
    <UnitTestResult executionId="a8d83731-66a8-4e1b-865f-7febf974aafb" testId="af207a6c-649f-b642-3f18-975653fda64d" testName="EvidenceLockUpdateScheduler_Stopped_No_Commands_Issued" computerName="DKSR-EFI-06" duration="00:00:00.0015883" startTime="2024-01-09T15:42:45.0915327+01:00" endTime="2024-01-09T15:42:45.0915327+01:00" testType="13cdc9d9-ddb5-4fa4-a97d-d965ccfc6d4b" outcome="Passed" testListId="8c84fa94-04c1-424b-9868-57a2d4851a1d" relativeResultsDirectory="a8d83731-66a8-4e1b-865f-7febf974aafb" />
    <UnitTestResult executionId="8f6041bb-09c8-4b2a-856d-628159343830" testId="3adf4dba-a8f9-072b-5ae8-0384b38576a4" testName="RecorderLicenses_AddNullLicense_Throws_ArgumentNullException" computerName="DKSR-EFI-06" duration="00:00:00.0007380" startTime="2024-01-09T15:45:33.9981742+01:00" endTime="2024-01-09T15:45:33.9981742+01:00" testType="13cdc9d9-ddb5-4fa4-a97d-d965ccfc6d4b" outcome="Passed" testListId="8c84fa94-04c1-424b-9868-57a2d4851a1d" relativeResultsDirectory="8f6041bb-09c8-4b2a-856d-628159343830" />
    <UnitTestResult executionId="bb7891f3-75b3-4aca-8c12-c2b240b809b2" testId="d4bdc929-2aa7-ca01-4fc2-912ac3e1f0f6" testName="HardwareInCWANotOnWhiteList_ZeroChannels_ReplacedWith_HardwareNotOnWhiteList_WithChannels_NoMoreCWAAllowed_NewDevicesInGrace" computerName="DKSR-EFI-06" duration="00:00:00.3746243" startTime="2024-01-09T15:44:22.8261821+01:00" endTime="2024-01-09T15:44:23.2011842+01:00" testType="13cdc9d9-ddb5-4fa4-a97d-d965ccfc6d4b" outcome="Passed" testListId="8c84fa94-04c1-424b-9868-57a2d4851a1d" relativeResultsDirectory="bb7891f3-75b3-4aca-8c12-c2b240b809b2" />
    <UnitTestResult executionId="0277d9bc-622a-4fb3-bb47-44c3d12d7d8f" testId="aa5a8bd0-7be2-9441-09f4-f36c55e0099a" testName="HardwareInCWANotOnWhiteList_ZeroChannels_ReplacedWith_HardwareNotOnWhiteList_WithChannels_CWAAllowed_NewDevicesInCWA" computerName="DKSR-EFI-06" duration="00:00:00.1944833" startTime="2024-01-09T15:44:23.2011842+01:00" endTime="2024-01-09T15:44:23.4043048+01:00" testType="13cdc9d9-ddb5-4fa4-a97d-d965ccfc6d4b" outcome="Passed" testListId="8c84fa94-04c1-424b-9868-57a2d4851a1d" relativeResultsDirectory="0277d9bc-622a-4fb3-bb47-44c3d12d7d8f" />
    <UnitTestResult executionId="3db826b6-5b16-4279-b1f2-44ad06ab0db0" testId="08934e2f-ac6d-55f5-5170-54ca73f76b20" testName="EvidenceLockOnOldRecorderCommandHandlerTests_OldRecV1_ConfigEdit2Rows" computerName="DKSR-EFI-06" duration="00:00:00.0160193" startTime="2024-01-09T15:45:37.1387980+01:00" endTime="2024-01-09T15:45:37.1544205+01:00" testType="13cdc9d9-ddb5-4fa4-a97d-d965ccfc6d4b" outcome="Passed" testListId="8c84fa94-04c1-424b-9868-57a2d4851a1d" relativeResultsDirectory="3db826b6-5b16-4279-b1f2-44ad06ab0db0" />
    <UnitTestResult executionId="e2649cf4-4928-45c1-a909-73a5cf9da665" testId="b4673c8b-26ff-d3fe-da2f-f330a0ad58cd" testName="Initialize_StartsATimer" computerName="DKSR-EFI-06" duration="00:00:00.0020822" startTime="2024-01-09T15:45:13.3575124+01:00" endTime="2024-01-09T15:45:13.3575124+01:00" testType="13cdc9d9-ddb5-4fa4-a97d-d965ccfc6d4b" outcome="Passed" testListId="8c84fa94-04c1-424b-9868-57a2d4851a1d" relativeResultsDirectory="e2649cf4-4928-45c1-a909-73a5cf9da665" />
    <UnitTestResult executionId="99f64cb7-b236-4bf8-a635-213a0ca05a3f" testId="b8137157-70f5-142f-16ec-23d51722c0c4" testName="UpdateEvidenceLockSizesCommandHandlerTests_Constructor_ServerEnvironmentNull_ArgumentNullException" computerName="DKSR-EFI-06" duration="00:00:00.0025214" startTime="2024-01-09T15:45:44.0140158+01:00" endTime="2024-01-09T15:45:44.0140158+01:00" testType="13cdc9d9-ddb5-4fa4-a97d-d965ccfc6d4b" outcome="Passed" testListId="8c84fa94-04c1-424b-9868-57a2d4851a1d" relativeResultsDirectory="99f64cb7-b236-4bf8-a635-213a0ca05a3f">
      <Output>
        <StdOut>Debug Trace:&#xD;
Fail: Argument null</StdOut>
      </Output>
    </UnitTestResult>
    <UnitTestResult executionId="4f40961b-0a92-467a-a24e-bc1e5b991445" testId="5e599eb5-1ba7-3552-1d66-5d2d43176c8d" testName="Start_TokenHasCorrectScope_CallsStartTimer" computerName="DKSR-EFI-06" duration="00:00:00.0161620" startTime="2024-01-09T15:43:42.9822916+01:00" endTime="2024-01-09T15:43:42.9979185+01:00" testType="13cdc9d9-ddb5-4fa4-a97d-d965ccfc6d4b" outcome="Passed" testListId="8c84fa94-04c1-424b-9868-57a2d4851a1d" relativeResultsDirectory="4f40961b-0a92-467a-a24e-bc1e5b991445" />
    <UnitTestResult executionId="b9b0aa69-bd6e-4eec-8070-90de1f28a285" testId="ca8707b1-fdbb-1240-3ed3-aec73e9fbd04" testName="SynchronizeDevicePresetsResponse_ModelIsValid_CommandExecuted" computerName="DKSR-EFI-06" duration="00:00:00.0009629" startTime="2024-01-09T15:42:48.4040440+01:00" endTime="2024-01-09T15:42:48.4040440+01:00" testType="13cdc9d9-ddb5-4fa4-a97d-d965ccfc6d4b" outcome="Passed" testListId="8c84fa94-04c1-424b-9868-57a2d4851a1d" relativeResultsDirectory="b9b0aa69-bd6e-4eec-8070-90de1f28a285" />
    <UnitTestResult executionId="165dbe43-1b08-4d14-8f94-c3f9b55aa13b" testId="56d59fad-e683-8b23-2fac-75605595a2fb" testName="HardwareLicense_SetExpire_NullHardwareInfo_Empty_Throws_ArgumentException" computerName="DKSR-EFI-06" duration="00:00:00.0007557" startTime="2024-01-09T15:45:34.0606690+01:00" endTime="2024-01-09T15:45:34.0606690+01:00" testType="13cdc9d9-ddb5-4fa4-a97d-d965ccfc6d4b" outcome="Passed" testListId="8c84fa94-04c1-424b-9868-57a2d4851a1d" relativeResultsDirectory="165dbe43-1b08-4d14-8f94-c3f9b55aa13b" />
    <UnitTestResult executionId="4fecd4ac-0c2c-42b6-a93d-f7bca13c6cf7" testId="b3c0b65f-805a-3515-898c-2d4dce44f091" testName="TemporaryLicensesStorage_LoadData_With_ChangesWithoutActivationToken" computerName="DKSR-EFI-06" duration="00:00:00.0014725" startTime="2024-01-09T15:45:34.2325478+01:00" endTime="2024-01-09T15:45:34.2325478+01:00" testType="13cdc9d9-ddb5-4fa4-a97d-d965ccfc6d4b" outcome="Passed" testListId="8c84fa94-04c1-424b-9868-57a2d4851a1d" relativeResultsDirectory="4fecd4ac-0c2c-42b6-a93d-f7bca13c6cf7" />
    <UnitTestResult executionId="f746f781-1315-46fc-b456-c2581f24a412" testId="1daccd18-0ff2-b69c-6386-0a60a2919544" testName="TemporaryLicense_HasCurrentYearToken_SameYear" computerName="DKSR-EFI-06" duration="00:00:00.0010476" startTime="2024-01-09T15:43:51.1229423+01:00" endTime="2024-01-09T15:43:51.1229423+01:00" testType="13cdc9d9-ddb5-4fa4-a97d-d965ccfc6d4b" outcome="Passed" testListId="8c84fa94-04c1-424b-9868-57a2d4851a1d" relativeResultsDirectory="f746f781-1315-46fc-b456-c2581f24a412" />
    <UnitTestResult executionId="891b0518-b3f2-4947-aeba-41b2912ff120" testId="2761c5e2-07fb-530a-a35b-12571a853d1a" testName="GetConnectedClient_FreeClientHasNotBeenDisconnected_ConnectNotCalled" computerName="DKSR-EFI-06" duration="00:00:00.0011590" startTime="2024-01-09T15:46:00.5958437+01:00" endTime="2024-01-09T15:46:00.5958437+01:00" testType="13cdc9d9-ddb5-4fa4-a97d-d965ccfc6d4b" outcome="Passed" testListId="8c84fa94-04c1-424b-9868-57a2d4851a1d" relativeResultsDirectory="891b0518-b3f2-4947-aeba-41b2912ff120" />
    <UnitTestResult executionId="b2babc7c-338c-42af-9b8c-ec0f40d8553b" testId="9fcf5ef0-7f22-3d90-fba9-3fdbd5d700fd" testName="ManualAutomaticActivation_ResetsAutomaticActivationFailedEvent_OnSuccess" computerName="DKSR-EFI-06" duration="00:00:00.0012543" startTime="2024-01-09T15:43:51.0291891+01:00" endTime="2024-01-09T15:43:51.0291891+01:00" testType="13cdc9d9-ddb5-4fa4-a97d-d965ccfc6d4b" outcome="Passed" testListId="8c84fa94-04c1-424b-9868-57a2d4851a1d" relativeResultsDirectory="b2babc7c-338c-42af-9b8c-ec0f40d8553b" />
    <UnitTestResult executionId="308d3700-8e35-430f-b060-98ca75036fa2" testId="c0f145c0-e6f0-d20f-96c8-75e1892a7c37" testName="ChangeIdpAdminTaskCommandHandlerTests_Execute_Remove_Succeeded" computerName="DKSR-EFI-06" duration="00:00:00.0013817" startTime="2024-01-09T15:45:34.8106686+01:00" endTime="2024-01-09T15:45:34.8106686+01:00" testType="13cdc9d9-ddb5-4fa4-a97d-d965ccfc6d4b" outcome="Passed" testListId="8c84fa94-04c1-424b-9868-57a2d4851a1d" relativeResultsDirectory="308d3700-8e35-430f-b060-98ca75036fa2" />
    <UnitTestResult executionId="b8a726fa-8a5a-4bc8-bd08-1c7bfd4c063b" testId="c9da9639-b50b-7aa2-1b47-3a6f28c4b171" testName="DeviceDataDistributionManager_Dispose_Success" computerName="DKSR-EFI-06" duration="00:00:00.0572990" startTime="2024-01-09T15:42:44.0915293+01:00" endTime="2024-01-09T15:42:44.1540306+01:00" testType="13cdc9d9-ddb5-4fa4-a97d-d965ccfc6d4b" outcome="Passed" testListId="8c84fa94-04c1-424b-9868-57a2d4851a1d" relativeResultsDirectory="b8a726fa-8a5a-4bc8-bd08-1c7bfd4c063b" />
    <UnitTestResult executionId="b582ba85-6a99-4667-b06c-aa9ead7e50a7" testId="c00f22dd-5779-e2b1-6f1d-79116f6716e5" testName="SetHardwareNetworkSettingsCommandHandler_Execute_EmptyRecorderServiceId_ReturnsFailResponse" computerName="DKSR-EFI-06" duration="00:00:00.0009103" startTime="2024-01-09T15:45:43.9514944+01:00" endTime="2024-01-09T15:45:43.9514944+01:00" testType="13cdc9d9-ddb5-4fa4-a97d-d965ccfc6d4b" outcome="Passed" testListId="8c84fa94-04c1-424b-9868-57a2d4851a1d" relativeResultsDirectory="b582ba85-6a99-4667-b06c-aa9ead7e50a7" />
    <UnitTestResult executionId="da59a211-ab8e-4b21-b766-e3a1710dd995" testId="4d8aa69a-0251-b3d4-14d5-6ab82a48dd2f" testName="AllocateLicenses_DisabledDevicesOnActivatedHardwareWithActivatedDevices_ShouldGoIntoGraceWhenEnabling_DisablingAndEnablingDevicesAndHardwareShouldKeepLicenseState" computerName="DKSR-EFI-06" duration="00:00:00.4012200" startTime="2024-01-09T15:44:40.9043198+01:00" endTime="2024-01-09T15:44:41.3105716+01:00" testType="13cdc9d9-ddb5-4fa4-a97d-d965ccfc6d4b" outcome="Passed" testListId="8c84fa94-04c1-424b-9868-57a2d4851a1d" relativeResultsDirectory="da59a211-ab8e-4b21-b766-e3a1710dd995" />
    <UnitTestResult executionId="f882ed6f-9953-4fe3-8bc1-67b67eb884bb" testId="40c51391-c3be-a83e-46f5-30f4f86079de" testName="CleanUp_KeepAliveExceededOnFreeClient_ClientIsRemoved" computerName="DKSR-EFI-06" duration="00:00:00.0044509" startTime="2024-01-09T15:46:00.6114721+01:00" endTime="2024-01-09T15:46:00.6114721+01:00" testType="13cdc9d9-ddb5-4fa4-a97d-d965ccfc6d4b" outcome="Passed" testListId="8c84fa94-04c1-424b-9868-57a2d4851a1d" relativeResultsDirectory="f882ed6f-9953-4fe3-8bc1-67b67eb884bb" />
    <UnitTestResult executionId="31f6a985-08a0-4621-ba2b-15c3784235da" testId="18e165c1-f7a6-634a-9110-df55c01ad37f" testName="ChannelLicenseCountManager_HardwareRecorderRelation_Success" computerName="DKSR-EFI-06" duration="00:00:00.1000341" startTime="2024-01-09T15:44:59.8731289+01:00" endTime="2024-01-09T15:44:59.9668787+01:00" testType="13cdc9d9-ddb5-4fa4-a97d-d965ccfc6d4b" outcome="Passed" testListId="8c84fa94-04c1-424b-9868-57a2d4851a1d" relativeResultsDirectory="31f6a985-08a0-4621-ba2b-15c3784235da" />
    <UnitTestResult executionId="5aada770-36e8-4b28-960b-53fb5ac3515f" testId="84beeaec-a55a-7a5a-a1f4-9278e25a84fd" testName="TaskHandling_InternalUpdateReparingTasks_NoExistingTask_NewTask" computerName="DKSR-EFI-06" duration="00:00:00.0016405" startTime="2024-01-09T15:43:19.6853737+01:00" endTime="2024-01-09T15:43:19.6853737+01:00" testType="13cdc9d9-ddb5-4fa4-a97d-d965ccfc6d4b" outcome="Passed" testListId="8c84fa94-04c1-424b-9868-57a2d4851a1d" relativeResultsDirectory="5aada770-36e8-4b28-960b-53fb5ac3515f" />
    <UnitTestResult executionId="7e2c669b-ddce-4b76-9c8f-acdcdc5f9646" testId="69ee4823-dc49-a6d9-8f95-584a92532ed5" testName="EvidenceLockOnOldRecorderCommandHandlerTests_NoOldReordersToUse" computerName="DKSR-EFI-06" duration="00:00:00.0196355" startTime="2024-01-09T15:45:37.0137958+01:00" endTime="2024-01-09T15:45:37.0450478+01:00" testType="13cdc9d9-ddb5-4fa4-a97d-d965ccfc6d4b" outcome="Passed" testListId="8c84fa94-04c1-424b-9868-57a2d4851a1d" relativeResultsDirectory="7e2c669b-ddce-4b76-9c8f-acdcdc5f9646" />
    <UnitTestResult executionId="7536492e-4f9e-41b3-b105-583fee5b28ac" testId="38a7d535-346f-78cb-eabe-acccdfeeda1d" testName="CheckConfigurationDataSet_AAC_Device_WithAACSetting_NotLicensed_Throws_ServerServiceException" computerName="DKSR-EFI-06" duration="00:00:00.0028959" startTime="2024-01-09T15:45:00.5137585+01:00" endTime="2024-01-09T15:45:00.5137585+01:00" testType="13cdc9d9-ddb5-4fa4-a97d-d965ccfc6d4b" outcome="Passed" testListId="8c84fa94-04c1-424b-9868-57a2d4851a1d" relativeResultsDirectory="7536492e-4f9e-41b3-b105-583fee5b28ac" />
    <UnitTestResult executionId="c98804ff-994e-47aa-8825-6bcf2bdfa967" testId="1c4744cc-61d4-e4cf-4e8e-47488f33fd5b" testName="ConvertIdpLog_UserNotAdministrator" computerName="DKSR-EFI-06" duration="00:00:00.0030339" startTime="2024-01-09T15:43:42.4822872+01:00" endTime="2024-01-09T15:43:42.4822872+01:00" testType="13cdc9d9-ddb5-4fa4-a97d-d965ccfc6d4b" outcome="Passed" testListId="8c84fa94-04c1-424b-9868-57a2d4851a1d" relativeResultsDirectory="c98804ff-994e-47aa-8825-6bcf2bdfa967" />
    <UnitTestResult executionId="1cf905cd-3468-46b5-b4de-d758843c68f7" testId="79d1eb2f-a693-8e79-2873-4e7aec472ae9" testName="DeviceDataDistributionManager_Constructor_Null_ThrowsArgumentNullException" computerName="DKSR-EFI-06" duration="00:00:00.3906641" startTime="2024-01-09T15:42:42.9196499+01:00" endTime="2024-01-09T15:42:43.9040296+01:00" testType="13cdc9d9-ddb5-4fa4-a97d-d965ccfc6d4b" outcome="Passed" testListId="8c84fa94-04c1-424b-9868-57a2d4851a1d" relativeResultsDirectory="1cf905cd-3468-46b5-b4de-d758843c68f7">
      <Output>
        <StdOut>Debug Trace:&#xD;
Fail: Argument null</StdOut>
      </Output>
    </UnitTestResult>
    <UnitTestResult executionId="d81b5cf7-61f6-4eeb-91fa-0f7b884c8382" testId="66c9557b-c149-2e3d-d5ea-3250190bb2c2" testName="RecordingServerCache_ClearCacheRemovesCachedLicense_Success" computerName="DKSR-EFI-06" duration="00:00:00.0991066" startTime="2024-01-09T15:45:09.2012573+01:00" endTime="2024-01-09T15:45:09.2950062+01:00" testType="13cdc9d9-ddb5-4fa4-a97d-d965ccfc6d4b" outcome="Passed" testListId="8c84fa94-04c1-424b-9868-57a2d4851a1d" relativeResultsDirectory="d81b5cf7-61f6-4eeb-91fa-0f7b884c8382" />
    <UnitTestResult executionId="dec7edb3-d486-404e-85bd-880bf49fbee1" testId="db2c819e-19df-fc56-6d0a-91d93aa7b632" testName="HardwareAlreadyAddedResponse_ModelIsValid_CommandExecuted" computerName="DKSR-EFI-06" duration="00:00:00.0006634" startTime="2024-01-09T15:42:48.3727957+01:00" endTime="2024-01-09T15:42:48.3727957+01:00" testType="13cdc9d9-ddb5-4fa4-a97d-d965ccfc6d4b" outcome="Passed" testListId="8c84fa94-04c1-424b-9868-57a2d4851a1d" relativeResultsDirectory="dec7edb3-d486-404e-85bd-880bf49fbee1" />
    <UnitTestResult executionId="0338724c-77c0-4062-8db7-c03cf0db6fa0" testId="1393a5cb-435f-81a5-a5c2-589073bde11f" testName="FirmwareUpgradeTaskCommandHandler_Execute_Failed_ErrorNetwork" computerName="DKSR-EFI-06" duration="00:00:00.0018843" startTime="2024-01-09T15:45:38.0137947+01:00" endTime="2024-01-09T15:45:38.0137947+01:00" testType="13cdc9d9-ddb5-4fa4-a97d-d965ccfc6d4b" outcome="Passed" testListId="8c84fa94-04c1-424b-9868-57a2d4851a1d" relativeResultsDirectory="0338724c-77c0-4062-8db7-c03cf0db6fa0" />
    <UnitTestResult executionId="3431ab17-7456-4664-8545-10b5201dc3c6" testId="ab6e1cfc-09a0-aaf7-3146-9a729003543d" testName="HardwareActivatedOnWhiteList_ReplacedWithInheritance_HardwareOnWhiteList_NoCWAAllowed_NewHardwareInGrace" computerName="DKSR-EFI-06" duration="00:00:00.2016356" startTime="2024-01-09T15:43:57.3729647+01:00" endTime="2024-01-09T15:43:57.5760905+01:00" testType="13cdc9d9-ddb5-4fa4-a97d-d965ccfc6d4b" outcome="Passed" testListId="8c84fa94-04c1-424b-9868-57a2d4851a1d" relativeResultsDirectory="3431ab17-7456-4664-8545-10b5201dc3c6" />
    <UnitTestResult executionId="e1fbfc1a-c6ed-4bba-9548-5d29f1a55b1b" testId="2dc2397e-fec1-ff28-69c4-c3ca71255333" testName="FindHardware_NullMac_Throws_ArgumentNullException" computerName="DKSR-EFI-06" duration="00:00:00.0007351" startTime="2024-01-09T15:45:34.1856727+01:00" endTime="2024-01-09T15:45:34.1856727+01:00" testType="13cdc9d9-ddb5-4fa4-a97d-d965ccfc6d4b" outcome="Passed" testListId="8c84fa94-04c1-424b-9868-57a2d4851a1d" relativeResultsDirectory="e1fbfc1a-c6ed-4bba-9548-5d29f1a55b1b" />
    <UnitTestResult executionId="7eb3401a-9b2d-467b-89a1-93f5391bd9d1" testId="01476c0e-d177-4299-4cf9-aeafa6eab623" testName="UpdateHardwareTaskCommandHandler_Execute_RecorderIncompatible_Tests" computerName="DKSR-EFI-06" duration="00:00:00.0049920" startTime="2024-01-09T15:45:59.3609889+01:00" endTime="2024-01-09T15:45:59.3766251+01:00" testType="13cdc9d9-ddb5-4fa4-a97d-d965ccfc6d4b" outcome="Passed" testListId="8c84fa94-04c1-424b-9868-57a2d4851a1d" relativeResultsDirectory="7eb3401a-9b2d-467b-89a1-93f5391bd9d1" />
    <UnitTestResult executionId="73637752-e88a-42fb-afb1-a7712389614c" testId="6779f825-7903-f68a-18b1-ecfca5ffef18" testName="UpdateHardwareTaskCommandHandler_Apply_Failed_Tests" computerName="DKSR-EFI-06" duration="00:00:00.0509546" startTime="2024-01-09T15:46:00.0331269+01:00" endTime="2024-01-09T15:46:00.0800220+01:00" testType="13cdc9d9-ddb5-4fa4-a97d-d965ccfc6d4b" outcome="Passed" testListId="8c84fa94-04c1-424b-9868-57a2d4851a1d" relativeResultsDirectory="73637752-e88a-42fb-afb1-a7712389614c" />
    <UnitTestResult executionId="bfd4e740-e50c-4331-8539-728ceabcfbfb" testId="6c1ad6c9-cc08-bfd2-e6fa-12403c057402" testName="UpdateLicenseState_HasExpiredState_OnExpiredLicense" computerName="DKSR-EFI-06" duration="00:00:00.0377672" startTime="2024-01-09T15:45:02.1856201+01:00" endTime="2024-01-09T15:45:02.2168689+01:00" testType="13cdc9d9-ddb5-4fa4-a97d-d965ccfc6d4b" outcome="Passed" testListId="8c84fa94-04c1-424b-9868-57a2d4851a1d" relativeResultsDirectory="bfd4e740-e50c-4331-8539-728ceabcfbfb">
      <Output>
        <StdOut>Debug Trace:&#xD;
Fail: Attribute value invalid. 'Index'&#xD;
Fail: Attribute value invalid. 'Index'&#xD;
Fail: Attribute value invalid. 'Index'&#xD;
Fail: Attribute value invalid. 'Index'&#xD;
Fail: Attribute value invalid. 'Index'&#xD;
Fail: Attribute value invalid. 'Index'&#xD;
Fail: Attribute value invalid. 'Index'&#xD;
Fail: Attribute value invalid. 'Index'&#xD;
Fail: Attribute value invalid. 'Index'&#xD;
Fail: Attribute value invalid. 'Index'</StdOut>
      </Output>
    </UnitTestResult>
    <UnitTestResult executionId="7680be21-80d8-48ea-9077-de6eda0e893d" testId="0119f047-ba3a-5814-21f1-69cbc5505a00" testName="AttachedRecorder_UnRegister_Success" computerName="DKSR-EFI-06" duration="00:00:00.0009289" startTime="2024-01-09T15:42:45.3102834+01:00" endTime="2024-01-09T15:42:45.3102834+01:00" testType="13cdc9d9-ddb5-4fa4-a97d-d965ccfc6d4b" outcome="Passed" testListId="8c84fa94-04c1-424b-9868-57a2d4851a1d" relativeResultsDirectory="7680be21-80d8-48ea-9077-de6eda0e893d" />
    <UnitTestResult executionId="5435f58e-1a00-4d0f-bd34-f30403960f50" testId="76f09949-db06-6167-1791-8445bfb657bf" testName="UpdateLicenseSnapshot_ValidateAllocationCompletedSuccesfully_Success" computerName="DKSR-EFI-06" duration="00:00:00.5570205" startTime="2024-01-09T15:45:21.2950370+01:00" endTime="2024-01-09T15:45:21.8575389+01:00" testType="13cdc9d9-ddb5-4fa4-a97d-d965ccfc6d4b" outcome="Passed" testListId="8c84fa94-04c1-424b-9868-57a2d4851a1d" relativeResultsDirectory="5435f58e-1a00-4d0f-bd34-f30403960f50" />
    <UnitTestResult executionId="adf8b1f6-0163-4c04-8f95-a5c95b9aba94" testId="7f66b7da-de57-f7e0-4a65-94ed5a0266b4" testName="AllocateLicenses_TwoLicensedTwoExpired_OnFourHardwaresFiveCameraChannelsTwoPrelicensedTwoExpiredAndFourAvailableLicenses" computerName="DKSR-EFI-06" duration="00:00:00.0387293" startTime="2024-01-09T15:44:59.4043763+01:00" endTime="2024-01-09T15:44:59.4512518+01:00" testType="13cdc9d9-ddb5-4fa4-a97d-d965ccfc6d4b" outcome="Passed" testListId="8c84fa94-04c1-424b-9868-57a2d4851a1d" relativeResultsDirectory="adf8b1f6-0163-4c04-8f95-a5c95b9aba94">
      <Output>
        <StdOut>Debug Trace:&#xD;
Fail: Attribute value invalid. 'Index'&#xD;
Fail: Attribute value invalid. 'Index'&#xD;
Fail: Attribute value invalid. 'Index'&#xD;
Fail: Attribute value invalid. 'Index'&#xD;
Fail: Attribute value invalid. 'Index'</StdOut>
      </Output>
    </UnitTestResult>
    <UnitTestResult executionId="90e3375a-b156-409a-917d-d9d2edabe039" testId="d4704b48-35ea-e513-d452-e0a5781bede0" testName="Ctor_TokenCacheNull_ThrowsArgumentNullException" computerName="DKSR-EFI-06" duration="00:00:00.3142442" startTime="2024-01-09T15:43:42.5760388+01:00" endTime="2024-01-09T15:43:42.8885404+01:00" testType="13cdc9d9-ddb5-4fa4-a97d-d965ccfc6d4b" outcome="Passed" testListId="8c84fa94-04c1-424b-9868-57a2d4851a1d" relativeResultsDirectory="90e3375a-b156-409a-917d-d9d2edabe039" />
    <UnitTestResult executionId="9c01ff1b-f42d-4dc5-b417-95004ffe9083" testId="b6423b6a-360c-2257-3cde-218e222a2149" testName="AddUnlicensedDevice_AddNewDevice_ReturnsTrue" computerName="DKSR-EFI-06" duration="00:00:00.0006089" startTime="2024-01-09T15:45:34.1544201+01:00" endTime="2024-01-09T15:45:34.1544201+01:00" testType="13cdc9d9-ddb5-4fa4-a97d-d965ccfc6d4b" outcome="Passed" testListId="8c84fa94-04c1-424b-9868-57a2d4851a1d" relativeResultsDirectory="9c01ff1b-f42d-4dc5-b417-95004ffe9083" />
    <UnitTestResult executionId="4da05a80-4179-47e3-a861-c28bbb7d242f" testId="09109cdb-3848-8d5b-1673-eb704ba69421" testName="EdgeJobUpdatedCommand_ModelIsValid_CommandExecuted" computerName="DKSR-EFI-06" duration="00:00:00.0013058" startTime="2024-01-09T15:42:47.9040405+01:00" endTime="2024-01-09T15:42:47.9040405+01:00" testType="13cdc9d9-ddb5-4fa4-a97d-d965ccfc6d4b" outcome="Passed" testListId="8c84fa94-04c1-424b-9868-57a2d4851a1d" relativeResultsDirectory="4da05a80-4179-47e3-a861-c28bbb7d242f" />
    <UnitTestResult executionId="62e9b87a-2ea3-461d-9ac6-57a868d96ebe" testId="ae87c319-d780-83e8-d111-f59a474997c3" testName="AllocateLicenses_NotActivated_OneDevice_SixEnabledCameraChannels_LicenseCountFive_FiveInGrace_OneUnlicensed" computerName="DKSR-EFI-06" duration="00:00:00.0455895" startTime="2024-01-09T15:44:37.2168124+01:00" endTime="2024-01-09T15:44:37.2636901+01:00" testType="13cdc9d9-ddb5-4fa4-a97d-d965ccfc6d4b" outcome="Passed" testListId="8c84fa94-04c1-424b-9868-57a2d4851a1d" relativeResultsDirectory="62e9b87a-2ea3-461d-9ac6-57a868d96ebe" />
    <UnitTestResult executionId="8094db39-f62b-4da8-bb64-e1fd33023499" testId="02d535fa-c801-f739-3717-908b26ee8d04" testName="HardwareInCWANotOnWhiteList_ReplacedWithNoInheritance_HardwareOnWhiteList_NoMoreCWAAllowed_FewerChannelsOnReplacedHardware_NewHardwareInGrace" computerName="DKSR-EFI-06" duration="00:00:00.2261147" startTime="2024-01-09T15:44:07.2323970+01:00" endTime="2024-01-09T15:44:07.4511435+01:00" testType="13cdc9d9-ddb5-4fa4-a97d-d965ccfc6d4b" outcome="Passed" testListId="8c84fa94-04c1-424b-9868-57a2d4851a1d" relativeResultsDirectory="8094db39-f62b-4da8-bb64-e1fd33023499" />
    <UnitTestResult executionId="7095a538-72c6-4fd3-9caf-b4f098f857cf" testId="0041bc30-654c-1090-f6ad-03a3662d3113" testName="DeleteHardwareUserCommandHandler_Execute_ReturnsFailResponseOnEmptyRecorderServiceId" computerName="DKSR-EFI-06" duration="00:00:00.0008323" startTime="2024-01-09T15:45:36.8887981+01:00" endTime="2024-01-09T15:45:36.8887981+01:00" testType="13cdc9d9-ddb5-4fa4-a97d-d965ccfc6d4b" outcome="Passed" testListId="8c84fa94-04c1-424b-9868-57a2d4851a1d" relativeResultsDirectory="7095a538-72c6-4fd3-9caf-b4f098f857cf" />
    <UnitTestResult executionId="a682cc25-d0ab-4f55-a8f0-03b1fa1b4d33" testId="b3ea2405-989d-bda5-2d70-dd8fbc63cffd" testName="DeleteConfigurationItemCommandHandler_Execute_DeleteHardware_Success" computerName="DKSR-EFI-06" duration="00:00:00.5438259" startTime="2024-01-09T15:45:35.9201613+01:00" endTime="2024-01-09T15:45:36.4669213+01:00" testType="13cdc9d9-ddb5-4fa4-a97d-d965ccfc6d4b" outcome="Passed" testListId="8c84fa94-04c1-424b-9868-57a2d4851a1d" relativeResultsDirectory="a682cc25-d0ab-4f55-a8f0-03b1fa1b4d33" />
    <UnitTestResult executionId="e6419055-31a2-4323-8681-927e2a5123ca" testId="4e6489ca-ad6b-6e8b-60d9-e96a767d1784" testName="ActivateArchivingCommand_ModelValid_RecorderNotFoundException_Handled" computerName="DKSR-EFI-06" duration="00:00:00.0009152" startTime="2024-01-09T15:42:47.8884155+01:00" endTime="2024-01-09T15:42:47.8884155+01:00" testType="13cdc9d9-ddb5-4fa4-a97d-d965ccfc6d4b" outcome="Passed" testListId="8c84fa94-04c1-424b-9868-57a2d4851a1d" relativeResultsDirectory="e6419055-31a2-4323-8681-927e2a5123ca" />
    <UnitTestResult executionId="9d1950d3-d6ac-4405-bbea-0acb9e03e2bd" testId="b177cbb5-9289-1bfa-bb0c-777b1da037d2" testName="Simulate_FiveICPHardware_VariousDevices_DisableAndEnable_CountsCorrectly_ClearLicenseStatusesAfterAllocation" computerName="DKSR-EFI-06" duration="00:00:01.5097865" startTime="2024-01-09T15:44:45.6699636+01:00" endTime="2024-01-09T15:44:47.1699696+01:00" testType="13cdc9d9-ddb5-4fa4-a97d-d965ccfc6d4b" outcome="Passed" testListId="8c84fa94-04c1-424b-9868-57a2d4851a1d" relativeResultsDirectory="9d1950d3-d6ac-4405-bbea-0acb9e03e2bd" />
    <UnitTestResult executionId="69d4738f-0a5a-4f2e-b2af-b0829913c982" testId="8647b92b-3c20-55f1-dcb0-6bad8abfcf1a" testName="AddHardwareToRequest_UpdatesLicenseCountOnICPHardware_OnSameICPHardwareAddedTwice" computerName="DKSR-EFI-06" duration="00:00:00.0032383" startTime="2024-01-09T15:45:29.6231671+01:00" endTime="2024-01-09T15:45:29.6231671+01:00" testType="13cdc9d9-ddb5-4fa4-a97d-d965ccfc6d4b" outcome="Passed" testListId="8c84fa94-04c1-424b-9868-57a2d4851a1d" relativeResultsDirectory="69d4738f-0a5a-4f2e-b2af-b0829913c982" />
    <UnitTestResult executionId="88dad63b-3505-48ee-9bf5-63fddb6b4c76" testId="e55c72c3-3747-9285-e55b-eaba84acd6bb" testName="GetRecorderLicense_CameraDevicesAreInRecorderLicense_OnChannelLicensing" computerName="DKSR-EFI-06" duration="00:00:00.0146787" startTime="2024-01-09T15:45:15.7168969+01:00" endTime="2024-01-09T15:45:15.7325216+01:00" testType="13cdc9d9-ddb5-4fa4-a97d-d965ccfc6d4b" outcome="Passed" testListId="8c84fa94-04c1-424b-9868-57a2d4851a1d" relativeResultsDirectory="88dad63b-3505-48ee-9bf5-63fddb6b4c76" />
    <UnitTestResult executionId="11c404b1-23e8-4ec6-8cfa-fb734e478268" testId="46c74980-8a1e-d86d-57a7-e63c9b00729d" testName="WriteRecordingServerInformation_InvalidParameter_TextWriter_Null_ThrowsArgumentNullException" computerName="DKSR-EFI-06" duration="00:00:00.0030987" startTime="2024-01-09T15:45:33.5138599+01:00" endTime="2024-01-09T15:45:33.5138599+01:00" testType="13cdc9d9-ddb5-4fa4-a97d-d965ccfc6d4b" outcome="Passed" testListId="8c84fa94-04c1-424b-9868-57a2d4851a1d" relativeResultsDirectory="11c404b1-23e8-4ec6-8cfa-fb734e478268" />
    <UnitTestResult executionId="afc624c1-de33-4ac3-b07e-51b3c1afe327" testId="59289e4d-8682-76ea-4554-4dad5ec11b38" testName="AddHardwareUserCommandHandler_Execute_ThrowsIfGivenWrongCommandOrNullParameters" computerName="DKSR-EFI-06" duration="00:00:00.0111764" startTime="2024-01-09T15:45:34.5606702+01:00" endTime="2024-01-09T15:45:34.5762935+01:00" testType="13cdc9d9-ddb5-4fa4-a97d-d965ccfc6d4b" outcome="Passed" testListId="8c84fa94-04c1-424b-9868-57a2d4851a1d" relativeResultsDirectory="afc624c1-de33-4ac3-b07e-51b3c1afe327">
      <Output>
        <StdOut>Debug Trace:&#xD;
Fail: Command/Command handler type mismatch&#xD;
Fail: Command/Command handler type mismatch&#xD;
Fail: The command handler expect an object that implements ICallContextInfo in the state parameter&#xD;
Fail: The command handler expect an object that implements IResponseSink in the responseSink parameter</StdOut>
      </Output>
    </UnitTestResult>
    <UnitTestResult executionId="df542142-10dd-4799-bf3e-0db29d1435ce" testId="427ce3b9-e79c-157b-1d02-60019bd0322e" testName="HardwareInCWAOnWhiteList_ReplacedWithInheritance_HardwareNotOnWhiteList_MixedCWAAllowed_FewerChannelsOnReplacedHardware_SomeDevicesInCWA" computerName="DKSR-EFI-06" duration="00:00:00.3310511" startTime="2024-01-09T15:44:19.6543025+01:00" endTime="2024-01-09T15:44:19.9824284+01:00" testType="13cdc9d9-ddb5-4fa4-a97d-d965ccfc6d4b" outcome="Passed" testListId="8c84fa94-04c1-424b-9868-57a2d4851a1d" relativeResultsDirectory="df542142-10dd-4799-bf3e-0db29d1435ce" />
    <UnitTestResult executionId="06850b82-e776-41a9-874a-3119ef514335" testId="6ba35fcf-f7e2-d2f4-3316-e17e20a60922" testName="SetHardwareNetworkSettingsCommandHandler_Execute_WrongCommandOrNullParameters_Throws" computerName="DKSR-EFI-06" duration="00:00:00.0115151" startTime="2024-01-09T15:45:43.9046036+01:00" endTime="2024-01-09T15:45:43.9202355+01:00" testType="13cdc9d9-ddb5-4fa4-a97d-d965ccfc6d4b" outcome="Passed" testListId="8c84fa94-04c1-424b-9868-57a2d4851a1d" relativeResultsDirectory="06850b82-e776-41a9-874a-3119ef514335">
      <Output>
        <StdOut>Debug Trace:&#xD;
Fail: Command/Command handler type mismatch&#xD;
Fail: Command/Command handler type mismatch&#xD;
Fail: The command handler expect an object that implements ICallContextInfo in the state parameter&#xD;
Fail: The command handler expect an object that implements IResponseSink in the responseSink parameter</StdOut>
      </Output>
    </UnitTestResult>
    <UnitTestResult executionId="30093589-475a-4e02-8019-916e12edb2e3" testId="5980876c-5f0e-99f6-c59d-26c8c29982a4" testName="HardwareScanTaskCommandHandler_Execute_InitializeDiscoveryComponent_FailResponse" computerName="DKSR-EFI-06" duration="00:00:00.0010177" startTime="2024-01-09T15:45:38.4512945+01:00" endTime="2024-01-09T15:45:38.4512945+01:00" testType="13cdc9d9-ddb5-4fa4-a97d-d965ccfc6d4b" outcome="Passed" testListId="8c84fa94-04c1-424b-9868-57a2d4851a1d" relativeResultsDirectory="30093589-475a-4e02-8019-916e12edb2e3" />
    <UnitTestResult executionId="4462efd9-5f64-4bad-95fe-08a728189079" testId="3d23d5f2-7904-b2b4-b8b7-ca6ea8579849" testName="RecorderController_NoEventSubscription_NoPatchMade" computerName="DKSR-EFI-06" duration="00:00:00.0003788" startTime="2024-01-09T15:42:47.9040405+01:00" endTime="2024-01-09T15:42:47.9196657+01:00" testType="13cdc9d9-ddb5-4fa4-a97d-d965ccfc6d4b" outcome="Passed" testListId="8c84fa94-04c1-424b-9868-57a2d4851a1d" relativeResultsDirectory="4462efd9-5f64-4bad-95fe-08a728189079" />
    <UnitTestResult executionId="2c3c316e-a782-4ca0-b6d4-1b3573fbfc09" testId="bd062c6c-59fd-5bb4-c818-c4e7382f34df" testName="TimeoutResponse_ModelIsNull_BadRequestResult" computerName="DKSR-EFI-06" duration="00:00:00.0005086" startTime="2024-01-09T15:42:48.2790445+01:00" endTime="2024-01-09T15:42:48.2790445+01:00" testType="13cdc9d9-ddb5-4fa4-a97d-d965ccfc6d4b" outcome="Passed" testListId="8c84fa94-04c1-424b-9868-57a2d4851a1d" relativeResultsDirectory="2c3c316e-a782-4ca0-b6d4-1b3573fbfc09" />
    <UnitTestResult executionId="ac424ff0-af6f-434e-91f0-7b8ddf6ddeb1" testId="a8d95712-086e-4490-ce81-136530aa2d77" testName="ChannelLicenseCountManager_IsHardwareLicensed_Success" computerName="DKSR-EFI-06" duration="00:00:00.0004960" startTime="2024-01-09T15:44:59.6231285+01:00" endTime="2024-01-09T15:44:59.6231285+01:00" testType="13cdc9d9-ddb5-4fa4-a97d-d965ccfc6d4b" outcome="Passed" testListId="8c84fa94-04c1-424b-9868-57a2d4851a1d" relativeResultsDirectory="ac424ff0-af6f-434e-91f0-7b8ddf6ddeb1" />
    <UnitTestResult executionId="10cc778c-d7d5-48d2-b6b5-c31ff7a9c542" testId="25135369-36d9-5d01-0cef-3b28ec7b5e4c" testName="Ctor_IdpBundleIntervalOutOfRange_ThrowsArgumentOutOfRangeException" computerName="DKSR-EFI-06" duration="00:00:00.0018627" startTime="2024-01-09T15:43:42.9354156+01:00" endTime="2024-01-09T15:43:42.9354156+01:00" testType="13cdc9d9-ddb5-4fa4-a97d-d965ccfc6d4b" outcome="Passed" testListId="8c84fa94-04c1-424b-9868-57a2d4851a1d" relativeResultsDirectory="10cc778c-d7d5-48d2-b6b5-c31ff7a9c542" />
    <UnitTestResult executionId="1189727f-6791-443c-b653-8e2b18447e60" testId="10963fca-9936-e814-f958-990fcbd63cbe" testName="RecorderAccessTokenHandler_PopulateAuthorizationHeaderAsync_IdentityServerTokenException" computerName="DKSR-EFI-06" duration="00:00:00.0014015" startTime="2024-01-09T15:43:42.2947899+01:00" endTime="2024-01-09T15:43:42.2947899+01:00" testType="13cdc9d9-ddb5-4fa4-a97d-d965ccfc6d4b" outcome="Passed" testListId="8c84fa94-04c1-424b-9868-57a2d4851a1d" relativeResultsDirectory="1189727f-6791-443c-b653-8e2b18447e60" />
    <UnitTestResult executionId="5c9e6eb1-89fa-4e9b-9be5-20b8982d2e74" testId="30b9cd1c-6147-d908-195f-b436e1d3125c" testName="GetAbsolutePtzPositionResponse_ModelIsNull_BadRequestResult" computerName="DKSR-EFI-06" duration="00:00:00.0006242" startTime="2024-01-09T15:42:48.3102947+01:00" endTime="2024-01-09T15:42:48.3102947+01:00" testType="13cdc9d9-ddb5-4fa4-a97d-d965ccfc6d4b" outcome="Passed" testListId="8c84fa94-04c1-424b-9868-57a2d4851a1d" relativeResultsDirectory="5c9e6eb1-89fa-4e9b-9be5-20b8982d2e74" />
    <UnitTestResult executionId="09dc65d6-d2b1-454f-99ba-525045052021" testId="bd8299be-4e34-0ff0-3182-d1da2f6a2abc" testName="AllocateLicenses_HardwareWith20Devices5EnabledAndActivated_Enabling15Devices_ShouldGet5CWA5Grace5Unlicensed_On15LicensesAnd5CWA" computerName="DKSR-EFI-06" duration="00:00:00.2305515" startTime="2024-01-09T15:44:41.7480724+01:00" endTime="2024-01-09T15:44:41.9824477+01:00" testType="13cdc9d9-ddb5-4fa4-a97d-d965ccfc6d4b" outcome="Passed" testListId="8c84fa94-04c1-424b-9868-57a2d4851a1d" relativeResultsDirectory="09dc65d6-d2b1-454f-99ba-525045052021" />
    <UnitTestResult executionId="8fc7cbac-4dd5-4392-bb24-c2a8ad49c53d" testId="148b85b3-208e-ea02-a66c-09452fde8ac2" testName="Monitor_CurrentStatusChanged_LocalAuthorizationError" computerName="DKSR-EFI-06" duration="00:00:00.0247226" startTime="2024-01-09T15:45:34.2637953+01:00" endTime="2024-01-09T15:45:34.2950481+01:00" testType="13cdc9d9-ddb5-4fa4-a97d-d965ccfc6d4b" outcome="Passed" testListId="8c84fa94-04c1-424b-9868-57a2d4851a1d" relativeResultsDirectory="8fc7cbac-4dd5-4392-bb24-c2a8ad49c53d" />
    <UnitTestResult executionId="edaa9b9f-91e9-4427-802a-2e59bfc331b0" testId="6e398692-b4d5-0575-9663-e623d078625f" testName="UpdateHardwareTaskCommandHandler_Apply_InvalidSessionId_Test" computerName="DKSR-EFI-06" duration="00:00:00.0107459" startTime="2024-01-09T15:45:59.7986599+01:00" endTime="2024-01-09T15:45:59.7986599+01:00" testType="13cdc9d9-ddb5-4fa4-a97d-d965ccfc6d4b" outcome="Passed" testListId="8c84fa94-04c1-424b-9868-57a2d4851a1d" relativeResultsDirectory="edaa9b9f-91e9-4427-802a-2e59bfc331b0" />
    <UnitTestResult executionId="60f472d2-7ad6-4840-ad48-5ff487a26caa" testId="219ef644-4b9e-0020-5a88-34072b9491cd" testName="AnalyzeAndCreateAuditLogs_AddedSecurityPermissionsDeviceRowWithDEVICESPEAKPRIORITYAtrribute_ReturnsTwoAuditLog" computerName="DKSR-EFI-06" duration="00:00:00.0066962" startTime="2024-01-09T15:45:35.6856710+01:00" endTime="2024-01-09T15:45:35.6856710+01:00" testType="13cdc9d9-ddb5-4fa4-a97d-d965ccfc6d4b" outcome="Passed" testListId="8c84fa94-04c1-424b-9868-57a2d4851a1d" relativeResultsDirectory="60f472d2-7ad6-4840-ad48-5ff487a26caa" />
    <UnitTestResult executionId="491d79fd-abe9-4bf6-be26-b6223175cbf0" testId="b517da97-3485-d8db-d444-60a14aaf59d2" testName="SetHotstandByFailoverRecorderInformation_WatchingRecorderDeleted_ErrorResponse" computerName="DKSR-EFI-06" duration="00:00:00.0009355" startTime="2024-01-09T15:42:48.8102955+01:00" endTime="2024-01-09T15:42:48.8102955+01:00" testType="13cdc9d9-ddb5-4fa4-a97d-d965ccfc6d4b" outcome="Passed" testListId="8c84fa94-04c1-424b-9868-57a2d4851a1d" relativeResultsDirectory="491d79fd-abe9-4bf6-be26-b6223175cbf0" />
    <UnitTestResult executionId="ecaeb8c0-111a-4e34-8b2a-e0ff5687f7da" testId="7729d5d0-1314-1bd1-f55e-14d5357f2ccc" testName="Validate_ClearChangesWithoutActivation_RemovesSomeHardware" computerName="DKSR-EFI-06" duration="00:00:00.0015613" startTime="2024-01-09T15:45:00.3418826+01:00" endTime="2024-01-09T15:45:00.3418826+01:00" testType="13cdc9d9-ddb5-4fa4-a97d-d965ccfc6d4b" outcome="Passed" testListId="8c84fa94-04c1-424b-9868-57a2d4851a1d" relativeResultsDirectory="ecaeb8c0-111a-4e34-8b2a-e0ff5687f7da" />
    <UnitTestResult executionId="25c92fad-acd3-40d2-a822-fbd37ed63913" testId="3be8f4b9-d8e8-e7bf-f2a6-d145ffb179a0" testName="MoveHardwareTaskCommandHandler_Execute_SourceRecorder_Not_Compatible_FailResponse" computerName="DKSR-EFI-06" duration="00:00:00.0024088" startTime="2024-01-09T15:45:41.4825436+01:00" endTime="2024-01-09T15:45:41.4981718+01:00" testType="13cdc9d9-ddb5-4fa4-a97d-d965ccfc6d4b" outcome="Passed" testListId="8c84fa94-04c1-424b-9868-57a2d4851a1d" relativeResultsDirectory="25c92fad-acd3-40d2-a822-fbd37ed63913" />
    <UnitTestResult executionId="2e0b4094-1f96-4a14-aa23-c1eabb0e6bda" testId="a0443b37-ab3a-c2e5-1bdd-bab22a3fb13a" testName="AllocateLicensesNotActivated_WhitelistedDriver_Grace_OneHardware_TwoCameras_OneLicense_ValidateLicenseTypes" computerName="DKSR-EFI-06" duration="00:00:00.1505716" startTime="2024-01-09T15:44:33.0136854+01:00" endTime="2024-01-09T15:44:33.1699377+01:00" testType="13cdc9d9-ddb5-4fa4-a97d-d965ccfc6d4b" outcome="Passed" testListId="8c84fa94-04c1-424b-9868-57a2d4851a1d" relativeResultsDirectory="2e0b4094-1f96-4a14-aa23-c1eabb0e6bda" />
    <UnitTestResult executionId="b1760708-2d86-4881-ba38-dda8f796cd9e" testId="2b04f178-71af-3f70-144c-088850ff5a57" testName="MoveHardwareTaskCommandHandler_Execute_QueryHardwareById_ReturnNull_FailResponse_HardwareNotFound" computerName="DKSR-EFI-06" duration="00:00:00.0015377" startTime="2024-01-09T15:45:42.1544176+01:00" endTime="2024-01-09T15:45:42.1544176+01:00" testType="13cdc9d9-ddb5-4fa4-a97d-d965ccfc6d4b" outcome="Passed" testListId="8c84fa94-04c1-424b-9868-57a2d4851a1d" relativeResultsDirectory="b1760708-2d86-4881-ba38-dda8f796cd9e" />
    <UnitTestResult executionId="7df87f4b-9c5f-4e2c-9f04-1e8a907dd38e" testId="8415958e-4dc4-74af-816e-52b6732f7968" testName="GetHardwareNetworkSettingsCommandHandler_Execute_RecorderNotSupported_ReturnsCorrectResponse" computerName="DKSR-EFI-06" duration="00:00:00.0013314" startTime="2024-01-09T15:45:38.0762960+01:00" endTime="2024-01-09T15:45:38.0762960+01:00" testType="13cdc9d9-ddb5-4fa4-a97d-d965ccfc6d4b" outcome="Passed" testListId="8c84fa94-04c1-424b-9868-57a2d4851a1d" relativeResultsDirectory="7df87f4b-9c5f-4e2c-9f04-1e8a907dd38e" />
    <UnitTestResult executionId="a600575c-9c1a-467e-9abb-312c0b4082eb" testId="9b9964ae-410b-030e-c821-d12ba277566e" testName="AnalyzeAndCreateAuditLogs_AddedSecurityPermissionsDeviceRowWithTimeProfile_ReturnsTwoAuditLogs" computerName="DKSR-EFI-06" duration="00:00:00.0082383" startTime="2024-01-09T15:45:35.5606707+01:00" endTime="2024-01-09T15:45:35.5762936+01:00" testType="13cdc9d9-ddb5-4fa4-a97d-d965ccfc6d4b" outcome="Passed" testListId="8c84fa94-04c1-424b-9868-57a2d4851a1d" relativeResultsDirectory="a600575c-9c1a-467e-9abb-312c0b4082eb" />
    <UnitTestResult executionId="f51be11b-e9c2-4da2-bdf2-4c2e0e3a63ff" testId="e4eb4c96-1f3c-80dd-4275-26175f599f46" testName="RecreatesAllRecorderLicenses_OnATimer" computerName="DKSR-EFI-06" duration="00:00:00.0709657" startTime="2024-01-09T15:45:13.4356403+01:00" endTime="2024-01-09T15:45:13.5137646+01:00" testType="13cdc9d9-ddb5-4fa4-a97d-d965ccfc6d4b" outcome="Passed" testListId="8c84fa94-04c1-424b-9868-57a2d4851a1d" relativeResultsDirectory="f51be11b-e9c2-4da2-bdf2-4c2e0e3a63ff" />
    <UnitTestResult executionId="6f40f9bc-ea54-4c53-8383-9aa7f39ea284" testId="3b025860-fba3-439e-f85e-c1a1d52502a6" testName="UpdateHardwareDriverCommandHandler_Execute_MacChanged_Success" computerName="DKSR-EFI-06" duration="00:00:00.1375897" startTime="2024-01-09T15:45:59.0953204+01:00" endTime="2024-01-09T15:45:59.2359653+01:00" testType="13cdc9d9-ddb5-4fa4-a97d-d965ccfc6d4b" outcome="Passed" testListId="8c84fa94-04c1-424b-9868-57a2d4851a1d" relativeResultsDirectory="6f40f9bc-ea54-4c53-8383-9aa7f39ea284" />
    <UnitTestResult executionId="2df17573-68c3-4eea-8a2e-387471b0adc3" testId="d174d9ab-5f04-f35d-71e6-14ba0870789b" testName="Get_TokenIsNull_BadRequestResult" computerName="DKSR-EFI-06" duration="00:00:00.0009085" startTime="2024-01-09T15:42:48.8259237+01:00" endTime="2024-01-09T15:42:48.8259237+01:00" testType="13cdc9d9-ddb5-4fa4-a97d-d965ccfc6d4b" outcome="Passed" testListId="8c84fa94-04c1-424b-9868-57a2d4851a1d" relativeResultsDirectory="2df17573-68c3-4eea-8a2e-387471b0adc3" />
    <UnitTestResult executionId="49f15ba6-7684-4ac3-b256-0c949278e879" testId="9b800060-f9bd-0d91-1a53-4c60eea3d92c" testName="QueryFeatures_Success_ValidLicenseEmptyWhiteList" computerName="DKSR-EFI-06" duration="00:00:00.0028486" startTime="2024-01-09T15:45:25.7794150+01:00" endTime="2024-01-09T15:45:25.7794150+01:00" testType="13cdc9d9-ddb5-4fa4-a97d-d965ccfc6d4b" outcome="Passed" testListId="8c84fa94-04c1-424b-9868-57a2d4851a1d" relativeResultsDirectory="49f15ba6-7684-4ac3-b256-0c949278e879" />
    <UnitTestResult executionId="731ce4b0-abba-429e-b872-d11e465c5223" testId="de3b1ba6-b022-0826-8809-95b9c90dca9f" testName="HardwareActivatedNotOnWhiteList_ReplacedWithNoInheritance_HardwareOnWhiteList_NoCWAAllowed_NewHardwareInGrace" computerName="DKSR-EFI-06" duration="00:00:00.4933750" startTime="2024-01-09T15:43:52.4510709+01:00" endTime="2024-01-09T15:43:52.9510722+01:00" testType="13cdc9d9-ddb5-4fa4-a97d-d965ccfc6d4b" outcome="Passed" testListId="8c84fa94-04c1-424b-9868-57a2d4851a1d" relativeResultsDirectory="731ce4b0-abba-429e-b872-d11e465c5223" />
    <UnitTestResult executionId="a21f66f7-ef83-42fb-aaa6-806c07130d2d" testId="4c46f4c0-1abc-e7d7-4583-5cd76b35e491" testName="ReleaseClient_ClientIsUnknown_LogMessage" computerName="DKSR-EFI-06" duration="00:00:00.0009859" startTime="2024-01-09T15:46:00.6114721+01:00" endTime="2024-01-09T15:46:00.6114721+01:00" testType="13cdc9d9-ddb5-4fa4-a97d-d965ccfc6d4b" outcome="Passed" testListId="8c84fa94-04c1-424b-9868-57a2d4851a1d" relativeResultsDirectory="a21f66f7-ef83-42fb-aaa6-806c07130d2d" />
    <UnitTestResult executionId="3573d3d8-09b6-4f2e-a2c1-06e51b19159f" testId="997ec17f-7be5-22f4-8e7f-5f6553c6f954" testName="RecorderLicense_FindById_EmptyGuid_Throws_ArgumentException" computerName="DKSR-EFI-06" duration="00:00:00.0007550" startTime="2024-01-09T15:45:33.9981742+01:00" endTime="2024-01-09T15:45:33.9981742+01:00" testType="13cdc9d9-ddb5-4fa4-a97d-d965ccfc6d4b" outcome="Passed" testListId="8c84fa94-04c1-424b-9868-57a2d4851a1d" relativeResultsDirectory="3573d3d8-09b6-4f2e-a2c1-06e51b19159f" />
    <UnitTestResult executionId="723aac80-d5fa-4652-8831-ff72973ef215" testId="917c91b6-467c-6f54-7bd6-727983952c45" testName="FirmwareUpgradeTaskCommandHandler_Execute_Succeeded" computerName="DKSR-EFI-06" duration="00:00:00.0317938" startTime="2024-01-09T15:45:37.9512953+01:00" endTime="2024-01-09T15:45:37.9825430+01:00" testType="13cdc9d9-ddb5-4fa4-a97d-d965ccfc6d4b" outcome="Passed" testListId="8c84fa94-04c1-424b-9868-57a2d4851a1d" relativeResultsDirectory="723aac80-d5fa-4652-8831-ff72973ef215" />
    <UnitTestResult executionId="db132dd5-e693-4942-b211-bf680db06284" testId="8fbc7a88-4418-5963-2c9e-c4c017277a2d" testName="SetHardwareNetworkSettingsCommandHandler_Execute_EmptyHardwareId_ReturnsFailResponse" computerName="DKSR-EFI-06" duration="00:00:00.0004929" startTime="2024-01-09T15:45:43.9358662+01:00" endTime="2024-01-09T15:45:43.9358662+01:00" testType="13cdc9d9-ddb5-4fa4-a97d-d965ccfc6d4b" outcome="Passed" testListId="8c84fa94-04c1-424b-9868-57a2d4851a1d" relativeResultsDirectory="db132dd5-e693-4942-b211-bf680db06284" />
    <UnitTestResult executionId="e7443ec3-6360-4284-ac61-95cc0ee02158" testId="3caa7d05-5fe9-981d-2dde-9ddcd2d59c97" testName="ChannelLicenseCountManager_GetHardwareUsedOnSite_Success" computerName="DKSR-EFI-06" duration="00:00:00.0134127" startTime="2024-01-09T15:44:59.6387539+01:00" endTime="2024-01-09T15:44:59.6543756+01:00" testType="13cdc9d9-ddb5-4fa4-a97d-d965ccfc6d4b" outcome="Passed" testListId="8c84fa94-04c1-424b-9868-57a2d4851a1d" relativeResultsDirectory="e7443ec3-6360-4284-ac61-95cc0ee02158" />
    <UnitTestResult executionId="c6c3ffbf-c672-47e0-b479-ec7d9d860073" testId="b25228d8-5583-8b5c-5dfc-4e2f438ced94" testName="TaskHandling_ProcessUpdateDiffgram_HostingServer" computerName="DKSR-EFI-06" duration="00:00:00.0705106" startTime="2024-01-09T15:43:19.4041704+01:00" endTime="2024-01-09T15:43:19.4822494+01:00" testType="13cdc9d9-ddb5-4fa4-a97d-d965ccfc6d4b" outcome="Passed" testListId="8c84fa94-04c1-424b-9868-57a2d4851a1d" relativeResultsDirectory="c6c3ffbf-c672-47e0-b479-ec7d9d860073" />
    <UnitTestResult executionId="4c4ee4c4-5c10-41d3-b8cc-4efb9434c855" testId="26b06a18-7c73-310d-5067-432622a6994d" testName="AttachedRecorder_TryGetRecorderEntry_NoEntry" computerName="DKSR-EFI-06" duration="00:00:00.0006074" startTime="2024-01-09T15:42:45.3415339+01:00" endTime="2024-01-09T15:42:45.3415339+01:00" testType="13cdc9d9-ddb5-4fa4-a97d-d965ccfc6d4b" outcome="Passed" testListId="8c84fa94-04c1-424b-9868-57a2d4851a1d" relativeResultsDirectory="4c4ee4c4-5c10-41d3-b8cc-4efb9434c855" />
    <UnitTestResult executionId="a6d73719-6ced-4370-bac4-9e097a1a95c9" testId="b192238b-6d2c-4102-fdb5-e531afa62e19" testName="GetHardwareNetworkSettingsCommandHandler_Execute_EmptyHardwareId_ReturnsFailResponse" computerName="DKSR-EFI-06" duration="00:00:00.0005524" startTime="2024-01-09T15:45:38.0762960+01:00" endTime="2024-01-09T15:45:38.0762960+01:00" testType="13cdc9d9-ddb5-4fa4-a97d-d965ccfc6d4b" outcome="Passed" testListId="8c84fa94-04c1-424b-9868-57a2d4851a1d" relativeResultsDirectory="a6d73719-6ced-4370-bac4-9e097a1a95c9" />
    <UnitTestResult executionId="c01b67e4-4edf-4eb4-864d-4aa5d47a0378" testId="3e38b4f6-2dac-31b3-166f-c8bc13b4eea7" testName="TemporaryLicenseStorage_SetData_Old_Empty_Success" computerName="DKSR-EFI-06" duration="00:00:00.0010255" startTime="2024-01-09T15:45:34.2325478+01:00" endTime="2024-01-09T15:45:34.2325478+01:00" testType="13cdc9d9-ddb5-4fa4-a97d-d965ccfc6d4b" outcome="Passed" testListId="8c84fa94-04c1-424b-9868-57a2d4851a1d" relativeResultsDirectory="c01b67e4-4edf-4eb4-864d-4aa5d47a0378" />
    <UnitTestResult executionId="eba54b53-6519-4437-bc96-f0377fd70a18" testId="214f301d-5456-578f-878e-6cb88da187c1" testName="ProcessConfigurationChangeTasks_InsertInsertInsert_Batched" computerName="DKSR-EFI-06" duration="00:00:00.1681418" startTime="2024-01-09T15:43:11.7166072+01:00" endTime="2024-01-09T15:43:11.8884811+01:00" testType="13cdc9d9-ddb5-4fa4-a97d-d965ccfc6d4b" outcome="Passed" testListId="8c84fa94-04c1-424b-9868-57a2d4851a1d" relativeResultsDirectory="eba54b53-6519-4437-bc96-f0377fd70a18" />
    <UnitTestResult executionId="792913dc-c33a-448d-a838-ce572ba4ebc6" testId="d7c85921-f6b2-47f3-a1fc-3cb3d85f1761" testName="HardwareActivatedNotOnWhiteList_ReplacedWithNoInheritance_HardwareOnWhiteList_CWAAllowed_NewHardwareInCWA" computerName="DKSR-EFI-06" duration="00:00:00.2324272" startTime="2024-01-09T15:43:53.4354498+01:00" endTime="2024-01-09T15:43:53.6698244+01:00" testType="13cdc9d9-ddb5-4fa4-a97d-d965ccfc6d4b" outcome="Passed" testListId="8c84fa94-04c1-424b-9868-57a2d4851a1d" relativeResultsDirectory="792913dc-c33a-448d-a838-ce572ba4ebc6" />
    <UnitTestResult executionId="22eaa3aa-3112-4b26-8968-6906328da3b5" testId="bdafc501-b6fd-abf9-2e0d-784f8e7c938c" testName="ReplaceHardwareTaskCommandHandler_DeviceMapper_TooManyDevices_NotAllowDeletingDisabled_Test" computerName="DKSR-EFI-06" duration="00:00:00.0179926" startTime="2024-01-09T15:45:43.8420876+01:00" endTime="2024-01-09T15:45:43.8733460+01:00" testType="13cdc9d9-ddb5-4fa4-a97d-d965ccfc6d4b" outcome="Passed" testListId="8c84fa94-04c1-424b-9868-57a2d4851a1d" relativeResultsDirectory="22eaa3aa-3112-4b26-8968-6906328da3b5" />
    <UnitTestResult executionId="ae675cff-9f58-44c6-b9b6-ba9ff64d9394" testId="0bc2cc52-980c-a75a-9eb4-2ea598b58d97" testName="TwoHardware_SameMacAddress_DifferentRecordingServers_BothICPAndNonICP_VaryingFeedsOnEach_CountsAreCorrect" computerName="DKSR-EFI-06" duration="00:00:00.3154937" startTime="2024-01-09T15:45:32.8575430+01:00" endTime="2024-01-09T15:45:33.1700447+01:00" testType="13cdc9d9-ddb5-4fa4-a97d-d965ccfc6d4b" outcome="Passed" testListId="8c84fa94-04c1-424b-9868-57a2d4851a1d" relativeResultsDirectory="ae675cff-9f58-44c6-b9b6-ba9ff64d9394" />
    <UnitTestResult executionId="d5092ded-8aa0-42f4-a9ce-4cb8537ce43c" testId="2425ff1f-83c9-5b42-2eb7-4223c7e8e9eb" testName="HardwareInCWAOnWhiteList_ReplacedWithInheritance_HardwareOnWhiteList_MixedCWAAllowed_MoreChannelsOnReplacedHardware_NewHardwareInCWA" computerName="DKSR-EFI-06" duration="00:00:00.3205956" startTime="2024-01-09T15:44:21.9355542+01:00" endTime="2024-01-09T15:44:22.2636808+01:00" testType="13cdc9d9-ddb5-4fa4-a97d-d965ccfc6d4b" outcome="Passed" testListId="8c84fa94-04c1-424b-9868-57a2d4851a1d" relativeResultsDirectory="d5092ded-8aa0-42f4-a9ce-4cb8537ce43c" />
    <UnitTestResult executionId="85a2b462-4ba8-419a-8a15-4ce8ae18521c" testId="97d36a8b-c673-fa27-96f4-52bb6df3dd6e" testName="GenerateLicenseRequestAsXml_DeviceChannelCountInXml_MultiLicenseCountWithEmptyWhitelist" computerName="DKSR-EFI-06" duration="00:00:00.7179351" startTime="2024-01-09T15:45:31.0137926+01:00" endTime="2024-01-09T15:45:31.7325439+01:00" testType="13cdc9d9-ddb5-4fa4-a97d-d965ccfc6d4b" outcome="Passed" testListId="8c84fa94-04c1-424b-9868-57a2d4851a1d" relativeResultsDirectory="85a2b462-4ba8-419a-8a15-4ce8ae18521c" />
    <UnitTestResult executionId="c99bcea1-8a55-4f86-998d-1e5f51630a35" testId="bdec05a5-07fb-4820-dc28-26dda82fd8ee" testName="ServerAccessTokenHandler_PopulateAuthorizationHeaderAsync_Success" computerName="DKSR-EFI-06" duration="00:00:00.1549872" startTime="2024-01-09T15:43:42.3104193+01:00" endTime="2024-01-09T15:43:42.4510411+01:00" testType="13cdc9d9-ddb5-4fa4-a97d-d965ccfc6d4b" outcome="Passed" testListId="8c84fa94-04c1-424b-9868-57a2d4851a1d" relativeResultsDirectory="c99bcea1-8a55-4f86-998d-1e5f51630a35" />
    <UnitTestResult executionId="de3fa429-786b-4a24-9e19-bcd018e946ce" testId="19c2411d-a7ea-3029-7b81-cde9f3216bb1" testName="HardwareInCWANotOnWhiteList_WithChannels_ReplacedWith_HardwareNotOnWhiteList_ZeroChannels_CWAAllowed_NewHardwareInCWA" computerName="DKSR-EFI-06" duration="00:00:00.3352286" startTime="2024-01-09T15:44:24.0293068+01:00" endTime="2024-01-09T15:44:24.3730578+01:00" testType="13cdc9d9-ddb5-4fa4-a97d-d965ccfc6d4b" outcome="Passed" testListId="8c84fa94-04c1-424b-9868-57a2d4851a1d" relativeResultsDirectory="de3fa429-786b-4a24-9e19-bcd018e946ce" />
    <UnitTestResult executionId="83470442-abae-44dc-8854-d90679b6e4aa" testId="6fc1fa58-60f8-6102-c7c1-92b3af0e5422" testName="ActivatedHardwareNotOnWhiteListWith1Camera_ReplacedWith_HardwareNotOnWhiteListWith10Cameras_ShouldPutDevicesInCWA" computerName="DKSR-EFI-06" duration="00:00:00.1571929" startTime="2024-01-09T15:44:52.2793588+01:00" endTime="2024-01-09T15:44:52.4356078+01:00" testType="13cdc9d9-ddb5-4fa4-a97d-d965ccfc6d4b" outcome="Passed" testListId="8c84fa94-04c1-424b-9868-57a2d4851a1d" relativeResultsDirectory="83470442-abae-44dc-8854-d90679b6e4aa" />
    <UnitTestResult executionId="e2186d2d-0218-44e7-a98a-0aff98ffa754" testId="b916ec91-a230-2e5e-2f2a-8cf3fad793e9" testName="ConfigurationDataSetLoader_GetLicenseByLicenseId_Success" computerName="DKSR-EFI-06" duration="00:00:00.0031285" startTime="2024-01-09T15:45:34.3106734+01:00" endTime="2024-01-09T15:45:34.3106734+01:00" testType="13cdc9d9-ddb5-4fa4-a97d-d965ccfc6d4b" outcome="Passed" testListId="8c84fa94-04c1-424b-9868-57a2d4851a1d" relativeResultsDirectory="e2186d2d-0218-44e7-a98a-0aff98ffa754" />
    <UnitTestResult executionId="599020cc-8488-4d37-aca7-ae1dfc9a43c6" testId="ed482cb0-3892-d1f5-452c-21b3ce871889" testName="RecorderLicense_FindByRecorder_Returns_Null" computerName="DKSR-EFI-06" duration="00:00:00.0003928" startTime="2024-01-09T15:45:33.9825448+01:00" endTime="2024-01-09T15:45:33.9825448+01:00" testType="13cdc9d9-ddb5-4fa4-a97d-d965ccfc6d4b" outcome="Passed" testListId="8c84fa94-04c1-424b-9868-57a2d4851a1d" relativeResultsDirectory="599020cc-8488-4d37-aca7-ae1dfc9a43c6" />
    <UnitTestResult executionId="ccd9f4b7-caad-4eac-b535-bc5efa753b88" testId="ba4d0b9c-16c8-4e97-7a27-5de87c475a55" testName="Start_OutOfRange_ThrowsArgumentOutOfRangeException" computerName="DKSR-EFI-06" duration="00:00:00.0104465" startTime="2024-01-09T15:43:42.9510436+01:00" endTime="2024-01-09T15:43:42.9510436+01:00" testType="13cdc9d9-ddb5-4fa4-a97d-d965ccfc6d4b" outcome="Passed" testListId="8c84fa94-04c1-424b-9868-57a2d4851a1d" relativeResultsDirectory="ccd9f4b7-caad-4eac-b535-bc5efa753b88" />
    <UnitTestResult executionId="c16e82c0-80fe-463a-a11d-7847ddd619cf" testId="b20280df-57e1-0c4a-9eea-dd5ebed1a7b2" testName="Validate_FirstGraceExpireShown_WithWhiteListedAndNonWhitelistedHardwareOnly_Success" computerName="DKSR-EFI-06" duration="00:00:00.1537741" startTime="2024-01-09T15:45:02.4981188+01:00" endTime="2024-01-09T15:45:02.6543702+01:00" testType="13cdc9d9-ddb5-4fa4-a97d-d965ccfc6d4b" outcome="Passed" testListId="8c84fa94-04c1-424b-9868-57a2d4851a1d" relativeResultsDirectory="c16e82c0-80fe-463a-a11d-7847ddd619cf" />
    <UnitTestResult executionId="bc596e98-876b-4b7e-9e34-9fd779eae6ce" testId="65b8b03a-1cd6-d41b-951d-7ff48ede72f3" testName="HardwareInCWANotOnWhiteList_ReplacedWithNoInheritance_HardwareNotOnWhiteList_NoMoreCWAAllowed_NewDevicesInGrace" computerName="DKSR-EFI-06" duration="00:00:00.3962706" startTime="2024-01-09T15:43:59.6854717+01:00" endTime="2024-01-09T15:44:00.0760978+01:00" testType="13cdc9d9-ddb5-4fa4-a97d-d965ccfc6d4b" outcome="Passed" testListId="8c84fa94-04c1-424b-9868-57a2d4851a1d" relativeResultsDirectory="bc596e98-876b-4b7e-9e34-9fd779eae6ce" />
    <UnitTestResult executionId="0c97d6e2-45c9-4cc5-bec3-864fc8567a09" testId="3f288f9b-fb2a-088e-d62e-186febe1e41e" testName="HardwareInCWAOnWhiteList_ReplacedWithNoInheritance_HardwareNotOnWhiteList_MixedCWAAllowed_MoreChannelsOnReplacedHardware_SomeDevicesInCWA" computerName="DKSR-EFI-06" duration="00:00:00.2211930" startTime="2024-01-09T15:44:18.8418020+01:00" endTime="2024-01-09T15:44:19.0761781+01:00" testType="13cdc9d9-ddb5-4fa4-a97d-d965ccfc6d4b" outcome="Passed" testListId="8c84fa94-04c1-424b-9868-57a2d4851a1d" relativeResultsDirectory="0c97d6e2-45c9-4cc5-bec3-864fc8567a09" />
    <UnitTestResult executionId="1759b5cd-e3c0-4880-8ebe-6b825ffca83d" testId="490158db-e4f2-7ffd-c385-cb70228663b5" testName="UpdateHardwareTaskCommandHandler_Execute_Unchanged_Tests" computerName="DKSR-EFI-06" duration="00:00:00.0373823" startTime="2024-01-09T15:45:59.6892427+01:00" endTime="2024-01-09T15:45:59.7205060+01:00" testType="13cdc9d9-ddb5-4fa4-a97d-d965ccfc6d4b" outcome="Passed" testListId="8c84fa94-04c1-424b-9868-57a2d4851a1d" relativeResultsDirectory="1759b5cd-e3c0-4880-8ebe-6b825ffca83d" />
    <UnitTestResult executionId="0d2d74a6-c0d6-4f7c-b63b-ad34976a1491" testId="0bf4a15d-d39a-a458-74c3-f982f50b20bc" testName="DeleteIdpUserTaskCommandHandlerTests_Execute_Arguments_Null_Throws" computerName="DKSR-EFI-06" duration="00:00:00.0079315" startTime="2024-01-09T15:45:36.9044207+01:00" endTime="2024-01-09T15:45:36.9200474+01:00" testType="13cdc9d9-ddb5-4fa4-a97d-d965ccfc6d4b" outcome="Passed" testListId="8c84fa94-04c1-424b-9868-57a2d4851a1d" relativeResultsDirectory="0d2d74a6-c0d6-4f7c-b63b-ad34976a1491">
      <Output>
        <StdOut>Debug Trace:&#xD;
Fail: Command/Command handler type mismatch&#xD;
Fail: The command handler expect an object that implements ICallContextInfo in the state parameter&#xD;
Fail: The command handler expect an object that implements IResponseSink in the responseSink parameter</StdOut>
      </Output>
    </UnitTestResult>
    <UnitTestResult executionId="7c6840d8-0a04-4c23-bcf2-117187b22d88" testId="acc907e0-eedb-13b3-9540-f00a85570944" testName="UpdateDriver_ModelIsNull_BadRequestResult" computerName="DKSR-EFI-06" duration="00:00:00.0008545" startTime="2024-01-09T15:42:48.5134195+01:00" endTime="2024-01-09T15:42:48.5134195+01:00" testType="13cdc9d9-ddb5-4fa4-a97d-d965ccfc6d4b" outcome="Passed" testListId="8c84fa94-04c1-424b-9868-57a2d4851a1d" relativeResultsDirectory="7c6840d8-0a04-4c23-bcf2-117187b22d88" />
    <UnitTestResult executionId="0a4c4809-d71f-4b09-9fb0-42455f870e23" testId="9965772e-c48b-1cb5-0c7b-4b16bf997c70" testName="FirmwareUpgradeTaskCommandHandler_Execute_Failed_NoResponse" computerName="DKSR-EFI-06" duration="00:00:00.0020048" startTime="2024-01-09T15:45:37.9981689+01:00" endTime="2024-01-09T15:45:37.9981689+01:00" testType="13cdc9d9-ddb5-4fa4-a97d-d965ccfc6d4b" outcome="Passed" testListId="8c84fa94-04c1-424b-9868-57a2d4851a1d" relativeResultsDirectory="0a4c4809-d71f-4b09-9fb0-42455f870e23" />
    <UnitTestResult executionId="3816ef33-6b64-4bda-883b-93d27361f66a" testId="fd9025a8-52cf-f193-614f-39981499d049" testName="LicenseCountManager_CameraFeed_IsCameraFeedLicensed_Success" computerName="DKSR-EFI-06" duration="00:00:00.0025128" startTime="2024-01-09T15:45:00.2481302+01:00" endTime="2024-01-09T15:45:00.2637569+01:00" testType="13cdc9d9-ddb5-4fa4-a97d-d965ccfc6d4b" outcome="Passed" testListId="8c84fa94-04c1-424b-9868-57a2d4851a1d" relativeResultsDirectory="3816ef33-6b64-4bda-883b-93d27361f66a" />
    <UnitTestResult executionId="0053d68c-2c12-4385-9678-2638461279d4" testId="19e0065c-08a7-5ba5-ca84-780ca3448b65" testName="AttachedRecorder_UnRegisterByServiceId_Success" computerName="DKSR-EFI-06" duration="00:00:00.0009161" startTime="2024-01-09T15:42:45.3102834+01:00" endTime="2024-01-09T15:42:45.3102834+01:00" testType="13cdc9d9-ddb5-4fa4-a97d-d965ccfc6d4b" outcome="Passed" testListId="8c84fa94-04c1-424b-9868-57a2d4851a1d" relativeResultsDirectory="0053d68c-2c12-4385-9678-2638461279d4" />
    <UnitTestResult executionId="c7d983a5-ff32-4dc5-9451-0de380e178b4" testId="b64882b3-19e4-9ecc-6883-3b3c764a650b" testName="ChangeHardwarePasswordRuleAction_Execute_TaskBuilderConstructionThrows_NoCompletedEventTriggered" computerName="DKSR-EFI-06" duration="00:00:10.2660505" startTime="2024-01-09T15:43:31.8572523+01:00" endTime="2024-01-09T15:43:42.1229148+01:00" testType="13cdc9d9-ddb5-4fa4-a97d-d965ccfc6d4b" outcome="Passed" testListId="8c84fa94-04c1-424b-9868-57a2d4851a1d" relativeResultsDirectory="c7d983a5-ff32-4dc5-9451-0de380e178b4" />
    <UnitTestResult executionId="20e195a1-fb5d-4e45-a534-45eaa8c11215" testId="46bf9e98-581b-ed21-4068-ec39f8188b91" testName="TemporaryLicense_HasCurrentYearToken_LicenseYearInferiorThanDateActivated" computerName="DKSR-EFI-06" duration="00:00:00.0006467" startTime="2024-01-09T15:43:51.1229423+01:00" endTime="2024-01-09T15:43:51.1229423+01:00" testType="13cdc9d9-ddb5-4fa4-a97d-d965ccfc6d4b" outcome="Passed" testListId="8c84fa94-04c1-424b-9868-57a2d4851a1d" relativeResultsDirectory="20e195a1-fb5d-4e45-a534-45eaa8c11215" />
    <UnitTestResult executionId="c2fc1066-444f-4178-99c4-62df68387198" testId="4b5a68b1-c763-49c2-6558-f2ba8573701b" testName="ValidateLicenseCounts_ValidateWhitelistVersion_WithEmptyWhiteList" computerName="DKSR-EFI-06" duration="00:00:00.1386298" startTime="2024-01-09T15:45:29.6387959+01:00" endTime="2024-01-09T15:45:29.7794172+01:00" testType="13cdc9d9-ddb5-4fa4-a97d-d965ccfc6d4b" outcome="Passed" testListId="8c84fa94-04c1-424b-9868-57a2d4851a1d" relativeResultsDirectory="c2fc1066-444f-4178-99c4-62df68387198" />
    <UnitTestResult executionId="e814e14d-a05f-4dc1-8e5c-bdcde355c9cd" testId="721a980b-3230-2a7a-66fb-73a2861007c3" testName="Start_IdpClientReturnsOneLog_SequencesIsUpdatedWithId" computerName="DKSR-EFI-06" duration="00:00:00.0145476" startTime="2024-01-09T15:43:43.1541691+01:00" endTime="2024-01-09T15:43:43.1697939+01:00" testType="13cdc9d9-ddb5-4fa4-a97d-d965ccfc6d4b" outcome="Passed" testListId="8c84fa94-04c1-424b-9868-57a2d4851a1d" relativeResultsDirectory="e814e14d-a05f-4dc1-8e5c-bdcde355c9cd" />
    <UnitTestResult executionId="66013ff1-7db1-4b26-a777-2cc4182565ee" testId="fc08aca4-7adf-3c9b-7a36-f0888daf70b8" testName="NewActivationQueued_InAdvance_OnFailedActivation" computerName="DKSR-EFI-06" duration="00:00:00.0006122" startTime="2024-01-09T15:43:43.4041691+01:00" endTime="2024-01-09T15:43:43.4041691+01:00" testType="13cdc9d9-ddb5-4fa4-a97d-d965ccfc6d4b" outcome="Passed" testListId="8c84fa94-04c1-424b-9868-57a2d4851a1d" relativeResultsDirectory="66013ff1-7db1-4b26-a777-2cc4182565ee" />
    <UnitTestResult executionId="d385ec91-bb0f-45ec-981e-0a43461bd81d" testId="4c7357cc-be8e-bdef-df5e-585b37d708fa" testName="UpdateLicense_Valid_License_Success" computerName="DKSR-EFI-06" duration="00:00:00.0584905" startTime="2024-01-09T15:45:09.2950062+01:00" endTime="2024-01-09T15:45:09.3575074+01:00" testType="13cdc9d9-ddb5-4fa4-a97d-d965ccfc6d4b" outcome="Passed" testListId="8c84fa94-04c1-424b-9868-57a2d4851a1d" relativeResultsDirectory="d385ec91-bb0f-45ec-981e-0a43461bd81d" />
    <UnitTestResult executionId="d31dd4db-4a79-4feb-9a9a-a39e6f937fb2" testId="6922d059-f036-7ed8-9a45-1c7d4b784274" testName="AllocateLicenses_NotActivated_OneUnlicensed_AddHardwareLicenseAndEnableCamera_DeviceRemovedFromCWA_CameraInChangesWithoutActivation" computerName="DKSR-EFI-06" duration="00:00:00.0664807" startTime="2024-01-09T15:44:32.5449367+01:00" endTime="2024-01-09T15:44:32.6074353+01:00" testType="13cdc9d9-ddb5-4fa4-a97d-d965ccfc6d4b" outcome="Passed" testListId="8c84fa94-04c1-424b-9868-57a2d4851a1d" relativeResultsDirectory="d31dd4db-4a79-4feb-9a9a-a39e6f937fb2" />
    <UnitTestResult executionId="a516fee7-b421-489d-8399-0612f3467ec5" testId="38ca6103-72ab-8c78-9edf-28931b86d13c" testName="EvidenceLockOnOldRecorderCommandHandlerTests_OldRec_RetryOnFailResponse_ConfigDelete" computerName="DKSR-EFI-06" duration="00:00:00.0228519" startTime="2024-01-09T15:45:37.8887940+01:00" endTime="2024-01-09T15:45:37.9044194+01:00" testType="13cdc9d9-ddb5-4fa4-a97d-d965ccfc6d4b" outcome="Passed" testListId="8c84fa94-04c1-424b-9868-57a2d4851a1d" relativeResultsDirectory="a516fee7-b421-489d-8399-0612f3467ec5" />
    <UnitTestResult executionId="95346769-66dd-4bf8-b5db-a66b9a6e6105" testId="13dde9b8-bbe7-671f-4c15-4cc07813093b" testName="ExecuteRuleActionCommand_ModelIsValid_CommandExecuted" computerName="DKSR-EFI-06" duration="00:00:00.0111012" startTime="2024-01-09T15:42:47.9977908+01:00" endTime="2024-01-09T15:42:47.9977908+01:00" testType="13cdc9d9-ddb5-4fa4-a97d-d965ccfc6d4b" outcome="Passed" testListId="8c84fa94-04c1-424b-9868-57a2d4851a1d" relativeResultsDirectory="95346769-66dd-4bf8-b5db-a66b9a6e6105" />
    <UnitTestResult executionId="f757fa73-c3c4-43f6-85ed-a8637aca89e3" testId="7978f97c-bec6-8028-3064-2cf03c413372" testName="ProcessConfigurationChangeTasks_UpdateUpdateInsert_Updates_Batched" computerName="DKSR-EFI-06" duration="00:00:00.0504045" startTime="2024-01-09T15:43:12.1384858+01:00" endTime="2024-01-09T15:43:12.1853581+01:00" testType="13cdc9d9-ddb5-4fa4-a97d-d965ccfc6d4b" outcome="Passed" testListId="8c84fa94-04c1-424b-9868-57a2d4851a1d" relativeResultsDirectory="f757fa73-c3c4-43f6-85ed-a8637aca89e3" />
    <UnitTestResult executionId="9cb12d90-38ec-457b-a294-7857569c22c3" testId="2dec243a-efa5-1ca3-680b-6e69418d9fb9" testName="DeviceLicense_AddNew_IsUpdated_RetrieveAsList_Success" computerName="DKSR-EFI-06" duration="00:00:00.0015419" startTime="2024-01-09T15:45:34.1075450+01:00" endTime="2024-01-09T15:45:34.1075450+01:00" testType="13cdc9d9-ddb5-4fa4-a97d-d965ccfc6d4b" outcome="Passed" testListId="8c84fa94-04c1-424b-9868-57a2d4851a1d" relativeResultsDirectory="9cb12d90-38ec-457b-a294-7857569c22c3" />
    <UnitTestResult executionId="a96d6fb4-b9e6-45d6-8919-15331112eb8e" testId="675e73d1-3945-adc3-d391-6ec467a90be9" testName="ChannelLicenseCountManager_CameraFeed_GetCameraFeedsUsed_Success" computerName="DKSR-EFI-06" duration="00:00:00.1448549" startTime="2024-01-09T15:44:59.7168787+01:00" endTime="2024-01-09T15:44:59.8575051+01:00" testType="13cdc9d9-ddb5-4fa4-a97d-d965ccfc6d4b" outcome="Passed" testListId="8c84fa94-04c1-424b-9868-57a2d4851a1d" relativeResultsDirectory="a96d6fb4-b9e6-45d6-8919-15331112eb8e" />
    <UnitTestResult executionId="ac84a1d9-87cf-4b06-b67b-ab716c510505" testId="669eb9d8-e093-cf6e-6fa3-2bfc9b5957f4" testName="ChangeHardwarePasswordRuleAction_Execute_SunnyDay_DisposeIsCalled" computerName="DKSR-EFI-06" duration="00:00:00.0191045" startTime="2024-01-09T15:43:19.9666271+01:00" endTime="2024-01-09T15:43:19.9822455+01:00" testType="13cdc9d9-ddb5-4fa4-a97d-d965ccfc6d4b" outcome="Passed" testListId="8c84fa94-04c1-424b-9868-57a2d4851a1d" relativeResultsDirectory="ac84a1d9-87cf-4b06-b67b-ab716c510505" />
    <UnitTestResult executionId="4da94b7d-6ac4-4d6b-a0bf-4c7d796a1ed5" testId="bdd2922d-084a-f7c1-33c0-95be80f9e839" testName="AllocateLicense_5Available_OneHardware_AlreadyLicensedInLicFile_InsufficientCameraCountInLicenseFileForHardwareCameraFeeds_1InChangesWithoutActivation_IncrementEnabledCameras" computerName="DKSR-EFI-06" duration="00:00:00.4262074" startTime="2024-01-09T15:44:35.7011867+01:00" endTime="2024-01-09T15:44:36.1230609+01:00" testType="13cdc9d9-ddb5-4fa4-a97d-d965ccfc6d4b" outcome="Passed" testListId="8c84fa94-04c1-424b-9868-57a2d4851a1d" relativeResultsDirectory="4da94b7d-6ac4-4d6b-a0bf-4c7d796a1ed5" />
    <UnitTestResult executionId="1c9f2738-6eaf-49ba-9713-640fea9a2a76" testId="a4a149a8-4b4a-7cbd-bc8b-aa80ce0e7681" testName="GetRecorderLicense_AddsHardwareToReplacementLimit_OnDisabledHardwarePreviouslyinReplacementLimit" computerName="DKSR-EFI-06" duration="00:00:00.0099084" startTime="2024-01-09T15:45:09.5293832+01:00" endTime="2024-01-09T15:45:09.5450096+01:00" testType="13cdc9d9-ddb5-4fa4-a97d-d965ccfc6d4b" outcome="Passed" testListId="8c84fa94-04c1-424b-9868-57a2d4851a1d" relativeResultsDirectory="1c9f2738-6eaf-49ba-9713-640fea9a2a76" />
    <UnitTestResult executionId="4b1ef701-3c59-4463-b42f-73923663ae91" testId="26a26b26-1ddc-2f15-864f-2bd9398b0113" testName="EvidenceLockOnOldRecorderCommandHandlerTests_OldRecV1_ConfigDelete1Row_FailSendComd" computerName="DKSR-EFI-06" duration="00:00:00.0668141" startTime="2024-01-09T15:45:37.4512980+01:00" endTime="2024-01-09T15:45:37.5294177+01:00" testType="13cdc9d9-ddb5-4fa4-a97d-d965ccfc6d4b" outcome="Passed" testListId="8c84fa94-04c1-424b-9868-57a2d4851a1d" relativeResultsDirectory="4b1ef701-3c59-4463-b42f-73923663ae91" />
    <UnitTestResult executionId="789e0ead-34db-407a-ad9a-a0a4464b2665" testId="360a5b69-84c6-d741-05e8-229f4567bfb3" testName="TemporaryLicenseStorage_FindDevicesWithPreviousYearTokens_ReturnsDevicesWithPreviousYearTokens" computerName="DKSR-EFI-06" duration="00:00:00.0026838" startTime="2024-01-09T15:45:34.2325478+01:00" endTime="2024-01-09T15:45:34.2481683+01:00" testType="13cdc9d9-ddb5-4fa4-a97d-d965ccfc6d4b" outcome="Passed" testListId="8c84fa94-04c1-424b-9868-57a2d4851a1d" relativeResultsDirectory="789e0ead-34db-407a-ad9a-a0a4464b2665" />
    <UnitTestResult executionId="8ae1729c-327a-41ba-8220-ee561ef19b3f" testId="6c14b312-87d2-7128-927b-4805632e98ea" testName="MessageManagerResponseCollector_GetNextResponse_SuccessResponse_Async" computerName="DKSR-EFI-06" duration="00:00:00.1029653" startTime="2024-01-09T15:42:45.1696579+01:00" endTime="2024-01-09T15:42:45.2790345+01:00" testType="13cdc9d9-ddb5-4fa4-a97d-d965ccfc6d4b" outcome="Passed" testListId="8c84fa94-04c1-424b-9868-57a2d4851a1d" relativeResultsDirectory="8ae1729c-327a-41ba-8220-ee561ef19b3f" />
    <UnitTestResult executionId="fb8d2b52-6d86-424c-82c7-158c6863ce24" testId="83748689-d3e8-87b9-8e2a-e56e2297976e" testName="HardwareScanTaskCommandHandler_Constructor_Arguments_Null_Throws" computerName="DKSR-EFI-06" duration="00:00:00.0048332" startTime="2024-01-09T15:45:38.3887937+01:00" endTime="2024-01-09T15:45:38.3887937+01:00" testType="13cdc9d9-ddb5-4fa4-a97d-d965ccfc6d4b" outcome="Passed" testListId="8c84fa94-04c1-424b-9868-57a2d4851a1d" relativeResultsDirectory="fb8d2b52-6d86-424c-82c7-158c6863ce24">
      <Output>
        <StdOut>Debug Trace:&#xD;
Fail: Argument null</StdOut>
      </Output>
    </UnitTestResult>
    <UnitTestResult executionId="ce5fc283-6037-499e-aea8-6c385ac9af07" testId="ce5982ee-353b-a8b3-e64f-f6b862591864" testName="HardwareActivatedOnWhiteList_ReplacedWithNoInheritance_HardwareOnWhiteList_NoCWAAllowed_NewHardwareInGrace" computerName="DKSR-EFI-06" duration="00:00:00.1785278" startTime="2024-01-09T15:43:52.9510722+01:00" endTime="2024-01-09T15:43:53.1385762+01:00" testType="13cdc9d9-ddb5-4fa4-a97d-d965ccfc6d4b" outcome="Passed" testListId="8c84fa94-04c1-424b-9868-57a2d4851a1d" relativeResultsDirectory="ce5fc283-6037-499e-aea8-6c385ac9af07" />
    <UnitTestResult executionId="4605a88e-29f9-454f-b424-d9d93bde4ce5" testId="9f25d0fb-dd27-3a2c-c779-70cce521aa65" testName="DeviceDataDistributionManager_CleanupAll_DeleteFromDbThrowsGenericSqlException_Handled" computerName="DKSR-EFI-06" duration="00:00:00.0011058" startTime="2024-01-09T15:42:44.4509061+01:00" endTime="2024-01-09T15:42:44.4509061+01:00" testType="13cdc9d9-ddb5-4fa4-a97d-d965ccfc6d4b" outcome="Passed" testListId="8c84fa94-04c1-424b-9868-57a2d4851a1d" relativeResultsDirectory="4605a88e-29f9-454f-b424-d9d93bde4ce5" />
    <UnitTestResult executionId="458ea333-cb5b-4b7c-ad6b-c0148eb4062c" testId="12c1febd-365e-e38e-337b-29b6941fe508" testName="UpdateHardwareTaskCommandHandler_Apply_Exception_Tests" computerName="DKSR-EFI-06" duration="00:00:00.0479061" startTime="2024-01-09T15:45:59.9080807+01:00" endTime="2024-01-09T15:45:59.9549733+01:00" testType="13cdc9d9-ddb5-4fa4-a97d-d965ccfc6d4b" outcome="Passed" testListId="8c84fa94-04c1-424b-9868-57a2d4851a1d" relativeResultsDirectory="458ea333-cb5b-4b7c-ad6b-c0148eb4062c" />
    <UnitTestResult executionId="9725cc1b-b7ca-44e1-9ff3-0f93a9977719" testId="661f631a-85a7-065b-6ac4-6862fc678c2b" testName="AllocateLicenses_NotActivated_TwoDevice_SixCameraChannels_NotEnoughLicensesForDevicesInGracePeriod" computerName="DKSR-EFI-06" duration="00:00:00.1322704" startTime="2024-01-09T15:44:30.2011864+01:00" endTime="2024-01-09T15:44:30.3418103+01:00" testType="13cdc9d9-ddb5-4fa4-a97d-d965ccfc6d4b" outcome="Passed" testListId="8c84fa94-04c1-424b-9868-57a2d4851a1d" relativeResultsDirectory="9725cc1b-b7ca-44e1-9ff3-0f93a9977719" />
    <UnitTestResult executionId="8ded3d32-c4e2-421c-9e40-751d49c942c1" testId="a713d85e-4be9-e408-9b6e-5babcb270474" testName="EventCollectorConstructor_Success" computerName="DKSR-EFI-06" duration="00:00:00.0296189" startTime="2024-01-09T15:42:44.4665295+01:00" endTime="2024-01-09T15:42:44.4977809+01:00" testType="13cdc9d9-ddb5-4fa4-a97d-d965ccfc6d4b" outcome="Passed" testListId="8c84fa94-04c1-424b-9868-57a2d4851a1d" relativeResultsDirectory="8ded3d32-c4e2-421c-9e40-751d49c942c1" />
    <UnitTestResult executionId="fcd8e558-4944-40c2-8610-cc952305f8fd" testId="6201ea97-2bf0-08d4-044e-b1f01d26de68" testName="CreateLicenseRequest_ThrowsNotSupportedException_OnNullDocument" computerName="DKSR-EFI-06" duration="00:00:00.0025735" startTime="2024-01-09T15:45:13.7168899+01:00" endTime="2024-01-09T15:45:13.7168899+01:00" testType="13cdc9d9-ddb5-4fa4-a97d-d965ccfc6d4b" outcome="Passed" testListId="8c84fa94-04c1-424b-9868-57a2d4851a1d" relativeResultsDirectory="fcd8e558-4944-40c2-8610-cc952305f8fd" />
    <UnitTestResult executionId="15a4dcdd-09ff-4555-a71b-530452a8ca88" testId="acb6857a-df3d-396c-fed4-7d888e4fed76" testName="ChannelLicenseCountManager_UpdateCameraFeedLicensedValue_NullHardwareInfo_ThrowsArgumentNullException" computerName="DKSR-EFI-06" duration="00:00:00.0011318" startTime="2024-01-09T15:44:59.6700032+01:00" endTime="2024-01-09T15:44:59.6700032+01:00" testType="13cdc9d9-ddb5-4fa4-a97d-d965ccfc6d4b" outcome="Passed" testListId="8c84fa94-04c1-424b-9868-57a2d4851a1d" relativeResultsDirectory="15a4dcdd-09ff-4555-a71b-530452a8ca88" />
    <UnitTestResult executionId="67ed37c5-0f15-49d7-a5b0-78a001d6f653" testId="75d2b5a5-01b3-26a2-2d8d-99f4e8785b1f" testName="EvidenceLockOnOldRecorderCommandHandlerTests_OldRecV1_ConfigDelete1RowEdge_NoDistribution" computerName="DKSR-EFI-06" duration="00:00:00.0196077" startTime="2024-01-09T15:45:37.3419225+01:00" endTime="2024-01-09T15:45:37.3575461+01:00" testType="13cdc9d9-ddb5-4fa4-a97d-d965ccfc6d4b" outcome="Passed" testListId="8c84fa94-04c1-424b-9868-57a2d4851a1d" relativeResultsDirectory="67ed37c5-0f15-49d7-a5b0-78a001d6f653" />
    <UnitTestResult executionId="596aefb8-ddfc-46e5-9ffb-06713c2b9187" testId="2a0bb754-1adc-0aaf-66d0-16790f8a4d2c" testName="EvidenceLockOnOldRecorderCommandHandlerTests_OldRec_TaskAndSecurity" computerName="DKSR-EFI-06" duration="00:00:00.0249773" startTime="2024-01-09T15:45:37.0606701+01:00" endTime="2024-01-09T15:45:37.0922259+01:00" testType="13cdc9d9-ddb5-4fa4-a97d-d965ccfc6d4b" outcome="Passed" testListId="8c84fa94-04c1-424b-9868-57a2d4851a1d" relativeResultsDirectory="596aefb8-ddfc-46e5-9ffb-06713c2b9187" />
    <UnitTestResult executionId="026cf28c-8696-4846-97f3-9753fc753468" testId="acb4bb26-3062-bb40-2bd0-e38dd727f035" testName="CheckConfigurationDataSetTest_StreamsNotLicensedPass2" computerName="DKSR-EFI-06" duration="00:00:00.0026106" startTime="2024-01-09T15:45:00.4512574+01:00" endTime="2024-01-09T15:45:00.4512574+01:00" testType="13cdc9d9-ddb5-4fa4-a97d-d965ccfc6d4b" outcome="Passed" testListId="8c84fa94-04c1-424b-9868-57a2d4851a1d" relativeResultsDirectory="026cf28c-8696-4846-97f3-9753fc753468" />
    <UnitTestResult executionId="040f8bbd-8b3a-444f-a252-9d3b59ff72a6" testId="f8f77c91-c42f-9207-fd1f-1c031b67ee04" testName="ProcessConfigurationChangeTasks_Hardware_And_Device__Batched" computerName="DKSR-EFI-06" duration="00:00:00.0414187" startTime="2024-01-09T15:43:12.2322342+01:00" endTime="2024-01-09T15:43:12.2791081+01:00" testType="13cdc9d9-ddb5-4fa4-a97d-d965ccfc6d4b" outcome="Passed" testListId="8c84fa94-04c1-424b-9868-57a2d4851a1d" relativeResultsDirectory="040f8bbd-8b3a-444f-a252-9d3b59ff72a6" />
    <UnitTestResult executionId="e37d1cd6-5e8a-4f69-919c-cc5759f6c88c" testId="a31c941f-514d-43ce-0c78-bad3b156ddc6" testName="Validate_LicenseCalculatorContainsAllHardwareFromAllRecordingServers_NoMissingLicenses_Success" computerName="DKSR-EFI-06" duration="00:00:00.0195686" startTime="2024-01-09T15:45:01.9356177+01:00" endTime="2024-01-09T15:45:01.9512445+01:00" testType="13cdc9d9-ddb5-4fa4-a97d-d965ccfc6d4b" outcome="Passed" testListId="8c84fa94-04c1-424b-9868-57a2d4851a1d" relativeResultsDirectory="e37d1cd6-5e8a-4f69-919c-cc5759f6c88c" />
    <UnitTestResult executionId="dfc651a3-a158-4db9-b91d-43ff5dda1600" testId="05cb3fbe-774b-bffe-3d71-771cad3a9f6c" testName="Construct_LicenseSnapshot_InvalidHardwareLicenseInfo_Throws_ArgumentNullException" computerName="DKSR-EFI-06" duration="00:00:00.0007637" startTime="2024-01-09T15:45:33.9512989+01:00" endTime="2024-01-09T15:45:33.9512989+01:00" testType="13cdc9d9-ddb5-4fa4-a97d-d965ccfc6d4b" outcome="Passed" testListId="8c84fa94-04c1-424b-9868-57a2d4851a1d" relativeResultsDirectory="dfc651a3-a158-4db9-b91d-43ff5dda1600" />
    <UnitTestResult executionId="998feea1-97d4-473f-af4e-83101db92a73" testId="ea9551eb-3309-a871-541b-dc91e6a1d4cb" testName="UpdateRecorderTaskProgress_ModelIsValid_Executed" computerName="DKSR-EFI-06" duration="00:00:00.0010796" startTime="2024-01-09T15:42:48.0602930+01:00" endTime="2024-01-09T15:42:48.0602930+01:00" testType="13cdc9d9-ddb5-4fa4-a97d-d965ccfc6d4b" outcome="Passed" testListId="8c84fa94-04c1-424b-9868-57a2d4851a1d" relativeResultsDirectory="998feea1-97d4-473f-af4e-83101db92a73" />
    <UnitTestResult executionId="859af7b1-edbd-4cd8-9c0b-cd4114c9928d" testId="f793553c-5e8d-2585-ec4b-6c1aa03e7866" testName="UpdateEvidenceLockSizesCommandHandlerTests_UpdateOneEvidenceLockSize_RecorderHasReturnedWithPositiveSizes_SuccessResponse" computerName="DKSR-EFI-06" duration="00:00:02.1214273" startTime="2024-01-09T15:45:54.5946807+01:00" endTime="2024-01-09T15:45:56.7200006+01:00" testType="13cdc9d9-ddb5-4fa4-a97d-d965ccfc6d4b" outcome="Passed" testListId="8c84fa94-04c1-424b-9868-57a2d4851a1d" relativeResultsDirectory="859af7b1-edbd-4cd8-9c0b-cd4114c9928d" />
    <UnitTestResult executionId="eaacc3be-0897-49ac-affb-da1c38962289" testId="06d666ec-6a35-dae8-af59-087f0d776742" testName="HardwareInCWAOnWhiteList_ReplacedWithNoInheritance_HardwareNotOnWhiteList_CWAAllowed_NewHardwareInCWA" computerName="DKSR-EFI-06" duration="00:00:00.1291953" startTime="2024-01-09T15:44:00.8886004+01:00" endTime="2024-01-09T15:44:01.0139927+01:00" testType="13cdc9d9-ddb5-4fa4-a97d-d965ccfc6d4b" outcome="Passed" testListId="8c84fa94-04c1-424b-9868-57a2d4851a1d" relativeResultsDirectory="eaacc3be-0897-49ac-affb-da1c38962289" />
    <UnitTestResult executionId="168e4178-6e92-4094-8e17-f7f3feaf8d67" testId="ca21c352-2de4-61fe-d80f-2087fb492d99" testName="ReplaceHardwareTaskCommandHandler_DeviceMapper_NoOldDevices_Test" computerName="DKSR-EFI-06" duration="00:00:00.0036166" startTime="2024-01-09T15:45:43.8733460+01:00" endTime="2024-01-09T15:45:43.8733460+01:00" testType="13cdc9d9-ddb5-4fa4-a97d-d965ccfc6d4b" outcome="Passed" testListId="8c84fa94-04c1-424b-9868-57a2d4851a1d" relativeResultsDirectory="168e4178-6e92-4094-8e17-f7f3feaf8d67" />
    <UnitTestResult executionId="f436bd6c-5a47-44b7-b892-bb696f80100b" testId="0689373a-e253-57f7-534a-a84706ecc7fd" testName="HardwareActivatedNotOnWhiteList_ReplacedWithInheritance_HardwareNotOnWhiteList_DifferentCameraChannels_SomeGraceSomeCWA" computerName="DKSR-EFI-06" duration="00:00:00.2819191" startTime="2024-01-09T15:44:24.5605569+01:00" endTime="2024-01-09T15:44:24.8418091+01:00" testType="13cdc9d9-ddb5-4fa4-a97d-d965ccfc6d4b" outcome="Passed" testListId="8c84fa94-04c1-424b-9868-57a2d4851a1d" relativeResultsDirectory="f436bd6c-5a47-44b7-b892-bb696f80100b" />
    <UnitTestResult executionId="2b929645-e905-4493-b00c-28cfea23b5da" testId="91fac899-235a-f12a-eec2-dd1a82abcb82" testName="ChangeHardwarePasswordTaskCommandHandler_Execute_Failed_UsernameNotRecognized_Response" computerName="DKSR-EFI-06" duration="00:00:00.0010438" startTime="2024-01-09T15:45:34.7637936+01:00" endTime="2024-01-09T15:45:34.7637936+01:00" testType="13cdc9d9-ddb5-4fa4-a97d-d965ccfc6d4b" outcome="Passed" testListId="8c84fa94-04c1-424b-9868-57a2d4851a1d" relativeResultsDirectory="2b929645-e905-4493-b00c-28cfea23b5da" />
    <UnitTestResult executionId="5a09bcb1-7f60-4fed-b36a-dbbc2707037c" testId="8042d605-26a2-4169-039a-588f62885a21" testName="MoveHardwareTaskCommandHandler_Execute_SourceRecorder_Not_Connected_FailResponse" computerName="DKSR-EFI-06" duration="00:00:00.0022461" startTime="2024-01-09T15:45:41.4825436+01:00" endTime="2024-01-09T15:45:41.4825436+01:00" testType="13cdc9d9-ddb5-4fa4-a97d-d965ccfc6d4b" outcome="Passed" testListId="8c84fa94-04c1-424b-9868-57a2d4851a1d" relativeResultsDirectory="5a09bcb1-7f60-4fed-b36a-dbbc2707037c" />
    <UnitTestResult executionId="85efdece-fc95-4f98-8c85-3925ab2289d3" testId="4907f04c-b529-3215-1c18-a5d92d0dd57d" testName="RecorderTaskFailed_ModelIsNull_BadRequestResult" computerName="DKSR-EFI-06" duration="00:00:00.0007100" startTime="2024-01-09T15:42:48.1227922+01:00" endTime="2024-01-09T15:42:48.1227922+01:00" testType="13cdc9d9-ddb5-4fa4-a97d-d965ccfc6d4b" outcome="Passed" testListId="8c84fa94-04c1-424b-9868-57a2d4851a1d" relativeResultsDirectory="85efdece-fc95-4f98-8c85-3925ab2289d3" />
    <UnitTestResult executionId="974a80b5-400c-446d-9080-b31fe6c7c12f" testId="af26d1dc-c8b5-9373-ea2c-0ca851b84928" testName="AllocateLicenses_TwoMissingICPChannelLicenses_OnOneICPWithTwoCameras" computerName="DKSR-EFI-06" duration="00:00:00.0359269" startTime="2024-01-09T15:44:37.4199394+01:00" endTime="2024-01-09T15:44:37.4511882+01:00" testType="13cdc9d9-ddb5-4fa4-a97d-d965ccfc6d4b" outcome="Passed" testListId="8c84fa94-04c1-424b-9868-57a2d4851a1d" relativeResultsDirectory="974a80b5-400c-446d-9080-b31fe6c7c12f" />
    <UnitTestResult executionId="3c2464a1-c993-4b30-a360-10b35ca8bfdc" testId="08a5a503-e937-a80a-da2b-c6359ff5c88e" testName="UpdateRecorderStatus_RecorderNotFound_NotFoundResult" computerName="DKSR-EFI-06" duration="00:00:00.0007583" startTime="2024-01-09T15:42:48.8259237+01:00" endTime="2024-01-09T15:42:48.8259237+01:00" testType="13cdc9d9-ddb5-4fa4-a97d-d965ccfc6d4b" outcome="Passed" testListId="8c84fa94-04c1-424b-9868-57a2d4851a1d" relativeResultsDirectory="3c2464a1-c993-4b30-a360-10b35ca8bfdc" />
    <UnitTestResult executionId="afe62e75-e750-47f3-97ec-08dec1dd75d6" testId="08622791-9a78-dba4-11b6-3b604a6bf317" testName="SendMultiNotification_ModelIsNull_BadRequestResult" computerName="DKSR-EFI-06" duration="00:00:00.0013495" startTime="2024-01-09T15:42:48.0446671+01:00" endTime="2024-01-09T15:42:48.0446671+01:00" testType="13cdc9d9-ddb5-4fa4-a97d-d965ccfc6d4b" outcome="Passed" testListId="8c84fa94-04c1-424b-9868-57a2d4851a1d" relativeResultsDirectory="afe62e75-e750-47f3-97ec-08dec1dd75d6" />
    <UnitTestResult executionId="a9904e4c-2be1-4b38-8559-175eb7787461" testId="47bc2de9-c828-3305-dbcd-195c38433d1e" testName="AllocateLicenses_NotActivated_FourUsedOneUnlicensed_OnFiveCameraChannelsFourGraceAndFourAvailableLicenses" computerName="DKSR-EFI-06" duration="00:00:00.1568347" startTime="2024-01-09T15:44:31.0136878+01:00" endTime="2024-01-09T15:44:31.1699350+01:00" testType="13cdc9d9-ddb5-4fa4-a97d-d965ccfc6d4b" outcome="Passed" testListId="8c84fa94-04c1-424b-9868-57a2d4851a1d" relativeResultsDirectory="a9904e4c-2be1-4b38-8559-175eb7787461" />
    <UnitTestResult executionId="e6feaa66-2e49-42b1-8b8b-251b997e3e30" testId="1af254ce-5d7e-e686-d6b9-65a4a61f2849" testName="AllocateLicenses_NotActivated_OneUnlicensed_HardwareInCWA_AddHWLicenseAndEnableCamera_HardwareRemovedFromCWA_CameraActivated" computerName="DKSR-EFI-06" duration="00:00:00.1370462" startTime="2024-01-09T15:44:32.6074353+01:00" endTime="2024-01-09T15:44:32.7480637+01:00" testType="13cdc9d9-ddb5-4fa4-a97d-d965ccfc6d4b" outcome="Passed" testListId="8c84fa94-04c1-424b-9868-57a2d4851a1d" relativeResultsDirectory="e6feaa66-2e49-42b1-8b8b-251b997e3e30" />
    <UnitTestResult executionId="c0ba7171-7b2a-42dc-9b8e-afd0d5c51680" testId="e81631cd-380b-9493-3226-58f25047a284" testName="ProcessConfigurationChangeTasks_TwoRowUpdateDiffGram_Not_Batched" computerName="DKSR-EFI-06" duration="00:00:00.0357922" startTime="2024-01-09T15:43:12.3259831+01:00" endTime="2024-01-09T15:43:12.3572780+01:00" testType="13cdc9d9-ddb5-4fa4-a97d-d965ccfc6d4b" outcome="Passed" testListId="8c84fa94-04c1-424b-9868-57a2d4851a1d" relativeResultsDirectory="c0ba7171-7b2a-42dc-9b8e-afd0d5c51680" />
    <UnitTestResult executionId="70370067-b830-459e-b7f4-dd051d3f09bc" testId="01c0f351-ec7a-7cc6-b18d-966650a66ddd" testName="ChangeIdpAdminTaskCommandHandlerTests_Constructor_Arguments_Null_Throws" computerName="DKSR-EFI-06" duration="00:00:00.0010467" startTime="2024-01-09T15:45:34.7794199+01:00" endTime="2024-01-09T15:45:34.7794199+01:00" testType="13cdc9d9-ddb5-4fa4-a97d-d965ccfc6d4b" outcome="Passed" testListId="8c84fa94-04c1-424b-9868-57a2d4851a1d" relativeResultsDirectory="70370067-b830-459e-b7f4-dd051d3f09bc" />
    <UnitTestResult executionId="5ede1809-894d-4bb9-b617-683faf693a62" testId="e04390f1-66a3-87f3-cb01-0eaa5bc9db71" testName="HardwareScanTaskCommandHandler_Execute_NoResponseFromRecordingServer_FailResponse" computerName="DKSR-EFI-06" duration="00:00:00.0027086" startTime="2024-01-09T15:45:38.4512945+01:00" endTime="2024-01-09T15:45:38.4512945+01:00" testType="13cdc9d9-ddb5-4fa4-a97d-d965ccfc6d4b" outcome="Passed" testListId="8c84fa94-04c1-424b-9868-57a2d4851a1d" relativeResultsDirectory="5ede1809-894d-4bb9-b617-683faf693a62" />
    <UnitTestResult executionId="447a619b-4bb3-4fa3-a90b-26b27dcf8801" testId="c8fe61a4-ad9e-b6e6-7de6-b3695545935e" testName="LicenseCountManager_IsHardwareWithoutEnabledCamerasLicensed_Throws_InvalidOperationException" computerName="DKSR-EFI-06" duration="00:00:00.0009706" startTime="2024-01-09T15:45:00.3262592+01:00" endTime="2024-01-09T15:45:00.3262592+01:00" testType="13cdc9d9-ddb5-4fa4-a97d-d965ccfc6d4b" outcome="Passed" testListId="8c84fa94-04c1-424b-9868-57a2d4851a1d" relativeResultsDirectory="447a619b-4bb3-4fa3-a90b-26b27dcf8801" />
    <UnitTestResult executionId="22b7b2eb-7f6b-4b0a-b6fd-ee42eb42674e" testId="ae4061b8-320e-29dd-40df-9e766fdf63a2" testName="AllocateLicenses_HardwareWith10Devices7EnabledAndActivated_Enabling3Devices_ShouldGet3CWA_OnNonZeroCWA" computerName="DKSR-EFI-06" duration="00:00:00.1850710" startTime="2024-01-09T15:44:41.3105716+01:00" endTime="2024-01-09T15:44:41.4980721+01:00" testType="13cdc9d9-ddb5-4fa4-a97d-d965ccfc6d4b" outcome="Passed" testListId="8c84fa94-04c1-424b-9868-57a2d4851a1d" relativeResultsDirectory="22b7b2eb-7f6b-4b0a-b6fd-ee42eb42674e" />
    <UnitTestResult executionId="9319f069-5e7f-4957-9adc-fe496eee1040" testId="9a6aaccb-b496-3443-3666-d7851b13bb53" testName="AllocateLicensesNotActivated_WhitelistedDriver_AlreadyInCWA_OneHardware_Disabled_TwoCameras_OneLicense_ValidateLicenseTypes" computerName="DKSR-EFI-06" duration="00:00:00.2493404" startTime="2024-01-09T15:44:33.7793106+01:00" endTime="2024-01-09T15:44:34.0293124+01:00" testType="13cdc9d9-ddb5-4fa4-a97d-d965ccfc6d4b" outcome="Passed" testListId="8c84fa94-04c1-424b-9868-57a2d4851a1d" relativeResultsDirectory="9319f069-5e7f-4957-9adc-fe496eee1040" />
    <UnitTestResult executionId="ea8dcbbf-6c3f-4cfd-a88c-fbadeff2380a" testId="c7b41a4b-c669-1d15-4cb5-99bfc39f192e" testName="AnalyzeAndCreateAuditLogs_DeletedSecurityPermissionsDeviceRow_ReturnsOneAuditLog" computerName="DKSR-EFI-06" duration="00:00:00.0041493" startTime="2024-01-09T15:45:35.6700479+01:00" endTime="2024-01-09T15:45:35.6856710+01:00" testType="13cdc9d9-ddb5-4fa4-a97d-d965ccfc6d4b" outcome="Passed" testListId="8c84fa94-04c1-424b-9868-57a2d4851a1d" relativeResultsDirectory="ea8dcbbf-6c3f-4cfd-a88c-fbadeff2380a" />
    <UnitTestResult executionId="344e4f39-c58c-435b-9a8a-a3ddbf9dbb9a" testId="03dd6afe-2c0d-3663-e961-0f00a0c6a3ae" testName="AsyncTaskMonitor_Constructor_NullArgument" computerName="DKSR-EFI-06" duration="00:00:00.0004063" startTime="2024-01-09T15:43:11.7166072+01:00" endTime="2024-01-09T15:43:11.7166072+01:00" testType="13cdc9d9-ddb5-4fa4-a97d-d965ccfc6d4b" outcome="Passed" testListId="8c84fa94-04c1-424b-9868-57a2d4851a1d" relativeResultsDirectory="344e4f39-c58c-435b-9a8a-a3ddbf9dbb9a" />
    <UnitTestResult executionId="d7f9ff46-2b6c-467f-95a6-a88c270af1f8" testId="97773405-841d-7bf6-7af2-4e83b4a3e91f" testName="Ctor_TimerNull_ThrowsArgumentNullException" computerName="DKSR-EFI-06" duration="00:00:00.0081775" startTime="2024-01-09T15:43:42.8885404+01:00" endTime="2024-01-09T15:43:42.9041672+01:00" testType="13cdc9d9-ddb5-4fa4-a97d-d965ccfc6d4b" outcome="Passed" testListId="8c84fa94-04c1-424b-9868-57a2d4851a1d" relativeResultsDirectory="d7f9ff46-2b6c-467f-95a6-a88c270af1f8" />
    <UnitTestResult executionId="98285942-1d20-40a8-bc02-127ccc0b830f" testId="25be1f78-39bc-c728-10d8-0213b417a9ef" testName="AutomaticActivation_SystemActivated" computerName="DKSR-EFI-06" duration="00:00:00.0080023" startTime="2024-01-09T15:43:43.2010412+01:00" endTime="2024-01-09T15:43:43.2010412+01:00" testType="13cdc9d9-ddb5-4fa4-a97d-d965ccfc6d4b" outcome="Passed" testListId="8c84fa94-04c1-424b-9868-57a2d4851a1d" relativeResultsDirectory="98285942-1d20-40a8-bc02-127ccc0b830f" />
    <UnitTestResult executionId="94815a25-c93b-4dce-abb4-de64d8eadcc6" testId="bb5a8254-7143-4f04-4125-1f3496dadd8f" testName="EvidenceLockOnOldRecorderCommandHandlerTests_NoReorders" computerName="DKSR-EFI-06" duration="00:00:00.0215053" startTime="2024-01-09T15:45:36.9825454+01:00" endTime="2024-01-09T15:45:37.0137958+01:00" testType="13cdc9d9-ddb5-4fa4-a97d-d965ccfc6d4b" outcome="Passed" testListId="8c84fa94-04c1-424b-9868-57a2d4851a1d" relativeResultsDirectory="94815a25-c93b-4dce-abb4-de64d8eadcc6" />
    <UnitTestResult executionId="5a35ef87-6ddc-46ff-a55d-22819ab7e1f3" testId="763b8141-6317-9c60-a4ae-086424e66bd9" testName="CheckSecurityDataSetTest_NotLicensedFail2" computerName="DKSR-EFI-06" duration="00:00:00.0014405" startTime="2024-01-09T15:45:00.4200081+01:00" endTime="2024-01-09T15:45:00.4200081+01:00" testType="13cdc9d9-ddb5-4fa4-a97d-d965ccfc6d4b" outcome="Passed" testListId="8c84fa94-04c1-424b-9868-57a2d4851a1d" relativeResultsDirectory="5a35ef87-6ddc-46ff-a55d-22819ab7e1f3" />
    <UnitTestResult executionId="480daae6-c15c-4920-b9a1-3a817d6a7262" testId="456922c0-2173-494b-5340-de73de1629fa" testName="ConfigurationDataSetLoader_GetDeviceGroupMembersByDeviceId_Success" computerName="DKSR-EFI-06" duration="00:00:00.0010232" startTime="2024-01-09T15:45:34.3419235+01:00" endTime="2024-01-09T15:45:34.3419235+01:00" testType="13cdc9d9-ddb5-4fa4-a97d-d965ccfc6d4b" outcome="Passed" testListId="8c84fa94-04c1-424b-9868-57a2d4851a1d" relativeResultsDirectory="480daae6-c15c-4920-b9a1-3a817d6a7262" />
    <UnitTestResult executionId="48a1e8fd-0258-439f-8517-ea13ebac6ba3" testId="4df85b45-2abf-d8a4-fb1b-37a82d24219f" testName="ExecuteRuleActionCommand_ModelIsNull_BadRequestResult" computerName="DKSR-EFI-06" duration="00:00:00.0015161" startTime="2024-01-09T15:42:47.9821665+01:00" endTime="2024-01-09T15:42:47.9821665+01:00" testType="13cdc9d9-ddb5-4fa4-a97d-d965ccfc6d4b" outcome="Passed" testListId="8c84fa94-04c1-424b-9868-57a2d4851a1d" relativeResultsDirectory="48a1e8fd-0258-439f-8517-ea13ebac6ba3" />
    <UnitTestResult executionId="d36d9808-e66f-4e6d-b10f-71638ba77f4e" testId="69e8fd5f-67a2-ab17-7dea-912fb2f94aa3" testName="IsHardwareInChangesWithoutActivation_ReturnsTrue_OnCurrentYearDevices" computerName="DKSR-EFI-06" duration="00:00:00.0203168" startTime="2024-01-09T15:45:09.9512577+01:00" endTime="2024-01-09T15:45:09.9668825+01:00" testType="13cdc9d9-ddb5-4fa4-a97d-d965ccfc6d4b" outcome="Passed" testListId="8c84fa94-04c1-424b-9868-57a2d4851a1d" relativeResultsDirectory="d36d9808-e66f-4e6d-b10f-71638ba77f4e" />
    <UnitTestResult executionId="8b29467f-288c-46d4-81df-7fefff6943cc" testId="dcfd8f0d-745d-ff66-5f0e-7d5891999256" testName="DetachRecorder_Valid_Executed" computerName="DKSR-EFI-06" duration="00:00:00.0012252" startTime="2024-01-09T15:42:48.7790464+01:00" endTime="2024-01-09T15:42:48.7946718+01:00" testType="13cdc9d9-ddb5-4fa4-a97d-d965ccfc6d4b" outcome="Passed" testListId="8c84fa94-04c1-424b-9868-57a2d4851a1d" relativeResultsDirectory="8b29467f-288c-46d4-81df-7fefff6943cc" />
    <UnitTestResult executionId="07f306ba-524f-4d13-bc71-0079025015ff" testId="654a6276-121a-761b-57fd-37ff2f510187" testName="LicenseCountManager_FindActiveHardwareInChangesWithoutActivation_ReturnsEmptyList_OnOnlyDeletedHardwareInChanges" computerName="DKSR-EFI-06" duration="00:00:00.0012841" startTime="2024-01-09T15:45:00.3106324+01:00" endTime="2024-01-09T15:45:00.3106324+01:00" testType="13cdc9d9-ddb5-4fa4-a97d-d965ccfc6d4b" outcome="Passed" testListId="8c84fa94-04c1-424b-9868-57a2d4851a1d" relativeResultsDirectory="07f306ba-524f-4d13-bc71-0079025015ff" />
    <UnitTestResult executionId="ab015dc5-645d-4203-a464-84a7f758ec3b" testId="719fb9f8-861a-97b6-e205-091e10abbe96" testName="MultiSite_ChannelBased_DifferentHardwareAndDevicesOn2Recorders_OneHwWhitelistedOneNotWhitelisted_ConsumesNoExtraLicenses" computerName="DKSR-EFI-06" duration="00:00:00.3482018" startTime="2024-01-09T15:44:51.1699810+01:00" endTime="2024-01-09T15:44:51.5137300+01:00" testType="13cdc9d9-ddb5-4fa4-a97d-d965ccfc6d4b" outcome="Passed" testListId="8c84fa94-04c1-424b-9868-57a2d4851a1d" relativeResultsDirectory="ab015dc5-645d-4203-a464-84a7f758ec3b" />
    <UnitTestResult executionId="38e7b384-673e-481b-80e2-ead8530e9295" testId="18736782-9204-7f7e-2e04-ee3649a63487" testName="MoveHardwareTaskCommandHandler_Execute_Destination_Driver_Not_Found_Success_With_Warnings" computerName="DKSR-EFI-06" duration="00:00:00.2057085" startTime="2024-01-09T15:45:41.0762961+01:00" endTime="2024-01-09T15:45:41.2794166+01:00" testType="13cdc9d9-ddb5-4fa4-a97d-d965ccfc6d4b" outcome="Passed" testListId="8c84fa94-04c1-424b-9868-57a2d4851a1d" relativeResultsDirectory="38e7b384-673e-481b-80e2-ead8530e9295">
      <Output>
        <StdOut>Progress: 10&#xD;
Progress: 20&#xD;
Progress: 30&#xD;
Progress: 35&#xD;
Progress: 40&#xD;
Progress: 42&#xD;
Progress: 44&#xD;
Progress: 60&#xD;
Progress: 70&#xD;
Progress: 80&#xD;
Progress: 90&#xD;
Progress: 95&#xD;
Progress: 100</StdOut>
      </Output>
    </UnitTestResult>
    <UnitTestResult executionId="c00b8435-882f-4c71-b712-5d2f71ac302e" testId="b14f960a-5692-5365-6f95-7278ee7ee4f3" testName="UpdateRecorderStatusData_ModelIsValid_CommandExecuted" computerName="DKSR-EFI-06" duration="00:00:00.0006074" startTime="2024-01-09T15:42:47.9352925+01:00" endTime="2024-01-09T15:42:47.9352925+01:00" testType="13cdc9d9-ddb5-4fa4-a97d-d965ccfc6d4b" outcome="Passed" testListId="8c84fa94-04c1-424b-9868-57a2d4851a1d" relativeResultsDirectory="c00b8435-882f-4c71-b712-5d2f71ac302e" />
    <UnitTestResult executionId="d135b743-b65b-4e37-9341-c41d4383f194" testId="d05cbd3c-bfb2-73de-adf5-cbd7c41ecb1f" testName="Validate_Hardware_ClearChangesWithoutActivation_ThrowsArgumentNullException" computerName="DKSR-EFI-06" duration="00:00:00.0007375" startTime="2024-01-09T15:45:00.3418826+01:00" endTime="2024-01-09T15:45:00.3418826+01:00" testType="13cdc9d9-ddb5-4fa4-a97d-d965ccfc6d4b" outcome="Passed" testListId="8c84fa94-04c1-424b-9868-57a2d4851a1d" relativeResultsDirectory="d135b743-b65b-4e37-9341-c41d4383f194" />
    <UnitTestResult executionId="34a61534-d8ed-4a2f-b615-d7b7ed2bcc9e" testId="f8662d5d-bc2c-74d5-63ed-b527811f859c" testName="ChangeHardwarePasswordRuleAction_Execute_HardwareQueryFail_ErrorLogCreated" computerName="DKSR-EFI-06" duration="00:00:00.1734293" startTime="2024-01-09T15:43:21.0135009+01:00" endTime="2024-01-09T15:43:21.2009990+01:00" testType="13cdc9d9-ddb5-4fa4-a97d-d965ccfc6d4b" outcome="Passed" testListId="8c84fa94-04c1-424b-9868-57a2d4851a1d" relativeResultsDirectory="34a61534-d8ed-4a2f-b615-d7b7ed2bcc9e" />
    <UnitTestResult executionId="bb0274e4-a6cb-4259-b2fe-d4dcf1c6d9a2" testId="f52db0e2-1ec3-1fbd-af9d-43162767844c" testName="DatabaseResponseDiskUsage_ModelIsNull_BadRequestResult" computerName="DKSR-EFI-06" duration="00:00:00.0006372" startTime="2024-01-09T15:42:48.4196695+01:00" endTime="2024-01-09T15:42:48.4196695+01:00" testType="13cdc9d9-ddb5-4fa4-a97d-d965ccfc6d4b" outcome="Passed" testListId="8c84fa94-04c1-424b-9868-57a2d4851a1d" relativeResultsDirectory="bb0274e4-a6cb-4259-b2fe-d4dcf1c6d9a2" />
    <UnitTestResult executionId="d767a5d4-d48d-4483-8524-8fff01b0747b" testId="abe93699-d934-3070-9b83-225a9bbaa9a0" testName="UploadFileChunkCommandHandler_Execute_Failed_FileDisposed" computerName="DKSR-EFI-06" duration="00:00:00.0031519" startTime="2024-01-09T15:46:00.3926429+01:00" endTime="2024-01-09T15:46:00.3926429+01:00" testType="13cdc9d9-ddb5-4fa4-a97d-d965ccfc6d4b" outcome="Passed" testListId="8c84fa94-04c1-424b-9868-57a2d4851a1d" relativeResultsDirectory="d767a5d4-d48d-4483-8524-8fff01b0747b" />
    <UnitTestResult executionId="60341e0c-8ff0-4006-aa01-6649084c4d82" testId="41439683-f554-daf6-bd87-252c0383746e" testName="HardwareLicense_RemoveExistingLicense_NullHardwareInfo_Throws_ArgumentNullException" computerName="DKSR-EFI-06" duration="00:00:00.0007145" startTime="2024-01-09T15:45:34.0606690+01:00" endTime="2024-01-09T15:45:34.0606690+01:00" testType="13cdc9d9-ddb5-4fa4-a97d-d965ccfc6d4b" outcome="Passed" testListId="8c84fa94-04c1-424b-9868-57a2d4851a1d" relativeResultsDirectory="60341e0c-8ff0-4006-aa01-6649084c4d82" />
    <UnitTestResult executionId="3a632697-7393-4696-8e7b-a7862db11a95" testId="3c0e53b5-4edd-2d21-8a2c-cbc960b07f0d" testName="ValidatePublicAddress_ServerCantPingRecorder_ServiceUnavailableResponseWithRetryAfter" computerName="DKSR-EFI-06" duration="00:00:00.0883358" startTime="2024-01-09T15:42:48.7009199+01:00" endTime="2024-01-09T15:42:48.7790464+01:00" testType="13cdc9d9-ddb5-4fa4-a97d-d965ccfc6d4b" outcome="Passed" testListId="8c84fa94-04c1-424b-9868-57a2d4851a1d" relativeResultsDirectory="3a632697-7393-4696-8e7b-a7862db11a95" />
    <UnitTestResult executionId="3547c03d-f308-4f10-890c-35aa8e283033" testId="556ef067-8a7f-0b03-0c08-c56040944f06" testName="ChannelLicenseCountManager_CameraFeedLicenseValue_NullDeviceInfo_ThrowsArgumentNullException" computerName="DKSR-EFI-06" duration="00:00:00.0008161" startTime="2024-01-09T15:44:59.6700032+01:00" endTime="2024-01-09T15:44:59.6700032+01:00" testType="13cdc9d9-ddb5-4fa4-a97d-d965ccfc6d4b" outcome="Passed" testListId="8c84fa94-04c1-424b-9868-57a2d4851a1d" relativeResultsDirectory="3547c03d-f308-4f10-890c-35aa8e283033" />
    <UnitTestResult executionId="315b1450-fadb-4293-800c-74d69fbe2f98" testId="444d1cf6-1f18-a3fd-07af-a979190122f2" testName="UpdateEvidenceLockSizesCommandHandlerTests_UpdateOneEvidenceLocksSize_EvidenceLockNotFound_SuccessResponse" computerName="DKSR-EFI-06" duration="00:00:02.0173894" startTime="2024-01-09T15:45:44.0140158+01:00" endTime="2024-01-09T15:45:46.0458917+01:00" testType="13cdc9d9-ddb5-4fa4-a97d-d965ccfc6d4b" outcome="Passed" testListId="8c84fa94-04c1-424b-9868-57a2d4851a1d" relativeResultsDirectory="315b1450-fadb-4293-800c-74d69fbe2f98" />
    <UnitTestResult executionId="388a9ef0-c3c8-4015-bfba-344f56040e27" testId="5b605aec-b02a-0133-abcb-81fdaaea0f58" testName="FromXml_Works_OnOlderVersionOfXml" computerName="DKSR-EFI-06" duration="00:00:00.0058872" startTime="2024-01-09T15:45:00.6075073+01:00" endTime="2024-01-09T15:45:00.6075073+01:00" testType="13cdc9d9-ddb5-4fa4-a97d-d965ccfc6d4b" outcome="Passed" testListId="8c84fa94-04c1-424b-9868-57a2d4851a1d" relativeResultsDirectory="388a9ef0-c3c8-4015-bfba-344f56040e27" />
    <UnitTestResult executionId="bef9fd5d-510b-46da-bdb0-9bed0da604b8" testId="cefcaf99-f6fe-24f5-d8ee-87f30d25cd8f" testName="StartSessionFailedResponse_ModelIsNull_BadRequestResult" computerName="DKSR-EFI-06" duration="00:00:00.0005445" startTime="2024-01-09T15:42:48.3571677+01:00" endTime="2024-01-09T15:42:48.3571677+01:00" testType="13cdc9d9-ddb5-4fa4-a97d-d965ccfc6d4b" outcome="Passed" testListId="8c84fa94-04c1-424b-9868-57a2d4851a1d" relativeResultsDirectory="bef9fd5d-510b-46da-bdb0-9bed0da604b8" />
    <UnitTestResult executionId="8203d4c9-4506-4b00-809e-546764738bfc" testId="0f8e1705-bc99-3da9-75ac-ad79fe32133d" testName="UpdateHardwareDriverCommandHandler_Clone_Returns_Same_Reference" computerName="DKSR-EFI-06" duration="00:00:00.0038131" startTime="2024-01-09T15:45:58.8609193+01:00" endTime="2024-01-09T15:45:58.8609193+01:00" testType="13cdc9d9-ddb5-4fa4-a97d-d965ccfc6d4b" outcome="Passed" testListId="8c84fa94-04c1-424b-9868-57a2d4851a1d" relativeResultsDirectory="8203d4c9-4506-4b00-809e-546764738bfc" />
    <UnitTestResult executionId="6e3df94a-467e-48ef-843a-5fb698004031" testId="95cfe0da-0ff4-0747-cf3f-c677dee3d8aa" testName="HardwareScanTaskCommandHandler_Execute_RecorderNotSupported_FailResponse" computerName="DKSR-EFI-06" duration="00:00:00.0010658" startTime="2024-01-09T15:45:38.4825426+01:00" endTime="2024-01-09T15:45:38.4825426+01:00" testType="13cdc9d9-ddb5-4fa4-a97d-d965ccfc6d4b" outcome="Passed" testListId="8c84fa94-04c1-424b-9868-57a2d4851a1d" relativeResultsDirectory="6e3df94a-467e-48ef-843a-5fb698004031" />
    <UnitTestResult executionId="6ae522cf-08a1-43b6-9d79-6ddf23931ddd" testId="acdd8036-a569-4967-aca8-9ca5ad084fad" testName="CheckExternalRecorderRegistrationCommandHandler_Execute_ThrowsIfGivenWrongCommandOrNullParameters" computerName="DKSR-EFI-06" duration="00:00:00.0095946" startTime="2024-01-09T15:45:34.8262950+01:00" endTime="2024-01-09T15:45:34.8419227+01:00" testType="13cdc9d9-ddb5-4fa4-a97d-d965ccfc6d4b" outcome="Passed" testListId="8c84fa94-04c1-424b-9868-57a2d4851a1d" relativeResultsDirectory="6ae522cf-08a1-43b6-9d79-6ddf23931ddd">
      <Output>
        <StdOut>Debug Trace:&#xD;
Fail: Command/Command handler type mismatch&#xD;
Fail: Command/Command handler type mismatch&#xD;
Fail: The command handler expect an object that implements ICallContextInfo in the state parameter&#xD;
Fail: The command handler expect an object that implements IResponseSink in the responseSink parameter</StdOut>
      </Output>
    </UnitTestResult>
    <UnitTestResult executionId="02d6a75d-ef8e-4978-971c-b6a4673d6036" testId="4477da8e-cf72-81c8-9a47-12c695107382" testName="EventCollector_ReceiveEvent_Success" computerName="DKSR-EFI-06" duration="00:00:00.4808183" startTime="2024-01-09T15:42:44.4977809+01:00" endTime="2024-01-09T15:42:44.9821565+01:00" testType="13cdc9d9-ddb5-4fa4-a97d-d965ccfc6d4b" outcome="Passed" testListId="8c84fa94-04c1-424b-9868-57a2d4851a1d" relativeResultsDirectory="02d6a75d-ef8e-4978-971c-b6a4673d6036" />
    <UnitTestResult executionId="a710ad9c-27ad-4d4f-a258-027aa8a40567" testId="cc79f523-9288-951f-b06e-dbed85cadcb2" testName="AllocateLicensesNotActivated_OneHardware_TwoCameras_OneLicense_ValidateFirstCameraDevicesIsLicensedAndSecondIsUnlicensed" computerName="DKSR-EFI-06" duration="00:00:00.0676095" startTime="2024-01-09T15:44:32.2793129+01:00" endTime="2024-01-09T15:44:32.3579061+01:00" testType="13cdc9d9-ddb5-4fa4-a97d-d965ccfc6d4b" outcome="Passed" testListId="8c84fa94-04c1-424b-9868-57a2d4851a1d" relativeResultsDirectory="a710ad9c-27ad-4d4f-a258-027aa8a40567" />
    <UnitTestResult executionId="f113ee19-990a-4fb7-bc90-7043d8200ced" testId="c906cc0a-7d44-d6b5-1674-20b5d76124e1" testName="ConfigurationDataSetLoader_GetDeviceGroupsByParentDeviceGroupId_Success" computerName="DKSR-EFI-06" duration="00:00:00.0010370" startTime="2024-01-09T15:45:34.3419235+01:00" endTime="2024-01-09T15:45:34.3419235+01:00" testType="13cdc9d9-ddb5-4fa4-a97d-d965ccfc6d4b" outcome="Passed" testListId="8c84fa94-04c1-424b-9868-57a2d4851a1d" relativeResultsDirectory="f113ee19-990a-4fb7-bc90-7043d8200ced" />
    <UnitTestResult executionId="d991f160-a5c0-4046-bd6a-95d9c37d0ca1" testId="c515c7cc-d55a-ea72-d25b-2e3f0c53338a" testName="HardwareScanExpressTaskCommandHandler_Execute_UnexpectedResponse_FailResponse" computerName="DKSR-EFI-06" duration="00:00:00.0015330" startTime="2024-01-09T15:45:38.3731711+01:00" endTime="2024-01-09T15:45:38.3731711+01:00" testType="13cdc9d9-ddb5-4fa4-a97d-d965ccfc6d4b" outcome="Passed" testListId="8c84fa94-04c1-424b-9868-57a2d4851a1d" relativeResultsDirectory="d991f160-a5c0-4046-bd6a-95d9c37d0ca1" />
    <UnitTestResult executionId="593ab11a-62cb-4990-a9b5-ad5eed5f9c81" testId="4705763f-eda9-ab18-6971-c5af3eec87c0" testName="ConfigurationDataSetLoader_GetDeviceGroupByDeviceGroupId_Success" computerName="DKSR-EFI-06" duration="00:00:00.0010347" startTime="2024-01-09T15:45:34.3262952+01:00" endTime="2024-01-09T15:45:34.3262952+01:00" testType="13cdc9d9-ddb5-4fa4-a97d-d965ccfc6d4b" outcome="Passed" testListId="8c84fa94-04c1-424b-9868-57a2d4851a1d" relativeResultsDirectory="593ab11a-62cb-4990-a9b5-ad5eed5f9c81" />
    <UnitTestResult executionId="4f61a561-61c8-4251-a668-6b886990e659" testId="4240e0a8-d309-dd29-49d4-e57d0f8aff14" testName="HardwareInGraceNotOnWhiteList_ReplacedWith_HardwareNotOnWhiteList_NoDevicesOnNewHardware_ShouldGiveHardwareNewGracePeriod" computerName="DKSR-EFI-06" duration="00:00:00.5354109" startTime="2024-01-09T15:44:57.7637480+01:00" endTime="2024-01-09T15:44:58.2950005+01:00" testType="13cdc9d9-ddb5-4fa4-a97d-d965ccfc6d4b" outcome="Passed" testListId="8c84fa94-04c1-424b-9868-57a2d4851a1d" relativeResultsDirectory="4f61a561-61c8-4251-a668-6b886990e659" />
    <UnitTestResult executionId="f56484a1-7cb5-4a4c-87ee-7d7b5c2e41e3" testId="e2b07ca1-2786-6047-9ede-03d77dddb270" testName="HardwareInCWANotOnWhiteList_ReplacedWithInheritance_HardwareNotOnWhiteList_NoMoreCWAAllowed_MoreChannelsOnReplacedHardware_NewDevicesInGrace" computerName="DKSR-EFI-06" duration="00:00:00.2594722" startTime="2024-01-09T15:44:04.9355143+01:00" endTime="2024-01-09T15:44:05.2011406+01:00" testType="13cdc9d9-ddb5-4fa4-a97d-d965ccfc6d4b" outcome="Passed" testListId="8c84fa94-04c1-424b-9868-57a2d4851a1d" relativeResultsDirectory="f56484a1-7cb5-4a4c-87ee-7d7b5c2e41e3" />
    <UnitTestResult executionId="62c975b2-6f34-43f4-850a-7e7b380f45c0" testId="018e2d87-3b74-ec65-33b0-205e7011b9b5" testName="TemporaryLicense_Ctor_DateTimeMaxValue_DateOnly_ArgumentException" computerName="DKSR-EFI-06" duration="00:00:00.0013202" startTime="2024-01-09T15:43:51.0604409+01:00" endTime="2024-01-09T15:43:51.0604409+01:00" testType="13cdc9d9-ddb5-4fa4-a97d-d965ccfc6d4b" outcome="Passed" testListId="8c84fa94-04c1-424b-9868-57a2d4851a1d" relativeResultsDirectory="62c975b2-6f34-43f4-850a-7e7b380f45c0">
      <Output>
        <StdOut>Debug Trace:&#xD;
Fail: Argument invalid - must be UTC</StdOut>
      </Output>
    </UnitTestResult>
    <UnitTestResult executionId="2c87871e-4a33-4b1a-abbf-f68592886109" testId="a9d72b6c-70a1-b339-513b-1aeef335d69f" testName="UpdateHardwareTaskCommandHandler_Execute_RecorderOff_Tests" computerName="DKSR-EFI-06" duration="00:00:00.0012773" startTime="2024-01-09T15:45:59.3766251+01:00" endTime="2024-01-09T15:45:59.3766251+01:00" testType="13cdc9d9-ddb5-4fa4-a97d-d965ccfc6d4b" outcome="Passed" testListId="8c84fa94-04c1-424b-9868-57a2d4851a1d" relativeResultsDirectory="2c87871e-4a33-4b1a-abbf-f68592886109" />
    <UnitTestResult executionId="23095576-021a-48e3-8122-ddb14396cee3" testId="83c9a1d0-5d19-19e1-c667-b2f4a5423662" testName="EvidenceLockOnOldRecorderCommandHandlerTests_OldRecV2_ConfigEdit1Row" computerName="DKSR-EFI-06" duration="00:00:00.0205567" startTime="2024-01-09T15:45:37.6075431+01:00" endTime="2024-01-09T15:45:37.6387930+01:00" testType="13cdc9d9-ddb5-4fa4-a97d-d965ccfc6d4b" outcome="Passed" testListId="8c84fa94-04c1-424b-9868-57a2d4851a1d" relativeResultsDirectory="23095576-021a-48e3-8122-ddb14396cee3" />
    <UnitTestResult executionId="fb54ce24-8720-4d66-ba4d-03eb31b6fa40" testId="e3a6e1d5-d4dd-9a82-8ece-754e711a2f9b" testName="UpdateLicense_KeepsDeviceInGrace_OnChangingLicenseFromHwToChBased" computerName="DKSR-EFI-06" duration="00:00:00.1322243" startTime="2024-01-09T15:45:10.0606327+01:00" endTime="2024-01-09T15:45:10.2012578+01:00" testType="13cdc9d9-ddb5-4fa4-a97d-d965ccfc6d4b" outcome="Passed" testListId="8c84fa94-04c1-424b-9868-57a2d4851a1d" relativeResultsDirectory="fb54ce24-8720-4d66-ba4d-03eb31b6fa40" />
    <UnitTestResult executionId="aadf0830-7c83-4a4a-9eb3-2959bc5e84ca" testId="7ceb6397-bf04-45ba-93d8-edc85c11f6bd" testName="AnalyzeAndCreateAuditLogs_ModifiedSecurityPermissionsRowFromProfileNameToAlways_ReturnsOneAuditLog" computerName="DKSR-EFI-06" duration="00:00:00.0038065" startTime="2024-01-09T15:45:35.8419205+01:00" endTime="2024-01-09T15:45:35.8419205+01:00" testType="13cdc9d9-ddb5-4fa4-a97d-d965ccfc6d4b" outcome="Passed" testListId="8c84fa94-04c1-424b-9868-57a2d4851a1d" relativeResultsDirectory="aadf0830-7c83-4a4a-9eb3-2959bc5e84ca" />
    <UnitTestResult executionId="53a15c21-43e8-4ca5-a580-b3d17cecf7aa" testId="084898a2-4acd-ae40-25db-e87715c8038c" testName="ChangeHardwarePasswordTaskCommandHandler_Execute_Failed_NoAccess_Response" computerName="DKSR-EFI-06" duration="00:00:00.0009757" startTime="2024-01-09T15:45:34.7637936+01:00" endTime="2024-01-09T15:45:34.7637936+01:00" testType="13cdc9d9-ddb5-4fa4-a97d-d965ccfc6d4b" outcome="Passed" testListId="8c84fa94-04c1-424b-9868-57a2d4851a1d" relativeResultsDirectory="53a15c21-43e8-4ca5-a580-b3d17cecf7aa" />
    <UnitTestResult executionId="34ef61af-b988-4e11-a625-5a53388a7b47" testId="ccb5d8ec-d828-d9e5-1cf2-25e7c6a3265b" testName="HardwareInGraceNotOnWhiteList_ReplacedWith_HardwareNotOnWhiteList_ZeroDevicesOnBoth_ShouldGiveHardwareNewGracePeriod" computerName="DKSR-EFI-06" duration="00:00:00.4317787" startTime="2024-01-09T15:44:57.1543710+01:00" endTime="2024-01-09T15:44:57.5762476+01:00" testType="13cdc9d9-ddb5-4fa4-a97d-d965ccfc6d4b" outcome="Passed" testListId="8c84fa94-04c1-424b-9868-57a2d4851a1d" relativeResultsDirectory="34ef61af-b988-4e11-a625-5a53388a7b47" />
    <UnitTestResult executionId="8569e007-ad93-4307-a777-a0971d2507fb" testId="7e4c1e89-625a-43b9-de03-e848c63a328b" testName="HardwareInCWAOnWhiteList_ReplacedWithNoInheritance_HardwareOnWhiteList_MixedCWAAllowed_FewerChannelsOnReplacedHardware_NewHardwareInCWA" computerName="DKSR-EFI-06" duration="00:00:00.2868517" startTime="2024-01-09T15:44:22.2636808+01:00" endTime="2024-01-09T15:44:22.5605573+01:00" testType="13cdc9d9-ddb5-4fa4-a97d-d965ccfc6d4b" outcome="Passed" testListId="8c84fa94-04c1-424b-9868-57a2d4851a1d" relativeResultsDirectory="8569e007-ad93-4307-a777-a0971d2507fb" />
    <UnitTestResult executionId="6283fcad-1d17-4a6b-8f26-e48eb2906253" testId="74525c1f-6ef5-b5b3-beab-b61e35c5c5b8" testName="AnalyzeAndCreateAuditLogs_ModifiedSecurityPermissionsDeviceRowWithDEVICESPEAKPRIORITYAtrribute_ReturnsOneAuditLog" computerName="DKSR-EFI-06" duration="00:00:00.0043929" startTime="2024-01-09T15:45:35.7169251+01:00" endTime="2024-01-09T15:45:35.7169251+01:00" testType="13cdc9d9-ddb5-4fa4-a97d-d965ccfc6d4b" outcome="Passed" testListId="8c84fa94-04c1-424b-9868-57a2d4851a1d" relativeResultsDirectory="6283fcad-1d17-4a6b-8f26-e48eb2906253" />
    <UnitTestResult executionId="2d55acac-9cb2-4aae-9a06-cbfcd69f1fe4" testId="c918a289-b8c4-3d87-ad07-c7a95f5d7ee9" testName="AddUnlicensedHardware_AddSameHardwareTwice_ReturnsTrue" computerName="DKSR-EFI-06" duration="00:00:00.0011699" startTime="2024-01-09T15:45:34.1700452+01:00" endTime="2024-01-09T15:45:34.1700452+01:00" testType="13cdc9d9-ddb5-4fa4-a97d-d965ccfc6d4b" outcome="Passed" testListId="8c84fa94-04c1-424b-9868-57a2d4851a1d" relativeResultsDirectory="2d55acac-9cb2-4aae-9a06-cbfcd69f1fe4" />
    <UnitTestResult executionId="781b8872-00f1-4da9-a63d-fcf79789b6b6" testId="5d2fed84-0a78-bba8-11ae-6b37ff9d0b15" testName="UploadFileChunkCommandHandler_Execute_Failed_CannotOpenFile" computerName="DKSR-EFI-06" duration="00:00:00.0006935" startTime="2024-01-09T15:46:00.3926429+01:00" endTime="2024-01-09T15:46:00.3926429+01:00" testType="13cdc9d9-ddb5-4fa4-a97d-d965ccfc6d4b" outcome="Passed" testListId="8c84fa94-04c1-424b-9868-57a2d4851a1d" relativeResultsDirectory="781b8872-00f1-4da9-a63d-fcf79789b6b6" />
    <UnitTestResult executionId="10a7343c-4ab5-4deb-8729-93f629095cb2" testId="ef95bcc0-fe13-5a2c-1a5f-e515c0ee7ea2" testName="HardwareInCWAOnWhiteList_ReplacedWithNoInheritance_HardwareNotOnWhiteList_CWAAllowed_FewerChannelsOnReplacedHardware_AllDevicesInCWA" computerName="DKSR-EFI-06" duration="00:00:00.5116763" startTime="2024-01-09T15:44:10.9980307+01:00" endTime="2024-01-09T15:44:11.5136576+01:00" testType="13cdc9d9-ddb5-4fa4-a97d-d965ccfc6d4b" outcome="Passed" testListId="8c84fa94-04c1-424b-9868-57a2d4851a1d" relativeResultsDirectory="10a7343c-4ab5-4deb-8729-93f629095cb2" />
    <UnitTestResult executionId="b42cc880-f712-49b9-96ec-3d2190f2ec61" testId="6b6a2802-04b4-060c-cd24-510720c0c11a" testName="CreateLicenseInformationXml_Has10ICP_On1ICPHardwareWith10EnabledCameras1DisabledCamera" computerName="DKSR-EFI-06" duration="00:00:00.0779412" startTime="2024-01-09T15:45:01.5606180+01:00" endTime="2024-01-09T15:45:01.6387424+01:00" testType="13cdc9d9-ddb5-4fa4-a97d-d965ccfc6d4b" outcome="Passed" testListId="8c84fa94-04c1-424b-9868-57a2d4851a1d" relativeResultsDirectory="b42cc880-f712-49b9-96ec-3d2190f2ec61">
      <Output>
        <StdOut>Debug Trace:&#xD;
Fail: Attribute value invalid. 'Index'&#xD;
Fail: Attribute value invalid. 'Index'&#xD;
Fail: Attribute value invalid. 'Index'&#xD;
Fail: Attribute value invalid. 'Index'&#xD;
Fail: Attribute value invalid. 'Index'&#xD;
Fail: Attribute value invalid. 'Index'&#xD;
Fail: Attribute value invalid. 'Index'&#xD;
Fail: Attribute value invalid. 'Index'&#xD;
Fail: Attribute value invalid. 'Index'&#xD;
Fail: Attribute value invalid. 'Index'</StdOut>
      </Output>
    </UnitTestResult>
    <UnitTestResult executionId="671a5de6-082e-4808-b421-addeae1ba5e3" testId="a2e7ed94-eb3b-5b15-89a1-5d0ffb0c25ed" testName="ChangeHardwarePasswordTaskCommandHandler_Execute_Failed_Unexpected_Response" computerName="DKSR-EFI-06" duration="00:00:00.0009645" startTime="2024-01-09T15:45:34.7325451+01:00" endTime="2024-01-09T15:45:34.7481695+01:00" testType="13cdc9d9-ddb5-4fa4-a97d-d965ccfc6d4b" outcome="Passed" testListId="8c84fa94-04c1-424b-9868-57a2d4851a1d" relativeResultsDirectory="671a5de6-082e-4808-b421-addeae1ba5e3" />
    <UnitTestResult executionId="fa1a7d1b-cb1d-4fcb-9b54-64235f34548f" testId="42bf2cb1-698e-8879-c40b-8fea12bbd64e" testName="AllocateLicenses_NotActivated_FiveDevices_ThreeDisabled_FiveLicenses_ThreeUnlicensed_TwoReplaced" computerName="DKSR-EFI-06" duration="00:00:00.1045898" startTime="2024-01-09T15:44:31.9824350+01:00" endTime="2024-01-09T15:44:32.0918116+01:00" testType="13cdc9d9-ddb5-4fa4-a97d-d965ccfc6d4b" outcome="Passed" testListId="8c84fa94-04c1-424b-9868-57a2d4851a1d" relativeResultsDirectory="fa1a7d1b-cb1d-4fcb-9b54-64235f34548f" />
    <UnitTestResult executionId="a73d5d34-1683-4719-8d8d-91057b828aad" testId="1ebd1dbb-071d-708f-e374-58e308fd7a7d" testName="EventCollector_ShouldEventBeFired_Accept_UserDefined" computerName="DKSR-EFI-06" duration="00:00:00.0005095" startTime="2024-01-09T15:42:45.0134065+01:00" endTime="2024-01-09T15:42:45.0134065+01:00" testType="13cdc9d9-ddb5-4fa4-a97d-d965ccfc6d4b" outcome="Passed" testListId="8c84fa94-04c1-424b-9868-57a2d4851a1d" relativeResultsDirectory="a73d5d34-1683-4719-8d8d-91057b828aad" />
    <UnitTestResult executionId="14cd37ae-7773-4109-abc5-bbb691114614" testId="a5fd458a-677f-ccc2-2972-ad7870ebe3f1" testName="SuccessResponse_ModelIsValid_CommandExecuted" computerName="DKSR-EFI-06" duration="00:00:00.0023415" startTime="2024-01-09T15:42:48.2477935+01:00" endTime="2024-01-09T15:42:48.2477935+01:00" testType="13cdc9d9-ddb5-4fa4-a97d-d965ccfc6d4b" outcome="Passed" testListId="8c84fa94-04c1-424b-9868-57a2d4851a1d" relativeResultsDirectory="14cd37ae-7773-4109-abc5-bbb691114614" />
    <UnitTestResult executionId="4823dbca-575a-4a8d-8125-0f48d40101ae" testId="efe75656-15b7-58e9-b491-0633aa52708d" testName="DeleteHardwareUserCommandHandler_Execute_Success" computerName="DKSR-EFI-06" duration="00:00:00.0030448" startTime="2024-01-09T15:45:36.8731718+01:00" endTime="2024-01-09T15:45:36.8731718+01:00" testType="13cdc9d9-ddb5-4fa4-a97d-d965ccfc6d4b" outcome="Passed" testListId="8c84fa94-04c1-424b-9868-57a2d4851a1d" relativeResultsDirectory="4823dbca-575a-4a8d-8125-0f48d40101ae" />
    <UnitTestResult executionId="16079ee2-146e-4c10-856b-da7f1bdc5d49" testId="d1cedfa6-3d69-8af4-742b-10c2d29f60b0" testName="RegisterHotstandByFailoverRecorder_WatchingRecorderRunning_Success" computerName="DKSR-EFI-06" duration="00:00:00.0017203" startTime="2024-01-09T15:42:48.6540471+01:00" endTime="2024-01-09T15:42:48.6540471+01:00" testType="13cdc9d9-ddb5-4fa4-a97d-d965ccfc6d4b" outcome="Passed" testListId="8c84fa94-04c1-424b-9868-57a2d4851a1d" relativeResultsDirectory="16079ee2-146e-4c10-856b-da7f1bdc5d49" />
    <UnitTestResult executionId="da5c7ccb-cfe5-4202-a447-cc904fae57fd" testId="431c62db-9a6d-a27c-7f10-f5fa40a81866" testName="GetAbsolutePtzPositionResponse_ModelIsValid_CommandExecuted" computerName="DKSR-EFI-06" duration="00:00:00.0028694" startTime="2024-01-09T15:42:48.3102947+01:00" endTime="2024-01-09T15:42:48.3102947+01:00" testType="13cdc9d9-ddb5-4fa4-a97d-d965ccfc6d4b" outcome="Passed" testListId="8c84fa94-04c1-424b-9868-57a2d4851a1d" relativeResultsDirectory="da5c7ccb-cfe5-4202-a447-cc904fae57fd" />
    <UnitTestResult executionId="093c5ecb-a099-4574-af36-ffaafa123b57" testId="b5df2dbd-5065-cb1a-ce57-fd72707a2cdc" testName="ChannelLicenseCountManager_AddLicensedCameraFeed_Same_Device_Twice_ArgumentException" computerName="DKSR-EFI-06" duration="00:00:00.0055474" startTime="2024-01-09T15:44:59.6543756+01:00" endTime="2024-01-09T15:44:59.6543756+01:00" testType="13cdc9d9-ddb5-4fa4-a97d-d965ccfc6d4b" outcome="Passed" testListId="8c84fa94-04c1-424b-9868-57a2d4851a1d" relativeResultsDirectory="093c5ecb-a099-4574-af36-ffaafa123b57">
      <Output>
        <StdOut>Debug Trace:&#xD;
Fail: An entry is already registered for the mac address and device index.</StdOut>
      </Output>
    </UnitTestResult>
    <UnitTestResult executionId="f2cf6657-d59d-4ae8-9b38-d7b1d4272a67" testId="3651eb38-5039-fa09-00f9-acaf8a27c78a" testName="HardwareScanExpressTaskCommandHandler_Execute_RecorderNotSupported_FailResponse" computerName="DKSR-EFI-06" duration="00:00:00.0012766" startTime="2024-01-09T15:45:38.3419219+01:00" endTime="2024-01-09T15:45:38.3575440+01:00" testType="13cdc9d9-ddb5-4fa4-a97d-d965ccfc6d4b" outcome="Passed" testListId="8c84fa94-04c1-424b-9868-57a2d4851a1d" relativeResultsDirectory="f2cf6657-d59d-4ae8-9b38-d7b1d4272a67" />
    <UnitTestResult executionId="0d356dc1-f153-43d5-9514-46bfcfb704c3" testId="5f362af3-57c8-1122-bb39-fbb8155f17f4" testName="UpdateHardwareTaskCommandHandler_Construction_Null_Tests" computerName="DKSR-EFI-06" duration="00:00:00.0072165" startTime="2024-01-09T15:45:59.3453574+01:00" endTime="2024-01-09T15:45:59.3609889+01:00" testType="13cdc9d9-ddb5-4fa4-a97d-d965ccfc6d4b" outcome="Passed" testListId="8c84fa94-04c1-424b-9868-57a2d4851a1d" relativeResultsDirectory="0d356dc1-f153-43d5-9514-46bfcfb704c3">
      <Output>
        <StdOut>Debug Trace:&#xD;
Fail: Argument null</StdOut>
      </Output>
    </UnitTestResult>
    <UnitTestResult executionId="067fb0d5-8e36-40fc-8356-12da2feaea53" testId="9597e03f-fc9f-2f7d-d32b-34373140ac59" testName="ActivateArchivingCommand_ModelIsNull_BadRequestResult" computerName="DKSR-EFI-06" duration="00:00:00.0007679" startTime="2024-01-09T15:42:47.8884155+01:00" endTime="2024-01-09T15:42:47.8884155+01:00" testType="13cdc9d9-ddb5-4fa4-a97d-d965ccfc6d4b" outcome="Passed" testListId="8c84fa94-04c1-424b-9868-57a2d4851a1d" relativeResultsDirectory="067fb0d5-8e36-40fc-8356-12da2feaea53" />
    <UnitTestResult executionId="96ef0302-057a-4ec6-b785-ec5aa2c67f64" testId="40f2946a-3475-661e-ba18-f3aecc10f616" testName="AnalyzeAndCreateAuditLogs_ModifiedSecurityPermissionsDeviceRowAllVariationsThatGivesNoAuditLog_ReturnsNoAuditLog" computerName="DKSR-EFI-06" duration="00:00:00.0062834" startTime="2024-01-09T15:45:35.6231730+01:00" endTime="2024-01-09T15:45:35.6231730+01:00" testType="13cdc9d9-ddb5-4fa4-a97d-d965ccfc6d4b" outcome="Passed" testListId="8c84fa94-04c1-424b-9868-57a2d4851a1d" relativeResultsDirectory="96ef0302-057a-4ec6-b785-ec5aa2c67f64" />
    <UnitTestResult executionId="beb5108f-7c0a-4086-8687-deffd714a001" testId="aa431777-e753-d54c-edf8-7d73ed839e8e" testName="CheckConfigurationDataSet_AAC_Hardware_WithAACSetting_NotLicensed_Throws_ServerServiceException" computerName="DKSR-EFI-06" duration="00:00:00.0030564" startTime="2024-01-09T15:45:00.4981335+01:00" endTime="2024-01-09T15:45:00.4981335+01:00" testType="13cdc9d9-ddb5-4fa4-a97d-d965ccfc6d4b" outcome="Passed" testListId="8c84fa94-04c1-424b-9868-57a2d4851a1d" relativeResultsDirectory="beb5108f-7c0a-4086-8687-deffd714a001" />
    <UnitTestResult executionId="349ac2e3-61af-4c7e-89a3-abb7855f8ee0" testId="7ecc084e-eb1c-1dc2-3fa1-ca4480409cd4" testName="HardwareInGraceOnWhiteList_ReplacedWithNoInheritance_HardwareNotOnWhiteList_ShouldGiveDevicesNewGracePeriod" computerName="DKSR-EFI-06" duration="00:00:00.2310315" startTime="2024-01-09T15:44:56.2637395+01:00" endTime="2024-01-09T15:44:56.4824911+01:00" testType="13cdc9d9-ddb5-4fa4-a97d-d965ccfc6d4b" outcome="Passed" testListId="8c84fa94-04c1-424b-9868-57a2d4851a1d" relativeResultsDirectory="349ac2e3-61af-4c7e-89a3-abb7855f8ee0" />
    <UnitTestResult executionId="359d5fea-a00b-4de6-aea3-e90d749a5bc7" testId="1c6fbf34-078f-c6b0-be70-94e64ecd6198" testName="ServerAccessTokenHandler_Constructor_ThrowArgumentNullExceptionIServerTokenCache" computerName="DKSR-EFI-06" duration="00:00:00.0007243" startTime="2024-01-09T15:43:42.2166637+01:00" endTime="2024-01-09T15:43:42.2166637+01:00" testType="13cdc9d9-ddb5-4fa4-a97d-d965ccfc6d4b" outcome="Passed" testListId="8c84fa94-04c1-424b-9868-57a2d4851a1d" relativeResultsDirectory="359d5fea-a00b-4de6-aea3-e90d749a5bc7" />
    <UnitTestResult executionId="f377f450-004b-489f-a915-eebf4516f55b" testId="9b9ea6f5-28e5-0546-b495-3d365a7f9dd4" testName="Validate_LicenseCalculatorContainsAllHardwareFromAllRecordingServers_NoMissingLicenses_ContainsMultiLicense_Success" computerName="DKSR-EFI-06" duration="00:00:00.0217097" startTime="2024-01-09T15:45:01.9512445+01:00" endTime="2024-01-09T15:45:01.9824922+01:00" testType="13cdc9d9-ddb5-4fa4-a97d-d965ccfc6d4b" outcome="Passed" testListId="8c84fa94-04c1-424b-9868-57a2d4851a1d" relativeResultsDirectory="f377f450-004b-489f-a915-eebf4516f55b" />
    <UnitTestResult executionId="3534eec2-0681-4d7d-b18d-5a255b2077f2" testId="6699e28c-b031-dfee-012e-0c19020a68c6" testName="AutomaticActivation_NotQueued_OnDisabled" computerName="DKSR-EFI-06" duration="00:00:00.0010932" startTime="2024-01-09T15:43:43.4197943+01:00" endTime="2024-01-09T15:43:43.4197943+01:00" testType="13cdc9d9-ddb5-4fa4-a97d-d965ccfc6d4b" outcome="Passed" testListId="8c84fa94-04c1-424b-9868-57a2d4851a1d" relativeResultsDirectory="3534eec2-0681-4d7d-b18d-5a255b2077f2" />
    <UnitTestResult executionId="727a95df-0a19-4d2c-b634-33205f578a3f" testId="88cee1e3-316a-246b-d5dc-e5d127ebe5a2" testName="MoveHardwareTaskCommandHandler_Execute_PrepareMoveHardware_StorageOffline_FailResponse" computerName="DKSR-EFI-06" duration="00:00:00.0168719" startTime="2024-01-09T15:45:41.5137945+01:00" endTime="2024-01-09T15:45:41.5294200+01:00" testType="13cdc9d9-ddb5-4fa4-a97d-d965ccfc6d4b" outcome="Passed" testListId="8c84fa94-04c1-424b-9868-57a2d4851a1d" relativeResultsDirectory="727a95df-0a19-4d2c-b634-33205f578a3f" />
    <UnitTestResult executionId="cf7b19ac-7650-4cf9-aae4-0d49ed7003d9" testId="04c34e7c-e78e-7563-7994-efef96d7f7b4" testName="MoveHardwareTaskCommandHandler_Execute_TargetRecorder_StorageOffline_FailResponse" computerName="DKSR-EFI-06" duration="00:00:00.0016104" startTime="2024-01-09T15:45:41.5294200+01:00" endTime="2024-01-09T15:45:41.5294200+01:00" testType="13cdc9d9-ddb5-4fa4-a97d-d965ccfc6d4b" outcome="Passed" testListId="8c84fa94-04c1-424b-9868-57a2d4851a1d" relativeResultsDirectory="cf7b19ac-7650-4cf9-aae4-0d49ed7003d9" />
    <UnitTestResult executionId="d224158b-0fa0-4fa4-b848-f211ddacecf5" testId="dd83176d-4609-3020-e852-33fe8239e972" testName="HardwareInCWAOnWhiteList_ReplacedWithInheritance_HardwareNotOnWhiteList_CWAAllowed_FewerChannelsOnReplacedHardware_AllDevicesInCWA" computerName="DKSR-EFI-06" duration="00:00:00.6323811" startTime="2024-01-09T15:44:11.5136576+01:00" endTime="2024-01-09T15:44:12.1386599+01:00" testType="13cdc9d9-ddb5-4fa4-a97d-d965ccfc6d4b" outcome="Passed" testListId="8c84fa94-04c1-424b-9868-57a2d4851a1d" relativeResultsDirectory="d224158b-0fa0-4fa4-b848-f211ddacecf5" />
    <UnitTestResult executionId="eaff24c2-cea3-42ca-8105-15a76f8e0fe9" testId="cbb4fcb6-2f38-80c4-a211-f0717738d4b0" testName="CreateLicenseInformationXml_HasMultiLicenseHardwareTrue_OnHardwareWith10Channels" computerName="DKSR-EFI-06" duration="00:00:00.0148157" startTime="2024-01-09T15:45:01.8418682+01:00" endTime="2024-01-09T15:45:01.8574940+01:00" testType="13cdc9d9-ddb5-4fa4-a97d-d965ccfc6d4b" outcome="Passed" testListId="8c84fa94-04c1-424b-9868-57a2d4851a1d" relativeResultsDirectory="eaff24c2-cea3-42ca-8105-15a76f8e0fe9">
      <Output>
        <StdOut>Debug Trace:&#xD;
Fail: Attribute value invalid. 'Index'&#xD;
Fail: Attribute value invalid. 'Index'&#xD;
Fail: Attribute value invalid. 'Index'&#xD;
Fail: Attribute value invalid. 'Index'&#xD;
Fail: Attribute value invalid. 'Index'&#xD;
Fail: Attribute value invalid. 'Index'&#xD;
Fail: Attribute value invalid. 'Index'&#xD;
Fail: Attribute value invalid. 'Index'&#xD;
Fail: Attribute value invalid. 'Index'&#xD;
Fail: Attribute value invalid. 'Index'</StdOut>
      </Output>
    </UnitTestResult>
    <UnitTestResult executionId="947bc185-c066-4ad4-b387-be4bfcb5d150" testId="435120c5-b348-a047-9526-a4392d447354" testName="GetTotalReplacementLimit_ReturnsPercentageTimeNoCameras_OnPercentageInTheMiddle" computerName="DKSR-EFI-06" duration="00:00:00.0001924" startTime="2024-01-09T15:45:34.2169235+01:00" endTime="2024-01-09T15:45:34.2169235+01:00" testType="13cdc9d9-ddb5-4fa4-a97d-d965ccfc6d4b" outcome="Passed" testListId="8c84fa94-04c1-424b-9868-57a2d4851a1d" relativeResultsDirectory="947bc185-c066-4ad4-b387-be4bfcb5d150" />
    <UnitTestResult executionId="5cfd0eba-1581-4142-8233-4267e3949348" testId="dfa05749-3f41-1990-642d-87f7f0ef5bf7" testName="MultiSite_ChannelBased_SameHardwareAndDevicesOn2Recorders_NotWhitelisted_AllCamerasDisabled_ConsumesNoExtraLicenses" computerName="DKSR-EFI-06" duration="00:00:00.1798946" startTime="2024-01-09T15:44:49.9356018+01:00" endTime="2024-01-09T15:44:50.1074772+01:00" testType="13cdc9d9-ddb5-4fa4-a97d-d965ccfc6d4b" outcome="Passed" testListId="8c84fa94-04c1-424b-9868-57a2d4851a1d" relativeResultsDirectory="5cfd0eba-1581-4142-8233-4267e3949348" />
    <UnitTestResult executionId="b78a3b06-bb8c-4787-9bbd-7c27007a4b81" testId="267806a5-9bdd-be07-8447-7174cbffe64b" testName="KeepAlive_Called_CallConfirmed" computerName="DKSR-EFI-06" duration="00:00:00.0033674" startTime="2024-01-09T15:42:48.8102955+01:00" endTime="2024-01-09T15:42:48.8102955+01:00" testType="13cdc9d9-ddb5-4fa4-a97d-d965ccfc6d4b" outcome="Passed" testListId="8c84fa94-04c1-424b-9868-57a2d4851a1d" relativeResultsDirectory="b78a3b06-bb8c-4787-9bbd-7c27007a4b81" />
    <UnitTestResult executionId="6bfdbea4-ebba-47a4-ae3b-097923fe7b07" testId="c5dcff2e-626a-95c0-d547-89a3a9a6aa89" testName="ConfigurationDataSetLoader_GetDeviceRecorderPlugin_Success" computerName="DKSR-EFI-06" duration="00:00:00.0018362" startTime="2024-01-09T15:45:34.3419235+01:00" endTime="2024-01-09T15:45:34.3419235+01:00" testType="13cdc9d9-ddb5-4fa4-a97d-d965ccfc6d4b" outcome="Passed" testListId="8c84fa94-04c1-424b-9868-57a2d4851a1d" relativeResultsDirectory="6bfdbea4-ebba-47a4-ae3b-097923fe7b07" />
    <UnitTestResult executionId="a0c1ffec-6c89-4b88-a1b1-616f9298269f" testId="69fd376d-0cb0-8ca7-8db2-ffddc7854439" testName="ReplaceHardwareCommandHandler_Execute_ReplaceHardware_StreamRemoved_EnsuresValidStreamsAndTracksConfiguration" computerName="DKSR-EFI-06" duration="00:00:00.2345151" startTime="2024-01-09T15:45:43.5920024+01:00" endTime="2024-01-09T15:45:43.8264565+01:00" testType="13cdc9d9-ddb5-4fa4-a97d-d965ccfc6d4b" outcome="Passed" testListId="8c84fa94-04c1-424b-9868-57a2d4851a1d" relativeResultsDirectory="a0c1ffec-6c89-4b88-a1b1-616f9298269f" />
    <UnitTestResult executionId="979e664d-4813-4b14-a801-cfac72c9f710" testId="061bc90e-4d0a-bbed-e647-2e276f10901c" testName="LicenseHardwareRow_Validate_DeletedRowCanBeReinstated_ChangesAccepted_Success" computerName="DKSR-EFI-06" duration="00:00:00.0072356" startTime="2024-01-09T15:45:00.3418826+01:00" endTime="2024-01-09T15:45:00.3575078+01:00" testType="13cdc9d9-ddb5-4fa4-a97d-d965ccfc6d4b" outcome="Passed" testListId="8c84fa94-04c1-424b-9868-57a2d4851a1d" relativeResultsDirectory="979e664d-4813-4b14-a801-cfac72c9f710" />
    <UnitTestResult executionId="6a05df35-5dda-4eae-8664-57909de0f86a" testId="3396b17e-7d76-0fa4-f8b1-ffc9748f3b30" testName="AttachedRecorder_Register_ArgumentNull" computerName="DKSR-EFI-06" duration="00:00:00.0048773" startTime="2024-01-09T15:42:45.2790345+01:00" endTime="2024-01-09T15:42:45.2790345+01:00" testType="13cdc9d9-ddb5-4fa4-a97d-d965ccfc6d4b" outcome="Passed" testListId="8c84fa94-04c1-424b-9868-57a2d4851a1d" relativeResultsDirectory="6a05df35-5dda-4eae-8664-57909de0f86a" />
    <UnitTestResult executionId="0a9540dd-4c29-4914-bbc6-39b04d6dad65" testId="c97290e4-269e-652d-16ee-10a9916c872c" testName="LicenseCountManager_GetHardwareUsedOnSite_Success" computerName="DKSR-EFI-06" duration="00:00:00.0010901" startTime="2024-01-09T15:45:00.2325066+01:00" endTime="2024-01-09T15:45:00.2325066+01:00" testType="13cdc9d9-ddb5-4fa4-a97d-d965ccfc6d4b" outcome="Passed" testListId="8c84fa94-04c1-424b-9868-57a2d4851a1d" relativeResultsDirectory="0a9540dd-4c29-4914-bbc6-39b04d6dad65" />
    <UnitTestResult executionId="4253cacb-844c-4072-8eb1-eae970b2b543" testId="0598fc00-fb3e-91bf-f784-e4b64a3cfa57" testName="Validate_DisabledCameraNotPartOfHardwareFeed_Success" computerName="DKSR-EFI-06" duration="00:00:00.6386211" startTime="2024-01-09T15:45:32.2169211+01:00" endTime="2024-01-09T15:45:32.8575430+01:00" testType="13cdc9d9-ddb5-4fa4-a97d-d965ccfc6d4b" outcome="Passed" testListId="8c84fa94-04c1-424b-9868-57a2d4851a1d" relativeResultsDirectory="4253cacb-844c-4072-8eb1-eae970b2b543" />
    <UnitTestResult executionId="adf5ed43-3ae1-4dc1-a2fe-1659a7e0a534" testId="09154a1f-0b6f-795a-a6d4-6a0d40cceb72" testName="Validate_HardwareNotOnWhiteList_StaysOutOfGrace_WhenGracePeriodExpires" computerName="DKSR-EFI-06" duration="00:00:00.4209743" startTime="2024-01-09T15:44:42.3128232+01:00" endTime="2024-01-09T15:44:42.7324506+01:00" testType="13cdc9d9-ddb5-4fa4-a97d-d965ccfc6d4b" outcome="Passed" testListId="8c84fa94-04c1-424b-9868-57a2d4851a1d" relativeResultsDirectory="adf5ed43-3ae1-4dc1-a2fe-1659a7e0a534" />
    <UnitTestResult executionId="b1716457-1459-4582-9997-4f28dfa59d19" testId="b2e31265-14ee-8e35-63db-c09f124e2cfc" testName="ReplaceHardwareTaskCommandHandler_Execute_Null_Tests" computerName="DKSR-EFI-06" duration="00:00:00.0105444" startTime="2024-01-09T15:45:43.8420876+01:00" endTime="2024-01-09T15:45:43.8420876+01:00" testType="13cdc9d9-ddb5-4fa4-a97d-d965ccfc6d4b" outcome="Passed" testListId="8c84fa94-04c1-424b-9868-57a2d4851a1d" relativeResultsDirectory="b1716457-1459-4582-9997-4f28dfa59d19">
      <Output>
        <StdOut>Debug Trace:&#xD;
Fail: Command/Command handler type mismatch&#xD;
Fail: The command handler expect an object that implements ICallContextInfo in the state parameter&#xD;
Fail: The command handler expect an object that implements IResponseSink in the responseSink parameter</StdOut>
      </Output>
    </UnitTestResult>
    <UnitTestResult executionId="16fc617e-8b48-4594-b824-b4f077c7522e" testId="bf0ddccc-6576-143a-b9dd-531f9f8eb094" testName="ActivateUserDefinedEventOnRemoteSiteCommand_ModelIsNull_BadRequestResult" computerName="DKSR-EFI-06" duration="00:00:00.0008125" startTime="2024-01-09T15:42:48.4977954+01:00" endTime="2024-01-09T15:42:48.4977954+01:00" testType="13cdc9d9-ddb5-4fa4-a97d-d965ccfc6d4b" outcome="Passed" testListId="8c84fa94-04c1-424b-9868-57a2d4851a1d" relativeResultsDirectory="16fc617e-8b48-4594-b824-b4f077c7522e" />
    <UnitTestResult executionId="ee0e6d20-3039-4a00-a0a1-65390e7c6f9e" testId="827ea961-ea96-95f8-5698-27b5bb46d034" testName="HardwareInCWAOnWhiteList_ReplacedWithInheritance_HardwareOnWhiteList_MixedCWAAllowed_FewerChannelsOnReplacedHardware_NewHardwareInCWA" computerName="DKSR-EFI-06" duration="00:00:00.2720769" startTime="2024-01-09T15:44:22.5605573+01:00" endTime="2024-01-09T15:44:22.8261821+01:00" testType="13cdc9d9-ddb5-4fa4-a97d-d965ccfc6d4b" outcome="Passed" testListId="8c84fa94-04c1-424b-9868-57a2d4851a1d" relativeResultsDirectory="ee0e6d20-3039-4a00-a0a1-65390e7c6f9e" />
    <UnitTestResult executionId="716b8905-dc03-491d-8a7a-2a58d2346ac0" testId="cc08e950-8ecb-5d66-b17d-66c1b10f4d28" testName="CheckExternalRecorderRegistrationCommandHandler_Execute_ReturnsFailResponseOnEmptyRecorderId" computerName="DKSR-EFI-06" duration="00:00:00.0009249" startTime="2024-01-09T15:45:34.8419227+01:00" endTime="2024-01-09T15:45:34.8419227+01:00" testType="13cdc9d9-ddb5-4fa4-a97d-d965ccfc6d4b" outcome="Passed" testListId="8c84fa94-04c1-424b-9868-57a2d4851a1d" relativeResultsDirectory="716b8905-dc03-491d-8a7a-2a58d2346ac0" />
    <UnitTestResult executionId="d987e65c-01a7-48a8-803c-63c2c8d255de" testId="0e83b50a-da00-da05-b65e-fa2506fdbb9a" testName="HardwareScanExpressTaskCommandHandlerTest_Constructor_Arguments_Null_Throws" computerName="DKSR-EFI-06" duration="00:00:00.0052033" startTime="2024-01-09T15:45:38.1544177+01:00" endTime="2024-01-09T15:45:38.1544177+01:00" testType="13cdc9d9-ddb5-4fa4-a97d-d965ccfc6d4b" outcome="Passed" testListId="8c84fa94-04c1-424b-9868-57a2d4851a1d" relativeResultsDirectory="d987e65c-01a7-48a8-803c-63c2c8d255de">
      <Output>
        <StdOut>Debug Trace:&#xD;
Fail: Argument null</StdOut>
      </Output>
    </UnitTestResult>
    <UnitTestResult executionId="3afac634-10b3-424f-b53b-20af62956171" testId="301c0570-9568-31b5-139e-04af498bd6d4" testName="RecorderTaskSuccess_RecorderNotFoundException_Handled" computerName="DKSR-EFI-06" duration="00:00:00.0006028" startTime="2024-01-09T15:42:48.0759176+01:00" endTime="2024-01-09T15:42:48.0759176+01:00" testType="13cdc9d9-ddb5-4fa4-a97d-d965ccfc6d4b" outcome="Passed" testListId="8c84fa94-04c1-424b-9868-57a2d4851a1d" relativeResultsDirectory="3afac634-10b3-424f-b53b-20af62956171" />
    <UnitTestResult executionId="b17573c6-dc51-4f4c-844a-45921ba7c2f4" testId="af643efc-0d6d-9696-0106-50e93cf12675" testName="AutomaticActivation_LogsFailedMessageInServerLogs_OnFailedActivation" computerName="DKSR-EFI-06" duration="00:00:00.0005513" startTime="2024-01-09T15:43:43.4041691+01:00" endTime="2024-01-09T15:43:43.4041691+01:00" testType="13cdc9d9-ddb5-4fa4-a97d-d965ccfc6d4b" outcome="Passed" testListId="8c84fa94-04c1-424b-9868-57a2d4851a1d" relativeResultsDirectory="b17573c6-dc51-4f4c-844a-45921ba7c2f4" />
    <UnitTestResult executionId="91f12bb6-fb44-4238-9f37-153503740c08" testId="fc74b4de-78a2-cd18-f36c-43512d3260ce" testName="CheckSecurityDataSetTest_Licensed" computerName="DKSR-EFI-06" duration="00:00:00.0032270" startTime="2024-01-09T15:45:00.4043819+01:00" endTime="2024-01-09T15:45:00.4043819+01:00" testType="13cdc9d9-ddb5-4fa4-a97d-d965ccfc6d4b" outcome="Passed" testListId="8c84fa94-04c1-424b-9868-57a2d4851a1d" relativeResultsDirectory="91f12bb6-fb44-4238-9f37-153503740c08" />
    <UnitTestResult executionId="96274b8d-1898-4445-9f3c-55722a395518" testId="22a490c0-6acc-6ed1-db4f-f6924fd19704" testName="HardwareInGraceNotOnWhiteList_ReplacedWithInheritance_HardwareNotOnWhiteList_MoreDevicesOnNewHardware_ShouldGiveDevicesNewGracePeriod" computerName="DKSR-EFI-06" duration="00:00:00.3743337" startTime="2024-01-09T15:44:56.4981163+01:00" endTime="2024-01-09T15:44:56.8731190+01:00" testType="13cdc9d9-ddb5-4fa4-a97d-d965ccfc6d4b" outcome="Passed" testListId="8c84fa94-04c1-424b-9868-57a2d4851a1d" relativeResultsDirectory="96274b8d-1898-4445-9f3c-55722a395518" />
    <UnitTestResult executionId="792869fa-bdea-4f0a-90a5-8e65a0c872aa" testId="ed78d81e-22e0-7786-addc-10f6223b5e3d" testName="SetRecorderSpecificConfiguration_ModelIsValid_ActionExecuted" computerName="DKSR-EFI-06" duration="00:00:00.0096043" startTime="2024-01-09T15:42:47.4040358+01:00" endTime="2024-01-09T15:42:47.4040358+01:00" testType="13cdc9d9-ddb5-4fa4-a97d-d965ccfc6d4b" outcome="Passed" testListId="8c84fa94-04c1-424b-9868-57a2d4851a1d" relativeResultsDirectory="792869fa-bdea-4f0a-90a5-8e65a0c872aa" />
    <UnitTestResult executionId="d198babb-f815-415a-a612-5fb84215576c" testId="3adb8872-ad9b-6d0e-8a10-32be252fb605" testName="ChangeHardwarePasswordTaskCommandHandler_Execute_Failed_Unsupported_Response" computerName="DKSR-EFI-06" duration="00:00:00.0009579" startTime="2024-01-09T15:45:34.7481695+01:00" endTime="2024-01-09T15:45:34.7481695+01:00" testType="13cdc9d9-ddb5-4fa4-a97d-d965ccfc6d4b" outcome="Passed" testListId="8c84fa94-04c1-424b-9868-57a2d4851a1d" relativeResultsDirectory="d198babb-f815-415a-a612-5fb84215576c" />
    <UnitTestResult executionId="6ba7075b-bbe7-43e0-b464-1d1ed3064dd4" testId="219b580c-7496-f80c-c908-a3faae2d455d" testName="EvidenceLockUpdateScheduler_FullCheckTimerCallback_Issues_Command" computerName="DKSR-EFI-06" duration="00:00:00.0085619" startTime="2024-01-09T15:42:45.0602831+01:00" endTime="2024-01-09T15:42:45.0602831+01:00" testType="13cdc9d9-ddb5-4fa4-a97d-d965ccfc6d4b" outcome="Passed" testListId="8c84fa94-04c1-424b-9868-57a2d4851a1d" relativeResultsDirectory="6ba7075b-bbe7-43e0-b464-1d1ed3064dd4" />
    <UnitTestResult executionId="cfb79d45-9cbd-4b14-8758-818a18052bd8" testId="31f844ec-9d40-2405-88d9-f17d5587c8d4" testName="FirmwareUpgradeTaskCommandHandler_Execute_Failed_ExceptionResponse" computerName="DKSR-EFI-06" duration="00:00:00.0008768" startTime="2024-01-09T15:45:37.9981689+01:00" endTime="2024-01-09T15:45:38.0137947+01:00" testType="13cdc9d9-ddb5-4fa4-a97d-d965ccfc6d4b" outcome="Passed" testListId="8c84fa94-04c1-424b-9868-57a2d4851a1d" relativeResultsDirectory="cfb79d45-9cbd-4b14-8758-818a18052bd8" />
    <UnitTestResult executionId="e64ba7fa-237f-4a3b-9757-ab9430420275" testId="664c6c39-1950-e918-603e-2d8ac39f7b2d" testName="HardwareLicense_AddNew_IsUpdated_SetToTrue_Success" computerName="DKSR-EFI-06" duration="00:00:00.0004788" startTime="2024-01-09T15:45:34.0450447+01:00" endTime="2024-01-09T15:45:34.0450447+01:00" testType="13cdc9d9-ddb5-4fa4-a97d-d965ccfc6d4b" outcome="Passed" testListId="8c84fa94-04c1-424b-9868-57a2d4851a1d" relativeResultsDirectory="e64ba7fa-237f-4a3b-9757-ab9430420275" />
    <UnitTestResult executionId="0d262c83-085f-4d63-b16f-bfb49f11446d" testId="28c4446e-aad8-7185-ef96-d98e3c51ee97" testName="Get_TokenIsValid_ManagerCalledWithCorrectTokenOKReturned" computerName="DKSR-EFI-06" duration="00:00:00.0023077" startTime="2024-01-09T15:42:48.8415470+01:00" endTime="2024-01-09T15:42:48.8415470+01:00" testType="13cdc9d9-ddb5-4fa4-a97d-d965ccfc6d4b" outcome="Passed" testListId="8c84fa94-04c1-424b-9868-57a2d4851a1d" relativeResultsDirectory="0d262c83-085f-4d63-b16f-bfb49f11446d" />
    <UnitTestResult executionId="26dac222-17d9-4f90-90d6-ec7774c1c8f2" testId="7199b2e8-d37d-e7bc-0513-bee38372c236" testName="GetRecorderLicense_DevicesGetNewGrace_OnReplacingHardwareAndCBL" computerName="DKSR-EFI-06" duration="00:00:00.1328961" startTime="2024-01-09T15:45:15.7637750+01:00" endTime="2024-01-09T15:45:15.8887780+01:00" testType="13cdc9d9-ddb5-4fa4-a97d-d965ccfc6d4b" outcome="Passed" testListId="8c84fa94-04c1-424b-9868-57a2d4851a1d" relativeResultsDirectory="26dac222-17d9-4f90-90d6-ec7774c1c8f2" />
    <UnitTestResult executionId="1f6e0750-4e72-4ca0-be6b-fa9c8f47ecb3" testId="3bf9fd99-2e55-5c79-c79c-9d7306c62029" testName="AllocateLicenses_ActivatedHardwareWithMultipleCamerasEnabledAndOneDisabled_EnablingCameraShouldGoIntoGrace_OnZeroCWA" computerName="DKSR-EFI-06" duration="00:00:00.3045242" startTime="2024-01-09T15:44:39.4824354+01:00" endTime="2024-01-09T15:44:39.7949386+01:00" testType="13cdc9d9-ddb5-4fa4-a97d-d965ccfc6d4b" outcome="Passed" testListId="8c84fa94-04c1-424b-9868-57a2d4851a1d" relativeResultsDirectory="1f6e0750-4e72-4ca0-be6b-fa9c8f47ecb3" />
    <UnitTestResult executionId="d7cfc84f-9b2f-461b-a022-b5492a67596c" testId="eb99bd4e-9cc8-e21f-b14f-dc174e20aaf6" testName="ChannelLicenseCountManager_ReplacementHardware_ClearByRecorder_DoesNotChangeReplacementLimit" computerName="DKSR-EFI-06" duration="00:00:00.0015117" startTime="2024-01-09T15:44:59.9825021+01:00" endTime="2024-01-09T15:44:59.9825021+01:00" testType="13cdc9d9-ddb5-4fa4-a97d-d965ccfc6d4b" outcome="Passed" testListId="8c84fa94-04c1-424b-9868-57a2d4851a1d" relativeResultsDirectory="d7cfc84f-9b2f-461b-a022-b5492a67596c" />
    <UnitTestResult executionId="d1febde0-972c-4731-914d-5cc98af601ac" testId="dee144f2-c923-9577-9616-7ae90de03971" testName="TotalReplacementLimit_ReturnsCorrectReplacementLimit" computerName="DKSR-EFI-06" duration="00:00:00.0047063" startTime="2024-01-09T15:45:10.2012578+01:00" endTime="2024-01-09T15:45:10.2012578+01:00" testType="13cdc9d9-ddb5-4fa4-a97d-d965ccfc6d4b" outcome="Passed" testListId="8c84fa94-04c1-424b-9868-57a2d4851a1d" relativeResultsDirectory="d1febde0-972c-4731-914d-5cc98af601ac" />
    <UnitTestResult executionId="1a177d4e-8600-4877-b66e-3966e5daf91d" testId="0057c070-6d41-46ef-72cd-914d222ec0d4" testName="ActivatedHardwareNotOnWhiteList_ReplacedWith_HardwareNotOnWhiteList_ShouldPutDevicesInCWAAndGrace" computerName="DKSR-EFI-06" duration="00:00:00.1716827" startTime="2024-01-09T15:44:52.1074819+01:00" endTime="2024-01-09T15:44:52.2793588+01:00" testType="13cdc9d9-ddb5-4fa4-a97d-d965ccfc6d4b" outcome="Passed" testListId="8c84fa94-04c1-424b-9868-57a2d4851a1d" relativeResultsDirectory="1a177d4e-8600-4877-b66e-3966e5daf91d" />
    <UnitTestResult executionId="457ae238-f8ec-4b7a-9ef6-b34a2857f49b" testId="0c83eacf-f73a-55e5-c6ed-112644425217" testName="GenerateLicenseRequestAsXml_Success_With1DeviceCompletelyDisabledAnd2EnabledCameras_ValidLicenseWithEmptyWhiteList" computerName="DKSR-EFI-06" duration="00:00:00.5799867" startTime="2024-01-09T15:45:28.5919193+01:00" endTime="2024-01-09T15:45:29.1700450+01:00" testType="13cdc9d9-ddb5-4fa4-a97d-d965ccfc6d4b" outcome="Passed" testListId="8c84fa94-04c1-424b-9868-57a2d4851a1d" relativeResultsDirectory="457ae238-f8ec-4b7a-9ef6-b34a2857f49b" />
    <UnitTestResult executionId="ca208f82-cbcf-47fd-bd37-4bf5328bfed8" testId="cc30a5ef-59d0-2f76-5006-56864e18c145" testName="CreateLicenseRequest_CreatesLicenseRequestHardware_OnHardwareLicensingFlag" computerName="DKSR-EFI-06" duration="00:00:00.0316823" startTime="2024-01-09T15:45:13.5450149+01:00" endTime="2024-01-09T15:45:13.5762650+01:00" testType="13cdc9d9-ddb5-4fa4-a97d-d965ccfc6d4b" outcome="Passed" testListId="8c84fa94-04c1-424b-9868-57a2d4851a1d" relativeResultsDirectory="ca208f82-cbcf-47fd-bd37-4bf5328bfed8" />
    <UnitTestResult executionId="04fa6a6c-8568-4521-83c7-af7f03466c18" testId="082500b4-bdc0-a1fc-952f-ab967f4ac76b" testName="ServerAccessTokenHandler_Constructor_Success" computerName="DKSR-EFI-06" duration="00:00:00.0001720" startTime="2024-01-09T15:43:42.2166637+01:00" endTime="2024-01-09T15:43:42.2166637+01:00" testType="13cdc9d9-ddb5-4fa4-a97d-d965ccfc6d4b" outcome="Passed" testListId="8c84fa94-04c1-424b-9868-57a2d4851a1d" relativeResultsDirectory="04fa6a6c-8568-4521-83c7-af7f03466c18" />
    <UnitTestResult executionId="4193fcb4-8eb3-41ca-93a2-8f97c0b84aaa" testId="24b036de-d6df-4806-82fa-557c86be4a85" testName="LicenseCountManager_RemoveDevicesFromChangesWithoutActivation_ProperlyRemovesDevices" computerName="DKSR-EFI-06" duration="00:00:00.0015173" startTime="2024-01-09T15:45:00.1544384+01:00" endTime="2024-01-09T15:45:00.1544384+01:00" testType="13cdc9d9-ddb5-4fa4-a97d-d965ccfc6d4b" outcome="Passed" testListId="8c84fa94-04c1-424b-9868-57a2d4851a1d" relativeResultsDirectory="4193fcb4-8eb3-41ca-93a2-8f97c0b84aaa" />
    <UnitTestResult executionId="fe9295cc-74dd-42d1-9f4f-984365e1fac4" testId="79692448-4334-8217-153a-6c48b576df43" testName="HardwareLicense_GetExpireDate_NullHardwareInfo_Throws_ArgumentNullException" computerName="DKSR-EFI-06" duration="00:00:00.0007914" startTime="2024-01-09T15:45:34.0762953+01:00" endTime="2024-01-09T15:45:34.0762953+01:00" testType="13cdc9d9-ddb5-4fa4-a97d-d965ccfc6d4b" outcome="Passed" testListId="8c84fa94-04c1-424b-9868-57a2d4851a1d" relativeResultsDirectory="fe9295cc-74dd-42d1-9f4f-984365e1fac4" />
    <UnitTestResult executionId="cd9beb8b-f088-4e86-99f1-420bb679a17f" testId="7adea5e7-540d-b8b1-2170-ef656c51b562" testName="HardwareScanTaskCommandHandler_Execute_TargetInvocationException_FailResponse" computerName="DKSR-EFI-06" duration="00:00:00.0011016" startTime="2024-01-09T15:45:38.4825426+01:00" endTime="2024-01-09T15:45:38.4825426+01:00" testType="13cdc9d9-ddb5-4fa4-a97d-d965ccfc6d4b" outcome="Passed" testListId="8c84fa94-04c1-424b-9868-57a2d4851a1d" relativeResultsDirectory="cd9beb8b-f088-4e86-99f1-420bb679a17f" />
    <UnitTestResult executionId="3ae86dee-85a6-4e9b-8652-4ac780b6dfe6" testId="7268c422-d3fa-aa41-be94-6e44f7c4fc74" testName="HardwareInCWANotOnWhiteList_ReplacedWithInheritance_HardwareOnWhiteList_NoMoreCWAAllowed_FewerChannelsOnReplacedHardware_NewHardwareInGrace" computerName="DKSR-EFI-06" duration="00:00:00.3892590" startTime="2024-01-09T15:44:07.4511435+01:00" endTime="2024-01-09T15:44:07.8417681+01:00" testType="13cdc9d9-ddb5-4fa4-a97d-d965ccfc6d4b" outcome="Passed" testListId="8c84fa94-04c1-424b-9868-57a2d4851a1d" relativeResultsDirectory="3ae86dee-85a6-4e9b-8652-4ac780b6dfe6" />
    <UnitTestResult executionId="6df28ebf-29e1-4c10-b32d-9e4695c53e62" testId="221fd461-d9e0-38c0-74af-0b4a047e67c3" testName="UpdateLicense_AllocatesOneGraceLicense_OnSameHwOnTwoRecordingServers_WithSecondHwEmpty" computerName="DKSR-EFI-06" duration="00:00:01.0431457" startTime="2024-01-09T15:45:17.1387754+01:00" endTime="2024-01-09T15:45:18.1856534+01:00" testType="13cdc9d9-ddb5-4fa4-a97d-d965ccfc6d4b" outcome="Passed" testListId="8c84fa94-04c1-424b-9868-57a2d4851a1d" relativeResultsDirectory="6df28ebf-29e1-4c10-b32d-9e4695c53e62" />
    <UnitTestResult executionId="b2a87f16-931e-41a1-877a-b360f702de61" testId="40fefcc0-5c6a-3a59-b214-d27d27c34cf3" testName="Ctor_LogReceiverNull_ThrowsArgumentNullException" computerName="DKSR-EFI-06" duration="00:00:00.0013855" startTime="2024-01-09T15:43:42.9041672+01:00" endTime="2024-01-09T15:43:42.9041672+01:00" testType="13cdc9d9-ddb5-4fa4-a97d-d965ccfc6d4b" outcome="Passed" testListId="8c84fa94-04c1-424b-9868-57a2d4851a1d" relativeResultsDirectory="b2a87f16-931e-41a1-877a-b360f702de61" />
    <UnitTestResult executionId="94b2bc5b-c5bc-44d7-bf20-144b1a207b52" testId="3697a0ce-9e18-5206-1f42-a2c445978d4a" testName="Validate_FirstGraceExpireShown_WithWhiteListedHardwareOnly_Success" computerName="DKSR-EFI-06" duration="00:00:00.1128329" startTime="2024-01-09T15:45:02.2949931+01:00" endTime="2024-01-09T15:45:02.4043680+01:00" testType="13cdc9d9-ddb5-4fa4-a97d-d965ccfc6d4b" outcome="Passed" testListId="8c84fa94-04c1-424b-9868-57a2d4851a1d" relativeResultsDirectory="94b2bc5b-c5bc-44d7-bf20-144b1a207b52" />
    <UnitTestResult executionId="fbbbbe51-67cb-45cf-8bed-bbc7e169ad1d" testId="d895999e-44d6-5318-b590-acf283c2ef42" testName="AddHardwareUserCommandHandler_Execute_ReturnsFailResponseOnEmptyRecorderServiceId" computerName="DKSR-EFI-06" duration="00:00:00.0011423" startTime="2024-01-09T15:45:34.6076281+01:00" endTime="2024-01-09T15:45:34.6076281+01:00" testType="13cdc9d9-ddb5-4fa4-a97d-d965ccfc6d4b" outcome="Passed" testListId="8c84fa94-04c1-424b-9868-57a2d4851a1d" relativeResultsDirectory="fbbbbe51-67cb-45cf-8bed-bbc7e169ad1d" />
    <UnitTestResult executionId="9f3e2cd3-bc53-45e5-b921-685ae896f999" testId="f84c3a1f-aa4e-cfd7-bcbb-3339a20f65d4" testName="GetRecorderLicenseDatasets_Success_ValidLicenseWithEmptyWhiteList" computerName="DKSR-EFI-06" duration="00:00:00.0830577" startTime="2024-01-09T15:45:25.7950405+01:00" endTime="2024-01-09T15:45:25.8887908+01:00" testType="13cdc9d9-ddb5-4fa4-a97d-d965ccfc6d4b" outcome="Passed" testListId="8c84fa94-04c1-424b-9868-57a2d4851a1d" relativeResultsDirectory="9f3e2cd3-bc53-45e5-b921-685ae896f999" />
    <UnitTestResult executionId="d85c9fc6-57e3-4ead-b32e-c0806d701b88" testId="02d84cd5-f194-d426-ea17-5cdcafecf442" testName="GetRecorderLicense_NonCameraDevicesAreMissingFromRecorderLicense_OnHardwareWithUnlicensedDevices" computerName="DKSR-EFI-06" duration="00:00:00.6534610" startTime="2024-01-09T15:45:14.0606428+01:00" endTime="2024-01-09T15:45:14.7168951+01:00" testType="13cdc9d9-ddb5-4fa4-a97d-d965ccfc6d4b" outcome="Passed" testListId="8c84fa94-04c1-424b-9868-57a2d4851a1d" relativeResultsDirectory="d85c9fc6-57e3-4ead-b32e-c0806d701b88" />
    <UnitTestResult executionId="319a9c64-4372-455b-b948-25b2ba345db2" testId="c2068be2-4b9a-2d31-5ccd-a114d2f9c690" testName="ConfigurationDataSetLoader_GetDeviceRecorderPlugins_Success" computerName="DKSR-EFI-06" duration="00:00:00.0014933" startTime="2024-01-09T15:45:34.3419235+01:00" endTime="2024-01-09T15:45:34.3419235+01:00" testType="13cdc9d9-ddb5-4fa4-a97d-d965ccfc6d4b" outcome="Passed" testListId="8c84fa94-04c1-424b-9868-57a2d4851a1d" relativeResultsDirectory="319a9c64-4372-455b-b948-25b2ba345db2" />
    <UnitTestResult executionId="108a70af-2c0c-4c6d-b5fd-e1f64a02bab9" testId="3cb65f0e-e345-0459-17cf-270ca0245297" testName="SendMultiNotification_ModelIsValid_CommandExecuted" computerName="DKSR-EFI-06" duration="00:00:00.0037245" startTime="2024-01-09T15:42:48.0446671+01:00" endTime="2024-01-09T15:42:48.0602930+01:00" testType="13cdc9d9-ddb5-4fa4-a97d-d965ccfc6d4b" outcome="Passed" testListId="8c84fa94-04c1-424b-9868-57a2d4851a1d" relativeResultsDirectory="108a70af-2c0c-4c6d-b5fd-e1f64a02bab9" />
    <UnitTestResult executionId="2a3767e5-6e1d-461c-8340-401bd409dec5" testId="603733f6-30ea-cd8a-b333-184e6306073f" testName="DeviceLicense_SetExpire_ExistingItem_Success" computerName="DKSR-EFI-06" duration="00:00:00.0007445" startTime="2024-01-09T15:45:34.1387930+01:00" endTime="2024-01-09T15:45:34.1387930+01:00" testType="13cdc9d9-ddb5-4fa4-a97d-d965ccfc6d4b" outcome="Passed" testListId="8c84fa94-04c1-424b-9868-57a2d4851a1d" relativeResultsDirectory="2a3767e5-6e1d-461c-8340-401bd409dec5" />
    <UnitTestResult executionId="d4ae56e1-98fd-4999-bc50-a261fbf9a7cc" testId="d0a6b9a5-facf-84c8-5ec8-159e3f74ddcf" testName="AttachedRecorder_GetRecorderEntryFromUri_Success" computerName="DKSR-EFI-06" duration="00:00:00.0018297" startTime="2024-01-09T15:42:45.3415339+01:00" endTime="2024-01-09T15:42:45.3415339+01:00" testType="13cdc9d9-ddb5-4fa4-a97d-d965ccfc6d4b" outcome="Passed" testListId="8c84fa94-04c1-424b-9868-57a2d4851a1d" relativeResultsDirectory="d4ae56e1-98fd-4999-bc50-a261fbf9a7cc" />
    <UnitTestResult executionId="a94fc32f-a408-4e05-8291-8d2a85477f71" testId="ab5f95ca-376c-29c8-043b-8977d381b570" testName="IsHardwareInCurrentYearChangesWithoutActivation_ReturnsFalse_OnHardwareWithoutChangesToken" computerName="DKSR-EFI-06" duration="00:00:00.0098691" startTime="2024-01-09T15:45:09.8887599+01:00" endTime="2024-01-09T15:45:09.9043814+01:00" testType="13cdc9d9-ddb5-4fa4-a97d-d965ccfc6d4b" outcome="Passed" testListId="8c84fa94-04c1-424b-9868-57a2d4851a1d" relativeResultsDirectory="a94fc32f-a408-4e05-8291-8d2a85477f71" />
    <UnitTestResult executionId="2484c642-7d3f-4b93-a6b4-f6def19c2d28" testId="5ec127f6-d2e6-9022-fc7d-9ae5e2a5b56e" testName="SetHardwareNetworkSettingsCommandHandler_Execute_EmptyRecorderId_ReturnsFailResponse" computerName="DKSR-EFI-06" duration="00:00:00.0009234" startTime="2024-01-09T15:45:43.9358662+01:00" endTime="2024-01-09T15:45:43.9358662+01:00" testType="13cdc9d9-ddb5-4fa4-a97d-d965ccfc6d4b" outcome="Passed" testListId="8c84fa94-04c1-424b-9868-57a2d4851a1d" relativeResultsDirectory="2484c642-7d3f-4b93-a6b4-f6def19c2d28" />
    <UnitTestResult executionId="f2b62c7e-a8ee-4f7a-91f1-81c3f7eab63f" testId="426a626f-f337-b0a2-711d-d411188afc7d" testName="GetHardwareUsersCommandHandler_Execute_RecorderNotConnected_ReturnsRecorderUnavailableResponse" computerName="DKSR-EFI-06" duration="00:00:00.0010090" startTime="2024-01-09T15:45:38.1387957+01:00" endTime="2024-01-09T15:45:38.1387957+01:00" testType="13cdc9d9-ddb5-4fa4-a97d-d965ccfc6d4b" outcome="Passed" testListId="8c84fa94-04c1-424b-9868-57a2d4851a1d" relativeResultsDirectory="f2b62c7e-a8ee-4f7a-91f1-81c3f7eab63f" />
    <UnitTestResult executionId="8a3210bf-bb91-42b5-83c7-8264e08fa2f1" testId="6e365ffd-7cd6-2155-302c-116777d6078a" testName="SetRecorderSpecificConfiguration_JsonSerializeDesirialize_Success" computerName="DKSR-EFI-06" duration="00:00:00.4089377" startTime="2024-01-09T15:42:47.4040358+01:00" endTime="2024-01-09T15:42:47.8259134+01:00" testType="13cdc9d9-ddb5-4fa4-a97d-d965ccfc6d4b" outcome="Passed" testListId="8c84fa94-04c1-424b-9868-57a2d4851a1d" relativeResultsDirectory="8a3210bf-bb91-42b5-83c7-8264e08fa2f1" />
    <UnitTestResult executionId="76f21c89-5ca3-4fe8-ac7e-e33c10405b0f" testId="82f4fe24-8b32-b63f-4cc0-6c9b60c68c5a" testName="ChangeHardwarePasswordTaskCommandHandler_Execute_Failed_FailedUserAccessDenied_Response" computerName="DKSR-EFI-06" duration="00:00:00.0013228" startTime="2024-01-09T15:45:34.7794199+01:00" endTime="2024-01-09T15:45:34.7794199+01:00" testType="13cdc9d9-ddb5-4fa4-a97d-d965ccfc6d4b" outcome="Passed" testListId="8c84fa94-04c1-424b-9868-57a2d4851a1d" relativeResultsDirectory="76f21c89-5ca3-4fe8-ac7e-e33c10405b0f" />
    <UnitTestResult executionId="606a47a1-1883-43b0-a0b9-c424c8100041" testId="ec814362-5678-9178-3c3f-acbc4e24f5e1" testName="HardwareScanExpressTaskCommandHandler_Execute_Timeout_FailResponse" computerName="DKSR-EFI-06" duration="00:00:00.0011484" startTime="2024-01-09T15:45:38.3575440+01:00" endTime="2024-01-09T15:45:38.3575440+01:00" testType="13cdc9d9-ddb5-4fa4-a97d-d965ccfc6d4b" outcome="Passed" testListId="8c84fa94-04c1-424b-9868-57a2d4851a1d" relativeResultsDirectory="606a47a1-1883-43b0-a0b9-c424c8100041" />
    <UnitTestResult executionId="1c9a4ef3-677d-47ec-a6af-47b668a71c38" testId="15c67955-7773-e637-5545-1a3e6f51761c" testName="HardwareActivatedNotOnWhiteList_NoCameraChannels_ReplacedWith_HardwareNotOnWhiteList_WithCameraChannels" computerName="DKSR-EFI-06" duration="00:00:00.2723080" startTime="2024-01-09T15:44:26.2324325+01:00" endTime="2024-01-09T15:44:26.4981099+01:00" testType="13cdc9d9-ddb5-4fa4-a97d-d965ccfc6d4b" outcome="Passed" testListId="8c84fa94-04c1-424b-9868-57a2d4851a1d" relativeResultsDirectory="1c9a4ef3-677d-47ec-a6af-47b668a71c38" />
    <UnitTestResult executionId="43ce5101-17dd-4c13-be1b-e70b01fb8e2d" testId="1a682357-7db5-91a8-093a-d3ec64ecb218" testName="ChangeHardwarePasswordTaskCommandHandler_Clone_Returns_Same_Reference" computerName="DKSR-EFI-06" duration="00:00:00.0295879" startTime="2024-01-09T15:45:34.6231726+01:00" endTime="2024-01-09T15:45:34.6544223+01:00" testType="13cdc9d9-ddb5-4fa4-a97d-d965ccfc6d4b" outcome="Passed" testListId="8c84fa94-04c1-424b-9868-57a2d4851a1d" relativeResultsDirectory="43ce5101-17dd-4c13-be1b-e70b01fb8e2d" />
    <UnitTestResult executionId="dbdbc9bc-e823-42fb-94a9-4875385058c4" testId="c3beedb4-5102-026d-a724-891c471d87e4" testName="CheckConfigurationDataSetTest_BookmarkNotLicensedFail" computerName="DKSR-EFI-06" duration="00:00:00.0028569" startTime="2024-01-09T15:45:00.4043819+01:00" endTime="2024-01-09T15:45:00.4043819+01:00" testType="13cdc9d9-ddb5-4fa4-a97d-d965ccfc6d4b" outcome="Passed" testListId="8c84fa94-04c1-424b-9868-57a2d4851a1d" relativeResultsDirectory="dbdbc9bc-e823-42fb-94a9-4875385058c4" />
    <UnitTestResult executionId="2a253834-1870-4b15-b9b3-95c6fdfdf9fe" testId="b6678187-a9b9-f1aa-76c8-f5999e513d01" testName="Get_RecorderNotFoundException_Handled" computerName="DKSR-EFI-06" duration="00:00:00.0008980" startTime="2024-01-09T15:42:48.8415470+01:00" endTime="2024-01-09T15:42:48.8415470+01:00" testType="13cdc9d9-ddb5-4fa4-a97d-d965ccfc6d4b" outcome="Passed" testListId="8c84fa94-04c1-424b-9868-57a2d4851a1d" relativeResultsDirectory="2a253834-1870-4b15-b9b3-95c6fdfdf9fe" />
    <UnitTestResult executionId="c48fd430-42b1-480e-897b-d1425dda32df" testId="aa11b82a-f145-9817-d80f-91a78982fdf3" testName="GetRecorderLicense_AddsHardwareToChangesWithoutActivation_OnChangesWithoutActivationFilledWithPreviousYearDevices" computerName="DKSR-EFI-06" duration="00:00:00.0170315" startTime="2024-01-09T15:45:09.5450096+01:00" endTime="2024-01-09T15:45:09.5606330+01:00" testType="13cdc9d9-ddb5-4fa4-a97d-d965ccfc6d4b" outcome="Passed" testListId="8c84fa94-04c1-424b-9868-57a2d4851a1d" relativeResultsDirectory="c48fd430-42b1-480e-897b-d1425dda32df" />
    <UnitTestResult executionId="70cb65a2-0fa5-453d-b433-2e9ccfca0027" testId="4e0fab39-367c-1038-c53c-5d8c6cdb1e31" testName="ChannelLicenseCountManager_ReplacementHardware_RemoveHardwareCollectionFromReplacementLimit" computerName="DKSR-EFI-06" duration="00:00:00.0002233" startTime="2024-01-09T15:44:59.9981286+01:00" endTime="2024-01-09T15:44:59.9981286+01:00" testType="13cdc9d9-ddb5-4fa4-a97d-d965ccfc6d4b" outcome="Passed" testListId="8c84fa94-04c1-424b-9868-57a2d4851a1d" relativeResultsDirectory="70cb65a2-0fa5-453d-b433-2e9ccfca0027" />
    <UnitTestResult executionId="168749b0-ffbb-4f09-8324-d83325244aa3" testId="1fa47bbe-7db1-0e40-1679-648ec26ea253" testName="TaskHandling_ProcessUpdateDiffgram_Hardware_Enable" computerName="DKSR-EFI-06" duration="00:00:00.0101194" startTime="2024-01-09T15:43:19.4822494+01:00" endTime="2024-01-09T15:43:19.4978732+01:00" testType="13cdc9d9-ddb5-4fa4-a97d-d965ccfc6d4b" outcome="Passed" testListId="8c84fa94-04c1-424b-9868-57a2d4851a1d" relativeResultsDirectory="168749b0-ffbb-4f09-8324-d83325244aa3" />
    <UnitTestResult executionId="947f03e7-79ef-4bd9-9f78-7b311ca22be5" testId="281add88-aec8-73d9-21c9-0a06ace0bc45" testName="ChangeHardwarePasswordRuleAction_Execute_TimesOut_WarningLogCreated" computerName="DKSR-EFI-06" duration="00:00:00.0496355" startTime="2024-01-09T15:43:42.1229148+01:00" endTime="2024-01-09T15:43:42.1854172+01:00" testType="13cdc9d9-ddb5-4fa4-a97d-d965ccfc6d4b" outcome="Passed" testListId="8c84fa94-04c1-424b-9868-57a2d4851a1d" relativeResultsDirectory="947f03e7-79ef-4bd9-9f78-7b311ca22be5" />
    <UnitTestResult executionId="a14dfd93-fcfe-4bc1-a3dc-04c179333928" testId="9ae46ec7-3ae6-ea0a-534c-bb2cde14043f" testName="CheckMsFailoverStatusCommandHandler_Constructor_ThrowsIfParameterNull" computerName="DKSR-EFI-06" duration="00:00:00.0050272" startTime="2024-01-09T15:45:34.8575437+01:00" endTime="2024-01-09T15:45:34.8731726+01:00" testType="13cdc9d9-ddb5-4fa4-a97d-d965ccfc6d4b" outcome="Passed" testListId="8c84fa94-04c1-424b-9868-57a2d4851a1d" relativeResultsDirectory="a14dfd93-fcfe-4bc1-a3dc-04c179333928">
      <Output>
        <StdOut>Debug Trace:&#xD;
Fail: Argument null</StdOut>
      </Output>
    </UnitTestResult>
    <UnitTestResult executionId="0c03df88-bed4-4875-89b1-fa4f1c58389e" testId="277de6c8-9010-a1ae-4d40-ec165c51a438" testName="HardwareActivatedOnWhiteList_ReplacedWithNoInheritance_HardwareNotOnWhiteList_NoCWAAllowed_AllDevicesInGrace" computerName="DKSR-EFI-06" duration="00:00:00.3603241" startTime="2024-01-09T15:43:52.0916926+01:00" endTime="2024-01-09T15:43:52.4510709+01:00" testType="13cdc9d9-ddb5-4fa4-a97d-d965ccfc6d4b" outcome="Passed" testListId="8c84fa94-04c1-424b-9868-57a2d4851a1d" relativeResultsDirectory="0c03df88-bed4-4875-89b1-fa4f1c58389e" />
    <UnitTestResult executionId="3eaa3468-79c3-4e77-8f52-6580e42e670d" testId="a1d0e34d-1af7-9065-c4d5-10e996a20ed2" testName="DeleteConfigurationItemCommandHandler_Execute_DeleteRecorder_With_EvidenceLockedData_NoAccept_Fails" computerName="DKSR-EFI-06" duration="00:00:00.0228659" startTime="2024-01-09T15:45:36.7637943+01:00" endTime="2024-01-09T15:45:36.7950440+01:00" testType="13cdc9d9-ddb5-4fa4-a97d-d965ccfc6d4b" outcome="Passed" testListId="8c84fa94-04c1-424b-9868-57a2d4851a1d" relativeResultsDirectory="3eaa3468-79c3-4e77-8f52-6580e42e670d" />
    <UnitTestResult executionId="c0513afa-5b3c-43ae-9e3f-4bac409cd81f" testId="b5adbb73-9b21-0db3-07ee-91df82916c6a" testName="RegisterFailoverRecorder_WatchingRecorderIsDeleted_ErrorResponse" computerName="DKSR-EFI-06" duration="00:00:00.0312514" startTime="2024-01-09T15:42:48.6227941+01:00" endTime="2024-01-09T15:42:48.6540471+01:00" testType="13cdc9d9-ddb5-4fa4-a97d-d965ccfc6d4b" outcome="Passed" testListId="8c84fa94-04c1-424b-9868-57a2d4851a1d" relativeResultsDirectory="c0513afa-5b3c-43ae-9e3f-4bac409cd81f" />
    <UnitTestResult executionId="8fdd4756-d580-4cc6-922b-d257c54f4c16" testId="9055a335-95d1-4600-b49a-8428d4caf3a5" testName="AllocateLicenses_FourUsed_OnFourHardwareFiveCameraChannelsAndFourAvailableLicenses" computerName="DKSR-EFI-06" duration="00:00:00.0639713" startTime="2024-01-09T15:44:59.3106296+01:00" endTime="2024-01-09T15:44:59.3731848+01:00" testType="13cdc9d9-ddb5-4fa4-a97d-d965ccfc6d4b" outcome="Passed" testListId="8c84fa94-04c1-424b-9868-57a2d4851a1d" relativeResultsDirectory="8fdd4756-d580-4cc6-922b-d257c54f4c16">
      <Output>
        <StdOut>Debug Trace:&#xD;
Fail: Attribute value invalid. 'Index'&#xD;
Fail: Attribute value invalid. 'Index'&#xD;
Fail: Attribute value invalid. 'Index'&#xD;
Fail: Attribute value invalid. 'Index'&#xD;
Fail: Attribute value invalid. 'Index'</StdOut>
      </Output>
    </UnitTestResult>
    <UnitTestResult executionId="0e5e8707-6ce7-411b-baf1-ca1fb66027c5" testId="c270ea2a-c1e3-572f-ae65-a41694dfd9e6" testName="ConvertIdpLog_NullIdpServerName" computerName="DKSR-EFI-06" duration="00:00:00.0006542" startTime="2024-01-09T15:43:42.4666641+01:00" endTime="2024-01-09T15:43:42.4666641+01:00" testType="13cdc9d9-ddb5-4fa4-a97d-d965ccfc6d4b" outcome="Passed" testListId="8c84fa94-04c1-424b-9868-57a2d4851a1d" relativeResultsDirectory="0e5e8707-6ce7-411b-baf1-ca1fb66027c5" />
    <UnitTestResult executionId="b3cb8ef5-0bfd-4a32-a8bf-42d2d8e04c08" testId="f98c0e94-d687-26ec-f08b-72f9975ee1e5" testName="ConfigurationDataSetLoader_GetHardwareByHardwareId_Success" computerName="DKSR-EFI-06" duration="00:00:00.0010375" startTime="2024-01-09T15:45:34.3731714+01:00" endTime="2024-01-09T15:45:34.3887996+01:00" testType="13cdc9d9-ddb5-4fa4-a97d-d965ccfc6d4b" outcome="Passed" testListId="8c84fa94-04c1-424b-9868-57a2d4851a1d" relativeResultsDirectory="b3cb8ef5-0bfd-4a32-a8bf-42d2d8e04c08" />
    <UnitTestResult executionId="88e54ce5-4ebf-4004-800f-e247a972b396" testId="45645b5a-6126-a203-b770-e801119174e8" testName="VideoWallCommand_ModelIsValid_CommandExecuted" computerName="DKSR-EFI-06" duration="00:00:00.0081972" startTime="2024-01-09T15:42:48.0290430+01:00" endTime="2024-01-09T15:42:48.0290430+01:00" testType="13cdc9d9-ddb5-4fa4-a97d-d965ccfc6d4b" outcome="Passed" testListId="8c84fa94-04c1-424b-9868-57a2d4851a1d" relativeResultsDirectory="88e54ce5-4ebf-4004-800f-e247a972b396" />
    <UnitTestResult executionId="7f700135-57af-48bf-ba3a-aa0ec8d10230" testId="aa18df7f-8e97-0d88-ce84-804dec7d1f8f" testName="InitializeDiscoveryComponentFailedResponse_ModelIsNull_BadRequestResult" computerName="DKSR-EFI-06" duration="00:00:00.0005552" startTime="2024-01-09T15:42:48.3259197+01:00" endTime="2024-01-09T15:42:48.3259197+01:00" testType="13cdc9d9-ddb5-4fa4-a97d-d965ccfc6d4b" outcome="Passed" testListId="8c84fa94-04c1-424b-9868-57a2d4851a1d" relativeResultsDirectory="7f700135-57af-48bf-ba3a-aa0ec8d10230" />
    <UnitTestResult executionId="2d4abaeb-6686-4689-ab5c-3864a96f6a94" testId="7199b6a4-0e3d-01b2-2098-862ed5de340d" testName="DatabaseResponseDiskUsages_ModelIsValid_CommandExecuted" computerName="DKSR-EFI-06" duration="00:00:00.0026180" startTime="2024-01-09T15:42:48.4352955+01:00" endTime="2024-01-09T15:42:48.4352955+01:00" testType="13cdc9d9-ddb5-4fa4-a97d-d965ccfc6d4b" outcome="Passed" testListId="8c84fa94-04c1-424b-9868-57a2d4851a1d" relativeResultsDirectory="2d4abaeb-6686-4689-ab5c-3864a96f6a94" />
    <UnitTestResult executionId="a9dd7b68-fd31-4ab9-b7c2-b7ede6bb4c9b" testId="5e4152e3-fca3-cf61-8f9e-9b5783341516" testName="EvidenceLockUpdateScheduler_UnknownSizeCheckTimerCallback_QueryEvidenceLockIdsWithoutSize_Throws_Handled" computerName="DKSR-EFI-06" duration="00:00:00.0017810" startTime="2024-01-09T15:42:45.0759060+01:00" endTime="2024-01-09T15:42:45.0915327+01:00" testType="13cdc9d9-ddb5-4fa4-a97d-d965ccfc6d4b" outcome="Passed" testListId="8c84fa94-04c1-424b-9868-57a2d4851a1d" relativeResultsDirectory="a9dd7b68-fd31-4ab9-b7c2-b7ede6bb4c9b" />
    <UnitTestResult executionId="e3c8fe0f-741b-48e9-8eb3-1405f548b50f" testId="be135087-9495-377b-5170-5bdf47afeca0" testName="ChannelLicenseCountManager_AddLicensedCameraFeed_NullDeviceInfo_ThrowsArgumentNullException" computerName="DKSR-EFI-06" duration="00:00:00.0007316" startTime="2024-01-09T15:44:59.6856273+01:00" endTime="2024-01-09T15:44:59.6856273+01:00" testType="13cdc9d9-ddb5-4fa4-a97d-d965ccfc6d4b" outcome="Passed" testListId="8c84fa94-04c1-424b-9868-57a2d4851a1d" relativeResultsDirectory="e3c8fe0f-741b-48e9-8eb3-1405f548b50f" />
    <UnitTestResult executionId="4e477c34-f7d8-40b9-8eb3-224df9fd9e79" testId="d7f950c3-4de5-001a-b3e3-ffc47fce5357" testName="EvidenceLockOnOldRecorderCommandHandlerTests_OldRec_SendCmd_RecNotFoundException" computerName="DKSR-EFI-06" duration="00:00:00.0919307" startTime="2024-01-09T15:45:37.7637950+01:00" endTime="2024-01-09T15:45:37.8575437+01:00" testType="13cdc9d9-ddb5-4fa4-a97d-d965ccfc6d4b" outcome="Passed" testListId="8c84fa94-04c1-424b-9868-57a2d4851a1d" relativeResultsDirectory="4e477c34-f7d8-40b9-8eb3-224df9fd9e79" />
    <UnitTestResult executionId="0e48e6d6-e3c0-4695-89e7-4f34c2cbc2b3" testId="2f175fa8-bd7a-1a7e-9598-a021dc30fede" testName="HardwareScanExpressTaskCommandHandler_Execute_Arguments_Null_Throws" computerName="DKSR-EFI-06" duration="00:00:00.0049660" startTime="2024-01-09T15:45:38.1544177+01:00" endTime="2024-01-09T15:45:38.1700458+01:00" testType="13cdc9d9-ddb5-4fa4-a97d-d965ccfc6d4b" outcome="Passed" testListId="8c84fa94-04c1-424b-9868-57a2d4851a1d" relativeResultsDirectory="0e48e6d6-e3c0-4695-89e7-4f34c2cbc2b3">
      <Output>
        <StdOut>Debug Trace:&#xD;
Fail: Command/Command handler type mismatch&#xD;
Fail: The command handler expect an object that implements ICallContextInfo in the state parameter&#xD;
Fail: The command handler expect an object that implements IResponseSink in the responseSink parameter</StdOut>
      </Output>
    </UnitTestResult>
    <UnitTestResult executionId="fca7608a-8f0e-4afd-8f86-1266e9cf44c3" testId="4a92a97d-092d-826d-c116-86acae774336" testName="Monitor_CurrentStatusChanged_LocalSslError" computerName="DKSR-EFI-06" duration="00:00:00.0006335" startTime="2024-01-09T15:45:34.2950481+01:00" endTime="2024-01-09T15:45:34.2950481+01:00" testType="13cdc9d9-ddb5-4fa4-a97d-d965ccfc6d4b" outcome="Passed" testListId="8c84fa94-04c1-424b-9868-57a2d4851a1d" relativeResultsDirectory="fca7608a-8f0e-4afd-8f86-1266e9cf44c3" />
    <UnitTestResult executionId="558b4837-cbe9-43cf-b8c9-d25d34a7965e" testId="81b9cfb6-cb61-9b75-fb8d-7222fc14f23f" testName="CheckForAutomaticActivationTrigger_ReturnsTrue_OnDeletedDevice" computerName="DKSR-EFI-06" duration="00:00:00.0029199" startTime="2024-01-09T15:45:34.5294210+01:00" endTime="2024-01-09T15:45:34.5294210+01:00" testType="13cdc9d9-ddb5-4fa4-a97d-d965ccfc6d4b" outcome="Passed" testListId="8c84fa94-04c1-424b-9868-57a2d4851a1d" relativeResultsDirectory="558b4837-cbe9-43cf-b8c9-d25d34a7965e" />
    <UnitTestResult executionId="568681e5-a2eb-44b6-9c4c-b5a9b17d23e5" testId="cd0b7830-5acf-7869-1c73-47988d890ffd" testName="Monitor_CurrentStatusChanged_FailoverStateChanges" computerName="DKSR-EFI-06" duration="00:00:00.0030152" startTime="2024-01-09T15:45:34.3106734+01:00" endTime="2024-01-09T15:45:34.3106734+01:00" testType="13cdc9d9-ddb5-4fa4-a97d-d965ccfc6d4b" outcome="Passed" testListId="8c84fa94-04c1-424b-9868-57a2d4851a1d" relativeResultsDirectory="568681e5-a2eb-44b6-9c4c-b5a9b17d23e5" />
    <UnitTestResult executionId="ad968390-0f3b-46b9-a7d0-26dda7d194b8" testId="0153a1e0-dce4-1d36-d924-8f093fad1ca0" testName="HardwareUnsupportedResponse_ModelIsValid_CommandExecuted" computerName="DKSR-EFI-06" duration="00:00:00.0014761" startTime="2024-01-09T15:42:48.3884189+01:00" endTime="2024-01-09T15:42:48.3884189+01:00" testType="13cdc9d9-ddb5-4fa4-a97d-d965ccfc6d4b" outcome="Passed" testListId="8c84fa94-04c1-424b-9868-57a2d4851a1d" relativeResultsDirectory="ad968390-0f3b-46b9-a7d0-26dda7d194b8" />
    <UnitTestResult executionId="f2ca7050-4342-4b77-8313-a09059d6e0b8" testId="663ccd25-8649-6289-5931-2e4826a29b90" testName="GenerateLicenseRequestAsXml_DeviceChannelCountInXml_OneLicenseCountWithModelNameOnWhitelist" computerName="DKSR-EFI-06" duration="00:00:00.6518845" startTime="2024-01-09T15:45:30.3575426+01:00" endTime="2024-01-09T15:45:31.0137926+01:00" testType="13cdc9d9-ddb5-4fa4-a97d-d965ccfc6d4b" outcome="Passed" testListId="8c84fa94-04c1-424b-9868-57a2d4851a1d" relativeResultsDirectory="f2ca7050-4342-4b77-8313-a09059d6e0b8" />
    <UnitTestResult executionId="9dd791f6-f10f-4ee9-8c84-7ca2b2c2fb29" testId="89930b7f-443a-277a-9e1c-dc075f2e851e" testName="CreateLicenseInformationXml_Has1Expired_On1ExpiredHardware25ChannelsOnWhitelist" computerName="DKSR-EFI-06" duration="00:00:00.0581479" startTime="2024-01-09T15:45:01.4512434+01:00" endTime="2024-01-09T15:45:01.5137420+01:00" testType="13cdc9d9-ddb5-4fa4-a97d-d965ccfc6d4b" outcome="Passed" testListId="8c84fa94-04c1-424b-9868-57a2d4851a1d" relativeResultsDirectory="9dd791f6-f10f-4ee9-8c84-7ca2b2c2fb29">
      <Output>
        <StdOut>Debug Trace:&#xD;
Fail: Attribute value invalid. 'Index'&#xD;
Fail: Attribute value invalid. 'Index'&#xD;
Fail: Attribute value invalid. 'Index'&#xD;
Fail: Attribute value invalid. 'Index'&#xD;
Fail: Attribute value invalid. 'Index'&#xD;
Fail: Attribute value invalid. 'Index'&#xD;
Fail: Attribute value invalid. 'Index'&#xD;
Fail: Attribute value invalid. 'Index'&#xD;
Fail: Attribute value invalid. 'Index'&#xD;
Fail: Attribute value invalid. 'Index'&#xD;
Fail: Attribute value invalid. 'Index'&#xD;
Fail: Attribute value invalid. 'Index'&#xD;
Fail: Attribute value invalid. 'Index'&#xD;
Fail: Attribute value invalid. 'Index'&#xD;
Fail: Attribute value invalid. 'Index'&#xD;
Fail: Attribute value invalid. 'Index'&#xD;
Fail: Attribute value invalid. 'Index'&#xD;
Fail: Attribute value invalid. 'Index'&#xD;
Fail: Attribute value invalid. 'Index'&#xD;
Fail: Attribute value invalid. 'Index'&#xD;
Fail: Attribute value invalid. 'Index'&#xD;
Fail: Attribute value invalid. 'Index'&#xD;
Fail: Attribute value invalid. 'Index'&#xD;
Fail: Attribute value invalid. 'Index'&#xD;
Fail: Attribute value invalid. 'Index'</StdOut>
      </Output>
    </UnitTestResult>
    <UnitTestResult executionId="f6c84461-a865-48e8-a2ae-a7d8f0a07020" testId="f1765d29-d53f-8d02-a25d-e6d6684f550d" testName="IsActivationNeeded_True_DeviceAdded" computerName="DKSR-EFI-06" duration="00:00:00.0091344" startTime="2024-01-09T15:45:12.7793897+01:00" endTime="2024-01-09T15:45:12.7793897+01:00" testType="13cdc9d9-ddb5-4fa4-a97d-d965ccfc6d4b" outcome="Passed" testListId="8c84fa94-04c1-424b-9868-57a2d4851a1d" relativeResultsDirectory="f6c84461-a865-48e8-a2ae-a7d8f0a07020" />
    <UnitTestResult executionId="5ca5af11-9b7e-4eed-934b-7ffc7472b663" testId="f016efe6-b33c-ffb6-74a7-426748f0e966" testName="MessageManagerResponseCollector_GetNextResponse_SuccessResponse" computerName="DKSR-EFI-06" duration="00:00:00.0011737" startTime="2024-01-09T15:42:45.1696579+01:00" endTime="2024-01-09T15:42:45.1696579+01:00" testType="13cdc9d9-ddb5-4fa4-a97d-d965ccfc6d4b" outcome="Passed" testListId="8c84fa94-04c1-424b-9868-57a2d4851a1d" relativeResultsDirectory="5ca5af11-9b7e-4eed-934b-7ffc7472b663" />
    <UnitTestResult executionId="19768082-cf1e-48f8-876b-4f48111d1d46" testId="440876a3-0b1f-65cb-86fa-df7d9378bb2e" testName="IsActivationQueued_StaysTrue_OnTwoQueueActivationCalls" computerName="DKSR-EFI-06" duration="00:00:00.0001990" startTime="2024-01-09T15:43:43.3885449+01:00" endTime="2024-01-09T15:43:43.3885449+01:00" testType="13cdc9d9-ddb5-4fa4-a97d-d965ccfc6d4b" outcome="Passed" testListId="8c84fa94-04c1-424b-9868-57a2d4851a1d" relativeResultsDirectory="19768082-cf1e-48f8-876b-4f48111d1d46" />
    <UnitTestResult executionId="d7eb2105-ca3b-464c-b819-4f9c9842c006" testId="7d6cf279-0386-6019-0824-c59c0577de58" testName="UploadFileChunkCommandHandler_Constructor_Arguments_Null_Throws" computerName="DKSR-EFI-06" duration="00:00:00.0082509" startTime="2024-01-09T15:46:00.3301199+01:00" endTime="2024-01-09T15:46:00.3301199+01:00" testType="13cdc9d9-ddb5-4fa4-a97d-d965ccfc6d4b" outcome="Passed" testListId="8c84fa94-04c1-424b-9868-57a2d4851a1d" relativeResultsDirectory="d7eb2105-ca3b-464c-b819-4f9c9842c006">
      <Output>
        <StdOut>Debug Trace:&#xD;
Fail: Argument null&#xD;
Fail: Argument null</StdOut>
      </Output>
    </UnitTestResult>
    <UnitTestResult executionId="0ab9ef11-b9c0-42d4-bf36-0deea2cab9b8" testId="2f87be75-276d-5f8b-8ad2-6536e89b23ad" testName="VideoWallCommand_ModelIsNull_BadRequestResult" computerName="DKSR-EFI-06" duration="00:00:00.0015082" startTime="2024-01-09T15:42:48.0290430+01:00" endTime="2024-01-09T15:42:48.0290430+01:00" testType="13cdc9d9-ddb5-4fa4-a97d-d965ccfc6d4b" outcome="Passed" testListId="8c84fa94-04c1-424b-9868-57a2d4851a1d" relativeResultsDirectory="0ab9ef11-b9c0-42d4-bf36-0deea2cab9b8" />
    <UnitTestResult executionId="493f5a80-1697-4044-917f-9966bae9c773" testId="84bd42f8-6c42-6804-8e9c-d2a57ef8e5b5" testName="UpdateRecorderTaskProgress_ModelIsNull_BadRequestResult" computerName="DKSR-EFI-06" duration="00:00:00.0010786" startTime="2024-01-09T15:42:48.0602930+01:00" endTime="2024-01-09T15:42:48.0602930+01:00" testType="13cdc9d9-ddb5-4fa4-a97d-d965ccfc6d4b" outcome="Passed" testListId="8c84fa94-04c1-424b-9868-57a2d4851a1d" relativeResultsDirectory="493f5a80-1697-4044-917f-9966bae9c773" />
    <UnitTestResult executionId="b44ab463-2bbd-4e3a-903c-aa35dd015a4a" testId="5f6122f6-9c9a-005b-1dcf-5bb8eebdf18b" testName="GetHardwareNetworkSettingsCommandHandler_Execute_RecorderNotConnected_ReturnsRecorderUnavailableResponse" computerName="DKSR-EFI-06" duration="00:00:00.0013821" startTime="2024-01-09T15:45:38.0919212+01:00" endTime="2024-01-09T15:45:38.0919212+01:00" testType="13cdc9d9-ddb5-4fa4-a97d-d965ccfc6d4b" outcome="Passed" testListId="8c84fa94-04c1-424b-9868-57a2d4851a1d" relativeResultsDirectory="b44ab463-2bbd-4e3a-903c-aa35dd015a4a" />
    <UnitTestResult executionId="c0f19047-b334-4230-8006-b5c307cf9253" testId="486ac792-638c-4173-7311-6ecbee32a46a" testName="UpdateLicenseSnapshot_InvalidLicenseSnapshot_Null_ThrowsArgumentNullException" computerName="DKSR-EFI-06" duration="00:00:00.0025608" startTime="2024-01-09T15:45:21.2950370+01:00" endTime="2024-01-09T15:45:21.2950370+01:00" testType="13cdc9d9-ddb5-4fa4-a97d-d965ccfc6d4b" outcome="Passed" testListId="8c84fa94-04c1-424b-9868-57a2d4851a1d" relativeResultsDirectory="c0f19047-b334-4230-8006-b5c307cf9253" />
    <UnitTestResult executionId="0043b08b-0953-471d-bd20-c76d4183a24e" testId="37a138e9-b7a0-6794-91b6-4bf04f60b366" testName="ValidateParameter_NullLicenseDocument_Expect_ArgumentNullException" computerName="DKSR-EFI-06" duration="00:00:00.0045429" startTime="2024-01-09T15:44:29.7480595+01:00" endTime="2024-01-09T15:44:29.7480595+01:00" testType="13cdc9d9-ddb5-4fa4-a97d-d965ccfc6d4b" outcome="Passed" testListId="8c84fa94-04c1-424b-9868-57a2d4851a1d" relativeResultsDirectory="0043b08b-0953-471d-bd20-c76d4183a24e" />
    <UnitTestResult executionId="b03ce5eb-33a0-4628-966f-a467d257aed7" testId="6b24da30-96ab-03d3-8fc1-4449fc2a544f" testName="CheckConfigurationDataSetTest_FailoverNotLicensedSuccess" computerName="DKSR-EFI-06" duration="00:00:00.0028109" startTime="2024-01-09T15:45:00.5137585+01:00" endTime="2024-01-09T15:45:00.5293816+01:00" testType="13cdc9d9-ddb5-4fa4-a97d-d965ccfc6d4b" outcome="Passed" testListId="8c84fa94-04c1-424b-9868-57a2d4851a1d" relativeResultsDirectory="b03ce5eb-33a0-4628-966f-a467d257aed7" />
    <UnitTestResult executionId="c2bb7e54-a38f-44b0-a375-1045b5b6ea2a" testId="ea3eacd0-5273-36cc-2234-6760022e2ff3" testName="MultiRecordingServer_HardwareBased_SameHardwareOn2Recorders_ConsumesNoExtraLicenses" computerName="DKSR-EFI-06" duration="00:00:00.1252095" startTime="2024-01-09T15:44:49.3731016+01:00" endTime="2024-01-09T15:44:49.4980999+01:00" testType="13cdc9d9-ddb5-4fa4-a97d-d965ccfc6d4b" outcome="Passed" testListId="8c84fa94-04c1-424b-9868-57a2d4851a1d" relativeResultsDirectory="c2bb7e54-a38f-44b0-a375-1045b5b6ea2a">
      <Output>
        <StdOut>Debug Trace:&#xD;
Fail: Attribute value invalid. 'Index'&#xD;
Fail: Attribute value invalid. 'Index'&#xD;
Fail: Attribute value invalid. 'Index'&#xD;
Fail: Attribute value invalid. 'Index'&#xD;
Fail: Attribute value invalid. 'Index'</StdOut>
      </Output>
    </UnitTestResult>
    <UnitTestResult executionId="49ebf112-0158-49bd-9a0f-a68d63185000" testId="1a8e2416-64f9-a52a-232d-edfa802cba93" testName="CalculateFeeds_Success_EmptyWhiteList_NotInterconnected_TwoDevices" computerName="DKSR-EFI-06" duration="00:00:00.0065477" startTime="2024-01-09T15:45:25.7481660+01:00" endTime="2024-01-09T15:45:25.7637888+01:00" testType="13cdc9d9-ddb5-4fa4-a97d-d965ccfc6d4b" outcome="Passed" testListId="8c84fa94-04c1-424b-9868-57a2d4851a1d" relativeResultsDirectory="49ebf112-0158-49bd-9a0f-a68d63185000" />
    <UnitTestResult executionId="50f54007-d3e3-48ba-ad19-5372e8101a09" testId="788399bd-9b38-c432-7e4a-52602c4871ea" testName="EvidenceLockOnOldRecorderCommandHandlerTests_OldRecV1_ConfigAdd2Rows" computerName="DKSR-EFI-06" duration="00:00:00.0408820" startTime="2024-01-09T15:45:37.0922259+01:00" endTime="2024-01-09T15:45:37.1387980+01:00" testType="13cdc9d9-ddb5-4fa4-a97d-d965ccfc6d4b" outcome="Passed" testListId="8c84fa94-04c1-424b-9868-57a2d4851a1d" relativeResultsDirectory="50f54007-d3e3-48ba-ad19-5372e8101a09" />
    <UnitTestResult executionId="faf4b88a-297c-4cbb-b8d4-15657ae06a14" testId="5b2c3c16-f905-e938-744a-a83fd3813d51" testName="EdgeJobUpdatedCommand_ModelValid_RecorderNotFoundException_Handled" computerName="DKSR-EFI-06" duration="00:00:00.0010360" startTime="2024-01-09T15:42:47.8884155+01:00" endTime="2024-01-09T15:42:47.8884155+01:00" testType="13cdc9d9-ddb5-4fa4-a97d-d965ccfc6d4b" outcome="Passed" testListId="8c84fa94-04c1-424b-9868-57a2d4851a1d" relativeResultsDirectory="faf4b88a-297c-4cbb-b8d4-15657ae06a14" />
    <UnitTestResult executionId="edf169e6-a963-4bac-af66-1c5b7dfd1451" testId="5b93ef42-b7b3-5196-9d09-0e0e6b274066" testName="CheckConfigurationDataSetTest_RecorderMulticastNotLicensedFail" computerName="DKSR-EFI-06" duration="00:00:00.0025489" startTime="2024-01-09T15:45:00.5606325+01:00" endTime="2024-01-09T15:45:00.5606325+01:00" testType="13cdc9d9-ddb5-4fa4-a97d-d965ccfc6d4b" outcome="Passed" testListId="8c84fa94-04c1-424b-9868-57a2d4851a1d" relativeResultsDirectory="edf169e6-a963-4bac-af66-1c5b7dfd1451" />
    <UnitTestResult executionId="af945717-e12b-47f5-ab79-953d7d4f864b" testId="80cfdcf4-3ae7-41d1-d06b-911bddf3f6cf" testName="HardwareAlreadyAddedResponse_ModelIsNull_BadRequestResult" computerName="DKSR-EFI-06" duration="00:00:00.0005041" startTime="2024-01-09T15:42:48.3727957+01:00" endTime="2024-01-09T15:42:48.3727957+01:00" testType="13cdc9d9-ddb5-4fa4-a97d-d965ccfc6d4b" outcome="Passed" testListId="8c84fa94-04c1-424b-9868-57a2d4851a1d" relativeResultsDirectory="af945717-e12b-47f5-ab79-953d7d4f864b" />
    <UnitTestResult executionId="14cce1f3-661c-4022-847d-d05dd6006203" testId="468b9eb4-7481-5a0f-1901-331193ac2eb1" testName="LicenseCountManager_HardwareLicenses_ClearByRecorder_Success" computerName="DKSR-EFI-06" duration="00:00:00.0018329" startTime="2024-01-09T15:45:00.2168809+01:00" endTime="2024-01-09T15:45:00.2325066+01:00" testType="13cdc9d9-ddb5-4fa4-a97d-d965ccfc6d4b" outcome="Passed" testListId="8c84fa94-04c1-424b-9868-57a2d4851a1d" relativeResultsDirectory="14cce1f3-661c-4022-847d-d05dd6006203" />
    <UnitTestResult executionId="af899fdb-94a7-49a3-8306-6517aeda6e54" testId="59e310b5-eac7-b820-9d56-6cf319543287" testName="AddUnlicensedDevice_AddNull_Throws_ArgumentNullException" computerName="DKSR-EFI-06" duration="00:00:00.0008162" startTime="2024-01-09T15:45:34.1544201+01:00" endTime="2024-01-09T15:45:34.1544201+01:00" testType="13cdc9d9-ddb5-4fa4-a97d-d965ccfc6d4b" outcome="Passed" testListId="8c84fa94-04c1-424b-9868-57a2d4851a1d" relativeResultsDirectory="af899fdb-94a7-49a3-8306-6517aeda6e54" />
    <UnitTestResult executionId="f58ae2b0-c82d-4986-98cf-6834eda00c85" testId="9f208fe6-ec59-67b6-a729-39f373419945" testName="MoveHardwareTaskCommandHandler_Execute_Driver_XmlVersions_Different_Success_With_Warnings" computerName="DKSR-EFI-06" duration="00:00:00.2025481" startTime="2024-01-09T15:45:40.8731700+01:00" endTime="2024-01-09T15:45:41.0762961+01:00" testType="13cdc9d9-ddb5-4fa4-a97d-d965ccfc6d4b" outcome="Passed" testListId="8c84fa94-04c1-424b-9868-57a2d4851a1d" relativeResultsDirectory="f58ae2b0-c82d-4986-98cf-6834eda00c85">
      <Output>
        <StdOut>Progress: 10&#xD;
Progress: 20&#xD;
Progress: 30&#xD;
Progress: 35&#xD;
Progress: 40&#xD;
Progress: 42&#xD;
Progress: 44&#xD;
Progress: 60&#xD;
Progress: 70&#xD;
Progress: 80&#xD;
Progress: 90&#xD;
Progress: 95&#xD;
Progress: 100</StdOut>
      </Output>
    </UnitTestResult>
    <UnitTestResult executionId="c13435dc-be53-479d-83e2-a5058ed187e7" testId="67cefb4b-771a-487f-9009-3e0474c4cd04" testName="Validate_HBL_FeedCountCorrect_ForSameHardware_OnTwoRecordingServers_CountsEachUniqueActiveChannelAsOne" computerName="DKSR-EFI-06" duration="00:00:00.9527447" startTime="2024-01-09T15:45:24.0919121+01:00" endTime="2024-01-09T15:45:25.0450403+01:00" testType="13cdc9d9-ddb5-4fa4-a97d-d965ccfc6d4b" outcome="Passed" testListId="8c84fa94-04c1-424b-9868-57a2d4851a1d" relativeResultsDirectory="c13435dc-be53-479d-83e2-a5058ed187e7" />
    <UnitTestResult executionId="c0123d44-75b6-44dc-801f-6bf0f02dce9d" testId="3fe88cbd-8f30-4308-4876-e1a27134f23b" testName="Simulate_CWA_DoesNotExpireAfterGracePeriod_NotWhitelisted" computerName="DKSR-EFI-06" duration="00:00:00.3139993" startTime="2024-01-09T15:44:43.7480810+01:00" endTime="2024-01-09T15:44:44.0605819+01:00" testType="13cdc9d9-ddb5-4fa4-a97d-d965ccfc6d4b" outcome="Passed" testListId="8c84fa94-04c1-424b-9868-57a2d4851a1d" relativeResultsDirectory="c0123d44-75b6-44dc-801f-6bf0f02dce9d" />
    <UnitTestResult executionId="701dd0aa-6931-465b-a6c7-0ecc5db68f60" testId="5994f77d-673d-79cd-db25-c0fac05603a0" testName="HardwareScanTaskCommandHandler_Execute_Timeout_FailResponse" computerName="DKSR-EFI-06" duration="00:00:00.0009293" startTime="2024-01-09T15:45:38.4825426+01:00" endTime="2024-01-09T15:45:38.4825426+01:00" testType="13cdc9d9-ddb5-4fa4-a97d-d965ccfc6d4b" outcome="Passed" testListId="8c84fa94-04c1-424b-9868-57a2d4851a1d" relativeResultsDirectory="701dd0aa-6931-465b-a6c7-0ecc5db68f60" />
    <UnitTestResult executionId="c3a301ae-067a-4c1e-a45f-8a68dba6ca09" testId="8503b0c6-e113-b6aa-684d-780d0d19788e" testName="HardwareScanExpressTaskCommandHandler_StopScan_ReturnsScanSessionWithResult" computerName="DKSR-EFI-06" duration="00:00:00.0040415" startTime="2024-01-09T15:45:38.3106707+01:00" endTime="2024-01-09T15:45:38.3106707+01:00" testType="13cdc9d9-ddb5-4fa4-a97d-d965ccfc6d4b" outcome="Passed" testListId="8c84fa94-04c1-424b-9868-57a2d4851a1d" relativeResultsDirectory="c3a301ae-067a-4c1e-a45f-8a68dba6ca09" />
    <UnitTestResult executionId="e3ae6a7a-447a-4c53-be3c-6ee6a66b9e32" testId="58809d18-3427-6caa-5590-70f262ed803d" testName="MoveHardwareTaskCommandHandler_Execute_CreateHardwareBlock_SqlException_FailResponse_DatabaseCommunicationError" computerName="DKSR-EFI-06" duration="00:00:00.0016911" startTime="2024-01-09T15:45:41.5450457+01:00" endTime="2024-01-09T15:45:41.5450457+01:00" testType="13cdc9d9-ddb5-4fa4-a97d-d965ccfc6d4b" outcome="Passed" testListId="8c84fa94-04c1-424b-9868-57a2d4851a1d" relativeResultsDirectory="e3ae6a7a-447a-4c53-be3c-6ee6a66b9e32" />
    <UnitTestResult executionId="5903af4d-3f5d-424b-af7e-c54d51343ef9" testId="154ae2d8-7e3d-3d32-aa1a-eb39b3ef8236" testName="UpdateLicenseState_HasInvalidState_OnFailingToVerifyLicense" computerName="DKSR-EFI-06" duration="00:00:00.0654542" startTime="2024-01-09T15:45:02.2168689+01:00" endTime="2024-01-09T15:45:02.2949931+01:00" testType="13cdc9d9-ddb5-4fa4-a97d-d965ccfc6d4b" outcome="Passed" testListId="8c84fa94-04c1-424b-9868-57a2d4851a1d" relativeResultsDirectory="5903af4d-3f5d-424b-af7e-c54d51343ef9">
      <Output>
        <StdOut>Debug Trace:&#xD;
Fail: Attribute value invalid. 'Index'&#xD;
Fail: Attribute value invalid. 'Index'&#xD;
Fail: Attribute value invalid. 'Index'&#xD;
Fail: Attribute value invalid. 'Index'&#xD;
Fail: Attribute value invalid. 'Index'&#xD;
Fail: Attribute value invalid. 'Index'&#xD;
Fail: Attribute value invalid. 'Index'&#xD;
Fail: Attribute value invalid. 'Index'&#xD;
Fail: Attribute value invalid. 'Index'&#xD;
Fail: Attribute value invalid. 'Index'</StdOut>
      </Output>
    </UnitTestResult>
    <UnitTestResult executionId="6d4b15ee-aaa6-467e-8fda-c889f9b11275" testId="5b97f0b7-78ca-03e5-f404-238d7520c937" testName="ConvertIdpLog_UserChangePasswordSuccess" computerName="DKSR-EFI-06" duration="00:00:00.0013077" startTime="2024-01-09T15:43:42.4822872+01:00" endTime="2024-01-09T15:43:42.4822872+01:00" testType="13cdc9d9-ddb5-4fa4-a97d-d965ccfc6d4b" outcome="Passed" testListId="8c84fa94-04c1-424b-9868-57a2d4851a1d" relativeResultsDirectory="6d4b15ee-aaa6-467e-8fda-c889f9b11275" />
    <UnitTestResult executionId="9fb6c53b-b317-4171-8e48-4dfb02019716" testId="31b14912-e54b-c7c2-0ece-9cce3806d461" testName="ChannelLicenseCountManager_ReplacementHardware_CountCorrect" computerName="DKSR-EFI-06" duration="00:00:00.0009403" startTime="2024-01-09T15:44:59.9825021+01:00" endTime="2024-01-09T15:44:59.9825021+01:00" testType="13cdc9d9-ddb5-4fa4-a97d-d965ccfc6d4b" outcome="Passed" testListId="8c84fa94-04c1-424b-9868-57a2d4851a1d" relativeResultsDirectory="9fb6c53b-b317-4171-8e48-4dfb02019716" />
    <UnitTestResult executionId="e0dfa74f-a29a-48f3-93ca-6724ef646240" testId="b2db2538-b072-4613-6c1f-0d2570bcfec3" testName="EvidenceLockUpdateScheduler_Constructor_Null_ThrowsArgumentNullException" computerName="DKSR-EFI-06" duration="00:00:00.0117332" startTime="2024-01-09T15:42:45.0134065+01:00" endTime="2024-01-09T15:42:45.0290320+01:00" testType="13cdc9d9-ddb5-4fa4-a97d-d965ccfc6d4b" outcome="Passed" testListId="8c84fa94-04c1-424b-9868-57a2d4851a1d" relativeResultsDirectory="e0dfa74f-a29a-48f3-93ca-6724ef646240">
      <Output>
        <StdOut>Debug Trace:&#xD;
Fail: Argument null</StdOut>
      </Output>
    </UnitTestResult>
    <UnitTestResult executionId="04118231-e0d3-494a-83cc-45e15a013b45" testId="cf929bea-dbe0-dc86-944b-cf85676b735a" testName="HardwareInCWANotOnWhiteList_ReplacedWithNoInheritance_HardwareOnWhiteList_MixedCWAAllowed_NewHardwareInCWA" computerName="DKSR-EFI-06" duration="00:00:00.1964959" startTime="2024-01-09T15:44:01.9355083+01:00" endTime="2024-01-09T15:44:02.1386338+01:00" testType="13cdc9d9-ddb5-4fa4-a97d-d965ccfc6d4b" outcome="Passed" testListId="8c84fa94-04c1-424b-9868-57a2d4851a1d" relativeResultsDirectory="04118231-e0d3-494a-83cc-45e15a013b45" />
    <UnitTestResult executionId="74e2ce9d-1773-4006-993a-74cdada9c8c6" testId="798e5d78-857d-78b3-b5e9-7c835cfd1336" testName="AnalyzeAndCreateAuditLogs_AddedSecurityPermissionsDeviceRowAllVariationsThatGiveTimeBackwardsAuditLog_ReturnsOneAuditLog" computerName="DKSR-EFI-06" duration="00:00:00.0064584" startTime="2024-01-09T15:45:35.6231730+01:00" endTime="2024-01-09T15:45:35.6387946+01:00" testType="13cdc9d9-ddb5-4fa4-a97d-d965ccfc6d4b" outcome="Passed" testListId="8c84fa94-04c1-424b-9868-57a2d4851a1d" relativeResultsDirectory="74e2ce9d-1773-4006-993a-74cdada9c8c6" />
    <UnitTestResult executionId="cfd41d04-b7e9-4b8e-980d-395dd707a468" testId="fe7b57c0-96f0-ff5e-7683-2f3ee9bd43b2" testName="HardwareInCWANotOnWhiteList_ReplacedWithInheritance_HardwareOnWhiteList_MixedCWAAllowed_NewHardwareInCWA" computerName="DKSR-EFI-06" duration="00:00:00.1595398" startTime="2024-01-09T15:44:04.3886385+01:00" endTime="2024-01-09T15:44:04.5448869+01:00" testType="13cdc9d9-ddb5-4fa4-a97d-d965ccfc6d4b" outcome="Passed" testListId="8c84fa94-04c1-424b-9868-57a2d4851a1d" relativeResultsDirectory="cfd41d04-b7e9-4b8e-980d-395dd707a468" />
    <UnitTestResult executionId="cc0871ab-964e-4cc2-ada7-850c5135d605" testId="8ad8ddd5-cdb2-53b3-a2fa-6b144bc9be0e" testName="AllocateLicensesNotActivated_WhitelistedDriver_AlreadyInCWA_OneHardware_Disabled_NoSpaceInCWA_ValidateLicenseTypes" computerName="DKSR-EFI-06" duration="00:00:00.1262266" startTime="2024-01-09T15:44:34.0293124+01:00" endTime="2024-01-09T15:44:34.1543155+01:00" testType="13cdc9d9-ddb5-4fa4-a97d-d965ccfc6d4b" outcome="Passed" testListId="8c84fa94-04c1-424b-9868-57a2d4851a1d" relativeResultsDirectory="cc0871ab-964e-4cc2-ada7-850c5135d605" />
    <UnitTestResult executionId="e69d0c2a-1993-4956-bdc1-03b21f819802" testId="8ce6542e-fbae-6f63-9777-4cd66f576c67" testName="AllocateLicenses_TwoHardware_OneLicense_OneHardwareWithNoCameraDevices" computerName="DKSR-EFI-06" duration="00:00:00.1469879" startTime="2024-01-09T15:44:37.6074365+01:00" endTime="2024-01-09T15:44:37.7636838+01:00" testType="13cdc9d9-ddb5-4fa4-a97d-d965ccfc6d4b" outcome="Passed" testListId="8c84fa94-04c1-424b-9868-57a2d4851a1d" relativeResultsDirectory="e69d0c2a-1993-4956-bdc1-03b21f819802" />
    <UnitTestResult executionId="3bc29ede-a007-4746-bbab-188aa7b9e4a4" testId="17d9a061-47a1-760a-9a7b-5c298e6a3921" testName="UpdateHardwareTaskCommandHandler_Execute_HeartBeat_AccessDenied_Tests" computerName="DKSR-EFI-06" duration="00:00:00.0197449" startTime="2024-01-09T15:45:59.4235162+01:00" endTime="2024-01-09T15:45:59.4547791+01:00" testType="13cdc9d9-ddb5-4fa4-a97d-d965ccfc6d4b" outcome="Passed" testListId="8c84fa94-04c1-424b-9868-57a2d4851a1d" relativeResultsDirectory="3bc29ede-a007-4746-bbab-188aa7b9e4a4" />
    <UnitTestResult executionId="8a08d23a-8a93-4bd2-8b4b-b862109a1f96" testId="f17b5e61-e48f-183b-804a-1a4e2cd53981" testName="HardwareInCWANotOnWhiteList_ReplacedWithInheritance_HardwareOnWhiteList_CWAAllowed_FewerChannelsOnReplacedHardware_NewHardwareInCWA" computerName="DKSR-EFI-06" duration="00:00:00.7565014" startTime="2024-01-09T15:44:14.1542899+01:00" endTime="2024-01-09T15:44:14.9042929+01:00" testType="13cdc9d9-ddb5-4fa4-a97d-d965ccfc6d4b" outcome="Passed" testListId="8c84fa94-04c1-424b-9868-57a2d4851a1d" relativeResultsDirectory="8a08d23a-8a93-4bd2-8b4b-b862109a1f96" />
    <UnitTestResult executionId="59f49fff-e9c5-4c1a-877c-d1ebcb3364ce" testId="23be8a35-ca0a-67d0-d14d-bd08fa2c73b3" testName="UpdateHardwareDriverCommandHandler_Execute_Success" computerName="DKSR-EFI-06" duration="00:00:00.1302563" startTime="2024-01-09T15:45:58.8609193+01:00" endTime="2024-01-09T15:45:59.0015631+01:00" testType="13cdc9d9-ddb5-4fa4-a97d-d965ccfc6d4b" outcome="Passed" testListId="8c84fa94-04c1-424b-9868-57a2d4851a1d" relativeResultsDirectory="59f49fff-e9c5-4c1a-877c-d1ebcb3364ce" />
    <UnitTestResult executionId="7d00611f-dfc8-40e7-ba4b-9f08a20c0b2d" testId="74195eff-5c09-dd70-25cd-3848f6ae2c25" testName="ConfigurationDataSetLoader_GetConfigurationDataSetTables_Success" computerName="DKSR-EFI-06" duration="00:00:00.0013034" startTime="2024-01-09T15:45:34.3262952+01:00" endTime="2024-01-09T15:45:34.3262952+01:00" testType="13cdc9d9-ddb5-4fa4-a97d-d965ccfc6d4b" outcome="Passed" testListId="8c84fa94-04c1-424b-9868-57a2d4851a1d" relativeResultsDirectory="7d00611f-dfc8-40e7-ba4b-9f08a20c0b2d" />
    <UnitTestResult executionId="62126040-10b5-42d3-a124-a5a7deee502f" testId="b0f751ff-632d-85db-edcd-937e5c54a50b" testName="AutomaticActivation_NotCalled_AfterDisabling" computerName="DKSR-EFI-06" duration="00:00:07.5997169" startTime="2024-01-09T15:43:43.4197943+01:00" endTime="2024-01-09T15:43:51.0135630+01:00" testType="13cdc9d9-ddb5-4fa4-a97d-d965ccfc6d4b" outcome="Passed" testListId="8c84fa94-04c1-424b-9868-57a2d4851a1d" relativeResultsDirectory="62126040-10b5-42d3-a124-a5a7deee502f" />
    <UnitTestResult executionId="d9d52162-4183-4431-ac6e-f4692d037133" testId="bfdadc3c-37bb-0ffa-7e83-c4c3b6dca485" testName="ReplaceHardwareCommandHandler_Execute_Null_Tests" computerName="DKSR-EFI-06" duration="00:00:00.0251970" startTime="2024-01-09T15:45:42.3731676+01:00" endTime="2024-01-09T15:45:42.4044196+01:00" testType="13cdc9d9-ddb5-4fa4-a97d-d965ccfc6d4b" outcome="Passed" testListId="8c84fa94-04c1-424b-9868-57a2d4851a1d" relativeResultsDirectory="d9d52162-4183-4431-ac6e-f4692d037133" />
    <UnitTestResult executionId="c9399159-2a1b-4871-9738-9139bb2b46e9" testId="0a3231f4-9027-809c-2a57-46bb102210d5" testName="ChannelLicenseCountManager_CameraFeed_Get_Set_CameraFeedLicenseValue" computerName="DKSR-EFI-06" duration="00:00:00.0006000" startTime="2024-01-09T15:44:59.6700032+01:00" endTime="2024-01-09T15:44:59.6700032+01:00" testType="13cdc9d9-ddb5-4fa4-a97d-d965ccfc6d4b" outcome="Passed" testListId="8c84fa94-04c1-424b-9868-57a2d4851a1d" relativeResultsDirectory="c9399159-2a1b-4871-9738-9139bb2b46e9" />
    <UnitTestResult executionId="c9db0b73-5a32-4f3c-b3df-d7fee2b8131e" testId="5f3e3347-7cc7-75b6-7352-604a8f0807cd" testName="UploadFileChunkCommandHandler_Execute_Failed_CannotCreateFile" computerName="DKSR-EFI-06" duration="00:00:00.0008583" startTime="2024-01-09T15:46:00.3926429+01:00" endTime="2024-01-09T15:46:00.3926429+01:00" testType="13cdc9d9-ddb5-4fa4-a97d-d965ccfc6d4b" outcome="Passed" testListId="8c84fa94-04c1-424b-9868-57a2d4851a1d" relativeResultsDirectory="c9db0b73-5a32-4f3c-b3df-d7fee2b8131e" />
    <UnitTestResult executionId="c77f3ad4-ea69-4826-b2df-7aaa83321d6a" testId="30fe8b39-b2e5-cfa4-da38-ca1b17f8f253" testName="Validate_AddDeviceToCWA_WithNullDevice_ThrowsArgumentNullException" computerName="DKSR-EFI-06" duration="00:00:00.0009609" startTime="2024-01-09T15:45:00.0450082+01:00" endTime="2024-01-09T15:45:00.0450082+01:00" testType="13cdc9d9-ddb5-4fa4-a97d-d965ccfc6d4b" outcome="Passed" testListId="8c84fa94-04c1-424b-9868-57a2d4851a1d" relativeResultsDirectory="c77f3ad4-ea69-4826-b2df-7aaa83321d6a" />
    <UnitTestResult executionId="89ce1d2f-81e1-4a22-bf41-f844e419967b" testId="83a7296c-e486-b9d7-1922-2ba57eeed087" testName="AllocateLicense_5Available_OneHardware_AlreadyLicensedInLicFile_SufficientCameraCountInLicenseFileForHardwareCameraFeeds" computerName="DKSR-EFI-06" duration="00:00:00.0503011" startTime="2024-01-09T15:44:35.5761872+01:00" endTime="2024-01-09T15:44:35.6230619+01:00" testType="13cdc9d9-ddb5-4fa4-a97d-d965ccfc6d4b" outcome="Passed" testListId="8c84fa94-04c1-424b-9868-57a2d4851a1d" relativeResultsDirectory="89ce1d2f-81e1-4a22-bf41-f844e419967b" />
    <UnitTestResult executionId="8326b815-fbd5-4311-9e38-05e1c2e5d35d" testId="80447293-19a9-3855-d079-0aa7d86b9325" testName="ReportMediaCommittedToDatabaseCommand_ModelValid_RecorderNotFoundException_Handled" computerName="DKSR-EFI-06" duration="00:00:00.0010153" startTime="2024-01-09T15:42:47.8415426+01:00" endTime="2024-01-09T15:42:47.8415426+01:00" testType="13cdc9d9-ddb5-4fa4-a97d-d965ccfc6d4b" outcome="Passed" testListId="8c84fa94-04c1-424b-9868-57a2d4851a1d" relativeResultsDirectory="8326b815-fbd5-4311-9e38-05e1c2e5d35d" />
    <UnitTestResult executionId="77539f6f-aba7-4bd9-88f2-da31263da116" testId="d6028c75-f54c-a6c8-83bc-c168a426567e" testName="CheckForAutomaticActivationTrigger_ReturnsTrue_OnAddedHardware" computerName="DKSR-EFI-06" duration="00:00:00.0622920" startTime="2024-01-09T15:45:34.4512947+01:00" endTime="2024-01-09T15:45:34.5137950+01:00" testType="13cdc9d9-ddb5-4fa4-a97d-d965ccfc6d4b" outcome="Passed" testListId="8c84fa94-04c1-424b-9868-57a2d4851a1d" relativeResultsDirectory="77539f6f-aba7-4bd9-88f2-da31263da116" />
    <UnitTestResult executionId="6d4a6ef7-9519-4316-b129-af1562a8925a" testId="58156cd4-323d-1734-17be-a12608c05d92" testName="Construct_LicenseSnapshot_InvalidDeviceLicenseInfo_Throws_ArgumentNullException" computerName="DKSR-EFI-06" duration="00:00:00.0024076" startTime="2024-01-09T15:45:33.9512989+01:00" endTime="2024-01-09T15:45:33.9512989+01:00" testType="13cdc9d9-ddb5-4fa4-a97d-d965ccfc6d4b" outcome="Passed" testListId="8c84fa94-04c1-424b-9868-57a2d4851a1d" relativeResultsDirectory="6d4a6ef7-9519-4316-b129-af1562a8925a" />
    <UnitTestResult executionId="e42316f3-0f19-4a85-94b3-3826a6fc355a" testId="45311aec-8a2d-cefe-8926-17267035950b" testName="MoveHardwareTaskCommandHandler_Execute_PrepareMoveHardware_TimeoutResponse_Fail_With_StopHardwareTimeout" computerName="DKSR-EFI-06" duration="00:00:00.0037287" startTime="2024-01-09T15:45:41.4981718+01:00" endTime="2024-01-09T15:45:41.5137945+01:00" testType="13cdc9d9-ddb5-4fa4-a97d-d965ccfc6d4b" outcome="Passed" testListId="8c84fa94-04c1-424b-9868-57a2d4851a1d" relativeResultsDirectory="e42316f3-0f19-4a85-94b3-3826a6fc355a" />
    <UnitTestResult executionId="dc12e9a4-9264-4aa5-bec6-ff34acf9def2" testId="02ea1c10-2177-d122-01d1-49ecad243c61" testName="Find_NonICPHardware_ThatIsInGrace_ExpectedToFindNohardware" computerName="DKSR-EFI-06" duration="00:00:00.0036698" startTime="2024-01-09T15:45:34.2012953+01:00" endTime="2024-01-09T15:45:34.2012953+01:00" testType="13cdc9d9-ddb5-4fa4-a97d-d965ccfc6d4b" outcome="Passed" testListId="8c84fa94-04c1-424b-9868-57a2d4851a1d" relativeResultsDirectory="dc12e9a4-9264-4aa5-bec6-ff34acf9def2" />
    <UnitTestResult executionId="c743356e-ae05-47c9-8c0f-36eee54e6b86" testId="b87fe60f-2790-ec89-7e60-9dce4bf23dd0" testName="Start_DisposeHasBeenCalled_ReturnsImmediatelyAndDoesNotInvokeAnythingButDispose" computerName="DKSR-EFI-06" duration="00:00:00.0024370" startTime="2024-01-09T15:43:43.1697939+01:00" endTime="2024-01-09T15:43:43.1697939+01:00" testType="13cdc9d9-ddb5-4fa4-a97d-d965ccfc6d4b" outcome="Passed" testListId="8c84fa94-04c1-424b-9868-57a2d4851a1d" relativeResultsDirectory="c743356e-ae05-47c9-8c0f-36eee54e6b86" />
    <UnitTestResult executionId="4a892af8-2305-4f2b-9202-31b328137043" testId="05025a2f-eb76-55f9-eb52-6fcad523c590" testName="UpdateEvidenceLockSizesCommandHandlerTests_UpdateOneEvidenceLockSizeSpansAcrossRecorder_RecordersReturnedWithMixedResponses_SuccessResponse" computerName="DKSR-EFI-06" duration="00:00:02.1221783" startTime="2024-01-09T15:45:48.2183601+01:00" endTime="2024-01-09T15:45:50.3438546+01:00" testType="13cdc9d9-ddb5-4fa4-a97d-d965ccfc6d4b" outcome="Passed" testListId="8c84fa94-04c1-424b-9868-57a2d4851a1d" relativeResultsDirectory="4a892af8-2305-4f2b-9202-31b328137043" />
    <UnitTestResult executionId="c88585e4-09cd-443d-b4e4-c037c9d4f614" testId="966766d3-85fb-dda3-5ac6-758426bd60bf" testName="EvidenceLockOnOldRecorderCommandHandlerTests_OldRecV1_ConfigDelete1RowMain_Distribution" computerName="DKSR-EFI-06" duration="00:00:00.0189115" startTime="2024-01-09T15:45:37.2325465+01:00" endTime="2024-01-09T15:45:37.2481713+01:00" testType="13cdc9d9-ddb5-4fa4-a97d-d965ccfc6d4b" outcome="Passed" testListId="8c84fa94-04c1-424b-9868-57a2d4851a1d" relativeResultsDirectory="c88585e4-09cd-443d-b4e4-c037c9d4f614" />
    <UnitTestResult executionId="e9a2f544-0189-411c-ae76-4d8b15e99084" testId="b1ef1835-e836-1dd5-22ee-fc77faa1055a" testName="Validate_IsDeviceInChangesWithoutActivation_Found" computerName="DKSR-EFI-06" duration="00:00:00.0004924" startTime="2024-01-09T15:45:00.1387546+01:00" endTime="2024-01-09T15:45:00.1387546+01:00" testType="13cdc9d9-ddb5-4fa4-a97d-d965ccfc6d4b" outcome="Passed" testListId="8c84fa94-04c1-424b-9868-57a2d4851a1d" relativeResultsDirectory="e9a2f544-0189-411c-ae76-4d8b15e99084" />
    <UnitTestResult executionId="15b3b38b-0352-4bd0-97b6-0434fdbd1b25" testId="6f7bb80b-dba3-2067-8a47-0c3a50cbf31b" testName="CreateLicenseInformationXml_Has1Activated_On1ActivatedHardware25ChannelOnWhitelist" computerName="DKSR-EFI-06" duration="00:00:00.0885975" startTime="2024-01-09T15:45:01.2012440+01:00" endTime="2024-01-09T15:45:01.2793644+01:00" testType="13cdc9d9-ddb5-4fa4-a97d-d965ccfc6d4b" outcome="Passed" testListId="8c84fa94-04c1-424b-9868-57a2d4851a1d" relativeResultsDirectory="15b3b38b-0352-4bd0-97b6-0434fdbd1b25">
      <Output>
        <StdOut>Debug Trace:&#xD;
Fail: Attribute value invalid. 'Index'&#xD;
Fail: Attribute value invalid. 'Index'&#xD;
Fail: Attribute value invalid. 'Index'&#xD;
Fail: Attribute value invalid. 'Index'&#xD;
Fail: Attribute value invalid. 'Index'&#xD;
Fail: Attribute value invalid. 'Index'&#xD;
Fail: Attribute value invalid. 'Index'&#xD;
Fail: Attribute value invalid. 'Index'&#xD;
Fail: Attribute value invalid. 'Index'&#xD;
Fail: Attribute value invalid. 'Index'&#xD;
Fail: Attribute value invalid. 'Index'&#xD;
Fail: Attribute value invalid. 'Index'&#xD;
Fail: Attribute value invalid. 'Index'&#xD;
Fail: Attribute value invalid. 'Index'&#xD;
Fail: Attribute value invalid. 'Index'&#xD;
Fail: Attribute value invalid. 'Index'&#xD;
Fail: Attribute value invalid. 'Index'&#xD;
Fail: Attribute value invalid. 'Index'&#xD;
Fail: Attribute value invalid. 'Index'&#xD;
Fail: Attribute value invalid. 'Index'&#xD;
Fail: Attribute value invalid. 'Index'&#xD;
Fail: Attribute value invalid. 'Index'&#xD;
Fail: Attribute value invalid. 'Index'&#xD;
Fail: Attribute value invalid. 'Index'&#xD;
Fail: Attribute value invalid. 'Index'</StdOut>
      </Output>
    </UnitTestResult>
    <UnitTestResult executionId="83c82908-843e-404d-af4a-25b787557d1c" testId="3a20ed6d-4869-56be-fcee-5307650ce610" testName="AllocateLicense_5Available_OneHardware_AlreadyLicensedInLicFile_InsufficientCameraCountInLicenseFileForHardwareCameraFeeds" computerName="DKSR-EFI-06" duration="00:00:00.0335049" startTime="2024-01-09T15:44:36.1230609+01:00" endTime="2024-01-09T15:44:36.1699379+01:00" testType="13cdc9d9-ddb5-4fa4-a97d-d965ccfc6d4b" outcome="Passed" testListId="8c84fa94-04c1-424b-9868-57a2d4851a1d" relativeResultsDirectory="83c82908-843e-404d-af4a-25b787557d1c" />
    <UnitTestResult executionId="2bb2f27b-b8be-452c-a684-e1294b5d26ea" testId="cd69e440-c907-d5ab-f818-2b9c3d714f28" testName="TemporaryLicense_HasCurrentYearToken_PreviousYear" computerName="DKSR-EFI-06" duration="00:00:00.0006790" startTime="2024-01-09T15:43:51.1229423+01:00" endTime="2024-01-09T15:43:51.1229423+01:00" testType="13cdc9d9-ddb5-4fa4-a97d-d965ccfc6d4b" outcome="Passed" testListId="8c84fa94-04c1-424b-9868-57a2d4851a1d" relativeResultsDirectory="2bb2f27b-b8be-452c-a684-e1294b5d26ea" />
    <UnitTestResult executionId="f19d5730-962b-4c77-b7e8-94a15f8d3402" testId="0b95b563-b3d8-1fad-97ed-28bd915fb5ac" testName="TemporaryDeviceLicense_Ctor_DateTimeMaxValue_DateOnly_ArgumentException" computerName="DKSR-EFI-06" duration="00:00:00.0011364" startTime="2024-01-09T15:43:51.0916923+01:00" endTime="2024-01-09T15:43:51.0916923+01:00" testType="13cdc9d9-ddb5-4fa4-a97d-d965ccfc6d4b" outcome="Passed" testListId="8c84fa94-04c1-424b-9868-57a2d4851a1d" relativeResultsDirectory="f19d5730-962b-4c77-b7e8-94a15f8d3402">
      <Output>
        <StdOut>Debug Trace:&#xD;
Fail: Argument invalid - must be UTC</StdOut>
      </Output>
    </UnitTestResult>
    <UnitTestResult executionId="7f07d446-99fe-4849-ad0c-c6ba97860da5" testId="eee68226-2ed0-bd84-4e65-b8bb4f9c8e73" testName="GetRecorderLicense_DoesNotRegeneratesReplacementToken_OnNoMoreSpaceLeftInReplacementLimit" computerName="DKSR-EFI-06" duration="00:00:00.0303461" startTime="2024-01-09T15:45:09.4981330+01:00" endTime="2024-01-09T15:45:09.5293832+01:00" testType="13cdc9d9-ddb5-4fa4-a97d-d965ccfc6d4b" outcome="Passed" testListId="8c84fa94-04c1-424b-9868-57a2d4851a1d" relativeResultsDirectory="7f07d446-99fe-4849-ad0c-c6ba97860da5" />
    <UnitTestResult executionId="39ad3d59-9c2d-42b0-a781-55276066e454" testId="b9422136-6e99-7181-36c2-a5eaa4ea48b7" testName="GetRecorderTasks_RecorderNotFoundException_Handled" computerName="DKSR-EFI-06" duration="00:00:00.0019936" startTime="2024-01-09T15:42:48.1540423+01:00" endTime="2024-01-09T15:42:48.1540423+01:00" testType="13cdc9d9-ddb5-4fa4-a97d-d965ccfc6d4b" outcome="Passed" testListId="8c84fa94-04c1-424b-9868-57a2d4851a1d" relativeResultsDirectory="39ad3d59-9c2d-42b0-a781-55276066e454" />
    <UnitTestResult executionId="2b00f236-4db9-4ae8-bc97-5b6457bffec4" testId="4144b2ea-a666-09c1-ca76-3c77a8157cad" testName="ConfigurationDataSetLoader_GetDevicesByHardwareId_Success" computerName="DKSR-EFI-06" duration="00:00:00.0010391" startTime="2024-01-09T15:45:34.3731714+01:00" endTime="2024-01-09T15:45:34.3731714+01:00" testType="13cdc9d9-ddb5-4fa4-a97d-d965ccfc6d4b" outcome="Passed" testListId="8c84fa94-04c1-424b-9868-57a2d4851a1d" relativeResultsDirectory="2b00f236-4db9-4ae8-bc97-5b6457bffec4" />
    <UnitTestResult executionId="00ce86a5-6334-4e19-a357-b5fdc1895eac" testId="cf2da230-ce42-6ad5-a008-cc10b1033920" testName="DeviceLicense_RetrieveExpireDate_NullDeviceInfo_Throws_ArgumentException" computerName="DKSR-EFI-06" duration="00:00:00.0008192" startTime="2024-01-09T15:45:34.1075450+01:00" endTime="2024-01-09T15:45:34.1075450+01:00" testType="13cdc9d9-ddb5-4fa4-a97d-d965ccfc6d4b" outcome="Passed" testListId="8c84fa94-04c1-424b-9868-57a2d4851a1d" relativeResultsDirectory="00ce86a5-6334-4e19-a357-b5fdc1895eac" />
    <UnitTestResult executionId="6d05dfa1-9b85-4d0c-846b-540c75fd17b0" testId="a930bf31-deb5-7c95-5e24-1f743f244144" testName="CreateLicenseInformationXml_Has1Grace_On1GraceHardware25ChannelOnWhitelist" computerName="DKSR-EFI-06" duration="00:00:00.1610198" startTime="2024-01-09T15:45:01.2793644+01:00" endTime="2024-01-09T15:45:01.4512434+01:00" testType="13cdc9d9-ddb5-4fa4-a97d-d965ccfc6d4b" outcome="Passed" testListId="8c84fa94-04c1-424b-9868-57a2d4851a1d" relativeResultsDirectory="6d05dfa1-9b85-4d0c-846b-540c75fd17b0">
      <Output>
        <StdOut>Debug Trace:&#xD;
Fail: Attribute value invalid. 'Index'&#xD;
Fail: Attribute value invalid. 'Index'&#xD;
Fail: Attribute value invalid. 'Index'&#xD;
Fail: Attribute value invalid. 'Index'&#xD;
Fail: Attribute value invalid. 'Index'&#xD;
Fail: Attribute value invalid. 'Index'&#xD;
Fail: Attribute value invalid. 'Index'&#xD;
Fail: Attribute value invalid. 'Index'&#xD;
Fail: Attribute value invalid. 'Index'&#xD;
Fail: Attribute value invalid. 'Index'&#xD;
Fail: Attribute value invalid. 'Index'&#xD;
Fail: Attribute value invalid. 'Index'&#xD;
Fail: Attribute value invalid. 'Index'&#xD;
Fail: Attribute value invalid. 'Index'&#xD;
Fail: Attribute value invalid. 'Index'&#xD;
Fail: Attribute value invalid. 'Index'&#xD;
Fail: Attribute value invalid. 'Index'&#xD;
Fail: Attribute value invalid. 'Index'&#xD;
Fail: Attribute value invalid. 'Index'&#xD;
Fail: Attribute value invalid. 'Index'&#xD;
Fail: Attribute value invalid. 'Index'&#xD;
Fail: Attribute value invalid. 'Index'&#xD;
Fail: Attribute value invalid. 'Index'&#xD;
Fail: Attribute value invalid. 'Index'&#xD;
Fail: Attribute value invalid. 'Index'</StdOut>
      </Output>
    </UnitTestResult>
    <UnitTestResult executionId="c5d798bc-8d0e-4782-aab5-a51383f42515" testId="69d8e4e1-c6b4-49a3-77e0-7723a1266172" testName="IsHardwareInCurrentYearChangesWithoutActivation_ReturnsFalse_OnPreviousYearDevices" computerName="DKSR-EFI-06" duration="00:00:00.0093479" startTime="2024-01-09T15:45:09.8731332+01:00" endTime="2024-01-09T15:45:09.8887599+01:00" testType="13cdc9d9-ddb5-4fa4-a97d-d965ccfc6d4b" outcome="Passed" testListId="8c84fa94-04c1-424b-9868-57a2d4851a1d" relativeResultsDirectory="c5d798bc-8d0e-4782-aab5-a51383f42515" />
    <UnitTestResult executionId="72a42308-ad89-4ffd-a945-1eb03729dc72" testId="ebd42dbd-49ae-dea1-1ba7-db0f8d57e1d7" testName="LicenseCountManager_CameraFeed_GetFirstCameraFeedDeviceIndex_Success" computerName="DKSR-EFI-06" duration="00:00:00.0007951" startTime="2024-01-09T15:45:00.2481302+01:00" endTime="2024-01-09T15:45:00.2481302+01:00" testType="13cdc9d9-ddb5-4fa4-a97d-d965ccfc6d4b" outcome="Passed" testListId="8c84fa94-04c1-424b-9868-57a2d4851a1d" relativeResultsDirectory="72a42308-ad89-4ffd-a945-1eb03729dc72" />
    <UnitTestResult executionId="6e782f8d-c73a-496f-a468-9c0c48183d0f" testId="b4e32be7-f876-d1d1-b34b-4d98d121b1bf" testName="AllocateLicenses_TwoMissingICPChannelLicenses_OnOneICPWithTwoCameras" computerName="DKSR-EFI-06" duration="00:00:00.0392214" startTime="2024-01-09T15:44:59.4512518+01:00" endTime="2024-01-09T15:44:59.4981266+01:00" testType="13cdc9d9-ddb5-4fa4-a97d-d965ccfc6d4b" outcome="Passed" testListId="8c84fa94-04c1-424b-9868-57a2d4851a1d" relativeResultsDirectory="6e782f8d-c73a-496f-a468-9c0c48183d0f">
      <Output>
        <StdOut>Debug Trace:&#xD;
Fail: Attribute value invalid. 'Index'&#xD;
Fail: Attribute value invalid. 'Index'</StdOut>
      </Output>
    </UnitTestResult>
    <UnitTestResult executionId="f08a7b55-3990-4f1f-8e9e-5565aba458fe" testId="0e272411-52c5-eed6-91b4-927d99d4aa2d" testName="UpdateHardwareDriverCommandHandler_Execute_SqlException_Error" computerName="DKSR-EFI-06" duration="00:00:00.0956012" startTime="2024-01-09T15:45:59.0015631+01:00" endTime="2024-01-09T15:45:59.0953204+01:00" testType="13cdc9d9-ddb5-4fa4-a97d-d965ccfc6d4b" outcome="Passed" testListId="8c84fa94-04c1-424b-9868-57a2d4851a1d" relativeResultsDirectory="f08a7b55-3990-4f1f-8e9e-5565aba458fe" />
    <UnitTestResult executionId="88354065-c39a-4c15-b6f0-7ffd374848cd" testId="20394b1d-85cf-6874-2349-f0dfac4aa410" testName="IsHardwareInChangesWithoutActivation_ReturnsFalse_OnHardwarewithoutTemporaryLicense" computerName="DKSR-EFI-06" duration="00:00:00.0058462" startTime="2024-01-09T15:45:09.9356332+01:00" endTime="2024-01-09T15:45:09.9356332+01:00" testType="13cdc9d9-ddb5-4fa4-a97d-d965ccfc6d4b" outcome="Passed" testListId="8c84fa94-04c1-424b-9868-57a2d4851a1d" relativeResultsDirectory="88354065-c39a-4c15-b6f0-7ffd374848cd" />
    <UnitTestResult executionId="c6bcd7cc-1f08-406d-b4d0-efedf5f33f54" testId="4bce812a-4918-86c6-8b3b-eb1449713531" testName="ExecuteMipActionCommand_ModelIsNull_BadRequestResult" computerName="DKSR-EFI-06" duration="00:00:00.0009519" startTime="2024-01-09T15:42:47.9977908+01:00" endTime="2024-01-09T15:42:48.0134191+01:00" testType="13cdc9d9-ddb5-4fa4-a97d-d965ccfc6d4b" outcome="Passed" testListId="8c84fa94-04c1-424b-9868-57a2d4851a1d" relativeResultsDirectory="c6bcd7cc-1f08-406d-b4d0-efedf5f33f54" />
    <UnitTestResult executionId="bececdd2-a801-4fd2-a865-030cbe63ff0b" testId="dd22f5da-b4c6-bd77-4647-4478909c740f" testName="SetupInitialHardwareUserCommandHandler_Constructor_ThrowsIfParameterNull" computerName="DKSR-EFI-06" duration="00:00:00.0067961" startTime="2024-01-09T15:45:43.9514944+01:00" endTime="2024-01-09T15:45:43.9514944+01:00" testType="13cdc9d9-ddb5-4fa4-a97d-d965ccfc6d4b" outcome="Passed" testListId="8c84fa94-04c1-424b-9868-57a2d4851a1d" relativeResultsDirectory="bececdd2-a801-4fd2-a865-030cbe63ff0b">
      <Output>
        <StdOut>Debug Trace:&#xD;
Fail: Argument null</StdOut>
      </Output>
    </UnitTestResult>
    <UnitTestResult executionId="3f566090-761a-4ddb-8035-c65cafc10ede" testId="e6819f7e-688a-dd3a-7801-c815e8037398" testName="Constructor_Success_ValidObjectReturned" computerName="DKSR-EFI-06" duration="00:00:00.0001857" startTime="2024-01-09T15:42:48.2321700+01:00" endTime="2024-01-09T15:42:48.2321700+01:00" testType="13cdc9d9-ddb5-4fa4-a97d-d965ccfc6d4b" outcome="Passed" testListId="8c84fa94-04c1-424b-9868-57a2d4851a1d" relativeResultsDirectory="3f566090-761a-4ddb-8035-c65cafc10ede" />
    <UnitTestResult executionId="e6a85751-6c83-491c-8d11-f8cdef2a2362" testId="27d010b7-073a-bedd-c4ca-0b3ec69f3aae" testName="FailResponse_ModelIsNull_BadRequestResult" computerName="DKSR-EFI-06" duration="00:00:00.0005384" startTime="2024-01-09T15:42:48.2790445+01:00" endTime="2024-01-09T15:42:48.2790445+01:00" testType="13cdc9d9-ddb5-4fa4-a97d-d965ccfc6d4b" outcome="Passed" testListId="8c84fa94-04c1-424b-9868-57a2d4851a1d" relativeResultsDirectory="e6a85751-6c83-491c-8d11-f8cdef2a2362" />
    <UnitTestResult executionId="8bc9a263-6d5a-4dea-8a51-a4a0e5c311ad" testId="06cb1a61-0bd1-3696-d03c-a56d6e162cf8" testName="AddBookmarkCommand_ModelIsNull_BadRequestResult" computerName="DKSR-EFI-06" duration="00:00:00.0009731" startTime="2024-01-09T15:42:47.8727914+01:00" endTime="2024-01-09T15:42:47.8727914+01:00" testType="13cdc9d9-ddb5-4fa4-a97d-d965ccfc6d4b" outcome="Passed" testListId="8c84fa94-04c1-424b-9868-57a2d4851a1d" relativeResultsDirectory="8bc9a263-6d5a-4dea-8a51-a4a0e5c311ad" />
    <UnitTestResult executionId="330e3e81-d5e5-4404-b4ee-16c46dddb415" testId="9d90b675-45bc-4904-0227-d0c44d00b4d5" testName="EvidenceLockOnOldRecorderCommandHandlerTests_OldRecV1_ConfigDelete2Rows" computerName="DKSR-EFI-06" duration="00:00:00.0175209" startTime="2024-01-09T15:45:37.1544205+01:00" endTime="2024-01-09T15:45:37.1856717+01:00" testType="13cdc9d9-ddb5-4fa4-a97d-d965ccfc6d4b" outcome="Passed" testListId="8c84fa94-04c1-424b-9868-57a2d4851a1d" relativeResultsDirectory="330e3e81-d5e5-4404-b4ee-16c46dddb415" />
    <UnitTestResult executionId="a0b7fadf-0c51-4db6-a4b8-58a6cdee03d0" testId="707c8cef-f4b9-4d6c-816f-02a28a120756" testName="GetCompleteConfiguration_RequestedWorkRejected_ServiceUnavailableResponseWithCorrectRetryAfterValue" computerName="DKSR-EFI-06" duration="00:00:00.0986940" startTime="2024-01-09T15:42:47.2790376+01:00" endTime="2024-01-09T15:42:47.3727862+01:00" testType="13cdc9d9-ddb5-4fa4-a97d-d965ccfc6d4b" outcome="Passed" testListId="8c84fa94-04c1-424b-9868-57a2d4851a1d" relativeResultsDirectory="a0b7fadf-0c51-4db6-a4b8-58a6cdee03d0" />
    <UnitTestResult executionId="83799202-e159-47d7-9b80-3c3aceaaa23c" testId="0e465eda-53ff-08d9-e6a5-a484edda258a" testName="CheckConfigurationDataSet_AAC_Hardware_WithAACSetting_Licensed_Success" computerName="DKSR-EFI-06" duration="00:00:00.0041833" startTime="2024-01-09T15:45:00.4981335+01:00" endTime="2024-01-09T15:45:00.4981335+01:00" testType="13cdc9d9-ddb5-4fa4-a97d-d965ccfc6d4b" outcome="Passed" testListId="8c84fa94-04c1-424b-9868-57a2d4851a1d" relativeResultsDirectory="83799202-e159-47d7-9b80-3c3aceaaa23c" />
    <UnitTestResult executionId="fa81c888-0ffb-48df-8edd-e83a818d4c54" testId="8bcee521-6a78-3b6c-e064-84949de76b2c" testName="Parse_WhenIntegrationNameChanged_NewestIntegrationNameIsSet" computerName="DKSR-EFI-06" duration="00:00:00.0013218" startTime="2024-01-09T15:43:51.1698133+01:00" endTime="2024-01-09T15:43:51.1698133+01:00" testType="13cdc9d9-ddb5-4fa4-a97d-d965ccfc6d4b" outcome="Passed" testListId="8c84fa94-04c1-424b-9868-57a2d4851a1d" relativeResultsDirectory="fa81c888-0ffb-48df-8edd-e83a818d4c54" />
    <UnitTestResult executionId="0d96c3c5-38e2-4201-803f-26c458416ff0" testId="02013f03-f3c8-ae40-1d17-a301222d6f0c" testName="GenerateIntegrationRegistrationsAsXml_Success_ValidXmlWithIntegrationRegistration" computerName="DKSR-EFI-06" duration="00:00:00.0524056" startTime="2024-01-09T15:45:29.1856693+01:00" endTime="2024-01-09T15:45:29.2325438+01:00" testType="13cdc9d9-ddb5-4fa4-a97d-d965ccfc6d4b" outcome="Passed" testListId="8c84fa94-04c1-424b-9868-57a2d4851a1d" relativeResultsDirectory="0d96c3c5-38e2-4201-803f-26c458416ff0" />
    <UnitTestResult executionId="a7f7a25d-b56c-4ff9-b8ae-4e2e2033d082" testId="b93ee5ca-fd7e-91c3-bf76-e44e5c17689d" testName="RegisterRecorder_NotCompatible_ReturnsOKCompatible" computerName="DKSR-EFI-06" duration="00:00:00.0014530" startTime="2024-01-09T15:42:48.6696728+01:00" endTime="2024-01-09T15:42:48.6696728+01:00" testType="13cdc9d9-ddb5-4fa4-a97d-d965ccfc6d4b" outcome="Passed" testListId="8c84fa94-04c1-424b-9868-57a2d4851a1d" relativeResultsDirectory="a7f7a25d-b56c-4ff9-b8ae-4e2e2033d082" />
    <UnitTestResult executionId="0df9c95b-66e2-48b8-b6f0-131e1cc34972" testId="b8867a28-2ad7-151f-5f32-a239b8fa1db2" testName="SetHardwareNetworkSettingsCommandHandler_Execute_RecorderNotFound_ReturnsCorrectResponse" computerName="DKSR-EFI-06" duration="00:00:00.0011580" startTime="2024-01-09T15:45:43.9358662+01:00" endTime="2024-01-09T15:45:43.9358662+01:00" testType="13cdc9d9-ddb5-4fa4-a97d-d965ccfc6d4b" outcome="Passed" testListId="8c84fa94-04c1-424b-9868-57a2d4851a1d" relativeResultsDirectory="0df9c95b-66e2-48b8-b6f0-131e1cc34972" />
    <UnitTestResult executionId="3cedc924-0b04-47d3-987f-04eed12f9c97" testId="2f723da0-92e7-0c56-577f-931adff75ea7" testName="TableAdapterTypeManager_GetRecorderTableAdapters_Success" computerName="DKSR-EFI-06" duration="00:00:00.0056262" startTime="2024-01-09T15:45:34.4356718+01:00" endTime="2024-01-09T15:45:34.4512947+01:00" testType="13cdc9d9-ddb5-4fa4-a97d-d965ccfc6d4b" outcome="Passed" testListId="8c84fa94-04c1-424b-9868-57a2d4851a1d" relativeResultsDirectory="3cedc924-0b04-47d3-987f-04eed12f9c97" />
    <UnitTestResult executionId="d011dfa5-2eca-4522-ad1d-e2114c9c7bd6" testId="1218a498-99c8-aef7-14b6-a005d2b1e4af" testName="Validate_Channel_ClearChangesWithoutActivation_ThrowsArgumentNullException" computerName="DKSR-EFI-06" duration="00:00:00.0007250" startTime="2024-01-09T15:45:00.1075041+01:00" endTime="2024-01-09T15:45:00.1075041+01:00" testType="13cdc9d9-ddb5-4fa4-a97d-d965ccfc6d4b" outcome="Passed" testListId="8c84fa94-04c1-424b-9868-57a2d4851a1d" relativeResultsDirectory="d011dfa5-2eca-4522-ad1d-e2114c9c7bd6" />
    <UnitTestResult executionId="1644d246-f29f-4a9d-8224-45d27dedad99" testId="39324dd6-2d08-2e28-4994-29171aa487dd" testName="MultiSite_ChannelBased_SameHardwareDifferentEnabledDevicesOn2Recorders_NotWhitelisted_ConsumesNoExtraLicenses" computerName="DKSR-EFI-06" duration="00:00:00.3147168" startTime="2024-01-09T15:44:49.6231062+01:00" endTime="2024-01-09T15:44:49.9356018+01:00" testType="13cdc9d9-ddb5-4fa4-a97d-d965ccfc6d4b" outcome="Passed" testListId="8c84fa94-04c1-424b-9868-57a2d4851a1d" relativeResultsDirectory="1644d246-f29f-4a9d-8224-45d27dedad99" />
    <UnitTestResult executionId="a89fce73-7f8e-4add-9de0-3fa4ca4fdbda" testId="41d4ae6d-1ec6-489b-d9c2-de1156a0d310" testName="GenerateLicenseRequestAsXml_DeviceChannelCountInXml_OneLicenseCountWithDriverNameOnWhitelist" computerName="DKSR-EFI-06" duration="00:00:00.5806365" startTime="2024-01-09T15:45:29.7794172+01:00" endTime="2024-01-09T15:45:30.3575426+01:00" testType="13cdc9d9-ddb5-4fa4-a97d-d965ccfc6d4b" outcome="Passed" testListId="8c84fa94-04c1-424b-9868-57a2d4851a1d" relativeResultsDirectory="a89fce73-7f8e-4add-9de0-3fa4ca4fdbda" />
    <UnitTestResult executionId="2496ec5c-c7cc-492e-8a68-382bf73849ad" testId="9a022633-48a0-501e-eeef-810088119832" testName="LicenseCountManager_FindNonIcpHardwareInGrace_Throws_NotImplementedException" computerName="DKSR-EFI-06" duration="00:00:00.0009572" startTime="2024-01-09T15:45:00.1387546+01:00" endTime="2024-01-09T15:45:00.1387546+01:00" testType="13cdc9d9-ddb5-4fa4-a97d-d965ccfc6d4b" outcome="Passed" testListId="8c84fa94-04c1-424b-9868-57a2d4851a1d" relativeResultsDirectory="2496ec5c-c7cc-492e-8a68-382bf73849ad" />
    <UnitTestResult executionId="14bce08b-eeec-46cb-8cef-6f5d63fa27e6" testId="25f8655e-1ff4-cb67-b85d-5adb7eb5d758" testName="AnalyzeAndCreateAuditLogs_ModifiedSecurityPermissionsDeviceRowWithDEVICEPTZPRIORITYAtrribute_ReturnsTwoAuditLog" computerName="DKSR-EFI-06" duration="00:00:00.0030607" startTime="2024-01-09T15:45:35.7325453+01:00" endTime="2024-01-09T15:45:35.7325453+01:00" testType="13cdc9d9-ddb5-4fa4-a97d-d965ccfc6d4b" outcome="Passed" testListId="8c84fa94-04c1-424b-9868-57a2d4851a1d" relativeResultsDirectory="14bce08b-eeec-46cb-8cef-6f5d63fa27e6" />
    <UnitTestResult executionId="7f437232-74cb-46b2-b864-6b4adb83bd07" testId="4d097d45-0d0d-ea90-d9d4-dc2396355990" testName="EvidenceLockOnOldRecorderCommandHandlerTests_OldRecV1_ConfigDelete1RowMain_NoDistribution" computerName="DKSR-EFI-06" duration="00:00:00.0154224" startTime="2024-01-09T15:45:37.2481713+01:00" endTime="2024-01-09T15:45:37.2637941+01:00" testType="13cdc9d9-ddb5-4fa4-a97d-d965ccfc6d4b" outcome="Passed" testListId="8c84fa94-04c1-424b-9868-57a2d4851a1d" relativeResultsDirectory="7f437232-74cb-46b2-b864-6b4adb83bd07" />
    <UnitTestResult executionId="fc313a0d-6750-4d4a-948f-aae2a2269c75" testId="c87ffa61-951f-ee62-c1fb-b3754d84e4e7" testName="ReleasePtzSessionResponse_ModelIsValid_CommandExecuted" computerName="DKSR-EFI-06" duration="00:00:00.0043392" startTime="2024-01-09T15:42:48.3259197+01:00" endTime="2024-01-09T15:42:48.3415432+01:00" testType="13cdc9d9-ddb5-4fa4-a97d-d965ccfc6d4b" outcome="Passed" testListId="8c84fa94-04c1-424b-9868-57a2d4851a1d" relativeResultsDirectory="fc313a0d-6750-4d4a-948f-aae2a2269c75" />
    <UnitTestResult executionId="f71d1121-3883-4a68-bf49-474795776681" testId="67b04a5a-d7e5-804a-359e-7ab0a49b2032" testName="DeviceLicense_RemoveDeviceLicense_NoDeviceLicenseReturned" computerName="DKSR-EFI-06" duration="00:00:00.0007840" startTime="2024-01-09T15:45:34.1231752+01:00" endTime="2024-01-09T15:45:34.1231752+01:00" testType="13cdc9d9-ddb5-4fa4-a97d-d965ccfc6d4b" outcome="Passed" testListId="8c84fa94-04c1-424b-9868-57a2d4851a1d" relativeResultsDirectory="f71d1121-3883-4a68-bf49-474795776681" />
    <UnitTestResult executionId="0d8c449e-9f8f-4e92-a8d3-29885076284e" testId="b125b64e-16a9-9a1c-bed1-c7eb1931e757" testName="IsActivationNeeded_True_ICP_CamerasRemoved" computerName="DKSR-EFI-06" duration="00:00:00.0924725" startTime="2024-01-09T15:45:13.2637645+01:00" endTime="2024-01-09T15:45:13.3575124+01:00" testType="13cdc9d9-ddb5-4fa4-a97d-d965ccfc6d4b" outcome="Passed" testListId="8c84fa94-04c1-424b-9868-57a2d4851a1d" relativeResultsDirectory="0d8c449e-9f8f-4e92-a8d3-29885076284e" />
    <UnitTestResult executionId="e7cf5c0e-3b44-4380-824a-bf55495a275f" testId="39a3d7f7-c33b-5946-818d-71ebe782f69c" testName="HardwareInCWANotOnWhiteList_ReplacedWithNoInheritance_HardwareOnWhiteList_NoMoreCWAAllowed_NewHardwareInGrace" computerName="DKSR-EFI-06" duration="00:00:00.2329948" startTime="2024-01-09T15:44:00.2948491+01:00" endTime="2024-01-09T15:44:00.5292244+01:00" testType="13cdc9d9-ddb5-4fa4-a97d-d965ccfc6d4b" outcome="Passed" testListId="8c84fa94-04c1-424b-9868-57a2d4851a1d" relativeResultsDirectory="e7cf5c0e-3b44-4380-824a-bf55495a275f" />
    <UnitTestResult executionId="bbf38cb2-3477-4277-9630-333d0d192d52" testId="4809fe71-0e18-5383-8977-1d7aa83ba49b" testName="HardwareInCWAOnWhiteList_ReplacedWithNoInheritance_HardwareNotOnWhiteList_CWAAllowed_MoreChannelsOnReplacedHardware_AllDevicesInCWA" computerName="DKSR-EFI-06" duration="00:00:00.1854630" startTime="2024-01-09T15:44:10.3887031+01:00" endTime="2024-01-09T15:44:10.5761527+01:00" testType="13cdc9d9-ddb5-4fa4-a97d-d965ccfc6d4b" outcome="Passed" testListId="8c84fa94-04c1-424b-9868-57a2d4851a1d" relativeResultsDirectory="bbf38cb2-3477-4277-9630-333d0d192d52" />
    <UnitTestResult executionId="0fc1ecfc-36b6-4ee8-ab22-c0760e7db51d" testId="77d928c5-af1e-5f9e-1754-2b8bdc27778b" testName="Validate_IsDeviceInChangesWithoutActivation_NotFound" computerName="DKSR-EFI-06" duration="00:00:00.0005480" startTime="2024-01-09T15:45:00.1231296+01:00" endTime="2024-01-09T15:45:00.1231296+01:00" testType="13cdc9d9-ddb5-4fa4-a97d-d965ccfc6d4b" outcome="Passed" testListId="8c84fa94-04c1-424b-9868-57a2d4851a1d" relativeResultsDirectory="0fc1ecfc-36b6-4ee8-ab22-c0760e7db51d" />
    <UnitTestResult executionId="3fc9b069-6c7d-410b-9833-ac6778d68f69" testId="120dc9c0-e973-7f4c-492e-c6b045bcfb22" testName="UpdateHardwareTaskCommandHandler_Execute_HeartBeat_RecorderUnavailable_Tests" computerName="DKSR-EFI-06" duration="00:00:00.0147473" startTime="2024-01-09T15:45:59.5016672+01:00" endTime="2024-01-09T15:45:59.5173020+01:00" testType="13cdc9d9-ddb5-4fa4-a97d-d965ccfc6d4b" outcome="Passed" testListId="8c84fa94-04c1-424b-9868-57a2d4851a1d" relativeResultsDirectory="3fc9b069-6c7d-410b-9833-ac6778d68f69" />
    <UnitTestResult executionId="dda6ff55-56f9-4f66-9dae-59a715bb2de9" testId="fd987f8b-a06e-d797-ac3f-7a71eb01d499" testName="GetRecorderLicense_DoesNotTriggerEvent_OnTotalChangesAllowedGoingUpAndNoDevicesInGrace" computerName="DKSR-EFI-06" duration="00:00:00.0923531" startTime="2024-01-09T15:45:09.6856319+01:00" endTime="2024-01-09T15:45:09.7793814+01:00" testType="13cdc9d9-ddb5-4fa4-a97d-d965ccfc6d4b" outcome="Passed" testListId="8c84fa94-04c1-424b-9868-57a2d4851a1d" relativeResultsDirectory="dda6ff55-56f9-4f66-9dae-59a715bb2de9" />
    <UnitTestResult executionId="3f665f1a-2882-4824-903d-05bfd2ae7b0b" testId="4ce356b1-833a-a919-32db-7ded81a981f9" testName="ServerFileSystemResponseCreateDirectory_ModelIsNull_BadRequestResult" computerName="DKSR-EFI-06" duration="00:00:00.0005698" startTime="2024-01-09T15:42:48.4821704+01:00" endTime="2024-01-09T15:42:48.4821704+01:00" testType="13cdc9d9-ddb5-4fa4-a97d-d965ccfc6d4b" outcome="Passed" testListId="8c84fa94-04c1-424b-9868-57a2d4851a1d" relativeResultsDirectory="3f665f1a-2882-4824-903d-05bfd2ae7b0b" />
    <UnitTestResult executionId="6a6dad76-1684-4055-bef1-4eb01d32965b" testId="2ac6adc5-afd6-d16b-f490-c0a2f63e52d1" testName="NextActivation_ShowsCorrectTime_OnActivationQueued" computerName="DKSR-EFI-06" duration="00:00:00.0005040" startTime="2024-01-09T15:43:43.4041691+01:00" endTime="2024-01-09T15:43:43.4041691+01:00" testType="13cdc9d9-ddb5-4fa4-a97d-d965ccfc6d4b" outcome="Passed" testListId="8c84fa94-04c1-424b-9868-57a2d4851a1d" relativeResultsDirectory="6a6dad76-1684-4055-bef1-4eb01d32965b" />
    <UnitTestResult executionId="f30cfa20-2b72-4feb-a037-22099dd296b0" testId="d8f7e6aa-6f47-5e60-ef5d-ae788dc5b1b3" testName="HardwareActivatedNotOnWhiteList_ReplacedWithInheritance_HardwareNotOnWhiteList_DifferentCameraChannelsInCWA" computerName="DKSR-EFI-06" duration="00:00:00.2256517" startTime="2024-01-09T15:44:24.8418091+01:00" endTime="2024-01-09T15:44:25.0605557+01:00" testType="13cdc9d9-ddb5-4fa4-a97d-d965ccfc6d4b" outcome="Passed" testListId="8c84fa94-04c1-424b-9868-57a2d4851a1d" relativeResultsDirectory="f30cfa20-2b72-4feb-a037-22099dd296b0" />
    <UnitTestResult executionId="edd5a337-f12b-46a8-90f2-434797bceca5" testId="954032f8-37dc-7661-b366-512958158ebf" testName="ChangeIdpAdminTaskCommandHandlerTests_Execute_Add_Succeeded" computerName="DKSR-EFI-06" duration="00:00:00.0030221" startTime="2024-01-09T15:45:34.8106686+01:00" endTime="2024-01-09T15:45:34.8106686+01:00" testType="13cdc9d9-ddb5-4fa4-a97d-d965ccfc6d4b" outcome="Passed" testListId="8c84fa94-04c1-424b-9868-57a2d4851a1d" relativeResultsDirectory="edd5a337-f12b-46a8-90f2-434797bceca5" />
    <UnitTestResult executionId="ec0ad8e2-8f10-421b-93da-a40d1c17aca2" testId="22d08012-2885-1c43-3f38-23756f15dee5" testName="HardwareScanTaskCommandHandler_Execute_Succeeded" computerName="DKSR-EFI-06" duration="00:00:00.0374930" startTime="2024-01-09T15:45:38.4044230+01:00" endTime="2024-01-09T15:45:38.4356689+01:00" testType="13cdc9d9-ddb5-4fa4-a97d-d965ccfc6d4b" outcome="Passed" testListId="8c84fa94-04c1-424b-9868-57a2d4851a1d" relativeResultsDirectory="ec0ad8e2-8f10-421b-93da-a40d1c17aca2" />
    <UnitTestResult executionId="98081853-abcd-40e0-8971-c9ad8bde20de" testId="88a2b845-389b-beb6-1095-abb81af0f128" testName="HardwareInCWANotOnWhiteList_ReplacedWithNoInheritance_HardwareOnWhiteList_MixedCWAAllowed_FewerChannelsOnReplacedHardware_NewHardwareInCWA" computerName="DKSR-EFI-06" duration="00:00:00.2559201" startTime="2024-01-09T15:44:20.7324278+01:00" endTime="2024-01-09T15:44:20.9980560+01:00" testType="13cdc9d9-ddb5-4fa4-a97d-d965ccfc6d4b" outcome="Passed" testListId="8c84fa94-04c1-424b-9868-57a2d4851a1d" relativeResultsDirectory="98081853-abcd-40e0-8971-c9ad8bde20de" />
    <UnitTestResult executionId="be39ca65-4a9a-4e19-aa47-a3319fcd8bb4" testId="9187d552-54a8-22d6-02b9-12c17e41508e" testName="EvidenceLockOnOldRecorderCommandHandlerTests_OldRecV2_ConfigAdd3Rows" computerName="DKSR-EFI-06" duration="00:00:00.0222188" startTime="2024-01-09T15:45:37.5294177+01:00" endTime="2024-01-09T15:45:37.5450462+01:00" testType="13cdc9d9-ddb5-4fa4-a97d-d965ccfc6d4b" outcome="Passed" testListId="8c84fa94-04c1-424b-9868-57a2d4851a1d" relativeResultsDirectory="be39ca65-4a9a-4e19-aa47-a3319fcd8bb4" />
    <UnitTestResult executionId="89445889-149e-4fa9-8708-eb0279add7b3" testId="16c3f6e2-b2da-a7d9-b554-da627f0cdd15" testName="AddHardwareUserCommandHandler_Execute_ReturnsFailResponseOnEmptyHardwareId" computerName="DKSR-EFI-06" duration="00:00:00.0007545" startTime="2024-01-09T15:45:34.5919210+01:00" endTime="2024-01-09T15:45:34.5919210+01:00" testType="13cdc9d9-ddb5-4fa4-a97d-d965ccfc6d4b" outcome="Passed" testListId="8c84fa94-04c1-424b-9868-57a2d4851a1d" relativeResultsDirectory="89445889-149e-4fa9-8708-eb0279add7b3" />
    <UnitTestResult executionId="a5b984d2-d79d-4315-983e-cbd0391a81c5" testId="a3f25151-fd8f-743f-8175-ed7cfff85002" testName="HardwareScanTaskCommandHandler_Execute_StartSession_FailResponse" computerName="DKSR-EFI-06" duration="00:00:00.0011271" startTime="2024-01-09T15:45:38.4512945+01:00" endTime="2024-01-09T15:45:38.4669202+01:00" testType="13cdc9d9-ddb5-4fa4-a97d-d965ccfc6d4b" outcome="Passed" testListId="8c84fa94-04c1-424b-9868-57a2d4851a1d" relativeResultsDirectory="a5b984d2-d79d-4315-983e-cbd0391a81c5" />
    <UnitTestResult executionId="f88fa91f-02dc-42a3-a9d4-34d5cf39e607" testId="7b2c18b9-3657-3125-16b0-dcdc1657600b" testName="HardwareLicense_FindByHardwareInfo_NotFound_ReturnsNull" computerName="DKSR-EFI-06" duration="00:00:00.0003242" startTime="2024-01-09T15:45:34.0450447+01:00" endTime="2024-01-09T15:45:34.0450447+01:00" testType="13cdc9d9-ddb5-4fa4-a97d-d965ccfc6d4b" outcome="Passed" testListId="8c84fa94-04c1-424b-9868-57a2d4851a1d" relativeResultsDirectory="f88fa91f-02dc-42a3-a9d4-34d5cf39e607" />
    <UnitTestResult executionId="a46f9697-37d7-4539-b53b-cf7e237a77b2" testId="6f68000e-a2fd-05b2-ad24-f91ef4d642d9" testName="LicenseCountManager_IsHardwareWithoutEnabledCamerasLicensed_ReturnsTrue_WhenAddLicensedHardwareCalledFirst_NotFreeLicense" computerName="DKSR-EFI-06" duration="00:00:00.0003114" startTime="2024-01-09T15:45:00.1544384+01:00" endTime="2024-01-09T15:45:00.1544384+01:00" testType="13cdc9d9-ddb5-4fa4-a97d-d965ccfc6d4b" outcome="Passed" testListId="8c84fa94-04c1-424b-9868-57a2d4851a1d" relativeResultsDirectory="a46f9697-37d7-4539-b53b-cf7e237a77b2" />
    <UnitTestResult executionId="2d94ca99-e1b7-4497-b8f8-99d77a802da8" testId="5023598c-fd84-7d10-bd74-16709daa4c18" testName="GetHardwareUsersCommandHandler_Execute_Success" computerName="DKSR-EFI-06" duration="00:00:00.0057679" startTime="2024-01-09T15:45:38.1231707+01:00" endTime="2024-01-09T15:45:38.1231707+01:00" testType="13cdc9d9-ddb5-4fa4-a97d-d965ccfc6d4b" outcome="Passed" testListId="8c84fa94-04c1-424b-9868-57a2d4851a1d" relativeResultsDirectory="2d94ca99-e1b7-4497-b8f8-99d77a802da8" />
    <UnitTestResult executionId="fae096e4-5f31-459d-a423-1e244f5c72ea" testId="35fe1dca-2f94-08b8-6459-0442542f526e" testName="PtzReserveSessionResponse_ModelIsNull_BadRequestResult" computerName="DKSR-EFI-06" duration="00:00:00.0007193" startTime="2024-01-09T15:42:48.3415432+01:00" endTime="2024-01-09T15:42:48.3415432+01:00" testType="13cdc9d9-ddb5-4fa4-a97d-d965ccfc6d4b" outcome="Passed" testListId="8c84fa94-04c1-424b-9868-57a2d4851a1d" relativeResultsDirectory="fae096e4-5f31-459d-a423-1e244f5c72ea" />
    <UnitTestResult executionId="9be19b02-61a3-45b7-9486-f1042c937a33" testId="07d5d72e-69e0-9fde-2308-03acdf606032" testName="HardwareInCWAOnWhiteList_ReplacedWithNoInheritance_HardwareNotOnWhiteList_MixedCWAAllowed_SomeDevicesInCWA" computerName="DKSR-EFI-06" duration="00:00:00.2351821" startTime="2024-01-09T15:44:01.7011313+01:00" endTime="2024-01-09T15:44:01.9355083+01:00" testType="13cdc9d9-ddb5-4fa4-a97d-d965ccfc6d4b" outcome="Passed" testListId="8c84fa94-04c1-424b-9868-57a2d4851a1d" relativeResultsDirectory="9be19b02-61a3-45b7-9486-f1042c937a33" />
    <UnitTestResult executionId="e57f5fe5-5e0b-4b63-9b11-054d6cae946c" testId="b4694a5e-0bb0-1b1b-07dc-ef863cd0420c" testName="GetCompleteConfiguration_ConfigurationIsNotCompatible_BadRequestIsReturned" computerName="DKSR-EFI-06" duration="00:00:00.0004757" startTime="2024-01-09T15:42:47.3727862+01:00" endTime="2024-01-09T15:42:47.3727862+01:00" testType="13cdc9d9-ddb5-4fa4-a97d-d965ccfc6d4b" outcome="Passed" testListId="8c84fa94-04c1-424b-9868-57a2d4851a1d" relativeResultsDirectory="e57f5fe5-5e0b-4b63-9b11-054d6cae946c" />
    <UnitTestResult executionId="f7dd664e-661c-464b-b12c-47e340e716b9" testId="13d6c6ea-6f28-258a-8efb-eced0787e5fb" testName="ExecuteMipAction2Command_ModelIsValid_CommandExecuted" computerName="DKSR-EFI-06" duration="00:00:00.0030706" startTime="2024-01-09T15:42:48.0134191+01:00" endTime="2024-01-09T15:42:48.0290430+01:00" testType="13cdc9d9-ddb5-4fa4-a97d-d965ccfc6d4b" outcome="Passed" testListId="8c84fa94-04c1-424b-9868-57a2d4851a1d" relativeResultsDirectory="f7dd664e-661c-464b-b12c-47e340e716b9" />
    <UnitTestResult executionId="085426bd-12d6-497e-93d8-a35360253c4b" testId="6bc39af6-acd8-4f36-e4e4-d782a1107371" testName="MoveHardwareTaskCommandHandler_Execute_MacAddressAlreadyConfigured_FailResponse_HardwareAlreadyConfiguredOnDestinationRecordingServer" computerName="DKSR-EFI-06" duration="00:00:00.0022522" startTime="2024-01-09T15:45:42.1544176+01:00" endTime="2024-01-09T15:45:42.1544176+01:00" testType="13cdc9d9-ddb5-4fa4-a97d-d965ccfc6d4b" outcome="Passed" testListId="8c84fa94-04c1-424b-9868-57a2d4851a1d" relativeResultsDirectory="085426bd-12d6-497e-93d8-a35360253c4b" />
    <UnitTestResult executionId="50e965c3-dbad-409b-83d9-aa4dec14fd6e" testId="30dfc8b5-247e-3752-d365-cffe7ad05fc0" testName="LicenseInfoXmlWriter_CreateLicenseInformationXml_SetsFeatureInformation" computerName="DKSR-EFI-06" duration="00:00:00.0050824" startTime="2024-01-09T15:45:00.7637614+01:00" endTime="2024-01-09T15:45:00.7793811+01:00" testType="13cdc9d9-ddb5-4fa4-a97d-d965ccfc6d4b" outcome="Passed" testListId="8c84fa94-04c1-424b-9868-57a2d4851a1d" relativeResultsDirectory="50e965c3-dbad-409b-83d9-aa4dec14fd6e" />
    <UnitTestResult executionId="30b6fb45-8ba0-4b21-83fb-99bb240bd07d" testId="5e6ee627-d20a-4489-b816-e16d760e3fac" testName="OnException_NotSupportedByLegacyRecorderException_ReponseIsSetAsBadRequest" computerName="DKSR-EFI-06" duration="00:00:00.0394254" startTime="2024-01-09T15:42:48.1852952+01:00" endTime="2024-01-09T15:42:48.2165437+01:00" testType="13cdc9d9-ddb5-4fa4-a97d-d965ccfc6d4b" outcome="Passed" testListId="8c84fa94-04c1-424b-9868-57a2d4851a1d" relativeResultsDirectory="30b6fb45-8ba0-4b21-83fb-99bb240bd07d" />
    <UnitTestResult executionId="32d3ff5d-ac4b-4171-941f-2db06a1a3410" testId="9b8b1420-42ae-9021-a8f7-f452b3b17b9a" testName="FirmwareUpgradeTaskCommandHandler_Execute_EmptyFileName" computerName="DKSR-EFI-06" duration="00:00:00.0055176" startTime="2024-01-09T15:45:37.9512953+01:00" endTime="2024-01-09T15:45:37.9512953+01:00" testType="13cdc9d9-ddb5-4fa4-a97d-d965ccfc6d4b" outcome="Passed" testListId="8c84fa94-04c1-424b-9868-57a2d4851a1d" relativeResultsDirectory="32d3ff5d-ac4b-4171-941f-2db06a1a3410" />
    <UnitTestResult executionId="e6a99245-d50f-4ef9-902d-b4253a0602a9" testId="91dd978c-0ad7-4b3f-d8f2-34b667406e7e" testName="HardwareInCWANotOnWhiteList_ReplacedWithInheritance_HardwareOnWhiteList_NoMoreCWAAllowed_NewHardwareInGrace" computerName="DKSR-EFI-06" duration="00:00:00.2622764" startTime="2024-01-09T15:44:02.8573845+01:00" endTime="2024-01-09T15:44:03.1073863+01:00" testType="13cdc9d9-ddb5-4fa4-a97d-d965ccfc6d4b" outcome="Passed" testListId="8c84fa94-04c1-424b-9868-57a2d4851a1d" relativeResultsDirectory="e6a99245-d50f-4ef9-902d-b4253a0602a9" />
    <UnitTestResult executionId="620b56ee-8c93-4807-aa97-82b9862fa4de" testId="8c05e98e-7c31-13ef-bbba-0cf9b8a50b6b" testName="SessionDataManager_StoreAndQuery_Success" computerName="DKSR-EFI-06" duration="00:00:00.0002642" startTime="2024-01-09T15:43:12.3886400+01:00" endTime="2024-01-09T15:43:12.3886400+01:00" testType="13cdc9d9-ddb5-4fa4-a97d-d965ccfc6d4b" outcome="Passed" testListId="8c84fa94-04c1-424b-9868-57a2d4851a1d" relativeResultsDirectory="620b56ee-8c93-4807-aa97-82b9862fa4de" />
    <UnitTestResult executionId="cc247503-b35d-481d-bb44-e8261b8ea9cb" testId="aa955f07-7424-0771-38cd-0f59873f2121" testName="HardwareSetupInformationResponse_ModelIsValid_CommandExecuted" computerName="DKSR-EFI-06" duration="00:00:00.0064007" startTime="2024-01-09T15:42:48.3727957+01:00" endTime="2024-01-09T15:42:48.3727957+01:00" testType="13cdc9d9-ddb5-4fa4-a97d-d965ccfc6d4b" outcome="Passed" testListId="8c84fa94-04c1-424b-9868-57a2d4851a1d" relativeResultsDirectory="cc247503-b35d-481d-bb44-e8261b8ea9cb" />
    <UnitTestResult executionId="135e8cfd-e55f-49c1-857e-039c332782ef" testId="427a1563-875c-5ede-eb36-087cf953a6e9" testName="HardwareInCWANotOnWhiteList_WithChannels_ReplacedWith_HardwareNotOnWhiteList_ZeroChannels_NoMoreCWAAllowed_NewHardwareInGrace" computerName="DKSR-EFI-06" duration="00:00:00.2235661" startTime="2024-01-09T15:44:23.8105597+01:00" endTime="2024-01-09T15:44:24.0293068+01:00" testType="13cdc9d9-ddb5-4fa4-a97d-d965ccfc6d4b" outcome="Passed" testListId="8c84fa94-04c1-424b-9868-57a2d4851a1d" relativeResultsDirectory="135e8cfd-e55f-49c1-857e-039c332782ef" />
    <UnitTestResult executionId="a268ad00-a995-4f5e-80ed-cc69c3f51871" testId="38ae8859-aeae-4431-0005-158dc0dca1ba" testName="HardwareInCWAOnWhiteList_ReplacedWithNoInheritance_HardwareOnWhiteList_MixedCWAAllowed_SomeDevicesInCWA" computerName="DKSR-EFI-06" duration="00:00:00.3890943" startTime="2024-01-09T15:44:01.3105062+01:00" endTime="2024-01-09T15:44:01.7011313+01:00" testType="13cdc9d9-ddb5-4fa4-a97d-d965ccfc6d4b" outcome="Passed" testListId="8c84fa94-04c1-424b-9868-57a2d4851a1d" relativeResultsDirectory="a268ad00-a995-4f5e-80ed-cc69c3f51871" />
    <UnitTestResult executionId="598a1e2b-5d69-42a0-a1da-efe46aba9ac1" testId="596d26c1-a184-f4f9-9435-7f20127842cb" testName="ChannelLicenseCountManager_FindActiveHardwareInChangesWithoutActivation_ReturnsEmptyList_OnOnlyDeletedHardwareInChanges" computerName="DKSR-EFI-06" duration="00:00:00.0168768" startTime="2024-01-09T15:44:59.9981286+01:00" endTime="2024-01-09T15:45:00.0137563+01:00" testType="13cdc9d9-ddb5-4fa4-a97d-d965ccfc6d4b" outcome="Passed" testListId="8c84fa94-04c1-424b-9868-57a2d4851a1d" relativeResultsDirectory="598a1e2b-5d69-42a0-a1da-efe46aba9ac1" />
    <UnitTestResult executionId="d8efcb09-9cd6-4d9a-89ca-718d0064e2c8" testId="d47bc179-5ff7-8693-e7fd-476064bd669c" testName="EvidenceLockOnOldRecorderCommandHandlerTests_OldRecV2_ConfigAdd1Row" computerName="DKSR-EFI-06" duration="00:00:00.0184320" startTime="2024-01-09T15:45:37.5919194+01:00" endTime="2024-01-09T15:45:37.6075431+01:00" testType="13cdc9d9-ddb5-4fa4-a97d-d965ccfc6d4b" outcome="Passed" testListId="8c84fa94-04c1-424b-9868-57a2d4851a1d" relativeResultsDirectory="d8efcb09-9cd6-4d9a-89ca-718d0064e2c8" />
    <UnitTestResult executionId="4350acd2-96b2-43f7-b09c-20fe84ce1a1f" testId="ec76914c-b2be-738f-f4ff-541ff915f7d0" testName="AnalyzeAndCreateAuditLogs_NoChanges_ReturnsNoLogs" computerName="DKSR-EFI-06" duration="00:00:00.0195967" startTime="2024-01-09T15:45:35.4981711+01:00" endTime="2024-01-09T15:45:35.5137971+01:00" testType="13cdc9d9-ddb5-4fa4-a97d-d965ccfc6d4b" outcome="Passed" testListId="8c84fa94-04c1-424b-9868-57a2d4851a1d" relativeResultsDirectory="4350acd2-96b2-43f7-b09c-20fe84ce1a1f" />
    <UnitTestResult executionId="b9044e6d-43bc-4695-8489-ae43bfa8c2b2" testId="a32f1da5-bca9-b4b8-c8d5-6eb2203dd47a" testName="AnalyzeAndCreateAuditLogs_AddedSecurityPermissionsDeviceRow_ReturnsOneAuditLog" computerName="DKSR-EFI-06" duration="00:00:00.0315261" startTime="2024-01-09T15:45:35.5294212+01:00" endTime="2024-01-09T15:45:35.5606707+01:00" testType="13cdc9d9-ddb5-4fa4-a97d-d965ccfc6d4b" outcome="Passed" testListId="8c84fa94-04c1-424b-9868-57a2d4851a1d" relativeResultsDirectory="b9044e6d-43bc-4695-8489-ae43bfa8c2b2" />
    <UnitTestResult executionId="085b0870-7de5-4c83-9673-456b7f68b1d9" testId="b3d6dfb1-c90a-f7a8-257d-c548fecb026b" testName="AllocateLicenses_FiveLicenses_7HardwareOnWhitelist_1Activated_4CWA_2Unlicensed" computerName="DKSR-EFI-06" duration="00:00:00.0544396" startTime="2024-01-09T15:44:38.0449338+01:00" endTime="2024-01-09T15:44:38.1074369+01:00" testType="13cdc9d9-ddb5-4fa4-a97d-d965ccfc6d4b" outcome="Passed" testListId="8c84fa94-04c1-424b-9868-57a2d4851a1d" relativeResultsDirectory="085b0870-7de5-4c83-9673-456b7f68b1d9" />
    <UnitTestResult executionId="95cb0840-c2d7-448b-9e2c-aef7cdddd561" testId="1b439133-96ac-fe64-6460-a93e04107cf2" testName="ValidateParameter_AllowedChangesBelowActivation_LessThanZero_Expect_ArgumentOutOfRangeException" computerName="DKSR-EFI-06" duration="00:00:00.1536742" startTime="2024-01-09T15:44:29.5605615+01:00" endTime="2024-01-09T15:44:29.7168103+01:00" testType="13cdc9d9-ddb5-4fa4-a97d-d965ccfc6d4b" outcome="Passed" testListId="8c84fa94-04c1-424b-9868-57a2d4851a1d" relativeResultsDirectory="95cb0840-c2d7-448b-9e2c-aef7cdddd561" />
    <UnitTestResult executionId="cc66be0e-f7d1-4752-8eb7-ba97de0a7e9a" testId="4b6d3c32-4c2d-4074-3049-382f11a02e0b" testName="ReportMediaStatusCommand_ModelIsNull_BadRequestResult" computerName="DKSR-EFI-06" duration="00:00:00.0020063" startTime="2024-01-09T15:42:47.8259134+01:00" endTime="2024-01-09T15:42:47.8259134+01:00" testType="13cdc9d9-ddb5-4fa4-a97d-d965ccfc6d4b" outcome="Passed" testListId="8c84fa94-04c1-424b-9868-57a2d4851a1d" relativeResultsDirectory="cc66be0e-f7d1-4752-8eb7-ba97de0a7e9a" />
    <UnitTestResult executionId="b23e71cb-9c01-4045-9e20-1bb86fd76364" testId="d93c83d3-61a9-d402-ddff-92f91c7aff97" testName="EvidenceLockOnOldRecorderCommandHandlerTests_OldRecV1_ConfigEdit1RowEdge" computerName="DKSR-EFI-06" duration="00:00:00.0181054" startTime="2024-01-09T15:45:37.2950451+01:00" endTime="2024-01-09T15:45:37.3106712+01:00" testType="13cdc9d9-ddb5-4fa4-a97d-d965ccfc6d4b" outcome="Passed" testListId="8c84fa94-04c1-424b-9868-57a2d4851a1d" relativeResultsDirectory="b23e71cb-9c01-4045-9e20-1bb86fd76364" />
    <UnitTestResult executionId="ebf3a4d9-40c7-4dd2-8a17-560a258e43c5" testId="0a18d62b-5190-a8d0-54e2-da68b97ef68d" testName="GenerateLicenseRequestAsXml_Success_ValidLicenseWithEmptyWhiteList" computerName="DKSR-EFI-06" duration="00:00:00.5329050" startTime="2024-01-09T15:45:28.0606683+01:00" endTime="2024-01-09T15:45:28.5919193+01:00" testType="13cdc9d9-ddb5-4fa4-a97d-d965ccfc6d4b" outcome="Passed" testListId="8c84fa94-04c1-424b-9868-57a2d4851a1d" relativeResultsDirectory="ebf3a4d9-40c7-4dd2-8a17-560a258e43c5" />
    <UnitTestResult executionId="afb5fda6-fd96-4ae3-8756-ed0111ed7cc6" testId="41b0d6a6-4a5c-1637-6902-b979ccb484fa" testName="AsyncTaskMonitor_Timeout" computerName="DKSR-EFI-06" duration="00:00:05.3353114" startTime="2024-01-09T15:42:50.0446812+01:00" endTime="2024-01-09T15:42:55.3884546+01:00" testType="13cdc9d9-ddb5-4fa4-a97d-d965ccfc6d4b" outcome="Passed" testListId="8c84fa94-04c1-424b-9868-57a2d4851a1d" relativeResultsDirectory="afb5fda6-fd96-4ae3-8756-ed0111ed7cc6" />
    <UnitTestResult executionId="6e8444d5-959f-4fed-886b-3d4610927225" testId="217b1fa7-008a-fc4f-9a69-14892f8feed9" testName="ExecuteMipActionCommand_ModelIsValid_CommandExecuted" computerName="DKSR-EFI-06" duration="00:00:00.0030799" startTime="2024-01-09T15:42:48.0134191+01:00" endTime="2024-01-09T15:42:48.0134191+01:00" testType="13cdc9d9-ddb5-4fa4-a97d-d965ccfc6d4b" outcome="Passed" testListId="8c84fa94-04c1-424b-9868-57a2d4851a1d" relativeResultsDirectory="6e8444d5-959f-4fed-886b-3d4610927225" />
    <UnitTestResult executionId="dc323a38-2ecc-437e-98c7-472c34b6cc6a" testId="b8bd9147-cab0-a652-fdd6-0b4f6cc0d7e2" testName="SetupInitialHardwareUserCommandHandler_Execute_ReturnsCorrectResponsesOnExceptions" computerName="DKSR-EFI-06" duration="00:00:00.0017569" startTime="2024-01-09T15:45:43.9983868+01:00" endTime="2024-01-09T15:45:43.9983868+01:00" testType="13cdc9d9-ddb5-4fa4-a97d-d965ccfc6d4b" outcome="Passed" testListId="8c84fa94-04c1-424b-9868-57a2d4851a1d" relativeResultsDirectory="dc323a38-2ecc-437e-98c7-472c34b6cc6a" />
    <UnitTestResult executionId="3e8d80ba-1dcb-444c-aadb-eef4001e84cc" testId="c8afef79-65b0-1683-4cbc-9b83cadd0fef" testName="HardwareScanTaskCommandHandler_Execute_UnexpectedResponse_FailResponse" computerName="DKSR-EFI-06" duration="00:00:00.0011294" startTime="2024-01-09T15:45:38.4981692+01:00" endTime="2024-01-09T15:45:38.4981692+01:00" testType="13cdc9d9-ddb5-4fa4-a97d-d965ccfc6d4b" outcome="Passed" testListId="8c84fa94-04c1-424b-9868-57a2d4851a1d" relativeResultsDirectory="3e8d80ba-1dcb-444c-aadb-eef4001e84cc" />
    <UnitTestResult executionId="f7aeecde-ffe2-4b52-a0d1-1332e35371f6" testId="0692149d-061c-982d-3d4f-ebaa7c87c549" testName="AutomaticActivationFailedEvent_IsForwardedThroughLicenseManager" computerName="DKSR-EFI-06" duration="00:00:00.0033653" startTime="2024-01-09T15:45:12.7325136+01:00" endTime="2024-01-09T15:45:12.7325136+01:00" testType="13cdc9d9-ddb5-4fa4-a97d-d965ccfc6d4b" outcome="Passed" testListId="8c84fa94-04c1-424b-9868-57a2d4851a1d" relativeResultsDirectory="f7aeecde-ffe2-4b52-a0d1-1332e35371f6" />
    <UnitTestResult executionId="cf42f92b-7609-4741-8469-2ee31e14b1a1" testId="8b15913a-6233-54bc-8a3b-b39163abf857" testName="EvidenceLockUpdateScheduler_Stop_Without_Start_Throws" computerName="DKSR-EFI-06" duration="00:00:00.0004603" startTime="2024-01-09T15:42:45.0602831+01:00" endTime="2024-01-09T15:42:45.0602831+01:00" testType="13cdc9d9-ddb5-4fa4-a97d-d965ccfc6d4b" outcome="Passed" testListId="8c84fa94-04c1-424b-9868-57a2d4851a1d" relativeResultsDirectory="cf42f92b-7609-4741-8469-2ee31e14b1a1" />
    <UnitTestResult executionId="8b52f6b0-8127-4eb9-923c-db3983ee610f" testId="5b005db0-dbda-6e84-dc97-4d7a85295d97" testName="CreateLicenseRequest_NoMIPPluginsLicenseRequests" computerName="DKSR-EFI-06" duration="00:00:00.7308071" startTime="2024-01-09T15:45:11.2481342+01:00" endTime="2024-01-09T15:45:11.9825123+01:00" testType="13cdc9d9-ddb5-4fa4-a97d-d965ccfc6d4b" outcome="Passed" testListId="8c84fa94-04c1-424b-9868-57a2d4851a1d" relativeResultsDirectory="8b52f6b0-8127-4eb9-923c-db3983ee610f" />
    <UnitTestResult executionId="73e1ca20-65dc-46bf-add0-e3fc851adea7" testId="0d7e3425-dd9c-d970-e740-d984aa731a8c" testName="AllocateLicenses_HardwareWith15Devices5EnabledAndActivated_Enabling10Devices_ShouldGet5CWA5Unlicensed_On10LicensesAndZeroCWA" computerName="DKSR-EFI-06" duration="00:00:00.2500618" startTime="2024-01-09T15:44:41.4980721+01:00" endTime="2024-01-09T15:44:41.7480724+01:00" testType="13cdc9d9-ddb5-4fa4-a97d-d965ccfc6d4b" outcome="Passed" testListId="8c84fa94-04c1-424b-9868-57a2d4851a1d" relativeResultsDirectory="73e1ca20-65dc-46bf-add0-e3fc851adea7" />
    <UnitTestResult executionId="15aa057c-f7ee-4e9f-9733-ebcf64810b88" testId="72c070c1-f7a1-048d-ac24-be0b04f5eb09" testName="SnapshotOfCurrentHardwareToLicense_ClearsStoredValues_OnBeingCalledTwice" computerName="DKSR-EFI-06" duration="00:00:01.4612103" startTime="2024-01-09T15:45:26.5919147+01:00" endTime="2024-01-09T15:45:28.0606683+01:00" testType="13cdc9d9-ddb5-4fa4-a97d-d965ccfc6d4b" outcome="Passed" testListId="8c84fa94-04c1-424b-9868-57a2d4851a1d" relativeResultsDirectory="15aa057c-f7ee-4e9f-9733-ebcf64810b88" />
    <UnitTestResult executionId="bc6460c5-2645-4b42-a15d-a1e2e5c46eb0" testId="17c344c5-762f-e25a-c151-aba7a5f20278" testName="FromXml_ThrowsArgumentNullException_OnNullXml" computerName="DKSR-EFI-06" duration="00:00:00.0510553" startTime="2024-01-09T15:45:00.6231334+01:00" endTime="2024-01-09T15:45:00.6700057+01:00" testType="13cdc9d9-ddb5-4fa4-a97d-d965ccfc6d4b" outcome="Passed" testListId="8c84fa94-04c1-424b-9868-57a2d4851a1d" relativeResultsDirectory="bc6460c5-2645-4b42-a15d-a1e2e5c46eb0">
      <Output>
        <StdOut>Debug Trace:&#xD;
Fail: Argument null</StdOut>
      </Output>
    </UnitTestResult>
    <UnitTestResult executionId="1882ff2a-1627-4c9d-8ebb-ede7908794d6" testId="7d248c41-22f0-0abc-bf5f-b5bac42be8c8" testName="GetHardwareUsersCommandHandler_Execute_EmptyRecorderId_ReturnsFailResponse" computerName="DKSR-EFI-06" duration="00:00:00.0009403" startTime="2024-01-09T15:45:38.1387957+01:00" endTime="2024-01-09T15:45:38.1387957+01:00" testType="13cdc9d9-ddb5-4fa4-a97d-d965ccfc6d4b" outcome="Passed" testListId="8c84fa94-04c1-424b-9868-57a2d4851a1d" relativeResultsDirectory="1882ff2a-1627-4c9d-8ebb-ede7908794d6" />
    <UnitTestResult executionId="8d8c4479-9e39-49f7-9908-38ce2ac1d50f" testId="130baa2c-76c2-e226-7ab3-1454505622e9" testName="HardwareScanTaskCommandHandler_Execute_RegisterSession_FailResponse" computerName="DKSR-EFI-06" duration="00:00:00.0011702" startTime="2024-01-09T15:45:38.4669202+01:00" endTime="2024-01-09T15:45:38.4669202+01:00" testType="13cdc9d9-ddb5-4fa4-a97d-d965ccfc6d4b" outcome="Passed" testListId="8c84fa94-04c1-424b-9868-57a2d4851a1d" relativeResultsDirectory="8d8c4479-9e39-49f7-9908-38ce2ac1d50f" />
    <UnitTestResult executionId="69e0f9f6-b3f8-4971-ac91-2eab3cd5188d" testId="81984bc4-59ff-563c-2cad-683c0fa8249f" testName="Monitor_CurrentStatusChanged_SslError" computerName="DKSR-EFI-06" duration="00:00:00.0013717" startTime="2024-01-09T15:45:34.2950481+01:00" endTime="2024-01-09T15:45:34.3106734+01:00" testType="13cdc9d9-ddb5-4fa4-a97d-d965ccfc6d4b" outcome="Passed" testListId="8c84fa94-04c1-424b-9868-57a2d4851a1d" relativeResultsDirectory="69e0f9f6-b3f8-4971-ac91-2eab3cd5188d" />
    <UnitTestResult executionId="4f01b22a-c8ce-460a-b00a-da196a28fd86" testId="99462d07-0d69-655b-8e33-97d14de162f9" testName="MultiSite_ChannelBased_SameHardwareOnSixRecordingServers_NotWhitelisted_AllCamerasDisabled_ConsumesNoExtraLicenses" computerName="DKSR-EFI-06" duration="00:00:00.5235936" startTime="2024-01-09T15:44:50.2949787+01:00" endTime="2024-01-09T15:44:50.8106043+01:00" testType="13cdc9d9-ddb5-4fa4-a97d-d965ccfc6d4b" outcome="Passed" testListId="8c84fa94-04c1-424b-9868-57a2d4851a1d" relativeResultsDirectory="4f01b22a-c8ce-460a-b00a-da196a28fd86" />
    <UnitTestResult executionId="3d87d129-9fec-4186-956c-22102e6eceaf" testId="69564870-b37a-e6a9-082d-61ed126c5ab1" testName="DatabaseResponseArchiveInformation_ModelIsNull_BadRequestResult" computerName="DKSR-EFI-06" duration="00:00:00.0005685" startTime="2024-01-09T15:42:48.4509211+01:00" endTime="2024-01-09T15:42:48.4509211+01:00" testType="13cdc9d9-ddb5-4fa4-a97d-d965ccfc6d4b" outcome="Passed" testListId="8c84fa94-04c1-424b-9868-57a2d4851a1d" relativeResultsDirectory="3d87d129-9fec-4186-956c-22102e6eceaf" />
    <UnitTestResult executionId="4782d5a5-1e1a-4b59-8ead-16a8446071f8" testId="91597cb0-6a24-dca7-d61a-feb94222cbdb" testName="MoveHardwareTaskCommandHandler_Execute_SourceRecorder_Connected_And_Ignored_FailResponse" computerName="DKSR-EFI-06" duration="00:00:00.0018584" startTime="2024-01-09T15:45:41.4825436+01:00" endTime="2024-01-09T15:45:41.4825436+01:00" testType="13cdc9d9-ddb5-4fa4-a97d-d965ccfc6d4b" outcome="Passed" testListId="8c84fa94-04c1-424b-9868-57a2d4851a1d" relativeResultsDirectory="4782d5a5-1e1a-4b59-8ead-16a8446071f8" />
    <UnitTestResult executionId="e1899376-c855-4be3-ae37-d34ce7580d6d" testId="c41eddf8-e606-5ecf-de95-6871b370bf72" testName="TemporaryLicense_HasCurrentYearToken_NoIndex" computerName="DKSR-EFI-06" duration="00:00:00.0005659" startTime="2024-01-09T15:43:51.1229423+01:00" endTime="2024-01-09T15:43:51.1385644+01:00" testType="13cdc9d9-ddb5-4fa4-a97d-d965ccfc6d4b" outcome="Passed" testListId="8c84fa94-04c1-424b-9868-57a2d4851a1d" relativeResultsDirectory="e1899376-c855-4be3-ae37-d34ce7580d6d" />
    <UnitTestResult executionId="9b3ff0ab-6089-44a7-be32-e8066ccab64a" testId="9c5e3218-4d81-f666-5eac-f51ae9556518" testName="MultiSite_ChannelBased_SameNotWhitelistedHardwareOn2Recorders_MoreChannelsThanLicenses" computerName="DKSR-EFI-06" duration="00:00:00.2130664" startTime="2024-01-09T15:44:51.5293535+01:00" endTime="2024-01-09T15:44:51.7324816+01:00" testType="13cdc9d9-ddb5-4fa4-a97d-d965ccfc6d4b" outcome="Passed" testListId="8c84fa94-04c1-424b-9868-57a2d4851a1d" relativeResultsDirectory="9b3ff0ab-6089-44a7-be32-e8066ccab64a" />
    <UnitTestResult executionId="fb78c29b-0379-4761-b424-c6d47655cb7e" testId="bef2a22a-6666-30c9-2538-1c228180313c" testName="Construct_LicenseSnapshot_InvalidRecordersInfo_Throws_ArgumentNullException" computerName="DKSR-EFI-06" duration="00:00:00.0008940" startTime="2024-01-09T15:45:33.9512989+01:00" endTime="2024-01-09T15:45:33.9512989+01:00" testType="13cdc9d9-ddb5-4fa4-a97d-d965ccfc6d4b" outcome="Passed" testListId="8c84fa94-04c1-424b-9868-57a2d4851a1d" relativeResultsDirectory="fb78c29b-0379-4761-b424-c6d47655cb7e" />
    <UnitTestResult executionId="712adae9-4dbe-4333-8f32-64820673fc59" testId="433e8b39-b811-c601-9369-ed475d3fe733" testName="AllocateLicenses_EnsurePreviouslyLicensedChannelsRemainLicensed_WhenWhitelisted" computerName="DKSR-EFI-06" duration="00:00:00.2828978" startTime="2024-01-09T15:44:37.7636838+01:00" endTime="2024-01-09T15:44:38.0449338+01:00" testType="13cdc9d9-ddb5-4fa4-a97d-d965ccfc6d4b" outcome="Passed" testListId="8c84fa94-04c1-424b-9868-57a2d4851a1d" relativeResultsDirectory="712adae9-4dbe-4333-8f32-64820673fc59" />
    <UnitTestResult executionId="20559522-16fc-4fb1-b10d-dbab28768ab5" testId="e9c1e9fb-f71f-4e21-a859-79b83367d845" testName="AttachedRecorder_Register_Success" computerName="DKSR-EFI-06" duration="00:00:00.0084831" startTime="2024-01-09T15:42:45.2790345+01:00" endTime="2024-01-09T15:42:45.2946597+01:00" testType="13cdc9d9-ddb5-4fa4-a97d-d965ccfc6d4b" outcome="Passed" testListId="8c84fa94-04c1-424b-9868-57a2d4851a1d" relativeResultsDirectory="20559522-16fc-4fb1-b10d-dbab28768ab5" />
    <UnitTestResult executionId="c52da3ab-6cad-4b99-a806-89593264e216" testId="907efd45-d2e0-1d11-fdb2-9915a1d00c6d" testName="CheckForAutomaticActivationTrigger_ReturnsTrue_OnDisabledHardware" computerName="DKSR-EFI-06" duration="00:00:00.0048018" startTime="2024-01-09T15:45:34.5294210+01:00" endTime="2024-01-09T15:45:34.5450462+01:00" testType="13cdc9d9-ddb5-4fa4-a97d-d965ccfc6d4b" outcome="Passed" testListId="8c84fa94-04c1-424b-9868-57a2d4851a1d" relativeResultsDirectory="c52da3ab-6cad-4b99-a806-89593264e216" />
    <UnitTestResult executionId="d4bc5cbe-6f01-4657-8377-b4c2e596a808" testId="34de5a19-746a-4505-8d20-054e2c088792" testName="UpdateEvidenceLockSizesCommandHandlerTests_ServerIsClosingNoAction" computerName="DKSR-EFI-06" duration="00:00:00.0088155" startTime="2024-01-09T15:45:43.9983868+01:00" endTime="2024-01-09T15:45:44.0140158+01:00" testType="13cdc9d9-ddb5-4fa4-a97d-d965ccfc6d4b" outcome="Passed" testListId="8c84fa94-04c1-424b-9868-57a2d4851a1d" relativeResultsDirectory="d4bc5cbe-6f01-4657-8377-b4c2e596a808" />
    <UnitTestResult executionId="ed58a2ff-59ec-4d52-bfeb-b341b08fa5b7" testId="530f69b5-a447-ca60-be02-7dd53dd950cc" testName="Validate_ClearChangesWithoutActivation_RemovesAllHardwareAndDevices" computerName="DKSR-EFI-06" duration="00:00:00.0031002" startTime="2024-01-09T15:45:00.0450082+01:00" endTime="2024-01-09T15:45:00.0606297+01:00" testType="13cdc9d9-ddb5-4fa4-a97d-d965ccfc6d4b" outcome="Passed" testListId="8c84fa94-04c1-424b-9868-57a2d4851a1d" relativeResultsDirectory="ed58a2ff-59ec-4d52-bfeb-b341b08fa5b7" />
    <UnitTestResult executionId="1e339897-d4c7-4601-b591-c62aefbdc386" testId="d17694ba-e5c0-8494-e5ba-8ef8d9477485" testName="UploadFileChunkCommandHandler_Execute_SuccessOnFileAlreadyPresent" computerName="DKSR-EFI-06" duration="00:00:00.0008806" startTime="2024-01-09T15:46:00.4082739+01:00" endTime="2024-01-09T15:46:00.4082739+01:00" testType="13cdc9d9-ddb5-4fa4-a97d-d965ccfc6d4b" outcome="Passed" testListId="8c84fa94-04c1-424b-9868-57a2d4851a1d" relativeResultsDirectory="1e339897-d4c7-4601-b591-c62aefbdc386" />
    <UnitTestResult executionId="7c0316e8-b08c-43ad-ad88-0f9e9ff4b463" testId="5a317f58-5340-0bdf-bbbf-2cf5c6868376" testName="ConfigurationDataSetLoader_GetDevicePrivacyMaskByDeviceId_Success" computerName="DKSR-EFI-06" duration="00:00:00.0054168" startTime="2024-01-09T15:45:34.3575475+01:00" endTime="2024-01-09T15:45:34.3575475+01:00" testType="13cdc9d9-ddb5-4fa4-a97d-d965ccfc6d4b" outcome="Passed" testListId="8c84fa94-04c1-424b-9868-57a2d4851a1d" relativeResultsDirectory="7c0316e8-b08c-43ad-ad88-0f9e9ff4b463" />
    <UnitTestResult executionId="fd620f0e-68fe-4765-a9ab-36ab50a6d053" testId="6cf569d1-1826-b1a5-d6b9-732babdb845d" testName="LicenseCountManager_RemoveDevicesFromChangesWithoutActivation_Throws_InvalidOperationException" computerName="DKSR-EFI-06" duration="00:00:00.0009113" startTime="2024-01-09T15:45:00.3262592+01:00" endTime="2024-01-09T15:45:00.3262592+01:00" testType="13cdc9d9-ddb5-4fa4-a97d-d965ccfc6d4b" outcome="Passed" testListId="8c84fa94-04c1-424b-9868-57a2d4851a1d" relativeResultsDirectory="fd620f0e-68fe-4765-a9ab-36ab50a6d053" />
    <UnitTestResult executionId="32fc6f5d-7227-4526-999d-f78d41ad75df" testId="88ef3b12-90e0-b60b-d906-a863d11fe7c1" testName="ToXml_HasLicenseReportInformationSectionWithRightInformation_OnNotDefaultConstruction" computerName="DKSR-EFI-06" duration="00:00:00.0023041" startTime="2024-01-09T15:45:00.6231334+01:00" endTime="2024-01-09T15:45:00.6231334+01:00" testType="13cdc9d9-ddb5-4fa4-a97d-d965ccfc6d4b" outcome="Passed" testListId="8c84fa94-04c1-424b-9868-57a2d4851a1d" relativeResultsDirectory="32fc6f5d-7227-4526-999d-f78d41ad75df" />
    <UnitTestResult executionId="76b6bded-8836-4c20-adb4-b0460c80eedf" testId="0da338e0-9855-08fe-734d-f7af988e6bc1" testName="HardwareInCWANotOnWhiteList_ReplacedWithNoInheritance_HardwareNotOnWhiteList_NoMoreCWAAllowed_FewerChannelsOnReplacedHardware_NewDevicesInGrace" computerName="DKSR-EFI-06" duration="00:00:00.2665843" startTime="2024-01-09T15:44:05.2011406+01:00" endTime="2024-01-09T15:44:05.4667649+01:00" testType="13cdc9d9-ddb5-4fa4-a97d-d965ccfc6d4b" outcome="Passed" testListId="8c84fa94-04c1-424b-9868-57a2d4851a1d" relativeResultsDirectory="76b6bded-8836-4c20-adb4-b0460c80eedf" />
    <UnitTestResult executionId="94f6cee2-2c3d-46e7-8ed0-cce924692b84" testId="45b8d6af-6bf6-4d13-db5b-d6931f924402" testName="RecorderTaskFailed_RecorderNotFoundException_Handled" computerName="DKSR-EFI-06" duration="00:00:00.0006630" startTime="2024-01-09T15:42:48.1384187+01:00" endTime="2024-01-09T15:42:48.1384187+01:00" testType="13cdc9d9-ddb5-4fa4-a97d-d965ccfc6d4b" outcome="Passed" testListId="8c84fa94-04c1-424b-9868-57a2d4851a1d" relativeResultsDirectory="94f6cee2-2c3d-46e7-8ed0-cce924692b84" />
    <UnitTestResult executionId="76f09f86-8725-41de-9140-a61ac2eb2612" testId="6aa349d6-952a-6cb8-3b52-449c35603c8a" testName="HardwareInCWAOnWhiteList_ReplacedWithNoInheritance_HardwareNotOnWhiteList_NoMoreCWAAllowed_FewerChannelsOnReplacedHardware_NewDevicesInGrace" computerName="DKSR-EFI-06" duration="00:00:00.2753990" startTime="2024-01-09T15:44:06.1386384+01:00" endTime="2024-01-09T15:44:06.4042659+01:00" testType="13cdc9d9-ddb5-4fa4-a97d-d965ccfc6d4b" outcome="Passed" testListId="8c84fa94-04c1-424b-9868-57a2d4851a1d" relativeResultsDirectory="76f09f86-8725-41de-9140-a61ac2eb2612" />
    <UnitTestResult executionId="07496b23-d2e8-460a-920f-4dbac9197654" testId="b17f55fe-7a77-049b-3c9d-d1c6816e4ccb" testName="MoveHardwareTaskCommandHandler_Execute_PrepareMoveHardware_SqlException_DatabaseCommunicationError" computerName="DKSR-EFI-06" duration="00:00:00.0016739" startTime="2024-01-09T15:45:41.4981718+01:00" endTime="2024-01-09T15:45:41.4981718+01:00" testType="13cdc9d9-ddb5-4fa4-a97d-d965ccfc6d4b" outcome="Passed" testListId="8c84fa94-04c1-424b-9868-57a2d4851a1d" relativeResultsDirectory="07496b23-d2e8-460a-920f-4dbac9197654" />
    <UnitTestResult executionId="aa232477-020a-4608-92a3-10a0095fd4be" testId="5ce1fcc1-c285-77cd-ae3b-20081d5cd75a" testName="AttachedRecorder_GetServices_Success" computerName="DKSR-EFI-06" duration="00:00:00.0030530" startTime="2024-01-09T15:42:45.3728268+01:00" endTime="2024-01-09T15:42:45.3728268+01:00" testType="13cdc9d9-ddb5-4fa4-a97d-d965ccfc6d4b" outcome="Passed" testListId="8c84fa94-04c1-424b-9868-57a2d4851a1d" relativeResultsDirectory="aa232477-020a-4608-92a3-10a0095fd4be" />
    <UnitTestResult executionId="711aa653-c1f4-482f-89df-4d6fd29561c6" testId="849ae475-f416-8ab4-9798-07ae8793de20" testName="AllocateLicenses_25Available_SixHardwareWith5Devices_15Activated_10InChangesWithoutActivation_5Unlicensed" computerName="DKSR-EFI-06" duration="00:00:00.3226619" startTime="2024-01-09T15:44:35.0293119+01:00" endTime="2024-01-09T15:44:35.3418128+01:00" testType="13cdc9d9-ddb5-4fa4-a97d-d965ccfc6d4b" outcome="Passed" testListId="8c84fa94-04c1-424b-9868-57a2d4851a1d" relativeResultsDirectory="711aa653-c1f4-482f-89df-4d6fd29561c6" />
    <UnitTestResult executionId="a3b77a33-a05e-41c8-895b-c06d56c8eb30" testId="0124a6f9-08ac-d872-38e7-fc6c4d6e0a01" testName="SetHardwareNetworkSettingsCommandHandler_Execute_RecorderNotConnected_ReturnsRecorderUnavailableResponse" computerName="DKSR-EFI-06" duration="00:00:00.0010166" startTime="2024-01-09T15:45:43.9514944+01:00" endTime="2024-01-09T15:45:43.9514944+01:00" testType="13cdc9d9-ddb5-4fa4-a97d-d965ccfc6d4b" outcome="Passed" testListId="8c84fa94-04c1-424b-9868-57a2d4851a1d" relativeResultsDirectory="a3b77a33-a05e-41c8-895b-c06d56c8eb30" />
    <UnitTestResult executionId="7dbd4b8b-2c69-41ed-8a32-e28f57392cf2" testId="8e5a95f7-d7d9-75e4-65bd-b586948a07a8" testName="HardwareInGraceNotOnWhiteList_ReplacedWithNoInheritance_HardwareOnWhiteList_ShouldGiveHardwareNewGracePeriod" computerName="DKSR-EFI-06" duration="00:00:00.5373189" startTime="2024-01-09T15:44:54.9199883+01:00" endTime="2024-01-09T15:44:55.4668629+01:00" testType="13cdc9d9-ddb5-4fa4-a97d-d965ccfc6d4b" outcome="Passed" testListId="8c84fa94-04c1-424b-9868-57a2d4851a1d" relativeResultsDirectory="7dbd4b8b-2c69-41ed-8a32-e28f57392cf2" />
    <UnitTestResult executionId="20e178fc-2029-4fbc-b752-84f06b658dde" testId="eedd6844-c854-948c-de42-8c2f993ad660" testName="HeartbeatResponse_ModelIsValid_CommandExecuted" computerName="DKSR-EFI-06" duration="00:00:00.0005474" startTime="2024-01-09T15:42:48.2946705+01:00" endTime="2024-01-09T15:42:48.2946705+01:00" testType="13cdc9d9-ddb5-4fa4-a97d-d965ccfc6d4b" outcome="Passed" testListId="8c84fa94-04c1-424b-9868-57a2d4851a1d" relativeResultsDirectory="20e178fc-2029-4fbc-b752-84f06b658dde" />
    <UnitTestResult executionId="f86e1584-7b1e-44b1-8eee-a1ee3d942b75" testId="27a80b10-a457-dcf0-3f4f-f5674e8d3ef4" testName="HardwareScanTaskCommandHandler_Execute_TaskProgress" computerName="DKSR-EFI-06" duration="00:00:00.0024944" startTime="2024-01-09T15:45:38.4981692+01:00" endTime="2024-01-09T15:45:38.4981692+01:00" testType="13cdc9d9-ddb5-4fa4-a97d-d965ccfc6d4b" outcome="Passed" testListId="8c84fa94-04c1-424b-9868-57a2d4851a1d" relativeResultsDirectory="f86e1584-7b1e-44b1-8eee-a1ee3d942b75" />
    <UnitTestResult executionId="eebcffd0-bd94-4d11-8081-0df48b3ccfe9" testId="e454a3f1-9c85-b4ba-36c1-30535ec4b9e5" testName="UpdateHardwareTaskCommandHandler_Execute_Deleted_Tests" computerName="DKSR-EFI-06" duration="00:00:00.0851417" startTime="2024-01-09T15:45:59.5954578+01:00" endTime="2024-01-09T15:45:59.6736121+01:00" testType="13cdc9d9-ddb5-4fa4-a97d-d965ccfc6d4b" outcome="Passed" testListId="8c84fa94-04c1-424b-9868-57a2d4851a1d" relativeResultsDirectory="eebcffd0-bd94-4d11-8081-0df48b3ccfe9" />
    <UnitTestResult executionId="d7e65c5b-8c7b-4780-9b54-28aaab577226" testId="55b0046f-204a-b150-257e-2d3d00e45488" testName="DeleteConfigurationItemCommandHandler_Execute_DeleteMultipleHardware_Success" computerName="DKSR-EFI-06" duration="00:00:00.0762823" startTime="2024-01-09T15:45:36.4669213+01:00" endTime="2024-01-09T15:45:36.5450454+01:00" testType="13cdc9d9-ddb5-4fa4-a97d-d965ccfc6d4b" outcome="Passed" testListId="8c84fa94-04c1-424b-9868-57a2d4851a1d" relativeResultsDirectory="d7e65c5b-8c7b-4780-9b54-28aaab577226" />
    <UnitTestResult executionId="c66c9e40-b732-40f9-9e42-5b42bbfa4047" testId="bdf6f93c-9e36-a4ff-e07a-684f4e89f604" testName="ChangeIdpAdminTaskCommandHandlerTests_Clone_Returns_Same_Reference" computerName="DKSR-EFI-06" duration="00:00:00.0024425" startTime="2024-01-09T15:45:34.7950450+01:00" endTime="2024-01-09T15:45:34.7950450+01:00" testType="13cdc9d9-ddb5-4fa4-a97d-d965ccfc6d4b" outcome="Passed" testListId="8c84fa94-04c1-424b-9868-57a2d4851a1d" relativeResultsDirectory="c66c9e40-b732-40f9-9e42-5b42bbfa4047" />
    <UnitTestResult executionId="4aa791a7-21e4-4074-a91b-e24855c15786" testId="ab5631f2-f214-2d6b-103e-ecf8fde77b19" testName="ArchiveTaskStatusDetails_Serialize_And_Deserialize_Success" computerName="DKSR-EFI-06" duration="00:00:00.0347393" startTime="2024-01-09T15:42:48.8415470+01:00" endTime="2024-01-09T15:42:48.8884227+01:00" testType="13cdc9d9-ddb5-4fa4-a97d-d965ccfc6d4b" outcome="Passed" testListId="8c84fa94-04c1-424b-9868-57a2d4851a1d" relativeResultsDirectory="4aa791a7-21e4-4074-a91b-e24855c15786" />
    <UnitTestResult executionId="00d16270-9137-4ffe-80cc-e5cf4c0a3998" testId="a576efd2-dc4d-8b08-9b5f-e59b0088fa8e" testName="LicenseCountManager_RemoveHardwareDeviceItemsFromChangesWithoutActivation_ProperlyRemovesDevices" computerName="DKSR-EFI-06" duration="00:00:00.0010352" startTime="2024-01-09T15:45:00.1700061+01:00" endTime="2024-01-09T15:45:00.1700061+01:00" testType="13cdc9d9-ddb5-4fa4-a97d-d965ccfc6d4b" outcome="Passed" testListId="8c84fa94-04c1-424b-9868-57a2d4851a1d" relativeResultsDirectory="00d16270-9137-4ffe-80cc-e5cf4c0a3998" />
    <UnitTestResult executionId="3693abe5-05de-4e7e-b2d0-ebc17d40dbc3" testId="f98abc3d-0528-176f-d197-4885de4ff4f2" testName="ChannelLicenseCountManager_CameraFeed_GetFirstCameraFeedDeviceIndex_NonExisting_InvalidOperationException" computerName="DKSR-EFI-06" duration="00:00:00.0010536" startTime="2024-01-09T15:44:59.6856273+01:00" endTime="2024-01-09T15:44:59.6856273+01:00" testType="13cdc9d9-ddb5-4fa4-a97d-d965ccfc6d4b" outcome="Passed" testListId="8c84fa94-04c1-424b-9868-57a2d4851a1d" relativeResultsDirectory="3693abe5-05de-4e7e-b2d0-ebc17d40dbc3" />
    <UnitTestResult executionId="ee0ab80f-5c9a-4b95-a6ce-8a93c5726db8" testId="71ca81f7-d4b8-7f03-ba05-0feafcaff5a8" testName="AllocateLicenses_HardwareWith20Devices5EnabledAndActivated_Enabling15Devices_ShouldGet10CWA5Unlicensed_On15LicensesAnd100PercentageCWA" computerName="DKSR-EFI-06" duration="00:00:00.1720409" startTime="2024-01-09T15:44:41.9824477+01:00" endTime="2024-01-09T15:44:42.1543262+01:00" testType="13cdc9d9-ddb5-4fa4-a97d-d965ccfc6d4b" outcome="Passed" testListId="8c84fa94-04c1-424b-9868-57a2d4851a1d" relativeResultsDirectory="ee0ab80f-5c9a-4b95-a6ce-8a93c5726db8" />
    <UnitTestResult executionId="b6674381-df42-42a6-a5a6-b725b824b6c5" testId="3547b549-44fa-239a-f127-0c453303adf8" testName="LicenseCountManager_AddLicensedHardware_Same_MAC_Twice_ArgumentException" computerName="DKSR-EFI-06" duration="00:00:00.0065558" startTime="2024-01-09T15:45:00.2012585+01:00" endTime="2024-01-09T15:45:00.2168809+01:00" testType="13cdc9d9-ddb5-4fa4-a97d-d965ccfc6d4b" outcome="Passed" testListId="8c84fa94-04c1-424b-9868-57a2d4851a1d" relativeResultsDirectory="b6674381-df42-42a6-a5a6-b725b824b6c5">
      <Output>
        <StdOut>Debug Trace:&#xD;
Fail: An entry is already registered for the mac address.</StdOut>
      </Output>
    </UnitTestResult>
    <UnitTestResult executionId="983ccd5d-2134-401c-ba7f-faa8e8420343" testId="8506cb6c-8938-173e-a9b6-87ebf73ac192" testName="DeleteHardwareTaskCommandHandler_Execute_Failed_NoResponse" computerName="DKSR-EFI-06" duration="00:00:00.0009705" startTime="2024-01-09T15:45:36.8419196+01:00" endTime="2024-01-09T15:45:36.8419196+01:00" testType="13cdc9d9-ddb5-4fa4-a97d-d965ccfc6d4b" outcome="Passed" testListId="8c84fa94-04c1-424b-9868-57a2d4851a1d" relativeResultsDirectory="983ccd5d-2134-401c-ba7f-faa8e8420343" />
    <UnitTestResult executionId="7839d277-5293-4bc8-8eb2-2927e6b82ff6" testId="728f977f-d66c-0fb7-ff2d-78067069daae" testName="LicenseCountManager_IsHardwareWithoutEnabledCamerasLicensed_Throws_ArgumentNullException_WhenNullValuePassed" computerName="DKSR-EFI-06" duration="00:00:00.0006252" startTime="2024-01-09T15:45:00.1387546+01:00" endTime="2024-01-09T15:45:00.1387546+01:00" testType="13cdc9d9-ddb5-4fa4-a97d-d965ccfc6d4b" outcome="Passed" testListId="8c84fa94-04c1-424b-9868-57a2d4851a1d" relativeResultsDirectory="7839d277-5293-4bc8-8eb2-2927e6b82ff6" />
    <UnitTestResult executionId="4bdd8310-2126-4c3d-bd56-83b6155c4025" testId="1bcab4f7-cc1a-04c2-9e62-a8ca303cc7c3" testName="ExecuteMipAction2Command_ModelIsNull_BadRequestResult" computerName="DKSR-EFI-06" duration="00:00:00.0009407" startTime="2024-01-09T15:42:48.0134191+01:00" endTime="2024-01-09T15:42:48.0134191+01:00" testType="13cdc9d9-ddb5-4fa4-a97d-d965ccfc6d4b" outcome="Passed" testListId="8c84fa94-04c1-424b-9868-57a2d4851a1d" relativeResultsDirectory="4bdd8310-2126-4c3d-bd56-83b6155c4025" />
    <UnitTestResult executionId="c9bdc03f-1cde-49d0-9143-9d3b5e0c83b2" testId="88e0d440-ede0-4530-fa82-e54cf5859609" testName="AllocateLicenses_NotActivated_SixCameraChannels_FiveExpired_OneInGrace" computerName="DKSR-EFI-06" duration="00:00:00.0969013" startTime="2024-01-09T15:44:34.7793114+01:00" endTime="2024-01-09T15:44:34.8730628+01:00" testType="13cdc9d9-ddb5-4fa4-a97d-d965ccfc6d4b" outcome="Passed" testListId="8c84fa94-04c1-424b-9868-57a2d4851a1d" relativeResultsDirectory="c9bdc03f-1cde-49d0-9143-9d3b5e0c83b2" />
    <UnitTestResult executionId="7428cec5-0f6b-4f16-9ac4-d9ba939d69f0" testId="badabfc0-287c-a7d5-098f-1344facad0e2" testName="DeleteIdpUserTaskCommandHandlerTests_Execute_Delete_Succeeded" computerName="DKSR-EFI-06" duration="00:00:00.0024942" startTime="2024-01-09T15:45:36.9200474+01:00" endTime="2024-01-09T15:45:36.9200474+01:00" testType="13cdc9d9-ddb5-4fa4-a97d-d965ccfc6d4b" outcome="Passed" testListId="8c84fa94-04c1-424b-9868-57a2d4851a1d" relativeResultsDirectory="7428cec5-0f6b-4f16-9ac4-d9ba939d69f0" />
    <UnitTestResult executionId="a063e1a7-0ef2-4857-9f40-f654276c0d21" testId="a8466234-3dd1-7e09-1f24-9f708ace9cec" testName="LicenseCountManager_ReplacementHardware_RemoveHardwareFromReplacementLimit" computerName="DKSR-EFI-06" duration="00:00:00.0003834" startTime="2024-01-09T15:45:00.2950055+01:00" endTime="2024-01-09T15:45:00.2950055+01:00" testType="13cdc9d9-ddb5-4fa4-a97d-d965ccfc6d4b" outcome="Passed" testListId="8c84fa94-04c1-424b-9868-57a2d4851a1d" relativeResultsDirectory="a063e1a7-0ef2-4857-9f40-f654276c0d21" />
    <UnitTestResult executionId="a2084027-2a62-4f85-86d1-7e4ed73aaa12" testId="6fbe868a-42b6-5cbd-c8ab-590c9c163b52" testName="FromXml_LicenseReportInformation_ReturnsCorrectObject" computerName="DKSR-EFI-06" duration="00:00:00.0010436" startTime="2024-01-09T15:45:00.6856342+01:00" endTime="2024-01-09T15:45:00.6856342+01:00" testType="13cdc9d9-ddb5-4fa4-a97d-d965ccfc6d4b" outcome="Passed" testListId="8c84fa94-04c1-424b-9868-57a2d4851a1d" relativeResultsDirectory="a2084027-2a62-4f85-86d1-7e4ed73aaa12" />
    <UnitTestResult executionId="3a652159-33c2-4e77-9d20-52dc0edce3f1" testId="44aed161-4037-6593-a3b8-432128666ea9" testName="FirmwareUpgradeTaskCommandHandler_Execute_Failed_ErrorUnsupported" computerName="DKSR-EFI-06" duration="00:00:00.0028313" startTime="2024-01-09T15:45:38.0294243+01:00" endTime="2024-01-09T15:45:38.0294243+01:00" testType="13cdc9d9-ddb5-4fa4-a97d-d965ccfc6d4b" outcome="Passed" testListId="8c84fa94-04c1-424b-9868-57a2d4851a1d" relativeResultsDirectory="3a652159-33c2-4e77-9d20-52dc0edce3f1" />
    <UnitTestResult executionId="6d725764-ac38-48d6-956d-c7ab3f49a399" testId="771599c9-a15d-63d0-9d03-0c9f01b38cf7" testName="CurrentVersions_ModelValid_Success" computerName="DKSR-EFI-06" duration="00:00:00.0012590" startTime="2024-01-09T15:42:47.3884106+01:00" endTime="2024-01-09T15:42:47.3884106+01:00" testType="13cdc9d9-ddb5-4fa4-a97d-d965ccfc6d4b" outcome="Passed" testListId="8c84fa94-04c1-424b-9868-57a2d4851a1d" relativeResultsDirectory="6d725764-ac38-48d6-956d-c7ab3f49a399" />
    <UnitTestResult executionId="5f2f9864-7bc7-4c25-90d4-cf9a9b799b49" testId="df70ed32-006d-5c93-6db8-327bf848aec2" testName="ValidateCounts_AddLicensesForMixedHardwareAndChannels_EnsureCountCorrect" computerName="DKSR-EFI-06" duration="00:00:00.0015823" startTime="2024-01-09T15:45:00.0450082+01:00" endTime="2024-01-09T15:45:00.0450082+01:00" testType="13cdc9d9-ddb5-4fa4-a97d-d965ccfc6d4b" outcome="Passed" testListId="8c84fa94-04c1-424b-9868-57a2d4851a1d" relativeResultsDirectory="5f2f9864-7bc7-4c25-90d4-cf9a9b799b49" />
    <UnitTestResult executionId="64be3e64-7e3b-4594-8146-8395b2a13e6f" testId="698f55e3-ba67-c8d6-05d5-1077a48743c7" testName="HardwareScanTaskCommandHandler_Execute_RecorderUnavailable_FailResponse" computerName="DKSR-EFI-06" duration="00:00:00.0011815" startTime="2024-01-09T15:45:38.4669202+01:00" endTime="2024-01-09T15:45:38.4825426+01:00" testType="13cdc9d9-ddb5-4fa4-a97d-d965ccfc6d4b" outcome="Passed" testListId="8c84fa94-04c1-424b-9868-57a2d4851a1d" relativeResultsDirectory="64be3e64-7e3b-4594-8146-8395b2a13e6f" />
    <UnitTestResult executionId="40b43684-fe72-4fb2-9925-af8c3214a9fa" testId="992740cb-50c8-d4fe-c9bf-4993f9a47e3f" testName="CheckExternalRecorderRegistrationCommandHandler_Execute_ReturnsCorrectResponsesOnExceptions" computerName="DKSR-EFI-06" duration="00:00:00.0014827" startTime="2024-01-09T15:45:34.8575437+01:00" endTime="2024-01-09T15:45:34.8575437+01:00" testType="13cdc9d9-ddb5-4fa4-a97d-d965ccfc6d4b" outcome="Passed" testListId="8c84fa94-04c1-424b-9868-57a2d4851a1d" relativeResultsDirectory="40b43684-fe72-4fb2-9925-af8c3214a9fa" />
    <UnitTestResult executionId="60478178-927c-4495-9e2a-6b2f4bb30f2a" testId="2d225ce4-f0f3-62e9-1432-3146c61e9476" testName="EvidenceLockOnOldRecorderCommandHandlerTests_ServerIsCLosing_NoAction" computerName="DKSR-EFI-06" duration="00:00:00.0175834" startTime="2024-01-09T15:45:36.9669211+01:00" endTime="2024-01-09T15:45:36.9825454+01:00" testType="13cdc9d9-ddb5-4fa4-a97d-d965ccfc6d4b" outcome="Passed" testListId="8c84fa94-04c1-424b-9868-57a2d4851a1d" relativeResultsDirectory="60478178-927c-4495-9e2a-6b2f4bb30f2a" />
    <UnitTestResult executionId="aab6605c-4106-4465-a06f-8ab7dcd9e5d4" testId="359fff84-37cd-cbf2-c40f-cab0519a05a2" testName="SessionDataManager_StoreAndCleanup_Success" computerName="DKSR-EFI-06" duration="00:00:07.0080137" startTime="2024-01-09T15:43:12.3886400+01:00" endTime="2024-01-09T15:43:19.4041704+01:00" testType="13cdc9d9-ddb5-4fa4-a97d-d965ccfc6d4b" outcome="Passed" testListId="8c84fa94-04c1-424b-9868-57a2d4851a1d" relativeResultsDirectory="aab6605c-4106-4465-a06f-8ab7dcd9e5d4" />
    <UnitTestResult executionId="d0e3598f-9ec7-480d-a15c-951af5d33d7e" testId="b0211203-6613-8af6-27ec-57bd6e3d9589" testName="DeviceDataDistributionManager_CleanupAll_Success" computerName="DKSR-EFI-06" duration="00:00:00.0542191" startTime="2024-01-09T15:42:44.1540306+01:00" endTime="2024-01-09T15:42:44.2165291+01:00" testType="13cdc9d9-ddb5-4fa4-a97d-d965ccfc6d4b" outcome="Passed" testListId="8c84fa94-04c1-424b-9868-57a2d4851a1d" relativeResultsDirectory="d0e3598f-9ec7-480d-a15c-951af5d33d7e" />
    <UnitTestResult executionId="70ee8477-7ea0-4aa5-aa7b-a638f7fa9b04" testId="ba3849b3-9ea5-cfac-5226-3bf7a80944d3" testName="UpdateLicenseInformation_DelayedWhenCalledTwice_BeforeTimeout_Success" computerName="DKSR-EFI-06" duration="00:00:05.3739669" startTime="2024-01-09T15:45:03.8106232+01:00" endTime="2024-01-09T15:45:09.1856327+01:00" testType="13cdc9d9-ddb5-4fa4-a97d-d965ccfc6d4b" outcome="Passed" testListId="8c84fa94-04c1-424b-9868-57a2d4851a1d" relativeResultsDirectory="70ee8477-7ea0-4aa5-aa7b-a638f7fa9b04" />
    <UnitTestResult executionId="6290450b-0b5b-49e0-b6fe-5798a2843586" testId="025503e0-46c3-a8e9-2ae0-09018f6d88c1" testName="HardwareActivatedNotOnWhiteList_ReplacedWithNoInheritance_HardwareNotOnWhiteList_NoCWAAllowed_AllDevicesInGrace" computerName="DKSR-EFI-06" duration="00:00:00.9057347" startTime="2024-01-09T15:43:51.1854417+01:00" endTime="2024-01-09T15:43:52.0916926+01:00" testType="13cdc9d9-ddb5-4fa4-a97d-d965ccfc6d4b" outcome="Passed" testListId="8c84fa94-04c1-424b-9868-57a2d4851a1d" relativeResultsDirectory="6290450b-0b5b-49e0-b6fe-5798a2843586" />
    <UnitTestResult executionId="fd490d69-8359-4e6c-ae94-eafc60c7c9ea" testId="937df9c4-c878-f529-8b77-c1ccd47d0caa" testName="AttachedRecorder_GetRecorderEntry_Success" computerName="DKSR-EFI-06" duration="00:00:00.0004810" startTime="2024-01-09T15:42:45.3728268+01:00" endTime="2024-01-09T15:42:45.3728268+01:00" testType="13cdc9d9-ddb5-4fa4-a97d-d965ccfc6d4b" outcome="Passed" testListId="8c84fa94-04c1-424b-9868-57a2d4851a1d" relativeResultsDirectory="fd490d69-8359-4e6c-ae94-eafc60c7c9ea" />
    <UnitTestResult executionId="0d0db0d3-0a15-42ef-8010-dacd1cee7d18" testId="cd7b14ce-fbc0-7d81-9aa0-e2c8ec4f6e9c" testName="ValidateParameter_InvalidTemporaryStorage_Expect_ArgumentNullException" computerName="DKSR-EFI-06" duration="00:00:00.0431446" startTime="2024-01-09T15:44:29.7480595+01:00" endTime="2024-01-09T15:44:29.7949351+01:00" testType="13cdc9d9-ddb5-4fa4-a97d-d965ccfc6d4b" outcome="Passed" testListId="8c84fa94-04c1-424b-9868-57a2d4851a1d" relativeResultsDirectory="0d0db0d3-0a15-42ef-8010-dacd1cee7d18" />
    <UnitTestResult executionId="4bc78e34-36c7-482f-b352-5623099b4997" testId="6e2eff38-594f-7e40-a4bc-55cf23d64c17" testName="HardwareInCWANotOnWhiteList_ReplacedWithNoInheritance_HardwareNotOnWhiteList_MixedCWAAllowed_MoreChannelsOnReplacedHardware_SomeDevicesInCWA" computerName="DKSR-EFI-06" duration="00:00:00.6991597" startTime="2024-01-09T15:44:16.7792980+01:00" endTime="2024-01-09T15:44:17.4824237+01:00" testType="13cdc9d9-ddb5-4fa4-a97d-d965ccfc6d4b" outcome="Passed" testListId="8c84fa94-04c1-424b-9868-57a2d4851a1d" relativeResultsDirectory="4bc78e34-36c7-482f-b352-5623099b4997" />
    <UnitTestResult executionId="d1ce5272-c0b1-4f30-80fe-6e48eb7ad4c4" testId="8db5f8b9-eae8-c576-e7ed-a034a6d78bed" testName="RecorderTaskFailed_ModelIsValid_Executed" computerName="DKSR-EFI-06" duration="00:00:00.0014722" startTime="2024-01-09T15:42:48.1384187+01:00" endTime="2024-01-09T15:42:48.1384187+01:00" testType="13cdc9d9-ddb5-4fa4-a97d-d965ccfc6d4b" outcome="Passed" testListId="8c84fa94-04c1-424b-9868-57a2d4851a1d" relativeResultsDirectory="d1ce5272-c0b1-4f30-80fe-6e48eb7ad4c4" />
    <UnitTestResult executionId="86aaa99f-3eab-4be4-8667-bfbe5dccdaa2" testId="81617872-71ba-199d-e817-945400dd1b77" testName="TaskHandling_InternalUpdateReparingTasks_NotRepairing_RemovesTask" computerName="DKSR-EFI-06" duration="00:00:00.0013581" startTime="2024-01-09T15:43:19.6853737+01:00" endTime="2024-01-09T15:43:19.6853737+01:00" testType="13cdc9d9-ddb5-4fa4-a97d-d965ccfc6d4b" outcome="Passed" testListId="8c84fa94-04c1-424b-9868-57a2d4851a1d" relativeResultsDirectory="86aaa99f-3eab-4be4-8667-bfbe5dccdaa2" />
    <UnitTestResult executionId="04c4a70b-d0fe-4cc0-ac6e-f937b8df761b" testId="8f30478c-81f7-18ca-7418-c5fed45513af" testName="FirmwareUpgradeTaskCommandHandler_Execute_Failed_ErrorFirmwareRejected" computerName="DKSR-EFI-06" duration="00:00:00.0009884" startTime="2024-01-09T15:45:38.0137947+01:00" endTime="2024-01-09T15:45:38.0294243+01:00" testType="13cdc9d9-ddb5-4fa4-a97d-d965ccfc6d4b" outcome="Passed" testListId="8c84fa94-04c1-424b-9868-57a2d4851a1d" relativeResultsDirectory="04c4a70b-d0fe-4cc0-ac6e-f937b8df761b" />
    <UnitTestResult executionId="9255ecba-be84-4094-88b4-5ed3b69d5861" testId="a99b2e9c-c747-a074-0fc4-b91a6ac52faa" testName="HardwareInCWANotOnWhiteList_ReplacedWithNoInheritance_HardwareOnWhiteList_CWAAllowed_FewerChannelsOnReplacedHardware_NewHardwareInCWA" computerName="DKSR-EFI-06" duration="00:00:00.8524568" startTime="2024-01-09T15:44:13.2324115+01:00" endTime="2024-01-09T15:44:14.0917909+01:00" testType="13cdc9d9-ddb5-4fa4-a97d-d965ccfc6d4b" outcome="Passed" testListId="8c84fa94-04c1-424b-9868-57a2d4851a1d" relativeResultsDirectory="9255ecba-be84-4094-88b4-5ed3b69d5861" />
    <UnitTestResult executionId="350b4349-4c34-4588-81dd-0f09a791c88e" testId="b6700c8b-aa56-915e-c0e2-ed6fe26705f6" testName="ToXml_HasLicenseReportInformationSectionWithNoHardware_OnDefaultConstruction" computerName="DKSR-EFI-06" duration="00:00:00.0004806" startTime="2024-01-09T15:45:00.6231334+01:00" endTime="2024-01-09T15:45:00.6231334+01:00" testType="13cdc9d9-ddb5-4fa4-a97d-d965ccfc6d4b" outcome="Passed" testListId="8c84fa94-04c1-424b-9868-57a2d4851a1d" relativeResultsDirectory="350b4349-4c34-4588-81dd-0f09a791c88e" />
    <UnitTestResult executionId="d136d77f-a602-4e5d-a981-19e72caa144d" testId="94e0df52-34ea-7d4e-1817-b28f34f9a098" testName="ConfigurationDataSetLoader_GetHardwareByHardwareIds_Success" computerName="DKSR-EFI-06" duration="00:00:00.0010595" startTime="2024-01-09T15:45:34.3887996+01:00" endTime="2024-01-09T15:45:34.3887996+01:00" testType="13cdc9d9-ddb5-4fa4-a97d-d965ccfc6d4b" outcome="Passed" testListId="8c84fa94-04c1-424b-9868-57a2d4851a1d" relativeResultsDirectory="d136d77f-a602-4e5d-a981-19e72caa144d" />
    <UnitTestResult executionId="7a61d266-f336-4c91-8078-326d552f6bea" testId="9b865ef5-ace8-8622-14e6-2807e0fb2add" testName="CheckMsFailoverStatusCommandHandler_Execute_InvokeEventTrue_ValidResponseOne_ShouldTrigger" computerName="DKSR-EFI-06" duration="00:00:00.0232841" startTime="2024-01-09T15:45:35.3419223+01:00" endTime="2024-01-09T15:45:35.3575479+01:00" testType="13cdc9d9-ddb5-4fa4-a97d-d965ccfc6d4b" outcome="Passed" testListId="8c84fa94-04c1-424b-9868-57a2d4851a1d" relativeResultsDirectory="7a61d266-f336-4c91-8078-326d552f6bea" />
    <UnitTestResult executionId="3d1ae40f-4b39-42ed-a571-0c5a4fe9e604" testId="4a042a40-867b-e45d-cc91-1c1f3ec0c326" testName="LicenseDeviceRow_Validate_DeletedRowCanBeReinstated_ChangesNotAccepted_Success" computerName="DKSR-EFI-06" duration="00:00:00.0010779" startTime="2024-01-09T15:45:00.3575078+01:00" endTime="2024-01-09T15:45:00.3575078+01:00" testType="13cdc9d9-ddb5-4fa4-a97d-d965ccfc6d4b" outcome="Passed" testListId="8c84fa94-04c1-424b-9868-57a2d4851a1d" relativeResultsDirectory="3d1ae40f-4b39-42ed-a571-0c5a4fe9e604" />
    <UnitTestResult executionId="38d6a714-afe3-4e49-9c5d-b57a43c9a00c" testId="8c0fccc1-43fa-d4b9-bb3c-3f11a0c20b5f" testName="EvidenceLockOnOldRecorderCommandHandlerTests_ArgumentChecks" computerName="DKSR-EFI-06" duration="00:00:00.0290570" startTime="2024-01-09T15:45:36.9356721+01:00" endTime="2024-01-09T15:45:36.9669211+01:00" testType="13cdc9d9-ddb5-4fa4-a97d-d965ccfc6d4b" outcome="Passed" testListId="8c84fa94-04c1-424b-9868-57a2d4851a1d" relativeResultsDirectory="38d6a714-afe3-4e49-9c5d-b57a43c9a00c" />
    <UnitTestResult executionId="2346f0ed-b1a5-427b-8713-bcc963983190" testId="7de72132-1cd2-24ce-040a-81cf45b201bd" testName="AnalyzeAndCreateAuditLogs_DeletedSecurityPermissionsDeviceRowWithDEVICESPEAKPRIORITYAtrributeDefaultPriority_ReturnsOneAuditLog" computerName="DKSR-EFI-06" duration="00:00:00.0032706" startTime="2024-01-09T15:45:35.7481713+01:00" endTime="2024-01-09T15:45:35.7481713+01:00" testType="13cdc9d9-ddb5-4fa4-a97d-d965ccfc6d4b" outcome="Passed" testListId="8c84fa94-04c1-424b-9868-57a2d4851a1d" relativeResultsDirectory="2346f0ed-b1a5-427b-8713-bcc963983190" />
    <UnitTestResult executionId="b44c71d4-fc41-4d0f-84d9-30f38ddde2c3" testId="281b2b74-baf1-6b52-ed5c-a61a47c59d4b" testName="HardwareInGraceNotOnWhiteList_ReplacedWith_HardwareNotOnWhiteList_NoDevicesOnReplacedHardware_ShouldGiveDevicesNewGracePeriod" computerName="DKSR-EFI-06" duration="00:00:00.5466313" startTime="2024-01-09T15:44:58.3106229+01:00" endTime="2024-01-09T15:44:58.8575004+01:00" testType="13cdc9d9-ddb5-4fa4-a97d-d965ccfc6d4b" outcome="Passed" testListId="8c84fa94-04c1-424b-9868-57a2d4851a1d" relativeResultsDirectory="b44c71d4-fc41-4d0f-84d9-30f38ddde2c3" />
    <UnitTestResult executionId="db37b2f4-6061-421e-966b-b535c8973f69" testId="7533a4d2-a947-dfe4-df2c-e09801226f49" testName="ErrorResponse_ModelIsNull_BadRequestResult" computerName="DKSR-EFI-06" duration="00:00:00.0006272" startTime="2024-01-09T15:42:48.2634616+01:00" endTime="2024-01-09T15:42:48.2634616+01:00" testType="13cdc9d9-ddb5-4fa4-a97d-d965ccfc6d4b" outcome="Passed" testListId="8c84fa94-04c1-424b-9868-57a2d4851a1d" relativeResultsDirectory="db37b2f4-6061-421e-966b-b535c8973f69" />
    <UnitTestResult executionId="ab57a06c-2fd8-4491-98ae-416f07cac197" testId="609fcd17-7a78-cb18-73bb-afdcf3f32c91" testName="CheckExternalRecorderRegistrationCommandHandler_Execute_Success" computerName="DKSR-EFI-06" duration="00:00:00.0037795" startTime="2024-01-09T15:45:34.8419227+01:00" endTime="2024-01-09T15:45:34.8419227+01:00" testType="13cdc9d9-ddb5-4fa4-a97d-d965ccfc6d4b" outcome="Passed" testListId="8c84fa94-04c1-424b-9868-57a2d4851a1d" relativeResultsDirectory="ab57a06c-2fd8-4491-98ae-416f07cac197" />
    <UnitTestResult executionId="bc4a7f1d-8cfc-4c3c-8bc2-7f87a26e1a15" testId="22a81a99-b71e-15d9-be4f-104efe40b57f" testName="MoveHardwareTaskCommandHandler_Execute_Arguments_Null_Throws" computerName="DKSR-EFI-06" duration="00:00:00.0042008" startTime="2024-01-09T15:45:38.5450451+01:00" endTime="2024-01-09T15:45:38.5450451+01:00" testType="13cdc9d9-ddb5-4fa4-a97d-d965ccfc6d4b" outcome="Passed" testListId="8c84fa94-04c1-424b-9868-57a2d4851a1d" relativeResultsDirectory="bc4a7f1d-8cfc-4c3c-8bc2-7f87a26e1a15">
      <Output>
        <StdOut>Debug Trace:&#xD;
Fail: Command/Command handler type mismatch&#xD;
Fail: The command handler expect an object that implements ICallContextInfo in the state parameter&#xD;
Fail: The command handler expect an object that implements IResponseSink in the responseSink parameter</StdOut>
      </Output>
    </UnitTestResult>
    <UnitTestResult executionId="f43ac115-709f-4f37-8c8a-430fca5be5c0" testId="3a57acb2-3a31-781d-767d-d0497ee35db7" testName="HardwareActivatedOnWhiteList_ReplacedWithInheritance_HardwareOnWhiteList_CWAAllowed_NewHardwareInCWA" computerName="DKSR-EFI-06" duration="00:00:00.1735733" startTime="2024-01-09T15:43:58.8104716+01:00" endTime="2024-01-09T15:43:58.9823458+01:00" testType="13cdc9d9-ddb5-4fa4-a97d-d965ccfc6d4b" outcome="Passed" testListId="8c84fa94-04c1-424b-9868-57a2d4851a1d" relativeResultsDirectory="f43ac115-709f-4f37-8c8a-430fca5be5c0" />
    <UnitTestResult executionId="0442fe03-42ee-4955-8398-bf21943a09be" testId="b95ba696-bf66-4579-3b41-d5325e861dd7" testName="UpdateLicense_AllocatesOneGraceLicense_OnSameHwOnTwoRecordingServers_WithFirstHwEmpty" computerName="DKSR-EFI-06" duration="00:00:00.0673381" startTime="2024-01-09T15:45:17.0606501+01:00" endTime="2024-01-09T15:45:17.1387754+01:00" testType="13cdc9d9-ddb5-4fa4-a97d-d965ccfc6d4b" outcome="Passed" testListId="8c84fa94-04c1-424b-9868-57a2d4851a1d" relativeResultsDirectory="0442fe03-42ee-4955-8398-bf21943a09be" />
    <UnitTestResult executionId="9866e511-e5ff-4dc6-b4e4-43fc3ed71e7b" testId="226ec0b4-b5fb-232d-ea6f-85b63c59b78e" testName="ChannelLicenseCountManager_IsCameraFeedLicensedOnSite_NullDeviceInfo_ThrowsArgumentNullException" computerName="DKSR-EFI-06" duration="00:00:00.0010555" startTime="2024-01-09T15:44:59.7012528+01:00" endTime="2024-01-09T15:44:59.7168787+01:00" testType="13cdc9d9-ddb5-4fa4-a97d-d965ccfc6d4b" outcome="Passed" testListId="8c84fa94-04c1-424b-9868-57a2d4851a1d" relativeResultsDirectory="9866e511-e5ff-4dc6-b4e4-43fc3ed71e7b" />
    <UnitTestResult executionId="583ea26a-92f1-41ca-8fa4-7f1c4ce606bc" testId="18221f5c-a233-8915-9e13-307a08a338ec" testName="AnalyzeAndCreateAuditLogs_ModifiedSecurityPermissionsDeviceRowWithDEVICEPTZPRIORITYAtrributeSamePriority_ReturnsNoAuditLog" computerName="DKSR-EFI-06" duration="00:00:00.0025923" startTime="2024-01-09T15:45:35.7325453+01:00" endTime="2024-01-09T15:45:35.7325453+01:00" testType="13cdc9d9-ddb5-4fa4-a97d-d965ccfc6d4b" outcome="Passed" testListId="8c84fa94-04c1-424b-9868-57a2d4851a1d" relativeResultsDirectory="583ea26a-92f1-41ca-8fa4-7f1c4ce606bc" />
    <UnitTestResult executionId="24102afa-c97a-49b9-9357-8b2fc4c49cf3" testId="a796f8c8-c899-7521-39b3-459eecb51261" testName="HardwareActivatedNotOnWhiteList_ReplacedWithNoInheritance_HardwareNotOnWhiteList_DifferentCameraChannelsInCWA" computerName="DKSR-EFI-06" duration="00:00:00.1710616" startTime="2024-01-09T15:44:25.4511823+01:00" endTime="2024-01-09T15:44:25.6230573+01:00" testType="13cdc9d9-ddb5-4fa4-a97d-d965ccfc6d4b" outcome="Passed" testListId="8c84fa94-04c1-424b-9868-57a2d4851a1d" relativeResultsDirectory="24102afa-c97a-49b9-9357-8b2fc4c49cf3" />
    <UnitTestResult executionId="404d8284-df47-4655-ad32-c3bb059e9cee" testId="12463717-fdb4-887f-a3c5-92afa97914e4" testName="HardwareInCWAOnWhiteList_ReplacedWithNoInheritance_HardwareOnWhiteList_MixedCWAAllowed_NewHardwareInCWA" computerName="DKSR-EFI-06" duration="00:00:00.1915065" startTime="2024-01-09T15:44:02.1386338+01:00" endTime="2024-01-09T15:44:02.3261336+01:00" testType="13cdc9d9-ddb5-4fa4-a97d-d965ccfc6d4b" outcome="Passed" testListId="8c84fa94-04c1-424b-9868-57a2d4851a1d" relativeResultsDirectory="404d8284-df47-4655-ad32-c3bb059e9cee" />
    <UnitTestResult executionId="7538f057-0cbf-4b39-9cc5-f21bd4641b9f" testId="5a776a3a-b48a-863b-abb5-d1a060454ea7" testName="ChannelLicenseCountManager_UpdateCameraFeedLicensedValue_NullDeviceInfo_ThrowsArgumentNullException" computerName="DKSR-EFI-06" duration="00:00:00.0008862" startTime="2024-01-09T15:44:59.6700032+01:00" endTime="2024-01-09T15:44:59.6700032+01:00" testType="13cdc9d9-ddb5-4fa4-a97d-d965ccfc6d4b" outcome="Passed" testListId="8c84fa94-04c1-424b-9868-57a2d4851a1d" relativeResultsDirectory="7538f057-0cbf-4b39-9cc5-f21bd4641b9f" />
    <UnitTestResult executionId="b3353d99-5066-4d36-afa1-7b3affd09527" testId="1010ec3e-15f5-6176-baaa-337dbb856417" testName="Start_TokenDoesNotHaveCorrectScope_ThrowsInvalidOperationException" computerName="DKSR-EFI-06" duration="00:00:00.0186331" startTime="2024-01-09T15:43:42.9510436+01:00" endTime="2024-01-09T15:43:42.9822916+01:00" testType="13cdc9d9-ddb5-4fa4-a97d-d965ccfc6d4b" outcome="Passed" testListId="8c84fa94-04c1-424b-9868-57a2d4851a1d" relativeResultsDirectory="b3353d99-5066-4d36-afa1-7b3affd09527" />
    <UnitTestResult executionId="af1786ae-38b1-42da-a769-3e97236502c4" testId="05b6e2a1-5d8b-3f06-4e0d-a13dcae334b4" testName="QueueAutomaticActivation_DoesNotPostponeActivation_OnActivationInQueue" computerName="DKSR-EFI-06" duration="00:00:00.0005442" startTime="2024-01-09T15:43:51.0291891+01:00" endTime="2024-01-09T15:43:51.0291891+01:00" testType="13cdc9d9-ddb5-4fa4-a97d-d965ccfc6d4b" outcome="Passed" testListId="8c84fa94-04c1-424b-9868-57a2d4851a1d" relativeResultsDirectory="af1786ae-38b1-42da-a769-3e97236502c4" />
    <UnitTestResult executionId="08766ea1-dda5-4990-8045-13ac3a2ea73b" testId="1fa2fbb8-2a8b-5927-1669-f04f3629060e" testName="AnalyzeAndCreateAuditLogs_DeletedSecurityPermissionsRow_ReturnsOneAuditLog" computerName="DKSR-EFI-06" duration="00:00:00.0048165" startTime="2024-01-09T15:45:35.8262943+01:00" endTime="2024-01-09T15:45:35.8262943+01:00" testType="13cdc9d9-ddb5-4fa4-a97d-d965ccfc6d4b" outcome="Passed" testListId="8c84fa94-04c1-424b-9868-57a2d4851a1d" relativeResultsDirectory="08766ea1-dda5-4990-8045-13ac3a2ea73b" />
    <UnitTestResult executionId="2a623387-15a6-4237-928e-fd650759970d" testId="37776d6b-55f3-8fe6-6591-db53e6b0cae0" testName="HardwareInCWAOnWhiteList_ReplacedWithInheritance_HardwareOnWhiteList_CWAAllowed_MoreChannelsOnReplacedHardware_NewHardwareInCWA" computerName="DKSR-EFI-06" duration="00:00:00.3767441" startTime="2024-01-09T15:44:15.3574167+01:00" endTime="2024-01-09T15:44:15.7480428+01:00" testType="13cdc9d9-ddb5-4fa4-a97d-d965ccfc6d4b" outcome="Passed" testListId="8c84fa94-04c1-424b-9868-57a2d4851a1d" relativeResultsDirectory="2a623387-15a6-4237-928e-fd650759970d" />
    <UnitTestResult executionId="a862d630-a953-44dd-b252-c80f1759ea63" testId="5997d22f-10df-8ccb-263d-7f78f6029696" testName="AllocateLicense_5Available_OneHardware_AlreadyLicensedInLicFile_InsufficientCameraCountInLicenseFileForHardwareCameraFeeds_1InChangesWithoutActivation" computerName="DKSR-EFI-06" duration="00:00:00.0679681" startTime="2024-01-09T15:44:35.6230619+01:00" endTime="2024-01-09T15:44:35.7011867+01:00" testType="13cdc9d9-ddb5-4fa4-a97d-d965ccfc6d4b" outcome="Passed" testListId="8c84fa94-04c1-424b-9868-57a2d4851a1d" relativeResultsDirectory="a862d630-a953-44dd-b252-c80f1759ea63" />
    <UnitTestResult executionId="e8a706fd-6fc7-471d-a8c0-dcde9684897e" testId="0152b47b-1b3f-97f2-2057-f31638973d02" testName="DeleteHardwareUserCommandHandler_Execute_ReturnsFailResponseOnEmptyHardwareId" computerName="DKSR-EFI-06" duration="00:00:00.0006989" startTime="2024-01-09T15:45:36.8731718+01:00" endTime="2024-01-09T15:45:36.8731718+01:00" testType="13cdc9d9-ddb5-4fa4-a97d-d965ccfc6d4b" outcome="Passed" testListId="8c84fa94-04c1-424b-9868-57a2d4851a1d" relativeResultsDirectory="e8a706fd-6fc7-471d-a8c0-dcde9684897e" />
    <UnitTestResult executionId="539684a7-f4f5-4d09-b474-1a37234ffa55" testId="82d37856-d8ef-15b8-7133-dfcb7cb39eaf" testName="ServerFileSystemResponseQueryDrives_ModelIsNull_BadRequestResult" computerName="DKSR-EFI-06" duration="00:00:00.0010004" startTime="2024-01-09T15:42:48.4509211+01:00" endTime="2024-01-09T15:42:48.4509211+01:00" testType="13cdc9d9-ddb5-4fa4-a97d-d965ccfc6d4b" outcome="Passed" testListId="8c84fa94-04c1-424b-9868-57a2d4851a1d" relativeResultsDirectory="539684a7-f4f5-4d09-b474-1a37234ffa55" />
    <UnitTestResult executionId="16df7eb0-7d1b-4f60-a369-8c7646e05953" testId="60d5eb78-47ad-31a4-7687-4733b8346155" testName="HardwareActivatedNotOnWhiteList_ReplacedWithInheritance_HardwareOnWhiteList_MixedCWAAllowed_NewHardwareInCWA" computerName="DKSR-EFI-06" duration="00:00:00.1247299" startTime="2024-01-09T15:43:59.4198466+01:00" endTime="2024-01-09T15:43:59.5448463+01:00" testType="13cdc9d9-ddb5-4fa4-a97d-d965ccfc6d4b" outcome="Passed" testListId="8c84fa94-04c1-424b-9868-57a2d4851a1d" relativeResultsDirectory="16df7eb0-7d1b-4f60-a369-8c7646e05953" />
    <UnitTestResult executionId="48c4c957-5e6f-46e6-8a22-49fa549ed899" testId="724c40a1-3beb-007d-8a74-be9fcfb48cb2" testName="LicenseHardwareRow_Validate_DeletedRowCanBeReinstated_ChangesNotAccepted_Success" computerName="DKSR-EFI-06" duration="00:00:00.0011376" startTime="2024-01-09T15:45:00.3575078+01:00" endTime="2024-01-09T15:45:00.3575078+01:00" testType="13cdc9d9-ddb5-4fa4-a97d-d965ccfc6d4b" outcome="Passed" testListId="8c84fa94-04c1-424b-9868-57a2d4851a1d" relativeResultsDirectory="48c4c957-5e6f-46e6-8a22-49fa549ed899" />
    <UnitTestResult executionId="e5418387-a923-43e6-bd70-788fc7cd58e3" testId="9048ef2e-ea98-a1cd-4593-760c3c6dfb9c" testName="HardwareActivatedNotOnWhiteList_ReplacedWithNoInheritance_HardwareNotOnWhiteList_CWAAllowed_AllDevicesInCWA" computerName="DKSR-EFI-06" duration="00:00:00.1684323" startTime="2024-01-09T15:43:53.1385762+01:00" endTime="2024-01-09T15:43:53.3104492+01:00" testType="13cdc9d9-ddb5-4fa4-a97d-d965ccfc6d4b" outcome="Passed" testListId="8c84fa94-04c1-424b-9868-57a2d4851a1d" relativeResultsDirectory="e5418387-a923-43e6-bd70-788fc7cd58e3" />
    <UnitTestResult executionId="bfcf00f6-29b8-4b57-9982-0005ff7c84d5" testId="c4f124bd-72f7-5c60-a168-23fdc3119cac" testName="CheckConfigurationDataSetTest_RecorderMulticastNotLicensedSuccess" computerName="DKSR-EFI-06" duration="00:00:00.0030226" startTime="2024-01-09T15:45:00.5606325+01:00" endTime="2024-01-09T15:45:00.5606325+01:00" testType="13cdc9d9-ddb5-4fa4-a97d-d965ccfc6d4b" outcome="Passed" testListId="8c84fa94-04c1-424b-9868-57a2d4851a1d" relativeResultsDirectory="bfcf00f6-29b8-4b57-9982-0005ff7c84d5" />
    <UnitTestResult executionId="34310981-e91e-4fa6-b729-fdd574612f8a" testId="5e1e7852-4b74-8364-d566-ba1370dec921" testName="HardwareActivatedOnWhiteList_ReplacedWithNoInheritance_HardwareNotOnWhiteList_CWAAllowed_AllDevicesInCWA" computerName="DKSR-EFI-06" duration="00:00:00.1271049" startTime="2024-01-09T15:43:53.3104492+01:00" endTime="2024-01-09T15:43:53.4354498+01:00" testType="13cdc9d9-ddb5-4fa4-a97d-d965ccfc6d4b" outcome="Passed" testListId="8c84fa94-04c1-424b-9868-57a2d4851a1d" relativeResultsDirectory="34310981-e91e-4fa6-b729-fdd574612f8a" />
    <UnitTestResult executionId="92934d79-2570-4a08-b87e-f273d1bd908a" testId="bf05db17-5f5c-4702-b962-dc4ccec0ed03" testName="ConvertIdpLog_UserNeedPasswordChange" computerName="DKSR-EFI-06" duration="00:00:00.0024630" startTime="2024-01-09T15:43:42.4979154+01:00" endTime="2024-01-09T15:43:42.4979154+01:00" testType="13cdc9d9-ddb5-4fa4-a97d-d965ccfc6d4b" outcome="Passed" testListId="8c84fa94-04c1-424b-9868-57a2d4851a1d" relativeResultsDirectory="92934d79-2570-4a08-b87e-f273d1bd908a" />
    <UnitTestResult executionId="906437df-195f-493f-9414-7a3fb05c87c5" testId="58ce9239-f749-5400-4d5d-9d2b044bbae5" testName="TaskHandling_InternalUpdateReparingTasks_TaskStartTimeNoMatch_ReplaceTask" computerName="DKSR-EFI-06" duration="00:00:00.0053410" startTime="2024-01-09T15:43:19.6697471+01:00" endTime="2024-01-09T15:43:19.6853737+01:00" testType="13cdc9d9-ddb5-4fa4-a97d-d965ccfc6d4b" outcome="Passed" testListId="8c84fa94-04c1-424b-9868-57a2d4851a1d" relativeResultsDirectory="906437df-195f-493f-9414-7a3fb05c87c5" />
    <UnitTestResult executionId="ea9d408b-d662-4ab1-886c-79c28e86040e" testId="fbdead02-2ddb-e5b8-fac6-d1f617590179" testName="EvidenceLockOnOldRecorderCommandHandlerTests_OldRecV2_ConfigDelete1Row" computerName="DKSR-EFI-06" duration="00:00:00.0166133" startTime="2024-01-09T15:45:37.6387930+01:00" endTime="2024-01-09T15:45:37.6544706+01:00" testType="13cdc9d9-ddb5-4fa4-a97d-d965ccfc6d4b" outcome="Passed" testListId="8c84fa94-04c1-424b-9868-57a2d4851a1d" relativeResultsDirectory="ea9d408b-d662-4ab1-886c-79c28e86040e" />
    <UnitTestResult executionId="254bbe5c-a500-4e32-89d0-fd7d84b8c4c1" testId="d6f81ae9-e981-8578-05d8-fc4d8d62f519" testName="LicenseCountManager_Hardware_Get_Set_HardwareLicenseValue" computerName="DKSR-EFI-06" duration="00:00:00.0005404" startTime="2024-01-09T15:45:00.2168809+01:00" endTime="2024-01-09T15:45:00.2168809+01:00" testType="13cdc9d9-ddb5-4fa4-a97d-d965ccfc6d4b" outcome="Passed" testListId="8c84fa94-04c1-424b-9868-57a2d4851a1d" relativeResultsDirectory="254bbe5c-a500-4e32-89d0-fd7d84b8c4c1" />
    <UnitTestResult executionId="6cf0bfe1-2952-40f0-86b0-7fbf4a42a486" testId="a60b7324-d5b9-a346-ac68-057908745031" testName="MoveHardwareTaskCommandHandler_Execute_With_Destination_HotStandby_Success" computerName="DKSR-EFI-06" duration="00:00:00.2484128" startTime="2024-01-09T15:45:39.1856681+01:00" endTime="2024-01-09T15:45:39.4356700+01:00" testType="13cdc9d9-ddb5-4fa4-a97d-d965ccfc6d4b" outcome="Passed" testListId="8c84fa94-04c1-424b-9868-57a2d4851a1d" relativeResultsDirectory="6cf0bfe1-2952-40f0-86b0-7fbf4a42a486">
      <Output>
        <StdOut>Progress: 10&#xD;
Progress: 20&#xD;
Progress: 30&#xD;
Progress: 35&#xD;
Progress: 40&#xD;
Progress: 42&#xD;
Progress: 44&#xD;
Progress: 60&#xD;
Progress: 70&#xD;
Progress: 80&#xD;
Progress: 90&#xD;
Progress: 95&#xD;
Progress: 100</StdOut>
      </Output>
    </UnitTestResult>
    <UnitTestResult executionId="3088d3cd-f507-40d6-b10d-d0eba05da052" testId="58141a4e-f059-9b6b-e088-301262858edb" testName="DeleteIdpUserTaskCommandHandlerTests_Clone_Returns_Same_Reference" computerName="DKSR-EFI-06" duration="00:00:00.0007028" startTime="2024-01-09T15:45:36.9044207+01:00" endTime="2024-01-09T15:45:36.9044207+01:00" testType="13cdc9d9-ddb5-4fa4-a97d-d965ccfc6d4b" outcome="Passed" testListId="8c84fa94-04c1-424b-9868-57a2d4851a1d" relativeResultsDirectory="3088d3cd-f507-40d6-b10d-d0eba05da052" />
    <UnitTestResult executionId="ca234fc5-8c18-4026-b88f-880ab9087a40" testId="b65cceb4-bb5a-b668-5f3c-9e4a205a0844" testName="EvidenceLockOnOldRecorderCommandHandlerTests_OldRecV1_ConfigAdd1RowMain" computerName="DKSR-EFI-06" duration="00:00:00.0191730" startTime="2024-01-09T15:45:37.1856717+01:00" endTime="2024-01-09T15:45:37.2012933+01:00" testType="13cdc9d9-ddb5-4fa4-a97d-d965ccfc6d4b" outcome="Passed" testListId="8c84fa94-04c1-424b-9868-57a2d4851a1d" relativeResultsDirectory="ca234fc5-8c18-4026-b88f-880ab9087a40" />
    <UnitTestResult executionId="790915d2-575d-47f7-b2b1-b3c330b4100c" testId="4ab6e189-06f3-17c5-6204-02c05e7c73d1" testName="ChannelLicenseCountManager_AddLicensedCameraFeed_NullHardwareInfo_ThrowsArgumentNullException" computerName="DKSR-EFI-06" duration="00:00:00.0007848" startTime="2024-01-09T15:44:59.6856273+01:00" endTime="2024-01-09T15:44:59.6856273+01:00" testType="13cdc9d9-ddb5-4fa4-a97d-d965ccfc6d4b" outcome="Passed" testListId="8c84fa94-04c1-424b-9868-57a2d4851a1d" relativeResultsDirectory="790915d2-575d-47f7-b2b1-b3c330b4100c" />
    <UnitTestResult executionId="5d7830ef-86dd-4335-a066-e4fcb14703f8" testId="c272841b-70f7-3f09-05b6-adabea36d511" testName="RecorderLicense_AddExistingId_ReplacesCurrentLicense_Instance" computerName="DKSR-EFI-06" duration="00:00:00.0006169" startTime="2024-01-09T15:45:33.9981742+01:00" endTime="2024-01-09T15:45:33.9981742+01:00" testType="13cdc9d9-ddb5-4fa4-a97d-d965ccfc6d4b" outcome="Passed" testListId="8c84fa94-04c1-424b-9868-57a2d4851a1d" relativeResultsDirectory="5d7830ef-86dd-4335-a066-e4fcb14703f8" />
    <UnitTestResult executionId="eab86376-ff08-49a3-9fe6-cbd8024167a5" testId="829d0f90-2469-d00a-2b4c-246feaf33a9f" testName="GetRecorderLicense_LastEnabledHardwareWithoutDevicesIsWithoutLicense_OnEnabledHardwareBeingFirstInDataSetAndChannelLicensing" computerName="DKSR-EFI-06" duration="00:00:00.1587245" startTime="2024-01-09T15:45:13.8887669+01:00" endTime="2024-01-09T15:45:14.0450214+01:00" testType="13cdc9d9-ddb5-4fa4-a97d-d965ccfc6d4b" outcome="Passed" testListId="8c84fa94-04c1-424b-9868-57a2d4851a1d" relativeResultsDirectory="eab86376-ff08-49a3-9fe6-cbd8024167a5" />
    <UnitTestResult executionId="f01963a3-2e6d-4b41-a27e-d408fd360579" testId="737a5b44-9dc1-6629-8af9-d1f1394cdf6c" testName="LicenseCountManager_ReplacementHardware_IgnoresSecondAdd_OnSameMac" computerName="DKSR-EFI-06" duration="00:00:00.0001864" startTime="2024-01-09T15:45:00.2793827+01:00" endTime="2024-01-09T15:45:00.2793827+01:00" testType="13cdc9d9-ddb5-4fa4-a97d-d965ccfc6d4b" outcome="Passed" testListId="8c84fa94-04c1-424b-9868-57a2d4851a1d" relativeResultsDirectory="f01963a3-2e6d-4b41-a27e-d408fd360579" />
    <UnitTestResult executionId="184805ab-bca3-445e-a548-f3bf8d06c4b7" testId="64965f2c-dba6-85f2-1ef7-cfbde4fa3185" testName="HardwareActivatedOnWhiteList_ReplacedWithInheritance_HardwareOnWhiteList_MixedCWAAllowed_NewHardwareInCWA" computerName="DKSR-EFI-06" duration="00:00:00.1355855" startTime="2024-01-09T15:43:59.5448463+01:00" endTime="2024-01-09T15:43:59.6854717+01:00" testType="13cdc9d9-ddb5-4fa4-a97d-d965ccfc6d4b" outcome="Passed" testListId="8c84fa94-04c1-424b-9868-57a2d4851a1d" relativeResultsDirectory="184805ab-bca3-445e-a548-f3bf8d06c4b7" />
    <UnitTestResult executionId="b6fac801-33e2-40c5-9f59-ecdf6d4459bf" testId="c28da101-8ebd-02f8-b68f-6817770438f4" testName="ReplaceHardwareCommandHandler_Construction_Null_Tests" computerName="DKSR-EFI-06" duration="00:00:00.0005368" startTime="2024-01-09T15:45:42.3731676+01:00" endTime="2024-01-09T15:45:42.3731676+01:00" testType="13cdc9d9-ddb5-4fa4-a97d-d965ccfc6d4b" outcome="Passed" testListId="8c84fa94-04c1-424b-9868-57a2d4851a1d" relativeResultsDirectory="b6fac801-33e2-40c5-9f59-ecdf6d4459bf" />
    <UnitTestResult executionId="0262876e-bb74-4b66-829b-6e986a8c42c8" testId="58d8eb2d-a85d-871c-005e-a694429bb895" testName="UpdateReadOnlySettings_ModelIsNull_BadRequestResult" computerName="DKSR-EFI-06" duration="00:00:00.0010189" startTime="2024-01-09T15:42:48.5134195+01:00" endTime="2024-01-09T15:42:48.5134195+01:00" testType="13cdc9d9-ddb5-4fa4-a97d-d965ccfc6d4b" outcome="Passed" testListId="8c84fa94-04c1-424b-9868-57a2d4851a1d" relativeResultsDirectory="0262876e-bb74-4b66-829b-6e986a8c42c8" />
    <UnitTestResult executionId="d6ec70d3-ef70-4b5a-b240-2bd423a7250c" testId="a5fe29b6-8f11-96f3-28fa-75e016b04322" testName="Bug_360916_FiveLicensesAvailable_OneLicensedAndWhitelistedHardware_AddFiveMoreWhitelistedHardwares_OneByOne_FourInCWA_OneUnlicensed" computerName="DKSR-EFI-06" duration="00:00:00.4223166" startTime="2024-01-09T15:44:27.4043128+01:00" endTime="2024-01-09T15:44:27.8418121+01:00" testType="13cdc9d9-ddb5-4fa4-a97d-d965ccfc6d4b" outcome="Passed" testListId="8c84fa94-04c1-424b-9868-57a2d4851a1d" relativeResultsDirectory="d6ec70d3-ef70-4b5a-b240-2bd423a7250c" />
    <UnitTestResult executionId="c4f10996-f72b-4119-8536-8475b03f8208" testId="b91d1d26-a0b1-2ee2-8015-069f2388c8c9" testName="LicenseCountManager_ValidateRelatedRecordingServerLicenses_NullLicenseSnapshot_ThrowsArgumentNullException" computerName="DKSR-EFI-06" duration="00:00:00.0006407" startTime="2024-01-09T15:45:00.1700061+01:00" endTime="2024-01-09T15:45:00.1700061+01:00" testType="13cdc9d9-ddb5-4fa4-a97d-d965ccfc6d4b" outcome="Passed" testListId="8c84fa94-04c1-424b-9868-57a2d4851a1d" relativeResultsDirectory="c4f10996-f72b-4119-8536-8475b03f8208" />
    <UnitTestResult executionId="a4d3f70e-5342-4938-8a8a-1a065c666027" testId="816f9c6d-fb47-2bf0-555a-d79381eb2859" testName="ConfigurationDataSetLoader_GetHardwareByRecorderId_Success" computerName="DKSR-EFI-06" duration="00:00:00.0013508" startTime="2024-01-09T15:45:34.3887996+01:00" endTime="2024-01-09T15:45:34.3887996+01:00" testType="13cdc9d9-ddb5-4fa4-a97d-d965ccfc6d4b" outcome="Passed" testListId="8c84fa94-04c1-424b-9868-57a2d4851a1d" relativeResultsDirectory="a4d3f70e-5342-4938-8a8a-1a065c666027" />
    <UnitTestResult executionId="61125d1b-3aef-488c-81b4-aa48db1dad17" testId="a1c4ddaf-fc3e-ab39-fb53-e6902831a046" testName="LicenseCountManager_RegisterHardwareRecorderRelation_InvalidMac_Empty_Throws_ArgumentNullException" computerName="DKSR-EFI-06" duration="00:00:00.0007325" startTime="2024-01-09T15:45:00.2012585+01:00" endTime="2024-01-09T15:45:00.2012585+01:00" testType="13cdc9d9-ddb5-4fa4-a97d-d965ccfc6d4b" outcome="Passed" testListId="8c84fa94-04c1-424b-9868-57a2d4851a1d" relativeResultsDirectory="61125d1b-3aef-488c-81b4-aa48db1dad17" />
    <UnitTestResult executionId="a066c840-c947-43ec-9653-c9e91a96c963" testId="112f4274-43f8-b7e3-b813-36e3adf5ec62" testName="WriteRecordingServerInformation_InvalidParameter_MacAddress_Null_ThrowsArgumentNullException" computerName="DKSR-EFI-06" duration="00:00:00.0031798" startTime="2024-01-09T15:45:33.5138599+01:00" endTime="2024-01-09T15:45:33.5138599+01:00" testType="13cdc9d9-ddb5-4fa4-a97d-d965ccfc6d4b" outcome="Passed" testListId="8c84fa94-04c1-424b-9868-57a2d4851a1d" relativeResultsDirectory="a066c840-c947-43ec-9653-c9e91a96c963" />
    <UnitTestResult executionId="6baf628a-0619-489d-8b13-f7f85c594443" testId="721e4d61-c1ad-b706-5981-0b9a5726dace" testName="ChangeHardwarePasswordTaskCommandHandler_Execute_Failed_TooLongPassword_Response" computerName="DKSR-EFI-06" duration="00:00:00.0010196" startTime="2024-01-09T15:45:34.7637936+01:00" endTime="2024-01-09T15:45:34.7637936+01:00" testType="13cdc9d9-ddb5-4fa4-a97d-d965ccfc6d4b" outcome="Passed" testListId="8c84fa94-04c1-424b-9868-57a2d4851a1d" relativeResultsDirectory="6baf628a-0619-489d-8b13-f7f85c594443" />
    <UnitTestResult executionId="f5af0796-4653-499d-b6b4-caa12667a76c" testId="d5ed32e4-7897-5103-27de-7002ba878098" testName="LicenseInfoXmlWriter_CreateLicenseInformationXml_SetsSLC_OnNotEmptySLC" computerName="DKSR-EFI-06" duration="00:00:00.0049064" startTime="2024-01-09T15:45:00.7637614+01:00" endTime="2024-01-09T15:45:00.7637614+01:00" testType="13cdc9d9-ddb5-4fa4-a97d-d965ccfc6d4b" outcome="Passed" testListId="8c84fa94-04c1-424b-9868-57a2d4851a1d" relativeResultsDirectory="f5af0796-4653-499d-b6b4-caa12667a76c" />
    <UnitTestResult executionId="c2ab9546-ff24-414c-9c7c-ac24a67bde39" testId="fa5d9638-3777-7eb7-1fbe-718511caf2c7" testName="HardwareInCWANotOnWhiteList_ReplacedWithInheritance_HardwareNotOnWhiteList_NoMoreCWAAllowed_FewerChannelsOnReplacedHardware_NewDevicesInGrace" computerName="DKSR-EFI-06" duration="00:00:00.2277668" startTime="2024-01-09T15:44:05.4667649+01:00" endTime="2024-01-09T15:44:05.7011400+01:00" testType="13cdc9d9-ddb5-4fa4-a97d-d965ccfc6d4b" outcome="Passed" testListId="8c84fa94-04c1-424b-9868-57a2d4851a1d" relativeResultsDirectory="c2ab9546-ff24-414c-9c7c-ac24a67bde39" />
    <UnitTestResult executionId="0f877395-1981-4388-a6e1-ad2539e786fc" testId="c9b9aa6a-294c-fdda-e92b-d117f1de4118" testName="Validate_FirstGraceExpireShown_WithNonWhiteListedHardwareOnly_PostAllocation_Success" computerName="DKSR-EFI-06" duration="00:00:00.2450179" startTime="2024-01-09T15:45:03.2481209+01:00" endTime="2024-01-09T15:45:03.4981209+01:00" testType="13cdc9d9-ddb5-4fa4-a97d-d965ccfc6d4b" outcome="Passed" testListId="8c84fa94-04c1-424b-9868-57a2d4851a1d" relativeResultsDirectory="0f877395-1981-4388-a6e1-ad2539e786fc" />
    <UnitTestResult executionId="50a6e1e6-4c94-4076-a601-b2c3b51e46b8" testId="d4230149-10c4-6faa-9ee6-ef77ef11a13e" testName="TemporaryDeviceLicense_Ctor_DateTimeMaxValue_ArgumentException" computerName="DKSR-EFI-06" duration="00:00:00.0063412" startTime="2024-01-09T15:43:51.0760643+01:00" endTime="2024-01-09T15:43:51.0760643+01:00" testType="13cdc9d9-ddb5-4fa4-a97d-d965ccfc6d4b" outcome="Passed" testListId="8c84fa94-04c1-424b-9868-57a2d4851a1d" relativeResultsDirectory="50a6e1e6-4c94-4076-a601-b2c3b51e46b8">
      <Output>
        <StdOut>Debug Trace:&#xD;
Fail: Argument invalid - must be UTC</StdOut>
      </Output>
    </UnitTestResult>
    <UnitTestResult executionId="56bb6c5d-983a-4d9d-abf8-04d12ad1ee54" testId="acf03fb6-5116-f94e-d6e8-7ac4126f56f1" testName="AllocateLicenses_OneLicenseUsed_OnOneHardwareWithOneCameraInGraceAndFourLicenses" computerName="DKSR-EFI-06" duration="00:00:00.1441977" startTime="2024-01-09T15:44:58.9199991+01:00" endTime="2024-01-09T15:44:59.0762517+01:00" testType="13cdc9d9-ddb5-4fa4-a97d-d965ccfc6d4b" outcome="Passed" testListId="8c84fa94-04c1-424b-9868-57a2d4851a1d" relativeResultsDirectory="56bb6c5d-983a-4d9d-abf8-04d12ad1ee54">
      <Output>
        <StdOut>Debug Trace:&#xD;
Fail: Attribute value invalid. 'Index'</StdOut>
      </Output>
    </UnitTestResult>
    <UnitTestResult executionId="f4750830-06e3-45aa-b3c2-f3e162b42a58" testId="94f4fb79-741c-399b-6815-4f1e57683cfb" testName="VmoClientsPool_Constructor_ThrowArgumentNullException" computerName="DKSR-EFI-06" duration="00:00:00.0026733" startTime="2024-01-09T15:46:00.4082739+01:00" endTime="2024-01-09T15:46:00.4082739+01:00" testType="13cdc9d9-ddb5-4fa4-a97d-d965ccfc6d4b" outcome="Passed" testListId="8c84fa94-04c1-424b-9868-57a2d4851a1d" relativeResultsDirectory="f4750830-06e3-45aa-b3c2-f3e162b42a58" />
    <UnitTestResult executionId="7bc19d37-6a04-4310-ac6a-28b5933ab579" testId="3bc5a19b-af06-ee9b-e6ca-c14ea37262dc" testName="HardwareInCWAOnWhiteList_ReplacedWithInheritance_HardwareNotOnWhiteList_CWAAllowed_NewHardwareInCWA" computerName="DKSR-EFI-06" duration="00:00:00.1262266" startTime="2024-01-09T15:44:03.6230116+01:00" endTime="2024-01-09T15:44:03.7480127+01:00" testType="13cdc9d9-ddb5-4fa4-a97d-d965ccfc6d4b" outcome="Passed" testListId="8c84fa94-04c1-424b-9868-57a2d4851a1d" relativeResultsDirectory="7bc19d37-6a04-4310-ac6a-28b5933ab579" />
    <UnitTestResult executionId="c8391515-30c4-44cd-b520-cd1c4917845d" testId="33d67a72-9c14-ed11-25ce-add97b012285" testName="DeviceDataDistributionManager_CleanupAll_QueryDeviceDataDistributionThrowsGenericSqlException_Handled" computerName="DKSR-EFI-06" duration="00:00:00.0006012" startTime="2024-01-09T15:42:44.4509061+01:00" endTime="2024-01-09T15:42:44.4509061+01:00" testType="13cdc9d9-ddb5-4fa4-a97d-d965ccfc6d4b" outcome="Passed" testListId="8c84fa94-04c1-424b-9868-57a2d4851a1d" relativeResultsDirectory="c8391515-30c4-44cd-b520-cd1c4917845d" />
    <UnitTestResult executionId="b402dcad-39e9-4268-9e7a-6f198b6e3721" testId="e64fac0c-e0e6-f658-b126-2e844c7eee5c" testName="HardwareInCWAOnWhiteList_ReplacedWithInheritance_HardwareOnWhiteList_CWAAllowed_FewerChannelsOnReplacedHardware_NewHardwareInCWA" computerName="DKSR-EFI-06" duration="00:00:00.4657072" startTime="2024-01-09T15:44:16.3105452+01:00" endTime="2024-01-09T15:44:16.7792980+01:00" testType="13cdc9d9-ddb5-4fa4-a97d-d965ccfc6d4b" outcome="Passed" testListId="8c84fa94-04c1-424b-9868-57a2d4851a1d" relativeResultsDirectory="b402dcad-39e9-4268-9e7a-6f198b6e3721" />
    <UnitTestResult executionId="9bdc3be0-d5b8-4724-935f-c567e2d88c75" testId="2265d1be-c488-0fed-c561-7dfebc65f121" testName="InitializeDiscoveryComponentFailedResponse_ModelIsValid_CommandExecuted" computerName="DKSR-EFI-06" duration="00:00:00.0007561" startTime="2024-01-09T15:42:48.3259197+01:00" endTime="2024-01-09T15:42:48.3259197+01:00" testType="13cdc9d9-ddb5-4fa4-a97d-d965ccfc6d4b" outcome="Passed" testListId="8c84fa94-04c1-424b-9868-57a2d4851a1d" relativeResultsDirectory="9bdc3be0-d5b8-4724-935f-c567e2d88c75" />
    <UnitTestResult executionId="110bb4c9-020c-4d47-a77c-a5b0932b6e49" testId="7a89ef6d-3cdb-f757-2f3b-3898c608af6b" testName="Validate_ChannelBasedLicense_DevicesInGraceExpire_AfterTimerCalled" computerName="DKSR-EFI-06" duration="00:00:00.0249617" startTime="2024-01-09T15:45:16.9825253+01:00" endTime="2024-01-09T15:45:17.0137757+01:00" testType="13cdc9d9-ddb5-4fa4-a97d-d965ccfc6d4b" outcome="Passed" testListId="8c84fa94-04c1-424b-9868-57a2d4851a1d" relativeResultsDirectory="110bb4c9-020c-4d47-a77c-a5b0932b6e49" />
    <UnitTestResult executionId="06c6c248-ce2a-4b47-99b8-a941148e7bb1" testId="71d4b32f-7371-e627-ac04-661a1fea9f42" testName="RecorderTaskSuccess_ModelIsNull_BadRequestResult" computerName="DKSR-EFI-06" duration="00:00:00.0006992" startTime="2024-01-09T15:42:48.0602930+01:00" endTime="2024-01-09T15:42:48.0759176+01:00" testType="13cdc9d9-ddb5-4fa4-a97d-d965ccfc6d4b" outcome="Passed" testListId="8c84fa94-04c1-424b-9868-57a2d4851a1d" relativeResultsDirectory="06c6c248-ce2a-4b47-99b8-a941148e7bb1" />
    <UnitTestResult executionId="cbeeeaf5-d279-4559-b3cd-88ceb2e3fb29" testId="857362d0-e6c5-c436-79d5-9e8da3c2834e" testName="CreateLicenseRequest_NoSystemBuilderLicenseRequest" computerName="DKSR-EFI-06" duration="00:00:00.3039891" startTime="2024-01-09T15:45:11.9825123+01:00" endTime="2024-01-09T15:45:12.2950133+01:00" testType="13cdc9d9-ddb5-4fa4-a97d-d965ccfc6d4b" outcome="Passed" testListId="8c84fa94-04c1-424b-9868-57a2d4851a1d" relativeResultsDirectory="cbeeeaf5-d279-4559-b3cd-88ceb2e3fb29" />
    <UnitTestResult executionId="2f9dd4c0-fcad-4456-89e9-0a196d616f45" testId="f88ce713-59cb-9a91-8f44-f65697fcffd5" testName="CheckSecurityDataSetTest_NotLicensedFail3" computerName="DKSR-EFI-06" duration="00:00:00.0014113" startTime="2024-01-09T15:45:00.4200081+01:00" endTime="2024-01-09T15:45:00.4200081+01:00" testType="13cdc9d9-ddb5-4fa4-a97d-d965ccfc6d4b" outcome="Passed" testListId="8c84fa94-04c1-424b-9868-57a2d4851a1d" relativeResultsDirectory="2f9dd4c0-fcad-4456-89e9-0a196d616f45" />
    <UnitTestResult executionId="ab270c55-2856-4acf-ba49-cca67381cff8" testId="9812cefd-1257-79cb-91a7-5382c3478d46" testName="ReplaceHardwareTaskCommandHandler_Clone_Tests" computerName="DKSR-EFI-06" duration="00:00:00.0056115" startTime="2024-01-09T15:45:43.8264565+01:00" endTime="2024-01-09T15:45:43.8264565+01:00" testType="13cdc9d9-ddb5-4fa4-a97d-d965ccfc6d4b" outcome="Passed" testListId="8c84fa94-04c1-424b-9868-57a2d4851a1d" relativeResultsDirectory="ab270c55-2856-4acf-ba49-cca67381cff8" />
    <UnitTestResult executionId="8089a0a4-8cfe-4848-aeee-03528dbbae3f" testId="b5fc473f-fccc-84cd-e38b-e3f923e0594e" testName="TableAdapterTypeManager_GetAllTableAdapters_Success" computerName="DKSR-EFI-06" duration="00:00:00.0298108" startTime="2024-01-09T15:45:34.4044186+01:00" endTime="2024-01-09T15:45:34.4356718+01:00" testType="13cdc9d9-ddb5-4fa4-a97d-d965ccfc6d4b" outcome="Passed" testListId="8c84fa94-04c1-424b-9868-57a2d4851a1d" relativeResultsDirectory="8089a0a4-8cfe-4848-aeee-03528dbbae3f" />
    <UnitTestResult executionId="8f65943c-2583-4953-ab62-afe9b4356094" testId="2c474dad-fea8-dd23-dae8-7f89d2f205ba" testName="TemporaryLicenseStorage_LoadData_Old_Format_No_Licenses" computerName="DKSR-EFI-06" duration="00:00:00.0023997" startTime="2024-01-09T15:45:34.2169235+01:00" endTime="2024-01-09T15:45:34.2325478+01:00" testType="13cdc9d9-ddb5-4fa4-a97d-d965ccfc6d4b" outcome="Passed" testListId="8c84fa94-04c1-424b-9868-57a2d4851a1d" relativeResultsDirectory="8f65943c-2583-4953-ab62-afe9b4356094" />
    <UnitTestResult executionId="59898113-e0e7-4284-8086-92c22c75f946" testId="14e6fe3c-f84a-6467-7b6a-02c046284221" testName="LicenseCountManager_ValidateRelatedRecordingServerLicenses_IdentifiesRecordersRequiringUpdate_WhenCWAExceeded2_Success" computerName="DKSR-EFI-06" duration="00:00:00.0030007" startTime="2024-01-09T15:45:00.1856317+01:00" endTime="2024-01-09T15:45:00.2012585+01:00" testType="13cdc9d9-ddb5-4fa4-a97d-d965ccfc6d4b" outcome="Passed" testListId="8c84fa94-04c1-424b-9868-57a2d4851a1d" relativeResultsDirectory="59898113-e0e7-4284-8086-92c22c75f946" />
    <UnitTestResult executionId="ef1faf0e-61ba-4149-9bba-224b66268cb6" testId="544a4964-32de-20f8-1685-514d0b05fbbf" testName="DeviceLicense_InsertThenUpdate_ShouldRemainWithInsertFlag" computerName="DKSR-EFI-06" duration="00:00:00.0009075" startTime="2024-01-09T15:45:34.1387930+01:00" endTime="2024-01-09T15:45:34.1387930+01:00" testType="13cdc9d9-ddb5-4fa4-a97d-d965ccfc6d4b" outcome="Passed" testListId="8c84fa94-04c1-424b-9868-57a2d4851a1d" relativeResultsDirectory="ef1faf0e-61ba-4149-9bba-224b66268cb6" />
    <UnitTestResult executionId="2da0896f-c451-4c8b-b9be-ce61997e94e3" testId="15f924f4-2f7b-14ae-f0a3-9864c8f45825" testName="GenerateLicenseRequestAsXml_IncludesOnlyFeedNameInICPCollection_OnICP" computerName="DKSR-EFI-06" duration="00:00:00.3278519" startTime="2024-01-09T15:45:33.1856713+01:00" endTime="2024-01-09T15:45:33.5138599+01:00" testType="13cdc9d9-ddb5-4fa4-a97d-d965ccfc6d4b" outcome="Passed" testListId="8c84fa94-04c1-424b-9868-57a2d4851a1d" relativeResultsDirectory="2da0896f-c451-4c8b-b9be-ce61997e94e3" />
    <UnitTestResult executionId="46147bf8-2271-4447-8d23-620464b4c9e9" testId="9efe8d67-d061-8a16-2a6f-cc0f412a1643" testName="CheckMsFailoverStatusCommandHandler_Execute_Https_InvokeEventTrue_InvalidResponse_ShouldNotTrigger" computerName="DKSR-EFI-06" duration="00:00:00.0216834" startTime="2024-01-09T15:45:35.4512962+01:00" endTime="2024-01-09T15:45:35.4669206+01:00" testType="13cdc9d9-ddb5-4fa4-a97d-d965ccfc6d4b" outcome="Passed" testListId="8c84fa94-04c1-424b-9868-57a2d4851a1d" relativeResultsDirectory="46147bf8-2271-4447-8d23-620464b4c9e9" />
    <UnitTestResult executionId="8d1ba681-bdb4-4bde-93aa-bf0527d5420e" testId="b91ea863-19c7-157b-0aef-142fc8f94370" testName="AnalyzeAndCreateAuditLogs_ModifiedSecurityPermissionsRowFromProfileNameToDefault_ReturnsOneAuditLog" computerName="DKSR-EFI-06" duration="00:00:00.0053919" startTime="2024-01-09T15:45:35.8262943+01:00" endTime="2024-01-09T15:45:35.8262943+01:00" testType="13cdc9d9-ddb5-4fa4-a97d-d965ccfc6d4b" outcome="Passed" testListId="8c84fa94-04c1-424b-9868-57a2d4851a1d" relativeResultsDirectory="8d1ba681-bdb4-4bde-93aa-bf0527d5420e" />
    <UnitTestResult executionId="8526f147-5243-4c7c-bad6-3cdf2e822566" testId="9447d857-64c8-6cf8-db39-f3d427d61a65" testName="AllocateLicenses_SevenHardware_25Licenses_EnablingTwoDisabledCamerasWillHaveTwoUnlicensed" computerName="DKSR-EFI-06" duration="00:00:00.2243530" startTime="2024-01-09T15:44:31.2324368+01:00" endTime="2024-01-09T15:44:31.4511876+01:00" testType="13cdc9d9-ddb5-4fa4-a97d-d965ccfc6d4b" outcome="Passed" testListId="8c84fa94-04c1-424b-9868-57a2d4851a1d" relativeResultsDirectory="8526f147-5243-4c7c-bad6-3cdf2e822566" />
    <UnitTestResult executionId="5abf4fec-2fbe-47ea-b136-521c8cfda059" testId="685aac09-7641-90d9-0dcb-7354f3e27e03" testName="EventCollectorConstructor_Consumer_Null" computerName="DKSR-EFI-06" duration="00:00:00.0017038" startTime="2024-01-09T15:42:44.4977809+01:00" endTime="2024-01-09T15:42:44.4977809+01:00" testType="13cdc9d9-ddb5-4fa4-a97d-d965ccfc6d4b" outcome="Passed" testListId="8c84fa94-04c1-424b-9868-57a2d4851a1d" relativeResultsDirectory="5abf4fec-2fbe-47ea-b136-521c8cfda059" />
    <UnitTestResult executionId="0b06aa8c-55d7-457d-b444-bc8b4e099560" testId="84086de1-0de3-51f6-6e64-d0bd856fd624" testName="HardwareScanExpressTaskCommandHandler_Execute_TaskProgress" computerName="DKSR-EFI-06" duration="00:00:00.0079173" startTime="2024-01-09T15:45:38.3731711+01:00" endTime="2024-01-09T15:45:38.3731711+01:00" testType="13cdc9d9-ddb5-4fa4-a97d-d965ccfc6d4b" outcome="Passed" testListId="8c84fa94-04c1-424b-9868-57a2d4851a1d" relativeResultsDirectory="0b06aa8c-55d7-457d-b444-bc8b4e099560" />
    <UnitTestResult executionId="4b6348e9-cb56-46e7-a128-079d02feb7cf" testId="6b424835-2972-43a3-be68-6096e160c56e" testName="GetRecorderLicense_LastEnabledHardwareIsWithoutLicense_OnEnabledHardwareBeingFirstInDataSetAndHardwareLicensing" computerName="DKSR-EFI-06" duration="00:00:00.1406870" startTime="2024-01-09T15:45:13.7168899+01:00" endTime="2024-01-09T15:45:13.8575160+01:00" testType="13cdc9d9-ddb5-4fa4-a97d-d965ccfc6d4b" outcome="Passed" testListId="8c84fa94-04c1-424b-9868-57a2d4851a1d" relativeResultsDirectory="4b6348e9-cb56-46e7-a128-079d02feb7cf" />
    <UnitTestResult executionId="f569f413-426c-4cd0-a0eb-c6dec4b1f11c" testId="b6d62496-fe4d-e1e0-5823-653f91d759b0" testName="GetCompleteConfiguration_ModelIsValid_Success" computerName="DKSR-EFI-06" duration="00:00:01.6774251" startTime="2024-01-09T15:42:45.5915330+01:00" endTime="2024-01-09T15:42:47.2790376+01:00" testType="13cdc9d9-ddb5-4fa4-a97d-d965ccfc6d4b" outcome="Passed" testListId="8c84fa94-04c1-424b-9868-57a2d4851a1d" relativeResultsDirectory="f569f413-426c-4cd0-a0eb-c6dec4b1f11c" />
    <UnitTestResult executionId="8a194374-9601-4835-9103-97f3b39d0fdb" testId="fd13c37a-6d0d-e621-2701-74af31366894" testName="HardwareScanTaskCommandHandler_Execute_UnknownError_FailResponse" computerName="DKSR-EFI-06" duration="00:00:00.0012389" startTime="2024-01-09T15:45:38.4825426+01:00" endTime="2024-01-09T15:45:38.4825426+01:00" testType="13cdc9d9-ddb5-4fa4-a97d-d965ccfc6d4b" outcome="Passed" testListId="8c84fa94-04c1-424b-9868-57a2d4851a1d" relativeResultsDirectory="8a194374-9601-4835-9103-97f3b39d0fdb" />
    <UnitTestResult executionId="e3d46496-6fda-4a60-9177-b81e032fb83e" testId="e07708b9-58e9-17c8-33df-f79f35053ced" testName="ReleaseClient_ClientIsNull_ArgumentNullException" computerName="DKSR-EFI-06" duration="00:00:00.0006576" startTime="2024-01-09T15:46:00.5958437+01:00" endTime="2024-01-09T15:46:00.5958437+01:00" testType="13cdc9d9-ddb5-4fa4-a97d-d965ccfc6d4b" outcome="Passed" testListId="8c84fa94-04c1-424b-9868-57a2d4851a1d" relativeResultsDirectory="e3d46496-6fda-4a60-9177-b81e032fb83e" />
    <UnitTestResult executionId="59c0d894-d3a5-4b69-be04-d30fcc2c670b" testId="71de4ac0-9031-ba04-0c57-40401b810912" testName="WriteRecordingServerInformation_InvalidParameter_MacAddress_EmptyString_ThrowsArgumentNullException" computerName="DKSR-EFI-06" duration="00:00:00.0032152" startTime="2024-01-09T15:45:33.5294193+01:00" endTime="2024-01-09T15:45:33.5294193+01:00" testType="13cdc9d9-ddb5-4fa4-a97d-d965ccfc6d4b" outcome="Passed" testListId="8c84fa94-04c1-424b-9868-57a2d4851a1d" relativeResultsDirectory="59c0d894-d3a5-4b69-be04-d30fcc2c670b" />
    <UnitTestResult executionId="a92f8d53-5e2a-4894-b9b8-456cdbd499d0" testId="6455e186-afd0-ed2c-2940-e86bf92fc908" testName="CheckForAutomaticActivationTrigger_ReturnsTrue_OnAddedDevice" computerName="DKSR-EFI-06" duration="00:00:00.0026078" startTime="2024-01-09T15:45:34.5137950+01:00" endTime="2024-01-09T15:45:34.5137950+01:00" testType="13cdc9d9-ddb5-4fa4-a97d-d965ccfc6d4b" outcome="Passed" testListId="8c84fa94-04c1-424b-9868-57a2d4851a1d" relativeResultsDirectory="a92f8d53-5e2a-4894-b9b8-456cdbd499d0" />
    <UnitTestResult executionId="94b19bde-6be4-4666-9bf3-8ca66ad1ffcb" testId="ab5fe0dd-c563-bf1f-305f-1efafcc9e3c4" testName="DeleteHardwareUserCommandHandler_Execute_ReturnsRecorderUnavailableResponseOnRecorderNotConnected" computerName="DKSR-EFI-06" duration="00:00:00.0009198" startTime="2024-01-09T15:45:36.8887981+01:00" endTime="2024-01-09T15:45:36.8887981+01:00" testType="13cdc9d9-ddb5-4fa4-a97d-d965ccfc6d4b" outcome="Passed" testListId="8c84fa94-04c1-424b-9868-57a2d4851a1d" relativeResultsDirectory="94b19bde-6be4-4666-9bf3-8ca66ad1ffcb" />
    <UnitTestResult executionId="d1719d8f-d8ff-4f1c-878f-217fe514d742" testId="9ba93e8f-3a3e-a383-b7e6-302d9e524cad" testName="HardwareLicense_RemoveExistingLicense_Success" computerName="DKSR-EFI-06" duration="00:00:00.0006151" startTime="2024-01-09T15:45:34.0762953+01:00" endTime="2024-01-09T15:45:34.0762953+01:00" testType="13cdc9d9-ddb5-4fa4-a97d-d965ccfc6d4b" outcome="Passed" testListId="8c84fa94-04c1-424b-9868-57a2d4851a1d" relativeResultsDirectory="d1719d8f-d8ff-4f1c-878f-217fe514d742" />
    <UnitTestResult executionId="e8746a48-d8a8-4cba-b632-2acf3ed27e92" testId="d4d63e82-a153-4dba-ebca-76d1740f3fd7" testName="DeviceLicense_SetExpire_InvalidDate_NotUtc_Throws_ArgumentException" computerName="DKSR-EFI-06" duration="00:00:00.0010124" startTime="2024-01-09T15:45:34.1387930+01:00" endTime="2024-01-09T15:45:34.1387930+01:00" testType="13cdc9d9-ddb5-4fa4-a97d-d965ccfc6d4b" outcome="Passed" testListId="8c84fa94-04c1-424b-9868-57a2d4851a1d" relativeResultsDirectory="e8746a48-d8a8-4cba-b632-2acf3ed27e92" />
    <UnitTestResult executionId="7a24d4f0-f905-4e01-9b01-c87522d22ffe" testId="25e16dde-f704-9c82-194f-9771acd83015" testName="UpdateEvidenceLockSizesCommandHandlerTests_UpdateOneEvidenceLockSizeSpansAcrossRecorder_RecordersReturnedWithPositiveAndNegativeSizes_SuccessResponse" computerName="DKSR-EFI-06" duration="00:00:02.1218936" startTime="2024-01-09T15:45:52.4692897+01:00" endTime="2024-01-09T15:45:54.5946807+01:00" testType="13cdc9d9-ddb5-4fa4-a97d-d965ccfc6d4b" outcome="Passed" testListId="8c84fa94-04c1-424b-9868-57a2d4851a1d" relativeResultsDirectory="7a24d4f0-f905-4e01-9b01-c87522d22ffe" />
    <UnitTestResult executionId="7733859f-ba6e-4788-b544-1e457ec5d87c" testId="90cccb7e-1891-84dd-ede0-a725032bf3e9" testName="FirmwareUpgradeTaskCommandHandler_Execute_Arguments_Null_Throws" computerName="DKSR-EFI-06" duration="00:00:00.0046215" startTime="2024-01-09T15:45:37.9356675+01:00" endTime="2024-01-09T15:45:37.9512953+01:00" testType="13cdc9d9-ddb5-4fa4-a97d-d965ccfc6d4b" outcome="Passed" testListId="8c84fa94-04c1-424b-9868-57a2d4851a1d" relativeResultsDirectory="7733859f-ba6e-4788-b544-1e457ec5d87c">
      <Output>
        <StdOut>Debug Trace:&#xD;
Fail: Command/Command handler type mismatch&#xD;
Fail: The command handler expect an object that implements ICallContextInfo in the state parameter&#xD;
Fail: The command handler expect an object that implements IResponseSink in the responseSink parameter</StdOut>
      </Output>
    </UnitTestResult>
    <UnitTestResult executionId="e0baca9f-c6dc-4b91-851e-7c8d256c938a" testId="fa05cc12-6ed6-5bdb-28c7-97fb71bf0ee7" testName="HardwareInGraceOnWhiteList_ReplacedWith_HardwareNotOnWhiteList_ShouldGiveDevicesNewGracePeriod" computerName="DKSR-EFI-06" duration="00:00:00.3782257" startTime="2024-01-09T15:44:53.9668601+01:00" endTime="2024-01-09T15:44:54.3574853+01:00" testType="13cdc9d9-ddb5-4fa4-a97d-d965ccfc6d4b" outcome="Passed" testListId="8c84fa94-04c1-424b-9868-57a2d4851a1d" relativeResultsDirectory="e0baca9f-c6dc-4b91-851e-7c8d256c938a" />
    <UnitTestResult executionId="6bd20a61-54ba-4102-89f3-9740c55d271a" testId="e3e51c5e-50dd-c6dc-bee4-23a4c897a7b9" testName="DeviceLicense_AddExistingId_ReplacesCurrentLicense_Instance" computerName="DKSR-EFI-06" duration="00:00:00.0009767" startTime="2024-01-09T15:45:34.1075450+01:00" endTime="2024-01-09T15:45:34.1075450+01:00" testType="13cdc9d9-ddb5-4fa4-a97d-d965ccfc6d4b" outcome="Passed" testListId="8c84fa94-04c1-424b-9868-57a2d4851a1d" relativeResultsDirectory="6bd20a61-54ba-4102-89f3-9740c55d271a" />
    <UnitTestResult executionId="a6e534c3-7fa3-4068-b242-08bb948e2fef" testId="0def198f-cf9d-8c62-2581-9a6090f5fbc9" testName="FirmwareUpgradeTaskCommandHandler_Execute_Failed_WarningNotChanged" computerName="DKSR-EFI-06" duration="00:00:00.0026065" startTime="2024-01-09T15:45:38.0294243+01:00" endTime="2024-01-09T15:45:38.0294243+01:00" testType="13cdc9d9-ddb5-4fa4-a97d-d965ccfc6d4b" outcome="Passed" testListId="8c84fa94-04c1-424b-9868-57a2d4851a1d" relativeResultsDirectory="a6e534c3-7fa3-4068-b242-08bb948e2fef" />
    <UnitTestResult executionId="ef8a5a8c-36fc-46b6-9a8d-c7697f649a7f" testId="09fc26e3-52b7-4cc0-f8b6-a3db325c8bbb" testName="GetRecorderLicense_WithIcpHardware_Success" computerName="DKSR-EFI-06" duration="00:00:00.0319327" startTime="2024-01-09T15:45:09.8106317+01:00" endTime="2024-01-09T15:45:09.8575079+01:00" testType="13cdc9d9-ddb5-4fa4-a97d-d965ccfc6d4b" outcome="Passed" testListId="8c84fa94-04c1-424b-9868-57a2d4851a1d" relativeResultsDirectory="ef8a5a8c-36fc-46b6-9a8d-c7697f649a7f" />
    <UnitTestResult executionId="9c06ae7f-e776-47cd-821f-eb1bc2ee954e" testId="d42b2979-2947-eec2-a25c-a15c35e71fbb" testName="GetTotalReplacementLimit_ReturnsPercentageTimeNoCamerasRoundedDown_OnPercentageInTheMiddle" computerName="DKSR-EFI-06" duration="00:00:00.0002281" startTime="2024-01-09T15:45:34.2169235+01:00" endTime="2024-01-09T15:45:34.2169235+01:00" testType="13cdc9d9-ddb5-4fa4-a97d-d965ccfc6d4b" outcome="Passed" testListId="8c84fa94-04c1-424b-9868-57a2d4851a1d" relativeResultsDirectory="9c06ae7f-e776-47cd-821f-eb1bc2ee954e" />
    <UnitTestResult executionId="83fb4b36-fc2b-40e7-9007-ba9ba4091dfb" testId="5754e61c-98e2-c3d4-4fd8-ba1700f5667d" testName="SnapshotOfCurrentHardwareToLicense_Success_ValidLicenseWithEmptyWhiteList" computerName="DKSR-EFI-06" duration="00:00:00.7070267" startTime="2024-01-09T15:45:25.8887908+01:00" endTime="2024-01-09T15:45:26.5919147+01:00" testType="13cdc9d9-ddb5-4fa4-a97d-d965ccfc6d4b" outcome="Passed" testListId="8c84fa94-04c1-424b-9868-57a2d4851a1d" relativeResultsDirectory="83fb4b36-fc2b-40e7-9007-ba9ba4091dfb" />
    <UnitTestResult executionId="781e938a-dc1d-46b1-83b1-a919f8f585ca" testId="10de2d20-9e13-becf-3e27-76a1ef40ac99" testName="CheckConfigurationDataSetTest_StreamsNotLicensedPass1" computerName="DKSR-EFI-06" duration="00:00:00.0052948" startTime="2024-01-09T15:45:00.4356321+01:00" endTime="2024-01-09T15:45:00.4512574+01:00" testType="13cdc9d9-ddb5-4fa4-a97d-d965ccfc6d4b" outcome="Passed" testListId="8c84fa94-04c1-424b-9868-57a2d4851a1d" relativeResultsDirectory="781e938a-dc1d-46b1-83b1-a919f8f585ca" />
    <UnitTestResult executionId="3d1a3b53-e3ad-41d7-af54-21c82815b84b" testId="d3bfedf2-72e8-cff3-0316-cd925068f363" testName="Find_NonICPHardware_ThatIsInGrace_ExpectedToFindOneHardware" computerName="DKSR-EFI-06" duration="00:00:00.0010546" startTime="2024-01-09T15:45:34.2012953+01:00" endTime="2024-01-09T15:45:34.2012953+01:00" testType="13cdc9d9-ddb5-4fa4-a97d-d965ccfc6d4b" outcome="Passed" testListId="8c84fa94-04c1-424b-9868-57a2d4851a1d" relativeResultsDirectory="3d1a3b53-e3ad-41d7-af54-21c82815b84b" />
    <UnitTestResult executionId="12bf3ae5-687c-4b1b-a577-fe8561d88aaa" testId="0fbfd3f1-8403-3002-5229-49e64639ac7c" testName="AttachedRecorder_GetRecorderEntry_NoEntry" computerName="DKSR-EFI-06" duration="00:00:00.0014137" startTime="2024-01-09T15:42:45.3571577+01:00" endTime="2024-01-09T15:42:45.3571577+01:00" testType="13cdc9d9-ddb5-4fa4-a97d-d965ccfc6d4b" outcome="Passed" testListId="8c84fa94-04c1-424b-9868-57a2d4851a1d" relativeResultsDirectory="12bf3ae5-687c-4b1b-a577-fe8561d88aaa" />
    <UnitTestResult executionId="b9a4b24b-cd1b-474d-b0c3-6af47590ef22" testId="488cc526-7ee7-e906-0b8a-9517bd5208dd" testName="HardwareInCWAOnWhiteList_ReplacedWithNoInheritance_HardwareNotOnWhiteList_NoMoreCWAAllowed_MoreChannelsOnReplacedHardware_NewDevicesInGrace" computerName="DKSR-EFI-06" duration="00:00:00.2065059" startTime="2024-01-09T15:44:05.7011400+01:00" endTime="2024-01-09T15:44:05.9042669+01:00" testType="13cdc9d9-ddb5-4fa4-a97d-d965ccfc6d4b" outcome="Passed" testListId="8c84fa94-04c1-424b-9868-57a2d4851a1d" relativeResultsDirectory="b9a4b24b-cd1b-474d-b0c3-6af47590ef22" />
    <UnitTestResult executionId="9845643c-1eac-4d6f-b729-a6ed13af116d" testId="aaa036b3-a7bb-26a3-056e-9fe53c0f9a73" testName="OnException_ExceptionOtherThanNotSupportedByLegacyRecorderException_ReponseIsUnchaged" computerName="DKSR-EFI-06" duration="00:00:00.0007670" startTime="2024-01-09T15:42:48.2165437+01:00" endTime="2024-01-09T15:42:48.2165437+01:00" testType="13cdc9d9-ddb5-4fa4-a97d-d965ccfc6d4b" outcome="Passed" testListId="8c84fa94-04c1-424b-9868-57a2d4851a1d" relativeResultsDirectory="9845643c-1eac-4d6f-b729-a6ed13af116d" />
    <UnitTestResult executionId="a947fe9c-ac99-47bc-92b2-4ffcdfa0513a" testId="b00145eb-37a7-57ac-e8b9-6347d3111bce" testName="DeviceDataDistributionManager_CleanupAll_RecorderNotMainRecorder_NothingDeleted" computerName="DKSR-EFI-06" duration="00:00:00.0021970" startTime="2024-01-09T15:42:44.4352790+01:00" endTime="2024-01-09T15:42:44.4352790+01:00" testType="13cdc9d9-ddb5-4fa4-a97d-d965ccfc6d4b" outcome="Passed" testListId="8c84fa94-04c1-424b-9868-57a2d4851a1d" relativeResultsDirectory="a947fe9c-ac99-47bc-92b2-4ffcdfa0513a" />
    <UnitTestResult executionId="f9b13ac8-b6c2-4f28-9529-070a4d2d2f35" testId="4b21a2a3-9433-2fec-0393-54f4c14ecdca" testName="HardwareInCWAOnWhiteList_ReplacedWithInheritance_HardwareNotOnWhiteList_MixedCWAAllowed_SomeDevicesInCWA" computerName="DKSR-EFI-06" duration="00:00:00.2006719" startTime="2024-01-09T15:44:04.1855127+01:00" endTime="2024-01-09T15:44:04.3730121+01:00" testType="13cdc9d9-ddb5-4fa4-a97d-d965ccfc6d4b" outcome="Passed" testListId="8c84fa94-04c1-424b-9868-57a2d4851a1d" relativeResultsDirectory="f9b13ac8-b6c2-4f28-9529-070a4d2d2f35" />
    <UnitTestResult executionId="5f72e853-b476-46c3-8f55-ab8e07894c39" testId="9130ecfa-1d1c-db07-182d-fdb4df69e270" testName="DeviceLicense_RetrieveExpireDate_DeviceNotFound_ReturnsMinDate" computerName="DKSR-EFI-06" duration="00:00:00.0005281" startTime="2024-01-09T15:45:34.1231752+01:00" endTime="2024-01-09T15:45:34.1231752+01:00" testType="13cdc9d9-ddb5-4fa4-a97d-d965ccfc6d4b" outcome="Passed" testListId="8c84fa94-04c1-424b-9868-57a2d4851a1d" relativeResultsDirectory="5f72e853-b476-46c3-8f55-ab8e07894c39" />
    <UnitTestResult executionId="f1c46c72-f71d-44ad-8bf0-0f1851e72451" testId="76990fcb-ffcb-fd18-57fa-b5a109502485" testName="HardwareActivatedOnWhiteList_ReplacedWithNoInheritance_HardwareOnWhiteList_CWAAllowed_NewHardwareInCWA" computerName="DKSR-EFI-06" duration="00:00:00.2151592" startTime="2024-01-09T15:43:53.6698244+01:00" endTime="2024-01-09T15:43:53.8885768+01:00" testType="13cdc9d9-ddb5-4fa4-a97d-d965ccfc6d4b" outcome="Passed" testListId="8c84fa94-04c1-424b-9868-57a2d4851a1d" relativeResultsDirectory="f1c46c72-f71d-44ad-8bf0-0f1851e72451" />
    <UnitTestResult executionId="2c56c635-0da4-43c2-8c36-06825fb2b437" testId="0da18c28-aaa0-210f-7a92-a77f7b0f5efa" testName="ConvertIdpLog_NullIdpLog" computerName="DKSR-EFI-06" duration="00:00:00.0033829" startTime="2024-01-09T15:43:42.4666641+01:00" endTime="2024-01-09T15:43:42.4666641+01:00" testType="13cdc9d9-ddb5-4fa4-a97d-d965ccfc6d4b" outcome="Passed" testListId="8c84fa94-04c1-424b-9868-57a2d4851a1d" relativeResultsDirectory="2c56c635-0da4-43c2-8c36-06825fb2b437" />
    <UnitTestResult executionId="1ca8890d-698d-4587-8daa-a4bc356d2e7e" testId="d8429968-d99d-6cb6-df2c-d60230c77ebe" testName="ServerAccessTokenHandler_PopulateAuthorizationHeaderAsync_ArgumentNullException" computerName="DKSR-EFI-06" duration="00:00:00.0126117" startTime="2024-01-09T15:43:42.2166637+01:00" endTime="2024-01-09T15:43:42.2322891+01:00" testType="13cdc9d9-ddb5-4fa4-a97d-d965ccfc6d4b" outcome="Passed" testListId="8c84fa94-04c1-424b-9868-57a2d4851a1d" relativeResultsDirectory="1ca8890d-698d-4587-8daa-a4bc356d2e7e" />
    <UnitTestResult executionId="1b130ba3-ca2b-49af-aa70-dd7d6a2f1cfe" testId="3a458ffc-9469-8946-c7b7-88dcaae5602f" testName="Log_AllLogEntriesAreLogged_Success" computerName="DKSR-EFI-06" duration="00:00:00.0147164" startTime="2024-01-09T15:42:47.9509158+01:00" endTime="2024-01-09T15:42:47.9665427+01:00" testType="13cdc9d9-ddb5-4fa4-a97d-d965ccfc6d4b" outcome="Passed" testListId="8c84fa94-04c1-424b-9868-57a2d4851a1d" relativeResultsDirectory="1b130ba3-ca2b-49af-aa70-dd7d6a2f1cfe" />
    <UnitTestResult executionId="0f7b01cb-2cf0-4451-ac9b-ea629ecb3972" testId="24ab3bd5-1acb-fa38-e5c7-6c5a5fa87aa2" testName="LicenseFactory_Create_LicenseSnapshot_Success" computerName="DKSR-EFI-06" duration="00:00:00.0006384" startTime="2024-01-09T15:45:33.9356714+01:00" endTime="2024-01-09T15:45:33.9356714+01:00" testType="13cdc9d9-ddb5-4fa4-a97d-d965ccfc6d4b" outcome="Passed" testListId="8c84fa94-04c1-424b-9868-57a2d4851a1d" relativeResultsDirectory="0f7b01cb-2cf0-4451-ac9b-ea629ecb3972" />
    <UnitTestResult executionId="a00371f2-f805-4590-abeb-1c7b954572b2" testId="9aa298be-2c39-d2e9-ead8-2178c932f3f2" testName="HardwareInCWANotOnWhiteList_ReplacedWithInheritance_HardwareNotOnWhiteList_MixedCWAAllowed_FewerChannelsOnReplacedHardware_SomeDevicesInCWA" computerName="DKSR-EFI-06" duration="00:00:00.4482846" startTime="2024-01-09T15:44:18.3886759+01:00" endTime="2024-01-09T15:44:18.8418020+01:00" testType="13cdc9d9-ddb5-4fa4-a97d-d965ccfc6d4b" outcome="Passed" testListId="8c84fa94-04c1-424b-9868-57a2d4851a1d" relativeResultsDirectory="a00371f2-f805-4590-abeb-1c7b954572b2" />
    <UnitTestResult executionId="59219db0-1548-4eb3-83b8-6b65d87516c7" testId="1c474e5c-e144-f6a4-c5f5-6173a6aa1119" testName="GetRecorderLicense_NonCameraDevicesAreMissingFromRecorderLicense_OnHardwareMissingLicenseWithoutCamerasAndChannelLicensing" computerName="DKSR-EFI-06" duration="00:00:00.1846738" startTime="2024-01-09T15:45:15.5293973+01:00" endTime="2024-01-09T15:45:15.7168969+01:00" testType="13cdc9d9-ddb5-4fa4-a97d-d965ccfc6d4b" outcome="Passed" testListId="8c84fa94-04c1-424b-9868-57a2d4851a1d" relativeResultsDirectory="59219db0-1548-4eb3-83b8-6b65d87516c7" />
    <UnitTestResult executionId="319026c3-1949-4f96-8f0c-c91afa62a7db" testId="1b12fd37-50b5-cbfc-ea07-426652c486ec" testName="ChangeHardwarePasswordRuleAction_Execute_TaskCreationQueryThrowsVmoException_ErrorLogsCreated" computerName="DKSR-EFI-06" duration="00:00:00.2248501" startTime="2024-01-09T15:43:31.4978773+01:00" endTime="2024-01-09T15:43:31.7322528+01:00" testType="13cdc9d9-ddb5-4fa4-a97d-d965ccfc6d4b" outcome="Passed" testListId="8c84fa94-04c1-424b-9868-57a2d4851a1d" relativeResultsDirectory="319026c3-1949-4f96-8f0c-c91afa62a7db" />
    <UnitTestResult executionId="995dd2b7-e80d-444c-9b03-333ad226f81c" testId="53b3deed-da13-8b30-8afd-1c9bedbac328" testName="UpdateHardwareTaskCommandHandler_Execute_HeartBeat_LogonError_Tests" computerName="DKSR-EFI-06" duration="00:00:00.0155917" startTime="2024-01-09T15:45:59.4547791+01:00" endTime="2024-01-09T15:45:59.4704100+01:00" testType="13cdc9d9-ddb5-4fa4-a97d-d965ccfc6d4b" outcome="Passed" testListId="8c84fa94-04c1-424b-9868-57a2d4851a1d" relativeResultsDirectory="995dd2b7-e80d-444c-9b03-333ad226f81c" />
    <UnitTestResult executionId="736cfacb-77cc-4a89-bfc9-9fd29ebb5b23" testId="a7312598-847d-3aff-2f55-c0f0b9dfa2c9" testName="EvidenceLockOnOldRecorderCommandHandlerTests_OneOldREcorderToUse_NoStatus_ThenCompatible" computerName="DKSR-EFI-06" duration="00:00:00.0187916" startTime="2024-01-09T15:45:37.0450478+01:00" endTime="2024-01-09T15:45:37.0606701+01:00" testType="13cdc9d9-ddb5-4fa4-a97d-d965ccfc6d4b" outcome="Passed" testListId="8c84fa94-04c1-424b-9868-57a2d4851a1d" relativeResultsDirectory="736cfacb-77cc-4a89-bfc9-9fd29ebb5b23" />
    <UnitTestResult executionId="83b56115-6a9e-47c5-b0fa-528c984a5f14" testId="c8cb44f0-52f8-7568-2ad7-8436cbab499b" testName="MoveHardwareTaskCommandHandler_Execute_QueryHardwareByIdGuid_SqlException_FailResponse_DatabaseCommunicationError" computerName="DKSR-EFI-06" duration="00:00:00.0015085" startTime="2024-01-09T15:45:41.5450457+01:00" endTime="2024-01-09T15:45:41.5450457+01:00" testType="13cdc9d9-ddb5-4fa4-a97d-d965ccfc6d4b" outcome="Passed" testListId="8c84fa94-04c1-424b-9868-57a2d4851a1d" relativeResultsDirectory="83b56115-6a9e-47c5-b0fa-528c984a5f14" />
    <UnitTestResult executionId="3cc7d1f8-4df4-4148-941e-2fcf1baa8768" testId="4c537747-11b0-c6e1-78d0-3b3f28050562" testName="ChannelLicenseCountManager_CameraFeed_GetFirstCameraFeedDeviceIndex_Success" computerName="DKSR-EFI-06" duration="00:00:00.0008219" startTime="2024-01-09T15:44:59.7012528+01:00" endTime="2024-01-09T15:44:59.7012528+01:00" testType="13cdc9d9-ddb5-4fa4-a97d-d965ccfc6d4b" outcome="Passed" testListId="8c84fa94-04c1-424b-9868-57a2d4851a1d" relativeResultsDirectory="3cc7d1f8-4df4-4148-941e-2fcf1baa8768" />
    <UnitTestResult executionId="bf28447d-f2b8-48db-825a-d7d9daaec51e" testId="20f085ed-3660-c5b0-6cb6-d23074a475fe" testName="LicenseCountManager_CameraFeed_GetCameraFeedsUsed_Success" computerName="DKSR-EFI-06" duration="00:00:00.0082107" startTime="2024-01-09T15:45:00.2637569+01:00" endTime="2024-01-09T15:45:00.2637569+01:00" testType="13cdc9d9-ddb5-4fa4-a97d-d965ccfc6d4b" outcome="Passed" testListId="8c84fa94-04c1-424b-9868-57a2d4851a1d" relativeResultsDirectory="bf28447d-f2b8-48db-825a-d7d9daaec51e" />
    <UnitTestResult executionId="bea78ff3-9729-4451-953d-4d8e12552218" testId="9e5f61e1-a7a2-986f-1a43-a3aac7b85c5c" testName="HardwareInCWANotOnWhiteList_ReplacedWithInheritance_HardwareOnWhiteList_MixedCWAAllowed_MoreChannelsOnReplacedHardware_NewHardwareInCWA" computerName="DKSR-EFI-06" duration="00:00:00.4790841" startTime="2024-01-09T15:44:20.2011766+01:00" endTime="2024-01-09T15:44:20.6699269+01:00" testType="13cdc9d9-ddb5-4fa4-a97d-d965ccfc6d4b" outcome="Passed" testListId="8c84fa94-04c1-424b-9868-57a2d4851a1d" relativeResultsDirectory="bea78ff3-9729-4451-953d-4d8e12552218" />
    <UnitTestResult executionId="433520c5-6a78-45ea-8b11-96b83c38e3f4" testId="65d20a92-4d98-d428-9f1a-926b24f88e67" testName="HardwareActivatedNotOnWhiteList_NoCameraChannels_ReplacedWith_HardwareNotOnWhiteList_WithCameraChannelsInCWA" computerName="DKSR-EFI-06" duration="00:00:00.4276064" startTime="2024-01-09T15:44:26.9824364+01:00" endTime="2024-01-09T15:44:27.4043128+01:00" testType="13cdc9d9-ddb5-4fa4-a97d-d965ccfc6d4b" outcome="Passed" testListId="8c84fa94-04c1-424b-9868-57a2d4851a1d" relativeResultsDirectory="433520c5-6a78-45ea-8b11-96b83c38e3f4" />
    <UnitTestResult executionId="d5c45b15-3134-449b-8c0a-c835fbc3f25b" testId="b64645d4-8b95-5488-34aa-41460668b3ee" testName="GetHardwareUsersCommandHandler_Constructor_ParameterNull_Throws" computerName="DKSR-EFI-06" duration="00:00:00.0025420" startTime="2024-01-09T15:45:38.0919212+01:00" endTime="2024-01-09T15:45:38.1075478+01:00" testType="13cdc9d9-ddb5-4fa4-a97d-d965ccfc6d4b" outcome="Passed" testListId="8c84fa94-04c1-424b-9868-57a2d4851a1d" relativeResultsDirectory="d5c45b15-3134-449b-8c0a-c835fbc3f25b" />
    <UnitTestResult executionId="a81623f3-e6e5-4675-a4d8-fff53d0ffcb5" testId="2f585eda-a8b0-9e5a-ae46-f446f35708ae" testName="Simulate_CWA_TreatedAsLicensedAfterOneYear_Whitelisted" computerName="DKSR-EFI-06" duration="00:00:00.2946961" startTime="2024-01-09T15:44:43.2168278+01:00" endTime="2024-01-09T15:44:43.5137070+01:00" testType="13cdc9d9-ddb5-4fa4-a97d-d965ccfc6d4b" outcome="Passed" testListId="8c84fa94-04c1-424b-9868-57a2d4851a1d" relativeResultsDirectory="a81623f3-e6e5-4675-a4d8-fff53d0ffcb5" />
    <UnitTestResult executionId="a945041a-0fd1-4216-b344-be63e7e72a65" testId="0af6b612-3ebd-5e45-a89c-94611fd252c6" testName="IsHardwareInChangesWithoutActivation_ReturnsTrue_OnPreviousYearDevices" computerName="DKSR-EFI-06" duration="00:00:00.0061170" startTime="2024-01-09T15:45:09.9356332+01:00" endTime="2024-01-09T15:45:09.9356332+01:00" testType="13cdc9d9-ddb5-4fa4-a97d-d965ccfc6d4b" outcome="Passed" testListId="8c84fa94-04c1-424b-9868-57a2d4851a1d" relativeResultsDirectory="a945041a-0fd1-4216-b344-be63e7e72a65" />
    <UnitTestResult executionId="b3768ec8-e89a-4c2e-9fa6-0b9dc2cbf398" testId="23eea2e8-4a64-669d-22d7-48b7f57675df" testName="ChangeHardwarePasswordTaskCommandHandler_Execute_Failed_NetworkError_Response" computerName="DKSR-EFI-06" duration="00:00:00.0024449" startTime="2024-01-09T15:45:34.7481695+01:00" endTime="2024-01-09T15:45:34.7481695+01:00" testType="13cdc9d9-ddb5-4fa4-a97d-d965ccfc6d4b" outcome="Passed" testListId="8c84fa94-04c1-424b-9868-57a2d4851a1d" relativeResultsDirectory="b3768ec8-e89a-4c2e-9fa6-0b9dc2cbf398" />
    <UnitTestResult executionId="a20308f8-1d80-41b9-bfb0-1cd2dcbbf086" testId="4480f291-9ab6-2a14-260f-23472228c206" testName="CheckExternalRecorderRegistrationCommandHandler_Constructor_ThrowsIfParameterNull" computerName="DKSR-EFI-06" duration="00:00:00.0061913" startTime="2024-01-09T15:45:34.8106686+01:00" endTime="2024-01-09T15:45:34.8262950+01:00" testType="13cdc9d9-ddb5-4fa4-a97d-d965ccfc6d4b" outcome="Passed" testListId="8c84fa94-04c1-424b-9868-57a2d4851a1d" relativeResultsDirectory="a20308f8-1d80-41b9-bfb0-1cd2dcbbf086">
      <Output>
        <StdOut>Debug Trace:&#xD;
Fail: Argument null</StdOut>
      </Output>
    </UnitTestResult>
    <UnitTestResult executionId="29235123-f1aa-4d73-91c0-2d9812b00fed" testId="be147743-35c1-2ea8-f068-c82e7606ada6" testName="AllocateLicensesNotActivated_OneHardware_NoCameras_SeveralNoneCameraDevices_ValidateNoneCameraDevicesAreLicensed" computerName="DKSR-EFI-06" duration="00:00:00.0718248" startTime="2024-01-09T15:44:32.1699358+01:00" endTime="2024-01-09T15:44:32.2480625+01:00" testType="13cdc9d9-ddb5-4fa4-a97d-d965ccfc6d4b" outcome="Passed" testListId="8c84fa94-04c1-424b-9868-57a2d4851a1d" relativeResultsDirectory="29235123-f1aa-4d73-91c0-2d9812b00fed" />
    <UnitTestResult executionId="77736b43-1586-4d58-a90c-832c0a512a13" testId="886d15a7-f876-be7e-71f5-4d94ad43de3c" testName="AllocateLicenses_HardwareWithNoCameras_ShouldCount1InGrace_ThenDisabling_ShouldCount0_On0Replacements" computerName="DKSR-EFI-06" duration="00:00:00.1299467" startTime="2024-01-09T15:44:38.5136848+01:00" endTime="2024-01-09T15:44:38.6543092+01:00" testType="13cdc9d9-ddb5-4fa4-a97d-d965ccfc6d4b" outcome="Passed" testListId="8c84fa94-04c1-424b-9868-57a2d4851a1d" relativeResultsDirectory="77736b43-1586-4d58-a90c-832c0a512a13" />
    <UnitTestResult executionId="c5e0cb3d-d114-40d2-b360-7e6efa066906" testId="cb7e10c6-0204-7896-444a-0757f579dd40" testName="TemporaryLicense_SetChangesWithoutActivationToken_DateActivatedInferiorToNow" computerName="DKSR-EFI-06" duration="00:00:00.0007580" startTime="2024-01-09T15:43:51.1073147+01:00" endTime="2024-01-09T15:43:51.1073147+01:00" testType="13cdc9d9-ddb5-4fa4-a97d-d965ccfc6d4b" outcome="Passed" testListId="8c84fa94-04c1-424b-9868-57a2d4851a1d" relativeResultsDirectory="c5e0cb3d-d114-40d2-b360-7e6efa066906" />
    <UnitTestResult executionId="a114aab9-8f04-4293-b443-36498e11c0ae" testId="fa52c818-7f37-d4f7-04b7-9530b81dfb8c" testName="PromoteNewEncryptionPassword_ModelIsValid_Executed" computerName="DKSR-EFI-06" duration="00:00:00.0005173" startTime="2024-01-09T15:42:47.9196657+01:00" endTime="2024-01-09T15:42:47.9196657+01:00" testType="13cdc9d9-ddb5-4fa4-a97d-d965ccfc6d4b" outcome="Passed" testListId="8c84fa94-04c1-424b-9868-57a2d4851a1d" relativeResultsDirectory="a114aab9-8f04-4293-b443-36498e11c0ae" />
    <UnitTestResult executionId="37e61575-9424-4e6a-b6d5-903779da257e" testId="c461bfbb-db61-36c4-7c9c-cd738e75f1f7" testName="AnalyzeAndCreateAuditLogs_DeletedTimeProfileDefaultRoleRelationRow_ReturnsOneAuditLog" computerName="DKSR-EFI-06" duration="00:00:00.0044673" startTime="2024-01-09T15:45:35.7950450+01:00" endTime="2024-01-09T15:45:35.7950450+01:00" testType="13cdc9d9-ddb5-4fa4-a97d-d965ccfc6d4b" outcome="Passed" testListId="8c84fa94-04c1-424b-9868-57a2d4851a1d" relativeResultsDirectory="37e61575-9424-4e6a-b6d5-903779da257e" />
    <UnitTestResult executionId="c50d2adb-c7c8-4afc-a223-a0093d91fd49" testId="3ee6cc10-3fc3-7952-4a1d-d7dd515e38c3" testName="HardwareScanTaskCommandHandler_Clone_Returns_Same_Reference" computerName="DKSR-EFI-06" duration="00:00:00.0009504" startTime="2024-01-09T15:45:38.3887937+01:00" endTime="2024-01-09T15:45:38.3887937+01:00" testType="13cdc9d9-ddb5-4fa4-a97d-d965ccfc6d4b" outcome="Passed" testListId="8c84fa94-04c1-424b-9868-57a2d4851a1d" relativeResultsDirectory="c50d2adb-c7c8-4afc-a223-a0093d91fd49" />
    <UnitTestResult executionId="c2faf334-63f2-46e5-87df-f2667b90e82b" testId="eaacc939-8c52-d76d-0d8a-74169cd672a2" testName="HardwareInCWAOnWhiteList_ReplacedWithInheritance_HardwareNotOnWhiteList_NoMoreCWAAllowed_MoreChannelsOnReplacedHardware_NewDevicesInGrace" computerName="DKSR-EFI-06" duration="00:00:00.2219420" startTime="2024-01-09T15:44:05.9042669+01:00" endTime="2024-01-09T15:44:06.1230152+01:00" testType="13cdc9d9-ddb5-4fa4-a97d-d965ccfc6d4b" outcome="Passed" testListId="8c84fa94-04c1-424b-9868-57a2d4851a1d" relativeResultsDirectory="c2faf334-63f2-46e5-87df-f2667b90e82b" />
    <UnitTestResult executionId="813f6730-658b-42c8-8355-7672149ba868" testId="284e3747-200c-a346-c8de-d635cf1b6e59" testName="RecorderTaskSuccess_ModelIsValid_Executed" computerName="DKSR-EFI-06" duration="00:00:00.0472839" startTime="2024-01-09T15:42:48.0759176+01:00" endTime="2024-01-09T15:42:48.1227922+01:00" testType="13cdc9d9-ddb5-4fa4-a97d-d965ccfc6d4b" outcome="Passed" testListId="8c84fa94-04c1-424b-9868-57a2d4851a1d" relativeResultsDirectory="813f6730-658b-42c8-8355-7672149ba868" />
    <UnitTestResult executionId="ca918c59-4f5e-4419-a773-6d89c75353df" testId="ddd1539c-f3f8-684f-86c3-a25d3ce2d842" testName="Validate_GetDeviceStatus_" computerName="DKSR-EFI-06" duration="00:00:00.0015834" startTime="2024-01-09T15:45:00.1387546+01:00" endTime="2024-01-09T15:45:00.1387546+01:00" testType="13cdc9d9-ddb5-4fa4-a97d-d965ccfc6d4b" outcome="Passed" testListId="8c84fa94-04c1-424b-9868-57a2d4851a1d" relativeResultsDirectory="ca918c59-4f5e-4419-a773-6d89c75353df" />
    <UnitTestResult executionId="fb4870a4-4c84-4bba-a84a-032d23187ccd" testId="6c48898a-3878-dda4-6939-b51cdeadd633" testName="LicenseCountManager_AddLicensedCameraFeed_Same_Device_Twice_ArgumentException" computerName="DKSR-EFI-06" duration="00:00:00.0065323" startTime="2024-01-09T15:45:00.2325066+01:00" endTime="2024-01-09T15:45:00.2325066+01:00" testType="13cdc9d9-ddb5-4fa4-a97d-d965ccfc6d4b" outcome="Passed" testListId="8c84fa94-04c1-424b-9868-57a2d4851a1d" relativeResultsDirectory="fb4870a4-4c84-4bba-a84a-032d23187ccd">
      <Output>
        <StdOut>Debug Trace:&#xD;
Fail: An entry is already registered for the mac address and device index.</StdOut>
      </Output>
    </UnitTestResult>
    <UnitTestResult executionId="96bee075-2d29-48c9-a49d-763d050bc544" testId="b50a5626-bb3d-0e55-a0ed-bea10bccc2f3" testName="GetHardwareNetworkSettingsCommandHandler_Execute_EmptyRecorderServiceId_ReturnsFailResponse" computerName="DKSR-EFI-06" duration="00:00:00.0009893" startTime="2024-01-09T15:45:38.0919212+01:00" endTime="2024-01-09T15:45:38.0919212+01:00" testType="13cdc9d9-ddb5-4fa4-a97d-d965ccfc6d4b" outcome="Passed" testListId="8c84fa94-04c1-424b-9868-57a2d4851a1d" relativeResultsDirectory="96bee075-2d29-48c9-a49d-763d050bc544" />
    <UnitTestResult executionId="ca3224a2-746b-4d6f-8b88-c1cf354c032b" testId="2c07ec42-63ea-145b-2c1d-d1783382eb80" testName="Recorder_FindById_EmptyGuid_Returns_Null" computerName="DKSR-EFI-06" duration="00:00:00.0002519" startTime="2024-01-09T15:45:33.9669226+01:00" endTime="2024-01-09T15:45:33.9669226+01:00" testType="13cdc9d9-ddb5-4fa4-a97d-d965ccfc6d4b" outcome="Passed" testListId="8c84fa94-04c1-424b-9868-57a2d4851a1d" relativeResultsDirectory="ca3224a2-746b-4d6f-8b88-c1cf354c032b" />
    <UnitTestResult executionId="4ccdb261-1d30-432e-a1c3-de28ad095ce3" testId="b4d015a0-965e-7366-ac7c-f7e5a85c608e" testName="ReplaceHardwareTaskCommandHandler_DeviceMapper_Success_Test" computerName="DKSR-EFI-06" duration="00:00:00.0011800" startTime="2024-01-09T15:45:43.8889998+01:00" endTime="2024-01-09T15:45:43.8889998+01:00" testType="13cdc9d9-ddb5-4fa4-a97d-d965ccfc6d4b" outcome="Passed" testListId="8c84fa94-04c1-424b-9868-57a2d4851a1d" relativeResultsDirectory="4ccdb261-1d30-432e-a1c3-de28ad095ce3" />
    <UnitTestResult executionId="30e6ae6c-b10a-460d-8c7c-d3582bb86229" testId="259684df-75bc-2a44-cfa4-32b3c96c5977" testName="ConfigurationDataSetLoader_GetHardwareDefinitionByDigest_Success" computerName="DKSR-EFI-06" duration="00:00:00.0014588" startTime="2024-01-09T15:45:34.4044186+01:00" endTime="2024-01-09T15:45:34.4044186+01:00" testType="13cdc9d9-ddb5-4fa4-a97d-d965ccfc6d4b" outcome="Passed" testListId="8c84fa94-04c1-424b-9868-57a2d4851a1d" relativeResultsDirectory="30e6ae6c-b10a-460d-8c7c-d3582bb86229" />
    <UnitTestResult executionId="c7bec105-fcd9-4f0f-aab9-57e374f802e8" testId="c60edddc-d3cb-adf6-416d-58709eef132f" testName="HardwareInCWANotOnWhiteList_ReplacedWithNoInheritance_HardwareOnWhiteList_CWAAllowed_NewHardwareInCWA" computerName="DKSR-EFI-06" duration="00:00:00.1343491" startTime="2024-01-09T15:44:01.0295079+01:00" endTime="2024-01-09T15:44:01.1542545+01:00" testType="13cdc9d9-ddb5-4fa4-a97d-d965ccfc6d4b" outcome="Passed" testListId="8c84fa94-04c1-424b-9868-57a2d4851a1d" relativeResultsDirectory="c7bec105-fcd9-4f0f-aab9-57e374f802e8" />
    <UnitTestResult executionId="2f22921b-a9b8-45d8-913d-2b711b3e3dfd" testId="c58d02c2-045e-a702-8b39-09ea175a2fd3" testName="AddUnlicensedHardware_AddNewHardware_ReturnsTrue" computerName="DKSR-EFI-06" duration="00:00:00.0004259" startTime="2024-01-09T15:45:34.1700452+01:00" endTime="2024-01-09T15:45:34.1700452+01:00" testType="13cdc9d9-ddb5-4fa4-a97d-d965ccfc6d4b" outcome="Passed" testListId="8c84fa94-04c1-424b-9868-57a2d4851a1d" relativeResultsDirectory="2f22921b-a9b8-45d8-913d-2b711b3e3dfd" />
    <UnitTestResult executionId="95266cf2-cee8-463d-bacf-ccafdbdde55a" testId="268ae14c-20cc-e72a-0840-6050273b0f8d" testName="UpdateHardwareTaskCommandHandler_Apply_Added_Tests" computerName="DKSR-EFI-06" duration="00:00:00.0548966" startTime="2024-01-09T15:46:00.2050702+01:00" endTime="2024-01-09T15:46:00.2519648+01:00" testType="13cdc9d9-ddb5-4fa4-a97d-d965ccfc6d4b" outcome="Passed" testListId="8c84fa94-04c1-424b-9868-57a2d4851a1d" relativeResultsDirectory="95266cf2-cee8-463d-bacf-ccafdbdde55a" />
    <UnitTestResult executionId="aee9fadf-7167-423c-b29d-f1a2a132e388" testId="9b3384a2-497f-2493-da88-40d7b4218810" testName="AllocateLicensesNotActivated_WhitelistedDriver_Grace_TwoHardware_TwoCameras_OneLicense_OneHardwareDisabled_ValidateLicenseTypes" computerName="DKSR-EFI-06" duration="00:00:00.0868623" startTime="2024-01-09T15:44:33.1699377+01:00" endTime="2024-01-09T15:44:33.2636869+01:00" testType="13cdc9d9-ddb5-4fa4-a97d-d965ccfc6d4b" outcome="Passed" testListId="8c84fa94-04c1-424b-9868-57a2d4851a1d" relativeResultsDirectory="aee9fadf-7167-423c-b29d-f1a2a132e388" />
    <UnitTestResult executionId="0929a77e-7c38-472d-92e1-7531504cd923" testId="eba67419-0ba6-e4bf-58dc-6c9a22c8e85a" testName="DeleteHardwareTaskCommandHandler_Execute_HeartbeatResponse_Gives_Progress" computerName="DKSR-EFI-06" duration="00:00:00.0014491" startTime="2024-01-09T15:45:36.8419196+01:00" endTime="2024-01-09T15:45:36.8419196+01:00" testType="13cdc9d9-ddb5-4fa4-a97d-d965ccfc6d4b" outcome="Passed" testListId="8c84fa94-04c1-424b-9868-57a2d4851a1d" relativeResultsDirectory="0929a77e-7c38-472d-92e1-7531504cd923" />
    <UnitTestResult executionId="2a0030f2-04e7-401a-84fd-6a5f80152cf0" testId="0559940e-6c3b-5a80-dc60-21dd2e159fd8" testName="UpdateHardwareTaskCommandHandler_Apply_InvalidHardwareId_Test" computerName="DKSR-EFI-06" duration="00:00:00.0405520" startTime="2024-01-09T15:45:59.7986599+01:00" endTime="2024-01-09T15:45:59.8455556+01:00" testType="13cdc9d9-ddb5-4fa4-a97d-d965ccfc6d4b" outcome="Passed" testListId="8c84fa94-04c1-424b-9868-57a2d4851a1d" relativeResultsDirectory="2a0030f2-04e7-401a-84fd-6a5f80152cf0" />
    <UnitTestResult executionId="d0446b68-2d71-48bf-8ebd-7fbccb1ba4cb" testId="6bcc8d60-b3ea-0e46-0d0f-1946fd0abcb8" testName="AllocateLicenses_HardwareWith5CamerasAndOtherDevices_ShouldCount5InCWA_ThenDisablingCameras_ShouldStillCount5InCWA_OnNonZeroCWALicense" computerName="DKSR-EFI-06" duration="00:00:00.3893615" startTime="2024-01-09T15:44:40.1230675+01:00" endTime="2024-01-09T15:44:40.5136941+01:00" testType="13cdc9d9-ddb5-4fa4-a97d-d965ccfc6d4b" outcome="Passed" testListId="8c84fa94-04c1-424b-9868-57a2d4851a1d" relativeResultsDirectory="d0446b68-2d71-48bf-8ebd-7fbccb1ba4cb" />
    <UnitTestResult executionId="60e3008a-dda2-47bf-8272-1b33399f0eaf" testId="5d3f8fc0-b97b-c086-40b2-6affaa9438df" testName="ConfigurationDataSetLoader_GetHardwareByHostedHardwareId_Success" computerName="DKSR-EFI-06" duration="00:00:00.0016361" startTime="2024-01-09T15:45:34.3887996+01:00" endTime="2024-01-09T15:45:34.3887996+01:00" testType="13cdc9d9-ddb5-4fa4-a97d-d965ccfc6d4b" outcome="Passed" testListId="8c84fa94-04c1-424b-9868-57a2d4851a1d" relativeResultsDirectory="60e3008a-dda2-47bf-8272-1b33399f0eaf" />
    <UnitTestResult executionId="d9150c42-331c-4725-99e4-a74b87d151e3" testId="137f7129-a121-b8c6-63af-0ff5fb4648d0" testName="FindHardware_NotFound_ReturnsNull" computerName="DKSR-EFI-06" duration="00:00:00.0008257" startTime="2024-01-09T15:45:34.1856727+01:00" endTime="2024-01-09T15:45:34.1856727+01:00" testType="13cdc9d9-ddb5-4fa4-a97d-d965ccfc6d4b" outcome="Passed" testListId="8c84fa94-04c1-424b-9868-57a2d4851a1d" relativeResultsDirectory="d9150c42-331c-4725-99e4-a74b87d151e3" />
    <UnitTestResult executionId="525e2429-069f-4eab-b3b2-dc4b82d1c816" testId="af2de0f8-df90-b012-06a0-6a91430c3a92" testName="MoveHardwareTaskCommandHandler_Execute_WriteConfigurationDataSetChangesToDatabase_SqlException_FailResponse_LicenseConfigurationFailed" computerName="DKSR-EFI-06" duration="00:00:00.1778682" startTime="2024-01-09T15:45:41.9669226+01:00" endTime="2024-01-09T15:45:42.1544176+01:00" testType="13cdc9d9-ddb5-4fa4-a97d-d965ccfc6d4b" outcome="Passed" testListId="8c84fa94-04c1-424b-9868-57a2d4851a1d" relativeResultsDirectory="525e2429-069f-4eab-b3b2-dc4b82d1c816">
      <Output>
        <StdOut>Progress: 10&#xD;
Progress: 20&#xD;
Progress: 30&#xD;
Progress: 35&#xD;
Progress: 40&#xD;
Progress: 42&#xD;
Progress: 44&#xD;
Progress: 60&#xD;
Progress: 70&#xD;
Progress: 80&#xD;
Progress: 90&#xD;
Progress: 95&#xD;
Progress: 100</StdOut>
      </Output>
    </UnitTestResult>
    <UnitTestResult executionId="18f27013-5c91-4306-9a42-64e2db36825c" testId="ab24419a-86d1-7329-f45f-11c1dd6a023f" testName="GetConnectedClient_MultipleCalls_DoesNotReturnSameClient" computerName="DKSR-EFI-06" duration="00:00:00.1640706" startTime="2024-01-09T15:46:00.4082739+01:00" endTime="2024-01-09T15:46:00.5802145+01:00" testType="13cdc9d9-ddb5-4fa4-a97d-d965ccfc6d4b" outcome="Passed" testListId="8c84fa94-04c1-424b-9868-57a2d4851a1d" relativeResultsDirectory="18f27013-5c91-4306-9a42-64e2db36825c" />
    <UnitTestResult executionId="9acf711a-bca7-46ff-b1a9-803f1e13760a" testId="df74db5f-c82f-c4c0-40a8-80b8e4dba499" testName="HardwareActivatedNotOnWhiteList_ReplacedWith_HardwareNotOnWhiteList_NoCameraChannelsInCWA" computerName="DKSR-EFI-06" duration="00:00:00.3100137" startTime="2024-01-09T15:44:25.9199333+01:00" endTime="2024-01-09T15:44:26.2324325+01:00" testType="13cdc9d9-ddb5-4fa4-a97d-d965ccfc6d4b" outcome="Passed" testListId="8c84fa94-04c1-424b-9868-57a2d4851a1d" relativeResultsDirectory="9acf711a-bca7-46ff-b1a9-803f1e13760a" />
    <UnitTestResult executionId="692efc34-3c6a-4a63-a948-d73ce3adf02e" testId="a1b35a02-92d9-0d0e-9ddc-2d7195973991" testName="AllocateLicensesNotActivated_WhitelistedDriver_Activated_OneHardware_TwoCameras_OneLicense_ValidateLicenseTypes" computerName="DKSR-EFI-06" duration="00:00:00.1036486" startTime="2024-01-09T15:44:34.1543155+01:00" endTime="2024-01-09T15:44:34.2636872+01:00" testType="13cdc9d9-ddb5-4fa4-a97d-d965ccfc6d4b" outcome="Passed" testListId="8c84fa94-04c1-424b-9868-57a2d4851a1d" relativeResultsDirectory="692efc34-3c6a-4a63-a948-d73ce3adf02e" />
    <UnitTestResult executionId="2e6308e0-5100-4858-a974-d58ca82afc1c" testId="8e3546fa-c787-88c0-b0a3-fc1e85bae175" testName="SessionDataManager_Store_NullCheck" computerName="DKSR-EFI-06" duration="00:00:00.0006377" startTime="2024-01-09T15:43:19.4041704+01:00" endTime="2024-01-09T15:43:19.4041704+01:00" testType="13cdc9d9-ddb5-4fa4-a97d-d965ccfc6d4b" outcome="Passed" testListId="8c84fa94-04c1-424b-9868-57a2d4851a1d" relativeResultsDirectory="2e6308e0-5100-4858-a974-d58ca82afc1c" />
    <UnitTestResult executionId="76759df1-62f9-4eb3-bbb4-519775eee817" testId="5e9a75d3-0b8f-f511-ca55-05fff7a1f7ad" testName="UpdateHardwareTaskCommandHandler_Execute_HeartBeat_Timeout_Tests" computerName="DKSR-EFI-06" duration="00:00:00.0093750" startTime="2024-01-09T15:45:59.5485666+01:00" endTime="2024-01-09T15:45:59.5641946+01:00" testType="13cdc9d9-ddb5-4fa4-a97d-d965ccfc6d4b" outcome="Passed" testListId="8c84fa94-04c1-424b-9868-57a2d4851a1d" relativeResultsDirectory="76759df1-62f9-4eb3-bbb4-519775eee817" />
    <UnitTestResult executionId="e313e07d-e0b0-4465-820a-a7ff42321306" testId="78936cb5-5e04-7c42-f020-4f17dd495378" testName="RecordingServerCache_RetrieveNonExistentLicenseFromCache_ReturnsFalse" computerName="DKSR-EFI-06" duration="00:00:00.0005282" startTime="2024-01-09T15:45:09.1856327+01:00" endTime="2024-01-09T15:45:09.1856327+01:00" testType="13cdc9d9-ddb5-4fa4-a97d-d965ccfc6d4b" outcome="Passed" testListId="8c84fa94-04c1-424b-9868-57a2d4851a1d" relativeResultsDirectory="e313e07d-e0b0-4465-820a-a7ff42321306" />
    <UnitTestResult executionId="16ef1a04-72dc-4850-b9e3-93236f0f973b" testId="2c65fef8-cde4-9bec-37cc-169897e4e944" testName="FindHardware_Found_ReturnsValidIHardwareInfoInstance" computerName="DKSR-EFI-06" duration="00:00:00.0007181" startTime="2024-01-09T15:45:34.1856727+01:00" endTime="2024-01-09T15:45:34.1856727+01:00" testType="13cdc9d9-ddb5-4fa4-a97d-d965ccfc6d4b" outcome="Passed" testListId="8c84fa94-04c1-424b-9868-57a2d4851a1d" relativeResultsDirectory="16ef1a04-72dc-4850-b9e3-93236f0f973b" />
    <UnitTestResult executionId="b3b88407-d2d2-4b10-aadf-5327103d5807" testId="8863ace4-dc22-2d7f-76b3-57b7f71ab777" testName="HardwareActivatedNotOnWhiteList_ReplacedWithNoInheritance_HardwareNotOnWhiteList_MixedCWAAllowed_SomeDevicesInCWA" computerName="DKSR-EFI-06" duration="00:00:00.6970459" startTime="2024-01-09T15:43:53.9198278+01:00" endTime="2024-01-09T15:43:54.6073299+01:00" testType="13cdc9d9-ddb5-4fa4-a97d-d965ccfc6d4b" outcome="Passed" testListId="8c84fa94-04c1-424b-9868-57a2d4851a1d" relativeResultsDirectory="b3b88407-d2d2-4b10-aadf-5327103d5807" />
    <UnitTestResult executionId="eaa3e511-98a6-473c-8eb3-789aef0eb625" testId="066882ae-b976-dd7f-f7ee-4b8881cd5040" testName="HardwareInCWANotOnWhiteList_ZeroChannels_ReplacedWith_HardwareNotOnWhiteList_WithChannels_MixedCWAAllowed_SomeDevicesInCWA" computerName="DKSR-EFI-06" duration="00:00:00.3982623" startTime="2024-01-09T15:44:23.4043048+01:00" endTime="2024-01-09T15:44:23.8105597+01:00" testType="13cdc9d9-ddb5-4fa4-a97d-d965ccfc6d4b" outcome="Passed" testListId="8c84fa94-04c1-424b-9868-57a2d4851a1d" relativeResultsDirectory="eaa3e511-98a6-473c-8eb3-789aef0eb625" />
    <UnitTestResult executionId="0538f544-58d3-4646-b8fe-00ffbac84f9f" testId="d713fd26-9318-62d0-07e7-0fb32925b73a" testName="HardwareInCWAOnWhiteList_ReplacedWithNoInheritance_HardwareNotOnWhiteList_NoMoreCWAAllowed_NewDevicesInGrace" computerName="DKSR-EFI-06" duration="00:00:00.2093713" startTime="2024-01-09T15:44:00.0760978+01:00" endTime="2024-01-09T15:44:00.2948491+01:00" testType="13cdc9d9-ddb5-4fa4-a97d-d965ccfc6d4b" outcome="Passed" testListId="8c84fa94-04c1-424b-9868-57a2d4851a1d" relativeResultsDirectory="0538f544-58d3-4646-b8fe-00ffbac84f9f" />
    <UnitTestResult executionId="07e2f5ed-e1e5-4e24-a73c-41484a5ec2e5" testId="7a90d467-ec4d-e610-cc96-6a2ca7074392" testName="EvidenceLockUpdateScheduler_Dispose_Success" computerName="DKSR-EFI-06" duration="00:00:00.0043174" startTime="2024-01-09T15:42:45.0290320+01:00" endTime="2024-01-09T15:42:45.0446574+01:00" testType="13cdc9d9-ddb5-4fa4-a97d-d965ccfc6d4b" outcome="Passed" testListId="8c84fa94-04c1-424b-9868-57a2d4851a1d" relativeResultsDirectory="07e2f5ed-e1e5-4e24-a73c-41484a5ec2e5" />
    <UnitTestResult executionId="7a3dc699-2752-417d-bb53-7007666de405" testId="055ed5c2-5e4f-8716-0112-40bea275f5c2" testName="Validate_AddDeviceToCWA_WithNullMac_ThrowsArgumentNullException" computerName="DKSR-EFI-06" duration="00:00:00.0014143" startTime="2024-01-09T15:45:00.0293819+01:00" endTime="2024-01-09T15:45:00.0450082+01:00" testType="13cdc9d9-ddb5-4fa4-a97d-d965ccfc6d4b" outcome="Passed" testListId="8c84fa94-04c1-424b-9868-57a2d4851a1d" relativeResultsDirectory="7a3dc699-2752-417d-bb53-7007666de405" />
    <UnitTestResult executionId="1be30eeb-1e00-4e5c-ab61-c238e5b3fc09" testId="f7b0e781-4364-3181-b31f-25c3510de92e" testName="UpdateRecorderTaskProgress_RecorderNotFoundException_Handled" computerName="DKSR-EFI-06" duration="00:00:00.0019209" startTime="2024-01-09T15:42:48.0602930+01:00" endTime="2024-01-09T15:42:48.0602930+01:00" testType="13cdc9d9-ddb5-4fa4-a97d-d965ccfc6d4b" outcome="Passed" testListId="8c84fa94-04c1-424b-9868-57a2d4851a1d" relativeResultsDirectory="1be30eeb-1e00-4e5c-ab61-c238e5b3fc09" />
    <UnitTestResult executionId="77b8003e-597d-4294-9a33-5a1d044f8795" testId="01c23f1b-60d3-1ec6-8652-a458e9baba23" testName="HardwareLicense_SetExpire_NotExists_Created" computerName="DKSR-EFI-06" duration="00:00:00.0005900" startTime="2024-01-09T15:45:34.0606690+01:00" endTime="2024-01-09T15:45:34.0606690+01:00" testType="13cdc9d9-ddb5-4fa4-a97d-d965ccfc6d4b" outcome="Passed" testListId="8c84fa94-04c1-424b-9868-57a2d4851a1d" relativeResultsDirectory="77b8003e-597d-4294-9a33-5a1d044f8795" />
    <UnitTestResult executionId="47730936-8e21-4a5b-adb9-a00852ea5de3" testId="34c21c1b-4843-42b3-d975-d5e225bd75ed" testName="Validate_DisabledHardwareNotPartOfLicenseRequest_Success" computerName="DKSR-EFI-06" duration="00:00:00.4749748" startTime="2024-01-09T15:45:31.7481688+01:00" endTime="2024-01-09T15:45:32.2169211+01:00" testType="13cdc9d9-ddb5-4fa4-a97d-d965ccfc6d4b" outcome="Passed" testListId="8c84fa94-04c1-424b-9868-57a2d4851a1d" relativeResultsDirectory="47730936-8e21-4a5b-adb9-a00852ea5de3" />
    <UnitTestResult executionId="e47b75ce-d61c-49d7-a4f3-7d66b05c6cd9" testId="5d65cf70-fbf7-ed7b-392d-268c0d1993f2" testName="EventCollector_Stop" computerName="DKSR-EFI-06" duration="00:00:00.0013596" startTime="2024-01-09T15:42:44.9977799+01:00" endTime="2024-01-09T15:42:44.9977799+01:00" testType="13cdc9d9-ddb5-4fa4-a97d-d965ccfc6d4b" outcome="Passed" testListId="8c84fa94-04c1-424b-9868-57a2d4851a1d" relativeResultsDirectory="e47b75ce-d61c-49d7-a4f3-7d66b05c6cd9" />
    <UnitTestResult executionId="534fa32b-c173-44a4-a716-ab0d6f65a128" testId="b447d6e1-0886-4836-f5c4-a0d3266ea115" testName="HardwareScanExpressTaskCommandHandler_Execute_DiscoveryComponent_FailResponse" computerName="DKSR-EFI-06" duration="00:00:00.0012485" startTime="2024-01-09T15:45:38.3419219+01:00" endTime="2024-01-09T15:45:38.3419219+01:00" testType="13cdc9d9-ddb5-4fa4-a97d-d965ccfc6d4b" outcome="Passed" testListId="8c84fa94-04c1-424b-9868-57a2d4851a1d" relativeResultsDirectory="534fa32b-c173-44a4-a716-ab0d6f65a128" />
    <UnitTestResult executionId="0db1f7e0-d67a-49a0-b38f-709af4de2838" testId="526076b5-dd75-24fe-3950-9404e88ea72f" testName="HardwareScanTaskCommandHandler_Execute_DriverNotFound_FailResponse" computerName="DKSR-EFI-06" duration="00:00:00.0017388" startTime="2024-01-09T15:45:38.4512945+01:00" endTime="2024-01-09T15:45:38.4512945+01:00" testType="13cdc9d9-ddb5-4fa4-a97d-d965ccfc6d4b" outcome="Passed" testListId="8c84fa94-04c1-424b-9868-57a2d4851a1d" relativeResultsDirectory="0db1f7e0-d67a-49a0-b38f-709af4de2838" />
    <UnitTestResult executionId="f5645ea0-2c6a-4e62-b796-7ad2becf9f9b" testId="b35358ef-a214-5c79-c3b7-90f943e58d63" testName="ChangeHardwarePasswordTaskCommandHandler_Execute_Arguments_Null_Throws" computerName="DKSR-EFI-06" duration="00:00:00.0048610" startTime="2024-01-09T15:45:34.6544223+01:00" endTime="2024-01-09T15:45:34.6700439+01:00" testType="13cdc9d9-ddb5-4fa4-a97d-d965ccfc6d4b" outcome="Passed" testListId="8c84fa94-04c1-424b-9868-57a2d4851a1d" relativeResultsDirectory="f5645ea0-2c6a-4e62-b796-7ad2becf9f9b">
      <Output>
        <StdOut>Debug Trace:&#xD;
Fail: Command/Command handler type mismatch&#xD;
Fail: The command handler expect an object that implements ICallContextInfo in the state parameter&#xD;
Fail: The command handler expect an object that implements IResponseSink in the responseSink parameter</StdOut>
      </Output>
    </UnitTestResult>
    <UnitTestResult executionId="78275ef2-e4bd-46d1-b683-9c50e943127f" testId="174c703d-40da-6a58-da7e-28265b185aac" testName="AllocateLicenses_NotActivated_OneDevice_SixDisabledCameraChannels_LicenseCountFive_ReplacementAllowed_DeviceWithoutEnabledCamera" computerName="DKSR-EFI-06" duration="00:00:00.1044401" startTime="2024-01-09T15:44:30.0449348+01:00" endTime="2024-01-09T15:44:30.1386918+01:00" testType="13cdc9d9-ddb5-4fa4-a97d-d965ccfc6d4b" outcome="Passed" testListId="8c84fa94-04c1-424b-9868-57a2d4851a1d" relativeResultsDirectory="78275ef2-e4bd-46d1-b683-9c50e943127f" />
    <UnitTestResult executionId="898c099c-f26f-4b67-819a-e1ae758637f2" testId="5d2d667a-5174-a959-1a9a-e0fcc669a4a1" testName="AllocateLicenses_TwoMissingICPChannelLicensesOneInGrace_OnOneICPWithTwoCamerasAndOneHardwareWithOneCamera" computerName="DKSR-EFI-06" duration="00:00:00.1047979" startTime="2024-01-09T15:44:59.4981266+01:00" endTime="2024-01-09T15:44:59.6075028+01:00" testType="13cdc9d9-ddb5-4fa4-a97d-d965ccfc6d4b" outcome="Passed" testListId="8c84fa94-04c1-424b-9868-57a2d4851a1d" relativeResultsDirectory="898c099c-f26f-4b67-819a-e1ae758637f2">
      <Output>
        <StdOut>Debug Trace:&#xD;
Fail: Attribute value invalid. 'Index'&#xD;
Fail: Attribute value invalid. 'Index'&#xD;
Fail: Attribute value invalid. 'Index'</StdOut>
      </Output>
    </UnitTestResult>
    <UnitTestResult executionId="bd219d63-630f-4cd3-b37b-f7a2846425f4" testId="19b8fb75-bad4-0c47-ee29-f0116aae5991" testName="ConfigurationDataSetLoader_GetHostingServersByIds_Success" computerName="DKSR-EFI-06" duration="00:00:00.0009187" startTime="2024-01-09T15:45:34.4044186+01:00" endTime="2024-01-09T15:45:34.4044186+01:00" testType="13cdc9d9-ddb5-4fa4-a97d-d965ccfc6d4b" outcome="Passed" testListId="8c84fa94-04c1-424b-9868-57a2d4851a1d" relativeResultsDirectory="bd219d63-630f-4cd3-b37b-f7a2846425f4" />
    <UnitTestResult executionId="3c2dc69a-fc96-4609-9f6c-b67e8b860abf" testId="08983fcd-54fe-2816-187c-45a1c5bbec37" testName="MultiSite_ChannelBased_SameHardwareAllDevicesDisabledOnRecorder1_NotWhitelisted_AllCamerasDisabled_ConsumesNoExtraLicenses" computerName="DKSR-EFI-06" duration="00:00:00.1731481" startTime="2024-01-09T15:44:50.1231047+01:00" endTime="2024-01-09T15:44:50.2949787+01:00" testType="13cdc9d9-ddb5-4fa4-a97d-d965ccfc6d4b" outcome="Passed" testListId="8c84fa94-04c1-424b-9868-57a2d4851a1d" relativeResultsDirectory="3c2dc69a-fc96-4609-9f6c-b67e8b860abf" />
    <UnitTestResult executionId="de29c6e2-906a-4510-ac4a-93588e881957" testId="a26220ce-8e45-b18b-8b21-10770613681d" testName="ProcessConfigurationChangeTasks_UpdateUpdate_Same_Device_Not_Batched" computerName="DKSR-EFI-06" duration="00:00:00.0333468" startTime="2024-01-09T15:43:12.2009830+01:00" endTime="2024-01-09T15:43:12.2322342+01:00" testType="13cdc9d9-ddb5-4fa4-a97d-d965ccfc6d4b" outcome="Passed" testListId="8c84fa94-04c1-424b-9868-57a2d4851a1d" relativeResultsDirectory="de29c6e2-906a-4510-ac4a-93588e881957" />
    <UnitTestResult executionId="57334509-3e8f-4dfc-a77c-5bd7f61e3a2d" testId="27f1dfbf-1cb2-9ae9-b9a5-0af97b7e0f55" testName="ServerAccessTokenHandler_PopulateAuthorizationHeaderAsync_AccessTokenException" computerName="DKSR-EFI-06" duration="00:00:00.0093869" startTime="2024-01-09T15:43:42.2322891+01:00" endTime="2024-01-09T15:43:42.2479168+01:00" testType="13cdc9d9-ddb5-4fa4-a97d-d965ccfc6d4b" outcome="Passed" testListId="8c84fa94-04c1-424b-9868-57a2d4851a1d" relativeResultsDirectory="57334509-3e8f-4dfc-a77c-5bd7f61e3a2d" />
    <UnitTestResult executionId="411b746a-180a-45e9-ab1c-ed2616e46bd1" testId="91467f85-920b-1f84-c7b1-b5178fb1c5dc" testName="OnException_ActionExecutedContextIsNull_ArgumentNullException" computerName="DKSR-EFI-06" duration="00:00:00.0015462" startTime="2024-01-09T15:42:48.1696687+01:00" endTime="2024-01-09T15:42:48.1696687+01:00" testType="13cdc9d9-ddb5-4fa4-a97d-d965ccfc6d4b" outcome="Passed" testListId="8c84fa94-04c1-424b-9868-57a2d4851a1d" relativeResultsDirectory="411b746a-180a-45e9-ab1c-ed2616e46bd1" />
    <UnitTestResult executionId="a33c89f3-2acf-4b34-9cc4-129c6b1f3a1d" testId="9bcd0202-63b0-a2b2-3000-3588e2a360cd" testName="DeleteHardwareUserCommandHandler_Constructor_ThrowsIfParameterNull" computerName="DKSR-EFI-06" duration="00:00:00.0063776" startTime="2024-01-09T15:45:36.8575471+01:00" endTime="2024-01-09T15:45:36.8575471+01:00" testType="13cdc9d9-ddb5-4fa4-a97d-d965ccfc6d4b" outcome="Passed" testListId="8c84fa94-04c1-424b-9868-57a2d4851a1d" relativeResultsDirectory="a33c89f3-2acf-4b34-9cc4-129c6b1f3a1d">
      <Output>
        <StdOut>Debug Trace:&#xD;
Fail: Argument null</StdOut>
      </Output>
    </UnitTestResult>
    <UnitTestResult executionId="e70e7971-6340-44a4-a9bf-2deb866c123a" testId="5006a63c-335a-e7ab-37f6-6550fc39bd41" testName="CheckMsFailoverStatusCommandHandler_Execute_DecryptionFaulty_ShouldNotTrigger" computerName="DKSR-EFI-06" duration="00:00:00.0099093" startTime="2024-01-09T15:45:35.4825425+01:00" endTime="2024-01-09T15:45:35.4981711+01:00" testType="13cdc9d9-ddb5-4fa4-a97d-d965ccfc6d4b" outcome="Passed" testListId="8c84fa94-04c1-424b-9868-57a2d4851a1d" relativeResultsDirectory="e70e7971-6340-44a4-a9bf-2deb866c123a" />
    <UnitTestResult executionId="57350804-2bcf-4a60-a66e-cbcf564ceafb" testId="2825047d-45ec-17ec-7668-490b5d480d53" testName="HardwareActivatedOnWhiteList_ReplacedWithInheritance_HardwareNotOnWhiteList_NoCWAAllowed_AllDevicesInGrace" computerName="DKSR-EFI-06" duration="00:00:00.7413099" startTime="2024-01-09T15:43:56.0917100+01:00" endTime="2024-01-09T15:43:56.8260884+01:00" testType="13cdc9d9-ddb5-4fa4-a97d-d965ccfc6d4b" outcome="Passed" testListId="8c84fa94-04c1-424b-9868-57a2d4851a1d" relativeResultsDirectory="57350804-2bcf-4a60-a66e-cbcf564ceafb" />
    <UnitTestResult executionId="e3c3ba3f-f40d-4b40-8345-e92cd98c07eb" testId="9b2113f6-7be9-7a36-e4c3-35aeef59e7b0" testName="Parse_WhenTwoIntegrations_ReturnsTwoIntegrationRegistrations" computerName="DKSR-EFI-06" duration="00:00:00.0295407" startTime="2024-01-09T15:43:51.1385644+01:00" endTime="2024-01-09T15:43:51.1698133+01:00" testType="13cdc9d9-ddb5-4fa4-a97d-d965ccfc6d4b" outcome="Passed" testListId="8c84fa94-04c1-424b-9868-57a2d4851a1d" relativeResultsDirectory="e3c3ba3f-f40d-4b40-8345-e92cd98c07eb" />
    <UnitTestResult executionId="3d2b95f7-c5f1-4de5-bad4-15cd25376e32" testId="d1a85bea-6f17-0a0b-8d00-a425fc7bb217" testName="CheckConfigurationDataSetTest_FailoverSecondaryNotLicensedFail" computerName="DKSR-EFI-06" duration="00:00:00.0025757" startTime="2024-01-09T15:45:00.5293816+01:00" endTime="2024-01-09T15:45:00.5450068+01:00" testType="13cdc9d9-ddb5-4fa4-a97d-d965ccfc6d4b" outcome="Passed" testListId="8c84fa94-04c1-424b-9868-57a2d4851a1d" relativeResultsDirectory="3d2b95f7-c5f1-4de5-bad4-15cd25376e32" />
    <UnitTestResult executionId="cf569fc9-fc20-48d3-b98e-9efa2ed90540" testId="f99a2604-91a6-b97b-4bbb-69bcf34588de" testName="HardwareActivatedNotOnWhiteList_ReplacedWithInheritance_HardwareNotOnWhiteList_CWAAllowed_AllDevicesInCWA" computerName="DKSR-EFI-06" duration="00:00:00.5242737" startTime="2024-01-09T15:43:57.6229668+01:00" endTime="2024-01-09T15:43:58.1385934+01:00" testType="13cdc9d9-ddb5-4fa4-a97d-d965ccfc6d4b" outcome="Passed" testListId="8c84fa94-04c1-424b-9868-57a2d4851a1d" relativeResultsDirectory="cf569fc9-fc20-48d3-b98e-9efa2ed90540" />
    <UnitTestResult executionId="0e9a7342-9d52-4a0f-ba60-2bde3364e295" testId="3d67bfa7-0477-e2e1-e723-7a48cdf889a9" testName="ConfigurationDataSetLoader_GetDevicesByRecorderId_Success" computerName="DKSR-EFI-06" duration="00:00:00.0011080" startTime="2024-01-09T15:45:34.3731714+01:00" endTime="2024-01-09T15:45:34.3731714+01:00" testType="13cdc9d9-ddb5-4fa4-a97d-d965ccfc6d4b" outcome="Passed" testListId="8c84fa94-04c1-424b-9868-57a2d4851a1d" relativeResultsDirectory="0e9a7342-9d52-4a0f-ba60-2bde3364e295" />
    <UnitTestResult executionId="69c84e46-4636-48ba-aae5-c9f8cd9609f9" testId="1eedc3ae-bd7e-7fcf-32b0-3aa7620ae920" testName="CreateLicenseInformationXml_Has1Expired_On1ExpiredHardwareNoCameras" computerName="DKSR-EFI-06" duration="00:00:00.0046033" startTime="2024-01-09T15:45:01.5137420+01:00" endTime="2024-01-09T15:45:01.5137420+01:00" testType="13cdc9d9-ddb5-4fa4-a97d-d965ccfc6d4b" outcome="Passed" testListId="8c84fa94-04c1-424b-9868-57a2d4851a1d" relativeResultsDirectory="69c84e46-4636-48ba-aae5-c9f8cd9609f9" />
    <UnitTestResult executionId="398f421e-f589-47a6-ae27-4a966ca73748" testId="d8a329ba-c4d1-c4f1-d573-a40cf5804ed0" testName="HardwareInGraceOnWhiteList_ReplacedWith_HardwareOnWhiteList_ShouldGiveHardwareNewGracePeriod" computerName="DKSR-EFI-06" duration="00:00:00.2950446" startTime="2024-01-09T15:44:53.6699848+01:00" endTime="2024-01-09T15:44:53.9668601+01:00" testType="13cdc9d9-ddb5-4fa4-a97d-d965ccfc6d4b" outcome="Passed" testListId="8c84fa94-04c1-424b-9868-57a2d4851a1d" relativeResultsDirectory="398f421e-f589-47a6-ae27-4a966ca73748" />
    <UnitTestResult executionId="53497b1b-ffa5-4185-a32a-326c2f3e36e3" testId="3e28fa62-1907-2d83-45a9-ed0d624cb343" testName="LicenseCountManager_IsHardwareWithoutEnabledCamerasLicensed_ReturnsFalse_WhenAddLicensedHardwareNotCalledFirst" computerName="DKSR-EFI-06" duration="00:00:00.0002537" startTime="2024-01-09T15:45:00.1544384+01:00" endTime="2024-01-09T15:45:00.1544384+01:00" testType="13cdc9d9-ddb5-4fa4-a97d-d965ccfc6d4b" outcome="Passed" testListId="8c84fa94-04c1-424b-9868-57a2d4851a1d" relativeResultsDirectory="53497b1b-ffa5-4185-a32a-326c2f3e36e3" />
    <UnitTestResult executionId="5033f80f-2440-474d-81ad-fba5d704a221" testId="5b019d43-b26a-5fff-fbe5-b9c53fdb2c07" testName="HardwareActivatedNotOnWhiteList_ReplacedWithInheritance_HardwareNotOnWhiteList_MixedCWAAllowed_SomeDevicesInCWA" computerName="DKSR-EFI-06" duration="00:00:00.1902712" startTime="2024-01-09T15:43:58.9823458+01:00" endTime="2024-01-09T15:43:59.1698473+01:00" testType="13cdc9d9-ddb5-4fa4-a97d-d965ccfc6d4b" outcome="Passed" testListId="8c84fa94-04c1-424b-9868-57a2d4851a1d" relativeResultsDirectory="5033f80f-2440-474d-81ad-fba5d704a221" />
    <UnitTestResult executionId="e5cec614-260a-4cfc-9b51-fc28bd4fbdf3" testId="9f913f6b-6133-2b27-9775-b9108e8b318f" testName="BoolResponse_ModelIsValid_CommandExecuted" computerName="DKSR-EFI-06" duration="00:00:00.0010198" startTime="2024-01-09T15:42:48.2634616+01:00" endTime="2024-01-09T15:42:48.2634616+01:00" testType="13cdc9d9-ddb5-4fa4-a97d-d965ccfc6d4b" outcome="Passed" testListId="8c84fa94-04c1-424b-9868-57a2d4851a1d" relativeResultsDirectory="e5cec614-260a-4cfc-9b51-fc28bd4fbdf3" />
    <UnitTestResult executionId="01952786-e258-4fd5-9786-3331f1c07259" testId="9138da6b-802d-2432-3bc3-7ca04202230b" testName="AsyncTaskMonitor_ServerClosing_NoEventsTriggered" computerName="DKSR-EFI-06" duration="00:00:11.0599007" startTime="2024-01-09T15:43:00.6540917+01:00" endTime="2024-01-09T15:43:11.7166072+01:00" testType="13cdc9d9-ddb5-4fa4-a97d-d965ccfc6d4b" outcome="Passed" testListId="8c84fa94-04c1-424b-9868-57a2d4851a1d" relativeResultsDirectory="01952786-e258-4fd5-9786-3331f1c07259" />
    <UnitTestResult executionId="7ccee0d6-a172-4f24-bb42-78d44c1454b6" testId="94c2bd2b-6b5f-b5ec-49f1-5cbec2248022" testName="ReplaceHardwareTaskCommandHandler_DeviceMapper_TooManyDevices_AllowDeletingDisabled_Success_Test" computerName="DKSR-EFI-06" duration="00:00:00.0025153" startTime="2024-01-09T15:45:43.8733460+01:00" endTime="2024-01-09T15:45:43.8889998+01:00" testType="13cdc9d9-ddb5-4fa4-a97d-d965ccfc6d4b" outcome="Passed" testListId="8c84fa94-04c1-424b-9868-57a2d4851a1d" relativeResultsDirectory="7ccee0d6-a172-4f24-bb42-78d44c1454b6" />
    <UnitTestResult executionId="8e71b689-b091-494a-9278-320201f8df2e" testId="5242d8f5-8368-27b0-73a0-982f5ce04fc4" testName="CheckConfigurationDataSetTest_SnmpNotLicensedFail" computerName="DKSR-EFI-06" duration="00:00:00.0061969" startTime="2024-01-09T15:45:00.3888069+01:00" endTime="2024-01-09T15:45:00.3888069+01:00" testType="13cdc9d9-ddb5-4fa4-a97d-d965ccfc6d4b" outcome="Passed" testListId="8c84fa94-04c1-424b-9868-57a2d4851a1d" relativeResultsDirectory="8e71b689-b091-494a-9278-320201f8df2e" />
    <UnitTestResult executionId="3e43c7f4-1144-420a-88b6-7b5ee9608924" testId="e2e26a96-b5b4-c2f5-694e-a95e51839bfb" testName="DatabaseResponseDiskUsage_ModelIsValid_CommandExecuted" computerName="DKSR-EFI-06" duration="00:00:00.0068004" startTime="2024-01-09T15:42:48.4196695+01:00" endTime="2024-01-09T15:42:48.4352955+01:00" testType="13cdc9d9-ddb5-4fa4-a97d-d965ccfc6d4b" outcome="Passed" testListId="8c84fa94-04c1-424b-9868-57a2d4851a1d" relativeResultsDirectory="3e43c7f4-1144-420a-88b6-7b5ee9608924" />
    <UnitTestResult executionId="ad454c34-9dc8-48ce-a82b-2b402a65c164" testId="69f51caf-2be9-d08e-6810-ce001c777fb4" testName="GetTotalReplacementLimit_ReturnIntMaximum_OnPercentageOneHundred" computerName="DKSR-EFI-06" duration="00:00:00.0002282" startTime="2024-01-09T15:45:34.2169235+01:00" endTime="2024-01-09T15:45:34.2169235+01:00" testType="13cdc9d9-ddb5-4fa4-a97d-d965ccfc6d4b" outcome="Passed" testListId="8c84fa94-04c1-424b-9868-57a2d4851a1d" relativeResultsDirectory="ad454c34-9dc8-48ce-a82b-2b402a65c164" />
    <UnitTestResult executionId="d70f6c36-1a37-447f-b53c-adb2bac61f40" testId="a2dd638d-ac8f-1d49-b418-22de49227a51" testName="AnalyzeAndCreateAuditLogs_DeletedSecurityPermissionsDeviceRowWithDEVICESPEAKPRIORITYAtrribute_ReturnsTwoAuditLog" computerName="DKSR-EFI-06" duration="00:00:00.0051495" startTime="2024-01-09T15:45:35.7325453+01:00" endTime="2024-01-09T15:45:35.7481713+01:00" testType="13cdc9d9-ddb5-4fa4-a97d-d965ccfc6d4b" outcome="Passed" testListId="8c84fa94-04c1-424b-9868-57a2d4851a1d" relativeResultsDirectory="d70f6c36-1a37-447f-b53c-adb2bac61f40" />
    <UnitTestResult executionId="432dddc8-58b8-4986-b974-04fc7df8b74e" testId="edad7a9f-2ab1-fea5-205f-48bb63f1f880" testName="UpdateEvidenceLockSizesCommandHandlerTests_UpdateALLEvidenceLocksSize_NoEvidenceLocksAreCreated_SuccessResponse" computerName="DKSR-EFI-06" duration="00:00:00.0021482" startTime="2024-01-09T15:45:58.8452925+01:00" endTime="2024-01-09T15:45:58.8452925+01:00" testType="13cdc9d9-ddb5-4fa4-a97d-d965ccfc6d4b" outcome="Passed" testListId="8c84fa94-04c1-424b-9868-57a2d4851a1d" relativeResultsDirectory="432dddc8-58b8-4986-b974-04fc7df8b74e" />
    <UnitTestResult executionId="e7ad0f91-7810-4855-8d60-c31d8915a7a0" testId="b1e074ea-7f2a-5a8e-9a0e-a97db98a2ce1" testName="HardwareInCWAOnWhiteList_ReplacedWithNoInheritance_HardwareOnWhiteList_MixedCWAAllowed_MoreChannelsOnReplacedHardware_NewHardwareInCWA" computerName="DKSR-EFI-06" duration="00:00:00.6000079" startTime="2024-01-09T15:44:21.3418041+01:00" endTime="2024-01-09T15:44:21.9355542+01:00" testType="13cdc9d9-ddb5-4fa4-a97d-d965ccfc6d4b" outcome="Passed" testListId="8c84fa94-04c1-424b-9868-57a2d4851a1d" relativeResultsDirectory="e7ad0f91-7810-4855-8d60-c31d8915a7a0" />
    <UnitTestResult executionId="a35934e2-7b5f-4de8-b68b-9a6ff4cdf805" testId="0d25d40d-d1aa-dcd2-9ff9-14f41134f43c" testName="CheckConfigurationDataSetTest_FailoverPrimaryNotLicensedFail" computerName="DKSR-EFI-06" duration="00:00:00.0024017" startTime="2024-01-09T15:45:00.5293816+01:00" endTime="2024-01-09T15:45:00.5293816+01:00" testType="13cdc9d9-ddb5-4fa4-a97d-d965ccfc6d4b" outcome="Passed" testListId="8c84fa94-04c1-424b-9868-57a2d4851a1d" relativeResultsDirectory="a35934e2-7b5f-4de8-b68b-9a6ff4cdf805" />
    <UnitTestResult executionId="f5c18508-5604-47aa-915c-2ae9814a914b" testId="4dd16df4-f085-64ca-9a0c-8b383d03ff3b" testName="GetHardwareNetworkSettingsCommandHandler_Constructor_ParameterNull_Throws" computerName="DKSR-EFI-06" duration="00:00:00.0011263" startTime="2024-01-09T15:45:38.0450465+01:00" endTime="2024-01-09T15:45:38.0450465+01:00" testType="13cdc9d9-ddb5-4fa4-a97d-d965ccfc6d4b" outcome="Passed" testListId="8c84fa94-04c1-424b-9868-57a2d4851a1d" relativeResultsDirectory="f5c18508-5604-47aa-915c-2ae9814a914b" />
    <UnitTestResult executionId="303af863-7174-45d5-b94f-cd88139f302d" testId="adb45a6a-26fd-ba52-beaa-50bf00558977" testName="HardwareInCWANotOnWhiteList_ReplacedWithNoInheritance_HardwareOnWhiteList_CWAAllowed_MoreChannelsOnReplacedHardware_NewHardwareInCWA" computerName="DKSR-EFI-06" duration="00:00:00.7764628" startTime="2024-01-09T15:44:12.1542849+01:00" endTime="2024-01-09T15:44:12.9199110+01:00" testType="13cdc9d9-ddb5-4fa4-a97d-d965ccfc6d4b" outcome="Passed" testListId="8c84fa94-04c1-424b-9868-57a2d4851a1d" relativeResultsDirectory="303af863-7174-45d5-b94f-cd88139f302d" />
    <UnitTestResult executionId="47e5f21e-2c46-4967-bb92-16abc0b3355a" testId="62f74a3d-718e-71c3-9049-7f1099887d7e" testName="IsActivationNeeded_True_ICP_DeviceRemoved" computerName="DKSR-EFI-06" duration="00:00:00.0479148" startTime="2024-01-09T15:45:12.9981406+01:00" endTime="2024-01-09T15:45:13.0450139+01:00" testType="13cdc9d9-ddb5-4fa4-a97d-d965ccfc6d4b" outcome="Passed" testListId="8c84fa94-04c1-424b-9868-57a2d4851a1d" relativeResultsDirectory="47e5f21e-2c46-4967-bb92-16abc0b3355a" />
    <UnitTestResult executionId="14cca184-14bc-4d6b-a358-b865f623b6ec" testId="d19839c4-abc8-cd86-7c39-e8abf0955c68" testName="HardwareInCWAOnWhiteList_ReplacedWithNoInheritance_HardwareOnWhiteList_NoMoreCWAAllowed_MoreChannelsOnReplacedHardware_NewHardwareInGrace" computerName="DKSR-EFI-06" duration="00:00:00.2458105" startTime="2024-01-09T15:44:07.8417681+01:00" endTime="2024-01-09T15:44:08.0917696+01:00" testType="13cdc9d9-ddb5-4fa4-a97d-d965ccfc6d4b" outcome="Passed" testListId="8c84fa94-04c1-424b-9868-57a2d4851a1d" relativeResultsDirectory="14cca184-14bc-4d6b-a358-b865f623b6ec" />
    <UnitTestResult executionId="70d227bc-6e3c-434d-818d-043b8e487903" testId="bb3cee59-0e2f-46ea-0724-587b7e96a89c" testName="LicenseCountManager_ReplacementHardware_CountCorrect" computerName="DKSR-EFI-06" duration="00:00:00.0009953" startTime="2024-01-09T15:45:00.2793827+01:00" endTime="2024-01-09T15:45:00.2950055+01:00" testType="13cdc9d9-ddb5-4fa4-a97d-d965ccfc6d4b" outcome="Passed" testListId="8c84fa94-04c1-424b-9868-57a2d4851a1d" relativeResultsDirectory="70d227bc-6e3c-434d-818d-043b8e487903" />
    <UnitTestResult executionId="309271c3-e16d-407a-bccf-0b8dedbf78b8" testId="5fe06e96-7d1e-4cc3-cac1-7c226655aab9" testName="LicenseDeviceRow_Validate_DeletedRowCanBeReinstated_ChangesAccepted_Success" computerName="DKSR-EFI-06" duration="00:00:00.0014051" startTime="2024-01-09T15:45:00.3575078+01:00" endTime="2024-01-09T15:45:00.3575078+01:00" testType="13cdc9d9-ddb5-4fa4-a97d-d965ccfc6d4b" outcome="Passed" testListId="8c84fa94-04c1-424b-9868-57a2d4851a1d" relativeResultsDirectory="309271c3-e16d-407a-bccf-0b8dedbf78b8" />
    <UnitTestResult executionId="6e2184a1-b56f-4ac6-a291-9bfbe0aa52f1" testId="8e506078-644e-53c7-62ff-a2a238aea095" testName="UploadFileChunkCommandHandler_Execute_Failed_StorageQuotaExceeded" computerName="DKSR-EFI-06" duration="00:00:00.0007479" startTime="2024-01-09T15:46:00.4082739+01:00" endTime="2024-01-09T15:46:00.4082739+01:00" testType="13cdc9d9-ddb5-4fa4-a97d-d965ccfc6d4b" outcome="Passed" testListId="8c84fa94-04c1-424b-9868-57a2d4851a1d" relativeResultsDirectory="6e2184a1-b56f-4ac6-a291-9bfbe0aa52f1" />
    <UnitTestResult executionId="1e70f58f-4ef5-4dd6-8b79-cdd4fb48ec61" testId="20e55c18-53a2-de97-9c7c-7be4bc3878be" testName="UpdateHardwareTaskCommandHandler_Apply_NullExceptionCatch_Tests" computerName="DKSR-EFI-06" duration="00:00:00.0507523" startTime="2024-01-09T15:46:00.0956552+01:00" endTime="2024-01-09T15:46:00.1425482+01:00" testType="13cdc9d9-ddb5-4fa4-a97d-d965ccfc6d4b" outcome="Passed" testListId="8c84fa94-04c1-424b-9868-57a2d4851a1d" relativeResultsDirectory="1e70f58f-4ef5-4dd6-8b79-cdd4fb48ec61" />
    <UnitTestResult executionId="96abd282-5eed-413a-a7d7-d1bf52a00c0e" testId="2a6f4f46-f067-6560-f6b5-5d4fd1a8413c" testName="Validate_IsDeviceInChangesWithoutActivation_WithNullMac_ThrowsArgumentNullException" computerName="DKSR-EFI-06" duration="00:00:00.0009708" startTime="2024-01-09T15:45:00.1231296+01:00" endTime="2024-01-09T15:45:00.1231296+01:00" testType="13cdc9d9-ddb5-4fa4-a97d-d965ccfc6d4b" outcome="Passed" testListId="8c84fa94-04c1-424b-9868-57a2d4851a1d" relativeResultsDirectory="96abd282-5eed-413a-a7d7-d1bf52a00c0e" />
    <UnitTestResult executionId="8b8c6498-9a82-4b05-b277-dfe9c106db7e" testId="37fce9a1-160d-3d00-91df-c36cdcd7b891" testName="Ctor_SequencesComponentNull_ThrowsArgumentNullException" computerName="DKSR-EFI-06" duration="00:00:00.0013201" startTime="2024-01-09T15:43:42.9041672+01:00" endTime="2024-01-09T15:43:42.9197912+01:00" testType="13cdc9d9-ddb5-4fa4-a97d-d965ccfc6d4b" outcome="Passed" testListId="8c84fa94-04c1-424b-9868-57a2d4851a1d" relativeResultsDirectory="8b8c6498-9a82-4b05-b277-dfe9c106db7e" />
    <UnitTestResult executionId="731444f8-96a7-4221-8eb4-c3f7946a41e5" testId="63f6badc-75ca-49e3-34dc-16f32740f2dc" testName="IsActivationNeeded_True_ICP_DeviceReplaced" computerName="DKSR-EFI-06" duration="00:00:00.0996697" startTime="2024-01-09T15:45:13.0450139+01:00" endTime="2024-01-09T15:45:13.1387652+01:00" testType="13cdc9d9-ddb5-4fa4-a97d-d965ccfc6d4b" outcome="Passed" testListId="8c84fa94-04c1-424b-9868-57a2d4851a1d" relativeResultsDirectory="731444f8-96a7-4221-8eb4-c3f7946a41e5" />
    <UnitTestResult executionId="951f54ed-c057-4519-9fee-9ec575251fc8" testId="eb2612ac-8d6d-4d65-558d-64fe1b7124ea" testName="HardwareInCWAOnWhiteList_ReplacedWithInheritance_HardwareNotOnWhiteList_NoMoreCWAAllowed_FewerChannelsOnReplacedHardware_NewDevicesInGrace" computerName="DKSR-EFI-06" duration="00:00:00.2917156" startTime="2024-01-09T15:44:06.4042659+01:00" endTime="2024-01-09T15:44:06.7011410+01:00" testType="13cdc9d9-ddb5-4fa4-a97d-d965ccfc6d4b" outcome="Passed" testListId="8c84fa94-04c1-424b-9868-57a2d4851a1d" relativeResultsDirectory="951f54ed-c057-4519-9fee-9ec575251fc8" />
    <UnitTestResult executionId="258cacb2-4a02-46fd-8ff7-29c6ae702ee7" testId="8db4006b-09ed-19b8-394b-3946d8427802" testName="DatabaseResponseDiskUsages_ModelIsNull_BadRequestResult" computerName="DKSR-EFI-06" duration="00:00:00.0005651" startTime="2024-01-09T15:42:48.4352955+01:00" endTime="2024-01-09T15:42:48.4352955+01:00" testType="13cdc9d9-ddb5-4fa4-a97d-d965ccfc6d4b" outcome="Passed" testListId="8c84fa94-04c1-424b-9868-57a2d4851a1d" relativeResultsDirectory="258cacb2-4a02-46fd-8ff7-29c6ae702ee7" />
    <UnitTestResult executionId="22c65ba3-9f08-4a52-8f32-db99aacf7965" testId="cc8b7bde-b458-22a8-a947-beb6b6a1704f" testName="UpdateEvidenceLockSizesCommandHandlerTests_UpdateOneEvidenceLockSize_AllRecordersReturnedWithNegativeSizes_SuccessResponse" computerName="DKSR-EFI-06" duration="00:00:02.1216517" startTime="2024-01-09T15:45:50.3438546+01:00" endTime="2024-01-09T15:45:52.4692897+01:00" testType="13cdc9d9-ddb5-4fa4-a97d-d965ccfc6d4b" outcome="Passed" testListId="8c84fa94-04c1-424b-9868-57a2d4851a1d" relativeResultsDirectory="22c65ba3-9f08-4a52-8f32-db99aacf7965" />
    <UnitTestResult executionId="cd402127-a906-4a9a-ad0a-8e1500f18c8f" testId="f5dfafa0-a1b3-9bb5-02eb-b8571a3c70a5" testName="EvidenceLockOnOldRecorderCommandHandlerTests_OldRecV2_ConfigDelete1Row_FailSendComd" computerName="DKSR-EFI-06" duration="00:00:00.0649370" startTime="2024-01-09T15:45:37.6544706+01:00" endTime="2024-01-09T15:45:37.7169179+01:00" testType="13cdc9d9-ddb5-4fa4-a97d-d965ccfc6d4b" outcome="Passed" testListId="8c84fa94-04c1-424b-9868-57a2d4851a1d" relativeResultsDirectory="cd402127-a906-4a9a-ad0a-8e1500f18c8f" />
    <UnitTestResult executionId="fb59e62b-d488-48a9-abab-fe27d251d02d" testId="7ab8caca-a3ee-e6e6-36c5-2bcba348b5a2" testName="IsActivationNeeded_True_ICP_DeviceAdded" computerName="DKSR-EFI-06" duration="00:00:00.0714004" startTime="2024-01-09T15:45:12.9043905+01:00" endTime="2024-01-09T15:45:12.9825148+01:00" testType="13cdc9d9-ddb5-4fa4-a97d-d965ccfc6d4b" outcome="Passed" testListId="8c84fa94-04c1-424b-9868-57a2d4851a1d" relativeResultsDirectory="fb59e62b-d488-48a9-abab-fe27d251d02d" />
    <UnitTestResult executionId="34845e09-99b2-4da3-9ee2-d96e863c18f0" testId="e4a3b9e7-3a1f-3d64-878c-608bf44b6dad" testName="CreateLicenseInformationXml_Has10Unlicensed_On1HardwareWith10CameraChannels" computerName="DKSR-EFI-06" duration="00:00:00.1234888" startTime="2024-01-09T15:45:00.7793811+01:00" endTime="2024-01-09T15:45:00.9043818+01:00" testType="13cdc9d9-ddb5-4fa4-a97d-d965ccfc6d4b" outcome="Passed" testListId="8c84fa94-04c1-424b-9868-57a2d4851a1d" relativeResultsDirectory="34845e09-99b2-4da3-9ee2-d96e863c18f0" />
    <UnitTestResult executionId="4c0d89c3-355a-42f6-97a2-590661708343" testId="c858a481-0d0e-3988-c228-6802bc380da7" testName="CreateLicenseInformationXml_Has0InAllCounts_OnActivatedDisabledHardware" computerName="DKSR-EFI-06" duration="00:00:00.0127189" startTime="2024-01-09T15:45:01.8731173+01:00" endTime="2024-01-09T15:45:01.8887416+01:00" testType="13cdc9d9-ddb5-4fa4-a97d-d965ccfc6d4b" outcome="Passed" testListId="8c84fa94-04c1-424b-9868-57a2d4851a1d" relativeResultsDirectory="4c0d89c3-355a-42f6-97a2-590661708343">
      <Output>
        <StdOut>Debug Trace:&#xD;
Fail: Attribute value invalid. 'Index'&#xD;
Fail: Attribute value invalid. 'Index'&#xD;
Fail: Attribute value invalid. 'Index'&#xD;
Fail: Attribute value invalid. 'Index'&#xD;
Fail: Attribute value invalid. 'Index'&#xD;
Fail: Attribute value invalid. 'Index'&#xD;
Fail: Attribute value invalid. 'Index'&#xD;
Fail: Attribute value invalid. 'Index'&#xD;
Fail: Attribute value invalid. 'Index'&#xD;
Fail: Attribute value invalid. 'Index'</StdOut>
      </Output>
    </UnitTestResult>
    <UnitTestResult executionId="36c298a5-ec21-4c87-8dbb-ba4f5d87a343" testId="28e7a5d1-8f44-1572-7795-74ddeb231fc9" testName="HardwareScanExpressTaskCommandHandler_Execute_UnknownError_FailResponse" computerName="DKSR-EFI-06" duration="00:00:00.0014481" startTime="2024-01-09T15:45:38.3575440+01:00" endTime="2024-01-09T15:45:38.3575440+01:00" testType="13cdc9d9-ddb5-4fa4-a97d-d965ccfc6d4b" outcome="Passed" testListId="8c84fa94-04c1-424b-9868-57a2d4851a1d" relativeResultsDirectory="36c298a5-ec21-4c87-8dbb-ba4f5d87a343" />
    <UnitTestResult executionId="49f7d020-b9f9-4abd-9b86-8d805a1245ef" testId="dfc647d8-e7b7-3363-85d0-981b7c564f36" testName="CheckSecurityDataSetTest_NotLicensedPass" computerName="DKSR-EFI-06" duration="00:00:00.0015998" startTime="2024-01-09T15:45:00.4043819+01:00" endTime="2024-01-09T15:45:00.4043819+01:00" testType="13cdc9d9-ddb5-4fa4-a97d-d965ccfc6d4b" outcome="Passed" testListId="8c84fa94-04c1-424b-9868-57a2d4851a1d" relativeResultsDirectory="49f7d020-b9f9-4abd-9b86-8d805a1245ef" />
    <UnitTestResult executionId="15c8fcd4-f977-451f-b72e-8afc6f0077d5" testId="9673c392-00ec-21ab-3c0b-8793b3f794b4" testName="EventCollectorConstructor_Logger_Null" computerName="DKSR-EFI-06" duration="00:00:00.0005011" startTime="2024-01-09T15:42:44.4977809+01:00" endTime="2024-01-09T15:42:44.4977809+01:00" testType="13cdc9d9-ddb5-4fa4-a97d-d965ccfc6d4b" outcome="Passed" testListId="8c84fa94-04c1-424b-9868-57a2d4851a1d" relativeResultsDirectory="15c8fcd4-f977-451f-b72e-8afc6f0077d5" />
    <UnitTestResult executionId="607d4544-1719-4b2e-a49c-9f06ed4c01fa" testId="c5b6b720-03d0-f3a5-ddc2-0f57daed133f" testName="SetupInitialHardwareUserCommandHandler_Execute_ReturnsFailResponseOnEmptyRecorderId" computerName="DKSR-EFI-06" duration="00:00:00.0006484" startTime="2024-01-09T15:45:43.9827544+01:00" endTime="2024-01-09T15:45:43.9983868+01:00" testType="13cdc9d9-ddb5-4fa4-a97d-d965ccfc6d4b" outcome="Passed" testListId="8c84fa94-04c1-424b-9868-57a2d4851a1d" relativeResultsDirectory="607d4544-1719-4b2e-a49c-9f06ed4c01fa" />
    <UnitTestResult executionId="723708ad-d662-46b5-b82a-d9cec440eaf9" testId="5e3bdf58-1844-a1b4-806a-46eb12369c4c" testName="HardwareSetupInformationResponse_ModelIsNull_BadRequestResult" computerName="DKSR-EFI-06" duration="00:00:00.0007481" startTime="2024-01-09T15:42:48.3571677+01:00" endTime="2024-01-09T15:42:48.3571677+01:00" testType="13cdc9d9-ddb5-4fa4-a97d-d965ccfc6d4b" outcome="Passed" testListId="8c84fa94-04c1-424b-9868-57a2d4851a1d" relativeResultsDirectory="723708ad-d662-46b5-b82a-d9cec440eaf9" />
    <UnitTestResult executionId="2bfdf492-b873-42a3-b40b-d5e494d1346c" testId="8039a04f-aa3d-b9b0-cb5a-bbf13ecc63c0" testName="AllocateLicensesNotActivated_WhitelistedDriver_CWA_ThreeHardware_OneHardwareDisabled_OneHardwareNotWhitelisted_ValidateLicenseTypes" computerName="DKSR-EFI-06" duration="00:00:00.1194655" startTime="2024-01-09T15:44:33.3261859+01:00" endTime="2024-01-09T15:44:33.4511869+01:00" testType="13cdc9d9-ddb5-4fa4-a97d-d965ccfc6d4b" outcome="Passed" testListId="8c84fa94-04c1-424b-9868-57a2d4851a1d" relativeResultsDirectory="2bfdf492-b873-42a3-b40b-d5e494d1346c" />
    <UnitTestResult executionId="3f078190-8e43-4d15-8403-23a078527427" testId="c33ffea1-3ab4-6e2f-fc40-218179c394c7" testName="HardwareInCWANotOnWhiteList_ReplacedWithInheritance_HardwareOnWhiteList_NoMoreCWAAllowed_MoreChannelsOnReplacedHardware_NewHardwareInGrace" computerName="DKSR-EFI-06" duration="00:00:00.3073731" startTime="2024-01-09T15:44:06.9198901+01:00" endTime="2024-01-09T15:44:07.2167663+01:00" testType="13cdc9d9-ddb5-4fa4-a97d-d965ccfc6d4b" outcome="Passed" testListId="8c84fa94-04c1-424b-9868-57a2d4851a1d" relativeResultsDirectory="3f078190-8e43-4d15-8403-23a078527427" />
    <UnitTestResult executionId="4e47ab63-de55-439b-8b64-9e6a6a602f24" testId="79f071eb-e625-b2fd-6581-3da41d293199" testName="CleanUp_OldClientsRemoved_DebugLogMessage" computerName="DKSR-EFI-06" duration="00:00:00.0012743" startTime="2024-01-09T15:46:00.6271064+01:00" endTime="2024-01-09T15:46:00.6271064+01:00" testType="13cdc9d9-ddb5-4fa4-a97d-d965ccfc6d4b" outcome="Passed" testListId="8c84fa94-04c1-424b-9868-57a2d4851a1d" relativeResultsDirectory="4e47ab63-de55-439b-8b64-9e6a6a602f24" />
    <UnitTestResult executionId="169d3d5e-ef43-42b8-b55b-c1212ae1ed67" testId="d521a624-98c8-ffd7-d23b-ccfcf889cbc2" testName="RegisterRecorder_NoRecorderWorkTime_ServiceUnavailableResponseWithRetryAfter" computerName="DKSR-EFI-06" duration="00:00:00.0007531" startTime="2024-01-09T15:42:48.6696728+01:00" endTime="2024-01-09T15:42:48.6696728+01:00" testType="13cdc9d9-ddb5-4fa4-a97d-d965ccfc6d4b" outcome="Passed" testListId="8c84fa94-04c1-424b-9868-57a2d4851a1d" relativeResultsDirectory="169d3d5e-ef43-42b8-b55b-c1212ae1ed67" />
    <UnitTestResult executionId="6db91aae-8de3-4c94-a21e-8bfe60298fbc" testId="2b8fcca8-4ff4-62b3-63bc-a8f951917cd2" testName="ChannelLicenseCountManager_ReplacementHardware_IgnoresSecondAdd_OnSameMac" computerName="DKSR-EFI-06" duration="00:00:00.0001783" startTime="2024-01-09T15:44:59.9825021+01:00" endTime="2024-01-09T15:44:59.9825021+01:00" testType="13cdc9d9-ddb5-4fa4-a97d-d965ccfc6d4b" outcome="Passed" testListId="8c84fa94-04c1-424b-9868-57a2d4851a1d" relativeResultsDirectory="6db91aae-8de3-4c94-a21e-8bfe60298fbc" />
    <UnitTestResult executionId="038b9c52-0711-492e-bab7-e2e83ea9b0f6" testId="67cc226a-7fe1-9d05-a4e5-d17e740d4855" testName="TemporaryLicense_Ctor_DateTimeMaxValue_ArgumentException" computerName="DKSR-EFI-06" duration="00:00:00.0114690" startTime="2024-01-09T15:43:51.0448150+01:00" endTime="2024-01-09T15:43:51.0604409+01:00" testType="13cdc9d9-ddb5-4fa4-a97d-d965ccfc6d4b" outcome="Passed" testListId="8c84fa94-04c1-424b-9868-57a2d4851a1d" relativeResultsDirectory="038b9c52-0711-492e-bab7-e2e83ea9b0f6">
      <Output>
        <StdOut>Debug Trace:&#xD;
Fail: Argument invalid - must be UTC</StdOut>
      </Output>
    </UnitTestResult>
    <UnitTestResult executionId="d41da624-e3c6-48d1-a77b-66375c4f21e9" testId="308375a6-6b2f-0344-b263-18e6ea0c3b70" testName="UpdateSLCEnvironment_ReturnsValidSLC_ValidLicenseWithEmptyWhiteList" computerName="DKSR-EFI-06" duration="00:00:00.0025337" startTime="2024-01-09T15:45:25.7950405+01:00" endTime="2024-01-09T15:45:25.7950405+01:00" testType="13cdc9d9-ddb5-4fa4-a97d-d965ccfc6d4b" outcome="Passed" testListId="8c84fa94-04c1-424b-9868-57a2d4851a1d" relativeResultsDirectory="d41da624-e3c6-48d1-a77b-66375c4f21e9" />
    <UnitTestResult executionId="6030f4fa-cdfb-4944-b521-9df37df96aa8" testId="ce843775-f582-0f1d-bc7b-b8a7c6f03a72" testName="Simulate_ActivatedHardware_WhitelistedHardware_HardwareWithCameras_TwoRecordingServers_CountsAreCorrect" computerName="DKSR-EFI-06" duration="00:00:00.3146519" startTime="2024-01-09T15:44:48.1387215+01:00" endTime="2024-01-09T15:44:48.4668492+01:00" testType="13cdc9d9-ddb5-4fa4-a97d-d965ccfc6d4b" outcome="Passed" testListId="8c84fa94-04c1-424b-9868-57a2d4851a1d" relativeResultsDirectory="6030f4fa-cdfb-4944-b521-9df37df96aa8" />
    <UnitTestResult executionId="3fde0096-997d-49b3-ae5f-b2144752ae8d" testId="36e0cd72-0e2e-5379-e9f4-07e1826299b9" testName="HardwareScanExpressTaskCommandHandler_Execute_RecorderUnavailable_FailResponse" computerName="DKSR-EFI-06" duration="00:00:00.0031785" startTime="2024-01-09T15:45:38.3419219+01:00" endTime="2024-01-09T15:45:38.3419219+01:00" testType="13cdc9d9-ddb5-4fa4-a97d-d965ccfc6d4b" outcome="Passed" testListId="8c84fa94-04c1-424b-9868-57a2d4851a1d" relativeResultsDirectory="3fde0096-997d-49b3-ae5f-b2144752ae8d" />
    <UnitTestResult executionId="afdf0c6a-f189-47bf-a2b8-bcefa0c825aa" testId="2ed3a00a-4f7f-6fbf-f5bb-89f70e5e347a" testName="MoveHardwareTaskCommandHandler_Execute_DestinationRecorder_Not_Compatible_FailResponse" computerName="DKSR-EFI-06" duration="00:00:00.0011198" startTime="2024-01-09T15:45:41.4981718+01:00" endTime="2024-01-09T15:45:41.4981718+01:00" testType="13cdc9d9-ddb5-4fa4-a97d-d965ccfc6d4b" outcome="Passed" testListId="8c84fa94-04c1-424b-9868-57a2d4851a1d" relativeResultsDirectory="afdf0c6a-f189-47bf-a2b8-bcefa0c825aa" />
    <UnitTestResult executionId="d27bdf3b-7b12-44a5-97b7-837349153b6f" testId="95de269b-449d-9609-f541-f46b5a47c3a2" testName="GetRecorderTasksWithPendingStop_RecorderNotFoundException_Handled" computerName="DKSR-EFI-06" duration="00:00:00.0014466" startTime="2024-01-09T15:42:48.1696687+01:00" endTime="2024-01-09T15:42:48.1696687+01:00" testType="13cdc9d9-ddb5-4fa4-a97d-d965ccfc6d4b" outcome="Passed" testListId="8c84fa94-04c1-424b-9868-57a2d4851a1d" relativeResultsDirectory="d27bdf3b-7b12-44a5-97b7-837349153b6f" />
    <UnitTestResult executionId="ffab5b2b-6af8-49b5-8770-4c3b6d71b8cf" testId="e68e8d3d-cf88-e2fc-5096-d0c2a02bc9c2" testName="CheckConfigurationDataSetTest_DeviceMulticastNotLicensedFail" computerName="DKSR-EFI-06" duration="00:00:00.0023765" startTime="2024-01-09T15:45:00.5450068+01:00" endTime="2024-01-09T15:45:00.5606325+01:00" testType="13cdc9d9-ddb5-4fa4-a97d-d965ccfc6d4b" outcome="Passed" testListId="8c84fa94-04c1-424b-9868-57a2d4851a1d" relativeResultsDirectory="ffab5b2b-6af8-49b5-8770-4c3b6d71b8cf" />
    <UnitTestResult executionId="4393d6c7-1533-4294-9201-70040df469ea" testId="62e292ec-1e8c-b43c-455e-5da98455edd0" testName="UpdateHardwareTaskCommandHandler_Execute_HeartBeat_Exception_Tests" computerName="DKSR-EFI-06" duration="00:00:00.0161721" startTime="2024-01-09T15:45:59.5329324+01:00" endTime="2024-01-09T15:45:59.5485666+01:00" testType="13cdc9d9-ddb5-4fa4-a97d-d965ccfc6d4b" outcome="Passed" testListId="8c84fa94-04c1-424b-9868-57a2d4851a1d" relativeResultsDirectory="4393d6c7-1533-4294-9201-70040df469ea" />
    <UnitTestResult executionId="658a36cf-6a19-4c58-b3b5-df46542a5907" testId="490e7964-564a-533a-f8bb-4cc32aa32787" testName="EvidenceLockOnOldRecorderCommandHandlerTests_OldRecV1_ConfigAdd1RowEdge" computerName="DKSR-EFI-06" duration="00:00:00.0192910" startTime="2024-01-09T15:45:37.2637941+01:00" endTime="2024-01-09T15:45:37.2794215+01:00" testType="13cdc9d9-ddb5-4fa4-a97d-d965ccfc6d4b" outcome="Passed" testListId="8c84fa94-04c1-424b-9868-57a2d4851a1d" relativeResultsDirectory="658a36cf-6a19-4c58-b3b5-df46542a5907" />
    <UnitTestResult executionId="7b423a6d-f79f-44bc-9a34-ae39b0f90727" testId="2aedea52-d73b-acf1-0422-06a57a767fe9" testName="GetRecorderLicense_NonCameraDevicesInRecorderLicense_OnHardwareWithoutCamerasAndChannelLicensing" computerName="DKSR-EFI-06" duration="00:00:00.0226759" startTime="2024-01-09T15:45:15.7325216+01:00" endTime="2024-01-09T15:45:15.7637750+01:00" testType="13cdc9d9-ddb5-4fa4-a97d-d965ccfc6d4b" outcome="Passed" testListId="8c84fa94-04c1-424b-9868-57a2d4851a1d" relativeResultsDirectory="7b423a6d-f79f-44bc-9a34-ae39b0f90727" />
    <UnitTestResult executionId="838cd044-ce71-422c-ad32-cf8079e149d6" testId="486ff2e7-4ec1-c118-0fbd-3ce64d86652d" testName="CreateLicenseRequest_WithSystemBuilderLicenseRequest" computerName="DKSR-EFI-06" duration="00:00:00.4306526" startTime="2024-01-09T15:45:12.2950133+01:00" endTime="2024-01-09T15:45:12.7168888+01:00" testType="13cdc9d9-ddb5-4fa4-a97d-d965ccfc6d4b" outcome="Passed" testListId="8c84fa94-04c1-424b-9868-57a2d4851a1d" relativeResultsDirectory="838cd044-ce71-422c-ad32-cf8079e149d6" />
    <UnitTestResult executionId="308fa33b-a668-48b1-95fc-e90e4ba0be1e" testId="b9620a8c-f3e1-5558-91f6-f847710ba86c" testName="GetRecorderLicense_AddsHardwareToGrace_OnOldHardwareUsingReplacementLimit" computerName="DKSR-EFI-06" duration="00:00:00.0120766" startTime="2024-01-09T15:45:09.4668823+01:00" endTime="2024-01-09T15:45:09.4825090+01:00" testType="13cdc9d9-ddb5-4fa4-a97d-d965ccfc6d4b" outcome="Passed" testListId="8c84fa94-04c1-424b-9868-57a2d4851a1d" relativeResultsDirectory="308fa33b-a668-48b1-95fc-e90e4ba0be1e" />
    <UnitTestResult executionId="0c17655d-baee-420c-af01-3068e20f5b0c" testId="1e32982b-dcf0-dc6d-6443-5d1de7b120a4" testName="FilterTrackIds_ModelIsValid_CommandExecuted" computerName="DKSR-EFI-06" duration="00:00:00.0025885" startTime="2024-01-09T15:42:47.9821665+01:00" endTime="2024-01-09T15:42:47.9821665+01:00" testType="13cdc9d9-ddb5-4fa4-a97d-d965ccfc6d4b" outcome="Passed" testListId="8c84fa94-04c1-424b-9868-57a2d4851a1d" relativeResultsDirectory="0c17655d-baee-420c-af01-3068e20f5b0c" />
    <UnitTestResult executionId="1cbb0719-090e-4357-a724-e7744eec3760" testId="aab3a971-947d-ce24-4dfc-ab6ad28ff8a7" testName="AnalyzeAndCreateAuditLogs_AddedSecurityPermissionsMatrixRow_ReturnsOneAuditLog" computerName="DKSR-EFI-06" duration="00:00:00.0074127" startTime="2024-01-09T15:45:35.7637964+01:00" endTime="2024-01-09T15:45:35.7794212+01:00" testType="13cdc9d9-ddb5-4fa4-a97d-d965ccfc6d4b" outcome="Passed" testListId="8c84fa94-04c1-424b-9868-57a2d4851a1d" relativeResultsDirectory="1cbb0719-090e-4357-a724-e7744eec3760" />
    <UnitTestResult executionId="d0b2ce67-830a-4382-a209-805388a4f818" testId="53a59744-7860-30d1-542b-005864af02c5" testName="EvidenceLockOnOldRecorderCommandHandlerTests_OldRecV1_ConfigDelete1Row_NoRecorderIdFound" computerName="DKSR-EFI-06" duration="00:00:00.0186416" startTime="2024-01-09T15:45:37.4200466+01:00" endTime="2024-01-09T15:45:37.4356717+01:00" testType="13cdc9d9-ddb5-4fa4-a97d-d965ccfc6d4b" outcome="Passed" testListId="8c84fa94-04c1-424b-9868-57a2d4851a1d" relativeResultsDirectory="d0b2ce67-830a-4382-a209-805388a4f818" />
    <UnitTestResult executionId="d1ba7b15-be74-4dae-8490-56224bb0bca9" testId="0f5519ff-c247-6411-d38b-9a9f1b4227c9" testName="QueryDeviceEvidenceLockSizesResponse_ModelIsNull_BadRequestResult" computerName="DKSR-EFI-06" duration="00:00:00.0005046" startTime="2024-01-09T15:42:48.4821704+01:00" endTime="2024-01-09T15:42:48.4821704+01:00" testType="13cdc9d9-ddb5-4fa4-a97d-d965ccfc6d4b" outcome="Passed" testListId="8c84fa94-04c1-424b-9868-57a2d4851a1d" relativeResultsDirectory="d1ba7b15-be74-4dae-8490-56224bb0bca9" />
    <UnitTestResult executionId="b6ce39cc-5a97-40cd-9747-11b9de71cee5" testId="96b35467-e8c7-5287-b6fc-cdb670ef4dfa" testName="TemporaryLicense_HasCurrentYearToken_NextYear" computerName="DKSR-EFI-06" duration="00:00:00.0006937" startTime="2024-01-09T15:43:51.1229423+01:00" endTime="2024-01-09T15:43:51.1229423+01:00" testType="13cdc9d9-ddb5-4fa4-a97d-d965ccfc6d4b" outcome="Passed" testListId="8c84fa94-04c1-424b-9868-57a2d4851a1d" relativeResultsDirectory="b6ce39cc-5a97-40cd-9747-11b9de71cee5" />
    <UnitTestResult executionId="4b0ce7ab-91f6-493d-91f0-427721f5f33a" testId="b4298ca8-9752-bfa9-c052-cd715e74c130" testName="DeviceLicense_SetExpire_InvalidDate_MinDate_Throws_ArgumentOutOfRangeException" computerName="DKSR-EFI-06" duration="00:00:00.0010636" startTime="2024-01-09T15:45:34.1231752+01:00" endTime="2024-01-09T15:45:34.1387930+01:00" testType="13cdc9d9-ddb5-4fa4-a97d-d965ccfc6d4b" outcome="Passed" testListId="8c84fa94-04c1-424b-9868-57a2d4851a1d" relativeResultsDirectory="4b0ce7ab-91f6-493d-91f0-427721f5f33a" />
    <UnitTestResult executionId="283ee05c-e5ef-46e4-b945-c485e2fc06cd" testId="a2a89d92-b10c-ab05-ed49-b2582095664e" testName="LicenseCountManager_ReplacementHardware_ClearByRecorder_DoesNotChangeReplacementLimit_OnMultipleRecorders" computerName="DKSR-EFI-06" duration="00:00:00.0005614" startTime="2024-01-09T15:45:00.2950055+01:00" endTime="2024-01-09T15:45:00.2950055+01:00" testType="13cdc9d9-ddb5-4fa4-a97d-d965ccfc6d4b" outcome="Passed" testListId="8c84fa94-04c1-424b-9868-57a2d4851a1d" relativeResultsDirectory="283ee05c-e5ef-46e4-b945-c485e2fc06cd" />
    <UnitTestResult executionId="8aa9ccd7-6694-45e7-a639-eb0139eb5105" testId="9ab44632-9eaf-e3de-6707-27601cb7b327" testName="HardwareScanTaskCommandHandler_Execute_Arguments_Null_Throws" computerName="DKSR-EFI-06" duration="00:00:00.0044350" startTime="2024-01-09T15:45:38.3887937+01:00" endTime="2024-01-09T15:45:38.4044230+01:00" testType="13cdc9d9-ddb5-4fa4-a97d-d965ccfc6d4b" outcome="Passed" testListId="8c84fa94-04c1-424b-9868-57a2d4851a1d" relativeResultsDirectory="8aa9ccd7-6694-45e7-a639-eb0139eb5105">
      <Output>
        <StdOut>Debug Trace:&#xD;
Fail: Command/Command handler type mismatch&#xD;
Fail: The command handler expect an object that implements ICallContextInfo in the state parameter&#xD;
Fail: The command handler expect an object that implements IResponseSink in the responseSink parameter</StdOut>
      </Output>
    </UnitTestResult>
    <UnitTestResult executionId="fb5104c3-37ed-446c-aea6-613ae81b3796" testId="8a421678-ea17-08c5-7f74-f5f0fa3d8820" testName="HardwareInCWANotOnWhiteList_ReplacedWithInheritance_HardwareOnWhiteList_CWAAllowed_MoreChannelsOnReplacedHardware_NewHardwareInCWA" computerName="DKSR-EFI-06" duration="00:00:00.3092570" startTime="2024-01-09T15:44:12.9199110+01:00" endTime="2024-01-09T15:44:13.2324115+01:00" testType="13cdc9d9-ddb5-4fa4-a97d-d965ccfc6d4b" outcome="Passed" testListId="8c84fa94-04c1-424b-9868-57a2d4851a1d" relativeResultsDirectory="fb5104c3-37ed-446c-aea6-613ae81b3796" />
    <UnitTestResult executionId="d1f46ced-c06e-4d71-9618-73cc354bf00f" testId="09c63d31-7659-4b84-884f-69e5a80116b6" testName="TimeoutResponse_ModelIsValid_CommandExecuted" computerName="DKSR-EFI-06" duration="00:00:00.0005755" startTime="2024-01-09T15:42:48.2790445+01:00" endTime="2024-01-09T15:42:48.2946705+01:00" testType="13cdc9d9-ddb5-4fa4-a97d-d965ccfc6d4b" outcome="Passed" testListId="8c84fa94-04c1-424b-9868-57a2d4851a1d" relativeResultsDirectory="d1f46ced-c06e-4d71-9618-73cc354bf00f" />
    <UnitTestResult executionId="b7583a01-9b01-4a4f-b413-82e0f1b18b8d" testId="334cf599-d2a3-9075-1065-d417fa8f74fb" testName="CheckConfigurationDataSetTest_FailoverLicensedSuccess" computerName="DKSR-EFI-06" duration="00:00:00.0021030" startTime="2024-01-09T15:45:00.5293816+01:00" endTime="2024-01-09T15:45:00.5293816+01:00" testType="13cdc9d9-ddb5-4fa4-a97d-d965ccfc6d4b" outcome="Passed" testListId="8c84fa94-04c1-424b-9868-57a2d4851a1d" relativeResultsDirectory="b7583a01-9b01-4a4f-b413-82e0f1b18b8d" />
    <UnitTestResult executionId="39211382-179b-4418-a792-b4ad876ccee8" testId="d05db42a-dc66-40e0-b6b0-cc3a09010508" testName="UpdateHardwareDriverCommandHandler_Constructor_Arguments_Null_Throws" computerName="DKSR-EFI-06" duration="00:00:00.0057100" startTime="2024-01-09T15:45:58.8452925+01:00" endTime="2024-01-09T15:45:58.8452925+01:00" testType="13cdc9d9-ddb5-4fa4-a97d-d965ccfc6d4b" outcome="Passed" testListId="8c84fa94-04c1-424b-9868-57a2d4851a1d" relativeResultsDirectory="39211382-179b-4418-a792-b4ad876ccee8">
      <Output>
        <StdOut>Debug Trace:&#xD;
Fail: Argument null</StdOut>
      </Output>
    </UnitTestResult>
    <UnitTestResult executionId="e2165da9-ed04-4e1b-9572-5cdef9316095" testId="980097e6-1997-04c7-0639-e21ed0b80203" testName="ChannelLicenseCountManager_IsCameraFeedLicensedOnRecorder_NullHardwareInfo_ThrowsArgumentNullException" computerName="DKSR-EFI-06" duration="00:00:00.0011282" startTime="2024-01-09T15:44:59.7012528+01:00" endTime="2024-01-09T15:44:59.7012528+01:00" testType="13cdc9d9-ddb5-4fa4-a97d-d965ccfc6d4b" outcome="Passed" testListId="8c84fa94-04c1-424b-9868-57a2d4851a1d" relativeResultsDirectory="e2165da9-ed04-4e1b-9572-5cdef9316095" />
    <UnitTestResult executionId="8e51c796-6809-4296-bc41-e8f27dc43fb6" testId="4bb2727d-b9d4-6289-65c4-9870842194c7" testName="HardwareInCWAOnWhiteList_ReplacedWithInheritance_HardwareNotOnWhiteList_CWAAllowed_MoreChannelsOnReplacedHardware_AllDevicesInCWA" computerName="DKSR-EFI-06" duration="00:00:00.4113183" startTime="2024-01-09T15:44:10.5761527+01:00" endTime="2024-01-09T15:44:10.9980307+01:00" testType="13cdc9d9-ddb5-4fa4-a97d-d965ccfc6d4b" outcome="Passed" testListId="8c84fa94-04c1-424b-9868-57a2d4851a1d" relativeResultsDirectory="8e51c796-6809-4296-bc41-e8f27dc43fb6" />
    <UnitTestResult executionId="8b3d5857-41b9-4a86-a081-3dfeee52bd7a" testId="86fe6701-6291-43a1-0223-d9d4531dd84f" testName="AddHardwareUserCommandHandler_Execute_ReturnsFailResponseOnEmptyRecorderId" computerName="DKSR-EFI-06" duration="00:00:00.0008238" startTime="2024-01-09T15:45:34.5919210+01:00" endTime="2024-01-09T15:45:34.5919210+01:00" testType="13cdc9d9-ddb5-4fa4-a97d-d965ccfc6d4b" outcome="Passed" testListId="8c84fa94-04c1-424b-9868-57a2d4851a1d" relativeResultsDirectory="8b3d5857-41b9-4a86-a081-3dfeee52bd7a" />
    <UnitTestResult executionId="a02bb1db-86c2-4192-b721-3b814913955c" testId="634a7857-4161-c208-2b7c-4392dc6f68a9" testName="EvidenceLockOnOldRecorderCommandHandlerTests_OldRecV1_ConfigEdit1RowExtra_Ignored" computerName="DKSR-EFI-06" duration="00:00:00.0174227" startTime="2024-01-09T15:45:37.3742825+01:00" endTime="2024-01-09T15:45:37.3888013+01:00" testType="13cdc9d9-ddb5-4fa4-a97d-d965ccfc6d4b" outcome="Passed" testListId="8c84fa94-04c1-424b-9868-57a2d4851a1d" relativeResultsDirectory="a02bb1db-86c2-4192-b721-3b814913955c" />
    <UnitTestResult executionId="b51c8c00-66e8-4152-a74f-f8018fc50ebb" testId="ef0d4402-3320-910c-2b0b-4abb1b8f0aac" testName="Validate_CalculationResultsContainsNoDuplicates_Success" computerName="DKSR-EFI-06" duration="00:00:00.0083655" startTime="2024-01-09T15:45:02.0137440+01:00" endTime="2024-01-09T15:45:02.0137440+01:00" testType="13cdc9d9-ddb5-4fa4-a97d-d965ccfc6d4b" outcome="Passed" testListId="8c84fa94-04c1-424b-9868-57a2d4851a1d" relativeResultsDirectory="b51c8c00-66e8-4152-a74f-f8018fc50ebb" />
    <UnitTestResult executionId="173ae06b-1a43-41c8-8b40-ff5a3d138eb0" testId="6b29d7a2-aa0e-5535-a006-1187f35912c4" testName="HardwareInCWAOnWhiteList_ReplacedWithInheritance_HardwareOnWhiteList_CWAAllowed_NewHardwareInCWA" computerName="DKSR-EFI-06" duration="00:00:00.1072916" startTime="2024-01-09T15:44:03.8573860+01:00" endTime="2024-01-09T15:44:03.9667631+01:00" testType="13cdc9d9-ddb5-4fa4-a97d-d965ccfc6d4b" outcome="Passed" testListId="8c84fa94-04c1-424b-9868-57a2d4851a1d" relativeResultsDirectory="173ae06b-1a43-41c8-8b40-ff5a3d138eb0" />
    <UnitTestResult executionId="8c382433-52d8-46bd-b17d-9ef47fd5773b" testId="33394072-2e37-ffe9-9ac0-6514083c90b1" testName="DeleteIdpUserTaskCommandHandlerTests_Constructor_Arguments_Null_Throws" computerName="DKSR-EFI-06" duration="00:00:00.0011893" startTime="2024-01-09T15:45:36.8887981+01:00" endTime="2024-01-09T15:45:36.9044207+01:00" testType="13cdc9d9-ddb5-4fa4-a97d-d965ccfc6d4b" outcome="Passed" testListId="8c84fa94-04c1-424b-9868-57a2d4851a1d" relativeResultsDirectory="8c382433-52d8-46bd-b17d-9ef47fd5773b" />
    <UnitTestResult executionId="992b553e-ddbe-4c8f-86be-080b8d7bab99" testId="8c8d368d-889c-b4a3-7811-4e347a011909" testName="HardwareLicense_FindByHardwareInfo_ValidInstance_Success" computerName="DKSR-EFI-06" duration="00:00:00.0007176" startTime="2024-01-09T15:45:34.0294245+01:00" endTime="2024-01-09T15:45:34.0450447+01:00" testType="13cdc9d9-ddb5-4fa4-a97d-d965ccfc6d4b" outcome="Passed" testListId="8c84fa94-04c1-424b-9868-57a2d4851a1d" relativeResultsDirectory="992b553e-ddbe-4c8f-86be-080b8d7bab99" />
    <UnitTestResult executionId="d321ba78-fac4-46b9-9aee-d2ecd6a5200d" testId="ef98307e-e332-24fb-e960-16fa4b8c11bc" testName="Recorder_FindById_Returns_Null" computerName="DKSR-EFI-06" duration="00:00:00.0002355" startTime="2024-01-09T15:45:33.9669226+01:00" endTime="2024-01-09T15:45:33.9669226+01:00" testType="13cdc9d9-ddb5-4fa4-a97d-d965ccfc6d4b" outcome="Passed" testListId="8c84fa94-04c1-424b-9868-57a2d4851a1d" relativeResultsDirectory="d321ba78-fac4-46b9-9aee-d2ecd6a5200d" />
    <UnitTestResult executionId="63b6c5b6-ba30-45f4-b492-5be9debf2dac" testId="4edb745b-4b4d-b8b2-ec92-d585f82d95b2" testName="ErrorResponse_ModelIsValid_CommandExecuted" computerName="DKSR-EFI-06" duration="00:00:00.0015488" startTime="2024-01-09T15:42:48.2634616+01:00" endTime="2024-01-09T15:42:48.2634616+01:00" testType="13cdc9d9-ddb5-4fa4-a97d-d965ccfc6d4b" outcome="Passed" testListId="8c84fa94-04c1-424b-9868-57a2d4851a1d" relativeResultsDirectory="63b6c5b6-ba30-45f4-b492-5be9debf2dac" />
    <UnitTestResult executionId="8736ad7c-9561-45a1-89bf-bd71491e1f1d" testId="edc878a0-a43a-73ef-acb0-37577f353475" testName="AutomaticActivationFaileEvent_GetsFiredOnlyOnce_OnConsecutiveFailedActivations" computerName="DKSR-EFI-06" duration="00:00:00.0005951" startTime="2024-01-09T15:43:51.0291891+01:00" endTime="2024-01-09T15:43:51.0291891+01:00" testType="13cdc9d9-ddb5-4fa4-a97d-d965ccfc6d4b" outcome="Passed" testListId="8c84fa94-04c1-424b-9868-57a2d4851a1d" relativeResultsDirectory="8736ad7c-9561-45a1-89bf-bd71491e1f1d" />
    <UnitTestResult executionId="420fcef6-4dfc-4977-8097-20353446068e" testId="e4ad2a15-98c6-1291-fbd4-50b2d4dd7302" testName="SetupInitialHardwareUserCommandHandler_Execute_ReturnsFailResponseOnEmptyRecorderServiceId" computerName="DKSR-EFI-06" duration="00:00:00.0007430" startTime="2024-01-09T15:45:43.9983868+01:00" endTime="2024-01-09T15:45:43.9983868+01:00" testType="13cdc9d9-ddb5-4fa4-a97d-d965ccfc6d4b" outcome="Passed" testListId="8c84fa94-04c1-424b-9868-57a2d4851a1d" relativeResultsDirectory="420fcef6-4dfc-4977-8097-20353446068e" />
    <UnitTestResult executionId="1a6833a1-e001-435e-bd18-ab450ff53bdc" testId="ae22dca9-2c0d-4866-9901-227de3fea027" testName="ReportManualRecordingStateCommand_ModelIsValid_CommandExecuted" computerName="DKSR-EFI-06" duration="00:00:00.0009929" startTime="2024-01-09T15:42:47.8571660+01:00" endTime="2024-01-09T15:42:47.8571660+01:00" testType="13cdc9d9-ddb5-4fa4-a97d-d965ccfc6d4b" outcome="Passed" testListId="8c84fa94-04c1-424b-9868-57a2d4851a1d" relativeResultsDirectory="1a6833a1-e001-435e-bd18-ab450ff53bdc" />
    <UnitTestResult executionId="7a6f3565-a361-4d80-a378-b350f80ef43b" testId="2c8ebbf0-442d-6673-0b05-ad9143b4c52d" testName="LicenseInfoXmlWriter_Throw_Constructor_LicenseManagerNullValue" computerName="DKSR-EFI-06" duration="00:00:00.0007404" startTime="2024-01-09T15:45:00.6856342+01:00" endTime="2024-01-09T15:45:00.6856342+01:00" testType="13cdc9d9-ddb5-4fa4-a97d-d965ccfc6d4b" outcome="Passed" testListId="8c84fa94-04c1-424b-9868-57a2d4851a1d" relativeResultsDirectory="7a6f3565-a361-4d80-a378-b350f80ef43b" />
    <UnitTestResult executionId="7cafdabf-5067-4681-9d35-a94012eb36e1" testId="e9d6d2f7-78f4-cd67-90f0-55662de68fd1" testName="ChangeHardwarePasswordRuleAction_Execute_TaskCreationQueryThrowsNotSupportedException_ErrorLogsCreated" computerName="DKSR-EFI-06" duration="00:00:00.0549703" startTime="2024-01-09T15:43:31.7322528+01:00" endTime="2024-01-09T15:43:31.7791285+01:00" testType="13cdc9d9-ddb5-4fa4-a97d-d965ccfc6d4b" outcome="Passed" testListId="8c84fa94-04c1-424b-9868-57a2d4851a1d" relativeResultsDirectory="7cafdabf-5067-4681-9d35-a94012eb36e1" />
    <UnitTestResult executionId="23f6a150-0839-4481-8487-42d8cbf25e4e" testId="b47967dd-ebf4-c080-e70d-64c8aed86b3c" testName="Constructor_LoggerIsNull_ArgumentNullExceptionThrown" computerName="DKSR-EFI-06" duration="00:00:00.0010339" startTime="2024-01-09T15:42:48.2165437+01:00" endTime="2024-01-09T15:42:48.2321700+01:00" testType="13cdc9d9-ddb5-4fa4-a97d-d965ccfc6d4b" outcome="Passed" testListId="8c84fa94-04c1-424b-9868-57a2d4851a1d" relativeResultsDirectory="23f6a150-0839-4481-8487-42d8cbf25e4e" />
    <UnitTestResult executionId="672491a8-4849-479f-b9e0-003ac2fbb9b1" testId="7764b362-e870-3b15-8212-d8142ee87fe5" testName="ChangesWithoutActivation_Hardware_AppearsActivated_AfterOneYear" computerName="DKSR-EFI-06" duration="00:00:00.1236659" startTime="2024-01-09T15:44:39.0761873+01:00" endTime="2024-01-09T15:44:39.1855627+01:00" testType="13cdc9d9-ddb5-4fa4-a97d-d965ccfc6d4b" outcome="Passed" testListId="8c84fa94-04c1-424b-9868-57a2d4851a1d" relativeResultsDirectory="672491a8-4849-479f-b9e0-003ac2fbb9b1" />
    <UnitTestResult executionId="c69a7398-a663-44b2-948a-cc677cf03d76" testId="ec44a99e-89cd-c3d4-13d7-075ed8b19dd0" testName="Simulate_GracePeriodExpiring_SuccesfullyExpiresHardware_Whitelisted" computerName="DKSR-EFI-06" duration="00:00:00.2049454" startTime="2024-01-09T15:44:42.7324506+01:00" endTime="2024-01-09T15:44:42.9512029+01:00" testType="13cdc9d9-ddb5-4fa4-a97d-d965ccfc6d4b" outcome="Passed" testListId="8c84fa94-04c1-424b-9868-57a2d4851a1d" relativeResultsDirectory="c69a7398-a663-44b2-948a-cc677cf03d76" />
    <UnitTestResult executionId="f25b4c9a-8fb8-47db-a7b7-cf904ddc79f0" testId="40d22751-bcc1-822d-b412-9e2e8029bb57" testName="ProcessConfigurationChangeTasks_UpdateUpdateUpdate_All_Batched" computerName="DKSR-EFI-06" duration="00:00:00.0580523" startTime="2024-01-09T15:43:11.9822326+01:00" endTime="2024-01-09T15:43:12.0447349+01:00" testType="13cdc9d9-ddb5-4fa4-a97d-d965ccfc6d4b" outcome="Passed" testListId="8c84fa94-04c1-424b-9868-57a2d4851a1d" relativeResultsDirectory="f25b4c9a-8fb8-47db-a7b7-cf904ddc79f0" />
    <UnitTestResult executionId="2bedc6f5-fe07-4634-9958-ba5d5a24ef5b" testId="03dc18b2-6dc1-9d25-a982-2b0e7389d0a6" testName="UpdateHardwareTaskCommandHandler_Apply_Unchanged_Tests" computerName="DKSR-EFI-06" duration="00:00:00.0530955" startTime="2024-01-09T15:46:00.1425482+01:00" endTime="2024-01-09T15:46:00.2050702+01:00" testType="13cdc9d9-ddb5-4fa4-a97d-d965ccfc6d4b" outcome="Passed" testListId="8c84fa94-04c1-424b-9868-57a2d4851a1d" relativeResultsDirectory="2bedc6f5-fe07-4634-9958-ba5d5a24ef5b" />
    <UnitTestResult executionId="91bf2b85-ecee-4ac8-84ec-0dbc1d06f3bb" testId="23485ec5-762d-f047-ff01-6c531ff41e58" testName="CheckExternalRecorderRegistrationCommandHandler_Execute_ReturnsFailResponseOnEmptyRecorderServiceId" computerName="DKSR-EFI-06" duration="00:00:00.0007304" startTime="2024-01-09T15:45:34.8575437+01:00" endTime="2024-01-09T15:45:34.8575437+01:00" testType="13cdc9d9-ddb5-4fa4-a97d-d965ccfc6d4b" outcome="Passed" testListId="8c84fa94-04c1-424b-9868-57a2d4851a1d" relativeResultsDirectory="91bf2b85-ecee-4ac8-84ec-0dbc1d06f3bb" />
    <UnitTestResult executionId="619a1453-9835-4bf8-8177-4a61bd787382" testId="943d231e-70f8-ceaa-0060-065fafdfea23" testName="UpdateLicense_AllocatesOneLicense_OnSameHwOnTwoRecordingServers" computerName="DKSR-EFI-06" duration="00:00:00.0286481" startTime="2024-01-09T15:45:17.0137757+01:00" endTime="2024-01-09T15:45:17.0450256+01:00" testType="13cdc9d9-ddb5-4fa4-a97d-d965ccfc6d4b" outcome="Passed" testListId="8c84fa94-04c1-424b-9868-57a2d4851a1d" relativeResultsDirectory="619a1453-9835-4bf8-8177-4a61bd787382" />
    <UnitTestResult executionId="34b268c3-b240-4740-ad03-2606ee1e1c23" testId="1389943b-4293-d76b-fe95-fad83a372c2c" testName="AnalyzeAndCreateAuditLogs_ModifiedTimeProfileDefaultRoleRelationRow_ReturnsOneAuditLog" computerName="DKSR-EFI-06" duration="00:00:00.0044173" startTime="2024-01-09T15:45:35.8106741+01:00" endTime="2024-01-09T15:45:35.8106741+01:00" testType="13cdc9d9-ddb5-4fa4-a97d-d965ccfc6d4b" outcome="Passed" testListId="8c84fa94-04c1-424b-9868-57a2d4851a1d" relativeResultsDirectory="34b268c3-b240-4740-ad03-2606ee1e1c23" />
    <UnitTestResult executionId="4ff4f122-caab-40e0-b439-f3b5e8780dcc" testId="29262fbc-e929-4761-ebd6-59dea368b6f8" testName="PtzReserveSessionResponse_ModelIsValid_CommandExecuted" computerName="DKSR-EFI-06" duration="00:00:00.0016581" startTime="2024-01-09T15:42:48.3415432+01:00" endTime="2024-01-09T15:42:48.3415432+01:00" testType="13cdc9d9-ddb5-4fa4-a97d-d965ccfc6d4b" outcome="Passed" testListId="8c84fa94-04c1-424b-9868-57a2d4851a1d" relativeResultsDirectory="4ff4f122-caab-40e0-b439-f3b5e8780dcc" />
    <UnitTestResult executionId="118861b8-7a9b-48a1-8798-345731c63fa5" testId="d845b233-ac5e-a167-2fe4-a3b1d9f6146c" testName="AnalyzeAndCreateAuditLogs_ModifiedSecurityPermissionsDeviceRowAllVariationsThatGiveAuditLog_ReturnsOneAuditLog" computerName="DKSR-EFI-06" duration="00:00:00.0202400" startTime="2024-01-09T15:45:35.5919205+01:00" endTime="2024-01-09T15:45:35.6075444+01:00" testType="13cdc9d9-ddb5-4fa4-a97d-d965ccfc6d4b" outcome="Passed" testListId="8c84fa94-04c1-424b-9868-57a2d4851a1d" relativeResultsDirectory="118861b8-7a9b-48a1-8798-345731c63fa5" />
    <UnitTestResult executionId="1d35e989-c1de-487c-a6ed-be396417cfa9" testId="19d5ea60-ef13-31bf-4dc7-ab7d29a648c4" testName="CreateLicenseInformationXml_Has10GraceICP_On1GraceICPHardwareWith10Cameras" computerName="DKSR-EFI-06" duration="00:00:00.0201837" startTime="2024-01-09T15:45:01.6543671+01:00" endTime="2024-01-09T15:45:01.6856172+01:00" testType="13cdc9d9-ddb5-4fa4-a97d-d965ccfc6d4b" outcome="Passed" testListId="8c84fa94-04c1-424b-9868-57a2d4851a1d" relativeResultsDirectory="1d35e989-c1de-487c-a6ed-be396417cfa9">
      <Output>
        <StdOut>Debug Trace:&#xD;
Fail: Attribute value invalid. 'Index'&#xD;
Fail: Attribute value invalid. 'Index'&#xD;
Fail: Attribute value invalid. 'Index'&#xD;
Fail: Attribute value invalid. 'Index'&#xD;
Fail: Attribute value invalid. 'Index'&#xD;
Fail: Attribute value invalid. 'Index'&#xD;
Fail: Attribute value invalid. 'Index'&#xD;
Fail: Attribute value invalid. 'Index'&#xD;
Fail: Attribute value invalid. 'Index'&#xD;
Fail: Attribute value invalid. 'Index'</StdOut>
      </Output>
    </UnitTestResult>
    <UnitTestResult executionId="9d441691-388e-45a3-97d0-cdb409834225" testId="77d3fe13-3564-015d-7a4f-d66cf1691384" testName="ReleasePtzSessionResponse_ModelIsNull_BadRequestResult" computerName="DKSR-EFI-06" duration="00:00:00.0009026" startTime="2024-01-09T15:42:48.3259197+01:00" endTime="2024-01-09T15:42:48.3259197+01:00" testType="13cdc9d9-ddb5-4fa4-a97d-d965ccfc6d4b" outcome="Passed" testListId="8c84fa94-04c1-424b-9868-57a2d4851a1d" relativeResultsDirectory="9d441691-388e-45a3-97d0-cdb409834225" />
    <UnitTestResult executionId="f6048f61-a320-431e-af56-b4a14ff97817" testId="94453bdb-2d5d-84cc-0c06-801c9afddaf9" testName="ReplaceHardwareTaskCommandHandler_DeviceMapper_MultipleTypes_DifferentDeviceCount_WithDelete_Success" computerName="DKSR-EFI-06" duration="00:00:00.0030347" startTime="2024-01-09T15:45:43.9046036+01:00" endTime="2024-01-09T15:45:43.9046036+01:00" testType="13cdc9d9-ddb5-4fa4-a97d-d965ccfc6d4b" outcome="Passed" testListId="8c84fa94-04c1-424b-9868-57a2d4851a1d" relativeResultsDirectory="f6048f61-a320-431e-af56-b4a14ff97817" />
    <UnitTestResult executionId="5448d7e4-a9c0-45c7-a313-5daca158f9e9" testId="85c966cb-c8a4-0c1a-1dd8-86769a853ac4" testName="MoveHardwareTaskCommandHandler_Execute_Check_Drivers_Throws_SqlException_Success_With_Warnings" computerName="DKSR-EFI-06" duration="00:00:00.1731476" startTime="2024-01-09T15:45:41.2950434+01:00" endTime="2024-01-09T15:45:41.4669189+01:00" testType="13cdc9d9-ddb5-4fa4-a97d-d965ccfc6d4b" outcome="Passed" testListId="8c84fa94-04c1-424b-9868-57a2d4851a1d" relativeResultsDirectory="5448d7e4-a9c0-45c7-a313-5daca158f9e9">
      <Output>
        <StdOut>Progress: 10&#xD;
Progress: 20&#xD;
Progress: 30&#xD;
Progress: 35&#xD;
Progress: 40&#xD;
Progress: 42&#xD;
Progress: 44&#xD;
Progress: 60&#xD;
Progress: 70&#xD;
Progress: 80&#xD;
Progress: 90&#xD;
Progress: 95&#xD;
Progress: 100</StdOut>
      </Output>
    </UnitTestResult>
    <UnitTestResult executionId="23b53e39-290d-4a96-b97e-9810215d8f49" testId="7b8de1e5-9337-d62a-9f21-d2fb01f50c30" testName="GetRecorderLicense_AddsHardwareToReplacementLimit_OnNotLicensedHardware" computerName="DKSR-EFI-06" duration="00:00:00.0137478" startTime="2024-01-09T15:45:09.4356336+01:00" endTime="2024-01-09T15:45:09.4513091+01:00" testType="13cdc9d9-ddb5-4fa4-a97d-d965ccfc6d4b" outcome="Passed" testListId="8c84fa94-04c1-424b-9868-57a2d4851a1d" relativeResultsDirectory="23b53e39-290d-4a96-b97e-9810215d8f49" />
    <UnitTestResult executionId="8eb2b708-e98a-4bf9-84a3-33663ae01699" testId="f499f5ec-ad18-8304-64bd-c766451387c9" testName="ProgressResponse_ModelIsNull_BadRequestResult" computerName="DKSR-EFI-06" duration="00:00:00.0005623" startTime="2024-01-09T15:42:48.2946705+01:00" endTime="2024-01-09T15:42:48.2946705+01:00" testType="13cdc9d9-ddb5-4fa4-a97d-d965ccfc6d4b" outcome="Passed" testListId="8c84fa94-04c1-424b-9868-57a2d4851a1d" relativeResultsDirectory="8eb2b708-e98a-4bf9-84a3-33663ae01699" />
    <UnitTestResult executionId="e7c9b2be-5ae4-48ba-bc3a-cee276977c6a" testId="5396c2c8-6074-1211-7d0e-1298ff50c59b" testName="PrepareMoveHardwareResponse_ModelIsNull_BadRequestResult" computerName="DKSR-EFI-06" duration="00:00:00.0010408" startTime="2024-01-09T15:42:48.4196695+01:00" endTime="2024-01-09T15:42:48.4196695+01:00" testType="13cdc9d9-ddb5-4fa4-a97d-d965ccfc6d4b" outcome="Passed" testListId="8c84fa94-04c1-424b-9868-57a2d4851a1d" relativeResultsDirectory="e7c9b2be-5ae4-48ba-bc3a-cee276977c6a" />
    <UnitTestResult executionId="3f2df093-202d-498a-87ee-a603703b20d1" testId="1d68fd44-a83f-ce8d-5546-5210a12a7d3f" testName="TemporaryLicense_SetChangesWithoutActivationToken_SetsTokenToNotStringEmpty" computerName="DKSR-EFI-06" duration="00:00:00.0012481" startTime="2024-01-09T15:43:51.1073147+01:00" endTime="2024-01-09T15:43:51.1073147+01:00" testType="13cdc9d9-ddb5-4fa4-a97d-d965ccfc6d4b" outcome="Passed" testListId="8c84fa94-04c1-424b-9868-57a2d4851a1d" relativeResultsDirectory="3f2df093-202d-498a-87ee-a603703b20d1" />
    <UnitTestResult executionId="9191b8fa-4142-459f-80da-496b70575a30" testId="5f45f17d-a145-db08-0bf7-7fe0763a6e6a" testName="HardwareScanExpressTaskCommandHandler_Execute_RegisterSession_FailResponse" computerName="DKSR-EFI-06" duration="00:00:00.0011825" startTime="2024-01-09T15:45:38.3419219+01:00" endTime="2024-01-09T15:45:38.3419219+01:00" testType="13cdc9d9-ddb5-4fa4-a97d-d965ccfc6d4b" outcome="Passed" testListId="8c84fa94-04c1-424b-9868-57a2d4851a1d" relativeResultsDirectory="9191b8fa-4142-459f-80da-496b70575a30" />
    <UnitTestResult executionId="176ea3c3-1b2c-44b7-a3f6-8daa424cca5b" testId="2e3b4342-1265-efa1-b8b0-a70d9afa0a25" testName="ChangesWithoutActivation_AppearsActivated_GraceDevicesEnterCWA_AfterOneYear" computerName="DKSR-EFI-06" duration="00:00:00.4152976" startTime="2024-01-09T15:44:38.6543092+01:00" endTime="2024-01-09T15:44:39.0605646+01:00" testType="13cdc9d9-ddb5-4fa4-a97d-d965ccfc6d4b" outcome="Passed" testListId="8c84fa94-04c1-424b-9868-57a2d4851a1d" relativeResultsDirectory="176ea3c3-1b2c-44b7-a3f6-8daa424cca5b" />
    <UnitTestResult executionId="87ca0f21-517a-4e0e-ada0-d2600539aa01" testId="a2f1447d-309c-7b8f-f7c4-bb2a932bcd02" testName="ChannelLicenseCountManager_ICP_CorrectCount" computerName="DKSR-EFI-06" duration="00:00:00.0007843" startTime="2024-01-09T15:44:59.9981286+01:00" endTime="2024-01-09T15:44:59.9981286+01:00" testType="13cdc9d9-ddb5-4fa4-a97d-d965ccfc6d4b" outcome="Passed" testListId="8c84fa94-04c1-424b-9868-57a2d4851a1d" relativeResultsDirectory="87ca0f21-517a-4e0e-ada0-d2600539aa01" />
    <UnitTestResult executionId="872b2922-472a-4075-b41e-bbb5b5d4d610" testId="2a9b3a3d-4f97-55c6-855a-5890500f2aa0" testName="AllocateLicenses_OneICPHardwareWithTenCamerasNoNormalHardware_OnTenICPLicenses" computerName="DKSR-EFI-06" duration="00:00:00.0539394" startTime="2024-01-09T15:44:38.1074369+01:00" endTime="2024-01-09T15:44:38.1543161+01:00" testType="13cdc9d9-ddb5-4fa4-a97d-d965ccfc6d4b" outcome="Passed" testListId="8c84fa94-04c1-424b-9868-57a2d4851a1d" relativeResultsDirectory="872b2922-472a-4075-b41e-bbb5b5d4d610" />
    <UnitTestResult executionId="7a0d9263-e845-40ad-9b7a-d9e2949a0bb9" testId="4e49a046-f54e-4cc2-9d84-c8faf2cba8c3" testName="QueueAutomaticActivation_QueuesNewActivation_OnFirstCall" computerName="DKSR-EFI-06" duration="00:00:00.0033604" startTime="2024-01-09T15:43:43.2166662+01:00" endTime="2024-01-09T15:43:43.2166662+01:00" testType="13cdc9d9-ddb5-4fa4-a97d-d965ccfc6d4b" outcome="Passed" testListId="8c84fa94-04c1-424b-9868-57a2d4851a1d" relativeResultsDirectory="7a0d9263-e845-40ad-9b7a-d9e2949a0bb9" />
    <UnitTestResult executionId="7844f79b-8b63-41b9-affe-03b78f1a807e" testId="95000700-54cd-aa4b-5aca-fefb237bd275" testName="AnalyzeAndCreateAuditLogs_AddedSecurityPermissionsDeviceRowWithDEVICESPEAKPRIORITYAtrributeDefaultPriority_ReturnsOneAuditLog" computerName="DKSR-EFI-06" duration="00:00:00.0033172" startTime="2024-01-09T15:45:35.6856710+01:00" endTime="2024-01-09T15:45:35.7012995+01:00" testType="13cdc9d9-ddb5-4fa4-a97d-d965ccfc6d4b" outcome="Passed" testListId="8c84fa94-04c1-424b-9868-57a2d4851a1d" relativeResultsDirectory="7844f79b-8b63-41b9-affe-03b78f1a807e" />
    <UnitTestResult executionId="8d44d402-d198-4a10-98f3-04f19826d159" testId="1b93defe-26ac-fe8a-6ccd-4d70d705374c" testName="LicenseCountManager_GetRelatedRecordingServers_InvalidMac_Null_Throws_ArgumentNullException" computerName="DKSR-EFI-06" duration="00:00:00.0005378" startTime="2024-01-09T15:45:00.2012585+01:00" endTime="2024-01-09T15:45:00.2012585+01:00" testType="13cdc9d9-ddb5-4fa4-a97d-d965ccfc6d4b" outcome="Passed" testListId="8c84fa94-04c1-424b-9868-57a2d4851a1d" relativeResultsDirectory="8d44d402-d198-4a10-98f3-04f19826d159" />
    <UnitTestResult executionId="350580d9-6450-49c4-b665-cbcb6893de31" testId="f6fbd111-7c7f-0e56-9651-5894ead3ac95" testName="ChangeHardwarePasswordTaskCommandHandler_Execute_Failed_ExceptionResponse" computerName="DKSR-EFI-06" duration="00:00:00.0012096" startTime="2024-01-09T15:45:34.7325451+01:00" endTime="2024-01-09T15:45:34.7325451+01:00" testType="13cdc9d9-ddb5-4fa4-a97d-d965ccfc6d4b" outcome="Passed" testListId="8c84fa94-04c1-424b-9868-57a2d4851a1d" relativeResultsDirectory="350580d9-6450-49c4-b665-cbcb6893de31" />
    <UnitTestResult executionId="4806af9e-d6d8-4d7b-a803-1b0b761dc9ba" testId="8402c0e3-b6c7-2078-2393-e75d1e1013c0" testName="LicenseCountManager_ValidateRelatedRecordingServerLicenses_IdentifiesRecordersRequiringUpdate_WhenCWAExceeded_Success" computerName="DKSR-EFI-06" duration="00:00:00.0094554" startTime="2024-01-09T15:45:00.1856317+01:00" endTime="2024-01-09T15:45:00.1856317+01:00" testType="13cdc9d9-ddb5-4fa4-a97d-d965ccfc6d4b" outcome="Passed" testListId="8c84fa94-04c1-424b-9868-57a2d4851a1d" relativeResultsDirectory="4806af9e-d6d8-4d7b-a803-1b0b761dc9ba" />
    <UnitTestResult executionId="1be59654-4e7b-4095-97da-dea588a0f9a5" testId="87f45eb2-1120-98d3-51fa-1e1456e20576" testName="CheckForAutomaticActivationTrigger_ReturnsFalse_OnOtherChanges" computerName="DKSR-EFI-06" duration="00:00:00.0028496" startTime="2024-01-09T15:45:34.5450462+01:00" endTime="2024-01-09T15:45:34.5450462+01:00" testType="13cdc9d9-ddb5-4fa4-a97d-d965ccfc6d4b" outcome="Passed" testListId="8c84fa94-04c1-424b-9868-57a2d4851a1d" relativeResultsDirectory="1be59654-4e7b-4095-97da-dea588a0f9a5" />
    <UnitTestResult executionId="41e1a43b-0153-4010-bd6e-cc6f082e52a6" testId="bebd38ae-4784-afc3-8c09-8d11d1d1cde8" testName="RegisterFailoverRecorder_WatchingRecorderStopped_Success" computerName="DKSR-EFI-06" duration="00:00:00.0022150" startTime="2024-01-09T15:42:48.6540471+01:00" endTime="2024-01-09T15:42:48.6540471+01:00" testType="13cdc9d9-ddb5-4fa4-a97d-d965ccfc6d4b" outcome="Passed" testListId="8c84fa94-04c1-424b-9868-57a2d4851a1d" relativeResultsDirectory="41e1a43b-0153-4010-bd6e-cc6f082e52a6" />
    <UnitTestResult executionId="f33f60d8-219b-45a3-acc9-dcb66ca6d4be" testId="1c1af5bc-0ede-5235-4c2d-8d486728c2d8" testName="FirmwareUpgradeTaskCommandHandler_Execute_Failed_ErrorAlreadyRunning" computerName="DKSR-EFI-06" duration="00:00:00.0009632" startTime="2024-01-09T15:45:38.0294243+01:00" endTime="2024-01-09T15:45:38.0294243+01:00" testType="13cdc9d9-ddb5-4fa4-a97d-d965ccfc6d4b" outcome="Passed" testListId="8c84fa94-04c1-424b-9868-57a2d4851a1d" relativeResultsDirectory="f33f60d8-219b-45a3-acc9-dcb66ca6d4be" />
    <UnitTestResult executionId="6abc78c3-7978-4a6b-b6dd-83823227afdc" testId="dd7abbca-776e-a670-9814-0a84d1532500" testName="IsHardwareInCurrentYearChangesWithoutActivation_ReturnsTrue_OnCurrentYearDevices" computerName="DKSR-EFI-06" duration="00:00:00.0120288" startTime="2024-01-09T15:45:09.9043814+01:00" endTime="2024-01-09T15:45:09.9200084+01:00" testType="13cdc9d9-ddb5-4fa4-a97d-d965ccfc6d4b" outcome="Passed" testListId="8c84fa94-04c1-424b-9868-57a2d4851a1d" relativeResultsDirectory="6abc78c3-7978-4a6b-b6dd-83823227afdc" />
    <UnitTestResult executionId="98f750a2-355b-411d-8788-f18df2d3a933" testId="719db6eb-3a76-008d-3a20-f8857c55640f" testName="AnalyzeAndCreateAuditLogs_AddedSecurityPermissionsDeviceRowWithTimeBackward1Day_ReturnsTwoAuditLogsWithTimeBackwardDays" computerName="DKSR-EFI-06" duration="00:00:00.0047841" startTime="2024-01-09T15:45:35.5919205+01:00" endTime="2024-01-09T15:45:35.5919205+01:00" testType="13cdc9d9-ddb5-4fa4-a97d-d965ccfc6d4b" outcome="Passed" testListId="8c84fa94-04c1-424b-9868-57a2d4851a1d" relativeResultsDirectory="98f750a2-355b-411d-8788-f18df2d3a933" />
    <UnitTestResult executionId="eb904cb3-4403-4d6c-b4be-333a2807a2b4" testId="7d221b67-7f97-a123-0de1-6872c3aad614" testName="AllocateLicenses_10Available_OneHardwareWith5Devices_AllDevicesInitiallyDisabledThenEnabled" computerName="DKSR-EFI-06" duration="00:00:00.1929953" startTime="2024-01-09T15:44:35.3730608+01:00" endTime="2024-01-09T15:44:35.5761872+01:00" testType="13cdc9d9-ddb5-4fa4-a97d-d965ccfc6d4b" outcome="Passed" testListId="8c84fa94-04c1-424b-9868-57a2d4851a1d" relativeResultsDirectory="eb904cb3-4403-4d6c-b4be-333a2807a2b4" />
    <UnitTestResult executionId="826a46ff-f7c4-452c-979e-db27be2fbd01" testId="e4997c9b-0d9b-773d-98ac-95b9fd6943b7" testName="CheckMsFailoverStatusCommandHandler_Execute_InvokeEventFalse_Succeeded_ShouldNotTrigger" computerName="DKSR-EFI-06" duration="00:00:00.0118976" startTime="2024-01-09T15:45:35.3731730+01:00" endTime="2024-01-09T15:45:35.3731730+01:00" testType="13cdc9d9-ddb5-4fa4-a97d-d965ccfc6d4b" outcome="Passed" testListId="8c84fa94-04c1-424b-9868-57a2d4851a1d" relativeResultsDirectory="826a46ff-f7c4-452c-979e-db27be2fbd01" />
    <UnitTestResult executionId="c80232de-e2ab-43e4-b16a-692593872adf" testId="44368d84-35da-0cae-f7bd-c85c8d9da63a" testName="MoveHardwareTaskCommandHandler_Execute_DeviceEvidenceLocks_OnlyOnEdge_EdgeDistribution" computerName="DKSR-EFI-06" duration="00:00:00.1665427" startTime="2024-01-09T15:45:40.2325478+01:00" endTime="2024-01-09T15:45:40.4044224+01:00" testType="13cdc9d9-ddb5-4fa4-a97d-d965ccfc6d4b" outcome="Passed" testListId="8c84fa94-04c1-424b-9868-57a2d4851a1d" relativeResultsDirectory="c80232de-e2ab-43e4-b16a-692593872adf">
      <Output>
        <StdOut>Progress: 10&#xD;
Progress: 20&#xD;
Progress: 30&#xD;
Progress: 35&#xD;
Progress: 40&#xD;
Progress: 42&#xD;
Progress: 44&#xD;
Progress: 60&#xD;
Progress: 70&#xD;
Progress: 80&#xD;
Progress: 90&#xD;
Progress: 95&#xD;
Progress: 100</StdOut>
      </Output>
    </UnitTestResult>
    <UnitTestResult executionId="8b2e56c7-555e-4d23-8af6-a4783d5bb503" testId="af2e5f14-0383-5727-555f-05fe1be1d426" testName="HardwareLicense_AddNew_IsUpdated_RetrieveAsList_Success" computerName="DKSR-EFI-06" duration="00:00:00.0012897" startTime="2024-01-09T15:45:34.0450447+01:00" endTime="2024-01-09T15:45:34.0450447+01:00" testType="13cdc9d9-ddb5-4fa4-a97d-d965ccfc6d4b" outcome="Passed" testListId="8c84fa94-04c1-424b-9868-57a2d4851a1d" relativeResultsDirectory="8b2e56c7-555e-4d23-8af6-a4783d5bb503" />
    <UnitTestResult executionId="08832100-a1ab-4015-9c9e-49faab9ab490" testId="88c1f49e-afd8-32ac-a7cb-3ffedb7fc25a" testName="RegisterRecorder_ModelIsValid_Executed" computerName="DKSR-EFI-06" duration="00:00:00.0606358" startTime="2024-01-09T15:42:48.5446687+01:00" endTime="2024-01-09T15:42:48.6071689+01:00" testType="13cdc9d9-ddb5-4fa4-a97d-d965ccfc6d4b" outcome="Passed" testListId="8c84fa94-04c1-424b-9868-57a2d4851a1d" relativeResultsDirectory="08832100-a1ab-4015-9c9e-49faab9ab490" />
    <UnitTestResult executionId="83f40ffa-1e99-48c3-8be4-ddf40f6548b8" testId="841f16ce-97a9-ff76-40ae-1fdee2071244" testName="CheckMsFailoverStatusCommandHandler_Execute_Https_InvokeEventTrue_Succeeded_ShouldTrigger" computerName="DKSR-EFI-06" duration="00:00:00.0042790" startTime="2024-01-09T15:45:35.3262915+01:00" endTime="2024-01-09T15:45:35.3262915+01:00" testType="13cdc9d9-ddb5-4fa4-a97d-d965ccfc6d4b" outcome="Passed" testListId="8c84fa94-04c1-424b-9868-57a2d4851a1d" relativeResultsDirectory="83f40ffa-1e99-48c3-8be4-ddf40f6548b8" />
    <UnitTestResult executionId="9b3bb438-fda9-45af-93b8-4c0d65327db9" testId="a4035a40-b70a-c3a2-2fd3-d8d06dc80502" testName="RecorderTaskStopped_RecorderNotFoundException_Handled" computerName="DKSR-EFI-06" duration="00:00:00.0012298" startTime="2024-01-09T15:42:48.1227922+01:00" endTime="2024-01-09T15:42:48.1227922+01:00" testType="13cdc9d9-ddb5-4fa4-a97d-d965ccfc6d4b" outcome="Passed" testListId="8c84fa94-04c1-424b-9868-57a2d4851a1d" relativeResultsDirectory="9b3bb438-fda9-45af-93b8-4c0d65327db9" />
    <UnitTestResult executionId="be720fdb-0ad0-40b6-b87d-36794baf0944" testId="be10cfb5-959a-3fd5-7048-4419a0956455" testName="ReportMediaStatusCommand_ModelIsValid_CommandExecuted" computerName="DKSR-EFI-06" duration="00:00:00.0087589" startTime="2024-01-09T15:42:47.8259134+01:00" endTime="2024-01-09T15:42:47.8415426+01:00" testType="13cdc9d9-ddb5-4fa4-a97d-d965ccfc6d4b" outcome="Passed" testListId="8c84fa94-04c1-424b-9868-57a2d4851a1d" relativeResultsDirectory="be720fdb-0ad0-40b6-b87d-36794baf0944" />
    <UnitTestResult executionId="5f4349a4-d62c-41ba-a70b-7e6f513397f5" testId="fb42af72-5b3a-ca9a-0d50-d4b7f92dd3ae" testName="EvidenceLockOnOldRecorderCommandHandlerTests_OldRec_Exception_Then_ConfigDelete" computerName="DKSR-EFI-06" duration="00:00:00.0196048" startTime="2024-01-09T15:45:37.8575437+01:00" endTime="2024-01-09T15:45:37.8731707+01:00" testType="13cdc9d9-ddb5-4fa4-a97d-d965ccfc6d4b" outcome="Passed" testListId="8c84fa94-04c1-424b-9868-57a2d4851a1d" relativeResultsDirectory="5f4349a4-d62c-41ba-a70b-7e6f513397f5" />
    <UnitTestResult executionId="bb42ec75-9854-4bbc-9463-d7986797921a" testId="4c3b4141-4a79-a1ca-f4f6-ef7e6ac52e59" testName="CheckConfigurationDataSetTest_DeviceMulticastNotLicensedSuccess" computerName="DKSR-EFI-06" duration="00:00:00.0024106" startTime="2024-01-09T15:45:00.5450068+01:00" endTime="2024-01-09T15:45:00.5450068+01:00" testType="13cdc9d9-ddb5-4fa4-a97d-d965ccfc6d4b" outcome="Passed" testListId="8c84fa94-04c1-424b-9868-57a2d4851a1d" relativeResultsDirectory="bb42ec75-9854-4bbc-9463-d7986797921a" />
    <UnitTestResult executionId="1b955757-5d91-47f8-9961-9ebc037d1007" testId="dd8971b6-9a2a-9606-89e4-ca620fef9943" testName="UploadFileChunkCommandHandler_Execute_Failed_TransferOverflow" computerName="DKSR-EFI-06" duration="00:00:00.0018386" startTime="2024-01-09T15:46:00.3770130+01:00" endTime="2024-01-09T15:46:00.3770130+01:00" testType="13cdc9d9-ddb5-4fa4-a97d-d965ccfc6d4b" outcome="Passed" testListId="8c84fa94-04c1-424b-9868-57a2d4851a1d" relativeResultsDirectory="1b955757-5d91-47f8-9961-9ebc037d1007">
      <Output>
        <StdOut>Debug Trace:&#xD;
Fail: Chunk size was larger than expected.</StdOut>
      </Output>
    </UnitTestResult>
    <UnitTestResult executionId="7edc331d-2544-44a0-b96c-38545ed6a19b" testId="aaa69613-1d08-620f-a0c7-6c9776a7fe98" testName="ConfigurationDataSetLoader_GetDeviceTracksByDeviceId_Success" computerName="DKSR-EFI-06" duration="00:00:00.0009954" startTime="2024-01-09T15:45:34.3575475+01:00" endTime="2024-01-09T15:45:34.3575475+01:00" testType="13cdc9d9-ddb5-4fa4-a97d-d965ccfc6d4b" outcome="Passed" testListId="8c84fa94-04c1-424b-9868-57a2d4851a1d" relativeResultsDirectory="7edc331d-2544-44a0-b96c-38545ed6a19b" />
    <UnitTestResult executionId="8475cf52-e2de-4dcc-9e04-0b30737b86a0" testId="08065f33-a0f0-c3db-6aad-57d3ec2a1185" testName="AnalyzeAndCreateAuditLogs_AddedSecurityPermissionsDeviceRowWithNoTimeBackwards_ReturnsNoTimeBackwardAuditLog" computerName="DKSR-EFI-06" duration="00:00:00.0040095" startTime="2024-01-09T15:45:35.6387946+01:00" endTime="2024-01-09T15:45:35.6387946+01:00" testType="13cdc9d9-ddb5-4fa4-a97d-d965ccfc6d4b" outcome="Passed" testListId="8c84fa94-04c1-424b-9868-57a2d4851a1d" relativeResultsDirectory="8475cf52-e2de-4dcc-9e04-0b30737b86a0" />
    <UnitTestResult executionId="5d0a8fa8-2ceb-48d8-8e30-029a3f731887" testId="2349410a-abdb-fe9c-5151-7ed18679823d" testName="AddUnlicensedHardware_AddSecondHardwareWidthSameUniqueIdentifier_ReturnsFalse" computerName="DKSR-EFI-06" duration="00:00:00.0006413" startTime="2024-01-09T15:45:34.1856727+01:00" endTime="2024-01-09T15:45:34.1856727+01:00" testType="13cdc9d9-ddb5-4fa4-a97d-d965ccfc6d4b" outcome="Passed" testListId="8c84fa94-04c1-424b-9868-57a2d4851a1d" relativeResultsDirectory="5d0a8fa8-2ceb-48d8-8e30-029a3f731887" />
    <UnitTestResult executionId="8611e956-862e-45a8-9640-3fbc2f734722" testId="d3253ca6-21d1-7884-e3fe-ff7043854449" testName="TemporaryLicense_SetChangesWithoutActivationToken_DateActivatedSuperiorToNow" computerName="DKSR-EFI-06" duration="00:00:00.0007407" startTime="2024-01-09T15:43:51.1073147+01:00" endTime="2024-01-09T15:43:51.1073147+01:00" testType="13cdc9d9-ddb5-4fa4-a97d-d965ccfc6d4b" outcome="Passed" testListId="8c84fa94-04c1-424b-9868-57a2d4851a1d" relativeResultsDirectory="8611e956-862e-45a8-9640-3fbc2f734722" />
    <UnitTestResult executionId="9740f271-6091-4e89-822b-658a1db009f8" testId="0d22ba9f-9f62-fdbc-1b77-4d9887657d8a" testName="GetConnectedClient_FreeClientHasBeenDisconnected_ConnectCalled" computerName="DKSR-EFI-06" duration="00:00:00.0109710" startTime="2024-01-09T15:46:00.5802145+01:00" endTime="2024-01-09T15:46:00.5958437+01:00" testType="13cdc9d9-ddb5-4fa4-a97d-d965ccfc6d4b" outcome="Passed" testListId="8c84fa94-04c1-424b-9868-57a2d4851a1d" relativeResultsDirectory="9740f271-6091-4e89-822b-658a1db009f8" />
    <UnitTestResult executionId="7e410182-18f5-4802-93b3-62a86e1d3fde" testId="0f51215b-b683-7829-13ff-5f31881b44ee" testName="ChangeHardwarePasswordTaskCommandHandler_Constructor_Arguments_Null_Throws" computerName="DKSR-EFI-06" duration="00:00:00.0089261" startTime="2024-01-09T15:45:34.6076281+01:00" endTime="2024-01-09T15:45:34.6231726+01:00" testType="13cdc9d9-ddb5-4fa4-a97d-d965ccfc6d4b" outcome="Passed" testListId="8c84fa94-04c1-424b-9868-57a2d4851a1d" relativeResultsDirectory="7e410182-18f5-4802-93b3-62a86e1d3fde">
      <Output>
        <StdOut>Debug Trace:&#xD;
Fail: Argument null</StdOut>
      </Output>
    </UnitTestResult>
    <UnitTestResult executionId="a075c31e-0e69-4d21-aafd-e5b2998d954f" testId="2bdb67fd-2ac2-591f-5cbe-a774680947b8" testName="ActivateArchivingCommand_ModelIsValid_CommandExecuted" computerName="DKSR-EFI-06" duration="00:00:00.0008452" startTime="2024-01-09T15:42:47.8884155+01:00" endTime="2024-01-09T15:42:47.8884155+01:00" testType="13cdc9d9-ddb5-4fa4-a97d-d965ccfc6d4b" outcome="Passed" testListId="8c84fa94-04c1-424b-9868-57a2d4851a1d" relativeResultsDirectory="a075c31e-0e69-4d21-aafd-e5b2998d954f" />
    <UnitTestResult executionId="0e9a41b9-2cb5-4489-bafa-d2b9146f6cdc" testId="cb6ccc44-c709-4f8b-cfb8-3072596c6d83" testName="ReplaceHardwareCommandHandler_Execute_ReplaceHardware_DoNotInheritDeviceWithEvidenceLock_Fails" computerName="DKSR-EFI-06" duration="00:00:00.0861422" startTime="2024-01-09T15:45:43.4982211+01:00" endTime="2024-01-09T15:45:43.5763716+01:00" testType="13cdc9d9-ddb5-4fa4-a97d-d965ccfc6d4b" outcome="Passed" testListId="8c84fa94-04c1-424b-9868-57a2d4851a1d" relativeResultsDirectory="0e9a41b9-2cb5-4489-bafa-d2b9146f6cdc" />
    <UnitTestResult executionId="38de79a6-6220-464e-b884-49d39ffd1ee8" testId="771af3da-b850-a6a4-7b37-ea0d6e1037c1" testName="MoveHardwareTaskCommandHandler_Execute_WriteConfigurationDataSetChangesToDatabase_SqlException_FailResponse_UpdateConfigurationFailed" computerName="DKSR-EFI-06" duration="00:00:00.0754472" startTime="2024-01-09T15:45:41.5450457+01:00" endTime="2024-01-09T15:45:41.6231677+01:00" testType="13cdc9d9-ddb5-4fa4-a97d-d965ccfc6d4b" outcome="Passed" testListId="8c84fa94-04c1-424b-9868-57a2d4851a1d" relativeResultsDirectory="38de79a6-6220-464e-b884-49d39ffd1ee8" />
    <UnitTestResult executionId="c4166359-9b1e-4904-a57c-1adf3b3cbfa8" testId="242e1d60-b9b9-fea9-1a94-af0c6327deb8" testName="ChannelLicenseCountManager_IsCameraFeedLicensedOnRecorder_NullDeviceInfo_ThrowsArgumentNullException" computerName="DKSR-EFI-06" duration="00:00:00.0010136" startTime="2024-01-09T15:44:59.7012528+01:00" endTime="2024-01-09T15:44:59.7012528+01:00" testType="13cdc9d9-ddb5-4fa4-a97d-d965ccfc6d4b" outcome="Passed" testListId="8c84fa94-04c1-424b-9868-57a2d4851a1d" relativeResultsDirectory="c4166359-9b1e-4904-a57c-1adf3b3cbfa8" />
    <UnitTestResult executionId="556f0527-a26f-41ea-87da-a712ed49bf8b" testId="12a289cc-be96-5408-ab00-a38d958c6633" testName="HardwareInCWANotOnWhiteList_ReplacedWithNoInheritance_HardwareOnWhiteList_MixedCWAAllowed_MoreChannelsOnReplacedHardware_NewHardwareInCWA" computerName="DKSR-EFI-06" duration="00:00:00.2002351" startTime="2024-01-09T15:44:19.9980529+01:00" endTime="2024-01-09T15:44:20.1855522+01:00" testType="13cdc9d9-ddb5-4fa4-a97d-d965ccfc6d4b" outcome="Passed" testListId="8c84fa94-04c1-424b-9868-57a2d4851a1d" relativeResultsDirectory="556f0527-a26f-41ea-87da-a712ed49bf8b" />
    <UnitTestResult executionId="b9d4f216-c6f7-4c2d-a82c-2b09db08d230" testId="fdd16d67-98cc-38ae-1552-c5b92b740835" testName="ChannelLicenseCountManager_AddLicensedCameraFeed_NullRecorderInfo_ThrowsArgumentNullException" computerName="DKSR-EFI-06" duration="00:00:00.0007790" startTime="2024-01-09T15:44:59.6856273+01:00" endTime="2024-01-09T15:44:59.6856273+01:00" testType="13cdc9d9-ddb5-4fa4-a97d-d965ccfc6d4b" outcome="Passed" testListId="8c84fa94-04c1-424b-9868-57a2d4851a1d" relativeResultsDirectory="b9d4f216-c6f7-4c2d-a82c-2b09db08d230" />
    <UnitTestResult executionId="893eeec5-9b02-4fd7-bfb2-eb8ad31ea079" testId="f6d1993a-6db2-551d-9c0e-78124ea0eb13" testName="HardwareInCWAOnWhiteList_ReplacedWithInheritance_HardwareOnWhiteList_NoMoreCWAAllowed_MoreChannelsOnReplacedHardware_NewHardwareInGrace" computerName="DKSR-EFI-06" duration="00:00:00.2817879" startTime="2024-01-09T15:44:08.0917696+01:00" endTime="2024-01-09T15:44:08.3730225+01:00" testType="13cdc9d9-ddb5-4fa4-a97d-d965ccfc6d4b" outcome="Passed" testListId="8c84fa94-04c1-424b-9868-57a2d4851a1d" relativeResultsDirectory="893eeec5-9b02-4fd7-bfb2-eb8ad31ea079" />
    <UnitTestResult executionId="2887c66c-ca8c-4efb-a824-1fc741e90c22" testId="937f7ec7-f623-4da3-e7e0-77a290e1c465" testName="FirmwareUpgradeTaskCommandHandler_Clone_Returns_Same_Reference" computerName="DKSR-EFI-06" duration="00:00:00.0093843" startTime="2024-01-09T15:45:37.9356675+01:00" endTime="2024-01-09T15:45:37.9356675+01:00" testType="13cdc9d9-ddb5-4fa4-a97d-d965ccfc6d4b" outcome="Passed" testListId="8c84fa94-04c1-424b-9868-57a2d4851a1d" relativeResultsDirectory="2887c66c-ca8c-4efb-a824-1fc741e90c22" />
    <UnitTestResult executionId="a58516ec-a9ce-4cd7-a954-9c756c195a39" testId="ff508acb-04ad-794b-6a4f-bf5ed375dcc7" testName="AttachedRecorder_TryGetRecorderEntry_Success" computerName="DKSR-EFI-06" duration="00:00:00.0004496" startTime="2024-01-09T15:42:45.3571577+01:00" endTime="2024-01-09T15:42:45.3571577+01:00" testType="13cdc9d9-ddb5-4fa4-a97d-d965ccfc6d4b" outcome="Passed" testListId="8c84fa94-04c1-424b-9868-57a2d4851a1d" relativeResultsDirectory="a58516ec-a9ce-4cd7-a954-9c756c195a39" />
    <UnitTestResult executionId="bbe9e90a-f7f5-4269-bdb3-d3d38601152e" testId="3c3a8b3c-f23e-98b9-ce54-bfddf396efb3" testName="MoveHardwareTaskCommandHandler_Execute_DestinationRecorder_Not_Connected_FailResponse" computerName="DKSR-EFI-06" duration="00:00:00.0008921" startTime="2024-01-09T15:45:41.4825436+01:00" endTime="2024-01-09T15:45:41.4825436+01:00" testType="13cdc9d9-ddb5-4fa4-a97d-d965ccfc6d4b" outcome="Passed" testListId="8c84fa94-04c1-424b-9868-57a2d4851a1d" relativeResultsDirectory="bbe9e90a-f7f5-4269-bdb3-d3d38601152e" />
    <UnitTestResult executionId="8dd97fa8-c5a1-404a-8285-f276b7687580" testId="638d3160-8cbe-cd9d-3f1b-90b931a0f74a" testName="CheckForAutomaticActivationTrigger_ReturnsTrue_OnDeletedHardware" computerName="DKSR-EFI-06" duration="00:00:00.0029769" startTime="2024-01-09T15:45:34.5137950+01:00" endTime="2024-01-09T15:45:34.5294210+01:00" testType="13cdc9d9-ddb5-4fa4-a97d-d965ccfc6d4b" outcome="Passed" testListId="8c84fa94-04c1-424b-9868-57a2d4851a1d" relativeResultsDirectory="8dd97fa8-c5a1-404a-8285-f276b7687580" />
    <UnitTestResult executionId="aeef4b4d-aaae-4b24-9ad1-b377cb284877" testId="43db7f01-425d-9645-5651-efe78e6130a6" testName="RemoveRecorderTask_RecorderNotFoundException_Handled" computerName="DKSR-EFI-06" duration="00:00:00.0011331" startTime="2024-01-09T15:42:48.1384187+01:00" endTime="2024-01-09T15:42:48.1384187+01:00" testType="13cdc9d9-ddb5-4fa4-a97d-d965ccfc6d4b" outcome="Passed" testListId="8c84fa94-04c1-424b-9868-57a2d4851a1d" relativeResultsDirectory="aeef4b4d-aaae-4b24-9ad1-b377cb284877" />
    <UnitTestResult executionId="703b7142-9f51-4474-a743-8e32e3249d28" testId="f538c1e2-d720-b824-52f9-f50d168cf0f7" testName="AllocateLicenses_HasOneUnlicensed_OnFourHardwareTwoLicensedOneGraceAndThreeAvailableLicenses" computerName="DKSR-EFI-06" duration="00:00:00.0582968" startTime="2024-01-09T15:44:59.2481271+01:00" endTime="2024-01-09T15:44:59.3106296+01:00" testType="13cdc9d9-ddb5-4fa4-a97d-d965ccfc6d4b" outcome="Passed" testListId="8c84fa94-04c1-424b-9868-57a2d4851a1d" relativeResultsDirectory="703b7142-9f51-4474-a743-8e32e3249d28">
      <Output>
        <StdOut>Debug Trace:&#xD;
Fail: Attribute value invalid. 'Index'&#xD;
Fail: Attribute value invalid. 'Index'&#xD;
Fail: Attribute value invalid. 'Index'&#xD;
Fail: Attribute value invalid. 'Index'&#xD;
Fail: Attribute value invalid. 'Index'</StdOut>
      </Output>
    </UnitTestResult>
    <UnitTestResult executionId="a6d5be17-fb18-4f1f-8adf-42813e7e5378" testId="5c240baa-9c71-dede-47cc-974a9905964f" testName="MoveHardwareTaskCommandHandler_Execute_No_HotStandby_Success" computerName="DKSR-EFI-06" duration="00:00:00.3540465" startTime="2024-01-09T15:45:38.5450451+01:00" endTime="2024-01-09T15:45:38.9044201+01:00" testType="13cdc9d9-ddb5-4fa4-a97d-d965ccfc6d4b" outcome="Passed" testListId="8c84fa94-04c1-424b-9868-57a2d4851a1d" relativeResultsDirectory="a6d5be17-fb18-4f1f-8adf-42813e7e5378">
      <Output>
        <StdOut>Progress: 10&#xD;
Progress: 20&#xD;
Progress: 30&#xD;
Progress: 35&#xD;
Progress: 40&#xD;
Progress: 42&#xD;
Progress: 44&#xD;
Progress: 60&#xD;
Progress: 70&#xD;
Progress: 80&#xD;
Progress: 90&#xD;
Progress: 95&#xD;
Progress: 100</StdOut>
      </Output>
    </UnitTestResult>
    <UnitTestResult executionId="1e7a5f60-d18e-4f02-8938-4a9ca2ea8c53" testId="63fea253-0bce-38e8-9818-42f90c16b632" testName="SessionDataManager_Query_Fails" computerName="DKSR-EFI-06" duration="00:00:00.0001551" startTime="2024-01-09T15:43:19.4041704+01:00" endTime="2024-01-09T15:43:19.4041704+01:00" testType="13cdc9d9-ddb5-4fa4-a97d-d965ccfc6d4b" outcome="Passed" testListId="8c84fa94-04c1-424b-9868-57a2d4851a1d" relativeResultsDirectory="1e7a5f60-d18e-4f02-8938-4a9ca2ea8c53" />
    <UnitTestResult executionId="96f575fc-62d7-4ccb-9844-fd75cb4edcbc" testId="39fccf8a-09fc-ac26-9ad0-5d6d54df3f0c" testName="EvidenceLockOnOldRecorderCommandHandlerTests_OldRecV1_ConfigDelete1Row_NoEdgeTrackFound" computerName="DKSR-EFI-06" duration="00:00:00.0200647" startTime="2024-01-09T15:45:37.4356717+01:00" endTime="2024-01-09T15:45:37.4512980+01:00" testType="13cdc9d9-ddb5-4fa4-a97d-d965ccfc6d4b" outcome="Passed" testListId="8c84fa94-04c1-424b-9868-57a2d4851a1d" relativeResultsDirectory="96f575fc-62d7-4ccb-9844-fd75cb4edcbc" />
    <UnitTestResult executionId="59c7b0ae-ff73-443d-82b4-efbc257654cf" testId="3b6709e2-05c1-e5a2-e86a-3880bee121c4" testName="SetMatrixView_ModelIsValid_CommandExecuted" computerName="DKSR-EFI-06" duration="00:00:00.0017577" startTime="2024-01-09T15:42:48.0446671+01:00" endTime="2024-01-09T15:42:48.0446671+01:00" testType="13cdc9d9-ddb5-4fa4-a97d-d965ccfc6d4b" outcome="Passed" testListId="8c84fa94-04c1-424b-9868-57a2d4851a1d" relativeResultsDirectory="59c7b0ae-ff73-443d-82b4-efbc257654cf" />
    <UnitTestResult executionId="7d7795a9-6a25-45f4-9c93-b7a9a050c065" testId="59bd9a29-336e-e552-a7b2-47cceba0708d" testName="Find_NonICPHardware_ThatIsInGrace_ExpectedToFindOnehardwareWithGraceDevice" computerName="DKSR-EFI-06" duration="00:00:00.0027362" startTime="2024-01-09T15:45:34.2012953+01:00" endTime="2024-01-09T15:45:34.2012953+01:00" testType="13cdc9d9-ddb5-4fa4-a97d-d965ccfc6d4b" outcome="Passed" testListId="8c84fa94-04c1-424b-9868-57a2d4851a1d" relativeResultsDirectory="7d7795a9-6a25-45f4-9c93-b7a9a050c065" />
    <UnitTestResult executionId="b9a8b58c-b5da-42b8-9199-bab5d0fa22a1" testId="221ba32d-8ed4-b30e-079c-7764b8e4fea8" testName="Log_RecorderNotFoundException_Handled" computerName="DKSR-EFI-06" duration="00:00:00.0038663" startTime="2024-01-09T15:42:47.9352925+01:00" endTime="2024-01-09T15:42:47.9352925+01:00" testType="13cdc9d9-ddb5-4fa4-a97d-d965ccfc6d4b" outcome="Passed" testListId="8c84fa94-04c1-424b-9868-57a2d4851a1d" relativeResultsDirectory="b9a8b58c-b5da-42b8-9199-bab5d0fa22a1" />
    <UnitTestResult executionId="655ddfcd-79d6-48e7-abce-6b553e6e084f" testId="9402868f-64db-73ab-539a-d8a78b10e01e" testName="HardwareLicense_InsertThenUpdate_ShouldRemainWithInsertFlag" computerName="DKSR-EFI-06" duration="00:00:00.0008981" startTime="2024-01-09T15:45:34.0762953+01:00" endTime="2024-01-09T15:45:34.0762953+01:00" testType="13cdc9d9-ddb5-4fa4-a97d-d965ccfc6d4b" outcome="Passed" testListId="8c84fa94-04c1-424b-9868-57a2d4851a1d" relativeResultsDirectory="655ddfcd-79d6-48e7-abce-6b553e6e084f" />
    <UnitTestResult executionId="0fd798c1-95c6-4260-b5cc-6a7396e3fc15" testId="dba49773-5d33-9e84-a8dc-6e4b869da304" testName="ReportMediaCommittedToDatabaseCommand_ModelIsValid_CommandExecuted" computerName="DKSR-EFI-06" duration="00:00:00.0020697" startTime="2024-01-09T15:42:47.8571660+01:00" endTime="2024-01-09T15:42:47.8571660+01:00" testType="13cdc9d9-ddb5-4fa4-a97d-d965ccfc6d4b" outcome="Passed" testListId="8c84fa94-04c1-424b-9868-57a2d4851a1d" relativeResultsDirectory="0fd798c1-95c6-4260-b5cc-6a7396e3fc15" />
    <UnitTestResult executionId="c0180a90-8806-4259-baf6-e61b6407bf30" testId="cb792945-7423-1647-0604-2c0964dd027b" testName="UpdateHardwareTaskCommandHandler_Apply_Locked_Tests" computerName="DKSR-EFI-06" duration="00:00:00.0712112" startTime="2024-01-09T15:45:59.9549733+01:00" endTime="2024-01-09T15:46:00.0331269+01:00" testType="13cdc9d9-ddb5-4fa4-a97d-d965ccfc6d4b" outcome="Passed" testListId="8c84fa94-04c1-424b-9868-57a2d4851a1d" relativeResultsDirectory="c0180a90-8806-4259-baf6-e61b6407bf30" />
    <UnitTestResult executionId="5cbea498-2e07-414a-8bff-a6e97d868756" testId="818cea1f-5917-1618-f3c7-5914c367a3d4" testName="CheckConfigurationDataSetTest_NotLicensedPass" computerName="DKSR-EFI-06" duration="00:00:00.0069983" startTime="2024-01-09T15:45:00.3731284+01:00" endTime="2024-01-09T15:45:00.3888069+01:00" testType="13cdc9d9-ddb5-4fa4-a97d-d965ccfc6d4b" outcome="Passed" testListId="8c84fa94-04c1-424b-9868-57a2d4851a1d" relativeResultsDirectory="5cbea498-2e07-414a-8bff-a6e97d868756" />
    <UnitTestResult executionId="6ee2655e-bc01-4f8e-853d-c65e43531d5c" testId="cef0612a-25e2-591d-1be7-84900295fc1b" testName="Start_IdpClientReturnsOneLog_LogReceiverIsPassedConvertedLog" computerName="DKSR-EFI-06" duration="00:00:00.1550800" startTime="2024-01-09T15:43:42.9979185+01:00" endTime="2024-01-09T15:43:43.1541691+01:00" testType="13cdc9d9-ddb5-4fa4-a97d-d965ccfc6d4b" outcome="Passed" testListId="8c84fa94-04c1-424b-9868-57a2d4851a1d" relativeResultsDirectory="6ee2655e-bc01-4f8e-853d-c65e43531d5c" />
    <UnitTestResult executionId="7173463f-4acc-4400-bd28-e9d1d537ffbc" testId="b6447419-d3ce-88c2-51be-0e733819fcc3" testName="SessionData_UniqueId_Success" computerName="DKSR-EFI-06" duration="00:00:00.0012872" startTime="2024-01-09T15:43:12.3728569+01:00" endTime="2024-01-09T15:43:12.3728569+01:00" testType="13cdc9d9-ddb5-4fa4-a97d-d965ccfc6d4b" outcome="Passed" testListId="8c84fa94-04c1-424b-9868-57a2d4851a1d" relativeResultsDirectory="7173463f-4acc-4400-bd28-e9d1d537ffbc" />
    <UnitTestResult executionId="08a971bc-339a-4130-ac8b-f3975c6203a6" testId="ad19428e-e97a-2b80-9a28-a9602530bd19" testName="ReplaceHardwareCommandHandler_Clone_Tests" computerName="DKSR-EFI-06" duration="00:00:00.2123215" startTime="2024-01-09T15:45:42.1544176+01:00" endTime="2024-01-09T15:45:42.3731676+01:00" testType="13cdc9d9-ddb5-4fa4-a97d-d965ccfc6d4b" outcome="Passed" testListId="8c84fa94-04c1-424b-9868-57a2d4851a1d" relativeResultsDirectory="08a971bc-339a-4130-ac8b-f3975c6203a6" />
    <UnitTestResult executionId="1e597694-8a0b-4fd4-8adc-267974b96b39" testId="ffb75c75-68be-f3be-e429-85550bfb8f3e" testName="CheckConfigurationDataSetTest_DeviceMulticastLicensedSuccess" computerName="DKSR-EFI-06" duration="00:00:00.0020246" startTime="2024-01-09T15:45:00.5450068+01:00" endTime="2024-01-09T15:45:00.5450068+01:00" testType="13cdc9d9-ddb5-4fa4-a97d-d965ccfc6d4b" outcome="Passed" testListId="8c84fa94-04c1-424b-9868-57a2d4851a1d" relativeResultsDirectory="1e597694-8a0b-4fd4-8adc-267974b96b39" />
    <UnitTestResult executionId="7d434380-bbcc-4cca-b9db-800fb508b903" testId="f9c8c4a1-2598-8797-b158-ea9d8f199e69" testName="LicenseInfoXmlWriter_CreateLicenseInformationXml_SetsStateInvalidAndErrorMsg_OnMissingSLC" computerName="DKSR-EFI-06" duration="00:00:00.0011065" startTime="2024-01-09T15:45:00.7637614+01:00" endTime="2024-01-09T15:45:00.7637614+01:00" testType="13cdc9d9-ddb5-4fa4-a97d-d965ccfc6d4b" outcome="Passed" testListId="8c84fa94-04c1-424b-9868-57a2d4851a1d" relativeResultsDirectory="7d434380-bbcc-4cca-b9db-800fb508b903" />
    <UnitTestResult executionId="8372bc6b-de8e-48b4-98ef-f536172b303c" testId="6c811e2e-ffff-1bb5-8121-3d391cba5713" testName="AllocateLicenses_ActivatedHardwareWithMultipleCamerasEnabledAndOneDisabled_EnablingCameraShouldGoIntoCWA_OnNonZeroCWA" computerName="DKSR-EFI-06" duration="00:00:00.1813759" startTime="2024-01-09T15:44:39.7949386+01:00" endTime="2024-01-09T15:44:39.9824406+01:00" testType="13cdc9d9-ddb5-4fa4-a97d-d965ccfc6d4b" outcome="Passed" testListId="8c84fa94-04c1-424b-9868-57a2d4851a1d" relativeResultsDirectory="8372bc6b-de8e-48b4-98ef-f536172b303c" />
    <UnitTestResult executionId="b22409b8-f3c6-4d03-9eff-53e0258e3427" testId="95ef2841-25eb-f0ae-10b5-380cc89d18bd" testName="DeviceDataDistributionManager_CleanupAll_DeleteFromDbThrowsSqlException_Handled" computerName="DKSR-EFI-06" duration="00:00:00.0005988" startTime="2024-01-09T15:42:44.4509061+01:00" endTime="2024-01-09T15:42:44.4509061+01:00" testType="13cdc9d9-ddb5-4fa4-a97d-d965ccfc6d4b" outcome="Passed" testListId="8c84fa94-04c1-424b-9868-57a2d4851a1d" relativeResultsDirectory="b22409b8-f3c6-4d03-9eff-53e0258e3427" />
    <UnitTestResult executionId="69e0492b-2920-4361-8922-e5dce239c954" testId="d423e41b-4e64-7b1c-d2b5-2b243d7b3817" testName="CreateLicenseInformationXml_Has10ActivatedICP_On1ActivatedICPHardwareWith10Cameras" computerName="DKSR-EFI-06" duration="00:00:00.0217011" startTime="2024-01-09T15:45:01.6387424+01:00" endTime="2024-01-09T15:45:01.6543671+01:00" testType="13cdc9d9-ddb5-4fa4-a97d-d965ccfc6d4b" outcome="Passed" testListId="8c84fa94-04c1-424b-9868-57a2d4851a1d" relativeResultsDirectory="69e0492b-2920-4361-8922-e5dce239c954">
      <Output>
        <StdOut>Debug Trace:&#xD;
Fail: Attribute value invalid. 'Index'&#xD;
Fail: Attribute value invalid. 'Index'&#xD;
Fail: Attribute value invalid. 'Index'&#xD;
Fail: Attribute value invalid. 'Index'&#xD;
Fail: Attribute value invalid. 'Index'&#xD;
Fail: Attribute value invalid. 'Index'&#xD;
Fail: Attribute value invalid. 'Index'&#xD;
Fail: Attribute value invalid. 'Index'&#xD;
Fail: Attribute value invalid. 'Index'&#xD;
Fail: Attribute value invalid. 'Index'</StdOut>
      </Output>
    </UnitTestResult>
    <UnitTestResult executionId="f1bfe22c-6421-4810-a04b-046ef0ea7999" testId="6905741a-5c7e-8174-5d19-04b23ae5b779" testName="ServerFileSystemResponseCreateDirectory_ModelIsValid_CommandExecuted" computerName="DKSR-EFI-06" duration="00:00:00.0008972" startTime="2024-01-09T15:42:48.4821704+01:00" endTime="2024-01-09T15:42:48.4821704+01:00" testType="13cdc9d9-ddb5-4fa4-a97d-d965ccfc6d4b" outcome="Passed" testListId="8c84fa94-04c1-424b-9868-57a2d4851a1d" relativeResultsDirectory="f1bfe22c-6421-4810-a04b-046ef0ea7999" />
    <UnitTestResult executionId="e85992f0-de4a-4246-9156-d37a7209dcac" testId="260c9bc9-44cf-d92d-0615-5ef8b1fdd260" testName="ConfigurationDataSetLoader_GetDeviceByDeviceId_Success" computerName="DKSR-EFI-06" duration="00:00:00.0010613" startTime="2024-01-09T15:45:34.3262952+01:00" endTime="2024-01-09T15:45:34.3262952+01:00" testType="13cdc9d9-ddb5-4fa4-a97d-d965ccfc6d4b" outcome="Passed" testListId="8c84fa94-04c1-424b-9868-57a2d4851a1d" relativeResultsDirectory="e85992f0-de4a-4246-9156-d37a7209dcac" />
    <UnitTestResult executionId="cfe72633-0ccf-4de8-803a-991e998db77e" testId="6c521b59-2ad9-2f66-d7c4-cdc4d9f4eda5" testName="UpdateHardwareDriverCommandHandler_Execute_MacChanged_SqlException_Error" computerName="DKSR-EFI-06" duration="00:00:00.0982678" startTime="2024-01-09T15:45:59.2359653+01:00" endTime="2024-01-09T15:45:59.3453574+01:00" testType="13cdc9d9-ddb5-4fa4-a97d-d965ccfc6d4b" outcome="Passed" testListId="8c84fa94-04c1-424b-9868-57a2d4851a1d" relativeResultsDirectory="cfe72633-0ccf-4de8-803a-991e998db77e" />
    <UnitTestResult executionId="e40f7947-c161-46fe-bca5-1e008109cba9" testId="9730ab2e-51aa-2f06-1de2-83bd7e139a38" testName="HardwareScanExpressTaskCommandHandler_Execute_NoResponseFromRecordingServer_FailResponse" computerName="DKSR-EFI-06" duration="00:00:00.0033511" startTime="2024-01-09T15:45:38.3106707+01:00" endTime="2024-01-09T15:45:38.3262965+01:00" testType="13cdc9d9-ddb5-4fa4-a97d-d965ccfc6d4b" outcome="Passed" testListId="8c84fa94-04c1-424b-9868-57a2d4851a1d" relativeResultsDirectory="e40f7947-c161-46fe-bca5-1e008109cba9" />
    <UnitTestResult executionId="a60285d4-c351-4cd0-9b5a-340f1292b47e" testId="7739c338-27eb-6231-f39e-457ef356e1cd" testName="DatabaseResponseTrackIdsWithoutMediaOnRecorder_ModelIsNull_BadRequestResult" computerName="DKSR-EFI-06" duration="00:00:00.0006335" startTime="2024-01-09T15:42:48.4040440+01:00" endTime="2024-01-09T15:42:48.4040440+01:00" testType="13cdc9d9-ddb5-4fa4-a97d-d965ccfc6d4b" outcome="Passed" testListId="8c84fa94-04c1-424b-9868-57a2d4851a1d" relativeResultsDirectory="a60285d4-c351-4cd0-9b5a-340f1292b47e" />
    <UnitTestResult executionId="2ebf185b-bba9-4867-be62-f8b0fbb2655b" testId="386fd2dd-9962-b3c8-5389-c7b27303c282" testName="AllocateLicenses_2ICPHardware15ChannelsAnd0NormalHardwareWith10ActivatedICP_ShouldGet5UnlicensedICP_On10ICPLicenses" computerName="DKSR-EFI-06" duration="00:00:00.0580244" startTime="2024-01-09T15:44:38.2949359+01:00" endTime="2024-01-09T15:44:38.3418109+01:00" testType="13cdc9d9-ddb5-4fa4-a97d-d965ccfc6d4b" outcome="Passed" testListId="8c84fa94-04c1-424b-9868-57a2d4851a1d" relativeResultsDirectory="2ebf185b-bba9-4867-be62-f8b0fbb2655b" />
    <UnitTestResult executionId="99612f4d-6353-4361-a3f8-df2983b726d3" testId="0aaea2bf-2728-4a98-03a0-80051cd83b53" testName="AllocateLicenses_Hardware9CameraChannelsActivated_ICPWith9ChannelsAdded_ShouldGet9Activated9ICPGrace_On20Channels20ICP" computerName="DKSR-EFI-06" duration="00:00:00.1947488" startTime="2024-01-09T15:44:40.5136941+01:00" endTime="2024-01-09T15:44:40.7011936+01:00" testType="13cdc9d9-ddb5-4fa4-a97d-d965ccfc6d4b" outcome="Passed" testListId="8c84fa94-04c1-424b-9868-57a2d4851a1d" relativeResultsDirectory="99612f4d-6353-4361-a3f8-df2983b726d3" />
    <UnitTestResult executionId="3964f17c-1430-40ad-b8eb-0058cf1c6a80" testId="26717f0a-fca2-67d0-37db-c3f8b1a939fe" testName="ConvertIdpLog_UnknownIdpLogEvent_ArgumentException" computerName="DKSR-EFI-06" duration="00:00:00.0014915" startTime="2024-01-09T15:43:42.4666641+01:00" endTime="2024-01-09T15:43:42.4666641+01:00" testType="13cdc9d9-ddb5-4fa4-a97d-d965ccfc6d4b" outcome="Passed" testListId="8c84fa94-04c1-424b-9868-57a2d4851a1d" relativeResultsDirectory="3964f17c-1430-40ad-b8eb-0058cf1c6a80" />
    <UnitTestResult executionId="fb998133-4f49-4d95-b0fd-84aec4e8706f" testId="27765c3e-f7a5-6619-62ae-59e218515121" testName="Log_ContextExceptionIsNull_NothingIsLogged" computerName="DKSR-EFI-06" duration="00:00:00.0019174" startTime="2024-01-09T15:42:48.2321700+01:00" endTime="2024-01-09T15:42:48.2321700+01:00" testType="13cdc9d9-ddb5-4fa4-a97d-d965ccfc6d4b" outcome="Passed" testListId="8c84fa94-04c1-424b-9868-57a2d4851a1d" relativeResultsDirectory="fb998133-4f49-4d95-b0fd-84aec4e8706f" />
    <UnitTestResult executionId="4c3573cc-12fc-4d03-97e1-3dcf340bb3a3" testId="3e0d1ff1-7158-d3da-1bde-dc06d85351cc" testName="Validate_RemoveDevicesFromChangesWithoutActivation_WithNullHardwareDeviceItems_ThrowsArgumentNullException" computerName="DKSR-EFI-06" duration="00:00:00.0010143" startTime="2024-01-09T15:45:00.1075041+01:00" endTime="2024-01-09T15:45:00.1231296+01:00" testType="13cdc9d9-ddb5-4fa4-a97d-d965ccfc6d4b" outcome="Passed" testListId="8c84fa94-04c1-424b-9868-57a2d4851a1d" relativeResultsDirectory="4c3573cc-12fc-4d03-97e1-3dcf340bb3a3" />
    <UnitTestResult executionId="c91ec1e6-d68b-4adc-9e13-cd5889e34c67" testId="ab25853f-45a8-4a8f-6406-945f0c8c8715" testName="AllocateLicenses_NotActivated_OneUnlicensed_HardwareInCWA_EnableCamera_HardwareRemovedFromCWA_CameraInCWA" computerName="DKSR-EFI-06" duration="00:00:00.5073192" startTime="2024-01-09T15:44:34.2636872+01:00" endTime="2024-01-09T15:44:34.7793114+01:00" testType="13cdc9d9-ddb5-4fa4-a97d-d965ccfc6d4b" outcome="Passed" testListId="8c84fa94-04c1-424b-9868-57a2d4851a1d" relativeResultsDirectory="c91ec1e6-d68b-4adc-9e13-cd5889e34c67" />
    <UnitTestResult executionId="81eb5ae5-29ce-4649-89bd-dd3ad357b20e" testId="45f16b67-25c3-586e-a05f-5377e2b2c441" testName="HardwareLicense_FindByHardwareInfo_NullHardwareInfo_Throws_ArgumentNullException" computerName="DKSR-EFI-06" duration="00:00:00.0006364" startTime="2024-01-09T15:45:34.0450447+01:00" endTime="2024-01-09T15:45:34.0450447+01:00" testType="13cdc9d9-ddb5-4fa4-a97d-d965ccfc6d4b" outcome="Passed" testListId="8c84fa94-04c1-424b-9868-57a2d4851a1d" relativeResultsDirectory="81eb5ae5-29ce-4649-89bd-dd3ad357b20e" />
    <UnitTestResult executionId="f3bd7dd2-1fb2-4190-bb89-28eb1f171278" testId="0c5e955f-9c9a-d7b1-5e17-126c17c7440b" testName="AttachedRecorder_Register_Overwrite" computerName="DKSR-EFI-06" duration="00:00:00.0021775" startTime="2024-01-09T15:42:45.2946597+01:00" endTime="2024-01-09T15:42:45.2946597+01:00" testType="13cdc9d9-ddb5-4fa4-a97d-d965ccfc6d4b" outcome="Passed" testListId="8c84fa94-04c1-424b-9868-57a2d4851a1d" relativeResultsDirectory="f3bd7dd2-1fb2-4190-bb89-28eb1f171278" />
    <UnitTestResult executionId="b96a6df0-6350-44bc-be31-efee49707a57" testId="687b7ab7-3b40-112c-02c3-1a1061086fb3" testName="ChannelLicenseCountManager_AddLicensedHardware_NullHardwareInfo_ThrowsArgumentNullException" computerName="DKSR-EFI-06" duration="00:00:00.0009084" startTime="2024-01-09T15:44:59.6075028+01:00" endTime="2024-01-09T15:44:59.6075028+01:00" testType="13cdc9d9-ddb5-4fa4-a97d-d965ccfc6d4b" outcome="Passed" testListId="8c84fa94-04c1-424b-9868-57a2d4851a1d" relativeResultsDirectory="b96a6df0-6350-44bc-be31-efee49707a57" />
    <UnitTestResult executionId="fab0ad40-ceb1-4f37-be69-6ba63853c521" testId="d8bc0f8e-1b92-7746-78f9-16b8b93e5011" testName="LicenseCountManager_RegisterHardwareRecorderRelation_InvalidMac_Null_Throws_ArgumentNullException" computerName="DKSR-EFI-06" duration="00:00:00.0005929" startTime="2024-01-09T15:45:00.2012585+01:00" endTime="2024-01-09T15:45:00.2012585+01:00" testType="13cdc9d9-ddb5-4fa4-a97d-d965ccfc6d4b" outcome="Passed" testListId="8c84fa94-04c1-424b-9868-57a2d4851a1d" relativeResultsDirectory="fab0ad40-ceb1-4f37-be69-6ba63853c521" />
    <UnitTestResult executionId="b1c27128-88ed-4cbe-a12a-24ecab83c66f" testId="11bbd187-a013-ec78-8284-a04f21b4c1f1" testName="UpdateEvidenceLockSizesCommandHandlerTests_UpdateOneEvidenceLocksSize_RecorderServiceIdNotFound_SuccessResponse" computerName="DKSR-EFI-06" duration="00:00:02.1690480" startTime="2024-01-09T15:45:46.0458917+01:00" endTime="2024-01-09T15:45:48.2183601+01:00" testType="13cdc9d9-ddb5-4fa4-a97d-d965ccfc6d4b" outcome="Passed" testListId="8c84fa94-04c1-424b-9868-57a2d4851a1d" relativeResultsDirectory="b1c27128-88ed-4cbe-a12a-24ecab83c66f" />
    <UnitTestResult executionId="382c0d43-f911-49d0-be2f-4128ce7147b1" testId="b6a7c847-6af8-0a85-462e-ea0929bbefc5" testName="ChangeHardwarePasswordRuleAction_Execute_SunnyDay_TasksAreCreated" computerName="DKSR-EFI-06" duration="00:00:00.0490075" startTime="2024-01-09T15:43:20.1384999+01:00" endTime="2024-01-09T15:43:20.1853739+01:00" testType="13cdc9d9-ddb5-4fa4-a97d-d965ccfc6d4b" outcome="Passed" testListId="8c84fa94-04c1-424b-9868-57a2d4851a1d" relativeResultsDirectory="382c0d43-f911-49d0-be2f-4128ce7147b1" />
    <UnitTestResult executionId="77faf9fc-382c-496a-a52b-34daa913f555" testId="dfef0bc9-5b28-b15e-34f4-f60cc9b1bf7e" testName="ReplaceHardwareTaskCommandHandler_DeviceMapper_Success_MoreNewDevices_Test" computerName="DKSR-EFI-06" duration="00:00:00.0010782" startTime="2024-01-09T15:45:43.8889998+01:00" endTime="2024-01-09T15:45:43.8889998+01:00" testType="13cdc9d9-ddb5-4fa4-a97d-d965ccfc6d4b" outcome="Passed" testListId="8c84fa94-04c1-424b-9868-57a2d4851a1d" relativeResultsDirectory="77faf9fc-382c-496a-a52b-34daa913f555" />
    <UnitTestResult executionId="5254f2b2-0c16-4fe5-9c6a-42d0468871c0" testId="91992f85-0681-08ed-2e87-5d2fb5b81924" testName="WriteRecordingServerInformation_SameHardwareOnThreeRecordingServers_ContainsRecordingServerData" computerName="DKSR-EFI-06" duration="00:00:00.1421000" startTime="2024-01-09T15:45:33.5294193+01:00" endTime="2024-01-09T15:45:33.6700422+01:00" testType="13cdc9d9-ddb5-4fa4-a97d-d965ccfc6d4b" outcome="Passed" testListId="8c84fa94-04c1-424b-9868-57a2d4851a1d" relativeResultsDirectory="5254f2b2-0c16-4fe5-9c6a-42d0468871c0" />
    <UnitTestResult executionId="8ba939c5-fe53-4e64-9a9f-c986f5bc7dff" testId="6b975322-8492-fc70-99f0-bd37649983f1" testName="DeleteConfigurationItemCommandHandler_Execute_NoIds_Success" computerName="DKSR-EFI-06" duration="00:00:00.0115452" startTime="2024-01-09T15:45:35.9044194+01:00" endTime="2024-01-09T15:45:35.9201613+01:00" testType="13cdc9d9-ddb5-4fa4-a97d-d965ccfc6d4b" outcome="Passed" testListId="8c84fa94-04c1-424b-9868-57a2d4851a1d" relativeResultsDirectory="8ba939c5-fe53-4e64-9a9f-c986f5bc7dff" />
    <UnitTestResult executionId="e1dd9d5a-fedd-45d3-99e0-aa4a55972010" testId="158b079f-5a80-ad96-877a-5a4d13ecf6d0" testName="AutomaticActivationFailedEvent_GetsFired_OnFailedAutomaticActivation" computerName="DKSR-EFI-06" duration="00:00:00.0006154" startTime="2024-01-09T15:43:51.0291891+01:00" endTime="2024-01-09T15:43:51.0291891+01:00" testType="13cdc9d9-ddb5-4fa4-a97d-d965ccfc6d4b" outcome="Passed" testListId="8c84fa94-04c1-424b-9868-57a2d4851a1d" relativeResultsDirectory="e1dd9d5a-fedd-45d3-99e0-aa4a55972010" />
    <UnitTestResult executionId="1d5b3c47-1b82-4654-ae13-5e195eb76afa" testId="920c3954-dd74-38c8-0c02-f21c3952b39d" testName="HardwareInCWAOnWhiteList_ReplacedWithNoInheritance_HardwareOnWhiteList_CWAAllowed_FewerChannelsOnReplacedHardware_NewHardwareInCWA" computerName="DKSR-EFI-06" duration="00:00:00.5658300" startTime="2024-01-09T15:44:15.7480428+01:00" endTime="2024-01-09T15:44:16.3105452+01:00" testType="13cdc9d9-ddb5-4fa4-a97d-d965ccfc6d4b" outcome="Passed" testListId="8c84fa94-04c1-424b-9868-57a2d4851a1d" relativeResultsDirectory="1d5b3c47-1b82-4654-ae13-5e195eb76afa" />
    <UnitTestResult executionId="8aebca41-7fb0-4d69-ba00-29e33ced88f6" testId="554a0891-381d-7938-ff7a-6be0e7d52934" testName="ConvertIdpLog_UserLoginSuccess" computerName="DKSR-EFI-06" duration="00:00:00.0011681" startTime="2024-01-09T15:43:42.4822872+01:00" endTime="2024-01-09T15:43:42.4822872+01:00" testType="13cdc9d9-ddb5-4fa4-a97d-d965ccfc6d4b" outcome="Passed" testListId="8c84fa94-04c1-424b-9868-57a2d4851a1d" relativeResultsDirectory="8aebca41-7fb0-4d69-ba00-29e33ced88f6" />
    <UnitTestResult executionId="7ae67838-d072-4635-ba82-6ea8015a7217" testId="00b7e535-c328-df0b-5946-95df074f4df6" testName="HardwareInGraceNotOnWhiteList_ReplacedWithNoInheritance_HardwareNotOnWhiteList_MoreDevicesOnNewHardware_ShouldGiveDevicesNewGracePeriod" computerName="DKSR-EFI-06" duration="00:00:00.2106524" startTime="2024-01-09T15:44:56.9043670+01:00" endTime="2024-01-09T15:44:57.1231186+01:00" testType="13cdc9d9-ddb5-4fa4-a97d-d965ccfc6d4b" outcome="Passed" testListId="8c84fa94-04c1-424b-9868-57a2d4851a1d" relativeResultsDirectory="7ae67838-d072-4635-ba82-6ea8015a7217" />
    <UnitTestResult executionId="646e4290-4956-4300-9b23-b77de79c57cd" testId="8ee9e6d7-7345-e79f-5e97-9bf89699dd46" testName="ProcessConfigurationChangeTasks_UpdateInsertInsert__Inserts_Batched" computerName="DKSR-EFI-06" duration="00:00:00.0872580" startTime="2024-01-09T15:43:11.8884811+01:00" endTime="2024-01-09T15:43:11.9822326+01:00" testType="13cdc9d9-ddb5-4fa4-a97d-d965ccfc6d4b" outcome="Passed" testListId="8c84fa94-04c1-424b-9868-57a2d4851a1d" relativeResultsDirectory="646e4290-4956-4300-9b23-b77de79c57cd" />
    <UnitTestResult executionId="f0f487f5-9cc2-4c5b-9805-fb99813b81f8" testId="03f70150-34c7-4756-ca7d-89e353dce8de" testName="DeleteIdpUserTaskCommandHandlerTests_ExecuteThrowsUserNotFound_ResponseSuccess" computerName="DKSR-EFI-06" duration="00:00:00.0031136" startTime="2024-01-09T15:45:36.9200474+01:00" endTime="2024-01-09T15:45:36.9200474+01:00" testType="13cdc9d9-ddb5-4fa4-a97d-d965ccfc6d4b" outcome="Passed" testListId="8c84fa94-04c1-424b-9868-57a2d4851a1d" relativeResultsDirectory="f0f487f5-9cc2-4c5b-9805-fb99813b81f8" />
    <UnitTestResult executionId="6c75c789-9d28-4499-82de-b3f753032b4c" testId="51c810f9-6747-b0a8-4122-cb6b1986b141" testName="EventCollectorConstructor_Receiver_Null" computerName="DKSR-EFI-06" duration="00:00:00.0005540" startTime="2024-01-09T15:42:44.4977809+01:00" endTime="2024-01-09T15:42:44.4977809+01:00" testType="13cdc9d9-ddb5-4fa4-a97d-d965ccfc6d4b" outcome="Passed" testListId="8c84fa94-04c1-424b-9868-57a2d4851a1d" relativeResultsDirectory="6c75c789-9d28-4499-82de-b3f753032b4c" />
    <UnitTestResult executionId="f943e859-1ba9-40e4-9793-9da92e5d8f6b" testId="98d3b77a-de4e-c65f-d0f1-c8e1bf069964" testName="LicenseInfoXmlWriter_UpdateLicenseState_OnLicenseExpired" computerName="DKSR-EFI-06" duration="00:00:00.0029370" startTime="2024-01-09T15:45:00.7481329+01:00" endTime="2024-01-09T15:45:00.7481329+01:00" testType="13cdc9d9-ddb5-4fa4-a97d-d965ccfc6d4b" outcome="Passed" testListId="8c84fa94-04c1-424b-9868-57a2d4851a1d" relativeResultsDirectory="f943e859-1ba9-40e4-9793-9da92e5d8f6b" />
    <UnitTestResult executionId="c0c092ac-63f3-4084-902e-a0fb7e67f918" testId="b9884ef5-7b7b-37a1-3241-b5d8c9986602" testName="Recorder_FindById_Returns_Instance" computerName="DKSR-EFI-06" duration="00:00:00.0006071" startTime="2024-01-09T15:45:33.9669226+01:00" endTime="2024-01-09T15:45:33.9669226+01:00" testType="13cdc9d9-ddb5-4fa4-a97d-d965ccfc6d4b" outcome="Passed" testListId="8c84fa94-04c1-424b-9868-57a2d4851a1d" relativeResultsDirectory="c0c092ac-63f3-4084-902e-a0fb7e67f918" />
    <UnitTestResult executionId="435d39a5-f00b-4491-acdf-56b755e8a620" testId="c773b936-c19f-a5af-576f-454c7789e759" testName="Validate_AddingHardwareToCWA_WhenHardwareHasDevicesInCWA_DoesNotAddHardwareToCWA" computerName="DKSR-EFI-06" duration="00:00:00.0004756" startTime="2024-01-09T15:45:00.0450082+01:00" endTime="2024-01-09T15:45:00.0450082+01:00" testType="13cdc9d9-ddb5-4fa4-a97d-d965ccfc6d4b" outcome="Passed" testListId="8c84fa94-04c1-424b-9868-57a2d4851a1d" relativeResultsDirectory="435d39a5-f00b-4491-acdf-56b755e8a620" />
    <UnitTestResult executionId="746a103d-90d0-4474-8ee3-1d95b8fac2e1" testId="54cdf181-0879-5493-b490-d28c73c7ac26" testName="CheckMsFailoverStatusCommandHandler_Execute_InvokeEventTrue_Succeeded_ShouldTrigger" computerName="DKSR-EFI-06" duration="00:00:00.4352076" startTime="2024-01-09T15:45:34.8887988+01:00" endTime="2024-01-09T15:45:35.3262915+01:00" testType="13cdc9d9-ddb5-4fa4-a97d-d965ccfc6d4b" outcome="Passed" testListId="8c84fa94-04c1-424b-9868-57a2d4851a1d" relativeResultsDirectory="746a103d-90d0-4474-8ee3-1d95b8fac2e1" />
    <UnitTestResult executionId="88aaa954-479b-456f-b40d-812ff2304550" testId="004a6bf8-e997-9598-3e64-6edbcb12f591" testName="MoveHardwareTaskCommandHandler_Clone_Returns_Same_Reference" computerName="DKSR-EFI-06" duration="00:00:00.0251847" startTime="2024-01-09T15:45:38.5137953+01:00" endTime="2024-01-09T15:45:38.5294182+01:00" testType="13cdc9d9-ddb5-4fa4-a97d-d965ccfc6d4b" outcome="Passed" testListId="8c84fa94-04c1-424b-9868-57a2d4851a1d" relativeResultsDirectory="88aaa954-479b-456f-b40d-812ff2304550" />
    <UnitTestResult executionId="3d04045a-28ff-4a98-9014-749b6300dd3f" testId="4c0bc591-f9bc-3020-eca2-2051fea13486" testName="CheckMsFailoverStatusCommandHandler_Execute_InvokeEventTrue_ShouldNotTrigger" computerName="DKSR-EFI-06" duration="00:00:00.0250346" startTime="2024-01-09T15:45:35.3887933+01:00" endTime="2024-01-09T15:45:35.4044230+01:00" testType="13cdc9d9-ddb5-4fa4-a97d-d965ccfc6d4b" outcome="Passed" testListId="8c84fa94-04c1-424b-9868-57a2d4851a1d" relativeResultsDirectory="3d04045a-28ff-4a98-9014-749b6300dd3f" />
    <UnitTestResult executionId="4b7d46d3-15bc-4a91-86d0-bd5c1a67146a" testId="a25814f3-d627-807b-5776-fa66c12c734e" testName="CalculateFeeds_Success_EmptyWhiteList_Interconnected_TwoDevices" computerName="DKSR-EFI-06" duration="00:00:00.0061503" startTime="2024-01-09T15:45:25.7637888+01:00" endTime="2024-01-09T15:45:25.7637888+01:00" testType="13cdc9d9-ddb5-4fa4-a97d-d965ccfc6d4b" outcome="Passed" testListId="8c84fa94-04c1-424b-9868-57a2d4851a1d" relativeResultsDirectory="4b7d46d3-15bc-4a91-86d0-bd5c1a67146a" />
    <UnitTestResult executionId="a756c444-5f97-49c6-bea8-8d378b95b798" testId="2ee83b99-e286-2059-d828-19cc99fc2cc4" testName="CheckSecurityDataSetTest_NotLicensedFail1" computerName="DKSR-EFI-06" duration="00:00:00.0013931" startTime="2024-01-09T15:45:00.4200081+01:00" endTime="2024-01-09T15:45:00.4200081+01:00" testType="13cdc9d9-ddb5-4fa4-a97d-d965ccfc6d4b" outcome="Passed" testListId="8c84fa94-04c1-424b-9868-57a2d4851a1d" relativeResultsDirectory="a756c444-5f97-49c6-bea8-8d378b95b798" />
    <UnitTestResult executionId="af0bdfde-dfe8-4083-8f81-728b08e5175f" testId="09fa7278-9b62-6495-4bad-626cb7501a7d" testName="ChangeHardwarePasswordRuleAction_Execute_SunnyDay_EventsTrigger" computerName="DKSR-EFI-06" duration="00:00:00.0937816" startTime="2024-01-09T15:43:19.6853737+01:00" endTime="2024-01-09T15:43:19.7791234+01:00" testType="13cdc9d9-ddb5-4fa4-a97d-d965ccfc6d4b" outcome="Passed" testListId="8c84fa94-04c1-424b-9868-57a2d4851a1d" relativeResultsDirectory="af0bdfde-dfe8-4083-8f81-728b08e5175f" />
    <UnitTestResult executionId="d50e6ebb-60ce-42cb-b0b8-ab9add7ad188" testId="472e139f-f058-76a7-efaa-3690607ea4ee" testName="ValidateParameter_NullLicenseCount_Expect_ArgumentNullException" computerName="DKSR-EFI-06" duration="00:00:00.0113936" startTime="2024-01-09T15:44:29.7168103+01:00" endTime="2024-01-09T15:44:29.7324342+01:00" testType="13cdc9d9-ddb5-4fa4-a97d-d965ccfc6d4b" outcome="Passed" testListId="8c84fa94-04c1-424b-9868-57a2d4851a1d" relativeResultsDirectory="d50e6ebb-60ce-42cb-b0b8-ab9add7ad188" />
    <UnitTestResult executionId="d332d15d-8110-45e3-9573-b535ac7a9108" testId="b9e8bb21-8876-39d5-4535-cf3fac9c90aa" testName="EdgeJobUpdatedCommand_ModelIsNull_BadRequestResult" computerName="DKSR-EFI-06" duration="00:00:00.0008862" startTime="2024-01-09T15:42:47.8884155+01:00" endTime="2024-01-09T15:42:47.8884155+01:00" testType="13cdc9d9-ddb5-4fa4-a97d-d965ccfc6d4b" outcome="Passed" testListId="8c84fa94-04c1-424b-9868-57a2d4851a1d" relativeResultsDirectory="d332d15d-8110-45e3-9573-b535ac7a9108" />
    <UnitTestResult executionId="292dceb5-f10d-4587-a34d-af047f0edcde" testId="43846b12-f311-2566-5942-53200967e65d" testName="Validate_LicenseCalculatorContainsAllHardwareFromAllRecordingServers_Success" computerName="DKSR-EFI-06" duration="00:00:00.0376839" startTime="2024-01-09T15:45:01.8887416+01:00" endTime="2024-01-09T15:45:01.9356177+01:00" testType="13cdc9d9-ddb5-4fa4-a97d-d965ccfc6d4b" outcome="Passed" testListId="8c84fa94-04c1-424b-9868-57a2d4851a1d" relativeResultsDirectory="292dceb5-f10d-4587-a34d-af047f0edcde" />
    <UnitTestResult executionId="234e9f94-d4b3-49a6-b19b-30b8ed2d1a54" testId="7406d798-b581-dda0-3d0c-25971023b8a7" testName="HardwareActivatedNotOnWhiteList_ReplacedWithInheritance_HardwareOnWhiteList_CWAAllowed_NewHardwareInCWA" computerName="DKSR-EFI-06" duration="00:00:00.2936820" startTime="2024-01-09T15:43:58.5135953+01:00" endTime="2024-01-09T15:43:58.8104716+01:00" testType="13cdc9d9-ddb5-4fa4-a97d-d965ccfc6d4b" outcome="Passed" testListId="8c84fa94-04c1-424b-9868-57a2d4851a1d" relativeResultsDirectory="234e9f94-d4b3-49a6-b19b-30b8ed2d1a54" />
    <UnitTestResult executionId="6992a959-bfc3-44e5-8215-ec67f20910f7" testId="21d94a4c-564b-6c81-53a1-9ad6328e5a7b" testName="LicenseInformation_ToXml_FromXml_CompareObjects" computerName="DKSR-EFI-06" duration="00:00:00.0131446" startTime="2024-01-09T15:45:00.5918820+01:00" endTime="2024-01-09T15:45:00.6075073+01:00" testType="13cdc9d9-ddb5-4fa4-a97d-d965ccfc6d4b" outcome="Passed" testListId="8c84fa94-04c1-424b-9868-57a2d4851a1d" relativeResultsDirectory="6992a959-bfc3-44e5-8215-ec67f20910f7" />
    <UnitTestResult executionId="6a005732-5a7c-4cc7-99a0-b5269a1fc266" testId="2cf91dfa-968e-4599-4e3f-36ab2c164e8c" testName="ExceptionResponse_ModelIsValid_CommandExecuted" computerName="DKSR-EFI-06" duration="00:00:00.0011580" startTime="2024-01-09T15:42:48.2790445+01:00" endTime="2024-01-09T15:42:48.2790445+01:00" testType="13cdc9d9-ddb5-4fa4-a97d-d965ccfc6d4b" outcome="Passed" testListId="8c84fa94-04c1-424b-9868-57a2d4851a1d" relativeResultsDirectory="6a005732-5a7c-4cc7-99a0-b5269a1fc266" />
    <UnitTestResult executionId="82685f3b-27f9-435c-a5c6-63934d62b019" testId="f1094adb-7cd4-3800-7fd4-6b10eec5d3f3" testName="EventCollector_ShouldEventBeFired_Reject_Other_Events" computerName="DKSR-EFI-06" duration="00:00:00.0030877" startTime="2024-01-09T15:42:45.0134065+01:00" endTime="2024-01-09T15:42:45.0134065+01:00" testType="13cdc9d9-ddb5-4fa4-a97d-d965ccfc6d4b" outcome="Passed" testListId="8c84fa94-04c1-424b-9868-57a2d4851a1d" relativeResultsDirectory="82685f3b-27f9-435c-a5c6-63934d62b019" />
    <UnitTestResult executionId="cb61aec1-36e2-4ca1-9628-04236c4bfff8" testId="26c3b5d9-f363-c07f-e330-95af8cd3b7ce" testName="DeleteHardwareTaskCommandHandler_Constructor_Arguments_Null_Throws" computerName="DKSR-EFI-06" duration="00:00:00.0053722" startTime="2024-01-09T15:45:36.7950440+01:00" endTime="2024-01-09T15:45:36.7950440+01:00" testType="13cdc9d9-ddb5-4fa4-a97d-d965ccfc6d4b" outcome="Passed" testListId="8c84fa94-04c1-424b-9868-57a2d4851a1d" relativeResultsDirectory="cb61aec1-36e2-4ca1-9628-04236c4bfff8">
      <Output>
        <StdOut>Debug Trace:&#xD;
Fail: Argument null</StdOut>
      </Output>
    </UnitTestResult>
    <UnitTestResult executionId="2f903994-48e5-4dea-b2cf-8eb5f5a673c9" testId="beb6575d-08cd-36cd-5b78-91b38c011b4e" testName="ChangeHardwarePasswordRuleAction_Execute_HardwareQueryFail_NoCompletedEventsTriggered" computerName="DKSR-EFI-06" duration="00:00:10.3001242" startTime="2024-01-09T15:43:21.2009990+01:00" endTime="2024-01-09T15:43:31.4978773+01:00" testType="13cdc9d9-ddb5-4fa4-a97d-d965ccfc6d4b" outcome="Passed" testListId="8c84fa94-04c1-424b-9868-57a2d4851a1d" relativeResultsDirectory="2f903994-48e5-4dea-b2cf-8eb5f5a673c9" />
    <UnitTestResult executionId="d202aee0-c94f-41f1-82c1-470b4efdd1fa" testId="fca1f8fe-7df4-4fdb-ec09-dc9d5e651af4" testName="EvidenceLockUpdateScheduler_Start_Stop__Dispose_Success" computerName="DKSR-EFI-06" duration="00:00:00.0007231" startTime="2024-01-09T15:42:45.0446574+01:00" endTime="2024-01-09T15:42:45.0446574+01:00" testType="13cdc9d9-ddb5-4fa4-a97d-d965ccfc6d4b" outcome="Passed" testListId="8c84fa94-04c1-424b-9868-57a2d4851a1d" relativeResultsDirectory="d202aee0-c94f-41f1-82c1-470b4efdd1fa" />
    <UnitTestResult executionId="9f4961a7-aa31-42ca-bdd3-2477e9bbfcbc" testId="375026d0-1f6d-e20f-0693-7a1919c0e7d6" testName="FindHardware_EmptyMac_Throws_ArgumentNullException" computerName="DKSR-EFI-06" duration="00:00:00.0013357" startTime="2024-01-09T15:45:34.1856727+01:00" endTime="2024-01-09T15:45:34.1856727+01:00" testType="13cdc9d9-ddb5-4fa4-a97d-d965ccfc6d4b" outcome="Passed" testListId="8c84fa94-04c1-424b-9868-57a2d4851a1d" relativeResultsDirectory="9f4961a7-aa31-42ca-bdd3-2477e9bbfcbc" />
    <UnitTestResult executionId="82ffaf2c-7810-4a9b-ac43-c8cf7b0812a4" testId="c576af66-9afa-10c2-027a-7e1a44cd0712" testName="AllocateLicenses_NotActivated_OneDevice_SixDisabledCameraChannels_LicenseCountFive_OneInGrace" computerName="DKSR-EFI-06" duration="00:00:00.0748587" startTime="2024-01-09T15:44:32.0918116+01:00" endTime="2024-01-09T15:44:32.1699358+01:00" testType="13cdc9d9-ddb5-4fa4-a97d-d965ccfc6d4b" outcome="Passed" testListId="8c84fa94-04c1-424b-9868-57a2d4851a1d" relativeResultsDirectory="82ffaf2c-7810-4a9b-ac43-c8cf7b0812a4" />
    <UnitTestResult executionId="606ffb1b-a3ea-4a95-ac86-bc62e64fb1d4" testId="f0017bc8-c9d8-b066-4987-77f2c486bde7" testName="HardwareActivatedNotOnWhiteList_NoCameraChannels_ReplacedWith_HardwareNotOnWhiteList_WithCameraChannels_SomeGraceSomeCWA" computerName="DKSR-EFI-06" duration="00:00:00.4351820" startTime="2024-01-09T15:44:26.4981099+01:00" endTime="2024-01-09T15:44:26.9355584+01:00" testType="13cdc9d9-ddb5-4fa4-a97d-d965ccfc6d4b" outcome="Passed" testListId="8c84fa94-04c1-424b-9868-57a2d4851a1d" relativeResultsDirectory="606ffb1b-a3ea-4a95-ac86-bc62e64fb1d4" />
    <UnitTestResult executionId="544fc6d6-2da6-4d1b-a3ab-2a16f11655c5" testId="6d4f6a03-ce2a-a013-df02-981c6a6b55d0" testName="DeviceLicense_AddNew_IsUpdated_SetToTrue_Success" computerName="DKSR-EFI-06" duration="00:00:00.0006634" startTime="2024-01-09T15:45:34.1075450+01:00" endTime="2024-01-09T15:45:34.1075450+01:00" testType="13cdc9d9-ddb5-4fa4-a97d-d965ccfc6d4b" outcome="Passed" testListId="8c84fa94-04c1-424b-9868-57a2d4851a1d" relativeResultsDirectory="544fc6d6-2da6-4d1b-a3ab-2a16f11655c5" />
    <UnitTestResult executionId="310f3318-2d75-4168-9e9c-eb1a61c3bedb" testId="16f28a98-6694-f574-09da-c04c7b04a14c" testName="HardwareInGraceNotOnWhiteList_ReplacedWith_HardwareNotOnWhiteList_ShouldGiveDevicesNewGracePeriod" computerName="DKSR-EFI-06" duration="00:00:00.3832220" startTime="2024-01-09T15:44:52.4356078+01:00" endTime="2024-01-09T15:44:52.8262326+01:00" testType="13cdc9d9-ddb5-4fa4-a97d-d965ccfc6d4b" outcome="Passed" testListId="8c84fa94-04c1-424b-9868-57a2d4851a1d" relativeResultsDirectory="310f3318-2d75-4168-9e9c-eb1a61c3bedb" />
    <UnitTestResult executionId="0783cd39-8ff8-4835-bfac-0cf282f737b0" testId="64ab9353-a028-abd7-16bf-3ab6a2fb00d5" testName="GetTotalReplacementLimit_ReturnsMinimum_OnPercentagesmallerThanMinimum" computerName="DKSR-EFI-06" duration="00:00:00.0002288" startTime="2024-01-09T15:45:34.2169235+01:00" endTime="2024-01-09T15:45:34.2169235+01:00" testType="13cdc9d9-ddb5-4fa4-a97d-d965ccfc6d4b" outcome="Passed" testListId="8c84fa94-04c1-424b-9868-57a2d4851a1d" relativeResultsDirectory="0783cd39-8ff8-4835-bfac-0cf282f737b0" />
    <UnitTestResult executionId="2775e578-825b-48dc-950a-055c9f21b369" testId="21bc7353-47b6-8656-a936-377d58141883" testName="GetRecorderLicense_DoesNotTriggerEvent_OnUsedChangesWithoutActivationLessThanTotal" computerName="DKSR-EFI-06" duration="00:00:00.1229303" startTime="2024-01-09T15:45:09.5606330+01:00" endTime="2024-01-09T15:45:09.6856319+01:00" testType="13cdc9d9-ddb5-4fa4-a97d-d965ccfc6d4b" outcome="Passed" testListId="8c84fa94-04c1-424b-9868-57a2d4851a1d" relativeResultsDirectory="2775e578-825b-48dc-950a-055c9f21b369">
      <Output>
        <StdOut>Debug Trace:&#xD;
14:45:09.654 Building hardware index&#xD;
14:45:09.654 Building hardware index DONE</StdOut>
      </Output>
    </UnitTestResult>
    <UnitTestResult executionId="bbab1737-04af-46ed-a908-df280d4860dd" testId="417171e9-2711-c309-cb3b-4719bde221b9" testName="CheckMsFailoverStatusCommandHandler_Execute_InvokeEventTrue_ValidResponseTwo_ShouldTrigger" computerName="DKSR-EFI-06" duration="00:00:00.0028814" startTime="2024-01-09T15:45:35.3575479+01:00" endTime="2024-01-09T15:45:35.3575479+01:00" testType="13cdc9d9-ddb5-4fa4-a97d-d965ccfc6d4b" outcome="Passed" testListId="8c84fa94-04c1-424b-9868-57a2d4851a1d" relativeResultsDirectory="bbab1737-04af-46ed-a908-df280d4860dd" />
    <UnitTestResult executionId="75b639a2-6c40-4e9a-b0a2-9970ef5f2061" testId="d66d846d-f020-a449-c804-a1a3d083e207" testName="SetMatrixView_ModelIsNull_BadRequestResult" computerName="DKSR-EFI-06" duration="00:00:00.0008980" startTime="2024-01-09T15:42:48.0446671+01:00" endTime="2024-01-09T15:42:48.0446671+01:00" testType="13cdc9d9-ddb5-4fa4-a97d-d965ccfc6d4b" outcome="Passed" testListId="8c84fa94-04c1-424b-9868-57a2d4851a1d" relativeResultsDirectory="75b639a2-6c40-4e9a-b0a2-9970ef5f2061" />
    <UnitTestResult executionId="d24f4d04-4d68-45a1-ab5f-efc4109c9056" testId="24ba77e8-1fe5-08f9-175a-86266968a297" testName="AllocateLicenses_TwoMissingICPChannelLicensesOneInGrace_OnOneICPWithTwoCamerasAndOneHardwareWithOneCamera" computerName="DKSR-EFI-06" duration="00:00:00.0338590" startTime="2024-01-09T15:44:37.4511882+01:00" endTime="2024-01-09T15:44:37.4980610+01:00" testType="13cdc9d9-ddb5-4fa4-a97d-d965ccfc6d4b" outcome="Passed" testListId="8c84fa94-04c1-424b-9868-57a2d4851a1d" relativeResultsDirectory="d24f4d04-4d68-45a1-ab5f-efc4109c9056" />
    <UnitTestResult executionId="59c89872-3ffe-49e8-8fff-7de048872591" testId="64926100-3933-f2dd-3dd0-a9d9b3ef7760" testName="Simulate_GracePeriodExpiring_SuccesfullyExpiresHardware_NotWhitelisted" computerName="DKSR-EFI-06" duration="00:00:00.2615806" startTime="2024-01-09T15:44:42.9512029+01:00" endTime="2024-01-09T15:44:43.2168278+01:00" testType="13cdc9d9-ddb5-4fa4-a97d-d965ccfc6d4b" outcome="Passed" testListId="8c84fa94-04c1-424b-9868-57a2d4851a1d" relativeResultsDirectory="59c89872-3ffe-49e8-8fff-7de048872591" />
    <UnitTestResult executionId="a33de874-2c7f-43d3-96b5-a0464aa1aa1d" testId="04890844-c662-62b1-20da-07273c12eec5" testName="CheckConfigurationDataSetTest_Licensed" computerName="DKSR-EFI-06" duration="00:00:00.0086510" startTime="2024-01-09T15:45:00.3731284+01:00" endTime="2024-01-09T15:45:00.3731284+01:00" testType="13cdc9d9-ddb5-4fa4-a97d-d965ccfc6d4b" outcome="Passed" testListId="8c84fa94-04c1-424b-9868-57a2d4851a1d" relativeResultsDirectory="a33de874-2c7f-43d3-96b5-a0464aa1aa1d" />
    <UnitTestResult executionId="99dc0170-f591-4be0-bd9d-f7b3f9c73326" testId="999e9ea0-681f-8b49-c2df-3675d5adf154" testName="LicenseInfoXmlWriter_CreateLicenseInformationXml_SetsProductName" computerName="DKSR-EFI-06" duration="00:00:00.0010377" startTime="2024-01-09T15:45:00.7637614+01:00" endTime="2024-01-09T15:45:00.7637614+01:00" testType="13cdc9d9-ddb5-4fa4-a97d-d965ccfc6d4b" outcome="Passed" testListId="8c84fa94-04c1-424b-9868-57a2d4851a1d" relativeResultsDirectory="99dc0170-f591-4be0-bd9d-f7b3f9c73326" />
    <UnitTestResult executionId="22a19e34-5fe2-4153-b457-4d45d63ad343" testId="f4ada8c4-6593-86b3-aa77-547fe895294f" testName="CheckConfigurationDataSetTest_StreamsLicensed" computerName="DKSR-EFI-06" duration="00:00:00.0105269" startTime="2024-01-09T15:45:00.4200081+01:00" endTime="2024-01-09T15:45:00.4356321+01:00" testType="13cdc9d9-ddb5-4fa4-a97d-d965ccfc6d4b" outcome="Passed" testListId="8c84fa94-04c1-424b-9868-57a2d4851a1d" relativeResultsDirectory="22a19e34-5fe2-4153-b457-4d45d63ad343" />
    <UnitTestResult executionId="b6d1e76b-92a8-4a74-9502-1bfeaec589af" testId="e8265441-f1a4-8474-c93a-df0ea0082843" testName="HardwareInCWAOnWhiteList_ReplacedWithInheritance_HardwareNotOnWhiteList_MixedCWAAllowed_MoreChannelsOnReplacedHardware_SomeDevicesInCWA" computerName="DKSR-EFI-06" duration="00:00:00.2685611" startTime="2024-01-09T15:44:19.0761781+01:00" endTime="2024-01-09T15:44:19.3418034+01:00" testType="13cdc9d9-ddb5-4fa4-a97d-d965ccfc6d4b" outcome="Passed" testListId="8c84fa94-04c1-424b-9868-57a2d4851a1d" relativeResultsDirectory="b6d1e76b-92a8-4a74-9502-1bfeaec589af" />
    <UnitTestResult executionId="8e6ef0af-404d-457c-9847-d1816e199968" testId="1783a21f-8911-67d2-551f-bb139a696d28" testName="DeviceDataDistributionManager_CleanupAll_QueryDeviceDataDistributionThrowsSqlException_Handled" computerName="DKSR-EFI-06" duration="00:00:00.0005511" startTime="2024-01-09T15:42:44.4509061+01:00" endTime="2024-01-09T15:42:44.4665295+01:00" testType="13cdc9d9-ddb5-4fa4-a97d-d965ccfc6d4b" outcome="Passed" testListId="8c84fa94-04c1-424b-9868-57a2d4851a1d" relativeResultsDirectory="8e6ef0af-404d-457c-9847-d1816e199968" />
    <UnitTestResult executionId="9401517c-da14-428b-91e8-fe224f951b49" testId="d6460fef-7c1f-f733-199f-97b4a5b4124b" testName="HardwareActivatedOnWhiteList_ReplacedWithInheritance_HardwareNotOnWhiteList_CWAAllowed_AllDevicesInCWA" computerName="DKSR-EFI-06" duration="00:00:00.3015914" startTime="2024-01-09T15:43:58.2010941+01:00" endTime="2024-01-09T15:43:58.4979719+01:00" testType="13cdc9d9-ddb5-4fa4-a97d-d965ccfc6d4b" outcome="Passed" testListId="8c84fa94-04c1-424b-9868-57a2d4851a1d" relativeResultsDirectory="9401517c-da14-428b-91e8-fe224f951b49" />
    <UnitTestResult executionId="39806081-869b-448d-a15a-c3b087f0eda3" testId="0dcc83a8-8546-1d40-f9a8-9df68c4b35fe" testName="AllocateLicenses_NotActivated_OneDevice_FiveEnabledCameraChannels_LicenseCountFive_FiveInGrace" computerName="DKSR-EFI-06" duration="00:00:00.1389200" startTime="2024-01-09T15:44:36.9511873+01:00" endTime="2024-01-09T15:44:37.0918117+01:00" testType="13cdc9d9-ddb5-4fa4-a97d-d965ccfc6d4b" outcome="Passed" testListId="8c84fa94-04c1-424b-9868-57a2d4851a1d" relativeResultsDirectory="39806081-869b-448d-a15a-c3b087f0eda3" />
    <UnitTestResult executionId="43fb4a2a-d1ce-4473-941b-a0255757abaf" testId="2996350e-0593-3b86-206c-e0e20a3e8620" testName="GetTotalReplacementLimit_ReturnsMaximum_OnPercentageBigerThanMaximum" computerName="DKSR-EFI-06" duration="00:00:00.0002108" startTime="2024-01-09T15:45:34.2169235+01:00" endTime="2024-01-09T15:45:34.2169235+01:00" testType="13cdc9d9-ddb5-4fa4-a97d-d965ccfc6d4b" outcome="Passed" testListId="8c84fa94-04c1-424b-9868-57a2d4851a1d" relativeResultsDirectory="43fb4a2a-d1ce-4473-941b-a0255757abaf" />
    <UnitTestResult executionId="69de20a6-fbd2-46ff-b664-f97e23cad79e" testId="2a80f91a-32ba-91b0-be00-f54a7b8a1186" testName="LicenseInfoXmlWriter_CreateLicenseInformationXml_FromCachedLicense" computerName="DKSR-EFI-06" duration="00:00:00.0557363" startTime="2024-01-09T15:45:00.6856342+01:00" endTime="2024-01-09T15:45:00.7481329+01:00" testType="13cdc9d9-ddb5-4fa4-a97d-d965ccfc6d4b" outcome="Passed" testListId="8c84fa94-04c1-424b-9868-57a2d4851a1d" relativeResultsDirectory="69de20a6-fbd2-46ff-b664-f97e23cad79e" />
    <UnitTestResult executionId="a28be313-c8fc-4313-8342-995cd1cc5791" testId="fda3da24-7e24-e2c3-22c3-e1cac8cca284" testName="HardwareLicense_AddExistingId_ReplacesCurrentLicense_Instance" computerName="DKSR-EFI-06" duration="00:00:00.0008368" startTime="2024-01-09T15:45:34.0450447+01:00" endTime="2024-01-09T15:45:34.0450447+01:00" testType="13cdc9d9-ddb5-4fa4-a97d-d965ccfc6d4b" outcome="Passed" testListId="8c84fa94-04c1-424b-9868-57a2d4851a1d" relativeResultsDirectory="a28be313-c8fc-4313-8342-995cd1cc5791" />
    <UnitTestResult executionId="d28acc56-fb59-4422-a100-ead921e3f64f" testId="cb380a5d-abad-8fd4-e1c3-2d884a15c3ba" testName="Parse_WhenManufacturerNameChanged_NewestManufacturerNameIsSet" computerName="DKSR-EFI-06" duration="00:00:00.0007085" startTime="2024-01-09T15:43:51.1698133+01:00" endTime="2024-01-09T15:43:51.1698133+01:00" testType="13cdc9d9-ddb5-4fa4-a97d-d965ccfc6d4b" outcome="Passed" testListId="8c84fa94-04c1-424b-9868-57a2d4851a1d" relativeResultsDirectory="d28acc56-fb59-4422-a100-ead921e3f64f" />
    <UnitTestResult executionId="8ab521ba-456b-42cb-868a-5bb45e25f601" testId="94aaa36a-a88c-edff-8965-b72bceaf3620" testName="AttachedRecorder_GetRecorderStatus_Success" computerName="DKSR-EFI-06" duration="00:00:00.0136759" startTime="2024-01-09T15:42:45.3259102+01:00" endTime="2024-01-09T15:42:45.3259102+01:00" testType="13cdc9d9-ddb5-4fa4-a97d-d965ccfc6d4b" outcome="Passed" testListId="8c84fa94-04c1-424b-9868-57a2d4851a1d" relativeResultsDirectory="8ab521ba-456b-42cb-868a-5bb45e25f601" />
    <UnitTestResult executionId="3850f77f-c761-4522-83ad-bcb45bc347cd" testId="cc7717c8-6ebf-bd64-52ca-358afed978e1" testName="ChangeHardwarePasswordTaskCommandHandler_Execute_Failed_UserLevelAnonymousNotAllowed_Response" computerName="DKSR-EFI-06" duration="00:00:00.0009537" startTime="2024-01-09T15:45:34.7637936+01:00" endTime="2024-01-09T15:45:34.7637936+01:00" testType="13cdc9d9-ddb5-4fa4-a97d-d965ccfc6d4b" outcome="Passed" testListId="8c84fa94-04c1-424b-9868-57a2d4851a1d" relativeResultsDirectory="3850f77f-c761-4522-83ad-bcb45bc347cd" />
    <UnitTestResult executionId="931d6ba3-a198-4679-bc51-56f9415f4457" testId="421fb43f-22dc-3119-8b0a-975866a1028c" testName="RecorderLicense_AddNew_IsUpdated_SetToTrue_Success" computerName="DKSR-EFI-06" duration="00:00:00.0055347" startTime="2024-01-09T15:45:33.9981742+01:00" endTime="2024-01-09T15:45:34.0137957+01:00" testType="13cdc9d9-ddb5-4fa4-a97d-d965ccfc6d4b" outcome="Passed" testListId="8c84fa94-04c1-424b-9868-57a2d4851a1d" relativeResultsDirectory="931d6ba3-a198-4679-bc51-56f9415f4457" />
    <UnitTestResult executionId="91e46639-fffb-46d6-a2ee-0861ce20f452" testId="d45b7a6a-e638-9ef4-fad5-13e60d2dee28" testName="ActivationManager_Constructor" computerName="DKSR-EFI-06" duration="00:00:00.0038087" startTime="2024-01-09T15:43:43.1854177+01:00" endTime="2024-01-09T15:43:43.2010412+01:00" testType="13cdc9d9-ddb5-4fa4-a97d-d965ccfc6d4b" outcome="Passed" testListId="8c84fa94-04c1-424b-9868-57a2d4851a1d" relativeResultsDirectory="91e46639-fffb-46d6-a2ee-0861ce20f452" />
    <UnitTestResult executionId="e5bd1ce2-db86-47fe-a8d4-1f93e9eebe8c" testId="0006f07b-d80e-27c3-ccc2-5c671db24d37" testName="ChangeHardwarePasswordTaskCommandHandler_Execute_Succeeded" computerName="DKSR-EFI-06" duration="00:00:00.0312142" startTime="2024-01-09T15:45:34.6700439+01:00" endTime="2024-01-09T15:45:34.7012967+01:00" testType="13cdc9d9-ddb5-4fa4-a97d-d965ccfc6d4b" outcome="Passed" testListId="8c84fa94-04c1-424b-9868-57a2d4851a1d" relativeResultsDirectory="e5bd1ce2-db86-47fe-a8d4-1f93e9eebe8c" />
    <UnitTestResult executionId="6c448ee2-9bb5-4ead-b584-646cf6ec7759" testId="00e0fc3e-7646-9c98-30c5-9e2b44560e94" testName="Validate_DeviceCanBeRemovedFromChangesWithoutActivation" computerName="DKSR-EFI-06" duration="00:00:00.0005641" startTime="2024-01-09T15:45:00.1231296+01:00" endTime="2024-01-09T15:45:00.1231296+01:00" testType="13cdc9d9-ddb5-4fa4-a97d-d965ccfc6d4b" outcome="Passed" testListId="8c84fa94-04c1-424b-9868-57a2d4851a1d" relativeResultsDirectory="6c448ee2-9bb5-4ead-b584-646cf6ec7759" />
    <UnitTestResult executionId="1b67f853-9a26-447f-93c2-4cb083d33714" testId="97c60378-ba41-a96a-7d0f-7a6c00e44a44" testName="Statuses_ResetAfterAddingMultipleLicenses_StatusAreReset_Success" computerName="DKSR-EFI-06" duration="00:00:00.0018585" startTime="2024-01-09T15:45:34.1387930+01:00" endTime="2024-01-09T15:45:34.1544201+01:00" testType="13cdc9d9-ddb5-4fa4-a97d-d965ccfc6d4b" outcome="Passed" testListId="8c84fa94-04c1-424b-9868-57a2d4851a1d" relativeResultsDirectory="1b67f853-9a26-447f-93c2-4cb083d33714" />
    <UnitTestResult executionId="ddfdd1cb-60af-4126-99d2-449ba9768e7f" testId="8990191b-24ce-f4c6-9621-98b8def434fa" testName="SetRecorderInformation_ModelIsValid_CommandExecuted" computerName="DKSR-EFI-06" duration="00:00:00.0035008" startTime="2024-01-09T15:42:48.7946718+01:00" endTime="2024-01-09T15:42:48.7946718+01:00" testType="13cdc9d9-ddb5-4fa4-a97d-d965ccfc6d4b" outcome="Passed" testListId="8c84fa94-04c1-424b-9868-57a2d4851a1d" relativeResultsDirectory="ddfdd1cb-60af-4126-99d2-449ba9768e7f" />
    <UnitTestResult executionId="73442cfb-270f-48f6-8eb1-ade122ad1542" testId="ba224a7a-9b82-e0f9-acfc-35de5387eaad" testName="MoveHardwareTaskCommandHandler_Execute_WriteConfigurationDataSetChangesToDatabase_DBConcurrencyException_FailResponse_LicenseConfigurationFailed" computerName="DKSR-EFI-06" duration="00:00:00.2124842" startTime="2024-01-09T15:45:41.7481722+01:00" endTime="2024-01-09T15:45:41.9669226+01:00" testType="13cdc9d9-ddb5-4fa4-a97d-d965ccfc6d4b" outcome="Passed" testListId="8c84fa94-04c1-424b-9868-57a2d4851a1d" relativeResultsDirectory="73442cfb-270f-48f6-8eb1-ade122ad1542">
      <Output>
        <StdOut>Progress: 10&#xD;
Progress: 20&#xD;
Progress: 30&#xD;
Progress: 35&#xD;
Progress: 40&#xD;
Progress: 42&#xD;
Progress: 44&#xD;
Progress: 60&#xD;
Progress: 70&#xD;
Progress: 80&#xD;
Progress: 90&#xD;
Progress: 95&#xD;
Progress: 100</StdOut>
      </Output>
    </UnitTestResult>
    <UnitTestResult executionId="1a82e66f-4912-4982-a47a-83d26c4b9c19" testId="d35c2020-35e1-7432-4bcd-89664f411e2b" testName="StartSessionFailedResponse_ModelIsValid_CommandExecuted" computerName="DKSR-EFI-06" duration="00:00:00.0006613" startTime="2024-01-09T15:42:48.3571677+01:00" endTime="2024-01-09T15:42:48.3571677+01:00" testType="13cdc9d9-ddb5-4fa4-a97d-d965ccfc6d4b" outcome="Passed" testListId="8c84fa94-04c1-424b-9868-57a2d4851a1d" relativeResultsDirectory="1a82e66f-4912-4982-a47a-83d26c4b9c19" />
    <UnitTestResult executionId="cd966fcc-582f-4deb-9481-b6de628b9515" testId="75df8f46-b8a0-ca12-05d3-71a91eb99cfe" testName="LicenseCountManager_IsHardwareWithoutEnabledCamerasLicensed_Throws_InvalidOperationException_WhenHardwareHasEnabledCameras" computerName="DKSR-EFI-06" duration="00:00:00.0008028" startTime="2024-01-09T15:45:00.1387546+01:00" endTime="2024-01-09T15:45:00.1544384+01:00" testType="13cdc9d9-ddb5-4fa4-a97d-d965ccfc6d4b" outcome="Passed" testListId="8c84fa94-04c1-424b-9868-57a2d4851a1d" relativeResultsDirectory="cd966fcc-582f-4deb-9481-b6de628b9515" />
    <UnitTestResult executionId="af47eafe-fe51-4d37-b4e4-f563e5c58b6e" testId="20f144bc-786f-b30e-2570-b753431ada4b" testName="SynchronizeDevicePresetsResponse_ModelIsNull_BadRequestResult" computerName="DKSR-EFI-06" duration="00:00:00.0006384" startTime="2024-01-09T15:42:48.3884189+01:00" endTime="2024-01-09T15:42:48.3884189+01:00" testType="13cdc9d9-ddb5-4fa4-a97d-d965ccfc6d4b" outcome="Passed" testListId="8c84fa94-04c1-424b-9868-57a2d4851a1d" relativeResultsDirectory="af47eafe-fe51-4d37-b4e4-f563e5c58b6e" />
    <UnitTestResult executionId="d3fecfb1-d4e3-4c90-bbbd-50530abbdb71" testId="92b6dab7-aadd-6d84-0717-d5671700adf7" testName="AllocateLicenses_OneLicenseUsed_OnOneHardwareWithOneCameraLicensedAndFourLicenses" computerName="DKSR-EFI-06" duration="00:00:00.0676733" startTime="2024-01-09T15:44:58.8575004+01:00" endTime="2024-01-09T15:44:58.9199991+01:00" testType="13cdc9d9-ddb5-4fa4-a97d-d965ccfc6d4b" outcome="Passed" testListId="8c84fa94-04c1-424b-9868-57a2d4851a1d" relativeResultsDirectory="d3fecfb1-d4e3-4c90-bbbd-50530abbdb71">
      <Output>
        <StdOut>Debug Trace:&#xD;
Fail: Attribute value invalid. 'Index'</StdOut>
      </Output>
    </UnitTestResult>
    <UnitTestResult executionId="652bab93-1768-4598-b65c-3d92dee9f586" testId="264a7d80-7f8e-cccd-d683-f24b6e7fbae1" testName="AllocateLicenses_OneICPHardwareWithFifteenCamerasNoNormalHardware_OnTenICPLicenses" computerName="DKSR-EFI-06" duration="00:00:00.0516049" startTime="2024-01-09T15:44:38.2324378+01:00" endTime="2024-01-09T15:44:38.2949359+01:00" testType="13cdc9d9-ddb5-4fa4-a97d-d965ccfc6d4b" outcome="Passed" testListId="8c84fa94-04c1-424b-9868-57a2d4851a1d" relativeResultsDirectory="652bab93-1768-4598-b65c-3d92dee9f586" />
    <UnitTestResult executionId="97d8fe9d-8657-4e92-aaf4-36b95a36af25" testId="1358f968-7e49-c48f-c70c-e1383dc9f02f" testName="UploadFileChunkCommandHandler_Execute_Succeeded" computerName="DKSR-EFI-06" duration="00:00:00.0124716" startTime="2024-01-09T15:46:00.3457854+01:00" endTime="2024-01-09T15:46:00.3613821+01:00" testType="13cdc9d9-ddb5-4fa4-a97d-d965ccfc6d4b" outcome="Passed" testListId="8c84fa94-04c1-424b-9868-57a2d4851a1d" relativeResultsDirectory="97d8fe9d-8657-4e92-aaf4-36b95a36af25" />
    <UnitTestResult executionId="a6daf232-d730-4920-a89d-40e9c9cfadf4" testId="aad3fa56-b750-164b-d620-1bbea5cdede7" testName="AnalyzeAndCreateAuditLogs_ModifiedSecurityPermissionsDeviceRowAllVariationsThatGiveTimeBackwardsAuditLog_ReturnsOneTimeBackwardsAuditLog" computerName="DKSR-EFI-06" duration="00:00:00.0218151" startTime="2024-01-09T15:45:35.6544257+01:00" endTime="2024-01-09T15:45:35.6700479+01:00" testType="13cdc9d9-ddb5-4fa4-a97d-d965ccfc6d4b" outcome="Passed" testListId="8c84fa94-04c1-424b-9868-57a2d4851a1d" relativeResultsDirectory="a6daf232-d730-4920-a89d-40e9c9cfadf4" />
    <UnitTestResult executionId="c86f4d45-4f76-44ab-ab05-aef97f5e575f" testId="6c06ec30-8e7b-3e0a-7efc-a9ce0b560817" testName="ConfigurationDataSetLoader_GetHostedHardwareByIds_Success" computerName="DKSR-EFI-06" duration="00:00:00.0012684" startTime="2024-01-09T15:45:34.4044186+01:00" endTime="2024-01-09T15:45:34.4044186+01:00" testType="13cdc9d9-ddb5-4fa4-a97d-d965ccfc6d4b" outcome="Passed" testListId="8c84fa94-04c1-424b-9868-57a2d4851a1d" relativeResultsDirectory="c86f4d45-4f76-44ab-ab05-aef97f5e575f" />
    <UnitTestResult executionId="71050493-8ae8-4bf5-a93e-14d42fb879de" testId="0e58604c-cdf0-f371-f95c-0634e395365d" testName="CreateLicenseInformationXml_Has25Expired_On1ExpiredHardware25ChannelsNotOnWhitelist" computerName="DKSR-EFI-06" duration="00:00:00.0350797" startTime="2024-01-09T15:45:01.5137420+01:00" endTime="2024-01-09T15:45:01.5606180+01:00" testType="13cdc9d9-ddb5-4fa4-a97d-d965ccfc6d4b" outcome="Passed" testListId="8c84fa94-04c1-424b-9868-57a2d4851a1d" relativeResultsDirectory="71050493-8ae8-4bf5-a93e-14d42fb879de">
      <Output>
        <StdOut>Debug Trace:&#xD;
Fail: Attribute value invalid. 'Index'&#xD;
Fail: Attribute value invalid. 'Index'&#xD;
Fail: Attribute value invalid. 'Index'&#xD;
Fail: Attribute value invalid. 'Index'&#xD;
Fail: Attribute value invalid. 'Index'&#xD;
Fail: Attribute value invalid. 'Index'&#xD;
Fail: Attribute value invalid. 'Index'&#xD;
Fail: Attribute value invalid. 'Index'&#xD;
Fail: Attribute value invalid. 'Index'&#xD;
Fail: Attribute value invalid. 'Index'&#xD;
Fail: Attribute value invalid. 'Index'&#xD;
Fail: Attribute value invalid. 'Index'&#xD;
Fail: Attribute value invalid. 'Index'&#xD;
Fail: Attribute value invalid. 'Index'&#xD;
Fail: Attribute value invalid. 'Index'&#xD;
Fail: Attribute value invalid. 'Index'&#xD;
Fail: Attribute value invalid. 'Index'&#xD;
Fail: Attribute value invalid. 'Index'&#xD;
Fail: Attribute value invalid. 'Index'&#xD;
Fail: Attribute value invalid. 'Index'&#xD;
Fail: Attribute value invalid. 'Index'&#xD;
Fail: Attribute value invalid. 'Index'&#xD;
Fail: Attribute value invalid. 'Index'&#xD;
Fail: Attribute value invalid. 'Index'&#xD;
Fail: Attribute value invalid. 'Index'</StdOut>
      </Output>
    </UnitTestResult>
    <UnitTestResult executionId="f73d4049-4623-4865-b404-3b9e4fae7299" testId="87ba51e4-c977-b416-269b-fcfae9fc10be" testName="UpdateHardwareTaskCommandHandler_Execute_HeartBeat_NoRecorder_Tests" computerName="DKSR-EFI-06" duration="00:00:00.0108124" startTime="2024-01-09T15:45:59.4704100+01:00" endTime="2024-01-09T15:45:59.4860394+01:00" testType="13cdc9d9-ddb5-4fa4-a97d-d965ccfc6d4b" outcome="Passed" testListId="8c84fa94-04c1-424b-9868-57a2d4851a1d" relativeResultsDirectory="f73d4049-4623-4865-b404-3b9e4fae7299" />
    <UnitTestResult executionId="327acff0-7e88-4027-a479-d4bafc0b1a24" testId="f4abda8c-11e8-cf16-83af-ba713ce9f0b9" testName="HardwareScanTaskCommandHandler_StopScan_ReturnsScanSessionNoResult" computerName="DKSR-EFI-06" duration="00:00:00.0022178" startTime="2024-01-09T15:45:38.4356689+01:00" endTime="2024-01-09T15:45:38.4356689+01:00" testType="13cdc9d9-ddb5-4fa4-a97d-d965ccfc6d4b" outcome="Passed" testListId="8c84fa94-04c1-424b-9868-57a2d4851a1d" relativeResultsDirectory="327acff0-7e88-4027-a479-d4bafc0b1a24" />
    <UnitTestResult executionId="2ff6c535-d7f8-443f-b357-d8d9663db54a" testId="a9d74002-2888-07cb-97ea-6e0298ac0fe9" testName="HardwareActivatedNotOnWhiteList_ReplacedWithNoInheritance_HardwareOnWhiteList_MixedCWAAllowed_NewHardwareInCWA" computerName="DKSR-EFI-06" duration="00:00:00.3997392" startTime="2024-01-09T15:43:54.8417076+01:00" endTime="2024-01-09T15:43:55.2323311+01:00" testType="13cdc9d9-ddb5-4fa4-a97d-d965ccfc6d4b" outcome="Passed" testListId="8c84fa94-04c1-424b-9868-57a2d4851a1d" relativeResultsDirectory="2ff6c535-d7f8-443f-b357-d8d9663db54a" />
    <UnitTestResult executionId="b935d82c-2ebe-460e-a1ef-57730ef8b725" testId="06dcde58-e055-a66d-858a-1bfaf3346113" testName="EvidenceLockUpdateScheduler_CheckSpecificEvidenceLock_Issues_Command" computerName="DKSR-EFI-06" duration="00:00:00.0017632" startTime="2024-01-09T15:42:45.0915327+01:00" endTime="2024-01-09T15:42:45.0915327+01:00" testType="13cdc9d9-ddb5-4fa4-a97d-d965ccfc6d4b" outcome="Passed" testListId="8c84fa94-04c1-424b-9868-57a2d4851a1d" relativeResultsDirectory="b935d82c-2ebe-460e-a1ef-57730ef8b725" />
    <UnitTestResult executionId="809bc475-73f3-405f-aadf-5cccc51c1b83" testId="bb233e78-c6cd-3b23-3c0f-9785ec4ccd11" testName="SetupInitialHardwareUserCommandHandler_Execute_Success_LogsAuditLog" computerName="DKSR-EFI-06" duration="00:00:00.0015574" startTime="2024-01-09T15:45:43.9827544+01:00" endTime="2024-01-09T15:45:43.9827544+01:00" testType="13cdc9d9-ddb5-4fa4-a97d-d965ccfc6d4b" outcome="Passed" testListId="8c84fa94-04c1-424b-9868-57a2d4851a1d" relativeResultsDirectory="809bc475-73f3-405f-aadf-5cccc51c1b83" />
    <UnitTestResult executionId="3ee9fac3-57e5-4e4c-b375-7c284f237e33" testId="aab282aa-ad90-6e2a-3ce9-e3773114a944" testName="LicenseCountManager_CameraFeed_Get_Set_CameraFeedLicenseValue" computerName="DKSR-EFI-06" duration="00:00:00.0033366" startTime="2024-01-09T15:45:00.2481302+01:00" endTime="2024-01-09T15:45:00.2481302+01:00" testType="13cdc9d9-ddb5-4fa4-a97d-d965ccfc6d4b" outcome="Passed" testListId="8c84fa94-04c1-424b-9868-57a2d4851a1d" relativeResultsDirectory="3ee9fac3-57e5-4e4c-b375-7c284f237e33" />
    <UnitTestResult executionId="4aba926e-2419-4c75-9b4e-486e282cdada" testId="1148c5c5-0d3a-a36b-b2b7-be6a323a981c" testName="ExceptionResponse_ModelIsNull_BadRequestResult" computerName="DKSR-EFI-06" duration="00:00:00.0006875" startTime="2024-01-09T15:42:48.2634616+01:00" endTime="2024-01-09T15:42:48.2634616+01:00" testType="13cdc9d9-ddb5-4fa4-a97d-d965ccfc6d4b" outcome="Passed" testListId="8c84fa94-04c1-424b-9868-57a2d4851a1d" relativeResultsDirectory="4aba926e-2419-4c75-9b4e-486e282cdada" />
    <UnitTestResult executionId="15a681c8-c83f-4464-8db1-b7475be3456e" testId="2bdc9aef-8cca-9c80-3112-9b95c138d7b4" testName="AllocateLicenses_HardwareWith15CameraChannels_10Replaced5Grace_On25Licenses10Replacements" computerName="DKSR-EFI-06" duration="00:00:00.1102661" startTime="2024-01-09T15:44:37.4980610+01:00" endTime="2024-01-09T15:44:37.6074365+01:00" testType="13cdc9d9-ddb5-4fa4-a97d-d965ccfc6d4b" outcome="Passed" testListId="8c84fa94-04c1-424b-9868-57a2d4851a1d" relativeResultsDirectory="15a681c8-c83f-4464-8db1-b7475be3456e" />
    <UnitTestResult executionId="3267995e-64ee-4776-935e-0f2450a766a6" testId="5f66b9d2-22ca-7206-e977-67e129a94bf3" testName="AllocateLicenses_Activated_OneDevice_Camera_ReplacementMaxGrows" computerName="DKSR-EFI-06" duration="00:00:00.0985797" startTime="2024-01-09T15:44:36.7480632+01:00" endTime="2024-01-09T15:44:36.8418117+01:00" testType="13cdc9d9-ddb5-4fa4-a97d-d965ccfc6d4b" outcome="Passed" testListId="8c84fa94-04c1-424b-9868-57a2d4851a1d" relativeResultsDirectory="3267995e-64ee-4776-935e-0f2450a766a6" />
    <UnitTestResult executionId="c805423a-d905-4940-82ef-54a8a850e0fe" testId="8fbf9f52-52da-c755-01ac-9deb916d8cf7" testName="Log_ContextExceptionIsOtherThanNotSupportedByLegacyRecorderException_InfoLogIsLogged" computerName="DKSR-EFI-06" duration="00:00:00.0012599" startTime="2024-01-09T15:42:48.2477935+01:00" endTime="2024-01-09T15:42:48.2477935+01:00" testType="13cdc9d9-ddb5-4fa4-a97d-d965ccfc6d4b" outcome="Passed" testListId="8c84fa94-04c1-424b-9868-57a2d4851a1d" relativeResultsDirectory="c805423a-d905-4940-82ef-54a8a850e0fe" />
    <UnitTestResult executionId="a47aed00-ed59-4223-9de5-815a9c56348d" testId="a42cc845-687e-1497-569a-71593932f47a" testName="GetConnectedClient_FreeClientExists_CachedClientReturned" computerName="DKSR-EFI-06" duration="00:00:00.0023559" startTime="2024-01-09T15:46:00.5802145+01:00" endTime="2024-01-09T15:46:00.5802145+01:00" testType="13cdc9d9-ddb5-4fa4-a97d-d965ccfc6d4b" outcome="Passed" testListId="8c84fa94-04c1-424b-9868-57a2d4851a1d" relativeResultsDirectory="a47aed00-ed59-4223-9de5-815a9c56348d" />
    <UnitTestResult executionId="020c043a-0089-4548-be8c-bc2b76b6006d" testId="b7284f39-1e13-1b11-94e6-c4500bbe2f3d" testName="CheckConfigurationDataSet_AAC_Device_NoAACSetting_NotLicensed_Sucess" computerName="DKSR-EFI-06" duration="00:00:00.0040613" startTime="2024-01-09T15:45:00.4981335+01:00" endTime="2024-01-09T15:45:00.5137585+01:00" testType="13cdc9d9-ddb5-4fa4-a97d-d965ccfc6d4b" outcome="Passed" testListId="8c84fa94-04c1-424b-9868-57a2d4851a1d" relativeResultsDirectory="020c043a-0089-4548-be8c-bc2b76b6006d" />
    <UnitTestResult executionId="3d87a594-2389-4e51-af55-56a5c766ed8b" testId="d50f9ca3-b3cf-636c-b4c2-526896010b2a" testName="UpdateHardwareTaskCommandHandler_Execute_MissingHardware_Tests" computerName="DKSR-EFI-06" duration="00:00:00.0237084" startTime="2024-01-09T15:45:59.3766251+01:00" endTime="2024-01-09T15:45:59.4078823+01:00" testType="13cdc9d9-ddb5-4fa4-a97d-d965ccfc6d4b" outcome="Passed" testListId="8c84fa94-04c1-424b-9868-57a2d4851a1d" relativeResultsDirectory="3d87a594-2389-4e51-af55-56a5c766ed8b" />
    <UnitTestResult executionId="d48432e8-5251-41b1-be2a-31aff291e696" testId="6c5ecedb-b43e-7486-b59e-580142222e3e" testName="LastAutomaticActivationErrorMessage_Set_OnFailedActivation" computerName="DKSR-EFI-06" duration="00:00:00.0002772" startTime="2024-01-09T15:43:51.0448150+01:00" endTime="2024-01-09T15:43:51.0448150+01:00" testType="13cdc9d9-ddb5-4fa4-a97d-d965ccfc6d4b" outcome="Passed" testListId="8c84fa94-04c1-424b-9868-57a2d4851a1d" relativeResultsDirectory="d48432e8-5251-41b1-be2a-31aff291e696" />
    <UnitTestResult executionId="b771e18e-0f2b-4731-8235-526d054de409" testId="43ecbd95-9eb9-368b-396d-9191fd04475f" testName="LastAutomaticActivationErrorMessage_Null_OnSuccessfulActivation" computerName="DKSR-EFI-06" duration="00:00:00.0001565" startTime="2024-01-09T15:43:51.0448150+01:00" endTime="2024-01-09T15:43:51.0448150+01:00" testType="13cdc9d9-ddb5-4fa4-a97d-d965ccfc6d4b" outcome="Passed" testListId="8c84fa94-04c1-424b-9868-57a2d4851a1d" relativeResultsDirectory="b771e18e-0f2b-4731-8235-526d054de409" />
    <UnitTestResult executionId="3743fc6b-5643-4355-8ce2-6625873bf100" testId="d9029b8c-cfbb-96c7-32e9-d3538cf36ca8" testName="ChannelLicenseCountManager_HardwareLicenses_ClearByRecorder_Success" computerName="DKSR-EFI-06" duration="00:00:00.0030940" startTime="2024-01-09T15:44:59.6231285+01:00" endTime="2024-01-09T15:44:59.6387539+01:00" testType="13cdc9d9-ddb5-4fa4-a97d-d965ccfc6d4b" outcome="Passed" testListId="8c84fa94-04c1-424b-9868-57a2d4851a1d" relativeResultsDirectory="3743fc6b-5643-4355-8ce2-6625873bf100" />
    <UnitTestResult executionId="1479917d-6307-444f-8a1c-8e1aafb61179" testId="c199b950-0fe6-f2e5-8d0f-5590a7fb8eef" testName="PrepareMoveHardwareResponse_ModelIsValid_CommandExecuted" computerName="DKSR-EFI-06" duration="00:00:00.0027719" startTime="2024-01-09T15:42:48.4196695+01:00" endTime="2024-01-09T15:42:48.4196695+01:00" testType="13cdc9d9-ddb5-4fa4-a97d-d965ccfc6d4b" outcome="Passed" testListId="8c84fa94-04c1-424b-9868-57a2d4851a1d" relativeResultsDirectory="1479917d-6307-444f-8a1c-8e1aafb61179" />
    <UnitTestResult executionId="ad2cd720-15a0-4936-b47d-23d4df1158ef" testId="c17675a9-d4b5-c266-e823-f450357161ad" testName="DeviceDataDistributionManager_CleanupAll_GetNextResponse_Throws_TimeoutException_NothingDeleted" computerName="DKSR-EFI-06" duration="00:00:00.0006372" startTime="2024-01-09T15:42:44.4352790+01:00" endTime="2024-01-09T15:42:44.4509061+01:00" testType="13cdc9d9-ddb5-4fa4-a97d-d965ccfc6d4b" outcome="Passed" testListId="8c84fa94-04c1-424b-9868-57a2d4851a1d" relativeResultsDirectory="ad2cd720-15a0-4936-b47d-23d4df1158ef" />
    <UnitTestResult executionId="616656e9-1ad8-4e48-aa80-f12667cc5aad" testId="93557652-0c61-c383-9006-222abdd8eada" testName="Dispose_Called_TimerDisposed" computerName="DKSR-EFI-06" duration="00:00:00.0014193" startTime="2024-01-09T15:46:00.6427343+01:00" endTime="2024-01-09T15:46:00.6427343+01:00" testType="13cdc9d9-ddb5-4fa4-a97d-d965ccfc6d4b" outcome="Passed" testListId="8c84fa94-04c1-424b-9868-57a2d4851a1d" relativeResultsDirectory="616656e9-1ad8-4e48-aa80-f12667cc5aad" />
    <UnitTestResult executionId="e18fda54-291d-4772-9db3-f73b5b795fa4" testId="90eb3298-5792-97a1-e3da-cb1f4350789b" testName="HardwareActivatedOnWhiteList_ReplacedWithNoInheritance_HardwareNotOnWhiteList_MixedCWAAllowed_SomeDevicesInCWA" computerName="DKSR-EFI-06" duration="00:00:00.2141449" startTime="2024-01-09T15:43:54.6229555+01:00" endTime="2024-01-09T15:43:54.8260858+01:00" testType="13cdc9d9-ddb5-4fa4-a97d-d965ccfc6d4b" outcome="Passed" testListId="8c84fa94-04c1-424b-9868-57a2d4851a1d" relativeResultsDirectory="e18fda54-291d-4772-9db3-f73b5b795fa4" />
    <UnitTestResult executionId="993a01e8-88f1-4155-b400-dc937b4ad0c1" testId="005da771-eea4-599e-7976-7b11496c3dc0" testName="CheckConfigurationDataSetTest_StreamsNotLicensedFail" computerName="DKSR-EFI-06" duration="00:00:00.0031918" startTime="2024-01-09T15:45:00.4512574+01:00" endTime="2024-01-09T15:45:00.4512574+01:00" testType="13cdc9d9-ddb5-4fa4-a97d-d965ccfc6d4b" outcome="Passed" testListId="8c84fa94-04c1-424b-9868-57a2d4851a1d" relativeResultsDirectory="993a01e8-88f1-4155-b400-dc937b4ad0c1" />
    <UnitTestResult executionId="580e86a8-dc1c-4734-83ac-60221419348b" testId="4bdf24b4-1027-686b-e618-9c02ba4de6ac" testName="LastAutomaticActivationErrorMessage_Cleared_OnSuccessfulManualActivation" computerName="DKSR-EFI-06" duration="00:00:00.0002628" startTime="2024-01-09T15:43:51.0448150+01:00" endTime="2024-01-09T15:43:51.0448150+01:00" testType="13cdc9d9-ddb5-4fa4-a97d-d965ccfc6d4b" outcome="Passed" testListId="8c84fa94-04c1-424b-9868-57a2d4851a1d" relativeResultsDirectory="580e86a8-dc1c-4734-83ac-60221419348b" />
    <UnitTestResult executionId="024b5704-b84d-4cb4-a23a-2ebd253c104a" testId="daf10ee7-a65f-1e24-9710-5a1f9287a075" testName="UpdateHardwareTaskCommandHandler_Execute_Null_Tests" computerName="DKSR-EFI-06" duration="00:00:00.0041516" startTime="2024-01-09T15:45:59.3609889+01:00" endTime="2024-01-09T15:45:59.3609889+01:00" testType="13cdc9d9-ddb5-4fa4-a97d-d965ccfc6d4b" outcome="Passed" testListId="8c84fa94-04c1-424b-9868-57a2d4851a1d" relativeResultsDirectory="024b5704-b84d-4cb4-a23a-2ebd253c104a">
      <Output>
        <StdOut>Debug Trace:&#xD;
Fail: Command/Command handler type mismatch&#xD;
Fail: The command handler expect an object that implements ICallContextInfo in the state parameter&#xD;
Fail: The command handler expect an object that implements IResponseSink in the responseSink parameter</StdOut>
      </Output>
    </UnitTestResult>
    <UnitTestResult executionId="1c6182c8-e5e6-48e4-9f8f-b9a63de0c5d4" testId="b3659f31-f068-a3b4-0c9b-41e1392b69a6" testName="AutomaticActivationFailedEvent_GetsFiredAgain_AfterSucessfulOnlineActivation" computerName="DKSR-EFI-06" duration="00:00:00.0006095" startTime="2024-01-09T15:43:51.0291891+01:00" endTime="2024-01-09T15:43:51.0291891+01:00" testType="13cdc9d9-ddb5-4fa4-a97d-d965ccfc6d4b" outcome="Passed" testListId="8c84fa94-04c1-424b-9868-57a2d4851a1d" relativeResultsDirectory="1c6182c8-e5e6-48e4-9f8f-b9a63de0c5d4" />
    <UnitTestResult executionId="130bcf54-49fb-42e9-bf22-34468b2190d2" testId="93b11316-d1d6-b077-2764-1a3ca66eecf5" testName="GetRecorderLicense_RegeneratesReplacementToken_OnSpaceLeftInReplacementLimit" computerName="DKSR-EFI-06" duration="00:00:00.0112256" startTime="2024-01-09T15:45:09.4825090+01:00" endTime="2024-01-09T15:45:09.4981330+01:00" testType="13cdc9d9-ddb5-4fa4-a97d-d965ccfc6d4b" outcome="Passed" testListId="8c84fa94-04c1-424b-9868-57a2d4851a1d" relativeResultsDirectory="130bcf54-49fb-42e9-bf22-34468b2190d2" />
    <UnitTestResult executionId="7f6a4dcc-d729-4f39-a551-32cbe0e5bcef" testId="fca732b5-9fae-3535-07d0-1e4a432e7d32" testName="UpdateHardwareTaskCommandHandler_Apply_Deleted_Tests" computerName="DKSR-EFI-06" duration="00:00:00.0662609" startTime="2024-01-09T15:46:00.2519648+01:00" endTime="2024-01-09T15:46:00.3301199+01:00" testType="13cdc9d9-ddb5-4fa4-a97d-d965ccfc6d4b" outcome="Passed" testListId="8c84fa94-04c1-424b-9868-57a2d4851a1d" relativeResultsDirectory="7f6a4dcc-d729-4f39-a551-32cbe0e5bcef" />
    <UnitTestResult executionId="98b073d9-765b-43c1-8795-ebedbb129661" testId="615ee9ab-a96f-1e5f-b905-3b12dfe9f323" testName="HardwareScanExpressTaskCommandHandler_Execute_StartSession_FailResponse" computerName="DKSR-EFI-06" duration="00:00:00.0012610" startTime="2024-01-09T15:45:38.3262965+01:00" endTime="2024-01-09T15:45:38.3262965+01:00" testType="13cdc9d9-ddb5-4fa4-a97d-d965ccfc6d4b" outcome="Passed" testListId="8c84fa94-04c1-424b-9868-57a2d4851a1d" relativeResultsDirectory="98b073d9-765b-43c1-8795-ebedbb129661" />
    <UnitTestResult executionId="0f74e4a5-9f4f-4801-ba82-6e49ed0e85ff" testId="f06433d6-fe74-17cb-b3eb-b56ad5a0bc11" testName="AllocateLicenses_2ICPHardware30ChannelsAnd0NormalHardwareWith10ActivatedICP10Grace_ShouldGet10UnlicensedICP_On20ICPLicenses" computerName="DKSR-EFI-06" duration="00:00:00.1002809" startTime="2024-01-09T15:44:38.4199367+01:00" endTime="2024-01-09T15:44:38.5136848+01:00" testType="13cdc9d9-ddb5-4fa4-a97d-d965ccfc6d4b" outcome="Passed" testListId="8c84fa94-04c1-424b-9868-57a2d4851a1d" relativeResultsDirectory="0f74e4a5-9f4f-4801-ba82-6e49ed0e85ff" />
    <UnitTestResult executionId="e8165365-ba1c-449b-ab90-43685937eae3" testId="fdcc216e-d89b-62a4-e23b-448ff274816d" testName="BoolResponse_ModelIsNull_BadRequestResult" computerName="DKSR-EFI-06" duration="00:00:00.0005864" startTime="2024-01-09T15:42:48.2477935+01:00" endTime="2024-01-09T15:42:48.2634616+01:00" testType="13cdc9d9-ddb5-4fa4-a97d-d965ccfc6d4b" outcome="Passed" testListId="8c84fa94-04c1-424b-9868-57a2d4851a1d" relativeResultsDirectory="e8165365-ba1c-449b-ab90-43685937eae3" />
    <UnitTestResult executionId="3b07240b-0b96-47ce-ab7d-154a7e9304de" testId="136f250b-a2a4-4bce-2149-25b21eedfaea" testName="DeleteConfigurationItemCommandHandler_Execute_NonExistingTable_ArgumentException" computerName="DKSR-EFI-06" duration="00:00:00.0202590" startTime="2024-01-09T15:45:35.8731702+01:00" endTime="2024-01-09T15:45:35.9044194+01:00" testType="13cdc9d9-ddb5-4fa4-a97d-d965ccfc6d4b" outcome="Passed" testListId="8c84fa94-04c1-424b-9868-57a2d4851a1d" relativeResultsDirectory="3b07240b-0b96-47ce-ab7d-154a7e9304de" />
    <UnitTestResult executionId="1c4e85da-2236-42c4-8aa5-913cb55ccc2e" testId="5587b530-a160-aaf8-5514-63c972d7eb37" testName="HardwareScanExpressTaskCommandHandler_Execute_DriverNotFound_FailResponse" computerName="DKSR-EFI-06" duration="00:00:00.0017960" startTime="2024-01-09T15:45:38.3106707+01:00" endTime="2024-01-09T15:45:38.3106707+01:00" testType="13cdc9d9-ddb5-4fa4-a97d-d965ccfc6d4b" outcome="Passed" testListId="8c84fa94-04c1-424b-9868-57a2d4851a1d" relativeResultsDirectory="1c4e85da-2236-42c4-8aa5-913cb55ccc2e" />
    <UnitTestResult executionId="27ca9b11-0b60-4f1f-8978-73ba983fab21" testId="b7c29360-216b-e7c2-a79b-240f6555d7cf" testName="AllocateLicenses_OneICPHardwareWithTenCamerasAndOneNormalHardwareWithFiveChannels_OnTenICPLicensesFiveChannelLicenses" computerName="DKSR-EFI-06" duration="00:00:00.0682008" startTime="2024-01-09T15:44:38.1699358+01:00" endTime="2024-01-09T15:44:38.2324378+01:00" testType="13cdc9d9-ddb5-4fa4-a97d-d965ccfc6d4b" outcome="Passed" testListId="8c84fa94-04c1-424b-9868-57a2d4851a1d" relativeResultsDirectory="27ca9b11-0b60-4f1f-8978-73ba983fab21" />
    <UnitTestResult executionId="d36f20d7-6fbd-443c-91e2-5df2161c1a7e" testId="f09f945d-010d-c134-c57a-c98e4f5f6c9d" testName="DeleteHardwareUserCommandHandler_Execute_ReturnsCorrectResponsesOnExceptions" computerName="DKSR-EFI-06" duration="00:00:00.0017233" startTime="2024-01-09T15:45:36.8887981+01:00" endTime="2024-01-09T15:45:36.8887981+01:00" testType="13cdc9d9-ddb5-4fa4-a97d-d965ccfc6d4b" outcome="Passed" testListId="8c84fa94-04c1-424b-9868-57a2d4851a1d" relativeResultsDirectory="d36f20d7-6fbd-443c-91e2-5df2161c1a7e" />
    <UnitTestResult executionId="00a4da9e-2d70-47e2-8d98-0db675236ecd" testId="bd8e454b-919c-6615-a859-a1264f304ecb" testName="DeviceDataDistributionManager_CleanupAll_Success_QueryRecorderToNotifyThrowsSqlException" computerName="DKSR-EFI-06" duration="00:00:00.0132672" startTime="2024-01-09T15:42:44.2321546+01:00" endTime="2024-01-09T15:42:44.2477799+01:00" testType="13cdc9d9-ddb5-4fa4-a97d-d965ccfc6d4b" outcome="Passed" testListId="8c84fa94-04c1-424b-9868-57a2d4851a1d" relativeResultsDirectory="00a4da9e-2d70-47e2-8d98-0db675236ecd" />
    <UnitTestResult executionId="272dab26-ea3e-41d9-ab25-456971228ec7" testId="00acff8b-2ccb-eea5-ee25-96f94758bef2" testName="AllocateLicenses_2ICPHardware15ChannelsAnd0NormalHardwareWith10ActivatedICP_ShouldGet5GraceICP_On20ICPLicenses" computerName="DKSR-EFI-06" duration="00:00:00.0592477" startTime="2024-01-09T15:44:38.3574589+01:00" endTime="2024-01-09T15:44:38.4043136+01:00" testType="13cdc9d9-ddb5-4fa4-a97d-d965ccfc6d4b" outcome="Passed" testListId="8c84fa94-04c1-424b-9868-57a2d4851a1d" relativeResultsDirectory="272dab26-ea3e-41d9-ab25-456971228ec7" />
    <UnitTestResult executionId="d9e633d4-4dfb-443a-b291-8d01893e66fa" testId="ec02dab7-32bf-df64-f14e-12ec97d8852b" testName="CalculateFeeds_Success_EmptyWhiteList_NotInterconnected_FourDevices" computerName="DKSR-EFI-06" duration="00:00:00.1442585" startTime="2024-01-09T15:45:25.6075403+01:00" endTime="2024-01-09T15:45:25.7481660+01:00" testType="13cdc9d9-ddb5-4fa4-a97d-d965ccfc6d4b" outcome="Passed" testListId="8c84fa94-04c1-424b-9868-57a2d4851a1d" relativeResultsDirectory="d9e633d4-4dfb-443a-b291-8d01893e66fa" />
    <UnitTestResult executionId="955baa07-969b-412a-b736-9f56f6457ef7" testId="b7373cf3-1c5f-f7ab-d64e-4cafcd566aac" testName="AsyncTaskMonitor_TaskThrows_HandlesGracefully" computerName="DKSR-EFI-06" duration="00:00:05.2582681" startTime="2024-01-09T15:42:55.3884546+01:00" endTime="2024-01-09T15:43:00.6540917+01:00" testType="13cdc9d9-ddb5-4fa4-a97d-d965ccfc6d4b" outcome="Passed" testListId="8c84fa94-04c1-424b-9868-57a2d4851a1d" relativeResultsDirectory="955baa07-969b-412a-b736-9f56f6457ef7" />
    <UnitTestResult executionId="791212a4-e0f5-48a5-8352-ebb881cdfa10" testId="9a4a04f8-718b-072a-5789-1f008e23ed8d" testName="ChangeHardwarePasswordRuleAction_Execute_SunnyDay_StartIsCalled" computerName="DKSR-EFI-06" duration="00:00:00.1482058" startTime="2024-01-09T15:43:19.9822455+01:00" endTime="2024-01-09T15:43:20.1384999+01:00" testType="13cdc9d9-ddb5-4fa4-a97d-d965ccfc6d4b" outcome="Passed" testListId="8c84fa94-04c1-424b-9868-57a2d4851a1d" relativeResultsDirectory="791212a4-e0f5-48a5-8352-ebb881cdfa10" />
    <UnitTestResult executionId="c8b2f74d-352d-43c0-88a7-f8315bdd8390" testId="d04b8e0f-d24d-a105-cfe4-63d813a80dcd" testName="SetHardwareNetworkSettingsCommandHandler_Execute_RecorderNotSupported_ReturnsCorrectResponse" computerName="DKSR-EFI-06" duration="00:00:00.0012333" startTime="2024-01-09T15:45:43.9358662+01:00" endTime="2024-01-09T15:45:43.9358662+01:00" testType="13cdc9d9-ddb5-4fa4-a97d-d965ccfc6d4b" outcome="Passed" testListId="8c84fa94-04c1-424b-9868-57a2d4851a1d" relativeResultsDirectory="c8b2f74d-352d-43c0-88a7-f8315bdd8390" />
    <UnitTestResult executionId="c034e09e-1f50-4694-936a-041b0095ba85" testId="7f62bbb1-62fb-7e4f-eb0f-a20432287329" testName="AnalyzeAndCreateAuditLogs_AddedTimeProfileDefaultRoleRelationRow_ReturnsOneAuditLog" computerName="DKSR-EFI-06" duration="00:00:00.0062525" startTime="2024-01-09T15:45:35.7950450+01:00" endTime="2024-01-09T15:45:35.7950450+01:00" testType="13cdc9d9-ddb5-4fa4-a97d-d965ccfc6d4b" outcome="Passed" testListId="8c84fa94-04c1-424b-9868-57a2d4851a1d" relativeResultsDirectory="c034e09e-1f50-4694-936a-041b0095ba85" />
    <UnitTestResult executionId="bc74657c-b79d-4770-b4fa-664e0d8deaec" testId="77eb0b86-06ef-45b3-c214-4c40661ad61b" testName="ProcessConfigurationChangeTasks_InsertUpdateUpdate_Updates_Batched" computerName="DKSR-EFI-06" duration="00:00:00.0495062" startTime="2024-01-09T15:43:12.0916061+01:00" endTime="2024-01-09T15:43:12.1384858+01:00" testType="13cdc9d9-ddb5-4fa4-a97d-d965ccfc6d4b" outcome="Passed" testListId="8c84fa94-04c1-424b-9868-57a2d4851a1d" relativeResultsDirectory="bc74657c-b79d-4770-b4fa-664e0d8deaec" />
    <UnitTestResult executionId="801fb8ec-b1b5-42c4-9535-ff918ae542db" testId="50465595-5bd1-d998-d3e5-5eb43c8407cb" testName="HardwareScanTaskCommandHandler_Execute_DiscoveryComponent_FailResponse" computerName="DKSR-EFI-06" duration="00:00:00.0010589" startTime="2024-01-09T15:45:38.4669202+01:00" endTime="2024-01-09T15:45:38.4669202+01:00" testType="13cdc9d9-ddb5-4fa4-a97d-d965ccfc6d4b" outcome="Passed" testListId="8c84fa94-04c1-424b-9868-57a2d4851a1d" relativeResultsDirectory="801fb8ec-b1b5-42c4-9535-ff918ae542db" />
    <UnitTestResult executionId="7b43c0d9-7144-4699-92da-1a15bf85347a" testId="12a4adbd-8d8a-c9d9-c0e7-b2f4566a6261" testName="CheckConfigurationDataSetTest_MultistreamRecording_Licensed_ValidationSucceeds" computerName="DKSR-EFI-06" duration="00:00:00.0028732" startTime="2024-01-09T15:45:00.4512574+01:00" endTime="2024-01-09T15:45:00.4668838+01:00" testType="13cdc9d9-ddb5-4fa4-a97d-d965ccfc6d4b" outcome="Passed" testListId="8c84fa94-04c1-424b-9868-57a2d4851a1d" relativeResultsDirectory="7b43c0d9-7144-4699-92da-1a15bf85347a" />
    <UnitTestResult executionId="0d8225cc-9d1c-4d92-934d-d7a11597d6dd" testId="55bdeb1c-462d-a82c-f7ac-cb0d9ea41e70" testName="TaskHandling_ProcessUpdateDiffgram_Hardware_Multiple_Values_Changed" computerName="DKSR-EFI-06" duration="00:00:00.0066349" startTime="2024-01-09T15:43:19.4978732+01:00" endTime="2024-01-09T15:43:19.4978732+01:00" testType="13cdc9d9-ddb5-4fa4-a97d-d965ccfc6d4b" outcome="Passed" testListId="8c84fa94-04c1-424b-9868-57a2d4851a1d" relativeResultsDirectory="0d8225cc-9d1c-4d92-934d-d7a11597d6dd" />
    <UnitTestResult executionId="cc6c1ba3-d19b-49a8-a99b-d5f619b988d1" testId="fbed73f4-9b7f-b45c-b76c-caac1d7f4349" testName="ConvertIdpLog_AutoProvisionedUserCreated" computerName="DKSR-EFI-06" duration="00:00:00.0654259" startTime="2024-01-09T15:43:42.4979154+01:00" endTime="2024-01-09T15:43:42.5604156+01:00" testType="13cdc9d9-ddb5-4fa4-a97d-d965ccfc6d4b" outcome="Passed" testListId="8c84fa94-04c1-424b-9868-57a2d4851a1d" relativeResultsDirectory="cc6c1ba3-d19b-49a8-a99b-d5f619b988d1" />
    <UnitTestResult executionId="bf7771df-db68-436c-a5dd-cf596c0ac64a" testId="1405cb77-5474-643e-05e9-78856c3ea7b9" testName="FirmwareUpgradeTaskCommandHandler_Execute_Failed_CannotOpenFile" computerName="DKSR-EFI-06" duration="00:00:00.0015068" startTime="2024-01-09T15:45:38.0137947+01:00" endTime="2024-01-09T15:45:38.0137947+01:00" testType="13cdc9d9-ddb5-4fa4-a97d-d965ccfc6d4b" outcome="Passed" testListId="8c84fa94-04c1-424b-9868-57a2d4851a1d" relativeResultsDirectory="bf7771df-db68-436c-a5dd-cf596c0ac64a" />
    <UnitTestResult executionId="f2a025e0-b79f-4486-ba46-3110966cdb40" testId="2894ae62-0a5e-3444-1809-89acb83b0dbe" testName="DeleteConfigurationItemCommandHandler_Execute_NullChecks" computerName="DKSR-EFI-06" duration="00:00:00.0252518" startTime="2024-01-09T15:45:35.8419205+01:00" endTime="2024-01-09T15:45:35.8731702+01:00" testType="13cdc9d9-ddb5-4fa4-a97d-d965ccfc6d4b" outcome="Passed" testListId="8c84fa94-04c1-424b-9868-57a2d4851a1d" relativeResultsDirectory="f2a025e0-b79f-4486-ba46-3110966cdb40">
      <Output>
        <StdOut>Debug Trace:&#xD;
Fail: Command/Command handler type mismatch&#xD;
Fail: The command handler expect an object that implements ICallContextInfo in the state parameter&#xD;
Fail: The command handler expect an object that implements IResponseSink in the responseSink parameter</StdOut>
      </Output>
    </UnitTestResult>
    <UnitTestResult executionId="afb776a1-f296-44ef-aa0c-9fd1d34793db" testId="96931d14-cc35-35bb-51f7-71a866f0df4b" testName="Log_ContextIsNull_NothingIsLogged" computerName="DKSR-EFI-06" duration="00:00:00.0006771" startTime="2024-01-09T15:42:48.2321700+01:00" endTime="2024-01-09T15:42:48.2321700+01:00" testType="13cdc9d9-ddb5-4fa4-a97d-d965ccfc6d4b" outcome="Passed" testListId="8c84fa94-04c1-424b-9868-57a2d4851a1d" relativeResultsDirectory="afb776a1-f296-44ef-aa0c-9fd1d34793db" />
    <UnitTestResult executionId="bed3931b-ff33-4b9c-aa91-9a73d90faee7" testId="a529e5cf-ac95-72fa-5208-c7af22aa342e" testName="AddHardwareUserCommandHandler_Execute_ReturnsCorrectResponsesOnExceptions" computerName="DKSR-EFI-06" duration="00:00:00.0021954" startTime="2024-01-09T15:45:34.6076281+01:00" endTime="2024-01-09T15:45:34.6076281+01:00" testType="13cdc9d9-ddb5-4fa4-a97d-d965ccfc6d4b" outcome="Passed" testListId="8c84fa94-04c1-424b-9868-57a2d4851a1d" relativeResultsDirectory="bed3931b-ff33-4b9c-aa91-9a73d90faee7" />
    <UnitTestResult executionId="df49c035-736a-47ec-85f2-d33a8a57ca30" testId="02f71eed-2fe3-41fa-eea5-82491d9b4574" testName="Ctor_ClientNull_ThrowsArgumentNullException" computerName="DKSR-EFI-06" duration="00:00:00.0013933" startTime="2024-01-09T15:43:42.9041672+01:00" endTime="2024-01-09T15:43:42.9041672+01:00" testType="13cdc9d9-ddb5-4fa4-a97d-d965ccfc6d4b" outcome="Passed" testListId="8c84fa94-04c1-424b-9868-57a2d4851a1d" relativeResultsDirectory="df49c035-736a-47ec-85f2-d33a8a57ca30" />
    <UnitTestResult executionId="0cdcad8f-7f8e-4967-ab9a-b2a1266581e1" testId="e99a400b-ed81-5765-bd26-bbc9b70b51b3" testName="ChannelLicenseCountManager_GetCameraFeedLicenseValue_DeviceNotFound_ThrowsInvalidOperationException" computerName="DKSR-EFI-06" duration="00:00:00.0008911" startTime="2024-01-09T15:44:59.6700032+01:00" endTime="2024-01-09T15:44:59.6700032+01:00" testType="13cdc9d9-ddb5-4fa4-a97d-d965ccfc6d4b" outcome="Passed" testListId="8c84fa94-04c1-424b-9868-57a2d4851a1d" relativeResultsDirectory="0cdcad8f-7f8e-4967-ab9a-b2a1266581e1" />
    <UnitTestResult executionId="a55caab8-d81c-47fd-9264-9427bcba88c1" testId="38eb4c07-3b43-9069-e1ce-3929bf582616" testName="AllocateLicenses_NotActivated_SingleDevice_NotLicensed_OneInGrace" computerName="DKSR-EFI-06" duration="00:00:00.0467671" startTime="2024-01-09T15:44:31.1699350+01:00" endTime="2024-01-09T15:44:31.2324368+01:00" testType="13cdc9d9-ddb5-4fa4-a97d-d965ccfc6d4b" outcome="Passed" testListId="8c84fa94-04c1-424b-9868-57a2d4851a1d" relativeResultsDirectory="a55caab8-d81c-47fd-9264-9427bcba88c1" />
    <UnitTestResult executionId="2b8ccbd8-8ba0-400b-bce8-51725eee66e9" testId="3d9fe5b0-0db7-5bff-54c4-e4369ef66212" testName="LicenseCountManager_FindHardwareInGrace_ReturnsEmptyList_OnHardwareInChangesWithoutActivation" computerName="DKSR-EFI-06" duration="00:00:00.0007547" startTime="2024-01-09T15:45:00.3106324+01:00" endTime="2024-01-09T15:45:00.3106324+01:00" testType="13cdc9d9-ddb5-4fa4-a97d-d965ccfc6d4b" outcome="Passed" testListId="8c84fa94-04c1-424b-9868-57a2d4851a1d" relativeResultsDirectory="2b8ccbd8-8ba0-400b-bce8-51725eee66e9" />
    <UnitTestResult executionId="beb74d1d-8464-40a1-8eaa-2e04140e2ff9" testId="c2c04e98-e576-5dca-5734-d5cc200099a6" testName="QueryDeviceEvidenceLockSizesResponse_ModelIsValid_CommandExecuted" computerName="DKSR-EFI-06" duration="00:00:00.0042222" startTime="2024-01-09T15:42:48.4821704+01:00" endTime="2024-01-09T15:42:48.4821704+01:00" testType="13cdc9d9-ddb5-4fa4-a97d-d965ccfc6d4b" outcome="Passed" testListId="8c84fa94-04c1-424b-9868-57a2d4851a1d" relativeResultsDirectory="beb74d1d-8464-40a1-8eaa-2e04140e2ff9" />
    <UnitTestResult executionId="f8f4bd91-275d-41cc-adf0-0b146123f599" testId="9497f287-fca6-cbcb-6286-4ae81982a46d" testName="UpdateLicense_AllocatesOneLicense_OnSameHwOnTwoRecordingServers_WithFirstActivatedAndSecondEmpty" computerName="DKSR-EFI-06" duration="00:00:01.0254085" startTime="2024-01-09T15:45:20.2637846+01:00" endTime="2024-01-09T15:45:21.2950370+01:00" testType="13cdc9d9-ddb5-4fa4-a97d-d965ccfc6d4b" outcome="Passed" testListId="8c84fa94-04c1-424b-9868-57a2d4851a1d" relativeResultsDirectory="f8f4bd91-275d-41cc-adf0-0b146123f599" />
    <UnitTestResult executionId="816e6070-1713-4d30-a6a7-1bb8048461ae" testId="071fc03d-f5f7-e631-de7f-6b667f719565" testName="CheckConfigurationDataSet_AAC_Device_WithAACSetting_Licensed_Success" computerName="DKSR-EFI-06" duration="00:00:00.0025334" startTime="2024-01-09T15:45:00.5137585+01:00" endTime="2024-01-09T15:45:00.5137585+01:00" testType="13cdc9d9-ddb5-4fa4-a97d-d965ccfc6d4b" outcome="Passed" testListId="8c84fa94-04c1-424b-9868-57a2d4851a1d" relativeResultsDirectory="816e6070-1713-4d30-a6a7-1bb8048461ae" />
    <UnitTestResult executionId="081eab41-4b60-4737-9edc-4444dcb6b5d5" testId="45bfd892-7f6f-30af-fe3f-230ce4ba5dff" testName="AllocateLicenses_NotActivated_OnFourHardwareAndFiveCameraChannels_ThreeGraceTwoExpiredLicenses" computerName="DKSR-EFI-06" duration="00:00:00.0451974" startTime="2024-01-09T15:44:31.8261887+01:00" endTime="2024-01-09T15:44:31.8730603+01:00" testType="13cdc9d9-ddb5-4fa4-a97d-d965ccfc6d4b" outcome="Passed" testListId="8c84fa94-04c1-424b-9868-57a2d4851a1d" relativeResultsDirectory="081eab41-4b60-4737-9edc-4444dcb6b5d5" />
    <UnitTestResult executionId="10aeff5f-56d0-4bda-9bd4-b2700f20c873" testId="00f004a8-cc0a-ba6a-61e6-32a64a1d70b3" testName="AddUnlicensedDevice_AddSecondDeviceWithSameUniqueIdentifier_ICP_ReturnsFalse" computerName="DKSR-EFI-06" duration="00:00:00.0007372" startTime="2024-01-09T15:45:34.1544201+01:00" endTime="2024-01-09T15:45:34.1544201+01:00" testType="13cdc9d9-ddb5-4fa4-a97d-d965ccfc6d4b" outcome="Passed" testListId="8c84fa94-04c1-424b-9868-57a2d4851a1d" relativeResultsDirectory="10aeff5f-56d0-4bda-9bd4-b2700f20c873" />
    <UnitTestResult executionId="7741eacc-7e77-4638-9e05-ba1998b07dbb" testId="a0bb914f-6854-fb79-12ef-b3ea45e0991b" testName="ReplaceHardwareCommandHandler_Execute_ReplaceHardware_AllDevicesInherited_Success" computerName="DKSR-EFI-06" duration="00:00:00.2299077" startTime="2024-01-09T15:45:43.2637936+01:00" endTime="2024-01-09T15:45:43.4982211+01:00" testType="13cdc9d9-ddb5-4fa4-a97d-d965ccfc6d4b" outcome="Passed" testListId="8c84fa94-04c1-424b-9868-57a2d4851a1d" relativeResultsDirectory="7741eacc-7e77-4638-9e05-ba1998b07dbb" />
    <UnitTestResult executionId="baecda12-059e-4559-8753-2557856357a1" testId="2ac1e640-ab17-a6b2-b3fa-7fd601d2b14b" testName="ServerAccessTokenHandler_PopulateAuthorizationHeaderAsync_WebApiException" computerName="DKSR-EFI-06" duration="00:00:00.0025235" startTime="2024-01-09T15:43:42.2479168+01:00" endTime="2024-01-09T15:43:42.2479168+01:00" testType="13cdc9d9-ddb5-4fa4-a97d-d965ccfc6d4b" outcome="Passed" testListId="8c84fa94-04c1-424b-9868-57a2d4851a1d" relativeResultsDirectory="baecda12-059e-4559-8753-2557856357a1" />
    <UnitTestResult executionId="22fc80c8-1bac-47a6-889e-efa564a65fbb" testId="d9b310d6-231e-7ba2-ac73-829ade7ebc19" testName="UpdateHardwareTaskCommandHandler_Clone_Tests" computerName="DKSR-EFI-06" duration="00:00:00.0055807" startTime="2024-01-09T15:45:59.3453574+01:00" endTime="2024-01-09T15:45:59.3453574+01:00" testType="13cdc9d9-ddb5-4fa4-a97d-d965ccfc6d4b" outcome="Passed" testListId="8c84fa94-04c1-424b-9868-57a2d4851a1d" relativeResultsDirectory="22fc80c8-1bac-47a6-889e-efa564a65fbb" />
    <UnitTestResult executionId="e6250f9e-9bf0-4fbb-b216-feca5f403fb7" testId="3aa1a87d-4a9a-4c65-66ef-790cfaf82e83" testName="ChangeHardwarePasswordRuleAction_Execute_SunnyDay_NoErrorsLogged" computerName="DKSR-EFI-06" duration="00:00:00.1252821" startTime="2024-01-09T15:43:20.2009975+01:00" endTime="2024-01-09T15:43:20.3259990+01:00" testType="13cdc9d9-ddb5-4fa4-a97d-d965ccfc6d4b" outcome="Passed" testListId="8c84fa94-04c1-424b-9868-57a2d4851a1d" relativeResultsDirectory="e6250f9e-9bf0-4fbb-b216-feca5f403fb7" />
    <UnitTestResult executionId="fd0d6ba4-89bc-4bbd-a59d-d951c5ad2ccf" testId="e970c037-c82e-1156-9404-7620bc900a22" testName="HardwareActivatedNotOnWhiteList_ReplacedWithInheritance_HardwareNotOnWhiteList_DifferentCameraChannels" computerName="DKSR-EFI-06" duration="00:00:00.1785668" startTime="2024-01-09T15:44:24.3730578+01:00" endTime="2024-01-09T15:44:24.5449312+01:00" testType="13cdc9d9-ddb5-4fa4-a97d-d965ccfc6d4b" outcome="Passed" testListId="8c84fa94-04c1-424b-9868-57a2d4851a1d" relativeResultsDirectory="fd0d6ba4-89bc-4bbd-a59d-d951c5ad2ccf" />
    <UnitTestResult executionId="ce97fa52-036c-4baa-97e3-3849a57e93d2" testId="d9dd747f-a44b-24cc-c724-961aefc9b3a1" testName="UploadFileChunkCommandHandler_Execute_Completed" computerName="DKSR-EFI-06" duration="00:00:00.0117228" startTime="2024-01-09T15:46:00.3613821+01:00" endTime="2024-01-09T15:46:00.3770130+01:00" testType="13cdc9d9-ddb5-4fa4-a97d-d965ccfc6d4b" outcome="Passed" testListId="8c84fa94-04c1-424b-9868-57a2d4851a1d" relativeResultsDirectory="ce97fa52-036c-4baa-97e3-3849a57e93d2" />
    <UnitTestResult executionId="21c7c116-7ea4-44af-aef8-3e0204c6d72a" testId="d75d964c-e6ab-8f77-a1f1-72465d94a22d" testName="AddUnlicensedDevice_AddSecondDeviceWithSameUniqueIdentifier_ReturnsFalse" computerName="DKSR-EFI-06" duration="00:00:00.0006918" startTime="2024-01-09T15:45:34.1700452+01:00" endTime="2024-01-09T15:45:34.1700452+01:00" testType="13cdc9d9-ddb5-4fa4-a97d-d965ccfc6d4b" outcome="Passed" testListId="8c84fa94-04c1-424b-9868-57a2d4851a1d" relativeResultsDirectory="21c7c116-7ea4-44af-aef8-3e0204c6d72a" />
    <UnitTestResult executionId="7fba5539-514c-4c5e-90a3-9bde146a5355" testId="db66bbd2-870f-d30e-60fa-e9406ee3f761" testName="RemoveRecorderTask_ModelIsValid_Executed" computerName="DKSR-EFI-06" duration="00:00:00.0005181" startTime="2024-01-09T15:42:48.1384187+01:00" endTime="2024-01-09T15:42:48.1384187+01:00" testType="13cdc9d9-ddb5-4fa4-a97d-d965ccfc6d4b" outcome="Passed" testListId="8c84fa94-04c1-424b-9868-57a2d4851a1d" relativeResultsDirectory="7fba5539-514c-4c5e-90a3-9bde146a5355" />
    <UnitTestResult executionId="d3d913ce-ac5a-4a19-aa15-e75547020139" testId="20d778f5-4e73-ba07-f83c-99d00437cd4c" testName="UpdateHardwareTaskCommandHandler_Apply_HartBeat_Tests" computerName="DKSR-EFI-06" duration="00:00:00.0595104" startTime="2024-01-09T15:45:59.8455556+01:00" endTime="2024-01-09T15:45:59.9080807+01:00" testType="13cdc9d9-ddb5-4fa4-a97d-d965ccfc6d4b" outcome="Passed" testListId="8c84fa94-04c1-424b-9868-57a2d4851a1d" relativeResultsDirectory="d3d913ce-ac5a-4a19-aa15-e75547020139" />
    <UnitTestResult executionId="1fadddf3-79fa-486a-8635-173f7123119b" testId="ef53e2b8-fe52-58e3-46fe-b376fd704110" testName="TriggerEventAsGlobalCommand_ModelIsNull_BadRequestResult" computerName="DKSR-EFI-06" duration="00:00:00.0010320" startTime="2024-01-09T15:42:48.4977954+01:00" endTime="2024-01-09T15:42:48.4977954+01:00" testType="13cdc9d9-ddb5-4fa4-a97d-d965ccfc6d4b" outcome="Passed" testListId="8c84fa94-04c1-424b-9868-57a2d4851a1d" relativeResultsDirectory="1fadddf3-79fa-486a-8635-173f7123119b" />
    <UnitTestResult executionId="099c26a8-4185-4c1e-9ccf-b91bd2063c07" testId="87263014-5977-304d-a6cb-58774dbc7b92" testName="Validate_FirstGraceExpireShown_WithWhiteListedAndNonWhitelistedHardwareOnly_PostAllocation_Success" computerName="DKSR-EFI-06" duration="00:00:00.1884973" startTime="2024-01-09T15:45:03.5918756+01:00" endTime="2024-01-09T15:45:03.7793730+01:00" testType="13cdc9d9-ddb5-4fa4-a97d-d965ccfc6d4b" outcome="Passed" testListId="8c84fa94-04c1-424b-9868-57a2d4851a1d" relativeResultsDirectory="099c26a8-4185-4c1e-9ccf-b91bd2063c07" />
    <UnitTestResult executionId="ee892d5b-0913-4211-876e-38441ee29cc0" testId="28778f96-7d93-3046-ed10-3440acb56a3b" testName="MoveHardwareTaskCommandHandler_Execute_CreateHardwareBlock_HardwareUpdateException_FailResponse_HardwareNotFound" computerName="DKSR-EFI-06" duration="00:00:00.0020546" startTime="2024-01-09T15:45:41.5294200+01:00" endTime="2024-01-09T15:45:41.5450457+01:00" testType="13cdc9d9-ddb5-4fa4-a97d-d965ccfc6d4b" outcome="Passed" testListId="8c84fa94-04c1-424b-9868-57a2d4851a1d" relativeResultsDirectory="ee892d5b-0913-4211-876e-38441ee29cc0" />
    <UnitTestResult executionId="0e64847d-a9e7-4b7d-8c58-d0ea3ac36cf6" testId="7b92f1d2-48ab-9269-1673-5506160d2980" testName="CreateLicenseRequest_WithMIPPluginsLicenseRequests" computerName="DKSR-EFI-06" duration="00:00:01.0421134" startTime="2024-01-09T15:45:10.2012578+01:00" endTime="2024-01-09T15:45:11.2481342+01:00" testType="13cdc9d9-ddb5-4fa4-a97d-d965ccfc6d4b" outcome="Passed" testListId="8c84fa94-04c1-424b-9868-57a2d4851a1d" relativeResultsDirectory="0e64847d-a9e7-4b7d-8c58-d0ea3ac36cf6" />
    <UnitTestResult executionId="f3f861dc-8e6b-4ce9-9aa8-35cb25af0563" testId="d40c2ded-95ac-6860-f5b0-8e549fe1d8ae" testName="HardwareActivatedOnWhiteList_ReplacedWithNoInheritance_HardwareOnWhiteList_MixedCWAAllowed_NewHardwareInCWA" computerName="DKSR-EFI-06" duration="00:00:00.3460367" startTime="2024-01-09T15:43:55.2323311+01:00" endTime="2024-01-09T15:43:55.5760849+01:00" testType="13cdc9d9-ddb5-4fa4-a97d-d965ccfc6d4b" outcome="Passed" testListId="8c84fa94-04c1-424b-9868-57a2d4851a1d" relativeResultsDirectory="f3f861dc-8e6b-4ce9-9aa8-35cb25af0563" />
    <UnitTestResult executionId="c99f8817-99f3-4f99-bc75-a5a0eaaa2345" testId="4f7ca2b0-c221-db25-2e4f-2cd3bd0d57bd" testName="HeartbeatResponse_ModelIsNull_BadRequestResult" computerName="DKSR-EFI-06" duration="00:00:00.0004664" startTime="2024-01-09T15:42:48.2946705+01:00" endTime="2024-01-09T15:42:48.2946705+01:00" testType="13cdc9d9-ddb5-4fa4-a97d-d965ccfc6d4b" outcome="Passed" testListId="8c84fa94-04c1-424b-9868-57a2d4851a1d" relativeResultsDirectory="c99f8817-99f3-4f99-bc75-a5a0eaaa2345" />
    <UnitTestResult executionId="a68de382-d19a-4e14-8bd1-bd87bb2da1a9" testId="3506f156-8f51-bfa1-8459-a10267dc2ca5" testName="Validate_RemoveDeviceFromChangesWithoutActivation_WithNullHardwareDeviceItem_ThrowsArgumentNullException" computerName="DKSR-EFI-06" duration="00:00:00.0009653" startTime="2024-01-09T15:45:00.1075041+01:00" endTime="2024-01-09T15:45:00.1075041+01:00" testType="13cdc9d9-ddb5-4fa4-a97d-d965ccfc6d4b" outcome="Passed" testListId="8c84fa94-04c1-424b-9868-57a2d4851a1d" relativeResultsDirectory="a68de382-d19a-4e14-8bd1-bd87bb2da1a9" />
    <UnitTestResult executionId="efffacc1-960f-4d85-adc3-8155c75afa23" testId="ca7bf8cc-6fb2-57ee-bd56-7bde54c67fe6" testName="ReplaceHardwareTaskCommandHandler_DeviceMapper_Success_NotMatchingHwids_Test" computerName="DKSR-EFI-06" duration="00:00:00.0010239" startTime="2024-01-09T15:45:43.8889998+01:00" endTime="2024-01-09T15:45:43.8889998+01:00" testType="13cdc9d9-ddb5-4fa4-a97d-d965ccfc6d4b" outcome="Passed" testListId="8c84fa94-04c1-424b-9868-57a2d4851a1d" relativeResultsDirectory="efffacc1-960f-4d85-adc3-8155c75afa23" />
    <UnitTestResult executionId="92ff5d85-9431-4fd7-9896-e271b8f170fd" testId="4b24004b-d400-44b7-4a25-ddc26cc5f022" testName="ChannelLicenseCountManager_FindActiveHardwareInChangesWithoutActivation_ReturnsListOfMacs_OnActiveHardwareInChanges" computerName="DKSR-EFI-06" duration="00:00:00.0040172" startTime="2024-01-09T15:45:00.0293819+01:00" endTime="2024-01-09T15:45:00.0293819+01:00" testType="13cdc9d9-ddb5-4fa4-a97d-d965ccfc6d4b" outcome="Passed" testListId="8c84fa94-04c1-424b-9868-57a2d4851a1d" relativeResultsDirectory="92ff5d85-9431-4fd7-9896-e271b8f170fd" />
    <UnitTestResult executionId="1dbe003b-dded-451b-9e17-7b5c5d1c8767" testId="b51937f9-2164-2ef5-8ffc-3d90a1d1e816" testName="IsActivationNeeded_True_ICP_CamerasAdded" computerName="DKSR-EFI-06" duration="00:00:00.1184346" startTime="2024-01-09T15:45:13.1387652+01:00" endTime="2024-01-09T15:45:13.2637645+01:00" testType="13cdc9d9-ddb5-4fa4-a97d-d965ccfc6d4b" outcome="Passed" testListId="8c84fa94-04c1-424b-9868-57a2d4851a1d" relativeResultsDirectory="1dbe003b-dded-451b-9e17-7b5c5d1c8767" />
    <UnitTestResult executionId="298ccf70-959e-413c-be7a-21cf69a9fd95" testId="e856be50-0a89-d114-dc11-291c110df1d7" testName="GetHardwareNetworkSettingsCommandHandler_Execute_WrongCommandOrNullParameters_Throws" computerName="DKSR-EFI-06" duration="00:00:00.0112511" startTime="2024-01-09T15:45:38.0450465+01:00" endTime="2024-01-09T15:45:38.0606700+01:00" testType="13cdc9d9-ddb5-4fa4-a97d-d965ccfc6d4b" outcome="Passed" testListId="8c84fa94-04c1-424b-9868-57a2d4851a1d" relativeResultsDirectory="298ccf70-959e-413c-be7a-21cf69a9fd95">
      <Output>
        <StdOut>Debug Trace:&#xD;
Fail: Command/Command handler type mismatch&#xD;
Fail: Command/Command handler type mismatch&#xD;
Fail: The command handler expect an object that implements ICallContextInfo in the state parameter&#xD;
Fail: The command handler expect an object that implements IResponseSink in the responseSink parameter</StdOut>
      </Output>
    </UnitTestResult>
    <UnitTestResult executionId="834044fe-59bc-4237-9ec3-835e69c9a4ad" testId="120423aa-ffa7-c6d1-0ff1-5c8f308a41d1" testName="Ctor_LogConfigNull_ThrowsArgumentNullException" computerName="DKSR-EFI-06" duration="00:00:00.0129855" startTime="2024-01-09T15:43:42.9197912+01:00" endTime="2024-01-09T15:43:42.9354156+01:00" testType="13cdc9d9-ddb5-4fa4-a97d-d965ccfc6d4b" outcome="Passed" testListId="8c84fa94-04c1-424b-9868-57a2d4851a1d" relativeResultsDirectory="834044fe-59bc-4237-9ec3-835e69c9a4ad" />
    <UnitTestResult executionId="a1e5fc57-a025-4511-82e7-308e30d539f0" testId="d39d0521-06db-7dc9-3051-c476e15502d1" testName="HardwareInCWANotOnWhiteList_ReplacedWithNoInheritance_HardwareNotOnWhiteList_CWAAllowed_AllDevicesInCWA" computerName="DKSR-EFI-06" duration="00:00:00.1528747" startTime="2024-01-09T15:44:00.7323501+01:00" endTime="2024-01-09T15:44:00.8729750+01:00" testType="13cdc9d9-ddb5-4fa4-a97d-d965ccfc6d4b" outcome="Passed" testListId="8c84fa94-04c1-424b-9868-57a2d4851a1d" relativeResultsDirectory="a1e5fc57-a025-4511-82e7-308e30d539f0" />
    <UnitTestResult executionId="1bebc5e7-a1d3-4859-8694-a5ca465926ae" testId="2e5cdf48-ab53-ed98-9996-66c93f8cff15" testName="AllocateLicensesNotActivated_WhitelistedDriver_CWA_OneHardware_TwoCameras_OneLicense_ValidateLicenseTypes" computerName="DKSR-EFI-06" duration="00:00:00.0562036" startTime="2024-01-09T15:44:33.2636869+01:00" endTime="2024-01-09T15:44:33.3261859+01:00" testType="13cdc9d9-ddb5-4fa4-a97d-d965ccfc6d4b" outcome="Passed" testListId="8c84fa94-04c1-424b-9868-57a2d4851a1d" relativeResultsDirectory="1bebc5e7-a1d3-4859-8694-a5ca465926ae" />
    <UnitTestResult executionId="099544d3-622f-4e1d-9ebc-3f82834cdc14" testId="35bab2d6-4910-86dc-1141-fc3c8871ab67" testName="ReportManualRecordingStateCommand_ModelIsNull_BadRequestResult" computerName="DKSR-EFI-06" duration="00:00:00.0008124" startTime="2024-01-09T15:42:47.8571660+01:00" endTime="2024-01-09T15:42:47.8571660+01:00" testType="13cdc9d9-ddb5-4fa4-a97d-d965ccfc6d4b" outcome="Passed" testListId="8c84fa94-04c1-424b-9868-57a2d4851a1d" relativeResultsDirectory="099544d3-622f-4e1d-9ebc-3f82834cdc14" />
    <UnitTestResult executionId="80732dc2-9906-4094-a438-03b472844a63" testId="6c6b716e-4d28-c779-dfb6-ac3f614f8de4" testName="Validate_ReenteringLicenses_AfterActivation_ShowsHardwareInGrace_WhenUsingWhiteListedHardware" computerName="DKSR-EFI-06" duration="00:00:00.1689744" startTime="2024-01-09T15:44:28.7324364+01:00" endTime="2024-01-09T15:44:28.9043095+01:00" testType="13cdc9d9-ddb5-4fa4-a97d-d965ccfc6d4b" outcome="Passed" testListId="8c84fa94-04c1-424b-9868-57a2d4851a1d" relativeResultsDirectory="80732dc2-9906-4094-a438-03b472844a63" />
    <UnitTestResult executionId="982e2d58-acf0-4398-a724-9b41deb5bdbb" testId="52ab0249-26ba-cc96-610d-17f6ffa468ae" testName="Recorder_Retrieve_List_Active_Recorders" computerName="DKSR-EFI-06" duration="00:00:00.0072802" startTime="2024-01-09T15:45:33.9669226+01:00" endTime="2024-01-09T15:45:33.9825448+01:00" testType="13cdc9d9-ddb5-4fa4-a97d-d965ccfc6d4b" outcome="Passed" testListId="8c84fa94-04c1-424b-9868-57a2d4851a1d" relativeResultsDirectory="982e2d58-acf0-4398-a724-9b41deb5bdbb" />
    <UnitTestResult executionId="89ed51ab-48bf-450d-ae67-b104d331dcb0" testId="0bf09544-71cf-4e08-b61c-b47bd220ef05" testName="AddHardwareUserCommandHandler_Execute_Success" computerName="DKSR-EFI-06" duration="00:00:00.0072918" startTime="2024-01-09T15:45:34.5762935+01:00" endTime="2024-01-09T15:45:34.5919210+01:00" testType="13cdc9d9-ddb5-4fa4-a97d-d965ccfc6d4b" outcome="Passed" testListId="8c84fa94-04c1-424b-9868-57a2d4851a1d" relativeResultsDirectory="89ed51ab-48bf-450d-ae67-b104d331dcb0" />
    <UnitTestResult executionId="b021e135-b8d1-4898-a431-67b43004c160" testId="0ad171d3-aad1-8521-c487-1ee14ec9e922" testName="GetHardwareNetworkSettingsCommandHandler_Execute_RecorderNotFound_ReturnsCorrectResponse" computerName="DKSR-EFI-06" duration="00:00:00.0013140" startTime="2024-01-09T15:45:38.0762960+01:00" endTime="2024-01-09T15:45:38.0762960+01:00" testType="13cdc9d9-ddb5-4fa4-a97d-d965ccfc6d4b" outcome="Passed" testListId="8c84fa94-04c1-424b-9868-57a2d4851a1d" relativeResultsDirectory="b021e135-b8d1-4898-a431-67b43004c160" />
    <UnitTestResult executionId="f449f074-897d-4435-8c07-7c13cd65ccf7" testId="55df2919-d484-9c67-3d4f-25d0bf1cac35" testName="CreateLicenseInformationXml_Has1Unlicensed_On1HardwareWithNoCameraChannels" computerName="DKSR-EFI-06" duration="00:00:00.0932346" startTime="2024-01-09T15:45:00.9043818+01:00" endTime="2024-01-09T15:45:00.9980983+01:00" testType="13cdc9d9-ddb5-4fa4-a97d-d965ccfc6d4b" outcome="Passed" testListId="8c84fa94-04c1-424b-9868-57a2d4851a1d" relativeResultsDirectory="f449f074-897d-4435-8c07-7c13cd65ccf7" />
    <UnitTestResult executionId="08edbb79-e419-450d-b61a-feebb11310d8" testId="a130a927-6b59-18c0-ec6f-96c3fadbcb3d" testName="DeleteHardwareUserCommandHandler_Execute_ThrowsIfGivenWrongCommandOrNullParameters" computerName="DKSR-EFI-06" duration="00:00:00.0082763" startTime="2024-01-09T15:45:36.8575471+01:00" endTime="2024-01-09T15:45:36.8731718+01:00" testType="13cdc9d9-ddb5-4fa4-a97d-d965ccfc6d4b" outcome="Passed" testListId="8c84fa94-04c1-424b-9868-57a2d4851a1d" relativeResultsDirectory="08edbb79-e419-450d-b61a-feebb11310d8">
      <Output>
        <StdOut>Debug Trace:&#xD;
Fail: Command/Command handler type mismatch&#xD;
Fail: The command handler expect an object that implements ICallContextInfo in the state parameter&#xD;
Fail: The command handler expect an object that implements IResponseSink in the responseSink parameter</StdOut>
      </Output>
    </UnitTestResult>
    <UnitTestResult executionId="7cd6dfe2-5172-47cc-aeb5-ec942ad19e5b" testId="99bc1406-b650-0f2c-9f06-c90460b955bc" testName="ChangeHardwarePasswordTaskCommandHandler_Execute_Failed_PasswordOrUserLevelMayNotBeChanged_Response" computerName="DKSR-EFI-06" duration="00:00:00.0022102" startTime="2024-01-09T15:45:34.7637936+01:00" endTime="2024-01-09T15:45:34.7794199+01:00" testType="13cdc9d9-ddb5-4fa4-a97d-d965ccfc6d4b" outcome="Passed" testListId="8c84fa94-04c1-424b-9868-57a2d4851a1d" relativeResultsDirectory="7cd6dfe2-5172-47cc-aeb5-ec942ad19e5b" />
    <UnitTestResult executionId="1e4d1695-413b-4b86-9ed4-68ca3cb3041f" testId="f54cb0cb-5b9c-26f7-4212-f53dc833b117" testName="MoveHardwareTaskCommandHandler_Execute_WriteConfigurationDataSetChangesToDatabase_DBConcurrencyException_FailResponse_UpdateConfigurationFailed" computerName="DKSR-EFI-06" duration="00:00:00.1251205" startTime="2024-01-09T15:45:41.6231677+01:00" endTime="2024-01-09T15:45:41.7481722+01:00" testType="13cdc9d9-ddb5-4fa4-a97d-d965ccfc6d4b" outcome="Passed" testListId="8c84fa94-04c1-424b-9868-57a2d4851a1d" relativeResultsDirectory="1e4d1695-413b-4b86-9ed4-68ca3cb3041f" />
    <UnitTestResult executionId="1a983614-6338-4d7c-b0d7-9566aa240b3c" testId="c1ca5f29-bfa1-1309-3768-ba5a26d3c69b" testName="RecorderLicense_RemoveExistingLicense_Success" computerName="DKSR-EFI-06" duration="00:00:00.0005155" startTime="2024-01-09T15:45:34.0294245+01:00" endTime="2024-01-09T15:45:34.0294245+01:00" testType="13cdc9d9-ddb5-4fa4-a97d-d965ccfc6d4b" outcome="Passed" testListId="8c84fa94-04c1-424b-9868-57a2d4851a1d" relativeResultsDirectory="1a983614-6338-4d7c-b0d7-9566aa240b3c" />
    <UnitTestResult executionId="aeee43bd-829e-4928-8901-1a80a15def84" testId="2d82bace-d18b-8cb6-ec46-f30189d0e969" testName="RegisterSessionFailedResponse_ModelIsNull_BadRequestResult" computerName="DKSR-EFI-06" duration="00:00:00.0005542" startTime="2024-01-09T15:42:48.3571677+01:00" endTime="2024-01-09T15:42:48.3571677+01:00" testType="13cdc9d9-ddb5-4fa4-a97d-d965ccfc6d4b" outcome="Passed" testListId="8c84fa94-04c1-424b-9868-57a2d4851a1d" relativeResultsDirectory="aeee43bd-829e-4928-8901-1a80a15def84" />
    <UnitTestResult executionId="3fa2a255-eb65-44c0-b02b-6c1728031038" testId="d9e2c8f9-5652-2464-f933-9795a5513b3a" testName="HardwareActivatedNotOnWhiteList_ReplacedWithInheritance_HardwareOnWhiteList_NoCWAAllowed_NewHardwareInGrace" computerName="DKSR-EFI-06" duration="00:00:00.4984905" startTime="2024-01-09T15:43:56.8729640+01:00" endTime="2024-01-09T15:43:57.3729647+01:00" testType="13cdc9d9-ddb5-4fa4-a97d-d965ccfc6d4b" outcome="Passed" testListId="8c84fa94-04c1-424b-9868-57a2d4851a1d" relativeResultsDirectory="3fa2a255-eb65-44c0-b02b-6c1728031038" />
    <UnitTestResult executionId="813ac948-c225-425f-96fd-0f96ee3c6b52" testId="98f533e5-cb2d-28ac-67c0-1c9e3a63eadf" testName="HardwareLicense_Add_NullInstance_Throws_ArgumentNullException" computerName="DKSR-EFI-06" duration="00:00:00.0008028" startTime="2024-01-09T15:45:34.0294245+01:00" endTime="2024-01-09T15:45:34.0294245+01:00" testType="13cdc9d9-ddb5-4fa4-a97d-d965ccfc6d4b" outcome="Passed" testListId="8c84fa94-04c1-424b-9868-57a2d4851a1d" relativeResultsDirectory="813ac948-c225-425f-96fd-0f96ee3c6b52" />
    <UnitTestResult executionId="79553714-61fd-4ff5-8925-7d731b73330c" testId="580e1afe-e2dd-e0a2-6df9-b1ce18a714be" testName="IsActivationRequired_Success_ActivationRequired_OneDevice_WithICP" computerName="DKSR-EFI-06" duration="00:00:00.5344542" startTime="2024-01-09T15:45:25.0762908+01:00" endTime="2024-01-09T15:45:25.6075403+01:00" testType="13cdc9d9-ddb5-4fa4-a97d-d965ccfc6d4b" outcome="Passed" testListId="8c84fa94-04c1-424b-9868-57a2d4851a1d" relativeResultsDirectory="79553714-61fd-4ff5-8925-7d731b73330c" />
    <UnitTestResult executionId="07ceaab5-c924-4480-b4ff-0717a01b3e9c" testId="882b56f4-78e9-f8de-5e21-552cca584369" testName="IsActivationNeeded_True_DeviceRemoved" computerName="DKSR-EFI-06" duration="00:00:00.0567350" startTime="2024-01-09T15:45:12.7950143+01:00" endTime="2024-01-09T15:45:12.8575136+01:00" testType="13cdc9d9-ddb5-4fa4-a97d-d965ccfc6d4b" outcome="Passed" testListId="8c84fa94-04c1-424b-9868-57a2d4851a1d" relativeResultsDirectory="07ceaab5-c924-4480-b4ff-0717a01b3e9c" />
    <UnitTestResult executionId="8c6e18b8-c96f-407d-ae88-462604cd1389" testId="c78dca9a-63e5-01e6-bb96-2b386d6c1931" testName="GetRecorderLicense_NoICP_OneHardware_Success" computerName="DKSR-EFI-06" duration="00:00:00.0167776" startTime="2024-01-09T15:45:09.4200067+01:00" endTime="2024-01-09T15:45:09.4356336+01:00" testType="13cdc9d9-ddb5-4fa4-a97d-d965ccfc6d4b" outcome="Passed" testListId="8c84fa94-04c1-424b-9868-57a2d4851a1d" relativeResultsDirectory="8c6e18b8-c96f-407d-ae88-462604cd1389" />
    <UnitTestResult executionId="fd88df62-9cf2-4726-97f2-5121254efe90" testId="6d9f83bd-c2da-8361-c098-b8bbad456725" testName="Bug_369904_IncorrectNumberOfDevicesInGrace_WhenUpdatingLicense_WithLowerLicenseCount" computerName="DKSR-EFI-06" duration="00:00:00.1874322" startTime="2024-01-09T15:44:40.7168178+01:00" endTime="2024-01-09T15:44:40.9043198+01:00" testType="13cdc9d9-ddb5-4fa4-a97d-d965ccfc6d4b" outcome="Passed" testListId="8c84fa94-04c1-424b-9868-57a2d4851a1d" relativeResultsDirectory="fd88df62-9cf2-4726-97f2-5121254efe90" />
    <UnitTestResult executionId="8d8f8e8a-6bc5-4acb-8f50-d305999504bd" testId="41ce1e90-d937-c616-659c-3c5a81200d9c" testName="MoveHardwareTaskCommandHandler_Execute_PrepareMoveHardware_SourceRecordingServerNotFound" computerName="DKSR-EFI-06" duration="00:00:00.0018128" startTime="2024-01-09T15:45:41.4981718+01:00" endTime="2024-01-09T15:45:41.4981718+01:00" testType="13cdc9d9-ddb5-4fa4-a97d-d965ccfc6d4b" outcome="Passed" testListId="8c84fa94-04c1-424b-9868-57a2d4851a1d" relativeResultsDirectory="8d8f8e8a-6bc5-4acb-8f50-d305999504bd" />
    <UnitTestResult executionId="e48265a9-6b50-417a-8225-ac3ad1766296" testId="7ff84ea9-41b0-fba9-537a-539e9deaafa7" testName="SetRecorderInformation_ModelIsNull_BadRequestResult" computerName="DKSR-EFI-06" duration="00:00:00.0010066" startTime="2024-01-09T15:42:48.7946718+01:00" endTime="2024-01-09T15:42:48.7946718+01:00" testType="13cdc9d9-ddb5-4fa4-a97d-d965ccfc6d4b" outcome="Passed" testListId="8c84fa94-04c1-424b-9868-57a2d4851a1d" relativeResultsDirectory="e48265a9-6b50-417a-8225-ac3ad1766296" />
    <UnitTestResult executionId="d050eea2-a1c3-42e2-a257-4f343bca8c0d" testId="66b5c4ff-d2fa-19de-f4f4-61f87928ee9b" testName="HardwareInGraceNotOnWhiteList_ReplacedWith_HardwareOnWhiteList_ShouldGiveHardwareNewGracePeriod" computerName="DKSR-EFI-06" duration="00:00:00.6568796" startTime="2024-01-09T15:44:52.8262326+01:00" endTime="2024-01-09T15:44:53.4825263+01:00" testType="13cdc9d9-ddb5-4fa4-a97d-d965ccfc6d4b" outcome="Passed" testListId="8c84fa94-04c1-424b-9868-57a2d4851a1d" relativeResultsDirectory="d050eea2-a1c3-42e2-a257-4f343bca8c0d" />
    <UnitTestResult executionId="cbfe494e-b405-4bfd-9a64-4554eb7b2d0e" testId="6a5d7fe9-99be-4636-5691-66b73138c33f" testName="AttachedRecorder_GetRecorderStatus_NoService" computerName="DKSR-EFI-06" duration="00:00:00.0006146" startTime="2024-01-09T15:42:45.3102834+01:00" endTime="2024-01-09T15:42:45.3102834+01:00" testType="13cdc9d9-ddb5-4fa4-a97d-d965ccfc6d4b" outcome="Passed" testListId="8c84fa94-04c1-424b-9868-57a2d4851a1d" relativeResultsDirectory="cbfe494e-b405-4bfd-9a64-4554eb7b2d0e" />
    <UnitTestResult executionId="0745943c-695e-4237-848f-21deebce1444" testId="0e3e65ea-8dcd-331d-126b-63537ab482f7" testName="AnalyzeAndCreateAuditLogs_ModifiedSecurityPermissionsDeviceRowWithSameTimeBackwards_ReturnsNoTimeBackwardAuditLog" computerName="DKSR-EFI-06" duration="00:00:00.0036198" startTime="2024-01-09T15:45:35.6387946+01:00" endTime="2024-01-09T15:45:35.6544257+01:00" testType="13cdc9d9-ddb5-4fa4-a97d-d965ccfc6d4b" outcome="Passed" testListId="8c84fa94-04c1-424b-9868-57a2d4851a1d" relativeResultsDirectory="0745943c-695e-4237-848f-21deebce1444" />
    <UnitTestResult executionId="c7d718ca-d4fe-4ffb-ab4f-6c6d55400220" testId="f6d5e561-34f2-4fd1-5142-307043996e36" testName="TemporaryLicense_SetChangesWithoutActivationToken_DateActivatedSameToNow" computerName="DKSR-EFI-06" duration="00:00:00.0007282" startTime="2024-01-09T15:43:51.1073147+01:00" endTime="2024-01-09T15:43:51.1229423+01:00" testType="13cdc9d9-ddb5-4fa4-a97d-d965ccfc6d4b" outcome="Passed" testListId="8c84fa94-04c1-424b-9868-57a2d4851a1d" relativeResultsDirectory="c7d718ca-d4fe-4ffb-ab4f-6c6d55400220" />
    <UnitTestResult executionId="9f22bfc3-7afe-432f-a7a7-8d40a8019d20" testId="760f9bfd-f7ad-a943-e485-03d97212787c" testName="AllocateLicenses_NotActivated_FiveDevice_FiveChannels_TwoEnabledChannels_TwoInGrace_ThreeHardwareWithNoLicense" computerName="DKSR-EFI-06" duration="00:00:00.0847675" startTime="2024-01-09T15:44:37.0918117+01:00" endTime="2024-01-09T15:44:37.1699386+01:00" testType="13cdc9d9-ddb5-4fa4-a97d-d965ccfc6d4b" outcome="Passed" testListId="8c84fa94-04c1-424b-9868-57a2d4851a1d" relativeResultsDirectory="9f22bfc3-7afe-432f-a7a7-8d40a8019d20" />
    <UnitTestResult executionId="b44e94b7-9161-429e-ba5e-006c638b14f8" testId="fb4bfc16-4472-c6ec-c70f-01a0505dd049" testName="DeleteHardwareTaskCommandHandler_Execute_Failed_Timeout_Response" computerName="DKSR-EFI-06" duration="00:00:00.0014280" startTime="2024-01-09T15:45:36.8419196+01:00" endTime="2024-01-09T15:45:36.8419196+01:00" testType="13cdc9d9-ddb5-4fa4-a97d-d965ccfc6d4b" outcome="Passed" testListId="8c84fa94-04c1-424b-9868-57a2d4851a1d" relativeResultsDirectory="b44e94b7-9161-429e-ba5e-006c638b14f8" />
    <UnitTestResult executionId="cd37eb5a-8d4c-4834-b006-80511564444f" testId="f4e67b53-0b3e-aaa0-9b40-f3ce5bf9017a" testName="EventCollector_ShouldEventBeFired_Accept_ServerEvents" computerName="DKSR-EFI-06" duration="00:00:00.0006675" startTime="2024-01-09T15:42:45.0134065+01:00" endTime="2024-01-09T15:42:45.0134065+01:00" testType="13cdc9d9-ddb5-4fa4-a97d-d965ccfc6d4b" outcome="Passed" testListId="8c84fa94-04c1-424b-9868-57a2d4851a1d" relativeResultsDirectory="cd37eb5a-8d4c-4834-b006-80511564444f" />
    <UnitTestResult executionId="0c9370e6-e4c8-442d-a7b0-de50b08fd592" testId="acb1ab8e-53d8-0188-b905-0ea66e54576d" testName="SessionDataManager_Remove_NullCheck" computerName="DKSR-EFI-06" duration="00:00:00.0006056" startTime="2024-01-09T15:43:19.4041704+01:00" endTime="2024-01-09T15:43:19.4041704+01:00" testType="13cdc9d9-ddb5-4fa4-a97d-d965ccfc6d4b" outcome="Passed" testListId="8c84fa94-04c1-424b-9868-57a2d4851a1d" relativeResultsDirectory="0c9370e6-e4c8-442d-a7b0-de50b08fd592" />
    <UnitTestResult executionId="cb918d9d-0c4b-462e-8195-9416964acedc" testId="06369c13-5206-803d-d260-27c984790673" testName="UpdateLicense_AllocatesOneLicense_OnSameHwOnTwoRecordingServers_WithFirstEmptyAndSecondActivated" computerName="DKSR-EFI-06" duration="00:00:02.0765333" startTime="2024-01-09T15:45:18.1856534+01:00" endTime="2024-01-09T15:45:20.2637846+01:00" testType="13cdc9d9-ddb5-4fa4-a97d-d965ccfc6d4b" outcome="Passed" testListId="8c84fa94-04c1-424b-9868-57a2d4851a1d" relativeResultsDirectory="cb918d9d-0c4b-462e-8195-9416964acedc" />
    <UnitTestResult executionId="1550b63e-ad1f-41ba-928e-dcdf25c97e35" testId="f98d7fd7-35b5-697e-34c0-0ff1a3a3889c" testName="FailResponse_ModelIsValid_CommandExecuted" computerName="DKSR-EFI-06" duration="00:00:00.0006076" startTime="2024-01-09T15:42:48.2790445+01:00" endTime="2024-01-09T15:42:48.2790445+01:00" testType="13cdc9d9-ddb5-4fa4-a97d-d965ccfc6d4b" outcome="Passed" testListId="8c84fa94-04c1-424b-9868-57a2d4851a1d" relativeResultsDirectory="1550b63e-ad1f-41ba-928e-dcdf25c97e35" />
    <UnitTestResult executionId="88d7d96a-3706-4e0d-8912-4e430da27af0" testId="50cf72d1-0ec6-a518-7cbd-a42b970da334" testName="AllocateLicenses_Activated_OneLicensed_Hardware_WithEnableCamera_CameraDisabled_HardwareBecomesLicensed" computerName="DKSR-EFI-06" duration="00:00:00.1810980" startTime="2024-01-09T15:44:32.3579061+01:00" endTime="2024-01-09T15:44:32.5449367+01:00" testType="13cdc9d9-ddb5-4fa4-a97d-d965ccfc6d4b" outcome="Passed" testListId="8c84fa94-04c1-424b-9868-57a2d4851a1d" relativeResultsDirectory="88d7d96a-3706-4e0d-8912-4e430da27af0" />
    <UnitTestResult executionId="315ba879-5015-495d-b78f-dff8be94fa94" testId="dc91f0fb-b6fd-71a4-1714-2638b5248a24" testName="UploadFileChunkCommandHandler_Execute_Failed_InvalidChecksum" computerName="DKSR-EFI-06" duration="00:00:00.0020464" startTime="2024-01-09T15:46:00.3770130+01:00" endTime="2024-01-09T15:46:00.3926429+01:00" testType="13cdc9d9-ddb5-4fa4-a97d-d965ccfc6d4b" outcome="Passed" testListId="8c84fa94-04c1-424b-9868-57a2d4851a1d" relativeResultsDirectory="315ba879-5015-495d-b78f-dff8be94fa94" />
    <UnitTestResult executionId="0a674c5e-e180-4a5a-9f89-d2058dbc422e" testId="e9119cfc-3c5c-fe36-feac-3d5dd77582ef" testName="ReportMediaCommittedToDatabaseCommand_ModelIsNull_BadRequestResult" computerName="DKSR-EFI-06" duration="00:00:00.0008788" startTime="2024-01-09T15:42:47.8415426+01:00" endTime="2024-01-09T15:42:47.8415426+01:00" testType="13cdc9d9-ddb5-4fa4-a97d-d965ccfc6d4b" outcome="Passed" testListId="8c84fa94-04c1-424b-9868-57a2d4851a1d" relativeResultsDirectory="0a674c5e-e180-4a5a-9f89-d2058dbc422e" />
    <UnitTestResult executionId="b0b7e3b0-9b69-4db5-88c4-0f3087a4a5d7" testId="914c4474-b8e7-f364-7b5b-f69491ca046f" testName="AllocateLicenses_NotActivated_OneHardwareWithNoEnabledDevicesInChangesWithoutActivation_RemainsInChangesWithoutActivation" computerName="DKSR-EFI-06" duration="00:00:00.2340313" startTime="2024-01-09T15:44:29.7949351+01:00" endTime="2024-01-09T15:44:30.0449348+01:00" testType="13cdc9d9-ddb5-4fa4-a97d-d965ccfc6d4b" outcome="Passed" testListId="8c84fa94-04c1-424b-9868-57a2d4851a1d" relativeResultsDirectory="b0b7e3b0-9b69-4db5-88c4-0f3087a4a5d7" />
    <UnitTestResult executionId="d85a8a95-be9b-4013-b45e-359e4e87084c" testId="6822bf18-105f-77ff-8eac-b0428e8c9310" testName="AllocateLicenses_2HardwareWithCameraInGrace1HardwareWithNoCameraUnlicensed" computerName="DKSR-EFI-06" duration="00:00:00.1374897" startTime="2024-01-09T15:44:34.8730628+01:00" endTime="2024-01-09T15:44:35.0136872+01:00" testType="13cdc9d9-ddb5-4fa4-a97d-d965ccfc6d4b" outcome="Passed" testListId="8c84fa94-04c1-424b-9868-57a2d4851a1d" relativeResultsDirectory="d85a8a95-be9b-4013-b45e-359e4e87084c" />
    <UnitTestResult executionId="d2f7d4e6-be9b-4260-ad75-3a2ee94fb5b7" testId="6699914d-cf53-e9b3-e712-5eb151f64c53" testName="AllocateLicenses_NotActivated_TwoDevices_FiveEnabledCameraChannels_LicenseCountFive_HardwareWithNoCamera" computerName="DKSR-EFI-06" duration="00:00:00.0411002" startTime="2024-01-09T15:44:36.8418117+01:00" endTime="2024-01-09T15:44:36.8886850+01:00" testType="13cdc9d9-ddb5-4fa4-a97d-d965ccfc6d4b" outcome="Passed" testListId="8c84fa94-04c1-424b-9868-57a2d4851a1d" relativeResultsDirectory="d2f7d4e6-be9b-4260-ad75-3a2ee94fb5b7" />
    <UnitTestResult executionId="5b89cc4c-2bf6-4b6d-a8a9-aac6c154e1ed" testId="5bba4a02-40e6-875f-dbab-eeeae3f32772" testName="AllocateLicenses_NotActivated_OneDevice_SixDisabledCameraChannels_LicenseCountFive_OneInGrace_DeviceWithoutEnabledCamera" computerName="DKSR-EFI-06" duration="00:00:00.1482707" startTime="2024-01-09T15:44:37.2636901+01:00" endTime="2024-01-09T15:44:37.4199394+01:00" testType="13cdc9d9-ddb5-4fa4-a97d-d965ccfc6d4b" outcome="Passed" testListId="8c84fa94-04c1-424b-9868-57a2d4851a1d" relativeResultsDirectory="5b89cc4c-2bf6-4b6d-a8a9-aac6c154e1ed" />
    <UnitTestResult executionId="35d7a9a6-6a92-4228-851a-c4a4ecd4fe56" testId="6ce6d5c4-8d29-2bd7-7033-2e711c4595e4" testName="ProcessConfigurationChangeTasks_UpdateDevice_Update_UpdateDevice_Not_Batched" computerName="DKSR-EFI-06" duration="00:00:00.0431156" startTime="2024-01-09T15:43:12.2791081+01:00" endTime="2024-01-09T15:43:12.3259831+01:00" testType="13cdc9d9-ddb5-4fa4-a97d-d965ccfc6d4b" outcome="Passed" testListId="8c84fa94-04c1-424b-9868-57a2d4851a1d" relativeResultsDirectory="35d7a9a6-6a92-4228-851a-c4a4ecd4fe56" />
    <UnitTestResult executionId="29f52bc3-08ee-4017-9c7a-cfd4f671befb" testId="884502f8-bdaa-5c5e-9e51-7540cc3d536d" testName="EvidenceLockOnOldRecorderCommandHandlerTests_OldRecV1_ConfigAdd1RowExtra_Ignored" computerName="DKSR-EFI-06" duration="00:00:00.0143737" startTime="2024-01-09T15:45:37.3575461+01:00" endTime="2024-01-09T15:45:37.3742825+01:00" testType="13cdc9d9-ddb5-4fa4-a97d-d965ccfc6d4b" outcome="Passed" testListId="8c84fa94-04c1-424b-9868-57a2d4851a1d" relativeResultsDirectory="29f52bc3-08ee-4017-9c7a-cfd4f671befb" />
    <UnitTestResult executionId="3a1290c1-c657-4655-a754-d00aafa56147" testId="e625724b-e6ca-04fb-3a90-a86071459cbe" testName="ChangeHardwarePasswordRuleAction_Execute_TwoRuns_TwoMonitorsCreated" computerName="DKSR-EFI-06" duration="00:00:00.2180294" startTime="2024-01-09T15:43:20.7791231+01:00" endTime="2024-01-09T15:43:20.9978741+01:00" testType="13cdc9d9-ddb5-4fa4-a97d-d965ccfc6d4b" outcome="Passed" testListId="8c84fa94-04c1-424b-9868-57a2d4851a1d" relativeResultsDirectory="3a1290c1-c657-4655-a754-d00aafa56147" />
    <UnitTestResult executionId="9c7b885a-8597-4e7d-94a7-5b95323202b1" testId="a78851f4-5cf1-c03b-d540-692422a608d7" testName="SetupInitialHardwareUserCommandHandler_Execute_ReturnsRecorderUnavailableResponseOnRecorderNotConnected" computerName="DKSR-EFI-06" duration="00:00:00.0008889" startTime="2024-01-09T15:45:43.9983868+01:00" endTime="2024-01-09T15:45:43.9983868+01:00" testType="13cdc9d9-ddb5-4fa4-a97d-d965ccfc6d4b" outcome="Passed" testListId="8c84fa94-04c1-424b-9868-57a2d4851a1d" relativeResultsDirectory="9c7b885a-8597-4e7d-94a7-5b95323202b1" />
    <UnitTestResult executionId="eebea204-2dd0-45f3-aeee-02ec201f98e9" testId="2aeebd21-0ab2-66bb-8d1a-c7e7ef4ee5ab" testName="EvidenceLockOnOldRecorderCommandHandlerTests_OldRecV1_ConfigDelete1RowEdge_Distribution" computerName="DKSR-EFI-06" duration="00:00:00.0207951" startTime="2024-01-09T15:45:37.3106712+01:00" endTime="2024-01-09T15:45:37.3262980+01:00" testType="13cdc9d9-ddb5-4fa4-a97d-d965ccfc6d4b" outcome="Passed" testListId="8c84fa94-04c1-424b-9868-57a2d4851a1d" relativeResultsDirectory="eebea204-2dd0-45f3-aeee-02ec201f98e9" />
    <UnitTestResult executionId="760096a6-ffb2-4a98-a88d-b820e977c51d" testId="d81c2536-2ddc-1b92-7cc5-260eee920d18" testName="ChannelLicenseCountManager_Hardware_Get_Set_HardwareLicenseValue" computerName="DKSR-EFI-06" duration="00:00:00.0008309" startTime="2024-01-09T15:44:59.6231285+01:00" endTime="2024-01-09T15:44:59.6231285+01:00" testType="13cdc9d9-ddb5-4fa4-a97d-d965ccfc6d4b" outcome="Passed" testListId="8c84fa94-04c1-424b-9868-57a2d4851a1d" relativeResultsDirectory="760096a6-ffb2-4a98-a88d-b820e977c51d" />
    <UnitTestResult executionId="fe00a919-c13b-4842-bfa8-4816c4d9fc26" testId="26e57da1-ba9d-0191-a3ee-e3418eb18c93" testName="LicenseCountManager_CameraFeed_GetFirstCameraFeedDeviceIndex_NonExisting_InvalidOperationException" computerName="DKSR-EFI-06" duration="00:00:00.0026284" startTime="2024-01-09T15:45:00.2481302+01:00" endTime="2024-01-09T15:45:00.2481302+01:00" testType="13cdc9d9-ddb5-4fa4-a97d-d965ccfc6d4b" outcome="Passed" testListId="8c84fa94-04c1-424b-9868-57a2d4851a1d" relativeResultsDirectory="fe00a919-c13b-4842-bfa8-4816c4d9fc26" />
    <UnitTestResult executionId="35637885-43d7-456a-9eea-70c8e0bbbd2c" testId="03edf8b7-529b-2eec-d300-ba35462d6076" testName="MoveHardwareTaskCommandHandler_Execute_DeviceEvidenceLocks_BothLiveTables_BothDistributions" computerName="DKSR-EFI-06" duration="00:00:00.1592110" startTime="2024-01-09T15:45:39.9044193+01:00" endTime="2024-01-09T15:45:40.0762947+01:00" testType="13cdc9d9-ddb5-4fa4-a97d-d965ccfc6d4b" outcome="Passed" testListId="8c84fa94-04c1-424b-9868-57a2d4851a1d" relativeResultsDirectory="35637885-43d7-456a-9eea-70c8e0bbbd2c">
      <Output>
        <StdOut>Progress: 10&#xD;
Progress: 20&#xD;
Progress: 30&#xD;
Progress: 35&#xD;
Progress: 40&#xD;
Progress: 42&#xD;
Progress: 44&#xD;
Progress: 60&#xD;
Progress: 70&#xD;
Progress: 80&#xD;
Progress: 90&#xD;
Progress: 95&#xD;
Progress: 100</StdOut>
      </Output>
    </UnitTestResult>
    <UnitTestResult executionId="f7e2ea63-69f1-47dc-9a9e-d76ae5e2f33f" testId="746f056a-c957-33ee-67ac-b2a4740e2f0d" testName="CreateLicenseInformationXml_Has25Activated_On1ActivatedHardware25ChannelNotOnWhitelist" computerName="DKSR-EFI-06" duration="00:00:00.1864839" startTime="2024-01-09T15:45:00.9980983+01:00" endTime="2024-01-09T15:45:01.1856165+01:00" testType="13cdc9d9-ddb5-4fa4-a97d-d965ccfc6d4b" outcome="Passed" testListId="8c84fa94-04c1-424b-9868-57a2d4851a1d" relativeResultsDirectory="f7e2ea63-69f1-47dc-9a9e-d76ae5e2f33f">
      <Output>
        <StdOut>Debug Trace:&#xD;
Fail: Attribute value invalid. 'Index'&#xD;
Fail: Attribute value invalid. 'Index'&#xD;
Fail: Attribute value invalid. 'Index'&#xD;
Fail: Attribute value invalid. 'Index'&#xD;
Fail: Attribute value invalid. 'Index'&#xD;
Fail: Attribute value invalid. 'Index'&#xD;
Fail: Attribute value invalid. 'Index'&#xD;
Fail: Attribute value invalid. 'Index'&#xD;
Fail: Attribute value invalid. 'Index'&#xD;
Fail: Attribute value invalid. 'Index'&#xD;
Fail: Attribute value invalid. 'Index'&#xD;
Fail: Attribute value invalid. 'Index'&#xD;
Fail: Attribute value invalid. 'Index'&#xD;
Fail: Attribute value invalid. 'Index'&#xD;
Fail: Attribute value invalid. 'Index'&#xD;
Fail: Attribute value invalid. 'Index'&#xD;
Fail: Attribute value invalid. 'Index'&#xD;
Fail: Attribute value invalid. 'Index'&#xD;
Fail: Attribute value invalid. 'Index'&#xD;
Fail: Attribute value invalid. 'Index'&#xD;
Fail: Attribute value invalid. 'Index'&#xD;
Fail: Attribute value invalid. 'Index'&#xD;
Fail: Attribute value invalid. 'Index'&#xD;
Fail: Attribute value invalid. 'Index'&#xD;
Fail: Attribute value invalid. 'Index'</StdOut>
      </Output>
    </UnitTestResult>
    <UnitTestResult executionId="fa671357-ef85-4549-8a52-de28865ab922" testId="0771727a-7b1e-cb6f-af21-556d51024ee4" testName="UpdateRecorderStatusData_InvalidRecorder_NotFoundResult" computerName="DKSR-EFI-06" duration="00:00:00.0013639" startTime="2024-01-09T15:42:47.9196657+01:00" endTime="2024-01-09T15:42:47.9352925+01:00" testType="13cdc9d9-ddb5-4fa4-a97d-d965ccfc6d4b" outcome="Passed" testListId="8c84fa94-04c1-424b-9868-57a2d4851a1d" relativeResultsDirectory="fa671357-ef85-4549-8a52-de28865ab922" />
    <UnitTestResult executionId="7fca1282-fd4b-44d2-b4e1-44b15435e1a4" testId="4fec0688-570f-f7c3-b388-2105544b1ec9" testName="RecorderLicense_FindByRecorder_Returns_Instance" computerName="DKSR-EFI-06" duration="00:00:00.0002809" startTime="2024-01-09T15:45:33.9981742+01:00" endTime="2024-01-09T15:45:33.9981742+01:00" testType="13cdc9d9-ddb5-4fa4-a97d-d965ccfc6d4b" outcome="Passed" testListId="8c84fa94-04c1-424b-9868-57a2d4851a1d" relativeResultsDirectory="7fca1282-fd4b-44d2-b4e1-44b15435e1a4" />
    <UnitTestResult executionId="fb7350c5-7222-4792-9cc8-6a3503126763" testId="6d42fd8c-c040-b48c-e6d2-bb547135a91f" testName="LoadTemporaryHardwareChangesWithoutActivationIdentifiers_NoHardwareNoDevicesInCWA_ReturnsEmptyList" computerName="DKSR-EFI-06" duration="00:00:00.0015156" startTime="2024-01-09T15:45:34.2481683+01:00" endTime="2024-01-09T15:45:34.2481683+01:00" testType="13cdc9d9-ddb5-4fa4-a97d-d965ccfc6d4b" outcome="Passed" testListId="8c84fa94-04c1-424b-9868-57a2d4851a1d" relativeResultsDirectory="fb7350c5-7222-4792-9cc8-6a3503126763" />
    <UnitTestResult executionId="fd9e1af6-af2a-452d-a8b5-9fc16405d194" testId="9897c766-b52d-ed3b-d588-9c1d581b48f1" testName="DeviceLicense_FindByDeviceInfo_NotFound_ReturnsNull" computerName="DKSR-EFI-06" duration="00:00:00.0008611" startTime="2024-01-09T15:45:34.0919223+01:00" endTime="2024-01-09T15:45:34.0919223+01:00" testType="13cdc9d9-ddb5-4fa4-a97d-d965ccfc6d4b" outcome="Passed" testListId="8c84fa94-04c1-424b-9868-57a2d4851a1d" relativeResultsDirectory="fd9e1af6-af2a-452d-a8b5-9fc16405d194" />
    <UnitTestResult executionId="2c4c5d10-3bc9-48af-a76e-8b1b0eef9afa" testId="9c2dc762-2a57-9696-7f90-04f8ebffaa04" testName="Simulate_CWA_TreatedAsLicensedAfterOneYear_NotWhitelisted" computerName="DKSR-EFI-06" duration="00:00:00.2279551" startTime="2024-01-09T15:44:43.5137070+01:00" endTime="2024-01-09T15:44:43.7324574+01:00" testType="13cdc9d9-ddb5-4fa4-a97d-d965ccfc6d4b" outcome="Passed" testListId="8c84fa94-04c1-424b-9868-57a2d4851a1d" relativeResultsDirectory="2c4c5d10-3bc9-48af-a76e-8b1b0eef9afa" />
    <UnitTestResult executionId="464248b9-8028-4123-8920-d63ea03061fc" testId="d0f0983a-faa8-8216-a397-86e0a0891d1b" testName="CreateInstance_InvalidArgumentIServerManagement_ThrowsArgumentNullException" computerName="DKSR-EFI-06" duration="00:00:00.0021562" startTime="2024-01-09T15:45:03.7949969+01:00" endTime="2024-01-09T15:45:03.7949969+01:00" testType="13cdc9d9-ddb5-4fa4-a97d-d965ccfc6d4b" outcome="Passed" testListId="8c84fa94-04c1-424b-9868-57a2d4851a1d" relativeResultsDirectory="464248b9-8028-4123-8920-d63ea03061fc" />
    <UnitTestResult executionId="e83af521-b7e7-44c4-bcf0-b3fbdfbdc283" testId="668d6eca-ca1f-7173-3a79-4c824c393f53" testName="AnalyzeAndCreateAuditLogs_AddedSecurityPermissionsDeviceRowWithTimeBackward5Minutes_ReturnsTwoAuditLogsWithTimeBackwardMinutes" computerName="DKSR-EFI-06" duration="00:00:00.0052552" startTime="2024-01-09T15:45:35.5762936+01:00" endTime="2024-01-09T15:45:35.5919205+01:00" testType="13cdc9d9-ddb5-4fa4-a97d-d965ccfc6d4b" outcome="Passed" testListId="8c84fa94-04c1-424b-9868-57a2d4851a1d" relativeResultsDirectory="e83af521-b7e7-44c4-bcf0-b3fbdfbdc283" />
    <UnitTestResult executionId="77fc5219-118b-4599-8bc5-59b2b89f12b0" testId="62c1543f-f880-9422-221c-4ee82e491af1" testName="HasLicense_ReturnsFalse_WhenNoLicenseExists" computerName="DKSR-EFI-06" duration="00:00:00.0001755" startTime="2024-01-09T15:45:25.7794150+01:00" endTime="2024-01-09T15:45:25.7794150+01:00" testType="13cdc9d9-ddb5-4fa4-a97d-d965ccfc6d4b" outcome="Passed" testListId="8c84fa94-04c1-424b-9868-57a2d4851a1d" relativeResultsDirectory="77fc5219-118b-4599-8bc5-59b2b89f12b0" />
    <UnitTestResult executionId="fb92fd75-6e01-4454-9059-32d9dc7c41e3" testId="2635f7f5-e17b-eaa8-61cd-c8fcd1b0c5d0" testName="CreateLicenseInformationXml_Has10ExpiredICP_On1ExpiredICPHardwareWith10Cameras" computerName="DKSR-EFI-06" duration="00:00:00.0819061" startTime="2024-01-09T15:45:01.6856172+01:00" endTime="2024-01-09T15:45:01.7637791+01:00" testType="13cdc9d9-ddb5-4fa4-a97d-d965ccfc6d4b" outcome="Passed" testListId="8c84fa94-04c1-424b-9868-57a2d4851a1d" relativeResultsDirectory="fb92fd75-6e01-4454-9059-32d9dc7c41e3">
      <Output>
        <StdOut>Debug Trace:&#xD;
Fail: Attribute value invalid. 'Index'&#xD;
Fail: Attribute value invalid. 'Index'&#xD;
Fail: Attribute value invalid. 'Index'&#xD;
Fail: Attribute value invalid. 'Index'&#xD;
Fail: Attribute value invalid. 'Index'&#xD;
Fail: Attribute value invalid. 'Index'&#xD;
Fail: Attribute value invalid. 'Index'&#xD;
Fail: Attribute value invalid. 'Index'&#xD;
Fail: Attribute value invalid. 'Index'&#xD;
Fail: Attribute value invalid. 'Index'</StdOut>
      </Output>
    </UnitTestResult>
    <UnitTestResult executionId="ddf175fc-2db3-41f6-9b4c-cd8f3c354ea8" testId="a458d2f4-9d49-ccf4-721d-334e9190a07e" testName="CreateLicenseRequest_ThrowsLicenseException_OnInvalidDocument" computerName="DKSR-EFI-06" duration="00:00:00.0498495" startTime="2024-01-09T15:45:13.6700190+01:00" endTime="2024-01-09T15:45:13.7168899+01:00" testType="13cdc9d9-ddb5-4fa4-a97d-d965ccfc6d4b" outcome="Passed" testListId="8c84fa94-04c1-424b-9868-57a2d4851a1d" relativeResultsDirectory="ddf175fc-2db3-41f6-9b4c-cd8f3c354ea8" />
    <UnitTestResult executionId="28ff673c-505e-48b6-a867-f5cea3c832cd" testId="8a4aed2d-73bd-427f-bd78-a6a359ebd203" testName="HardwareInCWAOnWhiteList_ReplacedWithInheritance_HardwareOnWhiteList_NoMoreCWAAllowed_NewHardwareInGrace" computerName="DKSR-EFI-06" duration="00:00:00.3240636" startTime="2024-01-09T15:44:03.1230101+01:00" endTime="2024-01-09T15:44:03.4355098+01:00" testType="13cdc9d9-ddb5-4fa4-a97d-d965ccfc6d4b" outcome="Passed" testListId="8c84fa94-04c1-424b-9868-57a2d4851a1d" relativeResultsDirectory="28ff673c-505e-48b6-a867-f5cea3c832cd" />
    <UnitTestResult executionId="7a597c85-40c4-4f97-b784-385c4c3a3a18" testId="acb3bee3-815d-0e62-c834-e669f2acf8d8" testName="DeviceLicense_GetLicense_NullDeviceInfo_Throws_ArgumentException" computerName="DKSR-EFI-06" duration="00:00:00.0010789" startTime="2024-01-09T15:45:34.0919223+01:00" endTime="2024-01-09T15:45:34.0919223+01:00" testType="13cdc9d9-ddb5-4fa4-a97d-d965ccfc6d4b" outcome="Passed" testListId="8c84fa94-04c1-424b-9868-57a2d4851a1d" relativeResultsDirectory="7a597c85-40c4-4f97-b784-385c4c3a3a18" />
    <UnitTestResult executionId="68cdcac4-99e1-4875-835d-2765181dfa33" testId="00784323-e8f7-063b-bb41-8b963c2c917c" testName="UpdateHardwareTaskCommandHandler_Execute_HeartBeat_RecorderNotSupported_Tests" computerName="DKSR-EFI-06" duration="00:00:00.0087940" startTime="2024-01-09T15:45:59.5173020+01:00" endTime="2024-01-09T15:45:59.5329324+01:00" testType="13cdc9d9-ddb5-4fa4-a97d-d965ccfc6d4b" outcome="Passed" testListId="8c84fa94-04c1-424b-9868-57a2d4851a1d" relativeResultsDirectory="68cdcac4-99e1-4875-835d-2765181dfa33" />
    <UnitTestResult executionId="6f20a123-8e77-4385-836e-cf06d183410b" testId="d1a4749c-a512-c212-dd5c-736028403990" testName="MoveHardwareTaskCommandHandler_Constructor_Arguments_Null_Throws" computerName="DKSR-EFI-06" duration="00:00:00.0079886" startTime="2024-01-09T15:45:38.4981692+01:00" endTime="2024-01-09T15:45:38.5137953+01:00" testType="13cdc9d9-ddb5-4fa4-a97d-d965ccfc6d4b" outcome="Passed" testListId="8c84fa94-04c1-424b-9868-57a2d4851a1d" relativeResultsDirectory="6f20a123-8e77-4385-836e-cf06d183410b">
      <Output>
        <StdOut>Debug Trace:&#xD;
Fail: Argument null</StdOut>
      </Output>
    </UnitTestResult>
    <UnitTestResult executionId="f414df6f-2f5e-4bef-8d39-0495d176fe1f" testId="6085aa4f-8ca0-af22-f1de-7c679d2332fb" testName="HardwareInCWANotOnWhiteList_ReplacedWithNoInheritance_HardwareNotOnWhiteList_MixedCWAAllowed_FewerChannelsOnReplacedHardware_SomeDevicesInCWA" computerName="DKSR-EFI-06" duration="00:00:00.3586217" startTime="2024-01-09T15:44:18.0293011+01:00" endTime="2024-01-09T15:44:18.3886759+01:00" testType="13cdc9d9-ddb5-4fa4-a97d-d965ccfc6d4b" outcome="Passed" testListId="8c84fa94-04c1-424b-9868-57a2d4851a1d" relativeResultsDirectory="f414df6f-2f5e-4bef-8d39-0495d176fe1f" />
    <UnitTestResult executionId="1f4b4293-9159-4e54-aed5-710d4a96f9cd" testId="52c0ab65-e1f5-1853-43a3-02e5f831ed28" testName="DeviceLicense_RetrieveExpireDate_AsUtcDateTime_Valid" computerName="DKSR-EFI-06" duration="00:00:00.0007219" startTime="2024-01-09T15:45:34.1231752+01:00" endTime="2024-01-09T15:45:34.1231752+01:00" testType="13cdc9d9-ddb5-4fa4-a97d-d965ccfc6d4b" outcome="Passed" testListId="8c84fa94-04c1-424b-9868-57a2d4851a1d" relativeResultsDirectory="1f4b4293-9159-4e54-aed5-710d4a96f9cd" />
    <UnitTestResult executionId="b8bea28a-e52d-4bcd-a86b-7721ef2650cb" testId="aac10e62-9d0b-cc86-10c1-c58eccffc8a5" testName="HardwareInCWAOnWhiteList_ReplacedWithNoInheritance_HardwareOnWhiteList_NoMoreCWAAllowed_FewerChannelsOnReplacedHardware_NewHardwareInGrace" computerName="DKSR-EFI-06" duration="00:00:00.3262587" startTime="2024-01-09T15:44:08.3730225+01:00" endTime="2024-01-09T15:44:08.7011489+01:00" testType="13cdc9d9-ddb5-4fa4-a97d-d965ccfc6d4b" outcome="Passed" testListId="8c84fa94-04c1-424b-9868-57a2d4851a1d" relativeResultsDirectory="b8bea28a-e52d-4bcd-a86b-7721ef2650cb" />
    <UnitTestResult executionId="52aa1077-66fe-4603-a10e-08f7da79310f" testId="01ba1afa-e818-b818-2170-9b4ce82cecbf" testName="ChannelLicenseCountManager_CameraFeed_IsCameraFeedLicensed_Success" computerName="DKSR-EFI-06" duration="00:00:00.0029799" startTime="2024-01-09T15:44:59.7168787+01:00" endTime="2024-01-09T15:44:59.7168787+01:00" testType="13cdc9d9-ddb5-4fa4-a97d-d965ccfc6d4b" outcome="Passed" testListId="8c84fa94-04c1-424b-9868-57a2d4851a1d" relativeResultsDirectory="52aa1077-66fe-4603-a10e-08f7da79310f" />
    <UnitTestResult executionId="76366b15-9c6b-45fa-9710-ed3872b48f96" testId="a2dfac76-3130-3e4a-4037-173a8ebe0b66" testName="FilterTrackIds_InvalidRecorder_NotFoundResult" computerName="DKSR-EFI-06" duration="00:00:00.0016240" startTime="2024-01-09T15:42:47.9821665+01:00" endTime="2024-01-09T15:42:47.9821665+01:00" testType="13cdc9d9-ddb5-4fa4-a97d-d965ccfc6d4b" outcome="Passed" testListId="8c84fa94-04c1-424b-9868-57a2d4851a1d" relativeResultsDirectory="76366b15-9c6b-45fa-9710-ed3872b48f96" />
    <UnitTestResult executionId="d78c66b8-53dd-47fb-9cf8-470262573061" testId="5ae8cc7a-f9e8-25e4-b4bf-e53c8fe5f18e" testName="LicenseCountManager_IsHardwareLicensed_Success" computerName="DKSR-EFI-06" duration="00:00:00.0004771" startTime="2024-01-09T15:45:00.2168809+01:00" endTime="2024-01-09T15:45:00.2168809+01:00" testType="13cdc9d9-ddb5-4fa4-a97d-d965ccfc6d4b" outcome="Passed" testListId="8c84fa94-04c1-424b-9868-57a2d4851a1d" relativeResultsDirectory="d78c66b8-53dd-47fb-9cf8-470262573061" />
    <UnitTestResult executionId="8e21a051-ca1a-49d9-a7e0-43463e5eda3a" testId="cfeeb9d0-a71c-e47f-9885-66cc2cae1cd1" testName="GetHardwareNetworkSettingsCommandHandler_Execute_Success" computerName="DKSR-EFI-06" duration="00:00:00.0072229" startTime="2024-01-09T15:45:38.0606700+01:00" endTime="2024-01-09T15:45:38.0762960+01:00" testType="13cdc9d9-ddb5-4fa4-a97d-d965ccfc6d4b" outcome="Passed" testListId="8c84fa94-04c1-424b-9868-57a2d4851a1d" relativeResultsDirectory="8e21a051-ca1a-49d9-a7e0-43463e5eda3a" />
    <UnitTestResult executionId="0f091aad-09b5-40c0-aaba-584160dffd61" testId="203a23ad-a6d5-6336-b116-7dae22149b13" testName="Log_ContextExceptionIsNotSupportedByLegacyRecorderException_DebugLogIsLogged" computerName="DKSR-EFI-06" duration="00:00:00.0019887" startTime="2024-01-09T15:42:48.2321700+01:00" endTime="2024-01-09T15:42:48.2321700+01:00" testType="13cdc9d9-ddb5-4fa4-a97d-d965ccfc6d4b" outcome="Passed" testListId="8c84fa94-04c1-424b-9868-57a2d4851a1d" relativeResultsDirectory="0f091aad-09b5-40c0-aaba-584160dffd61" />
    <UnitTestResult executionId="89a48e55-b3a1-42d5-a739-7a0de120dcd4" testId="3cc3d0b4-a43d-5b9d-15df-45a463e99e69" testName="AllocateLicenses_NotActivated_TwoDevice_TwoCameraChannels_NonCameraDevicesAreLicensed" computerName="DKSR-EFI-06" duration="00:00:00.0542448" startTime="2024-01-09T15:44:30.1543117+01:00" endTime="2024-01-09T15:44:30.2011864+01:00" testType="13cdc9d9-ddb5-4fa4-a97d-d965ccfc6d4b" outcome="Passed" testListId="8c84fa94-04c1-424b-9868-57a2d4851a1d" relativeResultsDirectory="89a48e55-b3a1-42d5-a739-7a0de120dcd4" />
    <UnitTestResult executionId="6148d16e-71b9-4b1c-8aa3-c80d3a32569e" testId="fc99facc-ad9e-cca0-01d9-61361572a65a" testName="AnalyzeAndCreateAuditLogs_DeletedSecurityPermissionsMatrixRow_ReturnsOneAuditLog" computerName="DKSR-EFI-06" duration="00:00:00.0073390" startTime="2024-01-09T15:45:35.7794212+01:00" endTime="2024-01-09T15:45:35.7794212+01:00" testType="13cdc9d9-ddb5-4fa4-a97d-d965ccfc6d4b" outcome="Passed" testListId="8c84fa94-04c1-424b-9868-57a2d4851a1d" relativeResultsDirectory="6148d16e-71b9-4b1c-8aa3-c80d3a32569e" />
    <UnitTestResult executionId="d9559e87-7c07-45d0-981d-a91713ced7e2" testId="52f5ee09-605d-194f-6798-1813db13a786" testName="Validate_HardwareNotOnWhiteList_StaysOutOfGrace_WhenGracePeriodExpires_AndHasCorrectStatusForHardwareAndDevices" computerName="DKSR-EFI-06" duration="00:00:00.0683110" startTime="2024-01-09T15:44:32.7480637+01:00" endTime="2024-01-09T15:44:32.8261878+01:00" testType="13cdc9d9-ddb5-4fa4-a97d-d965ccfc6d4b" outcome="Passed" testListId="8c84fa94-04c1-424b-9868-57a2d4851a1d" relativeResultsDirectory="d9559e87-7c07-45d0-981d-a91713ced7e2" />
    <UnitTestResult executionId="a721600d-5ac9-4db7-ba71-2505075c8836" testId="64c0f610-40c2-8236-7cd7-4fc9ef7634b2" testName="CurrentVersions_ModelValid_RecorderNotFoundException_Handled" computerName="DKSR-EFI-06" duration="00:00:00.0014024" startTime="2024-01-09T15:42:47.3727862+01:00" endTime="2024-01-09T15:42:47.3727862+01:00" testType="13cdc9d9-ddb5-4fa4-a97d-d965ccfc6d4b" outcome="Passed" testListId="8c84fa94-04c1-424b-9868-57a2d4851a1d" relativeResultsDirectory="a721600d-5ac9-4db7-ba71-2505075c8836" />
    <UnitTestResult executionId="7f158c6f-ecd6-4788-8a38-8f25fec75a5e" testId="83a78086-cc92-d3b0-6b12-175b88de875c" testName="UpdateRecorderStatus_ModelIsValid_CommandExecuted" computerName="DKSR-EFI-06" duration="00:00:00.0016164" startTime="2024-01-09T15:42:48.8259237+01:00" endTime="2024-01-09T15:42:48.8259237+01:00" testType="13cdc9d9-ddb5-4fa4-a97d-d965ccfc6d4b" outcome="Passed" testListId="8c84fa94-04c1-424b-9868-57a2d4851a1d" relativeResultsDirectory="7f158c6f-ecd6-4788-8a38-8f25fec75a5e" />
    <UnitTestResult executionId="43ceaaa3-1522-40d2-834d-1f6ba833300f" testId="f30bbbd3-3d73-703e-eea2-925cfa55189d" testName="Validate_FirstGraceExpireShown_WithWhiteListedHardwareOnly_PostAllocation_Success" computerName="DKSR-EFI-06" duration="00:00:00.3815917" startTime="2024-01-09T15:45:02.6543702+01:00" endTime="2024-01-09T15:45:03.0449938+01:00" testType="13cdc9d9-ddb5-4fa4-a97d-d965ccfc6d4b" outcome="Passed" testListId="8c84fa94-04c1-424b-9868-57a2d4851a1d" relativeResultsDirectory="43ceaaa3-1522-40d2-834d-1f6ba833300f" />
    <UnitTestResult executionId="88b0bc1c-4128-4def-969f-51bc756622cc" testId="10bfeb00-de3b-c447-8d05-6723944bf16f" testName="EvidenceLockOnOldRecorderCommandHandlerTests_OldRecV1_ConfigDelete1RowExtra_Ignored" computerName="DKSR-EFI-06" duration="00:00:00.0171999" startTime="2024-01-09T15:45:37.3888013+01:00" endTime="2024-01-09T15:45:37.4044235+01:00" testType="13cdc9d9-ddb5-4fa4-a97d-d965ccfc6d4b" outcome="Passed" testListId="8c84fa94-04c1-424b-9868-57a2d4851a1d" relativeResultsDirectory="88b0bc1c-4128-4def-969f-51bc756622cc" />
    <UnitTestResult executionId="bb02e989-7547-476f-981d-0c2a684c517d" testId="cf65519c-4e99-5233-a49b-a042d9e34110" testName="ChangeHardwarePasswordTaskCommandHandler_Execute_Failed_NotStarted_Response" computerName="DKSR-EFI-06" duration="00:00:00.0011111" startTime="2024-01-09T15:45:34.7481695+01:00" endTime="2024-01-09T15:45:34.7481695+01:00" testType="13cdc9d9-ddb5-4fa4-a97d-d965ccfc6d4b" outcome="Passed" testListId="8c84fa94-04c1-424b-9868-57a2d4851a1d" relativeResultsDirectory="bb02e989-7547-476f-981d-0c2a684c517d" />
    <UnitTestResult executionId="8c69371b-82c3-4413-9f1d-ffb50832aa5b" testId="ab937652-688d-1f36-c7a3-cce53edf28c3" testName="ReleaseClient_NoFreeClient_TimerStarted" computerName="DKSR-EFI-06" duration="00:00:00.0011538" startTime="2024-01-09T15:46:00.6114721+01:00" endTime="2024-01-09T15:46:00.6114721+01:00" testType="13cdc9d9-ddb5-4fa4-a97d-d965ccfc6d4b" outcome="Passed" testListId="8c84fa94-04c1-424b-9868-57a2d4851a1d" relativeResultsDirectory="8c69371b-82c3-4413-9f1d-ffb50832aa5b" />
    <UnitTestResult executionId="5431a289-9e38-4881-8d38-c8ee17a6a77f" testId="7c83b5b0-56f2-13fb-8e69-168095957464" testName="SetHardwareNetworkSettingsCommandHandler_Execute_Success" computerName="DKSR-EFI-06" duration="00:00:00.0038108" startTime="2024-01-09T15:45:43.9202355+01:00" endTime="2024-01-09T15:45:43.9202355+01:00" testType="13cdc9d9-ddb5-4fa4-a97d-d965ccfc6d4b" outcome="Passed" testListId="8c84fa94-04c1-424b-9868-57a2d4851a1d" relativeResultsDirectory="5431a289-9e38-4881-8d38-c8ee17a6a77f" />
  </Results>
  <TestDefinitions>
    <UnitTest name="HardwareInGraceNotOnWhiteList_ReplacedWith_HardwareNotOnWhiteList_ShouldGiveDevicesNewGracePeriod" storage="d:\actions-runner\_work\xpco\xpco\corporate\videoos.server.unittests\bin\x64\debug\net472\videoos.server.unittests.dll" id="16f28a98-6694-f574-09da-c04c7b04a14c">
      <TestCategory>
        <TestCategoryItem TestCategory="Licensing Replace Hardware" />
        <TestCategoryItem TestCategory="Licensing" />
      </TestCategory>
      <Execution id="310f3318-2d75-4168-9e9c-eb1a61c3bedb" />
      <TestMethod codeBase="D:\actions-runner\_work\XPCO\XPCO\Corporate\VideoOS.Server.UnitTests\bin\x64\Debug\net472\VideoOS.Server.UnitTests.dll" adapterTypeName="executor://mstestadapter/v2" className="VideoOS.Server.UnitTests.Licensing.LicenseAllocatorChannelTests" name="HardwareInGraceNotOnWhiteList_ReplacedWith_HardwareNotOnWhiteList_ShouldGiveDevicesNewGracePeriod" />
    </UnitTest>
    <UnitTest name="HardwareActivatedNotOnWhiteList_NoCameraChannels_ReplacedWith_HardwareNotOnWhiteList_WithCameraChannels" storage="d:\actions-runner\_work\xpco\xpco\corporate\videoos.server.unittests\bin\x64\debug\net472\videoos.server.unittests.dll" id="15c67955-7773-e637-5545-1a3e6f51761c">
      <TestCategory>
        <TestCategoryItem TestCategory="Licensing Replace Hardware" />
        <TestCategoryItem TestCategory="Licensing" />
      </TestCategory>
      <Execution id="1c9a4ef3-677d-47ec-a6af-47b668a71c38" />
      <TestMethod codeBase="D:\actions-runner\_work\XPCO\XPCO\Corporate\VideoOS.Server.UnitTests\bin\x64\Debug\net472\VideoOS.Server.UnitTests.dll" adapterTypeName="executor://mstestadapter/v2" className="VideoOS.Server.UnitTests.Licensing.LicenseAllocatorChannelTests" name="HardwareActivatedNotOnWhiteList_NoCameraChannels_ReplacedWith_HardwareNotOnWhiteList_WithCameraChannels" />
    </UnitTest>
    <UnitTest name="ChangeHardwarePasswordRuleAction_Execute_SunnyDay_StartIsCalled" storage="d:\actions-runner\_work\xpco\xpco\corporate\videoos.server.unittests\bin\x64\debug\net472\videoos.server.unittests.dll" id="9a4a04f8-718b-072a-5789-1f008e23ed8d">
      <Execution id="791212a4-e0f5-48a5-8352-ebb881cdfa10" />
      <TestMethod codeBase="D:\actions-runner\_work\XPCO\XPCO\Corporate\VideoOS.Server.UnitTests\bin\x64\Debug\net472\VideoOS.Server.UnitTests.dll" adapterTypeName="executor://mstestadapter/v2" className="VideoOS.Server.UnitTests.RuleActions.ChangeHardwarePasswordRuleActionUnitTests" name="ChangeHardwarePasswordRuleAction_Execute_SunnyDay_StartIsCalled" />
    </UnitTest>
    <UnitTest name="AutomaticActivationFailedEvent_GetsFiredAgain_AfterSucessfulOnlineActivation" storage="d:\actions-runner\_work\xpco\xpco\corporate\videoos.server.unittests\bin\x64\debug\net472\videoos.server.unittests.dll" id="b3659f31-f068-a3b4-0c9b-41e1392b69a6">
      <TestCategory>
        <TestCategoryItem TestCategory="Licensing" />
      </TestCategory>
      <Execution id="1c6182c8-e5e6-48e4-9f8f-b9a63de0c5d4" />
      <TestMethod codeBase="D:\actions-runner\_work\XPCO\XPCO\Corporate\VideoOS.Server.UnitTests\bin\x64\Debug\net472\VideoOS.Server.UnitTests.dll" adapterTypeName="executor://mstestadapter/v2" className="VideoOS.Server.UnitTests.Licensing.ActivationManagerTests" name="AutomaticActivationFailedEvent_GetsFiredAgain_AfterSucessfulOnlineActivation" />
    </UnitTest>
    <UnitTest name="UpdateHardwareTaskCommandHandler_Apply_InvalidHardwareId_Test" storage="d:\actions-runner\_work\xpco\xpco\corporate\videoos.server.unittests\bin\x64\debug\net472\videoos.server.unittests.dll" id="0559940e-6c3b-5a80-dc60-21dd2e159fd8">
      <Execution id="2a0030f2-04e7-401a-84fd-6a5f80152cf0" />
      <TestMethod codeBase="D:\actions-runner\_work\XPCO\XPCO\Corporate\VideoOS.Server.UnitTests\bin\x64\Debug\net472\VideoOS.Server.UnitTests.dll" adapterTypeName="executor://mstestadapter/v2" className="VideoOS.Server.UnitTests.CommandHandler.UpdateHardwareTaskHandlerTests" name="UpdateHardwareTaskCommandHandler_Apply_InvalidHardwareId_Test" />
    </UnitTest>
    <UnitTest name="Validate_AddDeviceToCWA_WithNullMac_ThrowsArgumentNullException" storage="d:\actions-runner\_work\xpco\xpco\corporate\videoos.server.unittests\bin\x64\debug\net472\videoos.server.unittests.dll" id="055ed5c2-5e4f-8716-0112-40bea275f5c2">
      <TestCategory>
        <TestCategoryItem TestCategory="Licensing" />
      </TestCategory>
      <Execution id="7a3dc699-2752-417d-bb53-7007666de405" />
      <TestMethod codeBase="D:\actions-runner\_work\XPCO\XPCO\Corporate\VideoOS.Server.UnitTests\bin\x64\Debug\net472\VideoOS.Server.UnitTests.dll" adapterTypeName="executor://mstestadapter/v2" className="VideoOS.Server.UnitTests.Licensing.LicenseCountManagerUnitTests" name="Validate_AddDeviceToCWA_WithNullMac_ThrowsArgumentNullException" />
    </UnitTest>
    <UnitTest name="MoveHardwareTaskCommandHandler_Execute_WriteConfigurationDataSetChangesToDatabase_SqlException_FailResponse_UpdateConfigurationFailed" storage="d:\actions-runner\_work\xpco\xpco\corporate\videoos.server.unittests\bin\x64\debug\net472\videoos.server.unittests.dll" id="771af3da-b850-a6a4-7b37-ea0d6e1037c1">
      <Execution id="38de79a6-6220-464e-b884-49d39ffd1ee8" />
      <TestMethod codeBase="D:\actions-runner\_work\XPCO\XPCO\Corporate\VideoOS.Server.UnitTests\bin\x64\Debug\net472\VideoOS.Server.UnitTests.dll" adapterTypeName="executor://mstestadapter/v2" className="VideoOS.Server.UnitTests.CommandHandler.MoveHardwareTaskCommandHandlerTests" name="MoveHardwareTaskCommandHandler_Execute_WriteConfigurationDataSetChangesToDatabase_SqlException_FailResponse_UpdateConfigurationFailed" />
    </UnitTest>
    <UnitTest name="MoveHardwareTaskCommandHandler_Execute_MacAddressAlreadyConfigured_FailResponse_HardwareAlreadyConfiguredOnDestinationRecordingServer" storage="d:\actions-runner\_work\xpco\xpco\corporate\videoos.server.unittests\bin\x64\debug\net472\videoos.server.unittests.dll" id="6bc39af6-acd8-4f36-e4e4-d782a1107371">
      <Execution id="085426bd-12d6-497e-93d8-a35360253c4b" />
      <TestMethod codeBase="D:\actions-runner\_work\XPCO\XPCO\Corporate\VideoOS.Server.UnitTests\bin\x64\Debug\net472\VideoOS.Server.UnitTests.dll" adapterTypeName="executor://mstestadapter/v2" className="VideoOS.Server.UnitTests.CommandHandler.MoveHardwareTaskCommandHandlerTests" name="MoveHardwareTaskCommandHandler_Execute_MacAddressAlreadyConfigured_FailResponse_HardwareAlreadyConfiguredOnDestinationRecordingServer" />
    </UnitTest>
    <UnitTest name="GetRecorderLicense_WithIcpDisabledHardware_Success" storage="d:\actions-runner\_work\xpco\xpco\corporate\videoos.server.unittests\bin\x64\debug\net472\videoos.server.unittests.dll" id="593aa971-5620-06a4-7e04-53178c3e9541">
      <TestCategory>
        <TestCategoryItem TestCategory="Licensing" />
      </TestCategory>
      <Execution id="6f00abd5-1d3f-4244-9c87-26822ae19763" />
      <TestMethod codeBase="D:\actions-runner\_work\XPCO\XPCO\Corporate\VideoOS.Server.UnitTests\bin\x64\Debug\net472\VideoOS.Server.UnitTests.dll" adapterTypeName="executor://mstestadapter/v2" className="VideoOS.Server.UnitTests.Licensing.LicenseManagerUnitTests" name="GetRecorderLicense_WithIcpDisabledHardware_Success" />
    </UnitTest>
    <UnitTest name="GetAbsolutePtzPositionResponse_ModelIsValid_CommandExecuted" storage="d:\actions-runner\_work\xpco\xpco\corporate\videoos.server.unittests\bin\x64\debug\net472\videoos.server.unittests.dll" id="431c62db-9a6d-a27c-7f10-f5fa40a81866">
      <Execution id="da5c7ccb-cfe5-4202-a447-cc904fae57fd" />
      <TestMethod codeBase="D:\actions-runner\_work\XPCO\XPCO\Corporate\VideoOS.Server.UnitTests\bin\x64\Debug\net472\VideoOS.Server.UnitTests.dll" adapterTypeName="executor://mstestadapter/v2" className="VideoOS.Server.UnitTests.WebApi.ResponseControllerTest" name="GetAbsolutePtzPositionResponse_ModelIsValid_CommandExecuted" />
    </UnitTest>
    <UnitTest name="Validate_DisabledHardwareNotPartOfLicenseRequest_Success" storage="d:\actions-runner\_work\xpco\xpco\corporate\videoos.server.unittests\bin\x64\debug\net472\videoos.server.unittests.dll" id="34c21c1b-4843-42b3-d975-d5e225bd75ed">
      <TestCategory>
        <TestCategoryItem TestCategory="Licensing" />
      </TestCategory>
      <Execution id="47730936-8e21-4a5b-adb9-a00852ea5de3" />
      <TestMethod codeBase="D:\actions-runner\_work\XPCO\XPCO\Corporate\VideoOS.Server.UnitTests\bin\x64\Debug\net472\VideoOS.Server.UnitTests.dll" adapterTypeName="executor://mstestadapter/v2" className="VideoOS.Server.UnitTests.Licensing.LicenseRequestChannelTests" name="Validate_DisabledHardwareNotPartOfLicenseRequest_Success" />
    </UnitTest>
    <UnitTest name="LicenseCountManager_IsHardwareWithoutEnabledCamerasLicensed_Throws_ArgumentNullException_WhenNullValuePassed" storage="d:\actions-runner\_work\xpco\xpco\corporate\videoos.server.unittests\bin\x64\debug\net472\videoos.server.unittests.dll" id="728f977f-d66c-0fb7-ff2d-78067069daae">
      <TestCategory>
        <TestCategoryItem TestCategory="Licensing" />
      </TestCategory>
      <Execution id="7839d277-5293-4bc8-8eb2-2927e6b82ff6" />
      <TestMethod codeBase="D:\actions-runner\_work\XPCO\XPCO\Corporate\VideoOS.Server.UnitTests\bin\x64\Debug\net472\VideoOS.Server.UnitTests.dll" adapterTypeName="executor://mstestadapter/v2" className="VideoOS.Server.UnitTests.Licensing.LicenseCountManagerUnitTests" name="LicenseCountManager_IsHardwareWithoutEnabledCamerasLicensed_Throws_ArgumentNullException_WhenNullValuePassed" />
    </UnitTest>
    <UnitTest name="EventCollector_Dispose_Success" storage="d:\actions-runner\_work\xpco\xpco\corporate\videoos.server.unittests\bin\x64\debug\net472\videoos.server.unittests.dll" id="ac15fd27-a253-7dca-7539-8cb0e2493685">
      <Execution id="17a870f7-55d2-4bff-a9fa-7f4309cb7acd" />
      <TestMethod codeBase="D:\actions-runner\_work\XPCO\XPCO\Corporate\VideoOS.Server.UnitTests\bin\x64\Debug\net472\VideoOS.Server.UnitTests.dll" adapterTypeName="executor://mstestadapter/v2" className="VideoOS.Server.UnitTests.UpdateConfigurationManagerCommandHandlerTests" name="EventCollector_Dispose_Success" />
    </UnitTest>
    <UnitTest name="AddHardwareUserCommandHandler_Execute_ThrowsIfGivenWrongCommandOrNullParameters" storage="d:\actions-runner\_work\xpco\xpco\corporate\videoos.server.unittests\bin\x64\debug\net472\videoos.server.unittests.dll" id="59289e4d-8682-76ea-4554-4dad5ec11b38">
      <Execution id="afc624c1-de33-4ac3-b07e-51b3c1afe327" />
      <TestMethod codeBase="D:\actions-runner\_work\XPCO\XPCO\Corporate\VideoOS.Server.UnitTests\bin\x64\Debug\net472\VideoOS.Server.UnitTests.dll" adapterTypeName="executor://mstestadapter/v2" className="VideoOS.Server.UnitTests.CommandHandler.AddHardwareUserCommandHandlerServerUnitTests" name="AddHardwareUserCommandHandler_Execute_ThrowsIfGivenWrongCommandOrNullParameters" />
    </UnitTest>
    <UnitTest name="UpdateHardwareTaskCommandHandler_Execute_Timeout_Tests" storage="d:\actions-runner\_work\xpco\xpco\corporate\videoos.server.unittests\bin\x64\debug\net472\videoos.server.unittests.dll" id="0323aafb-b360-5db0-38c2-4fcea4a36eaa">
      <Execution id="070715ef-9072-4909-8d7f-a3e4a941a48e" />
      <TestMethod codeBase="D:\actions-runner\_work\XPCO\XPCO\Corporate\VideoOS.Server.UnitTests\bin\x64\Debug\net472\VideoOS.Server.UnitTests.dll" adapterTypeName="executor://mstestadapter/v2" className="VideoOS.Server.UnitTests.CommandHandler.UpdateHardwareTaskHandlerTests" name="UpdateHardwareTaskCommandHandler_Execute_Timeout_Tests" />
    </UnitTest>
    <UnitTest name="RecorderTaskSuccess_RecorderNotFoundException_Handled" storage="d:\actions-runner\_work\xpco\xpco\corporate\videoos.server.unittests\bin\x64\debug\net472\videoos.server.unittests.dll" id="301c0570-9568-31b5-139e-04af498bd6d4">
      <Execution id="3afac634-10b3-424f-b53b-20af62956171" />
      <TestMethod codeBase="D:\actions-runner\_work\XPCO\XPCO\Corporate\VideoOS.Server.UnitTests\bin\x64\Debug\net472\VideoOS.Server.UnitTests.dll" adapterTypeName="executor://mstestadapter/v2" className="VideoOS.Server.UnitTests.TaskControllerTests" name="RecorderTaskSuccess_RecorderNotFoundException_Handled" />
    </UnitTest>
    <UnitTest name="UploadFileChunkCommandHandler_Execute_SuccessOnFileAlreadyPresent" storage="d:\actions-runner\_work\xpco\xpco\corporate\videoos.server.unittests\bin\x64\debug\net472\videoos.server.unittests.dll" id="d17694ba-e5c0-8494-e5ba-8ef8d9477485">
      <Execution id="1e339897-d4c7-4601-b591-c62aefbdc386" />
      <TestMethod codeBase="D:\actions-runner\_work\XPCO\XPCO\Corporate\VideoOS.Server.UnitTests\bin\x64\Debug\net472\VideoOS.Server.UnitTests.dll" adapterTypeName="executor://mstestadapter/v2" className="VideoOS.Server.UnitTests.CommandHandler.UploadFileChunkCommandHandlerUnitTests" name="UploadFileChunkCommandHandler_Execute_SuccessOnFileAlreadyPresent" />
    </UnitTest>
    <UnitTest name="HardwareInCWANotOnWhiteList_ZeroChannels_ReplacedWith_HardwareNotOnWhiteList_WithChannels_MixedCWAAllowed_SomeDevicesInCWA" storage="d:\actions-runner\_work\xpco\xpco\corporate\videoos.server.unittests\bin\x64\debug\net472\videoos.server.unittests.dll" id="066882ae-b976-dd7f-f7ee-4b8881cd5040">
      <TestCategory>
        <TestCategoryItem TestCategory="Licensing Replace Hardware" />
        <TestCategoryItem TestCategory="Licensing" />
      </TestCategory>
      <Execution id="eaa3e511-98a6-473c-8eb3-789aef0eb625" />
      <TestMethod codeBase="D:\actions-runner\_work\XPCO\XPCO\Corporate\VideoOS.Server.UnitTests\bin\x64\Debug\net472\VideoOS.Server.UnitTests.dll" adapterTypeName="executor://mstestadapter/v2" className="VideoOS.Server.UnitTests.Licensing.LicenseAllocatorChannelTests" name="HardwareInCWANotOnWhiteList_ZeroChannels_ReplacedWith_HardwareNotOnWhiteList_WithChannels_MixedCWAAllowed_SomeDevicesInCWA" />
    </UnitTest>
    <UnitTest name="HardwareInCWAOnWhiteList_ReplacedWithNoInheritance_HardwareNotOnWhiteList_CWAAllowed_MoreChannelsOnReplacedHardware_AllDevicesInCWA" storage="d:\actions-runner\_work\xpco\xpco\corporate\videoos.server.unittests\bin\x64\debug\net472\videoos.server.unittests.dll" id="4809fe71-0e18-5383-8977-1d7aa83ba49b">
      <TestCategory>
        <TestCategoryItem TestCategory="Licensing Replace Hardware" />
        <TestCategoryItem TestCategory="Licensing" />
      </TestCategory>
      <Execution id="bbf38cb2-3477-4277-9630-333d0d192d52" />
      <TestMethod codeBase="D:\actions-runner\_work\XPCO\XPCO\Corporate\VideoOS.Server.UnitTests\bin\x64\Debug\net472\VideoOS.Server.UnitTests.dll" adapterTypeName="executor://mstestadapter/v2" className="VideoOS.Server.UnitTests.Licensing.LicenseAllocatorChannelTests" name="HardwareInCWAOnWhiteList_ReplacedWithNoInheritance_HardwareNotOnWhiteList_CWAAllowed_MoreChannelsOnReplacedHardware_AllDevicesInCWA" />
    </UnitTest>
    <UnitTest name="HardwareScanTaskCommandHandler_Execute_UnknownError_FailResponse" storage="d:\actions-runner\_work\xpco\xpco\corporate\videoos.server.unittests\bin\x64\debug\net472\videoos.server.unittests.dll" id="fd13c37a-6d0d-e621-2701-74af31366894">
      <Execution id="8a194374-9601-4835-9103-97f3b39d0fdb" />
      <TestMethod codeBase="D:\actions-runner\_work\XPCO\XPCO\Corporate\VideoOS.Server.UnitTests\bin\x64\Debug\net472\VideoOS.Server.UnitTests.dll" adapterTypeName="executor://mstestadapter/v2" className="VideoOS.Server.UnitTests.CommandHandler.HardwareScanTaskCommandHandlerTest" name="HardwareScanTaskCommandHandler_Execute_UnknownError_FailResponse" />
    </UnitTest>
    <UnitTest name="CheckMsFailoverStatusCommandHandler_Execute_Arguments_Null_Throws" storage="d:\actions-runner\_work\xpco\xpco\corporate\videoos.server.unittests\bin\x64\debug\net472\videoos.server.unittests.dll" id="b765d0cf-1fe6-73b4-d57a-f5ad7d890fbe">
      <Execution id="f6b9563a-166e-4014-b440-79527942277c" />
      <TestMethod codeBase="D:\actions-runner\_work\XPCO\XPCO\Corporate\VideoOS.Server.UnitTests\bin\x64\Debug\net472\VideoOS.Server.UnitTests.dll" adapterTypeName="executor://mstestadapter/v2" className="VideoOS.Server.UnitTests.CommandHandler.CheckMsFailoverStatusCommandHandlerUnitTest" name="CheckMsFailoverStatusCommandHandler_Execute_Arguments_Null_Throws" />
    </UnitTest>
    <UnitTest name="GetRecorderLicense_DoesNotTriggerEvent_OnUsedChangesWithoutActivationLessThanTotal" storage="d:\actions-runner\_work\xpco\xpco\corporate\videoos.server.unittests\bin\x64\debug\net472\videoos.server.unittests.dll" id="21bc7353-47b6-8656-a936-377d58141883">
      <TestCategory>
        <TestCategoryItem TestCategory="Licensing" />
      </TestCategory>
      <Execution id="2775e578-825b-48dc-950a-055c9f21b369" />
      <TestMethod codeBase="D:\actions-runner\_work\XPCO\XPCO\Corporate\VideoOS.Server.UnitTests\bin\x64\Debug\net472\VideoOS.Server.UnitTests.dll" adapterTypeName="executor://mstestadapter/v2" className="VideoOS.Server.UnitTests.Licensing.LicenseManagerUnitTests" name="GetRecorderLicense_DoesNotTriggerEvent_OnUsedChangesWithoutActivationLessThanTotal" />
    </UnitTest>
    <UnitTest name="LicenseCountManager_ReplacementHardware_CountCorrect" storage="d:\actions-runner\_work\xpco\xpco\corporate\videoos.server.unittests\bin\x64\debug\net472\videoos.server.unittests.dll" id="bb3cee59-0e2f-46ea-0724-587b7e96a89c">
      <Execution id="70d227bc-6e3c-434d-818d-043b8e487903" />
      <TestMethod codeBase="D:\actions-runner\_work\XPCO\XPCO\Corporate\VideoOS.Server.UnitTests\bin\x64\Debug\net472\VideoOS.Server.UnitTests.dll" adapterTypeName="executor://mstestadapter/v2" className="VideoOS.Server.UnitTests.Licensing.LicenseCountManagerUnitTests" name="LicenseCountManager_ReplacementHardware_CountCorrect" />
    </UnitTest>
    <UnitTest name="GetRecorderTasks_ModelIsValid_Executed" storage="d:\actions-runner\_work\xpco\xpco\corporate\videoos.server.unittests\bin\x64\debug\net472\videoos.server.unittests.dll" id="ca942ca3-b5c9-9985-bebf-57fc1c01b141">
      <Execution id="76d194b0-b6f5-4a97-9a45-54d663d36ef8" />
      <TestMethod codeBase="D:\actions-runner\_work\XPCO\XPCO\Corporate\VideoOS.Server.UnitTests\bin\x64\Debug\net472\VideoOS.Server.UnitTests.dll" adapterTypeName="executor://mstestadapter/v2" className="VideoOS.Server.UnitTests.TaskControllerTests" name="GetRecorderTasks_ModelIsValid_Executed" />
    </UnitTest>
    <UnitTest name="DeleteIdpUserTaskCommandHandlerTests_Constructor_Arguments_Null_Throws" storage="d:\actions-runner\_work\xpco\xpco\corporate\videoos.server.unittests\bin\x64\debug\net472\videoos.server.unittests.dll" id="33394072-2e37-ffe9-9ac0-6514083c90b1">
      <Execution id="8c382433-52d8-46bd-b17d-9ef47fd5773b" />
      <TestMethod codeBase="D:\actions-runner\_work\XPCO\XPCO\Corporate\VideoOS.Server.UnitTests\bin\x64\Debug\net472\VideoOS.Server.UnitTests.dll" adapterTypeName="executor://mstestadapter/v2" className="VideoOS.Server.UnitTests.CommandHandler.DeleteIdpUserTaskCommandHandlerTests" name="DeleteIdpUserTaskCommandHandlerTests_Constructor_Arguments_Null_Throws" />
    </UnitTest>
    <UnitTest name="ChannelLicenseCountManager_ReplacementHardware_ClearByRecorder_DoesNotChangeReplacementLimit" storage="d:\actions-runner\_work\xpco\xpco\corporate\videoos.server.unittests\bin\x64\debug\net472\videoos.server.unittests.dll" id="eb99bd4e-9cc8-e21f-b14f-dc174e20aaf6">
      <TestCategory>
        <TestCategoryItem TestCategory="Licensing" />
      </TestCategory>
      <Execution id="d7cfc84f-9b2f-461b-a022-b5492a67596c" />
      <TestMethod codeBase="D:\actions-runner\_work\XPCO\XPCO\Corporate\VideoOS.Server.UnitTests\bin\x64\Debug\net472\VideoOS.Server.UnitTests.dll" adapterTypeName="executor://mstestadapter/v2" className="VideoOS.Server.UnitTests.Licensing.LicenseCountManagerUnitTests" name="ChannelLicenseCountManager_ReplacementHardware_ClearByRecorder_DoesNotChangeReplacementLimit" />
    </UnitTest>
    <UnitTest name="Validate_IsDeviceInChangesWithoutActivation_Found" storage="d:\actions-runner\_work\xpco\xpco\corporate\videoos.server.unittests\bin\x64\debug\net472\videoos.server.unittests.dll" id="b1ef1835-e836-1dd5-22ee-fc77faa1055a">
      <TestCategory>
        <TestCategoryItem TestCategory="Licensing" />
      </TestCategory>
      <Execution id="e9a2f544-0189-411c-ae76-4d8b15e99084" />
      <TestMethod codeBase="D:\actions-runner\_work\XPCO\XPCO\Corporate\VideoOS.Server.UnitTests\bin\x64\Debug\net472\VideoOS.Server.UnitTests.dll" adapterTypeName="executor://mstestadapter/v2" className="VideoOS.Server.UnitTests.Licensing.LicenseCountManagerUnitTests" name="Validate_IsDeviceInChangesWithoutActivation_Found" />
    </UnitTest>
    <UnitTest name="CheckConfigurationDataSet_AAC_Device_WithAACSetting_NotLicensed_Throws_ServerServiceException" storage="d:\actions-runner\_work\xpco\xpco\corporate\videoos.server.unittests\bin\x64\debug\net472\videoos.server.unittests.dll" id="38a7d535-346f-78cb-eabe-acccdfeeda1d">
      <Execution id="7536492e-4f9e-41b3-b105-583fee5b28ac" />
      <TestMethod codeBase="D:\actions-runner\_work\XPCO\XPCO\Corporate\VideoOS.Server.UnitTests\bin\x64\Debug\net472\VideoOS.Server.UnitTests.dll" adapterTypeName="executor://mstestadapter/v2" className="VideoOS.Server.UnitTests.Licensing.LicenseFeatureCheckerTest" name="CheckConfigurationDataSet_AAC_Device_WithAACSetting_NotLicensed_Throws_ServerServiceException" />
    </UnitTest>
    <UnitTest name="AttachedRecorder_UnRegisterByServiceId_Success" storage="d:\actions-runner\_work\xpco\xpco\corporate\videoos.server.unittests\bin\x64\debug\net472\videoos.server.unittests.dll" id="19e0065c-08a7-5ba5-ca84-780ca3448b65">
      <Execution id="0053d68c-2c12-4385-9678-2638461279d4" />
      <TestMethod codeBase="D:\actions-runner\_work\XPCO\XPCO\Corporate\VideoOS.Server.UnitTests\bin\x64\Debug\net472\VideoOS.Server.UnitTests.dll" adapterTypeName="executor://mstestadapter/v2" className="VideoOS.Server.UnitTests.AttachedRecorderTests" name="AttachedRecorder_UnRegisterByServiceId_Success" />
    </UnitTest>
    <UnitTest name="CreateLicenseRequest_NoMIPPluginsLicenseRequests" storage="d:\actions-runner\_work\xpco\xpco\corporate\videoos.server.unittests\bin\x64\debug\net472\videoos.server.unittests.dll" id="5b005db0-dbda-6e84-dc97-4d7a85295d97">
      <TestCategory>
        <TestCategoryItem TestCategory="Licensing" />
      </TestCategory>
      <Execution id="8b52f6b0-8127-4eb9-923c-db3983ee610f" />
      <TestMethod codeBase="D:\actions-runner\_work\XPCO\XPCO\Corporate\VideoOS.Server.UnitTests\bin\x64\Debug\net472\VideoOS.Server.UnitTests.dll" adapterTypeName="executor://mstestadapter/v2" className="VideoOS.Server.UnitTests.Licensing.LicenseManagerUnitTests" name="CreateLicenseRequest_NoMIPPluginsLicenseRequests" />
    </UnitTest>
    <UnitTest name="CreateLicenseInformationXml_HasEmptyCalculationResultListInReportInformationSection_OnHardwareLicensing" storage="d:\actions-runner\_work\xpco\xpco\corporate\videoos.server.unittests\bin\x64\debug\net472\videoos.server.unittests.dll" id="27eead9d-95e5-867e-bdf7-c830e0d88b40">
      <TestCategory>
        <TestCategoryItem TestCategory="Licensing" />
      </TestCategory>
      <Execution id="5cfad6cb-41f3-44ad-bd90-ecadfc4246d5" />
      <TestMethod codeBase="D:\actions-runner\_work\XPCO\XPCO\Corporate\VideoOS.Server.UnitTests\bin\x64\Debug\net472\VideoOS.Server.UnitTests.dll" adapterTypeName="executor://mstestadapter/v2" className="VideoOS.Server.UnitTests.Licensing.LicenseInfoXmlWriterTests" name="CreateLicenseInformationXml_HasEmptyCalculationResultListInReportInformationSection_OnHardwareLicensing" />
    </UnitTest>
    <UnitTest name="HardwareScanTaskCommandHandler_Execute_DiscoveryComponent_FailResponse" storage="d:\actions-runner\_work\xpco\xpco\corporate\videoos.server.unittests\bin\x64\debug\net472\videoos.server.unittests.dll" id="50465595-5bd1-d998-d3e5-5eb43c8407cb">
      <Execution id="801fb8ec-b1b5-42c4-9535-ff918ae542db" />
      <TestMethod codeBase="D:\actions-runner\_work\XPCO\XPCO\Corporate\VideoOS.Server.UnitTests\bin\x64\Debug\net472\VideoOS.Server.UnitTests.dll" adapterTypeName="executor://mstestadapter/v2" className="VideoOS.Server.UnitTests.CommandHandler.HardwareScanTaskCommandHandlerTest" name="HardwareScanTaskCommandHandler_Execute_DiscoveryComponent_FailResponse" />
    </UnitTest>
    <UnitTest name="EvidenceLockUpdateScheduler_Start_Stop__Dispose_Success" storage="d:\actions-runner\_work\xpco\xpco\corporate\videoos.server.unittests\bin\x64\debug\net472\videoos.server.unittests.dll" id="fca1f8fe-7df4-4fdb-ec09-dc9d5e651af4">
      <Execution id="d202aee0-c94f-41f1-82c1-470b4efdd1fa" />
      <TestMethod codeBase="D:\actions-runner\_work\XPCO\XPCO\Corporate\VideoOS.Server.UnitTests\bin\x64\Debug\net472\VideoOS.Server.UnitTests.dll" adapterTypeName="executor://mstestadapter/v2" className="VideoOS.Server.UnitTests.EvidenceLockUpdateSchedulerUnitTests" name="EvidenceLockUpdateScheduler_Start_Stop__Dispose_Success" />
    </UnitTest>
    <UnitTest name="GetRecorderLicense_NoICP_OneHardware_Success" storage="d:\actions-runner\_work\xpco\xpco\corporate\videoos.server.unittests\bin\x64\debug\net472\videoos.server.unittests.dll" id="c78dca9a-63e5-01e6-bb96-2b386d6c1931">
      <TestCategory>
        <TestCategoryItem TestCategory="Licensing" />
      </TestCategory>
      <Execution id="8c6e18b8-c96f-407d-ae88-462604cd1389" />
      <TestMethod codeBase="D:\actions-runner\_work\XPCO\XPCO\Corporate\VideoOS.Server.UnitTests\bin\x64\Debug\net472\VideoOS.Server.UnitTests.dll" adapterTypeName="executor://mstestadapter/v2" className="VideoOS.Server.UnitTests.Licensing.LicenseManagerUnitTests" name="GetRecorderLicense_NoICP_OneHardware_Success" />
    </UnitTest>
    <UnitTest name="GetRecorderLicense_DevicesGetNewGrace_OnReplacingHardwareAndCBL" storage="d:\actions-runner\_work\xpco\xpco\corporate\videoos.server.unittests\bin\x64\debug\net472\videoos.server.unittests.dll" id="7199b2e8-d37d-e7bc-0513-bee38372c236">
      <TestCategory>
        <TestCategoryItem TestCategory="Licensing" />
        <TestCategoryItem TestCategory="CBL" />
      </TestCategory>
      <Execution id="26dac222-17d9-4f90-90d6-ec7774c1c8f2" />
      <TestMethod codeBase="D:\actions-runner\_work\XPCO\XPCO\Corporate\VideoOS.Server.UnitTests\bin\x64\Debug\net472\VideoOS.Server.UnitTests.dll" adapterTypeName="executor://mstestadapter/v2" className="VideoOS.Server.UnitTests.Licensing.LicenseManagerUnitTests" name="GetRecorderLicense_DevicesGetNewGrace_OnReplacingHardwareAndCBL" />
    </UnitTest>
    <UnitTest name="LicenseCountManager_CameraFeed_IsCameraFeedLicensed_Success" storage="d:\actions-runner\_work\xpco\xpco\corporate\videoos.server.unittests\bin\x64\debug\net472\videoos.server.unittests.dll" id="fd9025a8-52cf-f193-614f-39981499d049">
      <Execution id="3816ef33-6b64-4bda-883b-93d27361f66a" />
      <TestMethod codeBase="D:\actions-runner\_work\XPCO\XPCO\Corporate\VideoOS.Server.UnitTests\bin\x64\Debug\net472\VideoOS.Server.UnitTests.dll" adapterTypeName="executor://mstestadapter/v2" className="VideoOS.Server.UnitTests.Licensing.LicenseCountManagerUnitTests" name="LicenseCountManager_CameraFeed_IsCameraFeedLicensed_Success" />
    </UnitTest>
    <UnitTest name="ReplaceHardwareTaskCommandHandler_DeviceMapper_NoOldDevices_Test" storage="d:\actions-runner\_work\xpco\xpco\corporate\videoos.server.unittests\bin\x64\debug\net472\videoos.server.unittests.dll" id="ca21c352-2de4-61fe-d80f-2087fb492d99">
      <Execution id="168e4178-6e92-4094-8e17-f7f3feaf8d67" />
      <TestMethod codeBase="D:\actions-runner\_work\XPCO\XPCO\Corporate\VideoOS.Server.UnitTests\bin\x64\Debug\net472\VideoOS.Server.UnitTests.dll" adapterTypeName="executor://mstestadapter/v2" className="VideoOS.Server.UnitTests.CommandHandler.ReplaceHardwareTaskCommandHandlerUnitTests" name="ReplaceHardwareTaskCommandHandler_DeviceMapper_NoOldDevices_Test" />
    </UnitTest>
    <UnitTest name="DeviceDataDistributionManager_CleanupAll_QueryDeviceDataDistributionThrowsSqlException_Handled" storage="d:\actions-runner\_work\xpco\xpco\corporate\videoos.server.unittests\bin\x64\debug\net472\videoos.server.unittests.dll" id="1783a21f-8911-67d2-551f-bb139a696d28">
      <Execution id="8e6ef0af-404d-457c-9847-d1816e199968" />
      <TestMethod codeBase="D:\actions-runner\_work\XPCO\XPCO\Corporate\VideoOS.Server.UnitTests\bin\x64\Debug\net472\VideoOS.Server.UnitTests.dll" adapterTypeName="executor://mstestadapter/v2" className="VideoOS.Server.UnitTests.DeviceDataDistributionManagerUnitTests" name="DeviceDataDistributionManager_CleanupAll_QueryDeviceDataDistributionThrowsSqlException_Handled" />
    </UnitTest>
    <UnitTest name="UpdateEvidenceLockSizesCommandHandlerTests_UpdateOneEvidenceLocksSize_EvidenceLockNotFound_SuccessResponse" storage="d:\actions-runner\_work\xpco\xpco\corporate\videoos.server.unittests\bin\x64\debug\net472\videoos.server.unittests.dll" id="444d1cf6-1f18-a3fd-07af-a979190122f2">
      <Execution id="315b1450-fadb-4293-800c-74d69fbe2f98" />
      <TestMethod codeBase="D:\actions-runner\_work\XPCO\XPCO\Corporate\VideoOS.Server.UnitTests\bin\x64\Debug\net472\VideoOS.Server.UnitTests.dll" adapterTypeName="executor://mstestadapter/v2" className="VideoOS.Server.UnitTests.CommandHandler.UpdateEvidenceLockSizesCommandHandlerTests" name="UpdateEvidenceLockSizesCommandHandlerTests_UpdateOneEvidenceLocksSize_EvidenceLockNotFound_SuccessResponse" />
    </UnitTest>
    <UnitTest name="SetRecorderInformation_ModelIsValid_CommandExecuted" storage="d:\actions-runner\_work\xpco\xpco\corporate\videoos.server.unittests\bin\x64\debug\net472\videoos.server.unittests.dll" id="8990191b-24ce-f4c6-9621-98b8def434fa">
      <Execution id="ddfdd1cb-60af-4126-99d2-449ba9768e7f" />
      <TestMethod codeBase="D:\actions-runner\_work\XPCO\XPCO\Corporate\VideoOS.Server.UnitTests\bin\x64\Debug\net472\VideoOS.Server.UnitTests.dll" adapterTypeName="executor://mstestadapter/v2" className="VideoOS.Server.UnitTests.WebApi.Controllers.RecorderRegistrationControllerTests" name="SetRecorderInformation_ModelIsValid_CommandExecuted" />
    </UnitTest>
    <UnitTest name="UpdateLicense_AllocatesOneLicense_OnSameHwOnTwoRecordingServers_WithFirstActivatedAndSecondEmpty" storage="d:\actions-runner\_work\xpco\xpco\corporate\videoos.server.unittests\bin\x64\debug\net472\videoos.server.unittests.dll" id="9497f287-fca6-cbcb-6286-4ae81982a46d">
      <TestCategory>
        <TestCategoryItem TestCategory="Licensing" />
      </TestCategory>
      <Execution id="f8f4bd91-275d-41cc-adf0-0b146123f599" />
      <TestMethod codeBase="D:\actions-runner\_work\XPCO\XPCO\Corporate\VideoOS.Server.UnitTests\bin\x64\Debug\net472\VideoOS.Server.UnitTests.dll" adapterTypeName="executor://mstestadapter/v2" className="VideoOS.Server.UnitTests.Licensing.LicenseManagerUnitTests" name="UpdateLicense_AllocatesOneLicense_OnSameHwOnTwoRecordingServers_WithFirstActivatedAndSecondEmpty" />
    </UnitTest>
    <UnitTest name="HardwareInGraceNotOnWhiteList_ReplacedWithNoInheritance_HardwareOnWhiteList_ShouldGiveHardwareNewGracePeriod" storage="d:\actions-runner\_work\xpco\xpco\corporate\videoos.server.unittests\bin\x64\debug\net472\videoos.server.unittests.dll" id="8e5a95f7-d7d9-75e4-65bd-b586948a07a8">
      <TestCategory>
        <TestCategoryItem TestCategory="Licensing Replace Hardware" />
        <TestCategoryItem TestCategory="Licensing" />
      </TestCategory>
      <Execution id="7dbd4b8b-2c69-41ed-8a32-e28f57392cf2" />
      <TestMethod codeBase="D:\actions-runner\_work\XPCO\XPCO\Corporate\VideoOS.Server.UnitTests\bin\x64\Debug\net472\VideoOS.Server.UnitTests.dll" adapterTypeName="executor://mstestadapter/v2" className="VideoOS.Server.UnitTests.Licensing.LicenseAllocatorChannelTests" name="HardwareInGraceNotOnWhiteList_ReplacedWithNoInheritance_HardwareOnWhiteList_ShouldGiveHardwareNewGracePeriod" />
    </UnitTest>
    <UnitTest name="SuccessResponse_ModelIsNull_BadRequestResult" storage="d:\actions-runner\_work\xpco\xpco\corporate\videoos.server.unittests\bin\x64\debug\net472\videoos.server.unittests.dll" id="de9a4295-a58a-11d2-bd90-4d4252c4beb3">
      <Execution id="7b33b638-da8c-4a79-8c9b-8b5e0a02449b" />
      <TestMethod codeBase="D:\actions-runner\_work\XPCO\XPCO\Corporate\VideoOS.Server.UnitTests\bin\x64\Debug\net472\VideoOS.Server.UnitTests.dll" adapterTypeName="executor://mstestadapter/v2" className="VideoOS.Server.UnitTests.WebApi.ResponseControllerTest" name="SuccessResponse_ModelIsNull_BadRequestResult" />
    </UnitTest>
    <UnitTest name="HardwareScanExpressTaskCommandHandler_Execute_DriverNotFound_FailResponse" storage="d:\actions-runner\_work\xpco\xpco\corporate\videoos.server.unittests\bin\x64\debug\net472\videoos.server.unittests.dll" id="5587b530-a160-aaf8-5514-63c972d7eb37">
      <Execution id="1c4e85da-2236-42c4-8aa5-913cb55ccc2e" />
      <TestMethod codeBase="D:\actions-runner\_work\XPCO\XPCO\Corporate\VideoOS.Server.UnitTests\bin\x64\Debug\net472\VideoOS.Server.UnitTests.dll" adapterTypeName="executor://mstestadapter/v2" className="VideoOS.Server.UnitTests.CommandHandler.HardwareScanExpressTaskCommandHandlerTest" name="HardwareScanExpressTaskCommandHandler_Execute_DriverNotFound_FailResponse" />
    </UnitTest>
    <UnitTest name="FailResponse_ModelIsValid_CommandExecuted" storage="d:\actions-runner\_work\xpco\xpco\corporate\videoos.server.unittests\bin\x64\debug\net472\videoos.server.unittests.dll" id="f98d7fd7-35b5-697e-34c0-0ff1a3a3889c">
      <Execution id="1550b63e-ad1f-41ba-928e-dcdf25c97e35" />
      <TestMethod codeBase="D:\actions-runner\_work\XPCO\XPCO\Corporate\VideoOS.Server.UnitTests\bin\x64\Debug\net472\VideoOS.Server.UnitTests.dll" adapterTypeName="executor://mstestadapter/v2" className="VideoOS.Server.UnitTests.WebApi.ResponseControllerTest" name="FailResponse_ModelIsValid_CommandExecuted" />
    </UnitTest>
    <UnitTest name="SnapshotOfCurrentHardwareToLicense_ClearsStoredValues_OnBeingCalledTwice" storage="d:\actions-runner\_work\xpco\xpco\corporate\videoos.server.unittests\bin\x64\debug\net472\videoos.server.unittests.dll" id="72c070c1-f7a1-048d-ac24-be0b04f5eb09">
      <TestCategory>
        <TestCategoryItem TestCategory="Licensing" />
      </TestCategory>
      <Execution id="15aa057c-f7ee-4e9f-9733-ebcf64810b88" />
      <TestMethod codeBase="D:\actions-runner\_work\XPCO\XPCO\Corporate\VideoOS.Server.UnitTests\bin\x64\Debug\net472\VideoOS.Server.UnitTests.dll" adapterTypeName="executor://mstestadapter/v2" className="VideoOS.Server.UnitTests.Licensing.LicenseRequestChannelTests" name="SnapshotOfCurrentHardwareToLicense_ClearsStoredValues_OnBeingCalledTwice" />
    </UnitTest>
    <UnitTest name="LoadTemporaryHardwareChangesWithoutActivationIdentifiers_HardwareAndDevicesInCWA_ReturnsCWAIdentifiers" storage="d:\actions-runner\_work\xpco\xpco\corporate\videoos.server.unittests\bin\x64\debug\net472\videoos.server.unittests.dll" id="6e52751a-538c-2d39-5d97-bf8a9ed56a9c">
      <Execution id="535fad79-eef3-4efd-9f25-bc94e0a9efbd" />
      <TestMethod codeBase="D:\actions-runner\_work\XPCO\XPCO\Corporate\VideoOS.Server.UnitTests\bin\x64\Debug\net472\VideoOS.Server.UnitTests.dll" adapterTypeName="executor://mstestadapter/v2" className="VideoOS.Server.UnitTests.Licensing.TemporaryLicenseStorageUnitTests" name="LoadTemporaryHardwareChangesWithoutActivationIdentifiers_HardwareAndDevicesInCWA_ReturnsCWAIdentifiers" />
    </UnitTest>
    <UnitTest name="GetRecorderLicense_DoesNotTriggerEvent_OnTotalChangesAllowedGoingUpAndNoDevicesInGrace" storage="d:\actions-runner\_work\xpco\xpco\corporate\videoos.server.unittests\bin\x64\debug\net472\videoos.server.unittests.dll" id="fd987f8b-a06e-d797-ac3f-7a71eb01d499">
      <TestCategory>
        <TestCategoryItem TestCategory="Licensing" />
      </TestCategory>
      <Execution id="dda6ff55-56f9-4f66-9dae-59a715bb2de9" />
      <TestMethod codeBase="D:\actions-runner\_work\XPCO\XPCO\Corporate\VideoOS.Server.UnitTests\bin\x64\Debug\net472\VideoOS.Server.UnitTests.dll" adapterTypeName="executor://mstestadapter/v2" className="VideoOS.Server.UnitTests.Licensing.LicenseManagerUnitTests" name="GetRecorderLicense_DoesNotTriggerEvent_OnTotalChangesAllowedGoingUpAndNoDevicesInGrace" />
    </UnitTest>
    <UnitTest name="Validate_ClearChangesWithoutActivation_RemovesSomeHardwareAndDevices" storage="d:\actions-runner\_work\xpco\xpco\corporate\videoos.server.unittests\bin\x64\debug\net472\videoos.server.unittests.dll" id="1a160085-e2e0-6b05-b0a8-e0baf69c094c">
      <TestCategory>
        <TestCategoryItem TestCategory="Licensing" />
      </TestCategory>
      <Execution id="b42a1bf3-ae2a-4988-aa34-af63defb3c31" />
      <TestMethod codeBase="D:\actions-runner\_work\XPCO\XPCO\Corporate\VideoOS.Server.UnitTests\bin\x64\Debug\net472\VideoOS.Server.UnitTests.dll" adapterTypeName="executor://mstestadapter/v2" className="VideoOS.Server.UnitTests.Licensing.LicenseCountManagerUnitTests" name="Validate_ClearChangesWithoutActivation_RemovesSomeHardwareAndDevices" />
    </UnitTest>
    <UnitTest name="ReplaceHardwareTaskCommandHandler_DeviceMapper_Fail_NotMatchingHwids_Test" storage="d:\actions-runner\_work\xpco\xpco\corporate\videoos.server.unittests\bin\x64\debug\net472\videoos.server.unittests.dll" id="02a5d1b5-54c4-7b9e-575f-d33c2ef2a7b5">
      <Execution id="90349010-3ddd-414c-856b-67757929952e" />
      <TestMethod codeBase="D:\actions-runner\_work\XPCO\XPCO\Corporate\VideoOS.Server.UnitTests\bin\x64\Debug\net472\VideoOS.Server.UnitTests.dll" adapterTypeName="executor://mstestadapter/v2" className="VideoOS.Server.UnitTests.CommandHandler.ReplaceHardwareTaskCommandHandlerUnitTests" name="ReplaceHardwareTaskCommandHandler_DeviceMapper_Fail_NotMatchingHwids_Test" />
    </UnitTest>
    <UnitTest name="DeleteConfigurationItemCommandHandler_Execute_DeleteHardware_Success" storage="d:\actions-runner\_work\xpco\xpco\corporate\videoos.server.unittests\bin\x64\debug\net472\videoos.server.unittests.dll" id="b3ea2405-989d-bda5-2d70-dd8fbc63cffd">
      <Execution id="a682cc25-d0ab-4f55-a8f0-03b1fa1b4d33" />
      <TestMethod codeBase="D:\actions-runner\_work\XPCO\XPCO\Corporate\VideoOS.Server.UnitTests\bin\x64\Debug\net472\VideoOS.Server.UnitTests.dll" adapterTypeName="executor://mstestadapter/v2" className="VideoOS.Server.UnitTests.CommandHandler.DeleteConfigurationItemCommandHandlerUnitTests" name="DeleteConfigurationItemCommandHandler_Execute_DeleteHardware_Success" />
    </UnitTest>
    <UnitTest name="Ctor_ClientNull_ThrowsArgumentNullException" storage="d:\actions-runner\_work\xpco\xpco\corporate\videoos.server.unittests\bin\x64\debug\net472\videoos.server.unittests.dll" id="02f71eed-2fe3-41fa-eea5-82491d9b4574">
      <Execution id="df49c035-736a-47ec-85f2-d33a8a57ca30" />
      <TestMethod codeBase="D:\actions-runner\_work\XPCO\XPCO\Corporate\VideoOS.Server.UnitTests\bin\x64\Debug\net472\VideoOS.Server.UnitTests.dll" adapterTypeName="executor://mstestadapter/v2" className="VideoOS.Server.UnitTests.Log.IdpLogRetrieverTests" name="Ctor_ClientNull_ThrowsArgumentNullException" />
    </UnitTest>
    <UnitTest name="AllocateLicenses_2ICPHardware15ChannelsAnd0NormalHardwareWith10ActivatedICP_ShouldGet5GraceICP_On20ICPLicenses" storage="d:\actions-runner\_work\xpco\xpco\corporate\videoos.server.unittests\bin\x64\debug\net472\videoos.server.unittests.dll" id="00acff8b-2ccb-eea5-ee25-96f94758bef2">
      <TestCategory>
        <TestCategoryItem TestCategory="Licensing" />
      </TestCategory>
      <Execution id="272dab26-ea3e-41d9-ab25-456971228ec7" />
      <TestMethod codeBase="D:\actions-runner\_work\XPCO\XPCO\Corporate\VideoOS.Server.UnitTests\bin\x64\Debug\net472\VideoOS.Server.UnitTests.dll" adapterTypeName="executor://mstestadapter/v2" className="VideoOS.Server.UnitTests.Licensing.LicenseAllocatorChannelTests" name="AllocateLicenses_2ICPHardware15ChannelsAnd0NormalHardwareWith10ActivatedICP_ShouldGet5GraceICP_On20ICPLicenses" />
    </UnitTest>
    <UnitTest name="DeleteConfigurationItemCommandHandler_Execute_NullChecks" storage="d:\actions-runner\_work\xpco\xpco\corporate\videoos.server.unittests\bin\x64\debug\net472\videoos.server.unittests.dll" id="2894ae62-0a5e-3444-1809-89acb83b0dbe">
      <Execution id="f2a025e0-b79f-4486-ba46-3110966cdb40" />
      <TestMethod codeBase="D:\actions-runner\_work\XPCO\XPCO\Corporate\VideoOS.Server.UnitTests\bin\x64\Debug\net472\VideoOS.Server.UnitTests.dll" adapterTypeName="executor://mstestadapter/v2" className="VideoOS.Server.UnitTests.CommandHandler.DeleteConfigurationItemCommandHandlerUnitTests" name="DeleteConfigurationItemCommandHandler_Execute_NullChecks" />
    </UnitTest>
    <UnitTest name="AutomaticActivationFailedEvent_IsForwardedThroughLicenseManager" storage="d:\actions-runner\_work\xpco\xpco\corporate\videoos.server.unittests\bin\x64\debug\net472\videoos.server.unittests.dll" id="0692149d-061c-982d-3d4f-ebaa7c87c549">
      <TestCategory>
        <TestCategoryItem TestCategory="Licensing" />
      </TestCategory>
      <Execution id="f7aeecde-ffe2-4b52-a0d1-1332e35371f6" />
      <TestMethod codeBase="D:\actions-runner\_work\XPCO\XPCO\Corporate\VideoOS.Server.UnitTests\bin\x64\Debug\net472\VideoOS.Server.UnitTests.dll" adapterTypeName="executor://mstestadapter/v2" className="VideoOS.Server.UnitTests.Licensing.LicenseManagerUnitTests" name="AutomaticActivationFailedEvent_IsForwardedThroughLicenseManager" />
    </UnitTest>
    <UnitTest name="HardwareScanExpressTaskCommandHandler_Execute_DiscoveryComponent_FailResponse" storage="d:\actions-runner\_work\xpco\xpco\corporate\videoos.server.unittests\bin\x64\debug\net472\videoos.server.unittests.dll" id="b447d6e1-0886-4836-f5c4-a0d3266ea115">
      <Execution id="534fa32b-c173-44a4-a716-ab0d6f65a128" />
      <TestMethod codeBase="D:\actions-runner\_work\XPCO\XPCO\Corporate\VideoOS.Server.UnitTests\bin\x64\Debug\net472\VideoOS.Server.UnitTests.dll" adapterTypeName="executor://mstestadapter/v2" className="VideoOS.Server.UnitTests.CommandHandler.HardwareScanExpressTaskCommandHandlerTest" name="HardwareScanExpressTaskCommandHandler_Execute_DiscoveryComponent_FailResponse" />
    </UnitTest>
    <UnitTest name="FilterTrackIds_ModelIsValid_CommandExecuted" storage="d:\actions-runner\_work\xpco\xpco\corporate\videoos.server.unittests\bin\x64\debug\net472\videoos.server.unittests.dll" id="1e32982b-dcf0-dc6d-6443-5d1de7b120a4">
      <Execution id="0c17655d-baee-420c-af01-3068e20f5b0c" />
      <TestMethod codeBase="D:\actions-runner\_work\XPCO\XPCO\Corporate\VideoOS.Server.UnitTests\bin\x64\Debug\net472\VideoOS.Server.UnitTests.dll" adapterTypeName="executor://mstestadapter/v2" className="VideoOS.Server.UnitTests.RecorderControllerTest" name="FilterTrackIds_ModelIsValid_CommandExecuted" />
    </UnitTest>
    <UnitTest name="AnalyzeAndCreateAuditLogs_DeletedSecurityPermissionsDeviceRowWithDEVICESPEAKPRIORITYAtrributeDefaultPriority_ReturnsOneAuditLog" storage="d:\actions-runner\_work\xpco\xpco\corporate\videoos.server.unittests\bin\x64\debug\net472\videoos.server.unittests.dll" id="7de72132-1cd2-24ce-040a-81cf45b201bd">
      <Execution id="2346f0ed-b1a5-427b-8713-bcc963983190" />
      <TestMethod codeBase="D:\actions-runner\_work\XPCO\XPCO\Corporate\VideoOS.Server.UnitTests\bin\x64\Debug\net472\VideoOS.Server.UnitTests.dll" adapterTypeName="executor://mstestadapter/v2" className="VideoOS.Server.UnitTests.CommandHandler.DataSetAuditLogAnalyzerTests" name="AnalyzeAndCreateAuditLogs_DeletedSecurityPermissionsDeviceRowWithDEVICESPEAKPRIORITYAtrributeDefaultPriority_ReturnsOneAuditLog" />
    </UnitTest>
    <UnitTest name="EvidenceLockOnOldRecorderCommandHandlerTests_OldRecV1_ConfigAdd2Rows" storage="d:\actions-runner\_work\xpco\xpco\corporate\videoos.server.unittests\bin\x64\debug\net472\videoos.server.unittests.dll" id="788399bd-9b38-c432-7e4a-52602c4871ea">
      <Execution id="50f54007-d3e3-48ba-ad19-5372e8101a09" />
      <TestMethod codeBase="D:\actions-runner\_work\XPCO\XPCO\Corporate\VideoOS.Server.UnitTests\bin\x64\Debug\net472\VideoOS.Server.UnitTests.dll" adapterTypeName="executor://mstestadapter/v2" className="VideoOS.Server.UnitTests.CommandHandler.EvidenceLockOnOldRecorderCommandHandlerTests" name="EvidenceLockOnOldRecorderCommandHandlerTests_OldRecV1_ConfigAdd2Rows" />
    </UnitTest>
    <UnitTest name="HardwareActivatedNotOnWhiteList_ReplacedWithInheritance_HardwareNotOnWhiteList_NoCWAAllowed_AllDevicesInGrace" storage="d:\actions-runner\_work\xpco\xpco\corporate\videoos.server.unittests\bin\x64\debug\net472\videoos.server.unittests.dll" id="56f6c4c3-2604-c015-29ad-92d62b733dfd">
      <TestCategory>
        <TestCategoryItem TestCategory="Licensing Replace Hardware" />
        <TestCategoryItem TestCategory="Licensing" />
      </TestCategory>
      <Execution id="45657489-c340-41bf-b586-fa80aaad2b26" />
      <TestMethod codeBase="D:\actions-runner\_work\XPCO\XPCO\Corporate\VideoOS.Server.UnitTests\bin\x64\Debug\net472\VideoOS.Server.UnitTests.dll" adapterTypeName="executor://mstestadapter/v2" className="VideoOS.Server.UnitTests.Licensing.LicenseAllocatorChannelTests" name="HardwareActivatedNotOnWhiteList_ReplacedWithInheritance_HardwareNotOnWhiteList_NoCWAAllowed_AllDevicesInGrace" />
    </UnitTest>
    <UnitTest name="HardwareActivatedNotOnWhiteList_ReplacedWith_HardwareNotOnWhiteList_NoCameraChannels" storage="d:\actions-runner\_work\xpco\xpco\corporate\videoos.server.unittests\bin\x64\debug\net472\videoos.server.unittests.dll" id="aa54e5c8-4842-fdf7-6d33-fe6b056034b3">
      <TestCategory>
        <TestCategoryItem TestCategory="Licensing Replace Hardware" />
        <TestCategoryItem TestCategory="Licensing" />
      </TestCategory>
      <Execution id="517a985f-8c56-4eb0-aade-a552cca2204b" />
      <TestMethod codeBase="D:\actions-runner\_work\XPCO\XPCO\Corporate\VideoOS.Server.UnitTests\bin\x64\Debug\net472\VideoOS.Server.UnitTests.dll" adapterTypeName="executor://mstestadapter/v2" className="VideoOS.Server.UnitTests.Licensing.LicenseAllocatorChannelTests" name="HardwareActivatedNotOnWhiteList_ReplacedWith_HardwareNotOnWhiteList_NoCameraChannels" />
    </UnitTest>
    <UnitTest name="UpdateHardwareDriverCommandHandler_Clone_Returns_Same_Reference" storage="d:\actions-runner\_work\xpco\xpco\corporate\videoos.server.unittests\bin\x64\debug\net472\videoos.server.unittests.dll" id="0f8e1705-bc99-3da9-75ac-ad79fe32133d">
      <Execution id="8203d4c9-4506-4b00-809e-546764738bfc" />
      <TestMethod codeBase="D:\actions-runner\_work\XPCO\XPCO\Corporate\VideoOS.Server.UnitTests\bin\x64\Debug\net472\VideoOS.Server.UnitTests.dll" adapterTypeName="executor://mstestadapter/v2" className="VideoOS.Server.UnitTests.CommandHandler.UpdateHardwareDriverCommandHandlerTests" name="UpdateHardwareDriverCommandHandler_Clone_Returns_Same_Reference" />
    </UnitTest>
    <UnitTest name="CheckConfigurationDataSetTest_FailoverSecondaryNotLicensedFail" storage="d:\actions-runner\_work\xpco\xpco\corporate\videoos.server.unittests\bin\x64\debug\net472\videoos.server.unittests.dll" id="d1a85bea-6f17-0a0b-8d00-a425fc7bb217">
      <Execution id="3d2b95f7-c5f1-4de5-bad4-15cd25376e32" />
      <TestMethod codeBase="D:\actions-runner\_work\XPCO\XPCO\Corporate\VideoOS.Server.UnitTests\bin\x64\Debug\net472\VideoOS.Server.UnitTests.dll" adapterTypeName="executor://mstestadapter/v2" className="VideoOS.Server.UnitTests.Licensing.LicenseFeatureCheckerTest" name="CheckConfigurationDataSetTest_FailoverSecondaryNotLicensedFail" />
    </UnitTest>
    <UnitTest name="DeleteConfigurationItemCommandHandler_Execute_DeleteRecorder_Success" storage="d:\actions-runner\_work\xpco\xpco\corporate\videoos.server.unittests\bin\x64\debug\net472\videoos.server.unittests.dll" id="d5fb2644-d797-3a4e-6531-1a75c8d65408">
      <Execution id="c6189df9-3361-405d-9ad1-479a1784cc29" />
      <TestMethod codeBase="D:\actions-runner\_work\XPCO\XPCO\Corporate\VideoOS.Server.UnitTests\bin\x64\Debug\net472\VideoOS.Server.UnitTests.dll" adapterTypeName="executor://mstestadapter/v2" className="VideoOS.Server.UnitTests.CommandHandler.DeleteConfigurationItemCommandHandlerUnitTests" name="DeleteConfigurationItemCommandHandler_Execute_DeleteRecorder_Success" />
    </UnitTest>
    <UnitTest name="ConvertIdpLog_UserNotAdministrator" storage="d:\actions-runner\_work\xpco\xpco\corporate\videoos.server.unittests\bin\x64\debug\net472\videoos.server.unittests.dll" id="1c4744cc-61d4-e4cf-4e8e-47488f33fd5b">
      <Execution id="c98804ff-994e-47aa-8825-6bcf2bdfa967" />
      <TestMethod codeBase="D:\actions-runner\_work\XPCO\XPCO\Corporate\VideoOS.Server.UnitTests\bin\x64\Debug\net472\VideoOS.Server.UnitTests.dll" adapterTypeName="executor://mstestadapter/v2" className="VideoOS.Server.UnitTests.Log.IdpLogConverterTest" name="ConvertIdpLog_UserNotAdministrator" />
    </UnitTest>
    <UnitTest name="ChangeHardwarePasswordTaskCommandHandler_Execute_Succeeded" storage="d:\actions-runner\_work\xpco\xpco\corporate\videoos.server.unittests\bin\x64\debug\net472\videoos.server.unittests.dll" id="0006f07b-d80e-27c3-ccc2-5c671db24d37">
      <Execution id="e5bd1ce2-db86-47fe-a8d4-1f93e9eebe8c" />
      <TestMethod codeBase="D:\actions-runner\_work\XPCO\XPCO\Corporate\VideoOS.Server.UnitTests\bin\x64\Debug\net472\VideoOS.Server.UnitTests.dll" adapterTypeName="executor://mstestadapter/v2" className="VideoOS.Server.UnitTests.CommandHandler.ChangeHardwarePasswordTaskCommandHandlerTests" name="ChangeHardwarePasswordTaskCommandHandler_Execute_Succeeded" />
    </UnitTest>
    <UnitTest name="HardwareInCWANotOnWhiteList_ZeroChannels_ReplacedWith_HardwareNotOnWhiteList_WithChannels_CWAAllowed_NewDevicesInCWA" storage="d:\actions-runner\_work\xpco\xpco\corporate\videoos.server.unittests\bin\x64\debug\net472\videoos.server.unittests.dll" id="aa5a8bd0-7be2-9441-09f4-f36c55e0099a">
      <TestCategory>
        <TestCategoryItem TestCategory="Licensing Replace Hardware" />
        <TestCategoryItem TestCategory="Licensing" />
      </TestCategory>
      <Execution id="0277d9bc-622a-4fb3-bb47-44c3d12d7d8f" />
      <TestMethod codeBase="D:\actions-runner\_work\XPCO\XPCO\Corporate\VideoOS.Server.UnitTests\bin\x64\Debug\net472\VideoOS.Server.UnitTests.dll" adapterTypeName="executor://mstestadapter/v2" className="VideoOS.Server.UnitTests.Licensing.LicenseAllocatorChannelTests" name="HardwareInCWANotOnWhiteList_ZeroChannels_ReplacedWith_HardwareNotOnWhiteList_WithChannels_CWAAllowed_NewDevicesInCWA" />
    </UnitTest>
    <UnitTest name="HardwareActivatedOnWhiteList_ReplacedWithInheritance_HardwareNotOnWhiteList_MixedCWAAllowed_SomeDevicesInCWA" storage="d:\actions-runner\_work\xpco\xpco\corporate\videoos.server.unittests\bin\x64\debug\net472\videoos.server.unittests.dll" id="49eb40eb-a024-8a51-ef96-32403d919364">
      <TestCategory>
        <TestCategoryItem TestCategory="Licensing Replace Hardware" />
        <TestCategoryItem TestCategory="Licensing" />
      </TestCategory>
      <Execution id="4a751e13-088d-4004-952f-7554a6f9d448" />
      <TestMethod codeBase="D:\actions-runner\_work\XPCO\XPCO\Corporate\VideoOS.Server.UnitTests\bin\x64\Debug\net472\VideoOS.Server.UnitTests.dll" adapterTypeName="executor://mstestadapter/v2" className="VideoOS.Server.UnitTests.Licensing.LicenseAllocatorChannelTests" name="HardwareActivatedOnWhiteList_ReplacedWithInheritance_HardwareNotOnWhiteList_MixedCWAAllowed_SomeDevicesInCWA" />
    </UnitTest>
    <UnitTest name="UploadFileChunkCommandHandler_Execute_Failed_StorageQuotaExceeded" storage="d:\actions-runner\_work\xpco\xpco\corporate\videoos.server.unittests\bin\x64\debug\net472\videoos.server.unittests.dll" id="8e506078-644e-53c7-62ff-a2a238aea095">
      <Execution id="6e2184a1-b56f-4ac6-a291-9bfbe0aa52f1" />
      <TestMethod codeBase="D:\actions-runner\_work\XPCO\XPCO\Corporate\VideoOS.Server.UnitTests\bin\x64\Debug\net472\VideoOS.Server.UnitTests.dll" adapterTypeName="executor://mstestadapter/v2" className="VideoOS.Server.UnitTests.CommandHandler.UploadFileChunkCommandHandlerUnitTests" name="UploadFileChunkCommandHandler_Execute_Failed_StorageQuotaExceeded" />
    </UnitTest>
    <UnitTest name="HardwareInCWAOnWhiteList_ReplacedWithInheritance_HardwareNotOnWhiteList_MixedCWAAllowed_MoreChannelsOnReplacedHardware_SomeDevicesInCWA" storage="d:\actions-runner\_work\xpco\xpco\corporate\videoos.server.unittests\bin\x64\debug\net472\videoos.server.unittests.dll" id="e8265441-f1a4-8474-c93a-df0ea0082843">
      <TestCategory>
        <TestCategoryItem TestCategory="Licensing Replace Hardware" />
        <TestCategoryItem TestCategory="Licensing" />
      </TestCategory>
      <Execution id="b6d1e76b-92a8-4a74-9502-1bfeaec589af" />
      <TestMethod codeBase="D:\actions-runner\_work\XPCO\XPCO\Corporate\VideoOS.Server.UnitTests\bin\x64\Debug\net472\VideoOS.Server.UnitTests.dll" adapterTypeName="executor://mstestadapter/v2" className="VideoOS.Server.UnitTests.Licensing.LicenseAllocatorChannelTests" name="HardwareInCWAOnWhiteList_ReplacedWithInheritance_HardwareNotOnWhiteList_MixedCWAAllowed_MoreChannelsOnReplacedHardware_SomeDevicesInCWA" />
    </UnitTest>
    <UnitTest name="EvidenceLockOnOldRecorderCommandHandlerTests_OldRecV1_ConfigDelete1Row_NoEdgeTrackFound" storage="d:\actions-runner\_work\xpco\xpco\corporate\videoos.server.unittests\bin\x64\debug\net472\videoos.server.unittests.dll" id="39fccf8a-09fc-ac26-9ad0-5d6d54df3f0c">
      <Execution id="96f575fc-62d7-4ccb-9844-fd75cb4edcbc" />
      <TestMethod codeBase="D:\actions-runner\_work\XPCO\XPCO\Corporate\VideoOS.Server.UnitTests\bin\x64\Debug\net472\VideoOS.Server.UnitTests.dll" adapterTypeName="executor://mstestadapter/v2" className="VideoOS.Server.UnitTests.CommandHandler.EvidenceLockOnOldRecorderCommandHandlerTests" name="EvidenceLockOnOldRecorderCommandHandlerTests_OldRecV1_ConfigDelete1Row_NoEdgeTrackFound" />
    </UnitTest>
    <UnitTest name="DeviceLicense_RetrieveExpireDate_AsUtcDateTime_Valid" storage="d:\actions-runner\_work\xpco\xpco\corporate\videoos.server.unittests\bin\x64\debug\net472\videoos.server.unittests.dll" id="52c0ab65-e1f5-1853-43a3-02e5f831ed28">
      <Execution id="1f4b4293-9159-4e54-aed5-710d4a96f9cd" />
      <TestMethod codeBase="D:\actions-runner\_work\XPCO\XPCO\Corporate\VideoOS.Server.UnitTests\bin\x64\Debug\net472\VideoOS.Server.UnitTests.dll" adapterTypeName="executor://mstestadapter/v2" className="VideoOS.Server.UnitTests.Licensing.LicenseSnapshotTests" name="DeviceLicense_RetrieveExpireDate_AsUtcDateTime_Valid" />
    </UnitTest>
    <UnitTest name="CreateLicenseInformationXml_Has1Unlicensed_On1HardwareWithNoCameraChannels" storage="d:\actions-runner\_work\xpco\xpco\corporate\videoos.server.unittests\bin\x64\debug\net472\videoos.server.unittests.dll" id="55df2919-d484-9c67-3d4f-25d0bf1cac35">
      <TestCategory>
        <TestCategoryItem TestCategory="Licensing" />
      </TestCategory>
      <Execution id="f449f074-897d-4435-8c07-7c13cd65ccf7" />
      <TestMethod codeBase="D:\actions-runner\_work\XPCO\XPCO\Corporate\VideoOS.Server.UnitTests\bin\x64\Debug\net472\VideoOS.Server.UnitTests.dll" adapterTypeName="executor://mstestadapter/v2" className="VideoOS.Server.UnitTests.Licensing.LicenseInfoXmlWriterTests" name="CreateLicenseInformationXml_Has1Unlicensed_On1HardwareWithNoCameraChannels" />
    </UnitTest>
    <UnitTest name="HardwareInCWANotOnWhiteList_ReplacedWithNoInheritance_HardwareNotOnWhiteList_CWAAllowed_AllDevicesInCWA" storage="d:\actions-runner\_work\xpco\xpco\corporate\videoos.server.unittests\bin\x64\debug\net472\videoos.server.unittests.dll" id="d39d0521-06db-7dc9-3051-c476e15502d1">
      <TestCategory>
        <TestCategoryItem TestCategory="Licensing Replace Hardware" />
        <TestCategoryItem TestCategory="Licensing" />
      </TestCategory>
      <Execution id="a1e5fc57-a025-4511-82e7-308e30d539f0" />
      <TestMethod codeBase="D:\actions-runner\_work\XPCO\XPCO\Corporate\VideoOS.Server.UnitTests\bin\x64\Debug\net472\VideoOS.Server.UnitTests.dll" adapterTypeName="executor://mstestadapter/v2" className="VideoOS.Server.UnitTests.Licensing.LicenseAllocatorChannelTests" name="HardwareInCWANotOnWhiteList_ReplacedWithNoInheritance_HardwareNotOnWhiteList_CWAAllowed_AllDevicesInCWA" />
    </UnitTest>
    <UnitTest name="GetRecorderLicense_DoesNotRegeneratesReplacementToken_OnNoMoreSpaceLeftInReplacementLimit" storage="d:\actions-runner\_work\xpco\xpco\corporate\videoos.server.unittests\bin\x64\debug\net472\videoos.server.unittests.dll" id="eee68226-2ed0-bd84-4e65-b8bb4f9c8e73">
      <TestCategory>
        <TestCategoryItem TestCategory="Licensing" />
      </TestCategory>
      <Execution id="7f07d446-99fe-4849-ad0c-c6ba97860da5" />
      <TestMethod codeBase="D:\actions-runner\_work\XPCO\XPCO\Corporate\VideoOS.Server.UnitTests\bin\x64\Debug\net472\VideoOS.Server.UnitTests.dll" adapterTypeName="executor://mstestadapter/v2" className="VideoOS.Server.UnitTests.Licensing.LicenseManagerUnitTests" name="GetRecorderLicense_DoesNotRegeneratesReplacementToken_OnNoMoreSpaceLeftInReplacementLimit" />
    </UnitTest>
    <UnitTest name="ChangeHardwarePasswordRuleAction_Execute_HardwareQueryFail_NoCompletedEventsTriggered" storage="d:\actions-runner\_work\xpco\xpco\corporate\videoos.server.unittests\bin\x64\debug\net472\videoos.server.unittests.dll" id="beb6575d-08cd-36cd-5b78-91b38c011b4e">
      <Execution id="2f903994-48e5-4dea-b2cf-8eb5f5a673c9" />
      <TestMethod codeBase="D:\actions-runner\_work\XPCO\XPCO\Corporate\VideoOS.Server.UnitTests\bin\x64\Debug\net472\VideoOS.Server.UnitTests.dll" adapterTypeName="executor://mstestadapter/v2" className="VideoOS.Server.UnitTests.RuleActions.ChangeHardwarePasswordRuleActionUnitTests" name="ChangeHardwarePasswordRuleAction_Execute_HardwareQueryFail_NoCompletedEventsTriggered" />
    </UnitTest>
    <UnitTest name="HardwareInCWANotOnWhiteList_ReplacedWithInheritance_HardwareOnWhiteList_CWAAllowed_NewHardwareInCWA" storage="d:\actions-runner\_work\xpco\xpco\corporate\videoos.server.unittests\bin\x64\debug\net472\videoos.server.unittests.dll" id="5ff9b51c-4e1c-5c3c-4658-c019f545cefe">
      <TestCategory>
        <TestCategoryItem TestCategory="Licensing Replace Hardware" />
        <TestCategoryItem TestCategory="Licensing" />
      </TestCategory>
      <Execution id="ed77dc63-da3e-4fed-8491-91415c99e7c8" />
      <TestMethod codeBase="D:\actions-runner\_work\XPCO\XPCO\Corporate\VideoOS.Server.UnitTests\bin\x64\Debug\net472\VideoOS.Server.UnitTests.dll" adapterTypeName="executor://mstestadapter/v2" className="VideoOS.Server.UnitTests.Licensing.LicenseAllocatorChannelTests" name="HardwareInCWANotOnWhiteList_ReplacedWithInheritance_HardwareOnWhiteList_CWAAllowed_NewHardwareInCWA" />
    </UnitTest>
    <UnitTest name="CreateLicenseInformationXml_Has1Expired_On1ExpiredHardwareNoCameras" storage="d:\actions-runner\_work\xpco\xpco\corporate\videoos.server.unittests\bin\x64\debug\net472\videoos.server.unittests.dll" id="1eedc3ae-bd7e-7fcf-32b0-3aa7620ae920">
      <TestCategory>
        <TestCategoryItem TestCategory="Licensing" />
      </TestCategory>
      <Execution id="69c84e46-4636-48ba-aae5-c9f8cd9609f9" />
      <TestMethod codeBase="D:\actions-runner\_work\XPCO\XPCO\Corporate\VideoOS.Server.UnitTests\bin\x64\Debug\net472\VideoOS.Server.UnitTests.dll" adapterTypeName="executor://mstestadapter/v2" className="VideoOS.Server.UnitTests.Licensing.LicenseInfoXmlWriterTests" name="CreateLicenseInformationXml_Has1Expired_On1ExpiredHardwareNoCameras" />
    </UnitTest>
    <UnitTest name="HardwareInCWANotOnWhiteList_ReplacedWithInheritance_HardwareOnWhiteList_NoMoreCWAAllowed_FewerChannelsOnReplacedHardware_NewHardwareInGrace" storage="d:\actions-runner\_work\xpco\xpco\corporate\videoos.server.unittests\bin\x64\debug\net472\videoos.server.unittests.dll" id="7268c422-d3fa-aa41-be94-6e44f7c4fc74">
      <TestCategory>
        <TestCategoryItem TestCategory="Licensing Replace Hardware" />
        <TestCategoryItem TestCategory="Licensing" />
      </TestCategory>
      <Execution id="3ae86dee-85a6-4e9b-8652-4ac780b6dfe6" />
      <TestMethod codeBase="D:\actions-runner\_work\XPCO\XPCO\Corporate\VideoOS.Server.UnitTests\bin\x64\Debug\net472\VideoOS.Server.UnitTests.dll" adapterTypeName="executor://mstestadapter/v2" className="VideoOS.Server.UnitTests.Licensing.LicenseAllocatorChannelTests" name="HardwareInCWANotOnWhiteList_ReplacedWithInheritance_HardwareOnWhiteList_NoMoreCWAAllowed_FewerChannelsOnReplacedHardware_NewHardwareInGrace" />
    </UnitTest>
    <UnitTest name="ChannelLicenseCountManager_ReplacementHardware_AddSuccess" storage="d:\actions-runner\_work\xpco\xpco\corporate\videoos.server.unittests\bin\x64\debug\net472\videoos.server.unittests.dll" id="bdd573ed-f35c-1e8b-14a2-bfaaa93b8de8">
      <TestCategory>
        <TestCategoryItem TestCategory="Licensing" />
      </TestCategory>
      <Execution id="7af16b44-bbd5-496a-982f-5cee22517137" />
      <TestMethod codeBase="D:\actions-runner\_work\XPCO\XPCO\Corporate\VideoOS.Server.UnitTests\bin\x64\Debug\net472\VideoOS.Server.UnitTests.dll" adapterTypeName="executor://mstestadapter/v2" className="VideoOS.Server.UnitTests.Licensing.LicenseCountManagerUnitTests" name="ChannelLicenseCountManager_ReplacementHardware_AddSuccess" />
    </UnitTest>
    <UnitTest name="DeviceLicense_RetrieveExpireDate_DeviceNotFound_ReturnsMinDate" storage="d:\actions-runner\_work\xpco\xpco\corporate\videoos.server.unittests\bin\x64\debug\net472\videoos.server.unittests.dll" id="9130ecfa-1d1c-db07-182d-fdb4df69e270">
      <Execution id="5f72e853-b476-46c3-8f55-ab8e07894c39" />
      <TestMethod codeBase="D:\actions-runner\_work\XPCO\XPCO\Corporate\VideoOS.Server.UnitTests\bin\x64\Debug\net472\VideoOS.Server.UnitTests.dll" adapterTypeName="executor://mstestadapter/v2" className="VideoOS.Server.UnitTests.Licensing.LicenseSnapshotTests" name="DeviceLicense_RetrieveExpireDate_DeviceNotFound_ReturnsMinDate" />
    </UnitTest>
    <UnitTest name="HardwareInCWAOnWhiteList_ReplacedWithNoInheritance_HardwareNotOnWhiteList_MixedCWAAllowed_FewerChannelsOnReplacedHardware_SomeDevicesInCWA" storage="d:\actions-runner\_work\xpco\xpco\corporate\videoos.server.unittests\bin\x64\debug\net472\videoos.server.unittests.dll" id="b3914411-03bf-465a-dfb2-7096de3166b3">
      <TestCategory>
        <TestCategoryItem TestCategory="Licensing Replace Hardware" />
        <TestCategoryItem TestCategory="Licensing" />
      </TestCategory>
      <Execution id="a8453268-3dd1-4957-a4af-65ea5f20259e" />
      <TestMethod codeBase="D:\actions-runner\_work\XPCO\XPCO\Corporate\VideoOS.Server.UnitTests\bin\x64\Debug\net472\VideoOS.Server.UnitTests.dll" adapterTypeName="executor://mstestadapter/v2" className="VideoOS.Server.UnitTests.Licensing.LicenseAllocatorChannelTests" name="HardwareInCWAOnWhiteList_ReplacedWithNoInheritance_HardwareNotOnWhiteList_MixedCWAAllowed_FewerChannelsOnReplacedHardware_SomeDevicesInCWA" />
    </UnitTest>
    <UnitTest name="LicenseCountManager_FindHardwareInGrace_ReturnsListOfMac_OnHardwareInGrace" storage="d:\actions-runner\_work\xpco\xpco\corporate\videoos.server.unittests\bin\x64\debug\net472\videoos.server.unittests.dll" id="968432fe-0f19-fd21-c7d7-2d112c002911">
      <TestCategory>
        <TestCategoryItem TestCategory="Licensing" />
      </TestCategory>
      <Execution id="f617e67c-6a56-42a4-a6e6-1982f5d8e96d" />
      <TestMethod codeBase="D:\actions-runner\_work\XPCO\XPCO\Corporate\VideoOS.Server.UnitTests\bin\x64\Debug\net472\VideoOS.Server.UnitTests.dll" adapterTypeName="executor://mstestadapter/v2" className="VideoOS.Server.UnitTests.Licensing.LicenseCountManagerUnitTests" name="LicenseCountManager_FindHardwareInGrace_ReturnsListOfMac_OnHardwareInGrace" />
    </UnitTest>
    <UnitTest name="DetachRecorder_Valid_Executed" storage="d:\actions-runner\_work\xpco\xpco\corporate\videoos.server.unittests\bin\x64\debug\net472\videoos.server.unittests.dll" id="dcfd8f0d-745d-ff66-5f0e-7d5891999256">
      <Execution id="8b29467f-288c-46d4-81df-7fefff6943cc" />
      <TestMethod codeBase="D:\actions-runner\_work\XPCO\XPCO\Corporate\VideoOS.Server.UnitTests\bin\x64\Debug\net472\VideoOS.Server.UnitTests.dll" adapterTypeName="executor://mstestadapter/v2" className="VideoOS.Server.UnitTests.WebApi.Controllers.RecorderRegistrationControllerTests" name="DetachRecorder_Valid_Executed" />
    </UnitTest>
    <UnitTest name="HardwareScanTaskCommandHandler_Execute_RecorderNotSupported_FailResponse" storage="d:\actions-runner\_work\xpco\xpco\corporate\videoos.server.unittests\bin\x64\debug\net472\videoos.server.unittests.dll" id="95cfe0da-0ff4-0747-cf3f-c677dee3d8aa">
      <Execution id="6e3df94a-467e-48ef-843a-5fb698004031" />
      <TestMethod codeBase="D:\actions-runner\_work\XPCO\XPCO\Corporate\VideoOS.Server.UnitTests\bin\x64\Debug\net472\VideoOS.Server.UnitTests.dll" adapterTypeName="executor://mstestadapter/v2" className="VideoOS.Server.UnitTests.CommandHandler.HardwareScanTaskCommandHandlerTest" name="HardwareScanTaskCommandHandler_Execute_RecorderNotSupported_FailResponse" />
    </UnitTest>
    <UnitTest name="ChangeIdpAdminTaskCommandHandlerTests_Execute_Add_Succeeded" storage="d:\actions-runner\_work\xpco\xpco\corporate\videoos.server.unittests\bin\x64\debug\net472\videoos.server.unittests.dll" id="954032f8-37dc-7661-b366-512958158ebf">
      <Execution id="edd5a337-f12b-46a8-90f2-434797bceca5" />
      <TestMethod codeBase="D:\actions-runner\_work\XPCO\XPCO\Corporate\VideoOS.Server.UnitTests\bin\x64\Debug\net472\VideoOS.Server.UnitTests.dll" adapterTypeName="executor://mstestadapter/v2" className="VideoOS.Server.UnitTests.CommandHandler.ChangeIdpAdminTaskCommandHandlerTests" name="ChangeIdpAdminTaskCommandHandlerTests_Execute_Add_Succeeded" />
    </UnitTest>
    <UnitTest name="ToXml_HasLicenseReportInformationSectionWithNoHardware_OnDefaultConstruction" storage="d:\actions-runner\_work\xpco\xpco\corporate\videoos.server.unittests\bin\x64\debug\net472\videoos.server.unittests.dll" id="b6700c8b-aa56-915e-c0e2-ed6fe26705f6">
      <Execution id="350b4349-4c34-4588-81dd-0f09a791c88e" />
      <TestMethod codeBase="D:\actions-runner\_work\XPCO\XPCO\Corporate\VideoOS.Server.UnitTests\bin\x64\Debug\net472\VideoOS.Server.UnitTests.dll" adapterTypeName="executor://mstestadapter/v2" className="VideoOS.Server.UnitTests.Licensing.LicenseInformationUnitTests" name="ToXml_HasLicenseReportInformationSectionWithNoHardware_OnDefaultConstruction" />
    </UnitTest>
    <UnitTest name="AnalyzeAndCreateAuditLogs_AddedSecurityPermissionsDeviceRowAllVariationsThatGiveTimeBackwardsAuditLog_ReturnsOneAuditLog" storage="d:\actions-runner\_work\xpco\xpco\corporate\videoos.server.unittests\bin\x64\debug\net472\videoos.server.unittests.dll" id="798e5d78-857d-78b3-b5e9-7c835cfd1336">
      <Execution id="74e2ce9d-1773-4006-993a-74cdada9c8c6" />
      <TestMethod codeBase="D:\actions-runner\_work\XPCO\XPCO\Corporate\VideoOS.Server.UnitTests\bin\x64\Debug\net472\VideoOS.Server.UnitTests.dll" adapterTypeName="executor://mstestadapter/v2" className="VideoOS.Server.UnitTests.CommandHandler.DataSetAuditLogAnalyzerTests" name="AnalyzeAndCreateAuditLogs_AddedSecurityPermissionsDeviceRowAllVariationsThatGiveTimeBackwardsAuditLog_ReturnsOneAuditLog" />
    </UnitTest>
    <UnitTest name="GetRecorderLicense_NonCameraDevicesAreMissingFromRecorderLicense_OnHardwareWithExpiredDevices" storage="d:\actions-runner\_work\xpco\xpco\corporate\videoos.server.unittests\bin\x64\debug\net472\videoos.server.unittests.dll" id="36a69c1a-e7ef-dbb8-ed45-6b67da6ffa22">
      <TestCategory>
        <TestCategoryItem TestCategory="Licensing" />
      </TestCategory>
      <Execution id="246ad4fa-2cb3-4529-9fa6-e3931ae6e51b" />
      <TestMethod codeBase="D:\actions-runner\_work\XPCO\XPCO\Corporate\VideoOS.Server.UnitTests\bin\x64\Debug\net472\VideoOS.Server.UnitTests.dll" adapterTypeName="executor://mstestadapter/v2" className="VideoOS.Server.UnitTests.Licensing.LicenseManagerUnitTests" name="GetRecorderLicense_NonCameraDevicesAreMissingFromRecorderLicense_OnHardwareWithExpiredDevices" />
    </UnitTest>
    <UnitTest name="HardwareInCWAOnWhiteList_ReplacedWithNoInheritance_HardwareNotOnWhiteList_MixedCWAAllowed_SomeDevicesInCWA" storage="d:\actions-runner\_work\xpco\xpco\corporate\videoos.server.unittests\bin\x64\debug\net472\videoos.server.unittests.dll" id="07d5d72e-69e0-9fde-2308-03acdf606032">
      <TestCategory>
        <TestCategoryItem TestCategory="Licensing Replace Hardware" />
        <TestCategoryItem TestCategory="Licensing" />
      </TestCategory>
      <Execution id="9be19b02-61a3-45b7-9486-f1042c937a33" />
      <TestMethod codeBase="D:\actions-runner\_work\XPCO\XPCO\Corporate\VideoOS.Server.UnitTests\bin\x64\Debug\net472\VideoOS.Server.UnitTests.dll" adapterTypeName="executor://mstestadapter/v2" className="VideoOS.Server.UnitTests.Licensing.LicenseAllocatorChannelTests" name="HardwareInCWAOnWhiteList_ReplacedWithNoInheritance_HardwareNotOnWhiteList_MixedCWAAllowed_SomeDevicesInCWA" />
    </UnitTest>
    <UnitTest name="FirmwareUpgradeTaskCommandHandler_Execute_Failed_ErrorReconnecting" storage="d:\actions-runner\_work\xpco\xpco\corporate\videoos.server.unittests\bin\x64\debug\net472\videoos.server.unittests.dll" id="dd590c5c-2e27-43dc-ade1-d132bfa06046">
      <Execution id="b5716436-d69d-401a-b9c8-93ba1d89d432" />
      <TestMethod codeBase="D:\actions-runner\_work\XPCO\XPCO\Corporate\VideoOS.Server.UnitTests\bin\x64\Debug\net472\VideoOS.Server.UnitTests.dll" adapterTypeName="executor://mstestadapter/v2" className="VideoOS.Server.UnitTests.CommandHandler.FirmwareUpgradeTaskCommandHandlerTests" name="FirmwareUpgradeTaskCommandHandler_Execute_Failed_ErrorReconnecting" />
    </UnitTest>
    <UnitTest name="UpdateHardwareTaskCommandHandler_Execute_Added_Tests" storage="d:\actions-runner\_work\xpco\xpco\corporate\videoos.server.unittests\bin\x64\debug\net472\videoos.server.unittests.dll" id="9c6ac5b2-1986-9ad5-3899-82514a276561">
      <Execution id="8819f3ff-0f5d-43fc-939b-1e0c6927b229" />
      <TestMethod codeBase="D:\actions-runner\_work\XPCO\XPCO\Corporate\VideoOS.Server.UnitTests\bin\x64\Debug\net472\VideoOS.Server.UnitTests.dll" adapterTypeName="executor://mstestadapter/v2" className="VideoOS.Server.UnitTests.CommandHandler.UpdateHardwareTaskHandlerTests" name="UpdateHardwareTaskCommandHandler_Execute_Added_Tests" />
    </UnitTest>
    <UnitTest name="AllocateLicense_5Available_OneHardware_AlreadyLicensedInLicFile_InsufficientCameraCountInLicenseFileForHardwareCameraFeeds_1InChangesWithoutActivation" storage="d:\actions-runner\_work\xpco\xpco\corporate\videoos.server.unittests\bin\x64\debug\net472\videoos.server.unittests.dll" id="5997d22f-10df-8ccb-263d-7f78f6029696">
      <TestCategory>
        <TestCategoryItem TestCategory="Licensing" />
      </TestCategory>
      <Execution id="a862d630-a953-44dd-b252-c80f1759ea63" />
      <TestMethod codeBase="D:\actions-runner\_work\XPCO\XPCO\Corporate\VideoOS.Server.UnitTests\bin\x64\Debug\net472\VideoOS.Server.UnitTests.dll" adapterTypeName="executor://mstestadapter/v2" className="VideoOS.Server.UnitTests.Licensing.LicenseAllocatorChannelTests" name="AllocateLicense_5Available_OneHardware_AlreadyLicensedInLicFile_InsufficientCameraCountInLicenseFileForHardwareCameraFeeds_1InChangesWithoutActivation" />
    </UnitTest>
    <UnitTest name="CheckConfigurationDataSetTest_FailoverLicensedSuccess" storage="d:\actions-runner\_work\xpco\xpco\corporate\videoos.server.unittests\bin\x64\debug\net472\videoos.server.unittests.dll" id="334cf599-d2a3-9075-1065-d417fa8f74fb">
      <Execution id="b7583a01-9b01-4a4f-b413-82e0f1b18b8d" />
      <TestMethod codeBase="D:\actions-runner\_work\XPCO\XPCO\Corporate\VideoOS.Server.UnitTests\bin\x64\Debug\net472\VideoOS.Server.UnitTests.dll" adapterTypeName="executor://mstestadapter/v2" className="VideoOS.Server.UnitTests.Licensing.LicenseFeatureCheckerTest" name="CheckConfigurationDataSetTest_FailoverLicensedSuccess" />
    </UnitTest>
    <UnitTest name="LicenseCountManager_RemoveDevicesFromChangesWithoutActivation_ProperlyRemovesDevices" storage="d:\actions-runner\_work\xpco\xpco\corporate\videoos.server.unittests\bin\x64\debug\net472\videoos.server.unittests.dll" id="24b036de-d6df-4806-82fa-557c86be4a85">
      <TestCategory>
        <TestCategoryItem TestCategory="Licensing" />
      </TestCategory>
      <Execution id="4193fcb4-8eb3-41ca-93a2-8f97c0b84aaa" />
      <TestMethod codeBase="D:\actions-runner\_work\XPCO\XPCO\Corporate\VideoOS.Server.UnitTests\bin\x64\Debug\net472\VideoOS.Server.UnitTests.dll" adapterTypeName="executor://mstestadapter/v2" className="VideoOS.Server.UnitTests.Licensing.LicenseCountManagerUnitTests" name="LicenseCountManager_RemoveDevicesFromChangesWithoutActivation_ProperlyRemovesDevices" />
    </UnitTest>
    <UnitTest name="LicenseCountManager_FindHardwareInGrace_ReturnsEmptyList_OnNoHardwareInGrace" storage="d:\actions-runner\_work\xpco\xpco\corporate\videoos.server.unittests\bin\x64\debug\net472\videoos.server.unittests.dll" id="f3b50fcd-2daa-b9fb-f042-b57e7d3ddf9f">
      <TestCategory>
        <TestCategoryItem TestCategory="Licensing" />
      </TestCategory>
      <Execution id="4c493f6b-e741-4819-a77d-6c7ed1d6cfec" />
      <TestMethod codeBase="D:\actions-runner\_work\XPCO\XPCO\Corporate\VideoOS.Server.UnitTests\bin\x64\Debug\net472\VideoOS.Server.UnitTests.dll" adapterTypeName="executor://mstestadapter/v2" className="VideoOS.Server.UnitTests.Licensing.LicenseCountManagerUnitTests" name="LicenseCountManager_FindHardwareInGrace_ReturnsEmptyList_OnNoHardwareInGrace" />
    </UnitTest>
    <UnitTest name="MoveHardwareTaskCommandHandler_Execute_PrepareMoveHardware_SqlException_DatabaseCommunicationError" storage="d:\actions-runner\_work\xpco\xpco\corporate\videoos.server.unittests\bin\x64\debug\net472\videoos.server.unittests.dll" id="b17f55fe-7a77-049b-3c9d-d1c6816e4ccb">
      <Execution id="07496b23-d2e8-460a-920f-4dbac9197654" />
      <TestMethod codeBase="D:\actions-runner\_work\XPCO\XPCO\Corporate\VideoOS.Server.UnitTests\bin\x64\Debug\net472\VideoOS.Server.UnitTests.dll" adapterTypeName="executor://mstestadapter/v2" className="VideoOS.Server.UnitTests.CommandHandler.MoveHardwareTaskCommandHandlerTests" name="MoveHardwareTaskCommandHandler_Execute_PrepareMoveHardware_SqlException_DatabaseCommunicationError" />
    </UnitTest>
    <UnitTest name="UpdateLicense_KeepsDeviceInGrace_OnChangingLicenseFromHwToChBased" storage="d:\actions-runner\_work\xpco\xpco\corporate\videoos.server.unittests\bin\x64\debug\net472\videoos.server.unittests.dll" id="e3a6e1d5-d4dd-9a82-8ece-754e711a2f9b">
      <TestCategory>
        <TestCategoryItem TestCategory="Licensing" />
      </TestCategory>
      <Execution id="fb54ce24-8720-4d66-ba4d-03eb31b6fa40" />
      <TestMethod codeBase="D:\actions-runner\_work\XPCO\XPCO\Corporate\VideoOS.Server.UnitTests\bin\x64\Debug\net472\VideoOS.Server.UnitTests.dll" adapterTypeName="executor://mstestadapter/v2" className="VideoOS.Server.UnitTests.Licensing.LicenseManagerUnitTests" name="UpdateLicense_KeepsDeviceInGrace_OnChangingLicenseFromHwToChBased" />
    </UnitTest>
    <UnitTest name="Dispose_Disposing_DisposesTimer" storage="d:\actions-runner\_work\xpco\xpco\corporate\videoos.server.unittests\bin\x64\debug\net472\videoos.server.unittests.dll" id="8000bae8-948f-0b0f-0c32-0094fdf7892e">
      <Execution id="77a7c5e2-7d6f-4d4f-a35e-de8f3fab99cc" />
      <TestMethod codeBase="D:\actions-runner\_work\XPCO\XPCO\Corporate\VideoOS.Server.UnitTests\bin\x64\Debug\net472\VideoOS.Server.UnitTests.dll" adapterTypeName="executor://mstestadapter/v2" className="VideoOS.Server.UnitTests.Log.IdpLogRetrieverTests" name="Dispose_Disposing_DisposesTimer" />
    </UnitTest>
    <UnitTest name="ProgressResponse_ModelIsValid_CommandExecuted" storage="d:\actions-runner\_work\xpco\xpco\corporate\videoos.server.unittests\bin\x64\debug\net472\videoos.server.unittests.dll" id="b6a03062-30b8-99fc-58f1-7806f924b0cd">
      <Execution id="88054d81-0677-4e94-b3b8-a32dc3ffb902" />
      <TestMethod codeBase="D:\actions-runner\_work\XPCO\XPCO\Corporate\VideoOS.Server.UnitTests\bin\x64\Debug\net472\VideoOS.Server.UnitTests.dll" adapterTypeName="executor://mstestadapter/v2" className="VideoOS.Server.UnitTests.WebApi.ResponseControllerTest" name="ProgressResponse_ModelIsValid_CommandExecuted" />
    </UnitTest>
    <UnitTest name="AddHardwareUserCommandHandler_Execute_ReturnsFailResponseOnEmptyRecorderServiceId" storage="d:\actions-runner\_work\xpco\xpco\corporate\videoos.server.unittests\bin\x64\debug\net472\videoos.server.unittests.dll" id="d895999e-44d6-5318-b590-acf283c2ef42">
      <Execution id="fbbbbe51-67cb-45cf-8bed-bbc7e169ad1d" />
      <TestMethod codeBase="D:\actions-runner\_work\XPCO\XPCO\Corporate\VideoOS.Server.UnitTests\bin\x64\Debug\net472\VideoOS.Server.UnitTests.dll" adapterTypeName="executor://mstestadapter/v2" className="VideoOS.Server.UnitTests.CommandHandler.AddHardwareUserCommandHandlerServerUnitTests" name="AddHardwareUserCommandHandler_Execute_ReturnsFailResponseOnEmptyRecorderServiceId" />
    </UnitTest>
    <UnitTest name="AllocateLicenses_NotActivated_OneDevice_SixEnabledCameraChannels_LicenseCountFive_FiveInGrace_OneUnlicensed" storage="d:\actions-runner\_work\xpco\xpco\corporate\videoos.server.unittests\bin\x64\debug\net472\videoos.server.unittests.dll" id="ae87c319-d780-83e8-d111-f59a474997c3">
      <TestCategory>
        <TestCategoryItem TestCategory="Licensing" />
      </TestCategory>
      <Execution id="62e9b87a-2ea3-461d-9ac6-57a868d96ebe" />
      <TestMethod codeBase="D:\actions-runner\_work\XPCO\XPCO\Corporate\VideoOS.Server.UnitTests\bin\x64\Debug\net472\VideoOS.Server.UnitTests.dll" adapterTypeName="executor://mstestadapter/v2" className="VideoOS.Server.UnitTests.Licensing.LicenseAllocatorChannelTests" name="AllocateLicenses_NotActivated_OneDevice_SixEnabledCameraChannels_LicenseCountFive_FiveInGrace_OneUnlicensed" />
    </UnitTest>
    <UnitTest name="ReplaceHardwareTaskCommandHandler_DeviceMapper_Success_Test" storage="d:\actions-runner\_work\xpco\xpco\corporate\videoos.server.unittests\bin\x64\debug\net472\videoos.server.unittests.dll" id="b4d015a0-965e-7366-ac7c-f7e5a85c608e">
      <Execution id="4ccdb261-1d30-432e-a1c3-de28ad095ce3" />
      <TestMethod codeBase="D:\actions-runner\_work\XPCO\XPCO\Corporate\VideoOS.Server.UnitTests\bin\x64\Debug\net472\VideoOS.Server.UnitTests.dll" adapterTypeName="executor://mstestadapter/v2" className="VideoOS.Server.UnitTests.CommandHandler.ReplaceHardwareTaskCommandHandlerUnitTests" name="ReplaceHardwareTaskCommandHandler_DeviceMapper_Success_Test" />
    </UnitTest>
    <UnitTest name="UpdateHardwareTaskCommandHandler_Execute_HeartBeat_Timeout_Tests" storage="d:\actions-runner\_work\xpco\xpco\corporate\videoos.server.unittests\bin\x64\debug\net472\videoos.server.unittests.dll" id="5e9a75d3-0b8f-f511-ca55-05fff7a1f7ad">
      <Execution id="76759df1-62f9-4eb3-bbb4-519775eee817" />
      <TestMethod codeBase="D:\actions-runner\_work\XPCO\XPCO\Corporate\VideoOS.Server.UnitTests\bin\x64\Debug\net472\VideoOS.Server.UnitTests.dll" adapterTypeName="executor://mstestadapter/v2" className="VideoOS.Server.UnitTests.CommandHandler.UpdateHardwareTaskHandlerTests" name="UpdateHardwareTaskCommandHandler_Execute_HeartBeat_Timeout_Tests" />
    </UnitTest>
    <UnitTest name="AllocateLicenses_NotActivated_TwoDevice_SixCameraChannels_FiveGrace_NotEnoughLicensesForDevices" storage="d:\actions-runner\_work\xpco\xpco\corporate\videoos.server.unittests\bin\x64\debug\net472\videoos.server.unittests.dll" id="9686328b-869b-3d6e-7e6c-81be6a7d864b">
      <TestCategory>
        <TestCategoryItem TestCategory="Licensing" />
      </TestCategory>
      <Execution id="09763948-a46a-4321-ae79-35168d51eb1c" />
      <TestMethod codeBase="D:\actions-runner\_work\XPCO\XPCO\Corporate\VideoOS.Server.UnitTests\bin\x64\Debug\net472\VideoOS.Server.UnitTests.dll" adapterTypeName="executor://mstestadapter/v2" className="VideoOS.Server.UnitTests.Licensing.LicenseAllocatorChannelTests" name="AllocateLicenses_NotActivated_TwoDevice_SixCameraChannels_FiveGrace_NotEnoughLicensesForDevices" />
    </UnitTest>
    <UnitTest name="Validate_FirstGraceExpireShown_WithWhiteListedHardwareOnly_Success" storage="d:\actions-runner\_work\xpco\xpco\corporate\videoos.server.unittests\bin\x64\debug\net472\videoos.server.unittests.dll" id="3697a0ce-9e18-5206-1f42-a2c445978d4a">
      <TestCategory>
        <TestCategoryItem TestCategory="Licensing" />
      </TestCategory>
      <Execution id="94b2bc5b-c5bc-44d7-bf20-144b1a207b52" />
      <TestMethod codeBase="D:\actions-runner\_work\XPCO\XPCO\Corporate\VideoOS.Server.UnitTests\bin\x64\Debug\net472\VideoOS.Server.UnitTests.dll" adapterTypeName="executor://mstestadapter/v2" className="VideoOS.Server.UnitTests.Licensing.LicenseInfoXmlWriterTests" name="Validate_FirstGraceExpireShown_WithWhiteListedHardwareOnly_Success" />
    </UnitTest>
    <UnitTest name="Get_TokenIsValid_ManagerCalledWithCorrectTokenOKReturned" storage="d:\actions-runner\_work\xpco\xpco\corporate\videoos.server.unittests\bin\x64\debug\net472\videoos.server.unittests.dll" id="28c4446e-aad8-7185-ef96-d98e3c51ee97">
      <Execution id="0d262c83-085f-4d63-b16f-bfb49f11446d" />
      <TestMethod codeBase="D:\actions-runner\_work\XPCO\XPCO\Corporate\VideoOS.Server.UnitTests\bin\x64\Debug\net472\VideoOS.Server.UnitTests.dll" adapterTypeName="executor://mstestadapter/v2" className="VideoOS.Server.UnitTests.WebApi.Controllers.SecurityTokenControllerTest" name="Get_TokenIsValid_ManagerCalledWithCorrectTokenOKReturned" />
    </UnitTest>
    <UnitTest name="RecorderTaskSuccess_ModelIsValid_Executed" storage="d:\actions-runner\_work\xpco\xpco\corporate\videoos.server.unittests\bin\x64\debug\net472\videoos.server.unittests.dll" id="284e3747-200c-a346-c8de-d635cf1b6e59">
      <Execution id="813f6730-658b-42c8-8355-7672149ba868" />
      <TestMethod codeBase="D:\actions-runner\_work\XPCO\XPCO\Corporate\VideoOS.Server.UnitTests\bin\x64\Debug\net472\VideoOS.Server.UnitTests.dll" adapterTypeName="executor://mstestadapter/v2" className="VideoOS.Server.UnitTests.TaskControllerTests" name="RecorderTaskSuccess_ModelIsValid_Executed" />
    </UnitTest>
    <UnitTest name="GenerateLicenseRequestAsXml_DeviceChannelCountInXml_MultiLicenseCountWithEmptyWhitelist" storage="d:\actions-runner\_work\xpco\xpco\corporate\videoos.server.unittests\bin\x64\debug\net472\videoos.server.unittests.dll" id="97d36a8b-c673-fa27-96f4-52bb6df3dd6e">
      <TestCategory>
        <TestCategoryItem TestCategory="Licensing" />
      </TestCategory>
      <Execution id="85a2b462-4ba8-419a-8a15-4ce8ae18521c" />
      <TestMethod codeBase="D:\actions-runner\_work\XPCO\XPCO\Corporate\VideoOS.Server.UnitTests\bin\x64\Debug\net472\VideoOS.Server.UnitTests.dll" adapterTypeName="executor://mstestadapter/v2" className="VideoOS.Server.UnitTests.Licensing.LicenseRequestChannelTests" name="GenerateLicenseRequestAsXml_DeviceChannelCountInXml_MultiLicenseCountWithEmptyWhitelist" />
    </UnitTest>
    <UnitTest name="SessionDataManager_StoreAndQuery_Success" storage="d:\actions-runner\_work\xpco\xpco\corporate\videoos.server.unittests\bin\x64\debug\net472\videoos.server.unittests.dll" id="8c05e98e-7c31-13ef-bbba-0cf9b8a50b6b">
      <Execution id="620b56ee-8c93-4807-aa97-82b9862fa4de" />
      <TestMethod codeBase="D:\actions-runner\_work\XPCO\XPCO\Corporate\VideoOS.Server.UnitTests\bin\x64\Debug\net472\VideoOS.Server.UnitTests.dll" adapterTypeName="executor://mstestadapter/v2" className="VideoOS.Server.UnitTests.Tasks.SessionDataManagerTests" name="SessionDataManager_StoreAndQuery_Success" />
    </UnitTest>
    <UnitTest name="DatabaseResponseDiskUsages_ModelIsNull_BadRequestResult" storage="d:\actions-runner\_work\xpco\xpco\corporate\videoos.server.unittests\bin\x64\debug\net472\videoos.server.unittests.dll" id="8db4006b-09ed-19b8-394b-3946d8427802">
      <Execution id="258cacb2-4a02-46fd-8ff7-29c6ae702ee7" />
      <TestMethod codeBase="D:\actions-runner\_work\XPCO\XPCO\Corporate\VideoOS.Server.UnitTests\bin\x64\Debug\net472\VideoOS.Server.UnitTests.dll" adapterTypeName="executor://mstestadapter/v2" className="VideoOS.Server.UnitTests.WebApi.ResponseControllerTest" name="DatabaseResponseDiskUsages_ModelIsNull_BadRequestResult" />
    </UnitTest>
    <UnitTest name="Validate_RemoveDeviceFromChangesWithoutActivation_WithNullHardwareDeviceItem_ThrowsArgumentNullException" storage="d:\actions-runner\_work\xpco\xpco\corporate\videoos.server.unittests\bin\x64\debug\net472\videoos.server.unittests.dll" id="3506f156-8f51-bfa1-8459-a10267dc2ca5">
      <TestCategory>
        <TestCategoryItem TestCategory="Licensing" />
      </TestCategory>
      <Execution id="a68de382-d19a-4e14-8bd1-bd87bb2da1a9" />
      <TestMethod codeBase="D:\actions-runner\_work\XPCO\XPCO\Corporate\VideoOS.Server.UnitTests\bin\x64\Debug\net472\VideoOS.Server.UnitTests.dll" adapterTypeName="executor://mstestadapter/v2" className="VideoOS.Server.UnitTests.Licensing.LicenseCountManagerUnitTests" name="Validate_RemoveDeviceFromChangesWithoutActivation_WithNullHardwareDeviceItem_ThrowsArgumentNullException" />
    </UnitTest>
    <UnitTest name="HardwareActivatedOnWhiteList_ReplacedWithNoInheritance_HardwareNotOnWhiteList_MixedCWAAllowed_SomeDevicesInCWA" storage="d:\actions-runner\_work\xpco\xpco\corporate\videoos.server.unittests\bin\x64\debug\net472\videoos.server.unittests.dll" id="90eb3298-5792-97a1-e3da-cb1f4350789b">
      <TestCategory>
        <TestCategoryItem TestCategory="Licensing Replace Hardware" />
        <TestCategoryItem TestCategory="Licensing" />
      </TestCategory>
      <Execution id="e18fda54-291d-4772-9db3-f73b5b795fa4" />
      <TestMethod codeBase="D:\actions-runner\_work\XPCO\XPCO\Corporate\VideoOS.Server.UnitTests\bin\x64\Debug\net472\VideoOS.Server.UnitTests.dll" adapterTypeName="executor://mstestadapter/v2" className="VideoOS.Server.UnitTests.Licensing.LicenseAllocatorChannelTests" name="HardwareActivatedOnWhiteList_ReplacedWithNoInheritance_HardwareNotOnWhiteList_MixedCWAAllowed_SomeDevicesInCWA" />
    </UnitTest>
    <UnitTest name="AllocateLicenses_OneICPHardwareWithTenCamerasAndOneNormalHardwareWithFiveChannels_OnTenICPLicensesFiveChannelLicenses" storage="d:\actions-runner\_work\xpco\xpco\corporate\videoos.server.unittests\bin\x64\debug\net472\videoos.server.unittests.dll" id="b7c29360-216b-e7c2-a79b-240f6555d7cf">
      <TestCategory>
        <TestCategoryItem TestCategory="Licensing" />
      </TestCategory>
      <Execution id="27ca9b11-0b60-4f1f-8978-73ba983fab21" />
      <TestMethod codeBase="D:\actions-runner\_work\XPCO\XPCO\Corporate\VideoOS.Server.UnitTests\bin\x64\Debug\net472\VideoOS.Server.UnitTests.dll" adapterTypeName="executor://mstestadapter/v2" className="VideoOS.Server.UnitTests.Licensing.LicenseAllocatorChannelTests" name="AllocateLicenses_OneICPHardwareWithTenCamerasAndOneNormalHardwareWithFiveChannels_OnTenICPLicensesFiveChannelLicenses" />
    </UnitTest>
    <UnitTest name="AllocateLicenses_2ICPHardware30ChannelsAnd0NormalHardwareWith10ActivatedICP10Grace_ShouldGet10UnlicensedICP_On20ICPLicenses" storage="d:\actions-runner\_work\xpco\xpco\corporate\videoos.server.unittests\bin\x64\debug\net472\videoos.server.unittests.dll" id="f06433d6-fe74-17cb-b3eb-b56ad5a0bc11">
      <TestCategory>
        <TestCategoryItem TestCategory="Licensing" />
      </TestCategory>
      <Execution id="0f74e4a5-9f4f-4801-ba82-6e49ed0e85ff" />
      <TestMethod codeBase="D:\actions-runner\_work\XPCO\XPCO\Corporate\VideoOS.Server.UnitTests\bin\x64\Debug\net472\VideoOS.Server.UnitTests.dll" adapterTypeName="executor://mstestadapter/v2" className="VideoOS.Server.UnitTests.Licensing.LicenseAllocatorChannelTests" name="AllocateLicenses_2ICPHardware30ChannelsAnd0NormalHardwareWith10ActivatedICP10Grace_ShouldGet10UnlicensedICP_On20ICPLicenses" />
    </UnitTest>
    <UnitTest name="HardwareUnsupportedResponse_ModelIsNull_BadRequestResult" storage="d:\actions-runner\_work\xpco\xpco\corporate\videoos.server.unittests\bin\x64\debug\net472\videoos.server.unittests.dll" id="ee9226e9-7a42-d049-4837-5da1cc22dce0">
      <Execution id="ece322d7-f310-46b6-81b8-66a42afcb267" />
      <TestMethod codeBase="D:\actions-runner\_work\XPCO\XPCO\Corporate\VideoOS.Server.UnitTests\bin\x64\Debug\net472\VideoOS.Server.UnitTests.dll" adapterTypeName="executor://mstestadapter/v2" className="VideoOS.Server.UnitTests.WebApi.ResponseControllerTest" name="HardwareUnsupportedResponse_ModelIsNull_BadRequestResult" />
    </UnitTest>
    <UnitTest name="TemporaryLicensesStorage_LoadData_With_ChangesWithoutActivationToken" storage="d:\actions-runner\_work\xpco\xpco\corporate\videoos.server.unittests\bin\x64\debug\net472\videoos.server.unittests.dll" id="b3c0b65f-805a-3515-898c-2d4dce44f091">
      <Execution id="4fecd4ac-0c2c-42b6-a93d-f7bca13c6cf7" />
      <TestMethod codeBase="D:\actions-runner\_work\XPCO\XPCO\Corporate\VideoOS.Server.UnitTests\bin\x64\Debug\net472\VideoOS.Server.UnitTests.dll" adapterTypeName="executor://mstestadapter/v2" className="VideoOS.Server.UnitTests.Licensing.TemporaryLicenseStorageUnitTests" name="TemporaryLicensesStorage_LoadData_With_ChangesWithoutActivationToken" />
    </UnitTest>
    <UnitTest name="UpdateHardwareDriverCommandHandler_Constructor_Arguments_Null_Throws" storage="d:\actions-runner\_work\xpco\xpco\corporate\videoos.server.unittests\bin\x64\debug\net472\videoos.server.unittests.dll" id="d05db42a-dc66-40e0-b6b0-cc3a09010508">
      <Execution id="39211382-179b-4418-a792-b4ad876ccee8" />
      <TestMethod codeBase="D:\actions-runner\_work\XPCO\XPCO\Corporate\VideoOS.Server.UnitTests\bin\x64\Debug\net472\VideoOS.Server.UnitTests.dll" adapterTypeName="executor://mstestadapter/v2" className="VideoOS.Server.UnitTests.CommandHandler.UpdateHardwareDriverCommandHandlerTests" name="UpdateHardwareDriverCommandHandler_Constructor_Arguments_Null_Throws" />
    </UnitTest>
    <UnitTest name="UploadFileChunkCommandHandler_Execute_Failed_CannotOpenFile" storage="d:\actions-runner\_work\xpco\xpco\corporate\videoos.server.unittests\bin\x64\debug\net472\videoos.server.unittests.dll" id="5d2fed84-0a78-bba8-11ae-6b37ff9d0b15">
      <Execution id="781b8872-00f1-4da9-a63d-fcf79789b6b6" />
      <TestMethod codeBase="D:\actions-runner\_work\XPCO\XPCO\Corporate\VideoOS.Server.UnitTests\bin\x64\Debug\net472\VideoOS.Server.UnitTests.dll" adapterTypeName="executor://mstestadapter/v2" className="VideoOS.Server.UnitTests.CommandHandler.UploadFileChunkCommandHandlerUnitTests" name="UploadFileChunkCommandHandler_Execute_Failed_CannotOpenFile" />
    </UnitTest>
    <UnitTest name="MoveHardwareTaskCommandHandler_Execute_PrepareMoveHardware_SourceRecordingServerNotFound" storage="d:\actions-runner\_work\xpco\xpco\corporate\videoos.server.unittests\bin\x64\debug\net472\videoos.server.unittests.dll" id="41ce1e90-d937-c616-659c-3c5a81200d9c">
      <Execution id="8d8f8e8a-6bc5-4acb-8f50-d305999504bd" />
      <TestMethod codeBase="D:\actions-runner\_work\XPCO\XPCO\Corporate\VideoOS.Server.UnitTests\bin\x64\Debug\net472\VideoOS.Server.UnitTests.dll" adapterTypeName="executor://mstestadapter/v2" className="VideoOS.Server.UnitTests.CommandHandler.MoveHardwareTaskCommandHandlerTests" name="MoveHardwareTaskCommandHandler_Execute_PrepareMoveHardware_SourceRecordingServerNotFound" />
    </UnitTest>
    <UnitTest name="HardwareInCWANotOnWhiteList_ReplacedWithNoInheritance_HardwareOnWhiteList_MixedCWAAllowed_MoreChannelsOnReplacedHardware_NewHardwareInCWA" storage="d:\actions-runner\_work\xpco\xpco\corporate\videoos.server.unittests\bin\x64\debug\net472\videoos.server.unittests.dll" id="12a289cc-be96-5408-ab00-a38d958c6633">
      <TestCategory>
        <TestCategoryItem TestCategory="Licensing Replace Hardware" />
        <TestCategoryItem TestCategory="Licensing" />
      </TestCategory>
      <Execution id="556f0527-a26f-41ea-87da-a712ed49bf8b" />
      <TestMethod codeBase="D:\actions-runner\_work\XPCO\XPCO\Corporate\VideoOS.Server.UnitTests\bin\x64\Debug\net472\VideoOS.Server.UnitTests.dll" adapterTypeName="executor://mstestadapter/v2" className="VideoOS.Server.UnitTests.Licensing.LicenseAllocatorChannelTests" name="HardwareInCWANotOnWhiteList_ReplacedWithNoInheritance_HardwareOnWhiteList_MixedCWAAllowed_MoreChannelsOnReplacedHardware_NewHardwareInCWA" />
    </UnitTest>
    <UnitTest name="RecorderLicense_FindByRecorder_Returns_Null" storage="d:\actions-runner\_work\xpco\xpco\corporate\videoos.server.unittests\bin\x64\debug\net472\videoos.server.unittests.dll" id="ed482cb0-3892-d1f5-452c-21b3ce871889">
      <Execution id="599020cc-8488-4d37-aca7-ae1dfc9a43c6" />
      <TestMethod codeBase="D:\actions-runner\_work\XPCO\XPCO\Corporate\VideoOS.Server.UnitTests\bin\x64\Debug\net472\VideoOS.Server.UnitTests.dll" adapterTypeName="executor://mstestadapter/v2" className="VideoOS.Server.UnitTests.Licensing.LicenseSnapshotTests" name="RecorderLicense_FindByRecorder_Returns_Null" />
    </UnitTest>
    <UnitTest name="HardwareInCWANotOnWhiteList_ReplacedWithNoInheritance_HardwareOnWhiteList_CWAAllowed_FewerChannelsOnReplacedHardware_NewHardwareInCWA" storage="d:\actions-runner\_work\xpco\xpco\corporate\videoos.server.unittests\bin\x64\debug\net472\videoos.server.unittests.dll" id="a99b2e9c-c747-a074-0fc4-b91a6ac52faa">
      <TestCategory>
        <TestCategoryItem TestCategory="Licensing Replace Hardware" />
        <TestCategoryItem TestCategory="Licensing" />
      </TestCategory>
      <Execution id="9255ecba-be84-4094-88b4-5ed3b69d5861" />
      <TestMethod codeBase="D:\actions-runner\_work\XPCO\XPCO\Corporate\VideoOS.Server.UnitTests\bin\x64\Debug\net472\VideoOS.Server.UnitTests.dll" adapterTypeName="executor://mstestadapter/v2" className="VideoOS.Server.UnitTests.Licensing.LicenseAllocatorChannelTests" name="HardwareInCWANotOnWhiteList_ReplacedWithNoInheritance_HardwareOnWhiteList_CWAAllowed_FewerChannelsOnReplacedHardware_NewHardwareInCWA" />
    </UnitTest>
    <UnitTest name="CheckForAutomaticActivationTrigger_ReturnsTrue_OnDeletedHardware" storage="d:\actions-runner\_work\xpco\xpco\corporate\videoos.server.unittests\bin\x64\debug\net472\videoos.server.unittests.dll" id="638d3160-8cbe-cd9d-3f1b-90b931a0f74a">
      <TestCategory>
        <TestCategoryItem TestCategory="Licensing" />
      </TestCategory>
      <Execution id="8dd97fa8-c5a1-404a-8285-f276b7687580" />
      <TestMethod codeBase="D:\actions-runner\_work\XPCO\XPCO\Corporate\VideoOS.Server.UnitTests\bin\x64\Debug\net472\VideoOS.Server.UnitTests.dll" adapterTypeName="executor://mstestadapter/v2" className="VideoOS.Server.UnitTests.Commands.UpdateConfigurationManagerCommandHandlerTests" name="CheckForAutomaticActivationTrigger_ReturnsTrue_OnDeletedHardware" />
    </UnitTest>
    <UnitTest name="MoveHardwareTaskCommandHandler_Execute_QueryHardwareByIdGuid_SqlException_FailResponse_DatabaseCommunicationError" storage="d:\actions-runner\_work\xpco\xpco\corporate\videoos.server.unittests\bin\x64\debug\net472\videoos.server.unittests.dll" id="c8cb44f0-52f8-7568-2ad7-8436cbab499b">
      <Execution id="83b56115-6a9e-47c5-b0fa-528c984a5f14" />
      <TestMethod codeBase="D:\actions-runner\_work\XPCO\XPCO\Corporate\VideoOS.Server.UnitTests\bin\x64\Debug\net472\VideoOS.Server.UnitTests.dll" adapterTypeName="executor://mstestadapter/v2" className="VideoOS.Server.UnitTests.CommandHandler.MoveHardwareTaskCommandHandlerTests" name="MoveHardwareTaskCommandHandler_Execute_QueryHardwareByIdGuid_SqlException_FailResponse_DatabaseCommunicationError" />
    </UnitTest>
    <UnitTest name="DeleteHardwareTaskCommandHandler_Execute_Failed_Unexpected_Response" storage="d:\actions-runner\_work\xpco\xpco\corporate\videoos.server.unittests\bin\x64\debug\net472\videoos.server.unittests.dll" id="997ea862-6a21-039f-b6ec-723692d1b23a">
      <Execution id="83df25a6-899e-4951-ae34-237e75f0a182" />
      <TestMethod codeBase="D:\actions-runner\_work\XPCO\XPCO\Corporate\VideoOS.Server.UnitTests\bin\x64\Debug\net472\VideoOS.Server.UnitTests.dll" adapterTypeName="executor://mstestadapter/v2" className="VideoOS.Server.UnitTests.CommandHandler.DeleteHardwareTaskCommandHandlerTest" name="DeleteHardwareTaskCommandHandler_Execute_Failed_Unexpected_Response" />
    </UnitTest>
    <UnitTest name="RecorderLicense_AddExistingId_ReplacesCurrentLicense_Instance" storage="d:\actions-runner\_work\xpco\xpco\corporate\videoos.server.unittests\bin\x64\debug\net472\videoos.server.unittests.dll" id="c272841b-70f7-3f09-05b6-adabea36d511">
      <Execution id="5d7830ef-86dd-4335-a066-e4fcb14703f8" />
      <TestMethod codeBase="D:\actions-runner\_work\XPCO\XPCO\Corporate\VideoOS.Server.UnitTests\bin\x64\Debug\net472\VideoOS.Server.UnitTests.dll" adapterTypeName="executor://mstestadapter/v2" className="VideoOS.Server.UnitTests.Licensing.LicenseSnapshotTests" name="RecorderLicense_AddExistingId_ReplacesCurrentLicense_Instance" />
    </UnitTest>
    <UnitTest name="AnalyzeAndCreateAuditLogs_DeletedSecurityPermissionsDeviceRowWithDEVICEPTZPRIORITYAtrribute_ReturnsTwoAuditLog" storage="d:\actions-runner\_work\xpco\xpco\corporate\videoos.server.unittests\bin\x64\debug\net472\videoos.server.unittests.dll" id="7f61d5ae-c293-961d-5c60-2fd2f6f8b8a0">
      <Execution id="27584c0a-6ff7-473c-8693-f50ab9757774" />
      <TestMethod codeBase="D:\actions-runner\_work\XPCO\XPCO\Corporate\VideoOS.Server.UnitTests\bin\x64\Debug\net472\VideoOS.Server.UnitTests.dll" adapterTypeName="executor://mstestadapter/v2" className="VideoOS.Server.UnitTests.CommandHandler.DataSetAuditLogAnalyzerTests" name="AnalyzeAndCreateAuditLogs_DeletedSecurityPermissionsDeviceRowWithDEVICEPTZPRIORITYAtrribute_ReturnsTwoAuditLog" />
    </UnitTest>
    <UnitTest name="AllocateLicenses_ThreeInGrace_OnThreeHardwaresZeroCameraChannelsAndThreeAvailableLicenses" storage="d:\actions-runner\_work\xpco\xpco\corporate\videoos.server.unittests\bin\x64\debug\net472\videoos.server.unittests.dll" id="325e10cb-fddc-b22a-aef6-214176508cda">
      <TestCategory>
        <TestCategoryItem TestCategory="Licensing" />
      </TestCategory>
      <Execution id="ff947335-cbc9-4385-a376-e1d04e3babaa" />
      <TestMethod codeBase="D:\actions-runner\_work\XPCO\XPCO\Corporate\VideoOS.Server.UnitTests\bin\x64\Debug\net472\VideoOS.Server.UnitTests.dll" adapterTypeName="executor://mstestadapter/v2" className="VideoOS.Server.UnitTests.Licensing.LicenseAllocatorHardwareTests" name="AllocateLicenses_ThreeInGrace_OnThreeHardwaresZeroCameraChannelsAndThreeAvailableLicenses" />
    </UnitTest>
    <UnitTest name="SetupInitialHardwareUserCommandHandler_Constructor_ThrowsIfParameterNull" storage="d:\actions-runner\_work\xpco\xpco\corporate\videoos.server.unittests\bin\x64\debug\net472\videoos.server.unittests.dll" id="dd22f5da-b4c6-bd77-4647-4478909c740f">
      <Execution id="bececdd2-a801-4fd2-a865-030cbe63ff0b" />
      <TestMethod codeBase="D:\actions-runner\_work\XPCO\XPCO\Corporate\VideoOS.Server.UnitTests\bin\x64\Debug\net472\VideoOS.Server.UnitTests.dll" adapterTypeName="executor://mstestadapter/v2" className="VideoOS.Server.UnitTests.CommandHandler.SetupInitialHardwareUserCommandHandlerUnitTests" name="SetupInitialHardwareUserCommandHandler_Constructor_ThrowsIfParameterNull" />
    </UnitTest>
    <UnitTest name="HardwareInCWAOnWhiteList_ReplacedWithInheritance_HardwareOnWhiteList_CWAAllowed_MoreChannelsOnReplacedHardware_NewHardwareInCWA" storage="d:\actions-runner\_work\xpco\xpco\corporate\videoos.server.unittests\bin\x64\debug\net472\videoos.server.unittests.dll" id="37776d6b-55f3-8fe6-6591-db53e6b0cae0">
      <TestCategory>
        <TestCategoryItem TestCategory="Licensing Replace Hardware" />
        <TestCategoryItem TestCategory="Licensing" />
      </TestCategory>
      <Execution id="2a623387-15a6-4237-928e-fd650759970d" />
      <TestMethod codeBase="D:\actions-runner\_work\XPCO\XPCO\Corporate\VideoOS.Server.UnitTests\bin\x64\Debug\net472\VideoOS.Server.UnitTests.dll" adapterTypeName="executor://mstestadapter/v2" className="VideoOS.Server.UnitTests.Licensing.LicenseAllocatorChannelTests" name="HardwareInCWAOnWhiteList_ReplacedWithInheritance_HardwareOnWhiteList_CWAAllowed_MoreChannelsOnReplacedHardware_NewHardwareInCWA" />
    </UnitTest>
    <UnitTest name="MultiSite_ChannelBased_DifferentHardwareAndDevicesOn2Recorders_OneHwWhitelistedOneNotWhitelisted_ConsumesNoExtraLicenses" storage="d:\actions-runner\_work\xpco\xpco\corporate\videoos.server.unittests\bin\x64\debug\net472\videoos.server.unittests.dll" id="719fb9f8-861a-97b6-e205-091e10abbe96">
      <Execution id="ab015dc5-645d-4203-a464-84a7f758ec3b" />
      <TestMethod codeBase="D:\actions-runner\_work\XPCO\XPCO\Corporate\VideoOS.Server.UnitTests\bin\x64\Debug\net472\VideoOS.Server.UnitTests.dll" adapterTypeName="executor://mstestadapter/v2" className="VideoOS.Server.UnitTests.Licensing.LicenseAllocatorChannelTests" name="MultiSite_ChannelBased_DifferentHardwareAndDevicesOn2Recorders_OneHwWhitelistedOneNotWhitelisted_ConsumesNoExtraLicenses" />
    </UnitTest>
    <UnitTest name="EvidenceLockOnOldRecorderCommandHandlerTests_OldRecV1_ConfigDelete1RowEdge_Distribution" storage="d:\actions-runner\_work\xpco\xpco\corporate\videoos.server.unittests\bin\x64\debug\net472\videoos.server.unittests.dll" id="2aeebd21-0ab2-66bb-8d1a-c7e7ef4ee5ab">
      <Execution id="eebea204-2dd0-45f3-aeee-02ec201f98e9" />
      <TestMethod codeBase="D:\actions-runner\_work\XPCO\XPCO\Corporate\VideoOS.Server.UnitTests\bin\x64\Debug\net472\VideoOS.Server.UnitTests.dll" adapterTypeName="executor://mstestadapter/v2" className="VideoOS.Server.UnitTests.CommandHandler.EvidenceLockOnOldRecorderCommandHandlerTests" name="EvidenceLockOnOldRecorderCommandHandlerTests_OldRecV1_ConfigDelete1RowEdge_Distribution" />
    </UnitTest>
    <UnitTest name="EvidenceLockOnOldRecorderCommandHandlerTests_ServerIsCLosing_NoAction" storage="d:\actions-runner\_work\xpco\xpco\corporate\videoos.server.unittests\bin\x64\debug\net472\videoos.server.unittests.dll" id="2d225ce4-f0f3-62e9-1432-3146c61e9476">
      <Execution id="60478178-927c-4495-9e2a-6b2f4bb30f2a" />
      <TestMethod codeBase="D:\actions-runner\_work\XPCO\XPCO\Corporate\VideoOS.Server.UnitTests\bin\x64\Debug\net472\VideoOS.Server.UnitTests.dll" adapterTypeName="executor://mstestadapter/v2" className="VideoOS.Server.UnitTests.CommandHandler.EvidenceLockOnOldRecorderCommandHandlerTests" name="EvidenceLockOnOldRecorderCommandHandlerTests_ServerIsCLosing_NoAction" />
    </UnitTest>
    <UnitTest name="HardwareActivatedNotOnWhiteList_ReplacedWithInheritance_HardwareNotOnWhiteList_DifferentCameraChannels" storage="d:\actions-runner\_work\xpco\xpco\corporate\videoos.server.unittests\bin\x64\debug\net472\videoos.server.unittests.dll" id="e970c037-c82e-1156-9404-7620bc900a22">
      <TestCategory>
        <TestCategoryItem TestCategory="Licensing Replace Hardware" />
        <TestCategoryItem TestCategory="Licensing" />
      </TestCategory>
      <Execution id="fd0d6ba4-89bc-4bbd-a59d-d951c5ad2ccf" />
      <TestMethod codeBase="D:\actions-runner\_work\XPCO\XPCO\Corporate\VideoOS.Server.UnitTests\bin\x64\Debug\net472\VideoOS.Server.UnitTests.dll" adapterTypeName="executor://mstestadapter/v2" className="VideoOS.Server.UnitTests.Licensing.LicenseAllocatorChannelTests" name="HardwareActivatedNotOnWhiteList_ReplacedWithInheritance_HardwareNotOnWhiteList_DifferentCameraChannels" />
    </UnitTest>
    <UnitTest name="HardwareInCWANotOnWhiteList_ReplacedWithNoInheritance_HardwareOnWhiteList_CWAAllowed_NewHardwareInCWA" storage="d:\actions-runner\_work\xpco\xpco\corporate\videoos.server.unittests\bin\x64\debug\net472\videoos.server.unittests.dll" id="c60edddc-d3cb-adf6-416d-58709eef132f">
      <TestCategory>
        <TestCategoryItem TestCategory="Licensing Replace Hardware" />
        <TestCategoryItem TestCategory="Licensing" />
      </TestCategory>
      <Execution id="c7bec105-fcd9-4f0f-aab9-57e374f802e8" />
      <TestMethod codeBase="D:\actions-runner\_work\XPCO\XPCO\Corporate\VideoOS.Server.UnitTests\bin\x64\Debug\net472\VideoOS.Server.UnitTests.dll" adapterTypeName="executor://mstestadapter/v2" className="VideoOS.Server.UnitTests.Licensing.LicenseAllocatorChannelTests" name="HardwareInCWANotOnWhiteList_ReplacedWithNoInheritance_HardwareOnWhiteList_CWAAllowed_NewHardwareInCWA" />
    </UnitTest>
    <UnitTest name="UpdateLicenseState_HasInvalidState_OnFailingToVerifyLicense" storage="d:\actions-runner\_work\xpco\xpco\corporate\videoos.server.unittests\bin\x64\debug\net472\videoos.server.unittests.dll" id="154ae2d8-7e3d-3d32-aa1a-eb39b3ef8236">
      <TestCategory>
        <TestCategoryItem TestCategory="Licensing" />
      </TestCategory>
      <Execution id="5903af4d-3f5d-424b-af7e-c54d51343ef9" />
      <TestMethod codeBase="D:\actions-runner\_work\XPCO\XPCO\Corporate\VideoOS.Server.UnitTests\bin\x64\Debug\net472\VideoOS.Server.UnitTests.dll" adapterTypeName="executor://mstestadapter/v2" className="VideoOS.Server.UnitTests.Licensing.LicenseInfoXmlWriterTests" name="UpdateLicenseState_HasInvalidState_OnFailingToVerifyLicense" />
    </UnitTest>
    <UnitTest name="RecorderLicense_Remove_EmptyGuid_Throws_ArgumentException" storage="d:\actions-runner\_work\xpco\xpco\corporate\videoos.server.unittests\bin\x64\debug\net472\videoos.server.unittests.dll" id="b6582bb8-ed69-7be8-bf96-b58cae21ed22">
      <Execution id="3122640b-ec04-43fa-9f9e-fde3c24cda24" />
      <TestMethod codeBase="D:\actions-runner\_work\XPCO\XPCO\Corporate\VideoOS.Server.UnitTests\bin\x64\Debug\net472\VideoOS.Server.UnitTests.dll" adapterTypeName="executor://mstestadapter/v2" className="VideoOS.Server.UnitTests.Licensing.LicenseSnapshotTests" name="RecorderLicense_Remove_EmptyGuid_Throws_ArgumentException" />
    </UnitTest>
    <UnitTest name="AnalyzeAndCreateAuditLogs_AddedSecurityPermissionsDeviceRowWithNoTimeBackwards_ReturnsNoTimeBackwardAuditLog" storage="d:\actions-runner\_work\xpco\xpco\corporate\videoos.server.unittests\bin\x64\debug\net472\videoos.server.unittests.dll" id="08065f33-a0f0-c3db-6aad-57d3ec2a1185">
      <Execution id="8475cf52-e2de-4dcc-9e04-0b30737b86a0" />
      <TestMethod codeBase="D:\actions-runner\_work\XPCO\XPCO\Corporate\VideoOS.Server.UnitTests\bin\x64\Debug\net472\VideoOS.Server.UnitTests.dll" adapterTypeName="executor://mstestadapter/v2" className="VideoOS.Server.UnitTests.CommandHandler.DataSetAuditLogAnalyzerTests" name="AnalyzeAndCreateAuditLogs_AddedSecurityPermissionsDeviceRowWithNoTimeBackwards_ReturnsNoTimeBackwardAuditLog" />
    </UnitTest>
    <UnitTest name="EvidenceLockUpdateScheduler_Stopped_No_Commands_Issued" storage="d:\actions-runner\_work\xpco\xpco\corporate\videoos.server.unittests\bin\x64\debug\net472\videoos.server.unittests.dll" id="af207a6c-649f-b642-3f18-975653fda64d">
      <Execution id="a8d83731-66a8-4e1b-865f-7febf974aafb" />
      <TestMethod codeBase="D:\actions-runner\_work\XPCO\XPCO\Corporate\VideoOS.Server.UnitTests\bin\x64\Debug\net472\VideoOS.Server.UnitTests.dll" adapterTypeName="executor://mstestadapter/v2" className="VideoOS.Server.UnitTests.EvidenceLockUpdateSchedulerUnitTests" name="EvidenceLockUpdateScheduler_Stopped_No_Commands_Issued" />
    </UnitTest>
    <UnitTest name="AnalyzeAndCreateAuditLogs_DeletedSecurityPermissionsDeviceRowWithDEVICEPTZPRIORITYAtrributeDefaultPriority_ReturnsOneAuditLog" storage="d:\actions-runner\_work\xpco\xpco\corporate\videoos.server.unittests\bin\x64\debug\net472\videoos.server.unittests.dll" id="90bdbd11-042f-bc1b-47a8-51b71d05db21">
      <Execution id="8f81b01f-4ea5-46da-be2a-419dbdb898bd" />
      <TestMethod codeBase="D:\actions-runner\_work\XPCO\XPCO\Corporate\VideoOS.Server.UnitTests\bin\x64\Debug\net472\VideoOS.Server.UnitTests.dll" adapterTypeName="executor://mstestadapter/v2" className="VideoOS.Server.UnitTests.CommandHandler.DataSetAuditLogAnalyzerTests" name="AnalyzeAndCreateAuditLogs_DeletedSecurityPermissionsDeviceRowWithDEVICEPTZPRIORITYAtrributeDefaultPriority_ReturnsOneAuditLog" />
    </UnitTest>
    <UnitTest name="FirmwareUpgradeTaskCommandHandler_Execute_Failed_ErrorFirmwareRejected" storage="d:\actions-runner\_work\xpco\xpco\corporate\videoos.server.unittests\bin\x64\debug\net472\videoos.server.unittests.dll" id="8f30478c-81f7-18ca-7418-c5fed45513af">
      <Execution id="04c4a70b-d0fe-4cc0-ac6e-f937b8df761b" />
      <TestMethod codeBase="D:\actions-runner\_work\XPCO\XPCO\Corporate\VideoOS.Server.UnitTests\bin\x64\Debug\net472\VideoOS.Server.UnitTests.dll" adapterTypeName="executor://mstestadapter/v2" className="VideoOS.Server.UnitTests.CommandHandler.FirmwareUpgradeTaskCommandHandlerTests" name="FirmwareUpgradeTaskCommandHandler_Execute_Failed_ErrorFirmwareRejected" />
    </UnitTest>
    <UnitTest name="HardwareScanExpressTaskCommandHandler_Execute_RecorderUnavailable_FailResponse" storage="d:\actions-runner\_work\xpco\xpco\corporate\videoos.server.unittests\bin\x64\debug\net472\videoos.server.unittests.dll" id="36e0cd72-0e2e-5379-e9f4-07e1826299b9">
      <Execution id="3fde0096-997d-49b3-ae5f-b2144752ae8d" />
      <TestMethod codeBase="D:\actions-runner\_work\XPCO\XPCO\Corporate\VideoOS.Server.UnitTests\bin\x64\Debug\net472\VideoOS.Server.UnitTests.dll" adapterTypeName="executor://mstestadapter/v2" className="VideoOS.Server.UnitTests.CommandHandler.HardwareScanExpressTaskCommandHandlerTest" name="HardwareScanExpressTaskCommandHandler_Execute_RecorderUnavailable_FailResponse" />
    </UnitTest>
    <UnitTest name="ServerFileSystemResponseCreateDirectory_ModelIsValid_CommandExecuted" storage="d:\actions-runner\_work\xpco\xpco\corporate\videoos.server.unittests\bin\x64\debug\net472\videoos.server.unittests.dll" id="6905741a-5c7e-8174-5d19-04b23ae5b779">
      <Execution id="f1bfe22c-6421-4810-a04b-046ef0ea7999" />
      <TestMethod codeBase="D:\actions-runner\_work\XPCO\XPCO\Corporate\VideoOS.Server.UnitTests\bin\x64\Debug\net472\VideoOS.Server.UnitTests.dll" adapterTypeName="executor://mstestadapter/v2" className="VideoOS.Server.UnitTests.WebApi.ResponseControllerTest" name="ServerFileSystemResponseCreateDirectory_ModelIsValid_CommandExecuted" />
    </UnitTest>
    <UnitTest name="Validate_DeviceCanBeRemovedFromChangesWithoutActivation" storage="d:\actions-runner\_work\xpco\xpco\corporate\videoos.server.unittests\bin\x64\debug\net472\videoos.server.unittests.dll" id="00e0fc3e-7646-9c98-30c5-9e2b44560e94">
      <TestCategory>
        <TestCategoryItem TestCategory="Licensing" />
      </TestCategory>
      <Execution id="6c448ee2-9bb5-4ead-b584-646cf6ec7759" />
      <TestMethod codeBase="D:\actions-runner\_work\XPCO\XPCO\Corporate\VideoOS.Server.UnitTests\bin\x64\Debug\net472\VideoOS.Server.UnitTests.dll" adapterTypeName="executor://mstestadapter/v2" className="VideoOS.Server.UnitTests.Licensing.LicenseCountManagerUnitTests" name="Validate_DeviceCanBeRemovedFromChangesWithoutActivation" />
    </UnitTest>
    <UnitTest name="ErrorResponse_ModelIsValid_CommandExecuted" storage="d:\actions-runner\_work\xpco\xpco\corporate\videoos.server.unittests\bin\x64\debug\net472\videoos.server.unittests.dll" id="4edb745b-4b4d-b8b2-ec92-d585f82d95b2">
      <Execution id="63b6c5b6-ba30-45f4-b492-5be9debf2dac" />
      <TestMethod codeBase="D:\actions-runner\_work\XPCO\XPCO\Corporate\VideoOS.Server.UnitTests\bin\x64\Debug\net472\VideoOS.Server.UnitTests.dll" adapterTypeName="executor://mstestadapter/v2" className="VideoOS.Server.UnitTests.WebApi.ResponseControllerTest" name="ErrorResponse_ModelIsValid_CommandExecuted" />
    </UnitTest>
    <UnitTest name="AllocateLicenses_DisabledDevicesOnActivatedHardwareWithActivatedDevices_ShouldGoIntoGraceWhenEnabling_DisablingAndEnablingDevicesAndHardwareShouldKeepLicenseState" storage="d:\actions-runner\_work\xpco\xpco\corporate\videoos.server.unittests\bin\x64\debug\net472\videoos.server.unittests.dll" id="4d8aa69a-0251-b3d4-14d5-6ab82a48dd2f">
      <TestCategory>
        <TestCategoryItem TestCategory="Licensing" />
      </TestCategory>
      <Execution id="da59a211-ab8e-4b21-b766-e3a1710dd995" />
      <TestMethod codeBase="D:\actions-runner\_work\XPCO\XPCO\Corporate\VideoOS.Server.UnitTests\bin\x64\Debug\net472\VideoOS.Server.UnitTests.dll" adapterTypeName="executor://mstestadapter/v2" className="VideoOS.Server.UnitTests.Licensing.LicenseAllocatorChannelTests" name="AllocateLicenses_DisabledDevicesOnActivatedHardwareWithActivatedDevices_ShouldGoIntoGraceWhenEnabling_DisablingAndEnablingDevicesAndHardwareShouldKeepLicenseState" />
    </UnitTest>
    <UnitTest name="DeleteHardwareUserCommandHandler_Execute_ThrowsIfGivenWrongCommandOrNullParameters" storage="d:\actions-runner\_work\xpco\xpco\corporate\videoos.server.unittests\bin\x64\debug\net472\videoos.server.unittests.dll" id="a130a927-6b59-18c0-ec6f-96c3fadbcb3d">
      <Execution id="08edbb79-e419-450d-b61a-feebb11310d8" />
      <TestMethod codeBase="D:\actions-runner\_work\XPCO\XPCO\Corporate\VideoOS.Server.UnitTests\bin\x64\Debug\net472\VideoOS.Server.UnitTests.dll" adapterTypeName="executor://mstestadapter/v2" className="VideoOS.Server.UnitTests.CommandHandler.DeleteHardwareUserCommandHandlerServerTests" name="DeleteHardwareUserCommandHandler_Execute_ThrowsIfGivenWrongCommandOrNullParameters" />
    </UnitTest>
    <UnitTest name="PromoteNewEncryptionPassword_RecorderNotFoundException_Handled" storage="d:\actions-runner\_work\xpco\xpco\corporate\videoos.server.unittests\bin\x64\debug\net472\videoos.server.unittests.dll" id="bdf8315c-0866-8394-822f-43fe7126a554">
      <Execution id="7d89bfb8-3dbf-4eef-9288-9780a55c9ffe" />
      <TestMethod codeBase="D:\actions-runner\_work\XPCO\XPCO\Corporate\VideoOS.Server.UnitTests\bin\x64\Debug\net472\VideoOS.Server.UnitTests.dll" adapterTypeName="executor://mstestadapter/v2" className="VideoOS.Server.UnitTests.RecorderControllerTest" name="PromoteNewEncryptionPassword_RecorderNotFoundException_Handled" />
    </UnitTest>
    <UnitTest name="IsHardwareInChangesWithoutActivation_ReturnsFalse_OnHardwarewithoutTemporaryLicense" storage="d:\actions-runner\_work\xpco\xpco\corporate\videoos.server.unittests\bin\x64\debug\net472\videoos.server.unittests.dll" id="20394b1d-85cf-6874-2349-f0dfac4aa410">
      <TestCategory>
        <TestCategoryItem TestCategory="Licensing" />
      </TestCategory>
      <Execution id="88354065-c39a-4c15-b6f0-7ffd374848cd" />
      <TestMethod codeBase="D:\actions-runner\_work\XPCO\XPCO\Corporate\VideoOS.Server.UnitTests\bin\x64\Debug\net472\VideoOS.Server.UnitTests.dll" adapterTypeName="executor://mstestadapter/v2" className="VideoOS.Server.UnitTests.Licensing.LicenseManagerUnitTests" name="IsHardwareInChangesWithoutActivation_ReturnsFalse_OnHardwarewithoutTemporaryLicense" />
    </UnitTest>
    <UnitTest name="MultiSite_ChannelBased_SameHardwareAllDevicesDisabledOnRecorder1_NotWhitelisted_AllCamerasDisabled_ConsumesNoExtraLicenses" storage="d:\actions-runner\_work\xpco\xpco\corporate\videoos.server.unittests\bin\x64\debug\net472\videoos.server.unittests.dll" id="08983fcd-54fe-2816-187c-45a1c5bbec37">
      <Execution id="3c2dc69a-fc96-4609-9f6c-b67e8b860abf" />
      <TestMethod codeBase="D:\actions-runner\_work\XPCO\XPCO\Corporate\VideoOS.Server.UnitTests\bin\x64\Debug\net472\VideoOS.Server.UnitTests.dll" adapterTypeName="executor://mstestadapter/v2" className="VideoOS.Server.UnitTests.Licensing.LicenseAllocatorChannelTests" name="MultiSite_ChannelBased_SameHardwareAllDevicesDisabledOnRecorder1_NotWhitelisted_AllCamerasDisabled_ConsumesNoExtraLicenses" />
    </UnitTest>
    <UnitTest name="CreateLicenseRequest_ThrowsLicenseException_OnInvalidDocument" storage="d:\actions-runner\_work\xpco\xpco\corporate\videoos.server.unittests\bin\x64\debug\net472\videoos.server.unittests.dll" id="a458d2f4-9d49-ccf4-721d-334e9190a07e">
      <TestCategory>
        <TestCategoryItem TestCategory="Licensing" />
      </TestCategory>
      <Execution id="ddf175fc-2db3-41f6-9b4c-cd8f3c354ea8" />
      <TestMethod codeBase="D:\actions-runner\_work\XPCO\XPCO\Corporate\VideoOS.Server.UnitTests\bin\x64\Debug\net472\VideoOS.Server.UnitTests.dll" adapterTypeName="executor://mstestadapter/v2" className="VideoOS.Server.UnitTests.Licensing.LicenseManagerUnitTests" name="CreateLicenseRequest_ThrowsLicenseException_OnInvalidDocument" />
    </UnitTest>
    <UnitTest name="AllocateLicenses_OneLicenseUsed_OnOneHardwareWithOneCameraInGraceAndFourLicenses" storage="d:\actions-runner\_work\xpco\xpco\corporate\videoos.server.unittests\bin\x64\debug\net472\videoos.server.unittests.dll" id="acf03fb6-5116-f94e-d6e8-7ac4126f56f1">
      <TestCategory>
        <TestCategoryItem TestCategory="Licensing" />
      </TestCategory>
      <Execution id="56bb6c5d-983a-4d9d-abf8-04d12ad1ee54" />
      <TestMethod codeBase="D:\actions-runner\_work\XPCO\XPCO\Corporate\VideoOS.Server.UnitTests\bin\x64\Debug\net472\VideoOS.Server.UnitTests.dll" adapterTypeName="executor://mstestadapter/v2" className="VideoOS.Server.UnitTests.Licensing.LicenseAllocatorHardwareTests" name="AllocateLicenses_OneLicenseUsed_OnOneHardwareWithOneCameraInGraceAndFourLicenses" />
    </UnitTest>
    <UnitTest name="IsHardwareInChangesWithoutActivation_ReturnsTrue_OnPreviousYearDevices" storage="d:\actions-runner\_work\xpco\xpco\corporate\videoos.server.unittests\bin\x64\debug\net472\videoos.server.unittests.dll" id="0af6b612-3ebd-5e45-a89c-94611fd252c6">
      <TestCategory>
        <TestCategoryItem TestCategory="Licensing" />
      </TestCategory>
      <Execution id="a945041a-0fd1-4216-b344-be63e7e72a65" />
      <TestMethod codeBase="D:\actions-runner\_work\XPCO\XPCO\Corporate\VideoOS.Server.UnitTests\bin\x64\Debug\net472\VideoOS.Server.UnitTests.dll" adapterTypeName="executor://mstestadapter/v2" className="VideoOS.Server.UnitTests.Licensing.LicenseManagerUnitTests" name="IsHardwareInChangesWithoutActivation_ReturnsTrue_OnPreviousYearDevices" />
    </UnitTest>
    <UnitTest name="ReplaceHardwareCommandHandler_Execute_ReplaceHardware_AllDevicesInherited_Success" storage="d:\actions-runner\_work\xpco\xpco\corporate\videoos.server.unittests\bin\x64\debug\net472\videoos.server.unittests.dll" id="a0bb914f-6854-fb79-12ef-b3ea45e0991b">
      <Execution id="7741eacc-7e77-4638-9e05-ba1998b07dbb" />
      <TestMethod codeBase="D:\actions-runner\_work\XPCO\XPCO\Corporate\VideoOS.Server.UnitTests\bin\x64\Debug\net472\VideoOS.Server.UnitTests.dll" adapterTypeName="executor://mstestadapter/v2" className="VideoOS.Server.UnitTests.CommandHandler.ReplaceHardwareCommandHandlerUnitTests" name="ReplaceHardwareCommandHandler_Execute_ReplaceHardware_AllDevicesInherited_Success" />
    </UnitTest>
    <UnitTest name="GetConnectedClient_MultipleCalls_DoesNotReturnSameClient" storage="d:\actions-runner\_work\xpco\xpco\corporate\videoos.server.unittests\bin\x64\debug\net472\videoos.server.unittests.dll" id="ab24419a-86d1-7329-f45f-11c1dd6a023f">
      <Execution id="18f27013-5c91-4306-9a42-64e2db36825c" />
      <TestMethod codeBase="D:\actions-runner\_work\XPCO\XPCO\Corporate\VideoOS.Server.UnitTests\bin\x64\Debug\net472\VideoOS.Server.UnitTests.dll" adapterTypeName="executor://mstestadapter/v2" className="VideoOS.Server.UnitTests.CommandHandler.VmoClientsPoolTests" name="GetConnectedClient_MultipleCalls_DoesNotReturnSameClient" />
    </UnitTest>
    <UnitTest name="AllocateLicenses_NotActivated_TwoDevice_SixCameraChannels_NotEnoughLicensesForDevicesInGracePeriod" storage="d:\actions-runner\_work\xpco\xpco\corporate\videoos.server.unittests\bin\x64\debug\net472\videoos.server.unittests.dll" id="661f631a-85a7-065b-6ac4-6862fc678c2b">
      <TestCategory>
        <TestCategoryItem TestCategory="Licensing" />
      </TestCategory>
      <Execution id="9725cc1b-b7ca-44e1-9ff3-0f93a9977719" />
      <TestMethod codeBase="D:\actions-runner\_work\XPCO\XPCO\Corporate\VideoOS.Server.UnitTests\bin\x64\Debug\net472\VideoOS.Server.UnitTests.dll" adapterTypeName="executor://mstestadapter/v2" className="VideoOS.Server.UnitTests.Licensing.LicenseAllocatorChannelTests" name="AllocateLicenses_NotActivated_TwoDevice_SixCameraChannels_NotEnoughLicensesForDevicesInGracePeriod" />
    </UnitTest>
    <UnitTest name="MoveHardwareTaskCommandHandler_Execute_TargetRecorder_StorageOffline_FailResponse" storage="d:\actions-runner\_work\xpco\xpco\corporate\videoos.server.unittests\bin\x64\debug\net472\videoos.server.unittests.dll" id="04c34e7c-e78e-7563-7994-efef96d7f7b4">
      <Execution id="cf7b19ac-7650-4cf9-aae4-0d49ed7003d9" />
      <TestMethod codeBase="D:\actions-runner\_work\XPCO\XPCO\Corporate\VideoOS.Server.UnitTests\bin\x64\Debug\net472\VideoOS.Server.UnitTests.dll" adapterTypeName="executor://mstestadapter/v2" className="VideoOS.Server.UnitTests.CommandHandler.MoveHardwareTaskCommandHandlerTests" name="MoveHardwareTaskCommandHandler_Execute_TargetRecorder_StorageOffline_FailResponse" />
    </UnitTest>
    <UnitTest name="ProcessConfigurationChangeTasks_UpdateInsertInsert__Inserts_Batched" storage="d:\actions-runner\_work\xpco\xpco\corporate\videoos.server.unittests\bin\x64\debug\net472\videoos.server.unittests.dll" id="8ee9e6d7-7345-e79f-5e97-9bf89699dd46">
      <Execution id="646e4290-4956-4300-9b23-b77de79c57cd" />
      <TestMethod codeBase="D:\actions-runner\_work\XPCO\XPCO\Corporate\VideoOS.Server.UnitTests\bin\x64\Debug\net472\VideoOS.Server.UnitTests.dll" adapterTypeName="executor://mstestadapter/v2" className="VideoOS.Server.UnitTests.Tasks.ServerTaskBatchHandlerUnitTests" name="ProcessConfigurationChangeTasks_UpdateInsertInsert__Inserts_Batched" />
    </UnitTest>
    <UnitTest name="HardwareInCWAOnWhiteList_ReplacedWithNoInheritance_HardwareOnWhiteList_MixedCWAAllowed_SomeDevicesInCWA" storage="d:\actions-runner\_work\xpco\xpco\corporate\videoos.server.unittests\bin\x64\debug\net472\videoos.server.unittests.dll" id="38ae8859-aeae-4431-0005-158dc0dca1ba">
      <TestCategory>
        <TestCategoryItem TestCategory="Licensing Replace Hardware" />
        <TestCategoryItem TestCategory="Licensing" />
      </TestCategory>
      <Execution id="a268ad00-a995-4f5e-80ed-cc69c3f51871" />
      <TestMethod codeBase="D:\actions-runner\_work\XPCO\XPCO\Corporate\VideoOS.Server.UnitTests\bin\x64\Debug\net472\VideoOS.Server.UnitTests.dll" adapterTypeName="executor://mstestadapter/v2" className="VideoOS.Server.UnitTests.Licensing.LicenseAllocatorChannelTests" name="HardwareInCWAOnWhiteList_ReplacedWithNoInheritance_HardwareOnWhiteList_MixedCWAAllowed_SomeDevicesInCWA" />
    </UnitTest>
    <UnitTest name="AsyncTaskMonitor_ServerClosing_NoEventsTriggered" storage="d:\actions-runner\_work\xpco\xpco\corporate\videoos.server.unittests\bin\x64\debug\net472\videoos.server.unittests.dll" id="9138da6b-802d-2432-3bc3-7ca04202230b">
      <Execution id="01952786-e258-4fd5-9786-3331f1c07259" />
      <TestMethod codeBase="D:\actions-runner\_work\XPCO\XPCO\Corporate\VideoOS.Server.UnitTests\bin\x64\Debug\net472\VideoOS.Server.UnitTests.dll" adapterTypeName="executor://mstestadapter/v2" className="VideoOS.Server.UnitTests.Tasks.AsyncTaskMonitorUnitTests" name="AsyncTaskMonitor_ServerClosing_NoEventsTriggered" />
    </UnitTest>
    <UnitTest name="MessageManagerResponseCollector_GetNextResponse_Timeout" storage="d:\actions-runner\_work\xpco\xpco\corporate\videoos.server.unittests\bin\x64\debug\net472\videoos.server.unittests.dll" id="4a9ee53d-4492-6d40-8fa6-c23adf2b7cfc">
      <Execution id="8a3781d4-3ab8-4e1d-b459-77164b998f8e" />
      <TestMethod codeBase="D:\actions-runner\_work\XPCO\XPCO\Corporate\VideoOS.Server.UnitTests\bin\x64\Debug\net472\VideoOS.Server.UnitTests.dll" adapterTypeName="executor://mstestadapter/v2" className="VideoOS.Server.UnitTests.MessageManagerResponseCollectorUnitTests" name="MessageManagerResponseCollector_GetNextResponse_Timeout" />
    </UnitTest>
    <UnitTest name="ChangeHardwarePasswordTaskCommandHandler_Execute_Failed_NetworkError_Response" storage="d:\actions-runner\_work\xpco\xpco\corporate\videoos.server.unittests\bin\x64\debug\net472\videoos.server.unittests.dll" id="23eea2e8-4a64-669d-22d7-48b7f57675df">
      <Execution id="b3768ec8-e89a-4c2e-9fa6-0b9dc2cbf398" />
      <TestMethod codeBase="D:\actions-runner\_work\XPCO\XPCO\Corporate\VideoOS.Server.UnitTests\bin\x64\Debug\net472\VideoOS.Server.UnitTests.dll" adapterTypeName="executor://mstestadapter/v2" className="VideoOS.Server.UnitTests.CommandHandler.ChangeHardwarePasswordTaskCommandHandlerTests" name="ChangeHardwarePasswordTaskCommandHandler_Execute_Failed_NetworkError_Response" />
    </UnitTest>
    <UnitTest name="HardwareLicense_InsertThenUpdate_ShouldRemainWithInsertFlag" storage="d:\actions-runner\_work\xpco\xpco\corporate\videoos.server.unittests\bin\x64\debug\net472\videoos.server.unittests.dll" id="9402868f-64db-73ab-539a-d8a78b10e01e">
      <Execution id="655ddfcd-79d6-48e7-abce-6b553e6e084f" />
      <TestMethod codeBase="D:\actions-runner\_work\XPCO\XPCO\Corporate\VideoOS.Server.UnitTests\bin\x64\Debug\net472\VideoOS.Server.UnitTests.dll" adapterTypeName="executor://mstestadapter/v2" className="VideoOS.Server.UnitTests.Licensing.LicenseSnapshotTests" name="HardwareLicense_InsertThenUpdate_ShouldRemainWithInsertFlag" />
    </UnitTest>
    <UnitTest name="HardwareActivatedOnWhiteList_ReplacedWithInheritance_HardwareOnWhiteList_CWAAllowed_NewHardwareInCWA" storage="d:\actions-runner\_work\xpco\xpco\corporate\videoos.server.unittests\bin\x64\debug\net472\videoos.server.unittests.dll" id="3a57acb2-3a31-781d-767d-d0497ee35db7">
      <TestCategory>
        <TestCategoryItem TestCategory="Licensing Replace Hardware" />
        <TestCategoryItem TestCategory="Licensing" />
      </TestCategory>
      <Execution id="f43ac115-709f-4f37-8c8a-430fca5be5c0" />
      <TestMethod codeBase="D:\actions-runner\_work\XPCO\XPCO\Corporate\VideoOS.Server.UnitTests\bin\x64\Debug\net472\VideoOS.Server.UnitTests.dll" adapterTypeName="executor://mstestadapter/v2" className="VideoOS.Server.UnitTests.Licensing.LicenseAllocatorChannelTests" name="HardwareActivatedOnWhiteList_ReplacedWithInheritance_HardwareOnWhiteList_CWAAllowed_NewHardwareInCWA" />
    </UnitTest>
    <UnitTest name="CheckConfigurationDataSetTest_RecorderMulticastNotLicensedSuccess" storage="d:\actions-runner\_work\xpco\xpco\corporate\videoos.server.unittests\bin\x64\debug\net472\videoos.server.unittests.dll" id="c4f124bd-72f7-5c60-a168-23fdc3119cac">
      <Execution id="bfcf00f6-29b8-4b57-9982-0005ff7c84d5" />
      <TestMethod codeBase="D:\actions-runner\_work\XPCO\XPCO\Corporate\VideoOS.Server.UnitTests\bin\x64\Debug\net472\VideoOS.Server.UnitTests.dll" adapterTypeName="executor://mstestadapter/v2" className="VideoOS.Server.UnitTests.Licensing.LicenseFeatureCheckerTest" name="CheckConfigurationDataSetTest_RecorderMulticastNotLicensedSuccess" />
    </UnitTest>
    <UnitTest name="FirmwareUpgradeTaskCommandHandler_Clone_Returns_Same_Reference" storage="d:\actions-runner\_work\xpco\xpco\corporate\videoos.server.unittests\bin\x64\debug\net472\videoos.server.unittests.dll" id="937f7ec7-f623-4da3-e7e0-77a290e1c465">
      <Execution id="2887c66c-ca8c-4efb-a824-1fc741e90c22" />
      <TestMethod codeBase="D:\actions-runner\_work\XPCO\XPCO\Corporate\VideoOS.Server.UnitTests\bin\x64\Debug\net472\VideoOS.Server.UnitTests.dll" adapterTypeName="executor://mstestadapter/v2" className="VideoOS.Server.UnitTests.CommandHandler.FirmwareUpgradeTaskCommandHandlerTests" name="FirmwareUpgradeTaskCommandHandler_Clone_Returns_Same_Reference" />
    </UnitTest>
    <UnitTest name="EvidenceLockOnOldRecorderCommandHandlerTests_OldRecV1_ConfigDelete1RowEdge_NoDistribution" storage="d:\actions-runner\_work\xpco\xpco\corporate\videoos.server.unittests\bin\x64\debug\net472\videoos.server.unittests.dll" id="75d2b5a5-01b3-26a2-2d8d-99f4e8785b1f">
      <Execution id="67ed37c5-0f15-49d7-a5b0-78a001d6f653" />
      <TestMethod codeBase="D:\actions-runner\_work\XPCO\XPCO\Corporate\VideoOS.Server.UnitTests\bin\x64\Debug\net472\VideoOS.Server.UnitTests.dll" adapterTypeName="executor://mstestadapter/v2" className="VideoOS.Server.UnitTests.CommandHandler.EvidenceLockOnOldRecorderCommandHandlerTests" name="EvidenceLockOnOldRecorderCommandHandlerTests_OldRecV1_ConfigDelete1RowEdge_NoDistribution" />
    </UnitTest>
    <UnitTest name="HardwareActivatedNotOnWhiteList_NoCameraChannels_ReplacedWith_HardwareNotOnWhiteList_WithCameraChannels_SomeGraceSomeCWA" storage="d:\actions-runner\_work\xpco\xpco\corporate\videoos.server.unittests\bin\x64\debug\net472\videoos.server.unittests.dll" id="f0017bc8-c9d8-b066-4987-77f2c486bde7">
      <TestCategory>
        <TestCategoryItem TestCategory="Licensing Replace Hardware" />
        <TestCategoryItem TestCategory="Licensing" />
      </TestCategory>
      <Execution id="606ffb1b-a3ea-4a95-ac86-bc62e64fb1d4" />
      <TestMethod codeBase="D:\actions-runner\_work\XPCO\XPCO\Corporate\VideoOS.Server.UnitTests\bin\x64\Debug\net472\VideoOS.Server.UnitTests.dll" adapterTypeName="executor://mstestadapter/v2" className="VideoOS.Server.UnitTests.Licensing.LicenseAllocatorChannelTests" name="HardwareActivatedNotOnWhiteList_NoCameraChannels_ReplacedWith_HardwareNotOnWhiteList_WithCameraChannels_SomeGraceSomeCWA" />
    </UnitTest>
    <UnitTest name="CheckForAutomaticActivationTrigger_ReturnsTrue_OnDisabledDevice" storage="d:\actions-runner\_work\xpco\xpco\corporate\videoos.server.unittests\bin\x64\debug\net472\videoos.server.unittests.dll" id="cb29dac1-8764-e240-82e6-34668ec60cf1">
      <TestCategory>
        <TestCategoryItem TestCategory="Licensing" />
      </TestCategory>
      <Execution id="c8a45f6c-dc7f-494b-81c4-542843214a6a" />
      <TestMethod codeBase="D:\actions-runner\_work\XPCO\XPCO\Corporate\VideoOS.Server.UnitTests\bin\x64\Debug\net472\VideoOS.Server.UnitTests.dll" adapterTypeName="executor://mstestadapter/v2" className="VideoOS.Server.UnitTests.Commands.UpdateConfigurationManagerCommandHandlerTests" name="CheckForAutomaticActivationTrigger_ReturnsTrue_OnDisabledDevice" />
    </UnitTest>
    <UnitTest name="ChangeHardwarePasswordTaskCommandHandler_Execute_Failed_ExceptionResponse" storage="d:\actions-runner\_work\xpco\xpco\corporate\videoos.server.unittests\bin\x64\debug\net472\videoos.server.unittests.dll" id="f6fbd111-7c7f-0e56-9651-5894ead3ac95">
      <Execution id="350580d9-6450-49c4-b665-cbcb6893de31" />
      <TestMethod codeBase="D:\actions-runner\_work\XPCO\XPCO\Corporate\VideoOS.Server.UnitTests\bin\x64\Debug\net472\VideoOS.Server.UnitTests.dll" adapterTypeName="executor://mstestadapter/v2" className="VideoOS.Server.UnitTests.CommandHandler.ChangeHardwarePasswordTaskCommandHandlerTests" name="ChangeHardwarePasswordTaskCommandHandler_Execute_Failed_ExceptionResponse" />
    </UnitTest>
    <UnitTest name="ServerFileSystemResponseQueryDrives_ModelIsValid_CommandExecuted" storage="d:\actions-runner\_work\xpco\xpco\corporate\videoos.server.unittests\bin\x64\debug\net472\videoos.server.unittests.dll" id="ab91da9c-0e86-f635-ac5f-67e2ac6c00d5">
      <Execution id="3df98a3f-24b5-4d51-900c-2e3ad621b77f" />
      <TestMethod codeBase="D:\actions-runner\_work\XPCO\XPCO\Corporate\VideoOS.Server.UnitTests\bin\x64\Debug\net472\VideoOS.Server.UnitTests.dll" adapterTypeName="executor://mstestadapter/v2" className="VideoOS.Server.UnitTests.WebApi.ResponseControllerTest" name="ServerFileSystemResponseQueryDrives_ModelIsValid_CommandExecuted" />
    </UnitTest>
    <UnitTest name="IsActivationNeeded_True_ICP_DeviceAdded" storage="d:\actions-runner\_work\xpco\xpco\corporate\videoos.server.unittests\bin\x64\debug\net472\videoos.server.unittests.dll" id="7ab8caca-a3ee-e6e6-36c5-2bcba348b5a2">
      <TestCategory>
        <TestCategoryItem TestCategory="Licensing" />
      </TestCategory>
      <Execution id="fb59e62b-d488-48a9-abab-fe27d251d02d" />
      <TestMethod codeBase="D:\actions-runner\_work\XPCO\XPCO\Corporate\VideoOS.Server.UnitTests\bin\x64\Debug\net472\VideoOS.Server.UnitTests.dll" adapterTypeName="executor://mstestadapter/v2" className="VideoOS.Server.UnitTests.Licensing.LicenseManagerUnitTests" name="IsActivationNeeded_True_ICP_DeviceAdded" />
    </UnitTest>
    <UnitTest name="Ctor_LogReceiverNull_ThrowsArgumentNullException" storage="d:\actions-runner\_work\xpco\xpco\corporate\videoos.server.unittests\bin\x64\debug\net472\videoos.server.unittests.dll" id="40fefcc0-5c6a-3a59-b214-d27d27c34cf3">
      <Execution id="b2a87f16-931e-41a1-877a-b360f702de61" />
      <TestMethod codeBase="D:\actions-runner\_work\XPCO\XPCO\Corporate\VideoOS.Server.UnitTests\bin\x64\Debug\net472\VideoOS.Server.UnitTests.dll" adapterTypeName="executor://mstestadapter/v2" className="VideoOS.Server.UnitTests.Log.IdpLogRetrieverTests" name="Ctor_LogReceiverNull_ThrowsArgumentNullException" />
    </UnitTest>
    <UnitTest name="CheckForAutomaticActivationTrigger_ReturnsTrue_OnDisabledHardware" storage="d:\actions-runner\_work\xpco\xpco\corporate\videoos.server.unittests\bin\x64\debug\net472\videoos.server.unittests.dll" id="907efd45-d2e0-1d11-fdb2-9915a1d00c6d">
      <TestCategory>
        <TestCategoryItem TestCategory="Licensing" />
      </TestCategory>
      <Execution id="c52da3ab-6cad-4b99-a806-89593264e216" />
      <TestMethod codeBase="D:\actions-runner\_work\XPCO\XPCO\Corporate\VideoOS.Server.UnitTests\bin\x64\Debug\net472\VideoOS.Server.UnitTests.dll" adapterTypeName="executor://mstestadapter/v2" className="VideoOS.Server.UnitTests.Commands.UpdateConfigurationManagerCommandHandlerTests" name="CheckForAutomaticActivationTrigger_ReturnsTrue_OnDisabledHardware" />
    </UnitTest>
    <UnitTest name="DeviceDataDistributionManager_CleanupAll_DeleteFromDbThrowsSqlException_Handled" storage="d:\actions-runner\_work\xpco\xpco\corporate\videoos.server.unittests\bin\x64\debug\net472\videoos.server.unittests.dll" id="95ef2841-25eb-f0ae-10b5-380cc89d18bd">
      <Execution id="b22409b8-f3c6-4d03-9eff-53e0258e3427" />
      <TestMethod codeBase="D:\actions-runner\_work\XPCO\XPCO\Corporate\VideoOS.Server.UnitTests\bin\x64\Debug\net472\VideoOS.Server.UnitTests.dll" adapterTypeName="executor://mstestadapter/v2" className="VideoOS.Server.UnitTests.DeviceDataDistributionManagerUnitTests" name="DeviceDataDistributionManager_CleanupAll_DeleteFromDbThrowsSqlException_Handled" />
    </UnitTest>
    <UnitTest name="Start_TokenDoesNotHaveCorrectScope_ThrowsInvalidOperationException" storage="d:\actions-runner\_work\xpco\xpco\corporate\videoos.server.unittests\bin\x64\debug\net472\videoos.server.unittests.dll" id="1010ec3e-15f5-6176-baaa-337dbb856417">
      <Execution id="b3353d99-5066-4d36-afa1-7b3affd09527" />
      <TestMethod codeBase="D:\actions-runner\_work\XPCO\XPCO\Corporate\VideoOS.Server.UnitTests\bin\x64\Debug\net472\VideoOS.Server.UnitTests.dll" adapterTypeName="executor://mstestadapter/v2" className="VideoOS.Server.UnitTests.Log.IdpLogRetrieverTests" name="Start_TokenDoesNotHaveCorrectScope_ThrowsInvalidOperationException" />
    </UnitTest>
    <UnitTest name="HardwareActivatedNotOnWhiteList_ReplacedWithInheritance_HardwareNotOnWhiteList_DifferentCameraChannelsInCWA" storage="d:\actions-runner\_work\xpco\xpco\corporate\videoos.server.unittests\bin\x64\debug\net472\videoos.server.unittests.dll" id="d8f7e6aa-6f47-5e60-ef5d-ae788dc5b1b3">
      <TestCategory>
        <TestCategoryItem TestCategory="Licensing Replace Hardware" />
        <TestCategoryItem TestCategory="Licensing" />
      </TestCategory>
      <Execution id="f30cfa20-2b72-4feb-a037-22099dd296b0" />
      <TestMethod codeBase="D:\actions-runner\_work\XPCO\XPCO\Corporate\VideoOS.Server.UnitTests\bin\x64\Debug\net472\VideoOS.Server.UnitTests.dll" adapterTypeName="executor://mstestadapter/v2" className="VideoOS.Server.UnitTests.Licensing.LicenseAllocatorChannelTests" name="HardwareActivatedNotOnWhiteList_ReplacedWithInheritance_HardwareNotOnWhiteList_DifferentCameraChannelsInCWA" />
    </UnitTest>
    <UnitTest name="AllocateLicenses_OneICPHardwareWithTenCamerasNoNormalHardware_OnTenICPLicenses" storage="d:\actions-runner\_work\xpco\xpco\corporate\videoos.server.unittests\bin\x64\debug\net472\videoos.server.unittests.dll" id="2a9b3a3d-4f97-55c6-855a-5890500f2aa0">
      <TestCategory>
        <TestCategoryItem TestCategory="Licensing" />
      </TestCategory>
      <Execution id="872b2922-472a-4075-b41e-bbb5b5d4d610" />
      <TestMethod codeBase="D:\actions-runner\_work\XPCO\XPCO\Corporate\VideoOS.Server.UnitTests\bin\x64\Debug\net472\VideoOS.Server.UnitTests.dll" adapterTypeName="executor://mstestadapter/v2" className="VideoOS.Server.UnitTests.Licensing.LicenseAllocatorChannelTests" name="AllocateLicenses_OneICPHardwareWithTenCamerasNoNormalHardware_OnTenICPLicenses" />
    </UnitTest>
    <UnitTest name="AttachedRecorder_GetRecorderEntry_Success" storage="d:\actions-runner\_work\xpco\xpco\corporate\videoos.server.unittests\bin\x64\debug\net472\videoos.server.unittests.dll" id="937df9c4-c878-f529-8b77-c1ccd47d0caa">
      <Execution id="fd490d69-8359-4e6c-ae94-eafc60c7c9ea" />
      <TestMethod codeBase="D:\actions-runner\_work\XPCO\XPCO\Corporate\VideoOS.Server.UnitTests\bin\x64\Debug\net472\VideoOS.Server.UnitTests.dll" adapterTypeName="executor://mstestadapter/v2" className="VideoOS.Server.UnitTests.AttachedRecorderTests" name="AttachedRecorder_GetRecorderEntry_Success" />
    </UnitTest>
    <UnitTest name="HardwareInCWAOnWhiteList_ReplacedWithNoInheritance_HardwareNotOnWhiteList_NoMoreCWAAllowed_MoreChannelsOnReplacedHardware_NewDevicesInGrace" storage="d:\actions-runner\_work\xpco\xpco\corporate\videoos.server.unittests\bin\x64\debug\net472\videoos.server.unittests.dll" id="488cc526-7ee7-e906-0b8a-9517bd5208dd">
      <TestCategory>
        <TestCategoryItem TestCategory="Licensing Replace Hardware" />
        <TestCategoryItem TestCategory="Licensing" />
      </TestCategory>
      <Execution id="b9a4b24b-cd1b-474d-b0c3-6af47590ef22" />
      <TestMethod codeBase="D:\actions-runner\_work\XPCO\XPCO\Corporate\VideoOS.Server.UnitTests\bin\x64\Debug\net472\VideoOS.Server.UnitTests.dll" adapterTypeName="executor://mstestadapter/v2" className="VideoOS.Server.UnitTests.Licensing.LicenseAllocatorChannelTests" name="HardwareInCWAOnWhiteList_ReplacedWithNoInheritance_HardwareNotOnWhiteList_NoMoreCWAAllowed_MoreChannelsOnReplacedHardware_NewDevicesInGrace" />
    </UnitTest>
    <UnitTest name="DeleteIdpUserTaskCommandHandlerTests_Clone_Returns_Same_Reference" storage="d:\actions-runner\_work\xpco\xpco\corporate\videoos.server.unittests\bin\x64\debug\net472\videoos.server.unittests.dll" id="58141a4e-f059-9b6b-e088-301262858edb">
      <Execution id="3088d3cd-f507-40d6-b10d-d0eba05da052" />
      <TestMethod codeBase="D:\actions-runner\_work\XPCO\XPCO\Corporate\VideoOS.Server.UnitTests\bin\x64\Debug\net472\VideoOS.Server.UnitTests.dll" adapterTypeName="executor://mstestadapter/v2" className="VideoOS.Server.UnitTests.CommandHandler.DeleteIdpUserTaskCommandHandlerTests" name="DeleteIdpUserTaskCommandHandlerTests_Clone_Returns_Same_Reference" />
    </UnitTest>
    <UnitTest name="RecorderTaskSuccess_ModelIsNull_BadRequestResult" storage="d:\actions-runner\_work\xpco\xpco\corporate\videoos.server.unittests\bin\x64\debug\net472\videoos.server.unittests.dll" id="71d4b32f-7371-e627-ac04-661a1fea9f42">
      <Execution id="06c6c248-ce2a-4b47-99b8-a941148e7bb1" />
      <TestMethod codeBase="D:\actions-runner\_work\XPCO\XPCO\Corporate\VideoOS.Server.UnitTests\bin\x64\Debug\net472\VideoOS.Server.UnitTests.dll" adapterTypeName="executor://mstestadapter/v2" className="VideoOS.Server.UnitTests.TaskControllerTests" name="RecorderTaskSuccess_ModelIsNull_BadRequestResult" />
    </UnitTest>
    <UnitTest name="IsActivationNeeded_True_ICP_DeviceRemoved" storage="d:\actions-runner\_work\xpco\xpco\corporate\videoos.server.unittests\bin\x64\debug\net472\videoos.server.unittests.dll" id="62f74a3d-718e-71c3-9049-7f1099887d7e">
      <TestCategory>
        <TestCategoryItem TestCategory="Licensing" />
      </TestCategory>
      <Execution id="47e5f21e-2c46-4967-bb92-16abc0b3355a" />
      <TestMethod codeBase="D:\actions-runner\_work\XPCO\XPCO\Corporate\VideoOS.Server.UnitTests\bin\x64\Debug\net472\VideoOS.Server.UnitTests.dll" adapterTypeName="executor://mstestadapter/v2" className="VideoOS.Server.UnitTests.Licensing.LicenseManagerUnitTests" name="IsActivationNeeded_True_ICP_DeviceRemoved" />
    </UnitTest>
    <UnitTest name="HardwareLicense_GetExpireDate_NoneExistingItem_Returns_MinDate" storage="d:\actions-runner\_work\xpco\xpco\corporate\videoos.server.unittests\bin\x64\debug\net472\videoos.server.unittests.dll" id="72cc7bae-2eb8-2914-d69b-6c5c4b0f01b9">
      <Execution id="f9f1712a-e442-41fe-a663-4127e61dd306" />
      <TestMethod codeBase="D:\actions-runner\_work\XPCO\XPCO\Corporate\VideoOS.Server.UnitTests\bin\x64\Debug\net472\VideoOS.Server.UnitTests.dll" adapterTypeName="executor://mstestadapter/v2" className="VideoOS.Server.UnitTests.Licensing.LicenseSnapshotTests" name="HardwareLicense_GetExpireDate_NoneExistingItem_Returns_MinDate" />
    </UnitTest>
    <UnitTest name="DeleteConfigurationItemCommandHandler_Execute_NonExistingTable_ArgumentException" storage="d:\actions-runner\_work\xpco\xpco\corporate\videoos.server.unittests\bin\x64\debug\net472\videoos.server.unittests.dll" id="136f250b-a2a4-4bce-2149-25b21eedfaea">
      <Execution id="3b07240b-0b96-47ce-ab7d-154a7e9304de" />
      <TestMethod codeBase="D:\actions-runner\_work\XPCO\XPCO\Corporate\VideoOS.Server.UnitTests\bin\x64\Debug\net472\VideoOS.Server.UnitTests.dll" adapterTypeName="executor://mstestadapter/v2" className="VideoOS.Server.UnitTests.CommandHandler.DeleteConfigurationItemCommandHandlerUnitTests" name="DeleteConfigurationItemCommandHandler_Execute_NonExistingTable_ArgumentException" />
    </UnitTest>
    <UnitTest name="ReportMediaStatusCommand_ModelIsNull_BadRequestResult" storage="d:\actions-runner\_work\xpco\xpco\corporate\videoos.server.unittests\bin\x64\debug\net472\videoos.server.unittests.dll" id="4b6d3c32-4c2d-4074-3049-382f11a02e0b">
      <Execution id="cc66be0e-f7d1-4752-8eb7-ba97de0a7e9a" />
      <TestMethod codeBase="D:\actions-runner\_work\XPCO\XPCO\Corporate\VideoOS.Server.UnitTests\bin\x64\Debug\net472\VideoOS.Server.UnitTests.dll" adapterTypeName="executor://mstestadapter/v2" className="VideoOS.Server.UnitTests.DatabaseCommandsControllerTests" name="ReportMediaStatusCommand_ModelIsNull_BadRequestResult" />
    </UnitTest>
    <UnitTest name="DeleteHardwareUserCommandHandler_Execute_ReturnsFailResponseOnEmptyRecorderId" storage="d:\actions-runner\_work\xpco\xpco\corporate\videoos.server.unittests\bin\x64\debug\net472\videoos.server.unittests.dll" id="082ecd90-cd6a-08dc-44f3-b3a9132568e3">
      <Execution id="08891ee7-4264-4d0c-9ee2-6229cdc21c2d" />
      <TestMethod codeBase="D:\actions-runner\_work\XPCO\XPCO\Corporate\VideoOS.Server.UnitTests\bin\x64\Debug\net472\VideoOS.Server.UnitTests.dll" adapterTypeName="executor://mstestadapter/v2" className="VideoOS.Server.UnitTests.CommandHandler.DeleteHardwareUserCommandHandlerServerTests" name="DeleteHardwareUserCommandHandler_Execute_ReturnsFailResponseOnEmptyRecorderId" />
    </UnitTest>
    <UnitTest name="HardwareInCWANotOnWhiteList_ReplacedWithNoInheritance_HardwareOnWhiteList_NoMoreCWAAllowed_NewHardwareInGrace" storage="d:\actions-runner\_work\xpco\xpco\corporate\videoos.server.unittests\bin\x64\debug\net472\videoos.server.unittests.dll" id="39a3d7f7-c33b-5946-818d-71ebe782f69c">
      <TestCategory>
        <TestCategoryItem TestCategory="Licensing Replace Hardware" />
        <TestCategoryItem TestCategory="Licensing" />
      </TestCategory>
      <Execution id="e7cf5c0e-3b44-4380-824a-bf55495a275f" />
      <TestMethod codeBase="D:\actions-runner\_work\XPCO\XPCO\Corporate\VideoOS.Server.UnitTests\bin\x64\Debug\net472\VideoOS.Server.UnitTests.dll" adapterTypeName="executor://mstestadapter/v2" className="VideoOS.Server.UnitTests.Licensing.LicenseAllocatorChannelTests" name="HardwareInCWANotOnWhiteList_ReplacedWithNoInheritance_HardwareOnWhiteList_NoMoreCWAAllowed_NewHardwareInGrace" />
    </UnitTest>
    <UnitTest name="ChangeHardwarePasswordTaskCommandHandler_Execute_Failed_PasswordOrUserLevelMayNotBeChanged_Response" storage="d:\actions-runner\_work\xpco\xpco\corporate\videoos.server.unittests\bin\x64\debug\net472\videoos.server.unittests.dll" id="99bc1406-b650-0f2c-9f06-c90460b955bc">
      <Execution id="7cd6dfe2-5172-47cc-aeb5-ec942ad19e5b" />
      <TestMethod codeBase="D:\actions-runner\_work\XPCO\XPCO\Corporate\VideoOS.Server.UnitTests\bin\x64\Debug\net472\VideoOS.Server.UnitTests.dll" adapterTypeName="executor://mstestadapter/v2" className="VideoOS.Server.UnitTests.CommandHandler.ChangeHardwarePasswordTaskCommandHandlerTests" name="ChangeHardwarePasswordTaskCommandHandler_Execute_Failed_PasswordOrUserLevelMayNotBeChanged_Response" />
    </UnitTest>
    <UnitTest name="HardwareActivatedNotOnWhiteList_ReplacedWithNoInheritance_HardwareNotOnWhiteList_CWAAllowed_AllDevicesInCWA" storage="d:\actions-runner\_work\xpco\xpco\corporate\videoos.server.unittests\bin\x64\debug\net472\videoos.server.unittests.dll" id="9048ef2e-ea98-a1cd-4593-760c3c6dfb9c">
      <TestCategory>
        <TestCategoryItem TestCategory="Licensing Replace Hardware" />
        <TestCategoryItem TestCategory="Licensing" />
      </TestCategory>
      <Execution id="e5418387-a923-43e6-bd70-788fc7cd58e3" />
      <TestMethod codeBase="D:\actions-runner\_work\XPCO\XPCO\Corporate\VideoOS.Server.UnitTests\bin\x64\Debug\net472\VideoOS.Server.UnitTests.dll" adapterTypeName="executor://mstestadapter/v2" className="VideoOS.Server.UnitTests.Licensing.LicenseAllocatorChannelTests" name="HardwareActivatedNotOnWhiteList_ReplacedWithNoInheritance_HardwareNotOnWhiteList_CWAAllowed_AllDevicesInCWA" />
    </UnitTest>
    <UnitTest name="AutomaticActivationFailedEvent_GetsFired_OnFailedAutomaticActivation" storage="d:\actions-runner\_work\xpco\xpco\corporate\videoos.server.unittests\bin\x64\debug\net472\videoos.server.unittests.dll" id="158b079f-5a80-ad96-877a-5a4d13ecf6d0">
      <TestCategory>
        <TestCategoryItem TestCategory="Licensing" />
      </TestCategory>
      <Execution id="e1dd9d5a-fedd-45d3-99e0-aa4a55972010" />
      <TestMethod codeBase="D:\actions-runner\_work\XPCO\XPCO\Corporate\VideoOS.Server.UnitTests\bin\x64\Debug\net472\VideoOS.Server.UnitTests.dll" adapterTypeName="executor://mstestadapter/v2" className="VideoOS.Server.UnitTests.Licensing.ActivationManagerTests" name="AutomaticActivationFailedEvent_GetsFired_OnFailedAutomaticActivation" />
    </UnitTest>
    <UnitTest name="AnalyzeAndCreateAuditLogs_AddedSecurityPermissionsDeviceRowWithTimeProfile_ReturnsTwoAuditLogs" storage="d:\actions-runner\_work\xpco\xpco\corporate\videoos.server.unittests\bin\x64\debug\net472\videoos.server.unittests.dll" id="9b9964ae-410b-030e-c821-d12ba277566e">
      <Execution id="a600575c-9c1a-467e-9abb-312c0b4082eb" />
      <TestMethod codeBase="D:\actions-runner\_work\XPCO\XPCO\Corporate\VideoOS.Server.UnitTests\bin\x64\Debug\net472\VideoOS.Server.UnitTests.dll" adapterTypeName="executor://mstestadapter/v2" className="VideoOS.Server.UnitTests.CommandHandler.DataSetAuditLogAnalyzerTests" name="AnalyzeAndCreateAuditLogs_AddedSecurityPermissionsDeviceRowWithTimeProfile_ReturnsTwoAuditLogs" />
    </UnitTest>
    <UnitTest name="AllocateLicenses_HardwareWith15Devices5EnabledAndActivated_Enabling10Devices_ShouldGet5CWA5Unlicensed_On10LicensesAndZeroCWA" storage="d:\actions-runner\_work\xpco\xpco\corporate\videoos.server.unittests\bin\x64\debug\net472\videoos.server.unittests.dll" id="0d7e3425-dd9c-d970-e740-d984aa731a8c">
      <TestCategory>
        <TestCategoryItem TestCategory="Licensing" />
      </TestCategory>
      <Execution id="73e1ca20-65dc-46bf-add0-e3fc851adea7" />
      <TestMethod codeBase="D:\actions-runner\_work\XPCO\XPCO\Corporate\VideoOS.Server.UnitTests\bin\x64\Debug\net472\VideoOS.Server.UnitTests.dll" adapterTypeName="executor://mstestadapter/v2" className="VideoOS.Server.UnitTests.Licensing.LicenseAllocatorChannelTests" name="AllocateLicenses_HardwareWith15Devices5EnabledAndActivated_Enabling10Devices_ShouldGet5CWA5Unlicensed_On10LicensesAndZeroCWA" />
    </UnitTest>
    <UnitTest name="IsActivationNeeded_True_DeviceReplaced" storage="d:\actions-runner\_work\xpco\xpco\corporate\videoos.server.unittests\bin\x64\debug\net472\videoos.server.unittests.dll" id="ab86455a-c8b3-eae2-e3ab-342237edf022">
      <TestCategory>
        <TestCategoryItem TestCategory="Licensing" />
      </TestCategory>
      <Execution id="61a26a6f-cee6-4969-9042-f6f2d13e4b4c" />
      <TestMethod codeBase="D:\actions-runner\_work\XPCO\XPCO\Corporate\VideoOS.Server.UnitTests\bin\x64\Debug\net472\VideoOS.Server.UnitTests.dll" adapterTypeName="executor://mstestadapter/v2" className="VideoOS.Server.UnitTests.Licensing.LicenseManagerUnitTests" name="IsActivationNeeded_True_DeviceReplaced" />
    </UnitTest>
    <UnitTest name="EvidenceLockOnOldRecorderCommandHandlerTests_OldRecV1_ConfigEdit1RowExtra_Ignored" storage="d:\actions-runner\_work\xpco\xpco\corporate\videoos.server.unittests\bin\x64\debug\net472\videoos.server.unittests.dll" id="634a7857-4161-c208-2b7c-4392dc6f68a9">
      <Execution id="a02bb1db-86c2-4192-b721-3b814913955c" />
      <TestMethod codeBase="D:\actions-runner\_work\XPCO\XPCO\Corporate\VideoOS.Server.UnitTests\bin\x64\Debug\net472\VideoOS.Server.UnitTests.dll" adapterTypeName="executor://mstestadapter/v2" className="VideoOS.Server.UnitTests.CommandHandler.EvidenceLockOnOldRecorderCommandHandlerTests" name="EvidenceLockOnOldRecorderCommandHandlerTests_OldRecV1_ConfigEdit1RowExtra_Ignored" />
    </UnitTest>
    <UnitTest name="RemovedPreviousYearDevicesFromCountManager_OnATimer" storage="d:\actions-runner\_work\xpco\xpco\corporate\videoos.server.unittests\bin\x64\debug\net472\videoos.server.unittests.dll" id="ecc470fa-6ca3-eddb-c95e-18809a25c516">
      <TestCategory>
        <TestCategoryItem TestCategory="Licensing" />
      </TestCategory>
      <Execution id="28f4c3eb-e374-4aed-80f2-10be5970a82d" />
      <TestMethod codeBase="D:\actions-runner\_work\XPCO\XPCO\Corporate\VideoOS.Server.UnitTests\bin\x64\Debug\net472\VideoOS.Server.UnitTests.dll" adapterTypeName="executor://mstestadapter/v2" className="VideoOS.Server.UnitTests.Licensing.LicenseManagerUnitTests" name="RemovedPreviousYearDevicesFromCountManager_OnATimer" />
    </UnitTest>
    <UnitTest name="HardwareInCWAOnWhiteList_ReplacedWithNoInheritance_HardwareOnWhiteList_NoMoreCWAAllowed_FewerChannelsOnReplacedHardware_NewHardwareInGrace" storage="d:\actions-runner\_work\xpco\xpco\corporate\videoos.server.unittests\bin\x64\debug\net472\videoos.server.unittests.dll" id="aac10e62-9d0b-cc86-10c1-c58eccffc8a5">
      <TestCategory>
        <TestCategoryItem TestCategory="Licensing Replace Hardware" />
        <TestCategoryItem TestCategory="Licensing" />
      </TestCategory>
      <Execution id="b8bea28a-e52d-4bcd-a86b-7721ef2650cb" />
      <TestMethod codeBase="D:\actions-runner\_work\XPCO\XPCO\Corporate\VideoOS.Server.UnitTests\bin\x64\Debug\net472\VideoOS.Server.UnitTests.dll" adapterTypeName="executor://mstestadapter/v2" className="VideoOS.Server.UnitTests.Licensing.LicenseAllocatorChannelTests" name="HardwareInCWAOnWhiteList_ReplacedWithNoInheritance_HardwareOnWhiteList_NoMoreCWAAllowed_FewerChannelsOnReplacedHardware_NewHardwareInGrace" />
    </UnitTest>
    <UnitTest name="GetHardwareNetworkSettingsCommandHandler_Execute_WrongCommandOrNullParameters_Throws" storage="d:\actions-runner\_work\xpco\xpco\corporate\videoos.server.unittests\bin\x64\debug\net472\videoos.server.unittests.dll" id="e856be50-0a89-d114-dc11-291c110df1d7">
      <Execution id="298ccf70-959e-413c-be7a-21cf69a9fd95" />
      <TestMethod codeBase="D:\actions-runner\_work\XPCO\XPCO\Corporate\VideoOS.Server.UnitTests\bin\x64\Debug\net472\VideoOS.Server.UnitTests.dll" adapterTypeName="executor://mstestadapter/v2" className="VideoOS.Server.UnitTests.CommandHandler.GetHardwareNetworkSettingsCommandHandlerUnitTests" name="GetHardwareNetworkSettingsCommandHandler_Execute_WrongCommandOrNullParameters_Throws" />
    </UnitTest>
    <UnitTest name="UpdateHardwareTaskCommandHandler_Execute_HeartBeat_AccessDenied_Tests" storage="d:\actions-runner\_work\xpco\xpco\corporate\videoos.server.unittests\bin\x64\debug\net472\videoos.server.unittests.dll" id="17d9a061-47a1-760a-9a7b-5c298e6a3921">
      <Execution id="3bc29ede-a007-4746-bbab-188aa7b9e4a4" />
      <TestMethod codeBase="D:\actions-runner\_work\XPCO\XPCO\Corporate\VideoOS.Server.UnitTests\bin\x64\Debug\net472\VideoOS.Server.UnitTests.dll" adapterTypeName="executor://mstestadapter/v2" className="VideoOS.Server.UnitTests.CommandHandler.UpdateHardwareTaskHandlerTests" name="UpdateHardwareTaskCommandHandler_Execute_HeartBeat_AccessDenied_Tests" />
    </UnitTest>
    <UnitTest name="LicenseInfoXmlWriter_UpdateLicenseState_OnLicenseExpired" storage="d:\actions-runner\_work\xpco\xpco\corporate\videoos.server.unittests\bin\x64\debug\net472\videoos.server.unittests.dll" id="98d3b77a-de4e-c65f-d0f1-c8e1bf069964">
      <TestCategory>
        <TestCategoryItem TestCategory="Licensing" />
      </TestCategory>
      <Execution id="f943e859-1ba9-40e4-9793-9da92e5d8f6b" />
      <TestMethod codeBase="D:\actions-runner\_work\XPCO\XPCO\Corporate\VideoOS.Server.UnitTests\bin\x64\Debug\net472\VideoOS.Server.UnitTests.dll" adapterTypeName="executor://mstestadapter/v2" className="VideoOS.Server.UnitTests.Licensing.LicenseInfoXmlWriterTests" name="LicenseInfoXmlWriter_UpdateLicenseState_OnLicenseExpired" />
    </UnitTest>
    <UnitTest name="HardwareScanTaskCommandHandler_Execute_TargetInvocationException_FailResponse" storage="d:\actions-runner\_work\xpco\xpco\corporate\videoos.server.unittests\bin\x64\debug\net472\videoos.server.unittests.dll" id="7adea5e7-540d-b8b1-2170-ef656c51b562">
      <Execution id="cd9beb8b-f088-4e86-99f1-420bb679a17f" />
      <TestMethod codeBase="D:\actions-runner\_work\XPCO\XPCO\Corporate\VideoOS.Server.UnitTests\bin\x64\Debug\net472\VideoOS.Server.UnitTests.dll" adapterTypeName="executor://mstestadapter/v2" className="VideoOS.Server.UnitTests.CommandHandler.HardwareScanTaskCommandHandlerTest" name="HardwareScanTaskCommandHandler_Execute_TargetInvocationException_FailResponse" />
    </UnitTest>
    <UnitTest name="TemporaryDeviceLicense_Ctor_LocalTime_ArgumentException" storage="d:\actions-runner\_work\xpco\xpco\corporate\videoos.server.unittests\bin\x64\debug\net472\videoos.server.unittests.dll" id="9c32895e-ff17-9088-af25-1072fc42037c">
      <TestCategory>
        <TestCategoryItem TestCategory="Licensing" />
      </TestCategory>
      <Execution id="63d2b4c3-5ad4-48b0-9f84-c19f88e63ecd" />
      <TestMethod codeBase="D:\actions-runner\_work\XPCO\XPCO\Corporate\VideoOS.Server.UnitTests\bin\x64\Debug\net472\VideoOS.Server.UnitTests.dll" adapterTypeName="executor://mstestadapter/v2" className="VideoOS.Server.UnitTests.Licensing.HardwareLicensesUnitTests" name="TemporaryDeviceLicense_Ctor_LocalTime_ArgumentException" />
    </UnitTest>
    <UnitTest name="Validate_HBL_FeedCountCorrect_ForSameHardware_OnTwoRecordingServers_CountsEachUniqueActiveChannelAsOne" storage="d:\actions-runner\_work\xpco\xpco\corporate\videoos.server.unittests\bin\x64\debug\net472\videoos.server.unittests.dll" id="67cefb4b-771a-487f-9009-3e0474c4cd04">
      <TestCategory>
        <TestCategoryItem TestCategory="Licensing" />
      </TestCategory>
      <Execution id="c13435dc-be53-479d-83e2-a5058ed187e7" />
      <TestMethod codeBase="D:\actions-runner\_work\XPCO\XPCO\Corporate\VideoOS.Server.UnitTests\bin\x64\Debug\net472\VideoOS.Server.UnitTests.dll" adapterTypeName="executor://mstestadapter/v2" className="VideoOS.Server.UnitTests.Licensing.LicenseRequestChannelTests" name="Validate_HBL_FeedCountCorrect_ForSameHardware_OnTwoRecordingServers_CountsEachUniqueActiveChannelAsOne" />
    </UnitTest>
    <UnitTest name="AllocateLicenses_FiveLicenses_7HardwareOnWhitelist_1Activated_4CWA_2Unlicensed" storage="d:\actions-runner\_work\xpco\xpco\corporate\videoos.server.unittests\bin\x64\debug\net472\videoos.server.unittests.dll" id="b3d6dfb1-c90a-f7a8-257d-c548fecb026b">
      <TestCategory>
        <TestCategoryItem TestCategory="Licensing" />
      </TestCategory>
      <Execution id="085b0870-7de5-4c83-9673-456b7f68b1d9" />
      <TestMethod codeBase="D:\actions-runner\_work\XPCO\XPCO\Corporate\VideoOS.Server.UnitTests\bin\x64\Debug\net472\VideoOS.Server.UnitTests.dll" adapterTypeName="executor://mstestadapter/v2" className="VideoOS.Server.UnitTests.Licensing.LicenseAllocatorChannelTests" name="AllocateLicenses_FiveLicenses_7HardwareOnWhitelist_1Activated_4CWA_2Unlicensed" />
    </UnitTest>
    <UnitTest name="Validate_IsDeviceInChangesWithoutActivation_NotFound" storage="d:\actions-runner\_work\xpco\xpco\corporate\videoos.server.unittests\bin\x64\debug\net472\videoos.server.unittests.dll" id="77d928c5-af1e-5f9e-1754-2b8bdc27778b">
      <TestCategory>
        <TestCategoryItem TestCategory="Licensing" />
      </TestCategory>
      <Execution id="0fc1ecfc-36b6-4ee8-ab22-c0760e7db51d" />
      <TestMethod codeBase="D:\actions-runner\_work\XPCO\XPCO\Corporate\VideoOS.Server.UnitTests\bin\x64\Debug\net472\VideoOS.Server.UnitTests.dll" adapterTypeName="executor://mstestadapter/v2" className="VideoOS.Server.UnitTests.Licensing.LicenseCountManagerUnitTests" name="Validate_IsDeviceInChangesWithoutActivation_NotFound" />
    </UnitTest>
    <UnitTest name="SetHardwareNetworkSettingsCommandHandler_Execute_EmptyRecorderServiceId_ReturnsFailResponse" storage="d:\actions-runner\_work\xpco\xpco\corporate\videoos.server.unittests\bin\x64\debug\net472\videoos.server.unittests.dll" id="c00f22dd-5779-e2b1-6f1d-79116f6716e5">
      <Execution id="b582ba85-6a99-4667-b06c-aa9ead7e50a7" />
      <TestMethod codeBase="D:\actions-runner\_work\XPCO\XPCO\Corporate\VideoOS.Server.UnitTests\bin\x64\Debug\net472\VideoOS.Server.UnitTests.dll" adapterTypeName="executor://mstestadapter/v2" className="VideoOS.Server.UnitTests.CommandHandler.SetHardwareNetworkSettingsCommandHandlerUnitTests" name="SetHardwareNetworkSettingsCommandHandler_Execute_EmptyRecorderServiceId_ReturnsFailResponse" />
    </UnitTest>
    <UnitTest name="PromoteNewEncryptionPassword_ModelIsValid_Executed" storage="d:\actions-runner\_work\xpco\xpco\corporate\videoos.server.unittests\bin\x64\debug\net472\videoos.server.unittests.dll" id="fa52c818-7f37-d4f7-04b7-9530b81dfb8c">
      <Execution id="a114aab9-8f04-4293-b443-36498e11c0ae" />
      <TestMethod codeBase="D:\actions-runner\_work\XPCO\XPCO\Corporate\VideoOS.Server.UnitTests\bin\x64\Debug\net472\VideoOS.Server.UnitTests.dll" adapterTypeName="executor://mstestadapter/v2" className="VideoOS.Server.UnitTests.RecorderControllerTest" name="PromoteNewEncryptionPassword_ModelIsValid_Executed" />
    </UnitTest>
    <UnitTest name="RecordingServerCache_RetrieveNonExistentLicenseFromCache_ReturnsFalse" storage="d:\actions-runner\_work\xpco\xpco\corporate\videoos.server.unittests\bin\x64\debug\net472\videoos.server.unittests.dll" id="78936cb5-5e04-7c42-f020-4f17dd495378">
      <Execution id="e313e07d-e0b0-4465-820a-a7ff42321306" />
      <TestMethod codeBase="D:\actions-runner\_work\XPCO\XPCO\Corporate\VideoOS.Server.UnitTests\bin\x64\Debug\net472\VideoOS.Server.UnitTests.dll" adapterTypeName="executor://mstestadapter/v2" className="VideoOS.Server.UnitTests.Licensing.LicenseManagerCacheTests" name="RecordingServerCache_RetrieveNonExistentLicenseFromCache_ReturnsFalse" />
    </UnitTest>
    <UnitTest name="ChangeHardwarePasswordTaskCommandHandler_Execute_Failed_UserLevelAnonymousNotAllowed_Response" storage="d:\actions-runner\_work\xpco\xpco\corporate\videoos.server.unittests\bin\x64\debug\net472\videoos.server.unittests.dll" id="cc7717c8-6ebf-bd64-52ca-358afed978e1">
      <Execution id="3850f77f-c761-4522-83ad-bcb45bc347cd" />
      <TestMethod codeBase="D:\actions-runner\_work\XPCO\XPCO\Corporate\VideoOS.Server.UnitTests\bin\x64\Debug\net472\VideoOS.Server.UnitTests.dll" adapterTypeName="executor://mstestadapter/v2" className="VideoOS.Server.UnitTests.CommandHandler.ChangeHardwarePasswordTaskCommandHandlerTests" name="ChangeHardwarePasswordTaskCommandHandler_Execute_Failed_UserLevelAnonymousNotAllowed_Response" />
    </UnitTest>
    <UnitTest name="HeartbeatResponse_ModelIsValid_CommandExecuted" storage="d:\actions-runner\_work\xpco\xpco\corporate\videoos.server.unittests\bin\x64\debug\net472\videoos.server.unittests.dll" id="eedd6844-c854-948c-de42-8c2f993ad660">
      <Execution id="20e178fc-2029-4fbc-b752-84f06b658dde" />
      <TestMethod codeBase="D:\actions-runner\_work\XPCO\XPCO\Corporate\VideoOS.Server.UnitTests\bin\x64\Debug\net472\VideoOS.Server.UnitTests.dll" adapterTypeName="executor://mstestadapter/v2" className="VideoOS.Server.UnitTests.WebApi.ResponseControllerTest" name="HeartbeatResponse_ModelIsValid_CommandExecuted" />
    </UnitTest>
    <UnitTest name="DeleteHardwareTaskCommandHandler_Execute_HeartbeatResponse_Gives_Progress" storage="d:\actions-runner\_work\xpco\xpco\corporate\videoos.server.unittests\bin\x64\debug\net472\videoos.server.unittests.dll" id="eba67419-0ba6-e4bf-58dc-6c9a22c8e85a">
      <Execution id="0929a77e-7c38-472d-92e1-7531504cd923" />
      <TestMethod codeBase="D:\actions-runner\_work\XPCO\XPCO\Corporate\VideoOS.Server.UnitTests\bin\x64\Debug\net472\VideoOS.Server.UnitTests.dll" adapterTypeName="executor://mstestadapter/v2" className="VideoOS.Server.UnitTests.CommandHandler.DeleteHardwareTaskCommandHandlerTest" name="DeleteHardwareTaskCommandHandler_Execute_HeartbeatResponse_Gives_Progress" />
    </UnitTest>
    <UnitTest name="HardwareScanTaskCommandHandler_Clone_Returns_Same_Reference" storage="d:\actions-runner\_work\xpco\xpco\corporate\videoos.server.unittests\bin\x64\debug\net472\videoos.server.unittests.dll" id="3ee6cc10-3fc3-7952-4a1d-d7dd515e38c3">
      <Execution id="c50d2adb-c7c8-4afc-a223-a0093d91fd49" />
      <TestMethod codeBase="D:\actions-runner\_work\XPCO\XPCO\Corporate\VideoOS.Server.UnitTests\bin\x64\Debug\net472\VideoOS.Server.UnitTests.dll" adapterTypeName="executor://mstestadapter/v2" className="VideoOS.Server.UnitTests.CommandHandler.HardwareScanTaskCommandHandlerTest" name="HardwareScanTaskCommandHandler_Clone_Returns_Same_Reference" />
    </UnitTest>
    <UnitTest name="SetHardwareNetworkSettingsCommandHandler_Execute_WrongCommandOrNullParameters_Throws" storage="d:\actions-runner\_work\xpco\xpco\corporate\videoos.server.unittests\bin\x64\debug\net472\videoos.server.unittests.dll" id="6ba35fcf-f7e2-d2f4-3316-e17e20a60922">
      <Execution id="06850b82-e776-41a9-874a-3119ef514335" />
      <TestMethod codeBase="D:\actions-runner\_work\XPCO\XPCO\Corporate\VideoOS.Server.UnitTests\bin\x64\Debug\net472\VideoOS.Server.UnitTests.dll" adapterTypeName="executor://mstestadapter/v2" className="VideoOS.Server.UnitTests.CommandHandler.SetHardwareNetworkSettingsCommandHandlerUnitTests" name="SetHardwareNetworkSettingsCommandHandler_Execute_WrongCommandOrNullParameters_Throws" />
    </UnitTest>
    <UnitTest name="AllocateLicenses_NotActivated_SixCameraChannels_FiveExpired_OneInGrace" storage="d:\actions-runner\_work\xpco\xpco\corporate\videoos.server.unittests\bin\x64\debug\net472\videoos.server.unittests.dll" id="88e0d440-ede0-4530-fa82-e54cf5859609">
      <TestCategory>
        <TestCategoryItem TestCategory="Licensing" />
      </TestCategory>
      <Execution id="c9bdc03f-1cde-49d0-9143-9d3b5e0c83b2" />
      <TestMethod codeBase="D:\actions-runner\_work\XPCO\XPCO\Corporate\VideoOS.Server.UnitTests\bin\x64\Debug\net472\VideoOS.Server.UnitTests.dll" adapterTypeName="executor://mstestadapter/v2" className="VideoOS.Server.UnitTests.Licensing.LicenseAllocatorChannelTests" name="AllocateLicenses_NotActivated_SixCameraChannels_FiveExpired_OneInGrace" />
    </UnitTest>
    <UnitTest name="GetRecorderLicense_NonCameraDevicesInRecorderLicense_OnHardwareWithoutCamerasAndChannelLicensing" storage="d:\actions-runner\_work\xpco\xpco\corporate\videoos.server.unittests\bin\x64\debug\net472\videoos.server.unittests.dll" id="2aedea52-d73b-acf1-0422-06a57a767fe9">
      <TestCategory>
        <TestCategoryItem TestCategory="Licensing" />
      </TestCategory>
      <Execution id="7b423a6d-f79f-44bc-9a34-ae39b0f90727" />
      <TestMethod codeBase="D:\actions-runner\_work\XPCO\XPCO\Corporate\VideoOS.Server.UnitTests\bin\x64\Debug\net472\VideoOS.Server.UnitTests.dll" adapterTypeName="executor://mstestadapter/v2" className="VideoOS.Server.UnitTests.Licensing.LicenseManagerUnitTests" name="GetRecorderLicense_NonCameraDevicesInRecorderLicense_OnHardwareWithoutCamerasAndChannelLicensing" />
    </UnitTest>
    <UnitTest name="UpdateHardwareTaskCommandHandler_Execute_RecorderIncompatible_Tests" storage="d:\actions-runner\_work\xpco\xpco\corporate\videoos.server.unittests\bin\x64\debug\net472\videoos.server.unittests.dll" id="01476c0e-d177-4299-4cf9-aeafa6eab623">
      <Execution id="7eb3401a-9b2d-467b-89a1-93f5391bd9d1" />
      <TestMethod codeBase="D:\actions-runner\_work\XPCO\XPCO\Corporate\VideoOS.Server.UnitTests\bin\x64\Debug\net472\VideoOS.Server.UnitTests.dll" adapterTypeName="executor://mstestadapter/v2" className="VideoOS.Server.UnitTests.CommandHandler.UpdateHardwareTaskHandlerTests" name="UpdateHardwareTaskCommandHandler_Execute_RecorderIncompatible_Tests" />
    </UnitTest>
    <UnitTest name="MoveHardwareTaskCommandHandler_Execute_CreateHardwareBlock_SqlException_FailResponse_DatabaseCommunicationError" storage="d:\actions-runner\_work\xpco\xpco\corporate\videoos.server.unittests\bin\x64\debug\net472\videoos.server.unittests.dll" id="58809d18-3427-6caa-5590-70f262ed803d">
      <Execution id="e3ae6a7a-447a-4c53-be3c-6ee6a66b9e32" />
      <TestMethod codeBase="D:\actions-runner\_work\XPCO\XPCO\Corporate\VideoOS.Server.UnitTests\bin\x64\Debug\net472\VideoOS.Server.UnitTests.dll" adapterTypeName="executor://mstestadapter/v2" className="VideoOS.Server.UnitTests.CommandHandler.MoveHardwareTaskCommandHandlerTests" name="MoveHardwareTaskCommandHandler_Execute_CreateHardwareBlock_SqlException_FailResponse_DatabaseCommunicationError" />
    </UnitTest>
    <UnitTest name="SessionDataManager_Query_Fails" storage="d:\actions-runner\_work\xpco\xpco\corporate\videoos.server.unittests\bin\x64\debug\net472\videoos.server.unittests.dll" id="63fea253-0bce-38e8-9818-42f90c16b632">
      <Execution id="1e7a5f60-d18e-4f02-8938-4a9ca2ea8c53" />
      <TestMethod codeBase="D:\actions-runner\_work\XPCO\XPCO\Corporate\VideoOS.Server.UnitTests\bin\x64\Debug\net472\VideoOS.Server.UnitTests.dll" adapterTypeName="executor://mstestadapter/v2" className="VideoOS.Server.UnitTests.Tasks.SessionDataManagerTests" name="SessionDataManager_Query_Fails" />
    </UnitTest>
    <UnitTest name="AttachedRecorder_Register_Overwrite" storage="d:\actions-runner\_work\xpco\xpco\corporate\videoos.server.unittests\bin\x64\debug\net472\videoos.server.unittests.dll" id="0c5e955f-9c9a-d7b1-5e17-126c17c7440b">
      <Execution id="f3bd7dd2-1fb2-4190-bb89-28eb1f171278" />
      <TestMethod codeBase="D:\actions-runner\_work\XPCO\XPCO\Corporate\VideoOS.Server.UnitTests\bin\x64\Debug\net472\VideoOS.Server.UnitTests.dll" adapterTypeName="executor://mstestadapter/v2" className="VideoOS.Server.UnitTests.AttachedRecorderTests" name="AttachedRecorder_Register_Overwrite" />
    </UnitTest>
    <UnitTest name="DeleteHardwareUserCommandHandler_Execute_ReturnsRecorderUnavailableResponseOnRecorderNotConnected" storage="d:\actions-runner\_work\xpco\xpco\corporate\videoos.server.unittests\bin\x64\debug\net472\videoos.server.unittests.dll" id="ab5fe0dd-c563-bf1f-305f-1efafcc9e3c4">
      <Execution id="94b19bde-6be4-4666-9bf3-8ca66ad1ffcb" />
      <TestMethod codeBase="D:\actions-runner\_work\XPCO\XPCO\Corporate\VideoOS.Server.UnitTests\bin\x64\Debug\net472\VideoOS.Server.UnitTests.dll" adapterTypeName="executor://mstestadapter/v2" className="VideoOS.Server.UnitTests.CommandHandler.DeleteHardwareUserCommandHandlerServerTests" name="DeleteHardwareUserCommandHandler_Execute_ReturnsRecorderUnavailableResponseOnRecorderNotConnected" />
    </UnitTest>
    <UnitTest name="IsHardwareInChangesWithoutActivation_ReturnsTrue_OnHardwareInGrace" storage="d:\actions-runner\_work\xpco\xpco\corporate\videoos.server.unittests\bin\x64\debug\net472\videoos.server.unittests.dll" id="8473d16a-33e9-c638-f846-0f4a1d9f5e68">
      <TestCategory>
        <TestCategoryItem TestCategory="Licensing" />
      </TestCategory>
      <Execution id="544d848a-4321-4128-9ba6-958daef8d792" />
      <TestMethod codeBase="D:\actions-runner\_work\XPCO\XPCO\Corporate\VideoOS.Server.UnitTests\bin\x64\Debug\net472\VideoOS.Server.UnitTests.dll" adapterTypeName="executor://mstestadapter/v2" className="VideoOS.Server.UnitTests.Licensing.LicenseManagerUnitTests" name="IsHardwareInChangesWithoutActivation_ReturnsTrue_OnHardwareInGrace" />
    </UnitTest>
    <UnitTest name="UploadFileChunkCommandHandler_Execute_Succeeded" storage="d:\actions-runner\_work\xpco\xpco\corporate\videoos.server.unittests\bin\x64\debug\net472\videoos.server.unittests.dll" id="1358f968-7e49-c48f-c70c-e1383dc9f02f">
      <Execution id="97d8fe9d-8657-4e92-aaf4-36b95a36af25" />
      <TestMethod codeBase="D:\actions-runner\_work\XPCO\XPCO\Corporate\VideoOS.Server.UnitTests\bin\x64\Debug\net472\VideoOS.Server.UnitTests.dll" adapterTypeName="executor://mstestadapter/v2" className="VideoOS.Server.UnitTests.CommandHandler.UploadFileChunkCommandHandlerUnitTests" name="UploadFileChunkCommandHandler_Execute_Succeeded" />
    </UnitTest>
    <UnitTest name="RegisterFailoverRecorder_WatchingRecorderStopped_Success" storage="d:\actions-runner\_work\xpco\xpco\corporate\videoos.server.unittests\bin\x64\debug\net472\videoos.server.unittests.dll" id="bebd38ae-4784-afc3-8c09-8d11d1d1cde8">
      <Execution id="41e1a43b-0153-4010-bd6e-cc6f082e52a6" />
      <TestMethod codeBase="D:\actions-runner\_work\XPCO\XPCO\Corporate\VideoOS.Server.UnitTests\bin\x64\Debug\net472\VideoOS.Server.UnitTests.dll" adapterTypeName="executor://mstestadapter/v2" className="VideoOS.Server.UnitTests.WebApi.Controllers.RecorderRegistrationControllerTests" name="RegisterFailoverRecorder_WatchingRecorderStopped_Success" />
    </UnitTest>
    <UnitTest name="Start_DisposeHasBeenCalled_ReturnsImmediatelyAndDoesNotInvokeAnythingButDispose" storage="d:\actions-runner\_work\xpco\xpco\corporate\videoos.server.unittests\bin\x64\debug\net472\videoos.server.unittests.dll" id="b87fe60f-2790-ec89-7e60-9dce4bf23dd0">
      <Execution id="c743356e-ae05-47c9-8c0f-36eee54e6b86" />
      <TestMethod codeBase="D:\actions-runner\_work\XPCO\XPCO\Corporate\VideoOS.Server.UnitTests\bin\x64\Debug\net472\VideoOS.Server.UnitTests.dll" adapterTypeName="executor://mstestadapter/v2" className="VideoOS.Server.UnitTests.Log.IdpLogRetrieverTests" name="Start_DisposeHasBeenCalled_ReturnsImmediatelyAndDoesNotInvokeAnythingButDispose" />
    </UnitTest>
    <UnitTest name="CreateLicenseInformationXml_Has10ActivatedICP_On1ActivatedICPHardwareWith10Cameras" storage="d:\actions-runner\_work\xpco\xpco\corporate\videoos.server.unittests\bin\x64\debug\net472\videoos.server.unittests.dll" id="d423e41b-4e64-7b1c-d2b5-2b243d7b3817">
      <TestCategory>
        <TestCategoryItem TestCategory="Licensing" />
      </TestCategory>
      <Execution id="69e0492b-2920-4361-8922-e5dce239c954" />
      <TestMethod codeBase="D:\actions-runner\_work\XPCO\XPCO\Corporate\VideoOS.Server.UnitTests\bin\x64\Debug\net472\VideoOS.Server.UnitTests.dll" adapterTypeName="executor://mstestadapter/v2" className="VideoOS.Server.UnitTests.Licensing.LicenseInfoXmlWriterTests" name="CreateLicenseInformationXml_Has10ActivatedICP_On1ActivatedICPHardwareWith10Cameras" />
    </UnitTest>
    <UnitTest name="LicenseCountManager_ValidateRelatedRecordingServerLicenses_IdentifiesRecordersRequiringUpdate_WhenCWAExceeded2_Success" storage="d:\actions-runner\_work\xpco\xpco\corporate\videoos.server.unittests\bin\x64\debug\net472\videoos.server.unittests.dll" id="14e6fe3c-f84a-6467-7b6a-02c046284221">
      <TestCategory>
        <TestCategoryItem TestCategory="Licensing" />
      </TestCategory>
      <Execution id="59898113-e0e7-4284-8086-92c22c75f946" />
      <TestMethod codeBase="D:\actions-runner\_work\XPCO\XPCO\Corporate\VideoOS.Server.UnitTests\bin\x64\Debug\net472\VideoOS.Server.UnitTests.dll" adapterTypeName="executor://mstestadapter/v2" className="VideoOS.Server.UnitTests.Licensing.LicenseCountManagerUnitTests" name="LicenseCountManager_ValidateRelatedRecordingServerLicenses_IdentifiesRecordersRequiringUpdate_WhenCWAExceeded2_Success" />
    </UnitTest>
    <UnitTest name="AllocateLicensesNotActivated_WhitelistedDriver_Grace_TwoHardware_TwoCameras_OneLicense_OneHardwareDisabled_ValidateLicenseTypes" storage="d:\actions-runner\_work\xpco\xpco\corporate\videoos.server.unittests\bin\x64\debug\net472\videoos.server.unittests.dll" id="9b3384a2-497f-2493-da88-40d7b4218810">
      <TestCategory>
        <TestCategoryItem TestCategory="Licensing" />
      </TestCategory>
      <Execution id="aee9fadf-7167-423c-b29d-f1a2a132e388" />
      <TestMethod codeBase="D:\actions-runner\_work\XPCO\XPCO\Corporate\VideoOS.Server.UnitTests\bin\x64\Debug\net472\VideoOS.Server.UnitTests.dll" adapterTypeName="executor://mstestadapter/v2" className="VideoOS.Server.UnitTests.Licensing.LicenseAllocatorChannelTests" name="AllocateLicensesNotActivated_WhitelistedDriver_Grace_TwoHardware_TwoCameras_OneLicense_OneHardwareDisabled_ValidateLicenseTypes" />
    </UnitTest>
    <UnitTest name="HardwareInCWANotOnWhiteList_ReplacedWithInheritance_HardwareNotOnWhiteList_MixedCWAAllowed_FewerChannelsOnReplacedHardware_SomeDevicesInCWA" storage="d:\actions-runner\_work\xpco\xpco\corporate\videoos.server.unittests\bin\x64\debug\net472\videoos.server.unittests.dll" id="9aa298be-2c39-d2e9-ead8-2178c932f3f2">
      <TestCategory>
        <TestCategoryItem TestCategory="Licensing Replace Hardware" />
        <TestCategoryItem TestCategory="Licensing" />
      </TestCategory>
      <Execution id="a00371f2-f805-4590-abeb-1c7b954572b2" />
      <TestMethod codeBase="D:\actions-runner\_work\XPCO\XPCO\Corporate\VideoOS.Server.UnitTests\bin\x64\Debug\net472\VideoOS.Server.UnitTests.dll" adapterTypeName="executor://mstestadapter/v2" className="VideoOS.Server.UnitTests.Licensing.LicenseAllocatorChannelTests" name="HardwareInCWANotOnWhiteList_ReplacedWithInheritance_HardwareNotOnWhiteList_MixedCWAAllowed_FewerChannelsOnReplacedHardware_SomeDevicesInCWA" />
    </UnitTest>
    <UnitTest name="ReplaceHardwareCommandHandler_Execute_Null_Tests" storage="d:\actions-runner\_work\xpco\xpco\corporate\videoos.server.unittests\bin\x64\debug\net472\videoos.server.unittests.dll" id="bfdadc3c-37bb-0ffa-7e83-c4c3b6dca485">
      <Execution id="d9d52162-4183-4431-ac6e-f4692d037133" />
      <TestMethod codeBase="D:\actions-runner\_work\XPCO\XPCO\Corporate\VideoOS.Server.UnitTests\bin\x64\Debug\net472\VideoOS.Server.UnitTests.dll" adapterTypeName="executor://mstestadapter/v2" className="VideoOS.Server.UnitTests.CommandHandler.ReplaceHardwareCommandHandlerUnitTests" name="ReplaceHardwareCommandHandler_Execute_Null_Tests" />
    </UnitTest>
    <UnitTest name="CleanUp_NoFreeClients_TimerStopped" storage="d:\actions-runner\_work\xpco\xpco\corporate\videoos.server.unittests\bin\x64\debug\net472\videoos.server.unittests.dll" id="8f61d7b7-60b9-d0ff-310b-d9cdc01b0f6a">
      <Execution id="2fd59577-1059-4932-914e-068887c18f4c" />
      <TestMethod codeBase="D:\actions-runner\_work\XPCO\XPCO\Corporate\VideoOS.Server.UnitTests\bin\x64\Debug\net472\VideoOS.Server.UnitTests.dll" adapterTypeName="executor://mstestadapter/v2" className="VideoOS.Server.UnitTests.CommandHandler.VmoClientsPoolTests" name="CleanUp_NoFreeClients_TimerStopped" />
    </UnitTest>
    <UnitTest name="Initialize_StartsATimer" storage="d:\actions-runner\_work\xpco\xpco\corporate\videoos.server.unittests\bin\x64\debug\net472\videoos.server.unittests.dll" id="b4673c8b-26ff-d3fe-da2f-f330a0ad58cd">
      <TestCategory>
        <TestCategoryItem TestCategory="Licensing" />
      </TestCategory>
      <Execution id="e2649cf4-4928-45c1-a909-73a5cf9da665" />
      <TestMethod codeBase="D:\actions-runner\_work\XPCO\XPCO\Corporate\VideoOS.Server.UnitTests\bin\x64\Debug\net472\VideoOS.Server.UnitTests.dll" adapterTypeName="executor://mstestadapter/v2" className="VideoOS.Server.UnitTests.Licensing.LicenseManagerUnitTests" name="Initialize_StartsATimer" />
    </UnitTest>
    <UnitTest name="SetRecorderSpecificConfiguration_ModelIsValid_ActionExecuted" storage="d:\actions-runner\_work\xpco\xpco\corporate\videoos.server.unittests\bin\x64\debug\net472\videoos.server.unittests.dll" id="ed78d81e-22e0-7786-addc-10f6223b5e3d">
      <Execution id="792869fa-bdea-4f0a-90a5-8e65a0c872aa" />
      <TestMethod codeBase="D:\actions-runner\_work\XPCO\XPCO\Corporate\VideoOS.Server.UnitTests\bin\x64\Debug\net472\VideoOS.Server.UnitTests.dll" adapterTypeName="executor://mstestadapter/v2" className="VideoOS.Server.UnitTests.ConfigurationControllerTests" name="SetRecorderSpecificConfiguration_ModelIsValid_ActionExecuted" />
    </UnitTest>
    <UnitTest name="HardwareLicense_SetExpire_NotExists_Created" storage="d:\actions-runner\_work\xpco\xpco\corporate\videoos.server.unittests\bin\x64\debug\net472\videoos.server.unittests.dll" id="01c23f1b-60d3-1ec6-8652-a458e9baba23">
      <Execution id="77b8003e-597d-4294-9a33-5a1d044f8795" />
      <TestMethod codeBase="D:\actions-runner\_work\XPCO\XPCO\Corporate\VideoOS.Server.UnitTests\bin\x64\Debug\net472\VideoOS.Server.UnitTests.dll" adapterTypeName="executor://mstestadapter/v2" className="VideoOS.Server.UnitTests.Licensing.LicenseSnapshotTests" name="HardwareLicense_SetExpire_NotExists_Created" />
    </UnitTest>
    <UnitTest name="Simulate_CWA_DoesNotExpireAfterGracePeriod_NotWhitelisted" storage="d:\actions-runner\_work\xpco\xpco\corporate\videoos.server.unittests\bin\x64\debug\net472\videoos.server.unittests.dll" id="3fe88cbd-8f30-4308-4876-e1a27134f23b">
      <TestCategory>
        <TestCategoryItem TestCategory="Licensing" />
      </TestCategory>
      <Execution id="c0123d44-75b6-44dc-801f-6bf0f02dce9d" />
      <TestMethod codeBase="D:\actions-runner\_work\XPCO\XPCO\Corporate\VideoOS.Server.UnitTests\bin\x64\Debug\net472\VideoOS.Server.UnitTests.dll" adapterTypeName="executor://mstestadapter/v2" className="VideoOS.Server.UnitTests.Licensing.LicenseAllocatorChannelTests" name="Simulate_CWA_DoesNotExpireAfterGracePeriod_NotWhitelisted" />
    </UnitTest>
    <UnitTest name="NewActivationQueued_InAdvance_OnFailedActivation" storage="d:\actions-runner\_work\xpco\xpco\corporate\videoos.server.unittests\bin\x64\debug\net472\videoos.server.unittests.dll" id="fc08aca4-7adf-3c9b-7a36-f0888daf70b8">
      <TestCategory>
        <TestCategoryItem TestCategory="Licensing" />
      </TestCategory>
      <Execution id="66013ff1-7db1-4b26-a777-2cc4182565ee" />
      <TestMethod codeBase="D:\actions-runner\_work\XPCO\XPCO\Corporate\VideoOS.Server.UnitTests\bin\x64\Debug\net472\VideoOS.Server.UnitTests.dll" adapterTypeName="executor://mstestadapter/v2" className="VideoOS.Server.UnitTests.Licensing.ActivationManagerTests" name="NewActivationQueued_InAdvance_OnFailedActivation" />
    </UnitTest>
    <UnitTest name="HardwareActivatedOnWhiteList_ReplacedWithInheritance_HardwareOnWhiteList_NoCWAAllowed_NewHardwareInGrace" storage="d:\actions-runner\_work\xpco\xpco\corporate\videoos.server.unittests\bin\x64\debug\net472\videoos.server.unittests.dll" id="ab6e1cfc-09a0-aaf7-3146-9a729003543d">
      <TestCategory>
        <TestCategoryItem TestCategory="Licensing Replace Hardware" />
        <TestCategoryItem TestCategory="Licensing" />
      </TestCategory>
      <Execution id="3431ab17-7456-4664-8545-10b5201dc3c6" />
      <TestMethod codeBase="D:\actions-runner\_work\XPCO\XPCO\Corporate\VideoOS.Server.UnitTests\bin\x64\Debug\net472\VideoOS.Server.UnitTests.dll" adapterTypeName="executor://mstestadapter/v2" className="VideoOS.Server.UnitTests.Licensing.LicenseAllocatorChannelTests" name="HardwareActivatedOnWhiteList_ReplacedWithInheritance_HardwareOnWhiteList_NoCWAAllowed_NewHardwareInGrace" />
    </UnitTest>
    <UnitTest name="ConfigurationDataSetLoader_GetDeviceGroupByDeviceGroupId_Success" storage="d:\actions-runner\_work\xpco\xpco\corporate\videoos.server.unittests\bin\x64\debug\net472\videoos.server.unittests.dll" id="4705763f-eda9-ab18-6971-c5af3eec87c0">
      <Execution id="593ab11a-62cb-4990-a9b5-ad5eed5f9c81" />
      <TestMethod codeBase="D:\actions-runner\_work\XPCO\XPCO\Corporate\VideoOS.Server.UnitTests\bin\x64\Debug\net472\VideoOS.Server.UnitTests.dll" adapterTypeName="executor://mstestadapter/v2" className="VideoOS.Server.UnitTests.Configuration.ConfigurationDataSetLoaderTests" name="ConfigurationDataSetLoader_GetDeviceGroupByDeviceGroupId_Success" />
    </UnitTest>
    <UnitTest name="AutomaticActivationNearExpiry" storage="d:\actions-runner\_work\xpco\xpco\corporate\videoos.server.unittests\bin\x64\debug\net472\videoos.server.unittests.dll" id="2ef2d587-4907-1f3d-44fe-4a133e95d6e4">
      <TestCategory>
        <TestCategoryItem TestCategory="Licensing" />
      </TestCategory>
      <Execution id="fc6b2d42-b73a-49a6-b6a3-4faf043d367b" />
      <TestMethod codeBase="D:\actions-runner\_work\XPCO\XPCO\Corporate\VideoOS.Server.UnitTests\bin\x64\Debug\net472\VideoOS.Server.UnitTests.dll" adapterTypeName="executor://mstestadapter/v2" className="VideoOS.Server.UnitTests.Licensing.LicenseManagerUnitTests" name="AutomaticActivationNearExpiry" />
    </UnitTest>
    <UnitTest name="UpdateHardwareTaskCommandHandler_Execute_HeartBeat_Unknown_Tests" storage="d:\actions-runner\_work\xpco\xpco\corporate\videoos.server.unittests\bin\x64\debug\net472\videoos.server.unittests.dll" id="6320bcbb-9bd3-a2f1-dd89-af85ab33f5f8">
      <Execution id="58762143-fc5a-4a5e-9e9c-ef490376c6a9" />
      <TestMethod codeBase="D:\actions-runner\_work\XPCO\XPCO\Corporate\VideoOS.Server.UnitTests\bin\x64\Debug\net472\VideoOS.Server.UnitTests.dll" adapterTypeName="executor://mstestadapter/v2" className="VideoOS.Server.UnitTests.CommandHandler.UpdateHardwareTaskHandlerTests" name="UpdateHardwareTaskCommandHandler_Execute_HeartBeat_Unknown_Tests" />
    </UnitTest>
    <UnitTest name="Bug_360916_FiveLicensesAvailable_OneLicensedAndWhitelistedHardware_AddFiveMoreWhitelistedHardwares_OneByOne_FourInCWA_OneUnlicensed" storage="d:\actions-runner\_work\xpco\xpco\corporate\videoos.server.unittests\bin\x64\debug\net472\videoos.server.unittests.dll" id="a5fe29b6-8f11-96f3-28fa-75e016b04322">
      <TestCategory>
        <TestCategoryItem TestCategory="Licensing" />
      </TestCategory>
      <Execution id="d6ec70d3-ef70-4b5a-b240-2bd423a7250c" />
      <TestMethod codeBase="D:\actions-runner\_work\XPCO\XPCO\Corporate\VideoOS.Server.UnitTests\bin\x64\Debug\net472\VideoOS.Server.UnitTests.dll" adapterTypeName="executor://mstestadapter/v2" className="VideoOS.Server.UnitTests.Licensing.LicenseAllocatorChannelTests" name="Bug_360916_FiveLicensesAvailable_OneLicensedAndWhitelistedHardware_AddFiveMoreWhitelistedHardwares_OneByOne_FourInCWA_OneUnlicensed" />
    </UnitTest>
    <UnitTest name="HardwareInCWAOnWhiteList_ReplacedWithNoInheritance_HardwareOnWhiteList_CWAAllowed_FewerChannelsOnReplacedHardware_NewHardwareInCWA" storage="d:\actions-runner\_work\xpco\xpco\corporate\videoos.server.unittests\bin\x64\debug\net472\videoos.server.unittests.dll" id="920c3954-dd74-38c8-0c02-f21c3952b39d">
      <TestCategory>
        <TestCategoryItem TestCategory="Licensing Replace Hardware" />
        <TestCategoryItem TestCategory="Licensing" />
      </TestCategory>
      <Execution id="1d5b3c47-1b82-4654-ae13-5e195eb76afa" />
      <TestMethod codeBase="D:\actions-runner\_work\XPCO\XPCO\Corporate\VideoOS.Server.UnitTests\bin\x64\Debug\net472\VideoOS.Server.UnitTests.dll" adapterTypeName="executor://mstestadapter/v2" className="VideoOS.Server.UnitTests.Licensing.LicenseAllocatorChannelTests" name="HardwareInCWAOnWhiteList_ReplacedWithNoInheritance_HardwareOnWhiteList_CWAAllowed_FewerChannelsOnReplacedHardware_NewHardwareInCWA" />
    </UnitTest>
    <UnitTest name="ConfigurationDataSetLoader_GetConfigurationDataSetTables_Success" storage="d:\actions-runner\_work\xpco\xpco\corporate\videoos.server.unittests\bin\x64\debug\net472\videoos.server.unittests.dll" id="74195eff-5c09-dd70-25cd-3848f6ae2c25">
      <Execution id="7d00611f-dfc8-40e7-ba4b-9f08a20c0b2d" />
      <TestMethod codeBase="D:\actions-runner\_work\XPCO\XPCO\Corporate\VideoOS.Server.UnitTests\bin\x64\Debug\net472\VideoOS.Server.UnitTests.dll" adapterTypeName="executor://mstestadapter/v2" className="VideoOS.Server.UnitTests.Configuration.ConfigurationDataSetLoaderTests" name="ConfigurationDataSetLoader_GetConfigurationDataSetTables_Success" />
    </UnitTest>
    <UnitTest name="CheckConfigurationDataSetTest_DeviceMulticastNotLicensedSuccess" storage="d:\actions-runner\_work\xpco\xpco\corporate\videoos.server.unittests\bin\x64\debug\net472\videoos.server.unittests.dll" id="4c3b4141-4a79-a1ca-f4f6-ef7e6ac52e59">
      <Execution id="bb42ec75-9854-4bbc-9463-d7986797921a" />
      <TestMethod codeBase="D:\actions-runner\_work\XPCO\XPCO\Corporate\VideoOS.Server.UnitTests\bin\x64\Debug\net472\VideoOS.Server.UnitTests.dll" adapterTypeName="executor://mstestadapter/v2" className="VideoOS.Server.UnitTests.Licensing.LicenseFeatureCheckerTest" name="CheckConfigurationDataSetTest_DeviceMulticastNotLicensedSuccess" />
    </UnitTest>
    <UnitTest name="DeviceDataDistributionManager_CleanupAll_GetNextResponse_Throws_TimeoutException_NothingDeleted" storage="d:\actions-runner\_work\xpco\xpco\corporate\videoos.server.unittests\bin\x64\debug\net472\videoos.server.unittests.dll" id="c17675a9-d4b5-c266-e823-f450357161ad">
      <Execution id="ad2cd720-15a0-4936-b47d-23d4df1158ef" />
      <TestMethod codeBase="D:\actions-runner\_work\XPCO\XPCO\Corporate\VideoOS.Server.UnitTests\bin\x64\Debug\net472\VideoOS.Server.UnitTests.dll" adapterTypeName="executor://mstestadapter/v2" className="VideoOS.Server.UnitTests.DeviceDataDistributionManagerUnitTests" name="DeviceDataDistributionManager_CleanupAll_GetNextResponse_Throws_TimeoutException_NothingDeleted" />
    </UnitTest>
    <UnitTest name="AllocateLicensesNotActivated_WhitelistedDriver_Grace_OneHardware_TwoCameras_OneLicense_ValidateLicenseTypes" storage="d:\actions-runner\_work\xpco\xpco\corporate\videoos.server.unittests\bin\x64\debug\net472\videoos.server.unittests.dll" id="a0443b37-ab3a-c2e5-1bdd-bab22a3fb13a">
      <TestCategory>
        <TestCategoryItem TestCategory="Licensing" />
      </TestCategory>
      <Execution id="2e0b4094-1f96-4a14-aa23-c1eabb0e6bda" />
      <TestMethod codeBase="D:\actions-runner\_work\XPCO\XPCO\Corporate\VideoOS.Server.UnitTests\bin\x64\Debug\net472\VideoOS.Server.UnitTests.dll" adapterTypeName="executor://mstestadapter/v2" className="VideoOS.Server.UnitTests.Licensing.LicenseAllocatorChannelTests" name="AllocateLicensesNotActivated_WhitelistedDriver_Grace_OneHardware_TwoCameras_OneLicense_ValidateLicenseTypes" />
    </UnitTest>
    <UnitTest name="MultiSite_ChannelBased_SameHardwareAndDevicesOn2Recorders_NotWhitelisted_AllCamerasDisabled_ConsumesNoExtraLicenses" storage="d:\actions-runner\_work\xpco\xpco\corporate\videoos.server.unittests\bin\x64\debug\net472\videoos.server.unittests.dll" id="dfa05749-3f41-1990-642d-87f7f0ef5bf7">
      <Execution id="5cfd0eba-1581-4142-8233-4267e3949348" />
      <TestMethod codeBase="D:\actions-runner\_work\XPCO\XPCO\Corporate\VideoOS.Server.UnitTests\bin\x64\Debug\net472\VideoOS.Server.UnitTests.dll" adapterTypeName="executor://mstestadapter/v2" className="VideoOS.Server.UnitTests.Licensing.LicenseAllocatorChannelTests" name="MultiSite_ChannelBased_SameHardwareAndDevicesOn2Recorders_NotWhitelisted_AllCamerasDisabled_ConsumesNoExtraLicenses" />
    </UnitTest>
    <UnitTest name="RecorderAccessTokenHandler_PopulateAuthorizationHeaderAsync_IdentityServerTokenException" storage="d:\actions-runner\_work\xpco\xpco\corporate\videoos.server.unittests\bin\x64\debug\net472\videoos.server.unittests.dll" id="10963fca-9936-e814-f958-990fcbd63cbe">
      <Execution id="1189727f-6791-443c-b653-8e2b18447e60" />
      <TestMethod codeBase="D:\actions-runner\_work\XPCO\XPCO\Corporate\VideoOS.Server.UnitTests\bin\x64\Debug\net472\VideoOS.Server.UnitTests.dll" adapterTypeName="executor://mstestadapter/v2" className="VideoOS.Server.UnitTests.RecorderCommunication.ServerAccessTokenHandlerTests" name="RecorderAccessTokenHandler_PopulateAuthorizationHeaderAsync_IdentityServerTokenException" />
    </UnitTest>
    <UnitTest name="HasLicense_ReturnsFalse_WhenNoLicenseExists" storage="d:\actions-runner\_work\xpco\xpco\corporate\videoos.server.unittests\bin\x64\debug\net472\videoos.server.unittests.dll" id="62c1543f-f880-9422-221c-4ee82e491af1">
      <TestCategory>
        <TestCategoryItem TestCategory="Licensing" />
      </TestCategory>
      <Execution id="77fc5219-118b-4599-8bc5-59b2b89f12b0" />
      <TestMethod codeBase="D:\actions-runner\_work\XPCO\XPCO\Corporate\VideoOS.Server.UnitTests\bin\x64\Debug\net472\VideoOS.Server.UnitTests.dll" adapterTypeName="executor://mstestadapter/v2" className="VideoOS.Server.UnitTests.Licensing.LicenseRequestChannelTests" name="HasLicense_ReturnsFalse_WhenNoLicenseExists" />
    </UnitTest>
    <UnitTest name="GetCompleteConfiguration_ModelValid_RecorderNotFoundException_Handled" storage="d:\actions-runner\_work\xpco\xpco\corporate\videoos.server.unittests\bin\x64\debug\net472\videoos.server.unittests.dll" id="a72557df-c6d0-bf9b-8d3c-1786d4a4b577">
      <Execution id="96c94e4a-5db6-48ef-8fde-6eb5119090db" />
      <TestMethod codeBase="D:\actions-runner\_work\XPCO\XPCO\Corporate\VideoOS.Server.UnitTests\bin\x64\Debug\net472\VideoOS.Server.UnitTests.dll" adapterTypeName="executor://mstestadapter/v2" className="VideoOS.Server.UnitTests.ConfigurationControllerTests" name="GetCompleteConfiguration_ModelValid_RecorderNotFoundException_Handled" />
    </UnitTest>
    <UnitTest name="Validate_FirstGraceExpireShown_WithWhiteListedAndNonWhitelistedHardwareOnly_PostAllocation_Success" storage="d:\actions-runner\_work\xpco\xpco\corporate\videoos.server.unittests\bin\x64\debug\net472\videoos.server.unittests.dll" id="87263014-5977-304d-a6cb-58774dbc7b92">
      <TestCategory>
        <TestCategoryItem TestCategory="Licensing" />
      </TestCategory>
      <Execution id="099c26a8-4185-4c1e-9ccf-b91bd2063c07" />
      <TestMethod codeBase="D:\actions-runner\_work\XPCO\XPCO\Corporate\VideoOS.Server.UnitTests\bin\x64\Debug\net472\VideoOS.Server.UnitTests.dll" adapterTypeName="executor://mstestadapter/v2" className="VideoOS.Server.UnitTests.Licensing.LicenseInfoXmlWriterTests" name="Validate_FirstGraceExpireShown_WithWhiteListedAndNonWhitelistedHardwareOnly_PostAllocation_Success" />
    </UnitTest>
    <UnitTest name="MoveHardwareTaskCommandHandler_Execute_DestinationRecorder_Not_Compatible_FailResponse" storage="d:\actions-runner\_work\xpco\xpco\corporate\videoos.server.unittests\bin\x64\debug\net472\videoos.server.unittests.dll" id="2ed3a00a-4f7f-6fbf-f5bb-89f70e5e347a">
      <Execution id="afdf0c6a-f189-47bf-a2b8-bcefa0c825aa" />
      <TestMethod codeBase="D:\actions-runner\_work\XPCO\XPCO\Corporate\VideoOS.Server.UnitTests\bin\x64\Debug\net472\VideoOS.Server.UnitTests.dll" adapterTypeName="executor://mstestadapter/v2" className="VideoOS.Server.UnitTests.CommandHandler.MoveHardwareTaskCommandHandlerTests" name="MoveHardwareTaskCommandHandler_Execute_DestinationRecorder_Not_Compatible_FailResponse" />
    </UnitTest>
    <UnitTest name="IsActivationQueued_StaysTrue_OnTwoQueueActivationCalls" storage="d:\actions-runner\_work\xpco\xpco\corporate\videoos.server.unittests\bin\x64\debug\net472\videoos.server.unittests.dll" id="440876a3-0b1f-65cb-86fa-df7d9378bb2e">
      <TestCategory>
        <TestCategoryItem TestCategory="Licensing" />
      </TestCategory>
      <Execution id="19768082-cf1e-48f8-876b-4f48111d1d46" />
      <TestMethod codeBase="D:\actions-runner\_work\XPCO\XPCO\Corporate\VideoOS.Server.UnitTests\bin\x64\Debug\net472\VideoOS.Server.UnitTests.dll" adapterTypeName="executor://mstestadapter/v2" className="VideoOS.Server.UnitTests.Licensing.ActivationManagerTests" name="IsActivationQueued_StaysTrue_OnTwoQueueActivationCalls" />
    </UnitTest>
    <UnitTest name="SetRecorderInformation_ModelIsNull_BadRequestResult" storage="d:\actions-runner\_work\xpco\xpco\corporate\videoos.server.unittests\bin\x64\debug\net472\videoos.server.unittests.dll" id="7ff84ea9-41b0-fba9-537a-539e9deaafa7">
      <Execution id="e48265a9-6b50-417a-8225-ac3ad1766296" />
      <TestMethod codeBase="D:\actions-runner\_work\XPCO\XPCO\Corporate\VideoOS.Server.UnitTests\bin\x64\Debug\net472\VideoOS.Server.UnitTests.dll" adapterTypeName="executor://mstestadapter/v2" className="VideoOS.Server.UnitTests.WebApi.Controllers.RecorderRegistrationControllerTests" name="SetRecorderInformation_ModelIsNull_BadRequestResult" />
    </UnitTest>
    <UnitTest name="LicenseHardwareRow_Validate_DeletedRowCanBeReinstated_ChangesAccepted_Success" storage="d:\actions-runner\_work\xpco\xpco\corporate\videoos.server.unittests\bin\x64\debug\net472\videoos.server.unittests.dll" id="061bc90e-4d0a-bbed-e647-2e276f10901c">
      <TestCategory>
        <TestCategoryItem TestCategory="Licensing" />
      </TestCategory>
      <Execution id="979e664d-4813-4b14-a801-cfac72c9f710" />
      <TestMethod codeBase="D:\actions-runner\_work\XPCO\XPCO\Corporate\VideoOS.Server.UnitTests\bin\x64\Debug\net472\VideoOS.Server.UnitTests.dll" adapterTypeName="executor://mstestadapter/v2" className="VideoOS.Server.UnitTests.Licensing.LicenseDataSetUnitTests" name="LicenseHardwareRow_Validate_DeletedRowCanBeReinstated_ChangesAccepted_Success" />
    </UnitTest>
    <UnitTest name="ArchiveTaskStatusDetails_Serialize_And_Deserialize_Success" storage="d:\actions-runner\_work\xpco\xpco\corporate\videoos.server.unittests\bin\x64\debug\net472\videoos.server.unittests.dll" id="ab5631f2-f214-2d6b-103e-ecf8fde77b19">
      <Execution id="4aa791a7-21e4-4074-a91b-e24855c15786" />
      <TestMethod codeBase="D:\actions-runner\_work\XPCO\XPCO\Corporate\VideoOS.Server.UnitTests\bin\x64\Debug\net472\VideoOS.Server.UnitTests.dll" adapterTypeName="executor://mstestadapter/v2" className="VideoOS.Server.UnitTests.Tasks.ArchiveTaskStatusDetailsUnitTests" name="ArchiveTaskStatusDetails_Serialize_And_Deserialize_Success" />
    </UnitTest>
    <UnitTest name="ChangeHardwarePasswordRuleAction_Execute_SunnyDay_TasksAreCreated" storage="d:\actions-runner\_work\xpco\xpco\corporate\videoos.server.unittests\bin\x64\debug\net472\videoos.server.unittests.dll" id="b6a7c847-6af8-0a85-462e-ea0929bbefc5">
      <Execution id="382c0d43-f911-49d0-be2f-4128ce7147b1" />
      <TestMethod codeBase="D:\actions-runner\_work\XPCO\XPCO\Corporate\VideoOS.Server.UnitTests\bin\x64\Debug\net472\VideoOS.Server.UnitTests.dll" adapterTypeName="executor://mstestadapter/v2" className="VideoOS.Server.UnitTests.RuleActions.ChangeHardwarePasswordRuleActionUnitTests" name="ChangeHardwarePasswordRuleAction_Execute_SunnyDay_TasksAreCreated" />
    </UnitTest>
    <UnitTest name="CheckForAutomaticActivationTrigger_ReturnsTrue_OnAddedHardware" storage="d:\actions-runner\_work\xpco\xpco\corporate\videoos.server.unittests\bin\x64\debug\net472\videoos.server.unittests.dll" id="d6028c75-f54c-a6c8-83bc-c168a426567e">
      <TestCategory>
        <TestCategoryItem TestCategory="Licensing" />
      </TestCategory>
      <Execution id="77539f6f-aba7-4bd9-88f2-da31263da116" />
      <TestMethod codeBase="D:\actions-runner\_work\XPCO\XPCO\Corporate\VideoOS.Server.UnitTests\bin\x64\Debug\net472\VideoOS.Server.UnitTests.dll" adapterTypeName="executor://mstestadapter/v2" className="VideoOS.Server.UnitTests.Commands.UpdateConfigurationManagerCommandHandlerTests" name="CheckForAutomaticActivationTrigger_ReturnsTrue_OnAddedHardware" />
    </UnitTest>
    <UnitTest name="RecorderTaskFailed_ModelIsValid_Executed" storage="d:\actions-runner\_work\xpco\xpco\corporate\videoos.server.unittests\bin\x64\debug\net472\videoos.server.unittests.dll" id="8db5f8b9-eae8-c576-e7ed-a034a6d78bed">
      <Execution id="d1ce5272-c0b1-4f30-80fe-6e48eb7ad4c4" />
      <TestMethod codeBase="D:\actions-runner\_work\XPCO\XPCO\Corporate\VideoOS.Server.UnitTests\bin\x64\Debug\net472\VideoOS.Server.UnitTests.dll" adapterTypeName="executor://mstestadapter/v2" className="VideoOS.Server.UnitTests.TaskControllerTests" name="RecorderTaskFailed_ModelIsValid_Executed" />
    </UnitTest>
    <UnitTest name="LicenseCountManager_RegisterHardwareRecorderRelation_InvalidMac_Null_Throws_ArgumentNullException" storage="d:\actions-runner\_work\xpco\xpco\corporate\videoos.server.unittests\bin\x64\debug\net472\videoos.server.unittests.dll" id="d8bc0f8e-1b92-7746-78f9-16b8b93e5011">
      <TestCategory>
        <TestCategoryItem TestCategory="Licensing" />
      </TestCategory>
      <Execution id="fab0ad40-ceb1-4f37-be69-6ba63853c521" />
      <TestMethod codeBase="D:\actions-runner\_work\XPCO\XPCO\Corporate\VideoOS.Server.UnitTests\bin\x64\Debug\net472\VideoOS.Server.UnitTests.dll" adapterTypeName="executor://mstestadapter/v2" className="VideoOS.Server.UnitTests.Licensing.LicenseCountManagerUnitTests" name="LicenseCountManager_RegisterHardwareRecorderRelation_InvalidMac_Null_Throws_ArgumentNullException" />
    </UnitTest>
    <UnitTest name="AddBookmarkCommand_ModelValid_RecorderNotFoundException_Handled" storage="d:\actions-runner\_work\xpco\xpco\corporate\videoos.server.unittests\bin\x64\debug\net472\videoos.server.unittests.dll" id="ca2fa920-b827-2294-b4cd-faeaf4472dfc">
      <Execution id="5819f056-8455-44fb-8e91-252778eb82e2" />
      <TestMethod codeBase="D:\actions-runner\_work\XPCO\XPCO\Corporate\VideoOS.Server.UnitTests\bin\x64\Debug\net472\VideoOS.Server.UnitTests.dll" adapterTypeName="executor://mstestadapter/v2" className="VideoOS.Server.UnitTests.DatabaseCommandsControllerTests" name="AddBookmarkCommand_ModelValid_RecorderNotFoundException_Handled" />
    </UnitTest>
    <UnitTest name="LicenseCountManager_CameraFeed_GetCameraFeedsUsed_Success" storage="d:\actions-runner\_work\xpco\xpco\corporate\videoos.server.unittests\bin\x64\debug\net472\videoos.server.unittests.dll" id="20f085ed-3660-c5b0-6cb6-d23074a475fe">
      <Execution id="bf28447d-f2b8-48db-825a-d7d9daaec51e" />
      <TestMethod codeBase="D:\actions-runner\_work\XPCO\XPCO\Corporate\VideoOS.Server.UnitTests\bin\x64\Debug\net472\VideoOS.Server.UnitTests.dll" adapterTypeName="executor://mstestadapter/v2" className="VideoOS.Server.UnitTests.Licensing.LicenseCountManagerUnitTests" name="LicenseCountManager_CameraFeed_GetCameraFeedsUsed_Success" />
    </UnitTest>
    <UnitTest name="DeviceLicense_SetExpire_NoneExistingItem_Success" storage="d:\actions-runner\_work\xpco\xpco\corporate\videoos.server.unittests\bin\x64\debug\net472\videoos.server.unittests.dll" id="c3809a3c-e353-b14a-7852-059c4037db12">
      <Execution id="345fa980-71a3-435c-b7ab-15fcecca46b3" />
      <TestMethod codeBase="D:\actions-runner\_work\XPCO\XPCO\Corporate\VideoOS.Server.UnitTests\bin\x64\Debug\net472\VideoOS.Server.UnitTests.dll" adapterTypeName="executor://mstestadapter/v2" className="VideoOS.Server.UnitTests.Licensing.LicenseSnapshotTests" name="DeviceLicense_SetExpire_NoneExistingItem_Success" />
    </UnitTest>
    <UnitTest name="TemporaryLicense_SetChangesWithoutActivationToken_DateActivatedInferiorToNow" storage="d:\actions-runner\_work\xpco\xpco\corporate\videoos.server.unittests\bin\x64\debug\net472\videoos.server.unittests.dll" id="cb7e10c6-0204-7896-444a-0757f579dd40">
      <TestCategory>
        <TestCategoryItem TestCategory="Licensing" />
      </TestCategory>
      <Execution id="c5e0cb3d-d114-40d2-b360-7e6efa066906" />
      <TestMethod codeBase="D:\actions-runner\_work\XPCO\XPCO\Corporate\VideoOS.Server.UnitTests\bin\x64\Debug\net472\VideoOS.Server.UnitTests.dll" adapterTypeName="executor://mstestadapter/v2" className="VideoOS.Server.UnitTests.Licensing.HardwareLicensesUnitTests" name="TemporaryLicense_SetChangesWithoutActivationToken_DateActivatedInferiorToNow" />
    </UnitTest>
    <UnitTest name="LicenseCountManager_FindHardwareInGrace_ReturnsEmptyList_OnHardwareInChangesWithoutActivation" storage="d:\actions-runner\_work\xpco\xpco\corporate\videoos.server.unittests\bin\x64\debug\net472\videoos.server.unittests.dll" id="3d9fe5b0-0db7-5bff-54c4-e4369ef66212">
      <TestCategory>
        <TestCategoryItem TestCategory="Licensing" />
      </TestCategory>
      <Execution id="2b8ccbd8-8ba0-400b-bce8-51725eee66e9" />
      <TestMethod codeBase="D:\actions-runner\_work\XPCO\XPCO\Corporate\VideoOS.Server.UnitTests\bin\x64\Debug\net472\VideoOS.Server.UnitTests.dll" adapterTypeName="executor://mstestadapter/v2" className="VideoOS.Server.UnitTests.Licensing.LicenseCountManagerUnitTests" name="LicenseCountManager_FindHardwareInGrace_ReturnsEmptyList_OnHardwareInChangesWithoutActivation" />
    </UnitTest>
    <UnitTest name="AnalyzeAndCreateAuditLogs_AddedSecurityPermissionsDeviceRowWithDEVICESPEAKPRIORITYAtrributeDefaultPriority_ReturnsOneAuditLog" storage="d:\actions-runner\_work\xpco\xpco\corporate\videoos.server.unittests\bin\x64\debug\net472\videoos.server.unittests.dll" id="95000700-54cd-aa4b-5aca-fefb237bd275">
      <Execution id="7844f79b-8b63-41b9-affe-03b78f1a807e" />
      <TestMethod codeBase="D:\actions-runner\_work\XPCO\XPCO\Corporate\VideoOS.Server.UnitTests\bin\x64\Debug\net472\VideoOS.Server.UnitTests.dll" adapterTypeName="executor://mstestadapter/v2" className="VideoOS.Server.UnitTests.CommandHandler.DataSetAuditLogAnalyzerTests" name="AnalyzeAndCreateAuditLogs_AddedSecurityPermissionsDeviceRowWithDEVICESPEAKPRIORITYAtrributeDefaultPriority_ReturnsOneAuditLog" />
    </UnitTest>
    <UnitTest name="ReplaceHardwareTaskCommandHandler_Execute_Null_Tests" storage="d:\actions-runner\_work\xpco\xpco\corporate\videoos.server.unittests\bin\x64\debug\net472\videoos.server.unittests.dll" id="b2e31265-14ee-8e35-63db-c09f124e2cfc">
      <Execution id="b1716457-1459-4582-9997-4f28dfa59d19" />
      <TestMethod codeBase="D:\actions-runner\_work\XPCO\XPCO\Corporate\VideoOS.Server.UnitTests\bin\x64\Debug\net472\VideoOS.Server.UnitTests.dll" adapterTypeName="executor://mstestadapter/v2" className="VideoOS.Server.UnitTests.CommandHandler.ReplaceHardwareTaskCommandHandlerUnitTests" name="ReplaceHardwareTaskCommandHandler_Execute_Null_Tests" />
    </UnitTest>
    <UnitTest name="UpdateLicenseInformation_DelayedWhenCalledTwice_BeforeTimeout_Success" storage="d:\actions-runner\_work\xpco\xpco\corporate\videoos.server.unittests\bin\x64\debug\net472\videoos.server.unittests.dll" id="ba3849b3-9ea5-cfac-5226-3bf7a80944d3">
      <Execution id="70ee8477-7ea0-4aa5-aa7b-a638f7fa9b04" />
      <TestMethod codeBase="D:\actions-runner\_work\XPCO\XPCO\Corporate\VideoOS.Server.UnitTests\bin\x64\Debug\net472\VideoOS.Server.UnitTests.dll" adapterTypeName="executor://mstestadapter/v2" className="VideoOS.Server.UnitTests.Licensing.LicenseManagerCacheTests" name="UpdateLicenseInformation_DelayedWhenCalledTwice_BeforeTimeout_Success" />
    </UnitTest>
    <UnitTest name="RecorderLicense_InsertThenUpdate_ShouldRemainWithInsertFlag" storage="d:\actions-runner\_work\xpco\xpco\corporate\videoos.server.unittests\bin\x64\debug\net472\videoos.server.unittests.dll" id="32876b14-7506-d499-7fa0-d1216c75f74e">
      <Execution id="4df7f8f8-91df-4720-97f3-11582c5ae22b" />
      <TestMethod codeBase="D:\actions-runner\_work\XPCO\XPCO\Corporate\VideoOS.Server.UnitTests\bin\x64\Debug\net472\VideoOS.Server.UnitTests.dll" adapterTypeName="executor://mstestadapter/v2" className="VideoOS.Server.UnitTests.Licensing.LicenseSnapshotTests" name="RecorderLicense_InsertThenUpdate_ShouldRemainWithInsertFlag" />
    </UnitTest>
    <UnitTest name="ConfigurationDataSetLoader_GetDeviceGroupMembersByDeviceId_Success" storage="d:\actions-runner\_work\xpco\xpco\corporate\videoos.server.unittests\bin\x64\debug\net472\videoos.server.unittests.dll" id="456922c0-2173-494b-5340-de73de1629fa">
      <Execution id="480daae6-c15c-4920-b9a1-3a817d6a7262" />
      <TestMethod codeBase="D:\actions-runner\_work\XPCO\XPCO\Corporate\VideoOS.Server.UnitTests\bin\x64\Debug\net472\VideoOS.Server.UnitTests.dll" adapterTypeName="executor://mstestadapter/v2" className="VideoOS.Server.UnitTests.Configuration.ConfigurationDataSetLoaderTests" name="ConfigurationDataSetLoader_GetDeviceGroupMembersByDeviceId_Success" />
    </UnitTest>
    <UnitTest name="MoveHardwareTaskCommandHandler_Execute_Driver_XmlVersions_Different_Success_With_Warnings" storage="d:\actions-runner\_work\xpco\xpco\corporate\videoos.server.unittests\bin\x64\debug\net472\videoos.server.unittests.dll" id="9f208fe6-ec59-67b6-a729-39f373419945">
      <Execution id="f58ae2b0-c82d-4986-98cf-6834eda00c85" />
      <TestMethod codeBase="D:\actions-runner\_work\XPCO\XPCO\Corporate\VideoOS.Server.UnitTests\bin\x64\Debug\net472\VideoOS.Server.UnitTests.dll" adapterTypeName="executor://mstestadapter/v2" className="VideoOS.Server.UnitTests.CommandHandler.MoveHardwareTaskCommandHandlerTests" name="MoveHardwareTaskCommandHandler_Execute_Driver_XmlVersions_Different_Success_With_Warnings" />
    </UnitTest>
    <UnitTest name="DeleteHardwareUserCommandHandler_Execute_Success" storage="d:\actions-runner\_work\xpco\xpco\corporate\videoos.server.unittests\bin\x64\debug\net472\videoos.server.unittests.dll" id="efe75656-15b7-58e9-b491-0633aa52708d">
      <Execution id="4823dbca-575a-4a8d-8125-0f48d40101ae" />
      <TestMethod codeBase="D:\actions-runner\_work\XPCO\XPCO\Corporate\VideoOS.Server.UnitTests\bin\x64\Debug\net472\VideoOS.Server.UnitTests.dll" adapterTypeName="executor://mstestadapter/v2" className="VideoOS.Server.UnitTests.CommandHandler.DeleteHardwareUserCommandHandlerServerTests" name="DeleteHardwareUserCommandHandler_Execute_Success" />
    </UnitTest>
    <UnitTest name="AttachedRecorder_GetRecorderStatusArray_Success" storage="d:\actions-runner\_work\xpco\xpco\corporate\videoos.server.unittests\bin\x64\debug\net472\videoos.server.unittests.dll" id="72f35452-ae18-a81e-a215-eabf2f938f12">
      <Execution id="debac75c-2c26-4db1-b2f3-d7abbf300017" />
      <TestMethod codeBase="D:\actions-runner\_work\XPCO\XPCO\Corporate\VideoOS.Server.UnitTests\bin\x64\Debug\net472\VideoOS.Server.UnitTests.dll" adapterTypeName="executor://mstestadapter/v2" className="VideoOS.Server.UnitTests.AttachedRecorderTests" name="AttachedRecorder_GetRecorderStatusArray_Success" />
    </UnitTest>
    <UnitTest name="Simulate_CWA_TreatedAsLicensedAfterOneYear_NotWhitelisted" storage="d:\actions-runner\_work\xpco\xpco\corporate\videoos.server.unittests\bin\x64\debug\net472\videoos.server.unittests.dll" id="9c2dc762-2a57-9696-7f90-04f8ebffaa04">
      <TestCategory>
        <TestCategoryItem TestCategory="Licensing" />
      </TestCategory>
      <Execution id="2c4c5d10-3bc9-48af-a76e-8b1b0eef9afa" />
      <TestMethod codeBase="D:\actions-runner\_work\XPCO\XPCO\Corporate\VideoOS.Server.UnitTests\bin\x64\Debug\net472\VideoOS.Server.UnitTests.dll" adapterTypeName="executor://mstestadapter/v2" className="VideoOS.Server.UnitTests.Licensing.LicenseAllocatorChannelTests" name="Simulate_CWA_TreatedAsLicensedAfterOneYear_NotWhitelisted" />
    </UnitTest>
    <UnitTest name="HardwareActivatedNotOnWhiteList_ReplacedWithInheritance_HardwareNotOnWhiteList_MixedCWAAllowed_SomeDevicesInCWA" storage="d:\actions-runner\_work\xpco\xpco\corporate\videoos.server.unittests\bin\x64\debug\net472\videoos.server.unittests.dll" id="5b019d43-b26a-5fff-fbe5-b9c53fdb2c07">
      <TestCategory>
        <TestCategoryItem TestCategory="Licensing Replace Hardware" />
        <TestCategoryItem TestCategory="Licensing" />
      </TestCategory>
      <Execution id="5033f80f-2440-474d-81ad-fba5d704a221" />
      <TestMethod codeBase="D:\actions-runner\_work\XPCO\XPCO\Corporate\VideoOS.Server.UnitTests\bin\x64\Debug\net472\VideoOS.Server.UnitTests.dll" adapterTypeName="executor://mstestadapter/v2" className="VideoOS.Server.UnitTests.Licensing.LicenseAllocatorChannelTests" name="HardwareActivatedNotOnWhiteList_ReplacedWithInheritance_HardwareNotOnWhiteList_MixedCWAAllowed_SomeDevicesInCWA" />
    </UnitTest>
    <UnitTest name="ChangeHardwarePasswordRuleAction_Execute_TaskCreationQueryThrowsVmoException_ErrorLogsCreated" storage="d:\actions-runner\_work\xpco\xpco\corporate\videoos.server.unittests\bin\x64\debug\net472\videoos.server.unittests.dll" id="1b12fd37-50b5-cbfc-ea07-426652c486ec">
      <Execution id="319026c3-1949-4f96-8f0c-c91afa62a7db" />
      <TestMethod codeBase="D:\actions-runner\_work\XPCO\XPCO\Corporate\VideoOS.Server.UnitTests\bin\x64\Debug\net472\VideoOS.Server.UnitTests.dll" adapterTypeName="executor://mstestadapter/v2" className="VideoOS.Server.UnitTests.RuleActions.ChangeHardwarePasswordRuleActionUnitTests" name="ChangeHardwarePasswordRuleAction_Execute_TaskCreationQueryThrowsVmoException_ErrorLogsCreated" />
    </UnitTest>
    <UnitTest name="ChannelLicenseCountManager_IsCameraFeedLicensedOnSite_NullDeviceInfo_ThrowsArgumentNullException" storage="d:\actions-runner\_work\xpco\xpco\corporate\videoos.server.unittests\bin\x64\debug\net472\videoos.server.unittests.dll" id="226ec0b4-b5fb-232d-ea6f-85b63c59b78e">
      <TestCategory>
        <TestCategoryItem TestCategory="Licensing" />
      </TestCategory>
      <Execution id="9866e511-e5ff-4dc6-b4e4-43fc3ed71e7b" />
      <TestMethod codeBase="D:\actions-runner\_work\XPCO\XPCO\Corporate\VideoOS.Server.UnitTests\bin\x64\Debug\net472\VideoOS.Server.UnitTests.dll" adapterTypeName="executor://mstestadapter/v2" className="VideoOS.Server.UnitTests.Licensing.LicenseCountManagerUnitTests" name="ChannelLicenseCountManager_IsCameraFeedLicensedOnSite_NullDeviceInfo_ThrowsArgumentNullException" />
    </UnitTest>
    <UnitTest name="HardwareInCWAOnWhiteList_ReplacedWithInheritance_HardwareNotOnWhiteList_CWAAllowed_FewerChannelsOnReplacedHardware_AllDevicesInCWA" storage="d:\actions-runner\_work\xpco\xpco\corporate\videoos.server.unittests\bin\x64\debug\net472\videoos.server.unittests.dll" id="dd83176d-4609-3020-e852-33fe8239e972">
      <TestCategory>
        <TestCategoryItem TestCategory="Licensing Replace Hardware" />
        <TestCategoryItem TestCategory="Licensing" />
      </TestCategory>
      <Execution id="d224158b-0fa0-4fa4-b848-f211ddacecf5" />
      <TestMethod codeBase="D:\actions-runner\_work\XPCO\XPCO\Corporate\VideoOS.Server.UnitTests\bin\x64\Debug\net472\VideoOS.Server.UnitTests.dll" adapterTypeName="executor://mstestadapter/v2" className="VideoOS.Server.UnitTests.Licensing.LicenseAllocatorChannelTests" name="HardwareInCWAOnWhiteList_ReplacedWithInheritance_HardwareNotOnWhiteList_CWAAllowed_FewerChannelsOnReplacedHardware_AllDevicesInCWA" />
    </UnitTest>
    <UnitTest name="HardwareInCWANotOnWhiteList_ReplacedWithNoInheritance_HardwareOnWhiteList_CWAAllowed_MoreChannelsOnReplacedHardware_NewHardwareInCWA" storage="d:\actions-runner\_work\xpco\xpco\corporate\videoos.server.unittests\bin\x64\debug\net472\videoos.server.unittests.dll" id="adb45a6a-26fd-ba52-beaa-50bf00558977">
      <TestCategory>
        <TestCategoryItem TestCategory="Licensing Replace Hardware" />
        <TestCategoryItem TestCategory="Licensing" />
      </TestCategory>
      <Execution id="303af863-7174-45d5-b94f-cd88139f302d" />
      <TestMethod codeBase="D:\actions-runner\_work\XPCO\XPCO\Corporate\VideoOS.Server.UnitTests\bin\x64\Debug\net472\VideoOS.Server.UnitTests.dll" adapterTypeName="executor://mstestadapter/v2" className="VideoOS.Server.UnitTests.Licensing.LicenseAllocatorChannelTests" name="HardwareInCWANotOnWhiteList_ReplacedWithNoInheritance_HardwareOnWhiteList_CWAAllowed_MoreChannelsOnReplacedHardware_NewHardwareInCWA" />
    </UnitTest>
    <UnitTest name="HardwareActivatedNotOnWhiteList_ReplacedWithInheritance_HardwareNotOnWhiteList_DifferentCameraChannels_SomeGraceSomeCWA" storage="d:\actions-runner\_work\xpco\xpco\corporate\videoos.server.unittests\bin\x64\debug\net472\videoos.server.unittests.dll" id="0689373a-e253-57f7-534a-a84706ecc7fd">
      <TestCategory>
        <TestCategoryItem TestCategory="Licensing Replace Hardware" />
        <TestCategoryItem TestCategory="Licensing" />
      </TestCategory>
      <Execution id="f436bd6c-5a47-44b7-b892-bb696f80100b" />
      <TestMethod codeBase="D:\actions-runner\_work\XPCO\XPCO\Corporate\VideoOS.Server.UnitTests\bin\x64\Debug\net472\VideoOS.Server.UnitTests.dll" adapterTypeName="executor://mstestadapter/v2" className="VideoOS.Server.UnitTests.Licensing.LicenseAllocatorChannelTests" name="HardwareActivatedNotOnWhiteList_ReplacedWithInheritance_HardwareNotOnWhiteList_DifferentCameraChannels_SomeGraceSomeCWA" />
    </UnitTest>
    <UnitTest name="CheckMsFailoverStatusCommandHandler_Constructor_Second_ThrowsIfParameterNull" storage="d:\actions-runner\_work\xpco\xpco\corporate\videoos.server.unittests\bin\x64\debug\net472\videoos.server.unittests.dll" id="733b622e-46d5-d019-e7eb-f1f0d3677324">
      <Execution id="6b2b5364-ab47-4053-a49a-2f32d99d35fa" />
      <TestMethod codeBase="D:\actions-runner\_work\XPCO\XPCO\Corporate\VideoOS.Server.UnitTests\bin\x64\Debug\net472\VideoOS.Server.UnitTests.dll" adapterTypeName="executor://mstestadapter/v2" className="VideoOS.Server.UnitTests.CommandHandler.CheckMsFailoverStatusCommandHandlerUnitTest" name="CheckMsFailoverStatusCommandHandler_Constructor_Second_ThrowsIfParameterNull" />
    </UnitTest>
    <UnitTest name="EvidenceLockOnOldRecorderCommandHandlerTests_OldRecV1_ConfigDelete1Row_FailSendComd" storage="d:\actions-runner\_work\xpco\xpco\corporate\videoos.server.unittests\bin\x64\debug\net472\videoos.server.unittests.dll" id="26a26b26-1ddc-2f15-864f-2bd9398b0113">
      <Execution id="4b1ef701-3c59-4463-b42f-73923663ae91" />
      <TestMethod codeBase="D:\actions-runner\_work\XPCO\XPCO\Corporate\VideoOS.Server.UnitTests\bin\x64\Debug\net472\VideoOS.Server.UnitTests.dll" adapterTypeName="executor://mstestadapter/v2" className="VideoOS.Server.UnitTests.CommandHandler.EvidenceLockOnOldRecorderCommandHandlerTests" name="EvidenceLockOnOldRecorderCommandHandlerTests_OldRecV1_ConfigDelete1Row_FailSendComd" />
    </UnitTest>
    <UnitTest name="ChannelLicenseCountManager_UpdateCameraFeedLicensedValue_NullDeviceInfo_ThrowsArgumentNullException" storage="d:\actions-runner\_work\xpco\xpco\corporate\videoos.server.unittests\bin\x64\debug\net472\videoos.server.unittests.dll" id="5a776a3a-b48a-863b-abb5-d1a060454ea7">
      <TestCategory>
        <TestCategoryItem TestCategory="Licensing" />
      </TestCategory>
      <Execution id="7538f057-0cbf-4b39-9cc5-f21bd4641b9f" />
      <TestMethod codeBase="D:\actions-runner\_work\XPCO\XPCO\Corporate\VideoOS.Server.UnitTests\bin\x64\Debug\net472\VideoOS.Server.UnitTests.dll" adapterTypeName="executor://mstestadapter/v2" className="VideoOS.Server.UnitTests.Licensing.LicenseCountManagerUnitTests" name="ChannelLicenseCountManager_UpdateCameraFeedLicensedValue_NullDeviceInfo_ThrowsArgumentNullException" />
    </UnitTest>
    <UnitTest name="HardwareScanTaskCommandHandler_Execute_Timeout_FailResponse" storage="d:\actions-runner\_work\xpco\xpco\corporate\videoos.server.unittests\bin\x64\debug\net472\videoos.server.unittests.dll" id="5994f77d-673d-79cd-db25-c0fac05603a0">
      <Execution id="701dd0aa-6931-465b-a6c7-0ecc5db68f60" />
      <TestMethod codeBase="D:\actions-runner\_work\XPCO\XPCO\Corporate\VideoOS.Server.UnitTests\bin\x64\Debug\net472\VideoOS.Server.UnitTests.dll" adapterTypeName="executor://mstestadapter/v2" className="VideoOS.Server.UnitTests.CommandHandler.HardwareScanTaskCommandHandlerTest" name="HardwareScanTaskCommandHandler_Execute_Timeout_FailResponse" />
    </UnitTest>
    <UnitTest name="HardwareInCWAOnWhiteList_ReplacedWithInheritance_HardwareNotOnWhiteList_CWAAllowed_NewHardwareInCWA" storage="d:\actions-runner\_work\xpco\xpco\corporate\videoos.server.unittests\bin\x64\debug\net472\videoos.server.unittests.dll" id="3bc5a19b-af06-ee9b-e6ca-c14ea37262dc">
      <TestCategory>
        <TestCategoryItem TestCategory="Licensing Replace Hardware" />
        <TestCategoryItem TestCategory="Licensing" />
      </TestCategory>
      <Execution id="7bc19d37-6a04-4310-ac6a-28b5933ab579" />
      <TestMethod codeBase="D:\actions-runner\_work\XPCO\XPCO\Corporate\VideoOS.Server.UnitTests\bin\x64\Debug\net472\VideoOS.Server.UnitTests.dll" adapterTypeName="executor://mstestadapter/v2" className="VideoOS.Server.UnitTests.Licensing.LicenseAllocatorChannelTests" name="HardwareInCWAOnWhiteList_ReplacedWithInheritance_HardwareNotOnWhiteList_CWAAllowed_NewHardwareInCWA" />
    </UnitTest>
    <UnitTest name="RecorderController_ModelIsNull_BadRequestResult" storage="d:\actions-runner\_work\xpco\xpco\corporate\videoos.server.unittests\bin\x64\debug\net472\videoos.server.unittests.dll" id="cf0c6b21-7b52-4f40-fc51-74b8261524ed">
      <Execution id="b1f69826-6193-44d4-b076-d7d27ca631d1" />
      <TestMethod codeBase="D:\actions-runner\_work\XPCO\XPCO\Corporate\VideoOS.Server.UnitTests\bin\x64\Debug\net472\VideoOS.Server.UnitTests.dll" adapterTypeName="executor://mstestadapter/v2" className="VideoOS.Server.UnitTests.RecorderControllerTest" name="RecorderController_ModelIsNull_BadRequestResult" />
    </UnitTest>
    <UnitTest name="AttachedRecorder_GetRecorderStatus_Success" storage="d:\actions-runner\_work\xpco\xpco\corporate\videoos.server.unittests\bin\x64\debug\net472\videoos.server.unittests.dll" id="94aaa36a-a88c-edff-8965-b72bceaf3620">
      <Execution id="8ab521ba-456b-42cb-868a-5bb45e25f601" />
      <TestMethod codeBase="D:\actions-runner\_work\XPCO\XPCO\Corporate\VideoOS.Server.UnitTests\bin\x64\Debug\net472\VideoOS.Server.UnitTests.dll" adapterTypeName="executor://mstestadapter/v2" className="VideoOS.Server.UnitTests.AttachedRecorderTests" name="AttachedRecorder_GetRecorderStatus_Success" />
    </UnitTest>
    <UnitTest name="Validate_CalculationResultsContainsNoDuplicates_Success" storage="d:\actions-runner\_work\xpco\xpco\corporate\videoos.server.unittests\bin\x64\debug\net472\videoos.server.unittests.dll" id="ef0d4402-3320-910c-2b0b-4abb1b8f0aac">
      <TestCategory>
        <TestCategoryItem TestCategory="Licensing" />
      </TestCategory>
      <Execution id="b51c8c00-66e8-4152-a74f-f8018fc50ebb" />
      <TestMethod codeBase="D:\actions-runner\_work\XPCO\XPCO\Corporate\VideoOS.Server.UnitTests\bin\x64\Debug\net472\VideoOS.Server.UnitTests.dll" adapterTypeName="executor://mstestadapter/v2" className="VideoOS.Server.UnitTests.Licensing.LicenseInfoXmlWriterTests" name="Validate_CalculationResultsContainsNoDuplicates_Success" />
    </UnitTest>
    <UnitTest name="AsyncTaskMonitor_Constructor_NullArgument" storage="d:\actions-runner\_work\xpco\xpco\corporate\videoos.server.unittests\bin\x64\debug\net472\videoos.server.unittests.dll" id="03dd6afe-2c0d-3663-e961-0f00a0c6a3ae">
      <Execution id="344e4f39-c58c-435b-9a8a-a3ddbf9dbb9a" />
      <TestMethod codeBase="D:\actions-runner\_work\XPCO\XPCO\Corporate\VideoOS.Server.UnitTests\bin\x64\Debug\net472\VideoOS.Server.UnitTests.dll" adapterTypeName="executor://mstestadapter/v2" className="VideoOS.Server.UnitTests.Tasks.AsyncTaskMonitorUnitTests" name="AsyncTaskMonitor_Constructor_NullArgument" />
    </UnitTest>
    <UnitTest name="AddUnlicensedDevice_AddNull_Throws_ArgumentNullException" storage="d:\actions-runner\_work\xpco\xpco\corporate\videoos.server.unittests\bin\x64\debug\net472\videoos.server.unittests.dll" id="59e310b5-eac7-b820-9d56-6cf319543287">
      <Execution id="af899fdb-94a7-49a3-8306-6517aeda6e54" />
      <TestMethod codeBase="D:\actions-runner\_work\XPCO\XPCO\Corporate\VideoOS.Server.UnitTests\bin\x64\Debug\net472\VideoOS.Server.UnitTests.dll" adapterTypeName="executor://mstestadapter/v2" className="VideoOS.Server.UnitTests.Licensing.LicenseSnapshotTests" name="AddUnlicensedDevice_AddNull_Throws_ArgumentNullException" />
    </UnitTest>
    <UnitTest name="CreateLicenseRequest_CreatesLicenseRequestChannel_OnChannelLicensingFlag" storage="d:\actions-runner\_work\xpco\xpco\corporate\videoos.server.unittests\bin\x64\debug\net472\videoos.server.unittests.dll" id="d46b928f-09c1-dfb5-220c-146d45bb27b3">
      <TestCategory>
        <TestCategoryItem TestCategory="Licensing" />
      </TestCategory>
      <Execution id="660fc317-16d4-4c30-8907-fc5d74d46f42" />
      <TestMethod codeBase="D:\actions-runner\_work\XPCO\XPCO\Corporate\VideoOS.Server.UnitTests\bin\x64\Debug\net472\VideoOS.Server.UnitTests.dll" adapterTypeName="executor://mstestadapter/v2" className="VideoOS.Server.UnitTests.Licensing.LicenseManagerUnitTests" name="CreateLicenseRequest_CreatesLicenseRequestChannel_OnChannelLicensingFlag" />
    </UnitTest>
    <UnitTest name="AddUnlicensedDevice_AddNewDevice_ReturnsTrue" storage="d:\actions-runner\_work\xpco\xpco\corporate\videoos.server.unittests\bin\x64\debug\net472\videoos.server.unittests.dll" id="b6423b6a-360c-2257-3cde-218e222a2149">
      <Execution id="9c01ff1b-f42d-4dc5-b417-95004ffe9083" />
      <TestMethod codeBase="D:\actions-runner\_work\XPCO\XPCO\Corporate\VideoOS.Server.UnitTests\bin\x64\Debug\net472\VideoOS.Server.UnitTests.dll" adapterTypeName="executor://mstestadapter/v2" className="VideoOS.Server.UnitTests.Licensing.LicenseSnapshotTests" name="AddUnlicensedDevice_AddNewDevice_ReturnsTrue" />
    </UnitTest>
    <UnitTest name="TemporaryLicense_HasCurrentYearToken_NextYear" storage="d:\actions-runner\_work\xpco\xpco\corporate\videoos.server.unittests\bin\x64\debug\net472\videoos.server.unittests.dll" id="96b35467-e8c7-5287-b6fc-cdb670ef4dfa">
      <TestCategory>
        <TestCategoryItem TestCategory="Licensing" />
      </TestCategory>
      <Execution id="b6ce39cc-5a97-40cd-9747-11b9de71cee5" />
      <TestMethod codeBase="D:\actions-runner\_work\XPCO\XPCO\Corporate\VideoOS.Server.UnitTests\bin\x64\Debug\net472\VideoOS.Server.UnitTests.dll" adapterTypeName="executor://mstestadapter/v2" className="VideoOS.Server.UnitTests.Licensing.HardwareLicensesUnitTests" name="TemporaryLicense_HasCurrentYearToken_NextYear" />
    </UnitTest>
    <UnitTest name="SetupInitialHardwareUserCommandHandler_Execute_ReturnsFailResponseOnEmptyRecorderServiceId" storage="d:\actions-runner\_work\xpco\xpco\corporate\videoos.server.unittests\bin\x64\debug\net472\videoos.server.unittests.dll" id="e4ad2a15-98c6-1291-fbd4-50b2d4dd7302">
      <Execution id="420fcef6-4dfc-4977-8097-20353446068e" />
      <TestMethod codeBase="D:\actions-runner\_work\XPCO\XPCO\Corporate\VideoOS.Server.UnitTests\bin\x64\Debug\net472\VideoOS.Server.UnitTests.dll" adapterTypeName="executor://mstestadapter/v2" className="VideoOS.Server.UnitTests.CommandHandler.SetupInitialHardwareUserCommandHandlerUnitTests" name="SetupInitialHardwareUserCommandHandler_Execute_ReturnsFailResponseOnEmptyRecorderServiceId" />
    </UnitTest>
    <UnitTest name="MultiSite_ChannelBased_SameHardwareOnSixRecordingServers_NotWhitelisted_AllCamerasDisabled_ConsumesNoExtraLicenses" storage="d:\actions-runner\_work\xpco\xpco\corporate\videoos.server.unittests\bin\x64\debug\net472\videoos.server.unittests.dll" id="99462d07-0d69-655b-8e33-97d14de162f9">
      <Execution id="4f01b22a-c8ce-460a-b00a-da196a28fd86" />
      <TestMethod codeBase="D:\actions-runner\_work\XPCO\XPCO\Corporate\VideoOS.Server.UnitTests\bin\x64\Debug\net472\VideoOS.Server.UnitTests.dll" adapterTypeName="executor://mstestadapter/v2" className="VideoOS.Server.UnitTests.Licensing.LicenseAllocatorChannelTests" name="MultiSite_ChannelBased_SameHardwareOnSixRecordingServers_NotWhitelisted_AllCamerasDisabled_ConsumesNoExtraLicenses" />
    </UnitTest>
    <UnitTest name="AddHardwareToRequest_UpdatesLicenseCountOnICPHardware_OnSameICPHardwareAddedTwice" storage="d:\actions-runner\_work\xpco\xpco\corporate\videoos.server.unittests\bin\x64\debug\net472\videoos.server.unittests.dll" id="8647b92b-3c20-55f1-dcb0-6bad8abfcf1a">
      <TestCategory>
        <TestCategoryItem TestCategory="Licensing" />
      </TestCategory>
      <Execution id="69d4738f-0a5a-4f2e-b2af-b0829913c982" />
      <TestMethod codeBase="D:\actions-runner\_work\XPCO\XPCO\Corporate\VideoOS.Server.UnitTests\bin\x64\Debug\net472\VideoOS.Server.UnitTests.dll" adapterTypeName="executor://mstestadapter/v2" className="VideoOS.Server.UnitTests.Licensing.LicenseRequestChannelTests" name="AddHardwareToRequest_UpdatesLicenseCountOnICPHardware_OnSameICPHardwareAddedTwice" />
    </UnitTest>
    <UnitTest name="ActivateArchivingCommand_ModelValid_RecorderNotFoundException_Handled" storage="d:\actions-runner\_work\xpco\xpco\corporate\videoos.server.unittests\bin\x64\debug\net472\videoos.server.unittests.dll" id="4e6489ca-ad6b-6e8b-60d9-e96a767d1784">
      <Execution id="e6419055-31a2-4323-8681-927e2a5123ca" />
      <TestMethod codeBase="D:\actions-runner\_work\XPCO\XPCO\Corporate\VideoOS.Server.UnitTests\bin\x64\Debug\net472\VideoOS.Server.UnitTests.dll" adapterTypeName="executor://mstestadapter/v2" className="VideoOS.Server.UnitTests.DatabaseCommandsControllerTests" name="ActivateArchivingCommand_ModelValid_RecorderNotFoundException_Handled" />
    </UnitTest>
    <UnitTest name="Validate_AddingHardwareToCWA_WhenHardwareHasDevicesInCWA_DoesNotAddHardwareToCWA" storage="d:\actions-runner\_work\xpco\xpco\corporate\videoos.server.unittests\bin\x64\debug\net472\videoos.server.unittests.dll" id="c773b936-c19f-a5af-576f-454c7789e759">
      <TestCategory>
        <TestCategoryItem TestCategory="Licensing" />
      </TestCategory>
      <Execution id="435d39a5-f00b-4491-acdf-56b755e8a620" />
      <TestMethod codeBase="D:\actions-runner\_work\XPCO\XPCO\Corporate\VideoOS.Server.UnitTests\bin\x64\Debug\net472\VideoOS.Server.UnitTests.dll" adapterTypeName="executor://mstestadapter/v2" className="VideoOS.Server.UnitTests.Licensing.LicenseCountManagerUnitTests" name="Validate_AddingHardwareToCWA_WhenHardwareHasDevicesInCWA_DoesNotAddHardwareToCWA" />
    </UnitTest>
    <UnitTest name="FilterTrackIds_InvalidRecorder_NotFoundResult" storage="d:\actions-runner\_work\xpco\xpco\corporate\videoos.server.unittests\bin\x64\debug\net472\videoos.server.unittests.dll" id="a2dfac76-3130-3e4a-4037-173a8ebe0b66">
      <Execution id="76366b15-9c6b-45fa-9710-ed3872b48f96" />
      <TestMethod codeBase="D:\actions-runner\_work\XPCO\XPCO\Corporate\VideoOS.Server.UnitTests\bin\x64\Debug\net472\VideoOS.Server.UnitTests.dll" adapterTypeName="executor://mstestadapter/v2" className="VideoOS.Server.UnitTests.RecorderControllerTest" name="FilterTrackIds_InvalidRecorder_NotFoundResult" />
    </UnitTest>
    <UnitTest name="RecorderController_InvalidRecorder_NotFoundResult" storage="d:\actions-runner\_work\xpco\xpco\corporate\videoos.server.unittests\bin\x64\debug\net472\videoos.server.unittests.dll" id="782c7fa3-007b-fade-1761-8d52da076770">
      <Execution id="b0def646-9052-4c6a-8606-bacc6dc9f8c5" />
      <TestMethod codeBase="D:\actions-runner\_work\XPCO\XPCO\Corporate\VideoOS.Server.UnitTests\bin\x64\Debug\net472\VideoOS.Server.UnitTests.dll" adapterTypeName="executor://mstestadapter/v2" className="VideoOS.Server.UnitTests.RecorderControllerTest" name="RecorderController_InvalidRecorder_NotFoundResult" />
    </UnitTest>
    <UnitTest name="AllocateLicenses_HardwareWith15CameraChannels_10Replaced5Grace_On25Licenses10Replacements" storage="d:\actions-runner\_work\xpco\xpco\corporate\videoos.server.unittests\bin\x64\debug\net472\videoos.server.unittests.dll" id="2bdc9aef-8cca-9c80-3112-9b95c138d7b4">
      <TestCategory>
        <TestCategoryItem TestCategory="Licensing" />
      </TestCategory>
      <Execution id="15a681c8-c83f-4464-8db1-b7475be3456e" />
      <TestMethod codeBase="D:\actions-runner\_work\XPCO\XPCO\Corporate\VideoOS.Server.UnitTests\bin\x64\Debug\net472\VideoOS.Server.UnitTests.dll" adapterTypeName="executor://mstestadapter/v2" className="VideoOS.Server.UnitTests.Licensing.LicenseAllocatorChannelTests" name="AllocateLicenses_HardwareWith15CameraChannels_10Replaced5Grace_On25Licenses10Replacements" />
    </UnitTest>
    <UnitTest name="CheckConfigurationDataSetTest_MultistreamRecording_Licensed_ValidationSucceeds" storage="d:\actions-runner\_work\xpco\xpco\corporate\videoos.server.unittests\bin\x64\debug\net472\videoos.server.unittests.dll" id="12a4adbd-8d8a-c9d9-c0e7-b2f4566a6261">
      <Execution id="7b43c0d9-7144-4699-92da-1a15bf85347a" />
      <TestMethod codeBase="D:\actions-runner\_work\XPCO\XPCO\Corporate\VideoOS.Server.UnitTests\bin\x64\Debug\net472\VideoOS.Server.UnitTests.dll" adapterTypeName="executor://mstestadapter/v2" className="VideoOS.Server.UnitTests.Licensing.LicenseFeatureCheckerTest" name="CheckConfigurationDataSetTest_MultistreamRecording_Licensed_ValidationSucceeds" />
    </UnitTest>
    <UnitTest name="ChangeHardwarePasswordTaskCommandHandler_Execute_Failed_NoAccess_Response" storage="d:\actions-runner\_work\xpco\xpco\corporate\videoos.server.unittests\bin\x64\debug\net472\videoos.server.unittests.dll" id="084898a2-4acd-ae40-25db-e87715c8038c">
      <Execution id="53a15c21-43e8-4ca5-a580-b3d17cecf7aa" />
      <TestMethod codeBase="D:\actions-runner\_work\XPCO\XPCO\Corporate\VideoOS.Server.UnitTests\bin\x64\Debug\net472\VideoOS.Server.UnitTests.dll" adapterTypeName="executor://mstestadapter/v2" className="VideoOS.Server.UnitTests.CommandHandler.ChangeHardwarePasswordTaskCommandHandlerTests" name="ChangeHardwarePasswordTaskCommandHandler_Execute_Failed_NoAccess_Response" />
    </UnitTest>
    <UnitTest name="CreateLicenseInformationXml_Has1Expired_On1ExpiredHardware25ChannelsOnWhitelist" storage="d:\actions-runner\_work\xpco\xpco\corporate\videoos.server.unittests\bin\x64\debug\net472\videoos.server.unittests.dll" id="89930b7f-443a-277a-9e1c-dc075f2e851e">
      <TestCategory>
        <TestCategoryItem TestCategory="Licensing" />
      </TestCategory>
      <Execution id="9dd791f6-f10f-4ee9-8c84-7ca2b2c2fb29" />
      <TestMethod codeBase="D:\actions-runner\_work\XPCO\XPCO\Corporate\VideoOS.Server.UnitTests\bin\x64\Debug\net472\VideoOS.Server.UnitTests.dll" adapterTypeName="executor://mstestadapter/v2" className="VideoOS.Server.UnitTests.Licensing.LicenseInfoXmlWriterTests" name="CreateLicenseInformationXml_Has1Expired_On1ExpiredHardware25ChannelsOnWhitelist" />
    </UnitTest>
    <UnitTest name="ChangesWithoutActivation_Hardware_AppearsActivated_AfterOneYear" storage="d:\actions-runner\_work\xpco\xpco\corporate\videoos.server.unittests\bin\x64\debug\net472\videoos.server.unittests.dll" id="7764b362-e870-3b15-8212-d8142ee87fe5">
      <TestCategory>
        <TestCategoryItem TestCategory="Licensing" />
      </TestCategory>
      <Execution id="672491a8-4849-479f-b9e0-003ac2fbb9b1" />
      <TestMethod codeBase="D:\actions-runner\_work\XPCO\XPCO\Corporate\VideoOS.Server.UnitTests\bin\x64\Debug\net472\VideoOS.Server.UnitTests.dll" adapterTypeName="executor://mstestadapter/v2" className="VideoOS.Server.UnitTests.Licensing.LicenseAllocatorChannelTests" name="ChangesWithoutActivation_Hardware_AppearsActivated_AfterOneYear" />
    </UnitTest>
    <UnitTest name="GetHardwareNetworkSettingsCommandHandler_Execute_RecorderNotFound_ReturnsCorrectResponse" storage="d:\actions-runner\_work\xpco\xpco\corporate\videoos.server.unittests\bin\x64\debug\net472\videoos.server.unittests.dll" id="0ad171d3-aad1-8521-c487-1ee14ec9e922">
      <Execution id="b021e135-b8d1-4898-a431-67b43004c160" />
      <TestMethod codeBase="D:\actions-runner\_work\XPCO\XPCO\Corporate\VideoOS.Server.UnitTests\bin\x64\Debug\net472\VideoOS.Server.UnitTests.dll" adapterTypeName="executor://mstestadapter/v2" className="VideoOS.Server.UnitTests.CommandHandler.GetHardwareNetworkSettingsCommandHandlerUnitTests" name="GetHardwareNetworkSettingsCommandHandler_Execute_RecorderNotFound_ReturnsCorrectResponse" />
    </UnitTest>
    <UnitTest name="AnalyzeAndCreateAuditLogs_AddedSecurityPermissionsRow_ReturnsOneAuditLog" storage="d:\actions-runner\_work\xpco\xpco\corporate\videoos.server.unittests\bin\x64\debug\net472\videoos.server.unittests.dll" id="93f501f4-581a-65e8-06b9-840cb25c5b26">
      <Execution id="49e68bb5-69c1-40b5-8086-7b45e222f1fd" />
      <TestMethod codeBase="D:\actions-runner\_work\XPCO\XPCO\Corporate\VideoOS.Server.UnitTests\bin\x64\Debug\net472\VideoOS.Server.UnitTests.dll" adapterTypeName="executor://mstestadapter/v2" className="VideoOS.Server.UnitTests.CommandHandler.DataSetAuditLogAnalyzerTests" name="AnalyzeAndCreateAuditLogs_AddedSecurityPermissionsRow_ReturnsOneAuditLog" />
    </UnitTest>
    <UnitTest name="AllocateLicenses_TwoMissingICPChannelLicensesOneInGrace_OnOneICPWithTwoCamerasAndOneHardwareWithOneCamera" storage="d:\actions-runner\_work\xpco\xpco\corporate\videoos.server.unittests\bin\x64\debug\net472\videoos.server.unittests.dll" id="5d2d667a-5174-a959-1a9a-e0fcc669a4a1">
      <Execution id="898c099c-f26f-4b67-819a-e1ae758637f2" />
      <TestMethod codeBase="D:\actions-runner\_work\XPCO\XPCO\Corporate\VideoOS.Server.UnitTests\bin\x64\Debug\net472\VideoOS.Server.UnitTests.dll" adapterTypeName="executor://mstestadapter/v2" className="VideoOS.Server.UnitTests.Licensing.LicenseAllocatorHardwareTests" name="AllocateLicenses_TwoMissingICPChannelLicensesOneInGrace_OnOneICPWithTwoCamerasAndOneHardwareWithOneCamera" />
    </UnitTest>
    <UnitTest name="TemporaryLicense_HasCurrentYearToken_PreviousYear" storage="d:\actions-runner\_work\xpco\xpco\corporate\videoos.server.unittests\bin\x64\debug\net472\videoos.server.unittests.dll" id="cd69e440-c907-d5ab-f818-2b9c3d714f28">
      <TestCategory>
        <TestCategoryItem TestCategory="Licensing" />
      </TestCategory>
      <Execution id="2bb2f27b-b8be-452c-a684-e1294b5d26ea" />
      <TestMethod codeBase="D:\actions-runner\_work\XPCO\XPCO\Corporate\VideoOS.Server.UnitTests\bin\x64\Debug\net472\VideoOS.Server.UnitTests.dll" adapterTypeName="executor://mstestadapter/v2" className="VideoOS.Server.UnitTests.Licensing.HardwareLicensesUnitTests" name="TemporaryLicense_HasCurrentYearToken_PreviousYear" />
    </UnitTest>
    <UnitTest name="CheckSecurityDataSetTest_Licensed" storage="d:\actions-runner\_work\xpco\xpco\corporate\videoos.server.unittests\bin\x64\debug\net472\videoos.server.unittests.dll" id="fc74b4de-78a2-cd18-f36c-43512d3260ce">
      <Execution id="91f12bb6-fb44-4238-9f37-153503740c08" />
      <TestMethod codeBase="D:\actions-runner\_work\XPCO\XPCO\Corporate\VideoOS.Server.UnitTests\bin\x64\Debug\net472\VideoOS.Server.UnitTests.dll" adapterTypeName="executor://mstestadapter/v2" className="VideoOS.Server.UnitTests.Licensing.LicenseFeatureCheckerTest" name="CheckSecurityDataSetTest_Licensed" />
    </UnitTest>
    <UnitTest name="ChannelLicenseCountManager_CameraFeedLicenseValue_NullHardwareInfo_ThrowsArgumentNullException" storage="d:\actions-runner\_work\xpco\xpco\corporate\videoos.server.unittests\bin\x64\debug\net472\videoos.server.unittests.dll" id="71192bcb-c1cd-4026-7b28-6fa22a7afc9e">
      <TestCategory>
        <TestCategoryItem TestCategory="Licensing" />
      </TestCategory>
      <Execution id="74bdfbed-20dc-4b0c-8abf-81606621b967" />
      <TestMethod codeBase="D:\actions-runner\_work\XPCO\XPCO\Corporate\VideoOS.Server.UnitTests\bin\x64\Debug\net472\VideoOS.Server.UnitTests.dll" adapterTypeName="executor://mstestadapter/v2" className="VideoOS.Server.UnitTests.Licensing.LicenseCountManagerUnitTests" name="ChannelLicenseCountManager_CameraFeedLicenseValue_NullHardwareInfo_ThrowsArgumentNullException" />
    </UnitTest>
    <UnitTest name="MoveHardwareTaskCommandHandler_Execute_WriteConfigurationDataSetChangesToDatabase_DBConcurrencyException_FailResponse_LicenseConfigurationFailed" storage="d:\actions-runner\_work\xpco\xpco\corporate\videoos.server.unittests\bin\x64\debug\net472\videoos.server.unittests.dll" id="ba224a7a-9b82-e0f9-acfc-35de5387eaad">
      <Execution id="73442cfb-270f-48f6-8eb1-ade122ad1542" />
      <TestMethod codeBase="D:\actions-runner\_work\XPCO\XPCO\Corporate\VideoOS.Server.UnitTests\bin\x64\Debug\net472\VideoOS.Server.UnitTests.dll" adapterTypeName="executor://mstestadapter/v2" className="VideoOS.Server.UnitTests.CommandHandler.MoveHardwareTaskCommandHandlerTests" name="MoveHardwareTaskCommandHandler_Execute_WriteConfigurationDataSetChangesToDatabase_DBConcurrencyException_FailResponse_LicenseConfigurationFailed" />
    </UnitTest>
    <UnitTest name="HardwareInCWANotOnWhiteList_ReplacedWithNoInheritance_HardwareNotOnWhiteList_MixedCWAAllowed_FewerChannelsOnReplacedHardware_SomeDevicesInCWA" storage="d:\actions-runner\_work\xpco\xpco\corporate\videoos.server.unittests\bin\x64\debug\net472\videoos.server.unittests.dll" id="6085aa4f-8ca0-af22-f1de-7c679d2332fb">
      <TestCategory>
        <TestCategoryItem TestCategory="Licensing Replace Hardware" />
        <TestCategoryItem TestCategory="Licensing" />
      </TestCategory>
      <Execution id="f414df6f-2f5e-4bef-8d39-0495d176fe1f" />
      <TestMethod codeBase="D:\actions-runner\_work\XPCO\XPCO\Corporate\VideoOS.Server.UnitTests\bin\x64\Debug\net472\VideoOS.Server.UnitTests.dll" adapterTypeName="executor://mstestadapter/v2" className="VideoOS.Server.UnitTests.Licensing.LicenseAllocatorChannelTests" name="HardwareInCWANotOnWhiteList_ReplacedWithNoInheritance_HardwareNotOnWhiteList_MixedCWAAllowed_FewerChannelsOnReplacedHardware_SomeDevicesInCWA" />
    </UnitTest>
    <UnitTest name="EvidenceLockOnOldRecorderCommandHandlerTests_OldRecV1_ConfigEdit1RowEdge" storage="d:\actions-runner\_work\xpco\xpco\corporate\videoos.server.unittests\bin\x64\debug\net472\videoos.server.unittests.dll" id="d93c83d3-61a9-d402-ddff-92f91c7aff97">
      <Execution id="b23e71cb-9c01-4045-9e20-1bb86fd76364" />
      <TestMethod codeBase="D:\actions-runner\_work\XPCO\XPCO\Corporate\VideoOS.Server.UnitTests\bin\x64\Debug\net472\VideoOS.Server.UnitTests.dll" adapterTypeName="executor://mstestadapter/v2" className="VideoOS.Server.UnitTests.CommandHandler.EvidenceLockOnOldRecorderCommandHandlerTests" name="EvidenceLockOnOldRecorderCommandHandlerTests_OldRecV1_ConfigEdit1RowEdge" />
    </UnitTest>
    <UnitTest name="HardwareInCWANotOnWhiteList_ReplacedWithNoInheritance_HardwareNotOnWhiteList_NoMoreCWAAllowed_NewDevicesInGrace" storage="d:\actions-runner\_work\xpco\xpco\corporate\videoos.server.unittests\bin\x64\debug\net472\videoos.server.unittests.dll" id="65b8b03a-1cd6-d41b-951d-7ff48ede72f3">
      <TestCategory>
        <TestCategoryItem TestCategory="Licensing Replace Hardware" />
        <TestCategoryItem TestCategory="Licensing" />
      </TestCategory>
      <Execution id="bc596e98-876b-4b7e-9e34-9fd779eae6ce" />
      <TestMethod codeBase="D:\actions-runner\_work\XPCO\XPCO\Corporate\VideoOS.Server.UnitTests\bin\x64\Debug\net472\VideoOS.Server.UnitTests.dll" adapterTypeName="executor://mstestadapter/v2" className="VideoOS.Server.UnitTests.Licensing.LicenseAllocatorChannelTests" name="HardwareInCWANotOnWhiteList_ReplacedWithNoInheritance_HardwareNotOnWhiteList_NoMoreCWAAllowed_NewDevicesInGrace" />
    </UnitTest>
    <UnitTest name="ConvertIdpLog_UserLoginFailed" storage="d:\actions-runner\_work\xpco\xpco\corporate\videoos.server.unittests\bin\x64\debug\net472\videoos.server.unittests.dll" id="6918c63f-27aa-e388-cd6d-3a1d843bbb37">
      <Execution id="40b1c84e-d120-496f-8208-bc07454ae969" />
      <TestMethod codeBase="D:\actions-runner\_work\XPCO\XPCO\Corporate\VideoOS.Server.UnitTests\bin\x64\Debug\net472\VideoOS.Server.UnitTests.dll" adapterTypeName="executor://mstestadapter/v2" className="VideoOS.Server.UnitTests.Log.IdpLogConverterTest" name="ConvertIdpLog_UserLoginFailed" />
    </UnitTest>
    <UnitTest name="ChangeHardwarePasswordRuleAction_Execute_SunnyDay_EventsTrigger" storage="d:\actions-runner\_work\xpco\xpco\corporate\videoos.server.unittests\bin\x64\debug\net472\videoos.server.unittests.dll" id="09fa7278-9b62-6495-4bad-626cb7501a7d">
      <Execution id="af0bdfde-dfe8-4083-8f81-728b08e5175f" />
      <TestMethod codeBase="D:\actions-runner\_work\XPCO\XPCO\Corporate\VideoOS.Server.UnitTests\bin\x64\Debug\net472\VideoOS.Server.UnitTests.dll" adapterTypeName="executor://mstestadapter/v2" className="VideoOS.Server.UnitTests.RuleActions.ChangeHardwarePasswordRuleActionUnitTests" name="ChangeHardwarePasswordRuleAction_Execute_SunnyDay_EventsTrigger" />
    </UnitTest>
    <UnitTest name="Construct_LicenseSnapshot_InvalidRecorderLicenseInfo_Throws_ArgumentNullException" storage="d:\actions-runner\_work\xpco\xpco\corporate\videoos.server.unittests\bin\x64\debug\net472\videoos.server.unittests.dll" id="b6e86c34-e523-66bb-6641-e4792d72f9ee">
      <Execution id="1ca11e20-ce4b-4d3d-afd6-b11f0d7e1d75" />
      <TestMethod codeBase="D:\actions-runner\_work\XPCO\XPCO\Corporate\VideoOS.Server.UnitTests\bin\x64\Debug\net472\VideoOS.Server.UnitTests.dll" adapterTypeName="executor://mstestadapter/v2" className="VideoOS.Server.UnitTests.Licensing.LicenseSnapshotTests" name="Construct_LicenseSnapshot_InvalidRecorderLicenseInfo_Throws_ArgumentNullException" />
    </UnitTest>
    <UnitTest name="ValidatePublicAddress_ServerSecuredRecorderNotSecured_ReturnBadRequest" storage="d:\actions-runner\_work\xpco\xpco\corporate\videoos.server.unittests\bin\x64\debug\net472\videoos.server.unittests.dll" id="48fe9dfa-00bd-7412-25ad-d8f31c9359f8">
      <Execution id="1639907a-2a72-4bf7-98fa-e54ad2043320" />
      <TestMethod codeBase="D:\actions-runner\_work\XPCO\XPCO\Corporate\VideoOS.Server.UnitTests\bin\x64\Debug\net472\VideoOS.Server.UnitTests.dll" adapterTypeName="executor://mstestadapter/v2" className="VideoOS.Server.UnitTests.WebApi.Controllers.RecorderRegistrationControllerTests" name="ValidatePublicAddress_ServerSecuredRecorderNotSecured_ReturnBadRequest" />
    </UnitTest>
    <UnitTest name="SetHardwareNetworkSettingsCommandHandler_Execute_EmptyHardwareId_ReturnsFailResponse" storage="d:\actions-runner\_work\xpco\xpco\corporate\videoos.server.unittests\bin\x64\debug\net472\videoos.server.unittests.dll" id="8fbc7a88-4418-5963-2c9e-c4c017277a2d">
      <Execution id="db132dd5-e693-4942-b211-bf680db06284" />
      <TestMethod codeBase="D:\actions-runner\_work\XPCO\XPCO\Corporate\VideoOS.Server.UnitTests\bin\x64\Debug\net472\VideoOS.Server.UnitTests.dll" adapterTypeName="executor://mstestadapter/v2" className="VideoOS.Server.UnitTests.CommandHandler.SetHardwareNetworkSettingsCommandHandlerUnitTests" name="SetHardwareNetworkSettingsCommandHandler_Execute_EmptyHardwareId_ReturnsFailResponse" />
    </UnitTest>
    <UnitTest name="MessageManagerResponseCollector_GetNextResponse_SuccessResponse_Async" storage="d:\actions-runner\_work\xpco\xpco\corporate\videoos.server.unittests\bin\x64\debug\net472\videoos.server.unittests.dll" id="6c14b312-87d2-7128-927b-4805632e98ea">
      <Execution id="8ae1729c-327a-41ba-8220-ee561ef19b3f" />
      <TestMethod codeBase="D:\actions-runner\_work\XPCO\XPCO\Corporate\VideoOS.Server.UnitTests\bin\x64\Debug\net472\VideoOS.Server.UnitTests.dll" adapterTypeName="executor://mstestadapter/v2" className="VideoOS.Server.UnitTests.MessageManagerResponseCollectorUnitTests" name="MessageManagerResponseCollector_GetNextResponse_SuccessResponse_Async" />
    </UnitTest>
    <UnitTest name="AnalyzeAndCreateAuditLogs_DeletedSecurityPermissionsDeviceRow_ReturnsOneAuditLog" storage="d:\actions-runner\_work\xpco\xpco\corporate\videoos.server.unittests\bin\x64\debug\net472\videoos.server.unittests.dll" id="c7b41a4b-c669-1d15-4cb5-99bfc39f192e">
      <Execution id="ea8dcbbf-6c3f-4cfd-a88c-fbadeff2380a" />
      <TestMethod codeBase="D:\actions-runner\_work\XPCO\XPCO\Corporate\VideoOS.Server.UnitTests\bin\x64\Debug\net472\VideoOS.Server.UnitTests.dll" adapterTypeName="executor://mstestadapter/v2" className="VideoOS.Server.UnitTests.CommandHandler.DataSetAuditLogAnalyzerTests" name="AnalyzeAndCreateAuditLogs_DeletedSecurityPermissionsDeviceRow_ReturnsOneAuditLog" />
    </UnitTest>
    <UnitTest name="GetHardwareUsersCommandHandler_Execute_RecorderNotSupported_ReturnsCorrectResponse" storage="d:\actions-runner\_work\xpco\xpco\corporate\videoos.server.unittests\bin\x64\debug\net472\videoos.server.unittests.dll" id="2096a8a0-5e79-c1b2-15fc-8f66937fab5f">
      <Execution id="1fd064b5-96b4-4cab-a215-b447ed8549f4" />
      <TestMethod codeBase="D:\actions-runner\_work\XPCO\XPCO\Corporate\VideoOS.Server.UnitTests\bin\x64\Debug\net472\VideoOS.Server.UnitTests.dll" adapterTypeName="executor://mstestadapter/v2" className="VideoOS.Server.UnitTests.CommandHandler.GetHardwareUsersCommandHandlerUnitTests" name="GetHardwareUsersCommandHandler_Execute_RecorderNotSupported_ReturnsCorrectResponse" />
    </UnitTest>
    <UnitTest name="HardwareActivatedOnWhiteList_ReplacedWithNoInheritance_HardwareNotOnWhiteList_NoCWAAllowed_AllDevicesInGrace" storage="d:\actions-runner\_work\xpco\xpco\corporate\videoos.server.unittests\bin\x64\debug\net472\videoos.server.unittests.dll" id="277de6c8-9010-a1ae-4d40-ec165c51a438">
      <TestCategory>
        <TestCategoryItem TestCategory="Licensing Replace Hardware" />
        <TestCategoryItem TestCategory="Licensing" />
      </TestCategory>
      <Execution id="0c03df88-bed4-4875-89b1-fa4f1c58389e" />
      <TestMethod codeBase="D:\actions-runner\_work\XPCO\XPCO\Corporate\VideoOS.Server.UnitTests\bin\x64\Debug\net472\VideoOS.Server.UnitTests.dll" adapterTypeName="executor://mstestadapter/v2" className="VideoOS.Server.UnitTests.Licensing.LicenseAllocatorChannelTests" name="HardwareActivatedOnWhiteList_ReplacedWithNoInheritance_HardwareNotOnWhiteList_NoCWAAllowed_AllDevicesInGrace" />
    </UnitTest>
    <UnitTest name="Validate_FirstGraceExpireShown_WithNonWhiteListedHardwareOnly_PostAllocation_Success" storage="d:\actions-runner\_work\xpco\xpco\corporate\videoos.server.unittests\bin\x64\debug\net472\videoos.server.unittests.dll" id="c9b9aa6a-294c-fdda-e92b-d117f1de4118">
      <TestCategory>
        <TestCategoryItem TestCategory="Licensing" />
      </TestCategory>
      <Execution id="0f877395-1981-4388-a6e1-ad2539e786fc" />
      <TestMethod codeBase="D:\actions-runner\_work\XPCO\XPCO\Corporate\VideoOS.Server.UnitTests\bin\x64\Debug\net472\VideoOS.Server.UnitTests.dll" adapterTypeName="executor://mstestadapter/v2" className="VideoOS.Server.UnitTests.Licensing.LicenseInfoXmlWriterTests" name="Validate_FirstGraceExpireShown_WithNonWhiteListedHardwareOnly_PostAllocation_Success" />
    </UnitTest>
    <UnitTest name="CheckSecurityDataSetTest_NotLicensedFail2" storage="d:\actions-runner\_work\xpco\xpco\corporate\videoos.server.unittests\bin\x64\debug\net472\videoos.server.unittests.dll" id="763b8141-6317-9c60-a4ae-086424e66bd9">
      <Execution id="5a35ef87-6ddc-46ff-a55d-22819ab7e1f3" />
      <TestMethod codeBase="D:\actions-runner\_work\XPCO\XPCO\Corporate\VideoOS.Server.UnitTests\bin\x64\Debug\net472\VideoOS.Server.UnitTests.dll" adapterTypeName="executor://mstestadapter/v2" className="VideoOS.Server.UnitTests.Licensing.LicenseFeatureCheckerTest" name="CheckSecurityDataSetTest_NotLicensedFail2" />
    </UnitTest>
    <UnitTest name="GetRecorderLicense_AddsHardwareToGrace_OnMoreHardwareThanReplacementLimit" storage="d:\actions-runner\_work\xpco\xpco\corporate\videoos.server.unittests\bin\x64\debug\net472\videoos.server.unittests.dll" id="d18da944-7e75-6c06-b1c7-1f96f8921220">
      <TestCategory>
        <TestCategoryItem TestCategory="Licensing" />
      </TestCategory>
      <Execution id="d3734f8e-01fd-4295-b275-e3a87b39c5ce" />
      <TestMethod codeBase="D:\actions-runner\_work\XPCO\XPCO\Corporate\VideoOS.Server.UnitTests\bin\x64\Debug\net472\VideoOS.Server.UnitTests.dll" adapterTypeName="executor://mstestadapter/v2" className="VideoOS.Server.UnitTests.Licensing.LicenseManagerUnitTests" name="GetRecorderLicense_AddsHardwareToGrace_OnMoreHardwareThanReplacementLimit" />
    </UnitTest>
    <UnitTest name="CreateLicenseInformationXml_Has25Expired_On1ExpiredHardware25ChannelsNotOnWhitelist" storage="d:\actions-runner\_work\xpco\xpco\corporate\videoos.server.unittests\bin\x64\debug\net472\videoos.server.unittests.dll" id="0e58604c-cdf0-f371-f95c-0634e395365d">
      <TestCategory>
        <TestCategoryItem TestCategory="Licensing" />
      </TestCategory>
      <Execution id="71050493-8ae8-4bf5-a93e-14d42fb879de" />
      <TestMethod codeBase="D:\actions-runner\_work\XPCO\XPCO\Corporate\VideoOS.Server.UnitTests\bin\x64\Debug\net472\VideoOS.Server.UnitTests.dll" adapterTypeName="executor://mstestadapter/v2" className="VideoOS.Server.UnitTests.Licensing.LicenseInfoXmlWriterTests" name="CreateLicenseInformationXml_Has25Expired_On1ExpiredHardware25ChannelsNotOnWhitelist" />
    </UnitTest>
    <UnitTest name="CheckMsFailoverStatusCommandHandler_Execute_InvokeEventTrue_InvalidResponse_ShouldNotTrigger" storage="d:\actions-runner\_work\xpco\xpco\corporate\videoos.server.unittests\bin\x64\debug\net472\videoos.server.unittests.dll" id="7460d3c3-1e10-7e88-9e59-c77d18394bb1">
      <Execution id="3132be70-28f3-4dbd-a659-b6958300ec1d" />
      <TestMethod codeBase="D:\actions-runner\_work\XPCO\XPCO\Corporate\VideoOS.Server.UnitTests\bin\x64\Debug\net472\VideoOS.Server.UnitTests.dll" adapterTypeName="executor://mstestadapter/v2" className="VideoOS.Server.UnitTests.CommandHandler.CheckMsFailoverStatusCommandHandlerUnitTest" name="CheckMsFailoverStatusCommandHandler_Execute_InvokeEventTrue_InvalidResponse_ShouldNotTrigger" />
    </UnitTest>
    <UnitTest name="HardwareScanTaskCommandHandler_Execute_Arguments_Null_Throws" storage="d:\actions-runner\_work\xpco\xpco\corporate\videoos.server.unittests\bin\x64\debug\net472\videoos.server.unittests.dll" id="9ab44632-9eaf-e3de-6707-27601cb7b327">
      <Execution id="8aa9ccd7-6694-45e7-a639-eb0139eb5105" />
      <TestMethod codeBase="D:\actions-runner\_work\XPCO\XPCO\Corporate\VideoOS.Server.UnitTests\bin\x64\Debug\net472\VideoOS.Server.UnitTests.dll" adapterTypeName="executor://mstestadapter/v2" className="VideoOS.Server.UnitTests.CommandHandler.HardwareScanTaskCommandHandlerTest" name="HardwareScanTaskCommandHandler_Execute_Arguments_Null_Throws" />
    </UnitTest>
    <UnitTest name="AllocateLicenses_AddHardwareWithNoCameras_Activate_ThreeActivated" storage="d:\actions-runner\_work\xpco\xpco\corporate\videoos.server.unittests\bin\x64\debug\net472\videoos.server.unittests.dll" id="adfd4501-32c9-6cd5-35ef-7976b250b7c5">
      <TestCategory>
        <TestCategoryItem TestCategory="Licensing" />
      </TestCategory>
      <Execution id="109a6a79-a31f-48d8-8843-5e6c31977a03" />
      <TestMethod codeBase="D:\actions-runner\_work\XPCO\XPCO\Corporate\VideoOS.Server.UnitTests\bin\x64\Debug\net472\VideoOS.Server.UnitTests.dll" adapterTypeName="executor://mstestadapter/v2" className="VideoOS.Server.UnitTests.Licensing.LicenseAllocatorChannelTests" name="AllocateLicenses_AddHardwareWithNoCameras_Activate_ThreeActivated" />
    </UnitTest>
    <UnitTest name="EventCollector_Stop" storage="d:\actions-runner\_work\xpco\xpco\corporate\videoos.server.unittests\bin\x64\debug\net472\videoos.server.unittests.dll" id="5d65cf70-fbf7-ed7b-392d-268c0d1993f2">
      <Execution id="e47b75ce-d61c-49d7-a4f3-7d66b05c6cd9" />
      <TestMethod codeBase="D:\actions-runner\_work\XPCO\XPCO\Corporate\VideoOS.Server.UnitTests\bin\x64\Debug\net472\VideoOS.Server.UnitTests.dll" adapterTypeName="executor://mstestadapter/v2" className="VideoOS.Server.UnitTests.UpdateConfigurationManagerCommandHandlerTests" name="EventCollector_Stop" />
    </UnitTest>
    <UnitTest name="MoveHardwareTaskCommandHandler_Execute_DeviceEvidenceLocks_OnlyOnEdge_EdgeDistribution" storage="d:\actions-runner\_work\xpco\xpco\corporate\videoos.server.unittests\bin\x64\debug\net472\videoos.server.unittests.dll" id="44368d84-35da-0cae-f7bd-c85c8d9da63a">
      <Execution id="c80232de-e2ab-43e4-b16a-692593872adf" />
      <TestMethod codeBase="D:\actions-runner\_work\XPCO\XPCO\Corporate\VideoOS.Server.UnitTests\bin\x64\Debug\net472\VideoOS.Server.UnitTests.dll" adapterTypeName="executor://mstestadapter/v2" className="VideoOS.Server.UnitTests.CommandHandler.MoveHardwareTaskCommandHandlerTests" name="MoveHardwareTaskCommandHandler_Execute_DeviceEvidenceLocks_OnlyOnEdge_EdgeDistribution" />
    </UnitTest>
    <UnitTest name="AttachedRecorder_GetRecorderEntryFromUri_NoEntry" storage="d:\actions-runner\_work\xpco\xpco\corporate\videoos.server.unittests\bin\x64\debug\net472\videoos.server.unittests.dll" id="35d82225-fcce-04ac-1c34-1cc371c17751">
      <Execution id="029384db-6339-4f9b-b1fe-5a410ab348a9" />
      <TestMethod codeBase="D:\actions-runner\_work\XPCO\XPCO\Corporate\VideoOS.Server.UnitTests\bin\x64\Debug\net472\VideoOS.Server.UnitTests.dll" adapterTypeName="executor://mstestadapter/v2" className="VideoOS.Server.UnitTests.AttachedRecorderTests" name="AttachedRecorder_GetRecorderEntryFromUri_NoEntry" />
    </UnitTest>
    <UnitTest name="ServerFileSystemResponseCreateDirectory_ModelIsNull_BadRequestResult" storage="d:\actions-runner\_work\xpco\xpco\corporate\videoos.server.unittests\bin\x64\debug\net472\videoos.server.unittests.dll" id="4ce356b1-833a-a919-32db-7ded81a981f9">
      <Execution id="3f665f1a-2882-4824-903d-05bfd2ae7b0b" />
      <TestMethod codeBase="D:\actions-runner\_work\XPCO\XPCO\Corporate\VideoOS.Server.UnitTests\bin\x64\Debug\net472\VideoOS.Server.UnitTests.dll" adapterTypeName="executor://mstestadapter/v2" className="VideoOS.Server.UnitTests.WebApi.ResponseControllerTest" name="ServerFileSystemResponseCreateDirectory_ModelIsNull_BadRequestResult" />
    </UnitTest>
    <UnitTest name="UpdateEvidenceLockSizesCommandHandlerTests_UpdateOneEvidenceLockSizeSpansAcrossRecorder_RecordersReturnedWithPositiveAndNegativeSizes_SuccessResponse" storage="d:\actions-runner\_work\xpco\xpco\corporate\videoos.server.unittests\bin\x64\debug\net472\videoos.server.unittests.dll" id="25e16dde-f704-9c82-194f-9771acd83015">
      <Execution id="7a24d4f0-f905-4e01-9b01-c87522d22ffe" />
      <TestMethod codeBase="D:\actions-runner\_work\XPCO\XPCO\Corporate\VideoOS.Server.UnitTests\bin\x64\Debug\net472\VideoOS.Server.UnitTests.dll" adapterTypeName="executor://mstestadapter/v2" className="VideoOS.Server.UnitTests.CommandHandler.UpdateEvidenceLockSizesCommandHandlerTests" name="UpdateEvidenceLockSizesCommandHandlerTests_UpdateOneEvidenceLockSizeSpansAcrossRecorder_RecordersReturnedWithPositiveAndNegativeSizes_SuccessResponse" />
    </UnitTest>
    <UnitTest name="ExceptionResponse_ModelIsValid_CommandExecuted" storage="d:\actions-runner\_work\xpco\xpco\corporate\videoos.server.unittests\bin\x64\debug\net472\videoos.server.unittests.dll" id="2cf91dfa-968e-4599-4e3f-36ab2c164e8c">
      <Execution id="6a005732-5a7c-4cc7-99a0-b5269a1fc266" />
      <TestMethod codeBase="D:\actions-runner\_work\XPCO\XPCO\Corporate\VideoOS.Server.UnitTests\bin\x64\Debug\net472\VideoOS.Server.UnitTests.dll" adapterTypeName="executor://mstestadapter/v2" className="VideoOS.Server.UnitTests.WebApi.ResponseControllerTest" name="ExceptionResponse_ModelIsValid_CommandExecuted" />
    </UnitTest>
    <UnitTest name="DeviceDataDistributionManager_Constructor_Null_ThrowsArgumentNullException" storage="d:\actions-runner\_work\xpco\xpco\corporate\videoos.server.unittests\bin\x64\debug\net472\videoos.server.unittests.dll" id="79d1eb2f-a693-8e79-2873-4e7aec472ae9">
      <Execution id="1cf905cd-3468-46b5-b4de-d758843c68f7" />
      <TestMethod codeBase="D:\actions-runner\_work\XPCO\XPCO\Corporate\VideoOS.Server.UnitTests\bin\x64\Debug\net472\VideoOS.Server.UnitTests.dll" adapterTypeName="executor://mstestadapter/v2" className="VideoOS.Server.UnitTests.DeviceDataDistributionManagerUnitTests" name="DeviceDataDistributionManager_Constructor_Null_ThrowsArgumentNullException" />
    </UnitTest>
    <UnitTest name="AnalyzeAndCreateAuditLogs_AddedSecurityPermissionsDeviceRowWithTimeBackward5Minutes_ReturnsTwoAuditLogsWithTimeBackwardMinutes" storage="d:\actions-runner\_work\xpco\xpco\corporate\videoos.server.unittests\bin\x64\debug\net472\videoos.server.unittests.dll" id="668d6eca-ca1f-7173-3a79-4c824c393f53">
      <Execution id="e83af521-b7e7-44c4-bcf0-b3fbdfbdc283" />
      <TestMethod codeBase="D:\actions-runner\_work\XPCO\XPCO\Corporate\VideoOS.Server.UnitTests\bin\x64\Debug\net472\VideoOS.Server.UnitTests.dll" adapterTypeName="executor://mstestadapter/v2" className="VideoOS.Server.UnitTests.CommandHandler.DataSetAuditLogAnalyzerTests" name="AnalyzeAndCreateAuditLogs_AddedSecurityPermissionsDeviceRowWithTimeBackward5Minutes_ReturnsTwoAuditLogsWithTimeBackwardMinutes" />
    </UnitTest>
    <UnitTest name="AddUnlicensedDevice_AddSecondDeviceWithSameUniqueIdentifier_ICP_ReturnsFalse" storage="d:\actions-runner\_work\xpco\xpco\corporate\videoos.server.unittests\bin\x64\debug\net472\videoos.server.unittests.dll" id="00f004a8-cc0a-ba6a-61e6-32a64a1d70b3">
      <Execution id="10aeff5f-56d0-4bda-9bd4-b2700f20c873" />
      <TestMethod codeBase="D:\actions-runner\_work\XPCO\XPCO\Corporate\VideoOS.Server.UnitTests\bin\x64\Debug\net472\VideoOS.Server.UnitTests.dll" adapterTypeName="executor://mstestadapter/v2" className="VideoOS.Server.UnitTests.Licensing.LicenseSnapshotTests" name="AddUnlicensedDevice_AddSecondDeviceWithSameUniqueIdentifier_ICP_ReturnsFalse" />
    </UnitTest>
    <UnitTest name="HardwareInCWAOnWhiteList_ReplacedWithNoInheritance_HardwareNotOnWhiteList_MixedCWAAllowed_MoreChannelsOnReplacedHardware_SomeDevicesInCWA" storage="d:\actions-runner\_work\xpco\xpco\corporate\videoos.server.unittests\bin\x64\debug\net472\videoos.server.unittests.dll" id="3f288f9b-fb2a-088e-d62e-186febe1e41e">
      <TestCategory>
        <TestCategoryItem TestCategory="Licensing Replace Hardware" />
        <TestCategoryItem TestCategory="Licensing" />
      </TestCategory>
      <Execution id="0c97d6e2-45c9-4cc5-bec3-864fc8567a09" />
      <TestMethod codeBase="D:\actions-runner\_work\XPCO\XPCO\Corporate\VideoOS.Server.UnitTests\bin\x64\Debug\net472\VideoOS.Server.UnitTests.dll" adapterTypeName="executor://mstestadapter/v2" className="VideoOS.Server.UnitTests.Licensing.LicenseAllocatorChannelTests" name="HardwareInCWAOnWhiteList_ReplacedWithNoInheritance_HardwareNotOnWhiteList_MixedCWAAllowed_MoreChannelsOnReplacedHardware_SomeDevicesInCWA" />
    </UnitTest>
    <UnitTest name="Log_ContextExceptionIsNull_NothingIsLogged" storage="d:\actions-runner\_work\xpco\xpco\corporate\videoos.server.unittests\bin\x64\debug\net472\videoos.server.unittests.dll" id="27765c3e-f7a5-6619-62ae-59e218515121">
      <Execution id="fb998133-4f49-4d95-b0fd-84aec4e8706f" />
      <TestMethod codeBase="D:\actions-runner\_work\XPCO\XPCO\Corporate\VideoOS.Server.UnitTests\bin\x64\Debug\net472\VideoOS.Server.UnitTests.dll" adapterTypeName="executor://mstestadapter/v2" className="VideoOS.Server.UnitTests.ServerUnhandledExceptionLoggerTests" name="Log_ContextExceptionIsNull_NothingIsLogged" />
    </UnitTest>
    <UnitTest name="ServerAccessTokenHandler_PopulateAuthorizationHeaderAsync_WebApiException" storage="d:\actions-runner\_work\xpco\xpco\corporate\videoos.server.unittests\bin\x64\debug\net472\videoos.server.unittests.dll" id="2ac1e640-ab17-a6b2-b3fa-7fd601d2b14b">
      <Execution id="baecda12-059e-4559-8753-2557856357a1" />
      <TestMethod codeBase="D:\actions-runner\_work\XPCO\XPCO\Corporate\VideoOS.Server.UnitTests\bin\x64\Debug\net472\VideoOS.Server.UnitTests.dll" adapterTypeName="executor://mstestadapter/v2" className="VideoOS.Server.UnitTests.RecorderCommunication.ServerAccessTokenHandlerTests" name="ServerAccessTokenHandler_PopulateAuthorizationHeaderAsync_WebApiException" />
    </UnitTest>
    <UnitTest name="HardwareInCWAOnWhiteList_ReplacedWithInheritance_HardwareOnWhiteList_NoMoreCWAAllowed_NewHardwareInGrace" storage="d:\actions-runner\_work\xpco\xpco\corporate\videoos.server.unittests\bin\x64\debug\net472\videoos.server.unittests.dll" id="8a4aed2d-73bd-427f-bd78-a6a359ebd203">
      <TestCategory>
        <TestCategoryItem TestCategory="Licensing Replace Hardware" />
        <TestCategoryItem TestCategory="Licensing" />
      </TestCategory>
      <Execution id="28ff673c-505e-48b6-a867-f5cea3c832cd" />
      <TestMethod codeBase="D:\actions-runner\_work\XPCO\XPCO\Corporate\VideoOS.Server.UnitTests\bin\x64\Debug\net472\VideoOS.Server.UnitTests.dll" adapterTypeName="executor://mstestadapter/v2" className="VideoOS.Server.UnitTests.Licensing.LicenseAllocatorChannelTests" name="HardwareInCWAOnWhiteList_ReplacedWithInheritance_HardwareOnWhiteList_NoMoreCWAAllowed_NewHardwareInGrace" />
    </UnitTest>
    <UnitTest name="ConfigurationDataSetLoader_GetDevicePrivacyMaskByDeviceId_Success" storage="d:\actions-runner\_work\xpco\xpco\corporate\videoos.server.unittests\bin\x64\debug\net472\videoos.server.unittests.dll" id="5a317f58-5340-0bdf-bbbf-2cf5c6868376">
      <Execution id="7c0316e8-b08c-43ad-ad88-0f9e9ff4b463" />
      <TestMethod codeBase="D:\actions-runner\_work\XPCO\XPCO\Corporate\VideoOS.Server.UnitTests\bin\x64\Debug\net472\VideoOS.Server.UnitTests.dll" adapterTypeName="executor://mstestadapter/v2" className="VideoOS.Server.UnitTests.Configuration.ConfigurationDataSetLoaderTests" name="ConfigurationDataSetLoader_GetDevicePrivacyMaskByDeviceId_Success" />
    </UnitTest>
    <UnitTest name="EvidenceLockOnOldRecorderCommandHandlerTests_OldRecV2_ConfigEdit1Row" storage="d:\actions-runner\_work\xpco\xpco\corporate\videoos.server.unittests\bin\x64\debug\net472\videoos.server.unittests.dll" id="83c9a1d0-5d19-19e1-c667-b2f4a5423662">
      <Execution id="23095576-021a-48e3-8122-ddb14396cee3" />
      <TestMethod codeBase="D:\actions-runner\_work\XPCO\XPCO\Corporate\VideoOS.Server.UnitTests\bin\x64\Debug\net472\VideoOS.Server.UnitTests.dll" adapterTypeName="executor://mstestadapter/v2" className="VideoOS.Server.UnitTests.CommandHandler.EvidenceLockOnOldRecorderCommandHandlerTests" name="EvidenceLockOnOldRecorderCommandHandlerTests_OldRecV2_ConfigEdit1Row" />
    </UnitTest>
    <UnitTest name="ServerFileSystemResponseQueryDirectories_ModelIsValid_CommandExecuted" storage="d:\actions-runner\_work\xpco\xpco\corporate\videoos.server.unittests\bin\x64\debug\net472\videoos.server.unittests.dll" id="43b55bcc-c864-a344-f19c-a4697d7e93a7">
      <Execution id="3e7148c3-d4ad-4aec-a3cb-5050fc2c307d" />
      <TestMethod codeBase="D:\actions-runner\_work\XPCO\XPCO\Corporate\VideoOS.Server.UnitTests\bin\x64\Debug\net472\VideoOS.Server.UnitTests.dll" adapterTypeName="executor://mstestadapter/v2" className="VideoOS.Server.UnitTests.WebApi.ResponseControllerTest" name="ServerFileSystemResponseQueryDirectories_ModelIsValid_CommandExecuted" />
    </UnitTest>
    <UnitTest name="EvidenceLockOnOldRecorderCommandHandlerTests_OldRecV2_ConfigDelete1Row" storage="d:\actions-runner\_work\xpco\xpco\corporate\videoos.server.unittests\bin\x64\debug\net472\videoos.server.unittests.dll" id="fbdead02-2ddb-e5b8-fac6-d1f617590179">
      <Execution id="ea9d408b-d662-4ab1-886c-79c28e86040e" />
      <TestMethod codeBase="D:\actions-runner\_work\XPCO\XPCO\Corporate\VideoOS.Server.UnitTests\bin\x64\Debug\net472\VideoOS.Server.UnitTests.dll" adapterTypeName="executor://mstestadapter/v2" className="VideoOS.Server.UnitTests.CommandHandler.EvidenceLockOnOldRecorderCommandHandlerTests" name="EvidenceLockOnOldRecorderCommandHandlerTests_OldRecV2_ConfigDelete1Row" />
    </UnitTest>
    <UnitTest name="CreateInstance_ThrowsArgumentNullException_OnNullAsServer" storage="d:\actions-runner\_work\xpco\xpco\corporate\videoos.server.unittests\bin\x64\debug\net472\videoos.server.unittests.dll" id="6a88ee0a-9bc9-bc89-2082-c27a42df6d57">
      <Execution id="f24d7616-3bee-4e0b-aa82-9b98d82a0616" />
      <TestMethod codeBase="D:\actions-runner\_work\XPCO\XPCO\Corporate\VideoOS.Server.UnitTests\bin\x64\Debug\net472\VideoOS.Server.UnitTests.dll" adapterTypeName="executor://mstestadapter/v2" className="VideoOS.Server.UnitTests.Licensing.LicenseManagerCacheTests" name="CreateInstance_ThrowsArgumentNullException_OnNullAsServer" />
    </UnitTest>
    <UnitTest name="ValidatePublicAddress_ServerCantPingRecorder_ServiceUnavailableResponseWithRetryAfter" storage="d:\actions-runner\_work\xpco\xpco\corporate\videoos.server.unittests\bin\x64\debug\net472\videoos.server.unittests.dll" id="3c0e53b5-4edd-2d21-8a2c-cbc960b07f0d">
      <Execution id="3a632697-7393-4696-8e7b-a7862db11a95" />
      <TestMethod codeBase="D:\actions-runner\_work\XPCO\XPCO\Corporate\VideoOS.Server.UnitTests\bin\x64\Debug\net472\VideoOS.Server.UnitTests.dll" adapterTypeName="executor://mstestadapter/v2" className="VideoOS.Server.UnitTests.WebApi.Controllers.RecorderRegistrationControllerTests" name="ValidatePublicAddress_ServerCantPingRecorder_ServiceUnavailableResponseWithRetryAfter" />
    </UnitTest>
    <UnitTest name="AllocateLicenses_NotActivated_FiveDevices_ThreeDisabled_FiveLicenses_ThreeUnlicensed_TwoReplaced" storage="d:\actions-runner\_work\xpco\xpco\corporate\videoos.server.unittests\bin\x64\debug\net472\videoos.server.unittests.dll" id="42bf2cb1-698e-8879-c40b-8fea12bbd64e">
      <TestCategory>
        <TestCategoryItem TestCategory="Licensing" />
      </TestCategory>
      <Execution id="fa1a7d1b-cb1d-4fcb-9b54-64235f34548f" />
      <TestMethod codeBase="D:\actions-runner\_work\XPCO\XPCO\Corporate\VideoOS.Server.UnitTests\bin\x64\Debug\net472\VideoOS.Server.UnitTests.dll" adapterTypeName="executor://mstestadapter/v2" className="VideoOS.Server.UnitTests.Licensing.LicenseAllocatorChannelTests" name="AllocateLicenses_NotActivated_FiveDevices_ThreeDisabled_FiveLicenses_ThreeUnlicensed_TwoReplaced" />
    </UnitTest>
    <UnitTest name="ValidatePublicAddress_ServerNotSecuredRecorderSecured_ReturnBadRequest" storage="d:\actions-runner\_work\xpco\xpco\corporate\videoos.server.unittests\bin\x64\debug\net472\videoos.server.unittests.dll" id="78670e21-b607-d283-8276-335ac4634948">
      <Execution id="073da6bb-0076-4c00-bddf-8531f06a516c" />
      <TestMethod codeBase="D:\actions-runner\_work\XPCO\XPCO\Corporate\VideoOS.Server.UnitTests\bin\x64\Debug\net472\VideoOS.Server.UnitTests.dll" adapterTypeName="executor://mstestadapter/v2" className="VideoOS.Server.UnitTests.WebApi.Controllers.RecorderRegistrationControllerTests" name="ValidatePublicAddress_ServerNotSecuredRecorderSecured_ReturnBadRequest" />
    </UnitTest>
    <UnitTest name="ActivatedHardwareNotOnWhiteList_ReplacedWith_HardwareNotOnWhiteList_ShouldPutDevicesInCWAAndGrace" storage="d:\actions-runner\_work\xpco\xpco\corporate\videoos.server.unittests\bin\x64\debug\net472\videoos.server.unittests.dll" id="0057c070-6d41-46ef-72cd-914d222ec0d4">
      <TestCategory>
        <TestCategoryItem TestCategory="Licensing Replace Hardware" />
        <TestCategoryItem TestCategory="Licensing" />
      </TestCategory>
      <Execution id="1a177d4e-8600-4877-b66e-3966e5daf91d" />
      <TestMethod codeBase="D:\actions-runner\_work\XPCO\XPCO\Corporate\VideoOS.Server.UnitTests\bin\x64\Debug\net472\VideoOS.Server.UnitTests.dll" adapterTypeName="executor://mstestadapter/v2" className="VideoOS.Server.UnitTests.Licensing.LicenseAllocatorChannelTests" name="ActivatedHardwareNotOnWhiteList_ReplacedWith_HardwareNotOnWhiteList_ShouldPutDevicesInCWAAndGrace" />
    </UnitTest>
    <UnitTest name="CheckConfigurationDataSetTest_StreamsNotLicensedPass1" storage="d:\actions-runner\_work\xpco\xpco\corporate\videoos.server.unittests\bin\x64\debug\net472\videoos.server.unittests.dll" id="10de2d20-9e13-becf-3e27-76a1ef40ac99">
      <Execution id="781e938a-dc1d-46b1-83b1-a919f8f585ca" />
      <TestMethod codeBase="D:\actions-runner\_work\XPCO\XPCO\Corporate\VideoOS.Server.UnitTests\bin\x64\Debug\net472\VideoOS.Server.UnitTests.dll" adapterTypeName="executor://mstestadapter/v2" className="VideoOS.Server.UnitTests.Licensing.LicenseFeatureCheckerTest" name="CheckConfigurationDataSetTest_StreamsNotLicensedPass1" />
    </UnitTest>
    <UnitTest name="GetRecorderTasks_RecorderNotFoundException_Handled" storage="d:\actions-runner\_work\xpco\xpco\corporate\videoos.server.unittests\bin\x64\debug\net472\videoos.server.unittests.dll" id="b9422136-6e99-7181-36c2-a5eaa4ea48b7">
      <Execution id="39ad3d59-9c2d-42b0-a781-55276066e454" />
      <TestMethod codeBase="D:\actions-runner\_work\XPCO\XPCO\Corporate\VideoOS.Server.UnitTests\bin\x64\Debug\net472\VideoOS.Server.UnitTests.dll" adapterTypeName="executor://mstestadapter/v2" className="VideoOS.Server.UnitTests.TaskControllerTests" name="GetRecorderTasks_RecorderNotFoundException_Handled" />
    </UnitTest>
    <UnitTest name="HardwareUnsupportedResponse_ModelIsValid_CommandExecuted" storage="d:\actions-runner\_work\xpco\xpco\corporate\videoos.server.unittests\bin\x64\debug\net472\videoos.server.unittests.dll" id="0153a1e0-dce4-1d36-d924-8f093fad1ca0">
      <Execution id="ad968390-0f3b-46b9-a7d0-26dda7d194b8" />
      <TestMethod codeBase="D:\actions-runner\_work\XPCO\XPCO\Corporate\VideoOS.Server.UnitTests\bin\x64\Debug\net472\VideoOS.Server.UnitTests.dll" adapterTypeName="executor://mstestadapter/v2" className="VideoOS.Server.UnitTests.WebApi.ResponseControllerTest" name="HardwareUnsupportedResponse_ModelIsValid_CommandExecuted" />
    </UnitTest>
    <UnitTest name="UpdateEvidenceLockSizesCommandHandlerTests_UpdateOneEvidenceLockSizeSpansAcrossRecorder_RecordersReturnedWithMixedResponses_SuccessResponse" storage="d:\actions-runner\_work\xpco\xpco\corporate\videoos.server.unittests\bin\x64\debug\net472\videoos.server.unittests.dll" id="05025a2f-eb76-55f9-eb52-6fcad523c590">
      <Execution id="4a892af8-2305-4f2b-9202-31b328137043" />
      <TestMethod codeBase="D:\actions-runner\_work\XPCO\XPCO\Corporate\VideoOS.Server.UnitTests\bin\x64\Debug\net472\VideoOS.Server.UnitTests.dll" adapterTypeName="executor://mstestadapter/v2" className="VideoOS.Server.UnitTests.CommandHandler.UpdateEvidenceLockSizesCommandHandlerTests" name="UpdateEvidenceLockSizesCommandHandlerTests_UpdateOneEvidenceLockSizeSpansAcrossRecorder_RecordersReturnedWithMixedResponses_SuccessResponse" />
    </UnitTest>
    <UnitTest name="DeviceLicense_FindByDeviceInfo_NotFound_ReturnsNull" storage="d:\actions-runner\_work\xpco\xpco\corporate\videoos.server.unittests\bin\x64\debug\net472\videoos.server.unittests.dll" id="9897c766-b52d-ed3b-d588-9c1d581b48f1">
      <Execution id="fd9e1af6-af2a-452d-a8b5-9fc16405d194" />
      <TestMethod codeBase="D:\actions-runner\_work\XPCO\XPCO\Corporate\VideoOS.Server.UnitTests\bin\x64\Debug\net472\VideoOS.Server.UnitTests.dll" adapterTypeName="executor://mstestadapter/v2" className="VideoOS.Server.UnitTests.Licensing.LicenseSnapshotTests" name="DeviceLicense_FindByDeviceInfo_NotFound_ReturnsNull" />
    </UnitTest>
    <UnitTest name="HardwareActivatedOnWhiteList_ReplacedWithInheritance_HardwareNotOnWhiteList_NoCWAAllowed_AllDevicesInGrace" storage="d:\actions-runner\_work\xpco\xpco\corporate\videoos.server.unittests\bin\x64\debug\net472\videoos.server.unittests.dll" id="2825047d-45ec-17ec-7668-490b5d480d53">
      <TestCategory>
        <TestCategoryItem TestCategory="Licensing Replace Hardware" />
        <TestCategoryItem TestCategory="Licensing" />
      </TestCategory>
      <Execution id="57350804-2bcf-4a60-a66e-cbcf564ceafb" />
      <TestMethod codeBase="D:\actions-runner\_work\XPCO\XPCO\Corporate\VideoOS.Server.UnitTests\bin\x64\Debug\net472\VideoOS.Server.UnitTests.dll" adapterTypeName="executor://mstestadapter/v2" className="VideoOS.Server.UnitTests.Licensing.LicenseAllocatorChannelTests" name="HardwareActivatedOnWhiteList_ReplacedWithInheritance_HardwareNotOnWhiteList_NoCWAAllowed_AllDevicesInGrace" />
    </UnitTest>
    <UnitTest name="AutomaticActivation_LogsFailedMessageInServerLogs_OnFailedActivation" storage="d:\actions-runner\_work\xpco\xpco\corporate\videoos.server.unittests\bin\x64\debug\net472\videoos.server.unittests.dll" id="af643efc-0d6d-9696-0106-50e93cf12675">
      <TestCategory>
        <TestCategoryItem TestCategory="Licensing" />
      </TestCategory>
      <Execution id="b17573c6-dc51-4f4c-844a-45921ba7c2f4" />
      <TestMethod codeBase="D:\actions-runner\_work\XPCO\XPCO\Corporate\VideoOS.Server.UnitTests\bin\x64\Debug\net472\VideoOS.Server.UnitTests.dll" adapterTypeName="executor://mstestadapter/v2" className="VideoOS.Server.UnitTests.Licensing.ActivationManagerTests" name="AutomaticActivation_LogsFailedMessageInServerLogs_OnFailedActivation" />
    </UnitTest>
    <UnitTest name="AnalyzeAndCreateAuditLogs_ModifiedSecurityPermissionsDeviceRowWithDEVICESPEAKPRIORITYAtrribute_ReturnsOneAuditLog" storage="d:\actions-runner\_work\xpco\xpco\corporate\videoos.server.unittests\bin\x64\debug\net472\videoos.server.unittests.dll" id="74525c1f-6ef5-b5b3-beab-b61e35c5c5b8">
      <Execution id="6283fcad-1d17-4a6b-8f26-e48eb2906253" />
      <TestMethod codeBase="D:\actions-runner\_work\XPCO\XPCO\Corporate\VideoOS.Server.UnitTests\bin\x64\Debug\net472\VideoOS.Server.UnitTests.dll" adapterTypeName="executor://mstestadapter/v2" className="VideoOS.Server.UnitTests.CommandHandler.DataSetAuditLogAnalyzerTests" name="AnalyzeAndCreateAuditLogs_ModifiedSecurityPermissionsDeviceRowWithDEVICESPEAKPRIORITYAtrribute_ReturnsOneAuditLog" />
    </UnitTest>
    <UnitTest name="AllocateLicenses_NotActivated_OneLicenseUsed_OnOneHardwareWithOneCameraChannelInGraceAndFourAvailableLicenses" storage="d:\actions-runner\_work\xpco\xpco\corporate\videoos.server.unittests\bin\x64\debug\net472\videoos.server.unittests.dll" id="6eb40ab5-a084-c0d6-3e89-20cec91d1dc1">
      <TestCategory>
        <TestCategoryItem TestCategory="Licensing" />
      </TestCategory>
      <Execution id="1d178860-54b9-4a84-a6c3-6a63a60b1f83" />
      <TestMethod codeBase="D:\actions-runner\_work\XPCO\XPCO\Corporate\VideoOS.Server.UnitTests\bin\x64\Debug\net472\VideoOS.Server.UnitTests.dll" adapterTypeName="executor://mstestadapter/v2" className="VideoOS.Server.UnitTests.Licensing.LicenseAllocatorChannelTests" name="AllocateLicenses_NotActivated_OneLicenseUsed_OnOneHardwareWithOneCameraChannelInGraceAndFourAvailableLicenses" />
    </UnitTest>
    <UnitTest name="UploadFileChunkCommandHandler_Constructor_Arguments_Null_Throws" storage="d:\actions-runner\_work\xpco\xpco\corporate\videoos.server.unittests\bin\x64\debug\net472\videoos.server.unittests.dll" id="7d6cf279-0386-6019-0824-c59c0577de58">
      <Execution id="d7eb2105-ca3b-464c-b819-4f9c9842c006" />
      <TestMethod codeBase="D:\actions-runner\_work\XPCO\XPCO\Corporate\VideoOS.Server.UnitTests\bin\x64\Debug\net472\VideoOS.Server.UnitTests.dll" adapterTypeName="executor://mstestadapter/v2" className="VideoOS.Server.UnitTests.CommandHandler.UploadFileChunkCommandHandlerUnitTests" name="UploadFileChunkCommandHandler_Constructor_Arguments_Null_Throws" />
    </UnitTest>
    <UnitTest name="ChannelLicenseCountManager_ReplacementHardware_ClearByRecorder_DoesNotChangeReplacementLimit_OnMultipleRecorders" storage="d:\actions-runner\_work\xpco\xpco\corporate\videoos.server.unittests\bin\x64\debug\net472\videoos.server.unittests.dll" id="216eb622-996e-3dd1-fa4a-9ff72cc211bf">
      <TestCategory>
        <TestCategoryItem TestCategory="Licensing" />
      </TestCategory>
      <Execution id="097d3e7c-1353-4c30-ad6c-fbf3c037d996" />
      <TestMethod codeBase="D:\actions-runner\_work\XPCO\XPCO\Corporate\VideoOS.Server.UnitTests\bin\x64\Debug\net472\VideoOS.Server.UnitTests.dll" adapterTypeName="executor://mstestadapter/v2" className="VideoOS.Server.UnitTests.Licensing.LicenseCountManagerUnitTests" name="ChannelLicenseCountManager_ReplacementHardware_ClearByRecorder_DoesNotChangeReplacementLimit_OnMultipleRecorders" />
    </UnitTest>
    <UnitTest name="CheckConfigurationDataSet_AAC_Hardware_WithAACSetting_Licensed_Success" storage="d:\actions-runner\_work\xpco\xpco\corporate\videoos.server.unittests\bin\x64\debug\net472\videoos.server.unittests.dll" id="0e465eda-53ff-08d9-e6a5-a484edda258a">
      <Execution id="83799202-e159-47d7-9b80-3c3aceaaa23c" />
      <TestMethod codeBase="D:\actions-runner\_work\XPCO\XPCO\Corporate\VideoOS.Server.UnitTests\bin\x64\Debug\net472\VideoOS.Server.UnitTests.dll" adapterTypeName="executor://mstestadapter/v2" className="VideoOS.Server.UnitTests.Licensing.LicenseFeatureCheckerTest" name="CheckConfigurationDataSet_AAC_Hardware_WithAACSetting_Licensed_Success" />
    </UnitTest>
    <UnitTest name="EventCollectorConstructor_Logger_Null" storage="d:\actions-runner\_work\xpco\xpco\corporate\videoos.server.unittests\bin\x64\debug\net472\videoos.server.unittests.dll" id="9673c392-00ec-21ab-3c0b-8793b3f794b4">
      <Execution id="15c8fcd4-f977-451f-b72e-8afc6f0077d5" />
      <TestMethod codeBase="D:\actions-runner\_work\XPCO\XPCO\Corporate\VideoOS.Server.UnitTests\bin\x64\Debug\net472\VideoOS.Server.UnitTests.dll" adapterTypeName="executor://mstestadapter/v2" className="VideoOS.Server.UnitTests.UpdateConfigurationManagerCommandHandlerTests" name="EventCollectorConstructor_Logger_Null" />
    </UnitTest>
    <UnitTest name="AllocateLicense_5Available_OneHardware_AlreadyLicensedInLicFile_InsufficientCameraCountInLicenseFileForHardwareCameraFeeds" storage="d:\actions-runner\_work\xpco\xpco\corporate\videoos.server.unittests\bin\x64\debug\net472\videoos.server.unittests.dll" id="3a20ed6d-4869-56be-fcee-5307650ce610">
      <TestCategory>
        <TestCategoryItem TestCategory="Licensing" />
      </TestCategory>
      <Execution id="83c82908-843e-404d-af4a-25b787557d1c" />
      <TestMethod codeBase="D:\actions-runner\_work\XPCO\XPCO\Corporate\VideoOS.Server.UnitTests\bin\x64\Debug\net472\VideoOS.Server.UnitTests.dll" adapterTypeName="executor://mstestadapter/v2" className="VideoOS.Server.UnitTests.Licensing.LicenseAllocatorChannelTests" name="AllocateLicense_5Available_OneHardware_AlreadyLicensedInLicFile_InsufficientCameraCountInLicenseFileForHardwareCameraFeeds" />
    </UnitTest>
    <UnitTest name="AllocateLicenses_NotActivated_TwoDevice_TwoCameraChannels_NonCameraDevicesAreLicensed" storage="d:\actions-runner\_work\xpco\xpco\corporate\videoos.server.unittests\bin\x64\debug\net472\videoos.server.unittests.dll" id="3cc3d0b4-a43d-5b9d-15df-45a463e99e69">
      <TestCategory>
        <TestCategoryItem TestCategory="Licensing" />
      </TestCategory>
      <Execution id="89a48e55-b3a1-42d5-a739-7a0de120dcd4" />
      <TestMethod codeBase="D:\actions-runner\_work\XPCO\XPCO\Corporate\VideoOS.Server.UnitTests\bin\x64\Debug\net472\VideoOS.Server.UnitTests.dll" adapterTypeName="executor://mstestadapter/v2" className="VideoOS.Server.UnitTests.Licensing.LicenseAllocatorChannelTests" name="AllocateLicenses_NotActivated_TwoDevice_TwoCameraChannels_NonCameraDevicesAreLicensed" />
    </UnitTest>
    <UnitTest name="HardwareInCWANotOnWhiteList_ReplacedWithInheritance_HardwareNotOnWhiteList_MixedCWAAllowed_MoreChannelsOnReplacedHardware_SomeDevicesInCWA" storage="d:\actions-runner\_work\xpco\xpco\corporate\videoos.server.unittests\bin\x64\debug\net472\videoos.server.unittests.dll" id="c2984494-a9d6-3f60-65cb-f333c5e8b61d">
      <TestCategory>
        <TestCategoryItem TestCategory="Licensing Replace Hardware" />
        <TestCategoryItem TestCategory="Licensing" />
      </TestCategory>
      <Execution id="46131e9b-6991-4380-bdf0-0a1de5c1877f" />
      <TestMethod codeBase="D:\actions-runner\_work\XPCO\XPCO\Corporate\VideoOS.Server.UnitTests\bin\x64\Debug\net472\VideoOS.Server.UnitTests.dll" adapterTypeName="executor://mstestadapter/v2" className="VideoOS.Server.UnitTests.Licensing.LicenseAllocatorChannelTests" name="HardwareInCWANotOnWhiteList_ReplacedWithInheritance_HardwareNotOnWhiteList_MixedCWAAllowed_MoreChannelsOnReplacedHardware_SomeDevicesInCWA" />
    </UnitTest>
    <UnitTest name="UpdateHardwareTaskCommandHandler_Execute_HeartBeat_RecorderUnavailable_Tests" storage="d:\actions-runner\_work\xpco\xpco\corporate\videoos.server.unittests\bin\x64\debug\net472\videoos.server.unittests.dll" id="120dc9c0-e973-7f4c-492e-c6b045bcfb22">
      <Execution id="3fc9b069-6c7d-410b-9833-ac6778d68f69" />
      <TestMethod codeBase="D:\actions-runner\_work\XPCO\XPCO\Corporate\VideoOS.Server.UnitTests\bin\x64\Debug\net472\VideoOS.Server.UnitTests.dll" adapterTypeName="executor://mstestadapter/v2" className="VideoOS.Server.UnitTests.CommandHandler.UpdateHardwareTaskHandlerTests" name="UpdateHardwareTaskCommandHandler_Execute_HeartBeat_RecorderUnavailable_Tests" />
    </UnitTest>
    <UnitTest name="RecorderTaskFailed_RecorderNotFoundException_Handled" storage="d:\actions-runner\_work\xpco\xpco\corporate\videoos.server.unittests\bin\x64\debug\net472\videoos.server.unittests.dll" id="45b8d6af-6bf6-4d13-db5b-d6931f924402">
      <Execution id="94f6cee2-2c3d-46e7-8ed0-cce924692b84" />
      <TestMethod codeBase="D:\actions-runner\_work\XPCO\XPCO\Corporate\VideoOS.Server.UnitTests\bin\x64\Debug\net472\VideoOS.Server.UnitTests.dll" adapterTypeName="executor://mstestadapter/v2" className="VideoOS.Server.UnitTests.TaskControllerTests" name="RecorderTaskFailed_RecorderNotFoundException_Handled" />
    </UnitTest>
    <UnitTest name="HardwareScanTaskCommandHandler_Execute_RegisterSession_FailResponse" storage="d:\actions-runner\_work\xpco\xpco\corporate\videoos.server.unittests\bin\x64\debug\net472\videoos.server.unittests.dll" id="130baa2c-76c2-e226-7ab3-1454505622e9">
      <Execution id="8d8c4479-9e39-49f7-9908-38ce2ac1d50f" />
      <TestMethod codeBase="D:\actions-runner\_work\XPCO\XPCO\Corporate\VideoOS.Server.UnitTests\bin\x64\Debug\net472\VideoOS.Server.UnitTests.dll" adapterTypeName="executor://mstestadapter/v2" className="VideoOS.Server.UnitTests.CommandHandler.HardwareScanTaskCommandHandlerTest" name="HardwareScanTaskCommandHandler_Execute_RegisterSession_FailResponse" />
    </UnitTest>
    <UnitTest name="CheckConfigurationDataSetTest_DeviceMulticastNotLicensedFail" storage="d:\actions-runner\_work\xpco\xpco\corporate\videoos.server.unittests\bin\x64\debug\net472\videoos.server.unittests.dll" id="e68e8d3d-cf88-e2fc-5096-d0c2a02bc9c2">
      <Execution id="ffab5b2b-6af8-49b5-8770-4c3b6d71b8cf" />
      <TestMethod codeBase="D:\actions-runner\_work\XPCO\XPCO\Corporate\VideoOS.Server.UnitTests\bin\x64\Debug\net472\VideoOS.Server.UnitTests.dll" adapterTypeName="executor://mstestadapter/v2" className="VideoOS.Server.UnitTests.Licensing.LicenseFeatureCheckerTest" name="CheckConfigurationDataSetTest_DeviceMulticastNotLicensedFail" />
    </UnitTest>
    <UnitTest name="MultiSite_ChannelBased_SameICPHardwareOn2Recorders_MoreChannelsThanICPLicenses" storage="d:\actions-runner\_work\xpco\xpco\corporate\videoos.server.unittests\bin\x64\debug\net472\videoos.server.unittests.dll" id="66f40d0c-4c23-d10b-afaf-5fe3e22726d9">
      <TestCategory>
        <TestCategoryItem TestCategory="Licensing" />
      </TestCategory>
      <Execution id="0a933dc1-d5b2-4022-b3ab-96c75719b0b2" />
      <TestMethod codeBase="D:\actions-runner\_work\XPCO\XPCO\Corporate\VideoOS.Server.UnitTests\bin\x64\Debug\net472\VideoOS.Server.UnitTests.dll" adapterTypeName="executor://mstestadapter/v2" className="VideoOS.Server.UnitTests.Licensing.LicenseAllocatorChannelTests" name="MultiSite_ChannelBased_SameICPHardwareOn2Recorders_MoreChannelsThanICPLicenses" />
    </UnitTest>
    <UnitTest name="LicenseCountManager_IsHardwareWithoutEnabledCamerasLicensed_Throws_InvalidOperationException_WhenHardwareHasEnabledCameras" storage="d:\actions-runner\_work\xpco\xpco\corporate\videoos.server.unittests\bin\x64\debug\net472\videoos.server.unittests.dll" id="75df8f46-b8a0-ca12-05d3-71a91eb99cfe">
      <TestCategory>
        <TestCategoryItem TestCategory="Licensing" />
      </TestCategory>
      <Execution id="cd966fcc-582f-4deb-9481-b6de628b9515" />
      <TestMethod codeBase="D:\actions-runner\_work\XPCO\XPCO\Corporate\VideoOS.Server.UnitTests\bin\x64\Debug\net472\VideoOS.Server.UnitTests.dll" adapterTypeName="executor://mstestadapter/v2" className="VideoOS.Server.UnitTests.Licensing.LicenseCountManagerUnitTests" name="LicenseCountManager_IsHardwareWithoutEnabledCamerasLicensed_Throws_InvalidOperationException_WhenHardwareHasEnabledCameras" />
    </UnitTest>
    <UnitTest name="ConvertIdpLog_NullIdpServerName" storage="d:\actions-runner\_work\xpco\xpco\corporate\videoos.server.unittests\bin\x64\debug\net472\videoos.server.unittests.dll" id="c270ea2a-c1e3-572f-ae65-a41694dfd9e6">
      <Execution id="0e5e8707-6ce7-411b-baf1-ca1fb66027c5" />
      <TestMethod codeBase="D:\actions-runner\_work\XPCO\XPCO\Corporate\VideoOS.Server.UnitTests\bin\x64\Debug\net472\VideoOS.Server.UnitTests.dll" adapterTypeName="executor://mstestadapter/v2" className="VideoOS.Server.UnitTests.Log.IdpLogConverterTest" name="ConvertIdpLog_NullIdpServerName" />
    </UnitTest>
    <UnitTest name="LicenseCountManager_CameraFeed_GetFirstCameraFeedDeviceIndex_NonExisting_InvalidOperationException" storage="d:\actions-runner\_work\xpco\xpco\corporate\videoos.server.unittests\bin\x64\debug\net472\videoos.server.unittests.dll" id="26e57da1-ba9d-0191-a3ee-e3418eb18c93">
      <Execution id="fe00a919-c13b-4842-bfa8-4816c4d9fc26" />
      <TestMethod codeBase="D:\actions-runner\_work\XPCO\XPCO\Corporate\VideoOS.Server.UnitTests\bin\x64\Debug\net472\VideoOS.Server.UnitTests.dll" adapterTypeName="executor://mstestadapter/v2" className="VideoOS.Server.UnitTests.Licensing.LicenseCountManagerUnitTests" name="LicenseCountManager_CameraFeed_GetFirstCameraFeedDeviceIndex_NonExisting_InvalidOperationException" />
    </UnitTest>
    <UnitTest name="ReleasePtzSessionResponse_ModelIsValid_CommandExecuted" storage="d:\actions-runner\_work\xpco\xpco\corporate\videoos.server.unittests\bin\x64\debug\net472\videoos.server.unittests.dll" id="c87ffa61-951f-ee62-c1fb-b3754d84e4e7">
      <Execution id="fc313a0d-6750-4d4a-948f-aae2a2269c75" />
      <TestMethod codeBase="D:\actions-runner\_work\XPCO\XPCO\Corporate\VideoOS.Server.UnitTests\bin\x64\Debug\net472\VideoOS.Server.UnitTests.dll" adapterTypeName="executor://mstestadapter/v2" className="VideoOS.Server.UnitTests.WebApi.ResponseControllerTest" name="ReleasePtzSessionResponse_ModelIsValid_CommandExecuted" />
    </UnitTest>
    <UnitTest name="EvidenceLockUpdateScheduler_Stop_Without_Start_Throws" storage="d:\actions-runner\_work\xpco\xpco\corporate\videoos.server.unittests\bin\x64\debug\net472\videoos.server.unittests.dll" id="8b15913a-6233-54bc-8a3b-b39163abf857">
      <Execution id="cf42f92b-7609-4741-8469-2ee31e14b1a1" />
      <TestMethod codeBase="D:\actions-runner\_work\XPCO\XPCO\Corporate\VideoOS.Server.UnitTests\bin\x64\Debug\net472\VideoOS.Server.UnitTests.dll" adapterTypeName="executor://mstestadapter/v2" className="VideoOS.Server.UnitTests.EvidenceLockUpdateSchedulerUnitTests" name="EvidenceLockUpdateScheduler_Stop_Without_Start_Throws" />
    </UnitTest>
    <UnitTest name="AllocateLicenses_HardwareWith5CamerasAndOtherDevices_ShouldCount5InCWA_ThenDisablingCameras_ShouldStillCount5InCWA_OnNonZeroCWALicense" storage="d:\actions-runner\_work\xpco\xpco\corporate\videoos.server.unittests\bin\x64\debug\net472\videoos.server.unittests.dll" id="6bcc8d60-b3ea-0e46-0d0f-1946fd0abcb8">
      <TestCategory>
        <TestCategoryItem TestCategory="Licensing" />
      </TestCategory>
      <Execution id="d0446b68-2d71-48bf-8ebd-7fbccb1ba4cb" />
      <TestMethod codeBase="D:\actions-runner\_work\XPCO\XPCO\Corporate\VideoOS.Server.UnitTests\bin\x64\Debug\net472\VideoOS.Server.UnitTests.dll" adapterTypeName="executor://mstestadapter/v2" className="VideoOS.Server.UnitTests.Licensing.LicenseAllocatorChannelTests" name="AllocateLicenses_HardwareWith5CamerasAndOtherDevices_ShouldCount5InCWA_ThenDisablingCameras_ShouldStillCount5InCWA_OnNonZeroCWALicense" />
    </UnitTest>
    <UnitTest name="AnalyzeAndCreateAuditLogs_ModifiedSecurityPermissionsDeviceRowAllVariationsThatGivesNoAuditLog_ReturnsNoAuditLog" storage="d:\actions-runner\_work\xpco\xpco\corporate\videoos.server.unittests\bin\x64\debug\net472\videoos.server.unittests.dll" id="40f2946a-3475-661e-ba18-f3aecc10f616">
      <Execution id="96ef0302-057a-4ec6-b785-ec5aa2c67f64" />
      <TestMethod codeBase="D:\actions-runner\_work\XPCO\XPCO\Corporate\VideoOS.Server.UnitTests\bin\x64\Debug\net472\VideoOS.Server.UnitTests.dll" adapterTypeName="executor://mstestadapter/v2" className="VideoOS.Server.UnitTests.CommandHandler.DataSetAuditLogAnalyzerTests" name="AnalyzeAndCreateAuditLogs_ModifiedSecurityPermissionsDeviceRowAllVariationsThatGivesNoAuditLog_ReturnsNoAuditLog" />
    </UnitTest>
    <UnitTest name="AddHardwareToRequest_AddsNonInterconnectedHardwareToList" storage="d:\actions-runner\_work\xpco\xpco\corporate\videoos.server.unittests\bin\x64\debug\net472\videoos.server.unittests.dll" id="7a4fa23b-ecc1-2f50-1983-409ce3c0dca1">
      <TestCategory>
        <TestCategoryItem TestCategory="Licensing" />
      </TestCategory>
      <Execution id="60a2a36b-20aa-4f97-9aef-0f4ccc3a0027" />
      <TestMethod codeBase="D:\actions-runner\_work\XPCO\XPCO\Corporate\VideoOS.Server.UnitTests\bin\x64\Debug\net472\VideoOS.Server.UnitTests.dll" adapterTypeName="executor://mstestadapter/v2" className="VideoOS.Server.UnitTests.Licensing.LicenseRequestChannelTests" name="AddHardwareToRequest_AddsNonInterconnectedHardwareToList" />
    </UnitTest>
    <UnitTest name="CheckConfigurationDataSet_AAC_Device_NoAACSetting_NotLicensed_Sucess" storage="d:\actions-runner\_work\xpco\xpco\corporate\videoos.server.unittests\bin\x64\debug\net472\videoos.server.unittests.dll" id="b7284f39-1e13-1b11-94e6-c4500bbe2f3d">
      <Execution id="020c043a-0089-4548-be8c-bc2b76b6006d" />
      <TestMethod codeBase="D:\actions-runner\_work\XPCO\XPCO\Corporate\VideoOS.Server.UnitTests\bin\x64\Debug\net472\VideoOS.Server.UnitTests.dll" adapterTypeName="executor://mstestadapter/v2" className="VideoOS.Server.UnitTests.Licensing.LicenseFeatureCheckerTest" name="CheckConfigurationDataSet_AAC_Device_NoAACSetting_NotLicensed_Sucess" />
    </UnitTest>
    <UnitTest name="DeviceDataDistributionManager_CleanupAll_Success" storage="d:\actions-runner\_work\xpco\xpco\corporate\videoos.server.unittests\bin\x64\debug\net472\videoos.server.unittests.dll" id="b0211203-6613-8af6-27ec-57bd6e3d9589">
      <Execution id="d0e3598f-9ec7-480d-a15c-951af5d33d7e" />
      <TestMethod codeBase="D:\actions-runner\_work\XPCO\XPCO\Corporate\VideoOS.Server.UnitTests\bin\x64\Debug\net472\VideoOS.Server.UnitTests.dll" adapterTypeName="executor://mstestadapter/v2" className="VideoOS.Server.UnitTests.DeviceDataDistributionManagerUnitTests" name="DeviceDataDistributionManager_CleanupAll_Success" />
    </UnitTest>
    <UnitTest name="MoveHardwareTaskCommandHandler_Execute_With_Destination_HotStandby_Success" storage="d:\actions-runner\_work\xpco\xpco\corporate\videoos.server.unittests\bin\x64\debug\net472\videoos.server.unittests.dll" id="a60b7324-d5b9-a346-ac68-057908745031">
      <Execution id="6cf0bfe1-2952-40f0-86b0-7fbf4a42a486" />
      <TestMethod codeBase="D:\actions-runner\_work\XPCO\XPCO\Corporate\VideoOS.Server.UnitTests\bin\x64\Debug\net472\VideoOS.Server.UnitTests.dll" adapterTypeName="executor://mstestadapter/v2" className="VideoOS.Server.UnitTests.CommandHandler.MoveHardwareTaskCommandHandlerTests" name="MoveHardwareTaskCommandHandler_Execute_With_Destination_HotStandby_Success" />
    </UnitTest>
    <UnitTest name="MultiSite_ChannelBased_SameNotWhitelistedHardwareOn2Recorders_MoreChannelsThanLicenses" storage="d:\actions-runner\_work\xpco\xpco\corporate\videoos.server.unittests\bin\x64\debug\net472\videoos.server.unittests.dll" id="9c5e3218-4d81-f666-5eac-f51ae9556518">
      <TestCategory>
        <TestCategoryItem TestCategory="Licensing" />
      </TestCategory>
      <Execution id="9b3ff0ab-6089-44a7-be32-e8066ccab64a" />
      <TestMethod codeBase="D:\actions-runner\_work\XPCO\XPCO\Corporate\VideoOS.Server.UnitTests\bin\x64\Debug\net472\VideoOS.Server.UnitTests.dll" adapterTypeName="executor://mstestadapter/v2" className="VideoOS.Server.UnitTests.Licensing.LicenseAllocatorChannelTests" name="MultiSite_ChannelBased_SameNotWhitelistedHardwareOn2Recorders_MoreChannelsThanLicenses" />
    </UnitTest>
    <UnitTest name="EventCollector_ShouldEventBeFired_Accept_UserDefined" storage="d:\actions-runner\_work\xpco\xpco\corporate\videoos.server.unittests\bin\x64\debug\net472\videoos.server.unittests.dll" id="1ebd1dbb-071d-708f-e374-58e308fd7a7d">
      <Execution id="a73d5d34-1683-4719-8d8d-91057b828aad" />
      <TestMethod codeBase="D:\actions-runner\_work\XPCO\XPCO\Corporate\VideoOS.Server.UnitTests\bin\x64\Debug\net472\VideoOS.Server.UnitTests.dll" adapterTypeName="executor://mstestadapter/v2" className="VideoOS.Server.UnitTests.UpdateConfigurationManagerCommandHandlerTests" name="EventCollector_ShouldEventBeFired_Accept_UserDefined" />
    </UnitTest>
    <UnitTest name="EvidenceLockOnOldRecorderCommandHandlerTests_OldRecV2_ConfigAdd3Rows" storage="d:\actions-runner\_work\xpco\xpco\corporate\videoos.server.unittests\bin\x64\debug\net472\videoos.server.unittests.dll" id="9187d552-54a8-22d6-02b9-12c17e41508e">
      <Execution id="be39ca65-4a9a-4e19-aa47-a3319fcd8bb4" />
      <TestMethod codeBase="D:\actions-runner\_work\XPCO\XPCO\Corporate\VideoOS.Server.UnitTests\bin\x64\Debug\net472\VideoOS.Server.UnitTests.dll" adapterTypeName="executor://mstestadapter/v2" className="VideoOS.Server.UnitTests.CommandHandler.EvidenceLockOnOldRecorderCommandHandlerTests" name="EvidenceLockOnOldRecorderCommandHandlerTests_OldRecV2_ConfigAdd3Rows" />
    </UnitTest>
    <UnitTest name="RecorderLicense_ConfirmCount_AfterRemoveExistingLicense_Success" storage="d:\actions-runner\_work\xpco\xpco\corporate\videoos.server.unittests\bin\x64\debug\net472\videoos.server.unittests.dll" id="c6bc8554-7927-00e2-a7fa-0b3a3c2b4aa2">
      <Execution id="5996c0ac-f196-4960-866d-038c9c674b77" />
      <TestMethod codeBase="D:\actions-runner\_work\XPCO\XPCO\Corporate\VideoOS.Server.UnitTests\bin\x64\Debug\net472\VideoOS.Server.UnitTests.dll" adapterTypeName="executor://mstestadapter/v2" className="VideoOS.Server.UnitTests.Licensing.LicenseSnapshotTests" name="RecorderLicense_ConfirmCount_AfterRemoveExistingLicense_Success" />
    </UnitTest>
    <UnitTest name="ConfigurationDataSetLoader_GetHostingServersByIds_Success" storage="d:\actions-runner\_work\xpco\xpco\corporate\videoos.server.unittests\bin\x64\debug\net472\videoos.server.unittests.dll" id="19b8fb75-bad4-0c47-ee29-f0116aae5991">
      <Execution id="bd219d63-630f-4cd3-b37b-f7a2846425f4" />
      <TestMethod codeBase="D:\actions-runner\_work\XPCO\XPCO\Corporate\VideoOS.Server.UnitTests\bin\x64\Debug\net472\VideoOS.Server.UnitTests.dll" adapterTypeName="executor://mstestadapter/v2" className="VideoOS.Server.UnitTests.Configuration.ConfigurationDataSetLoaderTests" name="ConfigurationDataSetLoader_GetHostingServersByIds_Success" />
    </UnitTest>
    <UnitTest name="AddUnlicensedDevice_AddSecondDeviceWithSameUniqueIdentifier_ReturnsFalse" storage="d:\actions-runner\_work\xpco\xpco\corporate\videoos.server.unittests\bin\x64\debug\net472\videoos.server.unittests.dll" id="d75d964c-e6ab-8f77-a1f1-72465d94a22d">
      <Execution id="21c7c116-7ea4-44af-aef8-3e0204c6d72a" />
      <TestMethod codeBase="D:\actions-runner\_work\XPCO\XPCO\Corporate\VideoOS.Server.UnitTests\bin\x64\Debug\net472\VideoOS.Server.UnitTests.dll" adapterTypeName="executor://mstestadapter/v2" className="VideoOS.Server.UnitTests.Licensing.LicenseSnapshotTests" name="AddUnlicensedDevice_AddSecondDeviceWithSameUniqueIdentifier_ReturnsFalse" />
    </UnitTest>
    <UnitTest name="Find_NonICPHardware_ThatIsInGrace_ExpectedToFindOnehardwareWithGraceDevice" storage="d:\actions-runner\_work\xpco\xpco\corporate\videoos.server.unittests\bin\x64\debug\net472\videoos.server.unittests.dll" id="59bd9a29-336e-e552-a7b2-47cceba0708d">
      <Execution id="7d7795a9-6a25-45f4-9c93-b7a9a050c065" />
      <TestMethod codeBase="D:\actions-runner\_work\XPCO\XPCO\Corporate\VideoOS.Server.UnitTests\bin\x64\Debug\net472\VideoOS.Server.UnitTests.dll" adapterTypeName="executor://mstestadapter/v2" className="VideoOS.Server.UnitTests.Licensing.LicenseSnapshotTests" name="Find_NonICPHardware_ThatIsInGrace_ExpectedToFindOnehardwareWithGraceDevice" />
    </UnitTest>
    <UnitTest name="UpdateEvidenceLockSizesCommandHandlerTests_UpdateOneEvidenceLockSize_AllRecordersReturnedWithNegativeSizes_SuccessResponse" storage="d:\actions-runner\_work\xpco\xpco\corporate\videoos.server.unittests\bin\x64\debug\net472\videoos.server.unittests.dll" id="cc8b7bde-b458-22a8-a947-beb6b6a1704f">
      <Execution id="22c65ba3-9f08-4a52-8f32-db99aacf7965" />
      <TestMethod codeBase="D:\actions-runner\_work\XPCO\XPCO\Corporate\VideoOS.Server.UnitTests\bin\x64\Debug\net472\VideoOS.Server.UnitTests.dll" adapterTypeName="executor://mstestadapter/v2" className="VideoOS.Server.UnitTests.CommandHandler.UpdateEvidenceLockSizesCommandHandlerTests" name="UpdateEvidenceLockSizesCommandHandlerTests_UpdateOneEvidenceLockSize_AllRecordersReturnedWithNegativeSizes_SuccessResponse" />
    </UnitTest>
    <UnitTest name="HardwareScanTaskCommandHandler_Execute_DriverNotFound_FailResponse" storage="d:\actions-runner\_work\xpco\xpco\corporate\videoos.server.unittests\bin\x64\debug\net472\videoos.server.unittests.dll" id="526076b5-dd75-24fe-3950-9404e88ea72f">
      <Execution id="0db1f7e0-d67a-49a0-b38f-709af4de2838" />
      <TestMethod codeBase="D:\actions-runner\_work\XPCO\XPCO\Corporate\VideoOS.Server.UnitTests\bin\x64\Debug\net472\VideoOS.Server.UnitTests.dll" adapterTypeName="executor://mstestadapter/v2" className="VideoOS.Server.UnitTests.CommandHandler.HardwareScanTaskCommandHandlerTest" name="HardwareScanTaskCommandHandler_Execute_DriverNotFound_FailResponse" />
    </UnitTest>
    <UnitTest name="LicenseCountManager_ReplacementHardware_IgnoresSecondAdd_OnSameMac" storage="d:\actions-runner\_work\xpco\xpco\corporate\videoos.server.unittests\bin\x64\debug\net472\videoos.server.unittests.dll" id="737a5b44-9dc1-6629-8af9-d1f1394cdf6c">
      <Execution id="f01963a3-2e6d-4b41-a27e-d408fd360579" />
      <TestMethod codeBase="D:\actions-runner\_work\XPCO\XPCO\Corporate\VideoOS.Server.UnitTests\bin\x64\Debug\net472\VideoOS.Server.UnitTests.dll" adapterTypeName="executor://mstestadapter/v2" className="VideoOS.Server.UnitTests.Licensing.LicenseCountManagerUnitTests" name="LicenseCountManager_ReplacementHardware_IgnoresSecondAdd_OnSameMac" />
    </UnitTest>
    <UnitTest name="LicenseCountManager_ValidateRelatedRecordingServerLicenses_NullLicenseManager_ThrowsArgumentNullException" storage="d:\actions-runner\_work\xpco\xpco\corporate\videoos.server.unittests\bin\x64\debug\net472\videoos.server.unittests.dll" id="86eaf42e-c871-8ba8-6148-f8452ed3f9cf">
      <TestCategory>
        <TestCategoryItem TestCategory="Licensing" />
      </TestCategory>
      <Execution id="436a8209-1184-4dd9-96fb-0386223aa38f" />
      <TestMethod codeBase="D:\actions-runner\_work\XPCO\XPCO\Corporate\VideoOS.Server.UnitTests\bin\x64\Debug\net472\VideoOS.Server.UnitTests.dll" adapterTypeName="executor://mstestadapter/v2" className="VideoOS.Server.UnitTests.Licensing.LicenseCountManagerUnitTests" name="LicenseCountManager_ValidateRelatedRecordingServerLicenses_NullLicenseManager_ThrowsArgumentNullException" />
    </UnitTest>
    <UnitTest name="CheckConfigurationDataSetTest_Licensed" storage="d:\actions-runner\_work\xpco\xpco\corporate\videoos.server.unittests\bin\x64\debug\net472\videoos.server.unittests.dll" id="04890844-c662-62b1-20da-07273c12eec5">
      <Execution id="a33de874-2c7f-43d3-96b5-a0464aa1aa1d" />
      <TestMethod codeBase="D:\actions-runner\_work\XPCO\XPCO\Corporate\VideoOS.Server.UnitTests\bin\x64\Debug\net472\VideoOS.Server.UnitTests.dll" adapterTypeName="executor://mstestadapter/v2" className="VideoOS.Server.UnitTests.Licensing.LicenseFeatureCheckerTest" name="CheckConfigurationDataSetTest_Licensed" />
    </UnitTest>
    <UnitTest name="AnalyzeAndCreateAuditLogs_AddedSecurityPermissionsDeviceRowWithDefaultTimeProfile_ReturnsTwoAuditLogs" storage="d:\actions-runner\_work\xpco\xpco\corporate\videoos.server.unittests\bin\x64\debug\net472\videoos.server.unittests.dll" id="416f82d2-cf13-eaaa-dd89-821c19c09d99">
      <Execution id="6064ab45-842a-4d75-b6cb-231d9f6d45ae" />
      <TestMethod codeBase="D:\actions-runner\_work\XPCO\XPCO\Corporate\VideoOS.Server.UnitTests\bin\x64\Debug\net472\VideoOS.Server.UnitTests.dll" adapterTypeName="executor://mstestadapter/v2" className="VideoOS.Server.UnitTests.CommandHandler.DataSetAuditLogAnalyzerTests" name="AnalyzeAndCreateAuditLogs_AddedSecurityPermissionsDeviceRowWithDefaultTimeProfile_ReturnsTwoAuditLogs" />
    </UnitTest>
    <UnitTest name="DeleteConfigurationItemCommandHandler_Execute_DeleteRecorder_With_EvidenceLockedData_WithAccept_Success" storage="d:\actions-runner\_work\xpco\xpco\corporate\videoos.server.unittests\bin\x64\debug\net472\videoos.server.unittests.dll" id="ba9bbd2d-f93e-3b6a-e55e-22dc493457da">
      <Execution id="27b0901f-8b72-4f5d-8b60-d93b61851758" />
      <TestMethod codeBase="D:\actions-runner\_work\XPCO\XPCO\Corporate\VideoOS.Server.UnitTests\bin\x64\Debug\net472\VideoOS.Server.UnitTests.dll" adapterTypeName="executor://mstestadapter/v2" className="VideoOS.Server.UnitTests.CommandHandler.DeleteConfigurationItemCommandHandlerUnitTests" name="DeleteConfigurationItemCommandHandler_Execute_DeleteRecorder_With_EvidenceLockedData_WithAccept_Success" />
    </UnitTest>
    <UnitTest name="CheckMsFailoverStatusCommandHandler_Execute_InvokeEventTrue_ValidResponseTwo_ShouldTrigger" storage="d:\actions-runner\_work\xpco\xpco\corporate\videoos.server.unittests\bin\x64\debug\net472\videoos.server.unittests.dll" id="417171e9-2711-c309-cb3b-4719bde221b9">
      <Execution id="bbab1737-04af-46ed-a908-df280d4860dd" />
      <TestMethod codeBase="D:\actions-runner\_work\XPCO\XPCO\Corporate\VideoOS.Server.UnitTests\bin\x64\Debug\net472\VideoOS.Server.UnitTests.dll" adapterTypeName="executor://mstestadapter/v2" className="VideoOS.Server.UnitTests.CommandHandler.CheckMsFailoverStatusCommandHandlerUnitTest" name="CheckMsFailoverStatusCommandHandler_Execute_InvokeEventTrue_ValidResponseTwo_ShouldTrigger" />
    </UnitTest>
    <UnitTest name="ConvertIdpLog_NullIdpLog" storage="d:\actions-runner\_work\xpco\xpco\corporate\videoos.server.unittests\bin\x64\debug\net472\videoos.server.unittests.dll" id="0da18c28-aaa0-210f-7a92-a77f7b0f5efa">
      <Execution id="2c56c635-0da4-43c2-8c36-06825fb2b437" />
      <TestMethod codeBase="D:\actions-runner\_work\XPCO\XPCO\Corporate\VideoOS.Server.UnitTests\bin\x64\Debug\net472\VideoOS.Server.UnitTests.dll" adapterTypeName="executor://mstestadapter/v2" className="VideoOS.Server.UnitTests.Log.IdpLogConverterTest" name="ConvertIdpLog_NullIdpLog" />
    </UnitTest>
    <UnitTest name="HardwareInCWANotOnWhiteList_ReplacedWithNoInheritance_HardwareNotOnWhiteList_NoMoreCWAAllowed_MoreChannelsOnReplacedHardware_NewDevicesInGrace" storage="d:\actions-runner\_work\xpco\xpco\corporate\videoos.server.unittests\bin\x64\debug\net472\videoos.server.unittests.dll" id="486ac0ee-b49e-25d1-6f5a-003a269c400a">
      <TestCategory>
        <TestCategoryItem TestCategory="Licensing Replace Hardware" />
        <TestCategoryItem TestCategory="Licensing" />
      </TestCategory>
      <Execution id="11158197-b62b-4b09-938b-513e377197cd" />
      <TestMethod codeBase="D:\actions-runner\_work\XPCO\XPCO\Corporate\VideoOS.Server.UnitTests\bin\x64\Debug\net472\VideoOS.Server.UnitTests.dll" adapterTypeName="executor://mstestadapter/v2" className="VideoOS.Server.UnitTests.Licensing.LicenseAllocatorChannelTests" name="HardwareInCWANotOnWhiteList_ReplacedWithNoInheritance_HardwareNotOnWhiteList_NoMoreCWAAllowed_MoreChannelsOnReplacedHardware_NewDevicesInGrace" />
    </UnitTest>
    <UnitTest name="LicenseCountManager_IsHardwareWithoutEnabledCamerasLicensed_ReturnsFalse_WhenAddLicensedHardwareNotCalledFirst" storage="d:\actions-runner\_work\xpco\xpco\corporate\videoos.server.unittests\bin\x64\debug\net472\videoos.server.unittests.dll" id="3e28fa62-1907-2d83-45a9-ed0d624cb343">
      <TestCategory>
        <TestCategoryItem TestCategory="Licensing" />
      </TestCategory>
      <Execution id="53497b1b-ffa5-4185-a32a-326c2f3e36e3" />
      <TestMethod codeBase="D:\actions-runner\_work\XPCO\XPCO\Corporate\VideoOS.Server.UnitTests\bin\x64\Debug\net472\VideoOS.Server.UnitTests.dll" adapterTypeName="executor://mstestadapter/v2" className="VideoOS.Server.UnitTests.Licensing.LicenseCountManagerUnitTests" name="LicenseCountManager_IsHardwareWithoutEnabledCamerasLicensed_ReturnsFalse_WhenAddLicensedHardwareNotCalledFirst" />
    </UnitTest>
    <UnitTest name="Ctor_IdpServerNameNull_ThrowsArgumentNullException" storage="d:\actions-runner\_work\xpco\xpco\corporate\videoos.server.unittests\bin\x64\debug\net472\videoos.server.unittests.dll" id="9a2ae23d-13da-c24d-5e36-de3d633eaea3">
      <Execution id="4db942ed-b98c-4b5a-a5db-7d479976dd91" />
      <TestMethod codeBase="D:\actions-runner\_work\XPCO\XPCO\Corporate\VideoOS.Server.UnitTests\bin\x64\Debug\net472\VideoOS.Server.UnitTests.dll" adapterTypeName="executor://mstestadapter/v2" className="VideoOS.Server.UnitTests.Log.IdpLogRetrieverTests" name="Ctor_IdpServerNameNull_ThrowsArgumentNullException" />
    </UnitTest>
    <UnitTest name="Validate_ChannelBasedLicense_DevicesInGraceExpire_AfterTimerCalled" storage="d:\actions-runner\_work\xpco\xpco\corporate\videoos.server.unittests\bin\x64\debug\net472\videoos.server.unittests.dll" id="7a89ef6d-3cdb-f757-2f3b-3898c608af6b">
      <TestCategory>
        <TestCategoryItem TestCategory="Licensing" />
      </TestCategory>
      <Execution id="110bb4c9-020c-4d47-a77c-a5b0932b6e49" />
      <TestMethod codeBase="D:\actions-runner\_work\XPCO\XPCO\Corporate\VideoOS.Server.UnitTests\bin\x64\Debug\net472\VideoOS.Server.UnitTests.dll" adapterTypeName="executor://mstestadapter/v2" className="VideoOS.Server.UnitTests.Licensing.LicenseManagerUnitTests" name="Validate_ChannelBasedLicense_DevicesInGraceExpire_AfterTimerCalled" />
    </UnitTest>
    <UnitTest name="HardwareScanExpressTaskCommandHandler_Execute_RegisterSession_FailResponse" storage="d:\actions-runner\_work\xpco\xpco\corporate\videoos.server.unittests\bin\x64\debug\net472\videoos.server.unittests.dll" id="5f45f17d-a145-db08-0bf7-7fe0763a6e6a">
      <Execution id="9191b8fa-4142-459f-80da-496b70575a30" />
      <TestMethod codeBase="D:\actions-runner\_work\XPCO\XPCO\Corporate\VideoOS.Server.UnitTests\bin\x64\Debug\net472\VideoOS.Server.UnitTests.dll" adapterTypeName="executor://mstestadapter/v2" className="VideoOS.Server.UnitTests.CommandHandler.HardwareScanExpressTaskCommandHandlerTest" name="HardwareScanExpressTaskCommandHandler_Execute_RegisterSession_FailResponse" />
    </UnitTest>
    <UnitTest name="HardwareInGraceNotOnWhiteList_ReplacedWithNoInheritance_HardwareNotOnWhiteList_MoreDevicesOnNewHardware_ShouldGiveDevicesNewGracePeriod" storage="d:\actions-runner\_work\xpco\xpco\corporate\videoos.server.unittests\bin\x64\debug\net472\videoos.server.unittests.dll" id="00b7e535-c328-df0b-5946-95df074f4df6">
      <TestCategory>
        <TestCategoryItem TestCategory="Licensing Replace Hardware" />
        <TestCategoryItem TestCategory="Licensing" />
      </TestCategory>
      <Execution id="7ae67838-d072-4635-ba82-6ea8015a7217" />
      <TestMethod codeBase="D:\actions-runner\_work\XPCO\XPCO\Corporate\VideoOS.Server.UnitTests\bin\x64\Debug\net472\VideoOS.Server.UnitTests.dll" adapterTypeName="executor://mstestadapter/v2" className="VideoOS.Server.UnitTests.Licensing.LicenseAllocatorChannelTests" name="HardwareInGraceNotOnWhiteList_ReplacedWithNoInheritance_HardwareNotOnWhiteList_MoreDevicesOnNewHardware_ShouldGiveDevicesNewGracePeriod" />
    </UnitTest>
    <UnitTest name="ChangeHardwarePasswordRuleAction_Execute_SunnyDay_DisposeIsCalled" storage="d:\actions-runner\_work\xpco\xpco\corporate\videoos.server.unittests\bin\x64\debug\net472\videoos.server.unittests.dll" id="669eb9d8-e093-cf6e-6fa3-2bfc9b5957f4">
      <Execution id="ac84a1d9-87cf-4b06-b67b-ab716c510505" />
      <TestMethod codeBase="D:\actions-runner\_work\XPCO\XPCO\Corporate\VideoOS.Server.UnitTests\bin\x64\Debug\net472\VideoOS.Server.UnitTests.dll" adapterTypeName="executor://mstestadapter/v2" className="VideoOS.Server.UnitTests.RuleActions.ChangeHardwarePasswordRuleActionUnitTests" name="ChangeHardwarePasswordRuleAction_Execute_SunnyDay_DisposeIsCalled" />
    </UnitTest>
    <UnitTest name="DeleteConfigurationItemCommandHandler_Execute_DeleteRecorder_With_EvidenceLockedData_NoAccept_Fails" storage="d:\actions-runner\_work\xpco\xpco\corporate\videoos.server.unittests\bin\x64\debug\net472\videoos.server.unittests.dll" id="a1d0e34d-1af7-9065-c4d5-10e996a20ed2">
      <Execution id="3eaa3468-79c3-4e77-8f52-6580e42e670d" />
      <TestMethod codeBase="D:\actions-runner\_work\XPCO\XPCO\Corporate\VideoOS.Server.UnitTests\bin\x64\Debug\net472\VideoOS.Server.UnitTests.dll" adapterTypeName="executor://mstestadapter/v2" className="VideoOS.Server.UnitTests.CommandHandler.DeleteConfigurationItemCommandHandlerUnitTests" name="DeleteConfigurationItemCommandHandler_Execute_DeleteRecorder_With_EvidenceLockedData_NoAccept_Fails" />
    </UnitTest>
    <UnitTest name="UpdateHardwareTaskCommandHandler_Apply_Exception_Tests" storage="d:\actions-runner\_work\xpco\xpco\corporate\videoos.server.unittests\bin\x64\debug\net472\videoos.server.unittests.dll" id="12c1febd-365e-e38e-337b-29b6941fe508">
      <Execution id="458ea333-cb5b-4b7c-ad6b-c0148eb4062c" />
      <TestMethod codeBase="D:\actions-runner\_work\XPCO\XPCO\Corporate\VideoOS.Server.UnitTests\bin\x64\Debug\net472\VideoOS.Server.UnitTests.dll" adapterTypeName="executor://mstestadapter/v2" className="VideoOS.Server.UnitTests.CommandHandler.UpdateHardwareTaskHandlerTests" name="UpdateHardwareTaskCommandHandler_Apply_Exception_Tests" />
    </UnitTest>
    <UnitTest name="ChangeHardwarePasswordTaskCommandHandler_Execute_Failed_FailedUserAccessDenied_Response" storage="d:\actions-runner\_work\xpco\xpco\corporate\videoos.server.unittests\bin\x64\debug\net472\videoos.server.unittests.dll" id="82f4fe24-8b32-b63f-4cc0-6c9b60c68c5a">
      <Execution id="76f21c89-5ca3-4fe8-ac7e-e33c10405b0f" />
      <TestMethod codeBase="D:\actions-runner\_work\XPCO\XPCO\Corporate\VideoOS.Server.UnitTests\bin\x64\Debug\net472\VideoOS.Server.UnitTests.dll" adapterTypeName="executor://mstestadapter/v2" className="VideoOS.Server.UnitTests.CommandHandler.ChangeHardwarePasswordTaskCommandHandlerTests" name="ChangeHardwarePasswordTaskCommandHandler_Execute_Failed_FailedUserAccessDenied_Response" />
    </UnitTest>
    <UnitTest name="ActivateArchivingCommand_ModelIsNull_BadRequestResult" storage="d:\actions-runner\_work\xpco\xpco\corporate\videoos.server.unittests\bin\x64\debug\net472\videoos.server.unittests.dll" id="9597e03f-fc9f-2f7d-d32b-34373140ac59">
      <Execution id="067fb0d5-8e36-40fc-8356-12da2feaea53" />
      <TestMethod codeBase="D:\actions-runner\_work\XPCO\XPCO\Corporate\VideoOS.Server.UnitTests\bin\x64\Debug\net472\VideoOS.Server.UnitTests.dll" adapterTypeName="executor://mstestadapter/v2" className="VideoOS.Server.UnitTests.DatabaseCommandsControllerTests" name="ActivateArchivingCommand_ModelIsNull_BadRequestResult" />
    </UnitTest>
    <UnitTest name="HardwareScanTaskCommandHandler_Execute_NoResponseFromRecordingServer_FailResponse" storage="d:\actions-runner\_work\xpco\xpco\corporate\videoos.server.unittests\bin\x64\debug\net472\videoos.server.unittests.dll" id="e04390f1-66a3-87f3-cb01-0eaa5bc9db71">
      <Execution id="5ede1809-894d-4bb9-b617-683faf693a62" />
      <TestMethod codeBase="D:\actions-runner\_work\XPCO\XPCO\Corporate\VideoOS.Server.UnitTests\bin\x64\Debug\net472\VideoOS.Server.UnitTests.dll" adapterTypeName="executor://mstestadapter/v2" className="VideoOS.Server.UnitTests.CommandHandler.HardwareScanTaskCommandHandlerTest" name="HardwareScanTaskCommandHandler_Execute_NoResponseFromRecordingServer_FailResponse" />
    </UnitTest>
    <UnitTest name="LicenseCountManager_ReplacementHardware_ClearByRecorder_DoesNotChangeReplacementLimit_OnMultipleRecorders" storage="d:\actions-runner\_work\xpco\xpco\corporate\videoos.server.unittests\bin\x64\debug\net472\videoos.server.unittests.dll" id="a2a89d92-b10c-ab05-ed49-b2582095664e">
      <TestCategory>
        <TestCategoryItem TestCategory="Licensing" />
      </TestCategory>
      <Execution id="283ee05c-e5ef-46e4-b945-c485e2fc06cd" />
      <TestMethod codeBase="D:\actions-runner\_work\XPCO\XPCO\Corporate\VideoOS.Server.UnitTests\bin\x64\Debug\net472\VideoOS.Server.UnitTests.dll" adapterTypeName="executor://mstestadapter/v2" className="VideoOS.Server.UnitTests.Licensing.LicenseCountManagerUnitTests" name="LicenseCountManager_ReplacementHardware_ClearByRecorder_DoesNotChangeReplacementLimit_OnMultipleRecorders" />
    </UnitTest>
    <UnitTest name="Activation_ChangesIsActivationQueued_ToFalse" storage="d:\actions-runner\_work\xpco\xpco\corporate\videoos.server.unittests\bin\x64\debug\net472\videoos.server.unittests.dll" id="7bb5987c-b561-d879-6bfa-fddf21ff03a7">
      <TestCategory>
        <TestCategoryItem TestCategory="Licensing" />
      </TestCategory>
      <Execution id="81ab7a2a-cb18-4cfe-b0af-af8797c9d63f" />
      <TestMethod codeBase="D:\actions-runner\_work\XPCO\XPCO\Corporate\VideoOS.Server.UnitTests\bin\x64\Debug\net472\VideoOS.Server.UnitTests.dll" adapterTypeName="executor://mstestadapter/v2" className="VideoOS.Server.UnitTests.Licensing.ActivationManagerTests" name="Activation_ChangesIsActivationQueued_ToFalse" />
    </UnitTest>
    <UnitTest name="ExecuteMipActionCommand_ModelIsValid_CommandExecuted" storage="d:\actions-runner\_work\xpco\xpco\corporate\videoos.server.unittests\bin\x64\debug\net472\videoos.server.unittests.dll" id="217b1fa7-008a-fc4f-9a69-14892f8feed9">
      <Execution id="6e8444d5-959f-4fed-886b-3d4610927225" />
      <TestMethod codeBase="D:\actions-runner\_work\XPCO\XPCO\Corporate\VideoOS.Server.UnitTests\bin\x64\Debug\net472\VideoOS.Server.UnitTests.dll" adapterTypeName="executor://mstestadapter/v2" className="VideoOS.Server.UnitTests.RuleCommandsControllerTests" name="ExecuteMipActionCommand_ModelIsValid_CommandExecuted" />
    </UnitTest>
    <UnitTest name="DatabaseResponseTrackIdsWithoutMediaOnRecorder_ModelIsValid_CommandExecuted" storage="d:\actions-runner\_work\xpco\xpco\corporate\videoos.server.unittests\bin\x64\debug\net472\videoos.server.unittests.dll" id="0d80d064-ff69-d296-eb8e-f7eabb4fd864">
      <Execution id="aa13c027-0d40-454f-880a-9d515b2d6919" />
      <TestMethod codeBase="D:\actions-runner\_work\XPCO\XPCO\Corporate\VideoOS.Server.UnitTests\bin\x64\Debug\net472\VideoOS.Server.UnitTests.dll" adapterTypeName="executor://mstestadapter/v2" className="VideoOS.Server.UnitTests.WebApi.ResponseControllerTest" name="DatabaseResponseTrackIdsWithoutMediaOnRecorder_ModelIsValid_CommandExecuted" />
    </UnitTest>
    <UnitTest name="Constructor_Success_ValidObjectReturned" storage="d:\actions-runner\_work\xpco\xpco\corporate\videoos.server.unittests\bin\x64\debug\net472\videoos.server.unittests.dll" id="e6819f7e-688a-dd3a-7801-c815e8037398">
      <Execution id="3f566090-761a-4ddb-8035-c65cafc10ede" />
      <TestMethod codeBase="D:\actions-runner\_work\XPCO\XPCO\Corporate\VideoOS.Server.UnitTests\bin\x64\Debug\net472\VideoOS.Server.UnitTests.dll" adapterTypeName="executor://mstestadapter/v2" className="VideoOS.Server.UnitTests.ServerUnhandledExceptionLoggerTests" name="Constructor_Success_ValidObjectReturned" />
    </UnitTest>
    <UnitTest name="ServerFileSystemResponseQueryDirectories_ModelIsNull_BadRequestResult" storage="d:\actions-runner\_work\xpco\xpco\corporate\videoos.server.unittests\bin\x64\debug\net472\videoos.server.unittests.dll" id="45bb0d6d-499f-a93f-8a03-2a3c7204cd4f">
      <Execution id="8f4edfe1-2ae5-4532-8e07-4d6ae6a0a231" />
      <TestMethod codeBase="D:\actions-runner\_work\XPCO\XPCO\Corporate\VideoOS.Server.UnitTests\bin\x64\Debug\net472\VideoOS.Server.UnitTests.dll" adapterTypeName="executor://mstestadapter/v2" className="VideoOS.Server.UnitTests.WebApi.ResponseControllerTest" name="ServerFileSystemResponseQueryDirectories_ModelIsNull_BadRequestResult" />
    </UnitTest>
    <UnitTest name="AllocateLicenses_NotActivated_OneUnlicensed_HardwareInCWA_AddHWLicenseAndEnableCamera_HardwareRemovedFromCWA_CameraActivated" storage="d:\actions-runner\_work\xpco\xpco\corporate\videoos.server.unittests\bin\x64\debug\net472\videoos.server.unittests.dll" id="1af254ce-5d7e-e686-d6b9-65a4a61f2849">
      <TestCategory>
        <TestCategoryItem TestCategory="Licensing" />
      </TestCategory>
      <Execution id="e6feaa66-2e49-42b1-8b8b-251b997e3e30" />
      <TestMethod codeBase="D:\actions-runner\_work\XPCO\XPCO\Corporate\VideoOS.Server.UnitTests\bin\x64\Debug\net472\VideoOS.Server.UnitTests.dll" adapterTypeName="executor://mstestadapter/v2" className="VideoOS.Server.UnitTests.Licensing.LicenseAllocatorChannelTests" name="AllocateLicenses_NotActivated_OneUnlicensed_HardwareInCWA_AddHWLicenseAndEnableCamera_HardwareRemovedFromCWA_CameraActivated" />
    </UnitTest>
    <UnitTest name="HardwareScanExpressTaskCommandHandler_Execute_StartSession_FailResponse" storage="d:\actions-runner\_work\xpco\xpco\corporate\videoos.server.unittests\bin\x64\debug\net472\videoos.server.unittests.dll" id="615ee9ab-a96f-1e5f-b905-3b12dfe9f323">
      <Execution id="98b073d9-765b-43c1-8795-ebedbb129661" />
      <TestMethod codeBase="D:\actions-runner\_work\XPCO\XPCO\Corporate\VideoOS.Server.UnitTests\bin\x64\Debug\net472\VideoOS.Server.UnitTests.dll" adapterTypeName="executor://mstestadapter/v2" className="VideoOS.Server.UnitTests.CommandHandler.HardwareScanExpressTaskCommandHandlerTest" name="HardwareScanExpressTaskCommandHandler_Execute_StartSession_FailResponse" />
    </UnitTest>
    <UnitTest name="HardwareScanProgressResponse_ModelIsValid_CommandExecuted" storage="d:\actions-runner\_work\xpco\xpco\corporate\videoos.server.unittests\bin\x64\debug\net472\videoos.server.unittests.dll" id="c26036cb-f9a2-ec0b-8640-2471e542dc8b">
      <Execution id="1b505044-0eba-4180-a467-4740903a63f6" />
      <TestMethod codeBase="D:\actions-runner\_work\XPCO\XPCO\Corporate\VideoOS.Server.UnitTests\bin\x64\Debug\net472\VideoOS.Server.UnitTests.dll" adapterTypeName="executor://mstestadapter/v2" className="VideoOS.Server.UnitTests.WebApi.ResponseControllerTest" name="HardwareScanProgressResponse_ModelIsValid_CommandExecuted" />
    </UnitTest>
    <UnitTest name="AnalyzeAndCreateAuditLogs_DeletedSecurityPermissionsDeviceRowWithDEVICESPEAKPRIORITYAtrribute_ReturnsTwoAuditLog" storage="d:\actions-runner\_work\xpco\xpco\corporate\videoos.server.unittests\bin\x64\debug\net472\videoos.server.unittests.dll" id="a2dd638d-ac8f-1d49-b418-22de49227a51">
      <Execution id="d70f6c36-1a37-447f-b53c-adb2bac61f40" />
      <TestMethod codeBase="D:\actions-runner\_work\XPCO\XPCO\Corporate\VideoOS.Server.UnitTests\bin\x64\Debug\net472\VideoOS.Server.UnitTests.dll" adapterTypeName="executor://mstestadapter/v2" className="VideoOS.Server.UnitTests.CommandHandler.DataSetAuditLogAnalyzerTests" name="AnalyzeAndCreateAuditLogs_DeletedSecurityPermissionsDeviceRowWithDEVICESPEAKPRIORITYAtrribute_ReturnsTwoAuditLog" />
    </UnitTest>
    <UnitTest name="GetRecorderLicense_DoesNotTriggerEvent_OnUsedChangesHigherThanTotalAndNoActiveDevicesInChanges" storage="d:\actions-runner\_work\xpco\xpco\corporate\videoos.server.unittests\bin\x64\debug\net472\videoos.server.unittests.dll" id="28a59acb-a40d-e01f-1c2f-42f95eecb124">
      <TestCategory>
        <TestCategoryItem TestCategory="Licensing" />
      </TestCategory>
      <Execution id="0af68de5-6ad7-4aed-91c0-5a5d6f97e02f" />
      <TestMethod codeBase="D:\actions-runner\_work\XPCO\XPCO\Corporate\VideoOS.Server.UnitTests\bin\x64\Debug\net472\VideoOS.Server.UnitTests.dll" adapterTypeName="executor://mstestadapter/v2" className="VideoOS.Server.UnitTests.Licensing.LicenseManagerUnitTests" name="GetRecorderLicense_DoesNotTriggerEvent_OnUsedChangesHigherThanTotalAndNoActiveDevicesInChanges" />
    </UnitTest>
    <UnitTest name="RegisterRecorder_NotCompatible_ReturnsOKCompatible" storage="d:\actions-runner\_work\xpco\xpco\corporate\videoos.server.unittests\bin\x64\debug\net472\videoos.server.unittests.dll" id="b93ee5ca-fd7e-91c3-bf76-e44e5c17689d">
      <Execution id="a7f7a25d-b56c-4ff9-b8ae-4e2e2033d082" />
      <TestMethod codeBase="D:\actions-runner\_work\XPCO\XPCO\Corporate\VideoOS.Server.UnitTests\bin\x64\Debug\net472\VideoOS.Server.UnitTests.dll" adapterTypeName="executor://mstestadapter/v2" className="VideoOS.Server.UnitTests.WebApi.Controllers.RecorderRegistrationControllerTests" name="RegisterRecorder_NotCompatible_ReturnsOKCompatible" />
    </UnitTest>
    <UnitTest name="HardwareLicense_SetExpire_InvalidDate_MinDate_Throws_ArgumentOutOfRangeException" storage="d:\actions-runner\_work\xpco\xpco\corporate\videoos.server.unittests\bin\x64\debug\net472\videoos.server.unittests.dll" id="70f2deb9-f62f-0893-d2d1-536539fb9391">
      <Execution id="b6ea0305-5ac3-4fc0-9245-2106cb611695" />
      <TestMethod codeBase="D:\actions-runner\_work\XPCO\XPCO\Corporate\VideoOS.Server.UnitTests\bin\x64\Debug\net472\VideoOS.Server.UnitTests.dll" adapterTypeName="executor://mstestadapter/v2" className="VideoOS.Server.UnitTests.Licensing.LicenseSnapshotTests" name="HardwareLicense_SetExpire_InvalidDate_MinDate_Throws_ArgumentOutOfRangeException" />
    </UnitTest>
    <UnitTest name="HardwareInCWANotOnWhiteList_ReplacedWithNoInheritance_HardwareOnWhiteList_NoMoreCWAAllowed_FewerChannelsOnReplacedHardware_NewHardwareInGrace" storage="d:\actions-runner\_work\xpco\xpco\corporate\videoos.server.unittests\bin\x64\debug\net472\videoos.server.unittests.dll" id="02d535fa-c801-f739-3717-908b26ee8d04">
      <TestCategory>
        <TestCategoryItem TestCategory="Licensing Replace Hardware" />
        <TestCategoryItem TestCategory="Licensing" />
      </TestCategory>
      <Execution id="8094db39-f62b-4da8-bb64-e1fd33023499" />
      <TestMethod codeBase="D:\actions-runner\_work\XPCO\XPCO\Corporate\VideoOS.Server.UnitTests\bin\x64\Debug\net472\VideoOS.Server.UnitTests.dll" adapterTypeName="executor://mstestadapter/v2" className="VideoOS.Server.UnitTests.Licensing.LicenseAllocatorChannelTests" name="HardwareInCWANotOnWhiteList_ReplacedWithNoInheritance_HardwareOnWhiteList_NoMoreCWAAllowed_FewerChannelsOnReplacedHardware_NewHardwareInGrace" />
    </UnitTest>
    <UnitTest name="FirmwareUpgradeTaskCommandHandler_Execute_EmptyFileName" storage="d:\actions-runner\_work\xpco\xpco\corporate\videoos.server.unittests\bin\x64\debug\net472\videoos.server.unittests.dll" id="9b8b1420-42ae-9021-a8f7-f452b3b17b9a">
      <Execution id="32d3ff5d-ac4b-4171-941f-2db06a1a3410" />
      <TestMethod codeBase="D:\actions-runner\_work\XPCO\XPCO\Corporate\VideoOS.Server.UnitTests\bin\x64\Debug\net472\VideoOS.Server.UnitTests.dll" adapterTypeName="executor://mstestadapter/v2" className="VideoOS.Server.UnitTests.CommandHandler.FirmwareUpgradeTaskCommandHandlerTests" name="FirmwareUpgradeTaskCommandHandler_Execute_EmptyFileName" />
    </UnitTest>
    <UnitTest name="TemporaryLicense_ClearChangesWithoutActivationToken_ChangesTokenToStringEmpty" storage="d:\actions-runner\_work\xpco\xpco\corporate\videoos.server.unittests\bin\x64\debug\net472\videoos.server.unittests.dll" id="5fd43d2e-13ec-8138-2d62-a11e5561f83e">
      <TestCategory>
        <TestCategoryItem TestCategory="Licensing" />
      </TestCategory>
      <Execution id="24a55f0a-65e3-42ab-8bb5-21e70fb881b1" />
      <TestMethod codeBase="D:\actions-runner\_work\XPCO\XPCO\Corporate\VideoOS.Server.UnitTests\bin\x64\Debug\net472\VideoOS.Server.UnitTests.dll" adapterTypeName="executor://mstestadapter/v2" className="VideoOS.Server.UnitTests.Licensing.HardwareLicensesUnitTests" name="TemporaryLicense_ClearChangesWithoutActivationToken_ChangesTokenToStringEmpty" />
    </UnitTest>
    <UnitTest name="TemporaryLicenseStorage_RoundTrip_Licenses_Success" storage="d:\actions-runner\_work\xpco\xpco\corporate\videoos.server.unittests\bin\x64\debug\net472\videoos.server.unittests.dll" id="094d33c7-f572-769c-7f62-073e28ba3516">
      <Execution id="0e55ca5c-1f75-4893-96fc-779979a92243" />
      <TestMethod codeBase="D:\actions-runner\_work\XPCO\XPCO\Corporate\VideoOS.Server.UnitTests\bin\x64\Debug\net472\VideoOS.Server.UnitTests.dll" adapterTypeName="executor://mstestadapter/v2" className="VideoOS.Server.UnitTests.Licensing.TemporaryLicenseStorageUnitTests" name="TemporaryLicenseStorage_RoundTrip_Licenses_Success" />
    </UnitTest>
    <UnitTest name="CheckMsFailoverStatusCommandHandler_Execute_InvokeEventTrue_EmptyResponse_ShouldNotTrigger" storage="d:\actions-runner\_work\xpco\xpco\corporate\videoos.server.unittests\bin\x64\debug\net472\videoos.server.unittests.dll" id="62ba3a2c-2fe4-e764-147b-6b26914cb920">
      <Execution id="9219fe56-bb3a-40a3-ac32-4c66d5162d9f" />
      <TestMethod codeBase="D:\actions-runner\_work\XPCO\XPCO\Corporate\VideoOS.Server.UnitTests\bin\x64\Debug\net472\VideoOS.Server.UnitTests.dll" adapterTypeName="executor://mstestadapter/v2" className="VideoOS.Server.UnitTests.CommandHandler.CheckMsFailoverStatusCommandHandlerUnitTest" name="CheckMsFailoverStatusCommandHandler_Execute_InvokeEventTrue_EmptyResponse_ShouldNotTrigger" />
    </UnitTest>
    <UnitTest name="SessionData_ConstructAndQuery_Success" storage="d:\actions-runner\_work\xpco\xpco\corporate\videoos.server.unittests\bin\x64\debug\net472\videoos.server.unittests.dll" id="e84cc3a7-ac93-d355-2915-e2198089769f">
      <Execution id="b42a0ce2-cb84-46d0-9a4c-0c7bc64a646b" />
      <TestMethod codeBase="D:\actions-runner\_work\XPCO\XPCO\Corporate\VideoOS.Server.UnitTests\bin\x64\Debug\net472\VideoOS.Server.UnitTests.dll" adapterTypeName="executor://mstestadapter/v2" className="VideoOS.Server.UnitTests.Tasks.SessionDataManagerTests" name="SessionData_ConstructAndQuery_Success" />
    </UnitTest>
    <UnitTest name="ExecuteMipAction2Command_ModelIsValid_CommandExecuted" storage="d:\actions-runner\_work\xpco\xpco\corporate\videoos.server.unittests\bin\x64\debug\net472\videoos.server.unittests.dll" id="13d6c6ea-6f28-258a-8efb-eced0787e5fb">
      <Execution id="f7dd664e-661c-464b-b12c-47e340e716b9" />
      <TestMethod codeBase="D:\actions-runner\_work\XPCO\XPCO\Corporate\VideoOS.Server.UnitTests\bin\x64\Debug\net472\VideoOS.Server.UnitTests.dll" adapterTypeName="executor://mstestadapter/v2" className="VideoOS.Server.UnitTests.RuleCommandsControllerTests" name="ExecuteMipAction2Command_ModelIsValid_CommandExecuted" />
    </UnitTest>
    <UnitTest name="GetConnectedClient_FreeClientHasNotBeenDisconnected_ConnectNotCalled" storage="d:\actions-runner\_work\xpco\xpco\corporate\videoos.server.unittests\bin\x64\debug\net472\videoos.server.unittests.dll" id="2761c5e2-07fb-530a-a35b-12571a853d1a">
      <Execution id="891b0518-b3f2-4947-aeba-41b2912ff120" />
      <TestMethod codeBase="D:\actions-runner\_work\XPCO\XPCO\Corporate\VideoOS.Server.UnitTests\bin\x64\Debug\net472\VideoOS.Server.UnitTests.dll" adapterTypeName="executor://mstestadapter/v2" className="VideoOS.Server.UnitTests.CommandHandler.VmoClientsPoolTests" name="GetConnectedClient_FreeClientHasNotBeenDisconnected_ConnectNotCalled" />
    </UnitTest>
    <UnitTest name="UpdateRecorderStatusData_ModelIsNull_BadRequestResult" storage="d:\actions-runner\_work\xpco\xpco\corporate\videoos.server.unittests\bin\x64\debug\net472\videoos.server.unittests.dll" id="48bc2a39-14e4-f040-7b07-52ed2d46c7ad">
      <Execution id="76e00447-7f81-4778-805f-225894ecec95" />
      <TestMethod codeBase="D:\actions-runner\_work\XPCO\XPCO\Corporate\VideoOS.Server.UnitTests\bin\x64\Debug\net472\VideoOS.Server.UnitTests.dll" adapterTypeName="executor://mstestadapter/v2" className="VideoOS.Server.UnitTests.RecorderControllerTest" name="UpdateRecorderStatusData_ModelIsNull_BadRequestResult" />
    </UnitTest>
    <UnitTest name="AllocateLicenses_Activated_OneLicensed_Hardware_WithEnableCamera_CameraDisabled_HardwareBecomesLicensed" storage="d:\actions-runner\_work\xpco\xpco\corporate\videoos.server.unittests\bin\x64\debug\net472\videoos.server.unittests.dll" id="50cf72d1-0ec6-a518-7cbd-a42b970da334">
      <TestCategory>
        <TestCategoryItem TestCategory="Licensing" />
      </TestCategory>
      <Execution id="88d7d96a-3706-4e0d-8912-4e430da27af0" />
      <TestMethod codeBase="D:\actions-runner\_work\XPCO\XPCO\Corporate\VideoOS.Server.UnitTests\bin\x64\Debug\net472\VideoOS.Server.UnitTests.dll" adapterTypeName="executor://mstestadapter/v2" className="VideoOS.Server.UnitTests.Licensing.LicenseAllocatorChannelTests" name="AllocateLicenses_Activated_OneLicensed_Hardware_WithEnableCamera_CameraDisabled_HardwareBecomesLicensed" />
    </UnitTest>
    <UnitTest name="AddHardwareToRequest_AddsInterconnectedHardwareToList" storage="d:\actions-runner\_work\xpco\xpco\corporate\videoos.server.unittests\bin\x64\debug\net472\videoos.server.unittests.dll" id="df5c3845-a233-27f8-e47f-7255071d02b8">
      <TestCategory>
        <TestCategoryItem TestCategory="Licensing" />
      </TestCategory>
      <Execution id="5530aa2a-4208-452b-946f-bb2667364a85" />
      <TestMethod codeBase="D:\actions-runner\_work\XPCO\XPCO\Corporate\VideoOS.Server.UnitTests\bin\x64\Debug\net472\VideoOS.Server.UnitTests.dll" adapterTypeName="executor://mstestadapter/v2" className="VideoOS.Server.UnitTests.Licensing.LicenseRequestChannelTests" name="AddHardwareToRequest_AddsInterconnectedHardwareToList" />
    </UnitTest>
    <UnitTest name="LastAutomaticActivationErrorMessage_Null_OnSuccessfulActivation" storage="d:\actions-runner\_work\xpco\xpco\corporate\videoos.server.unittests\bin\x64\debug\net472\videoos.server.unittests.dll" id="43ecbd95-9eb9-368b-396d-9191fd04475f">
      <TestCategory>
        <TestCategoryItem TestCategory="Licensing" />
      </TestCategory>
      <Execution id="b771e18e-0f2b-4731-8235-526d054de409" />
      <TestMethod codeBase="D:\actions-runner\_work\XPCO\XPCO\Corporate\VideoOS.Server.UnitTests\bin\x64\Debug\net472\VideoOS.Server.UnitTests.dll" adapterTypeName="executor://mstestadapter/v2" className="VideoOS.Server.UnitTests.Licensing.ActivationManagerTests" name="LastAutomaticActivationErrorMessage_Null_OnSuccessfulActivation" />
    </UnitTest>
    <UnitTest name="ConvertIdpLog_UserLoginSuccess" storage="d:\actions-runner\_work\xpco\xpco\corporate\videoos.server.unittests\bin\x64\debug\net472\videoos.server.unittests.dll" id="554a0891-381d-7938-ff7a-6be0e7d52934">
      <Execution id="8aebca41-7fb0-4d69-ba00-29e33ced88f6" />
      <TestMethod codeBase="D:\actions-runner\_work\XPCO\XPCO\Corporate\VideoOS.Server.UnitTests\bin\x64\Debug\net472\VideoOS.Server.UnitTests.dll" adapterTypeName="executor://mstestadapter/v2" className="VideoOS.Server.UnitTests.Log.IdpLogConverterTest" name="ConvertIdpLog_UserLoginSuccess" />
    </UnitTest>
    <UnitTest name="HardwareInCWANotOnWhiteList_ReplacedWithNoInheritance_HardwareNotOnWhiteList_CWAAllowed_MoreChannelsOnReplacedHardware_AllDevicesInCWA" storage="d:\actions-runner\_work\xpco\xpco\corporate\videoos.server.unittests\bin\x64\debug\net472\videoos.server.unittests.dll" id="881423ae-c0a0-be52-9b9c-f112789c6fd1">
      <TestCategory>
        <TestCategoryItem TestCategory="Licensing Replace Hardware" />
        <TestCategoryItem TestCategory="Licensing" />
      </TestCategory>
      <Execution id="951c9c76-f6a1-4350-8d1e-dc25c9fae35a" />
      <TestMethod codeBase="D:\actions-runner\_work\XPCO\XPCO\Corporate\VideoOS.Server.UnitTests\bin\x64\Debug\net472\VideoOS.Server.UnitTests.dll" adapterTypeName="executor://mstestadapter/v2" className="VideoOS.Server.UnitTests.Licensing.LicenseAllocatorChannelTests" name="HardwareInCWANotOnWhiteList_ReplacedWithNoInheritance_HardwareNotOnWhiteList_CWAAllowed_MoreChannelsOnReplacedHardware_AllDevicesInCWA" />
    </UnitTest>
    <UnitTest name="Validate_ClearChangesWithoutActivation_RemovesAllHardwareAndDevices" storage="d:\actions-runner\_work\xpco\xpco\corporate\videoos.server.unittests\bin\x64\debug\net472\videoos.server.unittests.dll" id="530f69b5-a447-ca60-be02-7dd53dd950cc">
      <TestCategory>
        <TestCategoryItem TestCategory="Licensing" />
      </TestCategory>
      <Execution id="ed58a2ff-59ec-4d52-bfeb-b341b08fa5b7" />
      <TestMethod codeBase="D:\actions-runner\_work\XPCO\XPCO\Corporate\VideoOS.Server.UnitTests\bin\x64\Debug\net472\VideoOS.Server.UnitTests.dll" adapterTypeName="executor://mstestadapter/v2" className="VideoOS.Server.UnitTests.Licensing.LicenseCountManagerUnitTests" name="Validate_ClearChangesWithoutActivation_RemovesAllHardwareAndDevices" />
    </UnitTest>
    <UnitTest name="IsHardwareInCurrentYearChangesWithoutActivation_ReturnsFalse_OnHardwareWithoutChangesToken" storage="d:\actions-runner\_work\xpco\xpco\corporate\videoos.server.unittests\bin\x64\debug\net472\videoos.server.unittests.dll" id="ab5f95ca-376c-29c8-043b-8977d381b570">
      <TestCategory>
        <TestCategoryItem TestCategory="Licensing" />
      </TestCategory>
      <Execution id="a94fc32f-a408-4e05-8291-8d2a85477f71" />
      <TestMethod codeBase="D:\actions-runner\_work\XPCO\XPCO\Corporate\VideoOS.Server.UnitTests\bin\x64\Debug\net472\VideoOS.Server.UnitTests.dll" adapterTypeName="executor://mstestadapter/v2" className="VideoOS.Server.UnitTests.Licensing.LicenseManagerUnitTests" name="IsHardwareInCurrentYearChangesWithoutActivation_ReturnsFalse_OnHardwareWithoutChangesToken" />
    </UnitTest>
    <UnitTest name="ReplaceHardwareTaskCommandHandler_Construction_Null_Tests" storage="d:\actions-runner\_work\xpco\xpco\corporate\videoos.server.unittests\bin\x64\debug\net472\videoos.server.unittests.dll" id="598d5d0f-e711-eeeb-ae86-9f1a3129bef6">
      <Execution id="06cae203-7a4c-478f-8835-f91f7b1ea9e2" />
      <TestMethod codeBase="D:\actions-runner\_work\XPCO\XPCO\Corporate\VideoOS.Server.UnitTests\bin\x64\Debug\net472\VideoOS.Server.UnitTests.dll" adapterTypeName="executor://mstestadapter/v2" className="VideoOS.Server.UnitTests.CommandHandler.ReplaceHardwareTaskCommandHandlerUnitTests" name="ReplaceHardwareTaskCommandHandler_Construction_Null_Tests" />
    </UnitTest>
    <UnitTest name="LicenseInfoXmlWriter_CreateLicenseInformationXml_HasStateMissing_OnHasLicenseFalse" storage="d:\actions-runner\_work\xpco\xpco\corporate\videoos.server.unittests\bin\x64\debug\net472\videoos.server.unittests.dll" id="ce3c136b-6594-eb63-9e80-abbbccea4d6e">
      <TestCategory>
        <TestCategoryItem TestCategory="Licensing" />
      </TestCategory>
      <Execution id="7326c86d-0e0d-47b6-9007-1948db4b859a" />
      <TestMethod codeBase="D:\actions-runner\_work\XPCO\XPCO\Corporate\VideoOS.Server.UnitTests\bin\x64\Debug\net472\VideoOS.Server.UnitTests.dll" adapterTypeName="executor://mstestadapter/v2" className="VideoOS.Server.UnitTests.Licensing.LicenseInfoXmlWriterTests" name="LicenseInfoXmlWriter_CreateLicenseInformationXml_HasStateMissing_OnHasLicenseFalse" />
    </UnitTest>
    <UnitTest name="HardwareActivatedOnWhiteList_ReplacedWithNoInheritance_HardwareOnWhiteList_MixedCWAAllowed_NewHardwareInCWA" storage="d:\actions-runner\_work\xpco\xpco\corporate\videoos.server.unittests\bin\x64\debug\net472\videoos.server.unittests.dll" id="d40c2ded-95ac-6860-f5b0-8e549fe1d8ae">
      <TestCategory>
        <TestCategoryItem TestCategory="Licensing Replace Hardware" />
        <TestCategoryItem TestCategory="Licensing" />
      </TestCategory>
      <Execution id="f3f861dc-8e6b-4ce9-9aa8-35cb25af0563" />
      <TestMethod codeBase="D:\actions-runner\_work\XPCO\XPCO\Corporate\VideoOS.Server.UnitTests\bin\x64\Debug\net472\VideoOS.Server.UnitTests.dll" adapterTypeName="executor://mstestadapter/v2" className="VideoOS.Server.UnitTests.Licensing.LicenseAllocatorChannelTests" name="HardwareActivatedOnWhiteList_ReplacedWithNoInheritance_HardwareOnWhiteList_MixedCWAAllowed_NewHardwareInCWA" />
    </UnitTest>
    <UnitTest name="AllocateLicenses_NotActivated_ThreeInGrace_OnThreeHardwaresZeroCameraChannelsAndThreeAvailableLicenses" storage="d:\actions-runner\_work\xpco\xpco\corporate\videoos.server.unittests\bin\x64\debug\net472\videoos.server.unittests.dll" id="c93b3e42-de25-38a6-5d2b-084c952be414">
      <TestCategory>
        <TestCategoryItem TestCategory="Licensing" />
      </TestCategory>
      <Execution id="307d14d1-7fbd-43dd-b43c-0940b992b32e" />
      <TestMethod codeBase="D:\actions-runner\_work\XPCO\XPCO\Corporate\VideoOS.Server.UnitTests\bin\x64\Debug\net472\VideoOS.Server.UnitTests.dll" adapterTypeName="executor://mstestadapter/v2" className="VideoOS.Server.UnitTests.Licensing.LicenseAllocatorChannelTests" name="AllocateLicenses_NotActivated_ThreeInGrace_OnThreeHardwaresZeroCameraChannelsAndThreeAvailableLicenses" />
    </UnitTest>
    <UnitTest name="HasLicense_Pass_EmptyWhiteList" storage="d:\actions-runner\_work\xpco\xpco\corporate\videoos.server.unittests\bin\x64\debug\net472\videoos.server.unittests.dll" id="2ae6dd25-fc9a-7ad5-e225-557cf3c9e780">
      <TestCategory>
        <TestCategoryItem TestCategory="Licensing" />
      </TestCategory>
      <Execution id="a13a0d5e-5ec4-48ee-b0ae-49400c0fadcb" />
      <TestMethod codeBase="D:\actions-runner\_work\XPCO\XPCO\Corporate\VideoOS.Server.UnitTests\bin\x64\Debug\net472\VideoOS.Server.UnitTests.dll" adapterTypeName="executor://mstestadapter/v2" className="VideoOS.Server.UnitTests.Licensing.LicenseRequestChannelTests" name="HasLicense_Pass_EmptyWhiteList" />
    </UnitTest>
    <UnitTest name="EventCollector_ReceiveEvent_Success" storage="d:\actions-runner\_work\xpco\xpco\corporate\videoos.server.unittests\bin\x64\debug\net472\videoos.server.unittests.dll" id="4477da8e-cf72-81c8-9a47-12c695107382">
      <Execution id="02d6a75d-ef8e-4978-971c-b6a4673d6036" />
      <TestMethod codeBase="D:\actions-runner\_work\XPCO\XPCO\Corporate\VideoOS.Server.UnitTests\bin\x64\Debug\net472\VideoOS.Server.UnitTests.dll" adapterTypeName="executor://mstestadapter/v2" className="VideoOS.Server.UnitTests.UpdateConfigurationManagerCommandHandlerTests" name="EventCollector_ReceiveEvent_Success" />
    </UnitTest>
    <UnitTest name="TaskHandling_ProcessUpdateDiffgram_HostingServer" storage="d:\actions-runner\_work\xpco\xpco\corporate\videoos.server.unittests\bin\x64\debug\net472\videoos.server.unittests.dll" id="b25228d8-5583-8b5c-5dfc-4e2f438ced94">
      <Execution id="c6c3ffbf-c672-47e0-b479-ec7d9d860073" />
      <TestMethod codeBase="D:\actions-runner\_work\XPCO\XPCO\Corporate\VideoOS.Server.UnitTests\bin\x64\Debug\net472\VideoOS.Server.UnitTests.dll" adapterTypeName="executor://mstestadapter/v2" className="VideoOS.Server.UnitTests.Tasks.TaskHandlingUnitTests" name="TaskHandling_ProcessUpdateDiffgram_HostingServer" />
    </UnitTest>
    <UnitTest name="UploadFileChunkCommandHandler_Execute_Failed_InvalidChecksum" storage="d:\actions-runner\_work\xpco\xpco\corporate\videoos.server.unittests\bin\x64\debug\net472\videoos.server.unittests.dll" id="dc91f0fb-b6fd-71a4-1714-2638b5248a24">
      <Execution id="315ba879-5015-495d-b78f-dff8be94fa94" />
      <TestMethod codeBase="D:\actions-runner\_work\XPCO\XPCO\Corporate\VideoOS.Server.UnitTests\bin\x64\Debug\net472\VideoOS.Server.UnitTests.dll" adapterTypeName="executor://mstestadapter/v2" className="VideoOS.Server.UnitTests.CommandHandler.UploadFileChunkCommandHandlerUnitTests" name="UploadFileChunkCommandHandler_Execute_Failed_InvalidChecksum" />
    </UnitTest>
    <UnitTest name="LicenseCountManager_GetRelatedRecordingServers_InvalidMac_Null_Throws_ArgumentNullException" storage="d:\actions-runner\_work\xpco\xpco\corporate\videoos.server.unittests\bin\x64\debug\net472\videoos.server.unittests.dll" id="1b93defe-26ac-fe8a-6ccd-4d70d705374c">
      <TestCategory>
        <TestCategoryItem TestCategory="Licensing" />
      </TestCategory>
      <Execution id="8d44d402-d198-4a10-98f3-04f19826d159" />
      <TestMethod codeBase="D:\actions-runner\_work\XPCO\XPCO\Corporate\VideoOS.Server.UnitTests\bin\x64\Debug\net472\VideoOS.Server.UnitTests.dll" adapterTypeName="executor://mstestadapter/v2" className="VideoOS.Server.UnitTests.Licensing.LicenseCountManagerUnitTests" name="LicenseCountManager_GetRelatedRecordingServers_InvalidMac_Null_Throws_ArgumentNullException" />
    </UnitTest>
    <UnitTest name="PrepareMoveHardwareResponse_ModelIsNull_BadRequestResult" storage="d:\actions-runner\_work\xpco\xpco\corporate\videoos.server.unittests\bin\x64\debug\net472\videoos.server.unittests.dll" id="5396c2c8-6074-1211-7d0e-1298ff50c59b">
      <Execution id="e7c9b2be-5ae4-48ba-bc3a-cee276977c6a" />
      <TestMethod codeBase="D:\actions-runner\_work\XPCO\XPCO\Corporate\VideoOS.Server.UnitTests\bin\x64\Debug\net472\VideoOS.Server.UnitTests.dll" adapterTypeName="executor://mstestadapter/v2" className="VideoOS.Server.UnitTests.WebApi.ResponseControllerTest" name="PrepareMoveHardwareResponse_ModelIsNull_BadRequestResult" />
    </UnitTest>
    <UnitTest name="CheckConfigurationDataSetTest_FailoverNotLicensedSuccess" storage="d:\actions-runner\_work\xpco\xpco\corporate\videoos.server.unittests\bin\x64\debug\net472\videoos.server.unittests.dll" id="6b24da30-96ab-03d3-8fc1-4449fc2a544f">
      <Execution id="b03ce5eb-33a0-4628-966f-a467d257aed7" />
      <TestMethod codeBase="D:\actions-runner\_work\XPCO\XPCO\Corporate\VideoOS.Server.UnitTests\bin\x64\Debug\net472\VideoOS.Server.UnitTests.dll" adapterTypeName="executor://mstestadapter/v2" className="VideoOS.Server.UnitTests.Licensing.LicenseFeatureCheckerTest" name="CheckConfigurationDataSetTest_FailoverNotLicensedSuccess" />
    </UnitTest>
    <UnitTest name="FirmwareUpgradeTaskCommandHandler_Execute_Failed_NoResponse" storage="d:\actions-runner\_work\xpco\xpco\corporate\videoos.server.unittests\bin\x64\debug\net472\videoos.server.unittests.dll" id="9965772e-c48b-1cb5-0c7b-4b16bf997c70">
      <Execution id="0a4c4809-d71f-4b09-9fb0-42455f870e23" />
      <TestMethod codeBase="D:\actions-runner\_work\XPCO\XPCO\Corporate\VideoOS.Server.UnitTests\bin\x64\Debug\net472\VideoOS.Server.UnitTests.dll" adapterTypeName="executor://mstestadapter/v2" className="VideoOS.Server.UnitTests.CommandHandler.FirmwareUpgradeTaskCommandHandlerTests" name="FirmwareUpgradeTaskCommandHandler_Execute_Failed_NoResponse" />
    </UnitTest>
    <UnitTest name="Validate_ChannelBasedLicense_DevicesInGraceExpire_AfterTimerCalled_HardwareNotInWhiteList" storage="d:\actions-runner\_work\xpco\xpco\corporate\videoos.server.unittests\bin\x64\debug\net472\videoos.server.unittests.dll" id="0d6becca-218f-16e5-ffd9-bb1f5b0e54e6">
      <TestCategory>
        <TestCategoryItem TestCategory="Licensing" />
      </TestCategory>
      <Execution id="89238305-9d00-4fd9-9e92-a0e9eedbc8b3" />
      <TestMethod codeBase="D:\actions-runner\_work\XPCO\XPCO\Corporate\VideoOS.Server.UnitTests\bin\x64\Debug\net472\VideoOS.Server.UnitTests.dll" adapterTypeName="executor://mstestadapter/v2" className="VideoOS.Server.UnitTests.Licensing.LicenseManagerUnitTests" name="Validate_ChannelBasedLicense_DevicesInGraceExpire_AfterTimerCalled_HardwareNotInWhiteList" />
    </UnitTest>
    <UnitTest name="Ctor_LogConfigNull_ThrowsArgumentNullException" storage="d:\actions-runner\_work\xpco\xpco\corporate\videoos.server.unittests\bin\x64\debug\net472\videoos.server.unittests.dll" id="120423aa-ffa7-c6d1-0ff1-5c8f308a41d1">
      <Execution id="834044fe-59bc-4237-9ec3-835e69c9a4ad" />
      <TestMethod codeBase="D:\actions-runner\_work\XPCO\XPCO\Corporate\VideoOS.Server.UnitTests\bin\x64\Debug\net472\VideoOS.Server.UnitTests.dll" adapterTypeName="executor://mstestadapter/v2" className="VideoOS.Server.UnitTests.Log.IdpLogRetrieverTests" name="Ctor_LogConfigNull_ThrowsArgumentNullException" />
    </UnitTest>
    <UnitTest name="EvidenceLockOnOldRecorderCommandHandlerTests_OneOldREcorderToUse_NoStatus_ThenCompatible" storage="d:\actions-runner\_work\xpco\xpco\corporate\videoos.server.unittests\bin\x64\debug\net472\videoos.server.unittests.dll" id="a7312598-847d-3aff-2f55-c0f0b9dfa2c9">
      <Execution id="736cfacb-77cc-4a89-bfc9-9fd29ebb5b23" />
      <TestMethod codeBase="D:\actions-runner\_work\XPCO\XPCO\Corporate\VideoOS.Server.UnitTests\bin\x64\Debug\net472\VideoOS.Server.UnitTests.dll" adapterTypeName="executor://mstestadapter/v2" className="VideoOS.Server.UnitTests.CommandHandler.EvidenceLockOnOldRecorderCommandHandlerTests" name="EvidenceLockOnOldRecorderCommandHandlerTests_OneOldREcorderToUse_NoStatus_ThenCompatible" />
    </UnitTest>
    <UnitTest name="DeviceLicense_AddExistingId_ReplacesCurrentLicense_Instance" storage="d:\actions-runner\_work\xpco\xpco\corporate\videoos.server.unittests\bin\x64\debug\net472\videoos.server.unittests.dll" id="e3e51c5e-50dd-c6dc-bee4-23a4c897a7b9">
      <Execution id="6bd20a61-54ba-4102-89f3-9740c55d271a" />
      <TestMethod codeBase="D:\actions-runner\_work\XPCO\XPCO\Corporate\VideoOS.Server.UnitTests\bin\x64\Debug\net472\VideoOS.Server.UnitTests.dll" adapterTypeName="executor://mstestadapter/v2" className="VideoOS.Server.UnitTests.Licensing.LicenseSnapshotTests" name="DeviceLicense_AddExistingId_ReplacesCurrentLicense_Instance" />
    </UnitTest>
    <UnitTest name="AttachedRecorder_GetRecorderStatus_NoService" storage="d:\actions-runner\_work\xpco\xpco\corporate\videoos.server.unittests\bin\x64\debug\net472\videoos.server.unittests.dll" id="6a5d7fe9-99be-4636-5691-66b73138c33f">
      <Execution id="cbfe494e-b405-4bfd-9a64-4554eb7b2d0e" />
      <TestMethod codeBase="D:\actions-runner\_work\XPCO\XPCO\Corporate\VideoOS.Server.UnitTests\bin\x64\Debug\net472\VideoOS.Server.UnitTests.dll" adapterTypeName="executor://mstestadapter/v2" className="VideoOS.Server.UnitTests.AttachedRecorderTests" name="AttachedRecorder_GetRecorderStatus_NoService" />
    </UnitTest>
    <UnitTest name="LicenseInformation_Constructor_LicenseReportInformation_IsNotNullAndHasDefaultValues" storage="d:\actions-runner\_work\xpco\xpco\corporate\videoos.server.unittests\bin\x64\debug\net472\videoos.server.unittests.dll" id="cb50d134-9feb-13cd-8243-4ac58d041243">
      <Execution id="d9a83349-b56b-4bb2-8fcc-02c459fb2818" />
      <TestMethod codeBase="D:\actions-runner\_work\XPCO\XPCO\Corporate\VideoOS.Server.UnitTests\bin\x64\Debug\net472\VideoOS.Server.UnitTests.dll" adapterTypeName="executor://mstestadapter/v2" className="VideoOS.Server.UnitTests.Licensing.LicenseInformationUnitTests" name="LicenseInformation_Constructor_LicenseReportInformation_IsNotNullAndHasDefaultValues" />
    </UnitTest>
    <UnitTest name="ServerAccessTokenHandler_PopulateAuthorizationHeaderAsync_AccessTokenException" storage="d:\actions-runner\_work\xpco\xpco\corporate\videoos.server.unittests\bin\x64\debug\net472\videoos.server.unittests.dll" id="27f1dfbf-1cb2-9ae9-b9a5-0af97b7e0f55">
      <Execution id="57334509-3e8f-4dfc-a77c-5bd7f61e3a2d" />
      <TestMethod codeBase="D:\actions-runner\_work\XPCO\XPCO\Corporate\VideoOS.Server.UnitTests\bin\x64\Debug\net472\VideoOS.Server.UnitTests.dll" adapterTypeName="executor://mstestadapter/v2" className="VideoOS.Server.UnitTests.RecorderCommunication.ServerAccessTokenHandlerTests" name="ServerAccessTokenHandler_PopulateAuthorizationHeaderAsync_AccessTokenException" />
    </UnitTest>
    <UnitTest name="LicenseInfoXmlWriter_CreateLicenseInformationXml_SetsSLC_OnNotEmptySLC" storage="d:\actions-runner\_work\xpco\xpco\corporate\videoos.server.unittests\bin\x64\debug\net472\videoos.server.unittests.dll" id="d5ed32e4-7897-5103-27de-7002ba878098">
      <TestCategory>
        <TestCategoryItem TestCategory="Licensing" />
      </TestCategory>
      <Execution id="f5af0796-4653-499d-b6b4-caa12667a76c" />
      <TestMethod codeBase="D:\actions-runner\_work\XPCO\XPCO\Corporate\VideoOS.Server.UnitTests\bin\x64\Debug\net472\VideoOS.Server.UnitTests.dll" adapterTypeName="executor://mstestadapter/v2" className="VideoOS.Server.UnitTests.Licensing.LicenseInfoXmlWriterTests" name="LicenseInfoXmlWriter_CreateLicenseInformationXml_SetsSLC_OnNotEmptySLC" />
    </UnitTest>
    <UnitTest name="UpdateHardwareTaskCommandHandler_Execute_Updated_Tests" storage="d:\actions-runner\_work\xpco\xpco\corporate\videoos.server.unittests\bin\x64\debug\net472\videoos.server.unittests.dll" id="6d995983-4316-087a-3734-5dd9411b2f2b">
      <Execution id="03a99148-2426-4779-9f19-6fd4e6c336b0" />
      <TestMethod codeBase="D:\actions-runner\_work\XPCO\XPCO\Corporate\VideoOS.Server.UnitTests\bin\x64\Debug\net472\VideoOS.Server.UnitTests.dll" adapterTypeName="executor://mstestadapter/v2" className="VideoOS.Server.UnitTests.CommandHandler.UpdateHardwareTaskHandlerTests" name="UpdateHardwareTaskCommandHandler_Execute_Updated_Tests" />
    </UnitTest>
    <UnitTest name="GetConnectedClient_FreeClientHasBeenDisconnected_ConnectCalled" storage="d:\actions-runner\_work\xpco\xpco\corporate\videoos.server.unittests\bin\x64\debug\net472\videoos.server.unittests.dll" id="0d22ba9f-9f62-fdbc-1b77-4d9887657d8a">
      <Execution id="9740f271-6091-4e89-822b-658a1db009f8" />
      <TestMethod codeBase="D:\actions-runner\_work\XPCO\XPCO\Corporate\VideoOS.Server.UnitTests\bin\x64\Debug\net472\VideoOS.Server.UnitTests.dll" adapterTypeName="executor://mstestadapter/v2" className="VideoOS.Server.UnitTests.CommandHandler.VmoClientsPoolTests" name="GetConnectedClient_FreeClientHasBeenDisconnected_ConnectCalled" />
    </UnitTest>
    <UnitTest name="Validate_IsDeviceInChangesWithoutActivation_WithNullMac_ThrowsArgumentNullException" storage="d:\actions-runner\_work\xpco\xpco\corporate\videoos.server.unittests\bin\x64\debug\net472\videoos.server.unittests.dll" id="2a6f4f46-f067-6560-f6b5-5d4fd1a8413c">
      <TestCategory>
        <TestCategoryItem TestCategory="Licensing" />
      </TestCategory>
      <Execution id="96abd282-5eed-413a-a7d7-d1bf52a00c0e" />
      <TestMethod codeBase="D:\actions-runner\_work\XPCO\XPCO\Corporate\VideoOS.Server.UnitTests\bin\x64\Debug\net472\VideoOS.Server.UnitTests.dll" adapterTypeName="executor://mstestadapter/v2" className="VideoOS.Server.UnitTests.Licensing.LicenseCountManagerUnitTests" name="Validate_IsDeviceInChangesWithoutActivation_WithNullMac_ThrowsArgumentNullException" />
    </UnitTest>
    <UnitTest name="Log_AllLogEntriesAreLogged_Success" storage="d:\actions-runner\_work\xpco\xpco\corporate\videoos.server.unittests\bin\x64\debug\net472\videoos.server.unittests.dll" id="3a458ffc-9469-8946-c7b7-88dcaae5602f">
      <Execution id="1b130ba3-ca2b-49af-aa70-dd7d6a2f1cfe" />
      <TestMethod codeBase="D:\actions-runner\_work\XPCO\XPCO\Corporate\VideoOS.Server.UnitTests\bin\x64\Debug\net472\VideoOS.Server.UnitTests.dll" adapterTypeName="executor://mstestadapter/v2" className="VideoOS.Server.UnitTests.RecorderControllerTest" name="Log_AllLogEntriesAreLogged_Success" />
    </UnitTest>
    <UnitTest name="MoveHardwareTaskCommandHandler_Execute_DeviceDataDistribution_Removed_For_Destination_Recorder" storage="d:\actions-runner\_work\xpco\xpco\corporate\videoos.server.unittests\bin\x64\debug\net472\videoos.server.unittests.dll" id="6ecdb656-57fa-19a7-98e7-036cb62f366b">
      <Execution id="9672c8e9-1e1f-4ff4-8d17-e41a7a01520e" />
      <TestMethod codeBase="D:\actions-runner\_work\XPCO\XPCO\Corporate\VideoOS.Server.UnitTests\bin\x64\Debug\net472\VideoOS.Server.UnitTests.dll" adapterTypeName="executor://mstestadapter/v2" className="VideoOS.Server.UnitTests.CommandHandler.MoveHardwareTaskCommandHandlerTests" name="MoveHardwareTaskCommandHandler_Execute_DeviceDataDistribution_Removed_For_Destination_Recorder" />
    </UnitTest>
    <UnitTest name="ErrorResponse_ModelIsNull_BadRequestResult" storage="d:\actions-runner\_work\xpco\xpco\corporate\videoos.server.unittests\bin\x64\debug\net472\videoos.server.unittests.dll" id="7533a4d2-a947-dfe4-df2c-e09801226f49">
      <Execution id="db37b2f4-6061-421e-966b-b535c8973f69" />
      <TestMethod codeBase="D:\actions-runner\_work\XPCO\XPCO\Corporate\VideoOS.Server.UnitTests\bin\x64\Debug\net472\VideoOS.Server.UnitTests.dll" adapterTypeName="executor://mstestadapter/v2" className="VideoOS.Server.UnitTests.WebApi.ResponseControllerTest" name="ErrorResponse_ModelIsNull_BadRequestResult" />
    </UnitTest>
    <UnitTest name="AttachedRecorder_GetRecorderEntryFromUri_Success" storage="d:\actions-runner\_work\xpco\xpco\corporate\videoos.server.unittests\bin\x64\debug\net472\videoos.server.unittests.dll" id="d0a6b9a5-facf-84c8-5ec8-159e3f74ddcf">
      <Execution id="d4ae56e1-98fd-4999-bc50-a261fbf9a7cc" />
      <TestMethod codeBase="D:\actions-runner\_work\XPCO\XPCO\Corporate\VideoOS.Server.UnitTests\bin\x64\Debug\net472\VideoOS.Server.UnitTests.dll" adapterTypeName="executor://mstestadapter/v2" className="VideoOS.Server.UnitTests.AttachedRecorderTests" name="AttachedRecorder_GetRecorderEntryFromUri_Success" />
    </UnitTest>
    <UnitTest name="ConfigurationDataSetLoader_GetHardwareByHardwareIds_Success" storage="d:\actions-runner\_work\xpco\xpco\corporate\videoos.server.unittests\bin\x64\debug\net472\videoos.server.unittests.dll" id="94e0df52-34ea-7d4e-1817-b28f34f9a098">
      <Execution id="d136d77f-a602-4e5d-a981-19e72caa144d" />
      <TestMethod codeBase="D:\actions-runner\_work\XPCO\XPCO\Corporate\VideoOS.Server.UnitTests\bin\x64\Debug\net472\VideoOS.Server.UnitTests.dll" adapterTypeName="executor://mstestadapter/v2" className="VideoOS.Server.UnitTests.Configuration.ConfigurationDataSetLoaderTests" name="ConfigurationDataSetLoader_GetHardwareByHardwareIds_Success" />
    </UnitTest>
    <UnitTest name="AllocateLicenses_NotActivated_ThreeUsedOneUnlicensed_OnFiveCameraChannelsThreeGraceAndThreeAvailableLicenses" storage="d:\actions-runner\_work\xpco\xpco\corporate\videoos.server.unittests\bin\x64\debug\net472\videoos.server.unittests.dll" id="9262bf29-7cc2-7d52-32d2-0249cd141759">
      <TestCategory>
        <TestCategoryItem TestCategory="Licensing" />
      </TestCategory>
      <Execution id="7c7d16d7-e932-4658-8910-a1b6f91c6ed4" />
      <TestMethod codeBase="D:\actions-runner\_work\XPCO\XPCO\Corporate\VideoOS.Server.UnitTests\bin\x64\Debug\net472\VideoOS.Server.UnitTests.dll" adapterTypeName="executor://mstestadapter/v2" className="VideoOS.Server.UnitTests.Licensing.LicenseAllocatorChannelTests" name="AllocateLicenses_NotActivated_ThreeUsedOneUnlicensed_OnFiveCameraChannelsThreeGraceAndThreeAvailableLicenses" />
    </UnitTest>
    <UnitTest name="FirmwareUpgradeTaskCommandHandler_Execute_Failed_ErrorNetwork" storage="d:\actions-runner\_work\xpco\xpco\corporate\videoos.server.unittests\bin\x64\debug\net472\videoos.server.unittests.dll" id="1393a5cb-435f-81a5-a5c2-589073bde11f">
      <Execution id="0338724c-77c0-4062-8db7-c03cf0db6fa0" />
      <TestMethod codeBase="D:\actions-runner\_work\XPCO\XPCO\Corporate\VideoOS.Server.UnitTests\bin\x64\Debug\net472\VideoOS.Server.UnitTests.dll" adapterTypeName="executor://mstestadapter/v2" className="VideoOS.Server.UnitTests.CommandHandler.FirmwareUpgradeTaskCommandHandlerTests" name="FirmwareUpgradeTaskCommandHandler_Execute_Failed_ErrorNetwork" />
    </UnitTest>
    <UnitTest name="EvidenceLockOnOldRecorderCommandHandlerTests_OldRec_ConfigOther" storage="d:\actions-runner\_work\xpco\xpco\corporate\videoos.server.unittests\bin\x64\debug\net472\videoos.server.unittests.dll" id="f7c16456-b7d4-66e5-3c74-5f452b4337f8">
      <Execution id="9f28bd6b-148a-4169-ab70-727c4fe78df5" />
      <TestMethod codeBase="D:\actions-runner\_work\XPCO\XPCO\Corporate\VideoOS.Server.UnitTests\bin\x64\Debug\net472\VideoOS.Server.UnitTests.dll" adapterTypeName="executor://mstestadapter/v2" className="VideoOS.Server.UnitTests.CommandHandler.EvidenceLockOnOldRecorderCommandHandlerTests" name="EvidenceLockOnOldRecorderCommandHandlerTests_OldRec_ConfigOther" />
    </UnitTest>
    <UnitTest name="AllocateLicenses_OneLicenseUsed_OnOneHardwareWithOneCameraLicensedAndFourLicenses" storage="d:\actions-runner\_work\xpco\xpco\corporate\videoos.server.unittests\bin\x64\debug\net472\videoos.server.unittests.dll" id="92b6dab7-aadd-6d84-0717-d5671700adf7">
      <TestCategory>
        <TestCategoryItem TestCategory="Licensing" />
      </TestCategory>
      <Execution id="d3fecfb1-d4e3-4c90-bbbd-50530abbdb71" />
      <TestMethod codeBase="D:\actions-runner\_work\XPCO\XPCO\Corporate\VideoOS.Server.UnitTests\bin\x64\Debug\net472\VideoOS.Server.UnitTests.dll" adapterTypeName="executor://mstestadapter/v2" className="VideoOS.Server.UnitTests.Licensing.LicenseAllocatorHardwareTests" name="AllocateLicenses_OneLicenseUsed_OnOneHardwareWithOneCameraLicensedAndFourLicenses" />
    </UnitTest>
    <UnitTest name="CreateInstance_InvalidArgumentIServerManagement_ThrowsArgumentNullException" storage="d:\actions-runner\_work\xpco\xpco\corporate\videoos.server.unittests\bin\x64\debug\net472\videoos.server.unittests.dll" id="d0f0983a-faa8-8216-a397-86e0a0891d1b">
      <Execution id="464248b9-8028-4123-8920-d63ea03061fc" />
      <TestMethod codeBase="D:\actions-runner\_work\XPCO\XPCO\Corporate\VideoOS.Server.UnitTests\bin\x64\Debug\net472\VideoOS.Server.UnitTests.dll" adapterTypeName="executor://mstestadapter/v2" className="VideoOS.Server.UnitTests.Licensing.LicenseManagerCacheTests" name="CreateInstance_InvalidArgumentIServerManagement_ThrowsArgumentNullException" />
    </UnitTest>
    <UnitTest name="ChannelLicenseCountManager_ReplacementHardware_CountCorrect" storage="d:\actions-runner\_work\xpco\xpco\corporate\videoos.server.unittests\bin\x64\debug\net472\videoos.server.unittests.dll" id="31b14912-e54b-c7c2-0ece-9cce3806d461">
      <TestCategory>
        <TestCategoryItem TestCategory="Licensing" />
      </TestCategory>
      <Execution id="9fb6c53b-b317-4171-8e48-4dfb02019716" />
      <TestMethod codeBase="D:\actions-runner\_work\XPCO\XPCO\Corporate\VideoOS.Server.UnitTests\bin\x64\Debug\net472\VideoOS.Server.UnitTests.dll" adapterTypeName="executor://mstestadapter/v2" className="VideoOS.Server.UnitTests.Licensing.LicenseCountManagerUnitTests" name="ChannelLicenseCountManager_ReplacementHardware_CountCorrect" />
    </UnitTest>
    <UnitTest name="LicenseCountManager_FindActiveHardwareInChangesWithoutActivation_ReturnsEmptyList_OnOnlyDeletedHardwareInChanges" storage="d:\actions-runner\_work\xpco\xpco\corporate\videoos.server.unittests\bin\x64\debug\net472\videoos.server.unittests.dll" id="654a6276-121a-761b-57fd-37ff2f510187">
      <TestCategory>
        <TestCategoryItem TestCategory="Licensing" />
      </TestCategory>
      <Execution id="07f306ba-524f-4d13-bc71-0079025015ff" />
      <TestMethod codeBase="D:\actions-runner\_work\XPCO\XPCO\Corporate\VideoOS.Server.UnitTests\bin\x64\Debug\net472\VideoOS.Server.UnitTests.dll" adapterTypeName="executor://mstestadapter/v2" className="VideoOS.Server.UnitTests.Licensing.LicenseCountManagerUnitTests" name="LicenseCountManager_FindActiveHardwareInChangesWithoutActivation_ReturnsEmptyList_OnOnlyDeletedHardwareInChanges" />
    </UnitTest>
    <UnitTest name="TemporaryLicense_HasCurrentYearToken_SameYear" storage="d:\actions-runner\_work\xpco\xpco\corporate\videoos.server.unittests\bin\x64\debug\net472\videoos.server.unittests.dll" id="1daccd18-0ff2-b69c-6386-0a60a2919544">
      <TestCategory>
        <TestCategoryItem TestCategory="Licensing" />
      </TestCategory>
      <Execution id="f746f781-1315-46fc-b456-c2581f24a412" />
      <TestMethod codeBase="D:\actions-runner\_work\XPCO\XPCO\Corporate\VideoOS.Server.UnitTests\bin\x64\Debug\net472\VideoOS.Server.UnitTests.dll" adapterTypeName="executor://mstestadapter/v2" className="VideoOS.Server.UnitTests.Licensing.HardwareLicensesUnitTests" name="TemporaryLicense_HasCurrentYearToken_SameYear" />
    </UnitTest>
    <UnitTest name="Validate_Hardware_ClearChangesWithoutActivation_ThrowsArgumentNullException" storage="d:\actions-runner\_work\xpco\xpco\corporate\videoos.server.unittests\bin\x64\debug\net472\videoos.server.unittests.dll" id="d05cbd3c-bfb2-73de-adf5-cbd7c41ecb1f">
      <TestCategory>
        <TestCategoryItem TestCategory="Licensing" />
      </TestCategory>
      <Execution id="d135b743-b65b-4e37-9341-c41d4383f194" />
      <TestMethod codeBase="D:\actions-runner\_work\XPCO\XPCO\Corporate\VideoOS.Server.UnitTests\bin\x64\Debug\net472\VideoOS.Server.UnitTests.dll" adapterTypeName="executor://mstestadapter/v2" className="VideoOS.Server.UnitTests.Licensing.LicenseCountManagerUnitTests" name="Validate_Hardware_ClearChangesWithoutActivation_ThrowsArgumentNullException" />
    </UnitTest>
    <UnitTest name="GetRecorderLicense_DoesNotAllocateFreeLicense_OnSameICPHwOnTwoRecordingServersAndMissingLicenses" storage="d:\actions-runner\_work\xpco\xpco\corporate\videoos.server.unittests\bin\x64\debug\net472\videoos.server.unittests.dll" id="3efb8632-d275-2f59-6e77-6a95bebd84ae">
      <TestCategory>
        <TestCategoryItem TestCategory="Licensing" />
      </TestCategory>
      <Execution id="8240b387-9781-44b7-88ff-661907c24ff0" />
      <TestMethod codeBase="D:\actions-runner\_work\XPCO\XPCO\Corporate\VideoOS.Server.UnitTests\bin\x64\Debug\net472\VideoOS.Server.UnitTests.dll" adapterTypeName="executor://mstestadapter/v2" className="VideoOS.Server.UnitTests.Licensing.LicenseManagerUnitTests" name="GetRecorderLicense_DoesNotAllocateFreeLicense_OnSameICPHwOnTwoRecordingServersAndMissingLicenses" />
    </UnitTest>
    <UnitTest name="MoveHardwareTaskCommandHandler_Execute_PrepareMoveHardware_StorageOffline_FailResponse" storage="d:\actions-runner\_work\xpco\xpco\corporate\videoos.server.unittests\bin\x64\debug\net472\videoos.server.unittests.dll" id="88cee1e3-316a-246b-d5dc-e5d127ebe5a2">
      <Execution id="727a95df-0a19-4d2c-b634-33205f578a3f" />
      <TestMethod codeBase="D:\actions-runner\_work\XPCO\XPCO\Corporate\VideoOS.Server.UnitTests\bin\x64\Debug\net472\VideoOS.Server.UnitTests.dll" adapterTypeName="executor://mstestadapter/v2" className="VideoOS.Server.UnitTests.CommandHandler.MoveHardwareTaskCommandHandlerTests" name="MoveHardwareTaskCommandHandler_Execute_PrepareMoveHardware_StorageOffline_FailResponse" />
    </UnitTest>
    <UnitTest name="DeviceLicense_SetExpire_ExistingItem_Success" storage="d:\actions-runner\_work\xpco\xpco\corporate\videoos.server.unittests\bin\x64\debug\net472\videoos.server.unittests.dll" id="603733f6-30ea-cd8a-b333-184e6306073f">
      <Execution id="2a3767e5-6e1d-461c-8340-401bd409dec5" />
      <TestMethod codeBase="D:\actions-runner\_work\XPCO\XPCO\Corporate\VideoOS.Server.UnitTests\bin\x64\Debug\net472\VideoOS.Server.UnitTests.dll" adapterTypeName="executor://mstestadapter/v2" className="VideoOS.Server.UnitTests.Licensing.LicenseSnapshotTests" name="DeviceLicense_SetExpire_ExistingItem_Success" />
    </UnitTest>
    <UnitTest name="ValidateParameter_InvalidTemporaryStorage_Expect_ArgumentNullException" storage="d:\actions-runner\_work\xpco\xpco\corporate\videoos.server.unittests\bin\x64\debug\net472\videoos.server.unittests.dll" id="cd7b14ce-fbc0-7d81-9aa0-e2c8ec4f6e9c">
      <TestCategory>
        <TestCategoryItem TestCategory="Licensing" />
      </TestCategory>
      <Execution id="0d0db0d3-0a15-42ef-8010-dacd1cee7d18" />
      <TestMethod codeBase="D:\actions-runner\_work\XPCO\XPCO\Corporate\VideoOS.Server.UnitTests\bin\x64\Debug\net472\VideoOS.Server.UnitTests.dll" adapterTypeName="executor://mstestadapter/v2" className="VideoOS.Server.UnitTests.Licensing.LicenseAllocatorChannelTests" name="ValidateParameter_InvalidTemporaryStorage_Expect_ArgumentNullException" />
    </UnitTest>
    <UnitTest name="TemporaryLicense_SetChangesWithoutActivationToken_DateActivatedSuperiorToNow" storage="d:\actions-runner\_work\xpco\xpco\corporate\videoos.server.unittests\bin\x64\debug\net472\videoos.server.unittests.dll" id="d3253ca6-21d1-7884-e3fe-ff7043854449">
      <TestCategory>
        <TestCategoryItem TestCategory="Licensing" />
      </TestCategory>
      <Execution id="8611e956-862e-45a8-9640-3fbc2f734722" />
      <TestMethod codeBase="D:\actions-runner\_work\XPCO\XPCO\Corporate\VideoOS.Server.UnitTests\bin\x64\Debug\net472\VideoOS.Server.UnitTests.dll" adapterTypeName="executor://mstestadapter/v2" className="VideoOS.Server.UnitTests.Licensing.HardwareLicensesUnitTests" name="TemporaryLicense_SetChangesWithoutActivationToken_DateActivatedSuperiorToNow" />
    </UnitTest>
    <UnitTest name="HardwareActivatedNotOnWhiteList_ReplacedWithNoInheritance_HardwareNotOnWhiteList_DifferentCameraChannelsInCWA" storage="d:\actions-runner\_work\xpco\xpco\corporate\videoos.server.unittests\bin\x64\debug\net472\videoos.server.unittests.dll" id="a796f8c8-c899-7521-39b3-459eecb51261">
      <TestCategory>
        <TestCategoryItem TestCategory="Licensing Replace Hardware" />
        <TestCategoryItem TestCategory="Licensing" />
      </TestCategory>
      <Execution id="24102afa-c97a-49b9-9357-8b2fc4c49cf3" />
      <TestMethod codeBase="D:\actions-runner\_work\XPCO\XPCO\Corporate\VideoOS.Server.UnitTests\bin\x64\Debug\net472\VideoOS.Server.UnitTests.dll" adapterTypeName="executor://mstestadapter/v2" className="VideoOS.Server.UnitTests.Licensing.LicenseAllocatorChannelTests" name="HardwareActivatedNotOnWhiteList_ReplacedWithNoInheritance_HardwareNotOnWhiteList_DifferentCameraChannelsInCWA" />
    </UnitTest>
    <UnitTest name="TableAdapterTypeManager_GetAllTableAdapters_Success" storage="d:\actions-runner\_work\xpco\xpco\corporate\videoos.server.unittests\bin\x64\debug\net472\videoos.server.unittests.dll" id="b5fc473f-fccc-84cd-e38b-e3f923e0594e">
      <Execution id="8089a0a4-8cfe-4848-aeee-03528dbbae3f" />
      <TestMethod codeBase="D:\actions-runner\_work\XPCO\XPCO\Corporate\VideoOS.Server.UnitTests\bin\x64\Debug\net472\VideoOS.Server.UnitTests.dll" adapterTypeName="executor://mstestadapter/v2" className="VideoOS.Server.UnitTests.Configuration.DataTests" name="TableAdapterTypeManager_GetAllTableAdapters_Success" />
    </UnitTest>
    <UnitTest name="EvidenceLockUpdateScheduler_2xStart_Throws" storage="d:\actions-runner\_work\xpco\xpco\corporate\videoos.server.unittests\bin\x64\debug\net472\videoos.server.unittests.dll" id="f3fc3b2a-fd0c-ed34-201e-80335edc57c1">
      <Execution id="1102bc46-f24a-41dd-8301-03c6660d2fa7" />
      <TestMethod codeBase="D:\actions-runner\_work\XPCO\XPCO\Corporate\VideoOS.Server.UnitTests\bin\x64\Debug\net472\VideoOS.Server.UnitTests.dll" adapterTypeName="executor://mstestadapter/v2" className="VideoOS.Server.UnitTests.EvidenceLockUpdateSchedulerUnitTests" name="EvidenceLockUpdateScheduler_2xStart_Throws" />
    </UnitTest>
    <UnitTest name="WarningResponse_ModelIsValid_CommandExecuted" storage="d:\actions-runner\_work\xpco\xpco\corporate\videoos.server.unittests\bin\x64\debug\net472\videoos.server.unittests.dll" id="8194f756-0832-a32e-60b1-19c8d7103413">
      <Execution id="563d6f81-c895-4370-be60-3cc0dc5a834d" />
      <TestMethod codeBase="D:\actions-runner\_work\XPCO\XPCO\Corporate\VideoOS.Server.UnitTests\bin\x64\Debug\net472\VideoOS.Server.UnitTests.dll" adapterTypeName="executor://mstestadapter/v2" className="VideoOS.Server.UnitTests.WebApi.ResponseControllerTest" name="WarningResponse_ModelIsValid_CommandExecuted" />
    </UnitTest>
    <UnitTest name="ChannelLicenseCountManager_AddLicensedCameraFeed_NullRecorderInfo_ThrowsArgumentNullException" storage="d:\actions-runner\_work\xpco\xpco\corporate\videoos.server.unittests\bin\x64\debug\net472\videoos.server.unittests.dll" id="fdd16d67-98cc-38ae-1552-c5b92b740835">
      <TestCategory>
        <TestCategoryItem TestCategory="Licensing" />
      </TestCategory>
      <Execution id="b9d4f216-c6f7-4c2d-a82c-2b09db08d230" />
      <TestMethod codeBase="D:\actions-runner\_work\XPCO\XPCO\Corporate\VideoOS.Server.UnitTests\bin\x64\Debug\net472\VideoOS.Server.UnitTests.dll" adapterTypeName="executor://mstestadapter/v2" className="VideoOS.Server.UnitTests.Licensing.LicenseCountManagerUnitTests" name="ChannelLicenseCountManager_AddLicensedCameraFeed_NullRecorderInfo_ThrowsArgumentNullException" />
    </UnitTest>
    <UnitTest name="HardwareInGraceNotOnWhiteList_ReplacedWith_HardwareNotOnWhiteList_NoDevicesOnReplacedHardware_ShouldGiveDevicesNewGracePeriod" storage="d:\actions-runner\_work\xpco\xpco\corporate\videoos.server.unittests\bin\x64\debug\net472\videoos.server.unittests.dll" id="281b2b74-baf1-6b52-ed5c-a61a47c59d4b">
      <TestCategory>
        <TestCategoryItem TestCategory="Licensing Replace Hardware" />
        <TestCategoryItem TestCategory="Licensing" />
      </TestCategory>
      <Execution id="b44c71d4-fc41-4d0f-84d9-30f38ddde2c3" />
      <TestMethod codeBase="D:\actions-runner\_work\XPCO\XPCO\Corporate\VideoOS.Server.UnitTests\bin\x64\Debug\net472\VideoOS.Server.UnitTests.dll" adapterTypeName="executor://mstestadapter/v2" className="VideoOS.Server.UnitTests.Licensing.LicenseAllocatorChannelTests" name="HardwareInGraceNotOnWhiteList_ReplacedWith_HardwareNotOnWhiteList_NoDevicesOnReplacedHardware_ShouldGiveDevicesNewGracePeriod" />
    </UnitTest>
    <UnitTest name="MoveHardwareTaskCommandHandler_Execute_DestinationRecorder_Not_Connected_FailResponse" storage="d:\actions-runner\_work\xpco\xpco\corporate\videoos.server.unittests\bin\x64\debug\net472\videoos.server.unittests.dll" id="3c3a8b3c-f23e-98b9-ce54-bfddf396efb3">
      <Execution id="bbe9e90a-f7f5-4269-bdb3-d3d38601152e" />
      <TestMethod codeBase="D:\actions-runner\_work\XPCO\XPCO\Corporate\VideoOS.Server.UnitTests\bin\x64\Debug\net472\VideoOS.Server.UnitTests.dll" adapterTypeName="executor://mstestadapter/v2" className="VideoOS.Server.UnitTests.CommandHandler.MoveHardwareTaskCommandHandlerTests" name="MoveHardwareTaskCommandHandler_Execute_DestinationRecorder_Not_Connected_FailResponse" />
    </UnitTest>
    <UnitTest name="HardwareLicense_FindByHardwareInfo_ValidInstance_Success" storage="d:\actions-runner\_work\xpco\xpco\corporate\videoos.server.unittests\bin\x64\debug\net472\videoos.server.unittests.dll" id="8c8d368d-889c-b4a3-7811-4e347a011909">
      <Execution id="992b553e-ddbe-4c8f-86be-080b8d7bab99" />
      <TestMethod codeBase="D:\actions-runner\_work\XPCO\XPCO\Corporate\VideoOS.Server.UnitTests\bin\x64\Debug\net472\VideoOS.Server.UnitTests.dll" adapterTypeName="executor://mstestadapter/v2" className="VideoOS.Server.UnitTests.Licensing.LicenseSnapshotTests" name="HardwareLicense_FindByHardwareInfo_ValidInstance_Success" />
    </UnitTest>
    <UnitTest name="HardwareActivatedOnWhiteList_ReplacedWithNoInheritance_HardwareOnWhiteList_NoCWAAllowed_NewHardwareInGrace" storage="d:\actions-runner\_work\xpco\xpco\corporate\videoos.server.unittests\bin\x64\debug\net472\videoos.server.unittests.dll" id="ce5982ee-353b-a8b3-e64f-f6b862591864">
      <TestCategory>
        <TestCategoryItem TestCategory="Licensing Replace Hardware" />
        <TestCategoryItem TestCategory="Licensing" />
      </TestCategory>
      <Execution id="ce5fc283-6037-499e-aea8-6c385ac9af07" />
      <TestMethod codeBase="D:\actions-runner\_work\XPCO\XPCO\Corporate\VideoOS.Server.UnitTests\bin\x64\Debug\net472\VideoOS.Server.UnitTests.dll" adapterTypeName="executor://mstestadapter/v2" className="VideoOS.Server.UnitTests.Licensing.LicenseAllocatorChannelTests" name="HardwareActivatedOnWhiteList_ReplacedWithNoInheritance_HardwareOnWhiteList_NoCWAAllowed_NewHardwareInGrace" />
    </UnitTest>
    <UnitTest name="CheckMsFailoverStatusCommandHandler_Execute_Https_InvokeEventTrue_EmptyResponse_ShouldNotTrigger" storage="d:\actions-runner\_work\xpco\xpco\corporate\videoos.server.unittests\bin\x64\debug\net472\videoos.server.unittests.dll" id="d36822ca-313a-7605-49b0-c19c37c6127f">
      <Execution id="90d8f8f8-1dbb-46b8-b7ff-0821b0966c2f" />
      <TestMethod codeBase="D:\actions-runner\_work\XPCO\XPCO\Corporate\VideoOS.Server.UnitTests\bin\x64\Debug\net472\VideoOS.Server.UnitTests.dll" adapterTypeName="executor://mstestadapter/v2" className="VideoOS.Server.UnitTests.CommandHandler.CheckMsFailoverStatusCommandHandlerUnitTest" name="CheckMsFailoverStatusCommandHandler_Execute_Https_InvokeEventTrue_EmptyResponse_ShouldNotTrigger" />
    </UnitTest>
    <UnitTest name="InitializeDiscoveryComponentFailedResponse_ModelIsNull_BadRequestResult" storage="d:\actions-runner\_work\xpco\xpco\corporate\videoos.server.unittests\bin\x64\debug\net472\videoos.server.unittests.dll" id="aa18df7f-8e97-0d88-ce84-804dec7d1f8f">
      <Execution id="7f700135-57af-48bf-ba3a-aa0ec8d10230" />
      <TestMethod codeBase="D:\actions-runner\_work\XPCO\XPCO\Corporate\VideoOS.Server.UnitTests\bin\x64\Debug\net472\VideoOS.Server.UnitTests.dll" adapterTypeName="executor://mstestadapter/v2" className="VideoOS.Server.UnitTests.WebApi.ResponseControllerTest" name="InitializeDiscoveryComponentFailedResponse_ModelIsNull_BadRequestResult" />
    </UnitTest>
    <UnitTest name="ReportManualRecordingStateCommand_ModelIsNull_BadRequestResult" storage="d:\actions-runner\_work\xpco\xpco\corporate\videoos.server.unittests\bin\x64\debug\net472\videoos.server.unittests.dll" id="35bab2d6-4910-86dc-1141-fc3c8871ab67">
      <Execution id="099544d3-622f-4e1d-9ebc-3f82834cdc14" />
      <TestMethod codeBase="D:\actions-runner\_work\XPCO\XPCO\Corporate\VideoOS.Server.UnitTests\bin\x64\Debug\net472\VideoOS.Server.UnitTests.dll" adapterTypeName="executor://mstestadapter/v2" className="VideoOS.Server.UnitTests.DatabaseCommandsControllerTests" name="ReportManualRecordingStateCommand_ModelIsNull_BadRequestResult" />
    </UnitTest>
    <UnitTest name="ConfigurationDataSetLoader_GetDeviceGroupsByParentDeviceGroupId_Success" storage="d:\actions-runner\_work\xpco\xpco\corporate\videoos.server.unittests\bin\x64\debug\net472\videoos.server.unittests.dll" id="c906cc0a-7d44-d6b5-1674-20b5d76124e1">
      <Execution id="f113ee19-990a-4fb7-bc90-7043d8200ced" />
      <TestMethod codeBase="D:\actions-runner\_work\XPCO\XPCO\Corporate\VideoOS.Server.UnitTests\bin\x64\Debug\net472\VideoOS.Server.UnitTests.dll" adapterTypeName="executor://mstestadapter/v2" className="VideoOS.Server.UnitTests.Configuration.ConfigurationDataSetLoaderTests" name="ConfigurationDataSetLoader_GetDeviceGroupsByParentDeviceGroupId_Success" />
    </UnitTest>
    <UnitTest name="CheckMsFailoverStatusCommandHandler_Execute_Https_InvokeEventTrue_Succeeded_ShouldTrigger" storage="d:\actions-runner\_work\xpco\xpco\corporate\videoos.server.unittests\bin\x64\debug\net472\videoos.server.unittests.dll" id="841f16ce-97a9-ff76-40ae-1fdee2071244">
      <Execution id="83f40ffa-1e99-48c3-8be4-ddf40f6548b8" />
      <TestMethod codeBase="D:\actions-runner\_work\XPCO\XPCO\Corporate\VideoOS.Server.UnitTests\bin\x64\Debug\net472\VideoOS.Server.UnitTests.dll" adapterTypeName="executor://mstestadapter/v2" className="VideoOS.Server.UnitTests.CommandHandler.CheckMsFailoverStatusCommandHandlerUnitTest" name="CheckMsFailoverStatusCommandHandler_Execute_Https_InvokeEventTrue_Succeeded_ShouldTrigger" />
    </UnitTest>
    <UnitTest name="MultiSite_ChannelBased_SameHardwareDifferentEnabledDevicesOn2Recorders_NotWhitelisted_ConsumesNoExtraLicenses" storage="d:\actions-runner\_work\xpco\xpco\corporate\videoos.server.unittests\bin\x64\debug\net472\videoos.server.unittests.dll" id="39324dd6-2d08-2e28-4994-29171aa487dd">
      <Execution id="1644d246-f29f-4a9d-8224-45d27dedad99" />
      <TestMethod codeBase="D:\actions-runner\_work\XPCO\XPCO\Corporate\VideoOS.Server.UnitTests\bin\x64\Debug\net472\VideoOS.Server.UnitTests.dll" adapterTypeName="executor://mstestadapter/v2" className="VideoOS.Server.UnitTests.Licensing.LicenseAllocatorChannelTests" name="MultiSite_ChannelBased_SameHardwareDifferentEnabledDevicesOn2Recorders_NotWhitelisted_ConsumesNoExtraLicenses" />
    </UnitTest>
    <UnitTest name="HardwareActivatedNotOnWhiteList_ReplacedWithInheritance_HardwareOnWhiteList_MixedCWAAllowed_NewHardwareInCWA" storage="d:\actions-runner\_work\xpco\xpco\corporate\videoos.server.unittests\bin\x64\debug\net472\videoos.server.unittests.dll" id="60d5eb78-47ad-31a4-7687-4733b8346155">
      <TestCategory>
        <TestCategoryItem TestCategory="Licensing Replace Hardware" />
        <TestCategoryItem TestCategory="Licensing" />
      </TestCategory>
      <Execution id="16df7eb0-7d1b-4f60-a369-8c7646e05953" />
      <TestMethod codeBase="D:\actions-runner\_work\XPCO\XPCO\Corporate\VideoOS.Server.UnitTests\bin\x64\Debug\net472\VideoOS.Server.UnitTests.dll" adapterTypeName="executor://mstestadapter/v2" className="VideoOS.Server.UnitTests.Licensing.LicenseAllocatorChannelTests" name="HardwareActivatedNotOnWhiteList_ReplacedWithInheritance_HardwareOnWhiteList_MixedCWAAllowed_NewHardwareInCWA" />
    </UnitTest>
    <UnitTest name="RegisterRecorder_ModelIsNull_BadRequestResult" storage="d:\actions-runner\_work\xpco\xpco\corporate\videoos.server.unittests\bin\x64\debug\net472\videoos.server.unittests.dll" id="50564146-33c5-5bba-7d58-7b6329532747">
      <Execution id="09a64dd4-3b27-4ac0-b141-31d9735909b7" />
      <TestMethod codeBase="D:\actions-runner\_work\XPCO\XPCO\Corporate\VideoOS.Server.UnitTests\bin\x64\Debug\net472\VideoOS.Server.UnitTests.dll" adapterTypeName="executor://mstestadapter/v2" className="VideoOS.Server.UnitTests.WebApi.Controllers.RecorderRegistrationControllerTests" name="RegisterRecorder_ModelIsNull_BadRequestResult" />
    </UnitTest>
    <UnitTest name="MoveHardwareTaskCommandHandler_Execute_PrepareMoveHardware_TimeoutResponse_Fail_With_StopHardwareTimeout" storage="d:\actions-runner\_work\xpco\xpco\corporate\videoos.server.unittests\bin\x64\debug\net472\videoos.server.unittests.dll" id="45311aec-8a2d-cefe-8926-17267035950b">
      <Execution id="e42316f3-0f19-4a85-94b3-3826a6fc355a" />
      <TestMethod codeBase="D:\actions-runner\_work\XPCO\XPCO\Corporate\VideoOS.Server.UnitTests\bin\x64\Debug\net472\VideoOS.Server.UnitTests.dll" adapterTypeName="executor://mstestadapter/v2" className="VideoOS.Server.UnitTests.CommandHandler.MoveHardwareTaskCommandHandlerTests" name="MoveHardwareTaskCommandHandler_Execute_PrepareMoveHardware_TimeoutResponse_Fail_With_StopHardwareTimeout" />
    </UnitTest>
    <UnitTest name="RegisterSessionFailedResponse_ModelIsValid_CommandExecuted" storage="d:\actions-runner\_work\xpco\xpco\corporate\videoos.server.unittests\bin\x64\debug\net472\videoos.server.unittests.dll" id="47770e9f-009b-55e0-aa71-80683ddbf0fb">
      <Execution id="2c50abf8-ad5d-496d-851c-6289469ff63b" />
      <TestMethod codeBase="D:\actions-runner\_work\XPCO\XPCO\Corporate\VideoOS.Server.UnitTests\bin\x64\Debug\net472\VideoOS.Server.UnitTests.dll" adapterTypeName="executor://mstestadapter/v2" className="VideoOS.Server.UnitTests.WebApi.ResponseControllerTest" name="RegisterSessionFailedResponse_ModelIsValid_CommandExecuted" />
    </UnitTest>
    <UnitTest name="MoveHardwareTaskCommandHandler_Execute_No_HotStandby_Success" storage="d:\actions-runner\_work\xpco\xpco\corporate\videoos.server.unittests\bin\x64\debug\net472\videoos.server.unittests.dll" id="5c240baa-9c71-dede-47cc-974a9905964f">
      <Execution id="a6d5be17-fb18-4f1f-8adf-42813e7e5378" />
      <TestMethod codeBase="D:\actions-runner\_work\XPCO\XPCO\Corporate\VideoOS.Server.UnitTests\bin\x64\Debug\net472\VideoOS.Server.UnitTests.dll" adapterTypeName="executor://mstestadapter/v2" className="VideoOS.Server.UnitTests.CommandHandler.MoveHardwareTaskCommandHandlerTests" name="MoveHardwareTaskCommandHandler_Execute_No_HotStandby_Success" />
    </UnitTest>
    <UnitTest name="AllocateLicensesNotActivated_WhitelistedDriver_AlreadyInCWA_OneHardware_Disabled_NoSpaceInCWA_ValidateLicenseTypes" storage="d:\actions-runner\_work\xpco\xpco\corporate\videoos.server.unittests\bin\x64\debug\net472\videoos.server.unittests.dll" id="8ad8ddd5-cdb2-53b3-a2fa-6b144bc9be0e">
      <TestCategory>
        <TestCategoryItem TestCategory="Licensing" />
      </TestCategory>
      <Execution id="cc0871ab-964e-4cc2-ada7-850c5135d605" />
      <TestMethod codeBase="D:\actions-runner\_work\XPCO\XPCO\Corporate\VideoOS.Server.UnitTests\bin\x64\Debug\net472\VideoOS.Server.UnitTests.dll" adapterTypeName="executor://mstestadapter/v2" className="VideoOS.Server.UnitTests.Licensing.LicenseAllocatorChannelTests" name="AllocateLicensesNotActivated_WhitelistedDriver_AlreadyInCWA_OneHardware_Disabled_NoSpaceInCWA_ValidateLicenseTypes" />
    </UnitTest>
    <UnitTest name="UploadFileChunkCommandHandler_Execute_Failed_TransferOverflow" storage="d:\actions-runner\_work\xpco\xpco\corporate\videoos.server.unittests\bin\x64\debug\net472\videoos.server.unittests.dll" id="dd8971b6-9a2a-9606-89e4-ca620fef9943">
      <Execution id="1b955757-5d91-47f8-9961-9ebc037d1007" />
      <TestMethod codeBase="D:\actions-runner\_work\XPCO\XPCO\Corporate\VideoOS.Server.UnitTests\bin\x64\Debug\net472\VideoOS.Server.UnitTests.dll" adapterTypeName="executor://mstestadapter/v2" className="VideoOS.Server.UnitTests.CommandHandler.UploadFileChunkCommandHandlerUnitTests" name="UploadFileChunkCommandHandler_Execute_Failed_TransferOverflow" />
    </UnitTest>
    <UnitTest name="HardwareScanProgressResponse_ModelIsNull_BadRequestResult" storage="d:\actions-runner\_work\xpco\xpco\corporate\videoos.server.unittests\bin\x64\debug\net472\videoos.server.unittests.dll" id="8eb4f19d-f1e9-80a5-2ae2-3c12f9b07d80">
      <Execution id="c2d0465e-3db4-4e18-a77e-42011cd0a5cf" />
      <TestMethod codeBase="D:\actions-runner\_work\XPCO\XPCO\Corporate\VideoOS.Server.UnitTests\bin\x64\Debug\net472\VideoOS.Server.UnitTests.dll" adapterTypeName="executor://mstestadapter/v2" className="VideoOS.Server.UnitTests.WebApi.ResponseControllerTest" name="HardwareScanProgressResponse_ModelIsNull_BadRequestResult" />
    </UnitTest>
    <UnitTest name="MoveHardwareTaskCommandHandler_Execute_WriteConfigurationDataSetChangesToDatabase_SqlException_FailResponse_LicenseConfigurationFailed" storage="d:\actions-runner\_work\xpco\xpco\corporate\videoos.server.unittests\bin\x64\debug\net472\videoos.server.unittests.dll" id="af2de0f8-df90-b012-06a0-6a91430c3a92">
      <Execution id="525e2429-069f-4eab-b3b2-dc4b82d1c816" />
      <TestMethod codeBase="D:\actions-runner\_work\XPCO\XPCO\Corporate\VideoOS.Server.UnitTests\bin\x64\Debug\net472\VideoOS.Server.UnitTests.dll" adapterTypeName="executor://mstestadapter/v2" className="VideoOS.Server.UnitTests.CommandHandler.MoveHardwareTaskCommandHandlerTests" name="MoveHardwareTaskCommandHandler_Execute_WriteConfigurationDataSetChangesToDatabase_SqlException_FailResponse_LicenseConfigurationFailed" />
    </UnitTest>
    <UnitTest name="Dispose_StopsATimer" storage="d:\actions-runner\_work\xpco\xpco\corporate\videoos.server.unittests\bin\x64\debug\net472\videoos.server.unittests.dll" id="0a178ecc-ed8c-7395-1e0e-eb01af654dfd">
      <TestCategory>
        <TestCategoryItem TestCategory="Licensing" />
      </TestCategory>
      <Execution id="cfbef8b1-2c04-4674-a0f6-c1f1221e678d" />
      <TestMethod codeBase="D:\actions-runner\_work\XPCO\XPCO\Corporate\VideoOS.Server.UnitTests\bin\x64\Debug\net472\VideoOS.Server.UnitTests.dll" adapterTypeName="executor://mstestadapter/v2" className="VideoOS.Server.UnitTests.Licensing.LicenseManagerUnitTests" name="Dispose_StopsATimer" />
    </UnitTest>
    <UnitTest name="AddHardwareUserCommandHandler_Execute_ReturnsFailResponseOnEmptyRecorderId" storage="d:\actions-runner\_work\xpco\xpco\corporate\videoos.server.unittests\bin\x64\debug\net472\videoos.server.unittests.dll" id="86fe6701-6291-43a1-0223-d9d4531dd84f">
      <Execution id="8b3d5857-41b9-4a86-a081-3dfeee52bd7a" />
      <TestMethod codeBase="D:\actions-runner\_work\XPCO\XPCO\Corporate\VideoOS.Server.UnitTests\bin\x64\Debug\net472\VideoOS.Server.UnitTests.dll" adapterTypeName="executor://mstestadapter/v2" className="VideoOS.Server.UnitTests.CommandHandler.AddHardwareUserCommandHandlerServerUnitTests" name="AddHardwareUserCommandHandler_Execute_ReturnsFailResponseOnEmptyRecorderId" />
    </UnitTest>
    <UnitTest name="ValidateParameter_NullLicenseDocument_Expect_ArgumentNullException" storage="d:\actions-runner\_work\xpco\xpco\corporate\videoos.server.unittests\bin\x64\debug\net472\videoos.server.unittests.dll" id="37a138e9-b7a0-6794-91b6-4bf04f60b366">
      <TestCategory>
        <TestCategoryItem TestCategory="Licensing" />
      </TestCategory>
      <Execution id="0043b08b-0953-471d-bd20-c76d4183a24e" />
      <TestMethod codeBase="D:\actions-runner\_work\XPCO\XPCO\Corporate\VideoOS.Server.UnitTests\bin\x64\Debug\net472\VideoOS.Server.UnitTests.dll" adapterTypeName="executor://mstestadapter/v2" className="VideoOS.Server.UnitTests.Licensing.LicenseAllocatorChannelTests" name="ValidateParameter_NullLicenseDocument_Expect_ArgumentNullException" />
    </UnitTest>
    <UnitTest name="ReplaceHardwareTaskCommandHandler_DeviceMapper_TooManyDevices_AllowDeletingDisabled_Failure_Test" storage="d:\actions-runner\_work\xpco\xpco\corporate\videoos.server.unittests\bin\x64\debug\net472\videoos.server.unittests.dll" id="d38d4de2-3b2f-ed9d-2f05-f552e0beab81">
      <Execution id="b1bce46a-e1e7-44ad-8538-801867df0af5" />
      <TestMethod codeBase="D:\actions-runner\_work\XPCO\XPCO\Corporate\VideoOS.Server.UnitTests\bin\x64\Debug\net472\VideoOS.Server.UnitTests.dll" adapterTypeName="executor://mstestadapter/v2" className="VideoOS.Server.UnitTests.CommandHandler.ReplaceHardwareTaskCommandHandlerUnitTests" name="ReplaceHardwareTaskCommandHandler_DeviceMapper_TooManyDevices_AllowDeletingDisabled_Failure_Test" />
    </UnitTest>
    <UnitTest name="AutomaticActivation_SystemActivated" storage="d:\actions-runner\_work\xpco\xpco\corporate\videoos.server.unittests\bin\x64\debug\net472\videoos.server.unittests.dll" id="25be1f78-39bc-c728-10d8-0213b417a9ef">
      <TestCategory>
        <TestCategoryItem TestCategory="Licensing" />
      </TestCategory>
      <Execution id="98285942-1d20-40a8-bc02-127ccc0b830f" />
      <TestMethod codeBase="D:\actions-runner\_work\XPCO\XPCO\Corporate\VideoOS.Server.UnitTests\bin\x64\Debug\net472\VideoOS.Server.UnitTests.dll" adapterTypeName="executor://mstestadapter/v2" className="VideoOS.Server.UnitTests.Licensing.ActivationManagerTests" name="AutomaticActivation_SystemActivated" />
    </UnitTest>
    <UnitTest name="ChannelLicenseCountManager_ReplacementHardware_IgnoresSecondAdd_OnSameMac" storage="d:\actions-runner\_work\xpco\xpco\corporate\videoos.server.unittests\bin\x64\debug\net472\videoos.server.unittests.dll" id="2b8fcca8-4ff4-62b3-63bc-a8f951917cd2">
      <TestCategory>
        <TestCategoryItem TestCategory="Licensing" />
      </TestCategory>
      <Execution id="6db91aae-8de3-4c94-a21e-8bfe60298fbc" />
      <TestMethod codeBase="D:\actions-runner\_work\XPCO\XPCO\Corporate\VideoOS.Server.UnitTests\bin\x64\Debug\net472\VideoOS.Server.UnitTests.dll" adapterTypeName="executor://mstestadapter/v2" className="VideoOS.Server.UnitTests.Licensing.LicenseCountManagerUnitTests" name="ChannelLicenseCountManager_ReplacementHardware_IgnoresSecondAdd_OnSameMac" />
    </UnitTest>
    <UnitTest name="UpdateRecorderStatus_ModelIsNull_BadRequestResult" storage="d:\actions-runner\_work\xpco\xpco\corporate\videoos.server.unittests\bin\x64\debug\net472\videoos.server.unittests.dll" id="44b64df8-00fb-dd2c-9170-5241716ab1c5">
      <Execution id="3cda7863-09b7-4ec6-a8ab-637e0beaffee" />
      <TestMethod codeBase="D:\actions-runner\_work\XPCO\XPCO\Corporate\VideoOS.Server.UnitTests\bin\x64\Debug\net472\VideoOS.Server.UnitTests.dll" adapterTypeName="executor://mstestadapter/v2" className="VideoOS.Server.UnitTests.WebApi.Controllers.RecorderStatusCommandsControllerTests" name="UpdateRecorderStatus_ModelIsNull_BadRequestResult" />
    </UnitTest>
    <UnitTest name="MessageManagerResponseCollector_GetNextResponse_Cancelled" storage="d:\actions-runner\_work\xpco\xpco\corporate\videoos.server.unittests\bin\x64\debug\net472\videoos.server.unittests.dll" id="54a61f98-dadf-ebc9-bfa5-32dac879e97d">
      <Execution id="70af14d7-add6-44aa-9504-efb28b247777" />
      <TestMethod codeBase="D:\actions-runner\_work\XPCO\XPCO\Corporate\VideoOS.Server.UnitTests\bin\x64\Debug\net472\VideoOS.Server.UnitTests.dll" adapterTypeName="executor://mstestadapter/v2" className="VideoOS.Server.UnitTests.MessageManagerResponseCollectorUnitTests" name="MessageManagerResponseCollector_GetNextResponse_Cancelled" />
    </UnitTest>
    <UnitTest name="HardwareInCWAOnWhiteList_ReplacedWithInheritance_HardwareOnWhiteList_NoMoreCWAAllowed_FewerChannelsOnReplacedHardware_NewHardwareInGrace" storage="d:\actions-runner\_work\xpco\xpco\corporate\videoos.server.unittests\bin\x64\debug\net472\videoos.server.unittests.dll" id="b980dc1f-9797-a5d1-9815-bd2b5788615a">
      <TestCategory>
        <TestCategoryItem TestCategory="Licensing Replace Hardware" />
        <TestCategoryItem TestCategory="Licensing" />
      </TestCategory>
      <Execution id="397fd9a3-fb6f-41e9-8a04-a411d74934bc" />
      <TestMethod codeBase="D:\actions-runner\_work\XPCO\XPCO\Corporate\VideoOS.Server.UnitTests\bin\x64\Debug\net472\VideoOS.Server.UnitTests.dll" adapterTypeName="executor://mstestadapter/v2" className="VideoOS.Server.UnitTests.Licensing.LicenseAllocatorChannelTests" name="HardwareInCWAOnWhiteList_ReplacedWithInheritance_HardwareOnWhiteList_NoMoreCWAAllowed_FewerChannelsOnReplacedHardware_NewHardwareInGrace" />
    </UnitTest>
    <UnitTest name="Simulate_FiveICPHardware_VariousDevices_DisableAndEnable_CountsCorrectly" storage="d:\actions-runner\_work\xpco\xpco\corporate\videoos.server.unittests\bin\x64\debug\net472\videoos.server.unittests.dll" id="70819f6f-5238-c536-22d3-ac2077b9ee2f">
      <TestCategory>
        <TestCategoryItem TestCategory="Licensing" />
      </TestCategory>
      <Execution id="99a39912-7fca-4772-a221-987e2ef6a4ca" />
      <TestMethod codeBase="D:\actions-runner\_work\XPCO\XPCO\Corporate\VideoOS.Server.UnitTests\bin\x64\Debug\net472\VideoOS.Server.UnitTests.dll" adapterTypeName="executor://mstestadapter/v2" className="VideoOS.Server.UnitTests.Licensing.LicenseAllocatorChannelTests" name="Simulate_FiveICPHardware_VariousDevices_DisableAndEnable_CountsCorrectly" />
    </UnitTest>
    <UnitTest name="AllocateLicenses_NotActivated_FourUsedAndOneUnlicensed_OnFiveCameraChannelsWithThreeGraceAndFourAvailableLicenses" storage="d:\actions-runner\_work\xpco\xpco\corporate\videoos.server.unittests\bin\x64\debug\net472\videoos.server.unittests.dll" id="3a6b696a-422d-5ee1-5380-e7ef5428f6b9">
      <TestCategory>
        <TestCategoryItem TestCategory="Licensing" />
      </TestCategory>
      <Execution id="15b145ce-7341-45a5-b6cc-198fbdbf92d5" />
      <TestMethod codeBase="D:\actions-runner\_work\XPCO\XPCO\Corporate\VideoOS.Server.UnitTests\bin\x64\Debug\net472\VideoOS.Server.UnitTests.dll" adapterTypeName="executor://mstestadapter/v2" className="VideoOS.Server.UnitTests.Licensing.LicenseAllocatorChannelTests" name="AllocateLicenses_NotActivated_FourUsedAndOneUnlicensed_OnFiveCameraChannelsWithThreeGraceAndFourAvailableLicenses" />
    </UnitTest>
    <UnitTest name="EvidenceLockUpdateScheduler_CheckSpecificEvidenceLock_Issues_Command" storage="d:\actions-runner\_work\xpco\xpco\corporate\videoos.server.unittests\bin\x64\debug\net472\videoos.server.unittests.dll" id="06dcde58-e055-a66d-858a-1bfaf3346113">
      <Execution id="b935d82c-2ebe-460e-a1ef-57730ef8b725" />
      <TestMethod codeBase="D:\actions-runner\_work\XPCO\XPCO\Corporate\VideoOS.Server.UnitTests\bin\x64\Debug\net472\VideoOS.Server.UnitTests.dll" adapterTypeName="executor://mstestadapter/v2" className="VideoOS.Server.UnitTests.EvidenceLockUpdateSchedulerUnitTests" name="EvidenceLockUpdateScheduler_CheckSpecificEvidenceLock_Issues_Command" />
    </UnitTest>
    <UnitTest name="WriteRecordingServerInformation_InvalidParameter_MacAddress_EmptyString_ThrowsArgumentNullException" storage="d:\actions-runner\_work\xpco\xpco\corporate\videoos.server.unittests\bin\x64\debug\net472\videoos.server.unittests.dll" id="71de4ac0-9031-ba04-0c57-40401b810912">
      <TestCategory>
        <TestCategoryItem TestCategory="Licensing" />
      </TestCategory>
      <Execution id="59c0d894-d3a5-4b69-be04-d30fcc2c670b" />
      <TestMethod codeBase="D:\actions-runner\_work\XPCO\XPCO\Corporate\VideoOS.Server.UnitTests\bin\x64\Debug\net472\VideoOS.Server.UnitTests.dll" adapterTypeName="executor://mstestadapter/v2" className="VideoOS.Server.UnitTests.Licensing.LicenseRequestChannelTests" name="WriteRecordingServerInformation_InvalidParameter_MacAddress_EmptyString_ThrowsArgumentNullException" />
    </UnitTest>
    <UnitTest name="RecorderLicense_AddNew_IsUpdated_RetrieveAsList_Success" storage="d:\actions-runner\_work\xpco\xpco\corporate\videoos.server.unittests\bin\x64\debug\net472\videoos.server.unittests.dll" id="22ca97d6-033b-cf61-7203-4444f24a4a92">
      <Execution id="cb31d6c7-b85b-45d2-a73d-92fd29597aa2" />
      <TestMethod codeBase="D:\actions-runner\_work\XPCO\XPCO\Corporate\VideoOS.Server.UnitTests\bin\x64\Debug\net472\VideoOS.Server.UnitTests.dll" adapterTypeName="executor://mstestadapter/v2" className="VideoOS.Server.UnitTests.Licensing.LicenseSnapshotTests" name="RecorderLicense_AddNew_IsUpdated_RetrieveAsList_Success" />
    </UnitTest>
    <UnitTest name="HardwareScanExpressTaskCommandHandler_Execute_NoResponseFromRecordingServer_FailResponse" storage="d:\actions-runner\_work\xpco\xpco\corporate\videoos.server.unittests\bin\x64\debug\net472\videoos.server.unittests.dll" id="9730ab2e-51aa-2f06-1de2-83bd7e139a38">
      <Execution id="e40f7947-c161-46fe-bca5-1e008109cba9" />
      <TestMethod codeBase="D:\actions-runner\_work\XPCO\XPCO\Corporate\VideoOS.Server.UnitTests\bin\x64\Debug\net472\VideoOS.Server.UnitTests.dll" adapterTypeName="executor://mstestadapter/v2" className="VideoOS.Server.UnitTests.CommandHandler.HardwareScanExpressTaskCommandHandlerTest" name="HardwareScanExpressTaskCommandHandler_Execute_NoResponseFromRecordingServer_FailResponse" />
    </UnitTest>
    <UnitTest name="ValidateParameter_NullLicenseCount_Expect_ArgumentNullException" storage="d:\actions-runner\_work\xpco\xpco\corporate\videoos.server.unittests\bin\x64\debug\net472\videoos.server.unittests.dll" id="472e139f-f058-76a7-efaa-3690607ea4ee">
      <TestCategory>
        <TestCategoryItem TestCategory="Licensing" />
      </TestCategory>
      <Execution id="d50e6ebb-60ce-42cb-b0b8-ab9add7ad188" />
      <TestMethod codeBase="D:\actions-runner\_work\XPCO\XPCO\Corporate\VideoOS.Server.UnitTests\bin\x64\Debug\net472\VideoOS.Server.UnitTests.dll" adapterTypeName="executor://mstestadapter/v2" className="VideoOS.Server.UnitTests.Licensing.LicenseAllocatorChannelTests" name="ValidateParameter_NullLicenseCount_Expect_ArgumentNullException" />
    </UnitTest>
    <UnitTest name="FilterTrackIds_ModelIsNull_BadRequestResult" storage="d:\actions-runner\_work\xpco\xpco\corporate\videoos.server.unittests\bin\x64\debug\net472\videoos.server.unittests.dll" id="bc6fa33b-84d2-33f4-a839-c3b9b827711f">
      <Execution id="c06ee9d4-d5d1-4df6-bbd2-ed3804a70378" />
      <TestMethod codeBase="D:\actions-runner\_work\XPCO\XPCO\Corporate\VideoOS.Server.UnitTests\bin\x64\Debug\net472\VideoOS.Server.UnitTests.dll" adapterTypeName="executor://mstestadapter/v2" className="VideoOS.Server.UnitTests.RecorderControllerTest" name="FilterTrackIds_ModelIsNull_BadRequestResult" />
    </UnitTest>
    <UnitTest name="Log_ModelIsNull_BadRequestResponse" storage="d:\actions-runner\_work\xpco\xpco\corporate\videoos.server.unittests\bin\x64\debug\net472\videoos.server.unittests.dll" id="283f71c2-810a-dc5c-1692-36ad495e7571">
      <Execution id="d19021b2-a03b-4894-a098-26205f731924" />
      <TestMethod codeBase="D:\actions-runner\_work\XPCO\XPCO\Corporate\VideoOS.Server.UnitTests\bin\x64\Debug\net472\VideoOS.Server.UnitTests.dll" adapterTypeName="executor://mstestadapter/v2" className="VideoOS.Server.UnitTests.RecorderControllerTest" name="Log_ModelIsNull_BadRequestResponse" />
    </UnitTest>
    <UnitTest name="Log_ContextIsNull_NothingIsLogged" storage="d:\actions-runner\_work\xpco\xpco\corporate\videoos.server.unittests\bin\x64\debug\net472\videoos.server.unittests.dll" id="96931d14-cc35-35bb-51f7-71a866f0df4b">
      <Execution id="afb776a1-f296-44ef-aa0c-9fd1d34793db" />
      <TestMethod codeBase="D:\actions-runner\_work\XPCO\XPCO\Corporate\VideoOS.Server.UnitTests\bin\x64\Debug\net472\VideoOS.Server.UnitTests.dll" adapterTypeName="executor://mstestadapter/v2" className="VideoOS.Server.UnitTests.ServerUnhandledExceptionLoggerTests" name="Log_ContextIsNull_NothingIsLogged" />
    </UnitTest>
    <UnitTest name="LicenseDeviceRow_Validate_DeletedRowCanBeReinstated_ChangesAccepted_Success" storage="d:\actions-runner\_work\xpco\xpco\corporate\videoos.server.unittests\bin\x64\debug\net472\videoos.server.unittests.dll" id="5fe06e96-7d1e-4cc3-cac1-7c226655aab9">
      <TestCategory>
        <TestCategoryItem TestCategory="Licensing" />
      </TestCategory>
      <Execution id="309271c3-e16d-407a-bccf-0b8dedbf78b8" />
      <TestMethod codeBase="D:\actions-runner\_work\XPCO\XPCO\Corporate\VideoOS.Server.UnitTests\bin\x64\Debug\net472\VideoOS.Server.UnitTests.dll" adapterTypeName="executor://mstestadapter/v2" className="VideoOS.Server.UnitTests.Licensing.LicenseDataSetUnitTests" name="LicenseDeviceRow_Validate_DeletedRowCanBeReinstated_ChangesAccepted_Success" />
    </UnitTest>
    <UnitTest name="EventCollector_ShouldEventBeFired_Accept_SystemMonitorEvents" storage="d:\actions-runner\_work\xpco\xpco\corporate\videoos.server.unittests\bin\x64\debug\net472\videoos.server.unittests.dll" id="e07e83cc-7f92-bb46-c8b3-934aab5700ee">
      <Execution id="3e716e78-e7d1-4707-8af0-b7311bbe21a3" />
      <TestMethod codeBase="D:\actions-runner\_work\XPCO\XPCO\Corporate\VideoOS.Server.UnitTests\bin\x64\Debug\net472\VideoOS.Server.UnitTests.dll" adapterTypeName="executor://mstestadapter/v2" className="VideoOS.Server.UnitTests.UpdateConfigurationManagerCommandHandlerTests" name="EventCollector_ShouldEventBeFired_Accept_SystemMonitorEvents" />
    </UnitTest>
    <UnitTest name="HardwareActivatedNotOnWhiteList_ReplacedWithNoInheritance_HardwareNotOnWhiteList_DifferentCameraChannels" storage="d:\actions-runner\_work\xpco\xpco\corporate\videoos.server.unittests\bin\x64\debug\net472\videoos.server.unittests.dll" id="8e582c8c-bba7-7417-5c1c-e177b4dee6cc">
      <TestCategory>
        <TestCategoryItem TestCategory="Licensing Replace Hardware" />
        <TestCategoryItem TestCategory="Licensing" />
      </TestCategory>
      <Execution id="c3199a3b-fcc2-46f1-98ee-a1dbb04eff80" />
      <TestMethod codeBase="D:\actions-runner\_work\XPCO\XPCO\Corporate\VideoOS.Server.UnitTests\bin\x64\Debug\net472\VideoOS.Server.UnitTests.dll" adapterTypeName="executor://mstestadapter/v2" className="VideoOS.Server.UnitTests.Licensing.LicenseAllocatorChannelTests" name="HardwareActivatedNotOnWhiteList_ReplacedWithNoInheritance_HardwareNotOnWhiteList_DifferentCameraChannels" />
    </UnitTest>
    <UnitTest name="Start_TokenHasCorrectScope_CallsStartTimer" storage="d:\actions-runner\_work\xpco\xpco\corporate\videoos.server.unittests\bin\x64\debug\net472\videoos.server.unittests.dll" id="5e599eb5-1ba7-3552-1d66-5d2d43176c8d">
      <Execution id="4f40961b-0a92-467a-a24e-bc1e5b991445" />
      <TestMethod codeBase="D:\actions-runner\_work\XPCO\XPCO\Corporate\VideoOS.Server.UnitTests\bin\x64\Debug\net472\VideoOS.Server.UnitTests.dll" adapterTypeName="executor://mstestadapter/v2" className="VideoOS.Server.UnitTests.Log.IdpLogRetrieverTests" name="Start_TokenHasCorrectScope_CallsStartTimer" />
    </UnitTest>
    <UnitTest name="HardwareInCWAOnWhiteList_ReplacedWithNoInheritance_HardwareNotOnWhiteList_NoMoreCWAAllowed_NewDevicesInGrace" storage="d:\actions-runner\_work\xpco\xpco\corporate\videoos.server.unittests\bin\x64\debug\net472\videoos.server.unittests.dll" id="d713fd26-9318-62d0-07e7-0fb32925b73a">
      <TestCategory>
        <TestCategoryItem TestCategory="Licensing Replace Hardware" />
        <TestCategoryItem TestCategory="Licensing" />
      </TestCategory>
      <Execution id="0538f544-58d3-4646-b8fe-00ffbac84f9f" />
      <TestMethod codeBase="D:\actions-runner\_work\XPCO\XPCO\Corporate\VideoOS.Server.UnitTests\bin\x64\Debug\net472\VideoOS.Server.UnitTests.dll" adapterTypeName="executor://mstestadapter/v2" className="VideoOS.Server.UnitTests.Licensing.LicenseAllocatorChannelTests" name="HardwareInCWAOnWhiteList_ReplacedWithNoInheritance_HardwareNotOnWhiteList_NoMoreCWAAllowed_NewDevicesInGrace" />
    </UnitTest>
    <UnitTest name="TemporaryLicenseStorage_SetData_Old_Empty_Success" storage="d:\actions-runner\_work\xpco\xpco\corporate\videoos.server.unittests\bin\x64\debug\net472\videoos.server.unittests.dll" id="3e38b4f6-2dac-31b3-166f-c8bc13b4eea7">
      <Execution id="c01b67e4-4edf-4eb4-864d-4aa5d47a0378" />
      <TestMethod codeBase="D:\actions-runner\_work\XPCO\XPCO\Corporate\VideoOS.Server.UnitTests\bin\x64\Debug\net472\VideoOS.Server.UnitTests.dll" adapterTypeName="executor://mstestadapter/v2" className="VideoOS.Server.UnitTests.Licensing.TemporaryLicenseStorageUnitTests" name="TemporaryLicenseStorage_SetData_Old_Empty_Success" />
    </UnitTest>
    <UnitTest name="ChannelLicenseCountManager_AddLicensedHardware_Same_MAC_Twice_ArgumentException" storage="d:\actions-runner\_work\xpco\xpco\corporate\videoos.server.unittests\bin\x64\debug\net472\videoos.server.unittests.dll" id="b2a8fa97-d944-2ec8-2d6e-5ded43c50e24">
      <TestCategory>
        <TestCategoryItem TestCategory="Licensing" />
      </TestCategory>
      <Execution id="d7834d37-af57-4993-9a00-08c6f169f155" />
      <TestMethod codeBase="D:\actions-runner\_work\XPCO\XPCO\Corporate\VideoOS.Server.UnitTests\bin\x64\Debug\net472\VideoOS.Server.UnitTests.dll" adapterTypeName="executor://mstestadapter/v2" className="VideoOS.Server.UnitTests.Licensing.LicenseCountManagerUnitTests" name="ChannelLicenseCountManager_AddLicensedHardware_Same_MAC_Twice_ArgumentException" />
    </UnitTest>
    <UnitTest name="GetRecorderTasksWithPendingStop_RecorderNotFoundException_Handled" storage="d:\actions-runner\_work\xpco\xpco\corporate\videoos.server.unittests\bin\x64\debug\net472\videoos.server.unittests.dll" id="95de269b-449d-9609-f541-f46b5a47c3a2">
      <Execution id="d27bdf3b-7b12-44a5-97b7-837349153b6f" />
      <TestMethod codeBase="D:\actions-runner\_work\XPCO\XPCO\Corporate\VideoOS.Server.UnitTests\bin\x64\Debug\net472\VideoOS.Server.UnitTests.dll" adapterTypeName="executor://mstestadapter/v2" className="VideoOS.Server.UnitTests.TaskControllerTests" name="GetRecorderTasksWithPendingStop_RecorderNotFoundException_Handled" />
    </UnitTest>
    <UnitTest name="DeleteIdpUserTaskCommandHandlerTests_Execute_Delete_Succeeded" storage="d:\actions-runner\_work\xpco\xpco\corporate\videoos.server.unittests\bin\x64\debug\net472\videoos.server.unittests.dll" id="badabfc0-287c-a7d5-098f-1344facad0e2">
      <Execution id="7428cec5-0f6b-4f16-9ac4-d9ba939d69f0" />
      <TestMethod codeBase="D:\actions-runner\_work\XPCO\XPCO\Corporate\VideoOS.Server.UnitTests\bin\x64\Debug\net472\VideoOS.Server.UnitTests.dll" adapterTypeName="executor://mstestadapter/v2" className="VideoOS.Server.UnitTests.CommandHandler.DeleteIdpUserTaskCommandHandlerTests" name="DeleteIdpUserTaskCommandHandlerTests_Execute_Delete_Succeeded" />
    </UnitTest>
    <UnitTest name="ChangeIdpAdminTaskCommandHandlerTests_Constructor_Arguments_Null_Throws" storage="d:\actions-runner\_work\xpco\xpco\corporate\videoos.server.unittests\bin\x64\debug\net472\videoos.server.unittests.dll" id="01c0f351-ec7a-7cc6-b18d-966650a66ddd">
      <Execution id="70370067-b830-459e-b7f4-dd051d3f09bc" />
      <TestMethod codeBase="D:\actions-runner\_work\XPCO\XPCO\Corporate\VideoOS.Server.UnitTests\bin\x64\Debug\net472\VideoOS.Server.UnitTests.dll" adapterTypeName="executor://mstestadapter/v2" className="VideoOS.Server.UnitTests.CommandHandler.ChangeIdpAdminTaskCommandHandlerTests" name="ChangeIdpAdminTaskCommandHandlerTests_Constructor_Arguments_Null_Throws" />
    </UnitTest>
    <UnitTest name="EvidenceLockOnOldRecorderCommandHandlerTests_OldRecV1_ConfigDelete1RowMain_Distribution" storage="d:\actions-runner\_work\xpco\xpco\corporate\videoos.server.unittests\bin\x64\debug\net472\videoos.server.unittests.dll" id="966766d3-85fb-dda3-5ac6-758426bd60bf">
      <Execution id="c88585e4-09cd-443d-b4e4-c037c9d4f614" />
      <TestMethod codeBase="D:\actions-runner\_work\XPCO\XPCO\Corporate\VideoOS.Server.UnitTests\bin\x64\Debug\net472\VideoOS.Server.UnitTests.dll" adapterTypeName="executor://mstestadapter/v2" className="VideoOS.Server.UnitTests.CommandHandler.EvidenceLockOnOldRecorderCommandHandlerTests" name="EvidenceLockOnOldRecorderCommandHandlerTests_OldRecV1_ConfigDelete1RowMain_Distribution" />
    </UnitTest>
    <UnitTest name="ChannelLicenseCountManager_IsCameraFeedLicensedOnRecorder_NullHardwareInfo_ThrowsArgumentNullException" storage="d:\actions-runner\_work\xpco\xpco\corporate\videoos.server.unittests\bin\x64\debug\net472\videoos.server.unittests.dll" id="980097e6-1997-04c7-0639-e21ed0b80203">
      <TestCategory>
        <TestCategoryItem TestCategory="Licensing" />
      </TestCategory>
      <Execution id="e2165da9-ed04-4e1b-9572-5cdef9316095" />
      <TestMethod codeBase="D:\actions-runner\_work\XPCO\XPCO\Corporate\VideoOS.Server.UnitTests\bin\x64\Debug\net472\VideoOS.Server.UnitTests.dll" adapterTypeName="executor://mstestadapter/v2" className="VideoOS.Server.UnitTests.Licensing.LicenseCountManagerUnitTests" name="ChannelLicenseCountManager_IsCameraFeedLicensedOnRecorder_NullHardwareInfo_ThrowsArgumentNullException" />
    </UnitTest>
    <UnitTest name="DatabaseResponseDiskUsages_ModelIsValid_CommandExecuted" storage="d:\actions-runner\_work\xpco\xpco\corporate\videoos.server.unittests\bin\x64\debug\net472\videoos.server.unittests.dll" id="7199b6a4-0e3d-01b2-2098-862ed5de340d">
      <Execution id="2d4abaeb-6686-4689-ab5c-3864a96f6a94" />
      <TestMethod codeBase="D:\actions-runner\_work\XPCO\XPCO\Corporate\VideoOS.Server.UnitTests\bin\x64\Debug\net472\VideoOS.Server.UnitTests.dll" adapterTypeName="executor://mstestadapter/v2" className="VideoOS.Server.UnitTests.WebApi.ResponseControllerTest" name="DatabaseResponseDiskUsages_ModelIsValid_CommandExecuted" />
    </UnitTest>
    <UnitTest name="Validate_RemoveDevicesFromChangesWithoutActivation_WithNullHardwareDeviceItems_ThrowsArgumentNullException" storage="d:\actions-runner\_work\xpco\xpco\corporate\videoos.server.unittests\bin\x64\debug\net472\videoos.server.unittests.dll" id="3e0d1ff1-7158-d3da-1bde-dc06d85351cc">
      <TestCategory>
        <TestCategoryItem TestCategory="Licensing" />
      </TestCategory>
      <Execution id="4c3573cc-12fc-4d03-97e1-3dcf340bb3a3" />
      <TestMethod codeBase="D:\actions-runner\_work\XPCO\XPCO\Corporate\VideoOS.Server.UnitTests\bin\x64\Debug\net472\VideoOS.Server.UnitTests.dll" adapterTypeName="executor://mstestadapter/v2" className="VideoOS.Server.UnitTests.Licensing.LicenseCountManagerUnitTests" name="Validate_RemoveDevicesFromChangesWithoutActivation_WithNullHardwareDeviceItems_ThrowsArgumentNullException" />
    </UnitTest>
    <UnitTest name="ValidateCWA_EnsurePreviousDevicesInCWADoNotGetKickedOut" storage="d:\actions-runner\_work\xpco\xpco\corporate\videoos.server.unittests\bin\x64\debug\net472\videoos.server.unittests.dll" id="9fd4eb66-24c8-4e78-e05e-2e76a515b4f1">
      <TestCategory>
        <TestCategoryItem TestCategory="Licensing" />
      </TestCategory>
      <Execution id="f7635d73-d4f9-431d-829c-b080b29469d3" />
      <TestMethod codeBase="D:\actions-runner\_work\XPCO\XPCO\Corporate\VideoOS.Server.UnitTests\bin\x64\Debug\net472\VideoOS.Server.UnitTests.dll" adapterTypeName="executor://mstestadapter/v2" className="VideoOS.Server.UnitTests.Licensing.LicenseAllocatorChannelTests" name="ValidateCWA_EnsurePreviousDevicesInCWADoNotGetKickedOut" />
    </UnitTest>
    <UnitTest name="GenerateLicenseRequestAsXml_DeviceChannelCountInXml_OneLicenseCountWithDriverNameOnWhitelist" storage="d:\actions-runner\_work\xpco\xpco\corporate\videoos.server.unittests\bin\x64\debug\net472\videoos.server.unittests.dll" id="41d4ae6d-1ec6-489b-d9c2-de1156a0d310">
      <TestCategory>
        <TestCategoryItem TestCategory="Licensing" />
      </TestCategory>
      <Execution id="a89fce73-7f8e-4add-9de0-3fa4ca4fdbda" />
      <TestMethod codeBase="D:\actions-runner\_work\XPCO\XPCO\Corporate\VideoOS.Server.UnitTests\bin\x64\Debug\net472\VideoOS.Server.UnitTests.dll" adapterTypeName="executor://mstestadapter/v2" className="VideoOS.Server.UnitTests.Licensing.LicenseRequestChannelTests" name="GenerateLicenseRequestAsXml_DeviceChannelCountInXml_OneLicenseCountWithDriverNameOnWhitelist" />
    </UnitTest>
    <UnitTest name="AllocateLicensesNotActivated_WhitelistedDriver_AlreadyInCWA_OneHardware_Disabled_TwoCameras_OneLicense_ValidateLicenseTypes" storage="d:\actions-runner\_work\xpco\xpco\corporate\videoos.server.unittests\bin\x64\debug\net472\videoos.server.unittests.dll" id="9a6aaccb-b496-3443-3666-d7851b13bb53">
      <TestCategory>
        <TestCategoryItem TestCategory="Licensing" />
      </TestCategory>
      <Execution id="9319f069-5e7f-4957-9adc-fe496eee1040" />
      <TestMethod codeBase="D:\actions-runner\_work\XPCO\XPCO\Corporate\VideoOS.Server.UnitTests\bin\x64\Debug\net472\VideoOS.Server.UnitTests.dll" adapterTypeName="executor://mstestadapter/v2" className="VideoOS.Server.UnitTests.Licensing.LicenseAllocatorChannelTests" name="AllocateLicensesNotActivated_WhitelistedDriver_AlreadyInCWA_OneHardware_Disabled_TwoCameras_OneLicense_ValidateLicenseTypes" />
    </UnitTest>
    <UnitTest name="DeviceLicense_RetrieveExpireDate_NullDeviceInfo_Throws_ArgumentException" storage="d:\actions-runner\_work\xpco\xpco\corporate\videoos.server.unittests\bin\x64\debug\net472\videoos.server.unittests.dll" id="cf2da230-ce42-6ad5-a008-cc10b1033920">
      <Execution id="00ce86a5-6334-4e19-a357-b5fdc1895eac" />
      <TestMethod codeBase="D:\actions-runner\_work\XPCO\XPCO\Corporate\VideoOS.Server.UnitTests\bin\x64\Debug\net472\VideoOS.Server.UnitTests.dll" adapterTypeName="executor://mstestadapter/v2" className="VideoOS.Server.UnitTests.Licensing.LicenseSnapshotTests" name="DeviceLicense_RetrieveExpireDate_NullDeviceInfo_Throws_ArgumentException" />
    </UnitTest>
    <UnitTest name="UpdateLicense_Valid_License_Success" storage="d:\actions-runner\_work\xpco\xpco\corporate\videoos.server.unittests\bin\x64\debug\net472\videoos.server.unittests.dll" id="4c7357cc-be8e-bdef-df5e-585b37d708fa">
      <TestCategory>
        <TestCategoryItem TestCategory="Licensing" />
      </TestCategory>
      <Execution id="d385ec91-bb0f-45ec-981e-0a43461bd81d" />
      <TestMethod codeBase="D:\actions-runner\_work\XPCO\XPCO\Corporate\VideoOS.Server.UnitTests\bin\x64\Debug\net472\VideoOS.Server.UnitTests.dll" adapterTypeName="executor://mstestadapter/v2" className="VideoOS.Server.UnitTests.Licensing.LicenseManagerUnitTests" name="UpdateLicense_Valid_License_Success" />
    </UnitTest>
    <UnitTest name="MoveHardwareTaskCommandHandler_Execute_DeviceEvidenceLocks_OnlyOnEdge_MasterDistribution" storage="d:\actions-runner\_work\xpco\xpco\corporate\videoos.server.unittests\bin\x64\debug\net472\videoos.server.unittests.dll" id="3e9c10e5-efb5-404e-2cad-31e6b7485e7c">
      <Execution id="ae898de6-5093-442b-8dc3-1da5b6beaa77" />
      <TestMethod codeBase="D:\actions-runner\_work\XPCO\XPCO\Corporate\VideoOS.Server.UnitTests\bin\x64\Debug\net472\VideoOS.Server.UnitTests.dll" adapterTypeName="executor://mstestadapter/v2" className="VideoOS.Server.UnitTests.CommandHandler.MoveHardwareTaskCommandHandlerTests" name="MoveHardwareTaskCommandHandler_Execute_DeviceEvidenceLocks_OnlyOnEdge_MasterDistribution" />
    </UnitTest>
    <UnitTest name="UpdateHardwareTaskCommandHandler_Execute_RecorderOff_Tests" storage="d:\actions-runner\_work\xpco\xpco\corporate\videoos.server.unittests\bin\x64\debug\net472\videoos.server.unittests.dll" id="a9d72b6c-70a1-b339-513b-1aeef335d69f">
      <Execution id="2c87871e-4a33-4b1a-abbf-f68592886109" />
      <TestMethod codeBase="D:\actions-runner\_work\XPCO\XPCO\Corporate\VideoOS.Server.UnitTests\bin\x64\Debug\net472\VideoOS.Server.UnitTests.dll" adapterTypeName="executor://mstestadapter/v2" className="VideoOS.Server.UnitTests.CommandHandler.UpdateHardwareTaskHandlerTests" name="UpdateHardwareTaskCommandHandler_Execute_RecorderOff_Tests" />
    </UnitTest>
    <UnitTest name="UpdateEvidenceLockSizesCommandHandlerTests_UpdateOneEvidenceLocksSize_RecorderServiceIdNotFound_SuccessResponse" storage="d:\actions-runner\_work\xpco\xpco\corporate\videoos.server.unittests\bin\x64\debug\net472\videoos.server.unittests.dll" id="11bbd187-a013-ec78-8284-a04f21b4c1f1">
      <Execution id="b1c27128-88ed-4cbe-a12a-24ecab83c66f" />
      <TestMethod codeBase="D:\actions-runner\_work\XPCO\XPCO\Corporate\VideoOS.Server.UnitTests\bin\x64\Debug\net472\VideoOS.Server.UnitTests.dll" adapterTypeName="executor://mstestadapter/v2" className="VideoOS.Server.UnitTests.CommandHandler.UpdateEvidenceLockSizesCommandHandlerTests" name="UpdateEvidenceLockSizesCommandHandlerTests_UpdateOneEvidenceLocksSize_RecorderServiceIdNotFound_SuccessResponse" />
    </UnitTest>
    <UnitTest name="SetupInitialHardwareUserCommandHandler_Execute_ThrowsIfGivenWrongCommandOrNullParameters" storage="d:\actions-runner\_work\xpco\xpco\corporate\videoos.server.unittests\bin\x64\debug\net472\videoos.server.unittests.dll" id="84a51335-f07d-f7b2-f044-69ed7678f206">
      <Execution id="55b7a68b-db23-49fd-9273-2d38974e2604" />
      <TestMethod codeBase="D:\actions-runner\_work\XPCO\XPCO\Corporate\VideoOS.Server.UnitTests\bin\x64\Debug\net472\VideoOS.Server.UnitTests.dll" adapterTypeName="executor://mstestadapter/v2" className="VideoOS.Server.UnitTests.CommandHandler.SetupInitialHardwareUserCommandHandlerUnitTests" name="SetupInitialHardwareUserCommandHandler_Execute_ThrowsIfGivenWrongCommandOrNullParameters" />
    </UnitTest>
    <UnitTest name="DeleteHardwareUserCommandHandler_Execute_ReturnsFailResponseOnEmptyHardwareId" storage="d:\actions-runner\_work\xpco\xpco\corporate\videoos.server.unittests\bin\x64\debug\net472\videoos.server.unittests.dll" id="0152b47b-1b3f-97f2-2057-f31638973d02">
      <Execution id="e8a706fd-6fc7-471d-a8c0-dcde9684897e" />
      <TestMethod codeBase="D:\actions-runner\_work\XPCO\XPCO\Corporate\VideoOS.Server.UnitTests\bin\x64\Debug\net472\VideoOS.Server.UnitTests.dll" adapterTypeName="executor://mstestadapter/v2" className="VideoOS.Server.UnitTests.CommandHandler.DeleteHardwareUserCommandHandlerServerTests" name="DeleteHardwareUserCommandHandler_Execute_ReturnsFailResponseOnEmptyHardwareId" />
    </UnitTest>
    <UnitTest name="EdgeJobUpdatedCommand_ModelIsNull_BadRequestResult" storage="d:\actions-runner\_work\xpco\xpco\corporate\videoos.server.unittests\bin\x64\debug\net472\videoos.server.unittests.dll" id="b9e8bb21-8876-39d5-4535-cf3fac9c90aa">
      <Execution id="d332d15d-8110-45e3-9573-b535ac7a9108" />
      <TestMethod codeBase="D:\actions-runner\_work\XPCO\XPCO\Corporate\VideoOS.Server.UnitTests\bin\x64\Debug\net472\VideoOS.Server.UnitTests.dll" adapterTypeName="executor://mstestadapter/v2" className="VideoOS.Server.UnitTests.DatabaseCommandsControllerTests" name="EdgeJobUpdatedCommand_ModelIsNull_BadRequestResult" />
    </UnitTest>
    <UnitTest name="ChangeHardwarePasswordRuleAction_Execute_TaskCreationQueryThrowsNotSupportedException_ErrorLogsCreated" storage="d:\actions-runner\_work\xpco\xpco\corporate\videoos.server.unittests\bin\x64\debug\net472\videoos.server.unittests.dll" id="e9d6d2f7-78f4-cd67-90f0-55662de68fd1">
      <Execution id="7cafdabf-5067-4681-9d35-a94012eb36e1" />
      <TestMethod codeBase="D:\actions-runner\_work\XPCO\XPCO\Corporate\VideoOS.Server.UnitTests\bin\x64\Debug\net472\VideoOS.Server.UnitTests.dll" adapterTypeName="executor://mstestadapter/v2" className="VideoOS.Server.UnitTests.RuleActions.ChangeHardwarePasswordRuleActionUnitTests" name="ChangeHardwarePasswordRuleAction_Execute_TaskCreationQueryThrowsNotSupportedException_ErrorLogsCreated" />
    </UnitTest>
    <UnitTest name="CheckConfigurationDataSetTest_DeviceMulticastLicensedSuccess" storage="d:\actions-runner\_work\xpco\xpco\corporate\videoos.server.unittests\bin\x64\debug\net472\videoos.server.unittests.dll" id="ffb75c75-68be-f3be-e429-85550bfb8f3e">
      <Execution id="1e597694-8a0b-4fd4-8adc-267974b96b39" />
      <TestMethod codeBase="D:\actions-runner\_work\XPCO\XPCO\Corporate\VideoOS.Server.UnitTests\bin\x64\Debug\net472\VideoOS.Server.UnitTests.dll" adapterTypeName="executor://mstestadapter/v2" className="VideoOS.Server.UnitTests.Licensing.LicenseFeatureCheckerTest" name="CheckConfigurationDataSetTest_DeviceMulticastLicensedSuccess" />
    </UnitTest>
    <UnitTest name="FirmwareUpgradeTaskCommandHandler_Execute_Succeeded" storage="d:\actions-runner\_work\xpco\xpco\corporate\videoos.server.unittests\bin\x64\debug\net472\videoos.server.unittests.dll" id="917c91b6-467c-6f54-7bd6-727983952c45">
      <Execution id="723aac80-d5fa-4652-8831-ff72973ef215" />
      <TestMethod codeBase="D:\actions-runner\_work\XPCO\XPCO\Corporate\VideoOS.Server.UnitTests\bin\x64\Debug\net472\VideoOS.Server.UnitTests.dll" adapterTypeName="executor://mstestadapter/v2" className="VideoOS.Server.UnitTests.CommandHandler.FirmwareUpgradeTaskCommandHandlerTests" name="FirmwareUpgradeTaskCommandHandler_Execute_Succeeded" />
    </UnitTest>
    <UnitTest name="GetRecorderLicense_NonCameraDevicesAreMissingFromRecorderLicense_OnHardwareWithUnlicensedDevices" storage="d:\actions-runner\_work\xpco\xpco\corporate\videoos.server.unittests\bin\x64\debug\net472\videoos.server.unittests.dll" id="02d84cd5-f194-d426-ea17-5cdcafecf442">
      <TestCategory>
        <TestCategoryItem TestCategory="Licensing" />
      </TestCategory>
      <Execution id="d85c9fc6-57e3-4ead-b32e-c0806d701b88" />
      <TestMethod codeBase="D:\actions-runner\_work\XPCO\XPCO\Corporate\VideoOS.Server.UnitTests\bin\x64\Debug\net472\VideoOS.Server.UnitTests.dll" adapterTypeName="executor://mstestadapter/v2" className="VideoOS.Server.UnitTests.Licensing.LicenseManagerUnitTests" name="GetRecorderLicense_NonCameraDevicesAreMissingFromRecorderLicense_OnHardwareWithUnlicensedDevices" />
    </UnitTest>
    <UnitTest name="AllocateLicenses_HasOneUnlicensed_OnFourHardwareTwoLicensedOneGraceAndThreeAvailableLicenses" storage="d:\actions-runner\_work\xpco\xpco\corporate\videoos.server.unittests\bin\x64\debug\net472\videoos.server.unittests.dll" id="f538c1e2-d720-b824-52f9-f50d168cf0f7">
      <TestCategory>
        <TestCategoryItem TestCategory="Licensing" />
      </TestCategory>
      <Execution id="703b7142-9f51-4474-a743-8e32e3249d28" />
      <TestMethod codeBase="D:\actions-runner\_work\XPCO\XPCO\Corporate\VideoOS.Server.UnitTests\bin\x64\Debug\net472\VideoOS.Server.UnitTests.dll" adapterTypeName="executor://mstestadapter/v2" className="VideoOS.Server.UnitTests.Licensing.LicenseAllocatorHardwareTests" name="AllocateLicenses_HasOneUnlicensed_OnFourHardwareTwoLicensedOneGraceAndThreeAvailableLicenses" />
    </UnitTest>
    <UnitTest name="RemoveRecorderTask_RecorderNotFoundException_Handled" storage="d:\actions-runner\_work\xpco\xpco\corporate\videoos.server.unittests\bin\x64\debug\net472\videoos.server.unittests.dll" id="43db7f01-425d-9645-5651-efe78e6130a6">
      <Execution id="aeef4b4d-aaae-4b24-9ad1-b377cb284877" />
      <TestMethod codeBase="D:\actions-runner\_work\XPCO\XPCO\Corporate\VideoOS.Server.UnitTests\bin\x64\Debug\net472\VideoOS.Server.UnitTests.dll" adapterTypeName="executor://mstestadapter/v2" className="VideoOS.Server.UnitTests.TaskControllerTests" name="RemoveRecorderTask_RecorderNotFoundException_Handled" />
    </UnitTest>
    <UnitTest name="ConfigurationDataSetLoader_GetDevicesByRecorderId_Success" storage="d:\actions-runner\_work\xpco\xpco\corporate\videoos.server.unittests\bin\x64\debug\net472\videoos.server.unittests.dll" id="3d67bfa7-0477-e2e1-e723-7a48cdf889a9">
      <Execution id="0e9a7342-9d52-4a0f-ba60-2bde3364e295" />
      <TestMethod codeBase="D:\actions-runner\_work\XPCO\XPCO\Corporate\VideoOS.Server.UnitTests\bin\x64\Debug\net472\VideoOS.Server.UnitTests.dll" adapterTypeName="executor://mstestadapter/v2" className="VideoOS.Server.UnitTests.Configuration.ConfigurationDataSetLoaderTests" name="ConfigurationDataSetLoader_GetDevicesByRecorderId_Success" />
    </UnitTest>
    <UnitTest name="HardwareLicense_GetExpireDate_ExistingItem_Returns_ValidExpiryDate" storage="d:\actions-runner\_work\xpco\xpco\corporate\videoos.server.unittests\bin\x64\debug\net472\videoos.server.unittests.dll" id="9a22ddaf-f9d6-2b58-0200-b7dd6d6df8ca">
      <Execution id="55f27a2a-653e-4324-a47b-299852c85100" />
      <TestMethod codeBase="D:\actions-runner\_work\XPCO\XPCO\Corporate\VideoOS.Server.UnitTests\bin\x64\Debug\net472\VideoOS.Server.UnitTests.dll" adapterTypeName="executor://mstestadapter/v2" className="VideoOS.Server.UnitTests.Licensing.LicenseSnapshotTests" name="HardwareLicense_GetExpireDate_ExistingItem_Returns_ValidExpiryDate" />
    </UnitTest>
    <UnitTest name="AllocateLicenses_NotActivated_SingleDevice_NotLicensed_OneInGrace" storage="d:\actions-runner\_work\xpco\xpco\corporate\videoos.server.unittests\bin\x64\debug\net472\videoos.server.unittests.dll" id="38eb4c07-3b43-9069-e1ce-3929bf582616">
      <TestCategory>
        <TestCategoryItem TestCategory="Licensing" />
      </TestCategory>
      <Execution id="a55caab8-d81c-47fd-9264-9427bcba88c1" />
      <TestMethod codeBase="D:\actions-runner\_work\XPCO\XPCO\Corporate\VideoOS.Server.UnitTests\bin\x64\Debug\net472\VideoOS.Server.UnitTests.dll" adapterTypeName="executor://mstestadapter/v2" className="VideoOS.Server.UnitTests.Licensing.LicenseAllocatorChannelTests" name="AllocateLicenses_NotActivated_SingleDevice_NotLicensed_OneInGrace" />
    </UnitTest>
    <UnitTest name="CheckMsFailoverStatusCommandHandler_Execute_InvokeEventFalse_Succeeded_ShouldNotTrigger" storage="d:\actions-runner\_work\xpco\xpco\corporate\videoos.server.unittests\bin\x64\debug\net472\videoos.server.unittests.dll" id="e4997c9b-0d9b-773d-98ac-95b9fd6943b7">
      <Execution id="826a46ff-f7c4-452c-979e-db27be2fbd01" />
      <TestMethod codeBase="D:\actions-runner\_work\XPCO\XPCO\Corporate\VideoOS.Server.UnitTests\bin\x64\Debug\net472\VideoOS.Server.UnitTests.dll" adapterTypeName="executor://mstestadapter/v2" className="VideoOS.Server.UnitTests.CommandHandler.CheckMsFailoverStatusCommandHandlerUnitTest" name="CheckMsFailoverStatusCommandHandler_Execute_InvokeEventFalse_Succeeded_ShouldNotTrigger" />
    </UnitTest>
    <UnitTest name="GetRecorderLicense_AddsHardwareToReplacementLimit_OnNotLicensedHardware" storage="d:\actions-runner\_work\xpco\xpco\corporate\videoos.server.unittests\bin\x64\debug\net472\videoos.server.unittests.dll" id="7b8de1e5-9337-d62a-9f21-d2fb01f50c30">
      <TestCategory>
        <TestCategoryItem TestCategory="Licensing" />
      </TestCategory>
      <Execution id="23b53e39-290d-4a96-b97e-9810215d8f49" />
      <TestMethod codeBase="D:\actions-runner\_work\XPCO\XPCO\Corporate\VideoOS.Server.UnitTests\bin\x64\Debug\net472\VideoOS.Server.UnitTests.dll" adapterTypeName="executor://mstestadapter/v2" className="VideoOS.Server.UnitTests.Licensing.LicenseManagerUnitTests" name="GetRecorderLicense_AddsHardwareToReplacementLimit_OnNotLicensedHardware" />
    </UnitTest>
    <UnitTest name="ChannelLicenseCountManager_GetHardwareUsedOnSite_Success" storage="d:\actions-runner\_work\xpco\xpco\corporate\videoos.server.unittests\bin\x64\debug\net472\videoos.server.unittests.dll" id="3caa7d05-5fe9-981d-2dde-9ddcd2d59c97">
      <TestCategory>
        <TestCategoryItem TestCategory="Licensing" />
      </TestCategory>
      <Execution id="e7443ec3-6360-4284-ac61-95cc0ee02158" />
      <TestMethod codeBase="D:\actions-runner\_work\XPCO\XPCO\Corporate\VideoOS.Server.UnitTests\bin\x64\Debug\net472\VideoOS.Server.UnitTests.dll" adapterTypeName="executor://mstestadapter/v2" className="VideoOS.Server.UnitTests.Licensing.LicenseCountManagerUnitTests" name="ChannelLicenseCountManager_GetHardwareUsedOnSite_Success" />
    </UnitTest>
    <UnitTest name="CheckSecurityDataSetTest_NotLicensedFail3" storage="d:\actions-runner\_work\xpco\xpco\corporate\videoos.server.unittests\bin\x64\debug\net472\videoos.server.unittests.dll" id="f88ce713-59cb-9a91-8f44-f65697fcffd5">
      <Execution id="2f9dd4c0-fcad-4456-89e9-0a196d616f45" />
      <TestMethod codeBase="D:\actions-runner\_work\XPCO\XPCO\Corporate\VideoOS.Server.UnitTests\bin\x64\Debug\net472\VideoOS.Server.UnitTests.dll" adapterTypeName="executor://mstestadapter/v2" className="VideoOS.Server.UnitTests.Licensing.LicenseFeatureCheckerTest" name="CheckSecurityDataSetTest_NotLicensedFail3" />
    </UnitTest>
    <UnitTest name="CheckConfigurationDataSetTest_NotLicensedPass" storage="d:\actions-runner\_work\xpco\xpco\corporate\videoos.server.unittests\bin\x64\debug\net472\videoos.server.unittests.dll" id="818cea1f-5917-1618-f3c7-5914c367a3d4">
      <Execution id="5cbea498-2e07-414a-8bff-a6e97d868756" />
      <TestMethod codeBase="D:\actions-runner\_work\XPCO\XPCO\Corporate\VideoOS.Server.UnitTests\bin\x64\Debug\net472\VideoOS.Server.UnitTests.dll" adapterTypeName="executor://mstestadapter/v2" className="VideoOS.Server.UnitTests.Licensing.LicenseFeatureCheckerTest" name="CheckConfigurationDataSetTest_NotLicensedPass" />
    </UnitTest>
    <UnitTest name="EventCollectorConstructor_Receiver_Null" storage="d:\actions-runner\_work\xpco\xpco\corporate\videoos.server.unittests\bin\x64\debug\net472\videoos.server.unittests.dll" id="51c810f9-6747-b0a8-4122-cb6b1986b141">
      <Execution id="6c75c789-9d28-4499-82de-b3f753032b4c" />
      <TestMethod codeBase="D:\actions-runner\_work\XPCO\XPCO\Corporate\VideoOS.Server.UnitTests\bin\x64\Debug\net472\VideoOS.Server.UnitTests.dll" adapterTypeName="executor://mstestadapter/v2" className="VideoOS.Server.UnitTests.UpdateConfigurationManagerCommandHandlerTests" name="EventCollectorConstructor_Receiver_Null" />
    </UnitTest>
    <UnitTest name="AllocateLicenses_2HardwareWithCameraInGrace1HardwareWithNoCameraUnlicensed" storage="d:\actions-runner\_work\xpco\xpco\corporate\videoos.server.unittests\bin\x64\debug\net472\videoos.server.unittests.dll" id="6822bf18-105f-77ff-8eac-b0428e8c9310">
      <TestCategory>
        <TestCategoryItem TestCategory="Licensing" />
      </TestCategory>
      <Execution id="d85a8a95-be9b-4013-b45e-359e4e87084c" />
      <TestMethod codeBase="D:\actions-runner\_work\XPCO\XPCO\Corporate\VideoOS.Server.UnitTests\bin\x64\Debug\net472\VideoOS.Server.UnitTests.dll" adapterTypeName="executor://mstestadapter/v2" className="VideoOS.Server.UnitTests.Licensing.LicenseAllocatorChannelTests" name="AllocateLicenses_2HardwareWithCameraInGrace1HardwareWithNoCameraUnlicensed" />
    </UnitTest>
    <UnitTest name="HardwareInGraceOnWhiteList_ReplacedWith_HardwareNotOnWhiteList_ShouldGiveDevicesNewGracePeriod" storage="d:\actions-runner\_work\xpco\xpco\corporate\videoos.server.unittests\bin\x64\debug\net472\videoos.server.unittests.dll" id="fa05cc12-6ed6-5bdb-28c7-97fb71bf0ee7">
      <TestCategory>
        <TestCategoryItem TestCategory="Licensing Replace Hardware" />
        <TestCategoryItem TestCategory="Licensing" />
      </TestCategory>
      <Execution id="e0baca9f-c6dc-4b91-851e-7c8d256c938a" />
      <TestMethod codeBase="D:\actions-runner\_work\XPCO\XPCO\Corporate\VideoOS.Server.UnitTests\bin\x64\Debug\net472\VideoOS.Server.UnitTests.dll" adapterTypeName="executor://mstestadapter/v2" className="VideoOS.Server.UnitTests.Licensing.LicenseAllocatorChannelTests" name="HardwareInGraceOnWhiteList_ReplacedWith_HardwareNotOnWhiteList_ShouldGiveDevicesNewGracePeriod" />
    </UnitTest>
    <UnitTest name="GetTotalReplacementLimit_ReturnsMaximum_OnPercentageBigerThanMaximum" storage="d:\actions-runner\_work\xpco\xpco\corporate\videoos.server.unittests\bin\x64\debug\net472\videoos.server.unittests.dll" id="2996350e-0593-3b86-206c-e0e20a3e8620">
      <TestCategory>
        <TestCategoryItem TestCategory="ReplacementLimit" />
      </TestCategory>
      <Execution id="43fb4a2a-d1ce-4473-941b-a0255757abaf" />
      <TestMethod codeBase="D:\actions-runner\_work\XPCO\XPCO\Corporate\VideoOS.Server.UnitTests\bin\x64\Debug\net472\VideoOS.Server.UnitTests.dll" adapterTypeName="executor://mstestadapter/v2" className="VideoOS.Server.UnitTests.Licensing.ReplacementLimitTests" name="GetTotalReplacementLimit_ReturnsMaximum_OnPercentageBigerThanMaximum" />
    </UnitTest>
    <UnitTest name="GetRecorderLicense_LastEnabledHardwareIsWithoutLicense_OnEnabledHardwareBeingFirstInDataSetAndHardwareLicensing" storage="d:\actions-runner\_work\xpco\xpco\corporate\videoos.server.unittests\bin\x64\debug\net472\videoos.server.unittests.dll" id="6b424835-2972-43a3-be68-6096e160c56e">
      <TestCategory>
        <TestCategoryItem TestCategory="Licensing" />
      </TestCategory>
      <Execution id="4b6348e9-cb56-46e7-a128-079d02feb7cf" />
      <TestMethod codeBase="D:\actions-runner\_work\XPCO\XPCO\Corporate\VideoOS.Server.UnitTests\bin\x64\Debug\net472\VideoOS.Server.UnitTests.dll" adapterTypeName="executor://mstestadapter/v2" className="VideoOS.Server.UnitTests.Licensing.LicenseManagerUnitTests" name="GetRecorderLicense_LastEnabledHardwareIsWithoutLicense_OnEnabledHardwareBeingFirstInDataSetAndHardwareLicensing" />
    </UnitTest>
    <UnitTest name="ConvertIdpLog_UserChangePasswordSuccess" storage="d:\actions-runner\_work\xpco\xpco\corporate\videoos.server.unittests\bin\x64\debug\net472\videoos.server.unittests.dll" id="5b97f0b7-78ca-03e5-f404-238d7520c937">
      <Execution id="6d4b15ee-aaa6-467e-8fda-c889f9b11275" />
      <TestMethod codeBase="D:\actions-runner\_work\XPCO\XPCO\Corporate\VideoOS.Server.UnitTests\bin\x64\Debug\net472\VideoOS.Server.UnitTests.dll" adapterTypeName="executor://mstestadapter/v2" className="VideoOS.Server.UnitTests.Log.IdpLogConverterTest" name="ConvertIdpLog_UserChangePasswordSuccess" />
    </UnitTest>
    <UnitTest name="AllocateLicenses_NotActivated_OneHardwareWithNoEnabledDevicesInChangesWithoutActivation_RemainsInChangesWithoutActivation" storage="d:\actions-runner\_work\xpco\xpco\corporate\videoos.server.unittests\bin\x64\debug\net472\videoos.server.unittests.dll" id="914c4474-b8e7-f364-7b5b-f69491ca046f">
      <TestCategory>
        <TestCategoryItem TestCategory="Licensing" />
      </TestCategory>
      <Execution id="b0b7e3b0-9b69-4db5-88c4-0f3087a4a5d7" />
      <TestMethod codeBase="D:\actions-runner\_work\XPCO\XPCO\Corporate\VideoOS.Server.UnitTests\bin\x64\Debug\net472\VideoOS.Server.UnitTests.dll" adapterTypeName="executor://mstestadapter/v2" className="VideoOS.Server.UnitTests.Licensing.LicenseAllocatorChannelTests" name="AllocateLicenses_NotActivated_OneHardwareWithNoEnabledDevicesInChangesWithoutActivation_RemainsInChangesWithoutActivation" />
    </UnitTest>
    <UnitTest name="HardwareSetupInformationResponse_ModelIsValid_CommandExecuted" storage="d:\actions-runner\_work\xpco\xpco\corporate\videoos.server.unittests\bin\x64\debug\net472\videoos.server.unittests.dll" id="aa955f07-7424-0771-38cd-0f59873f2121">
      <Execution id="cc247503-b35d-481d-bb44-e8261b8ea9cb" />
      <TestMethod codeBase="D:\actions-runner\_work\XPCO\XPCO\Corporate\VideoOS.Server.UnitTests\bin\x64\Debug\net472\VideoOS.Server.UnitTests.dll" adapterTypeName="executor://mstestadapter/v2" className="VideoOS.Server.UnitTests.WebApi.ResponseControllerTest" name="HardwareSetupInformationResponse_ModelIsValid_CommandExecuted" />
    </UnitTest>
    <UnitTest name="EventCollector_ShouldEventBeFired_Accept_ServerEvents" storage="d:\actions-runner\_work\xpco\xpco\corporate\videoos.server.unittests\bin\x64\debug\net472\videoos.server.unittests.dll" id="f4e67b53-0b3e-aaa0-9b40-f3ce5bf9017a">
      <Execution id="cd37eb5a-8d4c-4834-b006-80511564444f" />
      <TestMethod codeBase="D:\actions-runner\_work\XPCO\XPCO\Corporate\VideoOS.Server.UnitTests\bin\x64\Debug\net472\VideoOS.Server.UnitTests.dll" adapterTypeName="executor://mstestadapter/v2" className="VideoOS.Server.UnitTests.UpdateConfigurationManagerCommandHandlerTests" name="EventCollector_ShouldEventBeFired_Accept_ServerEvents" />
    </UnitTest>
    <UnitTest name="GetHardwareNetworkSettingsCommandHandler_Constructor_ParameterNull_Throws" storage="d:\actions-runner\_work\xpco\xpco\corporate\videoos.server.unittests\bin\x64\debug\net472\videoos.server.unittests.dll" id="4dd16df4-f085-64ca-9a0c-8b383d03ff3b">
      <Execution id="f5c18508-5604-47aa-915c-2ae9814a914b" />
      <TestMethod codeBase="D:\actions-runner\_work\XPCO\XPCO\Corporate\VideoOS.Server.UnitTests\bin\x64\Debug\net472\VideoOS.Server.UnitTests.dll" adapterTypeName="executor://mstestadapter/v2" className="VideoOS.Server.UnitTests.CommandHandler.GetHardwareNetworkSettingsCommandHandlerUnitTests" name="GetHardwareNetworkSettingsCommandHandler_Constructor_ParameterNull_Throws" />
    </UnitTest>
    <UnitTest name="EvidenceLockOnOldRecorderCommandHandlerTests_Constructor_ServerEnvironmentNull_ArgumentNullException" storage="d:\actions-runner\_work\xpco\xpco\corporate\videoos.server.unittests\bin\x64\debug\net472\videoos.server.unittests.dll" id="bc66d075-b5d9-87ae-4f1c-513441f8165c">
      <Execution id="fb2957b6-7dd6-4eda-9941-541bd010149d" />
      <TestMethod codeBase="D:\actions-runner\_work\XPCO\XPCO\Corporate\VideoOS.Server.UnitTests\bin\x64\Debug\net472\VideoOS.Server.UnitTests.dll" adapterTypeName="executor://mstestadapter/v2" className="VideoOS.Server.UnitTests.CommandHandler.EvidenceLockOnOldRecorderCommandHandlerTests" name="EvidenceLockOnOldRecorderCommandHandlerTests_Constructor_ServerEnvironmentNull_ArgumentNullException" />
    </UnitTest>
    <UnitTest name="UpdateRecorderStatusData_ModelIsValid_CommandExecuted" storage="d:\actions-runner\_work\xpco\xpco\corporate\videoos.server.unittests\bin\x64\debug\net472\videoos.server.unittests.dll" id="b14f960a-5692-5365-6f95-7278ee7ee4f3">
      <Execution id="c00b8435-882f-4c71-b712-5d2f71ac302e" />
      <TestMethod codeBase="D:\actions-runner\_work\XPCO\XPCO\Corporate\VideoOS.Server.UnitTests\bin\x64\Debug\net472\VideoOS.Server.UnitTests.dll" adapterTypeName="executor://mstestadapter/v2" className="VideoOS.Server.UnitTests.RecorderControllerTest" name="UpdateRecorderStatusData_ModelIsValid_CommandExecuted" />
    </UnitTest>
    <UnitTest name="EvidenceLockUpdateScheduler_UnknownSizeCheckTimerCallback_Issues_Command" storage="d:\actions-runner\_work\xpco\xpco\corporate\videoos.server.unittests\bin\x64\debug\net472\videoos.server.unittests.dll" id="79d9da09-79d5-2be0-5f28-ac252e22bd40">
      <Execution id="0a27fddd-a1dc-4ee1-a67a-8bb65336185c" />
      <TestMethod codeBase="D:\actions-runner\_work\XPCO\XPCO\Corporate\VideoOS.Server.UnitTests\bin\x64\Debug\net472\VideoOS.Server.UnitTests.dll" adapterTypeName="executor://mstestadapter/v2" className="VideoOS.Server.UnitTests.EvidenceLockUpdateSchedulerUnitTests" name="EvidenceLockUpdateScheduler_UnknownSizeCheckTimerCallback_Issues_Command" />
    </UnitTest>
    <UnitTest name="Constructor_LoggerIsNull_ArgumentNullExceptionThrown" storage="d:\actions-runner\_work\xpco\xpco\corporate\videoos.server.unittests\bin\x64\debug\net472\videoos.server.unittests.dll" id="b47967dd-ebf4-c080-e70d-64c8aed86b3c">
      <Execution id="23f6a150-0839-4481-8487-42d8cbf25e4e" />
      <TestMethod codeBase="D:\actions-runner\_work\XPCO\XPCO\Corporate\VideoOS.Server.UnitTests\bin\x64\Debug\net472\VideoOS.Server.UnitTests.dll" adapterTypeName="executor://mstestadapter/v2" className="VideoOS.Server.UnitTests.ServerUnhandledExceptionLoggerTests" name="Constructor_LoggerIsNull_ArgumentNullExceptionThrown" />
    </UnitTest>
    <UnitTest name="ChannelLicenseCountManager_FindActiveHardwareInChangesWithoutActivation_ReturnsEmptyList_OnOnlyDeletedHardwareInChanges" storage="d:\actions-runner\_work\xpco\xpco\corporate\videoos.server.unittests\bin\x64\debug\net472\videoos.server.unittests.dll" id="596d26c1-a184-f4f9-9435-7f20127842cb">
      <TestCategory>
        <TestCategoryItem TestCategory="Licensing" />
      </TestCategory>
      <Execution id="598a1e2b-5d69-42a0-a1da-efe46aba9ac1" />
      <TestMethod codeBase="D:\actions-runner\_work\XPCO\XPCO\Corporate\VideoOS.Server.UnitTests\bin\x64\Debug\net472\VideoOS.Server.UnitTests.dll" adapterTypeName="executor://mstestadapter/v2" className="VideoOS.Server.UnitTests.Licensing.LicenseCountManagerUnitTests" name="ChannelLicenseCountManager_FindActiveHardwareInChangesWithoutActivation_ReturnsEmptyList_OnOnlyDeletedHardwareInChanges" />
    </UnitTest>
    <UnitTest name="ConvertIdpLog_UserLockedOut" storage="d:\actions-runner\_work\xpco\xpco\corporate\videoos.server.unittests\bin\x64\debug\net472\videoos.server.unittests.dll" id="f99da047-6c28-65f2-2cd6-bc6e29c618aa">
      <Execution id="46fc27b0-c0d8-46c2-b517-47814d2e50c5" />
      <TestMethod codeBase="D:\actions-runner\_work\XPCO\XPCO\Corporate\VideoOS.Server.UnitTests\bin\x64\Debug\net472\VideoOS.Server.UnitTests.dll" adapterTypeName="executor://mstestadapter/v2" className="VideoOS.Server.UnitTests.Log.IdpLogConverterTest" name="ConvertIdpLog_UserLockedOut" />
    </UnitTest>
    <UnitTest name="DeleteHardwareUserCommandHandler_Execute_ReturnsCorrectResponsesOnExceptions" storage="d:\actions-runner\_work\xpco\xpco\corporate\videoos.server.unittests\bin\x64\debug\net472\videoos.server.unittests.dll" id="f09f945d-010d-c134-c57a-c98e4f5f6c9d">
      <Execution id="d36f20d7-6fbd-443c-91e2-5df2161c1a7e" />
      <TestMethod codeBase="D:\actions-runner\_work\XPCO\XPCO\Corporate\VideoOS.Server.UnitTests\bin\x64\Debug\net472\VideoOS.Server.UnitTests.dll" adapterTypeName="executor://mstestadapter/v2" className="VideoOS.Server.UnitTests.CommandHandler.DeleteHardwareUserCommandHandlerServerTests" name="DeleteHardwareUserCommandHandler_Execute_ReturnsCorrectResponsesOnExceptions" />
    </UnitTest>
    <UnitTest name="HardwareInCWAOnWhiteList_ReplacedWithNoInheritance_HardwareOnWhiteList_CWAAllowed_NewHardwareInCWA" storage="d:\actions-runner\_work\xpco\xpco\corporate\videoos.server.unittests\bin\x64\debug\net472\videoos.server.unittests.dll" id="a652b815-d800-d206-be7c-325ec52c6c7d">
      <TestCategory>
        <TestCategoryItem TestCategory="Licensing Replace Hardware" />
        <TestCategoryItem TestCategory="Licensing" />
      </TestCategory>
      <Execution id="f0e624bd-4b60-468d-91e3-cdb98ee380e7" />
      <TestMethod codeBase="D:\actions-runner\_work\XPCO\XPCO\Corporate\VideoOS.Server.UnitTests\bin\x64\Debug\net472\VideoOS.Server.UnitTests.dll" adapterTypeName="executor://mstestadapter/v2" className="VideoOS.Server.UnitTests.Licensing.LicenseAllocatorChannelTests" name="HardwareInCWAOnWhiteList_ReplacedWithNoInheritance_HardwareOnWhiteList_CWAAllowed_NewHardwareInCWA" />
    </UnitTest>
    <UnitTest name="GetConnectedClient_FreeClientExists_CachedClientReturned" storage="d:\actions-runner\_work\xpco\xpco\corporate\videoos.server.unittests\bin\x64\debug\net472\videoos.server.unittests.dll" id="a42cc845-687e-1497-569a-71593932f47a">
      <Execution id="a47aed00-ed59-4223-9de5-815a9c56348d" />
      <TestMethod codeBase="D:\actions-runner\_work\XPCO\XPCO\Corporate\VideoOS.Server.UnitTests\bin\x64\Debug\net472\VideoOS.Server.UnitTests.dll" adapterTypeName="executor://mstestadapter/v2" className="VideoOS.Server.UnitTests.CommandHandler.VmoClientsPoolTests" name="GetConnectedClient_FreeClientExists_CachedClientReturned" />
    </UnitTest>
    <UnitTest name="AllocateLicensesNotActivated_WhitelistedDriver_CWA_ThreeHardware_OneHardwareDisabled_OneHardwareNotWhitelisted_ValidateLicenseTypes" storage="d:\actions-runner\_work\xpco\xpco\corporate\videoos.server.unittests\bin\x64\debug\net472\videoos.server.unittests.dll" id="8039a04f-aa3d-b9b0-cb5a-bbf13ecc63c0">
      <TestCategory>
        <TestCategoryItem TestCategory="Licensing" />
      </TestCategory>
      <Execution id="2bfdf492-b873-42a3-b40b-d5e494d1346c" />
      <TestMethod codeBase="D:\actions-runner\_work\XPCO\XPCO\Corporate\VideoOS.Server.UnitTests\bin\x64\Debug\net472\VideoOS.Server.UnitTests.dll" adapterTypeName="executor://mstestadapter/v2" className="VideoOS.Server.UnitTests.Licensing.LicenseAllocatorChannelTests" name="AllocateLicensesNotActivated_WhitelistedDriver_CWA_ThreeHardware_OneHardwareDisabled_OneHardwareNotWhitelisted_ValidateLicenseTypes" />
    </UnitTest>
    <UnitTest name="LicenseCountManager_ReplacementHardware_ClearByRecorder_DoesNotChangeReplacementLimit" storage="d:\actions-runner\_work\xpco\xpco\corporate\videoos.server.unittests\bin\x64\debug\net472\videoos.server.unittests.dll" id="feaed097-5808-62b9-4211-f6bdd56b855b">
      <TestCategory>
        <TestCategoryItem TestCategory="Licensing" />
      </TestCategory>
      <Execution id="c26f07f6-3d42-43de-a2e1-1df0afde4b3b" />
      <TestMethod codeBase="D:\actions-runner\_work\XPCO\XPCO\Corporate\VideoOS.Server.UnitTests\bin\x64\Debug\net472\VideoOS.Server.UnitTests.dll" adapterTypeName="executor://mstestadapter/v2" className="VideoOS.Server.UnitTests.Licensing.LicenseCountManagerUnitTests" name="LicenseCountManager_ReplacementHardware_ClearByRecorder_DoesNotChangeReplacementLimit" />
    </UnitTest>
    <UnitTest name="LicenseCountManager_IsHardwareWithoutEnabledCamerasLicensed_ReturnsFalse_WhenAddLicensedHardwareCalledFirst_FreeLicense" storage="d:\actions-runner\_work\xpco\xpco\corporate\videoos.server.unittests\bin\x64\debug\net472\videoos.server.unittests.dll" id="629bb24f-6cf3-8a21-f229-a005d9404e46">
      <TestCategory>
        <TestCategoryItem TestCategory="Licensing" />
      </TestCategory>
      <Execution id="111e6a5a-51d6-4570-ac3d-a00071b87526" />
      <TestMethod codeBase="D:\actions-runner\_work\XPCO\XPCO\Corporate\VideoOS.Server.UnitTests\bin\x64\Debug\net472\VideoOS.Server.UnitTests.dll" adapterTypeName="executor://mstestadapter/v2" className="VideoOS.Server.UnitTests.Licensing.LicenseCountManagerUnitTests" name="LicenseCountManager_IsHardwareWithoutEnabledCamerasLicensed_ReturnsFalse_WhenAddLicensedHardwareCalledFirst_FreeLicense" />
    </UnitTest>
    <UnitTest name="HardwareScanExpressTaskCommandHandler_Execute_Succeeded" storage="d:\actions-runner\_work\xpco\xpco\corporate\videoos.server.unittests\bin\x64\debug\net472\videoos.server.unittests.dll" id="a3af70b7-cccc-2f1a-f5b6-ff03b6d8d4b6">
      <Execution id="17873bf8-acc5-4c97-8c18-56b7afa9a160" />
      <TestMethod codeBase="D:\actions-runner\_work\XPCO\XPCO\Corporate\VideoOS.Server.UnitTests\bin\x64\Debug\net472\VideoOS.Server.UnitTests.dll" adapterTypeName="executor://mstestadapter/v2" className="VideoOS.Server.UnitTests.CommandHandler.HardwareScanExpressTaskCommandHandlerTest" name="HardwareScanExpressTaskCommandHandler_Execute_Succeeded" />
    </UnitTest>
    <UnitTest name="SetupInitialHardwareUserCommandHandler_Execute_ReturnsFailResponseOnEmptyRecorderId" storage="d:\actions-runner\_work\xpco\xpco\corporate\videoos.server.unittests\bin\x64\debug\net472\videoos.server.unittests.dll" id="c5b6b720-03d0-f3a5-ddc2-0f57daed133f">
      <Execution id="607d4544-1719-4b2e-a49c-9f06ed4c01fa" />
      <TestMethod codeBase="D:\actions-runner\_work\XPCO\XPCO\Corporate\VideoOS.Server.UnitTests\bin\x64\Debug\net472\VideoOS.Server.UnitTests.dll" adapterTypeName="executor://mstestadapter/v2" className="VideoOS.Server.UnitTests.CommandHandler.SetupInitialHardwareUserCommandHandlerUnitTests" name="SetupInitialHardwareUserCommandHandler_Execute_ReturnsFailResponseOnEmptyRecorderId" />
    </UnitTest>
    <UnitTest name="HardwareInCWAOnWhiteList_ReplacedWithNoInheritance_HardwareOnWhiteList_MixedCWAAllowed_FewerChannelsOnReplacedHardware_NewHardwareInCWA" storage="d:\actions-runner\_work\xpco\xpco\corporate\videoos.server.unittests\bin\x64\debug\net472\videoos.server.unittests.dll" id="7e4c1e89-625a-43b9-de03-e848c63a328b">
      <TestCategory>
        <TestCategoryItem TestCategory="Licensing Replace Hardware" />
        <TestCategoryItem TestCategory="Licensing" />
      </TestCategory>
      <Execution id="8569e007-ad93-4307-a777-a0971d2507fb" />
      <TestMethod codeBase="D:\actions-runner\_work\XPCO\XPCO\Corporate\VideoOS.Server.UnitTests\bin\x64\Debug\net472\VideoOS.Server.UnitTests.dll" adapterTypeName="executor://mstestadapter/v2" className="VideoOS.Server.UnitTests.Licensing.LicenseAllocatorChannelTests" name="HardwareInCWAOnWhiteList_ReplacedWithNoInheritance_HardwareOnWhiteList_MixedCWAAllowed_FewerChannelsOnReplacedHardware_NewHardwareInCWA" />
    </UnitTest>
    <UnitTest name="AnalyzeAndCreateAuditLogs_AddedTimeProfileDefaultRoleRelationRow_ReturnsOneAuditLog" storage="d:\actions-runner\_work\xpco\xpco\corporate\videoos.server.unittests\bin\x64\debug\net472\videoos.server.unittests.dll" id="7f62bbb1-62fb-7e4f-eb0f-a20432287329">
      <Execution id="c034e09e-1f50-4694-936a-041b0095ba85" />
      <TestMethod codeBase="D:\actions-runner\_work\XPCO\XPCO\Corporate\VideoOS.Server.UnitTests\bin\x64\Debug\net472\VideoOS.Server.UnitTests.dll" adapterTypeName="executor://mstestadapter/v2" className="VideoOS.Server.UnitTests.CommandHandler.DataSetAuditLogAnalyzerTests" name="AnalyzeAndCreateAuditLogs_AddedTimeProfileDefaultRoleRelationRow_ReturnsOneAuditLog" />
    </UnitTest>
    <UnitTest name="UpdateLicense_DeletesReplacementTokens_OnHardwareInTemporaryLicenseStorage" storage="d:\actions-runner\_work\xpco\xpco\corporate\videoos.server.unittests\bin\x64\debug\net472\videoos.server.unittests.dll" id="d7ca02f8-7e5d-6bf1-c855-672d978358c4">
      <TestCategory>
        <TestCategoryItem TestCategory="Licensing" />
      </TestCategory>
      <Execution id="5855d009-18d1-4e29-b6f5-1e0474841e3a" />
      <TestMethod codeBase="D:\actions-runner\_work\XPCO\XPCO\Corporate\VideoOS.Server.UnitTests\bin\x64\Debug\net472\VideoOS.Server.UnitTests.dll" adapterTypeName="executor://mstestadapter/v2" className="VideoOS.Server.UnitTests.Licensing.LicenseManagerUnitTests" name="UpdateLicense_DeletesReplacementTokens_OnHardwareInTemporaryLicenseStorage" />
    </UnitTest>
    <UnitTest name="GenerateLicenseRequestAsXml_IncludesOnlyFeedNameInICPCollection_OnICP" storage="d:\actions-runner\_work\xpco\xpco\corporate\videoos.server.unittests\bin\x64\debug\net472\videoos.server.unittests.dll" id="15f924f4-2f7b-14ae-f0a3-9864c8f45825">
      <TestCategory>
        <TestCategoryItem TestCategory="Licensing" />
      </TestCategory>
      <Execution id="2da0896f-c451-4c8b-b9be-ce61997e94e3" />
      <TestMethod codeBase="D:\actions-runner\_work\XPCO\XPCO\Corporate\VideoOS.Server.UnitTests\bin\x64\Debug\net472\VideoOS.Server.UnitTests.dll" adapterTypeName="executor://mstestadapter/v2" className="VideoOS.Server.UnitTests.Licensing.LicenseRequestChannelTests" name="GenerateLicenseRequestAsXml_IncludesOnlyFeedNameInICPCollection_OnICP" />
    </UnitTest>
    <UnitTest name="CheckConfigurationDataSet_AAC_Hardware_NoAACSetting_NotLicensed_Sucess" storage="d:\actions-runner\_work\xpco\xpco\corporate\videoos.server.unittests\bin\x64\debug\net472\videoos.server.unittests.dll" id="92076d0f-acfe-255b-5fb1-f30e5a145d3b">
      <Execution id="4c292787-4037-4424-aa19-f208d94c2be0" />
      <TestMethod codeBase="D:\actions-runner\_work\XPCO\XPCO\Corporate\VideoOS.Server.UnitTests\bin\x64\Debug\net472\VideoOS.Server.UnitTests.dll" adapterTypeName="executor://mstestadapter/v2" className="VideoOS.Server.UnitTests.Licensing.LicenseFeatureCheckerTest" name="CheckConfigurationDataSet_AAC_Hardware_NoAACSetting_NotLicensed_Sucess" />
    </UnitTest>
    <UnitTest name="DeleteHardwareTaskCommandHandler_Constructor_Arguments_Null_Throws" storage="d:\actions-runner\_work\xpco\xpco\corporate\videoos.server.unittests\bin\x64\debug\net472\videoos.server.unittests.dll" id="26c3b5d9-f363-c07f-e330-95af8cd3b7ce">
      <Execution id="cb61aec1-36e2-4ca1-9628-04236c4bfff8" />
      <TestMethod codeBase="D:\actions-runner\_work\XPCO\XPCO\Corporate\VideoOS.Server.UnitTests\bin\x64\Debug\net472\VideoOS.Server.UnitTests.dll" adapterTypeName="executor://mstestadapter/v2" className="VideoOS.Server.UnitTests.CommandHandler.DeleteHardwareTaskCommandHandlerTest" name="DeleteHardwareTaskCommandHandler_Constructor_Arguments_Null_Throws" />
    </UnitTest>
    <UnitTest name="RecorderTaskStopped_ModelIsValid_Executed" storage="d:\actions-runner\_work\xpco\xpco\corporate\videoos.server.unittests\bin\x64\debug\net472\videoos.server.unittests.dll" id="c678b432-028d-2314-d5e0-c2e7439f5a1b">
      <Execution id="6c878e1f-6622-45a6-95bb-0fce90e3f85a" />
      <TestMethod codeBase="D:\actions-runner\_work\XPCO\XPCO\Corporate\VideoOS.Server.UnitTests\bin\x64\Debug\net472\VideoOS.Server.UnitTests.dll" adapterTypeName="executor://mstestadapter/v2" className="VideoOS.Server.UnitTests.TaskControllerTests" name="RecorderTaskStopped_ModelIsValid_Executed" />
    </UnitTest>
    <UnitTest name="HardwareInGraceNotOnWhiteList_ReplacedWithInheritance_HardwareNotOnWhiteList_MoreDevicesOnNewHardware_ShouldGiveDevicesNewGracePeriod" storage="d:\actions-runner\_work\xpco\xpco\corporate\videoos.server.unittests\bin\x64\debug\net472\videoos.server.unittests.dll" id="22a490c0-6acc-6ed1-db4f-f6924fd19704">
      <TestCategory>
        <TestCategoryItem TestCategory="Licensing Replace Hardware" />
        <TestCategoryItem TestCategory="Licensing" />
      </TestCategory>
      <Execution id="96274b8d-1898-4445-9f3c-55722a395518" />
      <TestMethod codeBase="D:\actions-runner\_work\XPCO\XPCO\Corporate\VideoOS.Server.UnitTests\bin\x64\Debug\net472\VideoOS.Server.UnitTests.dll" adapterTypeName="executor://mstestadapter/v2" className="VideoOS.Server.UnitTests.Licensing.LicenseAllocatorChannelTests" name="HardwareInGraceNotOnWhiteList_ReplacedWithInheritance_HardwareNotOnWhiteList_MoreDevicesOnNewHardware_ShouldGiveDevicesNewGracePeriod" />
    </UnitTest>
    <UnitTest name="WriteRecordingServerInformation_InvalidParameter_TextWriter_Null_ThrowsArgumentNullException" storage="d:\actions-runner\_work\xpco\xpco\corporate\videoos.server.unittests\bin\x64\debug\net472\videoos.server.unittests.dll" id="46c74980-8a1e-d86d-57a7-e63c9b00729d">
      <TestCategory>
        <TestCategoryItem TestCategory="Licensing" />
      </TestCategory>
      <Execution id="11c404b1-23e8-4ec6-8cfa-fb734e478268" />
      <TestMethod codeBase="D:\actions-runner\_work\XPCO\XPCO\Corporate\VideoOS.Server.UnitTests\bin\x64\Debug\net472\VideoOS.Server.UnitTests.dll" adapterTypeName="executor://mstestadapter/v2" className="VideoOS.Server.UnitTests.Licensing.LicenseRequestChannelTests" name="WriteRecordingServerInformation_InvalidParameter_TextWriter_Null_ThrowsArgumentNullException" />
    </UnitTest>
    <UnitTest name="ConfigurationDataSetLoader_GetHardwareByDeviceGroupId_Success" storage="d:\actions-runner\_work\xpco\xpco\corporate\videoos.server.unittests\bin\x64\debug\net472\videoos.server.unittests.dll" id="aea5dfb9-2254-cf07-0f94-f25708ec001e">
      <Execution id="70456d73-0f37-4f05-81d2-bccb9971259a" />
      <TestMethod codeBase="D:\actions-runner\_work\XPCO\XPCO\Corporate\VideoOS.Server.UnitTests\bin\x64\Debug\net472\VideoOS.Server.UnitTests.dll" adapterTypeName="executor://mstestadapter/v2" className="VideoOS.Server.UnitTests.Configuration.ConfigurationDataSetLoaderTests" name="ConfigurationDataSetLoader_GetHardwareByDeviceGroupId_Success" />
    </UnitTest>
    <UnitTest name="HardwareInCWAOnWhiteList_ReplacedWithInheritance_HardwareOnWhiteList_MixedCWAAllowed_SomeDevicesInCWA" storage="d:\actions-runner\_work\xpco\xpco\corporate\videoos.server.unittests\bin\x64\debug\net472\videoos.server.unittests.dll" id="d083f726-e76b-bd25-462e-728440f48f8e">
      <TestCategory>
        <TestCategoryItem TestCategory="Licensing Replace Hardware" />
        <TestCategoryItem TestCategory="Licensing" />
      </TestCategory>
      <Execution id="7167346c-a6c9-4ded-9020-21e14d03cfe1" />
      <TestMethod codeBase="D:\actions-runner\_work\XPCO\XPCO\Corporate\VideoOS.Server.UnitTests\bin\x64\Debug\net472\VideoOS.Server.UnitTests.dll" adapterTypeName="executor://mstestadapter/v2" className="VideoOS.Server.UnitTests.Licensing.LicenseAllocatorChannelTests" name="HardwareInCWAOnWhiteList_ReplacedWithInheritance_HardwareOnWhiteList_MixedCWAAllowed_SomeDevicesInCWA" />
    </UnitTest>
    <UnitTest name="RegisterRecorder_NoRecorderWorkTime_ServiceUnavailableResponseWithRetryAfter" storage="d:\actions-runner\_work\xpco\xpco\corporate\videoos.server.unittests\bin\x64\debug\net472\videoos.server.unittests.dll" id="d521a624-98c8-ffd7-d23b-ccfcf889cbc2">
      <Execution id="169d3d5e-ef43-42b8-b55b-c1212ae1ed67" />
      <TestMethod codeBase="D:\actions-runner\_work\XPCO\XPCO\Corporate\VideoOS.Server.UnitTests\bin\x64\Debug\net472\VideoOS.Server.UnitTests.dll" adapterTypeName="executor://mstestadapter/v2" className="VideoOS.Server.UnitTests.WebApi.Controllers.RecorderRegistrationControllerTests" name="RegisterRecorder_NoRecorderWorkTime_ServiceUnavailableResponseWithRetryAfter" />
    </UnitTest>
    <UnitTest name="AnalyzeAndCreateAuditLogs_ModifiedSecurityPermissionsDeviceRowAllVariationsThatGiveAuditLog_ReturnsOneAuditLog" storage="d:\actions-runner\_work\xpco\xpco\corporate\videoos.server.unittests\bin\x64\debug\net472\videoos.server.unittests.dll" id="d845b233-ac5e-a167-2fe4-a3b1d9f6146c">
      <Execution id="118861b8-7a9b-48a1-8798-345731c63fa5" />
      <TestMethod codeBase="D:\actions-runner\_work\XPCO\XPCO\Corporate\VideoOS.Server.UnitTests\bin\x64\Debug\net472\VideoOS.Server.UnitTests.dll" adapterTypeName="executor://mstestadapter/v2" className="VideoOS.Server.UnitTests.CommandHandler.DataSetAuditLogAnalyzerTests" name="AnalyzeAndCreateAuditLogs_ModifiedSecurityPermissionsDeviceRowAllVariationsThatGiveAuditLog_ReturnsOneAuditLog" />
    </UnitTest>
    <UnitTest name="DeviceLicense_AddNew_IsUpdated_RetrieveAsList_Success" storage="d:\actions-runner\_work\xpco\xpco\corporate\videoos.server.unittests\bin\x64\debug\net472\videoos.server.unittests.dll" id="2dec243a-efa5-1ca3-680b-6e69418d9fb9">
      <Execution id="9cb12d90-38ec-457b-a294-7857569c22c3" />
      <TestMethod codeBase="D:\actions-runner\_work\XPCO\XPCO\Corporate\VideoOS.Server.UnitTests\bin\x64\Debug\net472\VideoOS.Server.UnitTests.dll" adapterTypeName="executor://mstestadapter/v2" className="VideoOS.Server.UnitTests.Licensing.LicenseSnapshotTests" name="DeviceLicense_AddNew_IsUpdated_RetrieveAsList_Success" />
    </UnitTest>
    <UnitTest name="HardwareActivatedOnWhiteList_ReplacedWithInheritance_HardwareNotOnWhiteList_CWAAllowed_AllDevicesInCWA" storage="d:\actions-runner\_work\xpco\xpco\corporate\videoos.server.unittests\bin\x64\debug\net472\videoos.server.unittests.dll" id="d6460fef-7c1f-f733-199f-97b4a5b4124b">
      <TestCategory>
        <TestCategoryItem TestCategory="Licensing Replace Hardware" />
        <TestCategoryItem TestCategory="Licensing" />
      </TestCategory>
      <Execution id="9401517c-da14-428b-91e8-fe224f951b49" />
      <TestMethod codeBase="D:\actions-runner\_work\XPCO\XPCO\Corporate\VideoOS.Server.UnitTests\bin\x64\Debug\net472\VideoOS.Server.UnitTests.dll" adapterTypeName="executor://mstestadapter/v2" className="VideoOS.Server.UnitTests.Licensing.LicenseAllocatorChannelTests" name="HardwareActivatedOnWhiteList_ReplacedWithInheritance_HardwareNotOnWhiteList_CWAAllowed_AllDevicesInCWA" />
    </UnitTest>
    <UnitTest name="CheckForAutomaticActivationTrigger_ReturnsTrue_OnAddedDevice" storage="d:\actions-runner\_work\xpco\xpco\corporate\videoos.server.unittests\bin\x64\debug\net472\videoos.server.unittests.dll" id="6455e186-afd0-ed2c-2940-e86bf92fc908">
      <TestCategory>
        <TestCategoryItem TestCategory="Licensing" />
      </TestCategory>
      <Execution id="a92f8d53-5e2a-4894-b9b8-456cdbd499d0" />
      <TestMethod codeBase="D:\actions-runner\_work\XPCO\XPCO\Corporate\VideoOS.Server.UnitTests\bin\x64\Debug\net472\VideoOS.Server.UnitTests.dll" adapterTypeName="executor://mstestadapter/v2" className="VideoOS.Server.UnitTests.Commands.UpdateConfigurationManagerCommandHandlerTests" name="CheckForAutomaticActivationTrigger_ReturnsTrue_OnAddedDevice" />
    </UnitTest>
    <UnitTest name="AllocateLicenses_TwoMissingICPChannelLicenses_OnOneICPWithTwoCameras" storage="d:\actions-runner\_work\xpco\xpco\corporate\videoos.server.unittests\bin\x64\debug\net472\videoos.server.unittests.dll" id="b4e32be7-f876-d1d1-b34b-4d98d121b1bf">
      <Execution id="6e782f8d-c73a-496f-a468-9c0c48183d0f" />
      <TestMethod codeBase="D:\actions-runner\_work\XPCO\XPCO\Corporate\VideoOS.Server.UnitTests\bin\x64\Debug\net472\VideoOS.Server.UnitTests.dll" adapterTypeName="executor://mstestadapter/v2" className="VideoOS.Server.UnitTests.Licensing.LicenseAllocatorHardwareTests" name="AllocateLicenses_TwoMissingICPChannelLicenses_OnOneICPWithTwoCameras" />
    </UnitTest>
    <UnitTest name="ValidateStableFPS_WhenWhiteListedByModelName_WithFiveChannels_ExpectOneLicenseUsed" storage="d:\actions-runner\_work\xpco\xpco\corporate\videoos.server.unittests\bin\x64\debug\net472\videoos.server.unittests.dll" id="9c43e4bf-422f-da08-c99e-7748f79f67a9">
      <TestCategory>
        <TestCategoryItem TestCategory="Licensing" />
      </TestCategory>
      <Execution id="6736a2b1-c099-4b2a-8a8b-a03bfb2d8734" />
      <TestMethod codeBase="D:\actions-runner\_work\XPCO\XPCO\Corporate\VideoOS.Server.UnitTests\bin\x64\Debug\net472\VideoOS.Server.UnitTests.dll" adapterTypeName="executor://mstestadapter/v2" className="VideoOS.Server.UnitTests.Licensing.LicenseAllocatorChannelTests" name="ValidateStableFPS_WhenWhiteListedByModelName_WithFiveChannels_ExpectOneLicenseUsed" />
    </UnitTest>
    <UnitTest name="TaskHandling_InternalUpdateReparingTasks_Simpleupdate_Success" storage="d:\actions-runner\_work\xpco\xpco\corporate\videoos.server.unittests\bin\x64\debug\net472\videoos.server.unittests.dll" id="1bc809a8-afd9-bba4-87fb-170f78940090">
      <Execution id="ef8573a6-c80e-4738-87c4-d794e0030372" />
      <TestMethod codeBase="D:\actions-runner\_work\XPCO\XPCO\Corporate\VideoOS.Server.UnitTests\bin\x64\Debug\net472\VideoOS.Server.UnitTests.dll" adapterTypeName="executor://mstestadapter/v2" className="VideoOS.Server.UnitTests.Tasks.TaskHandlingUnitTests" name="TaskHandling_InternalUpdateReparingTasks_Simpleupdate_Success" />
    </UnitTest>
    <UnitTest name="HardwareInCWANotOnWhiteList_ReplacedWithInheritance_HardwareOnWhiteList_NoMoreCWAAllowed_NewHardwareInGrace" storage="d:\actions-runner\_work\xpco\xpco\corporate\videoos.server.unittests\bin\x64\debug\net472\videoos.server.unittests.dll" id="91dd978c-0ad7-4b3f-d8f2-34b667406e7e">
      <TestCategory>
        <TestCategoryItem TestCategory="Licensing Replace Hardware" />
        <TestCategoryItem TestCategory="Licensing" />
      </TestCategory>
      <Execution id="e6a99245-d50f-4ef9-902d-b4253a0602a9" />
      <TestMethod codeBase="D:\actions-runner\_work\XPCO\XPCO\Corporate\VideoOS.Server.UnitTests\bin\x64\Debug\net472\VideoOS.Server.UnitTests.dll" adapterTypeName="executor://mstestadapter/v2" className="VideoOS.Server.UnitTests.Licensing.LicenseAllocatorChannelTests" name="HardwareInCWANotOnWhiteList_ReplacedWithInheritance_HardwareOnWhiteList_NoMoreCWAAllowed_NewHardwareInGrace" />
    </UnitTest>
    <UnitTest name="AddHardwareUserCommandHandler_Execute_ReturnsCorrectResponsesOnExceptions" storage="d:\actions-runner\_work\xpco\xpco\corporate\videoos.server.unittests\bin\x64\debug\net472\videoos.server.unittests.dll" id="a529e5cf-ac95-72fa-5208-c7af22aa342e">
      <Execution id="bed3931b-ff33-4b9c-aa91-9a73d90faee7" />
      <TestMethod codeBase="D:\actions-runner\_work\XPCO\XPCO\Corporate\VideoOS.Server.UnitTests\bin\x64\Debug\net472\VideoOS.Server.UnitTests.dll" adapterTypeName="executor://mstestadapter/v2" className="VideoOS.Server.UnitTests.CommandHandler.AddHardwareUserCommandHandlerServerUnitTests" name="AddHardwareUserCommandHandler_Execute_ReturnsCorrectResponsesOnExceptions" />
    </UnitTest>
    <UnitTest name="CalculateFeeds_Success_EmptyWhiteList_NotInterconnected_FourDevices" storage="d:\actions-runner\_work\xpco\xpco\corporate\videoos.server.unittests\bin\x64\debug\net472\videoos.server.unittests.dll" id="ec02dab7-32bf-df64-f14e-12ec97d8852b">
      <TestCategory>
        <TestCategoryItem TestCategory="Licensing" />
      </TestCategory>
      <Execution id="d9e633d4-4dfb-443a-b291-8d01893e66fa" />
      <TestMethod codeBase="D:\actions-runner\_work\XPCO\XPCO\Corporate\VideoOS.Server.UnitTests\bin\x64\Debug\net472\VideoOS.Server.UnitTests.dll" adapterTypeName="executor://mstestadapter/v2" className="VideoOS.Server.UnitTests.Licensing.LicenseRequestChannelTests" name="CalculateFeeds_Success_EmptyWhiteList_NotInterconnected_FourDevices" />
    </UnitTest>
    <UnitTest name="GetHardwareNetworkSettingsCommandHandler_Execute_EmptyRecorderId_ReturnsFailResponse" storage="d:\actions-runner\_work\xpco\xpco\corporate\videoos.server.unittests\bin\x64\debug\net472\videoos.server.unittests.dll" id="6fa11eaa-f2fa-e99e-c4b6-60a0b63addf4">
      <Execution id="28cb175c-adfd-491e-8ee4-e3baa3caee2c" />
      <TestMethod codeBase="D:\actions-runner\_work\XPCO\XPCO\Corporate\VideoOS.Server.UnitTests\bin\x64\Debug\net472\VideoOS.Server.UnitTests.dll" adapterTypeName="executor://mstestadapter/v2" className="VideoOS.Server.UnitTests.CommandHandler.GetHardwareNetworkSettingsCommandHandlerUnitTests" name="GetHardwareNetworkSettingsCommandHandler_Execute_EmptyRecorderId_ReturnsFailResponse" />
    </UnitTest>
    <UnitTest name="MoveHardwareTaskCommandHandler_Constructor_Arguments_Null_Throws" storage="d:\actions-runner\_work\xpco\xpco\corporate\videoos.server.unittests\bin\x64\debug\net472\videoos.server.unittests.dll" id="d1a4749c-a512-c212-dd5c-736028403990">
      <Execution id="6f20a123-8e77-4385-836e-cf06d183410b" />
      <TestMethod codeBase="D:\actions-runner\_work\XPCO\XPCO\Corporate\VideoOS.Server.UnitTests\bin\x64\Debug\net472\VideoOS.Server.UnitTests.dll" adapterTypeName="executor://mstestadapter/v2" className="VideoOS.Server.UnitTests.CommandHandler.MoveHardwareTaskCommandHandlerTests" name="MoveHardwareTaskCommandHandler_Constructor_Arguments_Null_Throws" />
    </UnitTest>
    <UnitTest name="NextActivation_ShowsCorrectTime_OnActivationQueued" storage="d:\actions-runner\_work\xpco\xpco\corporate\videoos.server.unittests\bin\x64\debug\net472\videoos.server.unittests.dll" id="2ac6adc5-afd6-d16b-f490-c0a2f63e52d1">
      <TestCategory>
        <TestCategoryItem TestCategory="Licensing" />
      </TestCategory>
      <Execution id="6a6dad76-1684-4055-bef1-4eb01d32965b" />
      <TestMethod codeBase="D:\actions-runner\_work\XPCO\XPCO\Corporate\VideoOS.Server.UnitTests\bin\x64\Debug\net472\VideoOS.Server.UnitTests.dll" adapterTypeName="executor://mstestadapter/v2" className="VideoOS.Server.UnitTests.Licensing.ActivationManagerTests" name="NextActivation_ShowsCorrectTime_OnActivationQueued" />
    </UnitTest>
    <UnitTest name="SetHardwareNetworkSettingsCommandHandler_Execute_RecorderNotSupported_ReturnsCorrectResponse" storage="d:\actions-runner\_work\xpco\xpco\corporate\videoos.server.unittests\bin\x64\debug\net472\videoos.server.unittests.dll" id="d04b8e0f-d24d-a105-cfe4-63d813a80dcd">
      <Execution id="c8b2f74d-352d-43c0-88a7-f8315bdd8390" />
      <TestMethod codeBase="D:\actions-runner\_work\XPCO\XPCO\Corporate\VideoOS.Server.UnitTests\bin\x64\Debug\net472\VideoOS.Server.UnitTests.dll" adapterTypeName="executor://mstestadapter/v2" className="VideoOS.Server.UnitTests.CommandHandler.SetHardwareNetworkSettingsCommandHandlerUnitTests" name="SetHardwareNetworkSettingsCommandHandler_Execute_RecorderNotSupported_ReturnsCorrectResponse" />
    </UnitTest>
    <UnitTest name="GetCompleteConfiguration_RequestedWorkRejected_ServiceUnavailableResponseWithCorrectRetryAfterValue" storage="d:\actions-runner\_work\xpco\xpco\corporate\videoos.server.unittests\bin\x64\debug\net472\videoos.server.unittests.dll" id="707c8cef-f4b9-4d6c-816f-02a28a120756">
      <Execution id="a0b7fadf-0c51-4db6-a4b8-58a6cdee03d0" />
      <TestMethod codeBase="D:\actions-runner\_work\XPCO\XPCO\Corporate\VideoOS.Server.UnitTests\bin\x64\Debug\net472\VideoOS.Server.UnitTests.dll" adapterTypeName="executor://mstestadapter/v2" className="VideoOS.Server.UnitTests.ConfigurationControllerTests" name="GetCompleteConfiguration_RequestedWorkRejected_ServiceUnavailableResponseWithCorrectRetryAfterValue" />
    </UnitTest>
    <UnitTest name="GetRecorderLicense_AddsHardwareToGrace_OnOldHardwareUsingReplacementLimit" storage="d:\actions-runner\_work\xpco\xpco\corporate\videoos.server.unittests\bin\x64\debug\net472\videoos.server.unittests.dll" id="b9620a8c-f3e1-5558-91f6-f847710ba86c">
      <TestCategory>
        <TestCategoryItem TestCategory="Licensing" />
      </TestCategory>
      <Execution id="308fa33b-a668-48b1-95fc-e90e4ba0be1e" />
      <TestMethod codeBase="D:\actions-runner\_work\XPCO\XPCO\Corporate\VideoOS.Server.UnitTests\bin\x64\Debug\net472\VideoOS.Server.UnitTests.dll" adapterTypeName="executor://mstestadapter/v2" className="VideoOS.Server.UnitTests.Licensing.LicenseManagerUnitTests" name="GetRecorderLicense_AddsHardwareToGrace_OnOldHardwareUsingReplacementLimit" />
    </UnitTest>
    <UnitTest name="ValidateCounts_AddLicensesForMixedHardwareAndChannels_EnsureCountCorrect" storage="d:\actions-runner\_work\xpco\xpco\corporate\videoos.server.unittests\bin\x64\debug\net472\videoos.server.unittests.dll" id="df70ed32-006d-5c93-6db8-327bf848aec2">
      <TestCategory>
        <TestCategoryItem TestCategory="Licensing" />
      </TestCategory>
      <Execution id="5f2f9864-7bc7-4c25-90d4-cf9a9b799b49" />
      <TestMethod codeBase="D:\actions-runner\_work\XPCO\XPCO\Corporate\VideoOS.Server.UnitTests\bin\x64\Debug\net472\VideoOS.Server.UnitTests.dll" adapterTypeName="executor://mstestadapter/v2" className="VideoOS.Server.UnitTests.Licensing.LicenseCountManagerUnitTests" name="ValidateCounts_AddLicensesForMixedHardwareAndChannels_EnsureCountCorrect" />
    </UnitTest>
    <UnitTest name="ActivateUserDefinedEventOnRemoteSiteCommand_ModelIsNull_BadRequestResult" storage="d:\actions-runner\_work\xpco\xpco\corporate\videoos.server.unittests\bin\x64\debug\net472\videoos.server.unittests.dll" id="bf0ddccc-6576-143a-b9dd-531f9f8eb094">
      <Execution id="16fc617e-8b48-4594-b824-b4f077c7522e" />
      <TestMethod codeBase="D:\actions-runner\_work\XPCO\XPCO\Corporate\VideoOS.Server.UnitTests\bin\x64\Debug\net472\VideoOS.Server.UnitTests.dll" adapterTypeName="executor://mstestadapter/v2" className="VideoOS.Server.UnitTests.WebApi.Controllers.EventCommandsControllerTests" name="ActivateUserDefinedEventOnRemoteSiteCommand_ModelIsNull_BadRequestResult" />
    </UnitTest>
    <UnitTest name="DeleteHardwareTaskCommandHandler_Execute_Succeeded" storage="d:\actions-runner\_work\xpco\xpco\corporate\videoos.server.unittests\bin\x64\debug\net472\videoos.server.unittests.dll" id="71073285-cc2d-f8d3-1325-46ab19b4f857">
      <Execution id="c14252a9-64a0-4476-8c1e-c2bf800fe89c" />
      <TestMethod codeBase="D:\actions-runner\_work\XPCO\XPCO\Corporate\VideoOS.Server.UnitTests\bin\x64\Debug\net472\VideoOS.Server.UnitTests.dll" adapterTypeName="executor://mstestadapter/v2" className="VideoOS.Server.UnitTests.CommandHandler.DeleteHardwareTaskCommandHandlerTest" name="DeleteHardwareTaskCommandHandler_Execute_Succeeded" />
    </UnitTest>
    <UnitTest name="ChangeHardwarePasswordRuleAction_Execute_TwoRuns_TwoMonitorsCreated" storage="d:\actions-runner\_work\xpco\xpco\corporate\videoos.server.unittests\bin\x64\debug\net472\videoos.server.unittests.dll" id="e625724b-e6ca-04fb-3a90-a86071459cbe">
      <Execution id="3a1290c1-c657-4655-a754-d00aafa56147" />
      <TestMethod codeBase="D:\actions-runner\_work\XPCO\XPCO\Corporate\VideoOS.Server.UnitTests\bin\x64\Debug\net472\VideoOS.Server.UnitTests.dll" adapterTypeName="executor://mstestadapter/v2" className="VideoOS.Server.UnitTests.RuleActions.ChangeHardwarePasswordRuleActionUnitTests" name="ChangeHardwarePasswordRuleAction_Execute_TwoRuns_TwoMonitorsCreated" />
    </UnitTest>
    <UnitTest name="VideoWallCommand_ModelIsValid_CommandExecuted" storage="d:\actions-runner\_work\xpco\xpco\corporate\videoos.server.unittests\bin\x64\debug\net472\videoos.server.unittests.dll" id="45645b5a-6126-a203-b770-e801119174e8">
      <Execution id="88e54ce5-4ebf-4004-800f-e247a972b396" />
      <TestMethod codeBase="D:\actions-runner\_work\XPCO\XPCO\Corporate\VideoOS.Server.UnitTests\bin\x64\Debug\net472\VideoOS.Server.UnitTests.dll" adapterTypeName="executor://mstestadapter/v2" className="VideoOS.Server.UnitTests.ServerCommmandsControllerTests" name="VideoWallCommand_ModelIsValid_CommandExecuted" />
    </UnitTest>
    <UnitTest name="UpdateLicense_AllocatesOneLicense_OnSameHwOnTwoRecordingServers" storage="d:\actions-runner\_work\xpco\xpco\corporate\videoos.server.unittests\bin\x64\debug\net472\videoos.server.unittests.dll" id="943d231e-70f8-ceaa-0060-065fafdfea23">
      <TestCategory>
        <TestCategoryItem TestCategory="Licensing" />
      </TestCategory>
      <Execution id="619a1453-9835-4bf8-8177-4a61bd787382" />
      <TestMethod codeBase="D:\actions-runner\_work\XPCO\XPCO\Corporate\VideoOS.Server.UnitTests\bin\x64\Debug\net472\VideoOS.Server.UnitTests.dll" adapterTypeName="executor://mstestadapter/v2" className="VideoOS.Server.UnitTests.Licensing.LicenseManagerUnitTests" name="UpdateLicense_AllocatesOneLicense_OnSameHwOnTwoRecordingServers" />
    </UnitTest>
    <UnitTest name="AnalyzeAndCreateAuditLogs_DeletedSecurityPermissionsRow_ReturnsOneAuditLog" storage="d:\actions-runner\_work\xpco\xpco\corporate\videoos.server.unittests\bin\x64\debug\net472\videoos.server.unittests.dll" id="1fa2fbb8-2a8b-5927-1669-f04f3629060e">
      <Execution id="08766ea1-dda5-4990-8045-13ac3a2ea73b" />
      <TestMethod codeBase="D:\actions-runner\_work\XPCO\XPCO\Corporate\VideoOS.Server.UnitTests\bin\x64\Debug\net472\VideoOS.Server.UnitTests.dll" adapterTypeName="executor://mstestadapter/v2" className="VideoOS.Server.UnitTests.CommandHandler.DataSetAuditLogAnalyzerTests" name="AnalyzeAndCreateAuditLogs_DeletedSecurityPermissionsRow_ReturnsOneAuditLog" />
    </UnitTest>
    <UnitTest name="HardwareInCWAOnWhiteList_ReplacedWithNoInheritance_HardwareNotOnWhiteList_NoMoreCWAAllowed_FewerChannelsOnReplacedHardware_NewDevicesInGrace" storage="d:\actions-runner\_work\xpco\xpco\corporate\videoos.server.unittests\bin\x64\debug\net472\videoos.server.unittests.dll" id="6aa349d6-952a-6cb8-3b52-449c35603c8a">
      <TestCategory>
        <TestCategoryItem TestCategory="Licensing Replace Hardware" />
        <TestCategoryItem TestCategory="Licensing" />
      </TestCategory>
      <Execution id="76f09f86-8725-41de-9140-a61ac2eb2612" />
      <TestMethod codeBase="D:\actions-runner\_work\XPCO\XPCO\Corporate\VideoOS.Server.UnitTests\bin\x64\Debug\net472\VideoOS.Server.UnitTests.dll" adapterTypeName="executor://mstestadapter/v2" className="VideoOS.Server.UnitTests.Licensing.LicenseAllocatorChannelTests" name="HardwareInCWAOnWhiteList_ReplacedWithNoInheritance_HardwareNotOnWhiteList_NoMoreCWAAllowed_FewerChannelsOnReplacedHardware_NewDevicesInGrace" />
    </UnitTest>
    <UnitTest name="CreateServerLicenseRequest_FailsWithIntegrationRegistrationsNotFound" storage="d:\actions-runner\_work\xpco\xpco\corporate\videoos.server.unittests\bin\x64\debug\net472\videoos.server.unittests.dll" id="e68f7d42-f59c-4600-6af3-d7b4b8daacca">
      <TestCategory>
        <TestCategoryItem TestCategory="Licensing" />
      </TestCategory>
      <Execution id="56804be2-0801-4fbb-b0ad-6b7198d81a0d" />
      <TestMethod codeBase="D:\actions-runner\_work\XPCO\XPCO\Corporate\VideoOS.Server.UnitTests\bin\x64\Debug\net472\VideoOS.Server.UnitTests.dll" adapterTypeName="executor://mstestadapter/v2" className="VideoOS.Server.UnitTests.Licensing.LicenseManagerUnitTests" name="CreateServerLicenseRequest_FailsWithIntegrationRegistrationsNotFound" />
    </UnitTest>
    <UnitTest name="AsyncTaskMonitor_TaskThrows_HandlesGracefully" storage="d:\actions-runner\_work\xpco\xpco\corporate\videoos.server.unittests\bin\x64\debug\net472\videoos.server.unittests.dll" id="b7373cf3-1c5f-f7ab-d64e-4cafcd566aac">
      <Execution id="955baa07-969b-412a-b736-9f56f6457ef7" />
      <TestMethod codeBase="D:\actions-runner\_work\XPCO\XPCO\Corporate\VideoOS.Server.UnitTests\bin\x64\Debug\net472\VideoOS.Server.UnitTests.dll" adapterTypeName="executor://mstestadapter/v2" className="VideoOS.Server.UnitTests.Tasks.AsyncTaskMonitorUnitTests" name="AsyncTaskMonitor_TaskThrows_HandlesGracefully" />
    </UnitTest>
    <UnitTest name="HardwareLicense_GetExpireDate_NullHardwareInfo_Throws_ArgumentNullException" storage="d:\actions-runner\_work\xpco\xpco\corporate\videoos.server.unittests\bin\x64\debug\net472\videoos.server.unittests.dll" id="79692448-4334-8217-153a-6c48b576df43">
      <Execution id="fe9295cc-74dd-42d1-9f4f-984365e1fac4" />
      <TestMethod codeBase="D:\actions-runner\_work\XPCO\XPCO\Corporate\VideoOS.Server.UnitTests\bin\x64\Debug\net472\VideoOS.Server.UnitTests.dll" adapterTypeName="executor://mstestadapter/v2" className="VideoOS.Server.UnitTests.Licensing.LicenseSnapshotTests" name="HardwareLicense_GetExpireDate_NullHardwareInfo_Throws_ArgumentNullException" />
    </UnitTest>
    <UnitTest name="DeleteIdpUserTaskCommandHandlerTests_ExecuteThrowsUserNotFound_ResponseSuccess" storage="d:\actions-runner\_work\xpco\xpco\corporate\videoos.server.unittests\bin\x64\debug\net472\videoos.server.unittests.dll" id="03f70150-34c7-4756-ca7d-89e353dce8de">
      <Execution id="f0f487f5-9cc2-4c5b-9805-fb99813b81f8" />
      <TestMethod codeBase="D:\actions-runner\_work\XPCO\XPCO\Corporate\VideoOS.Server.UnitTests\bin\x64\Debug\net472\VideoOS.Server.UnitTests.dll" adapterTypeName="executor://mstestadapter/v2" className="VideoOS.Server.UnitTests.CommandHandler.DeleteIdpUserTaskCommandHandlerTests" name="DeleteIdpUserTaskCommandHandlerTests_ExecuteThrowsUserNotFound_ResponseSuccess" />
    </UnitTest>
    <UnitTest name="AllocateLicenses_FourUsed_OnFourHardwareFiveCameraChannelsAndFourAvailableLicenses" storage="d:\actions-runner\_work\xpco\xpco\corporate\videoos.server.unittests\bin\x64\debug\net472\videoos.server.unittests.dll" id="9055a335-95d1-4600-b49a-8428d4caf3a5">
      <TestCategory>
        <TestCategoryItem TestCategory="Licensing" />
      </TestCategory>
      <Execution id="8fdd4756-d580-4cc6-922b-d257c54f4c16" />
      <TestMethod codeBase="D:\actions-runner\_work\XPCO\XPCO\Corporate\VideoOS.Server.UnitTests\bin\x64\Debug\net472\VideoOS.Server.UnitTests.dll" adapterTypeName="executor://mstestadapter/v2" className="VideoOS.Server.UnitTests.Licensing.LicenseAllocatorHardwareTests" name="AllocateLicenses_FourUsed_OnFourHardwareFiveCameraChannelsAndFourAvailableLicenses" />
    </UnitTest>
    <UnitTest name="Get_RecorderNotFoundException_Handled" storage="d:\actions-runner\_work\xpco\xpco\corporate\videoos.server.unittests\bin\x64\debug\net472\videoos.server.unittests.dll" id="b6678187-a9b9-f1aa-76c8-f5999e513d01">
      <Execution id="2a253834-1870-4b15-b9b3-95c6fdfdf9fe" />
      <TestMethod codeBase="D:\actions-runner\_work\XPCO\XPCO\Corporate\VideoOS.Server.UnitTests\bin\x64\Debug\net472\VideoOS.Server.UnitTests.dll" adapterTypeName="executor://mstestadapter/v2" className="VideoOS.Server.UnitTests.WebApi.Controllers.SecurityTokenControllerTest" name="Get_RecorderNotFoundException_Handled" />
    </UnitTest>
    <UnitTest name="UpdateHardwareDriverCommandHandler_Execute_MacChanged_SqlException_Error" storage="d:\actions-runner\_work\xpco\xpco\corporate\videoos.server.unittests\bin\x64\debug\net472\videoos.server.unittests.dll" id="6c521b59-2ad9-2f66-d7c4-cdc4d9f4eda5">
      <Execution id="cfe72633-0ccf-4de8-803a-991e998db77e" />
      <TestMethod codeBase="D:\actions-runner\_work\XPCO\XPCO\Corporate\VideoOS.Server.UnitTests\bin\x64\Debug\net472\VideoOS.Server.UnitTests.dll" adapterTypeName="executor://mstestadapter/v2" className="VideoOS.Server.UnitTests.CommandHandler.UpdateHardwareDriverCommandHandlerTests" name="UpdateHardwareDriverCommandHandler_Execute_MacChanged_SqlException_Error" />
    </UnitTest>
    <UnitTest name="DeviceLicense_FindById_Found_ReturnsValidInstance" storage="d:\actions-runner\_work\xpco\xpco\corporate\videoos.server.unittests\bin\x64\debug\net472\videoos.server.unittests.dll" id="34db90ba-7cc6-925f-b388-252fcd27491d">
      <Execution id="d1e817b2-3741-4a2a-a738-4e1310c21c2e" />
      <TestMethod codeBase="D:\actions-runner\_work\XPCO\XPCO\Corporate\VideoOS.Server.UnitTests\bin\x64\Debug\net472\VideoOS.Server.UnitTests.dll" adapterTypeName="executor://mstestadapter/v2" className="VideoOS.Server.UnitTests.Licensing.LicenseSnapshotTests" name="DeviceLicense_FindById_Found_ReturnsValidInstance" />
    </UnitTest>
    <UnitTest name="SetHardwareNetworkSettingsCommandHandler_Execute_EmptyRecorderId_ReturnsFailResponse" storage="d:\actions-runner\_work\xpco\xpco\corporate\videoos.server.unittests\bin\x64\debug\net472\videoos.server.unittests.dll" id="5ec127f6-d2e6-9022-fc7d-9ae5e2a5b56e">
      <Execution id="2484c642-7d3f-4b93-a6b4-f6def19c2d28" />
      <TestMethod codeBase="D:\actions-runner\_work\XPCO\XPCO\Corporate\VideoOS.Server.UnitTests\bin\x64\Debug\net472\VideoOS.Server.UnitTests.dll" adapterTypeName="executor://mstestadapter/v2" className="VideoOS.Server.UnitTests.CommandHandler.SetHardwareNetworkSettingsCommandHandlerUnitTests" name="SetHardwareNetworkSettingsCommandHandler_Execute_EmptyRecorderId_ReturnsFailResponse" />
    </UnitTest>
    <UnitTest name="AllocateLicenses_NotActivated_TwoDevices_FiveEnabledCameraChannels_LicenseCountFive_HardwareWithNoCamera" storage="d:\actions-runner\_work\xpco\xpco\corporate\videoos.server.unittests\bin\x64\debug\net472\videoos.server.unittests.dll" id="6699914d-cf53-e9b3-e712-5eb151f64c53">
      <TestCategory>
        <TestCategoryItem TestCategory="Licensing" />
      </TestCategory>
      <Execution id="d2f7d4e6-be9b-4260-ad75-3a2ee94fb5b7" />
      <TestMethod codeBase="D:\actions-runner\_work\XPCO\XPCO\Corporate\VideoOS.Server.UnitTests\bin\x64\Debug\net472\VideoOS.Server.UnitTests.dll" adapterTypeName="executor://mstestadapter/v2" className="VideoOS.Server.UnitTests.Licensing.LicenseAllocatorChannelTests" name="AllocateLicenses_NotActivated_TwoDevices_FiveEnabledCameraChannels_LicenseCountFive_HardwareWithNoCamera" />
    </UnitTest>
    <UnitTest name="AsyncTaskMonitor_Timeout" storage="d:\actions-runner\_work\xpco\xpco\corporate\videoos.server.unittests\bin\x64\debug\net472\videoos.server.unittests.dll" id="41b0d6a6-4a5c-1637-6902-b979ccb484fa">
      <Execution id="afb5fda6-fd96-4ae3-8756-ed0111ed7cc6" />
      <TestMethod codeBase="D:\actions-runner\_work\XPCO\XPCO\Corporate\VideoOS.Server.UnitTests\bin\x64\Debug\net472\VideoOS.Server.UnitTests.dll" adapterTypeName="executor://mstestadapter/v2" className="VideoOS.Server.UnitTests.Tasks.AsyncTaskMonitorUnitTests" name="AsyncTaskMonitor_Timeout" />
    </UnitTest>
    <UnitTest name="GetHardwareUsersCommandHandler_Execute_EmptyHardwareId_ReturnsFailResponse" storage="d:\actions-runner\_work\xpco\xpco\corporate\videoos.server.unittests\bin\x64\debug\net472\videoos.server.unittests.dll" id="f51e7d15-bb07-1f77-c496-763527081ab8">
      <Execution id="01635554-003c-4bcf-ab69-f2551eb2d2db" />
      <TestMethod codeBase="D:\actions-runner\_work\XPCO\XPCO\Corporate\VideoOS.Server.UnitTests\bin\x64\Debug\net472\VideoOS.Server.UnitTests.dll" adapterTypeName="executor://mstestadapter/v2" className="VideoOS.Server.UnitTests.CommandHandler.GetHardwareUsersCommandHandlerUnitTests" name="GetHardwareUsersCommandHandler_Execute_EmptyHardwareId_ReturnsFailResponse" />
    </UnitTest>
    <UnitTest name="LicenseInfoXmlWriter_CreateLicenseInformationXml_SetsProductName" storage="d:\actions-runner\_work\xpco\xpco\corporate\videoos.server.unittests\bin\x64\debug\net472\videoos.server.unittests.dll" id="999e9ea0-681f-8b49-c2df-3675d5adf154">
      <TestCategory>
        <TestCategoryItem TestCategory="Licensing" />
      </TestCategory>
      <Execution id="99dc0170-f591-4be0-bd9d-f7b3f9c73326" />
      <TestMethod codeBase="D:\actions-runner\_work\XPCO\XPCO\Corporate\VideoOS.Server.UnitTests\bin\x64\Debug\net472\VideoOS.Server.UnitTests.dll" adapterTypeName="executor://mstestadapter/v2" className="VideoOS.Server.UnitTests.Licensing.LicenseInfoXmlWriterTests" name="LicenseInfoXmlWriter_CreateLicenseInformationXml_SetsProductName" />
    </UnitTest>
    <UnitTest name="TwoHardware_SameMacAddress_DifferentRecordingServers_BothICPAndNonICP_VaryingFeedsOnEach_CountsAreCorrect" storage="d:\actions-runner\_work\xpco\xpco\corporate\videoos.server.unittests\bin\x64\debug\net472\videoos.server.unittests.dll" id="0bc2cc52-980c-a75a-9eb4-2ea598b58d97">
      <TestCategory>
        <TestCategoryItem TestCategory="Licensing" />
      </TestCategory>
      <Execution id="ae675cff-9f58-44c6-b9b6-ba9ff64d9394" />
      <TestMethod codeBase="D:\actions-runner\_work\XPCO\XPCO\Corporate\VideoOS.Server.UnitTests\bin\x64\Debug\net472\VideoOS.Server.UnitTests.dll" adapterTypeName="executor://mstestadapter/v2" className="VideoOS.Server.UnitTests.Licensing.LicenseRequestChannelTests" name="TwoHardware_SameMacAddress_DifferentRecordingServers_BothICPAndNonICP_VaryingFeedsOnEach_CountsAreCorrect" />
    </UnitTest>
    <UnitTest name="Recorder_FindById_Returns_Instance" storage="d:\actions-runner\_work\xpco\xpco\corporate\videoos.server.unittests\bin\x64\debug\net472\videoos.server.unittests.dll" id="b9884ef5-7b7b-37a1-3241-b5d8c9986602">
      <Execution id="c0c092ac-63f3-4084-902e-a0fb7e67f918" />
      <TestMethod codeBase="D:\actions-runner\_work\XPCO\XPCO\Corporate\VideoOS.Server.UnitTests\bin\x64\Debug\net472\VideoOS.Server.UnitTests.dll" adapterTypeName="executor://mstestadapter/v2" className="VideoOS.Server.UnitTests.Licensing.LicenseSnapshotTests" name="Recorder_FindById_Returns_Instance" />
    </UnitTest>
    <UnitTest name="HardwareInCWANotOnWhiteList_ReplacedWithInheritance_HardwareOnWhiteList_MixedCWAAllowed_MoreChannelsOnReplacedHardware_NewHardwareInCWA" storage="d:\actions-runner\_work\xpco\xpco\corporate\videoos.server.unittests\bin\x64\debug\net472\videoos.server.unittests.dll" id="9e5f61e1-a7a2-986f-1a43-a3aac7b85c5c">
      <TestCategory>
        <TestCategoryItem TestCategory="Licensing Replace Hardware" />
        <TestCategoryItem TestCategory="Licensing" />
      </TestCategory>
      <Execution id="bea78ff3-9729-4451-953d-4d8e12552218" />
      <TestMethod codeBase="D:\actions-runner\_work\XPCO\XPCO\Corporate\VideoOS.Server.UnitTests\bin\x64\Debug\net472\VideoOS.Server.UnitTests.dll" adapterTypeName="executor://mstestadapter/v2" className="VideoOS.Server.UnitTests.Licensing.LicenseAllocatorChannelTests" name="HardwareInCWANotOnWhiteList_ReplacedWithInheritance_HardwareOnWhiteList_MixedCWAAllowed_MoreChannelsOnReplacedHardware_NewHardwareInCWA" />
    </UnitTest>
    <UnitTest name="SuccessResponse_ModelIsValid_CommandExecuted" storage="d:\actions-runner\_work\xpco\xpco\corporate\videoos.server.unittests\bin\x64\debug\net472\videoos.server.unittests.dll" id="a5fd458a-677f-ccc2-2972-ad7870ebe3f1">
      <Execution id="14cd37ae-7773-4109-abc5-bbb691114614" />
      <TestMethod codeBase="D:\actions-runner\_work\XPCO\XPCO\Corporate\VideoOS.Server.UnitTests\bin\x64\Debug\net472\VideoOS.Server.UnitTests.dll" adapterTypeName="executor://mstestadapter/v2" className="VideoOS.Server.UnitTests.WebApi.ResponseControllerTest" name="SuccessResponse_ModelIsValid_CommandExecuted" />
    </UnitTest>
    <UnitTest name="AllocateLicenses_TwoHardware_OneLicense_OneHardwareWithNoCameraDevices" storage="d:\actions-runner\_work\xpco\xpco\corporate\videoos.server.unittests\bin\x64\debug\net472\videoos.server.unittests.dll" id="8ce6542e-fbae-6f63-9777-4cd66f576c67">
      <TestCategory>
        <TestCategoryItem TestCategory="Licensing" />
      </TestCategory>
      <Execution id="e69d0c2a-1993-4956-bdc1-03b21f819802" />
      <TestMethod codeBase="D:\actions-runner\_work\XPCO\XPCO\Corporate\VideoOS.Server.UnitTests\bin\x64\Debug\net472\VideoOS.Server.UnitTests.dll" adapterTypeName="executor://mstestadapter/v2" className="VideoOS.Server.UnitTests.Licensing.LicenseAllocatorChannelTests" name="AllocateLicenses_TwoHardware_OneLicense_OneHardwareWithNoCameraDevices" />
    </UnitTest>
    <UnitTest name="SetupInitialHardwareUserCommandHandler_Execute_Success_LogsAuditLog" storage="d:\actions-runner\_work\xpco\xpco\corporate\videoos.server.unittests\bin\x64\debug\net472\videoos.server.unittests.dll" id="bb233e78-c6cd-3b23-3c0f-9785ec4ccd11">
      <Execution id="809bc475-73f3-405f-aadf-5cccc51c1b83" />
      <TestMethod codeBase="D:\actions-runner\_work\XPCO\XPCO\Corporate\VideoOS.Server.UnitTests\bin\x64\Debug\net472\VideoOS.Server.UnitTests.dll" adapterTypeName="executor://mstestadapter/v2" className="VideoOS.Server.UnitTests.CommandHandler.SetupInitialHardwareUserCommandHandlerUnitTests" name="SetupInitialHardwareUserCommandHandler_Execute_Success_LogsAuditLog" />
    </UnitTest>
    <UnitTest name="RegisterRecorder_NotCompatible_ReturnsOKNotCompatible" storage="d:\actions-runner\_work\xpco\xpco\corporate\videoos.server.unittests\bin\x64\debug\net472\videoos.server.unittests.dll" id="5ab640ef-9d1c-45b8-fae5-6ee62af4d9aa">
      <Execution id="e52f41c0-8e50-4f9b-93fc-61486efedac7" />
      <TestMethod codeBase="D:\actions-runner\_work\XPCO\XPCO\Corporate\VideoOS.Server.UnitTests\bin\x64\Debug\net472\VideoOS.Server.UnitTests.dll" adapterTypeName="executor://mstestadapter/v2" className="VideoOS.Server.UnitTests.WebApi.Controllers.RecorderRegistrationControllerTests" name="RegisterRecorder_NotCompatible_ReturnsOKNotCompatible" />
    </UnitTest>
    <UnitTest name="HardwareInCWAOnWhiteList_ReplacedWithInheritance_HardwareOnWhiteList_CWAAllowed_FewerChannelsOnReplacedHardware_NewHardwareInCWA" storage="d:\actions-runner\_work\xpco\xpco\corporate\videoos.server.unittests\bin\x64\debug\net472\videoos.server.unittests.dll" id="e64fac0c-e0e6-f658-b126-2e844c7eee5c">
      <TestCategory>
        <TestCategoryItem TestCategory="Licensing Replace Hardware" />
        <TestCategoryItem TestCategory="Licensing" />
      </TestCategory>
      <Execution id="b402dcad-39e9-4268-9e7a-6f198b6e3721" />
      <TestMethod codeBase="D:\actions-runner\_work\XPCO\XPCO\Corporate\VideoOS.Server.UnitTests\bin\x64\Debug\net472\VideoOS.Server.UnitTests.dll" adapterTypeName="executor://mstestadapter/v2" className="VideoOS.Server.UnitTests.Licensing.LicenseAllocatorChannelTests" name="HardwareInCWAOnWhiteList_ReplacedWithInheritance_HardwareOnWhiteList_CWAAllowed_FewerChannelsOnReplacedHardware_NewHardwareInCWA" />
    </UnitTest>
    <UnitTest name="FirmwareUpgradeTaskCommandHandler_Execute_Failed_ErrorAlreadyRunning" storage="d:\actions-runner\_work\xpco\xpco\corporate\videoos.server.unittests\bin\x64\debug\net472\videoos.server.unittests.dll" id="1c1af5bc-0ede-5235-4c2d-8d486728c2d8">
      <Execution id="f33f60d8-219b-45a3-acc9-dcb66ca6d4be" />
      <TestMethod codeBase="D:\actions-runner\_work\XPCO\XPCO\Corporate\VideoOS.Server.UnitTests\bin\x64\Debug\net472\VideoOS.Server.UnitTests.dll" adapterTypeName="executor://mstestadapter/v2" className="VideoOS.Server.UnitTests.CommandHandler.FirmwareUpgradeTaskCommandHandlerTests" name="FirmwareUpgradeTaskCommandHandler_Execute_Failed_ErrorAlreadyRunning" />
    </UnitTest>
    <UnitTest name="AllocateLicenses_Activated_OneDevice_Camera_ReplacementMaxGrows" storage="d:\actions-runner\_work\xpco\xpco\corporate\videoos.server.unittests\bin\x64\debug\net472\videoos.server.unittests.dll" id="5f66b9d2-22ca-7206-e977-67e129a94bf3">
      <TestCategory>
        <TestCategoryItem TestCategory="Licensing" />
      </TestCategory>
      <Execution id="3267995e-64ee-4776-935e-0f2450a766a6" />
      <TestMethod codeBase="D:\actions-runner\_work\XPCO\XPCO\Corporate\VideoOS.Server.UnitTests\bin\x64\Debug\net472\VideoOS.Server.UnitTests.dll" adapterTypeName="executor://mstestadapter/v2" className="VideoOS.Server.UnitTests.Licensing.LicenseAllocatorChannelTests" name="AllocateLicenses_Activated_OneDevice_Camera_ReplacementMaxGrows" />
    </UnitTest>
    <UnitTest name="IsActivationRequired_Success_ActivationRequired_FourDevices" storage="d:\actions-runner\_work\xpco\xpco\corporate\videoos.server.unittests\bin\x64\debug\net472\videoos.server.unittests.dll" id="901a68aa-7787-c851-1b49-e53cb2749abf">
      <TestCategory>
        <TestCategoryItem TestCategory="Licensing" />
      </TestCategory>
      <Execution id="bfafa99d-efda-460d-b47b-f3c6e3aae0f2" />
      <TestMethod codeBase="D:\actions-runner\_work\XPCO\XPCO\Corporate\VideoOS.Server.UnitTests\bin\x64\Debug\net472\VideoOS.Server.UnitTests.dll" adapterTypeName="executor://mstestadapter/v2" className="VideoOS.Server.UnitTests.Licensing.LicenseRequestChannelTests" name="IsActivationRequired_Success_ActivationRequired_FourDevices" />
    </UnitTest>
    <UnitTest name="UpdateLicenseSnapshot_ValidateAllocationCompletedSuccesfully_Success" storage="d:\actions-runner\_work\xpco\xpco\corporate\videoos.server.unittests\bin\x64\debug\net472\videoos.server.unittests.dll" id="76f09949-db06-6167-1791-8445bfb657bf">
      <TestCategory>
        <TestCategoryItem TestCategory="Licensing" />
      </TestCategory>
      <Execution id="5435f58e-1a00-4d0f-bd34-f30403960f50" />
      <TestMethod codeBase="D:\actions-runner\_work\XPCO\XPCO\Corporate\VideoOS.Server.UnitTests\bin\x64\Debug\net472\VideoOS.Server.UnitTests.dll" adapterTypeName="executor://mstestadapter/v2" className="VideoOS.Server.UnitTests.Licensing.LicenseManagerUnitTests" name="UpdateLicenseSnapshot_ValidateAllocationCompletedSuccesfully_Success" />
    </UnitTest>
    <UnitTest name="ChannelLicenseCountManager_AddLicensedCameraFeed_NullHardwareInfo_ThrowsArgumentNullException" storage="d:\actions-runner\_work\xpco\xpco\corporate\videoos.server.unittests\bin\x64\debug\net472\videoos.server.unittests.dll" id="4ab6e189-06f3-17c5-6204-02c05e7c73d1">
      <TestCategory>
        <TestCategoryItem TestCategory="Licensing" />
      </TestCategory>
      <Execution id="790915d2-575d-47f7-b2b1-b3c330b4100c" />
      <TestMethod codeBase="D:\actions-runner\_work\XPCO\XPCO\Corporate\VideoOS.Server.UnitTests\bin\x64\Debug\net472\VideoOS.Server.UnitTests.dll" adapterTypeName="executor://mstestadapter/v2" className="VideoOS.Server.UnitTests.Licensing.LicenseCountManagerUnitTests" name="ChannelLicenseCountManager_AddLicensedCameraFeed_NullHardwareInfo_ThrowsArgumentNullException" />
    </UnitTest>
    <UnitTest name="EventCollectorConstructor_Consumer_Null" storage="d:\actions-runner\_work\xpco\xpco\corporate\videoos.server.unittests\bin\x64\debug\net472\videoos.server.unittests.dll" id="685aac09-7641-90d9-0dcb-7354f3e27e03">
      <Execution id="5abf4fec-2fbe-47ea-b136-521c8cfda059" />
      <TestMethod codeBase="D:\actions-runner\_work\XPCO\XPCO\Corporate\VideoOS.Server.UnitTests\bin\x64\Debug\net472\VideoOS.Server.UnitTests.dll" adapterTypeName="executor://mstestadapter/v2" className="VideoOS.Server.UnitTests.UpdateConfigurationManagerCommandHandlerTests" name="EventCollectorConstructor_Consumer_Null" />
    </UnitTest>
    <UnitTest name="RecorderController_NoEventSubscription_NoPatchMade" storage="d:\actions-runner\_work\xpco\xpco\corporate\videoos.server.unittests\bin\x64\debug\net472\videoos.server.unittests.dll" id="3d23d5f2-7904-b2b4-b8b7-ca6ea8579849">
      <Execution id="4462efd9-5f64-4bad-95fe-08a728189079" />
      <TestMethod codeBase="D:\actions-runner\_work\XPCO\XPCO\Corporate\VideoOS.Server.UnitTests\bin\x64\Debug\net472\VideoOS.Server.UnitTests.dll" adapterTypeName="executor://mstestadapter/v2" className="VideoOS.Server.UnitTests.RecorderControllerTest" name="RecorderController_NoEventSubscription_NoPatchMade" />
    </UnitTest>
    <UnitTest name="HardwareActivatedNotOnWhiteList_ReplacedWithNoInheritance_HardwareOnWhiteList_MixedCWAAllowed_NewHardwareInCWA" storage="d:\actions-runner\_work\xpco\xpco\corporate\videoos.server.unittests\bin\x64\debug\net472\videoos.server.unittests.dll" id="a9d74002-2888-07cb-97ea-6e0298ac0fe9">
      <TestCategory>
        <TestCategoryItem TestCategory="Licensing Replace Hardware" />
        <TestCategoryItem TestCategory="Licensing" />
      </TestCategory>
      <Execution id="2ff6c535-d7f8-443f-b357-d8d9663db54a" />
      <TestMethod codeBase="D:\actions-runner\_work\XPCO\XPCO\Corporate\VideoOS.Server.UnitTests\bin\x64\Debug\net472\VideoOS.Server.UnitTests.dll" adapterTypeName="executor://mstestadapter/v2" className="VideoOS.Server.UnitTests.Licensing.LicenseAllocatorChannelTests" name="HardwareActivatedNotOnWhiteList_ReplacedWithNoInheritance_HardwareOnWhiteList_MixedCWAAllowed_NewHardwareInCWA" />
    </UnitTest>
    <UnitTest name="UpdateReadOnlySettings_ModelIsNull_BadRequestResult" storage="d:\actions-runner\_work\xpco\xpco\corporate\videoos.server.unittests\bin\x64\debug\net472\videoos.server.unittests.dll" id="58d8eb2d-a85d-871c-005e-a694429bb895">
      <Execution id="0262876e-bb74-4b66-829b-6e986a8c42c8" />
      <TestMethod codeBase="D:\actions-runner\_work\XPCO\XPCO\Corporate\VideoOS.Server.UnitTests\bin\x64\Debug\net472\VideoOS.Server.UnitTests.dll" adapterTypeName="executor://mstestadapter/v2" className="VideoOS.Server.UnitTests.WebApi.Controllers.HardwareCommandsControllerTests" name="UpdateReadOnlySettings_ModelIsNull_BadRequestResult" />
    </UnitTest>
    <UnitTest name="TableAdapterTypeManager_GetRecorderTableAdapters_Success" storage="d:\actions-runner\_work\xpco\xpco\corporate\videoos.server.unittests\bin\x64\debug\net472\videoos.server.unittests.dll" id="2f723da0-92e7-0c56-577f-931adff75ea7">
      <Execution id="3cedc924-0b04-47d3-987f-04eed12f9c97" />
      <TestMethod codeBase="D:\actions-runner\_work\XPCO\XPCO\Corporate\VideoOS.Server.UnitTests\bin\x64\Debug\net472\VideoOS.Server.UnitTests.dll" adapterTypeName="executor://mstestadapter/v2" className="VideoOS.Server.UnitTests.Configuration.DataTests" name="TableAdapterTypeManager_GetRecorderTableAdapters_Success" />
    </UnitTest>
    <UnitTest name="AllocateLicenses_TwoMissingICPChannelLicenses_OnOneICPWithTwoCameras" storage="d:\actions-runner\_work\xpco\xpco\corporate\videoos.server.unittests\bin\x64\debug\net472\videoos.server.unittests.dll" id="af26d1dc-c8b5-9373-ea2c-0ca851b84928">
      <TestCategory>
        <TestCategoryItem TestCategory="Licensing" />
      </TestCategory>
      <Execution id="974a80b5-400c-446d-9080-b31fe6c7c12f" />
      <TestMethod codeBase="D:\actions-runner\_work\XPCO\XPCO\Corporate\VideoOS.Server.UnitTests\bin\x64\Debug\net472\VideoOS.Server.UnitTests.dll" adapterTypeName="executor://mstestadapter/v2" className="VideoOS.Server.UnitTests.Licensing.LicenseAllocatorChannelTests" name="AllocateLicenses_TwoMissingICPChannelLicenses_OnOneICPWithTwoCameras" />
    </UnitTest>
    <UnitTest name="AttachedRecorder_TryGetRecorderEntry_NoEntry" storage="d:\actions-runner\_work\xpco\xpco\corporate\videoos.server.unittests\bin\x64\debug\net472\videoos.server.unittests.dll" id="26b06a18-7c73-310d-5067-432622a6994d">
      <Execution id="4c4ee4c4-5c10-41d3-b8cc-4efb9434c855" />
      <TestMethod codeBase="D:\actions-runner\_work\XPCO\XPCO\Corporate\VideoOS.Server.UnitTests\bin\x64\Debug\net472\VideoOS.Server.UnitTests.dll" adapterTypeName="executor://mstestadapter/v2" className="VideoOS.Server.UnitTests.AttachedRecorderTests" name="AttachedRecorder_TryGetRecorderEntry_NoEntry" />
    </UnitTest>
    <UnitTest name="AutomaticActivation_IsCalled_WhenQueued" storage="d:\actions-runner\_work\xpco\xpco\corporate\videoos.server.unittests\bin\x64\debug\net472\videoos.server.unittests.dll" id="5d51b421-c2c6-a235-079e-749ec17bce2d">
      <TestCategory>
        <TestCategoryItem TestCategory="Licensing" />
      </TestCategory>
      <Execution id="a5ca11d2-8d96-4a1f-ac7f-d36c857bb4e7" />
      <TestMethod codeBase="D:\actions-runner\_work\XPCO\XPCO\Corporate\VideoOS.Server.UnitTests\bin\x64\Debug\net472\VideoOS.Server.UnitTests.dll" adapterTypeName="executor://mstestadapter/v2" className="VideoOS.Server.UnitTests.Licensing.ActivationManagerTests" name="AutomaticActivation_IsCalled_WhenQueued" />
    </UnitTest>
    <UnitTest name="CreateLicenseRequest_WithSystemBuilderLicenseRequest" storage="d:\actions-runner\_work\xpco\xpco\corporate\videoos.server.unittests\bin\x64\debug\net472\videoos.server.unittests.dll" id="486ff2e7-4ec1-c118-0fbd-3ce64d86652d">
      <TestCategory>
        <TestCategoryItem TestCategory="Licensing" />
      </TestCategory>
      <Execution id="838cd044-ce71-422c-ad32-cf8079e149d6" />
      <TestMethod codeBase="D:\actions-runner\_work\XPCO\XPCO\Corporate\VideoOS.Server.UnitTests\bin\x64\Debug\net472\VideoOS.Server.UnitTests.dll" adapterTypeName="executor://mstestadapter/v2" className="VideoOS.Server.UnitTests.Licensing.LicenseManagerUnitTests" name="CreateLicenseRequest_WithSystemBuilderLicenseRequest" />
    </UnitTest>
    <UnitTest name="HardwareLicense_AddNew_IsUpdated_RetrieveAsList_Success" storage="d:\actions-runner\_work\xpco\xpco\corporate\videoos.server.unittests\bin\x64\debug\net472\videoos.server.unittests.dll" id="af2e5f14-0383-5727-555f-05fe1be1d426">
      <Execution id="8b2e56c7-555e-4d23-8af6-a4783d5bb503" />
      <TestMethod codeBase="D:\actions-runner\_work\XPCO\XPCO\Corporate\VideoOS.Server.UnitTests\bin\x64\Debug\net472\VideoOS.Server.UnitTests.dll" adapterTypeName="executor://mstestadapter/v2" className="VideoOS.Server.UnitTests.Licensing.LicenseSnapshotTests" name="HardwareLicense_AddNew_IsUpdated_RetrieveAsList_Success" />
    </UnitTest>
    <UnitTest name="LicenseCountManager_GetHardwareUsedOnSite_Success" storage="d:\actions-runner\_work\xpco\xpco\corporate\videoos.server.unittests\bin\x64\debug\net472\videoos.server.unittests.dll" id="c97290e4-269e-652d-16ee-10a9916c872c">
      <Execution id="0a9540dd-4c29-4914-bbc6-39b04d6dad65" />
      <TestMethod codeBase="D:\actions-runner\_work\XPCO\XPCO\Corporate\VideoOS.Server.UnitTests\bin\x64\Debug\net472\VideoOS.Server.UnitTests.dll" adapterTypeName="executor://mstestadapter/v2" className="VideoOS.Server.UnitTests.Licensing.LicenseCountManagerUnitTests" name="LicenseCountManager_GetHardwareUsedOnSite_Success" />
    </UnitTest>
    <UnitTest name="CheckForAutomaticActivationTrigger_ReturnsFalse_OnOtherChanges" storage="d:\actions-runner\_work\xpco\xpco\corporate\videoos.server.unittests\bin\x64\debug\net472\videoos.server.unittests.dll" id="87f45eb2-1120-98d3-51fa-1e1456e20576">
      <TestCategory>
        <TestCategoryItem TestCategory="Licensing" />
      </TestCategory>
      <Execution id="1be59654-4e7b-4095-97da-dea588a0f9a5" />
      <TestMethod codeBase="D:\actions-runner\_work\XPCO\XPCO\Corporate\VideoOS.Server.UnitTests\bin\x64\Debug\net472\VideoOS.Server.UnitTests.dll" adapterTypeName="executor://mstestadapter/v2" className="VideoOS.Server.UnitTests.Commands.UpdateConfigurationManagerCommandHandlerTests" name="CheckForAutomaticActivationTrigger_ReturnsFalse_OnOtherChanges" />
    </UnitTest>
    <UnitTest name="ConfigurationDataSetLoader_GetHardwareByHardwareId_Success" storage="d:\actions-runner\_work\xpco\xpco\corporate\videoos.server.unittests\bin\x64\debug\net472\videoos.server.unittests.dll" id="f98c0e94-d687-26ec-f08b-72f9975ee1e5">
      <Execution id="b3cb8ef5-0bfd-4a32-a8bf-42d2d8e04c08" />
      <TestMethod codeBase="D:\actions-runner\_work\XPCO\XPCO\Corporate\VideoOS.Server.UnitTests\bin\x64\Debug\net472\VideoOS.Server.UnitTests.dll" adapterTypeName="executor://mstestadapter/v2" className="VideoOS.Server.UnitTests.Configuration.ConfigurationDataSetLoaderTests" name="ConfigurationDataSetLoader_GetHardwareByHardwareId_Success" />
    </UnitTest>
    <UnitTest name="RecordingServerCache_AddLicenseToCache_Success" storage="d:\actions-runner\_work\xpco\xpco\corporate\videoos.server.unittests\bin\x64\debug\net472\videoos.server.unittests.dll" id="20862179-ea04-7a02-2e88-39a6cf08c704">
      <Execution id="5185e2c9-32a0-457a-b169-094a6bc3d6c1" />
      <TestMethod codeBase="D:\actions-runner\_work\XPCO\XPCO\Corporate\VideoOS.Server.UnitTests\bin\x64\Debug\net472\VideoOS.Server.UnitTests.dll" adapterTypeName="executor://mstestadapter/v2" className="VideoOS.Server.UnitTests.Licensing.LicenseManagerCacheTests" name="RecordingServerCache_AddLicenseToCache_Success" />
    </UnitTest>
    <UnitTest name="ChannelLicenseCountManager_CameraFeed_Get_Set_CameraFeedLicenseValue" storage="d:\actions-runner\_work\xpco\xpco\corporate\videoos.server.unittests\bin\x64\debug\net472\videoos.server.unittests.dll" id="0a3231f4-9027-809c-2a57-46bb102210d5">
      <TestCategory>
        <TestCategoryItem TestCategory="Licensing" />
      </TestCategory>
      <Execution id="c9399159-2a1b-4871-9738-9139bb2b46e9" />
      <TestMethod codeBase="D:\actions-runner\_work\XPCO\XPCO\Corporate\VideoOS.Server.UnitTests\bin\x64\Debug\net472\VideoOS.Server.UnitTests.dll" adapterTypeName="executor://mstestadapter/v2" className="VideoOS.Server.UnitTests.Licensing.LicenseCountManagerUnitTests" name="ChannelLicenseCountManager_CameraFeed_Get_Set_CameraFeedLicenseValue" />
    </UnitTest>
    <UnitTest name="CreateLicenseRequest_WithMIPPluginsLicenseRequests" storage="d:\actions-runner\_work\xpco\xpco\corporate\videoos.server.unittests\bin\x64\debug\net472\videoos.server.unittests.dll" id="7b92f1d2-48ab-9269-1673-5506160d2980">
      <Execution id="0e64847d-a9e7-4b7d-8c58-d0ea3ac36cf6" />
      <TestMethod codeBase="D:\actions-runner\_work\XPCO\XPCO\Corporate\VideoOS.Server.UnitTests\bin\x64\Debug\net472\VideoOS.Server.UnitTests.dll" adapterTypeName="executor://mstestadapter/v2" className="VideoOS.Server.UnitTests.Licensing.LicenseManagerUnitTests" name="CreateLicenseRequest_WithMIPPluginsLicenseRequests" />
    </UnitTest>
    <UnitTest name="SynchronizeDevicePresetsResponse_ModelIsNull_BadRequestResult" storage="d:\actions-runner\_work\xpco\xpco\corporate\videoos.server.unittests\bin\x64\debug\net472\videoos.server.unittests.dll" id="20f144bc-786f-b30e-2570-b753431ada4b">
      <Execution id="af47eafe-fe51-4d37-b4e4-f563e5c58b6e" />
      <TestMethod codeBase="D:\actions-runner\_work\XPCO\XPCO\Corporate\VideoOS.Server.UnitTests\bin\x64\Debug\net472\VideoOS.Server.UnitTests.dll" adapterTypeName="executor://mstestadapter/v2" className="VideoOS.Server.UnitTests.WebApi.ResponseControllerTest" name="SynchronizeDevicePresetsResponse_ModelIsNull_BadRequestResult" />
    </UnitTest>
    <UnitTest name="HardwareScanTaskCommandHandler_Execute_UnexpectedResponse_FailResponse" storage="d:\actions-runner\_work\xpco\xpco\corporate\videoos.server.unittests\bin\x64\debug\net472\videoos.server.unittests.dll" id="c8afef79-65b0-1683-4cbc-9b83cadd0fef">
      <Execution id="3e8d80ba-1dcb-444c-aadb-eef4001e84cc" />
      <TestMethod codeBase="D:\actions-runner\_work\XPCO\XPCO\Corporate\VideoOS.Server.UnitTests\bin\x64\Debug\net472\VideoOS.Server.UnitTests.dll" adapterTypeName="executor://mstestadapter/v2" className="VideoOS.Server.UnitTests.CommandHandler.HardwareScanTaskCommandHandlerTest" name="HardwareScanTaskCommandHandler_Execute_UnexpectedResponse_FailResponse" />
    </UnitTest>
    <UnitTest name="UpdateDriver_ModelIsNull_BadRequestResult" storage="d:\actions-runner\_work\xpco\xpco\corporate\videoos.server.unittests\bin\x64\debug\net472\videoos.server.unittests.dll" id="acc907e0-eedb-13b3-9540-f00a85570944">
      <Execution id="7c6840d8-0a04-4c23-bcf2-117187b22d88" />
      <TestMethod codeBase="D:\actions-runner\_work\XPCO\XPCO\Corporate\VideoOS.Server.UnitTests\bin\x64\Debug\net472\VideoOS.Server.UnitTests.dll" adapterTypeName="executor://mstestadapter/v2" className="VideoOS.Server.UnitTests.WebApi.Controllers.HardwareCommandsControllerTests" name="UpdateDriver_ModelIsNull_BadRequestResult" />
    </UnitTest>
    <UnitTest name="CreateLicenseInformationXml_Has1Grace_On1GraceHardware25ChannelOnWhitelist" storage="d:\actions-runner\_work\xpco\xpco\corporate\videoos.server.unittests\bin\x64\debug\net472\videoos.server.unittests.dll" id="a930bf31-deb5-7c95-5e24-1f743f244144">
      <TestCategory>
        <TestCategoryItem TestCategory="Licensing" />
      </TestCategory>
      <Execution id="6d05dfa1-9b85-4d0c-846b-540c75fd17b0" />
      <TestMethod codeBase="D:\actions-runner\_work\XPCO\XPCO\Corporate\VideoOS.Server.UnitTests\bin\x64\Debug\net472\VideoOS.Server.UnitTests.dll" adapterTypeName="executor://mstestadapter/v2" className="VideoOS.Server.UnitTests.Licensing.LicenseInfoXmlWriterTests" name="CreateLicenseInformationXml_Has1Grace_On1GraceHardware25ChannelOnWhitelist" />
    </UnitTest>
    <UnitTest name="Parse_WhenManufacturerNameChanged_NewestManufacturerNameIsSet" storage="d:\actions-runner\_work\xpco\xpco\corporate\videoos.server.unittests\bin\x64\debug\net472\videoos.server.unittests.dll" id="cb380a5d-abad-8fd4-e1c3-2d884a15c3ba">
      <Execution id="d28acc56-fb59-4422-a100-ead921e3f64f" />
      <TestMethod codeBase="D:\actions-runner\_work\XPCO\XPCO\Corporate\VideoOS.Server.UnitTests\bin\x64\Debug\net472\VideoOS.Server.UnitTests.dll" adapterTypeName="executor://mstestadapter/v2" className="VideoOS.Server.UnitTests.Licensing.IntegrationRegistrationParserUnitTests" name="Parse_WhenManufacturerNameChanged_NewestManufacturerNameIsSet" />
    </UnitTest>
    <UnitTest name="OnException_NotSupportedByLegacyRecorderException_ReponseIsSetAsBadRequest" storage="d:\actions-runner\_work\xpco\xpco\corporate\videoos.server.unittests\bin\x64\debug\net472\videoos.server.unittests.dll" id="5e6ee627-d20a-4489-b816-e16d760e3fac">
      <Execution id="30b6fb45-8ba0-4b21-83fb-99bb240bd07d" />
      <TestMethod codeBase="D:\actions-runner\_work\XPCO\XPCO\Corporate\VideoOS.Server.UnitTests\bin\x64\Debug\net472\VideoOS.Server.UnitTests.dll" adapterTypeName="executor://mstestadapter/v2" className="VideoOS.Server.UnitTests.ServerExceptionFilterTests" name="OnException_NotSupportedByLegacyRecorderException_ReponseIsSetAsBadRequest" />
    </UnitTest>
    <UnitTest name="HardwareActivatedNotOnWhiteList_ReplacedWithInheritance_HardwareOnWhiteList_CWAAllowed_NewHardwareInCWA" storage="d:\actions-runner\_work\xpco\xpco\corporate\videoos.server.unittests\bin\x64\debug\net472\videoos.server.unittests.dll" id="7406d798-b581-dda0-3d0c-25971023b8a7">
      <TestCategory>
        <TestCategoryItem TestCategory="Licensing Replace Hardware" />
        <TestCategoryItem TestCategory="Licensing" />
      </TestCategory>
      <Execution id="234e9f94-d4b3-49a6-b19b-30b8ed2d1a54" />
      <TestMethod codeBase="D:\actions-runner\_work\XPCO\XPCO\Corporate\VideoOS.Server.UnitTests\bin\x64\Debug\net472\VideoOS.Server.UnitTests.dll" adapterTypeName="executor://mstestadapter/v2" className="VideoOS.Server.UnitTests.Licensing.LicenseAllocatorChannelTests" name="HardwareActivatedNotOnWhiteList_ReplacedWithInheritance_HardwareOnWhiteList_CWAAllowed_NewHardwareInCWA" />
    </UnitTest>
    <UnitTest name="CreateLicenseInformationXml_Has1Activated_On1ActivatedHardware25ChannelOnWhitelist" storage="d:\actions-runner\_work\xpco\xpco\corporate\videoos.server.unittests\bin\x64\debug\net472\videoos.server.unittests.dll" id="6f7bb80b-dba3-2067-8a47-0c3a50cbf31b">
      <TestCategory>
        <TestCategoryItem TestCategory="Licensing" />
      </TestCategory>
      <Execution id="15b3b38b-0352-4bd0-97b6-0434fdbd1b25" />
      <TestMethod codeBase="D:\actions-runner\_work\XPCO\XPCO\Corporate\VideoOS.Server.UnitTests\bin\x64\Debug\net472\VideoOS.Server.UnitTests.dll" adapterTypeName="executor://mstestadapter/v2" className="VideoOS.Server.UnitTests.Licensing.LicenseInfoXmlWriterTests" name="CreateLicenseInformationXml_Has1Activated_On1ActivatedHardware25ChannelOnWhitelist" />
    </UnitTest>
    <UnitTest name="LicenseCountManager_ReplacementHardware_RemoveHardwareFromReplacementLimit" storage="d:\actions-runner\_work\xpco\xpco\corporate\videoos.server.unittests\bin\x64\debug\net472\videoos.server.unittests.dll" id="a8466234-3dd1-7e09-1f24-9f708ace9cec">
      <TestCategory>
        <TestCategoryItem TestCategory="Licensing" />
      </TestCategory>
      <Execution id="a063e1a7-0ef2-4857-9f40-f654276c0d21" />
      <TestMethod codeBase="D:\actions-runner\_work\XPCO\XPCO\Corporate\VideoOS.Server.UnitTests\bin\x64\Debug\net472\VideoOS.Server.UnitTests.dll" adapterTypeName="executor://mstestadapter/v2" className="VideoOS.Server.UnitTests.Licensing.LicenseCountManagerUnitTests" name="LicenseCountManager_ReplacementHardware_RemoveHardwareFromReplacementLimit" />
    </UnitTest>
    <UnitTest name="Simulate_FiveICPHardware_VariousDevices_DisableAndEnable_CountsCorrectly_ClearLicenseStatusesAfterAllocation" storage="d:\actions-runner\_work\xpco\xpco\corporate\videoos.server.unittests\bin\x64\debug\net472\videoos.server.unittests.dll" id="b177cbb5-9289-1bfa-bb0c-777b1da037d2">
      <TestCategory>
        <TestCategoryItem TestCategory="Licensing" />
      </TestCategory>
      <Execution id="9d1950d3-d6ac-4405-bbea-0acb9e03e2bd" />
      <TestMethod codeBase="D:\actions-runner\_work\XPCO\XPCO\Corporate\VideoOS.Server.UnitTests\bin\x64\Debug\net472\VideoOS.Server.UnitTests.dll" adapterTypeName="executor://mstestadapter/v2" className="VideoOS.Server.UnitTests.Licensing.LicenseAllocatorChannelTests" name="Simulate_FiveICPHardware_VariousDevices_DisableAndEnable_CountsCorrectly_ClearLicenseStatusesAfterAllocation" />
    </UnitTest>
    <UnitTest name="AsyncTaskMonitor_SunnyDay" storage="d:\actions-runner\_work\xpco\xpco\corporate\videoos.server.unittests\bin\x64\debug\net472\videoos.server.unittests.dll" id="4ba49b95-7c08-b217-809c-3d6c10b4d388">
      <Execution id="080884d2-8864-483f-b15d-ae312dd4c55d" />
      <TestMethod codeBase="D:\actions-runner\_work\XPCO\XPCO\Corporate\VideoOS.Server.UnitTests\bin\x64\Debug\net472\VideoOS.Server.UnitTests.dll" adapterTypeName="executor://mstestadapter/v2" className="VideoOS.Server.UnitTests.Tasks.AsyncTaskMonitorUnitTests" name="AsyncTaskMonitor_SunnyDay" />
    </UnitTest>
    <UnitTest name="SetHotstandByFailoverRecorderInformation_WatchingRecorderDeleted_ErrorResponse" storage="d:\actions-runner\_work\xpco\xpco\corporate\videoos.server.unittests\bin\x64\debug\net472\videoos.server.unittests.dll" id="b517da97-3485-d8db-d444-60a14aaf59d2">
      <Execution id="491d79fd-abe9-4bf6-be26-b6223175cbf0" />
      <TestMethod codeBase="D:\actions-runner\_work\XPCO\XPCO\Corporate\VideoOS.Server.UnitTests\bin\x64\Debug\net472\VideoOS.Server.UnitTests.dll" adapterTypeName="executor://mstestadapter/v2" className="VideoOS.Server.UnitTests.WebApi.Controllers.RecorderRegistrationControllerTests" name="SetHotstandByFailoverRecorderInformation_WatchingRecorderDeleted_ErrorResponse" />
    </UnitTest>
    <UnitTest name="ChangeHardwarePasswordTaskCommandHandler_Clone_Returns_Same_Reference" storage="d:\actions-runner\_work\xpco\xpco\corporate\videoos.server.unittests\bin\x64\debug\net472\videoos.server.unittests.dll" id="1a682357-7db5-91a8-093a-d3ec64ecb218">
      <Execution id="43ce5101-17dd-4c13-be1b-e70b01fb8e2d" />
      <TestMethod codeBase="D:\actions-runner\_work\XPCO\XPCO\Corporate\VideoOS.Server.UnitTests\bin\x64\Debug\net472\VideoOS.Server.UnitTests.dll" adapterTypeName="executor://mstestadapter/v2" className="VideoOS.Server.UnitTests.CommandHandler.ChangeHardwarePasswordTaskCommandHandlerTests" name="ChangeHardwarePasswordTaskCommandHandler_Clone_Returns_Same_Reference" />
    </UnitTest>
    <UnitTest name="CheckConfigurationDataSetTest_StreamsNotLicensedPass2" storage="d:\actions-runner\_work\xpco\xpco\corporate\videoos.server.unittests\bin\x64\debug\net472\videoos.server.unittests.dll" id="acb4bb26-3062-bb40-2bd0-e38dd727f035">
      <Execution id="026cf28c-8696-4846-97f3-9753fc753468" />
      <TestMethod codeBase="D:\actions-runner\_work\XPCO\XPCO\Corporate\VideoOS.Server.UnitTests\bin\x64\Debug\net472\VideoOS.Server.UnitTests.dll" adapterTypeName="executor://mstestadapter/v2" className="VideoOS.Server.UnitTests.Licensing.LicenseFeatureCheckerTest" name="CheckConfigurationDataSetTest_StreamsNotLicensedPass2" />
    </UnitTest>
    <UnitTest name="Validate_LicenseCachingWorks_Success" storage="d:\actions-runner\_work\xpco\xpco\corporate\videoos.server.unittests\bin\x64\debug\net472\videoos.server.unittests.dll" id="e44fafea-f50e-d18a-def7-a264dfd08a2a">
      <TestCategory>
        <TestCategoryItem TestCategory="Licensing" />
      </TestCategory>
      <Execution id="087706a9-4169-4693-843e-bb3179702d63" />
      <TestMethod codeBase="D:\actions-runner\_work\XPCO\XPCO\Corporate\VideoOS.Server.UnitTests\bin\x64\Debug\net472\VideoOS.Server.UnitTests.dll" adapterTypeName="executor://mstestadapter/v2" className="VideoOS.Server.UnitTests.Licensing.LicenseInfoXmlWriterTests" name="Validate_LicenseCachingWorks_Success" />
    </UnitTest>
    <UnitTest name="ConvertIdpLog_AutoProvisionedUserCreated" storage="d:\actions-runner\_work\xpco\xpco\corporate\videoos.server.unittests\bin\x64\debug\net472\videoos.server.unittests.dll" id="fbed73f4-9b7f-b45c-b76c-caac1d7f4349">
      <Execution id="cc6c1ba3-d19b-49a8-a99b-d5f619b988d1" />
      <TestMethod codeBase="D:\actions-runner\_work\XPCO\XPCO\Corporate\VideoOS.Server.UnitTests\bin\x64\Debug\net472\VideoOS.Server.UnitTests.dll" adapterTypeName="executor://mstestadapter/v2" className="VideoOS.Server.UnitTests.Log.IdpLogConverterTest" name="ConvertIdpLog_AutoProvisionedUserCreated" />
    </UnitTest>
    <UnitTest name="HardwareInGraceOnWhiteList_ReplacedWithNoInheritance_HardwareNotOnWhiteList_ShouldGiveDevicesNewGracePeriod" storage="d:\actions-runner\_work\xpco\xpco\corporate\videoos.server.unittests\bin\x64\debug\net472\videoos.server.unittests.dll" id="7ecc084e-eb1c-1dc2-3fa1-ca4480409cd4">
      <TestCategory>
        <TestCategoryItem TestCategory="Licensing Replace Hardware" />
        <TestCategoryItem TestCategory="Licensing" />
      </TestCategory>
      <Execution id="349ac2e3-61af-4c7e-89a3-abb7855f8ee0" />
      <TestMethod codeBase="D:\actions-runner\_work\XPCO\XPCO\Corporate\VideoOS.Server.UnitTests\bin\x64\Debug\net472\VideoOS.Server.UnitTests.dll" adapterTypeName="executor://mstestadapter/v2" className="VideoOS.Server.UnitTests.Licensing.LicenseAllocatorChannelTests" name="HardwareInGraceOnWhiteList_ReplacedWithNoInheritance_HardwareNotOnWhiteList_ShouldGiveDevicesNewGracePeriod" />
    </UnitTest>
    <UnitTest name="GetHardwareNetworkSettingsCommandHandler_Execute_RecorderNotConnected_ReturnsRecorderUnavailableResponse" storage="d:\actions-runner\_work\xpco\xpco\corporate\videoos.server.unittests\bin\x64\debug\net472\videoos.server.unittests.dll" id="5f6122f6-9c9a-005b-1dcf-5bb8eebdf18b">
      <Execution id="b44ab463-2bbd-4e3a-903c-aa35dd015a4a" />
      <TestMethod codeBase="D:\actions-runner\_work\XPCO\XPCO\Corporate\VideoOS.Server.UnitTests\bin\x64\Debug\net472\VideoOS.Server.UnitTests.dll" adapterTypeName="executor://mstestadapter/v2" className="VideoOS.Server.UnitTests.CommandHandler.GetHardwareNetworkSettingsCommandHandlerUnitTests" name="GetHardwareNetworkSettingsCommandHandler_Execute_RecorderNotConnected_ReturnsRecorderUnavailableResponse" />
    </UnitTest>
    <UnitTest name="ChangeHardwarePasswordRuleAction_Execute_TimesOut_WarningLogCreated" storage="d:\actions-runner\_work\xpco\xpco\corporate\videoos.server.unittests\bin\x64\debug\net472\videoos.server.unittests.dll" id="281add88-aec8-73d9-21c9-0a06ace0bc45">
      <Execution id="947f03e7-79ef-4bd9-9f78-7b311ca22be5" />
      <TestMethod codeBase="D:\actions-runner\_work\XPCO\XPCO\Corporate\VideoOS.Server.UnitTests\bin\x64\Debug\net472\VideoOS.Server.UnitTests.dll" adapterTypeName="executor://mstestadapter/v2" className="VideoOS.Server.UnitTests.RuleActions.ChangeHardwarePasswordRuleActionUnitTests" name="ChangeHardwarePasswordRuleAction_Execute_TimesOut_WarningLogCreated" />
    </UnitTest>
    <UnitTest name="GetHardwareNetworkSettingsCommandHandler_Execute_Success" storage="d:\actions-runner\_work\xpco\xpco\corporate\videoos.server.unittests\bin\x64\debug\net472\videoos.server.unittests.dll" id="cfeeb9d0-a71c-e47f-9885-66cc2cae1cd1">
      <Execution id="8e21a051-ca1a-49d9-a7e0-43463e5eda3a" />
      <TestMethod codeBase="D:\actions-runner\_work\XPCO\XPCO\Corporate\VideoOS.Server.UnitTests\bin\x64\Debug\net472\VideoOS.Server.UnitTests.dll" adapterTypeName="executor://mstestadapter/v2" className="VideoOS.Server.UnitTests.CommandHandler.GetHardwareNetworkSettingsCommandHandlerUnitTests" name="GetHardwareNetworkSettingsCommandHandler_Execute_Success" />
    </UnitTest>
    <UnitTest name="MoveHardwareTaskCommandHandler_Execute_Arguments_Null_Throws" storage="d:\actions-runner\_work\xpco\xpco\corporate\videoos.server.unittests\bin\x64\debug\net472\videoos.server.unittests.dll" id="22a81a99-b71e-15d9-be4f-104efe40b57f">
      <Execution id="bc4a7f1d-8cfc-4c3c-8bc2-7f87a26e1a15" />
      <TestMethod codeBase="D:\actions-runner\_work\XPCO\XPCO\Corporate\VideoOS.Server.UnitTests\bin\x64\Debug\net472\VideoOS.Server.UnitTests.dll" adapterTypeName="executor://mstestadapter/v2" className="VideoOS.Server.UnitTests.CommandHandler.MoveHardwareTaskCommandHandlerTests" name="MoveHardwareTaskCommandHandler_Execute_Arguments_Null_Throws" />
    </UnitTest>
    <UnitTest name="AddUnlicensedHardware_AddNull_Throws_ArgumentNullException" storage="d:\actions-runner\_work\xpco\xpco\corporate\videoos.server.unittests\bin\x64\debug\net472\videoos.server.unittests.dll" id="c02d04ac-b486-9e55-2dd6-7f74f9ce3e8b">
      <Execution id="429ace31-6200-4a88-99f6-b8d52001e239" />
      <TestMethod codeBase="D:\actions-runner\_work\XPCO\XPCO\Corporate\VideoOS.Server.UnitTests\bin\x64\Debug\net472\VideoOS.Server.UnitTests.dll" adapterTypeName="executor://mstestadapter/v2" className="VideoOS.Server.UnitTests.Licensing.LicenseSnapshotTests" name="AddUnlicensedHardware_AddNull_Throws_ArgumentNullException" />
    </UnitTest>
    <UnitTest name="AllocateLicenses_2ICPHardware15ChannelsAnd0NormalHardwareWith10ActivatedICP_ShouldGet5UnlicensedICP_On10ICPLicenses" storage="d:\actions-runner\_work\xpco\xpco\corporate\videoos.server.unittests\bin\x64\debug\net472\videoos.server.unittests.dll" id="386fd2dd-9962-b3c8-5389-c7b27303c282">
      <TestCategory>
        <TestCategoryItem TestCategory="Licensing" />
      </TestCategory>
      <Execution id="2ebf185b-bba9-4867-be62-f8b0fbb2655b" />
      <TestMethod codeBase="D:\actions-runner\_work\XPCO\XPCO\Corporate\VideoOS.Server.UnitTests\bin\x64\Debug\net472\VideoOS.Server.UnitTests.dll" adapterTypeName="executor://mstestadapter/v2" className="VideoOS.Server.UnitTests.Licensing.LicenseAllocatorChannelTests" name="AllocateLicenses_2ICPHardware15ChannelsAnd0NormalHardwareWith10ActivatedICP_ShouldGet5UnlicensedICP_On10ICPLicenses" />
    </UnitTest>
    <UnitTest name="DeleteHardwareTaskCommandHandler_Execute_Failed_ExceptionResponse" storage="d:\actions-runner\_work\xpco\xpco\corporate\videoos.server.unittests\bin\x64\debug\net472\videoos.server.unittests.dll" id="c3b36ec3-1df7-adb6-2b47-6af7fdcd182e">
      <Execution id="6200a6de-d9ea-491d-9893-c61b6c8d34ee" />
      <TestMethod codeBase="D:\actions-runner\_work\XPCO\XPCO\Corporate\VideoOS.Server.UnitTests\bin\x64\Debug\net472\VideoOS.Server.UnitTests.dll" adapterTypeName="executor://mstestadapter/v2" className="VideoOS.Server.UnitTests.CommandHandler.DeleteHardwareTaskCommandHandlerTest" name="DeleteHardwareTaskCommandHandler_Execute_Failed_ExceptionResponse" />
    </UnitTest>
    <UnitTest name="TriggerEventAsGlobalCommand_ModelIsNull_BadRequestResult" storage="d:\actions-runner\_work\xpco\xpco\corporate\videoos.server.unittests\bin\x64\debug\net472\videoos.server.unittests.dll" id="ef53e2b8-fe52-58e3-46fe-b376fd704110">
      <Execution id="1fadddf3-79fa-486a-8635-173f7123119b" />
      <TestMethod codeBase="D:\actions-runner\_work\XPCO\XPCO\Corporate\VideoOS.Server.UnitTests\bin\x64\Debug\net472\VideoOS.Server.UnitTests.dll" adapterTypeName="executor://mstestadapter/v2" className="VideoOS.Server.UnitTests.WebApi.Controllers.EventCommandsControllerTests" name="TriggerEventAsGlobalCommand_ModelIsNull_BadRequestResult" />
    </UnitTest>
    <UnitTest name="HardwareInCWANotOnWhiteList_ReplacedWithInheritance_HardwareNotOnWhiteList_CWAAllowed_MoreChannelsOnReplacedHardware_AllDevicesInCWA" storage="d:\actions-runner\_work\xpco\xpco\corporate\videoos.server.unittests\bin\x64\debug\net472\videoos.server.unittests.dll" id="745aea99-7d18-df01-821c-c171c176ca32">
      <TestCategory>
        <TestCategoryItem TestCategory="Licensing Replace Hardware" />
        <TestCategoryItem TestCategory="Licensing" />
      </TestCategory>
      <Execution id="02c2f639-4dbc-4e07-b73f-816fb224ed3f" />
      <TestMethod codeBase="D:\actions-runner\_work\XPCO\XPCO\Corporate\VideoOS.Server.UnitTests\bin\x64\Debug\net472\VideoOS.Server.UnitTests.dll" adapterTypeName="executor://mstestadapter/v2" className="VideoOS.Server.UnitTests.Licensing.LicenseAllocatorChannelTests" name="HardwareInCWANotOnWhiteList_ReplacedWithInheritance_HardwareNotOnWhiteList_CWAAllowed_MoreChannelsOnReplacedHardware_AllDevicesInCWA" />
    </UnitTest>
    <UnitTest name="AutomaticActivation_NotCalled_AfterDisabling" storage="d:\actions-runner\_work\xpco\xpco\corporate\videoos.server.unittests\bin\x64\debug\net472\videoos.server.unittests.dll" id="b0f751ff-632d-85db-edcd-937e5c54a50b">
      <TestCategory>
        <TestCategoryItem TestCategory="Licensing" />
      </TestCategory>
      <Execution id="62126040-10b5-42d3-a124-a5a7deee502f" />
      <TestMethod codeBase="D:\actions-runner\_work\XPCO\XPCO\Corporate\VideoOS.Server.UnitTests\bin\x64\Debug\net472\VideoOS.Server.UnitTests.dll" adapterTypeName="executor://mstestadapter/v2" className="VideoOS.Server.UnitTests.Licensing.ActivationManagerTests" name="AutomaticActivation_NotCalled_AfterDisabling" />
    </UnitTest>
    <UnitTest name="LicenseCountManager_GetRelatedRecordingServers_InvalidMac_Empty_Throws_ArgumentNullException" storage="d:\actions-runner\_work\xpco\xpco\corporate\videoos.server.unittests\bin\x64\debug\net472\videoos.server.unittests.dll" id="bf458c5e-f251-312f-019a-44073344a00c">
      <TestCategory>
        <TestCategoryItem TestCategory="Licensing" />
      </TestCategory>
      <Execution id="4066ea44-1765-47ed-a46c-5dbe96ad0b77" />
      <TestMethod codeBase="D:\actions-runner\_work\XPCO\XPCO\Corporate\VideoOS.Server.UnitTests\bin\x64\Debug\net472\VideoOS.Server.UnitTests.dll" adapterTypeName="executor://mstestadapter/v2" className="VideoOS.Server.UnitTests.Licensing.LicenseCountManagerUnitTests" name="LicenseCountManager_GetRelatedRecordingServers_InvalidMac_Empty_Throws_ArgumentNullException" />
    </UnitTest>
    <UnitTest name="ChangeHardwarePasswordRuleAction_Execute_HardwareQueryFail_ErrorLogCreated" storage="d:\actions-runner\_work\xpco\xpco\corporate\videoos.server.unittests\bin\x64\debug\net472\videoos.server.unittests.dll" id="f8662d5d-bc2c-74d5-63ed-b527811f859c">
      <Execution id="34a61534-d8ed-4a2f-b615-d7b7ed2bcc9e" />
      <TestMethod codeBase="D:\actions-runner\_work\XPCO\XPCO\Corporate\VideoOS.Server.UnitTests\bin\x64\Debug\net472\VideoOS.Server.UnitTests.dll" adapterTypeName="executor://mstestadapter/v2" className="VideoOS.Server.UnitTests.RuleActions.ChangeHardwarePasswordRuleActionUnitTests" name="ChangeHardwarePasswordRuleAction_Execute_HardwareQueryFail_ErrorLogCreated" />
    </UnitTest>
    <UnitTest name="DeviceDataDistributionManager_CleanupAll_Success_QueryRecorderToNotifyReturnGuidEmpty" storage="d:\actions-runner\_work\xpco\xpco\corporate\videoos.server.unittests\bin\x64\debug\net472\videoos.server.unittests.dll" id="64909267-7858-2c7e-6ca5-58a8ad48f31c">
      <Execution id="a6ede598-7357-4171-9bd2-ee0fe1ed72b9" />
      <TestMethod codeBase="D:\actions-runner\_work\XPCO\XPCO\Corporate\VideoOS.Server.UnitTests\bin\x64\Debug\net472\VideoOS.Server.UnitTests.dll" adapterTypeName="executor://mstestadapter/v2" className="VideoOS.Server.UnitTests.DeviceDataDistributionManagerUnitTests" name="DeviceDataDistributionManager_CleanupAll_Success_QueryRecorderToNotifyReturnGuidEmpty" />
    </UnitTest>
    <UnitTest name="Monitor_CurrentStatusChanged_SslError" storage="d:\actions-runner\_work\xpco\xpco\corporate\videoos.server.unittests\bin\x64\debug\net472\videoos.server.unittests.dll" id="81984bc4-59ff-563c-2cad-683c0fa8249f">
      <Execution id="69e0f9f6-b3f8-4971-ac91-2eab3cd5188d" />
      <TestMethod codeBase="D:\actions-runner\_work\XPCO\XPCO\Corporate\VideoOS.Server.UnitTests\bin\x64\Debug\net472\VideoOS.Server.UnitTests.dll" adapterTypeName="executor://mstestadapter/v2" className="VideoOS.Server.UnitTests.Failover.FailoverStatusManagerUnitTests" name="Monitor_CurrentStatusChanged_SslError" />
    </UnitTest>
    <UnitTest name="UpdateHardwareTaskCommandHandler_Execute_MissingHardware_Tests" storage="d:\actions-runner\_work\xpco\xpco\corporate\videoos.server.unittests\bin\x64\debug\net472\videoos.server.unittests.dll" id="d50f9ca3-b3cf-636c-b4c2-526896010b2a">
      <Execution id="3d87a594-2389-4e51-af55-56a5c766ed8b" />
      <TestMethod codeBase="D:\actions-runner\_work\XPCO\XPCO\Corporate\VideoOS.Server.UnitTests\bin\x64\Debug\net472\VideoOS.Server.UnitTests.dll" adapterTypeName="executor://mstestadapter/v2" className="VideoOS.Server.UnitTests.CommandHandler.UpdateHardwareTaskHandlerTests" name="UpdateHardwareTaskCommandHandler_Execute_MissingHardware_Tests" />
    </UnitTest>
    <UnitTest name="HardwareScanExpressTaskCommandHandler_Execute_InitializeDiscoveryComponent_FailResponse" storage="d:\actions-runner\_work\xpco\xpco\corporate\videoos.server.unittests\bin\x64\debug\net472\videoos.server.unittests.dll" id="43678e4b-76d3-16cd-8a75-088cc017a9ed">
      <Execution id="c115616c-02d3-4de7-9938-0fee84c3e726" />
      <TestMethod codeBase="D:\actions-runner\_work\XPCO\XPCO\Corporate\VideoOS.Server.UnitTests\bin\x64\Debug\net472\VideoOS.Server.UnitTests.dll" adapterTypeName="executor://mstestadapter/v2" className="VideoOS.Server.UnitTests.CommandHandler.HardwareScanExpressTaskCommandHandlerTest" name="HardwareScanExpressTaskCommandHandler_Execute_InitializeDiscoveryComponent_FailResponse" />
    </UnitTest>
    <UnitTest name="ProcessConfigurationChangeTasks_UpdateDevice_Update_UpdateDevice_Not_Batched" storage="d:\actions-runner\_work\xpco\xpco\corporate\videoos.server.unittests\bin\x64\debug\net472\videoos.server.unittests.dll" id="6ce6d5c4-8d29-2bd7-7033-2e711c4595e4">
      <Execution id="35d7a9a6-6a92-4228-851a-c4a4ecd4fe56" />
      <TestMethod codeBase="D:\actions-runner\_work\XPCO\XPCO\Corporate\VideoOS.Server.UnitTests\bin\x64\Debug\net472\VideoOS.Server.UnitTests.dll" adapterTypeName="executor://mstestadapter/v2" className="VideoOS.Server.UnitTests.Tasks.ServerTaskBatchHandlerUnitTests" name="ProcessConfigurationChangeTasks_UpdateDevice_Update_UpdateDevice_Not_Batched" />
    </UnitTest>
    <UnitTest name="UpdateLicenseSnapshot_InvalidLicenseSnapshot_Null_ThrowsArgumentNullException" storage="d:\actions-runner\_work\xpco\xpco\corporate\videoos.server.unittests\bin\x64\debug\net472\videoos.server.unittests.dll" id="486ac792-638c-4173-7311-6ecbee32a46a">
      <TestCategory>
        <TestCategoryItem TestCategory="Licensing" />
      </TestCategory>
      <Execution id="c0f19047-b334-4230-8006-b5c307cf9253" />
      <TestMethod codeBase="D:\actions-runner\_work\XPCO\XPCO\Corporate\VideoOS.Server.UnitTests\bin\x64\Debug\net472\VideoOS.Server.UnitTests.dll" adapterTypeName="executor://mstestadapter/v2" className="VideoOS.Server.UnitTests.Licensing.LicenseManagerUnitTests" name="UpdateLicenseSnapshot_InvalidLicenseSnapshot_Null_ThrowsArgumentNullException" />
    </UnitTest>
    <UnitTest name="GetHardwareUsersCommandHandler_Execute_RecorderNotFound_ReturnsCorrectResponse" storage="d:\actions-runner\_work\xpco\xpco\corporate\videoos.server.unittests\bin\x64\debug\net472\videoos.server.unittests.dll" id="3fed6b17-91ce-8aa8-f441-7da427c10db2">
      <Execution id="a9c130ab-65f5-48a3-9d8a-37f022e44205" />
      <TestMethod codeBase="D:\actions-runner\_work\XPCO\XPCO\Corporate\VideoOS.Server.UnitTests\bin\x64\Debug\net472\VideoOS.Server.UnitTests.dll" adapterTypeName="executor://mstestadapter/v2" className="VideoOS.Server.UnitTests.CommandHandler.GetHardwareUsersCommandHandlerUnitTests" name="GetHardwareUsersCommandHandler_Execute_RecorderNotFound_ReturnsCorrectResponse" />
    </UnitTest>
    <UnitTest name="AllocateLicensesNotActivated_OneHardware_TwoCameras_OneLicense_ValidateFirstCameraDevicesIsLicensedAndSecondIsUnlicensed" storage="d:\actions-runner\_work\xpco\xpco\corporate\videoos.server.unittests\bin\x64\debug\net472\videoos.server.unittests.dll" id="cc79f523-9288-951f-b06e-dbed85cadcb2">
      <TestCategory>
        <TestCategoryItem TestCategory="Licensing" />
      </TestCategory>
      <Execution id="a710ad9c-27ad-4d4f-a258-027aa8a40567" />
      <TestMethod codeBase="D:\actions-runner\_work\XPCO\XPCO\Corporate\VideoOS.Server.UnitTests\bin\x64\Debug\net472\VideoOS.Server.UnitTests.dll" adapterTypeName="executor://mstestadapter/v2" className="VideoOS.Server.UnitTests.Licensing.LicenseAllocatorChannelTests" name="AllocateLicensesNotActivated_OneHardware_TwoCameras_OneLicense_ValidateFirstCameraDevicesIsLicensedAndSecondIsUnlicensed" />
    </UnitTest>
    <UnitTest name="UpdateSLCEnvironment_ReturnsValidSLC_ValidLicenseWithEmptyWhiteList" storage="d:\actions-runner\_work\xpco\xpco\corporate\videoos.server.unittests\bin\x64\debug\net472\videoos.server.unittests.dll" id="308375a6-6b2f-0344-b263-18e6ea0c3b70">
      <TestCategory>
        <TestCategoryItem TestCategory="Licensing" />
      </TestCategory>
      <Execution id="d41da624-e3c6-48d1-a77b-66375c4f21e9" />
      <TestMethod codeBase="D:\actions-runner\_work\XPCO\XPCO\Corporate\VideoOS.Server.UnitTests\bin\x64\Debug\net472\VideoOS.Server.UnitTests.dll" adapterTypeName="executor://mstestadapter/v2" className="VideoOS.Server.UnitTests.Licensing.LicenseRequestChannelTests" name="UpdateSLCEnvironment_ReturnsValidSLC_ValidLicenseWithEmptyWhiteList" />
    </UnitTest>
    <UnitTest name="Parse_WhenIntegrationNameChanged_NewestIntegrationNameIsSet" storage="d:\actions-runner\_work\xpco\xpco\corporate\videoos.server.unittests\bin\x64\debug\net472\videoos.server.unittests.dll" id="8bcee521-6a78-3b6c-e064-84949de76b2c">
      <Execution id="fa81c888-0ffb-48df-8edd-e83a818d4c54" />
      <TestMethod codeBase="D:\actions-runner\_work\XPCO\XPCO\Corporate\VideoOS.Server.UnitTests\bin\x64\Debug\net472\VideoOS.Server.UnitTests.dll" adapterTypeName="executor://mstestadapter/v2" className="VideoOS.Server.UnitTests.Licensing.IntegrationRegistrationParserUnitTests" name="Parse_WhenIntegrationNameChanged_NewestIntegrationNameIsSet" />
    </UnitTest>
    <UnitTest name="MoveHardwareTaskCommandHandler_Execute_DeviceEvidenceLocks_BothLiveTables_BothDistributions" storage="d:\actions-runner\_work\xpco\xpco\corporate\videoos.server.unittests\bin\x64\debug\net472\videoos.server.unittests.dll" id="03edf8b7-529b-2eec-d300-ba35462d6076">
      <Execution id="35637885-43d7-456a-9eea-70c8e0bbbd2c" />
      <TestMethod codeBase="D:\actions-runner\_work\XPCO\XPCO\Corporate\VideoOS.Server.UnitTests\bin\x64\Debug\net472\VideoOS.Server.UnitTests.dll" adapterTypeName="executor://mstestadapter/v2" className="VideoOS.Server.UnitTests.CommandHandler.MoveHardwareTaskCommandHandlerTests" name="MoveHardwareTaskCommandHandler_Execute_DeviceEvidenceLocks_BothLiveTables_BothDistributions" />
    </UnitTest>
    <UnitTest name="DeleteConfigurationItemCommandHandler_Execute_NoIds_Success" storage="d:\actions-runner\_work\xpco\xpco\corporate\videoos.server.unittests\bin\x64\debug\net472\videoos.server.unittests.dll" id="6b975322-8492-fc70-99f0-bd37649983f1">
      <Execution id="8ba939c5-fe53-4e64-9a9f-c986f5bc7dff" />
      <TestMethod codeBase="D:\actions-runner\_work\XPCO\XPCO\Corporate\VideoOS.Server.UnitTests\bin\x64\Debug\net472\VideoOS.Server.UnitTests.dll" adapterTypeName="executor://mstestadapter/v2" className="VideoOS.Server.UnitTests.CommandHandler.DeleteConfigurationItemCommandHandlerUnitTests" name="DeleteConfigurationItemCommandHandler_Execute_NoIds_Success" />
    </UnitTest>
    <UnitTest name="AnalyzeAndCreateAuditLogs_ModifiedSecurityPermissionsDeviceRowWithSameTimeBackwards_ReturnsNoTimeBackwardAuditLog" storage="d:\actions-runner\_work\xpco\xpco\corporate\videoos.server.unittests\bin\x64\debug\net472\videoos.server.unittests.dll" id="0e3e65ea-8dcd-331d-126b-63537ab482f7">
      <Execution id="0745943c-695e-4237-848f-21deebce1444" />
      <TestMethod codeBase="D:\actions-runner\_work\XPCO\XPCO\Corporate\VideoOS.Server.UnitTests\bin\x64\Debug\net472\VideoOS.Server.UnitTests.dll" adapterTypeName="executor://mstestadapter/v2" className="VideoOS.Server.UnitTests.CommandHandler.DataSetAuditLogAnalyzerTests" name="AnalyzeAndCreateAuditLogs_ModifiedSecurityPermissionsDeviceRowWithSameTimeBackwards_ReturnsNoTimeBackwardAuditLog" />
    </UnitTest>
    <UnitTest name="DeviceLicense_InsertThenUpdate_ShouldRemainWithInsertFlag" storage="d:\actions-runner\_work\xpco\xpco\corporate\videoos.server.unittests\bin\x64\debug\net472\videoos.server.unittests.dll" id="544a4964-32de-20f8-1685-514d0b05fbbf">
      <Execution id="ef1faf0e-61ba-4149-9bba-224b66268cb6" />
      <TestMethod codeBase="D:\actions-runner\_work\XPCO\XPCO\Corporate\VideoOS.Server.UnitTests\bin\x64\Debug\net472\VideoOS.Server.UnitTests.dll" adapterTypeName="executor://mstestadapter/v2" className="VideoOS.Server.UnitTests.Licensing.LicenseSnapshotTests" name="DeviceLicense_InsertThenUpdate_ShouldRemainWithInsertFlag" />
    </UnitTest>
    <UnitTest name="Construct_LicenseSnapshot_InvalidDeviceLicenseInfo_Throws_ArgumentNullException" storage="d:\actions-runner\_work\xpco\xpco\corporate\videoos.server.unittests\bin\x64\debug\net472\videoos.server.unittests.dll" id="58156cd4-323d-1734-17be-a12608c05d92">
      <Execution id="6d4a6ef7-9519-4316-b129-af1562a8925a" />
      <TestMethod codeBase="D:\actions-runner\_work\XPCO\XPCO\Corporate\VideoOS.Server.UnitTests\bin\x64\Debug\net472\VideoOS.Server.UnitTests.dll" adapterTypeName="executor://mstestadapter/v2" className="VideoOS.Server.UnitTests.Licensing.LicenseSnapshotTests" name="Construct_LicenseSnapshot_InvalidDeviceLicenseInfo_Throws_ArgumentNullException" />
    </UnitTest>
    <UnitTest name="CheckConfigurationDataSetTest_MultistreamRecording_NotLicensed_ValidationFails" storage="d:\actions-runner\_work\xpco\xpco\corporate\videoos.server.unittests\bin\x64\debug\net472\videoos.server.unittests.dll" id="9e417947-1d7d-d9ea-7371-5dd738e87907">
      <Execution id="1d5c6f89-43b5-4739-902e-361f953718ca" />
      <TestMethod codeBase="D:\actions-runner\_work\XPCO\XPCO\Corporate\VideoOS.Server.UnitTests\bin\x64\Debug\net472\VideoOS.Server.UnitTests.dll" adapterTypeName="executor://mstestadapter/v2" className="VideoOS.Server.UnitTests.Licensing.LicenseFeatureCheckerTest" name="CheckConfigurationDataSetTest_MultistreamRecording_NotLicensed_ValidationFails" />
    </UnitTest>
    <UnitTest name="TaskHandling_ProcessUpdateDiffgram_Hardware_Enable" storage="d:\actions-runner\_work\xpco\xpco\corporate\videoos.server.unittests\bin\x64\debug\net472\videoos.server.unittests.dll" id="1fa47bbe-7db1-0e40-1679-648ec26ea253">
      <Execution id="168749b0-ffbb-4f09-8324-d83325244aa3" />
      <TestMethod codeBase="D:\actions-runner\_work\XPCO\XPCO\Corporate\VideoOS.Server.UnitTests\bin\x64\Debug\net472\VideoOS.Server.UnitTests.dll" adapterTypeName="executor://mstestadapter/v2" className="VideoOS.Server.UnitTests.Tasks.TaskHandlingUnitTests" name="TaskHandling_ProcessUpdateDiffgram_Hardware_Enable" />
    </UnitTest>
    <UnitTest name="UploadFileChunkCommandHandler_Execute_Failed_CannotCreateFile" storage="d:\actions-runner\_work\xpco\xpco\corporate\videoos.server.unittests\bin\x64\debug\net472\videoos.server.unittests.dll" id="5f3e3347-7cc7-75b6-7352-604a8f0807cd">
      <Execution id="c9db0b73-5a32-4f3c-b3df-d7fee2b8131e" />
      <TestMethod codeBase="D:\actions-runner\_work\XPCO\XPCO\Corporate\VideoOS.Server.UnitTests\bin\x64\Debug\net472\VideoOS.Server.UnitTests.dll" adapterTypeName="executor://mstestadapter/v2" className="VideoOS.Server.UnitTests.CommandHandler.UploadFileChunkCommandHandlerUnitTests" name="UploadFileChunkCommandHandler_Execute_Failed_CannotCreateFile" />
    </UnitTest>
    <UnitTest name="FirmwareUpgradeTaskCommandHandler_Execute_Succeeded_FileExists" storage="d:\actions-runner\_work\xpco\xpco\corporate\videoos.server.unittests\bin\x64\debug\net472\videoos.server.unittests.dll" id="b566d2d3-171b-83da-eaa9-a57989214de3">
      <Execution id="8ad2ba5d-291b-46a4-931f-073217a51c06" />
      <TestMethod codeBase="D:\actions-runner\_work\XPCO\XPCO\Corporate\VideoOS.Server.UnitTests\bin\x64\Debug\net472\VideoOS.Server.UnitTests.dll" adapterTypeName="executor://mstestadapter/v2" className="VideoOS.Server.UnitTests.CommandHandler.FirmwareUpgradeTaskCommandHandlerTests" name="FirmwareUpgradeTaskCommandHandler_Execute_Succeeded_FileExists" />
    </UnitTest>
    <UnitTest name="ChannelLicenseCountManager_AddLicensedCameraFeed_Same_Device_Twice_ArgumentException" storage="d:\actions-runner\_work\xpco\xpco\corporate\videoos.server.unittests\bin\x64\debug\net472\videoos.server.unittests.dll" id="b5df2dbd-5065-cb1a-ce57-fd72707a2cdc">
      <TestCategory>
        <TestCategoryItem TestCategory="Licensing" />
      </TestCategory>
      <Execution id="093c5ecb-a099-4574-af36-ffaafa123b57" />
      <TestMethod codeBase="D:\actions-runner\_work\XPCO\XPCO\Corporate\VideoOS.Server.UnitTests\bin\x64\Debug\net472\VideoOS.Server.UnitTests.dll" adapterTypeName="executor://mstestadapter/v2" className="VideoOS.Server.UnitTests.Licensing.LicenseCountManagerUnitTests" name="ChannelLicenseCountManager_AddLicensedCameraFeed_Same_Device_Twice_ArgumentException" />
    </UnitTest>
    <UnitTest name="ConfigurationDataSetLoader_GetLicenseByLicenseId_Success" storage="d:\actions-runner\_work\xpco\xpco\corporate\videoos.server.unittests\bin\x64\debug\net472\videoos.server.unittests.dll" id="b916ec91-a230-2e5e-2f2a-8cf3fad793e9">
      <Execution id="e2186d2d-0218-44e7-a98a-0aff98ffa754" />
      <TestMethod codeBase="D:\actions-runner\_work\XPCO\XPCO\Corporate\VideoOS.Server.UnitTests\bin\x64\Debug\net472\VideoOS.Server.UnitTests.dll" adapterTypeName="executor://mstestadapter/v2" className="VideoOS.Server.UnitTests.Configuration.ConfigurationDataSetLoaderTests" name="ConfigurationDataSetLoader_GetLicenseByLicenseId_Success" />
    </UnitTest>
    <UnitTest name="HardwareInGraceNotOnWhiteList_ReplacedWith_HardwareOnWhiteList_ShouldGiveHardwareNewGracePeriod" storage="d:\actions-runner\_work\xpco\xpco\corporate\videoos.server.unittests\bin\x64\debug\net472\videoos.server.unittests.dll" id="66b5c4ff-d2fa-19de-f4f4-61f87928ee9b">
      <TestCategory>
        <TestCategoryItem TestCategory="Licensing Replace Hardware" />
        <TestCategoryItem TestCategory="Licensing" />
      </TestCategory>
      <Execution id="d050eea2-a1c3-42e2-a257-4f343bca8c0d" />
      <TestMethod codeBase="D:\actions-runner\_work\XPCO\XPCO\Corporate\VideoOS.Server.UnitTests\bin\x64\Debug\net472\VideoOS.Server.UnitTests.dll" adapterTypeName="executor://mstestadapter/v2" className="VideoOS.Server.UnitTests.Licensing.LicenseAllocatorChannelTests" name="HardwareInGraceNotOnWhiteList_ReplacedWith_HardwareOnWhiteList_ShouldGiveHardwareNewGracePeriod" />
    </UnitTest>
    <UnitTest name="AnalyzeAndCreateAuditLogs_AddedSecurityPermissionsDeviceRowWithDEVICEPTZPRIORITYAtrributeDefaultPriority_ReturnsOneAuditLog" storage="d:\actions-runner\_work\xpco\xpco\corporate\videoos.server.unittests\bin\x64\debug\net472\videoos.server.unittests.dll" id="f7272b3f-113e-703c-2842-a1c9d4adb7bb">
      <Execution id="94e173aa-278d-4b14-bf6e-f119a8d8a454" />
      <TestMethod codeBase="D:\actions-runner\_work\XPCO\XPCO\Corporate\VideoOS.Server.UnitTests\bin\x64\Debug\net472\VideoOS.Server.UnitTests.dll" adapterTypeName="executor://mstestadapter/v2" className="VideoOS.Server.UnitTests.CommandHandler.DataSetAuditLogAnalyzerTests" name="AnalyzeAndCreateAuditLogs_AddedSecurityPermissionsDeviceRowWithDEVICEPTZPRIORITYAtrributeDefaultPriority_ReturnsOneAuditLog" />
    </UnitTest>
    <UnitTest name="EvidenceLockOnOldRecorderCommandHandlerTests_OldRec_SendCmd_NotSupportedException" storage="d:\actions-runner\_work\xpco\xpco\corporate\videoos.server.unittests\bin\x64\debug\net472\videoos.server.unittests.dll" id="78410454-9798-10a4-a6b0-96d74dd2313c">
      <Execution id="efa68114-ef0f-4b2f-a94b-fa1fc8c6e0d4" />
      <TestMethod codeBase="D:\actions-runner\_work\XPCO\XPCO\Corporate\VideoOS.Server.UnitTests\bin\x64\Debug\net472\VideoOS.Server.UnitTests.dll" adapterTypeName="executor://mstestadapter/v2" className="VideoOS.Server.UnitTests.CommandHandler.EvidenceLockOnOldRecorderCommandHandlerTests" name="EvidenceLockOnOldRecorderCommandHandlerTests_OldRec_SendCmd_NotSupportedException" />
    </UnitTest>
    <UnitTest name="Parse_WhenTwoIntegrations_ReturnsTwoIntegrationRegistrations" storage="d:\actions-runner\_work\xpco\xpco\corporate\videoos.server.unittests\bin\x64\debug\net472\videoos.server.unittests.dll" id="9b2113f6-7be9-7a36-e4c3-35aeef59e7b0">
      <Execution id="e3c3ba3f-f40d-4b40-8345-e92cd98c07eb" />
      <TestMethod codeBase="D:\actions-runner\_work\XPCO\XPCO\Corporate\VideoOS.Server.UnitTests\bin\x64\Debug\net472\VideoOS.Server.UnitTests.dll" adapterTypeName="executor://mstestadapter/v2" className="VideoOS.Server.UnitTests.Licensing.IntegrationRegistrationParserUnitTests" name="Parse_WhenTwoIntegrations_ReturnsTwoIntegrationRegistrations" />
    </UnitTest>
    <UnitTest name="HardwareInCWANotOnWhiteList_ReplacedWithNoInheritance_HardwareOnWhiteList_MixedCWAAllowed_FewerChannelsOnReplacedHardware_NewHardwareInCWA" storage="d:\actions-runner\_work\xpco\xpco\corporate\videoos.server.unittests\bin\x64\debug\net472\videoos.server.unittests.dll" id="88a2b845-389b-beb6-1095-abb81af0f128">
      <TestCategory>
        <TestCategoryItem TestCategory="Licensing Replace Hardware" />
        <TestCategoryItem TestCategory="Licensing" />
      </TestCategory>
      <Execution id="98081853-abcd-40e0-8971-c9ad8bde20de" />
      <TestMethod codeBase="D:\actions-runner\_work\XPCO\XPCO\Corporate\VideoOS.Server.UnitTests\bin\x64\Debug\net472\VideoOS.Server.UnitTests.dll" adapterTypeName="executor://mstestadapter/v2" className="VideoOS.Server.UnitTests.Licensing.LicenseAllocatorChannelTests" name="HardwareInCWANotOnWhiteList_ReplacedWithNoInheritance_HardwareOnWhiteList_MixedCWAAllowed_FewerChannelsOnReplacedHardware_NewHardwareInCWA" />
    </UnitTest>
    <UnitTest name="CheckMsFailoverStatusCommandHandler_Execute_DecryptionFaulty_ShouldNotTrigger" storage="d:\actions-runner\_work\xpco\xpco\corporate\videoos.server.unittests\bin\x64\debug\net472\videoos.server.unittests.dll" id="5006a63c-335a-e7ab-37f6-6550fc39bd41">
      <Execution id="e70e7971-6340-44a4-a9bf-2deb866c123a" />
      <TestMethod codeBase="D:\actions-runner\_work\XPCO\XPCO\Corporate\VideoOS.Server.UnitTests\bin\x64\Debug\net472\VideoOS.Server.UnitTests.dll" adapterTypeName="executor://mstestadapter/v2" className="VideoOS.Server.UnitTests.CommandHandler.CheckMsFailoverStatusCommandHandlerUnitTest" name="CheckMsFailoverStatusCommandHandler_Execute_DecryptionFaulty_ShouldNotTrigger" />
    </UnitTest>
    <UnitTest name="AnalyzeAndCreateAuditLogs_ModifiedSecurityPermissionsRowFromProfileNameToDefault_ReturnsOneAuditLog" storage="d:\actions-runner\_work\xpco\xpco\corporate\videoos.server.unittests\bin\x64\debug\net472\videoos.server.unittests.dll" id="b91ea863-19c7-157b-0aef-142fc8f94370">
      <Execution id="8d1ba681-bdb4-4bde-93aa-bf0527d5420e" />
      <TestMethod codeBase="D:\actions-runner\_work\XPCO\XPCO\Corporate\VideoOS.Server.UnitTests\bin\x64\Debug\net472\VideoOS.Server.UnitTests.dll" adapterTypeName="executor://mstestadapter/v2" className="VideoOS.Server.UnitTests.CommandHandler.DataSetAuditLogAnalyzerTests" name="AnalyzeAndCreateAuditLogs_ModifiedSecurityPermissionsRowFromProfileNameToDefault_ReturnsOneAuditLog" />
    </UnitTest>
    <UnitTest name="Find_NonICPHardware_ThatIsInGrace_ExpectedToFindNohardware" storage="d:\actions-runner\_work\xpco\xpco\corporate\videoos.server.unittests\bin\x64\debug\net472\videoos.server.unittests.dll" id="02ea1c10-2177-d122-01d1-49ecad243c61">
      <Execution id="dc12e9a4-9264-4aa5-bec6-ff34acf9def2" />
      <TestMethod codeBase="D:\actions-runner\_work\XPCO\XPCO\Corporate\VideoOS.Server.UnitTests\bin\x64\Debug\net472\VideoOS.Server.UnitTests.dll" adapterTypeName="executor://mstestadapter/v2" className="VideoOS.Server.UnitTests.Licensing.LicenseSnapshotTests" name="Find_NonICPHardware_ThatIsInGrace_ExpectedToFindNohardware" />
    </UnitTest>
    <UnitTest name="HardwareInGraceOnWhiteList_ReplacedWithNoInheritance_HardwareOnWhiteList_ShouldGiveHardwareNewGracePeriod" storage="d:\actions-runner\_work\xpco\xpco\corporate\videoos.server.unittests\bin\x64\debug\net472\videoos.server.unittests.dll" id="d8163710-1b5a-3346-13fe-885c38e1ff86">
      <TestCategory>
        <TestCategoryItem TestCategory="Licensing Replace Hardware" />
        <TestCategoryItem TestCategory="Licensing" />
      </TestCategory>
      <Execution id="5e1878bf-1d7f-4f04-80af-db1c8d638644" />
      <TestMethod codeBase="D:\actions-runner\_work\XPCO\XPCO\Corporate\VideoOS.Server.UnitTests\bin\x64\Debug\net472\VideoOS.Server.UnitTests.dll" adapterTypeName="executor://mstestadapter/v2" className="VideoOS.Server.UnitTests.Licensing.LicenseAllocatorChannelTests" name="HardwareInGraceOnWhiteList_ReplacedWithNoInheritance_HardwareOnWhiteList_ShouldGiveHardwareNewGracePeriod" />
    </UnitTest>
    <UnitTest name="LicenseCountManager_Hardware_Get_Set_HardwareLicenseValue" storage="d:\actions-runner\_work\xpco\xpco\corporate\videoos.server.unittests\bin\x64\debug\net472\videoos.server.unittests.dll" id="d6f81ae9-e981-8578-05d8-fc4d8d62f519">
      <Execution id="254bbe5c-a500-4e32-89d0-fd7d84b8c4c1" />
      <TestMethod codeBase="D:\actions-runner\_work\XPCO\XPCO\Corporate\VideoOS.Server.UnitTests\bin\x64\Debug\net472\VideoOS.Server.UnitTests.dll" adapterTypeName="executor://mstestadapter/v2" className="VideoOS.Server.UnitTests.Licensing.LicenseCountManagerUnitTests" name="LicenseCountManager_Hardware_Get_Set_HardwareLicenseValue" />
    </UnitTest>
    <UnitTest name="HardwareActivatedNotOnWhiteList_ReplacedWithInheritance_HardwareOnWhiteList_NoCWAAllowed_NewHardwareInGrace" storage="d:\actions-runner\_work\xpco\xpco\corporate\videoos.server.unittests\bin\x64\debug\net472\videoos.server.unittests.dll" id="d9e2c8f9-5652-2464-f933-9795a5513b3a">
      <TestCategory>
        <TestCategoryItem TestCategory="Licensing Replace Hardware" />
        <TestCategoryItem TestCategory="Licensing" />
      </TestCategory>
      <Execution id="3fa2a255-eb65-44c0-b02b-6c1728031038" />
      <TestMethod codeBase="D:\actions-runner\_work\XPCO\XPCO\Corporate\VideoOS.Server.UnitTests\bin\x64\Debug\net472\VideoOS.Server.UnitTests.dll" adapterTypeName="executor://mstestadapter/v2" className="VideoOS.Server.UnitTests.Licensing.LicenseAllocatorChannelTests" name="HardwareActivatedNotOnWhiteList_ReplacedWithInheritance_HardwareOnWhiteList_NoCWAAllowed_NewHardwareInGrace" />
    </UnitTest>
    <UnitTest name="AnalyzeAndCreateAuditLogs_ModifiedSecurityPermissionsDeviceRowWithDEVICEPTZPRIORITYAtrributeSamePriority_ReturnsNoAuditLog" storage="d:\actions-runner\_work\xpco\xpco\corporate\videoos.server.unittests\bin\x64\debug\net472\videoos.server.unittests.dll" id="18221f5c-a233-8915-9e13-307a08a338ec">
      <Execution id="583ea26a-92f1-41ca-8fa4-7f1c4ce606bc" />
      <TestMethod codeBase="D:\actions-runner\_work\XPCO\XPCO\Corporate\VideoOS.Server.UnitTests\bin\x64\Debug\net472\VideoOS.Server.UnitTests.dll" adapterTypeName="executor://mstestadapter/v2" className="VideoOS.Server.UnitTests.CommandHandler.DataSetAuditLogAnalyzerTests" name="AnalyzeAndCreateAuditLogs_ModifiedSecurityPermissionsDeviceRowWithDEVICEPTZPRIORITYAtrributeSamePriority_ReturnsNoAuditLog" />
    </UnitTest>
    <UnitTest name="ConfigurationDataSetLoader_GetDeviceRecorderPlugins_Success" storage="d:\actions-runner\_work\xpco\xpco\corporate\videoos.server.unittests\bin\x64\debug\net472\videoos.server.unittests.dll" id="c2068be2-4b9a-2d31-5ccd-a114d2f9c690">
      <Execution id="319a9c64-4372-455b-b948-25b2ba345db2" />
      <TestMethod codeBase="D:\actions-runner\_work\XPCO\XPCO\Corporate\VideoOS.Server.UnitTests\bin\x64\Debug\net472\VideoOS.Server.UnitTests.dll" adapterTypeName="executor://mstestadapter/v2" className="VideoOS.Server.UnitTests.Configuration.ConfigurationDataSetLoaderTests" name="ConfigurationDataSetLoader_GetDeviceRecorderPlugins_Success" />
    </UnitTest>
    <UnitTest name="AttachedRecorder_Register_ArgumentNull" storage="d:\actions-runner\_work\xpco\xpco\corporate\videoos.server.unittests\bin\x64\debug\net472\videoos.server.unittests.dll" id="3396b17e-7d76-0fa4-f8b1-ffc9748f3b30">
      <Execution id="6a05df35-5dda-4eae-8664-57909de0f86a" />
      <TestMethod codeBase="D:\actions-runner\_work\XPCO\XPCO\Corporate\VideoOS.Server.UnitTests\bin\x64\Debug\net472\VideoOS.Server.UnitTests.dll" adapterTypeName="executor://mstestadapter/v2" className="VideoOS.Server.UnitTests.AttachedRecorderTests" name="AttachedRecorder_Register_ArgumentNull" />
    </UnitTest>
    <UnitTest name="IsHardwareInChangesWithoutActivation_ReturnsTrue_OnCurrentYearDevices" storage="d:\actions-runner\_work\xpco\xpco\corporate\videoos.server.unittests\bin\x64\debug\net472\videoos.server.unittests.dll" id="69e8fd5f-67a2-ab17-7dea-912fb2f94aa3">
      <TestCategory>
        <TestCategoryItem TestCategory="Licensing" />
      </TestCategory>
      <Execution id="d36d9808-e66f-4e6d-b10f-71638ba77f4e" />
      <TestMethod codeBase="D:\actions-runner\_work\XPCO\XPCO\Corporate\VideoOS.Server.UnitTests\bin\x64\Debug\net472\VideoOS.Server.UnitTests.dll" adapterTypeName="executor://mstestadapter/v2" className="VideoOS.Server.UnitTests.Licensing.LicenseManagerUnitTests" name="IsHardwareInChangesWithoutActivation_ReturnsTrue_OnCurrentYearDevices" />
    </UnitTest>
    <UnitTest name="LicenseInfoXmlWriter_CreateLicenseInformationXml_FromCachedLicense" storage="d:\actions-runner\_work\xpco\xpco\corporate\videoos.server.unittests\bin\x64\debug\net472\videoos.server.unittests.dll" id="2a80f91a-32ba-91b0-be00-f54a7b8a1186">
      <TestCategory>
        <TestCategoryItem TestCategory="Licensing" />
      </TestCategory>
      <Execution id="69de20a6-fbd2-46ff-b664-f97e23cad79e" />
      <TestMethod codeBase="D:\actions-runner\_work\XPCO\XPCO\Corporate\VideoOS.Server.UnitTests\bin\x64\Debug\net472\VideoOS.Server.UnitTests.dll" adapterTypeName="executor://mstestadapter/v2" className="VideoOS.Server.UnitTests.Licensing.LicenseInfoXmlWriterTests" name="LicenseInfoXmlWriter_CreateLicenseInformationXml_FromCachedLicense" />
    </UnitTest>
    <UnitTest name="RecorderLicense_RemoveExistingLicense_ReAdd_StatusShouldBeUpdate_Success" storage="d:\actions-runner\_work\xpco\xpco\corporate\videoos.server.unittests\bin\x64\debug\net472\videoos.server.unittests.dll" id="0aeb399b-3861-f3f6-cb85-96ab5dcf2ac5">
      <Execution id="eb290766-5ee7-49ba-9d24-aa8339b84146" />
      <TestMethod codeBase="D:\actions-runner\_work\XPCO\XPCO\Corporate\VideoOS.Server.UnitTests\bin\x64\Debug\net472\VideoOS.Server.UnitTests.dll" adapterTypeName="executor://mstestadapter/v2" className="VideoOS.Server.UnitTests.Licensing.LicenseSnapshotTests" name="RecorderLicense_RemoveExistingLicense_ReAdd_StatusShouldBeUpdate_Success" />
    </UnitTest>
    <UnitTest name="DeviceDataDistributionManager_CleanupAll_RecorderNotMainRecorder_NothingDeleted" storage="d:\actions-runner\_work\xpco\xpco\corporate\videoos.server.unittests\bin\x64\debug\net472\videoos.server.unittests.dll" id="b00145eb-37a7-57ac-e8b9-6347d3111bce">
      <Execution id="a947fe9c-ac99-47bc-92b2-4ffcdfa0513a" />
      <TestMethod codeBase="D:\actions-runner\_work\XPCO\XPCO\Corporate\VideoOS.Server.UnitTests\bin\x64\Debug\net472\VideoOS.Server.UnitTests.dll" adapterTypeName="executor://mstestadapter/v2" className="VideoOS.Server.UnitTests.DeviceDataDistributionManagerUnitTests" name="DeviceDataDistributionManager_CleanupAll_RecorderNotMainRecorder_NothingDeleted" />
    </UnitTest>
    <UnitTest name="OnException_ExceptionOtherThanNotSupportedByLegacyRecorderException_ReponseIsUnchaged" storage="d:\actions-runner\_work\xpco\xpco\corporate\videoos.server.unittests\bin\x64\debug\net472\videoos.server.unittests.dll" id="aaa036b3-a7bb-26a3-056e-9fe53c0f9a73">
      <Execution id="9845643c-1eac-4d6f-b729-a6ed13af116d" />
      <TestMethod codeBase="D:\actions-runner\_work\XPCO\XPCO\Corporate\VideoOS.Server.UnitTests\bin\x64\Debug\net472\VideoOS.Server.UnitTests.dll" adapterTypeName="executor://mstestadapter/v2" className="VideoOS.Server.UnitTests.ServerExceptionFilterTests" name="OnException_ExceptionOtherThanNotSupportedByLegacyRecorderException_ReponseIsUnchaged" />
    </UnitTest>
    <UnitTest name="LicenseInformation_ToXml_FromXml_CompareObjects" storage="d:\actions-runner\_work\xpco\xpco\corporate\videoos.server.unittests\bin\x64\debug\net472\videoos.server.unittests.dll" id="21d94a4c-564b-6c81-53a1-9ad6328e5a7b">
      <TestCategory>
        <TestCategoryItem TestCategory="Licensing" />
      </TestCategory>
      <Execution id="6992a959-bfc3-44e5-8215-ec67f20910f7" />
      <TestMethod codeBase="D:\actions-runner\_work\XPCO\XPCO\Corporate\VideoOS.Server.UnitTests\bin\x64\Debug\net472\VideoOS.Server.UnitTests.dll" adapterTypeName="executor://mstestadapter/v2" className="VideoOS.Server.UnitTests.Licensing.LicenseInformationUnitTests" name="LicenseInformation_ToXml_FromXml_CompareObjects" />
    </UnitTest>
    <UnitTest name="HardwareInCWAOnWhiteList_ReplacedWithInheritance_HardwareOnWhiteList_NoMoreCWAAllowed_MoreChannelsOnReplacedHardware_NewHardwareInGrace" storage="d:\actions-runner\_work\xpco\xpco\corporate\videoos.server.unittests\bin\x64\debug\net472\videoos.server.unittests.dll" id="f6d1993a-6db2-551d-9c0e-78124ea0eb13">
      <TestCategory>
        <TestCategoryItem TestCategory="Licensing Replace Hardware" />
        <TestCategoryItem TestCategory="Licensing" />
      </TestCategory>
      <Execution id="893eeec5-9b02-4fd7-bfb2-eb8ad31ea079" />
      <TestMethod codeBase="D:\actions-runner\_work\XPCO\XPCO\Corporate\VideoOS.Server.UnitTests\bin\x64\Debug\net472\VideoOS.Server.UnitTests.dll" adapterTypeName="executor://mstestadapter/v2" className="VideoOS.Server.UnitTests.Licensing.LicenseAllocatorChannelTests" name="HardwareInCWAOnWhiteList_ReplacedWithInheritance_HardwareOnWhiteList_NoMoreCWAAllowed_MoreChannelsOnReplacedHardware_NewHardwareInGrace" />
    </UnitTest>
    <UnitTest name="HardwareScanTaskCommandHandler_Execute_InitializeDiscoveryComponent_FailResponse" storage="d:\actions-runner\_work\xpco\xpco\corporate\videoos.server.unittests\bin\x64\debug\net472\videoos.server.unittests.dll" id="5980876c-5f0e-99f6-c59d-26c8c29982a4">
      <Execution id="30093589-475a-4e02-8019-916e12edb2e3" />
      <TestMethod codeBase="D:\actions-runner\_work\XPCO\XPCO\Corporate\VideoOS.Server.UnitTests\bin\x64\Debug\net472\VideoOS.Server.UnitTests.dll" adapterTypeName="executor://mstestadapter/v2" className="VideoOS.Server.UnitTests.CommandHandler.HardwareScanTaskCommandHandlerTest" name="HardwareScanTaskCommandHandler_Execute_InitializeDiscoveryComponent_FailResponse" />
    </UnitTest>
    <UnitTest name="EventCollectorConstructor_Success" storage="d:\actions-runner\_work\xpco\xpco\corporate\videoos.server.unittests\bin\x64\debug\net472\videoos.server.unittests.dll" id="a713d85e-4be9-e408-9b6e-5babcb270474">
      <Execution id="8ded3d32-c4e2-421c-9e40-751d49c942c1" />
      <TestMethod codeBase="D:\actions-runner\_work\XPCO\XPCO\Corporate\VideoOS.Server.UnitTests\bin\x64\Debug\net472\VideoOS.Server.UnitTests.dll" adapterTypeName="executor://mstestadapter/v2" className="VideoOS.Server.UnitTests.UpdateConfigurationManagerCommandHandlerTests" name="EventCollectorConstructor_Success" />
    </UnitTest>
    <UnitTest name="CreateLicenseInformationXml_Has0InAllCounts_OnActivatedDisabledHardware" storage="d:\actions-runner\_work\xpco\xpco\corporate\videoos.server.unittests\bin\x64\debug\net472\videoos.server.unittests.dll" id="c858a481-0d0e-3988-c228-6802bc380da7">
      <TestCategory>
        <TestCategoryItem TestCategory="Licensing" />
      </TestCategory>
      <Execution id="4c0d89c3-355a-42f6-97a2-590661708343" />
      <TestMethod codeBase="D:\actions-runner\_work\XPCO\XPCO\Corporate\VideoOS.Server.UnitTests\bin\x64\Debug\net472\VideoOS.Server.UnitTests.dll" adapterTypeName="executor://mstestadapter/v2" className="VideoOS.Server.UnitTests.Licensing.LicenseInfoXmlWriterTests" name="CreateLicenseInformationXml_Has0InAllCounts_OnActivatedDisabledHardware" />
    </UnitTest>
    <UnitTest name="GetCompleteConfiguration_ModelIsValid_Success" storage="d:\actions-runner\_work\xpco\xpco\corporate\videoos.server.unittests\bin\x64\debug\net472\videoos.server.unittests.dll" id="b6d62496-fe4d-e1e0-5823-653f91d759b0">
      <Execution id="f569f413-426c-4cd0-a0eb-c6dec4b1f11c" />
      <TestMethod codeBase="D:\actions-runner\_work\XPCO\XPCO\Corporate\VideoOS.Server.UnitTests\bin\x64\Debug\net472\VideoOS.Server.UnitTests.dll" adapterTypeName="executor://mstestadapter/v2" className="VideoOS.Server.UnitTests.ConfigurationControllerTests" name="GetCompleteConfiguration_ModelIsValid_Success" />
    </UnitTest>
    <UnitTest name="FirmwareUpgradeTaskCommandHandler_Execute_Failed_CannotOpenFile" storage="d:\actions-runner\_work\xpco\xpco\corporate\videoos.server.unittests\bin\x64\debug\net472\videoos.server.unittests.dll" id="1405cb77-5474-643e-05e9-78856c3ea7b9">
      <Execution id="bf7771df-db68-436c-a5dd-cf596c0ac64a" />
      <TestMethod codeBase="D:\actions-runner\_work\XPCO\XPCO\Corporate\VideoOS.Server.UnitTests\bin\x64\Debug\net472\VideoOS.Server.UnitTests.dll" adapterTypeName="executor://mstestadapter/v2" className="VideoOS.Server.UnitTests.CommandHandler.FirmwareUpgradeTaskCommandHandlerTests" name="FirmwareUpgradeTaskCommandHandler_Execute_Failed_CannotOpenFile" />
    </UnitTest>
    <UnitTest name="HardwareScanExpressTaskCommandHandler_Execute_UnexpectedResponse_FailResponse" storage="d:\actions-runner\_work\xpco\xpco\corporate\videoos.server.unittests\bin\x64\debug\net472\videoos.server.unittests.dll" id="c515c7cc-d55a-ea72-d25b-2e3f0c53338a">
      <Execution id="d991f160-a5c0-4046-bd6a-95d9c37d0ca1" />
      <TestMethod codeBase="D:\actions-runner\_work\XPCO\XPCO\Corporate\VideoOS.Server.UnitTests\bin\x64\Debug\net472\VideoOS.Server.UnitTests.dll" adapterTypeName="executor://mstestadapter/v2" className="VideoOS.Server.UnitTests.CommandHandler.HardwareScanExpressTaskCommandHandlerTest" name="HardwareScanExpressTaskCommandHandler_Execute_UnexpectedResponse_FailResponse" />
    </UnitTest>
    <UnitTest name="UpdateHardwareTaskCommandHandler_Apply_HartBeat_Tests" storage="d:\actions-runner\_work\xpco\xpco\corporate\videoos.server.unittests\bin\x64\debug\net472\videoos.server.unittests.dll" id="20d778f5-4e73-ba07-f83c-99d00437cd4c">
      <Execution id="d3d913ce-ac5a-4a19-aa15-e75547020139" />
      <TestMethod codeBase="D:\actions-runner\_work\XPCO\XPCO\Corporate\VideoOS.Server.UnitTests\bin\x64\Debug\net472\VideoOS.Server.UnitTests.dll" adapterTypeName="executor://mstestadapter/v2" className="VideoOS.Server.UnitTests.CommandHandler.UpdateHardwareTaskHandlerTests" name="UpdateHardwareTaskCommandHandler_Apply_HartBeat_Tests" />
    </UnitTest>
    <UnitTest name="ChannelLicenseCountManager_IsCameraFeedLicensedOnRecorder_NullDeviceInfo_ThrowsArgumentNullException" storage="d:\actions-runner\_work\xpco\xpco\corporate\videoos.server.unittests\bin\x64\debug\net472\videoos.server.unittests.dll" id="242e1d60-b9b9-fea9-1a94-af0c6327deb8">
      <TestCategory>
        <TestCategoryItem TestCategory="Licensing" />
      </TestCategory>
      <Execution id="c4166359-9b1e-4904-a57c-1adf3b3cbfa8" />
      <TestMethod codeBase="D:\actions-runner\_work\XPCO\XPCO\Corporate\VideoOS.Server.UnitTests\bin\x64\Debug\net472\VideoOS.Server.UnitTests.dll" adapterTypeName="executor://mstestadapter/v2" className="VideoOS.Server.UnitTests.Licensing.LicenseCountManagerUnitTests" name="ChannelLicenseCountManager_IsCameraFeedLicensedOnRecorder_NullDeviceInfo_ThrowsArgumentNullException" />
    </UnitTest>
    <UnitTest name="AllocateLicenses_25Available_SixHardwareWith5Devices_15Activated_10InChangesWithoutActivation_5Unlicensed" storage="d:\actions-runner\_work\xpco\xpco\corporate\videoos.server.unittests\bin\x64\debug\net472\videoos.server.unittests.dll" id="849ae475-f416-8ab4-9798-07ae8793de20">
      <TestCategory>
        <TestCategoryItem TestCategory="Licensing" />
      </TestCategory>
      <Execution id="711aa653-c1f4-482f-89df-4d6fd29561c6" />
      <TestMethod codeBase="D:\actions-runner\_work\XPCO\XPCO\Corporate\VideoOS.Server.UnitTests\bin\x64\Debug\net472\VideoOS.Server.UnitTests.dll" adapterTypeName="executor://mstestadapter/v2" className="VideoOS.Server.UnitTests.Licensing.LicenseAllocatorChannelTests" name="AllocateLicenses_25Available_SixHardwareWith5Devices_15Activated_10InChangesWithoutActivation_5Unlicensed" />
    </UnitTest>
    <UnitTest name="Parse_WhenOneIntegration_TwoIntegrationTypes_ReturnsOneIntegrationRegistration" storage="d:\actions-runner\_work\xpco\xpco\corporate\videoos.server.unittests\bin\x64\debug\net472\videoos.server.unittests.dll" id="0ea2702b-3b94-2ec6-f6e7-7129973ec32e">
      <Execution id="568b0df5-a266-463b-b67a-1675ea93e428" />
      <TestMethod codeBase="D:\actions-runner\_work\XPCO\XPCO\Corporate\VideoOS.Server.UnitTests\bin\x64\Debug\net472\VideoOS.Server.UnitTests.dll" adapterTypeName="executor://mstestadapter/v2" className="VideoOS.Server.UnitTests.Licensing.IntegrationRegistrationParserUnitTests" name="Parse_WhenOneIntegration_TwoIntegrationTypes_ReturnsOneIntegrationRegistration" />
    </UnitTest>
    <UnitTest name="GetAbsolutePtzPositionResponse_ModelIsNull_BadRequestResult" storage="d:\actions-runner\_work\xpco\xpco\corporate\videoos.server.unittests\bin\x64\debug\net472\videoos.server.unittests.dll" id="30b9cd1c-6147-d908-195f-b436e1d3125c">
      <Execution id="5c9e6eb1-89fa-4e9b-9be5-20b8982d2e74" />
      <TestMethod codeBase="D:\actions-runner\_work\XPCO\XPCO\Corporate\VideoOS.Server.UnitTests\bin\x64\Debug\net472\VideoOS.Server.UnitTests.dll" adapterTypeName="executor://mstestadapter/v2" className="VideoOS.Server.UnitTests.WebApi.ResponseControllerTest" name="GetAbsolutePtzPositionResponse_ModelIsNull_BadRequestResult" />
    </UnitTest>
    <UnitTest name="UpdateEvidenceLockSizesCommandHandlerTests_UpdateOneEvidenceLockSize_RecorderHasReturnedWithPositiveSizes_SuccessResponse" storage="d:\actions-runner\_work\xpco\xpco\corporate\videoos.server.unittests\bin\x64\debug\net472\videoos.server.unittests.dll" id="f793553c-5e8d-2585-ec4b-6c1aa03e7866">
      <Execution id="859af7b1-edbd-4cd8-9c0b-cd4114c9928d" />
      <TestMethod codeBase="D:\actions-runner\_work\XPCO\XPCO\Corporate\VideoOS.Server.UnitTests\bin\x64\Debug\net472\VideoOS.Server.UnitTests.dll" adapterTypeName="executor://mstestadapter/v2" className="VideoOS.Server.UnitTests.CommandHandler.UpdateEvidenceLockSizesCommandHandlerTests" name="UpdateEvidenceLockSizesCommandHandlerTests_UpdateOneEvidenceLockSize_RecorderHasReturnedWithPositiveSizes_SuccessResponse" />
    </UnitTest>
    <UnitTest name="ChannelLicenseCountManager_GetCameraFeedLicenseValue_DeviceNotFound_ThrowsInvalidOperationException" storage="d:\actions-runner\_work\xpco\xpco\corporate\videoos.server.unittests\bin\x64\debug\net472\videoos.server.unittests.dll" id="e99a400b-ed81-5765-bd26-bbc9b70b51b3">
      <TestCategory>
        <TestCategoryItem TestCategory="Licensing" />
      </TestCategory>
      <Execution id="0cdcad8f-7f8e-4967-ab9a-b2a1266581e1" />
      <TestMethod codeBase="D:\actions-runner\_work\XPCO\XPCO\Corporate\VideoOS.Server.UnitTests\bin\x64\Debug\net472\VideoOS.Server.UnitTests.dll" adapterTypeName="executor://mstestadapter/v2" className="VideoOS.Server.UnitTests.Licensing.LicenseCountManagerUnitTests" name="ChannelLicenseCountManager_GetCameraFeedLicenseValue_DeviceNotFound_ThrowsInvalidOperationException" />
    </UnitTest>
    <UnitTest name="Monitor_CurrentStatusChanged_LocalSslError" storage="d:\actions-runner\_work\xpco\xpco\corporate\videoos.server.unittests\bin\x64\debug\net472\videoos.server.unittests.dll" id="4a92a97d-092d-826d-c116-86acae774336">
      <Execution id="fca7608a-8f0e-4afd-8f86-1266e9cf44c3" />
      <TestMethod codeBase="D:\actions-runner\_work\XPCO\XPCO\Corporate\VideoOS.Server.UnitTests\bin\x64\Debug\net472\VideoOS.Server.UnitTests.dll" adapterTypeName="executor://mstestadapter/v2" className="VideoOS.Server.UnitTests.Failover.FailoverStatusManagerUnitTests" name="Monitor_CurrentStatusChanged_LocalSslError" />
    </UnitTest>
    <UnitTest name="Validate_ReenteringLicenses_AfterActivation_ShowsHardwareInGrace_WhenUsingWhiteListedHardware" storage="d:\actions-runner\_work\xpco\xpco\corporate\videoos.server.unittests\bin\x64\debug\net472\videoos.server.unittests.dll" id="6c6b716e-4d28-c779-dfb6-ac3f614f8de4">
      <TestCategory>
        <TestCategoryItem TestCategory="Licensing" />
      </TestCategory>
      <Execution id="80732dc2-9906-4094-a438-03b472844a63" />
      <TestMethod codeBase="D:\actions-runner\_work\XPCO\XPCO\Corporate\VideoOS.Server.UnitTests\bin\x64\Debug\net472\VideoOS.Server.UnitTests.dll" adapterTypeName="executor://mstestadapter/v2" className="VideoOS.Server.UnitTests.Licensing.LicenseAllocatorChannelTests" name="Validate_ReenteringLicenses_AfterActivation_ShowsHardwareInGrace_WhenUsingWhiteListedHardware" />
    </UnitTest>
    <UnitTest name="IsActivationNeeded_True_DeviceRemoved" storage="d:\actions-runner\_work\xpco\xpco\corporate\videoos.server.unittests\bin\x64\debug\net472\videoos.server.unittests.dll" id="882b56f4-78e9-f8de-5e21-552cca584369">
      <TestCategory>
        <TestCategoryItem TestCategory="Licensing" />
      </TestCategory>
      <Execution id="07ceaab5-c924-4480-b4ff-0717a01b3e9c" />
      <TestMethod codeBase="D:\actions-runner\_work\XPCO\XPCO\Corporate\VideoOS.Server.UnitTests\bin\x64\Debug\net472\VideoOS.Server.UnitTests.dll" adapterTypeName="executor://mstestadapter/v2" className="VideoOS.Server.UnitTests.Licensing.LicenseManagerUnitTests" name="IsActivationNeeded_True_DeviceRemoved" />
    </UnitTest>
    <UnitTest name="HardwareSetupErrorResponse_ModelIsValid_CommandExecuted" storage="d:\actions-runner\_work\xpco\xpco\corporate\videoos.server.unittests\bin\x64\debug\net472\videoos.server.unittests.dll" id="83deb65f-c361-2dce-240a-5f709eb9caac">
      <Execution id="37529ecf-a5e1-4f12-857a-075bf850487c" />
      <TestMethod codeBase="D:\actions-runner\_work\XPCO\XPCO\Corporate\VideoOS.Server.UnitTests\bin\x64\Debug\net472\VideoOS.Server.UnitTests.dll" adapterTypeName="executor://mstestadapter/v2" className="VideoOS.Server.UnitTests.WebApi.ResponseControllerTest" name="HardwareSetupErrorResponse_ModelIsValid_CommandExecuted" />
    </UnitTest>
    <UnitTest name="AllocateLicensesNotActivated_WhitelistedDriver_CWA_OneHardware_TwoCameras_OneLicense_ValidateLicenseTypes" storage="d:\actions-runner\_work\xpco\xpco\corporate\videoos.server.unittests\bin\x64\debug\net472\videoos.server.unittests.dll" id="2e5cdf48-ab53-ed98-9996-66c93f8cff15">
      <TestCategory>
        <TestCategoryItem TestCategory="Licensing" />
      </TestCategory>
      <Execution id="1bebc5e7-a1d3-4859-8694-a5ca465926ae" />
      <TestMethod codeBase="D:\actions-runner\_work\XPCO\XPCO\Corporate\VideoOS.Server.UnitTests\bin\x64\Debug\net472\VideoOS.Server.UnitTests.dll" adapterTypeName="executor://mstestadapter/v2" className="VideoOS.Server.UnitTests.Licensing.LicenseAllocatorChannelTests" name="AllocateLicensesNotActivated_WhitelistedDriver_CWA_OneHardware_TwoCameras_OneLicense_ValidateLicenseTypes" />
    </UnitTest>
    <UnitTest name="GetCompleteConfiguration_ModelNull_BadRequest" storage="d:\actions-runner\_work\xpco\xpco\corporate\videoos.server.unittests\bin\x64\debug\net472\videoos.server.unittests.dll" id="b2b84e0f-7a42-e121-7c85-d420a429a320">
      <Execution id="1a459bac-53e6-44ae-9aab-8302bc878f3c" />
      <TestMethod codeBase="D:\actions-runner\_work\XPCO\XPCO\Corporate\VideoOS.Server.UnitTests\bin\x64\Debug\net472\VideoOS.Server.UnitTests.dll" adapterTypeName="executor://mstestadapter/v2" className="VideoOS.Server.UnitTests.ConfigurationControllerTests" name="GetCompleteConfiguration_ModelNull_BadRequest" />
    </UnitTest>
    <UnitTest name="ServerFileSystemResponseQueryDrives_ModelIsNull_BadRequestResult" storage="d:\actions-runner\_work\xpco\xpco\corporate\videoos.server.unittests\bin\x64\debug\net472\videoos.server.unittests.dll" id="82d37856-d8ef-15b8-7133-dfcb7cb39eaf">
      <Execution id="539684a7-f4f5-4d09-b474-1a37234ffa55" />
      <TestMethod codeBase="D:\actions-runner\_work\XPCO\XPCO\Corporate\VideoOS.Server.UnitTests\bin\x64\Debug\net472\VideoOS.Server.UnitTests.dll" adapterTypeName="executor://mstestadapter/v2" className="VideoOS.Server.UnitTests.WebApi.ResponseControllerTest" name="ServerFileSystemResponseQueryDrives_ModelIsNull_BadRequestResult" />
    </UnitTest>
    <UnitTest name="ReplaceHardwareCommandHandler_Clone_Tests" storage="d:\actions-runner\_work\xpco\xpco\corporate\videoos.server.unittests\bin\x64\debug\net472\videoos.server.unittests.dll" id="ad19428e-e97a-2b80-9a28-a9602530bd19">
      <Execution id="08a971bc-339a-4130-ac8b-f3975c6203a6" />
      <TestMethod codeBase="D:\actions-runner\_work\XPCO\XPCO\Corporate\VideoOS.Server.UnitTests\bin\x64\Debug\net472\VideoOS.Server.UnitTests.dll" adapterTypeName="executor://mstestadapter/v2" className="VideoOS.Server.UnitTests.CommandHandler.ReplaceHardwareCommandHandlerUnitTests" name="ReplaceHardwareCommandHandler_Clone_Tests" />
    </UnitTest>
    <UnitTest name="CreateLicenseInformationXml_Has10Unlicensed_On1HardwareWith10CameraChannels" storage="d:\actions-runner\_work\xpco\xpco\corporate\videoos.server.unittests\bin\x64\debug\net472\videoos.server.unittests.dll" id="e4a3b9e7-3a1f-3d64-878c-608bf44b6dad">
      <TestCategory>
        <TestCategoryItem TestCategory="Licensing" />
      </TestCategory>
      <Execution id="34845e09-99b2-4da3-9ee2-d96e863c18f0" />
      <TestMethod codeBase="D:\actions-runner\_work\XPCO\XPCO\Corporate\VideoOS.Server.UnitTests\bin\x64\Debug\net472\VideoOS.Server.UnitTests.dll" adapterTypeName="executor://mstestadapter/v2" className="VideoOS.Server.UnitTests.Licensing.LicenseInfoXmlWriterTests" name="CreateLicenseInformationXml_Has10Unlicensed_On1HardwareWith10CameraChannels" />
    </UnitTest>
    <UnitTest name="LicenseCountManager_ValidateRelatedRecordingServerLicenses_NullLicenseSnapshot_ThrowsArgumentNullException" storage="d:\actions-runner\_work\xpco\xpco\corporate\videoos.server.unittests\bin\x64\debug\net472\videoos.server.unittests.dll" id="b91d1d26-a0b1-2ee2-8015-069f2388c8c9">
      <TestCategory>
        <TestCategoryItem TestCategory="Licensing" />
      </TestCategory>
      <Execution id="c4f10996-f72b-4119-8536-8475b03f8208" />
      <TestMethod codeBase="D:\actions-runner\_work\XPCO\XPCO\Corporate\VideoOS.Server.UnitTests\bin\x64\Debug\net472\VideoOS.Server.UnitTests.dll" adapterTypeName="executor://mstestadapter/v2" className="VideoOS.Server.UnitTests.Licensing.LicenseCountManagerUnitTests" name="LicenseCountManager_ValidateRelatedRecordingServerLicenses_NullLicenseSnapshot_ThrowsArgumentNullException" />
    </UnitTest>
    <UnitTest name="SessionDataManager_StoreAndCleanup_Success" storage="d:\actions-runner\_work\xpco\xpco\corporate\videoos.server.unittests\bin\x64\debug\net472\videoos.server.unittests.dll" id="359fff84-37cd-cbf2-c40f-cab0519a05a2">
      <Execution id="aab6605c-4106-4465-a06f-8ab7dcd9e5d4" />
      <TestMethod codeBase="D:\actions-runner\_work\XPCO\XPCO\Corporate\VideoOS.Server.UnitTests\bin\x64\Debug\net472\VideoOS.Server.UnitTests.dll" adapterTypeName="executor://mstestadapter/v2" className="VideoOS.Server.UnitTests.Tasks.SessionDataManagerTests" name="SessionDataManager_StoreAndCleanup_Success" />
    </UnitTest>
    <UnitTest name="LicenseCountManager_RegisterHardwareRecorderRelation_InvalidMac_Empty_Throws_ArgumentNullException" storage="d:\actions-runner\_work\xpco\xpco\corporate\videoos.server.unittests\bin\x64\debug\net472\videoos.server.unittests.dll" id="a1c4ddaf-fc3e-ab39-fb53-e6902831a046">
      <TestCategory>
        <TestCategoryItem TestCategory="Licensing" />
      </TestCategory>
      <Execution id="61125d1b-3aef-488c-81b4-aa48db1dad17" />
      <TestMethod codeBase="D:\actions-runner\_work\XPCO\XPCO\Corporate\VideoOS.Server.UnitTests\bin\x64\Debug\net472\VideoOS.Server.UnitTests.dll" adapterTypeName="executor://mstestadapter/v2" className="VideoOS.Server.UnitTests.Licensing.LicenseCountManagerUnitTests" name="LicenseCountManager_RegisterHardwareRecorderRelation_InvalidMac_Empty_Throws_ArgumentNullException" />
    </UnitTest>
    <UnitTest name="FromXml_LicenseReportInformation_ReturnsCorrectObject" storage="d:\actions-runner\_work\xpco\xpco\corporate\videoos.server.unittests\bin\x64\debug\net472\videoos.server.unittests.dll" id="6fbe868a-42b6-5cbd-c8ab-590c9c163b52">
      <Execution id="a2084027-2a62-4f85-86d1-7e4ed73aaa12" />
      <TestMethod codeBase="D:\actions-runner\_work\XPCO\XPCO\Corporate\VideoOS.Server.UnitTests\bin\x64\Debug\net472\VideoOS.Server.UnitTests.dll" adapterTypeName="executor://mstestadapter/v2" className="VideoOS.Server.UnitTests.Licensing.LicenseInformationUnitTests" name="FromXml_LicenseReportInformation_ReturnsCorrectObject" />
    </UnitTest>
    <UnitTest name="HardwareActivatedNotOnWhiteList_ReplacedWithNoInheritance_HardwareNotOnWhiteList_MixedCWAAllowed_SomeDevicesInCWA" storage="d:\actions-runner\_work\xpco\xpco\corporate\videoos.server.unittests\bin\x64\debug\net472\videoos.server.unittests.dll" id="8863ace4-dc22-2d7f-76b3-57b7f71ab777">
      <TestCategory>
        <TestCategoryItem TestCategory="Licensing Replace Hardware" />
        <TestCategoryItem TestCategory="Licensing" />
      </TestCategory>
      <Execution id="b3b88407-d2d2-4b10-aadf-5327103d5807" />
      <TestMethod codeBase="D:\actions-runner\_work\XPCO\XPCO\Corporate\VideoOS.Server.UnitTests\bin\x64\Debug\net472\VideoOS.Server.UnitTests.dll" adapterTypeName="executor://mstestadapter/v2" className="VideoOS.Server.UnitTests.Licensing.LicenseAllocatorChannelTests" name="HardwareActivatedNotOnWhiteList_ReplacedWithNoInheritance_HardwareNotOnWhiteList_MixedCWAAllowed_SomeDevicesInCWA" />
    </UnitTest>
    <UnitTest name="ChangeHardwarePasswordRuleAction_Execute_FailedTask_SucceededWithErrorsEventTriggered" storage="d:\actions-runner\_work\xpco\xpco\corporate\videoos.server.unittests\bin\x64\debug\net472\videoos.server.unittests.dll" id="203250db-4eeb-a0f2-a3da-987ceaf617b3">
      <Execution id="f4991de9-9252-495a-b635-deb090d41c40" />
      <TestMethod codeBase="D:\actions-runner\_work\XPCO\XPCO\Corporate\VideoOS.Server.UnitTests\bin\x64\Debug\net472\VideoOS.Server.UnitTests.dll" adapterTypeName="executor://mstestadapter/v2" className="VideoOS.Server.UnitTests.RuleActions.ChangeHardwarePasswordRuleActionUnitTests" name="ChangeHardwarePasswordRuleAction_Execute_FailedTask_SucceededWithErrorsEventTriggered" />
    </UnitTest>
    <UnitTest name="SetHardwareNetworkSettingsCommandHandler_Execute_RecorderNotConnected_ReturnsRecorderUnavailableResponse" storage="d:\actions-runner\_work\xpco\xpco\corporate\videoos.server.unittests\bin\x64\debug\net472\videoos.server.unittests.dll" id="0124a6f9-08ac-d872-38e7-fc6c4d6e0a01">
      <Execution id="a3b77a33-a05e-41c8-895b-c06d56c8eb30" />
      <TestMethod codeBase="D:\actions-runner\_work\XPCO\XPCO\Corporate\VideoOS.Server.UnitTests\bin\x64\Debug\net472\VideoOS.Server.UnitTests.dll" adapterTypeName="executor://mstestadapter/v2" className="VideoOS.Server.UnitTests.CommandHandler.SetHardwareNetworkSettingsCommandHandlerUnitTests" name="SetHardwareNetworkSettingsCommandHandler_Execute_RecorderNotConnected_ReturnsRecorderUnavailableResponse" />
    </UnitTest>
    <UnitTest name="CheckExternalRecorderRegistrationCommandHandler_Execute_ThrowsIfGivenWrongCommandOrNullParameters" storage="d:\actions-runner\_work\xpco\xpco\corporate\videoos.server.unittests\bin\x64\debug\net472\videoos.server.unittests.dll" id="acdd8036-a569-4967-aca8-9ca5ad084fad">
      <Execution id="6ae522cf-08a1-43b6-9d79-6ddf23931ddd" />
      <TestMethod codeBase="D:\actions-runner\_work\XPCO\XPCO\Corporate\VideoOS.Server.UnitTests\bin\x64\Debug\net472\VideoOS.Server.UnitTests.dll" adapterTypeName="executor://mstestadapter/v2" className="VideoOS.Server.UnitTests.CommandHandler.CheckExternalRecorderRegistrationCommandHandlerUnitTests" name="CheckExternalRecorderRegistrationCommandHandler_Execute_ThrowsIfGivenWrongCommandOrNullParameters" />
    </UnitTest>
    <UnitTest name="DeviceDataDistributionManager_CleanupAll_DeleteFromDbThrowsGenericSqlException_Handled" storage="d:\actions-runner\_work\xpco\xpco\corporate\videoos.server.unittests\bin\x64\debug\net472\videoos.server.unittests.dll" id="9f25d0fb-dd27-3a2c-c779-70cce521aa65">
      <Execution id="4605a88e-29f9-454f-b424-d9d93bde4ce5" />
      <TestMethod codeBase="D:\actions-runner\_work\XPCO\XPCO\Corporate\VideoOS.Server.UnitTests\bin\x64\Debug\net472\VideoOS.Server.UnitTests.dll" adapterTypeName="executor://mstestadapter/v2" className="VideoOS.Server.UnitTests.DeviceDataDistributionManagerUnitTests" name="DeviceDataDistributionManager_CleanupAll_DeleteFromDbThrowsGenericSqlException_Handled" />
    </UnitTest>
    <UnitTest name="ChangeHardwarePasswordRuleAction_Execute_SunnyDay_HardwareIsQueried" storage="d:\actions-runner\_work\xpco\xpco\corporate\videoos.server.unittests\bin\x64\debug\net472\videoos.server.unittests.dll" id="7a0b1d88-033f-7f42-69c2-97d55ac201be">
      <Execution id="12764fd5-4dc8-4be9-b270-524a7243b511" />
      <TestMethod codeBase="D:\actions-runner\_work\XPCO\XPCO\Corporate\VideoOS.Server.UnitTests\bin\x64\Debug\net472\VideoOS.Server.UnitTests.dll" adapterTypeName="executor://mstestadapter/v2" className="VideoOS.Server.UnitTests.RuleActions.ChangeHardwarePasswordRuleActionUnitTests" name="ChangeHardwarePasswordRuleAction_Execute_SunnyDay_HardwareIsQueried" />
    </UnitTest>
    <UnitTest name="KeepAlive_TokenHasExpired_InternalServerErrorIsReturned" storage="d:\actions-runner\_work\xpco\xpco\corporate\videoos.server.unittests\bin\x64\debug\net472\videoos.server.unittests.dll" id="b19f468d-d3ac-36bb-f4b7-1bfb1e47bd2e">
      <Execution id="0e4981ce-b0cb-4841-b86d-dccee0c2d0b7" />
      <TestMethod codeBase="D:\actions-runner\_work\XPCO\XPCO\Corporate\VideoOS.Server.UnitTests\bin\x64\Debug\net472\VideoOS.Server.UnitTests.dll" adapterTypeName="executor://mstestadapter/v2" className="VideoOS.Server.UnitTests.WebApi.Controllers.RecorderRegistrationControllerTests" name="KeepAlive_TokenHasExpired_InternalServerErrorIsReturned" />
    </UnitTest>
    <UnitTest name="WriteRecordingServerInformation_InvalidParameter_MacAddress_Null_ThrowsArgumentNullException" storage="d:\actions-runner\_work\xpco\xpco\corporate\videoos.server.unittests\bin\x64\debug\net472\videoos.server.unittests.dll" id="112f4274-43f8-b7e3-b813-36e3adf5ec62">
      <TestCategory>
        <TestCategoryItem TestCategory="Licensing" />
      </TestCategory>
      <Execution id="a066c840-c947-43ec-9653-c9e91a96c963" />
      <TestMethod codeBase="D:\actions-runner\_work\XPCO\XPCO\Corporate\VideoOS.Server.UnitTests\bin\x64\Debug\net472\VideoOS.Server.UnitTests.dll" adapterTypeName="executor://mstestadapter/v2" className="VideoOS.Server.UnitTests.Licensing.LicenseRequestChannelTests" name="WriteRecordingServerInformation_InvalidParameter_MacAddress_Null_ThrowsArgumentNullException" />
    </UnitTest>
    <UnitTest name="ChannelLicenseCountManager_ReplacementHardware_RemoveHardwareFromReplacementLimit" storage="d:\actions-runner\_work\xpco\xpco\corporate\videoos.server.unittests\bin\x64\debug\net472\videoos.server.unittests.dll" id="1ea60712-f3af-7647-a569-c4b38aac78ea">
      <TestCategory>
        <TestCategoryItem TestCategory="Licensing" />
      </TestCategory>
      <Execution id="d8b58cea-b064-4cc9-a60c-e1c6ba814f28" />
      <TestMethod codeBase="D:\actions-runner\_work\XPCO\XPCO\Corporate\VideoOS.Server.UnitTests\bin\x64\Debug\net472\VideoOS.Server.UnitTests.dll" adapterTypeName="executor://mstestadapter/v2" className="VideoOS.Server.UnitTests.Licensing.LicenseCountManagerUnitTests" name="ChannelLicenseCountManager_ReplacementHardware_RemoveHardwareFromReplacementLimit" />
    </UnitTest>
    <UnitTest name="Validate_FirstGraceExpireShown_WithNonWhiteListedHardwareOnly_Success" storage="d:\actions-runner\_work\xpco\xpco\corporate\videoos.server.unittests\bin\x64\debug\net472\videoos.server.unittests.dll" id="d0999a64-256c-41ac-9334-9223de20a154">
      <TestCategory>
        <TestCategoryItem TestCategory="Licensing" />
      </TestCategory>
      <Execution id="ad86f32a-3e81-4085-829c-643f65a648ec" />
      <TestMethod codeBase="D:\actions-runner\_work\XPCO\XPCO\Corporate\VideoOS.Server.UnitTests\bin\x64\Debug\net472\VideoOS.Server.UnitTests.dll" adapterTypeName="executor://mstestadapter/v2" className="VideoOS.Server.UnitTests.Licensing.LicenseInfoXmlWriterTests" name="Validate_FirstGraceExpireShown_WithNonWhiteListedHardwareOnly_Success" />
    </UnitTest>
    <UnitTest name="HardwareScanExpressTaskCommandHandlerTest_Constructor_Arguments_Null_Throws" storage="d:\actions-runner\_work\xpco\xpco\corporate\videoos.server.unittests\bin\x64\debug\net472\videoos.server.unittests.dll" id="0e83b50a-da00-da05-b65e-fa2506fdbb9a">
      <Execution id="d987e65c-01a7-48a8-803c-63c2c8d255de" />
      <TestMethod codeBase="D:\actions-runner\_work\XPCO\XPCO\Corporate\VideoOS.Server.UnitTests\bin\x64\Debug\net472\VideoOS.Server.UnitTests.dll" adapterTypeName="executor://mstestadapter/v2" className="VideoOS.Server.UnitTests.CommandHandler.HardwareScanExpressTaskCommandHandlerTest" name="HardwareScanExpressTaskCommandHandlerTest_Constructor_Arguments_Null_Throws" />
    </UnitTest>
    <UnitTest name="ChannelLicenseCountManager_IsCameraFeedLicensedOnSite_NullHardwareInfo_ThrowsArgumentNullException" storage="d:\actions-runner\_work\xpco\xpco\corporate\videoos.server.unittests\bin\x64\debug\net472\videoos.server.unittests.dll" id="f047eda9-d61b-afec-ac9c-38d582bed66c">
      <TestCategory>
        <TestCategoryItem TestCategory="Licensing" />
      </TestCategory>
      <Execution id="9f281966-317b-49e7-ab71-f899ef82737e" />
      <TestMethod codeBase="D:\actions-runner\_work\XPCO\XPCO\Corporate\VideoOS.Server.UnitTests\bin\x64\Debug\net472\VideoOS.Server.UnitTests.dll" adapterTypeName="executor://mstestadapter/v2" className="VideoOS.Server.UnitTests.Licensing.LicenseCountManagerUnitTests" name="ChannelLicenseCountManager_IsCameraFeedLicensedOnSite_NullHardwareInfo_ThrowsArgumentNullException" />
    </UnitTest>
    <UnitTest name="AutomaticActivation_NotQueued_OnDisabled" storage="d:\actions-runner\_work\xpco\xpco\corporate\videoos.server.unittests\bin\x64\debug\net472\videoos.server.unittests.dll" id="6699e28c-b031-dfee-012e-0c19020a68c6">
      <TestCategory>
        <TestCategoryItem TestCategory="Licensing" />
      </TestCategory>
      <Execution id="3534eec2-0681-4d7d-b18d-5a255b2077f2" />
      <TestMethod codeBase="D:\actions-runner\_work\XPCO\XPCO\Corporate\VideoOS.Server.UnitTests\bin\x64\Debug\net472\VideoOS.Server.UnitTests.dll" adapterTypeName="executor://mstestadapter/v2" className="VideoOS.Server.UnitTests.Licensing.ActivationManagerTests" name="AutomaticActivation_NotQueued_OnDisabled" />
    </UnitTest>
    <UnitTest name="CreateLicenseInformationXml_Has25Activated_On1ActivatedHardware25ChannelNotOnWhitelist" storage="d:\actions-runner\_work\xpco\xpco\corporate\videoos.server.unittests\bin\x64\debug\net472\videoos.server.unittests.dll" id="746f056a-c957-33ee-67ac-b2a4740e2f0d">
      <TestCategory>
        <TestCategoryItem TestCategory="Licensing" />
      </TestCategory>
      <Execution id="f7e2ea63-69f1-47dc-9a9e-d76ae5e2f33f" />
      <TestMethod codeBase="D:\actions-runner\_work\XPCO\XPCO\Corporate\VideoOS.Server.UnitTests\bin\x64\Debug\net472\VideoOS.Server.UnitTests.dll" adapterTypeName="executor://mstestadapter/v2" className="VideoOS.Server.UnitTests.Licensing.LicenseInfoXmlWriterTests" name="CreateLicenseInformationXml_Has25Activated_On1ActivatedHardware25ChannelNotOnWhitelist" />
    </UnitTest>
    <UnitTest name="ChannelLicenseCountManager_CameraFeed_IsCameraFeedLicensed_Success" storage="d:\actions-runner\_work\xpco\xpco\corporate\videoos.server.unittests\bin\x64\debug\net472\videoos.server.unittests.dll" id="01ba1afa-e818-b818-2170-9b4ce82cecbf">
      <TestCategory>
        <TestCategoryItem TestCategory="Licensing" />
      </TestCategory>
      <Execution id="52aa1077-66fe-4603-a10e-08f7da79310f" />
      <TestMethod codeBase="D:\actions-runner\_work\XPCO\XPCO\Corporate\VideoOS.Server.UnitTests\bin\x64\Debug\net472\VideoOS.Server.UnitTests.dll" adapterTypeName="executor://mstestadapter/v2" className="VideoOS.Server.UnitTests.Licensing.LicenseCountManagerUnitTests" name="ChannelLicenseCountManager_CameraFeed_IsCameraFeedLicensed_Success" />
    </UnitTest>
    <UnitTest name="LicenseCountManager_IsHardwareLicensed_Success" storage="d:\actions-runner\_work\xpco\xpco\corporate\videoos.server.unittests\bin\x64\debug\net472\videoos.server.unittests.dll" id="5ae8cc7a-f9e8-25e4-b4bf-e53c8fe5f18e">
      <Execution id="d78c66b8-53dd-47fb-9cf8-470262573061" />
      <TestMethod codeBase="D:\actions-runner\_work\XPCO\XPCO\Corporate\VideoOS.Server.UnitTests\bin\x64\Debug\net472\VideoOS.Server.UnitTests.dll" adapterTypeName="executor://mstestadapter/v2" className="VideoOS.Server.UnitTests.Licensing.LicenseCountManagerUnitTests" name="LicenseCountManager_IsHardwareLicensed_Success" />
    </UnitTest>
    <UnitTest name="ConfigurationDataSetLoader_GetHardwareDefinitionByDigest_Success" storage="d:\actions-runner\_work\xpco\xpco\corporate\videoos.server.unittests\bin\x64\debug\net472\videoos.server.unittests.dll" id="259684df-75bc-2a44-cfa4-32b3c96c5977">
      <Execution id="30e6ae6c-b10a-460d-8c7c-d3582bb86229" />
      <TestMethod codeBase="D:\actions-runner\_work\XPCO\XPCO\Corporate\VideoOS.Server.UnitTests\bin\x64\Debug\net472\VideoOS.Server.UnitTests.dll" adapterTypeName="executor://mstestadapter/v2" className="VideoOS.Server.UnitTests.Configuration.ConfigurationDataSetLoaderTests" name="ConfigurationDataSetLoader_GetHardwareDefinitionByDigest_Success" />
    </UnitTest>
    <UnitTest name="CurrentVersions_ModelValid_Success" storage="d:\actions-runner\_work\xpco\xpco\corporate\videoos.server.unittests\bin\x64\debug\net472\videoos.server.unittests.dll" id="771599c9-a15d-63d0-9d03-0c9f01b38cf7">
      <Execution id="6d725764-ac38-48d6-956d-c7ab3f49a399" />
      <TestMethod codeBase="D:\actions-runner\_work\XPCO\XPCO\Corporate\VideoOS.Server.UnitTests\bin\x64\Debug\net472\VideoOS.Server.UnitTests.dll" adapterTypeName="executor://mstestadapter/v2" className="VideoOS.Server.UnitTests.ConfigurationControllerTests" name="CurrentVersions_ModelValid_Success" />
    </UnitTest>
    <UnitTest name="HardwareAlreadyAddedResponse_ModelIsValid_CommandExecuted" storage="d:\actions-runner\_work\xpco\xpco\corporate\videoos.server.unittests\bin\x64\debug\net472\videoos.server.unittests.dll" id="db2c819e-19df-fc56-6d0a-91d93aa7b632">
      <Execution id="dec7edb3-d486-404e-85bd-880bf49fbee1" />
      <TestMethod codeBase="D:\actions-runner\_work\XPCO\XPCO\Corporate\VideoOS.Server.UnitTests\bin\x64\Debug\net472\VideoOS.Server.UnitTests.dll" adapterTypeName="executor://mstestadapter/v2" className="VideoOS.Server.UnitTests.WebApi.ResponseControllerTest" name="HardwareAlreadyAddedResponse_ModelIsValid_CommandExecuted" />
    </UnitTest>
    <UnitTest name="DeviceDataDistributionManager_CleanupAll_GetNextResponse_Return_TimeoutResponse_NothingDeleted" storage="d:\actions-runner\_work\xpco\xpco\corporate\videoos.server.unittests\bin\x64\debug\net472\videoos.server.unittests.dll" id="1d6ac556-2a91-afc5-3b2d-3b023d07f95b">
      <Execution id="57e09b9b-54b5-44fc-911d-4f7b4e647b6e" />
      <TestMethod codeBase="D:\actions-runner\_work\XPCO\XPCO\Corporate\VideoOS.Server.UnitTests\bin\x64\Debug\net472\VideoOS.Server.UnitTests.dll" adapterTypeName="executor://mstestadapter/v2" className="VideoOS.Server.UnitTests.DeviceDataDistributionManagerUnitTests" name="DeviceDataDistributionManager_CleanupAll_GetNextResponse_Return_TimeoutResponse_NothingDeleted" />
    </UnitTest>
    <UnitTest name="CheckForAutomaticActivationTrigger_ReturnsTrue_OnDeletedDevice" storage="d:\actions-runner\_work\xpco\xpco\corporate\videoos.server.unittests\bin\x64\debug\net472\videoos.server.unittests.dll" id="81b9cfb6-cb61-9b75-fb8d-7222fc14f23f">
      <TestCategory>
        <TestCategoryItem TestCategory="Licensing" />
      </TestCategory>
      <Execution id="558b4837-cbe9-43cf-b8c9-d25d34a7965e" />
      <TestMethod codeBase="D:\actions-runner\_work\XPCO\XPCO\Corporate\VideoOS.Server.UnitTests\bin\x64\Debug\net472\VideoOS.Server.UnitTests.dll" adapterTypeName="executor://mstestadapter/v2" className="VideoOS.Server.UnitTests.Commands.UpdateConfigurationManagerCommandHandlerTests" name="CheckForAutomaticActivationTrigger_ReturnsTrue_OnDeletedDevice" />
    </UnitTest>
    <UnitTest name="ProcessConfigurationChangeTasks_UpdateUpdate_Same_Device_Not_Batched" storage="d:\actions-runner\_work\xpco\xpco\corporate\videoos.server.unittests\bin\x64\debug\net472\videoos.server.unittests.dll" id="a26220ce-8e45-b18b-8b21-10770613681d">
      <Execution id="de29c6e2-906a-4510-ac4a-93588e881957" />
      <TestMethod codeBase="D:\actions-runner\_work\XPCO\XPCO\Corporate\VideoOS.Server.UnitTests\bin\x64\Debug\net472\VideoOS.Server.UnitTests.dll" adapterTypeName="executor://mstestadapter/v2" className="VideoOS.Server.UnitTests.Tasks.ServerTaskBatchHandlerUnitTests" name="ProcessConfigurationChangeTasks_UpdateUpdate_Same_Device_Not_Batched" />
    </UnitTest>
    <UnitTest name="ConfigurationDataSetLoader_GetDeviceRecorderPlugin_Success" storage="d:\actions-runner\_work\xpco\xpco\corporate\videoos.server.unittests\bin\x64\debug\net472\videoos.server.unittests.dll" id="c5dcff2e-626a-95c0-d547-89a3a9a6aa89">
      <Execution id="6bfdbea4-ebba-47a4-ae3b-097923fe7b07" />
      <TestMethod codeBase="D:\actions-runner\_work\XPCO\XPCO\Corporate\VideoOS.Server.UnitTests\bin\x64\Debug\net472\VideoOS.Server.UnitTests.dll" adapterTypeName="executor://mstestadapter/v2" className="VideoOS.Server.UnitTests.Configuration.ConfigurationDataSetLoaderTests" name="ConfigurationDataSetLoader_GetDeviceRecorderPlugin_Success" />
    </UnitTest>
    <UnitTest name="CreateLicenseRequest_CreatesLicenseRequestHardware_OnHardwareLicensingFlag" storage="d:\actions-runner\_work\xpco\xpco\corporate\videoos.server.unittests\bin\x64\debug\net472\videoos.server.unittests.dll" id="cc30a5ef-59d0-2f76-5006-56864e18c145">
      <TestCategory>
        <TestCategoryItem TestCategory="Licensing" />
      </TestCategory>
      <Execution id="ca208f82-cbcf-47fd-bd37-4bf5328bfed8" />
      <TestMethod codeBase="D:\actions-runner\_work\XPCO\XPCO\Corporate\VideoOS.Server.UnitTests\bin\x64\Debug\net472\VideoOS.Server.UnitTests.dll" adapterTypeName="executor://mstestadapter/v2" className="VideoOS.Server.UnitTests.Licensing.LicenseManagerUnitTests" name="CreateLicenseRequest_CreatesLicenseRequestHardware_OnHardwareLicensingFlag" />
    </UnitTest>
    <UnitTest name="ValidateCWATotals_After2Years_EnsureCorrectTotalsAppear_Success" storage="d:\actions-runner\_work\xpco\xpco\corporate\videoos.server.unittests\bin\x64\debug\net472\videoos.server.unittests.dll" id="99191b72-e7a5-4661-1571-fa0152996bc5">
      <TestCategory>
        <TestCategoryItem TestCategory="Licensing" />
      </TestCategory>
      <Execution id="5a36dbd0-0b01-4528-b24e-5372030978dc" />
      <TestMethod codeBase="D:\actions-runner\_work\XPCO\XPCO\Corporate\VideoOS.Server.UnitTests\bin\x64\Debug\net472\VideoOS.Server.UnitTests.dll" adapterTypeName="executor://mstestadapter/v2" className="VideoOS.Server.UnitTests.Licensing.LicenseAllocatorChannelTests" name="ValidateCWATotals_After2Years_EnsureCorrectTotalsAppear_Success" />
    </UnitTest>
    <UnitTest name="ConfigurationDataSetLoader_GetDevicesByDeviceIds_Success" storage="d:\actions-runner\_work\xpco\xpco\corporate\videoos.server.unittests\bin\x64\debug\net472\videoos.server.unittests.dll" id="573857fb-800b-6bf2-710a-b07596a02691">
      <Execution id="0b04a628-fde7-4db9-907f-e19433a6d78b" />
      <TestMethod codeBase="D:\actions-runner\_work\XPCO\XPCO\Corporate\VideoOS.Server.UnitTests\bin\x64\Debug\net472\VideoOS.Server.UnitTests.dll" adapterTypeName="executor://mstestadapter/v2" className="VideoOS.Server.UnitTests.Configuration.ConfigurationDataSetLoaderTests" name="ConfigurationDataSetLoader_GetDevicesByDeviceIds_Success" />
    </UnitTest>
    <UnitTest name="HardwareInCWANotOnWhiteList_ReplacedWithInheritance_HardwareOnWhiteList_CWAAllowed_MoreChannelsOnReplacedHardware_NewHardwareInCWA" storage="d:\actions-runner\_work\xpco\xpco\corporate\videoos.server.unittests\bin\x64\debug\net472\videoos.server.unittests.dll" id="8a421678-ea17-08c5-7f74-f5f0fa3d8820">
      <TestCategory>
        <TestCategoryItem TestCategory="Licensing Replace Hardware" />
        <TestCategoryItem TestCategory="Licensing" />
      </TestCategory>
      <Execution id="fb5104c3-37ed-446c-aea6-613ae81b3796" />
      <TestMethod codeBase="D:\actions-runner\_work\XPCO\XPCO\Corporate\VideoOS.Server.UnitTests\bin\x64\Debug\net472\VideoOS.Server.UnitTests.dll" adapterTypeName="executor://mstestadapter/v2" className="VideoOS.Server.UnitTests.Licensing.LicenseAllocatorChannelTests" name="HardwareInCWANotOnWhiteList_ReplacedWithInheritance_HardwareOnWhiteList_CWAAllowed_MoreChannelsOnReplacedHardware_NewHardwareInCWA" />
    </UnitTest>
    <UnitTest name="HardwareInCWANotOnWhiteList_ReplacedWithInheritance_HardwareOnWhiteList_NoMoreCWAAllowed_MoreChannelsOnReplacedHardware_NewHardwareInGrace" storage="d:\actions-runner\_work\xpco\xpco\corporate\videoos.server.unittests\bin\x64\debug\net472\videoos.server.unittests.dll" id="c33ffea1-3ab4-6e2f-fc40-218179c394c7">
      <TestCategory>
        <TestCategoryItem TestCategory="Licensing Replace Hardware" />
        <TestCategoryItem TestCategory="Licensing" />
      </TestCategory>
      <Execution id="3f078190-8e43-4d15-8403-23a078527427" />
      <TestMethod codeBase="D:\actions-runner\_work\XPCO\XPCO\Corporate\VideoOS.Server.UnitTests\bin\x64\Debug\net472\VideoOS.Server.UnitTests.dll" adapterTypeName="executor://mstestadapter/v2" className="VideoOS.Server.UnitTests.Licensing.LicenseAllocatorChannelTests" name="HardwareInCWANotOnWhiteList_ReplacedWithInheritance_HardwareOnWhiteList_NoMoreCWAAllowed_MoreChannelsOnReplacedHardware_NewHardwareInGrace" />
    </UnitTest>
    <UnitTest name="UpdateDriver_ModelIsValid_CommandExecuted" storage="d:\actions-runner\_work\xpco\xpco\corporate\videoos.server.unittests\bin\x64\debug\net472\videoos.server.unittests.dll" id="8607fe93-52c9-ae96-1d64-5819d9cc59cb">
      <Execution id="cf6a0a1f-5790-4c39-8174-a46425657900" />
      <TestMethod codeBase="D:\actions-runner\_work\XPCO\XPCO\Corporate\VideoOS.Server.UnitTests\bin\x64\Debug\net472\VideoOS.Server.UnitTests.dll" adapterTypeName="executor://mstestadapter/v2" className="VideoOS.Server.UnitTests.WebApi.Controllers.HardwareCommandsControllerTests" name="UpdateDriver_ModelIsValid_CommandExecuted" />
    </UnitTest>
    <UnitTest name="RecorderTaskStopped_RecorderNotFoundException_Handled" storage="d:\actions-runner\_work\xpco\xpco\corporate\videoos.server.unittests\bin\x64\debug\net472\videoos.server.unittests.dll" id="a4035a40-b70a-c3a2-2fd3-d8d06dc80502">
      <Execution id="9b3bb438-fda9-45af-93b8-4c0d65327db9" />
      <TestMethod codeBase="D:\actions-runner\_work\XPCO\XPCO\Corporate\VideoOS.Server.UnitTests\bin\x64\Debug\net472\VideoOS.Server.UnitTests.dll" adapterTypeName="executor://mstestadapter/v2" className="VideoOS.Server.UnitTests.TaskControllerTests" name="RecorderTaskStopped_RecorderNotFoundException_Handled" />
    </UnitTest>
    <UnitTest name="UpdateHardwareTaskCommandHandler_Apply_InvalidSessionId_Test" storage="d:\actions-runner\_work\xpco\xpco\corporate\videoos.server.unittests\bin\x64\debug\net472\videoos.server.unittests.dll" id="6e398692-b4d5-0575-9663-e623d078625f">
      <Execution id="edaa9b9f-91e9-4427-802a-2e59bfc331b0" />
      <TestMethod codeBase="D:\actions-runner\_work\XPCO\XPCO\Corporate\VideoOS.Server.UnitTests\bin\x64\Debug\net472\VideoOS.Server.UnitTests.dll" adapterTypeName="executor://mstestadapter/v2" className="VideoOS.Server.UnitTests.CommandHandler.UpdateHardwareTaskHandlerTests" name="UpdateHardwareTaskCommandHandler_Apply_InvalidSessionId_Test" />
    </UnitTest>
    <UnitTest name="HardwareInCWANotOnWhiteList_ReplacedWithInheritance_HardwareOnWhiteList_CWAAllowed_FewerChannelsOnReplacedHardware_NewHardwareInCWA" storage="d:\actions-runner\_work\xpco\xpco\corporate\videoos.server.unittests\bin\x64\debug\net472\videoos.server.unittests.dll" id="f17b5e61-e48f-183b-804a-1a4e2cd53981">
      <TestCategory>
        <TestCategoryItem TestCategory="Licensing Replace Hardware" />
        <TestCategoryItem TestCategory="Licensing" />
      </TestCategory>
      <Execution id="8a08d23a-8a93-4bd2-8b4b-b862109a1f96" />
      <TestMethod codeBase="D:\actions-runner\_work\XPCO\XPCO\Corporate\VideoOS.Server.UnitTests\bin\x64\Debug\net472\VideoOS.Server.UnitTests.dll" adapterTypeName="executor://mstestadapter/v2" className="VideoOS.Server.UnitTests.Licensing.LicenseAllocatorChannelTests" name="HardwareInCWANotOnWhiteList_ReplacedWithInheritance_HardwareOnWhiteList_CWAAllowed_FewerChannelsOnReplacedHardware_NewHardwareInCWA" />
    </UnitTest>
    <UnitTest name="HardwareInCWANotOnWhiteList_ReplacedWithNoInheritance_HardwareNotOnWhiteList_NoMoreCWAAllowed_FewerChannelsOnReplacedHardware_NewDevicesInGrace" storage="d:\actions-runner\_work\xpco\xpco\corporate\videoos.server.unittests\bin\x64\debug\net472\videoos.server.unittests.dll" id="0da338e0-9855-08fe-734d-f7af988e6bc1">
      <TestCategory>
        <TestCategoryItem TestCategory="Licensing Replace Hardware" />
        <TestCategoryItem TestCategory="Licensing" />
      </TestCategory>
      <Execution id="76b6bded-8836-4c20-adb4-b0460c80eedf" />
      <TestMethod codeBase="D:\actions-runner\_work\XPCO\XPCO\Corporate\VideoOS.Server.UnitTests\bin\x64\Debug\net472\VideoOS.Server.UnitTests.dll" adapterTypeName="executor://mstestadapter/v2" className="VideoOS.Server.UnitTests.Licensing.LicenseAllocatorChannelTests" name="HardwareInCWANotOnWhiteList_ReplacedWithNoInheritance_HardwareNotOnWhiteList_NoMoreCWAAllowed_FewerChannelsOnReplacedHardware_NewDevicesInGrace" />
    </UnitTest>
    <UnitTest name="ProcessConfigurationChangeTasks_UpdateInsertUpdate_Not_Batched" storage="d:\actions-runner\_work\xpco\xpco\corporate\videoos.server.unittests\bin\x64\debug\net472\videoos.server.unittests.dll" id="e1ae1242-d694-f8f9-10e5-6e7a3c17bac6">
      <Execution id="978e404f-1260-4a5c-ba34-01ddb0e3ff3f" />
      <TestMethod codeBase="D:\actions-runner\_work\XPCO\XPCO\Corporate\VideoOS.Server.UnitTests\bin\x64\Debug\net472\VideoOS.Server.UnitTests.dll" adapterTypeName="executor://mstestadapter/v2" className="VideoOS.Server.UnitTests.Tasks.ServerTaskBatchHandlerUnitTests" name="ProcessConfigurationChangeTasks_UpdateInsertUpdate_Not_Batched" />
    </UnitTest>
    <UnitTest name="IsHardwareInCurrentYearChangesWithoutActivation_ReturnsFalse_OnPreviousYearDevices" storage="d:\actions-runner\_work\xpco\xpco\corporate\videoos.server.unittests\bin\x64\debug\net472\videoos.server.unittests.dll" id="69d8e4e1-c6b4-49a3-77e0-7723a1266172">
      <TestCategory>
        <TestCategoryItem TestCategory="Licensing" />
      </TestCategory>
      <Execution id="c5d798bc-8d0e-4782-aab5-a51383f42515" />
      <TestMethod codeBase="D:\actions-runner\_work\XPCO\XPCO\Corporate\VideoOS.Server.UnitTests\bin\x64\Debug\net472\VideoOS.Server.UnitTests.dll" adapterTypeName="executor://mstestadapter/v2" className="VideoOS.Server.UnitTests.Licensing.LicenseManagerUnitTests" name="IsHardwareInCurrentYearChangesWithoutActivation_ReturnsFalse_OnPreviousYearDevices" />
    </UnitTest>
    <UnitTest name="MoveHardwareTaskCommandHandler_Execute_DeviceEvidenceLocks_NoLiveTables_NoDistributions" storage="d:\actions-runner\_work\xpco\xpco\corporate\videoos.server.unittests\bin\x64\debug\net472\videoos.server.unittests.dll" id="ab0344e1-f2d2-e877-24a4-25ab8356eac9">
      <Execution id="37de7cc5-a752-403c-b94e-d5e374f703d5" />
      <TestMethod codeBase="D:\actions-runner\_work\XPCO\XPCO\Corporate\VideoOS.Server.UnitTests\bin\x64\Debug\net472\VideoOS.Server.UnitTests.dll" adapterTypeName="executor://mstestadapter/v2" className="VideoOS.Server.UnitTests.CommandHandler.MoveHardwareTaskCommandHandlerTests" name="MoveHardwareTaskCommandHandler_Execute_DeviceEvidenceLocks_NoLiveTables_NoDistributions" />
    </UnitTest>
    <UnitTest name="ChannelLicenseCountManager_CameraFeed_GetFirstCameraFeedDeviceIndex_Success" storage="d:\actions-runner\_work\xpco\xpco\corporate\videoos.server.unittests\bin\x64\debug\net472\videoos.server.unittests.dll" id="4c537747-11b0-c6e1-78d0-3b3f28050562">
      <TestCategory>
        <TestCategoryItem TestCategory="Licensing" />
      </TestCategory>
      <Execution id="3cc7d1f8-4df4-4148-941e-2fcf1baa8768" />
      <TestMethod codeBase="D:\actions-runner\_work\XPCO\XPCO\Corporate\VideoOS.Server.UnitTests\bin\x64\Debug\net472\VideoOS.Server.UnitTests.dll" adapterTypeName="executor://mstestadapter/v2" className="VideoOS.Server.UnitTests.Licensing.LicenseCountManagerUnitTests" name="ChannelLicenseCountManager_CameraFeed_GetFirstCameraFeedDeviceIndex_Success" />
    </UnitTest>
    <UnitTest name="Validate_FirstGraceExpireShown_WithWhiteListedHardwareOnly_PostAllocation_Success" storage="d:\actions-runner\_work\xpco\xpco\corporate\videoos.server.unittests\bin\x64\debug\net472\videoos.server.unittests.dll" id="f30bbbd3-3d73-703e-eea2-925cfa55189d">
      <TestCategory>
        <TestCategoryItem TestCategory="Licensing" />
      </TestCategory>
      <Execution id="43ceaaa3-1522-40d2-834d-1f6ba833300f" />
      <TestMethod codeBase="D:\actions-runner\_work\XPCO\XPCO\Corporate\VideoOS.Server.UnitTests\bin\x64\Debug\net472\VideoOS.Server.UnitTests.dll" adapterTypeName="executor://mstestadapter/v2" className="VideoOS.Server.UnitTests.Licensing.LicenseInfoXmlWriterTests" name="Validate_FirstGraceExpireShown_WithWhiteListedHardwareOnly_PostAllocation_Success" />
    </UnitTest>
    <UnitTest name="LoadTemporaryHardwareChangesWithoutActivationIdentifiers_NoHardwareNoDevicesInCWA_ReturnsEmptyList" storage="d:\actions-runner\_work\xpco\xpco\corporate\videoos.server.unittests\bin\x64\debug\net472\videoos.server.unittests.dll" id="6d42fd8c-c040-b48c-e6d2-bb547135a91f">
      <Execution id="fb7350c5-7222-4792-9cc8-6a3503126763" />
      <TestMethod codeBase="D:\actions-runner\_work\XPCO\XPCO\Corporate\VideoOS.Server.UnitTests\bin\x64\Debug\net472\VideoOS.Server.UnitTests.dll" adapterTypeName="executor://mstestadapter/v2" className="VideoOS.Server.UnitTests.Licensing.TemporaryLicenseStorageUnitTests" name="LoadTemporaryHardwareChangesWithoutActivationIdentifiers_NoHardwareNoDevicesInCWA_ReturnsEmptyList" />
    </UnitTest>
    <UnitTest name="ChangeHardwarePasswordTaskCommandHandler_Execute_Failed_TooLongPassword_Response" storage="d:\actions-runner\_work\xpco\xpco\corporate\videoos.server.unittests\bin\x64\debug\net472\videoos.server.unittests.dll" id="721e4d61-c1ad-b706-5981-0b9a5726dace">
      <Execution id="6baf628a-0619-489d-8b13-f7f85c594443" />
      <TestMethod codeBase="D:\actions-runner\_work\XPCO\XPCO\Corporate\VideoOS.Server.UnitTests\bin\x64\Debug\net472\VideoOS.Server.UnitTests.dll" adapterTypeName="executor://mstestadapter/v2" className="VideoOS.Server.UnitTests.CommandHandler.ChangeHardwarePasswordTaskCommandHandlerTests" name="ChangeHardwarePasswordTaskCommandHandler_Execute_Failed_TooLongPassword_Response" />
    </UnitTest>
    <UnitTest name="HardwareLicense_FindByHardwareInfo_NotFound_ReturnsNull" storage="d:\actions-runner\_work\xpco\xpco\corporate\videoos.server.unittests\bin\x64\debug\net472\videoos.server.unittests.dll" id="7b2c18b9-3657-3125-16b0-dcdc1657600b">
      <Execution id="f88fa91f-02dc-42a3-a9d4-34d5cf39e607" />
      <TestMethod codeBase="D:\actions-runner\_work\XPCO\XPCO\Corporate\VideoOS.Server.UnitTests\bin\x64\Debug\net472\VideoOS.Server.UnitTests.dll" adapterTypeName="executor://mstestadapter/v2" className="VideoOS.Server.UnitTests.Licensing.LicenseSnapshotTests" name="HardwareLicense_FindByHardwareInfo_NotFound_ReturnsNull" />
    </UnitTest>
    <UnitTest name="LicenseCountManager_ReplacementHardware_AddSuccess" storage="d:\actions-runner\_work\xpco\xpco\corporate\videoos.server.unittests\bin\x64\debug\net472\videoos.server.unittests.dll" id="7c8cb038-7e94-7f42-de87-be4e137d2449">
      <Execution id="8129d257-5e4d-471e-8ddb-bfb3dc95ee2b" />
      <TestMethod codeBase="D:\actions-runner\_work\XPCO\XPCO\Corporate\VideoOS.Server.UnitTests\bin\x64\Debug\net472\VideoOS.Server.UnitTests.dll" adapterTypeName="executor://mstestadapter/v2" className="VideoOS.Server.UnitTests.Licensing.LicenseCountManagerUnitTests" name="LicenseCountManager_ReplacementHardware_AddSuccess" />
    </UnitTest>
    <UnitTest name="ChangeHardwarePasswordTaskCommandHandler_Execute_Failed_Unexpected_Response" storage="d:\actions-runner\_work\xpco\xpco\corporate\videoos.server.unittests\bin\x64\debug\net472\videoos.server.unittests.dll" id="a2e7ed94-eb3b-5b15-89a1-5d0ffb0c25ed">
      <Execution id="671a5de6-082e-4808-b421-addeae1ba5e3" />
      <TestMethod codeBase="D:\actions-runner\_work\XPCO\XPCO\Corporate\VideoOS.Server.UnitTests\bin\x64\Debug\net472\VideoOS.Server.UnitTests.dll" adapterTypeName="executor://mstestadapter/v2" className="VideoOS.Server.UnitTests.CommandHandler.ChangeHardwarePasswordTaskCommandHandlerTests" name="ChangeHardwarePasswordTaskCommandHandler_Execute_Failed_Unexpected_Response" />
    </UnitTest>
    <UnitTest name="Validate_IsDeviceInChangesWithoutActivation_WithNullDeviceId_ThrowsArgumentNullException" storage="d:\actions-runner\_work\xpco\xpco\corporate\videoos.server.unittests\bin\x64\debug\net472\videoos.server.unittests.dll" id="92996b23-354a-d707-abfd-bb581c620a85">
      <TestCategory>
        <TestCategoryItem TestCategory="Licensing" />
      </TestCategory>
      <Execution id="0e7e0462-aa9d-48a6-ae0a-dbf22e5fc5d6" />
      <TestMethod codeBase="D:\actions-runner\_work\XPCO\XPCO\Corporate\VideoOS.Server.UnitTests\bin\x64\Debug\net472\VideoOS.Server.UnitTests.dll" adapterTypeName="executor://mstestadapter/v2" className="VideoOS.Server.UnitTests.Licensing.LicenseCountManagerUnitTests" name="Validate_IsDeviceInChangesWithoutActivation_WithNullDeviceId_ThrowsArgumentNullException" />
    </UnitTest>
    <UnitTest name="HardwareLicense_AddNew_IsUpdated_SetToTrue_Success" storage="d:\actions-runner\_work\xpco\xpco\corporate\videoos.server.unittests\bin\x64\debug\net472\videoos.server.unittests.dll" id="664c6c39-1950-e918-603e-2d8ac39f7b2d">
      <Execution id="e64ba7fa-237f-4a3b-9757-ab9430420275" />
      <TestMethod codeBase="D:\actions-runner\_work\XPCO\XPCO\Corporate\VideoOS.Server.UnitTests\bin\x64\Debug\net472\VideoOS.Server.UnitTests.dll" adapterTypeName="executor://mstestadapter/v2" className="VideoOS.Server.UnitTests.Licensing.LicenseSnapshotTests" name="HardwareLicense_AddNew_IsUpdated_SetToTrue_Success" />
    </UnitTest>
    <UnitTest name="TaskHandling_InternalUpdateReparingTasks_NotRepairing_RemovesTask" storage="d:\actions-runner\_work\xpco\xpco\corporate\videoos.server.unittests\bin\x64\debug\net472\videoos.server.unittests.dll" id="81617872-71ba-199d-e817-945400dd1b77">
      <Execution id="86aaa99f-3eab-4be4-8667-bfbe5dccdaa2" />
      <TestMethod codeBase="D:\actions-runner\_work\XPCO\XPCO\Corporate\VideoOS.Server.UnitTests\bin\x64\Debug\net472\VideoOS.Server.UnitTests.dll" adapterTypeName="executor://mstestadapter/v2" className="VideoOS.Server.UnitTests.Tasks.TaskHandlingUnitTests" name="TaskHandling_InternalUpdateReparingTasks_NotRepairing_RemovesTask" />
    </UnitTest>
    <UnitTest name="ReleaseClient_ClientIsUnknown_LogMessage" storage="d:\actions-runner\_work\xpco\xpco\corporate\videoos.server.unittests\bin\x64\debug\net472\videoos.server.unittests.dll" id="4c46f4c0-1abc-e7d7-4583-5cd76b35e491">
      <Execution id="a21f66f7-ef83-42fb-aaa6-806c07130d2d" />
      <TestMethod codeBase="D:\actions-runner\_work\XPCO\XPCO\Corporate\VideoOS.Server.UnitTests\bin\x64\Debug\net472\VideoOS.Server.UnitTests.dll" adapterTypeName="executor://mstestadapter/v2" className="VideoOS.Server.UnitTests.CommandHandler.VmoClientsPoolTests" name="ReleaseClient_ClientIsUnknown_LogMessage" />
    </UnitTest>
    <UnitTest name="SnapshotOfCurrentHardwareToLicense_Success_ValidLicenseWithEmptyWhiteList" storage="d:\actions-runner\_work\xpco\xpco\corporate\videoos.server.unittests\bin\x64\debug\net472\videoos.server.unittests.dll" id="5754e61c-98e2-c3d4-4fd8-ba1700f5667d">
      <TestCategory>
        <TestCategoryItem TestCategory="Licensing" />
      </TestCategory>
      <Execution id="83fb4b36-fc2b-40e7-9007-ba9ba4091dfb" />
      <TestMethod codeBase="D:\actions-runner\_work\XPCO\XPCO\Corporate\VideoOS.Server.UnitTests\bin\x64\Debug\net472\VideoOS.Server.UnitTests.dll" adapterTypeName="executor://mstestadapter/v2" className="VideoOS.Server.UnitTests.Licensing.LicenseRequestChannelTests" name="SnapshotOfCurrentHardwareToLicense_Success_ValidLicenseWithEmptyWhiteList" />
    </UnitTest>
    <UnitTest name="Validate_AddDeviceToCWA_WithNullDevice_ThrowsArgumentNullException" storage="d:\actions-runner\_work\xpco\xpco\corporate\videoos.server.unittests\bin\x64\debug\net472\videoos.server.unittests.dll" id="30fe8b39-b2e5-cfa4-da38-ca1b17f8f253">
      <TestCategory>
        <TestCategoryItem TestCategory="Licensing" />
      </TestCategory>
      <Execution id="c77f3ad4-ea69-4826-b2df-7aaa83321d6a" />
      <TestMethod codeBase="D:\actions-runner\_work\XPCO\XPCO\Corporate\VideoOS.Server.UnitTests\bin\x64\Debug\net472\VideoOS.Server.UnitTests.dll" adapterTypeName="executor://mstestadapter/v2" className="VideoOS.Server.UnitTests.Licensing.LicenseCountManagerUnitTests" name="Validate_AddDeviceToCWA_WithNullDevice_ThrowsArgumentNullException" />
    </UnitTest>
    <UnitTest name="HardwareInCWANotOnWhiteList_ReplacedWithNoInheritance_HardwareOnWhiteList_NoMoreCWAAllowed_MoreChannelsOnReplacedHardware_NewHardwareInGrace" storage="d:\actions-runner\_work\xpco\xpco\corporate\videoos.server.unittests\bin\x64\debug\net472\videoos.server.unittests.dll" id="1ebadcd1-bb5b-b7d8-4b40-c761ccf19b15">
      <TestCategory>
        <TestCategoryItem TestCategory="Licensing Replace Hardware" />
        <TestCategoryItem TestCategory="Licensing" />
      </TestCategory>
      <Execution id="12f721e5-c94c-4ad4-bdf3-9498ad190de4" />
      <TestMethod codeBase="D:\actions-runner\_work\XPCO\XPCO\Corporate\VideoOS.Server.UnitTests\bin\x64\Debug\net472\VideoOS.Server.UnitTests.dll" adapterTypeName="executor://mstestadapter/v2" className="VideoOS.Server.UnitTests.Licensing.LicenseAllocatorChannelTests" name="HardwareInCWANotOnWhiteList_ReplacedWithNoInheritance_HardwareOnWhiteList_NoMoreCWAAllowed_MoreChannelsOnReplacedHardware_NewHardwareInGrace" />
    </UnitTest>
    <UnitTest name="UpdateReadOnlySettings_InvalidRecorder_NotFoundResult" storage="d:\actions-runner\_work\xpco\xpco\corporate\videoos.server.unittests\bin\x64\debug\net472\videoos.server.unittests.dll" id="ebcc417d-cc96-72ca-2217-d9dc9359c6a9">
      <Execution id="76dfa3c7-8080-4f9e-83ec-b4b16cf9d373" />
      <TestMethod codeBase="D:\actions-runner\_work\XPCO\XPCO\Corporate\VideoOS.Server.UnitTests\bin\x64\Debug\net472\VideoOS.Server.UnitTests.dll" adapterTypeName="executor://mstestadapter/v2" className="VideoOS.Server.UnitTests.WebApi.Controllers.HardwareCommandsControllerTests" name="UpdateReadOnlySettings_InvalidRecorder_NotFoundResult" />
    </UnitTest>
    <UnitTest name="TimeoutResponse_ModelIsValid_CommandExecuted" storage="d:\actions-runner\_work\xpco\xpco\corporate\videoos.server.unittests\bin\x64\debug\net472\videoos.server.unittests.dll" id="09c63d31-7659-4b84-884f-69e5a80116b6">
      <Execution id="d1f46ced-c06e-4d71-9618-73cc354bf00f" />
      <TestMethod codeBase="D:\actions-runner\_work\XPCO\XPCO\Corporate\VideoOS.Server.UnitTests\bin\x64\Debug\net472\VideoOS.Server.UnitTests.dll" adapterTypeName="executor://mstestadapter/v2" className="VideoOS.Server.UnitTests.WebApi.ResponseControllerTest" name="TimeoutResponse_ModelIsValid_CommandExecuted" />
    </UnitTest>
    <UnitTest name="UpdateRecorderStatus_ModelIsValid_CommandExecuted" storage="d:\actions-runner\_work\xpco\xpco\corporate\videoos.server.unittests\bin\x64\debug\net472\videoos.server.unittests.dll" id="83a78086-cc92-d3b0-6b12-175b88de875c">
      <Execution id="7f158c6f-ecd6-4788-8a38-8f25fec75a5e" />
      <TestMethod codeBase="D:\actions-runner\_work\XPCO\XPCO\Corporate\VideoOS.Server.UnitTests\bin\x64\Debug\net472\VideoOS.Server.UnitTests.dll" adapterTypeName="executor://mstestadapter/v2" className="VideoOS.Server.UnitTests.WebApi.Controllers.RecorderStatusCommandsControllerTests" name="UpdateRecorderStatus_ModelIsValid_CommandExecuted" />
    </UnitTest>
    <UnitTest name="AllocateLicenses_10Available_OneHardwareWith5Devices_AllDevicesInitiallyDisabledThenEnabled" storage="d:\actions-runner\_work\xpco\xpco\corporate\videoos.server.unittests\bin\x64\debug\net472\videoos.server.unittests.dll" id="7d221b67-7f97-a123-0de1-6872c3aad614">
      <TestCategory>
        <TestCategoryItem TestCategory="Licensing" />
      </TestCategory>
      <Execution id="eb904cb3-4403-4d6c-b4be-333a2807a2b4" />
      <TestMethod codeBase="D:\actions-runner\_work\XPCO\XPCO\Corporate\VideoOS.Server.UnitTests\bin\x64\Debug\net472\VideoOS.Server.UnitTests.dll" adapterTypeName="executor://mstestadapter/v2" className="VideoOS.Server.UnitTests.Licensing.LicenseAllocatorChannelTests" name="AllocateLicenses_10Available_OneHardwareWith5Devices_AllDevicesInitiallyDisabledThenEnabled" />
    </UnitTest>
    <UnitTest name="RecorderLicenses_AddNullLicense_Throws_ArgumentNullException" storage="d:\actions-runner\_work\xpco\xpco\corporate\videoos.server.unittests\bin\x64\debug\net472\videoos.server.unittests.dll" id="3adf4dba-a8f9-072b-5ae8-0384b38576a4">
      <Execution id="8f6041bb-09c8-4b2a-856d-628159343830" />
      <TestMethod codeBase="D:\actions-runner\_work\XPCO\XPCO\Corporate\VideoOS.Server.UnitTests\bin\x64\Debug\net472\VideoOS.Server.UnitTests.dll" adapterTypeName="executor://mstestadapter/v2" className="VideoOS.Server.UnitTests.Licensing.LicenseSnapshotTests" name="RecorderLicenses_AddNullLicense_Throws_ArgumentNullException" />
    </UnitTest>
    <UnitTest name="ChannelLicenseCountManager_UpdateCameraFeedLicensedValue_NullHardwareInfo_ThrowsArgumentNullException" storage="d:\actions-runner\_work\xpco\xpco\corporate\videoos.server.unittests\bin\x64\debug\net472\videoos.server.unittests.dll" id="acb6857a-df3d-396c-fed4-7d888e4fed76">
      <TestCategory>
        <TestCategoryItem TestCategory="Licensing" />
      </TestCategory>
      <Execution id="15a4dcdd-09ff-4555-a71b-530452a8ca88" />
      <TestMethod codeBase="D:\actions-runner\_work\XPCO\XPCO\Corporate\VideoOS.Server.UnitTests\bin\x64\Debug\net472\VideoOS.Server.UnitTests.dll" adapterTypeName="executor://mstestadapter/v2" className="VideoOS.Server.UnitTests.Licensing.LicenseCountManagerUnitTests" name="ChannelLicenseCountManager_UpdateCameraFeedLicensedValue_NullHardwareInfo_ThrowsArgumentNullException" />
    </UnitTest>
    <UnitTest name="TemporaryLicense_HasCurrentYearToken_NoIndex" storage="d:\actions-runner\_work\xpco\xpco\corporate\videoos.server.unittests\bin\x64\debug\net472\videoos.server.unittests.dll" id="c41eddf8-e606-5ecf-de95-6871b370bf72">
      <TestCategory>
        <TestCategoryItem TestCategory="Licensing" />
      </TestCategory>
      <Execution id="e1899376-c855-4be3-ae37-d34ce7580d6d" />
      <TestMethod codeBase="D:\actions-runner\_work\XPCO\XPCO\Corporate\VideoOS.Server.UnitTests\bin\x64\Debug\net472\VideoOS.Server.UnitTests.dll" adapterTypeName="executor://mstestadapter/v2" className="VideoOS.Server.UnitTests.Licensing.HardwareLicensesUnitTests" name="TemporaryLicense_HasCurrentYearToken_NoIndex" />
    </UnitTest>
    <UnitTest name="AutomaticActivationFaileEvent_GetsFiredOnlyOnce_OnConsecutiveFailedActivations" storage="d:\actions-runner\_work\xpco\xpco\corporate\videoos.server.unittests\bin\x64\debug\net472\videoos.server.unittests.dll" id="edc878a0-a43a-73ef-acb0-37577f353475">
      <TestCategory>
        <TestCategoryItem TestCategory="Licensing" />
      </TestCategory>
      <Execution id="8736ad7c-9561-45a1-89bf-bd71491e1f1d" />
      <TestMethod codeBase="D:\actions-runner\_work\XPCO\XPCO\Corporate\VideoOS.Server.UnitTests\bin\x64\Debug\net472\VideoOS.Server.UnitTests.dll" adapterTypeName="executor://mstestadapter/v2" className="VideoOS.Server.UnitTests.Licensing.ActivationManagerTests" name="AutomaticActivationFaileEvent_GetsFiredOnlyOnce_OnConsecutiveFailedActivations" />
    </UnitTest>
    <UnitTest name="SessionData_Dispose_Success" storage="d:\actions-runner\_work\xpco\xpco\corporate\videoos.server.unittests\bin\x64\debug\net472\videoos.server.unittests.dll" id="03b737b9-dc29-8cf7-2be6-264359d08a7b">
      <Execution id="a9950b01-7c6f-4c27-b79f-a79421c567c2" />
      <TestMethod codeBase="D:\actions-runner\_work\XPCO\XPCO\Corporate\VideoOS.Server.UnitTests\bin\x64\Debug\net472\VideoOS.Server.UnitTests.dll" adapterTypeName="executor://mstestadapter/v2" className="VideoOS.Server.UnitTests.Tasks.SessionDataManagerTests" name="SessionData_Dispose_Success" />
    </UnitTest>
    <UnitTest name="GetRecorderLicense_NonCameraDevicesAreMissingFromRecorderLicense_OnHardwareMissingLicenseWithoutCamerasAndChannelLicensing" storage="d:\actions-runner\_work\xpco\xpco\corporate\videoos.server.unittests\bin\x64\debug\net472\videoos.server.unittests.dll" id="1c474e5c-e144-f6a4-c5f5-6173a6aa1119">
      <TestCategory>
        <TestCategoryItem TestCategory="Licensing" />
      </TestCategory>
      <Execution id="59219db0-1548-4eb3-83b8-6b65d87516c7" />
      <TestMethod codeBase="D:\actions-runner\_work\XPCO\XPCO\Corporate\VideoOS.Server.UnitTests\bin\x64\Debug\net472\VideoOS.Server.UnitTests.dll" adapterTypeName="executor://mstestadapter/v2" className="VideoOS.Server.UnitTests.Licensing.LicenseManagerUnitTests" name="GetRecorderLicense_NonCameraDevicesAreMissingFromRecorderLicense_OnHardwareMissingLicenseWithoutCamerasAndChannelLicensing" />
    </UnitTest>
    <UnitTest name="CreateLicenseInformationXml_HasMultiLicenseHardwareTrue_OnHardwareWith10Channels" storage="d:\actions-runner\_work\xpco\xpco\corporate\videoos.server.unittests\bin\x64\debug\net472\videoos.server.unittests.dll" id="cbb4fcb6-2f38-80c4-a211-f0717738d4b0">
      <TestCategory>
        <TestCategoryItem TestCategory="Licensing" />
      </TestCategory>
      <Execution id="eaff24c2-cea3-42ca-8105-15a76f8e0fe9" />
      <TestMethod codeBase="D:\actions-runner\_work\XPCO\XPCO\Corporate\VideoOS.Server.UnitTests\bin\x64\Debug\net472\VideoOS.Server.UnitTests.dll" adapterTypeName="executor://mstestadapter/v2" className="VideoOS.Server.UnitTests.Licensing.LicenseInfoXmlWriterTests" name="CreateLicenseInformationXml_HasMultiLicenseHardwareTrue_OnHardwareWith10Channels" />
    </UnitTest>
    <UnitTest name="QueryFeatures_Success_ValidLicenseEmptyWhiteList" storage="d:\actions-runner\_work\xpco\xpco\corporate\videoos.server.unittests\bin\x64\debug\net472\videoos.server.unittests.dll" id="9b800060-f9bd-0d91-1a53-4c60eea3d92c">
      <TestCategory>
        <TestCategoryItem TestCategory="Licensing" />
      </TestCategory>
      <Execution id="49f15ba6-7684-4ac3-b256-0c949278e879" />
      <TestMethod codeBase="D:\actions-runner\_work\XPCO\XPCO\Corporate\VideoOS.Server.UnitTests\bin\x64\Debug\net472\VideoOS.Server.UnitTests.dll" adapterTypeName="executor://mstestadapter/v2" className="VideoOS.Server.UnitTests.Licensing.LicenseRequestChannelTests" name="QueryFeatures_Success_ValidLicenseEmptyWhiteList" />
    </UnitTest>
    <UnitTest name="SessionData_Constructor_Success" storage="d:\actions-runner\_work\xpco\xpco\corporate\videoos.server.unittests\bin\x64\debug\net472\videoos.server.unittests.dll" id="771cf6b2-af79-16b4-169c-420ec176256a">
      <Execution id="995c363a-9d30-40dc-85f7-f6c2bcd26601" />
      <TestMethod codeBase="D:\actions-runner\_work\XPCO\XPCO\Corporate\VideoOS.Server.UnitTests\bin\x64\Debug\net472\VideoOS.Server.UnitTests.dll" adapterTypeName="executor://mstestadapter/v2" className="VideoOS.Server.UnitTests.Tasks.SessionDataManagerTests" name="SessionData_Constructor_Success" />
    </UnitTest>
    <UnitTest name="HardwareScanTaskCommandHandler_Execute_DiscoveryComponentSecureScanUnsupported_FailResponse" storage="d:\actions-runner\_work\xpco\xpco\corporate\videoos.server.unittests\bin\x64\debug\net472\videoos.server.unittests.dll" id="87cb965c-9deb-6d96-379b-010b3bf5a5a3">
      <Execution id="78da2b88-b89f-4bcb-84bb-1472112e9c6e" />
      <TestMethod codeBase="D:\actions-runner\_work\XPCO\XPCO\Corporate\VideoOS.Server.UnitTests\bin\x64\Debug\net472\VideoOS.Server.UnitTests.dll" adapterTypeName="executor://mstestadapter/v2" className="VideoOS.Server.UnitTests.CommandHandler.HardwareScanTaskCommandHandlerTest" name="HardwareScanTaskCommandHandler_Execute_DiscoveryComponentSecureScanUnsupported_FailResponse" />
    </UnitTest>
    <UnitTest name="SetHardwareNetworkSettingsCommandHandler_Execute_Success" storage="d:\actions-runner\_work\xpco\xpco\corporate\videoos.server.unittests\bin\x64\debug\net472\videoos.server.unittests.dll" id="7c83b5b0-56f2-13fb-8e69-168095957464">
      <Execution id="5431a289-9e38-4881-8d38-c8ee17a6a77f" />
      <TestMethod codeBase="D:\actions-runner\_work\XPCO\XPCO\Corporate\VideoOS.Server.UnitTests\bin\x64\Debug\net472\VideoOS.Server.UnitTests.dll" adapterTypeName="executor://mstestadapter/v2" className="VideoOS.Server.UnitTests.CommandHandler.SetHardwareNetworkSettingsCommandHandlerUnitTests" name="SetHardwareNetworkSettingsCommandHandler_Execute_Success" />
    </UnitTest>
    <UnitTest name="LicenseCountManager_RemoveDevicesFromChangesWithoutActivation_Throws_InvalidOperationException" storage="d:\actions-runner\_work\xpco\xpco\corporate\videoos.server.unittests\bin\x64\debug\net472\videoos.server.unittests.dll" id="6cf569d1-1826-b1a5-d6b9-732babdb845d">
      <Execution id="fd620f0e-68fe-4765-a9ab-36ab50a6d053" />
      <TestMethod codeBase="D:\actions-runner\_work\XPCO\XPCO\Corporate\VideoOS.Server.UnitTests\bin\x64\Debug\net472\VideoOS.Server.UnitTests.dll" adapterTypeName="executor://mstestadapter/v2" className="VideoOS.Server.UnitTests.Licensing.LicenseCountManagerUnitTests" name="LicenseCountManager_RemoveDevicesFromChangesWithoutActivation_Throws_InvalidOperationException" />
    </UnitTest>
    <UnitTest name="ChannelLicenseCountManager_CameraFeed_GetFirstCameraFeedDeviceIndex_NonExisting_InvalidOperationException" storage="d:\actions-runner\_work\xpco\xpco\corporate\videoos.server.unittests\bin\x64\debug\net472\videoos.server.unittests.dll" id="f98abc3d-0528-176f-d197-4885de4ff4f2">
      <TestCategory>
        <TestCategoryItem TestCategory="Licensing" />
      </TestCategory>
      <Execution id="3693abe5-05de-4e7e-b2d0-ebc17d40dbc3" />
      <TestMethod codeBase="D:\actions-runner\_work\XPCO\XPCO\Corporate\VideoOS.Server.UnitTests\bin\x64\Debug\net472\VideoOS.Server.UnitTests.dll" adapterTypeName="executor://mstestadapter/v2" className="VideoOS.Server.UnitTests.Licensing.LicenseCountManagerUnitTests" name="ChannelLicenseCountManager_CameraFeed_GetFirstCameraFeedDeviceIndex_NonExisting_InvalidOperationException" />
    </UnitTest>
    <UnitTest name="ReplaceHardwareTaskCommandHandler_Clone_Tests" storage="d:\actions-runner\_work\xpco\xpco\corporate\videoos.server.unittests\bin\x64\debug\net472\videoos.server.unittests.dll" id="9812cefd-1257-79cb-91a7-5382c3478d46">
      <Execution id="ab270c55-2856-4acf-ba49-cca67381cff8" />
      <TestMethod codeBase="D:\actions-runner\_work\XPCO\XPCO\Corporate\VideoOS.Server.UnitTests\bin\x64\Debug\net472\VideoOS.Server.UnitTests.dll" adapterTypeName="executor://mstestadapter/v2" className="VideoOS.Server.UnitTests.CommandHandler.ReplaceHardwareTaskCommandHandlerUnitTests" name="ReplaceHardwareTaskCommandHandler_Clone_Tests" />
    </UnitTest>
    <UnitTest name="TimeoutResponse_ModelIsNull_BadRequestResult" storage="d:\actions-runner\_work\xpco\xpco\corporate\videoos.server.unittests\bin\x64\debug\net472\videoos.server.unittests.dll" id="bd062c6c-59fd-5bb4-c818-c4e7382f34df">
      <Execution id="2c3c316e-a782-4ca0-b6d4-1b3573fbfc09" />
      <TestMethod codeBase="D:\actions-runner\_work\XPCO\XPCO\Corporate\VideoOS.Server.UnitTests\bin\x64\Debug\net472\VideoOS.Server.UnitTests.dll" adapterTypeName="executor://mstestadapter/v2" className="VideoOS.Server.UnitTests.WebApi.ResponseControllerTest" name="TimeoutResponse_ModelIsNull_BadRequestResult" />
    </UnitTest>
    <UnitTest name="ProcessConfigurationChangeTasks_TwoRowUpdateDiffGram_Not_Batched" storage="d:\actions-runner\_work\xpco\xpco\corporate\videoos.server.unittests\bin\x64\debug\net472\videoos.server.unittests.dll" id="e81631cd-380b-9493-3226-58f25047a284">
      <Execution id="c0ba7171-7b2a-42dc-9b8e-afd0d5c51680" />
      <TestMethod codeBase="D:\actions-runner\_work\XPCO\XPCO\Corporate\VideoOS.Server.UnitTests\bin\x64\Debug\net472\VideoOS.Server.UnitTests.dll" adapterTypeName="executor://mstestadapter/v2" className="VideoOS.Server.UnitTests.Tasks.ServerTaskBatchHandlerUnitTests" name="ProcessConfigurationChangeTasks_TwoRowUpdateDiffGram_Not_Batched" />
    </UnitTest>
    <UnitTest name="FirmwareUpgradeTaskCommandHandler_Execute_Failed_ErrorUnsupported" storage="d:\actions-runner\_work\xpco\xpco\corporate\videoos.server.unittests\bin\x64\debug\net472\videoos.server.unittests.dll" id="44aed161-4037-6593-a3b8-432128666ea9">
      <Execution id="3a652159-33c2-4e77-9d20-52dc0edce3f1" />
      <TestMethod codeBase="D:\actions-runner\_work\XPCO\XPCO\Corporate\VideoOS.Server.UnitTests\bin\x64\Debug\net472\VideoOS.Server.UnitTests.dll" adapterTypeName="executor://mstestadapter/v2" className="VideoOS.Server.UnitTests.CommandHandler.FirmwareUpgradeTaskCommandHandlerTests" name="FirmwareUpgradeTaskCommandHandler_Execute_Failed_ErrorUnsupported" />
    </UnitTest>
    <UnitTest name="HardwareLicense_FindByHardwareInfo_NullHardwareInfo_Throws_ArgumentNullException" storage="d:\actions-runner\_work\xpco\xpco\corporate\videoos.server.unittests\bin\x64\debug\net472\videoos.server.unittests.dll" id="45f16b67-25c3-586e-a05f-5377e2b2c441">
      <Execution id="81eb5ae5-29ce-4649-89bd-dd3ad357b20e" />
      <TestMethod codeBase="D:\actions-runner\_work\XPCO\XPCO\Corporate\VideoOS.Server.UnitTests\bin\x64\Debug\net472\VideoOS.Server.UnitTests.dll" adapterTypeName="executor://mstestadapter/v2" className="VideoOS.Server.UnitTests.Licensing.LicenseSnapshotTests" name="HardwareLicense_FindByHardwareInfo_NullHardwareInfo_Throws_ArgumentNullException" />
    </UnitTest>
    <UnitTest name="CheckConfigurationDataSetTest_RecorderMulticastLicensedSuccess" storage="d:\actions-runner\_work\xpco\xpco\corporate\videoos.server.unittests\bin\x64\debug\net472\videoos.server.unittests.dll" id="7fbd8cd6-5269-2a27-a6ab-cabaa043e40b">
      <Execution id="a22ca804-c89c-47ba-ae14-071ea2a2e0b7" />
      <TestMethod codeBase="D:\actions-runner\_work\XPCO\XPCO\Corporate\VideoOS.Server.UnitTests\bin\x64\Debug\net472\VideoOS.Server.UnitTests.dll" adapterTypeName="executor://mstestadapter/v2" className="VideoOS.Server.UnitTests.Licensing.LicenseFeatureCheckerTest" name="CheckConfigurationDataSetTest_RecorderMulticastLicensedSuccess" />
    </UnitTest>
    <UnitTest name="ChannelLicenseCountManager_Hardware_Get_Set_HardwareLicenseValue" storage="d:\actions-runner\_work\xpco\xpco\corporate\videoos.server.unittests\bin\x64\debug\net472\videoos.server.unittests.dll" id="d81c2536-2ddc-1b92-7cc5-260eee920d18">
      <TestCategory>
        <TestCategoryItem TestCategory="Licensing" />
      </TestCategory>
      <Execution id="760096a6-ffb2-4a98-a88d-b820e977c51d" />
      <TestMethod codeBase="D:\actions-runner\_work\XPCO\XPCO\Corporate\VideoOS.Server.UnitTests\bin\x64\Debug\net472\VideoOS.Server.UnitTests.dll" adapterTypeName="executor://mstestadapter/v2" className="VideoOS.Server.UnitTests.Licensing.LicenseCountManagerUnitTests" name="ChannelLicenseCountManager_Hardware_Get_Set_HardwareLicenseValue" />
    </UnitTest>
    <UnitTest name="DeleteHardwareTaskCommandHandler_Clone_Returns_Same_Reference" storage="d:\actions-runner\_work\xpco\xpco\corporate\videoos.server.unittests\bin\x64\debug\net472\videoos.server.unittests.dll" id="e3ed273d-3df0-19ef-9d2e-f52cf7e59969">
      <Execution id="1b19590f-363c-4619-b5aa-262d7746912d" />
      <TestMethod codeBase="D:\actions-runner\_work\XPCO\XPCO\Corporate\VideoOS.Server.UnitTests\bin\x64\Debug\net472\VideoOS.Server.UnitTests.dll" adapterTypeName="executor://mstestadapter/v2" className="VideoOS.Server.UnitTests.CommandHandler.DeleteHardwareTaskCommandHandlerTest" name="DeleteHardwareTaskCommandHandler_Clone_Returns_Same_Reference" />
    </UnitTest>
    <UnitTest name="AddBookmarkCommand_ModelIsValid_CommandExecuted" storage="d:\actions-runner\_work\xpco\xpco\corporate\videoos.server.unittests\bin\x64\debug\net472\videoos.server.unittests.dll" id="dc0c2da5-f912-3a42-fb09-fd922bf21e0e">
      <Execution id="6743f10f-b6e4-4892-9986-e7a8acd98354" />
      <TestMethod codeBase="D:\actions-runner\_work\XPCO\XPCO\Corporate\VideoOS.Server.UnitTests\bin\x64\Debug\net472\VideoOS.Server.UnitTests.dll" adapterTypeName="executor://mstestadapter/v2" className="VideoOS.Server.UnitTests.DatabaseCommandsControllerTests" name="AddBookmarkCommand_ModelIsValid_CommandExecuted" />
    </UnitTest>
    <UnitTest name="AllocateLicenses_NotActivated_OneDevice_SixDisabledCameraChannels_LicenseCountFive_OneInGrace" storage="d:\actions-runner\_work\xpco\xpco\corporate\videoos.server.unittests\bin\x64\debug\net472\videoos.server.unittests.dll" id="c576af66-9afa-10c2-027a-7e1a44cd0712">
      <TestCategory>
        <TestCategoryItem TestCategory="Licensing" />
      </TestCategory>
      <Execution id="82ffaf2c-7810-4a9b-ac43-c8cf7b0812a4" />
      <TestMethod codeBase="D:\actions-runner\_work\XPCO\XPCO\Corporate\VideoOS.Server.UnitTests\bin\x64\Debug\net472\VideoOS.Server.UnitTests.dll" adapterTypeName="executor://mstestadapter/v2" className="VideoOS.Server.UnitTests.Licensing.LicenseAllocatorChannelTests" name="AllocateLicenses_NotActivated_OneDevice_SixDisabledCameraChannels_LicenseCountFive_OneInGrace" />
    </UnitTest>
    <UnitTest name="Construct_ValidLicenseCountManager_Instance" storage="d:\actions-runner\_work\xpco\xpco\corporate\videoos.server.unittests\bin\x64\debug\net472\videoos.server.unittests.dll" id="32fc502d-9cb3-be3e-d7d9-da55ad2cd200">
      <TestCategory>
        <TestCategoryItem TestCategory="Licensing" />
      </TestCategory>
      <Execution id="da491c9f-1568-4f09-903d-2b65a0e153ec" />
      <TestMethod codeBase="D:\actions-runner\_work\XPCO\XPCO\Corporate\VideoOS.Server.UnitTests\bin\x64\Debug\net472\VideoOS.Server.UnitTests.dll" adapterTypeName="executor://mstestadapter/v2" className="VideoOS.Server.UnitTests.Licensing.LicenseCountManagerUnitTests" name="Construct_ValidLicenseCountManager_Instance" />
    </UnitTest>
    <UnitTest name="AddHardwareUserCommandHandler_Constructor_ThrowsIfParameterNull" storage="d:\actions-runner\_work\xpco\xpco\corporate\videoos.server.unittests\bin\x64\debug\net472\videoos.server.unittests.dll" id="ce8380c5-c8aa-6b45-78f7-a8afc7e17e5d">
      <Execution id="d120726d-4e38-4e92-b629-e8191019744f" />
      <TestMethod codeBase="D:\actions-runner\_work\XPCO\XPCO\Corporate\VideoOS.Server.UnitTests\bin\x64\Debug\net472\VideoOS.Server.UnitTests.dll" adapterTypeName="executor://mstestadapter/v2" className="VideoOS.Server.UnitTests.CommandHandler.AddHardwareUserCommandHandlerServerUnitTests" name="AddHardwareUserCommandHandler_Constructor_ThrowsIfParameterNull" />
    </UnitTest>
    <UnitTest name="RecorderLicense_FindByRecorder_Returns_Instance" storage="d:\actions-runner\_work\xpco\xpco\corporate\videoos.server.unittests\bin\x64\debug\net472\videoos.server.unittests.dll" id="4fec0688-570f-f7c3-b388-2105544b1ec9">
      <Execution id="7fca1282-fd4b-44d2-b4e1-44b15435e1a4" />
      <TestMethod codeBase="D:\actions-runner\_work\XPCO\XPCO\Corporate\VideoOS.Server.UnitTests\bin\x64\Debug\net472\VideoOS.Server.UnitTests.dll" adapterTypeName="executor://mstestadapter/v2" className="VideoOS.Server.UnitTests.Licensing.LicenseSnapshotTests" name="RecorderLicense_FindByRecorder_Returns_Instance" />
    </UnitTest>
    <UnitTest name="AddUnlicensedDevice_AddSameDeviceTwice_ReturnsTrue" storage="d:\actions-runner\_work\xpco\xpco\corporate\videoos.server.unittests\bin\x64\debug\net472\videoos.server.unittests.dll" id="337fb61c-0417-0206-2b53-a5a13e98e43f">
      <Execution id="40fa603d-0c33-42d6-a3b6-b16e73c654ef" />
      <TestMethod codeBase="D:\actions-runner\_work\XPCO\XPCO\Corporate\VideoOS.Server.UnitTests\bin\x64\Debug\net472\VideoOS.Server.UnitTests.dll" adapterTypeName="executor://mstestadapter/v2" className="VideoOS.Server.UnitTests.Licensing.LicenseSnapshotTests" name="AddUnlicensedDevice_AddSameDeviceTwice_ReturnsTrue" />
    </UnitTest>
    <UnitTest name="AllocateLicenses_HardwareWithNoCameras_ShouldCount1InGrace_ThenDisabling_ShouldCount0_On0Replacements" storage="d:\actions-runner\_work\xpco\xpco\corporate\videoos.server.unittests\bin\x64\debug\net472\videoos.server.unittests.dll" id="886d15a7-f876-be7e-71f5-4d94ad43de3c">
      <TestCategory>
        <TestCategoryItem TestCategory="Licensing" />
      </TestCategory>
      <Execution id="77736b43-1586-4d58-a90c-832c0a512a13" />
      <TestMethod codeBase="D:\actions-runner\_work\XPCO\XPCO\Corporate\VideoOS.Server.UnitTests\bin\x64\Debug\net472\VideoOS.Server.UnitTests.dll" adapterTypeName="executor://mstestadapter/v2" className="VideoOS.Server.UnitTests.Licensing.LicenseAllocatorChannelTests" name="AllocateLicenses_HardwareWithNoCameras_ShouldCount1InGrace_ThenDisabling_ShouldCount0_On0Replacements" />
    </UnitTest>
    <UnitTest name="ReleaseClient_ClientIsNull_ArgumentNullException" storage="d:\actions-runner\_work\xpco\xpco\corporate\videoos.server.unittests\bin\x64\debug\net472\videoos.server.unittests.dll" id="e07708b9-58e9-17c8-33df-f79f35053ced">
      <Execution id="e3d46496-6fda-4a60-9177-b81e032fb83e" />
      <TestMethod codeBase="D:\actions-runner\_work\XPCO\XPCO\Corporate\VideoOS.Server.UnitTests\bin\x64\Debug\net472\VideoOS.Server.UnitTests.dll" adapterTypeName="executor://mstestadapter/v2" className="VideoOS.Server.UnitTests.CommandHandler.VmoClientsPoolTests" name="ReleaseClient_ClientIsNull_ArgumentNullException" />
    </UnitTest>
    <UnitTest name="AllocateLicensesNotActivated_WhitelistedDriver_Activated_OneHardware_TwoCameras_OneLicense_ValidateLicenseTypes" storage="d:\actions-runner\_work\xpco\xpco\corporate\videoos.server.unittests\bin\x64\debug\net472\videoos.server.unittests.dll" id="a1b35a02-92d9-0d0e-9ddc-2d7195973991">
      <TestCategory>
        <TestCategoryItem TestCategory="Licensing" />
      </TestCategory>
      <Execution id="692efc34-3c6a-4a63-a948-d73ce3adf02e" />
      <TestMethod codeBase="D:\actions-runner\_work\XPCO\XPCO\Corporate\VideoOS.Server.UnitTests\bin\x64\Debug\net472\VideoOS.Server.UnitTests.dll" adapterTypeName="executor://mstestadapter/v2" className="VideoOS.Server.UnitTests.Licensing.LicenseAllocatorChannelTests" name="AllocateLicensesNotActivated_WhitelistedDriver_Activated_OneHardware_TwoCameras_OneLicense_ValidateLicenseTypes" />
    </UnitTest>
    <UnitTest name="TemporaryDeviceLicense_Ctor_DateTimeMaxValue_DateOnly_ArgumentException" storage="d:\actions-runner\_work\xpco\xpco\corporate\videoos.server.unittests\bin\x64\debug\net472\videoos.server.unittests.dll" id="0b95b563-b3d8-1fad-97ed-28bd915fb5ac">
      <TestCategory>
        <TestCategoryItem TestCategory="Licensing" />
      </TestCategory>
      <Execution id="f19d5730-962b-4c77-b7e8-94a15f8d3402" />
      <TestMethod codeBase="D:\actions-runner\_work\XPCO\XPCO\Corporate\VideoOS.Server.UnitTests\bin\x64\Debug\net472\VideoOS.Server.UnitTests.dll" adapterTypeName="executor://mstestadapter/v2" className="VideoOS.Server.UnitTests.Licensing.HardwareLicensesUnitTests" name="TemporaryDeviceLicense_Ctor_DateTimeMaxValue_DateOnly_ArgumentException" />
    </UnitTest>
    <UnitTest name="UpdateHardwareTaskCommandHandler_Apply_Deleted_Tests" storage="d:\actions-runner\_work\xpco\xpco\corporate\videoos.server.unittests\bin\x64\debug\net472\videoos.server.unittests.dll" id="fca732b5-9fae-3535-07d0-1e4a432e7d32">
      <Execution id="7f6a4dcc-d729-4f39-a551-32cbe0e5bcef" />
      <TestMethod codeBase="D:\actions-runner\_work\XPCO\XPCO\Corporate\VideoOS.Server.UnitTests\bin\x64\Debug\net472\VideoOS.Server.UnitTests.dll" adapterTypeName="executor://mstestadapter/v2" className="VideoOS.Server.UnitTests.CommandHandler.UpdateHardwareTaskHandlerTests" name="UpdateHardwareTaskCommandHandler_Apply_Deleted_Tests" />
    </UnitTest>
    <UnitTest name="HardwareInCWANotOnWhiteList_WithChannels_ReplacedWith_HardwareNotOnWhiteList_ZeroChannels_CWAAllowed_NewHardwareInCWA" storage="d:\actions-runner\_work\xpco\xpco\corporate\videoos.server.unittests\bin\x64\debug\net472\videoos.server.unittests.dll" id="19c2411d-a7ea-3029-7b81-cde9f3216bb1">
      <TestCategory>
        <TestCategoryItem TestCategory="Licensing Replace Hardware" />
        <TestCategoryItem TestCategory="Licensing" />
      </TestCategory>
      <Execution id="de3fa429-786b-4a24-9e19-bcd018e946ce" />
      <TestMethod codeBase="D:\actions-runner\_work\XPCO\XPCO\Corporate\VideoOS.Server.UnitTests\bin\x64\Debug\net472\VideoOS.Server.UnitTests.dll" adapterTypeName="executor://mstestadapter/v2" className="VideoOS.Server.UnitTests.Licensing.LicenseAllocatorChannelTests" name="HardwareInCWANotOnWhiteList_WithChannels_ReplacedWith_HardwareNotOnWhiteList_ZeroChannels_CWAAllowed_NewHardwareInCWA" />
    </UnitTest>
    <UnitTest name="HardwareScanExpressTaskCommandHandler_Execute_DiscoveryComponentSecureScanUnsupported_FailResponse" storage="d:\actions-runner\_work\xpco\xpco\corporate\videoos.server.unittests\bin\x64\debug\net472\videoos.server.unittests.dll" id="f710f672-589f-2591-bbe8-d5b2015480ef">
      <Execution id="69853856-6695-47f1-a3bb-ef3af9807613" />
      <TestMethod codeBase="D:\actions-runner\_work\XPCO\XPCO\Corporate\VideoOS.Server.UnitTests\bin\x64\Debug\net472\VideoOS.Server.UnitTests.dll" adapterTypeName="executor://mstestadapter/v2" className="VideoOS.Server.UnitTests.CommandHandler.HardwareScanExpressTaskCommandHandlerTest" name="HardwareScanExpressTaskCommandHandler_Execute_DiscoveryComponentSecureScanUnsupported_FailResponse" />
    </UnitTest>
    <UnitTest name="MoveHardwareTaskCommandHandler_Execute_SourceRecorder_Connected_And_Ignored_FailResponse" storage="d:\actions-runner\_work\xpco\xpco\corporate\videoos.server.unittests\bin\x64\debug\net472\videoos.server.unittests.dll" id="91597cb0-6a24-dca7-d61a-feb94222cbdb">
      <Execution id="4782d5a5-1e1a-4b59-8ead-16a8446071f8" />
      <TestMethod codeBase="D:\actions-runner\_work\XPCO\XPCO\Corporate\VideoOS.Server.UnitTests\bin\x64\Debug\net472\VideoOS.Server.UnitTests.dll" adapterTypeName="executor://mstestadapter/v2" className="VideoOS.Server.UnitTests.CommandHandler.MoveHardwareTaskCommandHandlerTests" name="MoveHardwareTaskCommandHandler_Execute_SourceRecorder_Connected_And_Ignored_FailResponse" />
    </UnitTest>
    <UnitTest name="ReplaceHardwareTaskCommandHandler_DeviceMapper_Success_NotMatchingHwids_Test" storage="d:\actions-runner\_work\xpco\xpco\corporate\videoos.server.unittests\bin\x64\debug\net472\videoos.server.unittests.dll" id="ca7bf8cc-6fb2-57ee-bd56-7bde54c67fe6">
      <Execution id="efffacc1-960f-4d85-adc3-8155c75afa23" />
      <TestMethod codeBase="D:\actions-runner\_work\XPCO\XPCO\Corporate\VideoOS.Server.UnitTests\bin\x64\Debug\net472\VideoOS.Server.UnitTests.dll" adapterTypeName="executor://mstestadapter/v2" className="VideoOS.Server.UnitTests.CommandHandler.ReplaceHardwareTaskCommandHandlerUnitTests" name="ReplaceHardwareTaskCommandHandler_DeviceMapper_Success_NotMatchingHwids_Test" />
    </UnitTest>
    <UnitTest name="QueryDeviceEvidenceLockSizesResponse_ModelIsNull_BadRequestResult" storage="d:\actions-runner\_work\xpco\xpco\corporate\videoos.server.unittests\bin\x64\debug\net472\videoos.server.unittests.dll" id="0f5519ff-c247-6411-d38b-9a9f1b4227c9">
      <Execution id="d1ba7b15-be74-4dae-8490-56224bb0bca9" />
      <TestMethod codeBase="D:\actions-runner\_work\XPCO\XPCO\Corporate\VideoOS.Server.UnitTests\bin\x64\Debug\net472\VideoOS.Server.UnitTests.dll" adapterTypeName="executor://mstestadapter/v2" className="VideoOS.Server.UnitTests.WebApi.ResponseControllerTest" name="QueryDeviceEvidenceLockSizesResponse_ModelIsNull_BadRequestResult" />
    </UnitTest>
    <UnitTest name="RegisterRecorder_ModelIsValid_Executed" storage="d:\actions-runner\_work\xpco\xpco\corporate\videoos.server.unittests\bin\x64\debug\net472\videoos.server.unittests.dll" id="88c1f49e-afd8-32ac-a7cb-3ffedb7fc25a">
      <Execution id="08832100-a1ab-4015-9c9e-49faab9ab490" />
      <TestMethod codeBase="D:\actions-runner\_work\XPCO\XPCO\Corporate\VideoOS.Server.UnitTests\bin\x64\Debug\net472\VideoOS.Server.UnitTests.dll" adapterTypeName="executor://mstestadapter/v2" className="VideoOS.Server.UnitTests.WebApi.Controllers.RecorderRegistrationControllerTests" name="RegisterRecorder_ModelIsValid_Executed" />
    </UnitTest>
    <UnitTest name="EvidenceLockOnOldRecorderCommandHandlerTests_OldRecV1_ConfigDelete1RowExtra_Ignored" storage="d:\actions-runner\_work\xpco\xpco\corporate\videoos.server.unittests\bin\x64\debug\net472\videoos.server.unittests.dll" id="10bfeb00-de3b-c447-8d05-6723944bf16f">
      <Execution id="88b0bc1c-4128-4def-969f-51bc756622cc" />
      <TestMethod codeBase="D:\actions-runner\_work\XPCO\XPCO\Corporate\VideoOS.Server.UnitTests\bin\x64\Debug\net472\VideoOS.Server.UnitTests.dll" adapterTypeName="executor://mstestadapter/v2" className="VideoOS.Server.UnitTests.CommandHandler.EvidenceLockOnOldRecorderCommandHandlerTests" name="EvidenceLockOnOldRecorderCommandHandlerTests_OldRecV1_ConfigDelete1RowExtra_Ignored" />
    </UnitTest>
    <UnitTest name="AttachedRecorder_GetRecorderEntry_NoEntry" storage="d:\actions-runner\_work\xpco\xpco\corporate\videoos.server.unittests\bin\x64\debug\net472\videoos.server.unittests.dll" id="0fbfd3f1-8403-3002-5229-49e64639ac7c">
      <Execution id="12bf3ae5-687c-4b1b-a577-fe8561d88aaa" />
      <TestMethod codeBase="D:\actions-runner\_work\XPCO\XPCO\Corporate\VideoOS.Server.UnitTests\bin\x64\Debug\net472\VideoOS.Server.UnitTests.dll" adapterTypeName="executor://mstestadapter/v2" className="VideoOS.Server.UnitTests.AttachedRecorderTests" name="AttachedRecorder_GetRecorderEntry_NoEntry" />
    </UnitTest>
    <UnitTest name="TemporaryLicenseStorage_LoadData_Old_Format_No_Licenses" storage="d:\actions-runner\_work\xpco\xpco\corporate\videoos.server.unittests\bin\x64\debug\net472\videoos.server.unittests.dll" id="2c474dad-fea8-dd23-dae8-7f89d2f205ba">
      <Execution id="8f65943c-2583-4953-ab62-afe9b4356094" />
      <TestMethod codeBase="D:\actions-runner\_work\XPCO\XPCO\Corporate\VideoOS.Server.UnitTests\bin\x64\Debug\net472\VideoOS.Server.UnitTests.dll" adapterTypeName="executor://mstestadapter/v2" className="VideoOS.Server.UnitTests.Licensing.TemporaryLicenseStorageUnitTests" name="TemporaryLicenseStorage_LoadData_Old_Format_No_Licenses" />
    </UnitTest>
    <UnitTest name="RecorderLicense_AddNew_IsUpdated_SetToTrue_Success" storage="d:\actions-runner\_work\xpco\xpco\corporate\videoos.server.unittests\bin\x64\debug\net472\videoos.server.unittests.dll" id="421fb43f-22dc-3119-8b0a-975866a1028c">
      <Execution id="931d6ba3-a198-4679-bc51-56f9415f4457" />
      <TestMethod codeBase="D:\actions-runner\_work\XPCO\XPCO\Corporate\VideoOS.Server.UnitTests\bin\x64\Debug\net472\VideoOS.Server.UnitTests.dll" adapterTypeName="executor://mstestadapter/v2" className="VideoOS.Server.UnitTests.Licensing.LicenseSnapshotTests" name="RecorderLicense_AddNew_IsUpdated_SetToTrue_Success" />
    </UnitTest>
    <UnitTest name="CleanUp_KeepAliveExceededOnFreeClient_ClientIsRemoved" storage="d:\actions-runner\_work\xpco\xpco\corporate\videoos.server.unittests\bin\x64\debug\net472\videoos.server.unittests.dll" id="40c51391-c3be-a83e-46f5-30f4f86079de">
      <Execution id="f882ed6f-9953-4fe3-8bc1-67b67eb884bb" />
      <TestMethod codeBase="D:\actions-runner\_work\XPCO\XPCO\Corporate\VideoOS.Server.UnitTests\bin\x64\Debug\net472\VideoOS.Server.UnitTests.dll" adapterTypeName="executor://mstestadapter/v2" className="VideoOS.Server.UnitTests.CommandHandler.VmoClientsPoolTests" name="CleanUp_KeepAliveExceededOnFreeClient_ClientIsRemoved" />
    </UnitTest>
    <UnitTest name="Recorder_FindById_Returns_Null" storage="d:\actions-runner\_work\xpco\xpco\corporate\videoos.server.unittests\bin\x64\debug\net472\videoos.server.unittests.dll" id="ef98307e-e332-24fb-e960-16fa4b8c11bc">
      <Execution id="d321ba78-fac4-46b9-9aee-d2ecd6a5200d" />
      <TestMethod codeBase="D:\actions-runner\_work\XPCO\XPCO\Corporate\VideoOS.Server.UnitTests\bin\x64\Debug\net472\VideoOS.Server.UnitTests.dll" adapterTypeName="executor://mstestadapter/v2" className="VideoOS.Server.UnitTests.Licensing.LicenseSnapshotTests" name="Recorder_FindById_Returns_Null" />
    </UnitTest>
    <UnitTest name="AllocateLicenses_NotActivated_FourUsedOneUnlicensed_OnFiveCameraChannelsFourGraceAndFourAvailableLicenses" storage="d:\actions-runner\_work\xpco\xpco\corporate\videoos.server.unittests\bin\x64\debug\net472\videoos.server.unittests.dll" id="47bc2de9-c828-3305-dbcd-195c38433d1e">
      <TestCategory>
        <TestCategoryItem TestCategory="Licensing" />
      </TestCategory>
      <Execution id="a9904e4c-2be1-4b38-8559-175eb7787461" />
      <TestMethod codeBase="D:\actions-runner\_work\XPCO\XPCO\Corporate\VideoOS.Server.UnitTests\bin\x64\Debug\net472\VideoOS.Server.UnitTests.dll" adapterTypeName="executor://mstestadapter/v2" className="VideoOS.Server.UnitTests.Licensing.LicenseAllocatorChannelTests" name="AllocateLicenses_NotActivated_FourUsedOneUnlicensed_OnFiveCameraChannelsFourGraceAndFourAvailableLicenses" />
    </UnitTest>
    <UnitTest name="CheckConfigurationDataSetTest_FailoverPrimaryNotLicensedFail" storage="d:\actions-runner\_work\xpco\xpco\corporate\videoos.server.unittests\bin\x64\debug\net472\videoos.server.unittests.dll" id="0d25d40d-d1aa-dcd2-9ff9-14f41134f43c">
      <Execution id="a35934e2-7b5f-4de8-b68b-9a6ff4cdf805" />
      <TestMethod codeBase="D:\actions-runner\_work\XPCO\XPCO\Corporate\VideoOS.Server.UnitTests\bin\x64\Debug\net472\VideoOS.Server.UnitTests.dll" adapterTypeName="executor://mstestadapter/v2" className="VideoOS.Server.UnitTests.Licensing.LicenseFeatureCheckerTest" name="CheckConfigurationDataSetTest_FailoverPrimaryNotLicensedFail" />
    </UnitTest>
    <UnitTest name="GenerateLicenseRequestAsXml_Success_With1RecordingServerWith4DevicesAnd1DeviceCompletelyDisabled_ValidLicenseWithEmptyWhiteList" storage="d:\actions-runner\_work\xpco\xpco\corporate\videoos.server.unittests\bin\x64\debug\net472\videoos.server.unittests.dll" id="f7076339-e5cf-6e19-d30b-284c92fc046e">
      <TestCategory>
        <TestCategoryItem TestCategory="Licensing" />
      </TestCategory>
      <Execution id="8ecf4af5-5c64-47a1-becb-01b523fb3be4" />
      <TestMethod codeBase="D:\actions-runner\_work\XPCO\XPCO\Corporate\VideoOS.Server.UnitTests\bin\x64\Debug\net472\VideoOS.Server.UnitTests.dll" adapterTypeName="executor://mstestadapter/v2" className="VideoOS.Server.UnitTests.Licensing.LicenseRequestChannelTests" name="GenerateLicenseRequestAsXml_Success_With1RecordingServerWith4DevicesAnd1DeviceCompletelyDisabled_ValidLicenseWithEmptyWhiteList" />
    </UnitTest>
    <UnitTest name="HardwareInCWANotOnWhiteList_ReplacedWithInheritance_HardwareNotOnWhiteList_NoMoreCWAAllowed_NewDevicesInGrace" storage="d:\actions-runner\_work\xpco\xpco\corporate\videoos.server.unittests\bin\x64\debug\net472\videoos.server.unittests.dll" id="22ed3e7b-bfad-787a-270a-197e0d35f24e">
      <TestCategory>
        <TestCategoryItem TestCategory="Licensing Replace Hardware" />
        <TestCategoryItem TestCategory="Licensing" />
      </TestCategory>
      <Execution id="6b34e7ee-5441-46ab-a0a3-d7a894ec1ea8" />
      <TestMethod codeBase="D:\actions-runner\_work\XPCO\XPCO\Corporate\VideoOS.Server.UnitTests\bin\x64\Debug\net472\VideoOS.Server.UnitTests.dll" adapterTypeName="executor://mstestadapter/v2" className="VideoOS.Server.UnitTests.Licensing.LicenseAllocatorChannelTests" name="HardwareInCWANotOnWhiteList_ReplacedWithInheritance_HardwareNotOnWhiteList_NoMoreCWAAllowed_NewDevicesInGrace" />
    </UnitTest>
    <UnitTest name="AddUnlicensedHardware_AddNewHardware_ReturnsTrue" storage="d:\actions-runner\_work\xpco\xpco\corporate\videoos.server.unittests\bin\x64\debug\net472\videoos.server.unittests.dll" id="c58d02c2-045e-a702-8b39-09ea175a2fd3">
      <Execution id="2f22921b-a9b8-45d8-913d-2b711b3e3dfd" />
      <TestMethod codeBase="D:\actions-runner\_work\XPCO\XPCO\Corporate\VideoOS.Server.UnitTests\bin\x64\Debug\net472\VideoOS.Server.UnitTests.dll" adapterTypeName="executor://mstestadapter/v2" className="VideoOS.Server.UnitTests.Licensing.LicenseSnapshotTests" name="AddUnlicensedHardware_AddNewHardware_ReturnsTrue" />
    </UnitTest>
    <UnitTest name="HardwareInGraceOnWhiteList_ReplacedWith_HardwareOnWhiteList_ShouldGiveHardwareNewGracePeriod" storage="d:\actions-runner\_work\xpco\xpco\corporate\videoos.server.unittests\bin\x64\debug\net472\videoos.server.unittests.dll" id="d8a329ba-c4d1-c4f1-d573-a40cf5804ed0">
      <TestCategory>
        <TestCategoryItem TestCategory="Licensing Replace Hardware" />
        <TestCategoryItem TestCategory="Licensing" />
      </TestCategory>
      <Execution id="398f421e-f589-47a6-ae27-4a966ca73748" />
      <TestMethod codeBase="D:\actions-runner\_work\XPCO\XPCO\Corporate\VideoOS.Server.UnitTests\bin\x64\Debug\net472\VideoOS.Server.UnitTests.dll" adapterTypeName="executor://mstestadapter/v2" className="VideoOS.Server.UnitTests.Licensing.LicenseAllocatorChannelTests" name="HardwareInGraceOnWhiteList_ReplacedWith_HardwareOnWhiteList_ShouldGiveHardwareNewGracePeriod" />
    </UnitTest>
    <UnitTest name="RecorderTaskFailed_ModelIsNull_BadRequestResult" storage="d:\actions-runner\_work\xpco\xpco\corporate\videoos.server.unittests\bin\x64\debug\net472\videoos.server.unittests.dll" id="4907f04c-b529-3215-1c18-a5d92d0dd57d">
      <Execution id="85efdece-fc95-4f98-8c85-3925ab2289d3" />
      <TestMethod codeBase="D:\actions-runner\_work\XPCO\XPCO\Corporate\VideoOS.Server.UnitTests\bin\x64\Debug\net472\VideoOS.Server.UnitTests.dll" adapterTypeName="executor://mstestadapter/v2" className="VideoOS.Server.UnitTests.TaskControllerTests" name="RecorderTaskFailed_ModelIsNull_BadRequestResult" />
    </UnitTest>
    <UnitTest name="UpdateHardwareTaskCommandHandler_Execute_HeartBeat_RecorderNotSupported_Tests" storage="d:\actions-runner\_work\xpco\xpco\corporate\videoos.server.unittests\bin\x64\debug\net472\videoos.server.unittests.dll" id="00784323-e8f7-063b-bb41-8b963c2c917c">
      <Execution id="68cdcac4-99e1-4875-835d-2765181dfa33" />
      <TestMethod codeBase="D:\actions-runner\_work\XPCO\XPCO\Corporate\VideoOS.Server.UnitTests\bin\x64\Debug\net472\VideoOS.Server.UnitTests.dll" adapterTypeName="executor://mstestadapter/v2" className="VideoOS.Server.UnitTests.CommandHandler.UpdateHardwareTaskHandlerTests" name="UpdateHardwareTaskCommandHandler_Execute_HeartBeat_RecorderNotSupported_Tests" />
    </UnitTest>
    <UnitTest name="HardwareScanExpressTaskCommandHandler_StopScan_ReturnsScanSessionWithResult" storage="d:\actions-runner\_work\xpco\xpco\corporate\videoos.server.unittests\bin\x64\debug\net472\videoos.server.unittests.dll" id="8503b0c6-e113-b6aa-684d-780d0d19788e">
      <Execution id="c3a301ae-067a-4c1e-a45f-8a68dba6ca09" />
      <TestMethod codeBase="D:\actions-runner\_work\XPCO\XPCO\Corporate\VideoOS.Server.UnitTests\bin\x64\Debug\net472\VideoOS.Server.UnitTests.dll" adapterTypeName="executor://mstestadapter/v2" className="VideoOS.Server.UnitTests.CommandHandler.HardwareScanExpressTaskCommandHandlerTest" name="HardwareScanExpressTaskCommandHandler_StopScan_ReturnsScanSessionWithResult" />
    </UnitTest>
    <UnitTest name="Validate_FirstGraceExpireShown_WithWhiteListedAndNonWhitelistedHardwareOnly_Success" storage="d:\actions-runner\_work\xpco\xpco\corporate\videoos.server.unittests\bin\x64\debug\net472\videoos.server.unittests.dll" id="b20280df-57e1-0c4a-9eea-dd5ebed1a7b2">
      <TestCategory>
        <TestCategoryItem TestCategory="Licensing" />
      </TestCategory>
      <Execution id="c16e82c0-80fe-463a-a11d-7847ddd619cf" />
      <TestMethod codeBase="D:\actions-runner\_work\XPCO\XPCO\Corporate\VideoOS.Server.UnitTests\bin\x64\Debug\net472\VideoOS.Server.UnitTests.dll" adapterTypeName="executor://mstestadapter/v2" className="VideoOS.Server.UnitTests.Licensing.LicenseInfoXmlWriterTests" name="Validate_FirstGraceExpireShown_WithWhiteListedAndNonWhitelistedHardwareOnly_Success" />
    </UnitTest>
    <UnitTest name="StartSessionFailedResponse_ModelIsValid_CommandExecuted" storage="d:\actions-runner\_work\xpco\xpco\corporate\videoos.server.unittests\bin\x64\debug\net472\videoos.server.unittests.dll" id="d35c2020-35e1-7432-4bcd-89664f411e2b">
      <Execution id="1a82e66f-4912-4982-a47a-83d26c4b9c19" />
      <TestMethod codeBase="D:\actions-runner\_work\XPCO\XPCO\Corporate\VideoOS.Server.UnitTests\bin\x64\Debug\net472\VideoOS.Server.UnitTests.dll" adapterTypeName="executor://mstestadapter/v2" className="VideoOS.Server.UnitTests.WebApi.ResponseControllerTest" name="StartSessionFailedResponse_ModelIsValid_CommandExecuted" />
    </UnitTest>
    <UnitTest name="Construct_LicenseSnapshot_InvalidHardwareLicenseInfo_Throws_ArgumentNullException" storage="d:\actions-runner\_work\xpco\xpco\corporate\videoos.server.unittests\bin\x64\debug\net472\videoos.server.unittests.dll" id="05cb3fbe-774b-bffe-3d71-771cad3a9f6c">
      <Execution id="dfc651a3-a158-4db9-b91d-43ff5dda1600" />
      <TestMethod codeBase="D:\actions-runner\_work\XPCO\XPCO\Corporate\VideoOS.Server.UnitTests\bin\x64\Debug\net472\VideoOS.Server.UnitTests.dll" adapterTypeName="executor://mstestadapter/v2" className="VideoOS.Server.UnitTests.Licensing.LicenseSnapshotTests" name="Construct_LicenseSnapshot_InvalidHardwareLicenseInfo_Throws_ArgumentNullException" />
    </UnitTest>
    <UnitTest name="Monitor_CurrentStatusChanged_AuthorizationError" storage="d:\actions-runner\_work\xpco\xpco\corporate\videoos.server.unittests\bin\x64\debug\net472\videoos.server.unittests.dll" id="4a01cd80-73e5-9c40-2758-599856b946eb">
      <Execution id="5509b926-01e1-4618-a72b-30fc240546af" />
      <TestMethod codeBase="D:\actions-runner\_work\XPCO\XPCO\Corporate\VideoOS.Server.UnitTests\bin\x64\Debug\net472\VideoOS.Server.UnitTests.dll" adapterTypeName="executor://mstestadapter/v2" className="VideoOS.Server.UnitTests.Failover.FailoverStatusManagerUnitTests" name="Monitor_CurrentStatusChanged_AuthorizationError" />
    </UnitTest>
    <UnitTest name="CleanUp_KeepAliveNotExceededOnFreeClient_ClientIsNotRemoved" storage="d:\actions-runner\_work\xpco\xpco\corporate\videoos.server.unittests\bin\x64\debug\net472\videoos.server.unittests.dll" id="4d7616d3-3d89-3b42-9496-b2ce88cc2ef7">
      <Execution id="084bbc27-3a12-460a-b2cf-5af39758d127" />
      <TestMethod codeBase="D:\actions-runner\_work\XPCO\XPCO\Corporate\VideoOS.Server.UnitTests\bin\x64\Debug\net472\VideoOS.Server.UnitTests.dll" adapterTypeName="executor://mstestadapter/v2" className="VideoOS.Server.UnitTests.CommandHandler.VmoClientsPoolTests" name="CleanUp_KeepAliveNotExceededOnFreeClient_ClientIsNotRemoved" />
    </UnitTest>
    <UnitTest name="ConvertIdpLog_UnknownIdpLogEvent_ArgumentException" storage="d:\actions-runner\_work\xpco\xpco\corporate\videoos.server.unittests\bin\x64\debug\net472\videoos.server.unittests.dll" id="26717f0a-fca2-67d0-37db-c3f8b1a939fe">
      <Execution id="3964f17c-1430-40ad-b8eb-0058cf1c6a80" />
      <TestMethod codeBase="D:\actions-runner\_work\XPCO\XPCO\Corporate\VideoOS.Server.UnitTests\bin\x64\Debug\net472\VideoOS.Server.UnitTests.dll" adapterTypeName="executor://mstestadapter/v2" className="VideoOS.Server.UnitTests.Log.IdpLogConverterTest" name="ConvertIdpLog_UnknownIdpLogEvent_ArgumentException" />
    </UnitTest>
    <UnitTest name="CheckMsFailoverStatusCommandHandler_Execute_InvokeEventTrue_ValidResponseOne_ShouldTrigger" storage="d:\actions-runner\_work\xpco\xpco\corporate\videoos.server.unittests\bin\x64\debug\net472\videoos.server.unittests.dll" id="9b865ef5-ace8-8622-14e6-2807e0fb2add">
      <Execution id="7a61d266-f336-4c91-8078-326d552f6bea" />
      <TestMethod codeBase="D:\actions-runner\_work\XPCO\XPCO\Corporate\VideoOS.Server.UnitTests\bin\x64\Debug\net472\VideoOS.Server.UnitTests.dll" adapterTypeName="executor://mstestadapter/v2" className="VideoOS.Server.UnitTests.CommandHandler.CheckMsFailoverStatusCommandHandlerUnitTest" name="CheckMsFailoverStatusCommandHandler_Execute_InvokeEventTrue_ValidResponseOne_ShouldTrigger" />
    </UnitTest>
    <UnitTest name="ValidateLicenseCounts_ValidateWhitelistVersion_WithEmptyWhiteList" storage="d:\actions-runner\_work\xpco\xpco\corporate\videoos.server.unittests\bin\x64\debug\net472\videoos.server.unittests.dll" id="4b5a68b1-c763-49c2-6558-f2ba8573701b">
      <TestCategory>
        <TestCategoryItem TestCategory="Licensing" />
      </TestCategory>
      <Execution id="c2fc1066-444f-4178-99c4-62df68387198" />
      <TestMethod codeBase="D:\actions-runner\_work\XPCO\XPCO\Corporate\VideoOS.Server.UnitTests\bin\x64\Debug\net472\VideoOS.Server.UnitTests.dll" adapterTypeName="executor://mstestadapter/v2" className="VideoOS.Server.UnitTests.Licensing.LicenseRequestChannelTests" name="ValidateLicenseCounts_ValidateWhitelistVersion_WithEmptyWhiteList" />
    </UnitTest>
    <UnitTest name="Recorder_Retrieve_List_Active_Recorders" storage="d:\actions-runner\_work\xpco\xpco\corporate\videoos.server.unittests\bin\x64\debug\net472\videoos.server.unittests.dll" id="52ab0249-26ba-cc96-610d-17f6ffa468ae">
      <Execution id="982e2d58-acf0-4398-a724-9b41deb5bdbb" />
      <TestMethod codeBase="D:\actions-runner\_work\XPCO\XPCO\Corporate\VideoOS.Server.UnitTests\bin\x64\Debug\net472\VideoOS.Server.UnitTests.dll" adapterTypeName="executor://mstestadapter/v2" className="VideoOS.Server.UnitTests.Licensing.LicenseSnapshotTests" name="Recorder_Retrieve_List_Active_Recorders" />
    </UnitTest>
    <UnitTest name="HardwareLicense_AddExistingId_ReplacesCurrentLicense_Instance" storage="d:\actions-runner\_work\xpco\xpco\corporate\videoos.server.unittests\bin\x64\debug\net472\videoos.server.unittests.dll" id="fda3da24-7e24-e2c3-22c3-e1cac8cca284">
      <Execution id="a28be313-c8fc-4313-8342-995cd1cc5791" />
      <TestMethod codeBase="D:\actions-runner\_work\XPCO\XPCO\Corporate\VideoOS.Server.UnitTests\bin\x64\Debug\net472\VideoOS.Server.UnitTests.dll" adapterTypeName="executor://mstestadapter/v2" className="VideoOS.Server.UnitTests.Licensing.LicenseSnapshotTests" name="HardwareLicense_AddExistingId_ReplacesCurrentLicense_Instance" />
    </UnitTest>
    <UnitTest name="Start_OutOfRange_ThrowsArgumentOutOfRangeException" storage="d:\actions-runner\_work\xpco\xpco\corporate\videoos.server.unittests\bin\x64\debug\net472\videoos.server.unittests.dll" id="ba4d0b9c-16c8-4e97-7a27-5de87c475a55">
      <Execution id="ccd9f4b7-caad-4eac-b535-bc5efa753b88" />
      <TestMethod codeBase="D:\actions-runner\_work\XPCO\XPCO\Corporate\VideoOS.Server.UnitTests\bin\x64\Debug\net472\VideoOS.Server.UnitTests.dll" adapterTypeName="executor://mstestadapter/v2" className="VideoOS.Server.UnitTests.Log.IdpLogRetrieverTests" name="Start_OutOfRange_ThrowsArgumentOutOfRangeException" />
    </UnitTest>
    <UnitTest name="GetHardwareUsersCommandHandler_Execute_WrongCommandOrNullParameters_Throws" storage="d:\actions-runner\_work\xpco\xpco\corporate\videoos.server.unittests\bin\x64\debug\net472\videoos.server.unittests.dll" id="0f9657cc-4402-2e71-fa6d-311b1f9f3738">
      <Execution id="b0485fb4-c7fc-4f41-bea5-83433d5d4953" />
      <TestMethod codeBase="D:\actions-runner\_work\XPCO\XPCO\Corporate\VideoOS.Server.UnitTests\bin\x64\Debug\net472\VideoOS.Server.UnitTests.dll" adapterTypeName="executor://mstestadapter/v2" className="VideoOS.Server.UnitTests.CommandHandler.GetHardwareUsersCommandHandlerUnitTests" name="GetHardwareUsersCommandHandler_Execute_WrongCommandOrNullParameters_Throws" />
    </UnitTest>
    <UnitTest name="IsActivationNeeded_True_DeviceAdded" storage="d:\actions-runner\_work\xpco\xpco\corporate\videoos.server.unittests\bin\x64\debug\net472\videoos.server.unittests.dll" id="f1765d29-d53f-8d02-a25d-e6d6684f550d">
      <TestCategory>
        <TestCategoryItem TestCategory="Licensing" />
      </TestCategory>
      <Execution id="f6c84461-a865-48e8-a2ae-a7d8f0a07020" />
      <TestMethod codeBase="D:\actions-runner\_work\XPCO\XPCO\Corporate\VideoOS.Server.UnitTests\bin\x64\Debug\net472\VideoOS.Server.UnitTests.dll" adapterTypeName="executor://mstestadapter/v2" className="VideoOS.Server.UnitTests.Licensing.LicenseManagerUnitTests" name="IsActivationNeeded_True_DeviceAdded" />
    </UnitTest>
    <UnitTest name="TotalReplacementLimit_ReturnsCorrectReplacementLimit" storage="d:\actions-runner\_work\xpco\xpco\corporate\videoos.server.unittests\bin\x64\debug\net472\videoos.server.unittests.dll" id="dee144f2-c923-9577-9616-7ae90de03971">
      <TestCategory>
        <TestCategoryItem TestCategory="Licensing" />
      </TestCategory>
      <Execution id="d1febde0-972c-4731-914d-5cc98af601ac" />
      <TestMethod codeBase="D:\actions-runner\_work\XPCO\XPCO\Corporate\VideoOS.Server.UnitTests\bin\x64\Debug\net472\VideoOS.Server.UnitTests.dll" adapterTypeName="executor://mstestadapter/v2" className="VideoOS.Server.UnitTests.Licensing.LicenseManagerUnitTests" name="TotalReplacementLimit_ReturnsCorrectReplacementLimit" />
    </UnitTest>
    <UnitTest name="TaskHandling_InternalUpdateReparingTasks_NoExistingTask_NewTask" storage="d:\actions-runner\_work\xpco\xpco\corporate\videoos.server.unittests\bin\x64\debug\net472\videoos.server.unittests.dll" id="84beeaec-a55a-7a5a-a1f4-9278e25a84fd">
      <Execution id="5aada770-36e8-4b28-960b-53fb5ac3515f" />
      <TestMethod codeBase="D:\actions-runner\_work\XPCO\XPCO\Corporate\VideoOS.Server.UnitTests\bin\x64\Debug\net472\VideoOS.Server.UnitTests.dll" adapterTypeName="executor://mstestadapter/v2" className="VideoOS.Server.UnitTests.Tasks.TaskHandlingUnitTests" name="TaskHandling_InternalUpdateReparingTasks_NoExistingTask_NewTask" />
    </UnitTest>
    <UnitTest name="AllocateLicensesNotActivated_WhitelistedDriver_Grace_TwoHardware_TwoCameras_OneLicense_OneHardwareUnlicensed_ValidateLicenseTypes" storage="d:\actions-runner\_work\xpco\xpco\corporate\videoos.server.unittests\bin\x64\debug\net472\videoos.server.unittests.dll" id="73046387-2950-c952-87c9-d824b259d8e4">
      <TestCategory>
        <TestCategoryItem TestCategory="Licensing" />
      </TestCategory>
      <Execution id="7882dbba-38b7-4f4a-8ee9-8b35f54dfb3a" />
      <TestMethod codeBase="D:\actions-runner\_work\XPCO\XPCO\Corporate\VideoOS.Server.UnitTests\bin\x64\Debug\net472\VideoOS.Server.UnitTests.dll" adapterTypeName="executor://mstestadapter/v2" className="VideoOS.Server.UnitTests.Licensing.LicenseAllocatorChannelTests" name="AllocateLicensesNotActivated_WhitelistedDriver_Grace_TwoHardware_TwoCameras_OneLicense_OneHardwareUnlicensed_ValidateLicenseTypes" />
    </UnitTest>
    <UnitTest name="HardwareLicense_SetExpire_NullHardwareInfo_Empty_Throws_ArgumentException" storage="d:\actions-runner\_work\xpco\xpco\corporate\videoos.server.unittests\bin\x64\debug\net472\videoos.server.unittests.dll" id="56d59fad-e683-8b23-2fac-75605595a2fb">
      <Execution id="165dbe43-1b08-4d14-8f94-c3f9b55aa13b" />
      <TestMethod codeBase="D:\actions-runner\_work\XPCO\XPCO\Corporate\VideoOS.Server.UnitTests\bin\x64\Debug\net472\VideoOS.Server.UnitTests.dll" adapterTypeName="executor://mstestadapter/v2" className="VideoOS.Server.UnitTests.Licensing.LicenseSnapshotTests" name="HardwareLicense_SetExpire_NullHardwareInfo_Empty_Throws_ArgumentException" />
    </UnitTest>
    <UnitTest name="HardwareInCWANotOnWhiteList_ReplacedWithNoInheritance_HardwareNotOnWhiteList_CWAAllowed_FewerChannelsOnReplacedHardware_AllDevicesInCWA" storage="d:\actions-runner\_work\xpco\xpco\corporate\videoos.server.unittests\bin\x64\debug\net472\videoos.server.unittests.dll" id="9d8a588f-3c31-3abc-34a4-267dbbb20587">
      <TestCategory>
        <TestCategoryItem TestCategory="Licensing Replace Hardware" />
        <TestCategoryItem TestCategory="Licensing" />
      </TestCategory>
      <Execution id="c4f79e7b-c41f-421e-9613-3c796bc80f3a" />
      <TestMethod codeBase="D:\actions-runner\_work\XPCO\XPCO\Corporate\VideoOS.Server.UnitTests\bin\x64\Debug\net472\VideoOS.Server.UnitTests.dll" adapterTypeName="executor://mstestadapter/v2" className="VideoOS.Server.UnitTests.Licensing.LicenseAllocatorChannelTests" name="HardwareInCWANotOnWhiteList_ReplacedWithNoInheritance_HardwareNotOnWhiteList_CWAAllowed_FewerChannelsOnReplacedHardware_AllDevicesInCWA" />
    </UnitTest>
    <UnitTest name="HardwareInCWAOnWhiteList_ReplacedWithNoInheritance_HardwareOnWhiteList_NoMoreCWAAllowed_NewHardwareInGrace" storage="d:\actions-runner\_work\xpco\xpco\corporate\videoos.server.unittests\bin\x64\debug\net472\videoos.server.unittests.dll" id="09a55fcb-0eee-e804-a52c-b0d4bf548464">
      <TestCategory>
        <TestCategoryItem TestCategory="Licensing Replace Hardware" />
        <TestCategoryItem TestCategory="Licensing" />
      </TestCategory>
      <Execution id="97eeb648-be1f-458c-9241-28dc4171521f" />
      <TestMethod codeBase="D:\actions-runner\_work\XPCO\XPCO\Corporate\VideoOS.Server.UnitTests\bin\x64\Debug\net472\VideoOS.Server.UnitTests.dll" adapterTypeName="executor://mstestadapter/v2" className="VideoOS.Server.UnitTests.Licensing.LicenseAllocatorChannelTests" name="HardwareInCWAOnWhiteList_ReplacedWithNoInheritance_HardwareOnWhiteList_NoMoreCWAAllowed_NewHardwareInGrace" />
    </UnitTest>
    <UnitTest name="AllocateLicenses_NotActivated_OnFourHardwareAndFiveCameraChannels_ThreeGraceTwoExpiredLicenses" storage="d:\actions-runner\_work\xpco\xpco\corporate\videoos.server.unittests\bin\x64\debug\net472\videoos.server.unittests.dll" id="45bfd892-7f6f-30af-fe3f-230ce4ba5dff">
      <TestCategory>
        <TestCategoryItem TestCategory="Licensing" />
      </TestCategory>
      <Execution id="081eab41-4b60-4737-9edc-4444dcb6b5d5" />
      <TestMethod codeBase="D:\actions-runner\_work\XPCO\XPCO\Corporate\VideoOS.Server.UnitTests\bin\x64\Debug\net472\VideoOS.Server.UnitTests.dll" adapterTypeName="executor://mstestadapter/v2" className="VideoOS.Server.UnitTests.Licensing.LicenseAllocatorChannelTests" name="AllocateLicenses_NotActivated_OnFourHardwareAndFiveCameraChannels_ThreeGraceTwoExpiredLicenses" />
    </UnitTest>
    <UnitTest name="GenerateLicenseRequestAsXml_DeviceChannelCountInXml_OneLicenseCountWithModelNameOnWhitelist" storage="d:\actions-runner\_work\xpco\xpco\corporate\videoos.server.unittests\bin\x64\debug\net472\videoos.server.unittests.dll" id="663ccd25-8649-6289-5931-2e4826a29b90">
      <TestCategory>
        <TestCategoryItem TestCategory="Licensing" />
      </TestCategory>
      <Execution id="f2ca7050-4342-4b77-8313-a09059d6e0b8" />
      <TestMethod codeBase="D:\actions-runner\_work\XPCO\XPCO\Corporate\VideoOS.Server.UnitTests\bin\x64\Debug\net472\VideoOS.Server.UnitTests.dll" adapterTypeName="executor://mstestadapter/v2" className="VideoOS.Server.UnitTests.Licensing.LicenseRequestChannelTests" name="GenerateLicenseRequestAsXml_DeviceChannelCountInXml_OneLicenseCountWithModelNameOnWhitelist" />
    </UnitTest>
    <UnitTest name="Find_NonICPHardware_ThatIsInGrace_ExpectedToFindOneHardware" storage="d:\actions-runner\_work\xpco\xpco\corporate\videoos.server.unittests\bin\x64\debug\net472\videoos.server.unittests.dll" id="d3bfedf2-72e8-cff3-0316-cd925068f363">
      <Execution id="3d1a3b53-e3ad-41d7-af54-21c82815b84b" />
      <TestMethod codeBase="D:\actions-runner\_work\XPCO\XPCO\Corporate\VideoOS.Server.UnitTests\bin\x64\Debug\net472\VideoOS.Server.UnitTests.dll" adapterTypeName="executor://mstestadapter/v2" className="VideoOS.Server.UnitTests.Licensing.LicenseSnapshotTests" name="Find_NonICPHardware_ThatIsInGrace_ExpectedToFindOneHardware" />
    </UnitTest>
    <UnitTest name="HardwareInCWAOnWhiteList_ReplacedWithInheritance_HardwareNotOnWhiteList_NoMoreCWAAllowed_FewerChannelsOnReplacedHardware_NewDevicesInGrace" storage="d:\actions-runner\_work\xpco\xpco\corporate\videoos.server.unittests\bin\x64\debug\net472\videoos.server.unittests.dll" id="eb2612ac-8d6d-4d65-558d-64fe1b7124ea">
      <TestCategory>
        <TestCategoryItem TestCategory="Licensing Replace Hardware" />
        <TestCategoryItem TestCategory="Licensing" />
      </TestCategory>
      <Execution id="951f54ed-c057-4519-9fee-9ec575251fc8" />
      <TestMethod codeBase="D:\actions-runner\_work\XPCO\XPCO\Corporate\VideoOS.Server.UnitTests\bin\x64\Debug\net472\VideoOS.Server.UnitTests.dll" adapterTypeName="executor://mstestadapter/v2" className="VideoOS.Server.UnitTests.Licensing.LicenseAllocatorChannelTests" name="HardwareInCWAOnWhiteList_ReplacedWithInheritance_HardwareNotOnWhiteList_NoMoreCWAAllowed_FewerChannelsOnReplacedHardware_NewDevicesInGrace" />
    </UnitTest>
    <UnitTest name="ProcessConfigurationChangeTasks_InsertUpdateUpdate_Updates_Batched" storage="d:\actions-runner\_work\xpco\xpco\corporate\videoos.server.unittests\bin\x64\debug\net472\videoos.server.unittests.dll" id="77eb0b86-06ef-45b3-c214-4c40661ad61b">
      <Execution id="bc74657c-b79d-4770-b4fa-664e0d8deaec" />
      <TestMethod codeBase="D:\actions-runner\_work\XPCO\XPCO\Corporate\VideoOS.Server.UnitTests\bin\x64\Debug\net472\VideoOS.Server.UnitTests.dll" adapterTypeName="executor://mstestadapter/v2" className="VideoOS.Server.UnitTests.Tasks.ServerTaskBatchHandlerUnitTests" name="ProcessConfigurationChangeTasks_InsertUpdateUpdate_Updates_Batched" />
    </UnitTest>
    <UnitTest name="ExecuteMipAction2Command_ModelIsNull_BadRequestResult" storage="d:\actions-runner\_work\xpco\xpco\corporate\videoos.server.unittests\bin\x64\debug\net472\videoos.server.unittests.dll" id="1bcab4f7-cc1a-04c2-9e62-a8ca303cc7c3">
      <Execution id="4bdd8310-2126-4c3d-bd56-83b6155c4025" />
      <TestMethod codeBase="D:\actions-runner\_work\XPCO\XPCO\Corporate\VideoOS.Server.UnitTests\bin\x64\Debug\net472\VideoOS.Server.UnitTests.dll" adapterTypeName="executor://mstestadapter/v2" className="VideoOS.Server.UnitTests.RuleCommandsControllerTests" name="ExecuteMipAction2Command_ModelIsNull_BadRequestResult" />
    </UnitTest>
    <UnitTest name="HardwareScanTaskCommandHandler_Execute_RecorderUnavailable_FailResponse" storage="d:\actions-runner\_work\xpco\xpco\corporate\videoos.server.unittests\bin\x64\debug\net472\videoos.server.unittests.dll" id="698f55e3-ba67-c8d6-05d5-1077a48743c7">
      <Execution id="64be3e64-7e3b-4594-8146-8395b2a13e6f" />
      <TestMethod codeBase="D:\actions-runner\_work\XPCO\XPCO\Corporate\VideoOS.Server.UnitTests\bin\x64\Debug\net472\VideoOS.Server.UnitTests.dll" adapterTypeName="executor://mstestadapter/v2" className="VideoOS.Server.UnitTests.CommandHandler.HardwareScanTaskCommandHandlerTest" name="HardwareScanTaskCommandHandler_Execute_RecorderUnavailable_FailResponse" />
    </UnitTest>
    <UnitTest name="EvidenceLockUpdateScheduler_FullCheckTimerCallback_Issues_Command" storage="d:\actions-runner\_work\xpco\xpco\corporate\videoos.server.unittests\bin\x64\debug\net472\videoos.server.unittests.dll" id="219b580c-7496-f80c-c908-a3faae2d455d">
      <Execution id="6ba7075b-bbe7-43e0-b464-1d1ed3064dd4" />
      <TestMethod codeBase="D:\actions-runner\_work\XPCO\XPCO\Corporate\VideoOS.Server.UnitTests\bin\x64\Debug\net472\VideoOS.Server.UnitTests.dll" adapterTypeName="executor://mstestadapter/v2" className="VideoOS.Server.UnitTests.EvidenceLockUpdateSchedulerUnitTests" name="EvidenceLockUpdateScheduler_FullCheckTimerCallback_Issues_Command" />
    </UnitTest>
    <UnitTest name="EvidenceLockUpdateScheduler_Constructor_Null_ThrowsArgumentNullException" storage="d:\actions-runner\_work\xpco\xpco\corporate\videoos.server.unittests\bin\x64\debug\net472\videoos.server.unittests.dll" id="b2db2538-b072-4613-6c1f-0d2570bcfec3">
      <Execution id="e0dfa74f-a29a-48f3-93ca-6724ef646240" />
      <TestMethod codeBase="D:\actions-runner\_work\XPCO\XPCO\Corporate\VideoOS.Server.UnitTests\bin\x64\Debug\net472\VideoOS.Server.UnitTests.dll" adapterTypeName="executor://mstestadapter/v2" className="VideoOS.Server.UnitTests.EvidenceLockUpdateSchedulerUnitTests" name="EvidenceLockUpdateScheduler_Constructor_Null_ThrowsArgumentNullException" />
    </UnitTest>
    <UnitTest name="UpdateReadOnlySettings_ModelIsValid_CommandExecuted" storage="d:\actions-runner\_work\xpco\xpco\corporate\videoos.server.unittests\bin\x64\debug\net472\videoos.server.unittests.dll" id="4a7c2bdf-ce23-9336-545f-1fa2b8f89c3d">
      <Execution id="90247e44-3b40-49d3-9955-c6f41c11cb7f" />
      <TestMethod codeBase="D:\actions-runner\_work\XPCO\XPCO\Corporate\VideoOS.Server.UnitTests\bin\x64\Debug\net472\VideoOS.Server.UnitTests.dll" adapterTypeName="executor://mstestadapter/v2" className="VideoOS.Server.UnitTests.WebApi.Controllers.HardwareCommandsControllerTests" name="UpdateReadOnlySettings_ModelIsValid_CommandExecuted" />
    </UnitTest>
    <UnitTest name="HardwareActivatedNotOnWhiteList_ReplacedWith_HardwareNotOnWhiteList_NoCameraChannelsInCWA" storage="d:\actions-runner\_work\xpco\xpco\corporate\videoos.server.unittests\bin\x64\debug\net472\videoos.server.unittests.dll" id="df74db5f-c82f-c4c0-40a8-80b8e4dba499">
      <TestCategory>
        <TestCategoryItem TestCategory="Licensing Replace Hardware" />
        <TestCategoryItem TestCategory="Licensing" />
      </TestCategory>
      <Execution id="9acf711a-bca7-46ff-b1a9-803f1e13760a" />
      <TestMethod codeBase="D:\actions-runner\_work\XPCO\XPCO\Corporate\VideoOS.Server.UnitTests\bin\x64\Debug\net472\VideoOS.Server.UnitTests.dll" adapterTypeName="executor://mstestadapter/v2" className="VideoOS.Server.UnitTests.Licensing.LicenseAllocatorChannelTests" name="HardwareActivatedNotOnWhiteList_ReplacedWith_HardwareNotOnWhiteList_NoCameraChannelsInCWA" />
    </UnitTest>
    <UnitTest name="HardwareSetupErrorResponse_ModelIsNull_BadRequestResult" storage="d:\actions-runner\_work\xpco\xpco\corporate\videoos.server.unittests\bin\x64\debug\net472\videoos.server.unittests.dll" id="171856fa-1167-5209-7892-35844f4128ab">
      <Execution id="20c450f7-b147-4172-a259-64b03d7897c2" />
      <TestMethod codeBase="D:\actions-runner\_work\XPCO\XPCO\Corporate\VideoOS.Server.UnitTests\bin\x64\Debug\net472\VideoOS.Server.UnitTests.dll" adapterTypeName="executor://mstestadapter/v2" className="VideoOS.Server.UnitTests.WebApi.ResponseControllerTest" name="HardwareSetupErrorResponse_ModelIsNull_BadRequestResult" />
    </UnitTest>
    <UnitTest name="ReportManualRecordingStateCommand_ModelValid_RecorderNotFoundException_Handled" storage="d:\actions-runner\_work\xpco\xpco\corporate\videoos.server.unittests\bin\x64\debug\net472\videoos.server.unittests.dll" id="3bbcc241-05a1-26d1-f42f-481535a2e59b">
      <Execution id="72dc2d15-9695-45dc-a385-5e25cc94eb15" />
      <TestMethod codeBase="D:\actions-runner\_work\XPCO\XPCO\Corporate\VideoOS.Server.UnitTests\bin\x64\Debug\net472\VideoOS.Server.UnitTests.dll" adapterTypeName="executor://mstestadapter/v2" className="VideoOS.Server.UnitTests.DatabaseCommandsControllerTests" name="ReportManualRecordingStateCommand_ModelValid_RecorderNotFoundException_Handled" />
    </UnitTest>
    <UnitTest name="GetTotalReplacementLimit_ReturnsPercentageTimeNoCamerasRoundedDown_OnPercentageInTheMiddle" storage="d:\actions-runner\_work\xpco\xpco\corporate\videoos.server.unittests\bin\x64\debug\net472\videoos.server.unittests.dll" id="d42b2979-2947-eec2-a25c-a15c35e71fbb">
      <TestCategory>
        <TestCategoryItem TestCategory="ReplacementLimit" />
      </TestCategory>
      <Execution id="9c06ae7f-e776-47cd-821f-eb1bc2ee954e" />
      <TestMethod codeBase="D:\actions-runner\_work\XPCO\XPCO\Corporate\VideoOS.Server.UnitTests\bin\x64\Debug\net472\VideoOS.Server.UnitTests.dll" adapterTypeName="executor://mstestadapter/v2" className="VideoOS.Server.UnitTests.Licensing.ReplacementLimitTests" name="GetTotalReplacementLimit_ReturnsPercentageTimeNoCamerasRoundedDown_OnPercentageInTheMiddle" />
    </UnitTest>
    <UnitTest name="HardwareActivatedNotOnWhiteList_ReplacedWithInheritance_HardwareNotOnWhiteList_CWAAllowed_AllDevicesInCWA" storage="d:\actions-runner\_work\xpco\xpco\corporate\videoos.server.unittests\bin\x64\debug\net472\videoos.server.unittests.dll" id="f99a2604-91a6-b97b-4bbb-69bcf34588de">
      <TestCategory>
        <TestCategoryItem TestCategory="Licensing Replace Hardware" />
        <TestCategoryItem TestCategory="Licensing" />
      </TestCategory>
      <Execution id="cf569fc9-fc20-48d3-b98e-9efa2ed90540" />
      <TestMethod codeBase="D:\actions-runner\_work\XPCO\XPCO\Corporate\VideoOS.Server.UnitTests\bin\x64\Debug\net472\VideoOS.Server.UnitTests.dll" adapterTypeName="executor://mstestadapter/v2" className="VideoOS.Server.UnitTests.Licensing.LicenseAllocatorChannelTests" name="HardwareActivatedNotOnWhiteList_ReplacedWithInheritance_HardwareNotOnWhiteList_CWAAllowed_AllDevicesInCWA" />
    </UnitTest>
    <UnitTest name="Dispose_Disposing_DisposesIdpAdministrationClient" storage="d:\actions-runner\_work\xpco\xpco\corporate\videoos.server.unittests\bin\x64\debug\net472\videoos.server.unittests.dll" id="bb451fc7-c0fc-b71f-3b0d-45a13d1a772a">
      <Execution id="317354c8-4778-4daf-904b-5a2d9886b167" />
      <TestMethod codeBase="D:\actions-runner\_work\XPCO\XPCO\Corporate\VideoOS.Server.UnitTests\bin\x64\Debug\net472\VideoOS.Server.UnitTests.dll" adapterTypeName="executor://mstestadapter/v2" className="VideoOS.Server.UnitTests.Log.IdpLogRetrieverTests" name="Dispose_Disposing_DisposesIdpAdministrationClient" />
    </UnitTest>
    <UnitTest name="DeleteHardwareUserCommandHandler_Execute_ReturnsFailResponseOnEmptyRecorderServiceId" storage="d:\actions-runner\_work\xpco\xpco\corporate\videoos.server.unittests\bin\x64\debug\net472\videoos.server.unittests.dll" id="0041bc30-654c-1090-f6ad-03a3662d3113">
      <Execution id="7095a538-72c6-4fd3-9caf-b4f098f857cf" />
      <TestMethod codeBase="D:\actions-runner\_work\XPCO\XPCO\Corporate\VideoOS.Server.UnitTests\bin\x64\Debug\net472\VideoOS.Server.UnitTests.dll" adapterTypeName="executor://mstestadapter/v2" className="VideoOS.Server.UnitTests.CommandHandler.DeleteHardwareUserCommandHandlerServerTests" name="DeleteHardwareUserCommandHandler_Execute_ReturnsFailResponseOnEmptyRecorderServiceId" />
    </UnitTest>
    <UnitTest name="AnalyzeAndCreateAuditLogs_NoChanges_ReturnsNoLogs" storage="d:\actions-runner\_work\xpco\xpco\corporate\videoos.server.unittests\bin\x64\debug\net472\videoos.server.unittests.dll" id="ec76914c-b2be-738f-f4ff-541ff915f7d0">
      <Execution id="4350acd2-96b2-43f7-b09c-20fe84ce1a1f" />
      <TestMethod codeBase="D:\actions-runner\_work\XPCO\XPCO\Corporate\VideoOS.Server.UnitTests\bin\x64\Debug\net472\VideoOS.Server.UnitTests.dll" adapterTypeName="executor://mstestadapter/v2" className="VideoOS.Server.UnitTests.CommandHandler.DataSetAuditLogAnalyzerTests" name="AnalyzeAndCreateAuditLogs_NoChanges_ReturnsNoLogs" />
    </UnitTest>
    <UnitTest name="ChangeHardwarePasswordRuleAction_Execute_TwoRuns_NoErrorsLogged" storage="d:\actions-runner\_work\xpco\xpco\corporate\videoos.server.unittests\bin\x64\debug\net472\videoos.server.unittests.dll" id="aa95d3e0-9e62-a140-03a8-fd8c7afa3a9a">
      <Execution id="f09a0599-07d5-4857-8268-40a9ea7a56a6" />
      <TestMethod codeBase="D:\actions-runner\_work\XPCO\XPCO\Corporate\VideoOS.Server.UnitTests\bin\x64\Debug\net472\VideoOS.Server.UnitTests.dll" adapterTypeName="executor://mstestadapter/v2" className="VideoOS.Server.UnitTests.RuleActions.ChangeHardwarePasswordRuleActionUnitTests" name="ChangeHardwarePasswordRuleAction_Execute_TwoRuns_NoErrorsLogged" />
    </UnitTest>
    <UnitTest name="SessionDataManager_Remove_NullCheck" storage="d:\actions-runner\_work\xpco\xpco\corporate\videoos.server.unittests\bin\x64\debug\net472\videoos.server.unittests.dll" id="acb1ab8e-53d8-0188-b905-0ea66e54576d">
      <Execution id="0c9370e6-e4c8-442d-a7b0-de50b08fd592" />
      <TestMethod codeBase="D:\actions-runner\_work\XPCO\XPCO\Corporate\VideoOS.Server.UnitTests\bin\x64\Debug\net472\VideoOS.Server.UnitTests.dll" adapterTypeName="executor://mstestadapter/v2" className="VideoOS.Server.UnitTests.Tasks.SessionDataManagerTests" name="SessionDataManager_Remove_NullCheck" />
    </UnitTest>
    <UnitTest name="Validate_ClearChangesWithoutActivation_RemovesAllHardware" storage="d:\actions-runner\_work\xpco\xpco\corporate\videoos.server.unittests\bin\x64\debug\net472\videoos.server.unittests.dll" id="b410cf7e-70d6-adc4-66dc-3cf5e3125c63">
      <TestCategory>
        <TestCategoryItem TestCategory="Licensing" />
      </TestCategory>
      <Execution id="5d4f9568-e7eb-4961-ace5-0bd8043e7c88" />
      <TestMethod codeBase="D:\actions-runner\_work\XPCO\XPCO\Corporate\VideoOS.Server.UnitTests\bin\x64\Debug\net472\VideoOS.Server.UnitTests.dll" adapterTypeName="executor://mstestadapter/v2" className="VideoOS.Server.UnitTests.Licensing.LicenseCountManagerUnitTests" name="Validate_ClearChangesWithoutActivation_RemovesAllHardware" />
    </UnitTest>
    <UnitTest name="PrepareMoveHardwareResponse_ModelIsValid_CommandExecuted" storage="d:\actions-runner\_work\xpco\xpco\corporate\videoos.server.unittests\bin\x64\debug\net472\videoos.server.unittests.dll" id="c199b950-0fe6-f2e5-8d0f-5590a7fb8eef">
      <Execution id="1479917d-6307-444f-8a1c-8e1aafb61179" />
      <TestMethod codeBase="D:\actions-runner\_work\XPCO\XPCO\Corporate\VideoOS.Server.UnitTests\bin\x64\Debug\net472\VideoOS.Server.UnitTests.dll" adapterTypeName="executor://mstestadapter/v2" className="VideoOS.Server.UnitTests.WebApi.ResponseControllerTest" name="PrepareMoveHardwareResponse_ModelIsValid_CommandExecuted" />
    </UnitTest>
    <UnitTest name="HardwareScanExpressTaskCommandHandler_Execute_TaskProgress" storage="d:\actions-runner\_work\xpco\xpco\corporate\videoos.server.unittests\bin\x64\debug\net472\videoos.server.unittests.dll" id="84086de1-0de3-51f6-6e64-d0bd856fd624">
      <Execution id="0b06aa8c-55d7-457d-b444-bc8b4e099560" />
      <TestMethod codeBase="D:\actions-runner\_work\XPCO\XPCO\Corporate\VideoOS.Server.UnitTests\bin\x64\Debug\net472\VideoOS.Server.UnitTests.dll" adapterTypeName="executor://mstestadapter/v2" className="VideoOS.Server.UnitTests.CommandHandler.HardwareScanExpressTaskCommandHandlerTest" name="HardwareScanExpressTaskCommandHandler_Execute_TaskProgress" />
    </UnitTest>
    <UnitTest name="AnalyzeAndCreateAuditLogs_AddedSecurityPermissionsDeviceRowWithDEVICEPTZPRIORITYAtrribute_ReturnsTwoAuditLog" storage="d:\actions-runner\_work\xpco\xpco\corporate\videoos.server.unittests\bin\x64\debug\net472\videoos.server.unittests.dll" id="026aa8ec-95c1-a014-58a4-949aa82d868a">
      <Execution id="fd7ba071-ce9d-473d-a5ac-5919100f90ab" />
      <TestMethod codeBase="D:\actions-runner\_work\XPCO\XPCO\Corporate\VideoOS.Server.UnitTests\bin\x64\Debug\net472\VideoOS.Server.UnitTests.dll" adapterTypeName="executor://mstestadapter/v2" className="VideoOS.Server.UnitTests.CommandHandler.DataSetAuditLogAnalyzerTests" name="AnalyzeAndCreateAuditLogs_AddedSecurityPermissionsDeviceRowWithDEVICEPTZPRIORITYAtrribute_ReturnsTwoAuditLog" />
    </UnitTest>
    <UnitTest name="ChangeIdpAdminTaskCommandHandlerTests_Execute_Remove_Succeeded" storage="d:\actions-runner\_work\xpco\xpco\corporate\videoos.server.unittests\bin\x64\debug\net472\videoos.server.unittests.dll" id="c0f145c0-e6f0-d20f-96c8-75e1892a7c37">
      <Execution id="308d3700-8e35-430f-b060-98ca75036fa2" />
      <TestMethod codeBase="D:\actions-runner\_work\XPCO\XPCO\Corporate\VideoOS.Server.UnitTests\bin\x64\Debug\net472\VideoOS.Server.UnitTests.dll" adapterTypeName="executor://mstestadapter/v2" className="VideoOS.Server.UnitTests.CommandHandler.ChangeIdpAdminTaskCommandHandlerTests" name="ChangeIdpAdminTaskCommandHandlerTests_Execute_Remove_Succeeded" />
    </UnitTest>
    <UnitTest name="TaskHandling_InternalUpdateReparingTasks_TaskStartTimeNoMatch_ReplaceTask" storage="d:\actions-runner\_work\xpco\xpco\corporate\videoos.server.unittests\bin\x64\debug\net472\videoos.server.unittests.dll" id="58ce9239-f749-5400-4d5d-9d2b044bbae5">
      <Execution id="906437df-195f-493f-9414-7a3fb05c87c5" />
      <TestMethod codeBase="D:\actions-runner\_work\XPCO\XPCO\Corporate\VideoOS.Server.UnitTests\bin\x64\Debug\net472\VideoOS.Server.UnitTests.dll" adapterTypeName="executor://mstestadapter/v2" className="VideoOS.Server.UnitTests.Tasks.TaskHandlingUnitTests" name="TaskHandling_InternalUpdateReparingTasks_TaskStartTimeNoMatch_ReplaceTask" />
    </UnitTest>
    <UnitTest name="CalculateFeeds_Success_EmptyWhiteList_Interconnected_TwoDevices" storage="d:\actions-runner\_work\xpco\xpco\corporate\videoos.server.unittests\bin\x64\debug\net472\videoos.server.unittests.dll" id="a25814f3-d627-807b-5776-fa66c12c734e">
      <TestCategory>
        <TestCategoryItem TestCategory="Licensing" />
      </TestCategory>
      <Execution id="4b7d46d3-15bc-4a91-86d0-bd5c1a67146a" />
      <TestMethod codeBase="D:\actions-runner\_work\XPCO\XPCO\Corporate\VideoOS.Server.UnitTests\bin\x64\Debug\net472\VideoOS.Server.UnitTests.dll" adapterTypeName="executor://mstestadapter/v2" className="VideoOS.Server.UnitTests.Licensing.LicenseRequestChannelTests" name="CalculateFeeds_Success_EmptyWhiteList_Interconnected_TwoDevices" />
    </UnitTest>
    <UnitTest name="Ctor_SequencesComponentNull_ThrowsArgumentNullException" storage="d:\actions-runner\_work\xpco\xpco\corporate\videoos.server.unittests\bin\x64\debug\net472\videoos.server.unittests.dll" id="37fce9a1-160d-3d00-91df-c36cdcd7b891">
      <Execution id="8b8c6498-9a82-4b05-b277-dfe9c106db7e" />
      <TestMethod codeBase="D:\actions-runner\_work\XPCO\XPCO\Corporate\VideoOS.Server.UnitTests\bin\x64\Debug\net472\VideoOS.Server.UnitTests.dll" adapterTypeName="executor://mstestadapter/v2" className="VideoOS.Server.UnitTests.Log.IdpLogRetrieverTests" name="Ctor_SequencesComponentNull_ThrowsArgumentNullException" />
    </UnitTest>
    <UnitTest name="Simulate_ActivatedICPHardware_VariousDevices_DisableAndEnable_CountsCorrectly_AllocatesCorrectRecorderLicenseType" storage="d:\actions-runner\_work\xpco\xpco\corporate\videoos.server.unittests\bin\x64\debug\net472\videoos.server.unittests.dll" id="235a6a97-15ca-0bdb-be3c-2d790318c044">
      <TestCategory>
        <TestCategoryItem TestCategory="Licensing" />
      </TestCategory>
      <Execution id="f019d172-0b4c-434c-b2d8-208334292324" />
      <TestMethod codeBase="D:\actions-runner\_work\XPCO\XPCO\Corporate\VideoOS.Server.UnitTests\bin\x64\Debug\net472\VideoOS.Server.UnitTests.dll" adapterTypeName="executor://mstestadapter/v2" className="VideoOS.Server.UnitTests.Licensing.LicenseAllocatorChannelTests" name="Simulate_ActivatedICPHardware_VariousDevices_DisableAndEnable_CountsCorrectly_AllocatesCorrectRecorderLicenseType" />
    </UnitTest>
    <UnitTest name="HardwareInGraceNotOnWhiteList_ReplacedWith_HardwareNotOnWhiteList_NoDevicesOnNewHardware_ShouldGiveHardwareNewGracePeriod" storage="d:\actions-runner\_work\xpco\xpco\corporate\videoos.server.unittests\bin\x64\debug\net472\videoos.server.unittests.dll" id="4240e0a8-d309-dd29-49d4-e57d0f8aff14">
      <TestCategory>
        <TestCategoryItem TestCategory="Licensing Replace Hardware" />
        <TestCategoryItem TestCategory="Licensing" />
      </TestCategory>
      <Execution id="4f61a561-61c8-4251-a668-6b886990e659" />
      <TestMethod codeBase="D:\actions-runner\_work\XPCO\XPCO\Corporate\VideoOS.Server.UnitTests\bin\x64\Debug\net472\VideoOS.Server.UnitTests.dll" adapterTypeName="executor://mstestadapter/v2" className="VideoOS.Server.UnitTests.Licensing.LicenseAllocatorChannelTests" name="HardwareInGraceNotOnWhiteList_ReplacedWith_HardwareNotOnWhiteList_NoDevicesOnNewHardware_ShouldGiveHardwareNewGracePeriod" />
    </UnitTest>
    <UnitTest name="CheckConfigurationDataSetTest_BookmarkNotLicensedFail" storage="d:\actions-runner\_work\xpco\xpco\corporate\videoos.server.unittests\bin\x64\debug\net472\videoos.server.unittests.dll" id="c3beedb4-5102-026d-a724-891c471d87e4">
      <Execution id="dbdbc9bc-e823-42fb-94a9-4875385058c4" />
      <TestMethod codeBase="D:\actions-runner\_work\XPCO\XPCO\Corporate\VideoOS.Server.UnitTests\bin\x64\Debug\net472\VideoOS.Server.UnitTests.dll" adapterTypeName="executor://mstestadapter/v2" className="VideoOS.Server.UnitTests.Licensing.LicenseFeatureCheckerTest" name="CheckConfigurationDataSetTest_BookmarkNotLicensedFail" />
    </UnitTest>
    <UnitTest name="RegisterSessionFailedResponse_ModelIsNull_BadRequestResult" storage="d:\actions-runner\_work\xpco\xpco\corporate\videoos.server.unittests\bin\x64\debug\net472\videoos.server.unittests.dll" id="2d82bace-d18b-8cb6-ec46-f30189d0e969">
      <Execution id="aeee43bd-829e-4928-8901-1a80a15def84" />
      <TestMethod codeBase="D:\actions-runner\_work\XPCO\XPCO\Corporate\VideoOS.Server.UnitTests\bin\x64\Debug\net472\VideoOS.Server.UnitTests.dll" adapterTypeName="executor://mstestadapter/v2" className="VideoOS.Server.UnitTests.WebApi.ResponseControllerTest" name="RegisterSessionFailedResponse_ModelIsNull_BadRequestResult" />
    </UnitTest>
    <UnitTest name="HardwareInCWAOnWhiteList_ReplacedWithNoInheritance_HardwareOnWhiteList_MixedCWAAllowed_NewHardwareInCWA" storage="d:\actions-runner\_work\xpco\xpco\corporate\videoos.server.unittests\bin\x64\debug\net472\videoos.server.unittests.dll" id="12463717-fdb4-887f-a3c5-92afa97914e4">
      <TestCategory>
        <TestCategoryItem TestCategory="Licensing Replace Hardware" />
        <TestCategoryItem TestCategory="Licensing" />
      </TestCategory>
      <Execution id="404d8284-df47-4655-ad32-c3bb059e9cee" />
      <TestMethod codeBase="D:\actions-runner\_work\XPCO\XPCO\Corporate\VideoOS.Server.UnitTests\bin\x64\Debug\net472\VideoOS.Server.UnitTests.dll" adapterTypeName="executor://mstestadapter/v2" className="VideoOS.Server.UnitTests.Licensing.LicenseAllocatorChannelTests" name="HardwareInCWAOnWhiteList_ReplacedWithNoInheritance_HardwareOnWhiteList_MixedCWAAllowed_NewHardwareInCWA" />
    </UnitTest>
    <UnitTest name="ProcessConfigurationChangeTasks_UpdateUpdateInsert_Updates_Batched" storage="d:\actions-runner\_work\xpco\xpco\corporate\videoos.server.unittests\bin\x64\debug\net472\videoos.server.unittests.dll" id="7978f97c-bec6-8028-3064-2cf03c413372">
      <Execution id="f757fa73-c3c4-43f6-85ed-a8637aca89e3" />
      <TestMethod codeBase="D:\actions-runner\_work\XPCO\XPCO\Corporate\VideoOS.Server.UnitTests\bin\x64\Debug\net472\VideoOS.Server.UnitTests.dll" adapterTypeName="executor://mstestadapter/v2" className="VideoOS.Server.UnitTests.Tasks.ServerTaskBatchHandlerUnitTests" name="ProcessConfigurationChangeTasks_UpdateUpdateInsert_Updates_Batched" />
    </UnitTest>
    <UnitTest name="Start_IdpClientReturnsOneLog_LogReceiverIsPassedConvertedLog" storage="d:\actions-runner\_work\xpco\xpco\corporate\videoos.server.unittests\bin\x64\debug\net472\videoos.server.unittests.dll" id="cef0612a-25e2-591d-1be7-84900295fc1b">
      <Execution id="6ee2655e-bc01-4f8e-853d-c65e43531d5c" />
      <TestMethod codeBase="D:\actions-runner\_work\XPCO\XPCO\Corporate\VideoOS.Server.UnitTests\bin\x64\Debug\net472\VideoOS.Server.UnitTests.dll" adapterTypeName="executor://mstestadapter/v2" className="VideoOS.Server.UnitTests.Log.IdpLogRetrieverTests" name="Start_IdpClientReturnsOneLog_LogReceiverIsPassedConvertedLog" />
    </UnitTest>
    <UnitTest name="LicenseInformation_ToXml_FromXml_Success" storage="d:\actions-runner\_work\xpco\xpco\corporate\videoos.server.unittests\bin\x64\debug\net472\videoos.server.unittests.dll" id="3fde29d6-b00e-e198-01ad-3fbbe5dfc2fd">
      <TestCategory>
        <TestCategoryItem TestCategory="Licensing" />
      </TestCategory>
      <Execution id="f57556e5-1244-4168-a726-52105aa83d6f" />
      <TestMethod codeBase="D:\actions-runner\_work\XPCO\XPCO\Corporate\VideoOS.Server.UnitTests\bin\x64\Debug\net472\VideoOS.Server.UnitTests.dll" adapterTypeName="executor://mstestadapter/v2" className="VideoOS.Server.UnitTests.Licensing.LicenseInformationUnitTests" name="LicenseInformation_ToXml_FromXml_Success" />
    </UnitTest>
    <UnitTest name="QueueAutomaticActivation_QueuesNewActivation_OnFirstCall" storage="d:\actions-runner\_work\xpco\xpco\corporate\videoos.server.unittests\bin\x64\debug\net472\videoos.server.unittests.dll" id="4e49a046-f54e-4cc2-9d84-c8faf2cba8c3">
      <TestCategory>
        <TestCategoryItem TestCategory="Licensing" />
      </TestCategory>
      <Execution id="7a0d9263-e845-40ad-9b7a-d9e2949a0bb9" />
      <TestMethod codeBase="D:\actions-runner\_work\XPCO\XPCO\Corporate\VideoOS.Server.UnitTests\bin\x64\Debug\net472\VideoOS.Server.UnitTests.dll" adapterTypeName="executor://mstestadapter/v2" className="VideoOS.Server.UnitTests.Licensing.ActivationManagerTests" name="QueueAutomaticActivation_QueuesNewActivation_OnFirstCall" />
    </UnitTest>
    <UnitTest name="HardwareInCWANotOnWhiteList_ReplacedWithInheritance_HardwareOnWhiteList_MixedCWAAllowed_FewerChannelsOnReplacedHardware_NewHardwareInCWA" storage="d:\actions-runner\_work\xpco\xpco\corporate\videoos.server.unittests\bin\x64\debug\net472\videoos.server.unittests.dll" id="4cd1c953-231e-2691-b4f4-0d9328a3e68b">
      <TestCategory>
        <TestCategoryItem TestCategory="Licensing Replace Hardware" />
        <TestCategoryItem TestCategory="Licensing" />
      </TestCategory>
      <Execution id="659d7699-6016-477b-9fe0-1143bd886685" />
      <TestMethod codeBase="D:\actions-runner\_work\XPCO\XPCO\Corporate\VideoOS.Server.UnitTests\bin\x64\Debug\net472\VideoOS.Server.UnitTests.dll" adapterTypeName="executor://mstestadapter/v2" className="VideoOS.Server.UnitTests.Licensing.LicenseAllocatorChannelTests" name="HardwareInCWANotOnWhiteList_ReplacedWithInheritance_HardwareOnWhiteList_MixedCWAAllowed_FewerChannelsOnReplacedHardware_NewHardwareInCWA" />
    </UnitTest>
    <UnitTest name="AllocateLicensesNotActivated_OneHardware_NoCameras_SeveralNoneCameraDevices_ValidateNoneCameraDevicesAreLicensed" storage="d:\actions-runner\_work\xpco\xpco\corporate\videoos.server.unittests\bin\x64\debug\net472\videoos.server.unittests.dll" id="be147743-35c1-2ea8-f068-c82e7606ada6">
      <TestCategory>
        <TestCategoryItem TestCategory="Licensing" />
      </TestCategory>
      <Execution id="29235123-f1aa-4d73-91c0-2d9812b00fed" />
      <TestMethod codeBase="D:\actions-runner\_work\XPCO\XPCO\Corporate\VideoOS.Server.UnitTests\bin\x64\Debug\net472\VideoOS.Server.UnitTests.dll" adapterTypeName="executor://mstestadapter/v2" className="VideoOS.Server.UnitTests.Licensing.LicenseAllocatorChannelTests" name="AllocateLicensesNotActivated_OneHardware_NoCameras_SeveralNoneCameraDevices_ValidateNoneCameraDevicesAreLicensed" />
    </UnitTest>
    <UnitTest name="SetRecorderSpecificConfiguration_ModelIsValid_RecorderNotFoundException" storage="d:\actions-runner\_work\xpco\xpco\corporate\videoos.server.unittests\bin\x64\debug\net472\videoos.server.unittests.dll" id="e6811246-bbd2-f90b-6c77-9e70a20e3b20">
      <Execution id="45482b62-5994-4961-8df3-03446a034995" />
      <TestMethod codeBase="D:\actions-runner\_work\XPCO\XPCO\Corporate\VideoOS.Server.UnitTests\bin\x64\Debug\net472\VideoOS.Server.UnitTests.dll" adapterTypeName="executor://mstestadapter/v2" className="VideoOS.Server.UnitTests.ConfigurationControllerTests" name="SetRecorderSpecificConfiguration_ModelIsValid_RecorderNotFoundException" />
    </UnitTest>
    <UnitTest name="BoolResponse_ModelIsNull_BadRequestResult" storage="d:\actions-runner\_work\xpco\xpco\corporate\videoos.server.unittests\bin\x64\debug\net472\videoos.server.unittests.dll" id="fdcc216e-d89b-62a4-e23b-448ff274816d">
      <Execution id="e8165365-ba1c-449b-ab90-43685937eae3" />
      <TestMethod codeBase="D:\actions-runner\_work\XPCO\XPCO\Corporate\VideoOS.Server.UnitTests\bin\x64\Debug\net472\VideoOS.Server.UnitTests.dll" adapterTypeName="executor://mstestadapter/v2" className="VideoOS.Server.UnitTests.WebApi.ResponseControllerTest" name="BoolResponse_ModelIsNull_BadRequestResult" />
    </UnitTest>
    <UnitTest name="HardwareScanExpressTaskCommandHandler_Execute_UnknownError_FailResponse" storage="d:\actions-runner\_work\xpco\xpco\corporate\videoos.server.unittests\bin\x64\debug\net472\videoos.server.unittests.dll" id="28e7a5d1-8f44-1572-7795-74ddeb231fc9">
      <Execution id="36c298a5-ec21-4c87-8dbb-ba4f5d87a343" />
      <TestMethod codeBase="D:\actions-runner\_work\XPCO\XPCO\Corporate\VideoOS.Server.UnitTests\bin\x64\Debug\net472\VideoOS.Server.UnitTests.dll" adapterTypeName="executor://mstestadapter/v2" className="VideoOS.Server.UnitTests.CommandHandler.HardwareScanExpressTaskCommandHandlerTest" name="HardwareScanExpressTaskCommandHandler_Execute_UnknownError_FailResponse" />
    </UnitTest>
    <UnitTest name="ServerAccessTokenHandler_Constructor_Success" storage="d:\actions-runner\_work\xpco\xpco\corporate\videoos.server.unittests\bin\x64\debug\net472\videoos.server.unittests.dll" id="082500b4-bdc0-a1fc-952f-ab967f4ac76b">
      <Execution id="04fa6a6c-8568-4521-83c7-af7f03466c18" />
      <TestMethod codeBase="D:\actions-runner\_work\XPCO\XPCO\Corporate\VideoOS.Server.UnitTests\bin\x64\Debug\net472\VideoOS.Server.UnitTests.dll" adapterTypeName="executor://mstestadapter/v2" className="VideoOS.Server.UnitTests.RecorderCommunication.ServerAccessTokenHandlerTests" name="ServerAccessTokenHandler_Constructor_Success" />
    </UnitTest>
    <UnitTest name="FindHardware_NotFound_ReturnsNull" storage="d:\actions-runner\_work\xpco\xpco\corporate\videoos.server.unittests\bin\x64\debug\net472\videoos.server.unittests.dll" id="137f7129-a121-b8c6-63af-0ff5fb4648d0">
      <Execution id="d9150c42-331c-4725-99e4-a74b87d151e3" />
      <TestMethod codeBase="D:\actions-runner\_work\XPCO\XPCO\Corporate\VideoOS.Server.UnitTests\bin\x64\Debug\net472\VideoOS.Server.UnitTests.dll" adapterTypeName="executor://mstestadapter/v2" className="VideoOS.Server.UnitTests.Licensing.LicenseSnapshotTests" name="FindHardware_NotFound_ReturnsNull" />
    </UnitTest>
    <UnitTest name="AddUnlicensedHardware_AddSecondHardwareWidthSameUniqueIdentifier_ReturnsFalse" storage="d:\actions-runner\_work\xpco\xpco\corporate\videoos.server.unittests\bin\x64\debug\net472\videoos.server.unittests.dll" id="2349410a-abdb-fe9c-5151-7ed18679823d">
      <Execution id="5d0a8fa8-2ceb-48d8-8e30-029a3f731887" />
      <TestMethod codeBase="D:\actions-runner\_work\XPCO\XPCO\Corporate\VideoOS.Server.UnitTests\bin\x64\Debug\net472\VideoOS.Server.UnitTests.dll" adapterTypeName="executor://mstestadapter/v2" className="VideoOS.Server.UnitTests.Licensing.LicenseSnapshotTests" name="AddUnlicensedHardware_AddSecondHardwareWidthSameUniqueIdentifier_ReturnsFalse" />
    </UnitTest>
    <UnitTest name="ChangeHardwarePasswordTaskCommandHandler_Execute_Failed_UsernameNotRecognized_Response" storage="d:\actions-runner\_work\xpco\xpco\corporate\videoos.server.unittests\bin\x64\debug\net472\videoos.server.unittests.dll" id="91fac899-235a-f12a-eec2-dd1a82abcb82">
      <Execution id="2b929645-e905-4493-b00c-28cfea23b5da" />
      <TestMethod codeBase="D:\actions-runner\_work\XPCO\XPCO\Corporate\VideoOS.Server.UnitTests\bin\x64\Debug\net472\VideoOS.Server.UnitTests.dll" adapterTypeName="executor://mstestadapter/v2" className="VideoOS.Server.UnitTests.CommandHandler.ChangeHardwarePasswordTaskCommandHandlerTests" name="ChangeHardwarePasswordTaskCommandHandler_Execute_Failed_UsernameNotRecognized_Response" />
    </UnitTest>
    <UnitTest name="Simulate_CWA_TreatedAsLicensedAfterOneYear_Whitelisted" storage="d:\actions-runner\_work\xpco\xpco\corporate\videoos.server.unittests\bin\x64\debug\net472\videoos.server.unittests.dll" id="2f585eda-a8b0-9e5a-ae46-f446f35708ae">
      <TestCategory>
        <TestCategoryItem TestCategory="Licensing" />
      </TestCategory>
      <Execution id="a81623f3-e6e5-4675-a4d8-fff53d0ffcb5" />
      <TestMethod codeBase="D:\actions-runner\_work\XPCO\XPCO\Corporate\VideoOS.Server.UnitTests\bin\x64\Debug\net472\VideoOS.Server.UnitTests.dll" adapterTypeName="executor://mstestadapter/v2" className="VideoOS.Server.UnitTests.Licensing.LicenseAllocatorChannelTests" name="Simulate_CWA_TreatedAsLicensedAfterOneYear_Whitelisted" />
    </UnitTest>
    <UnitTest name="DeleteHardwareUserCommandHandler_Constructor_ThrowsIfParameterNull" storage="d:\actions-runner\_work\xpco\xpco\corporate\videoos.server.unittests\bin\x64\debug\net472\videoos.server.unittests.dll" id="9bcd0202-63b0-a2b2-3000-3588e2a360cd">
      <Execution id="a33c89f3-2acf-4b34-9cc4-129c6b1f3a1d" />
      <TestMethod codeBase="D:\actions-runner\_work\XPCO\XPCO\Corporate\VideoOS.Server.UnitTests\bin\x64\Debug\net472\VideoOS.Server.UnitTests.dll" adapterTypeName="executor://mstestadapter/v2" className="VideoOS.Server.UnitTests.CommandHandler.DeleteHardwareUserCommandHandlerServerTests" name="DeleteHardwareUserCommandHandler_Constructor_ThrowsIfParameterNull" />
    </UnitTest>
    <UnitTest name="UpdateHardwareTaskCommandHandler_Apply_Failed_Tests" storage="d:\actions-runner\_work\xpco\xpco\corporate\videoos.server.unittests\bin\x64\debug\net472\videoos.server.unittests.dll" id="6779f825-7903-f68a-18b1-ecfca5ffef18">
      <Execution id="73637752-e88a-42fb-afb1-a7712389614c" />
      <TestMethod codeBase="D:\actions-runner\_work\XPCO\XPCO\Corporate\VideoOS.Server.UnitTests\bin\x64\Debug\net472\VideoOS.Server.UnitTests.dll" adapterTypeName="executor://mstestadapter/v2" className="VideoOS.Server.UnitTests.CommandHandler.UpdateHardwareTaskHandlerTests" name="UpdateHardwareTaskCommandHandler_Apply_Failed_Tests" />
    </UnitTest>
    <UnitTest name="Validate_ClearChangesWithoutActivation_RemovesSomeHardware" storage="d:\actions-runner\_work\xpco\xpco\corporate\videoos.server.unittests\bin\x64\debug\net472\videoos.server.unittests.dll" id="7729d5d0-1314-1bd1-f55e-14d5357f2ccc">
      <TestCategory>
        <TestCategoryItem TestCategory="Licensing" />
      </TestCategory>
      <Execution id="ecaeb8c0-111a-4e34-8b2a-e0ff5687f7da" />
      <TestMethod codeBase="D:\actions-runner\_work\XPCO\XPCO\Corporate\VideoOS.Server.UnitTests\bin\x64\Debug\net472\VideoOS.Server.UnitTests.dll" adapterTypeName="executor://mstestadapter/v2" className="VideoOS.Server.UnitTests.Licensing.LicenseCountManagerUnitTests" name="Validate_ClearChangesWithoutActivation_RemovesSomeHardware" />
    </UnitTest>
    <UnitTest name="HardwareInCWAOnWhiteList_ReplacedWithInheritance_HardwareNotOnWhiteList_MixedCWAAllowed_SomeDevicesInCWA" storage="d:\actions-runner\_work\xpco\xpco\corporate\videoos.server.unittests\bin\x64\debug\net472\videoos.server.unittests.dll" id="4b21a2a3-9433-2fec-0393-54f4c14ecdca">
      <TestCategory>
        <TestCategoryItem TestCategory="Licensing Replace Hardware" />
        <TestCategoryItem TestCategory="Licensing" />
      </TestCategory>
      <Execution id="f9b13ac8-b6c2-4f28-9529-070a4d2d2f35" />
      <TestMethod codeBase="D:\actions-runner\_work\XPCO\XPCO\Corporate\VideoOS.Server.UnitTests\bin\x64\Debug\net472\VideoOS.Server.UnitTests.dll" adapterTypeName="executor://mstestadapter/v2" className="VideoOS.Server.UnitTests.Licensing.LicenseAllocatorChannelTests" name="HardwareInCWAOnWhiteList_ReplacedWithInheritance_HardwareNotOnWhiteList_MixedCWAAllowed_SomeDevicesInCWA" />
    </UnitTest>
    <UnitTest name="ChangeHardwarePasswordTaskCommandHandler_Constructor_Arguments_Null_Throws" storage="d:\actions-runner\_work\xpco\xpco\corporate\videoos.server.unittests\bin\x64\debug\net472\videoos.server.unittests.dll" id="0f51215b-b683-7829-13ff-5f31881b44ee">
      <Execution id="7e410182-18f5-4802-93b3-62a86e1d3fde" />
      <TestMethod codeBase="D:\actions-runner\_work\XPCO\XPCO\Corporate\VideoOS.Server.UnitTests\bin\x64\Debug\net472\VideoOS.Server.UnitTests.dll" adapterTypeName="executor://mstestadapter/v2" className="VideoOS.Server.UnitTests.CommandHandler.ChangeHardwarePasswordTaskCommandHandlerTests" name="ChangeHardwarePasswordTaskCommandHandler_Constructor_Arguments_Null_Throws" />
    </UnitTest>
    <UnitTest name="ServerAccessTokenHandler_Constructor_ThrowArgumentNullExceptionIServerTokenCache" storage="d:\actions-runner\_work\xpco\xpco\corporate\videoos.server.unittests\bin\x64\debug\net472\videoos.server.unittests.dll" id="1c6fbf34-078f-c6b0-be70-94e64ecd6198">
      <Execution id="359d5fea-a00b-4de6-aea3-e90d749a5bc7" />
      <TestMethod codeBase="D:\actions-runner\_work\XPCO\XPCO\Corporate\VideoOS.Server.UnitTests\bin\x64\Debug\net472\VideoOS.Server.UnitTests.dll" adapterTypeName="executor://mstestadapter/v2" className="VideoOS.Server.UnitTests.RecorderCommunication.ServerAccessTokenHandlerTests" name="ServerAccessTokenHandler_Constructor_ThrowArgumentNullExceptionIServerTokenCache" />
    </UnitTest>
    <UnitTest name="ActivationManager_Constructor" storage="d:\actions-runner\_work\xpco\xpco\corporate\videoos.server.unittests\bin\x64\debug\net472\videoos.server.unittests.dll" id="d45b7a6a-e638-9ef4-fad5-13e60d2dee28">
      <TestCategory>
        <TestCategoryItem TestCategory="Licensing" />
      </TestCategory>
      <Execution id="91e46639-fffb-46d6-a2ee-0861ce20f452" />
      <TestMethod codeBase="D:\actions-runner\_work\XPCO\XPCO\Corporate\VideoOS.Server.UnitTests\bin\x64\Debug\net472\VideoOS.Server.UnitTests.dll" adapterTypeName="executor://mstestadapter/v2" className="VideoOS.Server.UnitTests.Licensing.ActivationManagerTests" name="ActivationManager_Constructor" />
    </UnitTest>
    <UnitTest name="DatabaseResponseDiskUsage_ModelIsValid_CommandExecuted" storage="d:\actions-runner\_work\xpco\xpco\corporate\videoos.server.unittests\bin\x64\debug\net472\videoos.server.unittests.dll" id="e2e26a96-b5b4-c2f5-694e-a95e51839bfb">
      <Execution id="3e43c7f4-1144-420a-88b6-7b5ee9608924" />
      <TestMethod codeBase="D:\actions-runner\_work\XPCO\XPCO\Corporate\VideoOS.Server.UnitTests\bin\x64\Debug\net472\VideoOS.Server.UnitTests.dll" adapterTypeName="executor://mstestadapter/v2" className="VideoOS.Server.UnitTests.WebApi.ResponseControllerTest" name="DatabaseResponseDiskUsage_ModelIsValid_CommandExecuted" />
    </UnitTest>
    <UnitTest name="CheckConfigurationDataSet_AAC_Hardware_WithAACSetting_NotLicensed_Throws_ServerServiceException" storage="d:\actions-runner\_work\xpco\xpco\corporate\videoos.server.unittests\bin\x64\debug\net472\videoos.server.unittests.dll" id="aa431777-e753-d54c-edf8-7d73ed839e8e">
      <Execution id="beb5108f-7c0a-4086-8687-deffd714a001" />
      <TestMethod codeBase="D:\actions-runner\_work\XPCO\XPCO\Corporate\VideoOS.Server.UnitTests\bin\x64\Debug\net472\VideoOS.Server.UnitTests.dll" adapterTypeName="executor://mstestadapter/v2" className="VideoOS.Server.UnitTests.Licensing.LicenseFeatureCheckerTest" name="CheckConfigurationDataSet_AAC_Hardware_WithAACSetting_NotLicensed_Throws_ServerServiceException" />
    </UnitTest>
    <UnitTest name="NextActivation_IsDateTimeMin_OnNoActivationQueued" storage="d:\actions-runner\_work\xpco\xpco\corporate\videoos.server.unittests\bin\x64\debug\net472\videoos.server.unittests.dll" id="a567eb44-b9b3-10da-64f7-98055ff68c28">
      <TestCategory>
        <TestCategoryItem TestCategory="Licensing" />
      </TestCategory>
      <Execution id="c58d9ca2-dbf6-46a6-b93f-f3e80f53d19a" />
      <TestMethod codeBase="D:\actions-runner\_work\XPCO\XPCO\Corporate\VideoOS.Server.UnitTests\bin\x64\Debug\net472\VideoOS.Server.UnitTests.dll" adapterTypeName="executor://mstestadapter/v2" className="VideoOS.Server.UnitTests.Licensing.ActivationManagerTests" name="NextActivation_IsDateTimeMin_OnNoActivationQueued" />
    </UnitTest>
    <UnitTest name="AnalyzeAndCreateAuditLogs_ModifiedSecurityPermissionsRowFromProfileNameToAlways_ReturnsOneAuditLog" storage="d:\actions-runner\_work\xpco\xpco\corporate\videoos.server.unittests\bin\x64\debug\net472\videoos.server.unittests.dll" id="7ceb6397-bf04-45ba-93d8-edc85c11f6bd">
      <Execution id="aadf0830-7c83-4a4a-9eb3-2959bc5e84ca" />
      <TestMethod codeBase="D:\actions-runner\_work\XPCO\XPCO\Corporate\VideoOS.Server.UnitTests\bin\x64\Debug\net472\VideoOS.Server.UnitTests.dll" adapterTypeName="executor://mstestadapter/v2" className="VideoOS.Server.UnitTests.CommandHandler.DataSetAuditLogAnalyzerTests" name="AnalyzeAndCreateAuditLogs_ModifiedSecurityPermissionsRowFromProfileNameToAlways_ReturnsOneAuditLog" />
    </UnitTest>
    <UnitTest name="HardwareInCWANotOnWhiteList_WithChannels_ReplacedWith_HardwareNotOnWhiteList_ZeroChannels_NoMoreCWAAllowed_NewHardwareInGrace" storage="d:\actions-runner\_work\xpco\xpco\corporate\videoos.server.unittests\bin\x64\debug\net472\videoos.server.unittests.dll" id="427a1563-875c-5ede-eb36-087cf953a6e9">
      <TestCategory>
        <TestCategoryItem TestCategory="Licensing Replace Hardware" />
        <TestCategoryItem TestCategory="Licensing" />
      </TestCategory>
      <Execution id="135e8cfd-e55f-49c1-857e-039c332782ef" />
      <TestMethod codeBase="D:\actions-runner\_work\XPCO\XPCO\Corporate\VideoOS.Server.UnitTests\bin\x64\Debug\net472\VideoOS.Server.UnitTests.dll" adapterTypeName="executor://mstestadapter/v2" className="VideoOS.Server.UnitTests.Licensing.LicenseAllocatorChannelTests" name="HardwareInCWANotOnWhiteList_WithChannels_ReplacedWith_HardwareNotOnWhiteList_ZeroChannels_NoMoreCWAAllowed_NewHardwareInGrace" />
    </UnitTest>
    <UnitTest name="EvidenceLockOnOldRecorderCommandHandlerTests_OldRec_Exception_Then_ConfigDelete" storage="d:\actions-runner\_work\xpco\xpco\corporate\videoos.server.unittests\bin\x64\debug\net472\videoos.server.unittests.dll" id="fb42af72-5b3a-ca9a-0d50-d4b7f92dd3ae">
      <Execution id="5f4349a4-d62c-41ba-a70b-7e6f513397f5" />
      <TestMethod codeBase="D:\actions-runner\_work\XPCO\XPCO\Corporate\VideoOS.Server.UnitTests\bin\x64\Debug\net472\VideoOS.Server.UnitTests.dll" adapterTypeName="executor://mstestadapter/v2" className="VideoOS.Server.UnitTests.CommandHandler.EvidenceLockOnOldRecorderCommandHandlerTests" name="EvidenceLockOnOldRecorderCommandHandlerTests_OldRec_Exception_Then_ConfigDelete" />
    </UnitTest>
    <UnitTest name="GetTotalReplacementLimit_ReturnsPercentageTimeNoCameras_OnPercentageInTheMiddle" storage="d:\actions-runner\_work\xpco\xpco\corporate\videoos.server.unittests\bin\x64\debug\net472\videoos.server.unittests.dll" id="435120c5-b348-a047-9526-a4392d447354">
      <TestCategory>
        <TestCategoryItem TestCategory="ReplacementLimit" />
      </TestCategory>
      <Execution id="947bc185-c066-4ad4-b387-be4bfcb5d150" />
      <TestMethod codeBase="D:\actions-runner\_work\XPCO\XPCO\Corporate\VideoOS.Server.UnitTests\bin\x64\Debug\net472\VideoOS.Server.UnitTests.dll" adapterTypeName="executor://mstestadapter/v2" className="VideoOS.Server.UnitTests.Licensing.ReplacementLimitTests" name="GetTotalReplacementLimit_ReturnsPercentageTimeNoCameras_OnPercentageInTheMiddle" />
    </UnitTest>
    <UnitTest name="SetupInitialHardwareUserCommandHandler_Execute_Success" storage="d:\actions-runner\_work\xpco\xpco\corporate\videoos.server.unittests\bin\x64\debug\net472\videoos.server.unittests.dll" id="1a302332-10c8-5dc6-da00-94451bfe7efd">
      <Execution id="0b291ee6-64bd-4438-8b84-1f267c3a0c32" />
      <TestMethod codeBase="D:\actions-runner\_work\XPCO\XPCO\Corporate\VideoOS.Server.UnitTests\bin\x64\Debug\net472\VideoOS.Server.UnitTests.dll" adapterTypeName="executor://mstestadapter/v2" className="VideoOS.Server.UnitTests.CommandHandler.SetupInitialHardwareUserCommandHandlerUnitTests" name="SetupInitialHardwareUserCommandHandler_Execute_Success" />
    </UnitTest>
    <UnitTest name="HardwareInCWANotOnWhiteList_ReplacedWithNoInheritance_HardwareNotOnWhiteList_MixedCWAAllowed_MoreChannelsOnReplacedHardware_SomeDevicesInCWA" storage="d:\actions-runner\_work\xpco\xpco\corporate\videoos.server.unittests\bin\x64\debug\net472\videoos.server.unittests.dll" id="6e2eff38-594f-7e40-a4bc-55cf23d64c17">
      <TestCategory>
        <TestCategoryItem TestCategory="Licensing Replace Hardware" />
        <TestCategoryItem TestCategory="Licensing" />
      </TestCategory>
      <Execution id="4bc78e34-36c7-482f-b352-5623099b4997" />
      <TestMethod codeBase="D:\actions-runner\_work\XPCO\XPCO\Corporate\VideoOS.Server.UnitTests\bin\x64\Debug\net472\VideoOS.Server.UnitTests.dll" adapterTypeName="executor://mstestadapter/v2" className="VideoOS.Server.UnitTests.Licensing.LicenseAllocatorChannelTests" name="HardwareInCWANotOnWhiteList_ReplacedWithNoInheritance_HardwareNotOnWhiteList_MixedCWAAllowed_MoreChannelsOnReplacedHardware_SomeDevicesInCWA" />
    </UnitTest>
    <UnitTest name="LicenseCountManager_FindNonIcpHardwareInGrace_Throws_NotImplementedException" storage="d:\actions-runner\_work\xpco\xpco\corporate\videoos.server.unittests\bin\x64\debug\net472\videoos.server.unittests.dll" id="9a022633-48a0-501e-eeef-810088119832">
      <TestCategory>
        <TestCategoryItem TestCategory="Licensing" />
      </TestCategory>
      <Execution id="2496ec5c-c7cc-492e-8a68-382bf73849ad" />
      <TestMethod codeBase="D:\actions-runner\_work\XPCO\XPCO\Corporate\VideoOS.Server.UnitTests\bin\x64\Debug\net472\VideoOS.Server.UnitTests.dll" adapterTypeName="executor://mstestadapter/v2" className="VideoOS.Server.UnitTests.Licensing.LicenseCountManagerUnitTests" name="LicenseCountManager_FindNonIcpHardwareInGrace_Throws_NotImplementedException" />
    </UnitTest>
    <UnitTest name="FirmwareUpgradeTaskCommandHandler_Execute_Arguments_Null_Throws" storage="d:\actions-runner\_work\xpco\xpco\corporate\videoos.server.unittests\bin\x64\debug\net472\videoos.server.unittests.dll" id="90cccb7e-1891-84dd-ede0-a725032bf3e9">
      <Execution id="7733859f-ba6e-4788-b544-1e457ec5d87c" />
      <TestMethod codeBase="D:\actions-runner\_work\XPCO\XPCO\Corporate\VideoOS.Server.UnitTests\bin\x64\Debug\net472\VideoOS.Server.UnitTests.dll" adapterTypeName="executor://mstestadapter/v2" className="VideoOS.Server.UnitTests.CommandHandler.FirmwareUpgradeTaskCommandHandlerTests" name="FirmwareUpgradeTaskCommandHandler_Execute_Arguments_Null_Throws" />
    </UnitTest>
    <UnitTest name="EvidenceLockOnOldRecorderCommandHandlerTests_OldRec_SendCmd_RecNotFoundException" storage="d:\actions-runner\_work\xpco\xpco\corporate\videoos.server.unittests\bin\x64\debug\net472\videoos.server.unittests.dll" id="d7f950c3-4de5-001a-b3e3-ffc47fce5357">
      <Execution id="4e477c34-f7d8-40b9-8eb3-224df9fd9e79" />
      <TestMethod codeBase="D:\actions-runner\_work\XPCO\XPCO\Corporate\VideoOS.Server.UnitTests\bin\x64\Debug\net472\VideoOS.Server.UnitTests.dll" adapterTypeName="executor://mstestadapter/v2" className="VideoOS.Server.UnitTests.CommandHandler.EvidenceLockOnOldRecorderCommandHandlerTests" name="EvidenceLockOnOldRecorderCommandHandlerTests_OldRec_SendCmd_RecNotFoundException" />
    </UnitTest>
    <UnitTest name="HardwareScanExpressTaskCommandHandler_Execute_RecorderNotSupported_FailResponse" storage="d:\actions-runner\_work\xpco\xpco\corporate\videoos.server.unittests\bin\x64\debug\net472\videoos.server.unittests.dll" id="3651eb38-5039-fa09-00f9-acaf8a27c78a">
      <Execution id="f2cf6657-d59d-4ae8-9b38-d7b1d4272a67" />
      <TestMethod codeBase="D:\actions-runner\_work\XPCO\XPCO\Corporate\VideoOS.Server.UnitTests\bin\x64\Debug\net472\VideoOS.Server.UnitTests.dll" adapterTypeName="executor://mstestadapter/v2" className="VideoOS.Server.UnitTests.CommandHandler.HardwareScanExpressTaskCommandHandlerTest" name="HardwareScanExpressTaskCommandHandler_Execute_RecorderNotSupported_FailResponse" />
    </UnitTest>
    <UnitTest name="AnalyzeAndCreateAuditLogs_ModifiedSecurityPermissionsDeviceRowWithDEVICESPEAKPRIORITYAtrributeSamePriority_ReturnsNoAuditLog" storage="d:\actions-runner\_work\xpco\xpco\corporate\videoos.server.unittests\bin\x64\debug\net472\videoos.server.unittests.dll" id="d6728601-eae0-dd7f-2f47-f9029823748f">
      <Execution id="a32be1a4-e300-42f4-81a3-9de05399addf" />
      <TestMethod codeBase="D:\actions-runner\_work\XPCO\XPCO\Corporate\VideoOS.Server.UnitTests\bin\x64\Debug\net472\VideoOS.Server.UnitTests.dll" adapterTypeName="executor://mstestadapter/v2" className="VideoOS.Server.UnitTests.CommandHandler.DataSetAuditLogAnalyzerTests" name="AnalyzeAndCreateAuditLogs_ModifiedSecurityPermissionsDeviceRowWithDEVICESPEAKPRIORITYAtrributeSamePriority_ReturnsNoAuditLog" />
    </UnitTest>
    <UnitTest name="CheckConfigurationDataSet_AAC_Device_WithAACSetting_Licensed_Success" storage="d:\actions-runner\_work\xpco\xpco\corporate\videoos.server.unittests\bin\x64\debug\net472\videoos.server.unittests.dll" id="071fc03d-f5f7-e631-de7f-6b667f719565">
      <Execution id="816e6070-1713-4d30-a6a7-1bb8048461ae" />
      <TestMethod codeBase="D:\actions-runner\_work\XPCO\XPCO\Corporate\VideoOS.Server.UnitTests\bin\x64\Debug\net472\VideoOS.Server.UnitTests.dll" adapterTypeName="executor://mstestadapter/v2" className="VideoOS.Server.UnitTests.Licensing.LicenseFeatureCheckerTest" name="CheckConfigurationDataSet_AAC_Device_WithAACSetting_Licensed_Success" />
    </UnitTest>
    <UnitTest name="EvidenceLockOnOldRecorderCommandHandlerTests_OldRecV1_ConfigEdit2Rows" storage="d:\actions-runner\_work\xpco\xpco\corporate\videoos.server.unittests\bin\x64\debug\net472\videoos.server.unittests.dll" id="08934e2f-ac6d-55f5-5170-54ca73f76b20">
      <Execution id="3db826b6-5b16-4279-b1f2-44ad06ab0db0" />
      <TestMethod codeBase="D:\actions-runner\_work\XPCO\XPCO\Corporate\VideoOS.Server.UnitTests\bin\x64\Debug\net472\VideoOS.Server.UnitTests.dll" adapterTypeName="executor://mstestadapter/v2" className="VideoOS.Server.UnitTests.CommandHandler.EvidenceLockOnOldRecorderCommandHandlerTests" name="EvidenceLockOnOldRecorderCommandHandlerTests_OldRecV1_ConfigEdit2Rows" />
    </UnitTest>
    <UnitTest name="LicenseCountManager_AddLicensedHardware_Same_MAC_Twice_ArgumentException" storage="d:\actions-runner\_work\xpco\xpco\corporate\videoos.server.unittests\bin\x64\debug\net472\videoos.server.unittests.dll" id="3547b549-44fa-239a-f127-0c453303adf8">
      <Execution id="b6674381-df42-42a6-a5a6-b725b824b6c5" />
      <TestMethod codeBase="D:\actions-runner\_work\XPCO\XPCO\Corporate\VideoOS.Server.UnitTests\bin\x64\Debug\net472\VideoOS.Server.UnitTests.dll" adapterTypeName="executor://mstestadapter/v2" className="VideoOS.Server.UnitTests.Licensing.LicenseCountManagerUnitTests" name="LicenseCountManager_AddLicensedHardware_Same_MAC_Twice_ArgumentException" />
    </UnitTest>
    <UnitTest name="DeviceLicense_SetExpire_InvalidDate_NotUtc_Throws_ArgumentException" storage="d:\actions-runner\_work\xpco\xpco\corporate\videoos.server.unittests\bin\x64\debug\net472\videoos.server.unittests.dll" id="d4d63e82-a153-4dba-ebca-76d1740f3fd7">
      <Execution id="e8746a48-d8a8-4cba-b632-2acf3ed27e92" />
      <TestMethod codeBase="D:\actions-runner\_work\XPCO\XPCO\Corporate\VideoOS.Server.UnitTests\bin\x64\Debug\net472\VideoOS.Server.UnitTests.dll" adapterTypeName="executor://mstestadapter/v2" className="VideoOS.Server.UnitTests.Licensing.LicenseSnapshotTests" name="DeviceLicense_SetExpire_InvalidDate_NotUtc_Throws_ArgumentException" />
    </UnitTest>
    <UnitTest name="IsActivationNeeded_True_ICP_CamerasRemoved" storage="d:\actions-runner\_work\xpco\xpco\corporate\videoos.server.unittests\bin\x64\debug\net472\videoos.server.unittests.dll" id="b125b64e-16a9-9a1c-bed1-c7eb1931e757">
      <TestCategory>
        <TestCategoryItem TestCategory="Licensing" />
      </TestCategory>
      <Execution id="0d8c449e-9f8f-4e92-a8d3-29885076284e" />
      <TestMethod codeBase="D:\actions-runner\_work\XPCO\XPCO\Corporate\VideoOS.Server.UnitTests\bin\x64\Debug\net472\VideoOS.Server.UnitTests.dll" adapterTypeName="executor://mstestadapter/v2" className="VideoOS.Server.UnitTests.Licensing.LicenseManagerUnitTests" name="IsActivationNeeded_True_ICP_CamerasRemoved" />
    </UnitTest>
    <UnitTest name="DeviceLicense_SetExpire_InvalidDate_MinDate_Throws_ArgumentOutOfRangeException" storage="d:\actions-runner\_work\xpco\xpco\corporate\videoos.server.unittests\bin\x64\debug\net472\videoos.server.unittests.dll" id="b4298ca8-9752-bfa9-c052-cd715e74c130">
      <Execution id="4b0ce7ab-91f6-493d-91f0-427721f5f33a" />
      <TestMethod codeBase="D:\actions-runner\_work\XPCO\XPCO\Corporate\VideoOS.Server.UnitTests\bin\x64\Debug\net472\VideoOS.Server.UnitTests.dll" adapterTypeName="executor://mstestadapter/v2" className="VideoOS.Server.UnitTests.Licensing.LicenseSnapshotTests" name="DeviceLicense_SetExpire_InvalidDate_MinDate_Throws_ArgumentOutOfRangeException" />
    </UnitTest>
    <UnitTest name="UpdateHardwareTaskCommandHandler_Execute_Unchanged_Tests" storage="d:\actions-runner\_work\xpco\xpco\corporate\videoos.server.unittests\bin\x64\debug\net472\videoos.server.unittests.dll" id="490158db-e4f2-7ffd-c385-cb70228663b5">
      <Execution id="1759b5cd-e3c0-4880-8ebe-6b825ffca83d" />
      <TestMethod codeBase="D:\actions-runner\_work\XPCO\XPCO\Corporate\VideoOS.Server.UnitTests\bin\x64\Debug\net472\VideoOS.Server.UnitTests.dll" adapterTypeName="executor://mstestadapter/v2" className="VideoOS.Server.UnitTests.CommandHandler.UpdateHardwareTaskHandlerTests" name="UpdateHardwareTaskCommandHandler_Execute_Unchanged_Tests" />
    </UnitTest>
    <UnitTest name="EvidenceLockOnOldRecorderCommandHandlerTests_OldRecV1_ConfigEdit1RowMain" storage="d:\actions-runner\_work\xpco\xpco\corporate\videoos.server.unittests\bin\x64\debug\net472\videoos.server.unittests.dll" id="4c87aa0c-c56b-b754-a41b-f1573972c44b">
      <Execution id="80dbb74e-e559-4001-be3b-b91d7c269ba5" />
      <TestMethod codeBase="D:\actions-runner\_work\XPCO\XPCO\Corporate\VideoOS.Server.UnitTests\bin\x64\Debug\net472\VideoOS.Server.UnitTests.dll" adapterTypeName="executor://mstestadapter/v2" className="VideoOS.Server.UnitTests.CommandHandler.EvidenceLockOnOldRecorderCommandHandlerTests" name="EvidenceLockOnOldRecorderCommandHandlerTests_OldRecV1_ConfigEdit1RowMain" />
    </UnitTest>
    <UnitTest name="RecorderController_ModelIsValid_CommandExecuted" storage="d:\actions-runner\_work\xpco\xpco\corporate\videoos.server.unittests\bin\x64\debug\net472\videoos.server.unittests.dll" id="46836346-86bd-4983-1ba7-1dbdbb5f7669">
      <Execution id="811c48d7-463c-4429-93dd-2db06856ef55" />
      <TestMethod codeBase="D:\actions-runner\_work\XPCO\XPCO\Corporate\VideoOS.Server.UnitTests\bin\x64\Debug\net472\VideoOS.Server.UnitTests.dll" adapterTypeName="executor://mstestadapter/v2" className="VideoOS.Server.UnitTests.RecorderControllerTest" name="RecorderController_ModelIsValid_CommandExecuted" />
    </UnitTest>
    <UnitTest name="Dispose_Called_ClientsDisposed" storage="d:\actions-runner\_work\xpco\xpco\corporate\videoos.server.unittests\bin\x64\debug\net472\videoos.server.unittests.dll" id="35f7f4a5-68b4-b2cc-93d0-68a0b4a2c229">
      <Execution id="dda9792d-2571-4af7-be67-7733079fabda" />
      <TestMethod codeBase="D:\actions-runner\_work\XPCO\XPCO\Corporate\VideoOS.Server.UnitTests\bin\x64\Debug\net472\VideoOS.Server.UnitTests.dll" adapterTypeName="executor://mstestadapter/v2" className="VideoOS.Server.UnitTests.CommandHandler.VmoClientsPoolTests" name="Dispose_Called_ClientsDisposed" />
    </UnitTest>
    <UnitTest name="HardwareActivatedNotOnWhiteList_NoCameraChannels_ReplacedWith_HardwareNotOnWhiteList_WithCameraChannelsInCWA" storage="d:\actions-runner\_work\xpco\xpco\corporate\videoos.server.unittests\bin\x64\debug\net472\videoos.server.unittests.dll" id="65d20a92-4d98-d428-9f1a-926b24f88e67">
      <TestCategory>
        <TestCategoryItem TestCategory="Licensing Replace Hardware" />
        <TestCategoryItem TestCategory="Licensing" />
      </TestCategory>
      <Execution id="433520c5-6a78-45ea-8b11-96b83c38e3f4" />
      <TestMethod codeBase="D:\actions-runner\_work\XPCO\XPCO\Corporate\VideoOS.Server.UnitTests\bin\x64\Debug\net472\VideoOS.Server.UnitTests.dll" adapterTypeName="executor://mstestadapter/v2" className="VideoOS.Server.UnitTests.Licensing.LicenseAllocatorChannelTests" name="HardwareActivatedNotOnWhiteList_NoCameraChannels_ReplacedWith_HardwareNotOnWhiteList_WithCameraChannelsInCWA" />
    </UnitTest>
    <UnitTest name="Ctor_TimerNull_ThrowsArgumentNullException" storage="d:\actions-runner\_work\xpco\xpco\corporate\videoos.server.unittests\bin\x64\debug\net472\videoos.server.unittests.dll" id="97773405-841d-7bf6-7af2-4e83b4a3e91f">
      <Execution id="d7f9ff46-2b6c-467f-95a6-a88c270af1f8" />
      <TestMethod codeBase="D:\actions-runner\_work\XPCO\XPCO\Corporate\VideoOS.Server.UnitTests\bin\x64\Debug\net472\VideoOS.Server.UnitTests.dll" adapterTypeName="executor://mstestadapter/v2" className="VideoOS.Server.UnitTests.Log.IdpLogRetrieverTests" name="Ctor_TimerNull_ThrowsArgumentNullException" />
    </UnitTest>
    <UnitTest name="CleanUp_FreeClients_TimerNotStopped" storage="d:\actions-runner\_work\xpco\xpco\corporate\videoos.server.unittests\bin\x64\debug\net472\videoos.server.unittests.dll" id="b74e57f7-d221-4f98-4319-b83e29d3b4e6">
      <Execution id="3582629e-61eb-41c3-95a0-1361f765ac21" />
      <TestMethod codeBase="D:\actions-runner\_work\XPCO\XPCO\Corporate\VideoOS.Server.UnitTests\bin\x64\Debug\net472\VideoOS.Server.UnitTests.dll" adapterTypeName="executor://mstestadapter/v2" className="VideoOS.Server.UnitTests.CommandHandler.VmoClientsPoolTests" name="CleanUp_FreeClients_TimerNotStopped" />
    </UnitTest>
    <UnitTest name="UpdateHardwareTaskCommandHandler_Execute_HeartBeat_NoRecorder_Tests" storage="d:\actions-runner\_work\xpco\xpco\corporate\videoos.server.unittests\bin\x64\debug\net472\videoos.server.unittests.dll" id="87ba51e4-c977-b416-269b-fcfae9fc10be">
      <Execution id="f73d4049-4623-4865-b404-3b9e4fae7299" />
      <TestMethod codeBase="D:\actions-runner\_work\XPCO\XPCO\Corporate\VideoOS.Server.UnitTests\bin\x64\Debug\net472\VideoOS.Server.UnitTests.dll" adapterTypeName="executor://mstestadapter/v2" className="VideoOS.Server.UnitTests.CommandHandler.UpdateHardwareTaskHandlerTests" name="UpdateHardwareTaskCommandHandler_Execute_HeartBeat_NoRecorder_Tests" />
    </UnitTest>
    <UnitTest name="InitializeDiscoveryComponentFailedResponse_ModelIsValid_CommandExecuted" storage="d:\actions-runner\_work\xpco\xpco\corporate\videoos.server.unittests\bin\x64\debug\net472\videoos.server.unittests.dll" id="2265d1be-c488-0fed-c561-7dfebc65f121">
      <Execution id="9bdc3be0-d5b8-4724-935f-c567e2d88c75" />
      <TestMethod codeBase="D:\actions-runner\_work\XPCO\XPCO\Corporate\VideoOS.Server.UnitTests\bin\x64\Debug\net472\VideoOS.Server.UnitTests.dll" adapterTypeName="executor://mstestadapter/v2" className="VideoOS.Server.UnitTests.WebApi.ResponseControllerTest" name="InitializeDiscoveryComponentFailedResponse_ModelIsValid_CommandExecuted" />
    </UnitTest>
    <UnitTest name="Validate_GetDeviceStatus_" storage="d:\actions-runner\_work\xpco\xpco\corporate\videoos.server.unittests\bin\x64\debug\net472\videoos.server.unittests.dll" id="ddd1539c-f3f8-684f-86c3-a25d3ce2d842">
      <TestCategory>
        <TestCategoryItem TestCategory="Licensing" />
      </TestCategory>
      <Execution id="ca918c59-4f5e-4419-a773-6d89c75353df" />
      <TestMethod codeBase="D:\actions-runner\_work\XPCO\XPCO\Corporate\VideoOS.Server.UnitTests\bin\x64\Debug\net472\VideoOS.Server.UnitTests.dll" adapterTypeName="executor://mstestadapter/v2" className="VideoOS.Server.UnitTests.Licensing.LicenseCountManagerUnitTests" name="Validate_GetDeviceStatus_" />
    </UnitTest>
    <UnitTest name="Simulate_GracePeriodExpiring_SuccesfullyExpiresHardware_Whitelisted" storage="d:\actions-runner\_work\xpco\xpco\corporate\videoos.server.unittests\bin\x64\debug\net472\videoos.server.unittests.dll" id="ec44a99e-89cd-c3d4-13d7-075ed8b19dd0">
      <TestCategory>
        <TestCategoryItem TestCategory="Licensing" />
      </TestCategory>
      <Execution id="c69a7398-a663-44b2-948a-cc677cf03d76" />
      <TestMethod codeBase="D:\actions-runner\_work\XPCO\XPCO\Corporate\VideoOS.Server.UnitTests\bin\x64\Debug\net472\VideoOS.Server.UnitTests.dll" adapterTypeName="executor://mstestadapter/v2" className="VideoOS.Server.UnitTests.Licensing.LicenseAllocatorChannelTests" name="Simulate_GracePeriodExpiring_SuccesfullyExpiresHardware_Whitelisted" />
    </UnitTest>
    <UnitTest name="Recorder_FindById_EmptyGuid_Returns_Null" storage="d:\actions-runner\_work\xpco\xpco\corporate\videoos.server.unittests\bin\x64\debug\net472\videoos.server.unittests.dll" id="2c07ec42-63ea-145b-2c1d-d1783382eb80">
      <Execution id="ca3224a2-746b-4d6f-8b88-c1cf354c032b" />
      <TestMethod codeBase="D:\actions-runner\_work\XPCO\XPCO\Corporate\VideoOS.Server.UnitTests\bin\x64\Debug\net472\VideoOS.Server.UnitTests.dll" adapterTypeName="executor://mstestadapter/v2" className="VideoOS.Server.UnitTests.Licensing.LicenseSnapshotTests" name="Recorder_FindById_EmptyGuid_Returns_Null" />
    </UnitTest>
    <UnitTest name="HeartbeatResponse_ModelIsNull_BadRequestResult" storage="d:\actions-runner\_work\xpco\xpco\corporate\videoos.server.unittests\bin\x64\debug\net472\videoos.server.unittests.dll" id="4f7ca2b0-c221-db25-2e4f-2cd3bd0d57bd">
      <Execution id="c99f8817-99f3-4f99-bc75-a5a0eaaa2345" />
      <TestMethod codeBase="D:\actions-runner\_work\XPCO\XPCO\Corporate\VideoOS.Server.UnitTests\bin\x64\Debug\net472\VideoOS.Server.UnitTests.dll" adapterTypeName="executor://mstestadapter/v2" className="VideoOS.Server.UnitTests.WebApi.ResponseControllerTest" name="HeartbeatResponse_ModelIsNull_BadRequestResult" />
    </UnitTest>
    <UnitTest name="HardwareInCWANotOnWhiteList_ZeroChannels_ReplacedWith_HardwareNotOnWhiteList_WithChannels_NoMoreCWAAllowed_NewDevicesInGrace" storage="d:\actions-runner\_work\xpco\xpco\corporate\videoos.server.unittests\bin\x64\debug\net472\videoos.server.unittests.dll" id="d4bdc929-2aa7-ca01-4fc2-912ac3e1f0f6">
      <TestCategory>
        <TestCategoryItem TestCategory="Licensing Replace Hardware" />
        <TestCategoryItem TestCategory="Licensing" />
      </TestCategory>
      <Execution id="bb7891f3-75b3-4aca-8c12-c2b240b809b2" />
      <TestMethod codeBase="D:\actions-runner\_work\XPCO\XPCO\Corporate\VideoOS.Server.UnitTests\bin\x64\Debug\net472\VideoOS.Server.UnitTests.dll" adapterTypeName="executor://mstestadapter/v2" className="VideoOS.Server.UnitTests.Licensing.LicenseAllocatorChannelTests" name="HardwareInCWANotOnWhiteList_ZeroChannels_ReplacedWith_HardwareNotOnWhiteList_WithChannels_NoMoreCWAAllowed_NewDevicesInGrace" />
    </UnitTest>
    <UnitTest name="UpdateRecorderTaskProgress_RecorderNotFoundException_Handled" storage="d:\actions-runner\_work\xpco\xpco\corporate\videoos.server.unittests\bin\x64\debug\net472\videoos.server.unittests.dll" id="f7b0e781-4364-3181-b31f-25c3510de92e">
      <Execution id="1be30eeb-1e00-4e5c-ab61-c238e5b3fc09" />
      <TestMethod codeBase="D:\actions-runner\_work\XPCO\XPCO\Corporate\VideoOS.Server.UnitTests\bin\x64\Debug\net472\VideoOS.Server.UnitTests.dll" adapterTypeName="executor://mstestadapter/v2" className="VideoOS.Server.UnitTests.TaskControllerTests" name="UpdateRecorderTaskProgress_RecorderNotFoundException_Handled" />
    </UnitTest>
    <UnitTest name="GetRecorderLicense_CameraDevicesAreInRecorderLicense_OnChannelLicensing" storage="d:\actions-runner\_work\xpco\xpco\corporate\videoos.server.unittests\bin\x64\debug\net472\videoos.server.unittests.dll" id="e55c72c3-3747-9285-e55b-eaba84acd6bb">
      <TestCategory>
        <TestCategoryItem TestCategory="Licensing" />
      </TestCategory>
      <Execution id="88dad63b-3505-48ee-9bf5-63fddb6b4c76" />
      <TestMethod codeBase="D:\actions-runner\_work\XPCO\XPCO\Corporate\VideoOS.Server.UnitTests\bin\x64\Debug\net472\VideoOS.Server.UnitTests.dll" adapterTypeName="executor://mstestadapter/v2" className="VideoOS.Server.UnitTests.Licensing.LicenseManagerUnitTests" name="GetRecorderLicense_CameraDevicesAreInRecorderLicense_OnChannelLicensing" />
    </UnitTest>
    <UnitTest name="TaskHandling_ProcessUpdateDiffgram_Hardware_Null_InitialValue_Value_C18NDigest" storage="d:\actions-runner\_work\xpco\xpco\corporate\videoos.server.unittests\bin\x64\debug\net472\videoos.server.unittests.dll" id="00ba3071-31c1-0f6e-3800-6f9ad50402df">
      <Execution id="161a2aaa-1d84-4b52-97f4-40af563950a5" />
      <TestMethod codeBase="D:\actions-runner\_work\XPCO\XPCO\Corporate\VideoOS.Server.UnitTests\bin\x64\Debug\net472\VideoOS.Server.UnitTests.dll" adapterTypeName="executor://mstestadapter/v2" className="VideoOS.Server.UnitTests.Tasks.TaskHandlingUnitTests" name="TaskHandling_ProcessUpdateDiffgram_Hardware_Null_InitialValue_Value_C18NDigest" />
    </UnitTest>
    <UnitTest name="SetHotstandByFailoverRecorderInformation_WatchingRecorderStopped_Success" storage="d:\actions-runner\_work\xpco\xpco\corporate\videoos.server.unittests\bin\x64\debug\net472\videoos.server.unittests.dll" id="a243b43f-29a5-816f-9ac8-8f363157b14a">
      <Execution id="4a60ce23-fd74-423a-8b04-7dde235427c5" />
      <TestMethod codeBase="D:\actions-runner\_work\XPCO\XPCO\Corporate\VideoOS.Server.UnitTests\bin\x64\Debug\net472\VideoOS.Server.UnitTests.dll" adapterTypeName="executor://mstestadapter/v2" className="VideoOS.Server.UnitTests.WebApi.Controllers.RecorderRegistrationControllerTests" name="SetHotstandByFailoverRecorderInformation_WatchingRecorderStopped_Success" />
    </UnitTest>
    <UnitTest name="SendMultiNotification_ModelIsValid_CommandExecuted" storage="d:\actions-runner\_work\xpco\xpco\corporate\videoos.server.unittests\bin\x64\debug\net472\videoos.server.unittests.dll" id="3cb65f0e-e345-0459-17cf-270ca0245297">
      <Execution id="108a70af-2c0c-4c6d-b5fd-e1f64a02bab9" />
      <TestMethod codeBase="D:\actions-runner\_work\XPCO\XPCO\Corporate\VideoOS.Server.UnitTests\bin\x64\Debug\net472\VideoOS.Server.UnitTests.dll" adapterTypeName="executor://mstestadapter/v2" className="VideoOS.Server.UnitTests.ServerCommmandsControllerTests" name="SendMultiNotification_ModelIsValid_CommandExecuted" />
    </UnitTest>
    <UnitTest name="GetRecorderLicense_EnoughICP_EnoughHardware_Success" storage="d:\actions-runner\_work\xpco\xpco\corporate\videoos.server.unittests\bin\x64\debug\net472\videoos.server.unittests.dll" id="0530c07e-bb9b-b2d6-8cb2-b1e299d0c41d">
      <TestCategory>
        <TestCategoryItem TestCategory="Licensing" />
      </TestCategory>
      <Execution id="12051115-0249-4b60-b4c8-f263d39be7e3" />
      <TestMethod codeBase="D:\actions-runner\_work\XPCO\XPCO\Corporate\VideoOS.Server.UnitTests\bin\x64\Debug\net472\VideoOS.Server.UnitTests.dll" adapterTypeName="executor://mstestadapter/v2" className="VideoOS.Server.UnitTests.Licensing.LicenseManagerUnitTests" name="GetRecorderLicense_EnoughICP_EnoughHardware_Success" />
    </UnitTest>
    <UnitTest name="HardwareInCWAOnWhiteList_ReplacedWithInheritance_HardwareNotOnWhiteList_CWAAllowed_MoreChannelsOnReplacedHardware_AllDevicesInCWA" storage="d:\actions-runner\_work\xpco\xpco\corporate\videoos.server.unittests\bin\x64\debug\net472\videoos.server.unittests.dll" id="4bb2727d-b9d4-6289-65c4-9870842194c7">
      <TestCategory>
        <TestCategoryItem TestCategory="Licensing Replace Hardware" />
        <TestCategoryItem TestCategory="Licensing" />
      </TestCategory>
      <Execution id="8e51c796-6809-4296-bc41-e8f27dc43fb6" />
      <TestMethod codeBase="D:\actions-runner\_work\XPCO\XPCO\Corporate\VideoOS.Server.UnitTests\bin\x64\Debug\net472\VideoOS.Server.UnitTests.dll" adapterTypeName="executor://mstestadapter/v2" className="VideoOS.Server.UnitTests.Licensing.LicenseAllocatorChannelTests" name="HardwareInCWAOnWhiteList_ReplacedWithInheritance_HardwareNotOnWhiteList_CWAAllowed_MoreChannelsOnReplacedHardware_AllDevicesInCWA" />
    </UnitTest>
    <UnitTest name="PtzReserveSessionResponse_ModelIsNull_BadRequestResult" storage="d:\actions-runner\_work\xpco\xpco\corporate\videoos.server.unittests\bin\x64\debug\net472\videoos.server.unittests.dll" id="35fe1dca-2f94-08b8-6459-0442542f526e">
      <Execution id="fae096e4-5f31-459d-a423-1e244f5c72ea" />
      <TestMethod codeBase="D:\actions-runner\_work\XPCO\XPCO\Corporate\VideoOS.Server.UnitTests\bin\x64\Debug\net472\VideoOS.Server.UnitTests.dll" adapterTypeName="executor://mstestadapter/v2" className="VideoOS.Server.UnitTests.WebApi.ResponseControllerTest" name="PtzReserveSessionResponse_ModelIsNull_BadRequestResult" />
    </UnitTest>
    <UnitTest name="ChangeHardwarePasswordTaskCommandHandler_Execute_Failed_NotStarted_Response" storage="d:\actions-runner\_work\xpco\xpco\corporate\videoos.server.unittests\bin\x64\debug\net472\videoos.server.unittests.dll" id="cf65519c-4e99-5233-a49b-a042d9e34110">
      <Execution id="bb02e989-7547-476f-981d-0c2a684c517d" />
      <TestMethod codeBase="D:\actions-runner\_work\XPCO\XPCO\Corporate\VideoOS.Server.UnitTests\bin\x64\Debug\net472\VideoOS.Server.UnitTests.dll" adapterTypeName="executor://mstestadapter/v2" className="VideoOS.Server.UnitTests.CommandHandler.ChangeHardwarePasswordTaskCommandHandlerTests" name="ChangeHardwarePasswordTaskCommandHandler_Execute_Failed_NotStarted_Response" />
    </UnitTest>
    <UnitTest name="ChannelLicenseCountManager_RemoveHardwareCollection_NullCollection_ThrowsArgumentNullException" storage="d:\actions-runner\_work\xpco\xpco\corporate\videoos.server.unittests\bin\x64\debug\net472\videoos.server.unittests.dll" id="69d44fc1-6454-736a-bf3f-fdd30c9d22ff">
      <TestCategory>
        <TestCategoryItem TestCategory="Licensing" />
      </TestCategory>
      <Execution id="1eb799ce-f556-4a4d-af39-dcc000acad8d" />
      <TestMethod codeBase="D:\actions-runner\_work\XPCO\XPCO\Corporate\VideoOS.Server.UnitTests\bin\x64\Debug\net472\VideoOS.Server.UnitTests.dll" adapterTypeName="executor://mstestadapter/v2" className="VideoOS.Server.UnitTests.Licensing.LicenseCountManagerUnitTests" name="ChannelLicenseCountManager_RemoveHardwareCollection_NullCollection_ThrowsArgumentNullException" />
    </UnitTest>
    <UnitTest name="UpdateLicense_AllocatesOneLicense_OnSameHwOnTwoRecordingServers_WithFirstEmptyAndSecondActivated" storage="d:\actions-runner\_work\xpco\xpco\corporate\videoos.server.unittests\bin\x64\debug\net472\videoos.server.unittests.dll" id="06369c13-5206-803d-d260-27c984790673">
      <TestCategory>
        <TestCategoryItem TestCategory="Licensing" />
      </TestCategory>
      <Execution id="cb918d9d-0c4b-462e-8195-9416964acedc" />
      <TestMethod codeBase="D:\actions-runner\_work\XPCO\XPCO\Corporate\VideoOS.Server.UnitTests\bin\x64\Debug\net472\VideoOS.Server.UnitTests.dll" adapterTypeName="executor://mstestadapter/v2" className="VideoOS.Server.UnitTests.Licensing.LicenseManagerUnitTests" name="UpdateLicense_AllocatesOneLicense_OnSameHwOnTwoRecordingServers_WithFirstEmptyAndSecondActivated" />
    </UnitTest>
    <UnitTest name="Log_RecorderNotFoundException_Handled" storage="d:\actions-runner\_work\xpco\xpco\corporate\videoos.server.unittests\bin\x64\debug\net472\videoos.server.unittests.dll" id="221ba32d-8ed4-b30e-079c-7764b8e4fea8">
      <Execution id="b9a8b58c-b5da-42b8-9199-bab5d0fa22a1" />
      <TestMethod codeBase="D:\actions-runner\_work\XPCO\XPCO\Corporate\VideoOS.Server.UnitTests\bin\x64\Debug\net472\VideoOS.Server.UnitTests.dll" adapterTypeName="executor://mstestadapter/v2" className="VideoOS.Server.UnitTests.RecorderControllerTest" name="Log_RecorderNotFoundException_Handled" />
    </UnitTest>
    <UnitTest name="AllocateLicenses_Activated_OneDevice_SpeakerInputOutput_NoCamera_OneLicensed" storage="d:\actions-runner\_work\xpco\xpco\corporate\videoos.server.unittests\bin\x64\debug\net472\videoos.server.unittests.dll" id="512bd958-f8a9-a04d-b8ba-95f110712181">
      <TestCategory>
        <TestCategoryItem TestCategory="Licensing" />
      </TestCategory>
      <Execution id="4bbdfc2c-a5de-4d68-a998-b7d0a3dd3189" />
      <TestMethod codeBase="D:\actions-runner\_work\XPCO\XPCO\Corporate\VideoOS.Server.UnitTests\bin\x64\Debug\net472\VideoOS.Server.UnitTests.dll" adapterTypeName="executor://mstestadapter/v2" className="VideoOS.Server.UnitTests.Licensing.LicenseAllocatorChannelTests" name="AllocateLicenses_Activated_OneDevice_SpeakerInputOutput_NoCamera_OneLicensed" />
    </UnitTest>
    <UnitTest name="ConvertIdpLog_UserNeedPasswordChange" storage="d:\actions-runner\_work\xpco\xpco\corporate\videoos.server.unittests\bin\x64\debug\net472\videoos.server.unittests.dll" id="bf05db17-5f5c-4702-b962-dc4ccec0ed03">
      <Execution id="92934d79-2570-4a08-b87e-f273d1bd908a" />
      <TestMethod codeBase="D:\actions-runner\_work\XPCO\XPCO\Corporate\VideoOS.Server.UnitTests\bin\x64\Debug\net472\VideoOS.Server.UnitTests.dll" adapterTypeName="executor://mstestadapter/v2" className="VideoOS.Server.UnitTests.Log.IdpLogConverterTest" name="ConvertIdpLog_UserNeedPasswordChange" />
    </UnitTest>
    <UnitTest name="UpdateHardwareTaskCommandHandler_Execute_HeartBeat_Exception_Tests" storage="d:\actions-runner\_work\xpco\xpco\corporate\videoos.server.unittests\bin\x64\debug\net472\videoos.server.unittests.dll" id="62e292ec-1e8c-b43c-455e-5da98455edd0">
      <Execution id="4393d6c7-1533-4294-9201-70040df469ea" />
      <TestMethod codeBase="D:\actions-runner\_work\XPCO\XPCO\Corporate\VideoOS.Server.UnitTests\bin\x64\Debug\net472\VideoOS.Server.UnitTests.dll" adapterTypeName="executor://mstestadapter/v2" className="VideoOS.Server.UnitTests.CommandHandler.UpdateHardwareTaskHandlerTests" name="UpdateHardwareTaskCommandHandler_Execute_HeartBeat_Exception_Tests" />
    </UnitTest>
    <UnitTest name="OnException_ActionExecutedContextIsNull_ArgumentNullException" storage="d:\actions-runner\_work\xpco\xpco\corporate\videoos.server.unittests\bin\x64\debug\net472\videoos.server.unittests.dll" id="91467f85-920b-1f84-c7b1-b5178fb1c5dc">
      <Execution id="411b746a-180a-45e9-ab1c-ed2616e46bd1" />
      <TestMethod codeBase="D:\actions-runner\_work\XPCO\XPCO\Corporate\VideoOS.Server.UnitTests\bin\x64\Debug\net472\VideoOS.Server.UnitTests.dll" adapterTypeName="executor://mstestadapter/v2" className="VideoOS.Server.UnitTests.ServerExceptionFilterTests" name="OnException_ActionExecutedContextIsNull_ArgumentNullException" />
    </UnitTest>
    <UnitTest name="Start_IdpClientReturnsOneLog_SequencesIsUpdatedWithId" storage="d:\actions-runner\_work\xpco\xpco\corporate\videoos.server.unittests\bin\x64\debug\net472\videoos.server.unittests.dll" id="721a980b-3230-2a7a-66fb-73a2861007c3">
      <Execution id="e814e14d-a05f-4dc1-8e5c-bdcde355c9cd" />
      <TestMethod codeBase="D:\actions-runner\_work\XPCO\XPCO\Corporate\VideoOS.Server.UnitTests\bin\x64\Debug\net472\VideoOS.Server.UnitTests.dll" adapterTypeName="executor://mstestadapter/v2" className="VideoOS.Server.UnitTests.Log.IdpLogRetrieverTests" name="Start_IdpClientReturnsOneLog_SequencesIsUpdatedWithId" />
    </UnitTest>
    <UnitTest name="CheckMsFailoverStatusCommandHandler_Constructor_ThrowsIfParameterNull" storage="d:\actions-runner\_work\xpco\xpco\corporate\videoos.server.unittests\bin\x64\debug\net472\videoos.server.unittests.dll" id="9ae46ec7-3ae6-ea0a-534c-bb2cde14043f">
      <Execution id="a14dfd93-fcfe-4bc1-a3dc-04c179333928" />
      <TestMethod codeBase="D:\actions-runner\_work\XPCO\XPCO\Corporate\VideoOS.Server.UnitTests\bin\x64\Debug\net472\VideoOS.Server.UnitTests.dll" adapterTypeName="executor://mstestadapter/v2" className="VideoOS.Server.UnitTests.CommandHandler.CheckMsFailoverStatusCommandHandlerUnitTest" name="CheckMsFailoverStatusCommandHandler_Constructor_ThrowsIfParameterNull" />
    </UnitTest>
    <UnitTest name="HardwareInCWAOnWhiteList_ReplacedWithNoInheritance_HardwareNotOnWhiteList_CWAAllowed_NewHardwareInCWA" storage="d:\actions-runner\_work\xpco\xpco\corporate\videoos.server.unittests\bin\x64\debug\net472\videoos.server.unittests.dll" id="06d666ec-6a35-dae8-af59-087f0d776742">
      <TestCategory>
        <TestCategoryItem TestCategory="Licensing Replace Hardware" />
        <TestCategoryItem TestCategory="Licensing" />
      </TestCategory>
      <Execution id="eaacc3be-0897-49ac-affb-da1c38962289" />
      <TestMethod codeBase="D:\actions-runner\_work\XPCO\XPCO\Corporate\VideoOS.Server.UnitTests\bin\x64\Debug\net472\VideoOS.Server.UnitTests.dll" adapterTypeName="executor://mstestadapter/v2" className="VideoOS.Server.UnitTests.Licensing.LicenseAllocatorChannelTests" name="HardwareInCWAOnWhiteList_ReplacedWithNoInheritance_HardwareNotOnWhiteList_CWAAllowed_NewHardwareInCWA" />
    </UnitTest>
    <UnitTest name="FirmwareUpgradeTaskCommandHandler_Constructor_Arguments_Null_Throws" storage="d:\actions-runner\_work\xpco\xpco\corporate\videoos.server.unittests\bin\x64\debug\net472\videoos.server.unittests.dll" id="13de28e5-d340-846e-3c63-908df06a48bc">
      <Execution id="8022e04d-d937-44b7-baea-72f3707f70a6" />
      <TestMethod codeBase="D:\actions-runner\_work\XPCO\XPCO\Corporate\VideoOS.Server.UnitTests\bin\x64\Debug\net472\VideoOS.Server.UnitTests.dll" adapterTypeName="executor://mstestadapter/v2" className="VideoOS.Server.UnitTests.CommandHandler.FirmwareUpgradeTaskCommandHandlerTests" name="FirmwareUpgradeTaskCommandHandler_Constructor_Arguments_Null_Throws" />
    </UnitTest>
    <UnitTest name="IsActivationNeeded_False" storage="d:\actions-runner\_work\xpco\xpco\corporate\videoos.server.unittests\bin\x64\debug\net472\videoos.server.unittests.dll" id="ce0ec4ad-4a97-7a3e-1f50-3df70b371e15">
      <TestCategory>
        <TestCategoryItem TestCategory="Licensing" />
      </TestCategory>
      <Execution id="1618def3-a69f-4e33-8915-e908e6dd7368" />
      <TestMethod codeBase="D:\actions-runner\_work\XPCO\XPCO\Corporate\VideoOS.Server.UnitTests\bin\x64\Debug\net472\VideoOS.Server.UnitTests.dll" adapterTypeName="executor://mstestadapter/v2" className="VideoOS.Server.UnitTests.Licensing.LicenseManagerUnitTests" name="IsActivationNeeded_False" />
    </UnitTest>
    <UnitTest name="HardwareScanExpressTaskCommandHandler_Execute_Arguments_Null_Throws" storage="d:\actions-runner\_work\xpco\xpco\corporate\videoos.server.unittests\bin\x64\debug\net472\videoos.server.unittests.dll" id="2f175fa8-bd7a-1a7e-9598-a021dc30fede">
      <Execution id="0e48e6d6-e3c0-4695-89e7-4f34c2cbc2b3" />
      <TestMethod codeBase="D:\actions-runner\_work\XPCO\XPCO\Corporate\VideoOS.Server.UnitTests\bin\x64\Debug\net472\VideoOS.Server.UnitTests.dll" adapterTypeName="executor://mstestadapter/v2" className="VideoOS.Server.UnitTests.CommandHandler.HardwareScanExpressTaskCommandHandlerTest" name="HardwareScanExpressTaskCommandHandler_Execute_Arguments_Null_Throws" />
    </UnitTest>
    <UnitTest name="HardwareActivatedOnWhiteList_ReplacedWithNoInheritance_HardwareNotOnWhiteList_CWAAllowed_AllDevicesInCWA" storage="d:\actions-runner\_work\xpco\xpco\corporate\videoos.server.unittests\bin\x64\debug\net472\videoos.server.unittests.dll" id="5e1e7852-4b74-8364-d566-ba1370dec921">
      <TestCategory>
        <TestCategoryItem TestCategory="Licensing Replace Hardware" />
        <TestCategoryItem TestCategory="Licensing" />
      </TestCategory>
      <Execution id="34310981-e91e-4fa6-b729-fdd574612f8a" />
      <TestMethod codeBase="D:\actions-runner\_work\XPCO\XPCO\Corporate\VideoOS.Server.UnitTests\bin\x64\Debug\net472\VideoOS.Server.UnitTests.dll" adapterTypeName="executor://mstestadapter/v2" className="VideoOS.Server.UnitTests.Licensing.LicenseAllocatorChannelTests" name="HardwareActivatedOnWhiteList_ReplacedWithNoInheritance_HardwareNotOnWhiteList_CWAAllowed_AllDevicesInCWA" />
    </UnitTest>
    <UnitTest name="AllocateLicenses_SevenHardware_25Licenses_EnablingTwoDisabledCamerasWillHaveTwoUnlicensed" storage="d:\actions-runner\_work\xpco\xpco\corporate\videoos.server.unittests\bin\x64\debug\net472\videoos.server.unittests.dll" id="9447d857-64c8-6cf8-db39-f3d427d61a65">
      <TestCategory>
        <TestCategoryItem TestCategory="Licensing" />
      </TestCategory>
      <Execution id="8526f147-5243-4c7c-bad6-3cdf2e822566" />
      <TestMethod codeBase="D:\actions-runner\_work\XPCO\XPCO\Corporate\VideoOS.Server.UnitTests\bin\x64\Debug\net472\VideoOS.Server.UnitTests.dll" adapterTypeName="executor://mstestadapter/v2" className="VideoOS.Server.UnitTests.Licensing.LicenseAllocatorChannelTests" name="AllocateLicenses_SevenHardware_25Licenses_EnablingTwoDisabledCamerasWillHaveTwoUnlicensed" />
    </UnitTest>
    <UnitTest name="ChangeHardwarePasswordTaskCommandHandler_Execute_Arguments_Null_Throws" storage="d:\actions-runner\_work\xpco\xpco\corporate\videoos.server.unittests\bin\x64\debug\net472\videoos.server.unittests.dll" id="b35358ef-a214-5c79-c3b7-90f943e58d63">
      <Execution id="f5645ea0-2c6a-4e62-b796-7ad2becf9f9b" />
      <TestMethod codeBase="D:\actions-runner\_work\XPCO\XPCO\Corporate\VideoOS.Server.UnitTests\bin\x64\Debug\net472\VideoOS.Server.UnitTests.dll" adapterTypeName="executor://mstestadapter/v2" className="VideoOS.Server.UnitTests.CommandHandler.ChangeHardwarePasswordTaskCommandHandlerTests" name="ChangeHardwarePasswordTaskCommandHandler_Execute_Arguments_Null_Throws" />
    </UnitTest>
    <UnitTest name="ConfigurationDataSetLoader_GetHardwareByRecorderId_Success" storage="d:\actions-runner\_work\xpco\xpco\corporate\videoos.server.unittests\bin\x64\debug\net472\videoos.server.unittests.dll" id="816f9c6d-fb47-2bf0-555a-d79381eb2859">
      <Execution id="a4d3f70e-5342-4938-8a8a-1a065c666027" />
      <TestMethod codeBase="D:\actions-runner\_work\XPCO\XPCO\Corporate\VideoOS.Server.UnitTests\bin\x64\Debug\net472\VideoOS.Server.UnitTests.dll" adapterTypeName="executor://mstestadapter/v2" className="VideoOS.Server.UnitTests.Configuration.ConfigurationDataSetLoaderTests" name="ConfigurationDataSetLoader_GetHardwareByRecorderId_Success" />
    </UnitTest>
    <UnitTest name="GetRecorderLicense_RegeneratesReplacementToken_OnSpaceLeftInReplacementLimit" storage="d:\actions-runner\_work\xpco\xpco\corporate\videoos.server.unittests\bin\x64\debug\net472\videoos.server.unittests.dll" id="93b11316-d1d6-b077-2764-1a3ca66eecf5">
      <TestCategory>
        <TestCategoryItem TestCategory="Licensing" />
      </TestCategory>
      <Execution id="130bcf54-49fb-42e9-bf22-34468b2190d2" />
      <TestMethod codeBase="D:\actions-runner\_work\XPCO\XPCO\Corporate\VideoOS.Server.UnitTests\bin\x64\Debug\net472\VideoOS.Server.UnitTests.dll" adapterTypeName="executor://mstestadapter/v2" className="VideoOS.Server.UnitTests.Licensing.LicenseManagerUnitTests" name="GetRecorderLicense_RegeneratesReplacementToken_OnSpaceLeftInReplacementLimit" />
    </UnitTest>
    <UnitTest name="EvidenceLockOnOldRecorderCommandHandlerTests_OldRecV2_ConfigEdit3Rows" storage="d:\actions-runner\_work\xpco\xpco\corporate\videoos.server.unittests\bin\x64\debug\net472\videoos.server.unittests.dll" id="17f84e40-a26b-78e4-2dad-26313f9b7fcc">
      <Execution id="8fbe5c3a-1399-4743-8673-fb23e5a0892c" />
      <TestMethod codeBase="D:\actions-runner\_work\XPCO\XPCO\Corporate\VideoOS.Server.UnitTests\bin\x64\Debug\net472\VideoOS.Server.UnitTests.dll" adapterTypeName="executor://mstestadapter/v2" className="VideoOS.Server.UnitTests.CommandHandler.EvidenceLockOnOldRecorderCommandHandlerTests" name="EvidenceLockOnOldRecorderCommandHandlerTests_OldRecV2_ConfigEdit3Rows" />
    </UnitTest>
    <UnitTest name="RemoveRecorderTask_ModelIsValid_Executed" storage="d:\actions-runner\_work\xpco\xpco\corporate\videoos.server.unittests\bin\x64\debug\net472\videoos.server.unittests.dll" id="db66bbd2-870f-d30e-60fa-e9406ee3f761">
      <Execution id="7fba5539-514c-4c5e-90a3-9bde146a5355" />
      <TestMethod codeBase="D:\actions-runner\_work\XPCO\XPCO\Corporate\VideoOS.Server.UnitTests\bin\x64\Debug\net472\VideoOS.Server.UnitTests.dll" adapterTypeName="executor://mstestadapter/v2" className="VideoOS.Server.UnitTests.TaskControllerTests" name="RemoveRecorderTask_ModelIsValid_Executed" />
    </UnitTest>
    <UnitTest name="ChangeHardwarePasswordRuleAction_Execute_TaskBuilderConstructionThrows_ErrorLogCreated" storage="d:\actions-runner\_work\xpco\xpco\corporate\videoos.server.unittests\bin\x64\debug\net472\videoos.server.unittests.dll" id="a8d7312b-c46b-8cf5-29bb-7947f5804bd9">
      <Execution id="35bf9e9f-6160-4ac9-a7de-1269efab83db" />
      <TestMethod codeBase="D:\actions-runner\_work\XPCO\XPCO\Corporate\VideoOS.Server.UnitTests\bin\x64\Debug\net472\VideoOS.Server.UnitTests.dll" adapterTypeName="executor://mstestadapter/v2" className="VideoOS.Server.UnitTests.RuleActions.ChangeHardwarePasswordRuleActionUnitTests" name="ChangeHardwarePasswordRuleAction_Execute_TaskBuilderConstructionThrows_ErrorLogCreated" />
    </UnitTest>
    <UnitTest name="LastAutomaticActivationErrorMessage_Cleared_OnSuccessfulManualActivation" storage="d:\actions-runner\_work\xpco\xpco\corporate\videoos.server.unittests\bin\x64\debug\net472\videoos.server.unittests.dll" id="4bdf24b4-1027-686b-e618-9c02ba4de6ac">
      <TestCategory>
        <TestCategoryItem TestCategory="Licensing" />
      </TestCategory>
      <Execution id="580e86a8-dc1c-4734-83ac-60221419348b" />
      <TestMethod codeBase="D:\actions-runner\_work\XPCO\XPCO\Corporate\VideoOS.Server.UnitTests\bin\x64\Debug\net472\VideoOS.Server.UnitTests.dll" adapterTypeName="executor://mstestadapter/v2" className="VideoOS.Server.UnitTests.Licensing.ActivationManagerTests" name="LastAutomaticActivationErrorMessage_Cleared_OnSuccessfulManualActivation" />
    </UnitTest>
    <UnitTest name="ConfigurationDataSetLoader_GetDeviceByDeviceId_Success" storage="d:\actions-runner\_work\xpco\xpco\corporate\videoos.server.unittests\bin\x64\debug\net472\videoos.server.unittests.dll" id="260c9bc9-44cf-d92d-0615-5ef8b1fdd260">
      <Execution id="e85992f0-de4a-4246-9156-d37a7209dcac" />
      <TestMethod codeBase="D:\actions-runner\_work\XPCO\XPCO\Corporate\VideoOS.Server.UnitTests\bin\x64\Debug\net472\VideoOS.Server.UnitTests.dll" adapterTypeName="executor://mstestadapter/v2" className="VideoOS.Server.UnitTests.Configuration.ConfigurationDataSetLoaderTests" name="ConfigurationDataSetLoader_GetDeviceByDeviceId_Success" />
    </UnitTest>
    <UnitTest name="GetTotalReplacementLimit_ReturnsMinimum_OnPercentagesmallerThanMinimum" storage="d:\actions-runner\_work\xpco\xpco\corporate\videoos.server.unittests\bin\x64\debug\net472\videoos.server.unittests.dll" id="64ab9353-a028-abd7-16bf-3ab6a2fb00d5">
      <TestCategory>
        <TestCategoryItem TestCategory="ReplacementLimit" />
      </TestCategory>
      <Execution id="0783cd39-8ff8-4835-bfac-0cf282f737b0" />
      <TestMethod codeBase="D:\actions-runner\_work\XPCO\XPCO\Corporate\VideoOS.Server.UnitTests\bin\x64\Debug\net472\VideoOS.Server.UnitTests.dll" adapterTypeName="executor://mstestadapter/v2" className="VideoOS.Server.UnitTests.Licensing.ReplacementLimitTests" name="GetTotalReplacementLimit_ReturnsMinimum_OnPercentagesmallerThanMinimum" />
    </UnitTest>
    <UnitTest name="TemporaryLicense_SetChangesWithoutActivationToken_SetsTokenToNotStringEmpty" storage="d:\actions-runner\_work\xpco\xpco\corporate\videoos.server.unittests\bin\x64\debug\net472\videoos.server.unittests.dll" id="1d68fd44-a83f-ce8d-5546-5210a12a7d3f">
      <TestCategory>
        <TestCategoryItem TestCategory="Licensing" />
      </TestCategory>
      <Execution id="3f2df093-202d-498a-87ee-a603703b20d1" />
      <TestMethod codeBase="D:\actions-runner\_work\XPCO\XPCO\Corporate\VideoOS.Server.UnitTests\bin\x64\Debug\net472\VideoOS.Server.UnitTests.dll" adapterTypeName="executor://mstestadapter/v2" className="VideoOS.Server.UnitTests.Licensing.HardwareLicensesUnitTests" name="TemporaryLicense_SetChangesWithoutActivationToken_SetsTokenToNotStringEmpty" />
    </UnitTest>
    <UnitTest name="EvidenceLockOnOldRecorderCommandHandlerTests_OldRec_TaskAndSecurity" storage="d:\actions-runner\_work\xpco\xpco\corporate\videoos.server.unittests\bin\x64\debug\net472\videoos.server.unittests.dll" id="2a0bb754-1adc-0aaf-66d0-16790f8a4d2c">
      <Execution id="596aefb8-ddfc-46e5-9ffb-06713c2b9187" />
      <TestMethod codeBase="D:\actions-runner\_work\XPCO\XPCO\Corporate\VideoOS.Server.UnitTests\bin\x64\Debug\net472\VideoOS.Server.UnitTests.dll" adapterTypeName="executor://mstestadapter/v2" className="VideoOS.Server.UnitTests.CommandHandler.EvidenceLockOnOldRecorderCommandHandlerTests" name="EvidenceLockOnOldRecorderCommandHandlerTests_OldRec_TaskAndSecurity" />
    </UnitTest>
    <UnitTest name="GetTotalReplacementLimit_ReturnIntMaximum_OnPercentageOneHundred" storage="d:\actions-runner\_work\xpco\xpco\corporate\videoos.server.unittests\bin\x64\debug\net472\videoos.server.unittests.dll" id="69f51caf-2be9-d08e-6810-ce001c777fb4">
      <TestCategory>
        <TestCategoryItem TestCategory="ReplacementLimit" />
      </TestCategory>
      <Execution id="ad454c34-9dc8-48ce-a82b-2b402a65c164" />
      <TestMethod codeBase="D:\actions-runner\_work\XPCO\XPCO\Corporate\VideoOS.Server.UnitTests\bin\x64\Debug\net472\VideoOS.Server.UnitTests.dll" adapterTypeName="executor://mstestadapter/v2" className="VideoOS.Server.UnitTests.Licensing.ReplacementLimitTests" name="GetTotalReplacementLimit_ReturnIntMaximum_OnPercentageOneHundred" />
    </UnitTest>
    <UnitTest name="ChangeHardwarePasswordRuleAction_Execute_SunnyDay_CleanupIsCalled" storage="d:\actions-runner\_work\xpco\xpco\corporate\videoos.server.unittests\bin\x64\debug\net472\videoos.server.unittests.dll" id="f16cf963-f1fd-a482-1f8d-a5f88ac77836">
      <Execution id="903a4192-b911-4aab-87d9-3327cf13f05f" />
      <TestMethod codeBase="D:\actions-runner\_work\XPCO\XPCO\Corporate\VideoOS.Server.UnitTests\bin\x64\Debug\net472\VideoOS.Server.UnitTests.dll" adapterTypeName="executor://mstestadapter/v2" className="VideoOS.Server.UnitTests.RuleActions.ChangeHardwarePasswordRuleActionUnitTests" name="ChangeHardwarePasswordRuleAction_Execute_SunnyDay_CleanupIsCalled" />
    </UnitTest>
    <UnitTest name="GenerateIntegrationRegistrationsAsXml_Success_ValidXmlWithIntegrationRegistration" storage="d:\actions-runner\_work\xpco\xpco\corporate\videoos.server.unittests\bin\x64\debug\net472\videoos.server.unittests.dll" id="02013f03-f3c8-ae40-1d17-a301222d6f0c">
      <TestCategory>
        <TestCategoryItem TestCategory="Licensing" />
      </TestCategory>
      <Execution id="0d96c3c5-38e2-4201-803f-26c458416ff0" />
      <TestMethod codeBase="D:\actions-runner\_work\XPCO\XPCO\Corporate\VideoOS.Server.UnitTests\bin\x64\Debug\net472\VideoOS.Server.UnitTests.dll" adapterTypeName="executor://mstestadapter/v2" className="VideoOS.Server.UnitTests.Licensing.LicenseRequestChannelTests" name="GenerateIntegrationRegistrationsAsXml_Success_ValidXmlWithIntegrationRegistration" />
    </UnitTest>
    <UnitTest name="UpdateEvidenceLockSizesCommandHandlerTests_ServerIsClosingNoAction" storage="d:\actions-runner\_work\xpco\xpco\corporate\videoos.server.unittests\bin\x64\debug\net472\videoos.server.unittests.dll" id="34de5a19-746a-4505-8d20-054e2c088792">
      <Execution id="d4bc5cbe-6f01-4657-8377-b4c2e596a808" />
      <TestMethod codeBase="D:\actions-runner\_work\XPCO\XPCO\Corporate\VideoOS.Server.UnitTests\bin\x64\Debug\net472\VideoOS.Server.UnitTests.dll" adapterTypeName="executor://mstestadapter/v2" className="VideoOS.Server.UnitTests.CommandHandler.UpdateEvidenceLockSizesCommandHandlerTests" name="UpdateEvidenceLockSizesCommandHandlerTests_ServerIsClosingNoAction" />
    </UnitTest>
    <UnitTest name="LicenseCountManager_IsHardwareWithoutEnabledCamerasLicensed_ReturnsTrue_WhenAddLicensedHardwareCalledFirst_NotFreeLicense" storage="d:\actions-runner\_work\xpco\xpco\corporate\videoos.server.unittests\bin\x64\debug\net472\videoos.server.unittests.dll" id="6f68000e-a2fd-05b2-ad24-f91ef4d642d9">
      <TestCategory>
        <TestCategoryItem TestCategory="Licensing" />
      </TestCategory>
      <Execution id="a46f9697-37d7-4539-b53b-cf7e237a77b2" />
      <TestMethod codeBase="D:\actions-runner\_work\XPCO\XPCO\Corporate\VideoOS.Server.UnitTests\bin\x64\Debug\net472\VideoOS.Server.UnitTests.dll" adapterTypeName="executor://mstestadapter/v2" className="VideoOS.Server.UnitTests.Licensing.LicenseCountManagerUnitTests" name="LicenseCountManager_IsHardwareWithoutEnabledCamerasLicensed_ReturnsTrue_WhenAddLicensedHardwareCalledFirst_NotFreeLicense" />
    </UnitTest>
    <UnitTest name="EvidenceLockOnOldRecorderCommandHandlerTests_ArgumentChecks" storage="d:\actions-runner\_work\xpco\xpco\corporate\videoos.server.unittests\bin\x64\debug\net472\videoos.server.unittests.dll" id="8c0fccc1-43fa-d4b9-bb3c-3f11a0c20b5f">
      <Execution id="38d6a714-afe3-4e49-9c5d-b57a43c9a00c" />
      <TestMethod codeBase="D:\actions-runner\_work\XPCO\XPCO\Corporate\VideoOS.Server.UnitTests\bin\x64\Debug\net472\VideoOS.Server.UnitTests.dll" adapterTypeName="executor://mstestadapter/v2" className="VideoOS.Server.UnitTests.CommandHandler.EvidenceLockOnOldRecorderCommandHandlerTests" name="EvidenceLockOnOldRecorderCommandHandlerTests_ArgumentChecks" />
    </UnitTest>
    <UnitTest name="ChannelLicenseCountManager_HardwareRecorderRelation_Success" storage="d:\actions-runner\_work\xpco\xpco\corporate\videoos.server.unittests\bin\x64\debug\net472\videoos.server.unittests.dll" id="18e165c1-f7a6-634a-9110-df55c01ad37f">
      <TestCategory>
        <TestCategoryItem TestCategory="Licensing" />
      </TestCategory>
      <Execution id="31f6a985-08a0-4621-ba2b-15c3784235da" />
      <TestMethod codeBase="D:\actions-runner\_work\XPCO\XPCO\Corporate\VideoOS.Server.UnitTests\bin\x64\Debug\net472\VideoOS.Server.UnitTests.dll" adapterTypeName="executor://mstestadapter/v2" className="VideoOS.Server.UnitTests.Licensing.LicenseCountManagerUnitTests" name="ChannelLicenseCountManager_HardwareRecorderRelation_Success" />
    </UnitTest>
    <UnitTest name="LastAutomaticActivationErrorMessage_Set_OnFailedActivation" storage="d:\actions-runner\_work\xpco\xpco\corporate\videoos.server.unittests\bin\x64\debug\net472\videoos.server.unittests.dll" id="6c5ecedb-b43e-7486-b59e-580142222e3e">
      <TestCategory>
        <TestCategoryItem TestCategory="Licensing" />
      </TestCategory>
      <Execution id="d48432e8-5251-41b1-be2a-31aff291e696" />
      <TestMethod codeBase="D:\actions-runner\_work\XPCO\XPCO\Corporate\VideoOS.Server.UnitTests\bin\x64\Debug\net472\VideoOS.Server.UnitTests.dll" adapterTypeName="executor://mstestadapter/v2" className="VideoOS.Server.UnitTests.Licensing.ActivationManagerTests" name="LastAutomaticActivationErrorMessage_Set_OnFailedActivation" />
    </UnitTest>
    <UnitTest name="EvidenceLockOnOldRecorderCommandHandlerTests_OldRecV2_ConfigDelete3Rows" storage="d:\actions-runner\_work\xpco\xpco\corporate\videoos.server.unittests\bin\x64\debug\net472\videoos.server.unittests.dll" id="75fbb0cd-c2fa-1c95-0160-f622d5b45092">
      <Execution id="a68d1c98-a0d1-4c30-9ad4-7ce90549f439" />
      <TestMethod codeBase="D:\actions-runner\_work\XPCO\XPCO\Corporate\VideoOS.Server.UnitTests\bin\x64\Debug\net472\VideoOS.Server.UnitTests.dll" adapterTypeName="executor://mstestadapter/v2" className="VideoOS.Server.UnitTests.CommandHandler.EvidenceLockOnOldRecorderCommandHandlerTests" name="EvidenceLockOnOldRecorderCommandHandlerTests_OldRecV2_ConfigDelete3Rows" />
    </UnitTest>
    <UnitTest name="CheckMsFailoverStatusCommandHandler_Execute_Https_InvokeEventTrue_InvalidResponse_ShouldNotTrigger" storage="d:\actions-runner\_work\xpco\xpco\corporate\videoos.server.unittests\bin\x64\debug\net472\videoos.server.unittests.dll" id="9efe8d67-d061-8a16-2a6f-cc0f412a1643">
      <Execution id="46147bf8-2271-4447-8d23-620464b4c9e9" />
      <TestMethod codeBase="D:\actions-runner\_work\XPCO\XPCO\Corporate\VideoOS.Server.UnitTests\bin\x64\Debug\net472\VideoOS.Server.UnitTests.dll" adapterTypeName="executor://mstestadapter/v2" className="VideoOS.Server.UnitTests.CommandHandler.CheckMsFailoverStatusCommandHandlerUnitTest" name="CheckMsFailoverStatusCommandHandler_Execute_Https_InvokeEventTrue_InvalidResponse_ShouldNotTrigger" />
    </UnitTest>
    <UnitTest name="FailResponse_ModelIsNull_BadRequestResult" storage="d:\actions-runner\_work\xpco\xpco\corporate\videoos.server.unittests\bin\x64\debug\net472\videoos.server.unittests.dll" id="27d010b7-073a-bedd-c4ca-0b3ec69f3aae">
      <Execution id="e6a85751-6c83-491c-8d11-f8cdef2a2362" />
      <TestMethod codeBase="D:\actions-runner\_work\XPCO\XPCO\Corporate\VideoOS.Server.UnitTests\bin\x64\Debug\net472\VideoOS.Server.UnitTests.dll" adapterTypeName="executor://mstestadapter/v2" className="VideoOS.Server.UnitTests.WebApi.ResponseControllerTest" name="FailResponse_ModelIsNull_BadRequestResult" />
    </UnitTest>
    <UnitTest name="IsActivationQueued_IsFalse_Initially" storage="d:\actions-runner\_work\xpco\xpco\corporate\videoos.server.unittests\bin\x64\debug\net472\videoos.server.unittests.dll" id="6bd5b1f8-f899-7ea6-5da0-57f14ba99ccc">
      <TestCategory>
        <TestCategoryItem TestCategory="Licensing" />
      </TestCategory>
      <Execution id="1842337b-3008-45f2-9e78-bbc55b8ab2ec" />
      <TestMethod codeBase="D:\actions-runner\_work\XPCO\XPCO\Corporate\VideoOS.Server.UnitTests\bin\x64\Debug\net472\VideoOS.Server.UnitTests.dll" adapterTypeName="executor://mstestadapter/v2" className="VideoOS.Server.UnitTests.Licensing.ActivationManagerTests" name="IsActivationQueued_IsFalse_Initially" />
    </UnitTest>
    <UnitTest name="SynchronizeDevicePresetsResponse_ModelIsValid_CommandExecuted" storage="d:\actions-runner\_work\xpco\xpco\corporate\videoos.server.unittests\bin\x64\debug\net472\videoos.server.unittests.dll" id="ca8707b1-fdbb-1240-3ed3-aec73e9fbd04">
      <Execution id="b9b0aa69-bd6e-4eec-8070-90de1f28a285" />
      <TestMethod codeBase="D:\actions-runner\_work\XPCO\XPCO\Corporate\VideoOS.Server.UnitTests\bin\x64\Debug\net472\VideoOS.Server.UnitTests.dll" adapterTypeName="executor://mstestadapter/v2" className="VideoOS.Server.UnitTests.WebApi.ResponseControllerTest" name="SynchronizeDevicePresetsResponse_ModelIsValid_CommandExecuted" />
    </UnitTest>
    <UnitTest name="CheckMsFailoverStatusCommandHandler_Execute_InvokeEventTrue_ShouldNotTrigger" storage="d:\actions-runner\_work\xpco\xpco\corporate\videoos.server.unittests\bin\x64\debug\net472\videoos.server.unittests.dll" id="4c0bc591-f9bc-3020-eca2-2051fea13486">
      <Execution id="3d04045a-28ff-4a98-9014-749b6300dd3f" />
      <TestMethod codeBase="D:\actions-runner\_work\XPCO\XPCO\Corporate\VideoOS.Server.UnitTests\bin\x64\Debug\net472\VideoOS.Server.UnitTests.dll" adapterTypeName="executor://mstestadapter/v2" className="VideoOS.Server.UnitTests.CommandHandler.CheckMsFailoverStatusCommandHandlerUnitTest" name="CheckMsFailoverStatusCommandHandler_Execute_InvokeEventTrue_ShouldNotTrigger" />
    </UnitTest>
    <UnitTest name="AllocateLicenses_OneHardwareWithTenCameras_GetsFiveInGraceAndFiveInCWA_Success" storage="d:\actions-runner\_work\xpco\xpco\corporate\videoos.server.unittests\bin\x64\debug\net472\videoos.server.unittests.dll" id="9e5cbe5c-eb19-54b0-69e8-8cc53a9c52ec">
      <TestCategory>
        <TestCategoryItem TestCategory="Licensing" />
      </TestCategory>
      <Execution id="0ee75ab0-6af5-4ad3-b020-486fd2d4c3f1" />
      <TestMethod codeBase="D:\actions-runner\_work\XPCO\XPCO\Corporate\VideoOS.Server.UnitTests\bin\x64\Debug\net472\VideoOS.Server.UnitTests.dll" adapterTypeName="executor://mstestadapter/v2" className="VideoOS.Server.UnitTests.Licensing.LicenseAllocatorChannelTests" name="AllocateLicenses_OneHardwareWithTenCameras_GetsFiveInGraceAndFiveInCWA_Success" />
    </UnitTest>
    <UnitTest name="SessionDataManager_Store_NullCheck" storage="d:\actions-runner\_work\xpco\xpco\corporate\videoos.server.unittests\bin\x64\debug\net472\videoos.server.unittests.dll" id="8e3546fa-c787-88c0-b0a3-fc1e85bae175">
      <Execution id="2e6308e0-5100-4858-a974-d58ca82afc1c" />
      <TestMethod codeBase="D:\actions-runner\_work\XPCO\XPCO\Corporate\VideoOS.Server.UnitTests\bin\x64\Debug\net472\VideoOS.Server.UnitTests.dll" adapterTypeName="executor://mstestadapter/v2" className="VideoOS.Server.UnitTests.Tasks.SessionDataManagerTests" name="SessionDataManager_Store_NullCheck" />
    </UnitTest>
    <UnitTest name="HardwareActivatedNotOnWhiteList_ReplacedWithNoInheritance_HardwareNotOnWhiteList_DifferentCameraChannels_SomeGraceSomeCWA" storage="d:\actions-runner\_work\xpco\xpco\corporate\videoos.server.unittests\bin\x64\debug\net472\videoos.server.unittests.dll" id="5a9e08ea-a0c8-9a43-60de-b13ced81a7fa">
      <TestCategory>
        <TestCategoryItem TestCategory="Licensing Replace Hardware" />
        <TestCategoryItem TestCategory="Licensing" />
      </TestCategory>
      <Execution id="ccb924de-2392-4fae-bb1d-cfac6bdb1142" />
      <TestMethod codeBase="D:\actions-runner\_work\XPCO\XPCO\Corporate\VideoOS.Server.UnitTests\bin\x64\Debug\net472\VideoOS.Server.UnitTests.dll" adapterTypeName="executor://mstestadapter/v2" className="VideoOS.Server.UnitTests.Licensing.LicenseAllocatorChannelTests" name="HardwareActivatedNotOnWhiteList_ReplacedWithNoInheritance_HardwareNotOnWhiteList_DifferentCameraChannels_SomeGraceSomeCWA" />
    </UnitTest>
    <UnitTest name="VideoWallCommand_ModelIsNull_BadRequestResult" storage="d:\actions-runner\_work\xpco\xpco\corporate\videoos.server.unittests\bin\x64\debug\net472\videoos.server.unittests.dll" id="2f87be75-276d-5f8b-8ad2-6536e89b23ad">
      <Execution id="0ab9ef11-b9c0-42d4-bf36-0deea2cab9b8" />
      <TestMethod codeBase="D:\actions-runner\_work\XPCO\XPCO\Corporate\VideoOS.Server.UnitTests\bin\x64\Debug\net472\VideoOS.Server.UnitTests.dll" adapterTypeName="executor://mstestadapter/v2" className="VideoOS.Server.UnitTests.ServerCommmandsControllerTests" name="VideoWallCommand_ModelIsNull_BadRequestResult" />
    </UnitTest>
    <UnitTest name="DeviceLicense_GetLicense_NullDeviceInfo_Throws_ArgumentException" storage="d:\actions-runner\_work\xpco\xpco\corporate\videoos.server.unittests\bin\x64\debug\net472\videoos.server.unittests.dll" id="acb3bee3-815d-0e62-c834-e669f2acf8d8">
      <Execution id="7a597c85-40c4-4f97-b784-385c4c3a3a18" />
      <TestMethod codeBase="D:\actions-runner\_work\XPCO\XPCO\Corporate\VideoOS.Server.UnitTests\bin\x64\Debug\net472\VideoOS.Server.UnitTests.dll" adapterTypeName="executor://mstestadapter/v2" className="VideoOS.Server.UnitTests.Licensing.LicenseSnapshotTests" name="DeviceLicense_GetLicense_NullDeviceInfo_Throws_ArgumentException" />
    </UnitTest>
    <UnitTest name="ValidateParameter_NullLicenseDeviceInfo_Expect_ArgumentNullException" storage="d:\actions-runner\_work\xpco\xpco\corporate\videoos.server.unittests\bin\x64\debug\net472\videoos.server.unittests.dll" id="20ca43c6-2f14-43d9-a49c-571d28462c6a">
      <TestCategory>
        <TestCategoryItem TestCategory="Licensing" />
      </TestCategory>
      <Execution id="dabfddec-4597-4124-a8f8-a0b9ceadecab" />
      <TestMethod codeBase="D:\actions-runner\_work\XPCO\XPCO\Corporate\VideoOS.Server.UnitTests\bin\x64\Debug\net472\VideoOS.Server.UnitTests.dll" adapterTypeName="executor://mstestadapter/v2" className="VideoOS.Server.UnitTests.Licensing.LicenseAllocatorChannelTests" name="ValidateParameter_NullLicenseDeviceInfo_Expect_ArgumentNullException" />
    </UnitTest>
    <UnitTest name="RecorderLicense_FindById_EmptyGuid_Throws_ArgumentException" storage="d:\actions-runner\_work\xpco\xpco\corporate\videoos.server.unittests\bin\x64\debug\net472\videoos.server.unittests.dll" id="997ec17f-7be5-22f4-8e7f-5f6553c6f954">
      <Execution id="3573d3d8-09b6-4f2e-a2c1-06e51b19159f" />
      <TestMethod codeBase="D:\actions-runner\_work\XPCO\XPCO\Corporate\VideoOS.Server.UnitTests\bin\x64\Debug\net472\VideoOS.Server.UnitTests.dll" adapterTypeName="executor://mstestadapter/v2" className="VideoOS.Server.UnitTests.Licensing.LicenseSnapshotTests" name="RecorderLicense_FindById_EmptyGuid_Throws_ArgumentException" />
    </UnitTest>
    <UnitTest name="UpdateHardwareDriverCommandHandler_Execute_Arguments_Null_Throws" storage="d:\actions-runner\_work\xpco\xpco\corporate\videoos.server.unittests\bin\x64\debug\net472\videoos.server.unittests.dll" id="f560dcde-067b-0afa-0fd6-a7ba27afdf2f">
      <Execution id="0e551e8a-12a5-41c0-989b-c11bc7c55635" />
      <TestMethod codeBase="D:\actions-runner\_work\XPCO\XPCO\Corporate\VideoOS.Server.UnitTests\bin\x64\Debug\net472\VideoOS.Server.UnitTests.dll" adapterTypeName="executor://mstestadapter/v2" className="VideoOS.Server.UnitTests.CommandHandler.UpdateHardwareDriverCommandHandlerTests" name="UpdateHardwareDriverCommandHandler_Execute_Arguments_Null_Throws" />
    </UnitTest>
    <UnitTest name="AllocateLicense_5Available_OneHardware_AlreadyLicensedInLicFile_InsufficientCameraCountInLicenseFileForHardwareCameraFeeds_1InChangesWithoutActivation_IncrementEnabledCameras" storage="d:\actions-runner\_work\xpco\xpco\corporate\videoos.server.unittests\bin\x64\debug\net472\videoos.server.unittests.dll" id="bdd2922d-084a-f7c1-33c0-95be80f9e839">
      <TestCategory>
        <TestCategoryItem TestCategory="Licensing" />
      </TestCategory>
      <Execution id="4da94b7d-6ac4-4d6b-a0bf-4c7d796a1ed5" />
      <TestMethod codeBase="D:\actions-runner\_work\XPCO\XPCO\Corporate\VideoOS.Server.UnitTests\bin\x64\Debug\net472\VideoOS.Server.UnitTests.dll" adapterTypeName="executor://mstestadapter/v2" className="VideoOS.Server.UnitTests.Licensing.LicenseAllocatorChannelTests" name="AllocateLicense_5Available_OneHardware_AlreadyLicensedInLicFile_InsufficientCameraCountInLicenseFileForHardwareCameraFeeds_1InChangesWithoutActivation_IncrementEnabledCameras" />
    </UnitTest>
    <UnitTest name="HardwareScanExpressTaskCommandHandler_Execute_Timeout_FailResponse" storage="d:\actions-runner\_work\xpco\xpco\corporate\videoos.server.unittests\bin\x64\debug\net472\videoos.server.unittests.dll" id="ec814362-5678-9178-3c3f-acbc4e24f5e1">
      <Execution id="606a47a1-1883-43b0-a0b9-c424c8100041" />
      <TestMethod codeBase="D:\actions-runner\_work\XPCO\XPCO\Corporate\VideoOS.Server.UnitTests\bin\x64\Debug\net472\VideoOS.Server.UnitTests.dll" adapterTypeName="executor://mstestadapter/v2" className="VideoOS.Server.UnitTests.CommandHandler.HardwareScanExpressTaskCommandHandlerTest" name="HardwareScanExpressTaskCommandHandler_Execute_Timeout_FailResponse" />
    </UnitTest>
    <UnitTest name="Ctor_IdpBundleIntervalOutOfRange_ThrowsArgumentOutOfRangeException" storage="d:\actions-runner\_work\xpco\xpco\corporate\videoos.server.unittests\bin\x64\debug\net472\videoos.server.unittests.dll" id="25135369-36d9-5d01-0cef-3b28ec7b5e4c">
      <Execution id="10cc778c-d7d5-48d2-b6b5-c31ff7a9c542" />
      <TestMethod codeBase="D:\actions-runner\_work\XPCO\XPCO\Corporate\VideoOS.Server.UnitTests\bin\x64\Debug\net472\VideoOS.Server.UnitTests.dll" adapterTypeName="executor://mstestadapter/v2" className="VideoOS.Server.UnitTests.Log.IdpLogRetrieverTests" name="Ctor_IdpBundleIntervalOutOfRange_ThrowsArgumentOutOfRangeException" />
    </UnitTest>
    <UnitTest name="AllocateLicenses_NotActivated_OneUnlicensed_AddHardwareLicenseAndEnableCamera_DeviceRemovedFromCWA_CameraInChangesWithoutActivation" storage="d:\actions-runner\_work\xpco\xpco\corporate\videoos.server.unittests\bin\x64\debug\net472\videoos.server.unittests.dll" id="6922d059-f036-7ed8-9a45-1c7d4b784274">
      <TestCategory>
        <TestCategoryItem TestCategory="Licensing" />
      </TestCategory>
      <Execution id="d31dd4db-4a79-4feb-9a9a-a39e6f937fb2" />
      <TestMethod codeBase="D:\actions-runner\_work\XPCO\XPCO\Corporate\VideoOS.Server.UnitTests\bin\x64\Debug\net472\VideoOS.Server.UnitTests.dll" adapterTypeName="executor://mstestadapter/v2" className="VideoOS.Server.UnitTests.Licensing.LicenseAllocatorChannelTests" name="AllocateLicenses_NotActivated_OneUnlicensed_AddHardwareLicenseAndEnableCamera_DeviceRemovedFromCWA_CameraInChangesWithoutActivation" />
    </UnitTest>
    <UnitTest name="Simulate_ActivatedHardware_WhitelistedHardware_HardwareWithCameras_TwoRecordingServers_CountsAreCorrect" storage="d:\actions-runner\_work\xpco\xpco\corporate\videoos.server.unittests\bin\x64\debug\net472\videoos.server.unittests.dll" id="ce843775-f582-0f1d-bc7b-b8a7c6f03a72">
      <TestCategory>
        <TestCategoryItem TestCategory="Licensing" />
      </TestCategory>
      <Execution id="6030f4fa-cdfb-4944-b521-9df37df96aa8" />
      <TestMethod codeBase="D:\actions-runner\_work\XPCO\XPCO\Corporate\VideoOS.Server.UnitTests\bin\x64\Debug\net472\VideoOS.Server.UnitTests.dll" adapterTypeName="executor://mstestadapter/v2" className="VideoOS.Server.UnitTests.Licensing.LicenseAllocatorChannelTests" name="Simulate_ActivatedHardware_WhitelistedHardware_HardwareWithCameras_TwoRecordingServers_CountsAreCorrect" />
    </UnitTest>
    <UnitTest name="FromXml_ThrowsArgumentNullException_OnNullXml" storage="d:\actions-runner\_work\xpco\xpco\corporate\videoos.server.unittests\bin\x64\debug\net472\videoos.server.unittests.dll" id="17c344c5-762f-e25a-c151-aba7a5f20278">
      <Execution id="bc6460c5-2645-4b42-a15d-a1e2e5c46eb0" />
      <TestMethod codeBase="D:\actions-runner\_work\XPCO\XPCO\Corporate\VideoOS.Server.UnitTests\bin\x64\Debug\net472\VideoOS.Server.UnitTests.dll" adapterTypeName="executor://mstestadapter/v2" className="VideoOS.Server.UnitTests.Licensing.LicenseInformationUnitTests" name="FromXml_ThrowsArgumentNullException_OnNullXml" />
    </UnitTest>
    <UnitTest name="DeviceLicense_AddNew_IsUpdated_SetToTrue_Success" storage="d:\actions-runner\_work\xpco\xpco\corporate\videoos.server.unittests\bin\x64\debug\net472\videoos.server.unittests.dll" id="6d4f6a03-ce2a-a013-df02-981c6a6b55d0">
      <Execution id="544fc6d6-2da6-4d1b-a3ab-2a16f11655c5" />
      <TestMethod codeBase="D:\actions-runner\_work\XPCO\XPCO\Corporate\VideoOS.Server.UnitTests\bin\x64\Debug\net472\VideoOS.Server.UnitTests.dll" adapterTypeName="executor://mstestadapter/v2" className="VideoOS.Server.UnitTests.Licensing.LicenseSnapshotTests" name="DeviceLicense_AddNew_IsUpdated_SetToTrue_Success" />
    </UnitTest>
    <UnitTest name="DatabaseResponseDiskUsage_ModelIsNull_BadRequestResult" storage="d:\actions-runner\_work\xpco\xpco\corporate\videoos.server.unittests\bin\x64\debug\net472\videoos.server.unittests.dll" id="f52db0e2-1ec3-1fbd-af9d-43162767844c">
      <Execution id="bb0274e4-a6cb-4259-b2fe-d4dcf1c6d9a2" />
      <TestMethod codeBase="D:\actions-runner\_work\XPCO\XPCO\Corporate\VideoOS.Server.UnitTests\bin\x64\Debug\net472\VideoOS.Server.UnitTests.dll" adapterTypeName="executor://mstestadapter/v2" className="VideoOS.Server.UnitTests.WebApi.ResponseControllerTest" name="DatabaseResponseDiskUsage_ModelIsNull_BadRequestResult" />
    </UnitTest>
    <UnitTest name="CheckConfigurationDataSetTest_SnmpNotLicensedFail" storage="d:\actions-runner\_work\xpco\xpco\corporate\videoos.server.unittests\bin\x64\debug\net472\videoos.server.unittests.dll" id="5242d8f5-8368-27b0-73a0-982f5ce04fc4">
      <Execution id="8e71b689-b091-494a-9278-320201f8df2e" />
      <TestMethod codeBase="D:\actions-runner\_work\XPCO\XPCO\Corporate\VideoOS.Server.UnitTests\bin\x64\Debug\net472\VideoOS.Server.UnitTests.dll" adapterTypeName="executor://mstestadapter/v2" className="VideoOS.Server.UnitTests.Licensing.LicenseFeatureCheckerTest" name="CheckConfigurationDataSetTest_SnmpNotLicensedFail" />
    </UnitTest>
    <UnitTest name="AllocateLicenses_CreateCamera_5Channels_ActivateLicensePlacingHardwareOnWhiteList_VerifyCountGoesFrom5To1" storage="d:\actions-runner\_work\xpco\xpco\corporate\videoos.server.unittests\bin\x64\debug\net472\videoos.server.unittests.dll" id="b4c91d6c-8794-a409-2700-e0378bc7c9c2">
      <TestCategory>
        <TestCategoryItem TestCategory="Licensing" />
      </TestCategory>
      <Execution id="dcfa2eae-d1ef-4480-8167-ad1e58d3982f" />
      <TestMethod codeBase="D:\actions-runner\_work\XPCO\XPCO\Corporate\VideoOS.Server.UnitTests\bin\x64\Debug\net472\VideoOS.Server.UnitTests.dll" adapterTypeName="executor://mstestadapter/v2" className="VideoOS.Server.UnitTests.Licensing.LicenseAllocatorChannelTests" name="AllocateLicenses_CreateCamera_5Channels_ActivateLicensePlacingHardwareOnWhiteList_VerifyCountGoesFrom5To1" />
    </UnitTest>
    <UnitTest name="EvidenceLockOnOldRecorderCommandHandlerTests_OldRecV1_ConfigAdd1RowEdge" storage="d:\actions-runner\_work\xpco\xpco\corporate\videoos.server.unittests\bin\x64\debug\net472\videoos.server.unittests.dll" id="490e7964-564a-533a-f8bb-4cc32aa32787">
      <Execution id="658a36cf-6a19-4c58-b3b5-df46542a5907" />
      <TestMethod codeBase="D:\actions-runner\_work\XPCO\XPCO\Corporate\VideoOS.Server.UnitTests\bin\x64\Debug\net472\VideoOS.Server.UnitTests.dll" adapterTypeName="executor://mstestadapter/v2" className="VideoOS.Server.UnitTests.CommandHandler.EvidenceLockOnOldRecorderCommandHandlerTests" name="EvidenceLockOnOldRecorderCommandHandlerTests_OldRecV1_ConfigAdd1RowEdge" />
    </UnitTest>
    <UnitTest name="ChannelLicenseCountManager_CameraFeedLicenseValue_NullDeviceInfo_ThrowsArgumentNullException" storage="d:\actions-runner\_work\xpco\xpco\corporate\videoos.server.unittests\bin\x64\debug\net472\videoos.server.unittests.dll" id="556ef067-8a7f-0b03-0c08-c56040944f06">
      <TestCategory>
        <TestCategoryItem TestCategory="Licensing" />
      </TestCategory>
      <Execution id="3547c03d-f308-4f10-890c-35aa8e283033" />
      <TestMethod codeBase="D:\actions-runner\_work\XPCO\XPCO\Corporate\VideoOS.Server.UnitTests\bin\x64\Debug\net472\VideoOS.Server.UnitTests.dll" adapterTypeName="executor://mstestadapter/v2" className="VideoOS.Server.UnitTests.Licensing.LicenseCountManagerUnitTests" name="ChannelLicenseCountManager_CameraFeedLicenseValue_NullDeviceInfo_ThrowsArgumentNullException" />
    </UnitTest>
    <UnitTest name="MoveHardwareTaskCommandHandler_Execute_Driver_Versions_Different_Success_With_Warnings" storage="d:\actions-runner\_work\xpco\xpco\corporate\videoos.server.unittests\bin\x64\debug\net472\videoos.server.unittests.dll" id="91acfdfe-b3ca-39a1-a1fe-286d51d61a08">
      <Execution id="752cd4c4-3025-4da3-b061-9eb830512cbb" />
      <TestMethod codeBase="D:\actions-runner\_work\XPCO\XPCO\Corporate\VideoOS.Server.UnitTests\bin\x64\Debug\net472\VideoOS.Server.UnitTests.dll" adapterTypeName="executor://mstestadapter/v2" className="VideoOS.Server.UnitTests.CommandHandler.MoveHardwareTaskCommandHandlerTests" name="MoveHardwareTaskCommandHandler_Execute_Driver_Versions_Different_Success_With_Warnings" />
    </UnitTest>
    <UnitTest name="AllocateLicenses_NotActivated_SixDevices_FifteenEnabledCameraChannels_LicenseCountFive_FiveGraceAndTenUnlicensed" storage="d:\actions-runner\_work\xpco\xpco\corporate\videoos.server.unittests\bin\x64\debug\net472\videoos.server.unittests.dll" id="8ff662f7-902d-1d8f-6cc5-cf300f29f4ab">
      <TestCategory>
        <TestCategoryItem TestCategory="Licensing" />
      </TestCategory>
      <Execution id="24c144e6-6348-4554-a23a-29ca94373bbb" />
      <TestMethod codeBase="D:\actions-runner\_work\XPCO\XPCO\Corporate\VideoOS.Server.UnitTests\bin\x64\Debug\net472\VideoOS.Server.UnitTests.dll" adapterTypeName="executor://mstestadapter/v2" className="VideoOS.Server.UnitTests.Licensing.LicenseAllocatorChannelTests" name="AllocateLicenses_NotActivated_SixDevices_FifteenEnabledCameraChannels_LicenseCountFive_FiveGraceAndTenUnlicensed" />
    </UnitTest>
    <UnitTest name="ProgressResponse_ModelIsNull_BadRequestResult" storage="d:\actions-runner\_work\xpco\xpco\corporate\videoos.server.unittests\bin\x64\debug\net472\videoos.server.unittests.dll" id="f499f5ec-ad18-8304-64bd-c766451387c9">
      <Execution id="8eb2b708-e98a-4bf9-84a3-33663ae01699" />
      <TestMethod codeBase="D:\actions-runner\_work\XPCO\XPCO\Corporate\VideoOS.Server.UnitTests\bin\x64\Debug\net472\VideoOS.Server.UnitTests.dll" adapterTypeName="executor://mstestadapter/v2" className="VideoOS.Server.UnitTests.WebApi.ResponseControllerTest" name="ProgressResponse_ModelIsNull_BadRequestResult" />
    </UnitTest>
    <UnitTest name="HardwareLicense_RemoveExistingLicense_Success" storage="d:\actions-runner\_work\xpco\xpco\corporate\videoos.server.unittests\bin\x64\debug\net472\videoos.server.unittests.dll" id="9ba93e8f-3a3e-a383-b7e6-302d9e524cad">
      <Execution id="d1719d8f-d8ff-4f1c-878f-217fe514d742" />
      <TestMethod codeBase="D:\actions-runner\_work\XPCO\XPCO\Corporate\VideoOS.Server.UnitTests\bin\x64\Debug\net472\VideoOS.Server.UnitTests.dll" adapterTypeName="executor://mstestadapter/v2" className="VideoOS.Server.UnitTests.Licensing.LicenseSnapshotTests" name="HardwareLicense_RemoveExistingLicense_Success" />
    </UnitTest>
    <UnitTest name="IsActivationNeeded_True_ICP_CamerasAdded" storage="d:\actions-runner\_work\xpco\xpco\corporate\videoos.server.unittests\bin\x64\debug\net472\videoos.server.unittests.dll" id="b51937f9-2164-2ef5-8ffc-3d90a1d1e816">
      <TestCategory>
        <TestCategoryItem TestCategory="Licensing" />
      </TestCategory>
      <Execution id="1dbe003b-dded-451b-9e17-7b5c5d1c8767" />
      <TestMethod codeBase="D:\actions-runner\_work\XPCO\XPCO\Corporate\VideoOS.Server.UnitTests\bin\x64\Debug\net472\VideoOS.Server.UnitTests.dll" adapterTypeName="executor://mstestadapter/v2" className="VideoOS.Server.UnitTests.Licensing.LicenseManagerUnitTests" name="IsActivationNeeded_True_ICP_CamerasAdded" />
    </UnitTest>
    <UnitTest name="EvidenceLockOnOldRecorderCommandHandlerTests_OldRec_RetryOnFailResponse_ConfigDelete" storage="d:\actions-runner\_work\xpco\xpco\corporate\videoos.server.unittests\bin\x64\debug\net472\videoos.server.unittests.dll" id="38ca6103-72ab-8c78-9edf-28931b86d13c">
      <Execution id="a516fee7-b421-489d-8399-0612f3467ec5" />
      <TestMethod codeBase="D:\actions-runner\_work\XPCO\XPCO\Corporate\VideoOS.Server.UnitTests\bin\x64\Debug\net472\VideoOS.Server.UnitTests.dll" adapterTypeName="executor://mstestadapter/v2" className="VideoOS.Server.UnitTests.CommandHandler.EvidenceLockOnOldRecorderCommandHandlerTests" name="EvidenceLockOnOldRecorderCommandHandlerTests_OldRec_RetryOnFailResponse_ConfigDelete" />
    </UnitTest>
    <UnitTest name="LicenseHardwareRow_Validate_DeletedRowCanBeReinstated_ChangesNotAccepted_Success" storage="d:\actions-runner\_work\xpco\xpco\corporate\videoos.server.unittests\bin\x64\debug\net472\videoos.server.unittests.dll" id="724c40a1-3beb-007d-8a74-be9fcfb48cb2">
      <TestCategory>
        <TestCategoryItem TestCategory="Licensing" />
      </TestCategory>
      <Execution id="48c4c957-5e6f-46e6-8a22-49fa549ed899" />
      <TestMethod codeBase="D:\actions-runner\_work\XPCO\XPCO\Corporate\VideoOS.Server.UnitTests\bin\x64\Debug\net472\VideoOS.Server.UnitTests.dll" adapterTypeName="executor://mstestadapter/v2" className="VideoOS.Server.UnitTests.Licensing.LicenseDataSetUnitTests" name="LicenseHardwareRow_Validate_DeletedRowCanBeReinstated_ChangesNotAccepted_Success" />
    </UnitTest>
    <UnitTest name="RecreatesAllRecorderLicenses_OnATimer" storage="d:\actions-runner\_work\xpco\xpco\corporate\videoos.server.unittests\bin\x64\debug\net472\videoos.server.unittests.dll" id="e4eb4c96-1f3c-80dd-4275-26175f599f46">
      <TestCategory>
        <TestCategoryItem TestCategory="Licensing" />
      </TestCategory>
      <Execution id="f51be11b-e9c2-4da2-bdf2-4c2e0e3a63ff" />
      <TestMethod codeBase="D:\actions-runner\_work\XPCO\XPCO\Corporate\VideoOS.Server.UnitTests\bin\x64\Debug\net472\VideoOS.Server.UnitTests.dll" adapterTypeName="executor://mstestadapter/v2" className="VideoOS.Server.UnitTests.Licensing.LicenseManagerUnitTests" name="RecreatesAllRecorderLicenses_OnATimer" />
    </UnitTest>
    <UnitTest name="ConfigurationDataSetLoader_GetDeviceTracksByDeviceId_Success" storage="d:\actions-runner\_work\xpco\xpco\corporate\videoos.server.unittests\bin\x64\debug\net472\videoos.server.unittests.dll" id="aaa69613-1d08-620f-a0c7-6c9776a7fe98">
      <Execution id="7edc331d-2544-44a0-b96c-38545ed6a19b" />
      <TestMethod codeBase="D:\actions-runner\_work\XPCO\XPCO\Corporate\VideoOS.Server.UnitTests\bin\x64\Debug\net472\VideoOS.Server.UnitTests.dll" adapterTypeName="executor://mstestadapter/v2" className="VideoOS.Server.UnitTests.Configuration.ConfigurationDataSetLoaderTests" name="ConfigurationDataSetLoader_GetDeviceTracksByDeviceId_Success" />
    </UnitTest>
    <UnitTest name="AnalyzeAndCreateAuditLogs_ModifiedSecurityPermissionsDeviceRowAllVariationsThatGiveTimeBackwardsAuditLog_ReturnsOneTimeBackwardsAuditLog" storage="d:\actions-runner\_work\xpco\xpco\corporate\videoos.server.unittests\bin\x64\debug\net472\videoos.server.unittests.dll" id="aad3fa56-b750-164b-d620-1bbea5cdede7">
      <Execution id="a6daf232-d730-4920-a89d-40e9c9cfadf4" />
      <TestMethod codeBase="D:\actions-runner\_work\XPCO\XPCO\Corporate\VideoOS.Server.UnitTests\bin\x64\Debug\net472\VideoOS.Server.UnitTests.dll" adapterTypeName="executor://mstestadapter/v2" className="VideoOS.Server.UnitTests.CommandHandler.DataSetAuditLogAnalyzerTests" name="AnalyzeAndCreateAuditLogs_ModifiedSecurityPermissionsDeviceRowAllVariationsThatGiveTimeBackwardsAuditLog_ReturnsOneTimeBackwardsAuditLog" />
    </UnitTest>
    <UnitTest name="Validate_LicenseCalculatorContainsAllHardwareFromAllRecordingServers_Success" storage="d:\actions-runner\_work\xpco\xpco\corporate\videoos.server.unittests\bin\x64\debug\net472\videoos.server.unittests.dll" id="43846b12-f311-2566-5942-53200967e65d">
      <Execution id="292dceb5-f10d-4587-a34d-af047f0edcde" />
      <TestMethod codeBase="D:\actions-runner\_work\XPCO\XPCO\Corporate\VideoOS.Server.UnitTests\bin\x64\Debug\net472\VideoOS.Server.UnitTests.dll" adapterTypeName="executor://mstestadapter/v2" className="VideoOS.Server.UnitTests.Licensing.LicenseInfoXmlWriterTests" name="Validate_LicenseCalculatorContainsAllHardwareFromAllRecordingServers_Success" />
    </UnitTest>
    <UnitTest name="GenerateLicenseRequestAsXml_Success_ValidLicenseWithEmptyWhiteList" storage="d:\actions-runner\_work\xpco\xpco\corporate\videoos.server.unittests\bin\x64\debug\net472\videoos.server.unittests.dll" id="0a18d62b-5190-a8d0-54e2-da68b97ef68d">
      <TestCategory>
        <TestCategoryItem TestCategory="Licensing" />
      </TestCategory>
      <Execution id="ebf3a4d9-40c7-4dd2-8a17-560a258e43c5" />
      <TestMethod codeBase="D:\actions-runner\_work\XPCO\XPCO\Corporate\VideoOS.Server.UnitTests\bin\x64\Debug\net472\VideoOS.Server.UnitTests.dll" adapterTypeName="executor://mstestadapter/v2" className="VideoOS.Server.UnitTests.Licensing.LicenseRequestChannelTests" name="GenerateLicenseRequestAsXml_Success_ValidLicenseWithEmptyWhiteList" />
    </UnitTest>
    <UnitTest name="CheckConfigurationDataSetTest_StreamsLicensed" storage="d:\actions-runner\_work\xpco\xpco\corporate\videoos.server.unittests\bin\x64\debug\net472\videoos.server.unittests.dll" id="f4ada8c4-6593-86b3-aa77-547fe895294f">
      <Execution id="22a19e34-5fe2-4153-b457-4d45d63ad343" />
      <TestMethod codeBase="D:\actions-runner\_work\XPCO\XPCO\Corporate\VideoOS.Server.UnitTests\bin\x64\Debug\net472\VideoOS.Server.UnitTests.dll" adapterTypeName="executor://mstestadapter/v2" className="VideoOS.Server.UnitTests.Licensing.LicenseFeatureCheckerTest" name="CheckConfigurationDataSetTest_StreamsLicensed" />
    </UnitTest>
    <UnitTest name="ActivateLicense_DoesNotResetAutomaticActivationQueue_OnFailure" storage="d:\actions-runner\_work\xpco\xpco\corporate\videoos.server.unittests\bin\x64\debug\net472\videoos.server.unittests.dll" id="5e6743ee-349b-e345-19f1-919c3248d93c">
      <TestCategory>
        <TestCategoryItem TestCategory="Licensing" />
      </TestCategory>
      <Execution id="41b87842-2163-465e-88fe-eb4904130389" />
      <TestMethod codeBase="D:\actions-runner\_work\XPCO\XPCO\Corporate\VideoOS.Server.UnitTests\bin\x64\Debug\net472\VideoOS.Server.UnitTests.dll" adapterTypeName="executor://mstestadapter/v2" className="VideoOS.Server.UnitTests.Licensing.ActivationManagerTests" name="ActivateLicense_DoesNotResetAutomaticActivationQueue_OnFailure" />
    </UnitTest>
    <UnitTest name="UpdateEvidenceLockSizesCommandHandlerTests_Constructor_ServerEnvironmentNull_ArgumentNullException" storage="d:\actions-runner\_work\xpco\xpco\corporate\videoos.server.unittests\bin\x64\debug\net472\videoos.server.unittests.dll" id="b8137157-70f5-142f-16ec-23d51722c0c4">
      <Execution id="99f64cb7-b236-4bf8-a635-213a0ca05a3f" />
      <TestMethod codeBase="D:\actions-runner\_work\XPCO\XPCO\Corporate\VideoOS.Server.UnitTests\bin\x64\Debug\net472\VideoOS.Server.UnitTests.dll" adapterTypeName="executor://mstestadapter/v2" className="VideoOS.Server.UnitTests.CommandHandler.UpdateEvidenceLockSizesCommandHandlerTests" name="UpdateEvidenceLockSizesCommandHandlerTests_Constructor_ServerEnvironmentNull_ArgumentNullException" />
    </UnitTest>
    <UnitTest name="MoveHardwareTaskCommandHandler_Execute_SourceRecorder_Not_Compatible_FailResponse" storage="d:\actions-runner\_work\xpco\xpco\corporate\videoos.server.unittests\bin\x64\debug\net472\videoos.server.unittests.dll" id="3be8f4b9-d8e8-e7bf-f2a6-d145ffb179a0">
      <Execution id="25c92fad-acd3-40d2-a822-fbd37ed63913" />
      <TestMethod codeBase="D:\actions-runner\_work\XPCO\XPCO\Corporate\VideoOS.Server.UnitTests\bin\x64\Debug\net472\VideoOS.Server.UnitTests.dll" adapterTypeName="executor://mstestadapter/v2" className="VideoOS.Server.UnitTests.CommandHandler.MoveHardwareTaskCommandHandlerTests" name="MoveHardwareTaskCommandHandler_Execute_SourceRecorder_Not_Compatible_FailResponse" />
    </UnitTest>
    <UnitTest name="AllocateLicenses_ActivatedHardwareWithMultipleCamerasEnabledAndOneDisabled_EnablingCameraShouldGoIntoGrace_OnZeroCWA" storage="d:\actions-runner\_work\xpco\xpco\corporate\videoos.server.unittests\bin\x64\debug\net472\videoos.server.unittests.dll" id="3bf9fd99-2e55-5c79-c79c-9d7306c62029">
      <TestCategory>
        <TestCategoryItem TestCategory="Licensing" />
      </TestCategory>
      <Execution id="1f6e0750-4e72-4ca0-be6b-fa9c8f47ecb3" />
      <TestMethod codeBase="D:\actions-runner\_work\XPCO\XPCO\Corporate\VideoOS.Server.UnitTests\bin\x64\Debug\net472\VideoOS.Server.UnitTests.dll" adapterTypeName="executor://mstestadapter/v2" className="VideoOS.Server.UnitTests.Licensing.LicenseAllocatorChannelTests" name="AllocateLicenses_ActivatedHardwareWithMultipleCamerasEnabledAndOneDisabled_EnablingCameraShouldGoIntoGrace_OnZeroCWA" />
    </UnitTest>
    <UnitTest name="CheckSecurityDataSetTest_NotLicensedFail1" storage="d:\actions-runner\_work\xpco\xpco\corporate\videoos.server.unittests\bin\x64\debug\net472\videoos.server.unittests.dll" id="2ee83b99-e286-2059-d828-19cc99fc2cc4">
      <Execution id="a756c444-5f97-49c6-bea8-8d378b95b798" />
      <TestMethod codeBase="D:\actions-runner\_work\XPCO\XPCO\Corporate\VideoOS.Server.UnitTests\bin\x64\Debug\net472\VideoOS.Server.UnitTests.dll" adapterTypeName="executor://mstestadapter/v2" className="VideoOS.Server.UnitTests.Licensing.LicenseFeatureCheckerTest" name="CheckSecurityDataSetTest_NotLicensedFail1" />
    </UnitTest>
    <UnitTest name="LicenseInfoXmlWriter_Throw_Constructor_LicenseManagerNullValue" storage="d:\actions-runner\_work\xpco\xpco\corporate\videoos.server.unittests\bin\x64\debug\net472\videoos.server.unittests.dll" id="2c8ebbf0-442d-6673-0b05-ad9143b4c52d">
      <TestCategory>
        <TestCategoryItem TestCategory="Licensing" />
      </TestCategory>
      <Execution id="7a6f3565-a361-4d80-a378-b350f80ef43b" />
      <TestMethod codeBase="D:\actions-runner\_work\XPCO\XPCO\Corporate\VideoOS.Server.UnitTests\bin\x64\Debug\net472\VideoOS.Server.UnitTests.dll" adapterTypeName="executor://mstestadapter/v2" className="VideoOS.Server.UnitTests.Licensing.LicenseInfoXmlWriterTests" name="LicenseInfoXmlWriter_Throw_Constructor_LicenseManagerNullValue" />
    </UnitTest>
    <UnitTest name="GetRecorderLicense_AddsHardwareToReplacementLimit_OnDisabledHardwarePreviouslyinReplacementLimit" storage="d:\actions-runner\_work\xpco\xpco\corporate\videoos.server.unittests\bin\x64\debug\net472\videoos.server.unittests.dll" id="a4a149a8-4b4a-7cbd-bc8b-aa80ce0e7681">
      <TestCategory>
        <TestCategoryItem TestCategory="Licensing" />
      </TestCategory>
      <Execution id="1c9f2738-6eaf-49ba-9713-640fea9a2a76" />
      <TestMethod codeBase="D:\actions-runner\_work\XPCO\XPCO\Corporate\VideoOS.Server.UnitTests\bin\x64\Debug\net472\VideoOS.Server.UnitTests.dll" adapterTypeName="executor://mstestadapter/v2" className="VideoOS.Server.UnitTests.Licensing.LicenseManagerUnitTests" name="GetRecorderLicense_AddsHardwareToReplacementLimit_OnDisabledHardwarePreviouslyinReplacementLimit" />
    </UnitTest>
    <UnitTest name="GetRecorderLicense_AddsHardwareToChangesWithoutActivation_OnChangesWithoutActivationFilledWithPreviousYearDevices" storage="d:\actions-runner\_work\xpco\xpco\corporate\videoos.server.unittests\bin\x64\debug\net472\videoos.server.unittests.dll" id="aa11b82a-f145-9817-d80f-91a78982fdf3">
      <TestCategory>
        <TestCategoryItem TestCategory="Licensing" />
      </TestCategory>
      <Execution id="c48fd430-42b1-480e-897b-d1425dda32df" />
      <TestMethod codeBase="D:\actions-runner\_work\XPCO\XPCO\Corporate\VideoOS.Server.UnitTests\bin\x64\Debug\net472\VideoOS.Server.UnitTests.dll" adapterTypeName="executor://mstestadapter/v2" className="VideoOS.Server.UnitTests.Licensing.LicenseManagerUnitTests" name="GetRecorderLicense_AddsHardwareToChangesWithoutActivation_OnChangesWithoutActivationFilledWithPreviousYearDevices" />
    </UnitTest>
    <UnitTest name="AllocateLicenses_OneICPHardwareWithFifteenCamerasNoNormalHardware_OnTenICPLicenses" storage="d:\actions-runner\_work\xpco\xpco\corporate\videoos.server.unittests\bin\x64\debug\net472\videoos.server.unittests.dll" id="264a7d80-7f8e-cccd-d683-f24b6e7fbae1">
      <TestCategory>
        <TestCategoryItem TestCategory="Licensing" />
      </TestCategory>
      <Execution id="652bab93-1768-4598-b65c-3d92dee9f586" />
      <TestMethod codeBase="D:\actions-runner\_work\XPCO\XPCO\Corporate\VideoOS.Server.UnitTests\bin\x64\Debug\net472\VideoOS.Server.UnitTests.dll" adapterTypeName="executor://mstestadapter/v2" className="VideoOS.Server.UnitTests.Licensing.LicenseAllocatorChannelTests" name="AllocateLicenses_OneICPHardwareWithFifteenCamerasNoNormalHardware_OnTenICPLicenses" />
    </UnitTest>
    <UnitTest name="LicenseCountManager_AddLicensedCameraFeed_Same_Device_Twice_ArgumentException" storage="d:\actions-runner\_work\xpco\xpco\corporate\videoos.server.unittests\bin\x64\debug\net472\videoos.server.unittests.dll" id="6c48898a-3878-dda4-6939-b51cdeadd633">
      <Execution id="fb4870a4-4c84-4bba-a84a-032d23187ccd" />
      <TestMethod codeBase="D:\actions-runner\_work\XPCO\XPCO\Corporate\VideoOS.Server.UnitTests\bin\x64\Debug\net472\VideoOS.Server.UnitTests.dll" adapterTypeName="executor://mstestadapter/v2" className="VideoOS.Server.UnitTests.Licensing.LicenseCountManagerUnitTests" name="LicenseCountManager_AddLicensedCameraFeed_Same_Device_Twice_ArgumentException" />
    </UnitTest>
    <UnitTest name="FindHardware_Found_ReturnsValidIHardwareInfoInstance" storage="d:\actions-runner\_work\xpco\xpco\corporate\videoos.server.unittests\bin\x64\debug\net472\videoos.server.unittests.dll" id="2c65fef8-cde4-9bec-37cc-169897e4e944">
      <Execution id="16ef1a04-72dc-4850-b9e3-93236f0f973b" />
      <TestMethod codeBase="D:\actions-runner\_work\XPCO\XPCO\Corporate\VideoOS.Server.UnitTests\bin\x64\Debug\net472\VideoOS.Server.UnitTests.dll" adapterTypeName="executor://mstestadapter/v2" className="VideoOS.Server.UnitTests.Licensing.LicenseSnapshotTests" name="FindHardware_Found_ReturnsValidIHardwareInfoInstance" />
    </UnitTest>
    <UnitTest name="ReleaseClient_NoFreeClient_TimerStarted" storage="d:\actions-runner\_work\xpco\xpco\corporate\videoos.server.unittests\bin\x64\debug\net472\videoos.server.unittests.dll" id="ab937652-688d-1f36-c7a3-cce53edf28c3">
      <Execution id="8c69371b-82c3-4413-9f1d-ffb50832aa5b" />
      <TestMethod codeBase="D:\actions-runner\_work\XPCO\XPCO\Corporate\VideoOS.Server.UnitTests\bin\x64\Debug\net472\VideoOS.Server.UnitTests.dll" adapterTypeName="executor://mstestadapter/v2" className="VideoOS.Server.UnitTests.CommandHandler.VmoClientsPoolTests" name="ReleaseClient_NoFreeClient_TimerStarted" />
    </UnitTest>
    <UnitTest name="DeleteIdpUserTaskCommandHandlerTests_Execute_Arguments_Null_Throws" storage="d:\actions-runner\_work\xpco\xpco\corporate\videoos.server.unittests\bin\x64\debug\net472\videoos.server.unittests.dll" id="0bf4a15d-d39a-a458-74c3-f982f50b20bc">
      <Execution id="0d2d74a6-c0d6-4f7c-b63b-ad34976a1491" />
      <TestMethod codeBase="D:\actions-runner\_work\XPCO\XPCO\Corporate\VideoOS.Server.UnitTests\bin\x64\Debug\net472\VideoOS.Server.UnitTests.dll" adapterTypeName="executor://mstestadapter/v2" className="VideoOS.Server.UnitTests.CommandHandler.DeleteIdpUserTaskCommandHandlerTests" name="DeleteIdpUserTaskCommandHandlerTests_Execute_Arguments_Null_Throws" />
    </UnitTest>
    <UnitTest name="Dispose_Called_TimerDisposed" storage="d:\actions-runner\_work\xpco\xpco\corporate\videoos.server.unittests\bin\x64\debug\net472\videoos.server.unittests.dll" id="93557652-0c61-c383-9006-222abdd8eada">
      <Execution id="616656e9-1ad8-4e48-aa80-f12667cc5aad" />
      <TestMethod codeBase="D:\actions-runner\_work\XPCO\XPCO\Corporate\VideoOS.Server.UnitTests\bin\x64\Debug\net472\VideoOS.Server.UnitTests.dll" adapterTypeName="executor://mstestadapter/v2" className="VideoOS.Server.UnitTests.CommandHandler.VmoClientsPoolTests" name="Dispose_Called_TimerDisposed" />
    </UnitTest>
    <UnitTest name="AttachedRecorder_Register_Success" storage="d:\actions-runner\_work\xpco\xpco\corporate\videoos.server.unittests\bin\x64\debug\net472\videoos.server.unittests.dll" id="e9c1e9fb-f71f-4e21-a859-79b83367d845">
      <Execution id="20559522-16fc-4fb1-b10d-dbab28768ab5" />
      <TestMethod codeBase="D:\actions-runner\_work\XPCO\XPCO\Corporate\VideoOS.Server.UnitTests\bin\x64\Debug\net472\VideoOS.Server.UnitTests.dll" adapterTypeName="executor://mstestadapter/v2" className="VideoOS.Server.UnitTests.AttachedRecorderTests" name="AttachedRecorder_Register_Success" />
    </UnitTest>
    <UnitTest name="FirmwareUpgradeTaskCommandHandler_Execute_Failed_WarningNotChanged" storage="d:\actions-runner\_work\xpco\xpco\corporate\videoos.server.unittests\bin\x64\debug\net472\videoos.server.unittests.dll" id="0def198f-cf9d-8c62-2581-9a6090f5fbc9">
      <Execution id="a6e534c3-7fa3-4068-b242-08bb948e2fef" />
      <TestMethod codeBase="D:\actions-runner\_work\XPCO\XPCO\Corporate\VideoOS.Server.UnitTests\bin\x64\Debug\net472\VideoOS.Server.UnitTests.dll" adapterTypeName="executor://mstestadapter/v2" className="VideoOS.Server.UnitTests.CommandHandler.FirmwareUpgradeTaskCommandHandlerTests" name="FirmwareUpgradeTaskCommandHandler_Execute_Failed_WarningNotChanged" />
    </UnitTest>
    <UnitTest name="AddHardwareToRequest_ThrowsNullException_OnNullHardware" storage="d:\actions-runner\_work\xpco\xpco\corporate\videoos.server.unittests\bin\x64\debug\net472\videoos.server.unittests.dll" id="1a677ad7-bcbb-a3f0-1921-9ce6d36040ac">
      <TestCategory>
        <TestCategoryItem TestCategory="Licensing" />
      </TestCategory>
      <Execution id="c3f4cce7-6131-42c8-b953-f80a3847770c" />
      <TestMethod codeBase="D:\actions-runner\_work\XPCO\XPCO\Corporate\VideoOS.Server.UnitTests\bin\x64\Debug\net472\VideoOS.Server.UnitTests.dll" adapterTypeName="executor://mstestadapter/v2" className="VideoOS.Server.UnitTests.Licensing.LicenseRequestChannelTests" name="AddHardwareToRequest_ThrowsNullException_OnNullHardware" />
    </UnitTest>
    <UnitTest name="AnalyzeAndCreateAuditLogs_ModifiedTimeProfileDefaultRoleRelationRow_ReturnsOneAuditLog" storage="d:\actions-runner\_work\xpco\xpco\corporate\videoos.server.unittests\bin\x64\debug\net472\videoos.server.unittests.dll" id="1389943b-4293-d76b-fe95-fad83a372c2c">
      <Execution id="34b268c3-b240-4740-ad03-2606ee1e1c23" />
      <TestMethod codeBase="D:\actions-runner\_work\XPCO\XPCO\Corporate\VideoOS.Server.UnitTests\bin\x64\Debug\net472\VideoOS.Server.UnitTests.dll" adapterTypeName="executor://mstestadapter/v2" className="VideoOS.Server.UnitTests.CommandHandler.DataSetAuditLogAnalyzerTests" name="AnalyzeAndCreateAuditLogs_ModifiedTimeProfileDefaultRoleRelationRow_ReturnsOneAuditLog" />
    </UnitTest>
    <UnitTest name="GetHardwareUsersCommandHandler_Constructor_ParameterNull_Throws" storage="d:\actions-runner\_work\xpco\xpco\corporate\videoos.server.unittests\bin\x64\debug\net472\videoos.server.unittests.dll" id="b64645d4-8b95-5488-34aa-41460668b3ee">
      <Execution id="d5c45b15-3134-449b-8c0a-c835fbc3f25b" />
      <TestMethod codeBase="D:\actions-runner\_work\XPCO\XPCO\Corporate\VideoOS.Server.UnitTests\bin\x64\Debug\net472\VideoOS.Server.UnitTests.dll" adapterTypeName="executor://mstestadapter/v2" className="VideoOS.Server.UnitTests.CommandHandler.GetHardwareUsersCommandHandlerUnitTests" name="GetHardwareUsersCommandHandler_Constructor_ParameterNull_Throws" />
    </UnitTest>
    <UnitTest name="ConvertIdpLog_AutoProvisionedUserUpdated" storage="d:\actions-runner\_work\xpco\xpco\corporate\videoos.server.unittests\bin\x64\debug\net472\videoos.server.unittests.dll" id="4e68a32c-ff08-c297-66c1-434586f970b4">
      <Execution id="28d54c18-95ea-4ac9-a221-48606943739e" />
      <TestMethod codeBase="D:\actions-runner\_work\XPCO\XPCO\Corporate\VideoOS.Server.UnitTests\bin\x64\Debug\net472\VideoOS.Server.UnitTests.dll" adapterTypeName="executor://mstestadapter/v2" className="VideoOS.Server.UnitTests.Log.IdpLogConverterTest" name="ConvertIdpLog_AutoProvisionedUserUpdated" />
    </UnitTest>
    <UnitTest name="LicenseCountManager_HardwareRecorderRelation_Success" storage="d:\actions-runner\_work\xpco\xpco\corporate\videoos.server.unittests\bin\x64\debug\net472\videoos.server.unittests.dll" id="cec89ca4-3479-4c5d-b21d-8ee981af7dd6">
      <Execution id="aefb13dd-6606-468a-a713-83d234911d1f" />
      <TestMethod codeBase="D:\actions-runner\_work\XPCO\XPCO\Corporate\VideoOS.Server.UnitTests\bin\x64\Debug\net472\VideoOS.Server.UnitTests.dll" adapterTypeName="executor://mstestadapter/v2" className="VideoOS.Server.UnitTests.Licensing.LicenseCountManagerUnitTests" name="LicenseCountManager_HardwareRecorderRelation_Success" />
    </UnitTest>
    <UnitTest name="Ctor_IdpBundleMaxCountOutOfRange_ThrowsArgumentOutOfRangeException" storage="d:\actions-runner\_work\xpco\xpco\corporate\videoos.server.unittests\bin\x64\debug\net472\videoos.server.unittests.dll" id="1c9f7d1c-99e8-3c4a-3b34-4f124995bd4b">
      <Execution id="20a5fc1d-58ec-47a5-9f8e-00ed334c1409" />
      <TestMethod codeBase="D:\actions-runner\_work\XPCO\XPCO\Corporate\VideoOS.Server.UnitTests\bin\x64\Debug\net472\VideoOS.Server.UnitTests.dll" adapterTypeName="executor://mstestadapter/v2" className="VideoOS.Server.UnitTests.Log.IdpLogRetrieverTests" name="Ctor_IdpBundleMaxCountOutOfRange_ThrowsArgumentOutOfRangeException" />
    </UnitTest>
    <UnitTest name="EvidenceLockOnOldRecorderCommandHandlerTests_OldRecV2_ConfigAdd1Row" storage="d:\actions-runner\_work\xpco\xpco\corporate\videoos.server.unittests\bin\x64\debug\net472\videoos.server.unittests.dll" id="d47bc179-5ff7-8693-e7fd-476064bd669c">
      <Execution id="d8efcb09-9cd6-4d9a-89ca-718d0064e2c8" />
      <TestMethod codeBase="D:\actions-runner\_work\XPCO\XPCO\Corporate\VideoOS.Server.UnitTests\bin\x64\Debug\net472\VideoOS.Server.UnitTests.dll" adapterTypeName="executor://mstestadapter/v2" className="VideoOS.Server.UnitTests.CommandHandler.EvidenceLockOnOldRecorderCommandHandlerTests" name="EvidenceLockOnOldRecorderCommandHandlerTests_OldRecV2_ConfigAdd1Row" />
    </UnitTest>
    <UnitTest name="Parse_WhenRegistrationHasIncorrectType_RegistrationIsIgnored" storage="d:\actions-runner\_work\xpco\xpco\corporate\videoos.server.unittests\bin\x64\debug\net472\videoos.server.unittests.dll" id="588ff876-ec36-54e8-8872-562ec2940133">
      <Execution id="e0d6891c-82cd-464f-8169-cf71ca9686a8" />
      <TestMethod codeBase="D:\actions-runner\_work\XPCO\XPCO\Corporate\VideoOS.Server.UnitTests\bin\x64\Debug\net472\VideoOS.Server.UnitTests.dll" adapterTypeName="executor://mstestadapter/v2" className="VideoOS.Server.UnitTests.Licensing.IntegrationRegistrationParserUnitTests" name="Parse_WhenRegistrationHasIncorrectType_RegistrationIsIgnored" />
    </UnitTest>
    <UnitTest name="CheckExternalRecorderRegistrationCommandHandler_Execute_ReturnsFailResponseOnEmptyRecorderServiceId" storage="d:\actions-runner\_work\xpco\xpco\corporate\videoos.server.unittests\bin\x64\debug\net472\videoos.server.unittests.dll" id="23485ec5-762d-f047-ff01-6c531ff41e58">
      <Execution id="91bf2b85-ecee-4ac8-84ec-0dbc1d06f3bb" />
      <TestMethod codeBase="D:\actions-runner\_work\XPCO\XPCO\Corporate\VideoOS.Server.UnitTests\bin\x64\Debug\net472\VideoOS.Server.UnitTests.dll" adapterTypeName="executor://mstestadapter/v2" className="VideoOS.Server.UnitTests.CommandHandler.CheckExternalRecorderRegistrationCommandHandlerUnitTests" name="CheckExternalRecorderRegistrationCommandHandler_Execute_ReturnsFailResponseOnEmptyRecorderServiceId" />
    </UnitTest>
    <UnitTest name="UpdateHardwareTaskCommandHandler_Execute_Null_Tests" storage="d:\actions-runner\_work\xpco\xpco\corporate\videoos.server.unittests\bin\x64\debug\net472\videoos.server.unittests.dll" id="daf10ee7-a65f-1e24-9710-5a1f9287a075">
      <Execution id="024b5704-b84d-4cb4-a23a-2ebd253c104a" />
      <TestMethod codeBase="D:\actions-runner\_work\XPCO\XPCO\Corporate\VideoOS.Server.UnitTests\bin\x64\Debug\net472\VideoOS.Server.UnitTests.dll" adapterTypeName="executor://mstestadapter/v2" className="VideoOS.Server.UnitTests.CommandHandler.UpdateHardwareTaskHandlerTests" name="UpdateHardwareTaskCommandHandler_Execute_Null_Tests" />
    </UnitTest>
    <UnitTest name="DeleteConfigurationItemCommandHandler_Execute_DeleteMultipleHardware_Success" storage="d:\actions-runner\_work\xpco\xpco\corporate\videoos.server.unittests\bin\x64\debug\net472\videoos.server.unittests.dll" id="55b0046f-204a-b150-257e-2d3d00e45488">
      <Execution id="d7e65c5b-8c7b-4780-9b54-28aaab577226" />
      <TestMethod codeBase="D:\actions-runner\_work\XPCO\XPCO\Corporate\VideoOS.Server.UnitTests\bin\x64\Debug\net472\VideoOS.Server.UnitTests.dll" adapterTypeName="executor://mstestadapter/v2" className="VideoOS.Server.UnitTests.CommandHandler.DeleteConfigurationItemCommandHandlerUnitTests" name="DeleteConfigurationItemCommandHandler_Execute_DeleteMultipleHardware_Success" />
    </UnitTest>
    <UnitTest name="AddHardwareUserCommandHandler_Execute_Success" storage="d:\actions-runner\_work\xpco\xpco\corporate\videoos.server.unittests\bin\x64\debug\net472\videoos.server.unittests.dll" id="0bf09544-71cf-4e08-b61c-b47bd220ef05">
      <Execution id="89ed51ab-48bf-450d-ae67-b104d331dcb0" />
      <TestMethod codeBase="D:\actions-runner\_work\XPCO\XPCO\Corporate\VideoOS.Server.UnitTests\bin\x64\Debug\net472\VideoOS.Server.UnitTests.dll" adapterTypeName="executor://mstestadapter/v2" className="VideoOS.Server.UnitTests.CommandHandler.AddHardwareUserCommandHandlerServerUnitTests" name="AddHardwareUserCommandHandler_Execute_Success" />
    </UnitTest>
    <UnitTest name="AllocateLicenses_SevenHardware_25Licenses_EnablingTwoDisabledCamerasWillHaveTwoUnlicensed_EnsureCorrectDevicesAreInGrace" storage="d:\actions-runner\_work\xpco\xpco\corporate\videoos.server.unittests\bin\x64\debug\net472\videoos.server.unittests.dll" id="814139e2-58fb-a737-92b7-36c04e0deab8">
      <TestCategory>
        <TestCategoryItem TestCategory="Licensing" />
      </TestCategory>
      <Execution id="092ff7ce-5dbb-4b9f-b070-694c2690c4c5" />
      <TestMethod codeBase="D:\actions-runner\_work\XPCO\XPCO\Corporate\VideoOS.Server.UnitTests\bin\x64\Debug\net472\VideoOS.Server.UnitTests.dll" adapterTypeName="executor://mstestadapter/v2" className="VideoOS.Server.UnitTests.Licensing.LicenseAllocatorChannelTests" name="AllocateLicenses_SevenHardware_25Licenses_EnablingTwoDisabledCamerasWillHaveTwoUnlicensed_EnsureCorrectDevicesAreInGrace" />
    </UnitTest>
    <UnitTest name="GetCompleteConfiguration_ConfigurationIsNotCompatible_BadRequestIsReturned" storage="d:\actions-runner\_work\xpco\xpco\corporate\videoos.server.unittests\bin\x64\debug\net472\videoos.server.unittests.dll" id="b4694a5e-0bb0-1b1b-07dc-ef863cd0420c">
      <Execution id="e57f5fe5-5e0b-4b63-9b11-054d6cae946c" />
      <TestMethod codeBase="D:\actions-runner\_work\XPCO\XPCO\Corporate\VideoOS.Server.UnitTests\bin\x64\Debug\net472\VideoOS.Server.UnitTests.dll" adapterTypeName="executor://mstestadapter/v2" className="VideoOS.Server.UnitTests.ConfigurationControllerTests" name="GetCompleteConfiguration_ConfigurationIsNotCompatible_BadRequestIsReturned" />
    </UnitTest>
    <UnitTest name="CheckExternalRecorderRegistrationCommandHandler_Execute_ReturnsFailResponseOnEmptyHardwareId" storage="d:\actions-runner\_work\xpco\xpco\corporate\videoos.server.unittests\bin\x64\debug\net472\videoos.server.unittests.dll" id="61478804-37c6-3f19-8d29-b15fb393caef">
      <Execution id="cc6368e5-6a9d-4a5a-8464-aac93be0d26c" />
      <TestMethod codeBase="D:\actions-runner\_work\XPCO\XPCO\Corporate\VideoOS.Server.UnitTests\bin\x64\Debug\net472\VideoOS.Server.UnitTests.dll" adapterTypeName="executor://mstestadapter/v2" className="VideoOS.Server.UnitTests.CommandHandler.CheckExternalRecorderRegistrationCommandHandlerUnitTests" name="CheckExternalRecorderRegistrationCommandHandler_Execute_ReturnsFailResponseOnEmptyHardwareId" />
    </UnitTest>
    <UnitTest name="AddHardwareToRequest_UpdatesFeedCountOnAlreadyExistingICPHardware_OnSameICPHardwareAddedTwice" storage="d:\actions-runner\_work\xpco\xpco\corporate\videoos.server.unittests\bin\x64\debug\net472\videoos.server.unittests.dll" id="228df2e2-11df-46d9-280e-d46a319f683b">
      <TestCategory>
        <TestCategoryItem TestCategory="Licensing" />
      </TestCategory>
      <Execution id="269cd7da-bb9d-421a-bb21-5fbe94e364f9" />
      <TestMethod codeBase="D:\actions-runner\_work\XPCO\XPCO\Corporate\VideoOS.Server.UnitTests\bin\x64\Debug\net472\VideoOS.Server.UnitTests.dll" adapterTypeName="executor://mstestadapter/v2" className="VideoOS.Server.UnitTests.Licensing.LicenseRequestChannelTests" name="AddHardwareToRequest_UpdatesFeedCountOnAlreadyExistingICPHardware_OnSameICPHardwareAddedTwice" />
    </UnitTest>
    <UnitTest name="ConfigurationDataSetLoader_GetDevicesByHardwareId_Success" storage="d:\actions-runner\_work\xpco\xpco\corporate\videoos.server.unittests\bin\x64\debug\net472\videoos.server.unittests.dll" id="4144b2ea-a666-09c1-ca76-3c77a8157cad">
      <Execution id="2b00f236-4db9-4ae8-bc97-5b6457bffec4" />
      <TestMethod codeBase="D:\actions-runner\_work\XPCO\XPCO\Corporate\VideoOS.Server.UnitTests\bin\x64\Debug\net472\VideoOS.Server.UnitTests.dll" adapterTypeName="executor://mstestadapter/v2" className="VideoOS.Server.UnitTests.Configuration.ConfigurationDataSetLoaderTests" name="ConfigurationDataSetLoader_GetDevicesByHardwareId_Success" />
    </UnitTest>
    <UnitTest name="ReplaceHardwareCommandHandler_Execute_ReplaceHardware_DoNotInheritDeviceWithEvidenceLock_Fails" storage="d:\actions-runner\_work\xpco\xpco\corporate\videoos.server.unittests\bin\x64\debug\net472\videoos.server.unittests.dll" id="cb6ccc44-c709-4f8b-cfb8-3072596c6d83">
      <Execution id="0e9a41b9-2cb5-4489-bafa-d2b9146f6cdc" />
      <TestMethod codeBase="D:\actions-runner\_work\XPCO\XPCO\Corporate\VideoOS.Server.UnitTests\bin\x64\Debug\net472\VideoOS.Server.UnitTests.dll" adapterTypeName="executor://mstestadapter/v2" className="VideoOS.Server.UnitTests.CommandHandler.ReplaceHardwareCommandHandlerUnitTests" name="ReplaceHardwareCommandHandler_Execute_ReplaceHardware_DoNotInheritDeviceWithEvidenceLock_Fails" />
    </UnitTest>
    <UnitTest name="MoveHardwareTaskCommandHandler_Execute_With_Source_HotStandby_Success" storage="d:\actions-runner\_work\xpco\xpco\corporate\videoos.server.unittests\bin\x64\debug\net472\videoos.server.unittests.dll" id="fed71966-682a-ac32-d1bf-234764a854bc">
      <Execution id="89685077-8d0e-45a3-9664-feae4f7ea8ed" />
      <TestMethod codeBase="D:\actions-runner\_work\XPCO\XPCO\Corporate\VideoOS.Server.UnitTests\bin\x64\Debug\net472\VideoOS.Server.UnitTests.dll" adapterTypeName="executor://mstestadapter/v2" className="VideoOS.Server.UnitTests.CommandHandler.MoveHardwareTaskCommandHandlerTests" name="MoveHardwareTaskCommandHandler_Execute_With_Source_HotStandby_Success" />
    </UnitTest>
    <UnitTest name="GetHardwareNetworkSettingsCommandHandler_Execute_EmptyHardwareId_ReturnsFailResponse" storage="d:\actions-runner\_work\xpco\xpco\corporate\videoos.server.unittests\bin\x64\debug\net472\videoos.server.unittests.dll" id="b192238b-6d2c-4102-fdb5-e531afa62e19">
      <Execution id="a6d73719-6ced-4370-bac4-9e097a1a95c9" />
      <TestMethod codeBase="D:\actions-runner\_work\XPCO\XPCO\Corporate\VideoOS.Server.UnitTests\bin\x64\Debug\net472\VideoOS.Server.UnitTests.dll" adapterTypeName="executor://mstestadapter/v2" className="VideoOS.Server.UnitTests.CommandHandler.GetHardwareNetworkSettingsCommandHandlerUnitTests" name="GetHardwareNetworkSettingsCommandHandler_Execute_EmptyHardwareId_ReturnsFailResponse" />
    </UnitTest>
    <UnitTest name="RegisterHotstandByFailoverRecorder_WatchingRecorderRunning_Success" storage="d:\actions-runner\_work\xpco\xpco\corporate\videoos.server.unittests\bin\x64\debug\net472\videoos.server.unittests.dll" id="d1cedfa6-3d69-8af4-742b-10c2d29f60b0">
      <Execution id="16079ee2-146e-4c10-856b-da7f1bdc5d49" />
      <TestMethod codeBase="D:\actions-runner\_work\XPCO\XPCO\Corporate\VideoOS.Server.UnitTests\bin\x64\Debug\net472\VideoOS.Server.UnitTests.dll" adapterTypeName="executor://mstestadapter/v2" className="VideoOS.Server.UnitTests.WebApi.Controllers.RecorderRegistrationControllerTests" name="RegisterHotstandByFailoverRecorder_WatchingRecorderRunning_Success" />
    </UnitTest>
    <UnitTest name="HardwareInCWAOnWhiteList_ReplacedWithNoInheritance_HardwareNotOnWhiteList_CWAAllowed_FewerChannelsOnReplacedHardware_AllDevicesInCWA" storage="d:\actions-runner\_work\xpco\xpco\corporate\videoos.server.unittests\bin\x64\debug\net472\videoos.server.unittests.dll" id="ef95bcc0-fe13-5a2c-1a5f-e515c0ee7ea2">
      <TestCategory>
        <TestCategoryItem TestCategory="Licensing Replace Hardware" />
        <TestCategoryItem TestCategory="Licensing" />
      </TestCategory>
      <Execution id="10a7343c-4ab5-4deb-8729-93f629095cb2" />
      <TestMethod codeBase="D:\actions-runner\_work\XPCO\XPCO\Corporate\VideoOS.Server.UnitTests\bin\x64\Debug\net472\VideoOS.Server.UnitTests.dll" adapterTypeName="executor://mstestadapter/v2" className="VideoOS.Server.UnitTests.Licensing.LicenseAllocatorChannelTests" name="HardwareInCWAOnWhiteList_ReplacedWithNoInheritance_HardwareNotOnWhiteList_CWAAllowed_FewerChannelsOnReplacedHardware_AllDevicesInCWA" />
    </UnitTest>
    <UnitTest name="EvidenceLockOnOldRecorderCommandHandlerTests_OldRecV1_ConfigDelete1Row_NoRecorderIdFound" storage="d:\actions-runner\_work\xpco\xpco\corporate\videoos.server.unittests\bin\x64\debug\net472\videoos.server.unittests.dll" id="53a59744-7860-30d1-542b-005864af02c5">
      <Execution id="d0b2ce67-830a-4382-a209-805388a4f818" />
      <TestMethod codeBase="D:\actions-runner\_work\XPCO\XPCO\Corporate\VideoOS.Server.UnitTests\bin\x64\Debug\net472\VideoOS.Server.UnitTests.dll" adapterTypeName="executor://mstestadapter/v2" className="VideoOS.Server.UnitTests.CommandHandler.EvidenceLockOnOldRecorderCommandHandlerTests" name="EvidenceLockOnOldRecorderCommandHandlerTests_OldRecV1_ConfigDelete1Row_NoRecorderIdFound" />
    </UnitTest>
    <UnitTest name="AddUnlicensedHardware_AddSameHardwareTwice_ReturnsTrue" storage="d:\actions-runner\_work\xpco\xpco\corporate\videoos.server.unittests\bin\x64\debug\net472\videoos.server.unittests.dll" id="c918a289-b8c4-3d87-ad07-c7a95f5d7ee9">
      <Execution id="2d55acac-9cb2-4aae-9a06-cbfcd69f1fe4" />
      <TestMethod codeBase="D:\actions-runner\_work\XPCO\XPCO\Corporate\VideoOS.Server.UnitTests\bin\x64\Debug\net472\VideoOS.Server.UnitTests.dll" adapterTypeName="executor://mstestadapter/v2" className="VideoOS.Server.UnitTests.Licensing.LicenseSnapshotTests" name="AddUnlicensedHardware_AddSameHardwareTwice_ReturnsTrue" />
    </UnitTest>
    <UnitTest name="EvidenceLockOnOldRecorderCommandHandlerTests_OldRecV1_ConfigAdd1RowExtra_Ignored" storage="d:\actions-runner\_work\xpco\xpco\corporate\videoos.server.unittests\bin\x64\debug\net472\videoos.server.unittests.dll" id="884502f8-bdaa-5c5e-9e51-7540cc3d536d">
      <Execution id="29f52bc3-08ee-4017-9c7a-cfd4f671befb" />
      <TestMethod codeBase="D:\actions-runner\_work\XPCO\XPCO\Corporate\VideoOS.Server.UnitTests\bin\x64\Debug\net472\VideoOS.Server.UnitTests.dll" adapterTypeName="executor://mstestadapter/v2" className="VideoOS.Server.UnitTests.CommandHandler.EvidenceLockOnOldRecorderCommandHandlerTests" name="EvidenceLockOnOldRecorderCommandHandlerTests_OldRecV1_ConfigAdd1RowExtra_Ignored" />
    </UnitTest>
    <UnitTest name="LicenseCountManager_IsHardwareWithoutEnabledCamerasLicensed_Throws_InvalidOperationException" storage="d:\actions-runner\_work\xpco\xpco\corporate\videoos.server.unittests\bin\x64\debug\net472\videoos.server.unittests.dll" id="c8fe61a4-ad9e-b6e6-7de6-b3695545935e">
      <TestCategory>
        <TestCategoryItem TestCategory="Licensing" />
      </TestCategory>
      <Execution id="447a619b-4bb3-4fa3-a90b-26b27dcf8801" />
      <TestMethod codeBase="D:\actions-runner\_work\XPCO\XPCO\Corporate\VideoOS.Server.UnitTests\bin\x64\Debug\net472\VideoOS.Server.UnitTests.dll" adapterTypeName="executor://mstestadapter/v2" className="VideoOS.Server.UnitTests.Licensing.LicenseCountManagerUnitTests" name="LicenseCountManager_IsHardwareWithoutEnabledCamerasLicensed_Throws_InvalidOperationException" />
    </UnitTest>
    <UnitTest name="Construct_LicenseSnapshot_InvalidRecordersInfo_Throws_ArgumentNullException" storage="d:\actions-runner\_work\xpco\xpco\corporate\videoos.server.unittests\bin\x64\debug\net472\videoos.server.unittests.dll" id="bef2a22a-6666-30c9-2538-1c228180313c">
      <Execution id="fb78c29b-0379-4761-b424-c6d47655cb7e" />
      <TestMethod codeBase="D:\actions-runner\_work\XPCO\XPCO\Corporate\VideoOS.Server.UnitTests\bin\x64\Debug\net472\VideoOS.Server.UnitTests.dll" adapterTypeName="executor://mstestadapter/v2" className="VideoOS.Server.UnitTests.Licensing.LicenseSnapshotTests" name="Construct_LicenseSnapshot_InvalidRecordersInfo_Throws_ArgumentNullException" />
    </UnitTest>
    <UnitTest name="SetRecorderSpecificConfiguration_JsonSerializeDesirialize_Success" storage="d:\actions-runner\_work\xpco\xpco\corporate\videoos.server.unittests\bin\x64\debug\net472\videoos.server.unittests.dll" id="6e365ffd-7cd6-2155-302c-116777d6078a">
      <Execution id="8a3210bf-bb91-42b5-83c7-8264e08fa2f1" />
      <TestMethod codeBase="D:\actions-runner\_work\XPCO\XPCO\Corporate\VideoOS.Server.UnitTests\bin\x64\Debug\net472\VideoOS.Server.UnitTests.dll" adapterTypeName="executor://mstestadapter/v2" className="VideoOS.Server.UnitTests.ConfigurationControllerTests" name="SetRecorderSpecificConfiguration_JsonSerializeDesirialize_Success" />
    </UnitTest>
    <UnitTest name="HardwareAlreadyAddedResponse_ModelIsNull_BadRequestResult" storage="d:\actions-runner\_work\xpco\xpco\corporate\videoos.server.unittests\bin\x64\debug\net472\videoos.server.unittests.dll" id="80cfdcf4-3ae7-41d1-d06b-911bddf3f6cf">
      <Execution id="af945717-e12b-47f5-ab79-953d7d4f864b" />
      <TestMethod codeBase="D:\actions-runner\_work\XPCO\XPCO\Corporate\VideoOS.Server.UnitTests\bin\x64\Debug\net472\VideoOS.Server.UnitTests.dll" adapterTypeName="executor://mstestadapter/v2" className="VideoOS.Server.UnitTests.WebApi.ResponseControllerTest" name="HardwareAlreadyAddedResponse_ModelIsNull_BadRequestResult" />
    </UnitTest>
    <UnitTest name="ChannelLicenseCountManager_ICP_CorrectCount" storage="d:\actions-runner\_work\xpco\xpco\corporate\videoos.server.unittests\bin\x64\debug\net472\videoos.server.unittests.dll" id="a2f1447d-309c-7b8f-f7c4-bb2a932bcd02">
      <TestCategory>
        <TestCategoryItem TestCategory="Licensing" />
      </TestCategory>
      <Execution id="87ca0f21-517a-4e0e-ada0-d2600539aa01" />
      <TestMethod codeBase="D:\actions-runner\_work\XPCO\XPCO\Corporate\VideoOS.Server.UnitTests\bin\x64\Debug\net472\VideoOS.Server.UnitTests.dll" adapterTypeName="executor://mstestadapter/v2" className="VideoOS.Server.UnitTests.Licensing.LicenseCountManagerUnitTests" name="ChannelLicenseCountManager_ICP_CorrectCount" />
    </UnitTest>
    <UnitTest name="ReportMediaCommittedToDatabaseCommand_ModelValid_RecorderNotFoundException_Handled" storage="d:\actions-runner\_work\xpco\xpco\corporate\videoos.server.unittests\bin\x64\debug\net472\videoos.server.unittests.dll" id="80447293-19a9-3855-d079-0aa7d86b9325">
      <Execution id="8326b815-fbd5-4311-9e38-05e1c2e5d35d" />
      <TestMethod codeBase="D:\actions-runner\_work\XPCO\XPCO\Corporate\VideoOS.Server.UnitTests\bin\x64\Debug\net472\VideoOS.Server.UnitTests.dll" adapterTypeName="executor://mstestadapter/v2" className="VideoOS.Server.UnitTests.DatabaseCommandsControllerTests" name="ReportMediaCommittedToDatabaseCommand_ModelValid_RecorderNotFoundException_Handled" />
    </UnitTest>
    <UnitTest name="UpdateHardwareTaskCommandHandler_Apply_Unchanged_Tests" storage="d:\actions-runner\_work\xpco\xpco\corporate\videoos.server.unittests\bin\x64\debug\net472\videoos.server.unittests.dll" id="03dc18b2-6dc1-9d25-a982-2b0e7389d0a6">
      <Execution id="2bedc6f5-fe07-4634-9958-ba5d5a24ef5b" />
      <TestMethod codeBase="D:\actions-runner\_work\XPCO\XPCO\Corporate\VideoOS.Server.UnitTests\bin\x64\Debug\net472\VideoOS.Server.UnitTests.dll" adapterTypeName="executor://mstestadapter/v2" className="VideoOS.Server.UnitTests.CommandHandler.UpdateHardwareTaskHandlerTests" name="UpdateHardwareTaskCommandHandler_Apply_Unchanged_Tests" />
    </UnitTest>
    <UnitTest name="AttachedRecorder_UnRegister_Success" storage="d:\actions-runner\_work\xpco\xpco\corporate\videoos.server.unittests\bin\x64\debug\net472\videoos.server.unittests.dll" id="0119f047-ba3a-5814-21f1-69cbc5505a00">
      <Execution id="7680be21-80d8-48ea-9077-de6eda0e893d" />
      <TestMethod codeBase="D:\actions-runner\_work\XPCO\XPCO\Corporate\VideoOS.Server.UnitTests\bin\x64\Debug\net472\VideoOS.Server.UnitTests.dll" adapterTypeName="executor://mstestadapter/v2" className="VideoOS.Server.UnitTests.AttachedRecorderTests" name="AttachedRecorder_UnRegister_Success" />
    </UnitTest>
    <UnitTest name="Validate_LicenseCalculatorContainsAllHardwareFromAllRecordingServers_NoMissingLicenses_ContainsMultiLicense_Success" storage="d:\actions-runner\_work\xpco\xpco\corporate\videoos.server.unittests\bin\x64\debug\net472\videoos.server.unittests.dll" id="9b9ea6f5-28e5-0546-b495-3d365a7f9dd4">
      <Execution id="f377f450-004b-489f-a915-eebf4516f55b" />
      <TestMethod codeBase="D:\actions-runner\_work\XPCO\XPCO\Corporate\VideoOS.Server.UnitTests\bin\x64\Debug\net472\VideoOS.Server.UnitTests.dll" adapterTypeName="executor://mstestadapter/v2" className="VideoOS.Server.UnitTests.Licensing.LicenseInfoXmlWriterTests" name="Validate_LicenseCalculatorContainsAllHardwareFromAllRecordingServers_NoMissingLicenses_ContainsMultiLicense_Success" />
    </UnitTest>
    <UnitTest name="LicenseCountManager_CameraFeed_GetFirstCameraFeedDeviceIndex_Success" storage="d:\actions-runner\_work\xpco\xpco\corporate\videoos.server.unittests\bin\x64\debug\net472\videoos.server.unittests.dll" id="ebd42dbd-49ae-dea1-1ba7-db0f8d57e1d7">
      <Execution id="72a42308-ad89-4ffd-a945-1eb03729dc72" />
      <TestMethod codeBase="D:\actions-runner\_work\XPCO\XPCO\Corporate\VideoOS.Server.UnitTests\bin\x64\Debug\net472\VideoOS.Server.UnitTests.dll" adapterTypeName="executor://mstestadapter/v2" className="VideoOS.Server.UnitTests.Licensing.LicenseCountManagerUnitTests" name="LicenseCountManager_CameraFeed_GetFirstCameraFeedDeviceIndex_Success" />
    </UnitTest>
    <UnitTest name="ChannelLicenseCountManager_HardwareLicenses_ClearByRecorder_Success" storage="d:\actions-runner\_work\xpco\xpco\corporate\videoos.server.unittests\bin\x64\debug\net472\videoos.server.unittests.dll" id="d9029b8c-cfbb-96c7-32e9-d3538cf36ca8">
      <TestCategory>
        <TestCategoryItem TestCategory="Licensing" />
      </TestCategory>
      <Execution id="3743fc6b-5643-4355-8ce2-6625873bf100" />
      <TestMethod codeBase="D:\actions-runner\_work\XPCO\XPCO\Corporate\VideoOS.Server.UnitTests\bin\x64\Debug\net472\VideoOS.Server.UnitTests.dll" adapterTypeName="executor://mstestadapter/v2" className="VideoOS.Server.UnitTests.Licensing.LicenseCountManagerUnitTests" name="ChannelLicenseCountManager_HardwareLicenses_ClearByRecorder_Success" />
    </UnitTest>
    <UnitTest name="AnalyzeAndCreateAuditLogs_AddedSecurityPermissionsDeviceRow_ReturnsOneAuditLog" storage="d:\actions-runner\_work\xpco\xpco\corporate\videoos.server.unittests\bin\x64\debug\net472\videoos.server.unittests.dll" id="a32f1da5-bca9-b4b8-c8d5-6eb2203dd47a">
      <Execution id="b9044e6d-43bc-4695-8489-ae43bfa8c2b2" />
      <TestMethod codeBase="D:\actions-runner\_work\XPCO\XPCO\Corporate\VideoOS.Server.UnitTests\bin\x64\Debug\net472\VideoOS.Server.UnitTests.dll" adapterTypeName="executor://mstestadapter/v2" className="VideoOS.Server.UnitTests.CommandHandler.DataSetAuditLogAnalyzerTests" name="AnalyzeAndCreateAuditLogs_AddedSecurityPermissionsDeviceRow_ReturnsOneAuditLog" />
    </UnitTest>
    <UnitTest name="GetHardwareUsersCommandHandler_Execute_EmptyRecorderServiceId_ReturnsFailResponse" storage="d:\actions-runner\_work\xpco\xpco\corporate\videoos.server.unittests\bin\x64\debug\net472\videoos.server.unittests.dll" id="ef630a96-b5e5-f228-c2c4-385d4fbb0e17">
      <Execution id="4fa765ed-09a7-4b69-b025-e84ff8c5a495" />
      <TestMethod codeBase="D:\actions-runner\_work\XPCO\XPCO\Corporate\VideoOS.Server.UnitTests\bin\x64\Debug\net472\VideoOS.Server.UnitTests.dll" adapterTypeName="executor://mstestadapter/v2" className="VideoOS.Server.UnitTests.CommandHandler.GetHardwareUsersCommandHandlerUnitTests" name="GetHardwareUsersCommandHandler_Execute_EmptyRecorderServiceId_ReturnsFailResponse" />
    </UnitTest>
    <UnitTest name="AllocateLicenses_NotActivated_FiveDevices_TwoReplaced_ThreeUnlicensed" storage="d:\actions-runner\_work\xpco\xpco\corporate\videoos.server.unittests\bin\x64\debug\net472\videoos.server.unittests.dll" id="6975686a-7378-a6a3-28cf-2326d3990cc5">
      <TestCategory>
        <TestCategoryItem TestCategory="Licensing" />
      </TestCategory>
      <Execution id="6a7c5a4c-1d7b-46f9-b66c-d17ac4dd23dc" />
      <TestMethod codeBase="D:\actions-runner\_work\XPCO\XPCO\Corporate\VideoOS.Server.UnitTests\bin\x64\Debug\net472\VideoOS.Server.UnitTests.dll" adapterTypeName="executor://mstestadapter/v2" className="VideoOS.Server.UnitTests.Licensing.LicenseAllocatorChannelTests" name="AllocateLicenses_NotActivated_FiveDevices_TwoReplaced_ThreeUnlicensed" />
    </UnitTest>
    <UnitTest name="UpdateLicense_AllocatesOneGraceLicense_OnSameHwOnTwoRecordingServers_WithFirstHwEmpty" storage="d:\actions-runner\_work\xpco\xpco\corporate\videoos.server.unittests\bin\x64\debug\net472\videoos.server.unittests.dll" id="b95ba696-bf66-4579-3b41-d5325e861dd7">
      <TestCategory>
        <TestCategoryItem TestCategory="Licensing" />
      </TestCategory>
      <Execution id="0442fe03-42ee-4955-8398-bf21943a09be" />
      <TestMethod codeBase="D:\actions-runner\_work\XPCO\XPCO\Corporate\VideoOS.Server.UnitTests\bin\x64\Debug\net472\VideoOS.Server.UnitTests.dll" adapterTypeName="executor://mstestadapter/v2" className="VideoOS.Server.UnitTests.Licensing.LicenseManagerUnitTests" name="UpdateLicense_AllocatesOneGraceLicense_OnSameHwOnTwoRecordingServers_WithFirstHwEmpty" />
    </UnitTest>
    <UnitTest name="AnalyzeAndCreateAuditLogs_DeletedSecurityPermissionsMatrixRow_ReturnsOneAuditLog" storage="d:\actions-runner\_work\xpco\xpco\corporate\videoos.server.unittests\bin\x64\debug\net472\videoos.server.unittests.dll" id="fc99facc-ad9e-cca0-01d9-61361572a65a">
      <Execution id="6148d16e-71b9-4b1c-8aa3-c80d3a32569e" />
      <TestMethod codeBase="D:\actions-runner\_work\XPCO\XPCO\Corporate\VideoOS.Server.UnitTests\bin\x64\Debug\net472\VideoOS.Server.UnitTests.dll" adapterTypeName="executor://mstestadapter/v2" className="VideoOS.Server.UnitTests.CommandHandler.DataSetAuditLogAnalyzerTests" name="AnalyzeAndCreateAuditLogs_DeletedSecurityPermissionsMatrixRow_ReturnsOneAuditLog" />
    </UnitTest>
    <UnitTest name="Validate_Channel_ClearChangesWithoutActivation_ThrowsArgumentNullException" storage="d:\actions-runner\_work\xpco\xpco\corporate\videoos.server.unittests\bin\x64\debug\net472\videoos.server.unittests.dll" id="1218a498-99c8-aef7-14b6-a005d2b1e4af">
      <TestCategory>
        <TestCategoryItem TestCategory="Licensing" />
      </TestCategory>
      <Execution id="d011dfa5-2eca-4522-ad1d-e2114c9c7bd6" />
      <TestMethod codeBase="D:\actions-runner\_work\XPCO\XPCO\Corporate\VideoOS.Server.UnitTests\bin\x64\Debug\net472\VideoOS.Server.UnitTests.dll" adapterTypeName="executor://mstestadapter/v2" className="VideoOS.Server.UnitTests.Licensing.LicenseCountManagerUnitTests" name="Validate_Channel_ClearChangesWithoutActivation_ThrowsArgumentNullException" />
    </UnitTest>
    <UnitTest name="HardwareInCWANotOnWhiteList_ReplacedWithNoInheritance_HardwareOnWhiteList_MixedCWAAllowed_NewHardwareInCWA" storage="d:\actions-runner\_work\xpco\xpco\corporate\videoos.server.unittests\bin\x64\debug\net472\videoos.server.unittests.dll" id="cf929bea-dbe0-dc86-944b-cf85676b735a">
      <TestCategory>
        <TestCategoryItem TestCategory="Licensing Replace Hardware" />
        <TestCategoryItem TestCategory="Licensing" />
      </TestCategory>
      <Execution id="04118231-e0d3-494a-83cc-45e15a013b45" />
      <TestMethod codeBase="D:\actions-runner\_work\XPCO\XPCO\Corporate\VideoOS.Server.UnitTests\bin\x64\Debug\net472\VideoOS.Server.UnitTests.dll" adapterTypeName="executor://mstestadapter/v2" className="VideoOS.Server.UnitTests.Licensing.LicenseAllocatorChannelTests" name="HardwareInCWANotOnWhiteList_ReplacedWithNoInheritance_HardwareOnWhiteList_MixedCWAAllowed_NewHardwareInCWA" />
    </UnitTest>
    <UnitTest name="DeviceDataDistributionManager_CleanupAll_Success_QueryRecorderToNotifyThrowsSqlException" storage="d:\actions-runner\_work\xpco\xpco\corporate\videoos.server.unittests\bin\x64\debug\net472\videoos.server.unittests.dll" id="bd8e454b-919c-6615-a859-a1264f304ecb">
      <Execution id="00a4da9e-2d70-47e2-8d98-0db675236ecd" />
      <TestMethod codeBase="D:\actions-runner\_work\XPCO\XPCO\Corporate\VideoOS.Server.UnitTests\bin\x64\Debug\net472\VideoOS.Server.UnitTests.dll" adapterTypeName="executor://mstestadapter/v2" className="VideoOS.Server.UnitTests.DeviceDataDistributionManagerUnitTests" name="DeviceDataDistributionManager_CleanupAll_Success_QueryRecorderToNotifyThrowsSqlException" />
    </UnitTest>
    <UnitTest name="CreateLicenseInformationXml_Has10ExpiredICP_On1ExpiredICPHardwareWith10Cameras" storage="d:\actions-runner\_work\xpco\xpco\corporate\videoos.server.unittests\bin\x64\debug\net472\videoos.server.unittests.dll" id="2635f7f5-e17b-eaa8-61cd-c8fcd1b0c5d0">
      <TestCategory>
        <TestCategoryItem TestCategory="Licensing" />
      </TestCategory>
      <Execution id="fb92fd75-6e01-4454-9059-32d9dc7c41e3" />
      <TestMethod codeBase="D:\actions-runner\_work\XPCO\XPCO\Corporate\VideoOS.Server.UnitTests\bin\x64\Debug\net472\VideoOS.Server.UnitTests.dll" adapterTypeName="executor://mstestadapter/v2" className="VideoOS.Server.UnitTests.Licensing.LicenseInfoXmlWriterTests" name="CreateLicenseInformationXml_Has10ExpiredICP_On1ExpiredICPHardwareWith10Cameras" />
    </UnitTest>
    <UnitTest name="CreateLicenseInformationXml_Has10GraceICP_On1GraceICPHardwareWith10Cameras" storage="d:\actions-runner\_work\xpco\xpco\corporate\videoos.server.unittests\bin\x64\debug\net472\videoos.server.unittests.dll" id="19d5ea60-ef13-31bf-4dc7-ab7d29a648c4">
      <TestCategory>
        <TestCategoryItem TestCategory="Licensing" />
      </TestCategory>
      <Execution id="1d35e989-c1de-487c-a6ed-be396417cfa9" />
      <TestMethod codeBase="D:\actions-runner\_work\XPCO\XPCO\Corporate\VideoOS.Server.UnitTests\bin\x64\Debug\net472\VideoOS.Server.UnitTests.dll" adapterTypeName="executor://mstestadapter/v2" className="VideoOS.Server.UnitTests.Licensing.LicenseInfoXmlWriterTests" name="CreateLicenseInformationXml_Has10GraceICP_On1GraceICPHardwareWith10Cameras" />
    </UnitTest>
    <UnitTest name="GetRecorderLicenseDatasets_Success_ValidLicenseWithEmptyWhiteList" storage="d:\actions-runner\_work\xpco\xpco\corporate\videoos.server.unittests\bin\x64\debug\net472\videoos.server.unittests.dll" id="f84c3a1f-aa4e-cfd7-bcbb-3339a20f65d4">
      <TestCategory>
        <TestCategoryItem TestCategory="Licensing" />
      </TestCategory>
      <Execution id="9f3e2cd3-bc53-45e5-b921-685ae896f999" />
      <TestMethod codeBase="D:\actions-runner\_work\XPCO\XPCO\Corporate\VideoOS.Server.UnitTests\bin\x64\Debug\net472\VideoOS.Server.UnitTests.dll" adapterTypeName="executor://mstestadapter/v2" className="VideoOS.Server.UnitTests.Licensing.LicenseRequestChannelTests" name="GetRecorderLicenseDatasets_Success_ValidLicenseWithEmptyWhiteList" />
    </UnitTest>
    <UnitTest name="ChangeIdpAdminTaskCommandHandlerTests_Clone_Returns_Same_Reference" storage="d:\actions-runner\_work\xpco\xpco\corporate\videoos.server.unittests\bin\x64\debug\net472\videoos.server.unittests.dll" id="bdf6f93c-9e36-a4ff-e07a-684f4e89f604">
      <Execution id="c66c9e40-b732-40f9-9e42-5b42bbfa4047" />
      <TestMethod codeBase="D:\actions-runner\_work\XPCO\XPCO\Corporate\VideoOS.Server.UnitTests\bin\x64\Debug\net472\VideoOS.Server.UnitTests.dll" adapterTypeName="executor://mstestadapter/v2" className="VideoOS.Server.UnitTests.CommandHandler.ChangeIdpAdminTaskCommandHandlerTests" name="ChangeIdpAdminTaskCommandHandlerTests_Clone_Returns_Same_Reference" />
    </UnitTest>
    <UnitTest name="RecorderLicense_RemoveExistingLicense_Success" storage="d:\actions-runner\_work\xpco\xpco\corporate\videoos.server.unittests\bin\x64\debug\net472\videoos.server.unittests.dll" id="c1ca5f29-bfa1-1309-3768-ba5a26d3c69b">
      <Execution id="1a983614-6338-4d7c-b0d7-9566aa240b3c" />
      <TestMethod codeBase="D:\actions-runner\_work\XPCO\XPCO\Corporate\VideoOS.Server.UnitTests\bin\x64\Debug\net472\VideoOS.Server.UnitTests.dll" adapterTypeName="executor://mstestadapter/v2" className="VideoOS.Server.UnitTests.Licensing.LicenseSnapshotTests" name="RecorderLicense_RemoveExistingLicense_Success" />
    </UnitTest>
    <UnitTest name="LicenseInfoXmlWriter_CreateLicenseInformationXml_SetsStateInvalidAndErrorMsg_OnMissingSLC" storage="d:\actions-runner\_work\xpco\xpco\corporate\videoos.server.unittests\bin\x64\debug\net472\videoos.server.unittests.dll" id="f9c8c4a1-2598-8797-b158-ea9d8f199e69">
      <TestCategory>
        <TestCategoryItem TestCategory="Licensing" />
      </TestCategory>
      <Execution id="7d434380-bbcc-4cca-b9db-800fb508b903" />
      <TestMethod codeBase="D:\actions-runner\_work\XPCO\XPCO\Corporate\VideoOS.Server.UnitTests\bin\x64\Debug\net472\VideoOS.Server.UnitTests.dll" adapterTypeName="executor://mstestadapter/v2" className="VideoOS.Server.UnitTests.Licensing.LicenseInfoXmlWriterTests" name="LicenseInfoXmlWriter_CreateLicenseInformationXml_SetsStateInvalidAndErrorMsg_OnMissingSLC" />
    </UnitTest>
    <UnitTest name="EvidenceLockOnOldRecorderCommandHandlerTests_OldRecV2_ConfigDelete1Row_FailSendComd" storage="d:\actions-runner\_work\xpco\xpco\corporate\videoos.server.unittests\bin\x64\debug\net472\videoos.server.unittests.dll" id="f5dfafa0-a1b3-9bb5-02eb-b8571a3c70a5">
      <Execution id="cd402127-a906-4a9a-ad0a-8e1500f18c8f" />
      <TestMethod codeBase="D:\actions-runner\_work\XPCO\XPCO\Corporate\VideoOS.Server.UnitTests\bin\x64\Debug\net472\VideoOS.Server.UnitTests.dll" adapterTypeName="executor://mstestadapter/v2" className="VideoOS.Server.UnitTests.CommandHandler.EvidenceLockOnOldRecorderCommandHandlerTests" name="EvidenceLockOnOldRecorderCommandHandlerTests_OldRecV2_ConfigDelete1Row_FailSendComd" />
    </UnitTest>
    <UnitTest name="HardwareInCWANotOnWhiteList_ReplacedWithInheritance_HardwareOnWhiteList_MixedCWAAllowed_NewHardwareInCWA" storage="d:\actions-runner\_work\xpco\xpco\corporate\videoos.server.unittests\bin\x64\debug\net472\videoos.server.unittests.dll" id="fe7b57c0-96f0-ff5e-7683-2f3ee9bd43b2">
      <TestCategory>
        <TestCategoryItem TestCategory="Licensing Replace Hardware" />
        <TestCategoryItem TestCategory="Licensing" />
      </TestCategory>
      <Execution id="cfd41d04-b7e9-4b8e-980d-395dd707a468" />
      <TestMethod codeBase="D:\actions-runner\_work\XPCO\XPCO\Corporate\VideoOS.Server.UnitTests\bin\x64\Debug\net472\VideoOS.Server.UnitTests.dll" adapterTypeName="executor://mstestadapter/v2" className="VideoOS.Server.UnitTests.Licensing.LicenseAllocatorChannelTests" name="HardwareInCWANotOnWhiteList_ReplacedWithInheritance_HardwareOnWhiteList_MixedCWAAllowed_NewHardwareInCWA" />
    </UnitTest>
    <UnitTest name="UploadFileChunkCommandHandler_Execute_Completed" storage="d:\actions-runner\_work\xpco\xpco\corporate\videoos.server.unittests\bin\x64\debug\net472\videoos.server.unittests.dll" id="d9dd747f-a44b-24cc-c724-961aefc9b3a1">
      <Execution id="ce97fa52-036c-4baa-97e3-3849a57e93d2" />
      <TestMethod codeBase="D:\actions-runner\_work\XPCO\XPCO\Corporate\VideoOS.Server.UnitTests\bin\x64\Debug\net472\VideoOS.Server.UnitTests.dll" adapterTypeName="executor://mstestadapter/v2" className="VideoOS.Server.UnitTests.CommandHandler.UploadFileChunkCommandHandlerUnitTests" name="UploadFileChunkCommandHandler_Execute_Completed" />
    </UnitTest>
    <UnitTest name="HardwareScanExpressTaskCommandHandler_Execute_TargetInvocationException_FailResponse" storage="d:\actions-runner\_work\xpco\xpco\corporate\videoos.server.unittests\bin\x64\debug\net472\videoos.server.unittests.dll" id="aea62d5f-9178-cad8-33d2-858954d9a8ee">
      <Execution id="2164b28d-22d8-4ca3-a576-ed6da2f16f4a" />
      <TestMethod codeBase="D:\actions-runner\_work\XPCO\XPCO\Corporate\VideoOS.Server.UnitTests\bin\x64\Debug\net472\VideoOS.Server.UnitTests.dll" adapterTypeName="executor://mstestadapter/v2" className="VideoOS.Server.UnitTests.CommandHandler.HardwareScanExpressTaskCommandHandlerTest" name="HardwareScanExpressTaskCommandHandler_Execute_TargetInvocationException_FailResponse" />
    </UnitTest>
    <UnitTest name="AttachedRecorder_TryGetRecorderEntry_Success" storage="d:\actions-runner\_work\xpco\xpco\corporate\videoos.server.unittests\bin\x64\debug\net472\videoos.server.unittests.dll" id="ff508acb-04ad-794b-6a4f-bf5ed375dcc7">
      <Execution id="a58516ec-a9ce-4cd7-a954-9c756c195a39" />
      <TestMethod codeBase="D:\actions-runner\_work\XPCO\XPCO\Corporate\VideoOS.Server.UnitTests\bin\x64\Debug\net472\VideoOS.Server.UnitTests.dll" adapterTypeName="executor://mstestadapter/v2" className="VideoOS.Server.UnitTests.AttachedRecorderTests" name="AttachedRecorder_TryGetRecorderEntry_Success" />
    </UnitTest>
    <UnitTest name="CheckSecurityDataSetTest_NotLicensedPass" storage="d:\actions-runner\_work\xpco\xpco\corporate\videoos.server.unittests\bin\x64\debug\net472\videoos.server.unittests.dll" id="dfc647d8-e7b7-3363-85d0-981b7c564f36">
      <Execution id="49f7d020-b9f9-4abd-9b86-8d805a1245ef" />
      <TestMethod codeBase="D:\actions-runner\_work\XPCO\XPCO\Corporate\VideoOS.Server.UnitTests\bin\x64\Debug\net472\VideoOS.Server.UnitTests.dll" adapterTypeName="executor://mstestadapter/v2" className="VideoOS.Server.UnitTests.Licensing.LicenseFeatureCheckerTest" name="CheckSecurityDataSetTest_NotLicensedPass" />
    </UnitTest>
    <UnitTest name="MoveHardwareTaskCommandHandler_Execute_Destination_Driver_Not_Found_Success_With_Warnings" storage="d:\actions-runner\_work\xpco\xpco\corporate\videoos.server.unittests\bin\x64\debug\net472\videoos.server.unittests.dll" id="18736782-9204-7f7e-2e04-ee3649a63487">
      <Execution id="38e7b384-673e-481b-80e2-ead8530e9295" />
      <TestMethod codeBase="D:\actions-runner\_work\XPCO\XPCO\Corporate\VideoOS.Server.UnitTests\bin\x64\Debug\net472\VideoOS.Server.UnitTests.dll" adapterTypeName="executor://mstestadapter/v2" className="VideoOS.Server.UnitTests.CommandHandler.MoveHardwareTaskCommandHandlerTests" name="MoveHardwareTaskCommandHandler_Execute_Destination_Driver_Not_Found_Success_With_Warnings" />
    </UnitTest>
    <UnitTest name="HardwareInCWAOnWhiteList_ReplacedWithInheritance_HardwareOnWhiteList_CWAAllowed_NewHardwareInCWA" storage="d:\actions-runner\_work\xpco\xpco\corporate\videoos.server.unittests\bin\x64\debug\net472\videoos.server.unittests.dll" id="6b29d7a2-aa0e-5535-a006-1187f35912c4">
      <TestCategory>
        <TestCategoryItem TestCategory="Licensing Replace Hardware" />
        <TestCategoryItem TestCategory="Licensing" />
      </TestCategory>
      <Execution id="173ae06b-1a43-41c8-8b40-ff5a3d138eb0" />
      <TestMethod codeBase="D:\actions-runner\_work\XPCO\XPCO\Corporate\VideoOS.Server.UnitTests\bin\x64\Debug\net472\VideoOS.Server.UnitTests.dll" adapterTypeName="executor://mstestadapter/v2" className="VideoOS.Server.UnitTests.Licensing.LicenseAllocatorChannelTests" name="HardwareInCWAOnWhiteList_ReplacedWithInheritance_HardwareOnWhiteList_CWAAllowed_NewHardwareInCWA" />
    </UnitTest>
    <UnitTest name="HardwareInCWANotOnWhiteList_ReplacedWithInheritance_HardwareNotOnWhiteList_NoMoreCWAAllowed_MoreChannelsOnReplacedHardware_NewDevicesInGrace" storage="d:\actions-runner\_work\xpco\xpco\corporate\videoos.server.unittests\bin\x64\debug\net472\videoos.server.unittests.dll" id="e2b07ca1-2786-6047-9ede-03d77dddb270">
      <TestCategory>
        <TestCategoryItem TestCategory="Licensing Replace Hardware" />
        <TestCategoryItem TestCategory="Licensing" />
      </TestCategory>
      <Execution id="f56484a1-7cb5-4a4c-87ee-7d7b5c2e41e3" />
      <TestMethod codeBase="D:\actions-runner\_work\XPCO\XPCO\Corporate\VideoOS.Server.UnitTests\bin\x64\Debug\net472\VideoOS.Server.UnitTests.dll" adapterTypeName="executor://mstestadapter/v2" className="VideoOS.Server.UnitTests.Licensing.LicenseAllocatorChannelTests" name="HardwareInCWANotOnWhiteList_ReplacedWithInheritance_HardwareNotOnWhiteList_NoMoreCWAAllowed_MoreChannelsOnReplacedHardware_NewDevicesInGrace" />
    </UnitTest>
    <UnitTest name="Bug_369904_IncorrectNumberOfDevicesInGrace_WhenUpdatingLicense_WithLowerLicenseCount" storage="d:\actions-runner\_work\xpco\xpco\corporate\videoos.server.unittests\bin\x64\debug\net472\videoos.server.unittests.dll" id="6d9f83bd-c2da-8361-c098-b8bbad456725">
      <TestCategory>
        <TestCategoryItem TestCategory="Licensing" />
      </TestCategory>
      <Execution id="fd88df62-9cf2-4726-97f2-5121254efe90" />
      <TestMethod codeBase="D:\actions-runner\_work\XPCO\XPCO\Corporate\VideoOS.Server.UnitTests\bin\x64\Debug\net472\VideoOS.Server.UnitTests.dll" adapterTypeName="executor://mstestadapter/v2" className="VideoOS.Server.UnitTests.Licensing.LicenseAllocatorChannelTests" name="Bug_369904_IncorrectNumberOfDevicesInGrace_WhenUpdatingLicense_WithLowerLicenseCount" />
    </UnitTest>
    <UnitTest name="HardwareInCWAOnWhiteList_ReplacedWithInheritance_HardwareNotOnWhiteList_MixedCWAAllowed_FewerChannelsOnReplacedHardware_SomeDevicesInCWA" storage="d:\actions-runner\_work\xpco\xpco\corporate\videoos.server.unittests\bin\x64\debug\net472\videoos.server.unittests.dll" id="427ce3b9-e79c-157b-1d02-60019bd0322e">
      <TestCategory>
        <TestCategoryItem TestCategory="Licensing Replace Hardware" />
        <TestCategoryItem TestCategory="Licensing" />
      </TestCategory>
      <Execution id="df542142-10dd-4799-bf3e-0db29d1435ce" />
      <TestMethod codeBase="D:\actions-runner\_work\XPCO\XPCO\Corporate\VideoOS.Server.UnitTests\bin\x64\Debug\net472\VideoOS.Server.UnitTests.dll" adapterTypeName="executor://mstestadapter/v2" className="VideoOS.Server.UnitTests.Licensing.LicenseAllocatorChannelTests" name="HardwareInCWAOnWhiteList_ReplacedWithInheritance_HardwareNotOnWhiteList_MixedCWAAllowed_FewerChannelsOnReplacedHardware_SomeDevicesInCWA" />
    </UnitTest>
    <UnitTest name="CheckExternalRecorderRegistrationCommandHandler_Execute_Success" storage="d:\actions-runner\_work\xpco\xpco\corporate\videoos.server.unittests\bin\x64\debug\net472\videoos.server.unittests.dll" id="609fcd17-7a78-cb18-73bb-afdcf3f32c91">
      <Execution id="ab57a06c-2fd8-4491-98ae-416f07cac197" />
      <TestMethod codeBase="D:\actions-runner\_work\XPCO\XPCO\Corporate\VideoOS.Server.UnitTests\bin\x64\Debug\net472\VideoOS.Server.UnitTests.dll" adapterTypeName="executor://mstestadapter/v2" className="VideoOS.Server.UnitTests.CommandHandler.CheckExternalRecorderRegistrationCommandHandlerUnitTests" name="CheckExternalRecorderRegistrationCommandHandler_Execute_Success" />
    </UnitTest>
    <UnitTest name="ReplaceHardwareTaskCommandHandler_DeviceMapper_TooManyDevices_NotAllowDeletingDisabled_Test" storage="d:\actions-runner\_work\xpco\xpco\corporate\videoos.server.unittests\bin\x64\debug\net472\videoos.server.unittests.dll" id="bdafc501-b6fd-abf9-2e0d-784f8e7c938c">
      <Execution id="22eaa3aa-3112-4b26-8968-6906328da3b5" />
      <TestMethod codeBase="D:\actions-runner\_work\XPCO\XPCO\Corporate\VideoOS.Server.UnitTests\bin\x64\Debug\net472\VideoOS.Server.UnitTests.dll" adapterTypeName="executor://mstestadapter/v2" className="VideoOS.Server.UnitTests.CommandHandler.ReplaceHardwareTaskCommandHandlerUnitTests" name="ReplaceHardwareTaskCommandHandler_DeviceMapper_TooManyDevices_NotAllowDeletingDisabled_Test" />
    </UnitTest>
    <UnitTest name="MultiRecordingServer_HardwareBased_SameHardwareOn2Recorders_ConsumesNoExtraLicenses" storage="d:\actions-runner\_work\xpco\xpco\corporate\videoos.server.unittests\bin\x64\debug\net472\videoos.server.unittests.dll" id="ea3eacd0-5273-36cc-2234-6760022e2ff3">
      <Execution id="c2bb7e54-a38f-44b0-a375-1045b5b6ea2a" />
      <TestMethod codeBase="D:\actions-runner\_work\XPCO\XPCO\Corporate\VideoOS.Server.UnitTests\bin\x64\Debug\net472\VideoOS.Server.UnitTests.dll" adapterTypeName="executor://mstestadapter/v2" className="VideoOS.Server.UnitTests.Licensing.LicenseAllocatorChannelTests" name="MultiRecordingServer_HardwareBased_SameHardwareOn2Recorders_ConsumesNoExtraLicenses" />
    </UnitTest>
    <UnitTest name="DeviceLicense_AddNullLicense_Throws_ArgumentNullException" storage="d:\actions-runner\_work\xpco\xpco\corporate\videoos.server.unittests\bin\x64\debug\net472\videoos.server.unittests.dll" id="d3e7b745-fba1-99e9-2577-7f83368c489c">
      <Execution id="a098dd5f-7b8f-4040-af95-a903100ecfae" />
      <TestMethod codeBase="D:\actions-runner\_work\XPCO\XPCO\Corporate\VideoOS.Server.UnitTests\bin\x64\Debug\net472\VideoOS.Server.UnitTests.dll" adapterTypeName="executor://mstestadapter/v2" className="VideoOS.Server.UnitTests.Licensing.LicenseSnapshotTests" name="DeviceLicense_AddNullLicense_Throws_ArgumentNullException" />
    </UnitTest>
    <UnitTest name="QueryDeviceEvidenceLockSizesResponse_ModelIsValid_CommandExecuted" storage="d:\actions-runner\_work\xpco\xpco\corporate\videoos.server.unittests\bin\x64\debug\net472\videoos.server.unittests.dll" id="c2c04e98-e576-5dca-5734-d5cc200099a6">
      <Execution id="beb74d1d-8464-40a1-8eaa-2e04140e2ff9" />
      <TestMethod codeBase="D:\actions-runner\_work\XPCO\XPCO\Corporate\VideoOS.Server.UnitTests\bin\x64\Debug\net472\VideoOS.Server.UnitTests.dll" adapterTypeName="executor://mstestadapter/v2" className="VideoOS.Server.UnitTests.WebApi.ResponseControllerTest" name="QueryDeviceEvidenceLockSizesResponse_ModelIsValid_CommandExecuted" />
    </UnitTest>
    <UnitTest name="ActivateUserDefinedEventOnRemoteSite_ModelIsValid_CommandExecuted" storage="d:\actions-runner\_work\xpco\xpco\corporate\videoos.server.unittests\bin\x64\debug\net472\videoos.server.unittests.dll" id="b4910ef8-8100-8147-1c49-985272aefa18">
      <Execution id="de175b1e-f046-4e57-ab83-71170e1e0814" />
      <TestMethod codeBase="D:\actions-runner\_work\XPCO\XPCO\Corporate\VideoOS.Server.UnitTests\bin\x64\Debug\net472\VideoOS.Server.UnitTests.dll" adapterTypeName="executor://mstestadapter/v2" className="VideoOS.Server.UnitTests.WebApi.Controllers.EventCommandsControllerTests" name="ActivateUserDefinedEventOnRemoteSite_ModelIsValid_CommandExecuted" />
    </UnitTest>
    <UnitTest name="AllocateLicenses_HardwareWith20Devices5EnabledAndActivated_Enabling15Devices_ShouldGet5CWA5Grace5Unlicensed_On15LicensesAnd5CWA" storage="d:\actions-runner\_work\xpco\xpco\corporate\videoos.server.unittests\bin\x64\debug\net472\videoos.server.unittests.dll" id="bd8299be-4e34-0ff0-3182-d1da2f6a2abc">
      <TestCategory>
        <TestCategoryItem TestCategory="Licensing" />
      </TestCategory>
      <Execution id="09dc65d6-d2b1-454f-99ba-525045052021" />
      <TestMethod codeBase="D:\actions-runner\_work\XPCO\XPCO\Corporate\VideoOS.Server.UnitTests\bin\x64\Debug\net472\VideoOS.Server.UnitTests.dll" adapterTypeName="executor://mstestadapter/v2" className="VideoOS.Server.UnitTests.Licensing.LicenseAllocatorChannelTests" name="AllocateLicenses_HardwareWith20Devices5EnabledAndActivated_Enabling15Devices_ShouldGet5CWA5Grace5Unlicensed_On15LicensesAnd5CWA" />
    </UnitTest>
    <UnitTest name="GetRecorderLicense_LastEnabledHardwareWithoutDevicesIsWithoutLicense_OnEnabledHardwareBeingFirstInDataSetAndChannelLicensing" storage="d:\actions-runner\_work\xpco\xpco\corporate\videoos.server.unittests\bin\x64\debug\net472\videoos.server.unittests.dll" id="829d0f90-2469-d00a-2b4c-246feaf33a9f">
      <TestCategory>
        <TestCategoryItem TestCategory="Licensing" />
      </TestCategory>
      <Execution id="eab86376-ff08-49a3-9fe6-cbd8024167a5" />
      <TestMethod codeBase="D:\actions-runner\_work\XPCO\XPCO\Corporate\VideoOS.Server.UnitTests\bin\x64\Debug\net472\VideoOS.Server.UnitTests.dll" adapterTypeName="executor://mstestadapter/v2" className="VideoOS.Server.UnitTests.Licensing.LicenseManagerUnitTests" name="GetRecorderLicense_LastEnabledHardwareWithoutDevicesIsWithoutLicense_OnEnabledHardwareBeingFirstInDataSetAndChannelLicensing" />
    </UnitTest>
    <UnitTest name="CheckExternalRecorderRegistrationCommandHandler_Constructor_ThrowsIfParameterNull" storage="d:\actions-runner\_work\xpco\xpco\corporate\videoos.server.unittests\bin\x64\debug\net472\videoos.server.unittests.dll" id="4480f291-9ab6-2a14-260f-23472228c206">
      <Execution id="a20308f8-1d80-41b9-bfb0-1cd2dcbbf086" />
      <TestMethod codeBase="D:\actions-runner\_work\XPCO\XPCO\Corporate\VideoOS.Server.UnitTests\bin\x64\Debug\net472\VideoOS.Server.UnitTests.dll" adapterTypeName="executor://mstestadapter/v2" className="VideoOS.Server.UnitTests.CommandHandler.CheckExternalRecorderRegistrationCommandHandlerUnitTests" name="CheckExternalRecorderRegistrationCommandHandler_Constructor_ThrowsIfParameterNull" />
    </UnitTest>
    <UnitTest name="ChannelLicenseCountManager_IsHardwareLicensed_Success" storage="d:\actions-runner\_work\xpco\xpco\corporate\videoos.server.unittests\bin\x64\debug\net472\videoos.server.unittests.dll" id="a8d95712-086e-4490-ce81-136530aa2d77">
      <TestCategory>
        <TestCategoryItem TestCategory="Licensing" />
      </TestCategory>
      <Execution id="ac424ff0-af6f-434e-91f0-7b8ddf6ddeb1" />
      <TestMethod codeBase="D:\actions-runner\_work\XPCO\XPCO\Corporate\VideoOS.Server.UnitTests\bin\x64\Debug\net472\VideoOS.Server.UnitTests.dll" adapterTypeName="executor://mstestadapter/v2" className="VideoOS.Server.UnitTests.Licensing.LicenseCountManagerUnitTests" name="ChannelLicenseCountManager_IsHardwareLicensed_Success" />
    </UnitTest>
    <UnitTest name="AllocateLicenses_TwoLicensedTwoExpired_OnFourHardwaresFiveCameraChannelsTwoPrelicensedTwoExpiredAndFourAvailableLicenses" storage="d:\actions-runner\_work\xpco\xpco\corporate\videoos.server.unittests\bin\x64\debug\net472\videoos.server.unittests.dll" id="7f66b7da-de57-f7e0-4a65-94ed5a0266b4">
      <TestCategory>
        <TestCategoryItem TestCategory="Licensing" />
      </TestCategory>
      <Execution id="adf8b1f6-0163-4c04-8f95-a5c95b9aba94" />
      <TestMethod codeBase="D:\actions-runner\_work\XPCO\XPCO\Corporate\VideoOS.Server.UnitTests\bin\x64\Debug\net472\VideoOS.Server.UnitTests.dll" adapterTypeName="executor://mstestadapter/v2" className="VideoOS.Server.UnitTests.Licensing.LicenseAllocatorHardwareTests" name="AllocateLicenses_TwoLicensedTwoExpired_OnFourHardwaresFiveCameraChannelsTwoPrelicensedTwoExpiredAndFourAvailableLicenses" />
    </UnitTest>
    <UnitTest name="Validate_HardwareNotOnWhiteList_StaysOutOfGrace_WhenGracePeriodExpires_AndHasCorrectStatusForHardwareAndDevices" storage="d:\actions-runner\_work\xpco\xpco\corporate\videoos.server.unittests\bin\x64\debug\net472\videoos.server.unittests.dll" id="52f5ee09-605d-194f-6798-1813db13a786">
      <TestCategory>
        <TestCategoryItem TestCategory="Licensing" />
      </TestCategory>
      <Execution id="d9559e87-7c07-45d0-981d-a91713ced7e2" />
      <TestMethod codeBase="D:\actions-runner\_work\XPCO\XPCO\Corporate\VideoOS.Server.UnitTests\bin\x64\Debug\net472\VideoOS.Server.UnitTests.dll" adapterTypeName="executor://mstestadapter/v2" className="VideoOS.Server.UnitTests.Licensing.LicenseAllocatorChannelTests" name="Validate_HardwareNotOnWhiteList_StaysOutOfGrace_WhenGracePeriodExpires_AndHasCorrectStatusForHardwareAndDevices" />
    </UnitTest>
    <UnitTest name="HardwareActivatedNotOnWhiteList_ReplacedWithNoInheritance_HardwareOnWhiteList_NoCWAAllowed_NewHardwareInGrace" storage="d:\actions-runner\_work\xpco\xpco\corporate\videoos.server.unittests\bin\x64\debug\net472\videoos.server.unittests.dll" id="de3b1ba6-b022-0826-8809-95b9c90dca9f">
      <TestCategory>
        <TestCategoryItem TestCategory="Licensing Replace Hardware" />
        <TestCategoryItem TestCategory="Licensing" />
      </TestCategory>
      <Execution id="731ce4b0-abba-429e-b872-d11e465c5223" />
      <TestMethod codeBase="D:\actions-runner\_work\XPCO\XPCO\Corporate\VideoOS.Server.UnitTests\bin\x64\Debug\net472\VideoOS.Server.UnitTests.dll" adapterTypeName="executor://mstestadapter/v2" className="VideoOS.Server.UnitTests.Licensing.LicenseAllocatorChannelTests" name="HardwareActivatedNotOnWhiteList_ReplacedWithNoInheritance_HardwareOnWhiteList_NoCWAAllowed_NewHardwareInGrace" />
    </UnitTest>
    <UnitTest name="HardwareScanTaskCommandHandler_StopScan_ReturnsScanSessionNoResult" storage="d:\actions-runner\_work\xpco\xpco\corporate\videoos.server.unittests\bin\x64\debug\net472\videoos.server.unittests.dll" id="f4abda8c-11e8-cf16-83af-ba713ce9f0b9">
      <Execution id="327acff0-7e88-4027-a479-d4bafc0b1a24" />
      <TestMethod codeBase="D:\actions-runner\_work\XPCO\XPCO\Corporate\VideoOS.Server.UnitTests\bin\x64\Debug\net472\VideoOS.Server.UnitTests.dll" adapterTypeName="executor://mstestadapter/v2" className="VideoOS.Server.UnitTests.CommandHandler.HardwareScanTaskCommandHandlerTest" name="HardwareScanTaskCommandHandler_StopScan_ReturnsScanSessionNoResult" />
    </UnitTest>
    <UnitTest name="HardwareInCWAOnWhiteList_ReplacedWithNoInheritance_HardwareOnWhiteList_NoMoreCWAAllowed_MoreChannelsOnReplacedHardware_NewHardwareInGrace" storage="d:\actions-runner\_work\xpco\xpco\corporate\videoos.server.unittests\bin\x64\debug\net472\videoos.server.unittests.dll" id="d19839c4-abc8-cd86-7c39-e8abf0955c68">
      <TestCategory>
        <TestCategoryItem TestCategory="Licensing Replace Hardware" />
        <TestCategoryItem TestCategory="Licensing" />
      </TestCategory>
      <Execution id="14cca184-14bc-4d6b-a358-b865f623b6ec" />
      <TestMethod codeBase="D:\actions-runner\_work\XPCO\XPCO\Corporate\VideoOS.Server.UnitTests\bin\x64\Debug\net472\VideoOS.Server.UnitTests.dll" adapterTypeName="executor://mstestadapter/v2" className="VideoOS.Server.UnitTests.Licensing.LicenseAllocatorChannelTests" name="HardwareInCWAOnWhiteList_ReplacedWithNoInheritance_HardwareOnWhiteList_NoMoreCWAAllowed_MoreChannelsOnReplacedHardware_NewHardwareInGrace" />
    </UnitTest>
    <UnitTest name="CheckExternalRecorderRegistrationCommandHandler_Execute_ReturnsRecorderUnavailableResponseOnRecorderNotConnected" storage="d:\actions-runner\_work\xpco\xpco\corporate\videoos.server.unittests\bin\x64\debug\net472\videoos.server.unittests.dll" id="1841a497-6454-a206-f0aa-3b0869fd2463">
      <Execution id="739e141e-9a17-4c40-b164-cee7df22ced3" />
      <TestMethod codeBase="D:\actions-runner\_work\XPCO\XPCO\Corporate\VideoOS.Server.UnitTests\bin\x64\Debug\net472\VideoOS.Server.UnitTests.dll" adapterTypeName="executor://mstestadapter/v2" className="VideoOS.Server.UnitTests.CommandHandler.CheckExternalRecorderRegistrationCommandHandlerUnitTests" name="CheckExternalRecorderRegistrationCommandHandler_Execute_ReturnsRecorderUnavailableResponseOnRecorderNotConnected" />
    </UnitTest>
    <UnitTest name="UpdateHardwareTaskCommandHandler_Construction_Null_Tests" storage="d:\actions-runner\_work\xpco\xpco\corporate\videoos.server.unittests\bin\x64\debug\net472\videoos.server.unittests.dll" id="5f362af3-57c8-1122-bb39-fbb8155f17f4">
      <Execution id="0d356dc1-f153-43d5-9514-46bfcfb704c3" />
      <TestMethod codeBase="D:\actions-runner\_work\XPCO\XPCO\Corporate\VideoOS.Server.UnitTests\bin\x64\Debug\net472\VideoOS.Server.UnitTests.dll" adapterTypeName="executor://mstestadapter/v2" className="VideoOS.Server.UnitTests.CommandHandler.UpdateHardwareTaskHandlerTests" name="UpdateHardwareTaskCommandHandler_Construction_Null_Tests" />
    </UnitTest>
    <UnitTest name="PtzReserveSessionResponse_ModelIsValid_CommandExecuted" storage="d:\actions-runner\_work\xpco\xpco\corporate\videoos.server.unittests\bin\x64\debug\net472\videoos.server.unittests.dll" id="29262fbc-e929-4761-ebd6-59dea368b6f8">
      <Execution id="4ff4f122-caab-40e0-b439-f3b5e8780dcc" />
      <TestMethod codeBase="D:\actions-runner\_work\XPCO\XPCO\Corporate\VideoOS.Server.UnitTests\bin\x64\Debug\net472\VideoOS.Server.UnitTests.dll" adapterTypeName="executor://mstestadapter/v2" className="VideoOS.Server.UnitTests.WebApi.ResponseControllerTest" name="PtzReserveSessionResponse_ModelIsValid_CommandExecuted" />
    </UnitTest>
    <UnitTest name="TemporaryLicense_SetChangesWithoutActivationToken_DateActivatedSameToNow" storage="d:\actions-runner\_work\xpco\xpco\corporate\videoos.server.unittests\bin\x64\debug\net472\videoos.server.unittests.dll" id="f6d5e561-34f2-4fd1-5142-307043996e36">
      <TestCategory>
        <TestCategoryItem TestCategory="Licensing" />
      </TestCategory>
      <Execution id="c7d718ca-d4fe-4ffb-ab4f-6c6d55400220" />
      <TestMethod codeBase="D:\actions-runner\_work\XPCO\XPCO\Corporate\VideoOS.Server.UnitTests\bin\x64\Debug\net472\VideoOS.Server.UnitTests.dll" adapterTypeName="executor://mstestadapter/v2" className="VideoOS.Server.UnitTests.Licensing.HardwareLicensesUnitTests" name="TemporaryLicense_SetChangesWithoutActivationToken_DateActivatedSameToNow" />
    </UnitTest>
    <UnitTest name="FindHardware_EmptyMac_Throws_ArgumentNullException" storage="d:\actions-runner\_work\xpco\xpco\corporate\videoos.server.unittests\bin\x64\debug\net472\videoos.server.unittests.dll" id="375026d0-1f6d-e20f-0693-7a1919c0e7d6">
      <Execution id="9f4961a7-aa31-42ca-bdd3-2477e9bbfcbc" />
      <TestMethod codeBase="D:\actions-runner\_work\XPCO\XPCO\Corporate\VideoOS.Server.UnitTests\bin\x64\Debug\net472\VideoOS.Server.UnitTests.dll" adapterTypeName="executor://mstestadapter/v2" className="VideoOS.Server.UnitTests.Licensing.LicenseSnapshotTests" name="FindHardware_EmptyMac_Throws_ArgumentNullException" />
    </UnitTest>
    <UnitTest name="QueueAutomaticActivation_DoesNotPostponeActivation_OnActivationInQueue" storage="d:\actions-runner\_work\xpco\xpco\corporate\videoos.server.unittests\bin\x64\debug\net472\videoos.server.unittests.dll" id="05b6e2a1-5d8b-3f06-4e0d-a13dcae334b4">
      <TestCategory>
        <TestCategoryItem TestCategory="Licensing" />
      </TestCategory>
      <Execution id="af1786ae-38b1-42da-a769-3e97236502c4" />
      <TestMethod codeBase="D:\actions-runner\_work\XPCO\XPCO\Corporate\VideoOS.Server.UnitTests\bin\x64\Debug\net472\VideoOS.Server.UnitTests.dll" adapterTypeName="executor://mstestadapter/v2" className="VideoOS.Server.UnitTests.Licensing.ActivationManagerTests" name="QueueAutomaticActivation_DoesNotPostponeActivation_OnActivationInQueue" />
    </UnitTest>
    <UnitTest name="TaskHandling_ProcessUpdateDiffgram_Hardware_Null_Value" storage="d:\actions-runner\_work\xpco\xpco\corporate\videoos.server.unittests\bin\x64\debug\net472\videoos.server.unittests.dll" id="a7b1ca77-c533-93d1-99ba-9a567e13f38f">
      <Execution id="6229c665-83fc-4064-8e09-430679043e90" />
      <TestMethod codeBase="D:\actions-runner\_work\XPCO\XPCO\Corporate\VideoOS.Server.UnitTests\bin\x64\Debug\net472\VideoOS.Server.UnitTests.dll" adapterTypeName="executor://mstestadapter/v2" className="VideoOS.Server.UnitTests.Tasks.TaskHandlingUnitTests" name="TaskHandling_ProcessUpdateDiffgram_Hardware_Null_Value" />
    </UnitTest>
    <UnitTest name="IsActivationRequired_Success_ActivationNotRequired_OneDevice" storage="d:\actions-runner\_work\xpco\xpco\corporate\videoos.server.unittests\bin\x64\debug\net472\videoos.server.unittests.dll" id="9cb65c54-10b7-6be6-1f38-fad266ba3e96">
      <TestCategory>
        <TestCategoryItem TestCategory="Licensing" />
      </TestCategory>
      <Execution id="98be1288-3ab7-4a2a-b9fe-5cf9cc9687a6" />
      <TestMethod codeBase="D:\actions-runner\_work\XPCO\XPCO\Corporate\VideoOS.Server.UnitTests\bin\x64\Debug\net472\VideoOS.Server.UnitTests.dll" adapterTypeName="executor://mstestadapter/v2" className="VideoOS.Server.UnitTests.Licensing.LicenseRequestChannelTests" name="IsActivationRequired_Success_ActivationNotRequired_OneDevice" />
    </UnitTest>
    <UnitTest name="ReportManualRecordingStateCommand_ModelIsValid_CommandExecuted" storage="d:\actions-runner\_work\xpco\xpco\corporate\videoos.server.unittests\bin\x64\debug\net472\videoos.server.unittests.dll" id="ae22dca9-2c0d-4866-9901-227de3fea027">
      <Execution id="1a6833a1-e001-435e-bd18-ab450ff53bdc" />
      <TestMethod codeBase="D:\actions-runner\_work\XPCO\XPCO\Corporate\VideoOS.Server.UnitTests\bin\x64\Debug\net472\VideoOS.Server.UnitTests.dll" adapterTypeName="executor://mstestadapter/v2" className="VideoOS.Server.UnitTests.DatabaseCommandsControllerTests" name="ReportManualRecordingStateCommand_ModelIsValid_CommandExecuted" />
    </UnitTest>
    <UnitTest name="Monitor_CurrentStatusChanged_FailoverStateChanges" storage="d:\actions-runner\_work\xpco\xpco\corporate\videoos.server.unittests\bin\x64\debug\net472\videoos.server.unittests.dll" id="cd0b7830-5acf-7869-1c73-47988d890ffd">
      <Execution id="568681e5-a2eb-44b6-9c4c-b5a9b17d23e5" />
      <TestMethod codeBase="D:\actions-runner\_work\XPCO\XPCO\Corporate\VideoOS.Server.UnitTests\bin\x64\Debug\net472\VideoOS.Server.UnitTests.dll" adapterTypeName="executor://mstestadapter/v2" className="VideoOS.Server.UnitTests.Failover.FailoverStatusManagerUnitTests" name="Monitor_CurrentStatusChanged_FailoverStateChanges" />
    </UnitTest>
    <UnitTest name="RecordingServerCache_ClearCacheRemovesCachedLicense_Success" storage="d:\actions-runner\_work\xpco\xpco\corporate\videoos.server.unittests\bin\x64\debug\net472\videoos.server.unittests.dll" id="66c9557b-c149-2e3d-d5ea-3250190bb2c2">
      <Execution id="d81b5cf7-61f6-4eeb-91fa-0f7b884c8382" />
      <TestMethod codeBase="D:\actions-runner\_work\XPCO\XPCO\Corporate\VideoOS.Server.UnitTests\bin\x64\Debug\net472\VideoOS.Server.UnitTests.dll" adapterTypeName="executor://mstestadapter/v2" className="VideoOS.Server.UnitTests.Licensing.LicenseManagerCacheTests" name="RecordingServerCache_ClearCacheRemovesCachedLicense_Success" />
    </UnitTest>
    <UnitTest name="AnalyzeAndCreateAuditLogs_DeletedTimeProfileDefaultRoleRelationRow_ReturnsOneAuditLog" storage="d:\actions-runner\_work\xpco\xpco\corporate\videoos.server.unittests\bin\x64\debug\net472\videoos.server.unittests.dll" id="c461bfbb-db61-36c4-7c9c-cd738e75f1f7">
      <Execution id="37e61575-9424-4e6a-b6d5-903779da257e" />
      <TestMethod codeBase="D:\actions-runner\_work\XPCO\XPCO\Corporate\VideoOS.Server.UnitTests\bin\x64\Debug\net472\VideoOS.Server.UnitTests.dll" adapterTypeName="executor://mstestadapter/v2" className="VideoOS.Server.UnitTests.CommandHandler.DataSetAuditLogAnalyzerTests" name="AnalyzeAndCreateAuditLogs_DeletedTimeProfileDefaultRoleRelationRow_ReturnsOneAuditLog" />
    </UnitTest>
    <UnitTest name="MoveHardwareTaskCommandHandler_Execute_WriteConfigurationDataSetChangesToDatabase_DBConcurrencyException_FailResponse_UpdateConfigurationFailed" storage="d:\actions-runner\_work\xpco\xpco\corporate\videoos.server.unittests\bin\x64\debug\net472\videoos.server.unittests.dll" id="f54cb0cb-5b9c-26f7-4212-f53dc833b117">
      <Execution id="1e4d1695-413b-4b86-9ed4-68ca3cb3041f" />
      <TestMethod codeBase="D:\actions-runner\_work\XPCO\XPCO\Corporate\VideoOS.Server.UnitTests\bin\x64\Debug\net472\VideoOS.Server.UnitTests.dll" adapterTypeName="executor://mstestadapter/v2" className="VideoOS.Server.UnitTests.CommandHandler.MoveHardwareTaskCommandHandlerTests" name="MoveHardwareTaskCommandHandler_Execute_WriteConfigurationDataSetChangesToDatabase_DBConcurrencyException_FailResponse_UpdateConfigurationFailed" />
    </UnitTest>
    <UnitTest name="LicenseFactory_Create_LicenseSnapshot_Success" storage="d:\actions-runner\_work\xpco\xpco\corporate\videoos.server.unittests\bin\x64\debug\net472\videoos.server.unittests.dll" id="24ab3bd5-1acb-fa38-e5c7-6c5a5fa87aa2">
      <Execution id="0f7b01cb-2cf0-4451-ac9b-ea629ecb3972" />
      <TestMethod codeBase="D:\actions-runner\_work\XPCO\XPCO\Corporate\VideoOS.Server.UnitTests\bin\x64\Debug\net472\VideoOS.Server.UnitTests.dll" adapterTypeName="executor://mstestadapter/v2" className="VideoOS.Server.UnitTests.Licensing.LicenseSnapshotTests" name="LicenseFactory_Create_LicenseSnapshot_Success" />
    </UnitTest>
    <UnitTest name="SetMatrixView_ModelIsValid_CommandExecuted" storage="d:\actions-runner\_work\xpco\xpco\corporate\videoos.server.unittests\bin\x64\debug\net472\videoos.server.unittests.dll" id="3b6709e2-05c1-e5a2-e86a-3880bee121c4">
      <Execution id="59c7b0ae-ff73-443d-82b4-efbc257654cf" />
      <TestMethod codeBase="D:\actions-runner\_work\XPCO\XPCO\Corporate\VideoOS.Server.UnitTests\bin\x64\Debug\net472\VideoOS.Server.UnitTests.dll" adapterTypeName="executor://mstestadapter/v2" className="VideoOS.Server.UnitTests.ServerCommmandsControllerTests" name="SetMatrixView_ModelIsValid_CommandExecuted" />
    </UnitTest>
    <UnitTest name="HardwareSetupInformationResponse_ModelIsNull_BadRequestResult" storage="d:\actions-runner\_work\xpco\xpco\corporate\videoos.server.unittests\bin\x64\debug\net472\videoos.server.unittests.dll" id="5e3bdf58-1844-a1b4-806a-46eb12369c4c">
      <Execution id="723708ad-d662-46b5-b82a-d9cec440eaf9" />
      <TestMethod codeBase="D:\actions-runner\_work\XPCO\XPCO\Corporate\VideoOS.Server.UnitTests\bin\x64\Debug\net472\VideoOS.Server.UnitTests.dll" adapterTypeName="executor://mstestadapter/v2" className="VideoOS.Server.UnitTests.WebApi.ResponseControllerTest" name="HardwareSetupInformationResponse_ModelIsNull_BadRequestResult" />
    </UnitTest>
    <UnitTest name="UpdateEvidenceLockSizesCommandHandlerTests_UpdateOneEvidenceLockSize_UpdateEvidenceLockSizesInTheDatabaseFailed_SuccessResponse" storage="d:\actions-runner\_work\xpco\xpco\corporate\videoos.server.unittests\bin\x64\debug\net472\videoos.server.unittests.dll" id="055b4e5c-9049-e74b-43bd-2a5fd25e970b">
      <Execution id="998a3845-f7fb-4a86-be81-6672a8e462db" />
      <TestMethod codeBase="D:\actions-runner\_work\XPCO\XPCO\Corporate\VideoOS.Server.UnitTests\bin\x64\Debug\net472\VideoOS.Server.UnitTests.dll" adapterTypeName="executor://mstestadapter/v2" className="VideoOS.Server.UnitTests.CommandHandler.UpdateEvidenceLockSizesCommandHandlerTests" name="UpdateEvidenceLockSizesCommandHandlerTests_UpdateOneEvidenceLockSize_UpdateEvidenceLockSizesInTheDatabaseFailed_SuccessResponse" />
    </UnitTest>
    <UnitTest name="TemporaryLicense_HasCurrentYearToken_LicenseYearInferiorThanDateActivated" storage="d:\actions-runner\_work\xpco\xpco\corporate\videoos.server.unittests\bin\x64\debug\net472\videoos.server.unittests.dll" id="46bf9e98-581b-ed21-4068-ec39f8188b91">
      <TestCategory>
        <TestCategoryItem TestCategory="Licensing" />
      </TestCategory>
      <Execution id="20e195a1-fb5d-4e45-a534-45eaa8c11215" />
      <TestMethod codeBase="D:\actions-runner\_work\XPCO\XPCO\Corporate\VideoOS.Server.UnitTests\bin\x64\Debug\net472\VideoOS.Server.UnitTests.dll" adapterTypeName="executor://mstestadapter/v2" className="VideoOS.Server.UnitTests.Licensing.HardwareLicensesUnitTests" name="TemporaryLicense_HasCurrentYearToken_LicenseYearInferiorThanDateActivated" />
    </UnitTest>
    <UnitTest name="GenerateLicenseRequestAsXml_ExportDriverNumberFlagSet_ExportsDriverNumber_Success" storage="d:\actions-runner\_work\xpco\xpco\corporate\videoos.server.unittests\bin\x64\debug\net472\videoos.server.unittests.dll" id="fd34d79d-6a71-f6d7-434a-60dde659bbd3">
      <TestCategory>
        <TestCategoryItem TestCategory="Licensing" />
      </TestCategory>
      <Execution id="d5d600e9-cba1-4cd6-b68c-281ac82b1319" />
      <TestMethod codeBase="D:\actions-runner\_work\XPCO\XPCO\Corporate\VideoOS.Server.UnitTests\bin\x64\Debug\net472\VideoOS.Server.UnitTests.dll" adapterTypeName="executor://mstestadapter/v2" className="VideoOS.Server.UnitTests.Licensing.LicenseRequestChannelTests" name="GenerateLicenseRequestAsXml_ExportDriverNumberFlagSet_ExportsDriverNumber_Success" />
    </UnitTest>
    <UnitTest name="CheckConfigurationDataSetTest_RecorderMulticastNotLicensedFail" storage="d:\actions-runner\_work\xpco\xpco\corporate\videoos.server.unittests\bin\x64\debug\net472\videoos.server.unittests.dll" id="5b93ef42-b7b3-5196-9d09-0e0e6b274066">
      <Execution id="edf169e6-a963-4bac-af66-1c5b7dfd1451" />
      <TestMethod codeBase="D:\actions-runner\_work\XPCO\XPCO\Corporate\VideoOS.Server.UnitTests\bin\x64\Debug\net472\VideoOS.Server.UnitTests.dll" adapterTypeName="executor://mstestadapter/v2" className="VideoOS.Server.UnitTests.Licensing.LicenseFeatureCheckerTest" name="CheckConfigurationDataSetTest_RecorderMulticastNotLicensedFail" />
    </UnitTest>
    <UnitTest name="AllocateLicenses_HardwareWithNoCameras_ShouldCount1InCWA_ThenDisabling_ShouldStillCount1InCWA_On10Replacements" storage="d:\actions-runner\_work\xpco\xpco\corporate\videoos.server.unittests\bin\x64\debug\net472\videoos.server.unittests.dll" id="599ccfee-b92f-9c95-c440-e902348632b1">
      <TestCategory>
        <TestCategoryItem TestCategory="Licensing" />
      </TestCategory>
      <Execution id="5b126bf7-0abe-493c-a1c9-de3d617a722b" />
      <TestMethod codeBase="D:\actions-runner\_work\XPCO\XPCO\Corporate\VideoOS.Server.UnitTests\bin\x64\Debug\net472\VideoOS.Server.UnitTests.dll" adapterTypeName="executor://mstestadapter/v2" className="VideoOS.Server.UnitTests.Licensing.LicenseAllocatorChannelTests" name="AllocateLicenses_HardwareWithNoCameras_ShouldCount1InCWA_ThenDisabling_ShouldStillCount1InCWA_On10Replacements" />
    </UnitTest>
    <UnitTest name="MessageManagerResponseCollector_GetNextResponse_SuccessResponse" storage="d:\actions-runner\_work\xpco\xpco\corporate\videoos.server.unittests\bin\x64\debug\net472\videoos.server.unittests.dll" id="f016efe6-b33c-ffb6-74a7-426748f0e966">
      <Execution id="5ca5af11-9b7e-4eed-934b-7ffc7472b663" />
      <TestMethod codeBase="D:\actions-runner\_work\XPCO\XPCO\Corporate\VideoOS.Server.UnitTests\bin\x64\Debug\net472\VideoOS.Server.UnitTests.dll" adapterTypeName="executor://mstestadapter/v2" className="VideoOS.Server.UnitTests.MessageManagerResponseCollectorUnitTests" name="MessageManagerResponseCollector_GetNextResponse_SuccessResponse" />
    </UnitTest>
    <UnitTest name="ToXml_HasLicenseReportInformationSectionWithRightInformation_OnNotDefaultConstruction" storage="d:\actions-runner\_work\xpco\xpco\corporate\videoos.server.unittests\bin\x64\debug\net472\videoos.server.unittests.dll" id="88ef3b12-90e0-b60b-d906-a863d11fe7c1">
      <Execution id="32fc6f5d-7227-4526-999d-f78d41ad75df" />
      <TestMethod codeBase="D:\actions-runner\_work\XPCO\XPCO\Corporate\VideoOS.Server.UnitTests\bin\x64\Debug\net472\VideoOS.Server.UnitTests.dll" adapterTypeName="executor://mstestadapter/v2" className="VideoOS.Server.UnitTests.Licensing.LicenseInformationUnitTests" name="ToXml_HasLicenseReportInformationSectionWithRightInformation_OnNotDefaultConstruction" />
    </UnitTest>
    <UnitTest name="HardwareInCWAOnWhiteList_ReplacedWithInheritance_HardwareNotOnWhiteList_NoMoreCWAAllowed_MoreChannelsOnReplacedHardware_NewDevicesInGrace" storage="d:\actions-runner\_work\xpco\xpco\corporate\videoos.server.unittests\bin\x64\debug\net472\videoos.server.unittests.dll" id="eaacc939-8c52-d76d-0d8a-74169cd672a2">
      <TestCategory>
        <TestCategoryItem TestCategory="Licensing Replace Hardware" />
        <TestCategoryItem TestCategory="Licensing" />
      </TestCategory>
      <Execution id="c2faf334-63f2-46e5-87df-f2667b90e82b" />
      <TestMethod codeBase="D:\actions-runner\_work\XPCO\XPCO\Corporate\VideoOS.Server.UnitTests\bin\x64\Debug\net472\VideoOS.Server.UnitTests.dll" adapterTypeName="executor://mstestadapter/v2" className="VideoOS.Server.UnitTests.Licensing.LicenseAllocatorChannelTests" name="HardwareInCWAOnWhiteList_ReplacedWithInheritance_HardwareNotOnWhiteList_NoMoreCWAAllowed_MoreChannelsOnReplacedHardware_NewDevicesInGrace" />
    </UnitTest>
    <UnitTest name="LicenseCountManager_HardwareLicenses_ClearByRecorder_Success" storage="d:\actions-runner\_work\xpco\xpco\corporate\videoos.server.unittests\bin\x64\debug\net472\videoos.server.unittests.dll" id="468b9eb4-7481-5a0f-1901-331193ac2eb1">
      <Execution id="14cce1f3-661c-4022-847d-d05dd6006203" />
      <TestMethod codeBase="D:\actions-runner\_work\XPCO\XPCO\Corporate\VideoOS.Server.UnitTests\bin\x64\Debug\net472\VideoOS.Server.UnitTests.dll" adapterTypeName="executor://mstestadapter/v2" className="VideoOS.Server.UnitTests.Licensing.LicenseCountManagerUnitTests" name="LicenseCountManager_HardwareLicenses_ClearByRecorder_Success" />
    </UnitTest>
    <UnitTest name="Ctor_TokenCacheNull_ThrowsArgumentNullException" storage="d:\actions-runner\_work\xpco\xpco\corporate\videoos.server.unittests\bin\x64\debug\net472\videoos.server.unittests.dll" id="d4704b48-35ea-e513-d452-e0a5781bede0">
      <Execution id="90e3375a-b156-409a-917d-d9d2edabe039" />
      <TestMethod codeBase="D:\actions-runner\_work\XPCO\XPCO\Corporate\VideoOS.Server.UnitTests\bin\x64\Debug\net472\VideoOS.Server.UnitTests.dll" adapterTypeName="executor://mstestadapter/v2" className="VideoOS.Server.UnitTests.Log.IdpLogRetrieverTests" name="Ctor_TokenCacheNull_ThrowsArgumentNullException" />
    </UnitTest>
    <UnitTest name="ExecuteMipActionCommand_ModelIsNull_BadRequestResult" storage="d:\actions-runner\_work\xpco\xpco\corporate\videoos.server.unittests\bin\x64\debug\net472\videoos.server.unittests.dll" id="4bce812a-4918-86c6-8b3b-eb1449713531">
      <Execution id="c6bcd7cc-1f08-406d-b4d0-efedf5f33f54" />
      <TestMethod codeBase="D:\actions-runner\_work\XPCO\XPCO\Corporate\VideoOS.Server.UnitTests\bin\x64\Debug\net472\VideoOS.Server.UnitTests.dll" adapterTypeName="executor://mstestadapter/v2" className="VideoOS.Server.UnitTests.RuleCommandsControllerTests" name="ExecuteMipActionCommand_ModelIsNull_BadRequestResult" />
    </UnitTest>
    <UnitTest name="HardwareScanTaskCommandHandler_Execute_Succeeded" storage="d:\actions-runner\_work\xpco\xpco\corporate\videoos.server.unittests\bin\x64\debug\net472\videoos.server.unittests.dll" id="22d08012-2885-1c43-3f38-23756f15dee5">
      <Execution id="ec0ad8e2-8f10-421b-93da-a40d1c17aca2" />
      <TestMethod codeBase="D:\actions-runner\_work\XPCO\XPCO\Corporate\VideoOS.Server.UnitTests\bin\x64\Debug\net472\VideoOS.Server.UnitTests.dll" adapterTypeName="executor://mstestadapter/v2" className="VideoOS.Server.UnitTests.CommandHandler.HardwareScanTaskCommandHandlerTest" name="HardwareScanTaskCommandHandler_Execute_Succeeded" />
    </UnitTest>
    <UnitTest name="ServerAccessTokenHandler_PopulateAuthorizationHeaderAsync_Success" storage="d:\actions-runner\_work\xpco\xpco\corporate\videoos.server.unittests\bin\x64\debug\net472\videoos.server.unittests.dll" id="bdec05a5-07fb-4820-dc28-26dda82fd8ee">
      <Execution id="c99bcea1-8a55-4f86-998d-1e5f51630a35" />
      <TestMethod codeBase="D:\actions-runner\_work\XPCO\XPCO\Corporate\VideoOS.Server.UnitTests\bin\x64\Debug\net472\VideoOS.Server.UnitTests.dll" adapterTypeName="executor://mstestadapter/v2" className="VideoOS.Server.UnitTests.RecorderCommunication.ServerAccessTokenHandlerTests" name="ServerAccessTokenHandler_PopulateAuthorizationHeaderAsync_Success" />
    </UnitTest>
    <UnitTest name="CreateLicenseInformationXml_Has10ICP_On1ICPHardwareWith10EnabledCameras1DisabledCamera" storage="d:\actions-runner\_work\xpco\xpco\corporate\videoos.server.unittests\bin\x64\debug\net472\videoos.server.unittests.dll" id="6b6a2802-04b4-060c-cd24-510720c0c11a">
      <TestCategory>
        <TestCategoryItem TestCategory="Licensing" />
      </TestCategory>
      <Execution id="b42cc880-f712-49b9-96ec-3d2190f2ec61" />
      <TestMethod codeBase="D:\actions-runner\_work\XPCO\XPCO\Corporate\VideoOS.Server.UnitTests\bin\x64\Debug\net472\VideoOS.Server.UnitTests.dll" adapterTypeName="executor://mstestadapter/v2" className="VideoOS.Server.UnitTests.Licensing.LicenseInfoXmlWriterTests" name="CreateLicenseInformationXml_Has10ICP_On1ICPHardwareWith10EnabledCameras1DisabledCamera" />
    </UnitTest>
    <UnitTest name="AddHardwareUserCommandHandler_Execute_ReturnsRecorderUnavailableResponseOnRecorderNotConnected" storage="d:\actions-runner\_work\xpco\xpco\corporate\videoos.server.unittests\bin\x64\debug\net472\videoos.server.unittests.dll" id="12b01767-1152-86d2-fa25-fbd881fa6122">
      <Execution id="9d42232a-5571-4b43-aa9f-6821f0c6857d" />
      <TestMethod codeBase="D:\actions-runner\_work\XPCO\XPCO\Corporate\VideoOS.Server.UnitTests\bin\x64\Debug\net472\VideoOS.Server.UnitTests.dll" adapterTypeName="executor://mstestadapter/v2" className="VideoOS.Server.UnitTests.CommandHandler.AddHardwareUserCommandHandlerServerUnitTests" name="AddHardwareUserCommandHandler_Execute_ReturnsRecorderUnavailableResponseOnRecorderNotConnected" />
    </UnitTest>
    <UnitTest name="EventCollector_ShouldEventBeFired_Reject_Other_Events" storage="d:\actions-runner\_work\xpco\xpco\corporate\videoos.server.unittests\bin\x64\debug\net472\videoos.server.unittests.dll" id="f1094adb-7cd4-3800-7fd4-6b10eec5d3f3">
      <Execution id="82685f3b-27f9-435c-a5c6-63934d62b019" />
      <TestMethod codeBase="D:\actions-runner\_work\XPCO\XPCO\Corporate\VideoOS.Server.UnitTests\bin\x64\Debug\net472\VideoOS.Server.UnitTests.dll" adapterTypeName="executor://mstestadapter/v2" className="VideoOS.Server.UnitTests.UpdateConfigurationManagerCommandHandlerTests" name="EventCollector_ShouldEventBeFired_Reject_Other_Events" />
    </UnitTest>
    <UnitTest name="AddHardwareUserCommandHandler_Execute_ReturnsFailResponseOnEmptyHardwareId" storage="d:\actions-runner\_work\xpco\xpco\corporate\videoos.server.unittests\bin\x64\debug\net472\videoos.server.unittests.dll" id="16c3f6e2-b2da-a7d9-b554-da627f0cdd15">
      <Execution id="89445889-149e-4fa9-8708-eb0279add7b3" />
      <TestMethod codeBase="D:\actions-runner\_work\XPCO\XPCO\Corporate\VideoOS.Server.UnitTests\bin\x64\Debug\net472\VideoOS.Server.UnitTests.dll" adapterTypeName="executor://mstestadapter/v2" className="VideoOS.Server.UnitTests.CommandHandler.AddHardwareUserCommandHandlerServerUnitTests" name="AddHardwareUserCommandHandler_Execute_ReturnsFailResponseOnEmptyHardwareId" />
    </UnitTest>
    <UnitTest name="UpdateHardwareDriverCommandHandler_Execute_MacChanged_Success" storage="d:\actions-runner\_work\xpco\xpco\corporate\videoos.server.unittests\bin\x64\debug\net472\videoos.server.unittests.dll" id="3b025860-fba3-439e-f85e-c1a1d52502a6">
      <Execution id="6f40f9bc-ea54-4c53-8383-9aa7f39ea284" />
      <TestMethod codeBase="D:\actions-runner\_work\XPCO\XPCO\Corporate\VideoOS.Server.UnitTests\bin\x64\Debug\net472\VideoOS.Server.UnitTests.dll" adapterTypeName="executor://mstestadapter/v2" className="VideoOS.Server.UnitTests.CommandHandler.UpdateHardwareDriverCommandHandlerTests" name="UpdateHardwareDriverCommandHandler_Execute_MacChanged_Success" />
    </UnitTest>
    <UnitTest name="HardwareScanTaskCommandHandler_Execute_TaskProgress" storage="d:\actions-runner\_work\xpco\xpco\corporate\videoos.server.unittests\bin\x64\debug\net472\videoos.server.unittests.dll" id="27a80b10-a457-dcf0-3f4f-f5674e8d3ef4">
      <Execution id="f86e1584-7b1e-44b1-8eee-a1ee3d942b75" />
      <TestMethod codeBase="D:\actions-runner\_work\XPCO\XPCO\Corporate\VideoOS.Server.UnitTests\bin\x64\Debug\net472\VideoOS.Server.UnitTests.dll" adapterTypeName="executor://mstestadapter/v2" className="VideoOS.Server.UnitTests.CommandHandler.HardwareScanTaskCommandHandlerTest" name="HardwareScanTaskCommandHandler_Execute_TaskProgress" />
    </UnitTest>
    <UnitTest name="AnalyzeAndCreateAuditLogs_ModifiedSecurityPermissionsRowToSameValue_ReturnsNoAuditLog" storage="d:\actions-runner\_work\xpco\xpco\corporate\videoos.server.unittests\bin\x64\debug\net472\videoos.server.unittests.dll" id="45331505-4432-2593-3699-d42f8ffbaedd">
      <Execution id="bbe95442-c880-47ad-8e42-3a89e504af2a" />
      <TestMethod codeBase="D:\actions-runner\_work\XPCO\XPCO\Corporate\VideoOS.Server.UnitTests\bin\x64\Debug\net472\VideoOS.Server.UnitTests.dll" adapterTypeName="executor://mstestadapter/v2" className="VideoOS.Server.UnitTests.CommandHandler.DataSetAuditLogAnalyzerTests" name="AnalyzeAndCreateAuditLogs_ModifiedSecurityPermissionsRowToSameValue_ReturnsNoAuditLog" />
    </UnitTest>
    <UnitTest name="HardwareLicense_Add_NullInstance_Throws_ArgumentNullException" storage="d:\actions-runner\_work\xpco\xpco\corporate\videoos.server.unittests\bin\x64\debug\net472\videoos.server.unittests.dll" id="98f533e5-cb2d-28ac-67c0-1c9e3a63eadf">
      <Execution id="813ac948-c225-425f-96fd-0f96ee3c6b52" />
      <TestMethod codeBase="D:\actions-runner\_work\XPCO\XPCO\Corporate\VideoOS.Server.UnitTests\bin\x64\Debug\net472\VideoOS.Server.UnitTests.dll" adapterTypeName="executor://mstestadapter/v2" className="VideoOS.Server.UnitTests.Licensing.LicenseSnapshotTests" name="HardwareLicense_Add_NullInstance_Throws_ArgumentNullException" />
    </UnitTest>
    <UnitTest name="LicenseDeviceRow_Validate_DeletedRowCanBeReinstated_ChangesNotAccepted_Success" storage="d:\actions-runner\_work\xpco\xpco\corporate\videoos.server.unittests\bin\x64\debug\net472\videoos.server.unittests.dll" id="4a042a40-867b-e45d-cc91-1c1f3ec0c326">
      <TestCategory>
        <TestCategoryItem TestCategory="Licensing" />
      </TestCategory>
      <Execution id="3d1ae40f-4b39-42ed-a571-0c5a4fe9e604" />
      <TestMethod codeBase="D:\actions-runner\_work\XPCO\XPCO\Corporate\VideoOS.Server.UnitTests\bin\x64\Debug\net472\VideoOS.Server.UnitTests.dll" adapterTypeName="executor://mstestadapter/v2" className="VideoOS.Server.UnitTests.Licensing.LicenseDataSetUnitTests" name="LicenseDeviceRow_Validate_DeletedRowCanBeReinstated_ChangesNotAccepted_Success" />
    </UnitTest>
    <UnitTest name="UpdateRecorderTaskProgress_ModelIsNull_BadRequestResult" storage="d:\actions-runner\_work\xpco\xpco\corporate\videoos.server.unittests\bin\x64\debug\net472\videoos.server.unittests.dll" id="84bd42f8-6c42-6804-8e9c-d2a57ef8e5b5">
      <Execution id="493f5a80-1697-4044-917f-9966bae9c773" />
      <TestMethod codeBase="D:\actions-runner\_work\XPCO\XPCO\Corporate\VideoOS.Server.UnitTests\bin\x64\Debug\net472\VideoOS.Server.UnitTests.dll" adapterTypeName="executor://mstestadapter/v2" className="VideoOS.Server.UnitTests.TaskControllerTests" name="UpdateRecorderTaskProgress_ModelIsNull_BadRequestResult" />
    </UnitTest>
    <UnitTest name="MultiSite_ChannelBased_SameHardwareAndDevicesOn2Recorders_NotWhitelisted_ConsumesNoExtraLicenses" storage="d:\actions-runner\_work\xpco\xpco\corporate\videoos.server.unittests\bin\x64\debug\net472\videoos.server.unittests.dll" id="d6d61d68-433a-498f-6484-e644581b7e25">
      <Execution id="e243cfb0-c596-4f89-af43-d6242eae4deb" />
      <TestMethod codeBase="D:\actions-runner\_work\XPCO\XPCO\Corporate\VideoOS.Server.UnitTests\bin\x64\Debug\net472\VideoOS.Server.UnitTests.dll" adapterTypeName="executor://mstestadapter/v2" className="VideoOS.Server.UnitTests.Licensing.LicenseAllocatorChannelTests" name="MultiSite_ChannelBased_SameHardwareAndDevicesOn2Recorders_NotWhitelisted_ConsumesNoExtraLicenses" />
    </UnitTest>
    <UnitTest name="AddBookmarkCommand_ModelIsNull_BadRequestResult" storage="d:\actions-runner\_work\xpco\xpco\corporate\videoos.server.unittests\bin\x64\debug\net472\videoos.server.unittests.dll" id="06cb1a61-0bd1-3696-d03c-a56d6e162cf8">
      <Execution id="8bc9a263-6d5a-4dea-8a51-a4a0e5c311ad" />
      <TestMethod codeBase="D:\actions-runner\_work\XPCO\XPCO\Corporate\VideoOS.Server.UnitTests\bin\x64\Debug\net472\VideoOS.Server.UnitTests.dll" adapterTypeName="executor://mstestadapter/v2" className="VideoOS.Server.UnitTests.DatabaseCommandsControllerTests" name="AddBookmarkCommand_ModelIsNull_BadRequestResult" />
    </UnitTest>
    <UnitTest name="AllocateLicenses_NotActivated_OneDevice_SixDisabledCameraChannels_LicenseCountFive_OneInGrace_DeviceWithoutEnabledCamera" storage="d:\actions-runner\_work\xpco\xpco\corporate\videoos.server.unittests\bin\x64\debug\net472\videoos.server.unittests.dll" id="5bba4a02-40e6-875f-dbab-eeeae3f32772">
      <TestCategory>
        <TestCategoryItem TestCategory="Licensing" />
      </TestCategory>
      <Execution id="5b89cc4c-2bf6-4b6d-a8a9-aac6c154e1ed" />
      <TestMethod codeBase="D:\actions-runner\_work\XPCO\XPCO\Corporate\VideoOS.Server.UnitTests\bin\x64\Debug\net472\VideoOS.Server.UnitTests.dll" adapterTypeName="executor://mstestadapter/v2" className="VideoOS.Server.UnitTests.Licensing.LicenseAllocatorChannelTests" name="AllocateLicenses_NotActivated_OneDevice_SixDisabledCameraChannels_LicenseCountFive_OneInGrace_DeviceWithoutEnabledCamera" />
    </UnitTest>
    <UnitTest name="FirmwareUpgradeTaskCommandHandler_Execute_Failed_ExceptionResponse" storage="d:\actions-runner\_work\xpco\xpco\corporate\videoos.server.unittests\bin\x64\debug\net472\videoos.server.unittests.dll" id="31f844ec-9d40-2405-88d9-f17d5587c8d4">
      <Execution id="cfb79d45-9cbd-4b14-8758-818a18052bd8" />
      <TestMethod codeBase="D:\actions-runner\_work\XPCO\XPCO\Corporate\VideoOS.Server.UnitTests\bin\x64\Debug\net472\VideoOS.Server.UnitTests.dll" adapterTypeName="executor://mstestadapter/v2" className="VideoOS.Server.UnitTests.CommandHandler.FirmwareUpgradeTaskCommandHandlerTests" name="FirmwareUpgradeTaskCommandHandler_Execute_Failed_ExceptionResponse" />
    </UnitTest>
    <UnitTest name="DeviceDataDistributionManager_Dispose_Success" storage="d:\actions-runner\_work\xpco\xpco\corporate\videoos.server.unittests\bin\x64\debug\net472\videoos.server.unittests.dll" id="c9da9639-b50b-7aa2-1b47-3a6f28c4b171">
      <Execution id="b8a726fa-8a5a-4bc8-bd08-1c7bfd4c063b" />
      <TestMethod codeBase="D:\actions-runner\_work\XPCO\XPCO\Corporate\VideoOS.Server.UnitTests\bin\x64\Debug\net472\VideoOS.Server.UnitTests.dll" adapterTypeName="executor://mstestadapter/v2" className="VideoOS.Server.UnitTests.DeviceDataDistributionManagerUnitTests" name="DeviceDataDistributionManager_Dispose_Success" />
    </UnitTest>
    <UnitTest name="AllocateLicenses_HardwareWith5CamerasAndOtherDevices_ShouldCount5InGrace_ThenDisablingCameras_ShouldCount1InGrace_OnZeroCWALicense" storage="d:\actions-runner\_work\xpco\xpco\corporate\videoos.server.unittests\bin\x64\debug\net472\videoos.server.unittests.dll" id="52ae5aec-9df8-776c-3d9e-043bf189964e">
      <TestCategory>
        <TestCategoryItem TestCategory="Licensing" />
      </TestCategory>
      <Execution id="91365da7-6958-4270-ba07-6085ff359eb8" />
      <TestMethod codeBase="D:\actions-runner\_work\XPCO\XPCO\Corporate\VideoOS.Server.UnitTests\bin\x64\Debug\net472\VideoOS.Server.UnitTests.dll" adapterTypeName="executor://mstestadapter/v2" className="VideoOS.Server.UnitTests.Licensing.LicenseAllocatorChannelTests" name="AllocateLicenses_HardwareWith5CamerasAndOtherDevices_ShouldCount5InGrace_ThenDisablingCameras_ShouldCount1InGrace_OnZeroCWALicense" />
    </UnitTest>
    <UnitTest name="Validate_HardwareNotOnWhiteList_StaysOutOfGrace_WhenGracePeriodExpires" storage="d:\actions-runner\_work\xpco\xpco\corporate\videoos.server.unittests\bin\x64\debug\net472\videoos.server.unittests.dll" id="09154a1f-0b6f-795a-a6d4-6a0d40cceb72">
      <TestCategory>
        <TestCategoryItem TestCategory="Licensing" />
      </TestCategory>
      <Execution id="adf5ed43-3ae1-4dc1-a2fe-1659a7e0a534" />
      <TestMethod codeBase="D:\actions-runner\_work\XPCO\XPCO\Corporate\VideoOS.Server.UnitTests\bin\x64\Debug\net472\VideoOS.Server.UnitTests.dll" adapterTypeName="executor://mstestadapter/v2" className="VideoOS.Server.UnitTests.Licensing.LicenseAllocatorChannelTests" name="Validate_HardwareNotOnWhiteList_StaysOutOfGrace_WhenGracePeriodExpires" />
    </UnitTest>
    <UnitTest name="TemporaryLicense_Ctor_DateTimeMaxValue_ArgumentException" storage="d:\actions-runner\_work\xpco\xpco\corporate\videoos.server.unittests\bin\x64\debug\net472\videoos.server.unittests.dll" id="67cc226a-7fe1-9d05-a4e5-d17e740d4855">
      <TestCategory>
        <TestCategoryItem TestCategory="Licensing" />
      </TestCategory>
      <Execution id="038b9c52-0711-492e-bab7-e2e83ea9b0f6" />
      <TestMethod codeBase="D:\actions-runner\_work\XPCO\XPCO\Corporate\VideoOS.Server.UnitTests\bin\x64\Debug\net472\VideoOS.Server.UnitTests.dll" adapterTypeName="executor://mstestadapter/v2" className="VideoOS.Server.UnitTests.Licensing.HardwareLicensesUnitTests" name="TemporaryLicense_Ctor_DateTimeMaxValue_ArgumentException" />
    </UnitTest>
    <UnitTest name="Validate_LicenseCalculatorContainsAllHardwareFromAllRecordingServers_NoMissingLicenses_Success" storage="d:\actions-runner\_work\xpco\xpco\corporate\videoos.server.unittests\bin\x64\debug\net472\videoos.server.unittests.dll" id="a31c941f-514d-43ce-0c78-bad3b156ddc6">
      <Execution id="e37d1cd6-5e8a-4f69-919c-cc5759f6c88c" />
      <TestMethod codeBase="D:\actions-runner\_work\XPCO\XPCO\Corporate\VideoOS.Server.UnitTests\bin\x64\Debug\net472\VideoOS.Server.UnitTests.dll" adapterTypeName="executor://mstestadapter/v2" className="VideoOS.Server.UnitTests.Licensing.LicenseInfoXmlWriterTests" name="Validate_LicenseCalculatorContainsAllHardwareFromAllRecordingServers_NoMissingLicenses_Success" />
    </UnitTest>
    <UnitTest name="DeleteHardwareTaskCommandHandler_Execute_Failed_NoResponse" storage="d:\actions-runner\_work\xpco\xpco\corporate\videoos.server.unittests\bin\x64\debug\net472\videoos.server.unittests.dll" id="8506cb6c-8938-173e-a9b6-87ebf73ac192">
      <Execution id="983ccd5d-2134-401c-ba7f-faa8e8420343" />
      <TestMethod codeBase="D:\actions-runner\_work\XPCO\XPCO\Corporate\VideoOS.Server.UnitTests\bin\x64\Debug\net472\VideoOS.Server.UnitTests.dll" adapterTypeName="executor://mstestadapter/v2" className="VideoOS.Server.UnitTests.CommandHandler.DeleteHardwareTaskCommandHandlerTest" name="DeleteHardwareTaskCommandHandler_Execute_Failed_NoResponse" />
    </UnitTest>
    <UnitTest name="RegisterFailoverRecorder_WatchingRecorderIsDeleted_ErrorResponse" storage="d:\actions-runner\_work\xpco\xpco\corporate\videoos.server.unittests\bin\x64\debug\net472\videoos.server.unittests.dll" id="b5adbb73-9b21-0db3-07ee-91df82916c6a">
      <Execution id="c0513afa-5b3c-43ae-9e3f-4bac409cd81f" />
      <TestMethod codeBase="D:\actions-runner\_work\XPCO\XPCO\Corporate\VideoOS.Server.UnitTests\bin\x64\Debug\net472\VideoOS.Server.UnitTests.dll" adapterTypeName="executor://mstestadapter/v2" className="VideoOS.Server.UnitTests.WebApi.Controllers.RecorderRegistrationControllerTests" name="RegisterFailoverRecorder_WatchingRecorderIsDeleted_ErrorResponse" />
    </UnitTest>
    <UnitTest name="MoveHardwareTaskCommandHandler_Clone_Returns_Same_Reference" storage="d:\actions-runner\_work\xpco\xpco\corporate\videoos.server.unittests\bin\x64\debug\net472\videoos.server.unittests.dll" id="004a6bf8-e997-9598-3e64-6edbcb12f591">
      <Execution id="88aaa954-479b-456f-b40d-812ff2304550" />
      <TestMethod codeBase="D:\actions-runner\_work\XPCO\XPCO\Corporate\VideoOS.Server.UnitTests\bin\x64\Debug\net472\VideoOS.Server.UnitTests.dll" adapterTypeName="executor://mstestadapter/v2" className="VideoOS.Server.UnitTests.CommandHandler.MoveHardwareTaskCommandHandlerTests" name="MoveHardwareTaskCommandHandler_Clone_Returns_Same_Reference" />
    </UnitTest>
    <UnitTest name="ExecuteRuleActionCommand_ModelIsValid_CommandExecuted" storage="d:\actions-runner\_work\xpco\xpco\corporate\videoos.server.unittests\bin\x64\debug\net472\videoos.server.unittests.dll" id="13dde9b8-bbe7-671f-4c15-4cc07813093b">
      <Execution id="95346769-66dd-4bf8-b5db-a66b9a6e6105" />
      <TestMethod codeBase="D:\actions-runner\_work\XPCO\XPCO\Corporate\VideoOS.Server.UnitTests\bin\x64\Debug\net472\VideoOS.Server.UnitTests.dll" adapterTypeName="executor://mstestadapter/v2" className="VideoOS.Server.UnitTests.RuleCommandsControllerTests" name="ExecuteRuleActionCommand_ModelIsValid_CommandExecuted" />
    </UnitTest>
    <UnitTest name="HardwareInCWAOnWhiteList_ReplacedWithInheritance_HardwareOnWhiteList_MixedCWAAllowed_FewerChannelsOnReplacedHardware_NewHardwareInCWA" storage="d:\actions-runner\_work\xpco\xpco\corporate\videoos.server.unittests\bin\x64\debug\net472\videoos.server.unittests.dll" id="827ea961-ea96-95f8-5698-27b5bb46d034">
      <TestCategory>
        <TestCategoryItem TestCategory="Licensing Replace Hardware" />
        <TestCategoryItem TestCategory="Licensing" />
      </TestCategory>
      <Execution id="ee0e6d20-3039-4a00-a0a1-65390e7c6f9e" />
      <TestMethod codeBase="D:\actions-runner\_work\XPCO\XPCO\Corporate\VideoOS.Server.UnitTests\bin\x64\Debug\net472\VideoOS.Server.UnitTests.dll" adapterTypeName="executor://mstestadapter/v2" className="VideoOS.Server.UnitTests.Licensing.LicenseAllocatorChannelTests" name="HardwareInCWAOnWhiteList_ReplacedWithInheritance_HardwareOnWhiteList_MixedCWAAllowed_FewerChannelsOnReplacedHardware_NewHardwareInCWA" />
    </UnitTest>
    <UnitTest name="UpdateHardwareDriverCommandHandler_Execute_Success" storage="d:\actions-runner\_work\xpco\xpco\corporate\videoos.server.unittests\bin\x64\debug\net472\videoos.server.unittests.dll" id="23be8a35-ca0a-67d0-d14d-bd08fa2c73b3">
      <Execution id="59f49fff-e9c5-4c1a-877c-d1ebcb3364ce" />
      <TestMethod codeBase="D:\actions-runner\_work\XPCO\XPCO\Corporate\VideoOS.Server.UnitTests\bin\x64\Debug\net472\VideoOS.Server.UnitTests.dll" adapterTypeName="executor://mstestadapter/v2" className="VideoOS.Server.UnitTests.CommandHandler.UpdateHardwareDriverCommandHandlerTests" name="UpdateHardwareDriverCommandHandler_Execute_Success" />
    </UnitTest>
    <UnitTest name="AllocateLicenses_TwoMissingICPChannelLicensesOneInGrace_OnOneICPWithTwoCamerasAndOneHardwareWithOneCamera" storage="d:\actions-runner\_work\xpco\xpco\corporate\videoos.server.unittests\bin\x64\debug\net472\videoos.server.unittests.dll" id="24ba77e8-1fe5-08f9-175a-86266968a297">
      <TestCategory>
        <TestCategoryItem TestCategory="Licensing" />
      </TestCategory>
      <Execution id="d24f4d04-4d68-45a1-ab5f-efc4109c9056" />
      <TestMethod codeBase="D:\actions-runner\_work\XPCO\XPCO\Corporate\VideoOS.Server.UnitTests\bin\x64\Debug\net472\VideoOS.Server.UnitTests.dll" adapterTypeName="executor://mstestadapter/v2" className="VideoOS.Server.UnitTests.Licensing.LicenseAllocatorChannelTests" name="AllocateLicenses_TwoMissingICPChannelLicensesOneInGrace_OnOneICPWithTwoCamerasAndOneHardwareWithOneCamera" />
    </UnitTest>
    <UnitTest name="AnalyzeAndCreateAuditLogs_ModifiedSecurityPermissionsDeviceRowWithDEVICEPTZPRIORITYAtrribute_ReturnsTwoAuditLog" storage="d:\actions-runner\_work\xpco\xpco\corporate\videoos.server.unittests\bin\x64\debug\net472\videoos.server.unittests.dll" id="25f8655e-1ff4-cb67-b85d-5adb7eb5d758">
      <Execution id="14bce08b-eeec-46cb-8cef-6f5d63fa27e6" />
      <TestMethod codeBase="D:\actions-runner\_work\XPCO\XPCO\Corporate\VideoOS.Server.UnitTests\bin\x64\Debug\net472\VideoOS.Server.UnitTests.dll" adapterTypeName="executor://mstestadapter/v2" className="VideoOS.Server.UnitTests.CommandHandler.DataSetAuditLogAnalyzerTests" name="AnalyzeAndCreateAuditLogs_ModifiedSecurityPermissionsDeviceRowWithDEVICEPTZPRIORITYAtrribute_ReturnsTwoAuditLog" />
    </UnitTest>
    <UnitTest name="MoveHardwareTaskCommandHandler_Execute_CreateHardwareBlock_HardwareUpdateException_FailResponse_HardwareNotFound" storage="d:\actions-runner\_work\xpco\xpco\corporate\videoos.server.unittests\bin\x64\debug\net472\videoos.server.unittests.dll" id="28778f96-7d93-3046-ed10-3440acb56a3b">
      <Execution id="ee892d5b-0913-4211-876e-38441ee29cc0" />
      <TestMethod codeBase="D:\actions-runner\_work\XPCO\XPCO\Corporate\VideoOS.Server.UnitTests\bin\x64\Debug\net472\VideoOS.Server.UnitTests.dll" adapterTypeName="executor://mstestadapter/v2" className="VideoOS.Server.UnitTests.CommandHandler.MoveHardwareTaskCommandHandlerTests" name="MoveHardwareTaskCommandHandler_Execute_CreateHardwareBlock_HardwareUpdateException_FailResponse_HardwareNotFound" />
    </UnitTest>
    <UnitTest name="Bug_360916_FiveLicensesAvailable_OneLicensedAndWhitelistedHardware_AddFiveMoreWhitelistedHardwares_OneByOne_FourInCWA_OneUnlicensed_WithoutAllocation" storage="d:\actions-runner\_work\xpco\xpco\corporate\videoos.server.unittests\bin\x64\debug\net472\videoos.server.unittests.dll" id="6c9226da-dc8b-6782-1762-3dc120260169">
      <TestCategory>
        <TestCategoryItem TestCategory="Licensing" />
      </TestCategory>
      <Execution id="77451605-3baf-439b-bb48-c5eaa4cb13bf" />
      <TestMethod codeBase="D:\actions-runner\_work\XPCO\XPCO\Corporate\VideoOS.Server.UnitTests\bin\x64\Debug\net472\VideoOS.Server.UnitTests.dll" adapterTypeName="executor://mstestadapter/v2" className="VideoOS.Server.UnitTests.Licensing.LicenseAllocatorChannelTests" name="Bug_360916_FiveLicensesAvailable_OneLicensedAndWhitelistedHardware_AddFiveMoreWhitelistedHardwares_OneByOne_FourInCWA_OneUnlicensed_WithoutAllocation" />
    </UnitTest>
    <UnitTest name="ReportMediaCommittedToDatabaseCommand_ModelIsValid_CommandExecuted" storage="d:\actions-runner\_work\xpco\xpco\corporate\videoos.server.unittests\bin\x64\debug\net472\videoos.server.unittests.dll" id="dba49773-5d33-9e84-a8dc-6e4b869da304">
      <Execution id="0fd798c1-95c6-4260-b5cc-6a7396e3fc15" />
      <TestMethod codeBase="D:\actions-runner\_work\XPCO\XPCO\Corporate\VideoOS.Server.UnitTests\bin\x64\Debug\net472\VideoOS.Server.UnitTests.dll" adapterTypeName="executor://mstestadapter/v2" className="VideoOS.Server.UnitTests.DatabaseCommandsControllerTests" name="ReportMediaCommittedToDatabaseCommand_ModelIsValid_CommandExecuted" />
    </UnitTest>
    <UnitTest name="AllocateLicenses_NotActivated_OneUnlicensed_HardwareInCWA_EnableCamera_HardwareRemovedFromCWA_CameraInCWA" storage="d:\actions-runner\_work\xpco\xpco\corporate\videoos.server.unittests\bin\x64\debug\net472\videoos.server.unittests.dll" id="ab25853f-45a8-4a8f-6406-945f0c8c8715">
      <TestCategory>
        <TestCategoryItem TestCategory="Licensing" />
      </TestCategory>
      <Execution id="c91ec1e6-d68b-4adc-9e13-cd5889e34c67" />
      <TestMethod codeBase="D:\actions-runner\_work\XPCO\XPCO\Corporate\VideoOS.Server.UnitTests\bin\x64\Debug\net472\VideoOS.Server.UnitTests.dll" adapterTypeName="executor://mstestadapter/v2" className="VideoOS.Server.UnitTests.Licensing.LicenseAllocatorChannelTests" name="AllocateLicenses_NotActivated_OneUnlicensed_HardwareInCWA_EnableCamera_HardwareRemovedFromCWA_CameraInCWA" />
    </UnitTest>
    <UnitTest name="MoveHardwareTaskCommandHandler_Execute_Check_Drivers_Throws_SqlException_Success_With_Warnings" storage="d:\actions-runner\_work\xpco\xpco\corporate\videoos.server.unittests\bin\x64\debug\net472\videoos.server.unittests.dll" id="85c966cb-c8a4-0c1a-1dd8-86769a853ac4">
      <Execution id="5448d7e4-a9c0-45c7-a313-5daca158f9e9" />
      <TestMethod codeBase="D:\actions-runner\_work\XPCO\XPCO\Corporate\VideoOS.Server.UnitTests\bin\x64\Debug\net472\VideoOS.Server.UnitTests.dll" adapterTypeName="executor://mstestadapter/v2" className="VideoOS.Server.UnitTests.CommandHandler.MoveHardwareTaskCommandHandlerTests" name="MoveHardwareTaskCommandHandler_Execute_Check_Drivers_Throws_SqlException_Success_With_Warnings" />
    </UnitTest>
    <UnitTest name="Get_TokenIsNull_BadRequestResult" storage="d:\actions-runner\_work\xpco\xpco\corporate\videoos.server.unittests\bin\x64\debug\net472\videoos.server.unittests.dll" id="d174d9ab-5f04-f35d-71e6-14ba0870789b">
      <Execution id="2df17573-68c3-4eea-8a2e-387471b0adc3" />
      <TestMethod codeBase="D:\actions-runner\_work\XPCO\XPCO\Corporate\VideoOS.Server.UnitTests\bin\x64\Debug\net472\VideoOS.Server.UnitTests.dll" adapterTypeName="executor://mstestadapter/v2" className="VideoOS.Server.UnitTests.WebApi.Controllers.SecurityTokenControllerTest" name="Get_TokenIsNull_BadRequestResult" />
    </UnitTest>
    <UnitTest name="AllocateLicenses_Hardware9CameraChannelsActivated_ICPWith9ChannelsAdded_ShouldGet9Activated9ICPGrace_On20Channels20ICP" storage="d:\actions-runner\_work\xpco\xpco\corporate\videoos.server.unittests\bin\x64\debug\net472\videoos.server.unittests.dll" id="0aaea2bf-2728-4a98-03a0-80051cd83b53">
      <TestCategory>
        <TestCategoryItem TestCategory="Licensing" />
      </TestCategory>
      <Execution id="99612f4d-6353-4361-a3f8-df2983b726d3" />
      <TestMethod codeBase="D:\actions-runner\_work\XPCO\XPCO\Corporate\VideoOS.Server.UnitTests\bin\x64\Debug\net472\VideoOS.Server.UnitTests.dll" adapterTypeName="executor://mstestadapter/v2" className="VideoOS.Server.UnitTests.Licensing.LicenseAllocatorChannelTests" name="AllocateLicenses_Hardware9CameraChannelsActivated_ICPWith9ChannelsAdded_ShouldGet9Activated9ICPGrace_On20Channels20ICP" />
    </UnitTest>
    <UnitTest name="IsHardwareInCurrentYearChangesWithoutActivation_ReturnsTrue_OnCurrentYearDevices" storage="d:\actions-runner\_work\xpco\xpco\corporate\videoos.server.unittests\bin\x64\debug\net472\videoos.server.unittests.dll" id="dd7abbca-776e-a670-9814-0a84d1532500">
      <TestCategory>
        <TestCategoryItem TestCategory="Licensing" />
      </TestCategory>
      <Execution id="6abc78c3-7978-4a6b-b6dd-83823227afdc" />
      <TestMethod codeBase="D:\actions-runner\_work\XPCO\XPCO\Corporate\VideoOS.Server.UnitTests\bin\x64\Debug\net472\VideoOS.Server.UnitTests.dll" adapterTypeName="executor://mstestadapter/v2" className="VideoOS.Server.UnitTests.Licensing.LicenseManagerUnitTests" name="IsHardwareInCurrentYearChangesWithoutActivation_ReturnsTrue_OnCurrentYearDevices" />
    </UnitTest>
    <UnitTest name="AllocateLicensesNotActivated_WhitelistedDriver_AlreadyInCWA_OneHardware_TwoCameras_OneLicense_ValidateLicenseTypes" storage="d:\actions-runner\_work\xpco\xpco\corporate\videoos.server.unittests\bin\x64\debug\net472\videoos.server.unittests.dll" id="59fc4393-2f7b-9785-c817-c64a2c91bc8b">
      <TestCategory>
        <TestCategoryItem TestCategory="Licensing" />
      </TestCategory>
      <Execution id="841467fc-bfae-48b3-8954-29a1a7ecdb63" />
      <TestMethod codeBase="D:\actions-runner\_work\XPCO\XPCO\Corporate\VideoOS.Server.UnitTests\bin\x64\Debug\net472\VideoOS.Server.UnitTests.dll" adapterTypeName="executor://mstestadapter/v2" className="VideoOS.Server.UnitTests.Licensing.LicenseAllocatorChannelTests" name="AllocateLicensesNotActivated_WhitelistedDriver_AlreadyInCWA_OneHardware_TwoCameras_OneLicense_ValidateLicenseTypes" />
    </UnitTest>
    <UnitTest name="AttachedRecorder_GetServices_Success" storage="d:\actions-runner\_work\xpco\xpco\corporate\videoos.server.unittests\bin\x64\debug\net472\videoos.server.unittests.dll" id="5ce1fcc1-c285-77cd-ae3b-20081d5cd75a">
      <Execution id="aa232477-020a-4608-92a3-10a0095fd4be" />
      <TestMethod codeBase="D:\actions-runner\_work\XPCO\XPCO\Corporate\VideoOS.Server.UnitTests\bin\x64\Debug\net472\VideoOS.Server.UnitTests.dll" adapterTypeName="executor://mstestadapter/v2" className="VideoOS.Server.UnitTests.AttachedRecorderTests" name="AttachedRecorder_GetServices_Success" />
    </UnitTest>
    <UnitTest name="AutomaticActivation_LogsSucessfulMessageInServerLogs_OnSuccessfulActivation" storage="d:\actions-runner\_work\xpco\xpco\corporate\videoos.server.unittests\bin\x64\debug\net472\videoos.server.unittests.dll" id="a23aeb64-4fee-a5f0-e2cf-340259a52ab4">
      <TestCategory>
        <TestCategoryItem TestCategory="Licensing" />
      </TestCategory>
      <Execution id="b76692a0-aaff-4cb1-b62e-945d3df35745" />
      <TestMethod codeBase="D:\actions-runner\_work\XPCO\XPCO\Corporate\VideoOS.Server.UnitTests\bin\x64\Debug\net472\VideoOS.Server.UnitTests.dll" adapterTypeName="executor://mstestadapter/v2" className="VideoOS.Server.UnitTests.Licensing.ActivationManagerTests" name="AutomaticActivation_LogsSucessfulMessageInServerLogs_OnSuccessfulActivation" />
    </UnitTest>
    <UnitTest name="UpdateHardwareTaskCommandHandler_Apply_NullExceptionCatch_Tests" storage="d:\actions-runner\_work\xpco\xpco\corporate\videoos.server.unittests\bin\x64\debug\net472\videoos.server.unittests.dll" id="20e55c18-53a2-de97-9c7c-7be4bc3878be">
      <Execution id="1e70f58f-4ef5-4dd6-8b79-cdd4fb48ec61" />
      <TestMethod codeBase="D:\actions-runner\_work\XPCO\XPCO\Corporate\VideoOS.Server.UnitTests\bin\x64\Debug\net472\VideoOS.Server.UnitTests.dll" adapterTypeName="executor://mstestadapter/v2" className="VideoOS.Server.UnitTests.CommandHandler.UpdateHardwareTaskHandlerTests" name="UpdateHardwareTaskCommandHandler_Apply_NullExceptionCatch_Tests" />
    </UnitTest>
    <UnitTest name="TemporaryLicense_Ctor_LocalTime_ArgumentException" storage="d:\actions-runner\_work\xpco\xpco\corporate\videoos.server.unittests\bin\x64\debug\net472\videoos.server.unittests.dll" id="868b3b6e-76b6-d018-a5a6-215427fdffdf">
      <TestCategory>
        <TestCategoryItem TestCategory="Licensing" />
      </TestCategory>
      <Execution id="aff763f1-4a5a-4742-bdc0-406ae56edcc7" />
      <TestMethod codeBase="D:\actions-runner\_work\XPCO\XPCO\Corporate\VideoOS.Server.UnitTests\bin\x64\Debug\net472\VideoOS.Server.UnitTests.dll" adapterTypeName="executor://mstestadapter/v2" className="VideoOS.Server.UnitTests.Licensing.HardwareLicensesUnitTests" name="TemporaryLicense_Ctor_LocalTime_ArgumentException" />
    </UnitTest>
    <UnitTest name="HardwareScanExpressTaskCommandHandlerTest_Clone_Returns_Same_Reference" storage="d:\actions-runner\_work\xpco\xpco\corporate\videoos.server.unittests\bin\x64\debug\net472\videoos.server.unittests.dll" id="17651b6b-c747-a107-70b2-f1926d0437f7">
      <Execution id="0b234aa0-cba8-48ae-be62-3b46b246a7f7" />
      <TestMethod codeBase="D:\actions-runner\_work\XPCO\XPCO\Corporate\VideoOS.Server.UnitTests\bin\x64\Debug\net472\VideoOS.Server.UnitTests.dll" adapterTypeName="executor://mstestadapter/v2" className="VideoOS.Server.UnitTests.CommandHandler.HardwareScanExpressTaskCommandHandlerTest" name="HardwareScanExpressTaskCommandHandlerTest_Clone_Returns_Same_Reference" />
    </UnitTest>
    <UnitTest name="HardwareActivatedOnWhiteList_ReplacedWithInheritance_HardwareOnWhiteList_MixedCWAAllowed_NewHardwareInCWA" storage="d:\actions-runner\_work\xpco\xpco\corporate\videoos.server.unittests\bin\x64\debug\net472\videoos.server.unittests.dll" id="64965f2c-dba6-85f2-1ef7-cfbde4fa3185">
      <TestCategory>
        <TestCategoryItem TestCategory="Licensing Replace Hardware" />
        <TestCategoryItem TestCategory="Licensing" />
      </TestCategory>
      <Execution id="184805ab-bca3-445e-a548-f3bf8d06c4b7" />
      <TestMethod codeBase="D:\actions-runner\_work\XPCO\XPCO\Corporate\VideoOS.Server.UnitTests\bin\x64\Debug\net472\VideoOS.Server.UnitTests.dll" adapterTypeName="executor://mstestadapter/v2" className="VideoOS.Server.UnitTests.Licensing.LicenseAllocatorChannelTests" name="HardwareActivatedOnWhiteList_ReplacedWithInheritance_HardwareOnWhiteList_MixedCWAAllowed_NewHardwareInCWA" />
    </UnitTest>
    <UnitTest name="DeviceLicense_SetExpire_NullDeviceInfo_Throws_ArgumentException" storage="d:\actions-runner\_work\xpco\xpco\corporate\videoos.server.unittests\bin\x64\debug\net472\videoos.server.unittests.dll" id="a05b407e-5aa7-9f22-d4ee-896f354bc758">
      <Execution id="08d515df-0cba-4206-8d45-48f0c86619e4" />
      <TestMethod codeBase="D:\actions-runner\_work\XPCO\XPCO\Corporate\VideoOS.Server.UnitTests\bin\x64\Debug\net472\VideoOS.Server.UnitTests.dll" adapterTypeName="executor://mstestadapter/v2" className="VideoOS.Server.UnitTests.Licensing.LicenseSnapshotTests" name="DeviceLicense_SetExpire_NullDeviceInfo_Throws_ArgumentException" />
    </UnitTest>
    <UnitTest name="CreateLicenseInformationXml_HasMultiLicenseHardwareTrueMissingLicensesTrue_OnHardwareWith15Channels" storage="d:\actions-runner\_work\xpco\xpco\corporate\videoos.server.unittests\bin\x64\debug\net472\videoos.server.unittests.dll" id="d27a4adf-6d9e-bd17-6451-2cfd29833f96">
      <TestCategory>
        <TestCategoryItem TestCategory="Licensing" />
      </TestCategory>
      <Execution id="05e9b284-b742-40f2-91db-70c54be6d6bc" />
      <TestMethod codeBase="D:\actions-runner\_work\XPCO\XPCO\Corporate\VideoOS.Server.UnitTests\bin\x64\Debug\net472\VideoOS.Server.UnitTests.dll" adapterTypeName="executor://mstestadapter/v2" className="VideoOS.Server.UnitTests.Licensing.LicenseInfoXmlWriterTests" name="CreateLicenseInformationXml_HasMultiLicenseHardwareTrueMissingLicensesTrue_OnHardwareWith15Channels" />
    </UnitTest>
    <UnitTest name="ChangeHardwarePasswordRuleAction_Execute_TimesOut_NoCompletedEventTriggered" storage="d:\actions-runner\_work\xpco\xpco\corporate\videoos.server.unittests\bin\x64\debug\net472\videoos.server.unittests.dll" id="fe9fa5ff-b8ec-9da8-f475-9b5dd8c18a81">
      <Execution id="a6833024-ee82-48f2-a7e4-0ebbcf5a89cd" />
      <TestMethod codeBase="D:\actions-runner\_work\XPCO\XPCO\Corporate\VideoOS.Server.UnitTests\bin\x64\Debug\net472\VideoOS.Server.UnitTests.dll" adapterTypeName="executor://mstestadapter/v2" className="VideoOS.Server.UnitTests.RuleActions.ChangeHardwarePasswordRuleActionUnitTests" name="ChangeHardwarePasswordRuleAction_Execute_TimesOut_NoCompletedEventTriggered" />
    </UnitTest>
    <UnitTest name="SetHardwareNetworkSettingsCommandHandler_Execute_RecorderNotFound_ReturnsCorrectResponse" storage="d:\actions-runner\_work\xpco\xpco\corporate\videoos.server.unittests\bin\x64\debug\net472\videoos.server.unittests.dll" id="b8867a28-2ad7-151f-5f32-a239b8fa1db2">
      <Execution id="0df9c95b-66e2-48b8-b6f0-131e1cc34972" />
      <TestMethod codeBase="D:\actions-runner\_work\XPCO\XPCO\Corporate\VideoOS.Server.UnitTests\bin\x64\Debug\net472\VideoOS.Server.UnitTests.dll" adapterTypeName="executor://mstestadapter/v2" className="VideoOS.Server.UnitTests.CommandHandler.SetHardwareNetworkSettingsCommandHandlerUnitTests" name="SetHardwareNetworkSettingsCommandHandler_Execute_RecorderNotFound_ReturnsCorrectResponse" />
    </UnitTest>
    <UnitTest name="GetRecorderLicense_LastEnabledHardwareIsWithoutLicense_OnEnabledHardwareBeingFirstInDataSetAndChannelLicensing" storage="d:\actions-runner\_work\xpco\xpco\corporate\videoos.server.unittests\bin\x64\debug\net472\videoos.server.unittests.dll" id="728dd74c-5776-cc49-d6bb-366e73e8938c">
      <TestCategory>
        <TestCategoryItem TestCategory="Licensing" />
      </TestCategory>
      <Execution id="38910ff8-be40-47b2-963f-94150e32c193" />
      <TestMethod codeBase="D:\actions-runner\_work\XPCO\XPCO\Corporate\VideoOS.Server.UnitTests\bin\x64\Debug\net472\VideoOS.Server.UnitTests.dll" adapterTypeName="executor://mstestadapter/v2" className="VideoOS.Server.UnitTests.Licensing.LicenseManagerUnitTests" name="GetRecorderLicense_LastEnabledHardwareIsWithoutLicense_OnEnabledHardwareBeingFirstInDataSetAndChannelLicensing" />
    </UnitTest>
    <UnitTest name="BoolResponse_ModelIsValid_CommandExecuted" storage="d:\actions-runner\_work\xpco\xpco\corporate\videoos.server.unittests\bin\x64\debug\net472\videoos.server.unittests.dll" id="9f913f6b-6133-2b27-9775-b9108e8b318f">
      <Execution id="e5cec614-260a-4cfc-9b51-fc28bd4fbdf3" />
      <TestMethod codeBase="D:\actions-runner\_work\XPCO\XPCO\Corporate\VideoOS.Server.UnitTests\bin\x64\Debug\net472\VideoOS.Server.UnitTests.dll" adapterTypeName="executor://mstestadapter/v2" className="VideoOS.Server.UnitTests.WebApi.ResponseControllerTest" name="BoolResponse_ModelIsValid_CommandExecuted" />
    </UnitTest>
    <UnitTest name="EvidenceLockOnOldRecorderCommandHandlerTests_NoOldReordersToUse" storage="d:\actions-runner\_work\xpco\xpco\corporate\videoos.server.unittests\bin\x64\debug\net472\videoos.server.unittests.dll" id="69ee4823-dc49-a6d9-8f95-584a92532ed5">
      <Execution id="7e2c669b-ddce-4b76-9c8f-acdcdc5f9646" />
      <TestMethod codeBase="D:\actions-runner\_work\XPCO\XPCO\Corporate\VideoOS.Server.UnitTests\bin\x64\Debug\net472\VideoOS.Server.UnitTests.dll" adapterTypeName="executor://mstestadapter/v2" className="VideoOS.Server.UnitTests.CommandHandler.EvidenceLockOnOldRecorderCommandHandlerTests" name="EvidenceLockOnOldRecorderCommandHandlerTests_NoOldReordersToUse" />
    </UnitTest>
    <UnitTest name="EvidenceLockUpdateScheduler_UnknownSizeCheckTimerCallback_QueryEvidenceLockIdsWithoutSize_Throws_Handled" storage="d:\actions-runner\_work\xpco\xpco\corporate\videoos.server.unittests\bin\x64\debug\net472\videoos.server.unittests.dll" id="5e4152e3-fca3-cf61-8f9e-9b5783341516">
      <Execution id="a9dd7b68-fd31-4ab9-b7c2-b7ede6bb4c9b" />
      <TestMethod codeBase="D:\actions-runner\_work\XPCO\XPCO\Corporate\VideoOS.Server.UnitTests\bin\x64\Debug\net472\VideoOS.Server.UnitTests.dll" adapterTypeName="executor://mstestadapter/v2" className="VideoOS.Server.UnitTests.EvidenceLockUpdateSchedulerUnitTests" name="EvidenceLockUpdateScheduler_UnknownSizeCheckTimerCallback_QueryEvidenceLockIdsWithoutSize_Throws_Handled" />
    </UnitTest>
    <UnitTest name="ReplaceHardwareTaskCommandHandler_DeviceMapper_MultipleTypes_DifferentDeviceCount_WithDelete_Success" storage="d:\actions-runner\_work\xpco\xpco\corporate\videoos.server.unittests\bin\x64\debug\net472\videoos.server.unittests.dll" id="94453bdb-2d5d-84cc-0c06-801c9afddaf9">
      <Execution id="f6048f61-a320-431e-af56-b4a14ff97817" />
      <TestMethod codeBase="D:\actions-runner\_work\XPCO\XPCO\Corporate\VideoOS.Server.UnitTests\bin\x64\Debug\net472\VideoOS.Server.UnitTests.dll" adapterTypeName="executor://mstestadapter/v2" className="VideoOS.Server.UnitTests.CommandHandler.ReplaceHardwareTaskCommandHandlerUnitTests" name="ReplaceHardwareTaskCommandHandler_DeviceMapper_MultipleTypes_DifferentDeviceCount_WithDelete_Success" />
    </UnitTest>
    <UnitTest name="ConfigurationDataSetLoader_GetDeviceRecorderPluginsByDeviceId_Success" storage="d:\actions-runner\_work\xpco\xpco\corporate\videoos.server.unittests\bin\x64\debug\net472\videoos.server.unittests.dll" id="db90267e-1133-e177-59c5-fc43acc05aec">
      <Execution id="46c5114d-8759-4738-8858-e4bbb247dcc2" />
      <TestMethod codeBase="D:\actions-runner\_work\XPCO\XPCO\Corporate\VideoOS.Server.UnitTests\bin\x64\Debug\net472\VideoOS.Server.UnitTests.dll" adapterTypeName="executor://mstestadapter/v2" className="VideoOS.Server.UnitTests.Configuration.ConfigurationDataSetLoaderTests" name="ConfigurationDataSetLoader_GetDeviceRecorderPluginsByDeviceId_Success" />
    </UnitTest>
    <UnitTest name="UpdateFeatureInformation_XmlContainsFeatureParameters_OnParameterizedFeature" storage="d:\actions-runner\_work\xpco\xpco\corporate\videoos.server.unittests\bin\x64\debug\net472\videoos.server.unittests.dll" id="687a6af6-f510-b02e-6fb3-d5ea1a845375">
      <TestCategory>
        <TestCategoryItem TestCategory="Licensing" />
      </TestCategory>
      <Execution id="88e6a244-81ff-45ee-869e-2107fc85cb18" />
      <TestMethod codeBase="D:\actions-runner\_work\XPCO\XPCO\Corporate\VideoOS.Server.UnitTests\bin\x64\Debug\net472\VideoOS.Server.UnitTests.dll" adapterTypeName="executor://mstestadapter/v2" className="VideoOS.Server.UnitTests.Licensing.LicenseInfoXmlWriterTests" name="UpdateFeatureInformation_XmlContainsFeatureParameters_OnParameterizedFeature" />
    </UnitTest>
    <UnitTest name="HardwareLicense_RemoveExistingLicense_NullHardwareInfo_Throws_ArgumentNullException" storage="d:\actions-runner\_work\xpco\xpco\corporate\videoos.server.unittests\bin\x64\debug\net472\videoos.server.unittests.dll" id="41439683-f554-daf6-bd87-252c0383746e">
      <Execution id="60341e0c-8ff0-4006-aa01-6649084c4d82" />
      <TestMethod codeBase="D:\actions-runner\_work\XPCO\XPCO\Corporate\VideoOS.Server.UnitTests\bin\x64\Debug\net472\VideoOS.Server.UnitTests.dll" adapterTypeName="executor://mstestadapter/v2" className="VideoOS.Server.UnitTests.Licensing.LicenseSnapshotTests" name="HardwareLicense_RemoveExistingLicense_NullHardwareInfo_Throws_ArgumentNullException" />
    </UnitTest>
    <UnitTest name="ChannelLicenseCountManager_ReplacementHardware_RemoveHardwareCollectionFromReplacementLimit" storage="d:\actions-runner\_work\xpco\xpco\corporate\videoos.server.unittests\bin\x64\debug\net472\videoos.server.unittests.dll" id="4e0fab39-367c-1038-c53c-5d8c6cdb1e31">
      <TestCategory>
        <TestCategoryItem TestCategory="Licensing" />
      </TestCategory>
      <Execution id="70cb65a2-0fa5-453d-b433-2e9ccfca0027" />
      <TestMethod codeBase="D:\actions-runner\_work\XPCO\XPCO\Corporate\VideoOS.Server.UnitTests\bin\x64\Debug\net472\VideoOS.Server.UnitTests.dll" adapterTypeName="executor://mstestadapter/v2" className="VideoOS.Server.UnitTests.Licensing.LicenseCountManagerUnitTests" name="ChannelLicenseCountManager_ReplacementHardware_RemoveHardwareCollectionFromReplacementLimit" />
    </UnitTest>
    <UnitTest name="MoveHardwareTaskCommandHandler_Execute_SourceRecorder_Not_Connected_FailResponse" storage="d:\actions-runner\_work\xpco\xpco\corporate\videoos.server.unittests\bin\x64\debug\net472\videoos.server.unittests.dll" id="8042d605-26a2-4169-039a-588f62885a21">
      <Execution id="5a09bcb1-7f60-4fed-b36a-dbbc2707037c" />
      <TestMethod codeBase="D:\actions-runner\_work\XPCO\XPCO\Corporate\VideoOS.Server.UnitTests\bin\x64\Debug\net472\VideoOS.Server.UnitTests.dll" adapterTypeName="executor://mstestadapter/v2" className="VideoOS.Server.UnitTests.CommandHandler.MoveHardwareTaskCommandHandlerTests" name="MoveHardwareTaskCommandHandler_Execute_SourceRecorder_Not_Connected_FailResponse" />
    </UnitTest>
    <UnitTest name="DatabaseResponseArchiveInformation_ModelIsNull_BadRequestResult" storage="d:\actions-runner\_work\xpco\xpco\corporate\videoos.server.unittests\bin\x64\debug\net472\videoos.server.unittests.dll" id="69564870-b37a-e6a9-082d-61ed126c5ab1">
      <Execution id="3d87d129-9fec-4186-956c-22102e6eceaf" />
      <TestMethod codeBase="D:\actions-runner\_work\XPCO\XPCO\Corporate\VideoOS.Server.UnitTests\bin\x64\Debug\net472\VideoOS.Server.UnitTests.dll" adapterTypeName="executor://mstestadapter/v2" className="VideoOS.Server.UnitTests.WebApi.ResponseControllerTest" name="DatabaseResponseArchiveInformation_ModelIsNull_BadRequestResult" />
    </UnitTest>
    <UnitTest name="EventCollector_ReceiveEvent_Filter_Non_Global" storage="d:\actions-runner\_work\xpco\xpco\corporate\videoos.server.unittests\bin\x64\debug\net472\videoos.server.unittests.dll" id="f8e89b61-4897-4611-9838-53de20061a37">
      <Execution id="cd064de0-c840-4d68-aef5-fbf610cfaf84" />
      <TestMethod codeBase="D:\actions-runner\_work\XPCO\XPCO\Corporate\VideoOS.Server.UnitTests\bin\x64\Debug\net472\VideoOS.Server.UnitTests.dll" adapterTypeName="executor://mstestadapter/v2" className="VideoOS.Server.UnitTests.UpdateConfigurationManagerCommandHandlerTests" name="EventCollector_ReceiveEvent_Filter_Non_Global" />
    </UnitTest>
    <UnitTest name="TemporaryLicensesStorage_ClearReplacementToken_RemovesExistingReplacementTokens" storage="d:\actions-runner\_work\xpco\xpco\corporate\videoos.server.unittests\bin\x64\debug\net472\videoos.server.unittests.dll" id="566b96f6-b08e-adfc-0365-29c5b7626e94">
      <TestCategory>
        <TestCategoryItem TestCategory="Licensing" />
      </TestCategory>
      <Execution id="8f990c13-7fbe-434d-929e-43232cecfb80" />
      <TestMethod codeBase="D:\actions-runner\_work\XPCO\XPCO\Corporate\VideoOS.Server.UnitTests\bin\x64\Debug\net472\VideoOS.Server.UnitTests.dll" adapterTypeName="executor://mstestadapter/v2" className="VideoOS.Server.UnitTests.Licensing.TemporaryLicenseStorageUnitTests" name="TemporaryLicensesStorage_ClearReplacementToken_RemovesExistingReplacementTokens" />
    </UnitTest>
    <UnitTest name="HardwareInGraceNotOnWhiteList_ReplacedWith_HardwareNotOnWhiteList_ZeroDevicesOnBoth_ShouldGiveHardwareNewGracePeriod" storage="d:\actions-runner\_work\xpco\xpco\corporate\videoos.server.unittests\bin\x64\debug\net472\videoos.server.unittests.dll" id="ccb5d8ec-d828-d9e5-1cf2-25e7c6a3265b">
      <TestCategory>
        <TestCategoryItem TestCategory="Licensing Replace Hardware" />
        <TestCategoryItem TestCategory="Licensing" />
      </TestCategory>
      <Execution id="34ef61af-b988-4e11-a625-5a53388a7b47" />
      <TestMethod codeBase="D:\actions-runner\_work\XPCO\XPCO\Corporate\VideoOS.Server.UnitTests\bin\x64\Debug\net472\VideoOS.Server.UnitTests.dll" adapterTypeName="executor://mstestadapter/v2" className="VideoOS.Server.UnitTests.Licensing.LicenseAllocatorChannelTests" name="HardwareInGraceNotOnWhiteList_ReplacedWith_HardwareNotOnWhiteList_ZeroDevicesOnBoth_ShouldGiveHardwareNewGracePeriod" />
    </UnitTest>
    <UnitTest name="UpdateHardwareTaskCommandHandler_Execute_NotMipHardware_Tests" storage="d:\actions-runner\_work\xpco\xpco\corporate\videoos.server.unittests\bin\x64\debug\net472\videoos.server.unittests.dll" id="41730602-a58b-43be-f26e-9fd96241238a">
      <Execution id="b6aff113-c190-450e-a387-7a58a84c7150" />
      <TestMethod codeBase="D:\actions-runner\_work\XPCO\XPCO\Corporate\VideoOS.Server.UnitTests\bin\x64\Debug\net472\VideoOS.Server.UnitTests.dll" adapterTypeName="executor://mstestadapter/v2" className="VideoOS.Server.UnitTests.CommandHandler.UpdateHardwareTaskHandlerTests" name="UpdateHardwareTaskCommandHandler_Execute_NotMipHardware_Tests" />
    </UnitTest>
    <UnitTest name="HardwareInCWANotOnWhiteList_ReplacedWithInheritance_HardwareNotOnWhiteList_CWAAllowed_AllDevicesInCWA" storage="d:\actions-runner\_work\xpco\xpco\corporate\videoos.server.unittests\bin\x64\debug\net472\videoos.server.unittests.dll" id="707e690d-4b5f-a7d6-df9e-0d8e3e4f76eb">
      <TestCategory>
        <TestCategoryItem TestCategory="Licensing Replace Hardware" />
        <TestCategoryItem TestCategory="Licensing" />
      </TestCategory>
      <Execution id="58911dc4-4212-425f-a10f-14502be92eb1" />
      <TestMethod codeBase="D:\actions-runner\_work\XPCO\XPCO\Corporate\VideoOS.Server.UnitTests\bin\x64\Debug\net472\VideoOS.Server.UnitTests.dll" adapterTypeName="executor://mstestadapter/v2" className="VideoOS.Server.UnitTests.Licensing.LicenseAllocatorChannelTests" name="HardwareInCWANotOnWhiteList_ReplacedWithInheritance_HardwareNotOnWhiteList_CWAAllowed_AllDevicesInCWA" />
    </UnitTest>
    <UnitTest name="SetMatrixView_ModelIsNull_BadRequestResult" storage="d:\actions-runner\_work\xpco\xpco\corporate\videoos.server.unittests\bin\x64\debug\net472\videoos.server.unittests.dll" id="d66d846d-f020-a449-c804-a1a3d083e207">
      <Execution id="75b639a2-6c40-4e9a-b0a2-9970ef5f2061" />
      <TestMethod codeBase="D:\actions-runner\_work\XPCO\XPCO\Corporate\VideoOS.Server.UnitTests\bin\x64\Debug\net472\VideoOS.Server.UnitTests.dll" adapterTypeName="executor://mstestadapter/v2" className="VideoOS.Server.UnitTests.ServerCommmandsControllerTests" name="SetMatrixView_ModelIsNull_BadRequestResult" />
    </UnitTest>
    <UnitTest name="SendMultiNotification_ModelIsNull_BadRequestResult" storage="d:\actions-runner\_work\xpco\xpco\corporate\videoos.server.unittests\bin\x64\debug\net472\videoos.server.unittests.dll" id="08622791-9a78-dba4-11b6-3b604a6bf317">
      <Execution id="afe62e75-e750-47f3-97ec-08dec1dd75d6" />
      <TestMethod codeBase="D:\actions-runner\_work\XPCO\XPCO\Corporate\VideoOS.Server.UnitTests\bin\x64\Debug\net472\VideoOS.Server.UnitTests.dll" adapterTypeName="executor://mstestadapter/v2" className="VideoOS.Server.UnitTests.ServerCommmandsControllerTests" name="SendMultiNotification_ModelIsNull_BadRequestResult" />
    </UnitTest>
    <UnitTest name="ReplaceHardwareCommandHandler_Construction_Null_Tests" storage="d:\actions-runner\_work\xpco\xpco\corporate\videoos.server.unittests\bin\x64\debug\net472\videoos.server.unittests.dll" id="c28da101-8ebd-02f8-b68f-6817770438f4">
      <Execution id="b6fac801-33e2-40c5-9f59-ecdf6d4459bf" />
      <TestMethod codeBase="D:\actions-runner\_work\XPCO\XPCO\Corporate\VideoOS.Server.UnitTests\bin\x64\Debug\net472\VideoOS.Server.UnitTests.dll" adapterTypeName="executor://mstestadapter/v2" className="VideoOS.Server.UnitTests.CommandHandler.ReplaceHardwareCommandHandlerUnitTests" name="ReplaceHardwareCommandHandler_Construction_Null_Tests" />
    </UnitTest>
    <UnitTest name="MoveHardwareTaskCommandHandler_Execute_DeviceTrackInfo_Source_And_Destination_Recorder" storage="d:\actions-runner\_work\xpco\xpco\corporate\videoos.server.unittests\bin\x64\debug\net472\videoos.server.unittests.dll" id="7152b996-422a-4961-88f9-ab00327f89a3">
      <Execution id="78b5211e-2cb6-4e0c-be05-255a883888d9" />
      <TestMethod codeBase="D:\actions-runner\_work\XPCO\XPCO\Corporate\VideoOS.Server.UnitTests\bin\x64\Debug\net472\VideoOS.Server.UnitTests.dll" adapterTypeName="executor://mstestadapter/v2" className="VideoOS.Server.UnitTests.CommandHandler.MoveHardwareTaskCommandHandlerTests" name="MoveHardwareTaskCommandHandler_Execute_DeviceTrackInfo_Source_And_Destination_Recorder" />
    </UnitTest>
    <UnitTest name="AllocateLicenses_25Available_AddOneHardwareAtATimeWithTwoDevice" storage="d:\actions-runner\_work\xpco\xpco\corporate\videoos.server.unittests\bin\x64\debug\net472\videoos.server.unittests.dll" id="813b5b28-7c81-3ad5-5878-84ef19d3286f">
      <TestCategory>
        <TestCategoryItem TestCategory="Licensing" />
      </TestCategory>
      <Execution id="df516dfd-e293-4489-9e9b-63b165309826" />
      <TestMethod codeBase="D:\actions-runner\_work\XPCO\XPCO\Corporate\VideoOS.Server.UnitTests\bin\x64\Debug\net472\VideoOS.Server.UnitTests.dll" adapterTypeName="executor://mstestadapter/v2" className="VideoOS.Server.UnitTests.Licensing.LicenseAllocatorChannelTests" name="AllocateLicenses_25Available_AddOneHardwareAtATimeWithTwoDevice" />
    </UnitTest>
    <UnitTest name="TemporaryLicense_Ctor_DateTimeMaxValue_DateOnly_ArgumentException" storage="d:\actions-runner\_work\xpco\xpco\corporate\videoos.server.unittests\bin\x64\debug\net472\videoos.server.unittests.dll" id="018e2d87-3b74-ec65-33b0-205e7011b9b5">
      <TestCategory>
        <TestCategoryItem TestCategory="Licensing" />
      </TestCategory>
      <Execution id="62c975b2-6f34-43f4-850a-7e7b380f45c0" />
      <TestMethod codeBase="D:\actions-runner\_work\XPCO\XPCO\Corporate\VideoOS.Server.UnitTests\bin\x64\Debug\net472\VideoOS.Server.UnitTests.dll" adapterTypeName="executor://mstestadapter/v2" className="VideoOS.Server.UnitTests.Licensing.HardwareLicensesUnitTests" name="TemporaryLicense_Ctor_DateTimeMaxValue_DateOnly_ArgumentException" />
    </UnitTest>
    <UnitTest name="CheckConfigurationDataSetTest_StreamsNotLicensedFail" storage="d:\actions-runner\_work\xpco\xpco\corporate\videoos.server.unittests\bin\x64\debug\net472\videoos.server.unittests.dll" id="005da771-eea4-599e-7976-7b11496c3dc0">
      <Execution id="993a01e8-88f1-4155-b400-dc937b4ad0c1" />
      <TestMethod codeBase="D:\actions-runner\_work\XPCO\XPCO\Corporate\VideoOS.Server.UnitTests\bin\x64\Debug\net472\VideoOS.Server.UnitTests.dll" adapterTypeName="executor://mstestadapter/v2" className="VideoOS.Server.UnitTests.Licensing.LicenseFeatureCheckerTest" name="CheckConfigurationDataSetTest_StreamsNotLicensedFail" />
    </UnitTest>
    <UnitTest name="ChannelLicenseCountManager_AddLicensedHardware_NullHardwareInfo_ThrowsArgumentNullException" storage="d:\actions-runner\_work\xpco\xpco\corporate\videoos.server.unittests\bin\x64\debug\net472\videoos.server.unittests.dll" id="687b7ab7-3b40-112c-02c3-1a1061086fb3">
      <TestCategory>
        <TestCategoryItem TestCategory="Licensing" />
      </TestCategory>
      <Execution id="b96a6df0-6350-44bc-be31-efee49707a57" />
      <TestMethod codeBase="D:\actions-runner\_work\XPCO\XPCO\Corporate\VideoOS.Server.UnitTests\bin\x64\Debug\net472\VideoOS.Server.UnitTests.dll" adapterTypeName="executor://mstestadapter/v2" className="VideoOS.Server.UnitTests.Licensing.LicenseCountManagerUnitTests" name="ChannelLicenseCountManager_AddLicensedHardware_NullHardwareInfo_ThrowsArgumentNullException" />
    </UnitTest>
    <UnitTest name="ActivateArchivingCommand_ModelIsValid_CommandExecuted" storage="d:\actions-runner\_work\xpco\xpco\corporate\videoos.server.unittests\bin\x64\debug\net472\videoos.server.unittests.dll" id="2bdb67fd-2ac2-591f-5cbe-a774680947b8">
      <Execution id="a075c31e-0e69-4d21-aafd-e5b2998d954f" />
      <TestMethod codeBase="D:\actions-runner\_work\XPCO\XPCO\Corporate\VideoOS.Server.UnitTests\bin\x64\Debug\net472\VideoOS.Server.UnitTests.dll" adapterTypeName="executor://mstestadapter/v2" className="VideoOS.Server.UnitTests.DatabaseCommandsControllerTests" name="ActivateArchivingCommand_ModelIsValid_CommandExecuted" />
    </UnitTest>
    <UnitTest name="UpdateHardwareTaskCommandHandler_Execute_HeartBeat_LogonError_Tests" storage="d:\actions-runner\_work\xpco\xpco\corporate\videoos.server.unittests\bin\x64\debug\net472\videoos.server.unittests.dll" id="53b3deed-da13-8b30-8afd-1c9bedbac328">
      <Execution id="995dd2b7-e80d-444c-9b03-333ad226f81c" />
      <TestMethod codeBase="D:\actions-runner\_work\XPCO\XPCO\Corporate\VideoOS.Server.UnitTests\bin\x64\Debug\net472\VideoOS.Server.UnitTests.dll" adapterTypeName="executor://mstestadapter/v2" className="VideoOS.Server.UnitTests.CommandHandler.UpdateHardwareTaskHandlerTests" name="UpdateHardwareTaskCommandHandler_Execute_HeartBeat_LogonError_Tests" />
    </UnitTest>
    <UnitTest name="EvidenceLockUpdateScheduler_Dispose_Success" storage="d:\actions-runner\_work\xpco\xpco\corporate\videoos.server.unittests\bin\x64\debug\net472\videoos.server.unittests.dll" id="7a90d467-ec4d-e610-cc96-6a2ca7074392">
      <Execution id="07e2f5ed-e1e5-4e24-a73c-41484a5ec2e5" />
      <TestMethod codeBase="D:\actions-runner\_work\XPCO\XPCO\Corporate\VideoOS.Server.UnitTests\bin\x64\Debug\net472\VideoOS.Server.UnitTests.dll" adapterTypeName="executor://mstestadapter/v2" className="VideoOS.Server.UnitTests.EvidenceLockUpdateSchedulerUnitTests" name="EvidenceLockUpdateScheduler_Dispose_Success" />
    </UnitTest>
    <UnitTest name="HardwareInGraceNotOnWhiteList_ReplacedWithNoInheritance_HardwareNotOnWhiteList_ShouldGiveDevicesNewGracePeriod" storage="d:\actions-runner\_work\xpco\xpco\corporate\videoos.server.unittests\bin\x64\debug\net472\videoos.server.unittests.dll" id="ca2d1650-b595-d5b1-c9bb-cff3c43c7aa3">
      <TestCategory>
        <TestCategoryItem TestCategory="Licensing Replace Hardware" />
        <TestCategoryItem TestCategory="Licensing" />
      </TestCategory>
      <Execution id="6e545fe5-7e26-4a85-9aa5-5c120c30b606" />
      <TestMethod codeBase="D:\actions-runner\_work\XPCO\XPCO\Corporate\VideoOS.Server.UnitTests\bin\x64\Debug\net472\VideoOS.Server.UnitTests.dll" adapterTypeName="executor://mstestadapter/v2" className="VideoOS.Server.UnitTests.Licensing.LicenseAllocatorChannelTests" name="HardwareInGraceNotOnWhiteList_ReplacedWithNoInheritance_HardwareNotOnWhiteList_ShouldGiveDevicesNewGracePeriod" />
    </UnitTest>
    <UnitTest name="DatabaseResponseTrackIdsWithoutMediaOnRecorder_ModelIsNull_BadRequestResult" storage="d:\actions-runner\_work\xpco\xpco\corporate\videoos.server.unittests\bin\x64\debug\net472\videoos.server.unittests.dll" id="7739c338-27eb-6231-f39e-457ef356e1cd">
      <Execution id="a60285d4-c351-4cd0-9b5a-340f1292b47e" />
      <TestMethod codeBase="D:\actions-runner\_work\XPCO\XPCO\Corporate\VideoOS.Server.UnitTests\bin\x64\Debug\net472\VideoOS.Server.UnitTests.dll" adapterTypeName="executor://mstestadapter/v2" className="VideoOS.Server.UnitTests.WebApi.ResponseControllerTest" name="DatabaseResponseTrackIdsWithoutMediaOnRecorder_ModelIsNull_BadRequestResult" />
    </UnitTest>
    <UnitTest name="ExceptionResponse_ModelIsNull_BadRequestResult" storage="d:\actions-runner\_work\xpco\xpco\corporate\videoos.server.unittests\bin\x64\debug\net472\videoos.server.unittests.dll" id="1148c5c5-0d3a-a36b-b2b7-be6a323a981c">
      <Execution id="4aba926e-2419-4c75-9b4e-486e282cdada" />
      <TestMethod codeBase="D:\actions-runner\_work\XPCO\XPCO\Corporate\VideoOS.Server.UnitTests\bin\x64\Debug\net472\VideoOS.Server.UnitTests.dll" adapterTypeName="executor://mstestadapter/v2" className="VideoOS.Server.UnitTests.WebApi.ResponseControllerTest" name="ExceptionResponse_ModelIsNull_BadRequestResult" />
    </UnitTest>
    <UnitTest name="HardwareActivatedNotOnWhiteList_ReplacedWithNoInheritance_HardwareNotOnWhiteList_NoCWAAllowed_AllDevicesInGrace" storage="d:\actions-runner\_work\xpco\xpco\corporate\videoos.server.unittests\bin\x64\debug\net472\videoos.server.unittests.dll" id="025503e0-46c3-a8e9-2ae0-09018f6d88c1">
      <TestCategory>
        <TestCategoryItem TestCategory="Licensing Replace Hardware" />
        <TestCategoryItem TestCategory="Licensing" />
      </TestCategory>
      <Execution id="6290450b-0b5b-49e0-b6fe-5798a2843586" />
      <TestMethod codeBase="D:\actions-runner\_work\XPCO\XPCO\Corporate\VideoOS.Server.UnitTests\bin\x64\Debug\net472\VideoOS.Server.UnitTests.dll" adapterTypeName="executor://mstestadapter/v2" className="VideoOS.Server.UnitTests.Licensing.LicenseAllocatorChannelTests" name="HardwareActivatedNotOnWhiteList_ReplacedWithNoInheritance_HardwareNotOnWhiteList_NoCWAAllowed_AllDevicesInGrace" />
    </UnitTest>
    <UnitTest name="Monitor_CurrentStatusChanged_LocalAuthorizationError" storage="d:\actions-runner\_work\xpco\xpco\corporate\videoos.server.unittests\bin\x64\debug\net472\videoos.server.unittests.dll" id="148b85b3-208e-ea02-a66c-09452fde8ac2">
      <Execution id="8fc7cbac-4dd5-4392-bb24-c2a8ad49c53d" />
      <TestMethod codeBase="D:\actions-runner\_work\XPCO\XPCO\Corporate\VideoOS.Server.UnitTests\bin\x64\Debug\net472\VideoOS.Server.UnitTests.dll" adapterTypeName="executor://mstestadapter/v2" className="VideoOS.Server.UnitTests.Failover.FailoverStatusManagerUnitTests" name="Monitor_CurrentStatusChanged_LocalAuthorizationError" />
    </UnitTest>
    <UnitTest name="Validate_DisabledCameraNotPartOfHardwareFeed_Success" storage="d:\actions-runner\_work\xpco\xpco\corporate\videoos.server.unittests\bin\x64\debug\net472\videoos.server.unittests.dll" id="0598fc00-fb3e-91bf-f784-e4b64a3cfa57">
      <TestCategory>
        <TestCategoryItem TestCategory="Licensing" />
      </TestCategory>
      <Execution id="4253cacb-844c-4072-8eb1-eae970b2b543" />
      <TestMethod codeBase="D:\actions-runner\_work\XPCO\XPCO\Corporate\VideoOS.Server.UnitTests\bin\x64\Debug\net472\VideoOS.Server.UnitTests.dll" adapterTypeName="executor://mstestadapter/v2" className="VideoOS.Server.UnitTests.Licensing.LicenseRequestChannelTests" name="Validate_DisabledCameraNotPartOfHardwareFeed_Success" />
    </UnitTest>
    <UnitTest name="GetHardwareUsersCommandHandler_Execute_Success" storage="d:\actions-runner\_work\xpco\xpco\corporate\videoos.server.unittests\bin\x64\debug\net472\videoos.server.unittests.dll" id="5023598c-fd84-7d10-bd74-16709daa4c18">
      <Execution id="2d94ca99-e1b7-4497-b8f8-99d77a802da8" />
      <TestMethod codeBase="D:\actions-runner\_work\XPCO\XPCO\Corporate\VideoOS.Server.UnitTests\bin\x64\Debug\net472\VideoOS.Server.UnitTests.dll" adapterTypeName="executor://mstestadapter/v2" className="VideoOS.Server.UnitTests.CommandHandler.GetHardwareUsersCommandHandlerUnitTests" name="GetHardwareUsersCommandHandler_Execute_Success" />
    </UnitTest>
    <UnitTest name="SetHardwareNetworkSettingsCommandHandler_Constructor_ParameterNull_Throws" storage="d:\actions-runner\_work\xpco\xpco\corporate\videoos.server.unittests\bin\x64\debug\net472\videoos.server.unittests.dll" id="22e4cc9e-6a1d-3de4-9202-014788054b67">
      <Execution id="cf4be99c-90c3-4d1f-9644-16d0edce3d47" />
      <TestMethod codeBase="D:\actions-runner\_work\XPCO\XPCO\Corporate\VideoOS.Server.UnitTests\bin\x64\Debug\net472\VideoOS.Server.UnitTests.dll" adapterTypeName="executor://mstestadapter/v2" className="VideoOS.Server.UnitTests.CommandHandler.SetHardwareNetworkSettingsCommandHandlerUnitTests" name="SetHardwareNetworkSettingsCommandHandler_Constructor_ParameterNull_Throws" />
    </UnitTest>
    <UnitTest name="Log_ContextExceptionIsNotSupportedByLegacyRecorderException_DebugLogIsLogged" storage="d:\actions-runner\_work\xpco\xpco\corporate\videoos.server.unittests\bin\x64\debug\net472\videoos.server.unittests.dll" id="203a23ad-a6d5-6336-b116-7dae22149b13">
      <Execution id="0f091aad-09b5-40c0-aaba-584160dffd61" />
      <TestMethod codeBase="D:\actions-runner\_work\XPCO\XPCO\Corporate\VideoOS.Server.UnitTests\bin\x64\Debug\net472\VideoOS.Server.UnitTests.dll" adapterTypeName="executor://mstestadapter/v2" className="VideoOS.Server.UnitTests.ServerUnhandledExceptionLoggerTests" name="Log_ContextExceptionIsNotSupportedByLegacyRecorderException_DebugLogIsLogged" />
    </UnitTest>
    <UnitTest name="CreateLicenseRequest_ThrowsNotSupportedException_OnNullDocument" storage="d:\actions-runner\_work\xpco\xpco\corporate\videoos.server.unittests\bin\x64\debug\net472\videoos.server.unittests.dll" id="6201ea97-2bf0-08d4-044e-b1f01d26de68">
      <TestCategory>
        <TestCategoryItem TestCategory="Licensing" />
      </TestCategory>
      <Execution id="fcd8e558-4944-40c2-8610-cc952305f8fd" />
      <TestMethod codeBase="D:\actions-runner\_work\XPCO\XPCO\Corporate\VideoOS.Server.UnitTests\bin\x64\Debug\net472\VideoOS.Server.UnitTests.dll" adapterTypeName="executor://mstestadapter/v2" className="VideoOS.Server.UnitTests.Licensing.LicenseManagerUnitTests" name="CreateLicenseRequest_ThrowsNotSupportedException_OnNullDocument" />
    </UnitTest>
    <UnitTest name="GetHardwareNetworkSettingsCommandHandler_Execute_RecorderNotSupported_ReturnsCorrectResponse" storage="d:\actions-runner\_work\xpco\xpco\corporate\videoos.server.unittests\bin\x64\debug\net472\videoos.server.unittests.dll" id="8415958e-4dc4-74af-816e-52b6732f7968">
      <Execution id="7df87f4b-9c5f-4e2c-9f04-1e8a907dd38e" />
      <TestMethod codeBase="D:\actions-runner\_work\XPCO\XPCO\Corporate\VideoOS.Server.UnitTests\bin\x64\Debug\net472\VideoOS.Server.UnitTests.dll" adapterTypeName="executor://mstestadapter/v2" className="VideoOS.Server.UnitTests.CommandHandler.GetHardwareNetworkSettingsCommandHandlerUnitTests" name="GetHardwareNetworkSettingsCommandHandler_Execute_RecorderNotSupported_ReturnsCorrectResponse" />
    </UnitTest>
    <UnitTest name="CheckMsFailoverStatusCommandHandler_Execute_InvokeEventTrue_Succeeded_ShouldTrigger" storage="d:\actions-runner\_work\xpco\xpco\corporate\videoos.server.unittests\bin\x64\debug\net472\videoos.server.unittests.dll" id="54cdf181-0879-5493-b490-d28c73c7ac26">
      <Execution id="746a103d-90d0-4474-8ee3-1d95b8fac2e1" />
      <TestMethod codeBase="D:\actions-runner\_work\XPCO\XPCO\Corporate\VideoOS.Server.UnitTests\bin\x64\Debug\net472\VideoOS.Server.UnitTests.dll" adapterTypeName="executor://mstestadapter/v2" className="VideoOS.Server.UnitTests.CommandHandler.CheckMsFailoverStatusCommandHandlerUnitTest" name="CheckMsFailoverStatusCommandHandler_Execute_InvokeEventTrue_Succeeded_ShouldTrigger" />
    </UnitTest>
    <UnitTest name="LicenseCountManager_RemoveHardwareDeviceItemsFromChangesWithoutActivation_ProperlyRemovesDevices" storage="d:\actions-runner\_work\xpco\xpco\corporate\videoos.server.unittests\bin\x64\debug\net472\videoos.server.unittests.dll" id="a576efd2-dc4d-8b08-9b5f-e59b0088fa8e">
      <TestCategory>
        <TestCategoryItem TestCategory="Licensing" />
      </TestCategory>
      <Execution id="00d16270-9137-4ffe-80cc-e5cf4c0a3998" />
      <TestMethod codeBase="D:\actions-runner\_work\XPCO\XPCO\Corporate\VideoOS.Server.UnitTests\bin\x64\Debug\net472\VideoOS.Server.UnitTests.dll" adapterTypeName="executor://mstestadapter/v2" className="VideoOS.Server.UnitTests.Licensing.LicenseCountManagerUnitTests" name="LicenseCountManager_RemoveHardwareDeviceItemsFromChangesWithoutActivation_ProperlyRemovesDevices" />
    </UnitTest>
    <UnitTest name="ChangeIdpAdminTaskCommandHandlerTests_Execute_Arguments_Null_Throws" storage="d:\actions-runner\_work\xpco\xpco\corporate\videoos.server.unittests\bin\x64\debug\net472\videoos.server.unittests.dll" id="4378be0e-b6ea-dc40-1074-00248688d200">
      <Execution id="6fdf72e3-3fc1-447e-8f6a-02b5037f941c" />
      <TestMethod codeBase="D:\actions-runner\_work\XPCO\XPCO\Corporate\VideoOS.Server.UnitTests\bin\x64\Debug\net472\VideoOS.Server.UnitTests.dll" adapterTypeName="executor://mstestadapter/v2" className="VideoOS.Server.UnitTests.CommandHandler.ChangeIdpAdminTaskCommandHandlerTests" name="ChangeIdpAdminTaskCommandHandlerTests_Execute_Arguments_Null_Throws" />
    </UnitTest>
    <UnitTest name="SetupInitialHardwareUserCommandHandler_Execute_ReturnsCorrectResponsesOnExceptions" storage="d:\actions-runner\_work\xpco\xpco\corporate\videoos.server.unittests\bin\x64\debug\net472\videoos.server.unittests.dll" id="b8bd9147-cab0-a652-fdd6-0b4f6cc0d7e2">
      <Execution id="dc323a38-2ecc-437e-98c7-472c34b6cc6a" />
      <TestMethod codeBase="D:\actions-runner\_work\XPCO\XPCO\Corporate\VideoOS.Server.UnitTests\bin\x64\Debug\net472\VideoOS.Server.UnitTests.dll" adapterTypeName="executor://mstestadapter/v2" className="VideoOS.Server.UnitTests.CommandHandler.SetupInitialHardwareUserCommandHandlerUnitTests" name="SetupInitialHardwareUserCommandHandler_Execute_ReturnsCorrectResponsesOnExceptions" />
    </UnitTest>
    <UnitTest name="WarningResponse_ModelIsNull_BadRequestResult" storage="d:\actions-runner\_work\xpco\xpco\corporate\videoos.server.unittests\bin\x64\debug\net472\videoos.server.unittests.dll" id="81805bb5-19b7-51ab-b4b3-02e21590d4b6">
      <Execution id="3b2d147f-bb01-4554-a847-96b20c7a1b7e" />
      <TestMethod codeBase="D:\actions-runner\_work\XPCO\XPCO\Corporate\VideoOS.Server.UnitTests\bin\x64\Debug\net472\VideoOS.Server.UnitTests.dll" adapterTypeName="executor://mstestadapter/v2" className="VideoOS.Server.UnitTests.WebApi.ResponseControllerTest" name="WarningResponse_ModelIsNull_BadRequestResult" />
    </UnitTest>
    <UnitTest name="GetRecorderLicense_WithIcpHardware_Success" storage="d:\actions-runner\_work\xpco\xpco\corporate\videoos.server.unittests\bin\x64\debug\net472\videoos.server.unittests.dll" id="09fc26e3-52b7-4cc0-f8b6-a3db325c8bbb">
      <TestCategory>
        <TestCategoryItem TestCategory="Licensing" />
      </TestCategory>
      <Execution id="ef8a5a8c-36fc-46b6-9a8d-c7697f649a7f" />
      <TestMethod codeBase="D:\actions-runner\_work\XPCO\XPCO\Corporate\VideoOS.Server.UnitTests\bin\x64\Debug\net472\VideoOS.Server.UnitTests.dll" adapterTypeName="executor://mstestadapter/v2" className="VideoOS.Server.UnitTests.Licensing.LicenseManagerUnitTests" name="GetRecorderLicense_WithIcpHardware_Success" />
    </UnitTest>
    <UnitTest name="EvidenceLockOnOldRecorderCommandHandlerTests_OldRecV1_ConfigDelete2Rows" storage="d:\actions-runner\_work\xpco\xpco\corporate\videoos.server.unittests\bin\x64\debug\net472\videoos.server.unittests.dll" id="9d90b675-45bc-4904-0227-d0c44d00b4d5">
      <Execution id="330e3e81-d5e5-4404-b4ee-16c46dddb415" />
      <TestMethod codeBase="D:\actions-runner\_work\XPCO\XPCO\Corporate\VideoOS.Server.UnitTests\bin\x64\Debug\net472\VideoOS.Server.UnitTests.dll" adapterTypeName="executor://mstestadapter/v2" className="VideoOS.Server.UnitTests.CommandHandler.EvidenceLockOnOldRecorderCommandHandlerTests" name="EvidenceLockOnOldRecorderCommandHandlerTests_OldRecV1_ConfigDelete2Rows" />
    </UnitTest>
    <UnitTest name="HardwareScanTaskCommandHandler_Constructor_Arguments_Null_Throws" storage="d:\actions-runner\_work\xpco\xpco\corporate\videoos.server.unittests\bin\x64\debug\net472\videoos.server.unittests.dll" id="83748689-d3e8-87b9-8e2a-e56e2297976e">
      <Execution id="fb8d2b52-6d86-424c-82c7-158c6863ce24" />
      <TestMethod codeBase="D:\actions-runner\_work\XPCO\XPCO\Corporate\VideoOS.Server.UnitTests\bin\x64\Debug\net472\VideoOS.Server.UnitTests.dll" adapterTypeName="executor://mstestadapter/v2" className="VideoOS.Server.UnitTests.CommandHandler.HardwareScanTaskCommandHandlerTest" name="HardwareScanTaskCommandHandler_Constructor_Arguments_Null_Throws" />
    </UnitTest>
    <UnitTest name="UpdateRecorderStatus_RecorderNotFound_NotFoundResult" storage="d:\actions-runner\_work\xpco\xpco\corporate\videoos.server.unittests\bin\x64\debug\net472\videoos.server.unittests.dll" id="08a5a503-e937-a80a-da2b-c6359ff5c88e">
      <Execution id="3c2464a1-c993-4b30-a360-10b35ca8bfdc" />
      <TestMethod codeBase="D:\actions-runner\_work\XPCO\XPCO\Corporate\VideoOS.Server.UnitTests\bin\x64\Debug\net472\VideoOS.Server.UnitTests.dll" adapterTypeName="executor://mstestadapter/v2" className="VideoOS.Server.UnitTests.WebApi.Controllers.RecorderStatusCommandsControllerTests" name="UpdateRecorderStatus_RecorderNotFound_NotFoundResult" />
    </UnitTest>
    <UnitTest name="AllocateLicenses_HardwareWith20Devices5EnabledAndActivated_Enabling15Devices_ShouldGet10CWA5Unlicensed_On15LicensesAnd100PercentageCWA" storage="d:\actions-runner\_work\xpco\xpco\corporate\videoos.server.unittests\bin\x64\debug\net472\videoos.server.unittests.dll" id="71ca81f7-d4b8-7f03-ba05-0feafcaff5a8">
      <TestCategory>
        <TestCategoryItem TestCategory="Licensing" />
      </TestCategory>
      <Execution id="ee0ab80f-5c9a-4b95-a6ce-8a93c5726db8" />
      <TestMethod codeBase="D:\actions-runner\_work\XPCO\XPCO\Corporate\VideoOS.Server.UnitTests\bin\x64\Debug\net472\VideoOS.Server.UnitTests.dll" adapterTypeName="executor://mstestadapter/v2" className="VideoOS.Server.UnitTests.Licensing.LicenseAllocatorChannelTests" name="AllocateLicenses_HardwareWith20Devices5EnabledAndActivated_Enabling15Devices_ShouldGet10CWA5Unlicensed_On15LicensesAnd100PercentageCWA" />
    </UnitTest>
    <UnitTest name="GetHardwareUsersCommandHandler_Execute_EmptyRecorderId_ReturnsFailResponse" storage="d:\actions-runner\_work\xpco\xpco\corporate\videoos.server.unittests\bin\x64\debug\net472\videoos.server.unittests.dll" id="7d248c41-22f0-0abc-bf5f-b5bac42be8c8">
      <Execution id="1882ff2a-1627-4c9d-8ebb-ede7908794d6" />
      <TestMethod codeBase="D:\actions-runner\_work\XPCO\XPCO\Corporate\VideoOS.Server.UnitTests\bin\x64\Debug\net472\VideoOS.Server.UnitTests.dll" adapterTypeName="executor://mstestadapter/v2" className="VideoOS.Server.UnitTests.CommandHandler.GetHardwareUsersCommandHandlerUnitTests" name="GetHardwareUsersCommandHandler_Execute_EmptyRecorderId_ReturnsFailResponse" />
    </UnitTest>
    <UnitTest name="UpdateLicenseState_HasExpiredState_OnExpiredLicense" storage="d:\actions-runner\_work\xpco\xpco\corporate\videoos.server.unittests\bin\x64\debug\net472\videoos.server.unittests.dll" id="6c1ad6c9-cc08-bfd2-e6fa-12403c057402">
      <TestCategory>
        <TestCategoryItem TestCategory="Licensing" />
      </TestCategory>
      <Execution id="bfd4e740-e50c-4331-8539-728ceabcfbfb" />
      <TestMethod codeBase="D:\actions-runner\_work\XPCO\XPCO\Corporate\VideoOS.Server.UnitTests\bin\x64\Debug\net472\VideoOS.Server.UnitTests.dll" adapterTypeName="executor://mstestadapter/v2" className="VideoOS.Server.UnitTests.Licensing.LicenseInfoXmlWriterTests" name="UpdateLicenseState_HasExpiredState_OnExpiredLicense" />
    </UnitTest>
    <UnitTest name="GetRecorderTasksWithPendingStop_ModelIsValid_Executed" storage="d:\actions-runner\_work\xpco\xpco\corporate\videoos.server.unittests\bin\x64\debug\net472\videoos.server.unittests.dll" id="550cfad2-fa8b-209d-97fe-fd68247d99ef">
      <Execution id="9f8cc407-d5ed-4cbf-921c-3d836eed9b4b" />
      <TestMethod codeBase="D:\actions-runner\_work\XPCO\XPCO\Corporate\VideoOS.Server.UnitTests\bin\x64\Debug\net472\VideoOS.Server.UnitTests.dll" adapterTypeName="executor://mstestadapter/v2" className="VideoOS.Server.UnitTests.TaskControllerTests" name="GetRecorderTasksWithPendingStop_ModelIsValid_Executed" />
    </UnitTest>
    <UnitTest name="CleanUp_OldClientsRemoved_DebugLogMessage" storage="d:\actions-runner\_work\xpco\xpco\corporate\videoos.server.unittests\bin\x64\debug\net472\videoos.server.unittests.dll" id="79f071eb-e625-b2fd-6581-3da41d293199">
      <Execution id="4e47ab63-de55-439b-8b64-9e6a6a602f24" />
      <TestMethod codeBase="D:\actions-runner\_work\XPCO\XPCO\Corporate\VideoOS.Server.UnitTests\bin\x64\Debug\net472\VideoOS.Server.UnitTests.dll" adapterTypeName="executor://mstestadapter/v2" className="VideoOS.Server.UnitTests.CommandHandler.VmoClientsPoolTests" name="CleanUp_OldClientsRemoved_DebugLogMessage" />
    </UnitTest>
    <UnitTest name="ConfigurationDataSetLoader_GetHostedHardwareByIds_Success" storage="d:\actions-runner\_work\xpco\xpco\corporate\videoos.server.unittests\bin\x64\debug\net472\videoos.server.unittests.dll" id="6c06ec30-8e7b-3e0a-7efc-a9ce0b560817">
      <Execution id="c86f4d45-4f76-44ab-ab05-aef97f5e575f" />
      <TestMethod codeBase="D:\actions-runner\_work\XPCO\XPCO\Corporate\VideoOS.Server.UnitTests\bin\x64\Debug\net472\VideoOS.Server.UnitTests.dll" adapterTypeName="executor://mstestadapter/v2" className="VideoOS.Server.UnitTests.Configuration.ConfigurationDataSetLoaderTests" name="ConfigurationDataSetLoader_GetHostedHardwareByIds_Success" />
    </UnitTest>
    <UnitTest name="ManualAutomaticActivation_ResetsAutomaticActivationFailedEvent_OnSuccess" storage="d:\actions-runner\_work\xpco\xpco\corporate\videoos.server.unittests\bin\x64\debug\net472\videoos.server.unittests.dll" id="9fcf5ef0-7f22-3d90-fba9-3fdbd5d700fd">
      <TestCategory>
        <TestCategoryItem TestCategory="Licensing" />
      </TestCategory>
      <Execution id="b2babc7c-338c-42af-9b8c-ec0f40d8553b" />
      <TestMethod codeBase="D:\actions-runner\_work\XPCO\XPCO\Corporate\VideoOS.Server.UnitTests\bin\x64\Debug\net472\VideoOS.Server.UnitTests.dll" adapterTypeName="executor://mstestadapter/v2" className="VideoOS.Server.UnitTests.Licensing.ActivationManagerTests" name="ManualAutomaticActivation_ResetsAutomaticActivationFailedEvent_OnSuccess" />
    </UnitTest>
    <UnitTest name="UploadFileChunkCommandHandler_Execute_Failed_FileDisposed" storage="d:\actions-runner\_work\xpco\xpco\corporate\videoos.server.unittests\bin\x64\debug\net472\videoos.server.unittests.dll" id="abe93699-d934-3070-9b83-225a9bbaa9a0">
      <Execution id="d767a5d4-d48d-4483-8524-8fff01b0747b" />
      <TestMethod codeBase="D:\actions-runner\_work\XPCO\XPCO\Corporate\VideoOS.Server.UnitTests\bin\x64\Debug\net472\VideoOS.Server.UnitTests.dll" adapterTypeName="executor://mstestadapter/v2" className="VideoOS.Server.UnitTests.CommandHandler.UploadFileChunkCommandHandlerUnitTests" name="UploadFileChunkCommandHandler_Execute_Failed_FileDisposed" />
    </UnitTest>
    <UnitTest name="ChannelLicenseCountManager_AddLicensedCameraFeed_NullDeviceInfo_ThrowsArgumentNullException" storage="d:\actions-runner\_work\xpco\xpco\corporate\videoos.server.unittests\bin\x64\debug\net472\videoos.server.unittests.dll" id="be135087-9495-377b-5170-5bdf47afeca0">
      <TestCategory>
        <TestCategoryItem TestCategory="Licensing" />
      </TestCategory>
      <Execution id="e3c8fe0f-741b-48e9-8eb3-1405f548b50f" />
      <TestMethod codeBase="D:\actions-runner\_work\XPCO\XPCO\Corporate\VideoOS.Server.UnitTests\bin\x64\Debug\net472\VideoOS.Server.UnitTests.dll" adapterTypeName="executor://mstestadapter/v2" className="VideoOS.Server.UnitTests.Licensing.LicenseCountManagerUnitTests" name="ChannelLicenseCountManager_AddLicensedCameraFeed_NullDeviceInfo_ThrowsArgumentNullException" />
    </UnitTest>
    <UnitTest name="UpdateHardwareTaskCommandHandler_Apply_Locked_Tests" storage="d:\actions-runner\_work\xpco\xpco\corporate\videoos.server.unittests\bin\x64\debug\net472\videoos.server.unittests.dll" id="cb792945-7423-1647-0604-2c0964dd027b">
      <Execution id="c0180a90-8806-4259-baf6-e61b6407bf30" />
      <TestMethod codeBase="D:\actions-runner\_work\XPCO\XPCO\Corporate\VideoOS.Server.UnitTests\bin\x64\Debug\net472\VideoOS.Server.UnitTests.dll" adapterTypeName="executor://mstestadapter/v2" className="VideoOS.Server.UnitTests.CommandHandler.UpdateHardwareTaskHandlerTests" name="UpdateHardwareTaskCommandHandler_Apply_Locked_Tests" />
    </UnitTest>
    <UnitTest name="SetRecorderSpecificConfiguration_ModelIsNull_BadRequestResult" storage="d:\actions-runner\_work\xpco\xpco\corporate\videoos.server.unittests\bin\x64\debug\net472\videoos.server.unittests.dll" id="d7f3e071-ffc3-5a50-84e7-e831b56a656d">
      <Execution id="49b71400-c1fb-4a99-823c-b65b34344402" />
      <TestMethod codeBase="D:\actions-runner\_work\XPCO\XPCO\Corporate\VideoOS.Server.UnitTests\bin\x64\Debug\net472\VideoOS.Server.UnitTests.dll" adapterTypeName="executor://mstestadapter/v2" className="VideoOS.Server.UnitTests.ConfigurationControllerTests" name="SetRecorderSpecificConfiguration_ModelIsNull_BadRequestResult" />
    </UnitTest>
    <UnitTest name="ReportMediaStatusCommand_ModelValid_RecorderNotFoundException_Handled" storage="d:\actions-runner\_work\xpco\xpco\corporate\videoos.server.unittests\bin\x64\debug\net472\videoos.server.unittests.dll" id="4bac4ec9-6d51-14f7-9d28-3cf86c72f2dc">
      <Execution id="d130ba45-802e-4f2d-a47f-ec6098c1d8c5" />
      <TestMethod codeBase="D:\actions-runner\_work\XPCO\XPCO\Corporate\VideoOS.Server.UnitTests\bin\x64\Debug\net472\VideoOS.Server.UnitTests.dll" adapterTypeName="executor://mstestadapter/v2" className="VideoOS.Server.UnitTests.DatabaseCommandsControllerTests" name="ReportMediaStatusCommand_ModelValid_RecorderNotFoundException_Handled" />
    </UnitTest>
    <UnitTest name="DatabaseResponseArchiveInformation_ModelIsValid_CommandExecuted" storage="d:\actions-runner\_work\xpco\xpco\corporate\videoos.server.unittests\bin\x64\debug\net472\videoos.server.unittests.dll" id="cef3c170-314f-5c07-076f-dd65bf2d42ab">
      <Execution id="5da984b4-5fb2-4ad5-87f3-36c13c923537" />
      <TestMethod codeBase="D:\actions-runner\_work\XPCO\XPCO\Corporate\VideoOS.Server.UnitTests\bin\x64\Debug\net472\VideoOS.Server.UnitTests.dll" adapterTypeName="executor://mstestadapter/v2" className="VideoOS.Server.UnitTests.WebApi.ResponseControllerTest" name="DatabaseResponseArchiveInformation_ModelIsValid_CommandExecuted" />
    </UnitTest>
    <UnitTest name="ValidateParameter_AllowedChangesBelowActivation_LessThanZero_Expect_ArgumentOutOfRangeException" storage="d:\actions-runner\_work\xpco\xpco\corporate\videoos.server.unittests\bin\x64\debug\net472\videoos.server.unittests.dll" id="1b439133-96ac-fe64-6460-a93e04107cf2">
      <TestCategory>
        <TestCategoryItem TestCategory="Licensing" />
      </TestCategory>
      <Execution id="95cb0840-c2d7-448b-9e2c-aef7cdddd561" />
      <TestMethod codeBase="D:\actions-runner\_work\XPCO\XPCO\Corporate\VideoOS.Server.UnitTests\bin\x64\Debug\net472\VideoOS.Server.UnitTests.dll" adapterTypeName="executor://mstestadapter/v2" className="VideoOS.Server.UnitTests.Licensing.LicenseAllocatorChannelTests" name="ValidateParameter_AllowedChangesBelowActivation_LessThanZero_Expect_ArgumentOutOfRangeException" />
    </UnitTest>
    <UnitTest name="ReplaceHardwareCommandHandler_Execute_ReplaceHardware_DoNotInherit_Success" storage="d:\actions-runner\_work\xpco\xpco\corporate\videoos.server.unittests\bin\x64\debug\net472\videoos.server.unittests.dll" id="7cff0256-891c-b825-001b-e1188ea43097">
      <Execution id="d474d86b-8f14-40c8-a7ee-b499f41171fb" />
      <TestMethod codeBase="D:\actions-runner\_work\XPCO\XPCO\Corporate\VideoOS.Server.UnitTests\bin\x64\Debug\net472\VideoOS.Server.UnitTests.dll" adapterTypeName="executor://mstestadapter/v2" className="VideoOS.Server.UnitTests.CommandHandler.ReplaceHardwareCommandHandlerUnitTests" name="ReplaceHardwareCommandHandler_Execute_ReplaceHardware_DoNotInherit_Success" />
    </UnitTest>
    <UnitTest name="UpdateEvidenceLockSizesCommandHandlerTests_UpdateALLEvidenceLocksSize_NoEvidenceLocksAreCreated_SuccessResponse" storage="d:\actions-runner\_work\xpco\xpco\corporate\videoos.server.unittests\bin\x64\debug\net472\videoos.server.unittests.dll" id="edad7a9f-2ab1-fea5-205f-48bb63f1f880">
      <Execution id="432dddc8-58b8-4986-b974-04fc7df8b74e" />
      <TestMethod codeBase="D:\actions-runner\_work\XPCO\XPCO\Corporate\VideoOS.Server.UnitTests\bin\x64\Debug\net472\VideoOS.Server.UnitTests.dll" adapterTypeName="executor://mstestadapter/v2" className="VideoOS.Server.UnitTests.CommandHandler.UpdateEvidenceLockSizesCommandHandlerTests" name="UpdateEvidenceLockSizesCommandHandlerTests_UpdateALLEvidenceLocksSize_NoEvidenceLocksAreCreated_SuccessResponse" />
    </UnitTest>
    <UnitTest name="Log_ContextExceptionIsOtherThanNotSupportedByLegacyRecorderException_InfoLogIsLogged" storage="d:\actions-runner\_work\xpco\xpco\corporate\videoos.server.unittests\bin\x64\debug\net472\videoos.server.unittests.dll" id="8fbf9f52-52da-c755-01ac-9deb916d8cf7">
      <Execution id="c805423a-d905-4940-82ef-54a8a850e0fe" />
      <TestMethod codeBase="D:\actions-runner\_work\XPCO\XPCO\Corporate\VideoOS.Server.UnitTests\bin\x64\Debug\net472\VideoOS.Server.UnitTests.dll" adapterTypeName="executor://mstestadapter/v2" className="VideoOS.Server.UnitTests.ServerUnhandledExceptionLoggerTests" name="Log_ContextExceptionIsOtherThanNotSupportedByLegacyRecorderException_InfoLogIsLogged" />
    </UnitTest>
    <UnitTest name="UpdateRecorderStatusData_InvalidRecorder_NotFoundResult" storage="d:\actions-runner\_work\xpco\xpco\corporate\videoos.server.unittests\bin\x64\debug\net472\videoos.server.unittests.dll" id="0771727a-7b1e-cb6f-af21-556d51024ee4">
      <Execution id="fa671357-ef85-4549-8a52-de28865ab922" />
      <TestMethod codeBase="D:\actions-runner\_work\XPCO\XPCO\Corporate\VideoOS.Server.UnitTests\bin\x64\Debug\net472\VideoOS.Server.UnitTests.dll" adapterTypeName="executor://mstestadapter/v2" className="VideoOS.Server.UnitTests.RecorderControllerTest" name="UpdateRecorderStatusData_InvalidRecorder_NotFoundResult" />
    </UnitTest>
    <UnitTest name="IsActivationRequired_Success_ActivationRequired_OneDevice_WithICP" storage="d:\actions-runner\_work\xpco\xpco\corporate\videoos.server.unittests\bin\x64\debug\net472\videoos.server.unittests.dll" id="580e1afe-e2dd-e0a2-6df9-b1ce18a714be">
      <TestCategory>
        <TestCategoryItem TestCategory="Licensing" />
      </TestCategory>
      <Execution id="79553714-61fd-4ff5-8925-7d731b73330c" />
      <TestMethod codeBase="D:\actions-runner\_work\XPCO\XPCO\Corporate\VideoOS.Server.UnitTests\bin\x64\Debug\net472\VideoOS.Server.UnitTests.dll" adapterTypeName="executor://mstestadapter/v2" className="VideoOS.Server.UnitTests.Licensing.LicenseRequestChannelTests" name="IsActivationRequired_Success_ActivationRequired_OneDevice_WithICP" />
    </UnitTest>
    <UnitTest name="HardwareInCWAOnWhiteList_ReplacedWithInheritance_HardwareOnWhiteList_MixedCWAAllowed_NewHardwareInCWA" storage="d:\actions-runner\_work\xpco\xpco\corporate\videoos.server.unittests\bin\x64\debug\net472\videoos.server.unittests.dll" id="933352dc-2e18-19cc-d934-804f139458f1">
      <TestCategory>
        <TestCategoryItem TestCategory="Licensing Replace Hardware" />
        <TestCategoryItem TestCategory="Licensing" />
      </TestCategory>
      <Execution id="cac73dda-bfe4-4ab9-b3f0-6f0acec1d940" />
      <TestMethod codeBase="D:\actions-runner\_work\XPCO\XPCO\Corporate\VideoOS.Server.UnitTests\bin\x64\Debug\net472\VideoOS.Server.UnitTests.dll" adapterTypeName="executor://mstestadapter/v2" className="VideoOS.Server.UnitTests.Licensing.LicenseAllocatorChannelTests" name="HardwareInCWAOnWhiteList_ReplacedWithInheritance_HardwareOnWhiteList_MixedCWAAllowed_NewHardwareInCWA" />
    </UnitTest>
    <UnitTest name="AllocateLicenses_NotActivated_FiveDevice_FiveChannels_TwoEnabledChannels_TwoInGrace_ThreeHardwareWithNoLicense" storage="d:\actions-runner\_work\xpco\xpco\corporate\videoos.server.unittests\bin\x64\debug\net472\videoos.server.unittests.dll" id="760f9bfd-f7ad-a943-e485-03d97212787c">
      <TestCategory>
        <TestCategoryItem TestCategory="Licensing" />
      </TestCategory>
      <Execution id="9f22bfc3-7afe-432f-a7a7-8d40a8019d20" />
      <TestMethod codeBase="D:\actions-runner\_work\XPCO\XPCO\Corporate\VideoOS.Server.UnitTests\bin\x64\Debug\net472\VideoOS.Server.UnitTests.dll" adapterTypeName="executor://mstestadapter/v2" className="VideoOS.Server.UnitTests.Licensing.LicenseAllocatorChannelTests" name="AllocateLicenses_NotActivated_FiveDevice_FiveChannels_TwoEnabledChannels_TwoInGrace_ThreeHardwareWithNoLicense" />
    </UnitTest>
    <UnitTest name="ProcessConfigurationChangeTasks_Hardware_And_Device__Batched" storage="d:\actions-runner\_work\xpco\xpco\corporate\videoos.server.unittests\bin\x64\debug\net472\videoos.server.unittests.dll" id="f8f77c91-c42f-9207-fd1f-1c031b67ee04">
      <Execution id="040f8bbd-8b3a-444f-a252-9d3b59ff72a6" />
      <TestMethod codeBase="D:\actions-runner\_work\XPCO\XPCO\Corporate\VideoOS.Server.UnitTests\bin\x64\Debug\net472\VideoOS.Server.UnitTests.dll" adapterTypeName="executor://mstestadapter/v2" className="VideoOS.Server.UnitTests.Tasks.ServerTaskBatchHandlerUnitTests" name="ProcessConfigurationChangeTasks_Hardware_And_Device__Batched" />
    </UnitTest>
    <UnitTest name="CheckExternalRecorderRegistrationCommandHandler_Execute_ReturnsCorrectResponsesOnExceptions" storage="d:\actions-runner\_work\xpco\xpco\corporate\videoos.server.unittests\bin\x64\debug\net472\videoos.server.unittests.dll" id="992740cb-50c8-d4fe-c9bf-4993f9a47e3f">
      <Execution id="40b43684-fe72-4fb2-9925-af8c3214a9fa" />
      <TestMethod codeBase="D:\actions-runner\_work\XPCO\XPCO\Corporate\VideoOS.Server.UnitTests\bin\x64\Debug\net472\VideoOS.Server.UnitTests.dll" adapterTypeName="executor://mstestadapter/v2" className="VideoOS.Server.UnitTests.CommandHandler.CheckExternalRecorderRegistrationCommandHandlerUnitTests" name="CheckExternalRecorderRegistrationCommandHandler_Execute_ReturnsCorrectResponsesOnExceptions" />
    </UnitTest>
    <UnitTest name="EdgeJobUpdatedCommand_ModelValid_RecorderNotFoundException_Handled" storage="d:\actions-runner\_work\xpco\xpco\corporate\videoos.server.unittests\bin\x64\debug\net472\videoos.server.unittests.dll" id="5b2c3c16-f905-e938-744a-a83fd3813d51">
      <Execution id="faf4b88a-297c-4cbb-b8d4-15657ae06a14" />
      <TestMethod codeBase="D:\actions-runner\_work\XPCO\XPCO\Corporate\VideoOS.Server.UnitTests\bin\x64\Debug\net472\VideoOS.Server.UnitTests.dll" adapterTypeName="executor://mstestadapter/v2" className="VideoOS.Server.UnitTests.DatabaseCommandsControllerTests" name="EdgeJobUpdatedCommand_ModelValid_RecorderNotFoundException_Handled" />
    </UnitTest>
    <UnitTest name="ReportMediaStatusCommand_ModelIsValid_CommandExecuted" storage="d:\actions-runner\_work\xpco\xpco\corporate\videoos.server.unittests\bin\x64\debug\net472\videoos.server.unittests.dll" id="be10cfb5-959a-3fd5-7048-4419a0956455">
      <Execution id="be720fdb-0ad0-40b6-b87d-36794baf0944" />
      <TestMethod codeBase="D:\actions-runner\_work\XPCO\XPCO\Corporate\VideoOS.Server.UnitTests\bin\x64\Debug\net472\VideoOS.Server.UnitTests.dll" adapterTypeName="executor://mstestadapter/v2" className="VideoOS.Server.UnitTests.DatabaseCommandsControllerTests" name="ReportMediaStatusCommand_ModelIsValid_CommandExecuted" />
    </UnitTest>
    <UnitTest name="ReplaceHardwareTaskCommandHandler_DeviceMapper_TooManyDevices_AllowDeletingDisabled_Success_Test" storage="d:\actions-runner\_work\xpco\xpco\corporate\videoos.server.unittests\bin\x64\debug\net472\videoos.server.unittests.dll" id="94c2bd2b-6b5f-b5ec-49f1-5cbec2248022">
      <Execution id="7ccee0d6-a172-4f24-bb42-78d44c1454b6" />
      <TestMethod codeBase="D:\actions-runner\_work\XPCO\XPCO\Corporate\VideoOS.Server.UnitTests\bin\x64\Debug\net472\VideoOS.Server.UnitTests.dll" adapterTypeName="executor://mstestadapter/v2" className="VideoOS.Server.UnitTests.CommandHandler.ReplaceHardwareTaskCommandHandlerUnitTests" name="ReplaceHardwareTaskCommandHandler_DeviceMapper_TooManyDevices_AllowDeletingDisabled_Success_Test" />
    </UnitTest>
    <UnitTest name="SessionData_UniqueId_Success" storage="d:\actions-runner\_work\xpco\xpco\corporate\videoos.server.unittests\bin\x64\debug\net472\videoos.server.unittests.dll" id="b6447419-d3ce-88c2-51be-0e733819fcc3">
      <Execution id="7173463f-4acc-4400-bd28-e9d1d537ffbc" />
      <TestMethod codeBase="D:\actions-runner\_work\XPCO\XPCO\Corporate\VideoOS.Server.UnitTests\bin\x64\Debug\net472\VideoOS.Server.UnitTests.dll" adapterTypeName="executor://mstestadapter/v2" className="VideoOS.Server.UnitTests.Tasks.SessionDataManagerTests" name="SessionData_UniqueId_Success" />
    </UnitTest>
    <UnitTest name="ChannelLicenseCountManager_FindActiveHardwareInChangesWithoutActivation_ReturnsListOfMacs_OnActiveHardwareInChanges" storage="d:\actions-runner\_work\xpco\xpco\corporate\videoos.server.unittests\bin\x64\debug\net472\videoos.server.unittests.dll" id="4b24004b-d400-44b7-4a25-ddc26cc5f022">
      <TestCategory>
        <TestCategoryItem TestCategory="Licensing" />
      </TestCategory>
      <Execution id="92ff5d85-9431-4fd7-9896-e271b8f170fd" />
      <TestMethod codeBase="D:\actions-runner\_work\XPCO\XPCO\Corporate\VideoOS.Server.UnitTests\bin\x64\Debug\net472\VideoOS.Server.UnitTests.dll" adapterTypeName="executor://mstestadapter/v2" className="VideoOS.Server.UnitTests.Licensing.LicenseCountManagerUnitTests" name="ChannelLicenseCountManager_FindActiveHardwareInChangesWithoutActivation_ReturnsListOfMacs_OnActiveHardwareInChanges" />
    </UnitTest>
    <UnitTest name="DeviceLicense_RemoveDeviceLicense_NoDeviceLicenseReturned" storage="d:\actions-runner\_work\xpco\xpco\corporate\videoos.server.unittests\bin\x64\debug\net472\videoos.server.unittests.dll" id="67b04a5a-d7e5-804a-359e-7ab0a49b2032">
      <Execution id="f71d1121-3883-4a68-bf49-474795776681" />
      <TestMethod codeBase="D:\actions-runner\_work\XPCO\XPCO\Corporate\VideoOS.Server.UnitTests\bin\x64\Debug\net472\VideoOS.Server.UnitTests.dll" adapterTypeName="executor://mstestadapter/v2" className="VideoOS.Server.UnitTests.Licensing.LicenseSnapshotTests" name="DeviceLicense_RemoveDeviceLicense_NoDeviceLicenseReturned" />
    </UnitTest>
    <UnitTest name="HardwareInCWAOnWhiteList_ReplacedWithNoInheritance_HardwareOnWhiteList_CWAAllowed_MoreChannelsOnReplacedHardware_NewHardwareInCWA" storage="d:\actions-runner\_work\xpco\xpco\corporate\videoos.server.unittests\bin\x64\debug\net472\videoos.server.unittests.dll" id="83a331b3-f90d-f07e-fa30-807969658030">
      <TestCategory>
        <TestCategoryItem TestCategory="Licensing Replace Hardware" />
        <TestCategoryItem TestCategory="Licensing" />
      </TestCategory>
      <Execution id="fb734de5-e0ff-4a7b-a733-ca756c698986" />
      <TestMethod codeBase="D:\actions-runner\_work\XPCO\XPCO\Corporate\VideoOS.Server.UnitTests\bin\x64\Debug\net472\VideoOS.Server.UnitTests.dll" adapterTypeName="executor://mstestadapter/v2" className="VideoOS.Server.UnitTests.Licensing.LicenseAllocatorChannelTests" name="HardwareInCWAOnWhiteList_ReplacedWithNoInheritance_HardwareOnWhiteList_CWAAllowed_MoreChannelsOnReplacedHardware_NewHardwareInCWA" />
    </UnitTest>
    <UnitTest name="ActivatedHardwareNotOnWhiteListWith1Camera_ReplacedWith_HardwareNotOnWhiteListWith10Cameras_ShouldPutDevicesInCWA" storage="d:\actions-runner\_work\xpco\xpco\corporate\videoos.server.unittests\bin\x64\debug\net472\videoos.server.unittests.dll" id="6fc1fa58-60f8-6102-c7c1-92b3af0e5422">
      <TestCategory>
        <TestCategoryItem TestCategory="Licensing Replace Hardware" />
        <TestCategoryItem TestCategory="Licensing" />
      </TestCategory>
      <Execution id="83470442-abae-44dc-8854-d90679b6e4aa" />
      <TestMethod codeBase="D:\actions-runner\_work\XPCO\XPCO\Corporate\VideoOS.Server.UnitTests\bin\x64\Debug\net472\VideoOS.Server.UnitTests.dll" adapterTypeName="executor://mstestadapter/v2" className="VideoOS.Server.UnitTests.Licensing.LicenseAllocatorChannelTests" name="ActivatedHardwareNotOnWhiteListWith1Camera_ReplacedWith_HardwareNotOnWhiteListWith10Cameras_ShouldPutDevicesInCWA" />
    </UnitTest>
    <UnitTest name="StartSessionFailedResponse_ModelIsNull_BadRequestResult" storage="d:\actions-runner\_work\xpco\xpco\corporate\videoos.server.unittests\bin\x64\debug\net472\videoos.server.unittests.dll" id="cefcaf99-f6fe-24f5-d8ee-87f30d25cd8f">
      <Execution id="bef9fd5d-510b-46da-bdb0-9bed0da604b8" />
      <TestMethod codeBase="D:\actions-runner\_work\XPCO\XPCO\Corporate\VideoOS.Server.UnitTests\bin\x64\Debug\net472\VideoOS.Server.UnitTests.dll" adapterTypeName="executor://mstestadapter/v2" className="VideoOS.Server.UnitTests.WebApi.ResponseControllerTest" name="StartSessionFailedResponse_ModelIsNull_BadRequestResult" />
    </UnitTest>
    <UnitTest name="AllocateLicenses_EnsurePreviouslyLicensedChannelsRemainLicensed_WhenWhitelisted" storage="d:\actions-runner\_work\xpco\xpco\corporate\videoos.server.unittests\bin\x64\debug\net472\videoos.server.unittests.dll" id="433e8b39-b811-c601-9369-ed475d3fe733">
      <TestCategory>
        <TestCategoryItem TestCategory="Licensing" />
      </TestCategory>
      <Execution id="712adae9-4dbe-4333-8f32-64820673fc59" />
      <TestMethod codeBase="D:\actions-runner\_work\XPCO\XPCO\Corporate\VideoOS.Server.UnitTests\bin\x64\Debug\net472\VideoOS.Server.UnitTests.dll" adapterTypeName="executor://mstestadapter/v2" className="VideoOS.Server.UnitTests.Licensing.LicenseAllocatorChannelTests" name="AllocateLicenses_EnsurePreviouslyLicensedChannelsRemainLicensed_WhenWhitelisted" />
    </UnitTest>
    <UnitTest name="UpdateHardwareTaskCommandHandler_Execute_Deleted_Tests" storage="d:\actions-runner\_work\xpco\xpco\corporate\videoos.server.unittests\bin\x64\debug\net472\videoos.server.unittests.dll" id="e454a3f1-9c85-b4ba-36c1-30535ec4b9e5">
      <Execution id="eebcffd0-bd94-4d11-8081-0df48b3ccfe9" />
      <TestMethod codeBase="D:\actions-runner\_work\XPCO\XPCO\Corporate\VideoOS.Server.UnitTests\bin\x64\Debug\net472\VideoOS.Server.UnitTests.dll" adapterTypeName="executor://mstestadapter/v2" className="VideoOS.Server.UnitTests.CommandHandler.UpdateHardwareTaskHandlerTests" name="UpdateHardwareTaskCommandHandler_Execute_Deleted_Tests" />
    </UnitTest>
    <UnitTest name="AllocateLicenses_ActivatedHardwareWithMultipleCamerasEnabledAndOneDisabled_EnablingCameraShouldGoIntoCWA_OnNonZeroCWA" storage="d:\actions-runner\_work\xpco\xpco\corporate\videoos.server.unittests\bin\x64\debug\net472\videoos.server.unittests.dll" id="6c811e2e-ffff-1bb5-8121-3d391cba5713">
      <TestCategory>
        <TestCategoryItem TestCategory="Licensing" />
      </TestCategory>
      <Execution id="8372bc6b-de8e-48b4-98ef-f536172b303c" />
      <TestMethod codeBase="D:\actions-runner\_work\XPCO\XPCO\Corporate\VideoOS.Server.UnitTests\bin\x64\Debug\net472\VideoOS.Server.UnitTests.dll" adapterTypeName="executor://mstestadapter/v2" className="VideoOS.Server.UnitTests.Licensing.LicenseAllocatorChannelTests" name="AllocateLicenses_ActivatedHardwareWithMultipleCamerasEnabledAndOneDisabled_EnablingCameraShouldGoIntoCWA_OnNonZeroCWA" />
    </UnitTest>
    <UnitTest name="AnalyzeAndCreateAuditLogs_AddedSecurityPermissionsDeviceRowWithTimeBackward1Day_ReturnsTwoAuditLogsWithTimeBackwardDays" storage="d:\actions-runner\_work\xpco\xpco\corporate\videoos.server.unittests\bin\x64\debug\net472\videoos.server.unittests.dll" id="719db6eb-3a76-008d-3a20-f8857c55640f">
      <Execution id="98f750a2-355b-411d-8788-f18df2d3a933" />
      <TestMethod codeBase="D:\actions-runner\_work\XPCO\XPCO\Corporate\VideoOS.Server.UnitTests\bin\x64\Debug\net472\VideoOS.Server.UnitTests.dll" adapterTypeName="executor://mstestadapter/v2" className="VideoOS.Server.UnitTests.CommandHandler.DataSetAuditLogAnalyzerTests" name="AnalyzeAndCreateAuditLogs_AddedSecurityPermissionsDeviceRowWithTimeBackward1Day_ReturnsTwoAuditLogsWithTimeBackwardDays" />
    </UnitTest>
    <UnitTest name="CreateLicenseRequest_NoSystemBuilderLicenseRequest" storage="d:\actions-runner\_work\xpco\xpco\corporate\videoos.server.unittests\bin\x64\debug\net472\videoos.server.unittests.dll" id="857362d0-e6c5-c436-79d5-9e8da3c2834e">
      <TestCategory>
        <TestCategoryItem TestCategory="Licensing" />
      </TestCategory>
      <Execution id="cbeeeaf5-d279-4559-b3cd-88ceb2e3fb29" />
      <TestMethod codeBase="D:\actions-runner\_work\XPCO\XPCO\Corporate\VideoOS.Server.UnitTests\bin\x64\Debug\net472\VideoOS.Server.UnitTests.dll" adapterTypeName="executor://mstestadapter/v2" className="VideoOS.Server.UnitTests.Licensing.LicenseManagerUnitTests" name="CreateLicenseRequest_NoSystemBuilderLicenseRequest" />
    </UnitTest>
    <UnitTest name="CheckExternalRecorderRegistrationCommandHandler_Execute_ReturnsFailResponseOnEmptyRecorderId" storage="d:\actions-runner\_work\xpco\xpco\corporate\videoos.server.unittests\bin\x64\debug\net472\videoos.server.unittests.dll" id="cc08e950-8ecb-5d66-b17d-66c1b10f4d28">
      <Execution id="716b8905-dc03-491d-8a7a-2a58d2346ac0" />
      <TestMethod codeBase="D:\actions-runner\_work\XPCO\XPCO\Corporate\VideoOS.Server.UnitTests\bin\x64\Debug\net472\VideoOS.Server.UnitTests.dll" adapterTypeName="executor://mstestadapter/v2" className="VideoOS.Server.UnitTests.CommandHandler.CheckExternalRecorderRegistrationCommandHandlerUnitTests" name="CheckExternalRecorderRegistrationCommandHandler_Execute_ReturnsFailResponseOnEmptyRecorderId" />
    </UnitTest>
    <UnitTest name="ChangeHardwarePasswordTaskCommandHandler_Execute_Failed_Unsupported_Response" storage="d:\actions-runner\_work\xpco\xpco\corporate\videoos.server.unittests\bin\x64\debug\net472\videoos.server.unittests.dll" id="3adb8872-ad9b-6d0e-8a10-32be252fb605">
      <Execution id="d198babb-f815-415a-a612-5fb84215576c" />
      <TestMethod codeBase="D:\actions-runner\_work\XPCO\XPCO\Corporate\VideoOS.Server.UnitTests\bin\x64\Debug\net472\VideoOS.Server.UnitTests.dll" adapterTypeName="executor://mstestadapter/v2" className="VideoOS.Server.UnitTests.CommandHandler.ChangeHardwarePasswordTaskCommandHandlerTests" name="ChangeHardwarePasswordTaskCommandHandler_Execute_Failed_Unsupported_Response" />
    </UnitTest>
    <UnitTest name="EvidenceLockOnOldRecorderCommandHandlerTests_OldRecV1_ConfigAdd1RowMain" storage="d:\actions-runner\_work\xpco\xpco\corporate\videoos.server.unittests\bin\x64\debug\net472\videoos.server.unittests.dll" id="b65cceb4-bb5a-b668-5f3c-9e4a205a0844">
      <Execution id="ca234fc5-8c18-4026-b88f-880ab9087a40" />
      <TestMethod codeBase="D:\actions-runner\_work\XPCO\XPCO\Corporate\VideoOS.Server.UnitTests\bin\x64\Debug\net472\VideoOS.Server.UnitTests.dll" adapterTypeName="executor://mstestadapter/v2" className="VideoOS.Server.UnitTests.CommandHandler.EvidenceLockOnOldRecorderCommandHandlerTests" name="EvidenceLockOnOldRecorderCommandHandlerTests_OldRecV1_ConfigAdd1RowMain" />
    </UnitTest>
    <UnitTest name="TaskHandling_ProcessUpdateDiffgram_Hardware_Multiple_Values_Changed" storage="d:\actions-runner\_work\xpco\xpco\corporate\videoos.server.unittests\bin\x64\debug\net472\videoos.server.unittests.dll" id="55bdeb1c-462d-a82c-f7ac-cb0d9ea41e70">
      <Execution id="0d8225cc-9d1c-4d92-934d-d7a11597d6dd" />
      <TestMethod codeBase="D:\actions-runner\_work\XPCO\XPCO\Corporate\VideoOS.Server.UnitTests\bin\x64\Debug\net472\VideoOS.Server.UnitTests.dll" adapterTypeName="executor://mstestadapter/v2" className="VideoOS.Server.UnitTests.Tasks.TaskHandlingUnitTests" name="TaskHandling_ProcessUpdateDiffgram_Hardware_Multiple_Values_Changed" />
    </UnitTest>
    <UnitTest name="HardwareLicense_SetExpire_Exists_Updated" storage="d:\actions-runner\_work\xpco\xpco\corporate\videoos.server.unittests\bin\x64\debug\net472\videoos.server.unittests.dll" id="5fa7f6c3-59dd-66f0-508e-049e14919de5">
      <Execution id="56a321b7-6559-4835-bd48-14f5e869e961" />
      <TestMethod codeBase="D:\actions-runner\_work\XPCO\XPCO\Corporate\VideoOS.Server.UnitTests\bin\x64\Debug\net472\VideoOS.Server.UnitTests.dll" adapterTypeName="executor://mstestadapter/v2" className="VideoOS.Server.UnitTests.Licensing.LicenseSnapshotTests" name="HardwareLicense_SetExpire_Exists_Updated" />
    </UnitTest>
    <UnitTest name="EvidenceLockOnOldRecorderCommandHandlerTests_OldRecV1_ConfigDelete1RowMain_NoDistribution" storage="d:\actions-runner\_work\xpco\xpco\corporate\videoos.server.unittests\bin\x64\debug\net472\videoos.server.unittests.dll" id="4d097d45-0d0d-ea90-d9d4-dc2396355990">
      <Execution id="7f437232-74cb-46b2-b864-6b4adb83bd07" />
      <TestMethod codeBase="D:\actions-runner\_work\XPCO\XPCO\Corporate\VideoOS.Server.UnitTests\bin\x64\Debug\net472\VideoOS.Server.UnitTests.dll" adapterTypeName="executor://mstestadapter/v2" className="VideoOS.Server.UnitTests.CommandHandler.EvidenceLockOnOldRecorderCommandHandlerTests" name="EvidenceLockOnOldRecorderCommandHandlerTests_OldRecV1_ConfigDelete1RowMain_NoDistribution" />
    </UnitTest>
    <UnitTest name="ReplaceHardwareCommandHandler_Execute_ReplaceHardware_StreamRemoved_EnsuresValidStreamsAndTracksConfiguration" storage="d:\actions-runner\_work\xpco\xpco\corporate\videoos.server.unittests\bin\x64\debug\net472\videoos.server.unittests.dll" id="69fd376d-0cb0-8ca7-8db2-ffddc7854439">
      <Execution id="a0c1ffec-6c89-4b88-a1b1-616f9298269f" />
      <TestMethod codeBase="D:\actions-runner\_work\XPCO\XPCO\Corporate\VideoOS.Server.UnitTests\bin\x64\Debug\net472\VideoOS.Server.UnitTests.dll" adapterTypeName="executor://mstestadapter/v2" className="VideoOS.Server.UnitTests.CommandHandler.ReplaceHardwareCommandHandlerUnitTests" name="ReplaceHardwareCommandHandler_Execute_ReplaceHardware_StreamRemoved_EnsuresValidStreamsAndTracksConfiguration" />
    </UnitTest>
    <UnitTest name="KeepAlive_Called_CallConfirmed" storage="d:\actions-runner\_work\xpco\xpco\corporate\videoos.server.unittests\bin\x64\debug\net472\videoos.server.unittests.dll" id="267806a5-9bdd-be07-8447-7174cbffe64b">
      <Execution id="b78a3b06-bb8c-4787-9bbd-7c27007a4b81" />
      <TestMethod codeBase="D:\actions-runner\_work\XPCO\XPCO\Corporate\VideoOS.Server.UnitTests\bin\x64\Debug\net472\VideoOS.Server.UnitTests.dll" adapterTypeName="executor://mstestadapter/v2" className="VideoOS.Server.UnitTests.WebApi.Controllers.RecorderRegistrationControllerTests" name="KeepAlive_Called_CallConfirmed" />
    </UnitTest>
    <UnitTest name="FirmwareUpgradeTaskCommandHandler_Execute_Failed_ErrorUnknown" storage="d:\actions-runner\_work\xpco\xpco\corporate\videoos.server.unittests\bin\x64\debug\net472\videoos.server.unittests.dll" id="834bc393-0d98-623d-7495-886f81045728">
      <Execution id="33a0f52d-9d75-4546-bc2d-da8140f01553" />
      <TestMethod codeBase="D:\actions-runner\_work\XPCO\XPCO\Corporate\VideoOS.Server.UnitTests\bin\x64\Debug\net472\VideoOS.Server.UnitTests.dll" adapterTypeName="executor://mstestadapter/v2" className="VideoOS.Server.UnitTests.CommandHandler.FirmwareUpgradeTaskCommandHandlerTests" name="FirmwareUpgradeTaskCommandHandler_Execute_Failed_ErrorUnknown" />
    </UnitTest>
    <UnitTest name="UploadFileChunkCommandHandler_Execute_Arguments_Null_Throws" storage="d:\actions-runner\_work\xpco\xpco\corporate\videoos.server.unittests\bin\x64\debug\net472\videoos.server.unittests.dll" id="f0ebc854-c13b-2b60-a0fd-ffd0a235b26d">
      <Execution id="78e09f21-452f-4a05-8f8f-8c31c76c6063" />
      <TestMethod codeBase="D:\actions-runner\_work\XPCO\XPCO\Corporate\VideoOS.Server.UnitTests\bin\x64\Debug\net472\VideoOS.Server.UnitTests.dll" adapterTypeName="executor://mstestadapter/v2" className="VideoOS.Server.UnitTests.CommandHandler.UploadFileChunkCommandHandlerUnitTests" name="UploadFileChunkCommandHandler_Execute_Arguments_Null_Throws" />
    </UnitTest>
    <UnitTest name="AllocateLicenses_HardwareWith10Devices7EnabledAndActivated_Enabling3Devices_ShouldGet3CWA_OnNonZeroCWA" storage="d:\actions-runner\_work\xpco\xpco\corporate\videoos.server.unittests\bin\x64\debug\net472\videoos.server.unittests.dll" id="ae4061b8-320e-29dd-40df-9e766fdf63a2">
      <TestCategory>
        <TestCategoryItem TestCategory="Licensing" />
      </TestCategory>
      <Execution id="22b7b2eb-7f6b-4b0a-b6fd-ee42eb42674e" />
      <TestMethod codeBase="D:\actions-runner\_work\XPCO\XPCO\Corporate\VideoOS.Server.UnitTests\bin\x64\Debug\net472\VideoOS.Server.UnitTests.dll" adapterTypeName="executor://mstestadapter/v2" className="VideoOS.Server.UnitTests.Licensing.LicenseAllocatorChannelTests" name="AllocateLicenses_HardwareWith10Devices7EnabledAndActivated_Enabling3Devices_ShouldGet3CWA_OnNonZeroCWA" />
    </UnitTest>
    <UnitTest name="HardwareInCWAOnWhiteList_ReplacedWithInheritance_HardwareNotOnWhiteList_NoMoreCWAAllowed_NewDevicesInGrace" storage="d:\actions-runner\_work\xpco\xpco\corporate\videoos.server.unittests\bin\x64\debug\net472\videoos.server.unittests.dll" id="e271b044-e1ee-b1ea-4f44-29d190086149">
      <TestCategory>
        <TestCategoryItem TestCategory="Licensing Replace Hardware" />
        <TestCategoryItem TestCategory="Licensing" />
      </TestCategory>
      <Execution id="76c1cc59-412e-4d1e-8b26-0529dc4e43bd" />
      <TestMethod codeBase="D:\actions-runner\_work\XPCO\XPCO\Corporate\VideoOS.Server.UnitTests\bin\x64\Debug\net472\VideoOS.Server.UnitTests.dll" adapterTypeName="executor://mstestadapter/v2" className="VideoOS.Server.UnitTests.Licensing.LicenseAllocatorChannelTests" name="HardwareInCWAOnWhiteList_ReplacedWithInheritance_HardwareNotOnWhiteList_NoMoreCWAAllowed_NewDevicesInGrace" />
    </UnitTest>
    <UnitTest name="HardwareActivatedOnWhiteList_ReplacedWithNoInheritance_HardwareOnWhiteList_CWAAllowed_NewHardwareInCWA" storage="d:\actions-runner\_work\xpco\xpco\corporate\videoos.server.unittests\bin\x64\debug\net472\videoos.server.unittests.dll" id="76990fcb-ffcb-fd18-57fa-b5a109502485">
      <TestCategory>
        <TestCategoryItem TestCategory="Licensing Replace Hardware" />
        <TestCategoryItem TestCategory="Licensing" />
      </TestCategory>
      <Execution id="f1c46c72-f71d-44ad-8bf0-0f1851e72451" />
      <TestMethod codeBase="D:\actions-runner\_work\XPCO\XPCO\Corporate\VideoOS.Server.UnitTests\bin\x64\Debug\net472\VideoOS.Server.UnitTests.dll" adapterTypeName="executor://mstestadapter/v2" className="VideoOS.Server.UnitTests.Licensing.LicenseAllocatorChannelTests" name="HardwareActivatedOnWhiteList_ReplacedWithNoInheritance_HardwareOnWhiteList_CWAAllowed_NewHardwareInCWA" />
    </UnitTest>
    <UnitTest name="UpdateHardwareDriverCommandHandler_Execute_SqlException_Error" storage="d:\actions-runner\_work\xpco\xpco\corporate\videoos.server.unittests\bin\x64\debug\net472\videoos.server.unittests.dll" id="0e272411-52c5-eed6-91b4-927d99d4aa2d">
      <Execution id="f08a7b55-3990-4f1f-8e9e-5565aba458fe" />
      <TestMethod codeBase="D:\actions-runner\_work\XPCO\XPCO\Corporate\VideoOS.Server.UnitTests\bin\x64\Debug\net472\VideoOS.Server.UnitTests.dll" adapterTypeName="executor://mstestadapter/v2" className="VideoOS.Server.UnitTests.CommandHandler.UpdateHardwareDriverCommandHandlerTests" name="UpdateHardwareDriverCommandHandler_Execute_SqlException_Error" />
    </UnitTest>
    <UnitTest name="DeviceDataDistributionManager_CleanupAll_QueryDeviceDataDistributionThrowsGenericSqlException_Handled" storage="d:\actions-runner\_work\xpco\xpco\corporate\videoos.server.unittests\bin\x64\debug\net472\videoos.server.unittests.dll" id="33d67a72-9c14-ed11-25ce-add97b012285">
      <Execution id="c8391515-30c4-44cd-b520-cd1c4917845d" />
      <TestMethod codeBase="D:\actions-runner\_work\XPCO\XPCO\Corporate\VideoOS.Server.UnitTests\bin\x64\Debug\net472\VideoOS.Server.UnitTests.dll" adapterTypeName="executor://mstestadapter/v2" className="VideoOS.Server.UnitTests.DeviceDataDistributionManagerUnitTests" name="DeviceDataDistributionManager_CleanupAll_QueryDeviceDataDistributionThrowsGenericSqlException_Handled" />
    </UnitTest>
    <UnitTest name="LicenseInfoXmlWriter_CreateLicenseInformationXml_SetsFeatureInformation" storage="d:\actions-runner\_work\xpco\xpco\corporate\videoos.server.unittests\bin\x64\debug\net472\videoos.server.unittests.dll" id="30dfc8b5-247e-3752-d365-cffe7ad05fc0">
      <TestCategory>
        <TestCategoryItem TestCategory="Licensing" />
      </TestCategory>
      <Execution id="50e965c3-dbad-409b-83d9-aa4dec14fd6e" />
      <TestMethod codeBase="D:\actions-runner\_work\XPCO\XPCO\Corporate\VideoOS.Server.UnitTests\bin\x64\Debug\net472\VideoOS.Server.UnitTests.dll" adapterTypeName="executor://mstestadapter/v2" className="VideoOS.Server.UnitTests.Licensing.LicenseInfoXmlWriterTests" name="LicenseInfoXmlWriter_CreateLicenseInformationXml_SetsFeatureInformation" />
    </UnitTest>
    <UnitTest name="DeleteHardwareTaskCommandHandler_Execute_Failed_Timeout_Response" storage="d:\actions-runner\_work\xpco\xpco\corporate\videoos.server.unittests\bin\x64\debug\net472\videoos.server.unittests.dll" id="fb4bfc16-4472-c6ec-c70f-01a0505dd049">
      <Execution id="b44e94b7-9161-429e-ba5e-006c638b14f8" />
      <TestMethod codeBase="D:\actions-runner\_work\XPCO\XPCO\Corporate\VideoOS.Server.UnitTests\bin\x64\Debug\net472\VideoOS.Server.UnitTests.dll" adapterTypeName="executor://mstestadapter/v2" className="VideoOS.Server.UnitTests.CommandHandler.DeleteHardwareTaskCommandHandlerTest" name="DeleteHardwareTaskCommandHandler_Execute_Failed_Timeout_Response" />
    </UnitTest>
    <UnitTest name="UpdateRecorderTaskProgress_ModelIsValid_Executed" storage="d:\actions-runner\_work\xpco\xpco\corporate\videoos.server.unittests\bin\x64\debug\net472\videoos.server.unittests.dll" id="ea9551eb-3309-a871-541b-dc91e6a1d4cb">
      <Execution id="998feea1-97d4-473f-af4e-83101db92a73" />
      <TestMethod codeBase="D:\actions-runner\_work\XPCO\XPCO\Corporate\VideoOS.Server.UnitTests\bin\x64\Debug\net472\VideoOS.Server.UnitTests.dll" adapterTypeName="executor://mstestadapter/v2" className="VideoOS.Server.UnitTests.TaskControllerTests" name="UpdateRecorderTaskProgress_ModelIsValid_Executed" />
    </UnitTest>
    <UnitTest name="TemporaryDeviceLicense_Ctor_DateTimeMaxValue_ArgumentException" storage="d:\actions-runner\_work\xpco\xpco\corporate\videoos.server.unittests\bin\x64\debug\net472\videoos.server.unittests.dll" id="d4230149-10c4-6faa-9ee6-ef77ef11a13e">
      <TestCategory>
        <TestCategoryItem TestCategory="Licensing" />
      </TestCategory>
      <Execution id="50a6e1e6-4c94-4076-a601-b2c3b51e46b8" />
      <TestMethod codeBase="D:\actions-runner\_work\XPCO\XPCO\Corporate\VideoOS.Server.UnitTests\bin\x64\Debug\net472\VideoOS.Server.UnitTests.dll" adapterTypeName="executor://mstestadapter/v2" className="VideoOS.Server.UnitTests.Licensing.HardwareLicensesUnitTests" name="TemporaryDeviceLicense_Ctor_DateTimeMaxValue_ArgumentException" />
    </UnitTest>
    <UnitTest name="ReleasePtzSessionResponse_ModelIsNull_BadRequestResult" storage="d:\actions-runner\_work\xpco\xpco\corporate\videoos.server.unittests\bin\x64\debug\net472\videoos.server.unittests.dll" id="77d3fe13-3564-015d-7a4f-d66cf1691384">
      <Execution id="9d441691-388e-45a3-97d0-cdb409834225" />
      <TestMethod codeBase="D:\actions-runner\_work\XPCO\XPCO\Corporate\VideoOS.Server.UnitTests\bin\x64\Debug\net472\VideoOS.Server.UnitTests.dll" adapterTypeName="executor://mstestadapter/v2" className="VideoOS.Server.UnitTests.WebApi.ResponseControllerTest" name="ReleasePtzSessionResponse_ModelIsNull_BadRequestResult" />
    </UnitTest>
    <UnitTest name="ReportMediaCommittedToDatabaseCommand_ModelIsNull_BadRequestResult" storage="d:\actions-runner\_work\xpco\xpco\corporate\videoos.server.unittests\bin\x64\debug\net472\videoos.server.unittests.dll" id="e9119cfc-3c5c-fe36-feac-3d5dd77582ef">
      <Execution id="0a674c5e-e180-4a5a-9f89-d2058dbc422e" />
      <TestMethod codeBase="D:\actions-runner\_work\XPCO\XPCO\Corporate\VideoOS.Server.UnitTests\bin\x64\Debug\net472\VideoOS.Server.UnitTests.dll" adapterTypeName="executor://mstestadapter/v2" className="VideoOS.Server.UnitTests.DatabaseCommandsControllerTests" name="ReportMediaCommittedToDatabaseCommand_ModelIsNull_BadRequestResult" />
    </UnitTest>
    <UnitTest name="HardwareScanTaskCommandHandler_Execute_StartSession_FailResponse" storage="d:\actions-runner\_work\xpco\xpco\corporate\videoos.server.unittests\bin\x64\debug\net472\videoos.server.unittests.dll" id="a3f25151-fd8f-743f-8175-ed7cfff85002">
      <Execution id="a5b984d2-d79d-4315-983e-cbd0391a81c5" />
      <TestMethod codeBase="D:\actions-runner\_work\XPCO\XPCO\Corporate\VideoOS.Server.UnitTests\bin\x64\Debug\net472\VideoOS.Server.UnitTests.dll" adapterTypeName="executor://mstestadapter/v2" className="VideoOS.Server.UnitTests.CommandHandler.HardwareScanTaskCommandHandlerTest" name="HardwareScanTaskCommandHandler_Execute_StartSession_FailResponse" />
    </UnitTest>
    <UnitTest name="Statuses_ResetAfterAddingMultipleLicenses_StatusAreReset_Success" storage="d:\actions-runner\_work\xpco\xpco\corporate\videoos.server.unittests\bin\x64\debug\net472\videoos.server.unittests.dll" id="97c60378-ba41-a96a-7d0f-7a6c00e44a44">
      <Execution id="1b67f853-9a26-447f-93c2-4cb083d33714" />
      <TestMethod codeBase="D:\actions-runner\_work\XPCO\XPCO\Corporate\VideoOS.Server.UnitTests\bin\x64\Debug\net472\VideoOS.Server.UnitTests.dll" adapterTypeName="executor://mstestadapter/v2" className="VideoOS.Server.UnitTests.Licensing.LicenseSnapshotTests" name="Statuses_ResetAfterAddingMultipleLicenses_StatusAreReset_Success" />
    </UnitTest>
    <UnitTest name="WriteRecordingServerInformation_SameHardwareOnThreeRecordingServers_ContainsRecordingServerData" storage="d:\actions-runner\_work\xpco\xpco\corporate\videoos.server.unittests\bin\x64\debug\net472\videoos.server.unittests.dll" id="91992f85-0681-08ed-2e87-5d2fb5b81924">
      <TestCategory>
        <TestCategoryItem TestCategory="Licensing" />
      </TestCategory>
      <Execution id="5254f2b2-0c16-4fe5-9c6a-42d0468871c0" />
      <TestMethod codeBase="D:\actions-runner\_work\XPCO\XPCO\Corporate\VideoOS.Server.UnitTests\bin\x64\Debug\net472\VideoOS.Server.UnitTests.dll" adapterTypeName="executor://mstestadapter/v2" className="VideoOS.Server.UnitTests.Licensing.LicenseRequestChannelTests" name="WriteRecordingServerInformation_SameHardwareOnThreeRecordingServers_ContainsRecordingServerData" />
    </UnitTest>
    <UnitTest name="LicenseCountManager_FindActiveHardwareInChangesWithoutActivation_ReturnsListOfMacs_OnActiveHardwareInChanges" storage="d:\actions-runner\_work\xpco\xpco\corporate\videoos.server.unittests\bin\x64\debug\net472\videoos.server.unittests.dll" id="04320c81-7ccf-f4d3-d4b7-3cbe736a791c">
      <TestCategory>
        <TestCategoryItem TestCategory="Licensing" />
      </TestCategory>
      <Execution id="f7d4c9e1-6e2c-46a9-8b61-774acd1789d3" />
      <TestMethod codeBase="D:\actions-runner\_work\XPCO\XPCO\Corporate\VideoOS.Server.UnitTests\bin\x64\Debug\net472\VideoOS.Server.UnitTests.dll" adapterTypeName="executor://mstestadapter/v2" className="VideoOS.Server.UnitTests.Licensing.LicenseCountManagerUnitTests" name="LicenseCountManager_FindActiveHardwareInChangesWithoutActivation_ReturnsListOfMacs_OnActiveHardwareInChanges" />
    </UnitTest>
    <UnitTest name="EdgeJobUpdatedCommand_ModelIsValid_CommandExecuted" storage="d:\actions-runner\_work\xpco\xpco\corporate\videoos.server.unittests\bin\x64\debug\net472\videoos.server.unittests.dll" id="09109cdb-3848-8d5b-1673-eb704ba69421">
      <Execution id="4da05a80-4179-47e3-a861-c28bbb7d242f" />
      <TestMethod codeBase="D:\actions-runner\_work\XPCO\XPCO\Corporate\VideoOS.Server.UnitTests\bin\x64\Debug\net472\VideoOS.Server.UnitTests.dll" adapterTypeName="executor://mstestadapter/v2" className="VideoOS.Server.UnitTests.DatabaseCommandsControllerTests" name="EdgeJobUpdatedCommand_ModelIsValid_CommandExecuted" />
    </UnitTest>
    <UnitTest name="HardwareActivatedNotOnWhiteList_ReplacedWithNoInheritance_HardwareOnWhiteList_CWAAllowed_NewHardwareInCWA" storage="d:\actions-runner\_work\xpco\xpco\corporate\videoos.server.unittests\bin\x64\debug\net472\videoos.server.unittests.dll" id="d7c85921-f6b2-47f3-a1fc-3cb3d85f1761">
      <TestCategory>
        <TestCategoryItem TestCategory="Licensing Replace Hardware" />
        <TestCategoryItem TestCategory="Licensing" />
      </TestCategory>
      <Execution id="792913dc-c33a-448d-a838-ce572ba4ebc6" />
      <TestMethod codeBase="D:\actions-runner\_work\XPCO\XPCO\Corporate\VideoOS.Server.UnitTests\bin\x64\Debug\net472\VideoOS.Server.UnitTests.dll" adapterTypeName="executor://mstestadapter/v2" className="VideoOS.Server.UnitTests.Licensing.LicenseAllocatorChannelTests" name="HardwareActivatedNotOnWhiteList_ReplacedWithNoInheritance_HardwareOnWhiteList_CWAAllowed_NewHardwareInCWA" />
    </UnitTest>
    <UnitTest name="UpdateLicense_AllocatesOneGraceLicense_OnSameHwOnTwoRecordingServers_WithSecondHwEmpty" storage="d:\actions-runner\_work\xpco\xpco\corporate\videoos.server.unittests\bin\x64\debug\net472\videoos.server.unittests.dll" id="221fd461-d9e0-38c0-74af-0b4a047e67c3">
      <TestCategory>
        <TestCategoryItem TestCategory="Licensing" />
      </TestCategory>
      <Execution id="6df28ebf-29e1-4c10-b32d-9e4695c53e62" />
      <TestMethod codeBase="D:\actions-runner\_work\XPCO\XPCO\Corporate\VideoOS.Server.UnitTests\bin\x64\Debug\net472\VideoOS.Server.UnitTests.dll" adapterTypeName="executor://mstestadapter/v2" className="VideoOS.Server.UnitTests.Licensing.LicenseManagerUnitTests" name="UpdateLicense_AllocatesOneGraceLicense_OnSameHwOnTwoRecordingServers_WithSecondHwEmpty" />
    </UnitTest>
    <UnitTest name="LicenseCountManager_CameraFeed_Get_Set_CameraFeedLicenseValue" storage="d:\actions-runner\_work\xpco\xpco\corporate\videoos.server.unittests\bin\x64\debug\net472\videoos.server.unittests.dll" id="aab282aa-ad90-6e2a-3ce9-e3773114a944">
      <Execution id="3ee9fac3-57e5-4e4c-b375-7c284f237e33" />
      <TestMethod codeBase="D:\actions-runner\_work\XPCO\XPCO\Corporate\VideoOS.Server.UnitTests\bin\x64\Debug\net472\VideoOS.Server.UnitTests.dll" adapterTypeName="executor://mstestadapter/v2" className="VideoOS.Server.UnitTests.Licensing.LicenseCountManagerUnitTests" name="LicenseCountManager_CameraFeed_Get_Set_CameraFeedLicenseValue" />
    </UnitTest>
    <UnitTest name="AllocateLicenses_FourLicensesUsed_OnFourHardwareWithTwoLicensedOneGraceAndFourLicenses" storage="d:\actions-runner\_work\xpco\xpco\corporate\videoos.server.unittests\bin\x64\debug\net472\videoos.server.unittests.dll" id="d8f4590a-d691-b8bc-3b9d-7fe3eabd6a0f">
      <TestCategory>
        <TestCategoryItem TestCategory="Licensing" />
      </TestCategory>
      <Execution id="e1ba806b-cbf8-4579-bf05-f3b0c19905f6" />
      <TestMethod codeBase="D:\actions-runner\_work\XPCO\XPCO\Corporate\VideoOS.Server.UnitTests\bin\x64\Debug\net472\VideoOS.Server.UnitTests.dll" adapterTypeName="executor://mstestadapter/v2" className="VideoOS.Server.UnitTests.Licensing.LicenseAllocatorHardwareTests" name="AllocateLicenses_FourLicensesUsed_OnFourHardwareWithTwoLicensedOneGraceAndFourLicenses" />
    </UnitTest>
    <UnitTest name="UpdateHardwareTaskCommandHandler_Apply_Added_Tests" storage="d:\actions-runner\_work\xpco\xpco\corporate\videoos.server.unittests\bin\x64\debug\net472\videoos.server.unittests.dll" id="268ae14c-20cc-e72a-0840-6050273b0f8d">
      <Execution id="95266cf2-cee8-463d-bacf-ccafdbdde55a" />
      <TestMethod codeBase="D:\actions-runner\_work\XPCO\XPCO\Corporate\VideoOS.Server.UnitTests\bin\x64\Debug\net472\VideoOS.Server.UnitTests.dll" adapterTypeName="executor://mstestadapter/v2" className="VideoOS.Server.UnitTests.CommandHandler.UpdateHardwareTaskHandlerTests" name="UpdateHardwareTaskCommandHandler_Apply_Added_Tests" />
    </UnitTest>
    <UnitTest name="EvidenceLockOnOldRecorderCommandHandlerTests_NoReorders" storage="d:\actions-runner\_work\xpco\xpco\corporate\videoos.server.unittests\bin\x64\debug\net472\videoos.server.unittests.dll" id="bb5a8254-7143-4f04-4125-1f3496dadd8f">
      <Execution id="94815a25-c93b-4dce-abb4-de64d8eadcc6" />
      <TestMethod codeBase="D:\actions-runner\_work\XPCO\XPCO\Corporate\VideoOS.Server.UnitTests\bin\x64\Debug\net472\VideoOS.Server.UnitTests.dll" adapterTypeName="executor://mstestadapter/v2" className="VideoOS.Server.UnitTests.CommandHandler.EvidenceLockOnOldRecorderCommandHandlerTests" name="EvidenceLockOnOldRecorderCommandHandlerTests_NoReorders" />
    </UnitTest>
    <UnitTest name="Validate_LicenseCalculatorContainsAllHardwareFromAllRecordingServers_MissingLicenses_Success" storage="d:\actions-runner\_work\xpco\xpco\corporate\videoos.server.unittests\bin\x64\debug\net472\videoos.server.unittests.dll" id="a8a706ab-7d38-3714-d35e-f323270938a5">
      <Execution id="8616dff7-ee1e-47f7-a298-e25b6d32740a" />
      <TestMethod codeBase="D:\actions-runner\_work\XPCO\XPCO\Corporate\VideoOS.Server.UnitTests\bin\x64\Debug\net472\VideoOS.Server.UnitTests.dll" adapterTypeName="executor://mstestadapter/v2" className="VideoOS.Server.UnitTests.Licensing.LicenseInfoXmlWriterTests" name="Validate_LicenseCalculatorContainsAllHardwareFromAllRecordingServers_MissingLicenses_Success" />
    </UnitTest>
    <UnitTest name="FindHardware_NullMac_Throws_ArgumentNullException" storage="d:\actions-runner\_work\xpco\xpco\corporate\videoos.server.unittests\bin\x64\debug\net472\videoos.server.unittests.dll" id="2dc2397e-fec1-ff28-69c4-c3ca71255333">
      <Execution id="e1fbfc1a-c6ed-4bba-9548-5d29f1a55b1b" />
      <TestMethod codeBase="D:\actions-runner\_work\XPCO\XPCO\Corporate\VideoOS.Server.UnitTests\bin\x64\Debug\net472\VideoOS.Server.UnitTests.dll" adapterTypeName="executor://mstestadapter/v2" className="VideoOS.Server.UnitTests.Licensing.LicenseSnapshotTests" name="FindHardware_NullMac_Throws_ArgumentNullException" />
    </UnitTest>
    <UnitTest name="HardwareInCWAOnWhiteList_ReplacedWithInheritance_HardwareOnWhiteList_MixedCWAAllowed_MoreChannelsOnReplacedHardware_NewHardwareInCWA" storage="d:\actions-runner\_work\xpco\xpco\corporate\videoos.server.unittests\bin\x64\debug\net472\videoos.server.unittests.dll" id="2425ff1f-83c9-5b42-2eb7-4223c7e8e9eb">
      <TestCategory>
        <TestCategoryItem TestCategory="Licensing Replace Hardware" />
        <TestCategoryItem TestCategory="Licensing" />
      </TestCategory>
      <Execution id="d5092ded-8aa0-42f4-a9ce-4cb8537ce43c" />
      <TestMethod codeBase="D:\actions-runner\_work\XPCO\XPCO\Corporate\VideoOS.Server.UnitTests\bin\x64\Debug\net472\VideoOS.Server.UnitTests.dll" adapterTypeName="executor://mstestadapter/v2" className="VideoOS.Server.UnitTests.Licensing.LicenseAllocatorChannelTests" name="HardwareInCWAOnWhiteList_ReplacedWithInheritance_HardwareOnWhiteList_MixedCWAAllowed_MoreChannelsOnReplacedHardware_NewHardwareInCWA" />
    </UnitTest>
    <UnitTest name="ChannelLicenseCountManager_CameraFeed_GetCameraFeedsUsed_Success" storage="d:\actions-runner\_work\xpco\xpco\corporate\videoos.server.unittests\bin\x64\debug\net472\videoos.server.unittests.dll" id="675e73d1-3945-adc3-d391-6ec467a90be9">
      <TestCategory>
        <TestCategoryItem TestCategory="Licensing" />
      </TestCategory>
      <Execution id="a96d6fb4-b9e6-45d6-8919-15331112eb8e" />
      <TestMethod codeBase="D:\actions-runner\_work\XPCO\XPCO\Corporate\VideoOS.Server.UnitTests\bin\x64\Debug\net472\VideoOS.Server.UnitTests.dll" adapterTypeName="executor://mstestadapter/v2" className="VideoOS.Server.UnitTests.Licensing.LicenseCountManagerUnitTests" name="ChannelLicenseCountManager_CameraFeed_GetCameraFeedsUsed_Success" />
    </UnitTest>
    <UnitTest name="MoveHardwareTaskCommandHandler_Execute_QueryHardwareById_ReturnNull_FailResponse_HardwareNotFound" storage="d:\actions-runner\_work\xpco\xpco\corporate\videoos.server.unittests\bin\x64\debug\net472\videoos.server.unittests.dll" id="2b04f178-71af-3f70-144c-088850ff5a57">
      <Execution id="b1760708-2d86-4881-ba38-dda8f796cd9e" />
      <TestMethod codeBase="D:\actions-runner\_work\XPCO\XPCO\Corporate\VideoOS.Server.UnitTests\bin\x64\Debug\net472\VideoOS.Server.UnitTests.dll" adapterTypeName="executor://mstestadapter/v2" className="VideoOS.Server.UnitTests.CommandHandler.MoveHardwareTaskCommandHandlerTests" name="MoveHardwareTaskCommandHandler_Execute_QueryHardwareById_ReturnNull_FailResponse_HardwareNotFound" />
    </UnitTest>
    <UnitTest name="AnalyzeAndCreateAuditLogs_AddedSecurityPermissionsDeviceRowWithDEVICESPEAKPRIORITYAtrribute_ReturnsTwoAuditLog" storage="d:\actions-runner\_work\xpco\xpco\corporate\videoos.server.unittests\bin\x64\debug\net472\videoos.server.unittests.dll" id="219ef644-4b9e-0020-5a88-34072b9491cd">
      <Execution id="60f472d2-7ad6-4840-ad48-5ff487a26caa" />
      <TestMethod codeBase="D:\actions-runner\_work\XPCO\XPCO\Corporate\VideoOS.Server.UnitTests\bin\x64\Debug\net472\VideoOS.Server.UnitTests.dll" adapterTypeName="executor://mstestadapter/v2" className="VideoOS.Server.UnitTests.CommandHandler.DataSetAuditLogAnalyzerTests" name="AnalyzeAndCreateAuditLogs_AddedSecurityPermissionsDeviceRowWithDEVICESPEAKPRIORITYAtrribute_ReturnsTwoAuditLog" />
    </UnitTest>
    <UnitTest name="LicenseCountManager_ValidateRelatedRecordingServerLicenses_IdentifiesRecordersRequiringUpdate_WhenCWAExceeded_Success" storage="d:\actions-runner\_work\xpco\xpco\corporate\videoos.server.unittests\bin\x64\debug\net472\videoos.server.unittests.dll" id="8402c0e3-b6c7-2078-2393-e75d1e1013c0">
      <TestCategory>
        <TestCategoryItem TestCategory="Licensing" />
      </TestCategory>
      <Execution id="4806af9e-d6d8-4d7b-a803-1b0b761dc9ba" />
      <TestMethod codeBase="D:\actions-runner\_work\XPCO\XPCO\Corporate\VideoOS.Server.UnitTests\bin\x64\Debug\net472\VideoOS.Server.UnitTests.dll" adapterTypeName="executor://mstestadapter/v2" className="VideoOS.Server.UnitTests.Licensing.LicenseCountManagerUnitTests" name="LicenseCountManager_ValidateRelatedRecordingServerLicenses_IdentifiesRecordersRequiringUpdate_WhenCWAExceeded_Success" />
    </UnitTest>
    <UnitTest name="IsActivationNeeded_True_ICP_DeviceReplaced" storage="d:\actions-runner\_work\xpco\xpco\corporate\videoos.server.unittests\bin\x64\debug\net472\videoos.server.unittests.dll" id="63f6badc-75ca-49e3-34dc-16f32740f2dc">
      <TestCategory>
        <TestCategoryItem TestCategory="Licensing" />
      </TestCategory>
      <Execution id="731444f8-96a7-4221-8eb4-c3f7946a41e5" />
      <TestMethod codeBase="D:\actions-runner\_work\XPCO\XPCO\Corporate\VideoOS.Server.UnitTests\bin\x64\Debug\net472\VideoOS.Server.UnitTests.dll" adapterTypeName="executor://mstestadapter/v2" className="VideoOS.Server.UnitTests.Licensing.LicenseManagerUnitTests" name="IsActivationNeeded_True_ICP_DeviceReplaced" />
    </UnitTest>
    <UnitTest name="ConfigurationDataSetLoader_GetDeviceGroupMembersByDeviceGroupId_Success" storage="d:\actions-runner\_work\xpco\xpco\corporate\videoos.server.unittests\bin\x64\debug\net472\videoos.server.unittests.dll" id="df5249a5-4b98-4ee8-4fcd-b548b558933a">
      <Execution id="3b2f648a-e812-4dfa-b76a-d7a2ea2c378e" />
      <TestMethod codeBase="D:\actions-runner\_work\XPCO\XPCO\Corporate\VideoOS.Server.UnitTests\bin\x64\Debug\net472\VideoOS.Server.UnitTests.dll" adapterTypeName="executor://mstestadapter/v2" className="VideoOS.Server.UnitTests.Configuration.ConfigurationDataSetLoaderTests" name="ConfigurationDataSetLoader_GetDeviceGroupMembersByDeviceGroupId_Success" />
    </UnitTest>
    <UnitTest name="ChangeHardwarePasswordRuleAction_Execute_TaskBuilderConstructionThrows_NoCompletedEventTriggered" storage="d:\actions-runner\_work\xpco\xpco\corporate\videoos.server.unittests\bin\x64\debug\net472\videoos.server.unittests.dll" id="b64882b3-19e4-9ecc-6883-3b3c764a650b">
      <Execution id="c7d983a5-ff32-4dc5-9451-0de380e178b4" />
      <TestMethod codeBase="D:\actions-runner\_work\XPCO\XPCO\Corporate\VideoOS.Server.UnitTests\bin\x64\Debug\net472\VideoOS.Server.UnitTests.dll" adapterTypeName="executor://mstestadapter/v2" className="VideoOS.Server.UnitTests.RuleActions.ChangeHardwarePasswordRuleActionUnitTests" name="ChangeHardwarePasswordRuleAction_Execute_TaskBuilderConstructionThrows_NoCompletedEventTriggered" />
    </UnitTest>
    <UnitTest name="UpdateSLC_ReturnsValidSLC_ValidLicenseWithEmptyWhiteList" storage="d:\actions-runner\_work\xpco\xpco\corporate\videoos.server.unittests\bin\x64\debug\net472\videoos.server.unittests.dll" id="eef8fe52-ade5-fee8-4100-d6d4d79ef170">
      <TestCategory>
        <TestCategoryItem TestCategory="Licensing" />
      </TestCategory>
      <Execution id="bb8c9bf5-5558-475b-8cd8-7f71ebf4858e" />
      <TestMethod codeBase="D:\actions-runner\_work\XPCO\XPCO\Corporate\VideoOS.Server.UnitTests\bin\x64\Debug\net472\VideoOS.Server.UnitTests.dll" adapterTypeName="executor://mstestadapter/v2" className="VideoOS.Server.UnitTests.Licensing.LicenseRequestChannelTests" name="UpdateSLC_ReturnsValidSLC_ValidLicenseWithEmptyWhiteList" />
    </UnitTest>
    <UnitTest name="ServerAccessTokenHandler_PopulateAuthorizationHeaderAsync_ArgumentNullException" storage="d:\actions-runner\_work\xpco\xpco\corporate\videoos.server.unittests\bin\x64\debug\net472\videoos.server.unittests.dll" id="d8429968-d99d-6cb6-df2c-d60230c77ebe">
      <Execution id="1ca8890d-698d-4587-8daa-a4bc356d2e7e" />
      <TestMethod codeBase="D:\actions-runner\_work\XPCO\XPCO\Corporate\VideoOS.Server.UnitTests\bin\x64\Debug\net472\VideoOS.Server.UnitTests.dll" adapterTypeName="executor://mstestadapter/v2" className="VideoOS.Server.UnitTests.RecorderCommunication.ServerAccessTokenHandlerTests" name="ServerAccessTokenHandler_PopulateAuthorizationHeaderAsync_ArgumentNullException" />
    </UnitTest>
    <UnitTest name="ProcessConfigurationChangeTasks_InsertInsertInsert_Batched" storage="d:\actions-runner\_work\xpco\xpco\corporate\videoos.server.unittests\bin\x64\debug\net472\videoos.server.unittests.dll" id="214f301d-5456-578f-878e-6cb88da187c1">
      <Execution id="eba54b53-6519-4437-bc96-f0377fd70a18" />
      <TestMethod codeBase="D:\actions-runner\_work\XPCO\XPCO\Corporate\VideoOS.Server.UnitTests\bin\x64\Debug\net472\VideoOS.Server.UnitTests.dll" adapterTypeName="executor://mstestadapter/v2" className="VideoOS.Server.UnitTests.Tasks.ServerTaskBatchHandlerUnitTests" name="ProcessConfigurationChangeTasks_InsertInsertInsert_Batched" />
    </UnitTest>
    <UnitTest name="DeleteHardwareTaskCommandHandler_Execute_Arguments_Null_Throws" storage="d:\actions-runner\_work\xpco\xpco\corporate\videoos.server.unittests\bin\x64\debug\net472\videoos.server.unittests.dll" id="48798009-0aef-c37c-cb98-e8d434cb000c">
      <Execution id="1d37ec5b-3a9d-4520-bcbf-70f8823992fa" />
      <TestMethod codeBase="D:\actions-runner\_work\XPCO\XPCO\Corporate\VideoOS.Server.UnitTests\bin\x64\Debug\net472\VideoOS.Server.UnitTests.dll" adapterTypeName="executor://mstestadapter/v2" className="VideoOS.Server.UnitTests.CommandHandler.DeleteHardwareTaskCommandHandlerTest" name="DeleteHardwareTaskCommandHandler_Execute_Arguments_Null_Throws" />
    </UnitTest>
    <UnitTest name="ChangeHardwarePasswordRuleAction_Execute_SunnyDay_NoErrorsLogged" storage="d:\actions-runner\_work\xpco\xpco\corporate\videoos.server.unittests\bin\x64\debug\net472\videoos.server.unittests.dll" id="3aa1a87d-4a9a-4c65-66ef-790cfaf82e83">
      <Execution id="e6250f9e-9bf0-4fbb-b216-feca5f403fb7" />
      <TestMethod codeBase="D:\actions-runner\_work\XPCO\XPCO\Corporate\VideoOS.Server.UnitTests\bin\x64\Debug\net472\VideoOS.Server.UnitTests.dll" adapterTypeName="executor://mstestadapter/v2" className="VideoOS.Server.UnitTests.RuleActions.ChangeHardwarePasswordRuleActionUnitTests" name="ChangeHardwarePasswordRuleAction_Execute_SunnyDay_NoErrorsLogged" />
    </UnitTest>
    <UnitTest name="UpdateHardwareTaskCommandHandler_Clone_Tests" storage="d:\actions-runner\_work\xpco\xpco\corporate\videoos.server.unittests\bin\x64\debug\net472\videoos.server.unittests.dll" id="d9b310d6-231e-7ba2-ac73-829ade7ebc19">
      <Execution id="22fc80c8-1bac-47a6-889e-efa564a65fbb" />
      <TestMethod codeBase="D:\actions-runner\_work\XPCO\XPCO\Corporate\VideoOS.Server.UnitTests\bin\x64\Debug\net472\VideoOS.Server.UnitTests.dll" adapterTypeName="executor://mstestadapter/v2" className="VideoOS.Server.UnitTests.CommandHandler.UpdateHardwareTaskHandlerTests" name="UpdateHardwareTaskCommandHandler_Clone_Tests" />
    </UnitTest>
    <UnitTest name="AllocateLicense_5Available_OneHardware_AlreadyLicensedInLicFile_SufficientCameraCountInLicenseFileForHardwareCameraFeeds" storage="d:\actions-runner\_work\xpco\xpco\corporate\videoos.server.unittests\bin\x64\debug\net472\videoos.server.unittests.dll" id="83a7296c-e486-b9d7-1922-2ba57eeed087">
      <TestCategory>
        <TestCategoryItem TestCategory="Licensing" />
      </TestCategory>
      <Execution id="89ce1d2f-81e1-4a22-bf41-f844e419967b" />
      <TestMethod codeBase="D:\actions-runner\_work\XPCO\XPCO\Corporate\VideoOS.Server.UnitTests\bin\x64\Debug\net472\VideoOS.Server.UnitTests.dll" adapterTypeName="executor://mstestadapter/v2" className="VideoOS.Server.UnitTests.Licensing.LicenseAllocatorChannelTests" name="AllocateLicense_5Available_OneHardware_AlreadyLicensedInLicFile_SufficientCameraCountInLicenseFileForHardwareCameraFeeds" />
    </UnitTest>
    <UnitTest name="AllocateLicenses_NotActivated_OneDevice_SixDisabledCameraChannels_LicenseCountFive_ReplacementAllowed_DeviceWithoutEnabledCamera" storage="d:\actions-runner\_work\xpco\xpco\corporate\videoos.server.unittests\bin\x64\debug\net472\videoos.server.unittests.dll" id="174c703d-40da-6a58-da7e-28265b185aac">
      <TestCategory>
        <TestCategoryItem TestCategory="Licensing" />
      </TestCategory>
      <Execution id="78275ef2-e4bd-46d1-b683-9c50e943127f" />
      <TestMethod codeBase="D:\actions-runner\_work\XPCO\XPCO\Corporate\VideoOS.Server.UnitTests\bin\x64\Debug\net472\VideoOS.Server.UnitTests.dll" adapterTypeName="executor://mstestadapter/v2" className="VideoOS.Server.UnitTests.Licensing.LicenseAllocatorChannelTests" name="AllocateLicenses_NotActivated_OneDevice_SixDisabledCameraChannels_LicenseCountFive_ReplacementAllowed_DeviceWithoutEnabledCamera" />
    </UnitTest>
    <UnitTest name="TemporaryLicenseStorage_FindDevicesWithPreviousYearTokens_ReturnsDevicesWithPreviousYearTokens" storage="d:\actions-runner\_work\xpco\xpco\corporate\videoos.server.unittests\bin\x64\debug\net472\videoos.server.unittests.dll" id="360a5b69-84c6-d741-05e8-229f4567bfb3">
      <TestCategory>
        <TestCategoryItem TestCategory="Licensing" />
      </TestCategory>
      <Execution id="789e0ead-34db-407a-ad9a-a0a4464b2665" />
      <TestMethod codeBase="D:\actions-runner\_work\XPCO\XPCO\Corporate\VideoOS.Server.UnitTests\bin\x64\Debug\net472\VideoOS.Server.UnitTests.dll" adapterTypeName="executor://mstestadapter/v2" className="VideoOS.Server.UnitTests.Licensing.TemporaryLicenseStorageUnitTests" name="TemporaryLicenseStorage_FindDevicesWithPreviousYearTokens_ReturnsDevicesWithPreviousYearTokens" />
    </UnitTest>
    <UnitTest name="ReplaceHardwareTaskCommandHandler_DeviceMapper_Success_MoreNewDevices_Test" storage="d:\actions-runner\_work\xpco\xpco\corporate\videoos.server.unittests\bin\x64\debug\net472\videoos.server.unittests.dll" id="dfef0bc9-5b28-b15e-34f4-f60cc9b1bf7e">
      <Execution id="77faf9fc-382c-496a-a52b-34daa913f555" />
      <TestMethod codeBase="D:\actions-runner\_work\XPCO\XPCO\Corporate\VideoOS.Server.UnitTests\bin\x64\Debug\net472\VideoOS.Server.UnitTests.dll" adapterTypeName="executor://mstestadapter/v2" className="VideoOS.Server.UnitTests.CommandHandler.ReplaceHardwareTaskCommandHandlerUnitTests" name="ReplaceHardwareTaskCommandHandler_DeviceMapper_Success_MoreNewDevices_Test" />
    </UnitTest>
    <UnitTest name="CurrentVersions_ModelValid_RecorderNotFoundException_Handled" storage="d:\actions-runner\_work\xpco\xpco\corporate\videoos.server.unittests\bin\x64\debug\net472\videoos.server.unittests.dll" id="64c0f610-40c2-8236-7cd7-4fc9ef7634b2">
      <Execution id="a721600d-5ac9-4db7-ba71-2505075c8836" />
      <TestMethod codeBase="D:\actions-runner\_work\XPCO\XPCO\Corporate\VideoOS.Server.UnitTests\bin\x64\Debug\net472\VideoOS.Server.UnitTests.dll" adapterTypeName="executor://mstestadapter/v2" className="VideoOS.Server.UnitTests.ConfigurationControllerTests" name="CurrentVersions_ModelValid_RecorderNotFoundException_Handled" />
    </UnitTest>
    <UnitTest name="ChangeHardwarePasswordTaskCommandHandler_Execute_Failed_NoResponse" storage="d:\actions-runner\_work\xpco\xpco\corporate\videoos.server.unittests\bin\x64\debug\net472\videoos.server.unittests.dll" id="3be51c51-c709-c67b-75c9-3ba3e2cef999">
      <Execution id="62c87d33-c834-42ea-8de0-e77bc08438ee" />
      <TestMethod codeBase="D:\actions-runner\_work\XPCO\XPCO\Corporate\VideoOS.Server.UnitTests\bin\x64\Debug\net472\VideoOS.Server.UnitTests.dll" adapterTypeName="executor://mstestadapter/v2" className="VideoOS.Server.UnitTests.CommandHandler.ChangeHardwarePasswordTaskCommandHandlerTests" name="ChangeHardwarePasswordTaskCommandHandler_Execute_Failed_NoResponse" />
    </UnitTest>
    <UnitTest name="ChangesWithoutActivation_AppearsActivated_GraceDevicesEnterCWA_AfterOneYear" storage="d:\actions-runner\_work\xpco\xpco\corporate\videoos.server.unittests\bin\x64\debug\net472\videoos.server.unittests.dll" id="2e3b4342-1265-efa1-b8b0-a70d9afa0a25">
      <TestCategory>
        <TestCategoryItem TestCategory="Licensing" />
      </TestCategory>
      <Execution id="176ea3c3-1b2c-44b7-a3f6-8daa424cca5b" />
      <TestMethod codeBase="D:\actions-runner\_work\XPCO\XPCO\Corporate\VideoOS.Server.UnitTests\bin\x64\Debug\net472\VideoOS.Server.UnitTests.dll" adapterTypeName="executor://mstestadapter/v2" className="VideoOS.Server.UnitTests.Licensing.LicenseAllocatorChannelTests" name="ChangesWithoutActivation_AppearsActivated_GraceDevicesEnterCWA_AfterOneYear" />
    </UnitTest>
    <UnitTest name="AnalyzeAndCreateAuditLogs_AddedSecurityPermissionsMatrixRow_ReturnsOneAuditLog" storage="d:\actions-runner\_work\xpco\xpco\corporate\videoos.server.unittests\bin\x64\debug\net472\videoos.server.unittests.dll" id="aab3a971-947d-ce24-4dfc-ab6ad28ff8a7">
      <Execution id="1cbb0719-090e-4357-a724-e7744eec3760" />
      <TestMethod codeBase="D:\actions-runner\_work\XPCO\XPCO\Corporate\VideoOS.Server.UnitTests\bin\x64\Debug\net472\VideoOS.Server.UnitTests.dll" adapterTypeName="executor://mstestadapter/v2" className="VideoOS.Server.UnitTests.CommandHandler.DataSetAuditLogAnalyzerTests" name="AnalyzeAndCreateAuditLogs_AddedSecurityPermissionsMatrixRow_ReturnsOneAuditLog" />
    </UnitTest>
    <UnitTest name="SetupInitialHardwareUserCommandHandler_Execute_ReturnsRecorderUnavailableResponseOnRecorderNotConnected" storage="d:\actions-runner\_work\xpco\xpco\corporate\videoos.server.unittests\bin\x64\debug\net472\videoos.server.unittests.dll" id="a78851f4-5cf1-c03b-d540-692422a608d7">
      <Execution id="9c7b885a-8597-4e7d-94a7-5b95323202b1" />
      <TestMethod codeBase="D:\actions-runner\_work\XPCO\XPCO\Corporate\VideoOS.Server.UnitTests\bin\x64\Debug\net472\VideoOS.Server.UnitTests.dll" adapterTypeName="executor://mstestadapter/v2" className="VideoOS.Server.UnitTests.CommandHandler.SetupInitialHardwareUserCommandHandlerUnitTests" name="SetupInitialHardwareUserCommandHandler_Execute_ReturnsRecorderUnavailableResponseOnRecorderNotConnected" />
    </UnitTest>
    <UnitTest name="FromXml_Works_OnOlderVersionOfXml" storage="d:\actions-runner\_work\xpco\xpco\corporate\videoos.server.unittests\bin\x64\debug\net472\videoos.server.unittests.dll" id="5b605aec-b02a-0133-abcb-81fdaaea0f58">
      <TestCategory>
        <TestCategoryItem TestCategory="Licensing" />
      </TestCategory>
      <Execution id="388a9ef0-c3c8-4015-bfba-344f56040e27" />
      <TestMethod codeBase="D:\actions-runner\_work\XPCO\XPCO\Corporate\VideoOS.Server.UnitTests\bin\x64\Debug\net472\VideoOS.Server.UnitTests.dll" adapterTypeName="executor://mstestadapter/v2" className="VideoOS.Server.UnitTests.Licensing.LicenseInformationUnitTests" name="FromXml_Works_OnOlderVersionOfXml" />
    </UnitTest>
    <UnitTest name="HardwareInCWANotOnWhiteList_ReplacedWithInheritance_HardwareNotOnWhiteList_CWAAllowed_FewerChannelsOnReplacedHardware_AllDevicesInCWA" storage="d:\actions-runner\_work\xpco\xpco\corporate\videoos.server.unittests\bin\x64\debug\net472\videoos.server.unittests.dll" id="b2f60de8-b346-fdf9-57cb-eefc4dabd6ec">
      <TestCategory>
        <TestCategoryItem TestCategory="Licensing Replace Hardware" />
        <TestCategoryItem TestCategory="Licensing" />
      </TestCategory>
      <Execution id="2bf6306c-ad6d-43a9-a8e7-9299c7e06412" />
      <TestMethod codeBase="D:\actions-runner\_work\XPCO\XPCO\Corporate\VideoOS.Server.UnitTests\bin\x64\Debug\net472\VideoOS.Server.UnitTests.dll" adapterTypeName="executor://mstestadapter/v2" className="VideoOS.Server.UnitTests.Licensing.LicenseAllocatorChannelTests" name="HardwareInCWANotOnWhiteList_ReplacedWithInheritance_HardwareNotOnWhiteList_CWAAllowed_FewerChannelsOnReplacedHardware_AllDevicesInCWA" />
    </UnitTest>
    <UnitTest name="ExecuteRuleActionCommand_ModelIsNull_BadRequestResult" storage="d:\actions-runner\_work\xpco\xpco\corporate\videoos.server.unittests\bin\x64\debug\net472\videoos.server.unittests.dll" id="4df85b45-2abf-d8a4-fb1b-37a82d24219f">
      <Execution id="48a1e8fd-0258-439f-8517-ea13ebac6ba3" />
      <TestMethod codeBase="D:\actions-runner\_work\XPCO\XPCO\Corporate\VideoOS.Server.UnitTests\bin\x64\Debug\net472\VideoOS.Server.UnitTests.dll" adapterTypeName="executor://mstestadapter/v2" className="VideoOS.Server.UnitTests.RuleCommandsControllerTests" name="ExecuteRuleActionCommand_ModelIsNull_BadRequestResult" />
    </UnitTest>
    <UnitTest name="LicenseCountManager_RemoveDevicesFromChangesWithoutActivation_WithNullHardawreInfo_Throws_ArgumentNullException" storage="d:\actions-runner\_work\xpco\xpco\corporate\videoos.server.unittests\bin\x64\debug\net472\videoos.server.unittests.dll" id="9b9fb463-c1cb-b31f-c4c2-bbffd2c2dc38">
      <TestCategory>
        <TestCategoryItem TestCategory="Licensing" />
      </TestCategory>
      <Execution id="c84976b3-2916-4c4b-b0fb-9aca3ea4e40d" />
      <TestMethod codeBase="D:\actions-runner\_work\XPCO\XPCO\Corporate\VideoOS.Server.UnitTests\bin\x64\Debug\net472\VideoOS.Server.UnitTests.dll" adapterTypeName="executor://mstestadapter/v2" className="VideoOS.Server.UnitTests.Licensing.LicenseCountManagerUnitTests" name="LicenseCountManager_RemoveDevicesFromChangesWithoutActivation_WithNullHardawreInfo_Throws_ArgumentNullException" />
    </UnitTest>
    <UnitTest name="GetHardwareUsersCommandHandler_Execute_RecorderNotConnected_ReturnsRecorderUnavailableResponse" storage="d:\actions-runner\_work\xpco\xpco\corporate\videoos.server.unittests\bin\x64\debug\net472\videoos.server.unittests.dll" id="426a626f-f337-b0a2-711d-d411188afc7d">
      <Execution id="f2b62c7e-a8ee-4f7a-91f1-81c3f7eab63f" />
      <TestMethod codeBase="D:\actions-runner\_work\XPCO\XPCO\Corporate\VideoOS.Server.UnitTests\bin\x64\Debug\net472\VideoOS.Server.UnitTests.dll" adapterTypeName="executor://mstestadapter/v2" className="VideoOS.Server.UnitTests.CommandHandler.GetHardwareUsersCommandHandlerUnitTests" name="GetHardwareUsersCommandHandler_Execute_RecorderNotConnected_ReturnsRecorderUnavailableResponse" />
    </UnitTest>
    <UnitTest name="VmoClientsPool_Constructor_ThrowArgumentNullException" storage="d:\actions-runner\_work\xpco\xpco\corporate\videoos.server.unittests\bin\x64\debug\net472\videoos.server.unittests.dll" id="94f4fb79-741c-399b-6815-4f1e57683cfb">
      <Execution id="f4750830-06e3-45aa-b3c2-f3e162b42a58" />
      <TestMethod codeBase="D:\actions-runner\_work\XPCO\XPCO\Corporate\VideoOS.Server.UnitTests\bin\x64\Debug\net472\VideoOS.Server.UnitTests.dll" adapterTypeName="executor://mstestadapter/v2" className="VideoOS.Server.UnitTests.CommandHandler.VmoClientsPoolTests" name="VmoClientsPool_Constructor_ThrowArgumentNullException" />
    </UnitTest>
    <UnitTest name="TriggerEventAsGlobal_ModelIsValid_CommandExecuted" storage="d:\actions-runner\_work\xpco\xpco\corporate\videoos.server.unittests\bin\x64\debug\net472\videoos.server.unittests.dll" id="9fe3c6f4-c1ea-93f9-bac9-72568655ab11">
      <Execution id="6de974ed-38b6-4c58-af07-acc8777720b0" />
      <TestMethod codeBase="D:\actions-runner\_work\XPCO\XPCO\Corporate\VideoOS.Server.UnitTests\bin\x64\Debug\net472\VideoOS.Server.UnitTests.dll" adapterTypeName="executor://mstestadapter/v2" className="VideoOS.Server.UnitTests.WebApi.Controllers.EventCommandsControllerTests" name="TriggerEventAsGlobal_ModelIsValid_CommandExecuted" />
    </UnitTest>
    <UnitTest name="HardwareInCWAOnWhiteList_ReplacedWithNoInheritance_HardwareOnWhiteList_MixedCWAAllowed_MoreChannelsOnReplacedHardware_NewHardwareInCWA" storage="d:\actions-runner\_work\xpco\xpco\corporate\videoos.server.unittests\bin\x64\debug\net472\videoos.server.unittests.dll" id="b1e074ea-7f2a-5a8e-9a0e-a97db98a2ce1">
      <TestCategory>
        <TestCategoryItem TestCategory="Licensing Replace Hardware" />
        <TestCategoryItem TestCategory="Licensing" />
      </TestCategory>
      <Execution id="e7ad0f91-7810-4855-8d60-c31d8915a7a0" />
      <TestMethod codeBase="D:\actions-runner\_work\XPCO\XPCO\Corporate\VideoOS.Server.UnitTests\bin\x64\Debug\net472\VideoOS.Server.UnitTests.dll" adapterTypeName="executor://mstestadapter/v2" className="VideoOS.Server.UnitTests.Licensing.LicenseAllocatorChannelTests" name="HardwareInCWAOnWhiteList_ReplacedWithNoInheritance_HardwareOnWhiteList_MixedCWAAllowed_MoreChannelsOnReplacedHardware_NewHardwareInCWA" />
    </UnitTest>
    <UnitTest name="UpdateHardwareTaskCommandHandler_Execute_Unknown_Tests" storage="d:\actions-runner\_work\xpco\xpco\corporate\videoos.server.unittests\bin\x64\debug\net472\videoos.server.unittests.dll" id="e220f231-ed56-ebfb-e964-355cefc3364e">
      <Execution id="42de5730-6fae-4a89-9c07-b79acfd6cc07" />
      <TestMethod codeBase="D:\actions-runner\_work\XPCO\XPCO\Corporate\VideoOS.Server.UnitTests\bin\x64\Debug\net472\VideoOS.Server.UnitTests.dll" adapterTypeName="executor://mstestadapter/v2" className="VideoOS.Server.UnitTests.CommandHandler.UpdateHardwareTaskHandlerTests" name="UpdateHardwareTaskCommandHandler_Execute_Unknown_Tests" />
    </UnitTest>
    <UnitTest name="ConfigurationDataSetLoader_GetHardwareByHostedHardwareId_Success" storage="d:\actions-runner\_work\xpco\xpco\corporate\videoos.server.unittests\bin\x64\debug\net472\videoos.server.unittests.dll" id="5d3f8fc0-b97b-c086-40b2-6affaa9438df">
      <Execution id="60e3008a-dda2-47bf-8272-1b33399f0eaf" />
      <TestMethod codeBase="D:\actions-runner\_work\XPCO\XPCO\Corporate\VideoOS.Server.UnitTests\bin\x64\Debug\net472\VideoOS.Server.UnitTests.dll" adapterTypeName="executor://mstestadapter/v2" className="VideoOS.Server.UnitTests.Configuration.ConfigurationDataSetLoaderTests" name="ConfigurationDataSetLoader_GetHardwareByHostedHardwareId_Success" />
    </UnitTest>
    <UnitTest name="MultiSite_ChannelBased_SameHardwareAndDevicesOn2Recorders_OneHwWhitelistedOneNotWhitelisted_ConsumesSeparateLicenses" storage="d:\actions-runner\_work\xpco\xpco\corporate\videoos.server.unittests\bin\x64\debug\net472\videoos.server.unittests.dll" id="a1d179f9-1d98-db05-0da7-765f2109c5d9">
      <Execution id="19fa9702-408c-45b1-b309-cb3bffab9c57" />
      <TestMethod codeBase="D:\actions-runner\_work\XPCO\XPCO\Corporate\VideoOS.Server.UnitTests\bin\x64\Debug\net472\VideoOS.Server.UnitTests.dll" adapterTypeName="executor://mstestadapter/v2" className="VideoOS.Server.UnitTests.Licensing.LicenseAllocatorChannelTests" name="MultiSite_ChannelBased_SameHardwareAndDevicesOn2Recorders_OneHwWhitelistedOneNotWhitelisted_ConsumesSeparateLicenses" />
    </UnitTest>
    <UnitTest name="Simulate_GracePeriodExpiring_SuccesfullyExpiresHardware_NotWhitelisted" storage="d:\actions-runner\_work\xpco\xpco\corporate\videoos.server.unittests\bin\x64\debug\net472\videoos.server.unittests.dll" id="64926100-3933-f2dd-3dd0-a9d9b3ef7760">
      <TestCategory>
        <TestCategoryItem TestCategory="Licensing" />
      </TestCategory>
      <Execution id="59c89872-3ffe-49e8-8fff-7de048872591" />
      <TestMethod codeBase="D:\actions-runner\_work\XPCO\XPCO\Corporate\VideoOS.Server.UnitTests\bin\x64\Debug\net472\VideoOS.Server.UnitTests.dll" adapterTypeName="executor://mstestadapter/v2" className="VideoOS.Server.UnitTests.Licensing.LicenseAllocatorChannelTests" name="Simulate_GracePeriodExpiring_SuccesfullyExpiresHardware_NotWhitelisted" />
    </UnitTest>
    <UnitTest name="GetHardwareNetworkSettingsCommandHandler_Execute_EmptyRecorderServiceId_ReturnsFailResponse" storage="d:\actions-runner\_work\xpco\xpco\corporate\videoos.server.unittests\bin\x64\debug\net472\videoos.server.unittests.dll" id="b50a5626-bb3d-0e55-a0ed-bea10bccc2f3">
      <Execution id="96bee075-2d29-48c9-a49d-763d050bc544" />
      <TestMethod codeBase="D:\actions-runner\_work\XPCO\XPCO\Corporate\VideoOS.Server.UnitTests\bin\x64\Debug\net472\VideoOS.Server.UnitTests.dll" adapterTypeName="executor://mstestadapter/v2" className="VideoOS.Server.UnitTests.CommandHandler.GetHardwareNetworkSettingsCommandHandlerUnitTests" name="GetHardwareNetworkSettingsCommandHandler_Execute_EmptyRecorderServiceId_ReturnsFailResponse" />
    </UnitTest>
    <UnitTest name="GenerateLicenseRequestAsXml_Success_With1DeviceCompletelyDisabledAnd2EnabledCameras_ValidLicenseWithEmptyWhiteList" storage="d:\actions-runner\_work\xpco\xpco\corporate\videoos.server.unittests\bin\x64\debug\net472\videoos.server.unittests.dll" id="0c83eacf-f73a-55e5-c6ed-112644425217">
      <TestCategory>
        <TestCategoryItem TestCategory="Licensing" />
      </TestCategory>
      <Execution id="457ae238-f8ec-4b7a-9ef6-b34a2857f49b" />
      <TestMethod codeBase="D:\actions-runner\_work\XPCO\XPCO\Corporate\VideoOS.Server.UnitTests\bin\x64\Debug\net472\VideoOS.Server.UnitTests.dll" adapterTypeName="executor://mstestadapter/v2" className="VideoOS.Server.UnitTests.Licensing.LicenseRequestChannelTests" name="GenerateLicenseRequestAsXml_Success_With1DeviceCompletelyDisabledAnd2EnabledCameras_ValidLicenseWithEmptyWhiteList" />
    </UnitTest>
    <UnitTest name="AllocateLicenses_NotActivated_OneDevice_FiveEnabledCameraChannels_LicenseCountFive_FiveInGrace" storage="d:\actions-runner\_work\xpco\xpco\corporate\videoos.server.unittests\bin\x64\debug\net472\videoos.server.unittests.dll" id="0dcc83a8-8546-1d40-f9a8-9df68c4b35fe">
      <TestCategory>
        <TestCategoryItem TestCategory="Licensing" />
      </TestCategory>
      <Execution id="39806081-869b-448d-a15a-c3b087f0eda3" />
      <TestMethod codeBase="D:\actions-runner\_work\XPCO\XPCO\Corporate\VideoOS.Server.UnitTests\bin\x64\Debug\net472\VideoOS.Server.UnitTests.dll" adapterTypeName="executor://mstestadapter/v2" className="VideoOS.Server.UnitTests.Licensing.LicenseAllocatorChannelTests" name="AllocateLicenses_NotActivated_OneDevice_FiveEnabledCameraChannels_LicenseCountFive_FiveInGrace" />
    </UnitTest>
    <UnitTest name="Simulate_DisableChannels_ActivateHardwareAndChannels_AddHardware_EnableChannels_CountsAreCorrect" storage="d:\actions-runner\_work\xpco\xpco\corporate\videoos.server.unittests\bin\x64\debug\net472\videoos.server.unittests.dll" id="bdcd76b9-81f3-1804-35f3-1aa220e4eec0">
      <TestCategory>
        <TestCategoryItem TestCategory="Licensing" />
      </TestCategory>
      <Execution id="a9baa947-071a-40b5-988f-021186c42d4e" />
      <TestMethod codeBase="D:\actions-runner\_work\XPCO\XPCO\Corporate\VideoOS.Server.UnitTests\bin\x64\Debug\net472\VideoOS.Server.UnitTests.dll" adapterTypeName="executor://mstestadapter/v2" className="VideoOS.Server.UnitTests.Licensing.LicenseAllocatorChannelTests" name="Simulate_DisableChannels_ActivateHardwareAndChannels_AddHardware_EnableChannels_CountsAreCorrect" />
    </UnitTest>
    <UnitTest name="HardwareInCWANotOnWhiteList_ReplacedWithInheritance_HardwareNotOnWhiteList_NoMoreCWAAllowed_FewerChannelsOnReplacedHardware_NewDevicesInGrace" storage="d:\actions-runner\_work\xpco\xpco\corporate\videoos.server.unittests\bin\x64\debug\net472\videoos.server.unittests.dll" id="fa5d9638-3777-7eb7-1fbe-718511caf2c7">
      <TestCategory>
        <TestCategoryItem TestCategory="Licensing Replace Hardware" />
        <TestCategoryItem TestCategory="Licensing" />
      </TestCategory>
      <Execution id="c2ab9546-ff24-414c-9c7c-ac24a67bde39" />
      <TestMethod codeBase="D:\actions-runner\_work\XPCO\XPCO\Corporate\VideoOS.Server.UnitTests\bin\x64\Debug\net472\VideoOS.Server.UnitTests.dll" adapterTypeName="executor://mstestadapter/v2" className="VideoOS.Server.UnitTests.Licensing.LicenseAllocatorChannelTests" name="HardwareInCWANotOnWhiteList_ReplacedWithInheritance_HardwareNotOnWhiteList_NoMoreCWAAllowed_FewerChannelsOnReplacedHardware_NewDevicesInGrace" />
    </UnitTest>
    <UnitTest name="ProcessConfigurationChangeTasks_UpdateUpdateUpdate_All_Batched" storage="d:\actions-runner\_work\xpco\xpco\corporate\videoos.server.unittests\bin\x64\debug\net472\videoos.server.unittests.dll" id="40d22751-bcc1-822d-b412-9e2e8029bb57">
      <Execution id="f25b4c9a-8fb8-47db-a7b7-cf904ddc79f0" />
      <TestMethod codeBase="D:\actions-runner\_work\XPCO\XPCO\Corporate\VideoOS.Server.UnitTests\bin\x64\Debug\net472\VideoOS.Server.UnitTests.dll" adapterTypeName="executor://mstestadapter/v2" className="VideoOS.Server.UnitTests.Tasks.ServerTaskBatchHandlerUnitTests" name="ProcessConfigurationChangeTasks_UpdateUpdateUpdate_All_Batched" />
    </UnitTest>
    <UnitTest name="CalculateFeeds_Success_EmptyWhiteList_NotInterconnected_TwoDevices" storage="d:\actions-runner\_work\xpco\xpco\corporate\videoos.server.unittests\bin\x64\debug\net472\videoos.server.unittests.dll" id="1a8e2416-64f9-a52a-232d-edfa802cba93">
      <TestCategory>
        <TestCategoryItem TestCategory="Licensing" />
      </TestCategory>
      <Execution id="49ebf112-0158-49bd-9a0f-a68d63185000" />
      <TestMethod codeBase="D:\actions-runner\_work\XPCO\XPCO\Corporate\VideoOS.Server.UnitTests\bin\x64\Debug\net472\VideoOS.Server.UnitTests.dll" adapterTypeName="executor://mstestadapter/v2" className="VideoOS.Server.UnitTests.Licensing.LicenseRequestChannelTests" name="CalculateFeeds_Success_EmptyWhiteList_NotInterconnected_TwoDevices" />
    </UnitTest>
  </TestDefinitions>
  <TestEntries>
    <TestEntry testId="707e690d-4b5f-a7d6-df9e-0d8e3e4f76eb" executionId="58911dc4-4212-425f-a10f-14502be92eb1" testListId="8c84fa94-04c1-424b-9868-57a2d4851a1d" />
    <TestEntry testId="99191b72-e7a5-4661-1571-fa0152996bc5" executionId="5a36dbd0-0b01-4528-b24e-5372030978dc" testListId="8c84fa94-04c1-424b-9868-57a2d4851a1d" />
    <TestEntry testId="026aa8ec-95c1-a014-58a4-949aa82d868a" executionId="fd7ba071-ce9d-473d-a5ac-5919100f90ab" testListId="8c84fa94-04c1-424b-9868-57a2d4851a1d" />
    <TestEntry testId="2ae6dd25-fc9a-7ad5-e225-557cf3c9e780" executionId="a13a0d5e-5ec4-48ee-b0ae-49400c0fadcb" testListId="8c84fa94-04c1-424b-9868-57a2d4851a1d" />
    <TestEntry testId="84a51335-f07d-f7b2-f044-69ed7678f206" executionId="55b7a68b-db23-49fd-9273-2d38974e2604" testListId="8c84fa94-04c1-424b-9868-57a2d4851a1d" />
    <TestEntry testId="d3e7b745-fba1-99e9-2577-7f83368c489c" executionId="a098dd5f-7b8f-4040-af95-a903100ecfae" testListId="8c84fa94-04c1-424b-9868-57a2d4851a1d" />
    <TestEntry testId="6a88ee0a-9bc9-bc89-2082-c27a42df6d57" executionId="f24d7616-3bee-4e0b-aa82-9b98d82a0616" testListId="8c84fa94-04c1-424b-9868-57a2d4851a1d" />
    <TestEntry testId="cb50d134-9feb-13cd-8243-4ac58d041243" executionId="d9a83349-b56b-4bb2-8fcc-02c459fb2818" testListId="8c84fa94-04c1-424b-9868-57a2d4851a1d" />
    <TestEntry testId="b3914411-03bf-465a-dfb2-7096de3166b3" executionId="a8453268-3dd1-4957-a4af-65ea5f20259e" testListId="8c84fa94-04c1-424b-9868-57a2d4851a1d" />
    <TestEntry testId="54a61f98-dadf-ebc9-bfa5-32dac879e97d" executionId="70af14d7-add6-44aa-9504-efb28b247777" testListId="8c84fa94-04c1-424b-9868-57a2d4851a1d" />
    <TestEntry testId="c2984494-a9d6-3f60-65cb-f333c5e8b61d" executionId="46131e9b-6991-4380-bdf0-0a1de5c1877f" testListId="8c84fa94-04c1-424b-9868-57a2d4851a1d" />
    <TestEntry testId="745aea99-7d18-df01-821c-c171c176ca32" executionId="02c2f639-4dbc-4e07-b73f-816fb224ed3f" testListId="8c84fa94-04c1-424b-9868-57a2d4851a1d" />
    <TestEntry testId="0323aafb-b360-5db0-38c2-4fcea4a36eaa" executionId="070715ef-9072-4909-8d7f-a3e4a941a48e" testListId="8c84fa94-04c1-424b-9868-57a2d4851a1d" />
    <TestEntry testId="69d44fc1-6454-736a-bf3f-fdd30c9d22ff" executionId="1eb799ce-f556-4a4d-af39-dcc000acad8d" testListId="8c84fa94-04c1-424b-9868-57a2d4851a1d" />
    <TestEntry testId="03b737b9-dc29-8cf7-2be6-264359d08a7b" executionId="a9950b01-7c6f-4c27-b79f-a79421c567c2" testListId="8c84fa94-04c1-424b-9868-57a2d4851a1d" />
    <TestEntry testId="d27a4adf-6d9e-bd17-6451-2cfd29833f96" executionId="05e9b284-b742-40f2-91db-70c54be6d6bc" testListId="8c84fa94-04c1-424b-9868-57a2d4851a1d" />
    <TestEntry testId="0f9657cc-4402-2e71-fa6d-311b1f9f3738" executionId="b0485fb4-c7fc-4f41-bea5-83433d5d4953" testListId="8c84fa94-04c1-424b-9868-57a2d4851a1d" />
    <TestEntry testId="48bc2a39-14e4-f040-7b07-52ed2d46c7ad" executionId="76e00447-7f81-4778-805f-225894ecec95" testListId="8c84fa94-04c1-424b-9868-57a2d4851a1d" />
    <TestEntry testId="4378be0e-b6ea-dc40-1074-00248688d200" executionId="6fdf72e3-3fc1-447e-8f6a-02b5037f941c" testListId="8c84fa94-04c1-424b-9868-57a2d4851a1d" />
    <TestEntry testId="ce3c136b-6594-eb63-9e80-abbbccea4d6e" executionId="7326c86d-0e0d-47b6-9007-1948db4b859a" testListId="8c84fa94-04c1-424b-9868-57a2d4851a1d" />
    <TestEntry testId="bc66d075-b5d9-87ae-4f1c-513441f8165c" executionId="fb2957b6-7dd6-4eda-9941-541bd010149d" testListId="8c84fa94-04c1-424b-9868-57a2d4851a1d" />
    <TestEntry testId="a1d179f9-1d98-db05-0da7-765f2109c5d9" executionId="19fa9702-408c-45b1-b309-cb3bffab9c57" testListId="8c84fa94-04c1-424b-9868-57a2d4851a1d" />
    <TestEntry testId="27eead9d-95e5-867e-bdf7-c830e0d88b40" executionId="5cfad6cb-41f3-44ad-bd90-ecadfc4246d5" testListId="8c84fa94-04c1-424b-9868-57a2d4851a1d" />
    <TestEntry testId="1ebadcd1-bb5b-b7d8-4b40-c761ccf19b15" executionId="12f721e5-c94c-4ad4-bdf3-9498ad190de4" testListId="8c84fa94-04c1-424b-9868-57a2d4851a1d" />
    <TestEntry testId="22ed3e7b-bfad-787a-270a-197e0d35f24e" executionId="6b34e7ee-5441-46ab-a0a3-d7a894ec1ea8" testListId="8c84fa94-04c1-424b-9868-57a2d4851a1d" />
    <TestEntry testId="d083f726-e76b-bd25-462e-728440f48f8e" executionId="7167346c-a6c9-4ded-9020-21e14d03cfe1" testListId="8c84fa94-04c1-424b-9868-57a2d4851a1d" />
    <TestEntry testId="49eb40eb-a024-8a51-ef96-32403d919364" executionId="4a751e13-088d-4004-952f-7554a6f9d448" testListId="8c84fa94-04c1-424b-9868-57a2d4851a1d" />
    <TestEntry testId="b6a03062-30b8-99fc-58f1-7806f924b0cd" executionId="88054d81-0677-4e94-b3b8-a32dc3ffb902" testListId="8c84fa94-04c1-424b-9868-57a2d4851a1d" />
    <TestEntry testId="b19f468d-d3ac-36bb-f4b7-1bfb1e47bd2e" executionId="0e4981ce-b0cb-4841-b86d-dccee0c2d0b7" testListId="8c84fa94-04c1-424b-9868-57a2d4851a1d" />
    <TestEntry testId="c3b36ec3-1df7-adb6-2b47-6af7fdcd182e" executionId="6200a6de-d9ea-491d-9893-c61b6c8d34ee" testListId="8c84fa94-04c1-424b-9868-57a2d4851a1d" />
    <TestEntry testId="fed71966-682a-ac32-d1bf-234764a854bc" executionId="89685077-8d0e-45a3-9664-feae4f7ea8ed" testListId="8c84fa94-04c1-424b-9868-57a2d4851a1d" />
    <TestEntry testId="17651b6b-c747-a107-70b2-f1926d0437f7" executionId="0b234aa0-cba8-48ae-be62-3b46b246a7f7" testListId="8c84fa94-04c1-424b-9868-57a2d4851a1d" />
    <TestEntry testId="1a677ad7-bcbb-a3f0-1921-9ce6d36040ac" executionId="c3f4cce7-6131-42c8-b953-f80a3847770c" testListId="8c84fa94-04c1-424b-9868-57a2d4851a1d" />
    <TestEntry testId="6eb40ab5-a084-c0d6-3e89-20cec91d1dc1" executionId="1d178860-54b9-4a84-a6c3-6a63a60b1f83" testListId="8c84fa94-04c1-424b-9868-57a2d4851a1d" />
    <TestEntry testId="2096a8a0-5e79-c1b2-15fc-8f66937fab5f" executionId="1fd064b5-96b4-4cab-a215-b447ed8549f4" testListId="8c84fa94-04c1-424b-9868-57a2d4851a1d" />
    <TestEntry testId="13de28e5-d340-846e-3c63-908df06a48bc" executionId="8022e04d-d937-44b7-baea-72f3707f70a6" testListId="8c84fa94-04c1-424b-9868-57a2d4851a1d" />
    <TestEntry testId="6918c63f-27aa-e388-cd6d-3a1d843bbb37" executionId="40b1c84e-d120-496f-8208-bc07454ae969" testListId="8c84fa94-04c1-424b-9868-57a2d4851a1d" />
    <TestEntry testId="0a178ecc-ed8c-7395-1e0e-eb01af654dfd" executionId="cfbef8b1-2c04-4674-a0f6-c1f1221e678d" testListId="8c84fa94-04c1-424b-9868-57a2d4851a1d" />
    <TestEntry testId="5fd43d2e-13ec-8138-2d62-a11e5561f83e" executionId="24a55f0a-65e3-42ab-8bb5-21e70fb881b1" testListId="8c84fa94-04c1-424b-9868-57a2d4851a1d" />
    <TestEntry testId="6320bcbb-9bd3-a2f1-dd89-af85ab33f5f8" executionId="58762143-fc5a-4a5e-9e9c-ef490376c6a9" testListId="8c84fa94-04c1-424b-9868-57a2d4851a1d" />
    <TestEntry testId="b4c91d6c-8794-a409-2700-e0378bc7c9c2" executionId="dcfa2eae-d1ef-4480-8167-ad1e58d3982f" testListId="8c84fa94-04c1-424b-9868-57a2d4851a1d" />
    <TestEntry testId="62ba3a2c-2fe4-e764-147b-6b26914cb920" executionId="9219fe56-bb3a-40a3-ac32-4c66d5162d9f" testListId="8c84fa94-04c1-424b-9868-57a2d4851a1d" />
    <TestEntry testId="8607fe93-52c9-ae96-1d64-5819d9cc59cb" executionId="cf6a0a1f-5790-4c39-8174-a46425657900" testListId="8c84fa94-04c1-424b-9868-57a2d4851a1d" />
    <TestEntry testId="7cff0256-891c-b825-001b-e1188ea43097" executionId="d474d86b-8f14-40c8-a7ee-b499f41171fb" testListId="8c84fa94-04c1-424b-9868-57a2d4851a1d" />
    <TestEntry testId="cf0c6b21-7b52-4f40-fc51-74b8261524ed" executionId="b1f69826-6193-44d4-b076-d7d27ca631d1" testListId="8c84fa94-04c1-424b-9868-57a2d4851a1d" />
    <TestEntry testId="28a59acb-a40d-e01f-1c2f-42f95eecb124" executionId="0af68de5-6ad7-4aed-91c0-5a5d6f97e02f" testListId="8c84fa94-04c1-424b-9868-57a2d4851a1d" />
    <TestEntry testId="283f71c2-810a-dc5c-1692-36ad495e7571" executionId="d19021b2-a03b-4894-a098-26205f731924" testListId="8c84fa94-04c1-424b-9868-57a2d4851a1d" />
    <TestEntry testId="968432fe-0f19-fd21-c7d7-2d112c002911" executionId="f617e67c-6a56-42a4-a6e6-1982f5d8e96d" testListId="8c84fa94-04c1-424b-9868-57a2d4851a1d" />
    <TestEntry testId="f3b50fcd-2daa-b9fb-f042-b57e7d3ddf9f" executionId="4c493f6b-e741-4819-a77d-6c7ed1d6cfec" testListId="8c84fa94-04c1-424b-9868-57a2d4851a1d" />
    <TestEntry testId="75fbb0cd-c2fa-1c95-0160-f622d5b45092" executionId="a68d1c98-a0d1-4c30-9ad4-7ce90549f439" testListId="8c84fa94-04c1-424b-9868-57a2d4851a1d" />
    <TestEntry testId="71192bcb-c1cd-4026-7b28-6fa22a7afc9e" executionId="74bdfbed-20dc-4b0c-8abf-81606621b967" testListId="8c84fa94-04c1-424b-9868-57a2d4851a1d" />
    <TestEntry testId="4cd1c953-231e-2691-b4f4-0d9328a3e68b" executionId="659d7699-6016-477b-9fe0-1143bd886685" testListId="8c84fa94-04c1-424b-9868-57a2d4851a1d" />
    <TestEntry testId="216eb622-996e-3dd1-fa4a-9ff72cc211bf" executionId="097d3e7c-1353-4c30-ad6c-fbf3c037d996" testListId="8c84fa94-04c1-424b-9868-57a2d4851a1d" />
    <TestEntry testId="b566d2d3-171b-83da-eaa9-a57989214de3" executionId="8ad2ba5d-291b-46a4-931f-073217a51c06" testListId="8c84fa94-04c1-424b-9868-57a2d4851a1d" />
    <TestEntry testId="082ecd90-cd6a-08dc-44f3-b3a9132568e3" executionId="08891ee7-4264-4d0c-9ee2-6229cdc21c2d" testListId="8c84fa94-04c1-424b-9868-57a2d4851a1d" />
    <TestEntry testId="41730602-a58b-43be-f26e-9fd96241238a" executionId="b6aff113-c190-450e-a387-7a58a84c7150" testListId="8c84fa94-04c1-424b-9868-57a2d4851a1d" />
    <TestEntry testId="df5249a5-4b98-4ee8-4fcd-b548b558933a" executionId="3b2f648a-e812-4dfa-b76a-d7a2ea2c378e" testListId="8c84fa94-04c1-424b-9868-57a2d4851a1d" />
    <TestEntry testId="813b5b28-7c81-3ad5-5878-84ef19d3286f" executionId="df516dfd-e293-4489-9e9b-63b165309826" testListId="8c84fa94-04c1-424b-9868-57a2d4851a1d" />
    <TestEntry testId="a8a706ab-7d38-3714-d35e-f323270938a5" executionId="8616dff7-ee1e-47f7-a298-e25b6d32740a" testListId="8c84fa94-04c1-424b-9868-57a2d4851a1d" />
    <TestEntry testId="7a0b1d88-033f-7f42-69c2-97d55ac201be" executionId="12764fd5-4dc8-4be9-b270-524a7243b511" testListId="8c84fa94-04c1-424b-9868-57a2d4851a1d" />
    <TestEntry testId="629bb24f-6cf3-8a21-f229-a005d9404e46" executionId="111e6a5a-51d6-4570-ac3d-a00071b87526" testListId="8c84fa94-04c1-424b-9868-57a2d4851a1d" />
    <TestEntry testId="72cc7bae-2eb8-2914-d69b-6c5c4b0f01b9" executionId="f9f1712a-e442-41fe-a663-4127e61dd306" testListId="8c84fa94-04c1-424b-9868-57a2d4851a1d" />
    <TestEntry testId="5e6743ee-349b-e345-19f1-919c3248d93c" executionId="41b87842-2163-465e-88fe-eb4904130389" testListId="8c84fa94-04c1-424b-9868-57a2d4851a1d" />
    <TestEntry testId="9c43e4bf-422f-da08-c99e-7748f79f67a9" executionId="6736a2b1-c099-4b2a-8a8b-a03bfb2d8734" testListId="8c84fa94-04c1-424b-9868-57a2d4851a1d" />
    <TestEntry testId="1841a497-6454-a206-f0aa-3b0869fd2463" executionId="739e141e-9a17-4c40-b164-cee7df22ced3" testListId="8c84fa94-04c1-424b-9868-57a2d4851a1d" />
    <TestEntry testId="9686328b-869b-3d6e-7e6c-81be6a7d864b" executionId="09763948-a46a-4321-ae79-35168d51eb1c" testListId="8c84fa94-04c1-424b-9868-57a2d4851a1d" />
    <TestEntry testId="b2f60de8-b346-fdf9-57cb-eefc4dabd6ec" executionId="2bf6306c-ad6d-43a9-a8e7-9299c7e06412" testListId="8c84fa94-04c1-424b-9868-57a2d4851a1d" />
    <TestEntry testId="4bac4ec9-6d51-14f7-9d28-3cf86c72f2dc" executionId="d130ba45-802e-4f2d-a47f-ec6098c1d8c5" testListId="8c84fa94-04c1-424b-9868-57a2d4851a1d" />
    <TestEntry testId="771cf6b2-af79-16b4-169c-420ec176256a" executionId="995c363a-9d30-40dc-85f7-f6c2bcd26601" testListId="8c84fa94-04c1-424b-9868-57a2d4851a1d" />
    <TestEntry testId="79d9da09-79d5-2be0-5f28-ac252e22bd40" executionId="0a27fddd-a1dc-4ee1-a67a-8bb65336185c" testListId="8c84fa94-04c1-424b-9868-57a2d4851a1d" />
    <TestEntry testId="ab0344e1-f2d2-e877-24a4-25ab8356eac9" executionId="37de7cc5-a752-403c-b94e-d5e374f703d5" testListId="8c84fa94-04c1-424b-9868-57a2d4851a1d" />
    <TestEntry testId="055b4e5c-9049-e74b-43bd-2a5fd25e970b" executionId="998a3845-f7fb-4a86-be81-6672a8e462db" testListId="8c84fa94-04c1-424b-9868-57a2d4851a1d" />
    <TestEntry testId="a05b407e-5aa7-9f22-d4ee-896f354bc758" executionId="08d515df-0cba-4206-8d45-48f0c86619e4" testListId="8c84fa94-04c1-424b-9868-57a2d4851a1d" />
    <TestEntry testId="e68f7d42-f59c-4600-6af3-d7b4b8daacca" executionId="56804be2-0801-4fbb-b0ad-6b7198d81a0d" testListId="8c84fa94-04c1-424b-9868-57a2d4851a1d" />
    <TestEntry testId="c02d04ac-b486-9e55-2dd6-7f74f9ce3e8b" executionId="429ace31-6200-4a88-99f6-b8d52001e239" testListId="8c84fa94-04c1-424b-9868-57a2d4851a1d" />
    <TestEntry testId="e84cc3a7-ac93-d355-2915-e2198089769f" executionId="b42a0ce2-cb84-46d0-9a4c-0c7bc64a646b" testListId="8c84fa94-04c1-424b-9868-57a2d4851a1d" />
    <TestEntry testId="f047eda9-d61b-afec-ac9c-38d582bed66c" executionId="9f281966-317b-49e7-ab71-f899ef82737e" testListId="8c84fa94-04c1-424b-9868-57a2d4851a1d" />
    <TestEntry testId="7c8cb038-7e94-7f42-de87-be4e137d2449" executionId="8129d257-5e4d-471e-8ddb-bfb3dc95ee2b" testListId="8c84fa94-04c1-424b-9868-57a2d4851a1d" />
    <TestEntry testId="50564146-33c5-5bba-7d58-7b6329532747" executionId="09a64dd4-3b27-4ac0-b141-31d9735909b7" testListId="8c84fa94-04c1-424b-9868-57a2d4851a1d" />
    <TestEntry testId="9262bf29-7cc2-7d52-32d2-0249cd141759" executionId="7c7d16d7-e932-4658-8910-a1b6f91c6ed4" testListId="8c84fa94-04c1-424b-9868-57a2d4851a1d" />
    <TestEntry testId="6bd5b1f8-f899-7ea6-5da0-57f14ba99ccc" executionId="1842337b-3008-45f2-9e78-bbc55b8ab2ec" testListId="8c84fa94-04c1-424b-9868-57a2d4851a1d" />
    <TestEntry testId="6c9226da-dc8b-6782-1762-3dc120260169" executionId="77451605-3baf-439b-bb48-c5eaa4cb13bf" testListId="8c84fa94-04c1-424b-9868-57a2d4851a1d" />
    <TestEntry testId="6d995983-4316-087a-3734-5dd9411b2f2b" executionId="03a99148-2426-4779-9f19-6fd4e6c336b0" testListId="8c84fa94-04c1-424b-9868-57a2d4851a1d" />
    <TestEntry testId="81805bb5-19b7-51ab-b4b3-02e21590d4b6" executionId="3b2d147f-bb01-4554-a847-96b20c7a1b7e" testListId="8c84fa94-04c1-424b-9868-57a2d4851a1d" />
    <TestEntry testId="5d51b421-c2c6-a235-079e-749ec17bce2d" executionId="a5ca11d2-8d96-4a1f-ac7f-d36c857bb4e7" testListId="8c84fa94-04c1-424b-9868-57a2d4851a1d" />
    <TestEntry testId="59fc4393-2f7b-9785-c817-c64a2c91bc8b" executionId="841467fc-bfae-48b3-8954-29a1a7ecdb63" testListId="8c84fa94-04c1-424b-9868-57a2d4851a1d" />
    <TestEntry testId="7460d3c3-1e10-7e88-9e59-c77d18394bb1" executionId="3132be70-28f3-4dbd-a659-b6958300ec1d" testListId="8c84fa94-04c1-424b-9868-57a2d4851a1d" />
    <TestEntry testId="416f82d2-cf13-eaaa-dd89-821c19c09d99" executionId="6064ab45-842a-4d75-b6cb-231d9f6d45ae" testListId="8c84fa94-04c1-424b-9868-57a2d4851a1d" />
    <TestEntry testId="b410cf7e-70d6-adc4-66dc-3cf5e3125c63" executionId="5d4f9568-e7eb-4961-ace5-0bd8043e7c88" testListId="8c84fa94-04c1-424b-9868-57a2d4851a1d" />
    <TestEntry testId="3a6b696a-422d-5ee1-5380-e7ef5428f6b9" executionId="15b145ce-7341-45a5-b6cc-198fbdbf92d5" testListId="8c84fa94-04c1-424b-9868-57a2d4851a1d" />
    <TestEntry testId="8000bae8-948f-0b0f-0c32-0094fdf7892e" executionId="77a7c5e2-7d6f-4d4f-a35e-de8f3fab99cc" testListId="8c84fa94-04c1-424b-9868-57a2d4851a1d" />
    <TestEntry testId="0d6becca-218f-16e5-ffd9-bb1f5b0e54e6" executionId="89238305-9d00-4fd9-9e92-a0e9eedbc8b3" testListId="8c84fa94-04c1-424b-9868-57a2d4851a1d" />
    <TestEntry testId="e3ed273d-3df0-19ef-9d2e-f52cf7e59969" executionId="1b19590f-363c-4619-b5aa-262d7746912d" testListId="8c84fa94-04c1-424b-9868-57a2d4851a1d" />
    <TestEntry testId="46836346-86bd-4983-1ba7-1dbdbb5f7669" executionId="811c48d7-463c-4429-93dd-2db06856ef55" testListId="8c84fa94-04c1-424b-9868-57a2d4851a1d" />
    <TestEntry testId="8473d16a-33e9-c638-f846-0f4a1d9f5e68" executionId="544d848a-4321-4128-9ba6-958daef8d792" testListId="8c84fa94-04c1-424b-9868-57a2d4851a1d" />
    <TestEntry testId="12b01767-1152-86d2-fa25-fbd881fa6122" executionId="9d42232a-5571-4b43-aa9f-6821f0c6857d" testListId="8c84fa94-04c1-424b-9868-57a2d4851a1d" />
    <TestEntry testId="cef3c170-314f-5c07-076f-dd65bf2d42ab" executionId="5da984b4-5fb2-4ad5-87f3-36c13c923537" testListId="8c84fa94-04c1-424b-9868-57a2d4851a1d" />
    <TestEntry testId="6ecdb656-57fa-19a7-98e7-036cb62f366b" executionId="9672c8e9-1e1f-4ff4-8d17-e41a7a01520e" testListId="8c84fa94-04c1-424b-9868-57a2d4851a1d" />
    <TestEntry testId="997ea862-6a21-039f-b6ec-723692d1b23a" executionId="83df25a6-899e-4951-ae34-237e75f0a182" testListId="8c84fa94-04c1-424b-9868-57a2d4851a1d" />
    <TestEntry testId="adfd4501-32c9-6cd5-35ef-7976b250b7c5" executionId="109a6a79-a31f-48d8-8843-5e6c31977a03" testListId="8c84fa94-04c1-424b-9868-57a2d4851a1d" />
    <TestEntry testId="02a5d1b5-54c4-7b9e-575f-d33c2ef2a7b5" executionId="90349010-3ddd-414c-856b-67757929952e" testListId="8c84fa94-04c1-424b-9868-57a2d4851a1d" />
    <TestEntry testId="566b96f6-b08e-adfc-0365-29c5b7626e94" executionId="8f990c13-7fbe-434d-929e-43232cecfb80" testListId="8c84fa94-04c1-424b-9868-57a2d4851a1d" />
    <TestEntry testId="92996b23-354a-d707-abfd-bb581c620a85" executionId="0e7e0462-aa9d-48a6-ae0a-dbf22e5fc5d6" testListId="8c84fa94-04c1-424b-9868-57a2d4851a1d" />
    <TestEntry testId="b2a8fa97-d944-2ec8-2d6e-5ded43c50e24" executionId="d7834d37-af57-4993-9a00-08c6f169f155" testListId="8c84fa94-04c1-424b-9868-57a2d4851a1d" />
    <TestEntry testId="90bdbd11-042f-bc1b-47a8-51b71d05db21" executionId="8f81b01f-4ea5-46da-be2a-419dbdb898bd" testListId="8c84fa94-04c1-424b-9868-57a2d4851a1d" />
    <TestEntry testId="a7b1ca77-c533-93d1-99ba-9a567e13f38f" executionId="6229c665-83fc-4064-8e09-430679043e90" testListId="8c84fa94-04c1-424b-9868-57a2d4851a1d" />
    <TestEntry testId="9c6ac5b2-1986-9ad5-3899-82514a276561" executionId="8819f3ff-0f5d-43fc-939b-1e0c6927b229" testListId="8c84fa94-04c1-424b-9868-57a2d4851a1d" />
    <TestEntry testId="f560dcde-067b-0afa-0fd6-a7ba27afdf2f" executionId="0e551e8a-12a5-41c0-989b-c11bc7c55635" testListId="8c84fa94-04c1-424b-9868-57a2d4851a1d" />
    <TestEntry testId="782c7fa3-007b-fade-1761-8d52da076770" executionId="b0def646-9052-4c6a-8606-bacc6dc9f8c5" testListId="8c84fa94-04c1-424b-9868-57a2d4851a1d" />
    <TestEntry testId="512bd958-f8a9-a04d-b8ba-95f110712181" executionId="4bbdfc2c-a5de-4d68-a998-b7d0a3dd3189" testListId="8c84fa94-04c1-424b-9868-57a2d4851a1d" />
    <TestEntry testId="f8e89b61-4897-4611-9838-53de20061a37" executionId="cd064de0-c840-4d68-aef5-fbf610cfaf84" testListId="8c84fa94-04c1-424b-9868-57a2d4851a1d" />
    <TestEntry testId="48798009-0aef-c37c-cb98-e8d434cb000c" executionId="1d37ec5b-3a9d-4520-bcbf-70f8823992fa" testListId="8c84fa94-04c1-424b-9868-57a2d4851a1d" />
    <TestEntry testId="3e9c10e5-efb5-404e-2cad-31e6b7485e7c" executionId="ae898de6-5093-442b-8dc3-1da5b6beaa77" testListId="8c84fa94-04c1-424b-9868-57a2d4851a1d" />
    <TestEntry testId="9e5cbe5c-eb19-54b0-69e8-8cc53a9c52ec" executionId="0ee75ab0-6af5-4ad3-b020-486fd2d4c3f1" testListId="8c84fa94-04c1-424b-9868-57a2d4851a1d" />
    <TestEntry testId="9a22ddaf-f9d6-2b58-0200-b7dd6d6df8ca" executionId="55f27a2a-653e-4324-a47b-299852c85100" testListId="8c84fa94-04c1-424b-9868-57a2d4851a1d" />
    <TestEntry testId="45bb0d6d-499f-a93f-8a03-2a3c7204cd4f" executionId="8f4edfe1-2ae5-4532-8e07-4d6ae6a0a231" testListId="8c84fa94-04c1-424b-9868-57a2d4851a1d" />
    <TestEntry testId="d46b928f-09c1-dfb5-220c-146d45bb27b3" executionId="660fc317-16d4-4c30-8907-fc5d74d46f42" testListId="8c84fa94-04c1-424b-9868-57a2d4851a1d" />
    <TestEntry testId="4a01cd80-73e5-9c40-2758-599856b946eb" executionId="5509b926-01e1-4618-a72b-30fc240546af" testListId="8c84fa94-04c1-424b-9868-57a2d4851a1d" />
    <TestEntry testId="df5c3845-a233-27f8-e47f-7255071d02b8" executionId="5530aa2a-4208-452b-946f-bb2667364a85" testListId="8c84fa94-04c1-424b-9868-57a2d4851a1d" />
    <TestEntry testId="6fa11eaa-f2fa-e99e-c4b6-60a0b63addf4" executionId="28cb175c-adfd-491e-8ee4-e3baa3caee2c" testListId="8c84fa94-04c1-424b-9868-57a2d4851a1d" />
    <TestEntry testId="45331505-4432-2593-3699-d42f8ffbaedd" executionId="bbe95442-c880-47ad-8e42-3a89e504af2a" testListId="8c84fa94-04c1-424b-9868-57a2d4851a1d" />
    <TestEntry testId="bf458c5e-f251-312f-019a-44073344a00c" executionId="4066ea44-1765-47ed-a46c-5dbe96ad0b77" testListId="8c84fa94-04c1-424b-9868-57a2d4851a1d" />
    <TestEntry testId="b6582bb8-ed69-7be8-bf96-b58cae21ed22" executionId="3122640b-ec04-43fa-9f9e-fde3c24cda24" testListId="8c84fa94-04c1-424b-9868-57a2d4851a1d" />
    <TestEntry testId="bb451fc7-c0fc-b71f-3b0d-45a13d1a772a" executionId="317354c8-4778-4daf-904b-5a2d9886b167" testListId="8c84fa94-04c1-424b-9868-57a2d4851a1d" />
    <TestEntry testId="c6bc8554-7927-00e2-a7fa-0b3a3c2b4aa2" executionId="5996c0ac-f196-4960-866d-038c9c674b77" testListId="8c84fa94-04c1-424b-9868-57a2d4851a1d" />
    <TestEntry testId="ca2fa920-b827-2294-b4cd-faeaf4472dfc" executionId="5819f056-8455-44fb-8e91-252778eb82e2" testListId="8c84fa94-04c1-424b-9868-57a2d4851a1d" />
    <TestEntry testId="b6e86c34-e523-66bb-6641-e4792d72f9ee" executionId="1ca11e20-ce4b-4d3d-afd6-b11f0d7e1d75" testListId="8c84fa94-04c1-424b-9868-57a2d4851a1d" />
    <TestEntry testId="d5fb2644-d797-3a4e-6531-1a75c8d65408" executionId="c6189df9-3361-405d-9ad1-479a1784cc29" testListId="8c84fa94-04c1-424b-9868-57a2d4851a1d" />
    <TestEntry testId="83a331b3-f90d-f07e-fa30-807969658030" executionId="fb734de5-e0ff-4a7b-a733-ca756c698986" testListId="8c84fa94-04c1-424b-9868-57a2d4851a1d" />
    <TestEntry testId="573857fb-800b-6bf2-710a-b07596a02691" executionId="0b04a628-fde7-4db9-907f-e19433a6d78b" testListId="8c84fa94-04c1-424b-9868-57a2d4851a1d" />
    <TestEntry testId="3efb8632-d275-2f59-6e77-6a95bebd84ae" executionId="8240b387-9781-44b7-88ff-661907c24ff0" testListId="8c84fa94-04c1-424b-9868-57a2d4851a1d" />
    <TestEntry testId="f0ebc854-c13b-2b60-a0fd-ffd0a235b26d" executionId="78e09f21-452f-4a05-8f8f-8c31c76c6063" testListId="8c84fa94-04c1-424b-9868-57a2d4851a1d" />
    <TestEntry testId="91acfdfe-b3ca-39a1-a1fe-286d51d61a08" executionId="752cd4c4-3025-4da3-b061-9eb830512cbb" testListId="8c84fa94-04c1-424b-9868-57a2d4851a1d" />
    <TestEntry testId="17f84e40-a26b-78e4-2dad-26313f9b7fcc" executionId="8fbe5c3a-1399-4743-8673-fb23e5a0892c" testListId="8c84fa94-04c1-424b-9868-57a2d4851a1d" />
    <TestEntry testId="f51e7d15-bb07-1f77-c496-763527081ab8" executionId="01635554-003c-4bcf-ab69-f2551eb2d2db" testListId="8c84fa94-04c1-424b-9868-57a2d4851a1d" />
    <TestEntry testId="3fde29d6-b00e-e198-01ad-3fbbe5dfc2fd" executionId="f57556e5-1244-4168-a726-52105aa83d6f" testListId="8c84fa94-04c1-424b-9868-57a2d4851a1d" />
    <TestEntry testId="8f61d7b7-60b9-d0ff-310b-d9cdc01b0f6a" executionId="2fd59577-1059-4932-914e-068887c18f4c" testListId="8c84fa94-04c1-424b-9868-57a2d4851a1d" />
    <TestEntry testId="c26036cb-f9a2-ec0b-8640-2471e542dc8b" executionId="1b505044-0eba-4180-a467-4740903a63f6" testListId="8c84fa94-04c1-424b-9868-57a2d4851a1d" />
    <TestEntry testId="c678b432-028d-2314-d5e0-c2e7439f5a1b" executionId="6c878e1f-6622-45a6-95bb-0fce90e3f85a" testListId="8c84fa94-04c1-424b-9868-57a2d4851a1d" />
    <TestEntry testId="20862179-ea04-7a02-2e88-39a6cf08c704" executionId="5185e2c9-32a0-457a-b169-094a6bc3d6c1" testListId="8c84fa94-04c1-424b-9868-57a2d4851a1d" />
    <TestEntry testId="814139e2-58fb-a737-92b7-36c04e0deab8" executionId="092ff7ce-5dbb-4b9f-b070-694c2690c4c5" testListId="8c84fa94-04c1-424b-9868-57a2d4851a1d" />
    <TestEntry testId="733b622e-46d5-d019-e7eb-f1f0d3677324" executionId="6b2b5364-ab47-4053-a49a-2f32d99d35fa" testListId="8c84fa94-04c1-424b-9868-57a2d4851a1d" />
    <TestEntry testId="f99da047-6c28-65f2-2cd6-bc6e29c618aa" executionId="46fc27b0-c0d8-46c2-b517-47814d2e50c5" testListId="8c84fa94-04c1-424b-9868-57a2d4851a1d" />
    <TestEntry testId="3be51c51-c709-c67b-75c9-3ba3e2cef999" executionId="62c87d33-c834-42ea-8de0-e77bc08438ee" testListId="8c84fa94-04c1-424b-9868-57a2d4851a1d" />
    <TestEntry testId="8e582c8c-bba7-7417-5c1c-e177b4dee6cc" executionId="c3199a3b-fcc2-46f1-98ee-a1dbb04eff80" testListId="8c84fa94-04c1-424b-9868-57a2d4851a1d" />
    <TestEntry testId="86eaf42e-c871-8ba8-6148-f8452ed3f9cf" executionId="436a8209-1184-4dd9-96fb-0386223aa38f" testListId="8c84fa94-04c1-424b-9868-57a2d4851a1d" />
    <TestEntry testId="094d33c7-f572-769c-7f62-073e28ba3516" executionId="0e55ca5c-1f75-4893-96fc-779979a92243" testListId="8c84fa94-04c1-424b-9868-57a2d4851a1d" />
    <TestEntry testId="dc0c2da5-f912-3a42-fb09-fd922bf21e0e" executionId="6743f10f-b6e4-4892-9986-e7a8acd98354" testListId="8c84fa94-04c1-424b-9868-57a2d4851a1d" />
    <TestEntry testId="f7076339-e5cf-6e19-d30b-284c92fc046e" executionId="8ecf4af5-5c64-47a1-becb-01b523fb3be4" testListId="8c84fa94-04c1-424b-9868-57a2d4851a1d" />
    <TestEntry testId="ecc470fa-6ca3-eddb-c95e-18809a25c516" executionId="28f4c3eb-e374-4aed-80f2-10be5970a82d" testListId="8c84fa94-04c1-424b-9868-57a2d4851a1d" />
    <TestEntry testId="ee9226e9-7a42-d049-4837-5da1cc22dce0" executionId="ece322d7-f310-46b6-81b8-66a42afcb267" testListId="8c84fa94-04c1-424b-9868-57a2d4851a1d" />
    <TestEntry testId="ebcc417d-cc96-72ca-2217-d9dc9359c6a9" executionId="76dfa3c7-8080-4f9e-83ec-b4b16cf9d373" testListId="8c84fa94-04c1-424b-9868-57a2d4851a1d" />
    <TestEntry testId="9fd4eb66-24c8-4e78-e05e-2e76a515b4f1" executionId="f7635d73-d4f9-431d-829c-b080b29469d3" testListId="8c84fa94-04c1-424b-9868-57a2d4851a1d" />
    <TestEntry testId="f16cf963-f1fd-a482-1f8d-a5f88ac77836" executionId="903a4192-b911-4aab-87d9-3327cf13f05f" testListId="8c84fa94-04c1-424b-9868-57a2d4851a1d" />
    <TestEntry testId="9fe3c6f4-c1ea-93f9-bac9-72568655ab11" executionId="6de974ed-38b6-4c58-af07-acc8777720b0" testListId="8c84fa94-04c1-424b-9868-57a2d4851a1d" />
    <TestEntry testId="93f501f4-581a-65e8-06b9-840cb25c5b26" executionId="49e68bb5-69c1-40b5-8086-7b45e222f1fd" testListId="8c84fa94-04c1-424b-9868-57a2d4851a1d" />
    <TestEntry testId="b765d0cf-1fe6-73b4-d57a-f5ad7d890fbe" executionId="f6b9563a-166e-4014-b440-79527942277c" testListId="8c84fa94-04c1-424b-9868-57a2d4851a1d" />
    <TestEntry testId="598d5d0f-e711-eeeb-ae86-9f1a3129bef6" executionId="06cae203-7a4c-478f-8835-f91f7b1ea9e2" testListId="8c84fa94-04c1-424b-9868-57a2d4851a1d" />
    <TestEntry testId="f3fc3b2a-fd0c-ed34-201e-80335edc57c1" executionId="1102bc46-f24a-41dd-8301-03c6660d2fa7" testListId="8c84fa94-04c1-424b-9868-57a2d4851a1d" />
    <TestEntry testId="73046387-2950-c952-87c9-d824b259d8e4" executionId="7882dbba-38b7-4f4a-8ee9-8b35f54dfb3a" testListId="8c84fa94-04c1-424b-9868-57a2d4851a1d" />
    <TestEntry testId="a72557df-c6d0-bf9b-8d3c-1786d4a4b577" executionId="96c94e4a-5db6-48ef-8fde-6eb5119090db" testListId="8c84fa94-04c1-424b-9868-57a2d4851a1d" />
    <TestEntry testId="9e417947-1d7d-d9ea-7371-5dd738e87907" executionId="1d5c6f89-43b5-4739-902e-361f953718ca" testListId="8c84fa94-04c1-424b-9868-57a2d4851a1d" />
    <TestEntry testId="d8163710-1b5a-3346-13fe-885c38e1ff86" executionId="5e1878bf-1d7f-4f04-80af-db1c8d638644" testListId="8c84fa94-04c1-424b-9868-57a2d4851a1d" />
    <TestEntry testId="5ff9b51c-4e1c-5c3c-4658-c019f545cefe" executionId="ed77dc63-da3e-4fed-8491-91415c99e7c8" testListId="8c84fa94-04c1-424b-9868-57a2d4851a1d" />
    <TestEntry testId="7a4fa23b-ecc1-2f50-1983-409ce3c0dca1" executionId="60a2a36b-20aa-4f97-9aef-0f4ccc3a0027" testListId="8c84fa94-04c1-424b-9868-57a2d4851a1d" />
    <TestEntry testId="ef630a96-b5e5-f228-c2c4-385d4fbb0e17" executionId="4fa765ed-09a7-4b69-b025-e84ff8c5a495" testListId="8c84fa94-04c1-424b-9868-57a2d4851a1d" />
    <TestEntry testId="eef8fe52-ade5-fee8-4100-d6d4d79ef170" executionId="bb8c9bf5-5558-475b-8cd8-7f71ebf4858e" testListId="8c84fa94-04c1-424b-9868-57a2d4851a1d" />
    <TestEntry testId="8ff662f7-902d-1d8f-6cc5-cf300f29f4ab" executionId="24c144e6-6348-4554-a23a-29ca94373bbb" testListId="8c84fa94-04c1-424b-9868-57a2d4851a1d" />
    <TestEntry testId="a3af70b7-cccc-2f1a-f5b6-ff03b6d8d4b6" executionId="17873bf8-acc5-4c97-8c18-56b7afa9a160" testListId="8c84fa94-04c1-424b-9868-57a2d4851a1d" />
    <TestEntry testId="881423ae-c0a0-be52-9b9c-f112789c6fd1" executionId="951c9c76-f6a1-4350-8d1e-dc25c9fae35a" testListId="8c84fa94-04c1-424b-9868-57a2d4851a1d" />
    <TestEntry testId="9d8a588f-3c31-3abc-34a4-267dbbb20587" executionId="c4f79e7b-c41f-421e-9613-3c796bc80f3a" testListId="8c84fa94-04c1-424b-9868-57a2d4851a1d" />
    <TestEntry testId="44b64df8-00fb-dd2c-9170-5241716ab1c5" executionId="3cda7863-09b7-4ec6-a8ab-637e0beaffee" testListId="8c84fa94-04c1-424b-9868-57a2d4851a1d" />
    <TestEntry testId="9c32895e-ff17-9088-af25-1072fc42037c" executionId="63d2b4c3-5ad4-48b0-9f84-c19f88e63ecd" testListId="8c84fa94-04c1-424b-9868-57a2d4851a1d" />
    <TestEntry testId="64909267-7858-2c7e-6ca5-58a8ad48f31c" executionId="a6ede598-7357-4171-9bd2-ee0fe1ed72b9" testListId="8c84fa94-04c1-424b-9868-57a2d4851a1d" />
    <TestEntry testId="9b9fb463-c1cb-b31f-c4c2-bbffd2c2dc38" executionId="c84976b3-2916-4c4b-b0fb-9aca3ea4e40d" testListId="8c84fa94-04c1-424b-9868-57a2d4851a1d" />
    <TestEntry testId="0aeb399b-3861-f3f6-cb85-96ab5dcf2ac5" executionId="eb290766-5ee7-49ba-9d24-aa8339b84146" testListId="8c84fa94-04c1-424b-9868-57a2d4851a1d" />
    <TestEntry testId="e44fafea-f50e-d18a-def7-a264dfd08a2a" executionId="087706a9-4169-4693-843e-bb3179702d63" testListId="8c84fa94-04c1-424b-9868-57a2d4851a1d" />
    <TestEntry testId="1a302332-10c8-5dc6-da00-94451bfe7efd" executionId="0b291ee6-64bd-4438-8b84-1f267c3a0c32" testListId="8c84fa94-04c1-424b-9868-57a2d4851a1d" />
    <TestEntry testId="d7ca02f8-7e5d-6bf1-c855-672d978358c4" executionId="5855d009-18d1-4e29-b6f5-1e0474841e3a" testListId="8c84fa94-04c1-424b-9868-57a2d4851a1d" />
    <TestEntry testId="325e10cb-fddc-b22a-aef6-214176508cda" executionId="ff947335-cbc9-4385-a376-e1d04e3babaa" testListId="8c84fa94-04c1-424b-9868-57a2d4851a1d" />
    <TestEntry testId="228df2e2-11df-46d9-280e-d46a319f683b" executionId="269cd7da-bb9d-421a-bb21-5fbe94e364f9" testListId="8c84fa94-04c1-424b-9868-57a2d4851a1d" />
    <TestEntry testId="32876b14-7506-d499-7fa0-d1216c75f74e" executionId="4df7f8f8-91df-4720-97f3-11582c5ae22b" testListId="8c84fa94-04c1-424b-9868-57a2d4851a1d" />
    <TestEntry testId="04320c81-7ccf-f4d3-d4b7-3cbe736a791c" executionId="f7d4c9e1-6e2c-46a9-8b61-774acd1789d3" testListId="8c84fa94-04c1-424b-9868-57a2d4851a1d" />
    <TestEntry testId="ab86455a-c8b3-eae2-e3ab-342237edf022" executionId="61a26a6f-cee6-4969-9042-f6f2d13e4b4c" testListId="8c84fa94-04c1-424b-9868-57a2d4851a1d" />
    <TestEntry testId="5a9e08ea-a0c8-9a43-60de-b13ced81a7fa" executionId="ccb924de-2392-4fae-bb1d-cfac6bdb1142" testListId="8c84fa94-04c1-424b-9868-57a2d4851a1d" />
    <TestEntry testId="87cb965c-9deb-6d96-379b-010b3bf5a5a3" executionId="78da2b88-b89f-4bcb-84bb-1472112e9c6e" testListId="8c84fa94-04c1-424b-9868-57a2d4851a1d" />
    <TestEntry testId="4ba49b95-7c08-b217-809c-3d6c10b4d388" executionId="080884d2-8864-483f-b15d-ae312dd4c55d" testListId="8c84fa94-04c1-424b-9868-57a2d4851a1d" />
    <TestEntry testId="d0999a64-256c-41ac-9334-9223de20a154" executionId="ad86f32a-3e81-4085-829c-643f65a648ec" testListId="8c84fa94-04c1-424b-9868-57a2d4851a1d" />
    <TestEntry testId="b74e57f7-d221-4f98-4319-b83e29d3b4e6" executionId="3582629e-61eb-41c3-95a0-1361f765ac21" testListId="8c84fa94-04c1-424b-9868-57a2d4851a1d" />
    <TestEntry testId="e07e83cc-7f92-bb46-c8b3-934aab5700ee" executionId="3e716e78-e7d1-4707-8af0-b7311bbe21a3" testListId="8c84fa94-04c1-424b-9868-57a2d4851a1d" />
    <TestEntry testId="feaed097-5808-62b9-4211-f6bdd56b855b" executionId="c26f07f6-3d42-43de-a2e1-1df0afde4b3b" testListId="8c84fa94-04c1-424b-9868-57a2d4851a1d" />
    <TestEntry testId="5ab640ef-9d1c-45b8-fae5-6ee62af4d9aa" executionId="e52f41c0-8e50-4f9b-93fc-61486efedac7" testListId="8c84fa94-04c1-424b-9868-57a2d4851a1d" />
    <TestEntry testId="ac15fd27-a253-7dca-7539-8cb0e2493685" executionId="17a870f7-55d2-4bff-a9fa-7f4309cb7acd" testListId="8c84fa94-04c1-424b-9868-57a2d4851a1d" />
    <TestEntry testId="4c87aa0c-c56b-b754-a41b-f1573972c44b" executionId="80dbb74e-e559-4001-be3b-b91d7c269ba5" testListId="8c84fa94-04c1-424b-9868-57a2d4851a1d" />
    <TestEntry testId="486ac0ee-b49e-25d1-6f5a-003a269c400a" executionId="11158197-b62b-4b09-938b-513e377197cd" testListId="8c84fa94-04c1-424b-9868-57a2d4851a1d" />
    <TestEntry testId="bdcd76b9-81f3-1804-35f3-1aa220e4eec0" executionId="a9baa947-071a-40b5-988f-021186c42d4e" testListId="8c84fa94-04c1-424b-9868-57a2d4851a1d" />
    <TestEntry testId="d38d4de2-3b2f-ed9d-2f05-f552e0beab81" executionId="b1bce46a-e1e7-44ad-8538-801867df0af5" testListId="8c84fa94-04c1-424b-9868-57a2d4851a1d" />
    <TestEntry testId="70819f6f-5238-c536-22d3-ac2077b9ee2f" executionId="99a39912-7fca-4772-a221-987e2ef6a4ca" testListId="8c84fa94-04c1-424b-9868-57a2d4851a1d" />
    <TestEntry testId="599ccfee-b92f-9c95-c440-e902348632b1" executionId="5b126bf7-0abe-493c-a1c9-de3d617a722b" testListId="8c84fa94-04c1-424b-9868-57a2d4851a1d" />
    <TestEntry testId="48fe9dfa-00bd-7412-25ad-d8f31c9359f8" executionId="1639907a-2a72-4bf7-98fa-e54ad2043320" testListId="8c84fa94-04c1-424b-9868-57a2d4851a1d" />
    <TestEntry testId="43b55bcc-c864-a344-f19c-a4697d7e93a7" executionId="3e7148c3-d4ad-4aec-a3cb-5050fc2c307d" testListId="8c84fa94-04c1-424b-9868-57a2d4851a1d" />
    <TestEntry testId="f7c16456-b7d4-66e5-3c74-5f452b4337f8" executionId="9f28bd6b-148a-4169-ab70-727c4fe78df5" testListId="8c84fa94-04c1-424b-9868-57a2d4851a1d" />
    <TestEntry testId="4e68a32c-ff08-c297-66c1-434586f970b4" executionId="28d54c18-95ea-4ac9-a221-48606943739e" testListId="8c84fa94-04c1-424b-9868-57a2d4851a1d" />
    <TestEntry testId="78670e21-b607-d283-8276-335ac4634948" executionId="073da6bb-0076-4c00-bddf-8531f06a516c" testListId="8c84fa94-04c1-424b-9868-57a2d4851a1d" />
    <TestEntry testId="83deb65f-c361-2dce-240a-5f709eb9caac" executionId="37529ecf-a5e1-4f12-857a-075bf850487c" testListId="8c84fa94-04c1-424b-9868-57a2d4851a1d" />
    <TestEntry testId="bdf8315c-0866-8394-822f-43fe7126a554" executionId="7d89bfb8-3dbf-4eef-9288-9780a55c9ffe" testListId="8c84fa94-04c1-424b-9868-57a2d4851a1d" />
    <TestEntry testId="43678e4b-76d3-16cd-8a75-088cc017a9ed" executionId="c115616c-02d3-4de7-9938-0fee84c3e726" testListId="8c84fa94-04c1-424b-9868-57a2d4851a1d" />
    <TestEntry testId="2ef2d587-4907-1f3d-44fe-4a133e95d6e4" executionId="fc6b2d42-b73a-49a6-b6a3-4faf043d367b" testListId="8c84fa94-04c1-424b-9868-57a2d4851a1d" />
    <TestEntry testId="687a6af6-f510-b02e-6fb3-d5ea1a845375" executionId="88e6a244-81ff-45ee-869e-2107fc85cb18" testListId="8c84fa94-04c1-424b-9868-57a2d4851a1d" />
    <TestEntry testId="0ea2702b-3b94-2ec6-f6e7-7129973ec32e" executionId="568b0df5-a266-463b-b67a-1675ea93e428" testListId="8c84fa94-04c1-424b-9868-57a2d4851a1d" />
    <TestEntry testId="d8f4590a-d691-b8bc-3b9d-7fe3eabd6a0f" executionId="e1ba806b-cbf8-4579-bf05-f3b0c19905f6" testListId="8c84fa94-04c1-424b-9868-57a2d4851a1d" />
    <TestEntry testId="35f7f4a5-68b4-b2cc-93d0-68a0b4a2c229" executionId="dda9792d-2571-4af7-be67-7733079fabda" testListId="8c84fa94-04c1-424b-9868-57a2d4851a1d" />
    <TestEntry testId="aea5dfb9-2254-cf07-0f94-f25708ec001e" executionId="70456d73-0f37-4f05-81d2-bccb9971259a" testListId="8c84fa94-04c1-424b-9868-57a2d4851a1d" />
    <TestEntry testId="aa95d3e0-9e62-a140-03a8-fd8c7afa3a9a" executionId="f09a0599-07d5-4857-8268-40a9ea7a56a6" testListId="8c84fa94-04c1-424b-9868-57a2d4851a1d" />
    <TestEntry testId="1a160085-e2e0-6b05-b0a8-e0baf69c094c" executionId="b42a1bf3-ae2a-4988-aa34-af63defb3c31" testListId="8c84fa94-04c1-424b-9868-57a2d4851a1d" />
    <TestEntry testId="ce0ec4ad-4a97-7a3e-1f50-3df70b371e15" executionId="1618def3-a69f-4e33-8915-e908e6dd7368" testListId="8c84fa94-04c1-424b-9868-57a2d4851a1d" />
    <TestEntry testId="70f2deb9-f62f-0893-d2d1-536539fb9391" executionId="b6ea0305-5ac3-4fc0-9245-2106cb611695" testListId="8c84fa94-04c1-424b-9868-57a2d4851a1d" />
    <TestEntry testId="66f40d0c-4c23-d10b-afaf-5fe3e22726d9" executionId="0a933dc1-d5b2-4022-b3ab-96c75719b0b2" testListId="8c84fa94-04c1-424b-9868-57a2d4851a1d" />
    <TestEntry testId="cec89ca4-3479-4c5d-b21d-8ee981af7dd6" executionId="aefb13dd-6606-468a-a713-83d234911d1f" testListId="8c84fa94-04c1-424b-9868-57a2d4851a1d" />
    <TestEntry testId="f7272b3f-113e-703c-2842-a1c9d4adb7bb" executionId="94e173aa-278d-4b14-bf6e-f119a8d8a454" testListId="8c84fa94-04c1-424b-9868-57a2d4851a1d" />
    <TestEntry testId="fe9fa5ff-b8ec-9da8-f475-9b5dd8c18a81" executionId="a6833024-ee82-48f2-a7e4-0ebbcf5a89cd" testListId="8c84fa94-04c1-424b-9868-57a2d4851a1d" />
    <TestEntry testId="9cb65c54-10b7-6be6-1f38-fad266ba3e96" executionId="98be1288-3ab7-4a2a-b9fe-5cf9cc9687a6" testListId="8c84fa94-04c1-424b-9868-57a2d4851a1d" />
    <TestEntry testId="aea62d5f-9178-cad8-33d2-858954d9a8ee" executionId="2164b28d-22d8-4ca3-a576-ed6da2f16f4a" testListId="8c84fa94-04c1-424b-9868-57a2d4851a1d" />
    <TestEntry testId="9a2ae23d-13da-c24d-5e36-de3d633eaea3" executionId="4db942ed-b98c-4b5a-a5db-7d479976dd91" testListId="8c84fa94-04c1-424b-9868-57a2d4851a1d" />
    <TestEntry testId="20ca43c6-2f14-43d9-a49c-571d28462c6a" executionId="dabfddec-4597-4124-a8f8-a0b9ceadecab" testListId="8c84fa94-04c1-424b-9868-57a2d4851a1d" />
    <TestEntry testId="a8d7312b-c46b-8cf5-29bb-7947f5804bd9" executionId="35bf9e9f-6160-4ac9-a7de-1269efab83db" testListId="8c84fa94-04c1-424b-9868-57a2d4851a1d" />
    <TestEntry testId="22e4cc9e-6a1d-3de4-9202-014788054b67" executionId="cf4be99c-90c3-4d1f-9644-16d0edce3d47" testListId="8c84fa94-04c1-424b-9868-57a2d4851a1d" />
    <TestEntry testId="933352dc-2e18-19cc-d934-804f139458f1" executionId="cac73dda-bfe4-4ab9-b3f0-6f0acec1d940" testListId="8c84fa94-04c1-424b-9868-57a2d4851a1d" />
    <TestEntry testId="8eb4f19d-f1e9-80a5-2ae2-3c12f9b07d80" executionId="c2d0465e-3db4-4e18-a77e-42011cd0a5cf" testListId="8c84fa94-04c1-424b-9868-57a2d4851a1d" />
    <TestEntry testId="c3809a3c-e353-b14a-7852-059c4037db12" executionId="345fa980-71a3-435c-b7ab-15fcecca46b3" testListId="8c84fa94-04c1-424b-9868-57a2d4851a1d" />
    <TestEntry testId="3bbcc241-05a1-26d1-f42f-481535a2e59b" executionId="72dc2d15-9695-45dc-a385-5e25cc94eb15" testListId="8c84fa94-04c1-424b-9868-57a2d4851a1d" />
    <TestEntry testId="5fa7f6c3-59dd-66f0-508e-049e14919de5" executionId="56a321b7-6559-4835-bd48-14f5e869e961" testListId="8c84fa94-04c1-424b-9868-57a2d4851a1d" />
    <TestEntry testId="bc6fa33b-84d2-33f4-a839-c3b9b827711f" executionId="c06ee9d4-d5d1-4df6-bbd2-ed3804a70378" testListId="8c84fa94-04c1-424b-9868-57a2d4851a1d" />
    <TestEntry testId="235a6a97-15ca-0bdb-be3c-2d790318c044" executionId="f019d172-0b4c-434c-b2d8-208334292324" testListId="8c84fa94-04c1-424b-9868-57a2d4851a1d" />
    <TestEntry testId="b2b84e0f-7a42-e121-7c85-d420a429a320" executionId="1a459bac-53e6-44ae-9aab-8302bc878f3c" testListId="8c84fa94-04c1-424b-9868-57a2d4851a1d" />
    <TestEntry testId="203250db-4eeb-a0f2-a3da-987ceaf617b3" executionId="f4991de9-9252-495a-b635-deb090d41c40" testListId="8c84fa94-04c1-424b-9868-57a2d4851a1d" />
    <TestEntry testId="550cfad2-fa8b-209d-97fe-fd68247d99ef" executionId="9f8cc407-d5ed-4cbf-921c-3d836eed9b4b" testListId="8c84fa94-04c1-424b-9868-57a2d4851a1d" />
    <TestEntry testId="ba9bbd2d-f93e-3b6a-e55e-22dc493457da" executionId="27b0901f-8b72-4f5d-8b60-d93b61851758" testListId="8c84fa94-04c1-424b-9868-57a2d4851a1d" />
    <TestEntry testId="a243b43f-29a5-816f-9ac8-8f363157b14a" executionId="4a60ce23-fd74-423a-8b04-7dde235427c5" testListId="8c84fa94-04c1-424b-9868-57a2d4851a1d" />
    <TestEntry testId="3fed6b17-91ce-8aa8-f441-7da427c10db2" executionId="a9c130ab-65f5-48a3-9d8a-37f022e44205" testListId="8c84fa94-04c1-424b-9868-57a2d4851a1d" />
    <TestEntry testId="dd590c5c-2e27-43dc-ade1-d132bfa06046" executionId="b5716436-d69d-401a-b9c8-93ba1d89d432" testListId="8c84fa94-04c1-424b-9868-57a2d4851a1d" />
    <TestEntry testId="4d7616d3-3d89-3b42-9496-b2ce88cc2ef7" executionId="084bbc27-3a12-460a-b2cf-5af39758d127" testListId="8c84fa94-04c1-424b-9868-57a2d4851a1d" />
    <TestEntry testId="b980dc1f-9797-a5d1-9815-bd2b5788615a" executionId="397fd9a3-fb6f-41e9-8a04-a411d74934bc" testListId="8c84fa94-04c1-424b-9868-57a2d4851a1d" />
    <TestEntry testId="1c9f7d1c-99e8-3c4a-3b34-4f124995bd4b" executionId="20a5fc1d-58ec-47a5-9f8e-00ed334c1409" testListId="8c84fa94-04c1-424b-9868-57a2d4851a1d" />
    <TestEntry testId="35d82225-fcce-04ac-1c34-1cc371c17751" executionId="029384db-6339-4f9b-b1fe-5a410ab348a9" testListId="8c84fa94-04c1-424b-9868-57a2d4851a1d" />
    <TestEntry testId="78410454-9798-10a4-a6b0-96d74dd2313c" executionId="efa68114-ef0f-4b2f-a94b-fa1fc8c6e0d4" testListId="8c84fa94-04c1-424b-9868-57a2d4851a1d" />
    <TestEntry testId="b4910ef8-8100-8147-1c49-985272aefa18" executionId="de175b1e-f046-4e57-ab83-71170e1e0814" testListId="8c84fa94-04c1-424b-9868-57a2d4851a1d" />
    <TestEntry testId="de9a4295-a58a-11d2-bd90-4d4252c4beb3" executionId="7b33b638-da8c-4a79-8c9b-8b5e0a02449b" testListId="8c84fa94-04c1-424b-9868-57a2d4851a1d" />
    <TestEntry testId="593aa971-5620-06a4-7e04-53178c3e9541" executionId="6f00abd5-1d3f-4244-9c87-26822ae19763" testListId="8c84fa94-04c1-424b-9868-57a2d4851a1d" />
    <TestEntry testId="52ae5aec-9df8-776c-3d9e-043bf189964e" executionId="91365da7-6958-4270-ba07-6085ff359eb8" testListId="8c84fa94-04c1-424b-9868-57a2d4851a1d" />
    <TestEntry testId="7152b996-422a-4961-88f9-ab00327f89a3" executionId="78b5211e-2cb6-4e0c-be05-255a883888d9" testListId="8c84fa94-04c1-424b-9868-57a2d4851a1d" />
    <TestEntry testId="71073285-cc2d-f8d3-1325-46ab19b4f857" executionId="c14252a9-64a0-4476-8c1e-c2bf800fe89c" testListId="8c84fa94-04c1-424b-9868-57a2d4851a1d" />
    <TestEntry testId="e271b044-e1ee-b1ea-4f44-29d190086149" executionId="76c1cc59-412e-4d1e-8b26-0529dc4e43bd" testListId="8c84fa94-04c1-424b-9868-57a2d4851a1d" />
    <TestEntry testId="171856fa-1167-5209-7892-35844f4128ab" executionId="20c450f7-b147-4172-a259-64b03d7897c2" testListId="8c84fa94-04c1-424b-9868-57a2d4851a1d" />
    <TestEntry testId="0d80d064-ff69-d296-eb8e-f7eabb4fd864" executionId="aa13c027-0d40-454f-880a-9d515b2d6919" testListId="8c84fa94-04c1-424b-9868-57a2d4851a1d" />
    <TestEntry testId="34db90ba-7cc6-925f-b388-252fcd27491d" executionId="d1e817b2-3741-4a2a-a738-4e1310c21c2e" testListId="8c84fa94-04c1-424b-9868-57a2d4851a1d" />
    <TestEntry testId="a652b815-d800-d206-be7c-325ec52c6c7d" executionId="f0e624bd-4b60-468d-91e3-cdb98ee380e7" testListId="8c84fa94-04c1-424b-9868-57a2d4851a1d" />
    <TestEntry testId="f710f672-589f-2591-bbe8-d5b2015480ef" executionId="69853856-6695-47f1-a3bb-ef3af9807613" testListId="8c84fa94-04c1-424b-9868-57a2d4851a1d" />
    <TestEntry testId="6975686a-7378-a6a3-28cf-2326d3990cc5" executionId="6a7c5a4c-1d7b-46f9-b66c-d17ac4dd23dc" testListId="8c84fa94-04c1-424b-9868-57a2d4851a1d" />
    <TestEntry testId="56f6c4c3-2604-c015-29ad-92d62b733dfd" executionId="45657489-c340-41bf-b586-fa80aaad2b26" testListId="8c84fa94-04c1-424b-9868-57a2d4851a1d" />
    <TestEntry testId="588ff876-ec36-54e8-8872-562ec2940133" executionId="e0d6891c-82cd-464f-8169-cf71ca9686a8" testListId="8c84fa94-04c1-424b-9868-57a2d4851a1d" />
    <TestEntry testId="d7f3e071-ffc3-5a50-84e7-e831b56a656d" executionId="49b71400-c1fb-4a99-823c-b65b34344402" testListId="8c84fa94-04c1-424b-9868-57a2d4851a1d" />
    <TestEntry testId="cb29dac1-8764-e240-82e6-34668ec60cf1" executionId="c8a45f6c-dc7f-494b-81c4-542843214a6a" testListId="8c84fa94-04c1-424b-9868-57a2d4851a1d" />
    <TestEntry testId="a23aeb64-4fee-a5f0-e2cf-340259a52ab4" executionId="b76692a0-aaff-4cb1-b62e-945d3df35745" testListId="8c84fa94-04c1-424b-9868-57a2d4851a1d" />
    <TestEntry testId="ca942ca3-b5c9-9985-bebf-57fc1c01b141" executionId="76d194b0-b6f5-4a97-9a45-54d663d36ef8" testListId="8c84fa94-04c1-424b-9868-57a2d4851a1d" />
    <TestEntry testId="868b3b6e-76b6-d018-a5a6-215427fdffdf" executionId="aff763f1-4a5a-4742-bdc0-406ae56edcc7" testListId="8c84fa94-04c1-424b-9868-57a2d4851a1d" />
    <TestEntry testId="ca2d1650-b595-d5b1-c9bb-cff3c43c7aa3" executionId="6e545fe5-7e26-4a85-9aa5-5c120c30b606" testListId="8c84fa94-04c1-424b-9868-57a2d4851a1d" />
    <TestEntry testId="36a69c1a-e7ef-dbb8-ed45-6b67da6ffa22" executionId="246ad4fa-2cb3-4529-9fa6-e3931ae6e51b" testListId="8c84fa94-04c1-424b-9868-57a2d4851a1d" />
    <TestEntry testId="834bc393-0d98-623d-7495-886f81045728" executionId="33a0f52d-9d75-4546-bc2d-da8140f01553" testListId="8c84fa94-04c1-424b-9868-57a2d4851a1d" />
    <TestEntry testId="fd34d79d-6a71-f6d7-434a-60dde659bbd3" executionId="d5d600e9-cba1-4cd6-b68c-281ac82b1319" testListId="8c84fa94-04c1-424b-9868-57a2d4851a1d" />
    <TestEntry testId="d18da944-7e75-6c06-b1c7-1f96f8921220" executionId="d3734f8e-01fd-4295-b275-e3a87b39c5ce" testListId="8c84fa94-04c1-424b-9868-57a2d4851a1d" />
    <TestEntry testId="ab91da9c-0e86-f635-ac5f-67e2ac6c00d5" executionId="3df98a3f-24b5-4d51-900c-2e3ad621b77f" testListId="8c84fa94-04c1-424b-9868-57a2d4851a1d" />
    <TestEntry testId="7bb5987c-b561-d879-6bfa-fddf21ff03a7" executionId="81ab7a2a-cb18-4cfe-b0af-af8797c9d63f" testListId="8c84fa94-04c1-424b-9868-57a2d4851a1d" />
    <TestEntry testId="7f61d5ae-c293-961d-5c60-2fd2f6f8b8a0" executionId="27584c0a-6ff7-473c-8693-f50ab9757774" testListId="8c84fa94-04c1-424b-9868-57a2d4851a1d" />
    <TestEntry testId="a567eb44-b9b3-10da-64f7-98055ff68c28" executionId="c58d9ca2-dbf6-46a6-b93f-f3e80f53d19a" testListId="8c84fa94-04c1-424b-9868-57a2d4851a1d" />
    <TestEntry testId="d36822ca-313a-7605-49b0-c19c37c6127f" executionId="90d8f8f8-1dbb-46b8-b7ff-0821b0966c2f" testListId="8c84fa94-04c1-424b-9868-57a2d4851a1d" />
    <TestEntry testId="7fbd8cd6-5269-2a27-a6ab-cabaa043e40b" executionId="a22ca804-c89c-47ba-ae14-071ea2a2e0b7" testListId="8c84fa94-04c1-424b-9868-57a2d4851a1d" />
    <TestEntry testId="901a68aa-7787-c851-1b49-e53cb2749abf" executionId="bfafa99d-efda-460d-b47b-f3c6e3aae0f2" testListId="8c84fa94-04c1-424b-9868-57a2d4851a1d" />
    <TestEntry testId="aa54e5c8-4842-fdf7-6d33-fe6b056034b3" executionId="517a985f-8c56-4eb0-aade-a552cca2204b" testListId="8c84fa94-04c1-424b-9868-57a2d4851a1d" />
    <TestEntry testId="d6728601-eae0-dd7f-2f47-f9029823748f" executionId="a32be1a4-e300-42f4-81a3-9de05399addf" testListId="8c84fa94-04c1-424b-9868-57a2d4851a1d" />
    <TestEntry testId="47770e9f-009b-55e0-aa71-80683ddbf0fb" executionId="2c50abf8-ad5d-496d-851c-6289469ff63b" testListId="8c84fa94-04c1-424b-9868-57a2d4851a1d" />
    <TestEntry testId="00ba3071-31c1-0f6e-3800-6f9ad50402df" executionId="161a2aaa-1d84-4b52-97f4-40af563950a5" testListId="8c84fa94-04c1-424b-9868-57a2d4851a1d" />
    <TestEntry testId="e1ae1242-d694-f8f9-10e5-6e7a3c17bac6" executionId="978e404f-1260-4a5c-ba34-01ddb0e3ff3f" testListId="8c84fa94-04c1-424b-9868-57a2d4851a1d" />
    <TestEntry testId="c93b3e42-de25-38a6-5d2b-084c952be414" executionId="307d14d1-7fbd-43dd-b43c-0940b992b32e" testListId="8c84fa94-04c1-424b-9868-57a2d4851a1d" />
    <TestEntry testId="72f35452-ae18-a81e-a215-eabf2f938f12" executionId="debac75c-2c26-4db1-b2f3-d7abbf300017" testListId="8c84fa94-04c1-424b-9868-57a2d4851a1d" />
    <TestEntry testId="8194f756-0832-a32e-60b1-19c8d7103413" executionId="563d6f81-c895-4370-be60-3cc0dc5a834d" testListId="8c84fa94-04c1-424b-9868-57a2d4851a1d" />
    <TestEntry testId="32fc502d-9cb3-be3e-d7d9-da55ad2cd200" executionId="da491c9f-1568-4f09-903d-2b65a0e153ec" testListId="8c84fa94-04c1-424b-9868-57a2d4851a1d" />
    <TestEntry testId="728dd74c-5776-cc49-d6bb-366e73e8938c" executionId="38910ff8-be40-47b2-963f-94150e32c193" testListId="8c84fa94-04c1-424b-9868-57a2d4851a1d" />
    <TestEntry testId="ce8380c5-c8aa-6b45-78f7-a8afc7e17e5d" executionId="d120726d-4e38-4e92-b629-e8191019744f" testListId="8c84fa94-04c1-424b-9868-57a2d4851a1d" />
    <TestEntry testId="1ea60712-f3af-7647-a569-c4b38aac78ea" executionId="d8b58cea-b064-4cc9-a60c-e1c6ba814f28" testListId="8c84fa94-04c1-424b-9868-57a2d4851a1d" />
    <TestEntry testId="e6811246-bbd2-f90b-6c77-9e70a20e3b20" executionId="45482b62-5994-4961-8df3-03446a034995" testListId="8c84fa94-04c1-424b-9868-57a2d4851a1d" />
    <TestEntry testId="22ca97d6-033b-cf61-7203-4444f24a4a92" executionId="cb31d6c7-b85b-45d2-a73d-92fd29597aa2" testListId="8c84fa94-04c1-424b-9868-57a2d4851a1d" />
    <TestEntry testId="e220f231-ed56-ebfb-e964-355cefc3364e" executionId="42de5730-6fae-4a89-9c07-b79acfd6cc07" testListId="8c84fa94-04c1-424b-9868-57a2d4851a1d" />
    <TestEntry testId="09a55fcb-0eee-e804-a52c-b0d4bf548464" executionId="97eeb648-be1f-458c-9241-28dc4171521f" testListId="8c84fa94-04c1-424b-9868-57a2d4851a1d" />
    <TestEntry testId="92076d0f-acfe-255b-5fb1-f30e5a145d3b" executionId="4c292787-4037-4424-aa19-f208d94c2be0" testListId="8c84fa94-04c1-424b-9868-57a2d4851a1d" />
    <TestEntry testId="6e52751a-538c-2d39-5d97-bf8a9ed56a9c" executionId="535fad79-eef3-4efd-9f25-bc94e0a9efbd" testListId="8c84fa94-04c1-424b-9868-57a2d4851a1d" />
    <TestEntry testId="1bc809a8-afd9-bba4-87fb-170f78940090" executionId="ef8573a6-c80e-4738-87c4-d794e0030372" testListId="8c84fa94-04c1-424b-9868-57a2d4851a1d" />
    <TestEntry testId="1d6ac556-2a91-afc5-3b2d-3b023d07f95b" executionId="57e09b9b-54b5-44fc-911d-4f7b4e647b6e" testListId="8c84fa94-04c1-424b-9868-57a2d4851a1d" />
    <TestEntry testId="bdd573ed-f35c-1e8b-14a2-bfaaa93b8de8" executionId="7af16b44-bbd5-496a-982f-5cee22517137" testListId="8c84fa94-04c1-424b-9868-57a2d4851a1d" />
    <TestEntry testId="4a7c2bdf-ce23-9336-545f-1fa2b8f89c3d" executionId="90247e44-3b40-49d3-9955-c6f41c11cb7f" testListId="8c84fa94-04c1-424b-9868-57a2d4851a1d" />
    <TestEntry testId="d6d61d68-433a-498f-6484-e644581b7e25" executionId="e243cfb0-c596-4f89-af43-d6242eae4deb" testListId="8c84fa94-04c1-424b-9868-57a2d4851a1d" />
    <TestEntry testId="0530c07e-bb9b-b2d6-8cb2-b1e299d0c41d" executionId="12051115-0249-4b60-b4c8-f263d39be7e3" testListId="8c84fa94-04c1-424b-9868-57a2d4851a1d" />
    <TestEntry testId="db90267e-1133-e177-59c5-fc43acc05aec" executionId="46c5114d-8759-4738-8858-e4bbb247dcc2" testListId="8c84fa94-04c1-424b-9868-57a2d4851a1d" />
    <TestEntry testId="61478804-37c6-3f19-8d29-b15fb393caef" executionId="cc6368e5-6a9d-4a5a-8464-aac93be0d26c" testListId="8c84fa94-04c1-424b-9868-57a2d4851a1d" />
    <TestEntry testId="337fb61c-0417-0206-2b53-a5a13e98e43f" executionId="40fa603d-0c33-42d6-a3b6-b16e73c654ef" testListId="8c84fa94-04c1-424b-9868-57a2d4851a1d" />
    <TestEntry testId="4a9ee53d-4492-6d40-8fa6-c23adf2b7cfc" executionId="8a3781d4-3ab8-4e1d-b459-77164b998f8e" testListId="8c84fa94-04c1-424b-9868-57a2d4851a1d" />
    <TestEntry testId="af207a6c-649f-b642-3f18-975653fda64d" executionId="a8d83731-66a8-4e1b-865f-7febf974aafb" testListId="8c84fa94-04c1-424b-9868-57a2d4851a1d" />
    <TestEntry testId="3adf4dba-a8f9-072b-5ae8-0384b38576a4" executionId="8f6041bb-09c8-4b2a-856d-628159343830" testListId="8c84fa94-04c1-424b-9868-57a2d4851a1d" />
    <TestEntry testId="d4bdc929-2aa7-ca01-4fc2-912ac3e1f0f6" executionId="bb7891f3-75b3-4aca-8c12-c2b240b809b2" testListId="8c84fa94-04c1-424b-9868-57a2d4851a1d" />
    <TestEntry testId="aa5a8bd0-7be2-9441-09f4-f36c55e0099a" executionId="0277d9bc-622a-4fb3-bb47-44c3d12d7d8f" testListId="8c84fa94-04c1-424b-9868-57a2d4851a1d" />
    <TestEntry testId="08934e2f-ac6d-55f5-5170-54ca73f76b20" executionId="3db826b6-5b16-4279-b1f2-44ad06ab0db0" testListId="8c84fa94-04c1-424b-9868-57a2d4851a1d" />
    <TestEntry testId="b4673c8b-26ff-d3fe-da2f-f330a0ad58cd" executionId="e2649cf4-4928-45c1-a909-73a5cf9da665" testListId="8c84fa94-04c1-424b-9868-57a2d4851a1d" />
    <TestEntry testId="b8137157-70f5-142f-16ec-23d51722c0c4" executionId="99f64cb7-b236-4bf8-a635-213a0ca05a3f" testListId="8c84fa94-04c1-424b-9868-57a2d4851a1d" />
    <TestEntry testId="5e599eb5-1ba7-3552-1d66-5d2d43176c8d" executionId="4f40961b-0a92-467a-a24e-bc1e5b991445" testListId="8c84fa94-04c1-424b-9868-57a2d4851a1d" />
    <TestEntry testId="ca8707b1-fdbb-1240-3ed3-aec73e9fbd04" executionId="b9b0aa69-bd6e-4eec-8070-90de1f28a285" testListId="8c84fa94-04c1-424b-9868-57a2d4851a1d" />
    <TestEntry testId="56d59fad-e683-8b23-2fac-75605595a2fb" executionId="165dbe43-1b08-4d14-8f94-c3f9b55aa13b" testListId="8c84fa94-04c1-424b-9868-57a2d4851a1d" />
    <TestEntry testId="b3c0b65f-805a-3515-898c-2d4dce44f091" executionId="4fecd4ac-0c2c-42b6-a93d-f7bca13c6cf7" testListId="8c84fa94-04c1-424b-9868-57a2d4851a1d" />
    <TestEntry testId="1daccd18-0ff2-b69c-6386-0a60a2919544" executionId="f746f781-1315-46fc-b456-c2581f24a412" testListId="8c84fa94-04c1-424b-9868-57a2d4851a1d" />
    <TestEntry testId="2761c5e2-07fb-530a-a35b-12571a853d1a" executionId="891b0518-b3f2-4947-aeba-41b2912ff120" testListId="8c84fa94-04c1-424b-9868-57a2d4851a1d" />
    <TestEntry testId="9fcf5ef0-7f22-3d90-fba9-3fdbd5d700fd" executionId="b2babc7c-338c-42af-9b8c-ec0f40d8553b" testListId="8c84fa94-04c1-424b-9868-57a2d4851a1d" />
    <TestEntry testId="c0f145c0-e6f0-d20f-96c8-75e1892a7c37" executionId="308d3700-8e35-430f-b060-98ca75036fa2" testListId="8c84fa94-04c1-424b-9868-57a2d4851a1d" />
    <TestEntry testId="c9da9639-b50b-7aa2-1b47-3a6f28c4b171" executionId="b8a726fa-8a5a-4bc8-bd08-1c7bfd4c063b" testListId="8c84fa94-04c1-424b-9868-57a2d4851a1d" />
    <TestEntry testId="c00f22dd-5779-e2b1-6f1d-79116f6716e5" executionId="b582ba85-6a99-4667-b06c-aa9ead7e50a7" testListId="8c84fa94-04c1-424b-9868-57a2d4851a1d" />
    <TestEntry testId="4d8aa69a-0251-b3d4-14d5-6ab82a48dd2f" executionId="da59a211-ab8e-4b21-b766-e3a1710dd995" testListId="8c84fa94-04c1-424b-9868-57a2d4851a1d" />
    <TestEntry testId="40c51391-c3be-a83e-46f5-30f4f86079de" executionId="f882ed6f-9953-4fe3-8bc1-67b67eb884bb" testListId="8c84fa94-04c1-424b-9868-57a2d4851a1d" />
    <TestEntry testId="18e165c1-f7a6-634a-9110-df55c01ad37f" executionId="31f6a985-08a0-4621-ba2b-15c3784235da" testListId="8c84fa94-04c1-424b-9868-57a2d4851a1d" />
    <TestEntry testId="84beeaec-a55a-7a5a-a1f4-9278e25a84fd" executionId="5aada770-36e8-4b28-960b-53fb5ac3515f" testListId="8c84fa94-04c1-424b-9868-57a2d4851a1d" />
    <TestEntry testId="69ee4823-dc49-a6d9-8f95-584a92532ed5" executionId="7e2c669b-ddce-4b76-9c8f-acdcdc5f9646" testListId="8c84fa94-04c1-424b-9868-57a2d4851a1d" />
    <TestEntry testId="38a7d535-346f-78cb-eabe-acccdfeeda1d" executionId="7536492e-4f9e-41b3-b105-583fee5b28ac" testListId="8c84fa94-04c1-424b-9868-57a2d4851a1d" />
    <TestEntry testId="1c4744cc-61d4-e4cf-4e8e-47488f33fd5b" executionId="c98804ff-994e-47aa-8825-6bcf2bdfa967" testListId="8c84fa94-04c1-424b-9868-57a2d4851a1d" />
    <TestEntry testId="79d1eb2f-a693-8e79-2873-4e7aec472ae9" executionId="1cf905cd-3468-46b5-b4de-d758843c68f7" testListId="8c84fa94-04c1-424b-9868-57a2d4851a1d" />
    <TestEntry testId="66c9557b-c149-2e3d-d5ea-3250190bb2c2" executionId="d81b5cf7-61f6-4eeb-91fa-0f7b884c8382" testListId="8c84fa94-04c1-424b-9868-57a2d4851a1d" />
    <TestEntry testId="db2c819e-19df-fc56-6d0a-91d93aa7b632" executionId="dec7edb3-d486-404e-85bd-880bf49fbee1" testListId="8c84fa94-04c1-424b-9868-57a2d4851a1d" />
    <TestEntry testId="1393a5cb-435f-81a5-a5c2-589073bde11f" executionId="0338724c-77c0-4062-8db7-c03cf0db6fa0" testListId="8c84fa94-04c1-424b-9868-57a2d4851a1d" />
    <TestEntry testId="ab6e1cfc-09a0-aaf7-3146-9a729003543d" executionId="3431ab17-7456-4664-8545-10b5201dc3c6" testListId="8c84fa94-04c1-424b-9868-57a2d4851a1d" />
    <TestEntry testId="2dc2397e-fec1-ff28-69c4-c3ca71255333" executionId="e1fbfc1a-c6ed-4bba-9548-5d29f1a55b1b" testListId="8c84fa94-04c1-424b-9868-57a2d4851a1d" />
    <TestEntry testId="01476c0e-d177-4299-4cf9-aeafa6eab623" executionId="7eb3401a-9b2d-467b-89a1-93f5391bd9d1" testListId="8c84fa94-04c1-424b-9868-57a2d4851a1d" />
    <TestEntry testId="6779f825-7903-f68a-18b1-ecfca5ffef18" executionId="73637752-e88a-42fb-afb1-a7712389614c" testListId="8c84fa94-04c1-424b-9868-57a2d4851a1d" />
    <TestEntry testId="6c1ad6c9-cc08-bfd2-e6fa-12403c057402" executionId="bfd4e740-e50c-4331-8539-728ceabcfbfb" testListId="8c84fa94-04c1-424b-9868-57a2d4851a1d" />
    <TestEntry testId="0119f047-ba3a-5814-21f1-69cbc5505a00" executionId="7680be21-80d8-48ea-9077-de6eda0e893d" testListId="8c84fa94-04c1-424b-9868-57a2d4851a1d" />
    <TestEntry testId="76f09949-db06-6167-1791-8445bfb657bf" executionId="5435f58e-1a00-4d0f-bd34-f30403960f50" testListId="8c84fa94-04c1-424b-9868-57a2d4851a1d" />
    <TestEntry testId="7f66b7da-de57-f7e0-4a65-94ed5a0266b4" executionId="adf8b1f6-0163-4c04-8f95-a5c95b9aba94" testListId="8c84fa94-04c1-424b-9868-57a2d4851a1d" />
    <TestEntry testId="d4704b48-35ea-e513-d452-e0a5781bede0" executionId="90e3375a-b156-409a-917d-d9d2edabe039" testListId="8c84fa94-04c1-424b-9868-57a2d4851a1d" />
    <TestEntry testId="b6423b6a-360c-2257-3cde-218e222a2149" executionId="9c01ff1b-f42d-4dc5-b417-95004ffe9083" testListId="8c84fa94-04c1-424b-9868-57a2d4851a1d" />
    <TestEntry testId="09109cdb-3848-8d5b-1673-eb704ba69421" executionId="4da05a80-4179-47e3-a861-c28bbb7d242f" testListId="8c84fa94-04c1-424b-9868-57a2d4851a1d" />
    <TestEntry testId="ae87c319-d780-83e8-d111-f59a474997c3" executionId="62e9b87a-2ea3-461d-9ac6-57a868d96ebe" testListId="8c84fa94-04c1-424b-9868-57a2d4851a1d" />
    <TestEntry testId="02d535fa-c801-f739-3717-908b26ee8d04" executionId="8094db39-f62b-4da8-bb64-e1fd33023499" testListId="8c84fa94-04c1-424b-9868-57a2d4851a1d" />
    <TestEntry testId="0041bc30-654c-1090-f6ad-03a3662d3113" executionId="7095a538-72c6-4fd3-9caf-b4f098f857cf" testListId="8c84fa94-04c1-424b-9868-57a2d4851a1d" />
    <TestEntry testId="b3ea2405-989d-bda5-2d70-dd8fbc63cffd" executionId="a682cc25-d0ab-4f55-a8f0-03b1fa1b4d33" testListId="8c84fa94-04c1-424b-9868-57a2d4851a1d" />
    <TestEntry testId="4e6489ca-ad6b-6e8b-60d9-e96a767d1784" executionId="e6419055-31a2-4323-8681-927e2a5123ca" testListId="8c84fa94-04c1-424b-9868-57a2d4851a1d" />
    <TestEntry testId="b177cbb5-9289-1bfa-bb0c-777b1da037d2" executionId="9d1950d3-d6ac-4405-bbea-0acb9e03e2bd" testListId="8c84fa94-04c1-424b-9868-57a2d4851a1d" />
    <TestEntry testId="8647b92b-3c20-55f1-dcb0-6bad8abfcf1a" executionId="69d4738f-0a5a-4f2e-b2af-b0829913c982" testListId="8c84fa94-04c1-424b-9868-57a2d4851a1d" />
    <TestEntry testId="e55c72c3-3747-9285-e55b-eaba84acd6bb" executionId="88dad63b-3505-48ee-9bf5-63fddb6b4c76" testListId="8c84fa94-04c1-424b-9868-57a2d4851a1d" />
    <TestEntry testId="46c74980-8a1e-d86d-57a7-e63c9b00729d" executionId="11c404b1-23e8-4ec6-8cfa-fb734e478268" testListId="8c84fa94-04c1-424b-9868-57a2d4851a1d" />
    <TestEntry testId="59289e4d-8682-76ea-4554-4dad5ec11b38" executionId="afc624c1-de33-4ac3-b07e-51b3c1afe327" testListId="8c84fa94-04c1-424b-9868-57a2d4851a1d" />
    <TestEntry testId="427ce3b9-e79c-157b-1d02-60019bd0322e" executionId="df542142-10dd-4799-bf3e-0db29d1435ce" testListId="8c84fa94-04c1-424b-9868-57a2d4851a1d" />
    <TestEntry testId="6ba35fcf-f7e2-d2f4-3316-e17e20a60922" executionId="06850b82-e776-41a9-874a-3119ef514335" testListId="8c84fa94-04c1-424b-9868-57a2d4851a1d" />
    <TestEntry testId="5980876c-5f0e-99f6-c59d-26c8c29982a4" executionId="30093589-475a-4e02-8019-916e12edb2e3" testListId="8c84fa94-04c1-424b-9868-57a2d4851a1d" />
    <TestEntry testId="3d23d5f2-7904-b2b4-b8b7-ca6ea8579849" executionId="4462efd9-5f64-4bad-95fe-08a728189079" testListId="8c84fa94-04c1-424b-9868-57a2d4851a1d" />
    <TestEntry testId="bd062c6c-59fd-5bb4-c818-c4e7382f34df" executionId="2c3c316e-a782-4ca0-b6d4-1b3573fbfc09" testListId="8c84fa94-04c1-424b-9868-57a2d4851a1d" />
    <TestEntry testId="a8d95712-086e-4490-ce81-136530aa2d77" executionId="ac424ff0-af6f-434e-91f0-7b8ddf6ddeb1" testListId="8c84fa94-04c1-424b-9868-57a2d4851a1d" />
    <TestEntry testId="25135369-36d9-5d01-0cef-3b28ec7b5e4c" executionId="10cc778c-d7d5-48d2-b6b5-c31ff7a9c542" testListId="8c84fa94-04c1-424b-9868-57a2d4851a1d" />
    <TestEntry testId="10963fca-9936-e814-f958-990fcbd63cbe" executionId="1189727f-6791-443c-b653-8e2b18447e60" testListId="8c84fa94-04c1-424b-9868-57a2d4851a1d" />
    <TestEntry testId="30b9cd1c-6147-d908-195f-b436e1d3125c" executionId="5c9e6eb1-89fa-4e9b-9be5-20b8982d2e74" testListId="8c84fa94-04c1-424b-9868-57a2d4851a1d" />
    <TestEntry testId="bd8299be-4e34-0ff0-3182-d1da2f6a2abc" executionId="09dc65d6-d2b1-454f-99ba-525045052021" testListId="8c84fa94-04c1-424b-9868-57a2d4851a1d" />
    <TestEntry testId="148b85b3-208e-ea02-a66c-09452fde8ac2" executionId="8fc7cbac-4dd5-4392-bb24-c2a8ad49c53d" testListId="8c84fa94-04c1-424b-9868-57a2d4851a1d" />
    <TestEntry testId="6e398692-b4d5-0575-9663-e623d078625f" executionId="edaa9b9f-91e9-4427-802a-2e59bfc331b0" testListId="8c84fa94-04c1-424b-9868-57a2d4851a1d" />
    <TestEntry testId="219ef644-4b9e-0020-5a88-34072b9491cd" executionId="60f472d2-7ad6-4840-ad48-5ff487a26caa" testListId="8c84fa94-04c1-424b-9868-57a2d4851a1d" />
    <TestEntry testId="b517da97-3485-d8db-d444-60a14aaf59d2" executionId="491d79fd-abe9-4bf6-be26-b6223175cbf0" testListId="8c84fa94-04c1-424b-9868-57a2d4851a1d" />
    <TestEntry testId="7729d5d0-1314-1bd1-f55e-14d5357f2ccc" executionId="ecaeb8c0-111a-4e34-8b2a-e0ff5687f7da" testListId="8c84fa94-04c1-424b-9868-57a2d4851a1d" />
    <TestEntry testId="3be8f4b9-d8e8-e7bf-f2a6-d145ffb179a0" executionId="25c92fad-acd3-40d2-a822-fbd37ed63913" testListId="8c84fa94-04c1-424b-9868-57a2d4851a1d" />
    <TestEntry testId="a0443b37-ab3a-c2e5-1bdd-bab22a3fb13a" executionId="2e0b4094-1f96-4a14-aa23-c1eabb0e6bda" testListId="8c84fa94-04c1-424b-9868-57a2d4851a1d" />
    <TestEntry testId="2b04f178-71af-3f70-144c-088850ff5a57" executionId="b1760708-2d86-4881-ba38-dda8f796cd9e" testListId="8c84fa94-04c1-424b-9868-57a2d4851a1d" />
    <TestEntry testId="8415958e-4dc4-74af-816e-52b6732f7968" executionId="7df87f4b-9c5f-4e2c-9f04-1e8a907dd38e" testListId="8c84fa94-04c1-424b-9868-57a2d4851a1d" />
    <TestEntry testId="9b9964ae-410b-030e-c821-d12ba277566e" executionId="a600575c-9c1a-467e-9abb-312c0b4082eb" testListId="8c84fa94-04c1-424b-9868-57a2d4851a1d" />
    <TestEntry testId="e4eb4c96-1f3c-80dd-4275-26175f599f46" executionId="f51be11b-e9c2-4da2-bdf2-4c2e0e3a63ff" testListId="8c84fa94-04c1-424b-9868-57a2d4851a1d" />
    <TestEntry testId="3b025860-fba3-439e-f85e-c1a1d52502a6" executionId="6f40f9bc-ea54-4c53-8383-9aa7f39ea284" testListId="8c84fa94-04c1-424b-9868-57a2d4851a1d" />
    <TestEntry testId="d174d9ab-5f04-f35d-71e6-14ba0870789b" executionId="2df17573-68c3-4eea-8a2e-387471b0adc3" testListId="8c84fa94-04c1-424b-9868-57a2d4851a1d" />
    <TestEntry testId="9b800060-f9bd-0d91-1a53-4c60eea3d92c" executionId="49f15ba6-7684-4ac3-b256-0c949278e879" testListId="8c84fa94-04c1-424b-9868-57a2d4851a1d" />
    <TestEntry testId="de3b1ba6-b022-0826-8809-95b9c90dca9f" executionId="731ce4b0-abba-429e-b872-d11e465c5223" testListId="8c84fa94-04c1-424b-9868-57a2d4851a1d" />
    <TestEntry testId="4c46f4c0-1abc-e7d7-4583-5cd76b35e491" executionId="a21f66f7-ef83-42fb-aaa6-806c07130d2d" testListId="8c84fa94-04c1-424b-9868-57a2d4851a1d" />
    <TestEntry testId="997ec17f-7be5-22f4-8e7f-5f6553c6f954" executionId="3573d3d8-09b6-4f2e-a2c1-06e51b19159f" testListId="8c84fa94-04c1-424b-9868-57a2d4851a1d" />
    <TestEntry testId="917c91b6-467c-6f54-7bd6-727983952c45" executionId="723aac80-d5fa-4652-8831-ff72973ef215" testListId="8c84fa94-04c1-424b-9868-57a2d4851a1d" />
    <TestEntry testId="8fbc7a88-4418-5963-2c9e-c4c017277a2d" executionId="db132dd5-e693-4942-b211-bf680db06284" testListId="8c84fa94-04c1-424b-9868-57a2d4851a1d" />
    <TestEntry testId="3caa7d05-5fe9-981d-2dde-9ddcd2d59c97" executionId="e7443ec3-6360-4284-ac61-95cc0ee02158" testListId="8c84fa94-04c1-424b-9868-57a2d4851a1d" />
    <TestEntry testId="b25228d8-5583-8b5c-5dfc-4e2f438ced94" executionId="c6c3ffbf-c672-47e0-b479-ec7d9d860073" testListId="8c84fa94-04c1-424b-9868-57a2d4851a1d" />
    <TestEntry testId="26b06a18-7c73-310d-5067-432622a6994d" executionId="4c4ee4c4-5c10-41d3-b8cc-4efb9434c855" testListId="8c84fa94-04c1-424b-9868-57a2d4851a1d" />
    <TestEntry testId="b192238b-6d2c-4102-fdb5-e531afa62e19" executionId="a6d73719-6ced-4370-bac4-9e097a1a95c9" testListId="8c84fa94-04c1-424b-9868-57a2d4851a1d" />
    <TestEntry testId="3e38b4f6-2dac-31b3-166f-c8bc13b4eea7" executionId="c01b67e4-4edf-4eb4-864d-4aa5d47a0378" testListId="8c84fa94-04c1-424b-9868-57a2d4851a1d" />
    <TestEntry testId="214f301d-5456-578f-878e-6cb88da187c1" executionId="eba54b53-6519-4437-bc96-f0377fd70a18" testListId="8c84fa94-04c1-424b-9868-57a2d4851a1d" />
    <TestEntry testId="d7c85921-f6b2-47f3-a1fc-3cb3d85f1761" executionId="792913dc-c33a-448d-a838-ce572ba4ebc6" testListId="8c84fa94-04c1-424b-9868-57a2d4851a1d" />
    <TestEntry testId="bdafc501-b6fd-abf9-2e0d-784f8e7c938c" executionId="22eaa3aa-3112-4b26-8968-6906328da3b5" testListId="8c84fa94-04c1-424b-9868-57a2d4851a1d" />
    <TestEntry testId="0bc2cc52-980c-a75a-9eb4-2ea598b58d97" executionId="ae675cff-9f58-44c6-b9b6-ba9ff64d9394" testListId="8c84fa94-04c1-424b-9868-57a2d4851a1d" />
    <TestEntry testId="2425ff1f-83c9-5b42-2eb7-4223c7e8e9eb" executionId="d5092ded-8aa0-42f4-a9ce-4cb8537ce43c" testListId="8c84fa94-04c1-424b-9868-57a2d4851a1d" />
    <TestEntry testId="97d36a8b-c673-fa27-96f4-52bb6df3dd6e" executionId="85a2b462-4ba8-419a-8a15-4ce8ae18521c" testListId="8c84fa94-04c1-424b-9868-57a2d4851a1d" />
    <TestEntry testId="bdec05a5-07fb-4820-dc28-26dda82fd8ee" executionId="c99bcea1-8a55-4f86-998d-1e5f51630a35" testListId="8c84fa94-04c1-424b-9868-57a2d4851a1d" />
    <TestEntry testId="19c2411d-a7ea-3029-7b81-cde9f3216bb1" executionId="de3fa429-786b-4a24-9e19-bcd018e946ce" testListId="8c84fa94-04c1-424b-9868-57a2d4851a1d" />
    <TestEntry testId="6fc1fa58-60f8-6102-c7c1-92b3af0e5422" executionId="83470442-abae-44dc-8854-d90679b6e4aa" testListId="8c84fa94-04c1-424b-9868-57a2d4851a1d" />
    <TestEntry testId="b916ec91-a230-2e5e-2f2a-8cf3fad793e9" executionId="e2186d2d-0218-44e7-a98a-0aff98ffa754" testListId="8c84fa94-04c1-424b-9868-57a2d4851a1d" />
    <TestEntry testId="ed482cb0-3892-d1f5-452c-21b3ce871889" executionId="599020cc-8488-4d37-aca7-ae1dfc9a43c6" testListId="8c84fa94-04c1-424b-9868-57a2d4851a1d" />
    <TestEntry testId="ba4d0b9c-16c8-4e97-7a27-5de87c475a55" executionId="ccd9f4b7-caad-4eac-b535-bc5efa753b88" testListId="8c84fa94-04c1-424b-9868-57a2d4851a1d" />
    <TestEntry testId="b20280df-57e1-0c4a-9eea-dd5ebed1a7b2" executionId="c16e82c0-80fe-463a-a11d-7847ddd619cf" testListId="8c84fa94-04c1-424b-9868-57a2d4851a1d" />
    <TestEntry testId="65b8b03a-1cd6-d41b-951d-7ff48ede72f3" executionId="bc596e98-876b-4b7e-9e34-9fd779eae6ce" testListId="8c84fa94-04c1-424b-9868-57a2d4851a1d" />
    <TestEntry testId="3f288f9b-fb2a-088e-d62e-186febe1e41e" executionId="0c97d6e2-45c9-4cc5-bec3-864fc8567a09" testListId="8c84fa94-04c1-424b-9868-57a2d4851a1d" />
    <TestEntry testId="490158db-e4f2-7ffd-c385-cb70228663b5" executionId="1759b5cd-e3c0-4880-8ebe-6b825ffca83d" testListId="8c84fa94-04c1-424b-9868-57a2d4851a1d" />
    <TestEntry testId="0bf4a15d-d39a-a458-74c3-f982f50b20bc" executionId="0d2d74a6-c0d6-4f7c-b63b-ad34976a1491" testListId="8c84fa94-04c1-424b-9868-57a2d4851a1d" />
    <TestEntry testId="acc907e0-eedb-13b3-9540-f00a85570944" executionId="7c6840d8-0a04-4c23-bcf2-117187b22d88" testListId="8c84fa94-04c1-424b-9868-57a2d4851a1d" />
    <TestEntry testId="9965772e-c48b-1cb5-0c7b-4b16bf997c70" executionId="0a4c4809-d71f-4b09-9fb0-42455f870e23" testListId="8c84fa94-04c1-424b-9868-57a2d4851a1d" />
    <TestEntry testId="fd9025a8-52cf-f193-614f-39981499d049" executionId="3816ef33-6b64-4bda-883b-93d27361f66a" testListId="8c84fa94-04c1-424b-9868-57a2d4851a1d" />
    <TestEntry testId="19e0065c-08a7-5ba5-ca84-780ca3448b65" executionId="0053d68c-2c12-4385-9678-2638461279d4" testListId="8c84fa94-04c1-424b-9868-57a2d4851a1d" />
    <TestEntry testId="b64882b3-19e4-9ecc-6883-3b3c764a650b" executionId="c7d983a5-ff32-4dc5-9451-0de380e178b4" testListId="8c84fa94-04c1-424b-9868-57a2d4851a1d" />
    <TestEntry testId="46bf9e98-581b-ed21-4068-ec39f8188b91" executionId="20e195a1-fb5d-4e45-a534-45eaa8c11215" testListId="8c84fa94-04c1-424b-9868-57a2d4851a1d" />
    <TestEntry testId="4b5a68b1-c763-49c2-6558-f2ba8573701b" executionId="c2fc1066-444f-4178-99c4-62df68387198" testListId="8c84fa94-04c1-424b-9868-57a2d4851a1d" />
    <TestEntry testId="721a980b-3230-2a7a-66fb-73a2861007c3" executionId="e814e14d-a05f-4dc1-8e5c-bdcde355c9cd" testListId="8c84fa94-04c1-424b-9868-57a2d4851a1d" />
    <TestEntry testId="fc08aca4-7adf-3c9b-7a36-f0888daf70b8" executionId="66013ff1-7db1-4b26-a777-2cc4182565ee" testListId="8c84fa94-04c1-424b-9868-57a2d4851a1d" />
    <TestEntry testId="4c7357cc-be8e-bdef-df5e-585b37d708fa" executionId="d385ec91-bb0f-45ec-981e-0a43461bd81d" testListId="8c84fa94-04c1-424b-9868-57a2d4851a1d" />
    <TestEntry testId="6922d059-f036-7ed8-9a45-1c7d4b784274" executionId="d31dd4db-4a79-4feb-9a9a-a39e6f937fb2" testListId="8c84fa94-04c1-424b-9868-57a2d4851a1d" />
    <TestEntry testId="38ca6103-72ab-8c78-9edf-28931b86d13c" executionId="a516fee7-b421-489d-8399-0612f3467ec5" testListId="8c84fa94-04c1-424b-9868-57a2d4851a1d" />
    <TestEntry testId="13dde9b8-bbe7-671f-4c15-4cc07813093b" executionId="95346769-66dd-4bf8-b5db-a66b9a6e6105" testListId="8c84fa94-04c1-424b-9868-57a2d4851a1d" />
    <TestEntry testId="7978f97c-bec6-8028-3064-2cf03c413372" executionId="f757fa73-c3c4-43f6-85ed-a8637aca89e3" testListId="8c84fa94-04c1-424b-9868-57a2d4851a1d" />
    <TestEntry testId="2dec243a-efa5-1ca3-680b-6e69418d9fb9" executionId="9cb12d90-38ec-457b-a294-7857569c22c3" testListId="8c84fa94-04c1-424b-9868-57a2d4851a1d" />
    <TestEntry testId="675e73d1-3945-adc3-d391-6ec467a90be9" executionId="a96d6fb4-b9e6-45d6-8919-15331112eb8e" testListId="8c84fa94-04c1-424b-9868-57a2d4851a1d" />
    <TestEntry testId="669eb9d8-e093-cf6e-6fa3-2bfc9b5957f4" executionId="ac84a1d9-87cf-4b06-b67b-ab716c510505" testListId="8c84fa94-04c1-424b-9868-57a2d4851a1d" />
    <TestEntry testId="bdd2922d-084a-f7c1-33c0-95be80f9e839" executionId="4da94b7d-6ac4-4d6b-a0bf-4c7d796a1ed5" testListId="8c84fa94-04c1-424b-9868-57a2d4851a1d" />
    <TestEntry testId="a4a149a8-4b4a-7cbd-bc8b-aa80ce0e7681" executionId="1c9f2738-6eaf-49ba-9713-640fea9a2a76" testListId="8c84fa94-04c1-424b-9868-57a2d4851a1d" />
    <TestEntry testId="26a26b26-1ddc-2f15-864f-2bd9398b0113" executionId="4b1ef701-3c59-4463-b42f-73923663ae91" testListId="8c84fa94-04c1-424b-9868-57a2d4851a1d" />
    <TestEntry testId="360a5b69-84c6-d741-05e8-229f4567bfb3" executionId="789e0ead-34db-407a-ad9a-a0a4464b2665" testListId="8c84fa94-04c1-424b-9868-57a2d4851a1d" />
    <TestEntry testId="6c14b312-87d2-7128-927b-4805632e98ea" executionId="8ae1729c-327a-41ba-8220-ee561ef19b3f" testListId="8c84fa94-04c1-424b-9868-57a2d4851a1d" />
    <TestEntry testId="83748689-d3e8-87b9-8e2a-e56e2297976e" executionId="fb8d2b52-6d86-424c-82c7-158c6863ce24" testListId="8c84fa94-04c1-424b-9868-57a2d4851a1d" />
    <TestEntry testId="ce5982ee-353b-a8b3-e64f-f6b862591864" executionId="ce5fc283-6037-499e-aea8-6c385ac9af07" testListId="8c84fa94-04c1-424b-9868-57a2d4851a1d" />
    <TestEntry testId="9f25d0fb-dd27-3a2c-c779-70cce521aa65" executionId="4605a88e-29f9-454f-b424-d9d93bde4ce5" testListId="8c84fa94-04c1-424b-9868-57a2d4851a1d" />
    <TestEntry testId="12c1febd-365e-e38e-337b-29b6941fe508" executionId="458ea333-cb5b-4b7c-ad6b-c0148eb4062c" testListId="8c84fa94-04c1-424b-9868-57a2d4851a1d" />
    <TestEntry testId="661f631a-85a7-065b-6ac4-6862fc678c2b" executionId="9725cc1b-b7ca-44e1-9ff3-0f93a9977719" testListId="8c84fa94-04c1-424b-9868-57a2d4851a1d" />
    <TestEntry testId="a713d85e-4be9-e408-9b6e-5babcb270474" executionId="8ded3d32-c4e2-421c-9e40-751d49c942c1" testListId="8c84fa94-04c1-424b-9868-57a2d4851a1d" />
    <TestEntry testId="6201ea97-2bf0-08d4-044e-b1f01d26de68" executionId="fcd8e558-4944-40c2-8610-cc952305f8fd" testListId="8c84fa94-04c1-424b-9868-57a2d4851a1d" />
    <TestEntry testId="acb6857a-df3d-396c-fed4-7d888e4fed76" executionId="15a4dcdd-09ff-4555-a71b-530452a8ca88" testListId="8c84fa94-04c1-424b-9868-57a2d4851a1d" />
    <TestEntry testId="75d2b5a5-01b3-26a2-2d8d-99f4e8785b1f" executionId="67ed37c5-0f15-49d7-a5b0-78a001d6f653" testListId="8c84fa94-04c1-424b-9868-57a2d4851a1d" />
    <TestEntry testId="2a0bb754-1adc-0aaf-66d0-16790f8a4d2c" executionId="596aefb8-ddfc-46e5-9ffb-06713c2b9187" testListId="8c84fa94-04c1-424b-9868-57a2d4851a1d" />
    <TestEntry testId="acb4bb26-3062-bb40-2bd0-e38dd727f035" executionId="026cf28c-8696-4846-97f3-9753fc753468" testListId="8c84fa94-04c1-424b-9868-57a2d4851a1d" />
    <TestEntry testId="f8f77c91-c42f-9207-fd1f-1c031b67ee04" executionId="040f8bbd-8b3a-444f-a252-9d3b59ff72a6" testListId="8c84fa94-04c1-424b-9868-57a2d4851a1d" />
    <TestEntry testId="a31c941f-514d-43ce-0c78-bad3b156ddc6" executionId="e37d1cd6-5e8a-4f69-919c-cc5759f6c88c" testListId="8c84fa94-04c1-424b-9868-57a2d4851a1d" />
    <TestEntry testId="05cb3fbe-774b-bffe-3d71-771cad3a9f6c" executionId="dfc651a3-a158-4db9-b91d-43ff5dda1600" testListId="8c84fa94-04c1-424b-9868-57a2d4851a1d" />
    <TestEntry testId="ea9551eb-3309-a871-541b-dc91e6a1d4cb" executionId="998feea1-97d4-473f-af4e-83101db92a73" testListId="8c84fa94-04c1-424b-9868-57a2d4851a1d" />
    <TestEntry testId="f793553c-5e8d-2585-ec4b-6c1aa03e7866" executionId="859af7b1-edbd-4cd8-9c0b-cd4114c9928d" testListId="8c84fa94-04c1-424b-9868-57a2d4851a1d" />
    <TestEntry testId="06d666ec-6a35-dae8-af59-087f0d776742" executionId="eaacc3be-0897-49ac-affb-da1c38962289" testListId="8c84fa94-04c1-424b-9868-57a2d4851a1d" />
    <TestEntry testId="ca21c352-2de4-61fe-d80f-2087fb492d99" executionId="168e4178-6e92-4094-8e17-f7f3feaf8d67" testListId="8c84fa94-04c1-424b-9868-57a2d4851a1d" />
    <TestEntry testId="0689373a-e253-57f7-534a-a84706ecc7fd" executionId="f436bd6c-5a47-44b7-b892-bb696f80100b" testListId="8c84fa94-04c1-424b-9868-57a2d4851a1d" />
    <TestEntry testId="91fac899-235a-f12a-eec2-dd1a82abcb82" executionId="2b929645-e905-4493-b00c-28cfea23b5da" testListId="8c84fa94-04c1-424b-9868-57a2d4851a1d" />
    <TestEntry testId="8042d605-26a2-4169-039a-588f62885a21" executionId="5a09bcb1-7f60-4fed-b36a-dbbc2707037c" testListId="8c84fa94-04c1-424b-9868-57a2d4851a1d" />
    <TestEntry testId="4907f04c-b529-3215-1c18-a5d92d0dd57d" executionId="85efdece-fc95-4f98-8c85-3925ab2289d3" testListId="8c84fa94-04c1-424b-9868-57a2d4851a1d" />
    <TestEntry testId="af26d1dc-c8b5-9373-ea2c-0ca851b84928" executionId="974a80b5-400c-446d-9080-b31fe6c7c12f" testListId="8c84fa94-04c1-424b-9868-57a2d4851a1d" />
    <TestEntry testId="08a5a503-e937-a80a-da2b-c6359ff5c88e" executionId="3c2464a1-c993-4b30-a360-10b35ca8bfdc" testListId="8c84fa94-04c1-424b-9868-57a2d4851a1d" />
    <TestEntry testId="08622791-9a78-dba4-11b6-3b604a6bf317" executionId="afe62e75-e750-47f3-97ec-08dec1dd75d6" testListId="8c84fa94-04c1-424b-9868-57a2d4851a1d" />
    <TestEntry testId="47bc2de9-c828-3305-dbcd-195c38433d1e" executionId="a9904e4c-2be1-4b38-8559-175eb7787461" testListId="8c84fa94-04c1-424b-9868-57a2d4851a1d" />
    <TestEntry testId="1af254ce-5d7e-e686-d6b9-65a4a61f2849" executionId="e6feaa66-2e49-42b1-8b8b-251b997e3e30" testListId="8c84fa94-04c1-424b-9868-57a2d4851a1d" />
    <TestEntry testId="e81631cd-380b-9493-3226-58f25047a284" executionId="c0ba7171-7b2a-42dc-9b8e-afd0d5c51680" testListId="8c84fa94-04c1-424b-9868-57a2d4851a1d" />
    <TestEntry testId="01c0f351-ec7a-7cc6-b18d-966650a66ddd" executionId="70370067-b830-459e-b7f4-dd051d3f09bc" testListId="8c84fa94-04c1-424b-9868-57a2d4851a1d" />
    <TestEntry testId="e04390f1-66a3-87f3-cb01-0eaa5bc9db71" executionId="5ede1809-894d-4bb9-b617-683faf693a62" testListId="8c84fa94-04c1-424b-9868-57a2d4851a1d" />
    <TestEntry testId="c8fe61a4-ad9e-b6e6-7de6-b3695545935e" executionId="447a619b-4bb3-4fa3-a90b-26b27dcf8801" testListId="8c84fa94-04c1-424b-9868-57a2d4851a1d" />
    <TestEntry testId="ae4061b8-320e-29dd-40df-9e766fdf63a2" executionId="22b7b2eb-7f6b-4b0a-b6fd-ee42eb42674e" testListId="8c84fa94-04c1-424b-9868-57a2d4851a1d" />
    <TestEntry testId="9a6aaccb-b496-3443-3666-d7851b13bb53" executionId="9319f069-5e7f-4957-9adc-fe496eee1040" testListId="8c84fa94-04c1-424b-9868-57a2d4851a1d" />
    <TestEntry testId="c7b41a4b-c669-1d15-4cb5-99bfc39f192e" executionId="ea8dcbbf-6c3f-4cfd-a88c-fbadeff2380a" testListId="8c84fa94-04c1-424b-9868-57a2d4851a1d" />
    <TestEntry testId="03dd6afe-2c0d-3663-e961-0f00a0c6a3ae" executionId="344e4f39-c58c-435b-9a8a-a3ddbf9dbb9a" testListId="8c84fa94-04c1-424b-9868-57a2d4851a1d" />
    <TestEntry testId="97773405-841d-7bf6-7af2-4e83b4a3e91f" executionId="d7f9ff46-2b6c-467f-95a6-a88c270af1f8" testListId="8c84fa94-04c1-424b-9868-57a2d4851a1d" />
    <TestEntry testId="25be1f78-39bc-c728-10d8-0213b417a9ef" executionId="98285942-1d20-40a8-bc02-127ccc0b830f" testListId="8c84fa94-04c1-424b-9868-57a2d4851a1d" />
    <TestEntry testId="bb5a8254-7143-4f04-4125-1f3496dadd8f" executionId="94815a25-c93b-4dce-abb4-de64d8eadcc6" testListId="8c84fa94-04c1-424b-9868-57a2d4851a1d" />
    <TestEntry testId="763b8141-6317-9c60-a4ae-086424e66bd9" executionId="5a35ef87-6ddc-46ff-a55d-22819ab7e1f3" testListId="8c84fa94-04c1-424b-9868-57a2d4851a1d" />
    <TestEntry testId="456922c0-2173-494b-5340-de73de1629fa" executionId="480daae6-c15c-4920-b9a1-3a817d6a7262" testListId="8c84fa94-04c1-424b-9868-57a2d4851a1d" />
    <TestEntry testId="4df85b45-2abf-d8a4-fb1b-37a82d24219f" executionId="48a1e8fd-0258-439f-8517-ea13ebac6ba3" testListId="8c84fa94-04c1-424b-9868-57a2d4851a1d" />
    <TestEntry testId="69e8fd5f-67a2-ab17-7dea-912fb2f94aa3" executionId="d36d9808-e66f-4e6d-b10f-71638ba77f4e" testListId="8c84fa94-04c1-424b-9868-57a2d4851a1d" />
    <TestEntry testId="dcfd8f0d-745d-ff66-5f0e-7d5891999256" executionId="8b29467f-288c-46d4-81df-7fefff6943cc" testListId="8c84fa94-04c1-424b-9868-57a2d4851a1d" />
    <TestEntry testId="654a6276-121a-761b-57fd-37ff2f510187" executionId="07f306ba-524f-4d13-bc71-0079025015ff" testListId="8c84fa94-04c1-424b-9868-57a2d4851a1d" />
    <TestEntry testId="719fb9f8-861a-97b6-e205-091e10abbe96" executionId="ab015dc5-645d-4203-a464-84a7f758ec3b" testListId="8c84fa94-04c1-424b-9868-57a2d4851a1d" />
    <TestEntry testId="18736782-9204-7f7e-2e04-ee3649a63487" executionId="38e7b384-673e-481b-80e2-ead8530e9295" testListId="8c84fa94-04c1-424b-9868-57a2d4851a1d" />
    <TestEntry testId="b14f960a-5692-5365-6f95-7278ee7ee4f3" executionId="c00b8435-882f-4c71-b712-5d2f71ac302e" testListId="8c84fa94-04c1-424b-9868-57a2d4851a1d" />
    <TestEntry testId="d05cbd3c-bfb2-73de-adf5-cbd7c41ecb1f" executionId="d135b743-b65b-4e37-9341-c41d4383f194" testListId="8c84fa94-04c1-424b-9868-57a2d4851a1d" />
    <TestEntry testId="f8662d5d-bc2c-74d5-63ed-b527811f859c" executionId="34a61534-d8ed-4a2f-b615-d7b7ed2bcc9e" testListId="8c84fa94-04c1-424b-9868-57a2d4851a1d" />
    <TestEntry testId="f52db0e2-1ec3-1fbd-af9d-43162767844c" executionId="bb0274e4-a6cb-4259-b2fe-d4dcf1c6d9a2" testListId="8c84fa94-04c1-424b-9868-57a2d4851a1d" />
    <TestEntry testId="abe93699-d934-3070-9b83-225a9bbaa9a0" executionId="d767a5d4-d48d-4483-8524-8fff01b0747b" testListId="8c84fa94-04c1-424b-9868-57a2d4851a1d" />
    <TestEntry testId="41439683-f554-daf6-bd87-252c0383746e" executionId="60341e0c-8ff0-4006-aa01-6649084c4d82" testListId="8c84fa94-04c1-424b-9868-57a2d4851a1d" />
    <TestEntry testId="3c0e53b5-4edd-2d21-8a2c-cbc960b07f0d" executionId="3a632697-7393-4696-8e7b-a7862db11a95" testListId="8c84fa94-04c1-424b-9868-57a2d4851a1d" />
    <TestEntry testId="556ef067-8a7f-0b03-0c08-c56040944f06" executionId="3547c03d-f308-4f10-890c-35aa8e283033" testListId="8c84fa94-04c1-424b-9868-57a2d4851a1d" />
    <TestEntry testId="444d1cf6-1f18-a3fd-07af-a979190122f2" executionId="315b1450-fadb-4293-800c-74d69fbe2f98" testListId="8c84fa94-04c1-424b-9868-57a2d4851a1d" />
    <TestEntry testId="5b605aec-b02a-0133-abcb-81fdaaea0f58" executionId="388a9ef0-c3c8-4015-bfba-344f56040e27" testListId="8c84fa94-04c1-424b-9868-57a2d4851a1d" />
    <TestEntry testId="cefcaf99-f6fe-24f5-d8ee-87f30d25cd8f" executionId="bef9fd5d-510b-46da-bdb0-9bed0da604b8" testListId="8c84fa94-04c1-424b-9868-57a2d4851a1d" />
    <TestEntry testId="0f8e1705-bc99-3da9-75ac-ad79fe32133d" executionId="8203d4c9-4506-4b00-809e-546764738bfc" testListId="8c84fa94-04c1-424b-9868-57a2d4851a1d" />
    <TestEntry testId="95cfe0da-0ff4-0747-cf3f-c677dee3d8aa" executionId="6e3df94a-467e-48ef-843a-5fb698004031" testListId="8c84fa94-04c1-424b-9868-57a2d4851a1d" />
    <TestEntry testId="acdd8036-a569-4967-aca8-9ca5ad084fad" executionId="6ae522cf-08a1-43b6-9d79-6ddf23931ddd" testListId="8c84fa94-04c1-424b-9868-57a2d4851a1d" />
    <TestEntry testId="4477da8e-cf72-81c8-9a47-12c695107382" executionId="02d6a75d-ef8e-4978-971c-b6a4673d6036" testListId="8c84fa94-04c1-424b-9868-57a2d4851a1d" />
    <TestEntry testId="cc79f523-9288-951f-b06e-dbed85cadcb2" executionId="a710ad9c-27ad-4d4f-a258-027aa8a40567" testListId="8c84fa94-04c1-424b-9868-57a2d4851a1d" />
    <TestEntry testId="c906cc0a-7d44-d6b5-1674-20b5d76124e1" executionId="f113ee19-990a-4fb7-bc90-7043d8200ced" testListId="8c84fa94-04c1-424b-9868-57a2d4851a1d" />
    <TestEntry testId="c515c7cc-d55a-ea72-d25b-2e3f0c53338a" executionId="d991f160-a5c0-4046-bd6a-95d9c37d0ca1" testListId="8c84fa94-04c1-424b-9868-57a2d4851a1d" />
    <TestEntry testId="4705763f-eda9-ab18-6971-c5af3eec87c0" executionId="593ab11a-62cb-4990-a9b5-ad5eed5f9c81" testListId="8c84fa94-04c1-424b-9868-57a2d4851a1d" />
    <TestEntry testId="4240e0a8-d309-dd29-49d4-e57d0f8aff14" executionId="4f61a561-61c8-4251-a668-6b886990e659" testListId="8c84fa94-04c1-424b-9868-57a2d4851a1d" />
    <TestEntry testId="e2b07ca1-2786-6047-9ede-03d77dddb270" executionId="f56484a1-7cb5-4a4c-87ee-7d7b5c2e41e3" testListId="8c84fa94-04c1-424b-9868-57a2d4851a1d" />
    <TestEntry testId="018e2d87-3b74-ec65-33b0-205e7011b9b5" executionId="62c975b2-6f34-43f4-850a-7e7b380f45c0" testListId="8c84fa94-04c1-424b-9868-57a2d4851a1d" />
    <TestEntry testId="a9d72b6c-70a1-b339-513b-1aeef335d69f" executionId="2c87871e-4a33-4b1a-abbf-f68592886109" testListId="8c84fa94-04c1-424b-9868-57a2d4851a1d" />
    <TestEntry testId="83c9a1d0-5d19-19e1-c667-b2f4a5423662" executionId="23095576-021a-48e3-8122-ddb14396cee3" testListId="8c84fa94-04c1-424b-9868-57a2d4851a1d" />
    <TestEntry testId="e3a6e1d5-d4dd-9a82-8ece-754e711a2f9b" executionId="fb54ce24-8720-4d66-ba4d-03eb31b6fa40" testListId="8c84fa94-04c1-424b-9868-57a2d4851a1d" />
    <TestEntry testId="7ceb6397-bf04-45ba-93d8-edc85c11f6bd" executionId="aadf0830-7c83-4a4a-9eb3-2959bc5e84ca" testListId="8c84fa94-04c1-424b-9868-57a2d4851a1d" />
    <TestEntry testId="084898a2-4acd-ae40-25db-e87715c8038c" executionId="53a15c21-43e8-4ca5-a580-b3d17cecf7aa" testListId="8c84fa94-04c1-424b-9868-57a2d4851a1d" />
    <TestEntry testId="ccb5d8ec-d828-d9e5-1cf2-25e7c6a3265b" executionId="34ef61af-b988-4e11-a625-5a53388a7b47" testListId="8c84fa94-04c1-424b-9868-57a2d4851a1d" />
    <TestEntry testId="7e4c1e89-625a-43b9-de03-e848c63a328b" executionId="8569e007-ad93-4307-a777-a0971d2507fb" testListId="8c84fa94-04c1-424b-9868-57a2d4851a1d" />
    <TestEntry testId="74525c1f-6ef5-b5b3-beab-b61e35c5c5b8" executionId="6283fcad-1d17-4a6b-8f26-e48eb2906253" testListId="8c84fa94-04c1-424b-9868-57a2d4851a1d" />
    <TestEntry testId="c918a289-b8c4-3d87-ad07-c7a95f5d7ee9" executionId="2d55acac-9cb2-4aae-9a06-cbfcd69f1fe4" testListId="8c84fa94-04c1-424b-9868-57a2d4851a1d" />
    <TestEntry testId="5d2fed84-0a78-bba8-11ae-6b37ff9d0b15" executionId="781b8872-00f1-4da9-a63d-fcf79789b6b6" testListId="8c84fa94-04c1-424b-9868-57a2d4851a1d" />
    <TestEntry testId="ef95bcc0-fe13-5a2c-1a5f-e515c0ee7ea2" executionId="10a7343c-4ab5-4deb-8729-93f629095cb2" testListId="8c84fa94-04c1-424b-9868-57a2d4851a1d" />
    <TestEntry testId="6b6a2802-04b4-060c-cd24-510720c0c11a" executionId="b42cc880-f712-49b9-96ec-3d2190f2ec61" testListId="8c84fa94-04c1-424b-9868-57a2d4851a1d" />
    <TestEntry testId="a2e7ed94-eb3b-5b15-89a1-5d0ffb0c25ed" executionId="671a5de6-082e-4808-b421-addeae1ba5e3" testListId="8c84fa94-04c1-424b-9868-57a2d4851a1d" />
    <TestEntry testId="42bf2cb1-698e-8879-c40b-8fea12bbd64e" executionId="fa1a7d1b-cb1d-4fcb-9b54-64235f34548f" testListId="8c84fa94-04c1-424b-9868-57a2d4851a1d" />
    <TestEntry testId="1ebd1dbb-071d-708f-e374-58e308fd7a7d" executionId="a73d5d34-1683-4719-8d8d-91057b828aad" testListId="8c84fa94-04c1-424b-9868-57a2d4851a1d" />
    <TestEntry testId="a5fd458a-677f-ccc2-2972-ad7870ebe3f1" executionId="14cd37ae-7773-4109-abc5-bbb691114614" testListId="8c84fa94-04c1-424b-9868-57a2d4851a1d" />
    <TestEntry testId="efe75656-15b7-58e9-b491-0633aa52708d" executionId="4823dbca-575a-4a8d-8125-0f48d40101ae" testListId="8c84fa94-04c1-424b-9868-57a2d4851a1d" />
    <TestEntry testId="d1cedfa6-3d69-8af4-742b-10c2d29f60b0" executionId="16079ee2-146e-4c10-856b-da7f1bdc5d49" testListId="8c84fa94-04c1-424b-9868-57a2d4851a1d" />
    <TestEntry testId="431c62db-9a6d-a27c-7f10-f5fa40a81866" executionId="da5c7ccb-cfe5-4202-a447-cc904fae57fd" testListId="8c84fa94-04c1-424b-9868-57a2d4851a1d" />
    <TestEntry testId="b5df2dbd-5065-cb1a-ce57-fd72707a2cdc" executionId="093c5ecb-a099-4574-af36-ffaafa123b57" testListId="8c84fa94-04c1-424b-9868-57a2d4851a1d" />
    <TestEntry testId="3651eb38-5039-fa09-00f9-acaf8a27c78a" executionId="f2cf6657-d59d-4ae8-9b38-d7b1d4272a67" testListId="8c84fa94-04c1-424b-9868-57a2d4851a1d" />
    <TestEntry testId="5f362af3-57c8-1122-bb39-fbb8155f17f4" executionId="0d356dc1-f153-43d5-9514-46bfcfb704c3" testListId="8c84fa94-04c1-424b-9868-57a2d4851a1d" />
    <TestEntry testId="9597e03f-fc9f-2f7d-d32b-34373140ac59" executionId="067fb0d5-8e36-40fc-8356-12da2feaea53" testListId="8c84fa94-04c1-424b-9868-57a2d4851a1d" />
    <TestEntry testId="40f2946a-3475-661e-ba18-f3aecc10f616" executionId="96ef0302-057a-4ec6-b785-ec5aa2c67f64" testListId="8c84fa94-04c1-424b-9868-57a2d4851a1d" />
    <TestEntry testId="aa431777-e753-d54c-edf8-7d73ed839e8e" executionId="beb5108f-7c0a-4086-8687-deffd714a001" testListId="8c84fa94-04c1-424b-9868-57a2d4851a1d" />
    <TestEntry testId="7ecc084e-eb1c-1dc2-3fa1-ca4480409cd4" executionId="349ac2e3-61af-4c7e-89a3-abb7855f8ee0" testListId="8c84fa94-04c1-424b-9868-57a2d4851a1d" />
    <TestEntry testId="1c6fbf34-078f-c6b0-be70-94e64ecd6198" executionId="359d5fea-a00b-4de6-aea3-e90d749a5bc7" testListId="8c84fa94-04c1-424b-9868-57a2d4851a1d" />
    <TestEntry testId="9b9ea6f5-28e5-0546-b495-3d365a7f9dd4" executionId="f377f450-004b-489f-a915-eebf4516f55b" testListId="8c84fa94-04c1-424b-9868-57a2d4851a1d" />
    <TestEntry testId="6699e28c-b031-dfee-012e-0c19020a68c6" executionId="3534eec2-0681-4d7d-b18d-5a255b2077f2" testListId="8c84fa94-04c1-424b-9868-57a2d4851a1d" />
    <TestEntry testId="88cee1e3-316a-246b-d5dc-e5d127ebe5a2" executionId="727a95df-0a19-4d2c-b634-33205f578a3f" testListId="8c84fa94-04c1-424b-9868-57a2d4851a1d" />
    <TestEntry testId="04c34e7c-e78e-7563-7994-efef96d7f7b4" executionId="cf7b19ac-7650-4cf9-aae4-0d49ed7003d9" testListId="8c84fa94-04c1-424b-9868-57a2d4851a1d" />
    <TestEntry testId="dd83176d-4609-3020-e852-33fe8239e972" executionId="d224158b-0fa0-4fa4-b848-f211ddacecf5" testListId="8c84fa94-04c1-424b-9868-57a2d4851a1d" />
    <TestEntry testId="cbb4fcb6-2f38-80c4-a211-f0717738d4b0" executionId="eaff24c2-cea3-42ca-8105-15a76f8e0fe9" testListId="8c84fa94-04c1-424b-9868-57a2d4851a1d" />
    <TestEntry testId="435120c5-b348-a047-9526-a4392d447354" executionId="947bc185-c066-4ad4-b387-be4bfcb5d150" testListId="8c84fa94-04c1-424b-9868-57a2d4851a1d" />
    <TestEntry testId="dfa05749-3f41-1990-642d-87f7f0ef5bf7" executionId="5cfd0eba-1581-4142-8233-4267e3949348" testListId="8c84fa94-04c1-424b-9868-57a2d4851a1d" />
    <TestEntry testId="267806a5-9bdd-be07-8447-7174cbffe64b" executionId="b78a3b06-bb8c-4787-9bbd-7c27007a4b81" testListId="8c84fa94-04c1-424b-9868-57a2d4851a1d" />
    <TestEntry testId="c5dcff2e-626a-95c0-d547-89a3a9a6aa89" executionId="6bfdbea4-ebba-47a4-ae3b-097923fe7b07" testListId="8c84fa94-04c1-424b-9868-57a2d4851a1d" />
    <TestEntry testId="69fd376d-0cb0-8ca7-8db2-ffddc7854439" executionId="a0c1ffec-6c89-4b88-a1b1-616f9298269f" testListId="8c84fa94-04c1-424b-9868-57a2d4851a1d" />
    <TestEntry testId="061bc90e-4d0a-bbed-e647-2e276f10901c" executionId="979e664d-4813-4b14-a801-cfac72c9f710" testListId="8c84fa94-04c1-424b-9868-57a2d4851a1d" />
    <TestEntry testId="3396b17e-7d76-0fa4-f8b1-ffc9748f3b30" executionId="6a05df35-5dda-4eae-8664-57909de0f86a" testListId="8c84fa94-04c1-424b-9868-57a2d4851a1d" />
    <TestEntry testId="c97290e4-269e-652d-16ee-10a9916c872c" executionId="0a9540dd-4c29-4914-bbc6-39b04d6dad65" testListId="8c84fa94-04c1-424b-9868-57a2d4851a1d" />
    <TestEntry testId="0598fc00-fb3e-91bf-f784-e4b64a3cfa57" executionId="4253cacb-844c-4072-8eb1-eae970b2b543" testListId="8c84fa94-04c1-424b-9868-57a2d4851a1d" />
    <TestEntry testId="09154a1f-0b6f-795a-a6d4-6a0d40cceb72" executionId="adf5ed43-3ae1-4dc1-a2fe-1659a7e0a534" testListId="8c84fa94-04c1-424b-9868-57a2d4851a1d" />
    <TestEntry testId="b2e31265-14ee-8e35-63db-c09f124e2cfc" executionId="b1716457-1459-4582-9997-4f28dfa59d19" testListId="8c84fa94-04c1-424b-9868-57a2d4851a1d" />
    <TestEntry testId="bf0ddccc-6576-143a-b9dd-531f9f8eb094" executionId="16fc617e-8b48-4594-b824-b4f077c7522e" testListId="8c84fa94-04c1-424b-9868-57a2d4851a1d" />
    <TestEntry testId="827ea961-ea96-95f8-5698-27b5bb46d034" executionId="ee0e6d20-3039-4a00-a0a1-65390e7c6f9e" testListId="8c84fa94-04c1-424b-9868-57a2d4851a1d" />
    <TestEntry testId="cc08e950-8ecb-5d66-b17d-66c1b10f4d28" executionId="716b8905-dc03-491d-8a7a-2a58d2346ac0" testListId="8c84fa94-04c1-424b-9868-57a2d4851a1d" />
    <TestEntry testId="0e83b50a-da00-da05-b65e-fa2506fdbb9a" executionId="d987e65c-01a7-48a8-803c-63c2c8d255de" testListId="8c84fa94-04c1-424b-9868-57a2d4851a1d" />
    <TestEntry testId="301c0570-9568-31b5-139e-04af498bd6d4" executionId="3afac634-10b3-424f-b53b-20af62956171" testListId="8c84fa94-04c1-424b-9868-57a2d4851a1d" />
    <TestEntry testId="af643efc-0d6d-9696-0106-50e93cf12675" executionId="b17573c6-dc51-4f4c-844a-45921ba7c2f4" testListId="8c84fa94-04c1-424b-9868-57a2d4851a1d" />
    <TestEntry testId="fc74b4de-78a2-cd18-f36c-43512d3260ce" executionId="91f12bb6-fb44-4238-9f37-153503740c08" testListId="8c84fa94-04c1-424b-9868-57a2d4851a1d" />
    <TestEntry testId="22a490c0-6acc-6ed1-db4f-f6924fd19704" executionId="96274b8d-1898-4445-9f3c-55722a395518" testListId="8c84fa94-04c1-424b-9868-57a2d4851a1d" />
    <TestEntry testId="ed78d81e-22e0-7786-addc-10f6223b5e3d" executionId="792869fa-bdea-4f0a-90a5-8e65a0c872aa" testListId="8c84fa94-04c1-424b-9868-57a2d4851a1d" />
    <TestEntry testId="3adb8872-ad9b-6d0e-8a10-32be252fb605" executionId="d198babb-f815-415a-a612-5fb84215576c" testListId="8c84fa94-04c1-424b-9868-57a2d4851a1d" />
    <TestEntry testId="219b580c-7496-f80c-c908-a3faae2d455d" executionId="6ba7075b-bbe7-43e0-b464-1d1ed3064dd4" testListId="8c84fa94-04c1-424b-9868-57a2d4851a1d" />
    <TestEntry testId="31f844ec-9d40-2405-88d9-f17d5587c8d4" executionId="cfb79d45-9cbd-4b14-8758-818a18052bd8" testListId="8c84fa94-04c1-424b-9868-57a2d4851a1d" />
    <TestEntry testId="664c6c39-1950-e918-603e-2d8ac39f7b2d" executionId="e64ba7fa-237f-4a3b-9757-ab9430420275" testListId="8c84fa94-04c1-424b-9868-57a2d4851a1d" />
    <TestEntry testId="28c4446e-aad8-7185-ef96-d98e3c51ee97" executionId="0d262c83-085f-4d63-b16f-bfb49f11446d" testListId="8c84fa94-04c1-424b-9868-57a2d4851a1d" />
    <TestEntry testId="7199b2e8-d37d-e7bc-0513-bee38372c236" executionId="26dac222-17d9-4f90-90d6-ec7774c1c8f2" testListId="8c84fa94-04c1-424b-9868-57a2d4851a1d" />
    <TestEntry testId="3bf9fd99-2e55-5c79-c79c-9d7306c62029" executionId="1f6e0750-4e72-4ca0-be6b-fa9c8f47ecb3" testListId="8c84fa94-04c1-424b-9868-57a2d4851a1d" />
    <TestEntry testId="eb99bd4e-9cc8-e21f-b14f-dc174e20aaf6" executionId="d7cfc84f-9b2f-461b-a022-b5492a67596c" testListId="8c84fa94-04c1-424b-9868-57a2d4851a1d" />
    <TestEntry testId="dee144f2-c923-9577-9616-7ae90de03971" executionId="d1febde0-972c-4731-914d-5cc98af601ac" testListId="8c84fa94-04c1-424b-9868-57a2d4851a1d" />
    <TestEntry testId="0057c070-6d41-46ef-72cd-914d222ec0d4" executionId="1a177d4e-8600-4877-b66e-3966e5daf91d" testListId="8c84fa94-04c1-424b-9868-57a2d4851a1d" />
    <TestEntry testId="0c83eacf-f73a-55e5-c6ed-112644425217" executionId="457ae238-f8ec-4b7a-9ef6-b34a2857f49b" testListId="8c84fa94-04c1-424b-9868-57a2d4851a1d" />
    <TestEntry testId="cc30a5ef-59d0-2f76-5006-56864e18c145" executionId="ca208f82-cbcf-47fd-bd37-4bf5328bfed8" testListId="8c84fa94-04c1-424b-9868-57a2d4851a1d" />
    <TestEntry testId="082500b4-bdc0-a1fc-952f-ab967f4ac76b" executionId="04fa6a6c-8568-4521-83c7-af7f03466c18" testListId="8c84fa94-04c1-424b-9868-57a2d4851a1d" />
    <TestEntry testId="24b036de-d6df-4806-82fa-557c86be4a85" executionId="4193fcb4-8eb3-41ca-93a2-8f97c0b84aaa" testListId="8c84fa94-04c1-424b-9868-57a2d4851a1d" />
    <TestEntry testId="79692448-4334-8217-153a-6c48b576df43" executionId="fe9295cc-74dd-42d1-9f4f-984365e1fac4" testListId="8c84fa94-04c1-424b-9868-57a2d4851a1d" />
    <TestEntry testId="7adea5e7-540d-b8b1-2170-ef656c51b562" executionId="cd9beb8b-f088-4e86-99f1-420bb679a17f" testListId="8c84fa94-04c1-424b-9868-57a2d4851a1d" />
    <TestEntry testId="7268c422-d3fa-aa41-be94-6e44f7c4fc74" executionId="3ae86dee-85a6-4e9b-8652-4ac780b6dfe6" testListId="8c84fa94-04c1-424b-9868-57a2d4851a1d" />
    <TestEntry testId="221fd461-d9e0-38c0-74af-0b4a047e67c3" executionId="6df28ebf-29e1-4c10-b32d-9e4695c53e62" testListId="8c84fa94-04c1-424b-9868-57a2d4851a1d" />
    <TestEntry testId="40fefcc0-5c6a-3a59-b214-d27d27c34cf3" executionId="b2a87f16-931e-41a1-877a-b360f702de61" testListId="8c84fa94-04c1-424b-9868-57a2d4851a1d" />
    <TestEntry testId="3697a0ce-9e18-5206-1f42-a2c445978d4a" executionId="94b2bc5b-c5bc-44d7-bf20-144b1a207b52" testListId="8c84fa94-04c1-424b-9868-57a2d4851a1d" />
    <TestEntry testId="d895999e-44d6-5318-b590-acf283c2ef42" executionId="fbbbbe51-67cb-45cf-8bed-bbc7e169ad1d" testListId="8c84fa94-04c1-424b-9868-57a2d4851a1d" />
    <TestEntry testId="f84c3a1f-aa4e-cfd7-bcbb-3339a20f65d4" executionId="9f3e2cd3-bc53-45e5-b921-685ae896f999" testListId="8c84fa94-04c1-424b-9868-57a2d4851a1d" />
    <TestEntry testId="02d84cd5-f194-d426-ea17-5cdcafecf442" executionId="d85c9fc6-57e3-4ead-b32e-c0806d701b88" testListId="8c84fa94-04c1-424b-9868-57a2d4851a1d" />
    <TestEntry testId="c2068be2-4b9a-2d31-5ccd-a114d2f9c690" executionId="319a9c64-4372-455b-b948-25b2ba345db2" testListId="8c84fa94-04c1-424b-9868-57a2d4851a1d" />
    <TestEntry testId="3cb65f0e-e345-0459-17cf-270ca0245297" executionId="108a70af-2c0c-4c6d-b5fd-e1f64a02bab9" testListId="8c84fa94-04c1-424b-9868-57a2d4851a1d" />
    <TestEntry testId="603733f6-30ea-cd8a-b333-184e6306073f" executionId="2a3767e5-6e1d-461c-8340-401bd409dec5" testListId="8c84fa94-04c1-424b-9868-57a2d4851a1d" />
    <TestEntry testId="d0a6b9a5-facf-84c8-5ec8-159e3f74ddcf" executionId="d4ae56e1-98fd-4999-bc50-a261fbf9a7cc" testListId="8c84fa94-04c1-424b-9868-57a2d4851a1d" />
    <TestEntry testId="ab5f95ca-376c-29c8-043b-8977d381b570" executionId="a94fc32f-a408-4e05-8291-8d2a85477f71" testListId="8c84fa94-04c1-424b-9868-57a2d4851a1d" />
    <TestEntry testId="5ec127f6-d2e6-9022-fc7d-9ae5e2a5b56e" executionId="2484c642-7d3f-4b93-a6b4-f6def19c2d28" testListId="8c84fa94-04c1-424b-9868-57a2d4851a1d" />
    <TestEntry testId="426a626f-f337-b0a2-711d-d411188afc7d" executionId="f2b62c7e-a8ee-4f7a-91f1-81c3f7eab63f" testListId="8c84fa94-04c1-424b-9868-57a2d4851a1d" />
    <TestEntry testId="6e365ffd-7cd6-2155-302c-116777d6078a" executionId="8a3210bf-bb91-42b5-83c7-8264e08fa2f1" testListId="8c84fa94-04c1-424b-9868-57a2d4851a1d" />
    <TestEntry testId="82f4fe24-8b32-b63f-4cc0-6c9b60c68c5a" executionId="76f21c89-5ca3-4fe8-ac7e-e33c10405b0f" testListId="8c84fa94-04c1-424b-9868-57a2d4851a1d" />
    <TestEntry testId="ec814362-5678-9178-3c3f-acbc4e24f5e1" executionId="606a47a1-1883-43b0-a0b9-c424c8100041" testListId="8c84fa94-04c1-424b-9868-57a2d4851a1d" />
    <TestEntry testId="15c67955-7773-e637-5545-1a3e6f51761c" executionId="1c9a4ef3-677d-47ec-a6af-47b668a71c38" testListId="8c84fa94-04c1-424b-9868-57a2d4851a1d" />
    <TestEntry testId="1a682357-7db5-91a8-093a-d3ec64ecb218" executionId="43ce5101-17dd-4c13-be1b-e70b01fb8e2d" testListId="8c84fa94-04c1-424b-9868-57a2d4851a1d" />
    <TestEntry testId="c3beedb4-5102-026d-a724-891c471d87e4" executionId="dbdbc9bc-e823-42fb-94a9-4875385058c4" testListId="8c84fa94-04c1-424b-9868-57a2d4851a1d" />
    <TestEntry testId="b6678187-a9b9-f1aa-76c8-f5999e513d01" executionId="2a253834-1870-4b15-b9b3-95c6fdfdf9fe" testListId="8c84fa94-04c1-424b-9868-57a2d4851a1d" />
    <TestEntry testId="aa11b82a-f145-9817-d80f-91a78982fdf3" executionId="c48fd430-42b1-480e-897b-d1425dda32df" testListId="8c84fa94-04c1-424b-9868-57a2d4851a1d" />
    <TestEntry testId="4e0fab39-367c-1038-c53c-5d8c6cdb1e31" executionId="70cb65a2-0fa5-453d-b433-2e9ccfca0027" testListId="8c84fa94-04c1-424b-9868-57a2d4851a1d" />
    <TestEntry testId="1fa47bbe-7db1-0e40-1679-648ec26ea253" executionId="168749b0-ffbb-4f09-8324-d83325244aa3" testListId="8c84fa94-04c1-424b-9868-57a2d4851a1d" />
    <TestEntry testId="281add88-aec8-73d9-21c9-0a06ace0bc45" executionId="947f03e7-79ef-4bd9-9f78-7b311ca22be5" testListId="8c84fa94-04c1-424b-9868-57a2d4851a1d" />
    <TestEntry testId="9ae46ec7-3ae6-ea0a-534c-bb2cde14043f" executionId="a14dfd93-fcfe-4bc1-a3dc-04c179333928" testListId="8c84fa94-04c1-424b-9868-57a2d4851a1d" />
    <TestEntry testId="277de6c8-9010-a1ae-4d40-ec165c51a438" executionId="0c03df88-bed4-4875-89b1-fa4f1c58389e" testListId="8c84fa94-04c1-424b-9868-57a2d4851a1d" />
    <TestEntry testId="a1d0e34d-1af7-9065-c4d5-10e996a20ed2" executionId="3eaa3468-79c3-4e77-8f52-6580e42e670d" testListId="8c84fa94-04c1-424b-9868-57a2d4851a1d" />
    <TestEntry testId="b5adbb73-9b21-0db3-07ee-91df82916c6a" executionId="c0513afa-5b3c-43ae-9e3f-4bac409cd81f" testListId="8c84fa94-04c1-424b-9868-57a2d4851a1d" />
    <TestEntry testId="9055a335-95d1-4600-b49a-8428d4caf3a5" executionId="8fdd4756-d580-4cc6-922b-d257c54f4c16" testListId="8c84fa94-04c1-424b-9868-57a2d4851a1d" />
    <TestEntry testId="c270ea2a-c1e3-572f-ae65-a41694dfd9e6" executionId="0e5e8707-6ce7-411b-baf1-ca1fb66027c5" testListId="8c84fa94-04c1-424b-9868-57a2d4851a1d" />
    <TestEntry testId="f98c0e94-d687-26ec-f08b-72f9975ee1e5" executionId="b3cb8ef5-0bfd-4a32-a8bf-42d2d8e04c08" testListId="8c84fa94-04c1-424b-9868-57a2d4851a1d" />
    <TestEntry testId="45645b5a-6126-a203-b770-e801119174e8" executionId="88e54ce5-4ebf-4004-800f-e247a972b396" testListId="8c84fa94-04c1-424b-9868-57a2d4851a1d" />
    <TestEntry testId="aa18df7f-8e97-0d88-ce84-804dec7d1f8f" executionId="7f700135-57af-48bf-ba3a-aa0ec8d10230" testListId="8c84fa94-04c1-424b-9868-57a2d4851a1d" />
    <TestEntry testId="7199b6a4-0e3d-01b2-2098-862ed5de340d" executionId="2d4abaeb-6686-4689-ab5c-3864a96f6a94" testListId="8c84fa94-04c1-424b-9868-57a2d4851a1d" />
    <TestEntry testId="5e4152e3-fca3-cf61-8f9e-9b5783341516" executionId="a9dd7b68-fd31-4ab9-b7c2-b7ede6bb4c9b" testListId="8c84fa94-04c1-424b-9868-57a2d4851a1d" />
    <TestEntry testId="be135087-9495-377b-5170-5bdf47afeca0" executionId="e3c8fe0f-741b-48e9-8eb3-1405f548b50f" testListId="8c84fa94-04c1-424b-9868-57a2d4851a1d" />
    <TestEntry testId="d7f950c3-4de5-001a-b3e3-ffc47fce5357" executionId="4e477c34-f7d8-40b9-8eb3-224df9fd9e79" testListId="8c84fa94-04c1-424b-9868-57a2d4851a1d" />
    <TestEntry testId="2f175fa8-bd7a-1a7e-9598-a021dc30fede" executionId="0e48e6d6-e3c0-4695-89e7-4f34c2cbc2b3" testListId="8c84fa94-04c1-424b-9868-57a2d4851a1d" />
    <TestEntry testId="4a92a97d-092d-826d-c116-86acae774336" executionId="fca7608a-8f0e-4afd-8f86-1266e9cf44c3" testListId="8c84fa94-04c1-424b-9868-57a2d4851a1d" />
    <TestEntry testId="81b9cfb6-cb61-9b75-fb8d-7222fc14f23f" executionId="558b4837-cbe9-43cf-b8c9-d25d34a7965e" testListId="8c84fa94-04c1-424b-9868-57a2d4851a1d" />
    <TestEntry testId="cd0b7830-5acf-7869-1c73-47988d890ffd" executionId="568681e5-a2eb-44b6-9c4c-b5a9b17d23e5" testListId="8c84fa94-04c1-424b-9868-57a2d4851a1d" />
    <TestEntry testId="0153a1e0-dce4-1d36-d924-8f093fad1ca0" executionId="ad968390-0f3b-46b9-a7d0-26dda7d194b8" testListId="8c84fa94-04c1-424b-9868-57a2d4851a1d" />
    <TestEntry testId="663ccd25-8649-6289-5931-2e4826a29b90" executionId="f2ca7050-4342-4b77-8313-a09059d6e0b8" testListId="8c84fa94-04c1-424b-9868-57a2d4851a1d" />
    <TestEntry testId="89930b7f-443a-277a-9e1c-dc075f2e851e" executionId="9dd791f6-f10f-4ee9-8c84-7ca2b2c2fb29" testListId="8c84fa94-04c1-424b-9868-57a2d4851a1d" />
    <TestEntry testId="f1765d29-d53f-8d02-a25d-e6d6684f550d" executionId="f6c84461-a865-48e8-a2ae-a7d8f0a07020" testListId="8c84fa94-04c1-424b-9868-57a2d4851a1d" />
    <TestEntry testId="f016efe6-b33c-ffb6-74a7-426748f0e966" executionId="5ca5af11-9b7e-4eed-934b-7ffc7472b663" testListId="8c84fa94-04c1-424b-9868-57a2d4851a1d" />
    <TestEntry testId="440876a3-0b1f-65cb-86fa-df7d9378bb2e" executionId="19768082-cf1e-48f8-876b-4f48111d1d46" testListId="8c84fa94-04c1-424b-9868-57a2d4851a1d" />
    <TestEntry testId="7d6cf279-0386-6019-0824-c59c0577de58" executionId="d7eb2105-ca3b-464c-b819-4f9c9842c006" testListId="8c84fa94-04c1-424b-9868-57a2d4851a1d" />
    <TestEntry testId="2f87be75-276d-5f8b-8ad2-6536e89b23ad" executionId="0ab9ef11-b9c0-42d4-bf36-0deea2cab9b8" testListId="8c84fa94-04c1-424b-9868-57a2d4851a1d" />
    <TestEntry testId="84bd42f8-6c42-6804-8e9c-d2a57ef8e5b5" executionId="493f5a80-1697-4044-917f-9966bae9c773" testListId="8c84fa94-04c1-424b-9868-57a2d4851a1d" />
    <TestEntry testId="5f6122f6-9c9a-005b-1dcf-5bb8eebdf18b" executionId="b44ab463-2bbd-4e3a-903c-aa35dd015a4a" testListId="8c84fa94-04c1-424b-9868-57a2d4851a1d" />
    <TestEntry testId="486ac792-638c-4173-7311-6ecbee32a46a" executionId="c0f19047-b334-4230-8006-b5c307cf9253" testListId="8c84fa94-04c1-424b-9868-57a2d4851a1d" />
    <TestEntry testId="37a138e9-b7a0-6794-91b6-4bf04f60b366" executionId="0043b08b-0953-471d-bd20-c76d4183a24e" testListId="8c84fa94-04c1-424b-9868-57a2d4851a1d" />
    <TestEntry testId="6b24da30-96ab-03d3-8fc1-4449fc2a544f" executionId="b03ce5eb-33a0-4628-966f-a467d257aed7" testListId="8c84fa94-04c1-424b-9868-57a2d4851a1d" />
    <TestEntry testId="ea3eacd0-5273-36cc-2234-6760022e2ff3" executionId="c2bb7e54-a38f-44b0-a375-1045b5b6ea2a" testListId="8c84fa94-04c1-424b-9868-57a2d4851a1d" />
    <TestEntry testId="1a8e2416-64f9-a52a-232d-edfa802cba93" executionId="49ebf112-0158-49bd-9a0f-a68d63185000" testListId="8c84fa94-04c1-424b-9868-57a2d4851a1d" />
    <TestEntry testId="788399bd-9b38-c432-7e4a-52602c4871ea" executionId="50f54007-d3e3-48ba-ad19-5372e8101a09" testListId="8c84fa94-04c1-424b-9868-57a2d4851a1d" />
    <TestEntry testId="5b2c3c16-f905-e938-744a-a83fd3813d51" executionId="faf4b88a-297c-4cbb-b8d4-15657ae06a14" testListId="8c84fa94-04c1-424b-9868-57a2d4851a1d" />
    <TestEntry testId="5b93ef42-b7b3-5196-9d09-0e0e6b274066" executionId="edf169e6-a963-4bac-af66-1c5b7dfd1451" testListId="8c84fa94-04c1-424b-9868-57a2d4851a1d" />
    <TestEntry testId="80cfdcf4-3ae7-41d1-d06b-911bddf3f6cf" executionId="af945717-e12b-47f5-ab79-953d7d4f864b" testListId="8c84fa94-04c1-424b-9868-57a2d4851a1d" />
    <TestEntry testId="468b9eb4-7481-5a0f-1901-331193ac2eb1" executionId="14cce1f3-661c-4022-847d-d05dd6006203" testListId="8c84fa94-04c1-424b-9868-57a2d4851a1d" />
    <TestEntry testId="59e310b5-eac7-b820-9d56-6cf319543287" executionId="af899fdb-94a7-49a3-8306-6517aeda6e54" testListId="8c84fa94-04c1-424b-9868-57a2d4851a1d" />
    <TestEntry testId="9f208fe6-ec59-67b6-a729-39f373419945" executionId="f58ae2b0-c82d-4986-98cf-6834eda00c85" testListId="8c84fa94-04c1-424b-9868-57a2d4851a1d" />
    <TestEntry testId="67cefb4b-771a-487f-9009-3e0474c4cd04" executionId="c13435dc-be53-479d-83e2-a5058ed187e7" testListId="8c84fa94-04c1-424b-9868-57a2d4851a1d" />
    <TestEntry testId="3fe88cbd-8f30-4308-4876-e1a27134f23b" executionId="c0123d44-75b6-44dc-801f-6bf0f02dce9d" testListId="8c84fa94-04c1-424b-9868-57a2d4851a1d" />
    <TestEntry testId="5994f77d-673d-79cd-db25-c0fac05603a0" executionId="701dd0aa-6931-465b-a6c7-0ecc5db68f60" testListId="8c84fa94-04c1-424b-9868-57a2d4851a1d" />
    <TestEntry testId="8503b0c6-e113-b6aa-684d-780d0d19788e" executionId="c3a301ae-067a-4c1e-a45f-8a68dba6ca09" testListId="8c84fa94-04c1-424b-9868-57a2d4851a1d" />
    <TestEntry testId="58809d18-3427-6caa-5590-70f262ed803d" executionId="e3ae6a7a-447a-4c53-be3c-6ee6a66b9e32" testListId="8c84fa94-04c1-424b-9868-57a2d4851a1d" />
    <TestEntry testId="154ae2d8-7e3d-3d32-aa1a-eb39b3ef8236" executionId="5903af4d-3f5d-424b-af7e-c54d51343ef9" testListId="8c84fa94-04c1-424b-9868-57a2d4851a1d" />
    <TestEntry testId="5b97f0b7-78ca-03e5-f404-238d7520c937" executionId="6d4b15ee-aaa6-467e-8fda-c889f9b11275" testListId="8c84fa94-04c1-424b-9868-57a2d4851a1d" />
    <TestEntry testId="31b14912-e54b-c7c2-0ece-9cce3806d461" executionId="9fb6c53b-b317-4171-8e48-4dfb02019716" testListId="8c84fa94-04c1-424b-9868-57a2d4851a1d" />
    <TestEntry testId="b2db2538-b072-4613-6c1f-0d2570bcfec3" executionId="e0dfa74f-a29a-48f3-93ca-6724ef646240" testListId="8c84fa94-04c1-424b-9868-57a2d4851a1d" />
    <TestEntry testId="cf929bea-dbe0-dc86-944b-cf85676b735a" executionId="04118231-e0d3-494a-83cc-45e15a013b45" testListId="8c84fa94-04c1-424b-9868-57a2d4851a1d" />
    <TestEntry testId="798e5d78-857d-78b3-b5e9-7c835cfd1336" executionId="74e2ce9d-1773-4006-993a-74cdada9c8c6" testListId="8c84fa94-04c1-424b-9868-57a2d4851a1d" />
    <TestEntry testId="fe7b57c0-96f0-ff5e-7683-2f3ee9bd43b2" executionId="cfd41d04-b7e9-4b8e-980d-395dd707a468" testListId="8c84fa94-04c1-424b-9868-57a2d4851a1d" />
    <TestEntry testId="8ad8ddd5-cdb2-53b3-a2fa-6b144bc9be0e" executionId="cc0871ab-964e-4cc2-ada7-850c5135d605" testListId="8c84fa94-04c1-424b-9868-57a2d4851a1d" />
    <TestEntry testId="8ce6542e-fbae-6f63-9777-4cd66f576c67" executionId="e69d0c2a-1993-4956-bdc1-03b21f819802" testListId="8c84fa94-04c1-424b-9868-57a2d4851a1d" />
    <TestEntry testId="17d9a061-47a1-760a-9a7b-5c298e6a3921" executionId="3bc29ede-a007-4746-bbab-188aa7b9e4a4" testListId="8c84fa94-04c1-424b-9868-57a2d4851a1d" />
    <TestEntry testId="f17b5e61-e48f-183b-804a-1a4e2cd53981" executionId="8a08d23a-8a93-4bd2-8b4b-b862109a1f96" testListId="8c84fa94-04c1-424b-9868-57a2d4851a1d" />
    <TestEntry testId="23be8a35-ca0a-67d0-d14d-bd08fa2c73b3" executionId="59f49fff-e9c5-4c1a-877c-d1ebcb3364ce" testListId="8c84fa94-04c1-424b-9868-57a2d4851a1d" />
    <TestEntry testId="74195eff-5c09-dd70-25cd-3848f6ae2c25" executionId="7d00611f-dfc8-40e7-ba4b-9f08a20c0b2d" testListId="8c84fa94-04c1-424b-9868-57a2d4851a1d" />
    <TestEntry testId="b0f751ff-632d-85db-edcd-937e5c54a50b" executionId="62126040-10b5-42d3-a124-a5a7deee502f" testListId="8c84fa94-04c1-424b-9868-57a2d4851a1d" />
    <TestEntry testId="bfdadc3c-37bb-0ffa-7e83-c4c3b6dca485" executionId="d9d52162-4183-4431-ac6e-f4692d037133" testListId="8c84fa94-04c1-424b-9868-57a2d4851a1d" />
    <TestEntry testId="0a3231f4-9027-809c-2a57-46bb102210d5" executionId="c9399159-2a1b-4871-9738-9139bb2b46e9" testListId="8c84fa94-04c1-424b-9868-57a2d4851a1d" />
    <TestEntry testId="5f3e3347-7cc7-75b6-7352-604a8f0807cd" executionId="c9db0b73-5a32-4f3c-b3df-d7fee2b8131e" testListId="8c84fa94-04c1-424b-9868-57a2d4851a1d" />
    <TestEntry testId="30fe8b39-b2e5-cfa4-da38-ca1b17f8f253" executionId="c77f3ad4-ea69-4826-b2df-7aaa83321d6a" testListId="8c84fa94-04c1-424b-9868-57a2d4851a1d" />
    <TestEntry testId="83a7296c-e486-b9d7-1922-2ba57eeed087" executionId="89ce1d2f-81e1-4a22-bf41-f844e419967b" testListId="8c84fa94-04c1-424b-9868-57a2d4851a1d" />
    <TestEntry testId="80447293-19a9-3855-d079-0aa7d86b9325" executionId="8326b815-fbd5-4311-9e38-05e1c2e5d35d" testListId="8c84fa94-04c1-424b-9868-57a2d4851a1d" />
    <TestEntry testId="d6028c75-f54c-a6c8-83bc-c168a426567e" executionId="77539f6f-aba7-4bd9-88f2-da31263da116" testListId="8c84fa94-04c1-424b-9868-57a2d4851a1d" />
    <TestEntry testId="58156cd4-323d-1734-17be-a12608c05d92" executionId="6d4a6ef7-9519-4316-b129-af1562a8925a" testListId="8c84fa94-04c1-424b-9868-57a2d4851a1d" />
    <TestEntry testId="45311aec-8a2d-cefe-8926-17267035950b" executionId="e42316f3-0f19-4a85-94b3-3826a6fc355a" testListId="8c84fa94-04c1-424b-9868-57a2d4851a1d" />
    <TestEntry testId="02ea1c10-2177-d122-01d1-49ecad243c61" executionId="dc12e9a4-9264-4aa5-bec6-ff34acf9def2" testListId="8c84fa94-04c1-424b-9868-57a2d4851a1d" />
    <TestEntry testId="b87fe60f-2790-ec89-7e60-9dce4bf23dd0" executionId="c743356e-ae05-47c9-8c0f-36eee54e6b86" testListId="8c84fa94-04c1-424b-9868-57a2d4851a1d" />
    <TestEntry testId="05025a2f-eb76-55f9-eb52-6fcad523c590" executionId="4a892af8-2305-4f2b-9202-31b328137043" testListId="8c84fa94-04c1-424b-9868-57a2d4851a1d" />
    <TestEntry testId="966766d3-85fb-dda3-5ac6-758426bd60bf" executionId="c88585e4-09cd-443d-b4e4-c037c9d4f614" testListId="8c84fa94-04c1-424b-9868-57a2d4851a1d" />
    <TestEntry testId="b1ef1835-e836-1dd5-22ee-fc77faa1055a" executionId="e9a2f544-0189-411c-ae76-4d8b15e99084" testListId="8c84fa94-04c1-424b-9868-57a2d4851a1d" />
    <TestEntry testId="6f7bb80b-dba3-2067-8a47-0c3a50cbf31b" executionId="15b3b38b-0352-4bd0-97b6-0434fdbd1b25" testListId="8c84fa94-04c1-424b-9868-57a2d4851a1d" />
    <TestEntry testId="3a20ed6d-4869-56be-fcee-5307650ce610" executionId="83c82908-843e-404d-af4a-25b787557d1c" testListId="8c84fa94-04c1-424b-9868-57a2d4851a1d" />
    <TestEntry testId="cd69e440-c907-d5ab-f818-2b9c3d714f28" executionId="2bb2f27b-b8be-452c-a684-e1294b5d26ea" testListId="8c84fa94-04c1-424b-9868-57a2d4851a1d" />
    <TestEntry testId="0b95b563-b3d8-1fad-97ed-28bd915fb5ac" executionId="f19d5730-962b-4c77-b7e8-94a15f8d3402" testListId="8c84fa94-04c1-424b-9868-57a2d4851a1d" />
    <TestEntry testId="eee68226-2ed0-bd84-4e65-b8bb4f9c8e73" executionId="7f07d446-99fe-4849-ad0c-c6ba97860da5" testListId="8c84fa94-04c1-424b-9868-57a2d4851a1d" />
    <TestEntry testId="b9422136-6e99-7181-36c2-a5eaa4ea48b7" executionId="39ad3d59-9c2d-42b0-a781-55276066e454" testListId="8c84fa94-04c1-424b-9868-57a2d4851a1d" />
    <TestEntry testId="4144b2ea-a666-09c1-ca76-3c77a8157cad" executionId="2b00f236-4db9-4ae8-bc97-5b6457bffec4" testListId="8c84fa94-04c1-424b-9868-57a2d4851a1d" />
    <TestEntry testId="cf2da230-ce42-6ad5-a008-cc10b1033920" executionId="00ce86a5-6334-4e19-a357-b5fdc1895eac" testListId="8c84fa94-04c1-424b-9868-57a2d4851a1d" />
    <TestEntry testId="a930bf31-deb5-7c95-5e24-1f743f244144" executionId="6d05dfa1-9b85-4d0c-846b-540c75fd17b0" testListId="8c84fa94-04c1-424b-9868-57a2d4851a1d" />
    <TestEntry testId="69d8e4e1-c6b4-49a3-77e0-7723a1266172" executionId="c5d798bc-8d0e-4782-aab5-a51383f42515" testListId="8c84fa94-04c1-424b-9868-57a2d4851a1d" />
    <TestEntry testId="ebd42dbd-49ae-dea1-1ba7-db0f8d57e1d7" executionId="72a42308-ad89-4ffd-a945-1eb03729dc72" testListId="8c84fa94-04c1-424b-9868-57a2d4851a1d" />
    <TestEntry testId="b4e32be7-f876-d1d1-b34b-4d98d121b1bf" executionId="6e782f8d-c73a-496f-a468-9c0c48183d0f" testListId="8c84fa94-04c1-424b-9868-57a2d4851a1d" />
    <TestEntry testId="0e272411-52c5-eed6-91b4-927d99d4aa2d" executionId="f08a7b55-3990-4f1f-8e9e-5565aba458fe" testListId="8c84fa94-04c1-424b-9868-57a2d4851a1d" />
    <TestEntry testId="20394b1d-85cf-6874-2349-f0dfac4aa410" executionId="88354065-c39a-4c15-b6f0-7ffd374848cd" testListId="8c84fa94-04c1-424b-9868-57a2d4851a1d" />
    <TestEntry testId="4bce812a-4918-86c6-8b3b-eb1449713531" executionId="c6bcd7cc-1f08-406d-b4d0-efedf5f33f54" testListId="8c84fa94-04c1-424b-9868-57a2d4851a1d" />
    <TestEntry testId="dd22f5da-b4c6-bd77-4647-4478909c740f" executionId="bececdd2-a801-4fd2-a865-030cbe63ff0b" testListId="8c84fa94-04c1-424b-9868-57a2d4851a1d" />
    <TestEntry testId="e6819f7e-688a-dd3a-7801-c815e8037398" executionId="3f566090-761a-4ddb-8035-c65cafc10ede" testListId="8c84fa94-04c1-424b-9868-57a2d4851a1d" />
    <TestEntry testId="27d010b7-073a-bedd-c4ca-0b3ec69f3aae" executionId="e6a85751-6c83-491c-8d11-f8cdef2a2362" testListId="8c84fa94-04c1-424b-9868-57a2d4851a1d" />
    <TestEntry testId="06cb1a61-0bd1-3696-d03c-a56d6e162cf8" executionId="8bc9a263-6d5a-4dea-8a51-a4a0e5c311ad" testListId="8c84fa94-04c1-424b-9868-57a2d4851a1d" />
    <TestEntry testId="9d90b675-45bc-4904-0227-d0c44d00b4d5" executionId="330e3e81-d5e5-4404-b4ee-16c46dddb415" testListId="8c84fa94-04c1-424b-9868-57a2d4851a1d" />
    <TestEntry testId="707c8cef-f4b9-4d6c-816f-02a28a120756" executionId="a0b7fadf-0c51-4db6-a4b8-58a6cdee03d0" testListId="8c84fa94-04c1-424b-9868-57a2d4851a1d" />
    <TestEntry testId="0e465eda-53ff-08d9-e6a5-a484edda258a" executionId="83799202-e159-47d7-9b80-3c3aceaaa23c" testListId="8c84fa94-04c1-424b-9868-57a2d4851a1d" />
    <TestEntry testId="8bcee521-6a78-3b6c-e064-84949de76b2c" executionId="fa81c888-0ffb-48df-8edd-e83a818d4c54" testListId="8c84fa94-04c1-424b-9868-57a2d4851a1d" />
    <TestEntry testId="02013f03-f3c8-ae40-1d17-a301222d6f0c" executionId="0d96c3c5-38e2-4201-803f-26c458416ff0" testListId="8c84fa94-04c1-424b-9868-57a2d4851a1d" />
    <TestEntry testId="b93ee5ca-fd7e-91c3-bf76-e44e5c17689d" executionId="a7f7a25d-b56c-4ff9-b8ae-4e2e2033d082" testListId="8c84fa94-04c1-424b-9868-57a2d4851a1d" />
    <TestEntry testId="b8867a28-2ad7-151f-5f32-a239b8fa1db2" executionId="0df9c95b-66e2-48b8-b6f0-131e1cc34972" testListId="8c84fa94-04c1-424b-9868-57a2d4851a1d" />
    <TestEntry testId="2f723da0-92e7-0c56-577f-931adff75ea7" executionId="3cedc924-0b04-47d3-987f-04eed12f9c97" testListId="8c84fa94-04c1-424b-9868-57a2d4851a1d" />
    <TestEntry testId="1218a498-99c8-aef7-14b6-a005d2b1e4af" executionId="d011dfa5-2eca-4522-ad1d-e2114c9c7bd6" testListId="8c84fa94-04c1-424b-9868-57a2d4851a1d" />
    <TestEntry testId="39324dd6-2d08-2e28-4994-29171aa487dd" executionId="1644d246-f29f-4a9d-8224-45d27dedad99" testListId="8c84fa94-04c1-424b-9868-57a2d4851a1d" />
    <TestEntry testId="41d4ae6d-1ec6-489b-d9c2-de1156a0d310" executionId="a89fce73-7f8e-4add-9de0-3fa4ca4fdbda" testListId="8c84fa94-04c1-424b-9868-57a2d4851a1d" />
    <TestEntry testId="9a022633-48a0-501e-eeef-810088119832" executionId="2496ec5c-c7cc-492e-8a68-382bf73849ad" testListId="8c84fa94-04c1-424b-9868-57a2d4851a1d" />
    <TestEntry testId="25f8655e-1ff4-cb67-b85d-5adb7eb5d758" executionId="14bce08b-eeec-46cb-8cef-6f5d63fa27e6" testListId="8c84fa94-04c1-424b-9868-57a2d4851a1d" />
    <TestEntry testId="4d097d45-0d0d-ea90-d9d4-dc2396355990" executionId="7f437232-74cb-46b2-b864-6b4adb83bd07" testListId="8c84fa94-04c1-424b-9868-57a2d4851a1d" />
    <TestEntry testId="c87ffa61-951f-ee62-c1fb-b3754d84e4e7" executionId="fc313a0d-6750-4d4a-948f-aae2a2269c75" testListId="8c84fa94-04c1-424b-9868-57a2d4851a1d" />
    <TestEntry testId="67b04a5a-d7e5-804a-359e-7ab0a49b2032" executionId="f71d1121-3883-4a68-bf49-474795776681" testListId="8c84fa94-04c1-424b-9868-57a2d4851a1d" />
    <TestEntry testId="b125b64e-16a9-9a1c-bed1-c7eb1931e757" executionId="0d8c449e-9f8f-4e92-a8d3-29885076284e" testListId="8c84fa94-04c1-424b-9868-57a2d4851a1d" />
    <TestEntry testId="39a3d7f7-c33b-5946-818d-71ebe782f69c" executionId="e7cf5c0e-3b44-4380-824a-bf55495a275f" testListId="8c84fa94-04c1-424b-9868-57a2d4851a1d" />
    <TestEntry testId="4809fe71-0e18-5383-8977-1d7aa83ba49b" executionId="bbf38cb2-3477-4277-9630-333d0d192d52" testListId="8c84fa94-04c1-424b-9868-57a2d4851a1d" />
    <TestEntry testId="77d928c5-af1e-5f9e-1754-2b8bdc27778b" executionId="0fc1ecfc-36b6-4ee8-ab22-c0760e7db51d" testListId="8c84fa94-04c1-424b-9868-57a2d4851a1d" />
    <TestEntry testId="120dc9c0-e973-7f4c-492e-c6b045bcfb22" executionId="3fc9b069-6c7d-410b-9833-ac6778d68f69" testListId="8c84fa94-04c1-424b-9868-57a2d4851a1d" />
    <TestEntry testId="fd987f8b-a06e-d797-ac3f-7a71eb01d499" executionId="dda6ff55-56f9-4f66-9dae-59a715bb2de9" testListId="8c84fa94-04c1-424b-9868-57a2d4851a1d" />
    <TestEntry testId="4ce356b1-833a-a919-32db-7ded81a981f9" executionId="3f665f1a-2882-4824-903d-05bfd2ae7b0b" testListId="8c84fa94-04c1-424b-9868-57a2d4851a1d" />
    <TestEntry testId="2ac6adc5-afd6-d16b-f490-c0a2f63e52d1" executionId="6a6dad76-1684-4055-bef1-4eb01d32965b" testListId="8c84fa94-04c1-424b-9868-57a2d4851a1d" />
    <TestEntry testId="d8f7e6aa-6f47-5e60-ef5d-ae788dc5b1b3" executionId="f30cfa20-2b72-4feb-a037-22099dd296b0" testListId="8c84fa94-04c1-424b-9868-57a2d4851a1d" />
    <TestEntry testId="954032f8-37dc-7661-b366-512958158ebf" executionId="edd5a337-f12b-46a8-90f2-434797bceca5" testListId="8c84fa94-04c1-424b-9868-57a2d4851a1d" />
    <TestEntry testId="22d08012-2885-1c43-3f38-23756f15dee5" executionId="ec0ad8e2-8f10-421b-93da-a40d1c17aca2" testListId="8c84fa94-04c1-424b-9868-57a2d4851a1d" />
    <TestEntry testId="88a2b845-389b-beb6-1095-abb81af0f128" executionId="98081853-abcd-40e0-8971-c9ad8bde20de" testListId="8c84fa94-04c1-424b-9868-57a2d4851a1d" />
    <TestEntry testId="9187d552-54a8-22d6-02b9-12c17e41508e" executionId="be39ca65-4a9a-4e19-aa47-a3319fcd8bb4" testListId="8c84fa94-04c1-424b-9868-57a2d4851a1d" />
    <TestEntry testId="16c3f6e2-b2da-a7d9-b554-da627f0cdd15" executionId="89445889-149e-4fa9-8708-eb0279add7b3" testListId="8c84fa94-04c1-424b-9868-57a2d4851a1d" />
    <TestEntry testId="a3f25151-fd8f-743f-8175-ed7cfff85002" executionId="a5b984d2-d79d-4315-983e-cbd0391a81c5" testListId="8c84fa94-04c1-424b-9868-57a2d4851a1d" />
    <TestEntry testId="7b2c18b9-3657-3125-16b0-dcdc1657600b" executionId="f88fa91f-02dc-42a3-a9d4-34d5cf39e607" testListId="8c84fa94-04c1-424b-9868-57a2d4851a1d" />
    <TestEntry testId="6f68000e-a2fd-05b2-ad24-f91ef4d642d9" executionId="a46f9697-37d7-4539-b53b-cf7e237a77b2" testListId="8c84fa94-04c1-424b-9868-57a2d4851a1d" />
    <TestEntry testId="5023598c-fd84-7d10-bd74-16709daa4c18" executionId="2d94ca99-e1b7-4497-b8f8-99d77a802da8" testListId="8c84fa94-04c1-424b-9868-57a2d4851a1d" />
    <TestEntry testId="35fe1dca-2f94-08b8-6459-0442542f526e" executionId="fae096e4-5f31-459d-a423-1e244f5c72ea" testListId="8c84fa94-04c1-424b-9868-57a2d4851a1d" />
    <TestEntry testId="07d5d72e-69e0-9fde-2308-03acdf606032" executionId="9be19b02-61a3-45b7-9486-f1042c937a33" testListId="8c84fa94-04c1-424b-9868-57a2d4851a1d" />
    <TestEntry testId="b4694a5e-0bb0-1b1b-07dc-ef863cd0420c" executionId="e57f5fe5-5e0b-4b63-9b11-054d6cae946c" testListId="8c84fa94-04c1-424b-9868-57a2d4851a1d" />
    <TestEntry testId="13d6c6ea-6f28-258a-8efb-eced0787e5fb" executionId="f7dd664e-661c-464b-b12c-47e340e716b9" testListId="8c84fa94-04c1-424b-9868-57a2d4851a1d" />
    <TestEntry testId="6bc39af6-acd8-4f36-e4e4-d782a1107371" executionId="085426bd-12d6-497e-93d8-a35360253c4b" testListId="8c84fa94-04c1-424b-9868-57a2d4851a1d" />
    <TestEntry testId="30dfc8b5-247e-3752-d365-cffe7ad05fc0" executionId="50e965c3-dbad-409b-83d9-aa4dec14fd6e" testListId="8c84fa94-04c1-424b-9868-57a2d4851a1d" />
    <TestEntry testId="5e6ee627-d20a-4489-b816-e16d760e3fac" executionId="30b6fb45-8ba0-4b21-83fb-99bb240bd07d" testListId="8c84fa94-04c1-424b-9868-57a2d4851a1d" />
    <TestEntry testId="9b8b1420-42ae-9021-a8f7-f452b3b17b9a" executionId="32d3ff5d-ac4b-4171-941f-2db06a1a3410" testListId="8c84fa94-04c1-424b-9868-57a2d4851a1d" />
    <TestEntry testId="91dd978c-0ad7-4b3f-d8f2-34b667406e7e" executionId="e6a99245-d50f-4ef9-902d-b4253a0602a9" testListId="8c84fa94-04c1-424b-9868-57a2d4851a1d" />
    <TestEntry testId="8c05e98e-7c31-13ef-bbba-0cf9b8a50b6b" executionId="620b56ee-8c93-4807-aa97-82b9862fa4de" testListId="8c84fa94-04c1-424b-9868-57a2d4851a1d" />
    <TestEntry testId="aa955f07-7424-0771-38cd-0f59873f2121" executionId="cc247503-b35d-481d-bb44-e8261b8ea9cb" testListId="8c84fa94-04c1-424b-9868-57a2d4851a1d" />
    <TestEntry testId="427a1563-875c-5ede-eb36-087cf953a6e9" executionId="135e8cfd-e55f-49c1-857e-039c332782ef" testListId="8c84fa94-04c1-424b-9868-57a2d4851a1d" />
    <TestEntry testId="38ae8859-aeae-4431-0005-158dc0dca1ba" executionId="a268ad00-a995-4f5e-80ed-cc69c3f51871" testListId="8c84fa94-04c1-424b-9868-57a2d4851a1d" />
    <TestEntry testId="596d26c1-a184-f4f9-9435-7f20127842cb" executionId="598a1e2b-5d69-42a0-a1da-efe46aba9ac1" testListId="8c84fa94-04c1-424b-9868-57a2d4851a1d" />
    <TestEntry testId="d47bc179-5ff7-8693-e7fd-476064bd669c" executionId="d8efcb09-9cd6-4d9a-89ca-718d0064e2c8" testListId="8c84fa94-04c1-424b-9868-57a2d4851a1d" />
    <TestEntry testId="ec76914c-b2be-738f-f4ff-541ff915f7d0" executionId="4350acd2-96b2-43f7-b09c-20fe84ce1a1f" testListId="8c84fa94-04c1-424b-9868-57a2d4851a1d" />
    <TestEntry testId="a32f1da5-bca9-b4b8-c8d5-6eb2203dd47a" executionId="b9044e6d-43bc-4695-8489-ae43bfa8c2b2" testListId="8c84fa94-04c1-424b-9868-57a2d4851a1d" />
    <TestEntry testId="b3d6dfb1-c90a-f7a8-257d-c548fecb026b" executionId="085b0870-7de5-4c83-9673-456b7f68b1d9" testListId="8c84fa94-04c1-424b-9868-57a2d4851a1d" />
    <TestEntry testId="1b439133-96ac-fe64-6460-a93e04107cf2" executionId="95cb0840-c2d7-448b-9e2c-aef7cdddd561" testListId="8c84fa94-04c1-424b-9868-57a2d4851a1d" />
    <TestEntry testId="4b6d3c32-4c2d-4074-3049-382f11a02e0b" executionId="cc66be0e-f7d1-4752-8eb7-ba97de0a7e9a" testListId="8c84fa94-04c1-424b-9868-57a2d4851a1d" />
    <TestEntry testId="d93c83d3-61a9-d402-ddff-92f91c7aff97" executionId="b23e71cb-9c01-4045-9e20-1bb86fd76364" testListId="8c84fa94-04c1-424b-9868-57a2d4851a1d" />
    <TestEntry testId="0a18d62b-5190-a8d0-54e2-da68b97ef68d" executionId="ebf3a4d9-40c7-4dd2-8a17-560a258e43c5" testListId="8c84fa94-04c1-424b-9868-57a2d4851a1d" />
    <TestEntry testId="41b0d6a6-4a5c-1637-6902-b979ccb484fa" executionId="afb5fda6-fd96-4ae3-8756-ed0111ed7cc6" testListId="8c84fa94-04c1-424b-9868-57a2d4851a1d" />
    <TestEntry testId="217b1fa7-008a-fc4f-9a69-14892f8feed9" executionId="6e8444d5-959f-4fed-886b-3d4610927225" testListId="8c84fa94-04c1-424b-9868-57a2d4851a1d" />
    <TestEntry testId="b8bd9147-cab0-a652-fdd6-0b4f6cc0d7e2" executionId="dc323a38-2ecc-437e-98c7-472c34b6cc6a" testListId="8c84fa94-04c1-424b-9868-57a2d4851a1d" />
    <TestEntry testId="c8afef79-65b0-1683-4cbc-9b83cadd0fef" executionId="3e8d80ba-1dcb-444c-aadb-eef4001e84cc" testListId="8c84fa94-04c1-424b-9868-57a2d4851a1d" />
    <TestEntry testId="0692149d-061c-982d-3d4f-ebaa7c87c549" executionId="f7aeecde-ffe2-4b52-a0d1-1332e35371f6" testListId="8c84fa94-04c1-424b-9868-57a2d4851a1d" />
    <TestEntry testId="8b15913a-6233-54bc-8a3b-b39163abf857" executionId="cf42f92b-7609-4741-8469-2ee31e14b1a1" testListId="8c84fa94-04c1-424b-9868-57a2d4851a1d" />
    <TestEntry testId="5b005db0-dbda-6e84-dc97-4d7a85295d97" executionId="8b52f6b0-8127-4eb9-923c-db3983ee610f" testListId="8c84fa94-04c1-424b-9868-57a2d4851a1d" />
    <TestEntry testId="0d7e3425-dd9c-d970-e740-d984aa731a8c" executionId="73e1ca20-65dc-46bf-add0-e3fc851adea7" testListId="8c84fa94-04c1-424b-9868-57a2d4851a1d" />
    <TestEntry testId="72c070c1-f7a1-048d-ac24-be0b04f5eb09" executionId="15aa057c-f7ee-4e9f-9733-ebcf64810b88" testListId="8c84fa94-04c1-424b-9868-57a2d4851a1d" />
    <TestEntry testId="17c344c5-762f-e25a-c151-aba7a5f20278" executionId="bc6460c5-2645-4b42-a15d-a1e2e5c46eb0" testListId="8c84fa94-04c1-424b-9868-57a2d4851a1d" />
    <TestEntry testId="7d248c41-22f0-0abc-bf5f-b5bac42be8c8" executionId="1882ff2a-1627-4c9d-8ebb-ede7908794d6" testListId="8c84fa94-04c1-424b-9868-57a2d4851a1d" />
    <TestEntry testId="130baa2c-76c2-e226-7ab3-1454505622e9" executionId="8d8c4479-9e39-49f7-9908-38ce2ac1d50f" testListId="8c84fa94-04c1-424b-9868-57a2d4851a1d" />
    <TestEntry testId="81984bc4-59ff-563c-2cad-683c0fa8249f" executionId="69e0f9f6-b3f8-4971-ac91-2eab3cd5188d" testListId="8c84fa94-04c1-424b-9868-57a2d4851a1d" />
    <TestEntry testId="99462d07-0d69-655b-8e33-97d14de162f9" executionId="4f01b22a-c8ce-460a-b00a-da196a28fd86" testListId="8c84fa94-04c1-424b-9868-57a2d4851a1d" />
    <TestEntry testId="69564870-b37a-e6a9-082d-61ed126c5ab1" executionId="3d87d129-9fec-4186-956c-22102e6eceaf" testListId="8c84fa94-04c1-424b-9868-57a2d4851a1d" />
    <TestEntry testId="91597cb0-6a24-dca7-d61a-feb94222cbdb" executionId="4782d5a5-1e1a-4b59-8ead-16a8446071f8" testListId="8c84fa94-04c1-424b-9868-57a2d4851a1d" />
    <TestEntry testId="c41eddf8-e606-5ecf-de95-6871b370bf72" executionId="e1899376-c855-4be3-ae37-d34ce7580d6d" testListId="8c84fa94-04c1-424b-9868-57a2d4851a1d" />
    <TestEntry testId="9c5e3218-4d81-f666-5eac-f51ae9556518" executionId="9b3ff0ab-6089-44a7-be32-e8066ccab64a" testListId="8c84fa94-04c1-424b-9868-57a2d4851a1d" />
    <TestEntry testId="bef2a22a-6666-30c9-2538-1c228180313c" executionId="fb78c29b-0379-4761-b424-c6d47655cb7e" testListId="8c84fa94-04c1-424b-9868-57a2d4851a1d" />
    <TestEntry testId="433e8b39-b811-c601-9369-ed475d3fe733" executionId="712adae9-4dbe-4333-8f32-64820673fc59" testListId="8c84fa94-04c1-424b-9868-57a2d4851a1d" />
    <TestEntry testId="e9c1e9fb-f71f-4e21-a859-79b83367d845" executionId="20559522-16fc-4fb1-b10d-dbab28768ab5" testListId="8c84fa94-04c1-424b-9868-57a2d4851a1d" />
    <TestEntry testId="907efd45-d2e0-1d11-fdb2-9915a1d00c6d" executionId="c52da3ab-6cad-4b99-a806-89593264e216" testListId="8c84fa94-04c1-424b-9868-57a2d4851a1d" />
    <TestEntry testId="34de5a19-746a-4505-8d20-054e2c088792" executionId="d4bc5cbe-6f01-4657-8377-b4c2e596a808" testListId="8c84fa94-04c1-424b-9868-57a2d4851a1d" />
    <TestEntry testId="530f69b5-a447-ca60-be02-7dd53dd950cc" executionId="ed58a2ff-59ec-4d52-bfeb-b341b08fa5b7" testListId="8c84fa94-04c1-424b-9868-57a2d4851a1d" />
    <TestEntry testId="d17694ba-e5c0-8494-e5ba-8ef8d9477485" executionId="1e339897-d4c7-4601-b591-c62aefbdc386" testListId="8c84fa94-04c1-424b-9868-57a2d4851a1d" />
    <TestEntry testId="5a317f58-5340-0bdf-bbbf-2cf5c6868376" executionId="7c0316e8-b08c-43ad-ad88-0f9e9ff4b463" testListId="8c84fa94-04c1-424b-9868-57a2d4851a1d" />
    <TestEntry testId="6cf569d1-1826-b1a5-d6b9-732babdb845d" executionId="fd620f0e-68fe-4765-a9ab-36ab50a6d053" testListId="8c84fa94-04c1-424b-9868-57a2d4851a1d" />
    <TestEntry testId="88ef3b12-90e0-b60b-d906-a863d11fe7c1" executionId="32fc6f5d-7227-4526-999d-f78d41ad75df" testListId="8c84fa94-04c1-424b-9868-57a2d4851a1d" />
    <TestEntry testId="0da338e0-9855-08fe-734d-f7af988e6bc1" executionId="76b6bded-8836-4c20-adb4-b0460c80eedf" testListId="8c84fa94-04c1-424b-9868-57a2d4851a1d" />
    <TestEntry testId="45b8d6af-6bf6-4d13-db5b-d6931f924402" executionId="94f6cee2-2c3d-46e7-8ed0-cce924692b84" testListId="8c84fa94-04c1-424b-9868-57a2d4851a1d" />
    <TestEntry testId="6aa349d6-952a-6cb8-3b52-449c35603c8a" executionId="76f09f86-8725-41de-9140-a61ac2eb2612" testListId="8c84fa94-04c1-424b-9868-57a2d4851a1d" />
    <TestEntry testId="b17f55fe-7a77-049b-3c9d-d1c6816e4ccb" executionId="07496b23-d2e8-460a-920f-4dbac9197654" testListId="8c84fa94-04c1-424b-9868-57a2d4851a1d" />
    <TestEntry testId="5ce1fcc1-c285-77cd-ae3b-20081d5cd75a" executionId="aa232477-020a-4608-92a3-10a0095fd4be" testListId="8c84fa94-04c1-424b-9868-57a2d4851a1d" />
    <TestEntry testId="849ae475-f416-8ab4-9798-07ae8793de20" executionId="711aa653-c1f4-482f-89df-4d6fd29561c6" testListId="8c84fa94-04c1-424b-9868-57a2d4851a1d" />
    <TestEntry testId="0124a6f9-08ac-d872-38e7-fc6c4d6e0a01" executionId="a3b77a33-a05e-41c8-895b-c06d56c8eb30" testListId="8c84fa94-04c1-424b-9868-57a2d4851a1d" />
    <TestEntry testId="8e5a95f7-d7d9-75e4-65bd-b586948a07a8" executionId="7dbd4b8b-2c69-41ed-8a32-e28f57392cf2" testListId="8c84fa94-04c1-424b-9868-57a2d4851a1d" />
    <TestEntry testId="eedd6844-c854-948c-de42-8c2f993ad660" executionId="20e178fc-2029-4fbc-b752-84f06b658dde" testListId="8c84fa94-04c1-424b-9868-57a2d4851a1d" />
    <TestEntry testId="27a80b10-a457-dcf0-3f4f-f5674e8d3ef4" executionId="f86e1584-7b1e-44b1-8eee-a1ee3d942b75" testListId="8c84fa94-04c1-424b-9868-57a2d4851a1d" />
    <TestEntry testId="e454a3f1-9c85-b4ba-36c1-30535ec4b9e5" executionId="eebcffd0-bd94-4d11-8081-0df48b3ccfe9" testListId="8c84fa94-04c1-424b-9868-57a2d4851a1d" />
    <TestEntry testId="55b0046f-204a-b150-257e-2d3d00e45488" executionId="d7e65c5b-8c7b-4780-9b54-28aaab577226" testListId="8c84fa94-04c1-424b-9868-57a2d4851a1d" />
    <TestEntry testId="bdf6f93c-9e36-a4ff-e07a-684f4e89f604" executionId="c66c9e40-b732-40f9-9e42-5b42bbfa4047" testListId="8c84fa94-04c1-424b-9868-57a2d4851a1d" />
    <TestEntry testId="ab5631f2-f214-2d6b-103e-ecf8fde77b19" executionId="4aa791a7-21e4-4074-a91b-e24855c15786" testListId="8c84fa94-04c1-424b-9868-57a2d4851a1d" />
    <TestEntry testId="a576efd2-dc4d-8b08-9b5f-e59b0088fa8e" executionId="00d16270-9137-4ffe-80cc-e5cf4c0a3998" testListId="8c84fa94-04c1-424b-9868-57a2d4851a1d" />
    <TestEntry testId="f98abc3d-0528-176f-d197-4885de4ff4f2" executionId="3693abe5-05de-4e7e-b2d0-ebc17d40dbc3" testListId="8c84fa94-04c1-424b-9868-57a2d4851a1d" />
    <TestEntry testId="71ca81f7-d4b8-7f03-ba05-0feafcaff5a8" executionId="ee0ab80f-5c9a-4b95-a6ce-8a93c5726db8" testListId="8c84fa94-04c1-424b-9868-57a2d4851a1d" />
    <TestEntry testId="3547b549-44fa-239a-f127-0c453303adf8" executionId="b6674381-df42-42a6-a5a6-b725b824b6c5" testListId="8c84fa94-04c1-424b-9868-57a2d4851a1d" />
    <TestEntry testId="8506cb6c-8938-173e-a9b6-87ebf73ac192" executionId="983ccd5d-2134-401c-ba7f-faa8e8420343" testListId="8c84fa94-04c1-424b-9868-57a2d4851a1d" />
    <TestEntry testId="728f977f-d66c-0fb7-ff2d-78067069daae" executionId="7839d277-5293-4bc8-8eb2-2927e6b82ff6" testListId="8c84fa94-04c1-424b-9868-57a2d4851a1d" />
    <TestEntry testId="1bcab4f7-cc1a-04c2-9e62-a8ca303cc7c3" executionId="4bdd8310-2126-4c3d-bd56-83b6155c4025" testListId="8c84fa94-04c1-424b-9868-57a2d4851a1d" />
    <TestEntry testId="88e0d440-ede0-4530-fa82-e54cf5859609" executionId="c9bdc03f-1cde-49d0-9143-9d3b5e0c83b2" testListId="8c84fa94-04c1-424b-9868-57a2d4851a1d" />
    <TestEntry testId="badabfc0-287c-a7d5-098f-1344facad0e2" executionId="7428cec5-0f6b-4f16-9ac4-d9ba939d69f0" testListId="8c84fa94-04c1-424b-9868-57a2d4851a1d" />
    <TestEntry testId="a8466234-3dd1-7e09-1f24-9f708ace9cec" executionId="a063e1a7-0ef2-4857-9f40-f654276c0d21" testListId="8c84fa94-04c1-424b-9868-57a2d4851a1d" />
    <TestEntry testId="6fbe868a-42b6-5cbd-c8ab-590c9c163b52" executionId="a2084027-2a62-4f85-86d1-7e4ed73aaa12" testListId="8c84fa94-04c1-424b-9868-57a2d4851a1d" />
    <TestEntry testId="44aed161-4037-6593-a3b8-432128666ea9" executionId="3a652159-33c2-4e77-9d20-52dc0edce3f1" testListId="8c84fa94-04c1-424b-9868-57a2d4851a1d" />
    <TestEntry testId="771599c9-a15d-63d0-9d03-0c9f01b38cf7" executionId="6d725764-ac38-48d6-956d-c7ab3f49a399" testListId="8c84fa94-04c1-424b-9868-57a2d4851a1d" />
    <TestEntry testId="df70ed32-006d-5c93-6db8-327bf848aec2" executionId="5f2f9864-7bc7-4c25-90d4-cf9a9b799b49" testListId="8c84fa94-04c1-424b-9868-57a2d4851a1d" />
    <TestEntry testId="698f55e3-ba67-c8d6-05d5-1077a48743c7" executionId="64be3e64-7e3b-4594-8146-8395b2a13e6f" testListId="8c84fa94-04c1-424b-9868-57a2d4851a1d" />
    <TestEntry testId="992740cb-50c8-d4fe-c9bf-4993f9a47e3f" executionId="40b43684-fe72-4fb2-9925-af8c3214a9fa" testListId="8c84fa94-04c1-424b-9868-57a2d4851a1d" />
    <TestEntry testId="2d225ce4-f0f3-62e9-1432-3146c61e9476" executionId="60478178-927c-4495-9e2a-6b2f4bb30f2a" testListId="8c84fa94-04c1-424b-9868-57a2d4851a1d" />
    <TestEntry testId="359fff84-37cd-cbf2-c40f-cab0519a05a2" executionId="aab6605c-4106-4465-a06f-8ab7dcd9e5d4" testListId="8c84fa94-04c1-424b-9868-57a2d4851a1d" />
    <TestEntry testId="b0211203-6613-8af6-27ec-57bd6e3d9589" executionId="d0e3598f-9ec7-480d-a15c-951af5d33d7e" testListId="8c84fa94-04c1-424b-9868-57a2d4851a1d" />
    <TestEntry testId="ba3849b3-9ea5-cfac-5226-3bf7a80944d3" executionId="70ee8477-7ea0-4aa5-aa7b-a638f7fa9b04" testListId="8c84fa94-04c1-424b-9868-57a2d4851a1d" />
    <TestEntry testId="025503e0-46c3-a8e9-2ae0-09018f6d88c1" executionId="6290450b-0b5b-49e0-b6fe-5798a2843586" testListId="8c84fa94-04c1-424b-9868-57a2d4851a1d" />
    <TestEntry testId="937df9c4-c878-f529-8b77-c1ccd47d0caa" executionId="fd490d69-8359-4e6c-ae94-eafc60c7c9ea" testListId="8c84fa94-04c1-424b-9868-57a2d4851a1d" />
    <TestEntry testId="cd7b14ce-fbc0-7d81-9aa0-e2c8ec4f6e9c" executionId="0d0db0d3-0a15-42ef-8010-dacd1cee7d18" testListId="8c84fa94-04c1-424b-9868-57a2d4851a1d" />
    <TestEntry testId="6e2eff38-594f-7e40-a4bc-55cf23d64c17" executionId="4bc78e34-36c7-482f-b352-5623099b4997" testListId="8c84fa94-04c1-424b-9868-57a2d4851a1d" />
    <TestEntry testId="8db5f8b9-eae8-c576-e7ed-a034a6d78bed" executionId="d1ce5272-c0b1-4f30-80fe-6e48eb7ad4c4" testListId="8c84fa94-04c1-424b-9868-57a2d4851a1d" />
    <TestEntry testId="81617872-71ba-199d-e817-945400dd1b77" executionId="86aaa99f-3eab-4be4-8667-bfbe5dccdaa2" testListId="8c84fa94-04c1-424b-9868-57a2d4851a1d" />
    <TestEntry testId="8f30478c-81f7-18ca-7418-c5fed45513af" executionId="04c4a70b-d0fe-4cc0-ac6e-f937b8df761b" testListId="8c84fa94-04c1-424b-9868-57a2d4851a1d" />
    <TestEntry testId="a99b2e9c-c747-a074-0fc4-b91a6ac52faa" executionId="9255ecba-be84-4094-88b4-5ed3b69d5861" testListId="8c84fa94-04c1-424b-9868-57a2d4851a1d" />
    <TestEntry testId="b6700c8b-aa56-915e-c0e2-ed6fe26705f6" executionId="350b4349-4c34-4588-81dd-0f09a791c88e" testListId="8c84fa94-04c1-424b-9868-57a2d4851a1d" />
    <TestEntry testId="94e0df52-34ea-7d4e-1817-b28f34f9a098" executionId="d136d77f-a602-4e5d-a981-19e72caa144d" testListId="8c84fa94-04c1-424b-9868-57a2d4851a1d" />
    <TestEntry testId="9b865ef5-ace8-8622-14e6-2807e0fb2add" executionId="7a61d266-f336-4c91-8078-326d552f6bea" testListId="8c84fa94-04c1-424b-9868-57a2d4851a1d" />
    <TestEntry testId="4a042a40-867b-e45d-cc91-1c1f3ec0c326" executionId="3d1ae40f-4b39-42ed-a571-0c5a4fe9e604" testListId="8c84fa94-04c1-424b-9868-57a2d4851a1d" />
    <TestEntry testId="8c0fccc1-43fa-d4b9-bb3c-3f11a0c20b5f" executionId="38d6a714-afe3-4e49-9c5d-b57a43c9a00c" testListId="8c84fa94-04c1-424b-9868-57a2d4851a1d" />
    <TestEntry testId="7de72132-1cd2-24ce-040a-81cf45b201bd" executionId="2346f0ed-b1a5-427b-8713-bcc963983190" testListId="8c84fa94-04c1-424b-9868-57a2d4851a1d" />
    <TestEntry testId="281b2b74-baf1-6b52-ed5c-a61a47c59d4b" executionId="b44c71d4-fc41-4d0f-84d9-30f38ddde2c3" testListId="8c84fa94-04c1-424b-9868-57a2d4851a1d" />
    <TestEntry testId="7533a4d2-a947-dfe4-df2c-e09801226f49" executionId="db37b2f4-6061-421e-966b-b535c8973f69" testListId="8c84fa94-04c1-424b-9868-57a2d4851a1d" />
    <TestEntry testId="609fcd17-7a78-cb18-73bb-afdcf3f32c91" executionId="ab57a06c-2fd8-4491-98ae-416f07cac197" testListId="8c84fa94-04c1-424b-9868-57a2d4851a1d" />
    <TestEntry testId="22a81a99-b71e-15d9-be4f-104efe40b57f" executionId="bc4a7f1d-8cfc-4c3c-8bc2-7f87a26e1a15" testListId="8c84fa94-04c1-424b-9868-57a2d4851a1d" />
    <TestEntry testId="3a57acb2-3a31-781d-767d-d0497ee35db7" executionId="f43ac115-709f-4f37-8c8a-430fca5be5c0" testListId="8c84fa94-04c1-424b-9868-57a2d4851a1d" />
    <TestEntry testId="b95ba696-bf66-4579-3b41-d5325e861dd7" executionId="0442fe03-42ee-4955-8398-bf21943a09be" testListId="8c84fa94-04c1-424b-9868-57a2d4851a1d" />
    <TestEntry testId="226ec0b4-b5fb-232d-ea6f-85b63c59b78e" executionId="9866e511-e5ff-4dc6-b4e4-43fc3ed71e7b" testListId="8c84fa94-04c1-424b-9868-57a2d4851a1d" />
    <TestEntry testId="18221f5c-a233-8915-9e13-307a08a338ec" executionId="583ea26a-92f1-41ca-8fa4-7f1c4ce606bc" testListId="8c84fa94-04c1-424b-9868-57a2d4851a1d" />
    <TestEntry testId="a796f8c8-c899-7521-39b3-459eecb51261" executionId="24102afa-c97a-49b9-9357-8b2fc4c49cf3" testListId="8c84fa94-04c1-424b-9868-57a2d4851a1d" />
    <TestEntry testId="12463717-fdb4-887f-a3c5-92afa97914e4" executionId="404d8284-df47-4655-ad32-c3bb059e9cee" testListId="8c84fa94-04c1-424b-9868-57a2d4851a1d" />
    <TestEntry testId="5a776a3a-b48a-863b-abb5-d1a060454ea7" executionId="7538f057-0cbf-4b39-9cc5-f21bd4641b9f" testListId="8c84fa94-04c1-424b-9868-57a2d4851a1d" />
    <TestEntry testId="1010ec3e-15f5-6176-baaa-337dbb856417" executionId="b3353d99-5066-4d36-afa1-7b3affd09527" testListId="8c84fa94-04c1-424b-9868-57a2d4851a1d" />
    <TestEntry testId="05b6e2a1-5d8b-3f06-4e0d-a13dcae334b4" executionId="af1786ae-38b1-42da-a769-3e97236502c4" testListId="8c84fa94-04c1-424b-9868-57a2d4851a1d" />
    <TestEntry testId="1fa2fbb8-2a8b-5927-1669-f04f3629060e" executionId="08766ea1-dda5-4990-8045-13ac3a2ea73b" testListId="8c84fa94-04c1-424b-9868-57a2d4851a1d" />
    <TestEntry testId="37776d6b-55f3-8fe6-6591-db53e6b0cae0" executionId="2a623387-15a6-4237-928e-fd650759970d" testListId="8c84fa94-04c1-424b-9868-57a2d4851a1d" />
    <TestEntry testId="5997d22f-10df-8ccb-263d-7f78f6029696" executionId="a862d630-a953-44dd-b252-c80f1759ea63" testListId="8c84fa94-04c1-424b-9868-57a2d4851a1d" />
    <TestEntry testId="0152b47b-1b3f-97f2-2057-f31638973d02" executionId="e8a706fd-6fc7-471d-a8c0-dcde9684897e" testListId="8c84fa94-04c1-424b-9868-57a2d4851a1d" />
    <TestEntry testId="82d37856-d8ef-15b8-7133-dfcb7cb39eaf" executionId="539684a7-f4f5-4d09-b474-1a37234ffa55" testListId="8c84fa94-04c1-424b-9868-57a2d4851a1d" />
    <TestEntry testId="60d5eb78-47ad-31a4-7687-4733b8346155" executionId="16df7eb0-7d1b-4f60-a369-8c7646e05953" testListId="8c84fa94-04c1-424b-9868-57a2d4851a1d" />
    <TestEntry testId="724c40a1-3beb-007d-8a74-be9fcfb48cb2" executionId="48c4c957-5e6f-46e6-8a22-49fa549ed899" testListId="8c84fa94-04c1-424b-9868-57a2d4851a1d" />
    <TestEntry testId="9048ef2e-ea98-a1cd-4593-760c3c6dfb9c" executionId="e5418387-a923-43e6-bd70-788fc7cd58e3" testListId="8c84fa94-04c1-424b-9868-57a2d4851a1d" />
    <TestEntry testId="c4f124bd-72f7-5c60-a168-23fdc3119cac" executionId="bfcf00f6-29b8-4b57-9982-0005ff7c84d5" testListId="8c84fa94-04c1-424b-9868-57a2d4851a1d" />
    <TestEntry testId="5e1e7852-4b74-8364-d566-ba1370dec921" executionId="34310981-e91e-4fa6-b729-fdd574612f8a" testListId="8c84fa94-04c1-424b-9868-57a2d4851a1d" />
    <TestEntry testId="bf05db17-5f5c-4702-b962-dc4ccec0ed03" executionId="92934d79-2570-4a08-b87e-f273d1bd908a" testListId="8c84fa94-04c1-424b-9868-57a2d4851a1d" />
    <TestEntry testId="58ce9239-f749-5400-4d5d-9d2b044bbae5" executionId="906437df-195f-493f-9414-7a3fb05c87c5" testListId="8c84fa94-04c1-424b-9868-57a2d4851a1d" />
    <TestEntry testId="fbdead02-2ddb-e5b8-fac6-d1f617590179" executionId="ea9d408b-d662-4ab1-886c-79c28e86040e" testListId="8c84fa94-04c1-424b-9868-57a2d4851a1d" />
    <TestEntry testId="d6f81ae9-e981-8578-05d8-fc4d8d62f519" executionId="254bbe5c-a500-4e32-89d0-fd7d84b8c4c1" testListId="8c84fa94-04c1-424b-9868-57a2d4851a1d" />
    <TestEntry testId="a60b7324-d5b9-a346-ac68-057908745031" executionId="6cf0bfe1-2952-40f0-86b0-7fbf4a42a486" testListId="8c84fa94-04c1-424b-9868-57a2d4851a1d" />
    <TestEntry testId="58141a4e-f059-9b6b-e088-301262858edb" executionId="3088d3cd-f507-40d6-b10d-d0eba05da052" testListId="8c84fa94-04c1-424b-9868-57a2d4851a1d" />
    <TestEntry testId="b65cceb4-bb5a-b668-5f3c-9e4a205a0844" executionId="ca234fc5-8c18-4026-b88f-880ab9087a40" testListId="8c84fa94-04c1-424b-9868-57a2d4851a1d" />
    <TestEntry testId="4ab6e189-06f3-17c5-6204-02c05e7c73d1" executionId="790915d2-575d-47f7-b2b1-b3c330b4100c" testListId="8c84fa94-04c1-424b-9868-57a2d4851a1d" />
    <TestEntry testId="c272841b-70f7-3f09-05b6-adabea36d511" executionId="5d7830ef-86dd-4335-a066-e4fcb14703f8" testListId="8c84fa94-04c1-424b-9868-57a2d4851a1d" />
    <TestEntry testId="829d0f90-2469-d00a-2b4c-246feaf33a9f" executionId="eab86376-ff08-49a3-9fe6-cbd8024167a5" testListId="8c84fa94-04c1-424b-9868-57a2d4851a1d" />
    <TestEntry testId="737a5b44-9dc1-6629-8af9-d1f1394cdf6c" executionId="f01963a3-2e6d-4b41-a27e-d408fd360579" testListId="8c84fa94-04c1-424b-9868-57a2d4851a1d" />
    <TestEntry testId="64965f2c-dba6-85f2-1ef7-cfbde4fa3185" executionId="184805ab-bca3-445e-a548-f3bf8d06c4b7" testListId="8c84fa94-04c1-424b-9868-57a2d4851a1d" />
    <TestEntry testId="c28da101-8ebd-02f8-b68f-6817770438f4" executionId="b6fac801-33e2-40c5-9f59-ecdf6d4459bf" testListId="8c84fa94-04c1-424b-9868-57a2d4851a1d" />
    <TestEntry testId="58d8eb2d-a85d-871c-005e-a694429bb895" executionId="0262876e-bb74-4b66-829b-6e986a8c42c8" testListId="8c84fa94-04c1-424b-9868-57a2d4851a1d" />
    <TestEntry testId="a5fe29b6-8f11-96f3-28fa-75e016b04322" executionId="d6ec70d3-ef70-4b5a-b240-2bd423a7250c" testListId="8c84fa94-04c1-424b-9868-57a2d4851a1d" />
    <TestEntry testId="b91d1d26-a0b1-2ee2-8015-069f2388c8c9" executionId="c4f10996-f72b-4119-8536-8475b03f8208" testListId="8c84fa94-04c1-424b-9868-57a2d4851a1d" />
    <TestEntry testId="816f9c6d-fb47-2bf0-555a-d79381eb2859" executionId="a4d3f70e-5342-4938-8a8a-1a065c666027" testListId="8c84fa94-04c1-424b-9868-57a2d4851a1d" />
    <TestEntry testId="a1c4ddaf-fc3e-ab39-fb53-e6902831a046" executionId="61125d1b-3aef-488c-81b4-aa48db1dad17" testListId="8c84fa94-04c1-424b-9868-57a2d4851a1d" />
    <TestEntry testId="112f4274-43f8-b7e3-b813-36e3adf5ec62" executionId="a066c840-c947-43ec-9653-c9e91a96c963" testListId="8c84fa94-04c1-424b-9868-57a2d4851a1d" />
    <TestEntry testId="721e4d61-c1ad-b706-5981-0b9a5726dace" executionId="6baf628a-0619-489d-8b13-f7f85c594443" testListId="8c84fa94-04c1-424b-9868-57a2d4851a1d" />
    <TestEntry testId="d5ed32e4-7897-5103-27de-7002ba878098" executionId="f5af0796-4653-499d-b6b4-caa12667a76c" testListId="8c84fa94-04c1-424b-9868-57a2d4851a1d" />
    <TestEntry testId="fa5d9638-3777-7eb7-1fbe-718511caf2c7" executionId="c2ab9546-ff24-414c-9c7c-ac24a67bde39" testListId="8c84fa94-04c1-424b-9868-57a2d4851a1d" />
    <TestEntry testId="c9b9aa6a-294c-fdda-e92b-d117f1de4118" executionId="0f877395-1981-4388-a6e1-ad2539e786fc" testListId="8c84fa94-04c1-424b-9868-57a2d4851a1d" />
    <TestEntry testId="d4230149-10c4-6faa-9ee6-ef77ef11a13e" executionId="50a6e1e6-4c94-4076-a601-b2c3b51e46b8" testListId="8c84fa94-04c1-424b-9868-57a2d4851a1d" />
    <TestEntry testId="acf03fb6-5116-f94e-d6e8-7ac4126f56f1" executionId="56bb6c5d-983a-4d9d-abf8-04d12ad1ee54" testListId="8c84fa94-04c1-424b-9868-57a2d4851a1d" />
    <TestEntry testId="94f4fb79-741c-399b-6815-4f1e57683cfb" executionId="f4750830-06e3-45aa-b3c2-f3e162b42a58" testListId="8c84fa94-04c1-424b-9868-57a2d4851a1d" />
    <TestEntry testId="3bc5a19b-af06-ee9b-e6ca-c14ea37262dc" executionId="7bc19d37-6a04-4310-ac6a-28b5933ab579" testListId="8c84fa94-04c1-424b-9868-57a2d4851a1d" />
    <TestEntry testId="33d67a72-9c14-ed11-25ce-add97b012285" executionId="c8391515-30c4-44cd-b520-cd1c4917845d" testListId="8c84fa94-04c1-424b-9868-57a2d4851a1d" />
    <TestEntry testId="e64fac0c-e0e6-f658-b126-2e844c7eee5c" executionId="b402dcad-39e9-4268-9e7a-6f198b6e3721" testListId="8c84fa94-04c1-424b-9868-57a2d4851a1d" />
    <TestEntry testId="2265d1be-c488-0fed-c561-7dfebc65f121" executionId="9bdc3be0-d5b8-4724-935f-c567e2d88c75" testListId="8c84fa94-04c1-424b-9868-57a2d4851a1d" />
    <TestEntry testId="7a89ef6d-3cdb-f757-2f3b-3898c608af6b" executionId="110bb4c9-020c-4d47-a77c-a5b0932b6e49" testListId="8c84fa94-04c1-424b-9868-57a2d4851a1d" />
    <TestEntry testId="71d4b32f-7371-e627-ac04-661a1fea9f42" executionId="06c6c248-ce2a-4b47-99b8-a941148e7bb1" testListId="8c84fa94-04c1-424b-9868-57a2d4851a1d" />
    <TestEntry testId="857362d0-e6c5-c436-79d5-9e8da3c2834e" executionId="cbeeeaf5-d279-4559-b3cd-88ceb2e3fb29" testListId="8c84fa94-04c1-424b-9868-57a2d4851a1d" />
    <TestEntry testId="f88ce713-59cb-9a91-8f44-f65697fcffd5" executionId="2f9dd4c0-fcad-4456-89e9-0a196d616f45" testListId="8c84fa94-04c1-424b-9868-57a2d4851a1d" />
    <TestEntry testId="9812cefd-1257-79cb-91a7-5382c3478d46" executionId="ab270c55-2856-4acf-ba49-cca67381cff8" testListId="8c84fa94-04c1-424b-9868-57a2d4851a1d" />
    <TestEntry testId="b5fc473f-fccc-84cd-e38b-e3f923e0594e" executionId="8089a0a4-8cfe-4848-aeee-03528dbbae3f" testListId="8c84fa94-04c1-424b-9868-57a2d4851a1d" />
    <TestEntry testId="2c474dad-fea8-dd23-dae8-7f89d2f205ba" executionId="8f65943c-2583-4953-ab62-afe9b4356094" testListId="8c84fa94-04c1-424b-9868-57a2d4851a1d" />
    <TestEntry testId="14e6fe3c-f84a-6467-7b6a-02c046284221" executionId="59898113-e0e7-4284-8086-92c22c75f946" testListId="8c84fa94-04c1-424b-9868-57a2d4851a1d" />
    <TestEntry testId="544a4964-32de-20f8-1685-514d0b05fbbf" executionId="ef1faf0e-61ba-4149-9bba-224b66268cb6" testListId="8c84fa94-04c1-424b-9868-57a2d4851a1d" />
    <TestEntry testId="15f924f4-2f7b-14ae-f0a3-9864c8f45825" executionId="2da0896f-c451-4c8b-b9be-ce61997e94e3" testListId="8c84fa94-04c1-424b-9868-57a2d4851a1d" />
    <TestEntry testId="9efe8d67-d061-8a16-2a6f-cc0f412a1643" executionId="46147bf8-2271-4447-8d23-620464b4c9e9" testListId="8c84fa94-04c1-424b-9868-57a2d4851a1d" />
    <TestEntry testId="b91ea863-19c7-157b-0aef-142fc8f94370" executionId="8d1ba681-bdb4-4bde-93aa-bf0527d5420e" testListId="8c84fa94-04c1-424b-9868-57a2d4851a1d" />
    <TestEntry testId="9447d857-64c8-6cf8-db39-f3d427d61a65" executionId="8526f147-5243-4c7c-bad6-3cdf2e822566" testListId="8c84fa94-04c1-424b-9868-57a2d4851a1d" />
    <TestEntry testId="685aac09-7641-90d9-0dcb-7354f3e27e03" executionId="5abf4fec-2fbe-47ea-b136-521c8cfda059" testListId="8c84fa94-04c1-424b-9868-57a2d4851a1d" />
    <TestEntry testId="84086de1-0de3-51f6-6e64-d0bd856fd624" executionId="0b06aa8c-55d7-457d-b444-bc8b4e099560" testListId="8c84fa94-04c1-424b-9868-57a2d4851a1d" />
    <TestEntry testId="6b424835-2972-43a3-be68-6096e160c56e" executionId="4b6348e9-cb56-46e7-a128-079d02feb7cf" testListId="8c84fa94-04c1-424b-9868-57a2d4851a1d" />
    <TestEntry testId="b6d62496-fe4d-e1e0-5823-653f91d759b0" executionId="f569f413-426c-4cd0-a0eb-c6dec4b1f11c" testListId="8c84fa94-04c1-424b-9868-57a2d4851a1d" />
    <TestEntry testId="fd13c37a-6d0d-e621-2701-74af31366894" executionId="8a194374-9601-4835-9103-97f3b39d0fdb" testListId="8c84fa94-04c1-424b-9868-57a2d4851a1d" />
    <TestEntry testId="e07708b9-58e9-17c8-33df-f79f35053ced" executionId="e3d46496-6fda-4a60-9177-b81e032fb83e" testListId="8c84fa94-04c1-424b-9868-57a2d4851a1d" />
    <TestEntry testId="71de4ac0-9031-ba04-0c57-40401b810912" executionId="59c0d894-d3a5-4b69-be04-d30fcc2c670b" testListId="8c84fa94-04c1-424b-9868-57a2d4851a1d" />
    <TestEntry testId="6455e186-afd0-ed2c-2940-e86bf92fc908" executionId="a92f8d53-5e2a-4894-b9b8-456cdbd499d0" testListId="8c84fa94-04c1-424b-9868-57a2d4851a1d" />
    <TestEntry testId="ab5fe0dd-c563-bf1f-305f-1efafcc9e3c4" executionId="94b19bde-6be4-4666-9bf3-8ca66ad1ffcb" testListId="8c84fa94-04c1-424b-9868-57a2d4851a1d" />
    <TestEntry testId="9ba93e8f-3a3e-a383-b7e6-302d9e524cad" executionId="d1719d8f-d8ff-4f1c-878f-217fe514d742" testListId="8c84fa94-04c1-424b-9868-57a2d4851a1d" />
    <TestEntry testId="d4d63e82-a153-4dba-ebca-76d1740f3fd7" executionId="e8746a48-d8a8-4cba-b632-2acf3ed27e92" testListId="8c84fa94-04c1-424b-9868-57a2d4851a1d" />
    <TestEntry testId="25e16dde-f704-9c82-194f-9771acd83015" executionId="7a24d4f0-f905-4e01-9b01-c87522d22ffe" testListId="8c84fa94-04c1-424b-9868-57a2d4851a1d" />
    <TestEntry testId="90cccb7e-1891-84dd-ede0-a725032bf3e9" executionId="7733859f-ba6e-4788-b544-1e457ec5d87c" testListId="8c84fa94-04c1-424b-9868-57a2d4851a1d" />
    <TestEntry testId="fa05cc12-6ed6-5bdb-28c7-97fb71bf0ee7" executionId="e0baca9f-c6dc-4b91-851e-7c8d256c938a" testListId="8c84fa94-04c1-424b-9868-57a2d4851a1d" />
    <TestEntry testId="e3e51c5e-50dd-c6dc-bee4-23a4c897a7b9" executionId="6bd20a61-54ba-4102-89f3-9740c55d271a" testListId="8c84fa94-04c1-424b-9868-57a2d4851a1d" />
    <TestEntry testId="0def198f-cf9d-8c62-2581-9a6090f5fbc9" executionId="a6e534c3-7fa3-4068-b242-08bb948e2fef" testListId="8c84fa94-04c1-424b-9868-57a2d4851a1d" />
    <TestEntry testId="09fc26e3-52b7-4cc0-f8b6-a3db325c8bbb" executionId="ef8a5a8c-36fc-46b6-9a8d-c7697f649a7f" testListId="8c84fa94-04c1-424b-9868-57a2d4851a1d" />
    <TestEntry testId="d42b2979-2947-eec2-a25c-a15c35e71fbb" executionId="9c06ae7f-e776-47cd-821f-eb1bc2ee954e" testListId="8c84fa94-04c1-424b-9868-57a2d4851a1d" />
    <TestEntry testId="5754e61c-98e2-c3d4-4fd8-ba1700f5667d" executionId="83fb4b36-fc2b-40e7-9007-ba9ba4091dfb" testListId="8c84fa94-04c1-424b-9868-57a2d4851a1d" />
    <TestEntry testId="10de2d20-9e13-becf-3e27-76a1ef40ac99" executionId="781e938a-dc1d-46b1-83b1-a919f8f585ca" testListId="8c84fa94-04c1-424b-9868-57a2d4851a1d" />
    <TestEntry testId="d3bfedf2-72e8-cff3-0316-cd925068f363" executionId="3d1a3b53-e3ad-41d7-af54-21c82815b84b" testListId="8c84fa94-04c1-424b-9868-57a2d4851a1d" />
    <TestEntry testId="0fbfd3f1-8403-3002-5229-49e64639ac7c" executionId="12bf3ae5-687c-4b1b-a577-fe8561d88aaa" testListId="8c84fa94-04c1-424b-9868-57a2d4851a1d" />
    <TestEntry testId="488cc526-7ee7-e906-0b8a-9517bd5208dd" executionId="b9a4b24b-cd1b-474d-b0c3-6af47590ef22" testListId="8c84fa94-04c1-424b-9868-57a2d4851a1d" />
    <TestEntry testId="aaa036b3-a7bb-26a3-056e-9fe53c0f9a73" executionId="9845643c-1eac-4d6f-b729-a6ed13af116d" testListId="8c84fa94-04c1-424b-9868-57a2d4851a1d" />
    <TestEntry testId="b00145eb-37a7-57ac-e8b9-6347d3111bce" executionId="a947fe9c-ac99-47bc-92b2-4ffcdfa0513a" testListId="8c84fa94-04c1-424b-9868-57a2d4851a1d" />
    <TestEntry testId="4b21a2a3-9433-2fec-0393-54f4c14ecdca" executionId="f9b13ac8-b6c2-4f28-9529-070a4d2d2f35" testListId="8c84fa94-04c1-424b-9868-57a2d4851a1d" />
    <TestEntry testId="9130ecfa-1d1c-db07-182d-fdb4df69e270" executionId="5f72e853-b476-46c3-8f55-ab8e07894c39" testListId="8c84fa94-04c1-424b-9868-57a2d4851a1d" />
    <TestEntry testId="76990fcb-ffcb-fd18-57fa-b5a109502485" executionId="f1c46c72-f71d-44ad-8bf0-0f1851e72451" testListId="8c84fa94-04c1-424b-9868-57a2d4851a1d" />
    <TestEntry testId="0da18c28-aaa0-210f-7a92-a77f7b0f5efa" executionId="2c56c635-0da4-43c2-8c36-06825fb2b437" testListId="8c84fa94-04c1-424b-9868-57a2d4851a1d" />
    <TestEntry testId="d8429968-d99d-6cb6-df2c-d60230c77ebe" executionId="1ca8890d-698d-4587-8daa-a4bc356d2e7e" testListId="8c84fa94-04c1-424b-9868-57a2d4851a1d" />
    <TestEntry testId="3a458ffc-9469-8946-c7b7-88dcaae5602f" executionId="1b130ba3-ca2b-49af-aa70-dd7d6a2f1cfe" testListId="8c84fa94-04c1-424b-9868-57a2d4851a1d" />
    <TestEntry testId="24ab3bd5-1acb-fa38-e5c7-6c5a5fa87aa2" executionId="0f7b01cb-2cf0-4451-ac9b-ea629ecb3972" testListId="8c84fa94-04c1-424b-9868-57a2d4851a1d" />
    <TestEntry testId="9aa298be-2c39-d2e9-ead8-2178c932f3f2" executionId="a00371f2-f805-4590-abeb-1c7b954572b2" testListId="8c84fa94-04c1-424b-9868-57a2d4851a1d" />
    <TestEntry testId="1c474e5c-e144-f6a4-c5f5-6173a6aa1119" executionId="59219db0-1548-4eb3-83b8-6b65d87516c7" testListId="8c84fa94-04c1-424b-9868-57a2d4851a1d" />
    <TestEntry testId="1b12fd37-50b5-cbfc-ea07-426652c486ec" executionId="319026c3-1949-4f96-8f0c-c91afa62a7db" testListId="8c84fa94-04c1-424b-9868-57a2d4851a1d" />
    <TestEntry testId="53b3deed-da13-8b30-8afd-1c9bedbac328" executionId="995dd2b7-e80d-444c-9b03-333ad226f81c" testListId="8c84fa94-04c1-424b-9868-57a2d4851a1d" />
    <TestEntry testId="a7312598-847d-3aff-2f55-c0f0b9dfa2c9" executionId="736cfacb-77cc-4a89-bfc9-9fd29ebb5b23" testListId="8c84fa94-04c1-424b-9868-57a2d4851a1d" />
    <TestEntry testId="c8cb44f0-52f8-7568-2ad7-8436cbab499b" executionId="83b56115-6a9e-47c5-b0fa-528c984a5f14" testListId="8c84fa94-04c1-424b-9868-57a2d4851a1d" />
    <TestEntry testId="4c537747-11b0-c6e1-78d0-3b3f28050562" executionId="3cc7d1f8-4df4-4148-941e-2fcf1baa8768" testListId="8c84fa94-04c1-424b-9868-57a2d4851a1d" />
    <TestEntry testId="20f085ed-3660-c5b0-6cb6-d23074a475fe" executionId="bf28447d-f2b8-48db-825a-d7d9daaec51e" testListId="8c84fa94-04c1-424b-9868-57a2d4851a1d" />
    <TestEntry testId="9e5f61e1-a7a2-986f-1a43-a3aac7b85c5c" executionId="bea78ff3-9729-4451-953d-4d8e12552218" testListId="8c84fa94-04c1-424b-9868-57a2d4851a1d" />
    <TestEntry testId="65d20a92-4d98-d428-9f1a-926b24f88e67" executionId="433520c5-6a78-45ea-8b11-96b83c38e3f4" testListId="8c84fa94-04c1-424b-9868-57a2d4851a1d" />
    <TestEntry testId="b64645d4-8b95-5488-34aa-41460668b3ee" executionId="d5c45b15-3134-449b-8c0a-c835fbc3f25b" testListId="8c84fa94-04c1-424b-9868-57a2d4851a1d" />
    <TestEntry testId="2f585eda-a8b0-9e5a-ae46-f446f35708ae" executionId="a81623f3-e6e5-4675-a4d8-fff53d0ffcb5" testListId="8c84fa94-04c1-424b-9868-57a2d4851a1d" />
    <TestEntry testId="0af6b612-3ebd-5e45-a89c-94611fd252c6" executionId="a945041a-0fd1-4216-b344-be63e7e72a65" testListId="8c84fa94-04c1-424b-9868-57a2d4851a1d" />
    <TestEntry testId="23eea2e8-4a64-669d-22d7-48b7f57675df" executionId="b3768ec8-e89a-4c2e-9fa6-0b9dc2cbf398" testListId="8c84fa94-04c1-424b-9868-57a2d4851a1d" />
    <TestEntry testId="4480f291-9ab6-2a14-260f-23472228c206" executionId="a20308f8-1d80-41b9-bfb0-1cd2dcbbf086" testListId="8c84fa94-04c1-424b-9868-57a2d4851a1d" />
    <TestEntry testId="be147743-35c1-2ea8-f068-c82e7606ada6" executionId="29235123-f1aa-4d73-91c0-2d9812b00fed" testListId="8c84fa94-04c1-424b-9868-57a2d4851a1d" />
    <TestEntry testId="886d15a7-f876-be7e-71f5-4d94ad43de3c" executionId="77736b43-1586-4d58-a90c-832c0a512a13" testListId="8c84fa94-04c1-424b-9868-57a2d4851a1d" />
    <TestEntry testId="cb7e10c6-0204-7896-444a-0757f579dd40" executionId="c5e0cb3d-d114-40d2-b360-7e6efa066906" testListId="8c84fa94-04c1-424b-9868-57a2d4851a1d" />
    <TestEntry testId="fa52c818-7f37-d4f7-04b7-9530b81dfb8c" executionId="a114aab9-8f04-4293-b443-36498e11c0ae" testListId="8c84fa94-04c1-424b-9868-57a2d4851a1d" />
    <TestEntry testId="c461bfbb-db61-36c4-7c9c-cd738e75f1f7" executionId="37e61575-9424-4e6a-b6d5-903779da257e" testListId="8c84fa94-04c1-424b-9868-57a2d4851a1d" />
    <TestEntry testId="3ee6cc10-3fc3-7952-4a1d-d7dd515e38c3" executionId="c50d2adb-c7c8-4afc-a223-a0093d91fd49" testListId="8c84fa94-04c1-424b-9868-57a2d4851a1d" />
    <TestEntry testId="eaacc939-8c52-d76d-0d8a-74169cd672a2" executionId="c2faf334-63f2-46e5-87df-f2667b90e82b" testListId="8c84fa94-04c1-424b-9868-57a2d4851a1d" />
    <TestEntry testId="284e3747-200c-a346-c8de-d635cf1b6e59" executionId="813f6730-658b-42c8-8355-7672149ba868" testListId="8c84fa94-04c1-424b-9868-57a2d4851a1d" />
    <TestEntry testId="ddd1539c-f3f8-684f-86c3-a25d3ce2d842" executionId="ca918c59-4f5e-4419-a773-6d89c75353df" testListId="8c84fa94-04c1-424b-9868-57a2d4851a1d" />
    <TestEntry testId="6c48898a-3878-dda4-6939-b51cdeadd633" executionId="fb4870a4-4c84-4bba-a84a-032d23187ccd" testListId="8c84fa94-04c1-424b-9868-57a2d4851a1d" />
    <TestEntry testId="b50a5626-bb3d-0e55-a0ed-bea10bccc2f3" executionId="96bee075-2d29-48c9-a49d-763d050bc544" testListId="8c84fa94-04c1-424b-9868-57a2d4851a1d" />
    <TestEntry testId="2c07ec42-63ea-145b-2c1d-d1783382eb80" executionId="ca3224a2-746b-4d6f-8b88-c1cf354c032b" testListId="8c84fa94-04c1-424b-9868-57a2d4851a1d" />
    <TestEntry testId="b4d015a0-965e-7366-ac7c-f7e5a85c608e" executionId="4ccdb261-1d30-432e-a1c3-de28ad095ce3" testListId="8c84fa94-04c1-424b-9868-57a2d4851a1d" />
    <TestEntry testId="259684df-75bc-2a44-cfa4-32b3c96c5977" executionId="30e6ae6c-b10a-460d-8c7c-d3582bb86229" testListId="8c84fa94-04c1-424b-9868-57a2d4851a1d" />
    <TestEntry testId="c60edddc-d3cb-adf6-416d-58709eef132f" executionId="c7bec105-fcd9-4f0f-aab9-57e374f802e8" testListId="8c84fa94-04c1-424b-9868-57a2d4851a1d" />
    <TestEntry testId="c58d02c2-045e-a702-8b39-09ea175a2fd3" executionId="2f22921b-a9b8-45d8-913d-2b711b3e3dfd" testListId="8c84fa94-04c1-424b-9868-57a2d4851a1d" />
    <TestEntry testId="268ae14c-20cc-e72a-0840-6050273b0f8d" executionId="95266cf2-cee8-463d-bacf-ccafdbdde55a" testListId="8c84fa94-04c1-424b-9868-57a2d4851a1d" />
    <TestEntry testId="9b3384a2-497f-2493-da88-40d7b4218810" executionId="aee9fadf-7167-423c-b29d-f1a2a132e388" testListId="8c84fa94-04c1-424b-9868-57a2d4851a1d" />
    <TestEntry testId="eba67419-0ba6-e4bf-58dc-6c9a22c8e85a" executionId="0929a77e-7c38-472d-92e1-7531504cd923" testListId="8c84fa94-04c1-424b-9868-57a2d4851a1d" />
    <TestEntry testId="0559940e-6c3b-5a80-dc60-21dd2e159fd8" executionId="2a0030f2-04e7-401a-84fd-6a5f80152cf0" testListId="8c84fa94-04c1-424b-9868-57a2d4851a1d" />
    <TestEntry testId="6bcc8d60-b3ea-0e46-0d0f-1946fd0abcb8" executionId="d0446b68-2d71-48bf-8ebd-7fbccb1ba4cb" testListId="8c84fa94-04c1-424b-9868-57a2d4851a1d" />
    <TestEntry testId="5d3f8fc0-b97b-c086-40b2-6affaa9438df" executionId="60e3008a-dda2-47bf-8272-1b33399f0eaf" testListId="8c84fa94-04c1-424b-9868-57a2d4851a1d" />
    <TestEntry testId="137f7129-a121-b8c6-63af-0ff5fb4648d0" executionId="d9150c42-331c-4725-99e4-a74b87d151e3" testListId="8c84fa94-04c1-424b-9868-57a2d4851a1d" />
    <TestEntry testId="af2de0f8-df90-b012-06a0-6a91430c3a92" executionId="525e2429-069f-4eab-b3b2-dc4b82d1c816" testListId="8c84fa94-04c1-424b-9868-57a2d4851a1d" />
    <TestEntry testId="ab24419a-86d1-7329-f45f-11c1dd6a023f" executionId="18f27013-5c91-4306-9a42-64e2db36825c" testListId="8c84fa94-04c1-424b-9868-57a2d4851a1d" />
    <TestEntry testId="df74db5f-c82f-c4c0-40a8-80b8e4dba499" executionId="9acf711a-bca7-46ff-b1a9-803f1e13760a" testListId="8c84fa94-04c1-424b-9868-57a2d4851a1d" />
    <TestEntry testId="a1b35a02-92d9-0d0e-9ddc-2d7195973991" executionId="692efc34-3c6a-4a63-a948-d73ce3adf02e" testListId="8c84fa94-04c1-424b-9868-57a2d4851a1d" />
    <TestEntry testId="8e3546fa-c787-88c0-b0a3-fc1e85bae175" executionId="2e6308e0-5100-4858-a974-d58ca82afc1c" testListId="8c84fa94-04c1-424b-9868-57a2d4851a1d" />
    <TestEntry testId="5e9a75d3-0b8f-f511-ca55-05fff7a1f7ad" executionId="76759df1-62f9-4eb3-bbb4-519775eee817" testListId="8c84fa94-04c1-424b-9868-57a2d4851a1d" />
    <TestEntry testId="78936cb5-5e04-7c42-f020-4f17dd495378" executionId="e313e07d-e0b0-4465-820a-a7ff42321306" testListId="8c84fa94-04c1-424b-9868-57a2d4851a1d" />
    <TestEntry testId="2c65fef8-cde4-9bec-37cc-169897e4e944" executionId="16ef1a04-72dc-4850-b9e3-93236f0f973b" testListId="8c84fa94-04c1-424b-9868-57a2d4851a1d" />
    <TestEntry testId="8863ace4-dc22-2d7f-76b3-57b7f71ab777" executionId="b3b88407-d2d2-4b10-aadf-5327103d5807" testListId="8c84fa94-04c1-424b-9868-57a2d4851a1d" />
    <TestEntry testId="066882ae-b976-dd7f-f7ee-4b8881cd5040" executionId="eaa3e511-98a6-473c-8eb3-789aef0eb625" testListId="8c84fa94-04c1-424b-9868-57a2d4851a1d" />
    <TestEntry testId="d713fd26-9318-62d0-07e7-0fb32925b73a" executionId="0538f544-58d3-4646-b8fe-00ffbac84f9f" testListId="8c84fa94-04c1-424b-9868-57a2d4851a1d" />
    <TestEntry testId="7a90d467-ec4d-e610-cc96-6a2ca7074392" executionId="07e2f5ed-e1e5-4e24-a73c-41484a5ec2e5" testListId="8c84fa94-04c1-424b-9868-57a2d4851a1d" />
    <TestEntry testId="055ed5c2-5e4f-8716-0112-40bea275f5c2" executionId="7a3dc699-2752-417d-bb53-7007666de405" testListId="8c84fa94-04c1-424b-9868-57a2d4851a1d" />
    <TestEntry testId="f7b0e781-4364-3181-b31f-25c3510de92e" executionId="1be30eeb-1e00-4e5c-ab61-c238e5b3fc09" testListId="8c84fa94-04c1-424b-9868-57a2d4851a1d" />
    <TestEntry testId="01c23f1b-60d3-1ec6-8652-a458e9baba23" executionId="77b8003e-597d-4294-9a33-5a1d044f8795" testListId="8c84fa94-04c1-424b-9868-57a2d4851a1d" />
    <TestEntry testId="34c21c1b-4843-42b3-d975-d5e225bd75ed" executionId="47730936-8e21-4a5b-adb9-a00852ea5de3" testListId="8c84fa94-04c1-424b-9868-57a2d4851a1d" />
    <TestEntry testId="5d65cf70-fbf7-ed7b-392d-268c0d1993f2" executionId="e47b75ce-d61c-49d7-a4f3-7d66b05c6cd9" testListId="8c84fa94-04c1-424b-9868-57a2d4851a1d" />
    <TestEntry testId="b447d6e1-0886-4836-f5c4-a0d3266ea115" executionId="534fa32b-c173-44a4-a716-ab0d6f65a128" testListId="8c84fa94-04c1-424b-9868-57a2d4851a1d" />
    <TestEntry testId="526076b5-dd75-24fe-3950-9404e88ea72f" executionId="0db1f7e0-d67a-49a0-b38f-709af4de2838" testListId="8c84fa94-04c1-424b-9868-57a2d4851a1d" />
    <TestEntry testId="b35358ef-a214-5c79-c3b7-90f943e58d63" executionId="f5645ea0-2c6a-4e62-b796-7ad2becf9f9b" testListId="8c84fa94-04c1-424b-9868-57a2d4851a1d" />
    <TestEntry testId="174c703d-40da-6a58-da7e-28265b185aac" executionId="78275ef2-e4bd-46d1-b683-9c50e943127f" testListId="8c84fa94-04c1-424b-9868-57a2d4851a1d" />
    <TestEntry testId="5d2d667a-5174-a959-1a9a-e0fcc669a4a1" executionId="898c099c-f26f-4b67-819a-e1ae758637f2" testListId="8c84fa94-04c1-424b-9868-57a2d4851a1d" />
    <TestEntry testId="19b8fb75-bad4-0c47-ee29-f0116aae5991" executionId="bd219d63-630f-4cd3-b37b-f7a2846425f4" testListId="8c84fa94-04c1-424b-9868-57a2d4851a1d" />
    <TestEntry testId="08983fcd-54fe-2816-187c-45a1c5bbec37" executionId="3c2dc69a-fc96-4609-9f6c-b67e8b860abf" testListId="8c84fa94-04c1-424b-9868-57a2d4851a1d" />
    <TestEntry testId="a26220ce-8e45-b18b-8b21-10770613681d" executionId="de29c6e2-906a-4510-ac4a-93588e881957" testListId="8c84fa94-04c1-424b-9868-57a2d4851a1d" />
    <TestEntry testId="27f1dfbf-1cb2-9ae9-b9a5-0af97b7e0f55" executionId="57334509-3e8f-4dfc-a77c-5bd7f61e3a2d" testListId="8c84fa94-04c1-424b-9868-57a2d4851a1d" />
    <TestEntry testId="91467f85-920b-1f84-c7b1-b5178fb1c5dc" executionId="411b746a-180a-45e9-ab1c-ed2616e46bd1" testListId="8c84fa94-04c1-424b-9868-57a2d4851a1d" />
    <TestEntry testId="9bcd0202-63b0-a2b2-3000-3588e2a360cd" executionId="a33c89f3-2acf-4b34-9cc4-129c6b1f3a1d" testListId="8c84fa94-04c1-424b-9868-57a2d4851a1d" />
    <TestEntry testId="5006a63c-335a-e7ab-37f6-6550fc39bd41" executionId="e70e7971-6340-44a4-a9bf-2deb866c123a" testListId="8c84fa94-04c1-424b-9868-57a2d4851a1d" />
    <TestEntry testId="2825047d-45ec-17ec-7668-490b5d480d53" executionId="57350804-2bcf-4a60-a66e-cbcf564ceafb" testListId="8c84fa94-04c1-424b-9868-57a2d4851a1d" />
    <TestEntry testId="9b2113f6-7be9-7a36-e4c3-35aeef59e7b0" executionId="e3c3ba3f-f40d-4b40-8345-e92cd98c07eb" testListId="8c84fa94-04c1-424b-9868-57a2d4851a1d" />
    <TestEntry testId="d1a85bea-6f17-0a0b-8d00-a425fc7bb217" executionId="3d2b95f7-c5f1-4de5-bad4-15cd25376e32" testListId="8c84fa94-04c1-424b-9868-57a2d4851a1d" />
    <TestEntry testId="f99a2604-91a6-b97b-4bbb-69bcf34588de" executionId="cf569fc9-fc20-48d3-b98e-9efa2ed90540" testListId="8c84fa94-04c1-424b-9868-57a2d4851a1d" />
    <TestEntry testId="3d67bfa7-0477-e2e1-e723-7a48cdf889a9" executionId="0e9a7342-9d52-4a0f-ba60-2bde3364e295" testListId="8c84fa94-04c1-424b-9868-57a2d4851a1d" />
    <TestEntry testId="1eedc3ae-bd7e-7fcf-32b0-3aa7620ae920" executionId="69c84e46-4636-48ba-aae5-c9f8cd9609f9" testListId="8c84fa94-04c1-424b-9868-57a2d4851a1d" />
    <TestEntry testId="d8a329ba-c4d1-c4f1-d573-a40cf5804ed0" executionId="398f421e-f589-47a6-ae27-4a966ca73748" testListId="8c84fa94-04c1-424b-9868-57a2d4851a1d" />
    <TestEntry testId="3e28fa62-1907-2d83-45a9-ed0d624cb343" executionId="53497b1b-ffa5-4185-a32a-326c2f3e36e3" testListId="8c84fa94-04c1-424b-9868-57a2d4851a1d" />
    <TestEntry testId="5b019d43-b26a-5fff-fbe5-b9c53fdb2c07" executionId="5033f80f-2440-474d-81ad-fba5d704a221" testListId="8c84fa94-04c1-424b-9868-57a2d4851a1d" />
    <TestEntry testId="9f913f6b-6133-2b27-9775-b9108e8b318f" executionId="e5cec614-260a-4cfc-9b51-fc28bd4fbdf3" testListId="8c84fa94-04c1-424b-9868-57a2d4851a1d" />
    <TestEntry testId="9138da6b-802d-2432-3bc3-7ca04202230b" executionId="01952786-e258-4fd5-9786-3331f1c07259" testListId="8c84fa94-04c1-424b-9868-57a2d4851a1d" />
    <TestEntry testId="94c2bd2b-6b5f-b5ec-49f1-5cbec2248022" executionId="7ccee0d6-a172-4f24-bb42-78d44c1454b6" testListId="8c84fa94-04c1-424b-9868-57a2d4851a1d" />
    <TestEntry testId="5242d8f5-8368-27b0-73a0-982f5ce04fc4" executionId="8e71b689-b091-494a-9278-320201f8df2e" testListId="8c84fa94-04c1-424b-9868-57a2d4851a1d" />
    <TestEntry testId="e2e26a96-b5b4-c2f5-694e-a95e51839bfb" executionId="3e43c7f4-1144-420a-88b6-7b5ee9608924" testListId="8c84fa94-04c1-424b-9868-57a2d4851a1d" />
    <TestEntry testId="69f51caf-2be9-d08e-6810-ce001c777fb4" executionId="ad454c34-9dc8-48ce-a82b-2b402a65c164" testListId="8c84fa94-04c1-424b-9868-57a2d4851a1d" />
    <TestEntry testId="a2dd638d-ac8f-1d49-b418-22de49227a51" executionId="d70f6c36-1a37-447f-b53c-adb2bac61f40" testListId="8c84fa94-04c1-424b-9868-57a2d4851a1d" />
    <TestEntry testId="edad7a9f-2ab1-fea5-205f-48bb63f1f880" executionId="432dddc8-58b8-4986-b974-04fc7df8b74e" testListId="8c84fa94-04c1-424b-9868-57a2d4851a1d" />
    <TestEntry testId="b1e074ea-7f2a-5a8e-9a0e-a97db98a2ce1" executionId="e7ad0f91-7810-4855-8d60-c31d8915a7a0" testListId="8c84fa94-04c1-424b-9868-57a2d4851a1d" />
    <TestEntry testId="0d25d40d-d1aa-dcd2-9ff9-14f41134f43c" executionId="a35934e2-7b5f-4de8-b68b-9a6ff4cdf805" testListId="8c84fa94-04c1-424b-9868-57a2d4851a1d" />
    <TestEntry testId="4dd16df4-f085-64ca-9a0c-8b383d03ff3b" executionId="f5c18508-5604-47aa-915c-2ae9814a914b" testListId="8c84fa94-04c1-424b-9868-57a2d4851a1d" />
    <TestEntry testId="adb45a6a-26fd-ba52-beaa-50bf00558977" executionId="303af863-7174-45d5-b94f-cd88139f302d" testListId="8c84fa94-04c1-424b-9868-57a2d4851a1d" />
    <TestEntry testId="62f74a3d-718e-71c3-9049-7f1099887d7e" executionId="47e5f21e-2c46-4967-bb92-16abc0b3355a" testListId="8c84fa94-04c1-424b-9868-57a2d4851a1d" />
    <TestEntry testId="d19839c4-abc8-cd86-7c39-e8abf0955c68" executionId="14cca184-14bc-4d6b-a358-b865f623b6ec" testListId="8c84fa94-04c1-424b-9868-57a2d4851a1d" />
    <TestEntry testId="bb3cee59-0e2f-46ea-0724-587b7e96a89c" executionId="70d227bc-6e3c-434d-818d-043b8e487903" testListId="8c84fa94-04c1-424b-9868-57a2d4851a1d" />
    <TestEntry testId="5fe06e96-7d1e-4cc3-cac1-7c226655aab9" executionId="309271c3-e16d-407a-bccf-0b8dedbf78b8" testListId="8c84fa94-04c1-424b-9868-57a2d4851a1d" />
    <TestEntry testId="8e506078-644e-53c7-62ff-a2a238aea095" executionId="6e2184a1-b56f-4ac6-a291-9bfbe0aa52f1" testListId="8c84fa94-04c1-424b-9868-57a2d4851a1d" />
    <TestEntry testId="20e55c18-53a2-de97-9c7c-7be4bc3878be" executionId="1e70f58f-4ef5-4dd6-8b79-cdd4fb48ec61" testListId="8c84fa94-04c1-424b-9868-57a2d4851a1d" />
    <TestEntry testId="2a6f4f46-f067-6560-f6b5-5d4fd1a8413c" executionId="96abd282-5eed-413a-a7d7-d1bf52a00c0e" testListId="8c84fa94-04c1-424b-9868-57a2d4851a1d" />
    <TestEntry testId="37fce9a1-160d-3d00-91df-c36cdcd7b891" executionId="8b8c6498-9a82-4b05-b277-dfe9c106db7e" testListId="8c84fa94-04c1-424b-9868-57a2d4851a1d" />
    <TestEntry testId="63f6badc-75ca-49e3-34dc-16f32740f2dc" executionId="731444f8-96a7-4221-8eb4-c3f7946a41e5" testListId="8c84fa94-04c1-424b-9868-57a2d4851a1d" />
    <TestEntry testId="eb2612ac-8d6d-4d65-558d-64fe1b7124ea" executionId="951f54ed-c057-4519-9fee-9ec575251fc8" testListId="8c84fa94-04c1-424b-9868-57a2d4851a1d" />
    <TestEntry testId="8db4006b-09ed-19b8-394b-3946d8427802" executionId="258cacb2-4a02-46fd-8ff7-29c6ae702ee7" testListId="8c84fa94-04c1-424b-9868-57a2d4851a1d" />
    <TestEntry testId="cc8b7bde-b458-22a8-a947-beb6b6a1704f" executionId="22c65ba3-9f08-4a52-8f32-db99aacf7965" testListId="8c84fa94-04c1-424b-9868-57a2d4851a1d" />
    <TestEntry testId="f5dfafa0-a1b3-9bb5-02eb-b8571a3c70a5" executionId="cd402127-a906-4a9a-ad0a-8e1500f18c8f" testListId="8c84fa94-04c1-424b-9868-57a2d4851a1d" />
    <TestEntry testId="7ab8caca-a3ee-e6e6-36c5-2bcba348b5a2" executionId="fb59e62b-d488-48a9-abab-fe27d251d02d" testListId="8c84fa94-04c1-424b-9868-57a2d4851a1d" />
    <TestEntry testId="e4a3b9e7-3a1f-3d64-878c-608bf44b6dad" executionId="34845e09-99b2-4da3-9ee2-d96e863c18f0" testListId="8c84fa94-04c1-424b-9868-57a2d4851a1d" />
    <TestEntry testId="c858a481-0d0e-3988-c228-6802bc380da7" executionId="4c0d89c3-355a-42f6-97a2-590661708343" testListId="8c84fa94-04c1-424b-9868-57a2d4851a1d" />
    <TestEntry testId="28e7a5d1-8f44-1572-7795-74ddeb231fc9" executionId="36c298a5-ec21-4c87-8dbb-ba4f5d87a343" testListId="8c84fa94-04c1-424b-9868-57a2d4851a1d" />
    <TestEntry testId="dfc647d8-e7b7-3363-85d0-981b7c564f36" executionId="49f7d020-b9f9-4abd-9b86-8d805a1245ef" testListId="8c84fa94-04c1-424b-9868-57a2d4851a1d" />
    <TestEntry testId="9673c392-00ec-21ab-3c0b-8793b3f794b4" executionId="15c8fcd4-f977-451f-b72e-8afc6f0077d5" testListId="8c84fa94-04c1-424b-9868-57a2d4851a1d" />
    <TestEntry testId="c5b6b720-03d0-f3a5-ddc2-0f57daed133f" executionId="607d4544-1719-4b2e-a49c-9f06ed4c01fa" testListId="8c84fa94-04c1-424b-9868-57a2d4851a1d" />
    <TestEntry testId="5e3bdf58-1844-a1b4-806a-46eb12369c4c" executionId="723708ad-d662-46b5-b82a-d9cec440eaf9" testListId="8c84fa94-04c1-424b-9868-57a2d4851a1d" />
    <TestEntry testId="8039a04f-aa3d-b9b0-cb5a-bbf13ecc63c0" executionId="2bfdf492-b873-42a3-b40b-d5e494d1346c" testListId="8c84fa94-04c1-424b-9868-57a2d4851a1d" />
    <TestEntry testId="c33ffea1-3ab4-6e2f-fc40-218179c394c7" executionId="3f078190-8e43-4d15-8403-23a078527427" testListId="8c84fa94-04c1-424b-9868-57a2d4851a1d" />
    <TestEntry testId="79f071eb-e625-b2fd-6581-3da41d293199" executionId="4e47ab63-de55-439b-8b64-9e6a6a602f24" testListId="8c84fa94-04c1-424b-9868-57a2d4851a1d" />
    <TestEntry testId="d521a624-98c8-ffd7-d23b-ccfcf889cbc2" executionId="169d3d5e-ef43-42b8-b55b-c1212ae1ed67" testListId="8c84fa94-04c1-424b-9868-57a2d4851a1d" />
    <TestEntry testId="2b8fcca8-4ff4-62b3-63bc-a8f951917cd2" executionId="6db91aae-8de3-4c94-a21e-8bfe60298fbc" testListId="8c84fa94-04c1-424b-9868-57a2d4851a1d" />
    <TestEntry testId="67cc226a-7fe1-9d05-a4e5-d17e740d4855" executionId="038b9c52-0711-492e-bab7-e2e83ea9b0f6" testListId="8c84fa94-04c1-424b-9868-57a2d4851a1d" />
    <TestEntry testId="308375a6-6b2f-0344-b263-18e6ea0c3b70" executionId="d41da624-e3c6-48d1-a77b-66375c4f21e9" testListId="8c84fa94-04c1-424b-9868-57a2d4851a1d" />
    <TestEntry testId="ce843775-f582-0f1d-bc7b-b8a7c6f03a72" executionId="6030f4fa-cdfb-4944-b521-9df37df96aa8" testListId="8c84fa94-04c1-424b-9868-57a2d4851a1d" />
    <TestEntry testId="36e0cd72-0e2e-5379-e9f4-07e1826299b9" executionId="3fde0096-997d-49b3-ae5f-b2144752ae8d" testListId="8c84fa94-04c1-424b-9868-57a2d4851a1d" />
    <TestEntry testId="2ed3a00a-4f7f-6fbf-f5bb-89f70e5e347a" executionId="afdf0c6a-f189-47bf-a2b8-bcefa0c825aa" testListId="8c84fa94-04c1-424b-9868-57a2d4851a1d" />
    <TestEntry testId="95de269b-449d-9609-f541-f46b5a47c3a2" executionId="d27bdf3b-7b12-44a5-97b7-837349153b6f" testListId="8c84fa94-04c1-424b-9868-57a2d4851a1d" />
    <TestEntry testId="e68e8d3d-cf88-e2fc-5096-d0c2a02bc9c2" executionId="ffab5b2b-6af8-49b5-8770-4c3b6d71b8cf" testListId="8c84fa94-04c1-424b-9868-57a2d4851a1d" />
    <TestEntry testId="62e292ec-1e8c-b43c-455e-5da98455edd0" executionId="4393d6c7-1533-4294-9201-70040df469ea" testListId="8c84fa94-04c1-424b-9868-57a2d4851a1d" />
    <TestEntry testId="490e7964-564a-533a-f8bb-4cc32aa32787" executionId="658a36cf-6a19-4c58-b3b5-df46542a5907" testListId="8c84fa94-04c1-424b-9868-57a2d4851a1d" />
    <TestEntry testId="2aedea52-d73b-acf1-0422-06a57a767fe9" executionId="7b423a6d-f79f-44bc-9a34-ae39b0f90727" testListId="8c84fa94-04c1-424b-9868-57a2d4851a1d" />
    <TestEntry testId="486ff2e7-4ec1-c118-0fbd-3ce64d86652d" executionId="838cd044-ce71-422c-ad32-cf8079e149d6" testListId="8c84fa94-04c1-424b-9868-57a2d4851a1d" />
    <TestEntry testId="b9620a8c-f3e1-5558-91f6-f847710ba86c" executionId="308fa33b-a668-48b1-95fc-e90e4ba0be1e" testListId="8c84fa94-04c1-424b-9868-57a2d4851a1d" />
    <TestEntry testId="1e32982b-dcf0-dc6d-6443-5d1de7b120a4" executionId="0c17655d-baee-420c-af01-3068e20f5b0c" testListId="8c84fa94-04c1-424b-9868-57a2d4851a1d" />
    <TestEntry testId="aab3a971-947d-ce24-4dfc-ab6ad28ff8a7" executionId="1cbb0719-090e-4357-a724-e7744eec3760" testListId="8c84fa94-04c1-424b-9868-57a2d4851a1d" />
    <TestEntry testId="53a59744-7860-30d1-542b-005864af02c5" executionId="d0b2ce67-830a-4382-a209-805388a4f818" testListId="8c84fa94-04c1-424b-9868-57a2d4851a1d" />
    <TestEntry testId="0f5519ff-c247-6411-d38b-9a9f1b4227c9" executionId="d1ba7b15-be74-4dae-8490-56224bb0bca9" testListId="8c84fa94-04c1-424b-9868-57a2d4851a1d" />
    <TestEntry testId="96b35467-e8c7-5287-b6fc-cdb670ef4dfa" executionId="b6ce39cc-5a97-40cd-9747-11b9de71cee5" testListId="8c84fa94-04c1-424b-9868-57a2d4851a1d" />
    <TestEntry testId="b4298ca8-9752-bfa9-c052-cd715e74c130" executionId="4b0ce7ab-91f6-493d-91f0-427721f5f33a" testListId="8c84fa94-04c1-424b-9868-57a2d4851a1d" />
    <TestEntry testId="a2a89d92-b10c-ab05-ed49-b2582095664e" executionId="283ee05c-e5ef-46e4-b945-c485e2fc06cd" testListId="8c84fa94-04c1-424b-9868-57a2d4851a1d" />
    <TestEntry testId="9ab44632-9eaf-e3de-6707-27601cb7b327" executionId="8aa9ccd7-6694-45e7-a639-eb0139eb5105" testListId="8c84fa94-04c1-424b-9868-57a2d4851a1d" />
    <TestEntry testId="8a421678-ea17-08c5-7f74-f5f0fa3d8820" executionId="fb5104c3-37ed-446c-aea6-613ae81b3796" testListId="8c84fa94-04c1-424b-9868-57a2d4851a1d" />
    <TestEntry testId="09c63d31-7659-4b84-884f-69e5a80116b6" executionId="d1f46ced-c06e-4d71-9618-73cc354bf00f" testListId="8c84fa94-04c1-424b-9868-57a2d4851a1d" />
    <TestEntry testId="334cf599-d2a3-9075-1065-d417fa8f74fb" executionId="b7583a01-9b01-4a4f-b413-82e0f1b18b8d" testListId="8c84fa94-04c1-424b-9868-57a2d4851a1d" />
    <TestEntry testId="d05db42a-dc66-40e0-b6b0-cc3a09010508" executionId="39211382-179b-4418-a792-b4ad876ccee8" testListId="8c84fa94-04c1-424b-9868-57a2d4851a1d" />
    <TestEntry testId="980097e6-1997-04c7-0639-e21ed0b80203" executionId="e2165da9-ed04-4e1b-9572-5cdef9316095" testListId="8c84fa94-04c1-424b-9868-57a2d4851a1d" />
    <TestEntry testId="4bb2727d-b9d4-6289-65c4-9870842194c7" executionId="8e51c796-6809-4296-bc41-e8f27dc43fb6" testListId="8c84fa94-04c1-424b-9868-57a2d4851a1d" />
    <TestEntry testId="86fe6701-6291-43a1-0223-d9d4531dd84f" executionId="8b3d5857-41b9-4a86-a081-3dfeee52bd7a" testListId="8c84fa94-04c1-424b-9868-57a2d4851a1d" />
    <TestEntry testId="634a7857-4161-c208-2b7c-4392dc6f68a9" executionId="a02bb1db-86c2-4192-b721-3b814913955c" testListId="8c84fa94-04c1-424b-9868-57a2d4851a1d" />
    <TestEntry testId="ef0d4402-3320-910c-2b0b-4abb1b8f0aac" executionId="b51c8c00-66e8-4152-a74f-f8018fc50ebb" testListId="8c84fa94-04c1-424b-9868-57a2d4851a1d" />
    <TestEntry testId="6b29d7a2-aa0e-5535-a006-1187f35912c4" executionId="173ae06b-1a43-41c8-8b40-ff5a3d138eb0" testListId="8c84fa94-04c1-424b-9868-57a2d4851a1d" />
    <TestEntry testId="33394072-2e37-ffe9-9ac0-6514083c90b1" executionId="8c382433-52d8-46bd-b17d-9ef47fd5773b" testListId="8c84fa94-04c1-424b-9868-57a2d4851a1d" />
    <TestEntry testId="8c8d368d-889c-b4a3-7811-4e347a011909" executionId="992b553e-ddbe-4c8f-86be-080b8d7bab99" testListId="8c84fa94-04c1-424b-9868-57a2d4851a1d" />
    <TestEntry testId="ef98307e-e332-24fb-e960-16fa4b8c11bc" executionId="d321ba78-fac4-46b9-9aee-d2ecd6a5200d" testListId="8c84fa94-04c1-424b-9868-57a2d4851a1d" />
    <TestEntry testId="4edb745b-4b4d-b8b2-ec92-d585f82d95b2" executionId="63b6c5b6-ba30-45f4-b492-5be9debf2dac" testListId="8c84fa94-04c1-424b-9868-57a2d4851a1d" />
    <TestEntry testId="edc878a0-a43a-73ef-acb0-37577f353475" executionId="8736ad7c-9561-45a1-89bf-bd71491e1f1d" testListId="8c84fa94-04c1-424b-9868-57a2d4851a1d" />
    <TestEntry testId="e4ad2a15-98c6-1291-fbd4-50b2d4dd7302" executionId="420fcef6-4dfc-4977-8097-20353446068e" testListId="8c84fa94-04c1-424b-9868-57a2d4851a1d" />
    <TestEntry testId="ae22dca9-2c0d-4866-9901-227de3fea027" executionId="1a6833a1-e001-435e-bd18-ab450ff53bdc" testListId="8c84fa94-04c1-424b-9868-57a2d4851a1d" />
    <TestEntry testId="2c8ebbf0-442d-6673-0b05-ad9143b4c52d" executionId="7a6f3565-a361-4d80-a378-b350f80ef43b" testListId="8c84fa94-04c1-424b-9868-57a2d4851a1d" />
    <TestEntry testId="e9d6d2f7-78f4-cd67-90f0-55662de68fd1" executionId="7cafdabf-5067-4681-9d35-a94012eb36e1" testListId="8c84fa94-04c1-424b-9868-57a2d4851a1d" />
    <TestEntry testId="b47967dd-ebf4-c080-e70d-64c8aed86b3c" executionId="23f6a150-0839-4481-8487-42d8cbf25e4e" testListId="8c84fa94-04c1-424b-9868-57a2d4851a1d" />
    <TestEntry testId="7764b362-e870-3b15-8212-d8142ee87fe5" executionId="672491a8-4849-479f-b9e0-003ac2fbb9b1" testListId="8c84fa94-04c1-424b-9868-57a2d4851a1d" />
    <TestEntry testId="ec44a99e-89cd-c3d4-13d7-075ed8b19dd0" executionId="c69a7398-a663-44b2-948a-cc677cf03d76" testListId="8c84fa94-04c1-424b-9868-57a2d4851a1d" />
    <TestEntry testId="40d22751-bcc1-822d-b412-9e2e8029bb57" executionId="f25b4c9a-8fb8-47db-a7b7-cf904ddc79f0" testListId="8c84fa94-04c1-424b-9868-57a2d4851a1d" />
    <TestEntry testId="03dc18b2-6dc1-9d25-a982-2b0e7389d0a6" executionId="2bedc6f5-fe07-4634-9958-ba5d5a24ef5b" testListId="8c84fa94-04c1-424b-9868-57a2d4851a1d" />
    <TestEntry testId="23485ec5-762d-f047-ff01-6c531ff41e58" executionId="91bf2b85-ecee-4ac8-84ec-0dbc1d06f3bb" testListId="8c84fa94-04c1-424b-9868-57a2d4851a1d" />
    <TestEntry testId="943d231e-70f8-ceaa-0060-065fafdfea23" executionId="619a1453-9835-4bf8-8177-4a61bd787382" testListId="8c84fa94-04c1-424b-9868-57a2d4851a1d" />
    <TestEntry testId="1389943b-4293-d76b-fe95-fad83a372c2c" executionId="34b268c3-b240-4740-ad03-2606ee1e1c23" testListId="8c84fa94-04c1-424b-9868-57a2d4851a1d" />
    <TestEntry testId="29262fbc-e929-4761-ebd6-59dea368b6f8" executionId="4ff4f122-caab-40e0-b439-f3b5e8780dcc" testListId="8c84fa94-04c1-424b-9868-57a2d4851a1d" />
    <TestEntry testId="d845b233-ac5e-a167-2fe4-a3b1d9f6146c" executionId="118861b8-7a9b-48a1-8798-345731c63fa5" testListId="8c84fa94-04c1-424b-9868-57a2d4851a1d" />
    <TestEntry testId="19d5ea60-ef13-31bf-4dc7-ab7d29a648c4" executionId="1d35e989-c1de-487c-a6ed-be396417cfa9" testListId="8c84fa94-04c1-424b-9868-57a2d4851a1d" />
    <TestEntry testId="77d3fe13-3564-015d-7a4f-d66cf1691384" executionId="9d441691-388e-45a3-97d0-cdb409834225" testListId="8c84fa94-04c1-424b-9868-57a2d4851a1d" />
    <TestEntry testId="94453bdb-2d5d-84cc-0c06-801c9afddaf9" executionId="f6048f61-a320-431e-af56-b4a14ff97817" testListId="8c84fa94-04c1-424b-9868-57a2d4851a1d" />
    <TestEntry testId="85c966cb-c8a4-0c1a-1dd8-86769a853ac4" executionId="5448d7e4-a9c0-45c7-a313-5daca158f9e9" testListId="8c84fa94-04c1-424b-9868-57a2d4851a1d" />
    <TestEntry testId="7b8de1e5-9337-d62a-9f21-d2fb01f50c30" executionId="23b53e39-290d-4a96-b97e-9810215d8f49" testListId="8c84fa94-04c1-424b-9868-57a2d4851a1d" />
    <TestEntry testId="f499f5ec-ad18-8304-64bd-c766451387c9" executionId="8eb2b708-e98a-4bf9-84a3-33663ae01699" testListId="8c84fa94-04c1-424b-9868-57a2d4851a1d" />
    <TestEntry testId="5396c2c8-6074-1211-7d0e-1298ff50c59b" executionId="e7c9b2be-5ae4-48ba-bc3a-cee276977c6a" testListId="8c84fa94-04c1-424b-9868-57a2d4851a1d" />
    <TestEntry testId="1d68fd44-a83f-ce8d-5546-5210a12a7d3f" executionId="3f2df093-202d-498a-87ee-a603703b20d1" testListId="8c84fa94-04c1-424b-9868-57a2d4851a1d" />
    <TestEntry testId="5f45f17d-a145-db08-0bf7-7fe0763a6e6a" executionId="9191b8fa-4142-459f-80da-496b70575a30" testListId="8c84fa94-04c1-424b-9868-57a2d4851a1d" />
    <TestEntry testId="2e3b4342-1265-efa1-b8b0-a70d9afa0a25" executionId="176ea3c3-1b2c-44b7-a3f6-8daa424cca5b" testListId="8c84fa94-04c1-424b-9868-57a2d4851a1d" />
    <TestEntry testId="a2f1447d-309c-7b8f-f7c4-bb2a932bcd02" executionId="87ca0f21-517a-4e0e-ada0-d2600539aa01" testListId="8c84fa94-04c1-424b-9868-57a2d4851a1d" />
    <TestEntry testId="2a9b3a3d-4f97-55c6-855a-5890500f2aa0" executionId="872b2922-472a-4075-b41e-bbb5b5d4d610" testListId="8c84fa94-04c1-424b-9868-57a2d4851a1d" />
    <TestEntry testId="4e49a046-f54e-4cc2-9d84-c8faf2cba8c3" executionId="7a0d9263-e845-40ad-9b7a-d9e2949a0bb9" testListId="8c84fa94-04c1-424b-9868-57a2d4851a1d" />
    <TestEntry testId="95000700-54cd-aa4b-5aca-fefb237bd275" executionId="7844f79b-8b63-41b9-affe-03b78f1a807e" testListId="8c84fa94-04c1-424b-9868-57a2d4851a1d" />
    <TestEntry testId="1b93defe-26ac-fe8a-6ccd-4d70d705374c" executionId="8d44d402-d198-4a10-98f3-04f19826d159" testListId="8c84fa94-04c1-424b-9868-57a2d4851a1d" />
    <TestEntry testId="f6fbd111-7c7f-0e56-9651-5894ead3ac95" executionId="350580d9-6450-49c4-b665-cbcb6893de31" testListId="8c84fa94-04c1-424b-9868-57a2d4851a1d" />
    <TestEntry testId="8402c0e3-b6c7-2078-2393-e75d1e1013c0" executionId="4806af9e-d6d8-4d7b-a803-1b0b761dc9ba" testListId="8c84fa94-04c1-424b-9868-57a2d4851a1d" />
    <TestEntry testId="87f45eb2-1120-98d3-51fa-1e1456e20576" executionId="1be59654-4e7b-4095-97da-dea588a0f9a5" testListId="8c84fa94-04c1-424b-9868-57a2d4851a1d" />
    <TestEntry testId="bebd38ae-4784-afc3-8c09-8d11d1d1cde8" executionId="41e1a43b-0153-4010-bd6e-cc6f082e52a6" testListId="8c84fa94-04c1-424b-9868-57a2d4851a1d" />
    <TestEntry testId="1c1af5bc-0ede-5235-4c2d-8d486728c2d8" executionId="f33f60d8-219b-45a3-acc9-dcb66ca6d4be" testListId="8c84fa94-04c1-424b-9868-57a2d4851a1d" />
    <TestEntry testId="dd7abbca-776e-a670-9814-0a84d1532500" executionId="6abc78c3-7978-4a6b-b6dd-83823227afdc" testListId="8c84fa94-04c1-424b-9868-57a2d4851a1d" />
    <TestEntry testId="719db6eb-3a76-008d-3a20-f8857c55640f" executionId="98f750a2-355b-411d-8788-f18df2d3a933" testListId="8c84fa94-04c1-424b-9868-57a2d4851a1d" />
    <TestEntry testId="7d221b67-7f97-a123-0de1-6872c3aad614" executionId="eb904cb3-4403-4d6c-b4be-333a2807a2b4" testListId="8c84fa94-04c1-424b-9868-57a2d4851a1d" />
    <TestEntry testId="e4997c9b-0d9b-773d-98ac-95b9fd6943b7" executionId="826a46ff-f7c4-452c-979e-db27be2fbd01" testListId="8c84fa94-04c1-424b-9868-57a2d4851a1d" />
    <TestEntry testId="44368d84-35da-0cae-f7bd-c85c8d9da63a" executionId="c80232de-e2ab-43e4-b16a-692593872adf" testListId="8c84fa94-04c1-424b-9868-57a2d4851a1d" />
    <TestEntry testId="af2e5f14-0383-5727-555f-05fe1be1d426" executionId="8b2e56c7-555e-4d23-8af6-a4783d5bb503" testListId="8c84fa94-04c1-424b-9868-57a2d4851a1d" />
    <TestEntry testId="88c1f49e-afd8-32ac-a7cb-3ffedb7fc25a" executionId="08832100-a1ab-4015-9c9e-49faab9ab490" testListId="8c84fa94-04c1-424b-9868-57a2d4851a1d" />
    <TestEntry testId="841f16ce-97a9-ff76-40ae-1fdee2071244" executionId="83f40ffa-1e99-48c3-8be4-ddf40f6548b8" testListId="8c84fa94-04c1-424b-9868-57a2d4851a1d" />
    <TestEntry testId="a4035a40-b70a-c3a2-2fd3-d8d06dc80502" executionId="9b3bb438-fda9-45af-93b8-4c0d65327db9" testListId="8c84fa94-04c1-424b-9868-57a2d4851a1d" />
    <TestEntry testId="be10cfb5-959a-3fd5-7048-4419a0956455" executionId="be720fdb-0ad0-40b6-b87d-36794baf0944" testListId="8c84fa94-04c1-424b-9868-57a2d4851a1d" />
    <TestEntry testId="fb42af72-5b3a-ca9a-0d50-d4b7f92dd3ae" executionId="5f4349a4-d62c-41ba-a70b-7e6f513397f5" testListId="8c84fa94-04c1-424b-9868-57a2d4851a1d" />
    <TestEntry testId="4c3b4141-4a79-a1ca-f4f6-ef7e6ac52e59" executionId="bb42ec75-9854-4bbc-9463-d7986797921a" testListId="8c84fa94-04c1-424b-9868-57a2d4851a1d" />
    <TestEntry testId="dd8971b6-9a2a-9606-89e4-ca620fef9943" executionId="1b955757-5d91-47f8-9961-9ebc037d1007" testListId="8c84fa94-04c1-424b-9868-57a2d4851a1d" />
    <TestEntry testId="aaa69613-1d08-620f-a0c7-6c9776a7fe98" executionId="7edc331d-2544-44a0-b96c-38545ed6a19b" testListId="8c84fa94-04c1-424b-9868-57a2d4851a1d" />
    <TestEntry testId="08065f33-a0f0-c3db-6aad-57d3ec2a1185" executionId="8475cf52-e2de-4dcc-9e04-0b30737b86a0" testListId="8c84fa94-04c1-424b-9868-57a2d4851a1d" />
    <TestEntry testId="2349410a-abdb-fe9c-5151-7ed18679823d" executionId="5d0a8fa8-2ceb-48d8-8e30-029a3f731887" testListId="8c84fa94-04c1-424b-9868-57a2d4851a1d" />
    <TestEntry testId="d3253ca6-21d1-7884-e3fe-ff7043854449" executionId="8611e956-862e-45a8-9640-3fbc2f734722" testListId="8c84fa94-04c1-424b-9868-57a2d4851a1d" />
    <TestEntry testId="0d22ba9f-9f62-fdbc-1b77-4d9887657d8a" executionId="9740f271-6091-4e89-822b-658a1db009f8" testListId="8c84fa94-04c1-424b-9868-57a2d4851a1d" />
    <TestEntry testId="0f51215b-b683-7829-13ff-5f31881b44ee" executionId="7e410182-18f5-4802-93b3-62a86e1d3fde" testListId="8c84fa94-04c1-424b-9868-57a2d4851a1d" />
    <TestEntry testId="2bdb67fd-2ac2-591f-5cbe-a774680947b8" executionId="a075c31e-0e69-4d21-aafd-e5b2998d954f" testListId="8c84fa94-04c1-424b-9868-57a2d4851a1d" />
    <TestEntry testId="cb6ccc44-c709-4f8b-cfb8-3072596c6d83" executionId="0e9a41b9-2cb5-4489-bafa-d2b9146f6cdc" testListId="8c84fa94-04c1-424b-9868-57a2d4851a1d" />
    <TestEntry testId="771af3da-b850-a6a4-7b37-ea0d6e1037c1" executionId="38de79a6-6220-464e-b884-49d39ffd1ee8" testListId="8c84fa94-04c1-424b-9868-57a2d4851a1d" />
    <TestEntry testId="242e1d60-b9b9-fea9-1a94-af0c6327deb8" executionId="c4166359-9b1e-4904-a57c-1adf3b3cbfa8" testListId="8c84fa94-04c1-424b-9868-57a2d4851a1d" />
    <TestEntry testId="12a289cc-be96-5408-ab00-a38d958c6633" executionId="556f0527-a26f-41ea-87da-a712ed49bf8b" testListId="8c84fa94-04c1-424b-9868-57a2d4851a1d" />
    <TestEntry testId="fdd16d67-98cc-38ae-1552-c5b92b740835" executionId="b9d4f216-c6f7-4c2d-a82c-2b09db08d230" testListId="8c84fa94-04c1-424b-9868-57a2d4851a1d" />
    <TestEntry testId="f6d1993a-6db2-551d-9c0e-78124ea0eb13" executionId="893eeec5-9b02-4fd7-bfb2-eb8ad31ea079" testListId="8c84fa94-04c1-424b-9868-57a2d4851a1d" />
    <TestEntry testId="937f7ec7-f623-4da3-e7e0-77a290e1c465" executionId="2887c66c-ca8c-4efb-a824-1fc741e90c22" testListId="8c84fa94-04c1-424b-9868-57a2d4851a1d" />
    <TestEntry testId="ff508acb-04ad-794b-6a4f-bf5ed375dcc7" executionId="a58516ec-a9ce-4cd7-a954-9c756c195a39" testListId="8c84fa94-04c1-424b-9868-57a2d4851a1d" />
    <TestEntry testId="3c3a8b3c-f23e-98b9-ce54-bfddf396efb3" executionId="bbe9e90a-f7f5-4269-bdb3-d3d38601152e" testListId="8c84fa94-04c1-424b-9868-57a2d4851a1d" />
    <TestEntry testId="638d3160-8cbe-cd9d-3f1b-90b931a0f74a" executionId="8dd97fa8-c5a1-404a-8285-f276b7687580" testListId="8c84fa94-04c1-424b-9868-57a2d4851a1d" />
    <TestEntry testId="43db7f01-425d-9645-5651-efe78e6130a6" executionId="aeef4b4d-aaae-4b24-9ad1-b377cb284877" testListId="8c84fa94-04c1-424b-9868-57a2d4851a1d" />
    <TestEntry testId="f538c1e2-d720-b824-52f9-f50d168cf0f7" executionId="703b7142-9f51-4474-a743-8e32e3249d28" testListId="8c84fa94-04c1-424b-9868-57a2d4851a1d" />
    <TestEntry testId="5c240baa-9c71-dede-47cc-974a9905964f" executionId="a6d5be17-fb18-4f1f-8adf-42813e7e5378" testListId="8c84fa94-04c1-424b-9868-57a2d4851a1d" />
    <TestEntry testId="63fea253-0bce-38e8-9818-42f90c16b632" executionId="1e7a5f60-d18e-4f02-8938-4a9ca2ea8c53" testListId="8c84fa94-04c1-424b-9868-57a2d4851a1d" />
    <TestEntry testId="39fccf8a-09fc-ac26-9ad0-5d6d54df3f0c" executionId="96f575fc-62d7-4ccb-9844-fd75cb4edcbc" testListId="8c84fa94-04c1-424b-9868-57a2d4851a1d" />
    <TestEntry testId="3b6709e2-05c1-e5a2-e86a-3880bee121c4" executionId="59c7b0ae-ff73-443d-82b4-efbc257654cf" testListId="8c84fa94-04c1-424b-9868-57a2d4851a1d" />
    <TestEntry testId="59bd9a29-336e-e552-a7b2-47cceba0708d" executionId="7d7795a9-6a25-45f4-9c93-b7a9a050c065" testListId="8c84fa94-04c1-424b-9868-57a2d4851a1d" />
    <TestEntry testId="221ba32d-8ed4-b30e-079c-7764b8e4fea8" executionId="b9a8b58c-b5da-42b8-9199-bab5d0fa22a1" testListId="8c84fa94-04c1-424b-9868-57a2d4851a1d" />
    <TestEntry testId="9402868f-64db-73ab-539a-d8a78b10e01e" executionId="655ddfcd-79d6-48e7-abce-6b553e6e084f" testListId="8c84fa94-04c1-424b-9868-57a2d4851a1d" />
    <TestEntry testId="dba49773-5d33-9e84-a8dc-6e4b869da304" executionId="0fd798c1-95c6-4260-b5cc-6a7396e3fc15" testListId="8c84fa94-04c1-424b-9868-57a2d4851a1d" />
    <TestEntry testId="cb792945-7423-1647-0604-2c0964dd027b" executionId="c0180a90-8806-4259-baf6-e61b6407bf30" testListId="8c84fa94-04c1-424b-9868-57a2d4851a1d" />
    <TestEntry testId="818cea1f-5917-1618-f3c7-5914c367a3d4" executionId="5cbea498-2e07-414a-8bff-a6e97d868756" testListId="8c84fa94-04c1-424b-9868-57a2d4851a1d" />
    <TestEntry testId="cef0612a-25e2-591d-1be7-84900295fc1b" executionId="6ee2655e-bc01-4f8e-853d-c65e43531d5c" testListId="8c84fa94-04c1-424b-9868-57a2d4851a1d" />
    <TestEntry testId="b6447419-d3ce-88c2-51be-0e733819fcc3" executionId="7173463f-4acc-4400-bd28-e9d1d537ffbc" testListId="8c84fa94-04c1-424b-9868-57a2d4851a1d" />
    <TestEntry testId="ad19428e-e97a-2b80-9a28-a9602530bd19" executionId="08a971bc-339a-4130-ac8b-f3975c6203a6" testListId="8c84fa94-04c1-424b-9868-57a2d4851a1d" />
    <TestEntry testId="ffb75c75-68be-f3be-e429-85550bfb8f3e" executionId="1e597694-8a0b-4fd4-8adc-267974b96b39" testListId="8c84fa94-04c1-424b-9868-57a2d4851a1d" />
    <TestEntry testId="f9c8c4a1-2598-8797-b158-ea9d8f199e69" executionId="7d434380-bbcc-4cca-b9db-800fb508b903" testListId="8c84fa94-04c1-424b-9868-57a2d4851a1d" />
    <TestEntry testId="6c811e2e-ffff-1bb5-8121-3d391cba5713" executionId="8372bc6b-de8e-48b4-98ef-f536172b303c" testListId="8c84fa94-04c1-424b-9868-57a2d4851a1d" />
    <TestEntry testId="95ef2841-25eb-f0ae-10b5-380cc89d18bd" executionId="b22409b8-f3c6-4d03-9eff-53e0258e3427" testListId="8c84fa94-04c1-424b-9868-57a2d4851a1d" />
    <TestEntry testId="d423e41b-4e64-7b1c-d2b5-2b243d7b3817" executionId="69e0492b-2920-4361-8922-e5dce239c954" testListId="8c84fa94-04c1-424b-9868-57a2d4851a1d" />
    <TestEntry testId="6905741a-5c7e-8174-5d19-04b23ae5b779" executionId="f1bfe22c-6421-4810-a04b-046ef0ea7999" testListId="8c84fa94-04c1-424b-9868-57a2d4851a1d" />
    <TestEntry testId="260c9bc9-44cf-d92d-0615-5ef8b1fdd260" executionId="e85992f0-de4a-4246-9156-d37a7209dcac" testListId="8c84fa94-04c1-424b-9868-57a2d4851a1d" />
    <TestEntry testId="6c521b59-2ad9-2f66-d7c4-cdc4d9f4eda5" executionId="cfe72633-0ccf-4de8-803a-991e998db77e" testListId="8c84fa94-04c1-424b-9868-57a2d4851a1d" />
    <TestEntry testId="9730ab2e-51aa-2f06-1de2-83bd7e139a38" executionId="e40f7947-c161-46fe-bca5-1e008109cba9" testListId="8c84fa94-04c1-424b-9868-57a2d4851a1d" />
    <TestEntry testId="7739c338-27eb-6231-f39e-457ef356e1cd" executionId="a60285d4-c351-4cd0-9b5a-340f1292b47e" testListId="8c84fa94-04c1-424b-9868-57a2d4851a1d" />
    <TestEntry testId="386fd2dd-9962-b3c8-5389-c7b27303c282" executionId="2ebf185b-bba9-4867-be62-f8b0fbb2655b" testListId="8c84fa94-04c1-424b-9868-57a2d4851a1d" />
    <TestEntry testId="0aaea2bf-2728-4a98-03a0-80051cd83b53" executionId="99612f4d-6353-4361-a3f8-df2983b726d3" testListId="8c84fa94-04c1-424b-9868-57a2d4851a1d" />
    <TestEntry testId="26717f0a-fca2-67d0-37db-c3f8b1a939fe" executionId="3964f17c-1430-40ad-b8eb-0058cf1c6a80" testListId="8c84fa94-04c1-424b-9868-57a2d4851a1d" />
    <TestEntry testId="27765c3e-f7a5-6619-62ae-59e218515121" executionId="fb998133-4f49-4d95-b0fd-84aec4e8706f" testListId="8c84fa94-04c1-424b-9868-57a2d4851a1d" />
    <TestEntry testId="3e0d1ff1-7158-d3da-1bde-dc06d85351cc" executionId="4c3573cc-12fc-4d03-97e1-3dcf340bb3a3" testListId="8c84fa94-04c1-424b-9868-57a2d4851a1d" />
    <TestEntry testId="ab25853f-45a8-4a8f-6406-945f0c8c8715" executionId="c91ec1e6-d68b-4adc-9e13-cd5889e34c67" testListId="8c84fa94-04c1-424b-9868-57a2d4851a1d" />
    <TestEntry testId="45f16b67-25c3-586e-a05f-5377e2b2c441" executionId="81eb5ae5-29ce-4649-89bd-dd3ad357b20e" testListId="8c84fa94-04c1-424b-9868-57a2d4851a1d" />
    <TestEntry testId="0c5e955f-9c9a-d7b1-5e17-126c17c7440b" executionId="f3bd7dd2-1fb2-4190-bb89-28eb1f171278" testListId="8c84fa94-04c1-424b-9868-57a2d4851a1d" />
    <TestEntry testId="687b7ab7-3b40-112c-02c3-1a1061086fb3" executionId="b96a6df0-6350-44bc-be31-efee49707a57" testListId="8c84fa94-04c1-424b-9868-57a2d4851a1d" />
    <TestEntry testId="d8bc0f8e-1b92-7746-78f9-16b8b93e5011" executionId="fab0ad40-ceb1-4f37-be69-6ba63853c521" testListId="8c84fa94-04c1-424b-9868-57a2d4851a1d" />
    <TestEntry testId="11bbd187-a013-ec78-8284-a04f21b4c1f1" executionId="b1c27128-88ed-4cbe-a12a-24ecab83c66f" testListId="8c84fa94-04c1-424b-9868-57a2d4851a1d" />
    <TestEntry testId="b6a7c847-6af8-0a85-462e-ea0929bbefc5" executionId="382c0d43-f911-49d0-be2f-4128ce7147b1" testListId="8c84fa94-04c1-424b-9868-57a2d4851a1d" />
    <TestEntry testId="dfef0bc9-5b28-b15e-34f4-f60cc9b1bf7e" executionId="77faf9fc-382c-496a-a52b-34daa913f555" testListId="8c84fa94-04c1-424b-9868-57a2d4851a1d" />
    <TestEntry testId="91992f85-0681-08ed-2e87-5d2fb5b81924" executionId="5254f2b2-0c16-4fe5-9c6a-42d0468871c0" testListId="8c84fa94-04c1-424b-9868-57a2d4851a1d" />
    <TestEntry testId="6b975322-8492-fc70-99f0-bd37649983f1" executionId="8ba939c5-fe53-4e64-9a9f-c986f5bc7dff" testListId="8c84fa94-04c1-424b-9868-57a2d4851a1d" />
    <TestEntry testId="158b079f-5a80-ad96-877a-5a4d13ecf6d0" executionId="e1dd9d5a-fedd-45d3-99e0-aa4a55972010" testListId="8c84fa94-04c1-424b-9868-57a2d4851a1d" />
    <TestEntry testId="920c3954-dd74-38c8-0c02-f21c3952b39d" executionId="1d5b3c47-1b82-4654-ae13-5e195eb76afa" testListId="8c84fa94-04c1-424b-9868-57a2d4851a1d" />
    <TestEntry testId="554a0891-381d-7938-ff7a-6be0e7d52934" executionId="8aebca41-7fb0-4d69-ba00-29e33ced88f6" testListId="8c84fa94-04c1-424b-9868-57a2d4851a1d" />
    <TestEntry testId="00b7e535-c328-df0b-5946-95df074f4df6" executionId="7ae67838-d072-4635-ba82-6ea8015a7217" testListId="8c84fa94-04c1-424b-9868-57a2d4851a1d" />
    <TestEntry testId="8ee9e6d7-7345-e79f-5e97-9bf89699dd46" executionId="646e4290-4956-4300-9b23-b77de79c57cd" testListId="8c84fa94-04c1-424b-9868-57a2d4851a1d" />
    <TestEntry testId="03f70150-34c7-4756-ca7d-89e353dce8de" executionId="f0f487f5-9cc2-4c5b-9805-fb99813b81f8" testListId="8c84fa94-04c1-424b-9868-57a2d4851a1d" />
    <TestEntry testId="51c810f9-6747-b0a8-4122-cb6b1986b141" executionId="6c75c789-9d28-4499-82de-b3f753032b4c" testListId="8c84fa94-04c1-424b-9868-57a2d4851a1d" />
    <TestEntry testId="98d3b77a-de4e-c65f-d0f1-c8e1bf069964" executionId="f943e859-1ba9-40e4-9793-9da92e5d8f6b" testListId="8c84fa94-04c1-424b-9868-57a2d4851a1d" />
    <TestEntry testId="b9884ef5-7b7b-37a1-3241-b5d8c9986602" executionId="c0c092ac-63f3-4084-902e-a0fb7e67f918" testListId="8c84fa94-04c1-424b-9868-57a2d4851a1d" />
    <TestEntry testId="c773b936-c19f-a5af-576f-454c7789e759" executionId="435d39a5-f00b-4491-acdf-56b755e8a620" testListId="8c84fa94-04c1-424b-9868-57a2d4851a1d" />
    <TestEntry testId="54cdf181-0879-5493-b490-d28c73c7ac26" executionId="746a103d-90d0-4474-8ee3-1d95b8fac2e1" testListId="8c84fa94-04c1-424b-9868-57a2d4851a1d" />
    <TestEntry testId="004a6bf8-e997-9598-3e64-6edbcb12f591" executionId="88aaa954-479b-456f-b40d-812ff2304550" testListId="8c84fa94-04c1-424b-9868-57a2d4851a1d" />
    <TestEntry testId="4c0bc591-f9bc-3020-eca2-2051fea13486" executionId="3d04045a-28ff-4a98-9014-749b6300dd3f" testListId="8c84fa94-04c1-424b-9868-57a2d4851a1d" />
    <TestEntry testId="a25814f3-d627-807b-5776-fa66c12c734e" executionId="4b7d46d3-15bc-4a91-86d0-bd5c1a67146a" testListId="8c84fa94-04c1-424b-9868-57a2d4851a1d" />
    <TestEntry testId="2ee83b99-e286-2059-d828-19cc99fc2cc4" executionId="a756c444-5f97-49c6-bea8-8d378b95b798" testListId="8c84fa94-04c1-424b-9868-57a2d4851a1d" />
    <TestEntry testId="09fa7278-9b62-6495-4bad-626cb7501a7d" executionId="af0bdfde-dfe8-4083-8f81-728b08e5175f" testListId="8c84fa94-04c1-424b-9868-57a2d4851a1d" />
    <TestEntry testId="472e139f-f058-76a7-efaa-3690607ea4ee" executionId="d50e6ebb-60ce-42cb-b0b8-ab9add7ad188" testListId="8c84fa94-04c1-424b-9868-57a2d4851a1d" />
    <TestEntry testId="b9e8bb21-8876-39d5-4535-cf3fac9c90aa" executionId="d332d15d-8110-45e3-9573-b535ac7a9108" testListId="8c84fa94-04c1-424b-9868-57a2d4851a1d" />
    <TestEntry testId="43846b12-f311-2566-5942-53200967e65d" executionId="292dceb5-f10d-4587-a34d-af047f0edcde" testListId="8c84fa94-04c1-424b-9868-57a2d4851a1d" />
    <TestEntry testId="7406d798-b581-dda0-3d0c-25971023b8a7" executionId="234e9f94-d4b3-49a6-b19b-30b8ed2d1a54" testListId="8c84fa94-04c1-424b-9868-57a2d4851a1d" />
    <TestEntry testId="21d94a4c-564b-6c81-53a1-9ad6328e5a7b" executionId="6992a959-bfc3-44e5-8215-ec67f20910f7" testListId="8c84fa94-04c1-424b-9868-57a2d4851a1d" />
    <TestEntry testId="2cf91dfa-968e-4599-4e3f-36ab2c164e8c" executionId="6a005732-5a7c-4cc7-99a0-b5269a1fc266" testListId="8c84fa94-04c1-424b-9868-57a2d4851a1d" />
    <TestEntry testId="f1094adb-7cd4-3800-7fd4-6b10eec5d3f3" executionId="82685f3b-27f9-435c-a5c6-63934d62b019" testListId="8c84fa94-04c1-424b-9868-57a2d4851a1d" />
    <TestEntry testId="26c3b5d9-f363-c07f-e330-95af8cd3b7ce" executionId="cb61aec1-36e2-4ca1-9628-04236c4bfff8" testListId="8c84fa94-04c1-424b-9868-57a2d4851a1d" />
    <TestEntry testId="beb6575d-08cd-36cd-5b78-91b38c011b4e" executionId="2f903994-48e5-4dea-b2cf-8eb5f5a673c9" testListId="8c84fa94-04c1-424b-9868-57a2d4851a1d" />
    <TestEntry testId="fca1f8fe-7df4-4fdb-ec09-dc9d5e651af4" executionId="d202aee0-c94f-41f1-82c1-470b4efdd1fa" testListId="8c84fa94-04c1-424b-9868-57a2d4851a1d" />
    <TestEntry testId="375026d0-1f6d-e20f-0693-7a1919c0e7d6" executionId="9f4961a7-aa31-42ca-bdd3-2477e9bbfcbc" testListId="8c84fa94-04c1-424b-9868-57a2d4851a1d" />
    <TestEntry testId="c576af66-9afa-10c2-027a-7e1a44cd0712" executionId="82ffaf2c-7810-4a9b-ac43-c8cf7b0812a4" testListId="8c84fa94-04c1-424b-9868-57a2d4851a1d" />
    <TestEntry testId="f0017bc8-c9d8-b066-4987-77f2c486bde7" executionId="606ffb1b-a3ea-4a95-ac86-bc62e64fb1d4" testListId="8c84fa94-04c1-424b-9868-57a2d4851a1d" />
    <TestEntry testId="6d4f6a03-ce2a-a013-df02-981c6a6b55d0" executionId="544fc6d6-2da6-4d1b-a3ab-2a16f11655c5" testListId="8c84fa94-04c1-424b-9868-57a2d4851a1d" />
    <TestEntry testId="16f28a98-6694-f574-09da-c04c7b04a14c" executionId="310f3318-2d75-4168-9e9c-eb1a61c3bedb" testListId="8c84fa94-04c1-424b-9868-57a2d4851a1d" />
    <TestEntry testId="64ab9353-a028-abd7-16bf-3ab6a2fb00d5" executionId="0783cd39-8ff8-4835-bfac-0cf282f737b0" testListId="8c84fa94-04c1-424b-9868-57a2d4851a1d" />
    <TestEntry testId="21bc7353-47b6-8656-a936-377d58141883" executionId="2775e578-825b-48dc-950a-055c9f21b369" testListId="8c84fa94-04c1-424b-9868-57a2d4851a1d" />
    <TestEntry testId="417171e9-2711-c309-cb3b-4719bde221b9" executionId="bbab1737-04af-46ed-a908-df280d4860dd" testListId="8c84fa94-04c1-424b-9868-57a2d4851a1d" />
    <TestEntry testId="d66d846d-f020-a449-c804-a1a3d083e207" executionId="75b639a2-6c40-4e9a-b0a2-9970ef5f2061" testListId="8c84fa94-04c1-424b-9868-57a2d4851a1d" />
    <TestEntry testId="24ba77e8-1fe5-08f9-175a-86266968a297" executionId="d24f4d04-4d68-45a1-ab5f-efc4109c9056" testListId="8c84fa94-04c1-424b-9868-57a2d4851a1d" />
    <TestEntry testId="64926100-3933-f2dd-3dd0-a9d9b3ef7760" executionId="59c89872-3ffe-49e8-8fff-7de048872591" testListId="8c84fa94-04c1-424b-9868-57a2d4851a1d" />
    <TestEntry testId="04890844-c662-62b1-20da-07273c12eec5" executionId="a33de874-2c7f-43d3-96b5-a0464aa1aa1d" testListId="8c84fa94-04c1-424b-9868-57a2d4851a1d" />
    <TestEntry testId="999e9ea0-681f-8b49-c2df-3675d5adf154" executionId="99dc0170-f591-4be0-bd9d-f7b3f9c73326" testListId="8c84fa94-04c1-424b-9868-57a2d4851a1d" />
    <TestEntry testId="f4ada8c4-6593-86b3-aa77-547fe895294f" executionId="22a19e34-5fe2-4153-b457-4d45d63ad343" testListId="8c84fa94-04c1-424b-9868-57a2d4851a1d" />
    <TestEntry testId="e8265441-f1a4-8474-c93a-df0ea0082843" executionId="b6d1e76b-92a8-4a74-9502-1bfeaec589af" testListId="8c84fa94-04c1-424b-9868-57a2d4851a1d" />
    <TestEntry testId="1783a21f-8911-67d2-551f-bb139a696d28" executionId="8e6ef0af-404d-457c-9847-d1816e199968" testListId="8c84fa94-04c1-424b-9868-57a2d4851a1d" />
    <TestEntry testId="d6460fef-7c1f-f733-199f-97b4a5b4124b" executionId="9401517c-da14-428b-91e8-fe224f951b49" testListId="8c84fa94-04c1-424b-9868-57a2d4851a1d" />
    <TestEntry testId="0dcc83a8-8546-1d40-f9a8-9df68c4b35fe" executionId="39806081-869b-448d-a15a-c3b087f0eda3" testListId="8c84fa94-04c1-424b-9868-57a2d4851a1d" />
    <TestEntry testId="2996350e-0593-3b86-206c-e0e20a3e8620" executionId="43fb4a2a-d1ce-4473-941b-a0255757abaf" testListId="8c84fa94-04c1-424b-9868-57a2d4851a1d" />
    <TestEntry testId="2a80f91a-32ba-91b0-be00-f54a7b8a1186" executionId="69de20a6-fbd2-46ff-b664-f97e23cad79e" testListId="8c84fa94-04c1-424b-9868-57a2d4851a1d" />
    <TestEntry testId="fda3da24-7e24-e2c3-22c3-e1cac8cca284" executionId="a28be313-c8fc-4313-8342-995cd1cc5791" testListId="8c84fa94-04c1-424b-9868-57a2d4851a1d" />
    <TestEntry testId="cb380a5d-abad-8fd4-e1c3-2d884a15c3ba" executionId="d28acc56-fb59-4422-a100-ead921e3f64f" testListId="8c84fa94-04c1-424b-9868-57a2d4851a1d" />
    <TestEntry testId="94aaa36a-a88c-edff-8965-b72bceaf3620" executionId="8ab521ba-456b-42cb-868a-5bb45e25f601" testListId="8c84fa94-04c1-424b-9868-57a2d4851a1d" />
    <TestEntry testId="cc7717c8-6ebf-bd64-52ca-358afed978e1" executionId="3850f77f-c761-4522-83ad-bcb45bc347cd" testListId="8c84fa94-04c1-424b-9868-57a2d4851a1d" />
    <TestEntry testId="421fb43f-22dc-3119-8b0a-975866a1028c" executionId="931d6ba3-a198-4679-bc51-56f9415f4457" testListId="8c84fa94-04c1-424b-9868-57a2d4851a1d" />
    <TestEntry testId="d45b7a6a-e638-9ef4-fad5-13e60d2dee28" executionId="91e46639-fffb-46d6-a2ee-0861ce20f452" testListId="8c84fa94-04c1-424b-9868-57a2d4851a1d" />
    <TestEntry testId="0006f07b-d80e-27c3-ccc2-5c671db24d37" executionId="e5bd1ce2-db86-47fe-a8d4-1f93e9eebe8c" testListId="8c84fa94-04c1-424b-9868-57a2d4851a1d" />
    <TestEntry testId="00e0fc3e-7646-9c98-30c5-9e2b44560e94" executionId="6c448ee2-9bb5-4ead-b584-646cf6ec7759" testListId="8c84fa94-04c1-424b-9868-57a2d4851a1d" />
    <TestEntry testId="97c60378-ba41-a96a-7d0f-7a6c00e44a44" executionId="1b67f853-9a26-447f-93c2-4cb083d33714" testListId="8c84fa94-04c1-424b-9868-57a2d4851a1d" />
    <TestEntry testId="8990191b-24ce-f4c6-9621-98b8def434fa" executionId="ddfdd1cb-60af-4126-99d2-449ba9768e7f" testListId="8c84fa94-04c1-424b-9868-57a2d4851a1d" />
    <TestEntry testId="ba224a7a-9b82-e0f9-acfc-35de5387eaad" executionId="73442cfb-270f-48f6-8eb1-ade122ad1542" testListId="8c84fa94-04c1-424b-9868-57a2d4851a1d" />
    <TestEntry testId="d35c2020-35e1-7432-4bcd-89664f411e2b" executionId="1a82e66f-4912-4982-a47a-83d26c4b9c19" testListId="8c84fa94-04c1-424b-9868-57a2d4851a1d" />
    <TestEntry testId="75df8f46-b8a0-ca12-05d3-71a91eb99cfe" executionId="cd966fcc-582f-4deb-9481-b6de628b9515" testListId="8c84fa94-04c1-424b-9868-57a2d4851a1d" />
    <TestEntry testId="20f144bc-786f-b30e-2570-b753431ada4b" executionId="af47eafe-fe51-4d37-b4e4-f563e5c58b6e" testListId="8c84fa94-04c1-424b-9868-57a2d4851a1d" />
    <TestEntry testId="92b6dab7-aadd-6d84-0717-d5671700adf7" executionId="d3fecfb1-d4e3-4c90-bbbd-50530abbdb71" testListId="8c84fa94-04c1-424b-9868-57a2d4851a1d" />
    <TestEntry testId="264a7d80-7f8e-cccd-d683-f24b6e7fbae1" executionId="652bab93-1768-4598-b65c-3d92dee9f586" testListId="8c84fa94-04c1-424b-9868-57a2d4851a1d" />
    <TestEntry testId="1358f968-7e49-c48f-c70c-e1383dc9f02f" executionId="97d8fe9d-8657-4e92-aaf4-36b95a36af25" testListId="8c84fa94-04c1-424b-9868-57a2d4851a1d" />
    <TestEntry testId="aad3fa56-b750-164b-d620-1bbea5cdede7" executionId="a6daf232-d730-4920-a89d-40e9c9cfadf4" testListId="8c84fa94-04c1-424b-9868-57a2d4851a1d" />
    <TestEntry testId="6c06ec30-8e7b-3e0a-7efc-a9ce0b560817" executionId="c86f4d45-4f76-44ab-ab05-aef97f5e575f" testListId="8c84fa94-04c1-424b-9868-57a2d4851a1d" />
    <TestEntry testId="0e58604c-cdf0-f371-f95c-0634e395365d" executionId="71050493-8ae8-4bf5-a93e-14d42fb879de" testListId="8c84fa94-04c1-424b-9868-57a2d4851a1d" />
    <TestEntry testId="87ba51e4-c977-b416-269b-fcfae9fc10be" executionId="f73d4049-4623-4865-b404-3b9e4fae7299" testListId="8c84fa94-04c1-424b-9868-57a2d4851a1d" />
    <TestEntry testId="f4abda8c-11e8-cf16-83af-ba713ce9f0b9" executionId="327acff0-7e88-4027-a479-d4bafc0b1a24" testListId="8c84fa94-04c1-424b-9868-57a2d4851a1d" />
    <TestEntry testId="a9d74002-2888-07cb-97ea-6e0298ac0fe9" executionId="2ff6c535-d7f8-443f-b357-d8d9663db54a" testListId="8c84fa94-04c1-424b-9868-57a2d4851a1d" />
    <TestEntry testId="06dcde58-e055-a66d-858a-1bfaf3346113" executionId="b935d82c-2ebe-460e-a1ef-57730ef8b725" testListId="8c84fa94-04c1-424b-9868-57a2d4851a1d" />
    <TestEntry testId="bb233e78-c6cd-3b23-3c0f-9785ec4ccd11" executionId="809bc475-73f3-405f-aadf-5cccc51c1b83" testListId="8c84fa94-04c1-424b-9868-57a2d4851a1d" />
    <TestEntry testId="aab282aa-ad90-6e2a-3ce9-e3773114a944" executionId="3ee9fac3-57e5-4e4c-b375-7c284f237e33" testListId="8c84fa94-04c1-424b-9868-57a2d4851a1d" />
    <TestEntry testId="1148c5c5-0d3a-a36b-b2b7-be6a323a981c" executionId="4aba926e-2419-4c75-9b4e-486e282cdada" testListId="8c84fa94-04c1-424b-9868-57a2d4851a1d" />
    <TestEntry testId="2bdc9aef-8cca-9c80-3112-9b95c138d7b4" executionId="15a681c8-c83f-4464-8db1-b7475be3456e" testListId="8c84fa94-04c1-424b-9868-57a2d4851a1d" />
    <TestEntry testId="5f66b9d2-22ca-7206-e977-67e129a94bf3" executionId="3267995e-64ee-4776-935e-0f2450a766a6" testListId="8c84fa94-04c1-424b-9868-57a2d4851a1d" />
    <TestEntry testId="8fbf9f52-52da-c755-01ac-9deb916d8cf7" executionId="c805423a-d905-4940-82ef-54a8a850e0fe" testListId="8c84fa94-04c1-424b-9868-57a2d4851a1d" />
    <TestEntry testId="a42cc845-687e-1497-569a-71593932f47a" executionId="a47aed00-ed59-4223-9de5-815a9c56348d" testListId="8c84fa94-04c1-424b-9868-57a2d4851a1d" />
    <TestEntry testId="b7284f39-1e13-1b11-94e6-c4500bbe2f3d" executionId="020c043a-0089-4548-be8c-bc2b76b6006d" testListId="8c84fa94-04c1-424b-9868-57a2d4851a1d" />
    <TestEntry testId="d50f9ca3-b3cf-636c-b4c2-526896010b2a" executionId="3d87a594-2389-4e51-af55-56a5c766ed8b" testListId="8c84fa94-04c1-424b-9868-57a2d4851a1d" />
    <TestEntry testId="6c5ecedb-b43e-7486-b59e-580142222e3e" executionId="d48432e8-5251-41b1-be2a-31aff291e696" testListId="8c84fa94-04c1-424b-9868-57a2d4851a1d" />
    <TestEntry testId="43ecbd95-9eb9-368b-396d-9191fd04475f" executionId="b771e18e-0f2b-4731-8235-526d054de409" testListId="8c84fa94-04c1-424b-9868-57a2d4851a1d" />
    <TestEntry testId="d9029b8c-cfbb-96c7-32e9-d3538cf36ca8" executionId="3743fc6b-5643-4355-8ce2-6625873bf100" testListId="8c84fa94-04c1-424b-9868-57a2d4851a1d" />
    <TestEntry testId="c199b950-0fe6-f2e5-8d0f-5590a7fb8eef" executionId="1479917d-6307-444f-8a1c-8e1aafb61179" testListId="8c84fa94-04c1-424b-9868-57a2d4851a1d" />
    <TestEntry testId="c17675a9-d4b5-c266-e823-f450357161ad" executionId="ad2cd720-15a0-4936-b47d-23d4df1158ef" testListId="8c84fa94-04c1-424b-9868-57a2d4851a1d" />
    <TestEntry testId="93557652-0c61-c383-9006-222abdd8eada" executionId="616656e9-1ad8-4e48-aa80-f12667cc5aad" testListId="8c84fa94-04c1-424b-9868-57a2d4851a1d" />
    <TestEntry testId="90eb3298-5792-97a1-e3da-cb1f4350789b" executionId="e18fda54-291d-4772-9db3-f73b5b795fa4" testListId="8c84fa94-04c1-424b-9868-57a2d4851a1d" />
    <TestEntry testId="005da771-eea4-599e-7976-7b11496c3dc0" executionId="993a01e8-88f1-4155-b400-dc937b4ad0c1" testListId="8c84fa94-04c1-424b-9868-57a2d4851a1d" />
    <TestEntry testId="4bdf24b4-1027-686b-e618-9c02ba4de6ac" executionId="580e86a8-dc1c-4734-83ac-60221419348b" testListId="8c84fa94-04c1-424b-9868-57a2d4851a1d" />
    <TestEntry testId="daf10ee7-a65f-1e24-9710-5a1f9287a075" executionId="024b5704-b84d-4cb4-a23a-2ebd253c104a" testListId="8c84fa94-04c1-424b-9868-57a2d4851a1d" />
    <TestEntry testId="b3659f31-f068-a3b4-0c9b-41e1392b69a6" executionId="1c6182c8-e5e6-48e4-9f8f-b9a63de0c5d4" testListId="8c84fa94-04c1-424b-9868-57a2d4851a1d" />
    <TestEntry testId="93b11316-d1d6-b077-2764-1a3ca66eecf5" executionId="130bcf54-49fb-42e9-bf22-34468b2190d2" testListId="8c84fa94-04c1-424b-9868-57a2d4851a1d" />
    <TestEntry testId="fca732b5-9fae-3535-07d0-1e4a432e7d32" executionId="7f6a4dcc-d729-4f39-a551-32cbe0e5bcef" testListId="8c84fa94-04c1-424b-9868-57a2d4851a1d" />
    <TestEntry testId="615ee9ab-a96f-1e5f-b905-3b12dfe9f323" executionId="98b073d9-765b-43c1-8795-ebedbb129661" testListId="8c84fa94-04c1-424b-9868-57a2d4851a1d" />
    <TestEntry testId="f06433d6-fe74-17cb-b3eb-b56ad5a0bc11" executionId="0f74e4a5-9f4f-4801-ba82-6e49ed0e85ff" testListId="8c84fa94-04c1-424b-9868-57a2d4851a1d" />
    <TestEntry testId="fdcc216e-d89b-62a4-e23b-448ff274816d" executionId="e8165365-ba1c-449b-ab90-43685937eae3" testListId="8c84fa94-04c1-424b-9868-57a2d4851a1d" />
    <TestEntry testId="136f250b-a2a4-4bce-2149-25b21eedfaea" executionId="3b07240b-0b96-47ce-ab7d-154a7e9304de" testListId="8c84fa94-04c1-424b-9868-57a2d4851a1d" />
    <TestEntry testId="5587b530-a160-aaf8-5514-63c972d7eb37" executionId="1c4e85da-2236-42c4-8aa5-913cb55ccc2e" testListId="8c84fa94-04c1-424b-9868-57a2d4851a1d" />
    <TestEntry testId="b7c29360-216b-e7c2-a79b-240f6555d7cf" executionId="27ca9b11-0b60-4f1f-8978-73ba983fab21" testListId="8c84fa94-04c1-424b-9868-57a2d4851a1d" />
    <TestEntry testId="f09f945d-010d-c134-c57a-c98e4f5f6c9d" executionId="d36f20d7-6fbd-443c-91e2-5df2161c1a7e" testListId="8c84fa94-04c1-424b-9868-57a2d4851a1d" />
    <TestEntry testId="bd8e454b-919c-6615-a859-a1264f304ecb" executionId="00a4da9e-2d70-47e2-8d98-0db675236ecd" testListId="8c84fa94-04c1-424b-9868-57a2d4851a1d" />
    <TestEntry testId="00acff8b-2ccb-eea5-ee25-96f94758bef2" executionId="272dab26-ea3e-41d9-ab25-456971228ec7" testListId="8c84fa94-04c1-424b-9868-57a2d4851a1d" />
    <TestEntry testId="ec02dab7-32bf-df64-f14e-12ec97d8852b" executionId="d9e633d4-4dfb-443a-b291-8d01893e66fa" testListId="8c84fa94-04c1-424b-9868-57a2d4851a1d" />
    <TestEntry testId="b7373cf3-1c5f-f7ab-d64e-4cafcd566aac" executionId="955baa07-969b-412a-b736-9f56f6457ef7" testListId="8c84fa94-04c1-424b-9868-57a2d4851a1d" />
    <TestEntry testId="9a4a04f8-718b-072a-5789-1f008e23ed8d" executionId="791212a4-e0f5-48a5-8352-ebb881cdfa10" testListId="8c84fa94-04c1-424b-9868-57a2d4851a1d" />
    <TestEntry testId="d04b8e0f-d24d-a105-cfe4-63d813a80dcd" executionId="c8b2f74d-352d-43c0-88a7-f8315bdd8390" testListId="8c84fa94-04c1-424b-9868-57a2d4851a1d" />
    <TestEntry testId="7f62bbb1-62fb-7e4f-eb0f-a20432287329" executionId="c034e09e-1f50-4694-936a-041b0095ba85" testListId="8c84fa94-04c1-424b-9868-57a2d4851a1d" />
    <TestEntry testId="77eb0b86-06ef-45b3-c214-4c40661ad61b" executionId="bc74657c-b79d-4770-b4fa-664e0d8deaec" testListId="8c84fa94-04c1-424b-9868-57a2d4851a1d" />
    <TestEntry testId="50465595-5bd1-d998-d3e5-5eb43c8407cb" executionId="801fb8ec-b1b5-42c4-9535-ff918ae542db" testListId="8c84fa94-04c1-424b-9868-57a2d4851a1d" />
    <TestEntry testId="12a4adbd-8d8a-c9d9-c0e7-b2f4566a6261" executionId="7b43c0d9-7144-4699-92da-1a15bf85347a" testListId="8c84fa94-04c1-424b-9868-57a2d4851a1d" />
    <TestEntry testId="55bdeb1c-462d-a82c-f7ac-cb0d9ea41e70" executionId="0d8225cc-9d1c-4d92-934d-d7a11597d6dd" testListId="8c84fa94-04c1-424b-9868-57a2d4851a1d" />
    <TestEntry testId="fbed73f4-9b7f-b45c-b76c-caac1d7f4349" executionId="cc6c1ba3-d19b-49a8-a99b-d5f619b988d1" testListId="8c84fa94-04c1-424b-9868-57a2d4851a1d" />
    <TestEntry testId="1405cb77-5474-643e-05e9-78856c3ea7b9" executionId="bf7771df-db68-436c-a5dd-cf596c0ac64a" testListId="8c84fa94-04c1-424b-9868-57a2d4851a1d" />
    <TestEntry testId="2894ae62-0a5e-3444-1809-89acb83b0dbe" executionId="f2a025e0-b79f-4486-ba46-3110966cdb40" testListId="8c84fa94-04c1-424b-9868-57a2d4851a1d" />
    <TestEntry testId="96931d14-cc35-35bb-51f7-71a866f0df4b" executionId="afb776a1-f296-44ef-aa0c-9fd1d34793db" testListId="8c84fa94-04c1-424b-9868-57a2d4851a1d" />
    <TestEntry testId="a529e5cf-ac95-72fa-5208-c7af22aa342e" executionId="bed3931b-ff33-4b9c-aa91-9a73d90faee7" testListId="8c84fa94-04c1-424b-9868-57a2d4851a1d" />
    <TestEntry testId="02f71eed-2fe3-41fa-eea5-82491d9b4574" executionId="df49c035-736a-47ec-85f2-d33a8a57ca30" testListId="8c84fa94-04c1-424b-9868-57a2d4851a1d" />
    <TestEntry testId="e99a400b-ed81-5765-bd26-bbc9b70b51b3" executionId="0cdcad8f-7f8e-4967-ab9a-b2a1266581e1" testListId="8c84fa94-04c1-424b-9868-57a2d4851a1d" />
    <TestEntry testId="38eb4c07-3b43-9069-e1ce-3929bf582616" executionId="a55caab8-d81c-47fd-9264-9427bcba88c1" testListId="8c84fa94-04c1-424b-9868-57a2d4851a1d" />
    <TestEntry testId="3d9fe5b0-0db7-5bff-54c4-e4369ef66212" executionId="2b8ccbd8-8ba0-400b-bce8-51725eee66e9" testListId="8c84fa94-04c1-424b-9868-57a2d4851a1d" />
    <TestEntry testId="c2c04e98-e576-5dca-5734-d5cc200099a6" executionId="beb74d1d-8464-40a1-8eaa-2e04140e2ff9" testListId="8c84fa94-04c1-424b-9868-57a2d4851a1d" />
    <TestEntry testId="9497f287-fca6-cbcb-6286-4ae81982a46d" executionId="f8f4bd91-275d-41cc-adf0-0b146123f599" testListId="8c84fa94-04c1-424b-9868-57a2d4851a1d" />
    <TestEntry testId="071fc03d-f5f7-e631-de7f-6b667f719565" executionId="816e6070-1713-4d30-a6a7-1bb8048461ae" testListId="8c84fa94-04c1-424b-9868-57a2d4851a1d" />
    <TestEntry testId="45bfd892-7f6f-30af-fe3f-230ce4ba5dff" executionId="081eab41-4b60-4737-9edc-4444dcb6b5d5" testListId="8c84fa94-04c1-424b-9868-57a2d4851a1d" />
    <TestEntry testId="00f004a8-cc0a-ba6a-61e6-32a64a1d70b3" executionId="10aeff5f-56d0-4bda-9bd4-b2700f20c873" testListId="8c84fa94-04c1-424b-9868-57a2d4851a1d" />
    <TestEntry testId="a0bb914f-6854-fb79-12ef-b3ea45e0991b" executionId="7741eacc-7e77-4638-9e05-ba1998b07dbb" testListId="8c84fa94-04c1-424b-9868-57a2d4851a1d" />
    <TestEntry testId="2ac1e640-ab17-a6b2-b3fa-7fd601d2b14b" executionId="baecda12-059e-4559-8753-2557856357a1" testListId="8c84fa94-04c1-424b-9868-57a2d4851a1d" />
    <TestEntry testId="d9b310d6-231e-7ba2-ac73-829ade7ebc19" executionId="22fc80c8-1bac-47a6-889e-efa564a65fbb" testListId="8c84fa94-04c1-424b-9868-57a2d4851a1d" />
    <TestEntry testId="3aa1a87d-4a9a-4c65-66ef-790cfaf82e83" executionId="e6250f9e-9bf0-4fbb-b216-feca5f403fb7" testListId="8c84fa94-04c1-424b-9868-57a2d4851a1d" />
    <TestEntry testId="e970c037-c82e-1156-9404-7620bc900a22" executionId="fd0d6ba4-89bc-4bbd-a59d-d951c5ad2ccf" testListId="8c84fa94-04c1-424b-9868-57a2d4851a1d" />
    <TestEntry testId="d9dd747f-a44b-24cc-c724-961aefc9b3a1" executionId="ce97fa52-036c-4baa-97e3-3849a57e93d2" testListId="8c84fa94-04c1-424b-9868-57a2d4851a1d" />
    <TestEntry testId="d75d964c-e6ab-8f77-a1f1-72465d94a22d" executionId="21c7c116-7ea4-44af-aef8-3e0204c6d72a" testListId="8c84fa94-04c1-424b-9868-57a2d4851a1d" />
    <TestEntry testId="db66bbd2-870f-d30e-60fa-e9406ee3f761" executionId="7fba5539-514c-4c5e-90a3-9bde146a5355" testListId="8c84fa94-04c1-424b-9868-57a2d4851a1d" />
    <TestEntry testId="20d778f5-4e73-ba07-f83c-99d00437cd4c" executionId="d3d913ce-ac5a-4a19-aa15-e75547020139" testListId="8c84fa94-04c1-424b-9868-57a2d4851a1d" />
    <TestEntry testId="ef53e2b8-fe52-58e3-46fe-b376fd704110" executionId="1fadddf3-79fa-486a-8635-173f7123119b" testListId="8c84fa94-04c1-424b-9868-57a2d4851a1d" />
    <TestEntry testId="87263014-5977-304d-a6cb-58774dbc7b92" executionId="099c26a8-4185-4c1e-9ccf-b91bd2063c07" testListId="8c84fa94-04c1-424b-9868-57a2d4851a1d" />
    <TestEntry testId="28778f96-7d93-3046-ed10-3440acb56a3b" executionId="ee892d5b-0913-4211-876e-38441ee29cc0" testListId="8c84fa94-04c1-424b-9868-57a2d4851a1d" />
    <TestEntry testId="7b92f1d2-48ab-9269-1673-5506160d2980" executionId="0e64847d-a9e7-4b7d-8c58-d0ea3ac36cf6" testListId="8c84fa94-04c1-424b-9868-57a2d4851a1d" />
    <TestEntry testId="d40c2ded-95ac-6860-f5b0-8e549fe1d8ae" executionId="f3f861dc-8e6b-4ce9-9aa8-35cb25af0563" testListId="8c84fa94-04c1-424b-9868-57a2d4851a1d" />
    <TestEntry testId="4f7ca2b0-c221-db25-2e4f-2cd3bd0d57bd" executionId="c99f8817-99f3-4f99-bc75-a5a0eaaa2345" testListId="8c84fa94-04c1-424b-9868-57a2d4851a1d" />
    <TestEntry testId="3506f156-8f51-bfa1-8459-a10267dc2ca5" executionId="a68de382-d19a-4e14-8bd1-bd87bb2da1a9" testListId="8c84fa94-04c1-424b-9868-57a2d4851a1d" />
    <TestEntry testId="ca7bf8cc-6fb2-57ee-bd56-7bde54c67fe6" executionId="efffacc1-960f-4d85-adc3-8155c75afa23" testListId="8c84fa94-04c1-424b-9868-57a2d4851a1d" />
    <TestEntry testId="4b24004b-d400-44b7-4a25-ddc26cc5f022" executionId="92ff5d85-9431-4fd7-9896-e271b8f170fd" testListId="8c84fa94-04c1-424b-9868-57a2d4851a1d" />
    <TestEntry testId="b51937f9-2164-2ef5-8ffc-3d90a1d1e816" executionId="1dbe003b-dded-451b-9e17-7b5c5d1c8767" testListId="8c84fa94-04c1-424b-9868-57a2d4851a1d" />
    <TestEntry testId="e856be50-0a89-d114-dc11-291c110df1d7" executionId="298ccf70-959e-413c-be7a-21cf69a9fd95" testListId="8c84fa94-04c1-424b-9868-57a2d4851a1d" />
    <TestEntry testId="120423aa-ffa7-c6d1-0ff1-5c8f308a41d1" executionId="834044fe-59bc-4237-9ec3-835e69c9a4ad" testListId="8c84fa94-04c1-424b-9868-57a2d4851a1d" />
    <TestEntry testId="d39d0521-06db-7dc9-3051-c476e15502d1" executionId="a1e5fc57-a025-4511-82e7-308e30d539f0" testListId="8c84fa94-04c1-424b-9868-57a2d4851a1d" />
    <TestEntry testId="2e5cdf48-ab53-ed98-9996-66c93f8cff15" executionId="1bebc5e7-a1d3-4859-8694-a5ca465926ae" testListId="8c84fa94-04c1-424b-9868-57a2d4851a1d" />
    <TestEntry testId="35bab2d6-4910-86dc-1141-fc3c8871ab67" executionId="099544d3-622f-4e1d-9ebc-3f82834cdc14" testListId="8c84fa94-04c1-424b-9868-57a2d4851a1d" />
    <TestEntry testId="6c6b716e-4d28-c779-dfb6-ac3f614f8de4" executionId="80732dc2-9906-4094-a438-03b472844a63" testListId="8c84fa94-04c1-424b-9868-57a2d4851a1d" />
    <TestEntry testId="52ab0249-26ba-cc96-610d-17f6ffa468ae" executionId="982e2d58-acf0-4398-a724-9b41deb5bdbb" testListId="8c84fa94-04c1-424b-9868-57a2d4851a1d" />
    <TestEntry testId="0bf09544-71cf-4e08-b61c-b47bd220ef05" executionId="89ed51ab-48bf-450d-ae67-b104d331dcb0" testListId="8c84fa94-04c1-424b-9868-57a2d4851a1d" />
    <TestEntry testId="0ad171d3-aad1-8521-c487-1ee14ec9e922" executionId="b021e135-b8d1-4898-a431-67b43004c160" testListId="8c84fa94-04c1-424b-9868-57a2d4851a1d" />
    <TestEntry testId="55df2919-d484-9c67-3d4f-25d0bf1cac35" executionId="f449f074-897d-4435-8c07-7c13cd65ccf7" testListId="8c84fa94-04c1-424b-9868-57a2d4851a1d" />
    <TestEntry testId="a130a927-6b59-18c0-ec6f-96c3fadbcb3d" executionId="08edbb79-e419-450d-b61a-feebb11310d8" testListId="8c84fa94-04c1-424b-9868-57a2d4851a1d" />
    <TestEntry testId="99bc1406-b650-0f2c-9f06-c90460b955bc" executionId="7cd6dfe2-5172-47cc-aeb5-ec942ad19e5b" testListId="8c84fa94-04c1-424b-9868-57a2d4851a1d" />
    <TestEntry testId="f54cb0cb-5b9c-26f7-4212-f53dc833b117" executionId="1e4d1695-413b-4b86-9ed4-68ca3cb3041f" testListId="8c84fa94-04c1-424b-9868-57a2d4851a1d" />
    <TestEntry testId="c1ca5f29-bfa1-1309-3768-ba5a26d3c69b" executionId="1a983614-6338-4d7c-b0d7-9566aa240b3c" testListId="8c84fa94-04c1-424b-9868-57a2d4851a1d" />
    <TestEntry testId="2d82bace-d18b-8cb6-ec46-f30189d0e969" executionId="aeee43bd-829e-4928-8901-1a80a15def84" testListId="8c84fa94-04c1-424b-9868-57a2d4851a1d" />
    <TestEntry testId="d9e2c8f9-5652-2464-f933-9795a5513b3a" executionId="3fa2a255-eb65-44c0-b02b-6c1728031038" testListId="8c84fa94-04c1-424b-9868-57a2d4851a1d" />
    <TestEntry testId="98f533e5-cb2d-28ac-67c0-1c9e3a63eadf" executionId="813ac948-c225-425f-96fd-0f96ee3c6b52" testListId="8c84fa94-04c1-424b-9868-57a2d4851a1d" />
    <TestEntry testId="580e1afe-e2dd-e0a2-6df9-b1ce18a714be" executionId="79553714-61fd-4ff5-8925-7d731b73330c" testListId="8c84fa94-04c1-424b-9868-57a2d4851a1d" />
    <TestEntry testId="882b56f4-78e9-f8de-5e21-552cca584369" executionId="07ceaab5-c924-4480-b4ff-0717a01b3e9c" testListId="8c84fa94-04c1-424b-9868-57a2d4851a1d" />
    <TestEntry testId="c78dca9a-63e5-01e6-bb96-2b386d6c1931" executionId="8c6e18b8-c96f-407d-ae88-462604cd1389" testListId="8c84fa94-04c1-424b-9868-57a2d4851a1d" />
    <TestEntry testId="6d9f83bd-c2da-8361-c098-b8bbad456725" executionId="fd88df62-9cf2-4726-97f2-5121254efe90" testListId="8c84fa94-04c1-424b-9868-57a2d4851a1d" />
    <TestEntry testId="41ce1e90-d937-c616-659c-3c5a81200d9c" executionId="8d8f8e8a-6bc5-4acb-8f50-d305999504bd" testListId="8c84fa94-04c1-424b-9868-57a2d4851a1d" />
    <TestEntry testId="7ff84ea9-41b0-fba9-537a-539e9deaafa7" executionId="e48265a9-6b50-417a-8225-ac3ad1766296" testListId="8c84fa94-04c1-424b-9868-57a2d4851a1d" />
    <TestEntry testId="66b5c4ff-d2fa-19de-f4f4-61f87928ee9b" executionId="d050eea2-a1c3-42e2-a257-4f343bca8c0d" testListId="8c84fa94-04c1-424b-9868-57a2d4851a1d" />
    <TestEntry testId="6a5d7fe9-99be-4636-5691-66b73138c33f" executionId="cbfe494e-b405-4bfd-9a64-4554eb7b2d0e" testListId="8c84fa94-04c1-424b-9868-57a2d4851a1d" />
    <TestEntry testId="0e3e65ea-8dcd-331d-126b-63537ab482f7" executionId="0745943c-695e-4237-848f-21deebce1444" testListId="8c84fa94-04c1-424b-9868-57a2d4851a1d" />
    <TestEntry testId="f6d5e561-34f2-4fd1-5142-307043996e36" executionId="c7d718ca-d4fe-4ffb-ab4f-6c6d55400220" testListId="8c84fa94-04c1-424b-9868-57a2d4851a1d" />
    <TestEntry testId="760f9bfd-f7ad-a943-e485-03d97212787c" executionId="9f22bfc3-7afe-432f-a7a7-8d40a8019d20" testListId="8c84fa94-04c1-424b-9868-57a2d4851a1d" />
    <TestEntry testId="fb4bfc16-4472-c6ec-c70f-01a0505dd049" executionId="b44e94b7-9161-429e-ba5e-006c638b14f8" testListId="8c84fa94-04c1-424b-9868-57a2d4851a1d" />
    <TestEntry testId="f4e67b53-0b3e-aaa0-9b40-f3ce5bf9017a" executionId="cd37eb5a-8d4c-4834-b006-80511564444f" testListId="8c84fa94-04c1-424b-9868-57a2d4851a1d" />
    <TestEntry testId="acb1ab8e-53d8-0188-b905-0ea66e54576d" executionId="0c9370e6-e4c8-442d-a7b0-de50b08fd592" testListId="8c84fa94-04c1-424b-9868-57a2d4851a1d" />
    <TestEntry testId="06369c13-5206-803d-d260-27c984790673" executionId="cb918d9d-0c4b-462e-8195-9416964acedc" testListId="8c84fa94-04c1-424b-9868-57a2d4851a1d" />
    <TestEntry testId="f98d7fd7-35b5-697e-34c0-0ff1a3a3889c" executionId="1550b63e-ad1f-41ba-928e-dcdf25c97e35" testListId="8c84fa94-04c1-424b-9868-57a2d4851a1d" />
    <TestEntry testId="50cf72d1-0ec6-a518-7cbd-a42b970da334" executionId="88d7d96a-3706-4e0d-8912-4e430da27af0" testListId="8c84fa94-04c1-424b-9868-57a2d4851a1d" />
    <TestEntry testId="dc91f0fb-b6fd-71a4-1714-2638b5248a24" executionId="315ba879-5015-495d-b78f-dff8be94fa94" testListId="8c84fa94-04c1-424b-9868-57a2d4851a1d" />
    <TestEntry testId="e9119cfc-3c5c-fe36-feac-3d5dd77582ef" executionId="0a674c5e-e180-4a5a-9f89-d2058dbc422e" testListId="8c84fa94-04c1-424b-9868-57a2d4851a1d" />
    <TestEntry testId="914c4474-b8e7-f364-7b5b-f69491ca046f" executionId="b0b7e3b0-9b69-4db5-88c4-0f3087a4a5d7" testListId="8c84fa94-04c1-424b-9868-57a2d4851a1d" />
    <TestEntry testId="6822bf18-105f-77ff-8eac-b0428e8c9310" executionId="d85a8a95-be9b-4013-b45e-359e4e87084c" testListId="8c84fa94-04c1-424b-9868-57a2d4851a1d" />
    <TestEntry testId="6699914d-cf53-e9b3-e712-5eb151f64c53" executionId="d2f7d4e6-be9b-4260-ad75-3a2ee94fb5b7" testListId="8c84fa94-04c1-424b-9868-57a2d4851a1d" />
    <TestEntry testId="5bba4a02-40e6-875f-dbab-eeeae3f32772" executionId="5b89cc4c-2bf6-4b6d-a8a9-aac6c154e1ed" testListId="8c84fa94-04c1-424b-9868-57a2d4851a1d" />
    <TestEntry testId="6ce6d5c4-8d29-2bd7-7033-2e711c4595e4" executionId="35d7a9a6-6a92-4228-851a-c4a4ecd4fe56" testListId="8c84fa94-04c1-424b-9868-57a2d4851a1d" />
    <TestEntry testId="884502f8-bdaa-5c5e-9e51-7540cc3d536d" executionId="29f52bc3-08ee-4017-9c7a-cfd4f671befb" testListId="8c84fa94-04c1-424b-9868-57a2d4851a1d" />
    <TestEntry testId="e625724b-e6ca-04fb-3a90-a86071459cbe" executionId="3a1290c1-c657-4655-a754-d00aafa56147" testListId="8c84fa94-04c1-424b-9868-57a2d4851a1d" />
    <TestEntry testId="a78851f4-5cf1-c03b-d540-692422a608d7" executionId="9c7b885a-8597-4e7d-94a7-5b95323202b1" testListId="8c84fa94-04c1-424b-9868-57a2d4851a1d" />
    <TestEntry testId="2aeebd21-0ab2-66bb-8d1a-c7e7ef4ee5ab" executionId="eebea204-2dd0-45f3-aeee-02ec201f98e9" testListId="8c84fa94-04c1-424b-9868-57a2d4851a1d" />
    <TestEntry testId="d81c2536-2ddc-1b92-7cc5-260eee920d18" executionId="760096a6-ffb2-4a98-a88d-b820e977c51d" testListId="8c84fa94-04c1-424b-9868-57a2d4851a1d" />
    <TestEntry testId="26e57da1-ba9d-0191-a3ee-e3418eb18c93" executionId="fe00a919-c13b-4842-bfa8-4816c4d9fc26" testListId="8c84fa94-04c1-424b-9868-57a2d4851a1d" />
    <TestEntry testId="03edf8b7-529b-2eec-d300-ba35462d6076" executionId="35637885-43d7-456a-9eea-70c8e0bbbd2c" testListId="8c84fa94-04c1-424b-9868-57a2d4851a1d" />
    <TestEntry testId="746f056a-c957-33ee-67ac-b2a4740e2f0d" executionId="f7e2ea63-69f1-47dc-9a9e-d76ae5e2f33f" testListId="8c84fa94-04c1-424b-9868-57a2d4851a1d" />
    <TestEntry testId="0771727a-7b1e-cb6f-af21-556d51024ee4" executionId="fa671357-ef85-4549-8a52-de28865ab922" testListId="8c84fa94-04c1-424b-9868-57a2d4851a1d" />
    <TestEntry testId="4fec0688-570f-f7c3-b388-2105544b1ec9" executionId="7fca1282-fd4b-44d2-b4e1-44b15435e1a4" testListId="8c84fa94-04c1-424b-9868-57a2d4851a1d" />
    <TestEntry testId="6d42fd8c-c040-b48c-e6d2-bb547135a91f" executionId="fb7350c5-7222-4792-9cc8-6a3503126763" testListId="8c84fa94-04c1-424b-9868-57a2d4851a1d" />
    <TestEntry testId="9897c766-b52d-ed3b-d588-9c1d581b48f1" executionId="fd9e1af6-af2a-452d-a8b5-9fc16405d194" testListId="8c84fa94-04c1-424b-9868-57a2d4851a1d" />
    <TestEntry testId="9c2dc762-2a57-9696-7f90-04f8ebffaa04" executionId="2c4c5d10-3bc9-48af-a76e-8b1b0eef9afa" testListId="8c84fa94-04c1-424b-9868-57a2d4851a1d" />
    <TestEntry testId="d0f0983a-faa8-8216-a397-86e0a0891d1b" executionId="464248b9-8028-4123-8920-d63ea03061fc" testListId="8c84fa94-04c1-424b-9868-57a2d4851a1d" />
    <TestEntry testId="668d6eca-ca1f-7173-3a79-4c824c393f53" executionId="e83af521-b7e7-44c4-bcf0-b3fbdfbdc283" testListId="8c84fa94-04c1-424b-9868-57a2d4851a1d" />
    <TestEntry testId="62c1543f-f880-9422-221c-4ee82e491af1" executionId="77fc5219-118b-4599-8bc5-59b2b89f12b0" testListId="8c84fa94-04c1-424b-9868-57a2d4851a1d" />
    <TestEntry testId="2635f7f5-e17b-eaa8-61cd-c8fcd1b0c5d0" executionId="fb92fd75-6e01-4454-9059-32d9dc7c41e3" testListId="8c84fa94-04c1-424b-9868-57a2d4851a1d" />
    <TestEntry testId="a458d2f4-9d49-ccf4-721d-334e9190a07e" executionId="ddf175fc-2db3-41f6-9b4c-cd8f3c354ea8" testListId="8c84fa94-04c1-424b-9868-57a2d4851a1d" />
    <TestEntry testId="8a4aed2d-73bd-427f-bd78-a6a359ebd203" executionId="28ff673c-505e-48b6-a867-f5cea3c832cd" testListId="8c84fa94-04c1-424b-9868-57a2d4851a1d" />
    <TestEntry testId="acb3bee3-815d-0e62-c834-e669f2acf8d8" executionId="7a597c85-40c4-4f97-b784-385c4c3a3a18" testListId="8c84fa94-04c1-424b-9868-57a2d4851a1d" />
    <TestEntry testId="00784323-e8f7-063b-bb41-8b963c2c917c" executionId="68cdcac4-99e1-4875-835d-2765181dfa33" testListId="8c84fa94-04c1-424b-9868-57a2d4851a1d" />
    <TestEntry testId="d1a4749c-a512-c212-dd5c-736028403990" executionId="6f20a123-8e77-4385-836e-cf06d183410b" testListId="8c84fa94-04c1-424b-9868-57a2d4851a1d" />
    <TestEntry testId="6085aa4f-8ca0-af22-f1de-7c679d2332fb" executionId="f414df6f-2f5e-4bef-8d39-0495d176fe1f" testListId="8c84fa94-04c1-424b-9868-57a2d4851a1d" />
    <TestEntry testId="52c0ab65-e1f5-1853-43a3-02e5f831ed28" executionId="1f4b4293-9159-4e54-aed5-710d4a96f9cd" testListId="8c84fa94-04c1-424b-9868-57a2d4851a1d" />
    <TestEntry testId="aac10e62-9d0b-cc86-10c1-c58eccffc8a5" executionId="b8bea28a-e52d-4bcd-a86b-7721ef2650cb" testListId="8c84fa94-04c1-424b-9868-57a2d4851a1d" />
    <TestEntry testId="01ba1afa-e818-b818-2170-9b4ce82cecbf" executionId="52aa1077-66fe-4603-a10e-08f7da79310f" testListId="8c84fa94-04c1-424b-9868-57a2d4851a1d" />
    <TestEntry testId="a2dfac76-3130-3e4a-4037-173a8ebe0b66" executionId="76366b15-9c6b-45fa-9710-ed3872b48f96" testListId="8c84fa94-04c1-424b-9868-57a2d4851a1d" />
    <TestEntry testId="5ae8cc7a-f9e8-25e4-b4bf-e53c8fe5f18e" executionId="d78c66b8-53dd-47fb-9cf8-470262573061" testListId="8c84fa94-04c1-424b-9868-57a2d4851a1d" />
    <TestEntry testId="cfeeb9d0-a71c-e47f-9885-66cc2cae1cd1" executionId="8e21a051-ca1a-49d9-a7e0-43463e5eda3a" testListId="8c84fa94-04c1-424b-9868-57a2d4851a1d" />
    <TestEntry testId="203a23ad-a6d5-6336-b116-7dae22149b13" executionId="0f091aad-09b5-40c0-aaba-584160dffd61" testListId="8c84fa94-04c1-424b-9868-57a2d4851a1d" />
    <TestEntry testId="3cc3d0b4-a43d-5b9d-15df-45a463e99e69" executionId="89a48e55-b3a1-42d5-a739-7a0de120dcd4" testListId="8c84fa94-04c1-424b-9868-57a2d4851a1d" />
    <TestEntry testId="fc99facc-ad9e-cca0-01d9-61361572a65a" executionId="6148d16e-71b9-4b1c-8aa3-c80d3a32569e" testListId="8c84fa94-04c1-424b-9868-57a2d4851a1d" />
    <TestEntry testId="52f5ee09-605d-194f-6798-1813db13a786" executionId="d9559e87-7c07-45d0-981d-a91713ced7e2" testListId="8c84fa94-04c1-424b-9868-57a2d4851a1d" />
    <TestEntry testId="64c0f610-40c2-8236-7cd7-4fc9ef7634b2" executionId="a721600d-5ac9-4db7-ba71-2505075c8836" testListId="8c84fa94-04c1-424b-9868-57a2d4851a1d" />
    <TestEntry testId="83a78086-cc92-d3b0-6b12-175b88de875c" executionId="7f158c6f-ecd6-4788-8a38-8f25fec75a5e" testListId="8c84fa94-04c1-424b-9868-57a2d4851a1d" />
    <TestEntry testId="f30bbbd3-3d73-703e-eea2-925cfa55189d" executionId="43ceaaa3-1522-40d2-834d-1f6ba833300f" testListId="8c84fa94-04c1-424b-9868-57a2d4851a1d" />
    <TestEntry testId="10bfeb00-de3b-c447-8d05-6723944bf16f" executionId="88b0bc1c-4128-4def-969f-51bc756622cc" testListId="8c84fa94-04c1-424b-9868-57a2d4851a1d" />
    <TestEntry testId="cf65519c-4e99-5233-a49b-a042d9e34110" executionId="bb02e989-7547-476f-981d-0c2a684c517d" testListId="8c84fa94-04c1-424b-9868-57a2d4851a1d" />
    <TestEntry testId="ab937652-688d-1f36-c7a3-cce53edf28c3" executionId="8c69371b-82c3-4413-9f1d-ffb50832aa5b" testListId="8c84fa94-04c1-424b-9868-57a2d4851a1d" />
    <TestEntry testId="7c83b5b0-56f2-13fb-8e69-168095957464" executionId="5431a289-9e38-4881-8d38-c8ee17a6a77f" testListId="8c84fa94-04c1-424b-9868-57a2d4851a1d" />
  </TestEntries>
  <TestLists>
    <TestList name="Results Not in a List" id="8c84fa94-04c1-424b-9868-57a2d4851a1d" />
    <TestList name="All Loaded Results" id="19431567-8539-422a-85d7-44ee4e166bda" />
  </TestLists>
  <ResultSummary outcome="Completed">
    <Counters total="1388" executed="1388" passed="1388" failed="0" error="0" timeout="0" aborted="0" inconclusive="0" passedButRunAborted="0" notRunnable="0" notExecuted="0" disconnected="0" warning="0" completed="0" inProgress="0" pending="0" />
  </ResultSummary>
</TestRun>