<?xml version="1.0" encoding="utf-8"?>
<TestRun id="8368a045-17a9-441f-b8af-78c16e487e9c" name="DKSR-EFI-06$@DKSR-EFI-06 2024-01-09 15:40:47" runUser="NT AUTHORITY\NETWORK SERVICE" xmlns="http://microsoft.com/schemas/VisualStudio/TeamTest/2010">
  <Times creation="2024-01-09T15:40:47.3671475+01:00" queuing="2024-01-09T15:40:47.3671475+01:00" start="2024-01-09T15:40:44.2265036+01:00" finish="2024-01-09T15:40:47.9765233+01:00" />
  <TestSettings name="default" id="fb4854c5-d613-4fe0-911c-d2f4120b6ed5">
    <Deployment runDeploymentRoot="DKSR-EFI-06$_DKSR-EFI-06_2024-01-09_15_40_47" />
  </TestSettings>
  <Results>
    <UnitTestResult executionId="58e09514-730d-4f31-9964-854653d84d21" testId="9b8ee8ad-c136-9e40-9496-4db827cbdaad" testName="ViewModelStoresTimeoutValue" computerName="DKSR-EFI-06" duration="00:00:00.0002990" startTime="2024-01-09T15:40:47.3671475+01:00" endTime="2024-01-09T15:40:47.3671475+01:00" testType="13cdc9d9-ddb5-4fa4-a97d-d965ccfc6d4b" outcome="Passed" testListId="8c84fa94-04c1-424b-9868-57a2d4851a1d" relativeResultsDirectory="58e09514-730d-4f31-9964-854653d84d21" />
    <UnitTestResult executionId="5f1b441b-6e81-4f8f-aa64-21d05d896562" testId="4a1c2dec-4cc4-192d-3464-eb3d64c6908e" testName="WhenFillingItShouldFireOnPropertyChanged" computerName="DKSR-EFI-06" duration="00:00:00.0033539" startTime="2024-01-09T15:40:47.5077738+01:00" endTime="2024-01-09T15:40:47.5077738+01:00" testType="13cdc9d9-ddb5-4fa4-a97d-d965ccfc6d4b" outcome="Passed" testListId="8c84fa94-04c1-424b-9868-57a2d4851a1d" relativeResultsDirectory="5f1b441b-6e81-4f8f-aa64-21d05d896562" />
    <UnitTestResult executionId="d7bd626a-5e2d-4e34-97ca-c6a6b3fa04de" testId="e57d2af6-72aa-58ee-9419-d2581d6d0308" testName="WhenBlurringAdminIsConstructedItShouldAssignProperties" computerName="DKSR-EFI-06" duration="00:00:00.6064287" startTime="2024-01-09T15:40:45.9296396+01:00" endTime="2024-01-09T15:40:46.6796439+01:00" testType="13cdc9d9-ddb5-4fa4-a97d-d965ccfc6d4b" outcome="Passed" testListId="8c84fa94-04c1-424b-9868-57a2d4851a1d" relativeResultsDirectory="d7bd626a-5e2d-4e34-97ca-c6a6b3fa04de" />
    <UnitTestResult executionId="56450110-3da2-477e-bad7-dc31c9c4e25c" testId="0bf4ee9c-0400-010c-e0fa-75320c5a4433" testName="ReportPropertiesWhenInvokedReturnTimeout" computerName="DKSR-EFI-06" duration="00:00:00.0063439" startTime="2024-01-09T15:40:46.8515208+01:00" endTime="2024-01-09T15:40:46.8671451+01:00" testType="13cdc9d9-ddb5-4fa4-a97d-d965ccfc6d4b" outcome="Passed" testListId="8c84fa94-04c1-424b-9868-57a2d4851a1d" relativeResultsDirectory="56450110-3da2-477e-bad7-dc31c9c4e25c" />
    <UnitTestResult executionId="1034888c-c18a-4fab-a6d0-a65a46b6e1d5" testId="6ac5d0ea-06ae-ff00-7cc5-9fa023ccbdd3" testName="WhenConvertingFromIntItShouldReturnIntValue" computerName="DKSR-EFI-06" duration="00:00:00.0128717" startTime="2024-01-09T15:40:47.5077738+01:00" endTime="2024-01-09T15:40:47.5233987+01:00" testType="13cdc9d9-ddb5-4fa4-a97d-d965ccfc6d4b" outcome="Passed" testListId="8c84fa94-04c1-424b-9868-57a2d4851a1d" relativeResultsDirectory="1034888c-c18a-4fab-a6d0-a65a46b6e1d5" />
    <UnitTestResult executionId="2bd1132a-b3fd-4c7e-8048-626e08b7178f" testId="0f2fd633-05dc-0bc1-20a5-c75c5fef85ad" testName="ViewModelRecoversStoredTimeoutValue" computerName="DKSR-EFI-06" duration="00:00:00.0013468" startTime="2024-01-09T15:40:47.3671475+01:00" endTime="2024-01-09T15:40:47.3671475+01:00" testType="13cdc9d9-ddb5-4fa4-a97d-d965ccfc6d4b" outcome="Passed" testListId="8c84fa94-04c1-424b-9868-57a2d4851a1d" relativeResultsDirectory="2bd1132a-b3fd-4c7e-8048-626e08b7178f" />
    <UnitTestResult executionId="5a619df1-8bc5-4d4a-8b27-9d5d0e4f97a8" testId="b4b83390-ed95-c57c-3c37-60ea104f5aa2" testName="TimeoutSettingDefaultIsTheExpected" computerName="DKSR-EFI-06" duration="00:00:00.0002277" startTime="2024-01-09T15:40:47.3671475+01:00" endTime="2024-01-09T15:40:47.3671475+01:00" testType="13cdc9d9-ddb5-4fa4-a97d-d965ccfc6d4b" outcome="Passed" testListId="8c84fa94-04c1-424b-9868-57a2d4851a1d" relativeResultsDirectory="5a619df1-8bc5-4d4a-8b27-9d5d0e4f97a8" />
    <UnitTestResult executionId="e65e8674-505e-4e67-934c-c773a1c6537f" testId="86c6b611-a113-ab26-0f97-a6c1d8f9035a" testName="WhenClearingItShouldNotReturnAnError" computerName="DKSR-EFI-06" duration="00:00:00.0002868" startTime="2024-01-09T15:40:47.5077738+01:00" endTime="2024-01-09T15:40:47.5077738+01:00" testType="13cdc9d9-ddb5-4fa4-a97d-d965ccfc6d4b" outcome="Passed" testListId="8c84fa94-04c1-424b-9868-57a2d4851a1d" relativeResultsDirectory="e65e8674-505e-4e67-934c-c773a1c6537f" />
    <UnitTestResult executionId="caa1d4a9-a2b0-4377-8258-8c9111f38411" testId="98604d9c-4e9b-b71d-05e0-f40c1e5cff5b" testName="IncrementTimeoutCommandIncrementsOneTimeUnit" computerName="DKSR-EFI-06" duration="00:00:00.4920517" startTime="2024-01-09T15:40:46.8671451+01:00" endTime="2024-01-09T15:40:47.3515212+01:00" testType="13cdc9d9-ddb5-4fa4-a97d-d965ccfc6d4b" outcome="Passed" testListId="8c84fa94-04c1-424b-9868-57a2d4851a1d" relativeResultsDirectory="caa1d4a9-a2b0-4377-8258-8c9111f38411" />
    <UnitTestResult executionId="154ab24f-d65f-4229-887f-e6a8d9cb954f" testId="d9ed62f7-9663-b024-63e8-12f4c4b77bd7" testName="WhenTimeoutSettingIsModifiedConfigurationChangedEventIsRised" computerName="DKSR-EFI-06" duration="00:00:00.0054773" startTime="2024-01-09T15:40:47.3515212+01:00" endTime="2024-01-09T15:40:47.3671475+01:00" testType="13cdc9d9-ddb5-4fa4-a97d-d965ccfc6d4b" outcome="Passed" testListId="8c84fa94-04c1-424b-9868-57a2d4851a1d" relativeResultsDirectory="154ab24f-d65f-4229-887f-e6a8d9cb954f" />
    <UnitTestResult executionId="a2804cf2-5582-4b24-84dc-9b460315e4ed" testId="339b3254-c61d-3f59-ddd4-2917a9f5eef5" testName="WhenTimerIsNotModifiedAndSavedItShouldNotBeAuditLogger" computerName="DKSR-EFI-06" duration="00:00:00.0667378" startTime="2024-01-09T15:40:47.4296479+01:00" endTime="2024-01-09T15:40:47.5077738+01:00" testType="13cdc9d9-ddb5-4fa4-a97d-d965ccfc6d4b" outcome="Passed" testListId="8c84fa94-04c1-424b-9868-57a2d4851a1d" relativeResultsDirectory="a2804cf2-5582-4b24-84dc-9b460315e4ed" />
    <UnitTestResult executionId="271ff33e-4c81-4e68-8296-7e40b5cabcf5" testId="15d6574d-7c44-73f1-3648-2e5723fc5031" testName="WhenItemIsNullReturnTheDefaultTimeout" computerName="DKSR-EFI-06" duration="00:00:00.1504717" startTime="2024-01-09T15:40:46.6952673+01:00" endTime="2024-01-09T15:40:46.8515208+01:00" testType="13cdc9d9-ddb5-4fa4-a97d-d965ccfc6d4b" outcome="Passed" testListId="8c84fa94-04c1-424b-9868-57a2d4851a1d" relativeResultsDirectory="271ff33e-4c81-4e68-8296-7e40b5cabcf5" />
    <UnitTestResult executionId="0d164946-4cd0-4148-9251-93f0bdd1d550" testId="408cbcb7-a427-bc13-f24e-9be77f3e31b5" testName="WhenConvertingFromStringItShouldReturnIntValue" computerName="DKSR-EFI-06" duration="00:00:00.0002183" startTime="2024-01-09T15:40:47.5233987+01:00" endTime="2024-01-09T15:40:47.5233987+01:00" testType="13cdc9d9-ddb5-4fa4-a97d-d965ccfc6d4b" outcome="Passed" testListId="8c84fa94-04c1-424b-9868-57a2d4851a1d" relativeResultsDirectory="0d164946-4cd0-4148-9251-93f0bdd1d550" />
    <UnitTestResult executionId="ec654cf0-ae85-4792-849c-5c467d4101e6" testId="11a1f07d-5698-5d76-f766-a3de30b2458c" testName="WhenTimerIsModifiedAndSavedItShouldBeAuditLogger" computerName="DKSR-EFI-06" duration="00:00:00.0663927" startTime="2024-01-09T15:40:47.3671475+01:00" endTime="2024-01-09T15:40:47.4296479+01:00" testType="13cdc9d9-ddb5-4fa4-a97d-d965ccfc6d4b" outcome="Passed" testListId="8c84fa94-04c1-424b-9868-57a2d4851a1d" relativeResultsDirectory="ec654cf0-ae85-4792-849c-5c467d4101e6" />
    <UnitTestResult executionId="836a2902-7fdb-4f9e-803a-ea826e64b819" testId="3327ea62-f054-f068-81b8-51dd79e2c35d" testName="DecrementTimeoutCommandDecrementsOneTimeUnit" computerName="DKSR-EFI-06" duration="00:00:00.0005929" startTime="2024-01-09T15:40:47.3515212+01:00" endTime="2024-01-09T15:40:47.3515212+01:00" testType="13cdc9d9-ddb5-4fa4-a97d-d965ccfc6d4b" outcome="Passed" testListId="8c84fa94-04c1-424b-9868-57a2d4851a1d" relativeResultsDirectory="836a2902-7fdb-4f9e-803a-ea826e64b819" />
    <UnitTestResult executionId="1a49763b-f7e0-4327-9210-4bf83bfc95c4" testId="bbde45dd-23ed-eca3-85d3-bc826d10e09e" testName="WhenConvertingBackItShouldReturnStringValue" computerName="DKSR-EFI-06" duration="00:00:00.0002981" startTime="2024-01-09T15:40:47.5233987+01:00" endTime="2024-01-09T15:40:47.5233987+01:00" testType="13cdc9d9-ddb5-4fa4-a97d-d965ccfc6d4b" outcome="Passed" testListId="8c84fa94-04c1-424b-9868-57a2d4851a1d" relativeResultsDirectory="1a49763b-f7e0-4327-9210-4bf83bfc95c4" />
  </Results>
  <TestDefinitions>
    <UnitTest name="IncrementTimeoutCommandIncrementsOneTimeUnit" storage="d:\actions-runner\_work\xpco\xpco\addons\plugins\blurring\tst\videoos.plugins.blurring.mc.unittests\bin\x64\debug\net472\videoos.plugins.blurring.mc.unittests.dll" id="98604d9c-4e9b-b71d-05e0-f40c1e5cff5b">
      <Execution id="caa1d4a9-a2b0-4377-8258-8c9111f38411" />
      <TestMethod codeBase="D:\actions-runner\_work\XPCO\XPCO\AddOns\Plugins\Blurring\tst\VideoOS.Plugins.Blurring.MC.UnitTests\bin\x64\Debug\net472\VideoOS.Plugins.Blurring.MC.UnitTests.dll" adapterTypeName="executor://mstestadapter/v2" className="VideoOS.Plugins.Blurring.MC.UnitTests.BlurringViewModelTests" name="IncrementTimeoutCommandIncrementsOneTimeUnit" />
    </UnitTest>
    <UnitTest name="WhenTimeoutSettingIsModifiedConfigurationChangedEventIsRised" storage="d:\actions-runner\_work\xpco\xpco\addons\plugins\blurring\tst\videoos.plugins.blurring.mc.unittests\bin\x64\debug\net472\videoos.plugins.blurring.mc.unittests.dll" id="d9ed62f7-9663-b024-63e8-12f4c4b77bd7">
      <Execution id="154ab24f-d65f-4229-887f-e6a8d9cb954f" />
      <TestMethod codeBase="D:\actions-runner\_work\XPCO\XPCO\AddOns\Plugins\Blurring\tst\VideoOS.Plugins.Blurring.MC.UnitTests\bin\x64\Debug\net472\VideoOS.Plugins.Blurring.MC.UnitTests.dll" adapterTypeName="executor://mstestadapter/v2" className="VideoOS.Plugins.Blurring.MC.UnitTests.BlurringViewModelTests" name="WhenTimeoutSettingIsModifiedConfigurationChangedEventIsRised" />
    </UnitTest>
    <UnitTest name="ViewModelStoresTimeoutValue" storage="d:\actions-runner\_work\xpco\xpco\addons\plugins\blurring\tst\videoos.plugins.blurring.mc.unittests\bin\x64\debug\net472\videoos.plugins.blurring.mc.unittests.dll" id="9b8ee8ad-c136-9e40-9496-4db827cbdaad">
      <Execution id="58e09514-730d-4f31-9964-854653d84d21" />
      <TestMethod codeBase="D:\actions-runner\_work\XPCO\XPCO\AddOns\Plugins\Blurring\tst\VideoOS.Plugins.Blurring.MC.UnitTests\bin\x64\Debug\net472\VideoOS.Plugins.Blurring.MC.UnitTests.dll" adapterTypeName="executor://mstestadapter/v2" className="VideoOS.Plugins.Blurring.MC.UnitTests.BlurringViewModelTests" name="ViewModelStoresTimeoutValue" />
    </UnitTest>
    <UnitTest name="ViewModelRecoversStoredTimeoutValue" storage="d:\actions-runner\_work\xpco\xpco\addons\plugins\blurring\tst\videoos.plugins.blurring.mc.unittests\bin\x64\debug\net472\videoos.plugins.blurring.mc.unittests.dll" id="0f2fd633-05dc-0bc1-20a5-c75c5fef85ad">
      <Execution id="2bd1132a-b3fd-4c7e-8048-626e08b7178f" />
      <TestMethod codeBase="D:\actions-runner\_work\XPCO\XPCO\AddOns\Plugins\Blurring\tst\VideoOS.Plugins.Blurring.MC.UnitTests\bin\x64\Debug\net472\VideoOS.Plugins.Blurring.MC.UnitTests.dll" adapterTypeName="executor://mstestadapter/v2" className="VideoOS.Plugins.Blurring.MC.UnitTests.BlurringViewModelTests" name="ViewModelRecoversStoredTimeoutValue" />
    </UnitTest>
    <UnitTest name="WhenConvertingBackItShouldReturnStringValue" storage="d:\actions-runner\_work\xpco\xpco\addons\plugins\blurring\tst\videoos.plugins.blurring.mc.unittests\bin\x64\debug\net472\videoos.plugins.blurring.mc.unittests.dll" id="bbde45dd-23ed-eca3-85d3-bc826d10e09e">
      <Execution id="1a49763b-f7e0-4327-9210-4bf83bfc95c4" />
      <TestMethod codeBase="D:\actions-runner\_work\XPCO\XPCO\AddOns\Plugins\Blurring\tst\VideoOS.Plugins.Blurring.MC.UnitTests\bin\x64\Debug\net472\VideoOS.Plugins.Blurring.MC.UnitTests.dll" adapterTypeName="executor://mstestadapter/v2" className="VideoOS.Plugins.Blurring.MC.UnitTests.StringToIntegerConverterTests" name="WhenConvertingBackItShouldReturnStringValue" />
    </UnitTest>
    <UnitTest name="WhenItemIsNullReturnTheDefaultTimeout" storage="d:\actions-runner\_work\xpco\xpco\addons\plugins\blurring\tst\videoos.plugins.blurring.mc.unittests\bin\x64\debug\net472\videoos.plugins.blurring.mc.unittests.dll" id="15d6574d-7c44-73f1-3648-2e5723fc5031">
      <Execution id="271ff33e-4c81-4e68-8296-7e40b5cabcf5" />
      <TestMethod codeBase="D:\actions-runner\_work\XPCO\XPCO\AddOns\Plugins\Blurring\tst\VideoOS.Plugins.Blurring.MC.UnitTests\bin\x64\Debug\net472\VideoOS.Plugins.Blurring.MC.UnitTests.dll" adapterTypeName="executor://mstestadapter/v2" className="VideoOS.Plugins.Blurring.MC.UnitTests.BlurringConfigurationTests" name="WhenItemIsNullReturnTheDefaultTimeout" />
    </UnitTest>
    <UnitTest name="WhenConvertingFromStringItShouldReturnIntValue" storage="d:\actions-runner\_work\xpco\xpco\addons\plugins\blurring\tst\videoos.plugins.blurring.mc.unittests\bin\x64\debug\net472\videoos.plugins.blurring.mc.unittests.dll" id="408cbcb7-a427-bc13-f24e-9be77f3e31b5">
      <Execution id="0d164946-4cd0-4148-9251-93f0bdd1d550" />
      <TestMethod codeBase="D:\actions-runner\_work\XPCO\XPCO\AddOns\Plugins\Blurring\tst\VideoOS.Plugins.Blurring.MC.UnitTests\bin\x64\Debug\net472\VideoOS.Plugins.Blurring.MC.UnitTests.dll" adapterTypeName="executor://mstestadapter/v2" className="VideoOS.Plugins.Blurring.MC.UnitTests.StringToIntegerConverterTests" name="WhenConvertingFromStringItShouldReturnIntValue" />
    </UnitTest>
    <UnitTest name="WhenBlurringAdminIsConstructedItShouldAssignProperties" storage="d:\actions-runner\_work\xpco\xpco\addons\plugins\blurring\tst\videoos.plugins.blurring.mc.unittests\bin\x64\debug\net472\videoos.plugins.blurring.mc.unittests.dll" id="e57d2af6-72aa-58ee-9419-d2581d6d0308">
      <Execution id="d7bd626a-5e2d-4e34-97ca-c6a6b3fa04de" />
      <TestMethod codeBase="D:\actions-runner\_work\XPCO\XPCO\AddOns\Plugins\Blurring\tst\VideoOS.Plugins.Blurring.MC.UnitTests\bin\x64\Debug\net472\VideoOS.Plugins.Blurring.MC.UnitTests.dll" adapterTypeName="executor://mstestadapter/v2" className="VideoOS.Plugins.Blurring.MC.UnitTests.BlurringAdminTests" name="WhenBlurringAdminIsConstructedItShouldAssignProperties" />
    </UnitTest>
    <UnitTest name="WhenTimerIsModifiedAndSavedItShouldBeAuditLogger" storage="d:\actions-runner\_work\xpco\xpco\addons\plugins\blurring\tst\videoos.plugins.blurring.mc.unittests\bin\x64\debug\net472\videoos.plugins.blurring.mc.unittests.dll" id="11a1f07d-5698-5d76-f766-a3de30b2458c">
      <Execution id="ec654cf0-ae85-4792-849c-5c467d4101e6" />
      <TestMethod codeBase="D:\actions-runner\_work\XPCO\XPCO\AddOns\Plugins\Blurring\tst\VideoOS.Plugins.Blurring.MC.UnitTests\bin\x64\Debug\net472\VideoOS.Plugins.Blurring.MC.UnitTests.dll" adapterTypeName="executor://mstestadapter/v2" className="VideoOS.Plugins.Blurring.MC.UnitTests.BlurringViewModelTests" name="WhenTimerIsModifiedAndSavedItShouldBeAuditLogger" />
    </UnitTest>
    <UnitTest name="WhenClearingItShouldNotReturnAnError" storage="d:\actions-runner\_work\xpco\xpco\addons\plugins\blurring\tst\videoos.plugins.blurring.mc.unittests\bin\x64\debug\net472\videoos.plugins.blurring.mc.unittests.dll" id="86c6b611-a113-ab26-0f97-a6c1d8f9035a">
      <Execution id="e65e8674-505e-4e67-934c-c773a1c6537f" />
      <TestMethod codeBase="D:\actions-runner\_work\XPCO\XPCO\AddOns\Plugins\Blurring\tst\VideoOS.Plugins.Blurring.MC.UnitTests\bin\x64\Debug\net472\VideoOS.Plugins.Blurring.MC.UnitTests.dll" adapterTypeName="executor://mstestadapter/v2" className="VideoOS.Plugins.Blurring.MC.UnitTests.BlurringViewModelTests" name="WhenClearingItShouldNotReturnAnError" />
    </UnitTest>
    <UnitTest name="WhenConvertingFromIntItShouldReturnIntValue" storage="d:\actions-runner\_work\xpco\xpco\addons\plugins\blurring\tst\videoos.plugins.blurring.mc.unittests\bin\x64\debug\net472\videoos.plugins.blurring.mc.unittests.dll" id="6ac5d0ea-06ae-ff00-7cc5-9fa023ccbdd3">
      <Execution id="1034888c-c18a-4fab-a6d0-a65a46b6e1d5" />
      <TestMethod codeBase="D:\actions-runner\_work\XPCO\XPCO\AddOns\Plugins\Blurring\tst\VideoOS.Plugins.Blurring.MC.UnitTests\bin\x64\Debug\net472\VideoOS.Plugins.Blurring.MC.UnitTests.dll" adapterTypeName="executor://mstestadapter/v2" className="VideoOS.Plugins.Blurring.MC.UnitTests.StringToIntegerConverterTests" name="WhenConvertingFromIntItShouldReturnIntValue" />
    </UnitTest>
    <UnitTest name="ReportPropertiesWhenInvokedReturnTimeout" storage="d:\actions-runner\_work\xpco\xpco\addons\plugins\blurring\tst\videoos.plugins.blurring.mc.unittests\bin\x64\debug\net472\videoos.plugins.blurring.mc.unittests.dll" id="0bf4ee9c-0400-010c-e0fa-75320c5a4433">
      <Execution id="56450110-3da2-477e-bad7-dc31c9c4e25c" />
      <TestMethod codeBase="D:\actions-runner\_work\XPCO\XPCO\AddOns\Plugins\Blurring\tst\VideoOS.Plugins.Blurring.MC.UnitTests\bin\x64\Debug\net472\VideoOS.Plugins.Blurring.MC.UnitTests.dll" adapterTypeName="executor://mstestadapter/v2" className="VideoOS.Plugins.Blurring.MC.UnitTests.BlurringConfigurationTests" name="ReportPropertiesWhenInvokedReturnTimeout" />
    </UnitTest>
    <UnitTest name="DecrementTimeoutCommandDecrementsOneTimeUnit" storage="d:\actions-runner\_work\xpco\xpco\addons\plugins\blurring\tst\videoos.plugins.blurring.mc.unittests\bin\x64\debug\net472\videoos.plugins.blurring.mc.unittests.dll" id="3327ea62-f054-f068-81b8-51dd79e2c35d">
      <Execution id="836a2902-7fdb-4f9e-803a-ea826e64b819" />
      <TestMethod codeBase="D:\actions-runner\_work\XPCO\XPCO\AddOns\Plugins\Blurring\tst\VideoOS.Plugins.Blurring.MC.UnitTests\bin\x64\Debug\net472\VideoOS.Plugins.Blurring.MC.UnitTests.dll" adapterTypeName="executor://mstestadapter/v2" className="VideoOS.Plugins.Blurring.MC.UnitTests.BlurringViewModelTests" name="DecrementTimeoutCommandDecrementsOneTimeUnit" />
    </UnitTest>
    <UnitTest name="WhenTimerIsNotModifiedAndSavedItShouldNotBeAuditLogger" storage="d:\actions-runner\_work\xpco\xpco\addons\plugins\blurring\tst\videoos.plugins.blurring.mc.unittests\bin\x64\debug\net472\videoos.plugins.blurring.mc.unittests.dll" id="339b3254-c61d-3f59-ddd4-2917a9f5eef5">
      <Execution id="a2804cf2-5582-4b24-84dc-9b460315e4ed" />
      <TestMethod codeBase="D:\actions-runner\_work\XPCO\XPCO\AddOns\Plugins\Blurring\tst\VideoOS.Plugins.Blurring.MC.UnitTests\bin\x64\Debug\net472\VideoOS.Plugins.Blurring.MC.UnitTests.dll" adapterTypeName="executor://mstestadapter/v2" className="VideoOS.Plugins.Blurring.MC.UnitTests.BlurringViewModelTests" name="WhenTimerIsNotModifiedAndSavedItShouldNotBeAuditLogger" />
    </UnitTest>
    <UnitTest name="TimeoutSettingDefaultIsTheExpected" storage="d:\actions-runner\_work\xpco\xpco\addons\plugins\blurring\tst\videoos.plugins.blurring.mc.unittests\bin\x64\debug\net472\videoos.plugins.blurring.mc.unittests.dll" id="b4b83390-ed95-c57c-3c37-60ea104f5aa2">
      <Execution id="5a619df1-8bc5-4d4a-8b27-9d5d0e4f97a8" />
      <TestMethod codeBase="D:\actions-runner\_work\XPCO\XPCO\AddOns\Plugins\Blurring\tst\VideoOS.Plugins.Blurring.MC.UnitTests\bin\x64\Debug\net472\VideoOS.Plugins.Blurring.MC.UnitTests.dll" adapterTypeName="executor://mstestadapter/v2" className="VideoOS.Plugins.Blurring.MC.UnitTests.BlurringViewModelTests" name="TimeoutSettingDefaultIsTheExpected" />
    </UnitTest>
    <UnitTest name="WhenFillingItShouldFireOnPropertyChanged" storage="d:\actions-runner\_work\xpco\xpco\addons\plugins\blurring\tst\videoos.plugins.blurring.mc.unittests\bin\x64\debug\net472\videoos.plugins.blurring.mc.unittests.dll" id="4a1c2dec-4cc4-192d-3464-eb3d64c6908e">
      <Execution id="5f1b441b-6e81-4f8f-aa64-21d05d896562" />
      <TestMethod codeBase="D:\actions-runner\_work\XPCO\XPCO\AddOns\Plugins\Blurring\tst\VideoOS.Plugins.Blurring.MC.UnitTests\bin\x64\Debug\net472\VideoOS.Plugins.Blurring.MC.UnitTests.dll" adapterTypeName="executor://mstestadapter/v2" className="VideoOS.Plugins.Blurring.MC.UnitTests.BlurringViewModelTests" name="WhenFillingItShouldFireOnPropertyChanged" />
    </UnitTest>
  </TestDefinitions>
  <TestEntries>
    <TestEntry testId="9b8ee8ad-c136-9e40-9496-4db827cbdaad" executionId="58e09514-730d-4f31-9964-854653d84d21" testListId="8c84fa94-04c1-424b-9868-57a2d4851a1d" />
    <TestEntry testId="4a1c2dec-4cc4-192d-3464-eb3d64c6908e" executionId="5f1b441b-6e81-4f8f-aa64-21d05d896562" testListId="8c84fa94-04c1-424b-9868-57a2d4851a1d" />
    <TestEntry testId="e57d2af6-72aa-58ee-9419-d2581d6d0308" executionId="d7bd626a-5e2d-4e34-97ca-c6a6b3fa04de" testListId="8c84fa94-04c1-424b-9868-57a2d4851a1d" />
    <TestEntry testId="0bf4ee9c-0400-010c-e0fa-75320c5a4433" executionId="56450110-3da2-477e-bad7-dc31c9c4e25c" testListId="8c84fa94-04c1-424b-9868-57a2d4851a1d" />
    <TestEntry testId="6ac5d0ea-06ae-ff00-7cc5-9fa023ccbdd3" executionId="1034888c-c18a-4fab-a6d0-a65a46b6e1d5" testListId="8c84fa94-04c1-424b-9868-57a2d4851a1d" />
    <TestEntry testId="0f2fd633-05dc-0bc1-20a5-c75c5fef85ad" executionId="2bd1132a-b3fd-4c7e-8048-626e08b7178f" testListId="8c84fa94-04c1-424b-9868-57a2d4851a1d" />
    <TestEntry testId="b4b83390-ed95-c57c-3c37-60ea104f5aa2" executionId="5a619df1-8bc5-4d4a-8b27-9d5d0e4f97a8" testListId="8c84fa94-04c1-424b-9868-57a2d4851a1d" />
    <TestEntry testId="86c6b611-a113-ab26-0f97-a6c1d8f9035a" executionId="e65e8674-505e-4e67-934c-c773a1c6537f" testListId="8c84fa94-04c1-424b-9868-57a2d4851a1d" />
    <TestEntry testId="98604d9c-4e9b-b71d-05e0-f40c1e5cff5b" executionId="caa1d4a9-a2b0-4377-8258-8c9111f38411" testListId="8c84fa94-04c1-424b-9868-57a2d4851a1d" />
    <TestEntry testId="d9ed62f7-9663-b024-63e8-12f4c4b77bd7" executionId="154ab24f-d65f-4229-887f-e6a8d9cb954f" testListId="8c84fa94-04c1-424b-9868-57a2d4851a1d" />
    <TestEntry testId="339b3254-c61d-3f59-ddd4-2917a9f5eef5" executionId="a2804cf2-5582-4b24-84dc-9b460315e4ed" testListId="8c84fa94-04c1-424b-9868-57a2d4851a1d" />
    <TestEntry testId="15d6574d-7c44-73f1-3648-2e5723fc5031" executionId="271ff33e-4c81-4e68-8296-7e40b5cabcf5" testListId="8c84fa94-04c1-424b-9868-57a2d4851a1d" />
    <TestEntry testId="408cbcb7-a427-bc13-f24e-9be77f3e31b5" executionId="0d164946-4cd0-4148-9251-93f0bdd1d550" testListId="8c84fa94-04c1-424b-9868-57a2d4851a1d" />
    <TestEntry testId="11a1f07d-5698-5d76-f766-a3de30b2458c" executionId="ec654cf0-ae85-4792-849c-5c467d4101e6" testListId="8c84fa94-04c1-424b-9868-57a2d4851a1d" />
    <TestEntry testId="3327ea62-f054-f068-81b8-51dd79e2c35d" executionId="836a2902-7fdb-4f9e-803a-ea826e64b819" testListId="8c84fa94-04c1-424b-9868-57a2d4851a1d" />
    <TestEntry testId="bbde45dd-23ed-eca3-85d3-bc826d10e09e" executionId="1a49763b-f7e0-4327-9210-4bf83bfc95c4" testListId="8c84fa94-04c1-424b-9868-57a2d4851a1d" />
  </TestEntries>
  <TestLists>
    <TestList name="Results Not in a List" id="8c84fa94-04c1-424b-9868-57a2d4851a1d" />
    <TestList name="All Loaded Results" id="19431567-8539-422a-85d7-44ee4e166bda" />
  </TestLists>
  <ResultSummary outcome="Completed">
    <Counters total="16" executed="16" passed="16" failed="0" error="0" timeout="0" aborted="0" inconclusive="0" passedButRunAborted="0" notRunnable="0" notExecuted="0" disconnected="0" warning="0" completed="0" inProgress="0" pending="0" />
  </ResultSummary>
</TestRun>