<?xml version="1.0" encoding="utf-8"?>
<TestRun id="235b5498-ba87-48ac-bd58-a39bb61f1006" name="DKSR-EFI-06$@DKSR-EFI-06 2024-01-09 15:44:35" runUser="NT AUTHORITY\NETWORK SERVICE" xmlns="http://microsoft.com/schemas/VisualStudio/TeamTest/2010">
  <Times creation="2024-01-09T15:44:35.4980643+01:00" queuing="2024-01-09T15:44:35.4980643+01:00" start="2024-01-09T15:44:34.4043121+01:00" finish="2024-01-09T15:45:36.4356705+01:00" />
  <TestSettings name="default" id="a82c2f35-10df-4910-807d-18f78ec49968">
    <Deployment runDeploymentRoot="DKSR-EFI-06$_DKSR-EFI-06_2024-01-09_15_44_35" />
  </TestSettings>
  <Results>
    <UnitTestResult executionId="6ab9da7d-cf5f-472c-80f2-287595568a75" testId="58726c6a-bc9e-1473-52db-f67a99b0a77c" testName="TestEndiansInvertor" computerName="DKSR-EFI-06" duration="00:00:00.0053098" startTime="2024-01-09T15:44:36.1855593+01:00" endTime="2024-01-09T15:44:36.1855593+01:00" testType="13cdc9d9-ddb5-4fa4-a97d-d965ccfc6d4b" outcome="Passed" testListId="8c84fa94-04c1-424b-9868-57a2d4851a1d" relativeResultsDirectory="6ab9da7d-cf5f-472c-80f2-287595568a75" />
    <UnitTestResult executionId="83fafd1b-baad-464b-8acb-bd653d48f895" testId="14b8a7cd-79ce-4e6f-af21-af206fe43965" testName="TestCameraIdComparer" computerName="DKSR-EFI-06" duration="00:00:00.0006113" startTime="2024-01-09T15:45:11.1387593+01:00" endTime="2024-01-09T15:45:11.1387593+01:00" testType="13cdc9d9-ddb5-4fa4-a97d-d965ccfc6d4b" outcome="Passed" testListId="8c84fa94-04c1-424b-9868-57a2d4851a1d" relativeResultsDirectory="83fafd1b-baad-464b-8acb-bd653d48f895" />
    <UnitTestResult executionId="a5849590-beac-4a0d-9f12-35eef9b9b939" testId="ddec7fd3-9756-87e5-6c93-afc0e067c8a2" testName="TestThreadSafeCircularQueue" computerName="DKSR-EFI-06" duration="00:00:00.0040285" startTime="2024-01-09T15:44:36.2324393+01:00" endTime="2024-01-09T15:44:36.2324393+01:00" testType="13cdc9d9-ddb5-4fa4-a97d-d965ccfc6d4b" outcome="Passed" testListId="8c84fa94-04c1-424b-9868-57a2d4851a1d" relativeResultsDirectory="a5849590-beac-4a0d-9f12-35eef9b9b939" />
    <UnitTestResult executionId="df8ee47c-33b2-4035-8c96-0708f481c45f" testId="111fd9a1-818b-d976-4c60-8d8c07fd57b0" testName="TestConfigurationSubItem" computerName="DKSR-EFI-06" duration="00:00:00.0152812" startTime="2024-01-09T15:45:11.0450098+01:00" endTime="2024-01-09T15:45:11.0606343+01:00" testType="13cdc9d9-ddb5-4fa4-a97d-d965ccfc6d4b" outcome="Passed" testListId="8c84fa94-04c1-424b-9868-57a2d4851a1d" relativeResultsDirectory="df8ee47c-33b2-4035-8c96-0708f481c45f" />
    <UnitTestResult executionId="adfedd5f-1900-459a-9d2d-f08cdf72ca0a" testId="c2b34343-7494-5f79-4ede-e1c28165ae50" testName="TestCommandIndependentLongParams" computerName="DKSR-EFI-06" duration="00:00:00.0004824" startTime="2024-01-09T15:45:11.0137593+01:00" endTime="2024-01-09T15:45:11.0137593+01:00" testType="13cdc9d9-ddb5-4fa4-a97d-d965ccfc6d4b" outcome="Passed" testListId="8c84fa94-04c1-424b-9868-57a2d4851a1d" relativeResultsDirectory="adfedd5f-1900-459a-9d2d-f08cdf72ca0a" />
    <UnitTestResult executionId="1b2728b3-ffd2-48ee-931f-7348e15a2711" testId="bfbf93f1-fab0-2818-fd13-827b68f238a8" testName="TestIntEnumConverter" computerName="DKSR-EFI-06" duration="00:00:00.0008757" startTime="2024-01-09T15:44:36.2324393+01:00" endTime="2024-01-09T15:44:36.2324393+01:00" testType="13cdc9d9-ddb5-4fa4-a97d-d965ccfc6d4b" outcome="Passed" testListId="8c84fa94-04c1-424b-9868-57a2d4851a1d" relativeResultsDirectory="1b2728b3-ffd2-48ee-931f-7348e15a2711" />
    <UnitTestResult executionId="33cd7903-edfc-4195-a606-22361a3406af" testId="86279d59-8111-eebc-0ffc-991c62040942" testName="CreateWithSingleItemId" computerName="DKSR-EFI-06" duration="00:00:00.0242553" startTime="2024-01-09T15:44:35.5293127+01:00" endTime="2024-01-09T15:44:35.5605617+01:00" testType="13cdc9d9-ddb5-4fa4-a97d-d965ccfc6d4b" outcome="Passed" testListId="8c84fa94-04c1-424b-9868-57a2d4851a1d" relativeResultsDirectory="33cd7903-edfc-4195-a606-22361a3406af" />
    <UnitTestResult executionId="cc86d8f0-0806-4609-9958-d932fb2a3c91" testId="e758a702-5ae2-aff8-5e65-773daf4a80d3" testName="TestCommandSpecificLongParams" computerName="DKSR-EFI-06" duration="00:00:00.0005100" startTime="2024-01-09T15:45:11.0137593+01:00" endTime="2024-01-09T15:45:11.0137593+01:00" testType="13cdc9d9-ddb5-4fa4-a97d-d965ccfc6d4b" outcome="Passed" testListId="8c84fa94-04c1-424b-9868-57a2d4851a1d" relativeResultsDirectory="cc86d8f0-0806-4609-9958-d932fb2a3c91" />
    <UnitTestResult executionId="4fa80200-fce1-4e61-be58-36abff4339ca" testId="c39bcd4d-06bf-fa86-a9ef-551e745d994b" testName="TestBinaryFrameHeaderHelperReadWrite" computerName="DKSR-EFI-06" duration="00:00:00.0321061" startTime="2024-01-09T15:44:35.7168094+01:00" endTime="2024-01-09T15:44:35.7636878+01:00" testType="13cdc9d9-ddb5-4fa4-a97d-d965ccfc6d4b" outcome="Passed" testListId="8c84fa94-04c1-424b-9868-57a2d4851a1d" relativeResultsDirectory="4fa80200-fce1-4e61-be58-36abff4339ca" />
    <UnitTestResult executionId="05a6da32-bbd2-4129-afa0-b0bf819a0fcb" testId="1b71fbfb-1d25-036e-a9a8-f29fc1dd1e0f" testName="TestMovingWindowAverage" computerName="DKSR-EFI-06" duration="00:00:00.0029497" startTime="2024-01-09T15:44:38.0762511+01:00" endTime="2024-01-09T15:44:38.0762511+01:00" testType="13cdc9d9-ddb5-4fa4-a97d-d965ccfc6d4b" outcome="Passed" testListId="8c84fa94-04c1-424b-9868-57a2d4851a1d" relativeResultsDirectory="05a6da32-bbd2-4129-afa0-b0bf819a0fcb" />
    <UnitTestResult executionId="6ba5d8ef-b5e3-4b36-a2cd-18478278334d" testId="6a530ae9-7ba9-cbb9-980a-bf7fe4cc9964" testName="NotifiedDevicesConfiguration_UnitTest" computerName="DKSR-EFI-06" duration="00:00:00.0021595" startTime="2024-01-09T15:45:11.2481342+01:00" endTime="2024-01-09T15:45:11.2481342+01:00" testType="13cdc9d9-ddb5-4fa4-a97d-d965ccfc6d4b" outcome="Passed" testListId="8c84fa94-04c1-424b-9868-57a2d4851a1d" relativeResultsDirectory="6ba5d8ef-b5e3-4b36-a2cd-18478278334d" />
    <UnitTestResult executionId="b9ef2ea6-16b2-4525-b206-5a484716dfdb" testId="4d240a73-de66-3751-d3db-97cdaa89d838" testName="TestJobActionTaskWorkerException" computerName="DKSR-EFI-06" duration="00:00:00.0004666" startTime="2024-01-09T15:44:38.0762511+01:00" endTime="2024-01-09T15:44:38.0762511+01:00" testType="13cdc9d9-ddb5-4fa4-a97d-d965ccfc6d4b" outcome="Passed" testListId="8c84fa94-04c1-424b-9868-57a2d4851a1d" relativeResultsDirectory="b9ef2ea6-16b2-4525-b206-5a484716dfdb" />
    <UnitTestResult executionId="69a04801-8996-4dd9-a422-a30d1c1c30be" testId="5b751b2e-856c-cd39-f9a0-5d2464051690" testName="TestCheckGetAccessControlDoorParamsOnMaskAll" computerName="DKSR-EFI-06" duration="00:00:00.0004461" startTime="2024-01-09T15:44:35.9980625+01:00" endTime="2024-01-09T15:44:35.9980625+01:00" testType="13cdc9d9-ddb5-4fa4-a97d-d965ccfc6d4b" outcome="Passed" testListId="8c84fa94-04c1-424b-9868-57a2d4851a1d" relativeResultsDirectory="69a04801-8996-4dd9-a422-a30d1c1c30be" />
    <UnitTestResult executionId="8005e6e1-83a7-4958-a1f2-9831cd75ca7c" testId="5c1d61db-f33c-9b32-eede-f14362ba4579" testName="TestBinaryFrameGeneratorFromVideoParams" computerName="DKSR-EFI-06" duration="00:00:00.0054090" startTime="2024-01-09T15:44:35.7168094+01:00" endTime="2024-01-09T15:44:35.7168094+01:00" testType="13cdc9d9-ddb5-4fa4-a97d-d965ccfc6d4b" outcome="Passed" testListId="8c84fa94-04c1-424b-9868-57a2d4851a1d" relativeResultsDirectory="8005e6e1-83a7-4958-a1f2-9831cd75ca7c" />
    <UnitTestResult executionId="0cee0dc1-c927-464f-8a58-47e757111812" testId="161e64d9-7a81-8e7e-35d3-2f79e1e525ce" testName="TestStateChanger" computerName="DKSR-EFI-06" duration="00:00:00.0000895" startTime="2024-01-09T15:44:36.2324393+01:00" endTime="2024-01-09T15:44:36.2324393+01:00" testType="13cdc9d9-ddb5-4fa4-a97d-d965ccfc6d4b" outcome="Passed" testListId="8c84fa94-04c1-424b-9868-57a2d4851a1d" relativeResultsDirectory="0cee0dc1-c927-464f-8a58-47e757111812" />
    <UnitTestResult executionId="0e287938-1b74-4a96-9d30-ecdd054b6085" testId="d08607db-5010-a5a4-3520-9667bab4d8f0" testName="TestGetAllCamerasListShouldAddCamerasIn" computerName="DKSR-EFI-06" duration="00:00:00.0052291" startTime="2024-01-09T15:44:35.4824373+01:00" endTime="2024-01-09T15:44:35.4824373+01:00" testType="13cdc9d9-ddb5-4fa4-a97d-d965ccfc6d4b" outcome="Passed" testListId="8c84fa94-04c1-424b-9868-57a2d4851a1d" relativeResultsDirectory="0e287938-1b74-4a96-9d30-ecdd054b6085" />
    <UnitTestResult executionId="e74e820d-e00d-493b-8674-efd8dff8f540" testId="ad21d145-1412-b355-068a-b8db9dd9e247" testName="SafeExcept_CustomComparer_ElementNotInResult" computerName="DKSR-EFI-06" duration="00:00:00.0003307" startTime="2024-01-09T15:44:36.1855593+01:00" endTime="2024-01-09T15:44:36.1855593+01:00" testType="13cdc9d9-ddb5-4fa4-a97d-d965ccfc6d4b" outcome="Passed" testListId="8c84fa94-04c1-424b-9868-57a2d4851a1d" relativeResultsDirectory="e74e820d-e00d-493b-8674-efd8dff8f540" />
    <UnitTestResult executionId="9df2ac03-29ef-48e4-8dcb-953123cdd7e9" testId="d3e35bc9-f64e-53bf-5543-f2ab05205041" testName="TestSsdpMessageByeByeT" computerName="DKSR-EFI-06" duration="00:00:00.0016338" startTime="2024-01-09T15:45:10.7012588+01:00" endTime="2024-01-09T15:45:10.7012588+01:00" testType="13cdc9d9-ddb5-4fa4-a97d-d965ccfc6d4b" outcome="Passed" testListId="8c84fa94-04c1-424b-9868-57a2d4851a1d" relativeResultsDirectory="9df2ac03-29ef-48e4-8dcb-953123cdd7e9" />
    <UnitTestResult executionId="f07cf999-b723-4ca5-8451-7f7a2d3f791a" testId="78ba480a-3af6-ec65-672b-f3c1348c9328" testName="TestVideoDataHelperDisposeFrameOnStreamDatas" computerName="DKSR-EFI-06" duration="00:00:00.0012696" startTime="2024-01-09T15:44:35.5293127+01:00" endTime="2024-01-09T15:44:35.5293127+01:00" testType="13cdc9d9-ddb5-4fa4-a97d-d965ccfc6d4b" outcome="Passed" testListId="8c84fa94-04c1-424b-9868-57a2d4851a1d" relativeResultsDirectory="f07cf999-b723-4ca5-8451-7f7a2d3f791a" />
    <UnitTestResult executionId="ca163e18-c7ad-43ea-9cd9-4673d6928c1d" testId="eb1eb2f6-d0f4-539d-2fca-1d76573bf07f" testName="TestCorrectCamerasMethod" computerName="DKSR-EFI-06" duration="00:00:00.0089842" startTime="2024-01-09T15:45:11.0918846+01:00" endTime="2024-01-09T15:45:11.0918846+01:00" testType="13cdc9d9-ddb5-4fa4-a97d-d965ccfc6d4b" outcome="Passed" testListId="8c84fa94-04c1-424b-9868-57a2d4851a1d" relativeResultsDirectory="ca163e18-c7ad-43ea-9cd9-4673d6928c1d" />
    <UnitTestResult executionId="b612545c-1183-4e20-84c4-96ac89fd648f" testId="c2dfb93e-753a-4c0f-dd1d-3f3cc8d0d4aa" testName="TestCycleThreadMember" computerName="DKSR-EFI-06" duration="00:00:00.0998816" startTime="2024-01-09T15:44:36.0293123+01:00" endTime="2024-01-09T15:44:36.1230609+01:00" testType="13cdc9d9-ddb5-4fa4-a97d-d965ccfc6d4b" outcome="Passed" testListId="8c84fa94-04c1-424b-9868-57a2d4851a1d" relativeResultsDirectory="b612545c-1183-4e20-84c4-96ac89fd648f" />
    <UnitTestResult executionId="bba56a97-6b3b-4186-b7bc-efbe7724cfb4" testId="4c05ef39-80f2-3140-6a5a-1fbdd2aa58a5" testName="TestDescendantsAndSelf" computerName="DKSR-EFI-06" duration="00:00:00.0010213" startTime="2024-01-09T15:44:35.4824373+01:00" endTime="2024-01-09T15:44:35.4824373+01:00" testType="13cdc9d9-ddb5-4fa4-a97d-d965ccfc6d4b" outcome="Passed" testListId="8c84fa94-04c1-424b-9868-57a2d4851a1d" relativeResultsDirectory="bba56a97-6b3b-4186-b7bc-efbe7724cfb4" />
    <UnitTestResult executionId="3af8b806-e856-4b4d-9ee0-2826bf21c8df" testId="2a6a8c71-b96f-470a-d8fd-04efb636e9ad" testName="SerializableHeartBeatResponseUnitTest" computerName="DKSR-EFI-06" duration="00:00:00.0056336" startTime="2024-01-09T15:45:11.2481342+01:00" endTime="2024-01-09T15:45:11.2481342+01:00" testType="13cdc9d9-ddb5-4fa4-a97d-d965ccfc6d4b" outcome="Passed" testListId="8c84fa94-04c1-424b-9868-57a2d4851a1d" relativeResultsDirectory="3af8b806-e856-4b4d-9ee0-2826bf21c8df" />
    <UnitTestResult executionId="b32c5fef-9614-4fa4-92c5-5d436a1f3885" testId="20f3a11e-1aea-075d-75a5-254afb514c4f" testName="TestEqualityHelper" computerName="DKSR-EFI-06" duration="00:00:00.0044329" startTime="2024-01-09T15:44:36.2324393+01:00" endTime="2024-01-09T15:44:36.2324393+01:00" testType="13cdc9d9-ddb5-4fa4-a97d-d965ccfc6d4b" outcome="Passed" testListId="8c84fa94-04c1-424b-9868-57a2d4851a1d" relativeResultsDirectory="b32c5fef-9614-4fa4-92c5-5d436a1f3885" />
    <UnitTestResult executionId="0fa1f4e8-32a4-4520-931f-8358df2216af" testId="2e11b3fa-179c-6307-54b4-bbf4e9d5b5b7" testName="TestNoLongParams" computerName="DKSR-EFI-06" duration="00:00:00.0683928" startTime="2024-01-09T15:45:10.9356323+01:00" endTime="2024-01-09T15:45:10.9981339+01:00" testType="13cdc9d9-ddb5-4fa4-a97d-d965ccfc6d4b" outcome="Passed" testListId="8c84fa94-04c1-424b-9868-57a2d4851a1d" relativeResultsDirectory="0fa1f4e8-32a4-4520-931f-8358df2216af" />
    <UnitTestResult executionId="c0af1321-ee2f-4f16-bbdd-67704cd20ede" testId="d4f13f08-1e5d-5742-38da-b2ce0c941164" testName="TestGetAccessControlDoorsParamsConvertToCommand" computerName="DKSR-EFI-06" duration="00:00:00.0023261" startTime="2024-01-09T15:44:36.0136856+01:00" endTime="2024-01-09T15:44:36.0136856+01:00" testType="13cdc9d9-ddb5-4fa4-a97d-d965ccfc6d4b" outcome="Passed" testListId="8c84fa94-04c1-424b-9868-57a2d4851a1d" relativeResultsDirectory="c0af1321-ee2f-4f16-bbdd-67704cd20ede" />
    <UnitTestResult executionId="c5647e9f-df4d-41e1-a60f-a42888572f45" testId="b4229464-56aa-0cd2-1d2e-ff90378406ec" testName="TestDHEncryption" computerName="DKSR-EFI-06" duration="00:00:00.0830757" startTime="2024-01-09T15:45:11.2950083+01:00" endTime="2024-01-09T15:45:11.3887576+01:00" testType="13cdc9d9-ddb5-4fa4-a97d-d965ccfc6d4b" outcome="Passed" testListId="8c84fa94-04c1-424b-9868-57a2d4851a1d" relativeResultsDirectory="c5647e9f-df4d-41e1-a60f-a42888572f45" />
    <UnitTestResult executionId="bb66abaa-76a6-444e-bf59-be5dccd1110b" testId="b976c887-f225-549a-c2c0-9b1455428762" testName="TestInitFromStreamInfoHeader" computerName="DKSR-EFI-06" duration="00:00:00.0048592" startTime="2024-01-09T15:44:35.9980625+01:00" endTime="2024-01-09T15:44:35.9980625+01:00" testType="13cdc9d9-ddb5-4fa4-a97d-d965ccfc6d4b" outcome="Passed" testListId="8c84fa94-04c1-424b-9868-57a2d4851a1d" relativeResultsDirectory="bb66abaa-76a6-444e-bf59-be5dccd1110b" />
    <UnitTestResult executionId="7779e7f1-0177-4631-b07a-bdacdb278602" testId="bcf36bf8-26ae-d467-b963-c0af84b8f958" testName="TestInvitationsParamsForAbsUsage" computerName="DKSR-EFI-06" duration="00:00:00.0005665" startTime="2024-01-09T15:44:35.6230619+01:00" endTime="2024-01-09T15:44:35.6230619+01:00" testType="13cdc9d9-ddb5-4fa4-a97d-d965ccfc6d4b" outcome="Passed" testListId="8c84fa94-04c1-424b-9868-57a2d4851a1d" relativeResultsDirectory="7779e7f1-0177-4631-b07a-bdacdb278602" />
    <UnitTestResult executionId="312827a3-8e02-463a-b40a-32a32377ca2e" testId="bb61caef-6b87-0f2d-a721-eb68b66133ea" testName="TestBinaryFrameGeneratorStringStructures" computerName="DKSR-EFI-06" duration="00:00:00.0008883" startTime="2024-01-09T15:44:35.7168094+01:00" endTime="2024-01-09T15:44:35.7168094+01:00" testType="13cdc9d9-ddb5-4fa4-a97d-d965ccfc6d4b" outcome="Passed" testListId="8c84fa94-04c1-424b-9868-57a2d4851a1d" relativeResultsDirectory="312827a3-8e02-463a-b40a-32a32377ca2e" />
    <UnitTestResult executionId="5c002b15-558e-4264-b4db-33dc948433bf" testId="985cc37d-f396-fb1f-8fa8-02590a4133b3" testName="CreateWithMultipleItemIdNodesContainsInvalid" computerName="DKSR-EFI-06" duration="00:00:00.0006470" startTime="2024-01-09T15:44:35.5605617+01:00" endTime="2024-01-09T15:44:35.5605617+01:00" testType="13cdc9d9-ddb5-4fa4-a97d-d965ccfc6d4b" outcome="Passed" testListId="8c84fa94-04c1-424b-9868-57a2d4851a1d" relativeResultsDirectory="5c002b15-558e-4264-b4db-33dc948433bf" />
    <UnitTestResult executionId="770edc02-5806-416b-a247-4038437337f9" testId="2f3a2e7a-ff1e-f0d8-6d64-791c57383262" testName="TestUseridentityParams" computerName="DKSR-EFI-06" duration="00:00:00.0013699" startTime="2024-01-09T15:44:35.7011867+01:00" endTime="2024-01-09T15:44:35.7168094+01:00" testType="13cdc9d9-ddb5-4fa4-a97d-d965ccfc6d4b" outcome="Passed" testListId="8c84fa94-04c1-424b-9868-57a2d4851a1d" relativeResultsDirectory="770edc02-5806-416b-a247-4038437337f9" />
    <UnitTestResult executionId="946e2049-b8e5-4a02-8dcc-5690f3de0a29" testId="94356bfd-e65e-fc3a-793e-6a43b5c6900e" testName="SerializableAccessControlEventTypeUnitTest" computerName="DKSR-EFI-06" duration="00:00:00.0013427" startTime="2024-01-09T15:45:11.1856350+01:00" endTime="2024-01-09T15:45:11.1856350+01:00" testType="13cdc9d9-ddb5-4fa4-a97d-d965ccfc6d4b" outcome="Passed" testListId="8c84fa94-04c1-424b-9868-57a2d4851a1d" relativeResultsDirectory="946e2049-b8e5-4a02-8dcc-5690f3de0a29" />
    <UnitTestResult executionId="311a1e19-e8ac-4c10-bc80-2ca9374c0bcf" testId="57269966-3102-651a-8999-ae19bce018b0" testName="SerializableHeartBeatUnitTest" computerName="DKSR-EFI-06" duration="00:00:00.0484198" startTime="2024-01-09T15:45:11.1856350+01:00" endTime="2024-01-09T15:45:11.2325096+01:00" testType="13cdc9d9-ddb5-4fa4-a97d-d965ccfc6d4b" outcome="Passed" testListId="8c84fa94-04c1-424b-9868-57a2d4851a1d" relativeResultsDirectory="311a1e19-e8ac-4c10-bc80-2ca9374c0bcf" />
    <UnitTestResult executionId="29258dc4-940f-4ec0-ad7b-03bdfc23d4d0" testId="d042bb42-32c7-2eba-63d7-8dcdf6002eb0" testName="SerializableAccessControlUnitTest" computerName="DKSR-EFI-06" duration="00:00:00.0264783" startTime="2024-01-09T15:45:11.1543830+01:00" endTime="2024-01-09T15:45:11.1700103+01:00" testType="13cdc9d9-ddb5-4fa4-a97d-d965ccfc6d4b" outcome="Passed" testListId="8c84fa94-04c1-424b-9868-57a2d4851a1d" relativeResultsDirectory="29258dc4-940f-4ec0-ad7b-03bdfc23d4d0" />
    <UnitTestResult executionId="03b429b4-85df-4ca0-9723-646dbb659669" testId="7f64dd3f-0264-2cb2-6535-62267b987283" testName="TestIntOperators" computerName="DKSR-EFI-06" duration="00:00:00.0005356" startTime="2024-01-09T15:44:38.0762511+01:00" endTime="2024-01-09T15:44:38.0762511+01:00" testType="13cdc9d9-ddb5-4fa4-a97d-d965ccfc6d4b" outcome="Passed" testListId="8c84fa94-04c1-424b-9868-57a2d4851a1d" relativeResultsDirectory="03b429b4-85df-4ca0-9723-646dbb659669" />
    <UnitTestResult executionId="f17d5845-76c5-4fa1-9e0f-ad7ec2351cb2" testId="faeb832b-d6f9-7e26-be4d-fbf5dc7d77ac" testName="TestCameraRelatedIdsEqualityComparer" computerName="DKSR-EFI-06" duration="00:00:00.0029607" startTime="2024-01-09T15:44:35.5918705+01:00" endTime="2024-01-09T15:44:35.5918705+01:00" testType="13cdc9d9-ddb5-4fa4-a97d-d965ccfc6d4b" outcome="Passed" testListId="8c84fa94-04c1-424b-9868-57a2d4851a1d" relativeResultsDirectory="f17d5845-76c5-4fa1-9e0f-ad7ec2351cb2" />
    <UnitTestResult executionId="ae197538-ce69-4d28-9556-4cbd1ea85c73" testId="f6e59dd2-e29f-81d2-4bc1-fe2669831c3a" testName="TestBufferSizeDeterminer" computerName="DKSR-EFI-06" duration="00:00:00.0006238" startTime="2024-01-09T15:44:36.0293123+01:00" endTime="2024-01-09T15:44:36.0293123+01:00" testType="13cdc9d9-ddb5-4fa4-a97d-d965ccfc6d4b" outcome="Passed" testListId="8c84fa94-04c1-424b-9868-57a2d4851a1d" relativeResultsDirectory="ae197538-ce69-4d28-9556-4cbd1ea85c73" />
    <UnitTestResult executionId="954df28c-b666-43b9-b251-8c86f2fd9b10" testId="04ce3062-f9f7-3263-c0c0-097376be0781" testName="TestMaxPublicKeyLength" computerName="DKSR-EFI-06" duration="00:00:04.6347643" startTime="2024-01-09T15:45:11.3887576+01:00" endTime="2024-01-09T15:45:16.0137761+01:00" testType="13cdc9d9-ddb5-4fa4-a97d-d965ccfc6d4b" outcome="Passed" testListId="8c84fa94-04c1-424b-9868-57a2d4851a1d" relativeResultsDirectory="954df28c-b666-43b9-b251-8c86f2fd9b10" />
    <UnitTestResult executionId="295c6eb1-1f70-4b50-98cc-c31bad60051a" testId="aacb5add-5408-6d53-2d8a-e65eaf1fe43d" testName="SerializableAccessControlDoorUnitTest" computerName="DKSR-EFI-06" duration="00:00:00.0071264" startTime="2024-01-09T15:45:11.1700103+01:00" endTime="2024-01-09T15:45:11.1856350+01:00" testType="13cdc9d9-ddb5-4fa4-a97d-d965ccfc6d4b" outcome="Passed" testListId="8c84fa94-04c1-424b-9868-57a2d4851a1d" relativeResultsDirectory="295c6eb1-1f70-4b50-98cc-c31bad60051a" />
    <UnitTestResult executionId="d59fc505-1221-4f3f-9afe-1d8641c7ea02" testId="ce0cf5d8-0b61-e0f4-4651-35133d3667eb" testName="TestGbdExtensionToVideoData" computerName="DKSR-EFI-06" duration="00:00:00.0071883" startTime="2024-01-09T15:44:35.5293127+01:00" endTime="2024-01-09T15:44:35.5293127+01:00" testType="13cdc9d9-ddb5-4fa4-a97d-d965ccfc6d4b" outcome="Passed" testListId="8c84fa94-04c1-424b-9868-57a2d4851a1d" relativeResultsDirectory="d59fc505-1221-4f3f-9afe-1d8641c7ea02" />
    <UnitTestResult executionId="f834ac4b-8a5d-4972-b12a-bd5925e30071" testId="088fa787-7266-7a61-8a2f-028a21316df9" testName="TestGetAllCamerasFolder" computerName="DKSR-EFI-06" duration="00:00:00.0008548" startTime="2024-01-09T15:44:35.4824373+01:00" endTime="2024-01-09T15:44:35.4824373+01:00" testType="13cdc9d9-ddb5-4fa4-a97d-d965ccfc6d4b" outcome="Passed" testListId="8c84fa94-04c1-424b-9868-57a2d4851a1d" relativeResultsDirectory="f834ac4b-8a5d-4972-b12a-bd5925e30071" />
    <UnitTestResult executionId="a2807872-1918-479a-96fe-7977833acc6a" testId="b4ef28b6-cdc8-293f-0224-1c6b137a5b99" testName="TestCommEntryServerEndpoints" computerName="DKSR-EFI-06" duration="00:00:00.0017812" startTime="2024-01-09T15:45:11.1075096+01:00" endTime="2024-01-09T15:45:11.1075096+01:00" testType="13cdc9d9-ddb5-4fa4-a97d-d965ccfc6d4b" outcome="Passed" testListId="8c84fa94-04c1-424b-9868-57a2d4851a1d" relativeResultsDirectory="a2807872-1918-479a-96fe-7977833acc6a" />
    <UnitTestResult executionId="3f4009f9-4d76-47d7-a73a-e81b2946ec1e" testId="6e78c5cf-16c2-2b8d-54e6-9fd3676ac790" testName="TestExportParams" computerName="DKSR-EFI-06" duration="00:00:00.0297617" startTime="2024-01-09T15:45:11.0606343+01:00" endTime="2024-01-09T15:45:11.0918846+01:00" testType="13cdc9d9-ddb5-4fa4-a97d-d965ccfc6d4b" outcome="Passed" testListId="8c84fa94-04c1-424b-9868-57a2d4851a1d" relativeResultsDirectory="3f4009f9-4d76-47d7-a73a-e81b2946ec1e" />
    <UnitTestResult executionId="a5af1fa0-dbad-4f8d-b3c3-dee5b8d75b96" testId="4934fce0-f9c7-d1c6-b533-54a1f38019a3" testName="SerializableAccessControlEventCategoryUnitTest" computerName="DKSR-EFI-06" duration="00:00:00.0009691" startTime="2024-01-09T15:45:11.1856350+01:00" endTime="2024-01-09T15:45:11.1856350+01:00" testType="13cdc9d9-ddb5-4fa4-a97d-d965ccfc6d4b" outcome="Passed" testListId="8c84fa94-04c1-424b-9868-57a2d4851a1d" relativeResultsDirectory="a5af1fa0-dbad-4f8d-b3c3-dee5b8d75b96" />
    <UnitTestResult executionId="7b0fe142-1053-480a-aab7-2051c14bb0db" testId="90fec278-52b3-aaac-96f0-4ae4dccc6b62" testName="TransactionTestException" computerName="DKSR-EFI-06" duration="00:00:00.0003488" startTime="2024-01-09T15:44:37.8105620+01:00" endTime="2024-01-09T15:44:37.8105620+01:00" testType="13cdc9d9-ddb5-4fa4-a97d-d965ccfc6d4b" outcome="Passed" testListId="8c84fa94-04c1-424b-9868-57a2d4851a1d" relativeResultsDirectory="7b0fe142-1053-480a-aab7-2051c14bb0db" />
    <UnitTestResult executionId="459a1ade-ea8d-47dc-a58a-9c514f8b41fa" testId="fa52f98c-f174-759c-de37-bbacc8afc158" testName="TestForEach" computerName="DKSR-EFI-06" duration="00:00:00.0016306" startTime="2024-01-09T15:44:36.2168113+01:00" endTime="2024-01-09T15:44:36.2168113+01:00" testType="13cdc9d9-ddb5-4fa4-a97d-d965ccfc6d4b" outcome="Passed" testListId="8c84fa94-04c1-424b-9868-57a2d4851a1d" relativeResultsDirectory="459a1ade-ea8d-47dc-a58a-9c514f8b41fa" />
    <UnitTestResult executionId="b7a06c7a-a852-4e6d-966b-d70db6b69135" testId="b48dbd3c-dfb6-1256-d0a1-fea979cb4b24" testName="TestMultipleEncryptions" computerName="DKSR-EFI-06" duration="00:00:20.1844058" startTime="2024-01-09T15:45:16.0137761+01:00" endTime="2024-01-09T15:45:36.2012944+01:00" testType="13cdc9d9-ddb5-4fa4-a97d-d965ccfc6d4b" outcome="Passed" testListId="8c84fa94-04c1-424b-9868-57a2d4851a1d" relativeResultsDirectory="b7a06c7a-a852-4e6d-966b-d70db6b69135" />
    <UnitTestResult executionId="0a104e25-9a02-4899-a830-05834133fb6a" testId="4c637eac-8af0-83c2-96fa-d5da40a1ecbf" testName="TestGetItemOnExisting" computerName="DKSR-EFI-06" duration="00:00:00.0007913" startTime="2024-01-09T15:44:35.4824373+01:00" endTime="2024-01-09T15:44:35.4980643+01:00" testType="13cdc9d9-ddb5-4fa4-a97d-d965ccfc6d4b" outcome="Passed" testListId="8c84fa94-04c1-424b-9868-57a2d4851a1d" relativeResultsDirectory="0a104e25-9a02-4899-a830-05834133fb6a" />
    <UnitTestResult executionId="6c76800a-3b25-4b5e-8d59-5d30c73d9992" testId="c33e0f59-6c1e-9a47-2a3d-f87775937a1f" testName="TestToString" computerName="DKSR-EFI-06" duration="00:00:00.0010766" startTime="2024-01-09T15:44:35.4980643+01:00" endTime="2024-01-09T15:44:35.5136866+01:00" testType="13cdc9d9-ddb5-4fa4-a97d-d965ccfc6d4b" outcome="Passed" testListId="8c84fa94-04c1-424b-9868-57a2d4851a1d" relativeResultsDirectory="6c76800a-3b25-4b5e-8d59-5d30c73d9992" />
    <UnitTestResult executionId="86388f6d-59c7-489a-95bd-ecff8c078344" testId="eeb85854-37e8-5665-aac0-c94abc51fa71" testName="TestSerializableServerEndpoint" computerName="DKSR-EFI-06" duration="00:00:00.0007937" startTime="2024-01-09T15:45:11.2950083+01:00" endTime="2024-01-09T15:45:11.2950083+01:00" testType="13cdc9d9-ddb5-4fa4-a97d-d965ccfc6d4b" outcome="Passed" testListId="8c84fa94-04c1-424b-9868-57a2d4851a1d" relativeResultsDirectory="86388f6d-59c7-489a-95bd-ecff8c078344" />
    <UnitTestResult executionId="a51c236c-16f9-4f63-accf-2e1ecca0e522" testId="d85fce34-e785-c982-3019-18dd373e4281" testName="TestPlaybackParams" computerName="DKSR-EFI-06" duration="00:00:00.0216903" startTime="2024-01-09T15:44:35.6230619+01:00" endTime="2024-01-09T15:44:35.6543097+01:00" testType="13cdc9d9-ddb5-4fa4-a97d-d965ccfc6d4b" outcome="Passed" testListId="8c84fa94-04c1-424b-9868-57a2d4851a1d" relativeResultsDirectory="a51c236c-16f9-4f63-accf-2e1ecca0e522" />
    <UnitTestResult executionId="af1cd2b3-e912-44a6-a350-03d0a2e7d0ed" testId="822a696e-37f8-8bd5-996f-151cc72555e8" testName="SerializableHeartBeat_OnlyEnabled_UnitTest" computerName="DKSR-EFI-06" duration="00:00:00.0005408" startTime="2024-01-09T15:45:11.2481342+01:00" endTime="2024-01-09T15:45:11.2481342+01:00" testType="13cdc9d9-ddb5-4fa4-a97d-d965ccfc6d4b" outcome="Passed" testListId="8c84fa94-04c1-424b-9868-57a2d4851a1d" relativeResultsDirectory="af1cd2b3-e912-44a6-a350-03d0a2e7d0ed" />
    <UnitTestResult executionId="37dbdccb-3458-4471-8d51-aa7dfa9e8cce" testId="f0007ce0-8bd3-7f11-e3c5-e4a0a5231a62" testName="TestJobPoolSyncMode" computerName="DKSR-EFI-06" duration="00:00:00.0011470" startTime="2024-01-09T15:44:37.8105620+01:00" endTime="2024-01-09T15:44:37.8105620+01:00" testType="13cdc9d9-ddb5-4fa4-a97d-d965ccfc6d4b" outcome="Passed" testListId="8c84fa94-04c1-424b-9868-57a2d4851a1d" relativeResultsDirectory="37dbdccb-3458-4471-8d51-aa7dfa9e8cce" />
    <UnitTestResult executionId="ab2d31c6-bcf7-4146-abe4-a359c5a3d2da" testId="acae0a6d-431d-f4ef-8339-e9d43c6df7d1" testName="TestGetEnabledValueOnTrue" computerName="DKSR-EFI-06" duration="00:00:00.0001703" startTime="2024-01-09T15:45:11.2950083+01:00" endTime="2024-01-09T15:45:11.2950083+01:00" testType="13cdc9d9-ddb5-4fa4-a97d-d965ccfc6d4b" outcome="Passed" testListId="8c84fa94-04c1-424b-9868-57a2d4851a1d" relativeResultsDirectory="ab2d31c6-bcf7-4146-abe4-a359c5a3d2da" />
    <UnitTestResult executionId="8ea323f6-233c-4603-987e-51457a26141a" testId="0686e183-79b0-bdb8-a32a-4f00dbb2e0fd" testName="TestBinaryFrameHeaderHelperGeneration" computerName="DKSR-EFI-06" duration="00:00:00.2259746" startTime="2024-01-09T15:44:35.7636878+01:00" endTime="2024-01-09T15:44:35.9980625+01:00" testType="13cdc9d9-ddb5-4fa4-a97d-d965ccfc6d4b" outcome="Passed" testListId="8c84fa94-04c1-424b-9868-57a2d4851a1d" relativeResultsDirectory="8ea323f6-233c-4603-987e-51457a26141a" />
    <UnitTestResult executionId="661942f8-a05b-4149-81e6-883d40cb76a6" testId="0e40ef5d-ff4b-506a-d92d-84b239d54fab" testName="TestSsdpMessageRequest" computerName="DKSR-EFI-06" duration="00:00:00.0006247" startTime="2024-01-09T15:45:10.7012588+01:00" endTime="2024-01-09T15:45:10.7012588+01:00" testType="13cdc9d9-ddb5-4fa4-a97d-d965ccfc6d4b" outcome="Passed" testListId="8c84fa94-04c1-424b-9868-57a2d4851a1d" relativeResultsDirectory="661942f8-a05b-4149-81e6-883d40cb76a6" />
    <UnitTestResult executionId="244c8198-7667-41dd-8a84-1ffa78ed2868" testId="1311da5a-fda5-a1c9-268a-8edd4c5efb09" testName="SerializableHeartBeat_DeviceState" computerName="DKSR-EFI-06" duration="00:00:00.0013599" startTime="2024-01-09T15:45:11.2325096+01:00" endTime="2024-01-09T15:45:11.2481342+01:00" testType="13cdc9d9-ddb5-4fa4-a97d-d965ccfc6d4b" outcome="Passed" testListId="8c84fa94-04c1-424b-9868-57a2d4851a1d" relativeResultsDirectory="244c8198-7667-41dd-8a84-1ffa78ed2868" />
    <UnitTestResult executionId="968889c0-7f42-46e7-9d0a-0292106788e3" testId="13711fab-d288-81f4-624e-784e8b729671" testName="TestBookmarkParams" computerName="DKSR-EFI-06" duration="00:00:00.0190649" startTime="2024-01-09T15:44:35.5761872+01:00" endTime="2024-01-09T15:44:35.5918705+01:00" testType="13cdc9d9-ddb5-4fa4-a97d-d965ccfc6d4b" outcome="Passed" testListId="8c84fa94-04c1-424b-9868-57a2d4851a1d" relativeResultsDirectory="968889c0-7f42-46e7-9d0a-0292106788e3" />
    <UnitTestResult executionId="ff0bc31b-8d2c-44d0-b0a3-5ebce55be55b" testId="75ba35ab-f32e-6a13-2508-731a33a7843b" testName="TestInvestigationEntryImplementer" computerName="DKSR-EFI-06" duration="00:00:00.0105927" startTime="2024-01-09T15:45:11.1387593+01:00" endTime="2024-01-09T15:45:11.1543830+01:00" testType="13cdc9d9-ddb5-4fa4-a97d-d965ccfc6d4b" outcome="Passed" testListId="8c84fa94-04c1-424b-9868-57a2d4851a1d" relativeResultsDirectory="ff0bc31b-8d2c-44d0-b0a3-5ebce55be55b" />
    <UnitTestResult executionId="e12e9a78-0cca-404d-adeb-53342e088ac2" testId="89640082-0a30-3dd8-3f2f-5c39684c5e90" testName="TestArrayHelper" computerName="DKSR-EFI-06" duration="00:00:00.0006834" startTime="2024-01-09T15:44:36.0136856+01:00" endTime="2024-01-09T15:44:36.0293123+01:00" testType="13cdc9d9-ddb5-4fa4-a97d-d965ccfc6d4b" outcome="Passed" testListId="8c84fa94-04c1-424b-9868-57a2d4851a1d" relativeResultsDirectory="e12e9a78-0cca-404d-adeb-53342e088ac2" />
    <UnitTestResult executionId="bd6115cf-cd56-4fb4-ad7b-a4e2691a97bb" testId="5435b94d-faee-7b4b-de82-87c597bb2efb" testName="TestAggregation" computerName="DKSR-EFI-06" duration="00:00:00.0025440" startTime="2024-01-09T15:44:37.7793146+01:00" endTime="2024-01-09T15:44:37.7793146+01:00" testType="13cdc9d9-ddb5-4fa4-a97d-d965ccfc6d4b" outcome="Passed" testListId="8c84fa94-04c1-424b-9868-57a2d4851a1d" relativeResultsDirectory="bd6115cf-cd56-4fb4-ad7b-a4e2691a97bb" />
    <UnitTestResult executionId="87fccdea-1d94-40b1-b8e6-6e897c8f58c6" testId="58937d47-220c-3484-384f-890c4a791e26" testName="TestAudioDataInitFromByteArray" computerName="DKSR-EFI-06" duration="00:00:00.0057562" startTime="2024-01-09T15:44:35.5136866+01:00" endTime="2024-01-09T15:44:35.5293127+01:00" testType="13cdc9d9-ddb5-4fa4-a97d-d965ccfc6d4b" outcome="Passed" testListId="8c84fa94-04c1-424b-9868-57a2d4851a1d" relativeResultsDirectory="87fccdea-1d94-40b1-b8e6-6e897c8f58c6" />
    <UnitTestResult executionId="e2bbae1d-65ae-4db4-b31a-b9d2faeae212" testId="e7f40bb5-08e8-d565-f9ad-935a5f43d4a7" testName="TestJobPoolAsyncMode" computerName="DKSR-EFI-06" duration="00:00:00.2192411" startTime="2024-01-09T15:44:37.8574361+01:00" endTime="2024-01-09T15:44:38.0762511+01:00" testType="13cdc9d9-ddb5-4fa4-a97d-d965ccfc6d4b" outcome="Passed" testListId="8c84fa94-04c1-424b-9868-57a2d4851a1d" relativeResultsDirectory="e2bbae1d-65ae-4db4-b31a-b9d2faeae212" />
    <UnitTestResult executionId="aa8f7726-5d8f-43d3-adcb-efc44e085346" testId="10692c8f-170f-17ba-0244-e17436dd90c8" testName="TestGetDescription" computerName="DKSR-EFI-06" duration="00:00:00.0003890" startTime="2024-01-09T15:44:36.2168113+01:00" endTime="2024-01-09T15:44:36.2168113+01:00" testType="13cdc9d9-ddb5-4fa4-a97d-d965ccfc6d4b" outcome="Passed" testListId="8c84fa94-04c1-424b-9868-57a2d4851a1d" relativeResultsDirectory="aa8f7726-5d8f-43d3-adcb-efc44e085346" />
    <UnitTestResult executionId="7a424e2d-9951-4910-afc3-c61a2655cd89" testId="017c6a55-bd87-2611-27f5-a3ead912a17a" testName="TestStringStringFactory" computerName="DKSR-EFI-06" duration="00:00:00.0002735" startTime="2024-01-09T15:45:11.2950083+01:00" endTime="2024-01-09T15:45:11.2950083+01:00" testType="13cdc9d9-ddb5-4fa4-a97d-d965ccfc6d4b" outcome="Passed" testListId="8c84fa94-04c1-424b-9868-57a2d4851a1d" relativeResultsDirectory="7a424e2d-9951-4910-afc3-c61a2655cd89" />
    <UnitTestResult executionId="4fe1f820-b407-4cb1-a88f-428c16cd6bd4" testId="552f84fc-877c-417f-6cc9-2a55bcdcd9d2" testName="TestTimeConverter" computerName="DKSR-EFI-06" duration="00:00:00.0001670" startTime="2024-01-09T15:44:36.2480615+01:00" endTime="2024-01-09T15:44:36.2480615+01:00" testType="13cdc9d9-ddb5-4fa4-a97d-d965ccfc6d4b" outcome="Passed" testListId="8c84fa94-04c1-424b-9868-57a2d4851a1d" relativeResultsDirectory="4fe1f820-b407-4cb1-a88f-428c16cd6bd4" />
    <UnitTestResult executionId="53447801-cc04-42ba-bc09-b2c0046d1f11" testId="0a659cdb-4b24-c7fd-2564-df86df181d7e" testName="TestConvertTo" computerName="DKSR-EFI-06" duration="00:00:00.0016878" startTime="2024-01-09T15:44:35.9980625+01:00" endTime="2024-01-09T15:44:35.9980625+01:00" testType="13cdc9d9-ddb5-4fa4-a97d-d965ccfc6d4b" outcome="Passed" testListId="8c84fa94-04c1-424b-9868-57a2d4851a1d" relativeResultsDirectory="53447801-cc04-42ba-bc09-b2c0046d1f11" />
    <UnitTestResult executionId="4b2a2706-8011-4b22-8a41-27686e1e261e" testId="75ef9b64-318e-277a-5c0b-b16ba1eb42b4" testName="ProxyItemManagerTest" computerName="DKSR-EFI-06" duration="00:00:00.0087932" startTime="2024-01-09T15:44:37.8105620+01:00" endTime="2024-01-09T15:44:37.8105620+01:00" testType="13cdc9d9-ddb5-4fa4-a97d-d965ccfc6d4b" outcome="Passed" testListId="8c84fa94-04c1-424b-9868-57a2d4851a1d" relativeResultsDirectory="4b2a2706-8011-4b22-8a41-27686e1e261e" />
    <UnitTestResult executionId="a97610cc-784a-4d09-a708-1a4d8017d068" testId="3443f331-0139-71b1-c7d5-4d2e145f43ba" testName="TestDeserializeOnSerializedMockObject" computerName="DKSR-EFI-06" duration="00:00:00.0013491" startTime="2024-01-09T15:45:11.0293837+01:00" endTime="2024-01-09T15:45:11.0293837+01:00" testType="13cdc9d9-ddb5-4fa4-a97d-d965ccfc6d4b" outcome="Passed" testListId="8c84fa94-04c1-424b-9868-57a2d4851a1d" relativeResultsDirectory="a97610cc-784a-4d09-a708-1a4d8017d068" />
    <UnitTestResult executionId="a45db0ef-d5b3-41a6-aadc-d0db9aab1808" testId="6f7ed4fb-1060-782a-b298-b4c417f37ee3" testName="TestUpnpDeviceDescription" computerName="DKSR-EFI-06" duration="00:00:00.0400335" startTime="2024-01-09T15:45:10.6543833+01:00" endTime="2024-01-09T15:45:10.7012588+01:00" testType="13cdc9d9-ddb5-4fa4-a97d-d965ccfc6d4b" outcome="Passed" testListId="8c84fa94-04c1-424b-9868-57a2d4851a1d" relativeResultsDirectory="a45db0ef-d5b3-41a6-aadc-d0db9aab1808" />
    <UnitTestResult executionId="10d3fe3a-1e17-4855-9d16-304dc548f964" testId="2b96f371-1acf-8624-e77d-15884ff35382" testName="TestSsdpMessageSearchResponse" computerName="DKSR-EFI-06" duration="00:00:00.0050934" startTime="2024-01-09T15:45:10.7012588+01:00" endTime="2024-01-09T15:45:10.7168818+01:00" testType="13cdc9d9-ddb5-4fa4-a97d-d965ccfc6d4b" outcome="Passed" testListId="8c84fa94-04c1-424b-9868-57a2d4851a1d" relativeResultsDirectory="10d3fe3a-1e17-4855-9d16-304dc548f964" />
    <UnitTestResult executionId="404f3cdb-20a3-45a2-a9e1-0b8c21e549e9" testId="34350c6e-6a58-0a5e-9e7c-3fb1ad99ef16" testName="TestSortSubItemShouldBeSortedByNames" computerName="DKSR-EFI-06" duration="00:00:00.0014216" startTime="2024-01-09T15:45:10.7168818+01:00" endTime="2024-01-09T15:45:10.7168818+01:00" testType="13cdc9d9-ddb5-4fa4-a97d-d965ccfc6d4b" outcome="Passed" testListId="8c84fa94-04c1-424b-9868-57a2d4851a1d" relativeResultsDirectory="404f3cdb-20a3-45a2-a9e1-0b8c21e549e9" />
    <UnitTestResult executionId="64c48108-2803-4564-98f2-85b14c8edd7d" testId="fa3d7d6b-4149-183c-3fa0-79562d022c4f" testName="TestCarouselParams" computerName="DKSR-EFI-06" duration="00:00:00.0082267" startTime="2024-01-09T15:44:35.5918705+01:00" endTime="2024-01-09T15:44:35.6074361+01:00" testType="13cdc9d9-ddb5-4fa4-a97d-d965ccfc6d4b" outcome="Passed" testListId="8c84fa94-04c1-424b-9868-57a2d4851a1d" relativeResultsDirectory="64c48108-2803-4564-98f2-85b14c8edd7d" />
    <UnitTestResult executionId="4dbb0826-a7f8-43ea-b8e9-fbb0e351017f" testId="79b02fef-775e-16e7-8733-362232a45876" testName="TestGetItemOnNotExisting" computerName="DKSR-EFI-06" duration="00:00:00.0006409" startTime="2024-01-09T15:44:35.4980643+01:00" endTime="2024-01-09T15:44:35.4980643+01:00" testType="13cdc9d9-ddb5-4fa4-a97d-d965ccfc6d4b" outcome="Passed" testListId="8c84fa94-04c1-424b-9868-57a2d4851a1d" relativeResultsDirectory="4dbb0826-a7f8-43ea-b8e9-fbb0e351017f" />
    <UnitTestResult executionId="b64853a5-1a70-4e2a-b406-fdc98609e557" testId="5b0fdc59-8289-2da3-5f29-aac347e040e3" testName="TestEncodedStringWriter" computerName="DKSR-EFI-06" duration="00:00:00.0022366" startTime="2024-01-09T15:44:36.1855593+01:00" endTime="2024-01-09T15:44:36.1855593+01:00" testType="13cdc9d9-ddb5-4fa4-a97d-d965ccfc6d4b" outcome="Passed" testListId="8c84fa94-04c1-424b-9868-57a2d4851a1d" relativeResultsDirectory="b64853a5-1a70-4e2a-b406-fdc98609e557" />
    <UnitTestResult executionId="bdf4f040-52a0-42d5-b352-7e8881fc6934" testId="f62fc6fd-d943-4e65-24c6-290750bd8039" testName="TestDefaultLongParamsValue" computerName="DKSR-EFI-06" duration="00:00:00.0003298" startTime="2024-01-09T15:45:11.0137593+01:00" endTime="2024-01-09T15:45:11.0137593+01:00" testType="13cdc9d9-ddb5-4fa4-a97d-d965ccfc6d4b" outcome="Passed" testListId="8c84fa94-04c1-424b-9868-57a2d4851a1d" relativeResultsDirectory="bdf4f040-52a0-42d5-b352-7e8881fc6934" />
    <UnitTestResult executionId="4b05fe51-ae8b-4e65-8bae-95126ebb1dd2" testId="94fd8d64-521f-0d4b-e3d7-84efc6b945b8" testName="TestSsdpMessageSearchRequest" computerName="DKSR-EFI-06" duration="00:00:00.0015065" startTime="2024-01-09T15:45:10.7012588+01:00" endTime="2024-01-09T15:45:10.7012588+01:00" testType="13cdc9d9-ddb5-4fa4-a97d-d965ccfc6d4b" outcome="Passed" testListId="8c84fa94-04c1-424b-9868-57a2d4851a1d" relativeResultsDirectory="4b05fe51-ae8b-4e65-8bae-95126ebb1dd2" />
    <UnitTestResult executionId="acad8f8b-a75e-45f8-92e1-3cf013d4a50f" testId="85c9bd99-890d-4b56-a986-96ca910d7e63" testName="TestTimeoutUpdateChecker" computerName="DKSR-EFI-06" duration="00:00:01.5083434" startTime="2024-01-09T15:44:36.2480615+01:00" endTime="2024-01-09T15:44:37.7636838+01:00" testType="13cdc9d9-ddb5-4fa4-a97d-d965ccfc6d4b" outcome="Passed" testListId="8c84fa94-04c1-424b-9868-57a2d4851a1d" relativeResultsDirectory="acad8f8b-a75e-45f8-92e1-3cf013d4a50f" />
    <UnitTestResult executionId="a463684d-c4c3-4997-a388-c94bb45565f1" testId="92b3e0d1-edc6-8b4a-00eb-2b333f2456f8" testName="TestCycleThread" computerName="DKSR-EFI-06" duration="00:00:00.0533781" startTime="2024-01-09T15:44:36.1230609+01:00" endTime="2024-01-09T15:44:36.1699379+01:00" testType="13cdc9d9-ddb5-4fa4-a97d-d965ccfc6d4b" outcome="Passed" testListId="8c84fa94-04c1-424b-9868-57a2d4851a1d" relativeResultsDirectory="a463684d-c4c3-4997-a388-c94bb45565f1" />
    <UnitTestResult executionId="a8c336e4-a7de-4609-8a89-fcbcf9440a93" testId="68124f2a-b96e-cc3f-a1bd-10161ec0e4bf" testName="TestGetVideoUpParamPerChannelName" computerName="DKSR-EFI-06" duration="00:00:00.0002564" startTime="2024-01-09T15:45:11.2950083+01:00" endTime="2024-01-09T15:45:11.2950083+01:00" testType="13cdc9d9-ddb5-4fa4-a97d-d965ccfc6d4b" outcome="Passed" testListId="8c84fa94-04c1-424b-9868-57a2d4851a1d" relativeResultsDirectory="a8c336e4-a7de-4609-8a89-fcbcf9440a93" />
    <UnitTestResult executionId="f39734ee-6c08-4060-8ad5-e13cd1ac1217" testId="897f220a-2a14-f141-becf-7d18dcd58171" testName="TestGetVersionString" computerName="DKSR-EFI-06" duration="00:00:00.0008578" startTime="2024-01-09T15:44:36.0136856+01:00" endTime="2024-01-09T15:44:36.0136856+01:00" testType="13cdc9d9-ddb5-4fa4-a97d-d965ccfc6d4b" outcome="Passed" testListId="8c84fa94-04c1-424b-9868-57a2d4851a1d" relativeResultsDirectory="f39734ee-6c08-4060-8ad5-e13cd1ac1217" />
    <UnitTestResult executionId="d9ff4103-bd70-46d6-bf73-0adaddf768b1" testId="e2294e9e-4d27-ebba-42ce-04c56ecd5174" testName="TestCommandCreateInvestigationParams" computerName="DKSR-EFI-06" duration="00:00:00.0005328" startTime="2024-01-09T15:45:11.0137593+01:00" endTime="2024-01-09T15:45:11.0137593+01:00" testType="13cdc9d9-ddb5-4fa4-a97d-d965ccfc6d4b" outcome="Passed" testListId="8c84fa94-04c1-424b-9868-57a2d4851a1d" relativeResultsDirectory="d9ff4103-bd70-46d6-bf73-0adaddf768b1" />
    <UnitTestResult executionId="287458a6-2c12-4b7d-ba70-35dc9cf3fa5a" testId="0e3504ef-04be-67aa-24a2-162eeda7ff88" testName="TestCameraExportIdSetters" computerName="DKSR-EFI-06" duration="00:00:00.0006749" startTime="2024-01-09T15:45:11.1387593+01:00" endTime="2024-01-09T15:45:11.1387593+01:00" testType="13cdc9d9-ddb5-4fa4-a97d-d965ccfc6d4b" outcome="Passed" testListId="8c84fa94-04c1-424b-9868-57a2d4851a1d" relativeResultsDirectory="287458a6-2c12-4b7d-ba70-35dc9cf3fa5a" />
    <UnitTestResult executionId="f932b1a6-f101-4de3-9f2d-e1507568158d" testId="46bedd54-55d3-41b6-ebf9-29b8aa2dcab0" testName="TestItemExistRecursivelyOnExisting" computerName="DKSR-EFI-06" duration="00:00:00.0010759" startTime="2024-01-09T15:44:35.4824373+01:00" endTime="2024-01-09T15:44:35.4824373+01:00" testType="13cdc9d9-ddb5-4fa4-a97d-d965ccfc6d4b" outcome="Passed" testListId="8c84fa94-04c1-424b-9868-57a2d4851a1d" relativeResultsDirectory="f932b1a6-f101-4de3-9f2d-e1507568158d" />
    <UnitTestResult executionId="cbbcaaf3-cbd7-4c40-974e-942bacc6e35b" testId="b026f6f8-9168-d34a-94ce-2d33b1e9f6eb" testName="TestSortChilds" computerName="DKSR-EFI-06" duration="00:00:00.0015664" startTime="2024-01-09T15:44:35.4980643+01:00" endTime="2024-01-09T15:44:35.4980643+01:00" testType="13cdc9d9-ddb5-4fa4-a97d-d965ccfc6d4b" outcome="Passed" testListId="8c84fa94-04c1-424b-9868-57a2d4851a1d" relativeResultsDirectory="cbbcaaf3-cbd7-4c40-974e-942bacc6e35b" />
    <UnitTestResult executionId="c9d78282-bf60-44f1-baf2-d46a86fea023" testId="512960dd-b83e-465e-1058-554f00dfd8b8" testName="TestGetServerStatusParams" computerName="DKSR-EFI-06" duration="00:00:00.0020179" startTime="2024-01-09T15:44:35.6230619+01:00" endTime="2024-01-09T15:44:35.6230619+01:00" testType="13cdc9d9-ddb5-4fa4-a97d-d965ccfc6d4b" outcome="Passed" testListId="8c84fa94-04c1-424b-9868-57a2d4851a1d" relativeResultsDirectory="c9d78282-bf60-44f1-baf2-d46a86fea023" />
    <UnitTestResult executionId="421fbf11-019e-4d88-a142-0e70ed766282" testId="cca402ac-f2da-79fe-ea36-23e99696e5b5" testName="TestTimeConverterException" computerName="DKSR-EFI-06" duration="00:00:00.0000449" startTime="2024-01-09T15:44:36.2480615+01:00" endTime="2024-01-09T15:44:36.2480615+01:00" testType="13cdc9d9-ddb5-4fa4-a97d-d965ccfc6d4b" outcome="Passed" testListId="8c84fa94-04c1-424b-9868-57a2d4851a1d" relativeResultsDirectory="421fbf11-019e-4d88-a142-0e70ed766282" />
    <UnitTestResult executionId="5d21230c-f725-48aa-906f-ca0116f967b6" testId="4656baf0-58f8-4ccc-c9e7-4d23dd1e63fb" testName="TestThreadSafeFrameQueue" computerName="DKSR-EFI-06" duration="00:00:00.0038781" startTime="2024-01-09T15:44:36.2324393+01:00" endTime="2024-01-09T15:44:36.2480615+01:00" testType="13cdc9d9-ddb5-4fa4-a97d-d965ccfc6d4b" outcome="Passed" testListId="8c84fa94-04c1-424b-9868-57a2d4851a1d" relativeResultsDirectory="5d21230c-f725-48aa-906f-ca0116f967b6" />
    <UnitTestResult executionId="6df06021-7d7d-4bee-ba83-a79c637a3b6c" testId="d91417d7-1346-dfa7-2b46-20e0fa111b8c" testName="TestExportParams" computerName="DKSR-EFI-06" duration="00:00:00.0167584" startTime="2024-01-09T15:44:35.6074361+01:00" endTime="2024-01-09T15:44:35.6230619+01:00" testType="13cdc9d9-ddb5-4fa4-a97d-d965ccfc6d4b" outcome="Passed" testListId="8c84fa94-04c1-424b-9868-57a2d4851a1d" relativeResultsDirectory="6df06021-7d7d-4bee-ba83-a79c637a3b6c" />
    <UnitTestResult executionId="8fc52ecf-e244-4efa-9e06-80ebb37d3174" testId="e0ea3d14-723c-47b3-ddab-432c2a1d6d19" testName="TransactionTestOk" computerName="DKSR-EFI-06" duration="00:00:00.0095146" startTime="2024-01-09T15:44:37.7793146+01:00" endTime="2024-01-09T15:44:37.7949360+01:00" testType="13cdc9d9-ddb5-4fa4-a97d-d965ccfc6d4b" outcome="Passed" testListId="8c84fa94-04c1-424b-9868-57a2d4851a1d" relativeResultsDirectory="8fc52ecf-e244-4efa-9e06-80ebb37d3174" />
    <UnitTestResult executionId="d5220698-893f-4ca1-b7fd-217fa84bd223" testId="9ff9e3c7-62b7-72df-8902-3eed4e7eec03" testName="TestSerializableInvestigation" computerName="DKSR-EFI-06" duration="00:00:00.0148893" startTime="2024-01-09T15:45:11.2481342+01:00" endTime="2024-01-09T15:45:11.2637590+01:00" testType="13cdc9d9-ddb5-4fa4-a97d-d965ccfc6d4b" outcome="Passed" testListId="8c84fa94-04c1-424b-9868-57a2d4851a1d" relativeResultsDirectory="d5220698-893f-4ca1-b7fd-217fa84bd223" />
    <UnitTestResult executionId="c0b65b92-f496-46e3-bf26-b258a85b80f1" testId="bc43e39f-9ad7-a690-2dfa-2ac013045385" testName="CreateWithMultipleCommaSeparatedItemIds" computerName="DKSR-EFI-06" duration="00:00:00.0020162" startTime="2024-01-09T15:44:35.5605617+01:00" endTime="2024-01-09T15:44:35.5605617+01:00" testType="13cdc9d9-ddb5-4fa4-a97d-d965ccfc6d4b" outcome="Passed" testListId="8c84fa94-04c1-424b-9868-57a2d4851a1d" relativeResultsDirectory="c0b65b92-f496-46e3-bf26-b258a85b80f1" />
    <UnitTestResult executionId="5c26ca8f-e3e9-42db-8744-de3fd3cc22b5" testId="20d7b9d0-e939-bc63-96aa-91ba3fd43edb" testName="TestSerializeOnMockObject" computerName="DKSR-EFI-06" duration="00:00:00.0091199" startTime="2024-01-09T15:45:11.0293837+01:00" endTime="2024-01-09T15:45:11.0293837+01:00" testType="13cdc9d9-ddb5-4fa4-a97d-d965ccfc6d4b" outcome="Passed" testListId="8c84fa94-04c1-424b-9868-57a2d4851a1d" relativeResultsDirectory="5c26ca8f-e3e9-42db-8744-de3fd3cc22b5" />
    <UnitTestResult executionId="06816894-96aa-4635-869b-827279446d6a" testId="d4efaf2c-d958-43a9-9469-622988a27978" testName="TestPartitionOnLongArrayShouldRechunkIt" computerName="DKSR-EFI-06" duration="00:00:00.0254152" startTime="2024-01-09T15:44:36.1855593+01:00" endTime="2024-01-09T15:44:36.2168113+01:00" testType="13cdc9d9-ddb5-4fa4-a97d-d965ccfc6d4b" outcome="Passed" testListId="8c84fa94-04c1-424b-9868-57a2d4851a1d" relativeResultsDirectory="06816894-96aa-4635-869b-827279446d6a" />
    <UnitTestResult executionId="5aea4c41-0034-4ebd-afc3-f439552bbf1e" testId="5cddcff5-398b-f9e2-46fd-33f0dc0a4eba" testName="TransactionTestFailed" computerName="DKSR-EFI-06" duration="00:00:00.0016559" startTime="2024-01-09T15:44:37.7949360+01:00" endTime="2024-01-09T15:44:37.8105620+01:00" testType="13cdc9d9-ddb5-4fa4-a97d-d965ccfc6d4b" outcome="Passed" testListId="8c84fa94-04c1-424b-9868-57a2d4851a1d" relativeResultsDirectory="5aea4c41-0034-4ebd-afc3-f439552bbf1e" />
    <UnitTestResult executionId="940c1fa2-c79d-408b-ab20-9d0fa32ae889" testId="f0c27f8f-dc6a-e6c6-4bde-66c86e9128df" testName="TestBinaryFrameHeaderHelperStringStructures" computerName="DKSR-EFI-06" duration="00:00:00.0001374" startTime="2024-01-09T15:44:35.9980625+01:00" endTime="2024-01-09T15:44:35.9980625+01:00" testType="13cdc9d9-ddb5-4fa4-a97d-d965ccfc6d4b" outcome="Passed" testListId="8c84fa94-04c1-424b-9868-57a2d4851a1d" relativeResultsDirectory="940c1fa2-c79d-408b-ab20-9d0fa32ae889" />
    <UnitTestResult executionId="1b0a1d56-b943-47c3-b9f2-29f7f68ada71" testId="56573e76-d38b-8c4b-50d5-c8a2e05253b8" testName="TestActionWrapper" computerName="DKSR-EFI-06" duration="00:00:00.0008868" startTime="2024-01-09T15:44:37.8105620+01:00" endTime="2024-01-09T15:44:37.8105620+01:00" testType="13cdc9d9-ddb5-4fa4-a97d-d965ccfc6d4b" outcome="Passed" testListId="8c84fa94-04c1-424b-9868-57a2d4851a1d" relativeResultsDirectory="1b0a1d56-b943-47c3-b9f2-29f7f68ada71" />
    <UnitTestResult executionId="62e1e333-ceb1-4d64-80bc-93ff74234b73" testId="01725a36-4b5b-8bcf-f485-8931821ddb4b" testName="TestTimeoutUpdateCheckerException" computerName="DKSR-EFI-06" duration="00:00:00.0039134" startTime="2024-01-09T15:44:37.7636838+01:00" endTime="2024-01-09T15:44:37.7636838+01:00" testType="13cdc9d9-ddb5-4fa4-a97d-d965ccfc6d4b" outcome="Passed" testListId="8c84fa94-04c1-424b-9868-57a2d4851a1d" relativeResultsDirectory="62e1e333-ceb1-4d64-80bc-93ff74234b73" />
    <UnitTestResult executionId="c83140c7-75dd-48dd-8542-c9876e9142e9" testId="d220443a-1785-17f2-f250-2c1430573c0f" testName="TestLongParamsKey" computerName="DKSR-EFI-06" duration="00:00:00.0022803" startTime="2024-01-09T15:45:10.9981339+01:00" endTime="2024-01-09T15:45:11.0137593+01:00" testType="13cdc9d9-ddb5-4fa4-a97d-d965ccfc6d4b" outcome="Passed" testListId="8c84fa94-04c1-424b-9868-57a2d4851a1d" relativeResultsDirectory="c83140c7-75dd-48dd-8542-c9876e9142e9" />
    <UnitTestResult executionId="35412000-6256-4fa0-96f0-e6248ebadf77" testId="c4b85068-82b7-8ff9-ea00-60709626f475" testName="TestJobPoolAsyncModeOne" computerName="DKSR-EFI-06" duration="00:00:00.0319349" startTime="2024-01-09T15:44:37.8105620+01:00" endTime="2024-01-09T15:44:37.8574361+01:00" testType="13cdc9d9-ddb5-4fa4-a97d-d965ccfc6d4b" outcome="Passed" testListId="8c84fa94-04c1-424b-9868-57a2d4851a1d" relativeResultsDirectory="35412000-6256-4fa0-96f0-e6248ebadf77" />
    <UnitTestResult executionId="6e1b94c0-ef0f-4d7b-b9bb-fb67153b9b98" testId="55acef94-ebe1-e6a3-2c72-1f84ea2f2c83" testName="TestCheckGetAccessControlDoorParamsOnCorrectMask" computerName="DKSR-EFI-06" duration="00:00:00.0001757" startTime="2024-01-09T15:44:36.0136856+01:00" endTime="2024-01-09T15:44:36.0136856+01:00" testType="13cdc9d9-ddb5-4fa4-a97d-d965ccfc6d4b" outcome="Passed" testListId="8c84fa94-04c1-424b-9868-57a2d4851a1d" relativeResultsDirectory="6e1b94c0-ef0f-4d7b-b9bb-fb67153b9b98" />
    <UnitTestResult executionId="9d1f8777-0439-4ae4-8aff-1106b81b79bc" testId="77aab88f-f272-0e3d-d10a-f572584ed826" testName="TestCameraExportIdGetters" computerName="DKSR-EFI-06" duration="00:00:00.0014412" startTime="2024-01-09T15:45:11.1387593+01:00" endTime="2024-01-09T15:45:11.1387593+01:00" testType="13cdc9d9-ddb5-4fa4-a97d-d965ccfc6d4b" outcome="Passed" testListId="8c84fa94-04c1-424b-9868-57a2d4851a1d" relativeResultsDirectory="9d1f8777-0439-4ae4-8aff-1106b81b79bc" />
    <UnitTestResult executionId="26f76e17-dc7e-4fb3-94b6-33909164664f" testId="00735a74-52fa-640b-3b22-4f05ca18f8a1" testName="TestGetAccessControlDoorsParamsFromCommand" computerName="DKSR-EFI-06" duration="00:00:00.0035903" startTime="2024-01-09T15:44:36.0136856+01:00" endTime="2024-01-09T15:44:36.0136856+01:00" testType="13cdc9d9-ddb5-4fa4-a97d-d965ccfc6d4b" outcome="Passed" testListId="8c84fa94-04c1-424b-9868-57a2d4851a1d" relativeResultsDirectory="26f76e17-dc7e-4fb3-94b6-33909164664f" />
    <UnitTestResult executionId="7d31328e-b800-44f6-a10e-75ed9ac2d349" testId="9e01df5e-5950-9dd1-0391-21212c51dc6d" testName="TestHttpMessageResponse" computerName="DKSR-EFI-06" duration="00:00:00.0008686" startTime="2024-01-09T15:45:11.2950083+01:00" endTime="2024-01-09T15:45:11.2950083+01:00" testType="13cdc9d9-ddb5-4fa4-a97d-d965ccfc6d4b" outcome="Passed" testListId="8c84fa94-04c1-424b-9868-57a2d4851a1d" relativeResultsDirectory="7d31328e-b800-44f6-a10e-75ed9ac2d349" />
    <UnitTestResult executionId="a8884e3e-6cda-465c-82cc-f41c7e54ebe0" testId="3fb38509-0b8e-6662-6cfd-926dd2ff9585" testName="TestIntAverage" computerName="DKSR-EFI-06" duration="00:00:00.0010160" startTime="2024-01-09T15:44:38.0762511+01:00" endTime="2024-01-09T15:44:38.0762511+01:00" testType="13cdc9d9-ddb5-4fa4-a97d-d965ccfc6d4b" outcome="Passed" testListId="8c84fa94-04c1-424b-9868-57a2d4851a1d" relativeResultsDirectory="a8884e3e-6cda-465c-82cc-f41c7e54ebe0" />
    <UnitTestResult executionId="d72dfe38-2532-4000-8951-c749781617d4" testId="881e1152-40f3-7591-1229-7f22ff32539e" testName="TestInvitationsParams" computerName="DKSR-EFI-06" duration="00:00:00.0046490" startTime="2024-01-09T15:44:35.6230619+01:00" endTime="2024-01-09T15:44:35.6230619+01:00" testType="13cdc9d9-ddb5-4fa4-a97d-d965ccfc6d4b" outcome="Passed" testListId="8c84fa94-04c1-424b-9868-57a2d4851a1d" relativeResultsDirectory="d72dfe38-2532-4000-8951-c749781617d4" />
    <UnitTestResult executionId="e2bccc23-1a4a-4bb5-a8e2-83e97ee6f669" testId="61616f39-92ea-b4b0-f499-c684a47eca99" testName="SafeExcept_IdenticalDicts_EmptyResult" computerName="DKSR-EFI-06" duration="00:00:00.0002508" startTime="2024-01-09T15:44:36.1855593+01:00" endTime="2024-01-09T15:44:36.1855593+01:00" testType="13cdc9d9-ddb5-4fa4-a97d-d965ccfc6d4b" outcome="Passed" testListId="8c84fa94-04c1-424b-9868-57a2d4851a1d" relativeResultsDirectory="e2bccc23-1a4a-4bb5-a8e2-83e97ee6f669" />
    <UnitTestResult executionId="a0c9a3cd-546c-40cf-aa8b-d3f0e87992e8" testId="b61f5faf-bbb8-9562-8530-04e17fcb6253" testName="TestDeserializeOnSerializedMockObject" computerName="DKSR-EFI-06" duration="00:00:00.0036159" startTime="2024-01-09T15:45:11.0293837+01:00" endTime="2024-01-09T15:45:11.0450098+01:00" testType="13cdc9d9-ddb5-4fa4-a97d-d965ccfc6d4b" outcome="Passed" testListId="8c84fa94-04c1-424b-9868-57a2d4851a1d" relativeResultsDirectory="a0c9a3cd-546c-40cf-aa8b-d3f0e87992e8" />
    <UnitTestResult executionId="e4a29967-edf7-48e3-863f-54a231f4a0d1" testId="8663c046-0200-c4de-aab4-4c744d3f962d" testName="TestCamera" computerName="DKSR-EFI-06" duration="00:00:00.0091468" startTime="2024-01-09T15:45:11.1231350+01:00" endTime="2024-01-09T15:45:11.1387593+01:00" testType="13cdc9d9-ddb5-4fa4-a97d-d965ccfc6d4b" outcome="Passed" testListId="8c84fa94-04c1-424b-9868-57a2d4851a1d" relativeResultsDirectory="e4a29967-edf7-48e3-863f-54a231f4a0d1" />
    <UnitTestResult executionId="1a3c2127-b836-4874-aff9-e2e8cabb3d6b" testId="5a1e38d2-1398-6c33-36ab-3558e783ea0b" testName="TestDeviceScanner" computerName="DKSR-EFI-06" duration="00:00:32.5753230" startTime="2024-01-09T15:44:38.0762511+01:00" endTime="2024-01-09T15:45:10.6543833+01:00" testType="13cdc9d9-ddb5-4fa4-a97d-d965ccfc6d4b" outcome="Passed" testListId="8c84fa94-04c1-424b-9868-57a2d4851a1d" relativeResultsDirectory="1a3c2127-b836-4874-aff9-e2e8cabb3d6b" />
    <UnitTestResult executionId="e76430a2-8b83-4496-a6eb-b73262aefb94" testId="079433d2-73ef-9a06-ffad-792c1b690362" testName="TestGetAccessControlDoorsParamsFromCommand" computerName="DKSR-EFI-06" duration="00:00:00.0026445" startTime="2024-01-09T15:44:35.9980625+01:00" endTime="2024-01-09T15:44:36.0136856+01:00" testType="13cdc9d9-ddb5-4fa4-a97d-d965ccfc6d4b" outcome="Passed" testListId="8c84fa94-04c1-424b-9868-57a2d4851a1d" relativeResultsDirectory="e76430a2-8b83-4496-a6eb-b73262aefb94" />
    <UnitTestResult executionId="ee3c4776-5978-498a-b5ac-fcee0160bd1c" testId="dd6c5b04-db09-f3f4-f296-73810d7cb64d" testName="TestCheckGetAccessControlDoorParamsOnMaskSome" computerName="DKSR-EFI-06" duration="00:00:00.0001323" startTime="2024-01-09T15:44:35.9980625+01:00" endTime="2024-01-09T15:44:35.9980625+01:00" testType="13cdc9d9-ddb5-4fa4-a97d-d965ccfc6d4b" outcome="Passed" testListId="8c84fa94-04c1-424b-9868-57a2d4851a1d" relativeResultsDirectory="ee3c4776-5978-498a-b5ac-fcee0160bd1c" />
    <UnitTestResult executionId="c5d366ce-aa29-4de9-81a0-8b5dabf528a9" testId="fa688409-47c5-c3fa-0542-ad92e54118c9" testName="TestBinaryFrameGeneratorFromVideoData" computerName="DKSR-EFI-06" duration="00:00:00.0047780" startTime="2024-01-09T15:44:35.7168094+01:00" endTime="2024-01-09T15:44:35.7168094+01:00" testType="13cdc9d9-ddb5-4fa4-a97d-d965ccfc6d4b" outcome="Passed" testListId="8c84fa94-04c1-424b-9868-57a2d4851a1d" relativeResultsDirectory="c5d366ce-aa29-4de9-81a0-8b5dabf528a9" />
    <UnitTestResult executionId="0d997856-fa8a-4757-ab06-d6b066559be8" testId="f197e8d6-4d85-1a33-6cc7-42757a8b6a2e" testName="TestTransactionOnMixedTransactionResultsShouldReturnTheMostCriticalCode" computerName="DKSR-EFI-06" duration="00:00:00.0010867" startTime="2024-01-09T15:44:37.7949360+01:00" endTime="2024-01-09T15:44:37.7949360+01:00" testType="13cdc9d9-ddb5-4fa4-a97d-d965ccfc6d4b" outcome="Passed" testListId="8c84fa94-04c1-424b-9868-57a2d4851a1d" relativeResultsDirectory="0d997856-fa8a-4757-ab06-d6b066559be8" />
    <UnitTestResult executionId="d2144358-c459-4f41-85f5-871d5469bfc1" testId="eb2dc0dc-bdb0-a374-d622-74f395c03b5e" testName="TestContainsOnItemWithSameGuidExist" computerName="DKSR-EFI-06" duration="00:00:00.0005708" startTime="2024-01-09T15:45:10.7168818+01:00" endTime="2024-01-09T15:45:10.7168818+01:00" testType="13cdc9d9-ddb5-4fa4-a97d-d965ccfc6d4b" outcome="Passed" testListId="8c84fa94-04c1-424b-9868-57a2d4851a1d" relativeResultsDirectory="d2144358-c459-4f41-85f5-871d5469bfc1" />
    <UnitTestResult executionId="528cf876-b519-4cb9-bc7e-e293db8ec1da" testId="055bf2ac-72a5-84d1-aeca-07f9769de6d7" testName="TestGetServerConfiguration" computerName="DKSR-EFI-06" duration="00:00:00.0002504" startTime="2024-01-09T15:44:35.7011867+01:00" endTime="2024-01-09T15:44:35.7011867+01:00" testType="13cdc9d9-ddb5-4fa4-a97d-d965ccfc6d4b" outcome="Passed" testListId="8c84fa94-04c1-424b-9868-57a2d4851a1d" relativeResultsDirectory="528cf876-b519-4cb9-bc7e-e293db8ec1da" />
    <UnitTestResult executionId="a7db6026-f9ad-412d-81f8-9f86ac8636dc" testId="3b7ec4a0-90b0-6f4f-3ea4-7165c75e21d0" testName="TestGetEnabledValueOnFalse" computerName="DKSR-EFI-06" duration="00:00:00.0001221" startTime="2024-01-09T15:45:11.2950083+01:00" endTime="2024-01-09T15:45:11.2950083+01:00" testType="13cdc9d9-ddb5-4fa4-a97d-d965ccfc6d4b" outcome="Passed" testListId="8c84fa94-04c1-424b-9868-57a2d4851a1d" relativeResultsDirectory="a7db6026-f9ad-412d-81f8-9f86ac8636dc" />
    <UnitTestResult executionId="a3bcbb16-7476-42f5-acb4-44d4b45fa133" testId="c62f77c5-a701-9213-4a40-64b1d975df1e" testName="TestSerializableItem" computerName="DKSR-EFI-06" duration="00:00:00.0243491" startTime="2024-01-09T15:45:11.2637590+01:00" endTime="2024-01-09T15:45:11.2950083+01:00" testType="13cdc9d9-ddb5-4fa4-a97d-d965ccfc6d4b" outcome="Passed" testListId="8c84fa94-04c1-424b-9868-57a2d4851a1d" relativeResultsDirectory="a3bcbb16-7476-42f5-acb4-44d4b45fa133" />
    <UnitTestResult executionId="bcf04736-4727-4c28-921a-cc4135e4b419" testId="892d2b38-a534-fe70-75e2-1eb587d274b4" testName="SerializableAccessControlDoorTypeTest" computerName="DKSR-EFI-06" duration="00:00:00.0012354" startTime="2024-01-09T15:45:11.1856350+01:00" endTime="2024-01-09T15:45:11.1856350+01:00" testType="13cdc9d9-ddb5-4fa4-a97d-d965ccfc6d4b" outcome="Passed" testListId="8c84fa94-04c1-424b-9868-57a2d4851a1d" relativeResultsDirectory="bcf04736-4727-4c28-921a-cc4135e4b419" />
    <UnitTestResult executionId="d502a677-88a3-49c3-a057-5683c8e0ef15" testId="2a5ddfab-ff6c-06a9-8082-966e0562b315" testName="TestGetAccessControlEventsParamsConvertToCommand" computerName="DKSR-EFI-06" duration="00:00:00.0032551" startTime="2024-01-09T15:44:36.0136856+01:00" endTime="2024-01-09T15:44:36.0136856+01:00" testType="13cdc9d9-ddb5-4fa4-a97d-d965ccfc6d4b" outcome="Passed" testListId="8c84fa94-04c1-424b-9868-57a2d4851a1d" relativeResultsDirectory="d502a677-88a3-49c3-a057-5683c8e0ef15" />
    <UnitTestResult executionId="8fea661b-9299-4605-9155-36cc6c020603" testId="8bb1f684-9c81-dfe5-a066-1fbb89bbb5b8" testName="TestPtzParams" computerName="DKSR-EFI-06" duration="00:00:00.0189034" startTime="2024-01-09T15:44:35.6543097+01:00" endTime="2024-01-09T15:44:35.6699365+01:00" testType="13cdc9d9-ddb5-4fa4-a97d-d965ccfc6d4b" outcome="Passed" testListId="8c84fa94-04c1-424b-9868-57a2d4851a1d" relativeResultsDirectory="8fea661b-9299-4605-9155-36cc6c020603" />
    <UnitTestResult executionId="6a1e66df-a63f-4852-a598-339884f1e462" testId="4a208dea-2e5c-d7dd-52cd-cac88f53f83b" testName="TestCommunicationEntry" computerName="DKSR-EFI-06" duration="00:00:00.2151255" startTime="2024-01-09T15:45:10.7168818+01:00" endTime="2024-01-09T15:45:10.9356323+01:00" testType="13cdc9d9-ddb5-4fa4-a97d-d965ccfc6d4b" outcome="Passed" testListId="8c84fa94-04c1-424b-9868-57a2d4851a1d" relativeResultsDirectory="6a1e66df-a63f-4852-a598-339884f1e462" />
    <UnitTestResult executionId="bb93e804-c4cd-4596-a958-f61d8db2f0ad" testId="dc9fe0ff-5a4e-e363-6667-80a01ddb8928" testName="UrlHelper" computerName="DKSR-EFI-06" duration="00:00:00.0075305" startTime="2024-01-09T15:44:35.3574365+01:00" endTime="2024-01-09T15:44:35.4511873+01:00" testType="13cdc9d9-ddb5-4fa4-a97d-d965ccfc6d4b" outcome="Passed" testListId="8c84fa94-04c1-424b-9868-57a2d4851a1d" relativeResultsDirectory="bb93e804-c4cd-4596-a958-f61d8db2f0ad" />
    <UnitTestResult executionId="3ae6f25f-2c2e-4347-aff7-724fb9b53356" testId="51d1bf69-9bb2-e8ea-680a-2e981d3749ee" testName="SafeExcept_NullArgument_EmptyResult" computerName="DKSR-EFI-06" duration="00:00:00.0002156" startTime="2024-01-09T15:44:36.1855593+01:00" endTime="2024-01-09T15:44:36.1855593+01:00" testType="13cdc9d9-ddb5-4fa4-a97d-d965ccfc6d4b" outcome="Passed" testListId="8c84fa94-04c1-424b-9868-57a2d4851a1d" relativeResultsDirectory="3ae6f25f-2c2e-4347-aff7-724fb9b53356" />
    <UnitTestResult executionId="3665cc49-a085-4f21-bc89-b7e3c5f56a2e" testId="e2602f93-7aab-27f1-308f-ede513110e57" testName="TestGetEnumConverter" computerName="DKSR-EFI-06" duration="00:00:00.0046708" startTime="2024-01-09T15:44:36.2168113+01:00" endTime="2024-01-09T15:44:36.2324393+01:00" testType="13cdc9d9-ddb5-4fa4-a97d-d965ccfc6d4b" outcome="Passed" testListId="8c84fa94-04c1-424b-9868-57a2d4851a1d" relativeResultsDirectory="3665cc49-a085-4f21-bc89-b7e3c5f56a2e" />
    <UnitTestResult executionId="f0226534-1f0a-44b1-bf05-45b3fd7300ce" testId="4bc2a2b9-f69e-ade7-3cfc-0555f5bdf6e2" testName="TestThreadSafeFrameQueueVariableSize" computerName="DKSR-EFI-06" duration="00:00:00.0026890" startTime="2024-01-09T15:44:36.2480615+01:00" endTime="2024-01-09T15:44:36.2480615+01:00" testType="13cdc9d9-ddb5-4fa4-a97d-d965ccfc6d4b" outcome="Passed" testListId="8c84fa94-04c1-424b-9868-57a2d4851a1d" relativeResultsDirectory="f0226534-1f0a-44b1-bf05-45b3fd7300ce" />
    <UnitTestResult executionId="7cd9a2f5-b7fe-4332-bd30-ca234e10bc1e" testId="dacc6f7e-b1c0-5d18-4487-3c6c70067ae7" testName="TestSequences" computerName="DKSR-EFI-06" duration="00:00:00.0061801" startTime="2024-01-09T15:45:11.0918846+01:00" endTime="2024-01-09T15:45:11.1075096+01:00" testType="13cdc9d9-ddb5-4fa4-a97d-d965ccfc6d4b" outcome="Passed" testListId="8c84fa94-04c1-424b-9868-57a2d4851a1d" relativeResultsDirectory="7cd9a2f5-b7fe-4332-bd30-ca234e10bc1e" />
    <UnitTestResult executionId="4e719fc5-4198-44db-9f7d-95fd51c9867d" testId="87b31575-259b-3656-5143-2229e47de07f" testName="TestConvertToCommand" computerName="DKSR-EFI-06" duration="00:00:00.0025099" startTime="2024-01-09T15:44:35.9980625+01:00" endTime="2024-01-09T15:44:35.9980625+01:00" testType="13cdc9d9-ddb5-4fa4-a97d-d965ccfc6d4b" outcome="Passed" testListId="8c84fa94-04c1-424b-9868-57a2d4851a1d" relativeResultsDirectory="4e719fc5-4198-44db-9f7d-95fd51c9867d" />
    <UnitTestResult executionId="346e8834-b2d9-4fde-8539-323e3db56d7f" testId="e34c667e-2282-e8b9-d697-5643186aab1b" testName="SerializableAccessControlDoorCategoryUnitTest" computerName="DKSR-EFI-06" duration="00:00:00.0009888" startTime="2024-01-09T15:45:11.1856350+01:00" endTime="2024-01-09T15:45:11.1856350+01:00" testType="13cdc9d9-ddb5-4fa4-a97d-d965ccfc6d4b" outcome="Passed" testListId="8c84fa94-04c1-424b-9868-57a2d4851a1d" relativeResultsDirectory="346e8834-b2d9-4fde-8539-323e3db56d7f" />
    <UnitTestResult executionId="5ee08fe0-5fe1-440a-a0de-967f8fe6a00e" testId="f2cc474c-061d-5c1e-206d-c803601b9f6e" testName="TestPartitionOnShortArrayShouldReturnIt" computerName="DKSR-EFI-06" duration="00:00:00.0009005" startTime="2024-01-09T15:44:36.2168113+01:00" endTime="2024-01-09T15:44:36.2168113+01:00" testType="13cdc9d9-ddb5-4fa4-a97d-d965ccfc6d4b" outcome="Passed" testListId="8c84fa94-04c1-424b-9868-57a2d4851a1d" relativeResultsDirectory="5ee08fe0-5fe1-440a-a0de-967f8fe6a00e" />
    <UnitTestResult executionId="397666b1-fa9a-4df0-b40a-31cee2102090" testId="f655c8ce-cdf8-a87a-5a84-8d367c86ec3b" testName="TestExecuteAccessControlCommandParamsFromCommand" computerName="DKSR-EFI-06" duration="00:00:00.0023486" startTime="2024-01-09T15:44:35.9980625+01:00" endTime="2024-01-09T15:44:35.9980625+01:00" testType="13cdc9d9-ddb5-4fa4-a97d-d965ccfc6d4b" outcome="Passed" testListId="8c84fa94-04c1-424b-9868-57a2d4851a1d" relativeResultsDirectory="397666b1-fa9a-4df0-b40a-31cee2102090" />
    <UnitTestResult executionId="6fa96f57-7e97-43a3-846c-f337bfce1dfa" testId="9780b2cd-301d-d53e-87d4-80493da00f9e" testName="TestThreadSafeFrameQueueVariableSizeInsert" computerName="DKSR-EFI-06" duration="00:00:00.0012012" startTime="2024-01-09T15:44:36.2480615+01:00" endTime="2024-01-09T15:44:36.2480615+01:00" testType="13cdc9d9-ddb5-4fa4-a97d-d965ccfc6d4b" outcome="Passed" testListId="8c84fa94-04c1-424b-9868-57a2d4851a1d" relativeResultsDirectory="6fa96f57-7e97-43a3-846c-f337bfce1dfa" />
    <UnitTestResult executionId="144d1e37-7574-467a-94d2-0110565dd205" testId="231c275f-c35c-d319-fb0d-042d3bbc01f6" testName="TestCheckGetAccessControlDoorParamsOnMaskAll" computerName="DKSR-EFI-06" duration="00:00:00.0003753" startTime="2024-01-09T15:44:36.0136856+01:00" endTime="2024-01-09T15:44:36.0136856+01:00" testType="13cdc9d9-ddb5-4fa4-a97d-d965ccfc6d4b" outcome="Passed" testListId="8c84fa94-04c1-424b-9868-57a2d4851a1d" relativeResultsDirectory="144d1e37-7574-467a-94d2-0110565dd205" />
    <UnitTestResult executionId="a268e937-e16b-49dd-bef4-3e4c280818d8" testId="ddceb84f-8873-dfc5-896e-a4733fb71f3e" testName="SafeExcept_SameKey_ElementNotInResult" computerName="DKSR-EFI-06" duration="00:00:00.0002636" startTime="2024-01-09T15:44:36.1855593+01:00" endTime="2024-01-09T15:44:36.1855593+01:00" testType="13cdc9d9-ddb5-4fa4-a97d-d965ccfc6d4b" outcome="Passed" testListId="8c84fa94-04c1-424b-9868-57a2d4851a1d" relativeResultsDirectory="a268e937-e16b-49dd-bef4-3e4c280818d8" />
    <UnitTestResult executionId="8d8502b2-ba9e-4c8c-a19f-4f39608815fe" testId="ca1f3887-bbb8-4ce1-c5a0-b6c1af45db7a" testName="TestHttpMessageRequest" computerName="DKSR-EFI-06" duration="00:00:00.0009572" startTime="2024-01-09T15:45:11.2950083+01:00" endTime="2024-01-09T15:45:11.2950083+01:00" testType="13cdc9d9-ddb5-4fa4-a97d-d965ccfc6d4b" outcome="Passed" testListId="8c84fa94-04c1-424b-9868-57a2d4851a1d" relativeResultsDirectory="8d8502b2-ba9e-4c8c-a19f-4f39608815fe" />
    <UnitTestResult executionId="3e4c0f9d-fb10-4eb0-b80f-c5401c9cb0f8" testId="7d0fadd2-87b6-f5e0-5cce-f972a4a436ce" testName="SerializableAccessControlDoorStatesTest" computerName="DKSR-EFI-06" duration="00:00:00.0019840" startTime="2024-01-09T15:45:11.1856350+01:00" endTime="2024-01-09T15:45:11.1856350+01:00" testType="13cdc9d9-ddb5-4fa4-a97d-d965ccfc6d4b" outcome="Passed" testListId="8c84fa94-04c1-424b-9868-57a2d4851a1d" relativeResultsDirectory="3e4c0f9d-fb10-4eb0-b80f-c5401c9cb0f8" />
    <UnitTestResult executionId="b738bf6a-749a-48ef-b1a5-ffc9408c8622" testId="1785dcf1-6761-1eff-f5d7-b44d6a5ba980" testName="TestRemoveItemsOnEvenNameItemsShouldBeRemoved" computerName="DKSR-EFI-06" duration="00:00:00.0031182" startTime="2024-01-09T15:44:35.4980643+01:00" endTime="2024-01-09T15:44:35.4980643+01:00" testType="13cdc9d9-ddb5-4fa4-a97d-d965ccfc6d4b" outcome="Passed" testListId="8c84fa94-04c1-424b-9868-57a2d4851a1d" relativeResultsDirectory="b738bf6a-749a-48ef-b1a5-ffc9408c8622" />
    <UnitTestResult executionId="b0fe9e01-2201-4285-8616-dae1d4d7f37a" testId="43573551-a3b6-5e4a-6cc0-44e7bdf427c3" testName="TestSerializeOnMockObject" computerName="DKSR-EFI-06" duration="00:00:00.0122076" startTime="2024-01-09T15:45:11.0137593+01:00" endTime="2024-01-09T15:45:11.0293837+01:00" testType="13cdc9d9-ddb5-4fa4-a97d-d965ccfc6d4b" outcome="Passed" testListId="8c84fa94-04c1-424b-9868-57a2d4851a1d" relativeResultsDirectory="b0fe9e01-2201-4285-8616-dae1d4d7f37a" />
    <UnitTestResult executionId="4b3ebfbd-e1b5-4116-97a2-7368ec24bb46" testId="f8c91cf2-5cdd-be32-d1eb-f934d497ca3c" testName="TestSsdpMessageAnnounce" computerName="DKSR-EFI-06" duration="00:00:00.0048605" startTime="2024-01-09T15:45:10.7012588+01:00" endTime="2024-01-09T15:45:10.7012588+01:00" testType="13cdc9d9-ddb5-4fa4-a97d-d965ccfc6d4b" outcome="Passed" testListId="8c84fa94-04c1-424b-9868-57a2d4851a1d" relativeResultsDirectory="4b3ebfbd-e1b5-4116-97a2-7368ec24bb46" />
    <UnitTestResult executionId="56d7e144-5608-42c5-a820-30a401d04c06" testId="5a61bf12-5f0d-d40a-24ab-80469181bf36" testName="TestCheckGetAccessControlDoorParamsOnMaskSome" computerName="DKSR-EFI-06" duration="00:00:00.0001039" startTime="2024-01-09T15:44:36.0136856+01:00" endTime="2024-01-09T15:44:36.0136856+01:00" testType="13cdc9d9-ddb5-4fa4-a97d-d965ccfc6d4b" outcome="Passed" testListId="8c84fa94-04c1-424b-9868-57a2d4851a1d" relativeResultsDirectory="56d7e144-5608-42c5-a820-30a401d04c06" />
    <UnitTestResult executionId="bdb6c5b1-b47f-41be-9647-ae0bf076f50a" testId="6c698713-7633-9e0f-fec8-14779a490df3" testName="TestDescendants" computerName="DKSR-EFI-06" duration="00:00:00.0040451" startTime="2024-01-09T15:44:35.4824373+01:00" endTime="2024-01-09T15:44:35.4824373+01:00" testType="13cdc9d9-ddb5-4fa4-a97d-d965ccfc6d4b" outcome="Passed" testListId="8c84fa94-04c1-424b-9868-57a2d4851a1d" relativeResultsDirectory="bdb6c5b1-b47f-41be-9647-ae0bf076f50a" />
    <UnitTestResult executionId="52565ecd-37f8-446e-b21d-f6c648575b4c" testId="f3966b3c-41ac-4879-300c-40588016d43a" testName="TestServerConfigurationParams" computerName="DKSR-EFI-06" duration="00:00:00.0390611" startTime="2024-01-09T15:44:35.6699365+01:00" endTime="2024-01-09T15:44:35.7011867+01:00" testType="13cdc9d9-ddb5-4fa4-a97d-d965ccfc6d4b" outcome="Passed" testListId="8c84fa94-04c1-424b-9868-57a2d4851a1d" relativeResultsDirectory="52565ecd-37f8-446e-b21d-f6c648575b4c" />
    <UnitTestResult executionId="6a197047-b228-40e0-87f4-d3f75a61dd51" testId="20294a45-469a-8d3b-98a4-48dbbc6fee7d" testName="TransactionTestWithWarning" computerName="DKSR-EFI-06" duration="00:00:00.0114273" startTime="2024-01-09T15:44:37.7949360+01:00" endTime="2024-01-09T15:44:37.7949360+01:00" testType="13cdc9d9-ddb5-4fa4-a97d-d965ccfc6d4b" outcome="Passed" testListId="8c84fa94-04c1-424b-9868-57a2d4851a1d" relativeResultsDirectory="6a197047-b228-40e0-87f4-d3f75a61dd51" />
    <UnitTestResult executionId="303f5040-89a9-4f27-9e92-b838239fa7bb" testId="8f2d192e-6968-5656-1e7d-17d269b0af37" testName="TestJpegHelper" computerName="DKSR-EFI-06" duration="00:00:00.0009382" startTime="2024-01-09T15:44:36.2324393+01:00" endTime="2024-01-09T15:44:36.2324393+01:00" testType="13cdc9d9-ddb5-4fa4-a97d-d965ccfc6d4b" outcome="Passed" testListId="8c84fa94-04c1-424b-9868-57a2d4851a1d" relativeResultsDirectory="303f5040-89a9-4f27-9e92-b838239fa7bb" />
    <UnitTestResult executionId="4f575cba-885a-4556-8f03-df04dec66667" testId="ad9934aa-d0d7-1515-12ca-05435eff4de9" testName="GetMaxParameterLengthsPerCommandAll" computerName="DKSR-EFI-06" duration="00:00:00.0022959" startTime="2024-01-09T15:45:11.0137593+01:00" endTime="2024-01-09T15:45:11.0137593+01:00" testType="13cdc9d9-ddb5-4fa4-a97d-d965ccfc6d4b" outcome="Passed" testListId="8c84fa94-04c1-424b-9868-57a2d4851a1d" relativeResultsDirectory="4f575cba-885a-4556-8f03-df04dec66667" />
    <UnitTestResult executionId="a0c2f8a6-8b4f-449c-9573-fa3eaa554192" testId="2f54af88-7969-5a57-920c-25a0a1b78c2f" testName="CreateWithMultipleItemIdNodes" computerName="DKSR-EFI-06" duration="00:00:00.0031272" startTime="2024-01-09T15:44:35.5605617+01:00" endTime="2024-01-09T15:44:35.5605617+01:00" testType="13cdc9d9-ddb5-4fa4-a97d-d965ccfc6d4b" outcome="Passed" testListId="8c84fa94-04c1-424b-9868-57a2d4851a1d" relativeResultsDirectory="a0c2f8a6-8b4f-449c-9573-fa3eaa554192" />
    <UnitTestResult executionId="7620d866-ded4-4c00-bec3-a1b76ad339da" testId="baa96d68-76d4-b2f0-941e-32eff5ccd245" testName="SafeExcept_NullThis_EmptyResult" computerName="DKSR-EFI-06" duration="00:00:00.0012831" startTime="2024-01-09T15:44:36.1855593+01:00" endTime="2024-01-09T15:44:36.1855593+01:00" testType="13cdc9d9-ddb5-4fa4-a97d-d965ccfc6d4b" outcome="Passed" testListId="8c84fa94-04c1-424b-9868-57a2d4851a1d" relativeResultsDirectory="7620d866-ded4-4c00-bec3-a1b76ad339da" />
    <UnitTestResult executionId="188f7a1a-03dd-4c85-bee6-ea44858169ba" testId="efc84c5d-7c17-69a2-3372-b135556abcec" testName="TestContainsOnItemWithSameGuidDoNotExist" computerName="DKSR-EFI-06" duration="00:00:00.0001223" startTime="2024-01-09T15:45:10.7168818+01:00" endTime="2024-01-09T15:45:10.7168818+01:00" testType="13cdc9d9-ddb5-4fa4-a97d-d965ccfc6d4b" outcome="Passed" testListId="8c84fa94-04c1-424b-9868-57a2d4851a1d" relativeResultsDirectory="188f7a1a-03dd-4c85-bee6-ea44858169ba" />
    <UnitTestResult executionId="41d87fbb-fab4-44b9-9358-25004ef7b5fa" testId="b6c75687-4c2e-1ce2-2910-17c265f38dab" testName="TestTimeSelector" computerName="DKSR-EFI-06" duration="00:00:00.0143620" startTime="2024-01-09T15:44:37.7636838+01:00" endTime="2024-01-09T15:44:37.7793146+01:00" testType="13cdc9d9-ddb5-4fa4-a97d-d965ccfc6d4b" outcome="Passed" testListId="8c84fa94-04c1-424b-9868-57a2d4851a1d" relativeResultsDirectory="41d87fbb-fab4-44b9-9358-25004ef7b5fa" />
    <UnitTestResult executionId="b02c6d97-ed53-474e-95a1-28ddbeea07c1" testId="04ba7681-09a6-ebfb-ad4d-960bb8182330" testName="TestItemsListImmutable" computerName="DKSR-EFI-06" duration="00:00:00.0014344" startTime="2024-01-09T15:44:35.4668116+01:00" endTime="2024-01-09T15:44:35.4824373+01:00" testType="13cdc9d9-ddb5-4fa4-a97d-d965ccfc6d4b" outcome="Passed" testListId="8c84fa94-04c1-424b-9868-57a2d4851a1d" relativeResultsDirectory="b02c6d97-ed53-474e-95a1-28ddbeea07c1" />
    <UnitTestResult executionId="37135c09-9ee4-423e-af23-42ab030e9d41" testId="9fc69608-9b1b-d5b8-2e22-ca94526907cf" testName="CreateWithMultipleCommaSeparatedItemIdsContainsInvalid" computerName="DKSR-EFI-06" duration="00:00:00.0007343" startTime="2024-01-09T15:44:35.5605617+01:00" endTime="2024-01-09T15:44:35.5605617+01:00" testType="13cdc9d9-ddb5-4fa4-a97d-d965ccfc6d4b" outcome="Passed" testListId="8c84fa94-04c1-424b-9868-57a2d4851a1d" relativeResultsDirectory="37135c09-9ee4-423e-af23-42ab030e9d41" />
    <UnitTestResult executionId="3c046ed0-eb3c-40c3-8061-043afd93a936" testId="103b8020-90d8-f2fc-0593-d6746feb5a88" testName="TestJobActionTaskWorker" computerName="DKSR-EFI-06" duration="00:00:00.0003780" startTime="2024-01-09T15:44:38.0762511+01:00" endTime="2024-01-09T15:44:38.0762511+01:00" testType="13cdc9d9-ddb5-4fa4-a97d-d965ccfc6d4b" outcome="Passed" testListId="8c84fa94-04c1-424b-9868-57a2d4851a1d" relativeResultsDirectory="3c046ed0-eb3c-40c3-8061-043afd93a936" />
    <UnitTestResult executionId="bb81dd0b-4abe-4521-aebb-6c5fe0b17f18" testId="ca41d661-3b93-cb19-54be-f4979402be3e" testName="TestItemExistRecursivelyOnNotExisting" computerName="DKSR-EFI-06" duration="00:00:00.0005877" startTime="2024-01-09T15:44:35.4824373+01:00" endTime="2024-01-09T15:44:35.4824373+01:00" testType="13cdc9d9-ddb5-4fa4-a97d-d965ccfc6d4b" outcome="Passed" testListId="8c84fa94-04c1-424b-9868-57a2d4851a1d" relativeResultsDirectory="bb81dd0b-4abe-4521-aebb-6c5fe0b17f18" />
    <UnitTestResult executionId="c921f304-7ab7-4f4b-9ee2-8576ec1b758c" testId="e0851e91-a670-d8dc-99e6-02616c339625" testName="SerializableAccessControlSystemUnitTest" computerName="DKSR-EFI-06" duration="00:00:00.0009512" startTime="2024-01-09T15:45:11.1856350+01:00" endTime="2024-01-09T15:45:11.1856350+01:00" testType="13cdc9d9-ddb5-4fa4-a97d-d965ccfc6d4b" outcome="Passed" testListId="8c84fa94-04c1-424b-9868-57a2d4851a1d" relativeResultsDirectory="c921f304-7ab7-4f4b-9ee2-8576ec1b758c" />
    <UnitTestResult executionId="b9336efe-8886-4031-b272-973fc897ed5b" testId="d6780396-830c-7fe4-0552-38cc4c5ec5db" testName="TestServerStatus" computerName="DKSR-EFI-06" duration="00:00:00.0178637" startTime="2024-01-09T15:45:11.1075096+01:00" endTime="2024-01-09T15:45:11.1231350+01:00" testType="13cdc9d9-ddb5-4fa4-a97d-d965ccfc6d4b" outcome="Passed" testListId="8c84fa94-04c1-424b-9868-57a2d4851a1d" relativeResultsDirectory="b9336efe-8886-4031-b272-973fc897ed5b" />
    <UnitTestResult executionId="7cf0d206-0eb9-43b4-b95a-1510f5cdc477" testId="6931bbd1-71bf-30c4-dbea-536f1da25854" testName="TestGetExportRulePerChannelName" computerName="DKSR-EFI-06" duration="00:00:00.0006586" startTime="2024-01-09T15:45:11.2950083+01:00" endTime="2024-01-09T15:45:11.2950083+01:00" testType="13cdc9d9-ddb5-4fa4-a97d-d965ccfc6d4b" outcome="Passed" testListId="8c84fa94-04c1-424b-9868-57a2d4851a1d" relativeResultsDirectory="7cf0d206-0eb9-43b4-b95a-1510f5cdc477" />
  </Results>
  <TestDefinitions>
    <UnitTest name="TestDefaultLongParamsValue" storage="d:\actions-runner\_work\xpco\xpco\mobile\mobileserver\mobileserverbinaries\videoos.mobile.portable.test\src\bin\debug\net472\videoos.mobile.portable.test.dll" id="f62fc6fd-d943-4e65-24c6-290750bd8039">
      <TestCategory>
        <TestCategoryItem TestCategory="Fast" />
      </TestCategory>
      <Execution id="bdf4f040-52a0-42d5-b352-7e8881fc6934" />
      <TestMethod codeBase="D:\actions-runner\_work\XPCO\XPCO\Mobile\MobileServer\MobileServerBinaries\VideoOS.Mobile.Portable.Test\src\bin\Debug\net472\VideoOS.Mobile.Portable.Test.dll" adapterTypeName="executor://mstestadapter/v2" className="VideoOS.Mobile.Portable.Test.MetaChannel.ParamsValidatorTest" name="TestDefaultLongParamsValue" />
    </UnitTest>
    <UnitTest name="TestMaxPublicKeyLength" storage="d:\actions-runner\_work\xpco\xpco\mobile\mobileserver\mobileserverbinaries\videoos.mobile.portable.test\src\bin\debug\net472\videoos.mobile.portable.test.dll" id="04ce3062-f9f7-3263-c0c0-097376be0781">
      <TestCategory>
        <TestCategoryItem TestCategory="LongRunning" />
      </TestCategory>
      <Execution id="954df28c-b666-43b9-b251-8c86f2fd9b10" />
      <TestMethod codeBase="D:\actions-runner\_work\XPCO\XPCO\Mobile\MobileServer\MobileServerBinaries\VideoOS.Mobile.Portable.Test\src\bin\Debug\net472\VideoOS.Mobile.Portable.Test.dll" adapterTypeName="executor://mstestadapter/v2" className="VideoOS.Mobile.Portable.Test.Encryption.DHEncryptionTests" name="TestMaxPublicKeyLength" />
    </UnitTest>
    <UnitTest name="TestDeviceScanner" storage="d:\actions-runner\_work\xpco\xpco\mobile\mobileserver\mobileserverbinaries\videoos.mobile.portable.test\src\bin\debug\net472\videoos.mobile.portable.test.dll" id="5a1e38d2-1398-6c33-36ab-3558e783ea0b">
      <TestCategory>
        <TestCategoryItem TestCategory="LongRunning" />
      </TestCategory>
      <Execution id="1a3c2127-b836-4874-aff9-e2e8cabb3d6b" />
      <TestMethod codeBase="D:\actions-runner\_work\XPCO\XPCO\Mobile\MobileServer\MobileServerBinaries\VideoOS.Mobile.Portable.Test\src\bin\Debug\net472\VideoOS.Mobile.Portable.Test.dll" adapterTypeName="executor://mstestadapter/v2" className="VideoOS.Mobile.Portable.Test.Upnp.DeviceScannerTests" name="TestDeviceScanner" />
    </UnitTest>
    <UnitTest name="TestBinaryFrameHeaderHelperReadWrite" storage="d:\actions-runner\_work\xpco\xpco\mobile\mobileserver\mobileserverbinaries\videoos.mobile.portable.test\src\bin\debug\net472\videoos.mobile.portable.test.dll" id="c39bcd4d-06bf-fa86-a9ef-551e745d994b">
      <TestCategory>
        <TestCategoryItem TestCategory="Fast" />
      </TestCategory>
      <Execution id="4fa80200-fce1-4e61-be58-36abff4339ca" />
      <TestMethod codeBase="D:\actions-runner\_work\XPCO\XPCO\Mobile\MobileServer\MobileServerBinaries\VideoOS.Mobile.Portable.Test\src\bin\Debug\net472\VideoOS.Mobile.Portable.Test.dll" adapterTypeName="executor://mstestadapter/v2" className="VideoOS.Mobile.Portable.Test.VideoChannel.Binary.BinaryFrameHeaderHelperTests" name="TestBinaryFrameHeaderHelperReadWrite" />
    </UnitTest>
    <UnitTest name="TestGetVersionString" storage="d:\actions-runner\_work\xpco\xpco\mobile\mobileserver\mobileserverbinaries\videoos.mobile.portable.test\src\bin\debug\net472\videoos.mobile.portable.test.dll" id="897f220a-2a14-f141-becf-7d18dcd58171">
      <TestCategory>
        <TestCategoryItem TestCategory="Fast" />
      </TestCategory>
      <Execution id="f39734ee-6c08-4060-8ad5-e13cd1ac1217" />
      <TestMethod codeBase="D:\actions-runner\_work\XPCO\XPCO\Mobile\MobileServer\MobileServerBinaries\VideoOS.Mobile.Portable.Test\src\bin\Debug\net472\VideoOS.Mobile.Portable.Test.dll" adapterTypeName="executor://mstestadapter/v2" className="VideoOS.Mobile.Portable.Test.Version.ConstantsTest" name="TestGetVersionString" />
    </UnitTest>
    <UnitTest name="TestGetItemOnNotExisting" storage="d:\actions-runner\_work\xpco\xpco\mobile\mobileserver\mobileserverbinaries\videoos.mobile.portable.test\src\bin\debug\net472\videoos.mobile.portable.test.dll" id="79b02fef-775e-16e7-8733-362232a45876">
      <TestCategory>
        <TestCategoryItem TestCategory="Fast" />
      </TestCategory>
      <Execution id="4dbb0826-a7f8-43ea-b8e9-fbb0e351017f" />
      <TestMethod codeBase="D:\actions-runner\_work\XPCO\XPCO\Mobile\MobileServer\MobileServerBinaries\VideoOS.Mobile.Portable.Test\src\bin\Debug\net472\VideoOS.Mobile.Portable.Test.dll" adapterTypeName="executor://mstestadapter/v2" className="VideoOS.Mobile.Portable.Test.ViewGroupItem.ViewGroupTreeTests" name="TestGetItemOnNotExisting" />
    </UnitTest>
    <UnitTest name="SafeExcept_IdenticalDicts_EmptyResult" storage="d:\actions-runner\_work\xpco\xpco\mobile\mobileserver\mobileserverbinaries\videoos.mobile.portable.test\src\bin\debug\net472\videoos.mobile.portable.test.dll" id="61616f39-92ea-b4b0-f499-c684a47eca99">
      <TestCategory>
        <TestCategoryItem TestCategory="Fast" />
      </TestCategory>
      <Execution id="e2bccc23-1a4a-4bb5-a8e2-83e97ee6f669" />
      <TestMethod codeBase="D:\actions-runner\_work\XPCO\XPCO\Mobile\MobileServer\MobileServerBinaries\VideoOS.Mobile.Portable.Test\src\bin\Debug\net472\VideoOS.Mobile.Portable.Test.dll" adapterTypeName="executor://mstestadapter/v2" className="VideoOS.Mobile.Portable.Test.Utilities.DictionaryExtensions" name="SafeExcept_IdenticalDicts_EmptyResult" />
    </UnitTest>
    <UnitTest name="TestSerializableServerEndpoint" storage="d:\actions-runner\_work\xpco\xpco\mobile\mobileserver\mobileserverbinaries\videoos.mobile.portable.test\src\bin\debug\net472\videoos.mobile.portable.test.dll" id="eeb85854-37e8-5665-aac0-c94abc51fa71">
      <TestCategory>
        <TestCategoryItem TestCategory="Fast" />
      </TestCategory>
      <Execution id="86388f6d-59c7-489a-95bd-ecff8c078344" />
      <TestMethod codeBase="D:\actions-runner\_work\XPCO\XPCO\Mobile\MobileServer\MobileServerBinaries\VideoOS.Mobile.Portable.Test\src\bin\Debug\net472\VideoOS.Mobile.Portable.Test.dll" adapterTypeName="executor://mstestadapter/v2" className="VideoOS.Mobile.Portable.Test.MetaChannel.CommEntries.SerializableServerEndpointTest" name="TestSerializableServerEndpoint" />
    </UnitTest>
    <UnitTest name="TestConvertTo" storage="d:\actions-runner\_work\xpco\xpco\mobile\mobileserver\mobileserverbinaries\videoos.mobile.portable.test\src\bin\debug\net472\videoos.mobile.portable.test.dll" id="0a659cdb-4b24-c7fd-2564-df86df181d7e">
      <TestCategory>
        <TestCategoryItem TestCategory="Fast" />
      </TestCategory>
      <Execution id="53447801-cc04-42ba-bc09-b2c0046d1f11" />
      <TestMethod codeBase="D:\actions-runner\_work\XPCO\XPCO\Mobile\MobileServer\MobileServerBinaries\VideoOS.Mobile.Portable.Test\src\bin\Debug\net472\VideoOS.Mobile.Portable.Test.dll" adapterTypeName="executor://mstestadapter/v2" className="VideoOS.Mobile.Portable.Test.VideoChannel.Binary.StreamInfoTests" name="TestConvertTo" />
    </UnitTest>
    <UnitTest name="TestTimeoutUpdateChecker" storage="d:\actions-runner\_work\xpco\xpco\mobile\mobileserver\mobileserverbinaries\videoos.mobile.portable.test\src\bin\debug\net472\videoos.mobile.portable.test.dll" id="85c9bd99-890d-4b56-a986-96ca910d7e63">
      <TestCategory>
        <TestCategoryItem TestCategory="LongRunning" />
      </TestCategory>
      <Execution id="acad8f8b-a75e-45f8-92e1-3cf013d4a50f" />
      <TestMethod codeBase="D:\actions-runner\_work\XPCO\XPCO\Mobile\MobileServer\MobileServerBinaries\VideoOS.Mobile.Portable.Test\src\bin\Debug\net472\VideoOS.Mobile.Portable.Test.dll" adapterTypeName="executor://mstestadapter/v2" className="VideoOS.Mobile.Portable.Test.Utilities.TimeoutUpdateCheckerTest" name="TestTimeoutUpdateChecker" />
    </UnitTest>
    <UnitTest name="TestCheckGetAccessControlDoorParamsOnMaskSome" storage="d:\actions-runner\_work\xpco\xpco\mobile\mobileserver\mobileserverbinaries\videoos.mobile.portable.test\src\bin\debug\net472\videoos.mobile.portable.test.dll" id="dd6c5b04-db09-f3f4-f296-73810d7cb64d">
      <TestCategory>
        <TestCategoryItem TestCategory="Fast" />
      </TestCategory>
      <Execution id="ee3c4776-5978-498a-b5ac-fcee0160bd1c" />
      <TestMethod codeBase="D:\actions-runner\_work\XPCO\XPCO\Mobile\MobileServer\MobileServerBinaries\VideoOS.Mobile.Portable.Test\src\bin\Debug\net472\VideoOS.Mobile.Portable.Test.dll" adapterTypeName="executor://mstestadapter/v2" className="VideoOS.Mobile.Portable.Test.VideoChannel.AccessControlParams.ExecuteAccessControlCommandParamsTests" name="TestCheckGetAccessControlDoorParamsOnMaskSome" />
    </UnitTest>
    <UnitTest name="CreateWithMultipleItemIdNodesContainsInvalid" storage="d:\actions-runner\_work\xpco\xpco\mobile\mobileserver\mobileserverbinaries\videoos.mobile.portable.test\src\bin\debug\net472\videoos.mobile.portable.test.dll" id="985cc37d-f396-fb1f-8fa8-02590a4133b3">
      <TestCategory>
        <TestCategoryItem TestCategory="Fast" />
      </TestCategory>
      <Execution id="5c002b15-558e-4264-b4db-33dc948433bf" />
      <TestMethod codeBase="D:\actions-runner\_work\XPCO\XPCO\Mobile\MobileServer\MobileServerBinaries\VideoOS.Mobile.Portable.Test\src\bin\Debug\net472\VideoOS.Mobile.Portable.Test.dll" adapterTypeName="executor://mstestadapter/v2" className="VideoOS.Mobile.Portable.Test.VideoChannel.Params.AudioParamsTests" name="CreateWithMultipleItemIdNodesContainsInvalid" />
    </UnitTest>
    <UnitTest name="TestGetVideoUpParamPerChannelName" storage="d:\actions-runner\_work\xpco\xpco\mobile\mobileserver\mobileserverbinaries\videoos.mobile.portable.test\src\bin\debug\net472\videoos.mobile.portable.test.dll" id="68124f2a-b96e-cc3f-a1bd-10161ec0e4bf">
      <TestCategory>
        <TestCategoryItem TestCategory="Fast" />
      </TestCategory>
      <Execution id="a8c336e4-a7de-4609-8a89-fcbcf9440a93" />
      <TestMethod codeBase="D:\actions-runner\_work\XPCO\XPCO\Mobile\MobileServer\MobileServerBinaries\VideoOS.Mobile.Portable.Test\src\bin\Debug\net472\VideoOS.Mobile.Portable.Test.dll" adapterTypeName="executor://mstestadapter/v2" className="VideoOS.Mobile.Portable.Test.Management.DefinitionsTests" name="TestGetVideoUpParamPerChannelName" />
    </UnitTest>
    <UnitTest name="TransactionTestOk" storage="d:\actions-runner\_work\xpco\xpco\mobile\mobileserver\mobileserverbinaries\videoos.mobile.portable.test\src\bin\debug\net472\videoos.mobile.portable.test.dll" id="e0ea3d14-723c-47b3-ddab-432c2a1d6d19">
      <TestCategory>
        <TestCategoryItem TestCategory="Fast" />
      </TestCategory>
      <Execution id="8fc52ecf-e244-4efa-9e06-80ebb37d3174" />
      <TestMethod codeBase="D:\actions-runner\_work\XPCO\XPCO\Mobile\MobileServer\MobileServerBinaries\VideoOS.Mobile.Portable.Test\src\bin\Debug\net472\VideoOS.Mobile.Portable.Test.dll" adapterTypeName="executor://mstestadapter/v2" className="VideoOS.Mobile.Portable.Test.Utilities.Transaction.TransactionTest" name="TransactionTestOk" />
    </UnitTest>
    <UnitTest name="TestCheckGetAccessControlDoorParamsOnMaskAll" storage="d:\actions-runner\_work\xpco\xpco\mobile\mobileserver\mobileserverbinaries\videoos.mobile.portable.test\src\bin\debug\net472\videoos.mobile.portable.test.dll" id="5b751b2e-856c-cd39-f9a0-5d2464051690">
      <TestCategory>
        <TestCategoryItem TestCategory="Fast" />
      </TestCategory>
      <Execution id="69a04801-8996-4dd9-a422-a30d1c1c30be" />
      <TestMethod codeBase="D:\actions-runner\_work\XPCO\XPCO\Mobile\MobileServer\MobileServerBinaries\VideoOS.Mobile.Portable.Test\src\bin\Debug\net472\VideoOS.Mobile.Portable.Test.dll" adapterTypeName="executor://mstestadapter/v2" className="VideoOS.Mobile.Portable.Test.VideoChannel.AccessControlParams.ExecuteAccessControlCommandParamsTests" name="TestCheckGetAccessControlDoorParamsOnMaskAll" />
    </UnitTest>
    <UnitTest name="TestThreadSafeFrameQueue" storage="d:\actions-runner\_work\xpco\xpco\mobile\mobileserver\mobileserverbinaries\videoos.mobile.portable.test\src\bin\debug\net472\videoos.mobile.portable.test.dll" id="4656baf0-58f8-4ccc-c9e7-4d23dd1e63fb">
      <TestCategory>
        <TestCategoryItem TestCategory="Fast" />
      </TestCategory>
      <Execution id="5d21230c-f725-48aa-906f-ca0116f967b6" />
      <TestMethod codeBase="D:\actions-runner\_work\XPCO\XPCO\Mobile\MobileServer\MobileServerBinaries\VideoOS.Mobile.Portable.Test\src\bin\Debug\net472\VideoOS.Mobile.Portable.Test.dll" adapterTypeName="executor://mstestadapter/v2" className="VideoOS.Mobile.Portable.Test.Utilities.ThreadSafeFrameQueueTests" name="TestThreadSafeFrameQueue" />
    </UnitTest>
    <UnitTest name="TestLongParamsKey" storage="d:\actions-runner\_work\xpco\xpco\mobile\mobileserver\mobileserverbinaries\videoos.mobile.portable.test\src\bin\debug\net472\videoos.mobile.portable.test.dll" id="d220443a-1785-17f2-f250-2c1430573c0f">
      <TestCategory>
        <TestCategoryItem TestCategory="Fast" />
      </TestCategory>
      <Execution id="c83140c7-75dd-48dd-8542-c9876e9142e9" />
      <TestMethod codeBase="D:\actions-runner\_work\XPCO\XPCO\Mobile\MobileServer\MobileServerBinaries\VideoOS.Mobile.Portable.Test\src\bin\Debug\net472\VideoOS.Mobile.Portable.Test.dll" adapterTypeName="executor://mstestadapter/v2" className="VideoOS.Mobile.Portable.Test.MetaChannel.ParamsValidatorTest" name="TestLongParamsKey" />
    </UnitTest>
    <UnitTest name="TestSsdpMessageSearchResponse" storage="d:\actions-runner\_work\xpco\xpco\mobile\mobileserver\mobileserverbinaries\videoos.mobile.portable.test\src\bin\debug\net472\videoos.mobile.portable.test.dll" id="2b96f371-1acf-8624-e77d-15884ff35382">
      <TestCategory>
        <TestCategoryItem TestCategory="Fast" />
      </TestCategory>
      <Execution id="10d3fe3a-1e17-4855-9d16-304dc548f964" />
      <TestMethod codeBase="D:\actions-runner\_work\XPCO\XPCO\Mobile\MobileServer\MobileServerBinaries\VideoOS.Mobile.Portable.Test\src\bin\Debug\net472\VideoOS.Mobile.Portable.Test.dll" adapterTypeName="executor://mstestadapter/v2" className="VideoOS.Mobile.Portable.Test.Upnp.SsdpMessage.SsdpMessageSearchResponseTests" name="TestSsdpMessageSearchResponse" />
    </UnitTest>
    <UnitTest name="TestSerializeOnMockObject" storage="d:\actions-runner\_work\xpco\xpco\mobile\mobileserver\mobileserverbinaries\videoos.mobile.portable.test\src\bin\debug\net472\videoos.mobile.portable.test.dll" id="43573551-a3b6-5e4a-6cc0-44e7bdf427c3">
      <TestCategory>
        <TestCategoryItem TestCategory="LongRunning" />
      </TestCategory>
      <Execution id="b0fe9e01-2201-4285-8616-dae1d4d7f37a" />
      <TestMethod codeBase="D:\actions-runner\_work\XPCO\XPCO\Mobile\MobileServer\MobileServerBinaries\VideoOS.Mobile.Portable.Test\src\bin\Debug\net472\VideoOS.Mobile.Portable.Test.dll" adapterTypeName="executor://mstestadapter/v2" className="VideoOS.Mobile.Portable.Test.MetaChannel.Serializers.JsonMessageSerializer" name="TestSerializeOnMockObject" />
    </UnitTest>
    <UnitTest name="TestSortSubItemShouldBeSortedByNames" storage="d:\actions-runner\_work\xpco\xpco\mobile\mobileserver\mobileserverbinaries\videoos.mobile.portable.test\src\bin\debug\net472\videoos.mobile.portable.test.dll" id="34350c6e-6a58-0a5e-9e7c-3fb1ad99ef16">
      <TestCategory>
        <TestCategoryItem TestCategory="Fast" />
      </TestCategory>
      <Execution id="404f3cdb-20a3-45a2-a9e1-0b8c21e549e9" />
      <TestMethod codeBase="D:\actions-runner\_work\XPCO\XPCO\Mobile\MobileServer\MobileServerBinaries\VideoOS.Mobile.Portable.Test\src\bin\Debug\net472\VideoOS.Mobile.Portable.Test.dll" adapterTypeName="executor://mstestadapter/v2" className="VideoOS.Mobile.Portable.Test.OEGroupItem.OEGroupTreeTests" name="TestSortSubItemShouldBeSortedByNames" />
    </UnitTest>
    <UnitTest name="TestCheckGetAccessControlDoorParamsOnMaskAll" storage="d:\actions-runner\_work\xpco\xpco\mobile\mobileserver\mobileserverbinaries\videoos.mobile.portable.test\src\bin\debug\net472\videoos.mobile.portable.test.dll" id="231c275f-c35c-d319-fb0d-042d3bbc01f6">
      <TestCategory>
        <TestCategoryItem TestCategory="Fast" />
      </TestCategory>
      <Execution id="144d1e37-7574-467a-94d2-0110565dd205" />
      <TestMethod codeBase="D:\actions-runner\_work\XPCO\XPCO\Mobile\MobileServer\MobileServerBinaries\VideoOS.Mobile.Portable.Test\src\bin\Debug\net472\VideoOS.Mobile.Portable.Test.dll" adapterTypeName="executor://mstestadapter/v2" className="VideoOS.Mobile.Portable.Test.VideoChannel.AccessControlParams.GetAccessControlEventsParamsTests" name="TestCheckGetAccessControlDoorParamsOnMaskAll" />
    </UnitTest>
    <UnitTest name="TestCommunicationEntry" storage="d:\actions-runner\_work\xpco\xpco\mobile\mobileserver\mobileserverbinaries\videoos.mobile.portable.test\src\bin\debug\net472\videoos.mobile.portable.test.dll" id="4a208dea-2e5c-d7dd-52cd-cac88f53f83b">
      <TestCategory>
        <TestCategoryItem TestCategory="LongRunning" />
      </TestCategory>
      <Execution id="6a1e66df-a63f-4852-a598-339884f1e462" />
      <TestMethod codeBase="D:\actions-runner\_work\XPCO\XPCO\Mobile\MobileServer\MobileServerBinaries\VideoOS.Mobile.Portable.Test\src\bin\Debug\net472\VideoOS.Mobile.Portable.Test.dll" adapterTypeName="executor://mstestadapter/v2" className="VideoOS.Mobile.Portable.Test.MetaChannel.CommunicationEntryTests" name="TestCommunicationEntry" />
    </UnitTest>
    <UnitTest name="TestCycleThread" storage="d:\actions-runner\_work\xpco\xpco\mobile\mobileserver\mobileserverbinaries\videoos.mobile.portable.test\src\bin\debug\net472\videoos.mobile.portable.test.dll" id="92b3e0d1-edc6-8b4a-00eb-2b333f2456f8">
      <TestCategory>
        <TestCategoryItem TestCategory="Fast" />
      </TestCategory>
      <Execution id="a463684d-c4c3-4997-a388-c94bb45565f1" />
      <TestMethod codeBase="D:\actions-runner\_work\XPCO\XPCO\Mobile\MobileServer\MobileServerBinaries\VideoOS.Mobile.Portable.Test\src\bin\Debug\net472\VideoOS.Mobile.Portable.Test.dll" adapterTypeName="executor://mstestadapter/v2" className="VideoOS.Mobile.Portable.Test.Utilities.CycleThreadMemberTests" name="TestCycleThread" />
    </UnitTest>
    <UnitTest name="TestGetAllCamerasFolder" storage="d:\actions-runner\_work\xpco\xpco\mobile\mobileserver\mobileserverbinaries\videoos.mobile.portable.test\src\bin\debug\net472\videoos.mobile.portable.test.dll" id="088fa787-7266-7a61-8a2f-028a21316df9">
      <TestCategory>
        <TestCategoryItem TestCategory="Fast" />
      </TestCategory>
      <Execution id="f834ac4b-8a5d-4972-b12a-bd5925e30071" />
      <TestMethod codeBase="D:\actions-runner\_work\XPCO\XPCO\Mobile\MobileServer\MobileServerBinaries\VideoOS.Mobile.Portable.Test\src\bin\Debug\net472\VideoOS.Mobile.Portable.Test.dll" adapterTypeName="executor://mstestadapter/v2" className="VideoOS.Mobile.Portable.Test.ViewGroupItem.ViewGroupTreeTests" name="TestGetAllCamerasFolder" />
    </UnitTest>
    <UnitTest name="TestCameraRelatedIdsEqualityComparer" storage="d:\actions-runner\_work\xpco\xpco\mobile\mobileserver\mobileserverbinaries\videoos.mobile.portable.test\src\bin\debug\net472\videoos.mobile.portable.test.dll" id="faeb832b-d6f9-7e26-be4d-fbf5dc7d77ac">
      <TestCategory>
        <TestCategoryItem TestCategory="Fast" />
      </TestCategory>
      <Execution id="f17d5845-76c5-4fa1-9e0f-ad7ec2351cb2" />
      <TestMethod codeBase="D:\actions-runner\_work\XPCO\XPCO\Mobile\MobileServer\MobileServerBinaries\VideoOS.Mobile.Portable.Test\src\bin\Debug\net472\VideoOS.Mobile.Portable.Test.dll" adapterTypeName="executor://mstestadapter/v2" className="VideoOS.Mobile.Portable.Test.VideoChannel.Params.CameraRelatedIdsTest" name="TestCameraRelatedIdsEqualityComparer" />
    </UnitTest>
    <UnitTest name="TestJobActionTaskWorker" storage="d:\actions-runner\_work\xpco\xpco\mobile\mobileserver\mobileserverbinaries\videoos.mobile.portable.test\src\bin\debug\net472\videoos.mobile.portable.test.dll" id="103b8020-90d8-f2fc-0593-d6746feb5a88">
      <TestCategory>
        <TestCategoryItem TestCategory="Fast" />
      </TestCategory>
      <Execution id="3c046ed0-eb3c-40c3-8061-043afd93a936" />
      <TestMethod codeBase="D:\actions-runner\_work\XPCO\XPCO\Mobile\MobileServer\MobileServerBinaries\VideoOS.Mobile.Portable.Test\src\bin\Debug\net472\VideoOS.Mobile.Portable.Test.dll" adapterTypeName="executor://mstestadapter/v2" className="VideoOS.Mobile.Portable.Test.Utilities.Async.JobPoolTest" name="TestJobActionTaskWorker" />
    </UnitTest>
    <UnitTest name="TestCycleThreadMember" storage="d:\actions-runner\_work\xpco\xpco\mobile\mobileserver\mobileserverbinaries\videoos.mobile.portable.test\src\bin\debug\net472\videoos.mobile.portable.test.dll" id="c2dfb93e-753a-4c0f-dd1d-3f3cc8d0d4aa">
      <TestCategory>
        <TestCategoryItem TestCategory="LongRunning" />
      </TestCategory>
      <Execution id="b612545c-1183-4e20-84c4-96ac89fd648f" />
      <TestMethod codeBase="D:\actions-runner\_work\XPCO\XPCO\Mobile\MobileServer\MobileServerBinaries\VideoOS.Mobile.Portable.Test\src\bin\Debug\net472\VideoOS.Mobile.Portable.Test.dll" adapterTypeName="executor://mstestadapter/v2" className="VideoOS.Mobile.Portable.Test.Utilities.CycleThreadMemberTests" name="TestCycleThreadMember" />
    </UnitTest>
    <UnitTest name="SerializableAccessControlUnitTest" storage="d:\actions-runner\_work\xpco\xpco\mobile\mobileserver\mobileserverbinaries\videoos.mobile.portable.test\src\bin\debug\net472\videoos.mobile.portable.test.dll" id="d042bb42-32c7-2eba-63d7-8dcdf6002eb0">
      <TestCategory>
        <TestCategoryItem TestCategory="LongRunning" />
      </TestCategory>
      <Execution id="29258dc4-940f-4ec0-ad7b-03bdfc23d4d0" />
      <TestMethod codeBase="D:\actions-runner\_work\XPCO\XPCO\Mobile\MobileServer\MobileServerBinaries\VideoOS.Mobile.Portable.Test\src\bin\Debug\net472\VideoOS.Mobile.Portable.Test.dll" adapterTypeName="executor://mstestadapter/v2" className="VideoOS.Mobile.Portable.Test.MetaChannel.CommEntries.SerializableAccessControlTest" name="SerializableAccessControlUnitTest" />
    </UnitTest>
    <UnitTest name="TestInvitationsParamsForAbsUsage" storage="d:\actions-runner\_work\xpco\xpco\mobile\mobileserver\mobileserverbinaries\videoos.mobile.portable.test\src\bin\debug\net472\videoos.mobile.portable.test.dll" id="bcf36bf8-26ae-d467-b963-c0af84b8f958">
      <TestCategory>
        <TestCategoryItem TestCategory="Fast" />
      </TestCategory>
      <Execution id="7779e7f1-0177-4631-b07a-bdacdb278602" />
      <TestMethod codeBase="D:\actions-runner\_work\XPCO\XPCO\Mobile\MobileServer\MobileServerBinaries\VideoOS.Mobile.Portable.Test\src\bin\Debug\net472\VideoOS.Mobile.Portable.Test.dll" adapterTypeName="executor://mstestadapter/v2" className="VideoOS.Mobile.Portable.Test.VideoChannel.Params.InvitationsParamsTest" name="TestInvitationsParamsForAbsUsage" />
    </UnitTest>
    <UnitTest name="TestGetEnabledValueOnFalse" storage="d:\actions-runner\_work\xpco\xpco\mobile\mobileserver\mobileserverbinaries\videoos.mobile.portable.test\src\bin\debug\net472\videoos.mobile.portable.test.dll" id="3b7ec4a0-90b0-6f4f-3ea4-7165c75e21d0">
      <TestCategory>
        <TestCategoryItem TestCategory="Fast" />
      </TestCategory>
      <Execution id="a7db6026-f9ad-412d-81f8-9f86ac8636dc" />
      <TestMethod codeBase="D:\actions-runner\_work\XPCO\XPCO\Mobile\MobileServer\MobileServerBinaries\VideoOS.Mobile.Portable.Test\src\bin\Debug\net472\VideoOS.Mobile.Portable.Test.dll" adapterTypeName="executor://mstestadapter/v2" className="VideoOS.Mobile.Portable.Test.Management.DefinitionsTests" name="TestGetEnabledValueOnFalse" />
    </UnitTest>
    <UnitTest name="TestGetExportRulePerChannelName" storage="d:\actions-runner\_work\xpco\xpco\mobile\mobileserver\mobileserverbinaries\videoos.mobile.portable.test\src\bin\debug\net472\videoos.mobile.portable.test.dll" id="6931bbd1-71bf-30c4-dbea-536f1da25854">
      <TestCategory>
        <TestCategoryItem TestCategory="Fast" />
      </TestCategory>
      <Execution id="7cf0d206-0eb9-43b4-b95a-1510f5cdc477" />
      <TestMethod codeBase="D:\actions-runner\_work\XPCO\XPCO\Mobile\MobileServer\MobileServerBinaries\VideoOS.Mobile.Portable.Test\src\bin\Debug\net472\VideoOS.Mobile.Portable.Test.dll" adapterTypeName="executor://mstestadapter/v2" className="VideoOS.Mobile.Portable.Test.Management.DefinitionsTests" name="TestGetExportRulePerChannelName" />
    </UnitTest>
    <UnitTest name="TestJpegHelper" storage="d:\actions-runner\_work\xpco\xpco\mobile\mobileserver\mobileserverbinaries\videoos.mobile.portable.test\src\bin\debug\net472\videoos.mobile.portable.test.dll" id="8f2d192e-6968-5656-1e7d-17d269b0af37">
      <TestCategory>
        <TestCategoryItem TestCategory="Fast" />
      </TestCategory>
      <Execution id="303f5040-89a9-4f27-9e92-b838239fa7bb" />
      <TestMethod codeBase="D:\actions-runner\_work\XPCO\XPCO\Mobile\MobileServer\MobileServerBinaries\VideoOS.Mobile.Portable.Test\src\bin\Debug\net472\VideoOS.Mobile.Portable.Test.dll" adapterTypeName="executor://mstestadapter/v2" className="VideoOS.Mobile.Portable.Test.Utilities.JpegHelperTest" name="TestJpegHelper" />
    </UnitTest>
    <UnitTest name="TestItemExistRecursivelyOnNotExisting" storage="d:\actions-runner\_work\xpco\xpco\mobile\mobileserver\mobileserverbinaries\videoos.mobile.portable.test\src\bin\debug\net472\videoos.mobile.portable.test.dll" id="ca41d661-3b93-cb19-54be-f4979402be3e">
      <TestCategory>
        <TestCategoryItem TestCategory="Fast" />
      </TestCategory>
      <Execution id="bb81dd0b-4abe-4521-aebb-6c5fe0b17f18" />
      <TestMethod codeBase="D:\actions-runner\_work\XPCO\XPCO\Mobile\MobileServer\MobileServerBinaries\VideoOS.Mobile.Portable.Test\src\bin\Debug\net472\VideoOS.Mobile.Portable.Test.dll" adapterTypeName="executor://mstestadapter/v2" className="VideoOS.Mobile.Portable.Test.ViewGroupItem.ViewGroupTreeTests" name="TestItemExistRecursivelyOnNotExisting" />
    </UnitTest>
    <UnitTest name="TestDescendantsAndSelf" storage="d:\actions-runner\_work\xpco\xpco\mobile\mobileserver\mobileserverbinaries\videoos.mobile.portable.test\src\bin\debug\net472\videoos.mobile.portable.test.dll" id="4c05ef39-80f2-3140-6a5a-1fbdd2aa58a5">
      <TestCategory>
        <TestCategoryItem TestCategory="Fast" />
      </TestCategory>
      <Execution id="bba56a97-6b3b-4186-b7bc-efbe7724cfb4" />
      <TestMethod codeBase="D:\actions-runner\_work\XPCO\XPCO\Mobile\MobileServer\MobileServerBinaries\VideoOS.Mobile.Portable.Test\src\bin\Debug\net472\VideoOS.Mobile.Portable.Test.dll" adapterTypeName="executor://mstestadapter/v2" className="VideoOS.Mobile.Portable.Test.ViewGroupItem.ViewGroupTreeTests" name="TestDescendantsAndSelf" />
    </UnitTest>
    <UnitTest name="TestDHEncryption" storage="d:\actions-runner\_work\xpco\xpco\mobile\mobileserver\mobileserverbinaries\videoos.mobile.portable.test\src\bin\debug\net472\videoos.mobile.portable.test.dll" id="b4229464-56aa-0cd2-1d2e-ff90378406ec">
      <TestCategory>
        <TestCategoryItem TestCategory="LongRunning" />
      </TestCategory>
      <Execution id="c5647e9f-df4d-41e1-a60f-a42888572f45" />
      <TestMethod codeBase="D:\actions-runner\_work\XPCO\XPCO\Mobile\MobileServer\MobileServerBinaries\VideoOS.Mobile.Portable.Test\src\bin\Debug\net472\VideoOS.Mobile.Portable.Test.dll" adapterTypeName="executor://mstestadapter/v2" className="VideoOS.Mobile.Portable.Test.Encryption.DHEncryptionTests" name="TestDHEncryption" />
    </UnitTest>
    <UnitTest name="SerializableHeartBeat_DeviceState" storage="d:\actions-runner\_work\xpco\xpco\mobile\mobileserver\mobileserverbinaries\videoos.mobile.portable.test\src\bin\debug\net472\videoos.mobile.portable.test.dll" id="1311da5a-fda5-a1c9-268a-8edd4c5efb09">
      <TestCategory>
        <TestCategoryItem TestCategory="Fast" />
      </TestCategory>
      <Execution id="244c8198-7667-41dd-8a84-1ffa78ed2868" />
      <TestMethod codeBase="D:\actions-runner\_work\XPCO\XPCO\Mobile\MobileServer\MobileServerBinaries\VideoOS.Mobile.Portable.Test\src\bin\Debug\net472\VideoOS.Mobile.Portable.Test.dll" adapterTypeName="executor://mstestadapter/v2" className="VideoOS.Mobile.Portable.Test.MetaChannel.CommEntries.SerializableHeartBeatTest" name="SerializableHeartBeat_DeviceState" />
    </UnitTest>
    <UnitTest name="TestGetAccessControlDoorsParamsConvertToCommand" storage="d:\actions-runner\_work\xpco\xpco\mobile\mobileserver\mobileserverbinaries\videoos.mobile.portable.test\src\bin\debug\net472\videoos.mobile.portable.test.dll" id="d4f13f08-1e5d-5742-38da-b2ce0c941164">
      <TestCategory>
        <TestCategoryItem TestCategory="Fast" />
      </TestCategory>
      <Execution id="c0af1321-ee2f-4f16-bbdd-67704cd20ede" />
      <TestMethod codeBase="D:\actions-runner\_work\XPCO\XPCO\Mobile\MobileServer\MobileServerBinaries\VideoOS.Mobile.Portable.Test\src\bin\Debug\net472\VideoOS.Mobile.Portable.Test.dll" adapterTypeName="executor://mstestadapter/v2" className="VideoOS.Mobile.Portable.Test.VideoChannel.AccessControlParams.GetAccessControlDoorsParamsTests" name="TestGetAccessControlDoorsParamsConvertToCommand" />
    </UnitTest>
    <UnitTest name="TestGetServerStatusParams" storage="d:\actions-runner\_work\xpco\xpco\mobile\mobileserver\mobileserverbinaries\videoos.mobile.portable.test\src\bin\debug\net472\videoos.mobile.portable.test.dll" id="512960dd-b83e-465e-1058-554f00dfd8b8">
      <TestCategory>
        <TestCategoryItem TestCategory="Fast" />
      </TestCategory>
      <Execution id="c9d78282-bf60-44f1-baf2-d46a86fea023" />
      <TestMethod codeBase="D:\actions-runner\_work\XPCO\XPCO\Mobile\MobileServer\MobileServerBinaries\VideoOS.Mobile.Portable.Test\src\bin\Debug\net472\VideoOS.Mobile.Portable.Test.dll" adapterTypeName="executor://mstestadapter/v2" className="VideoOS.Mobile.Portable.Test.VideoChannel.Params.GetServerStatusParamsTest" name="TestGetServerStatusParams" />
    </UnitTest>
    <UnitTest name="TestCommandCreateInvestigationParams" storage="d:\actions-runner\_work\xpco\xpco\mobile\mobileserver\mobileserverbinaries\videoos.mobile.portable.test\src\bin\debug\net472\videoos.mobile.portable.test.dll" id="e2294e9e-4d27-ebba-42ce-04c56ecd5174">
      <TestCategory>
        <TestCategoryItem TestCategory="Fast" />
      </TestCategory>
      <Execution id="d9ff4103-bd70-46d6-bf73-0adaddf768b1" />
      <TestMethod codeBase="D:\actions-runner\_work\XPCO\XPCO\Mobile\MobileServer\MobileServerBinaries\VideoOS.Mobile.Portable.Test\src\bin\Debug\net472\VideoOS.Mobile.Portable.Test.dll" adapterTypeName="executor://mstestadapter/v2" className="VideoOS.Mobile.Portable.Test.MetaChannel.ParamsValidatorTest" name="TestCommandCreateInvestigationParams" />
    </UnitTest>
    <UnitTest name="TestDeserializeOnSerializedMockObject" storage="d:\actions-runner\_work\xpco\xpco\mobile\mobileserver\mobileserverbinaries\videoos.mobile.portable.test\src\bin\debug\net472\videoos.mobile.portable.test.dll" id="b61f5faf-bbb8-9562-8530-04e17fcb6253">
      <TestCategory>
        <TestCategoryItem TestCategory="Fast" />
      </TestCategory>
      <Execution id="a0c9a3cd-546c-40cf-aa8b-d3f0e87992e8" />
      <TestMethod codeBase="D:\actions-runner\_work\XPCO\XPCO\Mobile\MobileServer\MobileServerBinaries\VideoOS.Mobile.Portable.Test\src\bin\Debug\net472\VideoOS.Mobile.Portable.Test.dll" adapterTypeName="executor://mstestadapter/v2" className="VideoOS.Mobile.Portable.Test.MetaChannel.Serializers.XmlMessageSerializerTests" name="TestDeserializeOnSerializedMockObject" />
    </UnitTest>
    <UnitTest name="TestBinaryFrameHeaderHelperStringStructures" storage="d:\actions-runner\_work\xpco\xpco\mobile\mobileserver\mobileserverbinaries\videoos.mobile.portable.test\src\bin\debug\net472\videoos.mobile.portable.test.dll" id="f0c27f8f-dc6a-e6c6-4bde-66c86e9128df">
      <TestCategory>
        <TestCategoryItem TestCategory="Fast" />
      </TestCategory>
      <Execution id="940c1fa2-c79d-408b-ab20-9d0fa32ae889" />
      <TestMethod codeBase="D:\actions-runner\_work\XPCO\XPCO\Mobile\MobileServer\MobileServerBinaries\VideoOS.Mobile.Portable.Test\src\bin\Debug\net472\VideoOS.Mobile.Portable.Test.dll" adapterTypeName="executor://mstestadapter/v2" className="VideoOS.Mobile.Portable.Test.VideoChannel.Binary.BinaryFrameHeaderHelperTests" name="TestBinaryFrameHeaderHelperStringStructures" />
    </UnitTest>
    <UnitTest name="TestBookmarkParams" storage="d:\actions-runner\_work\xpco\xpco\mobile\mobileserver\mobileserverbinaries\videoos.mobile.portable.test\src\bin\debug\net472\videoos.mobile.portable.test.dll" id="13711fab-d288-81f4-624e-784e8b729671">
      <TestCategory>
        <TestCategoryItem TestCategory="Fast" />
      </TestCategory>
      <Execution id="968889c0-7f42-46e7-9d0a-0292106788e3" />
      <TestMethod codeBase="D:\actions-runner\_work\XPCO\XPCO\Mobile\MobileServer\MobileServerBinaries\VideoOS.Mobile.Portable.Test\src\bin\Debug\net472\VideoOS.Mobile.Portable.Test.dll" adapterTypeName="executor://mstestadapter/v2" className="VideoOS.Mobile.Portable.Test.VideoChannel.Params.BookmarkParamsTests" name="TestBookmarkParams" />
    </UnitTest>
    <UnitTest name="TestDeserializeOnSerializedMockObject" storage="d:\actions-runner\_work\xpco\xpco\mobile\mobileserver\mobileserverbinaries\videoos.mobile.portable.test\src\bin\debug\net472\videoos.mobile.portable.test.dll" id="3443f331-0139-71b1-c7d5-4d2e145f43ba">
      <TestCategory>
        <TestCategoryItem TestCategory="LongRunning" />
      </TestCategory>
      <Execution id="a97610cc-784a-4d09-a708-1a4d8017d068" />
      <TestMethod codeBase="D:\actions-runner\_work\XPCO\XPCO\Mobile\MobileServer\MobileServerBinaries\VideoOS.Mobile.Portable.Test\src\bin\Debug\net472\VideoOS.Mobile.Portable.Test.dll" adapterTypeName="executor://mstestadapter/v2" className="VideoOS.Mobile.Portable.Test.MetaChannel.Serializers.JsonMessageSerializer" name="TestDeserializeOnSerializedMockObject" />
    </UnitTest>
    <UnitTest name="TestCommandSpecificLongParams" storage="d:\actions-runner\_work\xpco\xpco\mobile\mobileserver\mobileserverbinaries\videoos.mobile.portable.test\src\bin\debug\net472\videoos.mobile.portable.test.dll" id="e758a702-5ae2-aff8-5e65-773daf4a80d3">
      <TestCategory>
        <TestCategoryItem TestCategory="Fast" />
      </TestCategory>
      <Execution id="cc86d8f0-0806-4609-9958-d932fb2a3c91" />
      <TestMethod codeBase="D:\actions-runner\_work\XPCO\XPCO\Mobile\MobileServer\MobileServerBinaries\VideoOS.Mobile.Portable.Test\src\bin\Debug\net472\VideoOS.Mobile.Portable.Test.dll" adapterTypeName="executor://mstestadapter/v2" className="VideoOS.Mobile.Portable.Test.MetaChannel.ParamsValidatorTest" name="TestCommandSpecificLongParams" />
    </UnitTest>
    <UnitTest name="TransactionTestException" storage="d:\actions-runner\_work\xpco\xpco\mobile\mobileserver\mobileserverbinaries\videoos.mobile.portable.test\src\bin\debug\net472\videoos.mobile.portable.test.dll" id="90fec278-52b3-aaac-96f0-4ae4dccc6b62">
      <TestCategory>
        <TestCategoryItem TestCategory="Fast" />
      </TestCategory>
      <Execution id="7b0fe142-1053-480a-aab7-2051c14bb0db" />
      <TestMethod codeBase="D:\actions-runner\_work\XPCO\XPCO\Mobile\MobileServer\MobileServerBinaries\VideoOS.Mobile.Portable.Test\src\bin\Debug\net472\VideoOS.Mobile.Portable.Test.dll" adapterTypeName="executor://mstestadapter/v2" className="VideoOS.Mobile.Portable.Test.Utilities.Transaction.TransactionTest" name="TransactionTestException" />
    </UnitTest>
    <UnitTest name="TestPtzParams" storage="d:\actions-runner\_work\xpco\xpco\mobile\mobileserver\mobileserverbinaries\videoos.mobile.portable.test\src\bin\debug\net472\videoos.mobile.portable.test.dll" id="8bb1f684-9c81-dfe5-a066-1fbb89bbb5b8">
      <TestCategory>
        <TestCategoryItem TestCategory="Fast" />
      </TestCategory>
      <Execution id="8fea661b-9299-4605-9155-36cc6c020603" />
      <TestMethod codeBase="D:\actions-runner\_work\XPCO\XPCO\Mobile\MobileServer\MobileServerBinaries\VideoOS.Mobile.Portable.Test\src\bin\Debug\net472\VideoOS.Mobile.Portable.Test.dll" adapterTypeName="executor://mstestadapter/v2" className="VideoOS.Mobile.Portable.Test.VideoChannel.Params.PtzParamsTests" name="TestPtzParams" />
    </UnitTest>
    <UnitTest name="TestJobActionTaskWorkerException" storage="d:\actions-runner\_work\xpco\xpco\mobile\mobileserver\mobileserverbinaries\videoos.mobile.portable.test\src\bin\debug\net472\videoos.mobile.portable.test.dll" id="4d240a73-de66-3751-d3db-97cdaa89d838">
      <TestCategory>
        <TestCategoryItem TestCategory="Fast" />
      </TestCategory>
      <Execution id="b9ef2ea6-16b2-4525-b206-5a484716dfdb" />
      <TestMethod codeBase="D:\actions-runner\_work\XPCO\XPCO\Mobile\MobileServer\MobileServerBinaries\VideoOS.Mobile.Portable.Test\src\bin\Debug\net472\VideoOS.Mobile.Portable.Test.dll" adapterTypeName="executor://mstestadapter/v2" className="VideoOS.Mobile.Portable.Test.Utilities.Async.JobPoolTest" name="TestJobActionTaskWorkerException" />
    </UnitTest>
    <UnitTest name="TestConfigurationSubItem" storage="d:\actions-runner\_work\xpco\xpco\mobile\mobileserver\mobileserverbinaries\videoos.mobile.portable.test\src\bin\debug\net472\videoos.mobile.portable.test.dll" id="111fd9a1-818b-d976-4c60-8d8c07fd57b0">
      <TestCategory>
        <TestCategoryItem TestCategory="Fast" />
      </TestCategory>
      <Execution id="df8ee47c-33b2-4035-8c96-0708f481c45f" />
      <TestMethod codeBase="D:\actions-runner\_work\XPCO\XPCO\Mobile\MobileServer\MobileServerBinaries\VideoOS.Mobile.Portable.Test\src\bin\Debug\net472\VideoOS.Mobile.Portable.Test.dll" adapterTypeName="executor://mstestadapter/v2" className="VideoOS.Mobile.Portable.Test.MetaChannel.CommEntries.ConfigurationSubItemTests" name="TestConfigurationSubItem" />
    </UnitTest>
    <UnitTest name="TestCorrectCamerasMethod" storage="d:\actions-runner\_work\xpco\xpco\mobile\mobileserver\mobileserverbinaries\videoos.mobile.portable.test\src\bin\debug\net472\videoos.mobile.portable.test.dll" id="eb1eb2f6-d0f4-539d-2fca-1d76573bf07f">
      <TestCategory>
        <TestCategoryItem TestCategory="Fast" />
      </TestCategory>
      <Execution id="ca163e18-c7ad-43ea-9cd9-4673d6928c1d" />
      <TestMethod codeBase="D:\actions-runner\_work\XPCO\XPCO\Mobile\MobileServer\MobileServerBinaries\VideoOS.Mobile.Portable.Test\src\bin\Debug\net472\VideoOS.Mobile.Portable.Test.dll" adapterTypeName="executor://mstestadapter/v2" className="VideoOS.Mobile.Portable.Test.MetaChannel.CommEntries.ExportsTests" name="TestCorrectCamerasMethod" />
    </UnitTest>
    <UnitTest name="TestPlaybackParams" storage="d:\actions-runner\_work\xpco\xpco\mobile\mobileserver\mobileserverbinaries\videoos.mobile.portable.test\src\bin\debug\net472\videoos.mobile.portable.test.dll" id="d85fce34-e785-c982-3019-18dd373e4281">
      <TestCategory>
        <TestCategoryItem TestCategory="Fast" />
      </TestCategory>
      <Execution id="a51c236c-16f9-4f63-accf-2e1ecca0e522" />
      <TestMethod codeBase="D:\actions-runner\_work\XPCO\XPCO\Mobile\MobileServer\MobileServerBinaries\VideoOS.Mobile.Portable.Test\src\bin\Debug\net472\VideoOS.Mobile.Portable.Test.dll" adapterTypeName="executor://mstestadapter/v2" className="VideoOS.Mobile.Portable.Test.VideoChannel.Params.PlaybackParamsTests" name="TestPlaybackParams" />
    </UnitTest>
    <UnitTest name="SerializableAccessControlDoorUnitTest" storage="d:\actions-runner\_work\xpco\xpco\mobile\mobileserver\mobileserverbinaries\videoos.mobile.portable.test\src\bin\debug\net472\videoos.mobile.portable.test.dll" id="aacb5add-5408-6d53-2d8a-e65eaf1fe43d">
      <TestCategory>
        <TestCategoryItem TestCategory="Fast" />
      </TestCategory>
      <Execution id="295c6eb1-1f70-4b50-98cc-c31bad60051a" />
      <TestMethod codeBase="D:\actions-runner\_work\XPCO\XPCO\Mobile\MobileServer\MobileServerBinaries\VideoOS.Mobile.Portable.Test\src\bin\Debug\net472\VideoOS.Mobile.Portable.Test.dll" adapterTypeName="executor://mstestadapter/v2" className="VideoOS.Mobile.Portable.Test.MetaChannel.CommEntries.SerializableAccessControlTest" name="SerializableAccessControlDoorUnitTest" />
    </UnitTest>
    <UnitTest name="TestGetAccessControlEventsParamsConvertToCommand" storage="d:\actions-runner\_work\xpco\xpco\mobile\mobileserver\mobileserverbinaries\videoos.mobile.portable.test\src\bin\debug\net472\videoos.mobile.portable.test.dll" id="2a5ddfab-ff6c-06a9-8082-966e0562b315">
      <TestCategory>
        <TestCategoryItem TestCategory="Fast" />
      </TestCategory>
      <Execution id="d502a677-88a3-49c3-a057-5683c8e0ef15" />
      <TestMethod codeBase="D:\actions-runner\_work\XPCO\XPCO\Mobile\MobileServer\MobileServerBinaries\VideoOS.Mobile.Portable.Test\src\bin\Debug\net472\VideoOS.Mobile.Portable.Test.dll" adapterTypeName="executor://mstestadapter/v2" className="VideoOS.Mobile.Portable.Test.VideoChannel.AccessControlParams.GetAccessControlEventsParamsTests" name="TestGetAccessControlEventsParamsConvertToCommand" />
    </UnitTest>
    <UnitTest name="CreateWithMultipleCommaSeparatedItemIdsContainsInvalid" storage="d:\actions-runner\_work\xpco\xpco\mobile\mobileserver\mobileserverbinaries\videoos.mobile.portable.test\src\bin\debug\net472\videoos.mobile.portable.test.dll" id="9fc69608-9b1b-d5b8-2e22-ca94526907cf">
      <TestCategory>
        <TestCategoryItem TestCategory="Fast" />
      </TestCategory>
      <Execution id="37135c09-9ee4-423e-af23-42ab030e9d41" />
      <TestMethod codeBase="D:\actions-runner\_work\XPCO\XPCO\Mobile\MobileServer\MobileServerBinaries\VideoOS.Mobile.Portable.Test\src\bin\Debug\net472\VideoOS.Mobile.Portable.Test.dll" adapterTypeName="executor://mstestadapter/v2" className="VideoOS.Mobile.Portable.Test.VideoChannel.Params.AudioParamsTests" name="CreateWithMultipleCommaSeparatedItemIdsContainsInvalid" />
    </UnitTest>
    <UnitTest name="TestSerializableItem" storage="d:\actions-runner\_work\xpco\xpco\mobile\mobileserver\mobileserverbinaries\videoos.mobile.portable.test\src\bin\debug\net472\videoos.mobile.portable.test.dll" id="c62f77c5-a701-9213-4a40-64b1d975df1e">
      <TestCategory>
        <TestCategoryItem TestCategory="Fast" />
      </TestCategory>
      <Execution id="a3bcbb16-7476-42f5-acb4-44d4b45fa133" />
      <TestMethod codeBase="D:\actions-runner\_work\XPCO\XPCO\Mobile\MobileServer\MobileServerBinaries\VideoOS.Mobile.Portable.Test\src\bin\Debug\net472\VideoOS.Mobile.Portable.Test.dll" adapterTypeName="executor://mstestadapter/v2" className="VideoOS.Mobile.Portable.Test.MetaChannel.CommEntries.SerializableItemTest" name="TestSerializableItem" />
    </UnitTest>
    <UnitTest name="TestSsdpMessageRequest" storage="d:\actions-runner\_work\xpco\xpco\mobile\mobileserver\mobileserverbinaries\videoos.mobile.portable.test\src\bin\debug\net472\videoos.mobile.portable.test.dll" id="0e40ef5d-ff4b-506a-d92d-84b239d54fab">
      <TestCategory>
        <TestCategoryItem TestCategory="Fast" />
      </TestCategory>
      <Execution id="661942f8-a05b-4149-81e6-883d40cb76a6" />
      <TestMethod codeBase="D:\actions-runner\_work\XPCO\XPCO\Mobile\MobileServer\MobileServerBinaries\VideoOS.Mobile.Portable.Test\src\bin\Debug\net472\VideoOS.Mobile.Portable.Test.dll" adapterTypeName="executor://mstestadapter/v2" className="VideoOS.Mobile.Portable.Test.Upnp.SsdpMessage.SsdpMessageRequestTests" name="TestSsdpMessageRequest" />
    </UnitTest>
    <UnitTest name="TestToString" storage="d:\actions-runner\_work\xpco\xpco\mobile\mobileserver\mobileserverbinaries\videoos.mobile.portable.test\src\bin\debug\net472\videoos.mobile.portable.test.dll" id="c33e0f59-6c1e-9a47-2a3d-f87775937a1f">
      <TestCategory>
        <TestCategoryItem TestCategory="Fast" />
      </TestCategory>
      <Execution id="6c76800a-3b25-4b5e-8d59-5d30c73d9992" />
      <TestMethod codeBase="D:\actions-runner\_work\XPCO\XPCO\Mobile\MobileServer\MobileServerBinaries\VideoOS.Mobile.Portable.Test\src\bin\Debug\net472\VideoOS.Mobile.Portable.Test.dll" adapterTypeName="executor://mstestadapter/v2" className="VideoOS.Mobile.Portable.Test.ViewGroupItem.ViewGroupTreeTests" name="TestToString" />
    </UnitTest>
    <UnitTest name="TestServerStatus" storage="d:\actions-runner\_work\xpco\xpco\mobile\mobileserver\mobileserverbinaries\videoos.mobile.portable.test\src\bin\debug\net472\videoos.mobile.portable.test.dll" id="d6780396-830c-7fe4-0552-38cc4c5ec5db">
      <TestCategory>
        <TestCategoryItem TestCategory="LongRunning" />
      </TestCategory>
      <Execution id="b9336efe-8886-4031-b272-973fc897ed5b" />
      <TestMethod codeBase="D:\actions-runner\_work\XPCO\XPCO\Mobile\MobileServer\MobileServerBinaries\VideoOS.Mobile.Portable.Test\src\bin\Debug\net472\VideoOS.Mobile.Portable.Test.dll" adapterTypeName="executor://mstestadapter/v2" className="VideoOS.Mobile.Portable.Test.MetaChannel.CommEntries.ServerStatusTests" name="TestServerStatus" />
    </UnitTest>
    <UnitTest name="SafeExcept_NullThis_EmptyResult" storage="d:\actions-runner\_work\xpco\xpco\mobile\mobileserver\mobileserverbinaries\videoos.mobile.portable.test\src\bin\debug\net472\videoos.mobile.portable.test.dll" id="baa96d68-76d4-b2f0-941e-32eff5ccd245">
      <TestCategory>
        <TestCategoryItem TestCategory="Fast" />
      </TestCategory>
      <Execution id="7620d866-ded4-4c00-bec3-a1b76ad339da" />
      <TestMethod codeBase="D:\actions-runner\_work\XPCO\XPCO\Mobile\MobileServer\MobileServerBinaries\VideoOS.Mobile.Portable.Test\src\bin\Debug\net472\VideoOS.Mobile.Portable.Test.dll" adapterTypeName="executor://mstestadapter/v2" className="VideoOS.Mobile.Portable.Test.Utilities.DictionaryExtensions" name="SafeExcept_NullThis_EmptyResult" />
    </UnitTest>
    <UnitTest name="TestThreadSafeFrameQueueVariableSizeInsert" storage="d:\actions-runner\_work\xpco\xpco\mobile\mobileserver\mobileserverbinaries\videoos.mobile.portable.test\src\bin\debug\net472\videoos.mobile.portable.test.dll" id="9780b2cd-301d-d53e-87d4-80493da00f9e">
      <TestCategory>
        <TestCategoryItem TestCategory="Fast" />
      </TestCategory>
      <Execution id="6fa96f57-7e97-43a3-846c-f337bfce1dfa" />
      <TestMethod codeBase="D:\actions-runner\_work\XPCO\XPCO\Mobile\MobileServer\MobileServerBinaries\VideoOS.Mobile.Portable.Test\src\bin\Debug\net472\VideoOS.Mobile.Portable.Test.dll" adapterTypeName="executor://mstestadapter/v2" className="VideoOS.Mobile.Portable.Test.Utilities.ThreadSafeFrameQueueTests" name="TestThreadSafeFrameQueueVariableSizeInsert" />
    </UnitTest>
    <UnitTest name="TestSerializableInvestigation" storage="d:\actions-runner\_work\xpco\xpco\mobile\mobileserver\mobileserverbinaries\videoos.mobile.portable.test\src\bin\debug\net472\videoos.mobile.portable.test.dll" id="9ff9e3c7-62b7-72df-8902-3eed4e7eec03">
      <TestCategory>
        <TestCategoryItem TestCategory="Fast" />
      </TestCategory>
      <Execution id="d5220698-893f-4ca1-b7fd-217fa84bd223" />
      <TestMethod codeBase="D:\actions-runner\_work\XPCO\XPCO\Mobile\MobileServer\MobileServerBinaries\VideoOS.Mobile.Portable.Test\src\bin\Debug\net472\VideoOS.Mobile.Portable.Test.dll" adapterTypeName="executor://mstestadapter/v2" className="VideoOS.Mobile.Portable.Test.MetaChannel.CommEntries.SerializableInvestigationTest" name="TestSerializableInvestigation" />
    </UnitTest>
    <UnitTest name="TestHttpMessageRequest" storage="d:\actions-runner\_work\xpco\xpco\mobile\mobileserver\mobileserverbinaries\videoos.mobile.portable.test\src\bin\debug\net472\videoos.mobile.portable.test.dll" id="ca1f3887-bbb8-4ce1-c5a0-b6c1af45db7a">
      <TestCategory>
        <TestCategoryItem TestCategory="Fast" />
      </TestCategory>
      <Execution id="8d8502b2-ba9e-4c8c-a19f-4f39608815fe" />
      <TestMethod codeBase="D:\actions-runner\_work\XPCO\XPCO\Mobile\MobileServer\MobileServerBinaries\VideoOS.Mobile.Portable.Test\src\bin\Debug\net472\VideoOS.Mobile.Portable.Test.dll" adapterTypeName="executor://mstestadapter/v2" className="VideoOS.Mobile.Portable.Test.Http.HttpMessage.HttpMessageRequestTests" name="TestHttpMessageRequest" />
    </UnitTest>
    <UnitTest name="TestGetItemOnExisting" storage="d:\actions-runner\_work\xpco\xpco\mobile\mobileserver\mobileserverbinaries\videoos.mobile.portable.test\src\bin\debug\net472\videoos.mobile.portable.test.dll" id="4c637eac-8af0-83c2-96fa-d5da40a1ecbf">
      <TestCategory>
        <TestCategoryItem TestCategory="Fast" />
      </TestCategory>
      <Execution id="0a104e25-9a02-4899-a830-05834133fb6a" />
      <TestMethod codeBase="D:\actions-runner\_work\XPCO\XPCO\Mobile\MobileServer\MobileServerBinaries\VideoOS.Mobile.Portable.Test\src\bin\Debug\net472\VideoOS.Mobile.Portable.Test.dll" adapterTypeName="executor://mstestadapter/v2" className="VideoOS.Mobile.Portable.Test.ViewGroupItem.ViewGroupTreeTests" name="TestGetItemOnExisting" />
    </UnitTest>
    <UnitTest name="TestContainsOnItemWithSameGuidExist" storage="d:\actions-runner\_work\xpco\xpco\mobile\mobileserver\mobileserverbinaries\videoos.mobile.portable.test\src\bin\debug\net472\videoos.mobile.portable.test.dll" id="eb2dc0dc-bdb0-a374-d622-74f395c03b5e">
      <TestCategory>
        <TestCategoryItem TestCategory="Fast" />
      </TestCategory>
      <Execution id="d2144358-c459-4f41-85f5-871d5469bfc1" />
      <TestMethod codeBase="D:\actions-runner\_work\XPCO\XPCO\Mobile\MobileServer\MobileServerBinaries\VideoOS.Mobile.Portable.Test\src\bin\Debug\net472\VideoOS.Mobile.Portable.Test.dll" adapterTypeName="executor://mstestadapter/v2" className="VideoOS.Mobile.Portable.Test.OEGroupItem.OEGroupTreeTests" name="TestContainsOnItemWithSameGuidExist" />
    </UnitTest>
    <UnitTest name="TestStringStringFactory" storage="d:\actions-runner\_work\xpco\xpco\mobile\mobileserver\mobileserverbinaries\videoos.mobile.portable.test\src\bin\debug\net472\videoos.mobile.portable.test.dll" id="017c6a55-bd87-2611-27f5-a3ead912a17a">
      <TestCategory>
        <TestCategoryItem TestCategory="Fast" />
      </TestCategory>
      <Execution id="7a424e2d-9951-4910-afc3-c61a2655cd89" />
      <TestMethod codeBase="D:\actions-runner\_work\XPCO\XPCO\Mobile\MobileServer\MobileServerBinaries\VideoOS.Mobile.Portable.Test\src\bin\Debug\net472\VideoOS.Mobile.Portable.Test.dll" adapterTypeName="executor://mstestadapter/v2" className="VideoOS.Mobile.Portable.Test.MetaChannel.CommEntries.StringStringFactoryTest" name="TestStringStringFactory" />
    </UnitTest>
    <UnitTest name="TestCameraExportIdSetters" storage="d:\actions-runner\_work\xpco\xpco\mobile\mobileserver\mobileserverbinaries\videoos.mobile.portable.test\src\bin\debug\net472\videoos.mobile.portable.test.dll" id="0e3504ef-04be-67aa-24a2-162eeda7ff88">
      <TestCategory>
        <TestCategoryItem TestCategory="Fast" />
      </TestCategory>
      <Execution id="287458a6-2c12-4b7d-ba70-35dc9cf3fa5a" />
      <TestMethod codeBase="D:\actions-runner\_work\XPCO\XPCO\Mobile\MobileServer\MobileServerBinaries\VideoOS.Mobile.Portable.Test\src\bin\Debug\net472\VideoOS.Mobile.Portable.Test.dll" adapterTypeName="executor://mstestadapter/v2" className="VideoOS.Mobile.Portable.Test.MetaChannel.CommEntries.InvestigationEntryImplementerTest" name="TestCameraExportIdSetters" />
    </UnitTest>
    <UnitTest name="TestAudioDataInitFromByteArray" storage="d:\actions-runner\_work\xpco\xpco\mobile\mobileserver\mobileserverbinaries\videoos.mobile.portable.test\src\bin\debug\net472\videoos.mobile.portable.test.dll" id="58937d47-220c-3484-384f-890c4a791e26">
      <TestCategory>
        <TestCategoryItem TestCategory="Fast" />
      </TestCategory>
      <Execution id="87fccdea-1d94-40b1-b8e6-6e897c8f58c6" />
      <TestMethod codeBase="D:\actions-runner\_work\XPCO\XPCO\Mobile\MobileServer\MobileServerBinaries\VideoOS.Mobile.Portable.Test\src\bin\Debug\net472\VideoOS.Mobile.Portable.Test.dll" adapterTypeName="executor://mstestadapter/v2" className="VideoOS.Mobile.Portable.Test.VideoChannel.AudioDataTests" name="TestAudioDataInitFromByteArray" />
    </UnitTest>
    <UnitTest name="TestBinaryFrameGeneratorFromVideoParams" storage="d:\actions-runner\_work\xpco\xpco\mobile\mobileserver\mobileserverbinaries\videoos.mobile.portable.test\src\bin\debug\net472\videoos.mobile.portable.test.dll" id="5c1d61db-f33c-9b32-eede-f14362ba4579">
      <TestCategory>
        <TestCategoryItem TestCategory="Fast" />
      </TestCategory>
      <Execution id="8005e6e1-83a7-4958-a1f2-9831cd75ca7c" />
      <TestMethod codeBase="D:\actions-runner\_work\XPCO\XPCO\Mobile\MobileServer\MobileServerBinaries\VideoOS.Mobile.Portable.Test\src\bin\Debug\net472\VideoOS.Mobile.Portable.Test.dll" adapterTypeName="executor://mstestadapter/v2" className="VideoOS.Mobile.Portable.Test.VideoChannel.Binary.BinaryFrameGeneratorTests" name="TestBinaryFrameGeneratorFromVideoParams" />
    </UnitTest>
    <UnitTest name="TestCommEntryServerEndpoints" storage="d:\actions-runner\_work\xpco\xpco\mobile\mobileserver\mobileserverbinaries\videoos.mobile.portable.test\src\bin\debug\net472\videoos.mobile.portable.test.dll" id="b4ef28b6-cdc8-293f-0224-1c6b137a5b99">
      <TestCategory>
        <TestCategoryItem TestCategory="Fast" />
      </TestCategory>
      <Execution id="a2807872-1918-479a-96fe-7977833acc6a" />
      <TestMethod codeBase="D:\actions-runner\_work\XPCO\XPCO\Mobile\MobileServer\MobileServerBinaries\VideoOS.Mobile.Portable.Test\src\bin\Debug\net472\VideoOS.Mobile.Portable.Test.dll" adapterTypeName="executor://mstestadapter/v2" className="VideoOS.Mobile.Portable.Test.MetaChannel.CommEntries.CommEntryServerEndpointsTest" name="TestCommEntryServerEndpoints" />
    </UnitTest>
    <UnitTest name="TestTimeConverter" storage="d:\actions-runner\_work\xpco\xpco\mobile\mobileserver\mobileserverbinaries\videoos.mobile.portable.test\src\bin\debug\net472\videoos.mobile.portable.test.dll" id="552f84fc-877c-417f-6cc9-2a55bcdcd9d2">
      <TestCategory>
        <TestCategoryItem TestCategory="Fast" />
      </TestCategory>
      <Execution id="4fe1f820-b407-4cb1-a88f-428c16cd6bd4" />
      <TestMethod codeBase="D:\actions-runner\_work\XPCO\XPCO\Mobile\MobileServer\MobileServerBinaries\VideoOS.Mobile.Portable.Test\src\bin\Debug\net472\VideoOS.Mobile.Portable.Test.dll" adapterTypeName="executor://mstestadapter/v2" className="VideoOS.Mobile.Portable.Test.Utilities.TimeConverterTest" name="TestTimeConverter" />
    </UnitTest>
    <UnitTest name="TestInvestigationEntryImplementer" storage="d:\actions-runner\_work\xpco\xpco\mobile\mobileserver\mobileserverbinaries\videoos.mobile.portable.test\src\bin\debug\net472\videoos.mobile.portable.test.dll" id="75ba35ab-f32e-6a13-2508-731a33a7843b">
      <TestCategory>
        <TestCategoryItem TestCategory="Fast" />
      </TestCategory>
      <Execution id="ff0bc31b-8d2c-44d0-b0a3-5ebce55be55b" />
      <TestMethod codeBase="D:\actions-runner\_work\XPCO\XPCO\Mobile\MobileServer\MobileServerBinaries\VideoOS.Mobile.Portable.Test\src\bin\Debug\net472\VideoOS.Mobile.Portable.Test.dll" adapterTypeName="executor://mstestadapter/v2" className="VideoOS.Mobile.Portable.Test.MetaChannel.CommEntries.InvestigationEntryImplementerTest" name="TestInvestigationEntryImplementer" />
    </UnitTest>
    <UnitTest name="TestGetAllCamerasListShouldAddCamerasIn" storage="d:\actions-runner\_work\xpco\xpco\mobile\mobileserver\mobileserverbinaries\videoos.mobile.portable.test\src\bin\debug\net472\videoos.mobile.portable.test.dll" id="d08607db-5010-a5a4-3520-9667bab4d8f0">
      <TestCategory>
        <TestCategoryItem TestCategory="Fast" />
      </TestCategory>
      <Execution id="0e287938-1b74-4a96-9d30-ecdd054b6085" />
      <TestMethod codeBase="D:\actions-runner\_work\XPCO\XPCO\Mobile\MobileServer\MobileServerBinaries\VideoOS.Mobile.Portable.Test\src\bin\Debug\net472\VideoOS.Mobile.Portable.Test.dll" adapterTypeName="executor://mstestadapter/v2" className="VideoOS.Mobile.Portable.Test.ViewGroupItem.ViewGroupTreeTests" name="TestGetAllCamerasListShouldAddCamerasIn" />
    </UnitTest>
    <UnitTest name="TestJobPoolAsyncMode" storage="d:\actions-runner\_work\xpco\xpco\mobile\mobileserver\mobileserverbinaries\videoos.mobile.portable.test\src\bin\debug\net472\videoos.mobile.portable.test.dll" id="e7f40bb5-08e8-d565-f9ad-935a5f43d4a7">
      <TestCategory>
        <TestCategoryItem TestCategory="LongRunning" />
      </TestCategory>
      <Execution id="e2bbae1d-65ae-4db4-b31a-b9d2faeae212" />
      <TestMethod codeBase="D:\actions-runner\_work\XPCO\XPCO\Mobile\MobileServer\MobileServerBinaries\VideoOS.Mobile.Portable.Test\src\bin\Debug\net472\VideoOS.Mobile.Portable.Test.dll" adapterTypeName="executor://mstestadapter/v2" className="VideoOS.Mobile.Portable.Test.Utilities.Async.JobPoolTest" name="TestJobPoolAsyncMode" />
    </UnitTest>
    <UnitTest name="TestInvitationsParams" storage="d:\actions-runner\_work\xpco\xpco\mobile\mobileserver\mobileserverbinaries\videoos.mobile.portable.test\src\bin\debug\net472\videoos.mobile.portable.test.dll" id="881e1152-40f3-7591-1229-7f22ff32539e">
      <TestCategory>
        <TestCategoryItem TestCategory="Fast" />
      </TestCategory>
      <Execution id="d72dfe38-2532-4000-8951-c749781617d4" />
      <TestMethod codeBase="D:\actions-runner\_work\XPCO\XPCO\Mobile\MobileServer\MobileServerBinaries\VideoOS.Mobile.Portable.Test\src\bin\Debug\net472\VideoOS.Mobile.Portable.Test.dll" adapterTypeName="executor://mstestadapter/v2" className="VideoOS.Mobile.Portable.Test.VideoChannel.Params.InvitationsParamsTest" name="TestInvitationsParams" />
    </UnitTest>
    <UnitTest name="TestPartitionOnLongArrayShouldRechunkIt" storage="d:\actions-runner\_work\xpco\xpco\mobile\mobileserver\mobileserverbinaries\videoos.mobile.portable.test\src\bin\debug\net472\videoos.mobile.portable.test.dll" id="d4efaf2c-d958-43a9-9469-622988a27978">
      <TestCategory>
        <TestCategoryItem TestCategory="Fast" />
      </TestCategory>
      <Execution id="06816894-96aa-4635-869b-827279446d6a" />
      <TestMethod codeBase="D:\actions-runner\_work\XPCO\XPCO\Mobile\MobileServer\MobileServerBinaries\VideoOS.Mobile.Portable.Test\src\bin\Debug\net472\VideoOS.Mobile.Portable.Test.dll" adapterTypeName="executor://mstestadapter/v2" className="VideoOS.Mobile.Portable.Test.Utilities.EnumerableExtensionsTests" name="TestPartitionOnLongArrayShouldRechunkIt" />
    </UnitTest>
    <UnitTest name="TestGbdExtensionToVideoData" storage="d:\actions-runner\_work\xpco\xpco\mobile\mobileserver\mobileserverbinaries\videoos.mobile.portable.test\src\bin\debug\net472\videoos.mobile.portable.test.dll" id="ce0cf5d8-0b61-e0f4-4651-35133d3667eb">
      <TestCategory>
        <TestCategoryItem TestCategory="Fast" />
      </TestCategory>
      <Execution id="d59fc505-1221-4f3f-9afe-1d8641c7ea02" />
      <TestMethod codeBase="D:\actions-runner\_work\XPCO\XPCO\Mobile\MobileServer\MobileServerBinaries\VideoOS.Mobile.Portable.Test\src\bin\Debug\net472\VideoOS.Mobile.Portable.Test.dll" adapterTypeName="executor://mstestadapter/v2" className="VideoOS.Mobile.Portable.Test.VideoChannel.VideoDataTests" name="TestGbdExtensionToVideoData" />
    </UnitTest>
    <UnitTest name="TestJobPoolAsyncModeOne" storage="d:\actions-runner\_work\xpco\xpco\mobile\mobileserver\mobileserverbinaries\videoos.mobile.portable.test\src\bin\debug\net472\videoos.mobile.portable.test.dll" id="c4b85068-82b7-8ff9-ea00-60709626f475">
      <TestCategory>
        <TestCategoryItem TestCategory="Fast" />
      </TestCategory>
      <Execution id="35412000-6256-4fa0-96f0-e6248ebadf77" />
      <TestMethod codeBase="D:\actions-runner\_work\XPCO\XPCO\Mobile\MobileServer\MobileServerBinaries\VideoOS.Mobile.Portable.Test\src\bin\Debug\net472\VideoOS.Mobile.Portable.Test.dll" adapterTypeName="executor://mstestadapter/v2" className="VideoOS.Mobile.Portable.Test.Utilities.Async.JobPoolTest" name="TestJobPoolAsyncModeOne" />
    </UnitTest>
    <UnitTest name="TestCarouselParams" storage="d:\actions-runner\_work\xpco\xpco\mobile\mobileserver\mobileserverbinaries\videoos.mobile.portable.test\src\bin\debug\net472\videoos.mobile.portable.test.dll" id="fa3d7d6b-4149-183c-3fa0-79562d022c4f">
      <TestCategory>
        <TestCategoryItem TestCategory="Fast" />
      </TestCategory>
      <Execution id="64c48108-2803-4564-98f2-85b14c8edd7d" />
      <TestMethod codeBase="D:\actions-runner\_work\XPCO\XPCO\Mobile\MobileServer\MobileServerBinaries\VideoOS.Mobile.Portable.Test\src\bin\Debug\net472\VideoOS.Mobile.Portable.Test.dll" adapterTypeName="executor://mstestadapter/v2" className="VideoOS.Mobile.Portable.Test.VideoChannel.Params.CarouselParamsTests" name="TestCarouselParams" />
    </UnitTest>
    <UnitTest name="TransactionTestWithWarning" storage="d:\actions-runner\_work\xpco\xpco\mobile\mobileserver\mobileserverbinaries\videoos.mobile.portable.test\src\bin\debug\net472\videoos.mobile.portable.test.dll" id="20294a45-469a-8d3b-98a4-48dbbc6fee7d">
      <TestCategory>
        <TestCategoryItem TestCategory="Fast" />
      </TestCategory>
      <Execution id="6a197047-b228-40e0-87f4-d3f75a61dd51" />
      <TestMethod codeBase="D:\actions-runner\_work\XPCO\XPCO\Mobile\MobileServer\MobileServerBinaries\VideoOS.Mobile.Portable.Test\src\bin\Debug\net472\VideoOS.Mobile.Portable.Test.dll" adapterTypeName="executor://mstestadapter/v2" className="VideoOS.Mobile.Portable.Test.Utilities.Transaction.TransactionTest" name="TransactionTestWithWarning" />
    </UnitTest>
    <UnitTest name="UrlHelper" storage="d:\actions-runner\_work\xpco\xpco\mobile\mobileserver\mobileserverbinaries\videoos.mobile.portable.test\src\bin\debug\net472\videoos.mobile.portable.test.dll" id="dc9fe0ff-5a4e-e363-6667-80a01ddb8928">
      <TestCategory>
        <TestCategoryItem TestCategory="Fast" />
      </TestCategory>
      <Execution id="bb93e804-c4cd-4596-a958-f61d8db2f0ad" />
      <TestMethod codeBase="D:\actions-runner\_work\XPCO\XPCO\Mobile\MobileServer\MobileServerBinaries\VideoOS.Mobile.Portable.Test\src\bin\Debug\net472\VideoOS.Mobile.Portable.Test.dll" adapterTypeName="executor://mstestadapter/v2" className="VideoOS.Mobile.Standard.Test.Utilities.UriHelperTests" name="UrlHelper" />
    </UnitTest>
    <UnitTest name="SerializableAccessControlEventTypeUnitTest" storage="d:\actions-runner\_work\xpco\xpco\mobile\mobileserver\mobileserverbinaries\videoos.mobile.portable.test\src\bin\debug\net472\videoos.mobile.portable.test.dll" id="94356bfd-e65e-fc3a-793e-6a43b5c6900e">
      <TestCategory>
        <TestCategoryItem TestCategory="Fast" />
      </TestCategory>
      <Execution id="946e2049-b8e5-4a02-8dcc-5690f3de0a29" />
      <TestMethod codeBase="D:\actions-runner\_work\XPCO\XPCO\Mobile\MobileServer\MobileServerBinaries\VideoOS.Mobile.Portable.Test\src\bin\Debug\net472\VideoOS.Mobile.Portable.Test.dll" adapterTypeName="executor://mstestadapter/v2" className="VideoOS.Mobile.Portable.Test.MetaChannel.CommEntries.SerializableAccessControlTest" name="SerializableAccessControlEventTypeUnitTest" />
    </UnitTest>
    <UnitTest name="TestCheckGetAccessControlDoorParamsOnCorrectMask" storage="d:\actions-runner\_work\xpco\xpco\mobile\mobileserver\mobileserverbinaries\videoos.mobile.portable.test\src\bin\debug\net472\videoos.mobile.portable.test.dll" id="55acef94-ebe1-e6a3-2c72-1f84ea2f2c83">
      <TestCategory>
        <TestCategoryItem TestCategory="Fast" />
      </TestCategory>
      <Execution id="6e1b94c0-ef0f-4d7b-b9bb-fb67153b9b98" />
      <TestMethod codeBase="D:\actions-runner\_work\XPCO\XPCO\Mobile\MobileServer\MobileServerBinaries\VideoOS.Mobile.Portable.Test\src\bin\Debug\net472\VideoOS.Mobile.Portable.Test.dll" adapterTypeName="executor://mstestadapter/v2" className="VideoOS.Mobile.Portable.Test.VideoChannel.AccessControlParams.GetAccessControlDoorsParamsTests" name="TestCheckGetAccessControlDoorParamsOnCorrectMask" />
    </UnitTest>
    <UnitTest name="SafeExcept_SameKey_ElementNotInResult" storage="d:\actions-runner\_work\xpco\xpco\mobile\mobileserver\mobileserverbinaries\videoos.mobile.portable.test\src\bin\debug\net472\videoos.mobile.portable.test.dll" id="ddceb84f-8873-dfc5-896e-a4733fb71f3e">
      <TestCategory>
        <TestCategoryItem TestCategory="Fast" />
      </TestCategory>
      <Execution id="a268e937-e16b-49dd-bef4-3e4c280818d8" />
      <TestMethod codeBase="D:\actions-runner\_work\XPCO\XPCO\Mobile\MobileServer\MobileServerBinaries\VideoOS.Mobile.Portable.Test\src\bin\Debug\net472\VideoOS.Mobile.Portable.Test.dll" adapterTypeName="executor://mstestadapter/v2" className="VideoOS.Mobile.Portable.Test.Utilities.DictionaryExtensions" name="SafeExcept_SameKey_ElementNotInResult" />
    </UnitTest>
    <UnitTest name="SafeExcept_CustomComparer_ElementNotInResult" storage="d:\actions-runner\_work\xpco\xpco\mobile\mobileserver\mobileserverbinaries\videoos.mobile.portable.test\src\bin\debug\net472\videoos.mobile.portable.test.dll" id="ad21d145-1412-b355-068a-b8db9dd9e247">
      <TestCategory>
        <TestCategoryItem TestCategory="Fast" />
      </TestCategory>
      <Execution id="e74e820d-e00d-493b-8674-efd8dff8f540" />
      <TestMethod codeBase="D:\actions-runner\_work\XPCO\XPCO\Mobile\MobileServer\MobileServerBinaries\VideoOS.Mobile.Portable.Test\src\bin\Debug\net472\VideoOS.Mobile.Portable.Test.dll" adapterTypeName="executor://mstestadapter/v2" className="VideoOS.Mobile.Portable.Test.Utilities.DictionaryExtensions" name="SafeExcept_CustomComparer_ElementNotInResult" />
    </UnitTest>
    <UnitTest name="TestTimeSelector" storage="d:\actions-runner\_work\xpco\xpco\mobile\mobileserver\mobileserverbinaries\videoos.mobile.portable.test\src\bin\debug\net472\videoos.mobile.portable.test.dll" id="b6c75687-4c2e-1ce2-2910-17c265f38dab">
      <TestCategory>
        <TestCategoryItem TestCategory="Fast" />
      </TestCategory>
      <Execution id="41d87fbb-fab4-44b9-9358-25004ef7b5fa" />
      <TestMethod codeBase="D:\actions-runner\_work\XPCO\XPCO\Mobile\MobileServer\MobileServerBinaries\VideoOS.Mobile.Portable.Test\src\bin\Debug\net472\VideoOS.Mobile.Portable.Test.dll" adapterTypeName="executor://mstestadapter/v2" className="VideoOS.Mobile.Portable.Test.Utilities.TimeSelectorTest" name="TestTimeSelector" />
    </UnitTest>
    <UnitTest name="TestCommandIndependentLongParams" storage="d:\actions-runner\_work\xpco\xpco\mobile\mobileserver\mobileserverbinaries\videoos.mobile.portable.test\src\bin\debug\net472\videoos.mobile.portable.test.dll" id="c2b34343-7494-5f79-4ede-e1c28165ae50">
      <TestCategory>
        <TestCategoryItem TestCategory="Fast" />
      </TestCategory>
      <Execution id="adfedd5f-1900-459a-9d2d-f08cdf72ca0a" />
      <TestMethod codeBase="D:\actions-runner\_work\XPCO\XPCO\Mobile\MobileServer\MobileServerBinaries\VideoOS.Mobile.Portable.Test\src\bin\Debug\net472\VideoOS.Mobile.Portable.Test.dll" adapterTypeName="executor://mstestadapter/v2" className="VideoOS.Mobile.Portable.Test.MetaChannel.ParamsValidatorTest" name="TestCommandIndependentLongParams" />
    </UnitTest>
    <UnitTest name="TestServerConfigurationParams" storage="d:\actions-runner\_work\xpco\xpco\mobile\mobileserver\mobileserverbinaries\videoos.mobile.portable.test\src\bin\debug\net472\videoos.mobile.portable.test.dll" id="f3966b3c-41ac-4879-300c-40588016d43a">
      <TestCategory>
        <TestCategoryItem TestCategory="LongRunning" />
      </TestCategory>
      <Execution id="52565ecd-37f8-446e-b21d-f6c648575b4c" />
      <TestMethod codeBase="D:\actions-runner\_work\XPCO\XPCO\Mobile\MobileServer\MobileServerBinaries\VideoOS.Mobile.Portable.Test\src\bin\Debug\net472\VideoOS.Mobile.Portable.Test.dll" adapterTypeName="executor://mstestadapter/v2" className="VideoOS.Mobile.Portable.Test.VideoChannel.Params.ServerConfigurationParamsTest" name="TestServerConfigurationParams" />
    </UnitTest>
    <UnitTest name="TestSsdpMessageByeByeT" storage="d:\actions-runner\_work\xpco\xpco\mobile\mobileserver\mobileserverbinaries\videoos.mobile.portable.test\src\bin\debug\net472\videoos.mobile.portable.test.dll" id="d3e35bc9-f64e-53bf-5543-f2ab05205041">
      <TestCategory>
        <TestCategoryItem TestCategory="Fast" />
      </TestCategory>
      <Execution id="9df2ac03-29ef-48e4-8dcb-953123cdd7e9" />
      <TestMethod codeBase="D:\actions-runner\_work\XPCO\XPCO\Mobile\MobileServer\MobileServerBinaries\VideoOS.Mobile.Portable.Test\src\bin\Debug\net472\VideoOS.Mobile.Portable.Test.dll" adapterTypeName="executor://mstestadapter/v2" className="VideoOS.Mobile.Portable.Test.Upnp.SsdpMessage.SsdpMessageByeByeTests" name="TestSsdpMessageByeByeT" />
    </UnitTest>
    <UnitTest name="TestGetServerConfiguration" storage="d:\actions-runner\_work\xpco\xpco\mobile\mobileserver\mobileserverbinaries\videoos.mobile.portable.test\src\bin\debug\net472\videoos.mobile.portable.test.dll" id="055bf2ac-72a5-84d1-aeca-07f9769de6d7">
      <TestCategory>
        <TestCategoryItem TestCategory="Fast" />
      </TestCategory>
      <Execution id="528cf876-b519-4cb9-bc7e-e293db8ec1da" />
      <TestMethod codeBase="D:\actions-runner\_work\XPCO\XPCO\Mobile\MobileServer\MobileServerBinaries\VideoOS.Mobile.Portable.Test\src\bin\Debug\net472\VideoOS.Mobile.Portable.Test.dll" adapterTypeName="executor://mstestadapter/v2" className="VideoOS.Mobile.Portable.Test.VideoChannel.Params.ServerConfigurationParamsTest" name="TestGetServerConfiguration" />
    </UnitTest>
    <UnitTest name="SerializableHeartBeatResponseUnitTest" storage="d:\actions-runner\_work\xpco\xpco\mobile\mobileserver\mobileserverbinaries\videoos.mobile.portable.test\src\bin\debug\net472\videoos.mobile.portable.test.dll" id="2a6a8c71-b96f-470a-d8fd-04efb636e9ad">
      <TestCategory>
        <TestCategoryItem TestCategory="Fast" />
      </TestCategory>
      <Execution id="3af8b806-e856-4b4d-9ee0-2826bf21c8df" />
      <TestMethod codeBase="D:\actions-runner\_work\XPCO\XPCO\Mobile\MobileServer\MobileServerBinaries\VideoOS.Mobile.Portable.Test\src\bin\Debug\net472\VideoOS.Mobile.Portable.Test.dll" adapterTypeName="executor://mstestadapter/v2" className="VideoOS.Mobile.Portable.Test.MetaChannel.CommEntries.SerializableHeartBeatResponseTests" name="SerializableHeartBeatResponseUnitTest" />
    </UnitTest>
    <UnitTest name="TestTransactionOnMixedTransactionResultsShouldReturnTheMostCriticalCode" storage="d:\actions-runner\_work\xpco\xpco\mobile\mobileserver\mobileserverbinaries\videoos.mobile.portable.test\src\bin\debug\net472\videoos.mobile.portable.test.dll" id="f197e8d6-4d85-1a33-6cc7-42757a8b6a2e">
      <TestCategory>
        <TestCategoryItem TestCategory="Fast" />
      </TestCategory>
      <Execution id="0d997856-fa8a-4757-ab06-d6b066559be8" />
      <TestMethod codeBase="D:\actions-runner\_work\XPCO\XPCO\Mobile\MobileServer\MobileServerBinaries\VideoOS.Mobile.Portable.Test\src\bin\Debug\net472\VideoOS.Mobile.Portable.Test.dll" adapterTypeName="executor://mstestadapter/v2" className="VideoOS.Mobile.Portable.Test.Utilities.Transaction.TransactionTest" name="TestTransactionOnMixedTransactionResultsShouldReturnTheMostCriticalCode" />
    </UnitTest>
    <UnitTest name="TestGetEnumConverter" storage="d:\actions-runner\_work\xpco\xpco\mobile\mobileserver\mobileserverbinaries\videoos.mobile.portable.test\src\bin\debug\net472\videoos.mobile.portable.test.dll" id="e2602f93-7aab-27f1-308f-ede513110e57">
      <TestCategory>
        <TestCategoryItem TestCategory="Fast" />
      </TestCategory>
      <Execution id="3665cc49-a085-4f21-bc89-b7e3c5f56a2e" />
      <TestMethod codeBase="D:\actions-runner\_work\XPCO\XPCO\Mobile\MobileServer\MobileServerBinaries\VideoOS.Mobile.Portable.Test\src\bin\Debug\net472\VideoOS.Mobile.Portable.Test.dll" adapterTypeName="executor://mstestadapter/v2" className="VideoOS.Mobile.Portable.Test.Utilities.EnumsHelperTests" name="TestGetEnumConverter" />
    </UnitTest>
    <UnitTest name="SerializableHeartBeatUnitTest" storage="d:\actions-runner\_work\xpco\xpco\mobile\mobileserver\mobileserverbinaries\videoos.mobile.portable.test\src\bin\debug\net472\videoos.mobile.portable.test.dll" id="57269966-3102-651a-8999-ae19bce018b0">
      <TestCategory>
        <TestCategoryItem TestCategory="Fast" />
      </TestCategory>
      <Execution id="311a1e19-e8ac-4c10-bc80-2ca9374c0bcf" />
      <TestMethod codeBase="D:\actions-runner\_work\XPCO\XPCO\Mobile\MobileServer\MobileServerBinaries\VideoOS.Mobile.Portable.Test\src\bin\Debug\net472\VideoOS.Mobile.Portable.Test.dll" adapterTypeName="executor://mstestadapter/v2" className="VideoOS.Mobile.Portable.Test.MetaChannel.CommEntries.SerializableHeartBeatTest" name="SerializableHeartBeatUnitTest" />
    </UnitTest>
    <UnitTest name="SerializableAccessControlSystemUnitTest" storage="d:\actions-runner\_work\xpco\xpco\mobile\mobileserver\mobileserverbinaries\videoos.mobile.portable.test\src\bin\debug\net472\videoos.mobile.portable.test.dll" id="e0851e91-a670-d8dc-99e6-02616c339625">
      <TestCategory>
        <TestCategoryItem TestCategory="Fast" />
      </TestCategory>
      <Execution id="c921f304-7ab7-4f4b-9ee2-8576ec1b758c" />
      <TestMethod codeBase="D:\actions-runner\_work\XPCO\XPCO\Mobile\MobileServer\MobileServerBinaries\VideoOS.Mobile.Portable.Test\src\bin\Debug\net472\VideoOS.Mobile.Portable.Test.dll" adapterTypeName="executor://mstestadapter/v2" className="VideoOS.Mobile.Portable.Test.MetaChannel.CommEntries.SerializableAccessControlTest" name="SerializableAccessControlSystemUnitTest" />
    </UnitTest>
    <UnitTest name="TestBinaryFrameGeneratorFromVideoData" storage="d:\actions-runner\_work\xpco\xpco\mobile\mobileserver\mobileserverbinaries\videoos.mobile.portable.test\src\bin\debug\net472\videoos.mobile.portable.test.dll" id="fa688409-47c5-c3fa-0542-ad92e54118c9">
      <TestCategory>
        <TestCategoryItem TestCategory="Fast" />
      </TestCategory>
      <Execution id="c5d366ce-aa29-4de9-81a0-8b5dabf528a9" />
      <TestMethod codeBase="D:\actions-runner\_work\XPCO\XPCO\Mobile\MobileServer\MobileServerBinaries\VideoOS.Mobile.Portable.Test\src\bin\Debug\net472\VideoOS.Mobile.Portable.Test.dll" adapterTypeName="executor://mstestadapter/v2" className="VideoOS.Mobile.Portable.Test.VideoChannel.Binary.BinaryFrameGeneratorTests" name="TestBinaryFrameGeneratorFromVideoData" />
    </UnitTest>
    <UnitTest name="SerializableAccessControlEventCategoryUnitTest" storage="d:\actions-runner\_work\xpco\xpco\mobile\mobileserver\mobileserverbinaries\videoos.mobile.portable.test\src\bin\debug\net472\videoos.mobile.portable.test.dll" id="4934fce0-f9c7-d1c6-b533-54a1f38019a3">
      <TestCategory>
        <TestCategoryItem TestCategory="Fast" />
      </TestCategory>
      <Execution id="a5af1fa0-dbad-4f8d-b3c3-dee5b8d75b96" />
      <TestMethod codeBase="D:\actions-runner\_work\XPCO\XPCO\Mobile\MobileServer\MobileServerBinaries\VideoOS.Mobile.Portable.Test\src\bin\Debug\net472\VideoOS.Mobile.Portable.Test.dll" adapterTypeName="executor://mstestadapter/v2" className="VideoOS.Mobile.Portable.Test.MetaChannel.CommEntries.SerializableAccessControlTest" name="SerializableAccessControlEventCategoryUnitTest" />
    </UnitTest>
    <UnitTest name="TestUpnpDeviceDescription" storage="d:\actions-runner\_work\xpco\xpco\mobile\mobileserver\mobileserverbinaries\videoos.mobile.portable.test\src\bin\debug\net472\videoos.mobile.portable.test.dll" id="6f7ed4fb-1060-782a-b298-b4c417f37ee3">
      <TestCategory>
        <TestCategoryItem TestCategory="LongRunning" />
      </TestCategory>
      <Execution id="a45db0ef-d5b3-41a6-aadc-d0db9aab1808" />
      <TestMethod codeBase="D:\actions-runner\_work\XPCO\XPCO\Mobile\MobileServer\MobileServerBinaries\VideoOS.Mobile.Portable.Test\src\bin\Debug\net472\VideoOS.Mobile.Portable.Test.dll" adapterTypeName="executor://mstestadapter/v2" className="VideoOS.Mobile.Portable.Test.Upnp.UpnpDeviceDescriptionTests" name="TestUpnpDeviceDescription" />
    </UnitTest>
    <UnitTest name="TestTimeConverterException" storage="d:\actions-runner\_work\xpco\xpco\mobile\mobileserver\mobileserverbinaries\videoos.mobile.portable.test\src\bin\debug\net472\videoos.mobile.portable.test.dll" id="cca402ac-f2da-79fe-ea36-23e99696e5b5">
      <TestCategory>
        <TestCategoryItem TestCategory="Fast" />
      </TestCategory>
      <Execution id="421fbf11-019e-4d88-a142-0e70ed766282" />
      <TestMethod codeBase="D:\actions-runner\_work\XPCO\XPCO\Mobile\MobileServer\MobileServerBinaries\VideoOS.Mobile.Portable.Test\src\bin\Debug\net472\VideoOS.Mobile.Portable.Test.dll" adapterTypeName="executor://mstestadapter/v2" className="VideoOS.Mobile.Portable.Test.Utilities.TimeConverterTest" name="TestTimeConverterException" />
    </UnitTest>
    <UnitTest name="TestRemoveItemsOnEvenNameItemsShouldBeRemoved" storage="d:\actions-runner\_work\xpco\xpco\mobile\mobileserver\mobileserverbinaries\videoos.mobile.portable.test\src\bin\debug\net472\videoos.mobile.portable.test.dll" id="1785dcf1-6761-1eff-f5d7-b44d6a5ba980">
      <TestCategory>
        <TestCategoryItem TestCategory="Fast" />
      </TestCategory>
      <Execution id="b738bf6a-749a-48ef-b1a5-ffc9408c8622" />
      <TestMethod codeBase="D:\actions-runner\_work\XPCO\XPCO\Mobile\MobileServer\MobileServerBinaries\VideoOS.Mobile.Portable.Test\src\bin\Debug\net472\VideoOS.Mobile.Portable.Test.dll" adapterTypeName="executor://mstestadapter/v2" className="VideoOS.Mobile.Portable.Test.ViewGroupItem.ViewGroupTreeTests" name="TestRemoveItemsOnEvenNameItemsShouldBeRemoved" />
    </UnitTest>
    <UnitTest name="TestSsdpMessageSearchRequest" storage="d:\actions-runner\_work\xpco\xpco\mobile\mobileserver\mobileserverbinaries\videoos.mobile.portable.test\src\bin\debug\net472\videoos.mobile.portable.test.dll" id="94fd8d64-521f-0d4b-e3d7-84efc6b945b8">
      <TestCategory>
        <TestCategoryItem TestCategory="Fast" />
      </TestCategory>
      <Execution id="4b05fe51-ae8b-4e65-8bae-95126ebb1dd2" />
      <TestMethod codeBase="D:\actions-runner\_work\XPCO\XPCO\Mobile\MobileServer\MobileServerBinaries\VideoOS.Mobile.Portable.Test\src\bin\Debug\net472\VideoOS.Mobile.Portable.Test.dll" adapterTypeName="executor://mstestadapter/v2" className="VideoOS.Mobile.Portable.Test.Upnp.SsdpMessage.SsdpMessageSearchRequestTests" name="TestSsdpMessageSearchRequest" />
    </UnitTest>
    <UnitTest name="NotifiedDevicesConfiguration_UnitTest" storage="d:\actions-runner\_work\xpco\xpco\mobile\mobileserver\mobileserverbinaries\videoos.mobile.portable.test\src\bin\debug\net472\videoos.mobile.portable.test.dll" id="6a530ae9-7ba9-cbb9-980a-bf7fe4cc9964">
      <TestCategory>
        <TestCategoryItem TestCategory="Fast" />
      </TestCategory>
      <Execution id="6ba5d8ef-b5e3-4b36-a2cd-18478278334d" />
      <TestMethod codeBase="D:\actions-runner\_work\XPCO\XPCO\Mobile\MobileServer\MobileServerBinaries\VideoOS.Mobile.Portable.Test\src\bin\Debug\net472\VideoOS.Mobile.Portable.Test.dll" adapterTypeName="executor://mstestadapter/v2" className="VideoOS.Mobile.Portable.Test.MetaChannel.CommEntries.NotifiedDevicesConfigurationTests" name="NotifiedDevicesConfiguration_UnitTest" />
    </UnitTest>
    <UnitTest name="SerializableAccessControlDoorTypeTest" storage="d:\actions-runner\_work\xpco\xpco\mobile\mobileserver\mobileserverbinaries\videoos.mobile.portable.test\src\bin\debug\net472\videoos.mobile.portable.test.dll" id="892d2b38-a534-fe70-75e2-1eb587d274b4">
      <TestCategory>
        <TestCategoryItem TestCategory="Fast" />
      </TestCategory>
      <Execution id="bcf04736-4727-4c28-921a-cc4135e4b419" />
      <TestMethod codeBase="D:\actions-runner\_work\XPCO\XPCO\Mobile\MobileServer\MobileServerBinaries\VideoOS.Mobile.Portable.Test\src\bin\Debug\net472\VideoOS.Mobile.Portable.Test.dll" adapterTypeName="executor://mstestadapter/v2" className="VideoOS.Mobile.Portable.Test.MetaChannel.CommEntries.SerializableAccessControlTest" name="SerializableAccessControlDoorTypeTest" />
    </UnitTest>
    <UnitTest name="CreateWithMultipleCommaSeparatedItemIds" storage="d:\actions-runner\_work\xpco\xpco\mobile\mobileserver\mobileserverbinaries\videoos.mobile.portable.test\src\bin\debug\net472\videoos.mobile.portable.test.dll" id="bc43e39f-9ad7-a690-2dfa-2ac013045385">
      <TestCategory>
        <TestCategoryItem TestCategory="Fast" />
      </TestCategory>
      <Execution id="c0b65b92-f496-46e3-bf26-b258a85b80f1" />
      <TestMethod codeBase="D:\actions-runner\_work\XPCO\XPCO\Mobile\MobileServer\MobileServerBinaries\VideoOS.Mobile.Portable.Test\src\bin\Debug\net472\VideoOS.Mobile.Portable.Test.dll" adapterTypeName="executor://mstestadapter/v2" className="VideoOS.Mobile.Portable.Test.VideoChannel.Params.AudioParamsTests" name="CreateWithMultipleCommaSeparatedItemIds" />
    </UnitTest>
    <UnitTest name="TestAggregation" storage="d:\actions-runner\_work\xpco\xpco\mobile\mobileserver\mobileserverbinaries\videoos.mobile.portable.test\src\bin\debug\net472\videoos.mobile.portable.test.dll" id="5435b94d-faee-7b4b-de82-87c597bb2efb">
      <TestCategory>
        <TestCategoryItem TestCategory="Fast" />
      </TestCategory>
      <Execution id="bd6115cf-cd56-4fb4-ad7b-a4e2691a97bb" />
      <TestMethod codeBase="D:\actions-runner\_work\XPCO\XPCO\Mobile\MobileServer\MobileServerBinaries\VideoOS.Mobile.Portable.Test\src\bin\Debug\net472\VideoOS.Mobile.Portable.Test.dll" adapterTypeName="executor://mstestadapter/v2" className="VideoOS.Mobile.Portable.Test.Utilities.Transaction.ConsecutiveElementAggregatorTest" name="TestAggregation" />
    </UnitTest>
    <UnitTest name="TestJobPoolSyncMode" storage="d:\actions-runner\_work\xpco\xpco\mobile\mobileserver\mobileserverbinaries\videoos.mobile.portable.test\src\bin\debug\net472\videoos.mobile.portable.test.dll" id="f0007ce0-8bd3-7f11-e3c5-e4a0a5231a62">
      <TestCategory>
        <TestCategoryItem TestCategory="Fast" />
      </TestCategory>
      <Execution id="37dbdccb-3458-4471-8d51-aa7dfa9e8cce" />
      <TestMethod codeBase="D:\actions-runner\_work\XPCO\XPCO\Mobile\MobileServer\MobileServerBinaries\VideoOS.Mobile.Portable.Test\src\bin\Debug\net472\VideoOS.Mobile.Portable.Test.dll" adapterTypeName="executor://mstestadapter/v2" className="VideoOS.Mobile.Portable.Test.Utilities.Async.JobPoolTest" name="TestJobPoolSyncMode" />
    </UnitTest>
    <UnitTest name="TestIntAverage" storage="d:\actions-runner\_work\xpco\xpco\mobile\mobileserver\mobileserverbinaries\videoos.mobile.portable.test\src\bin\debug\net472\videoos.mobile.portable.test.dll" id="3fb38509-0b8e-6662-6cfd-926dd2ff9585">
      <TestCategory>
        <TestCategoryItem TestCategory="Fast" />
      </TestCategory>
      <Execution id="a8884e3e-6cda-465c-82cc-f41c7e54ebe0" />
      <TestMethod codeBase="D:\actions-runner\_work\XPCO\XPCO\Mobile\MobileServer\MobileServerBinaries\VideoOS.Mobile.Portable.Test\src\bin\Debug\net472\VideoOS.Mobile.Portable.Test.dll" adapterTypeName="executor://mstestadapter/v2" className="VideoOS.Mobile.Portable.Test.Utilities.Arithmetic.AverageCalculatorIntOperatorsTests" name="TestIntAverage" />
    </UnitTest>
    <UnitTest name="ProxyItemManagerTest" storage="d:\actions-runner\_work\xpco\xpco\mobile\mobileserver\mobileserverbinaries\videoos.mobile.portable.test\src\bin\debug\net472\videoos.mobile.portable.test.dll" id="75ef9b64-318e-277a-5c0b-b16ba1eb42b4">
      <TestCategory>
        <TestCategoryItem TestCategory="Fast" />
      </TestCategory>
      <Execution id="4b2a2706-8011-4b22-8a41-27686e1e261e" />
      <TestMethod codeBase="D:\actions-runner\_work\XPCO\XPCO\Mobile\MobileServer\MobileServerBinaries\VideoOS.Mobile.Portable.Test\src\bin\Debug\net472\VideoOS.Mobile.Portable.Test.dll" adapterTypeName="executor://mstestadapter/v2" className="VideoOS.Mobile.Portable.Test.Utilities.ProxyPattern.RefCountProxyItemManagerTest" name="ProxyItemManagerTest" />
    </UnitTest>
    <UnitTest name="TestConvertToCommand" storage="d:\actions-runner\_work\xpco\xpco\mobile\mobileserver\mobileserverbinaries\videoos.mobile.portable.test\src\bin\debug\net472\videoos.mobile.portable.test.dll" id="87b31575-259b-3656-5143-2229e47de07f">
      <TestCategory>
        <TestCategoryItem TestCategory="Fast" />
      </TestCategory>
      <Execution id="4e719fc5-4198-44db-9f7d-95fd51c9867d" />
      <TestMethod codeBase="D:\actions-runner\_work\XPCO\XPCO\Mobile\MobileServer\MobileServerBinaries\VideoOS.Mobile.Portable.Test\src\bin\Debug\net472\VideoOS.Mobile.Portable.Test.dll" adapterTypeName="executor://mstestadapter/v2" className="VideoOS.Mobile.Portable.Test.VideoChannel.AccessControlParams.ExecuteAccessControlCommandParamsTests" name="TestConvertToCommand" />
    </UnitTest>
    <UnitTest name="TestInitFromStreamInfoHeader" storage="d:\actions-runner\_work\xpco\xpco\mobile\mobileserver\mobileserverbinaries\videoos.mobile.portable.test\src\bin\debug\net472\videoos.mobile.portable.test.dll" id="b976c887-f225-549a-c2c0-9b1455428762">
      <TestCategory>
        <TestCategoryItem TestCategory="Fast" />
      </TestCategory>
      <Execution id="bb66abaa-76a6-444e-bf59-be5dccd1110b" />
      <TestMethod codeBase="D:\actions-runner\_work\XPCO\XPCO\Mobile\MobileServer\MobileServerBinaries\VideoOS.Mobile.Portable.Test\src\bin\Debug\net472\VideoOS.Mobile.Portable.Test.dll" adapterTypeName="executor://mstestadapter/v2" className="VideoOS.Mobile.Portable.Test.VideoChannel.Binary.StreamInfoTests" name="TestInitFromStreamInfoHeader" />
    </UnitTest>
    <UnitTest name="TestTimeoutUpdateCheckerException" storage="d:\actions-runner\_work\xpco\xpco\mobile\mobileserver\mobileserverbinaries\videoos.mobile.portable.test\src\bin\debug\net472\videoos.mobile.portable.test.dll" id="01725a36-4b5b-8bcf-f485-8931821ddb4b">
      <TestCategory>
        <TestCategoryItem TestCategory="Fast" />
      </TestCategory>
      <Execution id="62e1e333-ceb1-4d64-80bc-93ff74234b73" />
      <TestMethod codeBase="D:\actions-runner\_work\XPCO\XPCO\Mobile\MobileServer\MobileServerBinaries\VideoOS.Mobile.Portable.Test\src\bin\Debug\net472\VideoOS.Mobile.Portable.Test.dll" adapterTypeName="executor://mstestadapter/v2" className="VideoOS.Mobile.Portable.Test.Utilities.TimeoutUpdateCheckerTest" name="TestTimeoutUpdateCheckerException" />
    </UnitTest>
    <UnitTest name="TestMultipleEncryptions" storage="d:\actions-runner\_work\xpco\xpco\mobile\mobileserver\mobileserverbinaries\videoos.mobile.portable.test\src\bin\debug\net472\videoos.mobile.portable.test.dll" id="b48dbd3c-dfb6-1256-d0a1-fea979cb4b24">
      <TestCategory>
        <TestCategoryItem TestCategory="LongRunning" />
      </TestCategory>
      <Execution id="b7a06c7a-a852-4e6d-966b-d70db6b69135" />
      <TestMethod codeBase="D:\actions-runner\_work\XPCO\XPCO\Mobile\MobileServer\MobileServerBinaries\VideoOS.Mobile.Portable.Test\src\bin\Debug\net472\VideoOS.Mobile.Portable.Test.dll" adapterTypeName="executor://mstestadapter/v2" className="VideoOS.Mobile.Portable.Test.Encryption.DHEncryptionTests" name="TestMultipleEncryptions" />
    </UnitTest>
    <UnitTest name="TestBinaryFrameHeaderHelperGeneration" storage="d:\actions-runner\_work\xpco\xpco\mobile\mobileserver\mobileserverbinaries\videoos.mobile.portable.test\src\bin\debug\net472\videoos.mobile.portable.test.dll" id="0686e183-79b0-bdb8-a32a-4f00dbb2e0fd">
      <TestCategory>
        <TestCategoryItem TestCategory="LongRunning" />
      </TestCategory>
      <Execution id="8ea323f6-233c-4603-987e-51457a26141a" />
      <TestMethod codeBase="D:\actions-runner\_work\XPCO\XPCO\Mobile\MobileServer\MobileServerBinaries\VideoOS.Mobile.Portable.Test\src\bin\Debug\net472\VideoOS.Mobile.Portable.Test.dll" adapterTypeName="executor://mstestadapter/v2" className="VideoOS.Mobile.Portable.Test.VideoChannel.Binary.BinaryFrameHeaderHelperTests" name="TestBinaryFrameHeaderHelperGeneration" />
    </UnitTest>
    <UnitTest name="TestGetDescription" storage="d:\actions-runner\_work\xpco\xpco\mobile\mobileserver\mobileserverbinaries\videoos.mobile.portable.test\src\bin\debug\net472\videoos.mobile.portable.test.dll" id="10692c8f-170f-17ba-0244-e17436dd90c8">
      <TestCategory>
        <TestCategoryItem TestCategory="Fast" />
      </TestCategory>
      <Execution id="aa8f7726-5d8f-43d3-adcb-efc44e085346" />
      <TestMethod codeBase="D:\actions-runner\_work\XPCO\XPCO\Mobile\MobileServer\MobileServerBinaries\VideoOS.Mobile.Portable.Test\src\bin\Debug\net472\VideoOS.Mobile.Portable.Test.dll" adapterTypeName="executor://mstestadapter/v2" className="VideoOS.Mobile.Portable.Test.Utilities.EnumsHelperTests" name="TestGetDescription" />
    </UnitTest>
    <UnitTest name="TestThreadSafeFrameQueueVariableSize" storage="d:\actions-runner\_work\xpco\xpco\mobile\mobileserver\mobileserverbinaries\videoos.mobile.portable.test\src\bin\debug\net472\videoos.mobile.portable.test.dll" id="4bc2a2b9-f69e-ade7-3cfc-0555f5bdf6e2">
      <TestCategory>
        <TestCategoryItem TestCategory="Fast" />
      </TestCategory>
      <Execution id="f0226534-1f0a-44b1-bf05-45b3fd7300ce" />
      <TestMethod codeBase="D:\actions-runner\_work\XPCO\XPCO\Mobile\MobileServer\MobileServerBinaries\VideoOS.Mobile.Portable.Test\src\bin\Debug\net472\VideoOS.Mobile.Portable.Test.dll" adapterTypeName="executor://mstestadapter/v2" className="VideoOS.Mobile.Portable.Test.Utilities.ThreadSafeFrameQueueTests" name="TestThreadSafeFrameQueueVariableSize" />
    </UnitTest>
    <UnitTest name="TestVideoDataHelperDisposeFrameOnStreamDatas" storage="d:\actions-runner\_work\xpco\xpco\mobile\mobileserver\mobileserverbinaries\videoos.mobile.portable.test\src\bin\debug\net472\videoos.mobile.portable.test.dll" id="78ba480a-3af6-ec65-672b-f3c1348c9328">
      <TestCategory>
        <TestCategoryItem TestCategory="Fast" />
      </TestCategory>
      <Execution id="f07cf999-b723-4ca5-8451-7f7a2d3f791a" />
      <TestMethod codeBase="D:\actions-runner\_work\XPCO\XPCO\Mobile\MobileServer\MobileServerBinaries\VideoOS.Mobile.Portable.Test\src\bin\Debug\net472\VideoOS.Mobile.Portable.Test.dll" adapterTypeName="executor://mstestadapter/v2" className="VideoOS.Mobile.Portable.Test.VideoChannel.VideoDataTests" name="TestVideoDataHelperDisposeFrameOnStreamDatas" />
    </UnitTest>
    <UnitTest name="TestSortChilds" storage="d:\actions-runner\_work\xpco\xpco\mobile\mobileserver\mobileserverbinaries\videoos.mobile.portable.test\src\bin\debug\net472\videoos.mobile.portable.test.dll" id="b026f6f8-9168-d34a-94ce-2d33b1e9f6eb">
      <TestCategory>
        <TestCategoryItem TestCategory="Fast" />
      </TestCategory>
      <Execution id="cbbcaaf3-cbd7-4c40-974e-942bacc6e35b" />
      <TestMethod codeBase="D:\actions-runner\_work\XPCO\XPCO\Mobile\MobileServer\MobileServerBinaries\VideoOS.Mobile.Portable.Test\src\bin\Debug\net472\VideoOS.Mobile.Portable.Test.dll" adapterTypeName="executor://mstestadapter/v2" className="VideoOS.Mobile.Portable.Test.ViewGroupItem.ViewGroupTreeTests" name="TestSortChilds" />
    </UnitTest>
    <UnitTest name="TestDescendants" storage="d:\actions-runner\_work\xpco\xpco\mobile\mobileserver\mobileserverbinaries\videoos.mobile.portable.test\src\bin\debug\net472\videoos.mobile.portable.test.dll" id="6c698713-7633-9e0f-fec8-14779a490df3">
      <TestCategory>
        <TestCategoryItem TestCategory="Fast" />
      </TestCategory>
      <Execution id="bdb6c5b1-b47f-41be-9647-ae0bf076f50a" />
      <TestMethod codeBase="D:\actions-runner\_work\XPCO\XPCO\Mobile\MobileServer\MobileServerBinaries\VideoOS.Mobile.Portable.Test\src\bin\Debug\net472\VideoOS.Mobile.Portable.Test.dll" adapterTypeName="executor://mstestadapter/v2" className="VideoOS.Mobile.Portable.Test.ViewGroupItem.ViewGroupTreeTests" name="TestDescendants" />
    </UnitTest>
    <UnitTest name="TestSerializeOnMockObject" storage="d:\actions-runner\_work\xpco\xpco\mobile\mobileserver\mobileserverbinaries\videoos.mobile.portable.test\src\bin\debug\net472\videoos.mobile.portable.test.dll" id="20d7b9d0-e939-bc63-96aa-91ba3fd43edb">
      <TestCategory>
        <TestCategoryItem TestCategory="LongRunning" />
      </TestCategory>
      <Execution id="5c26ca8f-e3e9-42db-8744-de3fd3cc22b5" />
      <TestMethod codeBase="D:\actions-runner\_work\XPCO\XPCO\Mobile\MobileServer\MobileServerBinaries\VideoOS.Mobile.Portable.Test\src\bin\Debug\net472\VideoOS.Mobile.Portable.Test.dll" adapterTypeName="executor://mstestadapter/v2" className="VideoOS.Mobile.Portable.Test.MetaChannel.Serializers.XmlMessageSerializerTests" name="TestSerializeOnMockObject" />
    </UnitTest>
    <UnitTest name="TestEqualityHelper" storage="d:\actions-runner\_work\xpco\xpco\mobile\mobileserver\mobileserverbinaries\videoos.mobile.portable.test\src\bin\debug\net472\videoos.mobile.portable.test.dll" id="20f3a11e-1aea-075d-75a5-254afb514c4f">
      <TestCategory>
        <TestCategoryItem TestCategory="Fast" />
      </TestCategory>
      <Execution id="b32c5fef-9614-4fa4-92c5-5d436a1f3885" />
      <TestMethod codeBase="D:\actions-runner\_work\XPCO\XPCO\Mobile\MobileServer\MobileServerBinaries\VideoOS.Mobile.Portable.Test\src\bin\Debug\net472\VideoOS.Mobile.Portable.Test.dll" adapterTypeName="executor://mstestadapter/v2" className="VideoOS.Mobile.Portable.Test.Utilities.EqualityHelperTest" name="TestEqualityHelper" />
    </UnitTest>
    <UnitTest name="TestIntOperators" storage="d:\actions-runner\_work\xpco\xpco\mobile\mobileserver\mobileserverbinaries\videoos.mobile.portable.test\src\bin\debug\net472\videoos.mobile.portable.test.dll" id="7f64dd3f-0264-2cb2-6535-62267b987283">
      <TestCategory>
        <TestCategoryItem TestCategory="Fast" />
      </TestCategory>
      <Execution id="03b429b4-85df-4ca0-9723-646dbb659669" />
      <TestMethod codeBase="D:\actions-runner\_work\XPCO\XPCO\Mobile\MobileServer\MobileServerBinaries\VideoOS.Mobile.Portable.Test\src\bin\Debug\net472\VideoOS.Mobile.Portable.Test.dll" adapterTypeName="executor://mstestadapter/v2" className="VideoOS.Mobile.Portable.Test.Utilities.Arithmetic.AverageCalculatorIntOperatorsTests" name="TestIntOperators" />
    </UnitTest>
    <UnitTest name="GetMaxParameterLengthsPerCommandAll" storage="d:\actions-runner\_work\xpco\xpco\mobile\mobileserver\mobileserverbinaries\videoos.mobile.portable.test\src\bin\debug\net472\videoos.mobile.portable.test.dll" id="ad9934aa-d0d7-1515-12ca-05435eff4de9">
      <TestCategory>
        <TestCategoryItem TestCategory="Fast" />
      </TestCategory>
      <Execution id="4f575cba-885a-4556-8f03-df04dec66667" />
      <TestMethod codeBase="D:\actions-runner\_work\XPCO\XPCO\Mobile\MobileServer\MobileServerBinaries\VideoOS.Mobile.Portable.Test\src\bin\Debug\net472\VideoOS.Mobile.Portable.Test.dll" adapterTypeName="executor://mstestadapter/v2" className="VideoOS.Mobile.Portable.Test.MetaChannel.ParamsValidatorHelperTests" name="GetMaxParameterLengthsPerCommandAll" />
    </UnitTest>
    <UnitTest name="TestPartitionOnShortArrayShouldReturnIt" storage="d:\actions-runner\_work\xpco\xpco\mobile\mobileserver\mobileserverbinaries\videoos.mobile.portable.test\src\bin\debug\net472\videoos.mobile.portable.test.dll" id="f2cc474c-061d-5c1e-206d-c803601b9f6e">
      <TestCategory>
        <TestCategoryItem TestCategory="Fast" />
      </TestCategory>
      <Execution id="5ee08fe0-5fe1-440a-a0de-967f8fe6a00e" />
      <TestMethod codeBase="D:\actions-runner\_work\XPCO\XPCO\Mobile\MobileServer\MobileServerBinaries\VideoOS.Mobile.Portable.Test\src\bin\Debug\net472\VideoOS.Mobile.Portable.Test.dll" adapterTypeName="executor://mstestadapter/v2" className="VideoOS.Mobile.Portable.Test.Utilities.EnumerableExtensionsTests" name="TestPartitionOnShortArrayShouldReturnIt" />
    </UnitTest>
    <UnitTest name="TestStateChanger" storage="d:\actions-runner\_work\xpco\xpco\mobile\mobileserver\mobileserverbinaries\videoos.mobile.portable.test\src\bin\debug\net472\videoos.mobile.portable.test.dll" id="161e64d9-7a81-8e7e-35d3-2f79e1e525ce">
      <TestCategory>
        <TestCategoryItem TestCategory="Fast" />
      </TestCategory>
      <Execution id="0cee0dc1-c927-464f-8a58-47e757111812" />
      <TestMethod codeBase="D:\actions-runner\_work\XPCO\XPCO\Mobile\MobileServer\MobileServerBinaries\VideoOS.Mobile.Portable.Test\src\bin\Debug\net472\VideoOS.Mobile.Portable.Test.dll" adapterTypeName="executor://mstestadapter/v2" className="VideoOS.Mobile.Portable.Test.Utilities.StateChangerTest" name="TestStateChanger" />
    </UnitTest>
    <UnitTest name="TestEncodedStringWriter" storage="d:\actions-runner\_work\xpco\xpco\mobile\mobileserver\mobileserverbinaries\videoos.mobile.portable.test\src\bin\debug\net472\videoos.mobile.portable.test.dll" id="5b0fdc59-8289-2da3-5f29-aac347e040e3">
      <TestCategory>
        <TestCategoryItem TestCategory="Fast" />
      </TestCategory>
      <Execution id="b64853a5-1a70-4e2a-b406-fdc98609e557" />
      <TestMethod codeBase="D:\actions-runner\_work\XPCO\XPCO\Mobile\MobileServer\MobileServerBinaries\VideoOS.Mobile.Portable.Test\src\bin\Debug\net472\VideoOS.Mobile.Portable.Test.dll" adapterTypeName="executor://mstestadapter/v2" className="VideoOS.Mobile.Portable.Test.Utilities.EncodedStringWriterTests" name="TestEncodedStringWriter" />
    </UnitTest>
    <UnitTest name="TestGetAccessControlDoorsParamsFromCommand" storage="d:\actions-runner\_work\xpco\xpco\mobile\mobileserver\mobileserverbinaries\videoos.mobile.portable.test\src\bin\debug\net472\videoos.mobile.portable.test.dll" id="00735a74-52fa-640b-3b22-4f05ca18f8a1">
      <TestCategory>
        <TestCategoryItem TestCategory="Fast" />
      </TestCategory>
      <Execution id="26f76e17-dc7e-4fb3-94b6-33909164664f" />
      <TestMethod codeBase="D:\actions-runner\_work\XPCO\XPCO\Mobile\MobileServer\MobileServerBinaries\VideoOS.Mobile.Portable.Test\src\bin\Debug\net472\VideoOS.Mobile.Portable.Test.dll" adapterTypeName="executor://mstestadapter/v2" className="VideoOS.Mobile.Portable.Test.VideoChannel.AccessControlParams.GetAccessControlEventsParamsTests" name="TestGetAccessControlDoorsParamsFromCommand" />
    </UnitTest>
    <UnitTest name="TestCameraIdComparer" storage="d:\actions-runner\_work\xpco\xpco\mobile\mobileserver\mobileserverbinaries\videoos.mobile.portable.test\src\bin\debug\net472\videoos.mobile.portable.test.dll" id="14b8a7cd-79ce-4e6f-af21-af206fe43965">
      <TestCategory>
        <TestCategoryItem TestCategory="Fast" />
      </TestCategory>
      <Execution id="83fafd1b-baad-464b-8acb-bd653d48f895" />
      <TestMethod codeBase="D:\actions-runner\_work\XPCO\XPCO\Mobile\MobileServer\MobileServerBinaries\VideoOS.Mobile.Portable.Test\src\bin\Debug\net472\VideoOS.Mobile.Portable.Test.dll" adapterTypeName="executor://mstestadapter/v2" className="VideoOS.Mobile.Portable.Test.MetaChannel.CommEntries.InvestigationEntryImplementerTest" name="TestCameraIdComparer" />
    </UnitTest>
    <UnitTest name="TestUseridentityParams" storage="d:\actions-runner\_work\xpco\xpco\mobile\mobileserver\mobileserverbinaries\videoos.mobile.portable.test\src\bin\debug\net472\videoos.mobile.portable.test.dll" id="2f3a2e7a-ff1e-f0d8-6d64-791c57383262">
      <TestCategory>
        <TestCategoryItem TestCategory="Fast" />
      </TestCategory>
      <Execution id="770edc02-5806-416b-a247-4038437337f9" />
      <TestMethod codeBase="D:\actions-runner\_work\XPCO\XPCO\Mobile\MobileServer\MobileServerBinaries\VideoOS.Mobile.Portable.Test\src\bin\Debug\net472\VideoOS.Mobile.Portable.Test.dll" adapterTypeName="executor://mstestadapter/v2" className="VideoOS.Mobile.Portable.Test.VideoChannel.Params.UserIdentityParamsTests" name="TestUseridentityParams" />
    </UnitTest>
    <UnitTest name="TestCheckGetAccessControlDoorParamsOnMaskSome" storage="d:\actions-runner\_work\xpco\xpco\mobile\mobileserver\mobileserverbinaries\videoos.mobile.portable.test\src\bin\debug\net472\videoos.mobile.portable.test.dll" id="5a61bf12-5f0d-d40a-24ab-80469181bf36">
      <TestCategory>
        <TestCategoryItem TestCategory="Fast" />
      </TestCategory>
      <Execution id="56d7e144-5608-42c5-a820-30a401d04c06" />
      <TestMethod codeBase="D:\actions-runner\_work\XPCO\XPCO\Mobile\MobileServer\MobileServerBinaries\VideoOS.Mobile.Portable.Test\src\bin\Debug\net472\VideoOS.Mobile.Portable.Test.dll" adapterTypeName="executor://mstestadapter/v2" className="VideoOS.Mobile.Portable.Test.VideoChannel.AccessControlParams.GetAccessControlEventsParamsTests" name="TestCheckGetAccessControlDoorParamsOnMaskSome" />
    </UnitTest>
    <UnitTest name="SerializableAccessControlDoorStatesTest" storage="d:\actions-runner\_work\xpco\xpco\mobile\mobileserver\mobileserverbinaries\videoos.mobile.portable.test\src\bin\debug\net472\videoos.mobile.portable.test.dll" id="7d0fadd2-87b6-f5e0-5cce-f972a4a436ce">
      <TestCategory>
        <TestCategoryItem TestCategory="Fast" />
      </TestCategory>
      <Execution id="3e4c0f9d-fb10-4eb0-b80f-c5401c9cb0f8" />
      <TestMethod codeBase="D:\actions-runner\_work\XPCO\XPCO\Mobile\MobileServer\MobileServerBinaries\VideoOS.Mobile.Portable.Test\src\bin\Debug\net472\VideoOS.Mobile.Portable.Test.dll" adapterTypeName="executor://mstestadapter/v2" className="VideoOS.Mobile.Portable.Test.MetaChannel.CommEntries.SerializableAccessControlTest" name="SerializableAccessControlDoorStatesTest" />
    </UnitTest>
    <UnitTest name="TestItemExistRecursivelyOnExisting" storage="d:\actions-runner\_work\xpco\xpco\mobile\mobileserver\mobileserverbinaries\videoos.mobile.portable.test\src\bin\debug\net472\videoos.mobile.portable.test.dll" id="46bedd54-55d3-41b6-ebf9-29b8aa2dcab0">
      <TestCategory>
        <TestCategoryItem TestCategory="Fast" />
      </TestCategory>
      <Execution id="f932b1a6-f101-4de3-9f2d-e1507568158d" />
      <TestMethod codeBase="D:\actions-runner\_work\XPCO\XPCO\Mobile\MobileServer\MobileServerBinaries\VideoOS.Mobile.Portable.Test\src\bin\Debug\net472\VideoOS.Mobile.Portable.Test.dll" adapterTypeName="executor://mstestadapter/v2" className="VideoOS.Mobile.Portable.Test.ViewGroupItem.ViewGroupTreeTests" name="TestItemExistRecursivelyOnExisting" />
    </UnitTest>
    <UnitTest name="TestExecuteAccessControlCommandParamsFromCommand" storage="d:\actions-runner\_work\xpco\xpco\mobile\mobileserver\mobileserverbinaries\videoos.mobile.portable.test\src\bin\debug\net472\videoos.mobile.portable.test.dll" id="f655c8ce-cdf8-a87a-5a84-8d367c86ec3b">
      <TestCategory>
        <TestCategoryItem TestCategory="Fast" />
      </TestCategory>
      <Execution id="397666b1-fa9a-4df0-b40a-31cee2102090" />
      <TestMethod codeBase="D:\actions-runner\_work\XPCO\XPCO\Mobile\MobileServer\MobileServerBinaries\VideoOS.Mobile.Portable.Test\src\bin\Debug\net472\VideoOS.Mobile.Portable.Test.dll" adapterTypeName="executor://mstestadapter/v2" className="VideoOS.Mobile.Portable.Test.VideoChannel.AccessControlParams.ExecuteAccessControlCommandParamsTests" name="TestExecuteAccessControlCommandParamsFromCommand" />
    </UnitTest>
    <UnitTest name="TestGetAccessControlDoorsParamsFromCommand" storage="d:\actions-runner\_work\xpco\xpco\mobile\mobileserver\mobileserverbinaries\videoos.mobile.portable.test\src\bin\debug\net472\videoos.mobile.portable.test.dll" id="079433d2-73ef-9a06-ffad-792c1b690362">
      <TestCategory>
        <TestCategoryItem TestCategory="Fast" />
      </TestCategory>
      <Execution id="e76430a2-8b83-4496-a6eb-b73262aefb94" />
      <TestMethod codeBase="D:\actions-runner\_work\XPCO\XPCO\Mobile\MobileServer\MobileServerBinaries\VideoOS.Mobile.Portable.Test\src\bin\Debug\net472\VideoOS.Mobile.Portable.Test.dll" adapterTypeName="executor://mstestadapter/v2" className="VideoOS.Mobile.Portable.Test.VideoChannel.AccessControlParams.GetAccessControlDoorsParamsTests" name="TestGetAccessControlDoorsParamsFromCommand" />
    </UnitTest>
    <UnitTest name="TestCameraExportIdGetters" storage="d:\actions-runner\_work\xpco\xpco\mobile\mobileserver\mobileserverbinaries\videoos.mobile.portable.test\src\bin\debug\net472\videoos.mobile.portable.test.dll" id="77aab88f-f272-0e3d-d10a-f572584ed826">
      <TestCategory>
        <TestCategoryItem TestCategory="Fast" />
      </TestCategory>
      <Execution id="9d1f8777-0439-4ae4-8aff-1106b81b79bc" />
      <TestMethod codeBase="D:\actions-runner\_work\XPCO\XPCO\Mobile\MobileServer\MobileServerBinaries\VideoOS.Mobile.Portable.Test\src\bin\Debug\net472\VideoOS.Mobile.Portable.Test.dll" adapterTypeName="executor://mstestadapter/v2" className="VideoOS.Mobile.Portable.Test.MetaChannel.CommEntries.InvestigationEntryImplementerTest" name="TestCameraExportIdGetters" />
    </UnitTest>
    <UnitTest name="TestExportParams" storage="d:\actions-runner\_work\xpco\xpco\mobile\mobileserver\mobileserverbinaries\videoos.mobile.portable.test\src\bin\debug\net472\videoos.mobile.portable.test.dll" id="6e78c5cf-16c2-2b8d-54e6-9fd3676ac790">
      <TestCategory>
        <TestCategoryItem TestCategory="LongRunning" />
      </TestCategory>
      <Execution id="3f4009f9-4d76-47d7-a73a-e81b2946ec1e" />
      <TestMethod codeBase="D:\actions-runner\_work\XPCO\XPCO\Mobile\MobileServer\MobileServerBinaries\VideoOS.Mobile.Portable.Test\src\bin\Debug\net472\VideoOS.Mobile.Portable.Test.dll" adapterTypeName="executor://mstestadapter/v2" className="VideoOS.Mobile.Portable.Test.MetaChannel.CommEntries.ExportsTests" name="TestExportParams" />
    </UnitTest>
    <UnitTest name="TestSequences" storage="d:\actions-runner\_work\xpco\xpco\mobile\mobileserver\mobileserverbinaries\videoos.mobile.portable.test\src\bin\debug\net472\videoos.mobile.portable.test.dll" id="dacc6f7e-b1c0-5d18-4487-3c6c70067ae7">
      <TestCategory>
        <TestCategoryItem TestCategory="Fast" />
      </TestCategory>
      <Execution id="7cd9a2f5-b7fe-4332-bd30-ca234e10bc1e" />
      <TestMethod codeBase="D:\actions-runner\_work\XPCO\XPCO\Mobile\MobileServer\MobileServerBinaries\VideoOS.Mobile.Portable.Test\src\bin\Debug\net472\VideoOS.Mobile.Portable.Test.dll" adapterTypeName="executor://mstestadapter/v2" className="VideoOS.Mobile.Portable.Test.MetaChannel.CommEntries.SequencesTests" name="TestSequences" />
    </UnitTest>
    <UnitTest name="TransactionTestFailed" storage="d:\actions-runner\_work\xpco\xpco\mobile\mobileserver\mobileserverbinaries\videoos.mobile.portable.test\src\bin\debug\net472\videoos.mobile.portable.test.dll" id="5cddcff5-398b-f9e2-46fd-33f0dc0a4eba">
      <TestCategory>
        <TestCategoryItem TestCategory="Fast" />
      </TestCategory>
      <Execution id="5aea4c41-0034-4ebd-afc3-f439552bbf1e" />
      <TestMethod codeBase="D:\actions-runner\_work\XPCO\XPCO\Mobile\MobileServer\MobileServerBinaries\VideoOS.Mobile.Portable.Test\src\bin\Debug\net472\VideoOS.Mobile.Portable.Test.dll" adapterTypeName="executor://mstestadapter/v2" className="VideoOS.Mobile.Portable.Test.Utilities.Transaction.TransactionTest" name="TransactionTestFailed" />
    </UnitTest>
    <UnitTest name="CreateWithMultipleItemIdNodes" storage="d:\actions-runner\_work\xpco\xpco\mobile\mobileserver\mobileserverbinaries\videoos.mobile.portable.test\src\bin\debug\net472\videoos.mobile.portable.test.dll" id="2f54af88-7969-5a57-920c-25a0a1b78c2f">
      <TestCategory>
        <TestCategoryItem TestCategory="Fast" />
      </TestCategory>
      <Execution id="a0c2f8a6-8b4f-449c-9573-fa3eaa554192" />
      <TestMethod codeBase="D:\actions-runner\_work\XPCO\XPCO\Mobile\MobileServer\MobileServerBinaries\VideoOS.Mobile.Portable.Test\src\bin\Debug\net472\VideoOS.Mobile.Portable.Test.dll" adapterTypeName="executor://mstestadapter/v2" className="VideoOS.Mobile.Portable.Test.VideoChannel.Params.AudioParamsTests" name="CreateWithMultipleItemIdNodes" />
    </UnitTest>
    <UnitTest name="TestSsdpMessageAnnounce" storage="d:\actions-runner\_work\xpco\xpco\mobile\mobileserver\mobileserverbinaries\videoos.mobile.portable.test\src\bin\debug\net472\videoos.mobile.portable.test.dll" id="f8c91cf2-5cdd-be32-d1eb-f934d497ca3c">
      <TestCategory>
        <TestCategoryItem TestCategory="Fast" />
      </TestCategory>
      <Execution id="4b3ebfbd-e1b5-4116-97a2-7368ec24bb46" />
      <TestMethod codeBase="D:\actions-runner\_work\XPCO\XPCO\Mobile\MobileServer\MobileServerBinaries\VideoOS.Mobile.Portable.Test\src\bin\Debug\net472\VideoOS.Mobile.Portable.Test.dll" adapterTypeName="executor://mstestadapter/v2" className="VideoOS.Mobile.Portable.Test.Upnp.SsdpMessage.SsdpMessageAnnounceTests" name="TestSsdpMessageAnnounce" />
    </UnitTest>
    <UnitTest name="TestArrayHelper" storage="d:\actions-runner\_work\xpco\xpco\mobile\mobileserver\mobileserverbinaries\videoos.mobile.portable.test\src\bin\debug\net472\videoos.mobile.portable.test.dll" id="89640082-0a30-3dd8-3f2f-5c39684c5e90">
      <TestCategory>
        <TestCategoryItem TestCategory="Fast" />
      </TestCategory>
      <Execution id="e12e9a78-0cca-404d-adeb-53342e088ac2" />
      <TestMethod codeBase="D:\actions-runner\_work\XPCO\XPCO\Mobile\MobileServer\MobileServerBinaries\VideoOS.Mobile.Portable.Test\src\bin\Debug\net472\VideoOS.Mobile.Portable.Test.dll" adapterTypeName="executor://mstestadapter/v2" className="VideoOS.Mobile.Portable.Test.Utilities.ArrayHelperTest" name="TestArrayHelper" />
    </UnitTest>
    <UnitTest name="TestIntEnumConverter" storage="d:\actions-runner\_work\xpco\xpco\mobile\mobileserver\mobileserverbinaries\videoos.mobile.portable.test\src\bin\debug\net472\videoos.mobile.portable.test.dll" id="bfbf93f1-fab0-2818-fd13-827b68f238a8">
      <TestCategory>
        <TestCategoryItem TestCategory="Fast" />
      </TestCategory>
      <Execution id="1b2728b3-ffd2-48ee-931f-7348e15a2711" />
      <TestMethod codeBase="D:\actions-runner\_work\XPCO\XPCO\Mobile\MobileServer\MobileServerBinaries\VideoOS.Mobile.Portable.Test\src\bin\Debug\net472\VideoOS.Mobile.Portable.Test.dll" adapterTypeName="executor://mstestadapter/v2" className="VideoOS.Mobile.Portable.Test.Utilities.EnumsHelperTests" name="TestIntEnumConverter" />
    </UnitTest>
    <UnitTest name="TestGetEnabledValueOnTrue" storage="d:\actions-runner\_work\xpco\xpco\mobile\mobileserver\mobileserverbinaries\videoos.mobile.portable.test\src\bin\debug\net472\videoos.mobile.portable.test.dll" id="acae0a6d-431d-f4ef-8339-e9d43c6df7d1">
      <TestCategory>
        <TestCategoryItem TestCategory="Fast" />
      </TestCategory>
      <Execution id="ab2d31c6-bcf7-4146-abe4-a359c5a3d2da" />
      <TestMethod codeBase="D:\actions-runner\_work\XPCO\XPCO\Mobile\MobileServer\MobileServerBinaries\VideoOS.Mobile.Portable.Test\src\bin\Debug\net472\VideoOS.Mobile.Portable.Test.dll" adapterTypeName="executor://mstestadapter/v2" className="VideoOS.Mobile.Portable.Test.Management.DefinitionsTests" name="TestGetEnabledValueOnTrue" />
    </UnitTest>
    <UnitTest name="TestMovingWindowAverage" storage="d:\actions-runner\_work\xpco\xpco\mobile\mobileserver\mobileserverbinaries\videoos.mobile.portable.test\src\bin\debug\net472\videoos.mobile.portable.test.dll" id="1b71fbfb-1d25-036e-a9a8-f29fc1dd1e0f">
      <TestCategory>
        <TestCategoryItem TestCategory="Fast" />
      </TestCategory>
      <Execution id="05a6da32-bbd2-4129-afa0-b0bf819a0fcb" />
      <TestMethod codeBase="D:\actions-runner\_work\XPCO\XPCO\Mobile\MobileServer\MobileServerBinaries\VideoOS.Mobile.Portable.Test\src\bin\Debug\net472\VideoOS.Mobile.Portable.Test.dll" adapterTypeName="executor://mstestadapter/v2" className="VideoOS.Mobile.Portable.Test.Utilities.Arithmetic.MovingWindowAverageCalculatorTests" name="TestMovingWindowAverage" />
    </UnitTest>
    <UnitTest name="TestBufferSizeDeterminer" storage="d:\actions-runner\_work\xpco\xpco\mobile\mobileserver\mobileserverbinaries\videoos.mobile.portable.test\src\bin\debug\net472\videoos.mobile.portable.test.dll" id="f6e59dd2-e29f-81d2-4bc1-fe2669831c3a">
      <TestCategory>
        <TestCategoryItem TestCategory="Fast" />
      </TestCategory>
      <Execution id="ae197538-ce69-4d28-9556-4cbd1ea85c73" />
      <TestMethod codeBase="D:\actions-runner\_work\XPCO\XPCO\Mobile\MobileServer\MobileServerBinaries\VideoOS.Mobile.Portable.Test\src\bin\Debug\net472\VideoOS.Mobile.Portable.Test.dll" adapterTypeName="executor://mstestadapter/v2" className="VideoOS.Mobile.Portable.Test.Utilities.BufferSizeDeterminerTest" name="TestBufferSizeDeterminer" />
    </UnitTest>
    <UnitTest name="TestForEach" storage="d:\actions-runner\_work\xpco\xpco\mobile\mobileserver\mobileserverbinaries\videoos.mobile.portable.test\src\bin\debug\net472\videoos.mobile.portable.test.dll" id="fa52f98c-f174-759c-de37-bbacc8afc158">
      <TestCategory>
        <TestCategoryItem TestCategory="Fast" />
      </TestCategory>
      <Execution id="459a1ade-ea8d-47dc-a58a-9c514f8b41fa" />
      <TestMethod codeBase="D:\actions-runner\_work\XPCO\XPCO\Mobile\MobileServer\MobileServerBinaries\VideoOS.Mobile.Portable.Test\src\bin\Debug\net472\VideoOS.Mobile.Portable.Test.dll" adapterTypeName="executor://mstestadapter/v2" className="VideoOS.Mobile.Portable.Test.Utilities.EnumerableExtensionsTests" name="TestForEach" />
    </UnitTest>
    <UnitTest name="SerializableAccessControlDoorCategoryUnitTest" storage="d:\actions-runner\_work\xpco\xpco\mobile\mobileserver\mobileserverbinaries\videoos.mobile.portable.test\src\bin\debug\net472\videoos.mobile.portable.test.dll" id="e34c667e-2282-e8b9-d697-5643186aab1b">
      <TestCategory>
        <TestCategoryItem TestCategory="Fast" />
      </TestCategory>
      <Execution id="346e8834-b2d9-4fde-8539-323e3db56d7f" />
      <TestMethod codeBase="D:\actions-runner\_work\XPCO\XPCO\Mobile\MobileServer\MobileServerBinaries\VideoOS.Mobile.Portable.Test\src\bin\Debug\net472\VideoOS.Mobile.Portable.Test.dll" adapterTypeName="executor://mstestadapter/v2" className="VideoOS.Mobile.Portable.Test.MetaChannel.CommEntries.SerializableAccessControlTest" name="SerializableAccessControlDoorCategoryUnitTest" />
    </UnitTest>
    <UnitTest name="SafeExcept_NullArgument_EmptyResult" storage="d:\actions-runner\_work\xpco\xpco\mobile\mobileserver\mobileserverbinaries\videoos.mobile.portable.test\src\bin\debug\net472\videoos.mobile.portable.test.dll" id="51d1bf69-9bb2-e8ea-680a-2e981d3749ee">
      <TestCategory>
        <TestCategoryItem TestCategory="Fast" />
      </TestCategory>
      <Execution id="3ae6f25f-2c2e-4347-aff7-724fb9b53356" />
      <TestMethod codeBase="D:\actions-runner\_work\XPCO\XPCO\Mobile\MobileServer\MobileServerBinaries\VideoOS.Mobile.Portable.Test\src\bin\Debug\net472\VideoOS.Mobile.Portable.Test.dll" adapterTypeName="executor://mstestadapter/v2" className="VideoOS.Mobile.Portable.Test.Utilities.DictionaryExtensions" name="SafeExcept_NullArgument_EmptyResult" />
    </UnitTest>
    <UnitTest name="TestContainsOnItemWithSameGuidDoNotExist" storage="d:\actions-runner\_work\xpco\xpco\mobile\mobileserver\mobileserverbinaries\videoos.mobile.portable.test\src\bin\debug\net472\videoos.mobile.portable.test.dll" id="efc84c5d-7c17-69a2-3372-b135556abcec">
      <TestCategory>
        <TestCategoryItem TestCategory="Fast" />
      </TestCategory>
      <Execution id="188f7a1a-03dd-4c85-bee6-ea44858169ba" />
      <TestMethod codeBase="D:\actions-runner\_work\XPCO\XPCO\Mobile\MobileServer\MobileServerBinaries\VideoOS.Mobile.Portable.Test\src\bin\Debug\net472\VideoOS.Mobile.Portable.Test.dll" adapterTypeName="executor://mstestadapter/v2" className="VideoOS.Mobile.Portable.Test.OEGroupItem.OEGroupTreeTests" name="TestContainsOnItemWithSameGuidDoNotExist" />
    </UnitTest>
    <UnitTest name="TestExportParams" storage="d:\actions-runner\_work\xpco\xpco\mobile\mobileserver\mobileserverbinaries\videoos.mobile.portable.test\src\bin\debug\net472\videoos.mobile.portable.test.dll" id="d91417d7-1346-dfa7-2b46-20e0fa111b8c">
      <TestCategory>
        <TestCategoryItem TestCategory="LongRunning" />
      </TestCategory>
      <Execution id="6df06021-7d7d-4bee-ba83-a79c637a3b6c" />
      <TestMethod codeBase="D:\actions-runner\_work\XPCO\XPCO\Mobile\MobileServer\MobileServerBinaries\VideoOS.Mobile.Portable.Test\src\bin\Debug\net472\VideoOS.Mobile.Portable.Test.dll" adapterTypeName="executor://mstestadapter/v2" className="VideoOS.Mobile.Portable.Test.VideoChannel.Params.ExportParamsTests" name="TestExportParams" />
    </UnitTest>
    <UnitTest name="TestHttpMessageResponse" storage="d:\actions-runner\_work\xpco\xpco\mobile\mobileserver\mobileserverbinaries\videoos.mobile.portable.test\src\bin\debug\net472\videoos.mobile.portable.test.dll" id="9e01df5e-5950-9dd1-0391-21212c51dc6d">
      <TestCategory>
        <TestCategoryItem TestCategory="Fast" />
      </TestCategory>
      <Execution id="7d31328e-b800-44f6-a10e-75ed9ac2d349" />
      <TestMethod codeBase="D:\actions-runner\_work\XPCO\XPCO\Mobile\MobileServer\MobileServerBinaries\VideoOS.Mobile.Portable.Test\src\bin\Debug\net472\VideoOS.Mobile.Portable.Test.dll" adapterTypeName="executor://mstestadapter/v2" className="VideoOS.Mobile.Portable.Test.Http.HttpMessage.HttpMessageResponseTests" name="TestHttpMessageResponse" />
    </UnitTest>
    <UnitTest name="TestItemsListImmutable" storage="d:\actions-runner\_work\xpco\xpco\mobile\mobileserver\mobileserverbinaries\videoos.mobile.portable.test\src\bin\debug\net472\videoos.mobile.portable.test.dll" id="04ba7681-09a6-ebfb-ad4d-960bb8182330">
      <TestCategory>
        <TestCategoryItem TestCategory="Fast" />
      </TestCategory>
      <Execution id="b02c6d97-ed53-474e-95a1-28ddbeea07c1" />
      <TestMethod codeBase="D:\actions-runner\_work\XPCO\XPCO\Mobile\MobileServer\MobileServerBinaries\VideoOS.Mobile.Portable.Test\src\bin\Debug\net472\VideoOS.Mobile.Portable.Test.dll" adapterTypeName="executor://mstestadapter/v2" className="VideoOS.Mobile.Portable.Test.ViewGroupItem.ViewGroupTreeTests" name="TestItemsListImmutable" />
    </UnitTest>
    <UnitTest name="TestThreadSafeCircularQueue" storage="d:\actions-runner\_work\xpco\xpco\mobile\mobileserver\mobileserverbinaries\videoos.mobile.portable.test\src\bin\debug\net472\videoos.mobile.portable.test.dll" id="ddec7fd3-9756-87e5-6c93-afc0e067c8a2">
      <TestCategory>
        <TestCategoryItem TestCategory="Fast" />
      </TestCategory>
      <Execution id="a5849590-beac-4a0d-9f12-35eef9b9b939" />
      <TestMethod codeBase="D:\actions-runner\_work\XPCO\XPCO\Mobile\MobileServer\MobileServerBinaries\VideoOS.Mobile.Portable.Test\src\bin\Debug\net472\VideoOS.Mobile.Portable.Test.dll" adapterTypeName="executor://mstestadapter/v2" className="VideoOS.Mobile.Portable.Test.Utilities.ThreadSafeCircularQueueTests" name="TestThreadSafeCircularQueue" />
    </UnitTest>
    <UnitTest name="TestActionWrapper" storage="d:\actions-runner\_work\xpco\xpco\mobile\mobileserver\mobileserverbinaries\videoos.mobile.portable.test\src\bin\debug\net472\videoos.mobile.portable.test.dll" id="56573e76-d38b-8c4b-50d5-c8a2e05253b8">
      <TestCategory>
        <TestCategoryItem TestCategory="Fast" />
      </TestCategory>
      <Execution id="1b0a1d56-b943-47c3-b9f2-29f7f68ada71" />
      <TestMethod codeBase="D:\actions-runner\_work\XPCO\XPCO\Mobile\MobileServer\MobileServerBinaries\VideoOS.Mobile.Portable.Test\src\bin\Debug\net472\VideoOS.Mobile.Portable.Test.dll" adapterTypeName="executor://mstestadapter/v2" className="VideoOS.Mobile.Portable.Test.Utilities.Async.ActionWrapperTest" name="TestActionWrapper" />
    </UnitTest>
    <UnitTest name="TestEndiansInvertor" storage="d:\actions-runner\_work\xpco\xpco\mobile\mobileserver\mobileserverbinaries\videoos.mobile.portable.test\src\bin\debug\net472\videoos.mobile.portable.test.dll" id="58726c6a-bc9e-1473-52db-f67a99b0a77c">
      <TestCategory>
        <TestCategoryItem TestCategory="Fast" />
      </TestCategory>
      <Execution id="6ab9da7d-cf5f-472c-80f2-287595568a75" />
      <TestMethod codeBase="D:\actions-runner\_work\XPCO\XPCO\Mobile\MobileServer\MobileServerBinaries\VideoOS.Mobile.Portable.Test\src\bin\Debug\net472\VideoOS.Mobile.Portable.Test.dll" adapterTypeName="executor://mstestadapter/v2" className="VideoOS.Mobile.Portable.Test.Utilities.EndiansInvertorTests" name="TestEndiansInvertor" />
    </UnitTest>
    <UnitTest name="TestNoLongParams" storage="d:\actions-runner\_work\xpco\xpco\mobile\mobileserver\mobileserverbinaries\videoos.mobile.portable.test\src\bin\debug\net472\videoos.mobile.portable.test.dll" id="2e11b3fa-179c-6307-54b4-bbf4e9d5b5b7">
      <TestCategory>
        <TestCategoryItem TestCategory="Fast" />
      </TestCategory>
      <Execution id="0fa1f4e8-32a4-4520-931f-8358df2216af" />
      <TestMethod codeBase="D:\actions-runner\_work\XPCO\XPCO\Mobile\MobileServer\MobileServerBinaries\VideoOS.Mobile.Portable.Test\src\bin\Debug\net472\VideoOS.Mobile.Portable.Test.dll" adapterTypeName="executor://mstestadapter/v2" className="VideoOS.Mobile.Portable.Test.MetaChannel.ParamsValidatorTest" name="TestNoLongParams" />
    </UnitTest>
    <UnitTest name="CreateWithSingleItemId" storage="d:\actions-runner\_work\xpco\xpco\mobile\mobileserver\mobileserverbinaries\videoos.mobile.portable.test\src\bin\debug\net472\videoos.mobile.portable.test.dll" id="86279d59-8111-eebc-0ffc-991c62040942">
      <TestCategory>
        <TestCategoryItem TestCategory="Fast" />
      </TestCategory>
      <Execution id="33cd7903-edfc-4195-a606-22361a3406af" />
      <TestMethod codeBase="D:\actions-runner\_work\XPCO\XPCO\Mobile\MobileServer\MobileServerBinaries\VideoOS.Mobile.Portable.Test\src\bin\Debug\net472\VideoOS.Mobile.Portable.Test.dll" adapterTypeName="executor://mstestadapter/v2" className="VideoOS.Mobile.Portable.Test.VideoChannel.Params.AudioParamsTests" name="CreateWithSingleItemId" />
    </UnitTest>
    <UnitTest name="TestBinaryFrameGeneratorStringStructures" storage="d:\actions-runner\_work\xpco\xpco\mobile\mobileserver\mobileserverbinaries\videoos.mobile.portable.test\src\bin\debug\net472\videoos.mobile.portable.test.dll" id="bb61caef-6b87-0f2d-a721-eb68b66133ea">
      <TestCategory>
        <TestCategoryItem TestCategory="Fast" />
      </TestCategory>
      <Execution id="312827a3-8e02-463a-b40a-32a32377ca2e" />
      <TestMethod codeBase="D:\actions-runner\_work\XPCO\XPCO\Mobile\MobileServer\MobileServerBinaries\VideoOS.Mobile.Portable.Test\src\bin\Debug\net472\VideoOS.Mobile.Portable.Test.dll" adapterTypeName="executor://mstestadapter/v2" className="VideoOS.Mobile.Portable.Test.VideoChannel.Binary.BinaryFrameGeneratorTests" name="TestBinaryFrameGeneratorStringStructures" />
    </UnitTest>
    <UnitTest name="SerializableHeartBeat_OnlyEnabled_UnitTest" storage="d:\actions-runner\_work\xpco\xpco\mobile\mobileserver\mobileserverbinaries\videoos.mobile.portable.test\src\bin\debug\net472\videoos.mobile.portable.test.dll" id="822a696e-37f8-8bd5-996f-151cc72555e8">
      <TestCategory>
        <TestCategoryItem TestCategory="Fast" />
      </TestCategory>
      <Execution id="af1cd2b3-e912-44a6-a350-03d0a2e7d0ed" />
      <TestMethod codeBase="D:\actions-runner\_work\XPCO\XPCO\Mobile\MobileServer\MobileServerBinaries\VideoOS.Mobile.Portable.Test\src\bin\Debug\net472\VideoOS.Mobile.Portable.Test.dll" adapterTypeName="executor://mstestadapter/v2" className="VideoOS.Mobile.Portable.Test.MetaChannel.CommEntries.SerializableHeartBeatTest" name="SerializableHeartBeat_OnlyEnabled_UnitTest" />
    </UnitTest>
    <UnitTest name="TestCamera" storage="d:\actions-runner\_work\xpco\xpco\mobile\mobileserver\mobileserverbinaries\videoos.mobile.portable.test\src\bin\debug\net472\videoos.mobile.portable.test.dll" id="8663c046-0200-c4de-aab4-4c744d3f962d">
      <TestCategory>
        <TestCategoryItem TestCategory="Fast" />
      </TestCategory>
      <Execution id="e4a29967-edf7-48e3-863f-54a231f4a0d1" />
      <TestMethod codeBase="D:\actions-runner\_work\XPCO\XPCO\Mobile\MobileServer\MobileServerBinaries\VideoOS.Mobile.Portable.Test\src\bin\Debug\net472\VideoOS.Mobile.Portable.Test.dll" adapterTypeName="executor://mstestadapter/v2" className="VideoOS.Mobile.Portable.Test.MetaChannel.CommEntries.InvestigationEntryImplementerTest" name="TestCamera" />
    </UnitTest>
  </TestDefinitions>
  <TestEntries>
    <TestEntry testId="58726c6a-bc9e-1473-52db-f67a99b0a77c" executionId="6ab9da7d-cf5f-472c-80f2-287595568a75" testListId="8c84fa94-04c1-424b-9868-57a2d4851a1d" />
    <TestEntry testId="14b8a7cd-79ce-4e6f-af21-af206fe43965" executionId="83fafd1b-baad-464b-8acb-bd653d48f895" testListId="8c84fa94-04c1-424b-9868-57a2d4851a1d" />
    <TestEntry testId="ddec7fd3-9756-87e5-6c93-afc0e067c8a2" executionId="a5849590-beac-4a0d-9f12-35eef9b9b939" testListId="8c84fa94-04c1-424b-9868-57a2d4851a1d" />
    <TestEntry testId="111fd9a1-818b-d976-4c60-8d8c07fd57b0" executionId="df8ee47c-33b2-4035-8c96-0708f481c45f" testListId="8c84fa94-04c1-424b-9868-57a2d4851a1d" />
    <TestEntry testId="c2b34343-7494-5f79-4ede-e1c28165ae50" executionId="adfedd5f-1900-459a-9d2d-f08cdf72ca0a" testListId="8c84fa94-04c1-424b-9868-57a2d4851a1d" />
    <TestEntry testId="bfbf93f1-fab0-2818-fd13-827b68f238a8" executionId="1b2728b3-ffd2-48ee-931f-7348e15a2711" testListId="8c84fa94-04c1-424b-9868-57a2d4851a1d" />
    <TestEntry testId="86279d59-8111-eebc-0ffc-991c62040942" executionId="33cd7903-edfc-4195-a606-22361a3406af" testListId="8c84fa94-04c1-424b-9868-57a2d4851a1d" />
    <TestEntry testId="e758a702-5ae2-aff8-5e65-773daf4a80d3" executionId="cc86d8f0-0806-4609-9958-d932fb2a3c91" testListId="8c84fa94-04c1-424b-9868-57a2d4851a1d" />
    <TestEntry testId="c39bcd4d-06bf-fa86-a9ef-551e745d994b" executionId="4fa80200-fce1-4e61-be58-36abff4339ca" testListId="8c84fa94-04c1-424b-9868-57a2d4851a1d" />
    <TestEntry testId="1b71fbfb-1d25-036e-a9a8-f29fc1dd1e0f" executionId="05a6da32-bbd2-4129-afa0-b0bf819a0fcb" testListId="8c84fa94-04c1-424b-9868-57a2d4851a1d" />
    <TestEntry testId="6a530ae9-7ba9-cbb9-980a-bf7fe4cc9964" executionId="6ba5d8ef-b5e3-4b36-a2cd-18478278334d" testListId="8c84fa94-04c1-424b-9868-57a2d4851a1d" />
    <TestEntry testId="4d240a73-de66-3751-d3db-97cdaa89d838" executionId="b9ef2ea6-16b2-4525-b206-5a484716dfdb" testListId="8c84fa94-04c1-424b-9868-57a2d4851a1d" />
    <TestEntry testId="5b751b2e-856c-cd39-f9a0-5d2464051690" executionId="69a04801-8996-4dd9-a422-a30d1c1c30be" testListId="8c84fa94-04c1-424b-9868-57a2d4851a1d" />
    <TestEntry testId="5c1d61db-f33c-9b32-eede-f14362ba4579" executionId="8005e6e1-83a7-4958-a1f2-9831cd75ca7c" testListId="8c84fa94-04c1-424b-9868-57a2d4851a1d" />
    <TestEntry testId="161e64d9-7a81-8e7e-35d3-2f79e1e525ce" executionId="0cee0dc1-c927-464f-8a58-47e757111812" testListId="8c84fa94-04c1-424b-9868-57a2d4851a1d" />
    <TestEntry testId="d08607db-5010-a5a4-3520-9667bab4d8f0" executionId="0e287938-1b74-4a96-9d30-ecdd054b6085" testListId="8c84fa94-04c1-424b-9868-57a2d4851a1d" />
    <TestEntry testId="ad21d145-1412-b355-068a-b8db9dd9e247" executionId="e74e820d-e00d-493b-8674-efd8dff8f540" testListId="8c84fa94-04c1-424b-9868-57a2d4851a1d" />
    <TestEntry testId="d3e35bc9-f64e-53bf-5543-f2ab05205041" executionId="9df2ac03-29ef-48e4-8dcb-953123cdd7e9" testListId="8c84fa94-04c1-424b-9868-57a2d4851a1d" />
    <TestEntry testId="78ba480a-3af6-ec65-672b-f3c1348c9328" executionId="f07cf999-b723-4ca5-8451-7f7a2d3f791a" testListId="8c84fa94-04c1-424b-9868-57a2d4851a1d" />
    <TestEntry testId="eb1eb2f6-d0f4-539d-2fca-1d76573bf07f" executionId="ca163e18-c7ad-43ea-9cd9-4673d6928c1d" testListId="8c84fa94-04c1-424b-9868-57a2d4851a1d" />
    <TestEntry testId="c2dfb93e-753a-4c0f-dd1d-3f3cc8d0d4aa" executionId="b612545c-1183-4e20-84c4-96ac89fd648f" testListId="8c84fa94-04c1-424b-9868-57a2d4851a1d" />
    <TestEntry testId="4c05ef39-80f2-3140-6a5a-1fbdd2aa58a5" executionId="bba56a97-6b3b-4186-b7bc-efbe7724cfb4" testListId="8c84fa94-04c1-424b-9868-57a2d4851a1d" />
    <TestEntry testId="2a6a8c71-b96f-470a-d8fd-04efb636e9ad" executionId="3af8b806-e856-4b4d-9ee0-2826bf21c8df" testListId="8c84fa94-04c1-424b-9868-57a2d4851a1d" />
    <TestEntry testId="20f3a11e-1aea-075d-75a5-254afb514c4f" executionId="b32c5fef-9614-4fa4-92c5-5d436a1f3885" testListId="8c84fa94-04c1-424b-9868-57a2d4851a1d" />
    <TestEntry testId="2e11b3fa-179c-6307-54b4-bbf4e9d5b5b7" executionId="0fa1f4e8-32a4-4520-931f-8358df2216af" testListId="8c84fa94-04c1-424b-9868-57a2d4851a1d" />
    <TestEntry testId="d4f13f08-1e5d-5742-38da-b2ce0c941164" executionId="c0af1321-ee2f-4f16-bbdd-67704cd20ede" testListId="8c84fa94-04c1-424b-9868-57a2d4851a1d" />
    <TestEntry testId="b4229464-56aa-0cd2-1d2e-ff90378406ec" executionId="c5647e9f-df4d-41e1-a60f-a42888572f45" testListId="8c84fa94-04c1-424b-9868-57a2d4851a1d" />
    <TestEntry testId="b976c887-f225-549a-c2c0-9b1455428762" executionId="bb66abaa-76a6-444e-bf59-be5dccd1110b" testListId="8c84fa94-04c1-424b-9868-57a2d4851a1d" />
    <TestEntry testId="bcf36bf8-26ae-d467-b963-c0af84b8f958" executionId="7779e7f1-0177-4631-b07a-bdacdb278602" testListId="8c84fa94-04c1-424b-9868-57a2d4851a1d" />
    <TestEntry testId="bb61caef-6b87-0f2d-a721-eb68b66133ea" executionId="312827a3-8e02-463a-b40a-32a32377ca2e" testListId="8c84fa94-04c1-424b-9868-57a2d4851a1d" />
    <TestEntry testId="985cc37d-f396-fb1f-8fa8-02590a4133b3" executionId="5c002b15-558e-4264-b4db-33dc948433bf" testListId="8c84fa94-04c1-424b-9868-57a2d4851a1d" />
    <TestEntry testId="2f3a2e7a-ff1e-f0d8-6d64-791c57383262" executionId="770edc02-5806-416b-a247-4038437337f9" testListId="8c84fa94-04c1-424b-9868-57a2d4851a1d" />
    <TestEntry testId="94356bfd-e65e-fc3a-793e-6a43b5c6900e" executionId="946e2049-b8e5-4a02-8dcc-5690f3de0a29" testListId="8c84fa94-04c1-424b-9868-57a2d4851a1d" />
    <TestEntry testId="57269966-3102-651a-8999-ae19bce018b0" executionId="311a1e19-e8ac-4c10-bc80-2ca9374c0bcf" testListId="8c84fa94-04c1-424b-9868-57a2d4851a1d" />
    <TestEntry testId="d042bb42-32c7-2eba-63d7-8dcdf6002eb0" executionId="29258dc4-940f-4ec0-ad7b-03bdfc23d4d0" testListId="8c84fa94-04c1-424b-9868-57a2d4851a1d" />
    <TestEntry testId="7f64dd3f-0264-2cb2-6535-62267b987283" executionId="03b429b4-85df-4ca0-9723-646dbb659669" testListId="8c84fa94-04c1-424b-9868-57a2d4851a1d" />
    <TestEntry testId="faeb832b-d6f9-7e26-be4d-fbf5dc7d77ac" executionId="f17d5845-76c5-4fa1-9e0f-ad7ec2351cb2" testListId="8c84fa94-04c1-424b-9868-57a2d4851a1d" />
    <TestEntry testId="f6e59dd2-e29f-81d2-4bc1-fe2669831c3a" executionId="ae197538-ce69-4d28-9556-4cbd1ea85c73" testListId="8c84fa94-04c1-424b-9868-57a2d4851a1d" />
    <TestEntry testId="04ce3062-f9f7-3263-c0c0-097376be0781" executionId="954df28c-b666-43b9-b251-8c86f2fd9b10" testListId="8c84fa94-04c1-424b-9868-57a2d4851a1d" />
    <TestEntry testId="aacb5add-5408-6d53-2d8a-e65eaf1fe43d" executionId="295c6eb1-1f70-4b50-98cc-c31bad60051a" testListId="8c84fa94-04c1-424b-9868-57a2d4851a1d" />
    <TestEntry testId="ce0cf5d8-0b61-e0f4-4651-35133d3667eb" executionId="d59fc505-1221-4f3f-9afe-1d8641c7ea02" testListId="8c84fa94-04c1-424b-9868-57a2d4851a1d" />
    <TestEntry testId="088fa787-7266-7a61-8a2f-028a21316df9" executionId="f834ac4b-8a5d-4972-b12a-bd5925e30071" testListId="8c84fa94-04c1-424b-9868-57a2d4851a1d" />
    <TestEntry testId="b4ef28b6-cdc8-293f-0224-1c6b137a5b99" executionId="a2807872-1918-479a-96fe-7977833acc6a" testListId="8c84fa94-04c1-424b-9868-57a2d4851a1d" />
    <TestEntry testId="6e78c5cf-16c2-2b8d-54e6-9fd3676ac790" executionId="3f4009f9-4d76-47d7-a73a-e81b2946ec1e" testListId="8c84fa94-04c1-424b-9868-57a2d4851a1d" />
    <TestEntry testId="4934fce0-f9c7-d1c6-b533-54a1f38019a3" executionId="a5af1fa0-dbad-4f8d-b3c3-dee5b8d75b96" testListId="8c84fa94-04c1-424b-9868-57a2d4851a1d" />
    <TestEntry testId="90fec278-52b3-aaac-96f0-4ae4dccc6b62" executionId="7b0fe142-1053-480a-aab7-2051c14bb0db" testListId="8c84fa94-04c1-424b-9868-57a2d4851a1d" />
    <TestEntry testId="fa52f98c-f174-759c-de37-bbacc8afc158" executionId="459a1ade-ea8d-47dc-a58a-9c514f8b41fa" testListId="8c84fa94-04c1-424b-9868-57a2d4851a1d" />
    <TestEntry testId="b48dbd3c-dfb6-1256-d0a1-fea979cb4b24" executionId="b7a06c7a-a852-4e6d-966b-d70db6b69135" testListId="8c84fa94-04c1-424b-9868-57a2d4851a1d" />
    <TestEntry testId="4c637eac-8af0-83c2-96fa-d5da40a1ecbf" executionId="0a104e25-9a02-4899-a830-05834133fb6a" testListId="8c84fa94-04c1-424b-9868-57a2d4851a1d" />
    <TestEntry testId="c33e0f59-6c1e-9a47-2a3d-f87775937a1f" executionId="6c76800a-3b25-4b5e-8d59-5d30c73d9992" testListId="8c84fa94-04c1-424b-9868-57a2d4851a1d" />
    <TestEntry testId="eeb85854-37e8-5665-aac0-c94abc51fa71" executionId="86388f6d-59c7-489a-95bd-ecff8c078344" testListId="8c84fa94-04c1-424b-9868-57a2d4851a1d" />
    <TestEntry testId="d85fce34-e785-c982-3019-18dd373e4281" executionId="a51c236c-16f9-4f63-accf-2e1ecca0e522" testListId="8c84fa94-04c1-424b-9868-57a2d4851a1d" />
    <TestEntry testId="822a696e-37f8-8bd5-996f-151cc72555e8" executionId="af1cd2b3-e912-44a6-a350-03d0a2e7d0ed" testListId="8c84fa94-04c1-424b-9868-57a2d4851a1d" />
    <TestEntry testId="f0007ce0-8bd3-7f11-e3c5-e4a0a5231a62" executionId="37dbdccb-3458-4471-8d51-aa7dfa9e8cce" testListId="8c84fa94-04c1-424b-9868-57a2d4851a1d" />
    <TestEntry testId="acae0a6d-431d-f4ef-8339-e9d43c6df7d1" executionId="ab2d31c6-bcf7-4146-abe4-a359c5a3d2da" testListId="8c84fa94-04c1-424b-9868-57a2d4851a1d" />
    <TestEntry testId="0686e183-79b0-bdb8-a32a-4f00dbb2e0fd" executionId="8ea323f6-233c-4603-987e-51457a26141a" testListId="8c84fa94-04c1-424b-9868-57a2d4851a1d" />
    <TestEntry testId="0e40ef5d-ff4b-506a-d92d-84b239d54fab" executionId="661942f8-a05b-4149-81e6-883d40cb76a6" testListId="8c84fa94-04c1-424b-9868-57a2d4851a1d" />
    <TestEntry testId="1311da5a-fda5-a1c9-268a-8edd4c5efb09" executionId="244c8198-7667-41dd-8a84-1ffa78ed2868" testListId="8c84fa94-04c1-424b-9868-57a2d4851a1d" />
    <TestEntry testId="13711fab-d288-81f4-624e-784e8b729671" executionId="968889c0-7f42-46e7-9d0a-0292106788e3" testListId="8c84fa94-04c1-424b-9868-57a2d4851a1d" />
    <TestEntry testId="75ba35ab-f32e-6a13-2508-731a33a7843b" executionId="ff0bc31b-8d2c-44d0-b0a3-5ebce55be55b" testListId="8c84fa94-04c1-424b-9868-57a2d4851a1d" />
    <TestEntry testId="89640082-0a30-3dd8-3f2f-5c39684c5e90" executionId="e12e9a78-0cca-404d-adeb-53342e088ac2" testListId="8c84fa94-04c1-424b-9868-57a2d4851a1d" />
    <TestEntry testId="5435b94d-faee-7b4b-de82-87c597bb2efb" executionId="bd6115cf-cd56-4fb4-ad7b-a4e2691a97bb" testListId="8c84fa94-04c1-424b-9868-57a2d4851a1d" />
    <TestEntry testId="58937d47-220c-3484-384f-890c4a791e26" executionId="87fccdea-1d94-40b1-b8e6-6e897c8f58c6" testListId="8c84fa94-04c1-424b-9868-57a2d4851a1d" />
    <TestEntry testId="e7f40bb5-08e8-d565-f9ad-935a5f43d4a7" executionId="e2bbae1d-65ae-4db4-b31a-b9d2faeae212" testListId="8c84fa94-04c1-424b-9868-57a2d4851a1d" />
    <TestEntry testId="10692c8f-170f-17ba-0244-e17436dd90c8" executionId="aa8f7726-5d8f-43d3-adcb-efc44e085346" testListId="8c84fa94-04c1-424b-9868-57a2d4851a1d" />
    <TestEntry testId="017c6a55-bd87-2611-27f5-a3ead912a17a" executionId="7a424e2d-9951-4910-afc3-c61a2655cd89" testListId="8c84fa94-04c1-424b-9868-57a2d4851a1d" />
    <TestEntry testId="552f84fc-877c-417f-6cc9-2a55bcdcd9d2" executionId="4fe1f820-b407-4cb1-a88f-428c16cd6bd4" testListId="8c84fa94-04c1-424b-9868-57a2d4851a1d" />
    <TestEntry testId="0a659cdb-4b24-c7fd-2564-df86df181d7e" executionId="53447801-cc04-42ba-bc09-b2c0046d1f11" testListId="8c84fa94-04c1-424b-9868-57a2d4851a1d" />
    <TestEntry testId="75ef9b64-318e-277a-5c0b-b16ba1eb42b4" executionId="4b2a2706-8011-4b22-8a41-27686e1e261e" testListId="8c84fa94-04c1-424b-9868-57a2d4851a1d" />
    <TestEntry testId="3443f331-0139-71b1-c7d5-4d2e145f43ba" executionId="a97610cc-784a-4d09-a708-1a4d8017d068" testListId="8c84fa94-04c1-424b-9868-57a2d4851a1d" />
    <TestEntry testId="6f7ed4fb-1060-782a-b298-b4c417f37ee3" executionId="a45db0ef-d5b3-41a6-aadc-d0db9aab1808" testListId="8c84fa94-04c1-424b-9868-57a2d4851a1d" />
    <TestEntry testId="2b96f371-1acf-8624-e77d-15884ff35382" executionId="10d3fe3a-1e17-4855-9d16-304dc548f964" testListId="8c84fa94-04c1-424b-9868-57a2d4851a1d" />
    <TestEntry testId="34350c6e-6a58-0a5e-9e7c-3fb1ad99ef16" executionId="404f3cdb-20a3-45a2-a9e1-0b8c21e549e9" testListId="8c84fa94-04c1-424b-9868-57a2d4851a1d" />
    <TestEntry testId="fa3d7d6b-4149-183c-3fa0-79562d022c4f" executionId="64c48108-2803-4564-98f2-85b14c8edd7d" testListId="8c84fa94-04c1-424b-9868-57a2d4851a1d" />
    <TestEntry testId="79b02fef-775e-16e7-8733-362232a45876" executionId="4dbb0826-a7f8-43ea-b8e9-fbb0e351017f" testListId="8c84fa94-04c1-424b-9868-57a2d4851a1d" />
    <TestEntry testId="5b0fdc59-8289-2da3-5f29-aac347e040e3" executionId="b64853a5-1a70-4e2a-b406-fdc98609e557" testListId="8c84fa94-04c1-424b-9868-57a2d4851a1d" />
    <TestEntry testId="f62fc6fd-d943-4e65-24c6-290750bd8039" executionId="bdf4f040-52a0-42d5-b352-7e8881fc6934" testListId="8c84fa94-04c1-424b-9868-57a2d4851a1d" />
    <TestEntry testId="94fd8d64-521f-0d4b-e3d7-84efc6b945b8" executionId="4b05fe51-ae8b-4e65-8bae-95126ebb1dd2" testListId="8c84fa94-04c1-424b-9868-57a2d4851a1d" />
    <TestEntry testId="85c9bd99-890d-4b56-a986-96ca910d7e63" executionId="acad8f8b-a75e-45f8-92e1-3cf013d4a50f" testListId="8c84fa94-04c1-424b-9868-57a2d4851a1d" />
    <TestEntry testId="92b3e0d1-edc6-8b4a-00eb-2b333f2456f8" executionId="a463684d-c4c3-4997-a388-c94bb45565f1" testListId="8c84fa94-04c1-424b-9868-57a2d4851a1d" />
    <TestEntry testId="68124f2a-b96e-cc3f-a1bd-10161ec0e4bf" executionId="a8c336e4-a7de-4609-8a89-fcbcf9440a93" testListId="8c84fa94-04c1-424b-9868-57a2d4851a1d" />
    <TestEntry testId="897f220a-2a14-f141-becf-7d18dcd58171" executionId="f39734ee-6c08-4060-8ad5-e13cd1ac1217" testListId="8c84fa94-04c1-424b-9868-57a2d4851a1d" />
    <TestEntry testId="e2294e9e-4d27-ebba-42ce-04c56ecd5174" executionId="d9ff4103-bd70-46d6-bf73-0adaddf768b1" testListId="8c84fa94-04c1-424b-9868-57a2d4851a1d" />
    <TestEntry testId="0e3504ef-04be-67aa-24a2-162eeda7ff88" executionId="287458a6-2c12-4b7d-ba70-35dc9cf3fa5a" testListId="8c84fa94-04c1-424b-9868-57a2d4851a1d" />
    <TestEntry testId="46bedd54-55d3-41b6-ebf9-29b8aa2dcab0" executionId="f932b1a6-f101-4de3-9f2d-e1507568158d" testListId="8c84fa94-04c1-424b-9868-57a2d4851a1d" />
    <TestEntry testId="b026f6f8-9168-d34a-94ce-2d33b1e9f6eb" executionId="cbbcaaf3-cbd7-4c40-974e-942bacc6e35b" testListId="8c84fa94-04c1-424b-9868-57a2d4851a1d" />
    <TestEntry testId="512960dd-b83e-465e-1058-554f00dfd8b8" executionId="c9d78282-bf60-44f1-baf2-d46a86fea023" testListId="8c84fa94-04c1-424b-9868-57a2d4851a1d" />
    <TestEntry testId="cca402ac-f2da-79fe-ea36-23e99696e5b5" executionId="421fbf11-019e-4d88-a142-0e70ed766282" testListId="8c84fa94-04c1-424b-9868-57a2d4851a1d" />
    <TestEntry testId="4656baf0-58f8-4ccc-c9e7-4d23dd1e63fb" executionId="5d21230c-f725-48aa-906f-ca0116f967b6" testListId="8c84fa94-04c1-424b-9868-57a2d4851a1d" />
    <TestEntry testId="d91417d7-1346-dfa7-2b46-20e0fa111b8c" executionId="6df06021-7d7d-4bee-ba83-a79c637a3b6c" testListId="8c84fa94-04c1-424b-9868-57a2d4851a1d" />
    <TestEntry testId="e0ea3d14-723c-47b3-ddab-432c2a1d6d19" executionId="8fc52ecf-e244-4efa-9e06-80ebb37d3174" testListId="8c84fa94-04c1-424b-9868-57a2d4851a1d" />
    <TestEntry testId="9ff9e3c7-62b7-72df-8902-3eed4e7eec03" executionId="d5220698-893f-4ca1-b7fd-217fa84bd223" testListId="8c84fa94-04c1-424b-9868-57a2d4851a1d" />
    <TestEntry testId="bc43e39f-9ad7-a690-2dfa-2ac013045385" executionId="c0b65b92-f496-46e3-bf26-b258a85b80f1" testListId="8c84fa94-04c1-424b-9868-57a2d4851a1d" />
    <TestEntry testId="20d7b9d0-e939-bc63-96aa-91ba3fd43edb" executionId="5c26ca8f-e3e9-42db-8744-de3fd3cc22b5" testListId="8c84fa94-04c1-424b-9868-57a2d4851a1d" />
    <TestEntry testId="d4efaf2c-d958-43a9-9469-622988a27978" executionId="06816894-96aa-4635-869b-827279446d6a" testListId="8c84fa94-04c1-424b-9868-57a2d4851a1d" />
    <TestEntry testId="5cddcff5-398b-f9e2-46fd-33f0dc0a4eba" executionId="5aea4c41-0034-4ebd-afc3-f439552bbf1e" testListId="8c84fa94-04c1-424b-9868-57a2d4851a1d" />
    <TestEntry testId="f0c27f8f-dc6a-e6c6-4bde-66c86e9128df" executionId="940c1fa2-c79d-408b-ab20-9d0fa32ae889" testListId="8c84fa94-04c1-424b-9868-57a2d4851a1d" />
    <TestEntry testId="56573e76-d38b-8c4b-50d5-c8a2e05253b8" executionId="1b0a1d56-b943-47c3-b9f2-29f7f68ada71" testListId="8c84fa94-04c1-424b-9868-57a2d4851a1d" />
    <TestEntry testId="01725a36-4b5b-8bcf-f485-8931821ddb4b" executionId="62e1e333-ceb1-4d64-80bc-93ff74234b73" testListId="8c84fa94-04c1-424b-9868-57a2d4851a1d" />
    <TestEntry testId="d220443a-1785-17f2-f250-2c1430573c0f" executionId="c83140c7-75dd-48dd-8542-c9876e9142e9" testListId="8c84fa94-04c1-424b-9868-57a2d4851a1d" />
    <TestEntry testId="c4b85068-82b7-8ff9-ea00-60709626f475" executionId="35412000-6256-4fa0-96f0-e6248ebadf77" testListId="8c84fa94-04c1-424b-9868-57a2d4851a1d" />
    <TestEntry testId="55acef94-ebe1-e6a3-2c72-1f84ea2f2c83" executionId="6e1b94c0-ef0f-4d7b-b9bb-fb67153b9b98" testListId="8c84fa94-04c1-424b-9868-57a2d4851a1d" />
    <TestEntry testId="77aab88f-f272-0e3d-d10a-f572584ed826" executionId="9d1f8777-0439-4ae4-8aff-1106b81b79bc" testListId="8c84fa94-04c1-424b-9868-57a2d4851a1d" />
    <TestEntry testId="00735a74-52fa-640b-3b22-4f05ca18f8a1" executionId="26f76e17-dc7e-4fb3-94b6-33909164664f" testListId="8c84fa94-04c1-424b-9868-57a2d4851a1d" />
    <TestEntry testId="9e01df5e-5950-9dd1-0391-21212c51dc6d" executionId="7d31328e-b800-44f6-a10e-75ed9ac2d349" testListId="8c84fa94-04c1-424b-9868-57a2d4851a1d" />
    <TestEntry testId="3fb38509-0b8e-6662-6cfd-926dd2ff9585" executionId="a8884e3e-6cda-465c-82cc-f41c7e54ebe0" testListId="8c84fa94-04c1-424b-9868-57a2d4851a1d" />
    <TestEntry testId="881e1152-40f3-7591-1229-7f22ff32539e" executionId="d72dfe38-2532-4000-8951-c749781617d4" testListId="8c84fa94-04c1-424b-9868-57a2d4851a1d" />
    <TestEntry testId="61616f39-92ea-b4b0-f499-c684a47eca99" executionId="e2bccc23-1a4a-4bb5-a8e2-83e97ee6f669" testListId="8c84fa94-04c1-424b-9868-57a2d4851a1d" />
    <TestEntry testId="b61f5faf-bbb8-9562-8530-04e17fcb6253" executionId="a0c9a3cd-546c-40cf-aa8b-d3f0e87992e8" testListId="8c84fa94-04c1-424b-9868-57a2d4851a1d" />
    <TestEntry testId="8663c046-0200-c4de-aab4-4c744d3f962d" executionId="e4a29967-edf7-48e3-863f-54a231f4a0d1" testListId="8c84fa94-04c1-424b-9868-57a2d4851a1d" />
    <TestEntry testId="5a1e38d2-1398-6c33-36ab-3558e783ea0b" executionId="1a3c2127-b836-4874-aff9-e2e8cabb3d6b" testListId="8c84fa94-04c1-424b-9868-57a2d4851a1d" />
    <TestEntry testId="079433d2-73ef-9a06-ffad-792c1b690362" executionId="e76430a2-8b83-4496-a6eb-b73262aefb94" testListId="8c84fa94-04c1-424b-9868-57a2d4851a1d" />
    <TestEntry testId="dd6c5b04-db09-f3f4-f296-73810d7cb64d" executionId="ee3c4776-5978-498a-b5ac-fcee0160bd1c" testListId="8c84fa94-04c1-424b-9868-57a2d4851a1d" />
    <TestEntry testId="fa688409-47c5-c3fa-0542-ad92e54118c9" executionId="c5d366ce-aa29-4de9-81a0-8b5dabf528a9" testListId="8c84fa94-04c1-424b-9868-57a2d4851a1d" />
    <TestEntry testId="f197e8d6-4d85-1a33-6cc7-42757a8b6a2e" executionId="0d997856-fa8a-4757-ab06-d6b066559be8" testListId="8c84fa94-04c1-424b-9868-57a2d4851a1d" />
    <TestEntry testId="eb2dc0dc-bdb0-a374-d622-74f395c03b5e" executionId="d2144358-c459-4f41-85f5-871d5469bfc1" testListId="8c84fa94-04c1-424b-9868-57a2d4851a1d" />
    <TestEntry testId="055bf2ac-72a5-84d1-aeca-07f9769de6d7" executionId="528cf876-b519-4cb9-bc7e-e293db8ec1da" testListId="8c84fa94-04c1-424b-9868-57a2d4851a1d" />
    <TestEntry testId="3b7ec4a0-90b0-6f4f-3ea4-7165c75e21d0" executionId="a7db6026-f9ad-412d-81f8-9f86ac8636dc" testListId="8c84fa94-04c1-424b-9868-57a2d4851a1d" />
    <TestEntry testId="c62f77c5-a701-9213-4a40-64b1d975df1e" executionId="a3bcbb16-7476-42f5-acb4-44d4b45fa133" testListId="8c84fa94-04c1-424b-9868-57a2d4851a1d" />
    <TestEntry testId="892d2b38-a534-fe70-75e2-1eb587d274b4" executionId="bcf04736-4727-4c28-921a-cc4135e4b419" testListId="8c84fa94-04c1-424b-9868-57a2d4851a1d" />
    <TestEntry testId="2a5ddfab-ff6c-06a9-8082-966e0562b315" executionId="d502a677-88a3-49c3-a057-5683c8e0ef15" testListId="8c84fa94-04c1-424b-9868-57a2d4851a1d" />
    <TestEntry testId="8bb1f684-9c81-dfe5-a066-1fbb89bbb5b8" executionId="8fea661b-9299-4605-9155-36cc6c020603" testListId="8c84fa94-04c1-424b-9868-57a2d4851a1d" />
    <TestEntry testId="4a208dea-2e5c-d7dd-52cd-cac88f53f83b" executionId="6a1e66df-a63f-4852-a598-339884f1e462" testListId="8c84fa94-04c1-424b-9868-57a2d4851a1d" />
    <TestEntry testId="dc9fe0ff-5a4e-e363-6667-80a01ddb8928" executionId="bb93e804-c4cd-4596-a958-f61d8db2f0ad" testListId="8c84fa94-04c1-424b-9868-57a2d4851a1d" />
    <TestEntry testId="51d1bf69-9bb2-e8ea-680a-2e981d3749ee" executionId="3ae6f25f-2c2e-4347-aff7-724fb9b53356" testListId="8c84fa94-04c1-424b-9868-57a2d4851a1d" />
    <TestEntry testId="e2602f93-7aab-27f1-308f-ede513110e57" executionId="3665cc49-a085-4f21-bc89-b7e3c5f56a2e" testListId="8c84fa94-04c1-424b-9868-57a2d4851a1d" />
    <TestEntry testId="4bc2a2b9-f69e-ade7-3cfc-0555f5bdf6e2" executionId="f0226534-1f0a-44b1-bf05-45b3fd7300ce" testListId="8c84fa94-04c1-424b-9868-57a2d4851a1d" />
    <TestEntry testId="dacc6f7e-b1c0-5d18-4487-3c6c70067ae7" executionId="7cd9a2f5-b7fe-4332-bd30-ca234e10bc1e" testListId="8c84fa94-04c1-424b-9868-57a2d4851a1d" />
    <TestEntry testId="87b31575-259b-3656-5143-2229e47de07f" executionId="4e719fc5-4198-44db-9f7d-95fd51c9867d" testListId="8c84fa94-04c1-424b-9868-57a2d4851a1d" />
    <TestEntry testId="e34c667e-2282-e8b9-d697-5643186aab1b" executionId="346e8834-b2d9-4fde-8539-323e3db56d7f" testListId="8c84fa94-04c1-424b-9868-57a2d4851a1d" />
    <TestEntry testId="f2cc474c-061d-5c1e-206d-c803601b9f6e" executionId="5ee08fe0-5fe1-440a-a0de-967f8fe6a00e" testListId="8c84fa94-04c1-424b-9868-57a2d4851a1d" />
    <TestEntry testId="f655c8ce-cdf8-a87a-5a84-8d367c86ec3b" executionId="397666b1-fa9a-4df0-b40a-31cee2102090" testListId="8c84fa94-04c1-424b-9868-57a2d4851a1d" />
    <TestEntry testId="9780b2cd-301d-d53e-87d4-80493da00f9e" executionId="6fa96f57-7e97-43a3-846c-f337bfce1dfa" testListId="8c84fa94-04c1-424b-9868-57a2d4851a1d" />
    <TestEntry testId="231c275f-c35c-d319-fb0d-042d3bbc01f6" executionId="144d1e37-7574-467a-94d2-0110565dd205" testListId="8c84fa94-04c1-424b-9868-57a2d4851a1d" />
    <TestEntry testId="ddceb84f-8873-dfc5-896e-a4733fb71f3e" executionId="a268e937-e16b-49dd-bef4-3e4c280818d8" testListId="8c84fa94-04c1-424b-9868-57a2d4851a1d" />
    <TestEntry testId="ca1f3887-bbb8-4ce1-c5a0-b6c1af45db7a" executionId="8d8502b2-ba9e-4c8c-a19f-4f39608815fe" testListId="8c84fa94-04c1-424b-9868-57a2d4851a1d" />
    <TestEntry testId="7d0fadd2-87b6-f5e0-5cce-f972a4a436ce" executionId="3e4c0f9d-fb10-4eb0-b80f-c5401c9cb0f8" testListId="8c84fa94-04c1-424b-9868-57a2d4851a1d" />
    <TestEntry testId="1785dcf1-6761-1eff-f5d7-b44d6a5ba980" executionId="b738bf6a-749a-48ef-b1a5-ffc9408c8622" testListId="8c84fa94-04c1-424b-9868-57a2d4851a1d" />
    <TestEntry testId="43573551-a3b6-5e4a-6cc0-44e7bdf427c3" executionId="b0fe9e01-2201-4285-8616-dae1d4d7f37a" testListId="8c84fa94-04c1-424b-9868-57a2d4851a1d" />
    <TestEntry testId="f8c91cf2-5cdd-be32-d1eb-f934d497ca3c" executionId="4b3ebfbd-e1b5-4116-97a2-7368ec24bb46" testListId="8c84fa94-04c1-424b-9868-57a2d4851a1d" />
    <TestEntry testId="5a61bf12-5f0d-d40a-24ab-80469181bf36" executionId="56d7e144-5608-42c5-a820-30a401d04c06" testListId="8c84fa94-04c1-424b-9868-57a2d4851a1d" />
    <TestEntry testId="6c698713-7633-9e0f-fec8-14779a490df3" executionId="bdb6c5b1-b47f-41be-9647-ae0bf076f50a" testListId="8c84fa94-04c1-424b-9868-57a2d4851a1d" />
    <TestEntry testId="f3966b3c-41ac-4879-300c-40588016d43a" executionId="52565ecd-37f8-446e-b21d-f6c648575b4c" testListId="8c84fa94-04c1-424b-9868-57a2d4851a1d" />
    <TestEntry testId="20294a45-469a-8d3b-98a4-48dbbc6fee7d" executionId="6a197047-b228-40e0-87f4-d3f75a61dd51" testListId="8c84fa94-04c1-424b-9868-57a2d4851a1d" />
    <TestEntry testId="8f2d192e-6968-5656-1e7d-17d269b0af37" executionId="303f5040-89a9-4f27-9e92-b838239fa7bb" testListId="8c84fa94-04c1-424b-9868-57a2d4851a1d" />
    <TestEntry testId="ad9934aa-d0d7-1515-12ca-05435eff4de9" executionId="4f575cba-885a-4556-8f03-df04dec66667" testListId="8c84fa94-04c1-424b-9868-57a2d4851a1d" />
    <TestEntry testId="2f54af88-7969-5a57-920c-25a0a1b78c2f" executionId="a0c2f8a6-8b4f-449c-9573-fa3eaa554192" testListId="8c84fa94-04c1-424b-9868-57a2d4851a1d" />
    <TestEntry testId="baa96d68-76d4-b2f0-941e-32eff5ccd245" executionId="7620d866-ded4-4c00-bec3-a1b76ad339da" testListId="8c84fa94-04c1-424b-9868-57a2d4851a1d" />
    <TestEntry testId="efc84c5d-7c17-69a2-3372-b135556abcec" executionId="188f7a1a-03dd-4c85-bee6-ea44858169ba" testListId="8c84fa94-04c1-424b-9868-57a2d4851a1d" />
    <TestEntry testId="b6c75687-4c2e-1ce2-2910-17c265f38dab" executionId="41d87fbb-fab4-44b9-9358-25004ef7b5fa" testListId="8c84fa94-04c1-424b-9868-57a2d4851a1d" />
    <TestEntry testId="04ba7681-09a6-ebfb-ad4d-960bb8182330" executionId="b02c6d97-ed53-474e-95a1-28ddbeea07c1" testListId="8c84fa94-04c1-424b-9868-57a2d4851a1d" />
    <TestEntry testId="9fc69608-9b1b-d5b8-2e22-ca94526907cf" executionId="37135c09-9ee4-423e-af23-42ab030e9d41" testListId="8c84fa94-04c1-424b-9868-57a2d4851a1d" />
    <TestEntry testId="103b8020-90d8-f2fc-0593-d6746feb5a88" executionId="3c046ed0-eb3c-40c3-8061-043afd93a936" testListId="8c84fa94-04c1-424b-9868-57a2d4851a1d" />
    <TestEntry testId="ca41d661-3b93-cb19-54be-f4979402be3e" executionId="bb81dd0b-4abe-4521-aebb-6c5fe0b17f18" testListId="8c84fa94-04c1-424b-9868-57a2d4851a1d" />
    <TestEntry testId="e0851e91-a670-d8dc-99e6-02616c339625" executionId="c921f304-7ab7-4f4b-9ee2-8576ec1b758c" testListId="8c84fa94-04c1-424b-9868-57a2d4851a1d" />
    <TestEntry testId="d6780396-830c-7fe4-0552-38cc4c5ec5db" executionId="b9336efe-8886-4031-b272-973fc897ed5b" testListId="8c84fa94-04c1-424b-9868-57a2d4851a1d" />
    <TestEntry testId="6931bbd1-71bf-30c4-dbea-536f1da25854" executionId="7cf0d206-0eb9-43b4-b95a-1510f5cdc477" testListId="8c84fa94-04c1-424b-9868-57a2d4851a1d" />
  </TestEntries>
  <TestLists>
    <TestList name="Results Not in a List" id="8c84fa94-04c1-424b-9868-57a2d4851a1d" />
    <TestList name="All Loaded Results" id="19431567-8539-422a-85d7-44ee4e166bda" />
  </TestLists>
  <ResultSummary outcome="Completed">
    <Counters total="157" executed="157" passed="157" failed="0" error="0" timeout="0" aborted="0" inconclusive="0" passedButRunAborted="0" notRunnable="0" notExecuted="0" disconnected="0" warning="0" completed="0" inProgress="0" pending="0" />
  </ResultSummary>
</TestRun>