<?xml version="1.0" encoding="utf-8"?>
<TestRun id="53ee9274-401e-4f01-a94c-8bf5642c1284" name="DKSR-EFI-06$@DKSR-EFI-06 2024-01-09 15:43:05" runUser="NT AUTHORITY\NETWORK SERVICE" xmlns="http://microsoft.com/schemas/VisualStudio/TeamTest/2010">
  <Times creation="2024-01-09T15:43:05.9822141+01:00" queuing="2024-01-09T15:43:05.9822141+01:00" start="2024-01-09T15:43:03.6540789+01:00" finish="2024-01-09T15:43:07.1697156+01:00" />
  <TestSettings name="default" id="387b63a5-c6a7-4a0a-96fd-c0adbcda7c0f">
    <Deployment runDeploymentRoot="DKSR-EFI-06$_DKSR-EFI-06_2024-01-09_15_43_05" />
  </TestSettings>
  <Results>
    <UnitTestResult executionId="393e7fa0-cf37-4ef3-9f2f-5bd7a4287036" testId="9519ff13-f4ae-f878-eb4a-7c327a181f97" testName="DeleteAlarmSound_DeletesFromSoundManager_WhenExists" computerName="DKSR-EFI-06" duration="00:00:00.0052639" startTime="2024-01-09T15:43:06.8415905+01:00" endTime="2024-01-09T15:43:06.8415905+01:00" testType="13cdc9d9-ddb5-4fa4-a97d-d965ccfc6d4b" outcome="Passed" testListId="8c84fa94-04c1-424b-9868-57a2d4851a1d" relativeResultsDirectory="393e7fa0-cf37-4ef3-9f2f-5bd7a4287036" />
    <UnitTestResult executionId="331ae3df-963e-4776-ad45-566428646f0e" testId="e1552691-e502-4f07-2be0-a4d35ddbb7c9" testName="GetAlarmSettings_ReturnsAlarmSettings_WhenReturnedByConfig" computerName="DKSR-EFI-06" duration="00:00:00.0126687" startTime="2024-01-09T15:43:06.7165892+01:00" endTime="2024-01-09T15:43:06.7322168+01:00" testType="13cdc9d9-ddb5-4fa4-a97d-d965ccfc6d4b" outcome="Passed" testListId="8c84fa94-04c1-424b-9868-57a2d4851a1d" relativeResultsDirectory="331ae3df-963e-4776-ad45-566428646f0e" />
    <UnitTestResult executionId="c169c151-3455-4c96-8136-27ee5e92bd7c" testId="caccdef6-4e02-7542-d31b-6b0a52067471" testName="PostAlarmPriority_ReturnsBadRequest_WhenAlreadyExists" computerName="DKSR-EFI-06" duration="00:00:00.0046757" startTime="2024-01-09T15:43:06.3572130+01:00" endTime="2024-01-09T15:43:06.3572130+01:00" testType="13cdc9d9-ddb5-4fa4-a97d-d965ccfc6d4b" outcome="Passed" testListId="8c84fa94-04c1-424b-9868-57a2d4851a1d" relativeResultsDirectory="c169c151-3455-4c96-8136-27ee5e92bd7c" />
    <UnitTestResult executionId="914a3532-f2c6-4601-859c-26aaa779f3f0" testId="79cca645-ccc1-b3d0-9e71-02a1158d3738" testName="DeleteAlarmState_ReturnsNotFound_WhenNotExists" computerName="DKSR-EFI-06" duration="00:00:00.0024809" startTime="2024-01-09T15:43:06.9040906+01:00" endTime="2024-01-09T15:43:06.9040906+01:00" testType="13cdc9d9-ddb5-4fa4-a97d-d965ccfc6d4b" outcome="Passed" testListId="8c84fa94-04c1-424b-9868-57a2d4851a1d" relativeResultsDirectory="914a3532-f2c6-4601-859c-26aaa779f3f0" />
    <UnitTestResult executionId="962162cd-0e17-450c-81f0-174825e3a723" testId="5433a76f-8e3f-a1de-e107-5a1699bd24b9" testName="PostAlarmSound_SendsToSoundManager_WhenCorrect" computerName="DKSR-EFI-06" duration="00:00:00.0071152" startTime="2024-01-09T15:43:06.8259658+01:00" endTime="2024-01-09T15:43:06.8415905+01:00" testType="13cdc9d9-ddb5-4fa4-a97d-d965ccfc6d4b" outcome="Passed" testListId="8c84fa94-04c1-424b-9868-57a2d4851a1d" relativeResultsDirectory="962162cd-0e17-450c-81f0-174825e3a723" />
    <UnitTestResult executionId="bf3ed9d9-cc3a-48c0-a59f-a2522175ea2b" testId="e64f7d49-8162-d06c-63dd-9daf1979f89a" testName="DeleteAlarmState_Deletes_WhenExistsAndNotDefault" computerName="DKSR-EFI-06" duration="00:00:00.0045517" startTime="2024-01-09T15:43:06.8884652+01:00" endTime="2024-01-09T15:43:06.9040906+01:00" testType="13cdc9d9-ddb5-4fa4-a97d-d965ccfc6d4b" outcome="Passed" testListId="8c84fa94-04c1-424b-9868-57a2d4851a1d" relativeResultsDirectory="bf3ed9d9-cc3a-48c0-a59f-a2522175ea2b" />
    <UnitTestResult executionId="a1c0443f-681a-4b1b-b38f-5e63ec3ae221" testId="d6fc99d8-bf1b-c8cc-6ae6-4506359df52c" testName="DeleteAlarmPriority_Deletes_WhenExistsAndNotDefault" computerName="DKSR-EFI-06" duration="00:00:00.0052399" startTime="2024-01-09T15:43:06.3728379+01:00" endTime="2024-01-09T15:43:06.3728379+01:00" testType="13cdc9d9-ddb5-4fa4-a97d-d965ccfc6d4b" outcome="Passed" testListId="8c84fa94-04c1-424b-9868-57a2d4851a1d" relativeResultsDirectory="a1c0443f-681a-4b1b-b38f-5e63ec3ae221" />
    <UnitTestResult executionId="2a8d4356-d3ce-4a29-bb9f-fb1b4123f882" testId="64700630-dc25-02b0-9bd4-fde566580e2c" testName="PostAlarmPriority_ReturnsForbidden_WhenCannotEditSettings" computerName="DKSR-EFI-06" duration="00:00:00.0080139" startTime="2024-01-09T15:43:06.3415885+01:00" endTime="2024-01-09T15:43:06.3572130+01:00" testType="13cdc9d9-ddb5-4fa4-a97d-d965ccfc6d4b" outcome="Passed" testListId="8c84fa94-04c1-424b-9868-57a2d4851a1d" relativeResultsDirectory="2a8d4356-d3ce-4a29-bb9f-fb1b4123f882" />
    <UnitTestResult executionId="d80c6bd5-435e-4677-8ff9-9202b5ad1e0b" testId="a311638f-9f2c-dd0d-ed3b-990a6fc7c706" testName="PostPutAndDelete_ReturnForbidden_WhenUnauthorizedWrite" computerName="DKSR-EFI-06" duration="00:00:00.0056841" startTime="2024-01-09T15:43:06.1228356+01:00" endTime="2024-01-09T15:43:06.1228356+01:00" testType="13cdc9d9-ddb5-4fa4-a97d-d965ccfc6d4b" outcome="Passed" testListId="8c84fa94-04c1-424b-9868-57a2d4851a1d" relativeResultsDirectory="d80c6bd5-435e-4677-8ff9-9202b5ad1e0b" />
    <UnitTestResult executionId="932a003a-2487-491a-b51d-fed933c71481" testId="50361531-ab01-953d-78ce-25691af8e556" testName="GetAlarmCategories_ReturnsAlarmCategories_WhenReturnedByRepository" computerName="DKSR-EFI-06" duration="00:00:00.0404871" startTime="2024-01-09T15:43:05.9040850+01:00" endTime="2024-01-09T15:43:05.9353364+01:00" testType="13cdc9d9-ddb5-4fa4-a97d-d965ccfc6d4b" outcome="Passed" testListId="8c84fa94-04c1-424b-9868-57a2d4851a1d" relativeResultsDirectory="932a003a-2487-491a-b51d-fed933c71481" />
    <UnitTestResult executionId="090f029e-b39a-4858-bb2d-1a3de5d08174" testId="e1454323-f60d-3ed3-30d3-a3ac60e70bd8" testName="GetAlarmManagerColumns_ReturnsAlarmManagerColumns_WhenReturnedByRepository" computerName="DKSR-EFI-06" duration="00:00:00.0081915" startTime="2024-01-09T15:43:06.2009632+01:00" endTime="2024-01-09T15:43:06.2165880+01:00" testType="13cdc9d9-ddb5-4fa4-a97d-d965ccfc6d4b" outcome="Passed" testListId="8c84fa94-04c1-424b-9868-57a2d4851a1d" relativeResultsDirectory="090f029e-b39a-4858-bb2d-1a3de5d08174" />
    <UnitTestResult executionId="ff6cb5ff-5830-4548-9bd8-828c2ec7b3c3" testId="e53e8ad1-7a23-6354-77e9-0a55bce874dc" testName="GetAlarmReasonsForClosing_ReturnsForbidden_WhenCannotRead" computerName="DKSR-EFI-06" duration="00:00:00.0020234" startTime="2024-01-09T15:43:06.3884627+01:00" endTime="2024-01-09T15:43:06.3884627+01:00" testType="13cdc9d9-ddb5-4fa4-a97d-d965ccfc6d4b" outcome="Passed" testListId="8c84fa94-04c1-424b-9868-57a2d4851a1d" relativeResultsDirectory="ff6cb5ff-5830-4548-9bd8-828c2ec7b3c3" />
    <UnitTestResult executionId="7556c334-f69c-43a2-bf22-dea25a851377" testId="ac53c02f-0cae-1e34-f56d-69b6176a5179" testName="PatchAlarmSettings_OverridesAndReturns_WhenCanEditSettings" computerName="DKSR-EFI-06" duration="00:00:00.0049797" startTime="2024-01-09T15:43:06.7322168+01:00" endTime="2024-01-09T15:43:06.7478408+01:00" testType="13cdc9d9-ddb5-4fa4-a97d-d965ccfc6d4b" outcome="Passed" testListId="8c84fa94-04c1-424b-9868-57a2d4851a1d" relativeResultsDirectory="7556c334-f69c-43a2-bf22-dea25a851377" />
    <UnitTestResult executionId="3d2a3159-3c46-4e70-bbcc-9be898e1c326" testId="1ee8fa08-8dbe-25ac-43c2-76c536a66f74" testName="PostAlarmDefinition_ReturnsAlarmDefinitions_WhenAddedToRepository" computerName="DKSR-EFI-06" duration="00:00:00.0418546" startTime="2024-01-09T15:43:06.1540876+01:00" endTime="2024-01-09T15:43:06.2009632+01:00" testType="13cdc9d9-ddb5-4fa4-a97d-d965ccfc6d4b" outcome="Passed" testListId="8c84fa94-04c1-424b-9868-57a2d4851a1d" relativeResultsDirectory="3d2a3159-3c46-4e70-bbcc-9be898e1c326" />
    <UnitTestResult executionId="1c802194-9b7c-4e3d-91f0-da49196d9433" testId="d8249755-c839-ea80-cf7e-821cd18b30bb" testName="GetAlarmStates_ReturnsAlarmStates_WhenReturnedByRepository" computerName="DKSR-EFI-06" duration="00:00:00.0075433" startTime="2024-01-09T15:43:06.8572167+01:00" endTime="2024-01-09T15:43:06.8572167+01:00" testType="13cdc9d9-ddb5-4fa4-a97d-d965ccfc6d4b" outcome="Passed" testListId="8c84fa94-04c1-424b-9868-57a2d4851a1d" relativeResultsDirectory="1c802194-9b7c-4e3d-91f0-da49196d9433" />
    <UnitTestResult executionId="2c6b2bb4-dfb7-4700-8b24-6769bcb8fabf" testId="2bde8518-0fe5-a837-2566-3e88998755f9" testName="GetAlarmSound_ReturnsNotFound_WhenNotReturnedByRepository" computerName="DKSR-EFI-06" duration="00:00:00.0020487" startTime="2024-01-09T15:43:06.8259658+01:00" endTime="2024-01-09T15:43:06.8259658+01:00" testType="13cdc9d9-ddb5-4fa4-a97d-d965ccfc6d4b" outcome="Passed" testListId="8c84fa94-04c1-424b-9868-57a2d4851a1d" relativeResultsDirectory="2c6b2bb4-dfb7-4700-8b24-6769bcb8fabf" />
    <UnitTestResult executionId="2c8024fc-c82e-4bf3-ba6f-a2782922a88e" testId="db2907f4-c056-5586-d9e0-88232eb0a49e" testName="DeleteAlarmDefinition_ReturnsSuccess_WhenRemovedRepository" computerName="DKSR-EFI-06" duration="00:00:00.0039066" startTime="2024-01-09T15:43:06.2009632+01:00" endTime="2024-01-09T15:43:06.2009632+01:00" testType="13cdc9d9-ddb5-4fa4-a97d-d965ccfc6d4b" outcome="Passed" testListId="8c84fa94-04c1-424b-9868-57a2d4851a1d" relativeResultsDirectory="2c8024fc-c82e-4bf3-ba6f-a2782922a88e" />
    <UnitTestResult executionId="892ea25d-f848-4843-a365-bd12d9786525" testId="67076b9e-4c93-d109-7827-f1dcab2002dd" testName="PutAlarmDefinition_ReturnsAlarmDefinitions_WhenUpdatedInRepository" computerName="DKSR-EFI-06" duration="00:00:00.0053755" startTime="2024-01-09T15:43:06.2009632+01:00" endTime="2024-01-09T15:43:06.2009632+01:00" testType="13cdc9d9-ddb5-4fa4-a97d-d965ccfc6d4b" outcome="Passed" testListId="8c84fa94-04c1-424b-9868-57a2d4851a1d" relativeResultsDirectory="892ea25d-f848-4843-a365-bd12d9786525" />
    <UnitTestResult executionId="e8ea28ec-326d-4d2f-856c-795c97ecd0a5" testId="8b005007-a747-7157-8373-0a5bf5bb4505" testName="AlarmDefinitionToDtoConverter_ToDto_ReturnsCorrectObject" computerName="DKSR-EFI-06" duration="00:00:00.5994911" startTime="2024-01-09T15:43:04.8415824+01:00" endTime="2024-01-09T15:43:05.5759612+01:00" testType="13cdc9d9-ddb5-4fa4-a97d-d965ccfc6d4b" outcome="Passed" testListId="8c84fa94-04c1-424b-9868-57a2d4851a1d" relativeResultsDirectory="e8ea28ec-326d-4d2f-856c-795c97ecd0a5" />
    <UnitTestResult executionId="51cae3a0-5882-48ec-ab1c-ac7a3bb9b22c" testId="7d5031eb-4122-662c-c258-dbde19405eb1" testName="PostAlarmState_ReturnsForbidden_WhenCannotEditSettings" computerName="DKSR-EFI-06" duration="00:00:00.0038297" startTime="2024-01-09T15:43:06.8884652+01:00" endTime="2024-01-09T15:43:06.8884652+01:00" testType="13cdc9d9-ddb5-4fa4-a97d-d965ccfc6d4b" outcome="Passed" testListId="8c84fa94-04c1-424b-9868-57a2d4851a1d" relativeResultsDirectory="51cae3a0-5882-48ec-ab1c-ac7a3bb9b22c" />
    <UnitTestResult executionId="18627935-f30f-4f9c-b771-e335ab5f59f6" testId="55b9eda8-3e94-1f87-b54e-54ebfaa360e3" testName="GetAlarmDefinitions_ReturnsForbidden_WhenUnauthorizedRead" computerName="DKSR-EFI-06" duration="00:00:00.0266640" startTime="2024-01-09T15:43:06.0915878+01:00" endTime="2024-01-09T15:43:06.1228356+01:00" testType="13cdc9d9-ddb5-4fa4-a97d-d965ccfc6d4b" outcome="Passed" testListId="8c84fa94-04c1-424b-9868-57a2d4851a1d" relativeResultsDirectory="18627935-f30f-4f9c-b771-e335ab5f59f6" />
    <UnitTestResult executionId="eb45607a-a8c5-48fe-b135-6e4e8e8e55c1" testId="0cab05b6-ce55-6cdc-9014-e2e94a486291" testName="DeleteById_ReturnNotFound_WhenIdIsMissingInRepository" computerName="DKSR-EFI-06" duration="00:00:00.0031919" startTime="2024-01-09T15:43:06.1384613+01:00" endTime="2024-01-09T15:43:06.1384613+01:00" testType="13cdc9d9-ddb5-4fa4-a97d-d965ccfc6d4b" outcome="Passed" testListId="8c84fa94-04c1-424b-9868-57a2d4851a1d" relativeResultsDirectory="eb45607a-a8c5-48fe-b135-6e4e8e8e55c1" />
    <UnitTestResult executionId="d6892e46-24f6-47d8-a658-7e2c5155def9" testId="df80ae2d-caba-0ccc-5377-0269b167f42c" testName="PatchAlarmSettings_ReturnsBadRequest_WhenNegative" computerName="DKSR-EFI-06" duration="00:00:00.0025022" startTime="2024-01-09T15:43:06.7478408+01:00" endTime="2024-01-09T15:43:06.7478408+01:00" testType="13cdc9d9-ddb5-4fa4-a97d-d965ccfc6d4b" outcome="Passed" testListId="8c84fa94-04c1-424b-9868-57a2d4851a1d" relativeResultsDirectory="d6892e46-24f6-47d8-a658-7e2c5155def9" />
    <UnitTestResult executionId="da4dff3b-097f-4382-84d9-37a1dd439963" testId="cabd4be4-8e04-73bd-b9ce-d1ec47c7f950" testName="PatchAlarmState_PatchesAndReturns_WhenReturnedByRepository" computerName="DKSR-EFI-06" duration="00:00:00.0069811" startTime="2024-01-09T15:43:06.8572167+01:00" endTime="2024-01-09T15:43:06.8728411+01:00" testType="13cdc9d9-ddb5-4fa4-a97d-d965ccfc6d4b" outcome="Passed" testListId="8c84fa94-04c1-424b-9868-57a2d4851a1d" relativeResultsDirectory="da4dff3b-097f-4382-84d9-37a1dd439963" />
    <UnitTestResult executionId="f0079bff-3b5e-4f59-962a-c441660126bc" testId="d5e37bef-4c32-802c-ab6b-21db6107c389" testName="PostSnapshots_ReturnsNotFound_WhenAlarmNotFoundByIdInRepository" computerName="DKSR-EFI-06" duration="00:00:00.0051326" startTime="2024-01-09T15:43:06.5447132+01:00" endTime="2024-01-09T15:43:06.5603402+01:00" testType="13cdc9d9-ddb5-4fa4-a97d-d965ccfc6d4b" outcome="Passed" testListId="8c84fa94-04c1-424b-9868-57a2d4851a1d" relativeResultsDirectory="f0079bff-3b5e-4f59-962a-c441660126bc" />
    <UnitTestResult executionId="02ace33a-35f4-475a-ba4a-231b8dbc72bc" testId="a27441d6-7159-dbee-8e3a-242227ce26ae" testName="GetAlarmSound_ReturnsForbidden_WhenCannotRead" computerName="DKSR-EFI-06" duration="00:00:00.0031917" startTime="2024-01-09T15:43:06.8259658+01:00" endTime="2024-01-09T15:43:06.8259658+01:00" testType="13cdc9d9-ddb5-4fa4-a97d-d965ccfc6d4b" outcome="Passed" testListId="8c84fa94-04c1-424b-9868-57a2d4851a1d" relativeResultsDirectory="02ace33a-35f4-475a-ba4a-231b8dbc72bc" />
    <UnitTestResult executionId="3b833802-8c86-4665-b8f0-633f37f87fac" testId="003136a9-f83d-9967-d410-7e849b4b8184" testName="DeleteAlarmSound_ReturnsNotFound_WhenNotExists" computerName="DKSR-EFI-06" duration="00:00:00.0027922" startTime="2024-01-09T15:43:06.8415905+01:00" endTime="2024-01-09T15:43:06.8572167+01:00" testType="13cdc9d9-ddb5-4fa4-a97d-d965ccfc6d4b" outcome="Passed" testListId="8c84fa94-04c1-424b-9868-57a2d4851a1d" relativeResultsDirectory="3b833802-8c86-4665-b8f0-633f37f87fac" />
    <UnitTestResult executionId="18fad025-d1cd-4e02-ba3e-b169ccdb4ecd" testId="602629ca-cb49-2cb9-7fbf-3f99b0a65d04" testName="GetAlarmSettings_ReturnsAForbidden_WhenCannotRead" computerName="DKSR-EFI-06" duration="00:00:00.0020498" startTime="2024-01-09T15:43:06.7322168+01:00" endTime="2024-01-09T15:43:06.7322168+01:00" testType="13cdc9d9-ddb5-4fa4-a97d-d965ccfc6d4b" outcome="Passed" testListId="8c84fa94-04c1-424b-9868-57a2d4851a1d" relativeResultsDirectory="18fad025-d1cd-4e02-ba3e-b169ccdb4ecd" />
    <UnitTestResult executionId="664143b7-5ea7-4cf5-8e1a-bcec78cef114" testId="726d99fb-524a-8321-94ae-71e7e81707ca" testName="PatchAlarm_UpdatesAlarm_WhenValid" computerName="DKSR-EFI-06" duration="00:00:00.0179101" startTime="2024-01-09T15:43:06.5290894+01:00" endTime="2024-01-09T15:43:06.5447132+01:00" testType="13cdc9d9-ddb5-4fa4-a97d-d965ccfc6d4b" outcome="Passed" testListId="8c84fa94-04c1-424b-9868-57a2d4851a1d" relativeResultsDirectory="664143b7-5ea7-4cf5-8e1a-bcec78cef114" />
    <UnitTestResult executionId="e85b081a-bbc0-43df-b104-704263c637fb" testId="444e7632-b672-07a5-70d3-5b00d5daf49d" testName="GetAlarms_ReturnsAlarms_WhenReturnedByRepository" computerName="DKSR-EFI-06" duration="00:00:00.0481171" startTime="2024-01-09T15:43:06.3884627+01:00" endTime="2024-01-09T15:43:06.4509624+01:00" testType="13cdc9d9-ddb5-4fa4-a97d-d965ccfc6d4b" outcome="Passed" testListId="8c84fa94-04c1-424b-9868-57a2d4851a1d" relativeResultsDirectory="e85b081a-bbc0-43df-b104-704263c637fb" />
    <UnitTestResult executionId="2a7ecb46-26ae-4a8f-a08d-818d07860fb7" testId="d941d812-7cfa-88c9-8c4c-70d74aad724c" testName="PostAlarmState_ReturnsBadRequest_WhenAlreadyExists" computerName="DKSR-EFI-06" duration="00:00:00.0038606" startTime="2024-01-09T15:43:06.8884652+01:00" endTime="2024-01-09T15:43:06.8884652+01:00" testType="13cdc9d9-ddb5-4fa4-a97d-d965ccfc6d4b" outcome="Passed" testListId="8c84fa94-04c1-424b-9868-57a2d4851a1d" relativeResultsDirectory="2a7ecb46-26ae-4a8f-a08d-818d07860fb7" />
    <UnitTestResult executionId="ff036885-7822-4f6c-a248-cf62a189afdb" testId="c1821397-8512-fc84-87dc-5c7a17f16bb8" testName="PatchAlarmPriority_PatchesAndReturns_WhenReturnedByRepository" computerName="DKSR-EFI-06" duration="00:00:00.0130166" startTime="2024-01-09T15:43:06.2947472+01:00" endTime="2024-01-09T15:43:06.3103380+01:00" testType="13cdc9d9-ddb5-4fa4-a97d-d965ccfc6d4b" outcome="Passed" testListId="8c84fa94-04c1-424b-9868-57a2d4851a1d" relativeResultsDirectory="ff036885-7822-4f6c-a248-cf62a189afdb" />
    <UnitTestResult executionId="798cd6ee-c3f2-422f-8e3d-0d37ff6351b2" testId="4ba8d120-dd0d-6305-e0f3-cbb5d3717955" testName="PatchAlarmPriority_ReturnsForbidden_WhenCannotEditSettings" computerName="DKSR-EFI-06" duration="00:00:00.0078811" startTime="2024-01-09T15:43:06.3103380+01:00" endTime="2024-01-09T15:43:06.3103380+01:00" testType="13cdc9d9-ddb5-4fa4-a97d-d965ccfc6d4b" outcome="Passed" testListId="8c84fa94-04c1-424b-9868-57a2d4851a1d" relativeResultsDirectory="798cd6ee-c3f2-422f-8e3d-0d37ff6351b2" />
    <UnitTestResult executionId="4561d152-9db9-4ff6-924a-43a15fdc17d8" testId="1e98cf6d-5430-c12d-c632-79bf505e7fea" testName="GetAlarmDefinitions_ReturnsAlarmDefinitions_WhenReturnedByRepository" computerName="DKSR-EFI-06" duration="00:00:00.0115418" startTime="2024-01-09T15:43:06.1384613+01:00" endTime="2024-01-09T15:43:06.1540876+01:00" testType="13cdc9d9-ddb5-4fa4-a97d-d965ccfc6d4b" outcome="Passed" testListId="8c84fa94-04c1-424b-9868-57a2d4851a1d" relativeResultsDirectory="4561d152-9db9-4ff6-924a-43a15fdc17d8" />
    <UnitTestResult executionId="a4cbb00e-0776-4d3d-bbc0-7c8c32e69ec8" testId="7f7084a2-a46f-d956-6a6d-750d85ce0a66" testName="GetAlarmCategories_ReturnsForbidden_WhenCannotRead" computerName="DKSR-EFI-06" duration="00:00:00.0081683" startTime="2024-01-09T15:43:05.9353364+01:00" endTime="2024-01-09T15:43:05.9509602+01:00" testType="13cdc9d9-ddb5-4fa4-a97d-d965ccfc6d4b" outcome="Passed" testListId="8c84fa94-04c1-424b-9868-57a2d4851a1d" relativeResultsDirectory="a4cbb00e-0776-4d3d-bbc0-7c8c32e69ec8" />
    <UnitTestResult executionId="4b58ac84-de5b-4fe5-b1f9-a7edf3d285dd" testId="7f5a4df5-380a-7a15-c049-9e50b2ae3008" testName="DeleteAlarmCategory_ReturnsNotFound_WhenNotExists" computerName="DKSR-EFI-06" duration="00:00:00.0108110" startTime="2024-01-09T15:43:06.0759638+01:00" endTime="2024-01-09T15:43:06.0915878+01:00" testType="13cdc9d9-ddb5-4fa4-a97d-d965ccfc6d4b" outcome="Passed" testListId="8c84fa94-04c1-424b-9868-57a2d4851a1d" relativeResultsDirectory="4b58ac84-de5b-4fe5-b1f9-a7edf3d285dd" />
    <UnitTestResult executionId="1e8b153d-3a38-4d1b-9f3b-65af96d9cd6a" testId="213faaec-f28a-8cf2-aed6-46031d755589" testName="PostAlarm_SendsToAlarmProcessor_WhenCorrect" computerName="DKSR-EFI-06" duration="00:00:00.0446298" startTime="2024-01-09T15:43:06.4822140+01:00" endTime="2024-01-09T15:43:06.5290894+01:00" testType="13cdc9d9-ddb5-4fa4-a97d-d965ccfc6d4b" outcome="Passed" testListId="8c84fa94-04c1-424b-9868-57a2d4851a1d" relativeResultsDirectory="1e8b153d-3a38-4d1b-9f3b-65af96d9cd6a" />
    <UnitTestResult executionId="62f222b7-6e91-4f50-8003-20dabe770835" testId="dbfa907c-6a5a-1c2e-b45d-b0c1be784436" testName="GetAlarmSounds_ReturnsForbidden_WhenCannotRead" computerName="DKSR-EFI-06" duration="00:00:00.0024020" startTime="2024-01-09T15:43:06.7478408+01:00" endTime="2024-01-09T15:43:06.7634655+01:00" testType="13cdc9d9-ddb5-4fa4-a97d-d965ccfc6d4b" outcome="Passed" testListId="8c84fa94-04c1-424b-9868-57a2d4851a1d" relativeResultsDirectory="62f222b7-6e91-4f50-8003-20dabe770835" />
    <UnitTestResult executionId="1b38994d-cddb-4aee-b0d8-32da02186b71" testId="a6da2d78-09a9-1ed8-b58e-9ac93ff017f8" testName="GetAlarmSounds_ReturnsAlarmSounds_WhenReturnedByRepository" computerName="DKSR-EFI-06" duration="00:00:00.0069717" startTime="2024-01-09T15:43:06.7478408+01:00" endTime="2024-01-09T15:43:06.7478408+01:00" testType="13cdc9d9-ddb5-4fa4-a97d-d965ccfc6d4b" outcome="Passed" testListId="8c84fa94-04c1-424b-9868-57a2d4851a1d" relativeResultsDirectory="1b38994d-cddb-4aee-b0d8-32da02186b71" />
    <UnitTestResult executionId="62708866-5dd9-4097-908d-888cfe389afe" testId="7037661c-4ff7-fd74-22d2-c9e2f13796a8" testName="GetAlarmManagerColumns_ReturnsAForbidden_WhenCannotRead" computerName="DKSR-EFI-06" duration="00:00:00.0022039" startTime="2024-01-09T15:43:06.2165880+01:00" endTime="2024-01-09T15:43:06.2165880+01:00" testType="13cdc9d9-ddb5-4fa4-a97d-d965ccfc6d4b" outcome="Passed" testListId="8c84fa94-04c1-424b-9868-57a2d4851a1d" relativeResultsDirectory="62708866-5dd9-4097-908d-888cfe389afe" />
    <UnitTestResult executionId="e83cdec5-763f-44d2-8702-275e75664d79" testId="f3c28dc7-8b17-8d53-d995-a2c076021f65" testName="GetStatistics_NotReturnsByState_WhenNoNoInclude" computerName="DKSR-EFI-06" duration="00:00:00.0018803" startTime="2024-01-09T15:43:06.9353400+01:00" endTime="2024-01-09T15:43:06.9509669+01:00" testType="13cdc9d9-ddb5-4fa4-a97d-d965ccfc6d4b" outcome="Passed" testListId="8c84fa94-04c1-424b-9868-57a2d4851a1d" relativeResultsDirectory="e83cdec5-763f-44d2-8702-275e75664d79" />
    <UnitTestResult executionId="815e3520-0c67-452c-bcb0-271094605116" testId="6f5c93a4-6737-3a9f-b508-2098af8e0595" testName="PutAlarmReasonsForClosing_OverridesAndReturns_WhenReturnedByRepository" computerName="DKSR-EFI-06" duration="00:00:00.0059871" startTime="2024-01-09T15:43:06.3884627+01:00" endTime="2024-01-09T15:43:06.3884627+01:00" testType="13cdc9d9-ddb5-4fa4-a97d-d965ccfc6d4b" outcome="Passed" testListId="8c84fa94-04c1-424b-9868-57a2d4851a1d" relativeResultsDirectory="815e3520-0c67-452c-bcb0-271094605116" />
    <UnitTestResult executionId="703516c7-1cb9-4cff-898b-e6444781230b" testId="45bfdc90-b072-d116-10b0-364044d464ae" testName="GetAlarm_ReturnsAlarm_WhenReturnedByRepository" computerName="DKSR-EFI-06" duration="00:00:00.0306921" startTime="2024-01-09T15:43:06.4509624+01:00" endTime="2024-01-09T15:43:06.4822140+01:00" testType="13cdc9d9-ddb5-4fa4-a97d-d965ccfc6d4b" outcome="Passed" testListId="8c84fa94-04c1-424b-9868-57a2d4851a1d" relativeResultsDirectory="703516c7-1cb9-4cff-898b-e6444781230b" />
    <UnitTestResult executionId="6cdc4730-d751-4485-8df2-fac09d949819" testId="d8038aba-5c8b-53de-0fda-88b79ce6dee3" testName="GetByIdAsync_ThrowsUserValidationException_WhenNotAuthorizedUserRequests" computerName="DKSR-EFI-06" duration="00:00:00.0018799" startTime="2024-01-09T15:43:06.6853394+01:00" endTime="2024-01-09T15:43:06.7009644+01:00" testType="13cdc9d9-ddb5-4fa4-a97d-d965ccfc6d4b" outcome="Passed" testListId="8c84fa94-04c1-424b-9868-57a2d4851a1d" relativeResultsDirectory="6cdc4730-d751-4485-8df2-fac09d949819" />
    <UnitTestResult executionId="e5ed9aa8-81e5-4d82-b47a-b1877994e72e" testId="8258123e-0a6c-d969-0931-f39b8fedeb37" testName="PostAsync_ThrowsAlarmServiceFaultExceptionInvalidAuthentication_WhenNotAuthorizedUserRequests" computerName="DKSR-EFI-06" duration="00:00:00.0023226" startTime="2024-01-09T15:43:06.6697143+01:00" endTime="2024-01-09T15:43:06.6853394+01:00" testType="13cdc9d9-ddb5-4fa4-a97d-d965ccfc6d4b" outcome="Passed" testListId="8c84fa94-04c1-424b-9868-57a2d4851a1d" relativeResultsDirectory="e5ed9aa8-81e5-4d82-b47a-b1877994e72e" />
    <UnitTestResult executionId="67705eda-2232-44b0-b24a-a5d7cdf01fe6" testId="638cca05-5290-603a-b769-57840cacf291" testName="PostAsync_ThrowsAlarmServiceFaultExceptionUnknownSession_WhenNotExistingSessionRequested" computerName="DKSR-EFI-06" duration="00:00:00.0325273" startTime="2024-01-09T15:43:06.6384628+01:00" endTime="2024-01-09T15:43:06.6697143+01:00" testType="13cdc9d9-ddb5-4fa4-a97d-d965ccfc6d4b" outcome="Passed" testListId="8c84fa94-04c1-424b-9868-57a2d4851a1d" relativeResultsDirectory="67705eda-2232-44b0-b24a-a5d7cdf01fe6" />
    <UnitTestResult executionId="ad3ab133-49cd-44cd-b312-a9b3de36db9b" testId="fecd9be6-bec9-0b49-c6c4-ff9555e41ac3" testName="GetAlarmDefinitionById_ReturnsAlarmDefinition_WhenReturnedByRepository" computerName="DKSR-EFI-06" duration="00:00:00.0038714" startTime="2024-01-09T15:43:06.1540876+01:00" endTime="2024-01-09T15:43:06.1540876+01:00" testType="13cdc9d9-ddb5-4fa4-a97d-d965ccfc6d4b" outcome="Passed" testListId="8c84fa94-04c1-424b-9868-57a2d4851a1d" relativeResultsDirectory="ad3ab133-49cd-44cd-b312-a9b3de36db9b" />
    <UnitTestResult executionId="756544f1-1102-4134-86d8-c6fbeab9ed19" testId="a431acfd-a703-aa62-4084-d89de9376ace" testName="DeleteByIdAsync_ThrowsAlarmServiceFaultExceptionInvalidAuthentication_WhenNotAuthorizedUserRequests" computerName="DKSR-EFI-06" duration="00:00:00.0027588" startTime="2024-01-09T15:43:06.7165892+01:00" endTime="2024-01-09T15:43:06.7165892+01:00" testType="13cdc9d9-ddb5-4fa4-a97d-d965ccfc6d4b" outcome="Passed" testListId="8c84fa94-04c1-424b-9868-57a2d4851a1d" relativeResultsDirectory="756544f1-1102-4134-86d8-c6fbeab9ed19" />
    <UnitTestResult executionId="b9359f13-5b1b-4b92-9e38-f5c859f54711" testId="c5e9eb62-273c-89cf-ff42-89759b87b6d0" testName="GetSnapshots_ReturnsEmptyArray_WhenNoSnapshotsByIdInRepository" computerName="DKSR-EFI-06" duration="00:00:00.0091009" startTime="2024-01-09T15:43:06.5603402+01:00" endTime="2024-01-09T15:43:06.5603402+01:00" testType="13cdc9d9-ddb5-4fa4-a97d-d965ccfc6d4b" outcome="Passed" testListId="8c84fa94-04c1-424b-9868-57a2d4851a1d" relativeResultsDirectory="b9359f13-5b1b-4b92-9e38-f5c859f54711" />
    <UnitTestResult executionId="cfc70a61-37ff-4199-a5ae-fb0d9a5136b5" testId="504565d2-2795-2364-c3ab-039876f0a9fc" testName="GetAlarm_ReturnsNotFound_WhenNotReturnedByRepository" computerName="DKSR-EFI-06" duration="00:00:00.0033708" startTime="2024-01-09T15:43:05.8884620+01:00" endTime="2024-01-09T15:43:05.9040850+01:00" testType="13cdc9d9-ddb5-4fa4-a97d-d965ccfc6d4b" outcome="Passed" testListId="8c84fa94-04c1-424b-9868-57a2d4851a1d" relativeResultsDirectory="cfc70a61-37ff-4199-a5ae-fb0d9a5136b5" />
    <UnitTestResult executionId="e6190ba2-f3d9-466f-8464-53eb2fa5f314" testId="2334dff9-f212-3bf3-1eb3-234a61132fbb" testName="PatchAlarmPriority_RemovesSoundMapping_WhenSetToNull" computerName="DKSR-EFI-06" duration="00:00:00.0079191" startTime="2024-01-09T15:43:06.3103380+01:00" endTime="2024-01-09T15:43:06.3259622+01:00" testType="13cdc9d9-ddb5-4fa4-a97d-d965ccfc6d4b" outcome="Passed" testListId="8c84fa94-04c1-424b-9868-57a2d4851a1d" relativeResultsDirectory="e6190ba2-f3d9-466f-8464-53eb2fa5f314" />
    <UnitTestResult executionId="730d025a-f5a6-4c47-ad20-eb392284ffeb" testId="8322d50f-7a10-a72c-9db0-690912ff0eb9" testName="GetAlarmPriorities_ReturnsAlarmPriorities_WhenReturnedByRepository" computerName="DKSR-EFI-06" duration="00:00:00.0371322" startTime="2024-01-09T15:43:06.2478398+01:00" endTime="2024-01-09T15:43:06.2790852+01:00" testType="13cdc9d9-ddb5-4fa4-a97d-d965ccfc6d4b" outcome="Passed" testListId="8c84fa94-04c1-424b-9868-57a2d4851a1d" relativeResultsDirectory="730d025a-f5a6-4c47-ad20-eb392284ffeb" />
    <UnitTestResult executionId="40e48cd9-ba15-41e3-b37b-a2d496b2b170" testId="9f15b6bf-ed52-0687-ff13-eb3f85c6509a" testName="GetStatistics_NotReturnsByState_WhenEmptyInclude" computerName="DKSR-EFI-06" duration="00:00:00.0034716" startTime="2024-01-09T15:43:06.9353400+01:00" endTime="2024-01-09T15:43:06.9353400+01:00" testType="13cdc9d9-ddb5-4fa4-a97d-d965ccfc6d4b" outcome="Passed" testListId="8c84fa94-04c1-424b-9868-57a2d4851a1d" relativeResultsDirectory="40e48cd9-ba15-41e3-b37b-a2d496b2b170" />
    <UnitTestResult executionId="0b1d2a9b-8b49-43dc-811f-b89017e0781f" testId="2c573f59-b5a1-dedc-3608-785110823d04" testName="GetByIdAsync_Succeeds_WhenValidUserAndExistingSession" computerName="DKSR-EFI-06" duration="00:00:00.0099272" startTime="2024-01-09T15:43:06.7009644+01:00" endTime="2024-01-09T15:43:06.7009644+01:00" testType="13cdc9d9-ddb5-4fa4-a97d-d965ccfc6d4b" outcome="Passed" testListId="8c84fa94-04c1-424b-9868-57a2d4851a1d" relativeResultsDirectory="0b1d2a9b-8b49-43dc-811f-b89017e0781f" />
    <UnitTestResult executionId="fb02bae7-a53c-4346-b3f8-f0362334c0de" testId="c8d040fd-a083-ba96-be3a-5dbf1f3affe0" testName="DeleteAlarmCategory_ReturnsForbidden_WhenCannotEdit" computerName="DKSR-EFI-06" duration="00:00:00.0027218" startTime="2024-01-09T15:43:06.0759638+01:00" endTime="2024-01-09T15:43:06.0759638+01:00" testType="13cdc9d9-ddb5-4fa4-a97d-d965ccfc6d4b" outcome="Passed" testListId="8c84fa94-04c1-424b-9868-57a2d4851a1d" relativeResultsDirectory="fb02bae7-a53c-4346-b3f8-f0362334c0de" />
    <UnitTestResult executionId="88275a3a-01a3-44b7-9565-0886cecb10d6" testId="4da9f952-8f82-451d-9f91-104cef5655a6" testName="PatchAlarmPriority_ReturnsBadRequest_WhenSoundNotExists" computerName="DKSR-EFI-06" duration="00:00:00.0059691" startTime="2024-01-09T15:43:06.3259622+01:00" endTime="2024-01-09T15:43:06.3415885+01:00" testType="13cdc9d9-ddb5-4fa4-a97d-d965ccfc6d4b" outcome="Passed" testListId="8c84fa94-04c1-424b-9868-57a2d4851a1d" relativeResultsDirectory="88275a3a-01a3-44b7-9565-0886cecb10d6" />
    <UnitTestResult executionId="56f52f74-dc7f-4f20-83ea-e4aec20c94fc" testId="7ffbc039-e537-3a06-0c7a-54f1da647f8b" testName="DeleteByIdAsync_ThrowsUserValidationException_WhenInvalidUserRequests" computerName="DKSR-EFI-06" duration="00:00:00.0013442" startTime="2024-01-09T15:43:06.7165892+01:00" endTime="2024-01-09T15:43:06.7165892+01:00" testType="13cdc9d9-ddb5-4fa4-a97d-d965ccfc6d4b" outcome="Passed" testListId="8c84fa94-04c1-424b-9868-57a2d4851a1d" relativeResultsDirectory="56f52f74-dc7f-4f20-83ea-e4aec20c94fc" />
    <UnitTestResult executionId="5a7cbfde-790a-49a0-9a5a-df5cf725bd44" testId="031b948a-1207-f6c7-2554-4b432c3a58ab" testName="PostAlarmPriority_ReturnsBadRequest_WhenSoundNotExists" computerName="DKSR-EFI-06" duration="00:00:00.0032585" startTime="2024-01-09T15:43:06.3572130+01:00" endTime="2024-01-09T15:43:06.3728379+01:00" testType="13cdc9d9-ddb5-4fa4-a97d-d965ccfc6d4b" outcome="Passed" testListId="8c84fa94-04c1-424b-9868-57a2d4851a1d" relativeResultsDirectory="5a7cbfde-790a-49a0-9a5a-df5cf725bd44" />
    <UnitTestResult executionId="6529b366-f9ce-45d2-9bf5-368e8fdd4ab7" testId="ba8182e2-0e7f-893a-3584-dbdbf426abc9" testName="GetByIdAsync_ThrowsAlarmServiceFaultExceptionInvalidAuthentication_WhenNotAuthorizedUserRequests" computerName="DKSR-EFI-06" duration="00:00:00.0030066" startTime="2024-01-09T15:43:06.7009644+01:00" endTime="2024-01-09T15:43:06.7009644+01:00" testType="13cdc9d9-ddb5-4fa4-a97d-d965ccfc6d4b" outcome="Passed" testListId="8c84fa94-04c1-424b-9868-57a2d4851a1d" relativeResultsDirectory="6529b366-f9ce-45d2-9bf5-368e8fdd4ab7" />
    <UnitTestResult executionId="ba9f449f-418e-4780-b405-18c8be0a8c62" testId="fc529f73-92b5-95ad-56ed-8e776433486a" testName="GetAlarmPriorities_ReturnsForbidden_WhenCannotRead" computerName="DKSR-EFI-06" duration="00:00:00.0079046" startTime="2024-01-09T15:43:06.2790852+01:00" endTime="2024-01-09T15:43:06.2947472+01:00" testType="13cdc9d9-ddb5-4fa4-a97d-d965ccfc6d4b" outcome="Passed" testListId="8c84fa94-04c1-424b-9868-57a2d4851a1d" relativeResultsDirectory="ba9f449f-418e-4780-b405-18c8be0a8c62" />
    <UnitTestResult executionId="a21cae15-72f6-47f4-b6cb-177dae9d6919" testId="f68d4a6c-159f-4f94-28b5-801adaf97c56" testName="PatchAlarmPriority_ReturnsNotFound_WhenNotReturnedByRepository" computerName="DKSR-EFI-06" duration="00:00:00.0053691" startTime="2024-01-09T15:43:06.3259622+01:00" endTime="2024-01-09T15:43:06.3259622+01:00" testType="13cdc9d9-ddb5-4fa4-a97d-d965ccfc6d4b" outcome="Passed" testListId="8c84fa94-04c1-424b-9868-57a2d4851a1d" relativeResultsDirectory="a21cae15-72f6-47f4-b6cb-177dae9d6919" />
    <UnitTestResult executionId="a4347a64-8864-4176-8a08-7696dcba4131" testId="e6b520f8-0623-dc53-5f62-5b9f653771e8" testName="GetByIdAsync_ThrowsAlarmServiceFaultExceptionUnknownSession_WhenNotExistingSessionRequested" computerName="DKSR-EFI-06" duration="00:00:00.0059470" startTime="2024-01-09T15:43:06.6853394+01:00" endTime="2024-01-09T15:43:06.6853394+01:00" testType="13cdc9d9-ddb5-4fa4-a97d-d965ccfc6d4b" outcome="Passed" testListId="8c84fa94-04c1-424b-9868-57a2d4851a1d" relativeResultsDirectory="a4347a64-8864-4176-8a08-7696dcba4131" />
    <UnitTestResult executionId="d150fee4-9069-4d85-9d50-406239027f30" testId="43bf165b-b1e9-c786-d62a-10bb22e07b01" testName="PostAlarmCategory_Stores_WhenCorrect" computerName="DKSR-EFI-06" duration="00:00:00.0683071" startTime="2024-01-09T15:43:05.9822141+01:00" endTime="2024-01-09T15:43:06.0447121+01:00" testType="13cdc9d9-ddb5-4fa4-a97d-d965ccfc6d4b" outcome="Passed" testListId="8c84fa94-04c1-424b-9868-57a2d4851a1d" relativeResultsDirectory="d150fee4-9069-4d85-9d50-406239027f30" />
    <UnitTestResult executionId="01e63797-62a2-49b8-a7c9-cfed3d3109a8" testId="52df9033-e832-ada0-efdb-f546a702f7e3" testName="DeleteAlarmCategory_Deletes_WhenExistsAndNotDefault" computerName="DKSR-EFI-06" duration="00:00:00.0048450" startTime="2024-01-09T15:43:06.0759638+01:00" endTime="2024-01-09T15:43:06.0759638+01:00" testType="13cdc9d9-ddb5-4fa4-a97d-d965ccfc6d4b" outcome="Passed" testListId="8c84fa94-04c1-424b-9868-57a2d4851a1d" relativeResultsDirectory="01e63797-62a2-49b8-a7c9-cfed3d3109a8" />
    <UnitTestResult executionId="98c17ba6-6dc8-4d2b-8242-65da23b319b2" testId="9194256d-55fc-13b2-7af1-65d2d12e2b28" testName="PutAlarmReasonsForClosing_ReturnsForbidden_WhenCannotEditSettings" computerName="DKSR-EFI-06" duration="00:00:00.0027699" startTime="2024-01-09T15:43:06.3884627+01:00" endTime="2024-01-09T15:43:06.3884627+01:00" testType="13cdc9d9-ddb5-4fa4-a97d-d965ccfc6d4b" outcome="Passed" testListId="8c84fa94-04c1-424b-9868-57a2d4851a1d" relativeResultsDirectory="98c17ba6-6dc8-4d2b-8242-65da23b319b2" />
    <UnitTestResult executionId="3a516a17-1268-48b6-b866-740e081a9473" testId="92905909-dda5-c258-591b-904fdfb4c304" testName="PutAlarmManagerColumns_OverridesAndReturns_WhenReturnedByRepository" computerName="DKSR-EFI-06" duration="00:00:00.0241677" startTime="2024-01-09T15:43:06.2165880+01:00" endTime="2024-01-09T15:43:06.2478398+01:00" testType="13cdc9d9-ddb5-4fa4-a97d-d965ccfc6d4b" outcome="Passed" testListId="8c84fa94-04c1-424b-9868-57a2d4851a1d" relativeResultsDirectory="3a516a17-1268-48b6-b866-740e081a9473" />
    <UnitTestResult executionId="1941cae1-48c7-4315-b88f-e6654cc86e53" testId="c3c858cc-80cf-bd60-eaa7-3b2bf3252bae" testName="PostAlarmSound_ReturnsForbidden_WhenCannotEditSettings" computerName="DKSR-EFI-06" duration="00:00:00.0017375" startTime="2024-01-09T15:43:06.8415905+01:00" endTime="2024-01-09T15:43:06.8415905+01:00" testType="13cdc9d9-ddb5-4fa4-a97d-d965ccfc6d4b" outcome="Passed" testListId="8c84fa94-04c1-424b-9868-57a2d4851a1d" relativeResultsDirectory="1941cae1-48c7-4315-b88f-e6654cc86e53" />
    <UnitTestResult executionId="09dc5e53-0acc-426f-aa24-71acb4b99589" testId="c537e4b8-c876-507c-0b33-25626acc9bb5" testName="AlarmDefinitionToDtoConverter_FromDto_ReturnsCorrectObject" computerName="DKSR-EFI-06" duration="00:00:00.1549034" startTime="2024-01-09T15:43:05.5915852+01:00" endTime="2024-01-09T15:43:05.7478364+01:00" testType="13cdc9d9-ddb5-4fa4-a97d-d965ccfc6d4b" outcome="Passed" testListId="8c84fa94-04c1-424b-9868-57a2d4851a1d" relativeResultsDirectory="09dc5e53-0acc-426f-aa24-71acb4b99589" />
    <UnitTestResult executionId="e88645f8-df9d-4063-8506-5069710e0eb2" testId="4366ebca-90b4-8e87-c482-7b1f7537f5a9" testName="GetById_ReturnNotFound_WhenIdIsMissingInRepository" computerName="DKSR-EFI-06" duration="00:00:00.0033370" startTime="2024-01-09T15:43:06.1228356+01:00" endTime="2024-01-09T15:43:06.1228356+01:00" testType="13cdc9d9-ddb5-4fa4-a97d-d965ccfc6d4b" outcome="Passed" testListId="8c84fa94-04c1-424b-9868-57a2d4851a1d" relativeResultsDirectory="e88645f8-df9d-4063-8506-5069710e0eb2" />
    <UnitTestResult executionId="7d77ee27-551a-4a4f-8aef-98b295a50d5e" testId="1768ce57-9a0b-fc36-c4a3-71c366a0e5a6" testName="GetAlarmAuthorizedRoles_ReturnsAlarmAuthorizedRoles_WhenReturnedByManager" computerName="DKSR-EFI-06" duration="00:00:00.1447793" startTime="2024-01-09T15:43:05.7478364+01:00" endTime="2024-01-09T15:43:05.8884620+01:00" testType="13cdc9d9-ddb5-4fa4-a97d-d965ccfc6d4b" outcome="Passed" testListId="8c84fa94-04c1-424b-9868-57a2d4851a1d" relativeResultsDirectory="7d77ee27-551a-4a4f-8aef-98b295a50d5e" />
    <UnitTestResult executionId="9c8d2d4a-1de7-4887-8ee7-08c3bb604c07" testId="731c8760-5913-fbf0-e5a4-e90c480360cd" testName="GetAlarm_ReturnsNotFound_WhenNotReturnedByRepository" computerName="DKSR-EFI-06" duration="00:00:00.0021499" startTime="2024-01-09T15:43:06.4822140+01:00" endTime="2024-01-09T15:43:06.4822140+01:00" testType="13cdc9d9-ddb5-4fa4-a97d-d965ccfc6d4b" outcome="Passed" testListId="8c84fa94-04c1-424b-9868-57a2d4851a1d" relativeResultsDirectory="9c8d2d4a-1de7-4887-8ee7-08c3bb604c07" />
    <UnitTestResult executionId="6d1d49cd-698c-41cf-ae95-23c28b6fd058" testId="80a355c2-b8ee-cf51-8b7b-bee6654585bc" testName="PostAlarmState_Stores_WhenCorrect" computerName="DKSR-EFI-06" duration="00:00:00.0066987" startTime="2024-01-09T15:43:06.8728411+01:00" endTime="2024-01-09T15:43:06.8884652+01:00" testType="13cdc9d9-ddb5-4fa4-a97d-d965ccfc6d4b" outcome="Passed" testListId="8c84fa94-04c1-424b-9868-57a2d4851a1d" relativeResultsDirectory="6d1d49cd-698c-41cf-ae95-23c28b6fd058" />
    <UnitTestResult executionId="80500b45-0937-48da-95c3-f0332b3b3651" testId="a51de4a5-948f-6c56-44af-04e1267e3ef9" testName="PatchAlarmCategory_ReturnsForbidden_WhenCannotEditSettings" computerName="DKSR-EFI-06" duration="00:00:00.0045082" startTime="2024-01-09T15:43:05.9665847+01:00" endTime="2024-01-09T15:43:05.9665847+01:00" testType="13cdc9d9-ddb5-4fa4-a97d-d965ccfc6d4b" outcome="Passed" testListId="8c84fa94-04c1-424b-9868-57a2d4851a1d" relativeResultsDirectory="80500b45-0937-48da-95c3-f0332b3b3651" />
    <UnitTestResult executionId="7f918773-b16f-48ef-9dee-264d02b40e9a" testId="48ca4192-0715-ebf9-89e7-e7488fe2e14b" testName="PatchAlarmCategory_ReturnsNotFound_WhenNotReturnedByRepository" computerName="DKSR-EFI-06" duration="00:00:00.0049422" startTime="2024-01-09T15:43:05.9665847+01:00" endTime="2024-01-09T15:43:05.9665847+01:00" testType="13cdc9d9-ddb5-4fa4-a97d-d965ccfc6d4b" outcome="Passed" testListId="8c84fa94-04c1-424b-9868-57a2d4851a1d" relativeResultsDirectory="7f918773-b16f-48ef-9dee-264d02b40e9a" />
    <UnitTestResult executionId="60d04ace-2eb9-45c5-8d0c-d020604d8fd7" testId="962fee03-3b35-2e9c-4452-66a0a8a16975" testName="GetSnapshots_ReturnsNotFound_WhenAlarmNotFoundByIdInRepository" computerName="DKSR-EFI-06" duration="00:00:00.0063032" startTime="2024-01-09T15:43:06.5447132+01:00" endTime="2024-01-09T15:43:06.5447132+01:00" testType="13cdc9d9-ddb5-4fa4-a97d-d965ccfc6d4b" outcome="Passed" testListId="8c84fa94-04c1-424b-9868-57a2d4851a1d" relativeResultsDirectory="60d04ace-2eb9-45c5-8d0c-d020604d8fd7" />
    <UnitTestResult executionId="2d239332-40f7-4f3a-b6f6-1b3d60b04591" testId="60e32c07-43bd-87b8-7edd-6d707919e175" testName="GetAlarmReasonsForClosing_ReturnsAlarmReasonsForClosingConfiguration_WhenReturnedByRepository" computerName="DKSR-EFI-06" duration="00:00:00.0059102" startTime="2024-01-09T15:43:06.3728379+01:00" endTime="2024-01-09T15:43:06.3884627+01:00" testType="13cdc9d9-ddb5-4fa4-a97d-d965ccfc6d4b" outcome="Passed" testListId="8c84fa94-04c1-424b-9868-57a2d4851a1d" relativeResultsDirectory="2d239332-40f7-4f3a-b6f6-1b3d60b04591" />
    <UnitTestResult executionId="8273b59b-4e30-4f78-878c-9ddd2483b2e1" testId="9d3b55ff-fd82-75ec-5065-a61afd0d279f" testName="DeleteByIdAsync_ThrowsAlarmServiceFaultExceptionUnknownSession_WhenNotExistingSessionRequested" computerName="DKSR-EFI-06" duration="00:00:00.0049229" startTime="2024-01-09T15:43:06.7009644+01:00" endTime="2024-01-09T15:43:06.7165892+01:00" testType="13cdc9d9-ddb5-4fa4-a97d-d965ccfc6d4b" outcome="Passed" testListId="8c84fa94-04c1-424b-9868-57a2d4851a1d" relativeResultsDirectory="8273b59b-4e30-4f78-878c-9ddd2483b2e1" />
    <UnitTestResult executionId="239e1fc9-83b4-4287-bf8c-2602693292da" testId="ca09e304-da18-86db-4894-2cf7b154d1b1" testName="PatchAlarmSettings_ReturnsForbidden_WhenCannotEditSettings" computerName="DKSR-EFI-06" duration="00:00:00.0020983" startTime="2024-01-09T15:43:06.7478408+01:00" endTime="2024-01-09T15:43:06.7478408+01:00" testType="13cdc9d9-ddb5-4fa4-a97d-d965ccfc6d4b" outcome="Passed" testListId="8c84fa94-04c1-424b-9868-57a2d4851a1d" relativeResultsDirectory="239e1fc9-83b4-4287-bf8c-2602693292da" />
    <UnitTestResult executionId="7edd6c65-0da7-43cb-a452-03600aa963fe" testId="2350f358-941b-3c98-6f02-d35d4d3c4714" testName="PatchAlarmState_ReturnsForbidden_WhenCannotEditSettings" computerName="DKSR-EFI-06" duration="00:00:00.0043457" startTime="2024-01-09T15:43:06.8728411+01:00" endTime="2024-01-09T15:43:06.8728411+01:00" testType="13cdc9d9-ddb5-4fa4-a97d-d965ccfc6d4b" outcome="Passed" testListId="8c84fa94-04c1-424b-9868-57a2d4851a1d" relativeResultsDirectory="7edd6c65-0da7-43cb-a452-03600aa963fe" />
    <UnitTestResult executionId="16e83540-0cd0-4b8f-a375-7ca489ef82e6" testId="33728c71-ddda-3d4b-e03e-fb8fb3573676" testName="DeleteByIdAsync_Succeeds_WhenValidUserAndExistingSession" computerName="DKSR-EFI-06" duration="00:00:00.0009740" startTime="2024-01-09T15:43:06.7165892+01:00" endTime="2024-01-09T15:43:06.7165892+01:00" testType="13cdc9d9-ddb5-4fa4-a97d-d965ccfc6d4b" outcome="Passed" testListId="8c84fa94-04c1-424b-9868-57a2d4851a1d" relativeResultsDirectory="16e83540-0cd0-4b8f-a375-7ca489ef82e6" />
    <UnitTestResult executionId="b9313c09-a7a9-460e-be87-d7e2db767782" testId="e81ae7e3-508c-7419-47a5-39b3bfd104d4" testName="PatchAlarmCategory_PatchesAndReturns_WhenReturnedByRepository" computerName="DKSR-EFI-06" duration="00:00:00.0146402" startTime="2024-01-09T15:43:05.9509602+01:00" endTime="2024-01-09T15:43:05.9665847+01:00" testType="13cdc9d9-ddb5-4fa4-a97d-d965ccfc6d4b" outcome="Passed" testListId="8c84fa94-04c1-424b-9868-57a2d4851a1d" relativeResultsDirectory="b9313c09-a7a9-460e-be87-d7e2db767782" />
    <UnitTestResult executionId="bb4a2e54-896f-40d8-aed5-910207d5cde5" testId="31b71329-e4ab-10bf-fbdd-fff51f00ccf6" testName="GetAlarmSound_ReturnsAlarmSound_WhenReturnedByRepository" computerName="DKSR-EFI-06" duration="00:00:00.0675652" startTime="2024-01-09T15:43:06.7634655+01:00" endTime="2024-01-09T15:43:06.8259658+01:00" testType="13cdc9d9-ddb5-4fa4-a97d-d965ccfc6d4b" outcome="Passed" testListId="8c84fa94-04c1-424b-9868-57a2d4851a1d" relativeResultsDirectory="bb4a2e54-896f-40d8-aed5-910207d5cde5" />
    <UnitTestResult executionId="392dd74f-b72d-4626-8c32-26d839a6792a" testId="ae3b9157-0aff-4cf1-c428-4e75d06bf0da" testName="DeleteAlarmPriority_ReturnsNotFound_WhenNotExists" computerName="DKSR-EFI-06" duration="00:00:00.0034144" startTime="2024-01-09T15:43:06.3728379+01:00" endTime="2024-01-09T15:43:06.3728379+01:00" testType="13cdc9d9-ddb5-4fa4-a97d-d965ccfc6d4b" outcome="Passed" testListId="8c84fa94-04c1-424b-9868-57a2d4851a1d" relativeResultsDirectory="392dd74f-b72d-4626-8c32-26d839a6792a" />
    <UnitTestResult executionId="cd9acedc-5698-4d41-9407-5697da31713e" testId="fcec56c3-757d-bac7-895f-6a7381a82d75" testName="GetSnapshots_FetchesFromRepository_WhenCorrect" computerName="DKSR-EFI-06" duration="00:00:00.0638095" startTime="2024-01-09T15:43:06.5603402+01:00" endTime="2024-01-09T15:43:06.6228398+01:00" testType="13cdc9d9-ddb5-4fa4-a97d-d965ccfc6d4b" outcome="Passed" testListId="8c84fa94-04c1-424b-9868-57a2d4851a1d" relativeResultsDirectory="cd9acedc-5698-4d41-9407-5697da31713e" />
    <UnitTestResult executionId="d7c71401-a6b2-45dd-bbc4-60ae059053db" testId="da216857-75fe-a212-e8ea-2525a3bf67b4" testName="PatchAlarmState_ReturnsNotFound_WhenNotReturnedByRepository" computerName="DKSR-EFI-06" duration="00:00:00.0041226" startTime="2024-01-09T15:43:06.8728411+01:00" endTime="2024-01-09T15:43:06.8728411+01:00" testType="13cdc9d9-ddb5-4fa4-a97d-d965ccfc6d4b" outcome="Passed" testListId="8c84fa94-04c1-424b-9868-57a2d4851a1d" relativeResultsDirectory="d7c71401-a6b2-45dd-bbc4-60ae059053db" />
    <UnitTestResult executionId="d73251b7-84a2-42cc-a855-c1d10bf6a35b" testId="9213d6f5-2048-5f54-9021-059ae8399eaf" testName="DeleteAlarmState_ReturnsForbidden_WhenDefaultState" computerName="DKSR-EFI-06" duration="00:00:00.0027918" startTime="2024-01-09T15:43:06.9040906+01:00" endTime="2024-01-09T15:43:06.9040906+01:00" testType="13cdc9d9-ddb5-4fa4-a97d-d965ccfc6d4b" outcome="Passed" testListId="8c84fa94-04c1-424b-9868-57a2d4851a1d" relativeResultsDirectory="d73251b7-84a2-42cc-a855-c1d10bf6a35b" />
    <UnitTestResult executionId="bc08b0c7-9a19-46b5-ab7a-be5ade8bd6bd" testId="d8dc7f47-05ac-b542-4921-4c22649a8fe0" testName="GetStatistics_ReturnsByState_WhenInInclude" computerName="DKSR-EFI-06" duration="00:00:00.0303908" startTime="2024-01-09T15:43:06.9040906+01:00" endTime="2024-01-09T15:43:06.9353400+01:00" testType="13cdc9d9-ddb5-4fa4-a97d-d965ccfc6d4b" outcome="Passed" testListId="8c84fa94-04c1-424b-9868-57a2d4851a1d" relativeResultsDirectory="bc08b0c7-9a19-46b5-ab7a-be5ade8bd6bd" />
    <UnitTestResult executionId="2c140c9d-acf7-4bea-9564-147601a0833b" testId="3edea0a2-4969-b4e6-8f0c-5aaa1fbe0193" testName="PostSnapshots_SendsToRepository_WhenCorrect" computerName="DKSR-EFI-06" duration="00:00:00.0115575" startTime="2024-01-09T15:43:06.6228398+01:00" endTime="2024-01-09T15:43:06.6384628+01:00" testType="13cdc9d9-ddb5-4fa4-a97d-d965ccfc6d4b" outcome="Passed" testListId="8c84fa94-04c1-424b-9868-57a2d4851a1d" relativeResultsDirectory="2c140c9d-acf7-4bea-9564-147601a0833b" />
    <UnitTestResult executionId="b13fe032-898c-4808-a574-b93a56d7a519" testId="8e0c34f1-8477-77ca-c343-8e76a92f72ed" testName="PostAlarmCategory_ReturnsForbidden_WhenCannotRead" computerName="DKSR-EFI-06" duration="00:00:00.0040283" startTime="2024-01-09T15:43:06.0447121+01:00" endTime="2024-01-09T15:43:06.0447121+01:00" testType="13cdc9d9-ddb5-4fa4-a97d-d965ccfc6d4b" outcome="Passed" testListId="8c84fa94-04c1-424b-9868-57a2d4851a1d" relativeResultsDirectory="b13fe032-898c-4808-a574-b93a56d7a519" />
    <UnitTestResult executionId="8a1c9894-9c62-4fe3-8f32-de1cbde72a89" testId="6d3e3703-7b46-6aa6-1e9d-f5b1b61e6541" testName="GetAlarmStates_ReturnsForbidden_WhenCannotRead" computerName="DKSR-EFI-06" duration="00:00:00.0024357" startTime="2024-01-09T15:43:06.8572167+01:00" endTime="2024-01-09T15:43:06.8572167+01:00" testType="13cdc9d9-ddb5-4fa4-a97d-d965ccfc6d4b" outcome="Passed" testListId="8c84fa94-04c1-424b-9868-57a2d4851a1d" relativeResultsDirectory="8a1c9894-9c62-4fe3-8f32-de1cbde72a89" />
    <UnitTestResult executionId="9f6bcd6f-abc7-4b00-b616-f9e2e7bc4f69" testId="f9403549-618d-3946-7346-ac45ecf4aac6" testName="PutAlarmManagerColumns_ReturnsForbidden_WhenCannotEditSettings" computerName="DKSR-EFI-06" duration="00:00:00.0025292" startTime="2024-01-09T15:43:06.2478398+01:00" endTime="2024-01-09T15:43:06.2478398+01:00" testType="13cdc9d9-ddb5-4fa4-a97d-d965ccfc6d4b" outcome="Passed" testListId="8c84fa94-04c1-424b-9868-57a2d4851a1d" relativeResultsDirectory="9f6bcd6f-abc7-4b00-b616-f9e2e7bc4f69" />
    <UnitTestResult executionId="3b23b9ca-8259-45b8-a8a9-f2e875117158" testId="5aa4014a-78af-9bde-3843-2f0049d3456f" testName="PostAsync_Succeeds_WhenValidUserAndExistingSession" computerName="DKSR-EFI-06" duration="00:00:00.0055434" startTime="2024-01-09T15:43:06.6853394+01:00" endTime="2024-01-09T15:43:06.6853394+01:00" testType="13cdc9d9-ddb5-4fa4-a97d-d965ccfc6d4b" outcome="Passed" testListId="8c84fa94-04c1-424b-9868-57a2d4851a1d" relativeResultsDirectory="3b23b9ca-8259-45b8-a8a9-f2e875117158" />
    <UnitTestResult executionId="a8d142bf-234e-4429-ae70-bb4588330584" testId="5c3b2e0e-3e08-648e-7c4a-b2b6741ea2a6" testName="PostAsync_ThrowsUserValidationException_WhenInvalidUserRequests" computerName="DKSR-EFI-06" duration="00:00:00.0044122" startTime="2024-01-09T15:43:06.6697143+01:00" endTime="2024-01-09T15:43:06.6697143+01:00" testType="13cdc9d9-ddb5-4fa4-a97d-d965ccfc6d4b" outcome="Passed" testListId="8c84fa94-04c1-424b-9868-57a2d4851a1d" relativeResultsDirectory="a8d142bf-234e-4429-ae70-bb4588330584" />
    <UnitTestResult executionId="63f6241d-246d-480a-9f87-f686cf73cb56" testId="99db15e5-b0f4-7199-0643-aec7206cc8d1" testName="PostAlarmCategory_ReturnsBadRequest_WhenAlreadyExists" computerName="DKSR-EFI-06" duration="00:00:00.0244119" startTime="2024-01-09T15:43:06.0447121+01:00" endTime="2024-01-09T15:43:06.0759638+01:00" testType="13cdc9d9-ddb5-4fa4-a97d-d965ccfc6d4b" outcome="Passed" testListId="8c84fa94-04c1-424b-9868-57a2d4851a1d" relativeResultsDirectory="63f6241d-246d-480a-9f87-f686cf73cb56" />
    <UnitTestResult executionId="27e14e7e-8be1-42af-bd83-a71bf6e5a1de" testId="3426664f-9064-57db-bebb-02372d806c18" testName="DeleteAlarmPriority_ReturnsForbidden_WhenCannotEditSettings" computerName="DKSR-EFI-06" duration="00:00:00.0025017" startTime="2024-01-09T15:43:06.3728379+01:00" endTime="2024-01-09T15:43:06.3728379+01:00" testType="13cdc9d9-ddb5-4fa4-a97d-d965ccfc6d4b" outcome="Passed" testListId="8c84fa94-04c1-424b-9868-57a2d4851a1d" relativeResultsDirectory="27e14e7e-8be1-42af-bd83-a71bf6e5a1de" />
    <UnitTestResult executionId="19f13fb5-2c15-4e24-9a46-b42fa0b372c1" testId="8333368b-e40e-ada3-8ff9-4510bf1bdaa7" testName="PutById_ReturnNotFound_WhenIdIsMissingInRepository" computerName="DKSR-EFI-06" duration="00:00:00.0045674" startTime="2024-01-09T15:43:06.1228356+01:00" endTime="2024-01-09T15:43:06.1384613+01:00" testType="13cdc9d9-ddb5-4fa4-a97d-d965ccfc6d4b" outcome="Passed" testListId="8c84fa94-04c1-424b-9868-57a2d4851a1d" relativeResultsDirectory="19f13fb5-2c15-4e24-9a46-b42fa0b372c1" />
    <UnitTestResult executionId="57333d35-4afc-40de-bb9e-d07f70457ab0" testId="86b05c7a-2481-23fc-c4cb-d69def37d7aa" testName="PostAlarmPriority_Stores_WhenCorrect" computerName="DKSR-EFI-06" duration="00:00:00.0146504" startTime="2024-01-09T15:43:06.3415885+01:00" endTime="2024-01-09T15:43:06.3415885+01:00" testType="13cdc9d9-ddb5-4fa4-a97d-d965ccfc6d4b" outcome="Passed" testListId="8c84fa94-04c1-424b-9868-57a2d4851a1d" relativeResultsDirectory="57333d35-4afc-40de-bb9e-d07f70457ab0" />
    <UnitTestResult executionId="9445722c-b1ca-4b48-8f0c-d8768abdd90e" testId="4bfc8f0f-f9d8-f823-f73c-0942ce29b34a" testName="DeleteAlarmSound_ReturnsForbidden_WhenCannotEditSettings" computerName="DKSR-EFI-06" duration="00:00:00.0027293" startTime="2024-01-09T15:43:06.8415905+01:00" endTime="2024-01-09T15:43:06.8415905+01:00" testType="13cdc9d9-ddb5-4fa4-a97d-d965ccfc6d4b" outcome="Passed" testListId="8c84fa94-04c1-424b-9868-57a2d4851a1d" relativeResultsDirectory="9445722c-b1ca-4b48-8f0c-d8768abdd90e" />
  </Results>
  <TestDefinitions>
    <UnitTest name="PostAlarmDefinition_ReturnsAlarmDefinitions_WhenAddedToRepository" storage="d:\actions-runner\_work\xpco\xpco\eventserver\server\components\central\videoos.eventserver.alarms.restapi.unittest\bin\debug\net472\videoos.eventserver.alarms.restapi.unittest.dll" id="1ee8fa08-8dbe-25ac-43c2-76c536a66f74">
      <Execution id="3d2a3159-3c46-4e70-bbcc-9be898e1c326" />
      <TestMethod codeBase="D:\actions-runner\_work\XPCO\XPCO\EventServer\Server\Components\Central\VideoOS.EventServer.Alarms.RestApi.UnitTest\bin\Debug\net472\VideoOS.EventServer.Alarms.RestApi.UnitTest.dll" adapterTypeName="executor://mstestadapter/v2" className="VideoOS.EventServer.Alarms.RestApi.UnitTest.Controllers.AlarmDefinitionsControllerTest" name="PostAlarmDefinition_ReturnsAlarmDefinitions_WhenAddedToRepository" />
    </UnitTest>
    <UnitTest name="DeleteByIdAsync_ThrowsAlarmServiceFaultExceptionInvalidAuthentication_WhenNotAuthorizedUserRequests" storage="d:\actions-runner\_work\xpco\xpco\eventserver\server\components\central\videoos.eventserver.alarms.restapi.unittest\bin\debug\net472\videoos.eventserver.alarms.restapi.unittest.dll" id="a431acfd-a703-aa62-4084-d89de9376ace">
      <Execution id="756544f1-1102-4134-86d8-c6fbeab9ed19" />
      <TestMethod codeBase="D:\actions-runner\_work\XPCO\XPCO\EventServer\Server\Components\Central\VideoOS.EventServer.Alarms.RestApi.UnitTest\bin\Debug\net472\VideoOS.EventServer.Alarms.RestApi.UnitTest.dll" adapterTypeName="executor://mstestadapter/v2" className="VideoOS.EventServer.Alarms.RestApi.UnitTest.Controllers.AlarmSessionsControllerTest" name="DeleteByIdAsync_ThrowsAlarmServiceFaultExceptionInvalidAuthentication_WhenNotAuthorizedUserRequests" />
    </UnitTest>
    <UnitTest name="PatchAlarmPriority_ReturnsNotFound_WhenNotReturnedByRepository" storage="d:\actions-runner\_work\xpco\xpco\eventserver\server\components\central\videoos.eventserver.alarms.restapi.unittest\bin\debug\net472\videoos.eventserver.alarms.restapi.unittest.dll" id="f68d4a6c-159f-4f94-28b5-801adaf97c56">
      <Execution id="a21cae15-72f6-47f4-b6cb-177dae9d6919" />
      <TestMethod codeBase="D:\actions-runner\_work\XPCO\XPCO\EventServer\Server\Components\Central\VideoOS.EventServer.Alarms.RestApi.UnitTest\bin\Debug\net472\VideoOS.EventServer.Alarms.RestApi.UnitTest.dll" adapterTypeName="executor://mstestadapter/v2" className="VideoOS.EventServer.Alarms.RestApi.UnitTest.Controllers.AlarmPrioritiesControllerTest" name="PatchAlarmPriority_ReturnsNotFound_WhenNotReturnedByRepository" />
    </UnitTest>
    <UnitTest name="GetAlarmSound_ReturnsNotFound_WhenNotReturnedByRepository" storage="d:\actions-runner\_work\xpco\xpco\eventserver\server\components\central\videoos.eventserver.alarms.restapi.unittest\bin\debug\net472\videoos.eventserver.alarms.restapi.unittest.dll" id="2bde8518-0fe5-a837-2566-3e88998755f9">
      <Execution id="2c6b2bb4-dfb7-4700-8b24-6769bcb8fabf" />
      <TestMethod codeBase="D:\actions-runner\_work\XPCO\XPCO\EventServer\Server\Components\Central\VideoOS.EventServer.Alarms.RestApi.UnitTest\bin\Debug\net472\VideoOS.EventServer.Alarms.RestApi.UnitTest.dll" adapterTypeName="executor://mstestadapter/v2" className="VideoOS.EventServer.Alarms.RestApi.UnitTest.Controllers.AlarmSoundsControllerTest" name="GetAlarmSound_ReturnsNotFound_WhenNotReturnedByRepository" />
    </UnitTest>
    <UnitTest name="GetAlarmSettings_ReturnsAlarmSettings_WhenReturnedByConfig" storage="d:\actions-runner\_work\xpco\xpco\eventserver\server\components\central\videoos.eventserver.alarms.restapi.unittest\bin\debug\net472\videoos.eventserver.alarms.restapi.unittest.dll" id="e1552691-e502-4f07-2be0-a4d35ddbb7c9">
      <Execution id="331ae3df-963e-4776-ad45-566428646f0e" />
      <TestMethod codeBase="D:\actions-runner\_work\XPCO\XPCO\EventServer\Server\Components\Central\VideoOS.EventServer.Alarms.RestApi.UnitTest\bin\Debug\net472\VideoOS.EventServer.Alarms.RestApi.UnitTest.dll" adapterTypeName="executor://mstestadapter/v2" className="VideoOS.EventServer.Alarms.RestApi.UnitTest.Controllers.AlarmSettingsControllerTest" name="GetAlarmSettings_ReturnsAlarmSettings_WhenReturnedByConfig" />
    </UnitTest>
    <UnitTest name="GetByIdAsync_Succeeds_WhenValidUserAndExistingSession" storage="d:\actions-runner\_work\xpco\xpco\eventserver\server\components\central\videoos.eventserver.alarms.restapi.unittest\bin\debug\net472\videoos.eventserver.alarms.restapi.unittest.dll" id="2c573f59-b5a1-dedc-3608-785110823d04">
      <Execution id="0b1d2a9b-8b49-43dc-811f-b89017e0781f" />
      <TestMethod codeBase="D:\actions-runner\_work\XPCO\XPCO\EventServer\Server\Components\Central\VideoOS.EventServer.Alarms.RestApi.UnitTest\bin\Debug\net472\VideoOS.EventServer.Alarms.RestApi.UnitTest.dll" adapterTypeName="executor://mstestadapter/v2" className="VideoOS.EventServer.Alarms.RestApi.UnitTest.Controllers.AlarmSessionsControllerTest" name="GetByIdAsync_Succeeds_WhenValidUserAndExistingSession" />
    </UnitTest>
    <UnitTest name="GetAlarmSounds_ReturnsForbidden_WhenCannotRead" storage="d:\actions-runner\_work\xpco\xpco\eventserver\server\components\central\videoos.eventserver.alarms.restapi.unittest\bin\debug\net472\videoos.eventserver.alarms.restapi.unittest.dll" id="dbfa907c-6a5a-1c2e-b45d-b0c1be784436">
      <Execution id="62f222b7-6e91-4f50-8003-20dabe770835" />
      <TestMethod codeBase="D:\actions-runner\_work\XPCO\XPCO\EventServer\Server\Components\Central\VideoOS.EventServer.Alarms.RestApi.UnitTest\bin\Debug\net472\VideoOS.EventServer.Alarms.RestApi.UnitTest.dll" adapterTypeName="executor://mstestadapter/v2" className="VideoOS.EventServer.Alarms.RestApi.UnitTest.Controllers.AlarmSoundsControllerTest" name="GetAlarmSounds_ReturnsForbidden_WhenCannotRead" />
    </UnitTest>
    <UnitTest name="PostAsync_ThrowsUserValidationException_WhenInvalidUserRequests" storage="d:\actions-runner\_work\xpco\xpco\eventserver\server\components\central\videoos.eventserver.alarms.restapi.unittest\bin\debug\net472\videoos.eventserver.alarms.restapi.unittest.dll" id="5c3b2e0e-3e08-648e-7c4a-b2b6741ea2a6">
      <Execution id="a8d142bf-234e-4429-ae70-bb4588330584" />
      <TestMethod codeBase="D:\actions-runner\_work\XPCO\XPCO\EventServer\Server\Components\Central\VideoOS.EventServer.Alarms.RestApi.UnitTest\bin\Debug\net472\VideoOS.EventServer.Alarms.RestApi.UnitTest.dll" adapterTypeName="executor://mstestadapter/v2" className="VideoOS.EventServer.Alarms.RestApi.UnitTest.Controllers.AlarmSessionsControllerTest" name="PostAsync_ThrowsUserValidationException_WhenInvalidUserRequests" />
    </UnitTest>
    <UnitTest name="GetAlarmPriorities_ReturnsForbidden_WhenCannotRead" storage="d:\actions-runner\_work\xpco\xpco\eventserver\server\components\central\videoos.eventserver.alarms.restapi.unittest\bin\debug\net472\videoos.eventserver.alarms.restapi.unittest.dll" id="fc529f73-92b5-95ad-56ed-8e776433486a">
      <Execution id="ba9f449f-418e-4780-b405-18c8be0a8c62" />
      <TestMethod codeBase="D:\actions-runner\_work\XPCO\XPCO\EventServer\Server\Components\Central\VideoOS.EventServer.Alarms.RestApi.UnitTest\bin\Debug\net472\VideoOS.EventServer.Alarms.RestApi.UnitTest.dll" adapterTypeName="executor://mstestadapter/v2" className="VideoOS.EventServer.Alarms.RestApi.UnitTest.Controllers.AlarmPrioritiesControllerTest" name="GetAlarmPriorities_ReturnsForbidden_WhenCannotRead" />
    </UnitTest>
    <UnitTest name="PutAlarmReasonsForClosing_ReturnsForbidden_WhenCannotEditSettings" storage="d:\actions-runner\_work\xpco\xpco\eventserver\server\components\central\videoos.eventserver.alarms.restapi.unittest\bin\debug\net472\videoos.eventserver.alarms.restapi.unittest.dll" id="9194256d-55fc-13b2-7af1-65d2d12e2b28">
      <Execution id="98c17ba6-6dc8-4d2b-8242-65da23b319b2" />
      <TestMethod codeBase="D:\actions-runner\_work\XPCO\XPCO\EventServer\Server\Components\Central\VideoOS.EventServer.Alarms.RestApi.UnitTest\bin\Debug\net472\VideoOS.EventServer.Alarms.RestApi.UnitTest.dll" adapterTypeName="executor://mstestadapter/v2" className="VideoOS.EventServer.Alarms.RestApi.UnitTest.Controllers.AlarmReasonsForClosingControllerTest" name="PutAlarmReasonsForClosing_ReturnsForbidden_WhenCannotEditSettings" />
    </UnitTest>
    <UnitTest name="PatchAlarm_UpdatesAlarm_WhenValid" storage="d:\actions-runner\_work\xpco\xpco\eventserver\server\components\central\videoos.eventserver.alarms.restapi.unittest\bin\debug\net472\videoos.eventserver.alarms.restapi.unittest.dll" id="726d99fb-524a-8321-94ae-71e7e81707ca">
      <Execution id="664143b7-5ea7-4cf5-8e1a-bcec78cef114" />
      <TestMethod codeBase="D:\actions-runner\_work\XPCO\XPCO\EventServer\Server\Components\Central\VideoOS.EventServer.Alarms.RestApi.UnitTest\bin\Debug\net472\VideoOS.EventServer.Alarms.RestApi.UnitTest.dll" adapterTypeName="executor://mstestadapter/v2" className="VideoOS.EventServer.Alarms.RestApi.UnitTest.Controllers.AlarmsControllerTest" name="PatchAlarm_UpdatesAlarm_WhenValid" />
    </UnitTest>
    <UnitTest name="DeleteAlarmSound_ReturnsForbidden_WhenCannotEditSettings" storage="d:\actions-runner\_work\xpco\xpco\eventserver\server\components\central\videoos.eventserver.alarms.restapi.unittest\bin\debug\net472\videoos.eventserver.alarms.restapi.unittest.dll" id="4bfc8f0f-f9d8-f823-f73c-0942ce29b34a">
      <Execution id="9445722c-b1ca-4b48-8f0c-d8768abdd90e" />
      <TestMethod codeBase="D:\actions-runner\_work\XPCO\XPCO\EventServer\Server\Components\Central\VideoOS.EventServer.Alarms.RestApi.UnitTest\bin\Debug\net472\VideoOS.EventServer.Alarms.RestApi.UnitTest.dll" adapterTypeName="executor://mstestadapter/v2" className="VideoOS.EventServer.Alarms.RestApi.UnitTest.Controllers.AlarmSoundsControllerTest" name="DeleteAlarmSound_ReturnsForbidden_WhenCannotEditSettings" />
    </UnitTest>
    <UnitTest name="GetAlarmSettings_ReturnsAForbidden_WhenCannotRead" storage="d:\actions-runner\_work\xpco\xpco\eventserver\server\components\central\videoos.eventserver.alarms.restapi.unittest\bin\debug\net472\videoos.eventserver.alarms.restapi.unittest.dll" id="602629ca-cb49-2cb9-7fbf-3f99b0a65d04">
      <Execution id="18fad025-d1cd-4e02-ba3e-b169ccdb4ecd" />
      <TestMethod codeBase="D:\actions-runner\_work\XPCO\XPCO\EventServer\Server\Components\Central\VideoOS.EventServer.Alarms.RestApi.UnitTest\bin\Debug\net472\VideoOS.EventServer.Alarms.RestApi.UnitTest.dll" adapterTypeName="executor://mstestadapter/v2" className="VideoOS.EventServer.Alarms.RestApi.UnitTest.Controllers.AlarmSettingsControllerTest" name="GetAlarmSettings_ReturnsAForbidden_WhenCannotRead" />
    </UnitTest>
    <UnitTest name="PostAsync_Succeeds_WhenValidUserAndExistingSession" storage="d:\actions-runner\_work\xpco\xpco\eventserver\server\components\central\videoos.eventserver.alarms.restapi.unittest\bin\debug\net472\videoos.eventserver.alarms.restapi.unittest.dll" id="5aa4014a-78af-9bde-3843-2f0049d3456f">
      <Execution id="3b23b9ca-8259-45b8-a8a9-f2e875117158" />
      <TestMethod codeBase="D:\actions-runner\_work\XPCO\XPCO\EventServer\Server\Components\Central\VideoOS.EventServer.Alarms.RestApi.UnitTest\bin\Debug\net472\VideoOS.EventServer.Alarms.RestApi.UnitTest.dll" adapterTypeName="executor://mstestadapter/v2" className="VideoOS.EventServer.Alarms.RestApi.UnitTest.Controllers.AlarmSessionsControllerTest" name="PostAsync_Succeeds_WhenValidUserAndExistingSession" />
    </UnitTest>
    <UnitTest name="PostSnapshots_SendsToRepository_WhenCorrect" storage="d:\actions-runner\_work\xpco\xpco\eventserver\server\components\central\videoos.eventserver.alarms.restapi.unittest\bin\debug\net472\videoos.eventserver.alarms.restapi.unittest.dll" id="3edea0a2-4969-b4e6-8f0c-5aaa1fbe0193">
      <Execution id="2c140c9d-acf7-4bea-9564-147601a0833b" />
      <TestMethod codeBase="D:\actions-runner\_work\XPCO\XPCO\EventServer\Server\Components\Central\VideoOS.EventServer.Alarms.RestApi.UnitTest\bin\Debug\net472\VideoOS.EventServer.Alarms.RestApi.UnitTest.dll" adapterTypeName="executor://mstestadapter/v2" className="VideoOS.EventServer.Alarms.RestApi.UnitTest.Controllers.AlarmsControllerTest" name="PostSnapshots_SendsToRepository_WhenCorrect" />
    </UnitTest>
    <UnitTest name="PostAsync_ThrowsAlarmServiceFaultExceptionUnknownSession_WhenNotExistingSessionRequested" storage="d:\actions-runner\_work\xpco\xpco\eventserver\server\components\central\videoos.eventserver.alarms.restapi.unittest\bin\debug\net472\videoos.eventserver.alarms.restapi.unittest.dll" id="638cca05-5290-603a-b769-57840cacf291">
      <Execution id="67705eda-2232-44b0-b24a-a5d7cdf01fe6" />
      <TestMethod codeBase="D:\actions-runner\_work\XPCO\XPCO\EventServer\Server\Components\Central\VideoOS.EventServer.Alarms.RestApi.UnitTest\bin\Debug\net472\VideoOS.EventServer.Alarms.RestApi.UnitTest.dll" adapterTypeName="executor://mstestadapter/v2" className="VideoOS.EventServer.Alarms.RestApi.UnitTest.Controllers.AlarmSessionsControllerTest" name="PostAsync_ThrowsAlarmServiceFaultExceptionUnknownSession_WhenNotExistingSessionRequested" />
    </UnitTest>
    <UnitTest name="PutById_ReturnNotFound_WhenIdIsMissingInRepository" storage="d:\actions-runner\_work\xpco\xpco\eventserver\server\components\central\videoos.eventserver.alarms.restapi.unittest\bin\debug\net472\videoos.eventserver.alarms.restapi.unittest.dll" id="8333368b-e40e-ada3-8ff9-4510bf1bdaa7">
      <Execution id="19f13fb5-2c15-4e24-9a46-b42fa0b372c1" />
      <TestMethod codeBase="D:\actions-runner\_work\XPCO\XPCO\EventServer\Server\Components\Central\VideoOS.EventServer.Alarms.RestApi.UnitTest\bin\Debug\net472\VideoOS.EventServer.Alarms.RestApi.UnitTest.dll" adapterTypeName="executor://mstestadapter/v2" className="VideoOS.EventServer.Alarms.RestApi.UnitTest.Controllers.AlarmDefinitionsControllerTest" name="PutById_ReturnNotFound_WhenIdIsMissingInRepository" />
    </UnitTest>
    <UnitTest name="PatchAlarmState_ReturnsForbidden_WhenCannotEditSettings" storage="d:\actions-runner\_work\xpco\xpco\eventserver\server\components\central\videoos.eventserver.alarms.restapi.unittest\bin\debug\net472\videoos.eventserver.alarms.restapi.unittest.dll" id="2350f358-941b-3c98-6f02-d35d4d3c4714">
      <Execution id="7edd6c65-0da7-43cb-a452-03600aa963fe" />
      <TestMethod codeBase="D:\actions-runner\_work\XPCO\XPCO\EventServer\Server\Components\Central\VideoOS.EventServer.Alarms.RestApi.UnitTest\bin\Debug\net472\VideoOS.EventServer.Alarms.RestApi.UnitTest.dll" adapterTypeName="executor://mstestadapter/v2" className="VideoOS.EventServer.Alarms.RestApi.UnitTest.Controllers.AlarmStatesControllerTest" name="PatchAlarmState_ReturnsForbidden_WhenCannotEditSettings" />
    </UnitTest>
    <UnitTest name="PostPutAndDelete_ReturnForbidden_WhenUnauthorizedWrite" storage="d:\actions-runner\_work\xpco\xpco\eventserver\server\components\central\videoos.eventserver.alarms.restapi.unittest\bin\debug\net472\videoos.eventserver.alarms.restapi.unittest.dll" id="a311638f-9f2c-dd0d-ed3b-990a6fc7c706">
      <Execution id="d80c6bd5-435e-4677-8ff9-9202b5ad1e0b" />
      <TestMethod codeBase="D:\actions-runner\_work\XPCO\XPCO\EventServer\Server\Components\Central\VideoOS.EventServer.Alarms.RestApi.UnitTest\bin\Debug\net472\VideoOS.EventServer.Alarms.RestApi.UnitTest.dll" adapterTypeName="executor://mstestadapter/v2" className="VideoOS.EventServer.Alarms.RestApi.UnitTest.Controllers.AlarmDefinitionsControllerTest" name="PostPutAndDelete_ReturnForbidden_WhenUnauthorizedWrite" />
    </UnitTest>
    <UnitTest name="DeleteAlarmSound_DeletesFromSoundManager_WhenExists" storage="d:\actions-runner\_work\xpco\xpco\eventserver\server\components\central\videoos.eventserver.alarms.restapi.unittest\bin\debug\net472\videoos.eventserver.alarms.restapi.unittest.dll" id="9519ff13-f4ae-f878-eb4a-7c327a181f97">
      <Execution id="393e7fa0-cf37-4ef3-9f2f-5bd7a4287036" />
      <TestMethod codeBase="D:\actions-runner\_work\XPCO\XPCO\EventServer\Server\Components\Central\VideoOS.EventServer.Alarms.RestApi.UnitTest\bin\Debug\net472\VideoOS.EventServer.Alarms.RestApi.UnitTest.dll" adapterTypeName="executor://mstestadapter/v2" className="VideoOS.EventServer.Alarms.RestApi.UnitTest.Controllers.AlarmSoundsControllerTest" name="DeleteAlarmSound_DeletesFromSoundManager_WhenExists" />
    </UnitTest>
    <UnitTest name="GetById_ReturnNotFound_WhenIdIsMissingInRepository" storage="d:\actions-runner\_work\xpco\xpco\eventserver\server\components\central\videoos.eventserver.alarms.restapi.unittest\bin\debug\net472\videoos.eventserver.alarms.restapi.unittest.dll" id="4366ebca-90b4-8e87-c482-7b1f7537f5a9">
      <Execution id="e88645f8-df9d-4063-8506-5069710e0eb2" />
      <TestMethod codeBase="D:\actions-runner\_work\XPCO\XPCO\EventServer\Server\Components\Central\VideoOS.EventServer.Alarms.RestApi.UnitTest\bin\Debug\net472\VideoOS.EventServer.Alarms.RestApi.UnitTest.dll" adapterTypeName="executor://mstestadapter/v2" className="VideoOS.EventServer.Alarms.RestApi.UnitTest.Controllers.AlarmDefinitionsControllerTest" name="GetById_ReturnNotFound_WhenIdIsMissingInRepository" />
    </UnitTest>
    <UnitTest name="GetSnapshots_ReturnsNotFound_WhenAlarmNotFoundByIdInRepository" storage="d:\actions-runner\_work\xpco\xpco\eventserver\server\components\central\videoos.eventserver.alarms.restapi.unittest\bin\debug\net472\videoos.eventserver.alarms.restapi.unittest.dll" id="962fee03-3b35-2e9c-4452-66a0a8a16975">
      <Execution id="60d04ace-2eb9-45c5-8d0c-d020604d8fd7" />
      <TestMethod codeBase="D:\actions-runner\_work\XPCO\XPCO\EventServer\Server\Components\Central\VideoOS.EventServer.Alarms.RestApi.UnitTest\bin\Debug\net472\VideoOS.EventServer.Alarms.RestApi.UnitTest.dll" adapterTypeName="executor://mstestadapter/v2" className="VideoOS.EventServer.Alarms.RestApi.UnitTest.Controllers.AlarmsControllerTest" name="GetSnapshots_ReturnsNotFound_WhenAlarmNotFoundByIdInRepository" />
    </UnitTest>
    <UnitTest name="PatchAlarmCategory_ReturnsForbidden_WhenCannotEditSettings" storage="d:\actions-runner\_work\xpco\xpco\eventserver\server\components\central\videoos.eventserver.alarms.restapi.unittest\bin\debug\net472\videoos.eventserver.alarms.restapi.unittest.dll" id="a51de4a5-948f-6c56-44af-04e1267e3ef9">
      <Execution id="80500b45-0937-48da-95c3-f0332b3b3651" />
      <TestMethod codeBase="D:\actions-runner\_work\XPCO\XPCO\EventServer\Server\Components\Central\VideoOS.EventServer.Alarms.RestApi.UnitTest\bin\Debug\net472\VideoOS.EventServer.Alarms.RestApi.UnitTest.dll" adapterTypeName="executor://mstestadapter/v2" className="VideoOS.EventServer.Alarms.RestApi.UnitTest.Controllers.AlarmCategoriesControllerTest" name="PatchAlarmCategory_ReturnsForbidden_WhenCannotEditSettings" />
    </UnitTest>
    <UnitTest name="PatchAlarmState_PatchesAndReturns_WhenReturnedByRepository" storage="d:\actions-runner\_work\xpco\xpco\eventserver\server\components\central\videoos.eventserver.alarms.restapi.unittest\bin\debug\net472\videoos.eventserver.alarms.restapi.unittest.dll" id="cabd4be4-8e04-73bd-b9ce-d1ec47c7f950">
      <Execution id="da4dff3b-097f-4382-84d9-37a1dd439963" />
      <TestMethod codeBase="D:\actions-runner\_work\XPCO\XPCO\EventServer\Server\Components\Central\VideoOS.EventServer.Alarms.RestApi.UnitTest\bin\Debug\net472\VideoOS.EventServer.Alarms.RestApi.UnitTest.dll" adapterTypeName="executor://mstestadapter/v2" className="VideoOS.EventServer.Alarms.RestApi.UnitTest.Controllers.AlarmStatesControllerTest" name="PatchAlarmState_PatchesAndReturns_WhenReturnedByRepository" />
    </UnitTest>
    <UnitTest name="DeleteByIdAsync_Succeeds_WhenValidUserAndExistingSession" storage="d:\actions-runner\_work\xpco\xpco\eventserver\server\components\central\videoos.eventserver.alarms.restapi.unittest\bin\debug\net472\videoos.eventserver.alarms.restapi.unittest.dll" id="33728c71-ddda-3d4b-e03e-fb8fb3573676">
      <Execution id="16e83540-0cd0-4b8f-a375-7ca489ef82e6" />
      <TestMethod codeBase="D:\actions-runner\_work\XPCO\XPCO\EventServer\Server\Components\Central\VideoOS.EventServer.Alarms.RestApi.UnitTest\bin\Debug\net472\VideoOS.EventServer.Alarms.RestApi.UnitTest.dll" adapterTypeName="executor://mstestadapter/v2" className="VideoOS.EventServer.Alarms.RestApi.UnitTest.Controllers.AlarmSessionsControllerTest" name="DeleteByIdAsync_Succeeds_WhenValidUserAndExistingSession" />
    </UnitTest>
    <UnitTest name="GetAlarms_ReturnsAlarms_WhenReturnedByRepository" storage="d:\actions-runner\_work\xpco\xpco\eventserver\server\components\central\videoos.eventserver.alarms.restapi.unittest\bin\debug\net472\videoos.eventserver.alarms.restapi.unittest.dll" id="444e7632-b672-07a5-70d3-5b00d5daf49d">
      <Execution id="e85b081a-bbc0-43df-b104-704263c637fb" />
      <TestMethod codeBase="D:\actions-runner\_work\XPCO\XPCO\EventServer\Server\Components\Central\VideoOS.EventServer.Alarms.RestApi.UnitTest\bin\Debug\net472\VideoOS.EventServer.Alarms.RestApi.UnitTest.dll" adapterTypeName="executor://mstestadapter/v2" className="VideoOS.EventServer.Alarms.RestApi.UnitTest.Controllers.AlarmsControllerTest" name="GetAlarms_ReturnsAlarms_WhenReturnedByRepository" />
    </UnitTest>
    <UnitTest name="PatchAlarmState_ReturnsNotFound_WhenNotReturnedByRepository" storage="d:\actions-runner\_work\xpco\xpco\eventserver\server\components\central\videoos.eventserver.alarms.restapi.unittest\bin\debug\net472\videoos.eventserver.alarms.restapi.unittest.dll" id="da216857-75fe-a212-e8ea-2525a3bf67b4">
      <Execution id="d7c71401-a6b2-45dd-bbc4-60ae059053db" />
      <TestMethod codeBase="D:\actions-runner\_work\XPCO\XPCO\EventServer\Server\Components\Central\VideoOS.EventServer.Alarms.RestApi.UnitTest\bin\Debug\net472\VideoOS.EventServer.Alarms.RestApi.UnitTest.dll" adapterTypeName="executor://mstestadapter/v2" className="VideoOS.EventServer.Alarms.RestApi.UnitTest.Controllers.AlarmStatesControllerTest" name="PatchAlarmState_ReturnsNotFound_WhenNotReturnedByRepository" />
    </UnitTest>
    <UnitTest name="DeleteByIdAsync_ThrowsAlarmServiceFaultExceptionUnknownSession_WhenNotExistingSessionRequested" storage="d:\actions-runner\_work\xpco\xpco\eventserver\server\components\central\videoos.eventserver.alarms.restapi.unittest\bin\debug\net472\videoos.eventserver.alarms.restapi.unittest.dll" id="9d3b55ff-fd82-75ec-5065-a61afd0d279f">
      <Execution id="8273b59b-4e30-4f78-878c-9ddd2483b2e1" />
      <TestMethod codeBase="D:\actions-runner\_work\XPCO\XPCO\EventServer\Server\Components\Central\VideoOS.EventServer.Alarms.RestApi.UnitTest\bin\Debug\net472\VideoOS.EventServer.Alarms.RestApi.UnitTest.dll" adapterTypeName="executor://mstestadapter/v2" className="VideoOS.EventServer.Alarms.RestApi.UnitTest.Controllers.AlarmSessionsControllerTest" name="DeleteByIdAsync_ThrowsAlarmServiceFaultExceptionUnknownSession_WhenNotExistingSessionRequested" />
    </UnitTest>
    <UnitTest name="PostAlarmPriority_Stores_WhenCorrect" storage="d:\actions-runner\_work\xpco\xpco\eventserver\server\components\central\videoos.eventserver.alarms.restapi.unittest\bin\debug\net472\videoos.eventserver.alarms.restapi.unittest.dll" id="86b05c7a-2481-23fc-c4cb-d69def37d7aa">
      <Execution id="57333d35-4afc-40de-bb9e-d07f70457ab0" />
      <TestMethod codeBase="D:\actions-runner\_work\XPCO\XPCO\EventServer\Server\Components\Central\VideoOS.EventServer.Alarms.RestApi.UnitTest\bin\Debug\net472\VideoOS.EventServer.Alarms.RestApi.UnitTest.dll" adapterTypeName="executor://mstestadapter/v2" className="VideoOS.EventServer.Alarms.RestApi.UnitTest.Controllers.AlarmPrioritiesControllerTest" name="PostAlarmPriority_Stores_WhenCorrect" />
    </UnitTest>
    <UnitTest name="GetAlarmStates_ReturnsAlarmStates_WhenReturnedByRepository" storage="d:\actions-runner\_work\xpco\xpco\eventserver\server\components\central\videoos.eventserver.alarms.restapi.unittest\bin\debug\net472\videoos.eventserver.alarms.restapi.unittest.dll" id="d8249755-c839-ea80-cf7e-821cd18b30bb">
      <Execution id="1c802194-9b7c-4e3d-91f0-da49196d9433" />
      <TestMethod codeBase="D:\actions-runner\_work\XPCO\XPCO\EventServer\Server\Components\Central\VideoOS.EventServer.Alarms.RestApi.UnitTest\bin\Debug\net472\VideoOS.EventServer.Alarms.RestApi.UnitTest.dll" adapterTypeName="executor://mstestadapter/v2" className="VideoOS.EventServer.Alarms.RestApi.UnitTest.Controllers.AlarmStatesControllerTest" name="GetAlarmStates_ReturnsAlarmStates_WhenReturnedByRepository" />
    </UnitTest>
    <UnitTest name="PatchAlarmPriority_ReturnsForbidden_WhenCannotEditSettings" storage="d:\actions-runner\_work\xpco\xpco\eventserver\server\components\central\videoos.eventserver.alarms.restapi.unittest\bin\debug\net472\videoos.eventserver.alarms.restapi.unittest.dll" id="4ba8d120-dd0d-6305-e0f3-cbb5d3717955">
      <Execution id="798cd6ee-c3f2-422f-8e3d-0d37ff6351b2" />
      <TestMethod codeBase="D:\actions-runner\_work\XPCO\XPCO\EventServer\Server\Components\Central\VideoOS.EventServer.Alarms.RestApi.UnitTest\bin\Debug\net472\VideoOS.EventServer.Alarms.RestApi.UnitTest.dll" adapterTypeName="executor://mstestadapter/v2" className="VideoOS.EventServer.Alarms.RestApi.UnitTest.Controllers.AlarmPrioritiesControllerTest" name="PatchAlarmPriority_ReturnsForbidden_WhenCannotEditSettings" />
    </UnitTest>
    <UnitTest name="GetByIdAsync_ThrowsUserValidationException_WhenNotAuthorizedUserRequests" storage="d:\actions-runner\_work\xpco\xpco\eventserver\server\components\central\videoos.eventserver.alarms.restapi.unittest\bin\debug\net472\videoos.eventserver.alarms.restapi.unittest.dll" id="d8038aba-5c8b-53de-0fda-88b79ce6dee3">
      <Execution id="6cdc4730-d751-4485-8df2-fac09d949819" />
      <TestMethod codeBase="D:\actions-runner\_work\XPCO\XPCO\EventServer\Server\Components\Central\VideoOS.EventServer.Alarms.RestApi.UnitTest\bin\Debug\net472\VideoOS.EventServer.Alarms.RestApi.UnitTest.dll" adapterTypeName="executor://mstestadapter/v2" className="VideoOS.EventServer.Alarms.RestApi.UnitTest.Controllers.AlarmSessionsControllerTest" name="GetByIdAsync_ThrowsUserValidationException_WhenNotAuthorizedUserRequests" />
    </UnitTest>
    <UnitTest name="PatchAlarmPriority_PatchesAndReturns_WhenReturnedByRepository" storage="d:\actions-runner\_work\xpco\xpco\eventserver\server\components\central\videoos.eventserver.alarms.restapi.unittest\bin\debug\net472\videoos.eventserver.alarms.restapi.unittest.dll" id="c1821397-8512-fc84-87dc-5c7a17f16bb8">
      <Execution id="ff036885-7822-4f6c-a248-cf62a189afdb" />
      <TestMethod codeBase="D:\actions-runner\_work\XPCO\XPCO\EventServer\Server\Components\Central\VideoOS.EventServer.Alarms.RestApi.UnitTest\bin\Debug\net472\VideoOS.EventServer.Alarms.RestApi.UnitTest.dll" adapterTypeName="executor://mstestadapter/v2" className="VideoOS.EventServer.Alarms.RestApi.UnitTest.Controllers.AlarmPrioritiesControllerTest" name="PatchAlarmPriority_PatchesAndReturns_WhenReturnedByRepository" />
    </UnitTest>
    <UnitTest name="DeleteAlarmState_Deletes_WhenExistsAndNotDefault" storage="d:\actions-runner\_work\xpco\xpco\eventserver\server\components\central\videoos.eventserver.alarms.restapi.unittest\bin\debug\net472\videoos.eventserver.alarms.restapi.unittest.dll" id="e64f7d49-8162-d06c-63dd-9daf1979f89a">
      <Execution id="bf3ed9d9-cc3a-48c0-a59f-a2522175ea2b" />
      <TestMethod codeBase="D:\actions-runner\_work\XPCO\XPCO\EventServer\Server\Components\Central\VideoOS.EventServer.Alarms.RestApi.UnitTest\bin\Debug\net472\VideoOS.EventServer.Alarms.RestApi.UnitTest.dll" adapterTypeName="executor://mstestadapter/v2" className="VideoOS.EventServer.Alarms.RestApi.UnitTest.Controllers.AlarmStatesControllerTest" name="DeleteAlarmState_Deletes_WhenExistsAndNotDefault" />
    </UnitTest>
    <UnitTest name="PostAlarmState_ReturnsBadRequest_WhenAlreadyExists" storage="d:\actions-runner\_work\xpco\xpco\eventserver\server\components\central\videoos.eventserver.alarms.restapi.unittest\bin\debug\net472\videoos.eventserver.alarms.restapi.unittest.dll" id="d941d812-7cfa-88c9-8c4c-70d74aad724c">
      <Execution id="2a7ecb46-26ae-4a8f-a08d-818d07860fb7" />
      <TestMethod codeBase="D:\actions-runner\_work\XPCO\XPCO\EventServer\Server\Components\Central\VideoOS.EventServer.Alarms.RestApi.UnitTest\bin\Debug\net472\VideoOS.EventServer.Alarms.RestApi.UnitTest.dll" adapterTypeName="executor://mstestadapter/v2" className="VideoOS.EventServer.Alarms.RestApi.UnitTest.Controllers.AlarmStatesControllerTest" name="PostAlarmState_ReturnsBadRequest_WhenAlreadyExists" />
    </UnitTest>
    <UnitTest name="AlarmDefinitionToDtoConverter_ToDto_ReturnsCorrectObject" storage="d:\actions-runner\_work\xpco\xpco\eventserver\server\components\central\videoos.eventserver.alarms.restapi.unittest\bin\debug\net472\videoos.eventserver.alarms.restapi.unittest.dll" id="8b005007-a747-7157-8373-0a5bf5bb4505">
      <Execution id="e8ea28ec-326d-4d2f-856c-795c97ecd0a5" />
      <TestMethod codeBase="D:\actions-runner\_work\XPCO\XPCO\EventServer\Server\Components\Central\VideoOS.EventServer.Alarms.RestApi.UnitTest\bin\Debug\net472\VideoOS.EventServer.Alarms.RestApi.UnitTest.dll" adapterTypeName="executor://mstestadapter/v2" className="VideoOS.EventServer.Alarms.RestApi.UnitTest.Dto.AlarmDefinitions.AlarmDefinitionToDtoConverterTest" name="AlarmDefinitionToDtoConverter_ToDto_ReturnsCorrectObject" />
    </UnitTest>
    <UnitTest name="GetByIdAsync_ThrowsAlarmServiceFaultExceptionUnknownSession_WhenNotExistingSessionRequested" storage="d:\actions-runner\_work\xpco\xpco\eventserver\server\components\central\videoos.eventserver.alarms.restapi.unittest\bin\debug\net472\videoos.eventserver.alarms.restapi.unittest.dll" id="e6b520f8-0623-dc53-5f62-5b9f653771e8">
      <Execution id="a4347a64-8864-4176-8a08-7696dcba4131" />
      <TestMethod codeBase="D:\actions-runner\_work\XPCO\XPCO\EventServer\Server\Components\Central\VideoOS.EventServer.Alarms.RestApi.UnitTest\bin\Debug\net472\VideoOS.EventServer.Alarms.RestApi.UnitTest.dll" adapterTypeName="executor://mstestadapter/v2" className="VideoOS.EventServer.Alarms.RestApi.UnitTest.Controllers.AlarmSessionsControllerTest" name="GetByIdAsync_ThrowsAlarmServiceFaultExceptionUnknownSession_WhenNotExistingSessionRequested" />
    </UnitTest>
    <UnitTest name="PatchAlarmCategory_PatchesAndReturns_WhenReturnedByRepository" storage="d:\actions-runner\_work\xpco\xpco\eventserver\server\components\central\videoos.eventserver.alarms.restapi.unittest\bin\debug\net472\videoos.eventserver.alarms.restapi.unittest.dll" id="e81ae7e3-508c-7419-47a5-39b3bfd104d4">
      <Execution id="b9313c09-a7a9-460e-be87-d7e2db767782" />
      <TestMethod codeBase="D:\actions-runner\_work\XPCO\XPCO\EventServer\Server\Components\Central\VideoOS.EventServer.Alarms.RestApi.UnitTest\bin\Debug\net472\VideoOS.EventServer.Alarms.RestApi.UnitTest.dll" adapterTypeName="executor://mstestadapter/v2" className="VideoOS.EventServer.Alarms.RestApi.UnitTest.Controllers.AlarmCategoriesControllerTest" name="PatchAlarmCategory_PatchesAndReturns_WhenReturnedByRepository" />
    </UnitTest>
    <UnitTest name="DeleteAlarmPriority_ReturnsForbidden_WhenCannotEditSettings" storage="d:\actions-runner\_work\xpco\xpco\eventserver\server\components\central\videoos.eventserver.alarms.restapi.unittest\bin\debug\net472\videoos.eventserver.alarms.restapi.unittest.dll" id="3426664f-9064-57db-bebb-02372d806c18">
      <Execution id="27e14e7e-8be1-42af-bd83-a71bf6e5a1de" />
      <TestMethod codeBase="D:\actions-runner\_work\XPCO\XPCO\EventServer\Server\Components\Central\VideoOS.EventServer.Alarms.RestApi.UnitTest\bin\Debug\net472\VideoOS.EventServer.Alarms.RestApi.UnitTest.dll" adapterTypeName="executor://mstestadapter/v2" className="VideoOS.EventServer.Alarms.RestApi.UnitTest.Controllers.AlarmPrioritiesControllerTest" name="DeleteAlarmPriority_ReturnsForbidden_WhenCannotEditSettings" />
    </UnitTest>
    <UnitTest name="PostAlarmCategory_Stores_WhenCorrect" storage="d:\actions-runner\_work\xpco\xpco\eventserver\server\components\central\videoos.eventserver.alarms.restapi.unittest\bin\debug\net472\videoos.eventserver.alarms.restapi.unittest.dll" id="43bf165b-b1e9-c786-d62a-10bb22e07b01">
      <Execution id="d150fee4-9069-4d85-9d50-406239027f30" />
      <TestMethod codeBase="D:\actions-runner\_work\XPCO\XPCO\EventServer\Server\Components\Central\VideoOS.EventServer.Alarms.RestApi.UnitTest\bin\Debug\net472\VideoOS.EventServer.Alarms.RestApi.UnitTest.dll" adapterTypeName="executor://mstestadapter/v2" className="VideoOS.EventServer.Alarms.RestApi.UnitTest.Controllers.AlarmCategoriesControllerTest" name="PostAlarmCategory_Stores_WhenCorrect" />
    </UnitTest>
    <UnitTest name="GetStatistics_NotReturnsByState_WhenEmptyInclude" storage="d:\actions-runner\_work\xpco\xpco\eventserver\server\components\central\videoos.eventserver.alarms.restapi.unittest\bin\debug\net472\videoos.eventserver.alarms.restapi.unittest.dll" id="9f15b6bf-ed52-0687-ff13-eb3f85c6509a">
      <Execution id="40e48cd9-ba15-41e3-b37b-a2d496b2b170" />
      <TestMethod codeBase="D:\actions-runner\_work\XPCO\XPCO\EventServer\Server\Components\Central\VideoOS.EventServer.Alarms.RestApi.UnitTest\bin\Debug\net472\VideoOS.EventServer.Alarms.RestApi.UnitTest.dll" adapterTypeName="executor://mstestadapter/v2" className="VideoOS.EventServer.Alarms.RestApi.UnitTest.Controllers.AlarmStatisticsControllerTest" name="GetStatistics_NotReturnsByState_WhenEmptyInclude" />
    </UnitTest>
    <UnitTest name="GetStatistics_ReturnsByState_WhenInInclude" storage="d:\actions-runner\_work\xpco\xpco\eventserver\server\components\central\videoos.eventserver.alarms.restapi.unittest\bin\debug\net472\videoos.eventserver.alarms.restapi.unittest.dll" id="d8dc7f47-05ac-b542-4921-4c22649a8fe0">
      <Execution id="bc08b0c7-9a19-46b5-ab7a-be5ade8bd6bd" />
      <TestMethod codeBase="D:\actions-runner\_work\XPCO\XPCO\EventServer\Server\Components\Central\VideoOS.EventServer.Alarms.RestApi.UnitTest\bin\Debug\net472\VideoOS.EventServer.Alarms.RestApi.UnitTest.dll" adapterTypeName="executor://mstestadapter/v2" className="VideoOS.EventServer.Alarms.RestApi.UnitTest.Controllers.AlarmStatisticsControllerTest" name="GetStatistics_ReturnsByState_WhenInInclude" />
    </UnitTest>
    <UnitTest name="PostAsync_ThrowsAlarmServiceFaultExceptionInvalidAuthentication_WhenNotAuthorizedUserRequests" storage="d:\actions-runner\_work\xpco\xpco\eventserver\server\components\central\videoos.eventserver.alarms.restapi.unittest\bin\debug\net472\videoos.eventserver.alarms.restapi.unittest.dll" id="8258123e-0a6c-d969-0931-f39b8fedeb37">
      <Execution id="e5ed9aa8-81e5-4d82-b47a-b1877994e72e" />
      <TestMethod codeBase="D:\actions-runner\_work\XPCO\XPCO\EventServer\Server\Components\Central\VideoOS.EventServer.Alarms.RestApi.UnitTest\bin\Debug\net472\VideoOS.EventServer.Alarms.RestApi.UnitTest.dll" adapterTypeName="executor://mstestadapter/v2" className="VideoOS.EventServer.Alarms.RestApi.UnitTest.Controllers.AlarmSessionsControllerTest" name="PostAsync_ThrowsAlarmServiceFaultExceptionInvalidAuthentication_WhenNotAuthorizedUserRequests" />
    </UnitTest>
    <UnitTest name="GetAlarmCategories_ReturnsAlarmCategories_WhenReturnedByRepository" storage="d:\actions-runner\_work\xpco\xpco\eventserver\server\components\central\videoos.eventserver.alarms.restapi.unittest\bin\debug\net472\videoos.eventserver.alarms.restapi.unittest.dll" id="50361531-ab01-953d-78ce-25691af8e556">
      <Execution id="932a003a-2487-491a-b51d-fed933c71481" />
      <TestMethod codeBase="D:\actions-runner\_work\XPCO\XPCO\EventServer\Server\Components\Central\VideoOS.EventServer.Alarms.RestApi.UnitTest\bin\Debug\net472\VideoOS.EventServer.Alarms.RestApi.UnitTest.dll" adapterTypeName="executor://mstestadapter/v2" className="VideoOS.EventServer.Alarms.RestApi.UnitTest.Controllers.AlarmCategoriesControllerTest" name="GetAlarmCategories_ReturnsAlarmCategories_WhenReturnedByRepository" />
    </UnitTest>
    <UnitTest name="DeleteById_ReturnNotFound_WhenIdIsMissingInRepository" storage="d:\actions-runner\_work\xpco\xpco\eventserver\server\components\central\videoos.eventserver.alarms.restapi.unittest\bin\debug\net472\videoos.eventserver.alarms.restapi.unittest.dll" id="0cab05b6-ce55-6cdc-9014-e2e94a486291">
      <Execution id="eb45607a-a8c5-48fe-b135-6e4e8e8e55c1" />
      <TestMethod codeBase="D:\actions-runner\_work\XPCO\XPCO\EventServer\Server\Components\Central\VideoOS.EventServer.Alarms.RestApi.UnitTest\bin\Debug\net472\VideoOS.EventServer.Alarms.RestApi.UnitTest.dll" adapterTypeName="executor://mstestadapter/v2" className="VideoOS.EventServer.Alarms.RestApi.UnitTest.Controllers.AlarmDefinitionsControllerTest" name="DeleteById_ReturnNotFound_WhenIdIsMissingInRepository" />
    </UnitTest>
    <UnitTest name="PatchAlarmPriority_RemovesSoundMapping_WhenSetToNull" storage="d:\actions-runner\_work\xpco\xpco\eventserver\server\components\central\videoos.eventserver.alarms.restapi.unittest\bin\debug\net472\videoos.eventserver.alarms.restapi.unittest.dll" id="2334dff9-f212-3bf3-1eb3-234a61132fbb">
      <Execution id="e6190ba2-f3d9-466f-8464-53eb2fa5f314" />
      <TestMethod codeBase="D:\actions-runner\_work\XPCO\XPCO\EventServer\Server\Components\Central\VideoOS.EventServer.Alarms.RestApi.UnitTest\bin\Debug\net472\VideoOS.EventServer.Alarms.RestApi.UnitTest.dll" adapterTypeName="executor://mstestadapter/v2" className="VideoOS.EventServer.Alarms.RestApi.UnitTest.Controllers.AlarmPrioritiesControllerTest" name="PatchAlarmPriority_RemovesSoundMapping_WhenSetToNull" />
    </UnitTest>
    <UnitTest name="GetSnapshots_FetchesFromRepository_WhenCorrect" storage="d:\actions-runner\_work\xpco\xpco\eventserver\server\components\central\videoos.eventserver.alarms.restapi.unittest\bin\debug\net472\videoos.eventserver.alarms.restapi.unittest.dll" id="fcec56c3-757d-bac7-895f-6a7381a82d75">
      <Execution id="cd9acedc-5698-4d41-9407-5697da31713e" />
      <TestMethod codeBase="D:\actions-runner\_work\XPCO\XPCO\EventServer\Server\Components\Central\VideoOS.EventServer.Alarms.RestApi.UnitTest\bin\Debug\net472\VideoOS.EventServer.Alarms.RestApi.UnitTest.dll" adapterTypeName="executor://mstestadapter/v2" className="VideoOS.EventServer.Alarms.RestApi.UnitTest.Controllers.AlarmsControllerTest" name="GetSnapshots_FetchesFromRepository_WhenCorrect" />
    </UnitTest>
    <UnitTest name="DeleteAlarmCategory_ReturnsNotFound_WhenNotExists" storage="d:\actions-runner\_work\xpco\xpco\eventserver\server\components\central\videoos.eventserver.alarms.restapi.unittest\bin\debug\net472\videoos.eventserver.alarms.restapi.unittest.dll" id="7f5a4df5-380a-7a15-c049-9e50b2ae3008">
      <Execution id="4b58ac84-de5b-4fe5-b1f9-a7edf3d285dd" />
      <TestMethod codeBase="D:\actions-runner\_work\XPCO\XPCO\EventServer\Server\Components\Central\VideoOS.EventServer.Alarms.RestApi.UnitTest\bin\Debug\net472\VideoOS.EventServer.Alarms.RestApi.UnitTest.dll" adapterTypeName="executor://mstestadapter/v2" className="VideoOS.EventServer.Alarms.RestApi.UnitTest.Controllers.AlarmCategoriesControllerTest" name="DeleteAlarmCategory_ReturnsNotFound_WhenNotExists" />
    </UnitTest>
    <UnitTest name="PostAlarmState_Stores_WhenCorrect" storage="d:\actions-runner\_work\xpco\xpco\eventserver\server\components\central\videoos.eventserver.alarms.restapi.unittest\bin\debug\net472\videoos.eventserver.alarms.restapi.unittest.dll" id="80a355c2-b8ee-cf51-8b7b-bee6654585bc">
      <Execution id="6d1d49cd-698c-41cf-ae95-23c28b6fd058" />
      <TestMethod codeBase="D:\actions-runner\_work\XPCO\XPCO\EventServer\Server\Components\Central\VideoOS.EventServer.Alarms.RestApi.UnitTest\bin\Debug\net472\VideoOS.EventServer.Alarms.RestApi.UnitTest.dll" adapterTypeName="executor://mstestadapter/v2" className="VideoOS.EventServer.Alarms.RestApi.UnitTest.Controllers.AlarmStatesControllerTest" name="PostAlarmState_Stores_WhenCorrect" />
    </UnitTest>
    <UnitTest name="GetAlarmManagerColumns_ReturnsAForbidden_WhenCannotRead" storage="d:\actions-runner\_work\xpco\xpco\eventserver\server\components\central\videoos.eventserver.alarms.restapi.unittest\bin\debug\net472\videoos.eventserver.alarms.restapi.unittest.dll" id="7037661c-4ff7-fd74-22d2-c9e2f13796a8">
      <Execution id="62708866-5dd9-4097-908d-888cfe389afe" />
      <TestMethod codeBase="D:\actions-runner\_work\XPCO\XPCO\EventServer\Server\Components\Central\VideoOS.EventServer.Alarms.RestApi.UnitTest\bin\Debug\net472\VideoOS.EventServer.Alarms.RestApi.UnitTest.dll" adapterTypeName="executor://mstestadapter/v2" className="VideoOS.EventServer.Alarms.RestApi.UnitTest.Controllers.AlarmManagerColumnsControllerTest" name="GetAlarmManagerColumns_ReturnsAForbidden_WhenCannotRead" />
    </UnitTest>
    <UnitTest name="GetAlarmSound_ReturnsAlarmSound_WhenReturnedByRepository" storage="d:\actions-runner\_work\xpco\xpco\eventserver\server\components\central\videoos.eventserver.alarms.restapi.unittest\bin\debug\net472\videoos.eventserver.alarms.restapi.unittest.dll" id="31b71329-e4ab-10bf-fbdd-fff51f00ccf6">
      <Execution id="bb4a2e54-896f-40d8-aed5-910207d5cde5" />
      <TestMethod codeBase="D:\actions-runner\_work\XPCO\XPCO\EventServer\Server\Components\Central\VideoOS.EventServer.Alarms.RestApi.UnitTest\bin\Debug\net472\VideoOS.EventServer.Alarms.RestApi.UnitTest.dll" adapterTypeName="executor://mstestadapter/v2" className="VideoOS.EventServer.Alarms.RestApi.UnitTest.Controllers.AlarmSoundsControllerTest" name="GetAlarmSound_ReturnsAlarmSound_WhenReturnedByRepository" />
    </UnitTest>
    <UnitTest name="DeleteAlarmSound_ReturnsNotFound_WhenNotExists" storage="d:\actions-runner\_work\xpco\xpco\eventserver\server\components\central\videoos.eventserver.alarms.restapi.unittest\bin\debug\net472\videoos.eventserver.alarms.restapi.unittest.dll" id="003136a9-f83d-9967-d410-7e849b4b8184">
      <Execution id="3b833802-8c86-4665-b8f0-633f37f87fac" />
      <TestMethod codeBase="D:\actions-runner\_work\XPCO\XPCO\EventServer\Server\Components\Central\VideoOS.EventServer.Alarms.RestApi.UnitTest\bin\Debug\net472\VideoOS.EventServer.Alarms.RestApi.UnitTest.dll" adapterTypeName="executor://mstestadapter/v2" className="VideoOS.EventServer.Alarms.RestApi.UnitTest.Controllers.AlarmSoundsControllerTest" name="DeleteAlarmSound_ReturnsNotFound_WhenNotExists" />
    </UnitTest>
    <UnitTest name="GetAlarm_ReturnsAlarm_WhenReturnedByRepository" storage="d:\actions-runner\_work\xpco\xpco\eventserver\server\components\central\videoos.eventserver.alarms.restapi.unittest\bin\debug\net472\videoos.eventserver.alarms.restapi.unittest.dll" id="45bfdc90-b072-d116-10b0-364044d464ae">
      <Execution id="703516c7-1cb9-4cff-898b-e6444781230b" />
      <TestMethod codeBase="D:\actions-runner\_work\XPCO\XPCO\EventServer\Server\Components\Central\VideoOS.EventServer.Alarms.RestApi.UnitTest\bin\Debug\net472\VideoOS.EventServer.Alarms.RestApi.UnitTest.dll" adapterTypeName="executor://mstestadapter/v2" className="VideoOS.EventServer.Alarms.RestApi.UnitTest.Controllers.AlarmsControllerTest" name="GetAlarm_ReturnsAlarm_WhenReturnedByRepository" />
    </UnitTest>
    <UnitTest name="GetByIdAsync_ThrowsAlarmServiceFaultExceptionInvalidAuthentication_WhenNotAuthorizedUserRequests" storage="d:\actions-runner\_work\xpco\xpco\eventserver\server\components\central\videoos.eventserver.alarms.restapi.unittest\bin\debug\net472\videoos.eventserver.alarms.restapi.unittest.dll" id="ba8182e2-0e7f-893a-3584-dbdbf426abc9">
      <Execution id="6529b366-f9ce-45d2-9bf5-368e8fdd4ab7" />
      <TestMethod codeBase="D:\actions-runner\_work\XPCO\XPCO\EventServer\Server\Components\Central\VideoOS.EventServer.Alarms.RestApi.UnitTest\bin\Debug\net472\VideoOS.EventServer.Alarms.RestApi.UnitTest.dll" adapterTypeName="executor://mstestadapter/v2" className="VideoOS.EventServer.Alarms.RestApi.UnitTest.Controllers.AlarmSessionsControllerTest" name="GetByIdAsync_ThrowsAlarmServiceFaultExceptionInvalidAuthentication_WhenNotAuthorizedUserRequests" />
    </UnitTest>
    <UnitTest name="PatchAlarmPriority_ReturnsBadRequest_WhenSoundNotExists" storage="d:\actions-runner\_work\xpco\xpco\eventserver\server\components\central\videoos.eventserver.alarms.restapi.unittest\bin\debug\net472\videoos.eventserver.alarms.restapi.unittest.dll" id="4da9f952-8f82-451d-9f91-104cef5655a6">
      <Execution id="88275a3a-01a3-44b7-9565-0886cecb10d6" />
      <TestMethod codeBase="D:\actions-runner\_work\XPCO\XPCO\EventServer\Server\Components\Central\VideoOS.EventServer.Alarms.RestApi.UnitTest\bin\Debug\net472\VideoOS.EventServer.Alarms.RestApi.UnitTest.dll" adapterTypeName="executor://mstestadapter/v2" className="VideoOS.EventServer.Alarms.RestApi.UnitTest.Controllers.AlarmPrioritiesControllerTest" name="PatchAlarmPriority_ReturnsBadRequest_WhenSoundNotExists" />
    </UnitTest>
    <UnitTest name="GetAlarmDefinitionById_ReturnsAlarmDefinition_WhenReturnedByRepository" storage="d:\actions-runner\_work\xpco\xpco\eventserver\server\components\central\videoos.eventserver.alarms.restapi.unittest\bin\debug\net472\videoos.eventserver.alarms.restapi.unittest.dll" id="fecd9be6-bec9-0b49-c6c4-ff9555e41ac3">
      <Execution id="ad3ab133-49cd-44cd-b312-a9b3de36db9b" />
      <TestMethod codeBase="D:\actions-runner\_work\XPCO\XPCO\EventServer\Server\Components\Central\VideoOS.EventServer.Alarms.RestApi.UnitTest\bin\Debug\net472\VideoOS.EventServer.Alarms.RestApi.UnitTest.dll" adapterTypeName="executor://mstestadapter/v2" className="VideoOS.EventServer.Alarms.RestApi.UnitTest.Controllers.AlarmDefinitionsControllerTest" name="GetAlarmDefinitionById_ReturnsAlarmDefinition_WhenReturnedByRepository" />
    </UnitTest>
    <UnitTest name="GetAlarmSounds_ReturnsAlarmSounds_WhenReturnedByRepository" storage="d:\actions-runner\_work\xpco\xpco\eventserver\server\components\central\videoos.eventserver.alarms.restapi.unittest\bin\debug\net472\videoos.eventserver.alarms.restapi.unittest.dll" id="a6da2d78-09a9-1ed8-b58e-9ac93ff017f8">
      <Execution id="1b38994d-cddb-4aee-b0d8-32da02186b71" />
      <TestMethod codeBase="D:\actions-runner\_work\XPCO\XPCO\EventServer\Server\Components\Central\VideoOS.EventServer.Alarms.RestApi.UnitTest\bin\Debug\net472\VideoOS.EventServer.Alarms.RestApi.UnitTest.dll" adapterTypeName="executor://mstestadapter/v2" className="VideoOS.EventServer.Alarms.RestApi.UnitTest.Controllers.AlarmSoundsControllerTest" name="GetAlarmSounds_ReturnsAlarmSounds_WhenReturnedByRepository" />
    </UnitTest>
    <UnitTest name="GetAlarmPriorities_ReturnsAlarmPriorities_WhenReturnedByRepository" storage="d:\actions-runner\_work\xpco\xpco\eventserver\server\components\central\videoos.eventserver.alarms.restapi.unittest\bin\debug\net472\videoos.eventserver.alarms.restapi.unittest.dll" id="8322d50f-7a10-a72c-9db0-690912ff0eb9">
      <Execution id="730d025a-f5a6-4c47-ad20-eb392284ffeb" />
      <TestMethod codeBase="D:\actions-runner\_work\XPCO\XPCO\EventServer\Server\Components\Central\VideoOS.EventServer.Alarms.RestApi.UnitTest\bin\Debug\net472\VideoOS.EventServer.Alarms.RestApi.UnitTest.dll" adapterTypeName="executor://mstestadapter/v2" className="VideoOS.EventServer.Alarms.RestApi.UnitTest.Controllers.AlarmPrioritiesControllerTest" name="GetAlarmPriorities_ReturnsAlarmPriorities_WhenReturnedByRepository" />
    </UnitTest>
    <UnitTest name="DeleteAlarmDefinition_ReturnsSuccess_WhenRemovedRepository" storage="d:\actions-runner\_work\xpco\xpco\eventserver\server\components\central\videoos.eventserver.alarms.restapi.unittest\bin\debug\net472\videoos.eventserver.alarms.restapi.unittest.dll" id="db2907f4-c056-5586-d9e0-88232eb0a49e">
      <Execution id="2c8024fc-c82e-4bf3-ba6f-a2782922a88e" />
      <TestMethod codeBase="D:\actions-runner\_work\XPCO\XPCO\EventServer\Server\Components\Central\VideoOS.EventServer.Alarms.RestApi.UnitTest\bin\Debug\net472\VideoOS.EventServer.Alarms.RestApi.UnitTest.dll" adapterTypeName="executor://mstestadapter/v2" className="VideoOS.EventServer.Alarms.RestApi.UnitTest.Controllers.AlarmDefinitionsControllerTest" name="DeleteAlarmDefinition_ReturnsSuccess_WhenRemovedRepository" />
    </UnitTest>
    <UnitTest name="PostAlarmPriority_ReturnsBadRequest_WhenAlreadyExists" storage="d:\actions-runner\_work\xpco\xpco\eventserver\server\components\central\videoos.eventserver.alarms.restapi.unittest\bin\debug\net472\videoos.eventserver.alarms.restapi.unittest.dll" id="caccdef6-4e02-7542-d31b-6b0a52067471">
      <Execution id="c169c151-3455-4c96-8136-27ee5e92bd7c" />
      <TestMethod codeBase="D:\actions-runner\_work\XPCO\XPCO\EventServer\Server\Components\Central\VideoOS.EventServer.Alarms.RestApi.UnitTest\bin\Debug\net472\VideoOS.EventServer.Alarms.RestApi.UnitTest.dll" adapterTypeName="executor://mstestadapter/v2" className="VideoOS.EventServer.Alarms.RestApi.UnitTest.Controllers.AlarmPrioritiesControllerTest" name="PostAlarmPriority_ReturnsBadRequest_WhenAlreadyExists" />
    </UnitTest>
    <UnitTest name="GetAlarmReasonsForClosing_ReturnsAlarmReasonsForClosingConfiguration_WhenReturnedByRepository" storage="d:\actions-runner\_work\xpco\xpco\eventserver\server\components\central\videoos.eventserver.alarms.restapi.unittest\bin\debug\net472\videoos.eventserver.alarms.restapi.unittest.dll" id="60e32c07-43bd-87b8-7edd-6d707919e175">
      <Execution id="2d239332-40f7-4f3a-b6f6-1b3d60b04591" />
      <TestMethod codeBase="D:\actions-runner\_work\XPCO\XPCO\EventServer\Server\Components\Central\VideoOS.EventServer.Alarms.RestApi.UnitTest\bin\Debug\net472\VideoOS.EventServer.Alarms.RestApi.UnitTest.dll" adapterTypeName="executor://mstestadapter/v2" className="VideoOS.EventServer.Alarms.RestApi.UnitTest.Controllers.AlarmReasonsForClosingControllerTest" name="GetAlarmReasonsForClosing_ReturnsAlarmReasonsForClosingConfiguration_WhenReturnedByRepository" />
    </UnitTest>
    <UnitTest name="PutAlarmManagerColumns_ReturnsForbidden_WhenCannotEditSettings" storage="d:\actions-runner\_work\xpco\xpco\eventserver\server\components\central\videoos.eventserver.alarms.restapi.unittest\bin\debug\net472\videoos.eventserver.alarms.restapi.unittest.dll" id="f9403549-618d-3946-7346-ac45ecf4aac6">
      <Execution id="9f6bcd6f-abc7-4b00-b616-f9e2e7bc4f69" />
      <TestMethod codeBase="D:\actions-runner\_work\XPCO\XPCO\EventServer\Server\Components\Central\VideoOS.EventServer.Alarms.RestApi.UnitTest\bin\Debug\net472\VideoOS.EventServer.Alarms.RestApi.UnitTest.dll" adapterTypeName="executor://mstestadapter/v2" className="VideoOS.EventServer.Alarms.RestApi.UnitTest.Controllers.AlarmManagerColumnsControllerTest" name="PutAlarmManagerColumns_ReturnsForbidden_WhenCannotEditSettings" />
    </UnitTest>
    <UnitTest name="PostAlarmSound_SendsToSoundManager_WhenCorrect" storage="d:\actions-runner\_work\xpco\xpco\eventserver\server\components\central\videoos.eventserver.alarms.restapi.unittest\bin\debug\net472\videoos.eventserver.alarms.restapi.unittest.dll" id="5433a76f-8e3f-a1de-e107-5a1699bd24b9">
      <Execution id="962162cd-0e17-450c-81f0-174825e3a723" />
      <TestMethod codeBase="D:\actions-runner\_work\XPCO\XPCO\EventServer\Server\Components\Central\VideoOS.EventServer.Alarms.RestApi.UnitTest\bin\Debug\net472\VideoOS.EventServer.Alarms.RestApi.UnitTest.dll" adapterTypeName="executor://mstestadapter/v2" className="VideoOS.EventServer.Alarms.RestApi.UnitTest.Controllers.AlarmSoundsControllerTest" name="PostAlarmSound_SendsToSoundManager_WhenCorrect" />
    </UnitTest>
    <UnitTest name="DeleteByIdAsync_ThrowsUserValidationException_WhenInvalidUserRequests" storage="d:\actions-runner\_work\xpco\xpco\eventserver\server\components\central\videoos.eventserver.alarms.restapi.unittest\bin\debug\net472\videoos.eventserver.alarms.restapi.unittest.dll" id="7ffbc039-e537-3a06-0c7a-54f1da647f8b">
      <Execution id="56f52f74-dc7f-4f20-83ea-e4aec20c94fc" />
      <TestMethod codeBase="D:\actions-runner\_work\XPCO\XPCO\EventServer\Server\Components\Central\VideoOS.EventServer.Alarms.RestApi.UnitTest\bin\Debug\net472\VideoOS.EventServer.Alarms.RestApi.UnitTest.dll" adapterTypeName="executor://mstestadapter/v2" className="VideoOS.EventServer.Alarms.RestApi.UnitTest.Controllers.AlarmSessionsControllerTest" name="DeleteByIdAsync_ThrowsUserValidationException_WhenInvalidUserRequests" />
    </UnitTest>
    <UnitTest name="PatchAlarmSettings_OverridesAndReturns_WhenCanEditSettings" storage="d:\actions-runner\_work\xpco\xpco\eventserver\server\components\central\videoos.eventserver.alarms.restapi.unittest\bin\debug\net472\videoos.eventserver.alarms.restapi.unittest.dll" id="ac53c02f-0cae-1e34-f56d-69b6176a5179">
      <Execution id="7556c334-f69c-43a2-bf22-dea25a851377" />
      <TestMethod codeBase="D:\actions-runner\_work\XPCO\XPCO\EventServer\Server\Components\Central\VideoOS.EventServer.Alarms.RestApi.UnitTest\bin\Debug\net472\VideoOS.EventServer.Alarms.RestApi.UnitTest.dll" adapterTypeName="executor://mstestadapter/v2" className="VideoOS.EventServer.Alarms.RestApi.UnitTest.Controllers.AlarmSettingsControllerTest" name="PatchAlarmSettings_OverridesAndReturns_WhenCanEditSettings" />
    </UnitTest>
    <UnitTest name="PostAlarmState_ReturnsForbidden_WhenCannotEditSettings" storage="d:\actions-runner\_work\xpco\xpco\eventserver\server\components\central\videoos.eventserver.alarms.restapi.unittest\bin\debug\net472\videoos.eventserver.alarms.restapi.unittest.dll" id="7d5031eb-4122-662c-c258-dbde19405eb1">
      <Execution id="51cae3a0-5882-48ec-ab1c-ac7a3bb9b22c" />
      <TestMethod codeBase="D:\actions-runner\_work\XPCO\XPCO\EventServer\Server\Components\Central\VideoOS.EventServer.Alarms.RestApi.UnitTest\bin\Debug\net472\VideoOS.EventServer.Alarms.RestApi.UnitTest.dll" adapterTypeName="executor://mstestadapter/v2" className="VideoOS.EventServer.Alarms.RestApi.UnitTest.Controllers.AlarmStatesControllerTest" name="PostAlarmState_ReturnsForbidden_WhenCannotEditSettings" />
    </UnitTest>
    <UnitTest name="DeleteAlarmState_ReturnsForbidden_WhenDefaultState" storage="d:\actions-runner\_work\xpco\xpco\eventserver\server\components\central\videoos.eventserver.alarms.restapi.unittest\bin\debug\net472\videoos.eventserver.alarms.restapi.unittest.dll" id="9213d6f5-2048-5f54-9021-059ae8399eaf">
      <Execution id="d73251b7-84a2-42cc-a855-c1d10bf6a35b" />
      <TestMethod codeBase="D:\actions-runner\_work\XPCO\XPCO\EventServer\Server\Components\Central\VideoOS.EventServer.Alarms.RestApi.UnitTest\bin\Debug\net472\VideoOS.EventServer.Alarms.RestApi.UnitTest.dll" adapterTypeName="executor://mstestadapter/v2" className="VideoOS.EventServer.Alarms.RestApi.UnitTest.Controllers.AlarmStatesControllerTest" name="DeleteAlarmState_ReturnsForbidden_WhenDefaultState" />
    </UnitTest>
    <UnitTest name="PostSnapshots_ReturnsNotFound_WhenAlarmNotFoundByIdInRepository" storage="d:\actions-runner\_work\xpco\xpco\eventserver\server\components\central\videoos.eventserver.alarms.restapi.unittest\bin\debug\net472\videoos.eventserver.alarms.restapi.unittest.dll" id="d5e37bef-4c32-802c-ab6b-21db6107c389">
      <Execution id="f0079bff-3b5e-4f59-962a-c441660126bc" />
      <TestMethod codeBase="D:\actions-runner\_work\XPCO\XPCO\EventServer\Server\Components\Central\VideoOS.EventServer.Alarms.RestApi.UnitTest\bin\Debug\net472\VideoOS.EventServer.Alarms.RestApi.UnitTest.dll" adapterTypeName="executor://mstestadapter/v2" className="VideoOS.EventServer.Alarms.RestApi.UnitTest.Controllers.AlarmsControllerTest" name="PostSnapshots_ReturnsNotFound_WhenAlarmNotFoundByIdInRepository" />
    </UnitTest>
    <UnitTest name="GetAlarmReasonsForClosing_ReturnsForbidden_WhenCannotRead" storage="d:\actions-runner\_work\xpco\xpco\eventserver\server\components\central\videoos.eventserver.alarms.restapi.unittest\bin\debug\net472\videoos.eventserver.alarms.restapi.unittest.dll" id="e53e8ad1-7a23-6354-77e9-0a55bce874dc">
      <Execution id="ff6cb5ff-5830-4548-9bd8-828c2ec7b3c3" />
      <TestMethod codeBase="D:\actions-runner\_work\XPCO\XPCO\EventServer\Server\Components\Central\VideoOS.EventServer.Alarms.RestApi.UnitTest\bin\Debug\net472\VideoOS.EventServer.Alarms.RestApi.UnitTest.dll" adapterTypeName="executor://mstestadapter/v2" className="VideoOS.EventServer.Alarms.RestApi.UnitTest.Controllers.AlarmReasonsForClosingControllerTest" name="GetAlarmReasonsForClosing_ReturnsForbidden_WhenCannotRead" />
    </UnitTest>
    <UnitTest name="DeleteAlarmCategory_ReturnsForbidden_WhenCannotEdit" storage="d:\actions-runner\_work\xpco\xpco\eventserver\server\components\central\videoos.eventserver.alarms.restapi.unittest\bin\debug\net472\videoos.eventserver.alarms.restapi.unittest.dll" id="c8d040fd-a083-ba96-be3a-5dbf1f3affe0">
      <Execution id="fb02bae7-a53c-4346-b3f8-f0362334c0de" />
      <TestMethod codeBase="D:\actions-runner\_work\XPCO\XPCO\EventServer\Server\Components\Central\VideoOS.EventServer.Alarms.RestApi.UnitTest\bin\Debug\net472\VideoOS.EventServer.Alarms.RestApi.UnitTest.dll" adapterTypeName="executor://mstestadapter/v2" className="VideoOS.EventServer.Alarms.RestApi.UnitTest.Controllers.AlarmCategoriesControllerTest" name="DeleteAlarmCategory_ReturnsForbidden_WhenCannotEdit" />
    </UnitTest>
    <UnitTest name="PostAlarm_SendsToAlarmProcessor_WhenCorrect" storage="d:\actions-runner\_work\xpco\xpco\eventserver\server\components\central\videoos.eventserver.alarms.restapi.unittest\bin\debug\net472\videoos.eventserver.alarms.restapi.unittest.dll" id="213faaec-f28a-8cf2-aed6-46031d755589">
      <Execution id="1e8b153d-3a38-4d1b-9f3b-65af96d9cd6a" />
      <TestMethod codeBase="D:\actions-runner\_work\XPCO\XPCO\EventServer\Server\Components\Central\VideoOS.EventServer.Alarms.RestApi.UnitTest\bin\Debug\net472\VideoOS.EventServer.Alarms.RestApi.UnitTest.dll" adapterTypeName="executor://mstestadapter/v2" className="VideoOS.EventServer.Alarms.RestApi.UnitTest.Controllers.AlarmsControllerTest" name="PostAlarm_SendsToAlarmProcessor_WhenCorrect" />
    </UnitTest>
    <UnitTest name="GetAlarmDefinitions_ReturnsForbidden_WhenUnauthorizedRead" storage="d:\actions-runner\_work\xpco\xpco\eventserver\server\components\central\videoos.eventserver.alarms.restapi.unittest\bin\debug\net472\videoos.eventserver.alarms.restapi.unittest.dll" id="55b9eda8-3e94-1f87-b54e-54ebfaa360e3">
      <Execution id="18627935-f30f-4f9c-b771-e335ab5f59f6" />
      <TestMethod codeBase="D:\actions-runner\_work\XPCO\XPCO\EventServer\Server\Components\Central\VideoOS.EventServer.Alarms.RestApi.UnitTest\bin\Debug\net472\VideoOS.EventServer.Alarms.RestApi.UnitTest.dll" adapterTypeName="executor://mstestadapter/v2" className="VideoOS.EventServer.Alarms.RestApi.UnitTest.Controllers.AlarmDefinitionsControllerTest" name="GetAlarmDefinitions_ReturnsForbidden_WhenUnauthorizedRead" />
    </UnitTest>
    <UnitTest name="PostAlarmPriority_ReturnsForbidden_WhenCannotEditSettings" storage="d:\actions-runner\_work\xpco\xpco\eventserver\server\components\central\videoos.eventserver.alarms.restapi.unittest\bin\debug\net472\videoos.eventserver.alarms.restapi.unittest.dll" id="64700630-dc25-02b0-9bd4-fde566580e2c">
      <Execution id="2a8d4356-d3ce-4a29-bb9f-fb1b4123f882" />
      <TestMethod codeBase="D:\actions-runner\_work\XPCO\XPCO\EventServer\Server\Components\Central\VideoOS.EventServer.Alarms.RestApi.UnitTest\bin\Debug\net472\VideoOS.EventServer.Alarms.RestApi.UnitTest.dll" adapterTypeName="executor://mstestadapter/v2" className="VideoOS.EventServer.Alarms.RestApi.UnitTest.Controllers.AlarmPrioritiesControllerTest" name="PostAlarmPriority_ReturnsForbidden_WhenCannotEditSettings" />
    </UnitTest>
    <UnitTest name="DeleteAlarmPriority_Deletes_WhenExistsAndNotDefault" storage="d:\actions-runner\_work\xpco\xpco\eventserver\server\components\central\videoos.eventserver.alarms.restapi.unittest\bin\debug\net472\videoos.eventserver.alarms.restapi.unittest.dll" id="d6fc99d8-bf1b-c8cc-6ae6-4506359df52c">
      <Execution id="a1c0443f-681a-4b1b-b38f-5e63ec3ae221" />
      <TestMethod codeBase="D:\actions-runner\_work\XPCO\XPCO\EventServer\Server\Components\Central\VideoOS.EventServer.Alarms.RestApi.UnitTest\bin\Debug\net472\VideoOS.EventServer.Alarms.RestApi.UnitTest.dll" adapterTypeName="executor://mstestadapter/v2" className="VideoOS.EventServer.Alarms.RestApi.UnitTest.Controllers.AlarmPrioritiesControllerTest" name="DeleteAlarmPriority_Deletes_WhenExistsAndNotDefault" />
    </UnitTest>
    <UnitTest name="GetAlarmManagerColumns_ReturnsAlarmManagerColumns_WhenReturnedByRepository" storage="d:\actions-runner\_work\xpco\xpco\eventserver\server\components\central\videoos.eventserver.alarms.restapi.unittest\bin\debug\net472\videoos.eventserver.alarms.restapi.unittest.dll" id="e1454323-f60d-3ed3-30d3-a3ac60e70bd8">
      <Execution id="090f029e-b39a-4858-bb2d-1a3de5d08174" />
      <TestMethod codeBase="D:\actions-runner\_work\XPCO\XPCO\EventServer\Server\Components\Central\VideoOS.EventServer.Alarms.RestApi.UnitTest\bin\Debug\net472\VideoOS.EventServer.Alarms.RestApi.UnitTest.dll" adapterTypeName="executor://mstestadapter/v2" className="VideoOS.EventServer.Alarms.RestApi.UnitTest.Controllers.AlarmManagerColumnsControllerTest" name="GetAlarmManagerColumns_ReturnsAlarmManagerColumns_WhenReturnedByRepository" />
    </UnitTest>
    <UnitTest name="GetSnapshots_ReturnsEmptyArray_WhenNoSnapshotsByIdInRepository" storage="d:\actions-runner\_work\xpco\xpco\eventserver\server\components\central\videoos.eventserver.alarms.restapi.unittest\bin\debug\net472\videoos.eventserver.alarms.restapi.unittest.dll" id="c5e9eb62-273c-89cf-ff42-89759b87b6d0">
      <Execution id="b9359f13-5b1b-4b92-9e38-f5c859f54711" />
      <TestMethod codeBase="D:\actions-runner\_work\XPCO\XPCO\EventServer\Server\Components\Central\VideoOS.EventServer.Alarms.RestApi.UnitTest\bin\Debug\net472\VideoOS.EventServer.Alarms.RestApi.UnitTest.dll" adapterTypeName="executor://mstestadapter/v2" className="VideoOS.EventServer.Alarms.RestApi.UnitTest.Controllers.AlarmsControllerTest" name="GetSnapshots_ReturnsEmptyArray_WhenNoSnapshotsByIdInRepository" />
    </UnitTest>
    <UnitTest name="PutAlarmManagerColumns_OverridesAndReturns_WhenReturnedByRepository" storage="d:\actions-runner\_work\xpco\xpco\eventserver\server\components\central\videoos.eventserver.alarms.restapi.unittest\bin\debug\net472\videoos.eventserver.alarms.restapi.unittest.dll" id="92905909-dda5-c258-591b-904fdfb4c304">
      <Execution id="3a516a17-1268-48b6-b866-740e081a9473" />
      <TestMethod codeBase="D:\actions-runner\_work\XPCO\XPCO\EventServer\Server\Components\Central\VideoOS.EventServer.Alarms.RestApi.UnitTest\bin\Debug\net472\VideoOS.EventServer.Alarms.RestApi.UnitTest.dll" adapterTypeName="executor://mstestadapter/v2" className="VideoOS.EventServer.Alarms.RestApi.UnitTest.Controllers.AlarmManagerColumnsControllerTest" name="PutAlarmManagerColumns_OverridesAndReturns_WhenReturnedByRepository" />
    </UnitTest>
    <UnitTest name="PostAlarmCategory_ReturnsForbidden_WhenCannotRead" storage="d:\actions-runner\_work\xpco\xpco\eventserver\server\components\central\videoos.eventserver.alarms.restapi.unittest\bin\debug\net472\videoos.eventserver.alarms.restapi.unittest.dll" id="8e0c34f1-8477-77ca-c343-8e76a92f72ed">
      <Execution id="b13fe032-898c-4808-a574-b93a56d7a519" />
      <TestMethod codeBase="D:\actions-runner\_work\XPCO\XPCO\EventServer\Server\Components\Central\VideoOS.EventServer.Alarms.RestApi.UnitTest\bin\Debug\net472\VideoOS.EventServer.Alarms.RestApi.UnitTest.dll" adapterTypeName="executor://mstestadapter/v2" className="VideoOS.EventServer.Alarms.RestApi.UnitTest.Controllers.AlarmCategoriesControllerTest" name="PostAlarmCategory_ReturnsForbidden_WhenCannotRead" />
    </UnitTest>
    <UnitTest name="GetAlarm_ReturnsNotFound_WhenNotReturnedByRepository" storage="d:\actions-runner\_work\xpco\xpco\eventserver\server\components\central\videoos.eventserver.alarms.restapi.unittest\bin\debug\net472\videoos.eventserver.alarms.restapi.unittest.dll" id="731c8760-5913-fbf0-e5a4-e90c480360cd">
      <Execution id="9c8d2d4a-1de7-4887-8ee7-08c3bb604c07" />
      <TestMethod codeBase="D:\actions-runner\_work\XPCO\XPCO\EventServer\Server\Components\Central\VideoOS.EventServer.Alarms.RestApi.UnitTest\bin\Debug\net472\VideoOS.EventServer.Alarms.RestApi.UnitTest.dll" adapterTypeName="executor://mstestadapter/v2" className="VideoOS.EventServer.Alarms.RestApi.UnitTest.Controllers.AlarmsControllerTest" name="GetAlarm_ReturnsNotFound_WhenNotReturnedByRepository" />
    </UnitTest>
    <UnitTest name="PutAlarmDefinition_ReturnsAlarmDefinitions_WhenUpdatedInRepository" storage="d:\actions-runner\_work\xpco\xpco\eventserver\server\components\central\videoos.eventserver.alarms.restapi.unittest\bin\debug\net472\videoos.eventserver.alarms.restapi.unittest.dll" id="67076b9e-4c93-d109-7827-f1dcab2002dd">
      <Execution id="892ea25d-f848-4843-a365-bd12d9786525" />
      <TestMethod codeBase="D:\actions-runner\_work\XPCO\XPCO\EventServer\Server\Components\Central\VideoOS.EventServer.Alarms.RestApi.UnitTest\bin\Debug\net472\VideoOS.EventServer.Alarms.RestApi.UnitTest.dll" adapterTypeName="executor://mstestadapter/v2" className="VideoOS.EventServer.Alarms.RestApi.UnitTest.Controllers.AlarmDefinitionsControllerTest" name="PutAlarmDefinition_ReturnsAlarmDefinitions_WhenUpdatedInRepository" />
    </UnitTest>
    <UnitTest name="PostAlarmSound_ReturnsForbidden_WhenCannotEditSettings" storage="d:\actions-runner\_work\xpco\xpco\eventserver\server\components\central\videoos.eventserver.alarms.restapi.unittest\bin\debug\net472\videoos.eventserver.alarms.restapi.unittest.dll" id="c3c858cc-80cf-bd60-eaa7-3b2bf3252bae">
      <Execution id="1941cae1-48c7-4315-b88f-e6654cc86e53" />
      <TestMethod codeBase="D:\actions-runner\_work\XPCO\XPCO\EventServer\Server\Components\Central\VideoOS.EventServer.Alarms.RestApi.UnitTest\bin\Debug\net472\VideoOS.EventServer.Alarms.RestApi.UnitTest.dll" adapterTypeName="executor://mstestadapter/v2" className="VideoOS.EventServer.Alarms.RestApi.UnitTest.Controllers.AlarmSoundsControllerTest" name="PostAlarmSound_ReturnsForbidden_WhenCannotEditSettings" />
    </UnitTest>
    <UnitTest name="PatchAlarmSettings_ReturnsForbidden_WhenCannotEditSettings" storage="d:\actions-runner\_work\xpco\xpco\eventserver\server\components\central\videoos.eventserver.alarms.restapi.unittest\bin\debug\net472\videoos.eventserver.alarms.restapi.unittest.dll" id="ca09e304-da18-86db-4894-2cf7b154d1b1">
      <Execution id="239e1fc9-83b4-4287-bf8c-2602693292da" />
      <TestMethod codeBase="D:\actions-runner\_work\XPCO\XPCO\EventServer\Server\Components\Central\VideoOS.EventServer.Alarms.RestApi.UnitTest\bin\Debug\net472\VideoOS.EventServer.Alarms.RestApi.UnitTest.dll" adapterTypeName="executor://mstestadapter/v2" className="VideoOS.EventServer.Alarms.RestApi.UnitTest.Controllers.AlarmSettingsControllerTest" name="PatchAlarmSettings_ReturnsForbidden_WhenCannotEditSettings" />
    </UnitTest>
    <UnitTest name="DeleteAlarmPriority_ReturnsNotFound_WhenNotExists" storage="d:\actions-runner\_work\xpco\xpco\eventserver\server\components\central\videoos.eventserver.alarms.restapi.unittest\bin\debug\net472\videoos.eventserver.alarms.restapi.unittest.dll" id="ae3b9157-0aff-4cf1-c428-4e75d06bf0da">
      <Execution id="392dd74f-b72d-4626-8c32-26d839a6792a" />
      <TestMethod codeBase="D:\actions-runner\_work\XPCO\XPCO\EventServer\Server\Components\Central\VideoOS.EventServer.Alarms.RestApi.UnitTest\bin\Debug\net472\VideoOS.EventServer.Alarms.RestApi.UnitTest.dll" adapterTypeName="executor://mstestadapter/v2" className="VideoOS.EventServer.Alarms.RestApi.UnitTest.Controllers.AlarmPrioritiesControllerTest" name="DeleteAlarmPriority_ReturnsNotFound_WhenNotExists" />
    </UnitTest>
    <UnitTest name="GetAlarmAuthorizedRoles_ReturnsAlarmAuthorizedRoles_WhenReturnedByManager" storage="d:\actions-runner\_work\xpco\xpco\eventserver\server\components\central\videoos.eventserver.alarms.restapi.unittest\bin\debug\net472\videoos.eventserver.alarms.restapi.unittest.dll" id="1768ce57-9a0b-fc36-c4a3-71c366a0e5a6">
      <Execution id="7d77ee27-551a-4a4f-8aef-98b295a50d5e" />
      <TestMethod codeBase="D:\actions-runner\_work\XPCO\XPCO\EventServer\Server\Components\Central\VideoOS.EventServer.Alarms.RestApi.UnitTest\bin\Debug\net472\VideoOS.EventServer.Alarms.RestApi.UnitTest.dll" adapterTypeName="executor://mstestadapter/v2" className="VideoOS.EventServer.Alarms.RestApi.UnitTest.Controllers.AlarmAuthorizedRolesControllerTest" name="GetAlarmAuthorizedRoles_ReturnsAlarmAuthorizedRoles_WhenReturnedByManager" />
    </UnitTest>
    <UnitTest name="PatchAlarmSettings_ReturnsBadRequest_WhenNegative" storage="d:\actions-runner\_work\xpco\xpco\eventserver\server\components\central\videoos.eventserver.alarms.restapi.unittest\bin\debug\net472\videoos.eventserver.alarms.restapi.unittest.dll" id="df80ae2d-caba-0ccc-5377-0269b167f42c">
      <Execution id="d6892e46-24f6-47d8-a658-7e2c5155def9" />
      <TestMethod codeBase="D:\actions-runner\_work\XPCO\XPCO\EventServer\Server\Components\Central\VideoOS.EventServer.Alarms.RestApi.UnitTest\bin\Debug\net472\VideoOS.EventServer.Alarms.RestApi.UnitTest.dll" adapterTypeName="executor://mstestadapter/v2" className="VideoOS.EventServer.Alarms.RestApi.UnitTest.Controllers.AlarmSettingsControllerTest" name="PatchAlarmSettings_ReturnsBadRequest_WhenNegative" />
    </UnitTest>
    <UnitTest name="PutAlarmReasonsForClosing_OverridesAndReturns_WhenReturnedByRepository" storage="d:\actions-runner\_work\xpco\xpco\eventserver\server\components\central\videoos.eventserver.alarms.restapi.unittest\bin\debug\net472\videoos.eventserver.alarms.restapi.unittest.dll" id="6f5c93a4-6737-3a9f-b508-2098af8e0595">
      <Execution id="815e3520-0c67-452c-bcb0-271094605116" />
      <TestMethod codeBase="D:\actions-runner\_work\XPCO\XPCO\EventServer\Server\Components\Central\VideoOS.EventServer.Alarms.RestApi.UnitTest\bin\Debug\net472\VideoOS.EventServer.Alarms.RestApi.UnitTest.dll" adapterTypeName="executor://mstestadapter/v2" className="VideoOS.EventServer.Alarms.RestApi.UnitTest.Controllers.AlarmReasonsForClosingControllerTest" name="PutAlarmReasonsForClosing_OverridesAndReturns_WhenReturnedByRepository" />
    </UnitTest>
    <UnitTest name="PostAlarmCategory_ReturnsBadRequest_WhenAlreadyExists" storage="d:\actions-runner\_work\xpco\xpco\eventserver\server\components\central\videoos.eventserver.alarms.restapi.unittest\bin\debug\net472\videoos.eventserver.alarms.restapi.unittest.dll" id="99db15e5-b0f4-7199-0643-aec7206cc8d1">
      <Execution id="63f6241d-246d-480a-9f87-f686cf73cb56" />
      <TestMethod codeBase="D:\actions-runner\_work\XPCO\XPCO\EventServer\Server\Components\Central\VideoOS.EventServer.Alarms.RestApi.UnitTest\bin\Debug\net472\VideoOS.EventServer.Alarms.RestApi.UnitTest.dll" adapterTypeName="executor://mstestadapter/v2" className="VideoOS.EventServer.Alarms.RestApi.UnitTest.Controllers.AlarmCategoriesControllerTest" name="PostAlarmCategory_ReturnsBadRequest_WhenAlreadyExists" />
    </UnitTest>
    <UnitTest name="GetAlarm_ReturnsNotFound_WhenNotReturnedByRepository" storage="d:\actions-runner\_work\xpco\xpco\eventserver\server\components\central\videoos.eventserver.alarms.restapi.unittest\bin\debug\net472\videoos.eventserver.alarms.restapi.unittest.dll" id="504565d2-2795-2364-c3ab-039876f0a9fc">
      <Execution id="cfc70a61-37ff-4199-a5ae-fb0d9a5136b5" />
      <TestMethod codeBase="D:\actions-runner\_work\XPCO\XPCO\EventServer\Server\Components\Central\VideoOS.EventServer.Alarms.RestApi.UnitTest\bin\Debug\net472\VideoOS.EventServer.Alarms.RestApi.UnitTest.dll" adapterTypeName="executor://mstestadapter/v2" className="VideoOS.EventServer.Alarms.RestApi.UnitTest.Controllers.AlarmAuthorizedRolesControllerTest" name="GetAlarm_ReturnsNotFound_WhenNotReturnedByRepository" />
    </UnitTest>
    <UnitTest name="DeleteAlarmCategory_Deletes_WhenExistsAndNotDefault" storage="d:\actions-runner\_work\xpco\xpco\eventserver\server\components\central\videoos.eventserver.alarms.restapi.unittest\bin\debug\net472\videoos.eventserver.alarms.restapi.unittest.dll" id="52df9033-e832-ada0-efdb-f546a702f7e3">
      <Execution id="01e63797-62a2-49b8-a7c9-cfed3d3109a8" />
      <TestMethod codeBase="D:\actions-runner\_work\XPCO\XPCO\EventServer\Server\Components\Central\VideoOS.EventServer.Alarms.RestApi.UnitTest\bin\Debug\net472\VideoOS.EventServer.Alarms.RestApi.UnitTest.dll" adapterTypeName="executor://mstestadapter/v2" className="VideoOS.EventServer.Alarms.RestApi.UnitTest.Controllers.AlarmCategoriesControllerTest" name="DeleteAlarmCategory_Deletes_WhenExistsAndNotDefault" />
    </UnitTest>
    <UnitTest name="DeleteAlarmState_ReturnsNotFound_WhenNotExists" storage="d:\actions-runner\_work\xpco\xpco\eventserver\server\components\central\videoos.eventserver.alarms.restapi.unittest\bin\debug\net472\videoos.eventserver.alarms.restapi.unittest.dll" id="79cca645-ccc1-b3d0-9e71-02a1158d3738">
      <Execution id="914a3532-f2c6-4601-859c-26aaa779f3f0" />
      <TestMethod codeBase="D:\actions-runner\_work\XPCO\XPCO\EventServer\Server\Components\Central\VideoOS.EventServer.Alarms.RestApi.UnitTest\bin\Debug\net472\VideoOS.EventServer.Alarms.RestApi.UnitTest.dll" adapterTypeName="executor://mstestadapter/v2" className="VideoOS.EventServer.Alarms.RestApi.UnitTest.Controllers.AlarmStatesControllerTest" name="DeleteAlarmState_ReturnsNotFound_WhenNotExists" />
    </UnitTest>
    <UnitTest name="GetAlarmCategories_ReturnsForbidden_WhenCannotRead" storage="d:\actions-runner\_work\xpco\xpco\eventserver\server\components\central\videoos.eventserver.alarms.restapi.unittest\bin\debug\net472\videoos.eventserver.alarms.restapi.unittest.dll" id="7f7084a2-a46f-d956-6a6d-750d85ce0a66">
      <Execution id="a4cbb00e-0776-4d3d-bbc0-7c8c32e69ec8" />
      <TestMethod codeBase="D:\actions-runner\_work\XPCO\XPCO\EventServer\Server\Components\Central\VideoOS.EventServer.Alarms.RestApi.UnitTest\bin\Debug\net472\VideoOS.EventServer.Alarms.RestApi.UnitTest.dll" adapterTypeName="executor://mstestadapter/v2" className="VideoOS.EventServer.Alarms.RestApi.UnitTest.Controllers.AlarmCategoriesControllerTest" name="GetAlarmCategories_ReturnsForbidden_WhenCannotRead" />
    </UnitTest>
    <UnitTest name="AlarmDefinitionToDtoConverter_FromDto_ReturnsCorrectObject" storage="d:\actions-runner\_work\xpco\xpco\eventserver\server\components\central\videoos.eventserver.alarms.restapi.unittest\bin\debug\net472\videoos.eventserver.alarms.restapi.unittest.dll" id="c537e4b8-c876-507c-0b33-25626acc9bb5">
      <Execution id="09dc5e53-0acc-426f-aa24-71acb4b99589" />
      <TestMethod codeBase="D:\actions-runner\_work\XPCO\XPCO\EventServer\Server\Components\Central\VideoOS.EventServer.Alarms.RestApi.UnitTest\bin\Debug\net472\VideoOS.EventServer.Alarms.RestApi.UnitTest.dll" adapterTypeName="executor://mstestadapter/v2" className="VideoOS.EventServer.Alarms.RestApi.UnitTest.Dto.AlarmDefinitions.AlarmDefinitionToDtoConverterTest" name="AlarmDefinitionToDtoConverter_FromDto_ReturnsCorrectObject" />
    </UnitTest>
    <UnitTest name="GetAlarmDefinitions_ReturnsAlarmDefinitions_WhenReturnedByRepository" storage="d:\actions-runner\_work\xpco\xpco\eventserver\server\components\central\videoos.eventserver.alarms.restapi.unittest\bin\debug\net472\videoos.eventserver.alarms.restapi.unittest.dll" id="1e98cf6d-5430-c12d-c632-79bf505e7fea">
      <Execution id="4561d152-9db9-4ff6-924a-43a15fdc17d8" />
      <TestMethod codeBase="D:\actions-runner\_work\XPCO\XPCO\EventServer\Server\Components\Central\VideoOS.EventServer.Alarms.RestApi.UnitTest\bin\Debug\net472\VideoOS.EventServer.Alarms.RestApi.UnitTest.dll" adapterTypeName="executor://mstestadapter/v2" className="VideoOS.EventServer.Alarms.RestApi.UnitTest.Controllers.AlarmDefinitionsControllerTest" name="GetAlarmDefinitions_ReturnsAlarmDefinitions_WhenReturnedByRepository" />
    </UnitTest>
    <UnitTest name="PatchAlarmCategory_ReturnsNotFound_WhenNotReturnedByRepository" storage="d:\actions-runner\_work\xpco\xpco\eventserver\server\components\central\videoos.eventserver.alarms.restapi.unittest\bin\debug\net472\videoos.eventserver.alarms.restapi.unittest.dll" id="48ca4192-0715-ebf9-89e7-e7488fe2e14b">
      <Execution id="7f918773-b16f-48ef-9dee-264d02b40e9a" />
      <TestMethod codeBase="D:\actions-runner\_work\XPCO\XPCO\EventServer\Server\Components\Central\VideoOS.EventServer.Alarms.RestApi.UnitTest\bin\Debug\net472\VideoOS.EventServer.Alarms.RestApi.UnitTest.dll" adapterTypeName="executor://mstestadapter/v2" className="VideoOS.EventServer.Alarms.RestApi.UnitTest.Controllers.AlarmCategoriesControllerTest" name="PatchAlarmCategory_ReturnsNotFound_WhenNotReturnedByRepository" />
    </UnitTest>
    <UnitTest name="GetAlarmStates_ReturnsForbidden_WhenCannotRead" storage="d:\actions-runner\_work\xpco\xpco\eventserver\server\components\central\videoos.eventserver.alarms.restapi.unittest\bin\debug\net472\videoos.eventserver.alarms.restapi.unittest.dll" id="6d3e3703-7b46-6aa6-1e9d-f5b1b61e6541">
      <Execution id="8a1c9894-9c62-4fe3-8f32-de1cbde72a89" />
      <TestMethod codeBase="D:\actions-runner\_work\XPCO\XPCO\EventServer\Server\Components\Central\VideoOS.EventServer.Alarms.RestApi.UnitTest\bin\Debug\net472\VideoOS.EventServer.Alarms.RestApi.UnitTest.dll" adapterTypeName="executor://mstestadapter/v2" className="VideoOS.EventServer.Alarms.RestApi.UnitTest.Controllers.AlarmStatesControllerTest" name="GetAlarmStates_ReturnsForbidden_WhenCannotRead" />
    </UnitTest>
    <UnitTest name="GetAlarmSound_ReturnsForbidden_WhenCannotRead" storage="d:\actions-runner\_work\xpco\xpco\eventserver\server\components\central\videoos.eventserver.alarms.restapi.unittest\bin\debug\net472\videoos.eventserver.alarms.restapi.unittest.dll" id="a27441d6-7159-dbee-8e3a-242227ce26ae">
      <Execution id="02ace33a-35f4-475a-ba4a-231b8dbc72bc" />
      <TestMethod codeBase="D:\actions-runner\_work\XPCO\XPCO\EventServer\Server\Components\Central\VideoOS.EventServer.Alarms.RestApi.UnitTest\bin\Debug\net472\VideoOS.EventServer.Alarms.RestApi.UnitTest.dll" adapterTypeName="executor://mstestadapter/v2" className="VideoOS.EventServer.Alarms.RestApi.UnitTest.Controllers.AlarmSoundsControllerTest" name="GetAlarmSound_ReturnsForbidden_WhenCannotRead" />
    </UnitTest>
    <UnitTest name="GetStatistics_NotReturnsByState_WhenNoNoInclude" storage="d:\actions-runner\_work\xpco\xpco\eventserver\server\components\central\videoos.eventserver.alarms.restapi.unittest\bin\debug\net472\videoos.eventserver.alarms.restapi.unittest.dll" id="f3c28dc7-8b17-8d53-d995-a2c076021f65">
      <Execution id="e83cdec5-763f-44d2-8702-275e75664d79" />
      <TestMethod codeBase="D:\actions-runner\_work\XPCO\XPCO\EventServer\Server\Components\Central\VideoOS.EventServer.Alarms.RestApi.UnitTest\bin\Debug\net472\VideoOS.EventServer.Alarms.RestApi.UnitTest.dll" adapterTypeName="executor://mstestadapter/v2" className="VideoOS.EventServer.Alarms.RestApi.UnitTest.Controllers.AlarmStatisticsControllerTest" name="GetStatistics_NotReturnsByState_WhenNoNoInclude" />
    </UnitTest>
    <UnitTest name="PostAlarmPriority_ReturnsBadRequest_WhenSoundNotExists" storage="d:\actions-runner\_work\xpco\xpco\eventserver\server\components\central\videoos.eventserver.alarms.restapi.unittest\bin\debug\net472\videoos.eventserver.alarms.restapi.unittest.dll" id="031b948a-1207-f6c7-2554-4b432c3a58ab">
      <Execution id="5a7cbfde-790a-49a0-9a5a-df5cf725bd44" />
      <TestMethod codeBase="D:\actions-runner\_work\XPCO\XPCO\EventServer\Server\Components\Central\VideoOS.EventServer.Alarms.RestApi.UnitTest\bin\Debug\net472\VideoOS.EventServer.Alarms.RestApi.UnitTest.dll" adapterTypeName="executor://mstestadapter/v2" className="VideoOS.EventServer.Alarms.RestApi.UnitTest.Controllers.AlarmPrioritiesControllerTest" name="PostAlarmPriority_ReturnsBadRequest_WhenSoundNotExists" />
    </UnitTest>
  </TestDefinitions>
  <TestEntries>
    <TestEntry testId="9519ff13-f4ae-f878-eb4a-7c327a181f97" executionId="393e7fa0-cf37-4ef3-9f2f-5bd7a4287036" testListId="8c84fa94-04c1-424b-9868-57a2d4851a1d" />
    <TestEntry testId="e1552691-e502-4f07-2be0-a4d35ddbb7c9" executionId="331ae3df-963e-4776-ad45-566428646f0e" testListId="8c84fa94-04c1-424b-9868-57a2d4851a1d" />
    <TestEntry testId="caccdef6-4e02-7542-d31b-6b0a52067471" executionId="c169c151-3455-4c96-8136-27ee5e92bd7c" testListId="8c84fa94-04c1-424b-9868-57a2d4851a1d" />
    <TestEntry testId="79cca645-ccc1-b3d0-9e71-02a1158d3738" executionId="914a3532-f2c6-4601-859c-26aaa779f3f0" testListId="8c84fa94-04c1-424b-9868-57a2d4851a1d" />
    <TestEntry testId="5433a76f-8e3f-a1de-e107-5a1699bd24b9" executionId="962162cd-0e17-450c-81f0-174825e3a723" testListId="8c84fa94-04c1-424b-9868-57a2d4851a1d" />
    <TestEntry testId="e64f7d49-8162-d06c-63dd-9daf1979f89a" executionId="bf3ed9d9-cc3a-48c0-a59f-a2522175ea2b" testListId="8c84fa94-04c1-424b-9868-57a2d4851a1d" />
    <TestEntry testId="d6fc99d8-bf1b-c8cc-6ae6-4506359df52c" executionId="a1c0443f-681a-4b1b-b38f-5e63ec3ae221" testListId="8c84fa94-04c1-424b-9868-57a2d4851a1d" />
    <TestEntry testId="64700630-dc25-02b0-9bd4-fde566580e2c" executionId="2a8d4356-d3ce-4a29-bb9f-fb1b4123f882" testListId="8c84fa94-04c1-424b-9868-57a2d4851a1d" />
    <TestEntry testId="a311638f-9f2c-dd0d-ed3b-990a6fc7c706" executionId="d80c6bd5-435e-4677-8ff9-9202b5ad1e0b" testListId="8c84fa94-04c1-424b-9868-57a2d4851a1d" />
    <TestEntry testId="50361531-ab01-953d-78ce-25691af8e556" executionId="932a003a-2487-491a-b51d-fed933c71481" testListId="8c84fa94-04c1-424b-9868-57a2d4851a1d" />
    <TestEntry testId="e1454323-f60d-3ed3-30d3-a3ac60e70bd8" executionId="090f029e-b39a-4858-bb2d-1a3de5d08174" testListId="8c84fa94-04c1-424b-9868-57a2d4851a1d" />
    <TestEntry testId="e53e8ad1-7a23-6354-77e9-0a55bce874dc" executionId="ff6cb5ff-5830-4548-9bd8-828c2ec7b3c3" testListId="8c84fa94-04c1-424b-9868-57a2d4851a1d" />
    <TestEntry testId="ac53c02f-0cae-1e34-f56d-69b6176a5179" executionId="7556c334-f69c-43a2-bf22-dea25a851377" testListId="8c84fa94-04c1-424b-9868-57a2d4851a1d" />
    <TestEntry testId="1ee8fa08-8dbe-25ac-43c2-76c536a66f74" executionId="3d2a3159-3c46-4e70-bbcc-9be898e1c326" testListId="8c84fa94-04c1-424b-9868-57a2d4851a1d" />
    <TestEntry testId="d8249755-c839-ea80-cf7e-821cd18b30bb" executionId="1c802194-9b7c-4e3d-91f0-da49196d9433" testListId="8c84fa94-04c1-424b-9868-57a2d4851a1d" />
    <TestEntry testId="2bde8518-0fe5-a837-2566-3e88998755f9" executionId="2c6b2bb4-dfb7-4700-8b24-6769bcb8fabf" testListId="8c84fa94-04c1-424b-9868-57a2d4851a1d" />
    <TestEntry testId="db2907f4-c056-5586-d9e0-88232eb0a49e" executionId="2c8024fc-c82e-4bf3-ba6f-a2782922a88e" testListId="8c84fa94-04c1-424b-9868-57a2d4851a1d" />
    <TestEntry testId="67076b9e-4c93-d109-7827-f1dcab2002dd" executionId="892ea25d-f848-4843-a365-bd12d9786525" testListId="8c84fa94-04c1-424b-9868-57a2d4851a1d" />
    <TestEntry testId="8b005007-a747-7157-8373-0a5bf5bb4505" executionId="e8ea28ec-326d-4d2f-856c-795c97ecd0a5" testListId="8c84fa94-04c1-424b-9868-57a2d4851a1d" />
    <TestEntry testId="7d5031eb-4122-662c-c258-dbde19405eb1" executionId="51cae3a0-5882-48ec-ab1c-ac7a3bb9b22c" testListId="8c84fa94-04c1-424b-9868-57a2d4851a1d" />
    <TestEntry testId="55b9eda8-3e94-1f87-b54e-54ebfaa360e3" executionId="18627935-f30f-4f9c-b771-e335ab5f59f6" testListId="8c84fa94-04c1-424b-9868-57a2d4851a1d" />
    <TestEntry testId="0cab05b6-ce55-6cdc-9014-e2e94a486291" executionId="eb45607a-a8c5-48fe-b135-6e4e8e8e55c1" testListId="8c84fa94-04c1-424b-9868-57a2d4851a1d" />
    <TestEntry testId="df80ae2d-caba-0ccc-5377-0269b167f42c" executionId="d6892e46-24f6-47d8-a658-7e2c5155def9" testListId="8c84fa94-04c1-424b-9868-57a2d4851a1d" />
    <TestEntry testId="cabd4be4-8e04-73bd-b9ce-d1ec47c7f950" executionId="da4dff3b-097f-4382-84d9-37a1dd439963" testListId="8c84fa94-04c1-424b-9868-57a2d4851a1d" />
    <TestEntry testId="d5e37bef-4c32-802c-ab6b-21db6107c389" executionId="f0079bff-3b5e-4f59-962a-c441660126bc" testListId="8c84fa94-04c1-424b-9868-57a2d4851a1d" />
    <TestEntry testId="a27441d6-7159-dbee-8e3a-242227ce26ae" executionId="02ace33a-35f4-475a-ba4a-231b8dbc72bc" testListId="8c84fa94-04c1-424b-9868-57a2d4851a1d" />
    <TestEntry testId="003136a9-f83d-9967-d410-7e849b4b8184" executionId="3b833802-8c86-4665-b8f0-633f37f87fac" testListId="8c84fa94-04c1-424b-9868-57a2d4851a1d" />
    <TestEntry testId="602629ca-cb49-2cb9-7fbf-3f99b0a65d04" executionId="18fad025-d1cd-4e02-ba3e-b169ccdb4ecd" testListId="8c84fa94-04c1-424b-9868-57a2d4851a1d" />
    <TestEntry testId="726d99fb-524a-8321-94ae-71e7e81707ca" executionId="664143b7-5ea7-4cf5-8e1a-bcec78cef114" testListId="8c84fa94-04c1-424b-9868-57a2d4851a1d" />
    <TestEntry testId="444e7632-b672-07a5-70d3-5b00d5daf49d" executionId="e85b081a-bbc0-43df-b104-704263c637fb" testListId="8c84fa94-04c1-424b-9868-57a2d4851a1d" />
    <TestEntry testId="d941d812-7cfa-88c9-8c4c-70d74aad724c" executionId="2a7ecb46-26ae-4a8f-a08d-818d07860fb7" testListId="8c84fa94-04c1-424b-9868-57a2d4851a1d" />
    <TestEntry testId="c1821397-8512-fc84-87dc-5c7a17f16bb8" executionId="ff036885-7822-4f6c-a248-cf62a189afdb" testListId="8c84fa94-04c1-424b-9868-57a2d4851a1d" />
    <TestEntry testId="4ba8d120-dd0d-6305-e0f3-cbb5d3717955" executionId="798cd6ee-c3f2-422f-8e3d-0d37ff6351b2" testListId="8c84fa94-04c1-424b-9868-57a2d4851a1d" />
    <TestEntry testId="1e98cf6d-5430-c12d-c632-79bf505e7fea" executionId="4561d152-9db9-4ff6-924a-43a15fdc17d8" testListId="8c84fa94-04c1-424b-9868-57a2d4851a1d" />
    <TestEntry testId="7f7084a2-a46f-d956-6a6d-750d85ce0a66" executionId="a4cbb00e-0776-4d3d-bbc0-7c8c32e69ec8" testListId="8c84fa94-04c1-424b-9868-57a2d4851a1d" />
    <TestEntry testId="7f5a4df5-380a-7a15-c049-9e50b2ae3008" executionId="4b58ac84-de5b-4fe5-b1f9-a7edf3d285dd" testListId="8c84fa94-04c1-424b-9868-57a2d4851a1d" />
    <TestEntry testId="213faaec-f28a-8cf2-aed6-46031d755589" executionId="1e8b153d-3a38-4d1b-9f3b-65af96d9cd6a" testListId="8c84fa94-04c1-424b-9868-57a2d4851a1d" />
    <TestEntry testId="dbfa907c-6a5a-1c2e-b45d-b0c1be784436" executionId="62f222b7-6e91-4f50-8003-20dabe770835" testListId="8c84fa94-04c1-424b-9868-57a2d4851a1d" />
    <TestEntry testId="a6da2d78-09a9-1ed8-b58e-9ac93ff017f8" executionId="1b38994d-cddb-4aee-b0d8-32da02186b71" testListId="8c84fa94-04c1-424b-9868-57a2d4851a1d" />
    <TestEntry testId="7037661c-4ff7-fd74-22d2-c9e2f13796a8" executionId="62708866-5dd9-4097-908d-888cfe389afe" testListId="8c84fa94-04c1-424b-9868-57a2d4851a1d" />
    <TestEntry testId="f3c28dc7-8b17-8d53-d995-a2c076021f65" executionId="e83cdec5-763f-44d2-8702-275e75664d79" testListId="8c84fa94-04c1-424b-9868-57a2d4851a1d" />
    <TestEntry testId="6f5c93a4-6737-3a9f-b508-2098af8e0595" executionId="815e3520-0c67-452c-bcb0-271094605116" testListId="8c84fa94-04c1-424b-9868-57a2d4851a1d" />
    <TestEntry testId="45bfdc90-b072-d116-10b0-364044d464ae" executionId="703516c7-1cb9-4cff-898b-e6444781230b" testListId="8c84fa94-04c1-424b-9868-57a2d4851a1d" />
    <TestEntry testId="d8038aba-5c8b-53de-0fda-88b79ce6dee3" executionId="6cdc4730-d751-4485-8df2-fac09d949819" testListId="8c84fa94-04c1-424b-9868-57a2d4851a1d" />
    <TestEntry testId="8258123e-0a6c-d969-0931-f39b8fedeb37" executionId="e5ed9aa8-81e5-4d82-b47a-b1877994e72e" testListId="8c84fa94-04c1-424b-9868-57a2d4851a1d" />
    <TestEntry testId="638cca05-5290-603a-b769-57840cacf291" executionId="67705eda-2232-44b0-b24a-a5d7cdf01fe6" testListId="8c84fa94-04c1-424b-9868-57a2d4851a1d" />
    <TestEntry testId="fecd9be6-bec9-0b49-c6c4-ff9555e41ac3" executionId="ad3ab133-49cd-44cd-b312-a9b3de36db9b" testListId="8c84fa94-04c1-424b-9868-57a2d4851a1d" />
    <TestEntry testId="a431acfd-a703-aa62-4084-d89de9376ace" executionId="756544f1-1102-4134-86d8-c6fbeab9ed19" testListId="8c84fa94-04c1-424b-9868-57a2d4851a1d" />
    <TestEntry testId="c5e9eb62-273c-89cf-ff42-89759b87b6d0" executionId="b9359f13-5b1b-4b92-9e38-f5c859f54711" testListId="8c84fa94-04c1-424b-9868-57a2d4851a1d" />
    <TestEntry testId="504565d2-2795-2364-c3ab-039876f0a9fc" executionId="cfc70a61-37ff-4199-a5ae-fb0d9a5136b5" testListId="8c84fa94-04c1-424b-9868-57a2d4851a1d" />
    <TestEntry testId="2334dff9-f212-3bf3-1eb3-234a61132fbb" executionId="e6190ba2-f3d9-466f-8464-53eb2fa5f314" testListId="8c84fa94-04c1-424b-9868-57a2d4851a1d" />
    <TestEntry testId="8322d50f-7a10-a72c-9db0-690912ff0eb9" executionId="730d025a-f5a6-4c47-ad20-eb392284ffeb" testListId="8c84fa94-04c1-424b-9868-57a2d4851a1d" />
    <TestEntry testId="9f15b6bf-ed52-0687-ff13-eb3f85c6509a" executionId="40e48cd9-ba15-41e3-b37b-a2d496b2b170" testListId="8c84fa94-04c1-424b-9868-57a2d4851a1d" />
    <TestEntry testId="2c573f59-b5a1-dedc-3608-785110823d04" executionId="0b1d2a9b-8b49-43dc-811f-b89017e0781f" testListId="8c84fa94-04c1-424b-9868-57a2d4851a1d" />
    <TestEntry testId="c8d040fd-a083-ba96-be3a-5dbf1f3affe0" executionId="fb02bae7-a53c-4346-b3f8-f0362334c0de" testListId="8c84fa94-04c1-424b-9868-57a2d4851a1d" />
    <TestEntry testId="4da9f952-8f82-451d-9f91-104cef5655a6" executionId="88275a3a-01a3-44b7-9565-0886cecb10d6" testListId="8c84fa94-04c1-424b-9868-57a2d4851a1d" />
    <TestEntry testId="7ffbc039-e537-3a06-0c7a-54f1da647f8b" executionId="56f52f74-dc7f-4f20-83ea-e4aec20c94fc" testListId="8c84fa94-04c1-424b-9868-57a2d4851a1d" />
    <TestEntry testId="031b948a-1207-f6c7-2554-4b432c3a58ab" executionId="5a7cbfde-790a-49a0-9a5a-df5cf725bd44" testListId="8c84fa94-04c1-424b-9868-57a2d4851a1d" />
    <TestEntry testId="ba8182e2-0e7f-893a-3584-dbdbf426abc9" executionId="6529b366-f9ce-45d2-9bf5-368e8fdd4ab7" testListId="8c84fa94-04c1-424b-9868-57a2d4851a1d" />
    <TestEntry testId="fc529f73-92b5-95ad-56ed-8e776433486a" executionId="ba9f449f-418e-4780-b405-18c8be0a8c62" testListId="8c84fa94-04c1-424b-9868-57a2d4851a1d" />
    <TestEntry testId="f68d4a6c-159f-4f94-28b5-801adaf97c56" executionId="a21cae15-72f6-47f4-b6cb-177dae9d6919" testListId="8c84fa94-04c1-424b-9868-57a2d4851a1d" />
    <TestEntry testId="e6b520f8-0623-dc53-5f62-5b9f653771e8" executionId="a4347a64-8864-4176-8a08-7696dcba4131" testListId="8c84fa94-04c1-424b-9868-57a2d4851a1d" />
    <TestEntry testId="43bf165b-b1e9-c786-d62a-10bb22e07b01" executionId="d150fee4-9069-4d85-9d50-406239027f30" testListId="8c84fa94-04c1-424b-9868-57a2d4851a1d" />
    <TestEntry testId="52df9033-e832-ada0-efdb-f546a702f7e3" executionId="01e63797-62a2-49b8-a7c9-cfed3d3109a8" testListId="8c84fa94-04c1-424b-9868-57a2d4851a1d" />
    <TestEntry testId="9194256d-55fc-13b2-7af1-65d2d12e2b28" executionId="98c17ba6-6dc8-4d2b-8242-65da23b319b2" testListId="8c84fa94-04c1-424b-9868-57a2d4851a1d" />
    <TestEntry testId="92905909-dda5-c258-591b-904fdfb4c304" executionId="3a516a17-1268-48b6-b866-740e081a9473" testListId="8c84fa94-04c1-424b-9868-57a2d4851a1d" />
    <TestEntry testId="c3c858cc-80cf-bd60-eaa7-3b2bf3252bae" executionId="1941cae1-48c7-4315-b88f-e6654cc86e53" testListId="8c84fa94-04c1-424b-9868-57a2d4851a1d" />
    <TestEntry testId="c537e4b8-c876-507c-0b33-25626acc9bb5" executionId="09dc5e53-0acc-426f-aa24-71acb4b99589" testListId="8c84fa94-04c1-424b-9868-57a2d4851a1d" />
    <TestEntry testId="4366ebca-90b4-8e87-c482-7b1f7537f5a9" executionId="e88645f8-df9d-4063-8506-5069710e0eb2" testListId="8c84fa94-04c1-424b-9868-57a2d4851a1d" />
    <TestEntry testId="1768ce57-9a0b-fc36-c4a3-71c366a0e5a6" executionId="7d77ee27-551a-4a4f-8aef-98b295a50d5e" testListId="8c84fa94-04c1-424b-9868-57a2d4851a1d" />
    <TestEntry testId="731c8760-5913-fbf0-e5a4-e90c480360cd" executionId="9c8d2d4a-1de7-4887-8ee7-08c3bb604c07" testListId="8c84fa94-04c1-424b-9868-57a2d4851a1d" />
    <TestEntry testId="80a355c2-b8ee-cf51-8b7b-bee6654585bc" executionId="6d1d49cd-698c-41cf-ae95-23c28b6fd058" testListId="8c84fa94-04c1-424b-9868-57a2d4851a1d" />
    <TestEntry testId="a51de4a5-948f-6c56-44af-04e1267e3ef9" executionId="80500b45-0937-48da-95c3-f0332b3b3651" testListId="8c84fa94-04c1-424b-9868-57a2d4851a1d" />
    <TestEntry testId="48ca4192-0715-ebf9-89e7-e7488fe2e14b" executionId="7f918773-b16f-48ef-9dee-264d02b40e9a" testListId="8c84fa94-04c1-424b-9868-57a2d4851a1d" />
    <TestEntry testId="962fee03-3b35-2e9c-4452-66a0a8a16975" executionId="60d04ace-2eb9-45c5-8d0c-d020604d8fd7" testListId="8c84fa94-04c1-424b-9868-57a2d4851a1d" />
    <TestEntry testId="60e32c07-43bd-87b8-7edd-6d707919e175" executionId="2d239332-40f7-4f3a-b6f6-1b3d60b04591" testListId="8c84fa94-04c1-424b-9868-57a2d4851a1d" />
    <TestEntry testId="9d3b55ff-fd82-75ec-5065-a61afd0d279f" executionId="8273b59b-4e30-4f78-878c-9ddd2483b2e1" testListId="8c84fa94-04c1-424b-9868-57a2d4851a1d" />
    <TestEntry testId="ca09e304-da18-86db-4894-2cf7b154d1b1" executionId="239e1fc9-83b4-4287-bf8c-2602693292da" testListId="8c84fa94-04c1-424b-9868-57a2d4851a1d" />
    <TestEntry testId="2350f358-941b-3c98-6f02-d35d4d3c4714" executionId="7edd6c65-0da7-43cb-a452-03600aa963fe" testListId="8c84fa94-04c1-424b-9868-57a2d4851a1d" />
    <TestEntry testId="33728c71-ddda-3d4b-e03e-fb8fb3573676" executionId="16e83540-0cd0-4b8f-a375-7ca489ef82e6" testListId="8c84fa94-04c1-424b-9868-57a2d4851a1d" />
    <TestEntry testId="e81ae7e3-508c-7419-47a5-39b3bfd104d4" executionId="b9313c09-a7a9-460e-be87-d7e2db767782" testListId="8c84fa94-04c1-424b-9868-57a2d4851a1d" />
    <TestEntry testId="31b71329-e4ab-10bf-fbdd-fff51f00ccf6" executionId="bb4a2e54-896f-40d8-aed5-910207d5cde5" testListId="8c84fa94-04c1-424b-9868-57a2d4851a1d" />
    <TestEntry testId="ae3b9157-0aff-4cf1-c428-4e75d06bf0da" executionId="392dd74f-b72d-4626-8c32-26d839a6792a" testListId="8c84fa94-04c1-424b-9868-57a2d4851a1d" />
    <TestEntry testId="fcec56c3-757d-bac7-895f-6a7381a82d75" executionId="cd9acedc-5698-4d41-9407-5697da31713e" testListId="8c84fa94-04c1-424b-9868-57a2d4851a1d" />
    <TestEntry testId="da216857-75fe-a212-e8ea-2525a3bf67b4" executionId="d7c71401-a6b2-45dd-bbc4-60ae059053db" testListId="8c84fa94-04c1-424b-9868-57a2d4851a1d" />
    <TestEntry testId="9213d6f5-2048-5f54-9021-059ae8399eaf" executionId="d73251b7-84a2-42cc-a855-c1d10bf6a35b" testListId="8c84fa94-04c1-424b-9868-57a2d4851a1d" />
    <TestEntry testId="d8dc7f47-05ac-b542-4921-4c22649a8fe0" executionId="bc08b0c7-9a19-46b5-ab7a-be5ade8bd6bd" testListId="8c84fa94-04c1-424b-9868-57a2d4851a1d" />
    <TestEntry testId="3edea0a2-4969-b4e6-8f0c-5aaa1fbe0193" executionId="2c140c9d-acf7-4bea-9564-147601a0833b" testListId="8c84fa94-04c1-424b-9868-57a2d4851a1d" />
    <TestEntry testId="8e0c34f1-8477-77ca-c343-8e76a92f72ed" executionId="b13fe032-898c-4808-a574-b93a56d7a519" testListId="8c84fa94-04c1-424b-9868-57a2d4851a1d" />
    <TestEntry testId="6d3e3703-7b46-6aa6-1e9d-f5b1b61e6541" executionId="8a1c9894-9c62-4fe3-8f32-de1cbde72a89" testListId="8c84fa94-04c1-424b-9868-57a2d4851a1d" />
    <TestEntry testId="f9403549-618d-3946-7346-ac45ecf4aac6" executionId="9f6bcd6f-abc7-4b00-b616-f9e2e7bc4f69" testListId="8c84fa94-04c1-424b-9868-57a2d4851a1d" />
    <TestEntry testId="5aa4014a-78af-9bde-3843-2f0049d3456f" executionId="3b23b9ca-8259-45b8-a8a9-f2e875117158" testListId="8c84fa94-04c1-424b-9868-57a2d4851a1d" />
    <TestEntry testId="5c3b2e0e-3e08-648e-7c4a-b2b6741ea2a6" executionId="a8d142bf-234e-4429-ae70-bb4588330584" testListId="8c84fa94-04c1-424b-9868-57a2d4851a1d" />
    <TestEntry testId="99db15e5-b0f4-7199-0643-aec7206cc8d1" executionId="63f6241d-246d-480a-9f87-f686cf73cb56" testListId="8c84fa94-04c1-424b-9868-57a2d4851a1d" />
    <TestEntry testId="3426664f-9064-57db-bebb-02372d806c18" executionId="27e14e7e-8be1-42af-bd83-a71bf6e5a1de" testListId="8c84fa94-04c1-424b-9868-57a2d4851a1d" />
    <TestEntry testId="8333368b-e40e-ada3-8ff9-4510bf1bdaa7" executionId="19f13fb5-2c15-4e24-9a46-b42fa0b372c1" testListId="8c84fa94-04c1-424b-9868-57a2d4851a1d" />
    <TestEntry testId="86b05c7a-2481-23fc-c4cb-d69def37d7aa" executionId="57333d35-4afc-40de-bb9e-d07f70457ab0" testListId="8c84fa94-04c1-424b-9868-57a2d4851a1d" />
    <TestEntry testId="4bfc8f0f-f9d8-f823-f73c-0942ce29b34a" executionId="9445722c-b1ca-4b48-8f0c-d8768abdd90e" testListId="8c84fa94-04c1-424b-9868-57a2d4851a1d" />
  </TestEntries>
  <TestLists>
    <TestList name="Results Not in a List" id="8c84fa94-04c1-424b-9868-57a2d4851a1d" />
    <TestList name="All Loaded Results" id="19431567-8539-422a-85d7-44ee4e166bda" />
  </TestLists>
  <ResultSummary outcome="Completed">
    <Counters total="98" executed="98" passed="98" failed="0" error="0" timeout="0" aborted="0" inconclusive="0" passedButRunAborted="0" notRunnable="0" notExecuted="0" disconnected="0" warning="0" completed="0" inProgress="0" pending="0" />
  </ResultSummary>
</TestRun>