<?xml version="1.0" encoding="utf-8"?>
<TestRun id="2a3ac14c-b382-4abc-a7a1-21da691485aa" name="DKSR-EFI-06$@DKSR-EFI-06 2024-01-09 15:44:39" runUser="NT AUTHORITY\NETWORK SERVICE" xmlns="http://microsoft.com/schemas/VisualStudio/TeamTest/2010">
  <Times creation="2024-01-09T15:44:39.8886910+01:00" queuing="2024-01-09T15:44:39.8886910+01:00" start="2024-01-09T15:44:38.2324378+01:00" finish="2024-01-09T15:45:27.2012926+01:00" />
  <TestSettings name="default" id="c44ff290-eeb0-4b72-8806-2f95c6a94705">
    <Deployment runDeploymentRoot="DKSR-EFI-06$_DKSR-EFI-06_2024-01-09_15_44_39" />
  </TestSettings>
  <Results>
    <UnitTestResult executionId="dcac0b36-6d92-4113-8012-ba1a3e70259b" testId="cbfc1ff0-a2a3-2eb7-9627-c88a9873efbc" testName="NotificationServer_InitServerMode (DeviceRegistrationOnly,True,False)" computerName="DKSR-EFI-06" duration="00:00:00.1974605" startTime="2024-01-09T15:45:16.4512744+01:00" endTime="2024-01-09T15:45:16.6544007+01:00" testType="13cdc9d9-ddb5-4fa4-a97d-d965ccfc6d4b" outcome="Passed" testListId="8c84fa94-04c1-424b-9868-57a2d4851a1d" relativeResultsDirectory="dcac0b36-6d92-4113-8012-ba1a3e70259b" />
    <UnitTestResult executionId="b223fd34-9250-4708-892e-9af90b436c12" testId="983ef294-11a5-cf4c-484c-2bc69371cf80" testName="TestFramesAggregationGop" computerName="DKSR-EFI-06" duration="00:00:00.0040590" startTime="2024-01-09T15:44:39.8886910+01:00" endTime="2024-01-09T15:44:39.9043133+01:00" testType="13cdc9d9-ddb5-4fa4-a97d-d965ccfc6d4b" outcome="Passed" testListId="8c84fa94-04c1-424b-9868-57a2d4851a1d" relativeResultsDirectory="b223fd34-9250-4708-892e-9af90b436c12" />
    <UnitTestResult executionId="b917e436-8c23-4bdb-b1ce-d46ee1881c7e" testId="012a2cf8-69fd-f08c-0bc5-3d2c0ce63ca8" testName="LowerBound_SelectLatestSequenceReversed" computerName="DKSR-EFI-06" duration="00:00:00.0005851" startTime="2024-01-09T15:45:25.8419145+01:00" endTime="2024-01-09T15:45:25.8419145+01:00" testType="13cdc9d9-ddb5-4fa4-a97d-d965ccfc6d4b" outcome="Passed" testListId="8c84fa94-04c1-424b-9868-57a2d4851a1d" relativeResultsDirectory="b917e436-8c23-4bdb-b1ce-d46ee1881c7e" />
    <UnitTestResult executionId="a04b5dc2-22be-4ab1-a22c-5257560dec19" testId="45359acf-d02f-fe13-f23b-839a3519c3f4" testName="DeviceConfigurationTest" computerName="DKSR-EFI-06" startTime="2024-01-09T15:45:25.8887908+01:00" endTime="2024-01-09T15:45:25.8887908+01:00" testType="13cdc9d9-ddb5-4fa4-a97d-d965ccfc6d4b" outcome="NotExecuted" testListId="8c84fa94-04c1-424b-9868-57a2d4851a1d" relativeResultsDirectory="a04b5dc2-22be-4ab1-a22c-5257560dec19">
      <Output></Output>
    </UnitTestResult>
    <UnitTestResult executionId="71fb6214-3e3e-4990-b431-0733827a9d68" testId="fc2a06b1-27c1-39d9-f6fd-7c2355aacc52" testName="NotifiedDeviceDBHelper_UpdateMIPSettings" computerName="DKSR-EFI-06" duration="00:00:00.0016439" startTime="2024-01-09T15:45:18.5450304+01:00" endTime="2024-01-09T15:45:18.5450304+01:00" testType="13cdc9d9-ddb5-4fa4-a97d-d965ccfc6d4b" outcome="Passed" testListId="8c84fa94-04c1-424b-9868-57a2d4851a1d" relativeResultsDirectory="71fb6214-3e3e-4990-b431-0733827a9d68" />
    <UnitTestResult executionId="f3e19ca9-2724-4450-ab10-b80ef6a34367" testId="fcae8197-aba3-439b-e6ab-3260871df93d" testName="TokenManagerClearExpiredTokens" computerName="DKSR-EFI-06" duration="00:00:06.0631452" startTime="2024-01-09T15:45:06.3262557+01:00" endTime="2024-01-09T15:45:12.3888040+01:00" testType="13cdc9d9-ddb5-4fa4-a97d-d965ccfc6d4b" outcome="Passed" testListId="8c84fa94-04c1-424b-9868-57a2d4851a1d" relativeResultsDirectory="f3e19ca9-2724-4450-ab10-b80ef6a34367" />
    <UnitTestResult executionId="0d1fd287-0dd5-40bd-a69b-8beea6f00f75" testId="9caef5e0-c223-39f5-5473-42fb321880c9" testName="CreateHttpAudio" computerName="DKSR-EFI-06" duration="00:00:00.8942128" startTime="2024-01-09T15:44:50.2168545+01:00" endTime="2024-01-09T15:44:51.1074819+01:00" testType="13cdc9d9-ddb5-4fa4-a97d-d965ccfc6d4b" outcome="Passed" testListId="8c84fa94-04c1-424b-9868-57a2d4851a1d" relativeResultsDirectory="0d1fd287-0dd5-40bd-a69b-8beea6f00f75" />
    <UnitTestResult executionId="f2e06a38-174a-4c23-b7e2-996915413e1b" testId="3b2326b4-63b3-e03b-fffe-67a3b45e5d92" testName="Merge_SubSequence" computerName="DKSR-EFI-06" duration="00:00:00.0004974" startTime="2024-01-09T15:45:25.8419145+01:00" endTime="2024-01-09T15:45:25.8419145+01:00" testType="13cdc9d9-ddb5-4fa4-a97d-d965ccfc6d4b" outcome="Passed" testListId="8c84fa94-04c1-424b-9868-57a2d4851a1d" relativeResultsDirectory="f2e06a38-174a-4c23-b7e2-996915413e1b" />
    <UnitTestResult executionId="45bd3fd1-7aaa-4f78-80e6-714f203d2360" testId="e9e48bf0-3061-b19a-30c7-3744983da442" testName="SentSourceLinesPartialCleanupTest" computerName="DKSR-EFI-06" duration="00:00:00.0004190" startTime="2024-01-09T15:45:18.5450304+01:00" endTime="2024-01-09T15:45:18.5450304+01:00" testType="13cdc9d9-ddb5-4fa4-a97d-d965ccfc6d4b" outcome="Passed" testListId="8c84fa94-04c1-424b-9868-57a2d4851a1d" relativeResultsDirectory="45bd3fd1-7aaa-4f78-80e6-714f203d2360" />
    <UnitTestResult executionId="8b0cabbc-5bc8-492f-8b5d-b2750c9f043b" testId="5bcd8085-565e-3649-4d2d-b4e01d6be2d9" testName="DontRecieveInAppOnDenyInAppFlag" computerName="DKSR-EFI-06" duration="00:00:00.0355262" startTime="2024-01-09T15:45:15.3887741+01:00" endTime="2024-01-09T15:45:15.4200748+01:00" testType="13cdc9d9-ddb5-4fa4-a97d-d965ccfc6d4b" outcome="Passed" testListId="8c84fa94-04c1-424b-9868-57a2d4851a1d" relativeResultsDirectory="8b0cabbc-5bc8-492f-8b5d-b2750c9f043b" />
    <UnitTestResult executionId="76adcb9a-ea56-469b-91ef-348ef1998d84" testId="d9cd02ac-eca8-2ffd-3fad-2720f47cede6" testName="FindNearestPrev" computerName="DKSR-EFI-06" duration="00:00:00.0010744" startTime="2024-01-09T15:45:25.8575386+01:00" endTime="2024-01-09T15:45:25.8575386+01:00" testType="13cdc9d9-ddb5-4fa4-a97d-d965ccfc6d4b" outcome="Passed" testListId="8c84fa94-04c1-424b-9868-57a2d4851a1d" relativeResultsDirectory="76adcb9a-ea56-469b-91ef-348ef1998d84" />
    <UnitTestResult executionId="acb287b0-4660-49ed-bcff-4941f8eb48cd" testId="72f5d9c9-2aca-601b-72f8-40c336335eb1" testName="ResolveOriginalExportLinkReturnsSameEntryOnNonSuccess" computerName="DKSR-EFI-06" duration="00:00:00.0001170" startTime="2024-01-09T15:45:25.9200406+01:00" endTime="2024-01-09T15:45:25.9200406+01:00" testType="13cdc9d9-ddb5-4fa4-a97d-d965ccfc6d4b" outcome="Passed" testListId="8c84fa94-04c1-424b-9868-57a2d4851a1d" relativeResultsDirectory="acb287b0-4660-49ed-bcff-4941f8eb48cd" />
    <UnitTestResult executionId="46dbd01e-a43f-4f5f-bdc3-68c837693fc3" testId="afd79426-dd3a-9043-ae66-ce7ff4214db7" testName="Crop_SequenceAtStart" computerName="DKSR-EFI-06" duration="00:00:00.0003932" startTime="2024-01-09T15:45:25.8419145+01:00" endTime="2024-01-09T15:45:25.8419145+01:00" testType="13cdc9d9-ddb5-4fa4-a97d-d965ccfc6d4b" outcome="Passed" testListId="8c84fa94-04c1-424b-9868-57a2d4851a1d" relativeResultsDirectory="46dbd01e-a43f-4f5f-bdc3-68c837693fc3" />
    <UnitTestResult executionId="c7a2c3ba-39ab-4f84-91cd-25b2495af5e6" testId="f03ac06e-acad-947f-da9e-f4837cb80bfc" testName="TimeRange_TimeIsOutOfRange_PlaybackStops_TimeNotChanged" computerName="DKSR-EFI-06" duration="00:00:00.0005339" startTime="2024-01-09T15:44:39.8730631+01:00" endTime="2024-01-09T15:44:39.8730631+01:00" testType="13cdc9d9-ddb5-4fa4-a97d-d965ccfc6d4b" outcome="Passed" testListId="8c84fa94-04c1-424b-9868-57a2d4851a1d" relativeResultsDirectory="c7a2c3ba-39ab-4f84-91cd-25b2495af5e6" />
    <UnitTestResult executionId="7d1fc64a-2f28-46a5-b287-9b26b4890106" testId="fe85aedf-c8d3-5907-043d-89e7ba8212e3" testName="AllStreamsCannotContinue_PlaybackStops_TimeNotChanged" computerName="DKSR-EFI-06" duration="00:00:00.0004169" startTime="2024-01-09T15:44:39.8730631+01:00" endTime="2024-01-09T15:44:39.8730631+01:00" testType="13cdc9d9-ddb5-4fa4-a97d-d965ccfc6d4b" outcome="Passed" testListId="8c84fa94-04c1-424b-9868-57a2d4851a1d" relativeResultsDirectory="7d1fc64a-2f28-46a5-b287-9b26b4890106" />
    <UnitTestResult executionId="71ea4ad4-f21a-4f63-9950-3d6b61deed89" testId="119accc5-3d47-9a55-1db4-54236af8e84a" testName="Process_ComplexCase2" computerName="DKSR-EFI-06" duration="00:00:00.0009792" startTime="2024-01-09T15:45:25.8262899+01:00" endTime="2024-01-09T15:45:25.8262899+01:00" testType="13cdc9d9-ddb5-4fa4-a97d-d965ccfc6d4b" outcome="Passed" testListId="8c84fa94-04c1-424b-9868-57a2d4851a1d" relativeResultsDirectory="71ea4ad4-f21a-4f63-9950-3d6b61deed89" />
    <UnitTestResult executionId="23b05b69-b9ec-45c2-89c5-68f0a58b3be0" testId="8933bd42-9a1e-0184-c32b-defc2356476f" testName="NotificationServer_ChangeServerMode (Disabled,DeviceRegistrationOnly,True,False)" computerName="DKSR-EFI-06" duration="00:00:00.2680550" startTime="2024-01-09T15:45:17.2325252+01:00" endTime="2024-01-09T15:45:17.4981519+01:00" testType="13cdc9d9-ddb5-4fa4-a97d-d965ccfc6d4b" outcome="Passed" testListId="8c84fa94-04c1-424b-9868-57a2d4851a1d" relativeResultsDirectory="23b05b69-b9ec-45c2-89c5-68f0a58b3be0" />
    <UnitTestResult executionId="10bec5c6-a4a7-4dca-9565-c58b0e204b94" testId="476c285b-2ec0-2d3d-827c-113095574a5c" testName="ResolveOriginalExportLinkSuccessfully" computerName="DKSR-EFI-06" duration="00:00:00.0001694" startTime="2024-01-09T15:45:25.9200406+01:00" endTime="2024-01-09T15:45:25.9200406+01:00" testType="13cdc9d9-ddb5-4fa4-a97d-d965ccfc6d4b" outcome="Passed" testListId="8c84fa94-04c1-424b-9868-57a2d4851a1d" relativeResultsDirectory="10bec5c6-a4a7-4dca-9565-c58b0e204b94" />
    <UnitTestResult executionId="7594e6a9-b60e-427f-a95d-89bc160ff5a5" testId="55e67d4d-e333-42a5-2a8c-a76e16be1462" testName="Process_ComplexCase1" computerName="DKSR-EFI-06" duration="00:00:00.0009236" startTime="2024-01-09T15:45:25.8262899+01:00" endTime="2024-01-09T15:45:25.8262899+01:00" testType="13cdc9d9-ddb5-4fa4-a97d-d965ccfc6d4b" outcome="Passed" testListId="8c84fa94-04c1-424b-9868-57a2d4851a1d" relativeResultsDirectory="7594e6a9-b60e-427f-a95d-89bc160ff5a5" />
    <UnitTestResult executionId="8c154dc5-9962-44b2-ba9f-91666a347264" testId="0fb4c8ba-4032-76a8-fe53-e54b18754bf3" testName="TestFramesAggregationGopNullData" computerName="DKSR-EFI-06" duration="00:00:00.0003972" startTime="2024-01-09T15:44:39.9043133+01:00" endTime="2024-01-09T15:44:39.9043133+01:00" testType="13cdc9d9-ddb5-4fa4-a97d-d965ccfc6d4b" outcome="Passed" testListId="8c84fa94-04c1-424b-9868-57a2d4851a1d" relativeResultsDirectory="8c154dc5-9962-44b2-ba9f-91666a347264" />
    <UnitTestResult executionId="98f9d3c7-d902-4e10-b4cb-1dac7576669e" testId="75936fed-d00b-7036-30c3-5b85178efa1e" testName="Crop_EmptyCollection" computerName="DKSR-EFI-06" duration="00:00:00.0002528" startTime="2024-01-09T15:45:25.8419145+01:00" endTime="2024-01-09T15:45:25.8419145+01:00" testType="13cdc9d9-ddb5-4fa4-a97d-d965ccfc6d4b" outcome="Passed" testListId="8c84fa94-04c1-424b-9868-57a2d4851a1d" relativeResultsDirectory="98f9d3c7-d902-4e10-b4cb-1dac7576669e" />
    <UnitTestResult executionId="15894c95-00c3-4af7-907b-a5c7b3f5a0ff" testId="d0c9c2ff-5a1b-647d-174b-0fa95417ddce" testName="NotifiedDeviceDBHelper_RemoveEmptyFields" computerName="DKSR-EFI-06" duration="00:00:00.0003726" startTime="2024-01-09T15:45:18.5450304+01:00" endTime="2024-01-09T15:45:18.5450304+01:00" testType="13cdc9d9-ddb5-4fa4-a97d-d965ccfc6d4b" outcome="Passed" testListId="8c84fa94-04c1-424b-9868-57a2d4851a1d" relativeResultsDirectory="15894c95-00c3-4af7-907b-a5c7b3f5a0ff" />
    <UnitTestResult executionId="22d3b765-ad7e-465e-adcb-a30ba1923930" testId="989637b2-a22c-7066-e6d2-55dafa6402cd" testName="LimitCount_CollectionLenghtIsLessThanLimits" computerName="DKSR-EFI-06" duration="00:00:00.0005673" startTime="2024-01-09T15:45:25.8419145+01:00" endTime="2024-01-09T15:45:25.8575386+01:00" testType="13cdc9d9-ddb5-4fa4-a97d-d965ccfc6d4b" outcome="Passed" testListId="8c84fa94-04c1-424b-9868-57a2d4851a1d" relativeResultsDirectory="22d3b765-ad7e-465e-adcb-a30ba1923930" />
    <UnitTestResult executionId="af4508b6-10ef-4bff-b163-8625523a1b0e" testId="e1368d6a-49f6-fa98-e664-2e1e2cbda908" testName="LimitCount_BiDirectional_CenterTimeIsInSequence" computerName="DKSR-EFI-06" duration="00:00:00.0005047" startTime="2024-01-09T15:45:25.8419145+01:00" endTime="2024-01-09T15:45:25.8419145+01:00" testType="13cdc9d9-ddb5-4fa4-a97d-d965ccfc6d4b" outcome="Passed" testListId="8c84fa94-04c1-424b-9868-57a2d4851a1d" relativeResultsDirectory="af4508b6-10ef-4bff-b163-8625523a1b0e" />
    <UnitTestResult executionId="db4f648f-1f95-41c0-a460-e6a99ac2c4e9" testId="3f647da0-3afa-6643-6359-62e87ea0d795" testName="Crop_SequenceAtEnd" computerName="DKSR-EFI-06" duration="00:00:00.0004096" startTime="2024-01-09T15:45:25.8419145+01:00" endTime="2024-01-09T15:45:25.8419145+01:00" testType="13cdc9d9-ddb5-4fa4-a97d-d965ccfc6d4b" outcome="Passed" testListId="8c84fa94-04c1-424b-9868-57a2d4851a1d" relativeResultsDirectory="db4f648f-1f95-41c0-a460-e6a99ac2c4e9" />
    <UnitTestResult executionId="27b255e6-6a85-4174-9c40-f2c92cbae7f8" testId="cb0e4521-ea98-5130-5c0e-99ff7259d652" testName="LowerBound_DefaultIfNoMatchingSequences" computerName="DKSR-EFI-06" duration="00:00:00.0006224" startTime="2024-01-09T15:45:25.8262899+01:00" endTime="2024-01-09T15:45:25.8262899+01:00" testType="13cdc9d9-ddb5-4fa4-a97d-d965ccfc6d4b" outcome="Passed" testListId="8c84fa94-04c1-424b-9868-57a2d4851a1d" relativeResultsDirectory="27b255e6-6a85-4174-9c40-f2c92cbae7f8" />
    <UnitTestResult executionId="20c2865e-7eb5-4c1e-b45d-1aa5c492b73f" testId="e824e41c-ad3e-5ccd-2353-d1e3a3937af6" testName="AlarmAdditionTest" computerName="DKSR-EFI-06" duration="00:00:00.0008492" startTime="2024-01-09T15:45:18.5450304+01:00" endTime="2024-01-09T15:45:18.5450304+01:00" testType="13cdc9d9-ddb5-4fa4-a97d-d965ccfc6d4b" outcome="Passed" testListId="8c84fa94-04c1-424b-9868-57a2d4851a1d" relativeResultsDirectory="20c2865e-7eb5-4c1e-b45d-1aa5c492b73f" />
    <UnitTestResult executionId="84d68005-3300-4152-89c9-3798ffd3e843" testId="2d1c60f4-f325-aad6-29ce-1b9879e7a42e" testName="DontRecieveAlarmOnDenyPushFlagTest" computerName="DKSR-EFI-06" duration="00:00:00.1635722" startTime="2024-01-09T15:45:14.0606428+01:00" endTime="2024-01-09T15:45:14.2325182+01:00" testType="13cdc9d9-ddb5-4fa4-a97d-d965ccfc6d4b" outcome="Passed" testListId="8c84fa94-04c1-424b-9868-57a2d4851a1d" relativeResultsDirectory="84d68005-3300-4152-89c9-3798ffd3e843" />
    <UnitTestResult executionId="c6eb112a-d40a-46b3-a4bd-30cc6cec54de" testId="568f2fe0-5856-4b31-87be-2a38b01c7c33" testName="SomeStreamsCannotContinue_PlaybackContinues_TimeNotChanged" computerName="DKSR-EFI-06" duration="00:00:00.0004258" startTime="2024-01-09T15:44:39.8730631+01:00" endTime="2024-01-09T15:44:39.8730631+01:00" testType="13cdc9d9-ddb5-4fa4-a97d-d965ccfc6d4b" outcome="Passed" testListId="8c84fa94-04c1-424b-9868-57a2d4851a1d" relativeResultsDirectory="c6eb112a-d40a-46b3-a4bd-30cc6cec54de" />
    <UnitTestResult executionId="0e450493-1353-4eff-b302-1f7c84538bc9" testId="60cd8535-a353-91ae-9fb6-53de2782725a" testName="MobileServerUpnpDeviceBuildFriendlyName_WhenMobileServerNameDoesNotStartsWithOemMobileServerFullProductName_OR_MobileServerNameBefore2019R2_CorrectFriendlyNameIsBuild" computerName="DKSR-EFI-06" duration="00:00:00.0009044" startTime="2024-01-09T15:44:51.1231044+01:00" endTime="2024-01-09T15:44:51.1231044+01:00" testType="13cdc9d9-ddb5-4fa4-a97d-d965ccfc6d4b" outcome="Passed" testListId="8c84fa94-04c1-424b-9868-57a2d4851a1d" relativeResultsDirectory="0e450493-1353-4eff-b302-1f7c84538bc9" />
    <UnitTestResult executionId="a38506df-6dd3-4f68-9b88-5d0f14062ab6" testId="077bdfe8-738a-3fb7-a4c9-2fba8c404517" testName="Merge_AdjacentSequences" computerName="DKSR-EFI-06" duration="00:00:00.0004907" startTime="2024-01-09T15:45:25.8419145+01:00" endTime="2024-01-09T15:45:25.8419145+01:00" testType="13cdc9d9-ddb5-4fa4-a97d-d965ccfc6d4b" outcome="Passed" testListId="8c84fa94-04c1-424b-9868-57a2d4851a1d" relativeResultsDirectory="a38506df-6dd3-4f68-9b88-5d0f14062ab6" />
    <UnitTestResult executionId="8e3358d2-c168-440c-992b-f02a9f03d41f" testId="46bd0804-5338-80c3-8d7e-1ba4019c4ebb" testName="ExportLinkMappingIsSingelton" computerName="DKSR-EFI-06" duration="00:00:00.0070464" startTime="2024-01-09T15:45:25.8887908+01:00" endTime="2024-01-09T15:45:25.9044156+01:00" testType="13cdc9d9-ddb5-4fa4-a97d-d965ccfc6d4b" outcome="Passed" testListId="8c84fa94-04c1-424b-9868-57a2d4851a1d" relativeResultsDirectory="8e3358d2-c168-440c-992b-f02a9f03d41f" />
    <UnitTestResult executionId="5332508b-ad5b-4d8e-a567-9d46dec2b012" testId="b0673b72-238f-7d1b-6e2a-d01473ae38c5" testName="TestGetProgresses" computerName="DKSR-EFI-06" duration="00:00:00.0024258" startTime="2024-01-09T15:45:25.9200406+01:00" endTime="2024-01-09T15:45:25.9356656+01:00" testType="13cdc9d9-ddb5-4fa4-a97d-d965ccfc6d4b" outcome="Passed" testListId="8c84fa94-04c1-424b-9868-57a2d4851a1d" relativeResultsDirectory="5332508b-ad5b-4d8e-a567-9d46dec2b012" />
    <UnitTestResult executionId="4e2e0efb-e8c2-4aa0-8d21-e40dbe864768" testId="5b222a5c-ffb3-2d2f-2662-eb0375534541" testName="TestFramesAggregationTimeout" computerName="DKSR-EFI-06" duration="00:00:00.0029759" startTime="2024-01-09T15:44:39.9043133+01:00" endTime="2024-01-09T15:44:39.9043133+01:00" testType="13cdc9d9-ddb5-4fa4-a97d-d965ccfc6d4b" outcome="Passed" testListId="8c84fa94-04c1-424b-9868-57a2d4851a1d" relativeResultsDirectory="4e2e0efb-e8c2-4aa0-8d21-e40dbe864768" />
    <UnitTestResult executionId="874d11f7-81eb-44da-b61a-72963404f68c" testId="5130f66e-4656-297d-ca26-e8e2a4eb7c11" testName="TestPoint" computerName="DKSR-EFI-06" duration="00:00:00.0355995" startTime="2024-01-09T15:45:25.9356656+01:00" endTime="2024-01-09T15:45:25.9669151+01:00" testType="13cdc9d9-ddb5-4fa4-a97d-d965ccfc6d4b" outcome="Passed" testListId="8c84fa94-04c1-424b-9868-57a2d4851a1d" relativeResultsDirectory="874d11f7-81eb-44da-b61a-72963404f68c" />
    <UnitTestResult executionId="259fbd6d-6b49-43ad-83a2-6446a668033f" testId="7a3f3991-c4a6-4f10-d06d-b093bfaca0ff" testName="RecieveInAppNotification" computerName="DKSR-EFI-06" duration="00:00:00.4578708" startTime="2024-01-09T15:45:14.9200213+01:00" endTime="2024-01-09T15:45:15.3887741+01:00" testType="13cdc9d9-ddb5-4fa4-a97d-d965ccfc6d4b" outcome="Passed" testListId="8c84fa94-04c1-424b-9868-57a2d4851a1d" relativeResultsDirectory="259fbd6d-6b49-43ad-83a2-6446a668033f" />
    <UnitTestResult executionId="7b9fead3-704a-4d23-a893-df82124261d0" testId="d1d5232c-4280-970a-b302-9531b7200d17" testName="TestCreateSegmentFromGopOnInvalidGop" computerName="DKSR-EFI-06" duration="00:00:00.0104842" startTime="2024-01-09T15:44:50.2012276+01:00" endTime="2024-01-09T15:44:50.2012276+01:00" testType="13cdc9d9-ddb5-4fa4-a97d-d965ccfc6d4b" outcome="Passed" testListId="8c84fa94-04c1-424b-9868-57a2d4851a1d" relativeResultsDirectory="7b9fead3-704a-4d23-a893-df82124261d0" />
    <UnitTestResult executionId="992e8cbc-c2c2-4be6-a31c-4f36e44a2a61" testId="099d273f-3455-d277-0524-fce1683fa8e0" testName="NoStreamsInitialized_PlaybackContinues_TimeNotChanged (True,True,True)" computerName="DKSR-EFI-06" duration="00:00:00.0035275" startTime="2024-01-09T15:44:39.8574374+01:00" endTime="2024-01-09T15:44:39.8730631+01:00" testType="13cdc9d9-ddb5-4fa4-a97d-d965ccfc6d4b" outcome="Passed" testListId="8c84fa94-04c1-424b-9868-57a2d4851a1d" relativeResultsDirectory="992e8cbc-c2c2-4be6-a31c-4f36e44a2a61" />
    <UnitTestResult executionId="b0dced27-0fa0-4984-96ca-718c72c302a0" testId="b7bbfe42-4705-887e-6973-ed5aed3932d6" testName="HasEventRightsDontRecieveAlarmsFilterTest" computerName="DKSR-EFI-06" duration="00:00:00.0003048" startTime="2024-01-09T15:45:18.5450304+01:00" endTime="2024-01-09T15:45:18.5450304+01:00" testType="13cdc9d9-ddb5-4fa4-a97d-d965ccfc6d4b" outcome="Passed" testListId="8c84fa94-04c1-424b-9868-57a2d4851a1d" relativeResultsDirectory="b0dced27-0fa0-4984-96ca-718c72c302a0" />
    <UnitTestResult executionId="a83ab73e-d52e-46ba-93ca-0f3c1e177281" testId="a74e042a-ba76-98d9-ee95-796000a6ab92" testName="NotifiedDeviceDBHelper_RemoveMIPSettings" computerName="DKSR-EFI-06" duration="00:00:00.0003357" startTime="2024-01-09T15:45:18.5450304+01:00" endTime="2024-01-09T15:45:18.5450304+01:00" testType="13cdc9d9-ddb5-4fa4-a97d-d965ccfc6d4b" outcome="Passed" testListId="8c84fa94-04c1-424b-9868-57a2d4851a1d" relativeResultsDirectory="a83ab73e-d52e-46ba-93ca-0f3c1e177281" />
    <UnitTestResult executionId="7a65023f-956c-434b-a71b-dfe870421dd1" testId="616609a2-f6e9-375f-176e-f91e4c250a85" testName="TimeRange_SomeStreamsCannotContinue_AutoLoopSet_PlaybackContinues_TimeNotChanged" computerName="DKSR-EFI-06" duration="00:00:00.0007354" startTime="2024-01-09T15:44:39.8886910+01:00" endTime="2024-01-09T15:44:39.8886910+01:00" testType="13cdc9d9-ddb5-4fa4-a97d-d965ccfc6d4b" outcome="Passed" testListId="8c84fa94-04c1-424b-9868-57a2d4851a1d" relativeResultsDirectory="7a65023f-956c-434b-a71b-dfe870421dd1" />
    <UnitTestResult executionId="3da533c5-5a73-4de8-8116-370cc25cb8ea" testId="d63b4ad9-4771-5a8e-32d1-c272360abe6c" testName="Merge_Multiple" computerName="DKSR-EFI-06" duration="00:00:00.0007052" startTime="2024-01-09T15:45:25.8419145+01:00" endTime="2024-01-09T15:45:25.8419145+01:00" testType="13cdc9d9-ddb5-4fa4-a97d-d965ccfc6d4b" outcome="Passed" testListId="8c84fa94-04c1-424b-9868-57a2d4851a1d" relativeResultsDirectory="3da533c5-5a73-4de8-8116-370cc25cb8ea" />
    <UnitTestResult executionId="aeb89f2f-b570-4c51-b976-658e21e12b12" testId="fec1e502-ed05-bb42-36f0-38e08fee1ab0" testName="Merge_Unordered" computerName="DKSR-EFI-06" duration="00:00:00.0005249" startTime="2024-01-09T15:45:25.8419145+01:00" endTime="2024-01-09T15:45:25.8419145+01:00" testType="13cdc9d9-ddb5-4fa4-a97d-d965ccfc6d4b" outcome="Passed" testListId="8c84fa94-04c1-424b-9868-57a2d4851a1d" relativeResultsDirectory="aeb89f2f-b570-4c51-b976-658e21e12b12" />
    <UnitTestResult executionId="47745488-0264-4956-a93d-6bad8aa98a27" testId="b93b7d51-dfde-ceac-cf92-0e6323249515" testName="MultipleSourcesMultiMessageDataTest" computerName="DKSR-EFI-06" duration="00:00:00.0002401" startTime="2024-01-09T15:45:18.5606551+01:00" endTime="2024-01-09T15:45:18.5606551+01:00" testType="13cdc9d9-ddb5-4fa4-a97d-d965ccfc6d4b" outcome="Passed" testListId="8c84fa94-04c1-424b-9868-57a2d4851a1d" relativeResultsDirectory="47745488-0264-4956-a93d-6bad8aa98a27" />
    <UnitTestResult executionId="78ee2d82-7c4b-4c11-8321-d30de3a91a35" testId="dd3c2797-855e-0f1d-e5c7-a5425cee53c6" testName="NoStreamsInitialized_PlaybackContinues_TimeNotChanged (True,False,True)" computerName="DKSR-EFI-06" duration="00:00:00.0000195" startTime="2024-01-09T15:44:39.8730631+01:00" endTime="2024-01-09T15:44:39.8730631+01:00" testType="13cdc9d9-ddb5-4fa4-a97d-d965ccfc6d4b" outcome="Passed" testListId="8c84fa94-04c1-424b-9868-57a2d4851a1d" relativeResultsDirectory="78ee2d82-7c4b-4c11-8321-d30de3a91a35" />
    <UnitTestResult executionId="982fbdd8-5762-4fc8-af0f-eb4ac3dc56ba" testId="d28b6673-d863-6b4f-f57b-0935815c5939" testName="NotificationServer_InitServerMode (Disabled,False,False)" computerName="DKSR-EFI-06" duration="00:00:00.0003949" startTime="2024-01-09T15:45:16.6544007+01:00" endTime="2024-01-09T15:45:16.6544007+01:00" testType="13cdc9d9-ddb5-4fa4-a97d-d965ccfc6d4b" outcome="Passed" testListId="8c84fa94-04c1-424b-9868-57a2d4851a1d" relativeResultsDirectory="982fbdd8-5762-4fc8-af0f-eb4ac3dc56ba" />
    <UnitTestResult executionId="870828cc-b065-4d6e-8e30-d04e95f979a5" testId="14826e99-3854-d06d-b095-c1b431692ffa" testName="Crop_SequenceBeforeStart" computerName="DKSR-EFI-06" duration="00:00:00.0002641" startTime="2024-01-09T15:45:25.8419145+01:00" endTime="2024-01-09T15:45:25.8419145+01:00" testType="13cdc9d9-ddb5-4fa4-a97d-d965ccfc6d4b" outcome="Passed" testListId="8c84fa94-04c1-424b-9868-57a2d4851a1d" relativeResultsDirectory="870828cc-b065-4d6e-8e30-d04e95f979a5" />
    <UnitTestResult executionId="85ed28d8-3c1f-4bde-a1d8-b2628e204656" testId="bd27d4e1-7ebc-3ef1-95d9-2934fbd3b038" testName="CommandQueueTestAsyncOld" computerName="DKSR-EFI-06" duration="00:00:00.0540170" startTime="2024-01-09T15:45:25.7169152+01:00" endTime="2024-01-09T15:45:25.7794150+01:00" testType="13cdc9d9-ddb5-4fa4-a97d-d965ccfc6d4b" outcome="Passed" testListId="8c84fa94-04c1-424b-9868-57a2d4851a1d" relativeResultsDirectory="85ed28d8-3c1f-4bde-a1d8-b2628e204656" />
    <UnitTestResult executionId="2e04d6b8-0dda-4cb6-9cee-b0e4010e31db" testId="d775a7cd-e072-bd3d-a6f6-adac05c310b9" testName="TestExports" computerName="DKSR-EFI-06" duration="00:00:00.0054880" startTime="2024-01-09T15:45:25.8887908+01:00" endTime="2024-01-09T15:45:25.8887908+01:00" testType="13cdc9d9-ddb5-4fa4-a97d-d965ccfc6d4b" outcome="Passed" testListId="8c84fa94-04c1-424b-9868-57a2d4851a1d" relativeResultsDirectory="2e04d6b8-0dda-4cb6-9cee-b0e4010e31db" />
    <UnitTestResult executionId="2fb9aaad-866b-4e58-85f5-bdcbb583870a" testId="a0b9d1e4-24b3-60a1-0b6b-b59ef2f08557" testName="TwoStepVerificationTest" computerName="DKSR-EFI-06" duration="00:00:12.1775107" startTime="2024-01-09T15:44:51.1231044+01:00" endTime="2024-01-09T15:45:03.3106217+01:00" testType="13cdc9d9-ddb5-4fa4-a97d-d965ccfc6d4b" outcome="Passed" testListId="8c84fa94-04c1-424b-9868-57a2d4851a1d" relativeResultsDirectory="2fb9aaad-866b-4e58-85f5-bdcbb583870a" />
    <UnitTestResult executionId="f454036d-4a43-461d-b2b9-4de002ff90be" testId="efc824b2-83f8-fc64-826a-837d8585dcfd" testName="UpperBound_SelectEarliestSequence" computerName="DKSR-EFI-06" duration="00:00:00.0009724" startTime="2024-01-09T15:45:25.8419145+01:00" endTime="2024-01-09T15:45:25.8419145+01:00" testType="13cdc9d9-ddb5-4fa4-a97d-d965ccfc6d4b" outcome="Passed" testListId="8c84fa94-04c1-424b-9868-57a2d4851a1d" relativeResultsDirectory="f454036d-4a43-461d-b2b9-4de002ff90be" />
    <UnitTestResult executionId="a6e26180-a0f4-4421-b5d6-b9e0efeaa2ca" testId="801ffb9c-7b33-d534-a314-afe14b3f8e34" testName="LowerBound_SelectLatestSequence" computerName="DKSR-EFI-06" duration="00:00:00.0007376" startTime="2024-01-09T15:45:25.8262899+01:00" endTime="2024-01-09T15:45:25.8419145+01:00" testType="13cdc9d9-ddb5-4fa4-a97d-d965ccfc6d4b" outcome="Passed" testListId="8c84fa94-04c1-424b-9868-57a2d4851a1d" relativeResultsDirectory="a6e26180-a0f4-4421-b5d6-b9e0efeaa2ca" />
    <UnitTestResult executionId="c67496f4-0523-41f1-82ca-6e6285404da2" testId="e15ff0c0-efa9-9055-b160-e2403b7226ad" testName="TestGetProgressWhenMissing" computerName="DKSR-EFI-06" duration="00:00:00.0004331" startTime="2024-01-09T15:45:25.9200406+01:00" endTime="2024-01-09T15:45:25.9200406+01:00" testType="13cdc9d9-ddb5-4fa4-a97d-d965ccfc6d4b" outcome="Passed" testListId="8c84fa94-04c1-424b-9868-57a2d4851a1d" relativeResultsDirectory="c67496f4-0523-41f1-82ca-6e6285404da2" />
    <UnitTestResult executionId="184d0dc2-769e-46eb-9328-c6a4bd130658" testId="cdc50b8e-457b-9926-4aa3-ccb24a4b8fb7" testName="SingleSourceSingleMessageDataTest" computerName="DKSR-EFI-06" duration="00:00:00.0003506" startTime="2024-01-09T15:45:18.5606551+01:00" endTime="2024-01-09T15:45:18.5606551+01:00" testType="13cdc9d9-ddb5-4fa4-a97d-d965ccfc6d4b" outcome="Passed" testListId="8c84fa94-04c1-424b-9868-57a2d4851a1d" relativeResultsDirectory="184d0dc2-769e-46eb-9328-c6a4bd130658" />
    <UnitTestResult executionId="53f83a65-7455-4d7b-a02c-afe1be6e3f77" testId="71df6a43-d0f8-9d14-917e-4eb4375c027e" testName="TestFramesAggregationTimeoutQueueLength" computerName="DKSR-EFI-06" duration="00:00:00.0042516" startTime="2024-01-09T15:44:39.9199382+01:00" endTime="2024-01-09T15:44:39.9355659+01:00" testType="13cdc9d9-ddb5-4fa4-a97d-d965ccfc6d4b" outcome="Passed" testListId="8c84fa94-04c1-424b-9868-57a2d4851a1d" relativeResultsDirectory="53f83a65-7455-4d7b-a02c-afe1be6e3f77" />
    <UnitTestResult executionId="2d160d7b-69bc-47cc-b33d-990f6b616c28" testId="f68e3bd0-17e2-e27d-7f27-d5ba8c820680" testName="WeakPasswordsMustNotBeValid" computerName="DKSR-EFI-06" duration="00:00:00.0001938" startTime="2024-01-09T15:45:25.9669151+01:00" endTime="2024-01-09T15:45:25.9669151+01:00" testType="13cdc9d9-ddb5-4fa4-a97d-d965ccfc6d4b" outcome="Passed" testListId="8c84fa94-04c1-424b-9868-57a2d4851a1d" relativeResultsDirectory="2d160d7b-69bc-47cc-b33d-990f6b616c28">
      <Output>
        <StdOut>Generated Password: bqhDB5#&#xD;
Generated Password: kfbk3927&gt;|&#xD;
Generated Password: KRZPRG5)&#xD;
Generated Password: iexhJGNY</StdOut>
      </Output>
    </UnitTestResult>
    <UnitTestResult executionId="37e48b80-f452-47c1-b3f1-4385d1cb214c" testId="105eb106-4501-2c1c-557a-c47834ab3f90" testName="UpdateRegisteredDeviceOnUpgare (True,Enabled)" computerName="DKSR-EFI-06" duration="00:00:00.0066418" startTime="2024-01-09T15:45:14.9200213+01:00" endTime="2024-01-09T15:45:14.9200213+01:00" testType="13cdc9d9-ddb5-4fa4-a97d-d965ccfc6d4b" outcome="Passed" testListId="8c84fa94-04c1-424b-9868-57a2d4851a1d" relativeResultsDirectory="37e48b80-f452-47c1-b3f1-4385d1cb214c" />
    <UnitTestResult executionId="059e9f74-103c-4a44-87e9-157c3a5edaae" testId="b18120fe-04b2-17a2-d059-7f23a8ca03b8" testName="TestFramesAggregationTimeoutMultiple" computerName="DKSR-EFI-06" duration="00:00:00.0162528" startTime="2024-01-09T15:44:39.9043133+01:00" endTime="2024-01-09T15:44:39.9199382+01:00" testType="13cdc9d9-ddb5-4fa4-a97d-d965ccfc6d4b" outcome="Passed" testListId="8c84fa94-04c1-424b-9868-57a2d4851a1d" relativeResultsDirectory="059e9f74-103c-4a44-87e9-157c3a5edaae" />
    <UnitTestResult executionId="3e070b1b-049a-448a-bd47-acf99153826a" testId="843241bc-70a1-5e2d-a99f-163982b0c2ea" testName="LimitCount_BiDirectional_CenterTimeIsBetweenSequences" computerName="DKSR-EFI-06" duration="00:00:00.0004874" startTime="2024-01-09T15:45:25.8419145+01:00" endTime="2024-01-09T15:45:25.8419145+01:00" testType="13cdc9d9-ddb5-4fa4-a97d-d965ccfc6d4b" outcome="Passed" testListId="8c84fa94-04c1-424b-9868-57a2d4851a1d" relativeResultsDirectory="3e070b1b-049a-448a-bd47-acf99153826a" />
    <UnitTestResult executionId="fa8b08a4-3a31-45d0-a347-37300b385dde" testId="67a66ae7-b3fd-8f0a-aa0f-799b9cd7561a" testName="TimeRange_AllStreamsNoDataInRange_AutoLoopSet_PlaybackStops" computerName="DKSR-EFI-06" duration="00:00:00.0006198" startTime="2024-01-09T15:44:39.8886910+01:00" endTime="2024-01-09T15:44:39.8886910+01:00" testType="13cdc9d9-ddb5-4fa4-a97d-d965ccfc6d4b" outcome="Passed" testListId="8c84fa94-04c1-424b-9868-57a2d4851a1d" relativeResultsDirectory="fa8b08a4-3a31-45d0-a347-37300b385dde" />
    <UnitTestResult executionId="1f6adc16-d584-41db-a724-0fa83a859c8e" testId="40dd05f2-469e-5773-539d-eabb81250642" testName="Merge_NothingToMerge" computerName="DKSR-EFI-06" duration="00:00:00.0006078" startTime="2024-01-09T15:45:25.8419145+01:00" endTime="2024-01-09T15:45:25.8419145+01:00" testType="13cdc9d9-ddb5-4fa4-a97d-d965ccfc6d4b" outcome="Passed" testListId="8c84fa94-04c1-424b-9868-57a2d4851a1d" relativeResultsDirectory="1f6adc16-d584-41db-a724-0fa83a859c8e" />
    <UnitTestResult executionId="0f97acdb-4608-4b03-b9d2-29f5268d1a81" testId="83d97256-d95d-1f1b-8b5b-293ad2402af8" testName="PortMappingTest" computerName="DKSR-EFI-06" duration="00:00:00.0007270" startTime="2024-01-09T15:44:51.1231044+01:00" endTime="2024-01-09T15:44:51.1231044+01:00" testType="13cdc9d9-ddb5-4fa4-a97d-d965ccfc6d4b" outcome="Passed" testListId="8c84fa94-04c1-424b-9868-57a2d4851a1d" relativeResultsDirectory="0f97acdb-4608-4b03-b9d2-29f5268d1a81" />
    <UnitTestResult executionId="9e260c23-f582-445b-a651-79c28d3950e8" testId="9a5b1ab6-9c4e-ab09-df23-254811d2c167" testName="NoEventRightsFilterTest" computerName="DKSR-EFI-06" duration="00:00:00.0002748" startTime="2024-01-09T15:45:18.5450304+01:00" endTime="2024-01-09T15:45:18.5450304+01:00" testType="13cdc9d9-ddb5-4fa4-a97d-d965ccfc6d4b" outcome="Passed" testListId="8c84fa94-04c1-424b-9868-57a2d4851a1d" relativeResultsDirectory="9e260c23-f582-445b-a651-79c28d3950e8" />
    <UnitTestResult executionId="b8b0a6db-b5ba-455a-a4ac-cfafd768f3c5" testId="23f37eb5-62bb-5f8e-e896-e398dc0a460e" testName="Crop_SequenceAfterEnd" computerName="DKSR-EFI-06" duration="00:00:00.0002400" startTime="2024-01-09T15:45:25.8419145+01:00" endTime="2024-01-09T15:45:25.8419145+01:00" testType="13cdc9d9-ddb5-4fa4-a97d-d965ccfc6d4b" outcome="Passed" testListId="8c84fa94-04c1-424b-9868-57a2d4851a1d" relativeResultsDirectory="b8b0a6db-b5ba-455a-a4ac-cfafd768f3c5" />
    <UnitTestResult executionId="7032e762-bcd4-4a81-a48c-cbbf806803bc" testId="2853041e-991b-ff79-756b-e3b14825bd3e" testName="NotificationServer_CannotRegisterDisabledDevice" computerName="DKSR-EFI-06" duration="00:00:00.0995667" startTime="2024-01-09T15:45:15.7168969+01:00" endTime="2024-01-09T15:45:15.8262731+01:00" testType="13cdc9d9-ddb5-4fa4-a97d-d965ccfc6d4b" outcome="Passed" testListId="8c84fa94-04c1-424b-9868-57a2d4851a1d" relativeResultsDirectory="7032e762-bcd4-4a81-a48c-cbbf806803bc" />
    <UnitTestResult executionId="5ecc1525-d7a9-4351-b8cd-1e8883154664" testId="6cdf27ab-1813-f286-26f2-399f3b4e6106" testName="UpdateAbsConfigTest" computerName="DKSR-EFI-06" duration="00:00:00.2422300" startTime="2024-01-09T15:45:12.3888040+01:00" endTime="2024-01-09T15:45:12.6231394+01:00" testType="13cdc9d9-ddb5-4fa4-a97d-d965ccfc6d4b" outcome="Passed" testListId="8c84fa94-04c1-424b-9868-57a2d4851a1d" relativeResultsDirectory="5ecc1525-d7a9-4351-b8cd-1e8883154664" />
    <UnitTestResult executionId="12a98e89-97c7-476c-b6ca-925013452298" testId="f5b16325-6af3-abac-f53e-915906634947" testName="TestExportState" computerName="DKSR-EFI-06" duration="00:00:00.0039148" startTime="2024-01-09T15:45:25.8731646+01:00" endTime="2024-01-09T15:45:25.8731646+01:00" testType="13cdc9d9-ddb5-4fa4-a97d-d965ccfc6d4b" outcome="Passed" testListId="8c84fa94-04c1-424b-9868-57a2d4851a1d" relativeResultsDirectory="12a98e89-97c7-476c-b6ca-925013452298" />
    <UnitTestResult executionId="fd487f69-165e-46ab-9598-4dcacc8fa9e4" testId="a311c7b3-2734-d612-2398-a1c092915dcd" testName="AlarmAssignmentOtherUserFilterTest" computerName="DKSR-EFI-06" duration="00:00:00.0001784" startTime="2024-01-09T15:45:18.5450304+01:00" endTime="2024-01-09T15:45:18.5450304+01:00" testType="13cdc9d9-ddb5-4fa4-a97d-d965ccfc6d4b" outcome="Passed" testListId="8c84fa94-04c1-424b-9868-57a2d4851a1d" relativeResultsDirectory="fd487f69-165e-46ab-9598-4dcacc8fa9e4" />
    <UnitTestResult executionId="6fc56bb2-f463-4d97-b587-e66aaef79601" testId="bce7df3c-3eb5-4c4f-31cd-0c181bc6cd33" testName="NotifiedDeviceDBHelper_GetDevicesIds" computerName="DKSR-EFI-06" duration="00:00:00.0004113" startTime="2024-01-09T15:45:18.5450304+01:00" endTime="2024-01-09T15:45:18.5450304+01:00" testType="13cdc9d9-ddb5-4fa4-a97d-d965ccfc6d4b" outcome="Passed" testListId="8c84fa94-04c1-424b-9868-57a2d4851a1d" relativeResultsDirectory="6fc56bb2-f463-4d97-b587-e66aaef79601" />
    <UnitTestResult executionId="5f8ff372-4ca9-43cc-91e3-f5f93a25c6cc" testId="8df4aabb-df1c-d4e0-1e48-f71d5ceed661" testName="TestRegisteredDevice" computerName="DKSR-EFI-06" duration="00:00:00.7760845" startTime="2024-01-09T15:45:12.6231394+01:00" endTime="2024-01-09T15:45:13.4044333+01:00" testType="13cdc9d9-ddb5-4fa4-a97d-d965ccfc6d4b" outcome="Passed" testListId="8c84fa94-04c1-424b-9868-57a2d4851a1d" relativeResultsDirectory="5f8ff372-4ca9-43cc-91e3-f5f93a25c6cc" />
    <UnitTestResult executionId="f04a9e90-73ae-4617-90cb-48ae44b486cf" testId="deee3dc0-75b5-fc24-2903-a5220466860e" testName="NotifiedDeviceDBHelper_UpdateDeviceEnabledToDeviceState" computerName="DKSR-EFI-06" duration="00:00:00.0006733" startTime="2024-01-09T15:45:18.5450304+01:00" endTime="2024-01-09T15:45:18.5450304+01:00" testType="13cdc9d9-ddb5-4fa4-a97d-d965ccfc6d4b" outcome="Passed" testListId="8c84fa94-04c1-424b-9868-57a2d4851a1d" relativeResultsDirectory="f04a9e90-73ae-4617-90cb-48ae44b486cf" />
    <UnitTestResult executionId="e623b816-d076-48b2-8e5b-7abe89991997" testId="3aa36c85-2dd0-8b90-a278-398635156629" testName="NewConnectionGenerateNewExportDownloadLink" computerName="DKSR-EFI-06" duration="00:00:00.0001921" startTime="2024-01-09T15:45:25.9044156+01:00" endTime="2024-01-09T15:45:25.9044156+01:00" testType="13cdc9d9-ddb5-4fa4-a97d-d965ccfc6d4b" outcome="Passed" testListId="8c84fa94-04c1-424b-9868-57a2d4851a1d" relativeResultsDirectory="e623b816-d076-48b2-8e5b-7abe89991997" />
    <UnitTestResult executionId="7b4a74a4-7565-48d8-9315-a14b730990ff" testId="9645dae5-ba94-2236-6133-b9e0f5d7f87b" testName="TestCameras" computerName="DKSR-EFI-06" duration="00:00:00.0141825" startTime="2024-01-09T15:45:25.8731646+01:00" endTime="2024-01-09T15:45:25.8887908+01:00" testType="13cdc9d9-ddb5-4fa4-a97d-d965ccfc6d4b" outcome="Passed" testListId="8c84fa94-04c1-424b-9868-57a2d4851a1d" relativeResultsDirectory="7b4a74a4-7565-48d8-9315-a14b730990ff" />
    <UnitTestResult executionId="45a1de8e-f89e-4965-826f-60083c597c03" testId="78bd04e4-2057-fdd8-a42f-1e8e7f4f38ad" testName="RecievedDataIsSendToUploadChannel" computerName="DKSR-EFI-06" duration="00:00:00.0033695" startTime="2024-01-09T15:45:26.4356652+01:00" endTime="2024-01-09T15:45:26.4512897+01:00" testType="13cdc9d9-ddb5-4fa4-a97d-d965ccfc6d4b" outcome="Passed" testListId="8c84fa94-04c1-424b-9868-57a2d4851a1d" relativeResultsDirectory="45a1de8e-f89e-4965-826f-60083c597c03" />
    <UnitTestResult executionId="d5a1715a-feb6-4ed5-b89c-ef97c65ec187" testId="18a28ea3-7739-ff1d-58b7-57c3aac07295" testName="TestFramesAggregationGopQueueLen" computerName="DKSR-EFI-06" duration="00:00:00.0015880" startTime="2024-01-09T15:44:39.9043133+01:00" endTime="2024-01-09T15:44:39.9043133+01:00" testType="13cdc9d9-ddb5-4fa4-a97d-d965ccfc6d4b" outcome="Passed" testListId="8c84fa94-04c1-424b-9868-57a2d4851a1d" relativeResultsDirectory="d5a1715a-feb6-4ed5-b89c-ef97c65ec187" />
    <UnitTestResult executionId="af48c877-8073-411a-8e95-dc9843db22ad" testId="dde0b40b-c752-61eb-50c6-8b25ba051775" testName="Crop_SequenceFullyInside" computerName="DKSR-EFI-06" duration="00:00:00.0003895" startTime="2024-01-09T15:45:25.8419145+01:00" endTime="2024-01-09T15:45:25.8419145+01:00" testType="13cdc9d9-ddb5-4fa4-a97d-d965ccfc6d4b" outcome="Passed" testListId="8c84fa94-04c1-424b-9868-57a2d4851a1d" relativeResultsDirectory="af48c877-8073-411a-8e95-dc9843db22ad" />
    <UnitTestResult executionId="78c28bd5-a865-4dc5-ba0b-96b4695375e5" testId="4e718855-46c8-55f5-4bd0-fd38bd3c2be5" testName="MobileServerDiscoverableServiceTest" computerName="DKSR-EFI-06" duration="00:00:00.0039231" startTime="2024-01-09T15:44:51.1074819+01:00" endTime="2024-01-09T15:44:51.1074819+01:00" testType="13cdc9d9-ddb5-4fa4-a97d-d965ccfc6d4b" outcome="Passed" testListId="8c84fa94-04c1-424b-9868-57a2d4851a1d" relativeResultsDirectory="78c28bd5-a865-4dc5-ba0b-96b4695375e5" />
    <UnitTestResult executionId="de4a5aac-7b66-4bdd-b0cc-db8ede728634" testId="f9aed972-9288-8009-e68b-9fe007e08cf8" testName="MyAlarmsCurrentUserFilterTest" computerName="DKSR-EFI-06" duration="00:00:00.0002191" startTime="2024-01-09T15:45:18.5450304+01:00" endTime="2024-01-09T15:45:18.5450304+01:00" testType="13cdc9d9-ddb5-4fa4-a97d-d965ccfc6d4b" outcome="Passed" testListId="8c84fa94-04c1-424b-9868-57a2d4851a1d" relativeResultsDirectory="de4a5aac-7b66-4bdd-b0cc-db8ede728634" />
    <UnitTestResult executionId="b3e78d41-04f2-4b15-b03d-005a66ca2db3" testId="695947fd-ab15-af19-b497-109455963ef9" testName="TestAlarmReceipt" computerName="DKSR-EFI-06" duration="00:00:00.1882246" startTime="2024-01-09T15:45:13.8731410+01:00" endTime="2024-01-09T15:45:14.0606428+01:00" testType="13cdc9d9-ddb5-4fa4-a97d-d965ccfc6d4b" outcome="Passed" testListId="8c84fa94-04c1-424b-9868-57a2d4851a1d" relativeResultsDirectory="b3e78d41-04f2-4b15-b03d-005a66ca2db3" />
    <UnitTestResult executionId="dec25662-36e0-49bc-a0da-9a0e54497bd5" testId="e5e04b3f-2826-cffa-21a0-e432f2281dd4" testName="TestBaseConfiguration" computerName="DKSR-EFI-06" duration="00:00:00.0053403" startTime="2024-01-09T15:45:25.9669151+01:00" endTime="2024-01-09T15:45:25.9669151+01:00" testType="13cdc9d9-ddb5-4fa4-a97d-d965ccfc6d4b" outcome="Passed" testListId="8c84fa94-04c1-424b-9868-57a2d4851a1d" relativeResultsDirectory="dec25662-36e0-49bc-a0da-9a0e54497bd5" />
    <UnitTestResult executionId="822876f5-9f4c-4b52-85b4-6d6de03d65c0" testId="d4e06728-5906-573a-3773-ffea274f26ca" testName="MultiSourceSingleMessageTest" computerName="DKSR-EFI-06" duration="00:00:00.0006592" startTime="2024-01-09T15:45:18.5606551+01:00" endTime="2024-01-09T15:45:18.5606551+01:00" testType="13cdc9d9-ddb5-4fa4-a97d-d965ccfc6d4b" outcome="Passed" testListId="8c84fa94-04c1-424b-9868-57a2d4851a1d" relativeResultsDirectory="822876f5-9f4c-4b52-85b4-6d6de03d65c0" />
    <UnitTestResult executionId="84ea5949-0bfe-4035-9666-92ff44b2366d" testId="a3740e79-d506-520f-0d82-1a5c6712721d" testName="NotificationServer_ChangeServerMode (DeviceRegistrationOnly,Disabled,False,False)" computerName="DKSR-EFI-06" duration="00:00:00.1383837" startTime="2024-01-09T15:45:18.2013589+01:00" endTime="2024-01-09T15:45:18.3419052+01:00" testType="13cdc9d9-ddb5-4fa4-a97d-d965ccfc6d4b" outcome="Passed" testListId="8c84fa94-04c1-424b-9868-57a2d4851a1d" relativeResultsDirectory="84ea5949-0bfe-4035-9666-92ff44b2366d" />
    <UnitTestResult executionId="7794f743-8991-407c-978b-1a0679f33881" testId="5a554827-3a24-7d57-4eaa-c33dd72ab5e0" testName="NotifiedDeviceDBHelper_GetAllDeviceKeys" computerName="DKSR-EFI-06" duration="00:00:00.0006281" startTime="2024-01-09T15:45:18.5294029+01:00" endTime="2024-01-09T15:45:18.5450304+01:00" testType="13cdc9d9-ddb5-4fa4-a97d-d965ccfc6d4b" outcome="Passed" testListId="8c84fa94-04c1-424b-9868-57a2d4851a1d" relativeResultsDirectory="7794f743-8991-407c-978b-1a0679f33881" />
    <UnitTestResult executionId="67b18bc5-f2ac-4dcf-8834-17de29750d24" testId="0e23ecae-552e-9b69-7d09-db42501daec5" testName="NoTimeRange_NoStreams_PlaybackStops (False)" computerName="DKSR-EFI-06" duration="00:00:00.0000095" startTime="2024-01-09T15:44:39.8886910+01:00" endTime="2024-01-09T15:44:39.8886910+01:00" testType="13cdc9d9-ddb5-4fa4-a97d-d965ccfc6d4b" outcome="Passed" testListId="8c84fa94-04c1-424b-9868-57a2d4851a1d" relativeResultsDirectory="67b18bc5-f2ac-4dcf-8834-17de29750d24" />
    <UnitTestResult executionId="83702524-4ed4-4f39-8aa2-dfccdd42982a" testId="2b185191-d784-ef47-2960-91e966efe210" testName="InitializeAndSendDataToDirectSpeakControllerCorrectly" computerName="DKSR-EFI-06" duration="00:00:00.4608084" startTime="2024-01-09T15:45:25.9669151+01:00" endTime="2024-01-09T15:45:26.4356652+01:00" testType="13cdc9d9-ddb5-4fa4-a97d-d965ccfc6d4b" outcome="Passed" testListId="8c84fa94-04c1-424b-9868-57a2d4851a1d" relativeResultsDirectory="83702524-4ed4-4f39-8aa2-dfccdd42982a" />
    <UnitTestResult executionId="d55529db-bd9d-4100-bcc8-7bc11e3b57eb" testId="ed89c0c7-47b7-b30f-a4ea-f9701d2148bb" testName="GeneratingSameExportMoreThanOnceReturnsNewLink" computerName="DKSR-EFI-06" duration="00:00:00.0015688" startTime="2024-01-09T15:45:25.9044156+01:00" endTime="2024-01-09T15:45:25.9044156+01:00" testType="13cdc9d9-ddb5-4fa4-a97d-d965ccfc6d4b" outcome="Passed" testListId="8c84fa94-04c1-424b-9868-57a2d4851a1d" relativeResultsDirectory="d55529db-bd9d-4100-bcc8-7bc11e3b57eb" />
    <UnitTestResult executionId="14637012-8ad7-4851-aeb5-636cc99b5c17" testId="3befcbf9-d8fa-2b82-1621-be80176cac1d" testName="SentSourceLinesCompleteCleanupTest" computerName="DKSR-EFI-06" duration="00:00:00.0002833" startTime="2024-01-09T15:45:18.5450304+01:00" endTime="2024-01-09T15:45:18.5606551+01:00" testType="13cdc9d9-ddb5-4fa4-a97d-d965ccfc6d4b" outcome="Passed" testListId="8c84fa94-04c1-424b-9868-57a2d4851a1d" relativeResultsDirectory="14637012-8ad7-4851-aeb5-636cc99b5c17" />
    <UnitTestResult executionId="49042184-f9b1-40f2-886b-a3f2cdf9508c" testId="60a07504-8fea-3bbe-8282-290eda0bf4d1" testName="NewExportsGenerateNewExportDownloadLink" computerName="DKSR-EFI-06" duration="00:00:00.0001509" startTime="2024-01-09T15:45:25.9044156+01:00" endTime="2024-01-09T15:45:25.9044156+01:00" testType="13cdc9d9-ddb5-4fa4-a97d-d965ccfc6d4b" outcome="Passed" testListId="8c84fa94-04c1-424b-9868-57a2d4851a1d" relativeResultsDirectory="49042184-f9b1-40f2-886b-a3f2cdf9508c" />
    <UnitTestResult executionId="d01d5607-0a48-4edd-8bf1-b8305fce75a2" testId="da583c0c-cf07-1469-00b5-f41da10f88c7" testName="TokenManagerTest" computerName="DKSR-EFI-06" duration="00:00:03.0120534" startTime="2024-01-09T15:45:03.3106217+01:00" endTime="2024-01-09T15:45:06.3262557+01:00" testType="13cdc9d9-ddb5-4fa4-a97d-d965ccfc6d4b" outcome="Passed" testListId="8c84fa94-04c1-424b-9868-57a2d4851a1d" relativeResultsDirectory="d01d5607-0a48-4edd-8bf1-b8305fce75a2" />
    <UnitTestResult executionId="0a74d5d1-9e70-4fd8-95ae-d892ce099ac1" testId="579a5192-77f8-fad0-90fe-4c3df1479ce0" testName="TimeRange_AllStreamsOutOfRange_AutoLoopSet_PlaybackContinues_TimeChanged" computerName="DKSR-EFI-06" duration="00:00:00.0011577" startTime="2024-01-09T15:44:39.8886910+01:00" endTime="2024-01-09T15:44:39.8886910+01:00" testType="13cdc9d9-ddb5-4fa4-a97d-d965ccfc6d4b" outcome="Passed" testListId="8c84fa94-04c1-424b-9868-57a2d4851a1d" relativeResultsDirectory="0a74d5d1-9e70-4fd8-95ae-d892ce099ac1" />
    <UnitTestResult executionId="b065fcb7-6e5d-49c7-9da5-99e51d749894" testId="c2131a44-b7e4-51da-99b6-d8f5f9329b01" testName="RemoveAllExportLinksFromConnectionSuccessfully" computerName="DKSR-EFI-06" duration="00:00:00.0039099" startTime="2024-01-09T15:45:25.9044156+01:00" endTime="2024-01-09T15:45:25.9200406+01:00" testType="13cdc9d9-ddb5-4fa4-a97d-d965ccfc6d4b" outcome="Passed" testListId="8c84fa94-04c1-424b-9868-57a2d4851a1d" relativeResultsDirectory="b065fcb7-6e5d-49c7-9da5-99e51d749894" />
    <UnitTestResult executionId="d7c56d87-d967-4c6d-bdb3-7214a1a50f0e" testId="77a1622c-bf66-a2d4-b065-8f9849fd4883" testName="TimeRange_SomeStreamsOutOfRange_PlaybackContinues_TimeNotChanged" computerName="DKSR-EFI-06" duration="00:00:00.0007071" startTime="2024-01-09T15:44:39.8730631+01:00" endTime="2024-01-09T15:44:39.8730631+01:00" testType="13cdc9d9-ddb5-4fa4-a97d-d965ccfc6d4b" outcome="Passed" testListId="8c84fa94-04c1-424b-9868-57a2d4851a1d" relativeResultsDirectory="d7c56d87-d967-4c6d-bdb3-7214a1a50f0e" />
    <UnitTestResult executionId="7c25bce8-8459-437a-8d69-8b5fa93785da" testId="f1288a66-ac3c-4fa3-7a4a-0822a024fc17" testName="TestCreateSegmentFromGopOnValidGop" computerName="DKSR-EFI-06" duration="00:00:00.0046857" startTime="2024-01-09T15:44:50.2012276+01:00" endTime="2024-01-09T15:44:50.2168545+01:00" testType="13cdc9d9-ddb5-4fa4-a97d-d965ccfc6d4b" outcome="Passed" testListId="8c84fa94-04c1-424b-9868-57a2d4851a1d" relativeResultsDirectory="7c25bce8-8459-437a-8d69-8b5fa93785da" />
    <UnitTestResult executionId="76a76675-e677-4008-87e0-6118e6cb2442" testId="2dd92821-84cd-3706-32de-6e3e4bd4d8b1" testName="ToUtc" computerName="DKSR-EFI-06" duration="00:00:00.0004147" startTime="2024-01-09T15:45:25.8262899+01:00" endTime="2024-01-09T15:45:25.8262899+01:00" testType="13cdc9d9-ddb5-4fa4-a97d-d965ccfc6d4b" outcome="Passed" testListId="8c84fa94-04c1-424b-9868-57a2d4851a1d" relativeResultsDirectory="76a76675-e677-4008-87e0-6118e6cb2442" />
    <UnitTestResult executionId="142c47b2-20c1-427b-b20e-26fff7c2d8a6" testId="c7add7de-4d0b-fb53-4a9b-324c1c5812ce" testName="NoTimeRange_NoStreams_PlaybackStops (True)" computerName="DKSR-EFI-06" duration="00:00:00.0003956" startTime="2024-01-09T15:44:39.8730631+01:00" endTime="2024-01-09T15:44:39.8886910+01:00" testType="13cdc9d9-ddb5-4fa4-a97d-d965ccfc6d4b" outcome="Passed" testListId="8c84fa94-04c1-424b-9868-57a2d4851a1d" relativeResultsDirectory="142c47b2-20c1-427b-b20e-26fff7c2d8a6" />
    <UnitTestResult executionId="c6a4df1f-caee-4dd8-af11-8863ab717453" testId="c640307e-9481-70a9-2a00-aa4ccc00433d" testName="Process_EmptyCollection" computerName="DKSR-EFI-06" duration="00:00:00.0314374" startTime="2024-01-09T15:45:25.7794150+01:00" endTime="2024-01-09T15:45:25.8106648+01:00" testType="13cdc9d9-ddb5-4fa4-a97d-d965ccfc6d4b" outcome="Passed" testListId="8c84fa94-04c1-424b-9868-57a2d4851a1d" relativeResultsDirectory="c6a4df1f-caee-4dd8-af11-8863ab717453" />
    <UnitTestResult executionId="2d4077ea-2426-4d4c-b1e9-aed9ea819727" testId="b7ce506d-0747-c12c-34e2-8ca0d45c9b9c" testName="Merge_OverlappingSequences" computerName="DKSR-EFI-06" duration="00:00:00.0004723" startTime="2024-01-09T15:45:25.8419145+01:00" endTime="2024-01-09T15:45:25.8419145+01:00" testType="13cdc9d9-ddb5-4fa4-a97d-d965ccfc6d4b" outcome="Passed" testListId="8c84fa94-04c1-424b-9868-57a2d4851a1d" relativeResultsDirectory="2d4077ea-2426-4d4c-b1e9-aed9ea819727" />
    <UnitTestResult executionId="8bf45b1a-f6bf-4e46-9cc7-00514cae64a7" testId="29ba1001-e85e-5db6-4a20-38df39654f7a" testName="Process_Overall" computerName="DKSR-EFI-06" duration="00:00:00.0203700" startTime="2024-01-09T15:45:25.8106648+01:00" endTime="2024-01-09T15:45:25.8262899+01:00" testType="13cdc9d9-ddb5-4fa4-a97d-d965ccfc6d4b" outcome="Passed" testListId="8c84fa94-04c1-424b-9868-57a2d4851a1d" relativeResultsDirectory="8bf45b1a-f6bf-4e46-9cc7-00514cae64a7" />
    <UnitTestResult executionId="8978c483-8dcc-4396-8f93-c67873b6b7f3" testId="2c1a929f-c9aa-1a60-f5fb-d8c5d47630d2" testName="TestZipping" computerName="DKSR-EFI-06" duration="00:00:00.0000962" startTime="2024-01-09T15:45:25.9200406+01:00" endTime="2024-01-09T15:45:25.9200406+01:00" testType="13cdc9d9-ddb5-4fa4-a97d-d965ccfc6d4b" outcome="Passed" testListId="8c84fa94-04c1-424b-9868-57a2d4851a1d" relativeResultsDirectory="8978c483-8dcc-4396-8f93-c67873b6b7f3" />
    <UnitTestResult executionId="f9da1a65-4ba4-4029-aa65-7e5c6c1e4386" testId="75ef5a5e-0b0a-ffb2-f4ab-4e286bea63b5" testName="UpperBound_DefaultIfLessThanCount" computerName="DKSR-EFI-06" duration="00:00:00.0005214" startTime="2024-01-09T15:45:25.8419145+01:00" endTime="2024-01-09T15:45:25.8419145+01:00" testType="13cdc9d9-ddb5-4fa4-a97d-d965ccfc6d4b" outcome="Passed" testListId="8c84fa94-04c1-424b-9868-57a2d4851a1d" relativeResultsDirectory="f9da1a65-4ba4-4029-aa65-7e5c6c1e4386" />
    <UnitTestResult executionId="0520731c-e602-4478-ba00-20860ae73bdd" testId="cb83127f-c861-0ebd-8086-b84bc849a1ac" testName="TestClearNoPushDevices" computerName="DKSR-EFI-06" duration="00:00:00.3046434" startTime="2024-01-09T15:45:15.4200748+01:00" endTime="2024-01-09T15:45:15.7168969+01:00" testType="13cdc9d9-ddb5-4fa4-a97d-d965ccfc6d4b" outcome="Passed" testListId="8c84fa94-04c1-424b-9868-57a2d4851a1d" relativeResultsDirectory="0520731c-e602-4478-ba00-20860ae73bdd" />
    <UnitTestResult executionId="daaa2c7a-d52a-4de7-b8ed-d539234d90b0" testId="d76305e7-eb38-ea13-2074-090c736ef772" testName="MobileServerUpnpDeviceBuildFriendlyName_WhenMobileServerNameStartsWithMobileServerNameBefore2019R2_CorrectFriendlyNameIsBuild" computerName="DKSR-EFI-06" duration="00:00:00.0010147" startTime="2024-01-09T15:44:51.1231044+01:00" endTime="2024-01-09T15:44:51.1231044+01:00" testType="13cdc9d9-ddb5-4fa4-a97d-d965ccfc6d4b" outcome="Passed" testListId="8c84fa94-04c1-424b-9868-57a2d4851a1d" relativeResultsDirectory="daaa2c7a-d52a-4de7-b8ed-d539234d90b0" />
    <UnitTestResult executionId="786cb405-bed3-4627-8839-09d7c7bf3539" testId="fca5336a-ced5-0439-bd22-05d1f1795f4e" testName="ToUtcDictionary" computerName="DKSR-EFI-06" duration="00:00:00.0015466" startTime="2024-01-09T15:45:25.8262899+01:00" endTime="2024-01-09T15:45:25.8262899+01:00" testType="13cdc9d9-ddb5-4fa4-a97d-d965ccfc6d4b" outcome="Passed" testListId="8c84fa94-04c1-424b-9868-57a2d4851a1d" relativeResultsDirectory="786cb405-bed3-4627-8839-09d7c7bf3539" />
    <UnitTestResult executionId="40d04cc0-81e8-492a-ac6d-0d96c7d30e38" testId="2b87ffce-e4d4-85b6-4650-017451e5bd17" testName="NotificationServer_ChangeServerMode (Disabled,Enabled,True,True)" computerName="DKSR-EFI-06" duration="00:00:00.5861065" startTime="2024-01-09T15:45:16.6544007+01:00" endTime="2024-01-09T15:45:17.2325252+01:00" testType="13cdc9d9-ddb5-4fa4-a97d-d965ccfc6d4b" outcome="Passed" testListId="8c84fa94-04c1-424b-9868-57a2d4851a1d" relativeResultsDirectory="40d04cc0-81e8-492a-ac6d-0d96c7d30e38" />
    <UnitTestResult executionId="f0ba351c-d1b2-4eb3-bf3b-c3275360ec67" testId="73378cf6-5dcb-d709-99e8-4a0e77682327" testName="TestGetProgress" computerName="DKSR-EFI-06" duration="00:00:00.0004016" startTime="2024-01-09T15:45:25.9200406+01:00" endTime="2024-01-09T15:45:25.9200406+01:00" testType="13cdc9d9-ddb5-4fa4-a97d-d965ccfc6d4b" outcome="Passed" testListId="8c84fa94-04c1-424b-9868-57a2d4851a1d" relativeResultsDirectory="f0ba351c-d1b2-4eb3-bf3b-c3275360ec67" />
    <UnitTestResult executionId="25bb3308-f0a6-4b6c-9fc5-9b13a76b6e0b" testId="5295c69f-84fc-3969-b65c-cdc8732cf9b8" testName="TimeRange_AllStreamsOutOfRange_PlaybackStops_TimeNotChanged" computerName="DKSR-EFI-06" duration="00:00:00.0008304" startTime="2024-01-09T15:44:39.8730631+01:00" endTime="2024-01-09T15:44:39.8730631+01:00" testType="13cdc9d9-ddb5-4fa4-a97d-d965ccfc6d4b" outcome="Passed" testListId="8c84fa94-04c1-424b-9868-57a2d4851a1d" relativeResultsDirectory="25bb3308-f0a6-4b6c-9fc5-9b13a76b6e0b" />
    <UnitTestResult executionId="e9084814-1ba1-47f8-b239-7cc66900ec04" testId="83722fed-9211-3485-11c2-d17ce2deb4b9" testName="Merge_EmptyCollection" computerName="DKSR-EFI-06" duration="00:00:00.0002434" startTime="2024-01-09T15:45:25.8419145+01:00" endTime="2024-01-09T15:45:25.8419145+01:00" testType="13cdc9d9-ddb5-4fa4-a97d-d965ccfc6d4b" outcome="Passed" testListId="8c84fa94-04c1-424b-9868-57a2d4851a1d" relativeResultsDirectory="e9084814-1ba1-47f8-b239-7cc66900ec04" />
    <UnitTestResult executionId="39f87132-afc4-447b-bfbe-eb7384c51d2b" testId="34585e59-a803-6fcb-7bd4-5d1ad38d7fb5" testName="GetDeviceConfigTest" computerName="DKSR-EFI-06" startTime="2024-01-09T15:45:25.8887908+01:00" endTime="2024-01-09T15:45:25.8887908+01:00" testType="13cdc9d9-ddb5-4fa4-a97d-d965ccfc6d4b" outcome="NotExecuted" testListId="8c84fa94-04c1-424b-9868-57a2d4851a1d" relativeResultsDirectory="39f87132-afc4-447b-bfbe-eb7384c51d2b">
      <Output></Output>
    </UnitTestResult>
    <UnitTestResult executionId="4448fe37-ca0f-400e-82bf-d8ec9dc2ee64" testId="658e86cc-4813-7b16-0481-9782308e96a7" testName="DisposeAudioInChannelOnUploadError" computerName="DKSR-EFI-06" duration="00:00:00.0001656" startTime="2024-01-09T15:45:26.4512897+01:00" endTime="2024-01-09T15:45:26.4512897+01:00" testType="13cdc9d9-ddb5-4fa4-a97d-d965ccfc6d4b" outcome="Passed" testListId="8c84fa94-04c1-424b-9868-57a2d4851a1d" relativeResultsDirectory="4448fe37-ca0f-400e-82bf-d8ec9dc2ee64" />
    <UnitTestResult executionId="ee9c3d35-f294-4989-95f6-13347059b7f1" testId="b2d563c2-6970-cecf-45cc-5949c020c131" testName="LimitCount_EmptyCollection" computerName="DKSR-EFI-06" duration="00:00:00.0001874" startTime="2024-01-09T15:45:25.8419145+01:00" endTime="2024-01-09T15:45:25.8419145+01:00" testType="13cdc9d9-ddb5-4fa4-a97d-d965ccfc6d4b" outcome="Passed" testListId="8c84fa94-04c1-424b-9868-57a2d4851a1d" relativeResultsDirectory="ee9c3d35-f294-4989-95f6-13347059b7f1" />
    <UnitTestResult executionId="cf00166f-8fd5-4caf-a45e-b883993f55b6" testId="5d31ca96-f8e1-be4b-7139-b81c2885f7fd" testName="LowerBound_DefaultIfLessThanCount" computerName="DKSR-EFI-06" duration="00:00:00.0005321" startTime="2024-01-09T15:45:25.8262899+01:00" endTime="2024-01-09T15:45:25.8262899+01:00" testType="13cdc9d9-ddb5-4fa4-a97d-d965ccfc6d4b" outcome="Passed" testListId="8c84fa94-04c1-424b-9868-57a2d4851a1d" relativeResultsDirectory="cf00166f-8fd5-4caf-a45e-b883993f55b6" />
    <UnitTestResult executionId="736d7730-9554-4f14-a0ee-88641d7551d1" testId="d4eaed5b-26b4-9864-3ed2-85a270c3f157" testName="NoStreamsInitialized_PlaybackContinues_TimeNotChanged (False,False,False)" computerName="DKSR-EFI-06" duration="00:00:00.0000075" startTime="2024-01-09T15:44:39.8730631+01:00" endTime="2024-01-09T15:44:39.8730631+01:00" testType="13cdc9d9-ddb5-4fa4-a97d-d965ccfc6d4b" outcome="Passed" testListId="8c84fa94-04c1-424b-9868-57a2d4851a1d" relativeResultsDirectory="736d7730-9554-4f14-a0ee-88641d7551d1" />
    <UnitTestResult executionId="aa974196-5473-46a6-8e11-1703778eeae3" testId="bf6cf16c-c42a-3cbe-d87e-9569bbe97a62" testName="TestFrameNextTimeCorrector" computerName="DKSR-EFI-06" duration="00:00:00.0101559" startTime="2024-01-09T15:44:39.8886910+01:00" endTime="2024-01-09T15:44:39.8886910+01:00" testType="13cdc9d9-ddb5-4fa4-a97d-d965ccfc6d4b" outcome="Passed" testListId="8c84fa94-04c1-424b-9868-57a2d4851a1d" relativeResultsDirectory="aa974196-5473-46a6-8e11-1703778eeae3" />
    <UnitTestResult executionId="8b5a40b7-64f7-4d0f-9f9e-514694be6393" testId="e2731a75-1b03-d51a-7e54-b36a56587b51" testName="UpperBound_DefaultIfNoMatchingSequences" computerName="DKSR-EFI-06" duration="00:00:00.0004130" startTime="2024-01-09T15:45:25.8419145+01:00" endTime="2024-01-09T15:45:25.8419145+01:00" testType="13cdc9d9-ddb5-4fa4-a97d-d965ccfc6d4b" outcome="Passed" testListId="8c84fa94-04c1-424b-9868-57a2d4851a1d" relativeResultsDirectory="8b5a40b7-64f7-4d0f-9f9e-514694be6393" />
    <UnitTestResult executionId="f54def9b-bec3-4371-8f69-07f41356e844" testId="961e61e1-2456-e91e-5ec2-5a68128bd27e" testName="SingleSourceMultiMessageTest" computerName="DKSR-EFI-06" duration="00:00:00.0003914" startTime="2024-01-09T15:45:18.5606551+01:00" endTime="2024-01-09T15:45:18.5606551+01:00" testType="13cdc9d9-ddb5-4fa4-a97d-d965ccfc6d4b" outcome="Passed" testListId="8c84fa94-04c1-424b-9868-57a2d4851a1d" relativeResultsDirectory="f54def9b-bec3-4371-8f69-07f41356e844" />
    <UnitTestResult executionId="1a09aca2-1d00-4c80-95d8-10722da0c547" testId="836daa05-9d0b-9773-0687-23c510cd57d3" testName="NotificationServer_InitServerMode (Enabled,True,True)" computerName="DKSR-EFI-06" duration="00:00:00.3626921" startTime="2024-01-09T15:45:16.0919006+01:00" endTime="2024-01-09T15:45:16.4512744+01:00" testType="13cdc9d9-ddb5-4fa4-a97d-d965ccfc6d4b" outcome="Passed" testListId="8c84fa94-04c1-424b-9868-57a2d4851a1d" relativeResultsDirectory="1a09aca2-1d00-4c80-95d8-10722da0c547" />
    <UnitTestResult executionId="113d85fa-1a5c-4a0f-abfa-6b0fda75775d" testId="c0171c70-5cf1-4653-5869-cfba6434286f" testName="RemoveExportLinkSuccessfully" computerName="DKSR-EFI-06" duration="00:00:00.0003268" startTime="2024-01-09T15:45:25.9200406+01:00" endTime="2024-01-09T15:45:25.9200406+01:00" testType="13cdc9d9-ddb5-4fa4-a97d-d965ccfc6d4b" outcome="Passed" testListId="8c84fa94-04c1-424b-9868-57a2d4851a1d" relativeResultsDirectory="113d85fa-1a5c-4a0f-abfa-6b0fda75775d" />
    <UnitTestResult executionId="b93ff098-b667-4cbb-a1ef-5b286cfaa77f" testId="0524f5c3-615c-4bf8-dc64-458043869f5e" testName="CommandQueueTestAsyncGroupBase" computerName="DKSR-EFI-06" duration="00:00:02.6110463" startTime="2024-01-09T15:45:18.5606551+01:00" endTime="2024-01-09T15:45:21.1856592+01:00" testType="13cdc9d9-ddb5-4fa4-a97d-d965ccfc6d4b" outcome="Passed" testListId="8c84fa94-04c1-424b-9868-57a2d4851a1d" relativeResultsDirectory="b93ff098-b667-4cbb-a1ef-5b286cfaa77f" />
    <UnitTestResult executionId="319afc7e-dcf4-41ea-be82-10518cce69ba" testId="3e8e07f6-bd03-fa99-1b0c-1fe5f1198e8e" testName="MyAlarmsOtherUserFilterTest" computerName="DKSR-EFI-06" duration="00:00:00.0002566" startTime="2024-01-09T15:45:18.5450304+01:00" endTime="2024-01-09T15:45:18.5450304+01:00" testType="13cdc9d9-ddb5-4fa4-a97d-d965ccfc6d4b" outcome="Passed" testListId="8c84fa94-04c1-424b-9868-57a2d4851a1d" relativeResultsDirectory="319afc7e-dcf4-41ea-be82-10518cce69ba" />
    <UnitTestResult executionId="b40c92cf-64a6-49d8-9186-a17dcaa11cdf" testId="653eb4dd-8d66-7123-b216-dfc6e5abf3ae" testName="TestConvertion" computerName="DKSR-EFI-06" duration="00:00:00.0115345" startTime="2024-01-09T15:45:25.8575386+01:00" endTime="2024-01-09T15:45:25.8731646+01:00" testType="13cdc9d9-ddb5-4fa4-a97d-d965ccfc6d4b" outcome="Passed" testListId="8c84fa94-04c1-424b-9868-57a2d4851a1d" relativeResultsDirectory="b40c92cf-64a6-49d8-9186-a17dcaa11cdf" />
    <UnitTestResult executionId="e3db6676-4861-4944-bec7-aa75286e9ef2" testId="fdcbb6e5-5341-0c93-e066-96978cef9f19" testName="MobileServerUpnpDeviceTest" computerName="DKSR-EFI-06" duration="00:00:00.0120595" startTime="2024-01-09T15:44:51.1074819+01:00" endTime="2024-01-09T15:44:51.1231044+01:00" testType="13cdc9d9-ddb5-4fa4-a97d-d965ccfc6d4b" outcome="Passed" testListId="8c84fa94-04c1-424b-9868-57a2d4851a1d" relativeResultsDirectory="e3db6676-4861-4944-bec7-aa75286e9ef2" />
    <UnitTestResult executionId="70e9d8c2-5b66-4cfc-8000-740b91f751aa" testId="279cbe84-c17b-472a-0a2a-572a504dae3b" testName="FindNearest" computerName="DKSR-EFI-06" duration="00:00:00.0032698" startTime="2024-01-09T15:45:25.8575386+01:00" endTime="2024-01-09T15:45:25.8575386+01:00" testType="13cdc9d9-ddb5-4fa4-a97d-d965ccfc6d4b" outcome="Passed" testListId="8c84fa94-04c1-424b-9868-57a2d4851a1d" relativeResultsDirectory="70e9d8c2-5b66-4cfc-8000-740b91f751aa" />
    <UnitTestResult executionId="c900549b-78f7-483d-955e-8fa6e5f40539" testId="25300573-3b48-a1be-0745-3328f971699b" testName="TestUnregisteredDevice" computerName="DKSR-EFI-06" duration="00:00:00.4689469" startTime="2024-01-09T15:45:13.4044333+01:00" endTime="2024-01-09T15:45:13.8731410+01:00" testType="13cdc9d9-ddb5-4fa4-a97d-d965ccfc6d4b" outcome="Passed" testListId="8c84fa94-04c1-424b-9868-57a2d4851a1d" relativeResultsDirectory="c900549b-78f7-483d-955e-8fa6e5f40539" />
    <UnitTestResult executionId="b4b6bef9-2444-4f64-b46c-40ee5e7c761b" testId="3e272343-54e4-b6e0-28d3-9ed88f2a3af2" testName="NotificationServer_ClearMarkedForDeletionDevices" computerName="DKSR-EFI-06" duration="00:00:00.2626587" startTime="2024-01-09T15:45:15.8262731+01:00" endTime="2024-01-09T15:45:16.0919006+01:00" testType="13cdc9d9-ddb5-4fa4-a97d-d965ccfc6d4b" outcome="Passed" testListId="8c84fa94-04c1-424b-9868-57a2d4851a1d" relativeResultsDirectory="b4b6bef9-2444-4f64-b46c-40ee5e7c761b" />
    <UnitTestResult executionId="9149ec2d-3f8f-4d36-abb1-c07960c69b9f" testId="2d23c580-d5c9-130f-febf-facf0e24e9e0" testName="NotifiedDeviceDBHelper_GetValue" computerName="DKSR-EFI-06" duration="00:00:00.0019475" startTime="2024-01-09T15:45:18.5450304+01:00" endTime="2024-01-09T15:45:18.5450304+01:00" testType="13cdc9d9-ddb5-4fa4-a97d-d965ccfc6d4b" outcome="Passed" testListId="8c84fa94-04c1-424b-9868-57a2d4851a1d" relativeResultsDirectory="9149ec2d-3f8f-4d36-abb1-c07960c69b9f" />
    <UnitTestResult executionId="030347fe-6cf3-4773-9356-be7d7c19a467" testId="ab4cc8c7-b5cf-47fb-628a-af4dcea876cb" testName="LowerBound_DefaultIfEmpty" computerName="DKSR-EFI-06" duration="00:00:00.0002002" startTime="2024-01-09T15:45:25.8262899+01:00" endTime="2024-01-09T15:45:25.8262899+01:00" testType="13cdc9d9-ddb5-4fa4-a97d-d965ccfc6d4b" outcome="Passed" testListId="8c84fa94-04c1-424b-9868-57a2d4851a1d" relativeResultsDirectory="030347fe-6cf3-4773-9356-be7d7c19a467" />
    <UnitTestResult executionId="6f6cbc53-2cf5-42aa-9aa9-57346acf19cc" testId="555b5cb6-9cb1-c2b5-3e09-d0f300a8074a" testName="GenerateExportLinkSuccessfully" computerName="DKSR-EFI-06" duration="00:00:00.0043749" startTime="2024-01-09T15:45:25.9044156+01:00" endTime="2024-01-09T15:45:25.9044156+01:00" testType="13cdc9d9-ddb5-4fa4-a97d-d965ccfc6d4b" outcome="Passed" testListId="8c84fa94-04c1-424b-9868-57a2d4851a1d" relativeResultsDirectory="6f6cbc53-2cf5-42aa-9aa9-57346acf19cc" />
    <UnitTestResult executionId="c5a9ad7b-11f1-49e4-a3f3-b12fc830bf43" testId="8fcf50bc-e1ba-c4b7-d19c-1d238b2823ed" testName="PlaybackControllerTest" computerName="DKSR-EFI-06" duration="00:00:00.0901396" startTime="2024-01-09T15:44:39.6074419+01:00" endTime="2024-01-09T15:44:39.8418161+01:00" testType="13cdc9d9-ddb5-4fa4-a97d-d965ccfc6d4b" outcome="Passed" testListId="8c84fa94-04c1-424b-9868-57a2d4851a1d" relativeResultsDirectory="c5a9ad7b-11f1-49e4-a3f3-b12fc830bf43" />
    <UnitTestResult executionId="cbda8ddd-57bb-4264-9bd9-d7de5d7a3114" testId="a2a11fe6-064a-3d37-d6f7-9c854abeb75c" testName="NotificationServer_ChangeServerMode (Enabled,DeviceRegistrationOnly,True,False)" computerName="DKSR-EFI-06" duration="00:00:00.5014232" startTime="2024-01-09T15:45:17.4981519+01:00" endTime="2024-01-09T15:45:17.9981534+01:00" testType="13cdc9d9-ddb5-4fa4-a97d-d965ccfc6d4b" outcome="Passed" testListId="8c84fa94-04c1-424b-9868-57a2d4851a1d" relativeResultsDirectory="cbda8ddd-57bb-4264-9bd9-d7de5d7a3114" />
    <UnitTestResult executionId="bedca9db-cc06-4512-8fd1-8c8f5bcb2387" testId="28f50f77-b84e-324f-b0d1-cc36c433dd52" testName="TestFramesAggregator" computerName="DKSR-EFI-06" duration="00:00:10.2646388" startTime="2024-01-09T15:44:39.9355659+01:00" endTime="2024-01-09T15:44:50.2012276+01:00" testType="13cdc9d9-ddb5-4fa4-a97d-d965ccfc6d4b" outcome="Passed" testListId="8c84fa94-04c1-424b-9868-57a2d4851a1d" relativeResultsDirectory="bedca9db-cc06-4512-8fd1-8c8f5bcb2387" />
    <UnitTestResult executionId="896024f6-5f77-4089-9b8a-453d11604d69" testId="4e39aa95-59c8-50f5-8987-2a60a3d43e6f" testName="TestCorrectExportStatus" computerName="DKSR-EFI-06" duration="00:00:00.0003563" startTime="2024-01-09T15:45:25.9200406+01:00" endTime="2024-01-09T15:45:25.9200406+01:00" testType="13cdc9d9-ddb5-4fa4-a97d-d965ccfc6d4b" outcome="Passed" testListId="8c84fa94-04c1-424b-9868-57a2d4851a1d" relativeResultsDirectory="896024f6-5f77-4089-9b8a-453d11604d69" />
    <UnitTestResult executionId="75237a69-cd61-40d5-9175-3f0cf710aeff" testId="920689bb-83fd-a7a7-ce0c-fa7d4e91572e" testName="StrongPasswordMustBeValid" computerName="DKSR-EFI-06" duration="00:00:00.0022547" startTime="2024-01-09T15:45:25.9669151+01:00" endTime="2024-01-09T15:45:25.9669151+01:00" testType="13cdc9d9-ddb5-4fa4-a97d-d965ccfc6d4b" outcome="Passed" testListId="8c84fa94-04c1-424b-9868-57a2d4851a1d" relativeResultsDirectory="75237a69-cd61-40d5-9175-3f0cf710aeff">
      <Output>
        <StdOut>Generated Password: bqhrBSR3&#xD;
Generated Password: fbkIBY&lt;&gt;&#xD;
Generated Password: vofzqR6)</StdOut>
      </Output>
    </UnitTestResult>
    <UnitTestResult executionId="15531941-017b-4e90-9409-1a77b9ef7925" testId="a8a7d378-b5ac-a332-5874-3372faaecdfc" testName="TestStartup" computerName="DKSR-EFI-06" duration="00:00:00.5950939" startTime="2024-01-09T15:45:14.2325182+01:00" endTime="2024-01-09T15:45:14.8262710+01:00" testType="13cdc9d9-ddb5-4fa4-a97d-d965ccfc6d4b" outcome="Passed" testListId="8c84fa94-04c1-424b-9868-57a2d4851a1d" relativeResultsDirectory="15531941-017b-4e90-9409-1a77b9ef7925" />
    <UnitTestResult executionId="3c6a6da3-0828-44de-9217-5b0b2af66174" testId="ce333b82-4964-6cf6-8173-0208304aa4a3" testName="LimitCount_OneDirectional" computerName="DKSR-EFI-06" duration="00:00:00.0006003" startTime="2024-01-09T15:45:25.8419145+01:00" endTime="2024-01-09T15:45:25.8419145+01:00" testType="13cdc9d9-ddb5-4fa4-a97d-d965ccfc6d4b" outcome="Passed" testListId="8c84fa94-04c1-424b-9868-57a2d4851a1d" relativeResultsDirectory="3c6a6da3-0828-44de-9217-5b0b2af66174" />
    <UnitTestResult executionId="770d7ebc-150d-485d-bc2d-6ca0ed4070f7" testId="b50608b1-c43e-54e0-6398-43807433436a" testName="CameraRetrieverTest" computerName="DKSR-EFI-06" duration="00:00:00.0088280" startTime="2024-01-09T15:45:25.9200406+01:00" endTime="2024-01-09T15:45:25.9200406+01:00" testType="13cdc9d9-ddb5-4fa4-a97d-d965ccfc6d4b" outcome="Passed" testListId="8c84fa94-04c1-424b-9868-57a2d4851a1d" relativeResultsDirectory="770d7ebc-150d-485d-bc2d-6ca0ed4070f7" />
    <UnitTestResult executionId="5b013dd4-daf9-4b10-b913-0e21351da950" testId="4cfbeb6a-f462-186f-da32-c829f3bcd987" testName="NotificationServer_ChangeServerMode (Enabled,Disabled,False,False)" computerName="DKSR-EFI-06" duration="00:00:00.1890882" startTime="2024-01-09T15:45:18.0137793+01:00" endTime="2024-01-09T15:45:18.2013589+01:00" testType="13cdc9d9-ddb5-4fa4-a97d-d965ccfc6d4b" outcome="Passed" testListId="8c84fa94-04c1-424b-9868-57a2d4851a1d" relativeResultsDirectory="5b013dd4-daf9-4b10-b913-0e21351da950" />
    <UnitTestResult executionId="7c8b7fba-8962-413c-9d5b-c6295bc59353" testId="e0d40a78-0387-201e-8469-3b43e405314e" testName="PlaybackStopped_TimeNotChanged" computerName="DKSR-EFI-06" duration="00:00:00.0003107" startTime="2024-01-09T15:44:39.8730631+01:00" endTime="2024-01-09T15:44:39.8730631+01:00" testType="13cdc9d9-ddb5-4fa4-a97d-d965ccfc6d4b" outcome="Passed" testListId="8c84fa94-04c1-424b-9868-57a2d4851a1d" relativeResultsDirectory="7c8b7fba-8962-413c-9d5b-c6295bc59353" />
    <UnitTestResult executionId="f446a9cd-7ddd-4367-8e49-8522b7c9b3b7" testId="58f05b1e-bbb6-5ade-77e5-5dcdd9ed36fa" testName="ToUtcDictionary_EmptyCollection" computerName="DKSR-EFI-06" duration="00:00:00.0009256" startTime="2024-01-09T15:45:25.8262899+01:00" endTime="2024-01-09T15:45:25.8262899+01:00" testType="13cdc9d9-ddb5-4fa4-a97d-d965ccfc6d4b" outcome="Passed" testListId="8c84fa94-04c1-424b-9868-57a2d4851a1d" relativeResultsDirectory="f446a9cd-7ddd-4367-8e49-8522b7c9b3b7" />
    <UnitTestResult executionId="6dcaea65-697a-44f6-9f37-35418a54afbe" testId="e432e471-c708-c310-b770-c450d96b3ee7" testName="AlarmAssignmentCurrentUserFilterTest" computerName="DKSR-EFI-06" duration="00:00:00.0003953" startTime="2024-01-09T15:45:18.5450304+01:00" endTime="2024-01-09T15:45:18.5450304+01:00" testType="13cdc9d9-ddb5-4fa4-a97d-d965ccfc6d4b" outcome="Passed" testListId="8c84fa94-04c1-424b-9868-57a2d4851a1d" relativeResultsDirectory="6dcaea65-697a-44f6-9f37-35418a54afbe" />
    <UnitTestResult executionId="49167d0d-bd25-439e-98a2-7f16cc6c64ae" testId="7fbc5e13-38f8-1e17-d0ec-bf110ae4f9e2" testName="UpdateRegisteredDeviceOnUpgare (False,Disabled)" computerName="DKSR-EFI-06" duration="00:00:00.0000558" startTime="2024-01-09T15:45:14.9200213+01:00" endTime="2024-01-09T15:45:14.9200213+01:00" testType="13cdc9d9-ddb5-4fa4-a97d-d965ccfc6d4b" outcome="Passed" testListId="8c84fa94-04c1-424b-9868-57a2d4851a1d" relativeResultsDirectory="49167d0d-bd25-439e-98a2-7f16cc6c64ae" />
    <UnitTestResult executionId="518bd773-d5c7-4dc8-ac39-68f1b23aefc3" testId="fab1f9dc-62c6-d023-7967-d589b182e2a4" testName="CommandQueueTestAsyncGroupLoginAndLive" computerName="DKSR-EFI-06" duration="00:00:04.5377207" startTime="2024-01-09T15:45:21.1856592+01:00" endTime="2024-01-09T15:45:25.7169152+01:00" testType="13cdc9d9-ddb5-4fa4-a97d-d965ccfc6d4b" outcome="Passed" testListId="8c84fa94-04c1-424b-9868-57a2d4851a1d" relativeResultsDirectory="518bd773-d5c7-4dc8-ac39-68f1b23aefc3" />
    <UnitTestResult executionId="31a9c850-4ec2-423d-9348-53704b9ff245" testId="8d79fb97-d289-7165-e8e8-53b861b1a5c6" testName="UpdateRegisteredDevice" computerName="DKSR-EFI-06" duration="00:00:00.0941860" startTime="2024-01-09T15:45:14.8262710+01:00" endTime="2024-01-09T15:45:14.9200213+01:00" testType="13cdc9d9-ddb5-4fa4-a97d-d965ccfc6d4b" outcome="Passed" testListId="8c84fa94-04c1-424b-9868-57a2d4851a1d" relativeResultsDirectory="31a9c850-4ec2-423d-9348-53704b9ff245" />
    <UnitTestResult executionId="7cf6c2dc-0004-48b1-9f4e-20f07cae3168" testId="e1cf2555-2fda-1ced-b108-eb67bb0ed10d" testName="UpperBound_DefaultIfEmpty" computerName="DKSR-EFI-06" duration="00:00:00.0001844" startTime="2024-01-09T15:45:25.8419145+01:00" endTime="2024-01-09T15:45:25.8419145+01:00" testType="13cdc9d9-ddb5-4fa4-a97d-d965ccfc6d4b" outcome="Passed" testListId="8c84fa94-04c1-424b-9868-57a2d4851a1d" relativeResultsDirectory="7cf6c2dc-0004-48b1-9f4e-20f07cae3168" />
    <UnitTestResult executionId="6026a8e8-6090-48d4-b87e-b7fbfb6fbb30" testId="47f28ebf-77dc-40e5-9ce7-5f767b648730" testName="AnyIllegalCharsMustNotBeValid" computerName="DKSR-EFI-06" duration="00:00:00.0001522" startTime="2024-01-09T15:45:25.9669151+01:00" endTime="2024-01-09T15:45:25.9669151+01:00" testType="13cdc9d9-ddb5-4fa4-a97d-d965ccfc6d4b" outcome="Passed" testListId="8c84fa94-04c1-424b-9868-57a2d4851a1d" relativeResultsDirectory="6026a8e8-6090-48d4-b87e-b7fbfb6fbb30">
      <Output>
        <StdOut>Generated Password: bqhrBSR3п&#xD;
Generated Password: bkkBYZ&gt;|َо&#xD;
Generated Password: zqfytG6*َλَ</StdOut>
      </Output>
    </UnitTestResult>
    <UnitTestResult executionId="d1b5e768-e2e9-499d-b95a-723164c6c507" testId="543d883d-ed59-db37-1d69-5b31c89aa78b" testName="NotificationServer_ChangeServerMode (DeviceRegistrationOnly,Enabled,True,True)" computerName="DKSR-EFI-06" duration="00:00:00.2020611" startTime="2024-01-09T15:45:18.3419052+01:00" endTime="2024-01-09T15:45:18.5294029+01:00" testType="13cdc9d9-ddb5-4fa4-a97d-d965ccfc6d4b" outcome="Passed" testListId="8c84fa94-04c1-424b-9868-57a2d4851a1d" relativeResultsDirectory="d1b5e768-e2e9-499d-b95a-723164c6c507" />
    <UnitTestResult executionId="72ed6d9d-b159-44f0-8e6a-8b5aaa1752a4" testId="9ae58192-902d-45ad-da74-16152cfd7e09" testName="TestExtractToFrame" computerName="DKSR-EFI-06" duration="00:00:00.0004392" startTime="2024-01-09T15:44:39.9043133+01:00" endTime="2024-01-09T15:44:39.9043133+01:00" testType="13cdc9d9-ddb5-4fa4-a97d-d965ccfc6d4b" outcome="Passed" testListId="8c84fa94-04c1-424b-9868-57a2d4851a1d" relativeResultsDirectory="72ed6d9d-b159-44f0-8e6a-8b5aaa1752a4" />
  </Results>
  <TestDefinitions>
    <UnitTest name="NoTimeRange_NoStreams_PlaybackStops (False)" storage="d:\actions-runner\_work\xpco\xpco\mobile\mobileserver\mobileserverbinaries\videoos.mobile.server.test\bin\debug\net472\videoos.mobile.server.service.test.dll" id="0e23ecae-552e-9b69-7d09-db42501daec5">
      <TestCategory>
        <TestCategoryItem TestCategory="Fast" />
      </TestCategory>
      <Execution id="67b18bc5-f2ac-4dcf-8834-17de29750d24" />
      <TestMethod codeBase="D:\actions-runner\_work\XPCO\XPCO\Mobile\MobileServer\MobileServerBinaries\VideoOS.Mobile.Server.Test\bin\Debug\net472\VideoOS.Mobile.Server.Service.Test.dll" adapterTypeName="executor://mstestadapter/v2" className="VideoOS.Mobile.Server.Service.Test.VideoSource.Controllers.PlaybackTimeHandlerTests" name="NoTimeRange_NoStreams_PlaybackStops" />
    </UnitTest>
    <UnitTest name="UpdateRegisteredDeviceOnUpgare (True,Enabled)" storage="d:\actions-runner\_work\xpco\xpco\mobile\mobileserver\mobileserverbinaries\videoos.mobile.server.test\bin\debug\net472\videoos.mobile.server.service.test.dll" id="105eb106-4501-2c1c-557a-c47834ab3f90">
      <TestCategory>
        <TestCategoryItem TestCategory="Fast" />
      </TestCategory>
      <Execution id="37e48b80-f452-47c1-b3f1-4385d1cb214c" />
      <TestMethod codeBase="D:\actions-runner\_work\XPCO\XPCO\Mobile\MobileServer\MobileServerBinaries\VideoOS.Mobile.Server.Test\bin\Debug\net472\VideoOS.Mobile.Server.Service.Test.dll" adapterTypeName="executor://mstestadapter/v2" className="VideoOS.Mobile.Server.Service.Test.Notifications.NotificationServerTests" name="UpdateRegisteredDeviceOnUpgare" />
    </UnitTest>
    <UnitTest name="PortMappingTest" storage="d:\actions-runner\_work\xpco\xpco\mobile\mobileserver\mobileserverbinaries\videoos.mobile.server.test\bin\debug\net472\videoos.mobile.server.service.test.dll" id="83d97256-d95d-1f1b-8b5b-293ad2402af8">
      <TestCategory>
        <TestCategoryItem TestCategory="Fast" />
      </TestCategory>
      <Execution id="0f97acdb-4608-4b03-b9d2-29f5268d1a81" />
      <TestMethod codeBase="D:\actions-runner\_work\XPCO\XPCO\Mobile\MobileServer\MobileServerBinaries\VideoOS.Mobile.Server.Test\bin\Debug\net472\VideoOS.Mobile.Server.Service.Test.dll" adapterTypeName="executor://mstestadapter/v2" className="VideoOS.Mobile.Server.Service.Test.Upnp.StaticPortMappingTests" name="PortMappingTest" />
    </UnitTest>
    <UnitTest name="TimeRange_AllStreamsOutOfRange_PlaybackStops_TimeNotChanged" storage="d:\actions-runner\_work\xpco\xpco\mobile\mobileserver\mobileserverbinaries\videoos.mobile.server.test\bin\debug\net472\videoos.mobile.server.service.test.dll" id="5295c69f-84fc-3969-b65c-cdc8732cf9b8">
      <Execution id="25bb3308-f0a6-4b6c-9fc5-9b13a76b6e0b" />
      <TestMethod codeBase="D:\actions-runner\_work\XPCO\XPCO\Mobile\MobileServer\MobileServerBinaries\VideoOS.Mobile.Server.Test\bin\Debug\net472\VideoOS.Mobile.Server.Service.Test.dll" adapterTypeName="executor://mstestadapter/v2" className="VideoOS.Mobile.Server.Service.Test.VideoSource.Controllers.PlaybackTimeHandlerTests" name="TimeRange_AllStreamsOutOfRange_PlaybackStops_TimeNotChanged" />
    </UnitTest>
    <UnitTest name="TokenManagerClearExpiredTokens" storage="d:\actions-runner\_work\xpco\xpco\mobile\mobileserver\mobileserverbinaries\videoos.mobile.server.test\bin\debug\net472\videoos.mobile.server.service.test.dll" id="fcae8197-aba3-439b-e6ab-3260871df93d">
      <TestCategory>
        <TestCategoryItem TestCategory="LongRunning" />
      </TestCategory>
      <Execution id="f3e19ca9-2724-4450-ab10-b80ef6a34367" />
      <TestMethod codeBase="D:\actions-runner\_work\XPCO\XPCO\Mobile\MobileServer\MobileServerBinaries\VideoOS.Mobile.Server.Test\bin\Debug\net472\VideoOS.Mobile.Server.Service.Test.dll" adapterTypeName="executor://mstestadapter/v2" className="VideoOS.Mobile.Server.Service.Test.TwoStepsVerification.TokenManagerTests" name="TokenManagerClearExpiredTokens" />
    </UnitTest>
    <UnitTest name="ExportLinkMappingIsSingelton" storage="d:\actions-runner\_work\xpco\xpco\mobile\mobileserver\mobileserverbinaries\videoos.mobile.server.test\bin\debug\net472\videoos.mobile.server.service.test.dll" id="46bd0804-5338-80c3-8d7e-1ba4019c4ebb">
      <Execution id="8e3358d2-c168-440c-992b-f02a9f03d41f" />
      <TestMethod codeBase="D:\actions-runner\_work\XPCO\XPCO\Mobile\MobileServer\MobileServerBinaries\VideoOS.Mobile.Server.Test\bin\Debug\net472\VideoOS.Mobile.Server.Service.Test.dll" adapterTypeName="executor://mstestadapter/v2" className="VideoOS.Mobile.Server.Service.Test.Export.Mappings.ExportLinkMappingsTests" name="ExportLinkMappingIsSingelton" />
    </UnitTest>
    <UnitTest name="LimitCount_BiDirectional_CenterTimeIsBetweenSequences" storage="d:\actions-runner\_work\xpco\xpco\mobile\mobileserver\mobileserverbinaries\videoos.mobile.server.test\bin\debug\net472\videoos.mobile.server.service.test.dll" id="843241bc-70a1-5e2d-a99f-163982b0c2ea">
      <TestCategory>
        <TestCategoryItem TestCategory="Fast" />
      </TestCategory>
      <Execution id="3e070b1b-049a-448a-bd47-acf99153826a" />
      <TestMethod codeBase="D:\actions-runner\_work\XPCO\XPCO\Mobile\MobileServer\MobileServerBinaries\VideoOS.Mobile.Server.Test\bin\Debug\net472\VideoOS.Mobile.Server.Service.Test.dll" adapterTypeName="executor://mstestadapter/v2" className="VideoOS.Mobile.Server.Service.Test.MetaChannel.CommChannel.SequenceHelperTests" name="LimitCount_BiDirectional_CenterTimeIsBetweenSequences" />
    </UnitTest>
    <UnitTest name="NotifiedDeviceDBHelper_GetValue" storage="d:\actions-runner\_work\xpco\xpco\mobile\mobileserver\mobileserverbinaries\videoos.mobile.server.test\bin\debug\net472\videoos.mobile.server.service.test.dll" id="2d23c580-d5c9-130f-febf-facf0e24e9e0">
      <TestCategory>
        <TestCategoryItem TestCategory="Fast" />
      </TestCategory>
      <Execution id="9149ec2d-3f8f-4d36-abb1-c07960c69b9f" />
      <TestMethod codeBase="D:\actions-runner\_work\XPCO\XPCO\Mobile\MobileServer\MobileServerBinaries\VideoOS.Mobile.Server.Test\bin\Debug\net472\VideoOS.Mobile.Server.Service.Test.dll" adapterTypeName="executor://mstestadapter/v2" className="VideoOS.Mobile.Server.Service.Test.Notifications.NotifiedDeviceDBHelperTests" name="NotifiedDeviceDBHelper_GetValue" />
    </UnitTest>
    <UnitTest name="LowerBound_DefaultIfLessThanCount" storage="d:\actions-runner\_work\xpco\xpco\mobile\mobileserver\mobileserverbinaries\videoos.mobile.server.test\bin\debug\net472\videoos.mobile.server.service.test.dll" id="5d31ca96-f8e1-be4b-7139-b81c2885f7fd">
      <TestCategory>
        <TestCategoryItem TestCategory="Fast" />
      </TestCategory>
      <Execution id="cf00166f-8fd5-4caf-a45e-b883993f55b6" />
      <TestMethod codeBase="D:\actions-runner\_work\XPCO\XPCO\Mobile\MobileServer\MobileServerBinaries\VideoOS.Mobile.Server.Test\bin\Debug\net472\VideoOS.Mobile.Server.Service.Test.dll" adapterTypeName="executor://mstestadapter/v2" className="VideoOS.Mobile.Server.Service.Test.MetaChannel.CommChannel.SequenceHelperTests" name="LowerBound_DefaultIfLessThanCount" />
    </UnitTest>
    <UnitTest name="TestFramesAggregationGopNullData" storage="d:\actions-runner\_work\xpco\xpco\mobile\mobileserver\mobileserverbinaries\videoos.mobile.server.test\bin\debug\net472\videoos.mobile.server.service.test.dll" id="0fb4c8ba-4032-76a8-fe53-e54b18754bf3">
      <TestCategory>
        <TestCategoryItem TestCategory="Fast" />
      </TestCategory>
      <Execution id="8c154dc5-9962-44b2-ba9f-91666a347264" />
      <TestMethod codeBase="D:\actions-runner\_work\XPCO\XPCO\Mobile\MobileServer\MobileServerBinaries\VideoOS.Mobile.Server.Test\bin\Debug\net472\VideoOS.Mobile.Server.Service.Test.dll" adapterTypeName="executor://mstestadapter/v2" className="VideoOS.Mobile.Server.Service.Test.VideoSegmentation.FramesAggregationGopTest" name="TestFramesAggregationGopNullData" />
    </UnitTest>
    <UnitTest name="MobileServerUpnpDeviceBuildFriendlyName_WhenMobileServerNameDoesNotStartsWithOemMobileServerFullProductName_OR_MobileServerNameBefore2019R2_CorrectFriendlyNameIsBuild" storage="d:\actions-runner\_work\xpco\xpco\mobile\mobileserver\mobileserverbinaries\videoos.mobile.server.test\bin\debug\net472\videoos.mobile.server.service.test.dll" id="60cd8535-a353-91ae-9fb6-53de2782725a">
      <TestCategory>
        <TestCategoryItem TestCategory="Fast" />
      </TestCategory>
      <Execution id="0e450493-1353-4eff-b302-1f7c84538bc9" />
      <TestMethod codeBase="D:\actions-runner\_work\XPCO\XPCO\Mobile\MobileServer\MobileServerBinaries\VideoOS.Mobile.Server.Test\bin\Debug\net472\VideoOS.Mobile.Server.Service.Test.dll" adapterTypeName="executor://mstestadapter/v2" className="VideoOS.Mobile.Server.Service.Test.Upnp.MobileServerUpnpDeviceTests" name="MobileServerUpnpDeviceBuildFriendlyName_WhenMobileServerNameDoesNotStartsWithOemMobileServerFullProductName_OR_MobileServerNameBefore2019R2_CorrectFriendlyNameIsBuild" />
    </UnitTest>
    <UnitTest name="DisposeAudioInChannelOnUploadError" storage="d:\actions-runner\_work\xpco\xpco\mobile\mobileserver\mobileserverbinaries\videoos.mobile.server.test\bin\debug\net472\videoos.mobile.server.service.test.dll" id="658e86cc-4813-7b16-0481-9782308e96a7">
      <TestCategory>
        <TestCategoryItem TestCategory="Fast" />
      </TestCategory>
      <Execution id="4448fe37-ca0f-400e-82bf-d8ec9dc2ee64" />
      <TestMethod codeBase="D:\actions-runner\_work\XPCO\XPCO\Mobile\MobileServer\MobileServerBinaries\VideoOS.Mobile.Server.Test\bin\Debug\net472\VideoOS.Mobile.Server.Service.Test.dll" adapterTypeName="executor://mstestadapter/v2" className="VideoOS.Mobile.Server.Service.Test.AudioChannel.AudioChannelInTests" name="DisposeAudioInChannelOnUploadError" />
    </UnitTest>
    <UnitTest name="SingleSourceMultiMessageTest" storage="d:\actions-runner\_work\xpco\xpco\mobile\mobileserver\mobileserverbinaries\videoos.mobile.server.test\bin\debug\net472\videoos.mobile.server.service.test.dll" id="961e61e1-2456-e91e-5ec2-5a68128bd27e">
      <Execution id="f54def9b-bec3-4371-8f69-07f41356e844" />
      <TestMethod codeBase="D:\actions-runner\_work\XPCO\XPCO\Mobile\MobileServer\MobileServerBinaries\VideoOS.Mobile.Server.Test\bin\Debug\net472\VideoOS.Mobile.Server.Service.Test.dll" adapterTypeName="executor://mstestadapter/v2" className="VideoOS.Mobile.Server.Service.Test.Notifications.NotifiedDeviceTests" name="SingleSourceMultiMessageTest" />
    </UnitTest>
    <UnitTest name="Merge_SubSequence" storage="d:\actions-runner\_work\xpco\xpco\mobile\mobileserver\mobileserverbinaries\videoos.mobile.server.test\bin\debug\net472\videoos.mobile.server.service.test.dll" id="3b2326b4-63b3-e03b-fffe-67a3b45e5d92">
      <TestCategory>
        <TestCategoryItem TestCategory="Fast" />
      </TestCategory>
      <Execution id="f2e06a38-174a-4c23-b7e2-996915413e1b" />
      <TestMethod codeBase="D:\actions-runner\_work\XPCO\XPCO\Mobile\MobileServer\MobileServerBinaries\VideoOS.Mobile.Server.Test\bin\Debug\net472\VideoOS.Mobile.Server.Service.Test.dll" adapterTypeName="executor://mstestadapter/v2" className="VideoOS.Mobile.Server.Service.Test.MetaChannel.CommChannel.SequenceHelperTests" name="Merge_SubSequence" />
    </UnitTest>
    <UnitTest name="NewConnectionGenerateNewExportDownloadLink" storage="d:\actions-runner\_work\xpco\xpco\mobile\mobileserver\mobileserverbinaries\videoos.mobile.server.test\bin\debug\net472\videoos.mobile.server.service.test.dll" id="3aa36c85-2dd0-8b90-a278-398635156629">
      <Execution id="e623b816-d076-48b2-8e5b-7abe89991997" />
      <TestMethod codeBase="D:\actions-runner\_work\XPCO\XPCO\Mobile\MobileServer\MobileServerBinaries\VideoOS.Mobile.Server.Test\bin\Debug\net472\VideoOS.Mobile.Server.Service.Test.dll" adapterTypeName="executor://mstestadapter/v2" className="VideoOS.Mobile.Server.Service.Test.Export.Mappings.ExportLinkMappingsTests" name="NewConnectionGenerateNewExportDownloadLink" />
    </UnitTest>
    <UnitTest name="DontRecieveInAppOnDenyInAppFlag" storage="d:\actions-runner\_work\xpco\xpco\mobile\mobileserver\mobileserverbinaries\videoos.mobile.server.test\bin\debug\net472\videoos.mobile.server.service.test.dll" id="5bcd8085-565e-3649-4d2d-b4e01d6be2d9">
      <TestCategory>
        <TestCategoryItem TestCategory="LongRunning" />
      </TestCategory>
      <Execution id="8b0cabbc-5bc8-492f-8b5d-b2750c9f043b" />
      <TestMethod codeBase="D:\actions-runner\_work\XPCO\XPCO\Mobile\MobileServer\MobileServerBinaries\VideoOS.Mobile.Server.Test\bin\Debug\net472\VideoOS.Mobile.Server.Service.Test.dll" adapterTypeName="executor://mstestadapter/v2" className="VideoOS.Mobile.Server.Service.Test.Notifications.NotificationServerTests" name="DontRecieveInAppOnDenyInAppFlag" />
    </UnitTest>
    <UnitTest name="NotificationServer_ChangeServerMode (Enabled,Disabled,False,False)" storage="d:\actions-runner\_work\xpco\xpco\mobile\mobileserver\mobileserverbinaries\videoos.mobile.server.test\bin\debug\net472\videoos.mobile.server.service.test.dll" id="4cfbeb6a-f462-186f-da32-c829f3bcd987">
      <TestCategory>
        <TestCategoryItem TestCategory="Fast" />
      </TestCategory>
      <Execution id="5b013dd4-daf9-4b10-b913-0e21351da950" />
      <TestMethod codeBase="D:\actions-runner\_work\XPCO\XPCO\Mobile\MobileServer\MobileServerBinaries\VideoOS.Mobile.Server.Test\bin\Debug\net472\VideoOS.Mobile.Server.Service.Test.dll" adapterTypeName="executor://mstestadapter/v2" className="VideoOS.Mobile.Server.Service.Test.Notifications.NotificationServerTests" name="NotificationServer_ChangeServerMode" />
    </UnitTest>
    <UnitTest name="TestStartup" storage="d:\actions-runner\_work\xpco\xpco\mobile\mobileserver\mobileserverbinaries\videoos.mobile.server.test\bin\debug\net472\videoos.mobile.server.service.test.dll" id="a8a7d378-b5ac-a332-5874-3372faaecdfc">
      <TestCategory>
        <TestCategoryItem TestCategory="LongRunning" />
      </TestCategory>
      <Execution id="15531941-017b-4e90-9409-1a77b9ef7925" />
      <TestMethod codeBase="D:\actions-runner\_work\XPCO\XPCO\Mobile\MobileServer\MobileServerBinaries\VideoOS.Mobile.Server.Test\bin\Debug\net472\VideoOS.Mobile.Server.Service.Test.dll" adapterTypeName="executor://mstestadapter/v2" className="VideoOS.Mobile.Server.Service.Test.Notifications.NotificationServerTests" name="TestStartup" />
    </UnitTest>
    <UnitTest name="MobileServerUpnpDeviceBuildFriendlyName_WhenMobileServerNameStartsWithMobileServerNameBefore2019R2_CorrectFriendlyNameIsBuild" storage="d:\actions-runner\_work\xpco\xpco\mobile\mobileserver\mobileserverbinaries\videoos.mobile.server.test\bin\debug\net472\videoos.mobile.server.service.test.dll" id="d76305e7-eb38-ea13-2074-090c736ef772">
      <TestCategory>
        <TestCategoryItem TestCategory="Fast" />
      </TestCategory>
      <Execution id="daaa2c7a-d52a-4de7-b8ed-d539234d90b0" />
      <TestMethod codeBase="D:\actions-runner\_work\XPCO\XPCO\Mobile\MobileServer\MobileServerBinaries\VideoOS.Mobile.Server.Test\bin\Debug\net472\VideoOS.Mobile.Server.Service.Test.dll" adapterTypeName="executor://mstestadapter/v2" className="VideoOS.Mobile.Server.Service.Test.Upnp.MobileServerUpnpDeviceTests" name="MobileServerUpnpDeviceBuildFriendlyName_WhenMobileServerNameStartsWithMobileServerNameBefore2019R2_CorrectFriendlyNameIsBuild" />
    </UnitTest>
    <UnitTest name="Merge_AdjacentSequences" storage="d:\actions-runner\_work\xpco\xpco\mobile\mobileserver\mobileserverbinaries\videoos.mobile.server.test\bin\debug\net472\videoos.mobile.server.service.test.dll" id="077bdfe8-738a-3fb7-a4c9-2fba8c404517">
      <TestCategory>
        <TestCategoryItem TestCategory="Fast" />
      </TestCategory>
      <Execution id="a38506df-6dd3-4f68-9b88-5d0f14062ab6" />
      <TestMethod codeBase="D:\actions-runner\_work\XPCO\XPCO\Mobile\MobileServer\MobileServerBinaries\VideoOS.Mobile.Server.Test\bin\Debug\net472\VideoOS.Mobile.Server.Service.Test.dll" adapterTypeName="executor://mstestadapter/v2" className="VideoOS.Mobile.Server.Service.Test.MetaChannel.CommChannel.SequenceHelperTests" name="Merge_AdjacentSequences" />
    </UnitTest>
    <UnitTest name="TimeRange_SomeStreamsCannotContinue_AutoLoopSet_PlaybackContinues_TimeNotChanged" storage="d:\actions-runner\_work\xpco\xpco\mobile\mobileserver\mobileserverbinaries\videoos.mobile.server.test\bin\debug\net472\videoos.mobile.server.service.test.dll" id="616609a2-f6e9-375f-176e-f91e4c250a85">
      <TestCategory>
        <TestCategoryItem TestCategory="Fast" />
      </TestCategory>
      <Execution id="7a65023f-956c-434b-a71b-dfe870421dd1" />
      <TestMethod codeBase="D:\actions-runner\_work\XPCO\XPCO\Mobile\MobileServer\MobileServerBinaries\VideoOS.Mobile.Server.Test\bin\Debug\net472\VideoOS.Mobile.Server.Service.Test.dll" adapterTypeName="executor://mstestadapter/v2" className="VideoOS.Mobile.Server.Service.Test.VideoSource.Controllers.PlaybackTimeHandlerTests" name="TimeRange_SomeStreamsCannotContinue_AutoLoopSet_PlaybackContinues_TimeNotChanged" />
    </UnitTest>
    <UnitTest name="TestAlarmReceipt" storage="d:\actions-runner\_work\xpco\xpco\mobile\mobileserver\mobileserverbinaries\videoos.mobile.server.test\bin\debug\net472\videoos.mobile.server.service.test.dll" id="695947fd-ab15-af19-b497-109455963ef9">
      <TestCategory>
        <TestCategoryItem TestCategory="LongRunning" />
      </TestCategory>
      <Execution id="b3e78d41-04f2-4b15-b03d-005a66ca2db3" />
      <TestMethod codeBase="D:\actions-runner\_work\XPCO\XPCO\Mobile\MobileServer\MobileServerBinaries\VideoOS.Mobile.Server.Test\bin\Debug\net472\VideoOS.Mobile.Server.Service.Test.dll" adapterTypeName="executor://mstestadapter/v2" className="VideoOS.Mobile.Server.Service.Test.Notifications.NotificationServerTests" name="TestAlarmReceipt" />
    </UnitTest>
    <UnitTest name="ResolveOriginalExportLinkReturnsSameEntryOnNonSuccess" storage="d:\actions-runner\_work\xpco\xpco\mobile\mobileserver\mobileserverbinaries\videoos.mobile.server.test\bin\debug\net472\videoos.mobile.server.service.test.dll" id="72f5d9c9-2aca-601b-72f8-40c336335eb1">
      <Execution id="acb287b0-4660-49ed-bcff-4941f8eb48cd" />
      <TestMethod codeBase="D:\actions-runner\_work\XPCO\XPCO\Mobile\MobileServer\MobileServerBinaries\VideoOS.Mobile.Server.Test\bin\Debug\net472\VideoOS.Mobile.Server.Service.Test.dll" adapterTypeName="executor://mstestadapter/v2" className="VideoOS.Mobile.Server.Service.Test.Export.Mappings.ExportLinkMappingsTests" name="ResolveOriginalExportLinkReturnsSameEntryOnNonSuccess" />
    </UnitTest>
    <UnitTest name="NotificationServer_ChangeServerMode (Disabled,Enabled,True,True)" storage="d:\actions-runner\_work\xpco\xpco\mobile\mobileserver\mobileserverbinaries\videoos.mobile.server.test\bin\debug\net472\videoos.mobile.server.service.test.dll" id="2b87ffce-e4d4-85b6-4650-017451e5bd17">
      <TestCategory>
        <TestCategoryItem TestCategory="Fast" />
      </TestCategory>
      <Execution id="40d04cc0-81e8-492a-ac6d-0d96c7d30e38" />
      <TestMethod codeBase="D:\actions-runner\_work\XPCO\XPCO\Mobile\MobileServer\MobileServerBinaries\VideoOS.Mobile.Server.Test\bin\Debug\net472\VideoOS.Mobile.Server.Service.Test.dll" adapterTypeName="executor://mstestadapter/v2" className="VideoOS.Mobile.Server.Service.Test.Notifications.NotificationServerTests" name="NotificationServer_ChangeServerMode" />
    </UnitTest>
    <UnitTest name="LowerBound_DefaultIfNoMatchingSequences" storage="d:\actions-runner\_work\xpco\xpco\mobile\mobileserver\mobileserverbinaries\videoos.mobile.server.test\bin\debug\net472\videoos.mobile.server.service.test.dll" id="cb0e4521-ea98-5130-5c0e-99ff7259d652">
      <TestCategory>
        <TestCategoryItem TestCategory="Fast" />
      </TestCategory>
      <Execution id="27b255e6-6a85-4174-9c40-f2c92cbae7f8" />
      <TestMethod codeBase="D:\actions-runner\_work\XPCO\XPCO\Mobile\MobileServer\MobileServerBinaries\VideoOS.Mobile.Server.Test\bin\Debug\net472\VideoOS.Mobile.Server.Service.Test.dll" adapterTypeName="executor://mstestadapter/v2" className="VideoOS.Mobile.Server.Service.Test.MetaChannel.CommChannel.SequenceHelperTests" name="LowerBound_DefaultIfNoMatchingSequences" />
    </UnitTest>
    <UnitTest name="Process_EmptyCollection" storage="d:\actions-runner\_work\xpco\xpco\mobile\mobileserver\mobileserverbinaries\videoos.mobile.server.test\bin\debug\net472\videoos.mobile.server.service.test.dll" id="c640307e-9481-70a9-2a00-aa4ccc00433d">
      <TestCategory>
        <TestCategoryItem TestCategory="Fast" />
      </TestCategory>
      <Execution id="c6a4df1f-caee-4dd8-af11-8863ab717453" />
      <TestMethod codeBase="D:\actions-runner\_work\XPCO\XPCO\Mobile\MobileServer\MobileServerBinaries\VideoOS.Mobile.Server.Test\bin\Debug\net472\VideoOS.Mobile.Server.Service.Test.dll" adapterTypeName="executor://mstestadapter/v2" className="VideoOS.Mobile.Server.Service.Test.MetaChannel.CommChannel.SequenceHelperTests" name="Process_EmptyCollection" />
    </UnitTest>
    <UnitTest name="Crop_SequenceBeforeStart" storage="d:\actions-runner\_work\xpco\xpco\mobile\mobileserver\mobileserverbinaries\videoos.mobile.server.test\bin\debug\net472\videoos.mobile.server.service.test.dll" id="14826e99-3854-d06d-b095-c1b431692ffa">
      <TestCategory>
        <TestCategoryItem TestCategory="Fast" />
      </TestCategory>
      <Execution id="870828cc-b065-4d6e-8e30-d04e95f979a5" />
      <TestMethod codeBase="D:\actions-runner\_work\XPCO\XPCO\Mobile\MobileServer\MobileServerBinaries\VideoOS.Mobile.Server.Test\bin\Debug\net472\VideoOS.Mobile.Server.Service.Test.dll" adapterTypeName="executor://mstestadapter/v2" className="VideoOS.Mobile.Server.Service.Test.MetaChannel.CommChannel.SequenceHelperTests" name="Crop_SequenceBeforeStart" />
    </UnitTest>
    <UnitTest name="TimeRange_AllStreamsOutOfRange_AutoLoopSet_PlaybackContinues_TimeChanged" storage="d:\actions-runner\_work\xpco\xpco\mobile\mobileserver\mobileserverbinaries\videoos.mobile.server.test\bin\debug\net472\videoos.mobile.server.service.test.dll" id="579a5192-77f8-fad0-90fe-4c3df1479ce0">
      <Execution id="0a74d5d1-9e70-4fd8-95ae-d892ce099ac1" />
      <TestMethod codeBase="D:\actions-runner\_work\XPCO\XPCO\Mobile\MobileServer\MobileServerBinaries\VideoOS.Mobile.Server.Test\bin\Debug\net472\VideoOS.Mobile.Server.Service.Test.dll" adapterTypeName="executor://mstestadapter/v2" className="VideoOS.Mobile.Server.Service.Test.VideoSource.Controllers.PlaybackTimeHandlerTests" name="TimeRange_AllStreamsOutOfRange_AutoLoopSet_PlaybackContinues_TimeChanged" />
    </UnitTest>
    <UnitTest name="TestExtractToFrame" storage="d:\actions-runner\_work\xpco\xpco\mobile\mobileserver\mobileserverbinaries\videoos.mobile.server.test\bin\debug\net472\videoos.mobile.server.service.test.dll" id="9ae58192-902d-45ad-da74-16152cfd7e09">
      <TestCategory>
        <TestCategoryItem TestCategory="Fast" />
      </TestCategory>
      <Execution id="72ed6d9d-b159-44f0-8e6a-8b5aaa1752a4" />
      <TestMethod codeBase="D:\actions-runner\_work\XPCO\XPCO\Mobile\MobileServer\MobileServerBinaries\VideoOS.Mobile.Server.Test\bin\Debug\net472\VideoOS.Mobile.Server.Service.Test.dll" adapterTypeName="executor://mstestadapter/v2" className="VideoOS.Mobile.Server.Service.Test.VideoSegmentation.FramesAggregationGopTest" name="TestExtractToFrame" />
    </UnitTest>
    <UnitTest name="GetDeviceConfigTest" storage="d:\actions-runner\_work\xpco\xpco\mobile\mobileserver\mobileserverbinaries\videoos.mobile.server.test\bin\debug\net472\videoos.mobile.server.service.test.dll" id="34585e59-a803-6fcb-7bd4-5d1ad38d7fb5">
      <TestCategory>
        <TestCategoryItem TestCategory="LongRunning" />
      </TestCategory>
      <Execution id="39f87132-afc4-447b-bfbe-eb7384c51d2b" />
      <TestMethod codeBase="D:\actions-runner\_work\XPCO\XPCO\Mobile\MobileServer\MobileServerBinaries\VideoOS.Mobile.Server.Test\bin\Debug\net472\VideoOS.Mobile.Server.Service.Test.dll" adapterTypeName="executor://mstestadapter/v2" className="VideoOS.Mobile.Server.Service.Test.HttpHandler.HttpUpnpDeviceDescriptionHandlerTests" name="GetDeviceConfigTest" />
    </UnitTest>
    <UnitTest name="TestGetProgress" storage="d:\actions-runner\_work\xpco\xpco\mobile\mobileserver\mobileserverbinaries\videoos.mobile.server.test\bin\debug\net472\videoos.mobile.server.service.test.dll" id="73378cf6-5dcb-d709-99e8-4a0e77682327">
      <TestCategory>
        <TestCategoryItem TestCategory="Fast" />
      </TestCategory>
      <Execution id="f0ba351c-d1b2-4eb3-bf3b-c3275360ec67" />
      <TestMethod codeBase="D:\actions-runner\_work\XPCO\XPCO\Mobile\MobileServer\MobileServerBinaries\VideoOS.Mobile.Server.Test\bin\Debug\net472\VideoOS.Mobile.Server.Service.Test.dll" adapterTypeName="executor://mstestadapter/v2" className="VideoOS.Mobile.Server.Service.Test.Export.Helpers.ExportProgressRetrieverTests" name="TestGetProgress" />
    </UnitTest>
    <UnitTest name="MyAlarmsCurrentUserFilterTest" storage="d:\actions-runner\_work\xpco\xpco\mobile\mobileserver\mobileserverbinaries\videoos.mobile.server.test\bin\debug\net472\videoos.mobile.server.service.test.dll" id="f9aed972-9288-8009-e68b-9fe007e08cf8">
      <Execution id="de4a5aac-7b66-4bdd-b0cc-db8ede728634" />
      <TestMethod codeBase="D:\actions-runner\_work\XPCO\XPCO\Mobile\MobileServer\MobileServerBinaries\VideoOS.Mobile.Server.Test\bin\Debug\net472\VideoOS.Mobile.Server.Service.Test.dll" adapterTypeName="executor://mstestadapter/v2" className="VideoOS.Mobile.Server.Service.Test.Notifications.NotifiedDeviceTests" name="MyAlarmsCurrentUserFilterTest" />
    </UnitTest>
    <UnitTest name="NoStreamsInitialized_PlaybackContinues_TimeNotChanged (True,False,True)" storage="d:\actions-runner\_work\xpco\xpco\mobile\mobileserver\mobileserverbinaries\videoos.mobile.server.test\bin\debug\net472\videoos.mobile.server.service.test.dll" id="dd3c2797-855e-0f1d-e5c7-a5425cee53c6">
      <Execution id="78ee2d82-7c4b-4c11-8321-d30de3a91a35" />
      <TestMethod codeBase="D:\actions-runner\_work\XPCO\XPCO\Mobile\MobileServer\MobileServerBinaries\VideoOS.Mobile.Server.Test\bin\Debug\net472\VideoOS.Mobile.Server.Service.Test.dll" adapterTypeName="executor://mstestadapter/v2" className="VideoOS.Mobile.Server.Service.Test.VideoSource.Controllers.PlaybackTimeHandlerTests" name="NoStreamsInitialized_PlaybackContinues_TimeNotChanged" />
    </UnitTest>
    <UnitTest name="MobileServerUpnpDeviceTest" storage="d:\actions-runner\_work\xpco\xpco\mobile\mobileserver\mobileserverbinaries\videoos.mobile.server.test\bin\debug\net472\videoos.mobile.server.service.test.dll" id="fdcbb6e5-5341-0c93-e066-96978cef9f19">
      <TestCategory>
        <TestCategoryItem TestCategory="Fast" />
      </TestCategory>
      <Execution id="e3db6676-4861-4944-bec7-aa75286e9ef2" />
      <TestMethod codeBase="D:\actions-runner\_work\XPCO\XPCO\Mobile\MobileServer\MobileServerBinaries\VideoOS.Mobile.Server.Test\bin\Debug\net472\VideoOS.Mobile.Server.Service.Test.dll" adapterTypeName="executor://mstestadapter/v2" className="VideoOS.Mobile.Server.Service.Test.Upnp.MobileServerUpnpDeviceTests" name="MobileServerUpnpDeviceTest" />
    </UnitTest>
    <UnitTest name="Crop_SequenceAfterEnd" storage="d:\actions-runner\_work\xpco\xpco\mobile\mobileserver\mobileserverbinaries\videoos.mobile.server.test\bin\debug\net472\videoos.mobile.server.service.test.dll" id="23f37eb5-62bb-5f8e-e896-e398dc0a460e">
      <TestCategory>
        <TestCategoryItem TestCategory="Fast" />
      </TestCategory>
      <Execution id="b8b0a6db-b5ba-455a-a4ac-cfafd768f3c5" />
      <TestMethod codeBase="D:\actions-runner\_work\XPCO\XPCO\Mobile\MobileServer\MobileServerBinaries\VideoOS.Mobile.Server.Test\bin\Debug\net472\VideoOS.Mobile.Server.Service.Test.dll" adapterTypeName="executor://mstestadapter/v2" className="VideoOS.Mobile.Server.Service.Test.MetaChannel.CommChannel.SequenceHelperTests" name="Crop_SequenceAfterEnd" />
    </UnitTest>
    <UnitTest name="RemoveAllExportLinksFromConnectionSuccessfully" storage="d:\actions-runner\_work\xpco\xpco\mobile\mobileserver\mobileserverbinaries\videoos.mobile.server.test\bin\debug\net472\videoos.mobile.server.service.test.dll" id="c2131a44-b7e4-51da-99b6-d8f5f9329b01">
      <Execution id="b065fcb7-6e5d-49c7-9da5-99e51d749894" />
      <TestMethod codeBase="D:\actions-runner\_work\XPCO\XPCO\Mobile\MobileServer\MobileServerBinaries\VideoOS.Mobile.Server.Test\bin\Debug\net472\VideoOS.Mobile.Server.Service.Test.dll" adapterTypeName="executor://mstestadapter/v2" className="VideoOS.Mobile.Server.Service.Test.Export.Mappings.ExportLinkMappingsTests" name="RemoveAllExportLinksFromConnectionSuccessfully" />
    </UnitTest>
    <UnitTest name="CameraRetrieverTest" storage="d:\actions-runner\_work\xpco\xpco\mobile\mobileserver\mobileserverbinaries\videoos.mobile.server.test\bin\debug\net472\videoos.mobile.server.service.test.dll" id="b50608b1-c43e-54e0-6398-43807433436a">
      <TestCategory>
        <TestCategoryItem TestCategory="Fast" />
      </TestCategory>
      <Execution id="770d7ebc-150d-485d-bc2d-6ca0ed4070f7" />
      <TestMethod codeBase="D:\actions-runner\_work\XPCO\XPCO\Mobile\MobileServer\MobileServerBinaries\VideoOS.Mobile.Server.Test\bin\Debug\net472\VideoOS.Mobile.Server.Service.Test.dll" adapterTypeName="executor://mstestadapter/v2" className="VideoOS.Mobile.Server.Service.Test.Export.Helpers.CameraRetrieverTests" name="CameraRetrieverTest" />
    </UnitTest>
    <UnitTest name="Merge_Multiple" storage="d:\actions-runner\_work\xpco\xpco\mobile\mobileserver\mobileserverbinaries\videoos.mobile.server.test\bin\debug\net472\videoos.mobile.server.service.test.dll" id="d63b4ad9-4771-5a8e-32d1-c272360abe6c">
      <TestCategory>
        <TestCategoryItem TestCategory="Fast" />
      </TestCategory>
      <Execution id="3da533c5-5a73-4de8-8116-370cc25cb8ea" />
      <TestMethod codeBase="D:\actions-runner\_work\XPCO\XPCO\Mobile\MobileServer\MobileServerBinaries\VideoOS.Mobile.Server.Test\bin\Debug\net472\VideoOS.Mobile.Server.Service.Test.dll" adapterTypeName="executor://mstestadapter/v2" className="VideoOS.Mobile.Server.Service.Test.MetaChannel.CommChannel.SequenceHelperTests" name="Merge_Multiple" />
    </UnitTest>
    <UnitTest name="TestConvertion" storage="d:\actions-runner\_work\xpco\xpco\mobile\mobileserver\mobileserverbinaries\videoos.mobile.server.test\bin\debug\net472\videoos.mobile.server.service.test.dll" id="653eb4dd-8d66-7123-b216-dfc6e5abf3ae">
      <TestCategory>
        <TestCategoryItem TestCategory="Fast" />
      </TestCategory>
      <Execution id="b40c92cf-64a6-49d8-9186-a17dcaa11cdf" />
      <TestMethod codeBase="D:\actions-runner\_work\XPCO\XPCO\Mobile\MobileServer\MobileServerBinaries\VideoOS.Mobile.Server.Test\bin\Debug\net472\VideoOS.Mobile.Server.Service.Test.dll" adapterTypeName="executor://mstestadapter/v2" className="VideoOS.Mobile.Server.Service.Test.Investigations.InvestigationFromExportTests" name="TestConvertion" />
    </UnitTest>
    <UnitTest name="SentSourceLinesCompleteCleanupTest" storage="d:\actions-runner\_work\xpco\xpco\mobile\mobileserver\mobileserverbinaries\videoos.mobile.server.test\bin\debug\net472\videoos.mobile.server.service.test.dll" id="3befcbf9-d8fa-2b82-1621-be80176cac1d">
      <Execution id="14637012-8ad7-4851-aeb5-636cc99b5c17" />
      <TestMethod codeBase="D:\actions-runner\_work\XPCO\XPCO\Mobile\MobileServer\MobileServerBinaries\VideoOS.Mobile.Server.Test\bin\Debug\net472\VideoOS.Mobile.Server.Service.Test.dll" adapterTypeName="executor://mstestadapter/v2" className="VideoOS.Mobile.Server.Service.Test.Notifications.NotifiedDeviceTests" name="SentSourceLinesCompleteCleanupTest" />
    </UnitTest>
    <UnitTest name="UpdateRegisteredDeviceOnUpgare (False,Disabled)" storage="d:\actions-runner\_work\xpco\xpco\mobile\mobileserver\mobileserverbinaries\videoos.mobile.server.test\bin\debug\net472\videoos.mobile.server.service.test.dll" id="7fbc5e13-38f8-1e17-d0ec-bf110ae4f9e2">
      <TestCategory>
        <TestCategoryItem TestCategory="Fast" />
      </TestCategory>
      <Execution id="49167d0d-bd25-439e-98a2-7f16cc6c64ae" />
      <TestMethod codeBase="D:\actions-runner\_work\XPCO\XPCO\Mobile\MobileServer\MobileServerBinaries\VideoOS.Mobile.Server.Test\bin\Debug\net472\VideoOS.Mobile.Server.Service.Test.dll" adapterTypeName="executor://mstestadapter/v2" className="VideoOS.Mobile.Server.Service.Test.Notifications.NotificationServerTests" name="UpdateRegisteredDeviceOnUpgare" />
    </UnitTest>
    <UnitTest name="UpperBound_DefaultIfEmpty" storage="d:\actions-runner\_work\xpco\xpco\mobile\mobileserver\mobileserverbinaries\videoos.mobile.server.test\bin\debug\net472\videoos.mobile.server.service.test.dll" id="e1cf2555-2fda-1ced-b108-eb67bb0ed10d">
      <TestCategory>
        <TestCategoryItem TestCategory="Fast" />
      </TestCategory>
      <Execution id="7cf6c2dc-0004-48b1-9f4e-20f07cae3168" />
      <TestMethod codeBase="D:\actions-runner\_work\XPCO\XPCO\Mobile\MobileServer\MobileServerBinaries\VideoOS.Mobile.Server.Test\bin\Debug\net472\VideoOS.Mobile.Server.Service.Test.dll" adapterTypeName="executor://mstestadapter/v2" className="VideoOS.Mobile.Server.Service.Test.MetaChannel.CommChannel.SequenceHelperTests" name="UpperBound_DefaultIfEmpty" />
    </UnitTest>
    <UnitTest name="TestGetProgressWhenMissing" storage="d:\actions-runner\_work\xpco\xpco\mobile\mobileserver\mobileserverbinaries\videoos.mobile.server.test\bin\debug\net472\videoos.mobile.server.service.test.dll" id="e15ff0c0-efa9-9055-b160-e2403b7226ad">
      <TestCategory>
        <TestCategoryItem TestCategory="Fast" />
      </TestCategory>
      <Execution id="c67496f4-0523-41f1-82ca-6e6285404da2" />
      <TestMethod codeBase="D:\actions-runner\_work\XPCO\XPCO\Mobile\MobileServer\MobileServerBinaries\VideoOS.Mobile.Server.Test\bin\Debug\net472\VideoOS.Mobile.Server.Service.Test.dll" adapterTypeName="executor://mstestadapter/v2" className="VideoOS.Mobile.Server.Service.Test.Export.Helpers.ExportProgressRetrieverTests" name="TestGetProgressWhenMissing" />
    </UnitTest>
    <UnitTest name="TestFramesAggregationTimeout" storage="d:\actions-runner\_work\xpco\xpco\mobile\mobileserver\mobileserverbinaries\videoos.mobile.server.test\bin\debug\net472\videoos.mobile.server.service.test.dll" id="5b222a5c-ffb3-2d2f-2662-eb0375534541">
      <TestCategory>
        <TestCategoryItem TestCategory="Fast" />
      </TestCategory>
      <Execution id="4e2e0efb-e8c2-4aa0-8d21-e40dbe864768" />
      <TestMethod codeBase="D:\actions-runner\_work\XPCO\XPCO\Mobile\MobileServer\MobileServerBinaries\VideoOS.Mobile.Server.Test\bin\Debug\net472\VideoOS.Mobile.Server.Service.Test.dll" adapterTypeName="executor://mstestadapter/v2" className="VideoOS.Mobile.Server.Service.Test.VideoSegmentation.FramesAggregationTimeoutTest" name="TestFramesAggregationTimeout" />
    </UnitTest>
    <UnitTest name="TestUnregisteredDevice" storage="d:\actions-runner\_work\xpco\xpco\mobile\mobileserver\mobileserverbinaries\videoos.mobile.server.test\bin\debug\net472\videoos.mobile.server.service.test.dll" id="25300573-3b48-a1be-0745-3328f971699b">
      <TestCategory>
        <TestCategoryItem TestCategory="Fast" />
      </TestCategory>
      <Execution id="c900549b-78f7-483d-955e-8fa6e5f40539" />
      <TestMethod codeBase="D:\actions-runner\_work\XPCO\XPCO\Mobile\MobileServer\MobileServerBinaries\VideoOS.Mobile.Server.Test\bin\Debug\net472\VideoOS.Mobile.Server.Service.Test.dll" adapterTypeName="executor://mstestadapter/v2" className="VideoOS.Mobile.Server.Service.Test.Notifications.NotificationServerTests" name="TestUnregisteredDevice" />
    </UnitTest>
    <UnitTest name="StrongPasswordMustBeValid" storage="d:\actions-runner\_work\xpco\xpco\mobile\mobileserver\mobileserverbinaries\videoos.mobile.server.test\bin\debug\net472\videoos.mobile.server.service.test.dll" id="920689bb-83fd-a7a7-ce0c-fa7d4e91572e">
      <TestCategory>
        <TestCategoryItem TestCategory="Fast" />
      </TestCategory>
      <Execution id="75237a69-cd61-40d5-9175-3f0cf710aeff" />
      <TestMethod codeBase="D:\actions-runner\_work\XPCO\XPCO\Mobile\MobileServer\MobileServerBinaries\VideoOS.Mobile.Server.Test\bin\Debug\net472\VideoOS.Mobile.Server.Service.Test.dll" adapterTypeName="executor://mstestadapter/v2" className="VideoOS.Mobile.Server.Service.Test.Export.Helpers.PasswordValidatorTests" name="StrongPasswordMustBeValid" />
    </UnitTest>
    <UnitTest name="NotifiedDeviceDBHelper_GetDevicesIds" storage="d:\actions-runner\_work\xpco\xpco\mobile\mobileserver\mobileserverbinaries\videoos.mobile.server.test\bin\debug\net472\videoos.mobile.server.service.test.dll" id="bce7df3c-3eb5-4c4f-31cd-0c181bc6cd33">
      <TestCategory>
        <TestCategoryItem TestCategory="Fast" />
      </TestCategory>
      <Execution id="6fc56bb2-f463-4d97-b587-e66aaef79601" />
      <TestMethod codeBase="D:\actions-runner\_work\XPCO\XPCO\Mobile\MobileServer\MobileServerBinaries\VideoOS.Mobile.Server.Test\bin\Debug\net472\VideoOS.Mobile.Server.Service.Test.dll" adapterTypeName="executor://mstestadapter/v2" className="VideoOS.Mobile.Server.Service.Test.Notifications.NotifiedDeviceDBHelperTests" name="NotifiedDeviceDBHelper_GetDevicesIds" />
    </UnitTest>
    <UnitTest name="NotifiedDeviceDBHelper_GetAllDeviceKeys" storage="d:\actions-runner\_work\xpco\xpco\mobile\mobileserver\mobileserverbinaries\videoos.mobile.server.test\bin\debug\net472\videoos.mobile.server.service.test.dll" id="5a554827-3a24-7d57-4eaa-c33dd72ab5e0">
      <TestCategory>
        <TestCategoryItem TestCategory="Fast" />
      </TestCategory>
      <Execution id="7794f743-8991-407c-978b-1a0679f33881" />
      <TestMethod codeBase="D:\actions-runner\_work\XPCO\XPCO\Mobile\MobileServer\MobileServerBinaries\VideoOS.Mobile.Server.Test\bin\Debug\net472\VideoOS.Mobile.Server.Service.Test.dll" adapterTypeName="executor://mstestadapter/v2" className="VideoOS.Mobile.Server.Service.Test.Notifications.NotifiedDeviceDBHelperTests" name="NotifiedDeviceDBHelper_GetAllDeviceKeys" />
    </UnitTest>
    <UnitTest name="LimitCount_EmptyCollection" storage="d:\actions-runner\_work\xpco\xpco\mobile\mobileserver\mobileserverbinaries\videoos.mobile.server.test\bin\debug\net472\videoos.mobile.server.service.test.dll" id="b2d563c2-6970-cecf-45cc-5949c020c131">
      <TestCategory>
        <TestCategoryItem TestCategory="Fast" />
      </TestCategory>
      <Execution id="ee9c3d35-f294-4989-95f6-13347059b7f1" />
      <TestMethod codeBase="D:\actions-runner\_work\XPCO\XPCO\Mobile\MobileServer\MobileServerBinaries\VideoOS.Mobile.Server.Test\bin\Debug\net472\VideoOS.Mobile.Server.Service.Test.dll" adapterTypeName="executor://mstestadapter/v2" className="VideoOS.Mobile.Server.Service.Test.MetaChannel.CommChannel.SequenceHelperTests" name="LimitCount_EmptyCollection" />
    </UnitTest>
    <UnitTest name="NotificationServer_ClearMarkedForDeletionDevices" storage="d:\actions-runner\_work\xpco\xpco\mobile\mobileserver\mobileserverbinaries\videoos.mobile.server.test\bin\debug\net472\videoos.mobile.server.service.test.dll" id="3e272343-54e4-b6e0-28d3-9ed88f2a3af2">
      <TestCategory>
        <TestCategoryItem TestCategory="Fast" />
      </TestCategory>
      <Execution id="b4b6bef9-2444-4f64-b46c-40ee5e7c761b" />
      <TestMethod codeBase="D:\actions-runner\_work\XPCO\XPCO\Mobile\MobileServer\MobileServerBinaries\VideoOS.Mobile.Server.Test\bin\Debug\net472\VideoOS.Mobile.Server.Service.Test.dll" adapterTypeName="executor://mstestadapter/v2" className="VideoOS.Mobile.Server.Service.Test.Notifications.NotificationServerTests" name="NotificationServer_ClearMarkedForDeletionDevices" />
    </UnitTest>
    <UnitTest name="UpdateAbsConfigTest" storage="d:\actions-runner\_work\xpco\xpco\mobile\mobileserver\mobileserverbinaries\videoos.mobile.server.test\bin\debug\net472\videoos.mobile.server.service.test.dll" id="6cdf27ab-1813-f286-26f2-399f3b4e6106">
      <TestCategory>
        <TestCategoryItem TestCategory="LongRunning" />
      </TestCategory>
      <Execution id="5ecc1525-d7a9-4351-b8cd-1e8883154664" />
      <TestMethod codeBase="D:\actions-runner\_work\XPCO\XPCO\Mobile\MobileServer\MobileServerBinaries\VideoOS.Mobile.Server.Test\bin\Debug\net472\VideoOS.Mobile.Server.Service.Test.dll" adapterTypeName="executor://mstestadapter/v2" className="VideoOS.Mobile.Server.Service.Test.OnlineServices.AddressBookManagerTests" name="UpdateAbsConfigTest" />
    </UnitTest>
    <UnitTest name="FindNearestPrev" storage="d:\actions-runner\_work\xpco\xpco\mobile\mobileserver\mobileserverbinaries\videoos.mobile.server.test\bin\debug\net472\videoos.mobile.server.service.test.dll" id="d9cd02ac-eca8-2ffd-3fad-2720f47cede6">
      <TestCategory>
        <TestCategoryItem TestCategory="Fast" />
      </TestCategory>
      <Execution id="76adcb9a-ea56-469b-91ef-348ef1998d84" />
      <TestMethod codeBase="D:\actions-runner\_work\XPCO\XPCO\Mobile\MobileServer\MobileServerBinaries\VideoOS.Mobile.Server.Test\bin\Debug\net472\VideoOS.Mobile.Server.Service.Test.dll" adapterTypeName="executor://mstestadapter/v2" className="VideoOS.Mobile.Server.Service.Test.MetaChannel.CommChannel.SequenceHelperTests" name="FindNearestPrev" />
    </UnitTest>
    <UnitTest name="UpperBound_DefaultIfLessThanCount" storage="d:\actions-runner\_work\xpco\xpco\mobile\mobileserver\mobileserverbinaries\videoos.mobile.server.test\bin\debug\net472\videoos.mobile.server.service.test.dll" id="75ef5a5e-0b0a-ffb2-f4ab-4e286bea63b5">
      <TestCategory>
        <TestCategoryItem TestCategory="Fast" />
      </TestCategory>
      <Execution id="f9da1a65-4ba4-4029-aa65-7e5c6c1e4386" />
      <TestMethod codeBase="D:\actions-runner\_work\XPCO\XPCO\Mobile\MobileServer\MobileServerBinaries\VideoOS.Mobile.Server.Test\bin\Debug\net472\VideoOS.Mobile.Server.Service.Test.dll" adapterTypeName="executor://mstestadapter/v2" className="VideoOS.Mobile.Server.Service.Test.MetaChannel.CommChannel.SequenceHelperTests" name="UpperBound_DefaultIfLessThanCount" />
    </UnitTest>
    <UnitTest name="TestCreateSegmentFromGopOnValidGop" storage="d:\actions-runner\_work\xpco\xpco\mobile\mobileserver\mobileserverbinaries\videoos.mobile.server.test\bin\debug\net472\videoos.mobile.server.service.test.dll" id="f1288a66-ac3c-4fa3-7a4a-0822a024fc17">
      <TestCategory>
        <TestCategoryItem TestCategory="Fast" />
      </TestCategory>
      <Execution id="7c25bce8-8459-437a-8d69-8b5fa93785da" />
      <TestMethod codeBase="D:\actions-runner\_work\XPCO\XPCO\Mobile\MobileServer\MobileServerBinaries\VideoOS.Mobile.Server.Test\bin\Debug\net472\VideoOS.Mobile.Server.Service.Test.dll" adapterTypeName="executor://mstestadapter/v2" className="VideoOS.Mobile.Server.Service.Test.VideoSegmentation.SegmenterTests" name="TestCreateSegmentFromGopOnValidGop" />
    </UnitTest>
    <UnitTest name="TokenManagerTest" storage="d:\actions-runner\_work\xpco\xpco\mobile\mobileserver\mobileserverbinaries\videoos.mobile.server.test\bin\debug\net472\videoos.mobile.server.service.test.dll" id="da583c0c-cf07-1469-00b5-f41da10f88c7">
      <TestCategory>
        <TestCategoryItem TestCategory="LongRunning" />
      </TestCategory>
      <Execution id="d01d5607-0a48-4edd-8bf1-b8305fce75a2" />
      <TestMethod codeBase="D:\actions-runner\_work\XPCO\XPCO\Mobile\MobileServer\MobileServerBinaries\VideoOS.Mobile.Server.Test\bin\Debug\net472\VideoOS.Mobile.Server.Service.Test.dll" adapterTypeName="executor://mstestadapter/v2" className="VideoOS.Mobile.Server.Service.Test.TwoStepsVerification.TokenManagerTests" name="TokenManagerTest" />
    </UnitTest>
    <UnitTest name="RecieveInAppNotification" storage="d:\actions-runner\_work\xpco\xpco\mobile\mobileserver\mobileserverbinaries\videoos.mobile.server.test\bin\debug\net472\videoos.mobile.server.service.test.dll" id="7a3f3991-c4a6-4f10-d06d-b093bfaca0ff">
      <TestCategory>
        <TestCategoryItem TestCategory="LongRunning" />
      </TestCategory>
      <Execution id="259fbd6d-6b49-43ad-83a2-6446a668033f" />
      <TestMethod codeBase="D:\actions-runner\_work\XPCO\XPCO\Mobile\MobileServer\MobileServerBinaries\VideoOS.Mobile.Server.Test\bin\Debug\net472\VideoOS.Mobile.Server.Service.Test.dll" adapterTypeName="executor://mstestadapter/v2" className="VideoOS.Mobile.Server.Service.Test.Notifications.NotificationServerTests" name="RecieveInAppNotification" />
    </UnitTest>
    <UnitTest name="NotifiedDeviceDBHelper_RemoveMIPSettings" storage="d:\actions-runner\_work\xpco\xpco\mobile\mobileserver\mobileserverbinaries\videoos.mobile.server.test\bin\debug\net472\videoos.mobile.server.service.test.dll" id="a74e042a-ba76-98d9-ee95-796000a6ab92">
      <TestCategory>
        <TestCategoryItem TestCategory="Fast" />
      </TestCategory>
      <Execution id="a83ab73e-d52e-46ba-93ca-0f3c1e177281" />
      <TestMethod codeBase="D:\actions-runner\_work\XPCO\XPCO\Mobile\MobileServer\MobileServerBinaries\VideoOS.Mobile.Server.Test\bin\Debug\net472\VideoOS.Mobile.Server.Service.Test.dll" adapterTypeName="executor://mstestadapter/v2" className="VideoOS.Mobile.Server.Service.Test.Notifications.NotifiedDeviceDBHelperTests" name="NotifiedDeviceDBHelper_RemoveMIPSettings" />
    </UnitTest>
    <UnitTest name="Crop_EmptyCollection" storage="d:\actions-runner\_work\xpco\xpco\mobile\mobileserver\mobileserverbinaries\videoos.mobile.server.test\bin\debug\net472\videoos.mobile.server.service.test.dll" id="75936fed-d00b-7036-30c3-5b85178efa1e">
      <TestCategory>
        <TestCategoryItem TestCategory="Fast" />
      </TestCategory>
      <Execution id="98f9d3c7-d902-4e10-b4cb-1dac7576669e" />
      <TestMethod codeBase="D:\actions-runner\_work\XPCO\XPCO\Mobile\MobileServer\MobileServerBinaries\VideoOS.Mobile.Server.Test\bin\Debug\net472\VideoOS.Mobile.Server.Service.Test.dll" adapterTypeName="executor://mstestadapter/v2" className="VideoOS.Mobile.Server.Service.Test.MetaChannel.CommChannel.SequenceHelperTests" name="Crop_EmptyCollection" />
    </UnitTest>
    <UnitTest name="TestCorrectExportStatus" storage="d:\actions-runner\_work\xpco\xpco\mobile\mobileserver\mobileserverbinaries\videoos.mobile.server.test\bin\debug\net472\videoos.mobile.server.service.test.dll" id="4e39aa95-59c8-50f5-8987-2a60a3d43e6f">
      <TestCategory>
        <TestCategoryItem TestCategory="Fast" />
      </TestCategory>
      <Execution id="896024f6-5f77-4089-9b8a-453d11604d69" />
      <TestMethod codeBase="D:\actions-runner\_work\XPCO\XPCO\Mobile\MobileServer\MobileServerBinaries\VideoOS.Mobile.Server.Test\bin\Debug\net472\VideoOS.Mobile.Server.Service.Test.dll" adapterTypeName="executor://mstestadapter/v2" className="VideoOS.Mobile.Server.Service.Test.Export.Helpers.ExportProgressRetrieverTests" name="TestCorrectExportStatus" />
    </UnitTest>
    <UnitTest name="TestFramesAggregationGop" storage="d:\actions-runner\_work\xpco\xpco\mobile\mobileserver\mobileserverbinaries\videoos.mobile.server.test\bin\debug\net472\videoos.mobile.server.service.test.dll" id="983ef294-11a5-cf4c-484c-2bc69371cf80">
      <TestCategory>
        <TestCategoryItem TestCategory="Fast" />
      </TestCategory>
      <Execution id="b223fd34-9250-4708-892e-9af90b436c12" />
      <TestMethod codeBase="D:\actions-runner\_work\XPCO\XPCO\Mobile\MobileServer\MobileServerBinaries\VideoOS.Mobile.Server.Test\bin\Debug\net472\VideoOS.Mobile.Server.Service.Test.dll" adapterTypeName="executor://mstestadapter/v2" className="VideoOS.Mobile.Server.Service.Test.VideoSegmentation.FramesAggregationGopTest" name="TestFramesAggregationGop" />
    </UnitTest>
    <UnitTest name="ResolveOriginalExportLinkSuccessfully" storage="d:\actions-runner\_work\xpco\xpco\mobile\mobileserver\mobileserverbinaries\videoos.mobile.server.test\bin\debug\net472\videoos.mobile.server.service.test.dll" id="476c285b-2ec0-2d3d-827c-113095574a5c">
      <Execution id="10bec5c6-a4a7-4dca-9565-c58b0e204b94" />
      <TestMethod codeBase="D:\actions-runner\_work\XPCO\XPCO\Mobile\MobileServer\MobileServerBinaries\VideoOS.Mobile.Server.Test\bin\Debug\net472\VideoOS.Mobile.Server.Service.Test.dll" adapterTypeName="executor://mstestadapter/v2" className="VideoOS.Mobile.Server.Service.Test.Export.Mappings.ExportLinkMappingsTests" name="ResolveOriginalExportLinkSuccessfully" />
    </UnitTest>
    <UnitTest name="InitializeAndSendDataToDirectSpeakControllerCorrectly" storage="d:\actions-runner\_work\xpco\xpco\mobile\mobileserver\mobileserverbinaries\videoos.mobile.server.test\bin\debug\net472\videoos.mobile.server.service.test.dll" id="2b185191-d784-ef47-2960-91e966efe210">
      <TestCategory>
        <TestCategoryItem TestCategory="LongRunning" />
      </TestCategory>
      <Execution id="83702524-4ed4-4f39-8aa2-dfccdd42982a" />
      <TestMethod codeBase="D:\actions-runner\_work\XPCO\XPCO\Mobile\MobileServer\MobileServerBinaries\VideoOS.Mobile.Server.Test\bin\Debug\net472\VideoOS.Mobile.Server.Service.Test.dll" adapterTypeName="executor://mstestadapter/v2" className="VideoOS.Mobile.Server.Service.Test.AudioUpload.AudioUploadChannelTests" name="InitializeAndSendDataToDirectSpeakControllerCorrectly" />
    </UnitTest>
    <UnitTest name="NoStreamsInitialized_PlaybackContinues_TimeNotChanged (True,True,True)" storage="d:\actions-runner\_work\xpco\xpco\mobile\mobileserver\mobileserverbinaries\videoos.mobile.server.test\bin\debug\net472\videoos.mobile.server.service.test.dll" id="099d273f-3455-d277-0524-fce1683fa8e0">
      <Execution id="992e8cbc-c2c2-4be6-a31c-4f36e44a2a61" />
      <TestMethod codeBase="D:\actions-runner\_work\XPCO\XPCO\Mobile\MobileServer\MobileServerBinaries\VideoOS.Mobile.Server.Test\bin\Debug\net472\VideoOS.Mobile.Server.Service.Test.dll" adapterTypeName="executor://mstestadapter/v2" className="VideoOS.Mobile.Server.Service.Test.VideoSource.Controllers.PlaybackTimeHandlerTests" name="NoStreamsInitialized_PlaybackContinues_TimeNotChanged" />
    </UnitTest>
    <UnitTest name="NoTimeRange_NoStreams_PlaybackStops (True)" storage="d:\actions-runner\_work\xpco\xpco\mobile\mobileserver\mobileserverbinaries\videoos.mobile.server.test\bin\debug\net472\videoos.mobile.server.service.test.dll" id="c7add7de-4d0b-fb53-4a9b-324c1c5812ce">
      <TestCategory>
        <TestCategoryItem TestCategory="Fast" />
      </TestCategory>
      <Execution id="142c47b2-20c1-427b-b20e-26fff7c2d8a6" />
      <TestMethod codeBase="D:\actions-runner\_work\XPCO\XPCO\Mobile\MobileServer\MobileServerBinaries\VideoOS.Mobile.Server.Test\bin\Debug\net472\VideoOS.Mobile.Server.Service.Test.dll" adapterTypeName="executor://mstestadapter/v2" className="VideoOS.Mobile.Server.Service.Test.VideoSource.Controllers.PlaybackTimeHandlerTests" name="NoTimeRange_NoStreams_PlaybackStops" />
    </UnitTest>
    <UnitTest name="ToUtcDictionary_EmptyCollection" storage="d:\actions-runner\_work\xpco\xpco\mobile\mobileserver\mobileserverbinaries\videoos.mobile.server.test\bin\debug\net472\videoos.mobile.server.service.test.dll" id="58f05b1e-bbb6-5ade-77e5-5dcdd9ed36fa">
      <TestCategory>
        <TestCategoryItem TestCategory="Fast" />
      </TestCategory>
      <Execution id="f446a9cd-7ddd-4367-8e49-8522b7c9b3b7" />
      <TestMethod codeBase="D:\actions-runner\_work\XPCO\XPCO\Mobile\MobileServer\MobileServerBinaries\VideoOS.Mobile.Server.Test\bin\Debug\net472\VideoOS.Mobile.Server.Service.Test.dll" adapterTypeName="executor://mstestadapter/v2" className="VideoOS.Mobile.Server.Service.Test.MetaChannel.CommChannel.SequenceHelperTests" name="ToUtcDictionary_EmptyCollection" />
    </UnitTest>
    <UnitTest name="NotificationServer_ChangeServerMode (DeviceRegistrationOnly,Enabled,True,True)" storage="d:\actions-runner\_work\xpco\xpco\mobile\mobileserver\mobileserverbinaries\videoos.mobile.server.test\bin\debug\net472\videoos.mobile.server.service.test.dll" id="543d883d-ed59-db37-1d69-5b31c89aa78b">
      <TestCategory>
        <TestCategoryItem TestCategory="Fast" />
      </TestCategory>
      <Execution id="d1b5e768-e2e9-499d-b95a-723164c6c507" />
      <TestMethod codeBase="D:\actions-runner\_work\XPCO\XPCO\Mobile\MobileServer\MobileServerBinaries\VideoOS.Mobile.Server.Test\bin\Debug\net472\VideoOS.Mobile.Server.Service.Test.dll" adapterTypeName="executor://mstestadapter/v2" className="VideoOS.Mobile.Server.Service.Test.Notifications.NotificationServerTests" name="NotificationServer_ChangeServerMode" />
    </UnitTest>
    <UnitTest name="TimeRange_TimeIsOutOfRange_PlaybackStops_TimeNotChanged" storage="d:\actions-runner\_work\xpco\xpco\mobile\mobileserver\mobileserverbinaries\videoos.mobile.server.test\bin\debug\net472\videoos.mobile.server.service.test.dll" id="f03ac06e-acad-947f-da9e-f4837cb80bfc">
      <Execution id="c7a2c3ba-39ab-4f84-91cd-25b2495af5e6" />
      <TestMethod codeBase="D:\actions-runner\_work\XPCO\XPCO\Mobile\MobileServer\MobileServerBinaries\VideoOS.Mobile.Server.Test\bin\Debug\net472\VideoOS.Mobile.Server.Service.Test.dll" adapterTypeName="executor://mstestadapter/v2" className="VideoOS.Mobile.Server.Service.Test.VideoSource.Controllers.PlaybackTimeHandlerTests" name="TimeRange_TimeIsOutOfRange_PlaybackStops_TimeNotChanged" />
    </UnitTest>
    <UnitTest name="AllStreamsCannotContinue_PlaybackStops_TimeNotChanged" storage="d:\actions-runner\_work\xpco\xpco\mobile\mobileserver\mobileserverbinaries\videoos.mobile.server.test\bin\debug\net472\videoos.mobile.server.service.test.dll" id="fe85aedf-c8d3-5907-043d-89e7ba8212e3">
      <Execution id="7d1fc64a-2f28-46a5-b287-9b26b4890106" />
      <TestMethod codeBase="D:\actions-runner\_work\XPCO\XPCO\Mobile\MobileServer\MobileServerBinaries\VideoOS.Mobile.Server.Test\bin\Debug\net472\VideoOS.Mobile.Server.Service.Test.dll" adapterTypeName="executor://mstestadapter/v2" className="VideoOS.Mobile.Server.Service.Test.VideoSource.Controllers.PlaybackTimeHandlerTests" name="AllStreamsCannotContinue_PlaybackStops_TimeNotChanged" />
    </UnitTest>
    <UnitTest name="SentSourceLinesPartialCleanupTest" storage="d:\actions-runner\_work\xpco\xpco\mobile\mobileserver\mobileserverbinaries\videoos.mobile.server.test\bin\debug\net472\videoos.mobile.server.service.test.dll" id="e9e48bf0-3061-b19a-30c7-3744983da442">
      <Execution id="45bd3fd1-7aaa-4f78-80e6-714f203d2360" />
      <TestMethod codeBase="D:\actions-runner\_work\XPCO\XPCO\Mobile\MobileServer\MobileServerBinaries\VideoOS.Mobile.Server.Test\bin\Debug\net472\VideoOS.Mobile.Server.Service.Test.dll" adapterTypeName="executor://mstestadapter/v2" className="VideoOS.Mobile.Server.Service.Test.Notifications.NotifiedDeviceTests" name="SentSourceLinesPartialCleanupTest" />
    </UnitTest>
    <UnitTest name="TestFramesAggregator" storage="d:\actions-runner\_work\xpco\xpco\mobile\mobileserver\mobileserverbinaries\videoos.mobile.server.test\bin\debug\net472\videoos.mobile.server.service.test.dll" id="28f50f77-b84e-324f-b0d1-cc36c433dd52">
      <TestCategory>
        <TestCategoryItem TestCategory="LongRunning" />
      </TestCategory>
      <Execution id="bedca9db-cc06-4512-8fd1-8c8f5bcb2387" />
      <TestMethod codeBase="D:\actions-runner\_work\XPCO\XPCO\Mobile\MobileServer\MobileServerBinaries\VideoOS.Mobile.Server.Test\bin\Debug\net472\VideoOS.Mobile.Server.Service.Test.dll" adapterTypeName="executor://mstestadapter/v2" className="VideoOS.Mobile.Server.Service.Test.VideoSegmentation.FramesAggregatorTest" name="TestFramesAggregator" />
    </UnitTest>
    <UnitTest name="NotificationServer_InitServerMode (Disabled,False,False)" storage="d:\actions-runner\_work\xpco\xpco\mobile\mobileserver\mobileserverbinaries\videoos.mobile.server.test\bin\debug\net472\videoos.mobile.server.service.test.dll" id="d28b6673-d863-6b4f-f57b-0935815c5939">
      <TestCategory>
        <TestCategoryItem TestCategory="Fast" />
      </TestCategory>
      <Execution id="982fbdd8-5762-4fc8-af0f-eb4ac3dc56ba" />
      <TestMethod codeBase="D:\actions-runner\_work\XPCO\XPCO\Mobile\MobileServer\MobileServerBinaries\VideoOS.Mobile.Server.Test\bin\Debug\net472\VideoOS.Mobile.Server.Service.Test.dll" adapterTypeName="executor://mstestadapter/v2" className="VideoOS.Mobile.Server.Service.Test.Notifications.NotificationServerTests" name="NotificationServer_InitServerMode" />
    </UnitTest>
    <UnitTest name="AlarmAdditionTest" storage="d:\actions-runner\_work\xpco\xpco\mobile\mobileserver\mobileserverbinaries\videoos.mobile.server.test\bin\debug\net472\videoos.mobile.server.service.test.dll" id="e824e41c-ad3e-5ccd-2353-d1e3a3937af6">
      <Execution id="20c2865e-7eb5-4c1e-b45d-1aa5c492b73f" />
      <TestMethod codeBase="D:\actions-runner\_work\XPCO\XPCO\Mobile\MobileServer\MobileServerBinaries\VideoOS.Mobile.Server.Test\bin\Debug\net472\VideoOS.Mobile.Server.Service.Test.dll" adapterTypeName="executor://mstestadapter/v2" className="VideoOS.Mobile.Server.Service.Test.Notifications.NotifiedDeviceTests" name="AlarmAdditionTest" />
    </UnitTest>
    <UnitTest name="MultipleSourcesMultiMessageDataTest" storage="d:\actions-runner\_work\xpco\xpco\mobile\mobileserver\mobileserverbinaries\videoos.mobile.server.test\bin\debug\net472\videoos.mobile.server.service.test.dll" id="b93b7d51-dfde-ceac-cf92-0e6323249515">
      <Execution id="47745488-0264-4956-a93d-6bad8aa98a27" />
      <TestMethod codeBase="D:\actions-runner\_work\XPCO\XPCO\Mobile\MobileServer\MobileServerBinaries\VideoOS.Mobile.Server.Test\bin\Debug\net472\VideoOS.Mobile.Server.Service.Test.dll" adapterTypeName="executor://mstestadapter/v2" className="VideoOS.Mobile.Server.Service.Test.Notifications.NotifiedDeviceTests" name="MultipleSourcesMultiMessageDataTest" />
    </UnitTest>
    <UnitTest name="UpperBound_SelectEarliestSequence" storage="d:\actions-runner\_work\xpco\xpco\mobile\mobileserver\mobileserverbinaries\videoos.mobile.server.test\bin\debug\net472\videoos.mobile.server.service.test.dll" id="efc824b2-83f8-fc64-826a-837d8585dcfd">
      <TestCategory>
        <TestCategoryItem TestCategory="Fast" />
      </TestCategory>
      <Execution id="f454036d-4a43-461d-b2b9-4de002ff90be" />
      <TestMethod codeBase="D:\actions-runner\_work\XPCO\XPCO\Mobile\MobileServer\MobileServerBinaries\VideoOS.Mobile.Server.Test\bin\Debug\net472\VideoOS.Mobile.Server.Service.Test.dll" adapterTypeName="executor://mstestadapter/v2" className="VideoOS.Mobile.Server.Service.Test.MetaChannel.CommChannel.SequenceHelperTests" name="UpperBound_SelectEarliestSequence" />
    </UnitTest>
    <UnitTest name="UpperBound_DefaultIfNoMatchingSequences" storage="d:\actions-runner\_work\xpco\xpco\mobile\mobileserver\mobileserverbinaries\videoos.mobile.server.test\bin\debug\net472\videoos.mobile.server.service.test.dll" id="e2731a75-1b03-d51a-7e54-b36a56587b51">
      <TestCategory>
        <TestCategoryItem TestCategory="Fast" />
      </TestCategory>
      <Execution id="8b5a40b7-64f7-4d0f-9f9e-514694be6393" />
      <TestMethod codeBase="D:\actions-runner\_work\XPCO\XPCO\Mobile\MobileServer\MobileServerBinaries\VideoOS.Mobile.Server.Test\bin\Debug\net472\VideoOS.Mobile.Server.Service.Test.dll" adapterTypeName="executor://mstestadapter/v2" className="VideoOS.Mobile.Server.Service.Test.MetaChannel.CommChannel.SequenceHelperTests" name="UpperBound_DefaultIfNoMatchingSequences" />
    </UnitTest>
    <UnitTest name="Process_Overall" storage="d:\actions-runner\_work\xpco\xpco\mobile\mobileserver\mobileserverbinaries\videoos.mobile.server.test\bin\debug\net472\videoos.mobile.server.service.test.dll" id="29ba1001-e85e-5db6-4a20-38df39654f7a">
      <TestCategory>
        <TestCategoryItem TestCategory="Fast" />
      </TestCategory>
      <Execution id="8bf45b1a-f6bf-4e46-9cc7-00514cae64a7" />
      <TestMethod codeBase="D:\actions-runner\_work\XPCO\XPCO\Mobile\MobileServer\MobileServerBinaries\VideoOS.Mobile.Server.Test\bin\Debug\net472\VideoOS.Mobile.Server.Service.Test.dll" adapterTypeName="executor://mstestadapter/v2" className="VideoOS.Mobile.Server.Service.Test.MetaChannel.CommChannel.SequenceHelperTests" name="Process_Overall" />
    </UnitTest>
    <UnitTest name="UpdateRegisteredDevice" storage="d:\actions-runner\_work\xpco\xpco\mobile\mobileserver\mobileserverbinaries\videoos.mobile.server.test\bin\debug\net472\videoos.mobile.server.service.test.dll" id="8d79fb97-d289-7165-e8e8-53b861b1a5c6">
      <TestCategory>
        <TestCategoryItem TestCategory="Fast" />
      </TestCategory>
      <Execution id="31a9c850-4ec2-423d-9348-53704b9ff245" />
      <TestMethod codeBase="D:\actions-runner\_work\XPCO\XPCO\Mobile\MobileServer\MobileServerBinaries\VideoOS.Mobile.Server.Test\bin\Debug\net472\VideoOS.Mobile.Server.Service.Test.dll" adapterTypeName="executor://mstestadapter/v2" className="VideoOS.Mobile.Server.Service.Test.Notifications.NotificationServerTests" name="UpdateRegisteredDevice" />
    </UnitTest>
    <UnitTest name="NotificationServer_ChangeServerMode (Enabled,DeviceRegistrationOnly,True,False)" storage="d:\actions-runner\_work\xpco\xpco\mobile\mobileserver\mobileserverbinaries\videoos.mobile.server.test\bin\debug\net472\videoos.mobile.server.service.test.dll" id="a2a11fe6-064a-3d37-d6f7-9c854abeb75c">
      <TestCategory>
        <TestCategoryItem TestCategory="Fast" />
      </TestCategory>
      <Execution id="cbda8ddd-57bb-4264-9bd9-d7de5d7a3114" />
      <TestMethod codeBase="D:\actions-runner\_work\XPCO\XPCO\Mobile\MobileServer\MobileServerBinaries\VideoOS.Mobile.Server.Test\bin\Debug\net472\VideoOS.Mobile.Server.Service.Test.dll" adapterTypeName="executor://mstestadapter/v2" className="VideoOS.Mobile.Server.Service.Test.Notifications.NotificationServerTests" name="NotificationServer_ChangeServerMode" />
    </UnitTest>
    <UnitTest name="TestPoint" storage="d:\actions-runner\_work\xpco\xpco\mobile\mobileserver\mobileserverbinaries\videoos.mobile.server.test\bin\debug\net472\videoos.mobile.server.service.test.dll" id="5130f66e-4656-297d-ca26-e8e2a4eb7c11">
      <TestCategory>
        <TestCategoryItem TestCategory="LongRunning" />
      </TestCategory>
      <Execution id="874d11f7-81eb-44da-b61a-72963404f68c" />
      <TestMethod codeBase="D:\actions-runner\_work\XPCO\XPCO\Mobile\MobileServer\MobileServerBinaries\VideoOS.Mobile.Server.Test\bin\Debug\net472\VideoOS.Mobile.Server.Service.Test.dll" adapterTypeName="executor://mstestadapter/v2" className="VideoOS.Mobile.Server.Service.Test.Export.Helpers.ExportProgressRetrieverTests" name="TestPoint" />
    </UnitTest>
    <UnitTest name="TestFramesAggregationTimeoutQueueLength" storage="d:\actions-runner\_work\xpco\xpco\mobile\mobileserver\mobileserverbinaries\videoos.mobile.server.test\bin\debug\net472\videoos.mobile.server.service.test.dll" id="71df6a43-d0f8-9d14-917e-4eb4375c027e">
      <TestCategory>
        <TestCategoryItem TestCategory="Fast" />
      </TestCategory>
      <Execution id="53f83a65-7455-4d7b-a02c-afe1be6e3f77" />
      <TestMethod codeBase="D:\actions-runner\_work\XPCO\XPCO\Mobile\MobileServer\MobileServerBinaries\VideoOS.Mobile.Server.Test\bin\Debug\net472\VideoOS.Mobile.Server.Service.Test.dll" adapterTypeName="executor://mstestadapter/v2" className="VideoOS.Mobile.Server.Service.Test.VideoSegmentation.FramesAggregationTimeoutTest" name="TestFramesAggregationTimeoutQueueLength" />
    </UnitTest>
    <UnitTest name="LowerBound_DefaultIfEmpty" storage="d:\actions-runner\_work\xpco\xpco\mobile\mobileserver\mobileserverbinaries\videoos.mobile.server.test\bin\debug\net472\videoos.mobile.server.service.test.dll" id="ab4cc8c7-b5cf-47fb-628a-af4dcea876cb">
      <TestCategory>
        <TestCategoryItem TestCategory="Fast" />
      </TestCategory>
      <Execution id="030347fe-6cf3-4773-9356-be7d7c19a467" />
      <TestMethod codeBase="D:\actions-runner\_work\XPCO\XPCO\Mobile\MobileServer\MobileServerBinaries\VideoOS.Mobile.Server.Test\bin\Debug\net472\VideoOS.Mobile.Server.Service.Test.dll" adapterTypeName="executor://mstestadapter/v2" className="VideoOS.Mobile.Server.Service.Test.MetaChannel.CommChannel.SequenceHelperTests" name="LowerBound_DefaultIfEmpty" />
    </UnitTest>
    <UnitTest name="SingleSourceSingleMessageDataTest" storage="d:\actions-runner\_work\xpco\xpco\mobile\mobileserver\mobileserverbinaries\videoos.mobile.server.test\bin\debug\net472\videoos.mobile.server.service.test.dll" id="cdc50b8e-457b-9926-4aa3-ccb24a4b8fb7">
      <Execution id="184d0dc2-769e-46eb-9328-c6a4bd130658" />
      <TestMethod codeBase="D:\actions-runner\_work\XPCO\XPCO\Mobile\MobileServer\MobileServerBinaries\VideoOS.Mobile.Server.Test\bin\Debug\net472\VideoOS.Mobile.Server.Service.Test.dll" adapterTypeName="executor://mstestadapter/v2" className="VideoOS.Mobile.Server.Service.Test.Notifications.NotifiedDeviceTests" name="SingleSourceSingleMessageDataTest" />
    </UnitTest>
    <UnitTest name="CreateHttpAudio" storage="d:\actions-runner\_work\xpco\xpco\mobile\mobileserver\mobileserverbinaries\videoos.mobile.server.test\bin\debug\net472\videoos.mobile.server.service.test.dll" id="9caef5e0-c223-39f5-5473-42fb321880c9">
      <TestCategory>
        <TestCategoryItem TestCategory="LongRunning" />
      </TestCategory>
      <Execution id="0d1fd287-0dd5-40bd-a69b-8beea6f00f75" />
      <TestMethod codeBase="D:\actions-runner\_work\XPCO\XPCO\Mobile\MobileServer\MobileServerBinaries\VideoOS.Mobile.Server.Test\bin\Debug\net472\VideoOS.Mobile.Server.Service.Test.dll" adapterTypeName="executor://mstestadapter/v2" className="VideoOS.Mobile.Server.Service.Test.VideoChannel.HTTP.TransportChannelInFactoryTests" name="CreateHttpAudio" />
    </UnitTest>
    <UnitTest name="WeakPasswordsMustNotBeValid" storage="d:\actions-runner\_work\xpco\xpco\mobile\mobileserver\mobileserverbinaries\videoos.mobile.server.test\bin\debug\net472\videoos.mobile.server.service.test.dll" id="f68e3bd0-17e2-e27d-7f27-d5ba8c820680">
      <TestCategory>
        <TestCategoryItem TestCategory="Fast" />
      </TestCategory>
      <Execution id="2d160d7b-69bc-47cc-b33d-990f6b616c28" />
      <TestMethod codeBase="D:\actions-runner\_work\XPCO\XPCO\Mobile\MobileServer\MobileServerBinaries\VideoOS.Mobile.Server.Test\bin\Debug\net472\VideoOS.Mobile.Server.Service.Test.dll" adapterTypeName="executor://mstestadapter/v2" className="VideoOS.Mobile.Server.Service.Test.Export.Helpers.PasswordValidatorTests" name="WeakPasswordsMustNotBeValid" />
    </UnitTest>
    <UnitTest name="TestGetProgresses" storage="d:\actions-runner\_work\xpco\xpco\mobile\mobileserver\mobileserverbinaries\videoos.mobile.server.test\bin\debug\net472\videoos.mobile.server.service.test.dll" id="b0673b72-238f-7d1b-6e2a-d01473ae38c5">
      <TestCategory>
        <TestCategoryItem TestCategory="Fast" />
      </TestCategory>
      <Execution id="5332508b-ad5b-4d8e-a567-9d46dec2b012" />
      <TestMethod codeBase="D:\actions-runner\_work\XPCO\XPCO\Mobile\MobileServer\MobileServerBinaries\VideoOS.Mobile.Server.Test\bin\Debug\net472\VideoOS.Mobile.Server.Service.Test.dll" adapterTypeName="executor://mstestadapter/v2" className="VideoOS.Mobile.Server.Service.Test.Export.Helpers.ExportProgressRetrieverTests" name="TestGetProgresses" />
    </UnitTest>
    <UnitTest name="LowerBound_SelectLatestSequenceReversed" storage="d:\actions-runner\_work\xpco\xpco\mobile\mobileserver\mobileserverbinaries\videoos.mobile.server.test\bin\debug\net472\videoos.mobile.server.service.test.dll" id="012a2cf8-69fd-f08c-0bc5-3d2c0ce63ca8">
      <TestCategory>
        <TestCategoryItem TestCategory="Fast" />
      </TestCategory>
      <Execution id="b917e436-8c23-4bdb-b1ce-d46ee1881c7e" />
      <TestMethod codeBase="D:\actions-runner\_work\XPCO\XPCO\Mobile\MobileServer\MobileServerBinaries\VideoOS.Mobile.Server.Test\bin\Debug\net472\VideoOS.Mobile.Server.Service.Test.dll" adapterTypeName="executor://mstestadapter/v2" className="VideoOS.Mobile.Server.Service.Test.MetaChannel.CommChannel.SequenceHelperTests" name="LowerBound_SelectLatestSequenceReversed" />
    </UnitTest>
    <UnitTest name="RecievedDataIsSendToUploadChannel" storage="d:\actions-runner\_work\xpco\xpco\mobile\mobileserver\mobileserverbinaries\videoos.mobile.server.test\bin\debug\net472\videoos.mobile.server.service.test.dll" id="78bd04e4-2057-fdd8-a42f-1e8e7f4f38ad">
      <TestCategory>
        <TestCategoryItem TestCategory="Fast" />
      </TestCategory>
      <Execution id="45a1de8e-f89e-4965-826f-60083c597c03" />
      <TestMethod codeBase="D:\actions-runner\_work\XPCO\XPCO\Mobile\MobileServer\MobileServerBinaries\VideoOS.Mobile.Server.Test\bin\Debug\net472\VideoOS.Mobile.Server.Service.Test.dll" adapterTypeName="executor://mstestadapter/v2" className="VideoOS.Mobile.Server.Service.Test.AudioChannel.AudioChannelInTests" name="RecievedDataIsSendToUploadChannel" />
    </UnitTest>
    <UnitTest name="CommandQueueTestAsyncGroupBase" storage="d:\actions-runner\_work\xpco\xpco\mobile\mobileserver\mobileserverbinaries\videoos.mobile.server.test\bin\debug\net472\videoos.mobile.server.service.test.dll" id="0524f5c3-615c-4bf8-dc64-458043869f5e">
      <TestCategory>
        <TestCategoryItem TestCategory="LongRunning" />
      </TestCategory>
      <Execution id="b93ff098-b667-4cbb-a1ef-5b286cfaa77f" />
      <TestMethod codeBase="D:\actions-runner\_work\XPCO\XPCO\Mobile\MobileServer\MobileServerBinaries\VideoOS.Mobile.Server.Test\bin\Debug\net472\VideoOS.Mobile.Server.Service.Test.dll" adapterTypeName="executor://mstestadapter/v2" className="VideoOS.Mobile.Server.Service.Test.MetaChannel.CommunicationCommandQueueTests" name="CommandQueueTestAsyncGroupBase" />
    </UnitTest>
    <UnitTest name="NotifiedDeviceDBHelper_RemoveEmptyFields" storage="d:\actions-runner\_work\xpco\xpco\mobile\mobileserver\mobileserverbinaries\videoos.mobile.server.test\bin\debug\net472\videoos.mobile.server.service.test.dll" id="d0c9c2ff-5a1b-647d-174b-0fa95417ddce">
      <TestCategory>
        <TestCategoryItem TestCategory="Fast" />
      </TestCategory>
      <Execution id="15894c95-00c3-4af7-907b-a5c7b3f5a0ff" />
      <TestMethod codeBase="D:\actions-runner\_work\XPCO\XPCO\Mobile\MobileServer\MobileServerBinaries\VideoOS.Mobile.Server.Test\bin\Debug\net472\VideoOS.Mobile.Server.Service.Test.dll" adapterTypeName="executor://mstestadapter/v2" className="VideoOS.Mobile.Server.Service.Test.Notifications.NotifiedDeviceDBHelperTests" name="NotifiedDeviceDBHelper_RemoveEmptyFields" />
    </UnitTest>
    <UnitTest name="AlarmAssignmentCurrentUserFilterTest" storage="d:\actions-runner\_work\xpco\xpco\mobile\mobileserver\mobileserverbinaries\videoos.mobile.server.test\bin\debug\net472\videoos.mobile.server.service.test.dll" id="e432e471-c708-c310-b770-c450d96b3ee7">
      <Execution id="6dcaea65-697a-44f6-9f37-35418a54afbe" />
      <TestMethod codeBase="D:\actions-runner\_work\XPCO\XPCO\Mobile\MobileServer\MobileServerBinaries\VideoOS.Mobile.Server.Test\bin\Debug\net472\VideoOS.Mobile.Server.Service.Test.dll" adapterTypeName="executor://mstestadapter/v2" className="VideoOS.Mobile.Server.Service.Test.Notifications.NotifiedDeviceTests" name="AlarmAssignmentCurrentUserFilterTest" />
    </UnitTest>
    <UnitTest name="Crop_SequenceAtStart" storage="d:\actions-runner\_work\xpco\xpco\mobile\mobileserver\mobileserverbinaries\videoos.mobile.server.test\bin\debug\net472\videoos.mobile.server.service.test.dll" id="afd79426-dd3a-9043-ae66-ce7ff4214db7">
      <TestCategory>
        <TestCategoryItem TestCategory="Fast" />
      </TestCategory>
      <Execution id="46dbd01e-a43f-4f5f-bdc3-68c837693fc3" />
      <TestMethod codeBase="D:\actions-runner\_work\XPCO\XPCO\Mobile\MobileServer\MobileServerBinaries\VideoOS.Mobile.Server.Test\bin\Debug\net472\VideoOS.Mobile.Server.Service.Test.dll" adapterTypeName="executor://mstestadapter/v2" className="VideoOS.Mobile.Server.Service.Test.MetaChannel.CommChannel.SequenceHelperTests" name="Crop_SequenceAtStart" />
    </UnitTest>
    <UnitTest name="NotificationServer_InitServerMode (DeviceRegistrationOnly,True,False)" storage="d:\actions-runner\_work\xpco\xpco\mobile\mobileserver\mobileserverbinaries\videoos.mobile.server.test\bin\debug\net472\videoos.mobile.server.service.test.dll" id="cbfc1ff0-a2a3-2eb7-9627-c88a9873efbc">
      <TestCategory>
        <TestCategoryItem TestCategory="Fast" />
      </TestCategory>
      <Execution id="dcac0b36-6d92-4113-8012-ba1a3e70259b" />
      <TestMethod codeBase="D:\actions-runner\_work\XPCO\XPCO\Mobile\MobileServer\MobileServerBinaries\VideoOS.Mobile.Server.Test\bin\Debug\net472\VideoOS.Mobile.Server.Service.Test.dll" adapterTypeName="executor://mstestadapter/v2" className="VideoOS.Mobile.Server.Service.Test.Notifications.NotificationServerTests" name="NotificationServer_InitServerMode" />
    </UnitTest>
    <UnitTest name="Crop_SequenceFullyInside" storage="d:\actions-runner\_work\xpco\xpco\mobile\mobileserver\mobileserverbinaries\videoos.mobile.server.test\bin\debug\net472\videoos.mobile.server.service.test.dll" id="dde0b40b-c752-61eb-50c6-8b25ba051775">
      <TestCategory>
        <TestCategoryItem TestCategory="Fast" />
      </TestCategory>
      <Execution id="af48c877-8073-411a-8e95-dc9843db22ad" />
      <TestMethod codeBase="D:\actions-runner\_work\XPCO\XPCO\Mobile\MobileServer\MobileServerBinaries\VideoOS.Mobile.Server.Test\bin\Debug\net472\VideoOS.Mobile.Server.Service.Test.dll" adapterTypeName="executor://mstestadapter/v2" className="VideoOS.Mobile.Server.Service.Test.MetaChannel.CommChannel.SequenceHelperTests" name="Crop_SequenceFullyInside" />
    </UnitTest>
    <UnitTest name="Merge_Unordered" storage="d:\actions-runner\_work\xpco\xpco\mobile\mobileserver\mobileserverbinaries\videoos.mobile.server.test\bin\debug\net472\videoos.mobile.server.service.test.dll" id="fec1e502-ed05-bb42-36f0-38e08fee1ab0">
      <TestCategory>
        <TestCategoryItem TestCategory="Fast" />
      </TestCategory>
      <Execution id="aeb89f2f-b570-4c51-b976-658e21e12b12" />
      <TestMethod codeBase="D:\actions-runner\_work\XPCO\XPCO\Mobile\MobileServer\MobileServerBinaries\VideoOS.Mobile.Server.Test\bin\Debug\net472\VideoOS.Mobile.Server.Service.Test.dll" adapterTypeName="executor://mstestadapter/v2" className="VideoOS.Mobile.Server.Service.Test.MetaChannel.CommChannel.SequenceHelperTests" name="Merge_Unordered" />
    </UnitTest>
    <UnitTest name="TestRegisteredDevice" storage="d:\actions-runner\_work\xpco\xpco\mobile\mobileserver\mobileserverbinaries\videoos.mobile.server.test\bin\debug\net472\videoos.mobile.server.service.test.dll" id="8df4aabb-df1c-d4e0-1e48-f71d5ceed661">
      <TestCategory>
        <TestCategoryItem TestCategory="Fast" />
      </TestCategory>
      <Execution id="5f8ff372-4ca9-43cc-91e3-f5f93a25c6cc" />
      <TestMethod codeBase="D:\actions-runner\_work\XPCO\XPCO\Mobile\MobileServer\MobileServerBinaries\VideoOS.Mobile.Server.Test\bin\Debug\net472\VideoOS.Mobile.Server.Service.Test.dll" adapterTypeName="executor://mstestadapter/v2" className="VideoOS.Mobile.Server.Service.Test.Notifications.NotificationServerTests" name="TestRegisteredDevice" />
    </UnitTest>
    <UnitTest name="HasEventRightsDontRecieveAlarmsFilterTest" storage="d:\actions-runner\_work\xpco\xpco\mobile\mobileserver\mobileserverbinaries\videoos.mobile.server.test\bin\debug\net472\videoos.mobile.server.service.test.dll" id="b7bbfe42-4705-887e-6973-ed5aed3932d6">
      <Execution id="b0dced27-0fa0-4984-96ca-718c72c302a0" />
      <TestMethod codeBase="D:\actions-runner\_work\XPCO\XPCO\Mobile\MobileServer\MobileServerBinaries\VideoOS.Mobile.Server.Test\bin\Debug\net472\VideoOS.Mobile.Server.Service.Test.dll" adapterTypeName="executor://mstestadapter/v2" className="VideoOS.Mobile.Server.Service.Test.Notifications.NotifiedDeviceTests" name="HasEventRightsDontRecieveAlarmsFilterTest" />
    </UnitTest>
    <UnitTest name="TestZipping" storage="d:\actions-runner\_work\xpco\xpco\mobile\mobileserver\mobileserverbinaries\videoos.mobile.server.test\bin\debug\net472\videoos.mobile.server.service.test.dll" id="2c1a929f-c9aa-1a60-f5fb-d8c5d47630d2">
      <TestCategory>
        <TestCategoryItem TestCategory="Fast" />
      </TestCategory>
      <Execution id="8978c483-8dcc-4396-8f93-c67873b6b7f3" />
      <TestMethod codeBase="D:\actions-runner\_work\XPCO\XPCO\Mobile\MobileServer\MobileServerBinaries\VideoOS.Mobile.Server.Test\bin\Debug\net472\VideoOS.Mobile.Server.Service.Test.dll" adapterTypeName="executor://mstestadapter/v2" className="VideoOS.Mobile.Server.Service.Test.Export.Implementers.VideoExportTests" name="TestZipping" />
    </UnitTest>
    <UnitTest name="GenerateExportLinkSuccessfully" storage="d:\actions-runner\_work\xpco\xpco\mobile\mobileserver\mobileserverbinaries\videoos.mobile.server.test\bin\debug\net472\videoos.mobile.server.service.test.dll" id="555b5cb6-9cb1-c2b5-3e09-d0f300a8074a">
      <Execution id="6f6cbc53-2cf5-42aa-9aa9-57346acf19cc" />
      <TestMethod codeBase="D:\actions-runner\_work\XPCO\XPCO\Mobile\MobileServer\MobileServerBinaries\VideoOS.Mobile.Server.Test\bin\Debug\net472\VideoOS.Mobile.Server.Service.Test.dll" adapterTypeName="executor://mstestadapter/v2" className="VideoOS.Mobile.Server.Service.Test.Export.Mappings.ExportLinkMappingsTests" name="GenerateExportLinkSuccessfully" />
    </UnitTest>
    <UnitTest name="PlaybackStopped_TimeNotChanged" storage="d:\actions-runner\_work\xpco\xpco\mobile\mobileserver\mobileserverbinaries\videoos.mobile.server.test\bin\debug\net472\videoos.mobile.server.service.test.dll" id="e0d40a78-0387-201e-8469-3b43e405314e">
      <Execution id="7c8b7fba-8962-413c-9d5b-c6295bc59353" />
      <TestMethod codeBase="D:\actions-runner\_work\XPCO\XPCO\Mobile\MobileServer\MobileServerBinaries\VideoOS.Mobile.Server.Test\bin\Debug\net472\VideoOS.Mobile.Server.Service.Test.dll" adapterTypeName="executor://mstestadapter/v2" className="VideoOS.Mobile.Server.Service.Test.VideoSource.Controllers.PlaybackTimeHandlerTests" name="PlaybackStopped_TimeNotChanged" />
    </UnitTest>
    <UnitTest name="TestBaseConfiguration" storage="d:\actions-runner\_work\xpco\xpco\mobile\mobileserver\mobileserverbinaries\videoos.mobile.server.test\bin\debug\net472\videoos.mobile.server.service.test.dll" id="e5e04b3f-2826-cffa-21a0-e432f2281dd4">
      <TestCategory>
        <TestCategoryItem TestCategory="Fast" />
      </TestCategory>
      <Execution id="dec25662-36e0-49bc-a0da-9a0e54497bd5" />
      <TestMethod codeBase="D:\actions-runner\_work\XPCO\XPCO\Mobile\MobileServer\MobileServerBinaries\VideoOS.Mobile.Server.Test\bin\Debug\net472\VideoOS.Mobile.Server.Service.Test.dll" adapterTypeName="executor://mstestadapter/v2" className="VideoOS.Mobile.Server.Service.Test.Configuration.BaseConfigurationTests" name="TestBaseConfiguration" />
    </UnitTest>
    <UnitTest name="Process_ComplexCase1" storage="d:\actions-runner\_work\xpco\xpco\mobile\mobileserver\mobileserverbinaries\videoos.mobile.server.test\bin\debug\net472\videoos.mobile.server.service.test.dll" id="55e67d4d-e333-42a5-2a8c-a76e16be1462">
      <TestCategory>
        <TestCategoryItem TestCategory="Fast" />
      </TestCategory>
      <Execution id="7594e6a9-b60e-427f-a95d-89bc160ff5a5" />
      <TestMethod codeBase="D:\actions-runner\_work\XPCO\XPCO\Mobile\MobileServer\MobileServerBinaries\VideoOS.Mobile.Server.Test\bin\Debug\net472\VideoOS.Mobile.Server.Service.Test.dll" adapterTypeName="executor://mstestadapter/v2" className="VideoOS.Mobile.Server.Service.Test.MetaChannel.CommChannel.SequenceHelperTests" name="Process_ComplexCase1" />
    </UnitTest>
    <UnitTest name="TestCreateSegmentFromGopOnInvalidGop" storage="d:\actions-runner\_work\xpco\xpco\mobile\mobileserver\mobileserverbinaries\videoos.mobile.server.test\bin\debug\net472\videoos.mobile.server.service.test.dll" id="d1d5232c-4280-970a-b302-9531b7200d17">
      <TestCategory>
        <TestCategoryItem TestCategory="Fast" />
      </TestCategory>
      <Execution id="7b9fead3-704a-4d23-a893-df82124261d0" />
      <TestMethod codeBase="D:\actions-runner\_work\XPCO\XPCO\Mobile\MobileServer\MobileServerBinaries\VideoOS.Mobile.Server.Test\bin\Debug\net472\VideoOS.Mobile.Server.Service.Test.dll" adapterTypeName="executor://mstestadapter/v2" className="VideoOS.Mobile.Server.Service.Test.VideoSegmentation.SegmenterTests" name="TestCreateSegmentFromGopOnInvalidGop" />
    </UnitTest>
    <UnitTest name="TestClearNoPushDevices" storage="d:\actions-runner\_work\xpco\xpco\mobile\mobileserver\mobileserverbinaries\videoos.mobile.server.test\bin\debug\net472\videoos.mobile.server.service.test.dll" id="cb83127f-c861-0ebd-8086-b84bc849a1ac">
      <TestCategory>
        <TestCategoryItem TestCategory="Fast" />
      </TestCategory>
      <Execution id="0520731c-e602-4478-ba00-20860ae73bdd" />
      <TestMethod codeBase="D:\actions-runner\_work\XPCO\XPCO\Mobile\MobileServer\MobileServerBinaries\VideoOS.Mobile.Server.Test\bin\Debug\net472\VideoOS.Mobile.Server.Service.Test.dll" adapterTypeName="executor://mstestadapter/v2" className="VideoOS.Mobile.Server.Service.Test.Notifications.NotificationServerTests" name="TestClearNoPushDevices" />
    </UnitTest>
    <UnitTest name="ToUtcDictionary" storage="d:\actions-runner\_work\xpco\xpco\mobile\mobileserver\mobileserverbinaries\videoos.mobile.server.test\bin\debug\net472\videoos.mobile.server.service.test.dll" id="fca5336a-ced5-0439-bd22-05d1f1795f4e">
      <TestCategory>
        <TestCategoryItem TestCategory="Fast" />
      </TestCategory>
      <Execution id="786cb405-bed3-4627-8839-09d7c7bf3539" />
      <TestMethod codeBase="D:\actions-runner\_work\XPCO\XPCO\Mobile\MobileServer\MobileServerBinaries\VideoOS.Mobile.Server.Test\bin\Debug\net472\VideoOS.Mobile.Server.Service.Test.dll" adapterTypeName="executor://mstestadapter/v2" className="VideoOS.Mobile.Server.Service.Test.MetaChannel.CommChannel.SequenceHelperTests" name="ToUtcDictionary" />
    </UnitTest>
    <UnitTest name="AlarmAssignmentOtherUserFilterTest" storage="d:\actions-runner\_work\xpco\xpco\mobile\mobileserver\mobileserverbinaries\videoos.mobile.server.test\bin\debug\net472\videoos.mobile.server.service.test.dll" id="a311c7b3-2734-d612-2398-a1c092915dcd">
      <Execution id="fd487f69-165e-46ab-9598-4dcacc8fa9e4" />
      <TestMethod codeBase="D:\actions-runner\_work\XPCO\XPCO\Mobile\MobileServer\MobileServerBinaries\VideoOS.Mobile.Server.Test\bin\Debug\net472\VideoOS.Mobile.Server.Service.Test.dll" adapterTypeName="executor://mstestadapter/v2" className="VideoOS.Mobile.Server.Service.Test.Notifications.NotifiedDeviceTests" name="AlarmAssignmentOtherUserFilterTest" />
    </UnitTest>
    <UnitTest name="NotificationServer_ChangeServerMode (DeviceRegistrationOnly,Disabled,False,False)" storage="d:\actions-runner\_work\xpco\xpco\mobile\mobileserver\mobileserverbinaries\videoos.mobile.server.test\bin\debug\net472\videoos.mobile.server.service.test.dll" id="a3740e79-d506-520f-0d82-1a5c6712721d">
      <TestCategory>
        <TestCategoryItem TestCategory="Fast" />
      </TestCategory>
      <Execution id="84ea5949-0bfe-4035-9666-92ff44b2366d" />
      <TestMethod codeBase="D:\actions-runner\_work\XPCO\XPCO\Mobile\MobileServer\MobileServerBinaries\VideoOS.Mobile.Server.Test\bin\Debug\net472\VideoOS.Mobile.Server.Service.Test.dll" adapterTypeName="executor://mstestadapter/v2" className="VideoOS.Mobile.Server.Service.Test.Notifications.NotificationServerTests" name="NotificationServer_ChangeServerMode" />
    </UnitTest>
    <UnitTest name="Merge_EmptyCollection" storage="d:\actions-runner\_work\xpco\xpco\mobile\mobileserver\mobileserverbinaries\videoos.mobile.server.test\bin\debug\net472\videoos.mobile.server.service.test.dll" id="83722fed-9211-3485-11c2-d17ce2deb4b9">
      <TestCategory>
        <TestCategoryItem TestCategory="Fast" />
      </TestCategory>
      <Execution id="e9084814-1ba1-47f8-b239-7cc66900ec04" />
      <TestMethod codeBase="D:\actions-runner\_work\XPCO\XPCO\Mobile\MobileServer\MobileServerBinaries\VideoOS.Mobile.Server.Test\bin\Debug\net472\VideoOS.Mobile.Server.Service.Test.dll" adapterTypeName="executor://mstestadapter/v2" className="VideoOS.Mobile.Server.Service.Test.MetaChannel.CommChannel.SequenceHelperTests" name="Merge_EmptyCollection" />
    </UnitTest>
    <UnitTest name="LimitCount_BiDirectional_CenterTimeIsInSequence" storage="d:\actions-runner\_work\xpco\xpco\mobile\mobileserver\mobileserverbinaries\videoos.mobile.server.test\bin\debug\net472\videoos.mobile.server.service.test.dll" id="e1368d6a-49f6-fa98-e664-2e1e2cbda908">
      <TestCategory>
        <TestCategoryItem TestCategory="Fast" />
      </TestCategory>
      <Execution id="af4508b6-10ef-4bff-b163-8625523a1b0e" />
      <TestMethod codeBase="D:\actions-runner\_work\XPCO\XPCO\Mobile\MobileServer\MobileServerBinaries\VideoOS.Mobile.Server.Test\bin\Debug\net472\VideoOS.Mobile.Server.Service.Test.dll" adapterTypeName="executor://mstestadapter/v2" className="VideoOS.Mobile.Server.Service.Test.MetaChannel.CommChannel.SequenceHelperTests" name="LimitCount_BiDirectional_CenterTimeIsInSequence" />
    </UnitTest>
    <UnitTest name="MyAlarmsOtherUserFilterTest" storage="d:\actions-runner\_work\xpco\xpco\mobile\mobileserver\mobileserverbinaries\videoos.mobile.server.test\bin\debug\net472\videoos.mobile.server.service.test.dll" id="3e8e07f6-bd03-fa99-1b0c-1fe5f1198e8e">
      <Execution id="319afc7e-dcf4-41ea-be82-10518cce69ba" />
      <TestMethod codeBase="D:\actions-runner\_work\XPCO\XPCO\Mobile\MobileServer\MobileServerBinaries\VideoOS.Mobile.Server.Test\bin\Debug\net472\VideoOS.Mobile.Server.Service.Test.dll" adapterTypeName="executor://mstestadapter/v2" className="VideoOS.Mobile.Server.Service.Test.Notifications.NotifiedDeviceTests" name="MyAlarmsOtherUserFilterTest" />
    </UnitTest>
    <UnitTest name="Merge_OverlappingSequences" storage="d:\actions-runner\_work\xpco\xpco\mobile\mobileserver\mobileserverbinaries\videoos.mobile.server.test\bin\debug\net472\videoos.mobile.server.service.test.dll" id="b7ce506d-0747-c12c-34e2-8ca0d45c9b9c">
      <TestCategory>
        <TestCategoryItem TestCategory="Fast" />
      </TestCategory>
      <Execution id="2d4077ea-2426-4d4c-b1e9-aed9ea819727" />
      <TestMethod codeBase="D:\actions-runner\_work\XPCO\XPCO\Mobile\MobileServer\MobileServerBinaries\VideoOS.Mobile.Server.Test\bin\Debug\net472\VideoOS.Mobile.Server.Service.Test.dll" adapterTypeName="executor://mstestadapter/v2" className="VideoOS.Mobile.Server.Service.Test.MetaChannel.CommChannel.SequenceHelperTests" name="Merge_OverlappingSequences" />
    </UnitTest>
    <UnitTest name="TestExportState" storage="d:\actions-runner\_work\xpco\xpco\mobile\mobileserver\mobileserverbinaries\videoos.mobile.server.test\bin\debug\net472\videoos.mobile.server.service.test.dll" id="f5b16325-6af3-abac-f53e-915906634947">
      <TestCategory>
        <TestCategoryItem TestCategory="Fast" />
      </TestCategory>
      <Execution id="12a98e89-97c7-476c-b6ca-925013452298" />
      <TestMethod codeBase="D:\actions-runner\_work\XPCO\XPCO\Mobile\MobileServer\MobileServerBinaries\VideoOS.Mobile.Server.Test\bin\Debug\net472\VideoOS.Mobile.Server.Service.Test.dll" adapterTypeName="executor://mstestadapter/v2" className="VideoOS.Mobile.Server.Service.Test.Investigations.InvestigationFromExportTests" name="TestExportState" />
    </UnitTest>
    <UnitTest name="ToUtc" storage="d:\actions-runner\_work\xpco\xpco\mobile\mobileserver\mobileserverbinaries\videoos.mobile.server.test\bin\debug\net472\videoos.mobile.server.service.test.dll" id="2dd92821-84cd-3706-32de-6e3e4bd4d8b1">
      <TestCategory>
        <TestCategoryItem TestCategory="Fast" />
      </TestCategory>
      <Execution id="76a76675-e677-4008-87e0-6118e6cb2442" />
      <TestMethod codeBase="D:\actions-runner\_work\XPCO\XPCO\Mobile\MobileServer\MobileServerBinaries\VideoOS.Mobile.Server.Test\bin\Debug\net472\VideoOS.Mobile.Server.Service.Test.dll" adapterTypeName="executor://mstestadapter/v2" className="VideoOS.Mobile.Server.Service.Test.MetaChannel.CommChannel.SequenceHelperTests" name="ToUtc" />
    </UnitTest>
    <UnitTest name="TestFramesAggregationGopQueueLen" storage="d:\actions-runner\_work\xpco\xpco\mobile\mobileserver\mobileserverbinaries\videoos.mobile.server.test\bin\debug\net472\videoos.mobile.server.service.test.dll" id="18a28ea3-7739-ff1d-58b7-57c3aac07295">
      <TestCategory>
        <TestCategoryItem TestCategory="Fast" />
      </TestCategory>
      <Execution id="d5a1715a-feb6-4ed5-b89c-ef97c65ec187" />
      <TestMethod codeBase="D:\actions-runner\_work\XPCO\XPCO\Mobile\MobileServer\MobileServerBinaries\VideoOS.Mobile.Server.Test\bin\Debug\net472\VideoOS.Mobile.Server.Service.Test.dll" adapterTypeName="executor://mstestadapter/v2" className="VideoOS.Mobile.Server.Service.Test.VideoSegmentation.FramesAggregationGopTest" name="TestFramesAggregationGopQueueLen" />
    </UnitTest>
    <UnitTest name="TimeRange_AllStreamsNoDataInRange_AutoLoopSet_PlaybackStops" storage="d:\actions-runner\_work\xpco\xpco\mobile\mobileserver\mobileserverbinaries\videoos.mobile.server.test\bin\debug\net472\videoos.mobile.server.service.test.dll" id="67a66ae7-b3fd-8f0a-aa0f-799b9cd7561a">
      <Execution id="fa8b08a4-3a31-45d0-a347-37300b385dde" />
      <TestMethod codeBase="D:\actions-runner\_work\XPCO\XPCO\Mobile\MobileServer\MobileServerBinaries\VideoOS.Mobile.Server.Test\bin\Debug\net472\VideoOS.Mobile.Server.Service.Test.dll" adapterTypeName="executor://mstestadapter/v2" className="VideoOS.Mobile.Server.Service.Test.VideoSource.Controllers.PlaybackTimeHandlerTests" name="TimeRange_AllStreamsNoDataInRange_AutoLoopSet_PlaybackStops" />
    </UnitTest>
    <UnitTest name="NoStreamsInitialized_PlaybackContinues_TimeNotChanged (False,False,False)" storage="d:\actions-runner\_work\xpco\xpco\mobile\mobileserver\mobileserverbinaries\videoos.mobile.server.test\bin\debug\net472\videoos.mobile.server.service.test.dll" id="d4eaed5b-26b4-9864-3ed2-85a270c3f157">
      <Execution id="736d7730-9554-4f14-a0ee-88641d7551d1" />
      <TestMethod codeBase="D:\actions-runner\_work\XPCO\XPCO\Mobile\MobileServer\MobileServerBinaries\VideoOS.Mobile.Server.Test\bin\Debug\net472\VideoOS.Mobile.Server.Service.Test.dll" adapterTypeName="executor://mstestadapter/v2" className="VideoOS.Mobile.Server.Service.Test.VideoSource.Controllers.PlaybackTimeHandlerTests" name="NoStreamsInitialized_PlaybackContinues_TimeNotChanged" />
    </UnitTest>
    <UnitTest name="SomeStreamsCannotContinue_PlaybackContinues_TimeNotChanged" storage="d:\actions-runner\_work\xpco\xpco\mobile\mobileserver\mobileserverbinaries\videoos.mobile.server.test\bin\debug\net472\videoos.mobile.server.service.test.dll" id="568f2fe0-5856-4b31-87be-2a38b01c7c33">
      <Execution id="c6eb112a-d40a-46b3-a4bd-30cc6cec54de" />
      <TestMethod codeBase="D:\actions-runner\_work\XPCO\XPCO\Mobile\MobileServer\MobileServerBinaries\VideoOS.Mobile.Server.Test\bin\Debug\net472\VideoOS.Mobile.Server.Service.Test.dll" adapterTypeName="executor://mstestadapter/v2" className="VideoOS.Mobile.Server.Service.Test.VideoSource.Controllers.PlaybackTimeHandlerTests" name="SomeStreamsCannotContinue_PlaybackContinues_TimeNotChanged" />
    </UnitTest>
    <UnitTest name="CommandQueueTestAsyncGroupLoginAndLive" storage="d:\actions-runner\_work\xpco\xpco\mobile\mobileserver\mobileserverbinaries\videoos.mobile.server.test\bin\debug\net472\videoos.mobile.server.service.test.dll" id="fab1f9dc-62c6-d023-7967-d589b182e2a4">
      <TestCategory>
        <TestCategoryItem TestCategory="LongRunning" />
      </TestCategory>
      <Execution id="518bd773-d5c7-4dc8-ac39-68f1b23aefc3" />
      <TestMethod codeBase="D:\actions-runner\_work\XPCO\XPCO\Mobile\MobileServer\MobileServerBinaries\VideoOS.Mobile.Server.Test\bin\Debug\net472\VideoOS.Mobile.Server.Service.Test.dll" adapterTypeName="executor://mstestadapter/v2" className="VideoOS.Mobile.Server.Service.Test.MetaChannel.CommunicationCommandQueueTests" name="CommandQueueTestAsyncGroupLoginAndLive" />
    </UnitTest>
    <UnitTest name="TestFramesAggregationTimeoutMultiple" storage="d:\actions-runner\_work\xpco\xpco\mobile\mobileserver\mobileserverbinaries\videoos.mobile.server.test\bin\debug\net472\videoos.mobile.server.service.test.dll" id="b18120fe-04b2-17a2-d059-7f23a8ca03b8">
      <TestCategory>
        <TestCategoryItem TestCategory="Fast" />
      </TestCategory>
      <Execution id="059e9f74-103c-4a44-87e9-157c3a5edaae" />
      <TestMethod codeBase="D:\actions-runner\_work\XPCO\XPCO\Mobile\MobileServer\MobileServerBinaries\VideoOS.Mobile.Server.Test\bin\Debug\net472\VideoOS.Mobile.Server.Service.Test.dll" adapterTypeName="executor://mstestadapter/v2" className="VideoOS.Mobile.Server.Service.Test.VideoSegmentation.FramesAggregationTimeoutTest" name="TestFramesAggregationTimeoutMultiple" />
    </UnitTest>
    <UnitTest name="TestExports" storage="d:\actions-runner\_work\xpco\xpco\mobile\mobileserver\mobileserverbinaries\videoos.mobile.server.test\bin\debug\net472\videoos.mobile.server.service.test.dll" id="d775a7cd-e072-bd3d-a6f6-adac05c310b9">
      <TestCategory>
        <TestCategoryItem TestCategory="Fast" />
      </TestCategory>
      <Execution id="2e04d6b8-0dda-4cb6-9cee-b0e4010e31db" />
      <TestMethod codeBase="D:\actions-runner\_work\XPCO\XPCO\Mobile\MobileServer\MobileServerBinaries\VideoOS.Mobile.Server.Test\bin\Debug\net472\VideoOS.Mobile.Server.Service.Test.dll" adapterTypeName="executor://mstestadapter/v2" className="VideoOS.Mobile.Server.Service.Test.Investigations.InvestigationFromExportTests" name="TestExports" />
    </UnitTest>
    <UnitTest name="NotificationServer_InitServerMode (Enabled,True,True)" storage="d:\actions-runner\_work\xpco\xpco\mobile\mobileserver\mobileserverbinaries\videoos.mobile.server.test\bin\debug\net472\videoos.mobile.server.service.test.dll" id="836daa05-9d0b-9773-0687-23c510cd57d3">
      <TestCategory>
        <TestCategoryItem TestCategory="Fast" />
      </TestCategory>
      <Execution id="1a09aca2-1d00-4c80-95d8-10722da0c547" />
      <TestMethod codeBase="D:\actions-runner\_work\XPCO\XPCO\Mobile\MobileServer\MobileServerBinaries\VideoOS.Mobile.Server.Test\bin\Debug\net472\VideoOS.Mobile.Server.Service.Test.dll" adapterTypeName="executor://mstestadapter/v2" className="VideoOS.Mobile.Server.Service.Test.Notifications.NotificationServerTests" name="NotificationServer_InitServerMode" />
    </UnitTest>
    <UnitTest name="NotificationServer_CannotRegisterDisabledDevice" storage="d:\actions-runner\_work\xpco\xpco\mobile\mobileserver\mobileserverbinaries\videoos.mobile.server.test\bin\debug\net472\videoos.mobile.server.service.test.dll" id="2853041e-991b-ff79-756b-e3b14825bd3e">
      <TestCategory>
        <TestCategoryItem TestCategory="Fast" />
      </TestCategory>
      <Execution id="7032e762-bcd4-4a81-a48c-cbbf806803bc" />
      <TestMethod codeBase="D:\actions-runner\_work\XPCO\XPCO\Mobile\MobileServer\MobileServerBinaries\VideoOS.Mobile.Server.Test\bin\Debug\net472\VideoOS.Mobile.Server.Service.Test.dll" adapterTypeName="executor://mstestadapter/v2" className="VideoOS.Mobile.Server.Service.Test.Notifications.NotificationServerTests" name="NotificationServer_CannotRegisterDisabledDevice" />
    </UnitTest>
    <UnitTest name="TimeRange_SomeStreamsOutOfRange_PlaybackContinues_TimeNotChanged" storage="d:\actions-runner\_work\xpco\xpco\mobile\mobileserver\mobileserverbinaries\videoos.mobile.server.test\bin\debug\net472\videoos.mobile.server.service.test.dll" id="77a1622c-bf66-a2d4-b065-8f9849fd4883">
      <Execution id="d7c56d87-d967-4c6d-bdb3-7214a1a50f0e" />
      <TestMethod codeBase="D:\actions-runner\_work\XPCO\XPCO\Mobile\MobileServer\MobileServerBinaries\VideoOS.Mobile.Server.Test\bin\Debug\net472\VideoOS.Mobile.Server.Service.Test.dll" adapterTypeName="executor://mstestadapter/v2" className="VideoOS.Mobile.Server.Service.Test.VideoSource.Controllers.PlaybackTimeHandlerTests" name="TimeRange_SomeStreamsOutOfRange_PlaybackContinues_TimeNotChanged" />
    </UnitTest>
    <UnitTest name="TwoStepVerificationTest" storage="d:\actions-runner\_work\xpco\xpco\mobile\mobileserver\mobileserverbinaries\videoos.mobile.server.test\bin\debug\net472\videoos.mobile.server.service.test.dll" id="a0b9d1e4-24b3-60a1-0b6b-b59ef2f08557">
      <TestCategory>
        <TestCategoryItem TestCategory="LongRunning" />
      </TestCategory>
      <Execution id="2fb9aaad-866b-4e58-85f5-bdcbb583870a" />
      <TestMethod codeBase="D:\actions-runner\_work\XPCO\XPCO\Mobile\MobileServer\MobileServerBinaries\VideoOS.Mobile.Server.Test\bin\Debug\net472\VideoOS.Mobile.Server.Service.Test.dll" adapterTypeName="executor://mstestadapter/v2" className="VideoOS.Mobile.Server.Service.Test.TwoStepsVerification.TwoStepsVerificationSessionTests" name="TwoStepVerificationTest" />
    </UnitTest>
    <UnitTest name="LimitCount_CollectionLenghtIsLessThanLimits" storage="d:\actions-runner\_work\xpco\xpco\mobile\mobileserver\mobileserverbinaries\videoos.mobile.server.test\bin\debug\net472\videoos.mobile.server.service.test.dll" id="989637b2-a22c-7066-e6d2-55dafa6402cd">
      <TestCategory>
        <TestCategoryItem TestCategory="Fast" />
      </TestCategory>
      <Execution id="22d3b765-ad7e-465e-adcb-a30ba1923930" />
      <TestMethod codeBase="D:\actions-runner\_work\XPCO\XPCO\Mobile\MobileServer\MobileServerBinaries\VideoOS.Mobile.Server.Test\bin\Debug\net472\VideoOS.Mobile.Server.Service.Test.dll" adapterTypeName="executor://mstestadapter/v2" className="VideoOS.Mobile.Server.Service.Test.MetaChannel.CommChannel.SequenceHelperTests" name="LimitCount_CollectionLenghtIsLessThanLimits" />
    </UnitTest>
    <UnitTest name="FindNearest" storage="d:\actions-runner\_work\xpco\xpco\mobile\mobileserver\mobileserverbinaries\videoos.mobile.server.test\bin\debug\net472\videoos.mobile.server.service.test.dll" id="279cbe84-c17b-472a-0a2a-572a504dae3b">
      <TestCategory>
        <TestCategoryItem TestCategory="Fast" />
      </TestCategory>
      <Execution id="70e9d8c2-5b66-4cfc-8000-740b91f751aa" />
      <TestMethod codeBase="D:\actions-runner\_work\XPCO\XPCO\Mobile\MobileServer\MobileServerBinaries\VideoOS.Mobile.Server.Test\bin\Debug\net472\VideoOS.Mobile.Server.Service.Test.dll" adapterTypeName="executor://mstestadapter/v2" className="VideoOS.Mobile.Server.Service.Test.MetaChannel.CommChannel.SequenceHelperTests" name="FindNearest" />
    </UnitTest>
    <UnitTest name="AnyIllegalCharsMustNotBeValid" storage="d:\actions-runner\_work\xpco\xpco\mobile\mobileserver\mobileserverbinaries\videoos.mobile.server.test\bin\debug\net472\videoos.mobile.server.service.test.dll" id="47f28ebf-77dc-40e5-9ce7-5f767b648730">
      <TestCategory>
        <TestCategoryItem TestCategory="Fast" />
      </TestCategory>
      <Execution id="6026a8e8-6090-48d4-b87e-b7fbfb6fbb30" />
      <TestMethod codeBase="D:\actions-runner\_work\XPCO\XPCO\Mobile\MobileServer\MobileServerBinaries\VideoOS.Mobile.Server.Test\bin\Debug\net472\VideoOS.Mobile.Server.Service.Test.dll" adapterTypeName="executor://mstestadapter/v2" className="VideoOS.Mobile.Server.Service.Test.Export.Helpers.PasswordValidatorTests" name="AnyIllegalCharsMustNotBeValid" />
    </UnitTest>
    <UnitTest name="GeneratingSameExportMoreThanOnceReturnsNewLink" storage="d:\actions-runner\_work\xpco\xpco\mobile\mobileserver\mobileserverbinaries\videoos.mobile.server.test\bin\debug\net472\videoos.mobile.server.service.test.dll" id="ed89c0c7-47b7-b30f-a4ea-f9701d2148bb">
      <Execution id="d55529db-bd9d-4100-bcc8-7bc11e3b57eb" />
      <TestMethod codeBase="D:\actions-runner\_work\XPCO\XPCO\Mobile\MobileServer\MobileServerBinaries\VideoOS.Mobile.Server.Test\bin\Debug\net472\VideoOS.Mobile.Server.Service.Test.dll" adapterTypeName="executor://mstestadapter/v2" className="VideoOS.Mobile.Server.Service.Test.Export.Mappings.ExportLinkMappingsTests" name="GeneratingSameExportMoreThanOnceReturnsNewLink" />
    </UnitTest>
    <UnitTest name="NewExportsGenerateNewExportDownloadLink" storage="d:\actions-runner\_work\xpco\xpco\mobile\mobileserver\mobileserverbinaries\videoos.mobile.server.test\bin\debug\net472\videoos.mobile.server.service.test.dll" id="60a07504-8fea-3bbe-8282-290eda0bf4d1">
      <Execution id="49042184-f9b1-40f2-886b-a3f2cdf9508c" />
      <TestMethod codeBase="D:\actions-runner\_work\XPCO\XPCO\Mobile\MobileServer\MobileServerBinaries\VideoOS.Mobile.Server.Test\bin\Debug\net472\VideoOS.Mobile.Server.Service.Test.dll" adapterTypeName="executor://mstestadapter/v2" className="VideoOS.Mobile.Server.Service.Test.Export.Mappings.ExportLinkMappingsTests" name="NewExportsGenerateNewExportDownloadLink" />
    </UnitTest>
    <UnitTest name="LowerBound_SelectLatestSequence" storage="d:\actions-runner\_work\xpco\xpco\mobile\mobileserver\mobileserverbinaries\videoos.mobile.server.test\bin\debug\net472\videoos.mobile.server.service.test.dll" id="801ffb9c-7b33-d534-a314-afe14b3f8e34">
      <TestCategory>
        <TestCategoryItem TestCategory="Fast" />
      </TestCategory>
      <Execution id="a6e26180-a0f4-4421-b5d6-b9e0efeaa2ca" />
      <TestMethod codeBase="D:\actions-runner\_work\XPCO\XPCO\Mobile\MobileServer\MobileServerBinaries\VideoOS.Mobile.Server.Test\bin\Debug\net472\VideoOS.Mobile.Server.Service.Test.dll" adapterTypeName="executor://mstestadapter/v2" className="VideoOS.Mobile.Server.Service.Test.MetaChannel.CommChannel.SequenceHelperTests" name="LowerBound_SelectLatestSequence" />
    </UnitTest>
    <UnitTest name="NotificationServer_ChangeServerMode (Disabled,DeviceRegistrationOnly,True,False)" storage="d:\actions-runner\_work\xpco\xpco\mobile\mobileserver\mobileserverbinaries\videoos.mobile.server.test\bin\debug\net472\videoos.mobile.server.service.test.dll" id="8933bd42-9a1e-0184-c32b-defc2356476f">
      <TestCategory>
        <TestCategoryItem TestCategory="Fast" />
      </TestCategory>
      <Execution id="23b05b69-b9ec-45c2-89c5-68f0a58b3be0" />
      <TestMethod codeBase="D:\actions-runner\_work\XPCO\XPCO\Mobile\MobileServer\MobileServerBinaries\VideoOS.Mobile.Server.Test\bin\Debug\net472\VideoOS.Mobile.Server.Service.Test.dll" adapterTypeName="executor://mstestadapter/v2" className="VideoOS.Mobile.Server.Service.Test.Notifications.NotificationServerTests" name="NotificationServer_ChangeServerMode" />
    </UnitTest>
    <UnitTest name="RemoveExportLinkSuccessfully" storage="d:\actions-runner\_work\xpco\xpco\mobile\mobileserver\mobileserverbinaries\videoos.mobile.server.test\bin\debug\net472\videoos.mobile.server.service.test.dll" id="c0171c70-5cf1-4653-5869-cfba6434286f">
      <Execution id="113d85fa-1a5c-4a0f-abfa-6b0fda75775d" />
      <TestMethod codeBase="D:\actions-runner\_work\XPCO\XPCO\Mobile\MobileServer\MobileServerBinaries\VideoOS.Mobile.Server.Test\bin\Debug\net472\VideoOS.Mobile.Server.Service.Test.dll" adapterTypeName="executor://mstestadapter/v2" className="VideoOS.Mobile.Server.Service.Test.Export.Mappings.ExportLinkMappingsTests" name="RemoveExportLinkSuccessfully" />
    </UnitTest>
    <UnitTest name="PlaybackControllerTest" storage="d:\actions-runner\_work\xpco\xpco\mobile\mobileserver\mobileserverbinaries\videoos.mobile.server.test\bin\debug\net472\videoos.mobile.server.service.test.dll" id="8fcf50bc-e1ba-c4b7-d19c-1d238b2823ed">
      <TestCategory>
        <TestCategoryItem TestCategory="LongRunning" />
      </TestCategory>
      <Execution id="c5a9ad7b-11f1-49e4-a3f3-b12fc830bf43" />
      <TestMethod codeBase="D:\actions-runner\_work\XPCO\XPCO\Mobile\MobileServer\MobileServerBinaries\VideoOS.Mobile.Server.Test\bin\Debug\net472\VideoOS.Mobile.Server.Service.Test.dll" adapterTypeName="executor://mstestadapter/v2" className="VideoOS.Mobile.Server.Service.Test.VideoSource.Controllers.PlaybackControllerBaseTests" name="PlaybackControllerTest" />
    </UnitTest>
    <UnitTest name="DontRecieveAlarmOnDenyPushFlagTest" storage="d:\actions-runner\_work\xpco\xpco\mobile\mobileserver\mobileserverbinaries\videoos.mobile.server.test\bin\debug\net472\videoos.mobile.server.service.test.dll" id="2d1c60f4-f325-aad6-29ce-1b9879e7a42e">
      <TestCategory>
        <TestCategoryItem TestCategory="LongRunning" />
      </TestCategory>
      <Execution id="84d68005-3300-4152-89c9-3798ffd3e843" />
      <TestMethod codeBase="D:\actions-runner\_work\XPCO\XPCO\Mobile\MobileServer\MobileServerBinaries\VideoOS.Mobile.Server.Test\bin\Debug\net472\VideoOS.Mobile.Server.Service.Test.dll" adapterTypeName="executor://mstestadapter/v2" className="VideoOS.Mobile.Server.Service.Test.Notifications.NotificationServerTests" name="DontRecieveAlarmOnDenyPushFlagTest" />
    </UnitTest>
    <UnitTest name="TestFrameNextTimeCorrector" storage="d:\actions-runner\_work\xpco\xpco\mobile\mobileserver\mobileserverbinaries\videoos.mobile.server.test\bin\debug\net472\videoos.mobile.server.service.test.dll" id="bf6cf16c-c42a-3cbe-d87e-9569bbe97a62">
      <TestCategory>
        <TestCategoryItem TestCategory="Fast" />
      </TestCategory>
      <Execution id="aa974196-5473-46a6-8e11-1703778eeae3" />
      <TestMethod codeBase="D:\actions-runner\_work\XPCO\XPCO\Mobile\MobileServer\MobileServerBinaries\VideoOS.Mobile.Server.Test\bin\Debug\net472\VideoOS.Mobile.Server.Service.Test.dll" adapterTypeName="executor://mstestadapter/v2" className="VideoOS.Mobile.Server.Service.Test.VideoSegmentation.FrameNextTimeCorrectorTest" name="TestFrameNextTimeCorrector" />
    </UnitTest>
    <UnitTest name="MobileServerDiscoverableServiceTest" storage="d:\actions-runner\_work\xpco\xpco\mobile\mobileserver\mobileserverbinaries\videoos.mobile.server.test\bin\debug\net472\videoos.mobile.server.service.test.dll" id="4e718855-46c8-55f5-4bd0-fd38bd3c2be5">
      <TestCategory>
        <TestCategoryItem TestCategory="Fast" />
      </TestCategory>
      <Execution id="78c28bd5-a865-4dc5-ba0b-96b4695375e5" />
      <TestMethod codeBase="D:\actions-runner\_work\XPCO\XPCO\Mobile\MobileServer\MobileServerBinaries\VideoOS.Mobile.Server.Test\bin\Debug\net472\VideoOS.Mobile.Server.Service.Test.dll" adapterTypeName="executor://mstestadapter/v2" className="VideoOS.Mobile.Server.Service.Test.Upnp.MobileServerDiscoverableServiceTests" name="MobileServerDiscoverableServiceTest" />
    </UnitTest>
    <UnitTest name="Crop_SequenceAtEnd" storage="d:\actions-runner\_work\xpco\xpco\mobile\mobileserver\mobileserverbinaries\videoos.mobile.server.test\bin\debug\net472\videoos.mobile.server.service.test.dll" id="3f647da0-3afa-6643-6359-62e87ea0d795">
      <TestCategory>
        <TestCategoryItem TestCategory="Fast" />
      </TestCategory>
      <Execution id="db4f648f-1f95-41c0-a460-e6a99ac2c4e9" />
      <TestMethod codeBase="D:\actions-runner\_work\XPCO\XPCO\Mobile\MobileServer\MobileServerBinaries\VideoOS.Mobile.Server.Test\bin\Debug\net472\VideoOS.Mobile.Server.Service.Test.dll" adapterTypeName="executor://mstestadapter/v2" className="VideoOS.Mobile.Server.Service.Test.MetaChannel.CommChannel.SequenceHelperTests" name="Crop_SequenceAtEnd" />
    </UnitTest>
    <UnitTest name="NotifiedDeviceDBHelper_UpdateMIPSettings" storage="d:\actions-runner\_work\xpco\xpco\mobile\mobileserver\mobileserverbinaries\videoos.mobile.server.test\bin\debug\net472\videoos.mobile.server.service.test.dll" id="fc2a06b1-27c1-39d9-f6fd-7c2355aacc52">
      <TestCategory>
        <TestCategoryItem TestCategory="Fast" />
      </TestCategory>
      <Execution id="71fb6214-3e3e-4990-b431-0733827a9d68" />
      <TestMethod codeBase="D:\actions-runner\_work\XPCO\XPCO\Mobile\MobileServer\MobileServerBinaries\VideoOS.Mobile.Server.Test\bin\Debug\net472\VideoOS.Mobile.Server.Service.Test.dll" adapterTypeName="executor://mstestadapter/v2" className="VideoOS.Mobile.Server.Service.Test.Notifications.NotifiedDeviceDBHelperTests" name="NotifiedDeviceDBHelper_UpdateMIPSettings" />
    </UnitTest>
    <UnitTest name="Merge_NothingToMerge" storage="d:\actions-runner\_work\xpco\xpco\mobile\mobileserver\mobileserverbinaries\videoos.mobile.server.test\bin\debug\net472\videoos.mobile.server.service.test.dll" id="40dd05f2-469e-5773-539d-eabb81250642">
      <TestCategory>
        <TestCategoryItem TestCategory="Fast" />
      </TestCategory>
      <Execution id="1f6adc16-d584-41db-a724-0fa83a859c8e" />
      <TestMethod codeBase="D:\actions-runner\_work\XPCO\XPCO\Mobile\MobileServer\MobileServerBinaries\VideoOS.Mobile.Server.Test\bin\Debug\net472\VideoOS.Mobile.Server.Service.Test.dll" adapterTypeName="executor://mstestadapter/v2" className="VideoOS.Mobile.Server.Service.Test.MetaChannel.CommChannel.SequenceHelperTests" name="Merge_NothingToMerge" />
    </UnitTest>
    <UnitTest name="DeviceConfigurationTest" storage="d:\actions-runner\_work\xpco\xpco\mobile\mobileserver\mobileserverbinaries\videoos.mobile.server.test\bin\debug\net472\videoos.mobile.server.service.test.dll" id="45359acf-d02f-fe13-f23b-839a3519c3f4">
      <TestCategory>
        <TestCategoryItem TestCategory="LongRunning" />
      </TestCategory>
      <Execution id="a04b5dc2-22be-4ab1-a22c-5257560dec19" />
      <TestMethod codeBase="D:\actions-runner\_work\XPCO\XPCO\Mobile\MobileServer\MobileServerBinaries\VideoOS.Mobile.Server.Test\bin\Debug\net472\VideoOS.Mobile.Server.Service.Test.dll" adapterTypeName="executor://mstestadapter/v2" className="VideoOS.Mobile.Server.Service.Test.HttpHandler.HttpDeviceConfigurationHandlerTests" name="DeviceConfigurationTest" />
    </UnitTest>
    <UnitTest name="MultiSourceSingleMessageTest" storage="d:\actions-runner\_work\xpco\xpco\mobile\mobileserver\mobileserverbinaries\videoos.mobile.server.test\bin\debug\net472\videoos.mobile.server.service.test.dll" id="d4e06728-5906-573a-3773-ffea274f26ca">
      <Execution id="822876f5-9f4c-4b52-85b4-6d6de03d65c0" />
      <TestMethod codeBase="D:\actions-runner\_work\XPCO\XPCO\Mobile\MobileServer\MobileServerBinaries\VideoOS.Mobile.Server.Test\bin\Debug\net472\VideoOS.Mobile.Server.Service.Test.dll" adapterTypeName="executor://mstestadapter/v2" className="VideoOS.Mobile.Server.Service.Test.Notifications.NotifiedDeviceTests" name="MultiSourceSingleMessageTest" />
    </UnitTest>
    <UnitTest name="CommandQueueTestAsyncOld" storage="d:\actions-runner\_work\xpco\xpco\mobile\mobileserver\mobileserverbinaries\videoos.mobile.server.test\bin\debug\net472\videoos.mobile.server.service.test.dll" id="bd27d4e1-7ebc-3ef1-95d9-2934fbd3b038">
      <TestCategory>
        <TestCategoryItem TestCategory="LongRunning" />
      </TestCategory>
      <Execution id="85ed28d8-3c1f-4bde-a1d8-b2628e204656" />
      <TestMethod codeBase="D:\actions-runner\_work\XPCO\XPCO\Mobile\MobileServer\MobileServerBinaries\VideoOS.Mobile.Server.Test\bin\Debug\net472\VideoOS.Mobile.Server.Service.Test.dll" adapterTypeName="executor://mstestadapter/v2" className="VideoOS.Mobile.Server.Service.Test.MetaChannel.CommunicationCommandQueueTests" name="CommandQueueTestAsyncOld" />
    </UnitTest>
    <UnitTest name="Process_ComplexCase2" storage="d:\actions-runner\_work\xpco\xpco\mobile\mobileserver\mobileserverbinaries\videoos.mobile.server.test\bin\debug\net472\videoos.mobile.server.service.test.dll" id="119accc5-3d47-9a55-1db4-54236af8e84a">
      <TestCategory>
        <TestCategoryItem TestCategory="Fast" />
      </TestCategory>
      <Execution id="71ea4ad4-f21a-4f63-9950-3d6b61deed89" />
      <TestMethod codeBase="D:\actions-runner\_work\XPCO\XPCO\Mobile\MobileServer\MobileServerBinaries\VideoOS.Mobile.Server.Test\bin\Debug\net472\VideoOS.Mobile.Server.Service.Test.dll" adapterTypeName="executor://mstestadapter/v2" className="VideoOS.Mobile.Server.Service.Test.MetaChannel.CommChannel.SequenceHelperTests" name="Process_ComplexCase2" />
    </UnitTest>
    <UnitTest name="NoEventRightsFilterTest" storage="d:\actions-runner\_work\xpco\xpco\mobile\mobileserver\mobileserverbinaries\videoos.mobile.server.test\bin\debug\net472\videoos.mobile.server.service.test.dll" id="9a5b1ab6-9c4e-ab09-df23-254811d2c167">
      <Execution id="9e260c23-f582-445b-a651-79c28d3950e8" />
      <TestMethod codeBase="D:\actions-runner\_work\XPCO\XPCO\Mobile\MobileServer\MobileServerBinaries\VideoOS.Mobile.Server.Test\bin\Debug\net472\VideoOS.Mobile.Server.Service.Test.dll" adapterTypeName="executor://mstestadapter/v2" className="VideoOS.Mobile.Server.Service.Test.Notifications.NotifiedDeviceTests" name="NoEventRightsFilterTest" />
    </UnitTest>
    <UnitTest name="TestCameras" storage="d:\actions-runner\_work\xpco\xpco\mobile\mobileserver\mobileserverbinaries\videoos.mobile.server.test\bin\debug\net472\videoos.mobile.server.service.test.dll" id="9645dae5-ba94-2236-6133-b9e0f5d7f87b">
      <TestCategory>
        <TestCategoryItem TestCategory="Fast" />
      </TestCategory>
      <Execution id="7b4a74a4-7565-48d8-9315-a14b730990ff" />
      <TestMethod codeBase="D:\actions-runner\_work\XPCO\XPCO\Mobile\MobileServer\MobileServerBinaries\VideoOS.Mobile.Server.Test\bin\Debug\net472\VideoOS.Mobile.Server.Service.Test.dll" adapterTypeName="executor://mstestadapter/v2" className="VideoOS.Mobile.Server.Service.Test.Investigations.InvestigationFromExportTests" name="TestCameras" />
    </UnitTest>
    <UnitTest name="NotifiedDeviceDBHelper_UpdateDeviceEnabledToDeviceState" storage="d:\actions-runner\_work\xpco\xpco\mobile\mobileserver\mobileserverbinaries\videoos.mobile.server.test\bin\debug\net472\videoos.mobile.server.service.test.dll" id="deee3dc0-75b5-fc24-2903-a5220466860e">
      <TestCategory>
        <TestCategoryItem TestCategory="Fast" />
      </TestCategory>
      <Execution id="f04a9e90-73ae-4617-90cb-48ae44b486cf" />
      <TestMethod codeBase="D:\actions-runner\_work\XPCO\XPCO\Mobile\MobileServer\MobileServerBinaries\VideoOS.Mobile.Server.Test\bin\Debug\net472\VideoOS.Mobile.Server.Service.Test.dll" adapterTypeName="executor://mstestadapter/v2" className="VideoOS.Mobile.Server.Service.Test.Notifications.NotifiedDeviceDBHelperTests" name="NotifiedDeviceDBHelper_UpdateDeviceEnabledToDeviceState" />
    </UnitTest>
    <UnitTest name="LimitCount_OneDirectional" storage="d:\actions-runner\_work\xpco\xpco\mobile\mobileserver\mobileserverbinaries\videoos.mobile.server.test\bin\debug\net472\videoos.mobile.server.service.test.dll" id="ce333b82-4964-6cf6-8173-0208304aa4a3">
      <TestCategory>
        <TestCategoryItem TestCategory="Fast" />
      </TestCategory>
      <Execution id="3c6a6da3-0828-44de-9217-5b0b2af66174" />
      <TestMethod codeBase="D:\actions-runner\_work\XPCO\XPCO\Mobile\MobileServer\MobileServerBinaries\VideoOS.Mobile.Server.Test\bin\Debug\net472\VideoOS.Mobile.Server.Service.Test.dll" adapterTypeName="executor://mstestadapter/v2" className="VideoOS.Mobile.Server.Service.Test.MetaChannel.CommChannel.SequenceHelperTests" name="LimitCount_OneDirectional" />
    </UnitTest>
  </TestDefinitions>
  <TestEntries>
    <TestEntry testId="cbfc1ff0-a2a3-2eb7-9627-c88a9873efbc" executionId="dcac0b36-6d92-4113-8012-ba1a3e70259b" testListId="8c84fa94-04c1-424b-9868-57a2d4851a1d" />
    <TestEntry testId="983ef294-11a5-cf4c-484c-2bc69371cf80" executionId="b223fd34-9250-4708-892e-9af90b436c12" testListId="8c84fa94-04c1-424b-9868-57a2d4851a1d" />
    <TestEntry testId="012a2cf8-69fd-f08c-0bc5-3d2c0ce63ca8" executionId="b917e436-8c23-4bdb-b1ce-d46ee1881c7e" testListId="8c84fa94-04c1-424b-9868-57a2d4851a1d" />
    <TestEntry testId="45359acf-d02f-fe13-f23b-839a3519c3f4" executionId="a04b5dc2-22be-4ab1-a22c-5257560dec19" testListId="8c84fa94-04c1-424b-9868-57a2d4851a1d" />
    <TestEntry testId="fc2a06b1-27c1-39d9-f6fd-7c2355aacc52" executionId="71fb6214-3e3e-4990-b431-0733827a9d68" testListId="8c84fa94-04c1-424b-9868-57a2d4851a1d" />
    <TestEntry testId="fcae8197-aba3-439b-e6ab-3260871df93d" executionId="f3e19ca9-2724-4450-ab10-b80ef6a34367" testListId="8c84fa94-04c1-424b-9868-57a2d4851a1d" />
    <TestEntry testId="9caef5e0-c223-39f5-5473-42fb321880c9" executionId="0d1fd287-0dd5-40bd-a69b-8beea6f00f75" testListId="8c84fa94-04c1-424b-9868-57a2d4851a1d" />
    <TestEntry testId="3b2326b4-63b3-e03b-fffe-67a3b45e5d92" executionId="f2e06a38-174a-4c23-b7e2-996915413e1b" testListId="8c84fa94-04c1-424b-9868-57a2d4851a1d" />
    <TestEntry testId="e9e48bf0-3061-b19a-30c7-3744983da442" executionId="45bd3fd1-7aaa-4f78-80e6-714f203d2360" testListId="8c84fa94-04c1-424b-9868-57a2d4851a1d" />
    <TestEntry testId="5bcd8085-565e-3649-4d2d-b4e01d6be2d9" executionId="8b0cabbc-5bc8-492f-8b5d-b2750c9f043b" testListId="8c84fa94-04c1-424b-9868-57a2d4851a1d" />
    <TestEntry testId="d9cd02ac-eca8-2ffd-3fad-2720f47cede6" executionId="76adcb9a-ea56-469b-91ef-348ef1998d84" testListId="8c84fa94-04c1-424b-9868-57a2d4851a1d" />
    <TestEntry testId="72f5d9c9-2aca-601b-72f8-40c336335eb1" executionId="acb287b0-4660-49ed-bcff-4941f8eb48cd" testListId="8c84fa94-04c1-424b-9868-57a2d4851a1d" />
    <TestEntry testId="afd79426-dd3a-9043-ae66-ce7ff4214db7" executionId="46dbd01e-a43f-4f5f-bdc3-68c837693fc3" testListId="8c84fa94-04c1-424b-9868-57a2d4851a1d" />
    <TestEntry testId="f03ac06e-acad-947f-da9e-f4837cb80bfc" executionId="c7a2c3ba-39ab-4f84-91cd-25b2495af5e6" testListId="8c84fa94-04c1-424b-9868-57a2d4851a1d" />
    <TestEntry testId="fe85aedf-c8d3-5907-043d-89e7ba8212e3" executionId="7d1fc64a-2f28-46a5-b287-9b26b4890106" testListId="8c84fa94-04c1-424b-9868-57a2d4851a1d" />
    <TestEntry testId="119accc5-3d47-9a55-1db4-54236af8e84a" executionId="71ea4ad4-f21a-4f63-9950-3d6b61deed89" testListId="8c84fa94-04c1-424b-9868-57a2d4851a1d" />
    <TestEntry testId="8933bd42-9a1e-0184-c32b-defc2356476f" executionId="23b05b69-b9ec-45c2-89c5-68f0a58b3be0" testListId="8c84fa94-04c1-424b-9868-57a2d4851a1d" />
    <TestEntry testId="476c285b-2ec0-2d3d-827c-113095574a5c" executionId="10bec5c6-a4a7-4dca-9565-c58b0e204b94" testListId="8c84fa94-04c1-424b-9868-57a2d4851a1d" />
    <TestEntry testId="55e67d4d-e333-42a5-2a8c-a76e16be1462" executionId="7594e6a9-b60e-427f-a95d-89bc160ff5a5" testListId="8c84fa94-04c1-424b-9868-57a2d4851a1d" />
    <TestEntry testId="0fb4c8ba-4032-76a8-fe53-e54b18754bf3" executionId="8c154dc5-9962-44b2-ba9f-91666a347264" testListId="8c84fa94-04c1-424b-9868-57a2d4851a1d" />
    <TestEntry testId="75936fed-d00b-7036-30c3-5b85178efa1e" executionId="98f9d3c7-d902-4e10-b4cb-1dac7576669e" testListId="8c84fa94-04c1-424b-9868-57a2d4851a1d" />
    <TestEntry testId="d0c9c2ff-5a1b-647d-174b-0fa95417ddce" executionId="15894c95-00c3-4af7-907b-a5c7b3f5a0ff" testListId="8c84fa94-04c1-424b-9868-57a2d4851a1d" />
    <TestEntry testId="989637b2-a22c-7066-e6d2-55dafa6402cd" executionId="22d3b765-ad7e-465e-adcb-a30ba1923930" testListId="8c84fa94-04c1-424b-9868-57a2d4851a1d" />
    <TestEntry testId="e1368d6a-49f6-fa98-e664-2e1e2cbda908" executionId="af4508b6-10ef-4bff-b163-8625523a1b0e" testListId="8c84fa94-04c1-424b-9868-57a2d4851a1d" />
    <TestEntry testId="3f647da0-3afa-6643-6359-62e87ea0d795" executionId="db4f648f-1f95-41c0-a460-e6a99ac2c4e9" testListId="8c84fa94-04c1-424b-9868-57a2d4851a1d" />
    <TestEntry testId="cb0e4521-ea98-5130-5c0e-99ff7259d652" executionId="27b255e6-6a85-4174-9c40-f2c92cbae7f8" testListId="8c84fa94-04c1-424b-9868-57a2d4851a1d" />
    <TestEntry testId="e824e41c-ad3e-5ccd-2353-d1e3a3937af6" executionId="20c2865e-7eb5-4c1e-b45d-1aa5c492b73f" testListId="8c84fa94-04c1-424b-9868-57a2d4851a1d" />
    <TestEntry testId="2d1c60f4-f325-aad6-29ce-1b9879e7a42e" executionId="84d68005-3300-4152-89c9-3798ffd3e843" testListId="8c84fa94-04c1-424b-9868-57a2d4851a1d" />
    <TestEntry testId="568f2fe0-5856-4b31-87be-2a38b01c7c33" executionId="c6eb112a-d40a-46b3-a4bd-30cc6cec54de" testListId="8c84fa94-04c1-424b-9868-57a2d4851a1d" />
    <TestEntry testId="60cd8535-a353-91ae-9fb6-53de2782725a" executionId="0e450493-1353-4eff-b302-1f7c84538bc9" testListId="8c84fa94-04c1-424b-9868-57a2d4851a1d" />
    <TestEntry testId="077bdfe8-738a-3fb7-a4c9-2fba8c404517" executionId="a38506df-6dd3-4f68-9b88-5d0f14062ab6" testListId="8c84fa94-04c1-424b-9868-57a2d4851a1d" />
    <TestEntry testId="46bd0804-5338-80c3-8d7e-1ba4019c4ebb" executionId="8e3358d2-c168-440c-992b-f02a9f03d41f" testListId="8c84fa94-04c1-424b-9868-57a2d4851a1d" />
    <TestEntry testId="b0673b72-238f-7d1b-6e2a-d01473ae38c5" executionId="5332508b-ad5b-4d8e-a567-9d46dec2b012" testListId="8c84fa94-04c1-424b-9868-57a2d4851a1d" />
    <TestEntry testId="5b222a5c-ffb3-2d2f-2662-eb0375534541" executionId="4e2e0efb-e8c2-4aa0-8d21-e40dbe864768" testListId="8c84fa94-04c1-424b-9868-57a2d4851a1d" />
    <TestEntry testId="5130f66e-4656-297d-ca26-e8e2a4eb7c11" executionId="874d11f7-81eb-44da-b61a-72963404f68c" testListId="8c84fa94-04c1-424b-9868-57a2d4851a1d" />
    <TestEntry testId="7a3f3991-c4a6-4f10-d06d-b093bfaca0ff" executionId="259fbd6d-6b49-43ad-83a2-6446a668033f" testListId="8c84fa94-04c1-424b-9868-57a2d4851a1d" />
    <TestEntry testId="d1d5232c-4280-970a-b302-9531b7200d17" executionId="7b9fead3-704a-4d23-a893-df82124261d0" testListId="8c84fa94-04c1-424b-9868-57a2d4851a1d" />
    <TestEntry testId="099d273f-3455-d277-0524-fce1683fa8e0" executionId="992e8cbc-c2c2-4be6-a31c-4f36e44a2a61" testListId="8c84fa94-04c1-424b-9868-57a2d4851a1d" />
    <TestEntry testId="b7bbfe42-4705-887e-6973-ed5aed3932d6" executionId="b0dced27-0fa0-4984-96ca-718c72c302a0" testListId="8c84fa94-04c1-424b-9868-57a2d4851a1d" />
    <TestEntry testId="a74e042a-ba76-98d9-ee95-796000a6ab92" executionId="a83ab73e-d52e-46ba-93ca-0f3c1e177281" testListId="8c84fa94-04c1-424b-9868-57a2d4851a1d" />
    <TestEntry testId="616609a2-f6e9-375f-176e-f91e4c250a85" executionId="7a65023f-956c-434b-a71b-dfe870421dd1" testListId="8c84fa94-04c1-424b-9868-57a2d4851a1d" />
    <TestEntry testId="d63b4ad9-4771-5a8e-32d1-c272360abe6c" executionId="3da533c5-5a73-4de8-8116-370cc25cb8ea" testListId="8c84fa94-04c1-424b-9868-57a2d4851a1d" />
    <TestEntry testId="fec1e502-ed05-bb42-36f0-38e08fee1ab0" executionId="aeb89f2f-b570-4c51-b976-658e21e12b12" testListId="8c84fa94-04c1-424b-9868-57a2d4851a1d" />
    <TestEntry testId="b93b7d51-dfde-ceac-cf92-0e6323249515" executionId="47745488-0264-4956-a93d-6bad8aa98a27" testListId="8c84fa94-04c1-424b-9868-57a2d4851a1d" />
    <TestEntry testId="dd3c2797-855e-0f1d-e5c7-a5425cee53c6" executionId="78ee2d82-7c4b-4c11-8321-d30de3a91a35" testListId="8c84fa94-04c1-424b-9868-57a2d4851a1d" />
    <TestEntry testId="d28b6673-d863-6b4f-f57b-0935815c5939" executionId="982fbdd8-5762-4fc8-af0f-eb4ac3dc56ba" testListId="8c84fa94-04c1-424b-9868-57a2d4851a1d" />
    <TestEntry testId="14826e99-3854-d06d-b095-c1b431692ffa" executionId="870828cc-b065-4d6e-8e30-d04e95f979a5" testListId="8c84fa94-04c1-424b-9868-57a2d4851a1d" />
    <TestEntry testId="bd27d4e1-7ebc-3ef1-95d9-2934fbd3b038" executionId="85ed28d8-3c1f-4bde-a1d8-b2628e204656" testListId="8c84fa94-04c1-424b-9868-57a2d4851a1d" />
    <TestEntry testId="d775a7cd-e072-bd3d-a6f6-adac05c310b9" executionId="2e04d6b8-0dda-4cb6-9cee-b0e4010e31db" testListId="8c84fa94-04c1-424b-9868-57a2d4851a1d" />
    <TestEntry testId="a0b9d1e4-24b3-60a1-0b6b-b59ef2f08557" executionId="2fb9aaad-866b-4e58-85f5-bdcbb583870a" testListId="8c84fa94-04c1-424b-9868-57a2d4851a1d" />
    <TestEntry testId="efc824b2-83f8-fc64-826a-837d8585dcfd" executionId="f454036d-4a43-461d-b2b9-4de002ff90be" testListId="8c84fa94-04c1-424b-9868-57a2d4851a1d" />
    <TestEntry testId="801ffb9c-7b33-d534-a314-afe14b3f8e34" executionId="a6e26180-a0f4-4421-b5d6-b9e0efeaa2ca" testListId="8c84fa94-04c1-424b-9868-57a2d4851a1d" />
    <TestEntry testId="e15ff0c0-efa9-9055-b160-e2403b7226ad" executionId="c67496f4-0523-41f1-82ca-6e6285404da2" testListId="8c84fa94-04c1-424b-9868-57a2d4851a1d" />
    <TestEntry testId="cdc50b8e-457b-9926-4aa3-ccb24a4b8fb7" executionId="184d0dc2-769e-46eb-9328-c6a4bd130658" testListId="8c84fa94-04c1-424b-9868-57a2d4851a1d" />
    <TestEntry testId="71df6a43-d0f8-9d14-917e-4eb4375c027e" executionId="53f83a65-7455-4d7b-a02c-afe1be6e3f77" testListId="8c84fa94-04c1-424b-9868-57a2d4851a1d" />
    <TestEntry testId="f68e3bd0-17e2-e27d-7f27-d5ba8c820680" executionId="2d160d7b-69bc-47cc-b33d-990f6b616c28" testListId="8c84fa94-04c1-424b-9868-57a2d4851a1d" />
    <TestEntry testId="105eb106-4501-2c1c-557a-c47834ab3f90" executionId="37e48b80-f452-47c1-b3f1-4385d1cb214c" testListId="8c84fa94-04c1-424b-9868-57a2d4851a1d" />
    <TestEntry testId="b18120fe-04b2-17a2-d059-7f23a8ca03b8" executionId="059e9f74-103c-4a44-87e9-157c3a5edaae" testListId="8c84fa94-04c1-424b-9868-57a2d4851a1d" />
    <TestEntry testId="843241bc-70a1-5e2d-a99f-163982b0c2ea" executionId="3e070b1b-049a-448a-bd47-acf99153826a" testListId="8c84fa94-04c1-424b-9868-57a2d4851a1d" />
    <TestEntry testId="67a66ae7-b3fd-8f0a-aa0f-799b9cd7561a" executionId="fa8b08a4-3a31-45d0-a347-37300b385dde" testListId="8c84fa94-04c1-424b-9868-57a2d4851a1d" />
    <TestEntry testId="40dd05f2-469e-5773-539d-eabb81250642" executionId="1f6adc16-d584-41db-a724-0fa83a859c8e" testListId="8c84fa94-04c1-424b-9868-57a2d4851a1d" />
    <TestEntry testId="83d97256-d95d-1f1b-8b5b-293ad2402af8" executionId="0f97acdb-4608-4b03-b9d2-29f5268d1a81" testListId="8c84fa94-04c1-424b-9868-57a2d4851a1d" />
    <TestEntry testId="9a5b1ab6-9c4e-ab09-df23-254811d2c167" executionId="9e260c23-f582-445b-a651-79c28d3950e8" testListId="8c84fa94-04c1-424b-9868-57a2d4851a1d" />
    <TestEntry testId="23f37eb5-62bb-5f8e-e896-e398dc0a460e" executionId="b8b0a6db-b5ba-455a-a4ac-cfafd768f3c5" testListId="8c84fa94-04c1-424b-9868-57a2d4851a1d" />
    <TestEntry testId="2853041e-991b-ff79-756b-e3b14825bd3e" executionId="7032e762-bcd4-4a81-a48c-cbbf806803bc" testListId="8c84fa94-04c1-424b-9868-57a2d4851a1d" />
    <TestEntry testId="6cdf27ab-1813-f286-26f2-399f3b4e6106" executionId="5ecc1525-d7a9-4351-b8cd-1e8883154664" testListId="8c84fa94-04c1-424b-9868-57a2d4851a1d" />
    <TestEntry testId="f5b16325-6af3-abac-f53e-915906634947" executionId="12a98e89-97c7-476c-b6ca-925013452298" testListId="8c84fa94-04c1-424b-9868-57a2d4851a1d" />
    <TestEntry testId="a311c7b3-2734-d612-2398-a1c092915dcd" executionId="fd487f69-165e-46ab-9598-4dcacc8fa9e4" testListId="8c84fa94-04c1-424b-9868-57a2d4851a1d" />
    <TestEntry testId="bce7df3c-3eb5-4c4f-31cd-0c181bc6cd33" executionId="6fc56bb2-f463-4d97-b587-e66aaef79601" testListId="8c84fa94-04c1-424b-9868-57a2d4851a1d" />
    <TestEntry testId="8df4aabb-df1c-d4e0-1e48-f71d5ceed661" executionId="5f8ff372-4ca9-43cc-91e3-f5f93a25c6cc" testListId="8c84fa94-04c1-424b-9868-57a2d4851a1d" />
    <TestEntry testId="deee3dc0-75b5-fc24-2903-a5220466860e" executionId="f04a9e90-73ae-4617-90cb-48ae44b486cf" testListId="8c84fa94-04c1-424b-9868-57a2d4851a1d" />
    <TestEntry testId="3aa36c85-2dd0-8b90-a278-398635156629" executionId="e623b816-d076-48b2-8e5b-7abe89991997" testListId="8c84fa94-04c1-424b-9868-57a2d4851a1d" />
    <TestEntry testId="9645dae5-ba94-2236-6133-b9e0f5d7f87b" executionId="7b4a74a4-7565-48d8-9315-a14b730990ff" testListId="8c84fa94-04c1-424b-9868-57a2d4851a1d" />
    <TestEntry testId="78bd04e4-2057-fdd8-a42f-1e8e7f4f38ad" executionId="45a1de8e-f89e-4965-826f-60083c597c03" testListId="8c84fa94-04c1-424b-9868-57a2d4851a1d" />
    <TestEntry testId="18a28ea3-7739-ff1d-58b7-57c3aac07295" executionId="d5a1715a-feb6-4ed5-b89c-ef97c65ec187" testListId="8c84fa94-04c1-424b-9868-57a2d4851a1d" />
    <TestEntry testId="dde0b40b-c752-61eb-50c6-8b25ba051775" executionId="af48c877-8073-411a-8e95-dc9843db22ad" testListId="8c84fa94-04c1-424b-9868-57a2d4851a1d" />
    <TestEntry testId="4e718855-46c8-55f5-4bd0-fd38bd3c2be5" executionId="78c28bd5-a865-4dc5-ba0b-96b4695375e5" testListId="8c84fa94-04c1-424b-9868-57a2d4851a1d" />
    <TestEntry testId="f9aed972-9288-8009-e68b-9fe007e08cf8" executionId="de4a5aac-7b66-4bdd-b0cc-db8ede728634" testListId="8c84fa94-04c1-424b-9868-57a2d4851a1d" />
    <TestEntry testId="695947fd-ab15-af19-b497-109455963ef9" executionId="b3e78d41-04f2-4b15-b03d-005a66ca2db3" testListId="8c84fa94-04c1-424b-9868-57a2d4851a1d" />
    <TestEntry testId="e5e04b3f-2826-cffa-21a0-e432f2281dd4" executionId="dec25662-36e0-49bc-a0da-9a0e54497bd5" testListId="8c84fa94-04c1-424b-9868-57a2d4851a1d" />
    <TestEntry testId="d4e06728-5906-573a-3773-ffea274f26ca" executionId="822876f5-9f4c-4b52-85b4-6d6de03d65c0" testListId="8c84fa94-04c1-424b-9868-57a2d4851a1d" />
    <TestEntry testId="a3740e79-d506-520f-0d82-1a5c6712721d" executionId="84ea5949-0bfe-4035-9666-92ff44b2366d" testListId="8c84fa94-04c1-424b-9868-57a2d4851a1d" />
    <TestEntry testId="5a554827-3a24-7d57-4eaa-c33dd72ab5e0" executionId="7794f743-8991-407c-978b-1a0679f33881" testListId="8c84fa94-04c1-424b-9868-57a2d4851a1d" />
    <TestEntry testId="0e23ecae-552e-9b69-7d09-db42501daec5" executionId="67b18bc5-f2ac-4dcf-8834-17de29750d24" testListId="8c84fa94-04c1-424b-9868-57a2d4851a1d" />
    <TestEntry testId="2b185191-d784-ef47-2960-91e966efe210" executionId="83702524-4ed4-4f39-8aa2-dfccdd42982a" testListId="8c84fa94-04c1-424b-9868-57a2d4851a1d" />
    <TestEntry testId="ed89c0c7-47b7-b30f-a4ea-f9701d2148bb" executionId="d55529db-bd9d-4100-bcc8-7bc11e3b57eb" testListId="8c84fa94-04c1-424b-9868-57a2d4851a1d" />
    <TestEntry testId="3befcbf9-d8fa-2b82-1621-be80176cac1d" executionId="14637012-8ad7-4851-aeb5-636cc99b5c17" testListId="8c84fa94-04c1-424b-9868-57a2d4851a1d" />
    <TestEntry testId="60a07504-8fea-3bbe-8282-290eda0bf4d1" executionId="49042184-f9b1-40f2-886b-a3f2cdf9508c" testListId="8c84fa94-04c1-424b-9868-57a2d4851a1d" />
    <TestEntry testId="da583c0c-cf07-1469-00b5-f41da10f88c7" executionId="d01d5607-0a48-4edd-8bf1-b8305fce75a2" testListId="8c84fa94-04c1-424b-9868-57a2d4851a1d" />
    <TestEntry testId="579a5192-77f8-fad0-90fe-4c3df1479ce0" executionId="0a74d5d1-9e70-4fd8-95ae-d892ce099ac1" testListId="8c84fa94-04c1-424b-9868-57a2d4851a1d" />
    <TestEntry testId="c2131a44-b7e4-51da-99b6-d8f5f9329b01" executionId="b065fcb7-6e5d-49c7-9da5-99e51d749894" testListId="8c84fa94-04c1-424b-9868-57a2d4851a1d" />
    <TestEntry testId="77a1622c-bf66-a2d4-b065-8f9849fd4883" executionId="d7c56d87-d967-4c6d-bdb3-7214a1a50f0e" testListId="8c84fa94-04c1-424b-9868-57a2d4851a1d" />
    <TestEntry testId="f1288a66-ac3c-4fa3-7a4a-0822a024fc17" executionId="7c25bce8-8459-437a-8d69-8b5fa93785da" testListId="8c84fa94-04c1-424b-9868-57a2d4851a1d" />
    <TestEntry testId="2dd92821-84cd-3706-32de-6e3e4bd4d8b1" executionId="76a76675-e677-4008-87e0-6118e6cb2442" testListId="8c84fa94-04c1-424b-9868-57a2d4851a1d" />
    <TestEntry testId="c7add7de-4d0b-fb53-4a9b-324c1c5812ce" executionId="142c47b2-20c1-427b-b20e-26fff7c2d8a6" testListId="8c84fa94-04c1-424b-9868-57a2d4851a1d" />
    <TestEntry testId="c640307e-9481-70a9-2a00-aa4ccc00433d" executionId="c6a4df1f-caee-4dd8-af11-8863ab717453" testListId="8c84fa94-04c1-424b-9868-57a2d4851a1d" />
    <TestEntry testId="b7ce506d-0747-c12c-34e2-8ca0d45c9b9c" executionId="2d4077ea-2426-4d4c-b1e9-aed9ea819727" testListId="8c84fa94-04c1-424b-9868-57a2d4851a1d" />
    <TestEntry testId="29ba1001-e85e-5db6-4a20-38df39654f7a" executionId="8bf45b1a-f6bf-4e46-9cc7-00514cae64a7" testListId="8c84fa94-04c1-424b-9868-57a2d4851a1d" />
    <TestEntry testId="2c1a929f-c9aa-1a60-f5fb-d8c5d47630d2" executionId="8978c483-8dcc-4396-8f93-c67873b6b7f3" testListId="8c84fa94-04c1-424b-9868-57a2d4851a1d" />
    <TestEntry testId="75ef5a5e-0b0a-ffb2-f4ab-4e286bea63b5" executionId="f9da1a65-4ba4-4029-aa65-7e5c6c1e4386" testListId="8c84fa94-04c1-424b-9868-57a2d4851a1d" />
    <TestEntry testId="cb83127f-c861-0ebd-8086-b84bc849a1ac" executionId="0520731c-e602-4478-ba00-20860ae73bdd" testListId="8c84fa94-04c1-424b-9868-57a2d4851a1d" />
    <TestEntry testId="d76305e7-eb38-ea13-2074-090c736ef772" executionId="daaa2c7a-d52a-4de7-b8ed-d539234d90b0" testListId="8c84fa94-04c1-424b-9868-57a2d4851a1d" />
    <TestEntry testId="fca5336a-ced5-0439-bd22-05d1f1795f4e" executionId="786cb405-bed3-4627-8839-09d7c7bf3539" testListId="8c84fa94-04c1-424b-9868-57a2d4851a1d" />
    <TestEntry testId="2b87ffce-e4d4-85b6-4650-017451e5bd17" executionId="40d04cc0-81e8-492a-ac6d-0d96c7d30e38" testListId="8c84fa94-04c1-424b-9868-57a2d4851a1d" />
    <TestEntry testId="73378cf6-5dcb-d709-99e8-4a0e77682327" executionId="f0ba351c-d1b2-4eb3-bf3b-c3275360ec67" testListId="8c84fa94-04c1-424b-9868-57a2d4851a1d" />
    <TestEntry testId="5295c69f-84fc-3969-b65c-cdc8732cf9b8" executionId="25bb3308-f0a6-4b6c-9fc5-9b13a76b6e0b" testListId="8c84fa94-04c1-424b-9868-57a2d4851a1d" />
    <TestEntry testId="83722fed-9211-3485-11c2-d17ce2deb4b9" executionId="e9084814-1ba1-47f8-b239-7cc66900ec04" testListId="8c84fa94-04c1-424b-9868-57a2d4851a1d" />
    <TestEntry testId="34585e59-a803-6fcb-7bd4-5d1ad38d7fb5" executionId="39f87132-afc4-447b-bfbe-eb7384c51d2b" testListId="8c84fa94-04c1-424b-9868-57a2d4851a1d" />
    <TestEntry testId="658e86cc-4813-7b16-0481-9782308e96a7" executionId="4448fe37-ca0f-400e-82bf-d8ec9dc2ee64" testListId="8c84fa94-04c1-424b-9868-57a2d4851a1d" />
    <TestEntry testId="b2d563c2-6970-cecf-45cc-5949c020c131" executionId="ee9c3d35-f294-4989-95f6-13347059b7f1" testListId="8c84fa94-04c1-424b-9868-57a2d4851a1d" />
    <TestEntry testId="5d31ca96-f8e1-be4b-7139-b81c2885f7fd" executionId="cf00166f-8fd5-4caf-a45e-b883993f55b6" testListId="8c84fa94-04c1-424b-9868-57a2d4851a1d" />
    <TestEntry testId="d4eaed5b-26b4-9864-3ed2-85a270c3f157" executionId="736d7730-9554-4f14-a0ee-88641d7551d1" testListId="8c84fa94-04c1-424b-9868-57a2d4851a1d" />
    <TestEntry testId="bf6cf16c-c42a-3cbe-d87e-9569bbe97a62" executionId="aa974196-5473-46a6-8e11-1703778eeae3" testListId="8c84fa94-04c1-424b-9868-57a2d4851a1d" />
    <TestEntry testId="e2731a75-1b03-d51a-7e54-b36a56587b51" executionId="8b5a40b7-64f7-4d0f-9f9e-514694be6393" testListId="8c84fa94-04c1-424b-9868-57a2d4851a1d" />
    <TestEntry testId="961e61e1-2456-e91e-5ec2-5a68128bd27e" executionId="f54def9b-bec3-4371-8f69-07f41356e844" testListId="8c84fa94-04c1-424b-9868-57a2d4851a1d" />
    <TestEntry testId="836daa05-9d0b-9773-0687-23c510cd57d3" executionId="1a09aca2-1d00-4c80-95d8-10722da0c547" testListId="8c84fa94-04c1-424b-9868-57a2d4851a1d" />
    <TestEntry testId="c0171c70-5cf1-4653-5869-cfba6434286f" executionId="113d85fa-1a5c-4a0f-abfa-6b0fda75775d" testListId="8c84fa94-04c1-424b-9868-57a2d4851a1d" />
    <TestEntry testId="0524f5c3-615c-4bf8-dc64-458043869f5e" executionId="b93ff098-b667-4cbb-a1ef-5b286cfaa77f" testListId="8c84fa94-04c1-424b-9868-57a2d4851a1d" />
    <TestEntry testId="3e8e07f6-bd03-fa99-1b0c-1fe5f1198e8e" executionId="319afc7e-dcf4-41ea-be82-10518cce69ba" testListId="8c84fa94-04c1-424b-9868-57a2d4851a1d" />
    <TestEntry testId="653eb4dd-8d66-7123-b216-dfc6e5abf3ae" executionId="b40c92cf-64a6-49d8-9186-a17dcaa11cdf" testListId="8c84fa94-04c1-424b-9868-57a2d4851a1d" />
    <TestEntry testId="fdcbb6e5-5341-0c93-e066-96978cef9f19" executionId="e3db6676-4861-4944-bec7-aa75286e9ef2" testListId="8c84fa94-04c1-424b-9868-57a2d4851a1d" />
    <TestEntry testId="279cbe84-c17b-472a-0a2a-572a504dae3b" executionId="70e9d8c2-5b66-4cfc-8000-740b91f751aa" testListId="8c84fa94-04c1-424b-9868-57a2d4851a1d" />
    <TestEntry testId="25300573-3b48-a1be-0745-3328f971699b" executionId="c900549b-78f7-483d-955e-8fa6e5f40539" testListId="8c84fa94-04c1-424b-9868-57a2d4851a1d" />
    <TestEntry testId="3e272343-54e4-b6e0-28d3-9ed88f2a3af2" executionId="b4b6bef9-2444-4f64-b46c-40ee5e7c761b" testListId="8c84fa94-04c1-424b-9868-57a2d4851a1d" />
    <TestEntry testId="2d23c580-d5c9-130f-febf-facf0e24e9e0" executionId="9149ec2d-3f8f-4d36-abb1-c07960c69b9f" testListId="8c84fa94-04c1-424b-9868-57a2d4851a1d" />
    <TestEntry testId="ab4cc8c7-b5cf-47fb-628a-af4dcea876cb" executionId="030347fe-6cf3-4773-9356-be7d7c19a467" testListId="8c84fa94-04c1-424b-9868-57a2d4851a1d" />
    <TestEntry testId="555b5cb6-9cb1-c2b5-3e09-d0f300a8074a" executionId="6f6cbc53-2cf5-42aa-9aa9-57346acf19cc" testListId="8c84fa94-04c1-424b-9868-57a2d4851a1d" />
    <TestEntry testId="8fcf50bc-e1ba-c4b7-d19c-1d238b2823ed" executionId="c5a9ad7b-11f1-49e4-a3f3-b12fc830bf43" testListId="8c84fa94-04c1-424b-9868-57a2d4851a1d" />
    <TestEntry testId="a2a11fe6-064a-3d37-d6f7-9c854abeb75c" executionId="cbda8ddd-57bb-4264-9bd9-d7de5d7a3114" testListId="8c84fa94-04c1-424b-9868-57a2d4851a1d" />
    <TestEntry testId="28f50f77-b84e-324f-b0d1-cc36c433dd52" executionId="bedca9db-cc06-4512-8fd1-8c8f5bcb2387" testListId="8c84fa94-04c1-424b-9868-57a2d4851a1d" />
    <TestEntry testId="4e39aa95-59c8-50f5-8987-2a60a3d43e6f" executionId="896024f6-5f77-4089-9b8a-453d11604d69" testListId="8c84fa94-04c1-424b-9868-57a2d4851a1d" />
    <TestEntry testId="920689bb-83fd-a7a7-ce0c-fa7d4e91572e" executionId="75237a69-cd61-40d5-9175-3f0cf710aeff" testListId="8c84fa94-04c1-424b-9868-57a2d4851a1d" />
    <TestEntry testId="a8a7d378-b5ac-a332-5874-3372faaecdfc" executionId="15531941-017b-4e90-9409-1a77b9ef7925" testListId="8c84fa94-04c1-424b-9868-57a2d4851a1d" />
    <TestEntry testId="ce333b82-4964-6cf6-8173-0208304aa4a3" executionId="3c6a6da3-0828-44de-9217-5b0b2af66174" testListId="8c84fa94-04c1-424b-9868-57a2d4851a1d" />
    <TestEntry testId="b50608b1-c43e-54e0-6398-43807433436a" executionId="770d7ebc-150d-485d-bc2d-6ca0ed4070f7" testListId="8c84fa94-04c1-424b-9868-57a2d4851a1d" />
    <TestEntry testId="4cfbeb6a-f462-186f-da32-c829f3bcd987" executionId="5b013dd4-daf9-4b10-b913-0e21351da950" testListId="8c84fa94-04c1-424b-9868-57a2d4851a1d" />
    <TestEntry testId="e0d40a78-0387-201e-8469-3b43e405314e" executionId="7c8b7fba-8962-413c-9d5b-c6295bc59353" testListId="8c84fa94-04c1-424b-9868-57a2d4851a1d" />
    <TestEntry testId="58f05b1e-bbb6-5ade-77e5-5dcdd9ed36fa" executionId="f446a9cd-7ddd-4367-8e49-8522b7c9b3b7" testListId="8c84fa94-04c1-424b-9868-57a2d4851a1d" />
    <TestEntry testId="e432e471-c708-c310-b770-c450d96b3ee7" executionId="6dcaea65-697a-44f6-9f37-35418a54afbe" testListId="8c84fa94-04c1-424b-9868-57a2d4851a1d" />
    <TestEntry testId="7fbc5e13-38f8-1e17-d0ec-bf110ae4f9e2" executionId="49167d0d-bd25-439e-98a2-7f16cc6c64ae" testListId="8c84fa94-04c1-424b-9868-57a2d4851a1d" />
    <TestEntry testId="fab1f9dc-62c6-d023-7967-d589b182e2a4" executionId="518bd773-d5c7-4dc8-ac39-68f1b23aefc3" testListId="8c84fa94-04c1-424b-9868-57a2d4851a1d" />
    <TestEntry testId="8d79fb97-d289-7165-e8e8-53b861b1a5c6" executionId="31a9c850-4ec2-423d-9348-53704b9ff245" testListId="8c84fa94-04c1-424b-9868-57a2d4851a1d" />
    <TestEntry testId="e1cf2555-2fda-1ced-b108-eb67bb0ed10d" executionId="7cf6c2dc-0004-48b1-9f4e-20f07cae3168" testListId="8c84fa94-04c1-424b-9868-57a2d4851a1d" />
    <TestEntry testId="47f28ebf-77dc-40e5-9ce7-5f767b648730" executionId="6026a8e8-6090-48d4-b87e-b7fbfb6fbb30" testListId="8c84fa94-04c1-424b-9868-57a2d4851a1d" />
    <TestEntry testId="543d883d-ed59-db37-1d69-5b31c89aa78b" executionId="d1b5e768-e2e9-499d-b95a-723164c6c507" testListId="8c84fa94-04c1-424b-9868-57a2d4851a1d" />
    <TestEntry testId="9ae58192-902d-45ad-da74-16152cfd7e09" executionId="72ed6d9d-b159-44f0-8e6a-8b5aaa1752a4" testListId="8c84fa94-04c1-424b-9868-57a2d4851a1d" />
  </TestEntries>
  <TestLists>
    <TestList name="Results Not in a List" id="8c84fa94-04c1-424b-9868-57a2d4851a1d" />
    <TestList name="All Loaded Results" id="19431567-8539-422a-85d7-44ee4e166bda" />
  </TestLists>
  <ResultSummary outcome="Completed">
    <Counters total="146" executed="144" passed="144" failed="0" error="0" timeout="0" aborted="0" inconclusive="0" passedButRunAborted="0" notRunnable="0" notExecuted="0" disconnected="0" warning="0" completed="0" inProgress="0" pending="0" />
    <Output>
      <StdOut>Test 'DeviceConfigurationTest' was skipped in the test run.&#xD;
Test 'GetDeviceConfigTest' was skipped in the test run.&#xD;
</StdOut>
    </Output>
  </ResultSummary>
</TestRun>