<?xml version="1.0" encoding="utf-8"?>
<TestRun id="aa58aec9-a972-4d62-8ee3-dd0d9d18a7cb" name="DKSR-EFI-06$@DKSR-EFI-06 2024-01-09 15:42:17" runUser="NT AUTHORITY\NETWORK SERVICE" xmlns="http://microsoft.com/schemas/VisualStudio/TeamTest/2010">
  <Times creation="2024-01-09T15:42:17.7789589+01:00" queuing="2024-01-09T15:42:17.7789589+01:00" start="2024-01-09T15:42:04.0133006+01:00" finish="2024-01-09T15:42:45.3415339+01:00" />
  <TestSettings name="default" id="8db64469-a808-40b2-a2d1-6347ffc91bcf">
    <Deployment runDeploymentRoot="DKSR-EFI-06$_DKSR-EFI-06_2024-01-09_15_42_17" />
  </TestSettings>
  <Results>
    <UnitTestResult executionId="6291652b-fad5-4083-87ab-5855486ed6c9" testId="e03e55f4-6d18-e45a-d7b7-207693087a2f" testName="SendCommandSecurityVisitor_UpdateConfigurationManagerCommand_Microphone_Delete_NoSecurityCheck" computerName="DKSR-EFI-06" duration="00:00:00.0175136" startTime="2024-01-09T15:42:23.6539638+01:00" endTime="2024-01-09T15:42:23.6852115+01:00" testType="13cdc9d9-ddb5-4fa4-a97d-d965ccfc6d4b" outcome="Passed" testListId="8c84fa94-04c1-424b-9868-57a2d4851a1d" relativeResultsDirectory="6291652b-fad5-4083-87ab-5855486ed6c9" />
    <UnitTestResult executionId="99d82ef1-fa9f-4579-8839-13be9f50f3f6" testId="17dd6e3a-d642-40b3-1cfd-024036fccd33" testName="Get_KnownResourceType_NoData_NotTasks_ReturnsEmptyJson" computerName="DKSR-EFI-06" duration="00:00:00.0102726" startTime="2024-01-09T15:42:27.6539643+01:00" endTime="2024-01-09T15:42:27.6539643+01:00" testType="13cdc9d9-ddb5-4fa4-a97d-d965ccfc6d4b" outcome="Passed" testListId="8c84fa94-04c1-424b-9868-57a2d4851a1d" relativeResultsDirectory="99d82ef1-fa9f-4579-8839-13be9f50f3f6" />
    <UnitTestResult executionId="0e50b07a-58d2-4003-931c-f5106930cdf6" testId="e0622919-1327-4eeb-954b-801d5ad63708" testName="Build_WhenMultipleActions_ReturnsRuleModelWithCorrectActions" computerName="DKSR-EFI-06" duration="00:00:00.0114322" startTime="2024-01-09T15:42:39.1071382+01:00" endTime="2024-01-09T15:42:39.1071382+01:00" testType="13cdc9d9-ddb5-4fa4-a97d-d965ccfc6d4b" outcome="Passed" testListId="8c84fa94-04c1-424b-9868-57a2d4851a1d" relativeResultsDirectory="0e50b07a-58d2-4003-931c-f5106930cdf6" />
    <UnitTestResult executionId="287a9d7d-949c-4755-b409-fad939569896" testId="27aaa3e9-693e-ad25-232b-200f2a646d44" testName="ValidateItem_ParamNullCheck_ParentPathTest" computerName="DKSR-EFI-06" duration="00:00:00.0005324" startTime="2024-01-09T15:42:41.6071457+01:00" endTime="2024-01-09T15:42:41.6071457+01:00" testType="13cdc9d9-ddb5-4fa4-a97d-d965ccfc6d4b" outcome="Passed" testListId="8c84fa94-04c1-424b-9868-57a2d4851a1d" relativeResultsDirectory="287a9d7d-949c-4755-b409-fad939569896" />
    <UnitTestResult executionId="bbe7131d-91da-4ee2-8ca0-f5639dfe4476" testId="aef8e5df-14a8-6262-c653-37ebf0f47754" testName="CheckDualAuthorization_ReturnsFalse_OnUserThatDoesntRequireDualAuthorization" computerName="DKSR-EFI-06" duration="00:00:00.0003232" startTime="2024-01-09T15:42:18.3414615+01:00" endTime="2024-01-09T15:42:18.3414615+01:00" testType="13cdc9d9-ddb5-4fa4-a97d-d965ccfc6d4b" outcome="Passed" testListId="8c84fa94-04c1-424b-9868-57a2d4851a1d" relativeResultsDirectory="bbe7131d-91da-4ee2-8ca0-f5639dfe4476" />
    <UnitTestResult executionId="dfa1b19c-dc8e-4691-a911-27c4e45195c8" testId="9a58927d-9e44-582b-bcea-7443d238dd63" testName="GetItem_NotLicensed" computerName="DKSR-EFI-06" duration="00:00:00.0012239" startTime="2024-01-09T15:42:41.0758999+01:00" endTime="2024-01-09T15:42:41.0758999+01:00" testType="13cdc9d9-ddb5-4fa4-a97d-d965ccfc6d4b" outcome="Passed" testListId="8c84fa94-04c1-424b-9868-57a2d4851a1d" relativeResultsDirectory="dfa1b19c-dc8e-4691-a911-27c4e45195c8" />
    <UnitTestResult executionId="10e30aa4-28a5-489c-8eb2-aff2ed93210f" testId="b7f7455b-f589-845f-00be-ed16a8cb4ba4" testName="UpdateSearchTemplateFind_Public_Allowed" computerName="DKSR-EFI-06" duration="00:00:00.0072199" startTime="2024-01-09T15:42:43.6384066+01:00" endTime="2024-01-09T15:42:43.6384066+01:00" testType="13cdc9d9-ddb5-4fa4-a97d-d965ccfc6d4b" outcome="Passed" testListId="8c84fa94-04c1-424b-9868-57a2d4851a1d" relativeResultsDirectory="10e30aa4-28a5-489c-8eb2-aff2ed93210f" />
    <UnitTestResult executionId="8303e168-aed1-4aa7-a160-4bae7989c4ed" testId="cad4055a-a810-1241-63fa-320a99b8be7c" testName="GetItem_UnknownFileTest" computerName="DKSR-EFI-06" duration="00:00:00.0008542" startTime="2024-01-09T15:42:41.5446473+01:00" endTime="2024-01-09T15:42:41.5446473+01:00" testType="13cdc9d9-ddb5-4fa4-a97d-d965ccfc6d4b" outcome="Passed" testListId="8c84fa94-04c1-424b-9868-57a2d4851a1d" relativeResultsDirectory="8303e168-aed1-4aa7-a160-4bae7989c4ed" />
    <UnitTestResult executionId="fee2eb14-0124-41a0-afd1-7afa4d8862e3" testId="96332805-62af-fa21-0009-fbab7b6b0177" testName="Validate_WhenValidLayout_ReturnsTrue" computerName="DKSR-EFI-06" duration="00:00:00.0093348" startTime="2024-01-09T15:42:37.7633824+01:00" endTime="2024-01-09T15:42:37.7633824+01:00" testType="13cdc9d9-ddb5-4fa4-a97d-d965ccfc6d4b" outcome="Passed" testListId="8c84fa94-04c1-424b-9868-57a2d4851a1d" relativeResultsDirectory="fee2eb14-0124-41a0-afd1-7afa4d8862e3" />
    <UnitTestResult executionId="c871c67f-8b18-4a72-a682-93e0ec4a7f16" testId="c99c8936-85a4-2dd3-5ada-b03212932188" testName="GetChildItems_ParamNullCheck_RequestContextTest" computerName="DKSR-EFI-06" duration="00:00:00.0014246" startTime="2024-01-09T15:42:41.7008964+01:00" endTime="2024-01-09T15:42:41.7008964+01:00" testType="13cdc9d9-ddb5-4fa4-a97d-d965ccfc6d4b" outcome="Passed" testListId="8c84fa94-04c1-424b-9868-57a2d4851a1d" relativeResultsDirectory="c871c67f-8b18-4a72-a682-93e0ec4a7f16" />
    <UnitTestResult executionId="93dc8a6f-6a54-4912-9320-16488c789f7a" testId="ef59ed2f-2fbe-b31e-f871-f365df65d041" testName="Link_SunnyDay_Test_NoLink" computerName="DKSR-EFI-06" duration="00:00:00.0005140" startTime="2024-01-09T15:42:29.5133772+01:00" endTime="2024-01-09T15:42:29.5289666+01:00" testType="13cdc9d9-ddb5-4fa4-a97d-d965ccfc6d4b" outcome="Passed" testListId="8c84fa94-04c1-424b-9868-57a2d4851a1d" relativeResultsDirectory="93dc8a6f-6a54-4912-9320-16488c789f7a" />
    <UnitTestResult executionId="ae3f1fe3-9556-4ee6-959c-771a5974fcf9" testId="f0c80b42-1e9a-8be9-5a14-d99dc35b7b44" testName="BuildTriggeredEventsIds_Correct" computerName="DKSR-EFI-06" duration="00:00:00.0063068" startTime="2024-01-09T15:42:41.4040202+01:00" endTime="2024-01-09T15:42:41.4196468+01:00" testType="13cdc9d9-ddb5-4fa4-a97d-d965ccfc6d4b" outcome="Passed" testListId="8c84fa94-04c1-424b-9868-57a2d4851a1d" relativeResultsDirectory="ae3f1fe3-9556-4ee6-959c-771a5974fcf9" />
    <UnitTestResult executionId="68a9e0d1-0707-4556-9d1b-eddd880e3bdb" testId="0c35392f-53a0-67e2-4a1f-3a9c4cfdcf50" testName="GetPropertyValue_WhenValueIsEmpty_Exception" computerName="DKSR-EFI-06" duration="00:00:00.0005706" startTime="2024-01-09T15:42:34.1852375+01:00" endTime="2024-01-09T15:42:34.1852375+01:00" testType="13cdc9d9-ddb5-4fa4-a97d-d965ccfc6d4b" outcome="Passed" testListId="8c84fa94-04c1-424b-9868-57a2d4851a1d" relativeResultsDirectory="68a9e0d1-0707-4556-9d1b-eddd880e3bdb" />
    <UnitTestResult executionId="223a4635-9bf7-4f09-9715-00afda4df2be" testId="6db72a10-0b87-d22b-166c-b1d568dc51c7" testName="Validate_WhenConditionsIncludeOutsideTimeProfile_NoErrors" computerName="DKSR-EFI-06" duration="00:00:00.0004677" startTime="2024-01-09T15:42:37.1540023+01:00" endTime="2024-01-09T15:42:37.1540023+01:00" testType="13cdc9d9-ddb5-4fa4-a97d-d965ccfc6d4b" outcome="Passed" testListId="8c84fa94-04c1-424b-9868-57a2d4851a1d" relativeResultsDirectory="223a4635-9bf7-4f09-9715-00afda4df2be" />
    <UnitTestResult executionId="55b51bd6-a35d-4034-808e-b06921e03a32" testId="c118b0fe-b9c4-0f2e-59bb-ea81a5a312df" testName="Validate_WhenObjectNotExists_ReturnsFalse" computerName="DKSR-EFI-06" duration="00:00:00.0026610" startTime="2024-01-09T15:42:38.4821341+01:00" endTime="2024-01-09T15:42:38.4821341+01:00" testType="13cdc9d9-ddb5-4fa4-a97d-d965ccfc6d4b" outcome="Passed" testListId="8c84fa94-04c1-424b-9868-57a2d4851a1d" relativeResultsDirectory="55b51bd6-a35d-4034-808e-b06921e03a32" />
    <UnitTestResult executionId="63596838-fefb-47dc-9883-7e198b5eb2ac" testId="6853e84f-f696-668a-76a9-fb8476f8fc5e" testName="Build_RecordAlwaysWhenDeviceGroupIdIsMultiple_PropertiesAdded" computerName="DKSR-EFI-06" duration="00:00:00.0126038" startTime="2024-01-09T15:42:36.2321230+01:00" endTime="2024-01-09T15:42:36.2477462+01:00" testType="13cdc9d9-ddb5-4fa4-a97d-d965ccfc6d4b" outcome="Passed" testListId="8c84fa94-04c1-424b-9868-57a2d4851a1d" relativeResultsDirectory="63596838-fefb-47dc-9883-7e198b5eb2ac" />
    <UnitTestResult executionId="f08da571-2d67-4cfc-98b2-ef263e2a4d13" testId="6d4065ea-37df-4aff-874e-ab84b502ad49" testName="BusinessObjects_License_UpdateMipPluginsLicenseRequestPart_LicenseNotRecentVersionException" computerName="DKSR-EFI-06" duration="00:00:00.3749857" startTime="2024-01-09T15:42:42.7321506+01:00" endTime="2024-01-09T15:42:43.1071500+01:00" testType="13cdc9d9-ddb5-4fa4-a97d-d965ccfc6d4b" outcome="Passed" testListId="8c84fa94-04c1-424b-9868-57a2d4851a1d" relativeResultsDirectory="f08da571-2d67-4cfc-98b2-ef263e2a4d13" />
    <UnitTestResult executionId="f2a594ec-9bc5-4015-a5b2-fbc17bdee613" testId="eea38e22-529b-e63c-3e6e-c63b7bccbdbd" testName="GetXml_WhenRuleIsEmptyStopRule_MatchesXml" computerName="DKSR-EFI-06" duration="00:00:00.0043288" startTime="2024-01-09T15:42:38.8883854+01:00" endTime="2024-01-09T15:42:38.9040096+01:00" testType="13cdc9d9-ddb5-4fa4-a97d-d965ccfc6d4b" outcome="Passed" testListId="8c84fa94-04c1-424b-9868-57a2d4851a1d" relativeResultsDirectory="f2a594ec-9bc5-4015-a5b2-fbc17bdee613" />
    <UnitTestResult executionId="9e30bf20-d2aa-4275-abf7-8bb5917ad5c2" testId="756fd3b3-e5ab-f419-80d6-e71f68d546b8" testName="Pagination_ReturnsCorrectSubset_WhenPageStartIsNonZero" computerName="DKSR-EFI-06" duration="00:00:00.0019015" startTime="2024-01-09T15:42:29.0914652+01:00" endTime="2024-01-09T15:42:29.0914652+01:00" testType="13cdc9d9-ddb5-4fa4-a97d-d965ccfc6d4b" outcome="Passed" testListId="8c84fa94-04c1-424b-9868-57a2d4851a1d" relativeResultsDirectory="9e30bf20-d2aa-4275-abf7-8bb5917ad5c2" />
    <UnitTestResult executionId="e9c438a4-405e-40a2-b341-882b8380b4c1" testId="c17529b7-3a1c-14c2-c0ad-c7097dee7c72" testName="InvokeMethod_SetAudioFileContent_UnknownFileTest" computerName="DKSR-EFI-06" duration="00:00:00.0009006" startTime="2024-01-09T15:42:41.7008964+01:00" endTime="2024-01-09T15:42:41.7008964+01:00" testType="13cdc9d9-ddb5-4fa4-a97d-d965ccfc6d4b" outcome="Passed" testListId="8c84fa94-04c1-424b-9868-57a2d4851a1d" relativeResultsDirectory="e9c438a4-405e-40a2-b341-882b8380b4c1" />
    <UnitTestResult executionId="7aeb795f-633f-46dd-82cf-3dcdb37a0078" testId="12b95cd0-d2b6-ddac-f502-701871419bb8" testName="SetItem_Properties_EmptyNameTest" computerName="DKSR-EFI-06" duration="00:00:00.0005469" startTime="2024-01-09T15:42:41.5758972+01:00" endTime="2024-01-09T15:42:41.5758972+01:00" testType="13cdc9d9-ddb5-4fa4-a97d-d965ccfc6d4b" outcome="Passed" testListId="8c84fa94-04c1-424b-9868-57a2d4851a1d" relativeResultsDirectory="7aeb795f-633f-46dd-82cf-3dcdb37a0078" />
    <UnitTestResult executionId="d9b86915-c022-4193-9e52-cd3f22583add" testId="3aa5195a-f303-7cd8-ab58-5c31441c609d" testName="Patch_InvalidJsonInBody_ExceptionNotCaught" computerName="DKSR-EFI-06" duration="00:00:00.0046499" startTime="2024-01-09T15:42:27.9508424+01:00" endTime="2024-01-09T15:42:27.9664642+01:00" testType="13cdc9d9-ddb5-4fa4-a97d-d965ccfc6d4b" outcome="Passed" testListId="8c84fa94-04c1-424b-9868-57a2d4851a1d" relativeResultsDirectory="d9b86915-c022-4193-9e52-cd3f22583add" />
    <UnitTestResult executionId="85ea29b4-730d-479b-bf52-7e7a5a26e9dd" testId="4988537e-68ca-0873-c887-4583d7a0fb49" testName="SendCommandSecurityVisitor_UpdateSecurityManagerCommand_SecurityPermissionsDevice_Speaker_Add_Allowed" computerName="DKSR-EFI-06" duration="00:00:00.0238472" startTime="2024-01-09T15:42:21.2320885+01:00" endTime="2024-01-09T15:42:21.2477150+01:00" testType="13cdc9d9-ddb5-4fa4-a97d-d965ccfc6d4b" outcome="Passed" testListId="8c84fa94-04c1-424b-9868-57a2d4851a1d" relativeResultsDirectory="85ea29b4-730d-479b-bf52-7e7a5a26e9dd" />
    <UnitTestResult executionId="c312a7f5-609f-4816-8f61-c61aa3fa70a0" testId="c8ad4832-c53e-daec-e5b9-b133511afd27" testName="LookupChildItemTypes_GetChildItemsOfAConfigurationItem" computerName="DKSR-EFI-06" duration="00:00:00.0076524" startTime="2024-01-09T15:42:29.1695901+01:00" endTime="2024-01-09T15:42:29.1695901+01:00" testType="13cdc9d9-ddb5-4fa4-a97d-d965ccfc6d4b" outcome="Passed" testListId="8c84fa94-04c1-424b-9868-57a2d4851a1d" relativeResultsDirectory="c312a7f5-609f-4816-8f61-c61aa3fa70a0" />
    <UnitTestResult executionId="661c4c25-4247-449b-8c36-ce20b9175f5d" testId="58e526e2-8bc5-2271-39de-e3a65a92621e" testName="GetNextProperties_WhenRecurring_LastPropertyKeyIsFrequencyType_ReturnsPropertiesUpToDailyFrequencyType" computerName="DKSR-EFI-06" duration="00:00:00.0064792" startTime="2024-01-09T15:42:35.0602413+01:00" endTime="2024-01-09T15:42:35.0758662+01:00" testType="13cdc9d9-ddb5-4fa4-a97d-d965ccfc6d4b" outcome="Passed" testListId="8c84fa94-04c1-424b-9868-57a2d4851a1d" relativeResultsDirectory="661c4c25-4247-449b-8c36-ce20b9175f5d" />
    <UnitTestResult executionId="f5118c32-a68e-47ec-8fb2-02709ef96461" testId="07072837-d1dc-7dc2-e877-09f86b51600e" testName="GetNextProperties_WhenNoPropertiesPresent_ReturnsOnlyActionsProperty" computerName="DKSR-EFI-06" duration="00:00:00.0013161" startTime="2024-01-09T15:42:34.6539909+01:00" endTime="2024-01-09T15:42:34.6539909+01:00" testType="13cdc9d9-ddb5-4fa4-a97d-d965ccfc6d4b" outcome="Passed" testListId="8c84fa94-04c1-424b-9868-57a2d4851a1d" relativeResultsDirectory="f5118c32-a68e-47ec-8fb2-02709ef96461" />
    <UnitTestResult executionId="4512d3fa-a1f2-4c00-acb1-6221405eb88f" testId="197289e9-4388-424d-af97-c5296b89b1d4" testName="TryGetProperty_WhenPropertyExists_ReturnsTrue" computerName="DKSR-EFI-06" duration="00:00:00.0110533" startTime="2024-01-09T15:42:34.1383614+01:00" endTime="2024-01-09T15:42:34.1383614+01:00" testType="13cdc9d9-ddb5-4fa4-a97d-d965ccfc6d4b" outcome="Passed" testListId="8c84fa94-04c1-424b-9868-57a2d4851a1d" relativeResultsDirectory="4512d3fa-a1f2-4c00-acb1-6221405eb88f" />
    <UnitTestResult executionId="bcfaf45b-ae5c-4667-a631-d98ab6600de1" testId="50c601d7-4896-cf39-7bdd-b5e2bc68ed03" testName="GetXml_WhenConditionIsAlways_MatchesXml" computerName="DKSR-EFI-06" duration="00:00:00.0123932" startTime="2024-01-09T15:42:38.7477608+01:00" endTime="2024-01-09T15:42:38.7633832+01:00" testType="13cdc9d9-ddb5-4fa4-a97d-d965ccfc6d4b" outcome="Passed" testListId="8c84fa94-04c1-424b-9868-57a2d4851a1d" relativeResultsDirectory="bcfaf45b-ae5c-4667-a631-d98ab6600de1" />
    <UnitTestResult executionId="f705891b-452a-45a1-829e-955cf7d246f0" testId="07a0919e-efcd-f739-2536-d850ba62d276" testName="Validation_CheckBooleanStringValue_Sonnyday" computerName="DKSR-EFI-06" duration="00:00:00.0004883" startTime="2024-01-09T15:42:26.2320922+01:00" endTime="2024-01-09T15:42:26.2320922+01:00" testType="13cdc9d9-ddb5-4fa4-a97d-d965ccfc6d4b" outcome="Passed" testListId="8c84fa94-04c1-424b-9868-57a2d4851a1d" relativeResultsDirectory="f705891b-452a-45a1-829e-955cf7d246f0" />
    <UnitTestResult executionId="427634e8-5460-4eb5-9ae4-203199185d0e" testId="33eb1e7e-3eae-045b-dd90-f9c58dd75ab0" testName="LookupFolder_DoesCorrectPassThrough" computerName="DKSR-EFI-06" duration="00:00:00.0080343" startTime="2024-01-09T15:42:28.8883415+01:00" endTime="2024-01-09T15:42:28.9039655+01:00" testType="13cdc9d9-ddb5-4fa4-a97d-d965ccfc6d4b" outcome="Passed" testListId="8c84fa94-04c1-424b-9868-57a2d4851a1d" relativeResultsDirectory="427634e8-5460-4eb5-9ae4-203199185d0e" />
    <UnitTestResult executionId="6392e528-5622-4951-8782-d65f0df4d824" testId="aa1ed6f5-a984-e6fb-14bc-90af779293b4" testName="GetNextProperties_WhenRuleTypeNotSet_ReturnsRuleTypeProperty" computerName="DKSR-EFI-06" duration="00:00:00.0014743" startTime="2024-01-09T15:42:35.5914949+01:00" endTime="2024-01-09T15:42:35.5914949+01:00" testType="13cdc9d9-ddb5-4fa4-a97d-d965ccfc6d4b" outcome="Passed" testListId="8c84fa94-04c1-424b-9868-57a2d4851a1d" relativeResultsDirectory="6392e528-5622-4951-8782-d65f0df4d824" />
    <UnitTestResult executionId="72bce528-5925-4c4d-a347-8796330110f8" testId="821e29b5-9ab7-6515-dd38-446d55c3d7b8" testName="ServerProxyService_GetDeviceGroupMembersByDeviceGroupId_AllMicrophones_NotAllowed_RowRemoved" computerName="DKSR-EFI-06" duration="00:00:00.0113880" startTime="2024-01-09T15:42:25.2164634+01:00" endTime="2024-01-09T15:42:25.2164634+01:00" testType="13cdc9d9-ddb5-4fa4-a97d-d965ccfc6d4b" outcome="Passed" testListId="8c84fa94-04c1-424b-9868-57a2d4851a1d" relativeResultsDirectory="72bce528-5925-4c4d-a347-8796330110f8" />
    <UnitTestResult executionId="f26378b1-997d-449c-bc09-1feaba6ab7e4" testId="d7758ff5-caf4-2346-1504-74cc75c94822" testName="Test_Hierarchy_MyFolder1_Object1_User_Allowed_Read_And_Write" computerName="DKSR-EFI-06" duration="00:00:00.0006964" startTime="2024-01-09T15:42:18.6852102+01:00" endTime="2024-01-09T15:42:18.6852102+01:00" testType="13cdc9d9-ddb5-4fa4-a97d-d965ccfc6d4b" outcome="Passed" testListId="8c84fa94-04c1-424b-9868-57a2d4851a1d" relativeResultsDirectory="f26378b1-997d-449c-bc09-1feaba6ab7e4" />
    <UnitTestResult executionId="b5accd7f-7cb0-4614-b14b-a84236a65a6b" testId="47d0d77a-0048-61bf-6c43-4c34ba9465d3" testName="SendCommandSecurityVisitor_UpdateSecurityManagerCommand_SecurityPermissionsDevice_Microphone_Delete_Allowed" computerName="DKSR-EFI-06" duration="00:00:00.0240182" startTime="2024-01-09T15:42:21.2008413+01:00" endTime="2024-01-09T15:42:21.2164653+01:00" testType="13cdc9d9-ddb5-4fa4-a97d-d965ccfc6d4b" outcome="Passed" testListId="8c84fa94-04c1-424b-9868-57a2d4851a1d" relativeResultsDirectory="b5accd7f-7cb0-4614-b14b-a84236a65a6b" />
    <UnitTestResult executionId="27a951dd-ae82-4ff0-9659-749a01ffef04" testId="1de220ed-f75d-8b1a-26ee-5cef0a87e92f" testName="GetItemType_WhenInvalidVideoWall_ReturnsNull" computerName="DKSR-EFI-06" duration="00:00:00.0058024" startTime="2024-01-09T15:42:38.1852567+01:00" endTime="2024-01-09T15:42:38.1852567+01:00" testType="13cdc9d9-ddb5-4fa4-a97d-d965ccfc6d4b" outcome="Passed" testListId="8c84fa94-04c1-424b-9868-57a2d4851a1d" relativeResultsDirectory="27a951dd-ae82-4ff0-9659-749a01ffef04" />
    <UnitTestResult executionId="c6ba8a00-a302-4ab9-ab03-2ffc65368c39" testId="8d5a53e6-d4ed-d344-487a-380e7c425c84" testName="RoleMappingRemoveFromRoleAdmin" computerName="DKSR-EFI-06" duration="00:00:00.0005606" startTime="2024-01-09T15:42:19.0133376+01:00" endTime="2024-01-09T15:42:19.0133376+01:00" testType="13cdc9d9-ddb5-4fa4-a97d-d965ccfc6d4b" outcome="Passed" testListId="8c84fa94-04c1-424b-9868-57a2d4851a1d" relativeResultsDirectory="c6ba8a00-a302-4ab9-ab03-2ffc65368c39" />
    <UnitTestResult executionId="8df6caa2-2b22-4510-a751-afa33b673e57" testId="3220b6eb-dff2-8e85-ba97-cff5e0b148b5" testName="ValidateItem_Properties_EmptyNameTest" computerName="DKSR-EFI-06" duration="00:00:00.0005267" startTime="2024-01-09T15:42:41.6227708+01:00" endTime="2024-01-09T15:42:41.6227708+01:00" testType="13cdc9d9-ddb5-4fa4-a97d-d965ccfc6d4b" outcome="Passed" testListId="8c84fa94-04c1-424b-9868-57a2d4851a1d" relativeResultsDirectory="8df6caa2-2b22-4510-a751-afa33b673e57" />
    <UnitTestResult executionId="dbc306cc-0961-409b-8a17-a1e725ed332a" testId="2f61e9ca-f202-91f9-f888-29053f79d9b0" testName="SendCommandSecurityVisitor_ReportMediaStatusCommand_NotSupportedException" computerName="DKSR-EFI-06" duration="00:00:00.0034798" startTime="2024-01-09T15:42:21.8102136+01:00" endTime="2024-01-09T15:42:21.8258375+01:00" testType="13cdc9d9-ddb5-4fa4-a97d-d965ccfc6d4b" outcome="Passed" testListId="8c84fa94-04c1-424b-9868-57a2d4851a1d" relativeResultsDirectory="dbc306cc-0961-409b-8a17-a1e725ed332a" />
    <UnitTestResult executionId="de85754a-e3f4-49dc-8bf6-64f5f13975fa" testId="1c25503a-6ac8-c88b-7336-23fd93a64a4d" testName="ConfigurationItemPath_CreateFolderPath3Strings_IdNull_ArgumentNullException" computerName="DKSR-EFI-06" duration="00:00:00.0005507" startTime="2024-01-09T15:42:33.5133555+01:00" endTime="2024-01-09T15:42:33.5133555+01:00" testType="13cdc9d9-ddb5-4fa4-a97d-d965ccfc6d4b" outcome="Passed" testListId="8c84fa94-04c1-424b-9868-57a2d4851a1d" relativeResultsDirectory="de85754a-e3f4-49dc-8bf6-64f5f13975fa" />
    <UnitTestResult executionId="d3f68d2c-a169-4f1f-b981-0a6b95e4cb35" testId="a85da276-cff4-e5bd-fb05-ee2ac961f3da" testName="SetItem_ParamNullCheck_RequestContextTest" computerName="DKSR-EFI-06" duration="00:00:00.0017032" startTime="2024-01-09T15:42:41.4508958+01:00" endTime="2024-01-09T15:42:41.4508958+01:00" testType="13cdc9d9-ddb5-4fa4-a97d-d965ccfc6d4b" outcome="Passed" testListId="8c84fa94-04c1-424b-9868-57a2d4851a1d" relativeResultsDirectory="d3f68d2c-a169-4f1f-b981-0a6b95e4cb35" />
    <UnitTestResult executionId="292aa20c-be7a-406a-8f30-31ec452215d1" testId="f81805cc-7a04-9fc8-7ac1-843ded90b768" testName="Build_TimeBetween_WhenTrue_ParametersPresent_ConditionIsAdded" computerName="DKSR-EFI-06" duration="00:00:00.0032231" startTime="2024-01-09T15:42:36.6540014+01:00" endTime="2024-01-09T15:42:36.6540014+01:00" testType="13cdc9d9-ddb5-4fa4-a97d-d965ccfc6d4b" outcome="Passed" testListId="8c84fa94-04c1-424b-9868-57a2d4851a1d" relativeResultsDirectory="292aa20c-be7a-406a-8f30-31ec452215d1" />
    <UnitTestResult executionId="eab9843d-af92-42af-8b66-012ea8d931fe" testId="f3df1398-ba91-759b-66d9-c4e1b88a0803" testName="ConstructSqlSelect_SunnyDay_DateTimeGreaterThan_NoTimezone" computerName="DKSR-EFI-06" duration="00:00:00.0003299" startTime="2024-01-09T15:42:33.7477315+01:00" endTime="2024-01-09T15:42:33.7477315+01:00" testType="13cdc9d9-ddb5-4fa4-a97d-d965ccfc6d4b" outcome="Passed" testListId="8c84fa94-04c1-424b-9868-57a2d4851a1d" relativeResultsDirectory="eab9843d-af92-42af-8b66-012ea8d931fe" />
    <UnitTestResult executionId="519be437-4701-496b-9233-25538b248c49" testId="d2feaf1f-05f4-3165-07d1-dfe8a3689d4d" testName="Validate_WhenEventTypeDoesNotExistInDb_Error" computerName="DKSR-EFI-06" duration="00:00:00.0034466" startTime="2024-01-09T15:42:36.9040007+01:00" endTime="2024-01-09T15:42:36.9040007+01:00" testType="13cdc9d9-ddb5-4fa4-a97d-d965ccfc6d4b" outcome="Passed" testListId="8c84fa94-04c1-424b-9868-57a2d4851a1d" relativeResultsDirectory="519be437-4701-496b-9233-25538b248c49" />
    <UnitTestResult executionId="e04ba559-34af-4fe8-8166-cd50bcf93bc4" testId="bcf02a67-8cf0-615c-a05b-31a5910ff021" testName="Validate_WhenValueIsValid_ReturnsTrue" computerName="DKSR-EFI-06" duration="00:00:00.0009194" startTime="2024-01-09T15:42:37.8102561+01:00" endTime="2024-01-09T15:42:37.8102561+01:00" testType="13cdc9d9-ddb5-4fa4-a97d-d965ccfc6d4b" outcome="Passed" testListId="8c84fa94-04c1-424b-9868-57a2d4851a1d" relativeResultsDirectory="e04ba559-34af-4fe8-8166-cd50bcf93bc4" />
    <UnitTestResult executionId="bd6e241e-b632-4162-be2a-d804b46ec564" testId="2c5934e8-aafc-079c-0b70-815a838660e1" testName="Post_ValidObject_PassedOnToSubController_ReturnsResultCode" computerName="DKSR-EFI-06" duration="00:00:00.0477930" startTime="2024-01-09T15:42:27.5602154+01:00" endTime="2024-01-09T15:42:27.6070881+01:00" testType="13cdc9d9-ddb5-4fa4-a97d-d965ccfc6d4b" outcome="Passed" testListId="8c84fa94-04c1-424b-9868-57a2d4851a1d" relativeResultsDirectory="bd6e241e-b632-4162-be2a-d804b46ec564" />
    <UnitTestResult executionId="830345c5-79b5-40ac-a7d6-c824947aefbb" testId="68fa8ac3-cdbc-f45a-ed53-6cc5e6909e22" testName="Validate_WhenWrongExpectedType_ReturnsFalse" computerName="DKSR-EFI-06" duration="00:00:00.0024681" startTime="2024-01-09T15:42:37.7321293+01:00" endTime="2024-01-09T15:42:37.7477570+01:00" testType="13cdc9d9-ddb5-4fa4-a97d-d965ccfc6d4b" outcome="Passed" testListId="8c84fa94-04c1-424b-9868-57a2d4851a1d" relativeResultsDirectory="830345c5-79b5-40ac-a7d6-c824947aefbb" />
    <UnitTestResult executionId="fc1d2a1c-5d9d-4e88-a04f-3e11ab1813ed" testId="7ecfae81-185b-2ca4-b89e-2003905bceef" testName="Validate_WhenObjectExists_ReturnsTrue" computerName="DKSR-EFI-06" duration="00:00:00.0043464" startTime="2024-01-09T15:42:38.4977595+01:00" endTime="2024-01-09T15:42:38.4977595+01:00" testType="13cdc9d9-ddb5-4fa4-a97d-d965ccfc6d4b" outcome="Passed" testListId="8c84fa94-04c1-424b-9868-57a2d4851a1d" relativeResultsDirectory="fc1d2a1c-5d9d-4e88-a04f-3e11ab1813ed" />
    <UnitTestResult executionId="8db8c329-0fc3-4696-b600-8dc5edb87ca4" testId="d006b449-a619-3181-628d-60e0b73a8d4e" testName="CreateSearchTemplateFind_PrivateOnly" computerName="DKSR-EFI-06" duration="00:00:00.0071740" startTime="2024-01-09T15:42:43.5915276+01:00" endTime="2024-01-09T15:42:43.6071537+01:00" testType="13cdc9d9-ddb5-4fa4-a97d-d965ccfc6d4b" outcome="Passed" testListId="8c84fa94-04c1-424b-9868-57a2d4851a1d" relativeResultsDirectory="8db8c329-0fc3-4696-b600-8dc5edb87ca4" />
    <UnitTestResult executionId="8dc7fe60-6095-400d-b8ab-939be0253449" testId="e1de040b-d607-d1f8-8641-6d4f8821ae3a" testName="DeviceEvents_UpdateDeviceEvents_Success" computerName="DKSR-EFI-06" duration="00:00:00.0346001" startTime="2024-01-09T15:42:41.9352735+01:00" endTime="2024-01-09T15:42:41.9821478+01:00" testType="13cdc9d9-ddb5-4fa4-a97d-d965ccfc6d4b" outcome="Passed" testListId="8c84fa94-04c1-424b-9868-57a2d4851a1d" relativeResultsDirectory="8dc7fe60-6095-400d-b8ab-939be0253449" />
    <UnitTestResult executionId="ef6b9be9-0fcf-4cb0-9481-be3d2f6f6cd7" testId="2c00e649-c397-57c0-8282-fba6df1e1bc4" testName="DevicePtzPresets_AddPtzPreset_Success" computerName="DKSR-EFI-06" duration="00:00:00.0071803" startTime="2024-01-09T15:42:42.4508991+01:00" endTime="2024-01-09T15:42:42.4508991+01:00" testType="13cdc9d9-ddb5-4fa4-a97d-d965ccfc6d4b" outcome="Passed" testListId="8c84fa94-04c1-424b-9868-57a2d4851a1d" relativeResultsDirectory="ef6b9be9-0fcf-4cb0-9481-be3d2f6f6cd7" />
    <UnitTestResult executionId="49a7279b-526d-41aa-a29d-2ae4d8c97129" testId="d95ce340-5d23-1405-0ad8-49d435c54ee5" testName="GetXml_WhenRuleTypeIsWeeklyAndOnce_MatchesXml" computerName="DKSR-EFI-06" duration="00:00:00.0007746" startTime="2024-01-09T15:42:39.0290127+01:00" endTime="2024-01-09T15:42:39.0290127+01:00" testType="13cdc9d9-ddb5-4fa4-a97d-d965ccfc6d4b" outcome="Passed" testListId="8c84fa94-04c1-424b-9868-57a2d4851a1d" relativeResultsDirectory="49a7279b-526d-41aa-a29d-2ae4d8c97129" />
    <UnitTestResult executionId="9da75ed5-2d62-4297-b9e0-75c8d34e4ccd" testId="7bae2883-f81f-f9d9-a971-e47e21b02e11" testName="GetXml_WhenActionIsDeviceChangeSettings_MatchesXml" computerName="DKSR-EFI-06" duration="00:00:00.0007389" startTime="2024-01-09T15:42:38.6696329+01:00" endTime="2024-01-09T15:42:38.6696329+01:00" testType="13cdc9d9-ddb5-4fa4-a97d-d965ccfc6d4b" outcome="Passed" testListId="8c84fa94-04c1-424b-9868-57a2d4851a1d" relativeResultsDirectory="9da75ed5-2d62-4297-b9e0-75c8d34e4ccd" />
    <UnitTestResult executionId="26f9d495-d893-4abc-9127-691327cf5626" testId="7b9f637d-d36a-4df6-a26a-709557acc04a" testName="Validation_ValidateInt32_Larger_Than_Max_ArgumentException" computerName="DKSR-EFI-06" duration="00:00:00.0004279" startTime="2024-01-09T15:42:25.7320894+01:00" endTime="2024-01-09T15:42:25.7320894+01:00" testType="13cdc9d9-ddb5-4fa4-a97d-d965ccfc6d4b" outcome="Passed" testListId="8c84fa94-04c1-424b-9868-57a2d4851a1d" relativeResultsDirectory="26f9d495-d893-4abc-9127-691327cf5626" />
    <UnitTestResult executionId="ca9b1218-19cb-4c6b-b2c0-945b0e22b7cb" testId="67f1111f-73f1-c2d4-61a9-a07563b2589e" testName="GetChildItems_WhenPathIsFolder_ReturnsRuleListItems" computerName="DKSR-EFI-06" duration="00:00:00.1048548" startTime="2024-01-09T15:42:33.8258621+01:00" endTime="2024-01-09T15:42:33.9352351+01:00" testType="13cdc9d9-ddb5-4fa4-a97d-d965ccfc6d4b" outcome="Passed" testListId="8c84fa94-04c1-424b-9868-57a2d4851a1d" relativeResultsDirectory="ca9b1218-19cb-4c6b-b2c0-945b0e22b7cb" />
    <UnitTestResult executionId="3927e740-2752-46ef-87d7-82bc680aabc7" testId="757a3780-d8c1-5638-676f-0abe283b1c69" testName="IsComplete_WhenNamePropertyHasValue_ReturnsTrue" computerName="DKSR-EFI-06" duration="00:00:00.0004233" startTime="2024-01-09T15:42:34.3258593+01:00" endTime="2024-01-09T15:42:34.3258593+01:00" testType="13cdc9d9-ddb5-4fa4-a97d-d965ccfc6d4b" outcome="Passed" testListId="8c84fa94-04c1-424b-9868-57a2d4851a1d" relativeResultsDirectory="3927e740-2752-46ef-87d7-82bc680aabc7" />
    <UnitTestResult executionId="24f1f2a0-e6fd-474a-922a-356ca1ca131b" testId="d9f2aed0-e5cf-6573-c1fa-e1d9726ee5c4" testName="TryParseConditions_WhenNotSupportedTimeConditionNodeName_ReturnsFalse" computerName="DKSR-EFI-06" duration="00:00:00.0002932" startTime="2024-01-09T15:42:38.7477608+01:00" endTime="2024-01-09T15:42:38.7477608+01:00" testType="13cdc9d9-ddb5-4fa4-a97d-d965ccfc6d4b" outcome="Passed" testListId="8c84fa94-04c1-424b-9868-57a2d4851a1d" relativeResultsDirectory="24f1f2a0-e6fd-474a-922a-356ca1ca131b" />
    <UnitTestResult executionId="c7e019ff-7fc5-4c67-869a-9680f2388baf" testId="2f29bf1c-6062-65de-06e5-77ef3b6a6a0a" testName="FromString_NullOrEmptyInput_ReturnsDefault" computerName="DKSR-EFI-06" duration="00:00:00.0010836" startTime="2024-01-09T15:42:34.2008633+01:00" endTime="2024-01-09T15:42:34.2008633+01:00" testType="13cdc9d9-ddb5-4fa4-a97d-d965ccfc6d4b" outcome="Passed" testListId="8c84fa94-04c1-424b-9868-57a2d4851a1d" relativeResultsDirectory="c7e019ff-7fc5-4c67-869a-9680f2388baf" />
    <UnitTestResult executionId="2b9ffa43-504e-4a7c-a567-8f122396bdd2" testId="9a2d3ea8-f524-9cdc-3f15-e083e59578d7" testName="SendCommandSecurityVisitor_UpdateSystemConfigurationCommand_NotSupportedException" computerName="DKSR-EFI-06" duration="00:00:00.0035411" startTime="2024-01-09T15:42:21.9508386+01:00" endTime="2024-01-09T15:42:21.9508386+01:00" testType="13cdc9d9-ddb5-4fa4-a97d-d965ccfc6d4b" outcome="Passed" testListId="8c84fa94-04c1-424b-9868-57a2d4851a1d" relativeResultsDirectory="2b9ffa43-504e-4a7c-a567-8f122396bdd2" />
    <UnitTestResult executionId="871aa673-3b22-40dc-8011-903f5e4563d8" testId="b0d1f37d-f325-3b2c-36fb-e4f8d0e69327" testName="GetItem_ParamNullCheck_RequestContextTest" computerName="DKSR-EFI-06" duration="00:00:00.0007495" startTime="2024-01-09T15:42:41.5133964+01:00" endTime="2024-01-09T15:42:41.5133964+01:00" testType="13cdc9d9-ddb5-4fa4-a97d-d965ccfc6d4b" outcome="Passed" testListId="8c84fa94-04c1-424b-9868-57a2d4851a1d" relativeResultsDirectory="871aa673-3b22-40dc-8011-903f5e4563d8" />
    <UnitTestResult executionId="3e872d08-99a4-45a0-8e83-04f4bf195476" testId="959be9a0-c2ee-77ac-f208-d0288489869c" testName="Validate_WhenExpectedTypeIsNull_ReturnFalse" computerName="DKSR-EFI-06" duration="00:00:00.0107877" startTime="2024-01-09T15:42:37.6540040+01:00" endTime="2024-01-09T15:42:37.6696300+01:00" testType="13cdc9d9-ddb5-4fa4-a97d-d965ccfc6d4b" outcome="Passed" testListId="8c84fa94-04c1-424b-9868-57a2d4851a1d" relativeResultsDirectory="3e872d08-99a4-45a0-8e83-04f4bf195476" />
    <UnitTestResult executionId="08de26a3-a630-43ef-8aa3-f2944cab3319" testId="06f3d6b6-6333-e543-ba4d-d2991aa00dd6" testName="Validate_WhenMonthlyRelativeFrequency_DayParameterIsEmpty_ReturnsError" computerName="DKSR-EFI-06" duration="00:00:00.0010671" startTime="2024-01-09T15:42:37.1227501+01:00" endTime="2024-01-09T15:42:37.1227501+01:00" testType="13cdc9d9-ddb5-4fa4-a97d-d965ccfc6d4b" outcome="Passed" testListId="8c84fa94-04c1-424b-9868-57a2d4851a1d" relativeResultsDirectory="08de26a3-a630-43ef-8aa3-f2944cab3319" />
    <UnitTestResult executionId="ce1d95ee-3092-4c0a-966c-1b3139001501" testId="aaec956d-aa14-9ac6-cde3-83fdb795d3f6" testName="Build_WhenSaveImageAttachments_ReturnsProperties" computerName="DKSR-EFI-06" duration="00:00:00.0019843" startTime="2024-01-09T15:42:35.8258699+01:00" endTime="2024-01-09T15:42:35.8258699+01:00" testType="13cdc9d9-ddb5-4fa4-a97d-d965ccfc6d4b" outcome="Passed" testListId="8c84fa94-04c1-424b-9868-57a2d4851a1d" relativeResultsDirectory="ce1d95ee-3092-4c0a-966c-1b3139001501" />
    <UnitTestResult executionId="ca5c57a1-31b7-4f01-8d49-41bcb4b17f54" testId="bf9d3f13-71ad-14b3-8e64-f5376c14ab1e" testName="Delete_ThrowsException_WhenMethodDoesNotReturnAnyProperties" computerName="DKSR-EFI-06" duration="00:00:00.0071861" startTime="2024-01-09T15:42:29.0445919+01:00" endTime="2024-01-09T15:42:29.0602192+01:00" testType="13cdc9d9-ddb5-4fa4-a97d-d965ccfc6d4b" outcome="Passed" testListId="8c84fa94-04c1-424b-9868-57a2d4851a1d" relativeResultsDirectory="ca5c57a1-31b7-4f01-8d49-41bcb4b17f54" />
    <UnitTestResult executionId="3b9d3ed7-2663-4416-a806-90140399b9cf" testId="8c91797c-9656-a8d5-fe28-d48d970a3b76" testName="ConstructSqlSelect_Injection_DateTimeGreaterThan" computerName="DKSR-EFI-06" duration="00:00:00.0003182" startTime="2024-01-09T15:42:33.7633563+01:00" endTime="2024-01-09T15:42:33.7633563+01:00" testType="13cdc9d9-ddb5-4fa4-a97d-d965ccfc6d4b" outcome="Passed" testListId="8c84fa94-04c1-424b-9868-57a2d4851a1d" relativeResultsDirectory="3b9d3ed7-2663-4416-a806-90140399b9cf" />
    <UnitTestResult executionId="6e1c714d-26f7-4215-b5ca-f9959c8cbbdd" testId="505fd280-c132-4e2f-9b0c-9d198babeec9" testName="SidUtilityDecodeSidTest" computerName="DKSR-EFI-06" duration="00:00:00.0039027" startTime="2024-01-09T15:42:32.7477255+01:00" endTime="2024-01-09T15:42:32.7633497+01:00" testType="13cdc9d9-ddb5-4fa4-a97d-d965ccfc6d4b" outcome="Passed" testListId="8c84fa94-04c1-424b-9868-57a2d4851a1d" relativeResultsDirectory="6e1c714d-26f7-4215-b5ca-f9959c8cbbdd" />
    <UnitTestResult executionId="28e85277-6076-475f-baf0-60d345b73e9c" testId="d0bac350-66a8-fde1-078c-5b1af4c62fbd" testName="ValidateItem_SunnyDayTest" computerName="DKSR-EFI-06" duration="00:00:00.0007494" startTime="2024-01-09T15:42:41.6227708+01:00" endTime="2024-01-09T15:42:41.6227708+01:00" testType="13cdc9d9-ddb5-4fa4-a97d-d965ccfc6d4b" outcome="Passed" testListId="8c84fa94-04c1-424b-9868-57a2d4851a1d" relativeResultsDirectory="28e85277-6076-475f-baf0-60d345b73e9c" />
    <UnitTestResult executionId="2257afec-1f6a-4e25-b0b7-a611e8d45198" testId="ea346f78-b956-2b7b-74cc-a3536a4226ce" testName="DeviceStreams_AddStream_MultiStreamNotSupported_Two_Streams_DeviceStreamMaxCountReachedException" computerName="DKSR-EFI-06" duration="00:00:00.0092189" startTime="2024-01-09T15:42:42.6540231+01:00" endTime="2024-01-09T15:42:42.6540231+01:00" testType="13cdc9d9-ddb5-4fa4-a97d-d965ccfc6d4b" outcome="Passed" testListId="8c84fa94-04c1-424b-9868-57a2d4851a1d" relativeResultsDirectory="2257afec-1f6a-4e25-b0b7-a611e8d45198" />
    <UnitTestResult executionId="1cd2a8f6-abc7-4bec-b952-99f4edba4da9" testId="da282361-f9f3-be24-c7a2-3b0727d16037" testName="RoleMappingNoUser" computerName="DKSR-EFI-06" duration="00:00:00.0021755" startTime="2024-01-09T15:42:19.0289633+01:00" endTime="2024-01-09T15:42:19.0289633+01:00" testType="13cdc9d9-ddb5-4fa4-a97d-d965ccfc6d4b" outcome="Passed" testListId="8c84fa94-04c1-424b-9868-57a2d4851a1d" relativeResultsDirectory="1cd2a8f6-abc7-4bec-b952-99f4edba4da9" />
    <UnitTestResult executionId="495dabf8-8ba2-49d9-b064-fb53ef77901b" testId="36d4b285-3005-86be-36ef-b4c5ca9a610a" testName="Get_Item_Path_Is_Null_ArgumentNullException_Expected" computerName="DKSR-EFI-06" duration="00:00:00.0012596" startTime="2024-01-09T15:42:33.5758568+01:00" endTime="2024-01-09T15:42:33.5758568+01:00" testType="13cdc9d9-ddb5-4fa4-a97d-d965ccfc6d4b" outcome="Passed" testListId="8c84fa94-04c1-424b-9868-57a2d4851a1d" relativeResultsDirectory="495dabf8-8ba2-49d9-b064-fb53ef77901b" />
    <UnitTestResult executionId="988d764c-97f3-4d52-a42b-ffcb4bf48103" testId="adaf737f-8c20-c704-999b-901d7ad979ca" testName="GetXml_WhenRuleIsRecordWithinTimeProfile_MatchesXml" computerName="DKSR-EFI-06" duration="00:00:00.0098787" startTime="2024-01-09T15:42:38.8571351+01:00" endTime="2024-01-09T15:42:38.8571351+01:00" testType="13cdc9d9-ddb5-4fa4-a97d-d965ccfc6d4b" outcome="Passed" testListId="8c84fa94-04c1-424b-9868-57a2d4851a1d" relativeResultsDirectory="988d764c-97f3-4d52-a42b-ffcb4bf48103" />
    <UnitTestResult executionId="03b26c8b-6306-4349-9d51-2f33453d9e1e" testId="7bada458-0507-ce62-58d5-68dcafc7c704" testName="Build_Frequency_WhenMonthlyIsSet_ReturnsMonthlyFrequencyModel" computerName="DKSR-EFI-06" duration="00:00:00.0006712" startTime="2024-01-09T15:42:36.6852505+01:00" endTime="2024-01-09T15:42:36.6852505+01:00" testType="13cdc9d9-ddb5-4fa4-a97d-d965ccfc6d4b" outcome="Passed" testListId="8c84fa94-04c1-424b-9868-57a2d4851a1d" relativeResultsDirectory="03b26c8b-6306-4349-9d51-2f33453d9e1e" />
    <UnitTestResult executionId="19a085c4-8658-45fb-93cd-ccdc76b26b06" testId="62490b95-1c0b-7475-3005-09288032bc76" testName="GetNextProperties_WhenWithinTimeProfileAndTimeProfilePropertyIsSet_ReturnsProperties" computerName="DKSR-EFI-06" duration="00:00:00.0004907" startTime="2024-01-09T15:42:34.8727416+01:00" endTime="2024-01-09T15:42:34.8727416+01:00" testType="13cdc9d9-ddb5-4fa4-a97d-d965ccfc6d4b" outcome="Passed" testListId="8c84fa94-04c1-424b-9868-57a2d4851a1d" relativeResultsDirectory="19a085c4-8658-45fb-93cd-ccdc76b26b06" />
    <UnitTestResult executionId="788df10e-0c4b-44a1-b1b5-4983a7e147da" testId="7989712b-f5fe-d042-1559-03a87c66ef9a" testName="Validation_CheckHostName_NullOrEmpty_ArgumentNullException" computerName="DKSR-EFI-06" duration="00:00:00.0012222" startTime="2024-01-09T15:42:25.7320894+01:00" endTime="2024-01-09T15:42:25.7320894+01:00" testType="13cdc9d9-ddb5-4fa4-a97d-d965ccfc6d4b" outcome="Passed" testListId="8c84fa94-04c1-424b-9868-57a2d4851a1d" relativeResultsDirectory="788df10e-0c4b-44a1-b1b5-4983a7e147da" />
    <UnitTestResult executionId="a1bd0168-0dd0-4795-8f4f-c917fe7bf0dc" testId="2d486c9f-8cbd-cae3-0935-847199ad892a" testName="GetChildItems_LicenseDetailCount_InGrace_SunnyDay" computerName="DKSR-EFI-06" duration="00:00:00.0323411" startTime="2024-01-09T15:42:40.4196418+01:00" endTime="2024-01-09T15:42:40.4508913+01:00" testType="13cdc9d9-ddb5-4fa4-a97d-d965ccfc6d4b" outcome="Passed" testListId="8c84fa94-04c1-424b-9868-57a2d4851a1d" relativeResultsDirectory="a1bd0168-0dd0-4795-8f4f-c917fe7bf0dc" />
    <UnitTestResult executionId="79b958fa-254c-4aab-94d8-d7b0e3dd4252" testId="0d778ab6-c75e-4e87-8d4b-b71afb016a29" testName="Validate_WhenExpectedTypeIsNull_ReturnFalse" computerName="DKSR-EFI-06" duration="00:00:00.0019533" startTime="2024-01-09T15:42:38.4977595+01:00" endTime="2024-01-09T15:42:38.4977595+01:00" testType="13cdc9d9-ddb5-4fa4-a97d-d965ccfc6d4b" outcome="Passed" testListId="8c84fa94-04c1-424b-9868-57a2d4851a1d" relativeResultsDirectory="79b958fa-254c-4aab-94d8-d7b0e3dd4252" />
    <UnitTestResult executionId="650bc968-b745-4c18-903d-23a2bb6f4013" testId="b18df6ee-5f3e-fccd-a050-29f5e9677c77" testName="Build_WhenActionIsMIPAction2_ReturnsRuleModel" computerName="DKSR-EFI-06" duration="00:00:00.0054229" startTime="2024-01-09T15:42:39.2790147+01:00" endTime="2024-01-09T15:42:39.2790147+01:00" testType="13cdc9d9-ddb5-4fa4-a97d-d965ccfc6d4b" outcome="Passed" testListId="8c84fa94-04c1-424b-9868-57a2d4851a1d" relativeResultsDirectory="650bc968-b745-4c18-903d-23a2bb6f4013" />
    <UnitTestResult executionId="e3c15bd3-a4ae-48e2-b4c0-43783296d901" testId="0d373cdb-0dd1-4cc1-1380-3088ad1611f4" testName="FindClosestNode_Two_Childs_In_List_Second_Node_Test" computerName="DKSR-EFI-06" duration="00:00:00.0005479" startTime="2024-01-09T15:42:18.5602094+01:00" endTime="2024-01-09T15:42:18.5602094+01:00" testType="13cdc9d9-ddb5-4fa4-a97d-d965ccfc6d4b" outcome="Passed" testListId="8c84fa94-04c1-424b-9868-57a2d4851a1d" relativeResultsDirectory="e3c15bd3-a4ae-48e2-b4c0-43783296d901" />
    <UnitTestResult executionId="e1d813ff-430f-4905-b001-bee86b576f83" testId="f9106929-7536-2ed7-0f4d-ea5d89ec0050" testName="TryParseConditions_WhenDaysOfWeekCondition_ReturnsTrue" computerName="DKSR-EFI-06" duration="00:00:00.0017081" startTime="2024-01-09T15:42:38.7008829+01:00" endTime="2024-01-09T15:42:38.7165104+01:00" testType="13cdc9d9-ddb5-4fa4-a97d-d965ccfc6d4b" outcome="Passed" testListId="8c84fa94-04c1-424b-9868-57a2d4851a1d" relativeResultsDirectory="e1d813ff-430f-4905-b001-bee86b576f83" />
    <UnitTestResult executionId="30cb750b-093b-4783-81a7-5fa491404381" testId="342faa1b-4715-f92b-3a72-bac2d89c020a" testName="GetNextProperties_WhenNoPropertyIsSetForStopRule_ReturnsProperty" computerName="DKSR-EFI-06" duration="00:00:00.0022363" startTime="2024-01-09T15:42:35.4821178+01:00" endTime="2024-01-09T15:42:35.4821178+01:00" testType="13cdc9d9-ddb5-4fa4-a97d-d965ccfc6d4b" outcome="Passed" testListId="8c84fa94-04c1-424b-9868-57a2d4851a1d" relativeResultsDirectory="30cb750b-093b-4783-81a7-5fa491404381" />
    <UnitTestResult executionId="e8ef3c0e-7c29-456c-83d6-e1f21f759307" testId="9981b7ea-16c5-d913-21e8-1af4b668caca" testName="ServerProxyService_GetDeviceGroupMembersByDeviceGroupId_AllMicrophones_Allowed_NotFiltered" computerName="DKSR-EFI-06" duration="00:00:00.0095126" startTime="2024-01-09T15:42:25.2945895+01:00" endTime="2024-01-09T15:42:25.3102158+01:00" testType="13cdc9d9-ddb5-4fa4-a97d-d965ccfc6d4b" outcome="Passed" testListId="8c84fa94-04c1-424b-9868-57a2d4851a1d" relativeResultsDirectory="e8ef3c0e-7c29-456c-83d6-e1f21f759307" />
    <UnitTestResult executionId="0d9d813b-c199-4da5-ae7d-5bbd2c28edcb" testId="69bf8980-5562-981d-cbe5-0f4730ae0347" testName="GetNextProperties_WhenDaysOfWeekIsSetButNotDays_ReturnsProperties" computerName="DKSR-EFI-06" duration="00:00:00.0005616" startTime="2024-01-09T15:42:34.8883657+01:00" endTime="2024-01-09T15:42:34.8883657+01:00" testType="13cdc9d9-ddb5-4fa4-a97d-d965ccfc6d4b" outcome="Passed" testListId="8c84fa94-04c1-424b-9868-57a2d4851a1d" relativeResultsDirectory="0d9d813b-c199-4da5-ae7d-5bbd2c28edcb" />
    <UnitTestResult executionId="1c4784f3-a04c-4044-9023-565e5601f756" testId="66e86e11-aa6f-d6de-573d-c0aabb75ba87" testName="DriverSettingsBusiness_PrepareAndValidateSettings_TwoSettings_Success (Data Row 10)" computerName="DKSR-EFI-06" duration="00:00:00.0321309" startTime="2024-01-09T15:42:32.2008497+01:00" endTime="2024-01-09T15:42:32.5446004+01:00" testType="13cdc9d9-ddb5-4fa4-a97d-d965ccfc6d4b" outcome="Passed" testListId="8c84fa94-04c1-424b-9868-57a2d4851a1d" relativeResultsDirectory="1c4784f3-a04c-4044-9023-565e5601f756" />
    <UnitTestResult executionId="cae381a8-014a-4296-bd79-5cd4b36ee908" testId="4e707089-aa15-46f9-2724-5d5ffbce578b" testName="GetCurrentProperties_WhenStopRuleIsRecurringTime_ReturnsEmptyList" computerName="DKSR-EFI-06" duration="00:00:00.0022175" startTime="2024-01-09T15:42:35.3883705+01:00" endTime="2024-01-09T15:42:35.4039909+01:00" testType="13cdc9d9-ddb5-4fa4-a97d-d965ccfc6d4b" outcome="Passed" testListId="8c84fa94-04c1-424b-9868-57a2d4851a1d" relativeResultsDirectory="cae381a8-014a-4296-bd79-5cd4b36ee908" />
    <UnitTestResult executionId="0dbc65f8-acf4-449f-a4b2-db59d37207e0" testId="27b7fe09-8574-90d8-2983-e1094a819c40" testName="SendCommandSecurityVisitor_UpdateConfigurationManagerCommand_Test" computerName="DKSR-EFI-06" duration="00:00:00.1955020" startTime="2024-01-09T15:42:22.6539649+01:00" endTime="2024-01-09T15:42:22.8570892+01:00" testType="13cdc9d9-ddb5-4fa4-a97d-d965ccfc6d4b" outcome="Passed" testListId="8c84fa94-04c1-424b-9868-57a2d4851a1d" relativeResultsDirectory="0dbc65f8-acf4-449f-a4b2-db59d37207e0" />
    <UnitTestResult executionId="a3fcdd01-642e-46b9-a657-1367647ae57d" testId="bc83b684-3c39-f713-594b-7b3a6ea46344" testName="GetCurrentProperties_WhenRuleTypeIsEvent_AllPropertiesArePresent__ReturnsAllProperties" computerName="DKSR-EFI-06" duration="00:00:00.0035190" startTime="2024-01-09T15:42:35.5289923+01:00" endTime="2024-01-09T15:42:35.5289923+01:00" testType="13cdc9d9-ddb5-4fa4-a97d-d965ccfc6d4b" outcome="Passed" testListId="8c84fa94-04c1-424b-9868-57a2d4851a1d" relativeResultsDirectory="a3fcdd01-642e-46b9-a657-1367647ae57d" />
    <UnitTestResult executionId="8042a74d-ef60-4e62-a5de-895d412c05ed" testId="a0b031bd-caaa-ff77-9ae7-faeb250db0ad" testName="AuthenticateUser_AuthenticationIsValid_ReturnsTrue" computerName="DKSR-EFI-06" duration="00:00:00.1306020" startTime="2024-01-09T15:42:44.7946570+01:00" endTime="2024-01-09T15:42:44.9196561+01:00" testType="13cdc9d9-ddb5-4fa4-a97d-d965ccfc6d4b" outcome="Passed" testListId="8c84fa94-04c1-424b-9868-57a2d4851a1d" relativeResultsDirectory="8042a74d-ef60-4e62-a5de-895d412c05ed" />
    <UnitTestResult executionId="3a42428b-55c7-4bc9-b8b6-2c0cbd2b0dd8" testId="10d5b32f-f098-cb64-d23d-9feed9003466" testName="Validate_WhenObjectExists_ReturnsTrue" computerName="DKSR-EFI-06" duration="00:00:00.0041152" startTime="2024-01-09T15:42:37.7321293+01:00" endTime="2024-01-09T15:42:37.7321293+01:00" testType="13cdc9d9-ddb5-4fa4-a97d-d965ccfc6d4b" outcome="Passed" testListId="8c84fa94-04c1-424b-9868-57a2d4851a1d" relativeResultsDirectory="3a42428b-55c7-4bc9-b8b6-2c0cbd2b0dd8" />
    <UnitTestResult executionId="365e80c8-1095-401f-894e-ec823d7d1c3d" testId="f0e20994-fde7-f80a-a955-8ea93df99b28" testName="Invoke_WhenSecondTime_GetsCustomFields" computerName="DKSR-EFI-06" duration="00:00:00.0143521" startTime="2024-01-09T15:42:41.2790211+01:00" endTime="2024-01-09T15:42:41.2946470+01:00" testType="13cdc9d9-ddb5-4fa4-a97d-d965ccfc6d4b" outcome="Passed" testListId="8c84fa94-04c1-424b-9868-57a2d4851a1d" relativeResultsDirectory="365e80c8-1095-401f-894e-ec823d7d1c3d" />
    <UnitTestResult executionId="ba0f9991-11dd-4977-92b9-e514bf872965" testId="d459f334-529c-cd18-802f-f98a42c20196" testName="InvokeMethod_ParamCheck_UnknownMethodIdTest" computerName="DKSR-EFI-06" duration="00:00:00.0009254" startTime="2024-01-09T15:42:41.7633956+01:00" endTime="2024-01-09T15:42:41.7633956+01:00" testType="13cdc9d9-ddb5-4fa4-a97d-d965ccfc6d4b" outcome="Passed" testListId="8c84fa94-04c1-424b-9868-57a2d4851a1d" relativeResultsDirectory="ba0f9991-11dd-4977-92b9-e514bf872965" />
    <UnitTestResult executionId="62ff2ba0-ae24-4879-a24e-25b2b9128df8" testId="1d5ad8a0-568c-9b12-aac8-6faea5cc6e31" testName="SendCommandSecurityVisitor_UpdateSecurityManagerCommand_SecurityPermissionsDevice_Microphone_Edit_Allowed" computerName="DKSR-EFI-06" duration="00:00:00.0237051" startTime="2024-01-09T15:42:21.1695876+01:00" endTime="2024-01-09T15:42:21.2008413+01:00" testType="13cdc9d9-ddb5-4fa4-a97d-d965ccfc6d4b" outcome="Passed" testListId="8c84fa94-04c1-424b-9868-57a2d4851a1d" relativeResultsDirectory="62ff2ba0-ae24-4879-a24e-25b2b9128df8" />
    <UnitTestResult executionId="9b690e4f-b25f-4883-91b5-437b1723ceaf" testId="3c375d24-a20b-2192-825e-413bebf60325" testName="Delete_ThrowsArgumentNullException_OnNullAsContext" computerName="DKSR-EFI-06" duration="00:00:00.0005119" startTime="2024-01-09T15:42:18.3884180+01:00" endTime="2024-01-09T15:42:18.3884180+01:00" testType="13cdc9d9-ddb5-4fa4-a97d-d965ccfc6d4b" outcome="Passed" testListId="8c84fa94-04c1-424b-9868-57a2d4851a1d" relativeResultsDirectory="9b690e4f-b25f-4883-91b5-437b1723ceaf" />
    <UnitTestResult executionId="9f0e7d04-9178-4502-bd23-3220ca00a299" testId="04a62be8-c92a-5a98-f907-f518945e331c" testName="Validate_WhenObjectNotExists_ReturnsFalse" computerName="DKSR-EFI-06" duration="00:00:00.0023932" startTime="2024-01-09T15:42:37.8727564+01:00" endTime="2024-01-09T15:42:37.8883796+01:00" testType="13cdc9d9-ddb5-4fa4-a97d-d965ccfc6d4b" outcome="Passed" testListId="8c84fa94-04c1-424b-9868-57a2d4851a1d" relativeResultsDirectory="9f0e7d04-9178-4502-bd23-3220ca00a299" />
    <UnitTestResult executionId="f7164e3b-1c7f-4974-8e6b-ecc17672996e" testId="d4e8a9b6-1e16-737d-e09b-8113ff8ec8a7" testName="GetXml_WhenActionIsGotoPreset_MatchesXml" computerName="DKSR-EFI-06" duration="00:00:00.0012770" startTime="2024-01-09T15:42:38.5446325+01:00" endTime="2024-01-09T15:42:38.5603026+01:00" testType="13cdc9d9-ddb5-4fa4-a97d-d965ccfc6d4b" outcome="Passed" testListId="8c84fa94-04c1-424b-9868-57a2d4851a1d" relativeResultsDirectory="f7164e3b-1c7f-4974-8e6b-ecc17672996e" />
    <UnitTestResult executionId="4d3905cb-90c4-47f0-9b7c-d115740a5795" testId="72c72516-1d9b-f18b-61b2-a2de76789bc9" testName="ConfigurationAPIExceptionUtilities_RemoveVmoMessagePrefix_Success" computerName="DKSR-EFI-06" duration="00:00:00.0034778" startTime="2024-01-09T15:42:33.3102294+01:00" endTime="2024-01-09T15:42:33.3102294+01:00" testType="13cdc9d9-ddb5-4fa4-a97d-d965ccfc6d4b" outcome="Passed" testListId="8c84fa94-04c1-424b-9868-57a2d4851a1d" relativeResultsDirectory="4d3905cb-90c4-47f0-9b7c-d115740a5795" />
    <UnitTestResult executionId="d70e5e93-8451-4ff1-a344-2fd959fcedb4" testId="e01b6b09-f0d4-bb22-5c50-1b121e18f12c" testName="Post_InitiateTask_CallInvalidTask_ExceptionThrown" computerName="DKSR-EFI-06" duration="00:00:00.0046197" startTime="2024-01-09T15:42:29.3258400+01:00" endTime="2024-01-09T15:42:29.3414643+01:00" testType="13cdc9d9-ddb5-4fa4-a97d-d965ccfc6d4b" outcome="Passed" testListId="8c84fa94-04c1-424b-9868-57a2d4851a1d" relativeResultsDirectory="d70e5e93-8451-4ff1-a344-2fd959fcedb4" />
    <UnitTestResult executionId="2d2a1985-3e64-431a-95c3-1afbfafbfa10" testId="0f35a510-0305-4c25-8ab5-bebc97a54e75" testName="SystemSettingsManager_HasSetting_True" computerName="DKSR-EFI-06" duration="00:00:00.0050692" startTime="2024-01-09T15:42:25.5758424+01:00" endTime="2024-01-09T15:42:25.5914637+01:00" testType="13cdc9d9-ddb5-4fa4-a97d-d965ccfc6d4b" outcome="Passed" testListId="8c84fa94-04c1-424b-9868-57a2d4851a1d" relativeResultsDirectory="2d2a1985-3e64-431a-95c3-1afbfafbfa10" />
    <UnitTestResult executionId="38822f8b-150d-480f-8e8d-14b8e2a097e4" testId="dc32939c-da36-b922-f8ca-ac7b0edade9f" testName="Test_Hierarchy_Root_User_Not_Allowed_Write" computerName="DKSR-EFI-06" duration="00:00:00.0007315" startTime="2024-01-09T15:42:18.6852102+01:00" endTime="2024-01-09T15:42:18.6852102+01:00" testType="13cdc9d9-ddb5-4fa4-a97d-d965ccfc6d4b" outcome="Passed" testListId="8c84fa94-04c1-424b-9868-57a2d4851a1d" relativeResultsDirectory="38822f8b-150d-480f-8e8d-14b8e2a097e4" />
    <UnitTestResult executionId="37d122b7-2378-40e1-b326-ebc567b6a5f3" testId="fd2a0fe9-81d6-fb82-463b-f6c41d34cf73" testName="GetNexProperties_WhenRuleTypeIsEvent_EventGroupNotPresent_ReturnsEventGroupProperty" computerName="DKSR-EFI-06" duration="00:00:00.0021240" startTime="2024-01-09T15:42:35.2321165+01:00" endTime="2024-01-09T15:42:35.2321165+01:00" testType="13cdc9d9-ddb5-4fa4-a97d-d965ccfc6d4b" outcome="Passed" testListId="8c84fa94-04c1-424b-9868-57a2d4851a1d" relativeResultsDirectory="37d122b7-2378-40e1-b326-ebc567b6a5f3" />
    <UnitTestResult executionId="14ff7613-b6fd-48fb-a7f2-5c592756d006" testId="2600574f-6a82-56b6-65e3-9f4a080299d3" testName="SetItem_InvalidPathTest" computerName="DKSR-EFI-06" duration="00:00:00.0014005" startTime="2024-01-09T15:42:41.1227692+01:00" endTime="2024-01-09T15:42:41.1227692+01:00" testType="13cdc9d9-ddb5-4fa4-a97d-d965ccfc6d4b" outcome="Passed" testListId="8c84fa94-04c1-424b-9868-57a2d4851a1d" relativeResultsDirectory="14ff7613-b6fd-48fb-a7f2-5c592756d006" />
    <UnitTestResult executionId="32c3e170-7267-47d9-ae4c-237412d80b1e" testId="2914802c-61a2-86f6-ad19-c9cd794017ae" testName="Post_InvokeMethod_ValidTaskOnConfigurationItem_UseIdAndChildResourceName" computerName="DKSR-EFI-06" duration="00:00:00.0117303" startTime="2024-01-09T15:42:29.3883390+01:00" endTime="2024-01-09T15:42:29.4039645+01:00" testType="13cdc9d9-ddb5-4fa4-a97d-d965ccfc6d4b" outcome="Passed" testListId="8c84fa94-04c1-424b-9868-57a2d4851a1d" relativeResultsDirectory="32c3e170-7267-47d9-ae4c-237412d80b1e" />
    <UnitTestResult executionId="5f6f6a17-5184-4f01-9975-4ce3b7be5702" testId="0570ff5e-3112-b718-bea8-83918cb80e80" testName="SidUtilityIsBuiltinAccountTest" computerName="DKSR-EFI-06" duration="00:00:00.0005276" startTime="2024-01-09T15:42:32.8727278+01:00" endTime="2024-01-09T15:42:32.8727278+01:00" testType="13cdc9d9-ddb5-4fa4-a97d-d965ccfc6d4b" outcome="Passed" testListId="8c84fa94-04c1-424b-9868-57a2d4851a1d" relativeResultsDirectory="5f6f6a17-5184-4f01-9975-4ce3b7be5702" />
    <UnitTestResult executionId="9e500d73-498e-481f-a9b3-876618e3d289" testId="89a37491-c432-e947-ff9d-9b583bea4d21" testName="IsComplete_WhenStopRuleIsNone_ReturnsTrue" computerName="DKSR-EFI-06" duration="00:00:00.0037716" startTime="2024-01-09T15:42:35.3727460+01:00" endTime="2024-01-09T15:42:35.3727460+01:00" testType="13cdc9d9-ddb5-4fa4-a97d-d965ccfc6d4b" outcome="Passed" testListId="8c84fa94-04c1-424b-9868-57a2d4851a1d" relativeResultsDirectory="9e500d73-498e-481f-a9b3-876618e3d289" />
    <UnitTestResult executionId="cc8cc0bb-2eac-4ab8-979d-41612ea096f0" testId="4720f406-86cf-5416-0884-5228fc7f8835" testName="GetNextProperties_WhenRecurring_AllPropertiesAreSet_ReturnsEmptyList" computerName="DKSR-EFI-06" duration="00:00:00.0021170" startTime="2024-01-09T15:42:35.0914908+01:00" endTime="2024-01-09T15:42:35.0914908+01:00" testType="13cdc9d9-ddb5-4fa4-a97d-d965ccfc6d4b" outcome="Passed" testListId="8c84fa94-04c1-424b-9868-57a2d4851a1d" relativeResultsDirectory="cc8cc0bb-2eac-4ab8-979d-41612ea096f0" />
    <UnitTestResult executionId="e9340850-ac26-453f-9860-784284677917" testId="0b54f5a4-5ab5-3dbe-bc2d-82c383b5fe55" testName="RetentionTimeRule_RuleActionAsync_TwoStorageCountersOneDataCollector_ForecastCalledOnesWithTwoStorages" computerName="DKSR-EFI-06" duration="00:00:00.0017587" startTime="2024-01-09T15:42:44.1696563+01:00" endTime="2024-01-09T15:42:44.1696563+01:00" testType="13cdc9d9-ddb5-4fa4-a97d-d965ccfc6d4b" outcome="Passed" testListId="8c84fa94-04c1-424b-9868-57a2d4851a1d" relativeResultsDirectory="e9340850-ac26-453f-9860-784284677917" />
    <UnitTestResult executionId="a4bc6212-15e1-4afa-8c2f-410759e4e872" testId="98635ce7-ddab-713a-ad80-cb571548b39e" testName="IsComplete_WhenNoBasicProperty_ReturnsFalse" computerName="DKSR-EFI-06" duration="00:00:00.0003401" startTime="2024-01-09T15:42:34.3258593+01:00" endTime="2024-01-09T15:42:34.3258593+01:00" testType="13cdc9d9-ddb5-4fa4-a97d-d965ccfc6d4b" outcome="Passed" testListId="8c84fa94-04c1-424b-9868-57a2d4851a1d" relativeResultsDirectory="a4bc6212-15e1-4afa-8c2f-410759e4e872" />
    <UnitTestResult executionId="454eba70-9b45-4436-9bac-6da60eed61c8" testId="e9c29d9f-19c9-19fc-e2d0-8a968b9a02db" testName="TryParseConditions_WhenFailoverActiveCondition_ReturnsTrue" computerName="DKSR-EFI-06" duration="00:00:00.0032103" startTime="2024-01-09T15:42:38.6852595+01:00" endTime="2024-01-09T15:42:38.6852595+01:00" testType="13cdc9d9-ddb5-4fa4-a97d-d965ccfc6d4b" outcome="Passed" testListId="8c84fa94-04c1-424b-9868-57a2d4851a1d" relativeResultsDirectory="454eba70-9b45-4436-9bac-6da60eed61c8" />
    <UnitTestResult executionId="5a8fef02-9055-491b-bad7-c9244a80c66c" testId="91e3e95c-3341-cd37-a9be-006adbb1bb43" testName="GetChildItems_InvalidPathTest" computerName="DKSR-EFI-06" duration="00:00:00.0007395" startTime="2024-01-09T15:42:41.5133964+01:00" endTime="2024-01-09T15:42:41.5133964+01:00" testType="13cdc9d9-ddb5-4fa4-a97d-d965ccfc6d4b" outcome="Passed" testListId="8c84fa94-04c1-424b-9868-57a2d4851a1d" relativeResultsDirectory="5a8fef02-9055-491b-bad7-c9244a80c66c" />
    <UnitTestResult executionId="9b0b1088-3de1-4360-b0ce-e47e9dadf2a0" testId="36375264-e3d2-9d0c-1431-e7b7e5bc1f36" testName="TestRootNotAllowedNoPermissions" computerName="DKSR-EFI-06" duration="00:00:00.0822776" startTime="2024-01-09T15:42:18.5758360+01:00" endTime="2024-01-09T15:42:18.6539601+01:00" testType="13cdc9d9-ddb5-4fa4-a97d-d965ccfc6d4b" outcome="Passed" testListId="8c84fa94-04c1-424b-9868-57a2d4851a1d" relativeResultsDirectory="9b0b1088-3de1-4360-b0ce-e47e9dadf2a0" />
    <UnitTestResult executionId="7ceb4e32-6eda-443c-a3ff-5897f20f4e92" testId="4745553d-98c8-c9e8-82c8-44b8f6d39cc9" testName="GetCurrentProperties_WhenRuleTypeIsEvent_EventSourcesNotPresent__ReturnsProperties" computerName="DKSR-EFI-06" duration="00:00:00.0027469" startTime="2024-01-09T15:42:35.2008657+01:00" endTime="2024-01-09T15:42:35.2008657+01:00" testType="13cdc9d9-ddb5-4fa4-a97d-d965ccfc6d4b" outcome="Passed" testListId="8c84fa94-04c1-424b-9868-57a2d4851a1d" relativeResultsDirectory="7ceb4e32-6eda-443c-a3ff-5897f20f4e92" />
    <UnitTestResult executionId="a6f0e513-14ad-4a5f-a57b-3511adf4d135" testId="da7253f3-138d-db02-c606-a1b6578cf3b2" testName="GetChildItems_WhenMatchListsNull_ReturnsEmptyList" computerName="DKSR-EFI-06" duration="00:00:00.0013061" startTime="2024-01-09T15:42:39.4196380+01:00" endTime="2024-01-09T15:42:39.4196380+01:00" testType="13cdc9d9-ddb5-4fa4-a97d-d965ccfc6d4b" outcome="Passed" testListId="8c84fa94-04c1-424b-9868-57a2d4851a1d" relativeResultsDirectory="a6f0e513-14ad-4a5f-a57b-3511adf4d135" />
    <UnitTestResult executionId="6e3d0e68-1a4f-460c-b04a-cea18a4f6123" testId="92bbf5f5-fe3f-b86c-5ba8-e98323b48818" testName="Build_WhenActionIsSaveImageAttachments_ReturnsRuleModel" computerName="DKSR-EFI-06" duration="00:00:00.0040511" startTime="2024-01-09T15:42:39.2008875+01:00" endTime="2024-01-09T15:42:39.2165119+01:00" testType="13cdc9d9-ddb5-4fa4-a97d-d965ccfc6d4b" outcome="Passed" testListId="8c84fa94-04c1-424b-9868-57a2d4851a1d" relativeResultsDirectory="6e3d0e68-1a4f-460c-b04a-cea18a4f6123" />
    <UnitTestResult executionId="6ec9c3e2-708d-429b-a934-c3b53a1e3879" testId="f440ce56-f31e-55f3-db08-e86a1f782b6a" testName="GetChildItems_WhenPathIsItem_ReturnsEmptyList" computerName="DKSR-EFI-06" duration="00:00:00.0005575" startTime="2024-01-09T15:42:39.4196380+01:00" endTime="2024-01-09T15:42:39.4196380+01:00" testType="13cdc9d9-ddb5-4fa4-a97d-d965ccfc6d4b" outcome="Passed" testListId="8c84fa94-04c1-424b-9868-57a2d4851a1d" relativeResultsDirectory="6ec9c3e2-708d-429b-a934-c3b53a1e3879" />
    <UnitTestResult executionId="8d1e9cf6-00ed-480d-bedc-81cd3ed6470c" testId="13d564d6-30b3-8bfd-7e9f-19999a7be3a4" testName="Post_UnknownResource_ExceptionNotCaught" computerName="DKSR-EFI-06" duration="00:00:00.0042507" startTime="2024-01-09T15:42:28.1383401+01:00" endTime="2024-01-09T15:42:28.1539642+01:00" testType="13cdc9d9-ddb5-4fa4-a97d-d965ccfc6d4b" outcome="Passed" testListId="8c84fa94-04c1-424b-9868-57a2d4851a1d" relativeResultsDirectory="8d1e9cf6-00ed-480d-bedc-81cd3ed6470c" />
    <UnitTestResult executionId="2b7b6d92-fc06-49cc-b010-46e795be992e" testId="5de45bf5-8df3-1e48-826f-e02fa4714de4" testName="ServerProxyService_GetHardwareByHardwareIds_NotAllowed_RowRemoved" computerName="DKSR-EFI-06" duration="00:00:00.0156736" startTime="2024-01-09T15:42:25.0758406+01:00" endTime="2024-01-09T15:42:25.0914643+01:00" testType="13cdc9d9-ddb5-4fa4-a97d-d965ccfc6d4b" outcome="Passed" testListId="8c84fa94-04c1-424b-9868-57a2d4851a1d" relativeResultsDirectory="2b7b6d92-fc06-49cc-b010-46e795be992e" />
    <UnitTestResult executionId="ffe7a08a-8749-4d4d-a977-9997428e04e9" testId="4160f687-8cc3-421e-77b4-0ecedb42d1a3" testName="GetXml_WhenRuleTypeIsEvent_MatchesXml" computerName="DKSR-EFI-06" duration="00:00:00.0031691" startTime="2024-01-09T15:42:38.9977599+01:00" endTime="2024-01-09T15:42:38.9977599+01:00" testType="13cdc9d9-ddb5-4fa4-a97d-d965ccfc6d4b" outcome="Passed" testListId="8c84fa94-04c1-424b-9868-57a2d4851a1d" relativeResultsDirectory="ffe7a08a-8749-4d4d-a977-9997428e04e9" />
    <UnitTestResult executionId="e8a55bd6-5af2-4e6d-a244-887f2a908875" testId="ff85d0fb-d32c-d815-ae32-855801f2bb8f" testName="Get_KnownResourceType_Data_NoTask_NoDefinition_ReturnsJsonOfObjectArray" computerName="DKSR-EFI-06" duration="00:00:00.0123947" startTime="2024-01-09T15:42:27.6383394+01:00" endTime="2024-01-09T15:42:27.6383394+01:00" testType="13cdc9d9-ddb5-4fa4-a97d-d965ccfc6d4b" outcome="Passed" testListId="8c84fa94-04c1-424b-9868-57a2d4851a1d" relativeResultsDirectory="e8a55bd6-5af2-4e6d-a244-887f2a908875" />
    <UnitTestResult executionId="2f80f5fa-5944-4b3e-a1ab-8be51a530904" testId="d43739c6-9008-827f-12e3-86bf2c84909a" testName="GetChildItems_EmptyRepositoryTest" computerName="DKSR-EFI-06" duration="00:00:00.0002558" startTime="2024-01-09T15:42:41.7321466+01:00" endTime="2024-01-09T15:42:41.7321466+01:00" testType="13cdc9d9-ddb5-4fa4-a97d-d965ccfc6d4b" outcome="Passed" testListId="8c84fa94-04c1-424b-9868-57a2d4851a1d" relativeResultsDirectory="2f80f5fa-5944-4b3e-a1ab-8be51a530904" />
    <UnitTestResult executionId="0937e711-cfe3-49f0-bc37-51fc4763ecb3" testId="665489a3-1a61-14b4-8ea2-b3543e5eeb6a" testName="IsComplete_WhenWithinWindowButNoWindowPropertySet_ReturnsFalse" computerName="DKSR-EFI-06" duration="00:00:00.0007237" startTime="2024-01-09T15:42:34.7633639+01:00" endTime="2024-01-09T15:42:34.7633639+01:00" testType="13cdc9d9-ddb5-4fa4-a97d-d965ccfc6d4b" outcome="Passed" testListId="8c84fa94-04c1-424b-9868-57a2d4851a1d" relativeResultsDirectory="0937e711-cfe3-49f0-bc37-51fc4763ecb3" />
    <UnitTestResult executionId="e274fc29-9dd4-47b1-bd04-880c8a7d9308" testId="809710c4-5be3-4ff2-4766-eb5e38f5d666" testName="Given_UrisAreSetupWithFqdn_When_QueryingTheWellKnownUris_Then_ResponseContainsTheUris" computerName="DKSR-EFI-06" duration="00:00:00.5622217" startTime="2024-01-09T15:42:28.1852142+01:00" endTime="2024-01-09T15:42:28.7477148+01:00" testType="13cdc9d9-ddb5-4fa4-a97d-d965ccfc6d4b" outcome="Passed" testListId="8c84fa94-04c1-424b-9868-57a2d4851a1d" relativeResultsDirectory="e274fc29-9dd4-47b1-bd04-880c8a7d9308" />
    <UnitTestResult executionId="d18425d5-b46a-4577-a2bb-ee45c906092b" testId="32831077-5b04-10bf-655c-2aaa5849156b" testName="GetNextProperties_WhenRuleTypeIsEvent_EventSourcesNotSet_ReturnsEventSourcesProperty" computerName="DKSR-EFI-06" duration="00:00:00.0027612" startTime="2024-01-09T15:42:35.2477425+01:00" endTime="2024-01-09T15:42:35.2477425+01:00" testType="13cdc9d9-ddb5-4fa4-a97d-d965ccfc6d4b" outcome="Passed" testListId="8c84fa94-04c1-424b-9868-57a2d4851a1d" relativeResultsDirectory="d18425d5-b46a-4577-a2bb-ee45c906092b" />
    <UnitTestResult executionId="18c8df4a-35d6-4e07-ae53-e12f847c42ef" testId="5bfa340d-3dad-8a67-9694-de3acecb13eb" testName="Validation_CheckBooleanStringValue_Throws" computerName="DKSR-EFI-06" duration="00:00:00.0008385" startTime="2024-01-09T15:42:26.2477162+01:00" endTime="2024-01-09T15:42:26.2477162+01:00" testType="13cdc9d9-ddb5-4fa4-a97d-d965ccfc6d4b" outcome="Passed" testListId="8c84fa94-04c1-424b-9868-57a2d4851a1d" relativeResultsDirectory="18c8df4a-35d6-4e07-ae53-e12f847c42ef" />
    <UnitTestResult executionId="6edb5a37-52ec-445c-bd77-54d337b1589b" testId="df59b623-0a1c-6630-320d-dea02ac82a6b" testName="CalculateRetentionTimeLimitHitSuccess" computerName="DKSR-EFI-06" duration="00:00:00.0129241" startTime="2024-01-09T15:42:43.3102774+01:00" endTime="2024-01-09T15:42:43.3258998+01:00" testType="13cdc9d9-ddb5-4fa4-a97d-d965ccfc6d4b" outcome="Passed" testListId="8c84fa94-04c1-424b-9868-57a2d4851a1d" relativeResultsDirectory="6edb5a37-52ec-445c-bd77-54d337b1589b" />
    <UnitTestResult executionId="dffe14d7-a112-48f7-b38d-f6ce38dba680" testId="eee96a98-faca-ed54-e0cb-5b3b21b8b5c6" testName="Build_StopSetRecordingFramerate_WhenParametersAreSet_ReturnsActionModel" computerName="DKSR-EFI-06" duration="00:00:00.0011805" startTime="2024-01-09T15:42:36.4039974+01:00" endTime="2024-01-09T15:42:36.4039974+01:00" testType="13cdc9d9-ddb5-4fa4-a97d-d965ccfc6d4b" outcome="Passed" testListId="8c84fa94-04c1-424b-9868-57a2d4851a1d" relativeResultsDirectory="dffe14d7-a112-48f7-b38d-f6ce38dba680" />
    <UnitTestResult executionId="04454d8c-2e43-43ce-b2b1-233da0531e37" testId="1eb498bb-1be1-8ebc-7c68-7c71cd5e9b22" testName="Build_SubDay_WhenOnceIsSet_TimeIsTimeSpan_ReturnsSubDayOnceModel" computerName="DKSR-EFI-06" duration="00:00:00.0087101" startTime="2024-01-09T15:42:36.6852505+01:00" endTime="2024-01-09T15:42:36.7008753+01:00" testType="13cdc9d9-ddb5-4fa4-a97d-d965ccfc6d4b" outcome="Passed" testListId="8c84fa94-04c1-424b-9868-57a2d4851a1d" relativeResultsDirectory="04454d8c-2e43-43ce-b2b1-233da0531e37" />
    <UnitTestResult executionId="d398818b-4743-4c86-9194-499d3eebe05f" testId="12eab1f9-44c0-87ee-8793-81b2f4cd32c0" testName="IsComplete_WhenNoRuleTypeProperty_ReturnsFalse" computerName="DKSR-EFI-06" duration="00:00:00.0014921" startTime="2024-01-09T15:42:35.4977425+01:00" endTime="2024-01-09T15:42:35.4977425+01:00" testType="13cdc9d9-ddb5-4fa4-a97d-d965ccfc6d4b" outcome="Passed" testListId="8c84fa94-04c1-424b-9868-57a2d4851a1d" relativeResultsDirectory="d398818b-4743-4c86-9194-499d3eebe05f" />
    <UnitTestResult executionId="92fff45c-a6c7-47a8-b6f2-06282e4c6bde" testId="37e1026d-d79c-c25c-b7f4-cc6e74166ce7" testName="IsComplete_WhenWithinTimeProfileWithEmptyProfilePropertiesSet_ReturnsFalse" computerName="DKSR-EFI-06" duration="00:00:00.0004492" startTime="2024-01-09T15:42:34.7321141+01:00" endTime="2024-01-09T15:42:34.7321141+01:00" testType="13cdc9d9-ddb5-4fa4-a97d-d965ccfc6d4b" outcome="Passed" testListId="8c84fa94-04c1-424b-9868-57a2d4851a1d" relativeResultsDirectory="92fff45c-a6c7-47a8-b6f2-06282e4c6bde" />
    <UnitTestResult executionId="3dad954d-1915-4c24-a6ec-6a4f70dcc7fd" testId="02545857-20f6-efdc-76b7-b9211256cd9f" testName="RoleMappingAddToRole1UsingLastModified" computerName="DKSR-EFI-06" duration="00:00:00.0007173" startTime="2024-01-09T15:42:19.0289633+01:00" endTime="2024-01-09T15:42:19.0289633+01:00" testType="13cdc9d9-ddb5-4fa4-a97d-d965ccfc6d4b" outcome="Passed" testListId="8c84fa94-04c1-424b-9868-57a2d4851a1d" relativeResultsDirectory="3dad954d-1915-4c24-a6ec-6a4f70dcc7fd" />
    <UnitTestResult executionId="dd8518a1-9632-4d31-aaca-105539f0effc" testId="58878065-4ca7-a43a-bbb2-b78738a14023" testName="SendCommandSecurityVisitor_UpdateConfigurationManagerCommand_Rule_Delete_Allowed" computerName="DKSR-EFI-06" duration="00:00:00.0300477" startTime="2024-01-09T15:42:24.4821312+01:00" endTime="2024-01-09T15:42:24.5133392+01:00" testType="13cdc9d9-ddb5-4fa4-a97d-d965ccfc6d4b" outcome="Passed" testListId="8c84fa94-04c1-424b-9868-57a2d4851a1d" relativeResultsDirectory="dd8518a1-9632-4d31-aaca-105539f0effc" />
    <UnitTestResult executionId="9396729b-a471-40c2-ae1a-7610ab4d2352" testId="6ef55884-3823-6b55-b063-0bf4c25ea7bf" testName="InvokeMethodAndSerialize_ThrowsException_WhenMethodUnknown" computerName="DKSR-EFI-06" duration="00:00:00.0024278" startTime="2024-01-09T15:42:28.9195897+01:00" endTime="2024-01-09T15:42:28.9195897+01:00" testType="13cdc9d9-ddb5-4fa4-a97d-d965ccfc6d4b" outcome="Passed" testListId="8c84fa94-04c1-424b-9868-57a2d4851a1d" relativeResultsDirectory="9396729b-a471-40c2-ae1a-7610ab4d2352" />
    <UnitTestResult executionId="ae5cce81-2f4a-4ec8-8938-84bde9b033ba" testId="ecb7fd03-aefc-446b-99db-f57c783748a4" testName="Build_WhenTimeProfileConditions_ReturnsTimeProfilePropertiesSet" computerName="DKSR-EFI-06" duration="00:00:00.0012259" startTime="2024-01-09T15:42:36.3571227+01:00" endTime="2024-01-09T15:42:36.3571227+01:00" testType="13cdc9d9-ddb5-4fa4-a97d-d965ccfc6d4b" outcome="Passed" testListId="8c84fa94-04c1-424b-9868-57a2d4851a1d" relativeResultsDirectory="ae5cce81-2f4a-4ec8-8938-84bde9b033ba" />
    <UnitTestResult executionId="b8d61d9b-0ddb-4500-8c9b-309017167125" testId="42819a01-7426-0f72-a9f1-3f2bca7df73a" testName="SendCommandSecurityVisitor_Ctor_RequestContext_Null_ArgumentNullException" computerName="DKSR-EFI-06" duration="00:00:00.1287827" startTime="2024-01-09T15:42:21.6227136+01:00" endTime="2024-01-09T15:42:21.7633400+01:00" testType="13cdc9d9-ddb5-4fa4-a97d-d965ccfc6d4b" outcome="Passed" testListId="8c84fa94-04c1-424b-9868-57a2d4851a1d" relativeResultsDirectory="b8d61d9b-0ddb-4500-8c9b-309017167125">
      <Output>
        <StdOut>Debug Trace:&#xD;
Fail: Argument null.</StdOut>
      </Output>
    </UnitTestResult>
    <UnitTestResult executionId="60377535-bb83-47dd-9169-440479cde329" testId="d800d0f7-4e07-b2af-edee-50e36821827b" testName="EnsureIsRunning_IdpExceptionThrown_IsConvertedToAuthorizationServerException" computerName="DKSR-EFI-06" duration="00:00:00.0075401" startTime="2024-01-09T15:42:30.2008408+01:00" endTime="2024-01-09T15:42:30.2164661+01:00" testType="13cdc9d9-ddb5-4fa4-a97d-d965ccfc6d4b" outcome="Passed" testListId="8c84fa94-04c1-424b-9868-57a2d4851a1d" relativeResultsDirectory="60377535-bb83-47dd-9169-440479cde329" />
    <UnitTestResult executionId="e7bd5123-ec17-49a1-87d3-2127ac3cbeb7" testId="1907583b-aad1-d95f-a20f-b0dc68ab00c7" testName="Validation_ValidateInt32_Smaller_Than_Min_ArgumentException" computerName="DKSR-EFI-06" duration="00:00:00.0006258" startTime="2024-01-09T15:42:25.7164647+01:00" endTime="2024-01-09T15:42:25.7320894+01:00" testType="13cdc9d9-ddb5-4fa4-a97d-d965ccfc6d4b" outcome="Passed" testListId="8c84fa94-04c1-424b-9868-57a2d4851a1d" relativeResultsDirectory="e7bd5123-ec17-49a1-87d3-2127ac3cbeb7" />
    <UnitTestResult executionId="6968944d-4f63-4407-aaa7-8d21f9f5409f" testId="023fdd70-6561-8ae5-1891-a6fdc2835144" testName="AsyncRetryExecutionCancellationRequestedTest" computerName="DKSR-EFI-06" duration="00:00:00.0081149" startTime="2024-01-09T15:42:43.2009021+01:00" endTime="2024-01-09T15:42:43.2165262+01:00" testType="13cdc9d9-ddb5-4fa4-a97d-d965ccfc6d4b" outcome="Passed" testListId="8c84fa94-04c1-424b-9868-57a2d4851a1d" relativeResultsDirectory="6968944d-4f63-4407-aaa7-8d21f9f5409f" />
    <UnitTestResult executionId="74ee0e12-5b02-438a-921c-438a8287714b" testId="e8397051-35e9-fcc0-0d64-66a51e43088d" testName="SetItem_ParamNullCheck_PathTest" computerName="DKSR-EFI-06" duration="00:00:00.0005094" startTime="2024-01-09T15:42:41.5446473+01:00" endTime="2024-01-09T15:42:41.5446473+01:00" testType="13cdc9d9-ddb5-4fa4-a97d-d965ccfc6d4b" outcome="Passed" testListId="8c84fa94-04c1-424b-9868-57a2d4851a1d" relativeResultsDirectory="74ee0e12-5b02-438a-921c-438a8287714b" />
    <UnitTestResult executionId="cf94110a-d72c-403d-a942-2de3ec1c73a1" testId="8d38e04a-2999-2522-adf7-b6255d78576b" testName="GetNextProperties_WhenNoRuleTypePresent_ReturnsRuleTypeProperty" computerName="DKSR-EFI-06" duration="00:00:00.0016529" startTime="2024-01-09T15:42:35.5758690+01:00" endTime="2024-01-09T15:42:35.5914949+01:00" testType="13cdc9d9-ddb5-4fa4-a97d-d965ccfc6d4b" outcome="Passed" testListId="8c84fa94-04c1-424b-9868-57a2d4851a1d" relativeResultsDirectory="cf94110a-d72c-403d-a942-2de3ec1c73a1" />
    <UnitTestResult executionId="4e227ebe-0afc-4f28-b6db-a7fc00967c34" testId="4f2a68bc-6299-9c27-b914-3523b5841c63" testName="SetItem_UnsupportedTest" computerName="DKSR-EFI-06" duration="00:00:00.0007408" startTime="2024-01-09T15:42:41.7477704+01:00" endTime="2024-01-09T15:42:41.7477704+01:00" testType="13cdc9d9-ddb5-4fa4-a97d-d965ccfc6d4b" outcome="Passed" testListId="8c84fa94-04c1-424b-9868-57a2d4851a1d" relativeResultsDirectory="4e227ebe-0afc-4f28-b6db-a7fc00967c34" />
    <UnitTestResult executionId="39ad6c4f-e157-4bee-9af5-2c1ab4f7fdb6" testId="5df4d592-2218-d063-dbb4-2839bef507c1" testName="InvokeMethod_AddAudioFile_ArgumentExceptionTest" computerName="DKSR-EFI-06" duration="00:00:00.0010743" startTime="2024-01-09T15:42:41.8102716+01:00" endTime="2024-01-09T15:42:41.8102716+01:00" testType="13cdc9d9-ddb5-4fa4-a97d-d965ccfc6d4b" outcome="Passed" testListId="8c84fa94-04c1-424b-9868-57a2d4851a1d" relativeResultsDirectory="39ad6c4f-e157-4bee-9af5-2c1ab4f7fdb6" />
    <UnitTestResult executionId="c04da030-22d2-41d5-9fa6-98df9ca66ac0" testId="7a7c7940-c9ff-8fef-2c0a-701619ce7870" testName="ServerProxyService_GetDeviceGroupMembersByDeviceGroupId_AllSpeakers_NotAllowed_RowRemoved" computerName="DKSR-EFI-06" duration="00:00:00.0179361" startTime="2024-01-09T15:42:25.2320880+01:00" endTime="2024-01-09T15:42:25.2477144+01:00" testType="13cdc9d9-ddb5-4fa4-a97d-d965ccfc6d4b" outcome="Passed" testListId="8c84fa94-04c1-424b-9868-57a2d4851a1d" relativeResultsDirectory="c04da030-22d2-41d5-9fa6-98df9ca66ac0" />
    <UnitTestResult executionId="84e0ef67-ec7b-412b-9e73-e8a307db1438" testId="76d29535-0937-cae7-54d7-75b6195d406f" testName="DeviceEvents_QueryEvents_Null_Path_Exception" computerName="DKSR-EFI-06" duration="00:00:00.0010329" startTime="2024-01-09T15:42:41.9352735+01:00" endTime="2024-01-09T15:42:41.9352735+01:00" testType="13cdc9d9-ddb5-4fa4-a97d-d965ccfc6d4b" outcome="Passed" testListId="8c84fa94-04c1-424b-9868-57a2d4851a1d" relativeResultsDirectory="84e0ef67-ec7b-412b-9e73-e8a307db1438" />
    <UnitTestResult executionId="8c55d641-85b9-48c5-a1e9-24a6e4a32e41" testId="fa115137-4769-6224-53a5-8c441760c9c3" testName="GetXml_WhenActionIsCreateLogEntry_MatchesXml" computerName="DKSR-EFI-06" duration="00:00:00.0005681" startTime="2024-01-09T15:42:38.6383836+01:00" endTime="2024-01-09T15:42:38.6383836+01:00" testType="13cdc9d9-ddb5-4fa4-a97d-d965ccfc6d4b" outcome="Passed" testListId="8c84fa94-04c1-424b-9868-57a2d4851a1d" relativeResultsDirectory="8c55d641-85b9-48c5-a1e9-24a6e4a32e41" />
    <UnitTestResult executionId="95f6a489-ebc8-43e6-85a6-af988f7d0d17" testId="80f53f78-518d-e2dc-3662-96e65c8eb364" testName="SendCommandSecurityVisitor_UpdateSecurityManagerCommand_TimeProfileDefaultRoleRelation_Add_Allowed" computerName="DKSR-EFI-06" duration="00:00:00.0236712" startTime="2024-01-09T15:42:21.5445889+01:00" endTime="2024-01-09T15:42:21.5758384+01:00" testType="13cdc9d9-ddb5-4fa4-a97d-d965ccfc6d4b" outcome="Passed" testListId="8c84fa94-04c1-424b-9868-57a2d4851a1d" relativeResultsDirectory="95f6a489-ebc8-43e6-85a6-af988f7d0d17" />
    <UnitTestResult executionId="23f184bb-bc23-49d8-87ae-0b5874679aa2" testId="72c8e6d5-5fe2-44af-39a9-54e2ef34b2c7" testName="IsComplete_WhenStopActionsHasValue_ParametersSetWithNoValue_ReturnsFalse" computerName="DKSR-EFI-06" duration="00:00:00.0012474" startTime="2024-01-09T15:42:35.2789917+01:00" endTime="2024-01-09T15:42:35.2789917+01:00" testType="13cdc9d9-ddb5-4fa4-a97d-d965ccfc6d4b" outcome="Passed" testListId="8c84fa94-04c1-424b-9868-57a2d4851a1d" relativeResultsDirectory="23f184bb-bc23-49d8-87ae-0b5874679aa2" />
    <UnitTestResult executionId="a7320d35-5e0f-4138-84ce-37d1ac9cc577" testId="13d7e310-dc60-54a8-f6f3-a2a47eb42c10" testName="DeviceMotionDetection_PopulateMotionDetectionSettings_Default_Values" computerName="DKSR-EFI-06" duration="00:00:00.0009307" startTime="2024-01-09T15:42:42.3102735+01:00" endTime="2024-01-09T15:42:42.3102735+01:00" testType="13cdc9d9-ddb5-4fa4-a97d-d965ccfc6d4b" outcome="Passed" testListId="8c84fa94-04c1-424b-9868-57a2d4851a1d" relativeResultsDirectory="a7320d35-5e0f-4138-84ce-37d1ac9cc577" />
    <UnitTestResult executionId="0b3cbf5d-bb55-49ec-9afc-c48a51d6fd3d" testId="de164a90-e10a-3066-3fe8-105ee9fa4f2d" testName="Validate_WhenEventSourceNotPtzAndPtzRequired_Fails" computerName="DKSR-EFI-06" duration="00:00:00.0150630" startTime="2024-01-09T15:42:37.5133841+01:00" endTime="2024-01-09T15:42:37.5290047+01:00" testType="13cdc9d9-ddb5-4fa4-a97d-d965ccfc6d4b" outcome="Passed" testListId="8c84fa94-04c1-424b-9868-57a2d4851a1d" relativeResultsDirectory="0b3cbf5d-bb55-49ec-9afc-c48a51d6fd3d" />
    <UnitTestResult executionId="6daf4404-025c-4247-849c-e406a4a411d0" testId="4c580ac1-5903-bb47-9472-ff3a0b345291" testName="GetCurrentProperties_WhenRecurring_FrequencyTypeSet_ReturnsStartRuleTypeAndFrequencyTypeProperties" computerName="DKSR-EFI-06" duration="00:00:00.0024341" startTime="2024-01-09T15:42:35.0446159+01:00" endTime="2024-01-09T15:42:35.0446159+01:00" testType="13cdc9d9-ddb5-4fa4-a97d-d965ccfc6d4b" outcome="Passed" testListId="8c84fa94-04c1-424b-9868-57a2d4851a1d" relativeResultsDirectory="6daf4404-025c-4247-849c-e406a4a411d0" />
    <UnitTestResult executionId="a85093f7-9556-442d-8f0a-4ad1d663e3e3" testId="97f802f7-182e-da21-e697-972e486f15e9" testName="Validation_ProcessTime_Success" computerName="DKSR-EFI-06" duration="00:00:00.0017479" startTime="2024-01-09T15:42:26.2008399+01:00" endTime="2024-01-09T15:42:26.2008399+01:00" testType="13cdc9d9-ddb5-4fa4-a97d-d965ccfc6d4b" outcome="Passed" testListId="8c84fa94-04c1-424b-9868-57a2d4851a1d" relativeResultsDirectory="a85093f7-9556-442d-8f0a-4ad1d663e3e3" />
    <UnitTestResult executionId="2860673c-1d7f-4db8-b4fe-89f3749256b3" testId="dc47e3d3-6ba5-9932-69fd-fb96285d6d86" testName="TaskTrucateDeviceStorageSecurityProvider_ValidatePermissions" computerName="DKSR-EFI-06" duration="00:00:00.0033379" startTime="2024-01-09T15:42:32.9664781+01:00" endTime="2024-01-09T15:42:32.9664781+01:00" testType="13cdc9d9-ddb5-4fa4-a97d-d965ccfc6d4b" outcome="Passed" testListId="8c84fa94-04c1-424b-9868-57a2d4851a1d" relativeResultsDirectory="2860673c-1d7f-4db8-b4fe-89f3749256b3" />
    <UnitTestResult executionId="9f500e76-de80-4092-b80d-620d5bd4182e" testId="f893917c-3e3d-b650-9013-9dce08e52a48" testName="ConfigurationItemPath_CreateItemPath_InvalidId_ArgumentException (Data Row 0)" computerName="DKSR-EFI-06" duration="00:00:00.0018465" startTime="2024-01-09T15:42:33.4664816+01:00" endTime="2024-01-09T15:42:33.4821078+01:00" testType="13cdc9d9-ddb5-4fa4-a97d-d965ccfc6d4b" outcome="Passed" testListId="8c84fa94-04c1-424b-9868-57a2d4851a1d" relativeResultsDirectory="9f500e76-de80-4092-b80d-620d5bd4182e">
      <Output>
        <StdOut>Debug Trace:&#xD;
Fail: Argument not a valid id</StdOut>
      </Output>
    </UnitTestResult>
    <UnitTestResult executionId="c52ab72c-a104-4bf4-8289-578c26f0c3b7" testId="b1c9380c-4eaa-cbbf-abce-f973b236c54f" testName="SetItem_SunnyDayTest" computerName="DKSR-EFI-06" duration="00:00:00.0019445" startTime="2024-01-09T15:42:41.5602721+01:00" endTime="2024-01-09T15:42:41.5602721+01:00" testType="13cdc9d9-ddb5-4fa4-a97d-d965ccfc6d4b" outcome="Passed" testListId="8c84fa94-04c1-424b-9868-57a2d4851a1d" relativeResultsDirectory="c52ab72c-a104-4bf4-8289-578c26f0c3b7" />
    <UnitTestResult executionId="2e54066b-3636-4f2f-a585-0fcf59a926e8" testId="a519bae2-17a5-c157-df36-0bc9d416770f" testName="InvokeMethod_RemoveAudioFile_GetParamsTest" computerName="DKSR-EFI-06" duration="00:00:00.0008318" startTime="2024-01-09T15:42:41.8102716+01:00" endTime="2024-01-09T15:42:41.8102716+01:00" testType="13cdc9d9-ddb5-4fa4-a97d-d965ccfc6d4b" outcome="Passed" testListId="8c84fa94-04c1-424b-9868-57a2d4851a1d" relativeResultsDirectory="2e54066b-3636-4f2f-a585-0fcf59a926e8" />
    <UnitTestResult executionId="c84e54cc-5a9c-48a6-8623-423abd434d99" testId="24f635a8-be15-d98d-2cf8-19863b1e85b4" testName="ErrorModel_SunnyDay_Test_WithConfigApiPath" computerName="DKSR-EFI-06" duration="00:00:00.0004910" startTime="2024-01-09T15:42:29.5133772+01:00" endTime="2024-01-09T15:42:29.5133772+01:00" testType="13cdc9d9-ddb5-4fa4-a97d-d965ccfc6d4b" outcome="Passed" testListId="8c84fa94-04c1-424b-9868-57a2d4851a1d" relativeResultsDirectory="c84e54cc-5a9c-48a6-8623-423abd434d99" />
    <UnitTestResult executionId="f28aa16b-9372-466e-91d5-6afaefc16534" testId="2c52d721-bb08-97d2-8ea2-d56fe66f459b" testName="ScheduledAction_StopSchedule_NoDisposeORCancel" computerName="DKSR-EFI-06" duration="00:00:00.0007018" startTime="2024-01-09T15:42:44.1071592+01:00" endTime="2024-01-09T15:42:44.1071592+01:00" testType="13cdc9d9-ddb5-4fa4-a97d-d965ccfc6d4b" outcome="Passed" testListId="8c84fa94-04c1-424b-9868-57a2d4851a1d" relativeResultsDirectory="f28aa16b-9372-466e-91d5-6afaefc16534" />
    <UnitTestResult executionId="bdf2bb63-fc4e-4d90-9b19-c79df68f54eb" testId="9e6028e3-828f-fb67-e61d-6a2e98f0efd9" testName="GetForecastSampleCountSuccess" computerName="DKSR-EFI-06" duration="00:00:00.0011166" startTime="2024-01-09T15:42:43.3258998+01:00" endTime="2024-01-09T15:42:43.3258998+01:00" testType="13cdc9d9-ddb5-4fa4-a97d-d965ccfc6d4b" outcome="Passed" testListId="8c84fa94-04c1-424b-9868-57a2d4851a1d" relativeResultsDirectory="bdf2bb63-fc4e-4d90-9b19-c79df68f54eb" />
    <UnitTestResult executionId="13eb7634-0dc6-4156-981f-c81263737108" testId="92563014-b897-d190-c427-e0d3ab3e9dd1" testName="SetItem_ParamNullCheck_RequestContextTest" computerName="DKSR-EFI-06" duration="00:00:00.0011759" startTime="2024-01-09T15:42:40.8415170+01:00" endTime="2024-01-09T15:42:40.8415170+01:00" testType="13cdc9d9-ddb5-4fa4-a97d-d965ccfc6d4b" outcome="Passed" testListId="8c84fa94-04c1-424b-9868-57a2d4851a1d" relativeResultsDirectory="13eb7634-0dc6-4156-981f-c81263737108" />
    <UnitTestResult executionId="c5e1dd9a-9224-4112-834f-e995632beda6" testId="0e1d6b3b-8a3e-b985-21f5-8d6d645ff8a0" testName="InvokeMethod_UpdateSearchTemplateInvokeInfo" computerName="DKSR-EFI-06" duration="00:00:00.0064084" startTime="2024-01-09T15:42:41.0133943+01:00" endTime="2024-01-09T15:42:41.0290207+01:00" testType="13cdc9d9-ddb5-4fa4-a97d-d965ccfc6d4b" outcome="Passed" testListId="8c84fa94-04c1-424b-9868-57a2d4851a1d" relativeResultsDirectory="c5e1dd9a-9224-4112-834f-e995632beda6" />
    <UnitTestResult executionId="82beef45-0239-4730-b39b-d94de3b969ad" testId="85dda198-98d8-3130-4f61-e5c5ed4e1ad5" testName="GetItem_SaveSearches" computerName="DKSR-EFI-06" duration="00:00:00.0031783" startTime="2024-01-09T15:42:41.0915595+01:00" endTime="2024-01-09T15:42:41.1071449+01:00" testType="13cdc9d9-ddb5-4fa4-a97d-d965ccfc6d4b" outcome="Passed" testListId="8c84fa94-04c1-424b-9868-57a2d4851a1d" relativeResultsDirectory="82beef45-0239-4730-b39b-d94de3b969ad" />
    <UnitTestResult executionId="f50da00e-3774-4052-a2f7-a130e706fdc9" testId="10dcf237-f40a-5536-2167-e93e517c79a7" testName="LoadSpecificItemChildItem_UseParentAndChildId" computerName="DKSR-EFI-06" duration="00:00:00.0064535" startTime="2024-01-09T15:42:29.4352153+01:00" endTime="2024-01-09T15:42:29.4352153+01:00" testType="13cdc9d9-ddb5-4fa4-a97d-d965ccfc6d4b" outcome="Passed" testListId="8c84fa94-04c1-424b-9868-57a2d4851a1d" relativeResultsDirectory="f50da00e-3774-4052-a2f7-a130e706fdc9" />
    <UnitTestResult executionId="9dc6ebd1-6ba4-4d9d-a6b6-51b6d49936d3" testId="d85e3224-0289-fb5d-180c-a030c86e33f9" testName="Build_WhenRecordOutsideTimeProfileRuleOnDeviceGroup_WithStopActions" computerName="DKSR-EFI-06" duration="00:00:00.0035202" startTime="2024-01-09T15:42:36.5446280+01:00" endTime="2024-01-09T15:42:36.5602497+01:00" testType="13cdc9d9-ddb5-4fa4-a97d-d965ccfc6d4b" outcome="Passed" testListId="8c84fa94-04c1-424b-9868-57a2d4851a1d" relativeResultsDirectory="9dc6ebd1-6ba4-4d9d-a6b6-51b6d49936d3" />
    <UnitTestResult executionId="1286df11-5b4e-44f6-b4fe-7aef51b1ed9b" testId="8886a0c6-d916-9f5c-3cda-032badca8c52" testName="SendCommandSecurityVisitor_UpdateConfigurationManagerCommand_Output_Add_NoSecurityCheck" computerName="DKSR-EFI-06" duration="00:00:00.1160497" startTime="2024-01-09T15:42:23.8102139+01:00" endTime="2024-01-09T15:42:23.9352139+01:00" testType="13cdc9d9-ddb5-4fa4-a97d-d965ccfc6d4b" outcome="Passed" testListId="8c84fa94-04c1-424b-9868-57a2d4851a1d" relativeResultsDirectory="1286df11-5b4e-44f6-b4fe-7aef51b1ed9b" />
    <UnitTestResult executionId="33aa907c-857c-4e73-bf0b-951cf03ce689" testId="2199058c-8239-d1e4-40d8-d1d748c6fe1f" testName="SendCommandSecurityVisitor_UpdateHardwareReadOnlySettingsCommand_NotSupportedException" computerName="DKSR-EFI-06" duration="00:00:00.0032844" startTime="2024-01-09T15:42:21.7633400+01:00" endTime="2024-01-09T15:42:21.7633400+01:00" testType="13cdc9d9-ddb5-4fa4-a97d-d965ccfc6d4b" outcome="Passed" testListId="8c84fa94-04c1-424b-9868-57a2d4851a1d" relativeResultsDirectory="33aa907c-857c-4e73-bf0b-951cf03ce689" />
    <UnitTestResult executionId="436aa10b-6ed5-4032-969f-901cbef370f6" testId="f85759c7-ec9b-69f6-11a2-0b0082f07eaa" testName="Validate_WhenValidDailyFrequency_ValidRecurringSubday_NoErrors" computerName="DKSR-EFI-06" duration="00:00:00.0007865" startTime="2024-01-09T15:42:37.0289991+01:00" endTime="2024-01-09T15:42:37.0289991+01:00" testType="13cdc9d9-ddb5-4fa4-a97d-d965ccfc6d4b" outcome="Passed" testListId="8c84fa94-04c1-424b-9868-57a2d4851a1d" relativeResultsDirectory="436aa10b-6ed5-4032-969f-901cbef370f6" />
    <UnitTestResult executionId="41b36a3d-fbf2-4d05-ba13-92e1eb1df48e" testId="eadbd2fa-f0e6-ba33-12b3-a621be7ceae0" testName="GetNextProperties_WhenRuleTypeIsEvent_EventSourcesNotSet_ReturnsEventSourcesProperty" computerName="DKSR-EFI-06" duration="00:00:00.0020468" startTime="2024-01-09T15:42:35.6071197+01:00" endTime="2024-01-09T15:42:35.6071197+01:00" testType="13cdc9d9-ddb5-4fa4-a97d-d965ccfc6d4b" outcome="Passed" testListId="8c84fa94-04c1-424b-9868-57a2d4851a1d" relativeResultsDirectory="41b36a3d-fbf2-4d05-ba13-92e1eb1df48e" />
    <UnitTestResult executionId="6d2975e5-3413-4573-b7cc-c94fecbd7f88" testId="95acd8d8-64d0-b7d1-82e1-f61ccd03dbb3" testName="IsComplete_WhenRecurring_WeeklyOnce_ReturnsTrue" computerName="DKSR-EFI-06" duration="00:00:00.0022204" startTime="2024-01-09T15:42:34.9977418+01:00" endTime="2024-01-09T15:42:34.9977418+01:00" testType="13cdc9d9-ddb5-4fa4-a97d-d965ccfc6d4b" outcome="Passed" testListId="8c84fa94-04c1-424b-9868-57a2d4851a1d" relativeResultsDirectory="6d2975e5-3413-4573-b7cc-c94fecbd7f88" />
    <UnitTestResult executionId="903c444c-e621-48ce-aa8c-c0c2599c1206" testId="9b1f03c9-249c-3437-d2b7-7c7aa796c402" testName="ConfigurationItemPath_Create_ItemPathSystemSid_Succes" computerName="DKSR-EFI-06" duration="00:00:00.0003837" startTime="2024-01-09T15:42:33.4039776+01:00" endTime="2024-01-09T15:42:33.4039776+01:00" testType="13cdc9d9-ddb5-4fa4-a97d-d965ccfc6d4b" outcome="Passed" testListId="8c84fa94-04c1-424b-9868-57a2d4851a1d" relativeResultsDirectory="903c444c-e621-48ce-aa8c-c0c2599c1206" />
    <UnitTestResult executionId="586ff3c1-b737-40aa-a76f-6e0bd9aad0ac" testId="2c13d365-41c7-ba5c-1bd2-b4ee3d7f80f8" testName="LoadSpecificItem_UsePath" computerName="DKSR-EFI-06" duration="00:00:00.0066952" startTime="2024-01-09T15:42:29.4039645+01:00" endTime="2024-01-09T15:42:29.4195893+01:00" testType="13cdc9d9-ddb5-4fa4-a97d-d965ccfc6d4b" outcome="Passed" testListId="8c84fa94-04c1-424b-9868-57a2d4851a1d" relativeResultsDirectory="586ff3c1-b737-40aa-a76f-6e0bd9aad0ac" />
    <UnitTestResult executionId="1f244c2a-35c3-46d5-834f-9d482f9946bb" testId="3e9733bb-fd32-742d-8fa2-3a6648fc43f5" testName="GetNextProperties_WhenEventStartRuleHasActionWithCounterAction_ReturnsProperties" computerName="DKSR-EFI-06" duration="00:00:00.0027560" startTime="2024-01-09T15:42:35.4352423+01:00" endTime="2024-01-09T15:42:35.4352423+01:00" testType="13cdc9d9-ddb5-4fa4-a97d-d965ccfc6d4b" outcome="Passed" testListId="8c84fa94-04c1-424b-9868-57a2d4851a1d" relativeResultsDirectory="1f244c2a-35c3-46d5-834f-9d482f9946bb" />
    <UnitTestResult executionId="0295b113-2408-4f7a-b47e-2be47b491f1a" testId="02a1f69a-e4c2-40fb-a190-6ea680d79b3f" testName="IsPropertySelected_WhenPropertyHasValueTrue_ReturnsTrue" computerName="DKSR-EFI-06" duration="00:00:00.0032894" startTime="2024-01-09T15:42:34.1227345+01:00" endTime="2024-01-09T15:42:34.1227345+01:00" testType="13cdc9d9-ddb5-4fa4-a97d-d965ccfc6d4b" outcome="Passed" testListId="8c84fa94-04c1-424b-9868-57a2d4851a1d" relativeResultsDirectory="0295b113-2408-4f7a-b47e-2be47b491f1a" />
    <UnitTestResult executionId="9c0c0d36-d5e6-47e9-9181-945c79439d34" testId="007c8420-500f-c1a2-3b37-05a5e5177188" testName="ConfigurationItemPath_Create_Null_ArgumentNullException" computerName="DKSR-EFI-06" duration="00:00:00.0036328" startTime="2024-01-09T15:42:33.4039776+01:00" endTime="2024-01-09T15:42:33.4196067+01:00" testType="13cdc9d9-ddb5-4fa4-a97d-d965ccfc6d4b" outcome="Passed" testListId="8c84fa94-04c1-424b-9868-57a2d4851a1d" relativeResultsDirectory="9c0c0d36-d5e6-47e9-9181-945c79439d34">
      <Output>
        <StdOut>Debug Trace:&#xD;
Fail: Argument null</StdOut>
      </Output>
    </UnitTestResult>
    <UnitTestResult executionId="a3eb7a79-2a1d-4b10-bd79-7d569b6d6365" testId="ce1712e8-9551-8c38-1cdf-d2c8e7269c47" testName="IsComplete_WhenRuleTypeIsEvent_EventRuleTypePropertiesSetButEmpty_ReturnsFalse" computerName="DKSR-EFI-06" duration="00:00:00.0015200" startTime="2024-01-09T15:42:35.5133694+01:00" endTime="2024-01-09T15:42:35.5133694+01:00" testType="13cdc9d9-ddb5-4fa4-a97d-d965ccfc6d4b" outcome="Passed" testListId="8c84fa94-04c1-424b-9868-57a2d4851a1d" relativeResultsDirectory="a3eb7a79-2a1d-4b10-bd79-7d569b6d6365" />
    <UnitTestResult executionId="56339801-d9b8-478c-9817-9b0e5e3b6ae2" testId="b92dd891-b082-b58e-f04b-9a250d5e2b31" testName="Validate_WhenConditionsIncludeTimeBetween_ReturnsError" computerName="DKSR-EFI-06" duration="00:00:00.0004773" startTime="2024-01-09T15:42:37.1383775+01:00" endTime="2024-01-09T15:42:37.1383775+01:00" testType="13cdc9d9-ddb5-4fa4-a97d-d965ccfc6d4b" outcome="Passed" testListId="8c84fa94-04c1-424b-9868-57a2d4851a1d" relativeResultsDirectory="56339801-d9b8-478c-9817-9b0e5e3b6ae2" />
    <UnitTestResult executionId="ed83386c-c614-4818-a2de-9b59565cd1ad" testId="d8104604-b83f-ec7d-8b88-b9585719aff8" testName="QuerySearchTemplate_Public_Allowed" computerName="DKSR-EFI-06" duration="00:00:00.0063236" startTime="2024-01-09T15:42:43.6852771+01:00" endTime="2024-01-09T15:42:43.6852771+01:00" testType="13cdc9d9-ddb5-4fa4-a97d-d965ccfc6d4b" outcome="Passed" testListId="8c84fa94-04c1-424b-9868-57a2d4851a1d" relativeResultsDirectory="ed83386c-c614-4818-a2de-9b59565cd1ad" />
    <UnitTestResult executionId="91e147a5-f19a-4bb5-91f3-4d3f9d13fb36" testId="36865ff3-6eb1-7d72-b930-fbbd9a6b44d5" testName="SendCommandSecurityVisitor_UpdateConfigurationManagerCommand_Hardware_Delete_Allowed" computerName="DKSR-EFI-06" duration="00:00:00.0172069" startTime="2024-01-09T15:42:23.4352174+01:00" endTime="2024-01-09T15:42:23.4508393+01:00" testType="13cdc9d9-ddb5-4fa4-a97d-d965ccfc6d4b" outcome="Passed" testListId="8c84fa94-04c1-424b-9868-57a2d4851a1d" relativeResultsDirectory="91e147a5-f19a-4bb5-91f3-4d3f9d13fb36" />
    <UnitTestResult executionId="f637104e-ef6d-47e2-ad50-f985a669ce29" testId="e6ff66fe-fcfe-2e34-f8c9-73d78915b79e" testName="ConstructSqlSelect_SunnyDay_DateTimeGreaterThan_NoMilliseconds" computerName="DKSR-EFI-06" duration="00:00:00.0003148" startTime="2024-01-09T15:42:33.7477315+01:00" endTime="2024-01-09T15:42:33.7633563+01:00" testType="13cdc9d9-ddb5-4fa4-a97d-d965ccfc6d4b" outcome="Passed" testListId="8c84fa94-04c1-424b-9868-57a2d4851a1d" relativeResultsDirectory="f637104e-ef6d-47e2-ad50-f985a669ce29" />
    <UnitTestResult executionId="9a79ddda-fa44-41b0-a764-d3f7489e39d5" testId="b0c1053c-3197-870d-af50-31ef850cb2bf" testName="TimeProfile_WhenIncorrectGuidFormat_Error" computerName="DKSR-EFI-06" duration="00:00:00.0079783" startTime="2024-01-09T15:42:36.7790004+01:00" endTime="2024-01-09T15:42:36.7946255+01:00" testType="13cdc9d9-ddb5-4fa4-a97d-d965ccfc6d4b" outcome="Passed" testListId="8c84fa94-04c1-424b-9868-57a2d4851a1d" relativeResultsDirectory="9a79ddda-fa44-41b0-a764-d3f7489e39d5" />
    <UnitTestResult executionId="93184655-bc5a-4cf0-999f-15a52f989612" testId="a5521c9c-aeb1-7252-3298-8b85400d4cb2" testName="Validate_WhenCurrentLayout_ReturnsTrue" computerName="DKSR-EFI-06" duration="00:00:00.0065188" startTime="2024-01-09T15:42:37.7633824+01:00" endTime="2024-01-09T15:42:37.7790064+01:00" testType="13cdc9d9-ddb5-4fa4-a97d-d965ccfc6d4b" outcome="Passed" testListId="8c84fa94-04c1-424b-9868-57a2d4851a1d" relativeResultsDirectory="93184655-bc5a-4cf0-999f-15a52f989612" />
    <UnitTestResult executionId="2c98ac1b-989c-4f22-aefd-307aab36467c" testId="4f367956-382a-f2e7-be6d-281ef265c019" testName="Validation_MotionDetectionHardwareAcceleration_Success" computerName="DKSR-EFI-06" duration="00:00:00.0018109" startTime="2024-01-09T15:42:26.1852175+01:00" endTime="2024-01-09T15:42:26.1852175+01:00" testType="13cdc9d9-ddb5-4fa4-a97d-d965ccfc6d4b" outcome="Passed" testListId="8c84fa94-04c1-424b-9868-57a2d4851a1d" relativeResultsDirectory="2c98ac1b-989c-4f22-aefd-307aab36467c" />
    <UnitTestResult executionId="4c778848-a1c5-41c8-a2a8-ce48abd77667" testId="f1928f03-d22d-ea16-5a8f-aa13537fbe84" testName="GetCurrentProperties_WhenTimeBetweenWithoutStartAndEndTimeIsSet_ReturnsProperty" computerName="DKSR-EFI-06" duration="00:00:00.0005146" startTime="2024-01-09T15:42:34.7946146+01:00" endTime="2024-01-09T15:42:34.7946146+01:00" testType="13cdc9d9-ddb5-4fa4-a97d-d965ccfc6d4b" outcome="Passed" testListId="8c84fa94-04c1-424b-9868-57a2d4851a1d" relativeResultsDirectory="4c778848-a1c5-41c8-a2a8-ce48abd77667" />
    <UnitTestResult executionId="2063784e-feba-4dda-ad1b-375c4ba0b88d" testId="61e44c5b-e9e0-18c4-3c69-2a2c6d751694" testName="Validate_WhenValueIsNotValid_ReturnsFalse" computerName="DKSR-EFI-06" duration="00:00:00.0006142" startTime="2024-01-09T15:42:37.8102561+01:00" endTime="2024-01-09T15:42:37.8102561+01:00" testType="13cdc9d9-ddb5-4fa4-a97d-d965ccfc6d4b" outcome="Passed" testListId="8c84fa94-04c1-424b-9868-57a2d4851a1d" relativeResultsDirectory="2063784e-feba-4dda-ad1b-375c4ba0b88d" />
    <UnitTestResult executionId="7e7e9bcc-005a-465b-b843-d6783a9131c3" testId="81f5b269-6a76-e67a-aa19-f79c5a7b7b34" testName="GetNextProperties_WhenNoPropertiesPresent_ReturnsOnlyActionsProperty" computerName="DKSR-EFI-06" duration="00:00:00.0007150" startTime="2024-01-09T15:42:35.3571193+01:00" endTime="2024-01-09T15:42:35.3571193+01:00" testType="13cdc9d9-ddb5-4fa4-a97d-d965ccfc6d4b" outcome="Passed" testListId="8c84fa94-04c1-424b-9868-57a2d4851a1d" relativeResultsDirectory="7e7e9bcc-005a-465b-b843-d6783a9131c3" />
    <UnitTestResult executionId="3f6c9be0-5b71-44c9-9178-7681743402f2" testId="21957f0b-0100-ff96-e53a-74e20449858b" testName="GetItem_InvalidPathTest" computerName="DKSR-EFI-06" duration="00:00:00.0008984" startTime="2024-01-09T15:42:40.8102721+01:00" endTime="2024-01-09T15:42:40.8258953+01:00" testType="13cdc9d9-ddb5-4fa4-a97d-d965ccfc6d4b" outcome="Passed" testListId="8c84fa94-04c1-424b-9868-57a2d4851a1d" relativeResultsDirectory="3f6c9be0-5b71-44c9-9178-7681743402f2" />
    <UnitTestResult executionId="db711d1b-1950-4273-8835-c942ca419f5d" testId="304c470e-8acb-42c7-4b40-cd1753bf0691" testName="Build_WhenTimerWithoutDelay_PropertyWithDefaultValueIsSet" computerName="DKSR-EFI-06" duration="00:00:00.0011960" startTime="2024-01-09T15:42:36.2164990+01:00" endTime="2024-01-09T15:42:36.2164990+01:00" testType="13cdc9d9-ddb5-4fa4-a97d-d965ccfc6d4b" outcome="Passed" testListId="8c84fa94-04c1-424b-9868-57a2d4851a1d" relativeResultsDirectory="db711d1b-1950-4273-8835-c942ca419f5d" />
    <UnitTestResult executionId="59ab0b64-7cda-42d5-8ee9-0373e0a5aa04" testId="bbb1e964-37f4-ae2b-250b-0d0a62a09821" testName="GetArrayOfItems_IncludeDisabledItems" computerName="DKSR-EFI-06" duration="00:00:00.0063954" startTime="2024-01-09T15:42:29.1539653+01:00" endTime="2024-01-09T15:42:29.1695901+01:00" testType="13cdc9d9-ddb5-4fa4-a97d-d965ccfc6d4b" outcome="Passed" testListId="8c84fa94-04c1-424b-9868-57a2d4851a1d" relativeResultsDirectory="59ab0b64-7cda-42d5-8ee9-0373e0a5aa04" />
    <UnitTestResult executionId="ce45f970-97cc-4165-a067-29c1a31b355b" testId="2c08fdb4-270a-09b5-b0b9-ab8f188a7084" testName="TestBuild_EventProperties_Correct" computerName="DKSR-EFI-06" duration="00:00:00.0034268" startTime="2024-01-09T15:42:41.3727704+01:00" endTime="2024-01-09T15:42:41.3727704+01:00" testType="13cdc9d9-ddb5-4fa4-a97d-d965ccfc6d4b" outcome="Passed" testListId="8c84fa94-04c1-424b-9868-57a2d4851a1d" relativeResultsDirectory="ce45f970-97cc-4165-a067-29c1a31b355b" />
    <UnitTestResult executionId="9bec6d95-de6f-4908-85dd-f35869d77660" testId="c24a2ce1-4203-3095-9893-5f736c946505" testName="GetItem_WrongId_Folder" computerName="DKSR-EFI-06" duration="00:00:00.0010291" startTime="2024-01-09T15:42:40.8415170+01:00" endTime="2024-01-09T15:42:40.8415170+01:00" testType="13cdc9d9-ddb5-4fa4-a97d-d965ccfc6d4b" outcome="Passed" testListId="8c84fa94-04c1-424b-9868-57a2d4851a1d" relativeResultsDirectory="9bec6d95-de6f-4908-85dd-f35869d77660" />
    <UnitTestResult executionId="02b5a26d-e0a8-44ad-836b-2924ce28db17" testId="f27bfe23-dc82-cec0-e5e5-253e23a10e83" testName="ChangePassword_UserNotFound_ThrowsBasicUserUpdateException" computerName="DKSR-EFI-06" duration="00:00:00.0031119" startTime="2024-01-09T15:42:33.1852308+01:00" endTime="2024-01-09T15:42:33.1852308+01:00" testType="13cdc9d9-ddb5-4fa4-a97d-d965ccfc6d4b" outcome="Passed" testListId="8c84fa94-04c1-424b-9868-57a2d4851a1d" relativeResultsDirectory="02b5a26d-e0a8-44ad-836b-2924ce28db17" />
    <UnitTestResult executionId="ad2c8b61-0154-4d22-9086-29d4380cc5d6" testId="f75834f3-77fe-f1dd-14d4-43f9890b6c92" testName="RetentionTimeRule_Dispose_Success" computerName="DKSR-EFI-06" duration="00:00:00.0016914" startTime="2024-01-09T15:42:44.1852796+01:00" endTime="2024-01-09T15:42:44.1852796+01:00" testType="13cdc9d9-ddb5-4fa4-a97d-d965ccfc6d4b" outcome="Passed" testListId="8c84fa94-04c1-424b-9868-57a2d4851a1d" relativeResultsDirectory="ad2c8b61-0154-4d22-9086-29d4380cc5d6" />
    <UnitTestResult executionId="31c00d06-f0e1-4914-8fa2-6dbf25c63715" testId="a3e3a31d-dd14-24ee-ae77-c09ab3b3c171" testName="InterpolateSuccess" computerName="DKSR-EFI-06" duration="00:00:00.0014444" startTime="2024-01-09T15:42:43.3415258+01:00" endTime="2024-01-09T15:42:43.3415258+01:00" testType="13cdc9d9-ddb5-4fa4-a97d-d965ccfc6d4b" outcome="Passed" testListId="8c84fa94-04c1-424b-9868-57a2d4851a1d" relativeResultsDirectory="31c00d06-f0e1-4914-8fa2-6dbf25c63715" />
    <UnitTestResult executionId="8fe7140b-6acf-49dc-bed7-ece2ee8d797a" testId="806e13d7-7f5a-bb0c-7b08-0d878a1eee98" testName="UpdateMotionDetectionValidation_Success" computerName="DKSR-EFI-06" duration="00:00:00.0009909" startTime="2024-01-09T15:42:42.3727747+01:00" endTime="2024-01-09T15:42:42.3727747+01:00" testType="13cdc9d9-ddb5-4fa4-a97d-d965ccfc6d4b" outcome="Passed" testListId="8c84fa94-04c1-424b-9868-57a2d4851a1d" relativeResultsDirectory="8fe7140b-6acf-49dc-bed7-ece2ee8d797a" />
    <UnitTestResult executionId="9e4d9b7b-c168-4d02-a6a6-dc052f7dc1e6" testId="df83e642-ef7a-5b15-6e82-7c973fd509f0" testName="AuthenticateUser_AuthenticationValueIsInvalid_ReturnsFalse" computerName="DKSR-EFI-06" duration="00:00:00.0005930" startTime="2024-01-09T15:42:44.7790311+01:00" endTime="2024-01-09T15:42:44.7946570+01:00" testType="13cdc9d9-ddb5-4fa4-a97d-d965ccfc6d4b" outcome="Passed" testListId="8c84fa94-04c1-424b-9868-57a2d4851a1d" relativeResultsDirectory="9e4d9b7b-c168-4d02-a6a6-dc052f7dc1e6" />
    <UnitTestResult executionId="0af145a3-ece4-40ea-b9f8-55e703598830" testId="4e08639a-3111-138a-ca8e-a1a91dfa9686" testName="Build_SendSNMPTrap_ReturnsActionModel" computerName="DKSR-EFI-06" duration="00:00:00.0006781" startTime="2024-01-09T15:42:36.4196256+01:00" endTime="2024-01-09T15:42:36.4196256+01:00" testType="13cdc9d9-ddb5-4fa4-a97d-d965ccfc6d4b" outcome="Passed" testListId="8c84fa94-04c1-424b-9868-57a2d4851a1d" relativeResultsDirectory="0af145a3-ece4-40ea-b9f8-55e703598830" />
    <UnitTestResult executionId="1bfb5976-2ff7-4c47-a625-20d0c8c0c085" testId="a2ec5e43-da21-a2d7-91a1-7b86b1e26f15" testName="Put_InvalidJsonInBody_ExceptionNotCaught" computerName="DKSR-EFI-06" duration="00:00:00.0403068" startTime="2024-01-09T15:42:27.9977141+01:00" endTime="2024-01-09T15:42:28.0445889+01:00" testType="13cdc9d9-ddb5-4fa4-a97d-d965ccfc6d4b" outcome="Passed" testListId="8c84fa94-04c1-424b-9868-57a2d4851a1d" relativeResultsDirectory="1bfb5976-2ff7-4c47-a625-20d0c8c0c085" />
    <UnitTestResult executionId="eb8d8ba4-745f-40e7-b6ca-77dc6246d999" testId="f9e2ee66-3952-8ba3-8f75-f9657d118e24" testName="SendCommandSecurityVisitor_UpdateHardwareDriverCommand_NotSupportedException" computerName="DKSR-EFI-06" duration="00:00:00.0036086" startTime="2024-01-09T15:42:21.8414622+01:00" endTime="2024-01-09T15:42:21.8572581+01:00" testType="13cdc9d9-ddb5-4fa4-a97d-d965ccfc6d4b" outcome="Passed" testListId="8c84fa94-04c1-424b-9868-57a2d4851a1d" relativeResultsDirectory="eb8d8ba4-745f-40e7-b6ca-77dc6246d999" />
    <UnitTestResult executionId="b550a321-d1fc-4269-b9db-857c13a5da8a" testId="6fa801ac-e9c9-ed30-cde3-7b19b693d053" testName="Delete_SystemPath" computerName="DKSR-EFI-06" duration="00:00:00.0496625" startTime="2024-01-09T15:42:29.1852142+01:00" endTime="2024-01-09T15:42:29.2477141+01:00" testType="13cdc9d9-ddb5-4fa4-a97d-d965ccfc6d4b" outcome="Passed" testListId="8c84fa94-04c1-424b-9868-57a2d4851a1d" relativeResultsDirectory="b550a321-d1fc-4269-b9db-857c13a5da8a" />
    <UnitTestResult executionId="f7f3619e-418b-42ea-ad12-b7c7a938e5f7" testId="671a3e99-cce4-0283-5d9b-8349fde808c8" testName="ValidateItem_ParamNullCheck_ConfigurationItemTest" computerName="DKSR-EFI-06" duration="00:00:00.0005659" startTime="2024-01-09T15:42:41.6071457+01:00" endTime="2024-01-09T15:42:41.6071457+01:00" testType="13cdc9d9-ddb5-4fa4-a97d-d965ccfc6d4b" outcome="Passed" testListId="8c84fa94-04c1-424b-9868-57a2d4851a1d" relativeResultsDirectory="f7f3619e-418b-42ea-ad12-b7c7a938e5f7" />
    <UnitTestResult executionId="70b64884-b24d-4e9a-adfd-26f1ca018925" testId="bb196570-563e-2bf5-d7e5-7a1297e1b021" testName="Link_SunnyDay_Test" computerName="DKSR-EFI-06" duration="00:00:00.0002625" startTime="2024-01-09T15:42:29.5133772+01:00" endTime="2024-01-09T15:42:29.5133772+01:00" testType="13cdc9d9-ddb5-4fa4-a97d-d965ccfc6d4b" outcome="Passed" testListId="8c84fa94-04c1-424b-9868-57a2d4851a1d" relativeResultsDirectory="70b64884-b24d-4e9a-adfd-26f1ca018925" />
    <UnitTestResult executionId="ea0ab174-d76b-4606-9345-f6255a68606f" testId="b973da1a-2e42-fe55-9475-2d140e6e0854" testName="DriverSettingsBusiness_PrepareAndValidateSettings_Success (Data Row 7)" computerName="DKSR-EFI-06" duration="00:00:00.0309027" startTime="2024-01-09T15:42:30.2633401+01:00" endTime="2024-01-09T15:42:32.2008497+01:00" testType="13cdc9d9-ddb5-4fa4-a97d-d965ccfc6d4b" outcome="Passed" testListId="8c84fa94-04c1-424b-9868-57a2d4851a1d" relativeResultsDirectory="ea0ab174-d76b-4606-9345-f6255a68606f" />
    <UnitTestResult executionId="ccd40c51-d349-4dae-bfbb-995b3d70f467" testId="a71df97d-1022-6dfb-20d5-3a229cb10f74" testName="SendCommandSecurityVisitor_UpdateConfigurationManagerCommand_Rule_Add_Allowed" computerName="DKSR-EFI-06" duration="00:00:00.0162034" startTime="2024-01-09T15:42:24.4352136+01:00" endTime="2024-01-09T15:42:24.4508393+01:00" testType="13cdc9d9-ddb5-4fa4-a97d-d965ccfc6d4b" outcome="Passed" testListId="8c84fa94-04c1-424b-9868-57a2d4851a1d" relativeResultsDirectory="ccd40c51-d349-4dae-bfbb-995b3d70f467" />
    <UnitTestResult executionId="09bdb410-8267-48bb-8dd5-01d913f3c12a" testId="f4e4fb38-343b-f373-c033-f4cdf91a6708" testName="LookupChildArray_Succeeds_WhenChildItemTypeNotTaskFolderAndNoParameters" computerName="DKSR-EFI-06" duration="00:00:00.0085636" startTime="2024-01-09T15:42:29.0133404+01:00" endTime="2024-01-09T15:42:29.0289650+01:00" testType="13cdc9d9-ddb5-4fa4-a97d-d965ccfc6d4b" outcome="Passed" testListId="8c84fa94-04c1-424b-9868-57a2d4851a1d" relativeResultsDirectory="09bdb410-8267-48bb-8dd5-01d913f3c12a" />
    <UnitTestResult executionId="4392d290-db19-463d-b00a-455c459cb6df" testId="7b8610e6-6402-0c06-7bee-800a5c56eca0" testName="SendCommandSecurityVisitor_UpdateConfigurationManagerCommand_DeviceLinks_Add_Allowed" computerName="DKSR-EFI-06" duration="00:00:00.0218655" startTime="2024-01-09T15:42:23.4508393+01:00" endTime="2024-01-09T15:42:23.4820884+01:00" testType="13cdc9d9-ddb5-4fa4-a97d-d965ccfc6d4b" outcome="Passed" testListId="8c84fa94-04c1-424b-9868-57a2d4851a1d" relativeResultsDirectory="4392d290-db19-463d-b00a-455c459cb6df" />
    <UnitTestResult executionId="9e26d321-edaf-44b0-80c8-b3ae3b0a90bd" testId="06a9b067-71b5-445f-1788-be2869f14116" testName="GetPropertyValue_WhenValueAllowed_ReturnsConvertedValue" computerName="DKSR-EFI-06" duration="00:00:00.0014912" startTime="2024-01-09T15:42:34.1852375+01:00" endTime="2024-01-09T15:42:34.1852375+01:00" testType="13cdc9d9-ddb5-4fa4-a97d-d965ccfc6d4b" outcome="Passed" testListId="8c84fa94-04c1-424b-9868-57a2d4851a1d" relativeResultsDirectory="9e26d321-edaf-44b0-80c8-b3ae3b0a90bd" />
    <UnitTestResult executionId="0e9743d0-a0d8-4583-b071-e8bb40bf71d3" testId="e3a31864-1a20-eb0e-2dc9-a849278b307b" testName="Get_KnownResource_ItemFound_NotNoData_NotTasks_NotPerformingTask_NotResources_NotDefinition_ReturnsItem" computerName="DKSR-EFI-06" duration="00:00:00.0320356" startTime="2024-01-09T15:42:27.7320899+01:00" endTime="2024-01-09T15:42:27.7633404+01:00" testType="13cdc9d9-ddb5-4fa4-a97d-d965ccfc6d4b" outcome="Passed" testListId="8c84fa94-04c1-424b-9868-57a2d4851a1d" relativeResultsDirectory="0e9743d0-a0d8-4583-b071-e8bb40bf71d3" />
    <UnitTestResult executionId="eb3eafcf-62d8-4b48-9449-311f1d0f334c" testId="ff904aab-2e36-bc58-acf3-09219699357a" testName="GetItemType_WhenServerExists_ReturnsCorrectItemType" computerName="DKSR-EFI-06" duration="00:00:00.0030426" startTime="2024-01-09T15:42:38.0290069+01:00" endTime="2024-01-09T15:42:38.0446320+01:00" testType="13cdc9d9-ddb5-4fa4-a97d-d965ccfc6d4b" outcome="Passed" testListId="8c84fa94-04c1-424b-9868-57a2d4851a1d" relativeResultsDirectory="eb3eafcf-62d8-4b48-9449-311f1d0f334c" />
    <UnitTestResult executionId="aa539d82-5427-4dae-85b4-7b6f96466d34" testId="06ddb6d8-1bc4-5094-ec94-57474a3a37c1" testName="ConstructSqlSelect_Injection_ValueText" computerName="DKSR-EFI-06" duration="00:00:00.0003294" startTime="2024-01-09T15:42:33.7789819+01:00" endTime="2024-01-09T15:42:33.7789819+01:00" testType="13cdc9d9-ddb5-4fa4-a97d-d965ccfc6d4b" outcome="Passed" testListId="8c84fa94-04c1-424b-9868-57a2d4851a1d" relativeResultsDirectory="aa539d82-5427-4dae-85b4-7b6f96466d34" />
    <UnitTestResult executionId="ba7c3b0c-0de4-4cba-a2e4-751e2d8ca5aa" testId="66e86e11-aa6f-d6de-573d-c0aabb75ba87" testName="DriverSettingsBusiness_PrepareAndValidateSettings_TwoSettings_Success (Data Row 5)" computerName="DKSR-EFI-06" duration="00:00:00.0264252" startTime="2024-01-09T15:42:32.2008497+01:00" endTime="2024-01-09T15:42:32.5446004+01:00" testType="13cdc9d9-ddb5-4fa4-a97d-d965ccfc6d4b" outcome="Passed" testListId="8c84fa94-04c1-424b-9868-57a2d4851a1d" relativeResultsDirectory="ba7c3b0c-0de4-4cba-a2e4-751e2d8ca5aa" />
    <UnitTestResult executionId="49c926f9-e18f-4dc8-a21d-86a52d2ebb17" testId="a949552e-cfe4-f302-32c7-fbbb656dea42" testName="Validate_WhenTimerStopRuleHasZeroDelay_Error" computerName="DKSR-EFI-06" duration="00:00:00.0009234" startTime="2024-01-09T15:42:37.5758809+01:00" endTime="2024-01-09T15:42:37.5758809+01:00" testType="13cdc9d9-ddb5-4fa4-a97d-d965ccfc6d4b" outcome="Passed" testListId="8c84fa94-04c1-424b-9868-57a2d4851a1d" relativeResultsDirectory="49c926f9-e18f-4dc8-a21d-86a52d2ebb17" />
    <UnitTestResult executionId="35f01920-4edf-40a1-b2c3-a0bd50683ce0" testId="1adf8519-e7a8-3b9e-6ed8-fe1eff8db34b" testName="IsComplete_WhenTimeBetweenWithStartTimeButNotEndTimePropertiesSet_ReturnsFalse" computerName="DKSR-EFI-06" duration="00:00:00.0004413" startTime="2024-01-09T15:42:34.7633639+01:00" endTime="2024-01-09T15:42:34.7633639+01:00" testType="13cdc9d9-ddb5-4fa4-a97d-d965ccfc6d4b" outcome="Passed" testListId="8c84fa94-04c1-424b-9868-57a2d4851a1d" relativeResultsDirectory="35f01920-4edf-40a1-b2c3-a0bd50683ce0" />
    <UnitTestResult executionId="d64b444c-00a9-4944-83e8-ebd4185c2799" testId="e66f7be5-010d-4169-65aa-10d3894a1256" testName="FindClosestNode_Two_Childs_With_Childs_Test" computerName="DKSR-EFI-06" duration="00:00:00.0006651" startTime="2024-01-09T15:42:18.5602094+01:00" endTime="2024-01-09T15:42:18.5758360+01:00" testType="13cdc9d9-ddb5-4fa4-a97d-d965ccfc6d4b" outcome="Passed" testListId="8c84fa94-04c1-424b-9868-57a2d4851a1d" relativeResultsDirectory="d64b444c-00a9-4944-83e8-ebd4185c2799" />
    <UnitTestResult executionId="5566ab0c-8587-40bc-97d0-3c283c76de45" testId="973eb2b3-4d49-1050-ad8a-5287c1ddf2b2" testName="Build_WithinTimeProfile_WhenTimeProfileIsFalse_TimeProfileIdIsNull_ReturnsNoConditions" computerName="DKSR-EFI-06" duration="00:00:00.0002877" startTime="2024-01-09T15:42:36.6383744+01:00" endTime="2024-01-09T15:42:36.6383744+01:00" testType="13cdc9d9-ddb5-4fa4-a97d-d965ccfc6d4b" outcome="Passed" testListId="8c84fa94-04c1-424b-9868-57a2d4851a1d" relativeResultsDirectory="5566ab0c-8587-40bc-97d0-3c283c76de45" />
    <UnitTestResult executionId="1019781c-3d90-46be-bb3a-ba2fa9dab9fe" testId="ee7b4efd-0725-3244-fffc-163917780612" testName="GetNextProperties_WhenTimeIntervalStartRuleHasActionWithNoCounterAction_ReturnsProperties" computerName="DKSR-EFI-06" duration="00:00:00.0029878" startTime="2024-01-09T15:42:35.4508702+01:00" endTime="2024-01-09T15:42:35.4508702+01:00" testType="13cdc9d9-ddb5-4fa4-a97d-d965ccfc6d4b" outcome="Passed" testListId="8c84fa94-04c1-424b-9868-57a2d4851a1d" relativeResultsDirectory="1019781c-3d90-46be-bb3a-ba2fa9dab9fe" />
    <UnitTestResult executionId="9578c906-2d78-4a91-bd83-5790127e72ec" testId="d4cd2e51-846d-0ade-e00d-be95fb581fd0" testName="ServerProxyService_GetConfigurationDataSetTables_DeviceLinks_AllAllowed_NotFiltered" computerName="DKSR-EFI-06" duration="00:00:00.0122959" startTime="2024-01-09T15:42:25.5602143+01:00" endTime="2024-01-09T15:42:25.5758424+01:00" testType="13cdc9d9-ddb5-4fa4-a97d-d965ccfc6d4b" outcome="Passed" testListId="8c84fa94-04c1-424b-9868-57a2d4851a1d" relativeResultsDirectory="9578c906-2d78-4a91-bd83-5790127e72ec" />
    <UnitTestResult executionId="e61f1094-aaf2-4380-b672-c4a600613518" testId="109f1090-2c37-11e4-42b0-be8428a5c6de" testName="Validate_WhenValidWeeklyFrequency_ValidOnceSubday_NoErrors" computerName="DKSR-EFI-06" duration="00:00:00.0017851" startTime="2024-01-09T15:42:37.0446248+01:00" endTime="2024-01-09T15:42:37.0446248+01:00" testType="13cdc9d9-ddb5-4fa4-a97d-d965ccfc6d4b" outcome="Passed" testListId="8c84fa94-04c1-424b-9868-57a2d4851a1d" relativeResultsDirectory="e61f1094-aaf2-4380-b672-c4a600613518" />
    <UnitTestResult executionId="fbc7bdf9-212a-4df9-83cf-d8308f7a15b3" testId="600cd0a0-1a72-04d6-1c58-c9cfb3ad7b77" testName="Post_InvokeMethod_ValidTaskOnConfigurationItem_ConfigApiResourceUsed" computerName="DKSR-EFI-06" duration="00:00:00.0086564" startTime="2024-01-09T15:42:29.3727151+01:00" endTime="2024-01-09T15:42:29.3727151+01:00" testType="13cdc9d9-ddb5-4fa4-a97d-d965ccfc6d4b" outcome="Passed" testListId="8c84fa94-04c1-424b-9868-57a2d4851a1d" relativeResultsDirectory="fbc7bdf9-212a-4df9-83cf-d8308f7a15b3" />
    <UnitTestResult executionId="89dd38a2-9a43-44e8-9246-15adcf5fd686" testId="c9ab10f1-a00c-ea01-8e24-c53ff68b1e8d" testName="Build_WhenGroupTypeIsNotFound_ReturnsTrue" computerName="DKSR-EFI-06" duration="00:00:00.0019139" startTime="2024-01-09T15:42:38.9821345+01:00" endTime="2024-01-09T15:42:38.9821345+01:00" testType="13cdc9d9-ddb5-4fa4-a97d-d965ccfc6d4b" outcome="Passed" testListId="8c84fa94-04c1-424b-9868-57a2d4851a1d" relativeResultsDirectory="89dd38a2-9a43-44e8-9246-15adcf5fd686" />
    <UnitTestResult executionId="dc364ac0-5dae-4310-9627-f2ad79d33d02" testId="82974a20-75a7-1695-2803-eced5a9a6746" testName="ConfigurationItemPathBuilder_Create_FolderPath_Succes" computerName="DKSR-EFI-06" duration="00:00:00.0013678" startTime="2024-01-09T15:42:33.3571055+01:00" endTime="2024-01-09T15:42:33.3571055+01:00" testType="13cdc9d9-ddb5-4fa4-a97d-d965ccfc6d4b" outcome="Passed" testListId="8c84fa94-04c1-424b-9868-57a2d4851a1d" relativeResultsDirectory="dc364ac0-5dae-4310-9627-f2ad79d33d02" />
    <UnitTestResult executionId="490af37c-84a9-4456-b435-4e405b670415" testId="95f6a83a-9dd3-6b15-4aee-5eb848ca7c92" testName="GetEventSourceData_ReturnsCorrectItemTypesAndFilters" computerName="DKSR-EFI-06" duration="00:00:00.0242640" startTime="2024-01-09T15:42:34.2165152+01:00" endTime="2024-01-09T15:42:34.2478292+01:00" testType="13cdc9d9-ddb5-4fa4-a97d-d965ccfc6d4b" outcome="Passed" testListId="8c84fa94-04c1-424b-9868-57a2d4851a1d" relativeResultsDirectory="490af37c-84a9-4456-b435-4e405b670415" />
    <UnitTestResult executionId="d168c2ce-c129-4c03-a3d8-a54201ae1bea" testId="f338bf3f-1566-b65e-7579-fcffe2b72d70" testName="Methods_Format_Correct" computerName="DKSR-EFI-06" duration="00:00:00.0004254" startTime="2024-01-09T15:42:29.4820893+01:00" endTime="2024-01-09T15:42:29.4820893+01:00" testType="13cdc9d9-ddb5-4fa4-a97d-d965ccfc6d4b" outcome="Passed" testListId="8c84fa94-04c1-424b-9868-57a2d4851a1d" relativeResultsDirectory="d168c2ce-c129-4c03-a3d8-a54201ae1bea" />
    <UnitTestResult executionId="6ed6308f-bd57-43c7-ad2a-7c6ae732282f" testId="746bf3a2-9b05-7d5a-2ef4-122a8097ac80" testName="ErrorModel_SunnyDay_Test_WithCode" computerName="DKSR-EFI-06" duration="00:00:00.0004084" startTime="2024-01-09T15:42:29.5133772+01:00" endTime="2024-01-09T15:42:29.5133772+01:00" testType="13cdc9d9-ddb5-4fa4-a97d-d965ccfc6d4b" outcome="Passed" testListId="8c84fa94-04c1-424b-9868-57a2d4851a1d" relativeResultsDirectory="6ed6308f-bd57-43c7-ad2a-7c6ae732282f" />
    <UnitTestResult executionId="9519bf52-79f2-452e-832b-c687d3253f75" testId="d7114e29-bd08-8b2f-56c5-c00e5cae6e91" testName="ClientVersionHandling_CheckSmartClientVersion_FIPS_NewClient" computerName="DKSR-EFI-06" duration="00:00:00.0005596" startTime="2024-01-09T15:42:20.5445878+01:00" endTime="2024-01-09T15:42:20.5602145+01:00" testType="13cdc9d9-ddb5-4fa4-a97d-d965ccfc6d4b" outcome="Passed" testListId="8c84fa94-04c1-424b-9868-57a2d4851a1d" relativeResultsDirectory="9519bf52-79f2-452e-832b-c687d3253f75" />
    <UnitTestResult executionId="097fe5ce-afd2-4561-87a9-76979aa6ade8" testId="b250f3aa-3f7b-1173-ca11-6c811faffe16" testName="Build_WhenNoRuleStopPropertiesSet_StopRuleIsEmpty" computerName="DKSR-EFI-06" duration="00:00:00.0018847" startTime="2024-01-09T15:42:36.5602497+01:00" endTime="2024-01-09T15:42:36.5602497+01:00" testType="13cdc9d9-ddb5-4fa4-a97d-d965ccfc6d4b" outcome="Passed" testListId="8c84fa94-04c1-424b-9868-57a2d4851a1d" relativeResultsDirectory="097fe5ce-afd2-4561-87a9-76979aa6ade8" />
    <UnitTestResult executionId="46c52ce0-6db4-427e-9780-a5be31404cb6" testId="d8921411-89fb-ea5d-9f92-134d0d71930c" testName="ChangePassword_MethodCalled_CorrectMethodIsCalledOnIdpAdministrationClient" computerName="DKSR-EFI-06" duration="00:00:00.0050919" startTime="2024-01-09T15:42:33.1852308+01:00" endTime="2024-01-09T15:42:33.1852308+01:00" testType="13cdc9d9-ddb5-4fa4-a97d-d965ccfc6d4b" outcome="Passed" testListId="8c84fa94-04c1-424b-9868-57a2d4851a1d" relativeResultsDirectory="46c52ce0-6db4-427e-9780-a5be31404cb6" />
    <UnitTestResult executionId="001974d8-c157-4a2c-8cae-6a0a50715854" testId="3aeea82f-e8e2-ed4c-2b46-340083c12c03" testName="ClientProfileLegacyEncryptionHelper_Encrypt" computerName="DKSR-EFI-06" duration="00:00:00.0293491" startTime="2024-01-09T15:42:44.2009033+01:00" endTime="2024-01-09T15:42:44.2321546+01:00" testType="13cdc9d9-ddb5-4fa4-a97d-d965ccfc6d4b" outcome="Passed" testListId="8c84fa94-04c1-424b-9868-57a2d4851a1d" relativeResultsDirectory="001974d8-c157-4a2c-8cae-6a0a50715854" />
    <UnitTestResult executionId="059f226e-64cd-4e79-b973-d1a5521fdc9e" testId="a25e2306-170d-a765-854a-5b0ce3eb6961" testName="DeviceStreams_UpdateStream_OnlyUseMediaAfter_UpdatePrimary_SetToNow" computerName="DKSR-EFI-06" duration="00:00:00.0123508" startTime="2024-01-09T15:42:42.5758980+01:00" endTime="2024-01-09T15:42:42.5758980+01:00" testType="13cdc9d9-ddb5-4fa4-a97d-d965ccfc6d4b" outcome="Passed" testListId="8c84fa94-04c1-424b-9868-57a2d4851a1d" relativeResultsDirectory="059f226e-64cd-4e79-b973-d1a5521fdc9e" />
    <UnitTestResult executionId="3739e3fe-a7dd-4f53-879c-3f10ce4bb358" testId="9634a042-c6f1-d70d-02ab-f3a7dd0e4afb" testName="Build_WhenRuleTypeOfStopRuleIsTimer_ReturnsNull" computerName="DKSR-EFI-06" duration="00:00:00.0004324" startTime="2024-01-09T15:42:39.1227631+01:00" endTime="2024-01-09T15:42:39.1227631+01:00" testType="13cdc9d9-ddb5-4fa4-a97d-d965ccfc6d4b" outcome="Passed" testListId="8c84fa94-04c1-424b-9868-57a2d4851a1d" relativeResultsDirectory="3739e3fe-a7dd-4f53-879c-3f10ce4bb358" />
    <UnitTestResult executionId="20547a4f-3731-4ec8-a7a6-bccb4493cb39" testId="fa75e582-58d1-49ca-68f8-e4276047185e" testName="Invoke_WhenNameUniquenessFails_PropagatesException" computerName="DKSR-EFI-06" duration="00:00:00.0041841" startTime="2024-01-09T15:42:41.2165212+01:00" endTime="2024-01-09T15:42:41.2165212+01:00" testType="13cdc9d9-ddb5-4fa4-a97d-d965ccfc6d4b" outcome="Passed" testListId="8c84fa94-04c1-424b-9868-57a2d4851a1d" relativeResultsDirectory="20547a4f-3731-4ec8-a7a6-bccb4493cb39" />
    <UnitTestResult executionId="8cd381ff-89c0-49d0-827e-2d19178b95b9" testId="758ed1bf-0c9d-a72f-fc9a-541f76e509da" testName="InvokeMethod_AddAudioFile_EmptyId_SunnyDay_Test" computerName="DKSR-EFI-06" duration="00:00:00.0011849" startTime="2024-01-09T15:42:41.7946449+01:00" endTime="2024-01-09T15:42:41.7946449+01:00" testType="13cdc9d9-ddb5-4fa4-a97d-d965ccfc6d4b" outcome="Passed" testListId="8c84fa94-04c1-424b-9868-57a2d4851a1d" relativeResultsDirectory="8cd381ff-89c0-49d0-827e-2d19178b95b9" />
    <UnitTestResult executionId="f7ea74f0-5aa4-4b05-8cf4-3eed775a2a7c" testId="c4674c1f-3b4f-6bc5-c77f-a2d00c6d42c2" testName="GetCurrentProperties_WhenRecurring_FrequencySetWithProperties_DailyFrequencySetWithProperties_ReturnsAllPropertiesSet" computerName="DKSR-EFI-06" duration="00:00:00.0029003" startTime="2024-01-09T15:42:35.0602413+01:00" endTime="2024-01-09T15:42:35.0602413+01:00" testType="13cdc9d9-ddb5-4fa4-a97d-d965ccfc6d4b" outcome="Passed" testListId="8c84fa94-04c1-424b-9868-57a2d4851a1d" relativeResultsDirectory="f7ea74f0-5aa4-4b05-8cf4-3eed775a2a7c" />
    <UnitTestResult executionId="8bb37d4d-78be-4c72-8afa-a93c308e7697" testId="70def5bb-f991-ffe7-0ee7-c66d4ba6fce3" testName="Invoke_StopAutoActivationLicense_SunnyDay" computerName="DKSR-EFI-06" duration="00:00:00.0147535" startTime="2024-01-09T15:42:40.7165235+01:00" endTime="2024-01-09T15:42:40.7321426+01:00" testType="13cdc9d9-ddb5-4fa4-a97d-d965ccfc6d4b" outcome="Passed" testListId="8c84fa94-04c1-424b-9868-57a2d4851a1d" relativeResultsDirectory="8bb37d4d-78be-4c72-8afa-a93c308e7697" />
    <UnitTestResult executionId="039c7e2b-ffed-4ac5-a532-2df2ecc4c24a" testId="e7d87946-98fd-8bd0-4b99-6ffdde3ed969" testName="IsComplete_WhenWithinTimeProfileWithTimeProfilePropertiesSet_ReturnsTrue" computerName="DKSR-EFI-06" duration="00:00:00.0005344" startTime="2024-01-09T15:42:34.7321141+01:00" endTime="2024-01-09T15:42:34.7321141+01:00" testType="13cdc9d9-ddb5-4fa4-a97d-d965ccfc6d4b" outcome="Passed" testListId="8c84fa94-04c1-424b-9868-57a2d4851a1d" relativeResultsDirectory="039c7e2b-ffed-4ac5-a532-2df2ecc4c24a" />
    <UnitTestResult executionId="ed5fb2cc-a185-45ea-a163-136363907376" testId="627d9e36-e03f-4380-99f0-803662e08283" testName="GetCurrentProperties_WhenRecurring_FrequencyTypeSet_DailyFrequencyTypeSet_IgnoresDailyFrequency" computerName="DKSR-EFI-06" duration="00:00:00.0021841" startTime="2024-01-09T15:42:35.0446159+01:00" endTime="2024-01-09T15:42:35.0446159+01:00" testType="13cdc9d9-ddb5-4fa4-a97d-d965ccfc6d4b" outcome="Passed" testListId="8c84fa94-04c1-424b-9868-57a2d4851a1d" relativeResultsDirectory="ed5fb2cc-a185-45ea-a163-136363907376" />
    <UnitTestResult executionId="7b82cb37-8196-46ef-8ef9-7396dc590ed7" testId="ebaee34d-dbc5-1e0c-d43a-1f0b6cbb65b7" testName="ClientProfileEncryptionHelper_Encrypt" computerName="DKSR-EFI-06" duration="00:00:00.0047487" startTime="2024-01-09T15:42:44.1852796+01:00" endTime="2024-01-09T15:42:44.2009033+01:00" testType="13cdc9d9-ddb5-4fa4-a97d-d965ccfc6d4b" outcome="Passed" testListId="8c84fa94-04c1-424b-9868-57a2d4851a1d" relativeResultsDirectory="7b82cb37-8196-46ef-8ef9-7396dc590ed7" />
    <UnitTestResult executionId="ba204f14-52aa-4707-a342-6ac83d3749b0" testId="bc5c77f6-a200-63cf-5324-493d3e23a065" testName="RetentionTimeConfigurationProvider_ReturnsNullData" computerName="DKSR-EFI-06" duration="00:00:00.0059771" startTime="2024-01-09T15:42:44.1227810+01:00" endTime="2024-01-09T15:42:44.1227810+01:00" testType="13cdc9d9-ddb5-4fa4-a97d-d965ccfc6d4b" outcome="Passed" testListId="8c84fa94-04c1-424b-9868-57a2d4851a1d" relativeResultsDirectory="ba204f14-52aa-4707-a342-6ac83d3749b0" />
    <UnitTestResult executionId="ae8ef608-82e0-4b77-b809-8e8d026c6bec" testId="949571d3-2016-ec51-2090-575574477cd3" testName="Validate_WhenStartPartDoesNotRequireCounteraction_NoError" computerName="DKSR-EFI-06" duration="00:00:00.0033761" startTime="2024-01-09T15:42:36.7477507+01:00" endTime="2024-01-09T15:42:36.7633756+01:00" testType="13cdc9d9-ddb5-4fa4-a97d-d965ccfc6d4b" outcome="Passed" testListId="8c84fa94-04c1-424b-9868-57a2d4851a1d" relativeResultsDirectory="ae8ef608-82e0-4b77-b809-8e8d026c6bec" />
    <UnitTestResult executionId="966edfef-4959-47d0-a27f-c35dfe9bc534" testId="8f515268-6ec9-f4bd-7560-63d80f7f971a" testName="GetNextProperties_WhenTimeIntervalStartRuleHasInvalidAction_ReturnsProperties" computerName="DKSR-EFI-06" duration="00:00:00.0024411" startTime="2024-01-09T15:42:35.4508702+01:00" endTime="2024-01-09T15:42:35.4508702+01:00" testType="13cdc9d9-ddb5-4fa4-a97d-d965ccfc6d4b" outcome="Passed" testListId="8c84fa94-04c1-424b-9868-57a2d4851a1d" relativeResultsDirectory="966edfef-4959-47d0-a27f-c35dfe9bc534" />
    <UnitTestResult executionId="9eb3264d-7ef6-44fd-a78d-55cb1306e1ab" testId="6cdaa707-74da-09ce-bde9-ec40c332d047" testName="ConstructSqlSelect_WrongOperator_IntBeginsWith" computerName="DKSR-EFI-06" duration="00:00:00.0006846" startTime="2024-01-09T15:42:33.7321076+01:00" endTime="2024-01-09T15:42:33.7477315+01:00" testType="13cdc9d9-ddb5-4fa4-a97d-d965ccfc6d4b" outcome="Passed" testListId="8c84fa94-04c1-424b-9868-57a2d4851a1d" relativeResultsDirectory="9eb3264d-7ef6-44fd-a78d-55cb1306e1ab" />
    <UnitTestResult executionId="fafe3a68-6e19-4279-9337-0a16b600f000" testId="f8a4ee16-b1b6-f502-8e82-764a64ab681d" testName="CalculateForecastLinearSucces" computerName="DKSR-EFI-06" duration="00:00:00.0011383" startTime="2024-01-09T15:42:43.3258998+01:00" endTime="2024-01-09T15:42:43.3258998+01:00" testType="13cdc9d9-ddb5-4fa4-a97d-d965ccfc6d4b" outcome="Passed" testListId="8c84fa94-04c1-424b-9868-57a2d4851a1d" relativeResultsDirectory="fafe3a68-6e19-4279-9337-0a16b600f000" />
    <UnitTestResult executionId="f25917e0-e200-444d-84c1-3ae0dfa05e70" testId="71818072-84c7-0964-88fe-ceddfcf27a81" testName="InvokeMethod_ParamNullCheck_PathTest" computerName="DKSR-EFI-06" duration="00:00:00.0005854" startTime="2024-01-09T15:42:41.6383951+01:00" endTime="2024-01-09T15:42:41.6383951+01:00" testType="13cdc9d9-ddb5-4fa4-a97d-d965ccfc6d4b" outcome="Passed" testListId="8c84fa94-04c1-424b-9868-57a2d4851a1d" relativeResultsDirectory="f25917e0-e200-444d-84c1-3ae0dfa05e70" />
    <UnitTestResult executionId="80610733-2893-4380-8e05-cd4b5d414b0e" testId="e5046627-bcf4-6c17-3343-c882230da9b1" testName="GetItem_ParamNullCheck2" computerName="DKSR-EFI-06" duration="00:00:00.0009476" startTime="2024-01-09T15:42:39.5915117+01:00" endTime="2024-01-09T15:42:39.5915117+01:00" testType="13cdc9d9-ddb5-4fa4-a97d-d965ccfc6d4b" outcome="Passed" testListId="8c84fa94-04c1-424b-9868-57a2d4851a1d" relativeResultsDirectory="80610733-2893-4380-8e05-cd4b5d414b0e" />
    <UnitTestResult executionId="921b1465-0342-4f87-a274-2e94dc445417" testId="68aa6394-f828-d414-47a2-25572bb76438" testName="Validate_WhenDeviceActionButGuidIsNull_Error" computerName="DKSR-EFI-06" duration="00:00:00.0021574" startTime="2024-01-09T15:42:37.5290047+01:00" endTime="2024-01-09T15:42:37.5290047+01:00" testType="13cdc9d9-ddb5-4fa4-a97d-d965ccfc6d4b" outcome="Passed" testListId="8c84fa94-04c1-424b-9868-57a2d4851a1d" relativeResultsDirectory="921b1465-0342-4f87-a274-2e94dc445417" />
    <UnitTestResult executionId="8130ba84-d21f-4777-bc50-536ffd42e297" testId="e4f7af82-0951-a71c-7205-caa5bd46a135" testName="GetChildItems_ParamNullCheck_RequestContextTest" computerName="DKSR-EFI-06" duration="00:00:00.0061446" startTime="2024-01-09T15:42:39.5602681+01:00" endTime="2024-01-09T15:42:39.5602681+01:00" testType="13cdc9d9-ddb5-4fa4-a97d-d965ccfc6d4b" outcome="Passed" testListId="8c84fa94-04c1-424b-9868-57a2d4851a1d" relativeResultsDirectory="8130ba84-d21f-4777-bc50-536ffd42e297" />
    <UnitTestResult executionId="c7a7fd98-9dff-41dc-91cb-f8b8ac3a95dc" testId="68200616-7d59-c385-899d-66a61c8a0ecf" testName="DeviceEvents_GetDeviceHwid_Success" computerName="DKSR-EFI-06" duration="00:00:00.0015924" startTime="2024-01-09T15:42:42.2633989+01:00" endTime="2024-01-09T15:42:42.2633989+01:00" testType="13cdc9d9-ddb5-4fa4-a97d-d965ccfc6d4b" outcome="Passed" testListId="8c84fa94-04c1-424b-9868-57a2d4851a1d" relativeResultsDirectory="c7a7fd98-9dff-41dc-91cb-f8b8ac3a95dc" />
    <UnitTestResult executionId="aef2cfc8-3ee7-47ef-9f26-5e689ba378b7" testId="58aa4997-d484-b60d-b5ff-0e7938bc3521" testName="Validation_MotionDetectionMethod_Is_Null_ArgumentOutOfRangeExceptionExpected" computerName="DKSR-EFI-06" duration="00:00:00.0004880" startTime="2024-01-09T15:42:26.1852175+01:00" endTime="2024-01-09T15:42:26.1852175+01:00" testType="13cdc9d9-ddb5-4fa4-a97d-d965ccfc6d4b" outcome="Passed" testListId="8c84fa94-04c1-424b-9868-57a2d4851a1d" relativeResultsDirectory="aef2cfc8-3ee7-47ef-9f26-5e689ba378b7" />
    <UnitTestResult executionId="4ce743a2-939b-403f-ba69-b7bc6940188b" testId="25c14658-4d1f-e578-a06b-e6d70a3f480a" testName="GetItem_InvalidPathTest" computerName="DKSR-EFI-06" duration="00:00:00.0005854" startTime="2024-01-09T15:42:41.4508958+01:00" endTime="2024-01-09T15:42:41.4508958+01:00" testType="13cdc9d9-ddb5-4fa4-a97d-d965ccfc6d4b" outcome="Passed" testListId="8c84fa94-04c1-424b-9868-57a2d4851a1d" relativeResultsDirectory="4ce743a2-939b-403f-ba69-b7bc6940188b" />
    <UnitTestResult executionId="b081fe3e-e0e3-4dad-8f4f-7f5bfb7dcce6" testId="4c282ba6-5bdf-a08c-24e8-05508d7c5d5b" testName="ConfigurationItemPath_CreateFolderPath3Strings_FolderNull_ArgumentNullException" computerName="DKSR-EFI-06" duration="00:00:00.0005959" startTime="2024-01-09T15:42:33.5133555+01:00" endTime="2024-01-09T15:42:33.5133555+01:00" testType="13cdc9d9-ddb5-4fa4-a97d-d965ccfc6d4b" outcome="Passed" testListId="8c84fa94-04c1-424b-9868-57a2d4851a1d" relativeResultsDirectory="b081fe3e-e0e3-4dad-8f4f-7f5bfb7dcce6" />
    <UnitTestResult executionId="bb9a67e9-7cce-4df0-8e0d-8c20e478ca02" testId="2329f751-9eb3-7c6d-0d92-9462f0312acf" testName="ServerProxyService_GetDevicesByDeviceIds_NotAllowed_RowRemoved" computerName="DKSR-EFI-06" duration="00:00:00.0131888" startTime="2024-01-09T15:42:25.1539647+01:00" endTime="2024-01-09T15:42:25.1695917+01:00" testType="13cdc9d9-ddb5-4fa4-a97d-d965ccfc6d4b" outcome="Passed" testListId="8c84fa94-04c1-424b-9868-57a2d4851a1d" relativeResultsDirectory="bb9a67e9-7cce-4df0-8e0d-8c20e478ca02" />
    <UnitTestResult executionId="bcf6f716-3999-41e4-8da6-6db03cce21c6" testId="6d482fd0-c8a4-6fe0-0c16-5363473c39ab" testName="IsComplete_WhenRuleTypeIsEvent_EventRuleTypePropertiesSet_ReturnsTrue" computerName="DKSR-EFI-06" duration="00:00:00.0014491" startTime="2024-01-09T15:42:35.5133694+01:00" endTime="2024-01-09T15:42:35.5289923+01:00" testType="13cdc9d9-ddb5-4fa4-a97d-d965ccfc6d4b" outcome="Passed" testListId="8c84fa94-04c1-424b-9868-57a2d4851a1d" relativeResultsDirectory="bcf6f716-3999-41e4-8da6-6db03cce21c6" />
    <UnitTestResult executionId="7b0ed4ec-cdcb-478a-9d27-a8203948a24d" testId="40ff2025-1645-102a-8843-c6a9a64df395" testName="GetItem_WhenMatchListNull_PathNotFoundException" computerName="DKSR-EFI-06" duration="00:00:00.0020330" startTime="2024-01-09T15:42:39.4665151+01:00" endTime="2024-01-09T15:42:39.4665151+01:00" testType="13cdc9d9-ddb5-4fa4-a97d-d965ccfc6d4b" outcome="Passed" testListId="8c84fa94-04c1-424b-9868-57a2d4851a1d" relativeResultsDirectory="7b0ed4ec-cdcb-478a-9d27-a8203948a24d" />
    <UnitTestResult executionId="e1c27597-f1fa-4db9-a14e-8572839cbaf7" testId="32c3fc6b-54aa-c204-0eed-9282cf35986b" testName="GetResponsesSecurityVisitor_RecorderStatusResponse_FilterInfoItems" computerName="DKSR-EFI-06" duration="00:00:00.0114443" startTime="2024-01-09T15:42:20.5914611+01:00" endTime="2024-01-09T15:42:20.6070875+01:00" testType="13cdc9d9-ddb5-4fa4-a97d-d965ccfc6d4b" outcome="Passed" testListId="8c84fa94-04c1-424b-9868-57a2d4851a1d" relativeResultsDirectory="e1c27597-f1fa-4db9-a14e-8572839cbaf7" />
    <UnitTestResult executionId="77418b9f-d38f-4ec1-8d1b-9a868790eda3" testId="4490a717-5b7a-826b-509c-f51487ce7be0" testName="UpdateSearchTemplateFind_ParamNullCheck_RequestContext" computerName="DKSR-EFI-06" duration="00:00:00.0011026" startTime="2024-01-09T15:42:43.6071537+01:00" endTime="2024-01-09T15:42:43.6246635+01:00" testType="13cdc9d9-ddb5-4fa4-a97d-d965ccfc6d4b" outcome="Passed" testListId="8c84fa94-04c1-424b-9868-57a2d4851a1d" relativeResultsDirectory="77418b9f-d38f-4ec1-8d1b-9a868790eda3" />
    <UnitTestResult executionId="53ee566b-6a84-41de-888c-03543ed876d9" testId="72f4169f-22a1-9390-348c-df051f424176" testName="TryParseRuleType_FrequencyWeekly_OnMondayAndWednesday_EveryTwoWeeks_ReturnsTrue" computerName="DKSR-EFI-06" duration="00:00:00.0145871" startTime="2024-01-09T15:42:38.9040096+01:00" endTime="2024-01-09T15:42:38.9196369+01:00" testType="13cdc9d9-ddb5-4fa4-a97d-d965ccfc6d4b" outcome="Passed" testListId="8c84fa94-04c1-424b-9868-57a2d4851a1d" relativeResultsDirectory="53ee566b-6a84-41de-888c-03543ed876d9" />
    <UnitTestResult executionId="614693ad-c5c7-4f0a-a9d8-9f8794533dd5" testId="3d276391-6d51-81ea-9cce-bdfcf54376d5" testName="IsComplete_WhenAlwaysAndOutsideTimeProfilePropertiesSet_ReturnsTrue" computerName="DKSR-EFI-06" duration="00:00:00.0005865" startTime="2024-01-09T15:42:34.7477403+01:00" endTime="2024-01-09T15:42:34.7477403+01:00" testType="13cdc9d9-ddb5-4fa4-a97d-d965ccfc6d4b" outcome="Passed" testListId="8c84fa94-04c1-424b-9868-57a2d4851a1d" relativeResultsDirectory="614693ad-c5c7-4f0a-a9d8-9f8794533dd5" />
    <UnitTestResult executionId="06f87d09-d150-4f81-b9c6-16309f41fff2" testId="13e86210-2580-3d0d-1358-707bf13d9f0b" testName="SpecialCases_Format_BuildGroupFolderPath_Correct" computerName="DKSR-EFI-06" duration="00:00:00.0017967" startTime="2024-01-09T15:42:29.5445892+01:00" endTime="2024-01-09T15:42:29.5445892+01:00" testType="13cdc9d9-ddb5-4fa4-a97d-d965ccfc6d4b" outcome="Passed" testListId="8c84fa94-04c1-424b-9868-57a2d4851a1d" relativeResultsDirectory="06f87d09-d150-4f81-b9c6-16309f41fff2" />
    <UnitTestResult executionId="82aba19c-8dde-4362-8ac5-902372c194e2" testId="872373a3-155a-5dd0-5f19-9e2fc1015cf6" testName="LookupChildArray_Succeeds_WhenChildItemTypeIsTaskFolderAndItemTypeIsRecordingServer" computerName="DKSR-EFI-06" duration="00:00:00.0195733" startTime="2024-01-09T15:42:28.9977159+01:00" endTime="2024-01-09T15:42:29.0133404+01:00" testType="13cdc9d9-ddb5-4fa4-a97d-d965ccfc6d4b" outcome="Passed" testListId="8c84fa94-04c1-424b-9868-57a2d4851a1d" relativeResultsDirectory="82aba19c-8dde-4362-8ac5-902372c194e2" />
    <UnitTestResult executionId="4e17bbab-08dd-4074-9723-fd6247a2c8e9" testId="228a7a8c-4760-869d-eb3f-c32814461998" testName="Build_RetrieveEdgeStorage_WhenParametersAreSet_ReturnsActionModel" computerName="DKSR-EFI-06" duration="00:00:00.0012510" startTime="2024-01-09T15:42:36.4039974+01:00" endTime="2024-01-09T15:42:36.4039974+01:00" testType="13cdc9d9-ddb5-4fa4-a97d-d965ccfc6d4b" outcome="Passed" testListId="8c84fa94-04c1-424b-9868-57a2d4851a1d" relativeResultsDirectory="4e17bbab-08dd-4074-9723-fd6247a2c8e9" />
    <UnitTestResult executionId="5ba35885-85a0-499f-8d4f-ca26fbc08b71" testId="108dfcba-4e95-1041-7597-9ec7f948eaf2" testName="GetItemType_WithCorrectId_ReturnsCorrectItemType" computerName="DKSR-EFI-06" duration="00:00:00.0003663" startTime="2024-01-09T15:42:37.7165064+01:00" endTime="2024-01-09T15:42:37.7165064+01:00" testType="13cdc9d9-ddb5-4fa4-a97d-d965ccfc6d4b" outcome="Passed" testListId="8c84fa94-04c1-424b-9868-57a2d4851a1d" relativeResultsDirectory="5ba35885-85a0-499f-8d4f-ca26fbc08b71" />
    <UnitTestResult executionId="7a78fc0f-7b05-4ebd-b665-e5df575bb856" testId="d8de1a4e-0a0a-f46d-2a81-cad7f8371db0" testName="GetCurrentProperties_AllPropertiesPresentWithValues_ReturnsListWithAllProperties" computerName="DKSR-EFI-06" duration="00:00:00.0063657" startTime="2024-01-09T15:42:34.6071637+01:00" endTime="2024-01-09T15:42:34.6227389+01:00" testType="13cdc9d9-ddb5-4fa4-a97d-d965ccfc6d4b" outcome="Passed" testListId="8c84fa94-04c1-424b-9868-57a2d4851a1d" relativeResultsDirectory="7a78fc0f-7b05-4ebd-b665-e5df575bb856" />
    <UnitTestResult executionId="13deb71d-eb60-42ad-a2a8-f3f9c4833b6e" testId="a03db3cb-ee97-98ef-1d26-2275026ddc6d" testName="CreateSearchTemplate_Public_NotAllowed" computerName="DKSR-EFI-06" duration="00:00:00.0049786" startTime="2024-01-09T15:42:43.7321544+01:00" endTime="2024-01-09T15:42:43.7477786+01:00" testType="13cdc9d9-ddb5-4fa4-a97d-d965ccfc6d4b" outcome="Passed" testListId="8c84fa94-04c1-424b-9868-57a2d4851a1d" relativeResultsDirectory="13deb71d-eb60-42ad-a2a8-f3f9c4833b6e" />
    <UnitTestResult executionId="b651e3a8-5ab3-4f98-8993-1e4ffa2204c0" testId="d4e84e1f-4d8e-a331-c3c2-878dcb6056b6" testName="SendCommandSecurityVisitor_UpdateConfigurationManagerCommand_Hardware_Edit_DeviceEventChange" computerName="DKSR-EFI-06" duration="00:00:00.0701126" startTime="2024-01-09T15:42:23.3570888+01:00" endTime="2024-01-09T15:42:23.4352174+01:00" testType="13cdc9d9-ddb5-4fa4-a97d-d965ccfc6d4b" outcome="Passed" testListId="8c84fa94-04c1-424b-9868-57a2d4851a1d" relativeResultsDirectory="b651e3a8-5ab3-4f98-8993-1e4ffa2204c0" />
    <UnitTestResult executionId="ffeb8f07-0164-4ad2-a254-1321747ecb18" testId="92f82fb2-1cd2-2bfd-4a3e-fab386286f1c" testName="Constructor_OpenIdTokenHandlerNull_ArgumentNullException" computerName="DKSR-EFI-06" duration="00:00:00.0005522" startTime="2024-01-09T15:42:29.9664649+01:00" endTime="2024-01-09T15:42:29.9664649+01:00" testType="13cdc9d9-ddb5-4fa4-a97d-d965ccfc6d4b" outcome="Passed" testListId="8c84fa94-04c1-424b-9868-57a2d4851a1d" relativeResultsDirectory="ffeb8f07-0164-4ad2-a254-1321747ecb18" />
    <UnitTestResult executionId="b62ceed4-842f-40e5-adab-286313df6681" testId="40d305e9-c0c1-3e3f-e38d-9f3baa134ea7" testName="ConfigurationItemPath_Create_ItemPathInt32_Succes" computerName="DKSR-EFI-06" duration="00:00:00.0004398" startTime="2024-01-09T15:42:33.4196067+01:00" endTime="2024-01-09T15:42:33.4196067+01:00" testType="13cdc9d9-ddb5-4fa4-a97d-d965ccfc6d4b" outcome="Passed" testListId="8c84fa94-04c1-424b-9868-57a2d4851a1d" relativeResultsDirectory="b62ceed4-842f-40e5-adab-286313df6681" />
    <UnitTestResult executionId="ba8190ea-a234-4cc8-b7b3-c163450c58ac" testId="d332119c-4be9-93f2-8a00-c95352e2afa0" testName="Validation_ValidateDouble_NegativeInfinity_ArgumentException" computerName="DKSR-EFI-06" duration="00:00:00.0004775" startTime="2024-01-09T15:42:25.7164647+01:00" endTime="2024-01-09T15:42:25.7164647+01:00" testType="13cdc9d9-ddb5-4fa4-a97d-d965ccfc6d4b" outcome="Passed" testListId="8c84fa94-04c1-424b-9868-57a2d4851a1d" relativeResultsDirectory="ba8190ea-a234-4cc8-b7b3-c163450c58ac" />
    <UnitTestResult executionId="3f2e546a-dbbb-42c3-94c5-5bfcae35adb1" testId="530f4535-d1ca-ed08-9524-fc0ac5be95dc" testName="Delete_Succeeds_WhenMethodExistsAndHaveItemSelectionProperty" computerName="DKSR-EFI-06" duration="00:00:00.0061153" startTime="2024-01-09T15:42:29.0602192+01:00" endTime="2024-01-09T15:42:29.0758428+01:00" testType="13cdc9d9-ddb5-4fa4-a97d-d965ccfc6d4b" outcome="Passed" testListId="8c84fa94-04c1-424b-9868-57a2d4851a1d" relativeResultsDirectory="3f2e546a-dbbb-42c3-94c5-5bfcae35adb1" />
    <UnitTestResult executionId="bb4d1e06-e976-457f-83a2-0f13bccb5e33" testId="7229aaa7-ed96-9a0f-11d8-9edfdb9e6e52" testName="Patch_KnownResource_ReturnsPatchResultInBody" computerName="DKSR-EFI-06" duration="00:00:00.0085870" startTime="2024-01-09T15:42:27.9664642+01:00" endTime="2024-01-09T15:42:27.9664642+01:00" testType="13cdc9d9-ddb5-4fa4-a97d-d965ccfc6d4b" outcome="Passed" testListId="8c84fa94-04c1-424b-9868-57a2d4851a1d" relativeResultsDirectory="bb4d1e06-e976-457f-83a2-0f13bccb5e33" />
    <UnitTestResult executionId="62337dee-1fae-44db-a2d4-f484ea75c48c" testId="91e4f833-22f1-4e41-d858-5d96392e21e8" testName="ServerProxyService_GetDeviceGroupMembersByDeviceGroupId_AllOutputs_NotAllowed_RowRemoved" computerName="DKSR-EFI-06" duration="00:00:00.0106678" startTime="2024-01-09T15:42:25.2633390+01:00" endTime="2024-01-09T15:42:25.2789643+01:00" testType="13cdc9d9-ddb5-4fa4-a97d-d965ccfc6d4b" outcome="Passed" testListId="8c84fa94-04c1-424b-9868-57a2d4851a1d" relativeResultsDirectory="62337dee-1fae-44db-a2d4-f484ea75c48c" />
    <UnitTestResult executionId="2ec9db12-2fa6-406d-b13d-9fd9229abccf" testId="9db6bb97-3604-b8fc-5976-8fd38116c854" testName="ConfigurationItemPathBuilder_Create_InvalidPath_ArgumentException (Data Row 0)" computerName="DKSR-EFI-06" duration="00:00:00.0031780" startTime="2024-01-09T15:42:33.3571055+01:00" endTime="2024-01-09T15:42:33.3571055+01:00" testType="13cdc9d9-ddb5-4fa4-a97d-d965ccfc6d4b" outcome="Passed" testListId="8c84fa94-04c1-424b-9868-57a2d4851a1d" relativeResultsDirectory="2ec9db12-2fa6-406d-b13d-9fd9229abccf">
      <Output>
        <StdOut>Debug Trace:&#xD;
Fail: Id is invalid: ABCD</StdOut>
      </Output>
    </UnitTestResult>
    <UnitTestResult executionId="921ff86a-067b-4080-93f1-ede44215f4c4" testId="2ac0ba53-ae16-5d8c-e824-b1aa0814499a" testName="Get_Translations_NoLanguageSpecified_ThrowsException" computerName="DKSR-EFI-06" duration="00:00:00.0030326" startTime="2024-01-09T15:42:27.5445892+01:00" endTime="2024-01-09T15:42:27.5445892+01:00" testType="13cdc9d9-ddb5-4fa4-a97d-d965ccfc6d4b" outcome="Passed" testListId="8c84fa94-04c1-424b-9868-57a2d4851a1d" relativeResultsDirectory="921ff86a-067b-4080-93f1-ede44215f4c4" />
    <UnitTestResult executionId="a0b76430-4964-4e04-9ab6-056a0886f826" testId="daa36e5c-9e91-4d65-009d-7ea1402bc1a1" testName="Validation_CheckVersionString_Empty_String_Throws" computerName="DKSR-EFI-06" duration="00:00:00.0004402" startTime="2024-01-09T15:42:26.2320922+01:00" endTime="2024-01-09T15:42:26.2320922+01:00" testType="13cdc9d9-ddb5-4fa4-a97d-d965ccfc6d4b" outcome="Passed" testListId="8c84fa94-04c1-424b-9868-57a2d4851a1d" relativeResultsDirectory="a0b76430-4964-4e04-9ab6-056a0886f826" />
    <UnitTestResult executionId="f4402541-8e99-4c6b-86e3-3ad464d5a773" testId="2f34c009-9c89-12a4-c25d-ac6fcdc32252" testName="Validate_WhenMonthlyRelativeFrequency_NoParameters_ReturnsError" computerName="DKSR-EFI-06" duration="00:00:00.0005791" startTime="2024-01-09T15:42:37.1071273+01:00" endTime="2024-01-09T15:42:37.1071273+01:00" testType="13cdc9d9-ddb5-4fa4-a97d-d965ccfc6d4b" outcome="Passed" testListId="8c84fa94-04c1-424b-9868-57a2d4851a1d" relativeResultsDirectory="f4402541-8e99-4c6b-86e3-3ad464d5a773" />
    <UnitTestResult executionId="7b9f340b-9037-4202-b64b-5d85dc73711d" testId="70122689-0c1e-ecf1-986e-93653eb1a432" testName="Build_WhenActionIsVideoWallSetToPreset_ReturnsRuleModel" computerName="DKSR-EFI-06" duration="00:00:00.0043910" startTime="2024-01-09T15:42:39.2477625+01:00" endTime="2024-01-09T15:42:39.2633867+01:00" testType="13cdc9d9-ddb5-4fa4-a97d-d965ccfc6d4b" outcome="Passed" testListId="8c84fa94-04c1-424b-9868-57a2d4851a1d" relativeResultsDirectory="7b9f340b-9037-4202-b64b-5d85dc73711d" />
    <UnitTestResult executionId="2587c912-558f-4391-bfad-3fbcb6e28588" testId="feaae690-f8d5-6a68-60bc-7f7230e165ab" testName="FromString_Enum_WhenValidInput_ReturnsCorrectEnumValue" computerName="DKSR-EFI-06" duration="00:00:00.0047438" startTime="2024-01-09T15:42:34.2008633+01:00" endTime="2024-01-09T15:42:34.2008633+01:00" testType="13cdc9d9-ddb5-4fa4-a97d-d965ccfc6d4b" outcome="Passed" testListId="8c84fa94-04c1-424b-9868-57a2d4851a1d" relativeResultsDirectory="2587c912-558f-4391-bfad-3fbcb6e28588" />
    <UnitTestResult executionId="5151b69f-713e-470d-b0ee-40d20418eb82" testId="04bc9823-e42c-d3db-3544-f5e541fb3368" testName="ErrorModel_SunnyDay_Test_WithConfigApiPath_AndVMOCode" computerName="DKSR-EFI-06" duration="00:00:00.0002392" startTime="2024-01-09T15:42:29.5133772+01:00" endTime="2024-01-09T15:42:29.5133772+01:00" testType="13cdc9d9-ddb5-4fa4-a97d-d965ccfc6d4b" outcome="Passed" testListId="8c84fa94-04c1-424b-9868-57a2d4851a1d" relativeResultsDirectory="5151b69f-713e-470d-b0ee-40d20418eb82" />
    <UnitTestResult executionId="1c0b9c04-e85d-4846-9110-31e4bc2b11a6" testId="637e10a2-63d3-60e9-c628-f4e3fca869e9" testName="Validate_WhenCustomGuidValidatorReturnsNotAllowedItemType_Error" computerName="DKSR-EFI-06" duration="00:00:00.0083228" startTime="2024-01-09T15:42:37.2946291+01:00" endTime="2024-01-09T15:42:37.3102909+01:00" testType="13cdc9d9-ddb5-4fa4-a97d-d965ccfc6d4b" outcome="Passed" testListId="8c84fa94-04c1-424b-9868-57a2d4851a1d" relativeResultsDirectory="1c0b9c04-e85d-4846-9110-31e4bc2b11a6" />
    <UnitTestResult executionId="f6972f0a-f652-4221-bb8c-728c3ee6f783" testId="06a22ff8-ede7-5022-8fed-1fd8b7fec68b" testName="SendCommandSecurityVisitor_UpdateSecurityManagerCommand_SecurityPermissionsDevice_Input_Delete_Allowed" computerName="DKSR-EFI-06" duration="00:00:00.0248536" startTime="2024-01-09T15:42:21.3570888+01:00" endTime="2024-01-09T15:42:21.3883394+01:00" testType="13cdc9d9-ddb5-4fa4-a97d-d965ccfc6d4b" outcome="Passed" testListId="8c84fa94-04c1-424b-9868-57a2d4851a1d" relativeResultsDirectory="f6972f0a-f652-4221-bb8c-728c3ee6f783" />
    <UnitTestResult executionId="130ac6db-d793-488b-92cc-5bf19911971e" testId="38ab62ea-2acf-37d0-31bf-7a62b9550a4f" testName="SendCommandSecurityVisitor_UpdateSecurityManagerCommand_SecurityPermissionsMatrix_Add_Allowed" computerName="DKSR-EFI-06" duration="00:00:00.0249675" startTime="2024-01-09T15:42:21.4664643+01:00" endTime="2024-01-09T15:42:21.4977132+01:00" testType="13cdc9d9-ddb5-4fa4-a97d-d965ccfc6d4b" outcome="Passed" testListId="8c84fa94-04c1-424b-9868-57a2d4851a1d" relativeResultsDirectory="130ac6db-d793-488b-92cc-5bf19911971e" />
    <UnitTestResult executionId="160b93c0-53ed-4f8a-a681-165049a4bb00" testId="36e39c0a-a8e3-0595-1f20-3abb243dfcfc" testName="Invoke_BasicResultHasBeenSetAndIsTrue_CallDefaultInvoker" computerName="DKSR-EFI-06" duration="00:00:00.0067136" startTime="2024-01-09T15:42:44.2634054+01:00" endTime="2024-01-09T15:42:44.2790304+01:00" testType="13cdc9d9-ddb5-4fa4-a97d-d965ccfc6d4b" outcome="Passed" testListId="8c84fa94-04c1-424b-9868-57a2d4851a1d" relativeResultsDirectory="160b93c0-53ed-4f8a-a681-165049a4bb00" />
    <UnitTestResult executionId="91aa4216-baee-4112-b9bc-f2f1fe849695" testId="b973da1a-2e42-fe55-9475-2d140e6e0854" testName="DriverSettingsBusiness_PrepareAndValidateSettings_Success (Data Row 8)" computerName="DKSR-EFI-06" duration="00:00:00.0283701" startTime="2024-01-09T15:42:30.2633401+01:00" endTime="2024-01-09T15:42:32.2008497+01:00" testType="13cdc9d9-ddb5-4fa4-a97d-d965ccfc6d4b" outcome="Passed" testListId="8c84fa94-04c1-424b-9868-57a2d4851a1d" relativeResultsDirectory="91aa4216-baee-4112-b9bc-f2f1fe849695" />
    <UnitTestResult executionId="a03e2f1a-15f7-481e-a4c9-4452cfd7245c" testId="f48cc845-b01e-6c08-7da0-c1b382938acf" testName="Build_WhenActionIsSetBookmark_ReturnsRuleModel" computerName="DKSR-EFI-06" duration="00:00:00.0083437" startTime="2024-01-09T15:42:39.1852617+01:00" endTime="2024-01-09T15:42:39.1852617+01:00" testType="13cdc9d9-ddb5-4fa4-a97d-d965ccfc6d4b" outcome="Passed" testListId="8c84fa94-04c1-424b-9868-57a2d4851a1d" relativeResultsDirectory="a03e2f1a-15f7-481e-a4c9-4452cfd7245c" />
    <UnitTestResult executionId="58b8eb2d-241f-4557-ab1c-9e8f44ba9805" testId="404a7b15-df43-0583-3634-a2140371f5e4" testName="ConfigurationItemPathBuilder_ItemType_Null_ArgumentNullException" computerName="DKSR-EFI-06" duration="00:00:00.0004786" startTime="2024-01-09T15:42:33.3727317+01:00" endTime="2024-01-09T15:42:33.3727317+01:00" testType="13cdc9d9-ddb5-4fa4-a97d-d965ccfc6d4b" outcome="Passed" testListId="8c84fa94-04c1-424b-9868-57a2d4851a1d" relativeResultsDirectory="58b8eb2d-241f-4557-ab1c-9e8f44ba9805" />
    <UnitTestResult executionId="9c1ed244-923c-4335-859d-3c6383b119f9" testId="82744603-ac5f-b837-da6d-297ed0eef2cb" testName="DeviceStreams_UpdateStream_OnlyUseMediaAfter_UpdatePrimary" computerName="DKSR-EFI-06" duration="00:00:00.0178043" startTime="2024-01-09T15:42:42.5446502+01:00" endTime="2024-01-09T15:42:42.5758980+01:00" testType="13cdc9d9-ddb5-4fa4-a97d-d965ccfc6d4b" outcome="Passed" testListId="8c84fa94-04c1-424b-9868-57a2d4851a1d" relativeResultsDirectory="9c1ed244-923c-4335-859d-3c6383b119f9" />
    <UnitTestResult executionId="7edeee59-cd1d-4856-8679-acde658a92c6" testId="39f98016-3f05-56a8-a243-b22b3286bbbc" testName="InvokeMethod_GetSearchTemplateInvokeInfo" computerName="DKSR-EFI-06" duration="00:00:00.0052282" startTime="2024-01-09T15:42:41.0446480+01:00" endTime="2024-01-09T15:42:41.0446480+01:00" testType="13cdc9d9-ddb5-4fa4-a97d-d965ccfc6d4b" outcome="Passed" testListId="8c84fa94-04c1-424b-9868-57a2d4851a1d" relativeResultsDirectory="7edeee59-cd1d-4856-8679-acde658a92c6" />
    <UnitTestResult executionId="d9acf946-feef-4344-8711-fd1be812d9b3" testId="42fc8cd2-76b5-3a63-6b9d-5f9c7f1bbbb8" testName="GetResponsesSecurityVisitor_FailoverStatusResponse_CheckFails_NotHandled" computerName="DKSR-EFI-06" duration="00:00:00.0057531" startTime="2024-01-09T15:42:20.6070875+01:00" endTime="2024-01-09T15:42:20.6070875+01:00" testType="13cdc9d9-ddb5-4fa4-a97d-d965ccfc6d4b" outcome="Passed" testListId="8c84fa94-04c1-424b-9868-57a2d4851a1d" relativeResultsDirectory="d9acf946-feef-4344-8711-fd1be812d9b3" />
    <UnitTestResult executionId="25db3750-9258-4a2c-86cf-8bc2780041c3" testId="adece528-1ae8-220f-a157-cd0022c59df1" testName="GetXml_WhenActionIsVideoWallSetToPreset_MatchesXml" computerName="DKSR-EFI-06" duration="00:00:00.0006381" startTime="2024-01-09T15:42:38.6540091+01:00" endTime="2024-01-09T15:42:38.6540091+01:00" testType="13cdc9d9-ddb5-4fa4-a97d-d965ccfc6d4b" outcome="Passed" testListId="8c84fa94-04c1-424b-9868-57a2d4851a1d" relativeResultsDirectory="25db3750-9258-4a2c-86cf-8bc2780041c3" />
    <UnitTestResult executionId="0291d006-0222-45e0-8e68-0ec90470e1be" testId="0714e41c-3119-4f62-606f-032e5b80ac9b" testName="IsComplete_WhenTimeWithNoTimerPropertyIsSetForStopRule_ReturnsFalse" computerName="DKSR-EFI-06" duration="00:00:00.0018105" startTime="2024-01-09T15:42:35.3883705+01:00" endTime="2024-01-09T15:42:35.3883705+01:00" testType="13cdc9d9-ddb5-4fa4-a97d-d965ccfc6d4b" outcome="Passed" testListId="8c84fa94-04c1-424b-9868-57a2d4851a1d" relativeResultsDirectory="0291d006-0222-45e0-8e68-0ec90470e1be" />
    <UnitTestResult executionId="6559c874-b23c-4dcb-8cef-b4e148f71ff8" testId="0f041bfb-d6d9-205b-b0f7-2e2e1a05bc1a" testName="InvokeMethod_RemoveSearchTemplateCreateInfo" computerName="DKSR-EFI-06" duration="00:00:00.0017107" startTime="2024-01-09T15:42:40.9977717+01:00" endTime="2024-01-09T15:42:40.9977717+01:00" testType="13cdc9d9-ddb5-4fa4-a97d-d965ccfc6d4b" outcome="Passed" testListId="8c84fa94-04c1-424b-9868-57a2d4851a1d" relativeResultsDirectory="6559c874-b23c-4dcb-8cef-b4e148f71ff8" />
    <UnitTestResult executionId="6011cd2d-3ec5-45bf-a383-d38c66bef8ee" testId="9135b311-de2f-68f9-7e3b-0f848a2245d2" testName="InvokeMethod_ParamNullCheck_ParentPath" computerName="DKSR-EFI-06" duration="00:00:00.0014763" startTime="2024-01-09T15:42:40.9352700+01:00" endTime="2024-01-09T15:42:40.9352700+01:00" testType="13cdc9d9-ddb5-4fa4-a97d-d965ccfc6d4b" outcome="Passed" testListId="8c84fa94-04c1-424b-9868-57a2d4851a1d" relativeResultsDirectory="6011cd2d-3ec5-45bf-a383-d38c66bef8ee" />
    <UnitTestResult executionId="34ec5ab3-803b-404c-b27b-87232ef182d7" testId="3694510a-b76a-c558-e7ef-970bfa070f32" testName="DevicePosition_ToString_SupportAllMethods" computerName="DKSR-EFI-06" duration="00:00:00.0013639" startTime="2024-01-09T15:42:20.5602145+01:00" endTime="2024-01-09T15:42:20.5602145+01:00" testType="13cdc9d9-ddb5-4fa4-a97d-d965ccfc6d4b" outcome="Passed" testListId="8c84fa94-04c1-424b-9868-57a2d4851a1d" relativeResultsDirectory="34ec5ab3-803b-404c-b27b-87232ef182d7" />
    <UnitTestResult executionId="84f2a975-ec19-4069-970c-4c00076828bd" testId="9a6ea276-8bec-bf78-0d26-4923cf532fd9" testName="Build_StopRecordAllFrames_WhenParametersAreSet_ReturnsActionModel" computerName="DKSR-EFI-06" duration="00:00:00.0012068" startTime="2024-01-09T15:42:36.4196256+01:00" endTime="2024-01-09T15:42:36.4352488+01:00" testType="13cdc9d9-ddb5-4fa4-a97d-d965ccfc6d4b" outcome="Passed" testListId="8c84fa94-04c1-424b-9868-57a2d4851a1d" relativeResultsDirectory="84f2a975-ec19-4069-970c-4c00076828bd" />
    <UnitTestResult executionId="7afd957c-63dd-4740-8f89-ca28be173457" testId="118c8009-9c29-7229-d387-0d4cfba2dd39" testName="SetItem_ParamNullCheck_Item" computerName="DKSR-EFI-06" duration="00:00:00.0014141" startTime="2024-01-09T15:42:41.1071449+01:00" endTime="2024-01-09T15:42:41.1227692+01:00" testType="13cdc9d9-ddb5-4fa4-a97d-d965ccfc6d4b" outcome="Passed" testListId="8c84fa94-04c1-424b-9868-57a2d4851a1d" relativeResultsDirectory="7afd957c-63dd-4740-8f89-ca28be173457" />
    <UnitTestResult executionId="47bee1ec-8849-4d11-b3a4-1cc2e5705eff" testId="93c3afd0-c4fb-e190-6f76-76b672c00b00" testName="Build_WhenStopRuleTypeIsTimer_PropertiesAreSet" computerName="DKSR-EFI-06" duration="00:00:00.0019474" startTime="2024-01-09T15:42:36.2008728+01:00" endTime="2024-01-09T15:42:36.2008728+01:00" testType="13cdc9d9-ddb5-4fa4-a97d-d965ccfc6d4b" outcome="Passed" testListId="8c84fa94-04c1-424b-9868-57a2d4851a1d" relativeResultsDirectory="47bee1ec-8849-4d11-b3a4-1cc2e5705eff" />
    <UnitTestResult executionId="259b5ba9-ce7b-46ac-bbfd-7bdd74bcd6b3" testId="0bcad0f4-24fa-e401-7178-25ffc1ea5202" testName="GetCurrentProperties_AllPropertiesPresentWithValues_ReturnsListWithAllProperties" computerName="DKSR-EFI-06" duration="00:00:00.0010001" startTime="2024-01-09T15:42:35.3258669+01:00" endTime="2024-01-09T15:42:35.3414915+01:00" testType="13cdc9d9-ddb5-4fa4-a97d-d965ccfc6d4b" outcome="Passed" testListId="8c84fa94-04c1-424b-9868-57a2d4851a1d" relativeResultsDirectory="259b5ba9-ce7b-46ac-bbfd-7bdd74bcd6b3" />
    <UnitTestResult executionId="afc224ab-36d5-48c4-8a5a-8ca664d1a341" testId="0ec1d61f-1e45-da7d-3603-37c9bfa0ae08" testName="Post_InvalidJsonInBody_ExceptionNotCaught" computerName="DKSR-EFI-06" duration="00:00:00.0046150" startTime="2024-01-09T15:42:28.1539642+01:00" endTime="2024-01-09T15:42:28.1539642+01:00" testType="13cdc9d9-ddb5-4fa4-a97d-d965ccfc6d4b" outcome="Passed" testListId="8c84fa94-04c1-424b-9868-57a2d4851a1d" relativeResultsDirectory="afc224ab-36d5-48c4-8a5a-8ca664d1a341" />
    <UnitTestResult executionId="4eaa24d1-3f41-4ca7-b5f7-b52ea3638615" testId="60018a15-25c4-3f20-2996-6b8ba2b5fd1e" testName="FindSearchTemplates_ByAllParams_Public_NotAllowed" computerName="DKSR-EFI-06" duration="00:00:00.0055465" startTime="2024-01-09T15:42:43.5602776+01:00" endTime="2024-01-09T15:42:43.5759036+01:00" testType="13cdc9d9-ddb5-4fa4-a97d-d965ccfc6d4b" outcome="Passed" testListId="8c84fa94-04c1-424b-9868-57a2d4851a1d" relativeResultsDirectory="4eaa24d1-3f41-4ca7-b5f7-b52ea3638615" />
    <UnitTestResult executionId="24715afc-99a6-4882-822d-2f54c8740ed8" testId="cd8649a1-cd18-9faf-fb86-e8aebc7caee4" testName="ConvertParamToFilter_Format_ValidTests" computerName="DKSR-EFI-06" duration="00:00:00.0071579" startTime="2024-01-09T15:42:28.8258410+01:00" endTime="2024-01-09T15:42:28.8258410+01:00" testType="13cdc9d9-ddb5-4fa4-a97d-d965ccfc6d4b" outcome="Passed" testListId="8c84fa94-04c1-424b-9868-57a2d4851a1d" relativeResultsDirectory="24715afc-99a6-4882-822d-2f54c8740ed8" />
    <UnitTestResult executionId="17eee934-864b-4d42-a47a-f06507ee41ae" testId="6092451a-ff93-1c11-89c2-430424dda87d" testName="Get_Item_Exception_Status_Is_Failed_Success" computerName="DKSR-EFI-06" duration="00:00:00.0245902" startTime="2024-01-09T15:42:33.6383573+01:00" endTime="2024-01-09T15:42:33.6539835+01:00" testType="13cdc9d9-ddb5-4fa4-a97d-d965ccfc6d4b" outcome="Passed" testListId="8c84fa94-04c1-424b-9868-57a2d4851a1d" relativeResultsDirectory="17eee934-864b-4d42-a47a-f06507ee41ae" />
    <UnitTestResult executionId="4918c2d4-116b-4456-88de-624a23d904b6" testId="c1b27acb-5e27-1ddc-3e79-8057e72f3df5" testName="Validate_WhenEventSourcesContainIncorrectSource_Error" computerName="DKSR-EFI-06" duration="00:00:00.0166295" startTime="2024-01-09T15:42:36.9196246+01:00" endTime="2024-01-09T15:42:36.9352976+01:00" testType="13cdc9d9-ddb5-4fa4-a97d-d965ccfc6d4b" outcome="Passed" testListId="8c84fa94-04c1-424b-9868-57a2d4851a1d" relativeResultsDirectory="4918c2d4-116b-4456-88de-624a23d904b6" />
    <UnitTestResult executionId="70268b3b-611c-4775-99ee-7b9d4d38b739" testId="07a2f2dc-c3fa-3a39-44f9-617276090736" testName="GetCurrentProperties_WhenAlwaysIsSetButWithinTimeProfileHasInvalidValue_ReturnsBothProperties" computerName="DKSR-EFI-06" duration="00:00:00.0033694" startTime="2024-01-09T15:42:34.7789871+01:00" endTime="2024-01-09T15:42:34.7789871+01:00" testType="13cdc9d9-ddb5-4fa4-a97d-d965ccfc6d4b" outcome="Passed" testListId="8c84fa94-04c1-424b-9868-57a2d4851a1d" relativeResultsDirectory="70268b3b-611c-4775-99ee-7b9d4d38b739" />
    <UnitTestResult executionId="26cda2d9-d245-466b-84e7-c29cd7ead8ff" testId="c0c771f8-7610-f875-6c66-0b762f181447" testName="FromString_WhenInvalidInput_Exception" computerName="DKSR-EFI-06" duration="00:00:00.0006351" startTime="2024-01-09T15:42:34.2008633+01:00" endTime="2024-01-09T15:42:34.2008633+01:00" testType="13cdc9d9-ddb5-4fa4-a97d-d965ccfc6d4b" outcome="Passed" testListId="8c84fa94-04c1-424b-9868-57a2d4851a1d" relativeResultsDirectory="26cda2d9-d245-466b-84e7-c29cd7ead8ff" />
    <UnitTestResult executionId="457b9b03-05eb-4e9c-a269-24b19d751571" testId="0dde4485-2ed5-3032-5a0b-8baac17ac640" testName="Validate_WhenAllowedKeyValuePairs_Error" computerName="DKSR-EFI-06" duration="00:00:00.0015266" startTime="2024-01-09T15:42:37.3415044+01:00" endTime="2024-01-09T15:42:37.3415044+01:00" testType="13cdc9d9-ddb5-4fa4-a97d-d965ccfc6d4b" outcome="Passed" testListId="8c84fa94-04c1-424b-9868-57a2d4851a1d" relativeResultsDirectory="457b9b03-05eb-4e9c-a269-24b19d751571" />
    <UnitTestResult executionId="f0f3d56b-859e-476b-a236-5c012569f204" testId="9db6bb97-3604-b8fc-5976-8fd38116c854" testName="ConfigurationItemPathBuilder_Create_InvalidPath_ArgumentException (Data Row 3)" computerName="DKSR-EFI-06" duration="00:00:00.0004820" startTime="2024-01-09T15:42:33.3571055+01:00" endTime="2024-01-09T15:42:33.3571055+01:00" testType="13cdc9d9-ddb5-4fa4-a97d-d965ccfc6d4b" outcome="Passed" testListId="8c84fa94-04c1-424b-9868-57a2d4851a1d" relativeResultsDirectory="f0f3d56b-859e-476b-a236-5c012569f204">
      <Output>
        <StdOut>Debug Trace:&#xD;
Fail: Id is invalid: ABCD</StdOut>
      </Output>
    </UnitTestResult>
    <UnitTestResult executionId="b8df797d-2901-46d5-b86c-893aedd6de2c" testId="34829afe-b454-0f62-95ad-e78a3756d8e3" testName="GetItemType_WhenInvalidUserDefinedEvent_ReturnsNull" computerName="DKSR-EFI-06" duration="00:00:00.0055867" startTime="2024-01-09T15:42:38.1383825+01:00" endTime="2024-01-09T15:42:38.1540060+01:00" testType="13cdc9d9-ddb5-4fa4-a97d-d965ccfc6d4b" outcome="Passed" testListId="8c84fa94-04c1-424b-9868-57a2d4851a1d" relativeResultsDirectory="b8df797d-2901-46d5-b86c-893aedd6de2c" />
    <UnitTestResult executionId="a0be1287-258a-43dd-ae7f-190f07a7ff15" testId="a77be3c6-5fde-963c-e0a5-7a1109ba9af4" testName="IsComplete_WhenNotAllConditionsArePresent_ReturnsFalse" computerName="DKSR-EFI-06" duration="00:00:00.0006386" startTime="2024-01-09T15:42:34.6852369+01:00" endTime="2024-01-09T15:42:34.6852369+01:00" testType="13cdc9d9-ddb5-4fa4-a97d-d965ccfc6d4b" outcome="Passed" testListId="8c84fa94-04c1-424b-9868-57a2d4851a1d" relativeResultsDirectory="a0be1287-258a-43dd-ae7f-190f07a7ff15" />
    <UnitTestResult executionId="c1265ec7-216d-4604-adda-138094be2f74" testId="bd3270bd-0539-f560-d3a9-4586a8ed3c5d" testName="ErrorHelper_CreateValidateResult_ArgumentNullException_Success" computerName="DKSR-EFI-06" duration="00:00:00.0011443" startTime="2024-01-09T15:42:33.5446074+01:00" endTime="2024-01-09T15:42:33.5446074+01:00" testType="13cdc9d9-ddb5-4fa4-a97d-d965ccfc6d4b" outcome="Passed" testListId="8c84fa94-04c1-424b-9868-57a2d4851a1d" relativeResultsDirectory="c1265ec7-216d-4604-adda-138094be2f74" />
    <UnitTestResult executionId="af72f2ef-7c71-427e-af60-1a240b051d56" testId="8e77c4b7-a678-e0cb-4a6f-3dc9691bce8a" testName="RoleMappingClaimsNoMatchingConfiguredClaims" computerName="DKSR-EFI-06" duration="00:00:00.0008298" startTime="2024-01-09T15:42:19.0445857+01:00" endTime="2024-01-09T15:42:19.0445857+01:00" testType="13cdc9d9-ddb5-4fa4-a97d-d965ccfc6d4b" outcome="Passed" testListId="8c84fa94-04c1-424b-9868-57a2d4851a1d" relativeResultsDirectory="af72f2ef-7c71-427e-af60-1a240b051d56" />
    <UnitTestResult executionId="f138b027-ac7d-4570-bab3-a7d998ddadf1" testId="c7e66ec5-ac77-9bf4-3e49-7028d2599bcb" testName="AfterReceiveRequest_AuthenticationReturnsFalse_ReturnBasicAuthenticationErrorResponseData" computerName="DKSR-EFI-06" duration="00:00:00.0411527" startTime="2024-01-09T15:42:44.3884087+01:00" endTime="2024-01-09T15:42:44.4196562+01:00" testType="13cdc9d9-ddb5-4fa4-a97d-d965ccfc6d4b" outcome="Passed" testListId="8c84fa94-04c1-424b-9868-57a2d4851a1d" relativeResultsDirectory="f138b027-ac7d-4570-bab3-a7d998ddadf1" />
    <UnitTestResult executionId="6a7d6cf9-ecd0-4c59-af27-76b4a3afa8f1" testId="9a1d160d-73af-38f5-6abf-72df1b5a9ed9" testName="DataCollectorOnRegisteredServicesManager_QueueResolve_Success_One_Quene" computerName="DKSR-EFI-06" duration="00:00:00.0091940" startTime="2024-01-09T15:42:17.6070840+01:00" endTime="2024-01-09T15:42:17.6070840+01:00" testType="13cdc9d9-ddb5-4fa4-a97d-d965ccfc6d4b" outcome="Passed" testListId="8c84fa94-04c1-424b-9868-57a2d4851a1d" relativeResultsDirectory="6a7d6cf9-ecd0-4c59-af27-76b4a3afa8f1" />
    <UnitTestResult executionId="24f6315c-0f9c-442d-a2a1-19b64da00489" testId="5a6e52a7-1bb8-65a3-26eb-4b2fc5e7b9f0" testName="RoleMappingSwitchFromRole1ToRole2" computerName="DKSR-EFI-06" duration="00:00:00.2965539" startTime="2024-01-09T15:42:18.7008353+01:00" endTime="2024-01-09T15:42:18.9977129+01:00" testType="13cdc9d9-ddb5-4fa4-a97d-d965ccfc6d4b" outcome="Passed" testListId="8c84fa94-04c1-424b-9868-57a2d4851a1d" relativeResultsDirectory="24f6315c-0f9c-442d-a2a1-19b64da00489" />
    <UnitTestResult executionId="96ab97b7-8238-44ee-b856-a2f56dc1c2fa" testId="d58e6655-a20e-eca9-a8ff-e01c0d1f10d1" testName="Build_WhenStartRuleIsRecurringTime_DailyAndRecurringWithNoRequiredProperties_PropertiesAreSetWithDefaultValues" computerName="DKSR-EFI-06" duration="00:00:00.0025660" startTime="2024-01-09T15:42:36.1852486+01:00" endTime="2024-01-09T15:42:36.1852486+01:00" testType="13cdc9d9-ddb5-4fa4-a97d-d965ccfc6d4b" outcome="Passed" testListId="8c84fa94-04c1-424b-9868-57a2d4851a1d" relativeResultsDirectory="96ab97b7-8238-44ee-b856-a2f56dc1c2fa" />
    <UnitTestResult executionId="3ab3dbfa-d91e-416e-9843-95308358570b" testId="2928b600-8ff9-c045-8d14-82ef46cf4e75" testName="GetCurrentProperties_WhenRuleTypeIsEvent_EventSourcesNotPresent__ReturnsProperties" computerName="DKSR-EFI-06" duration="00:00:00.0017608" startTime="2024-01-09T15:42:35.5758690+01:00" endTime="2024-01-09T15:42:35.5758690+01:00" testType="13cdc9d9-ddb5-4fa4-a97d-d965ccfc6d4b" outcome="Passed" testListId="8c84fa94-04c1-424b-9868-57a2d4851a1d" relativeResultsDirectory="3ab3dbfa-d91e-416e-9843-95308358570b" />
    <UnitTestResult executionId="fa7a9a13-a955-42f9-a064-52b8289e3a71" testId="45ab8e58-cf37-c8c3-2f59-490f45a89201" testName="GetNextProperties_WhenTimeBetweenPropertyIsSetButNotStartAndEndTime_ReturnsProperties" computerName="DKSR-EFI-06" duration="00:00:00.0004609" startTime="2024-01-09T15:42:34.8727416+01:00" endTime="2024-01-09T15:42:34.8883657+01:00" testType="13cdc9d9-ddb5-4fa4-a97d-d965ccfc6d4b" outcome="Passed" testListId="8c84fa94-04c1-424b-9868-57a2d4851a1d" relativeResultsDirectory="fa7a9a13-a955-42f9-a064-52b8289e3a71" />
    <UnitTestResult executionId="601b1954-9ac0-4da0-b333-ce1b31e1b576" testId="c6da1907-83cc-513b-cbc0-e214f3e0f738" testName="DeviceEvents_QueryDeviceEvents_Success" computerName="DKSR-EFI-06" duration="00:00:00.0457842" startTime="2024-01-09T15:42:41.8727720+01:00" endTime="2024-01-09T15:42:41.9196499+01:00" testType="13cdc9d9-ddb5-4fa4-a97d-d965ccfc6d4b" outcome="Passed" testListId="8c84fa94-04c1-424b-9868-57a2d4851a1d" relativeResultsDirectory="601b1954-9ac0-4da0-b333-ce1b31e1b576" />
    <UnitTestResult executionId="d5c37d2c-45ce-4857-b465-e197fd648c47" testId="6be56eef-6abf-389c-7220-c295b9819c65" testName="GetItem_SunnyDayTest" computerName="DKSR-EFI-06" duration="00:00:00.0008399" startTime="2024-01-09T15:42:41.7321466+01:00" endTime="2024-01-09T15:42:41.7321466+01:00" testType="13cdc9d9-ddb5-4fa4-a97d-d965ccfc6d4b" outcome="Passed" testListId="8c84fa94-04c1-424b-9868-57a2d4851a1d" relativeResultsDirectory="d5c37d2c-45ce-4857-b465-e197fd648c47" />
    <UnitTestResult executionId="69368fd8-d689-4ea6-8f55-8e91fb8366b8" testId="1cc85615-0b8f-3926-085e-3496be702927" testName="DeviceStreams_AddStream_MultiStreamNotSupported_Success" computerName="DKSR-EFI-06" duration="00:00:00.0091946" startTime="2024-01-09T15:42:42.6071502+01:00" endTime="2024-01-09T15:42:42.6227755+01:00" testType="13cdc9d9-ddb5-4fa4-a97d-d965ccfc6d4b" outcome="Passed" testListId="8c84fa94-04c1-424b-9868-57a2d4851a1d" relativeResultsDirectory="69368fd8-d689-4ea6-8f55-8e91fb8366b8" />
    <UnitTestResult executionId="15625278-39f7-4022-8170-d011bdb6a769" testId="2f21a709-b5d2-02e0-69ef-cc90204f44ea" testName="Check_MethodInfo_Exists_For_All_Methods" computerName="DKSR-EFI-06" duration="00:00:00.0450909" startTime="2024-01-09T15:42:18.4820847+01:00" endTime="2024-01-09T15:42:18.5290013+01:00" testType="13cdc9d9-ddb5-4fa4-a97d-d965ccfc6d4b" outcome="Passed" testListId="8c84fa94-04c1-424b-9868-57a2d4851a1d" relativeResultsDirectory="15625278-39f7-4022-8170-d011bdb6a769" />
    <UnitTestResult executionId="d75a6247-3300-4851-a6e4-1879a1b1d955" testId="e27529de-e016-835f-9f1b-07dae0158dc6" testName="Validate_WhenCustomGuidValidatorReturnsValidResultWithAllowedMIPKinds_Passes" computerName="DKSR-EFI-06" duration="00:00:00.0154996" startTime="2024-01-09T15:42:37.2633795+01:00" endTime="2024-01-09T15:42:37.2790033+01:00" testType="13cdc9d9-ddb5-4fa4-a97d-d965ccfc6d4b" outcome="Passed" testListId="8c84fa94-04c1-424b-9868-57a2d4851a1d" relativeResultsDirectory="d75a6247-3300-4851-a6e4-1879a1b1d955" />
    <UnitTestResult executionId="690fb5c2-6422-4116-9598-9a59f1b199c7" testId="125421d6-7b85-7e89-5dee-95b4ab80b7a9" testName="TryGetPropertyValueIfValid_WhenPropertyDoesntExist_ReturnsFalse" computerName="DKSR-EFI-06" duration="00:00:00.0011254" startTime="2024-01-09T15:42:34.1696108+01:00" endTime="2024-01-09T15:42:34.1696108+01:00" testType="13cdc9d9-ddb5-4fa4-a97d-d965ccfc6d4b" outcome="Passed" testListId="8c84fa94-04c1-424b-9868-57a2d4851a1d" relativeResultsDirectory="690fb5c2-6422-4116-9598-9a59f1b199c7" />
    <UnitTestResult executionId="67a3ae27-0a01-4bdd-bdc3-5e648e7f2484" testId="fabca215-1eb7-b61b-9432-3f3d050b58e8" testName="Invoke_WhenPropertyNotFound_ArgumentException" computerName="DKSR-EFI-06" duration="00:00:00.0010958" startTime="2024-01-09T15:42:41.2633961+01:00" endTime="2024-01-09T15:42:41.2633961+01:00" testType="13cdc9d9-ddb5-4fa4-a97d-d965ccfc6d4b" outcome="Passed" testListId="8c84fa94-04c1-424b-9868-57a2d4851a1d" relativeResultsDirectory="67a3ae27-0a01-4bdd-bdc3-5e648e7f2484" />
    <UnitTestResult executionId="db8442aa-d0f7-454e-acec-7a48a2ab3857" testId="f6022fba-2aac-9d92-25e9-5ea8f68570f4" testName="GetChildItems_ParamNullCheck_PathTest" computerName="DKSR-EFI-06" duration="00:00:00.0005223" startTime="2024-01-09T15:42:41.5133964+01:00" endTime="2024-01-09T15:42:41.5133964+01:00" testType="13cdc9d9-ddb5-4fa4-a97d-d965ccfc6d4b" outcome="Passed" testListId="8c84fa94-04c1-424b-9868-57a2d4851a1d" relativeResultsDirectory="db8442aa-d0f7-454e-acec-7a48a2ab3857" />
    <UnitTestResult executionId="b2593017-220d-4ccf-b82b-4368e1ef520c" testId="2de81f88-f4e8-842d-f3f6-60f1e00fd9ad" testName="Build_WhenActionHasNullEmptyParameters_ReturnsDefaultValue" computerName="DKSR-EFI-06" duration="00:00:00.0012571" startTime="2024-01-09T15:42:36.3883751+01:00" endTime="2024-01-09T15:42:36.3883751+01:00" testType="13cdc9d9-ddb5-4fa4-a97d-d965ccfc6d4b" outcome="Passed" testListId="8c84fa94-04c1-424b-9868-57a2d4851a1d" relativeResultsDirectory="b2593017-220d-4ccf-b82b-4368e1ef520c" />
    <UnitTestResult executionId="fbefaa7c-fcc9-47c1-99cf-037c0b1a7a73" testId="ec618ff3-6b3d-68fe-afb8-6814da4cfab2" testName="Put_KnownResource_ReturnsPutResultInBody" computerName="DKSR-EFI-06" duration="00:00:00.0158387" startTime="2024-01-09T15:42:28.0445889+01:00" endTime="2024-01-09T15:42:28.0602153+01:00" testType="13cdc9d9-ddb5-4fa4-a97d-d965ccfc6d4b" outcome="Passed" testListId="8c84fa94-04c1-424b-9868-57a2d4851a1d" relativeResultsDirectory="fbefaa7c-fcc9-47c1-99cf-037c0b1a7a73" />
    <UnitTestResult executionId="8ef40ab1-3f92-4cc7-9dbc-ec20b84f26a8" testId="0333d46d-5d86-b0f5-6854-51377d198f55" testName="DriverSettingsBusiness_PrepareAndValidateSettings_ValueOutOfRangeException (Data Row 1)" computerName="DKSR-EFI-06" duration="00:00:00.0144838" startTime="2024-01-09T15:42:32.5446004+01:00" endTime="2024-01-09T15:42:32.7164754+01:00" testType="13cdc9d9-ddb5-4fa4-a97d-d965ccfc6d4b" outcome="Passed" testListId="8c84fa94-04c1-424b-9868-57a2d4851a1d" relativeResultsDirectory="8ef40ab1-3f92-4cc7-9dbc-ec20b84f26a8" />
    <UnitTestResult executionId="bf8faba7-8633-4c9d-af44-e6df22ac95b5" testId="f1c73bf6-3786-d95f-778b-57e92d648c13" testName="Build_WhenStartRuleIsRecurringTime_MonthlyAndOnceWithNoRequiredProperties_PropertiesAreSetWithDefaultValues" computerName="DKSR-EFI-06" duration="00:00:00.0024269" startTime="2024-01-09T15:42:36.2008728+01:00" endTime="2024-01-09T15:42:36.2008728+01:00" testType="13cdc9d9-ddb5-4fa4-a97d-d965ccfc6d4b" outcome="Passed" testListId="8c84fa94-04c1-424b-9868-57a2d4851a1d" relativeResultsDirectory="bf8faba7-8633-4c9d-af44-e6df22ac95b5" />
    <UnitTestResult executionId="cca1b214-b114-48cb-b8bd-0e40130acfed" testId="d0b2304e-f546-20e2-91f8-f1686494292c" testName="ConfigurationItemPath_Create_InvalidPath_ArgumentException (Data Row 8)" computerName="DKSR-EFI-06" duration="00:00:00.0002552" startTime="2024-01-09T15:42:33.4352289+01:00" endTime="2024-01-09T15:42:33.4352289+01:00" testType="13cdc9d9-ddb5-4fa4-a97d-d965ccfc6d4b" outcome="Passed" testListId="8c84fa94-04c1-424b-9868-57a2d4851a1d" relativeResultsDirectory="cca1b214-b114-48cb-b8bd-0e40130acfed" />
    <UnitTestResult executionId="3a43c1c2-b240-4aee-b7bc-5ee286abe935" testId="f4188e9f-a3c3-f41b-7bb3-a5786809c2c4" testName="GetXml_WhenRuleTypeIsMonthlyRelativeAndOnce_MatchesXml" computerName="DKSR-EFI-06" duration="00:00:00.0005981" startTime="2024-01-09T15:42:39.0446358+01:00" endTime="2024-01-09T15:42:39.0446358+01:00" testType="13cdc9d9-ddb5-4fa4-a97d-d965ccfc6d4b" outcome="Passed" testListId="8c84fa94-04c1-424b-9868-57a2d4851a1d" relativeResultsDirectory="3a43c1c2-b240-4aee-b7bc-5ee286abe935" />
    <UnitTestResult executionId="92b2a84a-0b94-4c0c-b946-6b76782fca39" testId="7559af2b-2ed8-52b0-aa3d-7968eef4da1d" testName="Build_StartRecordAllFrames_WhenParametersAreSet_ReturnsActionModel" computerName="DKSR-EFI-06" duration="00:00:00.0010018" startTime="2024-01-09T15:42:36.4196256+01:00" endTime="2024-01-09T15:42:36.4196256+01:00" testType="13cdc9d9-ddb5-4fa4-a97d-d965ccfc6d4b" outcome="Passed" testListId="8c84fa94-04c1-424b-9868-57a2d4851a1d" relativeResultsDirectory="92b2a84a-0b94-4c0c-b946-6b76782fca39" />
    <UnitTestResult executionId="592e9d8b-1916-4d3a-b17a-0d95f703df97" testId="a01e410f-6df7-2be8-3a13-4be2c8ba9d7c" testName="Invoke_WrongMethodId" computerName="DKSR-EFI-06" duration="00:00:00.0009217" startTime="2024-01-09T15:42:40.5446417+01:00" endTime="2024-01-09T15:42:40.5446417+01:00" testType="13cdc9d9-ddb5-4fa4-a97d-d965ccfc6d4b" outcome="Passed" testListId="8c84fa94-04c1-424b-9868-57a2d4851a1d" relativeResultsDirectory="592e9d8b-1916-4d3a-b17a-0d95f703df97" />
    <UnitTestResult executionId="9e0e4543-4e95-4e58-baf0-0cc98b725d61" testId="3a076aa3-b0bd-9e63-5452-4d9f17681d3e" testName="GetLogin_MethodCalled_CorrectMethodIsCalledOnIdpAdministrationClient" computerName="DKSR-EFI-06" duration="00:00:00.0032771" startTime="2024-01-09T15:42:33.2008539+01:00" endTime="2024-01-09T15:42:33.2008539+01:00" testType="13cdc9d9-ddb5-4fa4-a97d-d965ccfc6d4b" outcome="Passed" testListId="8c84fa94-04c1-424b-9868-57a2d4851a1d" relativeResultsDirectory="9e0e4543-4e95-4e58-baf0-0cc98b725d61" />
    <UnitTestResult executionId="263da88c-d23f-4799-a995-8b3e8162de51" testId="444c5c09-84ec-77f0-99e4-7efe3a1e69c0" testName="Build_WhenAlwaysConditionIsSet_ReturnsAlwaysCondition" computerName="DKSR-EFI-06" duration="00:00:00.0007140" startTime="2024-01-09T15:42:36.6227481+01:00" endTime="2024-01-09T15:42:36.6227481+01:00" testType="13cdc9d9-ddb5-4fa4-a97d-d965ccfc6d4b" outcome="Passed" testListId="8c84fa94-04c1-424b-9868-57a2d4851a1d" relativeResultsDirectory="263da88c-d23f-4799-a995-8b3e8162de51" />
    <UnitTestResult executionId="390699bf-34c6-4829-b0cf-f6e892cea95b" testId="96b78bb0-de68-6907-93ee-081c93f57dda" testName="Validate_WhenValidMonthlyRelativeFrequency_ValidOnceSubday_NoErrors" computerName="DKSR-EFI-06" duration="00:00:00.0024406" startTime="2024-01-09T15:42:37.1071273+01:00" endTime="2024-01-09T15:42:37.1071273+01:00" testType="13cdc9d9-ddb5-4fa4-a97d-d965ccfc6d4b" outcome="Passed" testListId="8c84fa94-04c1-424b-9868-57a2d4851a1d" relativeResultsDirectory="390699bf-34c6-4829-b0cf-f6e892cea95b" />
    <UnitTestResult executionId="aef71fbb-6c65-41cb-a145-7c0c7242c1b5" testId="14df55ed-c3c0-2499-4340-7ea83ed79fb7" testName="GetItemType_WhenInvalidMonitor_ReturnsNull" computerName="DKSR-EFI-06" duration="00:00:00.0055873" startTime="2024-01-09T15:42:37.8258822+01:00" endTime="2024-01-09T15:42:37.8258822+01:00" testType="13cdc9d9-ddb5-4fa4-a97d-d965ccfc6d4b" outcome="Passed" testListId="8c84fa94-04c1-424b-9868-57a2d4851a1d" relativeResultsDirectory="aef71fbb-6c65-41cb-a145-7c0c7242c1b5" />
    <UnitTestResult executionId="730aa285-5ac1-4e3f-8fb0-d113be885107" testId="b7cf50e8-1705-9476-180d-7d52d06c77ae" testName="GetNextProperties_WhenNamePropertyIsPresent_ReturnsDescriptionProperties" computerName="DKSR-EFI-06" duration="00:00:00.0011058" startTime="2024-01-09T15:42:34.3414840+01:00" endTime="2024-01-09T15:42:34.3414840+01:00" testType="13cdc9d9-ddb5-4fa4-a97d-d965ccfc6d4b" outcome="Passed" testListId="8c84fa94-04c1-424b-9868-57a2d4851a1d" relativeResultsDirectory="730aa285-5ac1-4e3f-8fb0-d113be885107" />
    <UnitTestResult executionId="4ede18a9-d70b-41c0-ac8e-a48722b45396" testId="e74ba4b2-cf92-b242-ecbe-0429db4c8c07" testName="Validate_WhenObjectNotExists_ReturnsFalse" computerName="DKSR-EFI-06" duration="00:00:00.0025845" startTime="2024-01-09T15:42:38.4977595+01:00" endTime="2024-01-09T15:42:38.5133820+01:00" testType="13cdc9d9-ddb5-4fa4-a97d-d965ccfc6d4b" outcome="Passed" testListId="8c84fa94-04c1-424b-9868-57a2d4851a1d" relativeResultsDirectory="4ede18a9-d70b-41c0-ac8e-a48722b45396" />
    <UnitTestResult executionId="42151b45-f8f3-4a08-9a65-654d5602b172" testId="fe7c5bf3-35b6-cf9c-259a-ab9366d49636" testName="InvokeMethod_RemoveAudioFile_NonExistentIdTest" computerName="DKSR-EFI-06" duration="00:00:00.0008694" startTime="2024-01-09T15:42:41.8258978+01:00" endTime="2024-01-09T15:42:41.8258978+01:00" testType="13cdc9d9-ddb5-4fa4-a97d-d965ccfc6d4b" outcome="Passed" testListId="8c84fa94-04c1-424b-9868-57a2d4851a1d" relativeResultsDirectory="42151b45-f8f3-4a08-9a65-654d5602b172" />
    <UnitTestResult executionId="ca8ab09a-26e6-4957-8e58-e6ad3d9883a2" testId="6bc5e92c-5c63-27f1-7ca0-c422b95c433f" testName="ServerProxyService_GetDeviceGroupMembersByDeviceGroupId_AllOutputs_Allowed_NotFiltered" computerName="DKSR-EFI-06" duration="00:00:00.0101303" startTime="2024-01-09T15:42:25.3414645+01:00" endTime="2024-01-09T15:42:25.3570899+01:00" testType="13cdc9d9-ddb5-4fa4-a97d-d965ccfc6d4b" outcome="Passed" testListId="8c84fa94-04c1-424b-9868-57a2d4851a1d" relativeResultsDirectory="ca8ab09a-26e6-4957-8e58-e6ad3d9883a2" />
    <UnitTestResult executionId="514cb6ea-08df-40df-9694-0323bf357426" testId="b973da1a-2e42-fe55-9475-2d140e6e0854" testName="DriverSettingsBusiness_PrepareAndValidateSettings_Success (Data Row 1)" computerName="DKSR-EFI-06" duration="00:00:00.0339251" startTime="2024-01-09T15:42:30.2633401+01:00" endTime="2024-01-09T15:42:32.2008497+01:00" testType="13cdc9d9-ddb5-4fa4-a97d-d965ccfc6d4b" outcome="Passed" testListId="8c84fa94-04c1-424b-9868-57a2d4851a1d" relativeResultsDirectory="514cb6ea-08df-40df-9694-0323bf357426" />
    <UnitTestResult executionId="c85f7e92-edb8-48ee-8cf0-0cd48e5b58fc" testId="4d74ca74-1f1e-6f8c-a28b-7c23b59e231b" testName="Validate_WhenExpectedTypeIsNull_ReturnFalse" computerName="DKSR-EFI-06" duration="00:00:00.0043535" startTime="2024-01-09T15:42:37.6227533+01:00" endTime="2024-01-09T15:42:37.6383793+01:00" testType="13cdc9d9-ddb5-4fa4-a97d-d965ccfc6d4b" outcome="Passed" testListId="8c84fa94-04c1-424b-9868-57a2d4851a1d" relativeResultsDirectory="c85f7e92-edb8-48ee-8cf0-0cd48e5b58fc" />
    <UnitTestResult executionId="9cb6bb18-1140-4362-a211-8f07dafa8b4f" testId="6604f7fb-d1f0-decc-3d96-f5e4db864ef8" testName="GetCurrentProperties_WhenTimeBetweenWithoutStartTimeIsSet_ReturnsProperties" computerName="DKSR-EFI-06" duration="00:00:00.0005757" startTime="2024-01-09T15:42:34.7946146+01:00" endTime="2024-01-09T15:42:34.8102416+01:00" testType="13cdc9d9-ddb5-4fa4-a97d-d965ccfc6d4b" outcome="Passed" testListId="8c84fa94-04c1-424b-9868-57a2d4851a1d" relativeResultsDirectory="9cb6bb18-1140-4362-a211-8f07dafa8b4f" />
    <UnitTestResult executionId="064865a8-41ef-4a88-ab74-99030ec4d385" testId="02e90796-13cf-4684-9994-7eec6b9c424f" testName="GetPropertyValue_WhenValueIsNull_Exception" computerName="DKSR-EFI-06" duration="00:00:00.0009825" startTime="2024-01-09T15:42:34.1696108+01:00" endTime="2024-01-09T15:42:34.1852375+01:00" testType="13cdc9d9-ddb5-4fa4-a97d-d965ccfc6d4b" outcome="Passed" testListId="8c84fa94-04c1-424b-9868-57a2d4851a1d" relativeResultsDirectory="064865a8-41ef-4a88-ab74-99030ec4d385" />
    <UnitTestResult executionId="8674878a-9ffd-4d6b-9044-4602bbfe3fd9" testId="c1561c8f-98e3-bc0d-118e-3c052cc495d9" testName="Build_OutsideTimeProfileConditionIsSet_OutsideTimeProfilePropertyAdded" computerName="DKSR-EFI-06" duration="00:00:00.0040203" startTime="2024-01-09T15:42:36.1227491+01:00" endTime="2024-01-09T15:42:36.1227491+01:00" testType="13cdc9d9-ddb5-4fa4-a97d-d965ccfc6d4b" outcome="Passed" testListId="8c84fa94-04c1-424b-9868-57a2d4851a1d" relativeResultsDirectory="8674878a-9ffd-4d6b-9044-4602bbfe3fd9" />
    <UnitTestResult executionId="b7216f23-edd5-481d-837f-b23f467d4ab1" testId="0f5033f1-aa3c-42c2-fa63-9f0688a853b4" testName="Build_WhenRecordAlwaysRuleOnDevices_WithDefaultStopAction" computerName="DKSR-EFI-06" duration="00:00:00.0244792" startTime="2024-01-09T15:42:36.5133752+01:00" endTime="2024-01-09T15:42:36.5446280+01:00" testType="13cdc9d9-ddb5-4fa4-a97d-d965ccfc6d4b" outcome="Passed" testListId="8c84fa94-04c1-424b-9868-57a2d4851a1d" relativeResultsDirectory="b7216f23-edd5-481d-837f-b23f467d4ab1" />
    <UnitTestResult executionId="b267fbd5-74ff-4bff-8ea7-819263e410ee" testId="b202e46e-4a3a-41ab-e10a-e01698bd46e1" testName="ServerProxyService_GetConfigurationDataSetTables_Rules_NotAllowed_RowRemoved" computerName="DKSR-EFI-06" duration="00:00:00.0118154" startTime="2024-01-09T15:42:25.4195878+01:00" endTime="2024-01-09T15:42:25.4352642+01:00" testType="13cdc9d9-ddb5-4fa4-a97d-d965ccfc6d4b" outcome="Passed" testListId="8c84fa94-04c1-424b-9868-57a2d4851a1d" relativeResultsDirectory="b267fbd5-74ff-4bff-8ea7-819263e410ee" />
    <UnitTestResult executionId="3128eaed-d217-4aad-b58b-20da36672176" testId="170e0c6a-3466-6e27-447d-fa66bd08aebe" testName="ValidateToken_Success" computerName="DKSR-EFI-06" duration="00:00:00.0280261" startTime="2024-01-09T15:42:30.0602143+01:00" endTime="2024-01-09T15:42:30.0758392+01:00" testType="13cdc9d9-ddb5-4fa4-a97d-d965ccfc6d4b" outcome="Passed" testListId="8c84fa94-04c1-424b-9868-57a2d4851a1d" relativeResultsDirectory="3128eaed-d217-4aad-b58b-20da36672176" />
    <UnitTestResult executionId="ee4d9353-13b7-4e21-ba26-a602a538d52d" testId="3e97ce03-fcf5-2fd0-c71d-61d113552656" testName="IsComplete_WhenStopRuleIsTimerWithNoTime_ReturnsFalse" computerName="DKSR-EFI-06" duration="00:00:00.0020056" startTime="2024-01-09T15:42:35.3883705+01:00" endTime="2024-01-09T15:42:35.3883705+01:00" testType="13cdc9d9-ddb5-4fa4-a97d-d965ccfc6d4b" outcome="Passed" testListId="8c84fa94-04c1-424b-9868-57a2d4851a1d" relativeResultsDirectory="ee4d9353-13b7-4e21-ba26-a602a538d52d" />
    <UnitTestResult executionId="08e7d536-3822-4411-9db5-2fff9ab285d1" testId="245f7ced-b3b9-8220-a6b3-46a367e4ade3" testName="ServerProxyService_GetConfigurationDataSetTables_UserDefinedEvents_NotAllowed_RowRemoved" computerName="DKSR-EFI-06" duration="00:00:00.0107875" startTime="2024-01-09T15:42:25.4508397+01:00" endTime="2024-01-09T15:42:25.4664631+01:00" testType="13cdc9d9-ddb5-4fa4-a97d-d965ccfc6d4b" outcome="Passed" testListId="8c84fa94-04c1-424b-9868-57a2d4851a1d" relativeResultsDirectory="08e7d536-3822-4411-9db5-2fff9ab285d1" />
    <UnitTestResult executionId="0d160b6b-487e-44a1-b9c7-eafdd84d5e0c" testId="075f7067-fb0c-e9e2-5013-7e783c1bb677" testName="IsComplete_WhenNamePropertyHasEmptyValue_ReturnsFalse" computerName="DKSR-EFI-06" duration="00:00:00.0003916" startTime="2024-01-09T15:42:34.3258593+01:00" endTime="2024-01-09T15:42:34.3258593+01:00" testType="13cdc9d9-ddb5-4fa4-a97d-d965ccfc6d4b" outcome="Passed" testListId="8c84fa94-04c1-424b-9868-57a2d4851a1d" relativeResultsDirectory="0d160b6b-487e-44a1-b9c7-eafdd84d5e0c" />
    <UnitTestResult executionId="93aca8b8-2c27-48f9-ae4b-efafdd8cf51f" testId="87cec38f-e051-18f1-0bb9-d08df29fa086" testName="GetVmsUserById_UserNotFound_ThrowsVmoServerServiceException" computerName="DKSR-EFI-06" duration="00:00:00.0035371" startTime="2024-01-09T15:42:33.2477288+01:00" endTime="2024-01-09T15:42:33.2477288+01:00" testType="13cdc9d9-ddb5-4fa4-a97d-d965ccfc6d4b" outcome="Passed" testListId="8c84fa94-04c1-424b-9868-57a2d4851a1d" relativeResultsDirectory="93aca8b8-2c27-48f9-ae4b-efafdd8cf51f" />
    <UnitTestResult executionId="6c07a1a9-da6c-46b5-9892-a2bf6056df38" testId="18a95466-e3e2-18f1-31e6-a85459b0421a" testName="GetItemType_WhenValidVideoWallPreset_ReturnsVideoWallPreset" computerName="DKSR-EFI-06" duration="00:00:00.0057450" startTime="2024-01-09T15:42:38.2165079+01:00" endTime="2024-01-09T15:42:38.2165079+01:00" testType="13cdc9d9-ddb5-4fa4-a97d-d965ccfc6d4b" outcome="Passed" testListId="8c84fa94-04c1-424b-9868-57a2d4851a1d" relativeResultsDirectory="6c07a1a9-da6c-46b5-9892-a2bf6056df38" />
    <UnitTestResult executionId="b184ae0a-1629-455a-af93-7cbecf149544" testId="76de3796-d5dc-347e-65d1-c3e9eecc7f02" testName="ServerProxyService_GetDevicesByDeviceIds_Allowed_NotFiltered" computerName="DKSR-EFI-06" duration="00:00:00.0103939" startTime="2024-01-09T15:42:25.1695917+01:00" endTime="2024-01-09T15:42:25.1695917+01:00" testType="13cdc9d9-ddb5-4fa4-a97d-d965ccfc6d4b" outcome="Passed" testListId="8c84fa94-04c1-424b-9868-57a2d4851a1d" relativeResultsDirectory="b184ae0a-1629-455a-af93-7cbecf149544" />
    <UnitTestResult executionId="66a4c434-6c67-466e-8452-6d46c5248081" testId="9f3a3c59-809c-a915-2bba-f143c9656182" testName="GetChildItems_ParamNullCheck_PathTest" computerName="DKSR-EFI-06" duration="00:00:00.0006949" startTime="2024-01-09T15:42:41.4196468+01:00" endTime="2024-01-09T15:42:41.4196468+01:00" testType="13cdc9d9-ddb5-4fa4-a97d-d965ccfc6d4b" outcome="Passed" testListId="8c84fa94-04c1-424b-9868-57a2d4851a1d" relativeResultsDirectory="66a4c434-6c67-466e-8452-6d46c5248081" />
    <UnitTestResult executionId="7658d9f4-e9ba-422b-ab84-9dd60933dbf5" testId="e0e2631f-d02f-1e38-d525-55b907a53348" testName="TryGetPropertyValueIfValid_WhenPropertyExistsAndValueAllowed_ReturnsTrue" computerName="DKSR-EFI-06" duration="00:00:00.0004913" startTime="2024-01-09T15:42:34.1696108+01:00" endTime="2024-01-09T15:42:34.1696108+01:00" testType="13cdc9d9-ddb5-4fa4-a97d-d965ccfc6d4b" outcome="Passed" testListId="8c84fa94-04c1-424b-9868-57a2d4851a1d" relativeResultsDirectory="7658d9f4-e9ba-422b-ab84-9dd60933dbf5" />
    <UnitTestResult executionId="19b7cfa6-8856-48c6-95f2-adc7a5507b46" testId="a3b4451b-4ef5-eea6-4740-f05d5b44e9d0" testName="GetXml_WhenActionIsVideoWallRemoveCameras_MatchesXml" computerName="DKSR-EFI-06" duration="00:00:00.0007327" startTime="2024-01-09T15:42:38.6540091+01:00" endTime="2024-01-09T15:42:38.6540091+01:00" testType="13cdc9d9-ddb5-4fa4-a97d-d965ccfc6d4b" outcome="Passed" testListId="8c84fa94-04c1-424b-9868-57a2d4851a1d" relativeResultsDirectory="19b7cfa6-8856-48c6-95f2-adc7a5507b46" />
    <UnitTestResult executionId="cd57cef7-12d5-456b-8ce8-348e717f2431" testId="4dab8c84-8237-147c-fb44-2d0d64662423" testName="Validate_ParamNullCheck1" computerName="DKSR-EFI-06" duration="00:00:00.0013333" startTime="2024-01-09T15:42:39.6852655+01:00" endTime="2024-01-09T15:42:39.6852655+01:00" testType="13cdc9d9-ddb5-4fa4-a97d-d965ccfc6d4b" outcome="Passed" testListId="8c84fa94-04c1-424b-9868-57a2d4851a1d" relativeResultsDirectory="cd57cef7-12d5-456b-8ce8-348e717f2431" />
    <UnitTestResult executionId="c94675c0-c618-4071-a43c-b515cead00ed" testId="fd17e788-d21b-4bd2-5960-a2bb7514f0f4" testName="AfterReceiveRequest_AuthenticationReturnsTrue_PrincipalIsSet" computerName="DKSR-EFI-06" duration="00:00:00.1960534" startTime="2024-01-09T15:42:44.5134059+01:00" endTime="2024-01-09T15:42:44.7009070+01:00" testType="13cdc9d9-ddb5-4fa4-a97d-d965ccfc6d4b" outcome="Passed" testListId="8c84fa94-04c1-424b-9868-57a2d4851a1d" relativeResultsDirectory="c94675c0-c618-4071-a43c-b515cead00ed" />
    <UnitTestResult executionId="78a31ad1-0cb8-4275-ab47-6d68c9ec3bd0" testId="f91f19a9-857e-d90b-12ef-cb4a6ffa0ef4" testName="InvokeBegin_NoBasicResultHasBeenSet_CallDefaultInvoker" computerName="DKSR-EFI-06" duration="00:00:00.0048262" startTime="2024-01-09T15:42:44.2790304+01:00" endTime="2024-01-09T15:42:44.2946555+01:00" testType="13cdc9d9-ddb5-4fa4-a97d-d965ccfc6d4b" outcome="Passed" testListId="8c84fa94-04c1-424b-9868-57a2d4851a1d" relativeResultsDirectory="78a31ad1-0cb8-4275-ab47-6d68c9ec3bd0" />
    <UnitTestResult executionId="bd4a0bae-8f5d-4723-ae71-1e10696e0c4d" testId="18730116-4220-9bac-5ef7-f40d7abf5ba9" testName="SystemSettingsManager_ConvertActivationCredentialsToDatabaseValue_Failure_MissingUserName" computerName="DKSR-EFI-06" duration="00:00:00.0037543" startTime="2024-01-09T15:42:25.6227144+01:00" endTime="2024-01-09T15:42:25.6383399+01:00" testType="13cdc9d9-ddb5-4fa4-a97d-d965ccfc6d4b" outcome="Passed" testListId="8c84fa94-04c1-424b-9868-57a2d4851a1d" relativeResultsDirectory="bd4a0bae-8f5d-4723-ae71-1e10696e0c4d" />
    <UnitTestResult executionId="e86f9c4f-a0ea-40db-827b-a06282a5e8c3" testId="29521c16-b555-d9d6-97db-3f676a829642" testName="GetChildItems_ParamNullCheck_PathTest" computerName="DKSR-EFI-06" duration="00:00:00.0030297" startTime="2024-01-09T15:42:40.7633924+01:00" endTime="2024-01-09T15:42:40.7633924+01:00" testType="13cdc9d9-ddb5-4fa4-a97d-d965ccfc6d4b" outcome="Passed" testListId="8c84fa94-04c1-424b-9868-57a2d4851a1d" relativeResultsDirectory="e86f9c4f-a0ea-40db-827b-a06282a5e8c3">
      <Output>
        <StdOut>Debug Trace:&#xD;
Fail: Argument null</StdOut>
      </Output>
    </UnitTestResult>
    <UnitTestResult executionId="c8ccce73-3361-48c3-8254-5164b92fa25e" testId="6f0423ac-d934-d89f-ed34-8ecd140999c8" testName="SidUtilityDomainSidTest" computerName="DKSR-EFI-06" duration="00:00:00.0007874" startTime="2024-01-09T15:42:32.7633497+01:00" endTime="2024-01-09T15:42:32.7633497+01:00" testType="13cdc9d9-ddb5-4fa4-a97d-d965ccfc6d4b" outcome="Passed" testListId="8c84fa94-04c1-424b-9868-57a2d4851a1d" relativeResultsDirectory="c8ccce73-3361-48c3-8254-5164b92fa25e" />
    <UnitTestResult executionId="3b659c60-19c5-4b6d-ad79-b2b00b8e2db4" testId="e27c1e8d-41e0-493e-93d8-fd570741722c" testName="Build_WhenRecurringRuleType_MonthlyRelativeOnce_PropertiesAreSet" computerName="DKSR-EFI-06" duration="00:00:00.0034299" startTime="2024-01-09T15:42:36.1696228+01:00" endTime="2024-01-09T15:42:36.1696228+01:00" testType="13cdc9d9-ddb5-4fa4-a97d-d965ccfc6d4b" outcome="Passed" testListId="8c84fa94-04c1-424b-9868-57a2d4851a1d" relativeResultsDirectory="3b659c60-19c5-4b6d-ad79-b2b00b8e2db4" />
    <UnitTestResult executionId="df9a3f20-3528-43b5-bed7-08cd3ad474c2" testId="9529ded6-4121-6185-73b8-0668cd91a608" testName="Build_CreateLogEntry_WhenParametersAreSet_ReturnsActionModel" computerName="DKSR-EFI-06" duration="00:00:00.0008204" startTime="2024-01-09T15:42:36.4352488+01:00" endTime="2024-01-09T15:42:36.4352488+01:00" testType="13cdc9d9-ddb5-4fa4-a97d-d965ccfc6d4b" outcome="Passed" testListId="8c84fa94-04c1-424b-9868-57a2d4851a1d" relativeResultsDirectory="df9a3f20-3528-43b5-bed7-08cd3ad474c2" />
    <UnitTestResult executionId="56c4a0c5-d0da-43ae-8157-675b19fe699f" testId="24817f7c-54fb-66bf-9a8d-ded7c9576a34" testName="GetCurrentProperties_WhenNoPropertiesSet_ReturnsNoProperty" computerName="DKSR-EFI-06" duration="00:00:00.0008877" startTime="2024-01-09T15:42:34.7789871+01:00" endTime="2024-01-09T15:42:34.7789871+01:00" testType="13cdc9d9-ddb5-4fa4-a97d-d965ccfc6d4b" outcome="Passed" testListId="8c84fa94-04c1-424b-9868-57a2d4851a1d" relativeResultsDirectory="56c4a0c5-d0da-43ae-8157-675b19fe699f" />
    <UnitTestResult executionId="5fdd9b75-71f9-4a28-bfca-83bd190b4581" testId="8e6f1fb5-94de-db36-cf9d-fad74015fce1" testName="TestBuild_CustomFields_Correct" computerName="DKSR-EFI-06" duration="00:00:00.0028845" startTime="2024-01-09T15:42:41.3727704+01:00" endTime="2024-01-09T15:42:41.3883949+01:00" testType="13cdc9d9-ddb5-4fa4-a97d-d965ccfc6d4b" outcome="Passed" testListId="8c84fa94-04c1-424b-9868-57a2d4851a1d" relativeResultsDirectory="5fdd9b75-71f9-4a28-bfca-83bd190b4581" />
    <UnitTestResult executionId="be07bf51-ad35-436a-9489-2e4221cec04f" testId="447882cf-b1f0-9bbe-609a-b97dd41b03c3" testName="Build_WhenActionIsDeviceChangeSettings_ReturnsRuleModel" computerName="DKSR-EFI-06" duration="00:00:00.0075920" startTime="2024-01-09T15:42:39.2946384+01:00" endTime="2024-01-09T15:42:39.3102616+01:00" testType="13cdc9d9-ddb5-4fa4-a97d-d965ccfc6d4b" outcome="Passed" testListId="8c84fa94-04c1-424b-9868-57a2d4851a1d" relativeResultsDirectory="be07bf51-ad35-436a-9489-2e4221cec04f" />
    <UnitTestResult executionId="9747fe51-c15c-4c01-82d3-608cad24bd4f" testId="bc9110d2-bbf0-0d05-1ed8-7bdf136caa75" testName="IsComplete_WhenStopActionHasValue_ParametersSetWithRequiredValues_ReturnsTrue" computerName="DKSR-EFI-06" duration="00:00:00.0012999" startTime="2024-01-09T15:42:35.2789917+01:00" endTime="2024-01-09T15:42:35.2946642+01:00" testType="13cdc9d9-ddb5-4fa4-a97d-d965ccfc6d4b" outcome="Passed" testListId="8c84fa94-04c1-424b-9868-57a2d4851a1d" relativeResultsDirectory="9747fe51-c15c-4c01-82d3-608cad24bd4f" />
    <UnitTestResult executionId="55e909f9-a702-4bab-84c1-506a16cd4105" testId="641d2104-eeb1-3c9f-8991-c3f8e0c3cc66" testName="Validate_WhenWrongKind_ReturnsFalse" computerName="DKSR-EFI-06" duration="00:00:00.0025672" startTime="2024-01-09T15:42:38.4821341+01:00" endTime="2024-01-09T15:42:38.4977595+01:00" testType="13cdc9d9-ddb5-4fa4-a97d-d965ccfc6d4b" outcome="Passed" testListId="8c84fa94-04c1-424b-9868-57a2d4851a1d" relativeResultsDirectory="55e909f9-a702-4bab-84c1-506a16cd4105" />
    <UnitTestResult executionId="2bee1285-6020-4233-b601-fc3405c45156" testId="292af488-32dd-4dfc-e80c-8924e23e9af3" testName="Validation_GridSize_Is_Null_ArgumentOutOfRangeExceptionExpected" computerName="DKSR-EFI-06" duration="00:00:00.0006716" startTime="2024-01-09T15:42:26.1695892+01:00" endTime="2024-01-09T15:42:26.1695892+01:00" testType="13cdc9d9-ddb5-4fa4-a97d-d965ccfc6d4b" outcome="Passed" testListId="8c84fa94-04c1-424b-9868-57a2d4851a1d" relativeResultsDirectory="2bee1285-6020-4233-b601-fc3405c45156" />
    <UnitTestResult executionId="b79af08d-3d3a-45e7-a203-0ecf79c66b2b" testId="7c97d847-9d63-60ce-2ff8-4481484aa5cd" testName="Patch_UseElementListToUpdateItem_UseItemPath" computerName="DKSR-EFI-06" duration="00:00:00.0243542" startTime="2024-01-09T15:42:29.2633394+01:00" endTime="2024-01-09T15:42:29.2789651+01:00" testType="13cdc9d9-ddb5-4fa4-a97d-d965ccfc6d4b" outcome="Passed" testListId="8c84fa94-04c1-424b-9868-57a2d4851a1d" relativeResultsDirectory="b79af08d-3d3a-45e7-a203-0ecf79c66b2b" />
    <UnitTestResult executionId="c6221c08-65d3-458b-a739-105401309530" testId="e0636431-39a7-23d3-36d5-7ba7de1b2c40" testName="QuerySearchTemplate_PrivateOnly" computerName="DKSR-EFI-06" duration="00:00:00.0192984" startTime="2024-01-09T15:42:43.6540289+01:00" endTime="2024-01-09T15:42:43.6696530+01:00" testType="13cdc9d9-ddb5-4fa4-a97d-d965ccfc6d4b" outcome="Passed" testListId="8c84fa94-04c1-424b-9868-57a2d4851a1d" relativeResultsDirectory="c6221c08-65d3-458b-a739-105401309530" />
    <UnitTestResult executionId="0a4ef096-7eaa-4bb5-9e08-df98ff034641" testId="8fb92609-66a3-f6d5-706f-44794edf9f40" testName="ValidateItem_ParamNullCheck_ConfigurationItemTest" computerName="DKSR-EFI-06" duration="00:00:00.0023599" startTime="2024-01-09T15:42:41.4821440+01:00" endTime="2024-01-09T15:42:41.4821440+01:00" testType="13cdc9d9-ddb5-4fa4-a97d-d965ccfc6d4b" outcome="Passed" testListId="8c84fa94-04c1-424b-9868-57a2d4851a1d" relativeResultsDirectory="0a4ef096-7eaa-4bb5-9e08-df98ff034641" />
    <UnitTestResult executionId="7cf31194-b9e9-4c24-980d-62c88748243a" testId="b973da1a-2e42-fe55-9475-2d140e6e0854" testName="DriverSettingsBusiness_PrepareAndValidateSettings_Success (Data Row 6)" computerName="DKSR-EFI-06" duration="00:00:00.0316121" startTime="2024-01-09T15:42:30.2633401+01:00" endTime="2024-01-09T15:42:32.2008497+01:00" testType="13cdc9d9-ddb5-4fa4-a97d-d965ccfc6d4b" outcome="Passed" testListId="8c84fa94-04c1-424b-9868-57a2d4851a1d" relativeResultsDirectory="7cf31194-b9e9-4c24-980d-62c88748243a" />
    <UnitTestResult executionId="faf893fb-6bfc-4d56-8eb8-53211dbdbb17" testId="fc4a824b-cf8e-6cd8-0c54-9ea53db6d4c7" testName="Validate_WhenDeviceActionButGuidIsEmptyString_Error" computerName="DKSR-EFI-06" duration="00:00:00.0015937" startTime="2024-01-09T15:42:37.5290047+01:00" endTime="2024-01-09T15:42:37.5446313+01:00" testType="13cdc9d9-ddb5-4fa4-a97d-d965ccfc6d4b" outcome="Passed" testListId="8c84fa94-04c1-424b-9868-57a2d4851a1d" relativeResultsDirectory="faf893fb-6bfc-4d56-8eb8-53211dbdbb17" />
    <UnitTestResult executionId="46ebdc83-4561-40af-b5f5-83f927fe02d0" testId="0a36e290-b29f-e9ff-08ff-905abbc37349" testName="Validate_WhenSubdayTypeRecurring_SubdayFrequencyIsNegative_ReturnsError" computerName="DKSR-EFI-06" duration="00:00:00.0007647" startTime="2024-01-09T15:42:36.9667190+01:00" endTime="2024-01-09T15:42:36.9821262+01:00" testType="13cdc9d9-ddb5-4fa4-a97d-d965ccfc6d4b" outcome="Passed" testListId="8c84fa94-04c1-424b-9868-57a2d4851a1d" relativeResultsDirectory="46ebdc83-4561-40af-b5f5-83f927fe02d0" />
    <UnitTestResult executionId="346492c2-1d81-4ac1-a8f1-e856e322be71" testId="52166fbc-bf96-bf5c-7dec-9432da55ec69" testName="Build_WhenStartRuleIsRecurringTime_DailyAndOnceWithNoRequiredProperties_PropertiesAreSetWithDefaultValues" computerName="DKSR-EFI-06" duration="00:00:00.0028308" startTime="2024-01-09T15:42:36.1852486+01:00" endTime="2024-01-09T15:42:36.1852486+01:00" testType="13cdc9d9-ddb5-4fa4-a97d-d965ccfc6d4b" outcome="Passed" testListId="8c84fa94-04c1-424b-9868-57a2d4851a1d" relativeResultsDirectory="346492c2-1d81-4ac1-a8f1-e856e322be71" />
    <UnitTestResult executionId="c9452332-aada-481a-ba05-f632eb790679" testId="b0d64cf3-c0c1-b7da-293c-7a840da53e3e" testName="AfterReceiveRequest_AuthorizationHeaderIsNotValidBase64_ReturnBasicAuthenticationErrorResponseData" computerName="DKSR-EFI-06" duration="00:00:00.0092588" startTime="2024-01-09T15:42:44.3759140+01:00" endTime="2024-01-09T15:42:44.3759140+01:00" testType="13cdc9d9-ddb5-4fa4-a97d-d965ccfc6d4b" outcome="Passed" testListId="8c84fa94-04c1-424b-9868-57a2d4851a1d" relativeResultsDirectory="c9452332-aada-481a-ba05-f632eb790679" />
    <UnitTestResult executionId="24d4bb8b-1d56-4cbc-8a42-16192300f221" testId="fedc3885-4e98-3c5b-a543-b5ca34f62fe7" testName="Build_WhenValid_ReturnsRuleModelWithCorrectNameDescriptionAndId" computerName="DKSR-EFI-06" duration="00:00:00.0453981" startTime="2024-01-09T15:42:39.0446358+01:00" endTime="2024-01-09T15:42:39.0915118+01:00" testType="13cdc9d9-ddb5-4fa4-a97d-d965ccfc6d4b" outcome="Passed" testListId="8c84fa94-04c1-424b-9868-57a2d4851a1d" relativeResultsDirectory="24d4bb8b-1d56-4cbc-8a42-16192300f221" />
    <UnitTestResult executionId="ab2a3010-5ad2-4049-a768-95f7431fd2f7" testId="a0f43ec4-6686-6df4-90b3-75e3388ac144" testName="Validate_SunnyDay" computerName="DKSR-EFI-06" duration="00:00:00.0008577" startTime="2024-01-09T15:42:39.7008912+01:00" endTime="2024-01-09T15:42:39.7008912+01:00" testType="13cdc9d9-ddb5-4fa4-a97d-d965ccfc6d4b" outcome="Passed" testListId="8c84fa94-04c1-424b-9868-57a2d4851a1d" relativeResultsDirectory="ab2a3010-5ad2-4049-a768-95f7431fd2f7" />
    <UnitTestResult executionId="bb63a6b8-34e0-4131-9912-029fa96660d1" testId="a0abc24f-7f86-7aea-f5f1-27e00b6dfdca" testName="Validate_WhenExpectedTypeIsNull_ReturnFalse" computerName="DKSR-EFI-06" duration="00:00:00.0019515" startTime="2024-01-09T15:42:37.9196326+01:00" endTime="2024-01-09T15:42:37.9196326+01:00" testType="13cdc9d9-ddb5-4fa4-a97d-d965ccfc6d4b" outcome="Passed" testListId="8c84fa94-04c1-424b-9868-57a2d4851a1d" relativeResultsDirectory="bb63a6b8-34e0-4131-9912-029fa96660d1" />
    <UnitTestResult executionId="d7e2785b-8883-493b-b74c-6318c333edd2" testId="553454c0-6562-e71b-1ff3-209de66885a1" testName="Validate_WhenIntValueOutOfRange_Error" computerName="DKSR-EFI-06" duration="00:00:00.0012083" startTime="2024-01-09T15:42:37.2165020+01:00" endTime="2024-01-09T15:42:37.2165020+01:00" testType="13cdc9d9-ddb5-4fa4-a97d-d965ccfc6d4b" outcome="Passed" testListId="8c84fa94-04c1-424b-9868-57a2d4851a1d" relativeResultsDirectory="d7e2785b-8883-493b-b74c-6318c333edd2" />
    <UnitTestResult executionId="ecc6536f-3665-4d4a-9f86-a9b7fe5bb0eb" testId="7a9725ed-edd5-6dd0-469b-91f9a7710f2f" testName="ScheduledActionController_Constructor_Success" computerName="DKSR-EFI-06" duration="00:00:00.0008740" startTime="2024-01-09T15:42:43.9040296+01:00" endTime="2024-01-09T15:42:43.9040296+01:00" testType="13cdc9d9-ddb5-4fa4-a97d-d965ccfc6d4b" outcome="Passed" testListId="8c84fa94-04c1-424b-9868-57a2d4851a1d" relativeResultsDirectory="ecc6536f-3665-4d4a-9f86-a9b7fe5bb0eb" />
    <UnitTestResult executionId="153ed068-622d-4c33-8277-08dbb0782f9b" testId="cdeefadd-35fd-3b75-8158-21c2a8710843" testName="Build_MIPAction2_WhenParametersAreSet_ReturnsActionModel" computerName="DKSR-EFI-06" duration="00:00:00.0143177" startTime="2024-01-09T15:42:36.4665008+01:00" endTime="2024-01-09T15:42:36.4821241+01:00" testType="13cdc9d9-ddb5-4fa4-a97d-d965ccfc6d4b" outcome="Passed" testListId="8c84fa94-04c1-424b-9868-57a2d4851a1d" relativeResultsDirectory="153ed068-622d-4c33-8277-08dbb0782f9b" />
    <UnitTestResult executionId="14c58345-61ce-4280-8bb8-efa22d6bc8a9" testId="8c361e5a-de6a-1b9a-5863-605cb07479fc" testName="TryGetProperty_WhenNoSuchProperty_ReturnsFalse" computerName="DKSR-EFI-06" duration="00:00:00.0002435" startTime="2024-01-09T15:42:34.1383614+01:00" endTime="2024-01-09T15:42:34.1383614+01:00" testType="13cdc9d9-ddb5-4fa4-a97d-d965ccfc6d4b" outcome="Passed" testListId="8c84fa94-04c1-424b-9868-57a2d4851a1d" relativeResultsDirectory="14c58345-61ce-4280-8bb8-efa22d6bc8a9" />
    <UnitTestResult executionId="74aa4f72-5396-44c6-961e-892d1ed4d5fb" testId="f5f88959-7204-88c4-4cd1-f22597aba532" testName="GetNextProperties_WhenRuleTypeIsEvent_EventSourcesNotPresent_ReturnsEventSourcesProperty" computerName="DKSR-EFI-06" duration="00:00:00.0028602" startTime="2024-01-09T15:42:35.2477425+01:00" endTime="2024-01-09T15:42:35.2633665+01:00" testType="13cdc9d9-ddb5-4fa4-a97d-d965ccfc6d4b" outcome="Passed" testListId="8c84fa94-04c1-424b-9868-57a2d4851a1d" relativeResultsDirectory="74aa4f72-5396-44c6-961e-892d1ed4d5fb" />
    <UnitTestResult executionId="c5670878-26f3-4068-b487-6ce2fcbc7325" testId="747902fc-8d63-ecaa-1405-6410000af2d2" testName="SendCommandSecurityVisitor_UpdateConfigurationManagerCommand_Hardware_Add_Allowed" computerName="DKSR-EFI-06" duration="00:00:00.0188027" startTime="2024-01-09T15:42:23.3102133+01:00" endTime="2024-01-09T15:42:23.3258378+01:00" testType="13cdc9d9-ddb5-4fa4-a97d-d965ccfc6d4b" outcome="Passed" testListId="8c84fa94-04c1-424b-9868-57a2d4851a1d" relativeResultsDirectory="c5670878-26f3-4068-b487-6ce2fcbc7325" />
    <UnitTestResult executionId="a1a72dde-edc6-4704-b696-51fe252d3493" testId="0021e5f3-ac0f-f756-05ee-633044d7bf74" testName="Get_KnownResourceType_Data_NotTasks_ReturnsJsonOfObjectArray" computerName="DKSR-EFI-06" duration="00:00:00.1194423" startTime="2024-01-09T15:42:27.2164638+01:00" endTime="2024-01-09T15:42:27.3414646+01:00" testType="13cdc9d9-ddb5-4fa4-a97d-d965ccfc6d4b" outcome="Passed" testListId="8c84fa94-04c1-424b-9868-57a2d4851a1d" relativeResultsDirectory="a1a72dde-edc6-4704-b696-51fe252d3493" />
    <UnitTestResult executionId="28aa9905-820c-46d3-a5ad-7ce6f1935dfa" testId="66e86e11-aa6f-d6de-573d-c0aabb75ba87" testName="DriverSettingsBusiness_PrepareAndValidateSettings_TwoSettings_Success (Data Row 7)" computerName="DKSR-EFI-06" duration="00:00:00.0267007" startTime="2024-01-09T15:42:32.2008497+01:00" endTime="2024-01-09T15:42:32.5446004+01:00" testType="13cdc9d9-ddb5-4fa4-a97d-d965ccfc6d4b" outcome="Passed" testListId="8c84fa94-04c1-424b-9868-57a2d4851a1d" relativeResultsDirectory="28aa9905-820c-46d3-a5ad-7ce6f1935dfa" />
    <UnitTestResult executionId="24f08cef-8995-4399-af76-c3d6d3e7e585" testId="0333d46d-5d86-b0f5-6854-51377d198f55" testName="DriverSettingsBusiness_PrepareAndValidateSettings_ValueOutOfRangeException (Data Row 8)" computerName="DKSR-EFI-06" duration="00:00:00.0154171" startTime="2024-01-09T15:42:32.5446004+01:00" endTime="2024-01-09T15:42:32.7164754+01:00" testType="13cdc9d9-ddb5-4fa4-a97d-d965ccfc6d4b" outcome="Passed" testListId="8c84fa94-04c1-424b-9868-57a2d4851a1d" relativeResultsDirectory="24f08cef-8995-4399-af76-c3d6d3e7e585" />
    <UnitTestResult executionId="510033f3-5d39-4d01-86a0-a6b7d01ca3ac" testId="f386edfc-a196-7428-dec4-a65317110867" testName="SendCommandSecurityVisitor_UpdateConfigurationManagerCommand_Speaker_Add_NoSecurityCheck" computerName="DKSR-EFI-06" duration="00:00:00.0181586" startTime="2024-01-09T15:42:23.6852115+01:00" endTime="2024-01-09T15:42:23.7008412+01:00" testType="13cdc9d9-ddb5-4fa4-a97d-d965ccfc6d4b" outcome="Passed" testListId="8c84fa94-04c1-424b-9868-57a2d4851a1d" relativeResultsDirectory="510033f3-5d39-4d01-86a0-a6b7d01ca3ac" />
    <UnitTestResult executionId="2a52fe30-c842-4c49-9da2-95b4de7925cd" testId="6d7fb5d1-820e-9b5d-5fe6-844c46fe9162" testName="Validate_WhenMonthlyRelative_FrequencyIsAbove99_ReturnsError" computerName="DKSR-EFI-06" duration="00:00:00.0003605" startTime="2024-01-09T15:42:37.0915001+01:00" endTime="2024-01-09T15:42:37.0915001+01:00" testType="13cdc9d9-ddb5-4fa4-a97d-d965ccfc6d4b" outcome="Passed" testListId="8c84fa94-04c1-424b-9868-57a2d4851a1d" relativeResultsDirectory="2a52fe30-c842-4c49-9da2-95b4de7925cd" />
    <UnitTestResult executionId="63f66e08-6d9d-43c1-a385-16b449967df1" testId="7f7d4f90-2c65-802a-d9a6-4d01685bb677" testName="DevicePosition_ToString_Success" computerName="DKSR-EFI-06" duration="00:00:00.0024532" startTime="2024-01-09T15:42:20.5602145+01:00" endTime="2024-01-09T15:42:20.5602145+01:00" testType="13cdc9d9-ddb5-4fa4-a97d-d965ccfc6d4b" outcome="Passed" testListId="8c84fa94-04c1-424b-9868-57a2d4851a1d" relativeResultsDirectory="63f66e08-6d9d-43c1-a385-16b449967df1" />
    <UnitTestResult executionId="d273b9ba-12b9-4d5c-89af-fe3e8b957711" testId="275674ea-eb4b-b02b-4691-f485c2ecb704" testName="SendCommandSecurityVisitor_UpdateConfigurationManagerCommand_Camera_Edit_Allowed" computerName="DKSR-EFI-06" duration="00:00:00.0241370" startTime="2024-01-09T15:42:23.5602143+01:00" endTime="2024-01-09T15:42:23.5758378+01:00" testType="13cdc9d9-ddb5-4fa4-a97d-d965ccfc6d4b" outcome="Passed" testListId="8c84fa94-04c1-424b-9868-57a2d4851a1d" relativeResultsDirectory="d273b9ba-12b9-4d5c-89af-fe3e8b957711" />
    <UnitTestResult executionId="6dbb5b05-5818-4dba-9ce7-c3175da30a92" testId="da8b968c-69f1-502e-95da-ddf857964310" testName="InvokeMethod_ParamNullCheck_RequestContext" computerName="DKSR-EFI-06" duration="00:00:00.0026554" startTime="2024-01-09T15:42:40.9196447+01:00" endTime="2024-01-09T15:42:40.9196447+01:00" testType="13cdc9d9-ddb5-4fa4-a97d-d965ccfc6d4b" outcome="Passed" testListId="8c84fa94-04c1-424b-9868-57a2d4851a1d" relativeResultsDirectory="6dbb5b05-5818-4dba-9ce7-c3175da30a92" />
    <UnitTestResult executionId="e55ade72-6c9c-4aad-a2c8-0a66f8e7c5b6" testId="9a0e743f-0069-4614-6fbb-014761a1d3d7" testName="InvokeMethod_GetAudioFileContent_GetParametersTest" computerName="DKSR-EFI-06" duration="00:00:00.0007142" startTime="2024-01-09T15:42:41.6696452+01:00" endTime="2024-01-09T15:42:41.6696452+01:00" testType="13cdc9d9-ddb5-4fa4-a97d-d965ccfc6d4b" outcome="Passed" testListId="8c84fa94-04c1-424b-9868-57a2d4851a1d" relativeResultsDirectory="e55ade72-6c9c-4aad-a2c8-0a66f8e7c5b6" />
    <UnitTestResult executionId="9e4123a2-f099-44f3-ae58-bf5753961695" testId="18d98543-bd8f-e90f-9802-eae432933a2c" testName="Delete_Path_ParentResource" computerName="DKSR-EFI-06" duration="00:00:00.0087926" startTime="2024-01-09T15:42:29.2477141+01:00" endTime="2024-01-09T15:42:29.2477141+01:00" testType="13cdc9d9-ddb5-4fa4-a97d-d965ccfc6d4b" outcome="Passed" testListId="8c84fa94-04c1-424b-9868-57a2d4851a1d" relativeResultsDirectory="9e4123a2-f099-44f3-ae58-bf5753961695" />
    <UnitTestResult executionId="256ac0a5-aaf6-4b38-9c2f-ca783d3d37d3" testId="40e71e0d-1979-7625-3de6-085a4a28289e" testName="Authorize_ReturnsAuthorizationId_OnValidInput" computerName="DKSR-EFI-06" duration="00:00:00.0010246" startTime="2024-01-09T15:42:18.3727093+01:00" endTime="2024-01-09T15:42:18.3884180+01:00" testType="13cdc9d9-ddb5-4fa4-a97d-d965ccfc6d4b" outcome="Passed" testListId="8c84fa94-04c1-424b-9868-57a2d4851a1d" relativeResultsDirectory="256ac0a5-aaf6-4b38-9c2f-ca783d3d37d3" />
    <UnitTestResult executionId="28ad2711-cc94-4ba5-9d24-54e17131eb71" testId="4f997c50-6cea-3626-6f7c-784699666451" testName="Validate_WhenExpectedTypeIsNull_ReturnFalse" computerName="DKSR-EFI-06" duration="00:00:00.0034405" startTime="2024-01-09T15:42:37.7790064+01:00" endTime="2024-01-09T15:42:37.7790064+01:00" testType="13cdc9d9-ddb5-4fa4-a97d-d965ccfc6d4b" outcome="Passed" testListId="8c84fa94-04c1-424b-9868-57a2d4851a1d" relativeResultsDirectory="28ad2711-cc94-4ba5-9d24-54e17131eb71" />
    <UnitTestResult executionId="e5655d5f-5838-41b9-93da-cb6f7a674cd1" testId="291ce85d-3ffb-053b-4030-a174fa56a7f3" testName="GetItem_ParamNullCheck_PathTest" computerName="DKSR-EFI-06" duration="00:00:00.0005120" startTime="2024-01-09T15:42:41.5290213+01:00" endTime="2024-01-09T15:42:41.5290213+01:00" testType="13cdc9d9-ddb5-4fa4-a97d-d965ccfc6d4b" outcome="Passed" testListId="8c84fa94-04c1-424b-9868-57a2d4851a1d" relativeResultsDirectory="e5655d5f-5838-41b9-93da-cb6f7a674cd1" />
    <UnitTestResult executionId="4a34044b-29b5-4d7d-88c2-a92d5babefdb" testId="dff20a41-2d04-2945-c778-693742828fe6" testName="InvokeMethod_InvalidPath2Test" computerName="DKSR-EFI-06" duration="00:00:00.0005973" startTime="2024-01-09T15:42:41.6696452+01:00" endTime="2024-01-09T15:42:41.6696452+01:00" testType="13cdc9d9-ddb5-4fa4-a97d-d965ccfc6d4b" outcome="Passed" testListId="8c84fa94-04c1-424b-9868-57a2d4851a1d" relativeResultsDirectory="4a34044b-29b5-4d7d-88c2-a92d5babefdb" />
    <UnitTestResult executionId="4b2cef63-243d-4dba-9ce3-0e6180b0ad6f" testId="808c118e-b248-2ab5-2d1c-d829119e535c" testName="DataCollectorOnRegisteredServicesManager_QueueResolve_Quene_With_Completed_Tasks" computerName="DKSR-EFI-06" duration="00:00:00.0196845" startTime="2024-01-09T15:42:17.6539592+01:00" endTime="2024-01-09T15:42:17.6852095+01:00" testType="13cdc9d9-ddb5-4fa4-a97d-d965ccfc6d4b" outcome="Passed" testListId="8c84fa94-04c1-424b-9868-57a2d4851a1d" relativeResultsDirectory="4b2cef63-243d-4dba-9ce3-0e6180b0ad6f" />
    <UnitTestResult executionId="7bace8bf-d8cc-4c15-b766-c3383d4b7341" testId="c9c55dd7-b7a0-c09a-99e1-e7dc5fe3121f" testName="Validate_WithCorrectId_ReturnsTrue" computerName="DKSR-EFI-06" duration="00:00:00.0010991" startTime="2024-01-09T15:42:37.7008844+01:00" endTime="2024-01-09T15:42:37.7008844+01:00" testType="13cdc9d9-ddb5-4fa4-a97d-d965ccfc6d4b" outcome="Passed" testListId="8c84fa94-04c1-424b-9868-57a2d4851a1d" relativeResultsDirectory="7bace8bf-d8cc-4c15-b766-c3383d4b7341" />
    <UnitTestResult executionId="f21bb3df-be66-46a6-80e8-cb0a609ea284" testId="985c0166-ee70-6491-99b1-b50cb17337ba" testName="ServerProxyService_GetHardwareByHardwareId_Allowed_NotFiltered" computerName="DKSR-EFI-06" duration="00:00:00.0100195" startTime="2024-01-09T15:42:25.0758406+01:00" endTime="2024-01-09T15:42:25.0758406+01:00" testType="13cdc9d9-ddb5-4fa4-a97d-d965ccfc6d4b" outcome="Passed" testListId="8c84fa94-04c1-424b-9868-57a2d4851a1d" relativeResultsDirectory="f21bb3df-be66-46a6-80e8-cb0a609ea284" />
    <UnitTestResult executionId="86796bcd-b894-4140-89ef-2999be7e9ccd" testId="8f144f43-8cb7-35e2-f6c6-1a575118cd60" testName="Validate_WhenObjectNotExists_ReturnsFalse" computerName="DKSR-EFI-06" duration="00:00:00.0023777" startTime="2024-01-09T15:42:37.9196326+01:00" endTime="2024-01-09T15:42:37.9196326+01:00" testType="13cdc9d9-ddb5-4fa4-a97d-d965ccfc6d4b" outcome="Passed" testListId="8c84fa94-04c1-424b-9868-57a2d4851a1d" relativeResultsDirectory="86796bcd-b894-4140-89ef-2999be7e9ccd" />
    <UnitTestResult executionId="cc3ce778-0e32-4925-9aa8-fb9337e81651" testId="172b410c-a84d-e50b-e5b9-eea9489becc3" testName="TaskAddHardwareSecurityProvider_Read_Check_Not_Allowed" computerName="DKSR-EFI-06" duration="00:00:00.0021582" startTime="2024-01-09T15:42:32.9039774+01:00" endTime="2024-01-09T15:42:32.9196002+01:00" testType="13cdc9d9-ddb5-4fa4-a97d-d965ccfc6d4b" outcome="Passed" testListId="8c84fa94-04c1-424b-9868-57a2d4851a1d" relativeResultsDirectory="cc3ce778-0e32-4925-9aa8-fb9337e81651" />
    <UnitTestResult executionId="c2d476a6-411b-4483-aaa3-7a5bd3570e99" testId="b2f0f53f-3188-7292-0a93-adb493a3b6a3" testName="Put_EmptyRequestBody_ThrowsException" computerName="DKSR-EFI-06" duration="00:00:00.0040973" startTime="2024-01-09T15:42:27.9664642+01:00" endTime="2024-01-09T15:42:27.9820902+01:00" testType="13cdc9d9-ddb5-4fa4-a97d-d965ccfc6d4b" outcome="Passed" testListId="8c84fa94-04c1-424b-9868-57a2d4851a1d" relativeResultsDirectory="c2d476a6-411b-4483-aaa3-7a5bd3570e99" />
    <UnitTestResult executionId="eb456971-83ea-4202-8231-5e045dc0ac59" testId="84d1aa2e-3e05-1d3e-fd3b-6269f59f8560" testName="InvokeMethod_ParamNullCheck_Path" computerName="DKSR-EFI-06" duration="00:00:00.0014573" startTime="2024-01-09T15:42:40.9352700+01:00" endTime="2024-01-09T15:42:40.9352700+01:00" testType="13cdc9d9-ddb5-4fa4-a97d-d965ccfc6d4b" outcome="Passed" testListId="8c84fa94-04c1-424b-9868-57a2d4851a1d" relativeResultsDirectory="eb456971-83ea-4202-8231-5e045dc0ac59" />
    <UnitTestResult executionId="16c56e74-8b1d-4983-a92a-5235943a931b" testId="68acd8de-fe9b-2c55-44f9-dd803156a2fb" testName="Validate_WhenInvalidPreset_ReturnsFalse" computerName="DKSR-EFI-06" duration="00:00:00.0060774" startTime="2024-01-09T15:42:37.8571303+01:00" endTime="2024-01-09T15:42:37.8727564+01:00" testType="13cdc9d9-ddb5-4fa4-a97d-d965ccfc6d4b" outcome="Passed" testListId="8c84fa94-04c1-424b-9868-57a2d4851a1d" relativeResultsDirectory="16c56e74-8b1d-4983-a92a-5235943a931b" />
    <UnitTestResult executionId="1771eed6-c8bc-40d5-9757-78ed2d87bbe3" testId="de2d0785-ff60-aea9-6fef-da2ed5fe2734" testName="GetChildItems_UnauthorizedAccessTest" computerName="DKSR-EFI-06" duration="00:00:00.0010660" startTime="2024-01-09T15:42:41.7165206+01:00" endTime="2024-01-09T15:42:41.7165206+01:00" testType="13cdc9d9-ddb5-4fa4-a97d-d965ccfc6d4b" outcome="Passed" testListId="8c84fa94-04c1-424b-9868-57a2d4851a1d" relativeResultsDirectory="1771eed6-c8bc-40d5-9757-78ed2d87bbe3" />
    <UnitTestResult executionId="05d2bf00-345a-43c7-8187-5be9a080c5da" testId="4110fee6-ea6d-533b-91c7-eef9382e6601" testName="GetChildItems_BasicOwnerInformation_NoChildren" computerName="DKSR-EFI-06" duration="00:00:00.0004493" startTime="2024-01-09T15:42:39.5915117+01:00" endTime="2024-01-09T15:42:39.5915117+01:00" testType="13cdc9d9-ddb5-4fa4-a97d-d965ccfc6d4b" outcome="Passed" testListId="8c84fa94-04c1-424b-9868-57a2d4851a1d" relativeResultsDirectory="05d2bf00-345a-43c7-8187-5be9a080c5da" />
    <UnitTestResult executionId="4ffa2c75-42ee-4ab1-8358-a2e557c042eb" testId="61d222e5-306e-e3e8-4be3-1b0c6e3e8366" testName="SendCommandSecurityVisitor_ReplaceHardwareCommand_ArgumentNullException" computerName="DKSR-EFI-06" duration="00:00:00.0057322" startTime="2024-01-09T15:42:21.9664988+01:00" endTime="2024-01-09T15:42:21.9820870+01:00" testType="13cdc9d9-ddb5-4fa4-a97d-d965ccfc6d4b" outcome="Passed" testListId="8c84fa94-04c1-424b-9868-57a2d4851a1d" relativeResultsDirectory="4ffa2c75-42ee-4ab1-8358-a2e557c042eb">
      <Output>
        <StdOut>Debug Trace:&#xD;
Fail: Argument null.</StdOut>
      </Output>
    </UnitTestResult>
    <UnitTestResult executionId="b73798ba-40d1-4bda-90d2-bc75bc80fdf3" testId="1d1f2c85-e240-26a4-f8cf-f8ff444f9611" testName="SendCommandSecurityVisitor_UpdateSecurityConfigurationCommand_NotSupportedException" computerName="DKSR-EFI-06" duration="00:00:00.0032860" startTime="2024-01-09T15:42:21.8572581+01:00" endTime="2024-01-09T15:42:21.8572581+01:00" testType="13cdc9d9-ddb5-4fa4-a97d-d965ccfc6d4b" outcome="Passed" testListId="8c84fa94-04c1-424b-9868-57a2d4851a1d" relativeResultsDirectory="b73798ba-40d1-4bda-90d2-bc75bc80fdf3" />
    <UnitTestResult executionId="3949816c-18f7-4e53-8c6c-2c5402dfd1d1" testId="fcc4e6fe-68db-c6bb-3cc6-f7f38876d1c0" testName="GetItems_ShouldReturnValidRegistrationItem_IfTheyNotExists" computerName="DKSR-EFI-06" duration="00:00:00.0033920" startTime="2024-01-09T15:42:43.9040296+01:00" endTime="2024-01-09T15:42:43.9040296+01:00" testType="13cdc9d9-ddb5-4fa4-a97d-d965ccfc6d4b" outcome="Passed" testListId="8c84fa94-04c1-424b-9868-57a2d4851a1d" relativeResultsDirectory="3949816c-18f7-4e53-8c6c-2c5402dfd1d1">
      <Output>
        <StdOut>Debug Trace:&#xD;
MIPItem: No Mgt Server Id ?&#xD;
MIPItem: No Mgt Server Id ?</StdOut>
      </Output>
    </UnitTestResult>
    <UnitTestResult executionId="3e3e9a84-e177-4d48-8b21-7cad0905f3d0" testId="b973da1a-2e42-fe55-9475-2d140e6e0854" testName="DriverSettingsBusiness_PrepareAndValidateSettings_Success (Data Row 10)" computerName="DKSR-EFI-06" duration="00:00:00.0336275" startTime="2024-01-09T15:42:30.2633401+01:00" endTime="2024-01-09T15:42:32.2008497+01:00" testType="13cdc9d9-ddb5-4fa4-a97d-d965ccfc6d4b" outcome="Passed" testListId="8c84fa94-04c1-424b-9868-57a2d4851a1d" relativeResultsDirectory="3e3e9a84-e177-4d48-8b21-7cad0905f3d0" />
    <UnitTestResult executionId="4f825964-e9d1-480b-b55e-7e94330e7999" testId="7c91c409-effc-ccdd-91ea-d069243fb39f" testName="Validate_WhenExpectedTypeIsNull_ReturnFalse" computerName="DKSR-EFI-06" duration="00:00:00.0023515" startTime="2024-01-09T15:42:38.3258832+01:00" endTime="2024-01-09T15:42:38.3258832+01:00" testType="13cdc9d9-ddb5-4fa4-a97d-d965ccfc6d4b" outcome="Passed" testListId="8c84fa94-04c1-424b-9868-57a2d4851a1d" relativeResultsDirectory="4f825964-e9d1-480b-b55e-7e94330e7999" />
    <UnitTestResult executionId="456ae2f8-8262-460c-bba9-c7824faaa9f5" testId="8a9c12de-f036-ec88-bfd1-583358600bb8" testName="GetItem_ParamNullCheck_PathTest" computerName="DKSR-EFI-06" duration="00:00:00.0007194" startTime="2024-01-09T15:42:41.4508958+01:00" endTime="2024-01-09T15:42:41.4508958+01:00" testType="13cdc9d9-ddb5-4fa4-a97d-d965ccfc6d4b" outcome="Passed" testListId="8c84fa94-04c1-424b-9868-57a2d4851a1d" relativeResultsDirectory="456ae2f8-8262-460c-bba9-c7824faaa9f5" />
    <UnitTestResult executionId="7449d6a6-5100-4b9e-bfdf-a20ecf5466f4" testId="42633f5a-a402-399e-caf9-012089364960" testName="Validation_CheckAddressIntervals_Invalid_Xml_ArgumentException" computerName="DKSR-EFI-06" duration="00:00:00.0171746" startTime="2024-01-09T15:42:25.7633402+01:00" endTime="2024-01-09T15:42:25.7789657+01:00" testType="13cdc9d9-ddb5-4fa4-a97d-d965ccfc6d4b" outcome="Passed" testListId="8c84fa94-04c1-424b-9868-57a2d4851a1d" relativeResultsDirectory="7449d6a6-5100-4b9e-bfdf-a20ecf5466f4" />
    <UnitTestResult executionId="ff913650-b40e-4c9f-8ebd-dbfd89fbb02a" testId="9c70a032-e9c2-ef3d-aa98-e41ecb431ad9" testName="TryGetPropertyValueIfValid_WhenValueMissingOrNotAllowed_ReturnsFalse" computerName="DKSR-EFI-06" duration="00:00:00.0005215" startTime="2024-01-09T15:42:34.1696108+01:00" endTime="2024-01-09T15:42:34.1696108+01:00" testType="13cdc9d9-ddb5-4fa4-a97d-d965ccfc6d4b" outcome="Passed" testListId="8c84fa94-04c1-424b-9868-57a2d4851a1d" relativeResultsDirectory="ff913650-b40e-4c9f-8ebd-dbfd89fbb02a" />
    <UnitTestResult executionId="61dce057-55ce-466b-9383-bd04812aaf93" testId="317921d6-73cf-7cbc-8e9c-c924a1a0a4e0" testName="SetItem_UnknownDeviceTest" computerName="DKSR-EFI-06" duration="00:00:00.0006688" startTime="2024-01-09T15:42:41.4821440+01:00" endTime="2024-01-09T15:42:41.4821440+01:00" testType="13cdc9d9-ddb5-4fa4-a97d-d965ccfc6d4b" outcome="Passed" testListId="8c84fa94-04c1-424b-9868-57a2d4851a1d" relativeResultsDirectory="61dce057-55ce-466b-9383-bd04812aaf93" />
    <UnitTestResult executionId="72c3baf2-5ce3-4cbe-b09d-1e97d4ab6220" testId="ff9fe548-c868-1e5c-3d38-64fcd40ff1b3" testName="Validate_WhenWeeklyFrequency_DaysContainsInvalidValue_ReturnsError" computerName="DKSR-EFI-06" duration="00:00:00.0005820" startTime="2024-01-09T15:42:37.0446248+01:00" endTime="2024-01-09T15:42:37.0602504+01:00" testType="13cdc9d9-ddb5-4fa4-a97d-d965ccfc6d4b" outcome="Passed" testListId="8c84fa94-04c1-424b-9868-57a2d4851a1d" relativeResultsDirectory="72c3baf2-5ce3-4cbe-b09d-1e97d4ab6220" />
    <UnitTestResult executionId="316440b0-49a6-4d42-b482-38d64a9bc198" testId="83a8555b-4a62-7aef-db2f-968758aec122" testName="Validate_WhenObjectExists_ReturnsTrue" computerName="DKSR-EFI-06" duration="00:00:00.0047920" startTime="2024-01-09T15:42:38.4665073+01:00" endTime="2024-01-09T15:42:38.4665073+01:00" testType="13cdc9d9-ddb5-4fa4-a97d-d965ccfc6d4b" outcome="Passed" testListId="8c84fa94-04c1-424b-9868-57a2d4851a1d" relativeResultsDirectory="316440b0-49a6-4d42-b482-38d64a9bc198" />
    <UnitTestResult executionId="316e8b37-512c-4ea4-ac1b-f49ff61523b9" testId="948100a8-ca5c-ab15-d415-fd425dd3141e" testName="GetCurrentProperties_WhenActionPropertyHasValueButNoParameters_ReturnsListWithJustActionProperty" computerName="DKSR-EFI-06" duration="00:00:00.0031427" startTime="2024-01-09T15:42:35.3258669+01:00" endTime="2024-01-09T15:42:35.3258669+01:00" testType="13cdc9d9-ddb5-4fa4-a97d-d965ccfc6d4b" outcome="Passed" testListId="8c84fa94-04c1-424b-9868-57a2d4851a1d" relativeResultsDirectory="316e8b37-512c-4ea4-ac1b-f49ff61523b9" />
    <UnitTestResult executionId="29388f5b-f70e-4e63-ba9a-59031f057ca9" testId="d0b2304e-f546-20e2-91f8-f1686494292c" testName="ConfigurationItemPath_Create_InvalidPath_ArgumentException (Data Row 3)" computerName="DKSR-EFI-06" duration="00:00:00.0002654" startTime="2024-01-09T15:42:33.4352289+01:00" endTime="2024-01-09T15:42:33.4352289+01:00" testType="13cdc9d9-ddb5-4fa4-a97d-d965ccfc6d4b" outcome="Passed" testListId="8c84fa94-04c1-424b-9868-57a2d4851a1d" relativeResultsDirectory="29388f5b-f70e-4e63-ba9a-59031f057ca9" />
    <UnitTestResult executionId="e6005cb3-d691-4662-809c-ae908bd87f2d" testId="ad13e6c7-bf0e-c616-0b2f-ee560635ba3d" testName="Validate_WhenSubdayTypeRecurring_SubdayStartTimeIsAbove24Hours_ReturnsError" computerName="DKSR-EFI-06" duration="00:00:00.0006228" startTime="2024-01-09T15:42:36.9977532+01:00" endTime="2024-01-09T15:42:36.9977532+01:00" testType="13cdc9d9-ddb5-4fa4-a97d-d965ccfc6d4b" outcome="Passed" testListId="8c84fa94-04c1-424b-9868-57a2d4851a1d" relativeResultsDirectory="e6005cb3-d691-4662-809c-ae908bd87f2d" />
    <UnitTestResult executionId="70b8da23-2726-4be6-b7ab-db52ac214a34" testId="d75d1db1-f52c-d7ed-3710-a49b915bf19a" testName="ScheduledAction_StartTwice_ScheduleStartedTwiceStoppedOnes" computerName="DKSR-EFI-06" duration="00:00:00.0020309" startTime="2024-01-09T15:42:44.0915293+01:00" endTime="2024-01-09T15:42:44.0915293+01:00" testType="13cdc9d9-ddb5-4fa4-a97d-d965ccfc6d4b" outcome="Passed" testListId="8c84fa94-04c1-424b-9868-57a2d4851a1d" relativeResultsDirectory="70b8da23-2726-4be6-b7ab-db52ac214a34" />
    <UnitTestResult executionId="06c0a34f-6ecf-4e99-9b56-7ce2a85a2744" testId="ce6232e6-9443-2fba-d576-47c06daba89f" testName="GetChildItems_LicenseProduct_SunnyDay" computerName="DKSR-EFI-06" duration="00:00:00.6022723" startTime="2024-01-09T15:42:39.7321403+01:00" endTime="2024-01-09T15:42:40.3258930+01:00" testType="13cdc9d9-ddb5-4fa4-a97d-d965ccfc6d4b" outcome="Passed" testListId="8c84fa94-04c1-424b-9868-57a2d4851a1d" relativeResultsDirectory="06c0a34f-6ecf-4e99-9b56-7ce2a85a2744" />
    <UnitTestResult executionId="ed118726-e07f-4a27-a13c-546bcb4888e1" testId="9db6bb97-3604-b8fc-5976-8fd38116c854" testName="ConfigurationItemPathBuilder_Create_InvalidPath_ArgumentException (Data Row 2)" computerName="DKSR-EFI-06" duration="00:00:00.0004944" startTime="2024-01-09T15:42:33.3571055+01:00" endTime="2024-01-09T15:42:33.3571055+01:00" testType="13cdc9d9-ddb5-4fa4-a97d-d965ccfc6d4b" outcome="Passed" testListId="8c84fa94-04c1-424b-9868-57a2d4851a1d" relativeResultsDirectory="ed118726-e07f-4a27-a13c-546bcb4888e1">
      <Output>
        <StdOut>Debug Trace:&#xD;
Fail: Item type is invalid: Camera</StdOut>
      </Output>
    </UnitTestResult>
    <UnitTestResult executionId="039fe6eb-0a25-4100-b859-78292c6c6473" testId="6c429726-2231-464a-0002-bcc16d50e6d6" testName="ConfigurationItemPath_CreateItemPath_IdNull_ArgumentNullException" computerName="DKSR-EFI-06" duration="00:00:00.0008040" startTime="2024-01-09T15:42:33.4821078+01:00" endTime="2024-01-09T15:42:33.4821078+01:00" testType="13cdc9d9-ddb5-4fa4-a97d-d965ccfc6d4b" outcome="Passed" testListId="8c84fa94-04c1-424b-9868-57a2d4851a1d" relativeResultsDirectory="039fe6eb-0a25-4100-b859-78292c6c6473">
      <Output>
        <StdOut>Debug Trace:&#xD;
Fail: Argument null</StdOut>
      </Output>
    </UnitTestResult>
    <UnitTestResult executionId="6b980742-d098-4e28-a3db-c34da7d02997" testId="76e785a1-fec2-832a-66f8-2c5a33a9b285" testName="SendCommandSecurityVisitor_RecorderStatusCommand_ArgumentNullException" computerName="DKSR-EFI-06" duration="00:00:00.0042367" startTime="2024-01-09T15:42:21.9977131+01:00" endTime="2024-01-09T15:42:21.9977131+01:00" testType="13cdc9d9-ddb5-4fa4-a97d-d965ccfc6d4b" outcome="Passed" testListId="8c84fa94-04c1-424b-9868-57a2d4851a1d" relativeResultsDirectory="6b980742-d098-4e28-a3db-c34da7d02997">
      <Output>
        <StdOut>Debug Trace:&#xD;
Fail: Argument null.</StdOut>
      </Output>
    </UnitTestResult>
    <UnitTestResult executionId="d9e1962c-150d-42dd-95b0-0cb11f0d121d" testId="6a5fd668-1f4a-d01d-3955-c976a327e807" testName="Build_MoveToPresetParametersAreSet_PropertiesAdded" computerName="DKSR-EFI-06" duration="00:00:00.0133528" startTime="2024-01-09T15:42:36.2946725+01:00" endTime="2024-01-09T15:42:36.3102485+01:00" testType="13cdc9d9-ddb5-4fa4-a97d-d965ccfc6d4b" outcome="Passed" testListId="8c84fa94-04c1-424b-9868-57a2d4851a1d" relativeResultsDirectory="d9e1962c-150d-42dd-95b0-0cb11f0d121d" />
    <UnitTestResult executionId="058f6eef-5eb2-485b-a5ac-e2aae0984e10" testId="10f0ebf4-09a0-d61d-7810-2fd96d2ee18c" testName="Build_WhenRecordAllFrames_ReturnsProperties" computerName="DKSR-EFI-06" duration="00:00:00.0126236" startTime="2024-01-09T15:42:35.7946199+01:00" endTime="2024-01-09T15:42:35.8102458+01:00" testType="13cdc9d9-ddb5-4fa4-a97d-d965ccfc6d4b" outcome="Passed" testListId="8c84fa94-04c1-424b-9868-57a2d4851a1d" relativeResultsDirectory="058f6eef-5eb2-485b-a5ac-e2aae0984e10" />
    <UnitTestResult executionId="59a55ed6-0889-44f2-b00a-2cc80a45c4a2" testId="0069b581-0a57-9856-3544-d2d3e37a9f76" testName="Build_WhenActionIsActivateArchiving_ReturnsRuleModel" computerName="DKSR-EFI-06" duration="00:00:00.0048514" startTime="2024-01-09T15:42:39.2165119+01:00" endTime="2024-01-09T15:42:39.2165119+01:00" testType="13cdc9d9-ddb5-4fa4-a97d-d965ccfc6d4b" outcome="Passed" testListId="8c84fa94-04c1-424b-9868-57a2d4851a1d" relativeResultsDirectory="59a55ed6-0889-44f2-b00a-2cc80a45c4a2" />
    <UnitTestResult executionId="81489b29-e20c-4fa6-8b8d-c83b699c15d2" testId="39484640-1e7f-e9b1-6683-bd8492f1f537" testName="Validate_WhenDaily_FrequencyIsOver100_ReturnsError" computerName="DKSR-EFI-06" duration="00:00:00.0003397" startTime="2024-01-09T15:42:37.0133758+01:00" endTime="2024-01-09T15:42:37.0133758+01:00" testType="13cdc9d9-ddb5-4fa4-a97d-d965ccfc6d4b" outcome="Passed" testListId="8c84fa94-04c1-424b-9868-57a2d4851a1d" relativeResultsDirectory="81489b29-e20c-4fa6-8b8d-c83b699c15d2" />
    <UnitTestResult executionId="64e3322d-8a5d-40d1-b4a6-9a5a0d4ced6f" testId="f759d54c-41f3-6220-a35e-e9b49c4b3a71" testName="Validation_ValidateDouble_PositiveInfinity_ArgumentException" computerName="DKSR-EFI-06" duration="00:00:00.0004756" startTime="2024-01-09T15:42:25.7164647+01:00" endTime="2024-01-09T15:42:25.7164647+01:00" testType="13cdc9d9-ddb5-4fa4-a97d-d965ccfc6d4b" outcome="Passed" testListId="8c84fa94-04c1-424b-9868-57a2d4851a1d" relativeResultsDirectory="64e3322d-8a5d-40d1-b4a6-9a5a0d4ced6f" />
    <UnitTestResult executionId="a8a4d91e-ff03-4ebe-8cac-bc03656468be" testId="191a9e6b-bb61-36bd-d0bf-ebd6d7a96d38" testName="Build_WhenTimerHasNoTimeValue_ReturnsFalse" computerName="DKSR-EFI-06" duration="00:00:00.0004079" startTime="2024-01-09T15:42:38.9665104+01:00" endTime="2024-01-09T15:42:38.9665104+01:00" testType="13cdc9d9-ddb5-4fa4-a97d-d965ccfc6d4b" outcome="Passed" testListId="8c84fa94-04c1-424b-9868-57a2d4851a1d" relativeResultsDirectory="a8a4d91e-ff03-4ebe-8cac-bc03656468be" />
    <UnitTestResult executionId="ec0ddf79-e609-42dc-9988-a30b14142d6b" testId="8c2c49bc-65b6-f4ee-b5c4-b4881c4aaeb6" testName="ConfigurationItemPathBuilder_ConstructAndCreate_InvalidPath_ArgumentException (Data Row 0)" computerName="DKSR-EFI-06" duration="00:00:00.0010838" startTime="2024-01-09T15:42:33.3727317+01:00" endTime="2024-01-09T15:42:33.3727317+01:00" testType="13cdc9d9-ddb5-4fa4-a97d-d965ccfc6d4b" outcome="Passed" testListId="8c84fa94-04c1-424b-9868-57a2d4851a1d" relativeResultsDirectory="ec0ddf79-e609-42dc-9988-a30b14142d6b">
      <Output>
        <StdOut>Debug Trace:&#xD;
Fail: Id is invalid: ABCD</StdOut>
      </Output>
    </UnitTestResult>
    <UnitTestResult executionId="548f43bd-27d2-457f-acde-60a03b9447eb" testId="b516b8b1-c564-3248-7ef9-bcbb71785620" testName="FilterItems_ItemsValid_OnlyAllowedReturned" computerName="DKSR-EFI-06" duration="00:00:00.0640265" startTime="2024-01-09T15:42:43.3727805+01:00" endTime="2024-01-09T15:42:43.4352777+01:00" testType="13cdc9d9-ddb5-4fa4-a97d-d965ccfc6d4b" outcome="Passed" testListId="8c84fa94-04c1-424b-9868-57a2d4851a1d" relativeResultsDirectory="548f43bd-27d2-457f-acde-60a03b9447eb" />
    <UnitTestResult executionId="adc3c52a-fb30-4291-928f-16b8c66945c4" testId="f2eea2f5-bc17-f0c4-1491-06980d33bb53" testName="Delete_UnknownResource_ExceptionNotCaught" computerName="DKSR-EFI-06" duration="00:00:00.0033846" startTime="2024-01-09T15:42:28.0602153+01:00" endTime="2024-01-09T15:42:28.0758378+01:00" testType="13cdc9d9-ddb5-4fa4-a97d-d965ccfc6d4b" outcome="Passed" testListId="8c84fa94-04c1-424b-9868-57a2d4851a1d" relativeResultsDirectory="adc3c52a-fb30-4291-928f-16b8c66945c4" />
    <UnitTestResult executionId="7a3dbf50-ea0e-4b4e-9ac3-9d43c5b86d70" testId="9cd16fa4-232d-f5bb-ae3d-509a9c29bf2e" testName="DevicePtzPresets_QueryPtzPresets_NotCamera_DevicePtzPresetsNotSupportedException" computerName="DKSR-EFI-06" duration="00:00:00.0021206" startTime="2024-01-09T15:42:42.4196487+01:00" endTime="2024-01-09T15:42:42.4196487+01:00" testType="13cdc9d9-ddb5-4fa4-a97d-d965ccfc6d4b" outcome="Passed" testListId="8c84fa94-04c1-424b-9868-57a2d4851a1d" relativeResultsDirectory="7a3dbf50-ea0e-4b4e-9ac3-9d43c5b86d70" />
    <UnitTestResult executionId="c8d8d571-a71e-4ca0-9670-5ea4a3295d79" testId="b6c7d582-95b1-3f8c-4757-61bebcade6a7" testName="Validate_WhenEventSourcesIsNull_Error" computerName="DKSR-EFI-06" duration="00:00:00.0048469" startTime="2024-01-09T15:42:36.9040007+01:00" endTime="2024-01-09T15:42:36.9040007+01:00" testType="13cdc9d9-ddb5-4fa4-a97d-d965ccfc6d4b" outcome="Passed" testListId="8c84fa94-04c1-424b-9868-57a2d4851a1d" relativeResultsDirectory="c8d8d571-a71e-4ca0-9670-5ea4a3295d79" />
    <UnitTestResult executionId="2109ff4a-3ec8-4493-b736-4fa028d05279" testId="85c6e671-c0be-762c-9216-b31aae47ee37" testName="GetXml_WhenActionIsSaveImageAttachments_MatchesXml" computerName="DKSR-EFI-06" duration="00:00:00.0005759" startTime="2024-01-09T15:42:38.6071338+01:00" endTime="2024-01-09T15:42:38.6071338+01:00" testType="13cdc9d9-ddb5-4fa4-a97d-d965ccfc6d4b" outcome="Passed" testListId="8c84fa94-04c1-424b-9868-57a2d4851a1d" relativeResultsDirectory="2109ff4a-3ec8-4493-b736-4fa028d05279" />
    <UnitTestResult executionId="2ef8160a-88ca-45da-8780-be67564a1bf7" testId="6d4ccce5-b809-bba9-215e-7c09370cbe5b" testName="GetCurrentProperties_WhenRecurring_NoRecurringTimePropertySet_ReturnsStartRuleTypeProperty" computerName="DKSR-EFI-06" duration="00:00:00.0047495" startTime="2024-01-09T15:42:35.0289904+01:00" endTime="2024-01-09T15:42:35.0289904+01:00" testType="13cdc9d9-ddb5-4fa4-a97d-d965ccfc6d4b" outcome="Passed" testListId="8c84fa94-04c1-424b-9868-57a2d4851a1d" relativeResultsDirectory="2ef8160a-88ca-45da-8780-be67564a1bf7" />
    <UnitTestResult executionId="5befc736-63f9-4803-abe8-3aa5ebf58e40" testId="6c2f92a1-087b-d19d-f031-377da7231c31" testName="RoleMappingOnRole1NoChanges" computerName="DKSR-EFI-06" duration="00:00:00.0021775" startTime="2024-01-09T15:42:18.9977129+01:00" endTime="2024-01-09T15:42:18.9977129+01:00" testType="13cdc9d9-ddb5-4fa4-a97d-d965ccfc6d4b" outcome="Passed" testListId="8c84fa94-04c1-424b-9868-57a2d4851a1d" relativeResultsDirectory="5befc736-63f9-4803-abe8-3aa5ebf58e40" />
    <UnitTestResult executionId="c35ea0e2-f0dc-47fc-8352-1a63c922363b" testId="b723420d-9aed-b119-7d84-f67e499141fc" testName="GetXml_WhenRuleTypeIsMonthlyAndOnce_MatchesXml" computerName="DKSR-EFI-06" duration="00:00:00.0009019" startTime="2024-01-09T15:42:39.0290127+01:00" endTime="2024-01-09T15:42:39.0290127+01:00" testType="13cdc9d9-ddb5-4fa4-a97d-d965ccfc6d4b" outcome="Passed" testListId="8c84fa94-04c1-424b-9868-57a2d4851a1d" relativeResultsDirectory="c35ea0e2-f0dc-47fc-8352-1a63c922363b" />
    <UnitTestResult executionId="56a93628-dd03-4323-bd93-bbe41976ec10" testId="6b11be63-f97a-8edd-c661-091c41ee137c" testName="Invoke_RemoveTag_SunnyDay" computerName="DKSR-EFI-06" duration="00:00:00.0038807" startTime="2024-01-09T15:42:39.6540122+01:00" endTime="2024-01-09T15:42:39.6540122+01:00" testType="13cdc9d9-ddb5-4fa4-a97d-d965ccfc6d4b" outcome="Passed" testListId="8c84fa94-04c1-424b-9868-57a2d4851a1d" relativeResultsDirectory="56a93628-dd03-4323-bd93-bbe41976ec10" />
    <UnitTestResult executionId="2d806c5b-abb7-4401-905e-c5cdb18182aa" testId="27be44e9-ea0c-f21e-f68a-57e2b058dc15" testName="GetCurrentProperties_WhenDaysOfWeekWithoutAnyDayIsSet_ReturnsProperty" computerName="DKSR-EFI-06" duration="00:00:00.0005162" startTime="2024-01-09T15:42:34.8102416+01:00" endTime="2024-01-09T15:42:34.8102416+01:00" testType="13cdc9d9-ddb5-4fa4-a97d-d965ccfc6d4b" outcome="Passed" testListId="8c84fa94-04c1-424b-9868-57a2d4851a1d" relativeResultsDirectory="2d806c5b-abb7-4401-905e-c5cdb18182aa" />
    <UnitTestResult executionId="d5c89789-2585-4dd2-9523-822c1eac8901" testId="9fe6b0f8-d1c1-2908-4858-a5baedcfaf5a" testName="CreateVmsUser_MethodCalled_CorrectMethodIsCalledOnIdpAdministrationClient" computerName="DKSR-EFI-06" duration="00:00:00.1884631" startTime="2024-01-09T15:42:32.9664781+01:00" endTime="2024-01-09T15:42:33.1539774+01:00" testType="13cdc9d9-ddb5-4fa4-a97d-d965ccfc6d4b" outcome="Passed" testListId="8c84fa94-04c1-424b-9868-57a2d4851a1d" relativeResultsDirectory="d5c89789-2585-4dd2-9523-822c1eac8901" />
    <UnitTestResult executionId="86e6ae96-bfd9-474b-a621-12de044c91d9" testId="04124a0e-7e2d-e464-534c-db1e198dd850" testName="Validate_WhenAnySource_ReturnsTrue" computerName="DKSR-EFI-06" duration="00:00:00.0004617" startTime="2024-01-09T15:42:37.9196326+01:00" endTime="2024-01-09T15:42:37.9196326+01:00" testType="13cdc9d9-ddb5-4fa4-a97d-d965ccfc6d4b" outcome="Passed" testListId="8c84fa94-04c1-424b-9868-57a2d4851a1d" relativeResultsDirectory="86e6ae96-bfd9-474b-a621-12de044c91d9" />
    <UnitTestResult executionId="d950b64a-53a0-4198-9469-c3b231258f85" testId="3007bfb6-6056-d905-c0bc-f7229a636eb8" testName="ErrorHelper_CreateValidateResult_ExceptionNull_ArgumentNullException" computerName="DKSR-EFI-06" duration="00:00:00.0075260" startTime="2024-01-09T15:42:33.5446074+01:00" endTime="2024-01-09T15:42:33.5602335+01:00" testType="13cdc9d9-ddb5-4fa4-a97d-d965ccfc6d4b" outcome="Passed" testListId="8c84fa94-04c1-424b-9868-57a2d4851a1d" relativeResultsDirectory="d950b64a-53a0-4198-9469-c3b231258f85">
      <Output>
        <StdOut>Debug Trace:&#xD;
Fail: Argument is null</StdOut>
      </Output>
    </UnitTestResult>
    <UnitTestResult executionId="da8086c0-6fe9-436f-9c72-b13f800d912d" testId="f4519dc3-e4c6-fe96-e2f2-58e3351976de" testName="GetCurrentProperties_WhenRuleTypeIsEvent_EventGroupNotSet_ReturnsRuleTypeProperty" computerName="DKSR-EFI-06" duration="00:00:00.0020453" startTime="2024-01-09T15:42:35.1696178+01:00" endTime="2024-01-09T15:42:35.1696178+01:00" testType="13cdc9d9-ddb5-4fa4-a97d-d965ccfc6d4b" outcome="Passed" testListId="8c84fa94-04c1-424b-9868-57a2d4851a1d" relativeResultsDirectory="da8086c0-6fe9-436f-9c72-b13f800d912d" />
    <UnitTestResult executionId="3788336e-a2c5-4492-8d80-65c90b430fad" testId="56eb427e-ccfd-a448-70ef-7ce6d0bb76f0" testName="RetentionTimeRule_RuleActionAsync_Cancelled_LoggedAndReturns" computerName="DKSR-EFI-06" duration="00:00:00.0047627" startTime="2024-01-09T15:42:44.1384062+01:00" endTime="2024-01-09T15:42:44.1384062+01:00" testType="13cdc9d9-ddb5-4fa4-a97d-d965ccfc6d4b" outcome="Passed" testListId="8c84fa94-04c1-424b-9868-57a2d4851a1d" relativeResultsDirectory="3788336e-a2c5-4492-8d80-65c90b430fad" />
    <UnitTestResult executionId="406a81be-787f-4fc3-9452-9837de5e5960" testId="73a19314-ce34-1cac-9848-6adfbca1ea05" testName="TryParseConditions_WhenAlwaysCondition_ReturnsTrue" computerName="DKSR-EFI-06" duration="00:00:00.0061934" startTime="2024-01-09T15:42:38.6852595+01:00" endTime="2024-01-09T15:42:38.6852595+01:00" testType="13cdc9d9-ddb5-4fa4-a97d-d965ccfc6d4b" outcome="Passed" testListId="8c84fa94-04c1-424b-9868-57a2d4851a1d" relativeResultsDirectory="406a81be-787f-4fc3-9452-9837de5e5960" />
    <UnitTestResult executionId="ffc5fb9a-2a2a-404e-a5dd-b49916a21d67" testId="5e13069d-378e-1ef9-4c12-328c03c0f586" testName="GetItem_FindSaveSearches_UnknownId" computerName="DKSR-EFI-06" duration="00:00:00.0028667" startTime="2024-01-09T15:42:41.0915595+01:00" endTime="2024-01-09T15:42:41.0915595+01:00" testType="13cdc9d9-ddb5-4fa4-a97d-d965ccfc6d4b" outcome="Passed" testListId="8c84fa94-04c1-424b-9868-57a2d4851a1d" relativeResultsDirectory="ffc5fb9a-2a2a-404e-a5dd-b49916a21d67" />
    <UnitTestResult executionId="5eed30a0-7447-4ebc-861a-876b61c8ab0a" testId="a48c4c17-8b85-ed24-4d2c-744f0bfd4c52" testName="SystemSettingsManager_CheckGetPermissions_NonExisting" computerName="DKSR-EFI-06" duration="00:00:00.0005143" startTime="2024-01-09T15:42:25.7008420+01:00" endTime="2024-01-09T15:42:25.7008420+01:00" testType="13cdc9d9-ddb5-4fa4-a97d-d965ccfc6d4b" outcome="Passed" testListId="8c84fa94-04c1-424b-9868-57a2d4851a1d" relativeResultsDirectory="5eed30a0-7447-4ebc-861a-876b61c8ab0a" />
    <UnitTestResult executionId="09d920d6-a74c-4341-883f-1c89f55908b1" testId="bf1ce88b-df51-96b3-dd8f-aebe844ecc19" testName="LogException_Returns_FaultExceptionWithExceptionDetail_OnNotVmoServiceException" computerName="DKSR-EFI-06" duration="00:00:00.0190119" startTime="2024-01-09T15:42:30.2164661+01:00" endTime="2024-01-09T15:42:30.2477165+01:00" testType="13cdc9d9-ddb5-4fa4-a97d-d965ccfc6d4b" outcome="Passed" testListId="8c84fa94-04c1-424b-9868-57a2d4851a1d" relativeResultsDirectory="09d920d6-a74c-4341-883f-1c89f55908b1" />
    <UnitTestResult executionId="4e5a59ca-b917-4bb3-8320-3cc3f2cadddc" testId="488ab347-2cb6-094f-e93b-9402beacb109" testName="LoadSpecificItemChildItem_UseParentAndChildId_NoChildFound" computerName="DKSR-EFI-06" duration="00:00:00.0045574" startTime="2024-01-09T15:42:29.4352153+01:00" endTime="2024-01-09T15:42:29.4352153+01:00" testType="13cdc9d9-ddb5-4fa4-a97d-d965ccfc6d4b" outcome="Passed" testListId="8c84fa94-04c1-424b-9868-57a2d4851a1d" relativeResultsDirectory="4e5a59ca-b917-4bb3-8320-3cc3f2cadddc" />
    <UnitTestResult executionId="0d0ed735-ae60-47ee-9867-cd9b17689f4a" testId="9abee871-a208-8399-17ab-4abc450ee2f5" testName="Validate_WhenValueIsValid_ReturnsTrue" computerName="DKSR-EFI-06" duration="00:00:00.0006979" startTime="2024-01-09T15:42:37.7165064+01:00" endTime="2024-01-09T15:42:37.7165064+01:00" testType="13cdc9d9-ddb5-4fa4-a97d-d965ccfc6d4b" outcome="Passed" testListId="8c84fa94-04c1-424b-9868-57a2d4851a1d" relativeResultsDirectory="0d0ed735-ae60-47ee-9867-cd9b17689f4a" />
    <UnitTestResult executionId="1c0805b1-8bf0-4e2e-b203-e666e75fdd71" testId="da42e65c-5ea0-6687-a319-3cb946a306eb" testName="Validate_WhenPropertyNameInDefinitionIsSet_PropertyNameIsUsed" computerName="DKSR-EFI-06" duration="00:00:00.0005696" startTime="2024-01-09T15:42:37.2009469+01:00" endTime="2024-01-09T15:42:37.2009469+01:00" testType="13cdc9d9-ddb5-4fa4-a97d-d965ccfc6d4b" outcome="Passed" testListId="8c84fa94-04c1-424b-9868-57a2d4851a1d" relativeResultsDirectory="1c0805b1-8bf0-4e2e-b203-e666e75fdd71" />
    <UnitTestResult executionId="7c13c18f-40ed-4e97-9263-436a4a3c9c0f" testId="9a848884-c774-c85e-48be-dd72d17f0465" testName="Invoke_WhenSecondTime_PerformsAction" computerName="DKSR-EFI-06" duration="00:00:00.0081578" startTime="2024-01-09T15:42:34.2946099+01:00" endTime="2024-01-09T15:42:34.3102377+01:00" testType="13cdc9d9-ddb5-4fa4-a97d-d965ccfc6d4b" outcome="Passed" testListId="8c84fa94-04c1-424b-9868-57a2d4851a1d" relativeResultsDirectory="7c13c18f-40ed-4e97-9263-436a4a3c9c0f" />
    <UnitTestResult executionId="4ece7a4b-5ba1-47e2-8523-9149f7e0ceea" testId="c6099403-a8a0-0c73-d6f8-7ec9bb491346" testName="Invoke_NullCheck1" computerName="DKSR-EFI-06" duration="00:00:00.0019252" startTime="2024-01-09T15:42:40.5290196+01:00" endTime="2024-01-09T15:42:40.5290196+01:00" testType="13cdc9d9-ddb5-4fa4-a97d-d965ccfc6d4b" outcome="Passed" testListId="8c84fa94-04c1-424b-9868-57a2d4851a1d" relativeResultsDirectory="4ece7a4b-5ba1-47e2-8523-9149f7e0ceea" />
    <UnitTestResult executionId="2889c733-961e-4fc1-a527-acd92d192371" testId="12ee6fe5-a0d6-bad7-5ece-77b52202cdc3" testName="MergeMotionDetectionSettings_MotionDetectionSettings_Comparison2_Success" computerName="DKSR-EFI-06" duration="00:00:00.0014992" startTime="2024-01-09T15:42:42.3571496+01:00" endTime="2024-01-09T15:42:42.3571496+01:00" testType="13cdc9d9-ddb5-4fa4-a97d-d965ccfc6d4b" outcome="Passed" testListId="8c84fa94-04c1-424b-9868-57a2d4851a1d" relativeResultsDirectory="2889c733-961e-4fc1-a527-acd92d192371" />
    <UnitTestResult executionId="556d8e10-b9ed-44f5-8569-b2bd1c904aad" testId="b309478c-1191-8507-37b7-6f1bc06b9148" testName="IsPropertySelected_WhenPropertyHasValueTrueOrFalse_ReturnsTrueOrFalse" computerName="DKSR-EFI-06" duration="00:00:00.0003951" startTime="2024-01-09T15:42:34.1227345+01:00" endTime="2024-01-09T15:42:34.1227345+01:00" testType="13cdc9d9-ddb5-4fa4-a97d-d965ccfc6d4b" outcome="Passed" testListId="8c84fa94-04c1-424b-9868-57a2d4851a1d" relativeResultsDirectory="556d8e10-b9ed-44f5-8569-b2bd1c904aad" />
    <UnitTestResult executionId="2ca65117-1af2-4106-83fe-b4208a7d5d9c" testId="3db4da26-6701-15c3-cafa-96ad9099c1fd" testName="SendCommandSecurityVisitor_UpdateConfigurationManagerCommand_PatrollingProfile_Delete_Allowed" computerName="DKSR-EFI-06" duration="00:00:00.0190143" startTime="2024-01-09T15:42:24.1852156+01:00" endTime="2024-01-09T15:42:24.2164654+01:00" testType="13cdc9d9-ddb5-4fa4-a97d-d965ccfc6d4b" outcome="Passed" testListId="8c84fa94-04c1-424b-9868-57a2d4851a1d" relativeResultsDirectory="2ca65117-1af2-4106-83fe-b4208a7d5d9c" />
    <UnitTestResult executionId="74c3aeda-240b-43cf-9860-a82919478678" testId="1e950dba-0751-779d-ad43-ba33f07b7ec4" testName="UpdateSearchTemplate_PrivateOnly" computerName="DKSR-EFI-06" duration="00:00:00.0127357" startTime="2024-01-09T15:42:43.7634029+01:00" endTime="2024-01-09T15:42:43.7790301+01:00" testType="13cdc9d9-ddb5-4fa4-a97d-d965ccfc6d4b" outcome="Passed" testListId="8c84fa94-04c1-424b-9868-57a2d4851a1d" relativeResultsDirectory="74c3aeda-240b-43cf-9860-a82919478678" />
    <UnitTestResult executionId="729be727-e26c-4c6d-9eef-fcf400cdbb9d" testId="7203e405-f74e-65c4-8a19-dfc1be8ff0f5" testName="Pagination_ReturnsCorrectSubset_WhenTooFewItemsAvailable" computerName="DKSR-EFI-06" duration="00:00:00.0017915" startTime="2024-01-09T15:42:29.0914652+01:00" endTime="2024-01-09T15:42:29.0914652+01:00" testType="13cdc9d9-ddb5-4fa4-a97d-d965ccfc6d4b" outcome="Passed" testListId="8c84fa94-04c1-424b-9868-57a2d4851a1d" relativeResultsDirectory="729be727-e26c-4c6d-9eef-fcf400cdbb9d" />
    <UnitTestResult executionId="0d656ca4-15e2-454c-9f66-a7e7ce1ea2ae" testId="826dbc15-0bb5-4c50-e85c-7de5b622e918" testName="LinkList_SunnyDay_Test" computerName="DKSR-EFI-06" duration="00:00:00.0003420" startTime="2024-01-09T15:42:29.5289666+01:00" endTime="2024-01-09T15:42:29.5289666+01:00" testType="13cdc9d9-ddb5-4fa4-a97d-d965ccfc6d4b" outcome="Passed" testListId="8c84fa94-04c1-424b-9868-57a2d4851a1d" relativeResultsDirectory="0d656ca4-15e2-454c-9f66-a7e7ce1ea2ae" />
    <UnitTestResult executionId="3a4ce8c3-1b9a-4aef-aceb-70da4e06b477" testId="a15e0c95-85b4-34aa-07ba-e1c5299db1c4" testName="SendCommandSecurityVisitor_UpdateSecurityManagerCommand_SecurityPermissions_Delete_Allowed" computerName="DKSR-EFI-06" duration="00:00:00.0235308" startTime="2024-01-09T15:42:24.9039631+01:00" endTime="2024-01-09T15:42:24.9352170+01:00" testType="13cdc9d9-ddb5-4fa4-a97d-d965ccfc6d4b" outcome="Passed" testListId="8c84fa94-04c1-424b-9868-57a2d4851a1d" relativeResultsDirectory="3a4ce8c3-1b9a-4aef-aceb-70da4e06b477" />
    <UnitTestResult executionId="392f692f-0d8c-43b6-82e9-6ccb998815b8" testId="0e891d42-131d-38cb-c1d4-f6472030d178" testName="SendCommandSecurityVisitor_Ctor_DeviceTypeLookup_Null_ArgumentNullException" computerName="DKSR-EFI-06" duration="00:00:00.0008511" startTime="2024-01-09T15:42:21.7633400+01:00" endTime="2024-01-09T15:42:21.7633400+01:00" testType="13cdc9d9-ddb5-4fa4-a97d-d965ccfc6d4b" outcome="Passed" testListId="8c84fa94-04c1-424b-9868-57a2d4851a1d" relativeResultsDirectory="392f692f-0d8c-43b6-82e9-6ccb998815b8">
      <Output>
        <StdOut>Debug Trace:&#xD;
Fail: Argument null.</StdOut>
      </Output>
    </UnitTestResult>
    <UnitTestResult executionId="60465c81-69b0-44fe-bcd6-a2eb924b7db3" testId="c911589c-88c9-a83a-6be2-5a526d07259b" testName="Build_WhenEventRuleGroupSource_GotoPreset" computerName="DKSR-EFI-06" duration="00:00:00.0030724" startTime="2024-01-09T15:42:36.5758759+01:00" endTime="2024-01-09T15:42:36.5758759+01:00" testType="13cdc9d9-ddb5-4fa4-a97d-d965ccfc6d4b" outcome="Passed" testListId="8c84fa94-04c1-424b-9868-57a2d4851a1d" relativeResultsDirectory="60465c81-69b0-44fe-bcd6-a2eb924b7db3" />
    <UnitTestResult executionId="8028528a-cfbe-425a-b25e-2daa2dec2a17" testId="8d3cb035-fcb4-74cd-0133-e02b225cc077" testName="SendCommandSecurityVisitor_RemoveRecorderTaskCommand_NotSupportedException" computerName="DKSR-EFI-06" duration="00:00:00.0031501" startTime="2024-01-09T15:42:21.9508386+01:00" endTime="2024-01-09T15:42:21.9508386+01:00" testType="13cdc9d9-ddb5-4fa4-a97d-d965ccfc6d4b" outcome="Passed" testListId="8c84fa94-04c1-424b-9868-57a2d4851a1d" relativeResultsDirectory="8028528a-cfbe-425a-b25e-2daa2dec2a17" />
    <UnitTestResult executionId="e268bbdd-9377-4f86-899d-017015e109c7" testId="e5d13bea-64c5-3383-dca0-6f9c7b116a14" testName="Invoke_WhenFirstTime_ProvidesInfo" computerName="DKSR-EFI-06" duration="00:00:00.0018982" startTime="2024-01-09T15:42:41.1852721+01:00" endTime="2024-01-09T15:42:41.1852721+01:00" testType="13cdc9d9-ddb5-4fa4-a97d-d965ccfc6d4b" outcome="Passed" testListId="8c84fa94-04c1-424b-9868-57a2d4851a1d" relativeResultsDirectory="e268bbdd-9377-4f86-899d-017015e109c7" />
    <UnitTestResult executionId="52c5f956-59fb-4ed5-b96c-a3cad745c2e6" testId="cfe259e3-8185-6916-8ab6-e5741238e662" testName="Validate_WhenExpectedTypeIsNull_ReturnFalse" computerName="DKSR-EFI-06" duration="00:00:00.0065629" startTime="2024-01-09T15:42:38.3727606+01:00" endTime="2024-01-09T15:42:38.3883858+01:00" testType="13cdc9d9-ddb5-4fa4-a97d-d965ccfc6d4b" outcome="Passed" testListId="8c84fa94-04c1-424b-9868-57a2d4851a1d" relativeResultsDirectory="52c5f956-59fb-4ed5-b96c-a3cad745c2e6" />
    <UnitTestResult executionId="02cbe875-1b62-4fff-b9ac-8e3b92ab03e8" testId="aec559e5-2801-1559-2798-dfb8469ce074" testName="SidUtilityIsNTAccountTest" computerName="DKSR-EFI-06" duration="00:00:00.0004535" startTime="2024-01-09T15:42:32.8727278+01:00" endTime="2024-01-09T15:42:32.8727278+01:00" testType="13cdc9d9-ddb5-4fa4-a97d-d965ccfc6d4b" outcome="Passed" testListId="8c84fa94-04c1-424b-9868-57a2d4851a1d" relativeResultsDirectory="02cbe875-1b62-4fff-b9ac-8e3b92ab03e8" />
    <UnitTestResult executionId="6b12cc3b-becf-4e3a-9d6a-a40dca85ad6c" testId="640365c9-a4d4-86f9-c21b-2bfb960a3fbf" testName="IsComplete_WhenRuleTypeIsTimeInterval_ReturnsTrue" computerName="DKSR-EFI-06" duration="00:00:00.0016552" startTime="2024-01-09T15:42:35.4977425+01:00" endTime="2024-01-09T15:42:35.4977425+01:00" testType="13cdc9d9-ddb5-4fa4-a97d-d965ccfc6d4b" outcome="Passed" testListId="8c84fa94-04c1-424b-9868-57a2d4851a1d" relativeResultsDirectory="6b12cc3b-becf-4e3a-9d6a-a40dca85ad6c" />
    <UnitTestResult executionId="d77ddb6c-dee7-41e1-a84a-c1d813ea6dae" testId="7de16097-e4eb-5e34-628c-8ca4a31f8b47" testName="SystemSettingsManager_ConvertActivationCredentialsToDatabaseValue_Failure_InvalidXml" computerName="DKSR-EFI-06" duration="00:00:00.0039746" startTime="2024-01-09T15:42:25.6383399+01:00" endTime="2024-01-09T15:42:25.6539659+01:00" testType="13cdc9d9-ddb5-4fa4-a97d-d965ccfc6d4b" outcome="Passed" testListId="8c84fa94-04c1-424b-9868-57a2d4851a1d" relativeResultsDirectory="d77ddb6c-dee7-41e1-a84a-c1d813ea6dae" />
    <UnitTestResult executionId="c10b92b2-4fef-480b-8911-af01d71bcb63" testId="7f4753a2-3cfb-c3c9-4493-2023646d9f47" testName="DeviceMotionDetection_QueryMotionDetection_Without_Permission" computerName="DKSR-EFI-06" duration="00:00:00.0009335" startTime="2024-01-09T15:42:42.3258993+01:00" endTime="2024-01-09T15:42:42.3258993+01:00" testType="13cdc9d9-ddb5-4fa4-a97d-d965ccfc6d4b" outcome="Passed" testListId="8c84fa94-04c1-424b-9868-57a2d4851a1d" relativeResultsDirectory="c10b92b2-4fef-480b-8911-af01d71bcb63" />
    <UnitTestResult executionId="1cc1c0ce-4eac-4719-a906-f0d27dd10ae3" testId="92b0be52-3380-348d-fcec-025654564036" testName="CheckDualAuthorization_ReturnsTrue_OnAuthorizedUser" computerName="DKSR-EFI-06" duration="00:00:00.0002974" startTime="2024-01-09T15:42:18.3414615+01:00" endTime="2024-01-09T15:42:18.3414615+01:00" testType="13cdc9d9-ddb5-4fa4-a97d-d965ccfc6d4b" outcome="Passed" testListId="8c84fa94-04c1-424b-9868-57a2d4851a1d" relativeResultsDirectory="1cc1c0ce-4eac-4719-a906-f0d27dd10ae3" />
    <UnitTestResult executionId="515856c8-75d2-4e75-8829-4db9dba4bcf6" testId="62185d14-ff60-3cd1-9d49-a2edf2e205f7" testName="SendCommandSecurityVisitor_UpdateSecurityManagerCommand_SecurityPermissionsDevice_Input_Add_Allowed" computerName="DKSR-EFI-06" duration="00:00:00.0212678" startTime="2024-01-09T15:42:21.3102153+01:00" endTime="2024-01-09T15:42:21.3258388+01:00" testType="13cdc9d9-ddb5-4fa4-a97d-d965ccfc6d4b" outcome="Passed" testListId="8c84fa94-04c1-424b-9868-57a2d4851a1d" relativeResultsDirectory="515856c8-75d2-4e75-8829-4db9dba4bcf6" />
    <UnitTestResult executionId="c318abb0-06d3-4096-bcec-0feb2905a538" testId="cc96915e-9434-e94a-2553-c0e4b0b8887e" testName="InvokeMethod_ParamNullCheck_Method" computerName="DKSR-EFI-06" duration="00:00:00.0014248" startTime="2024-01-09T15:42:40.9508941+01:00" endTime="2024-01-09T15:42:40.9508941+01:00" testType="13cdc9d9-ddb5-4fa4-a97d-d965ccfc6d4b" outcome="Passed" testListId="8c84fa94-04c1-424b-9868-57a2d4851a1d" relativeResultsDirectory="c318abb0-06d3-4096-bcec-0feb2905a538" />
    <UnitTestResult executionId="1ad5056c-b695-47f9-b768-78da9fb3bf09" testId="2d654b2d-7c61-1abd-9633-2fec2ddc373f" testName="Validate_WhenValidPreset_ReturnsTrue" computerName="DKSR-EFI-06" duration="00:00:00.0097176" startTime="2024-01-09T15:42:37.8415052+01:00" endTime="2024-01-09T15:42:37.8571303+01:00" testType="13cdc9d9-ddb5-4fa4-a97d-d965ccfc6d4b" outcome="Passed" testListId="8c84fa94-04c1-424b-9868-57a2d4851a1d" relativeResultsDirectory="1ad5056c-b695-47f9-b768-78da9fb3bf09" />
    <UnitTestResult executionId="c1103add-fcc7-451b-80a0-3bfc99b97904" testId="8c2c49bc-65b6-f4ee-b5c4-b4881c4aaeb6" testName="ConfigurationItemPathBuilder_ConstructAndCreate_InvalidPath_ArgumentException (Data Row 4)" computerName="DKSR-EFI-06" duration="00:00:00.0004849" startTime="2024-01-09T15:42:33.3727317+01:00" endTime="2024-01-09T15:42:33.3727317+01:00" testType="13cdc9d9-ddb5-4fa4-a97d-d965ccfc6d4b" outcome="Passed" testListId="8c84fa94-04c1-424b-9868-57a2d4851a1d" relativeResultsDirectory="c1103add-fcc7-451b-80a0-3bfc99b97904">
      <Output>
        <StdOut>Debug Trace:&#xD;
Fail: Id is invalid: 04B9C9E3-6CD2-4EE4-8D2B-968221125808</StdOut>
      </Output>
    </UnitTestResult>
    <UnitTestResult executionId="57c042be-a0ea-4b5c-ae04-e3151cc575be" testId="8a266bf4-3dfb-d89f-ebdc-b2d18f9518c6" testName="Build_WhenDayOfWeekCondition_DayOfWeekPropertiesAreSet" computerName="DKSR-EFI-06" duration="00:00:00.0014888" startTime="2024-01-09T15:42:36.3571227+01:00" endTime="2024-01-09T15:42:36.3571227+01:00" testType="13cdc9d9-ddb5-4fa4-a97d-d965ccfc6d4b" outcome="Passed" testListId="8c84fa94-04c1-424b-9868-57a2d4851a1d" relativeResultsDirectory="57c042be-a0ea-4b5c-ae04-e3151cc575be" />
    <UnitTestResult executionId="79f7b5f4-d0df-4000-a1f3-672c6d3e08ab" testId="80ce57a7-551e-0143-8b7f-3be7fba8866a" testName="Build_WhenActionIsRetrieveEdgeStorage_ReturnsRuleModel" computerName="DKSR-EFI-06" duration="00:00:00.0046659" startTime="2024-01-09T15:42:39.1540107+01:00" endTime="2024-01-09T15:42:39.1696367+01:00" testType="13cdc9d9-ddb5-4fa4-a97d-d965ccfc6d4b" outcome="Passed" testListId="8c84fa94-04c1-424b-9868-57a2d4851a1d" relativeResultsDirectory="79f7b5f4-d0df-4000-a1f3-672c6d3e08ab" />
    <UnitTestResult executionId="bdd99a10-31e9-45d9-9061-c392594bac08" testId="4aed62e3-bbc0-679e-7f6e-f9d3d20c41b3" testName="TestBuild_RegistrationNumbers_Correct" computerName="DKSR-EFI-06" duration="00:00:00.0020976" startTime="2024-01-09T15:42:41.3883949+01:00" endTime="2024-01-09T15:42:41.3883949+01:00" testType="13cdc9d9-ddb5-4fa4-a97d-d965ccfc6d4b" outcome="Passed" testListId="8c84fa94-04c1-424b-9868-57a2d4851a1d" relativeResultsDirectory="bdd99a10-31e9-45d9-9061-c392594bac08" />
    <UnitTestResult executionId="23f23902-a500-4e31-ada1-ffc1ae7c2071" testId="bb0edb41-409b-9c7c-00ad-09beb222d423" testName="GetForecastSampleCountFailure" computerName="DKSR-EFI-06" duration="00:00:00.0008137" startTime="2024-01-09T15:42:43.3258998+01:00" endTime="2024-01-09T15:42:43.3415258+01:00" testType="13cdc9d9-ddb5-4fa4-a97d-d965ccfc6d4b" outcome="Passed" testListId="8c84fa94-04c1-424b-9868-57a2d4851a1d" relativeResultsDirectory="23f23902-a500-4e31-ada1-ffc1ae7c2071" />
    <UnitTestResult executionId="c690b1a2-cb4b-43f1-8f7f-aedf78f168a3" testId="837d6ba8-8477-b26f-b537-862744446e70" testName="SendCommandSecurityVisitor_UpdateConfigurationManagerCommand_Hardware_Edit_Allowed" computerName="DKSR-EFI-06" duration="00:00:00.0237191" startTime="2024-01-09T15:42:23.3414622+01:00" endTime="2024-01-09T15:42:23.3570888+01:00" testType="13cdc9d9-ddb5-4fa4-a97d-d965ccfc6d4b" outcome="Passed" testListId="8c84fa94-04c1-424b-9868-57a2d4851a1d" relativeResultsDirectory="c690b1a2-cb4b-43f1-8f7f-aedf78f168a3" />
    <UnitTestResult executionId="f3c639c4-ada4-4272-9d61-7e0a4546c881" testId="07209d34-b6e4-6baf-8e7b-3401cbbb7f67" testName="Invoke_WhenFirstTime_ProvidesInfo" computerName="DKSR-EFI-06" duration="00:00:00.0021800" startTime="2024-01-09T15:42:41.2321478+01:00" endTime="2024-01-09T15:42:41.2321478+01:00" testType="13cdc9d9-ddb5-4fa4-a97d-d965ccfc6d4b" outcome="Passed" testListId="8c84fa94-04c1-424b-9868-57a2d4851a1d" relativeResultsDirectory="f3c639c4-ada4-4272-9d61-7e0a4546c881" />
    <UnitTestResult executionId="69c93c28-b6a9-4b8c-bd98-bb16c2902e74" testId="f15931c3-f5ab-005a-a777-fe22c361edbc" testName="Validate_WhenSubdayTypeRecurring_SubdayFrequencyIsZero_ReturnsError" computerName="DKSR-EFI-06" duration="00:00:00.0018555" startTime="2024-01-09T15:42:36.9667190+01:00" endTime="2024-01-09T15:42:36.9667190+01:00" testType="13cdc9d9-ddb5-4fa4-a97d-d965ccfc6d4b" outcome="Passed" testListId="8c84fa94-04c1-424b-9868-57a2d4851a1d" relativeResultsDirectory="69c93c28-b6a9-4b8c-bd98-bb16c2902e74" />
    <UnitTestResult executionId="c85cec06-70cb-4912-9090-187d6872ecd6" testId="2bec9bce-ba06-b8eb-7ec1-aa55d1e0a628" testName="CreateVmsUser_PasswordNotComplexEnough_ThrowsBasicUserPasswordException" computerName="DKSR-EFI-06" duration="00:00:00.0028572" startTime="2024-01-09T15:42:33.1696049+01:00" endTime="2024-01-09T15:42:33.1852308+01:00" testType="13cdc9d9-ddb5-4fa4-a97d-d965ccfc6d4b" outcome="Passed" testListId="8c84fa94-04c1-424b-9868-57a2d4851a1d" relativeResultsDirectory="c85cec06-70cb-4912-9090-187d6872ecd6" />
    <UnitTestResult executionId="3e044bda-39d0-4d54-b75d-0cb5ae536d05" testId="a3cb8164-0396-486c-66ff-5b7f6d713c65" testName="PerformanceCounterUpdatesManager_UpdateRuleSource" computerName="DKSR-EFI-06" duration="00:00:00.0467712" startTime="2024-01-09T15:42:17.8102087+01:00" endTime="2024-01-09T15:42:17.8570849+01:00" testType="13cdc9d9-ddb5-4fa4-a97d-d965ccfc6d4b" outcome="Passed" testListId="8c84fa94-04c1-424b-9868-57a2d4851a1d" relativeResultsDirectory="3e044bda-39d0-4d54-b75d-0cb5ae536d05" />
    <UnitTestResult executionId="0c881167-e702-435b-b27b-4d2711ce7e04" testId="3284684f-50fe-eb02-687d-ef45fdda764d" testName="SendCommandSecurityVisitor_UpdateConfigurationManagerCommand_Camera_Delete_NoSecurityCheck" computerName="DKSR-EFI-06" duration="00:00:00.0188609" startTime="2024-01-09T15:42:23.5914622+01:00" endTime="2024-01-09T15:42:23.6070901+01:00" testType="13cdc9d9-ddb5-4fa4-a97d-d965ccfc6d4b" outcome="Passed" testListId="8c84fa94-04c1-424b-9868-57a2d4851a1d" relativeResultsDirectory="0c881167-e702-435b-b27b-4d2711ce7e04" />
    <UnitTestResult executionId="136d358b-5546-4c59-ad7f-27f2a4cfc699" testId="58f03758-2f1b-30e8-4440-af7d49bed5fc" testName="InvokeMethodAndSerialize_AddsResultAndReturnsOk_WhenMethodReturnsInvokeResult" computerName="DKSR-EFI-06" duration="00:00:00.0075758" startTime="2024-01-09T15:42:28.9352159+01:00" endTime="2024-01-09T15:42:28.9352159+01:00" testType="13cdc9d9-ddb5-4fa4-a97d-d965ccfc6d4b" outcome="Passed" testListId="8c84fa94-04c1-424b-9868-57a2d4851a1d" relativeResultsDirectory="136d358b-5546-4c59-ad7f-27f2a4cfc699" />
    <UnitTestResult executionId="0a9da6d8-1f69-4545-920f-20117f6dd448" testId="250a8826-1b5e-170f-27bb-757c3bd9928d" testName="EnumerableToString_When2Levels_EscapesAndJoins" computerName="DKSR-EFI-06" duration="00:00:00.0046783" startTime="2024-01-09T15:42:33.8102351+01:00" endTime="2024-01-09T15:42:33.8102351+01:00" testType="13cdc9d9-ddb5-4fa4-a97d-d965ccfc6d4b" outcome="Passed" testListId="8c84fa94-04c1-424b-9868-57a2d4851a1d" relativeResultsDirectory="0a9da6d8-1f69-4545-920f-20117f6dd448" />
    <UnitTestResult executionId="0b0933ad-bb45-47c5-9bd5-2613b25363d5" testId="378b84ac-cdc0-95b7-de09-170d53464184" testName="Build_WhenRecordWithinTimeProfileRuleOnDeviceGroup_WithStopActions" computerName="DKSR-EFI-06" duration="00:00:00.0044595" startTime="2024-01-09T15:42:36.5446280+01:00" endTime="2024-01-09T15:42:36.5446280+01:00" testType="13cdc9d9-ddb5-4fa4-a97d-d965ccfc6d4b" outcome="Passed" testListId="8c84fa94-04c1-424b-9868-57a2d4851a1d" relativeResultsDirectory="0b0933ad-bb45-47c5-9bd5-2613b25363d5" />
    <UnitTestResult executionId="c0f8094c-9925-4cd4-adfa-37f3e7db3124" testId="d0b2304e-f546-20e2-91f8-f1686494292c" testName="ConfigurationItemPath_Create_InvalidPath_ArgumentException (Data Row 7)" computerName="DKSR-EFI-06" duration="00:00:00.0002585" startTime="2024-01-09T15:42:33.4352289+01:00" endTime="2024-01-09T15:42:33.4352289+01:00" testType="13cdc9d9-ddb5-4fa4-a97d-d965ccfc6d4b" outcome="Passed" testListId="8c84fa94-04c1-424b-9868-57a2d4851a1d" relativeResultsDirectory="c0f8094c-9925-4cd4-adfa-37f3e7db3124" />
    <UnitTestResult executionId="b1189285-a8fa-42cd-b757-5da119c04567" testId="50cd95ca-3952-5376-8272-3258ed7637f2" testName="IsComplete_WhenStartActionPropertyHasEmptyValue_ReturnsFalse" computerName="DKSR-EFI-06" duration="00:00:00.0009175" startTime="2024-01-09T15:42:34.5133639+01:00" endTime="2024-01-09T15:42:34.5289863+01:00" testType="13cdc9d9-ddb5-4fa4-a97d-d965ccfc6d4b" outcome="Passed" testListId="8c84fa94-04c1-424b-9868-57a2d4851a1d" relativeResultsDirectory="b1189285-a8fa-42cd-b757-5da119c04567" />
    <UnitTestResult executionId="d67c1587-565b-4975-9787-620fe01f3332" testId="40195fb3-4335-e710-d3c2-e9e59e44c314" testName="Build_WhenStartPluginOnDevices_ReturnsProperties" computerName="DKSR-EFI-06" duration="00:00:00.0173629" startTime="2024-01-09T15:42:35.9821229+01:00" endTime="2024-01-09T15:42:36.0133709+01:00" testType="13cdc9d9-ddb5-4fa4-a97d-d965ccfc6d4b" outcome="Passed" testListId="8c84fa94-04c1-424b-9868-57a2d4851a1d" relativeResultsDirectory="d67c1587-565b-4975-9787-620fe01f3332" />
    <UnitTestResult executionId="04720a78-10fd-41a1-ba2f-4547c5b99ddd" testId="aabc1376-962d-4ca4-e4e9-74a51d3e1595" testName="CreateVmsUser_UserAlreadyExists_ThrowsBasicUserCreationException" computerName="DKSR-EFI-06" duration="00:00:00.0048469" startTime="2024-01-09T15:42:33.1696049+01:00" endTime="2024-01-09T15:42:33.1696049+01:00" testType="13cdc9d9-ddb5-4fa4-a97d-d965ccfc6d4b" outcome="Passed" testListId="8c84fa94-04c1-424b-9868-57a2d4851a1d" relativeResultsDirectory="04720a78-10fd-41a1-ba2f-4547c5b99ddd" />
    <UnitTestResult executionId="c3d6fa4c-7a37-4ac3-a721-962ad17e66c7" testId="005af95e-a4f5-ea60-1f3e-2b40ae137034" testName="GetServerProtocolTest" computerName="DKSR-EFI-06" duration="00:00:00.0012924" startTime="2024-01-09T15:42:19.0445857+01:00" endTime="2024-01-09T15:42:19.0445857+01:00" testType="13cdc9d9-ddb5-4fa4-a97d-d965ccfc6d4b" outcome="Passed" testListId="8c84fa94-04c1-424b-9868-57a2d4851a1d" relativeResultsDirectory="c3d6fa4c-7a37-4ac3-a721-962ad17e66c7" />
    <UnitTestResult executionId="e4e69738-2af2-4b0f-a153-e57cd2043191" testId="1c38062a-aef7-674e-b449-1ff3c5d4a5f5" testName="Get_Item_Task_Is_Null_CompletedTask_Expected" computerName="DKSR-EFI-06" duration="00:00:00.0058158" startTime="2024-01-09T15:42:33.5758568+01:00" endTime="2024-01-09T15:42:33.5915145+01:00" testType="13cdc9d9-ddb5-4fa4-a97d-d965ccfc6d4b" outcome="Passed" testListId="8c84fa94-04c1-424b-9868-57a2d4851a1d" relativeResultsDirectory="e4e69738-2af2-4b0f-a153-e57cd2043191" />
    <UnitTestResult executionId="b3c90046-387f-45b2-a726-a0a675fb9d3b" testId="c235d13c-c3ba-5b61-716a-1d29d76a78c5" testName="Authorize_ThrowsFaultCode_OnUserAuthorizingHimself" computerName="DKSR-EFI-06" duration="00:00:00.0025928" startTime="2024-01-09T15:42:18.3570859+01:00" endTime="2024-01-09T15:42:18.3727093+01:00" testType="13cdc9d9-ddb5-4fa4-a97d-d965ccfc6d4b" outcome="Passed" testListId="8c84fa94-04c1-424b-9868-57a2d4851a1d" relativeResultsDirectory="b3c90046-387f-45b2-a726-a0a675fb9d3b" />
    <UnitTestResult executionId="a94e60e8-2992-4a66-a536-1cad06ae7a5a" testId="2fa351e0-da81-15d1-210a-1f10cd2a06d1" testName="DataCollectorOnRegisteredServicesManager_QueueResolve_Success_Many_Quene" computerName="DKSR-EFI-06" duration="00:00:00.0246228" startTime="2024-01-09T15:42:17.6227083+01:00" endTime="2024-01-09T15:42:17.6539592+01:00" testType="13cdc9d9-ddb5-4fa4-a97d-d965ccfc6d4b" outcome="Passed" testListId="8c84fa94-04c1-424b-9868-57a2d4851a1d" relativeResultsDirectory="a94e60e8-2992-4a66-a536-1cad06ae7a5a" />
    <UnitTestResult executionId="b93ae25d-46fb-48e7-a857-f04b415f2f3a" testId="fbea7a60-566d-aabf-39c9-0ff91a077b44" testName="Validation_MotionDetectionHardwareAcceleration_ValueIsNotDefined_ArgumentOutOfExceptionExpected_HA" computerName="DKSR-EFI-06" duration="00:00:00.0007026" startTime="2024-01-09T15:42:26.2008399+01:00" endTime="2024-01-09T15:42:26.2008399+01:00" testType="13cdc9d9-ddb5-4fa4-a97d-d965ccfc6d4b" outcome="Passed" testListId="8c84fa94-04c1-424b-9868-57a2d4851a1d" relativeResultsDirectory="b93ae25d-46fb-48e7-a857-f04b415f2f3a" />
    <UnitTestResult executionId="b2f91d23-349f-4e90-9e1c-5c36fc98f1ab" testId="019347bb-0e85-97d7-307f-fb0315c6580a" testName="Validate_WhenInvalidFrequencyType_ReturnsError" computerName="DKSR-EFI-06" duration="00:00:00.0016978" startTime="2024-01-09T15:42:36.9508744+01:00" endTime="2024-01-09T15:42:36.9508744+01:00" testType="13cdc9d9-ddb5-4fa4-a97d-d965ccfc6d4b" outcome="Passed" testListId="8c84fa94-04c1-424b-9868-57a2d4851a1d" relativeResultsDirectory="b2f91d23-349f-4e90-9e1c-5c36fc98f1ab" />
    <UnitTestResult executionId="aa0bea89-fcce-49e9-b51a-bbe13e6320bf" testId="a390b6a1-d005-ca9c-f5a6-6ead5f07ad8f" testName="SendCommandSecurityVisitor_ActivateArchivingCommand_NotSupportedException" computerName="DKSR-EFI-06" duration="00:00:00.0030386" startTime="2024-01-09T15:42:21.8258375+01:00" endTime="2024-01-09T15:42:21.8258375+01:00" testType="13cdc9d9-ddb5-4fa4-a97d-d965ccfc6d4b" outcome="Passed" testListId="8c84fa94-04c1-424b-9868-57a2d4851a1d" relativeResultsDirectory="aa0bea89-fcce-49e9-b51a-bbe13e6320bf" />
    <UnitTestResult executionId="7f636e6f-f7e5-4d63-8802-31f01157cbb1" testId="0aeb7b10-519c-ca53-e028-02a461755638" testName="CustomSettingLegacyEncryptionHelper_LegacyDecrypt" computerName="DKSR-EFI-06" duration="00:00:00.0057757" startTime="2024-01-09T15:42:44.2321546+01:00" endTime="2024-01-09T15:42:44.2321546+01:00" testType="13cdc9d9-ddb5-4fa4-a97d-d965ccfc6d4b" outcome="Passed" testListId="8c84fa94-04c1-424b-9868-57a2d4851a1d" relativeResultsDirectory="7f636e6f-f7e5-4d63-8802-31f01157cbb1" />
    <UnitTestResult executionId="149cfe68-ea8b-4773-b715-2596473aadf2" testId="1158c038-e8cc-7686-fe34-bfbf8cc6a266" testName="SetItem_NotSupported_Check" computerName="DKSR-EFI-06" duration="00:00:00.0010871" startTime="2024-01-09T15:42:39.7165129+01:00" endTime="2024-01-09T15:42:39.7165129+01:00" testType="13cdc9d9-ddb5-4fa4-a97d-d965ccfc6d4b" outcome="Passed" testListId="8c84fa94-04c1-424b-9868-57a2d4851a1d" relativeResultsDirectory="149cfe68-ea8b-4773-b715-2596473aadf2" />
    <UnitTestResult executionId="e9ef3d84-e334-4d81-bc81-aa9d2faa8b34" testId="8c2c49bc-65b6-f4ee-b5c4-b4881c4aaeb6" testName="ConfigurationItemPathBuilder_ConstructAndCreate_InvalidPath_ArgumentException (Data Row 3)" computerName="DKSR-EFI-06" duration="00:00:00.0004911" startTime="2024-01-09T15:42:33.3727317+01:00" endTime="2024-01-09T15:42:33.3727317+01:00" testType="13cdc9d9-ddb5-4fa4-a97d-d965ccfc6d4b" outcome="Passed" testListId="8c84fa94-04c1-424b-9868-57a2d4851a1d" relativeResultsDirectory="e9ef3d84-e334-4d81-bc81-aa9d2faa8b34">
      <Output>
        <StdOut>Debug Trace:&#xD;
Fail: Id is invalid: ABCD</StdOut>
      </Output>
    </UnitTestResult>
    <UnitTestResult executionId="2efa9f5c-6b51-4ec9-aec0-e030f05ae919" testId="7ffcb1f8-2085-fa32-1fae-6dec34e77644" testName="IsComplete_WhenWithinAndOutsideTimeProfileWithTimeProfilePropertiesSet_ReturnsTrue" computerName="DKSR-EFI-06" duration="00:00:00.0007644" startTime="2024-01-09T15:42:34.7477403+01:00" endTime="2024-01-09T15:42:34.7477403+01:00" testType="13cdc9d9-ddb5-4fa4-a97d-d965ccfc6d4b" outcome="Passed" testListId="8c84fa94-04c1-424b-9868-57a2d4851a1d" relativeResultsDirectory="2efa9f5c-6b51-4ec9-aec0-e030f05ae919" />
    <UnitTestResult executionId="fc72c318-120a-4ba2-846b-01ab75c26c15" testId="c37d3db0-bd01-e11b-12cb-de541c339883" testName="SendCommandSecurityVisitor_UpdateConfigurationManagerCommand_RecordingStorageDevice_Add_Allowed" computerName="DKSR-EFI-06" duration="00:00:00.0169597" startTime="2024-01-09T15:42:24.2164654+01:00" endTime="2024-01-09T15:42:24.2320882+01:00" testType="13cdc9d9-ddb5-4fa4-a97d-d965ccfc6d4b" outcome="Passed" testListId="8c84fa94-04c1-424b-9868-57a2d4851a1d" relativeResultsDirectory="fc72c318-120a-4ba2-846b-01ab75c26c15" />
    <UnitTestResult executionId="42dde8cb-9e91-4f08-9204-04216acc2890" testId="617e2fe3-b6b7-3d2f-7e94-767a6498247b" testName="ConstructSqlSelect_SunnyDay_NameContains" computerName="DKSR-EFI-06" duration="00:00:00.0047021" startTime="2024-01-09T15:42:33.7008563+01:00" endTime="2024-01-09T15:42:33.7008563+01:00" testType="13cdc9d9-ddb5-4fa4-a97d-d965ccfc6d4b" outcome="Passed" testListId="8c84fa94-04c1-424b-9868-57a2d4851a1d" relativeResultsDirectory="42dde8cb-9e91-4f08-9204-04216acc2890" />
    <UnitTestResult executionId="4a5b1f78-1ba3-4fb1-a61e-c0a9603cb7dd" testId="7bf343ab-bba9-a0d9-39d5-66f320b55da9" testName="IsFeatureLicensed_UpdatesLicense_OnFirstCall" computerName="DKSR-EFI-06" duration="00:00:00.0003196" startTime="2024-01-09T15:42:18.4820847+01:00" endTime="2024-01-09T15:42:18.4820847+01:00" testType="13cdc9d9-ddb5-4fa4-a97d-d965ccfc6d4b" outcome="Passed" testListId="8c84fa94-04c1-424b-9868-57a2d4851a1d" relativeResultsDirectory="4a5b1f78-1ba3-4fb1-a61e-c0a9603cb7dd" />
    <UnitTestResult executionId="f0aec58b-9bda-469b-bc99-1fc8531a9940" testId="a681edb1-9a9d-29bc-03da-1248df93b034" testName="SendCommandSecurityVisitor_ReportMediaCommittedToDatabaseCommand_NotSupportedException" computerName="DKSR-EFI-06" duration="00:00:00.0032288" startTime="2024-01-09T15:42:21.8258375+01:00" endTime="2024-01-09T15:42:21.8258375+01:00" testType="13cdc9d9-ddb5-4fa4-a97d-d965ccfc6d4b" outcome="Passed" testListId="8c84fa94-04c1-424b-9868-57a2d4851a1d" relativeResultsDirectory="f0aec58b-9bda-469b-bc99-1fc8531a9940" />
    <UnitTestResult executionId="be40e849-302b-4377-9832-437cfa0d071c" testId="7cbfa97b-acef-e833-fda9-71676b5bf4e3" testName="SendCommandSecurityVisitor_UpdateConfigurationManagerCommand_ArchiveStorage_Delete_NotSupportedException" computerName="DKSR-EFI-06" duration="00:00:00.0153184" startTime="2024-01-09T15:42:24.4195908+01:00" endTime="2024-01-09T15:42:24.4352136+01:00" testType="13cdc9d9-ddb5-4fa4-a97d-d965ccfc6d4b" outcome="Passed" testListId="8c84fa94-04c1-424b-9868-57a2d4851a1d" relativeResultsDirectory="be40e849-302b-4377-9832-437cfa0d071c" />
    <UnitTestResult executionId="509f8258-c337-4951-857a-907d39937f3f" testId="ee135215-3508-4401-d090-539cb683dd9f" testName="SendCommandSecurityVisitor_UpdateConfigurationManagerCommand_RecordingStorage_Edit_NotSupportedException" computerName="DKSR-EFI-06" duration="00:00:00.0178991" startTime="2024-01-09T15:42:24.3414666+01:00" endTime="2024-01-09T15:42:24.3570914+01:00" testType="13cdc9d9-ddb5-4fa4-a97d-d965ccfc6d4b" outcome="Passed" testListId="8c84fa94-04c1-424b-9868-57a2d4851a1d" relativeResultsDirectory="509f8258-c337-4951-857a-907d39937f3f" />
    <UnitTestResult executionId="4ca75510-9857-4f55-8ad7-d263a9236e04" testId="0dff6576-0f69-a755-f173-b8bbef29b566" testName="GetCurrentProperties_WhenRuleTypeIsEvent_InvalidEventGroup_ReturnsRuleTypeProperty" computerName="DKSR-EFI-06" duration="00:00:00.0017471" startTime="2024-01-09T15:42:35.5446174+01:00" endTime="2024-01-09T15:42:35.5446174+01:00" testType="13cdc9d9-ddb5-4fa4-a97d-d965ccfc6d4b" outcome="Passed" testListId="8c84fa94-04c1-424b-9868-57a2d4851a1d" relativeResultsDirectory="4ca75510-9857-4f55-8ad7-d263a9236e04" />
    <UnitTestResult executionId="89a7a68e-2f2b-49c8-b98d-272857a1e1d4" testId="fd660333-520f-ffc7-75e8-9b4339efa3e9" testName="Validation_GridRegion_Success" computerName="DKSR-EFI-06" duration="00:00:00.0012679" startTime="2024-01-09T15:42:26.2164647+01:00" endTime="2024-01-09T15:42:26.2164647+01:00" testType="13cdc9d9-ddb5-4fa4-a97d-d965ccfc6d4b" outcome="Passed" testListId="8c84fa94-04c1-424b-9868-57a2d4851a1d" relativeResultsDirectory="89a7a68e-2f2b-49c8-b98d-272857a1e1d4" />
    <UnitTestResult executionId="2b2df40d-6b94-49dc-8acb-2e827d1582f8" testId="3aa2a140-03db-5c62-e5f4-846a7c892733" testName="SystemSettingsManager_ConvertActivationCredentialsToDatabaseValue_Sucess" computerName="DKSR-EFI-06" duration="00:00:00.0322570" startTime="2024-01-09T15:42:25.5914637+01:00" endTime="2024-01-09T15:42:25.6227144+01:00" testType="13cdc9d9-ddb5-4fa4-a97d-d965ccfc6d4b" outcome="Passed" testListId="8c84fa94-04c1-424b-9868-57a2d4851a1d" relativeResultsDirectory="2b2df40d-6b94-49dc-8acb-2e827d1582f8" />
    <UnitTestResult executionId="717016f2-2e79-428c-85a4-0ca0ddb2ae8a" testId="7dfb58a6-56d0-68ff-dad4-7a7af447baa0" testName="Constructor_IdpTokenClientNull_ArgumentNullException" computerName="DKSR-EFI-06" duration="00:00:00.0006047" startTime="2024-01-09T15:42:29.9664649+01:00" endTime="2024-01-09T15:42:29.9664649+01:00" testType="13cdc9d9-ddb5-4fa4-a97d-d965ccfc6d4b" outcome="Passed" testListId="8c84fa94-04c1-424b-9868-57a2d4851a1d" relativeResultsDirectory="717016f2-2e79-428c-85a4-0ca0ddb2ae8a" />
    <UnitTestResult executionId="390a213c-ff3a-4882-80d7-fa967887ccc9" testId="ae16c540-1acb-5b9e-42c9-8b9b33b42a95" testName="Validate_WhenMonthlyRelativeFrequency_OffsetParameterValueInvalid_ReturnsError" computerName="DKSR-EFI-06" duration="00:00:00.0007754" startTime="2024-01-09T15:42:37.1227501+01:00" endTime="2024-01-09T15:42:37.1227501+01:00" testType="13cdc9d9-ddb5-4fa4-a97d-d965ccfc6d4b" outcome="Passed" testListId="8c84fa94-04c1-424b-9868-57a2d4851a1d" relativeResultsDirectory="390a213c-ff3a-4882-80d7-fa967887ccc9" />
    <UnitTestResult executionId="05b96e34-58a4-48bb-bdc7-9a51a753bd23" testId="dcefc9ef-3a62-1a60-104b-ba5a5ec353ad" testName="ExtendCookieTime_ExtendsAuthorizationCookieValidTime_OnAuthorizedUser" computerName="DKSR-EFI-06" duration="00:00:00.0029383" startTime="2024-01-09T15:42:18.3570859+01:00" endTime="2024-01-09T15:42:18.3570859+01:00" testType="13cdc9d9-ddb5-4fa4-a97d-d965ccfc6d4b" outcome="Passed" testListId="8c84fa94-04c1-424b-9868-57a2d4851a1d" relativeResultsDirectory="05b96e34-58a4-48bb-bdc7-9a51a753bd23" />
    <UnitTestResult executionId="0e498c3f-5c04-4f04-8452-f5edbb1871d0" testId="22eb1c2a-e7ff-36f9-61f0-3d36e292001e" testName="Validation_GridSize_Success" computerName="DKSR-EFI-06" duration="00:00:00.0020391" startTime="2024-01-09T15:42:26.1539647+01:00" endTime="2024-01-09T15:42:26.1539647+01:00" testType="13cdc9d9-ddb5-4fa4-a97d-d965ccfc6d4b" outcome="Passed" testListId="8c84fa94-04c1-424b-9868-57a2d4851a1d" relativeResultsDirectory="0e498c3f-5c04-4f04-8452-f5edbb1871d0" />
    <UnitTestResult executionId="b430eb9c-fd27-4fdd-a93f-6e708a7b85d0" testId="8474210e-592c-5a64-43cc-0339e752e8b8" testName="SendCommandSecurityVisitor_UpdateSecurityManagerCommand_ArgumentNullException" computerName="DKSR-EFI-06" duration="00:00:00.0024726" startTime="2024-01-09T15:42:24.7633391+01:00" endTime="2024-01-09T15:42:24.7633391+01:00" testType="13cdc9d9-ddb5-4fa4-a97d-d965ccfc6d4b" outcome="Passed" testListId="8c84fa94-04c1-424b-9868-57a2d4851a1d" relativeResultsDirectory="b430eb9c-fd27-4fdd-a93f-6e708a7b85d0">
      <Output>
        <StdOut>Debug Trace:&#xD;
Fail: Argument null.</StdOut>
      </Output>
    </UnitTestResult>
    <UnitTestResult executionId="549577dc-755f-499e-a114-b38720fa9774" testId="559a2d9a-133f-85c2-8092-b3bab95401ec" testName="GetChildItems_ParamNullCheck_RequestContextTest" computerName="DKSR-EFI-06" duration="00:00:00.0020906" startTime="2024-01-09T15:42:39.7165129+01:00" endTime="2024-01-09T15:42:39.7165129+01:00" testType="13cdc9d9-ddb5-4fa4-a97d-d965ccfc6d4b" outcome="Passed" testListId="8c84fa94-04c1-424b-9868-57a2d4851a1d" relativeResultsDirectory="549577dc-755f-499e-a114-b38720fa9774" />
    <UnitTestResult executionId="9cf56a1f-cd05-4827-b253-f63a7359513a" testId="440f80df-8f8e-f3c0-7ca8-78015b3141f8" testName="GetItemType_WhenObjectNotExists_ReturnsNull" computerName="DKSR-EFI-06" duration="00:00:00.0024372" startTime="2024-01-09T15:42:37.9508825+01:00" endTime="2024-01-09T15:42:37.9508825+01:00" testType="13cdc9d9-ddb5-4fa4-a97d-d965ccfc6d4b" outcome="Passed" testListId="8c84fa94-04c1-424b-9868-57a2d4851a1d" relativeResultsDirectory="9cf56a1f-cd05-4827-b253-f63a7359513a" />
    <UnitTestResult executionId="7879ec36-c6aa-4b42-962d-fd67bc43e3af" testId="d1721802-7521-0a65-90ef-7cda2d01ffb3" testName="DeleteSearchTemplate_PrivateOnly" computerName="DKSR-EFI-06" duration="00:00:00.0111830" startTime="2024-01-09T15:42:43.8102766+01:00" endTime="2024-01-09T15:42:43.8259057+01:00" testType="13cdc9d9-ddb5-4fa4-a97d-d965ccfc6d4b" outcome="Passed" testListId="8c84fa94-04c1-424b-9868-57a2d4851a1d" relativeResultsDirectory="7879ec36-c6aa-4b42-962d-fd67bc43e3af" />
    <UnitTestResult executionId="369b5b31-efed-4545-a279-ae731a51130a" testId="6361b2e9-8cde-b496-964b-6eab18203c15" testName="Build_WhenSendSNMPTrap_ReturnsProperties" computerName="DKSR-EFI-06" duration="00:00:00.0038660" startTime="2024-01-09T15:42:35.8258699+01:00" endTime="2024-01-09T15:42:35.8258699+01:00" testType="13cdc9d9-ddb5-4fa4-a97d-d965ccfc6d4b" outcome="Passed" testListId="8c84fa94-04c1-424b-9868-57a2d4851a1d" relativeResultsDirectory="369b5b31-efed-4545-a279-ae731a51130a" />
    <UnitTestResult executionId="4be04124-3fb2-4ad3-ae05-b30bcd583ac1" testId="58159017-8b5d-0314-092a-1b063eb67c8d" testName="ConfigurationItemPath_CreateFolderPath3Strings_ParentPathNull_ArgumentNullException" computerName="DKSR-EFI-06" duration="00:00:00.0006070" startTime="2024-01-09T15:42:33.5133555+01:00" endTime="2024-01-09T15:42:33.5133555+01:00" testType="13cdc9d9-ddb5-4fa4-a97d-d965ccfc6d4b" outcome="Passed" testListId="8c84fa94-04c1-424b-9868-57a2d4851a1d" relativeResultsDirectory="4be04124-3fb2-4ad3-ae05-b30bcd583ac1" />
    <UnitTestResult executionId="585403c9-b535-4e82-826a-3a8a7aeadffd" testId="66e86e11-aa6f-d6de-573d-c0aabb75ba87" testName="DriverSettingsBusiness_PrepareAndValidateSettings_TwoSettings_Success (Data Row 4)" computerName="DKSR-EFI-06" duration="00:00:00.0700260" startTime="2024-01-09T15:42:32.2008497+01:00" endTime="2024-01-09T15:42:32.5446004+01:00" testType="13cdc9d9-ddb5-4fa4-a97d-d965ccfc6d4b" outcome="Passed" testListId="8c84fa94-04c1-424b-9868-57a2d4851a1d" relativeResultsDirectory="585403c9-b535-4e82-826a-3a8a7aeadffd" />
    <UnitTestResult executionId="b465170a-3f74-4a8d-91a6-b50e695eb8dc" testId="6e50cc32-96e2-09b2-9e64-5d4327fd2092" testName="GetItem_SunnyDay_Folder" computerName="DKSR-EFI-06" duration="00:00:00.0005729" startTime="2024-01-09T15:42:40.8258953+01:00" endTime="2024-01-09T15:42:40.8415170+01:00" testType="13cdc9d9-ddb5-4fa4-a97d-d965ccfc6d4b" outcome="Passed" testListId="8c84fa94-04c1-424b-9868-57a2d4851a1d" relativeResultsDirectory="b465170a-3f74-4a8d-91a6-b50e695eb8dc" />
    <UnitTestResult executionId="f12ef666-a82e-4297-84a3-fc7b4730fa7e" testId="91768d3c-1b6e-ca6e-dbb0-be203a1e1f25" testName="IsComplete_WhenRecurring_DailyOnce_ReturnsTrue" computerName="DKSR-EFI-06" duration="00:00:00.0073505" startTime="2024-01-09T15:42:34.9821156+01:00" endTime="2024-01-09T15:42:34.9977418+01:00" testType="13cdc9d9-ddb5-4fa4-a97d-d965ccfc6d4b" outcome="Passed" testListId="8c84fa94-04c1-424b-9868-57a2d4851a1d" relativeResultsDirectory="f12ef666-a82e-4297-84a3-fc7b4730fa7e" />
    <UnitTestResult executionId="0858d860-d1e7-4a5f-bb57-5ed2b74a9889" testId="e125132d-6249-5a44-895a-6576dd216a8b" testName="SendCommandSecurityVisitor_ServerFileSystemOperationCommand_ArgumentNullException" computerName="DKSR-EFI-06" duration="00:00:00.0049571" startTime="2024-01-09T15:42:22.5758386+01:00" endTime="2024-01-09T15:42:22.5758386+01:00" testType="13cdc9d9-ddb5-4fa4-a97d-d965ccfc6d4b" outcome="Passed" testListId="8c84fa94-04c1-424b-9868-57a2d4851a1d" relativeResultsDirectory="0858d860-d1e7-4a5f-bb57-5ed2b74a9889">
      <Output>
        <StdOut>Debug Trace:&#xD;
Fail: Argument null.</StdOut>
      </Output>
    </UnitTestResult>
    <UnitTestResult executionId="316a5ac3-4960-4d23-8813-88d02dc76262" testId="e3eabb2e-6984-855b-e86f-83fd3bc71a9a" testName="Validate_WhenObjectNotExists_ReturnsFalse" computerName="DKSR-EFI-06" duration="00:00:00.0023517" startTime="2024-01-09T15:42:38.2633829+01:00" endTime="2024-01-09T15:42:38.2790074+01:00" testType="13cdc9d9-ddb5-4fa4-a97d-d965ccfc6d4b" outcome="Passed" testListId="8c84fa94-04c1-424b-9868-57a2d4851a1d" relativeResultsDirectory="316a5ac3-4960-4d23-8813-88d02dc76262" />
    <UnitTestResult executionId="47dbc4d5-6905-4d90-9977-d94b1cddb2ec" testId="a0d3f686-5f8a-d6b0-2f8d-966e29a19dd8" testName="Get_KnownResource_ItemFound_NotNoData_NotTasks_PerformingTask_NotResources_NotDefinition_PerformsTaskOnly" computerName="DKSR-EFI-06" duration="00:00:00.0285386" startTime="2024-01-09T15:42:27.8258403+01:00" endTime="2024-01-09T15:42:27.8414635+01:00" testType="13cdc9d9-ddb5-4fa4-a97d-d965ccfc6d4b" outcome="Passed" testListId="8c84fa94-04c1-424b-9868-57a2d4851a1d" relativeResultsDirectory="47dbc4d5-6905-4d90-9977-d94b1cddb2ec" />
    <UnitTestResult executionId="0a87f557-ff2e-4449-86b5-92f533a66373" testId="39004c09-00be-3501-5f0e-b76c2c0f3da4" testName="ConfigurationItemPath_CreateFolderPath3Strings_IdInvalid_CreateConfigurationItemPathException (Data Row 1)" computerName="DKSR-EFI-06" duration="00:00:00.0005826" startTime="2024-01-09T15:42:33.5133555+01:00" endTime="2024-01-09T15:42:33.5133555+01:00" testType="13cdc9d9-ddb5-4fa4-a97d-d965ccfc6d4b" outcome="Passed" testListId="8c84fa94-04c1-424b-9868-57a2d4851a1d" relativeResultsDirectory="0a87f557-ff2e-4449-86b5-92f533a66373">
      <Output>
        <StdOut>Debug Trace:&#xD;
Fail: Id is invalid: ABC</StdOut>
      </Output>
    </UnitTestResult>
    <UnitTestResult executionId="ee523466-e04e-436e-82a4-5da10c5cca84" testId="c2a261b6-3500-2ab9-47ef-99a763fac49d" testName="Build_WhenActionIsStartFeed_ReturnsProperties" computerName="DKSR-EFI-06" duration="00:00:00.0653470" startTime="2024-01-09T15:42:35.6696205+01:00" endTime="2024-01-09T15:42:35.7321182+01:00" testType="13cdc9d9-ddb5-4fa4-a97d-d965ccfc6d4b" outcome="Passed" testListId="8c84fa94-04c1-424b-9868-57a2d4851a1d" relativeResultsDirectory="ee523466-e04e-436e-82a4-5da10c5cca84" />
    <UnitTestResult executionId="ed8cb777-514c-45d7-9a08-965abe8a79d3" testId="08b3a834-ac83-80b9-482c-362cbb49d51b" testName="GetCurrentProperties_WhenActionPropertyPresentWithNoValue_ReturnsEmptyList" computerName="DKSR-EFI-06" duration="00:00:00.0006084" startTime="2024-01-09T15:42:35.3102727+01:00" endTime="2024-01-09T15:42:35.3102727+01:00" testType="13cdc9d9-ddb5-4fa4-a97d-d965ccfc6d4b" outcome="Passed" testListId="8c84fa94-04c1-424b-9868-57a2d4851a1d" relativeResultsDirectory="ed8cb777-514c-45d7-9a08-965abe8a79d3" />
    <UnitTestResult executionId="3875f1e7-07fc-4a7d-98d2-215193be9101" testId="ea2479e0-f1f5-8aee-95c8-f74e0d5b7429" testName="Validate_WhenMonthlyFrequency_ValueInDayParameterMoreThan31_ReturnsError" computerName="DKSR-EFI-06" duration="00:00:00.0003937" startTime="2024-01-09T15:42:37.0915001+01:00" endTime="2024-01-09T15:42:37.0915001+01:00" testType="13cdc9d9-ddb5-4fa4-a97d-d965ccfc6d4b" outcome="Passed" testListId="8c84fa94-04c1-424b-9868-57a2d4851a1d" relativeResultsDirectory="3875f1e7-07fc-4a7d-98d2-215193be9101" />
    <UnitTestResult executionId="8f4e1711-d765-4b98-b491-072ff7287e79" testId="a91ce14b-b9ef-6023-aa5a-e9e0dd30a6af" testName="Patch_UseElementListToUpdateItem_UseParentResourceToFindItem" computerName="DKSR-EFI-06" duration="00:00:00.0105540" startTime="2024-01-09T15:42:29.2945901+01:00" endTime="2024-01-09T15:42:29.3102381+01:00" testType="13cdc9d9-ddb5-4fa4-a97d-d965ccfc6d4b" outcome="Passed" testListId="8c84fa94-04c1-424b-9868-57a2d4851a1d" relativeResultsDirectory="8f4e1711-d765-4b98-b491-072ff7287e79" />
    <UnitTestResult executionId="d9b454a7-7be6-4818-934b-fb23b670a3ed" testId="14521471-c1b1-db63-0fce-a3efe47998bb" testName="Build_WhenActionIsMIPAction_ReturnsRuleModel" computerName="DKSR-EFI-06" duration="00:00:00.0041464" startTime="2024-01-09T15:42:39.2633867+01:00" endTime="2024-01-09T15:42:39.2790147+01:00" testType="13cdc9d9-ddb5-4fa4-a97d-d965ccfc6d4b" outcome="Passed" testListId="8c84fa94-04c1-424b-9868-57a2d4851a1d" relativeResultsDirectory="d9b454a7-7be6-4818-934b-fb23b670a3ed" />
    <UnitTestResult executionId="7d36492d-b058-44a6-9923-7115aaf44bf4" testId="f6eb602c-855e-2cbb-57c7-9d6411be01c9" testName="Build_TimeBetween_WhenTrue_TimeSpanParametersPresent_ConditionIsAdded" computerName="DKSR-EFI-06" duration="00:00:00.0012430" startTime="2024-01-09T15:42:36.6540014+01:00" endTime="2024-01-09T15:42:36.6540014+01:00" testType="13cdc9d9-ddb5-4fa4-a97d-d965ccfc6d4b" outcome="Passed" testListId="8c84fa94-04c1-424b-9868-57a2d4851a1d" relativeResultsDirectory="7d36492d-b058-44a6-9923-7115aaf44bf4" />
    <UnitTestResult executionId="3862c908-3c00-445c-a785-7d3ce7e824de" testId="b2093072-64b0-57a7-7d6c-913c2cc54cc7" testName="GetItem_LicenseInformation_SunnyDay" computerName="DKSR-EFI-06" duration="00:00:00.0100469" startTime="2024-01-09T15:42:40.4821428+01:00" endTime="2024-01-09T15:42:40.4977697+01:00" testType="13cdc9d9-ddb5-4fa4-a97d-d965ccfc6d4b" outcome="Passed" testListId="8c84fa94-04c1-424b-9868-57a2d4851a1d" relativeResultsDirectory="3862c908-3c00-445c-a785-7d3ce7e824de" />
    <UnitTestResult executionId="e05dc104-33f4-4fd8-b87d-c77016b8f6a9" testId="84a79663-d91f-0de5-1898-83d5f47659bc" testName="Build_WhenStartTypeIsPredefinedEvent_CorrectGroupIsSet_ReturnsTrue" computerName="DKSR-EFI-06" duration="00:00:00.0096458" startTime="2024-01-09T15:42:38.9508848+01:00" endTime="2024-01-09T15:42:38.9508848+01:00" testType="13cdc9d9-ddb5-4fa4-a97d-d965ccfc6d4b" outcome="Passed" testListId="8c84fa94-04c1-424b-9868-57a2d4851a1d" relativeResultsDirectory="e05dc104-33f4-4fd8-b87d-c77016b8f6a9" />
    <UnitTestResult executionId="ebed3f41-5af0-4f81-b796-8bd0277252a7" testId="3e0c92c8-4b2d-c55c-ce7e-7e106191b56c" testName="GetItemType_WhenRecorderExists_ReturnsCorrectItemType" computerName="DKSR-EFI-06" duration="00:00:00.0037598" startTime="2024-01-09T15:42:38.0446320+01:00" endTime="2024-01-09T15:42:38.0446320+01:00" testType="13cdc9d9-ddb5-4fa4-a97d-d965ccfc6d4b" outcome="Passed" testListId="8c84fa94-04c1-424b-9868-57a2d4851a1d" relativeResultsDirectory="ebed3f41-5af0-4f81-b796-8bd0277252a7" />
    <UnitTestResult executionId="3b2bf590-7924-402c-a2ec-c6507c898655" testId="d6108946-120f-022f-8a70-56f5b4e04c97" testName="SendCommandSecurityVisitor_RecorderTaskSuccessCommand_NotSupportedException" computerName="DKSR-EFI-06" duration="00:00:00.0035204" startTime="2024-01-09T15:42:21.9352130+01:00" endTime="2024-01-09T15:42:21.9352130+01:00" testType="13cdc9d9-ddb5-4fa4-a97d-d965ccfc6d4b" outcome="Passed" testListId="8c84fa94-04c1-424b-9868-57a2d4851a1d" relativeResultsDirectory="3b2bf590-7924-402c-a2ec-c6507c898655" />
    <UnitTestResult executionId="da75f5e9-00d1-4cc4-be2f-ad33420047c4" testId="aadb5124-3e74-e1e4-f703-b94b22786877" testName="GetXml_WhenConditionTimeProfile_MatchesXml" computerName="DKSR-EFI-06" duration="00:00:00.0021378" startTime="2024-01-09T15:42:38.7790113+01:00" endTime="2024-01-09T15:42:38.7790113+01:00" testType="13cdc9d9-ddb5-4fa4-a97d-d965ccfc6d4b" outcome="Passed" testListId="8c84fa94-04c1-424b-9868-57a2d4851a1d" relativeResultsDirectory="da75f5e9-00d1-4cc4-be2f-ad33420047c4" />
    <UnitTestResult executionId="5b796213-cbd7-4489-8310-707c2ff7569a" testId="db2bdc49-cc63-316a-9432-c3516d0b6e7f" testName="SendCommandSecurityVisitor_UpdateConfigurationManagerCommand_RecordingStorageDevice_Delete_NotSupportedException" computerName="DKSR-EFI-06" duration="00:00:00.0158977" startTime="2024-01-09T15:42:24.2633399+01:00" endTime="2024-01-09T15:42:24.2789659+01:00" testType="13cdc9d9-ddb5-4fa4-a97d-d965ccfc6d4b" outcome="Passed" testListId="8c84fa94-04c1-424b-9868-57a2d4851a1d" relativeResultsDirectory="5b796213-cbd7-4489-8310-707c2ff7569a" />
    <UnitTestResult executionId="52c2e4c2-0258-4114-944d-fd5f8e5454e6" testId="fa6131bd-64d9-265a-360c-1277a9e29d49" testName="SendCommandSecurityVisitor_SynchronizeDevicePresetsCommand_ArgumentNullException" computerName="DKSR-EFI-06" duration="00:00:00.0057247" startTime="2024-01-09T15:42:22.5602156+01:00" endTime="2024-01-09T15:42:22.5602156+01:00" testType="13cdc9d9-ddb5-4fa4-a97d-d965ccfc6d4b" outcome="Passed" testListId="8c84fa94-04c1-424b-9868-57a2d4851a1d" relativeResultsDirectory="52c2e4c2-0258-4114-944d-fd5f8e5454e6">
      <Output>
        <StdOut>Debug Trace:&#xD;
Fail: Argument null.</StdOut>
      </Output>
    </UnitTestResult>
    <UnitTestResult executionId="80191cb6-fd3d-4b26-8407-49a4f8da6c3f" testId="a84eabc1-b8e5-0fa8-8474-2ded5ba25a35" testName="Delete_ThrowsException_WhenRemoveMethodNotFound" computerName="DKSR-EFI-06" duration="00:00:00.0032083" startTime="2024-01-09T15:42:29.0289650+01:00" endTime="2024-01-09T15:42:29.0289650+01:00" testType="13cdc9d9-ddb5-4fa4-a97d-d965ccfc6d4b" outcome="Passed" testListId="8c84fa94-04c1-424b-9868-57a2d4851a1d" relativeResultsDirectory="80191cb6-fd3d-4b26-8407-49a4f8da6c3f" />
    <UnitTestResult executionId="b71152a7-0ec3-4b77-8c55-05d6dce8b6ed" testId="06e96da0-5c9b-d099-365b-0d0f04d89536" testName="DeviceStreams_RemoveStream_Remove_NonExisting_DeviceStreamRemoveNotFoundException" computerName="DKSR-EFI-06" duration="00:00:00.0087655" startTime="2024-01-09T15:42:42.6852739+01:00" endTime="2024-01-09T15:42:42.7009000+01:00" testType="13cdc9d9-ddb5-4fa4-a97d-d965ccfc6d4b" outcome="Passed" testListId="8c84fa94-04c1-424b-9868-57a2d4851a1d" relativeResultsDirectory="b71152a7-0ec3-4b77-8c55-05d6dce8b6ed" />
    <UnitTestResult executionId="9e86a37d-108b-4674-b311-256c6f5fbe31" testId="6b0d68ca-f3b4-59ce-37a2-2a7538880c79" testName="Build_WhenTimeProfileCondition_TimeProfileValueIsEmpty_ReturnsEmptyTimeProfileProperty" computerName="DKSR-EFI-06" duration="00:00:00.0019390" startTime="2024-01-09T15:42:36.3414997+01:00" endTime="2024-01-09T15:42:36.3571227+01:00" testType="13cdc9d9-ddb5-4fa4-a97d-d965ccfc6d4b" outcome="Passed" testListId="8c84fa94-04c1-424b-9868-57a2d4851a1d" relativeResultsDirectory="9e86a37d-108b-4674-b311-256c6f5fbe31" />
    <UnitTestResult executionId="e1fb5ae6-869a-4f2d-9a90-443c4421f17e" testId="2cc151fa-23c6-47e5-a33f-60b2d070fed8" testName="SetItem_ParamNullCheck3" computerName="DKSR-EFI-06" duration="00:00:00.0008181" startTime="2024-01-09T15:42:39.6696380+01:00" endTime="2024-01-09T15:42:39.6696380+01:00" testType="13cdc9d9-ddb5-4fa4-a97d-d965ccfc6d4b" outcome="Passed" testListId="8c84fa94-04c1-424b-9868-57a2d4851a1d" relativeResultsDirectory="e1fb5ae6-869a-4f2d-9a90-443c4421f17e" />
    <UnitTestResult executionId="cf78b7ef-3600-4a48-b5b0-0e1e70d10b7e" testId="31657ef7-69b9-d6f1-1bad-c161e441dac0" testName="Build_RetrieveEdgeStorageTimeOrMetadata_WhenParametersAreSet_ReturnsActionModel" computerName="DKSR-EFI-06" duration="00:00:00.0014348" startTime="2024-01-09T15:42:36.4039974+01:00" endTime="2024-01-09T15:42:36.4196256+01:00" testType="13cdc9d9-ddb5-4fa4-a97d-d965ccfc6d4b" outcome="Passed" testListId="8c84fa94-04c1-424b-9868-57a2d4851a1d" relativeResultsDirectory="cf78b7ef-3600-4a48-b5b0-0e1e70d10b7e" />
    <UnitTestResult executionId="e143c0db-89aa-4605-8ab9-27ead4a189e0" testId="cf36e6e1-7e37-e608-e8ab-8a87b188f1ba" testName="ValidateItem_NotSupported_Check" computerName="DKSR-EFI-06" duration="00:00:00.0039297" startTime="2024-01-09T15:42:39.7008912+01:00" endTime="2024-01-09T15:42:39.7165129+01:00" testType="13cdc9d9-ddb5-4fa4-a97d-d965ccfc6d4b" outcome="Passed" testListId="8c84fa94-04c1-424b-9868-57a2d4851a1d" relativeResultsDirectory="e143c0db-89aa-4605-8ab9-27ead4a189e0" />
    <UnitTestResult executionId="caef9391-b039-4ea4-9af7-60e378c2e072" testId="5e7c2d5e-22f2-f51a-818e-36fc42ed981f" testName="SendCommandSecurityVisitor_UpdateSecurityManagerCommand_SecurityPermissionsDevice_Camera_Add_Allowed" computerName="DKSR-EFI-06" duration="00:00:00.0337635" startTime="2024-01-09T15:42:21.0445871+01:00" endTime="2024-01-09T15:42:21.0758389+01:00" testType="13cdc9d9-ddb5-4fa4-a97d-d965ccfc6d4b" outcome="Passed" testListId="8c84fa94-04c1-424b-9868-57a2d4851a1d" relativeResultsDirectory="caef9391-b039-4ea4-9af7-60e378c2e072" />
    <UnitTestResult executionId="a4e13609-fe3b-4c7c-8f42-d314657aaa56" testId="032a180f-c839-c9ea-66c9-497331a39696" testName="Validate_WhenSubdayTypeRecurring_SubdayEndTimeIsAbove24Hours_ReturnsError" computerName="DKSR-EFI-06" duration="00:00:00.0004466" startTime="2024-01-09T15:42:37.0133758+01:00" endTime="2024-01-09T15:42:37.0133758+01:00" testType="13cdc9d9-ddb5-4fa4-a97d-d965ccfc6d4b" outcome="Passed" testListId="8c84fa94-04c1-424b-9868-57a2d4851a1d" relativeResultsDirectory="a4e13609-fe3b-4c7c-8f42-d314657aaa56" />
    <UnitTestResult executionId="417c1e95-d5ac-4aa1-b191-4bd6963a987f" testId="a9f99ae7-0a36-4de2-1824-6e3f324df40f" testName="Validate_WhenValueIsInvalid_ReturnsFalse" computerName="DKSR-EFI-06" duration="00:00:00.0056350" startTime="2024-01-09T15:42:37.6852547+01:00" endTime="2024-01-09T15:42:37.7008844+01:00" testType="13cdc9d9-ddb5-4fa4-a97d-d965ccfc6d4b" outcome="Passed" testListId="8c84fa94-04c1-424b-9868-57a2d4851a1d" relativeResultsDirectory="417c1e95-d5ac-4aa1-b191-4bd6963a987f" />
    <UnitTestResult executionId="e0879984-6807-440c-91eb-6c50d206d2ed" testId="fb1ed2e2-5e29-a182-0265-9461c6c8d30c" testName="ValidateItem_ParamNullCheck_RequestContextTest" computerName="DKSR-EFI-06" duration="00:00:00.0016134" startTime="2024-01-09T15:42:41.4821440+01:00" endTime="2024-01-09T15:42:41.4821440+01:00" testType="13cdc9d9-ddb5-4fa4-a97d-d965ccfc6d4b" outcome="Passed" testListId="8c84fa94-04c1-424b-9868-57a2d4851a1d" relativeResultsDirectory="e0879984-6807-440c-91eb-6c50d206d2ed" />
    <UnitTestResult executionId="7ff353ee-ce5a-4307-97a2-027334d1a562" testId="7d3db2a2-435e-cd1f-c934-1e7b930e136a" testName="GetItemType_WhenValidLayout_ReturnsLayout" computerName="DKSR-EFI-06" duration="00:00:00.0031262" startTime="2024-01-09T15:42:37.7946329+01:00" endTime="2024-01-09T15:42:37.7946329+01:00" testType="13cdc9d9-ddb5-4fa4-a97d-d965ccfc6d4b" outcome="Passed" testListId="8c84fa94-04c1-424b-9868-57a2d4851a1d" relativeResultsDirectory="7ff353ee-ce5a-4307-97a2-027334d1a562" />
    <UnitTestResult executionId="f3801d25-6ce1-4255-b21e-f67cf2b44f12" testId="3851aa70-f264-e27d-47c5-709427c25503" testName="FindSearchTemplates_ById_Public_NotAllowed" computerName="DKSR-EFI-06" duration="00:00:00.0072444" startTime="2024-01-09T15:42:43.5134031+01:00" endTime="2024-01-09T15:42:43.5134031+01:00" testType="13cdc9d9-ddb5-4fa4-a97d-d965ccfc6d4b" outcome="Passed" testListId="8c84fa94-04c1-424b-9868-57a2d4851a1d" relativeResultsDirectory="f3801d25-6ce1-4255-b21e-f67cf2b44f12" />
    <UnitTestResult executionId="5550472e-29a3-48c0-896e-3a568e12dcd9" testId="30228065-1e3a-c006-684b-49e14e61dd8e" testName="SendCommandSecurityVisitor_ServerFileSystemOperationCommand_CreateRecorderDirectory_Allowed" computerName="DKSR-EFI-06" duration="00:00:00.0008999" startTime="2024-01-09T15:42:22.5758386+01:00" endTime="2024-01-09T15:42:22.5758386+01:00" testType="13cdc9d9-ddb5-4fa4-a97d-d965ccfc6d4b" outcome="Passed" testListId="8c84fa94-04c1-424b-9868-57a2d4851a1d" relativeResultsDirectory="5550472e-29a3-48c0-896e-3a568e12dcd9" />
    <UnitTestResult executionId="091ebc6f-4ce8-4172-aca4-f4decf366fcb" testId="ec0a6874-8f35-1d52-1ad8-40c7697825d4" testName="IsPropertyPresent_WhenNoSuchProperty_ReturnsFalse" computerName="DKSR-EFI-06" duration="00:00:00.0003892" startTime="2024-01-09T15:42:34.1071124+01:00" endTime="2024-01-09T15:42:34.1071124+01:00" testType="13cdc9d9-ddb5-4fa4-a97d-d965ccfc6d4b" outcome="Passed" testListId="8c84fa94-04c1-424b-9868-57a2d4851a1d" relativeResultsDirectory="091ebc6f-4ce8-4172-aca4-f4decf366fcb" />
    <UnitTestResult executionId="942ae486-de61-4b29-92ba-bb6c75146510" testId="791c75fe-ff10-f909-6579-d1ad9b5a3c04" testName="GetInternalUnitPath_WithParameter_ProvidesCorrectPath" computerName="DKSR-EFI-06" duration="00:00:00.0101245" startTime="2024-01-09T15:42:41.8415223+01:00" endTime="2024-01-09T15:42:41.8571469+01:00" testType="13cdc9d9-ddb5-4fa4-a97d-d965ccfc6d4b" outcome="Passed" testListId="8c84fa94-04c1-424b-9868-57a2d4851a1d" relativeResultsDirectory="942ae486-de61-4b29-92ba-bb6c75146510" />
    <UnitTestResult executionId="e85f7aad-c77a-4f3f-b37c-1f9d1e764476" testId="bd416e6d-b08a-89a4-c54b-b6e757ff2a4f" testName="Validate_WhenWrongKind_ReturnsFalse" computerName="DKSR-EFI-06" duration="00:00:00.0027305" startTime="2024-01-09T15:42:38.4508818+01:00" endTime="2024-01-09T15:42:38.4508818+01:00" testType="13cdc9d9-ddb5-4fa4-a97d-d965ccfc6d4b" outcome="Passed" testListId="8c84fa94-04c1-424b-9868-57a2d4851a1d" relativeResultsDirectory="e85f7aad-c77a-4f3f-b37c-1f9d1e764476" />
    <UnitTestResult executionId="8193cfa6-5035-4f3b-9acc-613485e64352" testId="5235dfca-9e65-0d65-ad96-77ecca21e4ea" testName="Validate_WhenValidVideoWallPreset_ReturnsTrue" computerName="DKSR-EFI-06" duration="00:00:00.0040317" startTime="2024-01-09T15:42:38.2321337+01:00" endTime="2024-01-09T15:42:38.2321337+01:00" testType="13cdc9d9-ddb5-4fa4-a97d-d965ccfc6d4b" outcome="Passed" testListId="8c84fa94-04c1-424b-9868-57a2d4851a1d" relativeResultsDirectory="8193cfa6-5035-4f3b-9acc-613485e64352" />
    <UnitTestResult executionId="671eb25d-0f84-49ce-a368-3f2263e01f2d" testId="fe872f9d-b647-67ab-a368-5af147dac57a" testName="ServerProxyService_GetConfigurationDataSetTables_Rules_Allowed_NotFiltered" computerName="DKSR-EFI-06" duration="00:00:00.0119082" startTime="2024-01-09T15:42:25.4352642+01:00" endTime="2024-01-09T15:42:25.4508397+01:00" testType="13cdc9d9-ddb5-4fa4-a97d-d965ccfc6d4b" outcome="Passed" testListId="8c84fa94-04c1-424b-9868-57a2d4851a1d" relativeResultsDirectory="671eb25d-0f84-49ce-a368-3f2263e01f2d" />
    <UnitTestResult executionId="c5eaa451-665a-4b98-b56b-1b5cf8dccdaf" testId="792d7f0e-90f1-92b1-29a8-dae90f8bead0" testName="GetXml_WhenActionIsMIPAction_MatchesXml" computerName="DKSR-EFI-06" duration="00:00:00.0010122" startTime="2024-01-09T15:42:38.6540091+01:00" endTime="2024-01-09T15:42:38.6540091+01:00" testType="13cdc9d9-ddb5-4fa4-a97d-d965ccfc6d4b" outcome="Passed" testListId="8c84fa94-04c1-424b-9868-57a2d4851a1d" relativeResultsDirectory="c5eaa451-665a-4b98-b56b-1b5cf8dccdaf" />
    <UnitTestResult executionId="9d956819-15ee-4199-876e-dd817e843cf7" testId="9db90fe8-9b98-4698-7925-4b98c4a17b3c" testName="Post_InvokeMethod_ValidTaskOnConfigurationItem_ConfigApiResourceUsed_ItemTypeHardware" computerName="DKSR-EFI-06" duration="00:00:00.0105954" startTime="2024-01-09T15:42:29.3883390+01:00" endTime="2024-01-09T15:42:29.3883390+01:00" testType="13cdc9d9-ddb5-4fa4-a97d-d965ccfc6d4b" outcome="Passed" testListId="8c84fa94-04c1-424b-9868-57a2d4851a1d" relativeResultsDirectory="9d956819-15ee-4199-876e-dd817e843cf7" />
    <UnitTestResult executionId="15c67890-5dba-451f-885b-53307996050d" testId="115875f0-9c4c-4b5f-5b9b-21f62be2aceb" testName="SendCommandSecurityVisitor_UpdateSecurityManagerCommand_TimeProfileDefaultRoleRelation_Edit_Allowed" computerName="DKSR-EFI-06" duration="00:00:00.0234875" startTime="2024-01-09T15:42:21.5758384+01:00" endTime="2024-01-09T15:42:21.6070880+01:00" testType="13cdc9d9-ddb5-4fa4-a97d-d965ccfc6d4b" outcome="Passed" testListId="8c84fa94-04c1-424b-9868-57a2d4851a1d" relativeResultsDirectory="15c67890-5dba-451f-885b-53307996050d" />
    <UnitTestResult executionId="10065483-53f3-4e08-b656-60f6c82edc1a" testId="9cb71a2c-3471-5c7c-a493-c87d4dbf9e13" testName="GetXml_WhenConditionIsWithinWindow_MatchesXml" computerName="DKSR-EFI-06" duration="00:00:00.0037575" startTime="2024-01-09T15:42:38.7946660+01:00" endTime="2024-01-09T15:42:38.7946660+01:00" testType="13cdc9d9-ddb5-4fa4-a97d-d965ccfc6d4b" outcome="Passed" testListId="8c84fa94-04c1-424b-9868-57a2d4851a1d" relativeResultsDirectory="10065483-53f3-4e08-b656-60f6c82edc1a" />
    <UnitTestResult executionId="c2ee3feb-83b6-43ca-95dd-ef9d32727fae" testId="5e26baa7-28b8-c700-3ac8-9a7c3345f46a" testName="ConfigurationItemPath_Create_FolderItemPathGuid_Succes" computerName="DKSR-EFI-06" duration="00:00:00.0004902" startTime="2024-01-09T15:42:33.4196067+01:00" endTime="2024-01-09T15:42:33.4196067+01:00" testType="13cdc9d9-ddb5-4fa4-a97d-d965ccfc6d4b" outcome="Passed" testListId="8c84fa94-04c1-424b-9868-57a2d4851a1d" relativeResultsDirectory="c2ee3feb-83b6-43ca-95dd-ef9d32727fae" />
    <UnitTestResult executionId="5c3c7c6e-ba2a-4590-bcd3-996dcd00beb7" testId="843016ba-1dcd-50cd-e36e-652312e0dce0" testName="GetXml_WhenActionIsStopPluginsOnDevices_MatchesXml" computerName="DKSR-EFI-06" duration="00:00:00.0011551" startTime="2024-01-09T15:42:38.6696329+01:00" endTime="2024-01-09T15:42:38.6696329+01:00" testType="13cdc9d9-ddb5-4fa4-a97d-d965ccfc6d4b" outcome="Passed" testListId="8c84fa94-04c1-424b-9868-57a2d4851a1d" relativeResultsDirectory="5c3c7c6e-ba2a-4590-bcd3-996dcd00beb7" />
    <UnitTestResult executionId="16ae50e2-569f-4439-ae4c-dab23d566f21" testId="b4e15b1f-6786-4199-ac01-42e0d176ca11" testName="ConfigurationItemPathBuilder_Create_RootPath_Succes" computerName="DKSR-EFI-06" duration="00:00:00.0011825" startTime="2024-01-09T15:42:33.3414793+01:00" endTime="2024-01-09T15:42:33.3414793+01:00" testType="13cdc9d9-ddb5-4fa4-a97d-d965ccfc6d4b" outcome="Passed" testListId="8c84fa94-04c1-424b-9868-57a2d4851a1d" relativeResultsDirectory="16ae50e2-569f-4439-ae4c-dab23d566f21" />
    <UnitTestResult executionId="2dd440e5-448e-4766-a18b-0f201ce1fcc3" testId="8284577d-64e9-579c-0d3f-d11774cc2887" testName="ChangePassword_PasswordNotComplexEnough_ThrowsBasicUserPasswordException" computerName="DKSR-EFI-06" duration="00:00:00.0019161" startTime="2024-01-09T15:42:33.2008539+01:00" endTime="2024-01-09T15:42:33.2008539+01:00" testType="13cdc9d9-ddb5-4fa4-a97d-d965ccfc6d4b" outcome="Passed" testListId="8c84fa94-04c1-424b-9868-57a2d4851a1d" relativeResultsDirectory="2dd440e5-448e-4766-a18b-0f201ce1fcc3" />
    <UnitTestResult executionId="f697976e-5892-408a-a17a-ec3a4ae47450" testId="37cac0d6-e412-fc55-f9f9-46f1fd583271" testName="RetentionTimeRule_RuleActionAsync_NullStorageCounters_ShouldReturn" computerName="DKSR-EFI-06" duration="00:00:00.0013450" startTime="2024-01-09T15:42:44.1384062+01:00" endTime="2024-01-09T15:42:44.1540306+01:00" testType="13cdc9d9-ddb5-4fa4-a97d-d965ccfc6d4b" outcome="Passed" testListId="8c84fa94-04c1-424b-9868-57a2d4851a1d" relativeResultsDirectory="f697976e-5892-408a-a17a-ec3a4ae47450" />
    <UnitTestResult executionId="96b5e2d8-ae01-4f7a-8f67-dbb76c1ff6ff" testId="24b3aeb5-b4c5-1d0d-38e9-d24a17c049b1" testName="Validate_WhenStartRuleIsTimer_Error" computerName="DKSR-EFI-06" duration="00:00:00.0009840" startTime="2024-01-09T15:42:37.5602549+01:00" endTime="2024-01-09T15:42:37.5602549+01:00" testType="13cdc9d9-ddb5-4fa4-a97d-d965ccfc6d4b" outcome="Passed" testListId="8c84fa94-04c1-424b-9868-57a2d4851a1d" relativeResultsDirectory="96b5e2d8-ae01-4f7a-8f67-dbb76c1ff6ff" />
    <UnitTestResult executionId="a32ba83f-6ff3-4097-a32e-43232b1bc9bf" testId="da647833-94bb-4e21-11b4-1f8a7399c6fa" testName="Validation_ValidateDouble_Max_Plus_Epsilon_ArgumentException" computerName="DKSR-EFI-06" duration="00:00:00.0005332" startTime="2024-01-09T15:42:25.7164647+01:00" endTime="2024-01-09T15:42:25.7164647+01:00" testType="13cdc9d9-ddb5-4fa4-a97d-d965ccfc6d4b" outcome="Passed" testListId="8c84fa94-04c1-424b-9868-57a2d4851a1d" relativeResultsDirectory="a32ba83f-6ff3-4097-a32e-43232b1bc9bf" />
    <UnitTestResult executionId="6b0917b0-95f0-4693-891b-12fe1d32b0d2" testId="55029b22-2c48-18ed-ab63-ebfed2649c69" testName="ConstructSqlSelect_SunnyDay_LastModifiedAndEnabled" computerName="DKSR-EFI-06" duration="00:00:00.0006378" startTime="2024-01-09T15:42:33.7164829+01:00" endTime="2024-01-09T15:42:33.7321076+01:00" testType="13cdc9d9-ddb5-4fa4-a97d-d965ccfc6d4b" outcome="Passed" testListId="8c84fa94-04c1-424b-9868-57a2d4851a1d" relativeResultsDirectory="6b0917b0-95f0-4693-891b-12fe1d32b0d2" />
    <UnitTestResult executionId="19f46e5b-0b85-4fe2-8d5d-50c1c4c59c2a" testId="8dda4542-9bad-cf6e-c817-d95c20c94e06" testName="DataCollectorOnRegisteredServicesManager_QueueResolve_Success_Two_Quene" computerName="DKSR-EFI-06" duration="00:00:00.0120680" startTime="2024-01-09T15:42:17.6227083+01:00" endTime="2024-01-09T15:42:17.6227083+01:00" testType="13cdc9d9-ddb5-4fa4-a97d-d965ccfc6d4b" outcome="Passed" testListId="8c84fa94-04c1-424b-9868-57a2d4851a1d" relativeResultsDirectory="19f46e5b-0b85-4fe2-8d5d-50c1c4c59c2a" />
    <UnitTestResult executionId="0c2d69ed-d447-4811-a4fb-4d2b14043f0f" testId="dc5b7683-5627-bab1-3f8f-8dfd006085af" testName="GetNextProperties_WhenRecurring_NotAllFrequencyTypePropertiesSet_ReturnsPropertiesUpToDailyFrequencyType" computerName="DKSR-EFI-06" duration="00:00:00.0027213" startTime="2024-01-09T15:42:35.0758662+01:00" endTime="2024-01-09T15:42:35.0758662+01:00" testType="13cdc9d9-ddb5-4fa4-a97d-d965ccfc6d4b" outcome="Passed" testListId="8c84fa94-04c1-424b-9868-57a2d4851a1d" relativeResultsDirectory="0c2d69ed-d447-4811-a4fb-4d2b14043f0f" />
    <UnitTestResult executionId="7c950555-e67e-49c3-ae4c-694281677204" testId="46a7e877-8891-557c-f3ab-93f12796e093" testName="CreateLogin_MethodCalled_CorrectMethodIsCalledOnIdpAdministrationClient" computerName="DKSR-EFI-06" duration="00:00:00.0043003" startTime="2024-01-09T15:42:33.2164788+01:00" endTime="2024-01-09T15:42:33.2321086+01:00" testType="13cdc9d9-ddb5-4fa4-a97d-d965ccfc6d4b" outcome="Passed" testListId="8c84fa94-04c1-424b-9868-57a2d4851a1d" relativeResultsDirectory="7c950555-e67e-49c3-ae4c-694281677204" />
    <UnitTestResult executionId="19eeaed6-a731-4f67-899f-f4633cfdb83c" testId="d0b2304e-f546-20e2-91f8-f1686494292c" testName="ConfigurationItemPath_Create_InvalidPath_ArgumentException (Data Row 0)" computerName="DKSR-EFI-06" duration="00:00:00.0007184" startTime="2024-01-09T15:42:33.4352289+01:00" endTime="2024-01-09T15:42:33.4352289+01:00" testType="13cdc9d9-ddb5-4fa4-a97d-d965ccfc6d4b" outcome="Passed" testListId="8c84fa94-04c1-424b-9868-57a2d4851a1d" relativeResultsDirectory="19eeaed6-a731-4f67-899f-f4633cfdb83c" />
    <UnitTestResult executionId="462f0707-ba3b-40b0-80a1-df70c51caaac" testId="a3d066b4-d2ed-9ef8-d4df-2e71025715b0" testName="SystemSettingsManager_ConvertActivationCredentialsToClientValue_EmptyValue_Success" computerName="DKSR-EFI-06" duration="00:00:00.0001769" startTime="2024-01-09T15:42:25.6852162+01:00" endTime="2024-01-09T15:42:25.6852162+01:00" testType="13cdc9d9-ddb5-4fa4-a97d-d965ccfc6d4b" outcome="Passed" testListId="8c84fa94-04c1-424b-9868-57a2d4851a1d" relativeResultsDirectory="462f0707-ba3b-40b0-80a1-df70c51caaac" />
    <UnitTestResult executionId="99f6141b-bc12-4258-979c-0e35fb8c7b8f" testId="18a455f1-c828-4838-2b21-98cc4deb48f9" testName="Validate_WhenWrongExpectedType_ReturnsFalse" computerName="DKSR-EFI-06" duration="00:00:00.0003665" startTime="2024-01-09T15:42:37.7008844+01:00" endTime="2024-01-09T15:42:37.7008844+01:00" testType="13cdc9d9-ddb5-4fa4-a97d-d965ccfc6d4b" outcome="Passed" testListId="8c84fa94-04c1-424b-9868-57a2d4851a1d" relativeResultsDirectory="99f6141b-bc12-4258-979c-0e35fb8c7b8f" />
    <UnitTestResult executionId="4aee3674-3088-4f7e-8538-cc805e601321" testId="fd76eb5a-beac-b7f0-6a5d-ed23819208b8" testName="Delete_ItemPath" computerName="DKSR-EFI-06" duration="00:00:00.0126689" startTime="2024-01-09T15:42:29.1695901+01:00" endTime="2024-01-09T15:42:29.1852142+01:00" testType="13cdc9d9-ddb5-4fa4-a97d-d965ccfc6d4b" outcome="Passed" testListId="8c84fa94-04c1-424b-9868-57a2d4851a1d" relativeResultsDirectory="4aee3674-3088-4f7e-8538-cc805e601321" />
    <UnitTestResult executionId="ca4a2e87-c9e4-482e-864d-18897e5d9e03" testId="4d1c92ee-a70a-b38b-64c9-396ecf114882" testName="GetItem_ShouldReturnValidRegistrationItem_IfRegistrationNotExists" computerName="DKSR-EFI-06" duration="00:00:00.0021232" startTime="2024-01-09T15:42:43.8727803+01:00" endTime="2024-01-09T15:42:43.8727803+01:00" testType="13cdc9d9-ddb5-4fa4-a97d-d965ccfc6d4b" outcome="Passed" testListId="8c84fa94-04c1-424b-9868-57a2d4851a1d" relativeResultsDirectory="ca4a2e87-c9e4-482e-864d-18897e5d9e03">
      <Output>
        <StdOut>Debug Trace:&#xD;
MIPItem: No Mgt Server Id ?</StdOut>
      </Output>
    </UnitTestResult>
    <UnitTestResult executionId="fb2eeb82-941a-4996-b826-16c3078659da" testId="532849c8-4d01-2b58-766a-b2f52783b85f" testName="SendCommandSecurityVisitor_ActivateUserDefinedEventOnRemoteSiteCommand_NotSupportedException" computerName="DKSR-EFI-06" duration="00:00:00.0029143" startTime="2024-01-09T15:42:21.8883385+01:00" endTime="2024-01-09T15:42:21.8883385+01:00" testType="13cdc9d9-ddb5-4fa4-a97d-d965ccfc6d4b" outcome="Passed" testListId="8c84fa94-04c1-424b-9868-57a2d4851a1d" relativeResultsDirectory="fb2eeb82-941a-4996-b826-16c3078659da" />
    <UnitTestResult executionId="83e9e573-f5bb-4e5c-9ba6-06b6c05e04e5" testId="46b3b114-6422-e7ca-f681-844527b92bc1" testName="SidUtilityIsCorporateIdentityForNonExistingEntityWithGuidTest" computerName="DKSR-EFI-06" duration="00:00:00.0020441" startTime="2024-01-09T15:42:32.8727278+01:00" endTime="2024-01-09T15:42:32.8727278+01:00" testType="13cdc9d9-ddb5-4fa4-a97d-d965ccfc6d4b" outcome="Passed" testListId="8c84fa94-04c1-424b-9868-57a2d4851a1d" relativeResultsDirectory="83e9e573-f5bb-4e5c-9ba6-06b6c05e04e5" />
    <UnitTestResult executionId="b070f0c2-134e-4bc2-ae88-68cf10c93eaa" testId="a24a3e62-068c-fd55-19e3-3f13fc9763a7" testName="InvokeMethod_InvalidParentPathTest" computerName="DKSR-EFI-06" duration="00:00:00.0006296" startTime="2024-01-09T15:42:41.6696452+01:00" endTime="2024-01-09T15:42:41.6696452+01:00" testType="13cdc9d9-ddb5-4fa4-a97d-d965ccfc6d4b" outcome="Passed" testListId="8c84fa94-04c1-424b-9868-57a2d4851a1d" relativeResultsDirectory="b070f0c2-134e-4bc2-ae88-68cf10c93eaa" />
    <UnitTestResult executionId="5685eefd-0d32-40fb-84fc-4739e3eae6f3" testId="45a2c60a-c39b-60f9-ea04-7063f5e3da0d" testName="IsComplete_WhenRecurring_FrequencyPropertiesNotSet_ReturnsFalse" computerName="DKSR-EFI-06" duration="00:00:00.0019267" startTime="2024-01-09T15:42:35.0289904+01:00" endTime="2024-01-09T15:42:35.0289904+01:00" testType="13cdc9d9-ddb5-4fa4-a97d-d965ccfc6d4b" outcome="Passed" testListId="8c84fa94-04c1-424b-9868-57a2d4851a1d" relativeResultsDirectory="5685eefd-0d32-40fb-84fc-4739e3eae6f3" />
    <UnitTestResult executionId="83053c76-47ef-4e54-af4f-d32d7b7c457f" testId="7a0c5019-894e-c1c9-f503-b084c9a231d8" testName="GetCurrentProperties_WhenNoPropertiesPresent_ReturnsEmptyList" computerName="DKSR-EFI-06" duration="00:00:00.0016681" startTime="2024-01-09T15:42:34.5602380+01:00" endTime="2024-01-09T15:42:34.5602380+01:00" testType="13cdc9d9-ddb5-4fa4-a97d-d965ccfc6d4b" outcome="Passed" testListId="8c84fa94-04c1-424b-9868-57a2d4851a1d" relativeResultsDirectory="83053c76-47ef-4e54-af4f-d32d7b7c457f" />
    <UnitTestResult executionId="5d8b5c9d-b853-4a36-96f1-0b3eb3b904fa" testId="df106bbc-7ef5-4126-0ab2-9dd602af8dc7" testName="AsyncRetryExecutionArgumentExceptionNullTypeTest" computerName="DKSR-EFI-06" duration="00:00:00.0007302" startTime="2024-01-09T15:42:43.2009021+01:00" endTime="2024-01-09T15:42:43.2009021+01:00" testType="13cdc9d9-ddb5-4fa4-a97d-d965ccfc6d4b" outcome="Passed" testListId="8c84fa94-04c1-424b-9868-57a2d4851a1d" relativeResultsDirectory="5d8b5c9d-b853-4a36-96f1-0b3eb3b904fa" />
    <UnitTestResult executionId="fa6d8638-d338-4826-82ea-cce631e09109" testId="f505ab1f-6154-5d23-fe61-ce7e89a62b2e" testName="Validate_WhenMonthly_FrequencyIsAbove99_ReturnsError" computerName="DKSR-EFI-06" duration="00:00:00.0003315" startTime="2024-01-09T15:42:37.0602504+01:00" endTime="2024-01-09T15:42:37.0602504+01:00" testType="13cdc9d9-ddb5-4fa4-a97d-d965ccfc6d4b" outcome="Passed" testListId="8c84fa94-04c1-424b-9868-57a2d4851a1d" relativeResultsDirectory="fa6d8638-d338-4826-82ea-cce631e09109" />
    <UnitTestResult executionId="1b5cee89-8bc7-43f7-9f93-f288d5273e87" testId="e84227e6-8282-c8b4-0ae8-db3a0430fc86" testName="Build_WhenIdPropertyDoesNotExist_IdIsGuidEmpty" computerName="DKSR-EFI-06" duration="00:00:00.0014790" startTime="2024-01-09T15:42:36.6071246+01:00" endTime="2024-01-09T15:42:36.6071246+01:00" testType="13cdc9d9-ddb5-4fa4-a97d-d965ccfc6d4b" outcome="Passed" testListId="8c84fa94-04c1-424b-9868-57a2d4851a1d" relativeResultsDirectory="1b5cee89-8bc7-43f7-9f93-f288d5273e87" />
    <UnitTestResult executionId="9720b6f0-7e4e-4b16-ad0f-2359f70ae647" testId="1535fe4e-8a4e-2c7b-0d3e-a09c4298bb86" testName="GetXml_WhenStartSetFramerate_MatchesXml" computerName="DKSR-EFI-06" duration="00:00:00.0006860" startTime="2024-01-09T15:42:38.6071338+01:00" endTime="2024-01-09T15:42:38.6071338+01:00" testType="13cdc9d9-ddb5-4fa4-a97d-d965ccfc6d4b" outcome="Passed" testListId="8c84fa94-04c1-424b-9868-57a2d4851a1d" relativeResultsDirectory="9720b6f0-7e4e-4b16-ad0f-2359f70ae647" />
    <UnitTestResult executionId="e6b3ea1e-7329-49ba-b670-b7b754a71649" testId="e140b4d8-f8d1-dcd2-4b43-b6af738523fe" testName="TaskTrucateDeviceStorageSecurityProvider_Read_Check_Not_Allowed" computerName="DKSR-EFI-06" duration="00:00:00.0010217" startTime="2024-01-09T15:42:32.9664781+01:00" endTime="2024-01-09T15:42:32.9664781+01:00" testType="13cdc9d9-ddb5-4fa4-a97d-d965ccfc6d4b" outcome="Passed" testListId="8c84fa94-04c1-424b-9868-57a2d4851a1d" relativeResultsDirectory="e6b3ea1e-7329-49ba-b670-b7b754a71649" />
    <UnitTestResult executionId="e03778f0-eb96-434e-86c7-75bbd29a9f4a" testId="93b323d8-1572-e0bd-e79d-e0ad8397419a" testName="GetCurrentProperties_WhenNoRuleTypePresent_ReturnsNoProperties" computerName="DKSR-EFI-06" duration="00:00:00.0018856" startTime="2024-01-09T15:42:35.5289923+01:00" endTime="2024-01-09T15:42:35.5289923+01:00" testType="13cdc9d9-ddb5-4fa4-a97d-d965ccfc6d4b" outcome="Passed" testListId="8c84fa94-04c1-424b-9868-57a2d4851a1d" relativeResultsDirectory="e03778f0-eb96-434e-86c7-75bbd29a9f4a" />
    <UnitTestResult executionId="261a6ac7-4bff-4bf0-bffc-e7be6b6b8b56" testId="96ee51ad-85d7-b684-73ff-b0ade99738ed" testName="ServerProxyService_GetDeviceGroupMembersByDeviceGroupId_AllSpeakers_Allowed_NotFiltered" computerName="DKSR-EFI-06" duration="00:00:00.0177677" startTime="2024-01-09T15:42:25.3102158+01:00" endTime="2024-01-09T15:42:25.3258392+01:00" testType="13cdc9d9-ddb5-4fa4-a97d-d965ccfc6d4b" outcome="Passed" testListId="8c84fa94-04c1-424b-9868-57a2d4851a1d" relativeResultsDirectory="261a6ac7-4bff-4bf0-bffc-e7be6b6b8b56" />
    <UnitTestResult executionId="19e1098d-e7e3-4250-84a8-03593c9c324c" testId="b29ba278-9afd-8715-6f0f-643b575a7ccb" testName="Put_ValidObject_PassedOnToSubController_ReturnsResultCode" computerName="DKSR-EFI-06" duration="00:00:00.0109125" startTime="2024-01-09T15:42:27.6852162+01:00" endTime="2024-01-09T15:42:27.7008406+01:00" testType="13cdc9d9-ddb5-4fa4-a97d-d965ccfc6d4b" outcome="Passed" testListId="8c84fa94-04c1-424b-9868-57a2d4851a1d" relativeResultsDirectory="19e1098d-e7e3-4250-84a8-03593c9c324c" />
    <UnitTestResult executionId="ba559004-4d45-47e3-b6b6-97af1217df02" testId="97189421-1efe-1889-436c-0734f8533016" testName="GetItemType_WhenObjectNotExists_ReturnsNull" computerName="DKSR-EFI-06" duration="00:00:00.0025916" startTime="2024-01-09T15:42:37.6227533+01:00" endTime="2024-01-09T15:42:37.6227533+01:00" testType="13cdc9d9-ddb5-4fa4-a97d-d965ccfc6d4b" outcome="Passed" testListId="8c84fa94-04c1-424b-9868-57a2d4851a1d" relativeResultsDirectory="ba559004-4d45-47e3-b6b6-97af1217df02" />
    <UnitTestResult executionId="2aeea31e-e43a-40d1-b14f-1531d9a5c115" testId="3eb719b6-c3db-064d-0f9a-900358d256b3" testName="Validate_WhenTimeIntervalRule_StopRuleHasTimerType_Error" computerName="DKSR-EFI-06" duration="00:00:00.0011736" startTime="2024-01-09T15:42:37.5602549+01:00" endTime="2024-01-09T15:42:37.5602549+01:00" testType="13cdc9d9-ddb5-4fa4-a97d-d965ccfc6d4b" outcome="Passed" testListId="8c84fa94-04c1-424b-9868-57a2d4851a1d" relativeResultsDirectory="2aeea31e-e43a-40d1-b14f-1531d9a5c115" />
    <UnitTestResult executionId="6109cdb6-9745-4865-9c0e-5fadb5040dc5" testId="853dc638-b64d-06c5-48fd-34fffb260933" testName="AsyncRetryExecutionArgumentExceptionNoTypeTest" computerName="DKSR-EFI-06" duration="00:00:00.0006807" startTime="2024-01-09T15:42:43.2009021+01:00" endTime="2024-01-09T15:42:43.2009021+01:00" testType="13cdc9d9-ddb5-4fa4-a97d-d965ccfc6d4b" outcome="Passed" testListId="8c84fa94-04c1-424b-9868-57a2d4851a1d" relativeResultsDirectory="6109cdb6-9745-4865-9c0e-5fadb5040dc5" />
    <UnitTestResult executionId="f915934f-6a81-46e5-b29b-0f1d4a5afeed" testId="d0b2304e-f546-20e2-91f8-f1686494292c" testName="ConfigurationItemPath_Create_InvalidPath_ArgumentException (Data Row 1)" computerName="DKSR-EFI-06" duration="00:00:00.0003190" startTime="2024-01-09T15:42:33.4352289+01:00" endTime="2024-01-09T15:42:33.4352289+01:00" testType="13cdc9d9-ddb5-4fa4-a97d-d965ccfc6d4b" outcome="Passed" testListId="8c84fa94-04c1-424b-9868-57a2d4851a1d" relativeResultsDirectory="f915934f-6a81-46e5-b29b-0f1d4a5afeed" />
    <UnitTestResult executionId="75373fac-e7d1-40f3-a794-c3c9ea9d5bb5" testId="d1462a7e-57e0-b189-a7c2-343859e82bd8" testName="Build_Frequency_WhenWeeklyIsSet_ReturnsWeeklyFrequencyModel" computerName="DKSR-EFI-06" duration="00:00:00.0011924" startTime="2024-01-09T15:42:36.6852505+01:00" endTime="2024-01-09T15:42:36.6852505+01:00" testType="13cdc9d9-ddb5-4fa4-a97d-d965ccfc6d4b" outcome="Passed" testListId="8c84fa94-04c1-424b-9868-57a2d4851a1d" relativeResultsDirectory="75373fac-e7d1-40f3-a794-c3c9ea9d5bb5" />
    <UnitTestResult executionId="74e20064-df8f-473e-b139-f7e9e54d0eba" testId="41597728-aac0-f517-439d-90d9d54a3fd5" testName="ConstructSqlSelect_WrongOperator_EnabledBeginsWith" computerName="DKSR-EFI-06" duration="00:00:00.0009103" startTime="2024-01-09T15:42:33.7321076+01:00" endTime="2024-01-09T15:42:33.7321076+01:00" testType="13cdc9d9-ddb5-4fa4-a97d-d965ccfc6d4b" outcome="Passed" testListId="8c84fa94-04c1-424b-9868-57a2d4851a1d" relativeResultsDirectory="74e20064-df8f-473e-b139-f7e9e54d0eba" />
    <UnitTestResult executionId="55a4a777-808e-4b0d-925f-376fb6a88398" testId="da963503-0fac-577f-55f2-5ec393b7e8b9" testName="SystemSettingsManager_ConvertEnableAutomaticActivation_AutomaticActivationUserCredentialsMissingException" computerName="DKSR-EFI-06" duration="00:00:00.0009592" startTime="2024-01-09T15:42:25.6539659+01:00" endTime="2024-01-09T15:42:25.6539659+01:00" testType="13cdc9d9-ddb5-4fa4-a97d-d965ccfc6d4b" outcome="Passed" testListId="8c84fa94-04c1-424b-9868-57a2d4851a1d" relativeResultsDirectory="55a4a777-808e-4b0d-925f-376fb6a88398" />
    <UnitTestResult executionId="b0698dd8-e777-4d22-9a74-5370d96c5fc5" testId="b114d8d2-07a4-5c97-a70b-ea3b1700f63c" testName="ErrorModel_SunnyDay_Test" computerName="DKSR-EFI-06" duration="00:00:00.0006279" startTime="2024-01-09T15:42:29.5133772+01:00" endTime="2024-01-09T15:42:29.5133772+01:00" testType="13cdc9d9-ddb5-4fa4-a97d-d965ccfc6d4b" outcome="Passed" testListId="8c84fa94-04c1-424b-9868-57a2d4851a1d" relativeResultsDirectory="b0698dd8-e777-4d22-9a74-5370d96c5fc5" />
    <UnitTestResult executionId="7685d24a-36b3-453d-beee-1290afb89d69" testId="943ae6df-3b4c-6415-4268-2649c6062a68" testName="TaskSecurityProviderFactory_GetSecurityProvider_Return_SecurityProvider_For_All_TaskTypes" computerName="DKSR-EFI-06" duration="00:00:00.0154665" startTime="2024-01-09T15:42:32.8727278+01:00" endTime="2024-01-09T15:42:32.8883528+01:00" testType="13cdc9d9-ddb5-4fa4-a97d-d965ccfc6d4b" outcome="Passed" testListId="8c84fa94-04c1-424b-9868-57a2d4851a1d" relativeResultsDirectory="7685d24a-36b3-453d-beee-1290afb89d69" />
    <UnitTestResult executionId="2188e6c6-57c4-4ec5-bc3c-df549039bf35" testId="4dac34c2-ea30-4997-0d44-d8791e33fbfe" testName="InvokeMethod_ParamNullCheck_MethodIdTest" computerName="DKSR-EFI-06" duration="00:00:00.0005346" startTime="2024-01-09T15:42:41.6540217+01:00" endTime="2024-01-09T15:42:41.6540217+01:00" testType="13cdc9d9-ddb5-4fa4-a97d-d965ccfc6d4b" outcome="Passed" testListId="8c84fa94-04c1-424b-9868-57a2d4851a1d" relativeResultsDirectory="2188e6c6-57c4-4ec5-bc3c-df549039bf35" />
    <UnitTestResult executionId="62881cf6-ebf2-4160-b5d9-e251be209036" testId="ee04b446-b035-8b4e-b031-a06b32619e8c" testName="GetVmsUserByName_MethodCalled_CorrectMethodIsCalledOnIdpAdministrationClient" computerName="DKSR-EFI-06" duration="00:00:00.0033502" startTime="2024-01-09T15:42:33.2164788+01:00" endTime="2024-01-09T15:42:33.2164788+01:00" testType="13cdc9d9-ddb5-4fa4-a97d-d965ccfc6d4b" outcome="Passed" testListId="8c84fa94-04c1-424b-9868-57a2d4851a1d" relativeResultsDirectory="62881cf6-ebf2-4160-b5d9-e251be209036" />
    <UnitTestResult executionId="fae7db56-ae93-4901-98f9-51dfb7daf844" testId="aca235ff-9911-cbc7-ec07-c48bf33ba49f" testName="TestRootReadWriteAllowed" computerName="DKSR-EFI-06" duration="00:00:00.0007206" startTime="2024-01-09T15:42:18.6695837+01:00" endTime="2024-01-09T15:42:18.6695837+01:00" testType="13cdc9d9-ddb5-4fa4-a97d-d965ccfc6d4b" outcome="Passed" testListId="8c84fa94-04c1-424b-9868-57a2d4851a1d" relativeResultsDirectory="fae7db56-ae93-4901-98f9-51dfb7daf844" />
    <UnitTestResult executionId="68d70561-9606-4d25-be16-c2b017309a9b" testId="65564e77-df8a-a38c-69fb-39263025e583" testName="IsComplete_WhenTimeIntervalRule_AlwaysPropertySet_ReturnsTrue" computerName="DKSR-EFI-06" duration="00:00:00.0004751" startTime="2024-01-09T15:42:34.7164889+01:00" endTime="2024-01-09T15:42:34.7164889+01:00" testType="13cdc9d9-ddb5-4fa4-a97d-d965ccfc6d4b" outcome="Passed" testListId="8c84fa94-04c1-424b-9868-57a2d4851a1d" relativeResultsDirectory="68d70561-9606-4d25-be16-c2b017309a9b" />
    <UnitTestResult executionId="7fce44cc-0e0c-426d-a64f-820f1c7b5e53" testId="73ef4905-f1c1-882d-50b8-3cc2942fac12" testName="EnsureIsRunning_UnexpectedException_ExceptionIsLogAndRethrow" computerName="DKSR-EFI-06" duration="00:00:00.0015935" startTime="2024-01-09T15:42:30.2164661+01:00" endTime="2024-01-09T15:42:30.2164661+01:00" testType="13cdc9d9-ddb5-4fa4-a97d-d965ccfc6d4b" outcome="Passed" testListId="8c84fa94-04c1-424b-9868-57a2d4851a1d" relativeResultsDirectory="7fce44cc-0e0c-426d-a64f-820f1c7b5e53" />
    <UnitTestResult executionId="e0cb8be1-5826-4bd2-a2f6-4c4ddb5f7d75" testId="fdb43990-c82b-f141-0835-32deefe2d789" testName="SendCommandSecurityVisitor_EdgeJobUpdatedCommand_NotSupportedException" computerName="DKSR-EFI-06" duration="00:00:00.0030156" startTime="2024-01-09T15:42:21.9195864+01:00" endTime="2024-01-09T15:42:21.9195864+01:00" testType="13cdc9d9-ddb5-4fa4-a97d-d965ccfc6d4b" outcome="Passed" testListId="8c84fa94-04c1-424b-9868-57a2d4851a1d" relativeResultsDirectory="e0cb8be1-5826-4bd2-a2f6-4c4ddb5f7d75" />
    <UnitTestResult executionId="1ace7768-ee8d-4448-8990-3b2bb1a9df31" testId="aa702019-a151-3622-6261-4359d1e0c04a" testName="Build_WhenRecurringRuleType_MonthlyOnce_PropertiesAreSet" computerName="DKSR-EFI-06" duration="00:00:00.0034405" startTime="2024-01-09T15:42:36.1696228+01:00" endTime="2024-01-09T15:42:36.1696228+01:00" testType="13cdc9d9-ddb5-4fa4-a97d-d965ccfc6d4b" outcome="Passed" testListId="8c84fa94-04c1-424b-9868-57a2d4851a1d" relativeResultsDirectory="1ace7768-ee8d-4448-8990-3b2bb1a9df31" />
    <UnitTestResult executionId="557cacc6-b9e1-46fe-b5fd-32cff850a72f" testId="cce3cc22-0e62-940e-e14d-35fd7af4650b" testName="Validate_WhenValidMonitor_ReturnsTrue" computerName="DKSR-EFI-06" duration="00:00:00.0035964" startTime="2024-01-09T15:42:37.8258822+01:00" endTime="2024-01-09T15:42:37.8258822+01:00" testType="13cdc9d9-ddb5-4fa4-a97d-d965ccfc6d4b" outcome="Passed" testListId="8c84fa94-04c1-424b-9868-57a2d4851a1d" relativeResultsDirectory="557cacc6-b9e1-46fe-b5fd-32cff850a72f" />
    <UnitTestResult executionId="f2718f8f-7992-44aa-ad00-14b9ade2ddde" testId="dd6a240f-4308-68af-3fba-267bc431c6df" testName="Validate_WhenSubdayTypeRecurring_SubdayFrequencyIsNotInWholeHours_ReturnsError" computerName="DKSR-EFI-06" duration="00:00:00.0004993" startTime="2024-01-09T15:42:36.9821262+01:00" endTime="2024-01-09T15:42:36.9821262+01:00" testType="13cdc9d9-ddb5-4fa4-a97d-d965ccfc6d4b" outcome="Passed" testListId="8c84fa94-04c1-424b-9868-57a2d4851a1d" relativeResultsDirectory="f2718f8f-7992-44aa-ad00-14b9ade2ddde" />
    <UnitTestResult executionId="81e498fa-ce44-41e6-9298-e63963878d26" testId="821ff500-42b1-3206-2fd8-4e28cf434cfa" testName="UpdateMotionDetectionValidation_Without_Permission_UnauthorizedAccessException_Expected" computerName="DKSR-EFI-06" duration="00:00:00.0017988" startTime="2024-01-09T15:42:42.3571496+01:00" endTime="2024-01-09T15:42:42.3571496+01:00" testType="13cdc9d9-ddb5-4fa4-a97d-d965ccfc6d4b" outcome="Passed" testListId="8c84fa94-04c1-424b-9868-57a2d4851a1d" relativeResultsDirectory="81e498fa-ce44-41e6-9298-e63963878d26" />
    <UnitTestResult executionId="2ead57b7-4714-41b8-8fb5-894838c733e9" testId="7a14ce95-f8a8-fdde-36ed-122dec815a1a" testName="EnsureIsRunning_Success" computerName="DKSR-EFI-06" duration="00:00:00.0275807" startTime="2024-01-09T15:42:30.1695902+01:00" endTime="2024-01-09T15:42:30.2008408+01:00" testType="13cdc9d9-ddb5-4fa4-a97d-d965ccfc6d4b" outcome="Passed" testListId="8c84fa94-04c1-424b-9868-57a2d4851a1d" relativeResultsDirectory="2ead57b7-4714-41b8-8fb5-894838c733e9" />
    <UnitTestResult executionId="ce911bb2-6bd5-4351-bb4a-aa90394bcf05" testId="23b3689e-7ba7-1260-9b0c-74dc5f870329" testName="GetInternalUnitPath_WhenFirstTime_ProvidesInfo" computerName="DKSR-EFI-06" duration="00:00:00.0018681" startTime="2024-01-09T15:42:41.8415223+01:00" endTime="2024-01-09T15:42:41.8415223+01:00" testType="13cdc9d9-ddb5-4fa4-a97d-d965ccfc6d4b" outcome="Passed" testListId="8c84fa94-04c1-424b-9868-57a2d4851a1d" relativeResultsDirectory="ce911bb2-6bd5-4351-bb4a-aa90394bcf05" />
    <UnitTestResult executionId="b285ab0a-20ed-430f-8c91-7a37bb518b37" testId="350d1aa6-c26e-31f5-b8b8-b9cd334e7a8a" testName="CreateVmsUser_ExceptionIsThrown_ThrowsGenericIdpException" computerName="DKSR-EFI-06" duration="00:00:00.0029082" startTime="2024-01-09T15:42:33.1539774+01:00" endTime="2024-01-09T15:42:33.1696049+01:00" testType="13cdc9d9-ddb5-4fa4-a97d-d965ccfc6d4b" outcome="Passed" testListId="8c84fa94-04c1-424b-9868-57a2d4851a1d" relativeResultsDirectory="b285ab0a-20ed-430f-8c91-7a37bb518b37" />
    <UnitTestResult executionId="d4f6ea09-5670-407c-8b98-a6a530b12036" testId="2e3a0043-646b-da5c-0cba-5bc47b5c76c0" testName="DataCollectorRegisteredServicesResolver_DoResolve_Same_Host_Only_One_Call" computerName="DKSR-EFI-06" duration="00:00:00.0016184" startTime="2024-01-09T15:42:17.8102087+01:00" endTime="2024-01-09T15:42:17.8102087+01:00" testType="13cdc9d9-ddb5-4fa4-a97d-d965ccfc6d4b" outcome="Passed" testListId="8c84fa94-04c1-424b-9868-57a2d4851a1d" relativeResultsDirectory="d4f6ea09-5670-407c-8b98-a6a530b12036">
      <Output>
        <StdOut>Debug Trace:&#xD;
SystemMonitorManager: Starting tasks: 1&#xD;
SystemMonitorManager: Update datacollectorId for service: 5675fc30-eb21-44d5-92b5-f6cb31ed91d1&#xD;
SystemMonitorManager: Update datacollectorId for service: ae471352-4af8-4602-9396-4cf229022348</StdOut>
      </Output>
    </UnitTestResult>
    <UnitTestResult executionId="995f45d0-20c2-4491-a294-7b6538a41996" testId="473e138a-0666-3912-0d65-7803a6fdd9d7" testName="IsComplete_WhenAlwaysAndWithinTimeProfilePropertiesSet_ReturnsTrue" computerName="DKSR-EFI-06" duration="00:00:00.0006333" startTime="2024-01-09T15:42:34.7477403+01:00" endTime="2024-01-09T15:42:34.7477403+01:00" testType="13cdc9d9-ddb5-4fa4-a97d-d965ccfc6d4b" outcome="Passed" testListId="8c84fa94-04c1-424b-9868-57a2d4851a1d" relativeResultsDirectory="995f45d0-20c2-4491-a294-7b6538a41996" />
    <UnitTestResult executionId="d0abfdb3-d22a-4169-8766-ee993a05e39d" testId="7fc8a0b9-f08d-7006-7477-ca881558118e" testName="SendCommandSecurityVisitor_UpdateSecurityManagerCommand_SecurityPermissionsDevice_Output_Add_Allowed" computerName="DKSR-EFI-06" duration="00:00:00.0235927" startTime="2024-01-09T15:42:21.3883394+01:00" endTime="2024-01-09T15:42:21.4039615+01:00" testType="13cdc9d9-ddb5-4fa4-a97d-d965ccfc6d4b" outcome="Passed" testListId="8c84fa94-04c1-424b-9868-57a2d4851a1d" relativeResultsDirectory="d0abfdb3-d22a-4169-8766-ee993a05e39d" />
    <UnitTestResult executionId="ab5d74cf-1f18-4bb2-a49f-3c8b10770101" testId="0c8b86a9-672a-fee1-d718-decfa014d179" testName="CheckDualAuthorization_DeletesInvalidCookies_OnUserNeedingAuthorization" computerName="DKSR-EFI-06" duration="00:00:00.0008359" startTime="2024-01-09T15:42:18.3414615+01:00" endTime="2024-01-09T15:42:18.3414615+01:00" testType="13cdc9d9-ddb5-4fa4-a97d-d965ccfc6d4b" outcome="Passed" testListId="8c84fa94-04c1-424b-9868-57a2d4851a1d" relativeResultsDirectory="ab5d74cf-1f18-4bb2-a49f-3c8b10770101" />
    <UnitTestResult executionId="b645349c-0d76-49f4-9fdd-c9cc28962b25" testId="ce3ec9e4-3ffe-7abd-207d-5bab7647f030" testName="GetVmsUserById_MethodCalled_CorrectMethodIsCalledOnIdpAdministrationClient" computerName="DKSR-EFI-06" duration="00:00:00.0023247" startTime="2024-01-09T15:42:33.2321086+01:00" endTime="2024-01-09T15:42:33.2477288+01:00" testType="13cdc9d9-ddb5-4fa4-a97d-d965ccfc6d4b" outcome="Passed" testListId="8c84fa94-04c1-424b-9868-57a2d4851a1d" relativeResultsDirectory="b645349c-0d76-49f4-9fdd-c9cc28962b25" />
    <UnitTestResult executionId="a4f3fb8d-c610-47d3-98f9-2abac8bb7745" testId="d77bd1b8-6175-2164-763b-bde1c292f29f" testName="GetGuid_Correct" computerName="DKSR-EFI-06" duration="00:00:00.0004117" startTime="2024-01-09T15:42:29.4820893+01:00" endTime="2024-01-09T15:42:29.4820893+01:00" testType="13cdc9d9-ddb5-4fa4-a97d-d965ccfc6d4b" outcome="Passed" testListId="8c84fa94-04c1-424b-9868-57a2d4851a1d" relativeResultsDirectory="a4f3fb8d-c610-47d3-98f9-2abac8bb7745" />
    <UnitTestResult executionId="1174e29c-4f83-4f1d-8805-1718c292b4f5" testId="a828d961-03cd-77b3-8809-80b73b0c353e" testName="Build_WhenGotoPresetEventBasedRule_ReturnsRuleModel" computerName="DKSR-EFI-06" duration="00:00:00.0044794" startTime="2024-01-09T15:42:39.1071382+01:00" endTime="2024-01-09T15:42:39.1227631+01:00" testType="13cdc9d9-ddb5-4fa4-a97d-d965ccfc6d4b" outcome="Passed" testListId="8c84fa94-04c1-424b-9868-57a2d4851a1d" relativeResultsDirectory="1174e29c-4f83-4f1d-8805-1718c292b4f5" />
    <UnitTestResult executionId="0262985b-6be8-4910-85bd-a6747c28fd50" testId="1f715dfb-d988-9c19-f95c-ca3a48e5408f" testName="SendCommandSecurityVisitor_HardwareScanCommand_ArgumentNullException" computerName="DKSR-EFI-06" duration="00:00:00.0066989" startTime="2024-01-09T15:42:22.0133382+01:00" endTime="2024-01-09T15:42:22.0133382+01:00" testType="13cdc9d9-ddb5-4fa4-a97d-d965ccfc6d4b" outcome="Passed" testListId="8c84fa94-04c1-424b-9868-57a2d4851a1d" relativeResultsDirectory="0262985b-6be8-4910-85bd-a6747c28fd50">
      <Output>
        <StdOut>Debug Trace:&#xD;
Fail: Argument null.</StdOut>
      </Output>
    </UnitTestResult>
    <UnitTestResult executionId="4f0201c8-f600-4790-a3e6-1985d4e45e27" testId="58703316-e5e5-1c2b-d98e-e4907dba7025" testName="StorageDiskInformation_IsNotAvailable_OnError10000InXml" computerName="DKSR-EFI-06" duration="00:00:00.0010681" startTime="2024-01-09T15:42:43.3727805+01:00" endTime="2024-01-09T15:42:43.3727805+01:00" testType="13cdc9d9-ddb5-4fa4-a97d-d965ccfc6d4b" outcome="Passed" testListId="8c84fa94-04c1-424b-9868-57a2d4851a1d" relativeResultsDirectory="4f0201c8-f600-4790-a3e6-1985d4e45e27" />
    <UnitTestResult executionId="80053d92-7de5-49c2-bac6-35887c3b3f21" testId="cebb727a-9ce4-b366-10e2-6cdf8c97ee02" testName="GetXml_WhenActionIsMIPAction2_MatchesXml" computerName="DKSR-EFI-06" duration="00:00:00.0009400" startTime="2024-01-09T15:42:38.6696329+01:00" endTime="2024-01-09T15:42:38.6696329+01:00" testType="13cdc9d9-ddb5-4fa4-a97d-d965ccfc6d4b" outcome="Passed" testListId="8c84fa94-04c1-424b-9868-57a2d4851a1d" relativeResultsDirectory="80053d92-7de5-49c2-bac6-35887c3b3f21" />
    <UnitTestResult executionId="b3e25113-aac5-42ab-bf7d-e915c73d43e1" testId="e7f09871-c0b9-7549-080b-5c1ac7da5a2a" testName="GetNextProperties_WhenActionPropertyPresentWithNoValue_ReturnsOnlyActionsProperty" computerName="DKSR-EFI-06" duration="00:00:00.0007903" startTime="2024-01-09T15:42:35.3571193+01:00" endTime="2024-01-09T15:42:35.3727460+01:00" testType="13cdc9d9-ddb5-4fa4-a97d-d965ccfc6d4b" outcome="Passed" testListId="8c84fa94-04c1-424b-9868-57a2d4851a1d" relativeResultsDirectory="b3e25113-aac5-42ab-bf7d-e915c73d43e1" />
    <UnitTestResult executionId="4f5fe0cd-1c4d-4fbf-97f0-7882b48b05dc" testId="f878edb4-bf63-f44f-52fb-0830945b9783" testName="Build_WhenStartAndStopActionAreNull_ThrowsException" computerName="DKSR-EFI-06" duration="00:00:00.0127129" startTime="2024-01-09T15:42:35.6383696+01:00" endTime="2024-01-09T15:42:35.6539942+01:00" testType="13cdc9d9-ddb5-4fa4-a97d-d965ccfc6d4b" outcome="Passed" testListId="8c84fa94-04c1-424b-9868-57a2d4851a1d" relativeResultsDirectory="4f5fe0cd-1c4d-4fbf-97f0-7882b48b05dc" />
    <UnitTestResult executionId="91bc3ff7-d1c5-4011-b774-e820e3c43f5f" testId="28446642-a263-a40f-84fb-713636b959a4" testName="Validate_WhenServerExists_ReturnsTrue" computerName="DKSR-EFI-06" duration="00:00:00.0069034" startTime="2024-01-09T15:42:37.9508825+01:00" endTime="2024-01-09T15:42:37.9665064+01:00" testType="13cdc9d9-ddb5-4fa4-a97d-d965ccfc6d4b" outcome="Passed" testListId="8c84fa94-04c1-424b-9868-57a2d4851a1d" relativeResultsDirectory="91bc3ff7-d1c5-4011-b774-e820e3c43f5f" />
    <UnitTestResult executionId="29a012fd-ac07-40aa-a3d7-e9bb0a696765" testId="b8195a0a-74d4-3cea-c5df-70e616f5d77c" testName="TryParseRuleType_FrequencyMonthly_FirstOfEveryOtherMonth_ReturnsTrue" computerName="DKSR-EFI-06" duration="00:00:00.0018046" startTime="2024-01-09T15:42:38.9196369+01:00" endTime="2024-01-09T15:42:38.9196369+01:00" testType="13cdc9d9-ddb5-4fa4-a97d-d965ccfc6d4b" outcome="Passed" testListId="8c84fa94-04c1-424b-9868-57a2d4851a1d" relativeResultsDirectory="29a012fd-ac07-40aa-a3d7-e9bb0a696765" />
    <UnitTestResult executionId="b9d4e34b-7909-48af-a455-bc782760a7b1" testId="6476709a-c49c-a5a2-3068-d7a677942957" testName="Constructor_IdpTokenClientArgument_Success" computerName="DKSR-EFI-06" duration="00:00:00.0018881" startTime="2024-01-09T15:42:29.9664649+01:00" endTime="2024-01-09T15:42:29.9664649+01:00" testType="13cdc9d9-ddb5-4fa4-a97d-d965ccfc6d4b" outcome="Passed" testListId="8c84fa94-04c1-424b-9868-57a2d4851a1d" relativeResultsDirectory="b9d4e34b-7909-48af-a455-bc782760a7b1" />
    <UnitTestResult executionId="3f4c8cb1-10ec-45e9-a33d-6979f9b64bba" testId="c94e186a-6a72-9e46-7ba9-1543ac4ee5a6" testName="ConstructSqlSelect_Injection_Key" computerName="DKSR-EFI-06" duration="00:00:00.0006864" startTime="2024-01-09T15:42:33.7633563+01:00" endTime="2024-01-09T15:42:33.7633563+01:00" testType="13cdc9d9-ddb5-4fa4-a97d-d965ccfc6d4b" outcome="Passed" testListId="8c84fa94-04c1-424b-9868-57a2d4851a1d" relativeResultsDirectory="3f4c8cb1-10ec-45e9-a33d-6979f9b64bba" />
    <UnitTestResult executionId="234775a9-7165-4233-8821-01b8ecd1f5f8" testId="17917218-a8ac-0b66-2144-0facf9d561fe" testName="Validation_CheckHostName_Valid_HostNames_Success" computerName="DKSR-EFI-06" duration="00:00:00.0147815" startTime="2024-01-09T15:42:25.7320894+01:00" endTime="2024-01-09T15:42:25.7477151+01:00" testType="13cdc9d9-ddb5-4fa4-a97d-d965ccfc6d4b" outcome="Passed" testListId="8c84fa94-04c1-424b-9868-57a2d4851a1d" relativeResultsDirectory="234775a9-7165-4233-8821-01b8ecd1f5f8" />
    <UnitTestResult executionId="c5051ca0-366c-4120-9717-97f9b956bba5" testId="8375c975-58dc-7f89-726c-aae51bdc9746" testName="SetItem_Properties_MissingDescriptionTest" computerName="DKSR-EFI-06" duration="00:00:00.0007053" startTime="2024-01-09T15:42:41.5758972+01:00" endTime="2024-01-09T15:42:41.5758972+01:00" testType="13cdc9d9-ddb5-4fa4-a97d-d965ccfc6d4b" outcome="Passed" testListId="8c84fa94-04c1-424b-9868-57a2d4851a1d" relativeResultsDirectory="c5051ca0-366c-4120-9717-97f9b956bba5" />
    <UnitTestResult executionId="117e2cac-451d-44cb-8176-07e5099d33b6" testId="00231f2e-aa34-00d0-0b9a-d110010a46a2" testName="DevicePtzPresets_QueryPtzPresets_Success" computerName="DKSR-EFI-06" duration="00:00:00.0181844" startTime="2024-01-09T15:42:42.3884032+01:00" endTime="2024-01-09T15:42:42.4196487+01:00" testType="13cdc9d9-ddb5-4fa4-a97d-d965ccfc6d4b" outcome="Passed" testListId="8c84fa94-04c1-424b-9868-57a2d4851a1d" relativeResultsDirectory="117e2cac-451d-44cb-8176-07e5099d33b6" />
    <UnitTestResult executionId="0a8dc31d-a3f9-47bc-9868-6c0f71c25206" testId="eeb15030-7166-7e9f-a6bf-c157dd60f79c" testName="SetItem_Properties_NullPropertiesTest" computerName="DKSR-EFI-06" duration="00:00:00.0153349" startTime="2024-01-09T15:42:41.5758972+01:00" endTime="2024-01-09T15:42:41.5915216+01:00" testType="13cdc9d9-ddb5-4fa4-a97d-d965ccfc6d4b" outcome="Passed" testListId="8c84fa94-04c1-424b-9868-57a2d4851a1d" relativeResultsDirectory="0a8dc31d-a3f9-47bc-9868-6c0f71c25206">
      <Output>
        <StdOut>Debug Trace:&#xD;
Fail: Argument is null</StdOut>
      </Output>
    </UnitTestResult>
    <UnitTestResult executionId="164e38e6-0f2d-4e35-a5db-7fd86ed3f717" testId="626d9961-4f6b-3b42-e767-2165750b2593" testName="Build_WhenActivateArchiving_ReturnsProperties" computerName="DKSR-EFI-06" duration="00:00:00.0072194" startTime="2024-01-09T15:42:35.8414951+01:00" endTime="2024-01-09T15:42:35.8414951+01:00" testType="13cdc9d9-ddb5-4fa4-a97d-d965ccfc6d4b" outcome="Passed" testListId="8c84fa94-04c1-424b-9868-57a2d4851a1d" relativeResultsDirectory="164e38e6-0f2d-4e35-a5db-7fd86ed3f717" />
    <UnitTestResult executionId="a5e56946-9c34-4f90-b9fc-05f5652dd69f" testId="32e158c7-7395-bc85-11bb-87a3db2ce38c" testName="Validation_ValidateDouble_Null_NullNotAllowed_ArgumentNullException" computerName="DKSR-EFI-06" duration="00:00:00.0005189" startTime="2024-01-09T15:42:25.7008420+01:00" endTime="2024-01-09T15:42:25.7008420+01:00" testType="13cdc9d9-ddb5-4fa4-a97d-d965ccfc6d4b" outcome="Passed" testListId="8c84fa94-04c1-424b-9868-57a2d4851a1d" relativeResultsDirectory="a5e56946-9c34-4f90-b9fc-05f5652dd69f" />
    <UnitTestResult executionId="41c84d6f-961b-4aad-9b47-e439db87f47a" testId="9ef706fc-21eb-aa3d-7595-7c004cf364e2" testName="GetProperties_WhenFirstStepPropertiesAreSet_ReturnsSetFirstStepPropertiesAndEmptyStartRuleTypeProperty" computerName="DKSR-EFI-06" duration="00:00:00.0264657" startTime="2024-01-09T15:42:34.4352372+01:00" endTime="2024-01-09T15:42:34.4664875+01:00" testType="13cdc9d9-ddb5-4fa4-a97d-d965ccfc6d4b" outcome="Passed" testListId="8c84fa94-04c1-424b-9868-57a2d4851a1d" relativeResultsDirectory="41c84d6f-961b-4aad-9b47-e439db87f47a" />
    <UnitTestResult executionId="6b47482a-5867-479e-a70e-26185a32be2c" testId="4c41f34a-f46f-3606-ce35-e8c14c758ee0" testName="GetChildItems_SunnyDayTest" computerName="DKSR-EFI-06" duration="00:00:00.0025540" startTime="2024-01-09T15:42:41.4352714+01:00" endTime="2024-01-09T15:42:41.4352714+01:00" testType="13cdc9d9-ddb5-4fa4-a97d-d965ccfc6d4b" outcome="Passed" testListId="8c84fa94-04c1-424b-9868-57a2d4851a1d" relativeResultsDirectory="6b47482a-5867-479e-a70e-26185a32be2c" />
    <UnitTestResult executionId="a5084ce4-da41-4c18-b8d0-595145e80208" testId="b2928468-10c9-b233-eef3-f8444815ae10" testName="GetAdministrationClient_Success" computerName="DKSR-EFI-06" duration="00:00:00.0003085" startTime="2024-01-09T15:42:29.9508399+01:00" endTime="2024-01-09T15:42:29.9508399+01:00" testType="13cdc9d9-ddb5-4fa4-a97d-d965ccfc6d4b" outcome="Passed" testListId="8c84fa94-04c1-424b-9868-57a2d4851a1d" relativeResultsDirectory="a5084ce4-da41-4c18-b8d0-595145e80208" />
    <UnitTestResult executionId="fb24454a-9943-4159-8ab1-65d5d25e7af3" testId="745cf223-9019-7429-6cc8-b86f4d6886ee" testName="Get_Translations_ReturnsJsonOfTranslationsDictionary" computerName="DKSR-EFI-06" duration="00:00:00.0502809" startTime="2024-01-09T15:42:27.4977601+01:00" endTime="2024-01-09T15:42:27.5445892+01:00" testType="13cdc9d9-ddb5-4fa4-a97d-d965ccfc6d4b" outcome="Passed" testListId="8c84fa94-04c1-424b-9868-57a2d4851a1d" relativeResultsDirectory="fb24454a-9943-4159-8ab1-65d5d25e7af3" />
    <UnitTestResult executionId="03f00b93-62a8-467c-ad48-ee70f840ac61" testId="928e42de-dbb2-69cd-372e-762f9a53192c" testName="QuerySearchTemplate_Public_NotAllowed" computerName="DKSR-EFI-06" duration="00:00:00.0075807" startTime="2024-01-09T15:42:43.6696530+01:00" endTime="2024-01-09T15:42:43.6852771+01:00" testType="13cdc9d9-ddb5-4fa4-a97d-d965ccfc6d4b" outcome="Passed" testListId="8c84fa94-04c1-424b-9868-57a2d4851a1d" relativeResultsDirectory="03f00b93-62a8-467c-ad48-ee70f840ac61" />
    <UnitTestResult executionId="6dfa9b1a-b0e4-4cf5-ac2c-220309e9f3fa" testId="ec016500-b8e9-3b6a-5962-f28e9aecc691" testName="BusinessObjects_License_UpdateMipPluginsLicenseRequestPart_ReplacePluginDecreasedLicenseCount" computerName="DKSR-EFI-06" duration="00:00:00.0046634" startTime="2024-01-09T15:42:43.1227767+01:00" endTime="2024-01-09T15:42:43.1227767+01:00" testType="13cdc9d9-ddb5-4fa4-a97d-d965ccfc6d4b" outcome="Passed" testListId="8c84fa94-04c1-424b-9868-57a2d4851a1d" relativeResultsDirectory="6dfa9b1a-b0e4-4cf5-ac2c-220309e9f3fa" />
    <UnitTestResult executionId="85d0d844-a98d-4138-ba9f-3e64255e993a" testId="aa9079d1-8cc0-63a1-086f-05047a65abb6" testName="BusinessObjects_License_UpdateMipPluginsLicenseRequestPart_AddMultiplePlugins" computerName="DKSR-EFI-06" duration="00:00:00.0053900" startTime="2024-01-09T15:42:43.1071500+01:00" endTime="2024-01-09T15:42:43.1071500+01:00" testType="13cdc9d9-ddb5-4fa4-a97d-d965ccfc6d4b" outcome="Passed" testListId="8c84fa94-04c1-424b-9868-57a2d4851a1d" relativeResultsDirectory="85d0d844-a98d-4138-ba9f-3e64255e993a" />
    <UnitTestResult executionId="9f0ff6fb-1ed2-4b0b-a181-f7208b3835b7" testId="62a17167-4a87-07cc-9ebb-6f8ea0d806f4" testName="Link_Invalid_ItemType_Fail" computerName="DKSR-EFI-06" duration="00:00:00.0006734" startTime="2024-01-09T15:42:29.5289666+01:00" endTime="2024-01-09T15:42:29.5289666+01:00" testType="13cdc9d9-ddb5-4fa4-a97d-d965ccfc6d4b" outcome="Passed" testListId="8c84fa94-04c1-424b-9868-57a2d4851a1d" relativeResultsDirectory="9f0ff6fb-1ed2-4b0b-a181-f7208b3835b7" />
    <UnitTestResult executionId="7b8caa0e-dbf2-4e03-ae27-72f38df681a8" testId="86e0f813-7436-25ac-ffea-15c2316efefc" testName="EnumerableToString_EscapesAndJoins" computerName="DKSR-EFI-06" duration="00:00:00.0212345" startTime="2024-01-09T15:42:33.7789819+01:00" endTime="2024-01-09T15:42:33.7946058+01:00" testType="13cdc9d9-ddb5-4fa4-a97d-d965ccfc6d4b" outcome="Passed" testListId="8c84fa94-04c1-424b-9868-57a2d4851a1d" relativeResultsDirectory="7b8caa0e-dbf2-4e03-ae27-72f38df681a8" />
    <UnitTestResult executionId="f3c36e70-780d-4cf0-ae2b-7347ac71a03f" testId="1319db56-846d-073e-ce4f-386feff01bf0" testName="SendCommandSecurityVisitor_DatabaseOperationCommand_GetDiskUsageInformationDevicesPerStorage" computerName="DKSR-EFI-06" duration="00:00:00.0105010" startTime="2024-01-09T15:42:22.6070894+01:00" endTime="2024-01-09T15:42:22.6070894+01:00" testType="13cdc9d9-ddb5-4fa4-a97d-d965ccfc6d4b" outcome="Passed" testListId="8c84fa94-04c1-424b-9868-57a2d4851a1d" relativeResultsDirectory="f3c36e70-780d-4cf0-ae2b-7347ac71a03f" />
    <UnitTestResult executionId="1b107d80-b9d5-4732-b749-587bd9876512" testId="d09d3787-5f57-d694-55dd-8472df1292a0" testName="Update_DoesCorrectPassThrough" computerName="DKSR-EFI-06" duration="00:00:00.0048198" startTime="2024-01-09T15:42:28.8883415+01:00" endTime="2024-01-09T15:42:28.8883415+01:00" testType="13cdc9d9-ddb5-4fa4-a97d-d965ccfc6d4b" outcome="Passed" testListId="8c84fa94-04c1-424b-9868-57a2d4851a1d" relativeResultsDirectory="1b107d80-b9d5-4732-b749-587bd9876512" />
    <UnitTestResult executionId="0f3972b3-d381-432f-a423-d4ac61953588" testId="7b04c9ee-ecdb-b3dc-f6a6-701e9e9ebc3e" testName="GetXml_WhenRuleTypeIsMonthlyRelativeAndRecurring_MatchesXml" computerName="DKSR-EFI-06" duration="00:00:00.0009918" startTime="2024-01-09T15:42:39.0446358+01:00" endTime="2024-01-09T15:42:39.0446358+01:00" testType="13cdc9d9-ddb5-4fa4-a97d-d965ccfc6d4b" outcome="Passed" testListId="8c84fa94-04c1-424b-9868-57a2d4851a1d" relativeResultsDirectory="0f3972b3-d381-432f-a423-d4ac61953588" />
    <UnitTestResult executionId="3ad91886-b6d4-4ea7-9366-f81eda28713e" testId="2b16c2e0-1a44-68dd-8de3-426224b5e806" testName="Validate_WhenCustomGuidValidatorReturnsInvalidResultBasedOnAllowedMIPKinds_Error" computerName="DKSR-EFI-06" duration="00:00:00.0154807" startTime="2024-01-09T15:42:37.3102909+01:00" endTime="2024-01-09T15:42:37.3258816+01:00" testType="13cdc9d9-ddb5-4fa4-a97d-d965ccfc6d4b" outcome="Passed" testListId="8c84fa94-04c1-424b-9868-57a2d4851a1d" relativeResultsDirectory="3ad91886-b6d4-4ea7-9366-f81eda28713e" />
    <UnitTestResult executionId="d7275de1-096a-4710-967c-6010196e5af0" testId="158fd2cd-bb30-7370-0da0-dcc7660a3f5c" testName="QuerySearchTemplateFind_ParamNullCheck_RequestContext" computerName="DKSR-EFI-06" duration="00:00:00.0009568" startTime="2024-01-09T15:42:43.4821523+01:00" endTime="2024-01-09T15:42:43.4821523+01:00" testType="13cdc9d9-ddb5-4fa4-a97d-d965ccfc6d4b" outcome="Passed" testListId="8c84fa94-04c1-424b-9868-57a2d4851a1d" relativeResultsDirectory="d7275de1-096a-4710-967c-6010196e5af0" />
    <UnitTestResult executionId="9e3d301d-a9ed-497f-93a6-e83a561b9614" testId="b973da1a-2e42-fe55-9475-2d140e6e0854" testName="DriverSettingsBusiness_PrepareAndValidateSettings_Success (Data Row 4)" computerName="DKSR-EFI-06" duration="00:00:00.0364167" startTime="2024-01-09T15:42:30.2633401+01:00" endTime="2024-01-09T15:42:32.2008497+01:00" testType="13cdc9d9-ddb5-4fa4-a97d-d965ccfc6d4b" outcome="Passed" testListId="8c84fa94-04c1-424b-9868-57a2d4851a1d" relativeResultsDirectory="9e3d301d-a9ed-497f-93a6-e83a561b9614" />
    <UnitTestResult executionId="6ad82983-6a6a-42ca-8142-522fb6679c20" testId="8383e516-bd58-b30a-54f1-4cf1620ca7f1" testName="TaskMoveHardwareSecurityProvider_ValidatePermissions" computerName="DKSR-EFI-06" duration="00:00:00.0017538" startTime="2024-01-09T15:42:32.9196002+01:00" endTime="2024-01-09T15:42:32.9196002+01:00" testType="13cdc9d9-ddb5-4fa4-a97d-d965ccfc6d4b" outcome="Passed" testListId="8c84fa94-04c1-424b-9868-57a2d4851a1d" relativeResultsDirectory="6ad82983-6a6a-42ca-8142-522fb6679c20" />
    <UnitTestResult executionId="4a5148a9-8268-4c88-9b87-c69762b6e156" testId="17c4b67d-3de2-f123-5502-52b87ca6d5b1" testName="AsyncRetryExecutionRetryWrongExceptionSecondRunTest" computerName="DKSR-EFI-06" duration="00:00:00.0021993" startTime="2024-01-09T15:42:43.2321553+01:00" endTime="2024-01-09T15:42:43.2477762+01:00" testType="13cdc9d9-ddb5-4fa4-a97d-d965ccfc6d4b" outcome="Passed" testListId="8c84fa94-04c1-424b-9868-57a2d4851a1d" relativeResultsDirectory="4a5148a9-8268-4c88-9b87-c69762b6e156" />
    <UnitTestResult executionId="e8a54c54-e312-4b28-96f9-666752f3a618" testId="f295d18c-6a54-b5f1-cd72-7a22ee636e0b" testName="SendCommandSecurityVisitor_UpdateConfigurationManagerCommand_PatrollingProfile_Add_Allowed" computerName="DKSR-EFI-06" duration="00:00:00.0226882" startTime="2024-01-09T15:42:24.1383420+01:00" endTime="2024-01-09T15:42:24.1695885+01:00" testType="13cdc9d9-ddb5-4fa4-a97d-d965ccfc6d4b" outcome="Passed" testListId="8c84fa94-04c1-424b-9868-57a2d4851a1d" relativeResultsDirectory="e8a54c54-e312-4b28-96f9-666752f3a618" />
    <UnitTestResult executionId="4fac6035-77e7-4659-a311-bee19de63ce8" testId="3aafddda-005e-39d8-d0be-25474ba8c657" testName="ServerProxyService_GetLicenseByLicenseId_NotFiltered" computerName="DKSR-EFI-06" duration="00:00:00.0215761" startTime="2024-01-09T15:42:24.9820887+01:00" endTime="2024-01-09T15:42:24.9977145+01:00" testType="13cdc9d9-ddb5-4fa4-a97d-d965ccfc6d4b" outcome="Passed" testListId="8c84fa94-04c1-424b-9868-57a2d4851a1d" relativeResultsDirectory="4fac6035-77e7-4659-a311-bee19de63ce8" />
    <UnitTestResult executionId="3d7e19c5-15e1-48d0-8745-e7ddde13fee6" testId="200b3917-f4e7-346f-134e-9c78dba3e086" testName="SendCommandSecurityVisitor_UpdateConfigurationManagerCommand_UserDefinedEvent_Edit_Allowed" computerName="DKSR-EFI-06" duration="00:00:00.0201945" startTime="2024-01-09T15:42:24.6539631+01:00" endTime="2024-01-09T15:42:24.6852125+01:00" testType="13cdc9d9-ddb5-4fa4-a97d-d965ccfc6d4b" outcome="Passed" testListId="8c84fa94-04c1-424b-9868-57a2d4851a1d" relativeResultsDirectory="3d7e19c5-15e1-48d0-8745-e7ddde13fee6" />
    <UnitTestResult executionId="f8f5076d-d29b-499e-b424-d0046b3ae2a6" testId="3a50765f-bd13-aa76-7192-18c8e0525f4d" testName="Validate_ParamNullCheck2" computerName="DKSR-EFI-06" duration="00:00:00.0009405" startTime="2024-01-09T15:42:39.6852655+01:00" endTime="2024-01-09T15:42:39.6852655+01:00" testType="13cdc9d9-ddb5-4fa4-a97d-d965ccfc6d4b" outcome="Passed" testListId="8c84fa94-04c1-424b-9868-57a2d4851a1d" relativeResultsDirectory="f8f5076d-d29b-499e-b424-d0046b3ae2a6" />
    <UnitTestResult executionId="058fe3e0-bf91-4e31-8feb-80c6fdb46f2e" testId="8de6d97d-bb98-de03-7459-f03577eb7e19" testName="GetXml_WhenMultipleStartAndStopActions_MatchesXml" computerName="DKSR-EFI-06" duration="00:00:00.0189228" startTime="2024-01-09T15:42:38.5603026+01:00" endTime="2024-01-09T15:42:38.5758832+01:00" testType="13cdc9d9-ddb5-4fa4-a97d-d965ccfc6d4b" outcome="Passed" testListId="8c84fa94-04c1-424b-9868-57a2d4851a1d" relativeResultsDirectory="058fe3e0-bf91-4e31-8feb-80c6fdb46f2e" />
    <UnitTestResult executionId="e8086346-8aec-41c1-8c74-abfb0fc03955" testId="b90e294a-7a36-bde6-8e0a-7ba20877d563" testName="IsComplete_WhenRecurring_DailyRecurring_ReturnsTrue" computerName="DKSR-EFI-06" duration="00:00:00.0021897" startTime="2024-01-09T15:42:34.9977418+01:00" endTime="2024-01-09T15:42:34.9977418+01:00" testType="13cdc9d9-ddb5-4fa4-a97d-d965ccfc6d4b" outcome="Passed" testListId="8c84fa94-04c1-424b-9868-57a2d4851a1d" relativeResultsDirectory="e8086346-8aec-41c1-8c74-abfb0fc03955" />
    <UnitTestResult executionId="f37f33de-bbca-4533-90a7-876398d9d1ca" testId="1b7b2c1b-7bda-2dcc-167e-dd1831f512a6" testName="DeviceTypeLookup_QueryDeviceTypeFromSecurityAttributeValue_Success" computerName="DKSR-EFI-06" duration="00:00:00.2061838" startTime="2024-01-09T15:42:17.8727101+01:00" endTime="2024-01-09T15:42:18.0758341+01:00" testType="13cdc9d9-ddb5-4fa4-a97d-d965ccfc6d4b" outcome="Passed" testListId="8c84fa94-04c1-424b-9868-57a2d4851a1d" relativeResultsDirectory="f37f33de-bbca-4533-90a7-876398d9d1ca" />
    <UnitTestResult executionId="dedfaa81-930a-4b3e-9811-505d2a29a05b" testId="59bb6cc1-f43d-00f2-8337-f07e1e8ee613" testName="GetItem_LicenseDetailFolder_SunnyDay" computerName="DKSR-EFI-06" duration="00:00:00.0006334" startTime="2024-01-09T15:42:40.5133939+01:00" endTime="2024-01-09T15:42:40.5133939+01:00" testType="13cdc9d9-ddb5-4fa4-a97d-d965ccfc6d4b" outcome="Passed" testListId="8c84fa94-04c1-424b-9868-57a2d4851a1d" relativeResultsDirectory="dedfaa81-930a-4b3e-9811-505d2a29a05b" />
    <UnitTestResult executionId="4b01ef42-2293-4f96-ba92-f75921975761" testId="61bab419-8e00-d112-f593-1a3e5e0990c0" testName="Get_KnownResource_ItemFound_NoData_NotTasks_NotPerformingTask_Resources_NotDefinition_ReturnsChildResources" computerName="DKSR-EFI-06" duration="00:00:00.0190779" startTime="2024-01-09T15:42:27.8570897+01:00" endTime="2024-01-09T15:42:27.8727157+01:00" testType="13cdc9d9-ddb5-4fa4-a97d-d965ccfc6d4b" outcome="Passed" testListId="8c84fa94-04c1-424b-9868-57a2d4851a1d" relativeResultsDirectory="4b01ef42-2293-4f96-ba92-f75921975761" />
    <UnitTestResult executionId="7a326b7b-7c42-48b7-8af2-bcef8fa8a6de" testId="29046b1d-012f-46ae-1304-05cfe0330f22" testName="TimeProfile_WhenNoParameters_Error" computerName="DKSR-EFI-06" duration="00:00:00.0008530" startTime="2024-01-09T15:42:36.7946255+01:00" endTime="2024-01-09T15:42:36.7946255+01:00" testType="13cdc9d9-ddb5-4fa4-a97d-d965ccfc6d4b" outcome="Passed" testListId="8c84fa94-04c1-424b-9868-57a2d4851a1d" relativeResultsDirectory="7a326b7b-7c42-48b7-8af2-bcef8fa8a6de" />
    <UnitTestResult executionId="53652961-c5c5-4bd2-bbc9-2caf5a88e5b0" testId="4285acdb-92fc-4ae3-0001-6e349c0c0996" testName="ScheduledActionController_UpdateSchedule_ProviderReturns_SchduleIsStarted" computerName="DKSR-EFI-06" duration="00:00:00.0016775" startTime="2024-01-09T15:42:43.9352793+01:00" endTime="2024-01-09T15:42:43.9352793+01:00" testType="13cdc9d9-ddb5-4fa4-a97d-d965ccfc6d4b" outcome="Passed" testListId="8c84fa94-04c1-424b-9868-57a2d4851a1d" relativeResultsDirectory="53652961-c5c5-4bd2-bbc9-2caf5a88e5b0" />
    <UnitTestResult executionId="a7ad8c42-c316-4639-8d75-74d33c4a50ef" testId="9ff57a7b-18b2-1785-0b88-2b7d4ea0a3ba" testName="Build_WhenEventRuleWithNoneEventGroupType_EventSourceIsSet" computerName="DKSR-EFI-06" duration="00:00:00.0015755" startTime="2024-01-09T15:42:36.6227481+01:00" endTime="2024-01-09T15:42:36.6227481+01:00" testType="13cdc9d9-ddb5-4fa4-a97d-d965ccfc6d4b" outcome="Passed" testListId="8c84fa94-04c1-424b-9868-57a2d4851a1d" relativeResultsDirectory="a7ad8c42-c316-4639-8d75-74d33c4a50ef" />
    <UnitTestResult executionId="0d131e16-3d02-4eca-9606-b8f08db9c20d" testId="e9be22cb-8719-7ab6-e19b-d079f3cab173" testName="Build_WhenMIPAction2_ReturnsProperties" computerName="DKSR-EFI-06" duration="00:00:00.0238106" startTime="2024-01-09T15:42:35.9664956+01:00" endTime="2024-01-09T15:42:35.9821229+01:00" testType="13cdc9d9-ddb5-4fa4-a97d-d965ccfc6d4b" outcome="Passed" testListId="8c84fa94-04c1-424b-9868-57a2d4851a1d" relativeResultsDirectory="0d131e16-3d02-4eca-9606-b8f08db9c20d" />
    <UnitTestResult executionId="ef41b845-2f6a-4059-8737-8312519e6767" testId="38cf3e24-1116-fcd5-22ab-6660c54a406b" testName="Delete_KnownResource_ResourceDeleted" computerName="DKSR-EFI-06" duration="00:00:00.0112395" startTime="2024-01-09T15:42:28.0758378+01:00" endTime="2024-01-09T15:42:28.0758378+01:00" testType="13cdc9d9-ddb5-4fa4-a97d-d965ccfc6d4b" outcome="Passed" testListId="8c84fa94-04c1-424b-9868-57a2d4851a1d" relativeResultsDirectory="ef41b845-2f6a-4059-8737-8312519e6767" />
    <UnitTestResult executionId="460c1150-4aa5-4bc9-8dd8-6ea81b19d6ca" testId="8a8fa082-2a88-9d25-14bd-ffc2289e654f" testName="SendCommandSecurityVisitor_HardwareSetupInformationCommand_NotAllowed" computerName="DKSR-EFI-06" duration="00:00:00.0012895" startTime="2024-01-09T15:42:22.5445882+01:00" endTime="2024-01-09T15:42:22.5445882+01:00" testType="13cdc9d9-ddb5-4fa4-a97d-d965ccfc6d4b" outcome="Passed" testListId="8c84fa94-04c1-424b-9868-57a2d4851a1d" relativeResultsDirectory="460c1150-4aa5-4bc9-8dd8-6ea81b19d6ca" />
    <UnitTestResult executionId="a115cfa7-1bf9-4ff8-89e4-99e6697a632f" testId="3aa98141-cb08-31d2-6c99-b615d30cbd08" testName="RoleMappingAddToRoleAdmin" computerName="DKSR-EFI-06" duration="00:00:00.0005823" startTime="2024-01-09T15:42:19.0133376+01:00" endTime="2024-01-09T15:42:19.0133376+01:00" testType="13cdc9d9-ddb5-4fa4-a97d-d965ccfc6d4b" outcome="Passed" testListId="8c84fa94-04c1-424b-9868-57a2d4851a1d" relativeResultsDirectory="a115cfa7-1bf9-4ff8-89e4-99e6697a632f" />
    <UnitTestResult executionId="a57181fe-5f65-46da-afde-317e0d524acb" testId="db17b784-3c57-cc3b-58f5-9b7b53d9ed7e" testName="Validate_WhenObjectExists_ReturnsTrue" computerName="DKSR-EFI-06" duration="00:00:00.0042041" startTime="2024-01-09T15:42:37.8727564+01:00" endTime="2024-01-09T15:42:37.8727564+01:00" testType="13cdc9d9-ddb5-4fa4-a97d-d965ccfc6d4b" outcome="Passed" testListId="8c84fa94-04c1-424b-9868-57a2d4851a1d" relativeResultsDirectory="a57181fe-5f65-46da-afde-317e0d524acb" />
    <UnitTestResult executionId="1b33501c-0106-4289-84c2-aa4d07decc42" testId="8c3ec103-4934-7270-1d99-bd6fc3aba7d0" testName="GetCurrentProperties_WhenRuleTypeIsEvent_EventSourcesNotSet__ReturnsProperties" computerName="DKSR-EFI-06" duration="00:00:00.0025088" startTime="2024-01-09T15:42:35.2008657+01:00" endTime="2024-01-09T15:42:35.2008657+01:00" testType="13cdc9d9-ddb5-4fa4-a97d-d965ccfc6d4b" outcome="Passed" testListId="8c84fa94-04c1-424b-9868-57a2d4851a1d" relativeResultsDirectory="1b33501c-0106-4289-84c2-aa4d07decc42" />
    <UnitTestResult executionId="6cc64ead-70ea-4e51-a4db-0de5811ea1df" testId="5d3737c4-6caa-929c-3895-4f8c3b2fc762" testName="SendCommandSecurityVisitor_SetMatrixViewCommand_NotSupportedException" computerName="DKSR-EFI-06" duration="00:00:00.0030132" startTime="2024-01-09T15:42:21.7945883+01:00" endTime="2024-01-09T15:42:21.7945883+01:00" testType="13cdc9d9-ddb5-4fa4-a97d-d965ccfc6d4b" outcome="Passed" testListId="8c84fa94-04c1-424b-9868-57a2d4851a1d" relativeResultsDirectory="6cc64ead-70ea-4e51-a4db-0de5811ea1df" />
    <UnitTestResult executionId="bef26c75-f9cb-449d-bb73-12ceb796c983" testId="49799a24-c24a-f014-3525-c7d3d4689894" testName="SendCommandSecurityVisitor_ExecuteRuleActionsCommand_NotSupportedException" computerName="DKSR-EFI-06" duration="00:00:00.0032556" startTime="2024-01-09T15:42:21.9039628+01:00" endTime="2024-01-09T15:42:21.9039628+01:00" testType="13cdc9d9-ddb5-4fa4-a97d-d965ccfc6d4b" outcome="Passed" testListId="8c84fa94-04c1-424b-9868-57a2d4851a1d" relativeResultsDirectory="bef26c75-f9cb-449d-bb73-12ceb796c983" />
    <UnitTestResult executionId="dbe722d6-609a-4eda-8ac8-5c47d4526776" testId="23d32c20-aaf4-8ee2-9854-39156a958f5d" testName="Validate_WhenActionsDataIsValid_NoError" computerName="DKSR-EFI-06" duration="00:00:00.0204178" startTime="2024-01-09T15:42:36.7008753+01:00" endTime="2024-01-09T15:42:36.7321249+01:00" testType="13cdc9d9-ddb5-4fa4-a97d-d965ccfc6d4b" outcome="Passed" testListId="8c84fa94-04c1-424b-9868-57a2d4851a1d" relativeResultsDirectory="dbe722d6-609a-4eda-8ac8-5c47d4526776" />
    <UnitTestResult executionId="aa0041ef-2d1c-4d5f-a76a-3a1f9558e371" testId="104ba555-8f99-60ef-4e53-45a505d3287e" testName="RetentionTimeRule_Initialize_Success" computerName="DKSR-EFI-06" duration="00:00:00.0019996" startTime="2024-01-09T15:42:44.1384062+01:00" endTime="2024-01-09T15:42:44.1384062+01:00" testType="13cdc9d9-ddb5-4fa4-a97d-d965ccfc6d4b" outcome="Passed" testListId="8c84fa94-04c1-424b-9868-57a2d4851a1d" relativeResultsDirectory="aa0041ef-2d1c-4d5f-a76a-3a1f9558e371" />
    <UnitTestResult executionId="73bd1966-d45e-46e3-bb71-77329ad11b1b" testId="4957cfbd-ff09-8b25-d00f-9c1b4faec59a" testName="Build_Frequency_WhenMonthlyRelativeIsSet_ReturnsMonthlyRelativeFrequencyModel" computerName="DKSR-EFI-06" duration="00:00:00.0008385" startTime="2024-01-09T15:42:36.6852505+01:00" endTime="2024-01-09T15:42:36.6852505+01:00" testType="13cdc9d9-ddb5-4fa4-a97d-d965ccfc6d4b" outcome="Passed" testListId="8c84fa94-04c1-424b-9868-57a2d4851a1d" relativeResultsDirectory="73bd1966-d45e-46e3-bb71-77329ad11b1b" />
    <UnitTestResult executionId="8248eaa3-cbee-46db-9d84-3c25c138d5ca" testId="10636473-c325-e508-d1dc-2fb3e659000e" testName="SetItem_Properties_MissingNameTest" computerName="DKSR-EFI-06" duration="00:00:00.0010180" startTime="2024-01-09T15:42:41.5602721+01:00" endTime="2024-01-09T15:42:41.5758972+01:00" testType="13cdc9d9-ddb5-4fa4-a97d-d965ccfc6d4b" outcome="Passed" testListId="8c84fa94-04c1-424b-9868-57a2d4851a1d" relativeResultsDirectory="8248eaa3-cbee-46db-9d84-3c25c138d5ca" />
    <UnitTestResult executionId="090e5f01-bbff-4b93-b36a-2fdbd693f661" testId="393b1670-eeef-f797-65d8-457204160c64" testName="SendCommandSecurityVisitor_UpdateConfigurationManagerCommand_NonMotionPlugin_Delete_NotSupportedException" computerName="DKSR-EFI-06" duration="00:00:00.0266406" startTime="2024-01-09T15:42:24.1070877+01:00" endTime="2024-01-09T15:42:24.1383420+01:00" testType="13cdc9d9-ddb5-4fa4-a97d-d965ccfc6d4b" outcome="Passed" testListId="8c84fa94-04c1-424b-9868-57a2d4851a1d" relativeResultsDirectory="090e5f01-bbff-4b93-b36a-2fdbd693f661">
      <Output>
        <StdOut>Debug Trace:&#xD;
Fail: Security check for the specified plugin is not supported</StdOut>
      </Output>
    </UnitTestResult>
    <UnitTestResult executionId="20323770-7cf5-4189-92ff-ff57fcacb32a" testId="4ec1996b-4e8a-65d0-e9e1-f9eff3da718a" testName="Validate_WhenSetOutputStateActionButStateValueIsWrong_Error" computerName="DKSR-EFI-06" duration="00:00:00.0071877" startTime="2024-01-09T15:42:37.5446313+01:00" endTime="2024-01-09T15:42:37.5446313+01:00" testType="13cdc9d9-ddb5-4fa4-a97d-d965ccfc6d4b" outcome="Passed" testListId="8c84fa94-04c1-424b-9868-57a2d4851a1d" relativeResultsDirectory="20323770-7cf5-4189-92ff-ff57fcacb32a" />
    <UnitTestResult executionId="54a2fd5c-4291-48b1-9c0c-a689cca10ac4" testId="5324e651-753d-07df-adab-4893869690ff" testName="Validate_WhenCustomGuidValidatorReturnsInvalidResult_Error" computerName="DKSR-EFI-06" duration="00:00:00.0123510" startTime="2024-01-09T15:42:37.2790033+01:00" endTime="2024-01-09T15:42:37.2946291+01:00" testType="13cdc9d9-ddb5-4fa4-a97d-d965ccfc6d4b" outcome="Passed" testListId="8c84fa94-04c1-424b-9868-57a2d4851a1d" relativeResultsDirectory="54a2fd5c-4291-48b1-9c0c-a689cca10ac4" />
    <UnitTestResult executionId="081761d9-bfec-4e5c-909e-52aba62c9b36" testId="fd19fa24-64b5-6d90-5a33-d8458cf584e9" testName="Validate_WhenRequiredFeatureIsNotLicensed_Error" computerName="DKSR-EFI-06" duration="00:00:00.0013343" startTime="2024-01-09T15:42:36.7633756+01:00" endTime="2024-01-09T15:42:36.7633756+01:00" testType="13cdc9d9-ddb5-4fa4-a97d-d965ccfc6d4b" outcome="Passed" testListId="8c84fa94-04c1-424b-9868-57a2d4851a1d" relativeResultsDirectory="081761d9-bfec-4e5c-909e-52aba62c9b36" />
    <UnitTestResult executionId="6e560422-eead-4583-be87-0cb9a9d26eea" testId="d5e30042-2749-cd6c-d889-8a6a639c3676" testName="InvokeMethod_ParamNullCheck_RequestContextTest" computerName="DKSR-EFI-06" duration="00:00:00.0011727" startTime="2024-01-09T15:42:41.6383951+01:00" endTime="2024-01-09T15:42:41.6383951+01:00" testType="13cdc9d9-ddb5-4fa4-a97d-d965ccfc6d4b" outcome="Passed" testListId="8c84fa94-04c1-424b-9868-57a2d4851a1d" relativeResultsDirectory="6e560422-eead-4583-be87-0cb9a9d26eea" />
    <UnitTestResult executionId="b34d00f2-ae7e-4ad8-838e-1c637c9310c3" testId="49ad8e02-8457-215e-95c8-95c2e835ace7" testName="IsPropertyPresent_WhenPropertyExists_ReturnsTrue" computerName="DKSR-EFI-06" duration="00:00:00.0002485" startTime="2024-01-09T15:42:34.1071124+01:00" endTime="2024-01-09T15:42:34.1071124+01:00" testType="13cdc9d9-ddb5-4fa4-a97d-d965ccfc6d4b" outcome="Passed" testListId="8c84fa94-04c1-424b-9868-57a2d4851a1d" relativeResultsDirectory="b34d00f2-ae7e-4ad8-838e-1c637c9310c3" />
    <UnitTestResult executionId="89f97ab9-049e-4fce-b2d4-47cef0fa6c6e" testId="6e4d801e-dc44-f70c-b7be-235fda586791" testName="ValidateItem_ParamNullCheck_PathTest" computerName="DKSR-EFI-06" duration="00:00:00.0005419" startTime="2024-01-09T15:42:41.6071457+01:00" endTime="2024-01-09T15:42:41.6071457+01:00" testType="13cdc9d9-ddb5-4fa4-a97d-d965ccfc6d4b" outcome="Passed" testListId="8c84fa94-04c1-424b-9868-57a2d4851a1d" relativeResultsDirectory="89f97ab9-049e-4fce-b2d4-47cef0fa6c6e" />
    <UnitTestResult executionId="504d0573-7113-4eac-8e27-5d35f378ddbf" testId="c5768806-46bc-5adc-f283-1f33b9d9ec9c" testName="GetProperties_WhenNoPropertiesAreSet_ReturnsEmptyFirstStepProperties" computerName="DKSR-EFI-06" duration="00:00:00.0201363" startTime="2024-01-09T15:42:34.4039845+01:00" endTime="2024-01-09T15:42:34.4352372+01:00" testType="13cdc9d9-ddb5-4fa4-a97d-d965ccfc6d4b" outcome="Passed" testListId="8c84fa94-04c1-424b-9868-57a2d4851a1d" relativeResultsDirectory="504d0573-7113-4eac-8e27-5d35f378ddbf" />
    <UnitTestResult executionId="adcc5cc4-ae6c-4882-b04e-26039c8f0732" testId="bd593094-a709-e6c9-d878-fc0c35f6698e" testName="GetServerProtocolTestFailed_OnString" computerName="DKSR-EFI-06" duration="00:00:00.0088068" startTime="2024-01-09T15:42:19.0445857+01:00" endTime="2024-01-09T15:42:19.0602129+01:00" testType="13cdc9d9-ddb5-4fa4-a97d-d965ccfc6d4b" outcome="Passed" testListId="8c84fa94-04c1-424b-9868-57a2d4851a1d" relativeResultsDirectory="adcc5cc4-ae6c-4882-b04e-26039c8f0732" />
    <UnitTestResult executionId="1c0aaa19-2c94-4ae7-8a98-bb9b92fe39b9" testId="cd196303-7d46-c411-f348-1cca12bf236b" testName="SendCommandSecurityVisitor_SynchronizeDevicePresetsCommand_Allowed" computerName="DKSR-EFI-06" duration="00:00:00.0012560" startTime="2024-01-09T15:42:22.5602156+01:00" endTime="2024-01-09T15:42:22.5602156+01:00" testType="13cdc9d9-ddb5-4fa4-a97d-d965ccfc6d4b" outcome="Passed" testListId="8c84fa94-04c1-424b-9868-57a2d4851a1d" relativeResultsDirectory="1c0aaa19-2c94-4ae7-8a98-bb9b92fe39b9" />
    <UnitTestResult executionId="3b43c609-24e7-4962-873c-fca6d2a4cd5a" testId="97e96b97-9073-46ce-ae22-0ee7a83032ef" testName="Build_WhenRuleIsNull_ThrowsException" computerName="DKSR-EFI-06" duration="00:00:00.0031296" startTime="2024-01-09T15:42:36.0758703+01:00" endTime="2024-01-09T15:42:36.0914967+01:00" testType="13cdc9d9-ddb5-4fa4-a97d-d965ccfc6d4b" outcome="Passed" testListId="8c84fa94-04c1-424b-9868-57a2d4851a1d" relativeResultsDirectory="3b43c609-24e7-4962-873c-fca6d2a4cd5a" />
    <UnitTestResult executionId="8511f30c-dfb4-4eca-96c8-a9935a274a22" testId="c0b7e3de-5c77-b8a6-b498-2f2522074e55" testName="ValidateItem_ParamNullCheck_RequestContextTest" computerName="DKSR-EFI-06" duration="00:00:00.0008540" startTime="2024-01-09T15:42:41.5915216+01:00" endTime="2024-01-09T15:42:41.6071457+01:00" testType="13cdc9d9-ddb5-4fa4-a97d-d965ccfc6d4b" outcome="Passed" testListId="8c84fa94-04c1-424b-9868-57a2d4851a1d" relativeResultsDirectory="8511f30c-dfb4-4eca-96c8-a9935a274a22" />
    <UnitTestResult executionId="8806a42c-79f8-43d2-b7c6-3aa7c52581bd" testId="2c904900-dfc3-f2b8-39dd-0bc22a385a47" testName="DataCollectorOnRegisteredServicesManager_Constructor_Success" computerName="DKSR-EFI-06" duration="00:00:00.0257139" startTime="2024-01-09T15:42:16.8570854+01:00" endTime="2024-01-09T15:42:17.4820837+01:00" testType="13cdc9d9-ddb5-4fa4-a97d-d965ccfc6d4b" outcome="Passed" testListId="8c84fa94-04c1-424b-9868-57a2d4851a1d" relativeResultsDirectory="8806a42c-79f8-43d2-b7c6-3aa7c52581bd" />
    <UnitTestResult executionId="b5c8e973-c0b4-40ae-8c3b-972b5ae53949" testId="a02d17f2-c457-4c5c-21d7-9aa704e8fba6" testName="ValidateItem_ParamNullCheck_RequestContext" computerName="DKSR-EFI-06" duration="00:00:00.0017500" startTime="2024-01-09T15:42:41.1383943+01:00" endTime="2024-01-09T15:42:41.1383943+01:00" testType="13cdc9d9-ddb5-4fa4-a97d-d965ccfc6d4b" outcome="Passed" testListId="8c84fa94-04c1-424b-9868-57a2d4851a1d" relativeResultsDirectory="b5c8e973-c0b4-40ae-8c3b-972b5ae53949" />
    <UnitTestResult executionId="59533078-fb3e-4f00-83ba-90886606d5f8" testId="ff22f819-1299-16a8-febb-59239a0e4d7e" testName="Build_WhenTypeIsTimer_ReturnsRuleModelWithTime" computerName="DKSR-EFI-06" duration="00:00:00.0007219" startTime="2024-01-09T15:42:38.9665104+01:00" endTime="2024-01-09T15:42:38.9665104+01:00" testType="13cdc9d9-ddb5-4fa4-a97d-d965ccfc6d4b" outcome="Passed" testListId="8c84fa94-04c1-424b-9868-57a2d4851a1d" relativeResultsDirectory="59533078-fb3e-4f00-83ba-90886606d5f8" />
    <UnitTestResult executionId="068dc7e2-e8d8-46e3-9b70-67131df0268e" testId="9880b2a0-0a07-a22d-6bc7-18eb1650101d" testName="GetNextProperties_WhenAlwaysAndWithinTimeProfileAreSetToTrue_ReturnsProperties" computerName="DKSR-EFI-06" duration="00:00:00.0004669" startTime="2024-01-09T15:42:34.8571150+01:00" endTime="2024-01-09T15:42:34.8571150+01:00" testType="13cdc9d9-ddb5-4fa4-a97d-d965ccfc6d4b" outcome="Passed" testListId="8c84fa94-04c1-424b-9868-57a2d4851a1d" relativeResultsDirectory="068dc7e2-e8d8-46e3-9b70-67131df0268e" />
    <UnitTestResult executionId="3bafb3e2-6089-4b38-b7db-113957acfd15" testId="5905a400-1fa8-2d7b-4c8d-1735652c27f8" testName="DataCollectorRegisteredServicesResolver_Constructor_Success" computerName="DKSR-EFI-06" duration="00:00:00.0065812" startTime="2024-01-09T15:42:17.6852095+01:00" endTime="2024-01-09T15:42:17.7008337+01:00" testType="13cdc9d9-ddb5-4fa4-a97d-d965ccfc6d4b" outcome="Passed" testListId="8c84fa94-04c1-424b-9868-57a2d4851a1d" relativeResultsDirectory="3bafb3e2-6089-4b38-b7db-113957acfd15" />
    <UnitTestResult executionId="2647102a-918d-4ee3-b196-178a4934567e" testId="47d2e24d-64f6-f277-1890-6a7630122c52" testName="GetXml_WhenStartSetRecordingFramerate_MatchesXml" computerName="DKSR-EFI-06" duration="00:00:00.0006859" startTime="2024-01-09T15:42:38.6227585+01:00" endTime="2024-01-09T15:42:38.6227585+01:00" testType="13cdc9d9-ddb5-4fa4-a97d-d965ccfc6d4b" outcome="Passed" testListId="8c84fa94-04c1-424b-9868-57a2d4851a1d" relativeResultsDirectory="2647102a-918d-4ee3-b196-178a4934567e" />
    <UnitTestResult executionId="4358aef2-d7aa-4f6c-a1ba-eeefa31d2221" testId="c7755307-de74-65aa-448f-265b6e22a007" testName="Build_WhenSetBookmark_ReturnsProperties" computerName="DKSR-EFI-06" duration="00:00:00.0142696" startTime="2024-01-09T15:42:35.8102458+01:00" endTime="2024-01-09T15:42:35.8258699+01:00" testType="13cdc9d9-ddb5-4fa4-a97d-d965ccfc6d4b" outcome="Passed" testListId="8c84fa94-04c1-424b-9868-57a2d4851a1d" relativeResultsDirectory="4358aef2-d7aa-4f6c-a1ba-eeefa31d2221" />
    <UnitTestResult executionId="e9972514-cd8e-415a-b991-560446973c4a" testId="2fd12745-d871-2179-2328-2b455f21727e" testName="AsyncRetryExecutionNoRetryWrongExceptionTest" computerName="DKSR-EFI-06" duration="00:00:00.0070369" startTime="2024-01-09T15:42:43.2165262+01:00" endTime="2024-01-09T15:42:43.2165262+01:00" testType="13cdc9d9-ddb5-4fa4-a97d-d965ccfc6d4b" outcome="Passed" testListId="8c84fa94-04c1-424b-9868-57a2d4851a1d" relativeResultsDirectory="e9972514-cd8e-415a-b991-560446973c4a" />
    <UnitTestResult executionId="809fe0f5-0dfe-4393-a366-8ddd848bfa4d" testId="f979f18f-ed5c-566e-440c-55a20d287857" testName="Build_WhenStartTypeIsEvent_EventTypeIsSet_ReturnsTrue" computerName="DKSR-EFI-06" duration="00:00:00.0047112" startTime="2024-01-09T15:42:38.9352620+01:00" endTime="2024-01-09T15:42:38.9508848+01:00" testType="13cdc9d9-ddb5-4fa4-a97d-d965ccfc6d4b" outcome="Passed" testListId="8c84fa94-04c1-424b-9868-57a2d4851a1d" relativeResultsDirectory="809fe0f5-0dfe-4393-a366-8ddd848bfa4d" />
    <UnitTestResult executionId="a91985c8-4dfa-4d5d-9b58-ed23e2b2d6ef" testId="7342274d-8d18-1d74-ed71-a9bece8ae2cc" testName="GetChildItems_WhenPathIsFolder_ReturnsMatchListItems" computerName="DKSR-EFI-06" duration="00:00:00.0990427" startTime="2024-01-09T15:42:39.3102616+01:00" endTime="2024-01-09T15:42:39.4196380+01:00" testType="13cdc9d9-ddb5-4fa4-a97d-d965ccfc6d4b" outcome="Passed" testListId="8c84fa94-04c1-424b-9868-57a2d4851a1d" relativeResultsDirectory="a91985c8-4dfa-4d5d-9b58-ed23e2b2d6ef" />
    <UnitTestResult executionId="af6a7bef-1051-4862-b529-75ea81b600a0" testId="6ad3da6e-306f-7c31-aba4-1c5511a30d12" testName="NamespaceGuidTest" computerName="DKSR-EFI-06" duration="00:00:00.0002087" startTime="2024-01-09T15:42:18.7008353+01:00" endTime="2024-01-09T15:42:18.7008353+01:00" testType="13cdc9d9-ddb5-4fa4-a97d-d965ccfc6d4b" outcome="Passed" testListId="8c84fa94-04c1-424b-9868-57a2d4851a1d" relativeResultsDirectory="af6a7bef-1051-4862-b529-75ea81b600a0" />
    <UnitTestResult executionId="fb8857d2-bd15-41b9-a097-b184df179b61" testId="dc21df3c-e2e3-ce47-9ef6-5a640542129f" testName="Validate_WhenValidMonthlyRelativeFrequency_ValidRecurringSubday_NoErrors" computerName="DKSR-EFI-06" duration="00:00:00.0005056" startTime="2024-01-09T15:42:37.1071273+01:00" endTime="2024-01-09T15:42:37.1071273+01:00" testType="13cdc9d9-ddb5-4fa4-a97d-d965ccfc6d4b" outcome="Passed" testListId="8c84fa94-04c1-424b-9868-57a2d4851a1d" relativeResultsDirectory="fb8857d2-bd15-41b9-a097-b184df179b61" />
    <UnitTestResult executionId="3717cedd-b972-4b42-8993-09d43c9ebddc" testId="8d7ad232-8b23-e707-cd68-7711f512f3ea" testName="InvokeMethod_AddSearchTemplateFindInvokeInfo" computerName="DKSR-EFI-06" duration="00:00:00.0077557" startTime="2024-01-09T15:42:41.0602711+01:00" endTime="2024-01-09T15:42:41.0602711+01:00" testType="13cdc9d9-ddb5-4fa4-a97d-d965ccfc6d4b" outcome="Passed" testListId="8c84fa94-04c1-424b-9868-57a2d4851a1d" relativeResultsDirectory="3717cedd-b972-4b42-8993-09d43c9ebddc" />
    <UnitTestResult executionId="43dfdde4-3d71-401f-a459-0a7ae4df278b" testId="896e63c2-addb-2a68-6da4-58f11bc0cc6c" testName="ConfigurationItemPath_CreateFolderPath_ParentPathNull_ArgumentNullException" computerName="DKSR-EFI-06" duration="00:00:00.0022747" startTime="2024-01-09T15:42:33.4821078+01:00" endTime="2024-01-09T15:42:33.4977340+01:00" testType="13cdc9d9-ddb5-4fa4-a97d-d965ccfc6d4b" outcome="Passed" testListId="8c84fa94-04c1-424b-9868-57a2d4851a1d" relativeResultsDirectory="43dfdde4-3d71-401f-a459-0a7ae4df278b">
      <Output>
        <StdOut>Debug Trace:&#xD;
Fail: Argument null</StdOut>
      </Output>
    </UnitTestResult>
    <UnitTestResult executionId="d0bf462b-1efa-4fd9-8168-ac36da828f6b" testId="ad7b88c8-c744-1677-f203-640c202498a1" testName="Validate_WhenSubdayTypeOnce_TimeIsNegative_ReturnsError" computerName="DKSR-EFI-06" duration="00:00:00.0003650" startTime="2024-01-09T15:42:36.9667190+01:00" endTime="2024-01-09T15:42:36.9667190+01:00" testType="13cdc9d9-ddb5-4fa4-a97d-d965ccfc6d4b" outcome="Passed" testListId="8c84fa94-04c1-424b-9868-57a2d4851a1d" relativeResultsDirectory="d0bf462b-1efa-4fd9-8168-ac36da828f6b" />
    <UnitTestResult executionId="6e724088-0ed9-430e-8c90-d11fd05cd6ec" testId="9265127f-2f81-1b4f-a945-63401d6621c9" testName="Get_ItemNotFound_ExceptionNotCaught" computerName="DKSR-EFI-06" duration="00:00:00.0087639" startTime="2024-01-09T15:42:27.7164656+01:00" endTime="2024-01-09T15:42:27.7320899+01:00" testType="13cdc9d9-ddb5-4fa4-a97d-d965ccfc6d4b" outcome="Passed" testListId="8c84fa94-04c1-424b-9868-57a2d4851a1d" relativeResultsDirectory="6e724088-0ed9-430e-8c90-d11fd05cd6ec" />
    <UnitTestResult executionId="4f5ac0c9-c977-43c8-8edc-2e00921080c3" testId="ad0fc267-cc10-fc86-a7e8-89fad5957ed8" testName="Build_WhenActionIsStartFeed_ReturnsRuleModel" computerName="DKSR-EFI-06" duration="00:00:00.0088854" startTime="2024-01-09T15:42:39.1383894+01:00" endTime="2024-01-09T15:42:39.1383894+01:00" testType="13cdc9d9-ddb5-4fa4-a97d-d965ccfc6d4b" outcome="Passed" testListId="8c84fa94-04c1-424b-9868-57a2d4851a1d" relativeResultsDirectory="4f5ac0c9-c977-43c8-8edc-2e00921080c3" />
    <UnitTestResult executionId="9faab125-2d53-4a6f-8939-658d583205d4" testId="1ee21a4d-a147-33c1-0f9f-fea74e23e0c4" testName="AsyncRetryExecutionRetrySuccessTest" computerName="DKSR-EFI-06" duration="00:00:00.0645365" startTime="2024-01-09T15:42:43.2477762+01:00" endTime="2024-01-09T15:42:43.3102774+01:00" testType="13cdc9d9-ddb5-4fa4-a97d-d965ccfc6d4b" outcome="Passed" testListId="8c84fa94-04c1-424b-9868-57a2d4851a1d" relativeResultsDirectory="9faab125-2d53-4a6f-8939-658d583205d4" />
    <UnitTestResult executionId="dcd0a21b-49ef-4412-a97a-4847729648ea" testId="1de5b28a-2eed-dd56-5ef6-f1ac31c509a8" testName="Validation_CheckAddressIntervals_NullOrEmpty_AllowNullOrEmpty_Success" computerName="DKSR-EFI-06" duration="00:00:00.0001162" startTime="2024-01-09T15:42:25.7633402+01:00" endTime="2024-01-09T15:42:25.7633402+01:00" testType="13cdc9d9-ddb5-4fa4-a97d-d965ccfc6d4b" outcome="Passed" testListId="8c84fa94-04c1-424b-9868-57a2d4851a1d" relativeResultsDirectory="dcd0a21b-49ef-4412-a97a-4847729648ea" />
    <UnitTestResult executionId="df1d16cc-d001-4c45-bdd1-0444145c6e54" testId="ea7a56c5-1599-a097-a6d9-2be5e1e89520" testName="FindClosestNode_Two_Childs_In_List_Node_Exists_Test" computerName="DKSR-EFI-06" duration="00:00:00.0005129" startTime="2024-01-09T15:42:18.5602094+01:00" endTime="2024-01-09T15:42:18.5602094+01:00" testType="13cdc9d9-ddb5-4fa4-a97d-d965ccfc6d4b" outcome="Passed" testListId="8c84fa94-04c1-424b-9868-57a2d4851a1d" relativeResultsDirectory="df1d16cc-d001-4c45-bdd1-0444145c6e54" />
    <UnitTestResult executionId="595d35b0-402a-4d54-bed5-4fe771190c30" testId="19eee4b1-ca0c-4da5-ef4d-be71bc6ed283" testName="ConstructorTest" computerName="DKSR-EFI-06" duration="00:00:00.0054938" startTime="2024-01-09T15:42:18.3102109+01:00" endTime="2024-01-09T15:42:18.3102109+01:00" testType="13cdc9d9-ddb5-4fa4-a97d-d965ccfc6d4b" outcome="Passed" testListId="8c84fa94-04c1-424b-9868-57a2d4851a1d" relativeResultsDirectory="595d35b0-402a-4d54-bed5-4fe771190c30" />
    <UnitTestResult executionId="87c6e7ab-8e4e-41e0-910d-cbdc406fb716" testId="ba826b1e-a130-0604-b0ea-4835abaf0a26" testName="ErrorHelper_CreateValidateResult_ArgumentException_Success" computerName="DKSR-EFI-06" duration="00:00:00.0037961" startTime="2024-01-09T15:42:33.5289832+01:00" endTime="2024-01-09T15:42:33.5289832+01:00" testType="13cdc9d9-ddb5-4fa4-a97d-d965ccfc6d4b" outcome="Passed" testListId="8c84fa94-04c1-424b-9868-57a2d4851a1d" relativeResultsDirectory="87c6e7ab-8e4e-41e0-910d-cbdc406fb716" />
    <UnitTestResult executionId="051e9809-30b0-4dc3-bd29-581ad100c6f5" testId="d19fcbc7-6154-a4e0-dd6a-408fde760277" testName="Validate_WhenSubdayTypeOnce_TimeIsOver24Hours_ReturnsError" computerName="DKSR-EFI-06" duration="00:00:00.0012836" startTime="2024-01-09T15:42:36.9667190+01:00" endTime="2024-01-09T15:42:36.9667190+01:00" testType="13cdc9d9-ddb5-4fa4-a97d-d965ccfc6d4b" outcome="Passed" testListId="8c84fa94-04c1-424b-9868-57a2d4851a1d" relativeResultsDirectory="051e9809-30b0-4dc3-bd29-581ad100c6f5" />
    <UnitTestResult executionId="292da839-24ae-42cd-925b-607417afca06" testId="1fc88549-562c-1205-5e46-b389defdb579" testName="ValidateItem_PerformsModelValidation" computerName="DKSR-EFI-06" duration="00:00:00.0144435" startTime="2024-01-09T15:42:34.0133620+01:00" endTime="2024-01-09T15:42:34.0289884+01:00" testType="13cdc9d9-ddb5-4fa4-a97d-d965ccfc6d4b" outcome="Passed" testListId="8c84fa94-04c1-424b-9868-57a2d4851a1d" relativeResultsDirectory="292da839-24ae-42cd-925b-607417afca06" />
    <UnitTestResult executionId="002d9c5c-226c-49de-9ce6-9a0d247a2a84" testId="ace68e13-6cae-ee2c-030b-82989f51053c" testName="NamespaceGuidEmptyTest" computerName="DKSR-EFI-06" duration="00:00:00.0005034" startTime="2024-01-09T15:42:18.7008353+01:00" endTime="2024-01-09T15:42:18.7008353+01:00" testType="13cdc9d9-ddb5-4fa4-a97d-d965ccfc6d4b" outcome="Passed" testListId="8c84fa94-04c1-424b-9868-57a2d4851a1d" relativeResultsDirectory="002d9c5c-226c-49de-9ce6-9a0d247a2a84" />
    <UnitTestResult executionId="6f116ddc-58e1-4e61-a250-1f725e64bef3" testId="871876d6-5e58-981d-79d9-55c3c7a26860" testName="RequestContext_Format_InvalidTests" computerName="DKSR-EFI-06" duration="00:00:00.0008165" startTime="2024-01-09T15:42:28.8258410+01:00" endTime="2024-01-09T15:42:28.8258410+01:00" testType="13cdc9d9-ddb5-4fa4-a97d-d965ccfc6d4b" outcome="Passed" testListId="8c84fa94-04c1-424b-9868-57a2d4851a1d" relativeResultsDirectory="6f116ddc-58e1-4e61-a250-1f725e64bef3" />
    <UnitTestResult executionId="e3c0be5d-d114-4f3e-97ca-5dd0bb512051" testId="1765e735-2c52-39db-3cfe-f69d76b50d0e" testName="SendCommandSecurityVisitor_ServerFileSystemOperationCommand_QueryRecorderDrives_NotAllowed" computerName="DKSR-EFI-06" duration="00:00:00.0011269" startTime="2024-01-09T15:42:22.5914635+01:00" endTime="2024-01-09T15:42:22.5914635+01:00" testType="13cdc9d9-ddb5-4fa4-a97d-d965ccfc6d4b" outcome="Passed" testListId="8c84fa94-04c1-424b-9868-57a2d4851a1d" relativeResultsDirectory="e3c0be5d-d114-4f3e-97ca-5dd0bb512051" />
    <UnitTestResult executionId="31124cd1-6960-4bce-b883-d91dda50d324" testId="10248e9f-b4c8-42c5-d2d3-5adcd11ba262" testName="GetCurrentProperties_WhenTimeBetweenIsSet_ReturnsProperties" computerName="DKSR-EFI-06" duration="00:00:00.0005737" startTime="2024-01-09T15:42:34.8102416+01:00" endTime="2024-01-09T15:42:34.8102416+01:00" testType="13cdc9d9-ddb5-4fa4-a97d-d965ccfc6d4b" outcome="Passed" testListId="8c84fa94-04c1-424b-9868-57a2d4851a1d" relativeResultsDirectory="31124cd1-6960-4bce-b883-d91dda50d324" />
    <UnitTestResult executionId="1d5cd627-19a9-4367-ad21-f90ba8c89663" testId="d8969a79-16d9-364b-1ac2-c5a682d70d8d" testName="SendCommandSecurityVisitor_UpdateConfigurationManagerCommand_Speaker_Edit_Allowed" computerName="DKSR-EFI-06" duration="00:00:00.0209021" startTime="2024-01-09T15:42:23.7008412+01:00" endTime="2024-01-09T15:42:23.7320895+01:00" testType="13cdc9d9-ddb5-4fa4-a97d-d965ccfc6d4b" outcome="Passed" testListId="8c84fa94-04c1-424b-9868-57a2d4851a1d" relativeResultsDirectory="1d5cd627-19a9-4367-ad21-f90ba8c89663" />
    <UnitTestResult executionId="c3e57333-6b5d-416d-8525-73c4274739e8" testId="c6d7df09-9473-fc40-5de2-063a487d76db" testName="Invoke_AddTag_SunnyDay" computerName="DKSR-EFI-06" duration="00:00:00.0097016" startTime="2024-01-09T15:42:39.6227650+01:00" endTime="2024-01-09T15:42:39.6383878+01:00" testType="13cdc9d9-ddb5-4fa4-a97d-d965ccfc6d4b" outcome="Passed" testListId="8c84fa94-04c1-424b-9868-57a2d4851a1d" relativeResultsDirectory="c3e57333-6b5d-416d-8525-73c4274739e8" />
    <UnitTestResult executionId="b9aab337-2d1a-4fa8-81a2-f0b560017b57" testId="4d4780b8-b3cb-3369-8476-89de1e7eb83b" testName="Build_WhenStopRuleTypeIsRecurringTime_NoPropertiesAreSet" computerName="DKSR-EFI-06" duration="00:00:00.0024982" startTime="2024-01-09T15:42:36.2008728+01:00" endTime="2024-01-09T15:42:36.2008728+01:00" testType="13cdc9d9-ddb5-4fa4-a97d-d965ccfc6d4b" outcome="Passed" testListId="8c84fa94-04c1-424b-9868-57a2d4851a1d" relativeResultsDirectory="b9aab337-2d1a-4fa8-81a2-f0b560017b57" />
    <UnitTestResult executionId="fa1b9fdf-de98-463b-b1dc-db349558f2e1" testId="70208b30-6e2d-a271-7e3f-d0935919214a" testName="GetAllVmsUsers_ThrowException_ThrowsGenericIdpException" computerName="DKSR-EFI-06" duration="00:00:00.0017810" startTime="2024-01-09T15:42:33.2789833+01:00" endTime="2024-01-09T15:42:33.2789833+01:00" testType="13cdc9d9-ddb5-4fa4-a97d-d965ccfc6d4b" outcome="Passed" testListId="8c84fa94-04c1-424b-9868-57a2d4851a1d" relativeResultsDirectory="fa1b9fdf-de98-463b-b1dc-db349558f2e1" />
    <UnitTestResult executionId="28929c39-31fc-4a1a-b07f-41a414827bc0" testId="e0603ee1-e4bc-1c70-a111-aea331bc1261" testName="FindClosestNode_RootInList_Test" computerName="DKSR-EFI-06" duration="00:00:00.0006939" startTime="2024-01-09T15:42:18.5602094+01:00" endTime="2024-01-09T15:42:18.5602094+01:00" testType="13cdc9d9-ddb5-4fa4-a97d-d965ccfc6d4b" outcome="Passed" testListId="8c84fa94-04c1-424b-9868-57a2d4851a1d" relativeResultsDirectory="28929c39-31fc-4a1a-b07f-41a414827bc0" />
    <UnitTestResult executionId="d9386b6e-b52c-42a1-8cdd-56d0d579c7e4" testId="11bde45e-7346-8585-526e-de94258fa9d4" testName="Validate_WhenObjectNotExists_ReturnsFalse" computerName="DKSR-EFI-06" duration="00:00:00.0025398" startTime="2024-01-09T15:42:38.4665073+01:00" endTime="2024-01-09T15:42:38.4821341+01:00" testType="13cdc9d9-ddb5-4fa4-a97d-d965ccfc6d4b" outcome="Passed" testListId="8c84fa94-04c1-424b-9868-57a2d4851a1d" relativeResultsDirectory="d9386b6e-b52c-42a1-8cdd-56d0d579c7e4" />
    <UnitTestResult executionId="dde5abb4-d407-4a7c-a948-95d6f2bde73f" testId="0b31bd4f-cb44-1095-5408-3cd7dc366d91" testName="LookupChildItemTypes_DoesCorrectPassThrough" computerName="DKSR-EFI-06" duration="00:00:00.0046201" startTime="2024-01-09T15:42:28.9039655+01:00" endTime="2024-01-09T15:42:28.9195897+01:00" testType="13cdc9d9-ddb5-4fa4-a97d-d965ccfc6d4b" outcome="Passed" testListId="8c84fa94-04c1-424b-9868-57a2d4851a1d" relativeResultsDirectory="dde5abb4-d407-4a7c-a948-95d6f2bde73f" />
    <UnitTestResult executionId="4a4a6602-4b19-4129-8158-461576158359" testId="00bb5d1d-44ba-be43-c90e-79050acff94b" testName="Build_AlwaysConditionIsSet_AlwaysPropertyAdded" computerName="DKSR-EFI-06" duration="00:00:00.0033847" startTime="2024-01-09T15:42:36.1227491+01:00" endTime="2024-01-09T15:42:36.1383722+01:00" testType="13cdc9d9-ddb5-4fa4-a97d-d965ccfc6d4b" outcome="Passed" testListId="8c84fa94-04c1-424b-9868-57a2d4851a1d" relativeResultsDirectory="4a4a6602-4b19-4129-8158-461576158359" />
    <UnitTestResult executionId="8a54a786-68f7-4e8c-bc6b-fb90ebec4c4a" testId="268df2fe-6ffe-466f-d9ed-7884cad25b67" testName="GetItem_ParamNullCheck_RequestContextTest" computerName="DKSR-EFI-06" duration="00:00:00.0047452" startTime="2024-01-09T15:42:40.7946434+01:00" endTime="2024-01-09T15:42:40.8102721+01:00" testType="13cdc9d9-ddb5-4fa4-a97d-d965ccfc6d4b" outcome="Passed" testListId="8c84fa94-04c1-424b-9868-57a2d4851a1d" relativeResultsDirectory="8a54a786-68f7-4e8c-bc6b-fb90ebec4c4a">
      <Output>
        <StdOut>Debug Trace:&#xD;
Fail: Argument null</StdOut>
      </Output>
    </UnitTestResult>
    <UnitTestResult executionId="d59cfaa0-7e8f-4133-b5fd-b3d5d4ada50f" testId="073bf3ba-4076-b721-ed38-33d31a1f68fa" testName="DriverSettingsBusiness_PrepareAndValidateSettings_SettingReadOnlyException" computerName="DKSR-EFI-06" duration="00:00:00.0118668" startTime="2024-01-09T15:42:32.7321020+01:00" endTime="2024-01-09T15:42:32.7321020+01:00" testType="13cdc9d9-ddb5-4fa4-a97d-d965ccfc6d4b" outcome="Passed" testListId="8c84fa94-04c1-424b-9868-57a2d4851a1d" relativeResultsDirectory="d59cfaa0-7e8f-4133-b5fd-b3d5d4ada50f" />
    <UnitTestResult executionId="1ef74f17-312a-4b71-bfbf-085edc374d45" testId="f8ede5be-5ef9-92ed-a090-733a0d31a60b" testName="Pagination_ReturnsAllItems_WhenPageSizeIsZero" computerName="DKSR-EFI-06" duration="00:00:00.0018399" startTime="2024-01-09T15:42:29.0758428+01:00" endTime="2024-01-09T15:42:29.0758428+01:00" testType="13cdc9d9-ddb5-4fa4-a97d-d965ccfc6d4b" outcome="Passed" testListId="8c84fa94-04c1-424b-9868-57a2d4851a1d" relativeResultsDirectory="1ef74f17-312a-4b71-bfbf-085edc374d45" />
    <UnitTestResult executionId="41149a08-91b9-43f0-b8d2-e44d3387ba25" testId="997b9825-864d-1485-7b1c-d9e7c4f6c7b8" testName="ConfigurationItemPath_CreateSystemFolderPath_Succes" computerName="DKSR-EFI-06" duration="00:00:00.0003970" startTime="2024-01-09T15:42:33.4508544+01:00" endTime="2024-01-09T15:42:33.4508544+01:00" testType="13cdc9d9-ddb5-4fa4-a97d-d965ccfc6d4b" outcome="Passed" testListId="8c84fa94-04c1-424b-9868-57a2d4851a1d" relativeResultsDirectory="41149a08-91b9-43f0-b8d2-e44d3387ba25" />
    <UnitTestResult executionId="8f5c6796-33a2-480e-9db4-bb53107bd225" testId="2d398cf9-ccbe-1b34-6d37-a11379a9a0f7" testName="GetNexProperties_WhenRuleTypeIsEvent_EventGroupNotPresent_ReturnsEventGroupProperty" computerName="DKSR-EFI-06" duration="00:00:00.0015162" startTime="2024-01-09T15:42:35.5914949+01:00" endTime="2024-01-09T15:42:35.5914949+01:00" testType="13cdc9d9-ddb5-4fa4-a97d-d965ccfc6d4b" outcome="Passed" testListId="8c84fa94-04c1-424b-9868-57a2d4851a1d" relativeResultsDirectory="8f5c6796-33a2-480e-9db4-bb53107bd225" />
    <UnitTestResult executionId="463130c2-312c-45bc-83c9-d5f1f97e0c22" testId="56ead1a0-555e-6089-dafd-3fbb513005e0" testName="Validate_WhenRuleTypeIsNotEvent_NoError" computerName="DKSR-EFI-06" duration="00:00:00.0008958" startTime="2024-01-09T15:42:36.8883759+01:00" endTime="2024-01-09T15:42:36.8883759+01:00" testType="13cdc9d9-ddb5-4fa4-a97d-d965ccfc6d4b" outcome="Passed" testListId="8c84fa94-04c1-424b-9868-57a2d4851a1d" relativeResultsDirectory="463130c2-312c-45bc-83c9-d5f1f97e0c22" />
    <UnitTestResult executionId="1811153e-5f5e-4e58-99a4-4e0969ee3fb0" testId="84eecc2e-da35-0b6e-368d-92449891b106" testName="Validate_WhenExpectedTypeIsNull_ReturnFalse" computerName="DKSR-EFI-06" duration="00:00:00.0023784" startTime="2024-01-09T15:42:37.8727564+01:00" endTime="2024-01-09T15:42:37.8727564+01:00" testType="13cdc9d9-ddb5-4fa4-a97d-d965ccfc6d4b" outcome="Passed" testListId="8c84fa94-04c1-424b-9868-57a2d4851a1d" relativeResultsDirectory="1811153e-5f5e-4e58-99a4-4e0969ee3fb0" />
    <UnitTestResult executionId="1ae5549f-496f-484d-9b8e-e9ccbcde1590" testId="6bb89727-6ce5-c1bf-cc1f-f777f0ded440" testName="StringTo2DimensionalArray_SplitsAndUnescapes" computerName="DKSR-EFI-06" duration="00:00:00.0046093" startTime="2024-01-09T15:42:33.8258621+01:00" endTime="2024-01-09T15:42:33.8258621+01:00" testType="13cdc9d9-ddb5-4fa4-a97d-d965ccfc6d4b" outcome="Passed" testListId="8c84fa94-04c1-424b-9868-57a2d4851a1d" relativeResultsDirectory="1ae5549f-496f-484d-9b8e-e9ccbcde1590" />
    <UnitTestResult executionId="7add20db-7741-4bda-9ac6-5f1a8f6d9be7" testId="ae1938d6-a1c3-37e0-eeb0-7ba6a091df1c" testName="GetChildItems_ParamNullCheck_RequestContextTest" computerName="DKSR-EFI-06" duration="00:00:00.0041780" startTime="2024-01-09T15:42:41.4196468+01:00" endTime="2024-01-09T15:42:41.4196468+01:00" testType="13cdc9d9-ddb5-4fa4-a97d-d965ccfc6d4b" outcome="Passed" testListId="8c84fa94-04c1-424b-9868-57a2d4851a1d" relativeResultsDirectory="7add20db-7741-4bda-9ac6-5f1a8f6d9be7" />
    <UnitTestResult executionId="bdbaf565-da51-472b-aad9-457e3fd77af9" testId="420f6908-a259-342c-9868-3ec93bf40e6a" testName="ErrorHelper_CreateValidateResult_PropertiesNull_ArgumentNullException" computerName="DKSR-EFI-06" duration="00:00:00.0008897" startTime="2024-01-09T15:42:33.5602335+01:00" endTime="2024-01-09T15:42:33.5602335+01:00" testType="13cdc9d9-ddb5-4fa4-a97d-d965ccfc6d4b" outcome="Passed" testListId="8c84fa94-04c1-424b-9868-57a2d4851a1d" relativeResultsDirectory="bdbaf565-da51-472b-aad9-457e3fd77af9">
      <Output>
        <StdOut>Debug Trace:&#xD;
Fail: Argument is null</StdOut>
      </Output>
    </UnitTestResult>
    <UnitTestResult executionId="e699eecc-e304-46a3-a57b-a7554b3b2701" testId="e324b9f7-07aa-0586-ba34-2b1db04ba452" testName="Build_WhenSetRecordingFramerateActions_ReturnsProperties" computerName="DKSR-EFI-06" duration="00:00:00.0103100" startTime="2024-01-09T15:42:35.7477457+01:00" endTime="2024-01-09T15:42:35.7633692+01:00" testType="13cdc9d9-ddb5-4fa4-a97d-d965ccfc6d4b" outcome="Passed" testListId="8c84fa94-04c1-424b-9868-57a2d4851a1d" relativeResultsDirectory="e699eecc-e304-46a3-a57b-a7554b3b2701" />
    <UnitTestResult executionId="b3195ca7-8436-465a-b939-3eb0759ee151" testId="49511e75-eb08-989b-050c-ed4ace6682a2" testName="TimeProfile_WhenNoValuesInParameter_Error" computerName="DKSR-EFI-06" duration="00:00:00.0003185" startTime="2024-01-09T15:42:36.8414985+01:00" endTime="2024-01-09T15:42:36.8414985+01:00" testType="13cdc9d9-ddb5-4fa4-a97d-d965ccfc6d4b" outcome="Passed" testListId="8c84fa94-04c1-424b-9868-57a2d4851a1d" relativeResultsDirectory="b3195ca7-8436-465a-b939-3eb0759ee151" />
    <UnitTestResult executionId="e72df73d-f183-4ca7-9dc1-7c4c014c1502" testId="d5b349e6-29ae-c514-bd51-307e75bf46a7" testName="ConstructSqlSelect_SunnyDay_Contains_PercentEscaped" computerName="DKSR-EFI-06" duration="00:00:00.0003528" startTime="2024-01-09T15:42:33.7008563+01:00" endTime="2024-01-09T15:42:33.7008563+01:00" testType="13cdc9d9-ddb5-4fa4-a97d-d965ccfc6d4b" outcome="Passed" testListId="8c84fa94-04c1-424b-9868-57a2d4851a1d" relativeResultsDirectory="e72df73d-f183-4ca7-9dc1-7c4c014c1502" />
    <UnitTestResult executionId="aa90138e-f3eb-498e-b16c-b0b36868eff3" testId="ed4b8a1e-f169-e44d-ce09-061fa07c9f6c" testName="Patch_UnknownResource_ExceptionNotCaught" computerName="DKSR-EFI-06" duration="00:00:00.0075969" startTime="2024-01-09T15:42:27.9508424+01:00" endTime="2024-01-09T15:42:27.9508424+01:00" testType="13cdc9d9-ddb5-4fa4-a97d-d965ccfc6d4b" outcome="Passed" testListId="8c84fa94-04c1-424b-9868-57a2d4851a1d" relativeResultsDirectory="aa90138e-f3eb-498e-b16c-b0b36868eff3" />
    <UnitTestResult executionId="f1767529-8b72-4d50-8623-0bbf9311edea" testId="65f5205b-aa2a-31f4-4f08-282212fe54c3" testName="InvokeMethod_RemoveSearchTemplateInvokeInfo" computerName="DKSR-EFI-06" duration="00:00:00.0066000" startTime="2024-01-09T15:42:41.0290207+01:00" endTime="2024-01-09T15:42:41.0290207+01:00" testType="13cdc9d9-ddb5-4fa4-a97d-d965ccfc6d4b" outcome="Passed" testListId="8c84fa94-04c1-424b-9868-57a2d4851a1d" relativeResultsDirectory="f1767529-8b72-4d50-8623-0bbf9311edea" />
    <UnitTestResult executionId="aaaa4c15-09c2-41bf-8948-f7d8caa7223e" testId="caf3059c-e65e-74b4-43ca-356088836a5c" testName="SetItem_ParamNullCheck_ConfigurationItemTest" computerName="DKSR-EFI-06" duration="00:00:00.0006772" startTime="2024-01-09T15:42:41.4508958+01:00" endTime="2024-01-09T15:42:41.4508958+01:00" testType="13cdc9d9-ddb5-4fa4-a97d-d965ccfc6d4b" outcome="Passed" testListId="8c84fa94-04c1-424b-9868-57a2d4851a1d" relativeResultsDirectory="aaaa4c15-09c2-41bf-8948-f7d8caa7223e" />
    <UnitTestResult executionId="0b85e9e0-b50a-48e1-9bd6-73df172197d6" testId="d8119f9d-8e7d-61bc-20f7-8938e5518214" testName="Build_DeviceChangeSettings_WhenParametersAreSet_ReturnsActionModel" computerName="DKSR-EFI-06" duration="00:00:00.0010860" startTime="2024-01-09T15:42:36.4977481+01:00" endTime="2024-01-09T15:42:36.4977481+01:00" testType="13cdc9d9-ddb5-4fa4-a97d-d965ccfc6d4b" outcome="Passed" testListId="8c84fa94-04c1-424b-9868-57a2d4851a1d" relativeResultsDirectory="0b85e9e0-b50a-48e1-9bd6-73df172197d6" />
    <UnitTestResult executionId="b22ebba3-79a6-46a6-878d-4a2f39a368a7" testId="bf8a3836-3626-822f-4b37-d76debddf9e0" testName="Validation_MotionDetectionMethod_Is_Null_allowNull_Success" computerName="DKSR-EFI-06" duration="00:00:00.0001204" startTime="2024-01-09T15:42:26.1852175+01:00" endTime="2024-01-09T15:42:26.1852175+01:00" testType="13cdc9d9-ddb5-4fa4-a97d-d965ccfc6d4b" outcome="Passed" testListId="8c84fa94-04c1-424b-9868-57a2d4851a1d" relativeResultsDirectory="b22ebba3-79a6-46a6-878d-4a2f39a368a7" />
    <UnitTestResult executionId="10a2eb8e-71b6-4f56-b6a6-9a4e186be968" testId="d8c5e0dc-f975-e50d-5dc8-113bf986e93a" testName="InvokeMethod_InvokesFromProvider" computerName="DKSR-EFI-06" duration="00:00:00.0144572" startTime="2024-01-09T15:42:33.9977357+01:00" endTime="2024-01-09T15:42:34.0133620+01:00" testType="13cdc9d9-ddb5-4fa4-a97d-d965ccfc6d4b" outcome="Passed" testListId="8c84fa94-04c1-424b-9868-57a2d4851a1d" relativeResultsDirectory="10a2eb8e-71b6-4f56-b6a6-9a4e186be968" />
    <UnitTestResult executionId="dd15681b-29ed-44f2-83bc-baaec9865b1a" testId="279606cc-5dae-26db-9498-b7870d23364b" testName="GetItemType_WhenObjectExists_ReturnsCorrectItemType" computerName="DKSR-EFI-06" duration="00:00:00.0027767" startTime="2024-01-09T15:42:37.8883796+01:00" endTime="2024-01-09T15:42:37.9040065+01:00" testType="13cdc9d9-ddb5-4fa4-a97d-d965ccfc6d4b" outcome="Passed" testListId="8c84fa94-04c1-424b-9868-57a2d4851a1d" relativeResultsDirectory="dd15681b-29ed-44f2-83bc-baaec9865b1a" />
    <UnitTestResult executionId="c6c19a96-3940-4aea-8214-781e58983ee8" testId="bd277906-1b70-3f99-693f-8da17088ec3a" testName="ValidateItem_Properties_NullPropertiesTest" computerName="DKSR-EFI-06" duration="00:00:00.0024123" startTime="2024-01-09T15:42:41.6383951+01:00" endTime="2024-01-09T15:42:41.6383951+01:00" testType="13cdc9d9-ddb5-4fa4-a97d-d965ccfc6d4b" outcome="Passed" testListId="8c84fa94-04c1-424b-9868-57a2d4851a1d" relativeResultsDirectory="c6c19a96-3940-4aea-8214-781e58983ee8">
      <Output>
        <StdOut>Debug Trace:&#xD;
Fail: Argument is null</StdOut>
      </Output>
    </UnitTestResult>
    <UnitTestResult executionId="4fc711ff-e483-4a82-8fa2-a4225ec3583d" testId="5a02add1-8d31-371a-7b7b-3c890fce962a" testName="Validate_WhenObjectExists_ReturnsTrue" computerName="DKSR-EFI-06" duration="00:00:00.0036954" startTime="2024-01-09T15:42:38.4821341+01:00" endTime="2024-01-09T15:42:38.4821341+01:00" testType="13cdc9d9-ddb5-4fa4-a97d-d965ccfc6d4b" outcome="Passed" testListId="8c84fa94-04c1-424b-9868-57a2d4851a1d" relativeResultsDirectory="4fc711ff-e483-4a82-8fa2-a4225ec3583d" />
    <UnitTestResult executionId="57ca500d-7656-4d74-bdaf-23a2e30dbd6d" testId="25388f00-c64c-11eb-23ae-6f442b26bebc" testName="Validate_WhenWeekly_FrequencyIsNegative_ReturnsError" computerName="DKSR-EFI-06" duration="00:00:00.0004315" startTime="2024-01-09T15:42:37.0289991+01:00" endTime="2024-01-09T15:42:37.0446248+01:00" testType="13cdc9d9-ddb5-4fa4-a97d-d965ccfc6d4b" outcome="Passed" testListId="8c84fa94-04c1-424b-9868-57a2d4851a1d" relativeResultsDirectory="57ca500d-7656-4d74-bdaf-23a2e30dbd6d" />
    <UnitTestResult executionId="5cf23437-fcfa-40f1-825b-8a0aed29d17a" testId="fbff2929-5f62-d22c-ef31-317f45cb69d8" testName="GetNextProperties_WhenOutsideTimeProfileAndTimeProfilePropertyIsSet_ReturnsProperties" computerName="DKSR-EFI-06" duration="00:00:00.0005277" startTime="2024-01-09T15:42:34.8727416+01:00" endTime="2024-01-09T15:42:34.8727416+01:00" testType="13cdc9d9-ddb5-4fa4-a97d-d965ccfc6d4b" outcome="Passed" testListId="8c84fa94-04c1-424b-9868-57a2d4851a1d" relativeResultsDirectory="5cf23437-fcfa-40f1-825b-8a0aed29d17a" />
    <UnitTestResult executionId="2c32c93a-7a7a-4391-a990-95ca450b4cd4" testId="d0b2304e-f546-20e2-91f8-f1686494292c" testName="ConfigurationItemPath_Create_InvalidPath_ArgumentException (Data Row 6)" computerName="DKSR-EFI-06" duration="00:00:00.0002698" startTime="2024-01-09T15:42:33.4352289+01:00" endTime="2024-01-09T15:42:33.4352289+01:00" testType="13cdc9d9-ddb5-4fa4-a97d-d965ccfc6d4b" outcome="Passed" testListId="8c84fa94-04c1-424b-9868-57a2d4851a1d" relativeResultsDirectory="2c32c93a-7a7a-4391-a990-95ca450b4cd4" />
    <UnitTestResult executionId="35338a28-7bf1-4315-9ab4-b7ccaf79c185" testId="74c8a4d3-b435-cd40-11ce-0fcdaf28f5d3" testName="Validate_WhenSubdayTypeRecurring_SubdayStartTimeIsExactly24Hours_ReturnsError" computerName="DKSR-EFI-06" duration="00:00:00.0004441" startTime="2024-01-09T15:42:36.9977532+01:00" endTime="2024-01-09T15:42:36.9977532+01:00" testType="13cdc9d9-ddb5-4fa4-a97d-d965ccfc6d4b" outcome="Passed" testListId="8c84fa94-04c1-424b-9868-57a2d4851a1d" relativeResultsDirectory="35338a28-7bf1-4315-9ab4-b7ccaf79c185" />
    <UnitTestResult executionId="5b24516d-e87e-4e6b-94c6-d88fd5fe9f06" testId="bf8e1e53-609f-5f3d-327d-3a0c34d1be43" testName="ConfigurationItemPath_CreateSystemPath_Succes" computerName="DKSR-EFI-06" duration="00:00:00.0003112" startTime="2024-01-09T15:42:33.4508544+01:00" endTime="2024-01-09T15:42:33.4508544+01:00" testType="13cdc9d9-ddb5-4fa4-a97d-d965ccfc6d4b" outcome="Passed" testListId="8c84fa94-04c1-424b-9868-57a2d4851a1d" relativeResultsDirectory="5b24516d-e87e-4e6b-94c6-d88fd5fe9f06" />
    <UnitTestResult executionId="d484a6bf-2acc-4ffb-872b-0882adb86353" testId="1bbf7e97-08ff-45b7-1c41-6c1fc3bbf2ff" testName="SetItem_InvalidParentPathTest" computerName="DKSR-EFI-06" duration="00:00:00.0006311" startTime="2024-01-09T15:42:41.4665200+01:00" endTime="2024-01-09T15:42:41.4665200+01:00" testType="13cdc9d9-ddb5-4fa4-a97d-d965ccfc6d4b" outcome="Passed" testListId="8c84fa94-04c1-424b-9868-57a2d4851a1d" relativeResultsDirectory="d484a6bf-2acc-4ffb-872b-0882adb86353" />
    <UnitTestResult executionId="cc276863-48e8-4a56-ba0e-aa757100ad35" testId="a62ecaf6-8596-534a-a91c-a4551f508f0a" testName="Validation_GridRegion_String_Longer_ArgumentException_Expected" computerName="DKSR-EFI-06" duration="00:00:00.0005397" startTime="2024-01-09T15:42:26.2164647+01:00" endTime="2024-01-09T15:42:26.2164647+01:00" testType="13cdc9d9-ddb5-4fa4-a97d-d965ccfc6d4b" outcome="Passed" testListId="8c84fa94-04c1-424b-9868-57a2d4851a1d" relativeResultsDirectory="cc276863-48e8-4a56-ba0e-aa757100ad35" />
    <UnitTestResult executionId="a9940b9b-23f4-4921-9319-f2265dde3a88" testId="150da51a-61cc-8977-434a-f3fb153743d3" testName="ConfigurationItemPath_CreateSystemFolderPath_Null_ArgumentNullException" computerName="DKSR-EFI-06" duration="00:00:00.0019074" startTime="2024-01-09T15:42:33.4508544+01:00" endTime="2024-01-09T15:42:33.4508544+01:00" testType="13cdc9d9-ddb5-4fa4-a97d-d965ccfc6d4b" outcome="Passed" testListId="8c84fa94-04c1-424b-9868-57a2d4851a1d" relativeResultsDirectory="a9940b9b-23f4-4921-9319-f2265dde3a88">
      <Output>
        <StdOut>Debug Trace:&#xD;
Fail: Argument null</StdOut>
      </Output>
    </UnitTestResult>
    <UnitTestResult executionId="1804b9a8-eb78-4c17-814d-0b8268a04003" testId="3f277363-3dca-be48-3985-aa429d1eef5f" testName="RoleMappingRemoveFromRole2" computerName="DKSR-EFI-06" duration="00:00:00.0005812" startTime="2024-01-09T15:42:19.0133376+01:00" endTime="2024-01-09T15:42:19.0133376+01:00" testType="13cdc9d9-ddb5-4fa4-a97d-d965ccfc6d4b" outcome="Passed" testListId="8c84fa94-04c1-424b-9868-57a2d4851a1d" relativeResultsDirectory="1804b9a8-eb78-4c17-814d-0b8268a04003" />
    <UnitTestResult executionId="499f440c-1acf-4edf-bdfb-274bc71346bd" testId="91c2f5a3-d5a6-df0d-3f16-87a7ff4f770d" testName="Validate_WhenRequiredValueButEmptyOrNullArrayProvided_Error" computerName="DKSR-EFI-06" duration="00:00:00.0013027" startTime="2024-01-09T15:42:37.2009469+01:00" endTime="2024-01-09T15:42:37.2165020+01:00" testType="13cdc9d9-ddb5-4fa4-a97d-d965ccfc6d4b" outcome="Passed" testListId="8c84fa94-04c1-424b-9868-57a2d4851a1d" relativeResultsDirectory="499f440c-1acf-4edf-bdfb-274bc71346bd" />
    <UnitTestResult executionId="6e158de3-b94c-4022-b9df-b4f355b81201" testId="27227243-c784-f22b-71a2-d8e8342362a1" testName="InvokeMethod_UpdateSearchTemplateCreateInfo" computerName="DKSR-EFI-06" duration="00:00:00.0023390" startTime="2024-01-09T15:42:40.9821447+01:00" endTime="2024-01-09T15:42:40.9821447+01:00" testType="13cdc9d9-ddb5-4fa4-a97d-d965ccfc6d4b" outcome="Passed" testListId="8c84fa94-04c1-424b-9868-57a2d4851a1d" relativeResultsDirectory="6e158de3-b94c-4022-b9df-b4f355b81201" />
    <UnitTestResult executionId="40e41409-3a38-4bd8-b2d1-7a48c3a0f172" testId="e1e62c35-caba-287f-d9f2-b4d07ddcb251" testName="IsComplete_WhenRuleTypeIsEvent_NotAllEventRuleTypePropertiesSet_ReturnsFalse" computerName="DKSR-EFI-06" duration="00:00:00.0014391" startTime="2024-01-09T15:42:35.5133694+01:00" endTime="2024-01-09T15:42:35.5133694+01:00" testType="13cdc9d9-ddb5-4fa4-a97d-d965ccfc6d4b" outcome="Passed" testListId="8c84fa94-04c1-424b-9868-57a2d4851a1d" relativeResultsDirectory="40e41409-3a38-4bd8-b2d1-7a48c3a0f172" />
    <UnitTestResult executionId="26b26324-1271-4a8f-9f05-9d837af9ee4b" testId="7fcc05a6-066f-ee90-b4a6-b5d8243f423b" testName="TaskStorageSecurityProvider_ValidatePermissions" computerName="DKSR-EFI-06" duration="00:00:00.0010755" startTime="2024-01-09T15:42:32.9196002+01:00" endTime="2024-01-09T15:42:32.9196002+01:00" testType="13cdc9d9-ddb5-4fa4-a97d-d965ccfc6d4b" outcome="Passed" testListId="8c84fa94-04c1-424b-9868-57a2d4851a1d" relativeResultsDirectory="26b26324-1271-4a8f-9f05-9d837af9ee4b" />
    <UnitTestResult executionId="60fd33d4-43b3-4dfa-b441-cf148cb15115" testId="e422a07a-0c84-e002-b5b4-959e138767d9" testName="Build_DaysOfWeek_WhenTrue_ParameterPresent_ConditionIsAdded" computerName="DKSR-EFI-06" duration="00:00:00.0012805" startTime="2024-01-09T15:42:36.6696254+01:00" endTime="2024-01-09T15:42:36.6696254+01:00" testType="13cdc9d9-ddb5-4fa4-a97d-d965ccfc6d4b" outcome="Passed" testListId="8c84fa94-04c1-424b-9868-57a2d4851a1d" relativeResultsDirectory="60fd33d4-43b3-4dfa-b441-cf148cb15115" />
    <UnitTestResult executionId="8382786d-b4d9-45ab-ac38-ea934de326a8" testId="ea3fdae2-816d-aa64-a5c4-fa2ee9346721" testName="GetNextProperties_WhenRuleTypeIsEvent_EventGroupNotSet_ReturnsEventGroupProperty" computerName="DKSR-EFI-06" duration="00:00:00.0022005" startTime="2024-01-09T15:42:35.2321165+01:00" endTime="2024-01-09T15:42:35.2321165+01:00" testType="13cdc9d9-ddb5-4fa4-a97d-d965ccfc6d4b" outcome="Passed" testListId="8c84fa94-04c1-424b-9868-57a2d4851a1d" relativeResultsDirectory="8382786d-b4d9-45ab-ac38-ea934de326a8" />
    <UnitTestResult executionId="0d0161c1-ef32-488a-aa6a-636a4ca5f100" testId="69ee91c0-a028-64f5-b108-7431200e925c" testName="GetNextProperties_WhenRecurring_LastPropertyKeyIsStartRuleType_ReturnsFrequencyTypeProperty" computerName="DKSR-EFI-06" duration="00:00:00.0029249" startTime="2024-01-09T15:42:35.0602413+01:00" endTime="2024-01-09T15:42:35.0602413+01:00" testType="13cdc9d9-ddb5-4fa4-a97d-d965ccfc6d4b" outcome="Passed" testListId="8c84fa94-04c1-424b-9868-57a2d4851a1d" relativeResultsDirectory="0d0161c1-ef32-488a-aa6a-636a4ca5f100" />
    <UnitTestResult executionId="5bb86d2c-a7a8-40af-bdfc-40f130c27dbe" testId="79b08624-e533-11d8-a362-c981a1403b63" testName="Validate_WhenExpectedTypeIsNull_ReturnFalse" computerName="DKSR-EFI-06" duration="00:00:00.0029496" startTime="2024-01-09T15:42:38.0133951+01:00" endTime="2024-01-09T15:42:38.0133951+01:00" testType="13cdc9d9-ddb5-4fa4-a97d-d965ccfc6d4b" outcome="Passed" testListId="8c84fa94-04c1-424b-9868-57a2d4851a1d" relativeResultsDirectory="5bb86d2c-a7a8-40af-bdfc-40f130c27dbe" />
    <UnitTestResult executionId="0c88bf6f-1551-4ce8-b944-213d5333fe43" testId="d226e9c5-df51-2709-b536-406158f618e2" testName="ServerProxyService_GetConfigurationDataSetTables_DeviceLinks_MicrophoneNotAllowed_RowRemoved" computerName="DKSR-EFI-06" duration="00:00:00.0194532" startTime="2024-01-09T15:42:25.5289645+01:00" endTime="2024-01-09T15:42:25.5445903+01:00" testType="13cdc9d9-ddb5-4fa4-a97d-d965ccfc6d4b" outcome="Passed" testListId="8c84fa94-04c1-424b-9868-57a2d4851a1d" relativeResultsDirectory="0c88bf6f-1551-4ce8-b944-213d5333fe43" />
    <UnitTestResult executionId="f09992d3-2a11-4c65-8a7d-9deeb10bc5c8" testId="502927ce-3da8-a2dc-26ef-c0305bcf5b58" testName="TimeProfile_WhenGuidIsExisting_NoErrors" computerName="DKSR-EFI-06" duration="00:00:00.0031581" startTime="2024-01-09T15:42:36.8258742+01:00" endTime="2024-01-09T15:42:36.8258742+01:00" testType="13cdc9d9-ddb5-4fa4-a97d-d965ccfc6d4b" outcome="Passed" testListId="8c84fa94-04c1-424b-9868-57a2d4851a1d" relativeResultsDirectory="f09992d3-2a11-4c65-8a7d-9deeb10bc5c8" />
    <UnitTestResult executionId="265a840d-342c-44e5-b578-38f4a25ac872" testId="e95258c4-4431-5a75-397b-53e1d01a0157" testName="Build_TimeBetween_WhenFalse_ParametersNotPresent_ConditionNotAdded" computerName="DKSR-EFI-06" duration="00:00:00.0002090" startTime="2024-01-09T15:42:36.6383744+01:00" endTime="2024-01-09T15:42:36.6383744+01:00" testType="13cdc9d9-ddb5-4fa4-a97d-d965ccfc6d4b" outcome="Passed" testListId="8c84fa94-04c1-424b-9868-57a2d4851a1d" relativeResultsDirectory="265a840d-342c-44e5-b578-38f4a25ac872" />
    <UnitTestResult executionId="96558cf6-8110-4f37-a86b-d059eeec1d85" testId="91a34cae-cf4b-4de2-0447-3a678d0cc5d1" testName="DeleteSearchTemplate_Public_Allowed" computerName="DKSR-EFI-06" duration="00:00:00.0115433" startTime="2024-01-09T15:42:43.8415278+01:00" endTime="2024-01-09T15:42:43.8415278+01:00" testType="13cdc9d9-ddb5-4fa4-a97d-d965ccfc6d4b" outcome="Passed" testListId="8c84fa94-04c1-424b-9868-57a2d4851a1d" relativeResultsDirectory="96558cf6-8110-4f37-a86b-d059eeec1d85" />
    <UnitTestResult executionId="3be5172b-3ff7-41d5-9bde-0721b1db66b2" testId="7f750978-afc4-a10a-8f5a-5735629d1ad3" testName="DeviceMotionDetection_PopulateMotionDetectionSettings" computerName="DKSR-EFI-06" duration="00:00:00.0281638" startTime="2024-01-09T15:42:42.2790249+01:00" endTime="2024-01-09T15:42:42.3102735+01:00" testType="13cdc9d9-ddb5-4fa4-a97d-d965ccfc6d4b" outcome="Passed" testListId="8c84fa94-04c1-424b-9868-57a2d4851a1d" relativeResultsDirectory="3be5172b-3ff7-41d5-9bde-0721b1db66b2" />
    <UnitTestResult executionId="eb1d03df-b350-4f93-a6da-8546c9326bf5" testId="47dbad92-7d40-7e35-b58b-8ba25f46081c" testName="Build_WhenVideoWallSetToCameras_ReturnsProperties" computerName="DKSR-EFI-06" duration="00:00:00.0204500" startTime="2024-01-09T15:42:35.8571205+01:00" endTime="2024-01-09T15:42:35.8727453+01:00" testType="13cdc9d9-ddb5-4fa4-a97d-d965ccfc6d4b" outcome="Passed" testListId="8c84fa94-04c1-424b-9868-57a2d4851a1d" relativeResultsDirectory="eb1d03df-b350-4f93-a6da-8546c9326bf5" />
    <UnitTestResult executionId="f92fbcec-f132-40f2-8fb7-ff0fbc03360d" testId="a25c28c6-39bd-e26a-4a78-dd8afe8b901c" testName="TryGetPropertyValue_WhenPropertyDoesntExistsOrValueMissing_ReturnsFalse" computerName="DKSR-EFI-06" duration="00:00:00.0003345" startTime="2024-01-09T15:42:34.1539882+01:00" endTime="2024-01-09T15:42:34.1539882+01:00" testType="13cdc9d9-ddb5-4fa4-a97d-d965ccfc6d4b" outcome="Passed" testListId="8c84fa94-04c1-424b-9868-57a2d4851a1d" relativeResultsDirectory="f92fbcec-f132-40f2-8fb7-ff0fbc03360d" />
    <UnitTestResult executionId="96b2f640-4364-49e9-b531-1c35b6be7b5a" testId="d7c6a4d5-957f-76cf-567f-a89cad52ab40" testName="Validate_WhenMonthlyFrequency_NoParameters_ReturnsError" computerName="DKSR-EFI-06" duration="00:00:00.0004902" startTime="2024-01-09T15:42:37.0758770+01:00" endTime="2024-01-09T15:42:37.0758770+01:00" testType="13cdc9d9-ddb5-4fa4-a97d-d965ccfc6d4b" outcome="Passed" testListId="8c84fa94-04c1-424b-9868-57a2d4851a1d" relativeResultsDirectory="96b2f640-4364-49e9-b531-1c35b6be7b5a" />
    <UnitTestResult executionId="6586335c-55b8-40ca-92d5-f132fd3fd035" testId="b383ffcb-3275-b5c2-19cd-d17709f18aee" testName="Validate_WhenNotAllParametersPresent_Error" computerName="DKSR-EFI-06" duration="00:00:00.0010907" startTime="2024-01-09T15:42:37.1696277+01:00" endTime="2024-01-09T15:42:37.1696277+01:00" testType="13cdc9d9-ddb5-4fa4-a97d-d965ccfc6d4b" outcome="Passed" testListId="8c84fa94-04c1-424b-9868-57a2d4851a1d" relativeResultsDirectory="6586335c-55b8-40ca-92d5-f132fd3fd035" />
    <UnitTestResult executionId="05c2cb7c-23bf-4b03-a28f-a49e0ad60365" testId="e5304998-c1d3-ab33-caf1-f1c4f22bd532" testName="InvokeMethod_ParamCheck_MethodIdNotOnConfigTest" computerName="DKSR-EFI-06" duration="00:00:00.0010693" startTime="2024-01-09T15:42:41.7633956+01:00" endTime="2024-01-09T15:42:41.7633956+01:00" testType="13cdc9d9-ddb5-4fa4-a97d-d965ccfc6d4b" outcome="Passed" testListId="8c84fa94-04c1-424b-9868-57a2d4851a1d" relativeResultsDirectory="05c2cb7c-23bf-4b03-a28f-a49e0ad60365" />
    <UnitTestResult executionId="35595664-477a-4722-8140-2ff2b1c4db31" testId="47391460-d629-0921-4559-6e194611268b" testName="IsComplete_WhenEventRule_NoConditionIsSetToTrue_ReturnsTrue" computerName="DKSR-EFI-06" duration="00:00:00.0004398" startTime="2024-01-09T15:42:34.7164889+01:00" endTime="2024-01-09T15:42:34.7164889+01:00" testType="13cdc9d9-ddb5-4fa4-a97d-d965ccfc6d4b" outcome="Passed" testListId="8c84fa94-04c1-424b-9868-57a2d4851a1d" relativeResultsDirectory="35595664-477a-4722-8140-2ff2b1c4db31" />
    <UnitTestResult executionId="e93db96d-c37a-4d28-ba1f-dcea3ebb3fca" testId="c30db823-28a2-4462-cfa1-15e53aac0c36" testName="AddBasicUserToAdministratorRole" computerName="DKSR-EFI-06" duration="00:00:00.0001368" startTime="2024-01-09T15:42:32.7477255+01:00" endTime="2024-01-09T15:42:32.7477255+01:00" testType="13cdc9d9-ddb5-4fa4-a97d-d965ccfc6d4b" outcome="Passed" testListId="8c84fa94-04c1-424b-9868-57a2d4851a1d" relativeResultsDirectory="e93db96d-c37a-4d28-ba1f-dcea3ebb3fca" />
    <UnitTestResult executionId="92ae9194-f6a8-4456-a8f4-00def41fa389" testId="385750c8-3342-7ecf-e84f-190d8d1a289a" testName="Invoke_WhenSecondTime_PerformsAction" computerName="DKSR-EFI-06" duration="00:00:00.0058520" startTime="2024-01-09T15:42:41.3258961+01:00" endTime="2024-01-09T15:42:41.3415711+01:00" testType="13cdc9d9-ddb5-4fa4-a97d-d965ccfc6d4b" outcome="Passed" testListId="8c84fa94-04c1-424b-9868-57a2d4851a1d" relativeResultsDirectory="92ae9194-f6a8-4456-a8f4-00def41fa389" />
    <UnitTestResult executionId="70320dbe-aba7-493b-b363-a182b11089b5" testId="288bb23a-6e9a-0044-9446-fbd1b450ab47" testName="Validate_WhenObjectNotExists_ReturnsFalse" computerName="DKSR-EFI-06" duration="00:00:00.0025737" startTime="2024-01-09T15:42:37.6071294+01:00" endTime="2024-01-09T15:42:37.6071294+01:00" testType="13cdc9d9-ddb5-4fa4-a97d-d965ccfc6d4b" outcome="Passed" testListId="8c84fa94-04c1-424b-9868-57a2d4851a1d" relativeResultsDirectory="70320dbe-aba7-493b-b363-a182b11089b5" />
    <UnitTestResult executionId="c2f9cab1-41ed-4620-a6af-5717af4139f5" testId="0d45d3ac-7759-5821-87b0-5751923435a0" testName="DataCollectorRegisteredServicesResolver_Constructor_Null_Parameter" computerName="DKSR-EFI-06" duration="00:00:00.0015351" startTime="2024-01-09T15:42:17.7008337+01:00" endTime="2024-01-09T15:42:17.7008337+01:00" testType="13cdc9d9-ddb5-4fa4-a97d-d965ccfc6d4b" outcome="Passed" testListId="8c84fa94-04c1-424b-9868-57a2d4851a1d" relativeResultsDirectory="c2f9cab1-41ed-4620-a6af-5717af4139f5" />
    <UnitTestResult executionId="e2dd1f77-270b-41cb-96fc-b3bc7b2be13c" testId="779aef40-a366-df86-f0d9-aea507dc5919" testName="Get_Item_Exception_Status_Is_Stopped_Success" computerName="DKSR-EFI-06" duration="00:00:00.0011355" startTime="2024-01-09T15:42:33.6227328+01:00" endTime="2024-01-09T15:42:33.6227328+01:00" testType="13cdc9d9-ddb5-4fa4-a97d-d965ccfc6d4b" outcome="Passed" testListId="8c84fa94-04c1-424b-9868-57a2d4851a1d" relativeResultsDirectory="e2dd1f77-270b-41cb-96fc-b3bc7b2be13c" />
    <UnitTestResult executionId="83d6072a-cd15-430b-9b84-761289369836" testId="70179d9a-98fe-57f3-d8c9-a718e5cfab34" testName="GetCurrentProperties_WhenFailoverInactiveIsSetAndAlwaysHasNullValue_ReturnsProperties" computerName="DKSR-EFI-06" duration="00:00:00.0006655" startTime="2024-01-09T15:42:34.8414910+01:00" endTime="2024-01-09T15:42:34.8414910+01:00" testType="13cdc9d9-ddb5-4fa4-a97d-d965ccfc6d4b" outcome="Passed" testListId="8c84fa94-04c1-424b-9868-57a2d4851a1d" relativeResultsDirectory="83d6072a-cd15-430b-9b84-761289369836" />
    <UnitTestResult executionId="4c010855-731a-476c-961c-2c7a5049188a" testId="a17380d7-1125-2361-4ddf-a27e1d64147f" testName="SetItem_SunnyDay" computerName="DKSR-EFI-06" duration="00:00:00.0025188" startTime="2024-01-09T15:42:39.6696380+01:00" endTime="2024-01-09T15:42:39.6852655+01:00" testType="13cdc9d9-ddb5-4fa4-a97d-d965ccfc6d4b" outcome="Passed" testListId="8c84fa94-04c1-424b-9868-57a2d4851a1d" relativeResultsDirectory="4c010855-731a-476c-961c-2c7a5049188a" />
    <UnitTestResult executionId="63f77b51-4d56-470c-a868-96843ae2054c" testId="8c2c49bc-65b6-f4ee-b5c4-b4881c4aaeb6" testName="ConfigurationItemPathBuilder_ConstructAndCreate_InvalidPath_ArgumentException (Data Row 2)" computerName="DKSR-EFI-06" duration="00:00:00.0005608" startTime="2024-01-09T15:42:33.3727317+01:00" endTime="2024-01-09T15:42:33.3727317+01:00" testType="13cdc9d9-ddb5-4fa4-a97d-d965ccfc6d4b" outcome="Passed" testListId="8c84fa94-04c1-424b-9868-57a2d4851a1d" relativeResultsDirectory="63f77b51-4d56-470c-a868-96843ae2054c">
      <Output>
        <StdOut>Debug Trace:&#xD;
Fail: Item type is invalid: Camera</StdOut>
      </Output>
    </UnitTestResult>
    <UnitTestResult executionId="f8a71c8b-3de9-4375-8f7e-1665f1153b73" testId="66e86e11-aa6f-d6de-573d-c0aabb75ba87" testName="DriverSettingsBusiness_PrepareAndValidateSettings_TwoSettings_Success (Data Row 8)" computerName="DKSR-EFI-06" duration="00:00:00.0245609" startTime="2024-01-09T15:42:32.2008497+01:00" endTime="2024-01-09T15:42:32.5446004+01:00" testType="13cdc9d9-ddb5-4fa4-a97d-d965ccfc6d4b" outcome="Passed" testListId="8c84fa94-04c1-424b-9868-57a2d4851a1d" relativeResultsDirectory="f8a71c8b-3de9-4375-8f7e-1665f1153b73" />
    <UnitTestResult executionId="846c231e-1e8d-4d56-a0f3-498c27b1a0ba" testId="7e7d66c4-e770-561e-982b-064a58b634b0" testName="SendCommandSecurityVisitor_UpdateRecorderStatusCommand_NotSupportedException" computerName="DKSR-EFI-06" duration="00:00:00.0032266" startTime="2024-01-09T15:42:21.7633400+01:00" endTime="2024-01-09T15:42:21.7789624+01:00" testType="13cdc9d9-ddb5-4fa4-a97d-d965ccfc6d4b" outcome="Passed" testListId="8c84fa94-04c1-424b-9868-57a2d4851a1d" relativeResultsDirectory="846c231e-1e8d-4d56-a0f3-498c27b1a0ba" />
    <UnitTestResult executionId="a3dbf0c9-8ce7-4862-b06f-e64d9877383f" testId="4b01245f-cb50-34c8-2484-18e1ee18e476" testName="Put_UseElementListToUpdateItem_UseParentResource" computerName="DKSR-EFI-06" duration="00:00:00.0091380" startTime="2024-01-09T15:42:29.3258400+01:00" endTime="2024-01-09T15:42:29.3258400+01:00" testType="13cdc9d9-ddb5-4fa4-a97d-d965ccfc6d4b" outcome="Passed" testListId="8c84fa94-04c1-424b-9868-57a2d4851a1d" relativeResultsDirectory="a3dbf0c9-8ce7-4862-b06f-e64d9877383f" />
    <UnitTestResult executionId="d1cbc043-cc92-4596-a098-180a3e0fe215" testId="b9748385-7e90-566d-fa7b-b65c995a43d5" testName="SendCommandSecurityVisitor_ServerFileSystemOperationCommand_QueryRecorderDirectories_Allowed" computerName="DKSR-EFI-06" duration="00:00:00.0009210" startTime="2024-01-09T15:42:22.5914635+01:00" endTime="2024-01-09T15:42:22.5914635+01:00" testType="13cdc9d9-ddb5-4fa4-a97d-d965ccfc6d4b" outcome="Passed" testListId="8c84fa94-04c1-424b-9868-57a2d4851a1d" relativeResultsDirectory="d1cbc043-cc92-4596-a098-180a3e0fe215" />
    <UnitTestResult executionId="665a83ef-a45f-4309-89df-d2b6e91c4d9a" testId="38dd6a52-3b4a-e2ae-0a67-157668ae3aa6" testName="Invoke_ActivateLicense_SunnyDay_NoUsernamePassword" computerName="DKSR-EFI-06" duration="00:00:00.0082020" startTime="2024-01-09T15:42:40.5758942+01:00" endTime="2024-01-09T15:42:40.5915182+01:00" testType="13cdc9d9-ddb5-4fa4-a97d-d965ccfc6d4b" outcome="Passed" testListId="8c84fa94-04c1-424b-9868-57a2d4851a1d" relativeResultsDirectory="665a83ef-a45f-4309-89df-d2b6e91c4d9a" />
    <UnitTestResult executionId="eeea2fb0-b0d3-470d-88bb-9ebb7c0b64ce" testId="df9eb70a-74db-158a-2969-9e235c58cc3f" testName="SetItem_InvalidPathTest" computerName="DKSR-EFI-06" duration="00:00:00.0006070" startTime="2024-01-09T15:42:41.4665200+01:00" endTime="2024-01-09T15:42:41.4665200+01:00" testType="13cdc9d9-ddb5-4fa4-a97d-d965ccfc6d4b" outcome="Passed" testListId="8c84fa94-04c1-424b-9868-57a2d4851a1d" relativeResultsDirectory="eeea2fb0-b0d3-470d-88bb-9ebb7c0b64ce" />
    <UnitTestResult executionId="ed65e0ae-9389-4238-8fdd-4e6ee1e4b9df" testId="062e15a5-3856-7543-1054-15769cb8cd61" testName="ClientVersionHandling_GetSmartClientVersion" computerName="DKSR-EFI-06" duration="00:00:01.4395313" startTime="2024-01-09T15:42:19.0602129+01:00" endTime="2024-01-09T15:42:20.4977123+01:00" testType="13cdc9d9-ddb5-4fa4-a97d-d965ccfc6d4b" outcome="Passed" testListId="8c84fa94-04c1-424b-9868-57a2d4851a1d" relativeResultsDirectory="ed65e0ae-9389-4238-8fdd-4e6ee1e4b9df" />
    <UnitTestResult executionId="2f30e10c-0497-4261-9aac-8946c190b5ef" testId="a9890956-f385-35d3-c2ef-ce746c1849d7" testName="Validate_WhenEnumValueOutOfAllowedValues_Error" computerName="DKSR-EFI-06" duration="00:00:00.0030372" startTime="2024-01-09T15:42:37.2321292+01:00" endTime="2024-01-09T15:42:37.2321292+01:00" testType="13cdc9d9-ddb5-4fa4-a97d-d965ccfc6d4b" outcome="Passed" testListId="8c84fa94-04c1-424b-9868-57a2d4851a1d" relativeResultsDirectory="2f30e10c-0497-4261-9aac-8946c190b5ef" />
    <UnitTestResult executionId="212bd49c-2844-4b58-a728-4d05e78009c3" testId="47ef5620-9537-65cc-c736-b3758e2879c9" testName="InvokeMethod_GetSearchTemplateCreateInfo" computerName="DKSR-EFI-06" duration="00:00:00.0017848" startTime="2024-01-09T15:42:40.9977717+01:00" endTime="2024-01-09T15:42:40.9977717+01:00" testType="13cdc9d9-ddb5-4fa4-a97d-d965ccfc6d4b" outcome="Passed" testListId="8c84fa94-04c1-424b-9868-57a2d4851a1d" relativeResultsDirectory="212bd49c-2844-4b58-a728-4d05e78009c3" />
    <UnitTestResult executionId="c7fcbdbd-08b8-4489-86f8-c63f3d0892f1" testId="73c1eed3-5580-51ae-e7fd-d4c82281c2aa" testName="Build_WhenActionIsTriggerEventOnRemoteSite_ReturnsRuleModel" computerName="DKSR-EFI-06" duration="00:00:00.0042891" startTime="2024-01-09T15:42:39.3102616+01:00" endTime="2024-01-09T15:42:39.3102616+01:00" testType="13cdc9d9-ddb5-4fa4-a97d-d965ccfc6d4b" outcome="Passed" testListId="8c84fa94-04c1-424b-9868-57a2d4851a1d" relativeResultsDirectory="c7fcbdbd-08b8-4489-86f8-c63f3d0892f1" />
    <UnitTestResult executionId="49ae069a-bfc1-4291-bc57-3d9c44df3b7c" testId="25bee74c-2197-0dc3-c089-fb6e55cca61c" testName="TaskMoveHardwareSecurityProvider_Read_Check_Not_Allowed" computerName="DKSR-EFI-06" duration="00:00:00.0012116" startTime="2024-01-09T15:42:32.9196002+01:00" endTime="2024-01-09T15:42:32.9196002+01:00" testType="13cdc9d9-ddb5-4fa4-a97d-d965ccfc6d4b" outcome="Passed" testListId="8c84fa94-04c1-424b-9868-57a2d4851a1d" relativeResultsDirectory="49ae069a-bfc1-4291-bc57-3d9c44df3b7c" />
    <UnitTestResult executionId="b3f8dc51-d7cb-449c-a144-8e8898ac70ee" testId="1fb41ab6-7d17-e2d0-31ee-739abf153984" testName="GetItem_SunnyDay_TopFolderNoId" computerName="DKSR-EFI-06" duration="00:00:00.0005762" startTime="2024-01-09T15:42:40.8258953+01:00" endTime="2024-01-09T15:42:40.8258953+01:00" testType="13cdc9d9-ddb5-4fa4-a97d-d965ccfc6d4b" outcome="Passed" testListId="8c84fa94-04c1-424b-9868-57a2d4851a1d" relativeResultsDirectory="b3f8dc51-d7cb-449c-a144-8e8898ac70ee" />
    <UnitTestResult executionId="263b8808-93a2-42ba-9b84-bbc9ed034467" testId="8c141851-29e1-596b-69a7-f03b9f5551a9" testName="SendCommandSecurityVisitor_UpdateSecurityManagerCommand_SecurityAttributes_Delete_NotSupportedException" computerName="DKSR-EFI-06" duration="00:00:00.0241431" startTime="2024-01-09T15:42:24.8258394+01:00" endTime="2024-01-09T15:42:24.8570888+01:00" testType="13cdc9d9-ddb5-4fa4-a97d-d965ccfc6d4b" outcome="Passed" testListId="8c84fa94-04c1-424b-9868-57a2d4851a1d" relativeResultsDirectory="263b8808-93a2-42ba-9b84-bbc9ed034467" />
    <UnitTestResult executionId="9558692c-6b46-4904-92f4-7ed6543f75ec" testId="002161ac-18e5-0c10-0ba3-07d026537c18" testName="GetXml_WhenStopSetFramerate_MatchesXml" computerName="DKSR-EFI-06" duration="00:00:00.0006571" startTime="2024-01-09T15:42:38.6071338+01:00" endTime="2024-01-09T15:42:38.6227585+01:00" testType="13cdc9d9-ddb5-4fa4-a97d-d965ccfc6d4b" outcome="Passed" testListId="8c84fa94-04c1-424b-9868-57a2d4851a1d" relativeResultsDirectory="9558692c-6b46-4904-92f4-7ed6543f75ec" />
    <UnitTestResult executionId="6e41d657-ca01-4a8b-bb78-0849d9f8fadd" testId="aff5d34f-48cd-8224-3e98-9a6054dca8c1" testName="MergeMotionDetectionSettings_XmlComparison2_Success" computerName="DKSR-EFI-06" duration="00:00:00.0018860" startTime="2024-01-09T15:42:42.3415798+01:00" endTime="2024-01-09T15:42:42.3571496+01:00" testType="13cdc9d9-ddb5-4fa4-a97d-d965ccfc6d4b" outcome="Passed" testListId="8c84fa94-04c1-424b-9868-57a2d4851a1d" relativeResultsDirectory="6e41d657-ca01-4a8b-bb78-0849d9f8fadd" />
    <UnitTestResult executionId="2e9cfdf2-9c59-4227-95c3-fc26df57769f" testId="0333d46d-5d86-b0f5-6854-51377d198f55" testName="DriverSettingsBusiness_PrepareAndValidateSettings_ValueOutOfRangeException (Data Row 2)" computerName="DKSR-EFI-06" duration="00:00:00.0162081" startTime="2024-01-09T15:42:32.5446004+01:00" endTime="2024-01-09T15:42:32.7164754+01:00" testType="13cdc9d9-ddb5-4fa4-a97d-d965ccfc6d4b" outcome="Passed" testListId="8c84fa94-04c1-424b-9868-57a2d4851a1d" relativeResultsDirectory="2e9cfdf2-9c59-4227-95c3-fc26df57769f" />
    <UnitTestResult executionId="2fb782f9-3234-4b5a-90f1-e452c8a082b4" testId="a452b9e4-ef9e-f78e-91d1-605ee596cdcd" testName="IsPropertyPresent_WhenPropertiesAreNull_ReturnsFalse" computerName="DKSR-EFI-06" duration="00:00:00.0006962" startTime="2024-01-09T15:42:34.0914878+01:00" endTime="2024-01-09T15:42:34.1071124+01:00" testType="13cdc9d9-ddb5-4fa4-a97d-d965ccfc6d4b" outcome="Passed" testListId="8c84fa94-04c1-424b-9868-57a2d4851a1d" relativeResultsDirectory="2fb782f9-3234-4b5a-90f1-e452c8a082b4" />
    <UnitTestResult executionId="141110f2-2b6f-470a-b495-c81eb7c8ae8f" testId="15c6f30d-3fc3-240b-a3d4-de819bb440a5" testName="ServerProxyService_GetHardwareByHardwareIds_Allowed_NotFiltered" computerName="DKSR-EFI-06" duration="00:00:00.0118949" startTime="2024-01-09T15:42:25.1070877+01:00" endTime="2024-01-09T15:42:25.1070877+01:00" testType="13cdc9d9-ddb5-4fa4-a97d-d965ccfc6d4b" outcome="Passed" testListId="8c84fa94-04c1-424b-9868-57a2d4851a1d" relativeResultsDirectory="141110f2-2b6f-470a-b495-c81eb7c8ae8f" />
    <UnitTestResult executionId="2dedccd1-9645-4517-bc54-1cd0a465752e" testId="26a86aad-7aff-7240-954b-534f16ebf0dd" testName="ConfigurationItemPath_Create_ItemPathInvalidSid_ArgumentException" computerName="DKSR-EFI-06" duration="00:00:00.0006441" startTime="2024-01-09T15:42:33.4039776+01:00" endTime="2024-01-09T15:42:33.4039776+01:00" testType="13cdc9d9-ddb5-4fa4-a97d-d965ccfc6d4b" outcome="Passed" testListId="8c84fa94-04c1-424b-9868-57a2d4851a1d" relativeResultsDirectory="2dedccd1-9645-4517-bc54-1cd0a465752e" />
    <UnitTestResult executionId="480ea239-fd5c-433f-b85a-399120ff7df5" testId="7becbbe4-402f-9753-50c8-8da8f49c52e8" testName="GetCurrentProperties_WhenActionPropertyHasValueButNoParameters_ReturnsListWithJustActionProperty" computerName="DKSR-EFI-06" duration="00:00:00.0327718" startTime="2024-01-09T15:42:34.5602380+01:00" endTime="2024-01-09T15:42:34.5914899+01:00" testType="13cdc9d9-ddb5-4fa4-a97d-d965ccfc6d4b" outcome="Passed" testListId="8c84fa94-04c1-424b-9868-57a2d4851a1d" relativeResultsDirectory="480ea239-fd5c-433f-b85a-399120ff7df5" />
    <UnitTestResult executionId="757dd557-3a59-4b2f-9347-be0004586179" testId="a90721fb-53f3-e6e2-ace9-bad821863b4c" testName="GetItem_LicenseInstalledProductFolder_SunnyDay" computerName="DKSR-EFI-06" duration="00:00:00.0006627" startTime="2024-01-09T15:42:40.4977697+01:00" endTime="2024-01-09T15:42:40.4977697+01:00" testType="13cdc9d9-ddb5-4fa4-a97d-d965ccfc6d4b" outcome="Passed" testListId="8c84fa94-04c1-424b-9868-57a2d4851a1d" relativeResultsDirectory="757dd557-3a59-4b2f-9347-be0004586179" />
    <UnitTestResult executionId="91679eb4-1e9d-4a07-858d-6202d763f8c6" testId="6c11ffc8-094c-d097-3279-6000ab588aec" testName="SendCommandSecurityVisitor_UpdateConfigurationManagerCommand_Input_Add_NoSecurityCheck" computerName="DKSR-EFI-06" duration="00:00:00.0178598" startTime="2024-01-09T15:42:23.7477130+01:00" endTime="2024-01-09T15:42:23.7633393+01:00" testType="13cdc9d9-ddb5-4fa4-a97d-d965ccfc6d4b" outcome="Passed" testListId="8c84fa94-04c1-424b-9868-57a2d4851a1d" relativeResultsDirectory="91679eb4-1e9d-4a07-858d-6202d763f8c6" />
    <UnitTestResult executionId="e61b2491-cb57-4e0b-b860-7a6d5e2887c8" testId="428cd981-2373-ebba-66b8-84a08db98793" testName="IsComplete_WhenNoProperties_ReturnsFalse" computerName="DKSR-EFI-06" duration="00:00:00.0111415" startTime="2024-01-09T15:42:34.6539909+01:00" endTime="2024-01-09T15:42:34.6696142+01:00" testType="13cdc9d9-ddb5-4fa4-a97d-d965ccfc6d4b" outcome="Passed" testListId="8c84fa94-04c1-424b-9868-57a2d4851a1d" relativeResultsDirectory="e61b2491-cb57-4e0b-b860-7a6d5e2887c8" />
    <UnitTestResult executionId="7a9f5e1d-dfd8-4703-addd-1b15cc394397" testId="41340033-8fcf-c29c-d1b2-30b3b88f3a75" testName="CorrectLookupChecks_ManagementServer" computerName="DKSR-EFI-06" duration="00:00:00.0002464" startTime="2024-01-09T15:42:29.5602135+01:00" endTime="2024-01-09T15:42:29.5602135+01:00" testType="13cdc9d9-ddb5-4fa4-a97d-d965ccfc6d4b" outcome="Passed" testListId="8c84fa94-04c1-424b-9868-57a2d4851a1d" relativeResultsDirectory="7a9f5e1d-dfd8-4703-addd-1b15cc394397" />
    <UnitTestResult executionId="eae65c9e-fae7-4521-aefb-50f32b20f114" testId="5b750a0e-6e4e-2fdb-b5ef-645696c44722" testName="InvokeMethod_InvalidParentPath2Test" computerName="DKSR-EFI-06" duration="00:00:00.0006922" startTime="2024-01-09T15:42:41.7790190+01:00" endTime="2024-01-09T15:42:41.7790190+01:00" testType="13cdc9d9-ddb5-4fa4-a97d-d965ccfc6d4b" outcome="Passed" testListId="8c84fa94-04c1-424b-9868-57a2d4851a1d" relativeResultsDirectory="eae65c9e-fae7-4521-aefb-50f32b20f114" />
    <UnitTestResult executionId="68823ac1-818d-4f12-8883-a2877c8b712f" testId="05db77e1-8d4c-e250-2dd1-4f9f5e86aff0" testName="GetPropertyValue_WhenValueNotAllowed_Exception" computerName="DKSR-EFI-06" duration="00:00:00.0008700" startTime="2024-01-09T15:42:34.1852375+01:00" endTime="2024-01-09T15:42:34.1852375+01:00" testType="13cdc9d9-ddb5-4fa4-a97d-d965ccfc6d4b" outcome="Passed" testListId="8c84fa94-04c1-424b-9868-57a2d4851a1d" relativeResultsDirectory="68823ac1-818d-4f12-8883-a2877c8b712f" />
    <UnitTestResult executionId="bb56d40e-7648-4204-bf78-8e24bcf74347" testId="4b13899a-72f5-dcd3-f3fe-f1869c383c9f" testName="GetXml_WhenRuleIsRecordAlways_MatchesXml" computerName="DKSR-EFI-06" duration="00:00:00.0382267" startTime="2024-01-09T15:42:38.8102607+01:00" endTime="2024-01-09T15:42:38.8415089+01:00" testType="13cdc9d9-ddb5-4fa4-a97d-d965ccfc6d4b" outcome="Passed" testListId="8c84fa94-04c1-424b-9868-57a2d4851a1d" relativeResultsDirectory="bb56d40e-7648-4204-bf78-8e24bcf74347" />
    <UnitTestResult executionId="d43e26a1-405d-4ed5-93c7-ec2c8dbe366d" testId="29b0f215-ee38-757e-3c11-a561407f1e6e" testName="SendCommandSecurityVisitor_UpdateSecurityManagerCommand_SecurityPermissions_Add_Allowed" computerName="DKSR-EFI-06" duration="00:00:00.0240731" startTime="2024-01-09T15:42:24.8570888+01:00" endTime="2024-01-09T15:42:24.8727150+01:00" testType="13cdc9d9-ddb5-4fa4-a97d-d965ccfc6d4b" outcome="Passed" testListId="8c84fa94-04c1-424b-9868-57a2d4851a1d" relativeResultsDirectory="d43e26a1-405d-4ed5-93c7-ec2c8dbe366d" />
    <UnitTestResult executionId="5621aea4-ba94-4ae8-91ea-3605e5bb30c0" testId="66240974-01e6-b119-7ccd-feabf8c81110" testName="Validate_WhenObjectExists_ReturnsTrue" computerName="DKSR-EFI-06" duration="00:00:00.0047200" startTime="2024-01-09T15:42:37.5915051+01:00" endTime="2024-01-09T15:42:37.6071294+01:00" testType="13cdc9d9-ddb5-4fa4-a97d-d965ccfc6d4b" outcome="Passed" testListId="8c84fa94-04c1-424b-9868-57a2d4851a1d" relativeResultsDirectory="5621aea4-ba94-4ae8-91ea-3605e5bb30c0" />
    <UnitTestResult executionId="ede9a569-3096-4859-8e32-586e854fe3c3" testId="104955a9-e954-3271-c7a2-5848be22182d" testName="ConfigurationItemPath_Create_RootFolderPath_Succes" computerName="DKSR-EFI-06" duration="00:00:00.0004422" startTime="2024-01-09T15:42:33.4196067+01:00" endTime="2024-01-09T15:42:33.4196067+01:00" testType="13cdc9d9-ddb5-4fa4-a97d-d965ccfc6d4b" outcome="Passed" testListId="8c84fa94-04c1-424b-9868-57a2d4851a1d" relativeResultsDirectory="ede9a569-3096-4859-8e32-586e854fe3c3" />
    <UnitTestResult executionId="4cd91209-8807-4af0-9791-b627377a68b1" testId="b24a96c9-0c7b-a7f0-2230-aba7a0abde28" testName="SendCommandSecurityVisitor_UpdateConfigurationManagerCommand_SystemSetting_Edit_Allowed" computerName="DKSR-EFI-06" duration="00:00:00.0197436" startTime="2024-01-09T15:42:24.5914645+01:00" endTime="2024-01-09T15:42:24.6070882+01:00" testType="13cdc9d9-ddb5-4fa4-a97d-d965ccfc6d4b" outcome="Passed" testListId="8c84fa94-04c1-424b-9868-57a2d4851a1d" relativeResultsDirectory="4cd91209-8807-4af0-9791-b627377a68b1" />
    <UnitTestResult executionId="89bdf908-2bf2-4ea6-9f69-cf6f2a5c10e9" testId="935d9152-0722-64e7-6686-80958d6225ec" testName="Validate_WhenInvalidMonitor_ReturnsFalse" computerName="DKSR-EFI-06" duration="00:00:00.0032823" startTime="2024-01-09T15:42:37.8415052+01:00" endTime="2024-01-09T15:42:37.8415052+01:00" testType="13cdc9d9-ddb5-4fa4-a97d-d965ccfc6d4b" outcome="Passed" testListId="8c84fa94-04c1-424b-9868-57a2d4851a1d" relativeResultsDirectory="89bdf908-2bf2-4ea6-9f69-cf6f2a5c10e9" />
    <UnitTestResult executionId="e2cc07e0-48f3-4483-9a74-1cee08fca994" testId="3ae8e8a2-7e28-262a-125c-2c06ff5ba889" testName="DeviceStreams_AddStream_Success" computerName="DKSR-EFI-06" duration="00:00:00.0485399" startTime="2024-01-09T15:42:42.4977750+01:00" endTime="2024-01-09T15:42:42.5446502+01:00" testType="13cdc9d9-ddb5-4fa4-a97d-d965ccfc6d4b" outcome="Passed" testListId="8c84fa94-04c1-424b-9868-57a2d4851a1d" relativeResultsDirectory="e2cc07e0-48f3-4483-9a74-1cee08fca994" />
    <UnitTestResult executionId="337ab357-11ae-4fea-94be-af4b83653ca4" testId="f876e67a-cbd0-e165-443c-bbec30162249" testName="SendCommandSecurityVisitor_UpdateConfigurationManagerCommand_NonMotionPlugin_Edit_NotSupportedException" computerName="DKSR-EFI-06" duration="00:00:00.0297665" startTime="2024-01-09T15:42:24.0758405+01:00" endTime="2024-01-09T15:42:24.1070877+01:00" testType="13cdc9d9-ddb5-4fa4-a97d-d965ccfc6d4b" outcome="Passed" testListId="8c84fa94-04c1-424b-9868-57a2d4851a1d" relativeResultsDirectory="337ab357-11ae-4fea-94be-af4b83653ca4">
      <Output>
        <StdOut>Debug Trace:&#xD;
Fail: Security check for the specified plugin is not supported</StdOut>
      </Output>
    </UnitTestResult>
    <UnitTestResult executionId="8fc8db3b-7b38-42d0-93bc-48bb7cb43df8" testId="799c96f1-adec-773b-859c-170e8a4b317a" testName="Validate_WhenUserDefinedEventOnChildSite_ReturnsTrue" computerName="DKSR-EFI-06" duration="00:00:00.0068110" startTime="2024-01-09T15:42:38.0915057+01:00" endTime="2024-01-09T15:42:38.1071332+01:00" testType="13cdc9d9-ddb5-4fa4-a97d-d965ccfc6d4b" outcome="Passed" testListId="8c84fa94-04c1-424b-9868-57a2d4851a1d" relativeResultsDirectory="8fc8db3b-7b38-42d0-93bc-48bb7cb43df8" />
    <UnitTestResult executionId="d9e86163-e4f1-478a-ab60-b85d286b0f30" testId="5b564b95-e0c8-d907-5b25-17124f9d1ea7" testName="IsComplete_WhenStartActionPropertyHasValue_ParametersNotSet_ReturnsFalse" computerName="DKSR-EFI-06" duration="00:00:00.0152930" startTime="2024-01-09T15:42:34.5289863+01:00" endTime="2024-01-09T15:42:34.5446112+01:00" testType="13cdc9d9-ddb5-4fa4-a97d-d965ccfc6d4b" outcome="Passed" testListId="8c84fa94-04c1-424b-9868-57a2d4851a1d" relativeResultsDirectory="d9e86163-e4f1-478a-ab60-b85d286b0f30" />
    <UnitTestResult executionId="754a8a82-82c6-4713-bc33-49b474e2be57" testId="b3b21d3a-16fc-7534-8dec-92e0e89edc5a" testName="ConfigurationItemPath_CreateFolderPath_NonFolder_CreateConfigurationItemPathException" computerName="DKSR-EFI-06" duration="00:00:00.0009038" startTime="2024-01-09T15:42:33.4977340+01:00" endTime="2024-01-09T15:42:33.4977340+01:00" testType="13cdc9d9-ddb5-4fa4-a97d-d965ccfc6d4b" outcome="Passed" testListId="8c84fa94-04c1-424b-9868-57a2d4851a1d" relativeResultsDirectory="754a8a82-82c6-4713-bc33-49b474e2be57">
      <Output>
        <StdOut>Debug Trace:&#xD;
Fail: Item type is invalid: RecordingServer</StdOut>
      </Output>
    </UnitTestResult>
    <UnitTestResult executionId="c5da8321-1421-4c47-9e38-c90e87af5504" testId="a928dd26-ed19-e5f5-5960-a3fe17e5d3d6" testName="Validate_WhenWrongKind_ReturnsFalse" computerName="DKSR-EFI-06" duration="00:00:00.0108540" startTime="2024-01-09T15:42:38.3571345+01:00" endTime="2024-01-09T15:42:38.3727606+01:00" testType="13cdc9d9-ddb5-4fa4-a97d-d965ccfc6d4b" outcome="Passed" testListId="8c84fa94-04c1-424b-9868-57a2d4851a1d" relativeResultsDirectory="c5da8321-1421-4c47-9e38-c90e87af5504" />
    <UnitTestResult executionId="859bda8f-bb66-4926-baa6-d28dd7a026d9" testId="5308789e-e580-3b5e-6280-61d11949d8f2" testName="InvokeMethod_ParamCheck_UnknownMethodIdTest" computerName="DKSR-EFI-06" duration="00:00:00.0009693" startTime="2024-01-09T15:42:41.6540217+01:00" endTime="2024-01-09T15:42:41.6540217+01:00" testType="13cdc9d9-ddb5-4fa4-a97d-d965ccfc6d4b" outcome="Passed" testListId="8c84fa94-04c1-424b-9868-57a2d4851a1d" relativeResultsDirectory="859bda8f-bb66-4926-baa6-d28dd7a026d9" />
    <UnitTestResult executionId="58892f5a-0ab3-41aa-8062-8c957d5af98c" testId="2ad33f64-7c01-2858-24e6-5c18b7ef2b18" testName="SendCommandSecurityVisitor_UpdateConfigurationManagerCommand_Recorder_Edit_Allowed" computerName="DKSR-EFI-06" duration="00:00:00.0203318" startTime="2024-01-09T15:42:23.2633409+01:00" endTime="2024-01-09T15:42:23.2789650+01:00" testType="13cdc9d9-ddb5-4fa4-a97d-d965ccfc6d4b" outcome="Passed" testListId="8c84fa94-04c1-424b-9868-57a2d4851a1d" relativeResultsDirectory="58892f5a-0ab3-41aa-8062-8c957d5af98c" />
    <UnitTestResult executionId="998c42e0-e1c6-4fd7-85c9-cf298b209301" testId="d0b2304e-f546-20e2-91f8-f1686494292c" testName="ConfigurationItemPath_Create_InvalidPath_ArgumentException (Data Row 5)" computerName="DKSR-EFI-06" duration="00:00:00.0002671" startTime="2024-01-09T15:42:33.4352289+01:00" endTime="2024-01-09T15:42:33.4352289+01:00" testType="13cdc9d9-ddb5-4fa4-a97d-d965ccfc6d4b" outcome="Passed" testListId="8c84fa94-04c1-424b-9868-57a2d4851a1d" relativeResultsDirectory="998c42e0-e1c6-4fd7-85c9-cf298b209301" />
    <UnitTestResult executionId="4c21aea1-df6b-4063-825e-fee680ebe91a" testId="d4798351-077d-b782-9092-0f21cfe76c61" testName="TryParseConditions_WhenWithinWindowCondition_ReturnsTrue" computerName="DKSR-EFI-06" duration="00:00:00.0028335" startTime="2024-01-09T15:42:38.7165104+01:00" endTime="2024-01-09T15:42:38.7165104+01:00" testType="13cdc9d9-ddb5-4fa4-a97d-d965ccfc6d4b" outcome="Passed" testListId="8c84fa94-04c1-424b-9868-57a2d4851a1d" relativeResultsDirectory="4c21aea1-df6b-4063-825e-fee680ebe91a" />
    <UnitTestResult executionId="dc4ee21a-dff4-46f3-8f3c-0976e64c01b7" testId="08857934-6efc-d5f9-f0a3-04838ca25643" testName="Build_WhenActionIsRetrieveEdgeStorageTimeOrMetadata_ReturnsRuleModel" computerName="DKSR-EFI-06" duration="00:00:00.0048092" startTime="2024-01-09T15:42:39.1696367+01:00" endTime="2024-01-09T15:42:39.1696367+01:00" testType="13cdc9d9-ddb5-4fa4-a97d-d965ccfc6d4b" outcome="Passed" testListId="8c84fa94-04c1-424b-9868-57a2d4851a1d" relativeResultsDirectory="dc4ee21a-dff4-46f3-8f3c-0976e64c01b7" />
    <UnitTestResult executionId="4aab7cd8-5a6b-4a8f-ba18-f0fc924b147b" testId="9db6bb97-3604-b8fc-5976-8fd38116c854" testName="ConfigurationItemPathBuilder_Create_InvalidPath_ArgumentException (Data Row 7)" computerName="DKSR-EFI-06" duration="00:00:00.0004973" startTime="2024-01-09T15:42:33.3571055+01:00" endTime="2024-01-09T15:42:33.3571055+01:00" testType="13cdc9d9-ddb5-4fa4-a97d-d965ccfc6d4b" outcome="Passed" testListId="8c84fa94-04c1-424b-9868-57a2d4851a1d" relativeResultsDirectory="4aab7cd8-5a6b-4a8f-ba18-f0fc924b147b">
      <Output>
        <StdOut>Debug Trace:&#xD;
Fail: Id is invalid: 04B9C9E3-6CD2-4EE4-8D2B-968221125808</StdOut>
      </Output>
    </UnitTestResult>
    <UnitTestResult executionId="d2e7b2ac-39b2-4277-ab1a-24f876238bac" testId="edf0275e-bc1c-c713-e99d-7848c868d97b" testName="Build_WhenVideoWallSetToPreset_ReturnsProperties" computerName="DKSR-EFI-06" duration="00:00:00.0088091" startTime="2024-01-09T15:42:35.8727453+01:00" endTime="2024-01-09T15:42:35.8883714+01:00" testType="13cdc9d9-ddb5-4fa4-a97d-d965ccfc6d4b" outcome="Passed" testListId="8c84fa94-04c1-424b-9868-57a2d4851a1d" relativeResultsDirectory="d2e7b2ac-39b2-4277-ab1a-24f876238bac" />
    <UnitTestResult executionId="9c4e5c3d-2ad9-41f7-8e38-9b680aa12ef9" testId="594bd556-b88d-6721-03d8-fbb4485b6fd1" testName="InvokeMethod_NotLicensed" computerName="DKSR-EFI-06" duration="00:00:00.0013499" startTime="2024-01-09T15:42:40.9508941+01:00" endTime="2024-01-09T15:42:40.9508941+01:00" testType="13cdc9d9-ddb5-4fa4-a97d-d965ccfc6d4b" outcome="Passed" testListId="8c84fa94-04c1-424b-9868-57a2d4851a1d" relativeResultsDirectory="9c4e5c3d-2ad9-41f7-8e38-9b680aa12ef9" />
    <UnitTestResult executionId="86ce692a-7b2a-41b3-91b8-7c1be3879ef1" testId="2b2111a4-331c-fa06-7344-ef147d28defb" testName="InvokeMethod_ParamNullCheck_MethodIdTest" computerName="DKSR-EFI-06" duration="00:00:00.0005245" startTime="2024-01-09T15:42:41.7633956+01:00" endTime="2024-01-09T15:42:41.7633956+01:00" testType="13cdc9d9-ddb5-4fa4-a97d-d965ccfc6d4b" outcome="Passed" testListId="8c84fa94-04c1-424b-9868-57a2d4851a1d" relativeResultsDirectory="86ce692a-7b2a-41b3-91b8-7c1be3879ef1" />
    <UnitTestResult executionId="3c5b5702-d5c1-4d1f-ab12-62c528d2cd5f" testId="adb38410-6b9b-aff5-e797-ac1b5eddb8b3" testName="Validate_WhenObjectNotExists_ReturnsFalse" computerName="DKSR-EFI-06" duration="00:00:00.0031071" startTime="2024-01-09T15:42:38.2946344+01:00" endTime="2024-01-09T15:42:38.3103082+01:00" testType="13cdc9d9-ddb5-4fa4-a97d-d965ccfc6d4b" outcome="Passed" testListId="8c84fa94-04c1-424b-9868-57a2d4851a1d" relativeResultsDirectory="3c5b5702-d5c1-4d1f-ab12-62c528d2cd5f" />
    <UnitTestResult executionId="7af5f867-48e8-461c-b153-ef790b885479" testId="9f5f52c3-d303-ab0b-b0ea-d18788309c02" testName="Build_StartSetRecordingFramerate_WhenParametersAreSet_ReturnsActionModel" computerName="DKSR-EFI-06" duration="00:00:00.0013057" startTime="2024-01-09T15:42:36.4039974+01:00" endTime="2024-01-09T15:42:36.4039974+01:00" testType="13cdc9d9-ddb5-4fa4-a97d-d965ccfc6d4b" outcome="Passed" testListId="8c84fa94-04c1-424b-9868-57a2d4851a1d" relativeResultsDirectory="7af5f867-48e8-461c-b153-ef790b885479" />
    <UnitTestResult executionId="3f0d3212-67a1-4a84-803f-29a752b89a53" testId="b9074201-0df6-6313-e776-c49b08ef5dac" testName="IsComplete_WhenRuleTypeIsEvent_NoEventRuleTypePropertiesSet_ReturnsFalse" computerName="DKSR-EFI-06" duration="00:00:00.0022075" startTime="2024-01-09T15:42:35.1227419+01:00" endTime="2024-01-09T15:42:35.1227419+01:00" testType="13cdc9d9-ddb5-4fa4-a97d-d965ccfc6d4b" outcome="Passed" testListId="8c84fa94-04c1-424b-9868-57a2d4851a1d" relativeResultsDirectory="3f0d3212-67a1-4a84-803f-29a752b89a53" />
    <UnitTestResult executionId="3e0f6887-45bf-483f-b719-eea88762b553" testId="3503ac6f-3458-19ba-d300-ea6e407a68c8" testName="GetCurrentProperties_WhenFailoverActiveIsSetAndAlwaysHasNullValue_ReturnsProperties" computerName="DKSR-EFI-06" duration="00:00:00.0006797" startTime="2024-01-09T15:42:34.8414910+01:00" endTime="2024-01-09T15:42:34.8414910+01:00" testType="13cdc9d9-ddb5-4fa4-a97d-d965ccfc6d4b" outcome="Passed" testListId="8c84fa94-04c1-424b-9868-57a2d4851a1d" relativeResultsDirectory="3e0f6887-45bf-483f-b719-eea88762b553" />
    <UnitTestResult executionId="0e735af7-874e-4a0a-80c4-d26aa3ac77bb" testId="4a541c88-ac3d-2299-1514-18b14753790e" testName="Invoke_WhenPropertyNotFound_ArgumentException" computerName="DKSR-EFI-06" duration="00:00:00.0010745" startTime="2024-01-09T15:42:41.2946470+01:00" endTime="2024-01-09T15:42:41.2946470+01:00" testType="13cdc9d9-ddb5-4fa4-a97d-d965ccfc6d4b" outcome="Passed" testListId="8c84fa94-04c1-424b-9868-57a2d4851a1d" relativeResultsDirectory="0e735af7-874e-4a0a-80c4-d26aa3ac77bb" />
    <UnitTestResult executionId="24331e83-220d-4dc5-8912-978dea1e0039" testId="5372de7b-6677-ced6-c986-16a8b54cb865" testName="Get_Item_Exception_Status_Is_InProgress_Success" computerName="DKSR-EFI-06" duration="00:00:00.0139738" startTime="2024-01-09T15:42:33.6071057+01:00" endTime="2024-01-09T15:42:33.6227328+01:00" testType="13cdc9d9-ddb5-4fa4-a97d-d965ccfc6d4b" outcome="Passed" testListId="8c84fa94-04c1-424b-9868-57a2d4851a1d" relativeResultsDirectory="24331e83-220d-4dc5-8912-978dea1e0039" />
    <UnitTestResult executionId="2a1863a2-af14-4759-a539-ae4e4d4aeae1" testId="90bfb254-3b1e-6f08-e5f1-e90d3d337e1d" testName="ServerProxyService_GetDeviceRecorderPlugin_Allowed_NotFiltered" computerName="DKSR-EFI-06" duration="00:00:00.0098642" startTime="2024-01-09T15:42:25.3727154+01:00" endTime="2024-01-09T15:42:25.3883379+01:00" testType="13cdc9d9-ddb5-4fa4-a97d-d965ccfc6d4b" outcome="Passed" testListId="8c84fa94-04c1-424b-9868-57a2d4851a1d" relativeResultsDirectory="2a1863a2-af14-4759-a539-ae4e4d4aeae1" />
    <UnitTestResult executionId="52aa2ffd-b6e2-454c-8593-7bf13027c7ed" testId="f6367689-2b66-380b-f31c-74d41244d6d4" testName="SetItem_ParamNullCheck_RequestContextTest" computerName="DKSR-EFI-06" duration="00:00:00.0014439" startTime="2024-01-09T15:42:41.5446473+01:00" endTime="2024-01-09T15:42:41.5446473+01:00" testType="13cdc9d9-ddb5-4fa4-a97d-d965ccfc6d4b" outcome="Passed" testListId="8c84fa94-04c1-424b-9868-57a2d4851a1d" relativeResultsDirectory="52aa2ffd-b6e2-454c-8593-7bf13027c7ed" />
    <UnitTestResult executionId="fd9c72a6-cb8d-4314-b6c5-751822858842" testId="4a3a3228-e024-a543-cda9-534e6716bb13" testName="Build_RecordAlwaysWhenDeviceIdIsMultiple_PropertiesAdded" computerName="DKSR-EFI-06" duration="00:00:00.0082314" startTime="2024-01-09T15:42:36.2477462+01:00" endTime="2024-01-09T15:42:36.2633728+01:00" testType="13cdc9d9-ddb5-4fa4-a97d-d965ccfc6d4b" outcome="Passed" testListId="8c84fa94-04c1-424b-9868-57a2d4851a1d" relativeResultsDirectory="fd9c72a6-cb8d-4314-b6c5-751822858842" />
    <UnitTestResult executionId="49d3f9c5-610a-4089-996b-cc0a6b316f2b" testId="196bf75e-0e21-b0c9-fbb8-1e75e96f77bf" testName="SystemSettingsManager_ConvertEnableAutomaticActivationToDatabaseValue_True_Success" computerName="DKSR-EFI-06" duration="00:00:00.0016266" startTime="2024-01-09T15:42:25.6539659+01:00" endTime="2024-01-09T15:42:25.6539659+01:00" testType="13cdc9d9-ddb5-4fa4-a97d-d965ccfc6d4b" outcome="Passed" testListId="8c84fa94-04c1-424b-9868-57a2d4851a1d" relativeResultsDirectory="49d3f9c5-610a-4089-996b-cc0a6b316f2b" />
    <UnitTestResult executionId="cbc47908-b00c-4d16-a786-053bc1e0ab2b" testId="67712f7c-69be-7700-9d96-0d70cdb6ecac" testName="Validate_WhenValueTypeNotMatching_Error" computerName="DKSR-EFI-06" duration="00:00:00.0015231" startTime="2024-01-09T15:42:37.1696277+01:00" endTime="2024-01-09T15:42:37.1696277+01:00" testType="13cdc9d9-ddb5-4fa4-a97d-d965ccfc6d4b" outcome="Passed" testListId="8c84fa94-04c1-424b-9868-57a2d4851a1d" relativeResultsDirectory="cbc47908-b00c-4d16-a786-053bc1e0ab2b" />
    <UnitTestResult executionId="3cb4e140-105c-4321-a270-e78126775d8a" testId="21f1fd46-1970-5444-ae26-7972c179b66d" testName="Validate_WhenWeeklyFrequency_DaysContainsNoValues_ReturnsError" computerName="DKSR-EFI-06" duration="00:00:00.0003961" startTime="2024-01-09T15:42:37.0602504+01:00" endTime="2024-01-09T15:42:37.0602504+01:00" testType="13cdc9d9-ddb5-4fa4-a97d-d965ccfc6d4b" outcome="Passed" testListId="8c84fa94-04c1-424b-9868-57a2d4851a1d" relativeResultsDirectory="3cb4e140-105c-4321-a270-e78126775d8a" />
    <UnitTestResult executionId="bff0f411-12ce-4591-a766-f12c15972dd8" testId="395aaa4c-df5a-5e9b-4c24-aff9f9e5c72d" testName="TryParseConditions_WhenNotSupportedNode_ReturnsFalse" computerName="DKSR-EFI-06" duration="00:00:00.0001821" startTime="2024-01-09T15:42:38.7321335+01:00" endTime="2024-01-09T15:42:38.7321335+01:00" testType="13cdc9d9-ddb5-4fa4-a97d-d965ccfc6d4b" outcome="Passed" testListId="8c84fa94-04c1-424b-9868-57a2d4851a1d" relativeResultsDirectory="bff0f411-12ce-4591-a766-f12c15972dd8" />
    <UnitTestResult executionId="77491b77-94ea-4e75-874f-572590acd9b9" testId="de405ce8-6f1f-a084-790e-dd3f04b078e4" testName="Validate_WhenInvalidUserDefinedEvent_ReturnsFalse" computerName="DKSR-EFI-06" duration="00:00:00.0055487" startTime="2024-01-09T15:42:38.1071332+01:00" endTime="2024-01-09T15:42:38.1071332+01:00" testType="13cdc9d9-ddb5-4fa4-a97d-d965ccfc6d4b" outcome="Passed" testListId="8c84fa94-04c1-424b-9868-57a2d4851a1d" relativeResultsDirectory="77491b77-94ea-4e75-874f-572590acd9b9" />
    <UnitTestResult executionId="61ac2cb3-9898-44d0-bef9-f98bad85f8cb" testId="ff75c828-8f54-637f-36d8-a3309c040b0c" testName="ScheduledAction_Dispose_ScheduleIsDisposed" computerName="DKSR-EFI-06" duration="00:00:00.0019978" startTime="2024-01-09T15:42:44.1071592+01:00" endTime="2024-01-09T15:42:44.1071592+01:00" testType="13cdc9d9-ddb5-4fa4-a97d-d965ccfc6d4b" outcome="Passed" testListId="8c84fa94-04c1-424b-9868-57a2d4851a1d" relativeResultsDirectory="61ac2cb3-9898-44d0-bef9-f98bad85f8cb" />
    <UnitTestResult executionId="269ae225-bfa2-4e59-988d-38d719440b86" testId="216c2d0a-25b9-053b-ece9-3c677df47cda" testName="Validate_WhenTimeIntervalRuleStopRuleHasNoneType_Passes" computerName="DKSR-EFI-06" duration="00:00:00.0987876" startTime="2024-01-09T15:42:37.3727529+01:00" endTime="2024-01-09T15:42:37.4665042+01:00" testType="13cdc9d9-ddb5-4fa4-a97d-d965ccfc6d4b" outcome="Passed" testListId="8c84fa94-04c1-424b-9868-57a2d4851a1d" relativeResultsDirectory="269ae225-bfa2-4e59-988d-38d719440b86" />
    <UnitTestResult executionId="a3ca5f6b-b883-4121-9f48-aed1bfc184df" testId="d649d828-cb09-edc0-e640-5a6a356c7243" testName="IsComplete_WhenNoProperties_ReturnsFalse" computerName="DKSR-EFI-06" duration="00:00:00.0023532" startTime="2024-01-09T15:42:35.2633665+01:00" endTime="2024-01-09T15:42:35.2633665+01:00" testType="13cdc9d9-ddb5-4fa4-a97d-d965ccfc6d4b" outcome="Passed" testListId="8c84fa94-04c1-424b-9868-57a2d4851a1d" relativeResultsDirectory="a3ca5f6b-b883-4121-9f48-aed1bfc184df" />
    <UnitTestResult executionId="f81a17e2-35a6-4ea0-983c-b60fe6b3a473" testId="db7fe035-20ab-7a95-c8a3-fb634f31c4b2" testName="GetChildItems_SunnyDayTest_Address" computerName="DKSR-EFI-06" duration="00:00:00.0033245" startTime="2024-01-09T15:42:40.7946434+01:00" endTime="2024-01-09T15:42:40.7946434+01:00" testType="13cdc9d9-ddb5-4fa4-a97d-d965ccfc6d4b" outcome="Passed" testListId="8c84fa94-04c1-424b-9868-57a2d4851a1d" relativeResultsDirectory="f81a17e2-35a6-4ea0-983c-b60fe6b3a473" />
    <UnitTestResult executionId="65cd598e-154d-46ec-9fa4-6844e759830d" testId="d9b1adf2-b9fc-d182-c2a1-cab2ceba542f" testName="Invoke_WhenFirstTime_ProvidesInfo" computerName="DKSR-EFI-06" duration="00:00:00.0026869" startTime="2024-01-09T15:42:41.1696485+01:00" endTime="2024-01-09T15:42:41.1696485+01:00" testType="13cdc9d9-ddb5-4fa4-a97d-d965ccfc6d4b" outcome="Passed" testListId="8c84fa94-04c1-424b-9868-57a2d4851a1d" relativeResultsDirectory="65cd598e-154d-46ec-9fa4-6844e759830d" />
    <UnitTestResult executionId="1234cc49-0826-490b-8680-b58644d22a41" testId="02653525-3321-baad-99d6-16c7f57d03e1" testName="Build_WhenTimerHasInvalidTimeValue_ReturnsFalse" computerName="DKSR-EFI-06" duration="00:00:00.0004079" startTime="2024-01-09T15:42:38.9821345+01:00" endTime="2024-01-09T15:42:38.9821345+01:00" testType="13cdc9d9-ddb5-4fa4-a97d-d965ccfc6d4b" outcome="Passed" testListId="8c84fa94-04c1-424b-9868-57a2d4851a1d" relativeResultsDirectory="1234cc49-0826-490b-8680-b58644d22a41" />
    <UnitTestResult executionId="a5aab00b-02f4-4370-a74d-f7cd2ec42161" testId="ee50d5ca-e3d7-ce4c-fe71-d1a2c22be5e1" testName="CorrectLookupChecks" computerName="DKSR-EFI-06" duration="00:00:00.0002398" startTime="2024-01-09T15:42:29.5602135+01:00" endTime="2024-01-09T15:42:29.5602135+01:00" testType="13cdc9d9-ddb5-4fa4-a97d-d965ccfc6d4b" outcome="Passed" testListId="8c84fa94-04c1-424b-9868-57a2d4851a1d" relativeResultsDirectory="a5aab00b-02f4-4370-a74d-f7cd2ec42161" />
    <UnitTestResult executionId="a2a3fc08-d71c-4fcb-a8fd-24ddd56e102b" testId="1e368e73-cdee-2d2d-fb8d-64c2df371def" testName="IsComplete_WhenStopRuleTypeIsSetToNone_ReturnsTrue" computerName="DKSR-EFI-06" duration="00:00:00.0009847" startTime="2024-01-09T15:42:35.2633665+01:00" endTime="2024-01-09T15:42:35.2633665+01:00" testType="13cdc9d9-ddb5-4fa4-a97d-d965ccfc6d4b" outcome="Passed" testListId="8c84fa94-04c1-424b-9868-57a2d4851a1d" relativeResultsDirectory="a2a3fc08-d71c-4fcb-a8fd-24ddd56e102b" />
    <UnitTestResult executionId="9e2266b2-a9e6-4b05-bd00-d77fe6b51efb" testId="03fe6e9a-54d3-8740-5987-511012741d51" testName="TestBuild_BasicFields_Correct" computerName="DKSR-EFI-06" duration="00:00:00.0131534" startTime="2024-01-09T15:42:41.3571447+01:00" endTime="2024-01-09T15:42:41.3727704+01:00" testType="13cdc9d9-ddb5-4fa4-a97d-d965ccfc6d4b" outcome="Passed" testListId="8c84fa94-04c1-424b-9868-57a2d4851a1d" relativeResultsDirectory="9e2266b2-a9e6-4b05-bd00-d77fe6b51efb" />
    <UnitTestResult executionId="08bbbd37-537d-4db7-8c61-7932cde4f27a" testId="ad9b71a0-0d2b-ecca-d42d-5932594e5ed4" testName="TryParseConditions_WhenTokenNodeHasNoNameAttribute_ReturnsFalse" computerName="DKSR-EFI-06" duration="00:00:00.0002111" startTime="2024-01-09T15:42:38.7477608+01:00" endTime="2024-01-09T15:42:38.7477608+01:00" testType="13cdc9d9-ddb5-4fa4-a97d-d965ccfc6d4b" outcome="Passed" testListId="8c84fa94-04c1-424b-9868-57a2d4851a1d" relativeResultsDirectory="08bbbd37-537d-4db7-8c61-7932cde4f27a" />
    <UnitTestResult executionId="ecb8cca4-ac08-479c-af30-f806b5c73ec6" testId="ed8d1798-26fd-c902-1367-e6a030748eaa" testName="Get_KnownResourceType_AnyTask_ExceptionNotCaught" computerName="DKSR-EFI-06" duration="00:00:00.0105238" startTime="2024-01-09T15:42:27.6070881+01:00" endTime="2024-01-09T15:42:27.6227154+01:00" testType="13cdc9d9-ddb5-4fa4-a97d-d965ccfc6d4b" outcome="Passed" testListId="8c84fa94-04c1-424b-9868-57a2d4851a1d" relativeResultsDirectory="ecb8cca4-ac08-479c-af30-f806b5c73ec6" />
    <UnitTestResult executionId="a2337ab9-1479-4de0-986c-52407d2285af" testId="ec9bf661-f647-2c8c-4e52-d1469c3ffb1b" testName="GetChildItems_InvalidPathTest" computerName="DKSR-EFI-06" duration="00:00:00.0006718" startTime="2024-01-09T15:42:41.7165206+01:00" endTime="2024-01-09T15:42:41.7165206+01:00" testType="13cdc9d9-ddb5-4fa4-a97d-d965ccfc6d4b" outcome="Passed" testListId="8c84fa94-04c1-424b-9868-57a2d4851a1d" relativeResultsDirectory="a2337ab9-1479-4de0-986c-52407d2285af" />
    <UnitTestResult executionId="9d02837e-7f14-4635-b9cb-e8118b34b8ae" testId="a5375ed0-48cf-fc4f-ff74-c921a09a9100" testName="SetItem_WhenPathIdDifferentFromModelId_Error" computerName="DKSR-EFI-06" duration="00:00:00.0042926" startTime="2024-01-09T15:42:34.0602385+01:00" endTime="2024-01-09T15:42:34.0602385+01:00" testType="13cdc9d9-ddb5-4fa4-a97d-d965ccfc6d4b" outcome="Passed" testListId="8c84fa94-04c1-424b-9868-57a2d4851a1d" relativeResultsDirectory="9d02837e-7f14-4635-b9cb-e8118b34b8ae" />
    <UnitTestResult executionId="c0e6f727-bcc9-47d9-83c1-81dd60e65c80" testId="0f52f7d2-0e4b-a4ac-1709-493c38e4d2da" testName="SystemSettingsManager_ConvertToDatabaseValue_WithDecryptedPassword" computerName="DKSR-EFI-06" duration="00:00:00.0003512" startTime="2024-01-09T15:42:25.6695930+01:00" endTime="2024-01-09T15:42:25.6695930+01:00" testType="13cdc9d9-ddb5-4fa4-a97d-d965ccfc6d4b" outcome="Passed" testListId="8c84fa94-04c1-424b-9868-57a2d4851a1d" relativeResultsDirectory="c0e6f727-bcc9-47d9-83c1-81dd60e65c80" />
    <UnitTestResult executionId="4f2a946d-dcd5-4a41-b39a-440dd85e08ef" testId="85b6a71f-1088-22e4-4d9b-8971a1c74d02" testName="Validation_MotionDetectionHardwareAccelerationAndDetectionMethod_OneValueIsNull_Success" computerName="DKSR-EFI-06" duration="00:00:00.0001257" startTime="2024-01-09T15:42:26.2008399+01:00" endTime="2024-01-09T15:42:26.2008399+01:00" testType="13cdc9d9-ddb5-4fa4-a97d-d965ccfc6d4b" outcome="Passed" testListId="8c84fa94-04c1-424b-9868-57a2d4851a1d" relativeResultsDirectory="4f2a946d-dcd5-4a41-b39a-440dd85e08ef" />
    <UnitTestResult executionId="acf86efa-b936-4658-8c4b-5db39d2ccaf5" testId="710c4812-5608-d4a5-ebda-3675519b44e4" testName="Build_TriggerEventOnRemoteSite_WhenParametersAreSet_ReturnsActionModel" computerName="DKSR-EFI-06" duration="00:00:00.0022100" startTime="2024-01-09T15:42:36.4977481+01:00" endTime="2024-01-09T15:42:36.4977481+01:00" testType="13cdc9d9-ddb5-4fa4-a97d-d965ccfc6d4b" outcome="Passed" testListId="8c84fa94-04c1-424b-9868-57a2d4851a1d" relativeResultsDirectory="acf86efa-b936-4658-8c4b-5db39d2ccaf5" />
    <UnitTestResult executionId="e7dc33ab-370e-4e0a-9108-3f3a629b9448" testId="1692898f-6771-97e5-efaa-ce29f79f04d3" testName="Build_Frequency_WhenDailyIsSet_ReturnsDailyFrequencyModel" computerName="DKSR-EFI-06" duration="00:00:00.0003550" startTime="2024-01-09T15:42:36.6696254+01:00" endTime="2024-01-09T15:42:36.6696254+01:00" testType="13cdc9d9-ddb5-4fa4-a97d-d965ccfc6d4b" outcome="Passed" testListId="8c84fa94-04c1-424b-9868-57a2d4851a1d" relativeResultsDirectory="e7dc33ab-370e-4e0a-9108-3f3a629b9448" />
    <UnitTestResult executionId="f781c990-c9a0-4d11-a0f6-742cecaa81c5" testId="536f3755-66af-0913-2d1c-ba9e2c637c22" testName="PropertyKeyConvertTests" computerName="DKSR-EFI-06" duration="00:00:00.0008840" startTime="2024-01-09T15:42:29.9352142+01:00" endTime="2024-01-09T15:42:29.9352142+01:00" testType="13cdc9d9-ddb5-4fa4-a97d-d965ccfc6d4b" outcome="Passed" testListId="8c84fa94-04c1-424b-9868-57a2d4851a1d" relativeResultsDirectory="f781c990-c9a0-4d11-a0f6-742cecaa81c5" />
    <UnitTestResult executionId="8d17bd1b-9df8-40d0-b141-821870d4b60c" testId="66e86e11-aa6f-d6de-573d-c0aabb75ba87" testName="DriverSettingsBusiness_PrepareAndValidateSettings_TwoSettings_Success (Data Row 6)" computerName="DKSR-EFI-06" duration="00:00:00.0267887" startTime="2024-01-09T15:42:32.2008497+01:00" endTime="2024-01-09T15:42:32.5446004+01:00" testType="13cdc9d9-ddb5-4fa4-a97d-d965ccfc6d4b" outcome="Passed" testListId="8c84fa94-04c1-424b-9868-57a2d4851a1d" relativeResultsDirectory="8d17bd1b-9df8-40d0-b141-821870d4b60c" />
    <UnitTestResult executionId="63be800d-d303-43a5-9abb-dbc19f9f4920" testId="e4c5e017-1a92-75d7-9efb-b14a29909de5" testName="IsPropertyValuePresent_WhenNoSuchPropertyOrValueIsEmpty_ReturnsFalse" computerName="DKSR-EFI-06" duration="00:00:00.0008685" startTime="2024-01-09T15:42:34.1071124+01:00" endTime="2024-01-09T15:42:34.1071124+01:00" testType="13cdc9d9-ddb5-4fa4-a97d-d965ccfc6d4b" outcome="Passed" testListId="8c84fa94-04c1-424b-9868-57a2d4851a1d" relativeResultsDirectory="63be800d-d303-43a5-9abb-dbc19f9f4920" />
    <UnitTestResult executionId="cd19bdba-ae91-4124-9aea-6d184cae33f0" testId="31976acb-5bfa-201f-93a4-d10a0e1e9d75" testName="Validate_WhenPtzFilterEnabled_ValidatesAccordingToDevicePtzSetting" computerName="DKSR-EFI-06" duration="00:00:00.0175746" startTime="2024-01-09T15:42:37.3415044+01:00" endTime="2024-01-09T15:42:37.3571286+01:00" testType="13cdc9d9-ddb5-4fa4-a97d-d965ccfc6d4b" outcome="Passed" testListId="8c84fa94-04c1-424b-9868-57a2d4851a1d" relativeResultsDirectory="cd19bdba-ae91-4124-9aea-6d184cae33f0" />
    <UnitTestResult executionId="36fe6148-1465-4881-a5c3-3806f13119b6" testId="71058df9-2347-b963-8393-07ff762448cc" testName="GetItemType_WhenObjectExists_ReturnsMipKind" computerName="DKSR-EFI-06" duration="00:00:00.0028947" startTime="2024-01-09T15:42:38.5133820+01:00" endTime="2024-01-09T15:42:38.5290102+01:00" testType="13cdc9d9-ddb5-4fa4-a97d-d965ccfc6d4b" outcome="Passed" testListId="8c84fa94-04c1-424b-9868-57a2d4851a1d" relativeResultsDirectory="36fe6148-1465-4881-a5c3-3806f13119b6" />
    <UnitTestResult executionId="ad9071b8-e38c-416a-b1fe-fcdc99ab8944" testId="7ff8b7fd-c800-7634-7c84-fc4022e8c24b" testName="Validate_WhenInvalidSubdayType_ReturnsError" computerName="DKSR-EFI-06" duration="00:00:00.0019658" startTime="2024-01-09T15:42:36.9508744+01:00" endTime="2024-01-09T15:42:36.9667190+01:00" testType="13cdc9d9-ddb5-4fa4-a97d-d965ccfc6d4b" outcome="Passed" testListId="8c84fa94-04c1-424b-9868-57a2d4851a1d" relativeResultsDirectory="ad9071b8-e38c-416a-b1fe-fcdc99ab8944" />
    <UnitTestResult executionId="02f29abe-1603-49f5-ac21-950f1ddebe91" testId="49f009ab-eb1f-34a1-5790-05eb8440c65c" testName="GetChildItems_LicenseDetailCount_MIPExpired_SunnyDay" computerName="DKSR-EFI-06" duration="00:00:00.0091523" startTime="2024-01-09T15:42:40.4508913+01:00" endTime="2024-01-09T15:42:40.4665180+01:00" testType="13cdc9d9-ddb5-4fa4-a97d-d965ccfc6d4b" outcome="Passed" testListId="8c84fa94-04c1-424b-9868-57a2d4851a1d" relativeResultsDirectory="02f29abe-1603-49f5-ac21-950f1ddebe91" />
    <UnitTestResult executionId="603e3a46-668c-441f-b662-cb48c007204a" testId="e8949100-4491-b962-9c07-889aaccb4f3c" testName="Validate_WhenTimeIntervalRule_StopRuleHasEventType_Error" computerName="DKSR-EFI-06" duration="00:00:00.0008510" startTime="2024-01-09T15:42:37.5602549+01:00" endTime="2024-01-09T15:42:37.5602549+01:00" testType="13cdc9d9-ddb5-4fa4-a97d-d965ccfc6d4b" outcome="Passed" testListId="8c84fa94-04c1-424b-9868-57a2d4851a1d" relativeResultsDirectory="603e3a46-668c-441f-b662-cb48c007204a" />
    <UnitTestResult executionId="67711857-90d8-4d71-b3d8-ba1963771ec7" testId="b19a97a7-d301-dc58-24f4-cbea3343fb4a" testName="ConfigurationItemPath_CreateFolderPath3Strings_SystemRoot_Succes" computerName="DKSR-EFI-06" duration="00:00:00.0005509" startTime="2024-01-09T15:42:33.4977340+01:00" endTime="2024-01-09T15:42:33.5133555+01:00" testType="13cdc9d9-ddb5-4fa4-a97d-d965ccfc6d4b" outcome="Passed" testListId="8c84fa94-04c1-424b-9868-57a2d4851a1d" relativeResultsDirectory="67711857-90d8-4d71-b3d8-ba1963771ec7" />
    <UnitTestResult executionId="7dafab89-d2d3-48d9-9855-50a347f2407f" testId="9c95bc6d-4ea0-5863-742f-aa936f655924" testName="Get_Item_Database_Exception_ServerException_Expected" computerName="DKSR-EFI-06" duration="00:00:00.0010810" startTime="2024-01-09T15:42:33.5915145+01:00" endTime="2024-01-09T15:42:33.5915145+01:00" testType="13cdc9d9-ddb5-4fa4-a97d-d965ccfc6d4b" outcome="Passed" testListId="8c84fa94-04c1-424b-9868-57a2d4851a1d" relativeResultsDirectory="7dafab89-d2d3-48d9-9855-50a347f2407f" />
    <UnitTestResult executionId="c3624263-6d3b-4d2d-b246-24f937250620" testId="4850f404-1052-1ae3-2ddd-f3314b4dd088" testName="Get_KnownResource_ItemFound_NoData_NotTasks_NotPerformingTask_NotResources_Definition_ReturnsDefinitions" computerName="DKSR-EFI-06" duration="00:00:00.0177441" startTime="2024-01-09T15:42:27.8727157+01:00" endTime="2024-01-09T15:42:27.8883410+01:00" testType="13cdc9d9-ddb5-4fa4-a97d-d965ccfc6d4b" outcome="Passed" testListId="8c84fa94-04c1-424b-9868-57a2d4851a1d" relativeResultsDirectory="c3624263-6d3b-4d2d-b246-24f937250620" />
    <UnitTestResult executionId="458caed0-616f-4c93-8b82-29d38f121df6" testId="aa8846e1-eceb-05ec-5ae7-803863b41b04" testName="SendCommandSecurityVisitor_UpdateConfigurationManagerCommand_ArgumentNullException" computerName="DKSR-EFI-06" duration="00:00:00.0225880" startTime="2024-01-09T15:42:22.6383390+01:00" endTime="2024-01-09T15:42:22.6539649+01:00" testType="13cdc9d9-ddb5-4fa4-a97d-d965ccfc6d4b" outcome="Passed" testListId="8c84fa94-04c1-424b-9868-57a2d4851a1d" relativeResultsDirectory="458caed0-616f-4c93-8b82-29d38f121df6">
      <Output>
        <StdOut>Debug Trace:&#xD;
Fail: Argument null.</StdOut>
      </Output>
    </UnitTestResult>
    <UnitTestResult executionId="4f19b798-4e61-47d8-a676-db4c67e09efc" testId="69b88036-a806-75d0-9cbf-e8eef29720e7" testName="IncorrectParamaterChecks" computerName="DKSR-EFI-06" duration="00:00:00.0008197" startTime="2024-01-09T15:42:29.9352142+01:00" endTime="2024-01-09T15:42:29.9352142+01:00" testType="13cdc9d9-ddb5-4fa4-a97d-d965ccfc6d4b" outcome="Passed" testListId="8c84fa94-04c1-424b-9868-57a2d4851a1d" relativeResultsDirectory="4f19b798-4e61-47d8-a676-db4c67e09efc" />
    <UnitTestResult executionId="5340c065-6f1e-42f0-96f7-93a7d7b54549" testId="14ef688c-cce8-89b7-f9d3-4ad0d53611bd" testName="Given_Nothing_When_QueryingTheWellKnownUris_Then_ResponseContainsTheProductVersion" computerName="DKSR-EFI-06" duration="00:00:00.0059739" startTime="2024-01-09T15:42:28.7477148+01:00" endTime="2024-01-09T15:42:28.7633377+01:00" testType="13cdc9d9-ddb5-4fa4-a97d-d965ccfc6d4b" outcome="Passed" testListId="8c84fa94-04c1-424b-9868-57a2d4851a1d" relativeResultsDirectory="5340c065-6f1e-42f0-96f7-93a7d7b54549" />
    <UnitTestResult executionId="65b8efb8-73d8-4d85-ad30-07bd11f1d80d" testId="7fdae2b0-f7ef-a0d3-ef38-e836ce4c6565" testName="Validate_WhenObjectExists_ReturnsTrue" computerName="DKSR-EFI-06" duration="00:00:00.0038280" startTime="2024-01-09T15:42:38.4352585+01:00" endTime="2024-01-09T15:42:38.4352585+01:00" testType="13cdc9d9-ddb5-4fa4-a97d-d965ccfc6d4b" outcome="Passed" testListId="8c84fa94-04c1-424b-9868-57a2d4851a1d" relativeResultsDirectory="65b8efb8-73d8-4d85-ad30-07bd11f1d80d" />
    <UnitTestResult executionId="4ae19c96-d058-4076-b902-9df4393386f0" testId="a70fd0d3-e5d0-e4eb-ec3d-95110a406ff7" testName="SendCommandSecurityVisitor_UpdateSecurityManagerCommand_SecurityPermissionsDevice_Input_Edit_Allowed" computerName="DKSR-EFI-06" duration="00:00:00.0227703" startTime="2024-01-09T15:42:21.3258388+01:00" endTime="2024-01-09T15:42:21.3570888+01:00" testType="13cdc9d9-ddb5-4fa4-a97d-d965ccfc6d4b" outcome="Passed" testListId="8c84fa94-04c1-424b-9868-57a2d4851a1d" relativeResultsDirectory="4ae19c96-d058-4076-b902-9df4393386f0" />
    <UnitTestResult executionId="93b3ca77-8f9f-4fab-b087-d8002f5c5ee1" testId="c91f6e83-7412-410e-bf15-7c7390e6e9ac" testName="TryGetProperty_WhenPropertyExistsButValueTypeIncompatible_Exception" computerName="DKSR-EFI-06" duration="00:00:00.0017706" startTime="2024-01-09T15:42:34.1539882+01:00" endTime="2024-01-09T15:42:34.1539882+01:00" testType="13cdc9d9-ddb5-4fa4-a97d-d965ccfc6d4b" outcome="Passed" testListId="8c84fa94-04c1-424b-9868-57a2d4851a1d" relativeResultsDirectory="93b3ca77-8f9f-4fab-b087-d8002f5c5ee1" />
    <UnitTestResult executionId="2db64e5f-d4a6-4aa2-badd-e2a82ecd735b" testId="73f90af0-f0a6-9188-0147-49d9ed1c214b" testName="SendCommandSecurityVisitor_DatabaseOperationCommand_ArgumentNullException" computerName="DKSR-EFI-06" duration="00:00:00.0042559" startTime="2024-01-09T15:42:22.5914635+01:00" endTime="2024-01-09T15:42:22.6070894+01:00" testType="13cdc9d9-ddb5-4fa4-a97d-d965ccfc6d4b" outcome="Passed" testListId="8c84fa94-04c1-424b-9868-57a2d4851a1d" relativeResultsDirectory="2db64e5f-d4a6-4aa2-badd-e2a82ecd735b">
      <Output>
        <StdOut>Debug Trace:&#xD;
Fail: Argument null.</StdOut>
      </Output>
    </UnitTestResult>
    <UnitTestResult executionId="1fad2938-dba4-4cd2-821c-00fdecfe67a9" testId="a7b81f44-7fab-957f-cea7-931e5c1074ae" testName="ClientVersionHandling_GetSmartClientVersion_FIPS_203" computerName="DKSR-EFI-06" duration="00:00:00.0012314" startTime="2024-01-09T15:42:20.5290517+01:00" endTime="2024-01-09T15:42:20.5445878+01:00" testType="13cdc9d9-ddb5-4fa4-a97d-d965ccfc6d4b" outcome="Passed" testListId="8c84fa94-04c1-424b-9868-57a2d4851a1d" relativeResultsDirectory="1fad2938-dba4-4cd2-821c-00fdecfe67a9" />
    <UnitTestResult executionId="2c168cfc-a355-4e92-9a54-a30f49cf2976" testId="69d6390c-e199-bae2-39a7-1d41cfb57ebe" testName="GetItem_SaveSearches_UnknownId" computerName="DKSR-EFI-06" duration="00:00:00.0028542" startTime="2024-01-09T15:42:41.1071449+01:00" endTime="2024-01-09T15:42:41.1071449+01:00" testType="13cdc9d9-ddb5-4fa4-a97d-d965ccfc6d4b" outcome="Passed" testListId="8c84fa94-04c1-424b-9868-57a2d4851a1d" relativeResultsDirectory="2c168cfc-a355-4e92-9a54-a30f49cf2976" />
    <UnitTestResult executionId="3452c2e3-26d8-420c-9dba-fe565023f4d2" testId="ff650975-6ca8-ea08-11d1-eeb0f21dd0cf" testName="Initialize_Success" computerName="DKSR-EFI-06" duration="00:00:00.0429614" startTime="2024-01-09T15:42:30.1227187+01:00" endTime="2024-01-09T15:42:30.1695902+01:00" testType="13cdc9d9-ddb5-4fa4-a97d-d965ccfc6d4b" outcome="Passed" testListId="8c84fa94-04c1-424b-9868-57a2d4851a1d" relativeResultsDirectory="3452c2e3-26d8-420c-9dba-fe565023f4d2" />
    <UnitTestResult executionId="4fa1e514-afaf-4a1f-ae88-c446205e9743" testId="74deb67f-d5e4-bef0-7a84-b9e514630150" testName="Build_WhenActionIsSetFramerate_ReturnsRuleModel" computerName="DKSR-EFI-06" duration="00:00:00.0089839" startTime="2024-01-09T15:42:39.1383894+01:00" endTime="2024-01-09T15:42:39.1540107+01:00" testType="13cdc9d9-ddb5-4fa4-a97d-d965ccfc6d4b" outcome="Passed" testListId="8c84fa94-04c1-424b-9868-57a2d4851a1d" relativeResultsDirectory="4fa1e514-afaf-4a1f-ae88-c446205e9743" />
    <UnitTestResult executionId="718290e2-b743-431e-bc39-f58d4e8bb44e" testId="29dacc87-51d0-f14f-e405-0664c2188b60" testName="GetChildItems_ParamNullCheck_PathTest" computerName="DKSR-EFI-06" duration="00:00:00.0009110" startTime="2024-01-09T15:42:39.5758876+01:00" endTime="2024-01-09T15:42:39.5758876+01:00" testType="13cdc9d9-ddb5-4fa4-a97d-d965ccfc6d4b" outcome="Passed" testListId="8c84fa94-04c1-424b-9868-57a2d4851a1d" relativeResultsDirectory="718290e2-b743-431e-bc39-f58d4e8bb44e" />
    <UnitTestResult executionId="b26b8f6e-ac8f-4704-8e61-6f58abba49ba" testId="5359f2e5-1da8-5039-e8be-f78fcf1a3214" testName="BuildLicensePlateInfos_Correct" computerName="DKSR-EFI-06" duration="00:00:00.0044905" startTime="2024-01-09T15:42:41.3883949+01:00" endTime="2024-01-09T15:42:41.3883949+01:00" testType="13cdc9d9-ddb5-4fa4-a97d-d965ccfc6d4b" outcome="Passed" testListId="8c84fa94-04c1-424b-9868-57a2d4851a1d" relativeResultsDirectory="b26b8f6e-ac8f-4704-8e61-6f58abba49ba" />
    <UnitTestResult executionId="afa6d740-63c9-479d-8033-a1560567d076" testId="a2a6fc0c-1ad1-08d3-08a6-feea2a45a400" testName="GetItemType_WhenObjectExists_ReturnsCorrectItemType" computerName="DKSR-EFI-06" duration="00:00:00.0034567" startTime="2024-01-09T15:42:37.9352577+01:00" endTime="2024-01-09T15:42:37.9352577+01:00" testType="13cdc9d9-ddb5-4fa4-a97d-d965ccfc6d4b" outcome="Passed" testListId="8c84fa94-04c1-424b-9868-57a2d4851a1d" relativeResultsDirectory="afa6d740-63c9-479d-8033-a1560567d076" />
    <UnitTestResult executionId="af199c38-2546-45a3-a6c9-6bde050b0ff7" testId="4f537729-254e-e9b7-2bf6-42335d655dd2" testName="Put_UseElementListToUpdateItem_UseIdOfItem" computerName="DKSR-EFI-06" duration="00:00:00.0078151" startTime="2024-01-09T15:42:29.3102381+01:00" endTime="2024-01-09T15:42:29.3102381+01:00" testType="13cdc9d9-ddb5-4fa4-a97d-d965ccfc6d4b" outcome="Passed" testListId="8c84fa94-04c1-424b-9868-57a2d4851a1d" relativeResultsDirectory="af199c38-2546-45a3-a6c9-6bde050b0ff7" />
    <UnitTestResult executionId="86129a40-b809-4652-b9a6-159a72267d83" testId="4c4bc668-fcd6-a98d-ee1a-48a07f07d098" testName="ConfigurationItemPath_CreateSystemFolderPath_NonFolder_CreateConfigurationItemPathException" computerName="DKSR-EFI-06" duration="00:00:00.0009213" startTime="2024-01-09T15:42:33.4508544+01:00" endTime="2024-01-09T15:42:33.4508544+01:00" testType="13cdc9d9-ddb5-4fa4-a97d-d965ccfc6d4b" outcome="Passed" testListId="8c84fa94-04c1-424b-9868-57a2d4851a1d" relativeResultsDirectory="86129a40-b809-4652-b9a6-159a72267d83">
      <Output>
        <StdOut>Debug Trace:&#xD;
Fail: Item type is invalid: RecordingServer</StdOut>
      </Output>
    </UnitTestResult>
    <UnitTestResult executionId="a5002056-7ef8-4f33-8a67-87c40eada479" testId="d8901dae-aafe-a63b-9eaf-0b11661d1308" testName="Validate_WhenMonthlyRelative_FrequencyIsNegative_ReturnsError" computerName="DKSR-EFI-06" duration="00:00:00.0003416" startTime="2024-01-09T15:42:37.0915001+01:00" endTime="2024-01-09T15:42:37.0915001+01:00" testType="13cdc9d9-ddb5-4fa4-a97d-d965ccfc6d4b" outcome="Passed" testListId="8c84fa94-04c1-424b-9868-57a2d4851a1d" relativeResultsDirectory="a5002056-7ef8-4f33-8a67-87c40eada479" />
    <UnitTestResult executionId="99c18f78-c6a4-413c-9218-916d948e48b8" testId="ebd09186-3cfd-ad29-a8d9-7f3c87e81855" testName="SendCommandSecurityVisitor_UpdateConfigurationManagerCommand_Input_Edit_Allowed" computerName="DKSR-EFI-06" duration="00:00:00.0177702" startTime="2024-01-09T15:42:23.7633393+01:00" endTime="2024-01-09T15:42:23.7945890+01:00" testType="13cdc9d9-ddb5-4fa4-a97d-d965ccfc6d4b" outcome="Passed" testListId="8c84fa94-04c1-424b-9868-57a2d4851a1d" relativeResultsDirectory="99c18f78-c6a4-413c-9218-916d948e48b8" />
    <UnitTestResult executionId="75162e2f-c9ca-49f9-9a1f-b6a84943a4a3" testId="38031f87-f9dd-c256-cf8a-ce0fbfb8029d" testName="GetChildItems_SunnyDayTest_Top" computerName="DKSR-EFI-06" duration="00:00:00.0046280" startTime="2024-01-09T15:42:40.7790190+01:00" endTime="2024-01-09T15:42:40.7790190+01:00" testType="13cdc9d9-ddb5-4fa4-a97d-d965ccfc6d4b" outcome="Passed" testListId="8c84fa94-04c1-424b-9868-57a2d4851a1d" relativeResultsDirectory="75162e2f-c9ca-49f9-9a1f-b6a84943a4a3" />
    <UnitTestResult executionId="a6cee8f2-6b23-4c51-9619-32a057603d6d" testId="a8fa1ae9-5ce1-944e-2012-7278c96c6ce6" testName="Validation_CheckAddressIntervals_Valid_Xml_Success" computerName="DKSR-EFI-06" duration="00:00:00.3755859" startTime="2024-01-09T15:42:25.7789657+01:00" endTime="2024-01-09T15:42:26.1539647+01:00" testType="13cdc9d9-ddb5-4fa4-a97d-d965ccfc6d4b" outcome="Passed" testListId="8c84fa94-04c1-424b-9868-57a2d4851a1d" relativeResultsDirectory="a6cee8f2-6b23-4c51-9619-32a057603d6d" />
    <UnitTestResult executionId="1d0760b2-04a2-46f0-be61-801ca1e7fcb4" testId="8867f3bc-d98f-be28-5590-190e34b09f1d" testName="ConstructSqlSelect_SunnyDay_EnabledFalse" computerName="DKSR-EFI-06" duration="00:00:00.0002274" startTime="2024-01-09T15:42:33.7321076+01:00" endTime="2024-01-09T15:42:33.7321076+01:00" testType="13cdc9d9-ddb5-4fa4-a97d-d965ccfc6d4b" outcome="Passed" testListId="8c84fa94-04c1-424b-9868-57a2d4851a1d" relativeResultsDirectory="1d0760b2-04a2-46f0-be61-801ca1e7fcb4" />
    <UnitTestResult executionId="42f5242c-550b-4fee-9b83-34289aa46417" testId="d45cc0ec-1a97-b3cb-b165-eace3f55ef2e" testName="SendCommandSecurityVisitor_UpdateConfigurationManagerCommand_Camera_Add_NoSecurityCheck" computerName="DKSR-EFI-06" duration="00:00:00.0184679" startTime="2024-01-09T15:42:23.5290939+01:00" endTime="2024-01-09T15:42:23.5602143+01:00" testType="13cdc9d9-ddb5-4fa4-a97d-d965ccfc6d4b" outcome="Passed" testListId="8c84fa94-04c1-424b-9868-57a2d4851a1d" relativeResultsDirectory="42f5242c-550b-4fee-9b83-34289aa46417" />
    <UnitTestResult executionId="edf1f798-d5f4-4c39-8ca1-0e39248147bd" testId="c250a9b4-c8db-c2cc-d510-1668283517cd" testName="Build_WhenNoConditionIsSet_ReturnsEmptyList" computerName="DKSR-EFI-06" duration="00:00:00.0010424" startTime="2024-01-09T15:42:36.6227481+01:00" endTime="2024-01-09T15:42:36.6227481+01:00" testType="13cdc9d9-ddb5-4fa4-a97d-d965ccfc6d4b" outcome="Passed" testListId="8c84fa94-04c1-424b-9868-57a2d4851a1d" relativeResultsDirectory="edf1f798-d5f4-4c39-8ca1-0e39248147bd" />
    <UnitTestResult executionId="064c8b77-abf4-45ef-9b77-9eee679f2e05" testId="9fc941ca-8cbc-15b6-a3ce-eb134d290e83" testName="Validate_WhenConditionsIncludeWithinTimeProfile_NoErrors" computerName="DKSR-EFI-06" duration="00:00:00.0005023" startTime="2024-01-09T15:42:37.1383775+01:00" endTime="2024-01-09T15:42:37.1383775+01:00" testType="13cdc9d9-ddb5-4fa4-a97d-d965ccfc6d4b" outcome="Passed" testListId="8c84fa94-04c1-424b-9868-57a2d4851a1d" relativeResultsDirectory="064c8b77-abf4-45ef-9b77-9eee679f2e05" />
    <UnitTestResult executionId="710f80c1-e762-4d62-add3-42263af36a15" testId="39f7ea9f-a476-d550-d353-b49bf5f1d165" testName="Invoke_NullCheck5" computerName="DKSR-EFI-06" duration="00:00:00.0009135" startTime="2024-01-09T15:42:40.5446417+01:00" endTime="2024-01-09T15:42:40.5446417+01:00" testType="13cdc9d9-ddb5-4fa4-a97d-d965ccfc6d4b" outcome="Passed" testListId="8c84fa94-04c1-424b-9868-57a2d4851a1d" relativeResultsDirectory="710f80c1-e762-4d62-add3-42263af36a15" />
    <UnitTestResult executionId="490636ee-1140-4382-b5e8-7b7e4a607cc4" testId="2eb837c4-ca6b-e047-4e78-a4031f067791" testName="Build_DaysOfWeek_WhenFalse_ParameterNotPresent_ConditionNotAdded" computerName="DKSR-EFI-06" duration="00:00:00.0002147" startTime="2024-01-09T15:42:36.6696254+01:00" endTime="2024-01-09T15:42:36.6696254+01:00" testType="13cdc9d9-ddb5-4fa4-a97d-d965ccfc6d4b" outcome="Passed" testListId="8c84fa94-04c1-424b-9868-57a2d4851a1d" relativeResultsDirectory="490636ee-1140-4382-b5e8-7b7e4a607cc4" />
    <UnitTestResult executionId="efae29af-1f1d-4955-9480-d42aec5530a4" testId="c7d8b796-d3b6-1359-54e1-3aa7a8ea4ac8" testName="GetArrayOfChildItems_IncludeDisabledItems" computerName="DKSR-EFI-06" duration="00:00:00.0091963" startTime="2024-01-09T15:42:29.1383397+01:00" endTime="2024-01-09T15:42:29.1383397+01:00" testType="13cdc9d9-ddb5-4fa4-a97d-d965ccfc6d4b" outcome="Passed" testListId="8c84fa94-04c1-424b-9868-57a2d4851a1d" relativeResultsDirectory="efae29af-1f1d-4955-9480-d42aec5530a4" />
    <UnitTestResult executionId="256c7bda-c57f-49dc-b50f-172939d28239" testId="39c1e379-1467-80f8-b749-61e3db464acf" testName="Validate_WhenExpectedTypeIsNull_ReturnFalse" computerName="DKSR-EFI-06" duration="00:00:00.0019620" startTime="2024-01-09T15:42:37.7477570+01:00" endTime="2024-01-09T15:42:37.7477570+01:00" testType="13cdc9d9-ddb5-4fa4-a97d-d965ccfc6d4b" outcome="Passed" testListId="8c84fa94-04c1-424b-9868-57a2d4851a1d" relativeResultsDirectory="256c7bda-c57f-49dc-b50f-172939d28239" />
    <UnitTestResult executionId="6295e67d-adaf-4092-a8e6-2c0f56190230" testId="fc149db2-f904-42c4-f849-24385173e28b" testName="DeviceEvents_QueryEvents_Null_RequestContext_Exception" computerName="DKSR-EFI-06" duration="00:00:00.0011546" startTime="2024-01-09T15:42:41.9352735+01:00" endTime="2024-01-09T15:42:41.9352735+01:00" testType="13cdc9d9-ddb5-4fa4-a97d-d965ccfc6d4b" outcome="Passed" testListId="8c84fa94-04c1-424b-9868-57a2d4851a1d" relativeResultsDirectory="6295e67d-adaf-4092-a8e6-2c0f56190230" />
    <UnitTestResult executionId="b3e94496-e223-4c44-a48c-339ea4923258" testId="d80aaa61-200f-f849-c2ff-b965cf3c30cf" testName="SystemSettingsManager_CheckSetPermissions_Existing" computerName="DKSR-EFI-06" duration="00:00:00.0005686" startTime="2024-01-09T15:42:25.6852162+01:00" endTime="2024-01-09T15:42:25.6852162+01:00" testType="13cdc9d9-ddb5-4fa4-a97d-d965ccfc6d4b" outcome="Passed" testListId="8c84fa94-04c1-424b-9868-57a2d4851a1d" relativeResultsDirectory="b3e94496-e223-4c44-a48c-339ea4923258" />
    <UnitTestResult executionId="52d0b427-4e04-483e-91cb-64986a0bacad" testId="2f38f56a-4276-1e9e-afb3-bee2c2c97034" testName="GetCurrentProperties_WhenRecurring_FrequencySetWithProperties_ReturnsAllFrequencyTypeProperties" computerName="DKSR-EFI-06" duration="00:00:00.0030384" startTime="2024-01-09T15:42:35.0446159+01:00" endTime="2024-01-09T15:42:35.0446159+01:00" testType="13cdc9d9-ddb5-4fa4-a97d-d965ccfc6d4b" outcome="Passed" testListId="8c84fa94-04c1-424b-9868-57a2d4851a1d" relativeResultsDirectory="52d0b427-4e04-483e-91cb-64986a0bacad" />
    <UnitTestResult executionId="9900ee37-becb-48dc-bc12-36b8c43cd88e" testId="d5cf14e2-466a-8631-9307-cae6032d7ad4" testName="GetItemType_WhenObjectNotExists_ReturnsNull" computerName="DKSR-EFI-06" duration="00:00:00.0023603" startTime="2024-01-09T15:42:38.4508818+01:00" endTime="2024-01-09T15:42:38.4665073+01:00" testType="13cdc9d9-ddb5-4fa4-a97d-d965ccfc6d4b" outcome="Passed" testListId="8c84fa94-04c1-424b-9868-57a2d4851a1d" relativeResultsDirectory="9900ee37-becb-48dc-bc12-36b8c43cd88e" />
    <UnitTestResult executionId="86526bb9-d246-49df-849d-b51b64098845" testId="cceb3539-2c0b-6b74-1d94-b74534b45cd5" testName="PathConvertTest" computerName="DKSR-EFI-06" duration="00:00:00.0043957" startTime="2024-01-09T15:42:29.8727151+01:00" endTime="2024-01-09T15:42:29.8727151+01:00" testType="13cdc9d9-ddb5-4fa4-a97d-d965ccfc6d4b" outcome="Passed" testListId="8c84fa94-04c1-424b-9868-57a2d4851a1d" relativeResultsDirectory="86526bb9-d246-49df-849d-b51b64098845" />
    <UnitTestResult executionId="fb8a458a-ee4f-41ec-abf7-3671c9ad3f8d" testId="adfb3f18-bb52-dd8d-6bde-59811a081271" testName="Post_InvokeMethod_ValidTaskOnConfigurationItem_InvokeResultUsedInConfigurationItem" computerName="DKSR-EFI-06" duration="00:00:00.0076494" startTime="2024-01-09T15:42:29.3572289+01:00" endTime="2024-01-09T15:42:29.3727151+01:00" testType="13cdc9d9-ddb5-4fa4-a97d-d965ccfc6d4b" outcome="Passed" testListId="8c84fa94-04c1-424b-9868-57a2d4851a1d" relativeResultsDirectory="fb8a458a-ee4f-41ec-abf7-3671c9ad3f8d" />
    <UnitTestResult executionId="213cb176-e7a1-4885-97ee-b8d8da280f27" testId="8e259604-a6ad-7686-7a0c-58f8eabe9a97" testName="SystemSettingsManager_CheckGetPermissions_Existing" computerName="DKSR-EFI-06" duration="00:00:00.0004741" startTime="2024-01-09T15:42:25.6852162+01:00" endTime="2024-01-09T15:42:25.7008420+01:00" testType="13cdc9d9-ddb5-4fa4-a97d-d965ccfc6d4b" outcome="Passed" testListId="8c84fa94-04c1-424b-9868-57a2d4851a1d" relativeResultsDirectory="213cb176-e7a1-4885-97ee-b8d8da280f27" />
    <UnitTestResult executionId="a2397361-ebf0-46bb-8548-f6ed76b9f4cb" testId="d2b63424-21bb-bc18-99f0-280dd5d77182" testName="GetXml_WhenConditionIsFailoverInactive_MatchesXml" computerName="DKSR-EFI-06" duration="00:00:00.0006128" startTime="2024-01-09T15:42:38.8102607+01:00" endTime="2024-01-09T15:42:38.8102607+01:00" testType="13cdc9d9-ddb5-4fa4-a97d-d965ccfc6d4b" outcome="Passed" testListId="8c84fa94-04c1-424b-9868-57a2d4851a1d" relativeResultsDirectory="a2397361-ebf0-46bb-8548-f6ed76b9f4cb" />
    <UnitTestResult executionId="3419a5cd-db75-4c8f-8a74-1db37914cbcf" testId="f792a012-ac64-23e4-698c-0ae76a825caf" testName="FindSearchTemplates_ById_ParamNullCheck_RequestContext" computerName="DKSR-EFI-06" duration="00:00:00.0011973" startTime="2024-01-09T15:42:43.4821523+01:00" endTime="2024-01-09T15:42:43.4821523+01:00" testType="13cdc9d9-ddb5-4fa4-a97d-d965ccfc6d4b" outcome="Passed" testListId="8c84fa94-04c1-424b-9868-57a2d4851a1d" relativeResultsDirectory="3419a5cd-db75-4c8f-8a74-1db37914cbcf" />
    <UnitTestResult executionId="fa1d5b0b-2b80-447a-bae9-384f1bf4f78a" testId="444529ed-313e-17e3-1984-35d1e4bf8f0e" testName="GetXml_WhenActionIsStartRecording_MatchesXml" computerName="DKSR-EFI-06" duration="00:00:00.0089791" startTime="2024-01-09T15:42:38.5290102+01:00" endTime="2024-01-09T15:42:38.5446325+01:00" testType="13cdc9d9-ddb5-4fa4-a97d-d965ccfc6d4b" outcome="Passed" testListId="8c84fa94-04c1-424b-9868-57a2d4851a1d" relativeResultsDirectory="fa1d5b0b-2b80-447a-bae9-384f1bf4f78a" />
    <UnitTestResult executionId="4f8398f0-ed17-414d-a8f0-62b135f20311" testId="54a51205-fccb-510f-3a17-4d4eae058b24" testName="Build_WhenActionIsCreateLogEntry_ReturnsRuleModel" computerName="DKSR-EFI-06" duration="00:00:00.0041979" startTime="2024-01-09T15:42:39.2165119+01:00" endTime="2024-01-09T15:42:39.2321380+01:00" testType="13cdc9d9-ddb5-4fa4-a97d-d965ccfc6d4b" outcome="Passed" testListId="8c84fa94-04c1-424b-9868-57a2d4851a1d" relativeResultsDirectory="4f8398f0-ed17-414d-a8f0-62b135f20311" />
    <UnitTestResult executionId="0d111caf-6c8b-485d-ab7d-46e03558780e" testId="8306425f-7857-895f-8d2c-057d62679263" testName="ValidateItem_WhenPropertyIsMissing_PropertyAdded" computerName="DKSR-EFI-06" duration="00:00:00.0087487" startTime="2024-01-09T15:42:34.0602385+01:00" endTime="2024-01-09T15:42:34.0758591+01:00" testType="13cdc9d9-ddb5-4fa4-a97d-d965ccfc6d4b" outcome="Passed" testListId="8c84fa94-04c1-424b-9868-57a2d4851a1d" relativeResultsDirectory="0d111caf-6c8b-485d-ab7d-46e03558780e" />
    <UnitTestResult executionId="901c5e43-fe1b-48fa-aea6-adf06e0689b8" testId="218ecca6-3165-3f4e-843a-057ff8d73915" testName="IsComplete_WhenRuleTypeIsTimeInterval_ReturnsTrue" computerName="DKSR-EFI-06" duration="00:00:00.0028017" startTime="2024-01-09T15:42:35.1071164+01:00" endTime="2024-01-09T15:42:35.1071164+01:00" testType="13cdc9d9-ddb5-4fa4-a97d-d965ccfc6d4b" outcome="Passed" testListId="8c84fa94-04c1-424b-9868-57a2d4851a1d" relativeResultsDirectory="901c5e43-fe1b-48fa-aea6-adf06e0689b8" />
    <UnitTestResult executionId="1c643edd-2b2a-4669-af1d-e076615c5c5c" testId="a8bf8d4a-4736-deb7-4bcd-6800aaf4da2e" testName="Validate_WhenEventDataIsValid_NoError" computerName="DKSR-EFI-06" duration="00:00:00.0359470" startTime="2024-01-09T15:42:36.8414985+01:00" endTime="2024-01-09T15:42:36.8883759+01:00" testType="13cdc9d9-ddb5-4fa4-a97d-d965ccfc6d4b" outcome="Passed" testListId="8c84fa94-04c1-424b-9868-57a2d4851a1d" relativeResultsDirectory="1c643edd-2b2a-4669-af1d-e076615c5c5c" />
    <UnitTestResult executionId="d3910e32-8c75-4db4-8676-30bf2bac26c5" testId="625ac6d3-c14b-6efd-871e-408b4e46b249" testName="Validate_WhenSiteParameterNotPresent_ReturnsFalse" computerName="DKSR-EFI-06" duration="00:00:00.0045533" startTime="2024-01-09T15:42:38.1227568+01:00" endTime="2024-01-09T15:42:38.1383825+01:00" testType="13cdc9d9-ddb5-4fa4-a97d-d965ccfc6d4b" outcome="Passed" testListId="8c84fa94-04c1-424b-9868-57a2d4851a1d" relativeResultsDirectory="d3910e32-8c75-4db4-8676-30bf2bac26c5" />
    <UnitTestResult executionId="2423811b-6f0f-445f-be17-19a88b9af0d3" testId="1e9fdfda-8ba9-daca-6122-143d9e150a5a" testName="ConfigurationItemPathBuilder_ParentItemType_Null_ArgumentNullException" computerName="DKSR-EFI-06" duration="00:00:00.0004682" startTime="2024-01-09T15:42:33.3883544+01:00" endTime="2024-01-09T15:42:33.3883544+01:00" testType="13cdc9d9-ddb5-4fa4-a97d-d965ccfc6d4b" outcome="Passed" testListId="8c84fa94-04c1-424b-9868-57a2d4851a1d" relativeResultsDirectory="2423811b-6f0f-445f-be17-19a88b9af0d3" />
    <UnitTestResult executionId="7ca392d5-d44b-4823-a212-40f83865fc65" testId="be361882-4a10-b4db-3a62-60f76a3c48dc" testName="Validation_GridSize_Is_Null_allowNull_Success" computerName="DKSR-EFI-06" duration="00:00:00.0001245" startTime="2024-01-09T15:42:26.1695892+01:00" endTime="2024-01-09T15:42:26.1695892+01:00" testType="13cdc9d9-ddb5-4fa4-a97d-d965ccfc6d4b" outcome="Passed" testListId="8c84fa94-04c1-424b-9868-57a2d4851a1d" relativeResultsDirectory="7ca392d5-d44b-4823-a212-40f83865fc65" />
    <UnitTestResult executionId="96e7e395-c96f-49a8-8af4-f5ed161a41fc" testId="a8e10d08-538b-4a11-21ff-e7f34160b2a3" testName="InvokeMethod_ParamCheck_UnknownMethodId2Test" computerName="DKSR-EFI-06" duration="00:00:00.0013785" startTime="2024-01-09T15:42:41.6540217+01:00" endTime="2024-01-09T15:42:41.6696452+01:00" testType="13cdc9d9-ddb5-4fa4-a97d-d965ccfc6d4b" outcome="Passed" testListId="8c84fa94-04c1-424b-9868-57a2d4851a1d" relativeResultsDirectory="96e7e395-c96f-49a8-8af4-f5ed161a41fc" />
    <UnitTestResult executionId="e0ef31be-35b5-434e-8886-f9202dba5322" testId="5c4b05db-6ba3-51db-8f3d-32709f4ecb5c" testName="TryParseConditions_WhenTimeProfileConditionCannotBeParsed_ReturnsFalse" computerName="DKSR-EFI-06" duration="00:00:00.0002635" startTime="2024-01-09T15:42:38.7477608+01:00" endTime="2024-01-09T15:42:38.7477608+01:00" testType="13cdc9d9-ddb5-4fa4-a97d-d965ccfc6d4b" outcome="Passed" testListId="8c84fa94-04c1-424b-9868-57a2d4851a1d" relativeResultsDirectory="e0ef31be-35b5-434e-8886-f9202dba5322" />
    <UnitTestResult executionId="3e824765-5278-4d4f-bc0e-ec95312426dc" testId="bed9c30e-840c-cdfb-83ab-a942d08f2ccd" testName="ServerProxyService_GetHardwareByRecorderId_NotAllowed_RowRemoved" computerName="DKSR-EFI-06" duration="00:00:00.0257655" startTime="2024-01-09T15:42:25.0133410+01:00" endTime="2024-01-09T15:42:25.0289653+01:00" testType="13cdc9d9-ddb5-4fa4-a97d-d965ccfc6d4b" outcome="Passed" testListId="8c84fa94-04c1-424b-9868-57a2d4851a1d" relativeResultsDirectory="3e824765-5278-4d4f-bc0e-ec95312426dc" />
    <UnitTestResult executionId="3e1df4cf-40b0-49ab-85bc-cd8739332769" testId="1a3043fc-c1fb-d65a-81c8-c574be5bdfbe" testName="Validate_WhenWeeklyFrequency_NoParameters_ReturnsError" computerName="DKSR-EFI-06" duration="00:00:00.0005316" startTime="2024-01-09T15:42:37.0446248+01:00" endTime="2024-01-09T15:42:37.0446248+01:00" testType="13cdc9d9-ddb5-4fa4-a97d-d965ccfc6d4b" outcome="Passed" testListId="8c84fa94-04c1-424b-9868-57a2d4851a1d" relativeResultsDirectory="3e1df4cf-40b0-49ab-85bc-cd8739332769" />
    <UnitTestResult executionId="18e2b245-fb8f-40b2-9eaf-536008d56d97" testId="7635dcfc-15ff-0acd-5a47-20bddb7d5d94" testName="ConfigurationItemPathBuilder_Create_RootFolderPath_Succes" computerName="DKSR-EFI-06" duration="00:00:00.0012048" startTime="2024-01-09T15:42:33.3414793+01:00" endTime="2024-01-09T15:42:33.3414793+01:00" testType="13cdc9d9-ddb5-4fa4-a97d-d965ccfc6d4b" outcome="Passed" testListId="8c84fa94-04c1-424b-9868-57a2d4851a1d" relativeResultsDirectory="18e2b245-fb8f-40b2-9eaf-536008d56d97" />
    <UnitTestResult executionId="7bc259db-2c71-4d33-b280-71682aee741b" testId="303e67ad-222f-e218-e45f-f8df810d8028" testName="SendCommandSecurityVisitor_UpdateConfigurationManagerCommand_License_Add_Allowed" computerName="DKSR-EFI-06" duration="00:00:00.0194212" startTime="2024-01-09T15:42:24.7008385+01:00" endTime="2024-01-09T15:42:24.7164634+01:00" testType="13cdc9d9-ddb5-4fa4-a97d-d965ccfc6d4b" outcome="Passed" testListId="8c84fa94-04c1-424b-9868-57a2d4851a1d" relativeResultsDirectory="7bc259db-2c71-4d33-b280-71682aee741b" />
    <UnitTestResult executionId="bcc2a7d7-6232-4f5d-a02a-b717aa5b7d8b" testId="cc9482c8-72fb-3114-929a-def3362bf992" testName="Build_SetDeviceOutputStateAction_CorrectProperties" computerName="DKSR-EFI-06" duration="00:00:00.0101772" startTime="2024-01-09T15:42:36.3102485+01:00" endTime="2024-01-09T15:42:36.3258723+01:00" testType="13cdc9d9-ddb5-4fa4-a97d-d965ccfc6d4b" outcome="Passed" testListId="8c84fa94-04c1-424b-9868-57a2d4851a1d" relativeResultsDirectory="bcc2a7d7-6232-4f5d-a02a-b717aa5b7d8b" />
    <UnitTestResult executionId="38ace3d9-ef28-423e-83a4-1fa60999ae40" testId="c44406a4-f106-4476-82c0-bb016759725b" testName="SendCommandSecurityVisitor_UpdateConfigurationManagerCommand_TimeProfile_Edit_Allowed" computerName="DKSR-EFI-06" duration="00:00:00.0199961" startTime="2024-01-09T15:42:24.5289648+01:00" endTime="2024-01-09T15:42:24.5445892+01:00" testType="13cdc9d9-ddb5-4fa4-a97d-d965ccfc6d4b" outcome="Passed" testListId="8c84fa94-04c1-424b-9868-57a2d4851a1d" relativeResultsDirectory="38ace3d9-ef28-423e-83a4-1fa60999ae40" />
    <UnitTestResult executionId="80e76398-0219-4a6d-b5d8-f7e914c4b58a" testId="364415a3-98e0-0852-beac-a6937269f622" testName="GetChildItems_InvalidPathTest" computerName="DKSR-EFI-06" duration="00:00:00.0018796" startTime="2024-01-09T15:42:40.8727704+01:00" endTime="2024-01-09T15:42:40.8727704+01:00" testType="13cdc9d9-ddb5-4fa4-a97d-d965ccfc6d4b" outcome="Passed" testListId="8c84fa94-04c1-424b-9868-57a2d4851a1d" relativeResultsDirectory="80e76398-0219-4a6d-b5d8-f7e914c4b58a" />
    <UnitTestResult executionId="1b572caf-e41c-4c47-89ed-2c6e7a02dda9" testId="94063c7d-165d-cef5-c92d-1b2a39a08ef2" testName="GetChildItems_WhenMatchListEmpty_ReturnsEmptyList" computerName="DKSR-EFI-06" duration="00:00:00.0010064" startTime="2024-01-09T15:42:39.4196380+01:00" endTime="2024-01-09T15:42:39.4196380+01:00" testType="13cdc9d9-ddb5-4fa4-a97d-d965ccfc6d4b" outcome="Passed" testListId="8c84fa94-04c1-424b-9868-57a2d4851a1d" relativeResultsDirectory="1b572caf-e41c-4c47-89ed-2c6e7a02dda9" />
    <UnitTestResult executionId="99075074-d3e8-4f12-bffa-f008e7751f9c" testId="bdf005c2-18b8-e323-3e79-ce27d5039d64" testName="GetNextProperties_WhenActionPropertyHasValueAndParameterPropertiesExistButMissingRequiredValues_ReturnsListWithPropertiesThatHaveNoValueAndNotExists" computerName="DKSR-EFI-06" duration="00:00:00.0025260" startTime="2024-01-09T15:42:34.6383655+01:00" endTime="2024-01-09T15:42:34.6383655+01:00" testType="13cdc9d9-ddb5-4fa4-a97d-d965ccfc6d4b" outcome="Passed" testListId="8c84fa94-04c1-424b-9868-57a2d4851a1d" relativeResultsDirectory="99075074-d3e8-4f12-bffa-f008e7751f9c" />
    <UnitTestResult executionId="6edddb49-ae4a-4b24-b5a1-ea0c3b20d3da" testId="6a7f908c-e991-8475-4196-2865a5565e03" testName="Validate_WhenNonOfPairedValuesAreSet_Error" computerName="DKSR-EFI-06" duration="00:00:00.0012972" startTime="2024-01-09T15:42:37.2321292+01:00" endTime="2024-01-09T15:42:37.2477534+01:00" testType="13cdc9d9-ddb5-4fa4-a97d-d965ccfc6d4b" outcome="Passed" testListId="8c84fa94-04c1-424b-9868-57a2d4851a1d" relativeResultsDirectory="6edddb49-ae4a-4b24-b5a1-ea0c3b20d3da" />
    <UnitTestResult executionId="ed1b1630-d6f2-4411-936c-ec945be57bd4" testId="a2bfb3e1-2e5b-d1e2-f0bb-49aee3fe3778" testName="TryParseConditions_WhenNotSupportedTimeConditionFunctionName_ReturnsFalse" computerName="DKSR-EFI-06" duration="00:00:00.0003392" startTime="2024-01-09T15:42:38.7321335+01:00" endTime="2024-01-09T15:42:38.7321335+01:00" testType="13cdc9d9-ddb5-4fa4-a97d-d965ccfc6d4b" outcome="Passed" testListId="8c84fa94-04c1-424b-9868-57a2d4851a1d" relativeResultsDirectory="ed1b1630-d6f2-4411-936c-ec945be57bd4" />
    <UnitTestResult executionId="51f22ff5-45f4-4a4a-995e-6bfbe21e8ed6" testId="d0309efd-1526-090c-e8c6-e4a50526b823" testName="Validate_WhenAnySource_ReturnsTrue" computerName="DKSR-EFI-06" duration="00:00:00.0014558" startTime="2024-01-09T15:42:37.9821319+01:00" endTime="2024-01-09T15:42:37.9821319+01:00" testType="13cdc9d9-ddb5-4fa4-a97d-d965ccfc6d4b" outcome="Passed" testListId="8c84fa94-04c1-424b-9868-57a2d4851a1d" relativeResultsDirectory="51f22ff5-45f4-4a4a-995e-6bfbe21e8ed6" />
    <UnitTestResult executionId="09245b82-542b-4471-bd48-8060da91240d" testId="f24ec01a-9a6b-393d-e6e6-e22455bc0f7d" testName="GetNextProperties_WhenWithinWindowAndWindowPropertyIsSet_ReturnsProperties" computerName="DKSR-EFI-06" duration="00:00:00.0004675" startTime="2024-01-09T15:42:34.9039904+01:00" endTime="2024-01-09T15:42:34.9039904+01:00" testType="13cdc9d9-ddb5-4fa4-a97d-d965ccfc6d4b" outcome="Passed" testListId="8c84fa94-04c1-424b-9868-57a2d4851a1d" relativeResultsDirectory="09245b82-542b-4471-bd48-8060da91240d" />
    <UnitTestResult executionId="a2db10f2-9e46-4d63-83d2-44e0d67bb0a4" testId="885e56c4-e420-3696-09cb-a1cc3f043378" testName="GetServerProtocolTestFailed" computerName="DKSR-EFI-06" duration="00:00:00.0007167" startTime="2024-01-09T15:42:19.0445857+01:00" endTime="2024-01-09T15:42:19.0445857+01:00" testType="13cdc9d9-ddb5-4fa4-a97d-d965ccfc6d4b" outcome="Passed" testListId="8c84fa94-04c1-424b-9868-57a2d4851a1d" relativeResultsDirectory="a2db10f2-9e46-4d63-83d2-44e0d67bb0a4" />
    <UnitTestResult executionId="7209ec98-4d66-40cd-9171-db3ba4a8c877" testId="c92e764c-db20-b27c-5dee-d26175da6856" testName="Build_TriggerEventOnRemoteSite_WhenSiteIdPropertyNotSet_SiteIdParameterIsSetToHomeSiteId" computerName="DKSR-EFI-06" duration="00:00:00.0021206" startTime="2024-01-09T15:42:36.5133752+01:00" endTime="2024-01-09T15:42:36.5133752+01:00" testType="13cdc9d9-ddb5-4fa4-a97d-d965ccfc6d4b" outcome="Passed" testListId="8c84fa94-04c1-424b-9868-57a2d4851a1d" relativeResultsDirectory="7209ec98-4d66-40cd-9171-db3ba4a8c877" />
    <UnitTestResult executionId="e6301436-ed1a-4f12-bdc9-0cd2d900875e" testId="b973da1a-2e42-fe55-9475-2d140e6e0854" testName="DriverSettingsBusiness_PrepareAndValidateSettings_Success (Data Row 9)" computerName="DKSR-EFI-06" duration="00:00:00.0256993" startTime="2024-01-09T15:42:30.2633401+01:00" endTime="2024-01-09T15:42:32.2008497+01:00" testType="13cdc9d9-ddb5-4fa4-a97d-d965ccfc6d4b" outcome="Passed" testListId="8c84fa94-04c1-424b-9868-57a2d4851a1d" relativeResultsDirectory="e6301436-ed1a-4f12-bdc9-0cd2d900875e" />
    <UnitTestResult executionId="9184324f-4f6d-4134-9831-123cd361e5f3" testId="a9fc41b1-b112-ab0a-c01d-de86bf350092" testName="Validate_WhenObjectExists_ReturnsTrue" computerName="DKSR-EFI-06" duration="00:00:00.0085789" startTime="2024-01-09T15:42:38.2633829+01:00" endTime="2024-01-09T15:42:38.2633829+01:00" testType="13cdc9d9-ddb5-4fa4-a97d-d965ccfc6d4b" outcome="Passed" testListId="8c84fa94-04c1-424b-9868-57a2d4851a1d" relativeResultsDirectory="9184324f-4f6d-4134-9831-123cd361e5f3" />
    <UnitTestResult executionId="61ca4495-9a8d-41da-af23-92149f66a1a7" testId="b9e04af2-4a42-d70e-fbc6-23b023d661a0" testName="Build_WhenRecurringRuleType_WeeklyRecurring_PropertiesAreSet" computerName="DKSR-EFI-06" duration="00:00:00.0080177" startTime="2024-01-09T15:42:36.1539965+01:00" endTime="2024-01-09T15:42:36.1539965+01:00" testType="13cdc9d9-ddb5-4fa4-a97d-d965ccfc6d4b" outcome="Passed" testListId="8c84fa94-04c1-424b-9868-57a2d4851a1d" relativeResultsDirectory="61ca4495-9a8d-41da-af23-92149f66a1a7" />
    <UnitTestResult executionId="b96086b0-726c-48ec-82f4-0ea9d0900741" testId="62de7146-06f2-4e53-faf9-1afc4ff842a5" testName="ValidateItem_UnsupportedTest" computerName="DKSR-EFI-06" duration="00:00:00.0006884" startTime="2024-01-09T15:42:41.7477704+01:00" endTime="2024-01-09T15:42:41.7477704+01:00" testType="13cdc9d9-ddb5-4fa4-a97d-d965ccfc6d4b" outcome="Passed" testListId="8c84fa94-04c1-424b-9868-57a2d4851a1d" relativeResultsDirectory="b96086b0-726c-48ec-82f4-0ea9d0900741" />
    <UnitTestResult executionId="741d6595-8606-4ad1-b34b-f50b09045697" testId="1a5be3b1-f617-8530-3ddc-7c215f1733e9" testName="IsComplete_WhenTimeIntervalRule_DaysOfWeekAndDaysPropertySet_ReturnsTrue" computerName="DKSR-EFI-06" duration="00:00:00.0009552" startTime="2024-01-09T15:42:34.7321141+01:00" endTime="2024-01-09T15:42:34.7321141+01:00" testType="13cdc9d9-ddb5-4fa4-a97d-d965ccfc6d4b" outcome="Passed" testListId="8c84fa94-04c1-424b-9868-57a2d4851a1d" relativeResultsDirectory="741d6595-8606-4ad1-b34b-f50b09045697" />
    <UnitTestResult executionId="56d0508f-eda7-481a-8612-d76af4d1a969" testId="894dc9b0-a2c1-bf71-d4ec-d6e11a539fc2" testName="ConfigurationItemPathBuilder_Id_Null_ArgumentNullException" computerName="DKSR-EFI-06" duration="00:00:00.0005731" startTime="2024-01-09T15:42:33.3883544+01:00" endTime="2024-01-09T15:42:33.3883544+01:00" testType="13cdc9d9-ddb5-4fa4-a97d-d965ccfc6d4b" outcome="Passed" testListId="8c84fa94-04c1-424b-9868-57a2d4851a1d" relativeResultsDirectory="56d0508f-eda7-481a-8612-d76af4d1a969" />
    <UnitTestResult executionId="c7c445b6-fa46-4521-9f9d-02982ee85046" testId="60b70ff9-1bba-3942-b6e8-ada62bd3c6d1" testName="Get_Item_SetEncryptionPassword_Success" computerName="DKSR-EFI-06" duration="00:00:00.0013368" startTime="2024-01-09T15:42:33.6696093+01:00" endTime="2024-01-09T15:42:33.6696093+01:00" testType="13cdc9d9-ddb5-4fa4-a97d-d965ccfc6d4b" outcome="Passed" testListId="8c84fa94-04c1-424b-9868-57a2d4851a1d" relativeResultsDirectory="c7c445b6-fa46-4521-9f9d-02982ee85046" />
    <UnitTestResult executionId="58c06957-f862-4f13-8573-2dd7017205d3" testId="29554517-2e3b-3a60-d68f-17613b8595b3" testName="BeforeSendReply_CorrelationStateIsSet_ResponseIsSet" computerName="DKSR-EFI-06" duration="00:00:00.0050767" startTime="2024-01-09T15:42:44.7165321+01:00" endTime="2024-01-09T15:42:44.7165321+01:00" testType="13cdc9d9-ddb5-4fa4-a97d-d965ccfc6d4b" outcome="Passed" testListId="8c84fa94-04c1-424b-9868-57a2d4851a1d" relativeResultsDirectory="58c06957-f862-4f13-8573-2dd7017205d3" />
    <UnitTestResult executionId="50be8c94-791b-4677-9333-9c47b367eca6" testId="4f254785-4c70-1031-bb49-cc0d4898f4dc" testName="SendCommandSecurityVisitor_AuditLogCommand_ArgumentNullException" computerName="DKSR-EFI-06" duration="00:00:00.0042000" startTime="2024-01-09T15:42:21.9664988+01:00" endTime="2024-01-09T15:42:21.9664988+01:00" testType="13cdc9d9-ddb5-4fa4-a97d-d965ccfc6d4b" outcome="Passed" testListId="8c84fa94-04c1-424b-9868-57a2d4851a1d" relativeResultsDirectory="50be8c94-791b-4677-9333-9c47b367eca6">
      <Output>
        <StdOut>Debug Trace:&#xD;
Fail: Argument null.</StdOut>
      </Output>
    </UnitTestResult>
    <UnitTestResult executionId="551760d4-5cf9-4505-bba5-b52f4a9c22ba" testId="6c401de9-768d-4800-aeaa-bb13e0b9e325" testName="Validate_WhenHomeSiteIsNull_ReturnsTrue" computerName="DKSR-EFI-06" duration="00:00:00.0047395" startTime="2024-01-09T15:42:38.1227568+01:00" endTime="2024-01-09T15:42:38.1227568+01:00" testType="13cdc9d9-ddb5-4fa4-a97d-d965ccfc6d4b" outcome="Passed" testListId="8c84fa94-04c1-424b-9868-57a2d4851a1d" relativeResultsDirectory="551760d4-5cf9-4505-bba5-b52f4a9c22ba" />
    <UnitTestResult executionId="32d9369a-9e26-43bd-af64-6ce6b85d1d0e" testId="977cdff4-999c-81d3-b943-7a77b51c5061" testName="GetNextProperties_WhenAlwaysAndOutsideTimeProfileAreSetToTrue_ReturnsProperties" computerName="DKSR-EFI-06" duration="00:00:00.0004936" startTime="2024-01-09T15:42:34.8727416+01:00" endTime="2024-01-09T15:42:34.8727416+01:00" testType="13cdc9d9-ddb5-4fa4-a97d-d965ccfc6d4b" outcome="Passed" testListId="8c84fa94-04c1-424b-9868-57a2d4851a1d" relativeResultsDirectory="32d9369a-9e26-43bd-af64-6ce6b85d1d0e" />
    <UnitTestResult executionId="9423ae9e-b93b-41b6-9a8d-1102f1844294" testId="9f70cd72-1aea-7a82-ed75-36138fcb3d80" testName="GetCurrentProperties_WhenDescriptionPropertyIsNotPresent_ReturnsProperties" computerName="DKSR-EFI-06" duration="00:00:00.0004554" startTime="2024-01-09T15:42:34.3414840+01:00" endTime="2024-01-09T15:42:34.3414840+01:00" testType="13cdc9d9-ddb5-4fa4-a97d-d965ccfc6d4b" outcome="Passed" testListId="8c84fa94-04c1-424b-9868-57a2d4851a1d" relativeResultsDirectory="9423ae9e-b93b-41b6-9a8d-1102f1844294" />
    <UnitTestResult executionId="3ba76a5a-7abd-4443-944b-2ba26f1309ee" testId="392c34dd-c515-330d-1cc3-9c31c918c15f" testName="GetCurrentProperties_WhenNoRuleTypePresent_ReturnsNoProperties" computerName="DKSR-EFI-06" duration="00:00:00.0021813" startTime="2024-01-09T15:42:35.1539926+01:00" endTime="2024-01-09T15:42:35.1539926+01:00" testType="13cdc9d9-ddb5-4fa4-a97d-d965ccfc6d4b" outcome="Passed" testListId="8c84fa94-04c1-424b-9868-57a2d4851a1d" relativeResultsDirectory="3ba76a5a-7abd-4443-944b-2ba26f1309ee" />
    <UnitTestResult executionId="5d3d0ac3-6635-47b7-b6d0-e72937952aa7" testId="8540fb2c-d677-172f-3214-cc7bcc519b36" testName="Validate_WhenWrongExpectedType_ReturnsFalse" computerName="DKSR-EFI-06" duration="00:00:00.0027332" startTime="2024-01-09T15:42:37.8883796+01:00" endTime="2024-01-09T15:42:37.8883796+01:00" testType="13cdc9d9-ddb5-4fa4-a97d-d965ccfc6d4b" outcome="Passed" testListId="8c84fa94-04c1-424b-9868-57a2d4851a1d" relativeResultsDirectory="5d3d0ac3-6635-47b7-b6d0-e72937952aa7" />
    <UnitTestResult executionId="a83412c5-5d74-43e7-bf20-338df10c06d2" testId="73ec8605-7ef4-4f0c-b83d-f416b12f752c" testName="InvokeMethod_RemoveAudioFile_SunnyDayTest" computerName="DKSR-EFI-06" duration="00:00:00.0060452" startTime="2024-01-09T15:42:41.8102716+01:00" endTime="2024-01-09T15:42:41.8258978+01:00" testType="13cdc9d9-ddb5-4fa4-a97d-d965ccfc6d4b" outcome="Passed" testListId="8c84fa94-04c1-424b-9868-57a2d4851a1d" relativeResultsDirectory="a83412c5-5d74-43e7-bf20-338df10c06d2" />
    <UnitTestResult executionId="67af19c9-2a28-4c0e-93b1-f2b08fc8f142" testId="cbb28db9-25b7-7c42-aa1f-7fd42e9ae8f4" testName="GetChildItems_BasicInformation_SunnyDay" computerName="DKSR-EFI-06" duration="00:00:00.0090003" startTime="2024-01-09T15:42:39.5758876+01:00" endTime="2024-01-09T15:42:39.5915117+01:00" testType="13cdc9d9-ddb5-4fa4-a97d-d965ccfc6d4b" outcome="Passed" testListId="8c84fa94-04c1-424b-9868-57a2d4851a1d" relativeResultsDirectory="67af19c9-2a28-4c0e-93b1-f2b08fc8f142" />
    <UnitTestResult executionId="621416a7-c7cc-491b-a4bf-b9f527337868" testId="5b0701fe-3a5e-3f35-2028-d4e96d8a62ce" testName="ActionDefinitionGuidEmptyTest" computerName="DKSR-EFI-06" duration="00:00:00.0033075" startTime="2024-01-09T15:42:18.5445852+01:00" endTime="2024-01-09T15:42:18.5445852+01:00" testType="13cdc9d9-ddb5-4fa4-a97d-d965ccfc6d4b" outcome="Passed" testListId="8c84fa94-04c1-424b-9868-57a2d4851a1d" relativeResultsDirectory="621416a7-c7cc-491b-a4bf-b9f527337868" />
    <UnitTestResult executionId="113a47e4-1116-4973-b2b3-8249d42acfc2" testId="199dee06-78fe-0c51-9c9f-86d6e535c80d" testName="Build_WhenRecurringRule_ReturnsActionsValidForRuleType" computerName="DKSR-EFI-06" duration="00:00:00.0280721" startTime="2024-01-09T15:42:36.0446212+01:00" endTime="2024-01-09T15:42:36.0758703+01:00" testType="13cdc9d9-ddb5-4fa4-a97d-d965ccfc6d4b" outcome="Passed" testListId="8c84fa94-04c1-424b-9868-57a2d4851a1d" relativeResultsDirectory="113a47e4-1116-4973-b2b3-8249d42acfc2" />
    <UnitTestResult executionId="423e77d3-af51-4d8f-812c-655385029e83" testId="baaf8e91-697f-d818-b655-6e52a1ea7c30" testName="ConstructSqlSelect_SunnyDay_IntLessThan" computerName="DKSR-EFI-06" duration="00:00:00.0003274" startTime="2024-01-09T15:42:33.7633563+01:00" endTime="2024-01-09T15:42:33.7633563+01:00" testType="13cdc9d9-ddb5-4fa4-a97d-d965ccfc6d4b" outcome="Passed" testListId="8c84fa94-04c1-424b-9868-57a2d4851a1d" relativeResultsDirectory="423e77d3-af51-4d8f-812c-655385029e83" />
    <UnitTestResult executionId="0b00499a-9e4f-42d8-9f80-979cade73719" testId="18eba892-6d79-774c-5ded-f649d65db97d" testName="GetArrayOfItems_OnlyEnabledItems" computerName="DKSR-EFI-06" duration="00:00:00.0089575" startTime="2024-01-09T15:42:29.1383397+01:00" endTime="2024-01-09T15:42:29.1539653+01:00" testType="13cdc9d9-ddb5-4fa4-a97d-d965ccfc6d4b" outcome="Passed" testListId="8c84fa94-04c1-424b-9868-57a2d4851a1d" relativeResultsDirectory="0b00499a-9e4f-42d8-9f80-979cade73719" />
    <UnitTestResult executionId="812a59e3-8b69-42d0-852a-985ea6bfc91c" testId="e2cabb67-c939-390e-d6f0-a8bdc139d6bc" testName="DataCollectorRegisteredServicesResolver_DoResolve_CleanUp_Existsing_Completed_Tasks" computerName="DKSR-EFI-06" duration="00:00:00.0175635" startTime="2024-01-09T15:42:17.7008337+01:00" endTime="2024-01-09T15:42:17.7320842+01:00" testType="13cdc9d9-ddb5-4fa4-a97d-d965ccfc6d4b" outcome="Passed" testListId="8c84fa94-04c1-424b-9868-57a2d4851a1d" relativeResultsDirectory="812a59e3-8b69-42d0-852a-985ea6bfc91c">
      <Output>
        <StdOut>Debug Trace:&#xD;
SystemMonitorManager: Starting tasks: 0</StdOut>
      </Output>
    </UnitTestResult>
    <UnitTestResult executionId="c430135d-790b-4258-8fb8-e4df64f9a561" testId="44610bd5-4d90-7823-f81d-b14e5429a417" testName="Invoke_WhenLicensePlateNotFound_ArgumentException" computerName="DKSR-EFI-06" duration="00:00:00.0019872" startTime="2024-01-09T15:42:41.3102717+01:00" endTime="2024-01-09T15:42:41.3102717+01:00" testType="13cdc9d9-ddb5-4fa4-a97d-d965ccfc6d4b" outcome="Passed" testListId="8c84fa94-04c1-424b-9868-57a2d4851a1d" relativeResultsDirectory="c430135d-790b-4258-8fb8-e4df64f9a561" />
    <UnitTestResult executionId="69fe0c01-d24f-4fa9-aa43-c62e4b0beebd" testId="dcf8419c-ad20-1d0e-5b4f-c9eca5a0aca5" testName="Get_KnownResourceType_DefinitionsIncluded_ReturnsJsonIncludingTaskListFromSubController" computerName="DKSR-EFI-06" duration="00:00:00.0169671" startTime="2024-01-09T15:42:27.6539643+01:00" endTime="2024-01-09T15:42:27.6852162+01:00" testType="13cdc9d9-ddb5-4fa4-a97d-d965ccfc6d4b" outcome="Passed" testListId="8c84fa94-04c1-424b-9868-57a2d4851a1d" relativeResultsDirectory="69fe0c01-d24f-4fa9-aa43-c62e4b0beebd" />
    <UnitTestResult executionId="76882e87-bdea-48e7-b9dd-36f43569fbba" testId="29c9c17d-26e1-29ef-11be-5b959a7a8e85" testName="FindSearchTemplates_ByAllParams_PrivateOnly" computerName="DKSR-EFI-06" duration="00:00:00.0069798" startTime="2024-01-09T15:42:43.5290276+01:00" endTime="2024-01-09T15:42:43.5446527+01:00" testType="13cdc9d9-ddb5-4fa4-a97d-d965ccfc6d4b" outcome="Passed" testListId="8c84fa94-04c1-424b-9868-57a2d4851a1d" relativeResultsDirectory="76882e87-bdea-48e7-b9dd-36f43569fbba" />
    <UnitTestResult executionId="7fa2ac0f-2028-41f4-a454-d30c22e1ae3b" testId="48933675-5564-6c41-9fc8-a9dac77a3156" testName="Validate_WhenTimerStopRuleHasNegativeDelay_Error" computerName="DKSR-EFI-06" duration="00:00:00.0008927" startTime="2024-01-09T15:42:37.5758809+01:00" endTime="2024-01-09T15:42:37.5758809+01:00" testType="13cdc9d9-ddb5-4fa4-a97d-d965ccfc6d4b" outcome="Passed" testListId="8c84fa94-04c1-424b-9868-57a2d4851a1d" relativeResultsDirectory="7fa2ac0f-2028-41f4-a454-d30c22e1ae3b" />
    <UnitTestResult executionId="2ea39d50-f275-45ff-99da-ea311db43cf4" testId="6d9a2786-8499-7d7e-d87f-de3892050c29" testName="ScheduledAction_Construction_Success" computerName="DKSR-EFI-06" duration="00:00:00.0010354" startTime="2024-01-09T15:42:44.0763337+01:00" endTime="2024-01-09T15:42:44.0763337+01:00" testType="13cdc9d9-ddb5-4fa4-a97d-d965ccfc6d4b" outcome="Passed" testListId="8c84fa94-04c1-424b-9868-57a2d4851a1d" relativeResultsDirectory="2ea39d50-f275-45ff-99da-ea311db43cf4" />
    <UnitTestResult executionId="badff977-f7f1-4139-bd96-2aa1b33ef579" testId="6479903c-a346-491e-4a46-94865203359b" testName="GetNextProperties_WhenRuleTypeNotSet_ReturnsRuleTypeProperty" computerName="DKSR-EFI-06" duration="00:00:00.0022750" startTime="2024-01-09T15:42:35.2164921+01:00" endTime="2024-01-09T15:42:35.2164921+01:00" testType="13cdc9d9-ddb5-4fa4-a97d-d965ccfc6d4b" outcome="Passed" testListId="8c84fa94-04c1-424b-9868-57a2d4851a1d" relativeResultsDirectory="badff977-f7f1-4139-bd96-2aa1b33ef579" />
    <UnitTestResult executionId="07f92bac-5db6-45c7-8a37-8d23049e83f4" testId="c388edb1-2b20-d900-1b64-8c14f1961ac6" testName="Validation_CheckVersionString_Does_Not_Throw" computerName="DKSR-EFI-06" duration="00:00:00.0005889" startTime="2024-01-09T15:42:26.2320922+01:00" endTime="2024-01-09T15:42:26.2320922+01:00" testType="13cdc9d9-ddb5-4fa4-a97d-d965ccfc6d4b" outcome="Passed" testListId="8c84fa94-04c1-424b-9868-57a2d4851a1d" relativeResultsDirectory="07f92bac-5db6-45c7-8a37-8d23049e83f4" />
    <UnitTestResult executionId="0646f28f-a3ac-429e-8070-46cda91f92f8" testId="e7530819-7083-6d3e-d599-30d8a0463a89" testName="DeviceStreams_RemoveStream_Remove_Last_DeviceStreamRemoveLastStreamException" computerName="DKSR-EFI-06" duration="00:00:00.0086154" startTime="2024-01-09T15:42:42.6852739+01:00" endTime="2024-01-09T15:42:42.6852739+01:00" testType="13cdc9d9-ddb5-4fa4-a97d-d965ccfc6d4b" outcome="Passed" testListId="8c84fa94-04c1-424b-9868-57a2d4851a1d" relativeResultsDirectory="0646f28f-a3ac-429e-8070-46cda91f92f8" />
    <UnitTestResult executionId="f0b806cc-b962-4b04-9ebc-c68864c87ae2" testId="5457d672-f30a-f49a-3a94-700a62178681" testName="Authorize_ThrowsFaultCode_OnUserNotAllowedToAuthorize" computerName="DKSR-EFI-06" duration="00:00:00.0028875" startTime="2024-01-09T15:42:18.3727093+01:00" endTime="2024-01-09T15:42:18.3727093+01:00" testType="13cdc9d9-ddb5-4fa4-a97d-d965ccfc6d4b" outcome="Passed" testListId="8c84fa94-04c1-424b-9868-57a2d4851a1d" relativeResultsDirectory="f0b806cc-b962-4b04-9ebc-c68864c87ae2" />
    <UnitTestResult executionId="64838314-f895-4903-9a1c-40f72deef0df" testId="6f3ef74b-2e9f-f495-f642-f08a6bfcc23b" testName="GetXml_WhenActivateArchiving_MatchesXml" computerName="DKSR-EFI-06" duration="00:00:00.0006867" startTime="2024-01-09T15:42:38.6383836+01:00" endTime="2024-01-09T15:42:38.6383836+01:00" testType="13cdc9d9-ddb5-4fa4-a97d-d965ccfc6d4b" outcome="Passed" testListId="8c84fa94-04c1-424b-9868-57a2d4851a1d" relativeResultsDirectory="64838314-f895-4903-9a1c-40f72deef0df" />
    <UnitTestResult executionId="f4f295ae-65b3-4876-9900-0eb7e1400dd7" testId="05bc2ec5-004d-78a7-237b-55b976386f31" testName="MergeMotionDetectionSettings_MotionDetectionSettings_Comparison_Success" computerName="DKSR-EFI-06" duration="00:00:00.0026506" startTime="2024-01-09T15:42:42.3415798+01:00" endTime="2024-01-09T15:42:42.3415798+01:00" testType="13cdc9d9-ddb5-4fa4-a97d-d965ccfc6d4b" outcome="Passed" testListId="8c84fa94-04c1-424b-9868-57a2d4851a1d" relativeResultsDirectory="f4f295ae-65b3-4876-9900-0eb7e1400dd7" />
    <UnitTestResult executionId="42bf6655-9d81-4aa1-9360-ad60b8e91f72" testId="10eebb46-3975-72d6-23c8-db65a8f8a56d" testName="Validate_WhenWrongKind_ReturnsFalse" computerName="DKSR-EFI-06" duration="00:00:00.0025766" startTime="2024-01-09T15:42:38.2790074+01:00" endTime="2024-01-09T15:42:38.2790074+01:00" testType="13cdc9d9-ddb5-4fa4-a97d-d965ccfc6d4b" outcome="Passed" testListId="8c84fa94-04c1-424b-9868-57a2d4851a1d" relativeResultsDirectory="42bf6655-9d81-4aa1-9360-ad60b8e91f72" />
    <UnitTestResult executionId="19295dc0-e3b4-48f4-9cd8-f4eb88cf694c" testId="66e86e11-aa6f-d6de-573d-c0aabb75ba87" testName="DriverSettingsBusiness_PrepareAndValidateSettings_TwoSettings_Success (Data Row 0)" computerName="DKSR-EFI-06" duration="00:00:00.0269565" startTime="2024-01-09T15:42:32.2008497+01:00" endTime="2024-01-09T15:42:32.5446004+01:00" testType="13cdc9d9-ddb5-4fa4-a97d-d965ccfc6d4b" outcome="Passed" testListId="8c84fa94-04c1-424b-9868-57a2d4851a1d" relativeResultsDirectory="19295dc0-e3b4-48f4-9cd8-f4eb88cf694c" />
    <UnitTestResult executionId="c4422866-2403-4123-b3f6-be8b0f897017" testId="757b3461-c9b1-73b5-f51f-6a910b472f50" testName="DeviceMotionDetection_QueryMotionDetection_Success" computerName="DKSR-EFI-06" duration="00:00:00.0086932" startTime="2024-01-09T15:42:42.3102735+01:00" endTime="2024-01-09T15:42:42.3258993+01:00" testType="13cdc9d9-ddb5-4fa4-a97d-d965ccfc6d4b" outcome="Passed" testListId="8c84fa94-04c1-424b-9868-57a2d4851a1d" relativeResultsDirectory="c4422866-2403-4123-b3f6-be8b0f897017" />
    <UnitTestResult executionId="752dbd41-5ec1-43cc-b928-e62dc27b7149" testId="ed366fea-786f-70a3-bb65-165c087cacd4" testName="Get_KnownResource_ItemFound_NotNoData_Tasks_NotPerformingTask_Resources_Definition_ReturnsDataAndTasksAndResourcesAndDefinitions" computerName="DKSR-EFI-06" duration="00:00:00.0301704" startTime="2024-01-09T15:42:27.8883410+01:00" endTime="2024-01-09T15:42:27.9195907+01:00" testType="13cdc9d9-ddb5-4fa4-a97d-d965ccfc6d4b" outcome="Passed" testListId="8c84fa94-04c1-424b-9868-57a2d4851a1d" relativeResultsDirectory="752dbd41-5ec1-43cc-b928-e62dc27b7149" />
    <UnitTestResult executionId="9f5472f7-4f9f-4cba-b1d0-cdb2967a4906" testId="2209bf87-c539-643a-a237-e44fc9827fb8" testName="Get_Item_AddHardware_Success" computerName="DKSR-EFI-06" duration="00:00:00.0163590" startTime="2024-01-09T15:42:33.6696093+01:00" endTime="2024-01-09T15:42:33.6852342+01:00" testType="13cdc9d9-ddb5-4fa4-a97d-d965ccfc6d4b" outcome="Passed" testListId="8c84fa94-04c1-424b-9868-57a2d4851a1d" relativeResultsDirectory="9f5472f7-4f9f-4cba-b1d0-cdb2967a4906" />
    <UnitTestResult executionId="100841cb-e8bf-494e-adc5-c7a531dde73c" testId="91ce0ee3-31d4-1356-8ae9-ffb876c27798" testName="GetItemType_WhenObjectNotExists_ReturnsNull" computerName="DKSR-EFI-06" duration="00:00:00.0024347" startTime="2024-01-09T15:42:37.7477570+01:00" endTime="2024-01-09T15:42:37.7477570+01:00" testType="13cdc9d9-ddb5-4fa4-a97d-d965ccfc6d4b" outcome="Passed" testListId="8c84fa94-04c1-424b-9868-57a2d4851a1d" relativeResultsDirectory="100841cb-e8bf-494e-adc5-c7a531dde73c" />
    <UnitTestResult executionId="f400ab61-6a5b-4bf9-9c71-70f641b18071" testId="a7b632d7-a8a2-c624-0914-3878a82042dc" testName="GetXml_WhenRuleTypeIsDailyAndRecurring_MatchesXml" computerName="DKSR-EFI-06" duration="00:00:00.0009012" startTime="2024-01-09T15:42:39.0290127+01:00" endTime="2024-01-09T15:42:39.0290127+01:00" testType="13cdc9d9-ddb5-4fa4-a97d-d965ccfc6d4b" outcome="Passed" testListId="8c84fa94-04c1-424b-9868-57a2d4851a1d" relativeResultsDirectory="f400ab61-6a5b-4bf9-9c71-70f641b18071" />
    <UnitTestResult executionId="4b65ad60-b054-4bdb-b2ad-7e1533a4a2f3" testId="491432be-c048-677d-8492-511e8978509f" testName="SendCommandSecurityVisitor_UpdateSecurityManagerCommand_SecurityPermissionsMatrix_Delete_Allowed" computerName="DKSR-EFI-06" duration="00:00:00.0238676" startTime="2024-01-09T15:42:21.5289621+01:00" endTime="2024-01-09T15:42:21.5445889+01:00" testType="13cdc9d9-ddb5-4fa4-a97d-d965ccfc6d4b" outcome="Passed" testListId="8c84fa94-04c1-424b-9868-57a2d4851a1d" relativeResultsDirectory="4b65ad60-b054-4bdb-b2ad-7e1533a4a2f3" />
    <UnitTestResult executionId="a54f902b-3a4d-42ba-a778-bdb4c9c82959" testId="79f3e279-03fa-6c6a-9e7f-37ffaf19691f" testName="GetItem_WhenPathIsFolder_ReturnsFolderItem" computerName="DKSR-EFI-06" duration="00:00:00.0174146" startTime="2024-01-09T15:42:33.9664842+01:00" endTime="2024-01-09T15:42:33.9821125+01:00" testType="13cdc9d9-ddb5-4fa4-a97d-d965ccfc6d4b" outcome="Passed" testListId="8c84fa94-04c1-424b-9868-57a2d4851a1d" relativeResultsDirectory="a54f902b-3a4d-42ba-a778-bdb4c9c82959" />
    <UnitTestResult executionId="68c28530-934e-4921-8318-984c0573ee23" testId="4621ee11-e221-c86d-94f0-6fad18344887" testName="SendCommandSecurityVisitor_UpdateSecurityManagerCommand_SecurityAttributes_Add_NotSupportedException" computerName="DKSR-EFI-06" duration="00:00:00.0246866" startTime="2024-01-09T15:42:24.7789628+01:00" endTime="2024-01-09T15:42:24.7945872+01:00" testType="13cdc9d9-ddb5-4fa4-a97d-d965ccfc6d4b" outcome="Passed" testListId="8c84fa94-04c1-424b-9868-57a2d4851a1d" relativeResultsDirectory="68c28530-934e-4921-8318-984c0573ee23" />
    <UnitTestResult executionId="fb407f0c-1184-4805-bdd7-4866158fc43f" testId="5745bc35-87de-0e39-cce0-759f22321c8a" testName="TimeProfile_WhenNoParameters_Error" computerName="DKSR-EFI-06" duration="00:00:00.0003659" startTime="2024-01-09T15:42:36.8258742+01:00" endTime="2024-01-09T15:42:36.8414985+01:00" testType="13cdc9d9-ddb5-4fa4-a97d-d965ccfc6d4b" outcome="Passed" testListId="8c84fa94-04c1-424b-9868-57a2d4851a1d" relativeResultsDirectory="fb407f0c-1184-4805-bdd7-4866158fc43f" />
    <UnitTestResult executionId="e4ffcb47-bfa7-48d3-b677-9d4b481845aa" testId="03e4efda-ed85-df33-47f3-8007a362aae6" testName="Invoke_ArgumentException3" computerName="DKSR-EFI-06" duration="00:00:00.0009257" startTime="2024-01-09T15:42:39.6071384+01:00" endTime="2024-01-09T15:42:39.6227650+01:00" testType="13cdc9d9-ddb5-4fa4-a97d-d965ccfc6d4b" outcome="Passed" testListId="8c84fa94-04c1-424b-9868-57a2d4851a1d" relativeResultsDirectory="e4ffcb47-bfa7-48d3-b677-9d4b481845aa" />
    <UnitTestResult executionId="316e0260-0e08-4038-9320-74a06975ec08" testId="e94f7c87-5ba6-af54-15a4-b8be5a44217e" testName="Validate_WhenMonthly_FrequencyIsNegative_ReturnsError" computerName="DKSR-EFI-06" duration="00:00:00.0003606" startTime="2024-01-09T15:42:37.0602504+01:00" endTime="2024-01-09T15:42:37.0602504+01:00" testType="13cdc9d9-ddb5-4fa4-a97d-d965ccfc6d4b" outcome="Passed" testListId="8c84fa94-04c1-424b-9868-57a2d4851a1d" relativeResultsDirectory="316e0260-0e08-4038-9320-74a06975ec08" />
    <UnitTestResult executionId="27e8d36e-6dda-46d1-a44a-0674aae4f660" testId="1c58fd85-1a82-f5ac-c5b4-bea196b0b298" testName="Build_TimeBetween_WhenTrue_ParametersNotPresent_ThrowsException" computerName="DKSR-EFI-06" duration="00:00:00.0012695" startTime="2024-01-09T15:42:36.6540014+01:00" endTime="2024-01-09T15:42:36.6540014+01:00" testType="13cdc9d9-ddb5-4fa4-a97d-d965ccfc6d4b" outcome="Passed" testListId="8c84fa94-04c1-424b-9868-57a2d4851a1d" relativeResultsDirectory="27e8d36e-6dda-46d1-a44a-0674aae4f660" />
    <UnitTestResult executionId="cca565b4-2d5c-48a9-b74a-821c772a23e3" testId="7830a3ad-257a-2e31-7073-ccd058330421" testName="GetCurrentProperties_WhenInvalidAlwaysIsSet_ThrowsArgumentException" computerName="DKSR-EFI-06" duration="00:00:00.0011126" startTime="2024-01-09T15:42:34.8258650+01:00" endTime="2024-01-09T15:42:34.8414910+01:00" testType="13cdc9d9-ddb5-4fa4-a97d-d965ccfc6d4b" outcome="Passed" testListId="8c84fa94-04c1-424b-9868-57a2d4851a1d" relativeResultsDirectory="cca565b4-2d5c-48a9-b74a-821c772a23e3" />
    <UnitTestResult executionId="e9de2aca-7359-485e-973e-39cb200e1200" testId="46305a13-ec26-f7d7-1ea8-e16167366eae" testName="Build_WhenXmlHasConditions_ReturnsNull" computerName="DKSR-EFI-06" duration="00:00:00.0015295" startTime="2024-01-09T15:42:39.1227631+01:00" endTime="2024-01-09T15:42:39.1227631+01:00" testType="13cdc9d9-ddb5-4fa4-a97d-d965ccfc6d4b" outcome="Passed" testListId="8c84fa94-04c1-424b-9868-57a2d4851a1d" relativeResultsDirectory="e9de2aca-7359-485e-973e-39cb200e1200" />
    <UnitTestResult executionId="ba46f344-5b97-456e-affc-99c0d6fef35e" testId="9135a3b1-2e33-0fd8-b652-d757e668374c" testName="GetNextProperties_WhenTimerStopRuleHasNoTime_ReturnsProperties" computerName="DKSR-EFI-06" duration="00:00:00.0023538" startTime="2024-01-09T15:42:35.4667646+01:00" endTime="2024-01-09T15:42:35.4821178+01:00" testType="13cdc9d9-ddb5-4fa4-a97d-d965ccfc6d4b" outcome="Passed" testListId="8c84fa94-04c1-424b-9868-57a2d4851a1d" relativeResultsDirectory="ba46f344-5b97-456e-affc-99c0d6fef35e" />
    <UnitTestResult executionId="f9423a91-ca4e-4c45-a415-d0083ea7f287" testId="39004c09-00be-3501-5f0e-b76c2c0f3da4" testName="ConfigurationItemPath_CreateFolderPath3Strings_IdInvalid_CreateConfigurationItemPathException (Data Row 0)" computerName="DKSR-EFI-06" duration="00:00:00.0011208" startTime="2024-01-09T15:42:33.5133555+01:00" endTime="2024-01-09T15:42:33.5133555+01:00" testType="13cdc9d9-ddb5-4fa4-a97d-d965ccfc6d4b" outcome="Passed" testListId="8c84fa94-04c1-424b-9868-57a2d4851a1d" relativeResultsDirectory="f9423a91-ca4e-4c45-a415-d0083ea7f287">
      <Output>
        <StdOut>Debug Trace:&#xD;
Fail: Id is invalid:</StdOut>
      </Output>
    </UnitTestResult>
    <UnitTestResult executionId="b32e3abe-53b7-4833-9280-d92de20837ab" testId="5ff84074-5692-9bb8-950f-99788df9b556" testName="BuildCustomFields_Correct" computerName="DKSR-EFI-06" duration="00:00:00.0012870" startTime="2024-01-09T15:42:41.4040202+01:00" endTime="2024-01-09T15:42:41.4040202+01:00" testType="13cdc9d9-ddb5-4fa4-a97d-d965ccfc6d4b" outcome="Passed" testListId="8c84fa94-04c1-424b-9868-57a2d4851a1d" relativeResultsDirectory="b32e3abe-53b7-4833-9280-d92de20837ab" />
    <UnitTestResult executionId="e621ac51-4037-4f55-94ef-1a1873f79d85" testId="362e2818-5033-9f58-e34a-48ed962b9147" testName="BusinessObjects_License_UpdateMipPluginsLicenseRequestPart_InvalidXml" computerName="DKSR-EFI-06" duration="00:00:00.0029424" startTime="2024-01-09T15:42:43.1227767+01:00" endTime="2024-01-09T15:42:43.1227767+01:00" testType="13cdc9d9-ddb5-4fa4-a97d-d965ccfc6d4b" outcome="Passed" testListId="8c84fa94-04c1-424b-9868-57a2d4851a1d" relativeResultsDirectory="e621ac51-4037-4f55-94ef-1a1873f79d85" />
    <UnitTestResult executionId="c811b33a-37e3-4739-a6d0-d1833e2491f4" testId="bbce1514-43f8-fb04-a2f9-cf56ba4eb603" testName="IsComplete_WhenStartRuleIsTimer_ThrowsException" computerName="DKSR-EFI-06" duration="00:00:00.0026458" startTime="2024-01-09T15:42:35.0133665+01:00" endTime="2024-01-09T15:42:35.0133665+01:00" testType="13cdc9d9-ddb5-4fa4-a97d-d965ccfc6d4b" outcome="Passed" testListId="8c84fa94-04c1-424b-9868-57a2d4851a1d" relativeResultsDirectory="c811b33a-37e3-4739-a6d0-d1833e2491f4" />
    <UnitTestResult executionId="94f32c2b-3ad0-45af-9ebe-5ec688e86d89" testId="9f7358cf-1e79-bdf2-7469-a82abf006115" testName="GetNextProperties_WhenWithinWindowIsSetToTrueAndWindowPropertyIsSet_ReturnsNoProperty" computerName="DKSR-EFI-06" duration="00:00:00.0005926" startTime="2024-01-09T15:42:34.9039904+01:00" endTime="2024-01-09T15:42:34.9039904+01:00" testType="13cdc9d9-ddb5-4fa4-a97d-d965ccfc6d4b" outcome="Passed" testListId="8c84fa94-04c1-424b-9868-57a2d4851a1d" relativeResultsDirectory="94f32c2b-3ad0-45af-9ebe-5ec688e86d89" />
    <UnitTestResult executionId="31dcea03-ef06-4e59-ab4f-364a52c1f8ab" testId="fc01125d-d561-4055-10fa-1d0de210ed6d" testName="Build_WhenRecurringRuleType_MonthlyRelativeAndRecurring_PropertiesAreSet" computerName="DKSR-EFI-06" duration="00:00:00.0023464" startTime="2024-01-09T15:42:36.1696228+01:00" endTime="2024-01-09T15:42:36.1852486+01:00" testType="13cdc9d9-ddb5-4fa4-a97d-d965ccfc6d4b" outcome="Passed" testListId="8c84fa94-04c1-424b-9868-57a2d4851a1d" relativeResultsDirectory="31dcea03-ef06-4e59-ab4f-364a52c1f8ab" />
    <UnitTestResult executionId="a5b1670f-9e27-4094-b906-01044e239412" testId="a853a04c-c59f-bfa9-6d17-5ced9a33e3a1" testName="Validate_WhenSubdayTypeRecurring_SubdayFrequencyIsAbove24Hours_ReturnsError" computerName="DKSR-EFI-06" duration="00:00:00.0004832" startTime="2024-01-09T15:42:36.9821262+01:00" endTime="2024-01-09T15:42:36.9821262+01:00" testType="13cdc9d9-ddb5-4fa4-a97d-d965ccfc6d4b" outcome="Passed" testListId="8c84fa94-04c1-424b-9868-57a2d4851a1d" relativeResultsDirectory="a5b1670f-9e27-4094-b906-01044e239412" />
    <UnitTestResult executionId="8b9b440e-faba-4007-88a2-87e433baf098" testId="54170611-37b3-da45-7aea-09535d9a0b81" testName="GetNextProperties_WhenActionPropertyHasValueButNoParameters_ReturnsListWithParametersProperties" computerName="DKSR-EFI-06" duration="00:00:00.0009259" startTime="2024-01-09T15:42:35.3414915+01:00" endTime="2024-01-09T15:42:35.3414915+01:00" testType="13cdc9d9-ddb5-4fa4-a97d-d965ccfc6d4b" outcome="Passed" testListId="8c84fa94-04c1-424b-9868-57a2d4851a1d" relativeResultsDirectory="8b9b440e-faba-4007-88a2-87e433baf098" />
    <UnitTestResult executionId="6de7c4bf-34e8-44fb-8d82-21d0260d4275" testId="d2645dae-9948-1adb-9721-bf2a080261cf" testName="GetXml_WhenActionIsStopFeed_MatchesXml" computerName="DKSR-EFI-06" duration="00:00:00.0007795" startTime="2024-01-09T15:42:38.5915079+01:00" endTime="2024-01-09T15:42:38.5915079+01:00" testType="13cdc9d9-ddb5-4fa4-a97d-d965ccfc6d4b" outcome="Passed" testListId="8c84fa94-04c1-424b-9868-57a2d4851a1d" relativeResultsDirectory="6de7c4bf-34e8-44fb-8d82-21d0260d4275" />
    <UnitTestResult executionId="0290711c-bf57-4ae0-ac16-10389c1a4844" testId="99c7c769-566f-bf9b-5fab-d23af7dbb82b" testName="DevicePtzPresets_QueryPtzPresets_UnknownDevice_DeviceNotFoundException" computerName="DKSR-EFI-06" duration="00:00:00.0014062" startTime="2024-01-09T15:42:42.4196487+01:00" endTime="2024-01-09T15:42:42.4196487+01:00" testType="13cdc9d9-ddb5-4fa4-a97d-d965ccfc6d4b" outcome="Passed" testListId="8c84fa94-04c1-424b-9868-57a2d4851a1d" relativeResultsDirectory="0290711c-bf57-4ae0-ac16-10389c1a4844" />
    <UnitTestResult executionId="7b48b4bc-d6e7-48d9-bfdc-838e7960e1bc" testId="00480961-b56a-1e6d-798e-9be4fbbfdeda" testName="BeforeSendReply_CorrelationStateIsNull_DoNothing" computerName="DKSR-EFI-06" duration="00:00:00.0010145" startTime="2024-01-09T15:42:44.7165321+01:00" endTime="2024-01-09T15:42:44.7165321+01:00" testType="13cdc9d9-ddb5-4fa4-a97d-d965ccfc6d4b" outcome="Passed" testListId="8c84fa94-04c1-424b-9868-57a2d4851a1d" relativeResultsDirectory="7b48b4bc-d6e7-48d9-bfdc-838e7960e1bc" />
    <UnitTestResult executionId="885ff79a-4c12-4640-9c57-c527ca9318ca" testId="e9d24ea9-07e0-b1a7-6a3d-6ba570043426" testName="SendCommandSecurityVisitor_UpdateConfigurationManagerCommand_License_Delete_Allowed" computerName="DKSR-EFI-06" duration="00:00:00.0159092" startTime="2024-01-09T15:42:24.7477132+01:00" endTime="2024-01-09T15:42:24.7633391+01:00" testType="13cdc9d9-ddb5-4fa4-a97d-d965ccfc6d4b" outcome="Passed" testListId="8c84fa94-04c1-424b-9868-57a2d4851a1d" relativeResultsDirectory="885ff79a-4c12-4640-9c57-c527ca9318ca" />
    <UnitTestResult executionId="3325ce81-e853-4681-9cf8-b90583e81367" testId="1c3d35a3-95b0-e4d2-7bda-42d81a6af4a6" testName="GetChildItems_ParamNullCheck_RequestContextTest" computerName="DKSR-EFI-06" duration="00:00:00.0169070" startTime="2024-01-09T15:42:40.7477839+01:00" endTime="2024-01-09T15:42:40.7633924+01:00" testType="13cdc9d9-ddb5-4fa4-a97d-d965ccfc6d4b" outcome="Passed" testListId="8c84fa94-04c1-424b-9868-57a2d4851a1d" relativeResultsDirectory="3325ce81-e853-4681-9cf8-b90583e81367">
      <Output>
        <StdOut>Debug Trace:&#xD;
Fail: Argument null</StdOut>
      </Output>
    </UnitTestResult>
    <UnitTestResult executionId="820cb891-5883-40d7-b49b-6b2f9166d492" testId="55b9f423-58f3-b8e9-3169-17bad931ff5c" testName="IsComplete_WhenTimeIntervalRule_NoConditionIsSetToTrue_ReturnsFalse" computerName="DKSR-EFI-06" duration="00:00:00.0017757" startTime="2024-01-09T15:42:34.7164889+01:00" endTime="2024-01-09T15:42:34.7164889+01:00" testType="13cdc9d9-ddb5-4fa4-a97d-d965ccfc6d4b" outcome="Passed" testListId="8c84fa94-04c1-424b-9868-57a2d4851a1d" relativeResultsDirectory="820cb891-5883-40d7-b49b-6b2f9166d492" />
    <UnitTestResult executionId="2322344e-f222-46ee-9163-5291fb5c7442" testId="c9d0ebb3-f419-55e0-4312-d29ef93fe9c4" testName="GetItem_SunnyDay_Server" computerName="DKSR-EFI-06" duration="00:00:00.0006792" startTime="2024-01-09T15:42:40.8258953+01:00" endTime="2024-01-09T15:42:40.8258953+01:00" testType="13cdc9d9-ddb5-4fa4-a97d-d965ccfc6d4b" outcome="Passed" testListId="8c84fa94-04c1-424b-9868-57a2d4851a1d" relativeResultsDirectory="2322344e-f222-46ee-9163-5291fb5c7442" />
    <UnitTestResult executionId="c981d749-0b2d-4b4d-81c9-456d72bd3157" testId="a15f9cd6-b1c1-2f0f-2d95-17ddc01587a3" testName="FindSearchTemplates_ById_Public_Allowed" computerName="DKSR-EFI-06" duration="00:00:00.0060309" startTime="2024-01-09T15:42:43.5290276+01:00" endTime="2024-01-09T15:42:43.5290276+01:00" testType="13cdc9d9-ddb5-4fa4-a97d-d965ccfc6d4b" outcome="Passed" testListId="8c84fa94-04c1-424b-9868-57a2d4851a1d" relativeResultsDirectory="c981d749-0b2d-4b4d-81c9-456d72bd3157" />
    <UnitTestResult executionId="45819241-85d7-49e0-93b1-4cb43634e354" testId="b11ba0e7-7db6-6594-f952-fe3a9251e419" testName="Validate_WhenExpectedTypeIsNull_ReturnFalse" computerName="DKSR-EFI-06" duration="00:00:00.0002815" startTime="2024-01-09T15:42:37.7165064+01:00" endTime="2024-01-09T15:42:37.7165064+01:00" testType="13cdc9d9-ddb5-4fa4-a97d-d965ccfc6d4b" outcome="Passed" testListId="8c84fa94-04c1-424b-9868-57a2d4851a1d" relativeResultsDirectory="45819241-85d7-49e0-93b1-4cb43634e354" />
    <UnitTestResult executionId="8b7585cc-0fec-4dcf-bcda-9474b25c1b71" testId="c31d25de-70f0-e512-4356-0bbc26c7e9ba" testName="RoleMappingAddToRole1" computerName="DKSR-EFI-06" duration="00:00:00.0006432" startTime="2024-01-09T15:42:19.0133376+01:00" endTime="2024-01-09T15:42:19.0133376+01:00" testType="13cdc9d9-ddb5-4fa4-a97d-d965ccfc6d4b" outcome="Passed" testListId="8c84fa94-04c1-424b-9868-57a2d4851a1d" relativeResultsDirectory="8b7585cc-0fec-4dcf-bcda-9474b25c1b71" />
    <UnitTestResult executionId="b5c13295-6a42-4440-9db5-040ffc92dbc9" testId="52925570-7480-72ac-e873-3ea85c5957cc" testName="ConstructSqlSelect_SunnyDay_NameBeginsWith" computerName="DKSR-EFI-06" duration="00:00:00.0003235" startTime="2024-01-09T15:42:33.7164829+01:00" endTime="2024-01-09T15:42:33.7164829+01:00" testType="13cdc9d9-ddb5-4fa4-a97d-d965ccfc6d4b" outcome="Passed" testListId="8c84fa94-04c1-424b-9868-57a2d4851a1d" relativeResultsDirectory="b5c13295-6a42-4440-9db5-040ffc92dbc9" />
    <UnitTestResult executionId="227d13a3-c14a-4e55-955a-9fd1d8589db8" testId="f6983b53-4c99-3c9d-ee3f-885084c6dd6d" testName="SendCommandSecurityVisitor_UpdateConfigurationManagerCommand_Rule_Edit_Allowed" computerName="DKSR-EFI-06" duration="00:00:00.0177508" startTime="2024-01-09T15:42:24.4508393+01:00" endTime="2024-01-09T15:42:24.4664631+01:00" testType="13cdc9d9-ddb5-4fa4-a97d-d965ccfc6d4b" outcome="Passed" testListId="8c84fa94-04c1-424b-9868-57a2d4851a1d" relativeResultsDirectory="227d13a3-c14a-4e55-955a-9fd1d8589db8" />
    <UnitTestResult executionId="f9f0793f-7a56-4be9-b2ec-e6198e254d66" testId="2cd5f82b-4029-c13f-4e5d-6338d8bf1511" testName="Build_StartStopRecordingParametersAreSet_PropertiesAdded" computerName="DKSR-EFI-06" duration="00:00:00.0138146" startTime="2024-01-09T15:42:36.2633728+01:00" endTime="2024-01-09T15:42:36.2789978+01:00" testType="13cdc9d9-ddb5-4fa4-a97d-d965ccfc6d4b" outcome="Passed" testListId="8c84fa94-04c1-424b-9868-57a2d4851a1d" relativeResultsDirectory="f9f0793f-7a56-4be9-b2ec-e6198e254d66" />
    <UnitTestResult executionId="c37dfae3-1d2b-46aa-a242-189333fca4b1" testId="0333d46d-5d86-b0f5-6854-51377d198f55" testName="DriverSettingsBusiness_PrepareAndValidateSettings_ValueOutOfRangeException (Data Row 9)" computerName="DKSR-EFI-06" duration="00:00:00.0223063" startTime="2024-01-09T15:42:32.5446004+01:00" endTime="2024-01-09T15:42:32.7164754+01:00" testType="13cdc9d9-ddb5-4fa4-a97d-d965ccfc6d4b" outcome="Passed" testListId="8c84fa94-04c1-424b-9868-57a2d4851a1d" relativeResultsDirectory="c37dfae3-1d2b-46aa-a242-189333fca4b1" />
    <UnitTestResult executionId="2b5235f6-8589-4c88-8439-82a5733a0c2e" testId="c62bcea7-4b71-c1c1-cdc0-931a49a62cca" testName="UpdateMotionDetection_Success" computerName="DKSR-EFI-06" duration="00:00:00.0046657" startTime="2024-01-09T15:42:42.3727747+01:00" endTime="2024-01-09T15:42:42.3727747+01:00" testType="13cdc9d9-ddb5-4fa4-a97d-d965ccfc6d4b" outcome="Passed" testListId="8c84fa94-04c1-424b-9868-57a2d4851a1d" relativeResultsDirectory="2b5235f6-8589-4c88-8439-82a5733a0c2e" />
    <UnitTestResult executionId="13f37a76-b8e2-4439-88c2-b7d0b14c3093" testId="8bf072cf-4a3a-d7dd-38df-1cc60ce1f892" testName="DevicePtzPresets_QueryPtzPresets_PresetNotEnabled_DevicePtzPresetsNotSupportedException" computerName="DKSR-EFI-06" duration="00:00:00.0019585" startTime="2024-01-09T15:42:42.4196487+01:00" endTime="2024-01-09T15:42:42.4196487+01:00" testType="13cdc9d9-ddb5-4fa4-a97d-d965ccfc6d4b" outcome="Passed" testListId="8c84fa94-04c1-424b-9868-57a2d4851a1d" relativeResultsDirectory="13f37a76-b8e2-4439-88c2-b7d0b14c3093" />
    <UnitTestResult executionId="40c70629-7036-411e-bc65-f9d93a28a0d3" testId="8bd05c5d-895e-1c6f-8769-0973153e5f21" testName="InvokeMethod_FindSearchTemplateCreateInfo" computerName="DKSR-EFI-06" duration="00:00:00.0031056" startTime="2024-01-09T15:42:40.9977717+01:00" endTime="2024-01-09T15:42:40.9977717+01:00" testType="13cdc9d9-ddb5-4fa4-a97d-d965ccfc6d4b" outcome="Passed" testListId="8c84fa94-04c1-424b-9868-57a2d4851a1d" relativeResultsDirectory="40c70629-7036-411e-bc65-f9d93a28a0d3" />
    <UnitTestResult executionId="28ac4503-6c83-481c-9771-a603c0c6bfd4" testId="bd5bda3d-547d-c4c9-36b2-ebcee66a4944" testName="Validate_WhenRequiredFeatureIsLicensed_NoError" computerName="DKSR-EFI-06" duration="00:00:00.0029586" startTime="2024-01-09T15:42:36.7633756+01:00" endTime="2024-01-09T15:42:36.7790004+01:00" testType="13cdc9d9-ddb5-4fa4-a97d-d965ccfc6d4b" outcome="Passed" testListId="8c84fa94-04c1-424b-9868-57a2d4851a1d" relativeResultsDirectory="28ac4503-6c83-481c-9771-a603c0c6bfd4" />
    <UnitTestResult executionId="22cda314-240e-44dc-ad0a-cf04fd599904" testId="3d4078c7-04dc-81c6-025e-55de3171f033" testName="DeviceEvents_QueryHardwareEvents_Success" computerName="DKSR-EFI-06" duration="00:00:00.0143697" startTime="2024-01-09T15:42:41.9196499+01:00" endTime="2024-01-09T15:42:41.9352735+01:00" testType="13cdc9d9-ddb5-4fa4-a97d-d965ccfc6d4b" outcome="Passed" testListId="8c84fa94-04c1-424b-9868-57a2d4851a1d" relativeResultsDirectory="22cda314-240e-44dc-ad0a-cf04fd599904" />
    <UnitTestResult executionId="46c50c78-bd0a-4608-a501-125faf6ea81e" testId="7d77e772-20b8-6ced-aab9-587e30b84e10" testName="TaskEdgeStorageSecurityProvider_ValidatePermissions" computerName="DKSR-EFI-06" duration="00:00:00.0112906" startTime="2024-01-09T15:42:32.9352262+01:00" endTime="2024-01-09T15:42:32.9508553+01:00" testType="13cdc9d9-ddb5-4fa4-a97d-d965ccfc6d4b" outcome="Passed" testListId="8c84fa94-04c1-424b-9868-57a2d4851a1d" relativeResultsDirectory="46c50c78-bd0a-4608-a501-125faf6ea81e" />
    <UnitTestResult executionId="dce2fc3c-50a6-43a3-a67a-1268ecef5809" testId="15b20d94-07d8-0fd2-476a-f3c0c376ba55" testName="ValidateItem_WhenPropertyValueIsInvalid_ValidPropertyNotSet_ReturnsInputProperty" computerName="DKSR-EFI-06" duration="00:00:00.0063541" startTime="2024-01-09T15:42:34.0914878+01:00" endTime="2024-01-09T15:42:34.0914878+01:00" testType="13cdc9d9-ddb5-4fa4-a97d-d965ccfc6d4b" outcome="Passed" testListId="8c84fa94-04c1-424b-9868-57a2d4851a1d" relativeResultsDirectory="dce2fc3c-50a6-43a3-a67a-1268ecef5809" />
    <UnitTestResult executionId="a71ee143-40d2-4e6f-8c81-a1adab512ed8" testId="3da2dd1c-10d4-de3c-aac0-4fe74b0f5283" testName="InvokeMethod_AddAudioFile_PresetId_SunnyDay_Test" computerName="DKSR-EFI-06" duration="00:00:00.0023920" startTime="2024-01-09T15:42:41.7946449+01:00" endTime="2024-01-09T15:42:41.7946449+01:00" testType="13cdc9d9-ddb5-4fa4-a97d-d965ccfc6d4b" outcome="Passed" testListId="8c84fa94-04c1-424b-9868-57a2d4851a1d" relativeResultsDirectory="a71ee143-40d2-4e6f-8c81-a1adab512ed8" />
    <UnitTestResult executionId="b0d002bb-42e5-4d1e-9c8b-33a6e5ae8f14" testId="2f8f093e-e2cb-eabe-9002-ccb84e5453ae" testName="SendCommandSecurityVisitor_UpdateConfigurationManagerCommand_PatrollingProfile_Edit_Allowed" computerName="DKSR-EFI-06" duration="00:00:00.0224785" startTime="2024-01-09T15:42:24.1695885+01:00" endTime="2024-01-09T15:42:24.1852156+01:00" testType="13cdc9d9-ddb5-4fa4-a97d-d965ccfc6d4b" outcome="Passed" testListId="8c84fa94-04c1-424b-9868-57a2d4851a1d" relativeResultsDirectory="b0d002bb-42e5-4d1e-9c8b-33a6e5ae8f14" />
    <UnitTestResult executionId="ee180286-0f04-4402-b22f-a278c9b08e71" testId="55e51d95-8eb9-e867-4eb1-f81c48df6a47" testName="ServerProxyService_GetConfigurationDataSetTables_Recorders_NotAllowed_RowRemoved" computerName="DKSR-EFI-06" duration="00:00:00.0184021" startTime="2024-01-09T15:42:25.3883379+01:00" endTime="2024-01-09T15:42:25.4039637+01:00" testType="13cdc9d9-ddb5-4fa4-a97d-d965ccfc6d4b" outcome="Passed" testListId="8c84fa94-04c1-424b-9868-57a2d4851a1d" relativeResultsDirectory="ee180286-0f04-4402-b22f-a278c9b08e71" />
    <UnitTestResult executionId="5599c5ba-9bde-4fd6-b381-d7a36fd91047" testId="14b157e8-0f0a-3faa-8a01-57918ea8fa92" testName="DevicePtzPresets_RemovePtzPreset_Success" computerName="DKSR-EFI-06" duration="00:00:00.0044874" startTime="2024-01-09T15:42:42.4508991+01:00" endTime="2024-01-09T15:42:42.4508991+01:00" testType="13cdc9d9-ddb5-4fa4-a97d-d965ccfc6d4b" outcome="Passed" testListId="8c84fa94-04c1-424b-9868-57a2d4851a1d" relativeResultsDirectory="5599c5ba-9bde-4fd6-b381-d7a36fd91047" />
    <UnitTestResult executionId="22e09774-80c2-4049-8c3f-d0cf3074add9" testId="2ffc66d9-2062-4a4f-fcd4-a3564dc5be6c" testName="Build_SubDay_WhenRecurringIsSet_ReturnsSubDayRecurringModel" computerName="DKSR-EFI-06" duration="00:00:00.0006540" startTime="2024-01-09T15:42:36.7008753+01:00" endTime="2024-01-09T15:42:36.7008753+01:00" testType="13cdc9d9-ddb5-4fa4-a97d-d965ccfc6d4b" outcome="Passed" testListId="8c84fa94-04c1-424b-9868-57a2d4851a1d" relativeResultsDirectory="22e09774-80c2-4049-8c3f-d0cf3074add9" />
    <UnitTestResult executionId="e61be8a1-630d-404e-af5a-1070e7fe85b4" testId="5f6363ea-61fa-db43-a261-f363d62cc335" testName="GetVmsUserCollection_MethodCalled_CorrectMethodIsCalledOnIdpAdministrationClient" computerName="DKSR-EFI-06" duration="00:00:00.0045085" startTime="2024-01-09T15:42:33.2789833+01:00" endTime="2024-01-09T15:42:33.2789833+01:00" testType="13cdc9d9-ddb5-4fa4-a97d-d965ccfc6d4b" outcome="Passed" testListId="8c84fa94-04c1-424b-9868-57a2d4851a1d" relativeResultsDirectory="e61be8a1-630d-404e-af5a-1070e7fe85b4" />
    <UnitTestResult executionId="c4619065-e4df-42ad-9226-5bfc31d71dc2" testId="af15f0ff-3f82-0963-716c-dcb7f40d0372" testName="GetItems_ShouldCreateRegistrationItem_IfNotExists" computerName="DKSR-EFI-06" duration="00:00:00.0166334" startTime="2024-01-09T15:42:43.8727803+01:00" endTime="2024-01-09T15:42:43.8887544+01:00" testType="13cdc9d9-ddb5-4fa4-a97d-d965ccfc6d4b" outcome="Passed" testListId="8c84fa94-04c1-424b-9868-57a2d4851a1d" relativeResultsDirectory="c4619065-e4df-42ad-9226-5bfc31d71dc2">
      <Output>
        <StdOut>Debug Trace:&#xD;
MIPItem: No Mgt Server Id ?&#xD;
MIPItem: No Mgt Server Id ?</StdOut>
      </Output>
    </UnitTestResult>
    <UnitTestResult executionId="c5b4afd3-e6f9-4ce8-aef6-78191f3ea319" testId="25dafdea-2a2f-05df-9be3-1cfd6b54316f" testName="Validate_WhenValidWeeklyFrequency_ValidRecurringSubday_NoErrors" computerName="DKSR-EFI-06" duration="00:00:00.0003642" startTime="2024-01-09T15:42:37.0446248+01:00" endTime="2024-01-09T15:42:37.0446248+01:00" testType="13cdc9d9-ddb5-4fa4-a97d-d965ccfc6d4b" outcome="Passed" testListId="8c84fa94-04c1-424b-9868-57a2d4851a1d" relativeResultsDirectory="c5b4afd3-e6f9-4ce8-aef6-78191f3ea319" />
    <UnitTestResult executionId="d7834760-aa8d-41d7-8571-ea103d19e98b" testId="073cc958-4944-c37e-14df-977d53860fba" testName="InvokeMethod_SetAudioFileContent_InvalidContentTest" computerName="DKSR-EFI-06" duration="00:00:00.0016617" startTime="2024-01-09T15:42:41.7008964+01:00" endTime="2024-01-09T15:42:41.7008964+01:00" testType="13cdc9d9-ddb5-4fa4-a97d-d965ccfc6d4b" outcome="Passed" testListId="8c84fa94-04c1-424b-9868-57a2d4851a1d" relativeResultsDirectory="d7834760-aa8d-41d7-8571-ea103d19e98b" />
    <UnitTestResult executionId="021cc18c-0a88-4824-a532-547802770a8e" testId="938b6be5-8d2d-a802-af00-028bc9595f49" testName="GetCurrentProperties_WhenBasicPropertiesHaveValue_ReturnsProperties" computerName="DKSR-EFI-06" duration="00:00:00.0036212" startTime="2024-01-09T15:42:34.3258593+01:00" endTime="2024-01-09T15:42:34.3414840+01:00" testType="13cdc9d9-ddb5-4fa4-a97d-d965ccfc6d4b" outcome="Passed" testListId="8c84fa94-04c1-424b-9868-57a2d4851a1d" relativeResultsDirectory="021cc18c-0a88-4824-a532-547802770a8e" />
    <UnitTestResult executionId="18746223-d3ad-4683-b485-6a41d52e38c9" testId="1fbfdd07-d9ee-c7aa-145c-502ddd80f52a" testName="GetArrayOfChildItems_OnlyEnabled" computerName="DKSR-EFI-06" duration="00:00:00.0278032" startTime="2024-01-09T15:42:29.1070893+01:00" endTime="2024-01-09T15:42:29.1227156+01:00" testType="13cdc9d9-ddb5-4fa4-a97d-d965ccfc6d4b" outcome="Passed" testListId="8c84fa94-04c1-424b-9868-57a2d4851a1d" relativeResultsDirectory="18746223-d3ad-4683-b485-6a41d52e38c9" />
    <UnitTestResult executionId="0d60d341-49ca-4a2b-a3c0-8faf5a016915" testId="819bb8d7-624c-c81d-056d-ce2fa5c01e81" testName="Get_Item_Recording_Server_Is_Null_ServerExceptionFault_Expected" computerName="DKSR-EFI-06" duration="00:00:00.0060031" startTime="2024-01-09T15:42:33.5915145+01:00" endTime="2024-01-09T15:42:33.6071057+01:00" testType="13cdc9d9-ddb5-4fa4-a97d-d965ccfc6d4b" outcome="Passed" testListId="8c84fa94-04c1-424b-9868-57a2d4851a1d" relativeResultsDirectory="0d60d341-49ca-4a2b-a3c0-8faf5a016915" />
    <UnitTestResult executionId="393f357c-cda7-4352-800c-8374d920b86c" testId="a232bbd4-0c6f-f030-dfe1-0861fb40d9ef" testName="GetItemType_WhenValidMonitor_ReturnsMonitor" computerName="DKSR-EFI-06" duration="00:00:00.0058655" startTime="2024-01-09T15:42:37.8102561+01:00" endTime="2024-01-09T15:42:37.8102561+01:00" testType="13cdc9d9-ddb5-4fa4-a97d-d965ccfc6d4b" outcome="Passed" testListId="8c84fa94-04c1-424b-9868-57a2d4851a1d" relativeResultsDirectory="393f357c-cda7-4352-800c-8374d920b86c" />
    <UnitTestResult executionId="28acefa8-8e05-41d7-aec0-16669e170035" testId="c1fa5a75-d4f7-68e5-fe4e-988e7834ee9b" testName="SendCommandSecurityVisitor_UpdateConfigurationManagerCommand_MotionPlugin_Delete_NoSecurityCheck" computerName="DKSR-EFI-06" duration="00:00:00.0207953" startTime="2024-01-09T15:42:24.0289653+01:00" endTime="2024-01-09T15:42:24.0445915+01:00" testType="13cdc9d9-ddb5-4fa4-a97d-d965ccfc6d4b" outcome="Passed" testListId="8c84fa94-04c1-424b-9868-57a2d4851a1d" relativeResultsDirectory="28acefa8-8e05-41d7-aec0-16669e170035" />
    <UnitTestResult executionId="9fc2e524-d64e-43af-b12a-6018f2cf0dfb" testId="4eb14b6c-cc58-d036-389a-31bd18d3f884" testName="SendCommandSecurityVisitor_ReplaceHardwareUpdateSystemConfigurationCommand_NotSupportedException" computerName="DKSR-EFI-06" duration="00:00:00.0033199" startTime="2024-01-09T15:42:21.8572581+01:00" endTime="2024-01-09T15:42:21.8727134+01:00" testType="13cdc9d9-ddb5-4fa4-a97d-d965ccfc6d4b" outcome="Passed" testListId="8c84fa94-04c1-424b-9868-57a2d4851a1d" relativeResultsDirectory="9fc2e524-d64e-43af-b12a-6018f2cf0dfb" />
    <UnitTestResult executionId="6fea8111-8c87-4a99-b369-454f9cc0177a" testId="0bb26833-fad5-16cf-48c5-a514df4774cf" testName="Initialize_UnexpectedException_ExpectionIsLogAndRetrow" computerName="DKSR-EFI-06" duration="00:00:00.0011217" startTime="2024-01-09T15:42:30.1695902+01:00" endTime="2024-01-09T15:42:30.1695902+01:00" testType="13cdc9d9-ddb5-4fa4-a97d-d965ccfc6d4b" outcome="Passed" testListId="8c84fa94-04c1-424b-9868-57a2d4851a1d" relativeResultsDirectory="6fea8111-8c87-4a99-b369-454f9cc0177a" />
    <UnitTestResult executionId="8c068c04-8f8c-492e-bb82-25c32bd6aa53" testId="f5f4725d-7326-946e-1580-a299db529086" testName="ConfigurationAPIExceptionUtilities_HandleException_Null_ArgumentNullException" computerName="DKSR-EFI-06" duration="00:00:00.0016749" startTime="2024-01-09T15:42:33.2946054+01:00" endTime="2024-01-09T15:42:33.2946054+01:00" testType="13cdc9d9-ddb5-4fa4-a97d-d965ccfc6d4b" outcome="Passed" testListId="8c84fa94-04c1-424b-9868-57a2d4851a1d" relativeResultsDirectory="8c068c04-8f8c-492e-bb82-25c32bd6aa53" />
    <UnitTestResult executionId="d883630d-9d71-4681-9820-94171354cc4e" testId="cfbab749-c83a-310d-4540-eebf5fd65891" testName="GetCurrentProperties_WhenTimeBetweenWithoutEndTimeIsSet_ReturnsProperties" computerName="DKSR-EFI-06" duration="00:00:00.0008269" startTime="2024-01-09T15:42:34.7946146+01:00" endTime="2024-01-09T15:42:34.7946146+01:00" testType="13cdc9d9-ddb5-4fa4-a97d-d965ccfc6d4b" outcome="Passed" testListId="8c84fa94-04c1-424b-9868-57a2d4851a1d" relativeResultsDirectory="d883630d-9d71-4681-9820-94171354cc4e" />
    <UnitTestResult executionId="ebec64ee-d9b8-4d1c-9ef8-6e26ddf38f29" testId="4b3b46e2-280b-60ed-a7b4-34058315d54f" testName="DeviceStreams_AddStream_Four_Streams_DeviceStreamMaxCountReachedException" computerName="DKSR-EFI-06" duration="00:00:00.0090792" startTime="2024-01-09T15:42:42.6386489+01:00" endTime="2024-01-09T15:42:42.6386489+01:00" testType="13cdc9d9-ddb5-4fa4-a97d-d965ccfc6d4b" outcome="Passed" testListId="8c84fa94-04c1-424b-9868-57a2d4851a1d" relativeResultsDirectory="ebec64ee-d9b8-4d1c-9ef8-6e26ddf38f29" />
    <UnitTestResult executionId="648ced65-711f-4962-b742-a68597001665" testId="fc59942e-3f57-b4ae-aeeb-3f1e11131773" testName="GetNextProperties_WhenDaysOfWeekIsSet_ReturnsProperties" computerName="DKSR-EFI-06" duration="00:00:00.0004603" startTime="2024-01-09T15:42:34.9039904+01:00" endTime="2024-01-09T15:42:34.9039904+01:00" testType="13cdc9d9-ddb5-4fa4-a97d-d965ccfc6d4b" outcome="Passed" testListId="8c84fa94-04c1-424b-9868-57a2d4851a1d" relativeResultsDirectory="648ced65-711f-4962-b742-a68597001665" />
    <UnitTestResult executionId="e3c4850e-b3e3-48af-9e58-33f6628502a4" testId="60a32fe6-f352-3a7c-9ec6-1afd0189a141" testName="ClientVersionHandling_CheckSmartClientVersion_FIPS_OldClient" computerName="DKSR-EFI-06" duration="00:00:00.0006129" startTime="2024-01-09T15:42:20.5445878+01:00" endTime="2024-01-09T15:42:20.5445878+01:00" testType="13cdc9d9-ddb5-4fa4-a97d-d965ccfc6d4b" outcome="Passed" testListId="8c84fa94-04c1-424b-9868-57a2d4851a1d" relativeResultsDirectory="e3c4850e-b3e3-48af-9e58-33f6628502a4" />
    <UnitTestResult executionId="76c7ec51-e0eb-4087-825b-f1ab2c60c202" testId="f4bde0c5-56bc-36e6-2900-d1e140ab6047" testName="Validate_WhenWrongExpectedType_ReturnsFalse" computerName="DKSR-EFI-06" duration="00:00:00.0030193" startTime="2024-01-09T15:42:38.0290069+01:00" endTime="2024-01-09T15:42:38.0290069+01:00" testType="13cdc9d9-ddb5-4fa4-a97d-d965ccfc6d4b" outcome="Passed" testListId="8c84fa94-04c1-424b-9868-57a2d4851a1d" relativeResultsDirectory="76c7ec51-e0eb-4087-825b-f1ab2c60c202" />
    <UnitTestResult executionId="17e50ac4-6512-44e2-817c-ba5a0fbb01d7" testId="763f0137-e7e4-661f-c2a6-33b3f28a8666" testName="BusinessObjects_License_UpdateMipPluginsLicenseRequestPart_NoClientPlugins" computerName="DKSR-EFI-06" duration="00:00:00.0019527" startTime="2024-01-09T15:42:42.7165254+01:00" endTime="2024-01-09T15:42:42.7165254+01:00" testType="13cdc9d9-ddb5-4fa4-a97d-d965ccfc6d4b" outcome="Passed" testListId="8c84fa94-04c1-424b-9868-57a2d4851a1d" relativeResultsDirectory="17e50ac4-6512-44e2-817c-ba5a0fbb01d7" />
    <UnitTestResult executionId="f77515ec-bcf5-48a9-be4e-288a0a430139" testId="666d6788-a383-69be-e976-255665b07996" testName="ServerProxyService_GetDevicesByHardwareId_Allowed_NotFiltered" computerName="DKSR-EFI-06" duration="00:00:00.0121010" startTime="2024-01-09T15:42:25.1383385+01:00" endTime="2024-01-09T15:42:25.1383385+01:00" testType="13cdc9d9-ddb5-4fa4-a97d-d965ccfc6d4b" outcome="Passed" testListId="8c84fa94-04c1-424b-9868-57a2d4851a1d" relativeResultsDirectory="f77515ec-bcf5-48a9-be4e-288a0a430139" />
    <UnitTestResult executionId="50a2be40-e51b-4db0-aada-e6e5016b9534" testId="a264f0b1-9c4d-5108-a975-9f8da122c27d" testName="GetChildItems_ParamNullCheck_RequestContext" computerName="DKSR-EFI-06" duration="00:00:00.0183914" startTime="2024-01-09T15:42:40.8415170+01:00" endTime="2024-01-09T15:42:40.8727704+01:00" testType="13cdc9d9-ddb5-4fa4-a97d-d965ccfc6d4b" outcome="Passed" testListId="8c84fa94-04c1-424b-9868-57a2d4851a1d" relativeResultsDirectory="50a2be40-e51b-4db0-aada-e6e5016b9534" />
    <UnitTestResult executionId="d08065a5-7863-4f61-919e-54eccfabfd8b" testId="a15139bc-4db2-5845-66dc-29bff5fd85d3" testName="Validate_WhenMonthlyRelative_FrequencyIsZero_ReturnsError" computerName="DKSR-EFI-06" duration="00:00:00.0005974" startTime="2024-01-09T15:42:37.0915001+01:00" endTime="2024-01-09T15:42:37.0915001+01:00" testType="13cdc9d9-ddb5-4fa4-a97d-d965ccfc6d4b" outcome="Passed" testListId="8c84fa94-04c1-424b-9868-57a2d4851a1d" relativeResultsDirectory="d08065a5-7863-4f61-919e-54eccfabfd8b" />
    <UnitTestResult executionId="99bb9af0-9956-4919-ac04-7cb0b82fd587" testId="3012e4f5-7664-e196-003f-2be73450f28b" testName="SetItem_SunnyDayTest" computerName="DKSR-EFI-06" duration="00:00:00.0012562" startTime="2024-01-09T15:42:41.4665200+01:00" endTime="2024-01-09T15:42:41.4665200+01:00" testType="13cdc9d9-ddb5-4fa4-a97d-d965ccfc6d4b" outcome="Passed" testListId="8c84fa94-04c1-424b-9868-57a2d4851a1d" relativeResultsDirectory="99bb9af0-9956-4919-ac04-7cb0b82fd587" />
    <UnitTestResult executionId="95bfb9c6-bf47-4437-a017-a3de6248e233" testId="8417e2b6-3065-faf1-fb12-00a36ae173ea" testName="Validate_WhenInvalidLayout_ReturnsFalse" computerName="DKSR-EFI-06" duration="00:00:00.0030142" startTime="2024-01-09T15:42:37.7790064+01:00" endTime="2024-01-09T15:42:37.7790064+01:00" testType="13cdc9d9-ddb5-4fa4-a97d-d965ccfc6d4b" outcome="Passed" testListId="8c84fa94-04c1-424b-9868-57a2d4851a1d" relativeResultsDirectory="95bfb9c6-bf47-4437-a017-a3de6248e233" />
    <UnitTestResult executionId="7291233c-d64e-41e0-a404-0176bcdaa283" testId="23587aaa-1c07-9cf4-1ab9-6553a65e3722" testName="GetChildItems_WhenPathIsItem_ReturnsEmptyList" computerName="DKSR-EFI-06" duration="00:00:00.0006308" startTime="2024-01-09T15:42:33.9352351+01:00" endTime="2024-01-09T15:42:33.9352351+01:00" testType="13cdc9d9-ddb5-4fa4-a97d-d965ccfc6d4b" outcome="Passed" testListId="8c84fa94-04c1-424b-9868-57a2d4851a1d" relativeResultsDirectory="7291233c-d64e-41e0-a404-0176bcdaa283" />
    <UnitTestResult executionId="e879e5b1-e2f5-4659-97ce-3c6e88e7beb8" testId="50bd7504-f8cb-0cc4-f4f6-2f6a009e63a1" testName="IsComplete_WhenRuleTypeIsEvent_NoEventRuleTypePropertiesSet_ReturnsFalse" computerName="DKSR-EFI-06" duration="00:00:00.0015135" startTime="2024-01-09T15:42:35.5133694+01:00" endTime="2024-01-09T15:42:35.5133694+01:00" testType="13cdc9d9-ddb5-4fa4-a97d-d965ccfc6d4b" outcome="Passed" testListId="8c84fa94-04c1-424b-9868-57a2d4851a1d" relativeResultsDirectory="e879e5b1-e2f5-4659-97ce-3c6e88e7beb8" />
    <UnitTestResult executionId="4b3c8fec-43e1-41cd-917b-53ebb1af8a12" testId="b2e55ec2-53d3-8dbc-b11f-5ffe9866d6e5" testName="Invoke_NullCheck3" computerName="DKSR-EFI-06" duration="00:00:00.0008963" startTime="2024-01-09T15:42:40.5290196+01:00" endTime="2024-01-09T15:42:40.5290196+01:00" testType="13cdc9d9-ddb5-4fa4-a97d-d965ccfc6d4b" outcome="Passed" testListId="8c84fa94-04c1-424b-9868-57a2d4851a1d" relativeResultsDirectory="4b3c8fec-43e1-41cd-917b-53ebb1af8a12" />
    <UnitTestResult executionId="b102ce06-f3d5-4fd6-a3c3-4b4fb91aa963" testId="323e21a7-2d76-5115-4cf8-7382ae87ac13" testName="GetNextProperties_WhenRuleTypeIsEvent_EventTypeNotSet_ReturnsEventTypeProperty" computerName="DKSR-EFI-06" duration="00:00:00.0018280" startTime="2024-01-09T15:42:35.5914949+01:00" endTime="2024-01-09T15:42:35.6071197+01:00" testType="13cdc9d9-ddb5-4fa4-a97d-d965ccfc6d4b" outcome="Passed" testListId="8c84fa94-04c1-424b-9868-57a2d4851a1d" relativeResultsDirectory="b102ce06-f3d5-4fd6-a3c3-4b4fb91aa963" />
    <UnitTestResult executionId="e3f9fafb-0582-4f55-95d7-aa939bfee340" testId="9d35d995-e72b-54e6-89c8-760b8a03a606" testName="SendCommandSecurityVisitor_UpdateConfigurationManagerCommand_Input_Delete_NoSecurityCheck" computerName="DKSR-EFI-06" duration="00:00:00.0176134" startTime="2024-01-09T15:42:23.7945890+01:00" endTime="2024-01-09T15:42:23.8102139+01:00" testType="13cdc9d9-ddb5-4fa4-a97d-d965ccfc6d4b" outcome="Passed" testListId="8c84fa94-04c1-424b-9868-57a2d4851a1d" relativeResultsDirectory="e3f9fafb-0582-4f55-95d7-aa939bfee340" />
    <UnitTestResult executionId="ea11b560-af03-4e3f-96b0-a20e77fd211c" testId="d017e1de-d77c-5d35-3807-05c36f5c2011" testName="Invoke_NullCheck4" computerName="DKSR-EFI-06" duration="00:00:00.0008469" startTime="2024-01-09T15:42:40.5290196+01:00" endTime="2024-01-09T15:42:40.5290196+01:00" testType="13cdc9d9-ddb5-4fa4-a97d-d965ccfc6d4b" outcome="Passed" testListId="8c84fa94-04c1-424b-9868-57a2d4851a1d" relativeResultsDirectory="ea11b560-af03-4e3f-96b0-a20e77fd211c" />
    <UnitTestResult executionId="a18c18a6-c47c-4e3e-bd1b-e472558288a0" testId="091438e6-b4e3-b2b0-92b8-73291d41c12a" testName="Build_WhenRecurringRuleType_DailyOnce_PropertiesAreSet" computerName="DKSR-EFI-06" duration="00:00:00.0149108" startTime="2024-01-09T15:42:36.1383722+01:00" endTime="2024-01-09T15:42:36.1539965+01:00" testType="13cdc9d9-ddb5-4fa4-a97d-d965ccfc6d4b" outcome="Passed" testListId="8c84fa94-04c1-424b-9868-57a2d4851a1d" relativeResultsDirectory="a18c18a6-c47c-4e3e-bd1b-e472558288a0" />
    <UnitTestResult executionId="97c437fd-2e2b-4c99-af69-296fafe61869" testId="e1c4b2c8-6421-3b0d-74db-306ed248dfc8" testName="Validate_WhenObjectExists_ReturnsTrue" computerName="DKSR-EFI-06" duration="00:00:00.0128988" startTime="2024-01-09T15:42:38.3258832+01:00" endTime="2024-01-09T15:42:38.3415091+01:00" testType="13cdc9d9-ddb5-4fa4-a97d-d965ccfc6d4b" outcome="Passed" testListId="8c84fa94-04c1-424b-9868-57a2d4851a1d" relativeResultsDirectory="97c437fd-2e2b-4c99-af69-296fafe61869" />
    <UnitTestResult executionId="08394910-7a5f-48a5-b31c-c0bf2d6fe938" testId="0efb79e0-7c5a-aa0d-38b6-d1d6870b4bb4" testName="IsComplete_WhenStopActionsHasValue_ParametersNotSet_ReturnsFalse" computerName="DKSR-EFI-06" duration="00:00:00.0028447" startTime="2024-01-09T15:42:35.2789917+01:00" endTime="2024-01-09T15:42:35.2789917+01:00" testType="13cdc9d9-ddb5-4fa4-a97d-d965ccfc6d4b" outcome="Passed" testListId="8c84fa94-04c1-424b-9868-57a2d4851a1d" relativeResultsDirectory="08394910-7a5f-48a5-b31c-c0bf2d6fe938" />
    <UnitTestResult executionId="3d08ccde-092b-489f-aaa3-477da097953e" testId="cc6ba929-9fd9-f920-cb2e-283dcbb5ee01" testName="InvokeMethod_ParamCheck_MethodIdNotOnConfigTest" computerName="DKSR-EFI-06" duration="00:00:00.0005948" startTime="2024-01-09T15:42:41.6540217+01:00" endTime="2024-01-09T15:42:41.6540217+01:00" testType="13cdc9d9-ddb5-4fa4-a97d-d965ccfc6d4b" outcome="Passed" testListId="8c84fa94-04c1-424b-9868-57a2d4851a1d" relativeResultsDirectory="3d08ccde-092b-489f-aaa3-477da097953e" />
    <UnitTestResult executionId="bc2d057c-7ade-4582-855c-1a9e2bbd7173" testId="0333d46d-5d86-b0f5-6854-51377d198f55" testName="DriverSettingsBusiness_PrepareAndValidateSettings_ValueOutOfRangeException (Data Row 3)" computerName="DKSR-EFI-06" duration="00:00:00.0150959" startTime="2024-01-09T15:42:32.5446004+01:00" endTime="2024-01-09T15:42:32.7164754+01:00" testType="13cdc9d9-ddb5-4fa4-a97d-d965ccfc6d4b" outcome="Passed" testListId="8c84fa94-04c1-424b-9868-57a2d4851a1d" relativeResultsDirectory="bc2d057c-7ade-4582-855c-1a9e2bbd7173" />
    <UnitTestResult executionId="6fd3cfbe-b367-4835-aa4a-48a9ce9e78d2" testId="2a1c856c-191c-5eb8-1391-5a2aea5df558" testName="GetChildItems_SearchTemplatePath_NoItemsReturned" computerName="DKSR-EFI-06" duration="00:00:00.0010245" startTime="2024-01-09T15:42:40.9196447+01:00" endTime="2024-01-09T15:42:40.9196447+01:00" testType="13cdc9d9-ddb5-4fa4-a97d-d965ccfc6d4b" outcome="Passed" testListId="8c84fa94-04c1-424b-9868-57a2d4851a1d" relativeResultsDirectory="6fd3cfbe-b367-4835-aa4a-48a9ce9e78d2" />
    <UnitTestResult executionId="236a3a25-e777-4635-9df4-1555ccd7e64a" testId="d1a55157-f5bc-2d9f-41c8-7dd6899c62ba" testName="IsComplete_WhenRuleTypePropertyHasEmptyValue_ReturnsFalse" computerName="DKSR-EFI-06" duration="00:00:00.0019334" startTime="2024-01-09T15:42:35.1071164+01:00" endTime="2024-01-09T15:42:35.1071164+01:00" testType="13cdc9d9-ddb5-4fa4-a97d-d965ccfc6d4b" outcome="Passed" testListId="8c84fa94-04c1-424b-9868-57a2d4851a1d" relativeResultsDirectory="236a3a25-e777-4635-9df4-1555ccd7e64a" />
    <UnitTestResult executionId="c6a9cad1-b9d8-4437-8b76-00296d456298" testId="c843f5f5-c9ca-76c5-e799-8147be0346ca" testName="LookupChildArray_Succeeds_WhenChildItemTypeIsTaskFolderAndItemTypeIsEmpty" computerName="DKSR-EFI-06" duration="00:00:00.0054426" startTime="2024-01-09T15:42:28.9820902+01:00" endTime="2024-01-09T15:42:28.9820902+01:00" testType="13cdc9d9-ddb5-4fa4-a97d-d965ccfc6d4b" outcome="Passed" testListId="8c84fa94-04c1-424b-9868-57a2d4851a1d" relativeResultsDirectory="c6a9cad1-b9d8-4437-8b76-00296d456298" />
    <UnitTestResult executionId="0a2c8d54-1b01-4a40-9519-02ebeafc2afb" testId="60e8f5c9-4db0-1ba7-4aae-cbeb5664adf5" testName="ValidateItem_InvalidParentPathTest" computerName="DKSR-EFI-06" duration="00:00:00.0006114" startTime="2024-01-09T15:42:41.4978327+01:00" endTime="2024-01-09T15:42:41.4978327+01:00" testType="13cdc9d9-ddb5-4fa4-a97d-d965ccfc6d4b" outcome="Passed" testListId="8c84fa94-04c1-424b-9868-57a2d4851a1d" relativeResultsDirectory="0a2c8d54-1b01-4a40-9519-02ebeafc2afb" />
    <UnitTestResult executionId="a8fa9ef5-640f-4e2e-9f7e-93afe1c6fc48" testId="d0b2304e-f546-20e2-91f8-f1686494292c" testName="ConfigurationItemPath_Create_InvalidPath_ArgumentException (Data Row 4)" computerName="DKSR-EFI-06" duration="00:00:00.0005725" startTime="2024-01-09T15:42:33.4352289+01:00" endTime="2024-01-09T15:42:33.4352289+01:00" testType="13cdc9d9-ddb5-4fa4-a97d-d965ccfc6d4b" outcome="Passed" testListId="8c84fa94-04c1-424b-9868-57a2d4851a1d" relativeResultsDirectory="a8fa9ef5-640f-4e2e-9f7e-93afe1c6fc48" />
    <UnitTestResult executionId="b1f53433-ae3d-4b0c-9ba0-45606e4f8e08" testId="7c87ce97-3006-8df4-6255-06a7cd2934b4" testName="GetItem_ParamNullCheck_PathTest" computerName="DKSR-EFI-06" duration="00:00:00.0025591" startTime="2024-01-09T15:42:40.8102721+01:00" endTime="2024-01-09T15:42:40.8102721+01:00" testType="13cdc9d9-ddb5-4fa4-a97d-d965ccfc6d4b" outcome="Passed" testListId="8c84fa94-04c1-424b-9868-57a2d4851a1d" relativeResultsDirectory="b1f53433-ae3d-4b0c-9ba0-45606e4f8e08">
      <Output>
        <StdOut>Debug Trace:&#xD;
Fail: Argument null</StdOut>
      </Output>
    </UnitTestResult>
    <UnitTestResult executionId="c1c4e55a-c10d-4edc-ae22-5f8c0cee59e0" testId="95cf24fd-e71b-fe4c-7541-8a27c8863857" testName="GetTaskListInJson_GetTasksForParentResource" computerName="DKSR-EFI-06" duration="00:00:00.0038073" startTime="2024-01-09T15:42:29.4820893+01:00" endTime="2024-01-09T15:42:29.4820893+01:00" testType="13cdc9d9-ddb5-4fa4-a97d-d965ccfc6d4b" outcome="Passed" testListId="8c84fa94-04c1-424b-9868-57a2d4851a1d" relativeResultsDirectory="c1c4e55a-c10d-4edc-ae22-5f8c0cee59e0" />
    <UnitTestResult executionId="132bedef-1eb3-44f6-8a03-0a8b6816da23" testId="33780b4a-0362-167f-2931-0903ee50e4bb" testName="GetChildItems_LicenseDetailCount_SunnyDay" computerName="DKSR-EFI-06" duration="00:00:00.0096573" startTime="2024-01-09T15:42:40.4040192+01:00" endTime="2024-01-09T15:42:40.4196418+01:00" testType="13cdc9d9-ddb5-4fa4-a97d-d965ccfc6d4b" outcome="Passed" testListId="8c84fa94-04c1-424b-9868-57a2d4851a1d" relativeResultsDirectory="132bedef-1eb3-44f6-8a03-0a8b6816da23" />
    <UnitTestResult executionId="b1444685-1e98-42a9-a820-470e15361c76" testId="0e8f3bf0-8edc-db2a-f7e7-ff919cd44797" testName="ValidateItem_PerformsValidation" computerName="DKSR-EFI-06" duration="00:00:00.0075726" startTime="2024-01-09T15:42:39.5446390+01:00" endTime="2024-01-09T15:42:39.5602681+01:00" testType="13cdc9d9-ddb5-4fa4-a97d-d965ccfc6d4b" outcome="Passed" testListId="8c84fa94-04c1-424b-9868-57a2d4851a1d" relativeResultsDirectory="b1444685-1e98-42a9-a820-470e15361c76" />
    <UnitTestResult executionId="be2f5948-dc8b-436f-bbaa-c042f8540a8e" testId="eeab9be4-2297-a90c-b9c8-bfa1a5cddb09" testName="IsComplete_WhenRecurring_DailyFrequencyTypeAndPropertiesNotSet_ReturnsFalse" computerName="DKSR-EFI-06" duration="00:00:00.0019305" startTime="2024-01-09T15:42:35.0133665+01:00" endTime="2024-01-09T15:42:35.0289904+01:00" testType="13cdc9d9-ddb5-4fa4-a97d-d965ccfc6d4b" outcome="Passed" testListId="8c84fa94-04c1-424b-9868-57a2d4851a1d" relativeResultsDirectory="be2f5948-dc8b-436f-bbaa-c042f8540a8e" />
    <UnitTestResult executionId="00b4a967-00cd-4f11-8c80-4fa17b53cdf1" testId="a91dfd97-7985-793d-9d26-a8685ec249d8" testName="GetPropertyValue_WhenValueIsMissing_Exception" computerName="DKSR-EFI-06" duration="00:00:00.0007201" startTime="2024-01-09T15:42:34.1852375+01:00" endTime="2024-01-09T15:42:34.1852375+01:00" testType="13cdc9d9-ddb5-4fa4-a97d-d965ccfc6d4b" outcome="Passed" testListId="8c84fa94-04c1-424b-9868-57a2d4851a1d" relativeResultsDirectory="00b4a967-00cd-4f11-8c80-4fa17b53cdf1" />
    <UnitTestResult executionId="d1d749f3-cf24-4bd5-8c04-b48390622d7b" testId="9a82231a-d9a6-70f2-cca8-14d859363fba" testName="ConfigurationItemPathBuilder_Constructor_PathNull_ArgumentNullException" computerName="DKSR-EFI-06" duration="00:00:00.0103211" startTime="2024-01-09T15:42:33.3258555+01:00" endTime="2024-01-09T15:42:33.3258555+01:00" testType="13cdc9d9-ddb5-4fa4-a97d-d965ccfc6d4b" outcome="Passed" testListId="8c84fa94-04c1-424b-9868-57a2d4851a1d" relativeResultsDirectory="d1d749f3-cf24-4bd5-8c04-b48390622d7b">
      <Output>
        <StdOut>Debug Trace:&#xD;
Fail: Argument null</StdOut>
      </Output>
    </UnitTestResult>
    <UnitTestResult executionId="1bec46ba-a7ac-4828-8694-86bc66a77716" testId="de7b1b28-8388-0f03-fc4f-7609c388802f" testName="InvokeMethod_DoesCorrectPassThrough" computerName="DKSR-EFI-06" duration="00:00:00.0205040" startTime="2024-01-09T15:42:28.8570903+01:00" endTime="2024-01-09T15:42:28.8883415+01:00" testType="13cdc9d9-ddb5-4fa4-a97d-d965ccfc6d4b" outcome="Passed" testListId="8c84fa94-04c1-424b-9868-57a2d4851a1d" relativeResultsDirectory="1bec46ba-a7ac-4828-8694-86bc66a77716" />
    <UnitTestResult executionId="4c3c38e5-3784-4b0c-a374-24e2690a8ee7" testId="09553817-4b9b-6008-f440-e4c74c83a5ab" testName="Validate_WhenExpectedTypeIsNull_ReturnFalse" computerName="DKSR-EFI-06" duration="00:00:00.0048843" startTime="2024-01-09T15:42:38.1227568+01:00" endTime="2024-01-09T15:42:38.1227568+01:00" testType="13cdc9d9-ddb5-4fa4-a97d-d965ccfc6d4b" outcome="Passed" testListId="8c84fa94-04c1-424b-9868-57a2d4851a1d" relativeResultsDirectory="4c3c38e5-3784-4b0c-a374-24e2690a8ee7" />
    <UnitTestResult executionId="392b3d79-0fcd-4406-b798-60f653d7e2d0" testId="8e1cdaa4-958b-d15f-2a3c-f9941edac161" testName="MergeMotionDetectionSettings_XmlComparison_Success" computerName="DKSR-EFI-06" duration="00:00:00.0120313" startTime="2024-01-09T15:42:42.3258993+01:00" endTime="2024-01-09T15:42:42.3415798+01:00" testType="13cdc9d9-ddb5-4fa4-a97d-d965ccfc6d4b" outcome="Passed" testListId="8c84fa94-04c1-424b-9868-57a2d4851a1d" relativeResultsDirectory="392b3d79-0fcd-4406-b798-60f653d7e2d0" />
    <UnitTestResult executionId="ef2337e9-2181-4619-9d35-42e8b59fc028" testId="b973da1a-2e42-fe55-9475-2d140e6e0854" testName="DriverSettingsBusiness_PrepareAndValidateSettings_Success (Data Row 0)" computerName="DKSR-EFI-06" duration="00:00:01.1919486" startTime="2024-01-09T15:42:30.2633401+01:00" endTime="2024-01-09T15:42:32.2008497+01:00" testType="13cdc9d9-ddb5-4fa4-a97d-d965ccfc6d4b" outcome="Passed" testListId="8c84fa94-04c1-424b-9868-57a2d4851a1d" relativeResultsDirectory="ef2337e9-2181-4619-9d35-42e8b59fc028" />
    <UnitTestResult executionId="2ce2232e-16cc-433b-831f-b9c1d5663a4e" testId="c51b3078-6e6f-69cd-7488-a837ab254938" testName="IsComplete_WhenRuleTypeIsNone_ReturnsFalse" computerName="DKSR-EFI-06" duration="00:00:00.0723727" startTime="2024-01-09T15:42:34.9039904+01:00" endTime="2024-01-09T15:42:34.9821156+01:00" testType="13cdc9d9-ddb5-4fa4-a97d-d965ccfc6d4b" outcome="Passed" testListId="8c84fa94-04c1-424b-9868-57a2d4851a1d" relativeResultsDirectory="2ce2232e-16cc-433b-831f-b9c1d5663a4e" />
    <UnitTestResult executionId="a017e019-5e23-49a3-b9e9-a80730fd8b4d" testId="bcc1f090-6996-2cb8-87c6-b76dfa585bcf" testName="SendCommandSecurityVisitor_UpdateConfigurationManagerCommand_Microphone_Add_NoSecurityCheck" computerName="DKSR-EFI-06" duration="00:00:00.0206921" startTime="2024-01-09T15:42:23.6070901+01:00" endTime="2024-01-09T15:42:23.6383406+01:00" testType="13cdc9d9-ddb5-4fa4-a97d-d965ccfc6d4b" outcome="Passed" testListId="8c84fa94-04c1-424b-9868-57a2d4851a1d" relativeResultsDirectory="a017e019-5e23-49a3-b9e9-a80730fd8b4d" />
    <UnitTestResult executionId="3b8002a9-ea16-43c3-9b28-775567375d22" testId="7ebb38ee-7066-bf66-04ee-9abbe13d7cee" testName="Validate_WhenEventSourcePtzAndPtzFilterSet_Passes" computerName="DKSR-EFI-06" duration="00:00:00.0119266" startTime="2024-01-09T15:42:37.4977549+01:00" endTime="2024-01-09T15:42:37.4977549+01:00" testType="13cdc9d9-ddb5-4fa4-a97d-d965ccfc6d4b" outcome="Passed" testListId="8c84fa94-04c1-424b-9868-57a2d4851a1d" relativeResultsDirectory="3b8002a9-ea16-43c3-9b28-775567375d22" />
    <UnitTestResult executionId="98e9f6e3-b891-4606-8875-8a5512657ce8" testId="54ba9024-1311-05b6-107a-f72445d640ec" testName="GetXml_WhenRuleIsRecordDaysOfWeek_MatchesXml" computerName="DKSR-EFI-06" duration="00:00:00.0076003" startTime="2024-01-09T15:42:38.8727610+01:00" endTime="2024-01-09T15:42:38.8883854+01:00" testType="13cdc9d9-ddb5-4fa4-a97d-d965ccfc6d4b" outcome="Passed" testListId="8c84fa94-04c1-424b-9868-57a2d4851a1d" relativeResultsDirectory="98e9f6e3-b891-4606-8875-8a5512657ce8" />
    <UnitTestResult executionId="404ed1d4-1170-47dc-90b9-663525e6f9b8" testId="55a8cd0b-5829-5a8f-d803-5d0d9990dd78" testName="Validate_WhenObjectNotExists_ReturnsFalse" computerName="DKSR-EFI-06" duration="00:00:00.0028498" startTime="2024-01-09T15:42:38.4352585+01:00" endTime="2024-01-09T15:42:38.4352585+01:00" testType="13cdc9d9-ddb5-4fa4-a97d-d965ccfc6d4b" outcome="Passed" testListId="8c84fa94-04c1-424b-9868-57a2d4851a1d" relativeResultsDirectory="404ed1d4-1170-47dc-90b9-663525e6f9b8" />
    <UnitTestResult executionId="73e9f55f-493e-45a2-8329-5e99988d1a2f" testId="0014b922-30dd-73b7-b1ea-5493c30866ff" testName="GetItem_ParamNullCheck_RequestContext" computerName="DKSR-EFI-06" duration="00:00:00.0020361" startTime="2024-01-09T15:42:41.0602711+01:00" endTime="2024-01-09T15:42:41.0602711+01:00" testType="13cdc9d9-ddb5-4fa4-a97d-d965ccfc6d4b" outcome="Passed" testListId="8c84fa94-04c1-424b-9868-57a2d4851a1d" relativeResultsDirectory="73e9f55f-493e-45a2-8329-5e99988d1a2f" />
    <UnitTestResult executionId="036b89a8-f3da-4ae0-9e5f-7ba54545cfe2" testId="d7bca3c7-b9a8-e924-c3aa-de3d51066aa2" testName="GetXml_WhenStartRecordAllFrames_MatchesXml" computerName="DKSR-EFI-06" duration="00:00:00.0011658" startTime="2024-01-09T15:42:38.6227585+01:00" endTime="2024-01-09T15:42:38.6227585+01:00" testType="13cdc9d9-ddb5-4fa4-a97d-d965ccfc6d4b" outcome="Passed" testListId="8c84fa94-04c1-424b-9868-57a2d4851a1d" relativeResultsDirectory="036b89a8-f3da-4ae0-9e5f-7ba54545cfe2" />
    <UnitTestResult executionId="d3a22922-26e2-4f67-bd95-b5b6c477fb49" testId="3bb2dc54-0acc-d6fe-1ea4-545175cf9719" testName="Build_StopPluginOnDevices_WhenParametersAreSet_ReturnsActionModel" computerName="DKSR-EFI-06" duration="00:00:00.0026969" startTime="2024-01-09T15:42:36.4977481+01:00" endTime="2024-01-09T15:42:36.4977481+01:00" testType="13cdc9d9-ddb5-4fa4-a97d-d965ccfc6d4b" outcome="Passed" testListId="8c84fa94-04c1-424b-9868-57a2d4851a1d" relativeResultsDirectory="d3a22922-26e2-4f67-bd95-b5b6c477fb49" />
    <UnitTestResult executionId="88a32d72-5558-4c24-b01a-a797c4f5dab1" testId="7dd8084e-6a56-c19d-2586-bea75cd34c77" testName="SystemSettingsManager_ConvertActivationCredentialsToDatabaseValue_Success_EmptyString" computerName="DKSR-EFI-06" duration="00:00:00.0001934" startTime="2024-01-09T15:42:25.6227144+01:00" endTime="2024-01-09T15:42:25.6227144+01:00" testType="13cdc9d9-ddb5-4fa4-a97d-d965ccfc6d4b" outcome="Passed" testListId="8c84fa94-04c1-424b-9868-57a2d4851a1d" relativeResultsDirectory="88a32d72-5558-4c24-b01a-a797c4f5dab1" />
    <UnitTestResult executionId="adab6c17-34cf-4454-9a97-f18c67425643" testId="85b74715-8755-e581-34c6-86c92c716088" testName="GetItem_SunnyDay_Child" computerName="DKSR-EFI-06" duration="00:00:00.0011539" startTime="2024-01-09T15:42:40.8258953+01:00" endTime="2024-01-09T15:42:40.8258953+01:00" testType="13cdc9d9-ddb5-4fa4-a97d-d965ccfc6d4b" outcome="Passed" testListId="8c84fa94-04c1-424b-9868-57a2d4851a1d" relativeResultsDirectory="adab6c17-34cf-4454-9a97-f18c67425643" />
    <UnitTestResult executionId="9fd950bf-a8e0-47e3-9442-5eab0ae0ff9f" testId="a452df64-9a2f-95e6-8e97-6d615b088fb9" testName="GetItem_ParamNullCheck_Path" computerName="DKSR-EFI-06" duration="00:00:00.0013253" startTime="2024-01-09T15:42:41.0758999+01:00" endTime="2024-01-09T15:42:41.0758999+01:00" testType="13cdc9d9-ddb5-4fa4-a97d-d965ccfc6d4b" outcome="Passed" testListId="8c84fa94-04c1-424b-9868-57a2d4851a1d" relativeResultsDirectory="9fd950bf-a8e0-47e3-9442-5eab0ae0ff9f" />
    <UnitTestResult executionId="eddeaf71-2bd1-4a57-85ab-a40957bcd8d9" testId="e85d7078-d3d0-c5a3-65fe-4e7b8fb675b0" testName="GetCurrentProperties_WhenRuleTypeIsEvent_InvalidEventGroup_ReturnsRuleTypeProperty" computerName="DKSR-EFI-06" duration="00:00:00.0046661" startTime="2024-01-09T15:42:35.1696178+01:00" endTime="2024-01-09T15:42:35.1852433+01:00" testType="13cdc9d9-ddb5-4fa4-a97d-d965ccfc6d4b" outcome="Passed" testListId="8c84fa94-04c1-424b-9868-57a2d4851a1d" relativeResultsDirectory="eddeaf71-2bd1-4a57-85ab-a40957bcd8d9" />
    <UnitTestResult executionId="2e9337ef-b5e7-4e31-97d3-2f4e8154f6c8" testId="e0354803-87cb-694c-b54f-fa0b7d4bd2fd" testName="TimeProfile_WhenGuidIsExisting_NoErrors" computerName="DKSR-EFI-06" duration="00:00:00.0016970" startTime="2024-01-09T15:42:36.8414985+01:00" endTime="2024-01-09T15:42:36.8414985+01:00" testType="13cdc9d9-ddb5-4fa4-a97d-d965ccfc6d4b" outcome="Passed" testListId="8c84fa94-04c1-424b-9868-57a2d4851a1d" relativeResultsDirectory="2e9337ef-b5e7-4e31-97d3-2f4e8154f6c8" />
    <UnitTestResult executionId="5a008012-3411-4eb1-8741-c9a454060d49" testId="8abb6d1f-b487-073e-045a-524047fbc26e" testName="AfterReceiveRequest_NoAuthorizationHeader_ReturnBasicAuthenticationErrorResponseData" computerName="DKSR-EFI-06" duration="00:00:00.0047399" startTime="2024-01-09T15:42:44.3572059+01:00" endTime="2024-01-09T15:42:44.3572059+01:00" testType="13cdc9d9-ddb5-4fa4-a97d-d965ccfc6d4b" outcome="Passed" testListId="8c84fa94-04c1-424b-9868-57a2d4851a1d" relativeResultsDirectory="5a008012-3411-4eb1-8741-c9a454060d49" />
    <UnitTestResult executionId="ad0202fe-bc84-4990-844d-2abbefab3c82" testId="72b7b52c-c641-2591-0a86-1b2bbefab09e" testName="Build_WhenUserPassesInvisibleParameterValue_Ignore" computerName="DKSR-EFI-06" duration="00:00:00.0018860" startTime="2024-01-09T15:42:36.5446280+01:00" endTime="2024-01-09T15:42:36.5446280+01:00" testType="13cdc9d9-ddb5-4fa4-a97d-d965ccfc6d4b" outcome="Passed" testListId="8c84fa94-04c1-424b-9868-57a2d4851a1d" relativeResultsDirectory="ad0202fe-bc84-4990-844d-2abbefab3c82" />
    <UnitTestResult executionId="5b6d552d-b7a0-41e3-b93b-24acba44a94d" testId="a5e1cbd2-7e0b-a924-435a-78975e37986c" testName="Validate_WhenValidDailyFrequency_ValidOnceSubday_NoErrors" computerName="DKSR-EFI-06" duration="00:00:00.0009308" startTime="2024-01-09T15:42:37.0289991+01:00" endTime="2024-01-09T15:42:37.0289991+01:00" testType="13cdc9d9-ddb5-4fa4-a97d-d965ccfc6d4b" outcome="Passed" testListId="8c84fa94-04c1-424b-9868-57a2d4851a1d" relativeResultsDirectory="5b6d552d-b7a0-41e3-b93b-24acba44a94d" />
    <UnitTestResult executionId="429f1bd6-0d94-498b-92b9-1fc68db323d2" testId="4a2b0dd3-32ac-61b2-2335-0891852dcbb0" testName="GetXml_WhenActionIsStartPluginsOnDevices_MatchesXml" computerName="DKSR-EFI-06" duration="00:00:00.0013266" startTime="2024-01-09T15:42:38.6696329+01:00" endTime="2024-01-09T15:42:38.6696329+01:00" testType="13cdc9d9-ddb5-4fa4-a97d-d965ccfc6d4b" outcome="Passed" testListId="8c84fa94-04c1-424b-9868-57a2d4851a1d" relativeResultsDirectory="429f1bd6-0d94-498b-92b9-1fc68db323d2" />
    <UnitTestResult executionId="9885a6ea-be4b-4b96-bfba-e442f3c82f66" testId="6c9db23f-d821-acd9-3932-64c52fd4fd59" testName="SendCommandSecurityVisitor_UpdateConfigurationManagerCommand_UserDefinedEvent_Delete_Allowed" computerName="DKSR-EFI-06" duration="00:00:00.0185065" startTime="2024-01-09T15:42:24.6852125+01:00" endTime="2024-01-09T15:42:24.7008385+01:00" testType="13cdc9d9-ddb5-4fa4-a97d-d965ccfc6d4b" outcome="Passed" testListId="8c84fa94-04c1-424b-9868-57a2d4851a1d" relativeResultsDirectory="9885a6ea-be4b-4b96-bfba-e442f3c82f66" />
    <UnitTestResult executionId="8d84bad1-5ef5-41fd-bb64-21e707ee9650" testId="29f17d8d-f672-9cc4-0934-a1929c8fc9af" testName="Build_WhenVideoWallRemoveCameras_ReturnsProperties" computerName="DKSR-EFI-06" duration="00:00:00.0137716" startTime="2024-01-09T15:42:35.9039964+01:00" endTime="2024-01-09T15:42:35.9196206+01:00" testType="13cdc9d9-ddb5-4fa4-a97d-d965ccfc6d4b" outcome="Passed" testListId="8c84fa94-04c1-424b-9868-57a2d4851a1d" relativeResultsDirectory="8d84bad1-5ef5-41fd-bb64-21e707ee9650" />
    <UnitTestResult executionId="f27032fc-2393-4a42-8cd2-b36a18704eb1" testId="9324ffe6-d9f3-4dcb-d2ad-0dd4e4d93586" testName="GetNextProperties_WhenAlwaysIsSetToFalse_ReturnsAllConditionButAlwaysProperties" computerName="DKSR-EFI-06" duration="00:00:00.0004023" startTime="2024-01-09T15:42:34.8571150+01:00" endTime="2024-01-09T15:42:34.8571150+01:00" testType="13cdc9d9-ddb5-4fa4-a97d-d965ccfc6d4b" outcome="Passed" testListId="8c84fa94-04c1-424b-9868-57a2d4851a1d" relativeResultsDirectory="f27032fc-2393-4a42-8cd2-b36a18704eb1" />
    <UnitTestResult executionId="a5c8f36a-f6d1-4212-bb0a-543154340fad" testId="89815dfd-d2a8-8abb-e666-ae09c8adddf3" testName="ServerProxyService_GetDeviceRecorderPlugin_NotAllowed_RowRemoved" computerName="DKSR-EFI-06" duration="00:00:00.0160395" startTime="2024-01-09T15:42:25.3570899+01:00" endTime="2024-01-09T15:42:25.3727154+01:00" testType="13cdc9d9-ddb5-4fa4-a97d-d965ccfc6d4b" outcome="Passed" testListId="8c84fa94-04c1-424b-9868-57a2d4851a1d" relativeResultsDirectory="a5c8f36a-f6d1-4212-bb0a-543154340fad" />
    <UnitTestResult executionId="e95b92c7-5db8-4aff-be59-a626ef8bde25" testId="802ae8ee-841e-f349-32fc-22df33163994" testName="GetItem_NullCheck1" computerName="DKSR-EFI-06" duration="00:00:00.0009454" startTime="2024-01-09T15:42:40.5133939+01:00" endTime="2024-01-09T15:42:40.5133939+01:00" testType="13cdc9d9-ddb5-4fa4-a97d-d965ccfc6d4b" outcome="Passed" testListId="8c84fa94-04c1-424b-9868-57a2d4851a1d" relativeResultsDirectory="e95b92c7-5db8-4aff-be59-a626ef8bde25" />
    <UnitTestResult executionId="e3e76eb5-3402-4d92-ae9a-e7d1cabf93af" testId="f6589b8c-1807-c8b4-9882-2b6df5e51fe0" testName="ServerProxyService_GetDeviceGroupMembersByDeviceGroupId_AllInputs_Allowed_NotFiltered" computerName="DKSR-EFI-06" duration="00:00:00.0116501" startTime="2024-01-09T15:42:25.3258392+01:00" endTime="2024-01-09T15:42:25.3414645+01:00" testType="13cdc9d9-ddb5-4fa4-a97d-d965ccfc6d4b" outcome="Passed" testListId="8c84fa94-04c1-424b-9868-57a2d4851a1d" relativeResultsDirectory="e3e76eb5-3402-4d92-ae9a-e7d1cabf93af" />
    <UnitTestResult executionId="d8cc4c67-69d7-4edb-abb3-f695d3fd73ba" testId="34f9f52a-2cd1-27eb-bc3d-e499b9fca73c" testName="GetItem_ParamNullCheck1" computerName="DKSR-EFI-06" duration="00:00:00.0014832" startTime="2024-01-09T15:42:39.5915117+01:00" endTime="2024-01-09T15:42:39.5915117+01:00" testType="13cdc9d9-ddb5-4fa4-a97d-d965ccfc6d4b" outcome="Passed" testListId="8c84fa94-04c1-424b-9868-57a2d4851a1d" relativeResultsDirectory="d8cc4c67-69d7-4edb-abb3-f695d3fd73ba" />
    <UnitTestResult executionId="0929aa81-2291-4374-b797-6867e6dd63bb" testId="edb0481c-88f7-2c31-1807-1e71b40e80d1" testName="GetNexProperties_WhenRuleTypeIsEvent_AllPropertiesArePresent_ReturnsNoProperty" computerName="DKSR-EFI-06" duration="00:00:00.0029832" startTime="2024-01-09T15:42:35.2164921+01:00" endTime="2024-01-09T15:42:35.2164921+01:00" testType="13cdc9d9-ddb5-4fa4-a97d-d965ccfc6d4b" outcome="Passed" testListId="8c84fa94-04c1-424b-9868-57a2d4851a1d" relativeResultsDirectory="0929aa81-2291-4374-b797-6867e6dd63bb" />
    <UnitTestResult executionId="7bc17dd0-c1db-44f0-b7ac-7eb28dd72825" testId="4a80cf60-9014-c0e0-e7d9-378e90e985fb" testName="GetChildItems_SearchTemplateFindPath" computerName="DKSR-EFI-06" duration="00:00:00.0066545" startTime="2024-01-09T15:42:40.9040222+01:00" endTime="2024-01-09T15:42:40.9040222+01:00" testType="13cdc9d9-ddb5-4fa4-a97d-d965ccfc6d4b" outcome="Passed" testListId="8c84fa94-04c1-424b-9868-57a2d4851a1d" relativeResultsDirectory="7bc17dd0-c1db-44f0-b7ac-7eb28dd72825" />
    <UnitTestResult executionId="3b4aee07-f9b8-49ab-8d75-c0e58cee679a" testId="01105cd1-09c1-cbac-01dc-30bcd14f3fe3" testName="Validate_WhenRuleIsNotARecurringTimeRule_ReturnsNoErrors" computerName="DKSR-EFI-06" duration="00:00:00.0035929" startTime="2024-01-09T15:42:36.9352976+01:00" endTime="2024-01-09T15:42:36.9352976+01:00" testType="13cdc9d9-ddb5-4fa4-a97d-d965ccfc6d4b" outcome="Passed" testListId="8c84fa94-04c1-424b-9868-57a2d4851a1d" relativeResultsDirectory="3b4aee07-f9b8-49ab-8d75-c0e58cee679a" />
    <UnitTestResult executionId="33305707-fa22-491c-8422-a23b468218a8" testId="5583bc0e-030d-ca1a-3d89-22bd6377cec4" testName="Build_SetBookmark_WhenParametersAreSet_ReturnsActionModel" computerName="DKSR-EFI-06" duration="00:00:00.0014564" startTime="2024-01-09T15:42:36.4352488+01:00" endTime="2024-01-09T15:42:36.4352488+01:00" testType="13cdc9d9-ddb5-4fa4-a97d-d965ccfc6d4b" outcome="Passed" testListId="8c84fa94-04c1-424b-9868-57a2d4851a1d" relativeResultsDirectory="33305707-fa22-491c-8422-a23b468218a8" />
    <UnitTestResult executionId="f14a8a1e-5b99-47fe-af9c-ecdb74a7bfa1" testId="ab8bfcc4-709e-5805-b268-818b58f3a9f3" testName="TaskStorageSecurityProvider_Read_Check_Not_Allowed" computerName="DKSR-EFI-06" duration="00:00:00.0006256" startTime="2024-01-09T15:42:32.9352262+01:00" endTime="2024-01-09T15:42:32.9352262+01:00" testType="13cdc9d9-ddb5-4fa4-a97d-d965ccfc6d4b" outcome="Passed" testListId="8c84fa94-04c1-424b-9868-57a2d4851a1d" relativeResultsDirectory="f14a8a1e-5b99-47fe-af9c-ecdb74a7bfa1" />
    <UnitTestResult executionId="648e17f7-0160-4a45-9ecb-cf5fa38e232a" testId="2c3d1696-7ed6-064b-fc9b-a5490e2041fe" testName="Validate_WhenValidVideoWall_ReturnsTrue" computerName="DKSR-EFI-06" duration="00:00:00.0036055" startTime="2024-01-09T15:42:38.2008828+01:00" endTime="2024-01-09T15:42:38.2008828+01:00" testType="13cdc9d9-ddb5-4fa4-a97d-d965ccfc6d4b" outcome="Passed" testListId="8c84fa94-04c1-424b-9868-57a2d4851a1d" relativeResultsDirectory="648e17f7-0160-4a45-9ecb-cf5fa38e232a" />
    <UnitTestResult executionId="2726bd8c-8618-4c0d-b022-e95abbd285a4" testId="a1aeb844-7896-29eb-1ad8-78e27cf3a490" testName="InvokeMethod_ParamNullCheck_ConfigurationItemTest" computerName="DKSR-EFI-06" duration="00:00:00.0005751" startTime="2024-01-09T15:42:41.6383951+01:00" endTime="2024-01-09T15:42:41.6383951+01:00" testType="13cdc9d9-ddb5-4fa4-a97d-d965ccfc6d4b" outcome="Passed" testListId="8c84fa94-04c1-424b-9868-57a2d4851a1d" relativeResultsDirectory="2726bd8c-8618-4c0d-b022-e95abbd285a4" />
    <UnitTestResult executionId="5913b15e-1de5-454b-9bee-b75637944f97" testId="165f6c38-9e84-fc0d-2e7b-2c914467d30b" testName="Authorize_ThowsArgumentNullException_OnNullAsContext" computerName="DKSR-EFI-06" duration="00:00:00.0034851" startTime="2024-01-09T15:42:18.3570859+01:00" endTime="2024-01-09T15:42:18.3570859+01:00" testType="13cdc9d9-ddb5-4fa4-a97d-d965ccfc6d4b" outcome="Passed" testListId="8c84fa94-04c1-424b-9868-57a2d4851a1d" relativeResultsDirectory="5913b15e-1de5-454b-9bee-b75637944f97" />
    <UnitTestResult executionId="7453f426-009c-4d57-bc96-4ca9a1976883" testId="23f7342b-bcb9-d555-3c56-8f2754f278cc" testName="Validate_WhenActionIsNotValidForRuleType_Error" computerName="DKSR-EFI-06" duration="00:00:00.0035536" startTime="2024-01-09T15:42:36.7633756+01:00" endTime="2024-01-09T15:42:36.7633756+01:00" testType="13cdc9d9-ddb5-4fa4-a97d-d965ccfc6d4b" outcome="Passed" testListId="8c84fa94-04c1-424b-9868-57a2d4851a1d" relativeResultsDirectory="7453f426-009c-4d57-bc96-4ca9a1976883" />
    <UnitTestResult executionId="15806ef2-1904-4b4a-a12e-b43d61cbcdc9" testId="88c0c836-e7f4-feb0-1ba4-856d748125d9" testName="Pagination_ReturnsCorrectSubset_WhenPageStartIsZero" computerName="DKSR-EFI-06" duration="00:00:00.0017840" startTime="2024-01-09T15:42:29.0758428+01:00" endTime="2024-01-09T15:42:29.0758428+01:00" testType="13cdc9d9-ddb5-4fa4-a97d-d965ccfc6d4b" outcome="Passed" testListId="8c84fa94-04c1-424b-9868-57a2d4851a1d" relativeResultsDirectory="15806ef2-1904-4b4a-a12e-b43d61cbcdc9" />
    <UnitTestResult executionId="cd0e22cd-0719-4654-9ffe-e30e5dc9cb85" testId="d5ca13f2-b839-d455-b20a-6578521aff59" testName="SendCommandSecurityVisitor_UpdateSecurityManagerCommand_SecurityPermissionsDevice_Microphone_Add_Allowed" computerName="DKSR-EFI-06" duration="00:00:00.0242163" startTime="2024-01-09T15:42:21.1383374+01:00" endTime="2024-01-09T15:42:21.1695876+01:00" testType="13cdc9d9-ddb5-4fa4-a97d-d965ccfc6d4b" outcome="Passed" testListId="8c84fa94-04c1-424b-9868-57a2d4851a1d" relativeResultsDirectory="cd0e22cd-0719-4654-9ffe-e30e5dc9cb85" />
    <UnitTestResult executionId="8c1717f8-d5c0-4ae3-98c0-531a0d3faa39" testId="2af7e832-d3e6-38a4-8882-f1360ef7cc01" testName="IsComplete_WhenNoStopActionsProperty_ReturnsFalse" computerName="DKSR-EFI-06" duration="00:00:00.0015830" startTime="2024-01-09T15:42:35.2633665+01:00" endTime="2024-01-09T15:42:35.2789917+01:00" testType="13cdc9d9-ddb5-4fa4-a97d-d965ccfc6d4b" outcome="Passed" testListId="8c84fa94-04c1-424b-9868-57a2d4851a1d" relativeResultsDirectory="8c1717f8-d5c0-4ae3-98c0-531a0d3faa39" />
    <UnitTestResult executionId="62a550ea-1799-4d9e-892c-e0b4e89f3a79" testId="47e15284-34a0-a842-e088-57cd79f0998c" testName="Validate_WhenObjectNotExists_ReturnsFalse" computerName="DKSR-EFI-06" duration="00:00:00.0038303" startTime="2024-01-09T15:42:38.4040082+01:00" endTime="2024-01-09T15:42:38.4040082+01:00" testType="13cdc9d9-ddb5-4fa4-a97d-d965ccfc6d4b" outcome="Passed" testListId="8c84fa94-04c1-424b-9868-57a2d4851a1d" relativeResultsDirectory="62a550ea-1799-4d9e-892c-e0b4e89f3a79" />
    <UnitTestResult executionId="63b92a20-f6cb-4175-8f26-043b6d0cab6f" testId="e93d7897-5fb7-f773-1a84-4dc679e6c356" testName="ConfigurationItemPath_CreateItemPath_Succes (Data Row 0)" computerName="DKSR-EFI-06" duration="00:00:00.0069487" startTime="2024-01-09T15:42:33.4664816+01:00" endTime="2024-01-09T15:42:33.4664816+01:00" testType="13cdc9d9-ddb5-4fa4-a97d-d965ccfc6d4b" outcome="Passed" testListId="8c84fa94-04c1-424b-9868-57a2d4851a1d" relativeResultsDirectory="63b92a20-f6cb-4175-8f26-043b6d0cab6f" />
    <UnitTestResult executionId="066408f8-5b8d-4256-bf41-496bbf89ba99" testId="1612a8e8-2a3c-70d1-8f69-caeccb41d661" testName="Validate_WhenWrongKind_ReturnsFalse" computerName="DKSR-EFI-06" duration="00:00:00.0033343" startTime="2024-01-09T15:42:38.3103082+01:00" endTime="2024-01-09T15:42:38.3103082+01:00" testType="13cdc9d9-ddb5-4fa4-a97d-d965ccfc6d4b" outcome="Passed" testListId="8c84fa94-04c1-424b-9868-57a2d4851a1d" relativeResultsDirectory="066408f8-5b8d-4256-bf41-496bbf89ba99" />
    <UnitTestResult executionId="8febf7f2-6d8c-4d90-a77a-2d8591fe2325" testId="87efe1c9-1be2-7f87-8071-877776b75fe0" testName="GetXml_WhenRuleTypeIsTimeInterval_MatchesXml" computerName="DKSR-EFI-06" duration="00:00:00.0083261" startTime="2024-01-09T15:42:38.9821345+01:00" endTime="2024-01-09T15:42:38.9977599+01:00" testType="13cdc9d9-ddb5-4fa4-a97d-d965ccfc6d4b" outcome="Passed" testListId="8c84fa94-04c1-424b-9868-57a2d4851a1d" relativeResultsDirectory="8febf7f2-6d8c-4d90-a77a-2d8591fe2325" />
    <UnitTestResult executionId="df3357f5-c252-44a6-8656-4ae6416c0113" testId="e978c096-b778-9d19-e3d6-359bc9d50682" testName="SendCommandSecurityVisitor_UpdateSecurityManagerCommand_SecurityPermissionsDevice_UnknownSecurityAttribute_UnauthorizedAccessException" computerName="DKSR-EFI-06" duration="00:00:00.4264455" startTime="2024-01-09T15:42:20.6227130+01:00" endTime="2024-01-09T15:42:21.0445871+01:00" testType="13cdc9d9-ddb5-4fa4-a97d-d965ccfc6d4b" outcome="Passed" testListId="8c84fa94-04c1-424b-9868-57a2d4851a1d" relativeResultsDirectory="df3357f5-c252-44a6-8656-4ae6416c0113" />
    <UnitTestResult executionId="0c69313a-968b-4540-b04a-fd342b7c5080" testId="7c8c1075-8fa7-f9a6-90de-4413176b302f" testName="Validate_WhenObjectNotExists_ReturnsFalse" computerName="DKSR-EFI-06" duration="00:00:00.0106076" startTime="2024-01-09T15:42:38.3415091+01:00" endTime="2024-01-09T15:42:38.3571345+01:00" testType="13cdc9d9-ddb5-4fa4-a97d-d965ccfc6d4b" outcome="Passed" testListId="8c84fa94-04c1-424b-9868-57a2d4851a1d" relativeResultsDirectory="0c69313a-968b-4540-b04a-fd342b7c5080" />
    <UnitTestResult executionId="f3e56fe7-54fc-4ba1-955f-68bdba355849" testId="60f01e91-cde6-276d-c03e-91d4081b3249" testName="GetCurrentProperties_WhenRuleTypeIsEvent_EventGroupNotPresent_ReturnsRuleTypeProperty" computerName="DKSR-EFI-06" duration="00:00:00.0016388" startTime="2024-01-09T15:42:35.5446174+01:00" endTime="2024-01-09T15:42:35.5446174+01:00" testType="13cdc9d9-ddb5-4fa4-a97d-d965ccfc6d4b" outcome="Passed" testListId="8c84fa94-04c1-424b-9868-57a2d4851a1d" relativeResultsDirectory="f3e56fe7-54fc-4ba1-955f-68bdba355849" />
    <UnitTestResult executionId="7401519d-0523-4040-8106-12a71dc1fb89" testId="252ae679-f8a3-aecd-df62-7982ff1f5e1d" testName="GetXml_WhenConditionIsFailoverActive_MatchesXml" computerName="DKSR-EFI-06" duration="00:00:00.0006404" startTime="2024-01-09T15:42:38.8102607+01:00" endTime="2024-01-09T15:42:38.8102607+01:00" testType="13cdc9d9-ddb5-4fa4-a97d-d965ccfc6d4b" outcome="Passed" testListId="8c84fa94-04c1-424b-9868-57a2d4851a1d" relativeResultsDirectory="7401519d-0523-4040-8106-12a71dc1fb89" />
    <UnitTestResult executionId="da4a938e-1b86-4337-83fb-b64204f37e08" testId="71b31747-d980-01ee-deb2-523fbd44a8d1" testName="SetItem_WhenValidationPassed_CallsModifyLicensePlateList" computerName="DKSR-EFI-06" duration="00:00:00.0355059" startTime="2024-01-09T15:42:39.5133900+01:00" endTime="2024-01-09T15:42:39.5446390+01:00" testType="13cdc9d9-ddb5-4fa4-a97d-d965ccfc6d4b" outcome="Passed" testListId="8c84fa94-04c1-424b-9868-57a2d4851a1d" relativeResultsDirectory="da4a938e-1b86-4337-83fb-b64204f37e08" />
    <UnitTestResult executionId="987a227b-eb7f-4b06-b3e8-ac2e17e947e6" testId="5a60be6f-ece4-9eff-ca40-e8c2bfeb2442" testName="SystemSettingsManager_ConvertToDatabaseValue_DecryptPassword" computerName="DKSR-EFI-06" duration="00:00:00.0004163" startTime="2024-01-09T15:42:25.6695930+01:00" endTime="2024-01-09T15:42:25.6695930+01:00" testType="13cdc9d9-ddb5-4fa4-a97d-d965ccfc6d4b" outcome="Passed" testListId="8c84fa94-04c1-424b-9868-57a2d4851a1d" relativeResultsDirectory="987a227b-eb7f-4b06-b3e8-ac2e17e947e6" />
    <UnitTestResult executionId="09b52b0e-c8cc-4e65-addc-757514ec2ae0" testId="6e310e32-f92f-6e95-67fe-0f30a1593318" testName="Validate_WhenSubdayTypeRecurring_SubdayStartTimeIsNegative_ReturnsError" computerName="DKSR-EFI-06" duration="00:00:00.0005485" startTime="2024-01-09T15:42:36.9821262+01:00" endTime="2024-01-09T15:42:36.9821262+01:00" testType="13cdc9d9-ddb5-4fa4-a97d-d965ccfc6d4b" outcome="Passed" testListId="8c84fa94-04c1-424b-9868-57a2d4851a1d" relativeResultsDirectory="09b52b0e-c8cc-4e65-addc-757514ec2ae0" />
    <UnitTestResult executionId="77704c3e-0e9a-4e2c-b84e-9d31597fa474" testId="35e802f0-ba93-715f-e7bf-03d31f5a026e" testName="SendCommandSecurityVisitor_UpdateConfigurationManagerCommand_Recorder_Add_NotSupportedException" computerName="DKSR-EFI-06" duration="00:00:00.4048259" startTime="2024-01-09T15:42:22.8570892+01:00" endTime="2024-01-09T15:42:23.2633409+01:00" testType="13cdc9d9-ddb5-4fa4-a97d-d965ccfc6d4b" outcome="Passed" testListId="8c84fa94-04c1-424b-9868-57a2d4851a1d" relativeResultsDirectory="77704c3e-0e9a-4e2c-b84e-9d31597fa474" />
    <UnitTestResult executionId="af781455-1d31-4465-909b-dfc01c48c791" testId="d6f07851-bc0a-3b0c-8dbd-66c873ca4b7a" testName="FindSearchTemplates_ByAllParams_Public_Allowed" computerName="DKSR-EFI-06" duration="00:00:00.0079727" startTime="2024-01-09T15:42:43.5759036+01:00" endTime="2024-01-09T15:42:43.5759036+01:00" testType="13cdc9d9-ddb5-4fa4-a97d-d965ccfc6d4b" outcome="Passed" testListId="8c84fa94-04c1-424b-9868-57a2d4851a1d" relativeResultsDirectory="af781455-1d31-4465-909b-dfc01c48c791" />
    <UnitTestResult executionId="94f92f3a-bada-408b-b7ed-4deec85051d8" testId="5c07e6f5-2241-5461-9d29-c9bac2b74f64" testName="GetCurrentProperties_WhenRuleTypeIsEvent_EventTypeNotPresent_ReturnsRuleTypeAndEventGroupProperties" computerName="DKSR-EFI-06" duration="00:00:00.0017344" startTime="2024-01-09T15:42:35.5602460+01:00" endTime="2024-01-09T15:42:35.5602460+01:00" testType="13cdc9d9-ddb5-4fa4-a97d-d965ccfc6d4b" outcome="Passed" testListId="8c84fa94-04c1-424b-9868-57a2d4851a1d" relativeResultsDirectory="94f92f3a-bada-408b-b7ed-4deec85051d8" />
    <UnitTestResult executionId="a53a4e81-0977-4c77-80bd-910e09041503" testId="c857377c-abe1-fe16-0ece-04bc258afada" testName="Invoke_WhenPropertyNotFound_ArgumentException" computerName="DKSR-EFI-06" duration="00:00:00.0010547" startTime="2024-01-09T15:42:41.2165212+01:00" endTime="2024-01-09T15:42:41.2165212+01:00" testType="13cdc9d9-ddb5-4fa4-a97d-d965ccfc6d4b" outcome="Passed" testListId="8c84fa94-04c1-424b-9868-57a2d4851a1d" relativeResultsDirectory="a53a4e81-0977-4c77-80bd-910e09041503" />
    <UnitTestResult executionId="7e4161a7-fea7-48b1-8878-879327b2ff32" testId="9e06a7ea-d21d-e6d9-cf16-39683af193f3" testName="Build_WhenCreateLogEntry_ReturnsProperties" computerName="DKSR-EFI-06" duration="00:00:00.0030270" startTime="2024-01-09T15:42:35.8414951+01:00" endTime="2024-01-09T15:42:35.8571205+01:00" testType="13cdc9d9-ddb5-4fa4-a97d-d965ccfc6d4b" outcome="Passed" testListId="8c84fa94-04c1-424b-9868-57a2d4851a1d" relativeResultsDirectory="7e4161a7-fea7-48b1-8878-879327b2ff32" />
    <UnitTestResult executionId="0b1d1ce7-f0bb-49ed-a15c-2113afe5ecb5" testId="62f90951-9905-9d70-efef-35c1dfc0b8b1" testName="IsComplete_WhenEventRule_StartConditionPropertiesHaveEmptyValue_ReturnsTrue" computerName="DKSR-EFI-06" duration="00:00:00.0039007" startTime="2024-01-09T15:42:34.7008623+01:00" endTime="2024-01-09T15:42:34.7008623+01:00" testType="13cdc9d9-ddb5-4fa4-a97d-d965ccfc6d4b" outcome="Passed" testListId="8c84fa94-04c1-424b-9868-57a2d4851a1d" relativeResultsDirectory="0b1d1ce7-f0bb-49ed-a15c-2113afe5ecb5" />
    <UnitTestResult executionId="2d058e5a-be27-4433-a4dc-230b990c5a99" testId="3fdc033b-948c-1547-a165-1b1e0ccd1ff6" testName="Validation_CheckVersionString_NonVersion_Strings_Throws" computerName="DKSR-EFI-06" duration="00:00:00.0009814" startTime="2024-01-09T15:42:26.2320922+01:00" endTime="2024-01-09T15:42:26.2320922+01:00" testType="13cdc9d9-ddb5-4fa4-a97d-d965ccfc6d4b" outcome="Passed" testListId="8c84fa94-04c1-424b-9868-57a2d4851a1d" relativeResultsDirectory="2d058e5a-be27-4433-a4dc-230b990c5a99" />
    <UnitTestResult executionId="78cc9bc7-d174-476e-9541-3177d7204548" testId="2a690d6d-9310-83ac-99dd-467bb25feca8" testName="CreateSearchTemplate_Public_Allowed" computerName="DKSR-EFI-06" duration="00:00:00.0122165" startTime="2024-01-09T15:42:43.7477786+01:00" endTime="2024-01-09T15:42:43.7634029+01:00" testType="13cdc9d9-ddb5-4fa4-a97d-d965ccfc6d4b" outcome="Passed" testListId="8c84fa94-04c1-424b-9868-57a2d4851a1d" relativeResultsDirectory="78cc9bc7-d174-476e-9541-3177d7204548" />
    <UnitTestResult executionId="813d0cb7-9d44-48bd-a3ef-d73826a406ed" testId="06521295-17b0-77ad-11d1-f50ce32e117a" testName="CheckAllConfigApiItemTypesAreDefined" computerName="DKSR-EFI-06" duration="00:00:00.2949314" startTime="2024-01-09T15:42:29.5602135+01:00" endTime="2024-01-09T15:42:29.8570902+01:00" testType="13cdc9d9-ddb5-4fa4-a97d-d965ccfc6d4b" outcome="Passed" testListId="8c84fa94-04c1-424b-9868-57a2d4851a1d" relativeResultsDirectory="813d0cb7-9d44-48bd-a3ef-d73826a406ed" />
    <UnitTestResult executionId="4a7fa442-b724-4077-ab9d-9f2c8a48b7a4" testId="e3ada95b-305b-083a-b556-d1620d0faaa6" testName="SendCommandSecurityVisitor_AddBookmarkCommand_NotSupportedException" computerName="DKSR-EFI-06" duration="00:00:00.0030833" startTime="2024-01-09T15:42:21.8414622+01:00" endTime="2024-01-09T15:42:21.8414622+01:00" testType="13cdc9d9-ddb5-4fa4-a97d-d965ccfc6d4b" outcome="Passed" testListId="8c84fa94-04c1-424b-9868-57a2d4851a1d" relativeResultsDirectory="4a7fa442-b724-4077-ab9d-9f2c8a48b7a4" />
    <UnitTestResult executionId="a0835753-a0c3-4855-8352-fc51c0fcee40" testId="b82f3ff2-7e97-b8cb-3130-40acba343b63" testName="SendCommandSecurityVisitor_TriggerCustomEventCommand_NotSupportedException" computerName="DKSR-EFI-06" duration="00:00:00.0034137" startTime="2024-01-09T15:42:21.9039628+01:00" endTime="2024-01-09T15:42:21.9195864+01:00" testType="13cdc9d9-ddb5-4fa4-a97d-d965ccfc6d4b" outcome="Passed" testListId="8c84fa94-04c1-424b-9868-57a2d4851a1d" relativeResultsDirectory="a0835753-a0c3-4855-8352-fc51c0fcee40" />
    <UnitTestResult executionId="ed6d4fec-92d0-4f8c-b414-af8ce755c80a" testId="25b3506e-b755-0ffc-1d83-67cbeed7b315" testName="TimeProfile_WhenNoProfileParameter_Error" computerName="DKSR-EFI-06" duration="00:00:00.0008189" startTime="2024-01-09T15:42:36.7946255+01:00" endTime="2024-01-09T15:42:36.7946255+01:00" testType="13cdc9d9-ddb5-4fa4-a97d-d965ccfc6d4b" outcome="Passed" testListId="8c84fa94-04c1-424b-9868-57a2d4851a1d" relativeResultsDirectory="ed6d4fec-92d0-4f8c-b414-af8ce755c80a" />
    <UnitTestResult executionId="a58043d0-7499-4a5c-8a29-210d461d639e" testId="660ef3a6-6abb-f480-9458-9d362732961e" testName="Initialize_SecretHanlderIsNull_ThrowsArgumentNullException" computerName="DKSR-EFI-06" duration="00:00:00.0037117" startTime="2024-01-09T15:42:30.0916716+01:00" endTime="2024-01-09T15:42:30.1070939+01:00" testType="13cdc9d9-ddb5-4fa4-a97d-d965ccfc6d4b" outcome="Passed" testListId="8c84fa94-04c1-424b-9868-57a2d4851a1d" relativeResultsDirectory="a58043d0-7499-4a5c-8a29-210d461d639e" />
    <UnitTestResult executionId="b3bb4141-4665-40a4-9463-76a32e9aab22" testId="f743c6ff-f8fd-9917-3921-6ee9ce3e9c63" testName="SetItem_ParamNullCheck2" computerName="DKSR-EFI-06" duration="00:00:00.0008406" startTime="2024-01-09T15:42:39.6696380+01:00" endTime="2024-01-09T15:42:39.6696380+01:00" testType="13cdc9d9-ddb5-4fa4-a97d-d965ccfc6d4b" outcome="Passed" testListId="8c84fa94-04c1-424b-9868-57a2d4851a1d" relativeResultsDirectory="b3bb4141-4665-40a4-9463-76a32e9aab22" />
    <UnitTestResult executionId="f4d493a8-ce09-4427-9dd7-1385037fbf33" testId="826c4032-b70c-ddc5-791d-dd3c661d9b62" testName="Get_KnownResourceType_NoData_NotTasks_ReturnsEmptyJson" computerName="DKSR-EFI-06" duration="00:00:00.0140004" startTime="2024-01-09T15:42:27.4508387+01:00" endTime="2024-01-09T15:42:27.4664640+01:00" testType="13cdc9d9-ddb5-4fa4-a97d-d965ccfc6d4b" outcome="Passed" testListId="8c84fa94-04c1-424b-9868-57a2d4851a1d" relativeResultsDirectory="f4d493a8-ce09-4427-9dd7-1385037fbf33" />
    <UnitTestResult executionId="695363fd-6b9b-4060-b15e-016b4728522a" testId="36474396-045c-23d4-90e7-f406118c8189" testName="Build_WhenVideoWallSetToText_ReturnsProperties" computerName="DKSR-EFI-06" duration="00:00:00.0123910" startTime="2024-01-09T15:42:35.8883714+01:00" endTime="2024-01-09T15:42:35.9039964+01:00" testType="13cdc9d9-ddb5-4fa4-a97d-d965ccfc6d4b" outcome="Passed" testListId="8c84fa94-04c1-424b-9868-57a2d4851a1d" relativeResultsDirectory="695363fd-6b9b-4060-b15e-016b4728522a" />
    <UnitTestResult executionId="f5008eb7-0727-413d-bca1-11fce7c2bab4" testId="6c7409d9-28bf-ab28-22c1-16a518a26f2a" testName="ServerProxyService_GetConfigurationDataSetTables_DeviceLinks_SpeakerNotAllowed_RowRemoved" computerName="DKSR-EFI-06" duration="00:00:00.0126096" startTime="2024-01-09T15:42:25.5133416+01:00" endTime="2024-01-09T15:42:25.5289645+01:00" testType="13cdc9d9-ddb5-4fa4-a97d-d965ccfc6d4b" outcome="Passed" testListId="8c84fa94-04c1-424b-9868-57a2d4851a1d" relativeResultsDirectory="f5008eb7-0727-413d-bca1-11fce7c2bab4" />
    <UnitTestResult executionId="ad2b5ba5-0d63-4d0e-80a9-f55b1907db67" testId="f53de284-49aa-4a80-60ab-eefd16a69ba9" testName="SendCommandSecurityVisitor_UpdateConfigurationManagerCommand_TimeProfile_Delete_Allowed" computerName="DKSR-EFI-06" duration="00:00:00.0171396" startTime="2024-01-09T15:42:24.5445892+01:00" endTime="2024-01-09T15:42:24.5758368+01:00" testType="13cdc9d9-ddb5-4fa4-a97d-d965ccfc6d4b" outcome="Passed" testListId="8c84fa94-04c1-424b-9868-57a2d4851a1d" relativeResultsDirectory="ad2b5ba5-0d63-4d0e-80a9-f55b1907db67" />
    <UnitTestResult executionId="20ea7908-e640-44b2-b1ba-de34f30cbde6" testId="0333d46d-5d86-b0f5-6854-51377d198f55" testName="DriverSettingsBusiness_PrepareAndValidateSettings_ValueOutOfRangeException (Data Row 6)" computerName="DKSR-EFI-06" duration="00:00:00.0147292" startTime="2024-01-09T15:42:32.5446004+01:00" endTime="2024-01-09T15:42:32.7164754+01:00" testType="13cdc9d9-ddb5-4fa4-a97d-d965ccfc6d4b" outcome="Passed" testListId="8c84fa94-04c1-424b-9868-57a2d4851a1d" relativeResultsDirectory="20ea7908-e640-44b2-b1ba-de34f30cbde6" />
    <UnitTestResult executionId="94a6b6e7-da0b-4a9d-9d98-30d8a8033c5f" testId="27bf4166-2236-24ff-09b9-fe4d5ee647ad" testName="ConfigurationItemPath_Create_ItemPathUserSid_Succes" computerName="DKSR-EFI-06" duration="00:00:00.0081633" startTime="2024-01-09T15:42:33.3883544+01:00" endTime="2024-01-09T15:42:33.4039776+01:00" testType="13cdc9d9-ddb5-4fa4-a97d-d965ccfc6d4b" outcome="Passed" testListId="8c84fa94-04c1-424b-9868-57a2d4851a1d" relativeResultsDirectory="94a6b6e7-da0b-4a9d-9d98-30d8a8033c5f" />
    <UnitTestResult executionId="932eb031-2d93-48e3-b333-fd223010a90b" testId="5fc8d77b-1931-b46f-bc82-33869a814019" testName="GetItem_LicenseOverviewFolder_SunnyDay" computerName="DKSR-EFI-06" duration="00:00:00.0006332" startTime="2024-01-09T15:42:40.4977697+01:00" endTime="2024-01-09T15:42:40.4977697+01:00" testType="13cdc9d9-ddb5-4fa4-a97d-d965ccfc6d4b" outcome="Passed" testListId="8c84fa94-04c1-424b-9868-57a2d4851a1d" relativeResultsDirectory="932eb031-2d93-48e3-b333-fd223010a90b" />
    <UnitTestResult executionId="0a5bdc9a-b16f-4dff-a43b-fc0a8833dbbd" testId="43ac4d6b-1e4a-3303-763c-06238c2b8d7b" testName="InvokeMethod_ParamNullCheck_Item" computerName="DKSR-EFI-06" duration="00:00:00.0016882" startTime="2024-01-09T15:42:40.9352700+01:00" endTime="2024-01-09T15:42:40.9352700+01:00" testType="13cdc9d9-ddb5-4fa4-a97d-d965ccfc6d4b" outcome="Passed" testListId="8c84fa94-04c1-424b-9868-57a2d4851a1d" relativeResultsDirectory="0a5bdc9a-b16f-4dff-a43b-fc0a8833dbbd" />
    <UnitTestResult executionId="31121ac8-11b6-4d40-ab82-cd78844f2ba1" testId="eaa794e6-b7c6-2062-e990-d3fbc94d6058" testName="DeviceStreams_UpdateStream_OnlyUseMediaAfter_UpdateSecondary" computerName="DKSR-EFI-06" duration="00:00:00.0092737" startTime="2024-01-09T15:42:42.6071502+01:00" endTime="2024-01-09T15:42:42.6071502+01:00" testType="13cdc9d9-ddb5-4fa4-a97d-d965ccfc6d4b" outcome="Passed" testListId="8c84fa94-04c1-424b-9868-57a2d4851a1d" relativeResultsDirectory="31121ac8-11b6-4d40-ab82-cd78844f2ba1" />
    <UnitTestResult executionId="91149408-6441-491e-ba24-410d58929f01" testId="4ecf0d4e-4e5c-8070-19b2-9e079948676a" testName="TryParseConditions_WhenTwoTimeProfileConditions_ReturnsTrue" computerName="DKSR-EFI-06" duration="00:00:00.0027372" startTime="2024-01-09T15:42:38.7008829+01:00" endTime="2024-01-09T15:42:38.7008829+01:00" testType="13cdc9d9-ddb5-4fa4-a97d-d965ccfc6d4b" outcome="Passed" testListId="8c84fa94-04c1-424b-9868-57a2d4851a1d" relativeResultsDirectory="91149408-6441-491e-ba24-410d58929f01" />
    <UnitTestResult executionId="bdf25115-1505-4eeb-8108-e56a8b070b77" testId="efe2d614-0af6-853d-247b-f0f2118cee76" testName="TryGetPropertyValue_WhenPropertyExistsButValueTypeIncompatible_Exception" computerName="DKSR-EFI-06" duration="00:00:00.0009309" startTime="2024-01-09T15:42:34.1539882+01:00" endTime="2024-01-09T15:42:34.1539882+01:00" testType="13cdc9d9-ddb5-4fa4-a97d-d965ccfc6d4b" outcome="Passed" testListId="8c84fa94-04c1-424b-9868-57a2d4851a1d" relativeResultsDirectory="bdf25115-1505-4eeb-8108-e56a8b070b77" />
    <UnitTestResult executionId="e5ced174-4092-4951-9ee4-dd4b39c2f7d9" testId="75237d92-d1e3-42dd-0f61-443b0149521f" testName="LogException_Returns_FaultExceptionWithVMOExceptionDetail_OnVmoServiceException" computerName="DKSR-EFI-06" duration="00:00:00.0038603" startTime="2024-01-09T15:42:30.2477165+01:00" endTime="2024-01-09T15:42:30.2477165+01:00" testType="13cdc9d9-ddb5-4fa4-a97d-d965ccfc6d4b" outcome="Passed" testListId="8c84fa94-04c1-424b-9868-57a2d4851a1d" relativeResultsDirectory="e5ced174-4092-4951-9ee4-dd4b39c2f7d9" />
    <UnitTestResult executionId="56fd33a7-0f38-4b5a-846e-f8feeab98d52" testId="434940c5-4712-885c-a11e-477dd750fd9d" testName="IsPropertyValuePresent_WhenPropertyHasValue_ReturnsTrue" computerName="DKSR-EFI-06" duration="00:00:00.0001966" startTime="2024-01-09T15:42:34.1071124+01:00" endTime="2024-01-09T15:42:34.1071124+01:00" testType="13cdc9d9-ddb5-4fa4-a97d-d965ccfc6d4b" outcome="Passed" testListId="8c84fa94-04c1-424b-9868-57a2d4851a1d" relativeResultsDirectory="56fd33a7-0f38-4b5a-846e-f8feeab98d52" />
    <UnitTestResult executionId="3e1b9e9a-ca4e-4c6d-8d28-1303ded6a537" testId="1c52fd7e-4099-eb87-c211-9f62bff458aa" testName="GetItem_ShouldReturnValidLicenseItem_IfLicenseNotExists" computerName="DKSR-EFI-06" duration="00:00:00.0087635" startTime="2024-01-09T15:42:43.8415278+01:00" endTime="2024-01-09T15:42:43.8571539+01:00" testType="13cdc9d9-ddb5-4fa4-a97d-d965ccfc6d4b" outcome="Passed" testListId="8c84fa94-04c1-424b-9868-57a2d4851a1d" relativeResultsDirectory="3e1b9e9a-ca4e-4c6d-8d28-1303ded6a537">
      <Output>
        <StdOut>Debug Trace:&#xD;
MIPItem: No Mgt Server Id ?</StdOut>
      </Output>
    </UnitTestResult>
    <UnitTestResult executionId="847c9b60-5677-4b62-a7c2-2b06d5d67b03" testId="c1c8a19e-a2e7-60fd-8141-25544a7d2750" testName="AfterReceiveRequest_NoHttpRequestMessage_ReturnBasicAuthenticationErrorResponseData" computerName="DKSR-EFI-06" duration="00:00:00.0577877" startTime="2024-01-09T15:42:44.2946555+01:00" endTime="2024-01-09T15:42:44.3572059+01:00" testType="13cdc9d9-ddb5-4fa4-a97d-d965ccfc6d4b" outcome="Passed" testListId="8c84fa94-04c1-424b-9868-57a2d4851a1d" relativeResultsDirectory="847c9b60-5677-4b62-a7c2-2b06d5d67b03" />
    <UnitTestResult executionId="b3975493-5e07-40c9-8394-702bac0ede4d" testId="b9a10330-c6c3-600d-4432-4f9f9dc6dc76" testName="GetCurrentProperties_WhenRuleTypeIsEvent_InvalidEventType_ReturnsRuleTypeAndEventGroupProperties" computerName="DKSR-EFI-06" duration="00:00:00.0018204" startTime="2024-01-09T15:42:35.5602460+01:00" endTime="2024-01-09T15:42:35.5602460+01:00" testType="13cdc9d9-ddb5-4fa4-a97d-d965ccfc6d4b" outcome="Passed" testListId="8c84fa94-04c1-424b-9868-57a2d4851a1d" relativeResultsDirectory="b3975493-5e07-40c9-8394-702bac0ede4d" />
    <UnitTestResult executionId="634da707-6065-400b-a738-931e92ac025b" testId="a6ea33f1-2fc6-bbfc-e8e0-517b7d2e6107" testName="GetXml_WhenActionIsStartFeed_MatchesXml" computerName="DKSR-EFI-06" duration="00:00:00.0008717" startTime="2024-01-09T15:42:38.5758832+01:00" endTime="2024-01-09T15:42:38.5758832+01:00" testType="13cdc9d9-ddb5-4fa4-a97d-d965ccfc6d4b" outcome="Passed" testListId="8c84fa94-04c1-424b-9868-57a2d4851a1d" relativeResultsDirectory="634da707-6065-400b-a738-931e92ac025b" />
    <UnitTestResult executionId="c8fd967b-8301-411e-9ccb-044ae2027835" testId="43bb3408-a632-ce0e-0a30-83e5b5cc3f96" testName="Validate_WhenStartActionIsNotSet_Error" computerName="DKSR-EFI-06" duration="00:00:00.0029362" startTime="2024-01-09T15:42:36.7321249+01:00" endTime="2024-01-09T15:42:36.7321249+01:00" testType="13cdc9d9-ddb5-4fa4-a97d-d965ccfc6d4b" outcome="Passed" testListId="8c84fa94-04c1-424b-9868-57a2d4851a1d" relativeResultsDirectory="c8fd967b-8301-411e-9ccb-044ae2027835" />
    <UnitTestResult executionId="76f8461d-b43f-468e-b36d-a4500302228f" testId="b77cd0ae-12fe-6d3c-511a-0aba85480a69" testName="GetCurrentProperties_WhenDaysOfWeekParameterIsSetButNotDaysOfWeek_ReturnsNoProperty" computerName="DKSR-EFI-06" duration="00:00:00.0005123" startTime="2024-01-09T15:42:34.8258650+01:00" endTime="2024-01-09T15:42:34.8258650+01:00" testType="13cdc9d9-ddb5-4fa4-a97d-d965ccfc6d4b" outcome="Passed" testListId="8c84fa94-04c1-424b-9868-57a2d4851a1d" relativeResultsDirectory="76f8461d-b43f-468e-b36d-a4500302228f" />
    <UnitTestResult executionId="88f9e8d8-7593-4771-af6d-8aa817ca2941" testId="510a0ebe-0deb-928e-273c-2f1305856925" testName="Build_WhenRecurringTimeAsStopRuleType_RecurringTimeModelIsNotSet" computerName="DKSR-EFI-06" duration="00:00:00.0013994" startTime="2024-01-09T15:42:36.5914995+01:00" endTime="2024-01-09T15:42:36.5914995+01:00" testType="13cdc9d9-ddb5-4fa4-a97d-d965ccfc6d4b" outcome="Passed" testListId="8c84fa94-04c1-424b-9868-57a2d4851a1d" relativeResultsDirectory="88f9e8d8-7593-4771-af6d-8aa817ca2941" />
    <UnitTestResult executionId="397d0e2d-ac5c-4c62-a38a-b28ba3810174" testId="06ad3f05-f68d-e359-ba7e-4336e087965f" testName="Build_WhenRecurringRuleType_MonthlyRelativeAndOnceAreSelectedButNotRequiredProperties_PropertiesAreSetWithDefaultValues" computerName="DKSR-EFI-06" duration="00:00:00.0024667" startTime="2024-01-09T15:42:36.2164990+01:00" endTime="2024-01-09T15:42:36.2164990+01:00" testType="13cdc9d9-ddb5-4fa4-a97d-d965ccfc6d4b" outcome="Passed" testListId="8c84fa94-04c1-424b-9868-57a2d4851a1d" relativeResultsDirectory="397d0e2d-ac5c-4c62-a38a-b28ba3810174" />
    <UnitTestResult executionId="a2eaaa45-fc72-4739-8359-fe61a06d6be3" testId="8954480e-58d4-e0df-5cf9-1d0dd7f64f5b" testName="SendCommandSecurityVisitor_HardwareSetupInformationCommand_ArgumentNullException" computerName="DKSR-EFI-06" duration="00:00:00.0042443" startTime="2024-01-09T15:42:22.5445882+01:00" endTime="2024-01-09T15:42:22.5445882+01:00" testType="13cdc9d9-ddb5-4fa4-a97d-d965ccfc6d4b" outcome="Passed" testListId="8c84fa94-04c1-424b-9868-57a2d4851a1d" relativeResultsDirectory="a2eaaa45-fc72-4739-8359-fe61a06d6be3">
      <Output>
        <StdOut>Debug Trace:&#xD;
Fail: Argument null.</StdOut>
      </Output>
    </UnitTestResult>
    <UnitTestResult executionId="e35666b8-826b-4ead-9f1a-28eba965ea9f" testId="105f82b0-f461-ba65-9df0-93de6cab9817" testName="Validate_WhenRecorderExists_ReturnsTrue" computerName="DKSR-EFI-06" duration="00:00:00.0035299" startTime="2024-01-09T15:42:37.9665064+01:00" endTime="2024-01-09T15:42:37.9665064+01:00" testType="13cdc9d9-ddb5-4fa4-a97d-d965ccfc6d4b" outcome="Passed" testListId="8c84fa94-04c1-424b-9868-57a2d4851a1d" relativeResultsDirectory="e35666b8-826b-4ead-9f1a-28eba965ea9f" />
    <UnitTestResult executionId="562c153c-b529-4475-8129-5b5ce2fa4c36" testId="4317fa63-55b2-96fc-2f94-e14f3bd60d61" testName="GetCurrentProperties_WhenRuleTypeIsEvent_InvalidEventType_ReturnsRuleTypeAndEventGroupProperties" computerName="DKSR-EFI-06" duration="00:00:00.0030665" startTime="2024-01-09T15:42:35.1852433+01:00" endTime="2024-01-09T15:42:35.1852433+01:00" testType="13cdc9d9-ddb5-4fa4-a97d-d965ccfc6d4b" outcome="Passed" testListId="8c84fa94-04c1-424b-9868-57a2d4851a1d" relativeResultsDirectory="562c153c-b529-4475-8129-5b5ce2fa4c36" />
    <UnitTestResult executionId="d26eb2db-c167-4f8e-b4cc-62998e2b9aa7" testId="f0e4a144-ad8a-055e-b92b-4d19dc96ecf4" testName="GetChildItems_InvalidPathTest" computerName="DKSR-EFI-06" duration="00:00:00.0009441" startTime="2024-01-09T15:42:41.4196468+01:00" endTime="2024-01-09T15:42:41.4352714+01:00" testType="13cdc9d9-ddb5-4fa4-a97d-d965ccfc6d4b" outcome="Passed" testListId="8c84fa94-04c1-424b-9868-57a2d4851a1d" relativeResultsDirectory="d26eb2db-c167-4f8e-b4cc-62998e2b9aa7" />
    <UnitTestResult executionId="e6aff4ab-c807-4798-b7aa-9d508f904876" testId="2b4e7ac0-890c-377d-982a-10f5ccd33fe1" testName="SendCommandSecurityVisitor_UpdateConfigurationManagerCommand_RecordingStorageDevice_Edit_NotSupportedException" computerName="DKSR-EFI-06" duration="00:00:00.0207661" startTime="2024-01-09T15:42:24.2320882+01:00" endTime="2024-01-09T15:42:24.2633399+01:00" testType="13cdc9d9-ddb5-4fa4-a97d-d965ccfc6d4b" outcome="Passed" testListId="8c84fa94-04c1-424b-9868-57a2d4851a1d" relativeResultsDirectory="e6aff4ab-c807-4798-b7aa-9d508f904876" />
    <UnitTestResult executionId="fbb3fa59-5070-4468-b1d5-737de1a7f6ff" testId="33b9d565-2372-dde4-9ac6-e737e10c86db" testName="UpdateMotionDetection_Test_Retry_Limit_Exceeded_Exception_Expected" computerName="DKSR-EFI-06" duration="00:00:00.0047662" startTime="2024-01-09T15:42:42.3884032+01:00" endTime="2024-01-09T15:42:42.3884032+01:00" testType="13cdc9d9-ddb5-4fa4-a97d-d965ccfc6d4b" outcome="Passed" testListId="8c84fa94-04c1-424b-9868-57a2d4851a1d" relativeResultsDirectory="fbb3fa59-5070-4468-b1d5-737de1a7f6ff" />
    <UnitTestResult executionId="155cfd0c-2462-40d5-b48d-7fd05ba6a867" testId="7eb08b78-2799-5b44-6f96-a120501e45c6" testName="GetVmsUserById_ThrowException_ThrowsGenericIdpException" computerName="DKSR-EFI-06" duration="00:00:00.0019104" startTime="2024-01-09T15:42:33.2477288+01:00" endTime="2024-01-09T15:42:33.2477288+01:00" testType="13cdc9d9-ddb5-4fa4-a97d-d965ccfc6d4b" outcome="Passed" testListId="8c84fa94-04c1-424b-9868-57a2d4851a1d" relativeResultsDirectory="155cfd0c-2462-40d5-b48d-7fd05ba6a867" />
    <UnitTestResult executionId="980b9dab-0f85-4f30-b160-a0de92213726" testId="f175a018-5ea8-f1d3-92f7-61c4345d69a7" testName="Pagination_ReturnsEmptySubset_WhenNoMatchingItemsAvailable" computerName="DKSR-EFI-06" duration="00:00:00.0017733" startTime="2024-01-09T15:42:29.0914652+01:00" endTime="2024-01-09T15:42:29.1070893+01:00" testType="13cdc9d9-ddb5-4fa4-a97d-d965ccfc6d4b" outcome="Passed" testListId="8c84fa94-04c1-424b-9868-57a2d4851a1d" relativeResultsDirectory="980b9dab-0f85-4f30-b160-a0de92213726" />
    <UnitTestResult executionId="85979e55-7578-49a2-a293-841f5b08298d" testId="6138dec0-91e6-73cb-9f6b-4c116d9e1abd" testName="GetNextProperties_WhenTimeBetweenPropertyIsSetWithStartNotEndTime_ReturnsProperties" computerName="DKSR-EFI-06" duration="00:00:00.0004927" startTime="2024-01-09T15:42:34.8883657+01:00" endTime="2024-01-09T15:42:34.8883657+01:00" testType="13cdc9d9-ddb5-4fa4-a97d-d965ccfc6d4b" outcome="Passed" testListId="8c84fa94-04c1-424b-9868-57a2d4851a1d" relativeResultsDirectory="85979e55-7578-49a2-a293-841f5b08298d" />
    <UnitTestResult executionId="1a5275d7-1de1-4c56-beec-a06149285361" testId="97da0112-697e-554e-c313-d9bd046307b0" testName="CreateWindowsLogin_LoginAlreadyExists_ThrowsGenericIdpException" computerName="DKSR-EFI-06" duration="00:00:00.0021453" startTime="2024-01-09T15:42:33.2321086+01:00" endTime="2024-01-09T15:42:33.2321086+01:00" testType="13cdc9d9-ddb5-4fa4-a97d-d965ccfc6d4b" outcome="Passed" testListId="8c84fa94-04c1-424b-9868-57a2d4851a1d" relativeResultsDirectory="1a5275d7-1de1-4c56-beec-a06149285361" />
    <UnitTestResult executionId="a6d34110-f523-4bf8-9b7f-6c86bfe9dd35" testId="ab651efa-e4bf-e7bb-e578-297016d16356" testName="InvokeMethod_AddAudioFile_GetParamsTest" computerName="DKSR-EFI-06" duration="00:00:00.0010327" startTime="2024-01-09T15:42:41.7946449+01:00" endTime="2024-01-09T15:42:41.7946449+01:00" testType="13cdc9d9-ddb5-4fa4-a97d-d965ccfc6d4b" outcome="Passed" testListId="8c84fa94-04c1-424b-9868-57a2d4851a1d" relativeResultsDirectory="a6d34110-f523-4bf8-9b7f-6c86bfe9dd35" />
    <UnitTestResult executionId="b95a8e31-e43f-4abc-870f-aa3217716d0e" testId="911f46b3-e5a8-63b9-532d-7e56cbdeba6c" testName="CheckDualAuthorization_ThrowsFaultCode51000_OnNotAuthorizedUser" computerName="DKSR-EFI-06" duration="00:00:00.0184414" startTime="2024-01-09T15:42:18.3102109+01:00" endTime="2024-01-09T15:42:18.3414615+01:00" testType="13cdc9d9-ddb5-4fa4-a97d-d965ccfc6d4b" outcome="Passed" testListId="8c84fa94-04c1-424b-9868-57a2d4851a1d" relativeResultsDirectory="b95a8e31-e43f-4abc-870f-aa3217716d0e" />
    <UnitTestResult executionId="cae0f9bd-5eca-4383-bca1-cb88eb53aa54" testId="fc700737-c519-d76d-3b20-9c99b2edcf86" testName="IsComplete_WhenRuleTypeIsEvent_EventRuleTypePropertiesSet_ReturnsTrue" computerName="DKSR-EFI-06" duration="00:00:00.0020711" startTime="2024-01-09T15:42:35.1383668+01:00" endTime="2024-01-09T15:42:35.1383668+01:00" testType="13cdc9d9-ddb5-4fa4-a97d-d965ccfc6d4b" outcome="Passed" testListId="8c84fa94-04c1-424b-9868-57a2d4851a1d" relativeResultsDirectory="cae0f9bd-5eca-4383-bca1-cb88eb53aa54" />
    <UnitTestResult executionId="657b924b-f7b8-4acc-9639-b29b174998ab" testId="5a22d5f8-9e0a-ec20-a150-d45d600856ce" testName="GetXml_WhenRuleTypeIsEventAndDeviceIdAndGroupIdAreSet_MatchesXml" computerName="DKSR-EFI-06" duration="00:00:00.0007010" startTime="2024-01-09T15:42:39.0133873+01:00" endTime="2024-01-09T15:42:39.0133873+01:00" testType="13cdc9d9-ddb5-4fa4-a97d-d965ccfc6d4b" outcome="Passed" testListId="8c84fa94-04c1-424b-9868-57a2d4851a1d" relativeResultsDirectory="657b924b-f7b8-4acc-9639-b29b174998ab" />
    <UnitTestResult executionId="e01f4ea8-eb02-49d5-8115-35006eb32881" testId="b126bcbc-ca7c-1806-e8b1-9dd33cfb2b77" testName="TryParseRuleType_SubDay_WhenRecurring_ReturnsTrue" computerName="DKSR-EFI-06" duration="00:00:00.0007148" startTime="2024-01-09T15:42:38.9352620+01:00" endTime="2024-01-09T15:42:38.9352620+01:00" testType="13cdc9d9-ddb5-4fa4-a97d-d965ccfc6d4b" outcome="Passed" testListId="8c84fa94-04c1-424b-9868-57a2d4851a1d" relativeResultsDirectory="e01f4ea8-eb02-49d5-8115-35006eb32881" />
    <UnitTestResult executionId="3628644f-77a2-4cfe-ae1a-29c5fde89b0c" testId="992df534-dba3-9c18-9e5a-1af7e26dca5a" testName="NamespaceGuidTest" computerName="DKSR-EFI-06" duration="00:00:00.0002168" startTime="2024-01-09T15:42:18.5445852+01:00" endTime="2024-01-09T15:42:18.5445852+01:00" testType="13cdc9d9-ddb5-4fa4-a97d-d965ccfc6d4b" outcome="Passed" testListId="8c84fa94-04c1-424b-9868-57a2d4851a1d" relativeResultsDirectory="3628644f-77a2-4cfe-ae1a-29c5fde89b0c" />
    <UnitTestResult executionId="04b6ec7f-02d8-4106-be98-dbe489fc8bf4" testId="04e31b14-266a-1e0c-192e-1111a14bc1de" testName="FilterItems_ItemsNull_Throws" computerName="DKSR-EFI-06" duration="00:00:00.0038039" startTime="2024-01-09T15:42:43.4352777+01:00" endTime="2024-01-09T15:42:43.4352777+01:00" testType="13cdc9d9-ddb5-4fa4-a97d-d965ccfc6d4b" outcome="Passed" testListId="8c84fa94-04c1-424b-9868-57a2d4851a1d" relativeResultsDirectory="04b6ec7f-02d8-4106-be98-dbe489fc8bf4" />
    <UnitTestResult executionId="35d9de33-ebcd-4094-9289-cbaf3b1f5113" testId="14a9bde5-24ae-51be-9989-00ec8ddc2a28" testName="TestRootReadNotAllowed" computerName="DKSR-EFI-06" duration="00:00:00.0008569" startTime="2024-01-09T15:42:18.6695837+01:00" endTime="2024-01-09T15:42:18.6695837+01:00" testType="13cdc9d9-ddb5-4fa4-a97d-d965ccfc6d4b" outcome="Passed" testListId="8c84fa94-04c1-424b-9868-57a2d4851a1d" relativeResultsDirectory="35d9de33-ebcd-4094-9289-cbaf3b1f5113" />
    <UnitTestResult executionId="48ddb9c6-ddae-435d-975f-a507c37dc57b" testId="55b1089d-69cf-497f-4b82-ae5dddbbfd77" testName="Validate_WhenValidUserDefinedEvent_ReturnsTrue" computerName="DKSR-EFI-06" duration="00:00:00.0091711" startTime="2024-01-09T15:42:38.0915057+01:00" endTime="2024-01-09T15:42:38.0915057+01:00" testType="13cdc9d9-ddb5-4fa4-a97d-d965ccfc6d4b" outcome="Passed" testListId="8c84fa94-04c1-424b-9868-57a2d4851a1d" relativeResultsDirectory="48ddb9c6-ddae-435d-975f-a507c37dc57b" />
    <UnitTestResult executionId="310aac5d-7a3f-451f-966e-d155ac27e65f" testId="755e83f3-e247-3a4e-f959-c812d24893ac" testName="GetItem_LicenseInformationFolder_SunnyDay" computerName="DKSR-EFI-06" duration="00:00:00.0007031" startTime="2024-01-09T15:42:40.4977697+01:00" endTime="2024-01-09T15:42:40.4977697+01:00" testType="13cdc9d9-ddb5-4fa4-a97d-d965ccfc6d4b" outcome="Passed" testListId="8c84fa94-04c1-424b-9868-57a2d4851a1d" relativeResultsDirectory="310aac5d-7a3f-451f-966e-d155ac27e65f" />
    <UnitTestResult executionId="36018e6e-593e-4171-ab34-fa692540ee0e" testId="fd252cbf-fc37-3c52-87e7-7fdabff1bfbc" testName="Build_SaveImageAttachments_ReturnsActionModel" computerName="DKSR-EFI-06" duration="00:00:00.0006715" startTime="2024-01-09T15:42:36.4196256+01:00" endTime="2024-01-09T15:42:36.4196256+01:00" testType="13cdc9d9-ddb5-4fa4-a97d-d965ccfc6d4b" outcome="Passed" testListId="8c84fa94-04c1-424b-9868-57a2d4851a1d" relativeResultsDirectory="36018e6e-593e-4171-ab34-fa692540ee0e" />
    <UnitTestResult executionId="e9beaaf8-c0e6-49f6-bc00-a61f9265e7ae" testId="d2afbae5-da8d-040c-bb65-7f2e3759d4f7" testName="SendCommandSecurityVisitor_UpdateConfigurationManagerCommand_RecordingStorage_Add_NotSupportedException" computerName="DKSR-EFI-06" duration="00:00:00.0536457" startTime="2024-01-09T15:42:24.2789659+01:00" endTime="2024-01-09T15:42:24.3258411+01:00" testType="13cdc9d9-ddb5-4fa4-a97d-d965ccfc6d4b" outcome="Passed" testListId="8c84fa94-04c1-424b-9868-57a2d4851a1d" relativeResultsDirectory="e9beaaf8-c0e6-49f6-bc00-a61f9265e7ae" />
    <UnitTestResult executionId="9c1adfcd-9ce4-4ae6-9812-8b0d9bba0a12" testId="6e08379f-9a67-cec8-b64f-452624172a05" testName="GetTaskListInJson_VerifyNoTasksForHardware" computerName="DKSR-EFI-06" duration="00:00:00.0014212" startTime="2024-01-09T15:42:29.4664636+01:00" endTime="2024-01-09T15:42:29.4664636+01:00" testType="13cdc9d9-ddb5-4fa4-a97d-d965ccfc6d4b" outcome="Passed" testListId="8c84fa94-04c1-424b-9868-57a2d4851a1d" relativeResultsDirectory="9c1adfcd-9ce4-4ae6-9812-8b0d9bba0a12" />
    <UnitTestResult executionId="79e97dbc-2c21-4cdc-b8c3-efbbd7c19620" testId="73a41b32-1ed4-8a06-5ae8-dcf175797ffa" testName="InvokeMethod_InvalidPathTest" computerName="DKSR-EFI-06" duration="00:00:00.0006139" startTime="2024-01-09T15:42:41.6696452+01:00" endTime="2024-01-09T15:42:41.6696452+01:00" testType="13cdc9d9-ddb5-4fa4-a97d-d965ccfc6d4b" outcome="Passed" testListId="8c84fa94-04c1-424b-9868-57a2d4851a1d" relativeResultsDirectory="79e97dbc-2c21-4cdc-b8c3-efbbd7c19620" />
    <UnitTestResult executionId="55157b1e-fd7d-489f-8d14-965a5d9ec433" testId="a7ed8321-25b2-58c8-6a60-0d657b3e13fb" testName="FindSearchTemplates_ById_PrivateOnly" computerName="DKSR-EFI-06" duration="00:00:00.0179371" startTime="2024-01-09T15:42:43.4977792+01:00" endTime="2024-01-09T15:42:43.5134031+01:00" testType="13cdc9d9-ddb5-4fa4-a97d-d965ccfc6d4b" outcome="Passed" testListId="8c84fa94-04c1-424b-9868-57a2d4851a1d" relativeResultsDirectory="55157b1e-fd7d-489f-8d14-965a5d9ec433" />
    <UnitTestResult executionId="4af1232d-56b6-41aa-a9ba-cb632875e646" testId="933cfc15-28f7-113c-a0c4-8ac1d829e3f0" testName="GetNextProperties_WhenNoPropertiesIsSet_ReturnsAllConditionProperties" computerName="DKSR-EFI-06" duration="00:00:00.0015196" startTime="2024-01-09T15:42:34.8571150+01:00" endTime="2024-01-09T15:42:34.8571150+01:00" testType="13cdc9d9-ddb5-4fa4-a97d-d965ccfc6d4b" outcome="Passed" testListId="8c84fa94-04c1-424b-9868-57a2d4851a1d" relativeResultsDirectory="4af1232d-56b6-41aa-a9ba-cb632875e646" />
    <UnitTestResult executionId="8463f28b-aa6f-42de-943c-83da9022c0e6" testId="48c924d3-dbf3-3bf7-a4aa-42597a185c86" testName="Invoke_WhenSecondTime_PerformsAction" computerName="DKSR-EFI-06" duration="00:00:00.0098752" startTime="2024-01-09T15:42:41.2477721+01:00" endTime="2024-01-09T15:42:41.2477721+01:00" testType="13cdc9d9-ddb5-4fa4-a97d-d965ccfc6d4b" outcome="Passed" testListId="8c84fa94-04c1-424b-9868-57a2d4851a1d" relativeResultsDirectory="8463f28b-aa6f-42de-943c-83da9022c0e6" />
    <UnitTestResult executionId="ca7dfb19-524a-44a6-a045-916c99e80f87" testId="b5b6d81c-c6b5-5b1e-6194-e9cc72b1b442" testName="Invoke_WhenSecondTime_PerformsAction" computerName="DKSR-EFI-06" duration="00:00:00.0142394" startTime="2024-01-09T15:42:41.2008963+01:00" endTime="2024-01-09T15:42:41.2165212+01:00" testType="13cdc9d9-ddb5-4fa4-a97d-d965ccfc6d4b" outcome="Passed" testListId="8c84fa94-04c1-424b-9868-57a2d4851a1d" relativeResultsDirectory="ca7dfb19-524a-44a6-a045-916c99e80f87" />
    <UnitTestResult executionId="b21d998b-4269-40dd-a50c-17b646a91dfd" testId="71dd67be-90ea-8f04-954f-73c56393d17b" testName="SystemSettingsManager_ConvertActivationCredentialsToDatabaseValue_Failure_MissingPassword" computerName="DKSR-EFI-06" duration="00:00:00.0006251" startTime="2024-01-09T15:42:25.6383399+01:00" endTime="2024-01-09T15:42:25.6383399+01:00" testType="13cdc9d9-ddb5-4fa4-a97d-d965ccfc6d4b" outcome="Passed" testListId="8c84fa94-04c1-424b-9868-57a2d4851a1d" relativeResultsDirectory="b21d998b-4269-40dd-a50c-17b646a91dfd" />
    <UnitTestResult executionId="8371dcbe-b20f-4cf5-aa98-5773d739ee81" testId="fd8ecb99-0ea5-6bf7-997e-b90dc608b939" testName="GetCurrentProperties_WhenRuleTypeIsEvent_AllPropertiesArePresent__ReturnsAllProperties" computerName="DKSR-EFI-06" duration="00:00:00.0145283" startTime="2024-01-09T15:42:35.1383668+01:00" endTime="2024-01-09T15:42:35.1539926+01:00" testType="13cdc9d9-ddb5-4fa4-a97d-d965ccfc6d4b" outcome="Passed" testListId="8c84fa94-04c1-424b-9868-57a2d4851a1d" relativeResultsDirectory="8371dcbe-b20f-4cf5-aa98-5773d739ee81" />
    <UnitTestResult executionId="6fafb7c3-c970-4ba4-9934-0b79522e40fc" testId="9c0b959f-7a3a-9215-8b25-f9bfaa074cfc" testName="GetCurrentProperties_WhenRuleTypeNotSet_ReturnsNoProperties" computerName="DKSR-EFI-06" duration="00:00:00.0015300" startTime="2024-01-09T15:42:35.5289923+01:00" endTime="2024-01-09T15:42:35.5446174+01:00" testType="13cdc9d9-ddb5-4fa4-a97d-d965ccfc6d4b" outcome="Passed" testListId="8c84fa94-04c1-424b-9868-57a2d4851a1d" relativeResultsDirectory="6fafb7c3-c970-4ba4-9934-0b79522e40fc" />
    <UnitTestResult executionId="cf25c96b-5750-47ba-ba0e-86536947fcd0" testId="53debb87-9aa6-6b6e-7fe1-dfe23479ac22" testName="GetChildItems_LicenseInformation_SunnyDay" computerName="DKSR-EFI-06" duration="00:00:00.0014765" startTime="2024-01-09T15:42:39.7165129+01:00" endTime="2024-01-09T15:42:39.7165129+01:00" testType="13cdc9d9-ddb5-4fa4-a97d-d965ccfc6d4b" outcome="Passed" testListId="8c84fa94-04c1-424b-9868-57a2d4851a1d" relativeResultsDirectory="cf25c96b-5750-47ba-ba0e-86536947fcd0" />
    <UnitTestResult executionId="2c795d81-eb85-407a-a786-8044405e5978" testId="312009d9-0ae4-1856-2039-814ad7d08a77" testName="Invoke_UpdateLicense_WrongSLC" computerName="DKSR-EFI-06" duration="00:00:00.0749941" startTime="2024-01-09T15:42:40.6071444+01:00" endTime="2024-01-09T15:42:40.6852697+01:00" testType="13cdc9d9-ddb5-4fa4-a97d-d965ccfc6d4b" outcome="Passed" testListId="8c84fa94-04c1-424b-9868-57a2d4851a1d" relativeResultsDirectory="2c795d81-eb85-407a-a786-8044405e5978" />
    <UnitTestResult executionId="684fd920-6f47-477a-883e-80d16f9bd56d" testId="bbc36980-78e5-1892-cfc6-90382a8fd22d" testName="GetItemType_WhenValidUserDefinedEvent_ReturnsUserDefinedEvent" computerName="DKSR-EFI-06" duration="00:00:00.0032432" startTime="2024-01-09T15:42:38.1383825+01:00" endTime="2024-01-09T15:42:38.1383825+01:00" testType="13cdc9d9-ddb5-4fa4-a97d-d965ccfc6d4b" outcome="Passed" testListId="8c84fa94-04c1-424b-9868-57a2d4851a1d" relativeResultsDirectory="684fd920-6f47-477a-883e-80d16f9bd56d" />
    <UnitTestResult executionId="7fa0c232-b320-4d33-bfde-93f2cc1e9755" testId="6a510948-67fd-f1d3-8ac0-e7df3c76bbcd" testName="Validate_WhenExpectedTypeIsNull_ReturnFalse" computerName="DKSR-EFI-06" duration="00:00:00.0018961" startTime="2024-01-09T15:42:37.8883796+01:00" endTime="2024-01-09T15:42:37.8883796+01:00" testType="13cdc9d9-ddb5-4fa4-a97d-d965ccfc6d4b" outcome="Passed" testListId="8c84fa94-04c1-424b-9868-57a2d4851a1d" relativeResultsDirectory="7fa0c232-b320-4d33-bfde-93f2cc1e9755" />
    <UnitTestResult executionId="c1521169-8fe4-44da-8177-0c90c9f62efb" testId="211ed2ac-54ee-b012-376d-02ec64625548" testName="InvokeMethod_GetAudioFileContent_SunnyDayTest" computerName="DKSR-EFI-06" duration="00:00:00.0017957" startTime="2024-01-09T15:42:41.6852708+01:00" endTime="2024-01-09T15:42:41.6852708+01:00" testType="13cdc9d9-ddb5-4fa4-a97d-d965ccfc6d4b" outcome="Passed" testListId="8c84fa94-04c1-424b-9868-57a2d4851a1d" relativeResultsDirectory="c1521169-8fe4-44da-8177-0c90c9f62efb" />
    <UnitTestResult executionId="67a373ab-6c33-46b4-9ec3-6ea61f1ca653" testId="b77bb2b9-1067-5371-fdea-c4cc1642bde6" testName="IsComplete_WhenNoRuleTypeProperty_ReturnsFalse" computerName="DKSR-EFI-06" duration="00:00:00.0019295" startTime="2024-01-09T15:42:35.1071164+01:00" endTime="2024-01-09T15:42:35.1071164+01:00" testType="13cdc9d9-ddb5-4fa4-a97d-d965ccfc6d4b" outcome="Passed" testListId="8c84fa94-04c1-424b-9868-57a2d4851a1d" relativeResultsDirectory="67a373ab-6c33-46b4-9ec3-6ea61f1ca653" />
    <UnitTestResult executionId="33e2b381-e367-4d6e-bcca-d36110016cbc" testId="7451ae01-9849-fe3e-65b7-1460822f019e" testName="CreateSearchTemplateFind_Public_NotAllowed" computerName="DKSR-EFI-06" duration="00:00:00.0015270" startTime="2024-01-09T15:42:43.6071537+01:00" endTime="2024-01-09T15:42:43.6071537+01:00" testType="13cdc9d9-ddb5-4fa4-a97d-d965ccfc6d4b" outcome="Passed" testListId="8c84fa94-04c1-424b-9868-57a2d4851a1d" relativeResultsDirectory="33e2b381-e367-4d6e-bcca-d36110016cbc" />
    <UnitTestResult executionId="f6a66ce9-3824-49a2-91b7-8e5cadc86ffa" testId="86685ea0-8a9d-6e68-5c46-68362241e32e" testName="GetVmsUserBySid_ThrowException_ThrowsGenericIdpException" computerName="DKSR-EFI-06" duration="00:00:00.0016373" startTime="2024-01-09T15:42:33.2634057+01:00" endTime="2024-01-09T15:42:33.2634057+01:00" testType="13cdc9d9-ddb5-4fa4-a97d-d965ccfc6d4b" outcome="Passed" testListId="8c84fa94-04c1-424b-9868-57a2d4851a1d" relativeResultsDirectory="f6a66ce9-3824-49a2-91b7-8e5cadc86ffa" />
    <UnitTestResult executionId="e4b66728-65a8-4ad2-96c2-8b22f7210a62" testId="a7854f38-5c7e-9f35-1568-d7f95b4edd70" testName="SendCommandSecurityVisitor_UpdateSecurityManagerCommand_SecurityAttributes_Edit_NotSupportedException" computerName="DKSR-EFI-06" duration="00:00:00.0241413" startTime="2024-01-09T15:42:24.7945872+01:00" endTime="2024-01-09T15:42:24.8258394+01:00" testType="13cdc9d9-ddb5-4fa4-a97d-d965ccfc6d4b" outcome="Passed" testListId="8c84fa94-04c1-424b-9868-57a2d4851a1d" relativeResultsDirectory="e4b66728-65a8-4ad2-96c2-8b22f7210a62" />
    <UnitTestResult executionId="86d1b8b8-bc78-434f-ad9f-d078fe0b8c9e" testId="1a325d76-9082-8c37-f7ff-bf715be10a0f" testName="Validate_WhenDaily_FrequencyIsZero_ReturnsError" computerName="DKSR-EFI-06" duration="00:00:00.0010325" startTime="2024-01-09T15:42:37.0133758+01:00" endTime="2024-01-09T15:42:37.0133758+01:00" testType="13cdc9d9-ddb5-4fa4-a97d-d965ccfc6d4b" outcome="Passed" testListId="8c84fa94-04c1-424b-9868-57a2d4851a1d" relativeResultsDirectory="86d1b8b8-bc78-434f-ad9f-d078fe0b8c9e" />
    <UnitTestResult executionId="4d9ce572-25a3-4d4a-873b-c6f8f11489aa" testId="c5d68796-5618-b286-21fb-38202d410b6a" testName="GetChildItems_LicenseOverviewCount_SunnyDay" computerName="DKSR-EFI-06" duration="00:00:00.0669072" startTime="2024-01-09T15:42:40.3415637+01:00" endTime="2024-01-09T15:42:40.4040192+01:00" testType="13cdc9d9-ddb5-4fa4-a97d-d965ccfc6d4b" outcome="Passed" testListId="8c84fa94-04c1-424b-9868-57a2d4851a1d" relativeResultsDirectory="4d9ce572-25a3-4d4a-873b-c6f8f11489aa" />
    <UnitTestResult executionId="3fc67cfb-41fb-4a90-a301-f7a6e3404d9f" testId="d4fa395b-a9ac-ffa0-04bb-1aa610d2a8fa" testName="Build_VideoWallSetToText_WhenParametersAreSet_ReturnsActionModel" computerName="DKSR-EFI-06" duration="00:00:00.0015852" startTime="2024-01-09T15:42:36.4508745+01:00" endTime="2024-01-09T15:42:36.4508745+01:00" testType="13cdc9d9-ddb5-4fa4-a97d-d965ccfc6d4b" outcome="Passed" testListId="8c84fa94-04c1-424b-9868-57a2d4851a1d" relativeResultsDirectory="3fc67cfb-41fb-4a90-a301-f7a6e3404d9f" />
    <UnitTestResult executionId="28602979-95c9-4552-8aca-d6f60fa44ea4" testId="52130333-a172-f40c-5b46-6e0bddc7014d" testName="IsComplete_WhenNoProperties_ReturnsFalse" computerName="DKSR-EFI-06" duration="00:00:00.0392538" startTime="2024-01-09T15:42:34.4664875+01:00" endTime="2024-01-09T15:42:34.5133639+01:00" testType="13cdc9d9-ddb5-4fa4-a97d-d965ccfc6d4b" outcome="Passed" testListId="8c84fa94-04c1-424b-9868-57a2d4851a1d" relativeResultsDirectory="28602979-95c9-4552-8aca-d6f60fa44ea4" />
    <UnitTestResult executionId="e63dfdd7-d2a7-4f04-a70a-a134395b9543" testId="0e55d226-dd8b-d512-829e-3fd78af8660e" testName="Validate_WhenExpectedTypeIsNull_ReturnFalse" computerName="DKSR-EFI-06" duration="00:00:00.0021338" startTime="2024-01-09T15:42:38.4352585+01:00" endTime="2024-01-09T15:42:38.4508818+01:00" testType="13cdc9d9-ddb5-4fa4-a97d-d965ccfc6d4b" outcome="Passed" testListId="8c84fa94-04c1-424b-9868-57a2d4851a1d" relativeResultsDirectory="e63dfdd7-d2a7-4f04-a70a-a134395b9543" />
    <UnitTestResult executionId="bb95852c-93bb-49d2-b0bb-62ec854a0888" testId="28a93114-9f35-3c2a-13ce-222a92c6cc8d" testName="GetItem_WhenPathIsItem_ReturnsRuleItem" computerName="DKSR-EFI-06" duration="00:00:00.0176482" startTime="2024-01-09T15:42:33.9508604+01:00" endTime="2024-01-09T15:42:33.9664842+01:00" testType="13cdc9d9-ddb5-4fa4-a97d-d965ccfc6d4b" outcome="Passed" testListId="8c84fa94-04c1-424b-9868-57a2d4851a1d" relativeResultsDirectory="bb95852c-93bb-49d2-b0bb-62ec854a0888" />
    <UnitTestResult executionId="05d9823a-21f7-4689-8f8d-58b9d98edf45" testId="53b29888-87dc-21a5-da31-dbbe8fbf6ce4" testName="ConfigurationItemPath_Create_FolderItemPathInt32_Succes" computerName="DKSR-EFI-06" duration="00:00:00.0005808" startTime="2024-01-09T15:42:33.4352289+01:00" endTime="2024-01-09T15:42:33.4352289+01:00" testType="13cdc9d9-ddb5-4fa4-a97d-d965ccfc6d4b" outcome="Passed" testListId="8c84fa94-04c1-424b-9868-57a2d4851a1d" relativeResultsDirectory="05d9823a-21f7-4689-8f8d-58b9d98edf45" />
    <UnitTestResult executionId="b1384460-dbc5-42ea-8495-a1c50a51c753" testId="ac695a68-6875-c07f-12bf-9e68779777df" testName="Build_MIPAction_WhenParametersAreSet_ReturnsActionModel" computerName="DKSR-EFI-06" duration="00:00:00.0056331" startTime="2024-01-09T15:42:36.4665008+01:00" endTime="2024-01-09T15:42:36.4665008+01:00" testType="13cdc9d9-ddb5-4fa4-a97d-d965ccfc6d4b" outcome="Passed" testListId="8c84fa94-04c1-424b-9868-57a2d4851a1d" relativeResultsDirectory="b1384460-dbc5-42ea-8495-a1c50a51c753" />
    <UnitTestResult executionId="7267e5a2-c081-463b-a9d8-8fe0dc0bec84" testId="3bb164af-2324-5ca7-3412-e6d68f71a0a2" testName="GetChildItems_ParamNullCheck_RequestContextTest" computerName="DKSR-EFI-06" duration="00:00:00.0019849" startTime="2024-01-09T15:42:41.4978327+01:00" endTime="2024-01-09T15:42:41.5133964+01:00" testType="13cdc9d9-ddb5-4fa4-a97d-d965ccfc6d4b" outcome="Passed" testListId="8c84fa94-04c1-424b-9868-57a2d4851a1d" relativeResultsDirectory="7267e5a2-c081-463b-a9d8-8fe0dc0bec84" />
    <UnitTestResult executionId="e1509784-d0f6-4cc2-865d-74dacd953847" testId="e8796846-1144-ee58-b88f-0434242e6573" testName="GetNextProperties_WhenTimerStopRuleHasTime_ReturnsNoProperty" computerName="DKSR-EFI-06" duration="00:00:00.0020440" startTime="2024-01-09T15:42:35.4821178+01:00" endTime="2024-01-09T15:42:35.4821178+01:00" testType="13cdc9d9-ddb5-4fa4-a97d-d965ccfc6d4b" outcome="Passed" testListId="8c84fa94-04c1-424b-9868-57a2d4851a1d" relativeResultsDirectory="e1509784-d0f6-4cc2-865d-74dacd953847" />
    <UnitTestResult executionId="e7433138-e22c-45b4-b573-0b36bc437888" testId="d917c172-a523-dca5-b112-697c7f5e61f2" testName="LookupArray_Succeeds_WhenItemTypeIsTask" computerName="DKSR-EFI-06" duration="00:00:00.0045387" startTime="2024-01-09T15:42:28.9664654+01:00" endTime="2024-01-09T15:42:28.9664654+01:00" testType="13cdc9d9-ddb5-4fa4-a97d-d965ccfc6d4b" outcome="Passed" testListId="8c84fa94-04c1-424b-9868-57a2d4851a1d" relativeResultsDirectory="e7433138-e22c-45b4-b573-0b36bc437888" />
    <UnitTestResult executionId="9a53da11-d8a2-4508-9b93-57b14cd1952f" testId="f298e08b-35ae-b2c3-5367-15c8dd83e91d" testName="SetItem_ParamNullCheck1" computerName="DKSR-EFI-06" duration="00:00:00.0019815" startTime="2024-01-09T15:42:39.6696380+01:00" endTime="2024-01-09T15:42:39.6696380+01:00" testType="13cdc9d9-ddb5-4fa4-a97d-d965ccfc6d4b" outcome="Passed" testListId="8c84fa94-04c1-424b-9868-57a2d4851a1d" relativeResultsDirectory="9a53da11-d8a2-4508-9b93-57b14cd1952f" />
    <UnitTestResult executionId="00895513-bd0c-4090-b17f-63b30170eaa9" testId="fcdd8f06-32b6-00d7-a424-df0afd4ff3ca" testName="Validate_WhenInvalidVideoWallPreset_ReturnsFalse" computerName="DKSR-EFI-06" duration="00:00:00.0036308" startTime="2024-01-09T15:42:38.2321337+01:00" endTime="2024-01-09T15:42:38.2477589+01:00" testType="13cdc9d9-ddb5-4fa4-a97d-d965ccfc6d4b" outcome="Passed" testListId="8c84fa94-04c1-424b-9868-57a2d4851a1d" relativeResultsDirectory="00895513-bd0c-4090-b17f-63b30170eaa9" />
    <UnitTestResult executionId="5e820bb0-c08c-4754-b81c-69153218d57d" testId="d0b2304e-f546-20e2-91f8-f1686494292c" testName="ConfigurationItemPath_Create_InvalidPath_ArgumentException (Data Row 10)" computerName="DKSR-EFI-06" duration="00:00:00.0009880" startTime="2024-01-09T15:42:33.4352289+01:00" endTime="2024-01-09T15:42:33.4352289+01:00" testType="13cdc9d9-ddb5-4fa4-a97d-d965ccfc6d4b" outcome="Passed" testListId="8c84fa94-04c1-424b-9868-57a2d4851a1d" relativeResultsDirectory="5e820bb0-c08c-4754-b81c-69153218d57d" />
    <UnitTestResult executionId="36d0eb6b-44d1-4186-8121-5ba914654f3a" testId="137c9624-42b2-0eab-ef11-6ef02fd583fb" testName="Validation_ValidateDouble_Success" computerName="DKSR-EFI-06" duration="00:00:00.0016569" startTime="2024-01-09T15:42:25.7008420+01:00" endTime="2024-01-09T15:42:25.7008420+01:00" testType="13cdc9d9-ddb5-4fa4-a97d-d965ccfc6d4b" outcome="Passed" testListId="8c84fa94-04c1-424b-9868-57a2d4851a1d" relativeResultsDirectory="36d0eb6b-44d1-4186-8121-5ba914654f3a" />
    <UnitTestResult executionId="cb1c00cd-b85c-457f-959a-b384d1a7e32d" testId="147a97dc-ba33-d782-5d5e-5c299c38ddfa" testName="Build_WhenRetrieveEdgeStorageTimeOrMetadata_ReturnsProperties" computerName="DKSR-EFI-06" duration="00:00:00.0180179" startTime="2024-01-09T15:42:35.7789959+01:00" endTime="2024-01-09T15:42:35.7946199+01:00" testType="13cdc9d9-ddb5-4fa4-a97d-d965ccfc6d4b" outcome="Passed" testListId="8c84fa94-04c1-424b-9868-57a2d4851a1d" relativeResultsDirectory="cb1c00cd-b85c-457f-959a-b384d1a7e32d" />
    <UnitTestResult executionId="fa759f6c-f2f5-498f-9c52-5bb44bd9eaec" testId="17290bec-893f-abb4-0dab-dd61149abbb1" testName="AsyncRetryExecutionArgumentFuncTest" computerName="DKSR-EFI-06" duration="00:00:00.0038300" startTime="2024-01-09T15:42:43.1696516+01:00" endTime="2024-01-09T15:42:43.1696516+01:00" testType="13cdc9d9-ddb5-4fa4-a97d-d965ccfc6d4b" outcome="Passed" testListId="8c84fa94-04c1-424b-9868-57a2d4851a1d" relativeResultsDirectory="fa759f6c-f2f5-498f-9c52-5bb44bd9eaec" />
    <UnitTestResult executionId="48008742-6dd8-4da1-a8af-8cf61d2b9991" testId="e5373aec-0b58-7415-f2d2-3f4b58881208" testName="GetVmsUserBySid_MethodCalled_CorrectMethodIsCalledOnIdpAdministrationClient" computerName="DKSR-EFI-06" duration="00:00:00.0024544" startTime="2024-01-09T15:42:33.2477288+01:00" endTime="2024-01-09T15:42:33.2634057+01:00" testType="13cdc9d9-ddb5-4fa4-a97d-d965ccfc6d4b" outcome="Passed" testListId="8c84fa94-04c1-424b-9868-57a2d4851a1d" relativeResultsDirectory="48008742-6dd8-4da1-a8af-8cf61d2b9991" />
    <UnitTestResult executionId="9738efd5-cbc5-46a5-b6b6-87a0c2008cbf" testId="a87d67eb-f32f-9154-1bed-47acabe8ca6c" testName="GetNextProperties_WhenActionPropertyPresentWithNoValue_ReturnsOnlyActionsProperty" computerName="DKSR-EFI-06" duration="00:00:00.0014341" startTime="2024-01-09T15:42:34.6539909+01:00" endTime="2024-01-09T15:42:34.6539909+01:00" testType="13cdc9d9-ddb5-4fa4-a97d-d965ccfc6d4b" outcome="Passed" testListId="8c84fa94-04c1-424b-9868-57a2d4851a1d" relativeResultsDirectory="9738efd5-cbc5-46a5-b6b6-87a0c2008cbf" />
    <UnitTestResult executionId="e84f4a6f-7b1d-4784-9f43-343a5b98c304" testId="d9dcc43f-3c21-9963-304b-bd187b498a88" testName="Build_WhenTriggerEventOnRemoteSite_ReturnsProperties" computerName="DKSR-EFI-06" duration="00:00:00.0163575" startTime="2024-01-09T15:42:36.0289969+01:00" endTime="2024-01-09T15:42:36.0446212+01:00" testType="13cdc9d9-ddb5-4fa4-a97d-d965ccfc6d4b" outcome="Passed" testListId="8c84fa94-04c1-424b-9868-57a2d4851a1d" relativeResultsDirectory="e84f4a6f-7b1d-4784-9f43-343a5b98c304" />
    <UnitTestResult executionId="7ffdf16a-a005-4a33-850d-834a54f95912" testId="616725d3-2eac-1657-841c-30e513832cea" testName="FindClosestNode_One_Child_In_List_Test" computerName="DKSR-EFI-06" duration="00:00:00.0005054" startTime="2024-01-09T15:42:18.5602094+01:00" endTime="2024-01-09T15:42:18.5602094+01:00" testType="13cdc9d9-ddb5-4fa4-a97d-d965ccfc6d4b" outcome="Passed" testListId="8c84fa94-04c1-424b-9868-57a2d4851a1d" relativeResultsDirectory="7ffdf16a-a005-4a33-850d-834a54f95912" />
    <UnitTestResult executionId="32ccdb7e-f0dc-45a6-97ad-fecfef147044" testId="9d9453d6-c895-dffd-5516-821e1c9755bc" testName="CreateWindowsLogin_ExceptionIsThrown_ThrowsGenericIdpException" computerName="DKSR-EFI-06" duration="00:00:00.0020528" startTime="2024-01-09T15:42:33.2321086+01:00" endTime="2024-01-09T15:42:33.2321086+01:00" testType="13cdc9d9-ddb5-4fa4-a97d-d965ccfc6d4b" outcome="Passed" testListId="8c84fa94-04c1-424b-9868-57a2d4851a1d" relativeResultsDirectory="32ccdb7e-f0dc-45a6-97ad-fecfef147044" />
    <UnitTestResult executionId="99634061-5cfe-47fa-97de-697ba037c456" testId="d6b48956-c740-948a-e6b5-07a0222fdd86" testName="Build_VideoWallSetToPreset_WhenParametersAreSet_ReturnsActionModel" computerName="DKSR-EFI-06" duration="00:00:00.0012333" startTime="2024-01-09T15:42:36.4508745+01:00" endTime="2024-01-09T15:42:36.4508745+01:00" testType="13cdc9d9-ddb5-4fa4-a97d-d965ccfc6d4b" outcome="Passed" testListId="8c84fa94-04c1-424b-9868-57a2d4851a1d" relativeResultsDirectory="99634061-5cfe-47fa-97de-697ba037c456" />
    <UnitTestResult executionId="d862a0c0-fb99-4538-ad06-24b87a1f092e" testId="91e6e514-011a-613f-6b0a-9b1fada052c1" testName="RetentionTimeConfigurationProvider_ReturnsEnabledRule_ReturnsForecastData" computerName="DKSR-EFI-06" duration="00:00:00.0014343" startTime="2024-01-09T15:42:44.1227810+01:00" endTime="2024-01-09T15:42:44.1227810+01:00" testType="13cdc9d9-ddb5-4fa4-a97d-d965ccfc6d4b" outcome="Passed" testListId="8c84fa94-04c1-424b-9868-57a2d4851a1d" relativeResultsDirectory="d862a0c0-fb99-4538-ad06-24b87a1f092e" />
    <UnitTestResult executionId="665ed10e-c500-4ff9-86aa-bfc28bf66291" testId="58b841be-8a8e-7089-11d8-51f597ae94ad" testName="Validate_WhenSubdayTypeRecurring_SubdayEndTimeIsLowerThanStartTime_ReturnsError" computerName="DKSR-EFI-06" duration="00:00:00.0004943" startTime="2024-01-09T15:42:36.9977532+01:00" endTime="2024-01-09T15:42:36.9977532+01:00" testType="13cdc9d9-ddb5-4fa4-a97d-d965ccfc6d4b" outcome="Passed" testListId="8c84fa94-04c1-424b-9868-57a2d4851a1d" relativeResultsDirectory="665ed10e-c500-4ff9-86aa-bfc28bf66291" />
    <UnitTestResult executionId="2370a58d-2526-4438-b0bb-bd3be7534d13" testId="acd3edb8-dcbe-84e1-49af-12fa96c28ec7" testName="CustomSettingLegacyEncryptionHelper_LegacyEncrypt" computerName="DKSR-EFI-06" duration="00:00:00.0038092" startTime="2024-01-09T15:42:44.2477799+01:00" endTime="2024-01-09T15:42:44.2477799+01:00" testType="13cdc9d9-ddb5-4fa4-a97d-d965ccfc6d4b" outcome="Passed" testListId="8c84fa94-04c1-424b-9868-57a2d4851a1d" relativeResultsDirectory="2370a58d-2526-4438-b0bb-bd3be7534d13" />
    <UnitTestResult executionId="5112b090-f8b5-423b-8b05-74312eb40bcd" testId="7cbca697-14ca-6a19-e350-8d73aa56c2be" testName="Get_Item_Item_Task_Not_Permitted_PathNotFoundException_Expected" computerName="DKSR-EFI-06" duration="00:00:00.0009639" startTime="2024-01-09T15:42:33.6852342+01:00" endTime="2024-01-09T15:42:33.6852342+01:00" testType="13cdc9d9-ddb5-4fa4-a97d-d965ccfc6d4b" outcome="Passed" testListId="8c84fa94-04c1-424b-9868-57a2d4851a1d" relativeResultsDirectory="5112b090-f8b5-423b-8b05-74312eb40bcd" />
    <UnitTestResult executionId="ae94e8ed-0e62-47d0-9fb5-98c66e6bf4ef" testId="3619ec51-bcab-bce8-f64f-7b8f8c5e1a4c" testName="Invoke_WhenAllDataIsProvidedButNotValid_ThrowsException" computerName="DKSR-EFI-06" duration="00:00:00.0056555" startTime="2024-01-09T15:42:34.2946099+01:00" endTime="2024-01-09T15:42:34.2946099+01:00" testType="13cdc9d9-ddb5-4fa4-a97d-d965ccfc6d4b" outcome="Passed" testListId="8c84fa94-04c1-424b-9868-57a2d4851a1d" relativeResultsDirectory="ae94e8ed-0e62-47d0-9fb5-98c66e6bf4ef" />
    <UnitTestResult executionId="a17d6ff3-df02-4aee-b7b1-e2563aded7b2" testId="a57c1701-9b7e-6369-4fc0-433915b02091" testName="MergeMotionDetectionSettings_ExcludeRegions_Dimension_Differs_ArgumentException_Expected" computerName="DKSR-EFI-06" duration="00:00:00.0012172" startTime="2024-01-09T15:42:42.3571496+01:00" endTime="2024-01-09T15:42:42.3571496+01:00" testType="13cdc9d9-ddb5-4fa4-a97d-d965ccfc6d4b" outcome="Passed" testListId="8c84fa94-04c1-424b-9868-57a2d4851a1d" relativeResultsDirectory="a17d6ff3-df02-4aee-b7b1-e2563aded7b2" />
    <UnitTestResult executionId="c018f57a-3db2-4a75-89ce-9eb50ca9df72" testId="916d06b9-ae78-4ff2-f6c6-53cb34e66ca0" testName="DeviceStreams_QueryStreams_Success" computerName="DKSR-EFI-06" duration="00:00:00.0358567" startTime="2024-01-09T15:42:42.4665247+01:00" endTime="2024-01-09T15:42:42.4977750+01:00" testType="13cdc9d9-ddb5-4fa4-a97d-d965ccfc6d4b" outcome="Passed" testListId="8c84fa94-04c1-424b-9868-57a2d4851a1d" relativeResultsDirectory="c018f57a-3db2-4a75-89ce-9eb50ca9df72" />
    <UnitTestResult executionId="ac53e977-f02d-42a9-ab36-a93a2b33b3f5" testId="517c5430-147c-1532-1696-9f497c539ca7" testName="Validation_ValidateDouble_Min_Minus_Epsilon_ArgumentException" computerName="DKSR-EFI-06" duration="00:00:00.0007881" startTime="2024-01-09T15:42:25.7008420+01:00" endTime="2024-01-09T15:42:25.7008420+01:00" testType="13cdc9d9-ddb5-4fa4-a97d-d965ccfc6d4b" outcome="Passed" testListId="8c84fa94-04c1-424b-9868-57a2d4851a1d" relativeResultsDirectory="ac53e977-f02d-42a9-ab36-a93a2b33b3f5" />
    <UnitTestResult executionId="d053a07b-ae7e-4f3d-aa39-3c2dbde1edc9" testId="cf0e5256-4921-33c6-527a-28bfe5a69c45" testName="GetXml_WhenRuleIsRecordWithinTimeProfileAndOutsideTimeProfile__MatchesXml" computerName="DKSR-EFI-06" duration="00:00:00.0058254" startTime="2024-01-09T15:42:38.8883854+01:00" endTime="2024-01-09T15:42:38.8883854+01:00" testType="13cdc9d9-ddb5-4fa4-a97d-d965ccfc6d4b" outcome="Passed" testListId="8c84fa94-04c1-424b-9868-57a2d4851a1d" relativeResultsDirectory="d053a07b-ae7e-4f3d-aa39-3c2dbde1edc9" />
    <UnitTestResult executionId="ffd500f6-7159-41f4-aa9d-934c73da2fb6" testId="729c4401-c436-3c0b-dc84-3ffe8fdcf92b" testName="LinearRegressionSuccess" computerName="DKSR-EFI-06" duration="00:00:00.0023193" startTime="2024-01-09T15:42:43.3415258+01:00" endTime="2024-01-09T15:42:43.3572129+01:00" testType="13cdc9d9-ddb5-4fa4-a97d-d965ccfc6d4b" outcome="Passed" testListId="8c84fa94-04c1-424b-9868-57a2d4851a1d" relativeResultsDirectory="ffd500f6-7159-41f4-aa9d-934c73da2fb6" />
    <UnitTestResult executionId="6a5e2983-884b-4dc2-b103-ab25ef21025c" testId="ff6e09c2-50a3-dcf2-e1fa-f99392f2c106" testName="SendCommandSecurityVisitor_ReplaceHardwareCommand_NotAllowed" computerName="DKSR-EFI-06" duration="00:00:00.0016967" startTime="2024-01-09T15:42:21.9977131+01:00" endTime="2024-01-09T15:42:21.9977131+01:00" testType="13cdc9d9-ddb5-4fa4-a97d-d965ccfc6d4b" outcome="Passed" testListId="8c84fa94-04c1-424b-9868-57a2d4851a1d" relativeResultsDirectory="6a5e2983-884b-4dc2-b103-ab25ef21025c" />
    <UnitTestResult executionId="4a12d0f0-5083-49b9-8ed7-8ae086fae1ee" testId="6b261f0b-9e21-482c-421a-a43090a83f00" testName="Validate_WhenDblValueOutOfRange_Error" computerName="DKSR-EFI-06" duration="00:00:00.0064630" startTime="2024-01-09T15:42:37.2165020+01:00" endTime="2024-01-09T15:42:37.2165020+01:00" testType="13cdc9d9-ddb5-4fa4-a97d-d965ccfc6d4b" outcome="Passed" testListId="8c84fa94-04c1-424b-9868-57a2d4851a1d" relativeResultsDirectory="4a12d0f0-5083-49b9-8ed7-8ae086fae1ee" />
    <UnitTestResult executionId="cb87a459-2a66-4333-88a9-950fc39fc4aa" testId="65acf963-c945-ddbd-15da-ae0c8070463f" testName="Build_WhenActionIsSetRecordingFramerate_ReturnsRuleModel" computerName="DKSR-EFI-06" duration="00:00:00.0083644" startTime="2024-01-09T15:42:39.2321380+01:00" endTime="2024-01-09T15:42:39.2477625+01:00" testType="13cdc9d9-ddb5-4fa4-a97d-d965ccfc6d4b" outcome="Passed" testListId="8c84fa94-04c1-424b-9868-57a2d4851a1d" relativeResultsDirectory="cb87a459-2a66-4333-88a9-950fc39fc4aa" />
    <UnitTestResult executionId="adbfcc43-acb4-4af9-a211-561bfc839e0a" testId="fb4cec5c-cb89-ffc5-1460-d6d14ac1ebbe" testName="SendCommandSecurityVisitor_HardwareScanCommand_Allowed" computerName="DKSR-EFI-06" duration="00:00:00.5091362" startTime="2024-01-09T15:42:22.0133382+01:00" endTime="2024-01-09T15:42:22.5289630+01:00" testType="13cdc9d9-ddb5-4fa4-a97d-d965ccfc6d4b" outcome="Passed" testListId="8c84fa94-04c1-424b-9868-57a2d4851a1d" relativeResultsDirectory="adbfcc43-acb4-4af9-a211-561bfc839e0a" />
    <UnitTestResult executionId="28ee5712-ed38-41ab-9b71-9328abe267f0" testId="f4123693-4845-257a-546c-e36411f6fd5e" testName="QuerySearchTemplateFinds_ParamNullCheck_RequestContext" computerName="DKSR-EFI-06" duration="00:00:00.0010531" startTime="2024-01-09T15:42:43.4509008+01:00" endTime="2024-01-09T15:42:43.4509008+01:00" testType="13cdc9d9-ddb5-4fa4-a97d-d965ccfc6d4b" outcome="Passed" testListId="8c84fa94-04c1-424b-9868-57a2d4851a1d" relativeResultsDirectory="28ee5712-ed38-41ab-9b71-9328abe267f0" />
    <UnitTestResult executionId="bfc24f18-50b6-4e4e-8b9c-4151fcef10e0" testId="7a901874-0c7b-a469-24a2-cc7992617b16" testName="Get_KnownResource_ItemFound_NoData_Tasks_NotPerformingTask_NotResources_NotDefinition_ReturnsTaskList" computerName="DKSR-EFI-06" duration="00:00:00.0223173" startTime="2024-01-09T15:42:27.7945918+01:00" endTime="2024-01-09T15:42:27.8102144+01:00" testType="13cdc9d9-ddb5-4fa4-a97d-d965ccfc6d4b" outcome="Passed" testListId="8c84fa94-04c1-424b-9868-57a2d4851a1d" relativeResultsDirectory="bfc24f18-50b6-4e4e-8b9c-4151fcef10e0" />
    <UnitTestResult executionId="a7955e7f-0e1a-4ce7-a15d-a396c8090f03" testId="b0411fa8-4795-c863-8ef8-7d5926179b14" testName="LookupArray_Succeeds_WhenItemTypeIsOtherAndHasParameters" computerName="DKSR-EFI-06" duration="00:00:00.0047648" startTime="2024-01-09T15:42:28.9820902+01:00" endTime="2024-01-09T15:42:28.9820902+01:00" testType="13cdc9d9-ddb5-4fa4-a97d-d965ccfc6d4b" outcome="Passed" testListId="8c84fa94-04c1-424b-9868-57a2d4851a1d" relativeResultsDirectory="a7955e7f-0e1a-4ce7-a15d-a396c8090f03" />
    <UnitTestResult executionId="e481c887-ca64-4f4f-9a4c-cc6b5681d757" testId="3b74073a-0126-9404-5bd1-a8b2533dbd14" testName="GetXml_WhenActionIsGotoDefaultPreset_MatchesXml" computerName="DKSR-EFI-06" duration="00:00:00.0011355" startTime="2024-01-09T15:42:38.5446325+01:00" endTime="2024-01-09T15:42:38.5446325+01:00" testType="13cdc9d9-ddb5-4fa4-a97d-d965ccfc6d4b" outcome="Passed" testListId="8c84fa94-04c1-424b-9868-57a2d4851a1d" relativeResultsDirectory="e481c887-ca64-4f4f-9a4c-cc6b5681d757" />
    <UnitTestResult executionId="d46fdbf1-97ab-4a44-944f-defdf140ffbe" testId="29606399-eb04-c2f9-dd35-e4a32eea069f" testName="UpdateSearchTemplate_Public_Allowed" computerName="DKSR-EFI-06" duration="00:00:00.0115390" startTime="2024-01-09T15:42:43.7946531+01:00" endTime="2024-01-09T15:42:43.7946531+01:00" testType="13cdc9d9-ddb5-4fa4-a97d-d965ccfc6d4b" outcome="Passed" testListId="8c84fa94-04c1-424b-9868-57a2d4851a1d" relativeResultsDirectory="d46fdbf1-97ab-4a44-944f-defdf140ffbe" />
    <UnitTestResult executionId="23e70c24-8ea8-4c31-b2bc-004d468c35f2" testId="cbca4413-a96f-c31d-458c-0e15df8be173" testName="Validate_WhenCustomGuidValidatorReturnsValidResult_Passes" computerName="DKSR-EFI-06" duration="00:00:00.0112549" startTime="2024-01-09T15:42:37.2477534+01:00" endTime="2024-01-09T15:42:37.2633795+01:00" testType="13cdc9d9-ddb5-4fa4-a97d-d965ccfc6d4b" outcome="Passed" testListId="8c84fa94-04c1-424b-9868-57a2d4851a1d" relativeResultsDirectory="23e70c24-8ea8-4c31-b2bc-004d468c35f2" />
    <UnitTestResult executionId="2ef43712-42f3-443e-88b4-b98e3f3f863d" testId="8baaeda4-04df-e6cd-5b6b-fc4e3cf70500" testName="LogException_Returns_FaultExceptionWithVMOExceptionDetail_OnNotVmoServiceExceptionWithVmoMessage" computerName="DKSR-EFI-06" duration="00:00:00.0008131" startTime="2024-01-09T15:42:30.2477165+01:00" endTime="2024-01-09T15:42:30.2477165+01:00" testType="13cdc9d9-ddb5-4fa4-a97d-d965ccfc6d4b" outcome="Passed" testListId="8c84fa94-04c1-424b-9868-57a2d4851a1d" relativeResultsDirectory="2ef43712-42f3-443e-88b4-b98e3f3f863d" />
    <UnitTestResult executionId="7b56202c-003d-4640-a486-a68a172a8485" testId="cd0bd2f5-9311-6ccb-b822-40b6491d4115" testName="Validate_WhenMonthly_FrequencyIsZero_ReturnsError" computerName="DKSR-EFI-06" duration="00:00:00.0006001" startTime="2024-01-09T15:42:37.0602504+01:00" endTime="2024-01-09T15:42:37.0602504+01:00" testType="13cdc9d9-ddb5-4fa4-a97d-d965ccfc6d4b" outcome="Passed" testListId="8c84fa94-04c1-424b-9868-57a2d4851a1d" relativeResultsDirectory="7b56202c-003d-4640-a486-a68a172a8485" />
    <UnitTestResult executionId="8f2ac21f-891d-4473-ae22-03760703076d" testId="3d592bda-ed11-7d12-49f7-6b7fc397e0c4" testName="Validate_WhenValidMonthlyFrequency_ValidOnceSubday_NoErrors" computerName="DKSR-EFI-06" duration="00:00:00.0011052" startTime="2024-01-09T15:42:37.0758770+01:00" endTime="2024-01-09T15:42:37.0758770+01:00" testType="13cdc9d9-ddb5-4fa4-a97d-d965ccfc6d4b" outcome="Passed" testListId="8c84fa94-04c1-424b-9868-57a2d4851a1d" relativeResultsDirectory="8f2ac21f-891d-4473-ae22-03760703076d" />
    <UnitTestResult executionId="68ebb9a2-e129-4517-b286-91f559cacdb7" testId="73432225-deae-3eea-a0c3-e515c7ca62eb" testName="Post_InvokeMethod_ValidTaskOnConfigurationItem_ItemFoundById" computerName="DKSR-EFI-06" duration="00:00:00.0153986" startTime="2024-01-09T15:42:29.3414643+01:00" endTime="2024-01-09T15:42:29.3572289+01:00" testType="13cdc9d9-ddb5-4fa4-a97d-d965ccfc6d4b" outcome="Passed" testListId="8c84fa94-04c1-424b-9868-57a2d4851a1d" relativeResultsDirectory="68ebb9a2-e129-4517-b286-91f559cacdb7" />
    <UnitTestResult executionId="ffee9565-dd26-470b-b94f-1dedc00f491a" testId="7984d140-089d-c743-8463-fd21a1f29ea1" testName="Invoke_WhenIdInvalid_ArgumentException" computerName="DKSR-EFI-06" duration="00:00:00.0009995" startTime="2024-01-09T15:42:41.3415711+01:00" endTime="2024-01-09T15:42:41.3415711+01:00" testType="13cdc9d9-ddb5-4fa4-a97d-d965ccfc6d4b" outcome="Passed" testListId="8c84fa94-04c1-424b-9868-57a2d4851a1d" relativeResultsDirectory="ffee9565-dd26-470b-b94f-1dedc00f491a" />
    <UnitTestResult executionId="c818db1c-2c39-40e7-9b7b-457c9cd4d4b5" testId="3d4a0a31-e7e0-ff53-14ed-6d02e38d9fe6" testName="ServerProxyService_GetConfigurationDataSetTables_PatrollingProfiles_NotAllowed_RowRemoved" computerName="DKSR-EFI-06" duration="00:00:00.0127313" startTime="2024-01-09T15:42:25.4821376+01:00" endTime="2024-01-09T15:42:25.4977458+01:00" testType="13cdc9d9-ddb5-4fa4-a97d-d965ccfc6d4b" outcome="Passed" testListId="8c84fa94-04c1-424b-9868-57a2d4851a1d" relativeResultsDirectory="c818db1c-2c39-40e7-9b7b-457c9cd4d4b5" />
    <UnitTestResult executionId="d8e8f3ea-acf6-475a-9759-786218d6d635" testId="dd84cd82-3c99-5283-b5aa-9b13bc341c78" testName="Build_WhenStopRuleTypeIsTimer_DelayIsSet" computerName="DKSR-EFI-06" duration="00:00:00.0015839" startTime="2024-01-09T15:42:36.6071246+01:00" endTime="2024-01-09T15:42:36.6071246+01:00" testType="13cdc9d9-ddb5-4fa4-a97d-d965ccfc6d4b" outcome="Passed" testListId="8c84fa94-04c1-424b-9868-57a2d4851a1d" relativeResultsDirectory="d8e8f3ea-acf6-475a-9759-786218d6d635" />
    <UnitTestResult executionId="05f65639-dd63-43ff-b6a5-4e705a6fb722" testId="ab88b2fb-11e2-00f1-74f5-bd3ffff112d0" testName="ErrorHelper_CreateValidateResult_ArgumentException_PropertyNoFound_Null" computerName="DKSR-EFI-06" duration="00:00:00.0003375" startTime="2024-01-09T15:42:33.5289832+01:00" endTime="2024-01-09T15:42:33.5289832+01:00" testType="13cdc9d9-ddb5-4fa4-a97d-d965ccfc6d4b" outcome="Passed" testListId="8c84fa94-04c1-424b-9868-57a2d4851a1d" relativeResultsDirectory="05f65639-dd63-43ff-b6a5-4e705a6fb722" />
    <UnitTestResult executionId="4dc83c83-4c65-4f0c-a115-06470e0e7480" testId="7fbedb4f-6a4c-f407-8868-47e5e079ab4e" testName="ConstructSqlSelect_SunnyDay_Translate" computerName="DKSR-EFI-06" duration="00:00:00.0003159" startTime="2024-01-09T15:42:33.7633563+01:00" endTime="2024-01-09T15:42:33.7633563+01:00" testType="13cdc9d9-ddb5-4fa4-a97d-d965ccfc6d4b" outcome="Passed" testListId="8c84fa94-04c1-424b-9868-57a2d4851a1d" relativeResultsDirectory="4dc83c83-4c65-4f0c-a115-06470e0e7480" />
    <UnitTestResult executionId="c46fcffb-d83e-4789-82a6-85d96b482ca9" testId="d10c5fd0-0ce8-07cc-4659-c084475c83ee" testName="ScheduledActionController_UpdateSchedule_CalledThrottle_ExecutedTwice" computerName="DKSR-EFI-06" duration="00:00:00.1341533" startTime="2024-01-09T15:42:43.9352793+01:00" endTime="2024-01-09T15:42:44.0763337+01:00" testType="13cdc9d9-ddb5-4fa4-a97d-d965ccfc6d4b" outcome="Passed" testListId="8c84fa94-04c1-424b-9868-57a2d4851a1d" relativeResultsDirectory="c46fcffb-d83e-4789-82a6-85d96b482ca9" />
    <UnitTestResult executionId="0dd3e8cc-62aa-4a33-b8f7-9cbe35d2ee11" testId="03a73c09-a9a4-f8da-9da0-7aa24448c3f3" testName="GetCurrentProperties_WhenStopRuleIsTimer_ReturnsProperty" computerName="DKSR-EFI-06" duration="00:00:00.0041118" startTime="2024-01-09T15:42:35.4198205+01:00" endTime="2024-01-09T15:42:35.4198205+01:00" testType="13cdc9d9-ddb5-4fa4-a97d-d965ccfc6d4b" outcome="Passed" testListId="8c84fa94-04c1-424b-9868-57a2d4851a1d" relativeResultsDirectory="0dd3e8cc-62aa-4a33-b8f7-9cbe35d2ee11" />
    <UnitTestResult executionId="22d89510-bef3-4302-a5b4-8ba1fa252f1f" testId="e311b797-b275-23d0-e013-492a7f87ccd3" testName="Validate_WhenInvalidVideoWall_ReturnsFalse" computerName="DKSR-EFI-06" duration="00:00:00.0036611" startTime="2024-01-09T15:42:38.2008828+01:00" endTime="2024-01-09T15:42:38.2008828+01:00" testType="13cdc9d9-ddb5-4fa4-a97d-d965ccfc6d4b" outcome="Passed" testListId="8c84fa94-04c1-424b-9868-57a2d4851a1d" relativeResultsDirectory="22d89510-bef3-4302-a5b4-8ba1fa252f1f" />
    <UnitTestResult executionId="4304b64a-c755-465a-aeb5-cdd7a4c2625a" testId="71494c05-3371-9cbd-7deb-f7490266d38a" testName="Validate_TimeBetweenCondition_StartAndEndTimesDifferent_DoesNotReturnValidationError" computerName="DKSR-EFI-06" duration="00:00:00.0003523" startTime="2024-01-09T15:42:36.7790004+01:00" endTime="2024-01-09T15:42:36.7790004+01:00" testType="13cdc9d9-ddb5-4fa4-a97d-d965ccfc6d4b" outcome="Passed" testListId="8c84fa94-04c1-424b-9868-57a2d4851a1d" relativeResultsDirectory="4304b64a-c755-465a-aeb5-cdd7a4c2625a" />
    <UnitTestResult executionId="69590c6a-84c9-4e7d-b022-ef03b7319879" testId="37bf313f-7ebd-b778-627c-7838139b3597" testName="BusinessObjects_License_UpdateMipPluginsLicenseRequestPart_PluginIdMissing" computerName="DKSR-EFI-06" duration="00:00:00.0034687" startTime="2024-01-09T15:42:43.1227767+01:00" endTime="2024-01-09T15:42:43.1384004+01:00" testType="13cdc9d9-ddb5-4fa4-a97d-d965ccfc6d4b" outcome="Passed" testListId="8c84fa94-04c1-424b-9868-57a2d4851a1d" relativeResultsDirectory="69590c6a-84c9-4e7d-b022-ef03b7319879" />
    <UnitTestResult executionId="258373e6-da4a-4fb5-adb6-e4926042ca82" testId="f59fede5-5088-9420-832c-b3ef4c9bd7a4" testName="ScheduledActionController_Dispose_TokenIsDisposed" computerName="DKSR-EFI-06" duration="00:00:00.0025016" startTime="2024-01-09T15:42:44.0763337+01:00" endTime="2024-01-09T15:42:44.0763337+01:00" testType="13cdc9d9-ddb5-4fa4-a97d-d965ccfc6d4b" outcome="Passed" testListId="8c84fa94-04c1-424b-9868-57a2d4851a1d" relativeResultsDirectory="258373e6-da4a-4fb5-adb6-e4926042ca82" />
    <UnitTestResult executionId="18e8dcc9-f690-4d45-bb0d-68400cefb83e" testId="496a1220-3ed5-e4af-abb3-5081e7600239" testName="Invoke_BasicResultHasBeenSetAndIsFalse_DoNotCallDefaultInvokerAndReturnNull" computerName="DKSR-EFI-06" duration="00:00:00.0005128" startTime="2024-01-09T15:42:44.2790304+01:00" endTime="2024-01-09T15:42:44.2790304+01:00" testType="13cdc9d9-ddb5-4fa4-a97d-d965ccfc6d4b" outcome="Passed" testListId="8c84fa94-04c1-424b-9868-57a2d4851a1d" relativeResultsDirectory="18e8dcc9-f690-4d45-bb0d-68400cefb83e" />
    <UnitTestResult executionId="63c8d432-d446-4a0e-9433-354670fcef99" testId="afab01e6-9cc3-a395-89f5-dad076d91450" testName="SendCommandSecurityVisitor_BackupConfigCommand_Allowed" computerName="DKSR-EFI-06" duration="00:00:00.0009052" startTime="2024-01-09T15:42:22.6227147+01:00" endTime="2024-01-09T15:42:22.6227147+01:00" testType="13cdc9d9-ddb5-4fa4-a97d-d965ccfc6d4b" outcome="Passed" testListId="8c84fa94-04c1-424b-9868-57a2d4851a1d" relativeResultsDirectory="63c8d432-d446-4a0e-9433-354670fcef99" />
    <UnitTestResult executionId="2e97504d-9fea-48b6-844e-0527e825255f" testId="83a84bea-4ef8-6453-35fd-d1b7f699ea95" testName="TryParseConditions_WhenTimeBetweenAndTimeProfileConditions_ReturnsTrue" computerName="DKSR-EFI-06" duration="00:00:00.0009241" startTime="2024-01-09T15:42:38.7008829+01:00" endTime="2024-01-09T15:42:38.7008829+01:00" testType="13cdc9d9-ddb5-4fa4-a97d-d965ccfc6d4b" outcome="Passed" testListId="8c84fa94-04c1-424b-9868-57a2d4851a1d" relativeResultsDirectory="2e97504d-9fea-48b6-844e-0527e825255f" />
    <UnitTestResult executionId="78d8fc75-3088-4963-bcb2-81d69ef4d094" testId="2cf64bd6-7757-ec48-8f40-ade23a43c261" testName="Invoke_WhenSecondTime_PerformsAction" computerName="DKSR-EFI-06" duration="00:00:00.0092038" startTime="2024-01-09T15:42:41.1696485+01:00" endTime="2024-01-09T15:42:41.1852721+01:00" testType="13cdc9d9-ddb5-4fa4-a97d-d965ccfc6d4b" outcome="Passed" testListId="8c84fa94-04c1-424b-9868-57a2d4851a1d" relativeResultsDirectory="78d8fc75-3088-4963-bcb2-81d69ef4d094" />
    <UnitTestResult executionId="d2674e36-54f9-41e2-a16f-ff08a0407b91" testId="085db6a5-8c7e-a675-c01f-73d3ab583e89" testName="GetTaskListInJson_UseContextSessionData" computerName="DKSR-EFI-06" duration="00:00:00.0075621" startTime="2024-01-09T15:42:29.4508396+01:00" endTime="2024-01-09T15:42:29.4508396+01:00" testType="13cdc9d9-ddb5-4fa4-a97d-d965ccfc6d4b" outcome="Passed" testListId="8c84fa94-04c1-424b-9868-57a2d4851a1d" relativeResultsDirectory="d2674e36-54f9-41e2-a16f-ff08a0407b91" />
    <UnitTestResult executionId="934d0837-3e5f-47e2-8dba-155c4cbe32d3" testId="16c6c8be-2eaf-874f-b060-6cd61bf3095b" testName="Validate_WhenValueIsNotValid_ReturnsFalse" computerName="DKSR-EFI-06" duration="00:00:00.0015270" startTime="2024-01-09T15:42:37.7165064+01:00" endTime="2024-01-09T15:42:37.7165064+01:00" testType="13cdc9d9-ddb5-4fa4-a97d-d965ccfc6d4b" outcome="Passed" testListId="8c84fa94-04c1-424b-9868-57a2d4851a1d" relativeResultsDirectory="934d0837-3e5f-47e2-8dba-155c4cbe32d3" />
    <UnitTestResult executionId="5a9ad7ce-351f-4670-82d6-a37d4640a59d" testId="cf77fec0-59c0-4c0c-b6fe-87fcdd211fc8" testName="ConstructSqlSelect_Injection_ValueInt" computerName="DKSR-EFI-06" duration="00:00:00.0007104" startTime="2024-01-09T15:42:33.7633563+01:00" endTime="2024-01-09T15:42:33.7633563+01:00" testType="13cdc9d9-ddb5-4fa4-a97d-d965ccfc6d4b" outcome="Passed" testListId="8c84fa94-04c1-424b-9868-57a2d4851a1d" relativeResultsDirectory="5a9ad7ce-351f-4670-82d6-a37d4640a59d" />
    <UnitTestResult executionId="f817db45-4969-42cf-a882-719158df53a9" testId="02d79241-5b4f-72d8-41bf-ee8f18c3e014" testName="SendCommandSecurityVisitor_SynchronizeDevicePresetsCommand_NotAllowed" computerName="DKSR-EFI-06" duration="00:00:00.0011171" startTime="2024-01-09T15:42:22.5602156+01:00" endTime="2024-01-09T15:42:22.5602156+01:00" testType="13cdc9d9-ddb5-4fa4-a97d-d965ccfc6d4b" outcome="Passed" testListId="8c84fa94-04c1-424b-9868-57a2d4851a1d" relativeResultsDirectory="f817db45-4969-42cf-a882-719158df53a9" />
    <UnitTestResult executionId="ab964930-7cd6-4773-bcd0-8486da12f230" testId="9af4ddf9-c8f4-e05c-8213-a752a69088b6" testName="GetCurrentProperties_WhenRuleTypeIsEvent_EventTypeNotSet_ReturnsRuleTypeAndEventGroupProperties" computerName="DKSR-EFI-06" duration="00:00:00.0016698" startTime="2024-01-09T15:42:35.5602460+01:00" endTime="2024-01-09T15:42:35.5602460+01:00" testType="13cdc9d9-ddb5-4fa4-a97d-d965ccfc6d4b" outcome="Passed" testListId="8c84fa94-04c1-424b-9868-57a2d4851a1d" relativeResultsDirectory="ab964930-7cd6-4773-bcd0-8486da12f230" />
    <UnitTestResult executionId="95aea99d-1452-4caa-8526-b2251c776799" testId="1c316d47-e2e6-740f-9152-f3508e6afbda" testName="GetNextProperties_WhenTimeBetweenPropertyWithStartAndEndTime_ReturnsProperties" computerName="DKSR-EFI-06" duration="00:00:00.0004593" startTime="2024-01-09T15:42:34.8883657+01:00" endTime="2024-01-09T15:42:34.8883657+01:00" testType="13cdc9d9-ddb5-4fa4-a97d-d965ccfc6d4b" outcome="Passed" testListId="8c84fa94-04c1-424b-9868-57a2d4851a1d" relativeResultsDirectory="95aea99d-1452-4caa-8526-b2251c776799" />
    <UnitTestResult executionId="d100ff0f-4667-43b1-a10b-cc0d21af52c9" testId="d8a2657b-04dc-8045-0005-eb1bd8ecb143" testName="TryParseRuleType_FrequencyMonthlyRelative_FirstWednesdayOfEveryMonth_ReturnsTrue" computerName="DKSR-EFI-06" duration="00:00:00.0013533" startTime="2024-01-09T15:42:38.9196369+01:00" endTime="2024-01-09T15:42:38.9352620+01:00" testType="13cdc9d9-ddb5-4fa4-a97d-d965ccfc6d4b" outcome="Passed" testListId="8c84fa94-04c1-424b-9868-57a2d4851a1d" relativeResultsDirectory="d100ff0f-4667-43b1-a10b-cc0d21af52c9" />
    <UnitTestResult executionId="fe504218-60dd-4c5f-be08-01062fc7240f" testId="f9d3f7b9-4e43-3442-e9bd-5497d3ea9a9d" testName="DeviceTypeLookup_QueryDeviceTypeFromDeviceId_Cache_Success" computerName="DKSR-EFI-06" duration="00:00:00.0070644" startTime="2024-01-09T15:42:18.2945834+01:00" endTime="2024-01-09T15:42:18.3102109+01:00" testType="13cdc9d9-ddb5-4fa4-a97d-d965ccfc6d4b" outcome="Passed" testListId="8c84fa94-04c1-424b-9868-57a2d4851a1d" relativeResultsDirectory="fe504218-60dd-4c5f-be08-01062fc7240f" />
    <UnitTestResult executionId="0a4f869d-12d3-4eb9-ae75-e5e7ef9e73ba" testId="45b061e4-2259-f61a-42e0-1e13f6bb7a48" testName="DataCollectorOnRegisteredServicesManager_Constructor_Null_Parameter" computerName="DKSR-EFI-06" duration="00:00:00.0361218" startTime="2024-01-09T15:42:17.5445848+01:00" endTime="2024-01-09T15:42:17.5914584+01:00" testType="13cdc9d9-ddb5-4fa4-a97d-d965ccfc6d4b" outcome="Passed" testListId="8c84fa94-04c1-424b-9868-57a2d4851a1d" relativeResultsDirectory="0a4f869d-12d3-4eb9-ae75-e5e7ef9e73ba" />
    <UnitTestResult executionId="039ab30b-42f7-4404-8ec5-40cf06b14a77" testId="69403a1e-ad04-4352-a605-0272221d5985" testName="Test_Hierarchy_MyFolder1_User_Allowed_Read_Write" computerName="DKSR-EFI-06" duration="00:00:00.0007192" startTime="2024-01-09T15:42:18.6852102+01:00" endTime="2024-01-09T15:42:18.6852102+01:00" testType="13cdc9d9-ddb5-4fa4-a97d-d965ccfc6d4b" outcome="Passed" testListId="8c84fa94-04c1-424b-9868-57a2d4851a1d" relativeResultsDirectory="039ab30b-42f7-4404-8ec5-40cf06b14a77" />
    <UnitTestResult executionId="8bb6c256-dce5-4e23-a582-ac474d452ca5" testId="84fe2c8b-63df-3cb6-1730-14b972b8d40a" testName="GetCurrentProperties_WhenRuleTypeIsEvent_EventSourcesNotSet__ReturnsProperties" computerName="DKSR-EFI-06" duration="00:00:00.0017787" startTime="2024-01-09T15:42:35.5602460+01:00" endTime="2024-01-09T15:42:35.5758690+01:00" testType="13cdc9d9-ddb5-4fa4-a97d-d965ccfc6d4b" outcome="Passed" testListId="8c84fa94-04c1-424b-9868-57a2d4851a1d" relativeResultsDirectory="8bb6c256-dce5-4e23-a582-ac474d452ca5" />
    <UnitTestResult executionId="0d24930a-29d0-4246-b6df-7c39a9c86609" testId="cc855dab-04f6-cc4e-4d71-9b5c65a101d1" testName="Validate_WhenExpectedTypeIsNull_ReturnFalse" computerName="DKSR-EFI-06" duration="00:00:00.0032544" startTime="2024-01-09T15:42:37.8258822+01:00" endTime="2024-01-09T15:42:37.8415052+01:00" testType="13cdc9d9-ddb5-4fa4-a97d-d965ccfc6d4b" outcome="Passed" testListId="8c84fa94-04c1-424b-9868-57a2d4851a1d" relativeResultsDirectory="0d24930a-29d0-4246-b6df-7c39a9c86609" />
    <UnitTestResult executionId="dca48061-0bb6-411e-840d-2baf4666010b" testId="08b0f78d-671b-ea35-5457-799e0365ab5f" testName="SendCommandSecurityVisitor_UpdateSecurityManagerCommand_SecurityPermissionsDevice_Speaker_Delete_Allowed" computerName="DKSR-EFI-06" duration="00:00:00.0244849" startTime="2024-01-09T15:42:21.2789655+01:00" endTime="2024-01-09T15:42:21.3102153+01:00" testType="13cdc9d9-ddb5-4fa4-a97d-d965ccfc6d4b" outcome="Passed" testListId="8c84fa94-04c1-424b-9868-57a2d4851a1d" relativeResultsDirectory="dca48061-0bb6-411e-840d-2baf4666010b" />
    <UnitTestResult executionId="c5a4e94c-92c1-406d-aba0-8a91d3a237f2" testId="4a5e55d5-afa8-2034-f3c9-59a3e3ee2caa" testName="Validate_WhenActionsContainActionTypeNone_Error" computerName="DKSR-EFI-06" duration="00:00:00.0013405" startTime="2024-01-09T15:42:36.7321249+01:00" endTime="2024-01-09T15:42:36.7321249+01:00" testType="13cdc9d9-ddb5-4fa4-a97d-d965ccfc6d4b" outcome="Passed" testListId="8c84fa94-04c1-424b-9868-57a2d4851a1d" relativeResultsDirectory="c5a4e94c-92c1-406d-aba0-8a91d3a237f2" />
    <UnitTestResult executionId="4d8601f5-5497-4db7-92f1-00acdbe545ec" testId="5b5275f3-6257-2ac4-6361-7f3785303c27" testName="SendCommandSecurityVisitor_UpdateConfigurationManagerCommand_ArchiveStorage_Edit_NotSupportedException" computerName="DKSR-EFI-06" duration="00:00:00.0159573" startTime="2024-01-09T15:42:24.4039659+01:00" endTime="2024-01-09T15:42:24.4195908+01:00" testType="13cdc9d9-ddb5-4fa4-a97d-d965ccfc6d4b" outcome="Passed" testListId="8c84fa94-04c1-424b-9868-57a2d4851a1d" relativeResultsDirectory="4d8601f5-5497-4db7-92f1-00acdbe545ec" />
    <UnitTestResult executionId="89849e2f-f3ce-4c0c-9cc7-44c8904b26b8" testId="f6ce8734-4b71-5591-9775-1f618b0ef898" testName="Build_DaysOfWeek_WhenTrue_ParameterNotPresent_ThrowsException" computerName="DKSR-EFI-06" duration="00:00:00.0006487" startTime="2024-01-09T15:42:36.6696254+01:00" endTime="2024-01-09T15:42:36.6696254+01:00" testType="13cdc9d9-ddb5-4fa4-a97d-d965ccfc6d4b" outcome="Passed" testListId="8c84fa94-04c1-424b-9868-57a2d4851a1d" relativeResultsDirectory="89849e2f-f3ce-4c0c-9cc7-44c8904b26b8" />
    <UnitTestResult executionId="0f93f6e8-38a7-4dff-a90a-de19f24a41b3" testId="ffb7c164-28cc-f290-8262-026e392fbc0f" testName="IsComplete_WhenRuleTypeIsEvent_EventRuleTypePropertiesSetButEmpty_ReturnsFalse" computerName="DKSR-EFI-06" duration="00:00:00.0023778" startTime="2024-01-09T15:42:35.1227419+01:00" endTime="2024-01-09T15:42:35.1227419+01:00" testType="13cdc9d9-ddb5-4fa4-a97d-d965ccfc6d4b" outcome="Passed" testListId="8c84fa94-04c1-424b-9868-57a2d4851a1d" relativeResultsDirectory="0f93f6e8-38a7-4dff-a90a-de19f24a41b3" />
    <UnitTestResult executionId="6a5e1611-d685-4ff8-85f2-a926d10b06a8" testId="b7552027-289e-abdc-a51a-1eecf123f5bc" testName="Build_WhenStopRuleTypeIsTimerWithInvalidDelay_DefaultDelayIsSet" computerName="DKSR-EFI-06" duration="00:00:00.0010734" startTime="2024-01-09T15:42:36.6071246+01:00" endTime="2024-01-09T15:42:36.6071246+01:00" testType="13cdc9d9-ddb5-4fa4-a97d-d965ccfc6d4b" outcome="Passed" testListId="8c84fa94-04c1-424b-9868-57a2d4851a1d" relativeResultsDirectory="6a5e1611-d685-4ff8-85f2-a926d10b06a8" />
    <UnitTestResult executionId="d9e62fb8-2385-4a55-a8e1-ff6c7f4b442c" testId="1f17c370-1ccc-98aa-dc80-280289fc57b0" testName="InvokeMethod_SetAudioFileContent_GetParametersTest" computerName="DKSR-EFI-06" duration="00:00:00.0007654" startTime="2024-01-09T15:42:41.6852708+01:00" endTime="2024-01-09T15:42:41.6852708+01:00" testType="13cdc9d9-ddb5-4fa4-a97d-d965ccfc6d4b" outcome="Passed" testListId="8c84fa94-04c1-424b-9868-57a2d4851a1d" relativeResultsDirectory="d9e62fb8-2385-4a55-a8e1-ff6c7f4b442c" />
    <UnitTestResult executionId="08804e80-1167-4426-8824-2745f98602f1" testId="b14ddc64-d223-4677-0904-4f0ffb7022a6" testName="SendCommandSecurityVisitor_UpdateSecurityManagerCommand_SecurityPermissionsDevice_Output_Edit_Allowed" computerName="DKSR-EFI-06" duration="00:00:00.0230459" startTime="2024-01-09T15:42:21.4195860+01:00" endTime="2024-01-09T15:42:21.4352118+01:00" testType="13cdc9d9-ddb5-4fa4-a97d-d965ccfc6d4b" outcome="Passed" testListId="8c84fa94-04c1-424b-9868-57a2d4851a1d" relativeResultsDirectory="08804e80-1167-4426-8824-2745f98602f1" />
    <UnitTestResult executionId="830f9b9a-e54e-48f5-bfbd-5a7a2b6c2f05" testId="d5d4b5e4-9dab-f6df-bcae-b02977f792ba" testName="RetentionTimeConfigurationProvider_ReturnsDisabledRule_ReturnsNull" computerName="DKSR-EFI-06" duration="00:00:00.0006374" startTime="2024-01-09T15:42:44.1227810+01:00" endTime="2024-01-09T15:42:44.1227810+01:00" testType="13cdc9d9-ddb5-4fa4-a97d-d965ccfc6d4b" outcome="Passed" testListId="8c84fa94-04c1-424b-9868-57a2d4851a1d" relativeResultsDirectory="830f9b9a-e54e-48f5-bfbd-5a7a2b6c2f05" />
    <UnitTestResult executionId="c35dc793-3d71-4742-9cf5-3665c1881230" testId="d16106bc-94f0-9bb1-00c8-a3cf1e572943" testName="GetItemType_WhenObjectExists_ReturnsCorrectItemType" computerName="DKSR-EFI-06" duration="00:00:00.0028921" startTime="2024-01-09T15:42:37.6227533+01:00" endTime="2024-01-09T15:42:37.6227533+01:00" testType="13cdc9d9-ddb5-4fa4-a97d-d965ccfc6d4b" outcome="Passed" testListId="8c84fa94-04c1-424b-9868-57a2d4851a1d" relativeResultsDirectory="c35dc793-3d71-4742-9cf5-3665c1881230" />
    <UnitTestResult executionId="05eb7e36-8bbd-4391-a04f-e97035de367d" testId="f619a381-fe6e-728f-20d0-1f886df7789e" testName="Validate_WhenValueIsValid_ReturnsTrue" computerName="DKSR-EFI-06" duration="00:00:00.0127317" startTime="2024-01-09T15:42:37.6696300+01:00" endTime="2024-01-09T15:42:37.6852547+01:00" testType="13cdc9d9-ddb5-4fa4-a97d-d965ccfc6d4b" outcome="Passed" testListId="8c84fa94-04c1-424b-9868-57a2d4851a1d" relativeResultsDirectory="05eb7e36-8bbd-4391-a04f-e97035de367d" />
    <UnitTestResult executionId="c793200b-a9e2-4a7f-9e9a-78361e42adfd" testId="54f61d0f-8d74-a76a-ce66-508a624366dd" testName="Validate_WhenExpectedTypeIsNull_ReturnFalse" computerName="DKSR-EFI-06" duration="00:00:00.0032351" startTime="2024-01-09T15:42:38.2165079+01:00" endTime="2024-01-09T15:42:38.2165079+01:00" testType="13cdc9d9-ddb5-4fa4-a97d-d965ccfc6d4b" outcome="Passed" testListId="8c84fa94-04c1-424b-9868-57a2d4851a1d" relativeResultsDirectory="c793200b-a9e2-4a7f-9e9a-78361e42adfd" />
    <UnitTestResult executionId="7c123fad-1f89-4514-8599-6263105a635b" testId="9db6bb97-3604-b8fc-5976-8fd38116c854" testName="ConfigurationItemPathBuilder_Create_InvalidPath_ArgumentException (Data Row 1)" computerName="DKSR-EFI-06" duration="00:00:00.0005858" startTime="2024-01-09T15:42:33.3571055+01:00" endTime="2024-01-09T15:42:33.3571055+01:00" testType="13cdc9d9-ddb5-4fa4-a97d-d965ccfc6d4b" outcome="Passed" testListId="8c84fa94-04c1-424b-9868-57a2d4851a1d" relativeResultsDirectory="7c123fad-1f89-4514-8599-6263105a635b">
      <Output>
        <StdOut>Debug Trace:&#xD;
Fail: Item type is invalid: Camera-</StdOut>
      </Output>
    </UnitTestResult>
    <UnitTestResult executionId="0e6add8c-4e31-4260-8bb9-8b5b26222ae0" testId="a6b324ac-00ea-172d-e39b-1b6a97c62ec4" testName="Get_Item_Exception_Status_Is_Stopping_Success" computerName="DKSR-EFI-06" duration="00:00:00.0010389" startTime="2024-01-09T15:42:33.6227328+01:00" endTime="2024-01-09T15:42:33.6227328+01:00" testType="13cdc9d9-ddb5-4fa4-a97d-d965ccfc6d4b" outcome="Passed" testListId="8c84fa94-04c1-424b-9868-57a2d4851a1d" relativeResultsDirectory="0e6add8c-4e31-4260-8bb9-8b5b26222ae0" />
    <UnitTestResult executionId="95b50217-fb4e-4f99-81b5-4155b0061479" testId="9b91a393-9291-664e-c206-69438338c7ac" testName="Invoke_WhenIdEmpty_ArgumentException" computerName="DKSR-EFI-06" duration="00:00:00.0010624" startTime="2024-01-09T15:42:41.3571447+01:00" endTime="2024-01-09T15:42:41.3571447+01:00" testType="13cdc9d9-ddb5-4fa4-a97d-d965ccfc6d4b" outcome="Passed" testListId="8c84fa94-04c1-424b-9868-57a2d4851a1d" relativeResultsDirectory="95b50217-fb4e-4f99-81b5-4155b0061479" />
    <UnitTestResult executionId="ee4ff0fc-dedd-4777-a097-2a7e9779ad6e" testId="1a0c1b96-f0e6-d5a9-64f4-4ed8a0533eea" testName="Validation_GridSize_Value_Is_Not_Defined_ArgumentOutOfExceptionExpected" computerName="DKSR-EFI-06" duration="00:00:00.0005145" startTime="2024-01-09T15:42:26.1695892+01:00" endTime="2024-01-09T15:42:26.1695892+01:00" testType="13cdc9d9-ddb5-4fa4-a97d-d965ccfc6d4b" outcome="Passed" testListId="8c84fa94-04c1-424b-9868-57a2d4851a1d" relativeResultsDirectory="ee4ff0fc-dedd-4777-a097-2a7e9779ad6e" />
    <UnitTestResult executionId="8cf12151-84e9-47f8-b19a-c1368ef7d610" testId="3cd23032-ff17-e9c4-9688-1eb23df9c093" testName="SetItem_PerformsModelValidation" computerName="DKSR-EFI-06" duration="00:00:00.0173337" startTime="2024-01-09T15:42:34.0289884+01:00" endTime="2024-01-09T15:42:34.0446109+01:00" testType="13cdc9d9-ddb5-4fa4-a97d-d965ccfc6d4b" outcome="Passed" testListId="8c84fa94-04c1-424b-9868-57a2d4851a1d" relativeResultsDirectory="8cf12151-84e9-47f8-b19a-c1368ef7d610" />
    <UnitTestResult executionId="4e39a1c1-a801-4e4f-9b85-43224cb412aa" testId="ee0dc0e1-2e9f-35ef-f40c-095a3253ece9" testName="GetCurrentProperties_WhenRuleTypeIsEvent_EventGroupNotSet_ReturnsRuleTypeProperty" computerName="DKSR-EFI-06" duration="00:00:00.0014961" startTime="2024-01-09T15:42:35.5446174+01:00" endTime="2024-01-09T15:42:35.5446174+01:00" testType="13cdc9d9-ddb5-4fa4-a97d-d965ccfc6d4b" outcome="Passed" testListId="8c84fa94-04c1-424b-9868-57a2d4851a1d" relativeResultsDirectory="4e39a1c1-a801-4e4f-9b85-43224cb412aa" />
    <UnitTestResult executionId="26b8f1a6-58ae-4160-92ce-76e28d1e1960" testId="d1b01e92-6a0a-9cae-4c22-07c0a9a1c8fc" testName="ValidateItem_UnknownFileTest" computerName="DKSR-EFI-06" duration="00:00:00.0006932" startTime="2024-01-09T15:42:41.6227708+01:00" endTime="2024-01-09T15:42:41.6227708+01:00" testType="13cdc9d9-ddb5-4fa4-a97d-d965ccfc6d4b" outcome="Passed" testListId="8c84fa94-04c1-424b-9868-57a2d4851a1d" relativeResultsDirectory="26b8f1a6-58ae-4160-92ce-76e28d1e1960" />
    <UnitTestResult executionId="a47d5747-e83a-461a-abdb-e0fe96213810" testId="0333d46d-5d86-b0f5-6854-51377d198f55" testName="DriverSettingsBusiness_PrepareAndValidateSettings_ValueOutOfRangeException (Data Row 7)" computerName="DKSR-EFI-06" duration="00:00:00.0161613" startTime="2024-01-09T15:42:32.5446004+01:00" endTime="2024-01-09T15:42:32.7164754+01:00" testType="13cdc9d9-ddb5-4fa4-a97d-d965ccfc6d4b" outcome="Passed" testListId="8c84fa94-04c1-424b-9868-57a2d4851a1d" relativeResultsDirectory="a47d5747-e83a-461a-abdb-e0fe96213810" />
    <UnitTestResult executionId="33622726-d8d8-47ee-955f-1caf0b18c1e4" testId="80079db1-1839-4165-6119-1003a4d5f9fd" testName="ConstructSqlSelect_WrongOperator" computerName="DKSR-EFI-06" duration="00:00:00.0008318" startTime="2024-01-09T15:42:33.7321076+01:00" endTime="2024-01-09T15:42:33.7321076+01:00" testType="13cdc9d9-ddb5-4fa4-a97d-d965ccfc6d4b" outcome="Passed" testListId="8c84fa94-04c1-424b-9868-57a2d4851a1d" relativeResultsDirectory="33622726-d8d8-47ee-955f-1caf0b18c1e4" />
    <UnitTestResult executionId="0d9f673b-fc96-4716-817c-2fed9b5a2a0f" testId="31d0a064-a3d8-5fce-1568-99de521c3e99" testName="Delete_Calls_Delete" computerName="DKSR-EFI-06" duration="00:00:00.0045827" startTime="2024-01-09T15:42:18.3884180+01:00" endTime="2024-01-09T15:42:18.3884180+01:00" testType="13cdc9d9-ddb5-4fa4-a97d-d965ccfc6d4b" outcome="Passed" testListId="8c84fa94-04c1-424b-9868-57a2d4851a1d" relativeResultsDirectory="0d9f673b-fc96-4716-817c-2fed9b5a2a0f" />
    <UnitTestResult executionId="4f555aba-c9da-45f3-967b-809a53f0ec01" testId="c60d719f-1b55-54e0-23dd-5ba1e339d63e" testName="Build_WhenSetFramerateActions_ReturnsProperties" computerName="DKSR-EFI-06" duration="00:00:00.0143627" startTime="2024-01-09T15:42:35.7321182+01:00" endTime="2024-01-09T15:42:35.7477457+01:00" testType="13cdc9d9-ddb5-4fa4-a97d-d965ccfc6d4b" outcome="Passed" testListId="8c84fa94-04c1-424b-9868-57a2d4851a1d" relativeResultsDirectory="4f555aba-c9da-45f3-967b-809a53f0ec01" />
    <UnitTestResult executionId="ed441a1c-a4ca-4195-9f1d-c406f390a93c" testId="8c2c49bc-65b6-f4ee-b5c4-b4881c4aaeb6" testName="ConfigurationItemPathBuilder_ConstructAndCreate_InvalidPath_ArgumentException (Data Row 6)" computerName="DKSR-EFI-06" duration="00:00:00.0004973" startTime="2024-01-09T15:42:33.3727317+01:00" endTime="2024-01-09T15:42:33.3727317+01:00" testType="13cdc9d9-ddb5-4fa4-a97d-d965ccfc6d4b" outcome="Passed" testListId="8c84fa94-04c1-424b-9868-57a2d4851a1d" relativeResultsDirectory="ed441a1c-a4ca-4195-9f1d-c406f390a93c">
      <Output>
        <StdOut>Debug Trace:&#xD;
Fail: Item type is invalid: RecordingServer</StdOut>
      </Output>
    </UnitTestResult>
    <UnitTestResult executionId="f2195956-31ce-4d20-a286-9c9b425e59e3" testId="90c6e677-8a75-29d1-97e3-ace8ba361973" testName="Validate_WhenValueInArrayOutOfRange_Error" computerName="DKSR-EFI-06" duration="00:00:00.0012214" startTime="2024-01-09T15:42:37.2321292+01:00" endTime="2024-01-09T15:42:37.2321292+01:00" testType="13cdc9d9-ddb5-4fa4-a97d-d965ccfc6d4b" outcome="Passed" testListId="8c84fa94-04c1-424b-9868-57a2d4851a1d" relativeResultsDirectory="f2195956-31ce-4d20-a286-9c9b425e59e3" />
    <UnitTestResult executionId="0e4af88d-45e7-46db-90bf-37f7eaaf50c0" testId="d0b2304e-f546-20e2-91f8-f1686494292c" testName="ConfigurationItemPath_Create_InvalidPath_ArgumentException (Data Row 9)" computerName="DKSR-EFI-06" duration="00:00:00.0002766" startTime="2024-01-09T15:42:33.4352289+01:00" endTime="2024-01-09T15:42:33.4352289+01:00" testType="13cdc9d9-ddb5-4fa4-a97d-d965ccfc6d4b" outcome="Passed" testListId="8c84fa94-04c1-424b-9868-57a2d4851a1d" relativeResultsDirectory="0e4af88d-45e7-46db-90bf-37f7eaaf50c0" />
    <UnitTestResult executionId="0def9d6d-7ac2-4f15-b68a-1380ac27191c" testId="c8e92b6e-a686-ab23-ec5b-ead36ae6d891" testName="FindClosestNode_Two_Childs_In_List_First_Node_Test" computerName="DKSR-EFI-06" duration="00:00:00.0006017" startTime="2024-01-09T15:42:18.5602094+01:00" endTime="2024-01-09T15:42:18.5602094+01:00" testType="13cdc9d9-ddb5-4fa4-a97d-d965ccfc6d4b" outcome="Passed" testListId="8c84fa94-04c1-424b-9868-57a2d4851a1d" relativeResultsDirectory="0def9d6d-7ac2-4f15-b68a-1380ac27191c" />
    <UnitTestResult executionId="4150a63c-fd2c-477c-b82a-13383ee2adba" testId="052902a0-3c21-bbf6-ef5b-f40d7fa4c1dd" testName="DeviceStreams_AddStream_Existing_Name_Success" computerName="DKSR-EFI-06" duration="00:00:00.0091459" startTime="2024-01-09T15:42:42.6227755+01:00" endTime="2024-01-09T15:42:42.6386489+01:00" testType="13cdc9d9-ddb5-4fa4-a97d-d965ccfc6d4b" outcome="Passed" testListId="8c84fa94-04c1-424b-9868-57a2d4851a1d" relativeResultsDirectory="4150a63c-fd2c-477c-b82a-13383ee2adba" />
    <UnitTestResult executionId="0cd0ebf9-ef22-4122-b3ac-b6a921c89b1e" testId="2622ad65-5be9-f76f-a0de-edc1f98557ef" testName="Build_WhenStopPluginOnDevices_ReturnsProperties" computerName="DKSR-EFI-06" duration="00:00:00.0077918" startTime="2024-01-09T15:42:36.0133709+01:00" endTime="2024-01-09T15:42:36.0133709+01:00" testType="13cdc9d9-ddb5-4fa4-a97d-d965ccfc6d4b" outcome="Passed" testListId="8c84fa94-04c1-424b-9868-57a2d4851a1d" relativeResultsDirectory="0cd0ebf9-ef22-4122-b3ac-b6a921c89b1e" />
    <UnitTestResult executionId="2179e712-a172-49b5-acd9-3edae74199d5" testId="f334f919-54f3-fafc-250e-89199c631a9d" testName="SendCommandSecurityVisitor_SetRecorderShutdownStateCommand_NotSupportedException" computerName="DKSR-EFI-06" duration="00:00:00.0032225" startTime="2024-01-09T15:42:21.8727134+01:00" endTime="2024-01-09T15:42:21.8727134+01:00" testType="13cdc9d9-ddb5-4fa4-a97d-d965ccfc6d4b" outcome="Passed" testListId="8c84fa94-04c1-424b-9868-57a2d4851a1d" relativeResultsDirectory="2179e712-a172-49b5-acd9-3edae74199d5" />
    <UnitTestResult executionId="2655f9fb-518f-4b1f-8d56-41e4a6089db6" testId="63de641c-36bd-a6a3-eafd-fe6bec01b91a" testName="SetItem_ParamNullCheck_RequestContext" computerName="DKSR-EFI-06" duration="00:00:00.0022976" startTime="2024-01-09T15:42:41.1071449+01:00" endTime="2024-01-09T15:42:41.1071449+01:00" testType="13cdc9d9-ddb5-4fa4-a97d-d965ccfc6d4b" outcome="Passed" testListId="8c84fa94-04c1-424b-9868-57a2d4851a1d" relativeResultsDirectory="2655f9fb-518f-4b1f-8d56-41e4a6089db6" />
    <UnitTestResult executionId="4c6e4b7b-305d-49f2-b68e-3d91dbef55cd" testId="f0b4ab88-f211-25a0-3a66-3d0639956ebe" testName="validateItem_ParamNullCheck_Path" computerName="DKSR-EFI-06" duration="00:00:00.0014169" startTime="2024-01-09T15:42:41.1383943+01:00" endTime="2024-01-09T15:42:41.1540205+01:00" testType="13cdc9d9-ddb5-4fa4-a97d-d965ccfc6d4b" outcome="Passed" testListId="8c84fa94-04c1-424b-9868-57a2d4851a1d" relativeResultsDirectory="4c6e4b7b-305d-49f2-b68e-3d91dbef55cd" />
    <UnitTestResult executionId="3a435754-1d18-45ef-8c53-a371f951736a" testId="66e86e11-aa6f-d6de-573d-c0aabb75ba87" testName="DriverSettingsBusiness_PrepareAndValidateSettings_TwoSettings_Success (Data Row 3)" computerName="DKSR-EFI-06" duration="00:00:00.0286385" startTime="2024-01-09T15:42:32.2008497+01:00" endTime="2024-01-09T15:42:32.5446004+01:00" testType="13cdc9d9-ddb5-4fa4-a97d-d965ccfc6d4b" outcome="Passed" testListId="8c84fa94-04c1-424b-9868-57a2d4851a1d" relativeResultsDirectory="3a435754-1d18-45ef-8c53-a371f951736a" />
    <UnitTestResult executionId="4fdb759c-e15f-48f7-9118-8b96e537099e" testId="ce501318-c88d-d26a-5cfa-f7af252ee78f" testName="Invoke_ArgumentException" computerName="DKSR-EFI-06" duration="00:00:00.0015540" startTime="2024-01-09T15:42:39.6071384+01:00" endTime="2024-01-09T15:42:39.6071384+01:00" testType="13cdc9d9-ddb5-4fa4-a97d-d965ccfc6d4b" outcome="Passed" testListId="8c84fa94-04c1-424b-9868-57a2d4851a1d" relativeResultsDirectory="4fdb759c-e15f-48f7-9118-8b96e537099e" />
    <UnitTestResult executionId="b41ef8c0-e0fc-49b8-a811-e84f8f6e2b79" testId="e009e88f-8e49-b8bb-7c27-2bff6d52e9cc" testName="ServerProxyService_GetHardwareByHardwareId_NotAllowed_RowRemoved" computerName="DKSR-EFI-06" duration="00:00:00.0157369" startTime="2024-01-09T15:42:25.0445877+01:00" endTime="2024-01-09T15:42:25.0602133+01:00" testType="13cdc9d9-ddb5-4fa4-a97d-d965ccfc6d4b" outcome="Passed" testListId="8c84fa94-04c1-424b-9868-57a2d4851a1d" relativeResultsDirectory="b41ef8c0-e0fc-49b8-a811-e84f8f6e2b79" />
    <UnitTestResult executionId="6f63b36e-c27b-4155-8228-a3cefb5e2e3c" testId="53eaac2d-a804-70a4-087e-be24742948e1" testName="Validate_WhenAllowedKeyValuePairs_Success" computerName="DKSR-EFI-06" duration="00:00:00.0020306" startTime="2024-01-09T15:42:37.3258816+01:00" endTime="2024-01-09T15:42:37.3258816+01:00" testType="13cdc9d9-ddb5-4fa4-a97d-d965ccfc6d4b" outcome="Passed" testListId="8c84fa94-04c1-424b-9868-57a2d4851a1d" relativeResultsDirectory="6f63b36e-c27b-4155-8228-a3cefb5e2e3c" />
    <UnitTestResult executionId="89a2f7cc-c8e5-40b9-bf3f-fab3e593f036" testId="7500c41a-cbfa-d7d0-ec17-1f051314e108" testName="AfterReceiveRequest_AuthenticationReturnsTrue_MessagePropertyIsSetTrue" computerName="DKSR-EFI-06" duration="00:00:00.0047004" startTime="2024-01-09T15:42:44.7009070+01:00" endTime="2024-01-09T15:42:44.7165321+01:00" testType="13cdc9d9-ddb5-4fa4-a97d-d965ccfc6d4b" outcome="Passed" testListId="8c84fa94-04c1-424b-9868-57a2d4851a1d" relativeResultsDirectory="89a2f7cc-c8e5-40b9-bf3f-fab3e593f036" />
    <UnitTestResult executionId="cfa56f42-d8ef-4719-941f-7738ac182dab" testId="9d029404-e4a8-40ca-9e0f-18303861faf4" testName="Invoke_WhenAllDataIsProvidedAndValid_CreatesRule" computerName="DKSR-EFI-06" duration="00:00:00.0226561" startTime="2024-01-09T15:42:34.2633618+01:00" endTime="2024-01-09T15:42:34.2790311+01:00" testType="13cdc9d9-ddb5-4fa4-a97d-d965ccfc6d4b" outcome="Passed" testListId="8c84fa94-04c1-424b-9868-57a2d4851a1d" relativeResultsDirectory="cfa56f42-d8ef-4719-941f-7738ac182dab" />
    <UnitTestResult executionId="c5930460-2992-4ce7-a862-5fbdca65647d" testId="3e701cb3-3b38-04cd-2edd-f3846a9cd859" testName="Validate_WhenExpectedTypeIsNull_ReturnFalse" computerName="DKSR-EFI-06" duration="00:00:00.0021319" startTime="2024-01-09T15:42:38.4040082+01:00" endTime="2024-01-09T15:42:38.4040082+01:00" testType="13cdc9d9-ddb5-4fa4-a97d-d965ccfc6d4b" outcome="Passed" testListId="8c84fa94-04c1-424b-9868-57a2d4851a1d" relativeResultsDirectory="c5930460-2992-4ce7-a862-5fbdca65647d" />
    <UnitTestResult executionId="15238cfa-146d-4616-a86e-b382f0f6f5a2" testId="69686b34-faa2-c6ee-8e19-f0b2a6d5ca80" testName="IsComplete_WhenRecurring_MonthlyRelativeOnce_ReturnsTrue" computerName="DKSR-EFI-06" duration="00:00:00.0021230" startTime="2024-01-09T15:42:35.0133665+01:00" endTime="2024-01-09T15:42:35.0133665+01:00" testType="13cdc9d9-ddb5-4fa4-a97d-d965ccfc6d4b" outcome="Passed" testListId="8c84fa94-04c1-424b-9868-57a2d4851a1d" relativeResultsDirectory="15238cfa-146d-4616-a86e-b382f0f6f5a2" />
    <UnitTestResult executionId="3e5d8e92-ecaa-4be5-ac7f-0331fa787313" testId="795339f1-a3a5-5aa4-cac2-81e699424147" testName="Validation_ValidateDouble_NaN_ArgumentException" computerName="DKSR-EFI-06" duration="00:00:00.0005863" startTime="2024-01-09T15:42:25.7164647+01:00" endTime="2024-01-09T15:42:25.7164647+01:00" testType="13cdc9d9-ddb5-4fa4-a97d-d965ccfc6d4b" outcome="Passed" testListId="8c84fa94-04c1-424b-9868-57a2d4851a1d" relativeResultsDirectory="3e5d8e92-ecaa-4be5-ac7f-0331fa787313" />
    <UnitTestResult executionId="6f2561b1-d219-428a-913b-4ea02caf1916" testId="adf69b4a-c0aa-a5d4-e739-acfebea345c5" testName="Validate_WhenValidMonthlyFrequency_ValidRecurringSubday_NoErrors" computerName="DKSR-EFI-06" duration="00:00:00.0003942" startTime="2024-01-09T15:42:37.0758770+01:00" endTime="2024-01-09T15:42:37.0758770+01:00" testType="13cdc9d9-ddb5-4fa4-a97d-d965ccfc6d4b" outcome="Passed" testListId="8c84fa94-04c1-424b-9868-57a2d4851a1d" relativeResultsDirectory="6f2561b1-d219-428a-913b-4ea02caf1916" />
    <UnitTestResult executionId="edf6f3dc-292e-44c4-9af2-f8372715a01f" testId="8c2c49bc-65b6-f4ee-b5c4-b4881c4aaeb6" testName="ConfigurationItemPathBuilder_ConstructAndCreate_InvalidPath_ArgumentException (Data Row 5)" computerName="DKSR-EFI-06" duration="00:00:00.0004913" startTime="2024-01-09T15:42:33.3727317+01:00" endTime="2024-01-09T15:42:33.3727317+01:00" testType="13cdc9d9-ddb5-4fa4-a97d-d965ccfc6d4b" outcome="Passed" testListId="8c84fa94-04c1-424b-9868-57a2d4851a1d" relativeResultsDirectory="edf6f3dc-292e-44c4-9af2-f8372715a01f">
      <Output>
        <StdOut>Debug Trace:&#xD;
Fail: Id is invalid: 11</StdOut>
      </Output>
    </UnitTestResult>
    <UnitTestResult executionId="32cf9ebe-7800-4f98-a3be-9f8e00615b2d" testId="2b510b1a-4d5e-6115-0fa8-03babb40998b" testName="GetItem_InvalidPathTest" computerName="DKSR-EFI-06" duration="00:00:00.0005091" startTime="2024-01-09T15:42:41.5290213+01:00" endTime="2024-01-09T15:42:41.5290213+01:00" testType="13cdc9d9-ddb5-4fa4-a97d-d965ccfc6d4b" outcome="Passed" testListId="8c84fa94-04c1-424b-9868-57a2d4851a1d" relativeResultsDirectory="32cf9ebe-7800-4f98-a3be-9f8e00615b2d" />
    <UnitTestResult executionId="09a00b6d-6ca7-4903-8316-abb69dc4c288" testId="4c8ab038-adf4-8962-6c11-8fbc1bc7e5b7" testName="UpdateMotionDetection_DeviceMotionDetection_Not_Found_DeviceNotFoundException_Expected" computerName="DKSR-EFI-06" duration="00:00:00.0024051" startTime="2024-01-09T15:42:42.3727747+01:00" endTime="2024-01-09T15:42:42.3727747+01:00" testType="13cdc9d9-ddb5-4fa4-a97d-d965ccfc6d4b" outcome="Passed" testListId="8c84fa94-04c1-424b-9868-57a2d4851a1d" relativeResultsDirectory="09a00b6d-6ca7-4903-8316-abb69dc4c288" />
    <UnitTestResult executionId="81fe3d7c-e116-49a3-9857-2629ef4c76e9" testId="712efd25-7047-db86-52ff-62ff5c459466" testName="SetItem_ParamNullCheck_ConfigurationItemTest" computerName="DKSR-EFI-06" duration="00:00:00.0005226" startTime="2024-01-09T15:42:41.5446473+01:00" endTime="2024-01-09T15:42:41.5446473+01:00" testType="13cdc9d9-ddb5-4fa4-a97d-d965ccfc6d4b" outcome="Passed" testListId="8c84fa94-04c1-424b-9868-57a2d4851a1d" relativeResultsDirectory="81fe3d7c-e116-49a3-9857-2629ef4c76e9" />
    <UnitTestResult executionId="3dbb22ed-36e7-4b6a-809d-c962f07e3e81" testId="4883f623-f9f5-050b-0f3d-b6b82b95d70f" testName="Get_UnknownResource_ExceptionNotCaught" computerName="DKSR-EFI-06" duration="00:00:00.0061120" startTime="2024-01-09T15:42:27.4352154+01:00" endTime="2024-01-09T15:42:27.4352154+01:00" testType="13cdc9d9-ddb5-4fa4-a97d-d965ccfc6d4b" outcome="Passed" testListId="8c84fa94-04c1-424b-9868-57a2d4851a1d" relativeResultsDirectory="3dbb22ed-36e7-4b6a-809d-c962f07e3e81" />
    <UnitTestResult executionId="7f3680ca-b6eb-4bae-bd66-f3dc3f0882ee" testId="5e63f0a7-a67c-dd75-aa50-3de43e91931f" testName="RetentionTimeRule_RuleActionAsync_StorageCountersTwoDataCollector_ForecastCalledTwice" computerName="DKSR-EFI-06" duration="00:00:00.0020659" startTime="2024-01-09T15:42:44.1696563+01:00" endTime="2024-01-09T15:42:44.1696563+01:00" testType="13cdc9d9-ddb5-4fa4-a97d-d965ccfc6d4b" outcome="Passed" testListId="8c84fa94-04c1-424b-9868-57a2d4851a1d" relativeResultsDirectory="7f3680ca-b6eb-4bae-bd66-f3dc3f0882ee" />
    <UnitTestResult executionId="7b7544d5-e0c0-4372-91a1-998238d19698" testId="ed54c9ea-a5f5-7db4-01f7-9e1fb8a9e254" testName="Build_DaysOfWeek_WhenFalse_ParameterNotSet_ConditionNotAdded" computerName="DKSR-EFI-06" duration="00:00:00.0002181" startTime="2024-01-09T15:42:36.6696254+01:00" endTime="2024-01-09T15:42:36.6696254+01:00" testType="13cdc9d9-ddb5-4fa4-a97d-d965ccfc6d4b" outcome="Passed" testListId="8c84fa94-04c1-424b-9868-57a2d4851a1d" relativeResultsDirectory="7b7544d5-e0c0-4372-91a1-998238d19698" />
    <UnitTestResult executionId="f34abbbb-8cba-4e1c-a171-7731ab9095ce" testId="b8c8b08d-a39d-0d4a-41c8-e2a85d8d8ba6" testName="ServerProxyService_GetDeviceGroupMembersByDeviceGroupId_AllCameras_Allowed_NotFiltered" computerName="DKSR-EFI-06" duration="00:00:00.0122373" startTime="2024-01-09T15:42:25.2789643+01:00" endTime="2024-01-09T15:42:25.2945895+01:00" testType="13cdc9d9-ddb5-4fa4-a97d-d965ccfc6d4b" outcome="Passed" testListId="8c84fa94-04c1-424b-9868-57a2d4851a1d" relativeResultsDirectory="f34abbbb-8cba-4e1c-a171-7731ab9095ce" />
    <UnitTestResult executionId="963ba771-b884-400f-a38d-7491b68fdfc9" testId="bf5f0cdc-3a60-2913-d0ee-0c7d5c56e0e0" testName="InvokeMethod_InvokesFromProvider" computerName="DKSR-EFI-06" duration="00:00:00.0081227" startTime="2024-01-09T15:42:39.4821390+01:00" endTime="2024-01-09T15:42:39.4821390+01:00" testType="13cdc9d9-ddb5-4fa4-a97d-d965ccfc6d4b" outcome="Passed" testListId="8c84fa94-04c1-424b-9868-57a2d4851a1d" relativeResultsDirectory="963ba771-b884-400f-a38d-7491b68fdfc9" />
    <UnitTestResult executionId="9b94bb02-c2a1-48dd-92b8-7a3e70f29007" testId="cd7ed603-470e-349c-8e39-62b53d5e1b67" testName="GetChildItems_WhenRulesAreEmpty_ReturnsEmptyList" computerName="DKSR-EFI-06" duration="00:00:00.0016423" startTime="2024-01-09T15:42:33.9352351+01:00" endTime="2024-01-09T15:42:33.9352351+01:00" testType="13cdc9d9-ddb5-4fa4-a97d-d965ccfc6d4b" outcome="Passed" testListId="8c84fa94-04c1-424b-9868-57a2d4851a1d" relativeResultsDirectory="9b94bb02-c2a1-48dd-92b8-7a3e70f29007" />
    <UnitTestResult executionId="24461ef9-fbc9-48bb-9540-d441d7ba8fbc" testId="07ac56f9-3138-7be8-297e-4fd1db6d81f0" testName="IsComplete_WhenNoProperties_ReturnsFalse" computerName="DKSR-EFI-06" duration="00:00:00.0019482" startTime="2024-01-09T15:42:35.0914908+01:00" endTime="2024-01-09T15:42:35.0914908+01:00" testType="13cdc9d9-ddb5-4fa4-a97d-d965ccfc6d4b" outcome="Passed" testListId="8c84fa94-04c1-424b-9868-57a2d4851a1d" relativeResultsDirectory="24461ef9-fbc9-48bb-9540-d441d7ba8fbc" />
    <UnitTestResult executionId="eae57ad8-ed18-49a2-b318-1e26f0da9f3c" testId="678d9e33-cd13-fd62-2a53-c0145e167fde" testName="DataCollectorRegisteredServicesResolver_DoResolve_Resolve_Service" computerName="DKSR-EFI-06" duration="00:00:00.0431614" startTime="2024-01-09T15:42:17.7633358+01:00" endTime="2024-01-09T15:42:17.7945845+01:00" testType="13cdc9d9-ddb5-4fa4-a97d-d965ccfc6d4b" outcome="Passed" testListId="8c84fa94-04c1-424b-9868-57a2d4851a1d" relativeResultsDirectory="eae57ad8-ed18-49a2-b318-1e26f0da9f3c">
      <Output>
        <StdOut>Debug Trace:&#xD;
SystemMonitorManager: Starting tasks: 1&#xD;
SystemMonitorManager: Update datacollectorId for service: 79270e8b-5a27-462d-9bce-e6c603638a87</StdOut>
      </Output>
    </UnitTestResult>
    <UnitTestResult executionId="a5d066ce-44da-4f3e-8cd8-02235983fc3f" testId="4ba4664a-dba1-15f0-628d-66c948ab8341" testName="Build_WhenActionIsRecordAllFrames_ReturnsRuleModel" computerName="DKSR-EFI-06" duration="00:00:00.0093508" startTime="2024-01-09T15:42:39.1696367+01:00" endTime="2024-01-09T15:42:39.1852617+01:00" testType="13cdc9d9-ddb5-4fa4-a97d-d965ccfc6d4b" outcome="Passed" testListId="8c84fa94-04c1-424b-9868-57a2d4851a1d" relativeResultsDirectory="a5d066ce-44da-4f3e-8cd8-02235983fc3f" />
    <UnitTestResult executionId="ac41de64-5a7a-45e6-a60f-71bf519eac86" testId="7bcc779b-acc4-9457-ff3b-e43bb838a30f" testName="TimeProfile_WhenGuidIsNotExisting_Error" computerName="DKSR-EFI-06" duration="00:00:00.0124383" startTime="2024-01-09T15:42:36.8102517+01:00" endTime="2024-01-09T15:42:36.8258742+01:00" testType="13cdc9d9-ddb5-4fa4-a97d-d965ccfc6d4b" outcome="Passed" testListId="8c84fa94-04c1-424b-9868-57a2d4851a1d" relativeResultsDirectory="ac41de64-5a7a-45e6-a60f-71bf519eac86" />
    <UnitTestResult executionId="117a98e9-8456-4aab-bd14-7dbd184cfd65" testId="8d0f5124-f49e-02ed-22a5-3addc685ba85" testName="TryParseConditions_WhenTimeConditionsHasNoChildNodes_ReturnsTrue" computerName="DKSR-EFI-06" duration="00:00:00.0002724" startTime="2024-01-09T15:42:38.7165104+01:00" endTime="2024-01-09T15:42:38.7165104+01:00" testType="13cdc9d9-ddb5-4fa4-a97d-d965ccfc6d4b" outcome="Passed" testListId="8c84fa94-04c1-424b-9868-57a2d4851a1d" relativeResultsDirectory="117a98e9-8456-4aab-bd14-7dbd184cfd65" />
    <UnitTestResult executionId="15fba1b1-0129-4590-a9aa-1cb2f9056f0f" testId="87727029-0b20-eb4e-07e8-09168a107655" testName="SendCommandSecurityVisitor_UpdateSecurityManagerCommand_SecurityPermissionsDevice_Camera_Delete_Allowed" computerName="DKSR-EFI-06" duration="00:00:00.0285677" startTime="2024-01-09T15:42:21.1070868+01:00" endTime="2024-01-09T15:42:21.1383374+01:00" testType="13cdc9d9-ddb5-4fa4-a97d-d965ccfc6d4b" outcome="Passed" testListId="8c84fa94-04c1-424b-9868-57a2d4851a1d" relativeResultsDirectory="15fba1b1-0129-4590-a9aa-1cb2f9056f0f" />
    <UnitTestResult executionId="f04ff996-3f32-44b5-ba46-e30deedb7e6a" testId="838631cd-f963-90fc-c3f4-ed6a335f7386" testName="Invoke_ArgumentException2" computerName="DKSR-EFI-06" duration="00:00:00.0009247" startTime="2024-01-09T15:42:39.6071384+01:00" endTime="2024-01-09T15:42:39.6071384+01:00" testType="13cdc9d9-ddb5-4fa4-a97d-d965ccfc6d4b" outcome="Passed" testListId="8c84fa94-04c1-424b-9868-57a2d4851a1d" relativeResultsDirectory="f04ff996-3f32-44b5-ba46-e30deedb7e6a" />
    <UnitTestResult executionId="399f9624-bbbf-4a6a-8614-994631144229" testId="7fb5b740-26ae-1f61-b371-b777024b8791" testName="DriverSettingsBusiness_PrepareAndValidateSettings_InvalidSettingNameException" computerName="DKSR-EFI-06" duration="00:00:00.0098090" startTime="2024-01-09T15:42:32.7164754+01:00" endTime="2024-01-09T15:42:32.7321020+01:00" testType="13cdc9d9-ddb5-4fa4-a97d-d965ccfc6d4b" outcome="Passed" testListId="8c84fa94-04c1-424b-9868-57a2d4851a1d" relativeResultsDirectory="399f9624-bbbf-4a6a-8614-994631144229" />
    <UnitTestResult executionId="37318136-1bcf-4db6-8520-60f6a3932451" testId="7297900e-3b29-f4f3-0626-afca45fdad3d" testName="Validate_WhenDaily_FrequencyIsNegative_ReturnsError" computerName="DKSR-EFI-06" duration="00:00:00.0003803" startTime="2024-01-09T15:42:37.0133758+01:00" endTime="2024-01-09T15:42:37.0133758+01:00" testType="13cdc9d9-ddb5-4fa4-a97d-d965ccfc6d4b" outcome="Passed" testListId="8c84fa94-04c1-424b-9868-57a2d4851a1d" relativeResultsDirectory="37318136-1bcf-4db6-8520-60f6a3932451" />
    <UnitTestResult executionId="e08c8858-bb9f-4d50-a8e4-7f8f91069df4" testId="bdf7a0c9-d613-0d44-a2b4-9168afc7b38b" testName="ClientVersionHandling_CheckSmartClientVersion" computerName="DKSR-EFI-06" duration="00:00:00.0028822" startTime="2024-01-09T15:42:20.5445878+01:00" endTime="2024-01-09T15:42:20.5445878+01:00" testType="13cdc9d9-ddb5-4fa4-a97d-d965ccfc6d4b" outcome="Passed" testListId="8c84fa94-04c1-424b-9868-57a2d4851a1d" relativeResultsDirectory="e08c8858-bb9f-4d50-a8e4-7f8f91069df4" />
    <UnitTestResult executionId="71a8636c-5273-4950-980d-1e9e4f0f5f18" testId="37bff315-c981-889f-e391-c61db9c89da6" testName="SendCommandSecurityVisitor_UpdateConfigurationManagerCommand_ArchiveStorage_Add_NotSupportedException" computerName="DKSR-EFI-06" duration="00:00:00.0190061" startTime="2024-01-09T15:42:24.3727157+01:00" endTime="2024-01-09T15:42:24.4039659+01:00" testType="13cdc9d9-ddb5-4fa4-a97d-d965ccfc6d4b" outcome="Passed" testListId="8c84fa94-04c1-424b-9868-57a2d4851a1d" relativeResultsDirectory="71a8636c-5273-4950-980d-1e9e4f0f5f18" />
    <UnitTestResult executionId="ba029c8b-687b-45d0-b8df-078addc68bee" testId="cdf71ed1-f773-e03d-4c62-6106dea0bbd6" testName="Validate_WhenValueInEnumArrayOutOfAllowedValues_Error" computerName="DKSR-EFI-06" duration="00:00:00.0014242" startTime="2024-01-09T15:42:37.2321292+01:00" endTime="2024-01-09T15:42:37.2321292+01:00" testType="13cdc9d9-ddb5-4fa4-a97d-d965ccfc6d4b" outcome="Passed" testListId="8c84fa94-04c1-424b-9868-57a2d4851a1d" relativeResultsDirectory="ba029c8b-687b-45d0-b8df-078addc68bee" />
    <UnitTestResult executionId="b2807b31-3b1d-4960-a018-f48c005bc0fc" testId="e9d2736d-ec3e-2992-1782-e39baf2c285d" testName="SendCommandSecurityVisitor_SendMultiNotificationCommand_NotSupportedException" computerName="DKSR-EFI-06" duration="00:00:00.0031540" startTime="2024-01-09T15:42:21.8727134+01:00" endTime="2024-01-09T15:42:21.8727134+01:00" testType="13cdc9d9-ddb5-4fa4-a97d-d965ccfc6d4b" outcome="Passed" testListId="8c84fa94-04c1-424b-9868-57a2d4851a1d" relativeResultsDirectory="b2807b31-3b1d-4960-a018-f48c005bc0fc" />
    <UnitTestResult executionId="f3bb2213-ea08-4af0-822a-81c31ef3f85c" testId="2a2729e6-c4d2-07e5-74ea-c5267bf5d66f" testName="StringToArray_SplitsAndUnescapes" computerName="DKSR-EFI-06" duration="00:00:00.0047840" startTime="2024-01-09T15:42:33.8102351+01:00" endTime="2024-01-09T15:42:33.8102351+01:00" testType="13cdc9d9-ddb5-4fa4-a97d-d965ccfc6d4b" outcome="Passed" testListId="8c84fa94-04c1-424b-9868-57a2d4851a1d" relativeResultsDirectory="f3bb2213-ea08-4af0-822a-81c31ef3f85c" />
    <UnitTestResult executionId="fb68fe5c-4f40-48cf-b0b4-e9df8fbf1e88" testId="169ea821-8769-0be2-0152-41d1b8500d1f" testName="Validate_WhenObjectNotExists_ReturnsFalse" computerName="DKSR-EFI-06" duration="00:00:00.0014655" startTime="2024-01-09T15:42:37.9821319+01:00" endTime="2024-01-09T15:42:37.9821319+01:00" testType="13cdc9d9-ddb5-4fa4-a97d-d965ccfc6d4b" outcome="Passed" testListId="8c84fa94-04c1-424b-9868-57a2d4851a1d" relativeResultsDirectory="fb68fe5c-4f40-48cf-b0b4-e9df8fbf1e88" />
    <UnitTestResult executionId="d5141cc8-75fa-4827-9dc1-729b94865e43" testId="32d584ee-15a1-dfd4-36f7-9b0d72181dba" testName="Invoke_WhenPropertyNotFound_ArgumentException" computerName="DKSR-EFI-06" duration="00:00:00.0009149" startTime="2024-01-09T15:42:41.3415711+01:00" endTime="2024-01-09T15:42:41.3415711+01:00" testType="13cdc9d9-ddb5-4fa4-a97d-d965ccfc6d4b" outcome="Passed" testListId="8c84fa94-04c1-424b-9868-57a2d4851a1d" relativeResultsDirectory="d5141cc8-75fa-4827-9dc1-729b94865e43" />
    <UnitTestResult executionId="6849240b-070a-46cb-ae68-34489ac13d0c" testId="9db6bb97-3604-b8fc-5976-8fd38116c854" testName="ConfigurationItemPathBuilder_Create_InvalidPath_ArgumentException (Data Row 8)" computerName="DKSR-EFI-06" duration="00:00:00.0005033" startTime="2024-01-09T15:42:33.3571055+01:00" endTime="2024-01-09T15:42:33.3571055+01:00" testType="13cdc9d9-ddb5-4fa4-a97d-d965ccfc6d4b" outcome="Passed" testListId="8c84fa94-04c1-424b-9868-57a2d4851a1d" relativeResultsDirectory="6849240b-070a-46cb-ae68-34489ac13d0c">
      <Output>
        <StdOut>Debug Trace:&#xD;
Fail: ParentItemType is invalid: RecordingServerFolder</StdOut>
      </Output>
    </UnitTestResult>
    <UnitTestResult executionId="b9e415db-cd20-4aad-bf67-3215b3aa47c5" testId="95e7b987-1695-9579-d778-1d0449069c63" testName="GetItem_ParamNullCheck_RequestContextTest" computerName="DKSR-EFI-06" duration="00:00:00.0012919" startTime="2024-01-09T15:42:41.4352714+01:00" endTime="2024-01-09T15:42:41.4508958+01:00" testType="13cdc9d9-ddb5-4fa4-a97d-d965ccfc6d4b" outcome="Passed" testListId="8c84fa94-04c1-424b-9868-57a2d4851a1d" relativeResultsDirectory="b9e415db-cd20-4aad-bf67-3215b3aa47c5" />
    <UnitTestResult executionId="1345d63e-5331-4dd6-a24e-52bd88ca561b" testId="b973da1a-2e42-fe55-9475-2d140e6e0854" testName="DriverSettingsBusiness_PrepareAndValidateSettings_Success (Data Row 2)" computerName="DKSR-EFI-06" duration="00:00:00.0242122" startTime="2024-01-09T15:42:30.2633401+01:00" endTime="2024-01-09T15:42:32.2008497+01:00" testType="13cdc9d9-ddb5-4fa4-a97d-d965ccfc6d4b" outcome="Passed" testListId="8c84fa94-04c1-424b-9868-57a2d4851a1d" relativeResultsDirectory="1345d63e-5331-4dd6-a24e-52bd88ca561b" />
    <UnitTestResult executionId="c8ad4110-5004-48b6-844a-4a3819c43813" testId="60729928-562e-3cf2-639c-f310df0c7aea" testName="GetChildItems_ValidPathWrongId_FromItem" computerName="DKSR-EFI-06" duration="00:00:00.0015933" startTime="2024-01-09T15:42:40.7946434+01:00" endTime="2024-01-09T15:42:40.7946434+01:00" testType="13cdc9d9-ddb5-4fa4-a97d-d965ccfc6d4b" outcome="Passed" testListId="8c84fa94-04c1-424b-9868-57a2d4851a1d" relativeResultsDirectory="c8ad4110-5004-48b6-844a-4a3819c43813" />
    <UnitTestResult executionId="a174e242-2d30-4858-b9ed-b3be547ff944" testId="92f72acd-24d2-046e-1f0b-5f817b140238" testName="SidUtilityIsCorporateIdentityForRoleWithGuidTest" computerName="DKSR-EFI-06" duration="00:00:00.0917762" startTime="2024-01-09T15:42:32.7633497+01:00" endTime="2024-01-09T15:42:32.8571022+01:00" testType="13cdc9d9-ddb5-4fa4-a97d-d965ccfc6d4b" outcome="Passed" testListId="8c84fa94-04c1-424b-9868-57a2d4851a1d" relativeResultsDirectory="a174e242-2d30-4858-b9ed-b3be547ff944" />
    <UnitTestResult executionId="f73b2aa2-9405-48c5-b1e4-f8c566327743" testId="65ab9941-28e3-427f-8c19-2376cc6bbba7" testName="SetItem_ParamNullCheck_ParentPathTest" computerName="DKSR-EFI-06" duration="00:00:00.0007025" startTime="2024-01-09T15:42:41.4665200+01:00" endTime="2024-01-09T15:42:41.4665200+01:00" testType="13cdc9d9-ddb5-4fa4-a97d-d965ccfc6d4b" outcome="Passed" testListId="8c84fa94-04c1-424b-9868-57a2d4851a1d" relativeResultsDirectory="f73b2aa2-9405-48c5-b1e4-f8c566327743" />
    <UnitTestResult executionId="b78ae014-e388-4282-9b60-45baca79f95a" testId="4a57ada1-ba97-ef33-3455-39bc3fd6a566" testName="InvokeBegin_BasicResultHasBeenSetAndIsFalse_DoNotCallDefaultInvokerAndReturnNull" computerName="DKSR-EFI-06" duration="00:00:00.0004827" startTime="2024-01-09T15:42:44.2946555+01:00" endTime="2024-01-09T15:42:44.2946555+01:00" testType="13cdc9d9-ddb5-4fa4-a97d-d965ccfc6d4b" outcome="Passed" testListId="8c84fa94-04c1-424b-9868-57a2d4851a1d" relativeResultsDirectory="b78ae014-e388-4282-9b60-45baca79f95a" />
    <UnitTestResult executionId="3570c4af-c10c-4b3a-8a8e-2344f97e7940" testId="ad28f1a1-1acc-4f6f-046b-78c32833a522" testName="SendCommandSecurityVisitor_UpdateConfigurationManagerCommand_TimeProfile_Add_Allowed" computerName="DKSR-EFI-06" duration="00:00:00.0146519" startTime="2024-01-09T15:42:24.5133392+01:00" endTime="2024-01-09T15:42:24.5289648+01:00" testType="13cdc9d9-ddb5-4fa4-a97d-d965ccfc6d4b" outcome="Passed" testListId="8c84fa94-04c1-424b-9868-57a2d4851a1d" relativeResultsDirectory="3570c4af-c10c-4b3a-8a8e-2344f97e7940" />
    <UnitTestResult executionId="aa21aded-fca2-433a-ac1f-0e6ce6998294" testId="f5167ff2-9737-7c15-02a6-16ac2b92cbb7" testName="LookupArray_Succeeds_WhenItemTypeIsSpecialCase" computerName="DKSR-EFI-06" duration="00:00:00.0123884" startTime="2024-01-09T15:42:28.9508406+01:00" endTime="2024-01-09T15:42:28.9664654+01:00" testType="13cdc9d9-ddb5-4fa4-a97d-d965ccfc6d4b" outcome="Passed" testListId="8c84fa94-04c1-424b-9868-57a2d4851a1d" relativeResultsDirectory="aa21aded-fca2-433a-ac1f-0e6ce6998294" />
    <UnitTestResult executionId="14613cb3-9402-480f-9250-a409b21a1bc7" testId="9994efff-6347-70b3-8845-a71cf2cd7ef9" testName="Build_WhenActionIsVideoWallSetToText_ReturnsRuleModel" computerName="DKSR-EFI-06" duration="00:00:00.0049136" startTime="2024-01-09T15:42:39.2477625+01:00" endTime="2024-01-09T15:42:39.2477625+01:00" testType="13cdc9d9-ddb5-4fa4-a97d-d965ccfc6d4b" outcome="Passed" testListId="8c84fa94-04c1-424b-9868-57a2d4851a1d" relativeResultsDirectory="14613cb3-9402-480f-9250-a409b21a1bc7" />
    <UnitTestResult executionId="cdbf08ee-1ab7-4194-a0d1-da5c69ba9851" testId="5af0defe-78bc-8cbb-6d4e-515f25edb133" testName="Validation_ProcessTime_Value_Is_Not_Defined_ArgumentOutOfExceptionExpected" computerName="DKSR-EFI-06" duration="00:00:00.0004953" startTime="2024-01-09T15:42:26.2164647+01:00" endTime="2024-01-09T15:42:26.2164647+01:00" testType="13cdc9d9-ddb5-4fa4-a97d-d965ccfc6d4b" outcome="Passed" testListId="8c84fa94-04c1-424b-9868-57a2d4851a1d" relativeResultsDirectory="cdbf08ee-1ab7-4194-a0d1-da5c69ba9851" />
    <UnitTestResult executionId="2a8d6061-8a4c-458b-a858-d18e854c71b8" testId="117763de-39de-4f07-5184-b3e6fecd3bd5" testName="SendCommandSecurityVisitor_UpdateRecorderTaskProgressCommand_NotSupportedException" computerName="DKSR-EFI-06" duration="00:00:00.0034818" startTime="2024-01-09T15:42:21.9195864+01:00" endTime="2024-01-09T15:42:21.9352130+01:00" testType="13cdc9d9-ddb5-4fa4-a97d-d965ccfc6d4b" outcome="Passed" testListId="8c84fa94-04c1-424b-9868-57a2d4851a1d" relativeResultsDirectory="2a8d6061-8a4c-458b-a858-d18e854c71b8" />
    <UnitTestResult executionId="c48ee7b5-3cf5-4772-b2bd-e2af302ca6c0" testId="6a4ab509-81a0-0e02-e7d1-2c6c664831ef" testName="TagTableTest" computerName="DKSR-EFI-06" duration="00:00:00.0032075" startTime="2024-01-09T15:42:29.9352142+01:00" endTime="2024-01-09T15:42:29.9352142+01:00" testType="13cdc9d9-ddb5-4fa4-a97d-d965ccfc6d4b" outcome="Passed" testListId="8c84fa94-04c1-424b-9868-57a2d4851a1d" relativeResultsDirectory="c48ee7b5-3cf5-4772-b2bd-e2af302ca6c0" />
    <UnitTestResult executionId="2f371a92-9ce5-429d-8647-bbe8cd17e7bc" testId="721a995d-b6b6-2d2d-2bff-50b4f9dd1ebf" testName="SendCommandSecurityVisitor_UpdateConfigurationManagerCommand_RecordingStorage_Delete_NotSupportedException" computerName="DKSR-EFI-06" duration="00:00:00.0174123" startTime="2024-01-09T15:42:24.3570914+01:00" endTime="2024-01-09T15:42:24.3727157+01:00" testType="13cdc9d9-ddb5-4fa4-a97d-d965ccfc6d4b" outcome="Passed" testListId="8c84fa94-04c1-424b-9868-57a2d4851a1d" relativeResultsDirectory="2f371a92-9ce5-429d-8647-bbe8cd17e7bc" />
    <UnitTestResult executionId="abd9fa71-a15c-4c14-8f07-4ada7144c274" testId="11a5c497-a940-a922-56d8-a2df525be6d2" testName="GetItem_ParamNullCheck_PathTest" computerName="DKSR-EFI-06" duration="00:00:00.0005115" startTime="2024-01-09T15:42:41.7321466+01:00" endTime="2024-01-09T15:42:41.7321466+01:00" testType="13cdc9d9-ddb5-4fa4-a97d-d965ccfc6d4b" outcome="Passed" testListId="8c84fa94-04c1-424b-9868-57a2d4851a1d" relativeResultsDirectory="abd9fa71-a15c-4c14-8f07-4ada7144c274" />
    <UnitTestResult executionId="c848842e-e3e2-43da-a90e-a98933006424" testId="e41903d3-0f87-c789-7aff-eb057b5e944d" testName="Validate_WhenWrongExpectedType_ReturnsFalse" computerName="DKSR-EFI-06" duration="00:00:00.0028467" startTime="2024-01-09T15:42:37.6071294+01:00" endTime="2024-01-09T15:42:37.6071294+01:00" testType="13cdc9d9-ddb5-4fa4-a97d-d965ccfc6d4b" outcome="Passed" testListId="8c84fa94-04c1-424b-9868-57a2d4851a1d" relativeResultsDirectory="c848842e-e3e2-43da-a90e-a98933006424" />
    <UnitTestResult executionId="7c320a87-f06f-423d-bb9d-61c07ffeb271" testId="4807bc5e-dee6-aa18-028e-2a66fbfdfcf0" testName="GetCurrentProperties_WhenWithinTimeProfileIsInvalid_ThrowsArgumentException" computerName="DKSR-EFI-06" duration="00:00:00.0010305" startTime="2024-01-09T15:42:34.8414910+01:00" endTime="2024-01-09T15:42:34.8414910+01:00" testType="13cdc9d9-ddb5-4fa4-a97d-d965ccfc6d4b" outcome="Passed" testListId="8c84fa94-04c1-424b-9868-57a2d4851a1d" relativeResultsDirectory="7c320a87-f06f-423d-bb9d-61c07ffeb271" />
    <UnitTestResult executionId="2f99b82b-4e9b-4243-af61-3f448d4138ba" testId="cadaa45e-ee69-5ad0-dc5c-32bcd5ced422" testName="IsComplete_WhenStartActionPropertyHasValue_ParametersSetWithNoValues_ReturnsFalse" computerName="DKSR-EFI-06" duration="00:00:00.0012317" startTime="2024-01-09T15:42:34.5446112+01:00" endTime="2024-01-09T15:42:34.5446112+01:00" testType="13cdc9d9-ddb5-4fa4-a97d-d965ccfc6d4b" outcome="Passed" testListId="8c84fa94-04c1-424b-9868-57a2d4851a1d" relativeResultsDirectory="2f99b82b-4e9b-4243-af61-3f448d4138ba" />
    <UnitTestResult executionId="3a2755fd-6605-4074-858b-4cfa1b533fc4" testId="7b7af75e-b532-acb9-810d-3cc036bfca6b" testName="IsComplete_WhenWithinTimeProfileWithNoTimeProfilePropertiesSet_ReturnsFalse" computerName="DKSR-EFI-06" duration="00:00:00.0004955" startTime="2024-01-09T15:42:34.7321141+01:00" endTime="2024-01-09T15:42:34.7321141+01:00" testType="13cdc9d9-ddb5-4fa4-a97d-d965ccfc6d4b" outcome="Passed" testListId="8c84fa94-04c1-424b-9868-57a2d4851a1d" relativeResultsDirectory="3a2755fd-6605-4074-858b-4cfa1b533fc4" />
    <UnitTestResult executionId="99159fdf-140c-4d92-a80f-2c56356077ae" testId="9e130b9d-80ca-7975-6f06-71a9a604bad7" testName="Invoke_WhenInvoked_PerformsAction" computerName="DKSR-EFI-06" duration="00:00:00.0063419" startTime="2024-01-09T15:42:41.2165212+01:00" endTime="2024-01-09T15:42:41.2321478+01:00" testType="13cdc9d9-ddb5-4fa4-a97d-d965ccfc6d4b" outcome="Passed" testListId="8c84fa94-04c1-424b-9868-57a2d4851a1d" relativeResultsDirectory="99159fdf-140c-4d92-a80f-2c56356077ae" />
    <UnitTestResult executionId="ff2fe4b0-daf0-46bf-a53e-389bb01ffcb3" testId="d0b2304e-f546-20e2-91f8-f1686494292c" testName="ConfigurationItemPath_Create_InvalidPath_ArgumentException (Data Row 2)" computerName="DKSR-EFI-06" duration="00:00:00.0002899" startTime="2024-01-09T15:42:33.4352289+01:00" endTime="2024-01-09T15:42:33.4352289+01:00" testType="13cdc9d9-ddb5-4fa4-a97d-d965ccfc6d4b" outcome="Passed" testListId="8c84fa94-04c1-424b-9868-57a2d4851a1d" relativeResultsDirectory="ff2fe4b0-daf0-46bf-a53e-389bb01ffcb3" />
    <UnitTestResult executionId="f1a20096-c37d-4ce9-85d5-7427e411abae" testId="9a0b9aa3-f2fa-cf33-f17c-05c44de0a7c0" testName="SendCommandSecurityVisitor_ServerFileSystemOperationCommand_QueryRecorderDrives_Allowed" computerName="DKSR-EFI-06" duration="00:00:00.0014261" startTime="2024-01-09T15:42:22.5758386+01:00" endTime="2024-01-09T15:42:22.5758386+01:00" testType="13cdc9d9-ddb5-4fa4-a97d-d965ccfc6d4b" outcome="Passed" testListId="8c84fa94-04c1-424b-9868-57a2d4851a1d" relativeResultsDirectory="f1a20096-c37d-4ce9-85d5-7427e411abae" />
    <UnitTestResult executionId="2f132994-8fcc-4f46-aad7-22de3dac3cbf" testId="15e86cd5-9b4c-352d-dda3-7d495866ce86" testName="IsComplete_WhenOutsideTimeProfileButNoTimeProfilePropertiesSet_ReturnsFalse" computerName="DKSR-EFI-06" duration="00:00:00.0004475" startTime="2024-01-09T15:42:34.7477403+01:00" endTime="2024-01-09T15:42:34.7477403+01:00" testType="13cdc9d9-ddb5-4fa4-a97d-d965ccfc6d4b" outcome="Passed" testListId="8c84fa94-04c1-424b-9868-57a2d4851a1d" relativeResultsDirectory="2f132994-8fcc-4f46-aad7-22de3dac3cbf" />
    <UnitTestResult executionId="9d7889c6-1742-4265-887c-3c84e92f8586" testId="f6aecffb-1eec-b3f0-ac11-f8bbd0c05dc4" testName="GetXml_WhenConditionIsOutsideTimeProfile_MatchesXml" computerName="DKSR-EFI-06" duration="00:00:00.0015647" startTime="2024-01-09T15:42:38.7790113+01:00" endTime="2024-01-09T15:42:38.7790113+01:00" testType="13cdc9d9-ddb5-4fa4-a97d-d965ccfc6d4b" outcome="Passed" testListId="8c84fa94-04c1-424b-9868-57a2d4851a1d" relativeResultsDirectory="9d7889c6-1742-4265-887c-3c84e92f8586" />
    <UnitTestResult executionId="58b7b788-2f87-49d4-a632-a16a851033cb" testId="9adce9cb-081e-1c2f-57a1-1a052ebae84b" testName="Validation_GridRegion_Empty_String_When_Size_Is_Not_Specified_ArgumentException_Expected" computerName="DKSR-EFI-06" duration="00:00:00.0004456" startTime="2024-01-09T15:42:26.2320922+01:00" endTime="2024-01-09T15:42:26.2320922+01:00" testType="13cdc9d9-ddb5-4fa4-a97d-d965ccfc6d4b" outcome="Passed" testListId="8c84fa94-04c1-424b-9868-57a2d4851a1d" relativeResultsDirectory="58b7b788-2f87-49d4-a632-a16a851033cb" />
    <UnitTestResult executionId="8277c596-4195-4520-b831-76bd3036650a" testId="1c572c4d-3a64-624e-c2df-32547db77b08" testName="InvokeMethod_GetAudioFileContent_UnknownFileTest" computerName="DKSR-EFI-06" duration="00:00:00.0006489" startTime="2024-01-09T15:42:41.6852708+01:00" endTime="2024-01-09T15:42:41.6852708+01:00" testType="13cdc9d9-ddb5-4fa4-a97d-d965ccfc6d4b" outcome="Passed" testListId="8c84fa94-04c1-424b-9868-57a2d4851a1d" relativeResultsDirectory="8277c596-4195-4520-b831-76bd3036650a" />
    <UnitTestResult executionId="4a96e225-4e96-4df1-b535-7b10023c9c1d" testId="449326ac-5cac-47b2-01ee-78bea2276ab0" testName="GetNextProperties_AllPropertiesPresentWithValues_ReturnsEmptyList" computerName="DKSR-EFI-06" duration="00:00:00.0010207" startTime="2024-01-09T15:42:35.3414915+01:00" endTime="2024-01-09T15:42:35.3414915+01:00" testType="13cdc9d9-ddb5-4fa4-a97d-d965ccfc6d4b" outcome="Passed" testListId="8c84fa94-04c1-424b-9868-57a2d4851a1d" relativeResultsDirectory="4a96e225-4e96-4df1-b535-7b10023c9c1d" />
    <UnitTestResult executionId="e305688f-5cd1-494b-afd8-1423d8b8a541" testId="d52bf258-f9b3-0173-e716-c18c9db5dc52" testName="GetChildItems_SunnyDayTest" computerName="DKSR-EFI-06" duration="00:00:00.0002526" startTime="2024-01-09T15:42:41.5133964+01:00" endTime="2024-01-09T15:42:41.5133964+01:00" testType="13cdc9d9-ddb5-4fa4-a97d-d965ccfc6d4b" outcome="Passed" testListId="8c84fa94-04c1-424b-9868-57a2d4851a1d" relativeResultsDirectory="e305688f-5cd1-494b-afd8-1423d8b8a541" />
    <UnitTestResult executionId="cada4883-4792-484d-929a-4b6a7589252b" testId="4a86cf27-3f06-0062-647a-63b76458b83b" testName="InvokeMethod_ParamNullCheck_RequestContextTest" computerName="DKSR-EFI-06" duration="00:00:00.0006150" startTime="2024-01-09T15:42:41.7477704+01:00" endTime="2024-01-09T15:42:41.7477704+01:00" testType="13cdc9d9-ddb5-4fa4-a97d-d965ccfc6d4b" outcome="Passed" testListId="8c84fa94-04c1-424b-9868-57a2d4851a1d" relativeResultsDirectory="cada4883-4792-484d-929a-4b6a7589252b" />
    <UnitTestResult executionId="c30897ac-0cda-4051-9b26-87efb76071e4" testId="19ea6c41-388d-476a-b65a-dd2825a5c8e8" testName="TaskEdgeStorageSecurityProvider_Read_Check_Not_Allowed" computerName="DKSR-EFI-06" duration="00:00:00.0009816" startTime="2024-01-09T15:42:32.9508553+01:00" endTime="2024-01-09T15:42:32.9508553+01:00" testType="13cdc9d9-ddb5-4fa4-a97d-d965ccfc6d4b" outcome="Passed" testListId="8c84fa94-04c1-424b-9868-57a2d4851a1d" relativeResultsDirectory="c30897ac-0cda-4051-9b26-87efb76071e4" />
    <UnitTestResult executionId="27a8ff06-a736-4516-a2d2-fbdb6ddb0e0b" testId="7a3fa8f7-d8a2-fa3d-2bd0-5aa509fb8f3d" testName="TimeProfile_WhenIncorrectGuidFormat_Error" computerName="DKSR-EFI-06" duration="00:00:00.0015117" startTime="2024-01-09T15:42:36.8258742+01:00" endTime="2024-01-09T15:42:36.8258742+01:00" testType="13cdc9d9-ddb5-4fa4-a97d-d965ccfc6d4b" outcome="Passed" testListId="8c84fa94-04c1-424b-9868-57a2d4851a1d" relativeResultsDirectory="27a8ff06-a736-4516-a2d2-fbdb6ddb0e0b" />
    <UnitTestResult executionId="8494f0a1-cecb-4f0e-9072-48cc124063d3" testId="2b6fe144-0ba4-184f-5800-2dfcbffc132d" testName="IncorrectParamaterChecks" computerName="DKSR-EFI-06" duration="00:00:00.0036770" startTime="2024-01-09T15:42:29.5445892+01:00" endTime="2024-01-09T15:42:29.5445892+01:00" testType="13cdc9d9-ddb5-4fa4-a97d-d965ccfc6d4b" outcome="Passed" testListId="8c84fa94-04c1-424b-9868-57a2d4851a1d" relativeResultsDirectory="8494f0a1-cecb-4f0e-9072-48cc124063d3" />
    <UnitTestResult executionId="6d40a2b9-73b7-4014-a57a-1254fd63d659" testId="6fd4a7dd-6c3c-37d3-ba53-e927fba5edff" testName="QuerySearchTemplate_ParamNullCheck_RequestContext" computerName="DKSR-EFI-06" duration="00:00:00.0023538" startTime="2024-01-09T15:42:43.6384066+01:00" endTime="2024-01-09T15:42:43.6540289+01:00" testType="13cdc9d9-ddb5-4fa4-a97d-d965ccfc6d4b" outcome="Passed" testListId="8c84fa94-04c1-424b-9868-57a2d4851a1d" relativeResultsDirectory="6d40a2b9-73b7-4014-a57a-1254fd63d659" />
    <UnitTestResult executionId="72551b05-5961-412e-a503-f0424addb481" testId="851b8dc3-3960-8449-c0a5-22a7295268f5" testName="Test_Hierarchy_Root_User_Allowed_Read" computerName="DKSR-EFI-06" duration="00:00:00.0024872" startTime="2024-01-09T15:42:18.6852102+01:00" endTime="2024-01-09T15:42:18.6852102+01:00" testType="13cdc9d9-ddb5-4fa4-a97d-d965ccfc6d4b" outcome="Passed" testListId="8c84fa94-04c1-424b-9868-57a2d4851a1d" relativeResultsDirectory="72551b05-5961-412e-a503-f0424addb481" />
    <UnitTestResult executionId="a6a35721-8d0c-4881-978e-67a1bccb44c6" testId="a78783d1-b3ed-b402-1f4b-9e230c7bd35e" testName="GetVmsUserByName_ThrowException_ThrowsGenericIdpException" computerName="DKSR-EFI-06" duration="00:00:00.0016424" startTime="2024-01-09T15:42:33.2164788+01:00" endTime="2024-01-09T15:42:33.2164788+01:00" testType="13cdc9d9-ddb5-4fa4-a97d-d965ccfc6d4b" outcome="Passed" testListId="8c84fa94-04c1-424b-9868-57a2d4851a1d" relativeResultsDirectory="a6a35721-8d0c-4881-978e-67a1bccb44c6" />
    <UnitTestResult executionId="89345d55-31c2-40c6-bee1-1710a56bfc70" testId="6f3af0d6-e706-9282-5ab2-b761422d8887" testName="ValidateItem_InvalidParentPathTest" computerName="DKSR-EFI-06" duration="00:00:00.0005360" startTime="2024-01-09T15:42:41.6071457+01:00" endTime="2024-01-09T15:42:41.6227708+01:00" testType="13cdc9d9-ddb5-4fa4-a97d-d965ccfc6d4b" outcome="Passed" testListId="8c84fa94-04c1-424b-9868-57a2d4851a1d" relativeResultsDirectory="89345d55-31c2-40c6-bee1-1710a56bfc70" />
    <UnitTestResult executionId="5af830ab-968b-4f8e-9eaa-c46363e3011f" testId="f893917c-3e3d-b650-9013-9dce08e52a48" testName="ConfigurationItemPath_CreateItemPath_InvalidId_ArgumentException (Data Row 1)" computerName="DKSR-EFI-06" duration="00:00:00.0005974" startTime="2024-01-09T15:42:33.4664816+01:00" endTime="2024-01-09T15:42:33.4821078+01:00" testType="13cdc9d9-ddb5-4fa4-a97d-d965ccfc6d4b" outcome="Passed" testListId="8c84fa94-04c1-424b-9868-57a2d4851a1d" relativeResultsDirectory="5af830ab-968b-4f8e-9eaa-c46363e3011f">
      <Output>
        <StdOut>Debug Trace:&#xD;
Fail: Argument not a valid id</StdOut>
      </Output>
    </UnitTestResult>
    <UnitTestResult executionId="a2465c90-4c64-42db-9ee7-77cc01700d5e" testId="ec82da12-4c82-cf2a-f24b-05b9ec4ae751" testName="ValidateItem_Properties_MissingNameTest" computerName="DKSR-EFI-06" duration="00:00:00.0008977" startTime="2024-01-09T15:42:41.6227708+01:00" endTime="2024-01-09T15:42:41.6227708+01:00" testType="13cdc9d9-ddb5-4fa4-a97d-d965ccfc6d4b" outcome="Passed" testListId="8c84fa94-04c1-424b-9868-57a2d4851a1d" relativeResultsDirectory="a2465c90-4c64-42db-9ee7-77cc01700d5e" />
    <UnitTestResult executionId="c2375357-fe64-46a0-ba55-b6322baa6fdd" testId="03025800-ebbd-f886-1122-a484e1fcefe0" testName="PerformanceCounterUpdatesManager_UpdatePerformanceConfig" computerName="DKSR-EFI-06" duration="00:00:00.0077638" startTime="2024-01-09T15:42:17.8570849+01:00" endTime="2024-01-09T15:42:17.8727101+01:00" testType="13cdc9d9-ddb5-4fa4-a97d-d965ccfc6d4b" outcome="Passed" testListId="8c84fa94-04c1-424b-9868-57a2d4851a1d" relativeResultsDirectory="c2375357-fe64-46a0-ba55-b6322baa6fdd" />
    <UnitTestResult executionId="767c6de2-949c-42c9-916b-678728a483fd" testId="8ed9a550-e0a9-ca24-4d8f-092032052964" testName="TryParseConditions_WhenTokenNodeHasNoTypeAttribute_ReturnsFalse" computerName="DKSR-EFI-06" duration="00:00:00.0002386" startTime="2024-01-09T15:42:38.7477608+01:00" endTime="2024-01-09T15:42:38.7477608+01:00" testType="13cdc9d9-ddb5-4fa4-a97d-d965ccfc6d4b" outcome="Passed" testListId="8c84fa94-04c1-424b-9868-57a2d4851a1d" relativeResultsDirectory="767c6de2-949c-42c9-916b-678728a483fd" />
    <UnitTestResult executionId="defc7247-d9c8-42bc-bdd4-a9a2e061c85a" testId="81550f12-6343-c6e9-f91c-b54f67923ef3" testName="ValidateItem_WhenPathIdDifferentFromModelId_Error" computerName="DKSR-EFI-06" duration="00:00:00.0043355" startTime="2024-01-09T15:42:34.0446109+01:00" endTime="2024-01-09T15:42:34.0602385+01:00" testType="13cdc9d9-ddb5-4fa4-a97d-d965ccfc6d4b" outcome="Passed" testListId="8c84fa94-04c1-424b-9868-57a2d4851a1d" relativeResultsDirectory="defc7247-d9c8-42bc-bdd4-a9a2e061c85a" />
    <UnitTestResult executionId="774ecdc5-4276-44f7-8c95-6139afc42614" testId="91efdb4a-b114-e47a-5ea1-bc0b22f7a63b" testName="Validate_WhenObjectNotExists_ReturnsFalse" computerName="DKSR-EFI-06" duration="00:00:00.0023940" startTime="2024-01-09T15:42:37.7321293+01:00" endTime="2024-01-09T15:42:37.7321293+01:00" testType="13cdc9d9-ddb5-4fa4-a97d-d965ccfc6d4b" outcome="Passed" testListId="8c84fa94-04c1-424b-9868-57a2d4851a1d" relativeResultsDirectory="774ecdc5-4276-44f7-8c95-6139afc42614" />
    <UnitTestResult executionId="24067291-3bb9-40ec-952e-a69b4eb24b38" testId="11dabaef-ad73-80ae-cd49-c4c8f036352a" testName="SystemSettingsManager_HasSetting_False" computerName="DKSR-EFI-06" duration="00:00:00.0001217" startTime="2024-01-09T15:42:25.5914637+01:00" endTime="2024-01-09T15:42:25.5914637+01:00" testType="13cdc9d9-ddb5-4fa4-a97d-d965ccfc6d4b" outcome="Passed" testListId="8c84fa94-04c1-424b-9868-57a2d4851a1d" relativeResultsDirectory="24067291-3bb9-40ec-952e-a69b4eb24b38" />
    <UnitTestResult executionId="4e3871c1-d9db-4e83-b4c3-9b9f4226e7b6" testId="e89616c3-a9e2-231d-73e0-c4cb1e6e83c4" testName="GetItem_BasicOwnerInformation_SunnyDay" computerName="DKSR-EFI-06" duration="00:00:00.0006469" startTime="2024-01-09T15:42:39.6071384+01:00" endTime="2024-01-09T15:42:39.6071384+01:00" testType="13cdc9d9-ddb5-4fa4-a97d-d965ccfc6d4b" outcome="Passed" testListId="8c84fa94-04c1-424b-9868-57a2d4851a1d" relativeResultsDirectory="4e3871c1-d9db-4e83-b4c3-9b9f4226e7b6" />
    <UnitTestResult executionId="ea55352a-ed29-4ded-b973-70f0987e84dd" testId="8904ab84-e6cc-573d-8d92-3fd09bce692d" testName="Get_KnownResourceType_TasksIncluded_ReturnsJsonIncludingTaskListFromSubController" computerName="DKSR-EFI-06" duration="00:00:00.0158292" startTime="2024-01-09T15:42:27.4820885+01:00" endTime="2024-01-09T15:42:27.4977601+01:00" testType="13cdc9d9-ddb5-4fa4-a97d-d965ccfc6d4b" outcome="Passed" testListId="8c84fa94-04c1-424b-9868-57a2d4851a1d" relativeResultsDirectory="ea55352a-ed29-4ded-b973-70f0987e84dd" />
    <UnitTestResult executionId="edb8cfed-bc68-4753-b21e-f2064c8f9004" testId="0f4b3fb3-1649-3486-4b10-9188fce87c76" testName="GetChildItems_ParamNullCheck_PathTest" computerName="DKSR-EFI-06" duration="00:00:00.0005936" startTime="2024-01-09T15:42:41.7008964+01:00" endTime="2024-01-09T15:42:41.7165206+01:00" testType="13cdc9d9-ddb5-4fa4-a97d-d965ccfc6d4b" outcome="Passed" testListId="8c84fa94-04c1-424b-9868-57a2d4851a1d" relativeResultsDirectory="edb8cfed-bc68-4753-b21e-f2064c8f9004" />
    <UnitTestResult executionId="222280f4-3655-4f20-81b1-f84a3fa1fc2c" testId="9acd0353-3fae-f8d4-33dd-3ee3ad210a00" testName="Build_WhenActionIsVideoWallSetToCameras_ReturnsRuleModel" computerName="DKSR-EFI-06" duration="00:00:00.0048524" startTime="2024-01-09T15:42:39.2321380+01:00" endTime="2024-01-09T15:42:39.2321380+01:00" testType="13cdc9d9-ddb5-4fa4-a97d-d965ccfc6d4b" outcome="Passed" testListId="8c84fa94-04c1-424b-9868-57a2d4851a1d" relativeResultsDirectory="222280f4-3655-4f20-81b1-f84a3fa1fc2c" />
    <UnitTestResult executionId="4f0e28fd-2de9-4645-a676-3a364cd3fcd0" testId="0333d46d-5d86-b0f5-6854-51377d198f55" testName="DriverSettingsBusiness_PrepareAndValidateSettings_ValueOutOfRangeException (Data Row 4)" computerName="DKSR-EFI-06" duration="00:00:00.0141122" startTime="2024-01-09T15:42:32.5446004+01:00" endTime="2024-01-09T15:42:32.7164754+01:00" testType="13cdc9d9-ddb5-4fa4-a97d-d965ccfc6d4b" outcome="Passed" testListId="8c84fa94-04c1-424b-9868-57a2d4851a1d" relativeResultsDirectory="4f0e28fd-2de9-4645-a676-3a364cd3fcd0" />
    <UnitTestResult executionId="ff9542d5-a0fd-4e84-aa2c-2346fab81272" testId="a1298a01-03bd-8711-abbe-64c225a89283" testName="Invoke_RequestLicense_SunnyDay" computerName="DKSR-EFI-06" duration="00:00:00.0109887" startTime="2024-01-09T15:42:40.5915182+01:00" endTime="2024-01-09T15:42:40.6071444+01:00" testType="13cdc9d9-ddb5-4fa4-a97d-d965ccfc6d4b" outcome="Passed" testListId="8c84fa94-04c1-424b-9868-57a2d4851a1d" relativeResultsDirectory="ff9542d5-a0fd-4e84-aa2c-2346fab81272" />
    <UnitTestResult executionId="f7cf94da-2b4a-4187-a8ae-addd8bf4af4f" testId="60232027-70b9-b2a6-bbb1-aecf36506e7e" testName="IsComplete_WhenTimeBetweenWithStartTimeAndEndTimePropertiesSet_ReturnsTrue" computerName="DKSR-EFI-06" duration="00:00:00.0004713" startTime="2024-01-09T15:42:34.7633639+01:00" endTime="2024-01-09T15:42:34.7633639+01:00" testType="13cdc9d9-ddb5-4fa4-a97d-d965ccfc6d4b" outcome="Passed" testListId="8c84fa94-04c1-424b-9868-57a2d4851a1d" relativeResultsDirectory="f7cf94da-2b4a-4187-a8ae-addd8bf4af4f" />
    <UnitTestResult executionId="2763380f-a5fc-4f4b-8fee-adef21ed39d3" testId="3e8f6c31-dcca-f9fc-7f4c-1eb9aa99d288" testName="Build_WhenTimeBetweenCondition_ReturnsTimeBetweenPropertiesSet" computerName="DKSR-EFI-06" duration="00:00:00.0014171" startTime="2024-01-09T15:42:36.3571227+01:00" endTime="2024-01-09T15:42:36.3571227+01:00" testType="13cdc9d9-ddb5-4fa4-a97d-d965ccfc6d4b" outcome="Passed" testListId="8c84fa94-04c1-424b-9868-57a2d4851a1d" relativeResultsDirectory="2763380f-a5fc-4f4b-8fee-adef21ed39d3" />
    <UnitTestResult executionId="2bdc7435-5d29-4a20-952e-6a6bc5a7e359" testId="382e7cc3-7949-9a85-f2be-b657e6b68d0d" testName="Validation_GridRegion_String_Contains_Invalid_Characters_ArgumentException_Expected" computerName="DKSR-EFI-06" duration="00:00:00.0004667" startTime="2024-01-09T15:42:26.2164647+01:00" endTime="2024-01-09T15:42:26.2164647+01:00" testType="13cdc9d9-ddb5-4fa4-a97d-d965ccfc6d4b" outcome="Passed" testListId="8c84fa94-04c1-424b-9868-57a2d4851a1d" relativeResultsDirectory="2bdc7435-5d29-4a20-952e-6a6bc5a7e359" />
    <UnitTestResult executionId="08ac12da-acc3-486f-b505-f7f49da4d53f" testId="e15f6a8c-1377-a124-766a-b347c340cd00" testName="AsyncRetryExecutionRetryCancelTest" computerName="DKSR-EFI-06" duration="00:00:00.0135040" startTime="2024-01-09T15:42:43.2165262+01:00" endTime="2024-01-09T15:42:43.2321553+01:00" testType="13cdc9d9-ddb5-4fa4-a97d-d965ccfc6d4b" outcome="Passed" testListId="8c84fa94-04c1-424b-9868-57a2d4851a1d" relativeResultsDirectory="08ac12da-acc3-486f-b505-f7f49da4d53f" />
    <UnitTestResult executionId="4ca1e50c-8871-4fee-bd19-c4e4616679f2" testId="d7c2ada1-b956-f878-91cd-727439837db5" testName="Validate_WhenParametersValidatorReturnsValidationError_Error" computerName="DKSR-EFI-06" duration="00:00:00.0054341" startTime="2024-01-09T15:42:36.7321249+01:00" endTime="2024-01-09T15:42:36.7477507+01:00" testType="13cdc9d9-ddb5-4fa4-a97d-d965ccfc6d4b" outcome="Passed" testListId="8c84fa94-04c1-424b-9868-57a2d4851a1d" relativeResultsDirectory="4ca1e50c-8871-4fee-bd19-c4e4616679f2" />
    <UnitTestResult executionId="529d46dd-af5f-46b0-9468-e6544d30cec3" testId="f6c90f84-5688-c51b-d9ec-6eef208623aa" testName="TestRootWriteAllowed" computerName="DKSR-EFI-06" duration="00:00:00.0008242" startTime="2024-01-09T15:42:18.6695837+01:00" endTime="2024-01-09T15:42:18.6695837+01:00" testType="13cdc9d9-ddb5-4fa4-a97d-d965ccfc6d4b" outcome="Passed" testListId="8c84fa94-04c1-424b-9868-57a2d4851a1d" relativeResultsDirectory="529d46dd-af5f-46b0-9468-e6544d30cec3" />
    <UnitTestResult executionId="9efda2c7-896c-4f18-99e2-0f1eb83f5573" testId="0b535412-0aa9-a959-6b27-4d21a170181a" testName="Validate_WithIncorrectId_ReturnsFalse" computerName="DKSR-EFI-06" duration="00:00:00.0003737" startTime="2024-01-09T15:42:37.7008844+01:00" endTime="2024-01-09T15:42:37.7008844+01:00" testType="13cdc9d9-ddb5-4fa4-a97d-d965ccfc6d4b" outcome="Passed" testListId="8c84fa94-04c1-424b-9868-57a2d4851a1d" relativeResultsDirectory="9efda2c7-896c-4f18-99e2-0f1eb83f5573" />
    <UnitTestResult executionId="1c59a05a-7026-4338-9027-e0d9bb19e9fd" testId="511fce8a-04b2-f37b-2332-049c158b0d26" testName="SidUtilityNewBasicUserSidTest" computerName="DKSR-EFI-06" duration="00:00:00.0046927" startTime="2024-01-09T15:42:32.7477255+01:00" endTime="2024-01-09T15:42:32.7477255+01:00" testType="13cdc9d9-ddb5-4fa4-a97d-d965ccfc6d4b" outcome="Passed" testListId="8c84fa94-04c1-424b-9868-57a2d4851a1d" relativeResultsDirectory="1c59a05a-7026-4338-9027-e0d9bb19e9fd" />
    <UnitTestResult executionId="2e00a284-f048-408a-97a6-223d735a1be0" testId="defd2de0-9152-e075-fca5-d8526e282dd9" testName="InvokeMethod_AddAudioFile_VmoServerExceptionTest" computerName="DKSR-EFI-06" duration="00:00:00.0013417" startTime="2024-01-09T15:42:41.7946449+01:00" endTime="2024-01-09T15:42:41.8102716+01:00" testType="13cdc9d9-ddb5-4fa4-a97d-d965ccfc6d4b" outcome="Passed" testListId="8c84fa94-04c1-424b-9868-57a2d4851a1d" relativeResultsDirectory="2e00a284-f048-408a-97a6-223d735a1be0" />
    <UnitTestResult executionId="bd88bc79-8cbc-4ff5-8e8c-8e97f06ab110" testId="bef53346-c8d5-ee56-a432-1e4987507426" testName="Invoke_RemoveTag_InvalidId" computerName="DKSR-EFI-06" duration="00:00:00.0020149" startTime="2024-01-09T15:42:39.6540122+01:00" endTime="2024-01-09T15:42:39.6540122+01:00" testType="13cdc9d9-ddb5-4fa4-a97d-d965ccfc6d4b" outcome="Passed" testListId="8c84fa94-04c1-424b-9868-57a2d4851a1d" relativeResultsDirectory="bd88bc79-8cbc-4ff5-8e8c-8e97f06ab110" />
    <UnitTestResult executionId="485a63fe-7a83-4294-b731-82aa2cf4e5ba" testId="d22ca329-c2dd-5a00-72d3-64f886f87544" testName="DeviceTypeLookup_QueryDeviceTypeFromDeviceId_NoCache_Success" computerName="DKSR-EFI-06" duration="00:00:00.2058796" startTime="2024-01-09T15:42:18.0914586+01:00" endTime="2024-01-09T15:42:18.2945834+01:00" testType="13cdc9d9-ddb5-4fa4-a97d-d965ccfc6d4b" outcome="Passed" testListId="8c84fa94-04c1-424b-9868-57a2d4851a1d" relativeResultsDirectory="485a63fe-7a83-4294-b731-82aa2cf4e5ba" />
    <UnitTestResult executionId="352ab164-1ed6-4cfb-99dd-a362b3e3c020" testId="da291fbf-b206-5732-f797-a9f0d2101a08" testName="GetItemType_WhenAnySource_ReturnsCorrectItemType" computerName="DKSR-EFI-06" duration="00:00:00.0020776" startTime="2024-01-09T15:42:37.9352577+01:00" endTime="2024-01-09T15:42:37.9352577+01:00" testType="13cdc9d9-ddb5-4fa4-a97d-d965ccfc6d4b" outcome="Passed" testListId="8c84fa94-04c1-424b-9868-57a2d4851a1d" relativeResultsDirectory="352ab164-1ed6-4cfb-99dd-a362b3e3c020" />
    <UnitTestResult executionId="4ec825ea-7015-4873-8767-40ea96ada6cd" testId="c2ff30c8-a8d7-3559-cc42-cc41f2ba44ca" testName="GetNextProperties_WhenStartRuleIsRecurringTime_ReturnsEnumWithNoneValue" computerName="DKSR-EFI-06" duration="00:00:00.0026896" startTime="2024-01-09T15:42:35.4667646+01:00" endTime="2024-01-09T15:42:35.4667646+01:00" testType="13cdc9d9-ddb5-4fa4-a97d-d965ccfc6d4b" outcome="Passed" testListId="8c84fa94-04c1-424b-9868-57a2d4851a1d" relativeResultsDirectory="4ec825ea-7015-4873-8767-40ea96ada6cd" />
    <UnitTestResult executionId="217fc920-9385-4477-9806-43344a79cc78" testId="57c3a769-0916-b03b-a68b-2227c68d1936" testName="ConfigurationAPIExceptionUtilities_HandleException_ConvertToFault" computerName="DKSR-EFI-06" duration="00:00:00.0078712" startTime="2024-01-09T15:42:33.2946054+01:00" endTime="2024-01-09T15:42:33.3102294+01:00" testType="13cdc9d9-ddb5-4fa4-a97d-d965ccfc6d4b" outcome="Passed" testListId="8c84fa94-04c1-424b-9868-57a2d4851a1d" relativeResultsDirectory="217fc920-9385-4477-9806-43344a79cc78" />
    <UnitTestResult executionId="a224c509-7b20-43b8-9236-f244c750ec60" testId="a97b688a-b418-9b85-110e-573b31f42e7b" testName="InvokeMethod_ParamNullCheck_ParentPathTest" computerName="DKSR-EFI-06" duration="00:00:00.0005147" startTime="2024-01-09T15:42:41.7633956+01:00" endTime="2024-01-09T15:42:41.7633956+01:00" testType="13cdc9d9-ddb5-4fa4-a97d-d965ccfc6d4b" outcome="Passed" testListId="8c84fa94-04c1-424b-9868-57a2d4851a1d" relativeResultsDirectory="a224c509-7b20-43b8-9236-f244c750ec60" />
    <UnitTestResult executionId="3848890d-c113-4f5f-a135-332b6c3bafb1" testId="0e4bc561-ac6f-ae7f-614e-05e2e2593b00" testName="CreateSearchTemplateFind_Public_Allowed" computerName="DKSR-EFI-06" duration="00:00:00.0056538" startTime="2024-01-09T15:42:43.6071537+01:00" endTime="2024-01-09T15:42:43.6071537+01:00" testType="13cdc9d9-ddb5-4fa4-a97d-d965ccfc6d4b" outcome="Passed" testListId="8c84fa94-04c1-424b-9868-57a2d4851a1d" relativeResultsDirectory="3848890d-c113-4f5f-a135-332b6c3bafb1" />
    <UnitTestResult executionId="3db0473f-a159-442b-b42e-7597784e3340" testId="e9b42158-e62c-3741-8e5a-e6f026f1273e" testName="ServerProxyService_GetDevicesByHardwareId_NotAllowed_RowRemoved" computerName="DKSR-EFI-06" duration="00:00:00.0160079" startTime="2024-01-09T15:42:25.1070877+01:00" endTime="2024-01-09T15:42:25.1383385+01:00" testType="13cdc9d9-ddb5-4fa4-a97d-d965ccfc6d4b" outcome="Passed" testListId="8c84fa94-04c1-424b-9868-57a2d4851a1d" relativeResultsDirectory="3db0473f-a159-442b-b42e-7597784e3340" />
    <UnitTestResult executionId="b7ef14bf-e46d-42a8-bafb-5e9d14575782" testId="6ec3c7f1-218d-1d91-3cae-80e2498875ad" testName="Build_WhenDeviceChangeSettings_ReturnsProperties" computerName="DKSR-EFI-06" duration="00:00:00.0078234" startTime="2024-01-09T15:42:36.0133709+01:00" endTime="2024-01-09T15:42:36.0289969+01:00" testType="13cdc9d9-ddb5-4fa4-a97d-d965ccfc6d4b" outcome="Passed" testListId="8c84fa94-04c1-424b-9868-57a2d4851a1d" relativeResultsDirectory="b7ef14bf-e46d-42a8-bafb-5e9d14575782" />
    <UnitTestResult executionId="618d4fe8-eb5a-4dce-82cd-50d95a0c4714" testId="fcd13f0a-a3ae-cad0-d99e-b90710be9326" testName="GetNextProperties_WhenEventStartRuleHasActionWithNoCounterAction_ReturnsProperties" computerName="DKSR-EFI-06" duration="00:00:00.0054078" startTime="2024-01-09T15:42:35.4352423+01:00" endTime="2024-01-09T15:42:35.4352423+01:00" testType="13cdc9d9-ddb5-4fa4-a97d-d965ccfc6d4b" outcome="Passed" testListId="8c84fa94-04c1-424b-9868-57a2d4851a1d" relativeResultsDirectory="618d4fe8-eb5a-4dce-82cd-50d95a0c4714" />
    <UnitTestResult executionId="03a58601-d5bf-4685-b9cc-bd4fc0079ab1" testId="847ab57d-e73c-f6a6-1693-54468268aacc" testName="GetItem_WhenPathIsItem_ReturnsMatchListItems" computerName="DKSR-EFI-06" duration="00:00:00.0151109" startTime="2024-01-09T15:42:39.4352634+01:00" endTime="2024-01-09T15:42:39.4508914+01:00" testType="13cdc9d9-ddb5-4fa4-a97d-d965ccfc6d4b" outcome="Passed" testListId="8c84fa94-04c1-424b-9868-57a2d4851a1d" relativeResultsDirectory="03a58601-d5bf-4685-b9cc-bd4fc0079ab1" />
    <UnitTestResult executionId="724c67ea-0e5f-4800-a1ed-d4877d64be67" testId="b4aca936-37ae-30df-264d-b8d2ee98c1e0" testName="UpdateSearchTemplate_ParamNullCheck_RequestContext" computerName="DKSR-EFI-06" duration="00:00:00.0013583" startTime="2024-01-09T15:42:43.7634029+01:00" endTime="2024-01-09T15:42:43.7634029+01:00" testType="13cdc9d9-ddb5-4fa4-a97d-d965ccfc6d4b" outcome="Passed" testListId="8c84fa94-04c1-424b-9868-57a2d4851a1d" relativeResultsDirectory="724c67ea-0e5f-4800-a1ed-d4877d64be67" />
    <UnitTestResult executionId="4dff1182-f99f-433a-8ef5-730520538539" testId="b4d41ccb-9d89-9259-c8d4-8c3b921acff8" testName="RetentionTimeRule_RuleActionAsync_StorageCountersOneDataCollector_ForecastCalledCheckingData" computerName="DKSR-EFI-06" duration="00:00:00.0119946" startTime="2024-01-09T15:42:44.1540306+01:00" endTime="2024-01-09T15:42:44.1696563+01:00" testType="13cdc9d9-ddb5-4fa4-a97d-d965ccfc6d4b" outcome="Passed" testListId="8c84fa94-04c1-424b-9868-57a2d4851a1d" relativeResultsDirectory="4dff1182-f99f-433a-8ef5-730520538539" />
    <UnitTestResult executionId="5961a8e5-3349-46c7-936f-710ee8d70a33" testId="b9280753-2888-aba1-9d95-d3df772e23d3" testName="InvokeMethod_ParamNullCheck_ParentPathTest" computerName="DKSR-EFI-06" duration="00:00:00.0005532" startTime="2024-01-09T15:42:41.6540217+01:00" endTime="2024-01-09T15:42:41.6540217+01:00" testType="13cdc9d9-ddb5-4fa4-a97d-d965ccfc6d4b" outcome="Passed" testListId="8c84fa94-04c1-424b-9868-57a2d4851a1d" relativeResultsDirectory="5961a8e5-3349-46c7-936f-710ee8d70a33" />
    <UnitTestResult executionId="1e60c3f3-79e3-4c6d-8406-65488f84b193" testId="59f14a21-84b4-b0dc-f7cc-6adeee16af00" testName="ConstructSqlSelect_Injection_ValueNotGuid" computerName="DKSR-EFI-06" duration="00:00:00.0005782" startTime="2024-01-09T15:42:33.7789819+01:00" endTime="2024-01-09T15:42:33.7789819+01:00" testType="13cdc9d9-ddb5-4fa4-a97d-d965ccfc6d4b" outcome="Passed" testListId="8c84fa94-04c1-424b-9868-57a2d4851a1d" relativeResultsDirectory="1e60c3f3-79e3-4c6d-8406-65488f84b193" />
    <UnitTestResult executionId="caf8b7aa-5157-4f8b-baee-2560ebc08560" testId="427128c1-7b17-3b38-6181-50373c299c2b" testName="GetChildItems_SearchTemplateFindPath_PathNotFoundException" computerName="DKSR-EFI-06" duration="00:00:00.0040887" startTime="2024-01-09T15:42:40.9196447+01:00" endTime="2024-01-09T15:42:40.9196447+01:00" testType="13cdc9d9-ddb5-4fa4-a97d-d965ccfc6d4b" outcome="Passed" testListId="8c84fa94-04c1-424b-9868-57a2d4851a1d" relativeResultsDirectory="caf8b7aa-5157-4f8b-baee-2560ebc08560" />
    <UnitTestResult executionId="d4d65ca3-3bdc-4003-99ab-7abd57aa24cf" testId="e3779122-dab2-cd1e-98dc-6385c95345ea" testName="GetNextProperties_WhenRecurring_NotAllFrequencyTypePropertiesSet_DailyFrequencySet_IgnoresDailyFrequency" computerName="DKSR-EFI-06" duration="00:00:00.0022122" startTime="2024-01-09T15:42:35.0758662+01:00" endTime="2024-01-09T15:42:35.0758662+01:00" testType="13cdc9d9-ddb5-4fa4-a97d-d965ccfc6d4b" outcome="Passed" testListId="8c84fa94-04c1-424b-9868-57a2d4851a1d" relativeResultsDirectory="d4d65ca3-3bdc-4003-99ab-7abd57aa24cf" />
    <UnitTestResult executionId="155736b9-eb9a-4f2a-ac62-117c4a65b3a7" testId="12011e1f-1386-fd1b-6c24-f2abbc3b624e" testName="SendCommandSecurityVisitor_RecorderStatusCommand_Allowed" computerName="DKSR-EFI-06" duration="00:00:00.0007125" startTime="2024-01-09T15:42:21.9977131+01:00" endTime="2024-01-09T15:42:21.9977131+01:00" testType="13cdc9d9-ddb5-4fa4-a97d-d965ccfc6d4b" outcome="Passed" testListId="8c84fa94-04c1-424b-9868-57a2d4851a1d" relativeResultsDirectory="155736b9-eb9a-4f2a-ac62-117c4a65b3a7" />
    <UnitTestResult executionId="68c2d1e3-2c52-493d-97cb-e5051faef053" testId="ca14a03f-72cc-323a-790c-0d952ad27d6c" testName="FindClosestNode_EmptyList_Test" computerName="DKSR-EFI-06" duration="00:00:00.0054297" startTime="2024-01-09T15:42:18.5445852+01:00" endTime="2024-01-09T15:42:18.5445852+01:00" testType="13cdc9d9-ddb5-4fa4-a97d-d965ccfc6d4b" outcome="Passed" testListId="8c84fa94-04c1-424b-9868-57a2d4851a1d" relativeResultsDirectory="68c2d1e3-2c52-493d-97cb-e5051faef053" />
    <UnitTestResult executionId="2e0976fe-2394-4b3d-9fd6-96ed114c37ee" testId="bbad579f-f64b-a27e-5081-38c4f10b1f25" testName="Validate_WhenEventTypeIsNotSet_Error" computerName="DKSR-EFI-06" duration="00:00:00.0022637" startTime="2024-01-09T15:42:36.8883759+01:00" endTime="2024-01-09T15:42:36.8883759+01:00" testType="13cdc9d9-ddb5-4fa4-a97d-d965ccfc6d4b" outcome="Passed" testListId="8c84fa94-04c1-424b-9868-57a2d4851a1d" relativeResultsDirectory="2e0976fe-2394-4b3d-9fd6-96ed114c37ee" />
    <UnitTestResult executionId="839d6338-a439-41e8-aeb3-e281d2fbfa7e" testId="f2d429aa-9d20-925f-2295-b5d569bf0af5" testName="SendCommandSecurityVisitor_SetUserSecurityTokenCommand_NotSupportedException" computerName="DKSR-EFI-06" duration="00:00:00.0032244" startTime="2024-01-09T15:42:21.8102136+01:00" endTime="2024-01-09T15:42:21.8102136+01:00" testType="13cdc9d9-ddb5-4fa4-a97d-d965ccfc6d4b" outcome="Passed" testListId="8c84fa94-04c1-424b-9868-57a2d4851a1d" relativeResultsDirectory="839d6338-a439-41e8-aeb3-e281d2fbfa7e" />
    <UnitTestResult executionId="990d6fe2-01a0-49eb-b4bc-eda8ecb7015a" testId="70e50c4c-853c-0fba-bc4c-9393c6159a5d" testName="InvokeResult_Error_Correct" computerName="DKSR-EFI-06" duration="00:00:00.0070493" startTime="2024-01-09T15:42:29.4977135+01:00" endTime="2024-01-09T15:42:29.4977135+01:00" testType="13cdc9d9-ddb5-4fa4-a97d-d965ccfc6d4b" outcome="Passed" testListId="8c84fa94-04c1-424b-9868-57a2d4851a1d" relativeResultsDirectory="990d6fe2-01a0-49eb-b4bc-eda8ecb7015a" />
    <UnitTestResult executionId="e4c7bb01-9b51-4121-b9ff-9fa7eb40c210" testId="2d547916-0c68-dbe6-b50a-13a5c59a03a8" testName="IsComplete_WhenTimeIntervalRule_DaysOfWeekPropertySetButNoDays_ReturnsTrue" computerName="DKSR-EFI-06" duration="00:00:00.0025296" startTime="2024-01-09T15:42:34.7164889+01:00" endTime="2024-01-09T15:42:34.7164889+01:00" testType="13cdc9d9-ddb5-4fa4-a97d-d965ccfc6d4b" outcome="Passed" testListId="8c84fa94-04c1-424b-9868-57a2d4851a1d" relativeResultsDirectory="e4c7bb01-9b51-4121-b9ff-9fa7eb40c210" />
    <UnitTestResult executionId="41f48009-1387-45de-af0f-c60a19602ba6" testId="a4ba3362-9c98-746c-6358-5af3e3bbdbc5" testName="AsyncRetryExecutionArgumentActionTest" computerName="DKSR-EFI-06" duration="00:00:00.0096271" startTime="2024-01-09T15:42:43.1540257+01:00" endTime="2024-01-09T15:42:43.1540257+01:00" testType="13cdc9d9-ddb5-4fa4-a97d-d965ccfc6d4b" outcome="Passed" testListId="8c84fa94-04c1-424b-9868-57a2d4851a1d" relativeResultsDirectory="41f48009-1387-45de-af0f-c60a19602ba6" />
    <UnitTestResult executionId="e489e8dd-8b65-45b8-b31c-cb5103244d84" testId="09cd5e45-0570-c979-76c3-832ea6deac02" testName="TimeProfile_WhenNoValuesInParameter_Error" computerName="DKSR-EFI-06" duration="00:00:00.0008504" startTime="2024-01-09T15:42:36.8102517+01:00" endTime="2024-01-09T15:42:36.8102517+01:00" testType="13cdc9d9-ddb5-4fa4-a97d-d965ccfc6d4b" outcome="Passed" testListId="8c84fa94-04c1-424b-9868-57a2d4851a1d" relativeResultsDirectory="e489e8dd-8b65-45b8-b31c-cb5103244d84" />
    <UnitTestResult executionId="473d77af-5747-4d91-9f7e-f4e647f445d8" testId="ec7958e5-6b27-ec74-be39-d284af62c103" testName="Validate_WhenPropertyNameInDefinitionIsNotSet_NameIsUsed" computerName="DKSR-EFI-06" duration="00:00:00.0005679" startTime="2024-01-09T15:42:37.1852540+01:00" endTime="2024-01-09T15:42:37.1852540+01:00" testType="13cdc9d9-ddb5-4fa4-a97d-d965ccfc6d4b" outcome="Passed" testListId="8c84fa94-04c1-424b-9868-57a2d4851a1d" relativeResultsDirectory="473d77af-5747-4d91-9f7e-f4e647f445d8" />
    <UnitTestResult executionId="cc1d54bd-9c2c-4420-9edc-59e55be97038" testId="1fc823fa-74ff-b3fe-4fa6-3b5fa05ec987" testName="TimeProfile_WhenGuidIsNotExisting_Error" computerName="DKSR-EFI-06" duration="00:00:00.0019590" startTime="2024-01-09T15:42:36.8414985+01:00" endTime="2024-01-09T15:42:36.8414985+01:00" testType="13cdc9d9-ddb5-4fa4-a97d-d965ccfc6d4b" outcome="Passed" testListId="8c84fa94-04c1-424b-9868-57a2d4851a1d" relativeResultsDirectory="cc1d54bd-9c2c-4420-9edc-59e55be97038" />
    <UnitTestResult executionId="69648824-c4ea-4b18-bae4-ccf9da8338c3" testId="38bc6cc2-d810-703c-6e85-b7c63e67668b" testName="SendCommandSecurityVisitor_UpdateSecurityManagerCommand_SecurityPermissionsDevice_Camera_Edit_Allowed" computerName="DKSR-EFI-06" duration="00:00:00.0236363" startTime="2024-01-09T15:42:21.0914847+01:00" endTime="2024-01-09T15:42:21.1070868+01:00" testType="13cdc9d9-ddb5-4fa4-a97d-d965ccfc6d4b" outcome="Passed" testListId="8c84fa94-04c1-424b-9868-57a2d4851a1d" relativeResultsDirectory="69648824-c4ea-4b18-bae4-ccf9da8338c3" />
    <UnitTestResult executionId="2cb5bfde-42e2-41c3-989c-79c4761c9a1e" testId="7ee2f8a1-7100-05f7-4399-0a99e2da8177" testName="Build_RecordAlwaysWhenDeviceDoesNotExist_PropertyAddedWithUnknownValue" computerName="DKSR-EFI-06" duration="00:00:00.0056715" startTime="2024-01-09T15:42:36.2321230+01:00" endTime="2024-01-09T15:42:36.2321230+01:00" testType="13cdc9d9-ddb5-4fa4-a97d-d965ccfc6d4b" outcome="Passed" testListId="8c84fa94-04c1-424b-9868-57a2d4851a1d" relativeResultsDirectory="2cb5bfde-42e2-41c3-989c-79c4761c9a1e" />
    <UnitTestResult executionId="73f186fa-e581-4f8b-bb55-8468fdcdc4df" testId="b973da1a-2e42-fe55-9475-2d140e6e0854" testName="DriverSettingsBusiness_PrepareAndValidateSettings_Success (Data Row 3)" computerName="DKSR-EFI-06" duration="00:00:00.0347148" startTime="2024-01-09T15:42:30.2633401+01:00" endTime="2024-01-09T15:42:32.2008497+01:00" testType="13cdc9d9-ddb5-4fa4-a97d-d965ccfc6d4b" outcome="Passed" testListId="8c84fa94-04c1-424b-9868-57a2d4851a1d" relativeResultsDirectory="73f186fa-e581-4f8b-bb55-8468fdcdc4df" />
    <UnitTestResult executionId="debcad27-28e9-4f2a-9017-0d09bd980835" testId="60048fd0-f628-2414-5f44-2abc735cad01" testName="GetItemType_WhenObjectNotExists_ReturnsNull" computerName="DKSR-EFI-06" duration="00:00:00.0016093" startTime="2024-01-09T15:42:38.0602562+01:00" endTime="2024-01-09T15:42:38.0758827+01:00" testType="13cdc9d9-ddb5-4fa4-a97d-d965ccfc6d4b" outcome="Passed" testListId="8c84fa94-04c1-424b-9868-57a2d4851a1d" relativeResultsDirectory="debcad27-28e9-4f2a-9017-0d09bd980835" />
    <UnitTestResult executionId="4897b5f3-39de-4dfa-8597-ef78f229ef94" testId="883779d0-7952-eb0c-c31e-1f8c5a8ba363" testName="Build_MoveToDefaultPresetParametersAreSet_PropertiesAdded" computerName="DKSR-EFI-06" duration="00:00:00.0095295" startTime="2024-01-09T15:42:36.2946725+01:00" endTime="2024-01-09T15:42:36.2946725+01:00" testType="13cdc9d9-ddb5-4fa4-a97d-d965ccfc6d4b" outcome="Passed" testListId="8c84fa94-04c1-424b-9868-57a2d4851a1d" relativeResultsDirectory="4897b5f3-39de-4dfa-8597-ef78f229ef94" />
    <UnitTestResult executionId="6f521c44-fed7-4491-becd-71434ed38d03" testId="524bfdaa-4ece-bf9b-09bf-d73bdaf697c2" testName="Validate_WhenObjectExists_ReturnsTrue" computerName="DKSR-EFI-06" duration="00:00:00.0045121" startTime="2024-01-09T15:42:38.2946344+01:00" endTime="2024-01-09T15:42:38.2946344+01:00" testType="13cdc9d9-ddb5-4fa4-a97d-d965ccfc6d4b" outcome="Passed" testListId="8c84fa94-04c1-424b-9868-57a2d4851a1d" relativeResultsDirectory="6f521c44-fed7-4491-becd-71434ed38d03" />
    <UnitTestResult executionId="31f4d96b-3104-4439-8dd2-bed3e10f31af" testId="b4dd6698-a7ed-7ac8-0f60-aeb20de576ed" testName="FindSearchTemplates_ByAllParams_ParamNullCheck_RequestContext" computerName="DKSR-EFI-06" duration="00:00:00.0010933" startTime="2024-01-09T15:42:43.5290276+01:00" endTime="2024-01-09T15:42:43.5290276+01:00" testType="13cdc9d9-ddb5-4fa4-a97d-d965ccfc6d4b" outcome="Passed" testListId="8c84fa94-04c1-424b-9868-57a2d4851a1d" relativeResultsDirectory="31f4d96b-3104-4439-8dd2-bed3e10f31af" />
    <UnitTestResult executionId="4032117b-444f-47c6-a043-a4267f4490dc" testId="137dcc65-2e31-9ad5-19c0-edb2c2b8948d" testName="Validate_ParamNullCheck3" computerName="DKSR-EFI-06" duration="00:00:00.0008706" startTime="2024-01-09T15:42:39.7008912+01:00" endTime="2024-01-09T15:42:39.7008912+01:00" testType="13cdc9d9-ddb5-4fa4-a97d-d965ccfc6d4b" outcome="Passed" testListId="8c84fa94-04c1-424b-9868-57a2d4851a1d" relativeResultsDirectory="4032117b-444f-47c6-a043-a4267f4490dc" />
    <UnitTestResult executionId="04c443fc-09d9-4ed1-bbf1-839634183c93" testId="75431804-87bd-07ee-2b8c-43f9a6a82b9f" testName="SystemSettingsManager_ConvertActivationCredentialsToClientValue_Success" computerName="DKSR-EFI-06" duration="00:00:00.0020447" startTime="2024-01-09T15:42:25.6695930+01:00" endTime="2024-01-09T15:42:25.6695930+01:00" testType="13cdc9d9-ddb5-4fa4-a97d-d965ccfc6d4b" outcome="Passed" testListId="8c84fa94-04c1-424b-9868-57a2d4851a1d" relativeResultsDirectory="04c443fc-09d9-4ed1-bbf1-839634183c93" />
    <UnitTestResult executionId="98dce285-0997-4129-954c-c6aa0af2fbcf" testId="53b7c9d1-f66c-a4d5-cce9-31acb67bd54b" testName="PropertyTypesHelperTests_GetValue_Success" computerName="DKSR-EFI-06" duration="00:00:00.0099793" startTime="2024-01-09T15:42:33.5602335+01:00" endTime="2024-01-09T15:42:33.5758568+01:00" testType="13cdc9d9-ddb5-4fa4-a97d-d965ccfc6d4b" outcome="Passed" testListId="8c84fa94-04c1-424b-9868-57a2d4851a1d" relativeResultsDirectory="98dce285-0997-4129-954c-c6aa0af2fbcf" />
    <UnitTestResult executionId="84d837f8-834a-4926-9353-c18404d492a7" testId="8ef6a5af-67d0-f48b-9c3e-b82bf1834e1f" testName="GetCurrentProperties_WhenRuleTypeNotSet_ReturnsNoProperties" computerName="DKSR-EFI-06" duration="00:00:00.0019463" startTime="2024-01-09T15:42:35.1539926+01:00" endTime="2024-01-09T15:42:35.1696178+01:00" testType="13cdc9d9-ddb5-4fa4-a97d-d965ccfc6d4b" outcome="Passed" testListId="8c84fa94-04c1-424b-9868-57a2d4851a1d" relativeResultsDirectory="84d837f8-834a-4926-9353-c18404d492a7" />
    <UnitTestResult executionId="3347947c-92fc-488e-a902-9fc65c05aa7e" testId="ea2458c0-9424-d64e-fc9f-cd714df52505" testName="GetCurrentProperties_WhenRuleTypeIsEvent_EventTypeNotPresent_ReturnsRuleTypeAndEventGroupProperties" computerName="DKSR-EFI-06" duration="00:00:00.0023539" startTime="2024-01-09T15:42:35.1852433+01:00" endTime="2024-01-09T15:42:35.2008657+01:00" testType="13cdc9d9-ddb5-4fa4-a97d-d965ccfc6d4b" outcome="Passed" testListId="8c84fa94-04c1-424b-9868-57a2d4851a1d" relativeResultsDirectory="3347947c-92fc-488e-a902-9fc65c05aa7e" />
    <UnitTestResult executionId="4518c631-b68d-480c-b98a-aac33262b50a" testId="09f4fafc-6253-3508-3c99-9b5886d6f67b" testName="InvokeResult_Idle_Correct" computerName="DKSR-EFI-06" duration="00:00:00.0062844" startTime="2024-01-09T15:42:29.4820893+01:00" endTime="2024-01-09T15:42:29.4977135+01:00" testType="13cdc9d9-ddb5-4fa4-a97d-d965ccfc6d4b" outcome="Passed" testListId="8c84fa94-04c1-424b-9868-57a2d4851a1d" relativeResultsDirectory="4518c631-b68d-480c-b98a-aac33262b50a" />
    <UnitTestResult executionId="0c563d5e-27ba-42f4-b40a-37fcf7a3d111" testId="fe15ed70-edb8-051c-0ed1-f61711a3e82b" testName="IsComplete_WhenRuleTypeIsEvent_NotAllEventRuleTypePropertiesSet_ReturnsFalse" computerName="DKSR-EFI-06" duration="00:00:00.0027965" startTime="2024-01-09T15:42:35.1227419+01:00" endTime="2024-01-09T15:42:35.1227419+01:00" testType="13cdc9d9-ddb5-4fa4-a97d-d965ccfc6d4b" outcome="Passed" testListId="8c84fa94-04c1-424b-9868-57a2d4851a1d" relativeResultsDirectory="0c563d5e-27ba-42f4-b40a-37fcf7a3d111" />
    <UnitTestResult executionId="3fdd60a6-1068-48ca-930e-a0019935248c" testId="f3ce5db2-b2fd-b6d1-3cd1-1d66b91f44f3" testName="Test_Hierarchy_MyFolder1_Object1_Denied_On_Root" computerName="DKSR-EFI-06" duration="00:00:00.0008465" startTime="2024-01-09T15:42:18.7008353+01:00" endTime="2024-01-09T15:42:18.7008353+01:00" testType="13cdc9d9-ddb5-4fa4-a97d-d965ccfc6d4b" outcome="Passed" testListId="8c84fa94-04c1-424b-9868-57a2d4851a1d" relativeResultsDirectory="3fdd60a6-1068-48ca-930e-a0019935248c" />
    <UnitTestResult executionId="555d71da-6a30-4cca-8901-f227ae188735" testId="32e32a66-d4f1-77a7-7ab8-7e018d3a6767" testName="SendCommandSecurityVisitor_ReplaceHardwareCommand_Allowed" computerName="DKSR-EFI-06" duration="00:00:00.0098594" startTime="2024-01-09T15:42:21.9820870+01:00" endTime="2024-01-09T15:42:21.9820870+01:00" testType="13cdc9d9-ddb5-4fa4-a97d-d965ccfc6d4b" outcome="Passed" testListId="8c84fa94-04c1-424b-9868-57a2d4851a1d" relativeResultsDirectory="555d71da-6a30-4cca-8901-f227ae188735" />
    <UnitTestResult executionId="a270c31b-cdcd-489b-bd1b-291d2eee616c" testId="6e6ac8f3-0819-3620-368e-e521e23051f4" testName="SendCommandSecurityVisitor_ConfigureRulesCommand_NotSupportedException" computerName="DKSR-EFI-06" duration="00:00:00.0030211" startTime="2024-01-09T15:42:21.8727134+01:00" endTime="2024-01-09T15:42:21.8883385+01:00" testType="13cdc9d9-ddb5-4fa4-a97d-d965ccfc6d4b" outcome="Passed" testListId="8c84fa94-04c1-424b-9868-57a2d4851a1d" relativeResultsDirectory="a270c31b-cdcd-489b-bd1b-291d2eee616c" />
    <UnitTestResult executionId="43bf2f87-284a-41b6-9c47-b4ea5695b358" testId="c445fb80-4196-106e-83c9-31f0009f79f8" testName="GetItem_NullCheck2" computerName="DKSR-EFI-06" duration="00:00:00.0009364" startTime="2024-01-09T15:42:40.5133939+01:00" endTime="2024-01-09T15:42:40.5133939+01:00" testType="13cdc9d9-ddb5-4fa4-a97d-d965ccfc6d4b" outcome="Passed" testListId="8c84fa94-04c1-424b-9868-57a2d4851a1d" relativeResultsDirectory="43bf2f87-284a-41b6-9c47-b4ea5695b358" />
    <UnitTestResult executionId="52b867ba-c1d0-4112-b504-2b515fe9c430" testId="8c2c49bc-65b6-f4ee-b5c4-b4881c4aaeb6" testName="ConfigurationItemPathBuilder_ConstructAndCreate_InvalidPath_ArgumentException (Data Row 7)" computerName="DKSR-EFI-06" duration="00:00:00.0005050" startTime="2024-01-09T15:42:33.3727317+01:00" endTime="2024-01-09T15:42:33.3727317+01:00" testType="13cdc9d9-ddb5-4fa4-a97d-d965ccfc6d4b" outcome="Passed" testListId="8c84fa94-04c1-424b-9868-57a2d4851a1d" relativeResultsDirectory="52b867ba-c1d0-4112-b504-2b515fe9c430">
      <Output>
        <StdOut>Debug Trace:&#xD;
Fail: Id is invalid: 04B9C9E3-6CD2-4EE4-8D2B-968221125808</StdOut>
      </Output>
    </UnitTestResult>
    <UnitTestResult executionId="fadaf737-8217-4805-aa3c-50cdfb497925" testId="0a750dc6-f6e3-60ac-2190-12bf3e168f6b" testName="GetCurrentProperties_WhenOnlyDescriptionPropertyIsPresent_ReturnsProperties" computerName="DKSR-EFI-06" duration="00:00:00.0007479" startTime="2024-01-09T15:42:34.3571142+01:00" endTime="2024-01-09T15:42:34.3571142+01:00" testType="13cdc9d9-ddb5-4fa4-a97d-d965ccfc6d4b" outcome="Passed" testListId="8c84fa94-04c1-424b-9868-57a2d4851a1d" relativeResultsDirectory="fadaf737-8217-4805-aa3c-50cdfb497925" />
    <UnitTestResult executionId="4b273e45-6ec6-4d41-b91b-c8fccf2e1cdf" testId="26622ef9-5846-af13-b201-d59ddb97495c" testName="Build_VideoWallRemoveCameras_WhenParametersAreSet_ReturnsActionModel" computerName="DKSR-EFI-06" duration="00:00:00.0026063" startTime="2024-01-09T15:42:36.4508745+01:00" endTime="2024-01-09T15:42:36.4665008+01:00" testType="13cdc9d9-ddb5-4fa4-a97d-d965ccfc6d4b" outcome="Passed" testListId="8c84fa94-04c1-424b-9868-57a2d4851a1d" relativeResultsDirectory="4b273e45-6ec6-4d41-b91b-c8fccf2e1cdf" />
    <UnitTestResult executionId="9033cbdc-169f-407a-8cb4-b5bf5c5de527" testId="75ff8b89-c29d-1f26-495a-fd8df9337b05" testName="IsComplete_WhenTimeBetweenButNoStartAndEndTimePropertiesSet_ReturnsFalse" computerName="DKSR-EFI-06" duration="00:00:00.0007213" startTime="2024-01-09T15:42:34.7633639+01:00" endTime="2024-01-09T15:42:34.7633639+01:00" testType="13cdc9d9-ddb5-4fa4-a97d-d965ccfc6d4b" outcome="Passed" testListId="8c84fa94-04c1-424b-9868-57a2d4851a1d" relativeResultsDirectory="9033cbdc-169f-407a-8cb4-b5bf5c5de527" />
    <UnitTestResult executionId="1de431e6-6b78-4bff-97a2-6066da06fe65" testId="dbff7ba6-3066-6207-5a06-7139c39e15a3" testName="GetItem_PathIsFolder" computerName="DKSR-EFI-06" duration="00:00:00.0008527" startTime="2024-01-09T15:42:41.0758999+01:00" endTime="2024-01-09T15:42:41.0758999+01:00" testType="13cdc9d9-ddb5-4fa4-a97d-d965ccfc6d4b" outcome="Passed" testListId="8c84fa94-04c1-424b-9868-57a2d4851a1d" relativeResultsDirectory="1de431e6-6b78-4bff-97a2-6066da06fe65" />
    <UnitTestResult executionId="feaf843c-a06c-41ed-875c-ced490910f08" testId="8c2c49bc-65b6-f4ee-b5c4-b4881c4aaeb6" testName="ConfigurationItemPathBuilder_ConstructAndCreate_InvalidPath_ArgumentException (Data Row 8)" computerName="DKSR-EFI-06" duration="00:00:00.0005141" startTime="2024-01-09T15:42:33.3727317+01:00" endTime="2024-01-09T15:42:33.3727317+01:00" testType="13cdc9d9-ddb5-4fa4-a97d-d965ccfc6d4b" outcome="Passed" testListId="8c84fa94-04c1-424b-9868-57a2d4851a1d" relativeResultsDirectory="feaf843c-a06c-41ed-875c-ced490910f08">
      <Output>
        <StdOut>Debug Trace:&#xD;
Fail: ParentItemType is invalid: RecordingServerFolder</StdOut>
      </Output>
    </UnitTestResult>
    <UnitTestResult executionId="38fa7380-705b-4973-b1ae-d1f74937beb4" testId="4367249e-b753-0719-58e1-a366c6908009" testName="Validate_WhenWeekly_FrequencyIsAbove100_ReturnsError" computerName="DKSR-EFI-06" duration="00:00:00.0004021" startTime="2024-01-09T15:42:37.0446248+01:00" endTime="2024-01-09T15:42:37.0446248+01:00" testType="13cdc9d9-ddb5-4fa4-a97d-d965ccfc6d4b" outcome="Passed" testListId="8c84fa94-04c1-424b-9868-57a2d4851a1d" relativeResultsDirectory="38fa7380-705b-4973-b1ae-d1f74937beb4" />
    <UnitTestResult executionId="baf755e3-ecb5-4227-a5d4-f0a0633a1fd3" testId="ccc8d6d3-7398-7456-9d24-9dde1684df97" testName="GetXml_WhenStopRecordAllFrames_MatchesXml" computerName="DKSR-EFI-06" duration="00:00:00.0010260" startTime="2024-01-09T15:42:38.6227585+01:00" endTime="2024-01-09T15:42:38.6227585+01:00" testType="13cdc9d9-ddb5-4fa4-a97d-d965ccfc6d4b" outcome="Passed" testListId="8c84fa94-04c1-424b-9868-57a2d4851a1d" relativeResultsDirectory="baf755e3-ecb5-4227-a5d4-f0a0633a1fd3" />
    <UnitTestResult executionId="f2eb11f5-4c55-455f-a20d-eb250aefa36d" testId="94ee11cb-b809-ecb9-448a-341da4041414" testName="DataCollectorRegisteredServicesResolver_DoResolve_Webservice_TimeoutException" computerName="DKSR-EFI-06" duration="00:00:00.0011274" startTime="2024-01-09T15:42:17.8102087+01:00" endTime="2024-01-09T15:42:17.8102087+01:00" testType="13cdc9d9-ddb5-4fa4-a97d-d965ccfc6d4b" outcome="Passed" testListId="8c84fa94-04c1-424b-9868-57a2d4851a1d" relativeResultsDirectory="f2eb11f5-4c55-455f-a20d-eb250aefa36d" />
    <UnitTestResult executionId="ebf76ef6-f2dd-45c7-a180-abb6860de08e" testId="db26b30a-24e3-7020-d019-1e42b6a4d221" testName="SetItem_NotLicensed" computerName="DKSR-EFI-06" duration="00:00:00.0012268" startTime="2024-01-09T15:42:41.1383943+01:00" endTime="2024-01-09T15:42:41.1383943+01:00" testType="13cdc9d9-ddb5-4fa4-a97d-d965ccfc6d4b" outcome="Passed" testListId="8c84fa94-04c1-424b-9868-57a2d4851a1d" relativeResultsDirectory="ebf76ef6-f2dd-45c7-a180-abb6860de08e" />
    <UnitTestResult executionId="3bc3f4f6-f9fe-45eb-afb2-763c9e84bb2d" testId="b7f2b168-201b-354c-b588-c25abcba08f6" testName="Build_WhenActionIsStartPluginsOnDevices_ReturnsRuleModel" computerName="DKSR-EFI-06" duration="00:00:00.0045828" startTime="2024-01-09T15:42:39.2790147+01:00" endTime="2024-01-09T15:42:39.2946384+01:00" testType="13cdc9d9-ddb5-4fa4-a97d-d965ccfc6d4b" outcome="Passed" testListId="8c84fa94-04c1-424b-9868-57a2d4851a1d" relativeResultsDirectory="3bc3f4f6-f9fe-45eb-afb2-763c9e84bb2d" />
    <UnitTestResult executionId="d6b6c9d2-f1c4-40ac-aacb-e3f02960a60a" testId="dd1f14a1-154f-ecad-4572-e81a7348e9a0" testName="Validation_ValidateInt32_Success" computerName="DKSR-EFI-06" duration="00:00:00.0005253" startTime="2024-01-09T15:42:25.7164647+01:00" endTime="2024-01-09T15:42:25.7164647+01:00" testType="13cdc9d9-ddb5-4fa4-a97d-d965ccfc6d4b" outcome="Passed" testListId="8c84fa94-04c1-424b-9868-57a2d4851a1d" relativeResultsDirectory="d6b6c9d2-f1c4-40ac-aacb-e3f02960a60a" />
    <UnitTestResult executionId="08b9c307-419e-4374-ae73-156653a0ce6f" testId="5d2e2690-aa46-e9c4-8ecd-96fde205bce6" testName="SystemSettingsManager_ConvertEnableAutomaticActivation_FormatException" computerName="DKSR-EFI-06" duration="00:00:00.0006323" startTime="2024-01-09T15:42:25.6695930+01:00" endTime="2024-01-09T15:42:25.6695930+01:00" testType="13cdc9d9-ddb5-4fa4-a97d-d965ccfc6d4b" outcome="Passed" testListId="8c84fa94-04c1-424b-9868-57a2d4851a1d" relativeResultsDirectory="08b9c307-419e-4374-ae73-156653a0ce6f" />
    <UnitTestResult executionId="f9727b08-4995-43db-abe3-77515f087777" testId="8f152971-a57d-71f5-4089-09201e25a167" testName="Post_KnownResource_ReturnsPostResultInBody" computerName="DKSR-EFI-06" duration="00:00:00.0214999" startTime="2024-01-09T15:42:28.1539642+01:00" endTime="2024-01-09T15:42:28.1852142+01:00" testType="13cdc9d9-ddb5-4fa4-a97d-d965ccfc6d4b" outcome="Passed" testListId="8c84fa94-04c1-424b-9868-57a2d4851a1d" relativeResultsDirectory="f9727b08-4995-43db-abe3-77515f087777" />
    <UnitTestResult executionId="061e37ac-d56c-40c3-a6c4-99be08e438bc" testId="3c307e2e-3724-3f9d-7889-0b41b420f80d" testName="SendCommandSecurityVisitor_HardwareSetupInformationCommand_Allowed" computerName="DKSR-EFI-06" duration="00:00:00.0023279" startTime="2024-01-09T15:42:22.5445882+01:00" endTime="2024-01-09T15:42:22.5445882+01:00" testType="13cdc9d9-ddb5-4fa4-a97d-d965ccfc6d4b" outcome="Passed" testListId="8c84fa94-04c1-424b-9868-57a2d4851a1d" relativeResultsDirectory="061e37ac-d56c-40c3-a6c4-99be08e438bc" />
    <UnitTestResult executionId="a8f820a5-4276-4e94-a568-5db963dc32b0" testId="b3f6e98a-3a53-1d31-86e2-ef28c68319be" testName="Validate_WhenMonthlyRelativeFrequency_DayParameterValueInvalid_ReturnsError" computerName="DKSR-EFI-06" duration="00:00:00.0004350" startTime="2024-01-09T15:42:37.1227501+01:00" endTime="2024-01-09T15:42:37.1227501+01:00" testType="13cdc9d9-ddb5-4fa4-a97d-d965ccfc6d4b" outcome="Passed" testListId="8c84fa94-04c1-424b-9868-57a2d4851a1d" relativeResultsDirectory="a8f820a5-4276-4e94-a568-5db963dc32b0" />
    <UnitTestResult executionId="f31d9b06-4aa2-4633-ae65-9ad2846ac47c" testId="a79acc2e-bd02-98cf-2627-cf9bebe845cd" testName="Get_Item_Exception_Status_Is_Idle_Success" computerName="DKSR-EFI-06" duration="00:00:00.0011498" startTime="2024-01-09T15:42:33.6227328+01:00" endTime="2024-01-09T15:42:33.6227328+01:00" testType="13cdc9d9-ddb5-4fa4-a97d-d965ccfc6d4b" outcome="Passed" testListId="8c84fa94-04c1-424b-9868-57a2d4851a1d" relativeResultsDirectory="f31d9b06-4aa2-4633-ae65-9ad2846ac47c" />
    <UnitTestResult executionId="d5d86cc3-d2e6-4139-b4c8-5aa367450fb6" testId="2c3b44fd-fa46-8183-5182-666a722a1d32" testName="Validation_MotionDetectionHardwareAcceleration_Is_Null_ArgumentOutOfRangeExceptionExpected" computerName="DKSR-EFI-06" duration="00:00:00.0004896" startTime="2024-01-09T15:42:26.2008399+01:00" endTime="2024-01-09T15:42:26.2008399+01:00" testType="13cdc9d9-ddb5-4fa4-a97d-d965ccfc6d4b" outcome="Passed" testListId="8c84fa94-04c1-424b-9868-57a2d4851a1d" relativeResultsDirectory="d5d86cc3-d2e6-4139-b4c8-5aa367450fb6" />
    <UnitTestResult executionId="b184f364-ff4a-4cbb-bc13-7e0a29798e72" testId="66e86e11-aa6f-d6de-573d-c0aabb75ba87" testName="DriverSettingsBusiness_PrepareAndValidateSettings_TwoSettings_Success (Data Row 1)" computerName="DKSR-EFI-06" duration="00:00:00.0240310" startTime="2024-01-09T15:42:32.2008497+01:00" endTime="2024-01-09T15:42:32.5446004+01:00" testType="13cdc9d9-ddb5-4fa4-a97d-d965ccfc6d4b" outcome="Passed" testListId="8c84fa94-04c1-424b-9868-57a2d4851a1d" relativeResultsDirectory="b184f364-ff4a-4cbb-bc13-7e0a29798e72" />
    <UnitTestResult executionId="912033f4-87b1-490e-b5de-75f2fef0af84" testId="c8650023-1067-791b-dd5c-18d12052608d" testName="GetXml_WhenRuleTypeIsDailyAndOnce_MatchesXml" computerName="DKSR-EFI-06" duration="00:00:00.0020791" startTime="2024-01-09T15:42:39.0133873+01:00" endTime="2024-01-09T15:42:39.0133873+01:00" testType="13cdc9d9-ddb5-4fa4-a97d-d965ccfc6d4b" outcome="Passed" testListId="8c84fa94-04c1-424b-9868-57a2d4851a1d" relativeResultsDirectory="912033f4-87b1-490e-b5de-75f2fef0af84" />
    <UnitTestResult executionId="e9868e9f-a34c-4f1f-8f3c-4546d702cee6" testId="54388baf-379f-30fb-e5bb-48aebadee046" testName="Get_KnownResourceType_Data_NotTasks_ReturnsJsonOfObjectArray" computerName="DKSR-EFI-06" duration="00:00:00.0078288" startTime="2024-01-09T15:42:27.4352154+01:00" endTime="2024-01-09T15:42:27.4508387+01:00" testType="13cdc9d9-ddb5-4fa4-a97d-d965ccfc6d4b" outcome="Passed" testListId="8c84fa94-04c1-424b-9868-57a2d4851a1d" relativeResultsDirectory="e9868e9f-a34c-4f1f-8f3c-4546d702cee6" />
    <UnitTestResult executionId="9e2b8a1d-47d3-4d0b-a3bb-bc1725308fa8" testId="056494d2-386c-db98-33dd-6bfd38b9862c" testName="GeneratingRobustDataSuccess" computerName="DKSR-EFI-06" duration="00:00:00.0025997" startTime="2024-01-09T15:42:43.3415258+01:00" endTime="2024-01-09T15:42:43.3415258+01:00" testType="13cdc9d9-ddb5-4fa4-a97d-d965ccfc6d4b" outcome="Passed" testListId="8c84fa94-04c1-424b-9868-57a2d4851a1d" relativeResultsDirectory="9e2b8a1d-47d3-4d0b-a3bb-bc1725308fa8" />
    <UnitTestResult executionId="4653f427-496c-473f-8a4a-68250e38dcae" testId="10cb8da7-6c82-4d6f-fac0-8fac334cf5fa" testName="GetXml_WhenActionIsStopRecording_MatchesXml" computerName="DKSR-EFI-06" duration="00:00:00.0008644" startTime="2024-01-09T15:42:38.5446325+01:00" endTime="2024-01-09T15:42:38.5446325+01:00" testType="13cdc9d9-ddb5-4fa4-a97d-d965ccfc6d4b" outcome="Passed" testListId="8c84fa94-04c1-424b-9868-57a2d4851a1d" relativeResultsDirectory="4653f427-496c-473f-8a4a-68250e38dcae" />
    <UnitTestResult executionId="d873e596-df98-4585-b568-0ea63e64dc5d" testId="53eed585-c66c-d3af-1317-bc94c6f1d004" testName="Validate_WhenMonthlyFrequency_NonIntegerValueInDayParameter_ReturnsError" computerName="DKSR-EFI-06" duration="00:00:00.0003511" startTime="2024-01-09T15:42:37.0758770+01:00" endTime="2024-01-09T15:42:37.0758770+01:00" testType="13cdc9d9-ddb5-4fa4-a97d-d965ccfc6d4b" outcome="Passed" testListId="8c84fa94-04c1-424b-9868-57a2d4851a1d" relativeResultsDirectory="d873e596-df98-4585-b568-0ea63e64dc5d" />
    <UnitTestResult executionId="9b867fe8-5d40-455a-8eaf-86a2e5f850f3" testId="0f013609-d93e-670b-a412-70675382ec30" testName="Validate_WhenObjectExists_ReturnsTrue" computerName="DKSR-EFI-06" duration="00:00:00.0029980" startTime="2024-01-09T15:42:37.9040065+01:00" endTime="2024-01-09T15:42:37.9040065+01:00" testType="13cdc9d9-ddb5-4fa4-a97d-d965ccfc6d4b" outcome="Passed" testListId="8c84fa94-04c1-424b-9868-57a2d4851a1d" relativeResultsDirectory="9b867fe8-5d40-455a-8eaf-86a2e5f850f3" />
    <UnitTestResult executionId="b08dbe6d-284a-4288-b22f-e5ec8c7144c3" testId="43655046-2888-33a0-726e-c98fc7330b7a" testName="TimeProfile_WhenNoProfileParameter_Error" computerName="DKSR-EFI-06" duration="00:00:00.0003364" startTime="2024-01-09T15:42:36.8414985+01:00" endTime="2024-01-09T15:42:36.8414985+01:00" testType="13cdc9d9-ddb5-4fa4-a97d-d965ccfc6d4b" outcome="Passed" testListId="8c84fa94-04c1-424b-9868-57a2d4851a1d" relativeResultsDirectory="b08dbe6d-284a-4288-b22f-e5ec8c7144c3" />
    <UnitTestResult executionId="28847a0b-365f-44e9-b0ed-b59b952cad8f" testId="c792b5a9-861f-92ab-689e-0ff84d51963b" testName="Build_WhenActionIsStopPluginsOnDevices_ReturnsRuleModel" computerName="DKSR-EFI-06" duration="00:00:00.0048330" startTime="2024-01-09T15:42:39.2946384+01:00" endTime="2024-01-09T15:42:39.2946384+01:00" testType="13cdc9d9-ddb5-4fa4-a97d-d965ccfc6d4b" outcome="Passed" testListId="8c84fa94-04c1-424b-9868-57a2d4851a1d" relativeResultsDirectory="28847a0b-365f-44e9-b0ed-b59b952cad8f" />
    <UnitTestResult executionId="fd7ce672-6bf4-4c0b-95fa-53a14cf5b1a9" testId="8e5b121b-1d15-183d-945f-dca684e7062b" testName="Build_WithinTimeProfile_WhenTimeProfileIsTrue_TimeProfileIdIsNotSet_ThrowsException" computerName="DKSR-EFI-06" duration="00:00:00.0005617" startTime="2024-01-09T15:42:36.6383744+01:00" endTime="2024-01-09T15:42:36.6383744+01:00" testType="13cdc9d9-ddb5-4fa4-a97d-d965ccfc6d4b" outcome="Passed" testListId="8c84fa94-04c1-424b-9868-57a2d4851a1d" relativeResultsDirectory="fd7ce672-6bf4-4c0b-95fa-53a14cf5b1a9" />
    <UnitTestResult executionId="24631442-45c8-4226-aa46-5c8e9f414716" testId="c2dd246d-d151-2a7a-0530-725bcd1562ae" testName="Get_UnknownResource_ExceptionNotCaught" computerName="DKSR-EFI-06" duration="00:00:00.0058897" startTime="2024-01-09T15:42:27.7164656+01:00" endTime="2024-01-09T15:42:27.7164656+01:00" testType="13cdc9d9-ddb5-4fa4-a97d-d965ccfc6d4b" outcome="Passed" testListId="8c84fa94-04c1-424b-9868-57a2d4851a1d" relativeResultsDirectory="24631442-45c8-4226-aa46-5c8e9f414716" />
    <UnitTestResult executionId="3f98aa35-2826-4972-97e0-771ceac1d4cf" testId="f09fb77a-e7fb-8dd2-7c9b-d8f3394c31ef" testName="SendCommandSecurityVisitor_UpdateConfigurationManagerCommand_Speaker_Delete_NoSecurityCheck" computerName="DKSR-EFI-06" duration="00:00:00.0178809" startTime="2024-01-09T15:42:23.7320895+01:00" endTime="2024-01-09T15:42:23.7477130+01:00" testType="13cdc9d9-ddb5-4fa4-a97d-d965ccfc6d4b" outcome="Passed" testListId="8c84fa94-04c1-424b-9868-57a2d4851a1d" relativeResultsDirectory="3f98aa35-2826-4972-97e0-771ceac1d4cf" />
    <UnitTestResult executionId="d924c030-799e-440e-b14c-a1e1d2bd5913" testId="dfc09e0b-8ba1-fdc3-15e4-71c9ad9279c7" testName="SendCommandSecurityVisitor_RecorderTaskStoppedCommand_NotSupportedException" computerName="DKSR-EFI-06" duration="00:00:00.0034167" startTime="2024-01-09T15:42:21.9352130+01:00" endTime="2024-01-09T15:42:21.9352130+01:00" testType="13cdc9d9-ddb5-4fa4-a97d-d965ccfc6d4b" outcome="Passed" testListId="8c84fa94-04c1-424b-9868-57a2d4851a1d" relativeResultsDirectory="d924c030-799e-440e-b14c-a1e1d2bd5913" />
    <UnitTestResult executionId="b0370f1c-d2e0-4366-9d3c-64c4c96bbf79" testId="91b3ce7e-3a7f-586a-e5ae-f12809cddb73" testName="InvokeMethod_InvalidParentPath2Test" computerName="DKSR-EFI-06" duration="00:00:00.0006581" startTime="2024-01-09T15:42:41.6696452+01:00" endTime="2024-01-09T15:42:41.6696452+01:00" testType="13cdc9d9-ddb5-4fa4-a97d-d965ccfc6d4b" outcome="Passed" testListId="8c84fa94-04c1-424b-9868-57a2d4851a1d" relativeResultsDirectory="b0370f1c-d2e0-4366-9d3c-64c4c96bbf79" />
    <UnitTestResult executionId="66762475-bb7a-45fa-98f8-477cbcd8cfe6" testId="78cfdda6-bdc5-ae5d-79f7-c202a46546d5" testName="Invoke_ActivateLicense_SunnyDay" computerName="DKSR-EFI-06" duration="00:00:00.0134159" startTime="2024-01-09T15:42:40.5446417+01:00" endTime="2024-01-09T15:42:40.5602670+01:00" testType="13cdc9d9-ddb5-4fa4-a97d-d965ccfc6d4b" outcome="Passed" testListId="8c84fa94-04c1-424b-9868-57a2d4851a1d" relativeResultsDirectory="66762475-bb7a-45fa-98f8-477cbcd8cfe6" />
    <UnitTestResult executionId="4796bedd-4365-4233-ab9d-62a56bcdd5b9" testId="7737e60f-a804-e7a9-14a0-3ed728a5397d" testName="DevicePtzPresets_UpdatePtzPreset_Success" computerName="DKSR-EFI-06" duration="00:00:00.0137459" startTime="2024-01-09T15:42:42.4352732+01:00" endTime="2024-01-09T15:42:42.4352732+01:00" testType="13cdc9d9-ddb5-4fa4-a97d-d965ccfc6d4b" outcome="Passed" testListId="8c84fa94-04c1-424b-9868-57a2d4851a1d" relativeResultsDirectory="4796bedd-4365-4233-ab9d-62a56bcdd5b9" />
    <UnitTestResult executionId="ae279d91-3b76-40e7-93b3-3448d829d4b9" testId="9984812f-eb2c-9c02-caff-36ed48ba3a06" testName="QuerySearchTemplateFind_ValidParams" computerName="DKSR-EFI-06" duration="00:00:00.0055268" startTime="2024-01-09T15:42:43.4821523+01:00" endTime="2024-01-09T15:42:43.4821523+01:00" testType="13cdc9d9-ddb5-4fa4-a97d-d965ccfc6d4b" outcome="Passed" testListId="8c84fa94-04c1-424b-9868-57a2d4851a1d" relativeResultsDirectory="ae279d91-3b76-40e7-93b3-3448d829d4b9" />
    <UnitTestResult executionId="1fd58883-a82c-4914-abbe-03fd555bbdf6" testId="20f23e4d-d4f0-b522-2aae-a7514b6f7eb7" testName="GetCurrentProperties_WhenOutsideTimeProfileNotTimeProfileIsSet_ReturnsProperties" computerName="DKSR-EFI-06" duration="00:00:00.0004972" startTime="2024-01-09T15:42:34.7946146+01:00" endTime="2024-01-09T15:42:34.7946146+01:00" testType="13cdc9d9-ddb5-4fa4-a97d-d965ccfc6d4b" outcome="Passed" testListId="8c84fa94-04c1-424b-9868-57a2d4851a1d" relativeResultsDirectory="1fd58883-a82c-4914-abbe-03fd555bbdf6" />
    <UnitTestResult executionId="400d36f1-5fdc-4a71-930f-93edc6a93158" testId="83f839ac-4fab-a3b5-0047-02bc5b96b923" testName="Build_StopSetFramerate_WhenParametersAreSet_ReturnsActionModel" computerName="DKSR-EFI-06" duration="00:00:00.0013047" startTime="2024-01-09T15:42:36.3883751+01:00" endTime="2024-01-09T15:42:36.4039974+01:00" testType="13cdc9d9-ddb5-4fa4-a97d-d965ccfc6d4b" outcome="Passed" testListId="8c84fa94-04c1-424b-9868-57a2d4851a1d" relativeResultsDirectory="400d36f1-5fdc-4a71-930f-93edc6a93158" />
    <UnitTestResult executionId="fadda41f-2f2f-4059-afa1-c6af35115811" testId="8a926079-d37b-d578-0a0a-6089f3763554" testName="ConstructSqlSelect_SunnyDay_Contains_UnderscoreEscaped" computerName="DKSR-EFI-06" duration="00:00:00.0003474" startTime="2024-01-09T15:42:33.7008563+01:00" endTime="2024-01-09T15:42:33.7008563+01:00" testType="13cdc9d9-ddb5-4fa4-a97d-d965ccfc6d4b" outcome="Passed" testListId="8c84fa94-04c1-424b-9868-57a2d4851a1d" relativeResultsDirectory="fadda41f-2f2f-4059-afa1-c6af35115811" />
    <UnitTestResult executionId="ee4d084f-2d75-4726-82fa-37b8c06a2945" testId="dddaf17d-5517-3f4f-03ab-f34e2b268e02" testName="Build_WhenUnsupportedAction_ReturnsNull" computerName="DKSR-EFI-06" duration="00:00:00.0006585" startTime="2024-01-09T15:42:39.1227631+01:00" endTime="2024-01-09T15:42:39.1227631+01:00" testType="13cdc9d9-ddb5-4fa4-a97d-d965ccfc6d4b" outcome="Passed" testListId="8c84fa94-04c1-424b-9868-57a2d4851a1d" relativeResultsDirectory="ee4d084f-2d75-4726-82fa-37b8c06a2945" />
    <UnitTestResult executionId="4b496f35-9de2-4513-9bab-96a8eca2489b" testId="58d35d93-eca7-cf07-5e4b-8f1eaf217685" testName="InvokeMethod_InvalidPath2Test" computerName="DKSR-EFI-06" duration="00:00:00.0005962" startTime="2024-01-09T15:42:41.7790190+01:00" endTime="2024-01-09T15:42:41.7790190+01:00" testType="13cdc9d9-ddb5-4fa4-a97d-d965ccfc6d4b" outcome="Passed" testListId="8c84fa94-04c1-424b-9868-57a2d4851a1d" relativeResultsDirectory="4b496f35-9de2-4513-9bab-96a8eca2489b" />
    <UnitTestResult executionId="036ef8be-9114-4573-8efb-d688739c23e4" testId="7aa27c89-24be-7840-a1e3-e4b3433af667" testName="GetXml_WhenActionIsSetDeviceOutputState_MatchesXml" computerName="DKSR-EFI-06" duration="00:00:00.0009732" startTime="2024-01-09T15:42:38.5603026+01:00" endTime="2024-01-09T15:42:38.5603026+01:00" testType="13cdc9d9-ddb5-4fa4-a97d-d965ccfc6d4b" outcome="Passed" testListId="8c84fa94-04c1-424b-9868-57a2d4851a1d" relativeResultsDirectory="036ef8be-9114-4573-8efb-d688739c23e4" />
    <UnitTestResult executionId="18a53cbe-7d32-4ce4-b5a3-a15292d672ef" testId="c5d569fa-3738-a023-ca33-3c40df7b3166" testName="Build_WhenActionIsSendSNMPTrap_ReturnsRuleModel" computerName="DKSR-EFI-06" duration="00:00:00.0047783" startTime="2024-01-09T15:42:39.2008875+01:00" endTime="2024-01-09T15:42:39.2008875+01:00" testType="13cdc9d9-ddb5-4fa4-a97d-d965ccfc6d4b" outcome="Passed" testListId="8c84fa94-04c1-424b-9868-57a2d4851a1d" relativeResultsDirectory="18a53cbe-7d32-4ce4-b5a3-a15292d672ef" />
    <UnitTestResult executionId="29184f6e-dcaa-4279-af4c-2aed172177d2" testId="0d7159f0-6304-aa0d-efeb-3f8d2542989e" testName="Get_KnownResourceType_NoData_NotTasks_ReturnsEmptyJson" computerName="DKSR-EFI-06" duration="00:00:00.0286716" startTime="2024-01-09T15:42:27.3414646+01:00" endTime="2024-01-09T15:42:27.3727136+01:00" testType="13cdc9d9-ddb5-4fa4-a97d-d965ccfc6d4b" outcome="Passed" testListId="8c84fa94-04c1-424b-9868-57a2d4851a1d" relativeResultsDirectory="29184f6e-dcaa-4279-af4c-2aed172177d2" />
    <UnitTestResult executionId="0618c47c-5da8-4b45-9ffa-50ae5ec49c8e" testId="8e6ddf2a-6615-fcd1-37b4-94b38689e909" testName="Validate_WhenWeekly_FrequencyIsZero_ReturnsError" computerName="DKSR-EFI-06" duration="00:00:00.0006582" startTime="2024-01-09T15:42:37.0289991+01:00" endTime="2024-01-09T15:42:37.0289991+01:00" testType="13cdc9d9-ddb5-4fa4-a97d-d965ccfc6d4b" outcome="Passed" testListId="8c84fa94-04c1-424b-9868-57a2d4851a1d" relativeResultsDirectory="0618c47c-5da8-4b45-9ffa-50ae5ec49c8e" />
    <UnitTestResult executionId="b7023146-a5aa-4675-8831-90c8e6666532" testId="10224707-2c35-2bee-7b21-6866611dd931" testName="BusinessObjects_License_UpdateMipPluginsLicenseRequestPart_LicenseTypeMissing" computerName="DKSR-EFI-06" duration="00:00:00.0022344" startTime="2024-01-09T15:42:43.1384004+01:00" endTime="2024-01-09T15:42:43.1384004+01:00" testType="13cdc9d9-ddb5-4fa4-a97d-d965ccfc6d4b" outcome="Passed" testListId="8c84fa94-04c1-424b-9868-57a2d4851a1d" relativeResultsDirectory="b7023146-a5aa-4675-8831-90c8e6666532" />
    <UnitTestResult executionId="22837d92-3a98-44ef-ad80-7ef85ceef757" testId="ebc0fa24-85c8-dc2c-53fa-9dc707b351a9" testName="GetCurrentProperties_WhenActionPropertyPresentWithNoValue_ReturnsEmptyList" computerName="DKSR-EFI-06" duration="00:00:00.0009578" startTime="2024-01-09T15:42:34.5602380+01:00" endTime="2024-01-09T15:42:34.5602380+01:00" testType="13cdc9d9-ddb5-4fa4-a97d-d965ccfc6d4b" outcome="Passed" testListId="8c84fa94-04c1-424b-9868-57a2d4851a1d" relativeResultsDirectory="22837d92-3a98-44ef-ad80-7ef85ceef757" />
    <UnitTestResult executionId="e7f846db-a7b5-4bb4-b6ff-1f2a897d79e0" testId="4d2eb348-f4fd-dff1-41b1-d9c5aadfde36" testName="ValidateItem_SunnyDayTest" computerName="DKSR-EFI-06" duration="00:00:00.0009253" startTime="2024-01-09T15:42:41.4978327+01:00" endTime="2024-01-09T15:42:41.4978327+01:00" testType="13cdc9d9-ddb5-4fa4-a97d-d965ccfc6d4b" outcome="Passed" testListId="8c84fa94-04c1-424b-9868-57a2d4851a1d" relativeResultsDirectory="e7f846db-a7b5-4bb4-b6ff-1f2a897d79e0" />
    <UnitTestResult executionId="793718e8-2c7b-4385-8408-588d1741f0fc" testId="08cd3b7e-81fe-ee61-3770-6ef4e99404f5" testName="SendCommandSecurityVisitor_UpdateConfigurationManagerCommand_MotionPlugin_Add_NoSecurityCheck" computerName="DKSR-EFI-06" duration="00:00:00.0224883" startTime="2024-01-09T15:42:23.9820891+01:00" endTime="2024-01-09T15:42:23.9977168+01:00" testType="13cdc9d9-ddb5-4fa4-a97d-d965ccfc6d4b" outcome="Passed" testListId="8c84fa94-04c1-424b-9868-57a2d4851a1d" relativeResultsDirectory="793718e8-2c7b-4385-8408-588d1741f0fc" />
    <UnitTestResult executionId="75bdab5b-4cf2-40dc-b780-09361236488b" testId="a8871676-ce17-d390-bb0c-a516e476f500" testName="Validate_WhenRuleHasStopRule_ReturnsError" computerName="DKSR-EFI-06" duration="00:00:00.0013021" startTime="2024-01-09T15:42:36.9508744+01:00" endTime="2024-01-09T15:42:36.9508744+01:00" testType="13cdc9d9-ddb5-4fa4-a97d-d965ccfc6d4b" outcome="Passed" testListId="8c84fa94-04c1-424b-9868-57a2d4851a1d" relativeResultsDirectory="75bdab5b-4cf2-40dc-b780-09361236488b" />
    <UnitTestResult executionId="bd6da64f-a8cb-41a1-8c3b-863ba11118c8" testId="21fbbbf9-9a5d-3e33-b7d9-df390bb3bd65" testName="IsComplete_WhenNoStartActionsProperty_ReturnsFalse" computerName="DKSR-EFI-06" duration="00:00:00.0009172" startTime="2024-01-09T15:42:34.5133639+01:00" endTime="2024-01-09T15:42:34.5133639+01:00" testType="13cdc9d9-ddb5-4fa4-a97d-d965ccfc6d4b" outcome="Passed" testListId="8c84fa94-04c1-424b-9868-57a2d4851a1d" relativeResultsDirectory="bd6da64f-a8cb-41a1-8c3b-863ba11118c8" />
    <UnitTestResult executionId="ed9a60bd-47cb-4174-bbb2-cbbb2bb521ae" testId="5b79f4cf-1b83-ca4a-9a30-3bf4b3d558fb" testName="UpdateMotionDetection_Test_Retry" computerName="DKSR-EFI-06" duration="00:00:00.0035873" startTime="2024-01-09T15:42:42.3727747+01:00" endTime="2024-01-09T15:42:42.3884032+01:00" testType="13cdc9d9-ddb5-4fa4-a97d-d965ccfc6d4b" outcome="Passed" testListId="8c84fa94-04c1-424b-9868-57a2d4851a1d" relativeResultsDirectory="ed9a60bd-47cb-4174-bbb2-cbbb2bb521ae" />
    <UnitTestResult executionId="125e0704-853f-42be-be76-df7b6ce47473" testId="00e221b9-0e53-9998-4193-9fb40f03aa51" testName="Build_StartPluginOnDevices_WhenParametersAreSet_ReturnsActionModel" computerName="DKSR-EFI-06" duration="00:00:00.0039102" startTime="2024-01-09T15:42:36.4821241+01:00" endTime="2024-01-09T15:42:36.4977481+01:00" testType="13cdc9d9-ddb5-4fa4-a97d-d965ccfc6d4b" outcome="Passed" testListId="8c84fa94-04c1-424b-9868-57a2d4851a1d" relativeResultsDirectory="125e0704-853f-42be-be76-df7b6ce47473" />
    <UnitTestResult executionId="774e8baa-b378-411c-a6ba-026fb0814fec" testId="ef6e298b-3b57-a101-fc06-1de33d52559e" testName="GetCurrentProperties_WhenBasicPropertiesHaveNoValue_ReturnsProperties" computerName="DKSR-EFI-06" duration="00:00:00.0008112" startTime="2024-01-09T15:42:34.3414840+01:00" endTime="2024-01-09T15:42:34.3414840+01:00" testType="13cdc9d9-ddb5-4fa4-a97d-d965ccfc6d4b" outcome="Passed" testListId="8c84fa94-04c1-424b-9868-57a2d4851a1d" relativeResultsDirectory="774e8baa-b378-411c-a6ba-026fb0814fec" />
    <UnitTestResult executionId="544d60be-9e35-41d8-be8b-8f09dae989dd" testId="bc829c53-06c2-a7dc-b1f8-d70159e18456" testName="Validate_WhenWeeklyFrequency_DaysContainIrregularCasing_NoErrors" computerName="DKSR-EFI-06" duration="00:00:00.0003699" startTime="2024-01-09T15:42:37.0602504+01:00" endTime="2024-01-09T15:42:37.0602504+01:00" testType="13cdc9d9-ddb5-4fa4-a97d-d965ccfc6d4b" outcome="Passed" testListId="8c84fa94-04c1-424b-9868-57a2d4851a1d" relativeResultsDirectory="544d60be-9e35-41d8-be8b-8f09dae989dd" />
    <UnitTestResult executionId="b6abfcd0-aec7-48ba-833e-fcae00370928" testId="047f80a9-1135-430d-d434-5a53ca872262" testName="GetNextProperties_WhenRuleTypeIsEvent_EventGroupNotSet_ReturnsEventGroupProperty" computerName="DKSR-EFI-06" duration="00:00:00.0015181" startTime="2024-01-09T15:42:35.5914949+01:00" endTime="2024-01-09T15:42:35.5914949+01:00" testType="13cdc9d9-ddb5-4fa4-a97d-d965ccfc6d4b" outcome="Passed" testListId="8c84fa94-04c1-424b-9868-57a2d4851a1d" relativeResultsDirectory="b6abfcd0-aec7-48ba-833e-fcae00370928" />
    <UnitTestResult executionId="96c0b227-c7b6-4a76-89da-9a2c2789b372" testId="9db6bb97-3604-b8fc-5976-8fd38116c854" testName="ConfigurationItemPathBuilder_Create_InvalidPath_ArgumentException (Data Row 6)" computerName="DKSR-EFI-06" duration="00:00:00.0005043" startTime="2024-01-09T15:42:33.3571055+01:00" endTime="2024-01-09T15:42:33.3571055+01:00" testType="13cdc9d9-ddb5-4fa4-a97d-d965ccfc6d4b" outcome="Passed" testListId="8c84fa94-04c1-424b-9868-57a2d4851a1d" relativeResultsDirectory="96c0b227-c7b6-4a76-89da-9a2c2789b372">
      <Output>
        <StdOut>Debug Trace:&#xD;
Fail: Item type is invalid: RecordingServer</StdOut>
      </Output>
    </UnitTestResult>
    <UnitTestResult executionId="07f49969-7ac6-47ad-8ae0-9b6392326797" testId="17c44798-53de-b935-215a-5409291bae3f" testName="SendCommandSecurityVisitor_UpdateSecurityManagerCommand_SecurityPermissions_Edit_Allowed" computerName="DKSR-EFI-06" duration="00:00:00.0232441" startTime="2024-01-09T15:42:24.8883387+01:00" endTime="2024-01-09T15:42:24.9039631+01:00" testType="13cdc9d9-ddb5-4fa4-a97d-d965ccfc6d4b" outcome="Passed" testListId="8c84fa94-04c1-424b-9868-57a2d4851a1d" relativeResultsDirectory="07f49969-7ac6-47ad-8ae0-9b6392326797" />
    <UnitTestResult executionId="32a399ba-345b-405d-a2e6-71d698f6cbd4" testId="1436f67d-1e50-e908-5e9d-779642bd5fef" testName="IdpClientServiceConstructor_UriArgument_Success" computerName="DKSR-EFI-06" duration="00:00:00.0076377" startTime="2024-01-09T15:42:29.9508399+01:00" endTime="2024-01-09T15:42:29.9508399+01:00" testType="13cdc9d9-ddb5-4fa4-a97d-d965ccfc6d4b" outcome="Passed" testListId="8c84fa94-04c1-424b-9868-57a2d4851a1d" relativeResultsDirectory="32a399ba-345b-405d-a2e6-71d698f6cbd4" />
    <UnitTestResult executionId="37d8a374-d76b-49ec-96ef-2cbf6201f79e" testId="6d91f986-9aaf-0e9d-ccae-8ca48ef82f1a" testName="Get_KnownResource_ItemFound_NoData_NotTasks_NotPerformingTask_NotResources_NotDefinition_ReturnsEmptyJson" computerName="DKSR-EFI-06" duration="00:00:00.0184535" startTime="2024-01-09T15:42:27.7633404+01:00" endTime="2024-01-09T15:42:27.7945918+01:00" testType="13cdc9d9-ddb5-4fa4-a97d-d965ccfc6d4b" outcome="Passed" testListId="8c84fa94-04c1-424b-9868-57a2d4851a1d" relativeResultsDirectory="37d8a374-d76b-49ec-96ef-2cbf6201f79e" />
    <UnitTestResult executionId="4d614cfb-a339-4767-85c4-34795bf2da02" testId="2e591e03-87ef-236e-cc76-3deca98a667b" testName="ValidateItem_InvalidPathTest" computerName="DKSR-EFI-06" duration="00:00:00.0015742" startTime="2024-01-09T15:42:41.1540205+01:00" endTime="2024-01-09T15:42:41.1540205+01:00" testType="13cdc9d9-ddb5-4fa4-a97d-d965ccfc6d4b" outcome="Passed" testListId="8c84fa94-04c1-424b-9868-57a2d4851a1d" relativeResultsDirectory="4d614cfb-a339-4767-85c4-34795bf2da02" />
    <UnitTestResult executionId="464b0de8-4acf-49b6-88d5-80218b79ddad" testId="72240f0a-eeaa-28c0-4513-3c4c965a6b95" testName="TryParseConditions_WhenConditionsHasInvalidChildNodes_ReturnsFalse" computerName="DKSR-EFI-06" duration="00:00:00.0001983" startTime="2024-01-09T15:42:38.7321335+01:00" endTime="2024-01-09T15:42:38.7321335+01:00" testType="13cdc9d9-ddb5-4fa4-a97d-d965ccfc6d4b" outcome="Passed" testListId="8c84fa94-04c1-424b-9868-57a2d4851a1d" relativeResultsDirectory="464b0de8-4acf-49b6-88d5-80218b79ddad" />
    <UnitTestResult executionId="e1adb47d-954e-4756-bde0-63e3be2f6e7b" testId="98d31eb5-6dcd-5944-ccfa-a2b792f0816e" testName="GetCurrentProperties_WhenRuleTypeIsEvent_EventTypeNotSet_ReturnsRuleTypeAndEventGroupProperties" computerName="DKSR-EFI-06" duration="00:00:00.0025057" startTime="2024-01-09T15:42:35.1852433+01:00" endTime="2024-01-09T15:42:35.1852433+01:00" testType="13cdc9d9-ddb5-4fa4-a97d-d965ccfc6d4b" outcome="Passed" testListId="8c84fa94-04c1-424b-9868-57a2d4851a1d" relativeResultsDirectory="e1adb47d-954e-4756-bde0-63e3be2f6e7b" />
    <UnitTestResult executionId="cea2278c-3d42-4b70-b720-b7e07a9ea727" testId="4f3ab75d-7a94-1c7f-6a25-53a0b7412c76" testName="IsComplete_WhenRecurring_MonthlyRecurring_ReturnsTrue" computerName="DKSR-EFI-06" duration="00:00:00.0022347" startTime="2024-01-09T15:42:34.9977418+01:00" endTime="2024-01-09T15:42:35.0133665+01:00" testType="13cdc9d9-ddb5-4fa4-a97d-d965ccfc6d4b" outcome="Passed" testListId="8c84fa94-04c1-424b-9868-57a2d4851a1d" relativeResultsDirectory="cea2278c-3d42-4b70-b720-b7e07a9ea727" />
    <UnitTestResult executionId="c8a1ca19-ee44-49a6-a7c4-6bebb07c0a5b" testId="2847d0ed-aa8d-13a3-ee8e-d6d91711a87a" testName="Invoke_NoBasicResultHasBeenSet_CallDefaultInvoker" computerName="DKSR-EFI-06" duration="00:00:00.0183401" startTime="2024-01-09T15:42:44.2477799+01:00" endTime="2024-01-09T15:42:44.2634054+01:00" testType="13cdc9d9-ddb5-4fa4-a97d-d965ccfc6d4b" outcome="Passed" testListId="8c84fa94-04c1-424b-9868-57a2d4851a1d" relativeResultsDirectory="c8a1ca19-ee44-49a6-a7c4-6bebb07c0a5b" />
    <UnitTestResult executionId="1dd9c96c-d6a3-438c-bfd9-5161e8bf566c" testId="df6a4bc8-3289-2841-1c34-096205b98b7c" testName="Invoke_WhenPropertyNotFound_ArgumentException" computerName="DKSR-EFI-06" duration="00:00:00.0011054" startTime="2024-01-09T15:42:41.8571469+01:00" endTime="2024-01-09T15:42:41.8571469+01:00" testType="13cdc9d9-ddb5-4fa4-a97d-d965ccfc6d4b" outcome="Passed" testListId="8c84fa94-04c1-424b-9868-57a2d4851a1d" relativeResultsDirectory="1dd9c96c-d6a3-438c-bfd9-5161e8bf566c" />
    <UnitTestResult executionId="9532c6fa-4110-4181-9a80-818b95ad3d73" testId="f2299eda-56e6-b899-e674-56f5a211bc21" testName="GetNexProperties_WhenRuleTypeIsEvent_AllPropertiesArePresent_ReturnsNoProperty" computerName="DKSR-EFI-06" duration="00:00:00.0018427" startTime="2024-01-09T15:42:35.5758690+01:00" endTime="2024-01-09T15:42:35.5758690+01:00" testType="13cdc9d9-ddb5-4fa4-a97d-d965ccfc6d4b" outcome="Passed" testListId="8c84fa94-04c1-424b-9868-57a2d4851a1d" relativeResultsDirectory="9532c6fa-4110-4181-9a80-818b95ad3d73" />
    <UnitTestResult executionId="2978d5e1-ae17-434f-acc2-d0ed9028e63a" testId="2e684ec2-4c7f-a4fa-1fd6-728e8428dad7" testName="IsComplete_WhenAllStepsAreNotComplete_ReturnsFalse" computerName="DKSR-EFI-06" duration="00:00:00.0187482" startTime="2024-01-09T15:42:34.3571142+01:00" endTime="2024-01-09T15:42:34.3727374+01:00" testType="13cdc9d9-ddb5-4fa4-a97d-d965ccfc6d4b" outcome="Passed" testListId="8c84fa94-04c1-424b-9868-57a2d4851a1d" relativeResultsDirectory="2978d5e1-ae17-434f-acc2-d0ed9028e63a" />
    <UnitTestResult executionId="86677801-942b-4f9b-8c00-5b4d71941083" testId="c7fd37ea-607e-7c45-f829-050a3da13c2b" testName="StorageDiskInformation_IsAvailable_OnNoError10000InXml" computerName="DKSR-EFI-06" duration="00:00:00.0093903" startTime="2024-01-09T15:42:43.3572129+01:00" endTime="2024-01-09T15:42:43.3727805+01:00" testType="13cdc9d9-ddb5-4fa4-a97d-d965ccfc6d4b" outcome="Passed" testListId="8c84fa94-04c1-424b-9868-57a2d4851a1d" relativeResultsDirectory="86677801-942b-4f9b-8c00-5b4d71941083" />
    <UnitTestResult executionId="f3644c29-eff2-40db-8ca9-f67f35726799" testId="5c96f0ff-d30b-8c44-6334-5e514bd044ce" testName="CreateSearchTemplateFind_ParamNullCheck_RequestContext" computerName="DKSR-EFI-06" duration="00:00:00.0011105" startTime="2024-01-09T15:42:43.5915276+01:00" endTime="2024-01-09T15:42:43.5915276+01:00" testType="13cdc9d9-ddb5-4fa4-a97d-d965ccfc6d4b" outcome="Passed" testListId="8c84fa94-04c1-424b-9868-57a2d4851a1d" relativeResultsDirectory="f3644c29-eff2-40db-8ca9-f67f35726799" />
    <UnitTestResult executionId="1f09621c-e9f4-46cf-aab3-e9689ce62e31" testId="b94ad398-8feb-7630-6bda-2d2fc05d73d6" testName="GetItemType_WhenObjectExists_ReturnsCorrectItemType" computerName="DKSR-EFI-06" duration="00:00:00.0024749" startTime="2024-01-09T15:42:37.7477570+01:00" endTime="2024-01-09T15:42:37.7477570+01:00" testType="13cdc9d9-ddb5-4fa4-a97d-d965ccfc6d4b" outcome="Passed" testListId="8c84fa94-04c1-424b-9868-57a2d4851a1d" relativeResultsDirectory="1f09621c-e9f4-46cf-aab3-e9689ce62e31" />
    <UnitTestResult executionId="6c092e5f-b878-4743-87de-93b14d3f59c1" testId="32ed5ddb-2a6a-426e-ec9a-8e013704988d" testName="ServerProxyService_GetConfigurationDataSetTables_UserDefinedEvents_Allowed_NotFiltered" computerName="DKSR-EFI-06" duration="00:00:00.0101835" startTime="2024-01-09T15:42:25.4664631+01:00" endTime="2024-01-09T15:42:25.4821376+01:00" testType="13cdc9d9-ddb5-4fa4-a97d-d965ccfc6d4b" outcome="Passed" testListId="8c84fa94-04c1-424b-9868-57a2d4851a1d" relativeResultsDirectory="6c092e5f-b878-4743-87de-93b14d3f59c1" />
    <UnitTestResult executionId="05bcb87e-9b05-4031-8dc6-f201eb66dac7" testId="f9abe4b9-9dbb-34d4-2964-a69a3300d903" testName="SetItem_InvalidPathTest" computerName="DKSR-EFI-06" duration="00:00:00.0005395" startTime="2024-01-09T15:42:41.5602721+01:00" endTime="2024-01-09T15:42:41.5602721+01:00" testType="13cdc9d9-ddb5-4fa4-a97d-d965ccfc6d4b" outcome="Passed" testListId="8c84fa94-04c1-424b-9868-57a2d4851a1d" relativeResultsDirectory="05bcb87e-9b05-4031-8dc6-f201eb66dac7" />
    <UnitTestResult executionId="63c235e7-b3e0-4359-84e4-932f8fd2d4c2" testId="c6071732-714e-1f7c-ef13-ce79cc2bee8d" testName="GetItem_ParamNullCheck_RequestContextTest" computerName="DKSR-EFI-06" duration="00:00:00.0005291" startTime="2024-01-09T15:42:41.7321466+01:00" endTime="2024-01-09T15:42:41.7321466+01:00" testType="13cdc9d9-ddb5-4fa4-a97d-d965ccfc6d4b" outcome="Passed" testListId="8c84fa94-04c1-424b-9868-57a2d4851a1d" relativeResultsDirectory="63c235e7-b3e0-4359-84e4-932f8fd2d4c2" />
    <UnitTestResult executionId="cc309b1e-ada5-4f26-8a69-1cf09b8f2e43" testId="297049a7-1668-c7d3-b45e-3a1b3376d14b" testName="SetItem_ParamNullCheck_PathTest" computerName="DKSR-EFI-06" duration="00:00:00.0007314" startTime="2024-01-09T15:42:41.4665200+01:00" endTime="2024-01-09T15:42:41.4665200+01:00" testType="13cdc9d9-ddb5-4fa4-a97d-d965ccfc6d4b" outcome="Passed" testListId="8c84fa94-04c1-424b-9868-57a2d4851a1d" relativeResultsDirectory="cc309b1e-ada5-4f26-8a69-1cf09b8f2e43" />
    <UnitTestResult executionId="cb9f5cfd-a349-499a-a721-ed02d1524a67" testId="0333d46d-5d86-b0f5-6854-51377d198f55" testName="DriverSettingsBusiness_PrepareAndValidateSettings_ValueOutOfRangeException (Data Row 5)" computerName="DKSR-EFI-06" duration="00:00:00.0162671" startTime="2024-01-09T15:42:32.5446004+01:00" endTime="2024-01-09T15:42:32.7164754+01:00" testType="13cdc9d9-ddb5-4fa4-a97d-d965ccfc6d4b" outcome="Passed" testListId="8c84fa94-04c1-424b-9868-57a2d4851a1d" relativeResultsDirectory="cb9f5cfd-a349-499a-a721-ed02d1524a67" />
    <UnitTestResult executionId="4c128b8a-a371-4d01-bbf9-07cb791b064e" testId="0bd76dfe-3b6e-ea1c-3c5a-a4b010fd6acd" testName="GetNextProperties_WhenRuleTypeIsEvent_EventTypeNotSet_ReturnsEventTypeProperty" computerName="DKSR-EFI-06" duration="00:00:00.0029669" startTime="2024-01-09T15:42:35.2321165+01:00" endTime="2024-01-09T15:42:35.2321165+01:00" testType="13cdc9d9-ddb5-4fa4-a97d-d965ccfc6d4b" outcome="Passed" testListId="8c84fa94-04c1-424b-9868-57a2d4851a1d" relativeResultsDirectory="4c128b8a-a371-4d01-bbf9-07cb791b064e" />
    <UnitTestResult executionId="21cb387e-b9d7-40f8-851b-c142083504a2" testId="693d5832-6c26-5593-b564-e0b166e6a6fe" testName="GetNextProperties_WhenTimeIntervalStartRuleHasActionWithCounterAction_ReturnsProperties" computerName="DKSR-EFI-06" duration="00:00:00.0023019" startTime="2024-01-09T15:42:35.4667646+01:00" endTime="2024-01-09T15:42:35.4667646+01:00" testType="13cdc9d9-ddb5-4fa4-a97d-d965ccfc6d4b" outcome="Passed" testListId="8c84fa94-04c1-424b-9868-57a2d4851a1d" relativeResultsDirectory="21cb387e-b9d7-40f8-851b-c142083504a2" />
    <UnitTestResult executionId="9bfd40dd-2372-4cb9-ad97-859e942f3f8a" testId="728e9034-0c66-22a2-a9b3-aa75a5c16074" testName="Get_Item_Path_Is_Invalid_Type_ArgumentException_Expected" computerName="DKSR-EFI-06" duration="00:00:00.0009455" startTime="2024-01-09T15:42:33.5758568+01:00" endTime="2024-01-09T15:42:33.5758568+01:00" testType="13cdc9d9-ddb5-4fa4-a97d-d965ccfc6d4b" outcome="Passed" testListId="8c84fa94-04c1-424b-9868-57a2d4851a1d" relativeResultsDirectory="9bfd40dd-2372-4cb9-ad97-859e942f3f8a" />
    <UnitTestResult executionId="fbe625b0-0063-4bff-a4de-e997406d11ec" testId="9b447850-4121-51f4-2c49-db873508747f" testName="GetItem_InvalidPathTest" computerName="DKSR-EFI-06" duration="00:00:00.0011823" startTime="2024-01-09T15:42:41.0758999+01:00" endTime="2024-01-09T15:42:41.0758999+01:00" testType="13cdc9d9-ddb5-4fa4-a97d-d965ccfc6d4b" outcome="Passed" testListId="8c84fa94-04c1-424b-9868-57a2d4851a1d" relativeResultsDirectory="fbe625b0-0063-4bff-a4de-e997406d11ec" />
    <UnitTestResult executionId="7ec27758-0106-42e2-8f33-869bc2b454dc" testId="521d941f-9ffe-de81-498c-9355d7d6f8b5" testName="ServerProxyService_GetUserHostAddress_ManagementServerRead_Checked" computerName="DKSR-EFI-06" duration="00:00:00.0032082" startTime="2024-01-09T15:42:24.9664642+01:00" endTime="2024-01-09T15:42:24.9820887+01:00" testType="13cdc9d9-ddb5-4fa4-a97d-d965ccfc6d4b" outcome="Passed" testListId="8c84fa94-04c1-424b-9868-57a2d4851a1d" relativeResultsDirectory="7ec27758-0106-42e2-8f33-869bc2b454dc" />
    <UnitTestResult executionId="48e3abb2-3344-416e-b91c-5db30dafba68" testId="340f91bf-91cb-38d6-157c-33e5f65c53c1" testName="IsComplete_WhenNoStartConditionsProperty_ReturnsFalse" computerName="DKSR-EFI-06" duration="00:00:00.0096402" startTime="2024-01-09T15:42:34.6696142+01:00" endTime="2024-01-09T15:42:34.6852369+01:00" testType="13cdc9d9-ddb5-4fa4-a97d-d965ccfc6d4b" outcome="Passed" testListId="8c84fa94-04c1-424b-9868-57a2d4851a1d" relativeResultsDirectory="48e3abb2-3344-416e-b91c-5db30dafba68" />
    <UnitTestResult executionId="bf3ba456-e0b4-451c-9239-639405b560aa" testId="0c0da0a0-5c7c-a0df-2382-42bde5a497b4" testName="GetInternalUnitPath_WithDifferentParameter_ProvidesCorrectPath" computerName="DKSR-EFI-06" duration="00:00:00.0031157" startTime="2024-01-09T15:42:41.8571469+01:00" endTime="2024-01-09T15:42:41.8571469+01:00" testType="13cdc9d9-ddb5-4fa4-a97d-d965ccfc6d4b" outcome="Passed" testListId="8c84fa94-04c1-424b-9868-57a2d4851a1d" relativeResultsDirectory="bf3ba456-e0b4-451c-9239-639405b560aa" />
    <UnitTestResult executionId="65b61274-e113-489a-bba6-2b916ec7478d" testId="307d6a2d-958e-1862-e869-e234d7d919f8" testName="InvokeMethodAndSerialize_AddsParametersAndReturnsBadRequest_WhenMethodReturnsInvokeInfo" computerName="DKSR-EFI-06" duration="00:00:00.0088526" startTime="2024-01-09T15:42:28.9195897+01:00" endTime="2024-01-09T15:42:28.9352159+01:00" testType="13cdc9d9-ddb5-4fa4-a97d-d965ccfc6d4b" outcome="Passed" testListId="8c84fa94-04c1-424b-9868-57a2d4851a1d" relativeResultsDirectory="65b61274-e113-489a-bba6-2b916ec7478d" />
    <UnitTestResult executionId="079a4294-607c-427a-a878-91d37f55be84" testId="36cb3ddc-6b4a-4f2b-cf2d-61ecffff8ee4" testName="ToString_NullInput_ReturnsString" computerName="DKSR-EFI-06" duration="00:00:00.0004354" startTime="2024-01-09T15:42:34.2165152+01:00" endTime="2024-01-09T15:42:34.2165152+01:00" testType="13cdc9d9-ddb5-4fa4-a97d-d965ccfc6d4b" outcome="Passed" testListId="8c84fa94-04c1-424b-9868-57a2d4851a1d" relativeResultsDirectory="079a4294-607c-427a-a878-91d37f55be84" />
    <UnitTestResult executionId="35c20a7e-c48c-4a72-a3dd-fef251546440" testId="577c3ae7-9b73-9c1a-800e-2676ef28b051" testName="SendCommandSecurityVisitor_DatabaseOperationCommand_NotSupportedException" computerName="DKSR-EFI-06" duration="00:00:00.0007547" startTime="2024-01-09T15:42:22.6227147+01:00" endTime="2024-01-09T15:42:22.6227147+01:00" testType="13cdc9d9-ddb5-4fa4-a97d-d965ccfc6d4b" outcome="Passed" testListId="8c84fa94-04c1-424b-9868-57a2d4851a1d" relativeResultsDirectory="35c20a7e-c48c-4a72-a3dd-fef251546440" />
    <UnitTestResult executionId="0bb6f799-047e-4003-90fb-bd81f2eff204" testId="830c06cd-c7e8-0f51-7bbf-ccf64aeca903" testName="GetItemType_WhenObjectExists_ReturnsMipKind" computerName="DKSR-EFI-06" duration="00:00:00.0033039" startTime="2024-01-09T15:42:38.4196367+01:00" endTime="2024-01-09T15:42:38.4196367+01:00" testType="13cdc9d9-ddb5-4fa4-a97d-d965ccfc6d4b" outcome="Passed" testListId="8c84fa94-04c1-424b-9868-57a2d4851a1d" relativeResultsDirectory="0bb6f799-047e-4003-90fb-bd81f2eff204" />
    <UnitTestResult executionId="bc7148d0-710b-4b46-956b-859d55cef2eb" testId="8dfd7540-8740-bf6c-59dc-14c59aa5e8c9" testName="GetXml_WhenRetrieveEdgeStorageTimeOrMetadata_MatchesXml" computerName="DKSR-EFI-06" duration="00:00:00.0006716" startTime="2024-01-09T15:42:38.6540091+01:00" endTime="2024-01-09T15:42:38.6540091+01:00" testType="13cdc9d9-ddb5-4fa4-a97d-d965ccfc6d4b" outcome="Passed" testListId="8c84fa94-04c1-424b-9868-57a2d4851a1d" relativeResultsDirectory="bc7148d0-710b-4b46-956b-859d55cef2eb" />
    <UnitTestResult executionId="18c334b5-4888-4b98-aaa0-9cb93a9f959c" testId="9aeb6279-b924-91c9-c415-61ed0af0e901" testName="GetChildItems_NotLicensed" computerName="DKSR-EFI-06" duration="00:00:00.0020088" startTime="2024-01-09T15:42:40.8727704+01:00" endTime="2024-01-09T15:42:40.8883947+01:00" testType="13cdc9d9-ddb5-4fa4-a97d-d965ccfc6d4b" outcome="Passed" testListId="8c84fa94-04c1-424b-9868-57a2d4851a1d" relativeResultsDirectory="18c334b5-4888-4b98-aaa0-9cb93a9f959c" />
    <UnitTestResult executionId="9b3ba4e4-192a-4249-9251-d3635a0d2f4e" testId="530d8dd5-213e-3a27-1656-d946ce75640c" testName="SendCommandSecurityVisitor_BackupConfigCommand_NotAllowed" computerName="DKSR-EFI-06" duration="00:00:00.0009912" startTime="2024-01-09T15:42:22.6227147+01:00" endTime="2024-01-09T15:42:22.6227147+01:00" testType="13cdc9d9-ddb5-4fa4-a97d-d965ccfc6d4b" outcome="Passed" testListId="8c84fa94-04c1-424b-9868-57a2d4851a1d" relativeResultsDirectory="9b3ba4e4-192a-4249-9251-d3635a0d2f4e" />
    <UnitTestResult executionId="03c74fb3-36f5-4d4b-84dc-f30c6b62a06f" testId="360a0461-4d01-9372-b5ee-4e473084b33e" testName="SendCommandSecurityVisitor_UpdateConfigurationManagerCommand_Microphone_Edit_Allowed" computerName="DKSR-EFI-06" duration="00:00:00.0212146" startTime="2024-01-09T15:42:23.6383406+01:00" endTime="2024-01-09T15:42:23.6539638+01:00" testType="13cdc9d9-ddb5-4fa4-a97d-d965ccfc6d4b" outcome="Passed" testListId="8c84fa94-04c1-424b-9868-57a2d4851a1d" relativeResultsDirectory="03c74fb3-36f5-4d4b-84dc-f30c6b62a06f" />
    <UnitTestResult executionId="d0bcb625-344d-4a87-bc0b-066e5c3b772a" testId="822375e5-a990-cbf4-d24b-62a268227a21" testName="Validate_WhenValueIsNotValid_ReturnsFalse" computerName="DKSR-EFI-06" duration="00:00:00.0061858" startTime="2024-01-09T15:42:38.0758827+01:00" endTime="2024-01-09T15:42:38.0758827+01:00" testType="13cdc9d9-ddb5-4fa4-a97d-d965ccfc6d4b" outcome="Passed" testListId="8c84fa94-04c1-424b-9868-57a2d4851a1d" relativeResultsDirectory="d0bcb625-344d-4a87-bc0b-066e5c3b772a" />
    <UnitTestResult executionId="18d1c704-dd76-4a1b-bf3e-e760c335eedd" testId="1b7d1c17-2f79-013d-46f7-9e358c64f21a" testName="DeviceEvents_UpdateHardwareEvents_Success" computerName="DKSR-EFI-06" duration="00:00:00.2778000" startTime="2024-01-09T15:42:41.9821478+01:00" endTime="2024-01-09T15:42:42.2633989+01:00" testType="13cdc9d9-ddb5-4fa4-a97d-d965ccfc6d4b" outcome="Passed" testListId="8c84fa94-04c1-424b-9868-57a2d4851a1d" relativeResultsDirectory="18d1c704-dd76-4a1b-bf3e-e760c335eedd" />
    <UnitTestResult executionId="597efe74-4917-4861-a353-944f1f1b0080" testId="c6c059e1-122f-4e79-ed8c-890edbcc8cf5" testName="IsComplete_WhenStartActionPropertyHasValue_ParametersSetWithValues_ReturnsTrue" computerName="DKSR-EFI-06" duration="00:00:00.0011452" startTime="2024-01-09T15:42:34.5446112+01:00" endTime="2024-01-09T15:42:34.5446112+01:00" testType="13cdc9d9-ddb5-4fa4-a97d-d965ccfc6d4b" outcome="Passed" testListId="8c84fa94-04c1-424b-9868-57a2d4851a1d" relativeResultsDirectory="597efe74-4917-4861-a353-944f1f1b0080" />
    <UnitTestResult executionId="63f9d664-0e35-4711-af8d-c915116498c0" testId="fae852dc-50f6-8273-0c3e-a50e014f488c" testName="InvokeBegin_BasicResultHasBeenSetAndIsTrue_CallDefaultInvoker" computerName="DKSR-EFI-06" duration="00:00:00.0026852" startTime="2024-01-09T15:42:44.2946555+01:00" endTime="2024-01-09T15:42:44.2946555+01:00" testType="13cdc9d9-ddb5-4fa4-a97d-d965ccfc6d4b" outcome="Passed" testListId="8c84fa94-04c1-424b-9868-57a2d4851a1d" relativeResultsDirectory="63f9d664-0e35-4711-af8d-c915116498c0" />
    <UnitTestResult executionId="48f2dd5d-15c4-449f-aacb-0a89e0e095de" testId="ea04284a-6bc5-0d7c-11e4-cc30226cf923" testName="GetCurrentProperties_WhenTimerStopRuleHasNoTime_ReturnsTimerProperty" computerName="DKSR-EFI-06" duration="00:00:00.0029285" startTime="2024-01-09T15:42:35.4039909+01:00" endTime="2024-01-09T15:42:35.4039909+01:00" testType="13cdc9d9-ddb5-4fa4-a97d-d965ccfc6d4b" outcome="Passed" testListId="8c84fa94-04c1-424b-9868-57a2d4851a1d" relativeResultsDirectory="48f2dd5d-15c4-449f-aacb-0a89e0e095de" />
    <UnitTestResult executionId="bfc4f168-6cba-4507-b7c7-8344f6252efa" testId="74dee336-3ae8-f0ee-2d39-d913d32def47" testName="SystemSettingsManager_ConvertToDatabaseValue_NonExistant" computerName="DKSR-EFI-06" duration="00:00:00.0009330" startTime="2024-01-09T15:42:25.6695930+01:00" endTime="2024-01-09T15:42:25.6695930+01:00" testType="13cdc9d9-ddb5-4fa4-a97d-d965ccfc6d4b" outcome="Passed" testListId="8c84fa94-04c1-424b-9868-57a2d4851a1d" relativeResultsDirectory="bfc4f168-6cba-4507-b7c7-8344f6252efa" />
    <UnitTestResult executionId="88579a5c-9d76-4759-ac14-8dd7b002c8cf" testId="1089b6dc-96e9-f741-61ef-1d7d60da6fc7" testName="SystemSettingsManager_CheckSetPermissions_NonExisting" computerName="DKSR-EFI-06" duration="00:00:00.0005010" startTime="2024-01-09T15:42:25.6852162+01:00" endTime="2024-01-09T15:42:25.6852162+01:00" testType="13cdc9d9-ddb5-4fa4-a97d-d965ccfc6d4b" outcome="Passed" testListId="8c84fa94-04c1-424b-9868-57a2d4851a1d" relativeResultsDirectory="88579a5c-9d76-4759-ac14-8dd7b002c8cf" />
    <UnitTestResult executionId="672db905-0243-4b83-aaf1-d5c81a9eb1eb" testId="57a94566-b60a-f031-4f23-72fc87472498" testName="SendCommandSecurityVisitor_UpdateUserSecurityTokensCommand_NotSupportedException" computerName="DKSR-EFI-06" duration="00:00:00.0033208" startTime="2024-01-09T15:42:21.7945883+01:00" endTime="2024-01-09T15:42:21.7945883+01:00" testType="13cdc9d9-ddb5-4fa4-a97d-d965ccfc6d4b" outcome="Passed" testListId="8c84fa94-04c1-424b-9868-57a2d4851a1d" relativeResultsDirectory="672db905-0243-4b83-aaf1-d5c81a9eb1eb" />
    <UnitTestResult executionId="dffcb724-a648-46cb-bb9c-bf6f9a8b9266" testId="544c0dc3-44a8-7c38-8e4c-99f960ad903d" testName="SendCommandSecurityVisitor_UpdateConfigurationManagerCommand_MotionPlugin_Edit_Allowed" computerName="DKSR-EFI-06" duration="00:00:00.0180251" startTime="2024-01-09T15:42:23.9977168+01:00" endTime="2024-01-09T15:42:24.0289653+01:00" testType="13cdc9d9-ddb5-4fa4-a97d-d965ccfc6d4b" outcome="Passed" testListId="8c84fa94-04c1-424b-9868-57a2d4851a1d" relativeResultsDirectory="dffcb724-a648-46cb-bb9c-bf6f9a8b9266" />
    <UnitTestResult executionId="37f2bfef-3f7e-4e34-906f-c697fadce2bf" testId="68225ca9-5992-6f4c-9ce3-9b5782612fae" testName="UnauthorizedException_Format_Correct" computerName="DKSR-EFI-06" duration="00:00:00.0006302" startTime="2024-01-09T15:42:29.5289666+01:00" endTime="2024-01-09T15:42:29.5445892+01:00" testType="13cdc9d9-ddb5-4fa4-a97d-d965ccfc6d4b" outcome="Passed" testListId="8c84fa94-04c1-424b-9868-57a2d4851a1d" relativeResultsDirectory="37f2bfef-3f7e-4e34-906f-c697fadce2bf" />
    <UnitTestResult executionId="8847d433-cfba-424c-9d58-ef13090882a8" testId="e051455c-225d-fdf8-0081-6af123840356" testName="GetNextProperties_WhenAllPropertiesArePresent_ReturnsNoProperties" computerName="DKSR-EFI-06" duration="00:00:00.0008778" startTime="2024-01-09T15:42:34.3414840+01:00" endTime="2024-01-09T15:42:34.3414840+01:00" testType="13cdc9d9-ddb5-4fa4-a97d-d965ccfc6d4b" outcome="Passed" testListId="8c84fa94-04c1-424b-9868-57a2d4851a1d" relativeResultsDirectory="8847d433-cfba-424c-9d58-ef13090882a8" />
    <UnitTestResult executionId="5417861e-738d-462e-9582-9148d5e0173c" testId="cd445cb0-e88a-238a-d177-673b701ad618" testName="BuildAccessControlItem_ShouldReturnAccessControlUnitConfigurationItem_WhenPathIsAccessControlUnit" computerName="DKSR-EFI-06" duration="00:00:00.0017219" startTime="2024-01-09T15:42:41.8415223+01:00" endTime="2024-01-09T15:42:41.8415223+01:00" testType="13cdc9d9-ddb5-4fa4-a97d-d965ccfc6d4b" outcome="Passed" testListId="8c84fa94-04c1-424b-9868-57a2d4851a1d" relativeResultsDirectory="5417861e-738d-462e-9582-9148d5e0173c" />
    <UnitTestResult executionId="d237ac95-2499-4b83-8cc0-9a2a6640a801" testId="dd2289be-5090-0fdd-2079-b46f51e4d3bf" testName="Initialize_AuthorizationServerUriIsNull_ThrowsArgumentNullException" computerName="DKSR-EFI-06" duration="00:00:00.0006113" startTime="2024-01-09T15:42:30.1227187+01:00" endTime="2024-01-09T15:42:30.1227187+01:00" testType="13cdc9d9-ddb5-4fa4-a97d-d965ccfc6d4b" outcome="Passed" testListId="8c84fa94-04c1-424b-9868-57a2d4851a1d" relativeResultsDirectory="d237ac95-2499-4b83-8cc0-9a2a6640a801" />
    <UnitTestResult executionId="bd469c37-d595-4a1b-9bf4-0193608b6ce6" testId="d3c40996-c352-9d04-c7b8-1406c2f08c97" testName="Build_ActivateArchiving_ReturnsActionModel" computerName="DKSR-EFI-06" duration="00:00:00.0009185" startTime="2024-01-09T15:42:36.4196256+01:00" endTime="2024-01-09T15:42:36.4196256+01:00" testType="13cdc9d9-ddb5-4fa4-a97d-d965ccfc6d4b" outcome="Passed" testListId="8c84fa94-04c1-424b-9868-57a2d4851a1d" relativeResultsDirectory="bd469c37-d595-4a1b-9bf4-0193608b6ce6" />
    <UnitTestResult executionId="ee1c753c-e4d9-4a45-b679-78d362eca107" testId="45fe8065-b4cc-eb85-2d6f-0cef16676fb9" testName="validateItem_ParamNullCheck_ParentPath" computerName="DKSR-EFI-06" duration="00:00:00.0013455" startTime="2024-01-09T15:42:41.1540205+01:00" endTime="2024-01-09T15:42:41.1540205+01:00" testType="13cdc9d9-ddb5-4fa4-a97d-d965ccfc6d4b" outcome="Passed" testListId="8c84fa94-04c1-424b-9868-57a2d4851a1d" relativeResultsDirectory="ee1c753c-e4d9-4a45-b679-78d362eca107" />
    <UnitTestResult executionId="ad01f245-9013-4f63-a984-9d8f5f6ef29a" testId="df9b21cb-1e3c-7f95-aba2-da5a501c4385" testName="Validation_CheckAddressIntervals_NullOrEmpty_DenyNullOrEmpty_ArgumentNullException" computerName="DKSR-EFI-06" duration="00:00:00.0007831" startTime="2024-01-09T15:42:25.7477151+01:00" endTime="2024-01-09T15:42:25.7477151+01:00" testType="13cdc9d9-ddb5-4fa4-a97d-d965ccfc6d4b" outcome="Passed" testListId="8c84fa94-04c1-424b-9868-57a2d4851a1d" relativeResultsDirectory="ad01f245-9013-4f63-a984-9d8f5f6ef29a" />
    <UnitTestResult executionId="783fd976-2f15-406c-910f-664d7cbef996" testId="44bd2721-0dfc-52b2-7f52-9500391dd421" testName="ConfigurationItemPath_CreateFolderPath_IdNull_ArgumentNullException" computerName="DKSR-EFI-06" duration="00:00:00.0009620" startTime="2024-01-09T15:42:33.4977340+01:00" endTime="2024-01-09T15:42:33.4977340+01:00" testType="13cdc9d9-ddb5-4fa4-a97d-d965ccfc6d4b" outcome="Passed" testListId="8c84fa94-04c1-424b-9868-57a2d4851a1d" relativeResultsDirectory="783fd976-2f15-406c-910f-664d7cbef996">
      <Output>
        <StdOut>Debug Trace:&#xD;
Fail: Argument null</StdOut>
      </Output>
    </UnitTestResult>
    <UnitTestResult executionId="f63488fa-3dca-49f9-99b3-962e947d1897" testId="0dbf5378-9976-7e13-6850-ef765e301d08" testName="Post_ValidObject_PassedOnToSubController_ReturnsResultCode" computerName="DKSR-EFI-06" duration="00:00:00.0326708" startTime="2024-01-09T15:42:27.3883402+01:00" endTime="2024-01-09T15:42:27.4352154+01:00" testType="13cdc9d9-ddb5-4fa4-a97d-d965ccfc6d4b" outcome="Passed" testListId="8c84fa94-04c1-424b-9868-57a2d4851a1d" relativeResultsDirectory="f63488fa-3dca-49f9-99b3-962e947d1897" />
    <UnitTestResult executionId="700b3d9a-46e3-4760-9cb8-eb0831f21885" testId="17f5eda0-43c1-039d-2878-d23868161956" testName="GetNextProperties_WhenRuleTypeIsEvent_EventTypeNotPresent_ReturnsEventTypeProperty" computerName="DKSR-EFI-06" duration="00:00:00.0026171" startTime="2024-01-09T15:42:35.2321165+01:00" endTime="2024-01-09T15:42:35.2477425+01:00" testType="13cdc9d9-ddb5-4fa4-a97d-d965ccfc6d4b" outcome="Passed" testListId="8c84fa94-04c1-424b-9868-57a2d4851a1d" relativeResultsDirectory="700b3d9a-46e3-4760-9cb8-eb0831f21885" />
    <UnitTestResult executionId="e1cac9a1-fc8f-4044-b654-39fe6ff4dd43" testId="c495a372-f134-4a93-df87-2712d3a010aa" testName="Build_SetDeviceOutputStateActions_Created" computerName="DKSR-EFI-06" duration="00:00:00.0043201" startTime="2024-01-09T15:42:36.5602497+01:00" endTime="2024-01-09T15:42:36.5602497+01:00" testType="13cdc9d9-ddb5-4fa4-a97d-d965ccfc6d4b" outcome="Passed" testListId="8c84fa94-04c1-424b-9868-57a2d4851a1d" relativeResultsDirectory="e1cac9a1-fc8f-4044-b654-39fe6ff4dd43" />
    <UnitTestResult executionId="ca5a3cc0-aee5-4386-88ba-0332dbe126d0" testId="b2652eae-a656-5463-5262-1292e0b98b25" testName="Invoke_ActivateLicense_SunnyDay_NewAuto" computerName="DKSR-EFI-06" duration="00:00:00.0084352" startTime="2024-01-09T15:42:40.5602670+01:00" endTime="2024-01-09T15:42:40.5758942+01:00" testType="13cdc9d9-ddb5-4fa4-a97d-d965ccfc6d4b" outcome="Passed" testListId="8c84fa94-04c1-424b-9868-57a2d4851a1d" relativeResultsDirectory="ca5a3cc0-aee5-4386-88ba-0332dbe126d0" />
    <UnitTestResult executionId="464bad84-364c-4bcc-9d4a-07075b143469" testId="a7ff2a40-fd67-bee6-9638-1bd08f07cee5" testName="Build_WhenStartTypeIsConfigurableEvent_CorrectGroupIsSet_ReturnsTrue" computerName="DKSR-EFI-06" duration="00:00:00.0023090" startTime="2024-01-09T15:42:38.9665104+01:00" endTime="2024-01-09T15:42:38.9665104+01:00" testType="13cdc9d9-ddb5-4fa4-a97d-d965ccfc6d4b" outcome="Passed" testListId="8c84fa94-04c1-424b-9868-57a2d4851a1d" relativeResultsDirectory="464bad84-364c-4bcc-9d4a-07075b143469" />
    <UnitTestResult executionId="2d861a90-760f-47d2-a2d7-b3e0732f5608" testId="1326b336-521f-8c2b-6f61-f1b190c3d816" testName="Build_WhenStartRecurringTimeAsStartRuleType_RecurringTimeModelIsSet" computerName="DKSR-EFI-06" duration="00:00:00.0064324" startTime="2024-01-09T15:42:36.5914995+01:00" endTime="2024-01-09T15:42:36.5914995+01:00" testType="13cdc9d9-ddb5-4fa4-a97d-d965ccfc6d4b" outcome="Passed" testListId="8c84fa94-04c1-424b-9868-57a2d4851a1d" relativeResultsDirectory="2d861a90-760f-47d2-a2d7-b3e0732f5608" />
    <UnitTestResult executionId="27dd8c70-e8c3-4c72-8f0f-8a40254b35ba" testId="3ab1739a-18cc-7c95-9066-de7858647718" testName="GetNextProperties_WhenActionPropertyHasValueButNoParameters_ReturnsListWithParametersProperties" computerName="DKSR-EFI-06" duration="00:00:00.0045983" startTime="2024-01-09T15:42:34.6383655+01:00" endTime="2024-01-09T15:42:34.6383655+01:00" testType="13cdc9d9-ddb5-4fa4-a97d-d965ccfc6d4b" outcome="Passed" testListId="8c84fa94-04c1-424b-9868-57a2d4851a1d" relativeResultsDirectory="27dd8c70-e8c3-4c72-8f0f-8a40254b35ba" />
    <UnitTestResult executionId="cc301602-4913-48aa-8070-72124bca0779" testId="90daf2b8-397c-c201-a2f5-1c5f2f7e5b05" testName="IsComplete_WhenTimeBetweenWithEndTimeButNotStartTimePropertiesSet_ReturnsTrue" computerName="DKSR-EFI-06" duration="00:00:00.0010638" startTime="2024-01-09T15:42:34.7633639+01:00" endTime="2024-01-09T15:42:34.7633639+01:00" testType="13cdc9d9-ddb5-4fa4-a97d-d965ccfc6d4b" outcome="Passed" testListId="8c84fa94-04c1-424b-9868-57a2d4851a1d" relativeResultsDirectory="cc301602-4913-48aa-8070-72124bca0779" />
    <UnitTestResult executionId="1d07cb87-c6c0-48d9-9bfd-2cfa43685d99" testId="5272544f-2caf-ce38-682b-a182d695fadf" testName="Build_WhenNoConditions_ReturnsNoPropertiesSet" computerName="DKSR-EFI-06" duration="00:00:00.0089323" startTime="2024-01-09T15:42:36.3258723+01:00" endTime="2024-01-09T15:42:36.3414997+01:00" testType="13cdc9d9-ddb5-4fa4-a97d-d965ccfc6d4b" outcome="Passed" testListId="8c84fa94-04c1-424b-9868-57a2d4851a1d" relativeResultsDirectory="1d07cb87-c6c0-48d9-9bfd-2cfa43685d99" />
    <UnitTestResult executionId="e31d36f0-2acf-4bdd-854a-f1d6623ac398" testId="44468b9b-8865-af04-7635-caa591bdbad2" testName="DeviceStreams_RemoveStream_Success" computerName="DKSR-EFI-06" duration="00:00:00.0152851" startTime="2024-01-09T15:42:42.6540231+01:00" endTime="2024-01-09T15:42:42.6696589+01:00" testType="13cdc9d9-ddb5-4fa4-a97d-d965ccfc6d4b" outcome="Passed" testListId="8c84fa94-04c1-424b-9868-57a2d4851a1d" relativeResultsDirectory="e31d36f0-2acf-4bdd-854a-f1d6623ac398" />
    <UnitTestResult executionId="d4f4c30f-bf1c-4bb0-8dd7-761f2c06f7c4" testId="04c57bc7-38e5-7eee-12b7-1a6012a4faea" testName="Invoke_AddTag_InvalidTag" computerName="DKSR-EFI-06" duration="00:00:00.0019740" startTime="2024-01-09T15:42:39.6383878+01:00" endTime="2024-01-09T15:42:39.6383878+01:00" testType="13cdc9d9-ddb5-4fa4-a97d-d965ccfc6d4b" outcome="Passed" testListId="8c84fa94-04c1-424b-9868-57a2d4851a1d" relativeResultsDirectory="d4f4c30f-bf1c-4bb0-8dd7-761f2c06f7c4" />
    <UnitTestResult executionId="84184a32-8b7f-4541-8bc4-6747a0994a27" testId="1c18b609-74a3-5c5d-78f3-71ecd6ed200d" testName="ClientVersionHandling_CheckSmartClientVersion_OldClient" computerName="DKSR-EFI-06" duration="00:00:00.0005833" startTime="2024-01-09T15:42:20.5445878+01:00" endTime="2024-01-09T15:42:20.5445878+01:00" testType="13cdc9d9-ddb5-4fa4-a97d-d965ccfc6d4b" outcome="Passed" testListId="8c84fa94-04c1-424b-9868-57a2d4851a1d" relativeResultsDirectory="84184a32-8b7f-4541-8bc4-6747a0994a27" />
    <UnitTestResult executionId="90036a5a-8991-48e4-b342-1ee512d3dc6f" testId="a41d3ffe-7adc-b241-ae12-4e3ac7d2d2ab" testName="GetTaskListInJson_UseFolderItem" computerName="DKSR-EFI-06" duration="00:00:00.0048707" startTime="2024-01-09T15:42:29.4508396+01:00" endTime="2024-01-09T15:42:29.4664636+01:00" testType="13cdc9d9-ddb5-4fa4-a97d-d965ccfc6d4b" outcome="Passed" testListId="8c84fa94-04c1-424b-9868-57a2d4851a1d" relativeResultsDirectory="90036a5a-8991-48e4-b342-1ee512d3dc6f" />
    <UnitTestResult executionId="fb4d6177-b2d5-4242-a05a-41c349c07a41" testId="9ed470b4-cf78-82d0-e669-41f1a6018083" testName="GetItem_WhenRuleIsNull_PathNotFoundException" computerName="DKSR-EFI-06" duration="00:00:00.0021487" startTime="2024-01-09T15:42:33.9977357+01:00" endTime="2024-01-09T15:42:33.9977357+01:00" testType="13cdc9d9-ddb5-4fa4-a97d-d965ccfc6d4b" outcome="Passed" testListId="8c84fa94-04c1-424b-9868-57a2d4851a1d" relativeResultsDirectory="fb4d6177-b2d5-4242-a05a-41c349c07a41" />
    <UnitTestResult executionId="c9b333be-2639-4311-af25-bd0cbc3aacfa" testId="4ff37ccd-f57f-ba0a-c02c-158b3f222854" testName="GetItem_DoesCorrectPassThrough" computerName="DKSR-EFI-06" duration="00:00:00.0270268" startTime="2024-01-09T15:42:28.8414636+01:00" endTime="2024-01-09T15:42:28.8570903+01:00" testType="13cdc9d9-ddb5-4fa4-a97d-d965ccfc6d4b" outcome="Passed" testListId="8c84fa94-04c1-424b-9868-57a2d4851a1d" relativeResultsDirectory="c9b333be-2639-4311-af25-bd0cbc3aacfa" />
    <UnitTestResult executionId="6a8fe993-a9a4-48d2-9f4d-25e03cc5c03d" testId="83e77d75-b254-0948-b841-26ddd5c58e7c" testName="Build_VideoWallSetToCameras_WhenParametersAreSet_ReturnsActionModel" computerName="DKSR-EFI-06" duration="00:00:00.0017085" startTime="2024-01-09T15:42:36.4352488+01:00" endTime="2024-01-09T15:42:36.4352488+01:00" testType="13cdc9d9-ddb5-4fa4-a97d-d965ccfc6d4b" outcome="Passed" testListId="8c84fa94-04c1-424b-9868-57a2d4851a1d" relativeResultsDirectory="6a8fe993-a9a4-48d2-9f4d-25e03cc5c03d" />
    <UnitTestResult executionId="ebe43770-cdcf-44b9-a05a-f4c107786e42" testId="0edad4b9-43b0-264d-cd81-71a24da1dddd" testName="SetItem_ParamNullCheck_ParentPathTest" computerName="DKSR-EFI-06" duration="00:00:00.0005832" startTime="2024-01-09T15:42:41.5446473+01:00" endTime="2024-01-09T15:42:41.5602721+01:00" testType="13cdc9d9-ddb5-4fa4-a97d-d965ccfc6d4b" outcome="Passed" testListId="8c84fa94-04c1-424b-9868-57a2d4851a1d" relativeResultsDirectory="ebe43770-cdcf-44b9-a05a-f4c107786e42" />
    <UnitTestResult executionId="f9cbbd64-1941-4916-9188-5dfc367bcc2a" testId="9ce5cf27-d52c-8811-b575-c7a58d606301" testName="Initialize_SecretHandleThrowsRemoveFileSecretException_ExceptionIsLogAndRethrow" computerName="DKSR-EFI-06" duration="00:00:00.0025155" startTime="2024-01-09T15:42:30.1695902+01:00" endTime="2024-01-09T15:42:30.1695902+01:00" testType="13cdc9d9-ddb5-4fa4-a97d-d965ccfc6d4b" outcome="Passed" testListId="8c84fa94-04c1-424b-9868-57a2d4851a1d" relativeResultsDirectory="f9cbbd64-1941-4916-9188-5dfc367bcc2a" />
    <UnitTestResult executionId="d07fab5f-7343-4974-9d83-3f38bd93b442" testId="479474de-7110-6d22-c0bd-c11d24078056" testName="InvokeMethod_SetAudioFileContent_SunnyDayTest" computerName="DKSR-EFI-06" duration="00:00:00.0022214" startTime="2024-01-09T15:42:41.6852708+01:00" endTime="2024-01-09T15:42:41.7008964+01:00" testType="13cdc9d9-ddb5-4fa4-a97d-d965ccfc6d4b" outcome="Passed" testListId="8c84fa94-04c1-424b-9868-57a2d4851a1d" relativeResultsDirectory="d07fab5f-7343-4974-9d83-3f38bd93b442" />
    <UnitTestResult executionId="2bd5ad9a-4906-43b1-a97c-9b7cbbfd3d3c" testId="d02d6f6c-0e61-df55-d52e-35526d3bea28" testName="Validate_WhenEventRuleStopRuleHasNoneType_Passes" computerName="DKSR-EFI-06" duration="00:00:00.0186776" startTime="2024-01-09T15:42:37.4665042+01:00" endTime="2024-01-09T15:42:37.4822294+01:00" testType="13cdc9d9-ddb5-4fa4-a97d-d965ccfc6d4b" outcome="Passed" testListId="8c84fa94-04c1-424b-9868-57a2d4851a1d" relativeResultsDirectory="2bd5ad9a-4906-43b1-a97c-9b7cbbfd3d3c" />
    <UnitTestResult executionId="99bd5e84-19b7-4232-b218-e9f10508e62c" testId="009d4c82-6b64-6254-c13d-f667af4af74d" testName="InvokeMethod_AddSearchTemplateInvokeInfo" computerName="DKSR-EFI-06" duration="00:00:00.0091182" startTime="2024-01-09T15:42:41.0133943+01:00" endTime="2024-01-09T15:42:41.0133943+01:00" testType="13cdc9d9-ddb5-4fa4-a97d-d965ccfc6d4b" outcome="Passed" testListId="8c84fa94-04c1-424b-9868-57a2d4851a1d" relativeResultsDirectory="99bd5e84-19b7-4232-b218-e9f10508e62c" />
    <UnitTestResult executionId="35b1cdb6-3b26-422b-bdb1-c86b724da05f" testId="a2e125cc-8e6f-2627-5e11-9387e5939527" testName="InvokeMethod_ParamNullCheck_PathTest" computerName="DKSR-EFI-06" duration="00:00:00.0005415" startTime="2024-01-09T15:42:41.7477704+01:00" endTime="2024-01-09T15:42:41.7477704+01:00" testType="13cdc9d9-ddb5-4fa4-a97d-d965ccfc6d4b" outcome="Passed" testListId="8c84fa94-04c1-424b-9868-57a2d4851a1d" relativeResultsDirectory="35b1cdb6-3b26-422b-bdb1-c86b724da05f" />
    <UnitTestResult executionId="bc5f6325-b501-4221-8cb0-844a87acd0e9" testId="9bde8f7e-c80f-ee79-01f0-bc6a27ef19d7" testName="BuildAccessControlItem_ShouldReturnAccessControlSystemConfigurationItem_WhenPathIsAccessControlSystem" computerName="DKSR-EFI-06" duration="00:00:00.0037177" startTime="2024-01-09T15:42:41.8258978+01:00" endTime="2024-01-09T15:42:41.8258978+01:00" testType="13cdc9d9-ddb5-4fa4-a97d-d965ccfc6d4b" outcome="Passed" testListId="8c84fa94-04c1-424b-9868-57a2d4851a1d" relativeResultsDirectory="bc5f6325-b501-4221-8cb0-844a87acd0e9" />
    <UnitTestResult executionId="65c5bb35-0242-42cd-9839-91c2dade6567" testId="9db6bb97-3604-b8fc-5976-8fd38116c854" testName="ConfigurationItemPathBuilder_Create_InvalidPath_ArgumentException (Data Row 4)" computerName="DKSR-EFI-06" duration="00:00:00.0005017" startTime="2024-01-09T15:42:33.3571055+01:00" endTime="2024-01-09T15:42:33.3571055+01:00" testType="13cdc9d9-ddb5-4fa4-a97d-d965ccfc6d4b" outcome="Passed" testListId="8c84fa94-04c1-424b-9868-57a2d4851a1d" relativeResultsDirectory="65c5bb35-0242-42cd-9839-91c2dade6567">
      <Output>
        <StdOut>Debug Trace:&#xD;
Fail: Id is invalid: 04B9C9E3-6CD2-4EE4-8D2B-968221125808</StdOut>
      </Output>
    </UnitTestResult>
    <UnitTestResult executionId="455da9bb-ff71-46d7-9dbc-72cfd3419a49" testId="6c30c40b-705d-dcb1-085a-86bcc3c5fe56" testName="Validate_WhenMonthlyRelativeFrequency_OffsetParameterIsEmpty_ReturnsError" computerName="DKSR-EFI-06" duration="00:00:00.0004541" startTime="2024-01-09T15:42:37.1071273+01:00" endTime="2024-01-09T15:42:37.1071273+01:00" testType="13cdc9d9-ddb5-4fa4-a97d-d965ccfc6d4b" outcome="Passed" testListId="8c84fa94-04c1-424b-9868-57a2d4851a1d" relativeResultsDirectory="455da9bb-ff71-46d7-9dbc-72cfd3419a49" />
    <UnitTestResult executionId="af2af1a7-7476-4fd9-af8f-d494d99c3648" testId="a8d10047-b022-21c4-ac98-809bf1a7dbc8" testName="ScheduledActionController_UpdateSchedule_ProviderReturnsNull" computerName="DKSR-EFI-06" duration="00:00:00.0139792" startTime="2024-01-09T15:42:43.9196550+01:00" endTime="2024-01-09T15:42:43.9352793+01:00" testType="13cdc9d9-ddb5-4fa4-a97d-d965ccfc6d4b" outcome="Passed" testListId="8c84fa94-04c1-424b-9868-57a2d4851a1d" relativeResultsDirectory="af2af1a7-7476-4fd9-af8f-d494d99c3648" />
    <UnitTestResult executionId="782154de-fd69-4ce4-b76e-9538911dff32" testId="3ca23b90-0c45-6939-86f5-acd5733daffb" testName="Invoke_WhenSecondTime_RuleNotFound" computerName="DKSR-EFI-06" duration="00:00:00.0033495" startTime="2024-01-09T15:42:34.3102377+01:00" endTime="2024-01-09T15:42:34.3102377+01:00" testType="13cdc9d9-ddb5-4fa4-a97d-d965ccfc6d4b" outcome="Passed" testListId="8c84fa94-04c1-424b-9868-57a2d4851a1d" relativeResultsDirectory="782154de-fd69-4ce4-b76e-9538911dff32" />
    <UnitTestResult executionId="8bcbc371-056b-42a8-abb7-a7d37732416d" testId="b9d9468d-465d-3fe1-6b74-9731d4ccfc2f" testName="Invoke_WhenNotAllDataIsProvided_CreatesInvokeInfo" computerName="DKSR-EFI-06" duration="00:00:00.0162701" startTime="2024-01-09T15:42:34.2478292+01:00" endTime="2024-01-09T15:42:34.2633618+01:00" testType="13cdc9d9-ddb5-4fa4-a97d-d965ccfc6d4b" outcome="Passed" testListId="8c84fa94-04c1-424b-9868-57a2d4851a1d" relativeResultsDirectory="8bcbc371-056b-42a8-abb7-a7d37732416d" />
    <UnitTestResult executionId="f0da44e0-c0ba-4a42-bf45-28ebd31ca1c7" testId="cfdd4acb-c2e3-6825-8f0f-ff742e2e6eb9" testName="Validation_ProcessTime_Is_Null_allowNull_Success" computerName="DKSR-EFI-06" duration="00:00:00.0001665" startTime="2024-01-09T15:42:26.2008399+01:00" endTime="2024-01-09T15:42:26.2008399+01:00" testType="13cdc9d9-ddb5-4fa4-a97d-d965ccfc6d4b" outcome="Passed" testListId="8c84fa94-04c1-424b-9868-57a2d4851a1d" relativeResultsDirectory="f0da44e0-c0ba-4a42-bf45-28ebd31ca1c7" />
    <UnitTestResult executionId="36052ca9-09ff-4a42-a8f5-0779b77db728" testId="a4e9b2aa-21b2-68f3-cf52-4b0e0b3902fa" testName="ConfigurationItemPath_CreateFolderPath_SystemRoot_Succes" computerName="DKSR-EFI-06" duration="00:00:00.0007797" startTime="2024-01-09T15:42:33.4821078+01:00" endTime="2024-01-09T15:42:33.4821078+01:00" testType="13cdc9d9-ddb5-4fa4-a97d-d965ccfc6d4b" outcome="Passed" testListId="8c84fa94-04c1-424b-9868-57a2d4851a1d" relativeResultsDirectory="36052ca9-09ff-4a42-a8f5-0779b77db728" />
    <UnitTestResult executionId="865c33c6-39b5-4d61-9d5f-cf70a9b168a4" testId="004f9fc7-a748-89ff-f15f-3123ff963d6c" testName="GetItem_InvalidPathTest" computerName="DKSR-EFI-06" duration="00:00:00.0009285" startTime="2024-01-09T15:42:41.7321466+01:00" endTime="2024-01-09T15:42:41.7321466+01:00" testType="13cdc9d9-ddb5-4fa4-a97d-d965ccfc6d4b" outcome="Passed" testListId="8c84fa94-04c1-424b-9868-57a2d4851a1d" relativeResultsDirectory="865c33c6-39b5-4d61-9d5f-cf70a9b168a4" />
    <UnitTestResult executionId="19f31ae5-768e-4990-ba15-1ac21cbb55fb" testId="81063b68-97c3-8964-19d0-3444b84e05a5" testName="GetItem_FindSaveSearches" computerName="DKSR-EFI-06" duration="00:00:00.0031675" startTime="2024-01-09T15:42:41.0915595+01:00" endTime="2024-01-09T15:42:41.0915595+01:00" testType="13cdc9d9-ddb5-4fa4-a97d-d965ccfc6d4b" outcome="Passed" testListId="8c84fa94-04c1-424b-9868-57a2d4851a1d" relativeResultsDirectory="19f31ae5-768e-4990-ba15-1ac21cbb55fb" />
    <UnitTestResult executionId="41086ccd-fa59-49ce-a1c2-1e5b518a235e" testId="522dfa67-536d-aef0-4ee1-f561163eb309" testName="GetNextProperties_WhenWithinTimeProfileIsSetToTrueAndTimeProfilePropertyIsSet_ReturnsNoProperty" computerName="DKSR-EFI-06" duration="00:00:00.0006421" startTime="2024-01-09T15:42:34.8727416+01:00" endTime="2024-01-09T15:42:34.8727416+01:00" testType="13cdc9d9-ddb5-4fa4-a97d-d965ccfc6d4b" outcome="Passed" testListId="8c84fa94-04c1-424b-9868-57a2d4851a1d" relativeResultsDirectory="41086ccd-fa59-49ce-a1c2-1e5b518a235e" />
    <UnitTestResult executionId="84705cc1-2384-4599-97c8-6203427c02a4" testId="38bd37a3-404a-5efa-b165-6dddb6081bcc" testName="Validate_WhenValueTypeEmptyIntAndItIsNotAllowed_Error" computerName="DKSR-EFI-06" duration="00:00:00.0014431" startTime="2024-01-09T15:42:37.1696277+01:00" endTime="2024-01-09T15:42:37.1852540+01:00" testType="13cdc9d9-ddb5-4fa4-a97d-d965ccfc6d4b" outcome="Passed" testListId="8c84fa94-04c1-424b-9868-57a2d4851a1d" relativeResultsDirectory="84705cc1-2384-4599-97c8-6203427c02a4" />
    <UnitTestResult executionId="ff71dc1d-c04c-40a7-b24b-8f799a10831b" testId="e4d55142-943b-7ab2-c16b-8d11d387b47e" testName="SendCommandSecurityVisitor_UpdateConfigurationManagerCommand_Recorder_Delete_Allowed" computerName="DKSR-EFI-06" duration="00:00:00.0228854" startTime="2024-01-09T15:42:23.2945874+01:00" endTime="2024-01-09T15:42:23.3102133+01:00" testType="13cdc9d9-ddb5-4fa4-a97d-d965ccfc6d4b" outcome="Passed" testListId="8c84fa94-04c1-424b-9868-57a2d4851a1d" relativeResultsDirectory="ff71dc1d-c04c-40a7-b24b-8f799a10831b" />
    <UnitTestResult executionId="cea90d6f-49ec-4dbf-a823-ba3769e7f472" testId="2bd816c3-fc22-2bf2-945d-17886ecdce57" testName="UpdateLicense_CallsQueryLicense_Always" computerName="DKSR-EFI-06" duration="00:00:00.0835283" startTime="2024-01-09T15:42:18.3884180+01:00" endTime="2024-01-09T15:42:18.4820847+01:00" testType="13cdc9d9-ddb5-4fa4-a97d-d965ccfc6d4b" outcome="Passed" testListId="8c84fa94-04c1-424b-9868-57a2d4851a1d" relativeResultsDirectory="cea90d6f-49ec-4dbf-a823-ba3769e7f472" />
    <UnitTestResult executionId="de894c7c-16b5-48e4-afe4-b7620989a022" testId="89ea4bb4-62c8-2801-d399-3e41156c874c" testName="SendCommandSecurityVisitor_UpdateConfigurationManagerCommand_SystemSetting_Delete_NotSupportedException" computerName="DKSR-EFI-06" duration="00:00:00.0178344" startTime="2024-01-09T15:42:24.6070882+01:00" endTime="2024-01-09T15:42:24.6383399+01:00" testType="13cdc9d9-ddb5-4fa4-a97d-d965ccfc6d4b" outcome="Passed" testListId="8c84fa94-04c1-424b-9868-57a2d4851a1d" relativeResultsDirectory="de894c7c-16b5-48e4-afe4-b7620989a022" />
    <UnitTestResult executionId="653ad323-1f30-4e46-b909-780e4156d6a5" testId="bbf5d914-0b96-de91-dad6-7886da474b62" testName="AsyncRetryExecutionArgumentDelayTest" computerName="DKSR-EFI-06" duration="00:00:00.0013193" startTime="2024-01-09T15:42:43.1696516+01:00" endTime="2024-01-09T15:42:43.1696516+01:00" testType="13cdc9d9-ddb5-4fa4-a97d-d965ccfc6d4b" outcome="Passed" testListId="8c84fa94-04c1-424b-9868-57a2d4851a1d" relativeResultsDirectory="653ad323-1f30-4e46-b909-780e4156d6a5" />
    <UnitTestResult executionId="079b0229-bf87-467a-b460-b47ebae832ed" testId="536c9430-112e-e7f1-65f6-870e98fb9975" testName="Given_ApiGateWayUri_When_QueryingTheWellKnownUris_Then_ResponseContainsApiGatewayUri" computerName="DKSR-EFI-06" duration="00:00:00.0273754" startTime="2024-01-09T15:42:28.7633377+01:00" endTime="2024-01-09T15:42:28.7945898+01:00" testType="13cdc9d9-ddb5-4fa4-a97d-d965ccfc6d4b" outcome="Passed" testListId="8c84fa94-04c1-424b-9868-57a2d4851a1d" relativeResultsDirectory="079b0229-bf87-467a-b460-b47ebae832ed" />
    <UnitTestResult executionId="6d328d05-e417-41f3-82d3-e7cac31eb026" testId="248cf411-146c-be4a-3859-a7f1997be80d" testName="ConstructSqlSelect_SunnyDay_IntGreaterThan" computerName="DKSR-EFI-06" duration="00:00:00.0005332" startTime="2024-01-09T15:42:33.7477315+01:00" endTime="2024-01-09T15:42:33.7477315+01:00" testType="13cdc9d9-ddb5-4fa4-a97d-d965ccfc6d4b" outcome="Passed" testListId="8c84fa94-04c1-424b-9868-57a2d4851a1d" relativeResultsDirectory="6d328d05-e417-41f3-82d3-e7cac31eb026" />
    <UnitTestResult executionId="c56d93df-2088-4bc4-9a74-1dbfd0bd53c5" testId="4cea91e2-9daf-3355-c855-fc837dab307f" testName="Build_WhenStartActionsAreSupportedButStopActionsAreNot_ReturnsNull" computerName="DKSR-EFI-06" duration="00:00:00.0004266" startTime="2024-01-09T15:42:39.1383894+01:00" endTime="2024-01-09T15:42:39.1383894+01:00" testType="13cdc9d9-ddb5-4fa4-a97d-d965ccfc6d4b" outcome="Passed" testListId="8c84fa94-04c1-424b-9868-57a2d4851a1d" relativeResultsDirectory="c56d93df-2088-4bc4-9a74-1dbfd0bd53c5" />
    <UnitTestResult executionId="5871d59f-6551-41b2-a7fa-94131bf6f2cc" testId="8e1def9b-fab2-a95f-0171-79d68ba749d6" testName="Validate_WhenSubdayTypeRecurring_SubdayEndTimeIsNegative_ReturnsError" computerName="DKSR-EFI-06" duration="00:00:00.0004492" startTime="2024-01-09T15:42:36.9977532+01:00" endTime="2024-01-09T15:42:36.9977532+01:00" testType="13cdc9d9-ddb5-4fa4-a97d-d965ccfc6d4b" outcome="Passed" testListId="8c84fa94-04c1-424b-9868-57a2d4851a1d" relativeResultsDirectory="5871d59f-6551-41b2-a7fa-94131bf6f2cc" />
    <UnitTestResult executionId="4168bdae-c7da-45dc-a887-1ae5f1bd30c2" testId="52afbf91-3769-da4a-2f64-0d6c3fcc652f" testName="Invoke_NullCheck2" computerName="DKSR-EFI-06" duration="00:00:00.0008966" startTime="2024-01-09T15:42:40.5290196+01:00" endTime="2024-01-09T15:42:40.5290196+01:00" testType="13cdc9d9-ddb5-4fa4-a97d-d965ccfc6d4b" outcome="Passed" testListId="8c84fa94-04c1-424b-9868-57a2d4851a1d" relativeResultsDirectory="4168bdae-c7da-45dc-a887-1ae5f1bd30c2" />
    <UnitTestResult executionId="b43d9747-0e20-4825-a77f-c013d234e845" testId="c7656011-c977-ecfd-46dd-5cfa7031faee" testName="GetCurrentProperties_WhenActionPropertyHasValueAndParameterPropertiesExistButMissingRequiredValues_ReturnsListWithOnlyPropertiesThatHaveValues" computerName="DKSR-EFI-06" duration="00:00:00.0068058" startTime="2024-01-09T15:42:34.5914899+01:00" endTime="2024-01-09T15:42:34.6071637+01:00" testType="13cdc9d9-ddb5-4fa4-a97d-d965ccfc6d4b" outcome="Passed" testListId="8c84fa94-04c1-424b-9868-57a2d4851a1d" relativeResultsDirectory="b43d9747-0e20-4825-a77f-c013d234e845" />
    <UnitTestResult executionId="8ec91e1e-83e1-423b-8c5a-a7039f233762" testId="77273e5a-4b84-5052-30a1-0080849e0a1d" testName="ErrorHelper_CreateValidateResult_Exception_Null" computerName="DKSR-EFI-06" duration="00:00:00.0003225" startTime="2024-01-09T15:42:33.5446074+01:00" endTime="2024-01-09T15:42:33.5446074+01:00" testType="13cdc9d9-ddb5-4fa4-a97d-d965ccfc6d4b" outcome="Passed" testListId="8c84fa94-04c1-424b-9868-57a2d4851a1d" relativeResultsDirectory="8ec91e1e-83e1-423b-8c5a-a7039f233762" />
    <UnitTestResult executionId="8635b3cf-373e-4dc8-88ba-b07f0c9e10bb" testId="f6e9d184-0141-5799-30e0-ec0927a9c485" testName="IsComplete_WhenStopRuleIsTimerWithTime_ReturnsTrue" computerName="DKSR-EFI-06" duration="00:00:00.0021196" startTime="2024-01-09T15:42:35.3727460+01:00" endTime="2024-01-09T15:42:35.3883705+01:00" testType="13cdc9d9-ddb5-4fa4-a97d-d965ccfc6d4b" outcome="Passed" testListId="8c84fa94-04c1-424b-9868-57a2d4851a1d" relativeResultsDirectory="8635b3cf-373e-4dc8-88ba-b07f0c9e10bb" />
    <UnitTestResult executionId="40cb2e9c-b9aa-484d-823c-94f2fa6d6a1e" testId="8bbb9a2a-a2d6-98bd-e50b-00d883b4fc1b" testName="InvokeMethod_ParamNullCheck_ConfigurationItemTest" computerName="DKSR-EFI-06" duration="00:00:00.0005357" startTime="2024-01-09T15:42:41.7477704+01:00" endTime="2024-01-09T15:42:41.7477704+01:00" testType="13cdc9d9-ddb5-4fa4-a97d-d965ccfc6d4b" outcome="Passed" testListId="8c84fa94-04c1-424b-9868-57a2d4851a1d" relativeResultsDirectory="40cb2e9c-b9aa-484d-823c-94f2fa6d6a1e" />
    <UnitTestResult executionId="b5497171-4aa6-48cb-b50d-262ce6e5a713" testId="b5b55388-501e-a063-f509-04c76a5b15ca" testName="LoadSpecificItem_UseInvalidPath_ExceptionThrown" computerName="DKSR-EFI-06" duration="00:00:00.0066606" startTime="2024-01-09T15:42:29.4195893+01:00" endTime="2024-01-09T15:42:29.4195893+01:00" testType="13cdc9d9-ddb5-4fa4-a97d-d965ccfc6d4b" outcome="Passed" testListId="8c84fa94-04c1-424b-9868-57a2d4851a1d" relativeResultsDirectory="b5497171-4aa6-48cb-b50d-262ce6e5a713" />
    <UnitTestResult executionId="a82beb2a-364e-4c73-85b1-cada44b61c6f" testId="858a2107-63f0-6dde-c868-d84b86efc507" testName="SendCommandSecurityVisitor_UpdateConfigurationManagerCommand_Output_Delete_NoSecurityCheck" computerName="DKSR-EFI-06" duration="00:00:00.0199010" startTime="2024-01-09T15:42:23.9508393+01:00" endTime="2024-01-09T15:42:23.9820891+01:00" testType="13cdc9d9-ddb5-4fa4-a97d-d965ccfc6d4b" outcome="Passed" testListId="8c84fa94-04c1-424b-9868-57a2d4851a1d" relativeResultsDirectory="a82beb2a-364e-4c73-85b1-cada44b61c6f" />
    <UnitTestResult executionId="92f4ccb5-d787-4346-9bd1-c118796713f9" testId="d9ab1a16-4afb-0cea-47bf-1d017e0f42f3" testName="Validation_ValidateInt32_Value_Is_Null_ArgumentNullException" computerName="DKSR-EFI-06" duration="00:00:00.0004378" startTime="2024-01-09T15:42:25.7320894+01:00" endTime="2024-01-09T15:42:25.7320894+01:00" testType="13cdc9d9-ddb5-4fa4-a97d-d965ccfc6d4b" outcome="Passed" testListId="8c84fa94-04c1-424b-9868-57a2d4851a1d" relativeResultsDirectory="92f4ccb5-d787-4346-9bd1-c118796713f9" />
    <UnitTestResult executionId="83eae631-23b4-43bb-b536-c3edb0c5a21f" testId="e1564018-5e40-e94b-8baf-05af3545d818" testName="ConfigurationItemPath_Create_RootPath_Succes" computerName="DKSR-EFI-06" duration="00:00:00.0002627" startTime="2024-01-09T15:42:33.4196067+01:00" endTime="2024-01-09T15:42:33.4196067+01:00" testType="13cdc9d9-ddb5-4fa4-a97d-d965ccfc6d4b" outcome="Passed" testListId="8c84fa94-04c1-424b-9868-57a2d4851a1d" relativeResultsDirectory="83eae631-23b4-43bb-b536-c3edb0c5a21f" />
    <UnitTestResult executionId="cf4d132c-c9ae-42c8-a078-19fd2738b730" testId="7d3c0575-b1b2-d944-a4b1-74ad04c18963" testName="Validation_MotionDetectionMethod_Success" computerName="DKSR-EFI-06" duration="00:00:00.0016189" startTime="2024-01-09T15:42:26.1695892+01:00" endTime="2024-01-09T15:42:26.1852175+01:00" testType="13cdc9d9-ddb5-4fa4-a97d-d965ccfc6d4b" outcome="Passed" testListId="8c84fa94-04c1-424b-9868-57a2d4851a1d" relativeResultsDirectory="cf4d132c-c9ae-42c8-a078-19fd2738b730" />
    <UnitTestResult executionId="82af5a0a-c79c-4e62-a67f-2911f21608ae" testId="13b165bb-3ae4-64df-f91c-a89f7dc40fd9" testName="ValidateItem_WhenPropertyValueIsInvalid_ValidPropertySet_OverridesInputProperty" computerName="DKSR-EFI-06" duration="00:00:00.0063927" startTime="2024-01-09T15:42:34.0758591+01:00" endTime="2024-01-09T15:42:34.0914878+01:00" testType="13cdc9d9-ddb5-4fa4-a97d-d965ccfc6d4b" outcome="Passed" testListId="8c84fa94-04c1-424b-9868-57a2d4851a1d" relativeResultsDirectory="82af5a0a-c79c-4e62-a67f-2911f21608ae" />
    <UnitTestResult executionId="0d2674c4-0af5-4860-9508-7d813da16165" testId="886b5d6a-c4ee-4582-fe8c-f05c914a483e" testName="SendCommandSecurityVisitor_UpdateConfigurationManagerCommand_UserDefinedEvent_Add_Allowed" computerName="DKSR-EFI-06" duration="00:00:00.0167467" startTime="2024-01-09T15:42:24.6383399+01:00" endTime="2024-01-09T15:42:24.6539631+01:00" testType="13cdc9d9-ddb5-4fa4-a97d-d965ccfc6d4b" outcome="Passed" testListId="8c84fa94-04c1-424b-9868-57a2d4851a1d" relativeResultsDirectory="0d2674c4-0af5-4860-9508-7d813da16165" />
    <UnitTestResult executionId="c64c4253-07c8-40cf-8008-063e1d785a97" testId="45de2a82-b79d-f401-261f-011689a3c6e0" testName="ToString_EnumInput_ReturnsString" computerName="DKSR-EFI-06" duration="00:00:00.0005860" startTime="2024-01-09T15:42:34.2165152+01:00" endTime="2024-01-09T15:42:34.2165152+01:00" testType="13cdc9d9-ddb5-4fa4-a97d-d965ccfc6d4b" outcome="Passed" testListId="8c84fa94-04c1-424b-9868-57a2d4851a1d" relativeResultsDirectory="c64c4253-07c8-40cf-8008-063e1d785a97" />
    <UnitTestResult executionId="e6a9648a-23ff-4206-a02f-209bf396270c" testId="c2fbc879-8781-c67e-ad4f-0e9b7399f147" testName="DeviceEvents_UpdateDeviceEvents_Fail_DifferentUpdateTimes" computerName="DKSR-EFI-06" duration="00:00:00.0055015" startTime="2024-01-09T15:42:41.9821478+01:00" endTime="2024-01-09T15:42:41.9821478+01:00" testType="13cdc9d9-ddb5-4fa4-a97d-d965ccfc6d4b" outcome="Passed" testListId="8c84fa94-04c1-424b-9868-57a2d4851a1d" relativeResultsDirectory="e6a9648a-23ff-4206-a02f-209bf396270c" />
    <UnitTestResult executionId="8dcca8e0-1adf-4817-8e2b-731ad5e892dd" testId="15de793c-6023-440c-c531-e16a7cd587a8" testName="Validate_WhenRecurringTimeRule_StopRuleHasTimeIntervalType_Error" computerName="DKSR-EFI-06" duration="00:00:00.0008838" startTime="2024-01-09T15:42:37.5602549+01:00" endTime="2024-01-09T15:42:37.5602549+01:00" testType="13cdc9d9-ddb5-4fa4-a97d-d965ccfc6d4b" outcome="Passed" testListId="8c84fa94-04c1-424b-9868-57a2d4851a1d" relativeResultsDirectory="8dcca8e0-1adf-4817-8e2b-731ad5e892dd" />
    <UnitTestResult executionId="18f943c2-acb8-40c9-aad0-ba7fe5c7d90e" testId="58a35978-8357-9ff1-bfa8-ab6a96b0da36" testName="GetCurrentProperties_WhenWithinWindowIsSetAndAlwaysHasNullValue_ReturnsProperties" computerName="DKSR-EFI-06" duration="00:00:00.0008100" startTime="2024-01-09T15:42:34.8414910+01:00" endTime="2024-01-09T15:42:34.8414910+01:00" testType="13cdc9d9-ddb5-4fa4-a97d-d965ccfc6d4b" outcome="Passed" testListId="8c84fa94-04c1-424b-9868-57a2d4851a1d" relativeResultsDirectory="18f943c2-acb8-40c9-aad0-ba7fe5c7d90e" />
    <UnitTestResult executionId="a9b79e8d-554a-441d-b698-bd00b3433cf4" testId="64eac67f-e215-5ecb-abd3-1a8f7f72ad91" testName="SetItem_ParamNullCheck_Path" computerName="DKSR-EFI-06" duration="00:00:00.0013989" startTime="2024-01-09T15:42:41.1227692+01:00" endTime="2024-01-09T15:42:41.1227692+01:00" testType="13cdc9d9-ddb5-4fa4-a97d-d965ccfc6d4b" outcome="Passed" testListId="8c84fa94-04c1-424b-9868-57a2d4851a1d" relativeResultsDirectory="a9b79e8d-554a-441d-b698-bd00b3433cf4" />
    <UnitTestResult executionId="97287881-5929-4fe8-a9f6-38aecaae22df" testId="86418a60-7b65-af8e-1bd5-f60462c724ca" testName="GetXml_WhenRuleTypeIsTimer_MatchesXml" computerName="DKSR-EFI-06" duration="00:00:00.0003660" startTime="2024-01-09T15:42:39.0446358+01:00" endTime="2024-01-09T15:42:39.0446358+01:00" testType="13cdc9d9-ddb5-4fa4-a97d-d965ccfc6d4b" outcome="Passed" testListId="8c84fa94-04c1-424b-9868-57a2d4851a1d" relativeResultsDirectory="97287881-5929-4fe8-a9f6-38aecaae22df" />
    <UnitTestResult executionId="a1ab4286-4d16-4feb-864a-1eb87cb2c504" testId="374fff4b-d00b-9682-9882-9b6516e42ca5" testName="Validate_WhenConditionsIncludeAlways_ReturnsError" computerName="DKSR-EFI-06" duration="00:00:00.0006071" startTime="2024-01-09T15:42:37.1383775+01:00" endTime="2024-01-09T15:42:37.1383775+01:00" testType="13cdc9d9-ddb5-4fa4-a97d-d965ccfc6d4b" outcome="Passed" testListId="8c84fa94-04c1-424b-9868-57a2d4851a1d" relativeResultsDirectory="a1ab4286-4d16-4feb-864a-1eb87cb2c504" />
    <UnitTestResult executionId="7bb7c82b-dc9f-4804-9438-b5a9f101894d" testId="7086a3be-16e7-5f82-184b-cb3724242b4e" testName="GetCurrentProperties_WhenDaysOfWeekIsSet_ReturnsProperties" computerName="DKSR-EFI-06" duration="00:00:00.0142609" startTime="2024-01-09T15:42:34.8102416+01:00" endTime="2024-01-09T15:42:34.8258650+01:00" testType="13cdc9d9-ddb5-4fa4-a97d-d965ccfc6d4b" outcome="Passed" testListId="8c84fa94-04c1-424b-9868-57a2d4851a1d" relativeResultsDirectory="7bb7c82b-dc9f-4804-9438-b5a9f101894d" />
    <UnitTestResult executionId="fc8ba7f3-e0f5-4875-be29-e4558fae2289" testId="fdbba66d-6b33-f762-242f-12205074e0ac" testName="SendCommandSecurityVisitor_UpdateConfigurationManagerCommand_SystemSetting_Add_Allowed" computerName="DKSR-EFI-06" duration="00:00:00.0175526" startTime="2024-01-09T15:42:24.5758368+01:00" endTime="2024-01-09T15:42:24.5914645+01:00" testType="13cdc9d9-ddb5-4fa4-a97d-d965ccfc6d4b" outcome="Passed" testListId="8c84fa94-04c1-424b-9868-57a2d4851a1d" relativeResultsDirectory="fc8ba7f3-e0f5-4875-be29-e4558fae2289" />
    <UnitTestResult executionId="3f4bdacf-d32a-4dc4-8afc-410afde7e2dc" testId="1b96a8b2-fb5f-87ce-49f7-0871e1b3ca31" testName="GetAllVmsUsers_MethodCalled_CorrectMethodIsCalledOnIdpAdministrationClient" computerName="DKSR-EFI-06" duration="00:00:00.0032125" startTime="2024-01-09T15:42:33.2634057+01:00" endTime="2024-01-09T15:42:33.2634057+01:00" testType="13cdc9d9-ddb5-4fa4-a97d-d965ccfc6d4b" outcome="Passed" testListId="8c84fa94-04c1-424b-9868-57a2d4851a1d" relativeResultsDirectory="3f4bdacf-d32a-4dc4-8afc-410afde7e2dc" />
    <UnitTestResult executionId="39cb94a9-ea86-42a8-8cac-b05033e5a23c" testId="4784d1da-834a-cd7c-4aa3-6ace5237eb55" testName="Validate_WhenRuleIsRecurringTimeButRecurringTimeModelIsNull_ThrowsException" computerName="DKSR-EFI-06" duration="00:00:00.0008147" startTime="2024-01-09T15:42:36.9508744+01:00" endTime="2024-01-09T15:42:36.9508744+01:00" testType="13cdc9d9-ddb5-4fa4-a97d-d965ccfc6d4b" outcome="Passed" testListId="8c84fa94-04c1-424b-9868-57a2d4851a1d" relativeResultsDirectory="39cb94a9-ea86-42a8-8cac-b05033e5a23c" />
    <UnitTestResult executionId="9076b6e7-a21c-41df-937a-804268357f76" testId="2b065243-18c1-fd8a-74c3-2c0e3d8c43be" testName="SendCommandSecurityVisitor_TriggerEventAsGlobalCommand_NotSupportedException" computerName="DKSR-EFI-06" duration="00:00:00.0036175" startTime="2024-01-09T15:42:21.8102136+01:00" endTime="2024-01-09T15:42:21.8102136+01:00" testType="13cdc9d9-ddb5-4fa4-a97d-d965ccfc6d4b" outcome="Passed" testListId="8c84fa94-04c1-424b-9868-57a2d4851a1d" relativeResultsDirectory="9076b6e7-a21c-41df-937a-804268357f76" />
    <UnitTestResult executionId="a75f358e-ccaf-4e2c-b0c5-a02a6d2a3982" testId="aba371a8-ea66-03ba-d706-bb75202b7822" testName="ServerProxyService_GetConfigurationDataSetTables_Recorders_Allowed_NotFiltered" computerName="DKSR-EFI-06" duration="00:00:00.0125920" startTime="2024-01-09T15:42:25.4039637+01:00" endTime="2024-01-09T15:42:25.4195878+01:00" testType="13cdc9d9-ddb5-4fa4-a97d-d965ccfc6d4b" outcome="Passed" testListId="8c84fa94-04c1-424b-9868-57a2d4851a1d" relativeResultsDirectory="a75f358e-ccaf-4e2c-b0c5-a02a6d2a3982" />
    <UnitTestResult executionId="5b07697f-0975-49ba-aa25-83dece5b2286" testId="1113de55-46d3-4f68-b93c-e5b921ce7602" testName="InvokeMethod_InvalidPathTest" computerName="DKSR-EFI-06" duration="00:00:00.0006067" startTime="2024-01-09T15:42:41.7790190+01:00" endTime="2024-01-09T15:42:41.7790190+01:00" testType="13cdc9d9-ddb5-4fa4-a97d-d965ccfc6d4b" outcome="Passed" testListId="8c84fa94-04c1-424b-9868-57a2d4851a1d" relativeResultsDirectory="5b07697f-0975-49ba-aa25-83dece5b2286" />
    <UnitTestResult executionId="37839cad-e1e3-441d-90c1-80690b9fe64e" testId="05695ab2-dc99-4d83-549c-ce5238b70472" testName="Get_UnknownResource_ExceptionNotCaught" computerName="DKSR-EFI-06" duration="00:00:00.0073172" startTime="2024-01-09T15:42:27.6070881+01:00" endTime="2024-01-09T15:42:27.6070881+01:00" testType="13cdc9d9-ddb5-4fa4-a97d-d965ccfc6d4b" outcome="Passed" testListId="8c84fa94-04c1-424b-9868-57a2d4851a1d" relativeResultsDirectory="37839cad-e1e3-441d-90c1-80690b9fe64e" />
    <UnitTestResult executionId="217eaadd-f2bf-4bb9-b9a7-4866d66045a4" testId="b736806b-5f27-18f4-7caa-fc087cf40af3" testName="ScheduledAction_StopSchedule_ScheduleIsCancelled" computerName="DKSR-EFI-06" duration="00:00:00.0022502" startTime="2024-01-09T15:42:44.0915293+01:00" endTime="2024-01-09T15:42:44.0915293+01:00" testType="13cdc9d9-ddb5-4fa4-a97d-d965ccfc6d4b" outcome="Passed" testListId="8c84fa94-04c1-424b-9868-57a2d4851a1d" relativeResultsDirectory="217eaadd-f2bf-4bb9-b9a7-4866d66045a4" />
    <UnitTestResult executionId="ccefcd3b-fe52-479f-b967-456bc61a4e10" testId="db64478b-a246-83c2-5985-db467ac72469" testName="GetChildItems_SunnyDayTest" computerName="DKSR-EFI-06" duration="00:00:00.0008885" startTime="2024-01-09T15:42:40.7790190+01:00" endTime="2024-01-09T15:42:40.7790190+01:00" testType="13cdc9d9-ddb5-4fa4-a97d-d965ccfc6d4b" outcome="Passed" testListId="8c84fa94-04c1-424b-9868-57a2d4851a1d" relativeResultsDirectory="ccefcd3b-fe52-479f-b967-456bc61a4e10" />
    <UnitTestResult executionId="e643f62f-d4f6-413e-a5b2-956b822ff37d" testId="b441e7e5-e1cb-c690-ccfa-1a4298655832" testName="SendCommandSecurityVisitor_UpdateSecurityManagerCommand_SecurityPermissionsMatrix_Edit_Allowed" computerName="DKSR-EFI-06" duration="00:00:00.0244647" startTime="2024-01-09T15:42:21.4977132+01:00" endTime="2024-01-09T15:42:21.5133390+01:00" testType="13cdc9d9-ddb5-4fa4-a97d-d965ccfc6d4b" outcome="Passed" testListId="8c84fa94-04c1-424b-9868-57a2d4851a1d" relativeResultsDirectory="e643f62f-d4f6-413e-a5b2-956b822ff37d" />
    <UnitTestResult executionId="89dcdf10-7db7-425d-839c-5dc9df6d4aa9" testId="83d5f5de-85c7-0c92-5d55-866e79833e62" testName="ValidateItem_ParamNullCheck_PathTest" computerName="DKSR-EFI-06" duration="00:00:00.0007442" startTime="2024-01-09T15:42:41.4821440+01:00" endTime="2024-01-09T15:42:41.4821440+01:00" testType="13cdc9d9-ddb5-4fa4-a97d-d965ccfc6d4b" outcome="Passed" testListId="8c84fa94-04c1-424b-9868-57a2d4851a1d" relativeResultsDirectory="89dcdf10-7db7-425d-839c-5dc9df6d4aa9" />
    <UnitTestResult executionId="d6778537-9006-4bfe-b357-c48e968539a2" testId="31296b92-fdf5-366d-7c24-038c83cecd2a" testName="Validate_WhenEventRuleStopRuleHasTimerType_Passes" computerName="DKSR-EFI-06" duration="00:00:00.0192002" startTime="2024-01-09T15:42:37.5758809+01:00" endTime="2024-01-09T15:42:37.5915051+01:00" testType="13cdc9d9-ddb5-4fa4-a97d-d965ccfc6d4b" outcome="Passed" testListId="8c84fa94-04c1-424b-9868-57a2d4851a1d" relativeResultsDirectory="d6778537-9006-4bfe-b357-c48e968539a2" />
    <UnitTestResult executionId="4fb75473-3d2e-48b8-b2d9-948d9133a0c2" testId="d2309e36-9600-03f1-d0a0-0a1b7d459c6c" testName="GetNextProperties_WhenNoRuleTypePresent_ReturnsRuleTypeProperty" computerName="DKSR-EFI-06" duration="00:00:00.0023504" startTime="2024-01-09T15:42:35.2164921+01:00" endTime="2024-01-09T15:42:35.2164921+01:00" testType="13cdc9d9-ddb5-4fa4-a97d-d965ccfc6d4b" outcome="Passed" testListId="8c84fa94-04c1-424b-9868-57a2d4851a1d" relativeResultsDirectory="4fb75473-3d2e-48b8-b2d9-948d9133a0c2" />
    <UnitTestResult executionId="027fde4e-425b-4eb4-a332-17fed79d62b7" testId="e36001c1-65d7-b426-5b29-afff74226aad" testName="GetChildItems_SystemFolderPath" computerName="DKSR-EFI-06" duration="00:00:00.0170817" startTime="2024-01-09T15:42:40.8883947+01:00" endTime="2024-01-09T15:42:40.9040222+01:00" testType="13cdc9d9-ddb5-4fa4-a97d-d965ccfc6d4b" outcome="Passed" testListId="8c84fa94-04c1-424b-9868-57a2d4851a1d" relativeResultsDirectory="027fde4e-425b-4eb4-a332-17fed79d62b7" />
    <UnitTestResult executionId="8b2c4de9-ad88-4707-81ce-b94e89b44975" testId="36f05c20-b517-70af-6ce9-eaa8b3b43564" testName="SystemSettingsManager_ConvertActivationCredentialsToDatabaseValue_Failure_PasswordEmpty" computerName="DKSR-EFI-06" duration="00:00:00.0005693" startTime="2024-01-09T15:42:25.6383399+01:00" endTime="2024-01-09T15:42:25.6383399+01:00" testType="13cdc9d9-ddb5-4fa4-a97d-d965ccfc6d4b" outcome="Passed" testListId="8c84fa94-04c1-424b-9868-57a2d4851a1d" relativeResultsDirectory="8b2c4de9-ad88-4707-81ce-b94e89b44975" />
    <UnitTestResult executionId="eb4b0caa-952d-43cf-a421-cdc09d380960" testId="50a5b223-7e33-3514-c867-58cd3c30ed32" testName="RetentionTimeRule_RuleActionAsync_InputNull" computerName="DKSR-EFI-06" duration="00:00:00.0007442" startTime="2024-01-09T15:42:44.1696563+01:00" endTime="2024-01-09T15:42:44.1696563+01:00" testType="13cdc9d9-ddb5-4fa4-a97d-d965ccfc6d4b" outcome="Passed" testListId="8c84fa94-04c1-424b-9868-57a2d4851a1d" relativeResultsDirectory="eb4b0caa-952d-43cf-a421-cdc09d380960" />
    <UnitTestResult executionId="e84db0d8-77e2-4d4b-ae00-85632a62c9e5" testId="a32bc574-b67a-8b70-e9a3-b930e6d8df6d" testName="IsComplete_WhenAllStepsAreComplete_ReturnsTrue" computerName="DKSR-EFI-06" duration="00:00:00.0073225" startTime="2024-01-09T15:42:34.4039845+01:00" endTime="2024-01-09T15:42:34.4039845+01:00" testType="13cdc9d9-ddb5-4fa4-a97d-d965ccfc6d4b" outcome="Passed" testListId="8c84fa94-04c1-424b-9868-57a2d4851a1d" relativeResultsDirectory="e84db0d8-77e2-4d4b-ae00-85632a62c9e5" />
    <UnitTestResult executionId="697498f1-38ee-44ca-8693-f0689deef68c" testId="3971b68f-3e8f-fd7e-6739-1ace003e4ce9" testName="SystemSettingsManager_ConvertEnableAutomaticActivationToDatabaseValue_False_Success" computerName="DKSR-EFI-06" duration="00:00:00.0003202" startTime="2024-01-09T15:42:25.6539659+01:00" endTime="2024-01-09T15:42:25.6539659+01:00" testType="13cdc9d9-ddb5-4fa4-a97d-d965ccfc6d4b" outcome="Passed" testListId="8c84fa94-04c1-424b-9868-57a2d4851a1d" relativeResultsDirectory="697498f1-38ee-44ca-8693-f0689deef68c" />
    <UnitTestResult executionId="40ee1b82-b4e6-4e35-ad57-4e9ccab11331" testId="14d64f46-5826-0c36-ece4-f048e7d68db4" testName="LookupChildArray_Succeeds_WhenChildItemTypeNotTaskFolderAndHasParameters" computerName="DKSR-EFI-06" duration="00:00:00.0035664" startTime="2024-01-09T15:42:29.0289650+01:00" endTime="2024-01-09T15:42:29.0289650+01:00" testType="13cdc9d9-ddb5-4fa4-a97d-d965ccfc6d4b" outcome="Passed" testListId="8c84fa94-04c1-424b-9868-57a2d4851a1d" relativeResultsDirectory="40ee1b82-b4e6-4e35-ad57-4e9ccab11331" />
    <UnitTestResult executionId="4393c53b-5419-472b-9da1-e74afa5b331f" testId="43a64c45-375a-26d2-b50b-cad1b18d7a62" testName="SendCommandSecurityVisitor_UpdateConfigurationManagerCommand_Output_Edit_Allowed" computerName="DKSR-EFI-06" duration="00:00:00.0198306" startTime="2024-01-09T15:42:23.9352139+01:00" endTime="2024-01-09T15:42:23.9508393+01:00" testType="13cdc9d9-ddb5-4fa4-a97d-d965ccfc6d4b" outcome="Passed" testListId="8c84fa94-04c1-424b-9868-57a2d4851a1d" relativeResultsDirectory="4393c53b-5419-472b-9da1-e74afa5b331f" />
    <UnitTestResult executionId="022d1e8b-fc83-4937-ad22-a8fc3136c20a" testId="ec19b1ad-7a30-72c3-b356-ece8a10f5a55" testName="FindNextNonzeroSuccess" computerName="DKSR-EFI-06" duration="00:00:00.0009180" startTime="2024-01-09T15:42:43.3415258+01:00" endTime="2024-01-09T15:42:43.3415258+01:00" testType="13cdc9d9-ddb5-4fa4-a97d-d965ccfc6d4b" outcome="Passed" testListId="8c84fa94-04c1-424b-9868-57a2d4851a1d" relativeResultsDirectory="022d1e8b-fc83-4937-ad22-a8fc3136c20a" />
    <UnitTestResult executionId="de8a6895-8315-42c5-99b3-a775bddf968d" testId="c8d1cc50-ea8b-4173-3b8d-36cf86d1632a" testName="TryParseConditions_WhenTimeBetweenHasNotSupportedDataType_ReturnsFalse" computerName="DKSR-EFI-06" duration="00:00:00.0002559" startTime="2024-01-09T15:42:38.7165104+01:00" endTime="2024-01-09T15:42:38.7165104+01:00" testType="13cdc9d9-ddb5-4fa4-a97d-d965ccfc6d4b" outcome="Passed" testListId="8c84fa94-04c1-424b-9868-57a2d4851a1d" relativeResultsDirectory="de8a6895-8315-42c5-99b3-a775bddf968d" />
    <UnitTestResult executionId="bec8159f-849c-419a-acb2-30af46fbb9bc" testId="ecacd533-673c-ef58-d705-da326531e5a2" testName="DeviceEvents_FilterEventsByHwid_Success" computerName="DKSR-EFI-06" duration="00:00:00.0012380" startTime="2024-01-09T15:42:42.2633989+01:00" endTime="2024-01-09T15:42:42.2790249+01:00" testType="13cdc9d9-ddb5-4fa4-a97d-d965ccfc6d4b" outcome="Passed" testListId="8c84fa94-04c1-424b-9868-57a2d4851a1d" relativeResultsDirectory="bec8159f-849c-419a-acb2-30af46fbb9bc" />
    <UnitTestResult executionId="3d8143a2-7778-478c-b12e-68306880e2fe" testId="d462dcff-727c-d400-6097-eb2734d78f81" testName="IsComplete_WhenNoProperties_ReturnsFalse" computerName="DKSR-EFI-06" duration="00:00:00.0006140" startTime="2024-01-09T15:42:34.3258593+01:00" endTime="2024-01-09T15:42:34.3258593+01:00" testType="13cdc9d9-ddb5-4fa4-a97d-d965ccfc6d4b" outcome="Passed" testListId="8c84fa94-04c1-424b-9868-57a2d4851a1d" relativeResultsDirectory="3d8143a2-7778-478c-b12e-68306880e2fe" />
    <UnitTestResult executionId="db11317c-f216-40bd-bdbf-f1935d4126fa" testId="332e42e2-71fc-c22a-d38a-71dfd25868da" testName="GetItemType_WhenInvalidVideoWallPreset_ReturnsNull" computerName="DKSR-EFI-06" duration="00:00:00.0069657" startTime="2024-01-09T15:42:38.2165079+01:00" endTime="2024-01-09T15:42:38.2321337+01:00" testType="13cdc9d9-ddb5-4fa4-a97d-d965ccfc6d4b" outcome="Passed" testListId="8c84fa94-04c1-424b-9868-57a2d4851a1d" relativeResultsDirectory="db11317c-f216-40bd-bdbf-f1935d4126fa" />
    <UnitTestResult executionId="b3d28aad-1862-42a9-909d-e753cafaf127" testId="6c3417d9-0344-6c87-4048-9cef33ea984a" testName="Build_StartSetFramerate_WhenParametersAreSet_ReturnsActionModel" computerName="DKSR-EFI-06" duration="00:00:00.0017579" startTime="2024-01-09T15:42:36.3883751+01:00" endTime="2024-01-09T15:42:36.3883751+01:00" testType="13cdc9d9-ddb5-4fa4-a97d-d965ccfc6d4b" outcome="Passed" testListId="8c84fa94-04c1-424b-9868-57a2d4851a1d" relativeResultsDirectory="b3d28aad-1862-42a9-909d-e753cafaf127" />
    <UnitTestResult executionId="d264667a-c4a3-4d3e-8da9-914768491193" testId="e93d7897-5fb7-f773-1a84-4dc679e6c356" testName="ConfigurationItemPath_CreateItemPath_Succes (Data Row 1)" computerName="DKSR-EFI-06" duration="00:00:00.0000713" startTime="2024-01-09T15:42:33.4664816+01:00" endTime="2024-01-09T15:42:33.4664816+01:00" testType="13cdc9d9-ddb5-4fa4-a97d-d965ccfc6d4b" outcome="Passed" testListId="8c84fa94-04c1-424b-9868-57a2d4851a1d" relativeResultsDirectory="d264667a-c4a3-4d3e-8da9-914768491193" />
    <UnitTestResult executionId="fbc910f3-f4da-4b03-b0a5-592d1a22c2c9" testId="e4ed302a-c036-2741-06b7-7a45453de75f" testName="SendUpdatesToServerRulesSuccess" computerName="DKSR-EFI-06" duration="00:00:00.0013829" startTime="2024-01-09T15:42:17.8727101+01:00" endTime="2024-01-09T15:42:17.8727101+01:00" testType="13cdc9d9-ddb5-4fa4-a97d-d965ccfc6d4b" outcome="Passed" testListId="8c84fa94-04c1-424b-9868-57a2d4851a1d" relativeResultsDirectory="fbc910f3-f4da-4b03-b0a5-592d1a22c2c9" />
    <UnitTestResult executionId="b5cd5a7a-f528-4485-8107-755353ea0b61" testId="b00ebc64-1c1c-d270-033b-90ee916141b9" testName="Put_UnknownResource_ExceptionNotCaught" computerName="DKSR-EFI-06" duration="00:00:00.0216902" startTime="2024-01-09T15:42:27.9820902+01:00" endTime="2024-01-09T15:42:27.9977141+01:00" testType="13cdc9d9-ddb5-4fa4-a97d-d965ccfc6d4b" outcome="Passed" testListId="8c84fa94-04c1-424b-9868-57a2d4851a1d" relativeResultsDirectory="b5cd5a7a-f528-4485-8107-755353ea0b61" />
    <UnitTestResult executionId="c4b0276c-70df-4b45-b9c5-1f97b04e991e" testId="808fda95-622e-6a68-fe60-d71d7e3aee1d" testName="TaskAddHardwareSecurityProvider_ValidatePermissions" computerName="DKSR-EFI-06" duration="00:00:00.0106906" startTime="2024-01-09T15:42:32.8883528+01:00" endTime="2024-01-09T15:42:32.9039774+01:00" testType="13cdc9d9-ddb5-4fa4-a97d-d965ccfc6d4b" outcome="Passed" testListId="8c84fa94-04c1-424b-9868-57a2d4851a1d" relativeResultsDirectory="c4b0276c-70df-4b45-b9c5-1f97b04e991e" />
    <UnitTestResult executionId="46a3b9de-bf79-4e83-ad6b-7052c9c00a09" testId="130ead1c-0b06-6515-8b29-830fe2011385" testName="ConstructSqlSelect_SunnyDay_DateTimeGreaterThan" computerName="DKSR-EFI-06" duration="00:00:00.0003329" startTime="2024-01-09T15:42:33.7477315+01:00" endTime="2024-01-09T15:42:33.7477315+01:00" testType="13cdc9d9-ddb5-4fa4-a97d-d965ccfc6d4b" outcome="Passed" testListId="8c84fa94-04c1-424b-9868-57a2d4851a1d" relativeResultsDirectory="46a3b9de-bf79-4e83-ad6b-7052c9c00a09" />
    <UnitTestResult executionId="33f4687b-ab03-49ee-9c87-10013c198b7c" testId="036aec93-5068-6bba-266a-1cbdf1ad9369" testName="Validate_WhenWrongExpectedType_ReturnsFalse" computerName="DKSR-EFI-06" duration="00:00:00.0024122" startTime="2024-01-09T15:42:37.9196326+01:00" endTime="2024-01-09T15:42:37.9196326+01:00" testType="13cdc9d9-ddb5-4fa4-a97d-d965ccfc6d4b" outcome="Passed" testListId="8c84fa94-04c1-424b-9868-57a2d4851a1d" relativeResultsDirectory="33f4687b-ab03-49ee-9c87-10013c198b7c" />
    <UnitTestResult executionId="7a2da552-036f-4244-a920-16c36488de9d" testId="3fbf3f9f-ce15-e21f-6f3a-362f035fd2c0" testName="BusinessObjects_License_UpdateMipPluginsLicenseRequestPart_ReplaceMultiplePlugins" computerName="DKSR-EFI-06" duration="00:00:00.0040116" startTime="2024-01-09T15:42:43.1071500+01:00" endTime="2024-01-09T15:42:43.1227767+01:00" testType="13cdc9d9-ddb5-4fa4-a97d-d965ccfc6d4b" outcome="Passed" testListId="8c84fa94-04c1-424b-9868-57a2d4851a1d" relativeResultsDirectory="7a2da552-036f-4244-a920-16c36488de9d" />
    <UnitTestResult executionId="dfee6087-11b4-48d0-a320-f0f1df45c84a" testId="e6b0840a-402a-f173-1148-6a4a8d392546" testName="SendCommandSecurityVisitor_UpdateConfigurationManagerCommand_License_Edit_Allowed" computerName="DKSR-EFI-06" duration="00:00:00.0206924" startTime="2024-01-09T15:42:24.7320896+01:00" endTime="2024-01-09T15:42:24.7477132+01:00" testType="13cdc9d9-ddb5-4fa4-a97d-d965ccfc6d4b" outcome="Passed" testListId="8c84fa94-04c1-424b-9868-57a2d4851a1d" relativeResultsDirectory="dfee6087-11b4-48d0-a320-f0f1df45c84a" />
    <UnitTestResult executionId="ee944bac-fbc5-439a-8348-528131129768" testId="23aa094c-025b-18cd-0ee6-c2bc296bf8f2" testName="Build_WithinTimeProfileConditionIsSet_WithinTimeProfilePropertyAdded" computerName="DKSR-EFI-06" duration="00:00:00.0106951" startTime="2024-01-09T15:42:36.1071218+01:00" endTime="2024-01-09T15:42:36.1227491+01:00" testType="13cdc9d9-ddb5-4fa4-a97d-d965ccfc6d4b" outcome="Passed" testListId="8c84fa94-04c1-424b-9868-57a2d4851a1d" relativeResultsDirectory="ee944bac-fbc5-439a-8348-528131129768" />
    <UnitTestResult executionId="1c36077c-a639-4165-b8cd-d6c2368f64c4" testId="4ab8f3a2-d691-a817-db6c-6d665d86711d" testName="ScheduledAction_StartSchedule_ScheduleIsStarted" computerName="DKSR-EFI-06" duration="00:00:00.0038244" startTime="2024-01-09T15:42:44.0763337+01:00" endTime="2024-01-09T15:42:44.0915293+01:00" testType="13cdc9d9-ddb5-4fa4-a97d-d965ccfc6d4b" outcome="Passed" testListId="8c84fa94-04c1-424b-9868-57a2d4851a1d" relativeResultsDirectory="1c36077c-a639-4165-b8cd-d6c2368f64c4" />
    <UnitTestResult executionId="39f59dd1-09e1-4582-918b-2c4139dde73f" testId="7caf9909-bdde-0037-33b0-46de4b44fea1" testName="Validation_CheckVersionString_Null_Throws" computerName="DKSR-EFI-06" duration="00:00:00.0004784" startTime="2024-01-09T15:42:26.2320922+01:00" endTime="2024-01-09T15:42:26.2320922+01:00" testType="13cdc9d9-ddb5-4fa4-a97d-d965ccfc6d4b" outcome="Passed" testListId="8c84fa94-04c1-424b-9868-57a2d4851a1d" relativeResultsDirectory="39f59dd1-09e1-4582-918b-2c4139dde73f" />
    <UnitTestResult executionId="5bed4046-b29d-4deb-a008-360664c5785c" testId="835a2aeb-1848-7a26-7610-aef27d13f45f" testName="ServerProxyService_GetDeviceGroupMembersByDeviceGroupId_AllInputs_NotAllowed_RowRemoved" computerName="DKSR-EFI-06" duration="00:00:00.0123254" startTime="2024-01-09T15:42:25.2477144+01:00" endTime="2024-01-09T15:42:25.2633390+01:00" testType="13cdc9d9-ddb5-4fa4-a97d-d965ccfc6d4b" outcome="Passed" testListId="8c84fa94-04c1-424b-9868-57a2d4851a1d" relativeResultsDirectory="5bed4046-b29d-4deb-a008-360664c5785c" />
    <UnitTestResult executionId="62d7597f-7914-4be8-acbd-41db68c1420e" testId="fe613c9e-7661-d5d4-eba4-5bd2002046af" testName="SetItem_UnknownFileTest" computerName="DKSR-EFI-06" duration="00:00:00.0008059" startTime="2024-01-09T15:42:41.5602721+01:00" endTime="2024-01-09T15:42:41.5602721+01:00" testType="13cdc9d9-ddb5-4fa4-a97d-d965ccfc6d4b" outcome="Passed" testListId="8c84fa94-04c1-424b-9868-57a2d4851a1d" relativeResultsDirectory="62d7597f-7914-4be8-acbd-41db68c1420e" />
    <UnitTestResult executionId="c5a1d6cd-bf92-4331-a259-cfc5e18086ea" testId="ed31b289-fe39-59b8-143c-241038f93f79" testName="Get_Item_SetEncryptionMethod_Success" computerName="DKSR-EFI-06" duration="00:00:00.0039212" startTime="2024-01-09T15:42:33.6539835+01:00" endTime="2024-01-09T15:42:33.6696093+01:00" testType="13cdc9d9-ddb5-4fa4-a97d-d965ccfc6d4b" outcome="Passed" testListId="8c84fa94-04c1-424b-9868-57a2d4851a1d" relativeResultsDirectory="c5a1d6cd-bf92-4331-a259-cfc5e18086ea" />
    <UnitTestResult executionId="c0695a12-7844-48c5-a06d-40a24609b7d4" testId="b973da1a-2e42-fe55-9475-2d140e6e0854" testName="DriverSettingsBusiness_PrepareAndValidateSettings_Success (Data Row 5)" computerName="DKSR-EFI-06" duration="00:00:00.0294405" startTime="2024-01-09T15:42:30.2633401+01:00" endTime="2024-01-09T15:42:32.2008497+01:00" testType="13cdc9d9-ddb5-4fa4-a97d-d965ccfc6d4b" outcome="Passed" testListId="8c84fa94-04c1-424b-9868-57a2d4851a1d" relativeResultsDirectory="c0695a12-7844-48c5-a06d-40a24609b7d4" />
    <UnitTestResult executionId="d2547fa8-9962-498b-9877-8135be135122" testId="2eedbd2b-6466-8c81-cb6a-b76ce934ca63" testName="Build_StopFeed_WhenParametersAreSet_ReturnsActionModel" computerName="DKSR-EFI-06" duration="00:00:00.0026089" startTime="2024-01-09T15:42:36.3883751+01:00" endTime="2024-01-09T15:42:36.3883751+01:00" testType="13cdc9d9-ddb5-4fa4-a97d-d965ccfc6d4b" outcome="Passed" testListId="8c84fa94-04c1-424b-9868-57a2d4851a1d" relativeResultsDirectory="d2547fa8-9962-498b-9877-8135be135122" />
    <UnitTestResult executionId="9d591398-57b3-4f89-9dfe-b2e2cda3aac8" testId="299a4df5-9ec1-8b47-f100-5378fe8b02f0" testName="Build_TimeBetween_WhenFalse_ParametersNotSet_ConditionNotAdded" computerName="DKSR-EFI-06" duration="00:00:00.0002219" startTime="2024-01-09T15:42:36.6540014+01:00" endTime="2024-01-09T15:42:36.6540014+01:00" testType="13cdc9d9-ddb5-4fa4-a97d-d965ccfc6d4b" outcome="Passed" testListId="8c84fa94-04c1-424b-9868-57a2d4851a1d" relativeResultsDirectory="9d591398-57b3-4f89-9dfe-b2e2cda3aac8" />
    <UnitTestResult executionId="b5b7064c-abf4-4edf-b769-f8dbd6e661c2" testId="3fc7fbda-ad11-74e2-9355-2216eb2ec9d7" testName="SendCommandSecurityVisitor_UpdateSecurityManagerCommand_TimeProfileDefaultRoleRelation_Delete_Allowed" computerName="DKSR-EFI-06" duration="00:00:00.0230315" startTime="2024-01-09T15:42:21.6070880+01:00" endTime="2024-01-09T15:42:21.6227136+01:00" testType="13cdc9d9-ddb5-4fa4-a97d-d965ccfc6d4b" outcome="Passed" testListId="8c84fa94-04c1-424b-9868-57a2d4851a1d" relativeResultsDirectory="b5b7064c-abf4-4edf-b769-f8dbd6e661c2" />
    <UnitTestResult executionId="50dfc304-ab7b-4ac8-aa11-248913aa7e6f" testId="4ee4ad11-7f8a-8ccb-8b13-4868bd90ca2d" testName="GetItemType_WhenObjectExists_ReturnsMipKind" computerName="DKSR-EFI-06" duration="00:00:00.0028301" startTime="2024-01-09T15:42:38.4508818+01:00" endTime="2024-01-09T15:42:38.4508818+01:00" testType="13cdc9d9-ddb5-4fa4-a97d-d965ccfc6d4b" outcome="Passed" testListId="8c84fa94-04c1-424b-9868-57a2d4851a1d" relativeResultsDirectory="50dfc304-ab7b-4ac8-aa11-248913aa7e6f" />
    <UnitTestResult executionId="caa7da20-8db0-4fba-9f0b-8c78cc67db26" testId="e5d0e237-faee-d3a2-c792-a0b3374a27e5" testName="GetVmsUserCollection_ThrowException_ThrowsGenericIdpException" computerName="DKSR-EFI-06" duration="00:00:00.0019979" startTime="2024-01-09T15:42:33.2946054+01:00" endTime="2024-01-09T15:42:33.2946054+01:00" testType="13cdc9d9-ddb5-4fa4-a97d-d965ccfc6d4b" outcome="Passed" testListId="8c84fa94-04c1-424b-9868-57a2d4851a1d" relativeResultsDirectory="caa7da20-8db0-4fba-9f0b-8c78cc67db26" />
    <UnitTestResult executionId="5fb4af58-5674-4771-8b60-798aa71ccc3a" testId="db0a4ed2-3a0b-020d-7fef-fca50f3accf4" testName="Validate_WhenExpectedTypeIsNull_ReturnFalse" computerName="DKSR-EFI-06" duration="00:00:00.0015648" startTime="2024-01-09T15:42:38.2790074+01:00" endTime="2024-01-09T15:42:38.2790074+01:00" testType="13cdc9d9-ddb5-4fa4-a97d-d965ccfc6d4b" outcome="Passed" testListId="8c84fa94-04c1-424b-9868-57a2d4851a1d" relativeResultsDirectory="5fb4af58-5674-4771-8b60-798aa71ccc3a" />
    <UnitTestResult executionId="070615f5-da18-490d-865f-8de9f65aba97" testId="45f6be09-9816-35c2-5363-194f26722604" testName="Validate_WhenWrongKind_ReturnsFalse" computerName="DKSR-EFI-06" duration="00:00:00.0025909" startTime="2024-01-09T15:42:38.4040082+01:00" endTime="2024-01-09T15:42:38.4196367+01:00" testType="13cdc9d9-ddb5-4fa4-a97d-d965ccfc6d4b" outcome="Passed" testListId="8c84fa94-04c1-424b-9868-57a2d4851a1d" relativeResultsDirectory="070615f5-da18-490d-865f-8de9f65aba97" />
    <UnitTestResult executionId="26e67491-3840-4957-842d-28d0e5e18bb8" testId="55253882-7016-87e0-4de9-1f9be395d47c" testName="Build_RecordAlwaysWhenDeviceGroupIdIsEmptyString_PropertiesAdded" computerName="DKSR-EFI-06" duration="00:00:00.0035585" startTime="2024-01-09T15:42:36.2164990+01:00" endTime="2024-01-09T15:42:36.2164990+01:00" testType="13cdc9d9-ddb5-4fa4-a97d-d965ccfc6d4b" outcome="Passed" testListId="8c84fa94-04c1-424b-9868-57a2d4851a1d" relativeResultsDirectory="26e67491-3840-4957-842d-28d0e5e18bb8" />
    <UnitTestResult executionId="5f22852a-c3fc-4fe9-89d3-3defadf23d58" testId="dcc30307-d889-c61f-db15-6c8235e8fd7e" testName="GetLogin_ThrowException_ThrowsGenericIdpException" computerName="DKSR-EFI-06" duration="00:00:00.0022664" startTime="2024-01-09T15:42:33.2008539+01:00" endTime="2024-01-09T15:42:33.2008539+01:00" testType="13cdc9d9-ddb5-4fa4-a97d-d965ccfc6d4b" outcome="Passed" testListId="8c84fa94-04c1-424b-9868-57a2d4851a1d" relativeResultsDirectory="5f22852a-c3fc-4fe9-89d3-3defadf23d58" />
    <UnitTestResult executionId="26fde926-acfc-4e9c-bc64-ab9a23ac6829" testId="6208b6c9-ed04-7456-f6ed-a52f305b6372" testName="TryParseConditions_WhenRegionNodeHasNoNameAttribute_ReturnsFalse" computerName="DKSR-EFI-06" duration="00:00:00.0002054" startTime="2024-01-09T15:42:38.7477608+01:00" endTime="2024-01-09T15:42:38.7477608+01:00" testType="13cdc9d9-ddb5-4fa4-a97d-d965ccfc6d4b" outcome="Passed" testListId="8c84fa94-04c1-424b-9868-57a2d4851a1d" relativeResultsDirectory="26fde926-acfc-4e9c-bc64-ab9a23ac6829" />
    <UnitTestResult executionId="81a21ea1-666e-4605-a147-bb04622a6982" testId="6fd03e52-aaa1-ada8-26bc-7509bf7fd11f" testName="Validate_MainAllowedCases_Success" computerName="DKSR-EFI-06" duration="00:00:00.0116117" startTime="2024-01-09T15:42:37.1540023+01:00" endTime="2024-01-09T15:42:37.1696277+01:00" testType="13cdc9d9-ddb5-4fa4-a97d-d965ccfc6d4b" outcome="Passed" testListId="8c84fa94-04c1-424b-9868-57a2d4851a1d" relativeResultsDirectory="81a21ea1-666e-4605-a147-bb04622a6982" />
    <UnitTestResult executionId="f6a1b972-a44f-4ed6-8af6-365e03e89f31" testId="33a5cbf1-11bb-1f4f-d6f4-41b9a765f053" testName="Build_WhenMIPAction_ReturnsProperties" computerName="DKSR-EFI-06" duration="00:00:00.0399156" startTime="2024-01-09T15:42:35.9196206+01:00" endTime="2024-01-09T15:42:35.9664956+01:00" testType="13cdc9d9-ddb5-4fa4-a97d-d965ccfc6d4b" outcome="Passed" testListId="8c84fa94-04c1-424b-9868-57a2d4851a1d" relativeResultsDirectory="f6a1b972-a44f-4ed6-8af6-365e03e89f31" />
    <UnitTestResult executionId="b1c86847-97bf-4b56-9ec8-a84be207ef86" testId="4c525ac8-5915-a9b0-bff8-11b5e172e7fe" testName="Get_UnknownResource_ExceptionNotCaught" computerName="DKSR-EFI-06" duration="00:00:00.8905306" startTime="2024-01-09T15:42:26.2477162+01:00" endTime="2024-01-09T15:42:27.1383400+01:00" testType="13cdc9d9-ddb5-4fa4-a97d-d965ccfc6d4b" outcome="Passed" testListId="8c84fa94-04c1-424b-9868-57a2d4851a1d" relativeResultsDirectory="b1c86847-97bf-4b56-9ec8-a84be207ef86" />
    <UnitTestResult executionId="8fc7345a-1a89-4eaf-8499-72ff60fd7478" testId="0db7acd8-cd43-a484-814c-1d5e6746c2dd" testName="GetXml_WhenStopSetRecordingFramerate_MatchesXml" computerName="DKSR-EFI-06" duration="00:00:00.0006142" startTime="2024-01-09T15:42:38.6227585+01:00" endTime="2024-01-09T15:42:38.6227585+01:00" testType="13cdc9d9-ddb5-4fa4-a97d-d965ccfc6d4b" outcome="Passed" testListId="8c84fa94-04c1-424b-9868-57a2d4851a1d" relativeResultsDirectory="8fc7345a-1a89-4eaf-8499-72ff60fd7478" />
    <UnitTestResult executionId="8e66c31e-aa9f-4a6c-8ea2-70a94a3e5484" testId="01da6973-5ae5-a195-1b29-c9ac769cae35" testName="Validate_InvalidTagType" computerName="DKSR-EFI-06" duration="00:00:00.0013270" startTime="2024-01-09T15:42:39.7008912+01:00" endTime="2024-01-09T15:42:39.7008912+01:00" testType="13cdc9d9-ddb5-4fa4-a97d-d965ccfc6d4b" outcome="Passed" testListId="8c84fa94-04c1-424b-9868-57a2d4851a1d" relativeResultsDirectory="8e66c31e-aa9f-4a6c-8ea2-70a94a3e5484" />
    <UnitTestResult executionId="4c338857-168b-419a-96ac-337be041eb5b" testId="a006b6de-22f7-8ee1-a2e7-0e464ea1bed1" testName="Validate_WhenStartPartRequiresCounteraction_Error" computerName="DKSR-EFI-06" duration="00:00:00.0014653" startTime="2024-01-09T15:42:36.7477507+01:00" endTime="2024-01-09T15:42:36.7477507+01:00" testType="13cdc9d9-ddb5-4fa4-a97d-d965ccfc6d4b" outcome="Passed" testListId="8c84fa94-04c1-424b-9868-57a2d4851a1d" relativeResultsDirectory="4c338857-168b-419a-96ac-337be041eb5b" />
    <UnitTestResult executionId="bc595bac-b746-4fe8-8cf1-4add346e058e" testId="69d7d595-e031-5f7f-8bdf-0dc048d5e841" testName="GetXml_WhenActionIsVideoWallSetToText_MatchesXml" computerName="DKSR-EFI-06" duration="00:00:00.0007771" startTime="2024-01-09T15:42:38.6540091+01:00" endTime="2024-01-09T15:42:38.6540091+01:00" testType="13cdc9d9-ddb5-4fa4-a97d-d965ccfc6d4b" outcome="Passed" testListId="8c84fa94-04c1-424b-9868-57a2d4851a1d" relativeResultsDirectory="bc595bac-b746-4fe8-8cf1-4add346e058e" />
    <UnitTestResult executionId="d97eb587-44e6-4458-ab8e-408fed64c363" testId="3c50c9d9-0461-e1c8-aa58-f2ca0117b1dd" testName="TryParseConditions_WhenTimeBetweenHasNoValueToken_ReturnsFalse" computerName="DKSR-EFI-06" duration="00:00:00.0002302" startTime="2024-01-09T15:42:38.7165104+01:00" endTime="2024-01-09T15:42:38.7165104+01:00" testType="13cdc9d9-ddb5-4fa4-a97d-d965ccfc6d4b" outcome="Passed" testListId="8c84fa94-04c1-424b-9868-57a2d4851a1d" relativeResultsDirectory="d97eb587-44e6-4458-ab8e-408fed64c363" />
    <UnitTestResult executionId="f895ad53-9c90-4716-87fa-fb798096f600" testId="0825974a-ba77-300d-17e2-9075239855da" testName="SetItem_InvalidParentPathTest" computerName="DKSR-EFI-06" duration="00:00:00.0008824" startTime="2024-01-09T15:42:41.5602721+01:00" endTime="2024-01-09T15:42:41.5602721+01:00" testType="13cdc9d9-ddb5-4fa4-a97d-d965ccfc6d4b" outcome="Passed" testListId="8c84fa94-04c1-424b-9868-57a2d4851a1d" relativeResultsDirectory="f895ad53-9c90-4716-87fa-fb798096f600" />
    <UnitTestResult executionId="d26167fd-7593-468b-b31d-3c9907922da7" testId="92b6cae2-ac14-5107-7d7d-6266feddd8fd" testName="GetNextProperties_AllPropertiesPresentWithValues_ReturnsEmptyList" computerName="DKSR-EFI-06" duration="00:00:00.0017564" startTime="2024-01-09T15:42:34.6383655+01:00" endTime="2024-01-09T15:42:34.6539909+01:00" testType="13cdc9d9-ddb5-4fa4-a97d-d965ccfc6d4b" outcome="Passed" testListId="8c84fa94-04c1-424b-9868-57a2d4851a1d" relativeResultsDirectory="d26167fd-7593-468b-b31d-3c9907922da7" />
    <UnitTestResult executionId="f29c5ba3-c75d-4155-8763-de006e54b9f5" testId="d175a773-5876-c379-b850-5171c1459eab" testName="InvokeMethod_ParamCheck_UnknownMethodId2Test" computerName="DKSR-EFI-06" duration="00:00:00.0014251" startTime="2024-01-09T15:42:41.7633956+01:00" endTime="2024-01-09T15:42:41.7790190+01:00" testType="13cdc9d9-ddb5-4fa4-a97d-d965ccfc6d4b" outcome="Passed" testListId="8c84fa94-04c1-424b-9868-57a2d4851a1d" relativeResultsDirectory="f29c5ba3-c75d-4155-8763-de006e54b9f5" />
    <UnitTestResult executionId="9766e9f6-8f78-4998-a4c5-b552b6ca59b2" testId="341c1707-b443-49ba-b516-8f86938f926d" testName="GetItem_BasicOwnerInformationFolder_SunnyDay" computerName="DKSR-EFI-06" duration="00:00:00.0005295" startTime="2024-01-09T15:42:39.5915117+01:00" endTime="2024-01-09T15:42:39.6071384+01:00" testType="13cdc9d9-ddb5-4fa4-a97d-d965ccfc6d4b" outcome="Passed" testListId="8c84fa94-04c1-424b-9868-57a2d4851a1d" relativeResultsDirectory="9766e9f6-8f78-4998-a4c5-b552b6ca59b2" />
    <UnitTestResult executionId="57171ee1-5741-4678-9f55-f87e76bb7d4a" testId="45d6502e-1f15-054f-29bc-6f6217cde644" testName="InvokeMethod_InvalidParentPathTest" computerName="DKSR-EFI-06" duration="00:00:00.0006884" startTime="2024-01-09T15:42:41.7790190+01:00" endTime="2024-01-09T15:42:41.7790190+01:00" testType="13cdc9d9-ddb5-4fa4-a97d-d965ccfc6d4b" outcome="Passed" testListId="8c84fa94-04c1-424b-9868-57a2d4851a1d" relativeResultsDirectory="57171ee1-5741-4678-9f55-f87e76bb7d4a" />
    <UnitTestResult executionId="26b35bb1-9ec4-42df-b89c-f973fa951e21" testId="72905249-5555-d324-5cc4-e977dfb75d72" testName="SendCommandSecurityVisitor_ServerFileSystemOperationCommand_QueryRecorderDirectories_NotAllowed" computerName="DKSR-EFI-06" duration="00:00:00.0010872" startTime="2024-01-09T15:42:22.5914635+01:00" endTime="2024-01-09T15:42:22.5914635+01:00" testType="13cdc9d9-ddb5-4fa4-a97d-d965ccfc6d4b" outcome="Passed" testListId="8c84fa94-04c1-424b-9868-57a2d4851a1d" relativeResultsDirectory="26b35bb1-9ec4-42df-b89c-f973fa951e21" />
    <UnitTestResult executionId="b772d33a-71c3-4727-abac-1c249ef16991" testId="ea6f0c85-7acb-5cbc-2983-c5317b44a283" testName="GetItems_ShouldReturnValidLicenseItem_IfTheyNotExists" computerName="DKSR-EFI-06" duration="00:00:00.0033532" startTime="2024-01-09T15:42:43.9040296+01:00" endTime="2024-01-09T15:42:43.9040296+01:00" testType="13cdc9d9-ddb5-4fa4-a97d-d965ccfc6d4b" outcome="Passed" testListId="8c84fa94-04c1-424b-9868-57a2d4851a1d" relativeResultsDirectory="b772d33a-71c3-4727-abac-1c249ef16991">
      <Output>
        <StdOut>Debug Trace:&#xD;
MIPItem: No Mgt Server Id ?&#xD;
MIPItem: No Mgt Server Id ?</StdOut>
      </Output>
    </UnitTestResult>
    <UnitTestResult executionId="b9cbbead-790a-491e-80b5-d40e1ca7571b" testId="9fbb0cad-ef3b-b25f-b16d-6295bd73e048" testName="GetCurrentProperties_WhenTimerStopRuleHasTime_ReturnsProperties" computerName="DKSR-EFI-06" duration="00:00:00.0027658" startTime="2024-01-09T15:42:35.4198205+01:00" endTime="2024-01-09T15:42:35.4198205+01:00" testType="13cdc9d9-ddb5-4fa4-a97d-d965ccfc6d4b" outcome="Passed" testListId="8c84fa94-04c1-424b-9868-57a2d4851a1d" relativeResultsDirectory="b9cbbead-790a-491e-80b5-d40e1ca7571b" />
    <UnitTestResult executionId="63c4d0fa-4575-4cb6-81ae-0e342668ab5a" testId="430940e6-29ee-0651-07a3-369522e7fe55" testName="SendCommandSecurityVisitor_SendNotificationCommand_NotSupportedException" computerName="DKSR-EFI-06" duration="00:00:00.0031921" startTime="2024-01-09T15:42:21.7789624+01:00" endTime="2024-01-09T15:42:21.7789624+01:00" testType="13cdc9d9-ddb5-4fa4-a97d-d965ccfc6d4b" outcome="Passed" testListId="8c84fa94-04c1-424b-9868-57a2d4851a1d" relativeResultsDirectory="63c4d0fa-4575-4cb6-81ae-0e342668ab5a" />
    <UnitTestResult executionId="b7ca12f1-bb16-4aff-a7ed-eb2c286f6c97" testId="20f2f123-f3a3-8b08-2947-60d52eac45ca" testName="InvokeMethod_AddAudioFile_UnauthorizedAccessTest" computerName="DKSR-EFI-06" duration="00:00:00.0010609" startTime="2024-01-09T15:42:41.8102716+01:00" endTime="2024-01-09T15:42:41.8102716+01:00" testType="13cdc9d9-ddb5-4fa4-a97d-d965ccfc6d4b" outcome="Passed" testListId="8c84fa94-04c1-424b-9868-57a2d4851a1d" relativeResultsDirectory="b7ca12f1-bb16-4aff-a7ed-eb2c286f6c97" />
    <UnitTestResult executionId="89ec434c-37b9-4cb8-8df9-9425fad732c4" testId="b4145da0-0582-cca7-4861-0734764d493b" testName="BuildLicensePlates_Correct" computerName="DKSR-EFI-06" duration="00:00:00.0038596" startTime="2024-01-09T15:42:41.4040202+01:00" endTime="2024-01-09T15:42:41.4040202+01:00" testType="13cdc9d9-ddb5-4fa4-a97d-d965ccfc6d4b" outcome="Passed" testListId="8c84fa94-04c1-424b-9868-57a2d4851a1d" relativeResultsDirectory="89ec434c-37b9-4cb8-8df9-9425fad732c4" />
    <UnitTestResult executionId="9595ef99-5b5c-47fa-b79d-2a39e1da4c77" testId="ced0fd53-5393-0f9f-d0df-5c504d2cb42d" testName="CheckDualAuthorization_ThowsArgumentNullException_OnNullAsContext" computerName="DKSR-EFI-06" duration="00:00:00.0005780" startTime="2024-01-09T15:42:18.3414615+01:00" endTime="2024-01-09T15:42:18.3414615+01:00" testType="13cdc9d9-ddb5-4fa4-a97d-d965ccfc6d4b" outcome="Passed" testListId="8c84fa94-04c1-424b-9868-57a2d4851a1d" relativeResultsDirectory="9595ef99-5b5c-47fa-b79d-2a39e1da4c77" />
    <UnitTestResult executionId="e1dfea38-67ff-4551-9c4d-562cc53f51fe" testId="e0a688e8-664f-99c7-ec92-d39f6af11fd1" testName="Validate_WhenSubdayTypeRecurring_SubdayEndTimeIsExactly24Hours_ReturnsError" computerName="DKSR-EFI-06" duration="00:00:00.0004425" startTime="2024-01-09T15:42:37.0133758+01:00" endTime="2024-01-09T15:42:37.0133758+01:00" testType="13cdc9d9-ddb5-4fa4-a97d-d965ccfc6d4b" outcome="Passed" testListId="8c84fa94-04c1-424b-9868-57a2d4851a1d" relativeResultsDirectory="e1dfea38-67ff-4551-9c4d-562cc53f51fe" />
    <UnitTestResult executionId="73dcd3b2-a87d-4adc-8232-3e64ee34e9f4" testId="db4b676b-07c8-7809-5847-0d5b98531e8d" testName="GetXml_WhenActionIsVideoWallSetToCameras_MatchesXml" computerName="DKSR-EFI-06" duration="00:00:00.0013874" startTime="2024-01-09T15:42:38.6383836+01:00" endTime="2024-01-09T15:42:38.6383836+01:00" testType="13cdc9d9-ddb5-4fa4-a97d-d965ccfc6d4b" outcome="Passed" testListId="8c84fa94-04c1-424b-9868-57a2d4851a1d" relativeResultsDirectory="73dcd3b2-a87d-4adc-8232-3e64ee34e9f4" />
    <UnitTestResult executionId="70b0e000-fe19-404b-935b-1b664062d3b9" testId="39b6ce1d-99e5-e4fa-055e-bf00c343e110" testName="DeviceEvents_GetFirstFreeIndex_Success" computerName="DKSR-EFI-06" duration="00:00:00.0006246" startTime="2024-01-09T15:42:42.2790249+01:00" endTime="2024-01-09T15:42:42.2790249+01:00" testType="13cdc9d9-ddb5-4fa4-a97d-d965ccfc6d4b" outcome="Passed" testListId="8c84fa94-04c1-424b-9868-57a2d4851a1d" relativeResultsDirectory="70b0e000-fe19-404b-935b-1b664062d3b9" />
    <UnitTestResult executionId="c79c3506-0b07-4497-b20e-7abf93bc1e5f" testId="9518cd3b-82f8-d7b0-b871-6b23c468ed35" testName="Build_WhenBothTimeProfileConditionsAreSet_TimeProfileIdsAreSet_ReturnsBothTimeProfileConditions" computerName="DKSR-EFI-06" duration="00:00:00.0049248" startTime="2024-01-09T15:42:36.6383744+01:00" endTime="2024-01-09T15:42:36.6383744+01:00" testType="13cdc9d9-ddb5-4fa4-a97d-d965ccfc6d4b" outcome="Passed" testListId="8c84fa94-04c1-424b-9868-57a2d4851a1d" relativeResultsDirectory="c79c3506-0b07-4497-b20e-7abf93bc1e5f" />
    <UnitTestResult executionId="d8eeb2b5-5a9d-4454-a475-f2a9d3e6f7fa" testId="4529e5b2-f114-81dd-adcb-18fe8e2dd231" testName="CalculateStandardErrorSuccess" computerName="DKSR-EFI-06" duration="00:00:00.0004065" startTime="2024-01-09T15:42:43.3572129+01:00" endTime="2024-01-09T15:42:43.3572129+01:00" testType="13cdc9d9-ddb5-4fa4-a97d-d965ccfc6d4b" outcome="Passed" testListId="8c84fa94-04c1-424b-9868-57a2d4851a1d" relativeResultsDirectory="d8eeb2b5-5a9d-4454-a475-f2a9d3e6f7fa" />
    <UnitTestResult executionId="9f8aeba2-7673-45e6-9a60-9e5c9bc9d3b9" testId="3524fbc3-fc7e-8376-50fe-aec54b897773" testName="DeviceStreams_UpdateStream_OnlyUseMediaAfter_UpdateEdge" computerName="DKSR-EFI-06" duration="00:00:00.0092913" startTime="2024-01-09T15:42:42.5915252+01:00" endTime="2024-01-09T15:42:42.5915252+01:00" testType="13cdc9d9-ddb5-4fa4-a97d-d965ccfc6d4b" outcome="Passed" testListId="8c84fa94-04c1-424b-9868-57a2d4851a1d" relativeResultsDirectory="9f8aeba2-7673-45e6-9a60-9e5c9bc9d3b9" />
    <UnitTestResult executionId="1e1a2699-d025-4705-a7d4-0743e3ad702d" testId="d3014a0b-42cb-80d6-842d-934cccf6231b" testName="QuerySearchTemplateFinds_ValidParams" computerName="DKSR-EFI-06" duration="00:00:00.0248270" startTime="2024-01-09T15:42:43.4509008+01:00" endTime="2024-01-09T15:42:43.4665283+01:00" testType="13cdc9d9-ddb5-4fa4-a97d-d965ccfc6d4b" outcome="Passed" testListId="8c84fa94-04c1-424b-9868-57a2d4851a1d" relativeResultsDirectory="1e1a2699-d025-4705-a7d4-0743e3ad702d" />
    <UnitTestResult executionId="04686861-8b49-4f69-8ed4-c41b3d23946e" testId="6d800209-ad8e-8d79-23cf-43de153ea3a7" testName="SetItem_ParamNullCheck_ParentPath" computerName="DKSR-EFI-06" duration="00:00:00.0014819" startTime="2024-01-09T15:42:41.1227692+01:00" endTime="2024-01-09T15:42:41.1227692+01:00" testType="13cdc9d9-ddb5-4fa4-a97d-d965ccfc6d4b" outcome="Passed" testListId="8c84fa94-04c1-424b-9868-57a2d4851a1d" relativeResultsDirectory="04686861-8b49-4f69-8ed4-c41b3d23946e" />
    <UnitTestResult executionId="0caddad2-da2b-4465-9fed-8800e94e6312" testId="c923d87c-5766-d04e-4f9c-cd181e2acb33" testName="GetXml_WhenActionIsTriggerEventOnRemoteSite_MatchesXml" computerName="DKSR-EFI-06" duration="00:00:00.0005524" startTime="2024-01-09T15:42:38.6852595+01:00" endTime="2024-01-09T15:42:38.6852595+01:00" testType="13cdc9d9-ddb5-4fa4-a97d-d965ccfc6d4b" outcome="Passed" testListId="8c84fa94-04c1-424b-9868-57a2d4851a1d" relativeResultsDirectory="0caddad2-da2b-4465-9fed-8800e94e6312" />
    <UnitTestResult executionId="c5a6fd5b-b1a5-4bae-9615-ccaa99437109" testId="7c9b8ca1-055f-946f-8887-ec28d1c971a1" testName="Build_WhenActionHasCounterAction_CorrectlyCopiesValuesFromStartToStopAction" computerName="DKSR-EFI-06" duration="00:00:00.0033361" startTime="2024-01-09T15:42:36.6071246+01:00" endTime="2024-01-09T15:42:36.6227481+01:00" testType="13cdc9d9-ddb5-4fa4-a97d-d965ccfc6d4b" outcome="Passed" testListId="8c84fa94-04c1-424b-9868-57a2d4851a1d" relativeResultsDirectory="c5a6fd5b-b1a5-4bae-9615-ccaa99437109" />
    <UnitTestResult executionId="fe5c7336-5605-4d47-a99f-233bb07d4118" testId="c2a8b419-1f68-3978-1890-f7c6fef93a0a" testName="SendCommandSecurityVisitor_BackupConfigCommand_ArgumentNullException" computerName="DKSR-EFI-06" duration="00:00:00.0033191" startTime="2024-01-09T15:42:22.6227147+01:00" endTime="2024-01-09T15:42:22.6227147+01:00" testType="13cdc9d9-ddb5-4fa4-a97d-d965ccfc6d4b" outcome="Passed" testListId="8c84fa94-04c1-424b-9868-57a2d4851a1d" relativeResultsDirectory="fe5c7336-5605-4d47-a99f-233bb07d4118">
      <Output>
        <StdOut>Debug Trace:&#xD;
Fail: Argument null.</StdOut>
      </Output>
    </UnitTestResult>
    <UnitTestResult executionId="b28a0c02-fd25-4a1c-bf9e-33dac9b22faf" testId="5cf2d564-1ce0-5108-b49f-dfd4807437f9" testName="Invoke_ChangeLicense_SunnyDay" computerName="DKSR-EFI-06" duration="00:00:00.0173634" startTime="2024-01-09T15:42:40.7008910+01:00" endTime="2024-01-09T15:42:40.7165235+01:00" testType="13cdc9d9-ddb5-4fa4-a97d-d965ccfc6d4b" outcome="Passed" testListId="8c84fa94-04c1-424b-9868-57a2d4851a1d" relativeResultsDirectory="b28a0c02-fd25-4a1c-bf9e-33dac9b22faf" />
    <UnitTestResult executionId="ca924abe-98a8-42a2-8e22-28378fe63fb3" testId="746c1cd5-520d-a6bc-a337-b897fd9a457b" testName="ConfigurationAPIExceptionUtilities_CreateServerException_Null_ArgumentNullException" computerName="DKSR-EFI-06" duration="00:00:00.0005610" startTime="2024-01-09T15:42:33.3102294+01:00" endTime="2024-01-09T15:42:33.3102294+01:00" testType="13cdc9d9-ddb5-4fa4-a97d-d965ccfc6d4b" outcome="Passed" testListId="8c84fa94-04c1-424b-9868-57a2d4851a1d" relativeResultsDirectory="ca924abe-98a8-42a2-8e22-28378fe63fb3" />
    <UnitTestResult executionId="34053af9-4a0d-4c41-af53-b95e20bdced1" testId="e9e93eed-f0ba-1c0a-8098-129716d1747d" testName="ClientVersionHandling_GetSmartClientVersion_FIPS_202" computerName="DKSR-EFI-06" duration="00:00:00.0272063" startTime="2024-01-09T15:42:20.4977123+01:00" endTime="2024-01-09T15:42:20.5290517+01:00" testType="13cdc9d9-ddb5-4fa4-a97d-d965ccfc6d4b" outcome="Passed" testListId="8c84fa94-04c1-424b-9868-57a2d4851a1d" relativeResultsDirectory="34053af9-4a0d-4c41-af53-b95e20bdced1" />
    <UnitTestResult executionId="e119c866-2de0-41fa-ad05-e90591151693" testId="19ff5693-0727-f4b1-3c78-35b02087bc1e" testName="ServerProxyService_GetServerVersion_ManagementServerRead_Checked" computerName="DKSR-EFI-06" duration="00:00:00.0114554" startTime="2024-01-09T15:42:24.9352170+01:00" endTime="2024-01-09T15:42:24.9508403+01:00" testType="13cdc9d9-ddb5-4fa4-a97d-d965ccfc6d4b" outcome="Passed" testListId="8c84fa94-04c1-424b-9868-57a2d4851a1d" relativeResultsDirectory="e119c866-2de0-41fa-ad05-e90591151693" />
    <UnitTestResult executionId="19ca700f-ec9b-4f41-b4f2-64afad65aace" testId="27b0da84-c051-fd23-774d-87d34e244191" testName="ConfigurationItemPath_CreateItemPath_ItemTypeNull_ArgumentNullException" computerName="DKSR-EFI-06" duration="00:00:00.0030706" startTime="2024-01-09T15:42:33.4821078+01:00" endTime="2024-01-09T15:42:33.4821078+01:00" testType="13cdc9d9-ddb5-4fa4-a97d-d965ccfc6d4b" outcome="Passed" testListId="8c84fa94-04c1-424b-9868-57a2d4851a1d" relativeResultsDirectory="19ca700f-ec9b-4f41-b4f2-64afad65aace">
      <Output>
        <StdOut>Debug Trace:&#xD;
Fail: Argument null</StdOut>
      </Output>
    </UnitTestResult>
    <UnitTestResult executionId="27eaa82e-a226-4b0f-baea-24dfed6b2697" testId="669874b9-f567-7689-bb95-7a7a6ad10ced" testName="GetXml_WhenRuleTypeIsEventWithEventSourceGroupIdSet_MatchesXml" computerName="DKSR-EFI-06" duration="00:00:00.0010310" startTime="2024-01-09T15:42:38.9977599+01:00" endTime="2024-01-09T15:42:39.0133873+01:00" testType="13cdc9d9-ddb5-4fa4-a97d-d965ccfc6d4b" outcome="Passed" testListId="8c84fa94-04c1-424b-9868-57a2d4851a1d" relativeResultsDirectory="27eaa82e-a226-4b0f-baea-24dfed6b2697" />
    <UnitTestResult executionId="7521835b-266c-4704-b087-8130a743744b" testId="9482aec0-25fc-1383-f418-9c29dc86523e" testName="Patch_EmptyRequestBody_ThrowsException" computerName="DKSR-EFI-06" duration="00:00:00.0144739" startTime="2024-01-09T15:42:27.9195907+01:00" endTime="2024-01-09T15:42:27.9352156+01:00" testType="13cdc9d9-ddb5-4fa4-a97d-d965ccfc6d4b" outcome="Passed" testListId="8c84fa94-04c1-424b-9868-57a2d4851a1d" relativeResultsDirectory="7521835b-266c-4704-b087-8130a743744b" />
    <UnitTestResult executionId="48e1b7cb-65d2-4ffc-960b-e26a52595d12" testId="e0b6c5e2-4306-e425-c215-9b8b143206e6" testName="GetItemType_WithIncorrectId_ReturnsNull" computerName="DKSR-EFI-06" duration="00:00:00.0003230" startTime="2024-01-09T15:42:37.7165064+01:00" endTime="2024-01-09T15:42:37.7165064+01:00" testType="13cdc9d9-ddb5-4fa4-a97d-d965ccfc6d4b" outcome="Passed" testListId="8c84fa94-04c1-424b-9868-57a2d4851a1d" relativeResultsDirectory="48e1b7cb-65d2-4ffc-960b-e26a52595d12" />
    <UnitTestResult executionId="44329ff4-d1e6-4bff-9b90-f2b480c33b86" testId="c0010909-c696-e87f-4fc3-ac63c74b1864" testName="ValidateItem_InvalidPathTest" computerName="DKSR-EFI-06" duration="00:00:00.0006006" startTime="2024-01-09T15:42:41.6071457+01:00" endTime="2024-01-09T15:42:41.6071457+01:00" testType="13cdc9d9-ddb5-4fa4-a97d-d965ccfc6d4b" outcome="Passed" testListId="8c84fa94-04c1-424b-9868-57a2d4851a1d" relativeResultsDirectory="44329ff4-d1e6-4bff-9b90-f2b480c33b86" />
    <UnitTestResult executionId="0b2401c1-212a-4e2d-8051-8c893cb571b1" testId="61ae8e98-a158-2a11-f8dc-a6d267074739" testName="Validate_WhenDeviceActionButNoValuesInDeviceParameters_Error" computerName="DKSR-EFI-06" duration="00:00:00.0017959" startTime="2024-01-09T15:42:37.5446313+01:00" endTime="2024-01-09T15:42:37.5446313+01:00" testType="13cdc9d9-ddb5-4fa4-a97d-d965ccfc6d4b" outcome="Passed" testListId="8c84fa94-04c1-424b-9868-57a2d4851a1d" relativeResultsDirectory="0b2401c1-212a-4e2d-8051-8c893cb571b1" />
    <UnitTestResult executionId="8533a071-da00-46d3-81ad-161b28b64e4d" testId="6b6e0df7-b9a4-0054-0386-907ded9800bd" testName="Validate_WhenMonthlyFrequency_ValueInDayParameterLessThan1_ReturnsError" computerName="DKSR-EFI-06" duration="00:00:00.0003927" startTime="2024-01-09T15:42:37.0915001+01:00" endTime="2024-01-09T15:42:37.0915001+01:00" testType="13cdc9d9-ddb5-4fa4-a97d-d965ccfc6d4b" outcome="Passed" testListId="8c84fa94-04c1-424b-9868-57a2d4851a1d" relativeResultsDirectory="8533a071-da00-46d3-81ad-161b28b64e4d" />
    <UnitTestResult executionId="4777b706-093a-439c-a62a-3f7eec10f22d" testId="601df01d-de21-4da5-6581-aabf9bd39cd0" testName="CreateSearchTemplate_ParamNullCheck_RequestContext" computerName="DKSR-EFI-06" duration="00:00:00.0016861" startTime="2024-01-09T15:42:43.6852771+01:00" endTime="2024-01-09T15:42:43.7009027+01:00" testType="13cdc9d9-ddb5-4fa4-a97d-d965ccfc6d4b" outcome="Passed" testListId="8c84fa94-04c1-424b-9868-57a2d4851a1d" relativeResultsDirectory="4777b706-093a-439c-a62a-3f7eec10f22d" />
    <UnitTestResult executionId="27b99d00-855a-4799-9e41-4a6adc6a01f4" testId="f94d4e58-aaf5-c175-b7a8-b0929358430c" testName="TryParseRuleType_SubDay_WhenOnce_ReturnsTrue" computerName="DKSR-EFI-06" duration="00:00:00.0006661" startTime="2024-01-09T15:42:38.9352620+01:00" endTime="2024-01-09T15:42:38.9352620+01:00" testType="13cdc9d9-ddb5-4fa4-a97d-d965ccfc6d4b" outcome="Passed" testListId="8c84fa94-04c1-424b-9868-57a2d4851a1d" relativeResultsDirectory="27b99d00-855a-4799-9e41-4a6adc6a01f4" />
    <UnitTestResult executionId="b2f17be7-5fb1-4333-8ef4-f51f9795aeab" testId="1c6a26af-7538-5f13-7817-1c6d99e085a5" testName="GetChildItems_SunnyDayTest_FromItem" computerName="DKSR-EFI-06" duration="00:00:00.0006632" startTime="2024-01-09T15:42:40.7946434+01:00" endTime="2024-01-09T15:42:40.7946434+01:00" testType="13cdc9d9-ddb5-4fa4-a97d-d965ccfc6d4b" outcome="Passed" testListId="8c84fa94-04c1-424b-9868-57a2d4851a1d" relativeResultsDirectory="b2f17be7-5fb1-4333-8ef4-f51f9795aeab" />
    <UnitTestResult executionId="2b3f8397-12ac-4752-b07b-01e7b28d4234" testId="478e7708-33a1-7c63-a392-e916c0ef71af" testName="CreateSearchTemplate_PrivateOnly" computerName="DKSR-EFI-06" duration="00:00:00.0323522" startTime="2024-01-09T15:42:43.7009027+01:00" endTime="2024-01-09T15:42:43.7321544+01:00" testType="13cdc9d9-ddb5-4fa4-a97d-d965ccfc6d4b" outcome="Passed" testListId="8c84fa94-04c1-424b-9868-57a2d4851a1d" relativeResultsDirectory="2b3f8397-12ac-4752-b07b-01e7b28d4234" />
    <UnitTestResult executionId="b1945b8e-6b75-4c40-939b-e17ce4562f48" testId="9f708db3-7cf3-4087-9511-e8a1f7d4a048" testName="SetItem_WhenValidationNotPassed_DoesNothingAndReturnsValidationResult" computerName="DKSR-EFI-06" duration="00:00:00.0161498" startTime="2024-01-09T15:42:39.4821390+01:00" endTime="2024-01-09T15:42:39.4977656+01:00" testType="13cdc9d9-ddb5-4fa4-a97d-d965ccfc6d4b" outcome="Passed" testListId="8c84fa94-04c1-424b-9868-57a2d4851a1d" relativeResultsDirectory="b1945b8e-6b75-4c40-939b-e17ce4562f48" />
    <UnitTestResult executionId="590c3018-1804-423d-b6c7-64db07300f23" testId="03106c57-50d8-1656-2022-0b05fca59301" testName="Validate_WhenEventSourcesContainNoEventSources_Error" computerName="DKSR-EFI-06" duration="00:00:00.0039916" startTime="2024-01-09T15:42:36.9040007+01:00" endTime="2024-01-09T15:42:36.9196246+01:00" testType="13cdc9d9-ddb5-4fa4-a97d-d965ccfc6d4b" outcome="Passed" testListId="8c84fa94-04c1-424b-9868-57a2d4851a1d" relativeResultsDirectory="590c3018-1804-423d-b6c7-64db07300f23" />
    <UnitTestResult executionId="a6431294-7cf7-4425-b11f-2afdbbcb7db7" testId="c4e58bbd-5cb8-a463-0e32-8468aa32b9f9" testName="ConstructSqlSelect_SunnyDay_NameNotEqual" computerName="DKSR-EFI-06" duration="00:00:00.0003612" startTime="2024-01-09T15:42:33.7164829+01:00" endTime="2024-01-09T15:42:33.7164829+01:00" testType="13cdc9d9-ddb5-4fa4-a97d-d965ccfc6d4b" outcome="Passed" testListId="8c84fa94-04c1-424b-9868-57a2d4851a1d" relativeResultsDirectory="a6431294-7cf7-4425-b11f-2afdbbcb7db7" />
    <UnitTestResult executionId="a95c864c-89bd-4361-86bc-a03d7b7c70b0" testId="9db6bb97-3604-b8fc-5976-8fd38116c854" testName="ConfigurationItemPathBuilder_Create_InvalidPath_ArgumentException (Data Row 5)" computerName="DKSR-EFI-06" duration="00:00:00.0005015" startTime="2024-01-09T15:42:33.3571055+01:00" endTime="2024-01-09T15:42:33.3571055+01:00" testType="13cdc9d9-ddb5-4fa4-a97d-d965ccfc6d4b" outcome="Passed" testListId="8c84fa94-04c1-424b-9868-57a2d4851a1d" relativeResultsDirectory="a95c864c-89bd-4361-86bc-a03d7b7c70b0">
      <Output>
        <StdOut>Debug Trace:&#xD;
Fail: Id is invalid: 11</StdOut>
      </Output>
    </UnitTestResult>
    <UnitTestResult executionId="7687eea0-b40f-44c3-a1e8-6d52aea6e1c4" testId="5d9d28df-bf4c-4563-1424-297e4742e11a" testName="Validate_WhenExpectedTypeIsNull_ReturnFalse" computerName="DKSR-EFI-06" duration="00:00:00.0020613" startTime="2024-01-09T15:42:38.5133820+01:00" endTime="2024-01-09T15:42:38.5133820+01:00" testType="13cdc9d9-ddb5-4fa4-a97d-d965ccfc6d4b" outcome="Passed" testListId="8c84fa94-04c1-424b-9868-57a2d4851a1d" relativeResultsDirectory="7687eea0-b40f-44c3-a1e8-6d52aea6e1c4" />
    <UnitTestResult executionId="5f47f6fc-0635-4a86-b6f5-95a27c381086" testId="308dfb12-df25-e4cd-a44f-21fe72069871" testName="Invoke_WhenPropertyNotFound_ArgumentException" computerName="DKSR-EFI-06" duration="00:00:00.0011016" startTime="2024-01-09T15:42:41.1852721+01:00" endTime="2024-01-09T15:42:41.1852721+01:00" testType="13cdc9d9-ddb5-4fa4-a97d-d965ccfc6d4b" outcome="Passed" testListId="8c84fa94-04c1-424b-9868-57a2d4851a1d" relativeResultsDirectory="5f47f6fc-0635-4a86-b6f5-95a27c381086" />
    <UnitTestResult executionId="57383383-2ebf-4432-ae10-a5cd399adfb5" testId="b56e6bba-6358-d3c0-11a5-7461d59cab15" testName="GetItem_WhenPathIsFolder_ReturnsFolderItem" computerName="DKSR-EFI-06" duration="00:00:00.0136171" startTime="2024-01-09T15:42:39.4508914+01:00" endTime="2024-01-09T15:42:39.4665151+01:00" testType="13cdc9d9-ddb5-4fa4-a97d-d965ccfc6d4b" outcome="Passed" testListId="8c84fa94-04c1-424b-9868-57a2d4851a1d" relativeResultsDirectory="57383383-2ebf-4432-ae10-a5cd399adfb5" />
    <UnitTestResult executionId="485728c0-32cf-4264-904f-3ea7b247f4d1" testId="540368fe-1a01-465b-b0a0-357ddfad78c5" testName="Validate_WhenConditionsIncludeDayOfWeekIs_ReturnsError" computerName="DKSR-EFI-06" duration="00:00:00.0004274" startTime="2024-01-09T15:42:37.1383775+01:00" endTime="2024-01-09T15:42:37.1383775+01:00" testType="13cdc9d9-ddb5-4fa4-a97d-d965ccfc6d4b" outcome="Passed" testListId="8c84fa94-04c1-424b-9868-57a2d4851a1d" relativeResultsDirectory="485728c0-32cf-4264-904f-3ea7b247f4d1" />
    <UnitTestResult executionId="107bc0bd-8fdd-46ff-9464-19307ef8b36f" testId="f98ae975-f415-ab71-9982-f3c2e3370458" testName="GetChildItems_WhenRulesAreNull_ReturnsEmptyList" computerName="DKSR-EFI-06" duration="00:00:00.0023243" startTime="2024-01-09T15:42:33.9508604+01:00" endTime="2024-01-09T15:42:33.9508604+01:00" testType="13cdc9d9-ddb5-4fa4-a97d-d965ccfc6d4b" outcome="Passed" testListId="8c84fa94-04c1-424b-9868-57a2d4851a1d" relativeResultsDirectory="107bc0bd-8fdd-46ff-9464-19307ef8b36f" />
    <UnitTestResult executionId="5b94ce1b-6ad0-4b0d-a955-8796f2b3f2ef" testId="8b6c6bad-06f5-c1b7-63a9-90f98de44d50" testName="Delete_ThrowsException_WhenMethodDoesNotReturnInvokeInfo" computerName="DKSR-EFI-06" duration="00:00:00.0050675" startTime="2024-01-09T15:42:29.0445919+01:00" endTime="2024-01-09T15:42:29.0445919+01:00" testType="13cdc9d9-ddb5-4fa4-a97d-d965ccfc6d4b" outcome="Passed" testListId="8c84fa94-04c1-424b-9868-57a2d4851a1d" relativeResultsDirectory="5b94ce1b-6ad0-4b0d-a955-8796f2b3f2ef" />
    <UnitTestResult executionId="5a48246e-846c-4db9-84bd-0789d07a7357" testId="0b6065d6-dedf-a3ff-30e9-0c4f1ad76fd9" testName="Invoke_UpdateLicense_WrongContent" computerName="DKSR-EFI-06" duration="00:00:00.0084711" startTime="2024-01-09T15:42:40.6852697+01:00" endTime="2024-01-09T15:42:40.6852697+01:00" testType="13cdc9d9-ddb5-4fa4-a97d-d965ccfc6d4b" outcome="Passed" testListId="8c84fa94-04c1-424b-9868-57a2d4851a1d" relativeResultsDirectory="5a48246e-846c-4db9-84bd-0789d07a7357" />
    <UnitTestResult executionId="7a73af51-a064-43cb-96a8-6017b089d092" testId="d66affda-3951-f7e8-e72d-7804e711b2a0" testName="GetItemType_WhenObjectNotExists_ReturnsNull" computerName="DKSR-EFI-06" duration="00:00:00.0026286" startTime="2024-01-09T15:42:38.5290102+01:00" endTime="2024-01-09T15:42:38.5290102+01:00" testType="13cdc9d9-ddb5-4fa4-a97d-d965ccfc6d4b" outcome="Passed" testListId="8c84fa94-04c1-424b-9868-57a2d4851a1d" relativeResultsDirectory="7a73af51-a064-43cb-96a8-6017b089d092" />
    <UnitTestResult executionId="63b59153-eb72-42e3-8676-9e194186409b" testId="97200fb7-7712-18b6-a05b-703e96234921" testName="Patch_ValidObject_PassedOnToSubController_ReturnsResultCode" computerName="DKSR-EFI-06" duration="00:00:00.0077226" startTime="2024-01-09T15:42:27.7008406+01:00" endTime="2024-01-09T15:42:27.7164656+01:00" testType="13cdc9d9-ddb5-4fa4-a97d-d965ccfc6d4b" outcome="Passed" testListId="8c84fa94-04c1-424b-9868-57a2d4851a1d" relativeResultsDirectory="63b59153-eb72-42e3-8676-9e194186409b" />
    <UnitTestResult executionId="3fcc2ef0-cfeb-4d2a-bee8-34888e8310e0" testId="08ced772-c1a9-f3fa-1144-86ecd836e833" testName="UpdateSearchTemplate_Public_NotAllowed" computerName="DKSR-EFI-06" duration="00:00:00.0039449" startTime="2024-01-09T15:42:43.7790301+01:00" endTime="2024-01-09T15:42:43.7946531+01:00" testType="13cdc9d9-ddb5-4fa4-a97d-d965ccfc6d4b" outcome="Passed" testListId="8c84fa94-04c1-424b-9868-57a2d4851a1d" relativeResultsDirectory="3fcc2ef0-cfeb-4d2a-bee8-34888e8310e0" />
    <UnitTestResult executionId="36c95c6f-db54-45fb-9323-d83bc11f33f0" testId="800a181e-12a9-897c-fb47-79bd9d412209" testName="ConstructSqlSelect_SunnyDay_NameWithCurlyBrackets" computerName="DKSR-EFI-06" duration="00:00:00.0003361" startTime="2024-01-09T15:42:33.7164829+01:00" endTime="2024-01-09T15:42:33.7164829+01:00" testType="13cdc9d9-ddb5-4fa4-a97d-d965ccfc6d4b" outcome="Passed" testListId="8c84fa94-04c1-424b-9868-57a2d4851a1d" relativeResultsDirectory="36c95c6f-db54-45fb-9323-d83bc11f33f0" />
    <UnitTestResult executionId="b5287732-0c0f-4004-9118-6a04f2b27a36" testId="c565ef0a-8620-c858-276f-5d33fcf8c542" testName="DeleteSearchTemplate_Public_NotAllowed" computerName="DKSR-EFI-06" duration="00:00:00.0074386" startTime="2024-01-09T15:42:43.8259057+01:00" endTime="2024-01-09T15:42:43.8259057+01:00" testType="13cdc9d9-ddb5-4fa4-a97d-d965ccfc6d4b" outcome="Passed" testListId="8c84fa94-04c1-424b-9868-57a2d4851a1d" relativeResultsDirectory="b5287732-0c0f-4004-9118-6a04f2b27a36" />
    <UnitTestResult executionId="4b3de247-c257-4fa9-808e-c9ffe71025a6" testId="d35ffe42-3db7-fa98-5490-19c5553e2117" testName="GetItem_ShouldCreateRegistrationItem_IfNotExists" computerName="DKSR-EFI-06" duration="00:00:00.0100201" startTime="2024-01-09T15:42:43.8571539+01:00" endTime="2024-01-09T15:42:43.8727803+01:00" testType="13cdc9d9-ddb5-4fa4-a97d-d965ccfc6d4b" outcome="Passed" testListId="8c84fa94-04c1-424b-9868-57a2d4851a1d" relativeResultsDirectory="4b3de247-c257-4fa9-808e-c9ffe71025a6">
      <Output>
        <StdOut>Debug Trace:&#xD;
MIPItem: No Mgt Server Id ?</StdOut>
      </Output>
    </UnitTestResult>
    <UnitTestResult executionId="b60201f8-2de4-44ac-af60-cfaa8f62a2ed" testId="b0560660-fbbf-5251-4c74-e7dcd4ddc7ab" testName="GetNextProperties_WhenRuleTypeIsEvent_EventTypeNotPresent_ReturnsEventTypeProperty" computerName="DKSR-EFI-06" duration="00:00:00.0037773" startTime="2024-01-09T15:42:35.6071197+01:00" endTime="2024-01-09T15:42:35.6071197+01:00" testType="13cdc9d9-ddb5-4fa4-a97d-d965ccfc6d4b" outcome="Passed" testListId="8c84fa94-04c1-424b-9868-57a2d4851a1d" relativeResultsDirectory="b60201f8-2de4-44ac-af60-cfaa8f62a2ed" />
    <UnitTestResult executionId="6bcb96ab-4c1d-4036-9d45-a7b431850642" testId="b5fc8440-0a96-2efa-643b-991b07515fed" testName="Invoke_WhenFirstTime_ProvidesInfo" computerName="DKSR-EFI-06" duration="00:00:00.0077020" startTime="2024-01-09T15:42:41.2790211+01:00" endTime="2024-01-09T15:42:41.2790211+01:00" testType="13cdc9d9-ddb5-4fa4-a97d-d965ccfc6d4b" outcome="Passed" testListId="8c84fa94-04c1-424b-9868-57a2d4851a1d" relativeResultsDirectory="6bcb96ab-4c1d-4036-9d45-a7b431850642" />
    <UnitTestResult executionId="93615e61-d123-4789-833c-d9e3a95d1812" testId="bba6945f-2961-4c72-bd7c-88635a01d115" testName="GetItemType_WhenValidVideoWall_ReturnsVideoWall" computerName="DKSR-EFI-06" duration="00:00:00.0055210" startTime="2024-01-09T15:42:38.1696342+01:00" endTime="2024-01-09T15:42:38.1696342+01:00" testType="13cdc9d9-ddb5-4fa4-a97d-d965ccfc6d4b" outcome="Passed" testListId="8c84fa94-04c1-424b-9868-57a2d4851a1d" relativeResultsDirectory="93615e61-d123-4789-833c-d9e3a95d1812" />
    <UnitTestResult executionId="2e8681b0-23ee-48b3-b8da-4764860b970b" testId="fa13e7bc-2d3d-0060-4a60-261d76e0c24c" testName="GetXml_WhenRuleTypeIsMonthlyAndRecurring_MatchesXml" computerName="DKSR-EFI-06" duration="00:00:00.0006486" startTime="2024-01-09T15:42:39.0446358+01:00" endTime="2024-01-09T15:42:39.0446358+01:00" testType="13cdc9d9-ddb5-4fa4-a97d-d965ccfc6d4b" outcome="Passed" testListId="8c84fa94-04c1-424b-9868-57a2d4851a1d" relativeResultsDirectory="2e8681b0-23ee-48b3-b8da-4764860b970b" />
    <UnitTestResult executionId="3fecd801-75b6-44a5-b84e-e936abfca1f7" testId="e6c594a5-de7b-4636-b0a3-68fab34488f5" testName="validateItem_NotLicensed" computerName="DKSR-EFI-06" duration="00:00:00.0013176" startTime="2024-01-09T15:42:41.1540205+01:00" endTime="2024-01-09T15:42:41.1540205+01:00" testType="13cdc9d9-ddb5-4fa4-a97d-d965ccfc6d4b" outcome="Passed" testListId="8c84fa94-04c1-424b-9868-57a2d4851a1d" relativeResultsDirectory="3fecd801-75b6-44a5-b84e-e936abfca1f7" />
    <UnitTestResult executionId="11755a71-9508-4bf7-874a-593a8135c3cd" testId="3df4e2e8-1215-386e-5764-6f1c42ae63b4" testName="SystemSettingsManager_ConvertToClientValue_NonExistant" computerName="DKSR-EFI-06" duration="00:00:00.0005588" startTime="2024-01-09T15:42:25.6852162+01:00" endTime="2024-01-09T15:42:25.6852162+01:00" testType="13cdc9d9-ddb5-4fa4-a97d-d965ccfc6d4b" outcome="Passed" testListId="8c84fa94-04c1-424b-9868-57a2d4851a1d" relativeResultsDirectory="11755a71-9508-4bf7-874a-593a8135c3cd" />
    <UnitTestResult executionId="ff7b7107-8e5c-4b7e-a0cf-cbedc2d3f793" testId="2bff7a12-c589-02fa-676d-3fae1c225222" testName="IsComplete_WhenStartRuleTypeIsNotSet_ReturnsFalse" computerName="DKSR-EFI-06" duration="00:00:00.0027565" startTime="2024-01-09T15:42:34.6852369+01:00" endTime="2024-01-09T15:42:34.7008623+01:00" testType="13cdc9d9-ddb5-4fa4-a97d-d965ccfc6d4b" outcome="Passed" testListId="8c84fa94-04c1-424b-9868-57a2d4851a1d" relativeResultsDirectory="ff7b7107-8e5c-4b7e-a0cf-cbedc2d3f793" />
    <UnitTestResult executionId="44dcf367-31ca-447b-89ff-d97d0b17ccba" testId="2c809197-86aa-a110-c820-2e3c118f1d8e" testName="SendCommandSecurityVisitor_VideoWallCommand_NotSupportedException" computerName="DKSR-EFI-06" duration="00:00:00.0031308" startTime="2024-01-09T15:42:21.9039628+01:00" endTime="2024-01-09T15:42:21.9039628+01:00" testType="13cdc9d9-ddb5-4fa4-a97d-d965ccfc6d4b" outcome="Passed" testListId="8c84fa94-04c1-424b-9868-57a2d4851a1d" relativeResultsDirectory="44dcf367-31ca-447b-89ff-d97d0b17ccba" />
    <UnitTestResult executionId="2553a499-f8e1-448d-b6aa-f8fb2c0f90e2" testId="c81c7588-3591-0541-f31b-c372d57c0eac" testName="Validate_WhenTimeSpanTypeNotMatching_Error" computerName="DKSR-EFI-06" duration="00:00:00.0049164" startTime="2024-01-09T15:42:37.1852540+01:00" endTime="2024-01-09T15:42:37.1852540+01:00" testType="13cdc9d9-ddb5-4fa4-a97d-d965ccfc6d4b" outcome="Passed" testListId="8c84fa94-04c1-424b-9868-57a2d4851a1d" relativeResultsDirectory="2553a499-f8e1-448d-b6aa-f8fb2c0f90e2" />
    <UnitTestResult executionId="989e412a-93b0-47d8-bc5f-5e67f8b2bf23" testId="d2600c53-9196-bff4-ffea-4fbfcac20c8b" testName="ServerProxyService_GetHardwareByRecorderId_Allowed_NotFiltered" computerName="DKSR-EFI-06" duration="00:00:00.0104338" startTime="2024-01-09T15:42:25.0445877+01:00" endTime="2024-01-09T15:42:25.0445877+01:00" testType="13cdc9d9-ddb5-4fa4-a97d-d965ccfc6d4b" outcome="Passed" testListId="8c84fa94-04c1-424b-9868-57a2d4851a1d" relativeResultsDirectory="989e412a-93b0-47d8-bc5f-5e67f8b2bf23" />
    <UnitTestResult executionId="99f3a9ee-f4ad-485e-b4f4-c1cf4071522b" testId="9fbee87d-c375-6ffb-01f7-6d68d366eb88" testName="ConfigurationItemPathBuilder_Constructor_ConfigPathNull_ArgumentNullException" computerName="DKSR-EFI-06" duration="00:00:00.0011821" startTime="2024-01-09T15:42:33.3258555+01:00" endTime="2024-01-09T15:42:33.3414793+01:00" testType="13cdc9d9-ddb5-4fa4-a97d-d965ccfc6d4b" outcome="Passed" testListId="8c84fa94-04c1-424b-9868-57a2d4851a1d" relativeResultsDirectory="99f3a9ee-f4ad-485e-b4f4-c1cf4071522b">
      <Output>
        <StdOut>Debug Trace:&#xD;
Fail: Argument null</StdOut>
      </Output>
    </UnitTestResult>
    <UnitTestResult executionId="f857f305-d4ca-49b8-ac96-82663b2207e8" testId="225c10a3-029c-18c3-4112-7afab10fcc8c" testName="Get_KnownResourceType_TasksIncluded_ReturnsJsonIncludingTaskListFromSubController" computerName="DKSR-EFI-06" duration="00:00:00.0170051" startTime="2024-01-09T15:42:27.3727136+01:00" endTime="2024-01-09T15:42:27.3883402+01:00" testType="13cdc9d9-ddb5-4fa4-a97d-d965ccfc6d4b" outcome="Passed" testListId="8c84fa94-04c1-424b-9868-57a2d4851a1d" relativeResultsDirectory="f857f305-d4ca-49b8-ac96-82663b2207e8" />
    <UnitTestResult executionId="331cf0db-7c04-41dc-874f-4c1120e8149a" testId="89f22989-ebd0-4da5-fc3e-41028555f1af" testName="Validate_WhenDeviceActionButNoDeviceParameters_Error" computerName="DKSR-EFI-06" duration="00:00:00.0017714" startTime="2024-01-09T15:42:37.5290047+01:00" endTime="2024-01-09T15:42:37.5290047+01:00" testType="13cdc9d9-ddb5-4fa4-a97d-d965ccfc6d4b" outcome="Passed" testListId="8c84fa94-04c1-424b-9868-57a2d4851a1d" relativeResultsDirectory="331cf0db-7c04-41dc-874f-4c1120e8149a" />
    <UnitTestResult executionId="2fd3fba3-fc22-4acc-b6c7-2ea30d680679" testId="85218aea-2ad0-e85b-6cf9-b852346f5e97" testName="TryGetPropertyValue_WhenPropertyExistsAndValuePresent_ReturnsTrue" computerName="DKSR-EFI-06" duration="00:00:00.0009521" startTime="2024-01-09T15:42:34.1539882+01:00" endTime="2024-01-09T15:42:34.1539882+01:00" testType="13cdc9d9-ddb5-4fa4-a97d-d965ccfc6d4b" outcome="Passed" testListId="8c84fa94-04c1-424b-9868-57a2d4851a1d" relativeResultsDirectory="2fd3fba3-fc22-4acc-b6c7-2ea30d680679" />
    <UnitTestResult executionId="4547d8b6-882e-4c83-9c51-3d9160b84a28" testId="77518faa-d323-43bb-34a1-efd41abda182" testName="IsPropertySelected_WhenPropertyHasSomeOtherValue_ReturnsFalse" computerName="DKSR-EFI-06" duration="00:00:00.0043348" startTime="2024-01-09T15:42:34.1227345+01:00" endTime="2024-01-09T15:42:34.1227345+01:00" testType="13cdc9d9-ddb5-4fa4-a97d-d965ccfc6d4b" outcome="Passed" testListId="8c84fa94-04c1-424b-9868-57a2d4851a1d" relativeResultsDirectory="4547d8b6-882e-4c83-9c51-3d9160b84a28" />
    <UnitTestResult executionId="9a335fdc-7107-42e1-845b-95f1ec4bcd57" testId="4a0bc689-c3ad-1387-9d4a-ae6d33552401" testName="GetNextProperties_WhenTimeBetweenPropertyIsSetWithEndTmeNotStartTime_ReturnsProperties" computerName="DKSR-EFI-06" duration="00:00:00.0004706" startTime="2024-01-09T15:42:34.8883657+01:00" endTime="2024-01-09T15:42:34.8883657+01:00" testType="13cdc9d9-ddb5-4fa4-a97d-d965ccfc6d4b" outcome="Passed" testListId="8c84fa94-04c1-424b-9868-57a2d4851a1d" relativeResultsDirectory="9a335fdc-7107-42e1-845b-95f1ec4bcd57" />
    <UnitTestResult executionId="96247a68-5cff-4cc1-9827-195714679e56" testId="b9cf8ce6-70af-5211-27c0-df9f12f9f2e2" testName="BusinessObjects_License_UpdateMipPluginsLicenseRequestPart_NoPluginsInDB" computerName="DKSR-EFI-06" duration="00:00:00.0159921" startTime="2024-01-09T15:42:42.7009000+01:00" endTime="2024-01-09T15:42:42.7165254+01:00" testType="13cdc9d9-ddb5-4fa4-a97d-d965ccfc6d4b" outcome="Passed" testListId="8c84fa94-04c1-424b-9868-57a2d4851a1d" relativeResultsDirectory="96247a68-5cff-4cc1-9827-195714679e56" />
    <UnitTestResult executionId="f90e161c-1c33-4732-89a9-c29954643677" testId="3c6fcf4b-41bb-0a89-9753-3338a806bdaa" testName="Delete_ValidObject_PassedOnToSubController_ReturnsResultCode" computerName="DKSR-EFI-06" duration="00:00:00.0058699" startTime="2024-01-09T15:42:27.6852162+01:00" endTime="2024-01-09T15:42:27.6852162+01:00" testType="13cdc9d9-ddb5-4fa4-a97d-d965ccfc6d4b" outcome="Passed" testListId="8c84fa94-04c1-424b-9868-57a2d4851a1d" relativeResultsDirectory="f90e161c-1c33-4732-89a9-c29954643677" />
    <UnitTestResult executionId="51f4c764-608b-4072-b72d-ec0268d2e34b" testId="5d6ac493-3745-69c2-aa0e-a2a33b1dbae2" testName="SendCommandSecurityVisitor_RecorderTaskFailedCommand_NotSupportedException" computerName="DKSR-EFI-06" duration="00:00:00.0032239" startTime="2024-01-09T15:42:21.9352130+01:00" endTime="2024-01-09T15:42:21.9508386+01:00" testType="13cdc9d9-ddb5-4fa4-a97d-d965ccfc6d4b" outcome="Passed" testListId="8c84fa94-04c1-424b-9868-57a2d4851a1d" relativeResultsDirectory="51f4c764-608b-4072-b72d-ec0268d2e34b" />
    <UnitTestResult executionId="13ee38a3-2c09-4df0-a9cc-3a939dee6971" testId="9c609975-690c-7441-8484-17151aa7caca" testName="Build_StartFeed_WhenParametersAreSet_ReturnsActionModel" computerName="DKSR-EFI-06" duration="00:00:00.0133719" startTime="2024-01-09T15:42:36.3727499+01:00" endTime="2024-01-09T15:42:36.3727499+01:00" testType="13cdc9d9-ddb5-4fa4-a97d-d965ccfc6d4b" outcome="Passed" testListId="8c84fa94-04c1-424b-9868-57a2d4851a1d" relativeResultsDirectory="13ee38a3-2c09-4df0-a9cc-3a939dee6971" />
    <UnitTestResult executionId="87ce7224-d3a6-4de3-af40-b91fcdf9b8f9" testId="ff4d1bb3-e683-65be-00b0-7c808797030f" testName="TryParseRuleType_FrequencyDaily_EveryTwoDays_ReturnsTrue" computerName="DKSR-EFI-06" duration="00:00:00.0009493" startTime="2024-01-09T15:42:38.9196369+01:00" endTime="2024-01-09T15:42:38.9196369+01:00" testType="13cdc9d9-ddb5-4fa4-a97d-d965ccfc6d4b" outcome="Passed" testListId="8c84fa94-04c1-424b-9868-57a2d4851a1d" relativeResultsDirectory="87ce7224-d3a6-4de3-af40-b91fcdf9b8f9" />
    <UnitTestResult executionId="31dd10f5-393e-433a-8c91-cb4aaae2ee52" testId="3e927a87-6411-d878-f2d9-0a1a66cf43e3" testName="Build_InvisibleParameter_IsNotVisibleToUser" computerName="DKSR-EFI-06" duration="00:00:00.0034026" startTime="2024-01-09T15:42:36.2789978+01:00" endTime="2024-01-09T15:42:36.2789978+01:00" testType="13cdc9d9-ddb5-4fa4-a97d-d965ccfc6d4b" outcome="Passed" testListId="8c84fa94-04c1-424b-9868-57a2d4851a1d" relativeResultsDirectory="31dd10f5-393e-433a-8c91-cb4aaae2ee52" />
    <UnitTestResult executionId="08e548bc-0315-4d4e-926f-9e55d8b342b2" testId="97d20598-119c-6a91-ee71-b33452a63bcc" testName="Build_WhenTypeIsTimeInterval_ReturnsRuleModelWithTimeIntervalType" computerName="DKSR-EFI-06" duration="00:00:00.0004510" startTime="2024-01-09T15:42:38.9665104+01:00" endTime="2024-01-09T15:42:38.9665104+01:00" testType="13cdc9d9-ddb5-4fa4-a97d-d965ccfc6d4b" outcome="Passed" testListId="8c84fa94-04c1-424b-9868-57a2d4851a1d" relativeResultsDirectory="08e548bc-0315-4d4e-926f-9e55d8b342b2" />
    <UnitTestResult executionId="63ba41cc-d741-4d61-b3a1-d4f6494ccca2" testId="7334d88d-0046-d392-0672-2d17d2e98c6f" testName="GetXml_WhenRuleTypeIsEventWithEventSourceIdSet_MatchesXml" computerName="DKSR-EFI-06" duration="00:00:00.0006142" startTime="2024-01-09T15:42:39.0133873+01:00" endTime="2024-01-09T15:42:39.0133873+01:00" testType="13cdc9d9-ddb5-4fa4-a97d-d965ccfc6d4b" outcome="Passed" testListId="8c84fa94-04c1-424b-9868-57a2d4851a1d" relativeResultsDirectory="63ba41cc-d741-4d61-b3a1-d4f6494ccca2" />
    <UnitTestResult executionId="0b91b2a2-b151-4bd6-8c48-e594e199f275" testId="c68ad569-31fb-ce33-7433-e3cb109acb30" testName="AuthenticateUser_SchemeIsNotBasic_ReturnsFalse" computerName="DKSR-EFI-06" duration="00:00:00.0599456" startTime="2024-01-09T15:42:44.7165321+01:00" endTime="2024-01-09T15:42:44.7790311+01:00" testType="13cdc9d9-ddb5-4fa4-a97d-d965ccfc6d4b" outcome="Passed" testListId="8c84fa94-04c1-424b-9868-57a2d4851a1d" relativeResultsDirectory="0b91b2a2-b151-4bd6-8c48-e594e199f275" />
    <UnitTestResult executionId="410ccb24-bfca-4386-aef3-41cbf7fb0252" testId="f08c2726-3362-512e-a73b-cd43f6d3cf0e" testName="ServerProxyService_GetDeviceGroupMembersByDeviceGroupId_AllCameras_NotAllowed_RowRemoved" computerName="DKSR-EFI-06" duration="00:00:00.0258127" startTime="2024-01-09T15:42:25.1852140+01:00" endTime="2024-01-09T15:42:25.2008421+01:00" testType="13cdc9d9-ddb5-4fa4-a97d-d965ccfc6d4b" outcome="Passed" testListId="8c84fa94-04c1-424b-9868-57a2d4851a1d" relativeResultsDirectory="410ccb24-bfca-4386-aef3-41cbf7fb0252" />
    <UnitTestResult executionId="83dee50c-18df-4b77-b921-5880ac887576" testId="a2a9bbde-adb9-daf1-a88c-dcf0e9d91550" testName="Validate_WhenObjectExists_ReturnsTrue" computerName="DKSR-EFI-06" duration="00:00:00.0034754" startTime="2024-01-09T15:42:38.3883858+01:00" endTime="2024-01-09T15:42:38.3883858+01:00" testType="13cdc9d9-ddb5-4fa4-a97d-d965ccfc6d4b" outcome="Passed" testListId="8c84fa94-04c1-424b-9868-57a2d4851a1d" relativeResultsDirectory="83dee50c-18df-4b77-b921-5880ac887576" />
    <UnitTestResult executionId="c6f3a5c4-006d-403c-b627-42fec34cfc8a" testId="4d8eaf99-e8be-a0a3-fdbf-904641785682" testName="GetItemType_WhenAnySource_ReturnsCorrectItemType" computerName="DKSR-EFI-06" duration="00:00:00.0017359" startTime="2024-01-09T15:42:38.0602562+01:00" endTime="2024-01-09T15:42:38.0602562+01:00" testType="13cdc9d9-ddb5-4fa4-a97d-d965ccfc6d4b" outcome="Passed" testListId="8c84fa94-04c1-424b-9868-57a2d4851a1d" relativeResultsDirectory="c6f3a5c4-006d-403c-b627-42fec34cfc8a" />
    <UnitTestResult executionId="c7d97b17-4174-48e9-9f50-5d582f7ede71" testId="86720b24-239d-d246-ca76-1512487486e9" testName="Build_WhenAlwaysCondition_ReturnsAlwaysPropertySet" computerName="DKSR-EFI-06" duration="00:00:00.0025152" startTime="2024-01-09T15:42:36.3414997+01:00" endTime="2024-01-09T15:42:36.3414997+01:00" testType="13cdc9d9-ddb5-4fa4-a97d-d965ccfc6d4b" outcome="Passed" testListId="8c84fa94-04c1-424b-9868-57a2d4851a1d" relativeResultsDirectory="c7d97b17-4174-48e9-9f50-5d582f7ede71" />
    <UnitTestResult executionId="66d607cd-3ac6-4cda-9ebf-a3d41d0952c4" testId="372f352a-208e-82aa-b65e-dc45cce955b7" testName="Validate_WhenWrongKind_ReturnsFalse" computerName="DKSR-EFI-06" duration="00:00:00.0027077" startTime="2024-01-09T15:42:38.5133820+01:00" endTime="2024-01-09T15:42:38.5133820+01:00" testType="13cdc9d9-ddb5-4fa4-a97d-d965ccfc6d4b" outcome="Passed" testListId="8c84fa94-04c1-424b-9868-57a2d4851a1d" relativeResultsDirectory="66d607cd-3ac6-4cda-9ebf-a3d41d0952c4" />
    <UnitTestResult executionId="f719c65b-0412-4282-a765-7b813f2e5388" testId="10d4f3c8-4bf1-967a-39f5-4e18acbcb8ce" testName="Validate_WhenMonthlyFrequency_NoValueInDayParameter_ReturnsError" computerName="DKSR-EFI-06" duration="00:00:00.0003887" startTime="2024-01-09T15:42:37.0758770+01:00" endTime="2024-01-09T15:42:37.0758770+01:00" testType="13cdc9d9-ddb5-4fa4-a97d-d965ccfc6d4b" outcome="Passed" testListId="8c84fa94-04c1-424b-9868-57a2d4851a1d" relativeResultsDirectory="f719c65b-0412-4282-a765-7b813f2e5388" />
    <UnitTestResult executionId="d8edb1a2-3701-4ac4-94a5-effa21ad77fc" testId="66e86e11-aa6f-d6de-573d-c0aabb75ba87" testName="DriverSettingsBusiness_PrepareAndValidateSettings_TwoSettings_Success (Data Row 2)" computerName="DKSR-EFI-06" duration="00:00:00.0279906" startTime="2024-01-09T15:42:32.2008497+01:00" endTime="2024-01-09T15:42:32.5446004+01:00" testType="13cdc9d9-ddb5-4fa4-a97d-d965ccfc6d4b" outcome="Passed" testListId="8c84fa94-04c1-424b-9868-57a2d4851a1d" relativeResultsDirectory="d8edb1a2-3701-4ac4-94a5-effa21ad77fc" />
    <UnitTestResult executionId="9af83a94-a2fe-4faa-ad79-2c71d0df3061" testId="5dec445b-9b87-0ec6-4e3a-c5282f6ac181" testName="GetTaskListInJson_VerifyNoTaskForEmptyFolder" computerName="DKSR-EFI-06" duration="00:00:00.0015021" startTime="2024-01-09T15:42:29.4664636+01:00" endTime="2024-01-09T15:42:29.4664636+01:00" testType="13cdc9d9-ddb5-4fa4-a97d-d965ccfc6d4b" outcome="Passed" testListId="8c84fa94-04c1-424b-9868-57a2d4851a1d" relativeResultsDirectory="9af83a94-a2fe-4faa-ad79-2c71d0df3061" />
    <UnitTestResult executionId="0100bbd5-bdb4-473e-a053-90c55d1b7875" testId="b0c7e522-8fe1-e7c6-d0f0-ea7be6a8e86e" testName="ClientProfileEncryptionHelper_Decrypt" computerName="DKSR-EFI-06" duration="00:00:00.0084419" startTime="2024-01-09T15:42:44.1852796+01:00" endTime="2024-01-09T15:42:44.1852796+01:00" testType="13cdc9d9-ddb5-4fa4-a97d-d965ccfc6d4b" outcome="Passed" testListId="8c84fa94-04c1-424b-9868-57a2d4851a1d" relativeResultsDirectory="0100bbd5-bdb4-473e-a053-90c55d1b7875" />
    <UnitTestResult executionId="a56dfa06-500f-43d0-bdea-72662efbba0e" testId="53d8aee8-4020-cbc0-8811-516c31f2e77f" testName="Validate_WhenParametersIsNull_Error" computerName="DKSR-EFI-06" duration="00:00:00.0008018" startTime="2024-01-09T15:42:37.1696277+01:00" endTime="2024-01-09T15:42:37.1696277+01:00" testType="13cdc9d9-ddb5-4fa4-a97d-d965ccfc6d4b" outcome="Passed" testListId="8c84fa94-04c1-424b-9868-57a2d4851a1d" relativeResultsDirectory="a56dfa06-500f-43d0-bdea-72662efbba0e" />
    <UnitTestResult executionId="86167a39-e00a-489f-9f44-981a47dff17c" testId="4ff0b918-a465-4da8-8a9e-68e5ac6ffa37" testName="RetentionTimeConfigurationProvider_Constructor_success" computerName="DKSR-EFI-06" duration="00:00:00.0007247" startTime="2024-01-09T15:42:44.1071592+01:00" endTime="2024-01-09T15:42:44.1071592+01:00" testType="13cdc9d9-ddb5-4fa4-a97d-d965ccfc6d4b" outcome="Passed" testListId="8c84fa94-04c1-424b-9868-57a2d4851a1d" relativeResultsDirectory="86167a39-e00a-489f-9f44-981a47dff17c" />
    <UnitTestResult executionId="93e46cc2-a3cd-436d-a07c-afdcce0f73a7" testId="b49e6638-a48c-eba5-522f-8eb0dcb17d0d" testName="GetCurrentProperties_WhenWithinTimeProfileIsSetAndAlwaysHasNullValue_ReturnsProperties" computerName="DKSR-EFI-06" duration="00:00:00.0015042" startTime="2024-01-09T15:42:34.7789871+01:00" endTime="2024-01-09T15:42:34.7946146+01:00" testType="13cdc9d9-ddb5-4fa4-a97d-d965ccfc6d4b" outcome="Passed" testListId="8c84fa94-04c1-424b-9868-57a2d4851a1d" relativeResultsDirectory="93e46cc2-a3cd-436d-a07c-afdcce0f73a7" />
    <UnitTestResult executionId="fe93e401-47d8-4aeb-9cea-c013566a177a" testId="faf8e6ab-1306-cdbf-5aad-0c2d42047573" testName="Patch_UseElementListToUpdateItem_UseSystemPath" computerName="DKSR-EFI-06" duration="00:00:00.0090636" startTime="2024-01-09T15:42:29.2789651+01:00" endTime="2024-01-09T15:42:29.2945901+01:00" testType="13cdc9d9-ddb5-4fa4-a97d-d965ccfc6d4b" outcome="Passed" testListId="8c84fa94-04c1-424b-9868-57a2d4851a1d" relativeResultsDirectory="fe93e401-47d8-4aeb-9cea-c013566a177a" />
    <UnitTestResult executionId="1d5fe82b-6f12-4c46-856d-e437ddcb1a16" testId="08169e6d-4778-5227-cdf5-70effda4695e" testName="GetNextProperties_WhenDaysOfWeekIsNotSetButDaysAreSet_ReturnsProperties" computerName="DKSR-EFI-06" duration="00:00:00.0004640" startTime="2024-01-09T15:42:34.8883657+01:00" endTime="2024-01-09T15:42:34.9039904+01:00" testType="13cdc9d9-ddb5-4fa4-a97d-d965ccfc6d4b" outcome="Passed" testListId="8c84fa94-04c1-424b-9868-57a2d4851a1d" relativeResultsDirectory="1d5fe82b-6f12-4c46-856d-e437ddcb1a16" />
    <UnitTestResult executionId="f4c5daeb-8468-48ab-a271-4b1321f1735e" testId="0333d46d-5d86-b0f5-6854-51377d198f55" testName="DriverSettingsBusiness_PrepareAndValidateSettings_ValueOutOfRangeException (Data Row 0)" computerName="DKSR-EFI-06" duration="00:00:00.0167117" startTime="2024-01-09T15:42:32.5446004+01:00" endTime="2024-01-09T15:42:32.7164754+01:00" testType="13cdc9d9-ddb5-4fa4-a97d-d965ccfc6d4b" outcome="Passed" testListId="8c84fa94-04c1-424b-9868-57a2d4851a1d" relativeResultsDirectory="f4c5daeb-8468-48ab-a271-4b1321f1735e" />
    <UnitTestResult executionId="ba48b332-e165-4357-8202-9ee355faf1ea" testId="b83b8f1a-d6c3-4842-1d8a-66fafc1e4f04" testName="Build_WhenRetrieveEdgeStorage_ReturnsProperties" computerName="DKSR-EFI-06" duration="00:00:00.0073005" startTime="2024-01-09T15:42:35.7633692+01:00" endTime="2024-01-09T15:42:35.7633692+01:00" testType="13cdc9d9-ddb5-4fa4-a97d-d965ccfc6d4b" outcome="Passed" testListId="8c84fa94-04c1-424b-9868-57a2d4851a1d" relativeResultsDirectory="ba48b332-e165-4357-8202-9ee355faf1ea" />
    <UnitTestResult executionId="835b72fd-91f8-4e55-a9fe-01af2bace1ac" testId="fcb27736-5f9a-13e6-344f-8ca54e840c38" testName="GetCurrentProperties_WhenOutsideTimeProfileIsSet_ReturnsProperties" computerName="DKSR-EFI-06" duration="00:00:00.0006073" startTime="2024-01-09T15:42:34.7946146+01:00" endTime="2024-01-09T15:42:34.7946146+01:00" testType="13cdc9d9-ddb5-4fa4-a97d-d965ccfc6d4b" outcome="Passed" testListId="8c84fa94-04c1-424b-9868-57a2d4851a1d" relativeResultsDirectory="835b72fd-91f8-4e55-a9fe-01af2bace1ac" />
    <UnitTestResult executionId="f959e539-6350-4d7c-9114-3dc7076cad7e" testId="1c153ce1-5197-49b5-8e20-6db5c49724e4" testName="GetXml_WhenConditionIsDaysOfWeek_MatchesXml" computerName="DKSR-EFI-06" duration="00:00:00.0016883" startTime="2024-01-09T15:42:38.7946660+01:00" endTime="2024-01-09T15:42:38.7946660+01:00" testType="13cdc9d9-ddb5-4fa4-a97d-d965ccfc6d4b" outcome="Passed" testListId="8c84fa94-04c1-424b-9868-57a2d4851a1d" relativeResultsDirectory="f959e539-6350-4d7c-9114-3dc7076cad7e" />
    <UnitTestResult executionId="b0651ad2-edc3-4f4d-970d-035a03555116" testId="6bf349ee-ed18-02ee-b615-c6df31ecd6ca" testName="SendCommandSecurityVisitor_UpdateConfigurationManagerCommand_DeviceLinks_Delete_Allowed" computerName="DKSR-EFI-06" duration="00:00:00.0218452" startTime="2024-01-09T15:42:23.5133424+01:00" endTime="2024-01-09T15:42:23.5290939+01:00" testType="13cdc9d9-ddb5-4fa4-a97d-d965ccfc6d4b" outcome="Passed" testListId="8c84fa94-04c1-424b-9868-57a2d4851a1d" relativeResultsDirectory="b0651ad2-edc3-4f4d-970d-035a03555116" />
    <UnitTestResult executionId="dd2fa066-b79f-41c0-9ac2-ba25c0c85c56" testId="67ed0cfe-39bd-47a9-ca6a-1b93debfe847" testName="Validate_WhenStartPartRequiresCounteractionAndStopRuleIsNotSet_Error" computerName="DKSR-EFI-06" duration="00:00:00.0008538" startTime="2024-01-09T15:42:36.7477507+01:00" endTime="2024-01-09T15:42:36.7477507+01:00" testType="13cdc9d9-ddb5-4fa4-a97d-d965ccfc6d4b" outcome="Passed" testListId="8c84fa94-04c1-424b-9868-57a2d4851a1d" relativeResultsDirectory="dd2fa066-b79f-41c0-9ac2-ba25c0c85c56" />
    <UnitTestResult executionId="835a2d2b-70cb-461c-b675-05aafc6476bd" testId="da2ea652-060b-dbe1-68f9-a463717a8db4" testName="GetItem_ExistingAudioFileTest" computerName="DKSR-EFI-06" duration="00:00:00.0077949" startTime="2024-01-09T15:42:41.5290213+01:00" endTime="2024-01-09T15:42:41.5290213+01:00" testType="13cdc9d9-ddb5-4fa4-a97d-d965ccfc6d4b" outcome="Passed" testListId="8c84fa94-04c1-424b-9868-57a2d4851a1d" relativeResultsDirectory="835a2d2b-70cb-461c-b675-05aafc6476bd" />
    <UnitTestResult executionId="89f0cab9-87e6-4101-936f-c995e2089a05" testId="c448af47-103a-1834-18ed-6aaf8dcfbe70" testName="ConfigurationItemPath_Create_ItemPathGuid_Succes" computerName="DKSR-EFI-06" duration="00:00:00.0005225" startTime="2024-01-09T15:42:33.4196067+01:00" endTime="2024-01-09T15:42:33.4196067+01:00" testType="13cdc9d9-ddb5-4fa4-a97d-d965ccfc6d4b" outcome="Passed" testListId="8c84fa94-04c1-424b-9868-57a2d4851a1d" relativeResultsDirectory="89f0cab9-87e6-4101-936f-c995e2089a05" />
    <UnitTestResult executionId="de958310-a093-4199-9c61-33fe090638ec" testId="c5be8355-b470-337d-2d40-75872f70a5d6" testName="Validate_WhenPtzFilterNotEnabled_ValidatesAsTrue" computerName="DKSR-EFI-06" duration="00:00:00.0007065" startTime="2024-01-09T15:42:37.3571286+01:00" endTime="2024-01-09T15:42:37.3571286+01:00" testType="13cdc9d9-ddb5-4fa4-a97d-d965ccfc6d4b" outcome="Passed" testListId="8c84fa94-04c1-424b-9868-57a2d4851a1d" relativeResultsDirectory="de958310-a093-4199-9c61-33fe090638ec" />
    <UnitTestResult executionId="b117f4d6-9f4d-41d8-ade3-cca333a7d74e" testId="d06cd632-9fc8-ee44-05ee-06ae9bcb8e98" testName="Build_WhenEventRuleGroupSource_GotoDefaultPreset" computerName="DKSR-EFI-06" duration="00:00:00.0051794" startTime="2024-01-09T15:42:36.5758759+01:00" endTime="2024-01-09T15:42:36.5758759+01:00" testType="13cdc9d9-ddb5-4fa4-a97d-d965ccfc6d4b" outcome="Passed" testListId="8c84fa94-04c1-424b-9868-57a2d4851a1d" relativeResultsDirectory="b117f4d6-9f4d-41d8-ade3-cca333a7d74e" />
    <UnitTestResult executionId="4842479b-78c0-423c-b000-4ee8dffed5f4" testId="4548b3dd-b0c9-ec7d-f9bb-17e1c2707e62" testName="GetItemType_WhenObjectNotExists_ReturnsNull" computerName="DKSR-EFI-06" duration="00:00:00.0032248" startTime="2024-01-09T15:42:38.4196367+01:00" endTime="2024-01-09T15:42:38.4352585+01:00" testType="13cdc9d9-ddb5-4fa4-a97d-d965ccfc6d4b" outcome="Passed" testListId="8c84fa94-04c1-424b-9868-57a2d4851a1d" relativeResultsDirectory="4842479b-78c0-423c-b000-4ee8dffed5f4" />
    <UnitTestResult executionId="9a3585cf-7e44-4be4-ab5d-6b4982ef6817" testId="7b4b44d7-921f-df66-1f42-fa0236296528" testName="Invoke_WhenFirstTime_ProvidesInfo" computerName="DKSR-EFI-06" duration="00:00:00.0065835" startTime="2024-01-09T15:42:41.3258961+01:00" endTime="2024-01-09T15:42:41.3258961+01:00" testType="13cdc9d9-ddb5-4fa4-a97d-d965ccfc6d4b" outcome="Passed" testListId="8c84fa94-04c1-424b-9868-57a2d4851a1d" relativeResultsDirectory="9a3585cf-7e44-4be4-ab5d-6b4982ef6817" />
    <UnitTestResult executionId="c0771fa2-06cc-41d1-8eea-62fd11820072" testId="f429f379-2918-68d5-92e1-9d4b5818f6d5" testName="SpecialCases_IsPropertyRestApiPrivate_Correct" computerName="DKSR-EFI-06" duration="00:00:00.0001184" startTime="2024-01-09T15:42:29.5445892+01:00" endTime="2024-01-09T15:42:29.5445892+01:00" testType="13cdc9d9-ddb5-4fa4-a97d-d965ccfc6d4b" outcome="Passed" testListId="8c84fa94-04c1-424b-9868-57a2d4851a1d" relativeResultsDirectory="c0771fa2-06cc-41d1-8eea-62fd11820072" />
    <UnitTestResult executionId="2a55ae22-6e9a-4ac7-8137-e6262cbbaecd" testId="6e31a924-6b96-a3b7-8948-9affa95c1268" testName="GetXml_WhenRuleTypeIsWeeklyAndRecurring_MatchesXml" computerName="DKSR-EFI-06" duration="00:00:00.0018067" startTime="2024-01-09T15:42:39.0290127+01:00" endTime="2024-01-09T15:42:39.0290127+01:00" testType="13cdc9d9-ddb5-4fa4-a97d-d965ccfc6d4b" outcome="Passed" testListId="8c84fa94-04c1-424b-9868-57a2d4851a1d" relativeResultsDirectory="2a55ae22-6e9a-4ac7-8137-e6262cbbaecd" />
    <UnitTestResult executionId="22f17d16-c8dc-43c5-bfb6-61d2d27f31d0" testId="5d245dfc-b3e7-ba28-e1f4-b1ecd2d98257" testName="GetXml_WhenConditionIsTimeBetween_MatchesXml" computerName="DKSR-EFI-06" duration="00:00:00.0013545" startTime="2024-01-09T15:42:38.7946660+01:00" endTime="2024-01-09T15:42:38.7946660+01:00" testType="13cdc9d9-ddb5-4fa4-a97d-d965ccfc6d4b" outcome="Passed" testListId="8c84fa94-04c1-424b-9868-57a2d4851a1d" relativeResultsDirectory="22f17d16-c8dc-43c5-bfb6-61d2d27f31d0" />
    <UnitTestResult executionId="3e4d54da-8ef9-4a94-b96a-f892a02658c8" testId="f97fd031-5aab-751d-f6a5-b5b70e2d2e95" testName="SendCommandSecurityVisitor_RecorderStatusCommand_NotAllowed" computerName="DKSR-EFI-06" duration="00:00:00.0011876" startTime="2024-01-09T15:42:22.0133382+01:00" endTime="2024-01-09T15:42:22.0133382+01:00" testType="13cdc9d9-ddb5-4fa4-a97d-d965ccfc6d4b" outcome="Passed" testListId="8c84fa94-04c1-424b-9868-57a2d4851a1d" relativeResultsDirectory="3e4d54da-8ef9-4a94-b96a-f892a02658c8" />
    <UnitTestResult executionId="a0b2878b-2a23-4120-a662-e5e867a565c7" testId="06b26222-09b7-57d4-1b21-659ec6f0eb8d" testName="IsComplete_WhenRuleTypePropertyHasEmptyValue_ReturnsFalse" computerName="DKSR-EFI-06" duration="00:00:00.0015129" startTime="2024-01-09T15:42:35.4977425+01:00" endTime="2024-01-09T15:42:35.4977425+01:00" testType="13cdc9d9-ddb5-4fa4-a97d-d965ccfc6d4b" outcome="Passed" testListId="8c84fa94-04c1-424b-9868-57a2d4851a1d" relativeResultsDirectory="a0b2878b-2a23-4120-a662-e5e867a565c7" />
    <UnitTestResult executionId="d233cf53-09c7-47d9-8722-4ea5a486f3f5" testId="c6a9f784-7d34-731d-42e9-4cdb8539dc7a" testName="DeleteSearchTemplate_ParamNullCheck_RequestContext" computerName="DKSR-EFI-06" duration="00:00:00.0013681" startTime="2024-01-09T15:42:43.8102766+01:00" endTime="2024-01-09T15:42:43.8102766+01:00" testType="13cdc9d9-ddb5-4fa4-a97d-d965ccfc6d4b" outcome="Passed" testListId="8c84fa94-04c1-424b-9868-57a2d4851a1d" relativeResultsDirectory="d233cf53-09c7-47d9-8722-4ea5a486f3f5" />
    <UnitTestResult executionId="da167aa1-c553-4b87-bfba-bf9867525f3c" testId="aa0e1d31-329a-c610-8c12-230ec1f433f5" testName="Invoke_WhenFirstTime_ProvidesInfo" computerName="DKSR-EFI-06" duration="00:00:00.0024071" startTime="2024-01-09T15:42:34.2946099+01:00" endTime="2024-01-09T15:42:34.2946099+01:00" testType="13cdc9d9-ddb5-4fa4-a97d-d965ccfc6d4b" outcome="Passed" testListId="8c84fa94-04c1-424b-9868-57a2d4851a1d" relativeResultsDirectory="da167aa1-c553-4b87-bfba-bf9867525f3c" />
    <UnitTestResult executionId="e631808e-b853-42cc-9be5-3174ba8605c1" testId="4c05564c-9bb8-02c0-a469-c55c86b043f8" testName="Validate_WhenExpectedTypeIsNull_ReturnFalse" computerName="DKSR-EFI-06" duration="00:00:00.0046417" startTime="2024-01-09T15:42:38.2477589+01:00" endTime="2024-01-09T15:42:38.2477589+01:00" testType="13cdc9d9-ddb5-4fa4-a97d-d965ccfc6d4b" outcome="Passed" testListId="8c84fa94-04c1-424b-9868-57a2d4851a1d" relativeResultsDirectory="e631808e-b853-42cc-9be5-3174ba8605c1" />
    <UnitTestResult executionId="326ebfe9-4490-4c6e-9bd9-5c644f047b36" testId="462504af-caf0-7ef6-07a9-2791996eeab6" testName="ConstructSqlSelect_WrongOperator_EnableNotBool" computerName="DKSR-EFI-06" duration="00:00:00.0007080" startTime="2024-01-09T15:42:33.7477315+01:00" endTime="2024-01-09T15:42:33.7477315+01:00" testType="13cdc9d9-ddb5-4fa4-a97d-d965ccfc6d4b" outcome="Passed" testListId="8c84fa94-04c1-424b-9868-57a2d4851a1d" relativeResultsDirectory="326ebfe9-4490-4c6e-9bd9-5c644f047b36" />
    <UnitTestResult executionId="cbd05e5b-1474-43a4-a613-be5d7d9cf4c3" testId="e16b4e65-bc8a-13fb-e7cb-e93b8d767d49" testName="SendCommandSecurityVisitor_UpdateConfigurationManagerCommand_NonMotionPlugin_Add_NotSupportedException" computerName="DKSR-EFI-06" duration="00:00:00.0256484" startTime="2024-01-09T15:42:24.0445915+01:00" endTime="2024-01-09T15:42:24.0758405+01:00" testType="13cdc9d9-ddb5-4fa4-a97d-d965ccfc6d4b" outcome="Passed" testListId="8c84fa94-04c1-424b-9868-57a2d4851a1d" relativeResultsDirectory="cbd05e5b-1474-43a4-a613-be5d7d9cf4c3">
      <Output>
        <StdOut>Debug Trace:&#xD;
Fail: Security check for the specified plugin is not supported</StdOut>
      </Output>
    </UnitTestResult>
    <UnitTestResult executionId="995faf5d-6a0f-4605-9fd4-d09b5da7540c" testId="4a0cde6a-9d03-f4fa-e11c-3a5c67220aea" testName="TryParseConditions_WhenFailoverInactiveCondition_ReturnsTrue" computerName="DKSR-EFI-06" duration="00:00:00.0006395" startTime="2024-01-09T15:42:38.7008829+01:00" endTime="2024-01-09T15:42:38.7008829+01:00" testType="13cdc9d9-ddb5-4fa4-a97d-d965ccfc6d4b" outcome="Passed" testListId="8c84fa94-04c1-424b-9868-57a2d4851a1d" relativeResultsDirectory="995faf5d-6a0f-4605-9fd4-d09b5da7540c" />
    <UnitTestResult executionId="899eefeb-d1b7-47f9-92ef-5a5b31424b06" testId="24ad047b-bd8a-857c-c1fc-fdeb432540e3" testName="GetXml_WhenRuleIsRecordOutsideTimeProfile_MatchesXml" computerName="DKSR-EFI-06" duration="00:00:00.0076169" startTime="2024-01-09T15:42:38.8571351+01:00" endTime="2024-01-09T15:42:38.8727610+01:00" testType="13cdc9d9-ddb5-4fa4-a97d-d965ccfc6d4b" outcome="Passed" testListId="8c84fa94-04c1-424b-9868-57a2d4851a1d" relativeResultsDirectory="899eefeb-d1b7-47f9-92ef-5a5b31424b06" />
    <UnitTestResult executionId="18fea8ed-f1f0-49da-84a3-3d399b1e2d4a" testId="9edb5615-bcec-b243-62c3-a5611ae6d638" testName="ConstructSqlSelect_WrongKey" computerName="DKSR-EFI-06" duration="00:00:00.0006107" startTime="2024-01-09T15:42:33.7321076+01:00" endTime="2024-01-09T15:42:33.7321076+01:00" testType="13cdc9d9-ddb5-4fa4-a97d-d965ccfc6d4b" outcome="Passed" testListId="8c84fa94-04c1-424b-9868-57a2d4851a1d" relativeResultsDirectory="18fea8ed-f1f0-49da-84a3-3d399b1e2d4a" />
    <UnitTestResult executionId="e8ef974d-43b1-4a12-8cf1-a1ed6dc7d1a3" testId="9fd181c0-81a7-2090-5eb7-bb57e1ac56dc" testName="SidUtilityIsCorporateIdentityForBasicUserWithGuidTest" computerName="DKSR-EFI-06" duration="00:00:00.0028414" startTime="2024-01-09T15:42:32.8571022+01:00" endTime="2024-01-09T15:42:32.8727278+01:00" testType="13cdc9d9-ddb5-4fa4-a97d-d965ccfc6d4b" outcome="Passed" testListId="8c84fa94-04c1-424b-9868-57a2d4851a1d" relativeResultsDirectory="e8ef974d-43b1-4a12-8cf1-a1ed6dc7d1a3" />
    <UnitTestResult executionId="c9e52d68-3e69-4903-8514-2b3c5d50ce5f" testId="8c2c49bc-65b6-f4ee-b5c4-b4881c4aaeb6" testName="ConfigurationItemPathBuilder_ConstructAndCreate_InvalidPath_ArgumentException (Data Row 1)" computerName="DKSR-EFI-06" duration="00:00:00.0005535" startTime="2024-01-09T15:42:33.3727317+01:00" endTime="2024-01-09T15:42:33.3727317+01:00" testType="13cdc9d9-ddb5-4fa4-a97d-d965ccfc6d4b" outcome="Passed" testListId="8c84fa94-04c1-424b-9868-57a2d4851a1d" relativeResultsDirectory="c9e52d68-3e69-4903-8514-2b3c5d50ce5f">
      <Output>
        <StdOut>Debug Trace:&#xD;
Fail: Item type is invalid: Camera-</StdOut>
      </Output>
    </UnitTestResult>
    <UnitTestResult executionId="c15056cd-aa10-4715-a8bf-717d9ca595a0" testId="b3535aeb-d67a-12d8-7c75-c8079df0d2bc" testName="IsComplete_WhenWithinWindowAndWindowPropertySet_ReturnsTrue" computerName="DKSR-EFI-06" duration="00:00:00.0004876" startTime="2024-01-09T15:42:34.7789871+01:00" endTime="2024-01-09T15:42:34.7789871+01:00" testType="13cdc9d9-ddb5-4fa4-a97d-d965ccfc6d4b" outcome="Passed" testListId="8c84fa94-04c1-424b-9868-57a2d4851a1d" relativeResultsDirectory="c15056cd-aa10-4715-a8bf-717d9ca595a0" />
    <UnitTestResult executionId="5a7c6aa1-9d50-41f2-8080-528c2212e0ab" testId="9bf5d254-3807-55aa-09ac-28ebcc8a37f7" testName="Post_EmptyRequestBody_ThrowsException" computerName="DKSR-EFI-06" duration="00:00:00.0546325" startTime="2024-01-09T15:42:28.0914655+01:00" endTime="2024-01-09T15:42:28.1383401+01:00" testType="13cdc9d9-ddb5-4fa4-a97d-d965ccfc6d4b" outcome="Passed" testListId="8c84fa94-04c1-424b-9868-57a2d4851a1d" relativeResultsDirectory="5a7c6aa1-9d50-41f2-8080-528c2212e0ab" />
    <UnitTestResult executionId="18b7a0ad-06b9-4402-83f7-41e5b4b7f685" testId="507350b9-c41f-25db-d6f9-3d3af3c9c03c" testName="Build_WhenRulePartIsNull_ThrowsException" computerName="DKSR-EFI-06" duration="00:00:00.0015220" startTime="2024-01-09T15:42:36.1852486+01:00" endTime="2024-01-09T15:42:36.1852486+01:00" testType="13cdc9d9-ddb5-4fa4-a97d-d965ccfc6d4b" outcome="Passed" testListId="8c84fa94-04c1-424b-9868-57a2d4851a1d" relativeResultsDirectory="18b7a0ad-06b9-4402-83f7-41e5b4b7f685" />
    <UnitTestResult executionId="5871ad2e-a0a1-4957-9f40-3a2cf3b3106e" testId="9e4fc13c-1915-5869-28c0-834b3b943855" testName="Validate_WhenGuidTypeNotMatching_Error" computerName="DKSR-EFI-06" duration="00:00:00.0011667" startTime="2024-01-09T15:42:37.1852540+01:00" endTime="2024-01-09T15:42:37.1852540+01:00" testType="13cdc9d9-ddb5-4fa4-a97d-d965ccfc6d4b" outcome="Passed" testListId="8c84fa94-04c1-424b-9868-57a2d4851a1d" relativeResultsDirectory="5871ad2e-a0a1-4957-9f40-3a2cf3b3106e" />
    <UnitTestResult executionId="89b078e7-228d-4bcf-b514-fe4629e0dd9c" testId="7c4fce38-6072-e1f4-f240-2e1d6bd9ffe0" testName="GetNextProperties_WhenNoPropertyPresent_ReturnsAllProperties" computerName="DKSR-EFI-06" duration="00:00:00.0007563" startTime="2024-01-09T15:42:34.3571142+01:00" endTime="2024-01-09T15:42:34.3571142+01:00" testType="13cdc9d9-ddb5-4fa4-a97d-d965ccfc6d4b" outcome="Passed" testListId="8c84fa94-04c1-424b-9868-57a2d4851a1d" relativeResultsDirectory="89b078e7-228d-4bcf-b514-fe4629e0dd9c" />
    <UnitTestResult executionId="f355f8b7-bf66-4acb-8bb6-f432da64f158" testId="ec68618c-efea-1946-c0a3-ce80d3965c01" testName="GetCurrentProperties_WhenRuleTypeIsEvent_EventGroupNotPresent_ReturnsRuleTypeProperty" computerName="DKSR-EFI-06" duration="00:00:00.0022032" startTime="2024-01-09T15:42:35.1696178+01:00" endTime="2024-01-09T15:42:35.1696178+01:00" testType="13cdc9d9-ddb5-4fa4-a97d-d965ccfc6d4b" outcome="Passed" testListId="8c84fa94-04c1-424b-9868-57a2d4851a1d" relativeResultsDirectory="f355f8b7-bf66-4acb-8bb6-f432da64f158" />
    <UnitTestResult executionId="fce126a2-c461-4ff1-9026-f8a65ac78ea8" testId="73b1f39b-8769-653b-06e4-16c0193e8d2a" testName="GetXml_WhenRetrieveEdgeStorage_MatchesXml" computerName="DKSR-EFI-06" duration="00:00:00.0005702" startTime="2024-01-09T15:42:38.6383836+01:00" endTime="2024-01-09T15:42:38.6383836+01:00" testType="13cdc9d9-ddb5-4fa4-a97d-d965ccfc6d4b" outcome="Passed" testListId="8c84fa94-04c1-424b-9868-57a2d4851a1d" relativeResultsDirectory="fce126a2-c461-4ff1-9026-f8a65ac78ea8" />
    <UnitTestResult executionId="77203d1a-9f2d-4a15-8489-8c71b69278a6" testId="33ea88d7-d9b6-9500-db4b-51c2dad3a5d4" testName="IsComplete_WhenNoProperties_ReturnsFalse" computerName="DKSR-EFI-06" duration="00:00:00.0015130" startTime="2024-01-09T15:42:35.4821178+01:00" endTime="2024-01-09T15:42:35.4977425+01:00" testType="13cdc9d9-ddb5-4fa4-a97d-d965ccfc6d4b" outcome="Passed" testListId="8c84fa94-04c1-424b-9868-57a2d4851a1d" relativeResultsDirectory="77203d1a-9f2d-4a15-8489-8c71b69278a6" />
    <UnitTestResult executionId="4187bd5c-599f-4329-bf5e-19886ae5eebd" testId="9808a8d3-938f-56b0-5fbb-d6add2869fa8" testName="Build_WhenBasicEventRule_BasicPropertiesAreSet" computerName="DKSR-EFI-06" duration="00:00:00.0164239" startTime="2024-01-09T15:42:36.0914967+01:00" endTime="2024-01-09T15:42:36.1071218+01:00" testType="13cdc9d9-ddb5-4fa4-a97d-d965ccfc6d4b" outcome="Passed" testListId="8c84fa94-04c1-424b-9868-57a2d4851a1d" relativeResultsDirectory="4187bd5c-599f-4329-bf5e-19886ae5eebd" />
    <UnitTestResult executionId="b8eef3a1-29d8-4a5f-844c-27d2ef5f821c" testId="774e7c94-fecb-4c0f-a5b0-c792ec61c048" testName="GetNextProperties_WhenRuleTypeIsEvent_EventSourcesNotPresent_ReturnsEventSourcesProperty" computerName="DKSR-EFI-06" duration="00:00:00.0017863" startTime="2024-01-09T15:42:35.6071197+01:00" endTime="2024-01-09T15:42:35.6227458+01:00" testType="13cdc9d9-ddb5-4fa4-a97d-d965ccfc6d4b" outcome="Passed" testListId="8c84fa94-04c1-424b-9868-57a2d4851a1d" relativeResultsDirectory="b8eef3a1-29d8-4a5f-844c-27d2ef5f821c" />
    <UnitTestResult executionId="af3f1b65-1374-40f3-abe6-4eee2f24428d" testId="8716f3ea-ee91-9035-e58a-02a59ed4a044" testName="ConfigurationItemPathBuilder_Create_ItemPath_Succes" computerName="DKSR-EFI-06" duration="00:00:00.0018142" startTime="2024-01-09T15:42:33.3414793+01:00" endTime="2024-01-09T15:42:33.3414793+01:00" testType="13cdc9d9-ddb5-4fa4-a97d-d965ccfc6d4b" outcome="Passed" testListId="8c84fa94-04c1-424b-9868-57a2d4851a1d" relativeResultsDirectory="af3f1b65-1374-40f3-abe6-4eee2f24428d" />
    <UnitTestResult executionId="a6054ea0-da13-4dec-a309-baf14b7075c5" testId="59c72f01-0f5f-03d5-b199-e40e4025e136" testName="SendCommandSecurityVisitor_HardwareScanCommand_NotAllowed" computerName="DKSR-EFI-06" duration="00:00:00.0020453" startTime="2024-01-09T15:42:22.5289630+01:00" endTime="2024-01-09T15:42:22.5289630+01:00" testType="13cdc9d9-ddb5-4fa4-a97d-d965ccfc6d4b" outcome="Passed" testListId="8c84fa94-04c1-424b-9868-57a2d4851a1d" relativeResultsDirectory="a6054ea0-da13-4dec-a309-baf14b7075c5" />
    <UnitTestResult executionId="0ef82ced-b32c-49c8-9093-6f775d0538f1" testId="da9c9361-69ce-fc7c-a3cb-6ab51e0fe048" testName="ValidateItem_ParamNullCheck_ParentPathTest" computerName="DKSR-EFI-06" duration="00:00:00.0007158" startTime="2024-01-09T15:42:41.4978327+01:00" endTime="2024-01-09T15:42:41.4978327+01:00" testType="13cdc9d9-ddb5-4fa4-a97d-d965ccfc6d4b" outcome="Passed" testListId="8c84fa94-04c1-424b-9868-57a2d4851a1d" relativeResultsDirectory="0ef82ced-b32c-49c8-9093-6f775d0538f1" />
    <UnitTestResult executionId="8c20d6e3-5e99-4283-9462-ef178a83d277" testId="7246696d-ee0e-3c70-ed49-fd184f6340ce" testName="GetChildItems_InvalidPathTest" computerName="DKSR-EFI-06" duration="00:00:00.0016000" startTime="2024-01-09T15:42:40.7633924+01:00" endTime="2024-01-09T15:42:40.7790190+01:00" testType="13cdc9d9-ddb5-4fa4-a97d-d965ccfc6d4b" outcome="Passed" testListId="8c84fa94-04c1-424b-9868-57a2d4851a1d" relativeResultsDirectory="8c20d6e3-5e99-4283-9462-ef178a83d277" />
    <UnitTestResult executionId="86487dd1-048c-4d55-9cb4-0436c93ac8f2" testId="97e45da3-208b-3f3a-0ffd-6c818ab79f12" testName="GetItemType_WhenObjectNotExists_ReturnsNull" computerName="DKSR-EFI-06" duration="00:00:00.0024601" startTime="2024-01-09T15:42:37.9040065+01:00" endTime="2024-01-09T15:42:37.9040065+01:00" testType="13cdc9d9-ddb5-4fa4-a97d-d965ccfc6d4b" outcome="Passed" testListId="8c84fa94-04c1-424b-9868-57a2d4851a1d" relativeResultsDirectory="86487dd1-048c-4d55-9cb4-0436c93ac8f2" />
    <UnitTestResult executionId="0c029862-d7d3-42c6-8363-49212eb14642" testId="635e39e3-f692-d8e1-565c-4f519dcad6d9" testName="ValidateItem_ParamNullCheck_Item" computerName="DKSR-EFI-06" duration="00:00:00.0014401" startTime="2024-01-09T15:42:41.1383943+01:00" endTime="2024-01-09T15:42:41.1383943+01:00" testType="13cdc9d9-ddb5-4fa4-a97d-d965ccfc6d4b" outcome="Passed" testListId="8c84fa94-04c1-424b-9868-57a2d4851a1d" relativeResultsDirectory="0c029862-d7d3-42c6-8363-49212eb14642" />
    <UnitTestResult executionId="6591a382-ab7f-43ca-95d6-40cf3e6a4476" testId="1416df0e-41a3-5385-5aaa-d51ecc857955" testName="Initialize_ClientIdIsNull_ThrowsArgumentNullException" computerName="DKSR-EFI-06" duration="00:00:00.0050834" startTime="2024-01-09T15:42:30.1070939+01:00" endTime="2024-01-09T15:42:30.1227187+01:00" testType="13cdc9d9-ddb5-4fa4-a97d-d965ccfc6d4b" outcome="Passed" testListId="8c84fa94-04c1-424b-9868-57a2d4851a1d" relativeResultsDirectory="6591a382-ab7f-43ca-95d6-40cf3e6a4476" />
    <UnitTestResult executionId="79d5013e-414c-4245-a825-5e45c608fa78" testId="76026d77-dc61-4839-3570-be7939e2726c" testName="Validate_WhenArrayTypeNotMatching_Error" computerName="DKSR-EFI-06" duration="00:00:00.0013679" startTime="2024-01-09T15:42:37.2009469+01:00" endTime="2024-01-09T15:42:37.2009469+01:00" testType="13cdc9d9-ddb5-4fa4-a97d-d965ccfc6d4b" outcome="Passed" testListId="8c84fa94-04c1-424b-9868-57a2d4851a1d" relativeResultsDirectory="79d5013e-414c-4245-a825-5e45c608fa78" />
    <UnitTestResult executionId="081c7d19-46f4-4ebb-b07b-6a5ca0ae41a6" testId="9eb30651-85f0-ae2e-8590-6dc287ec72bd" testName="GetCurrentProperties_WhenNoPropertiesPresent_ReturnsEmptyList" computerName="DKSR-EFI-06" duration="00:00:00.0006181" startTime="2024-01-09T15:42:35.2946642+01:00" endTime="2024-01-09T15:42:35.2946642+01:00" testType="13cdc9d9-ddb5-4fa4-a97d-d965ccfc6d4b" outcome="Passed" testListId="8c84fa94-04c1-424b-9868-57a2d4851a1d" relativeResultsDirectory="081c7d19-46f4-4ebb-b07b-6a5ca0ae41a6" />
    <UnitTestResult executionId="e6ffeab9-1243-406a-bd05-b6da3ecf8a90" testId="b80649d2-beed-dfed-469a-7375c9cfbf60" testName="GetChildItems_LicenseInformationfolder_SunnyDay" computerName="DKSR-EFI-06" duration="00:00:00.0106822" startTime="2024-01-09T15:42:40.4665180+01:00" endTime="2024-01-09T15:42:40.4821428+01:00" testType="13cdc9d9-ddb5-4fa4-a97d-d965ccfc6d4b" outcome="Passed" testListId="8c84fa94-04c1-424b-9868-57a2d4851a1d" relativeResultsDirectory="e6ffeab9-1243-406a-bd05-b6da3ecf8a90" />
    <UnitTestResult executionId="cf569e9a-5ca9-41b8-b61c-4205cb8a8460" testId="a749dcd6-7535-4f96-13d3-f5cc68574445" testName="SendCommandSecurityVisitor_UpdateConfigurationManagerCommand_DeviceLinks_Edit_Allowed" computerName="DKSR-EFI-06" duration="00:00:00.0217175" startTime="2024-01-09T15:42:23.4820884+01:00" endTime="2024-01-09T15:42:23.4977134+01:00" testType="13cdc9d9-ddb5-4fa4-a97d-d965ccfc6d4b" outcome="Passed" testListId="8c84fa94-04c1-424b-9868-57a2d4851a1d" relativeResultsDirectory="cf569e9a-5ca9-41b8-b61c-4205cb8a8460" />
    <UnitTestResult executionId="1094a851-dfc7-4ab8-b4fe-7ddd47d43b90" testId="f4fb252d-6ee5-bf4b-4025-ff38b4d37d5e" testName="ValidateItem_InvalidPathTest" computerName="DKSR-EFI-06" duration="00:00:00.0005806" startTime="2024-01-09T15:42:41.4978327+01:00" endTime="2024-01-09T15:42:41.4978327+01:00" testType="13cdc9d9-ddb5-4fa4-a97d-d965ccfc6d4b" outcome="Passed" testListId="8c84fa94-04c1-424b-9868-57a2d4851a1d" relativeResultsDirectory="1094a851-dfc7-4ab8-b4fe-7ddd47d43b90" />
    <UnitTestResult executionId="62d1fded-9261-40cf-a7b3-c92fbeff99c2" testId="fde6f7a4-33c2-8e98-1782-b3fb8c8321f4" testName="UpdateSearchTemplateFind_PrivateOnly" computerName="DKSR-EFI-06" duration="00:00:00.0073956" startTime="2024-01-09T15:42:43.6246635+01:00" endTime="2024-01-09T15:42:43.6246635+01:00" testType="13cdc9d9-ddb5-4fa4-a97d-d965ccfc6d4b" outcome="Passed" testListId="8c84fa94-04c1-424b-9868-57a2d4851a1d" relativeResultsDirectory="62d1fded-9261-40cf-a7b3-c92fbeff99c2" />
    <UnitTestResult executionId="34caa7e2-fdfc-46bc-b9ac-91bc28b65880" testId="147577f6-5119-aede-754f-9f87efda1bda" testName="InvokeMethod_AddSearchTemplateCreateInfo" computerName="DKSR-EFI-06" duration="00:00:00.0114153" startTime="2024-01-09T15:42:40.9508941+01:00" endTime="2024-01-09T15:42:40.9665207+01:00" testType="13cdc9d9-ddb5-4fa4-a97d-d965ccfc6d4b" outcome="Passed" testListId="8c84fa94-04c1-424b-9868-57a2d4851a1d" relativeResultsDirectory="34caa7e2-fdfc-46bc-b9ac-91bc28b65880" />
    <UnitTestResult executionId="cda0ee3c-37fe-42c9-be24-dd5554ba3df0" testId="5804ac5e-763e-fbc5-b371-abe646be6a4b" testName="Validation_ProcessTime_Is_Null_ArgumentOutOfRangeExceptionExpected" computerName="DKSR-EFI-06" duration="00:00:00.0004961" startTime="2024-01-09T15:42:26.2164647+01:00" endTime="2024-01-09T15:42:26.2164647+01:00" testType="13cdc9d9-ddb5-4fa4-a97d-d965ccfc6d4b" outcome="Passed" testListId="8c84fa94-04c1-424b-9868-57a2d4851a1d" relativeResultsDirectory="cda0ee3c-37fe-42c9-be24-dd5554ba3df0" />
    <UnitTestResult executionId="71dceb63-1dc3-47ce-b2ec-52a0c4c34f38" testId="9b9fbbbb-65bc-f19c-6b02-3eab2594f9d2" testName="ConvertParamToFilter_Format_InvalidTests" computerName="DKSR-EFI-06" duration="00:00:00.0090543" startTime="2024-01-09T15:42:28.8102141+01:00" endTime="2024-01-09T15:42:28.8102141+01:00" testType="13cdc9d9-ddb5-4fa4-a97d-d965ccfc6d4b" outcome="Passed" testListId="8c84fa94-04c1-424b-9868-57a2d4851a1d" relativeResultsDirectory="71dceb63-1dc3-47ce-b2ec-52a0c4c34f38" />
    <UnitTestResult executionId="07568242-bbdb-456b-81ff-4eb04069da95" testId="20928c7a-b265-ff78-a82f-fae422612902" testName="SendCommandSecurityVisitor_RecorderAttachCommand_NotSupportedException" computerName="DKSR-EFI-06" duration="00:00:00.0030271" startTime="2024-01-09T15:42:21.8883385+01:00" endTime="2024-01-09T15:42:21.8883385+01:00" testType="13cdc9d9-ddb5-4fa4-a97d-d965ccfc6d4b" outcome="Passed" testListId="8c84fa94-04c1-424b-9868-57a2d4851a1d" relativeResultsDirectory="07568242-bbdb-456b-81ff-4eb04069da95" />
    <UnitTestResult executionId="63ef5893-65ca-4f5e-a26b-0146d7ecf5ae" testId="e4d7b236-ba7a-d5a8-1406-8aea051c9906" testName="ServerProxyService_GetConfigurationDataSetTables_DeviceLinks_CameraNotAllowed_RowRemoved" computerName="DKSR-EFI-06" duration="00:00:00.0122973" startTime="2024-01-09T15:42:25.5445903+01:00" endTime="2024-01-09T15:42:25.5602143+01:00" testType="13cdc9d9-ddb5-4fa4-a97d-d965ccfc6d4b" outcome="Passed" testListId="8c84fa94-04c1-424b-9868-57a2d4851a1d" relativeResultsDirectory="63ef5893-65ca-4f5e-a26b-0146d7ecf5ae" />
    <UnitTestResult executionId="17695924-93a6-49a2-84d6-13e534e29f24" testId="2ed27310-23a7-b8ee-4316-2b61dd61b9ef" testName="GetItemType_WhenInvalidLayout_ReturnsNull" computerName="DKSR-EFI-06" duration="00:00:00.0057494" startTime="2024-01-09T15:42:37.7946329+01:00" endTime="2024-01-09T15:42:37.7946329+01:00" testType="13cdc9d9-ddb5-4fa4-a97d-d965ccfc6d4b" outcome="Passed" testListId="8c84fa94-04c1-424b-9868-57a2d4851a1d" relativeResultsDirectory="17695924-93a6-49a2-84d6-13e534e29f24" />
    <UnitTestResult executionId="12015bea-3619-411f-81e4-8f1c9210ddaf" testId="4965e393-aab6-0e63-261e-97ef989a1af4" testName="GetXml_WhenActionIsSendSNMPTrap_MatchesXml" computerName="DKSR-EFI-06" duration="00:00:00.0010061" startTime="2024-01-09T15:42:38.5915079+01:00" endTime="2024-01-09T15:42:38.5915079+01:00" testType="13cdc9d9-ddb5-4fa4-a97d-d965ccfc6d4b" outcome="Passed" testListId="8c84fa94-04c1-424b-9868-57a2d4851a1d" relativeResultsDirectory="12015bea-3619-411f-81e4-8f1c9210ddaf" />
    <UnitTestResult executionId="109e9dcd-4472-4c8b-bd88-57864886f265" testId="0d1c2199-9ee8-c1e0-6ff1-a089355cd9fb" testName="Validate_TimeBetweenCondition_StartAndEndTimesIdentical_ReturnsValidationError" computerName="DKSR-EFI-06" duration="00:00:00.0068561" startTime="2024-01-09T15:42:36.7790004+01:00" endTime="2024-01-09T15:42:36.7790004+01:00" testType="13cdc9d9-ddb5-4fa4-a97d-d965ccfc6d4b" outcome="Passed" testListId="8c84fa94-04c1-424b-9868-57a2d4851a1d" relativeResultsDirectory="109e9dcd-4472-4c8b-bd88-57864886f265" />
    <UnitTestResult executionId="e4ffffd1-de77-401d-8876-2b506993fba2" testId="b285fe55-5ffe-2312-c012-4f5985cfb8b9" testName="GetNextProperties_WhenWithinTimeProfileIsSetToTrue_ReturnsTimeProfileProperty" computerName="DKSR-EFI-06" duration="00:00:00.0004837" startTime="2024-01-09T15:42:34.8571150+01:00" endTime="2024-01-09T15:42:34.8571150+01:00" testType="13cdc9d9-ddb5-4fa4-a97d-d965ccfc6d4b" outcome="Passed" testListId="8c84fa94-04c1-424b-9868-57a2d4851a1d" relativeResultsDirectory="e4ffffd1-de77-401d-8876-2b506993fba2" />
    <UnitTestResult executionId="0aace807-0daa-487b-a73a-4a05176254ea" testId="ba527c24-6c6e-51ab-1189-9ff1d0cb91a1" testName="GetChildItems_SunnyDayTest" computerName="DKSR-EFI-06" duration="00:00:00.0052356" startTime="2024-01-09T15:42:41.7165206+01:00" endTime="2024-01-09T15:42:41.7165206+01:00" testType="13cdc9d9-ddb5-4fa4-a97d-d965ccfc6d4b" outcome="Passed" testListId="8c84fa94-04c1-424b-9868-57a2d4851a1d" relativeResultsDirectory="0aace807-0daa-487b-a73a-4a05176254ea" />
    <UnitTestResult executionId="e0b21334-4fa8-43bf-bef4-b2c8bb3d9e0e" testId="31bd5fdb-71c1-b403-66fb-3bd6173659fb" testName="ServerProxyService_GetHardwareDefinitionByDigest_NotFiltered" computerName="DKSR-EFI-06" duration="00:00:00.0012935" startTime="2024-01-09T15:42:24.9977145+01:00" endTime="2024-01-09T15:42:24.9977145+01:00" testType="13cdc9d9-ddb5-4fa4-a97d-d965ccfc6d4b" outcome="Passed" testListId="8c84fa94-04c1-424b-9868-57a2d4851a1d" relativeResultsDirectory="e0b21334-4fa8-43bf-bef4-b2c8bb3d9e0e" />
    <UnitTestResult executionId="326b8661-d10f-4cf5-a33e-6536d679db6b" testId="eee56311-fba4-2503-aa87-6f1e5fb92b84" testName="TestRootReadAllowed" computerName="DKSR-EFI-06" duration="00:00:00.0075822" startTime="2024-01-09T15:42:18.6539601+01:00" endTime="2024-01-09T15:42:18.6695837+01:00" testType="13cdc9d9-ddb5-4fa4-a97d-d965ccfc6d4b" outcome="Passed" testListId="8c84fa94-04c1-424b-9868-57a2d4851a1d" relativeResultsDirectory="326b8661-d10f-4cf5-a33e-6536d679db6b" />
    <UnitTestResult executionId="dbdf45ff-1dea-49f8-9b9a-172b0e97aad1" testId="37bc5dc2-8166-2572-d28d-c03f8ecbe740" testName="SystemSettingsManager_ConvertActivationCredentialsToDatabaseValue_Failure_UsernameEmpty" computerName="DKSR-EFI-06" duration="00:00:00.0008067" startTime="2024-01-09T15:42:25.6383399+01:00" endTime="2024-01-09T15:42:25.6383399+01:00" testType="13cdc9d9-ddb5-4fa4-a97d-d965ccfc6d4b" outcome="Passed" testListId="8c84fa94-04c1-424b-9868-57a2d4851a1d" relativeResultsDirectory="dbdf45ff-1dea-49f8-9b9a-172b0e97aad1" />
    <UnitTestResult executionId="ec74714e-3d92-4ad3-bf75-21ce3ad989ac" testId="e59d8e7c-2a3a-f00d-451e-d7b205a6d9a6" testName="Validate_WhenValidItemType_GetsResultFromFiltersValidator" computerName="DKSR-EFI-06" duration="00:00:00.0234686" startTime="2024-01-09T15:42:37.6383793+01:00" endTime="2024-01-09T15:42:37.6540040+01:00" testType="13cdc9d9-ddb5-4fa4-a97d-d965ccfc6d4b" outcome="Passed" testListId="8c84fa94-04c1-424b-9868-57a2d4851a1d" relativeResultsDirectory="ec74714e-3d92-4ad3-bf75-21ce3ad989ac" />
    <UnitTestResult executionId="93550aa7-64b4-4045-bd0d-ad7a360c6a64" testId="bd2d972c-aff4-ed37-ca18-9f6d1d83f18a" testName="GetItem_SunnyDay_TopFolder" computerName="DKSR-EFI-06" duration="00:00:00.0005320" startTime="2024-01-09T15:42:40.8258953+01:00" endTime="2024-01-09T15:42:40.8258953+01:00" testType="13cdc9d9-ddb5-4fa4-a97d-d965ccfc6d4b" outcome="Passed" testListId="8c84fa94-04c1-424b-9868-57a2d4851a1d" relativeResultsDirectory="93550aa7-64b4-4045-bd0d-ad7a360c6a64" />
    <UnitTestResult executionId="6a934693-431a-4608-9d93-738887775b84" testId="eb704e5b-4508-f5a5-0516-f1e23d5d9aae" testName="IsFeatureLicensed_DoesNotUpdateLicense_OnceInitialized" computerName="DKSR-EFI-06" duration="00:00:00.0027396" startTime="2024-01-09T15:42:18.4820847+01:00" endTime="2024-01-09T15:42:18.4820847+01:00" testType="13cdc9d9-ddb5-4fa4-a97d-d965ccfc6d4b" outcome="Passed" testListId="8c84fa94-04c1-424b-9868-57a2d4851a1d" relativeResultsDirectory="6a934693-431a-4608-9d93-738887775b84" />
    <UnitTestResult executionId="ba82aa17-1d8e-46e8-9726-c35a8a4037b6" testId="94d885c4-e3b9-ea4e-0c56-fc978359b248" testName="IsComplete_WhenOneStepIsNotComplete_ReturnsFalse" computerName="DKSR-EFI-06" duration="00:00:00.0138848" startTime="2024-01-09T15:42:34.3883621+01:00" endTime="2024-01-09T15:42:34.4039845+01:00" testType="13cdc9d9-ddb5-4fa4-a97d-d965ccfc6d4b" outcome="Passed" testListId="8c84fa94-04c1-424b-9868-57a2d4851a1d" relativeResultsDirectory="ba82aa17-1d8e-46e8-9726-c35a8a4037b6" />
    <UnitTestResult executionId="31efdef0-388a-45fc-983f-3f5650ab2066" testId="5f4c34b8-9fb5-0eeb-4d6a-ecffe4e7f210" testName="Validate_WhenValueIsValid_ReturnsTrue" computerName="DKSR-EFI-06" duration="00:00:00.0007743" startTime="2024-01-09T15:42:38.0758827+01:00" endTime="2024-01-09T15:42:38.0758827+01:00" testType="13cdc9d9-ddb5-4fa4-a97d-d965ccfc6d4b" outcome="Passed" testListId="8c84fa94-04c1-424b-9868-57a2d4851a1d" relativeResultsDirectory="31efdef0-388a-45fc-983f-3f5650ab2066" />
    <UnitTestResult executionId="3b26aa6f-c2f5-43c7-8342-b87896791e2e" testId="0d457e7d-dbe0-d567-504c-4aba537c4129" testName="ServerProxyService_GetConfigurationDataSetTables_PatrollingProfiles_Allowed_NotFiltered" computerName="DKSR-EFI-06" duration="00:00:00.0104485" startTime="2024-01-09T15:42:25.4977458+01:00" endTime="2024-01-09T15:42:25.5133416+01:00" testType="13cdc9d9-ddb5-4fa4-a97d-d965ccfc6d4b" outcome="Passed" testListId="8c84fa94-04c1-424b-9868-57a2d4851a1d" relativeResultsDirectory="3b26aa6f-c2f5-43c7-8342-b87896791e2e" />
    <UnitTestResult executionId="da8c4d90-5141-4c17-8346-87c3a6746a06" testId="213ae835-d2a0-8f7f-de19-a1eea26f0c60" testName="DeviceTypeLookup_QueryDeviceTypeFromSecurityAttributeValue_Invalid_Attribute_UnknowDevice" computerName="DKSR-EFI-06" duration="00:00:00.0020821" startTime="2024-01-09T15:42:18.0758341+01:00" endTime="2024-01-09T15:42:18.0914586+01:00" testType="13cdc9d9-ddb5-4fa4-a97d-d965ccfc6d4b" outcome="Passed" testListId="8c84fa94-04c1-424b-9868-57a2d4851a1d" relativeResultsDirectory="da8c4d90-5141-4c17-8346-87c3a6746a06" />
    <UnitTestResult executionId="4d08e540-eefd-4c47-912e-89b0dfd60c83" testId="d53a4c15-5dbf-ec6b-5f2c-690bdff7b17e" testName="Validate_WhenRequiredValueButEmptyOrNullProvided_Error" computerName="DKSR-EFI-06" duration="00:00:00.0013214" startTime="2024-01-09T15:42:37.2009469+01:00" endTime="2024-01-09T15:42:37.2009469+01:00" testType="13cdc9d9-ddb5-4fa4-a97d-d965ccfc6d4b" outcome="Passed" testListId="8c84fa94-04c1-424b-9868-57a2d4851a1d" relativeResultsDirectory="4d08e540-eefd-4c47-912e-89b0dfd60c83" />
    <UnitTestResult executionId="804d82f6-366c-43af-a0a4-b6209cdd5ec3" testId="bf0d6c20-1cf4-623c-8f79-7a0ce3774924" testName="GetCurrentProperties_WhenActionPropertyHasValueAndParameterPropertiesExistButMissingRequiredValues_ReturnsListWithOnlyPropertiesThatHaveValues" computerName="DKSR-EFI-06" duration="00:00:00.0009418" startTime="2024-01-09T15:42:35.3258669+01:00" endTime="2024-01-09T15:42:35.3258669+01:00" testType="13cdc9d9-ddb5-4fa4-a97d-d965ccfc6d4b" outcome="Passed" testListId="8c84fa94-04c1-424b-9868-57a2d4851a1d" relativeResultsDirectory="804d82f6-366c-43af-a0a4-b6209cdd5ec3" />
    <UnitTestResult executionId="2c147bb5-13f4-46ec-9592-d1d8fcbc6e99" testId="44174fd8-cf51-a84b-dc98-5420f8b75124" testName="CasingTest" computerName="DKSR-EFI-06" duration="00:00:00.0018203" startTime="2024-01-09T15:42:29.8727151+01:00" endTime="2024-01-09T15:42:29.8727151+01:00" testType="13cdc9d9-ddb5-4fa4-a97d-d965ccfc6d4b" outcome="Passed" testListId="8c84fa94-04c1-424b-9868-57a2d4851a1d" relativeResultsDirectory="2c147bb5-13f4-46ec-9592-d1d8fcbc6e99" />
    <UnitTestResult executionId="ded3ccdc-d076-4077-910c-f1d1c22f8b02" testId="00f7c730-153b-dc45-a0fd-6f8b836ddb33" testName="GetXml_WhenActionIsSetBookmark_MatchesXml" computerName="DKSR-EFI-06" duration="00:00:00.0013394" startTime="2024-01-09T15:42:38.6227585+01:00" endTime="2024-01-09T15:42:38.6383836+01:00" testType="13cdc9d9-ddb5-4fa4-a97d-d965ccfc6d4b" outcome="Passed" testListId="8c84fa94-04c1-424b-9868-57a2d4851a1d" relativeResultsDirectory="ded3ccdc-d076-4077-910c-f1d1c22f8b02" />
    <UnitTestResult executionId="0a05efcc-cf09-415a-8a9d-28c76c87b473" testId="087c3e8f-8733-bb80-81e5-5da128cd0534" testName="GetNextProperties_WhenActionPropertyHasValueAndParameterPropertiesExistButMissingRequiredValues_ReturnsListWithPropertiesThatHaveNoValueAndNotExists" computerName="DKSR-EFI-06" duration="00:00:00.0008690" startTime="2024-01-09T15:42:35.3414915+01:00" endTime="2024-01-09T15:42:35.3414915+01:00" testType="13cdc9d9-ddb5-4fa4-a97d-d965ccfc6d4b" outcome="Passed" testListId="8c84fa94-04c1-424b-9868-57a2d4851a1d" relativeResultsDirectory="0a05efcc-cf09-415a-8a9d-28c76c87b473" />
    <UnitTestResult executionId="ac91f7c3-b096-4d30-8072-78af5ac7c413" testId="a2ee1b57-a026-c781-2a9d-0af16385ef3d" testName="SendCommandSecurityVisitor_UpdateSecurityManagerCommand_SecurityPermissionsDevice_Output_Delete_Allowed" computerName="DKSR-EFI-06" duration="00:00:00.0238370" startTime="2024-01-09T15:42:21.4352118+01:00" endTime="2024-01-09T15:42:21.4664643+01:00" testType="13cdc9d9-ddb5-4fa4-a97d-d965ccfc6d4b" outcome="Passed" testListId="8c84fa94-04c1-424b-9868-57a2d4851a1d" relativeResultsDirectory="ac91f7c3-b096-4d30-8072-78af5ac7c413" />
    <UnitTestResult executionId="4f791f17-58de-46bc-b9a2-bda88901c7e4" testId="5aac5de4-ba96-dfeb-01a6-a31f45c64b1f" testName="PropertyException_Format_Correct" computerName="DKSR-EFI-06" duration="00:00:00.0051374" startTime="2024-01-09T15:42:29.5289666+01:00" endTime="2024-01-09T15:42:29.5289666+01:00" testType="13cdc9d9-ddb5-4fa4-a97d-d965ccfc6d4b" outcome="Passed" testListId="8c84fa94-04c1-424b-9868-57a2d4851a1d" relativeResultsDirectory="4f791f17-58de-46bc-b9a2-bda88901c7e4" />
    <UnitTestResult executionId="fe7802e3-904f-4c96-b45f-b91ef1f75f5c" testId="d9d20f7a-1d7e-e48b-8437-649e9912da2c" testName="Build_WhenTimerHasNoTimeNode_ReturnsFalse" computerName="DKSR-EFI-06" duration="00:00:00.0004845" startTime="2024-01-09T15:42:38.9665104+01:00" endTime="2024-01-09T15:42:38.9665104+01:00" testType="13cdc9d9-ddb5-4fa4-a97d-d965ccfc6d4b" outcome="Passed" testListId="8c84fa94-04c1-424b-9868-57a2d4851a1d" relativeResultsDirectory="fe7802e3-904f-4c96-b45f-b91ef1f75f5c" />
    <UnitTestResult executionId="f2cae01d-332d-47e2-9125-65639323417c" testId="59602d4e-8a68-e5e4-6594-16671fb2a581" testName="LookupArray_Succeeds_WhenItemTypeIsEmpty" computerName="DKSR-EFI-06" duration="00:00:00.0100136" startTime="2024-01-09T15:42:28.9352159+01:00" endTime="2024-01-09T15:42:28.9508406+01:00" testType="13cdc9d9-ddb5-4fa4-a97d-d965ccfc6d4b" outcome="Passed" testListId="8c84fa94-04c1-424b-9868-57a2d4851a1d" relativeResultsDirectory="f2cae01d-332d-47e2-9125-65639323417c" />
    <UnitTestResult executionId="5a0ae819-891c-4efc-b637-c8c0b257e2e5" testId="3230fd78-42da-88ca-206e-28f427f46bb9" testName="UpdateSearchTemplateFind_Public_NotAllowed" computerName="DKSR-EFI-06" duration="00:00:00.0014230" startTime="2024-01-09T15:42:43.6246635+01:00" endTime="2024-01-09T15:42:43.6246635+01:00" testType="13cdc9d9-ddb5-4fa4-a97d-d965ccfc6d4b" outcome="Passed" testListId="8c84fa94-04c1-424b-9868-57a2d4851a1d" relativeResultsDirectory="5a0ae819-891c-4efc-b637-c8c0b257e2e5" />
    <UnitTestResult executionId="cc67ad33-a60c-4de0-87f9-e25e33b04f19" testId="79666c0e-0d38-7ede-bdb7-57a2b20220b0" testName="Invoke_WhenInvoked_GetData" computerName="DKSR-EFI-06" duration="00:00:00.0085057" startTime="2024-01-09T15:42:41.3102717+01:00" endTime="2024-01-09T15:42:41.3102717+01:00" testType="13cdc9d9-ddb5-4fa4-a97d-d965ccfc6d4b" outcome="Passed" testListId="8c84fa94-04c1-424b-9868-57a2d4851a1d" relativeResultsDirectory="cc67ad33-a60c-4de0-87f9-e25e33b04f19" />
    <UnitTestResult executionId="58dee3ad-389b-4201-9be1-05bd2731591a" testId="c66e0834-bb72-fa7b-00cf-3770f1cb3d07" testName="GetChildItems_ParamNullCheck_Path" computerName="DKSR-EFI-06" duration="00:00:00.0013361" startTime="2024-01-09T15:42:40.8727704+01:00" endTime="2024-01-09T15:42:40.8727704+01:00" testType="13cdc9d9-ddb5-4fa4-a97d-d965ccfc6d4b" outcome="Passed" testListId="8c84fa94-04c1-424b-9868-57a2d4851a1d" relativeResultsDirectory="58dee3ad-389b-4201-9be1-05bd2731591a" />
    <UnitTestResult executionId="c9ab788f-825d-47e4-81f2-9dd47ad268bc" testId="05a8de02-4bbc-0f27-19d6-d4a4533916a7" testName="Validation_MotionDetectionMethod_Value_Is_Not_Defined_ArgumentOutOfExceptionExpected" computerName="DKSR-EFI-06" duration="00:00:00.0004893" startTime="2024-01-09T15:42:26.1852175+01:00" endTime="2024-01-09T15:42:26.1852175+01:00" testType="13cdc9d9-ddb5-4fa4-a97d-d965ccfc6d4b" outcome="Passed" testListId="8c84fa94-04c1-424b-9868-57a2d4851a1d" relativeResultsDirectory="c9ab788f-825d-47e4-81f2-9dd47ad268bc" />
    <UnitTestResult executionId="55ef4117-1cf7-48de-896e-508f9d6aca15" testId="9418f6ac-ff69-6394-e65f-2670af49ee22" testName="ErrorHelper_CreateValidateResult_ArgumentNullException_PropertyNoFound_Null" computerName="DKSR-EFI-06" duration="00:00:00.0003313" startTime="2024-01-09T15:42:33.5446074+01:00" endTime="2024-01-09T15:42:33.5446074+01:00" testType="13cdc9d9-ddb5-4fa4-a97d-d965ccfc6d4b" outcome="Passed" testListId="8c84fa94-04c1-424b-9868-57a2d4851a1d" relativeResultsDirectory="55ef4117-1cf7-48de-896e-508f9d6aca15" />
    <UnitTestResult executionId="043bf886-6cd6-4798-8d0d-f5c63d6379a3" testId="58dc2da5-208c-2b5e-f84a-aa7080a37191" testName="ConfigurationItemPath_CreateFolderPath3Strings_NonFolder_CreateConfigurationItemPathException" computerName="DKSR-EFI-06" duration="00:00:00.0017673" startTime="2024-01-09T15:42:33.5289832+01:00" endTime="2024-01-09T15:42:33.5289832+01:00" testType="13cdc9d9-ddb5-4fa4-a97d-d965ccfc6d4b" outcome="Passed" testListId="8c84fa94-04c1-424b-9868-57a2d4851a1d" relativeResultsDirectory="043bf886-6cd6-4798-8d0d-f5c63d6379a3">
      <Output>
        <StdOut>Debug Trace:&#xD;
Fail: Item type is invalid: Hardware</StdOut>
      </Output>
    </UnitTestResult>
    <UnitTestResult executionId="0e581506-2802-4b65-9420-d2785af76ed8" testId="8763c52b-eb66-e653-735c-a024d39e5cfa" testName="SendCommandSecurityVisitor_UpdateSecurityManagerCommand_SecurityPermissionsDevice_Speaker_Edit_Allowed" computerName="DKSR-EFI-06" duration="00:00:00.0234812" startTime="2024-01-09T15:42:21.2477150+01:00" endTime="2024-01-09T15:42:21.2789655+01:00" testType="13cdc9d9-ddb5-4fa4-a97d-d965ccfc6d4b" outcome="Passed" testListId="8c84fa94-04c1-424b-9868-57a2d4851a1d" relativeResultsDirectory="0e581506-2802-4b65-9420-d2785af76ed8" />
    <UnitTestResult executionId="d4ee9b28-95be-4bc8-bb1e-61e2f3fb3182" testId="66e86e11-aa6f-d6de-573d-c0aabb75ba87" testName="DriverSettingsBusiness_PrepareAndValidateSettings_TwoSettings_Success (Data Row 9)" computerName="DKSR-EFI-06" duration="00:00:00.0276553" startTime="2024-01-09T15:42:32.2008497+01:00" endTime="2024-01-09T15:42:32.5446004+01:00" testType="13cdc9d9-ddb5-4fa4-a97d-d965ccfc6d4b" outcome="Passed" testListId="8c84fa94-04c1-424b-9868-57a2d4851a1d" relativeResultsDirectory="d4ee9b28-95be-4bc8-bb1e-61e2f3fb3182" />
    <UnitTestResult executionId="3ba2b99b-e16f-49d6-861b-3b681121e3be" testId="b3853799-0274-eb3c-ee54-3ce720c85794" testName="InvokeMethod_AddAudioFile_NoId_SunnyDay_Test" computerName="DKSR-EFI-06" duration="00:00:00.0010917" startTime="2024-01-09T15:42:41.7946449+01:00" endTime="2024-01-09T15:42:41.7946449+01:00" testType="13cdc9d9-ddb5-4fa4-a97d-d965ccfc6d4b" outcome="Passed" testListId="8c84fa94-04c1-424b-9868-57a2d4851a1d" relativeResultsDirectory="3ba2b99b-e16f-49d6-861b-3b681121e3be" />
    <UnitTestResult executionId="7a662ff1-a01b-4197-a6ab-8c64b12cba3d" testId="e2f77e94-7651-e9f0-abbd-4a01e9b82ff9" testName="Build_WhenActionIsVideoWallRemoveCameras_ReturnsRuleModel" computerName="DKSR-EFI-06" duration="00:00:00.0042630" startTime="2024-01-09T15:42:39.2633867+01:00" endTime="2024-01-09T15:42:39.2633867+01:00" testType="13cdc9d9-ddb5-4fa4-a97d-d965ccfc6d4b" outcome="Passed" testListId="8c84fa94-04c1-424b-9868-57a2d4851a1d" relativeResultsDirectory="7a662ff1-a01b-4197-a6ab-8c64b12cba3d" />
    <UnitTestResult executionId="b8943aed-3756-4c89-8541-da26199f8308" testId="9921dedf-46d2-e60c-6c9d-a3c0e1241f24" testName="Given_SomeUrisAreNotDefined_When_QueryingTheWellKnownUris_Then_AnInternalErrorIsReturned" computerName="DKSR-EFI-06" duration="00:00:00.0038682" startTime="2024-01-09T15:42:28.7945898+01:00" endTime="2024-01-09T15:42:28.7945898+01:00" testType="13cdc9d9-ddb5-4fa4-a97d-d965ccfc6d4b" outcome="Passed" testListId="8c84fa94-04c1-424b-9868-57a2d4851a1d" relativeResultsDirectory="b8943aed-3756-4c89-8541-da26199f8308" />
    <UnitTestResult executionId="879672a1-785b-4d23-a8f7-a9a1a2ff7f0d" testId="d8a2b6f0-169e-2612-0d57-6188325e1d6e" testName="GetXml_WhenConditionIsWithinTimeProfile_MatchesXml" computerName="DKSR-EFI-06" duration="00:00:00.0051986" startTime="2024-01-09T15:42:38.7633832+01:00" endTime="2024-01-09T15:42:38.7790113+01:00" testType="13cdc9d9-ddb5-4fa4-a97d-d965ccfc6d4b" outcome="Passed" testListId="8c84fa94-04c1-424b-9868-57a2d4851a1d" relativeResultsDirectory="879672a1-785b-4d23-a8f7-a9a1a2ff7f0d" />
    <UnitTestResult executionId="d034c599-4fca-4fcc-87d1-5143c2b89aa9" testId="3a3273f2-e3d8-2b4a-1ba5-d17fe80b8b4e" testName="ValidateItem_Properties_MissingDescriptionTest" computerName="DKSR-EFI-06" duration="00:00:00.0006876" startTime="2024-01-09T15:42:41.6383951+01:00" endTime="2024-01-09T15:42:41.6383951+01:00" testType="13cdc9d9-ddb5-4fa4-a97d-d965ccfc6d4b" outcome="Passed" testListId="8c84fa94-04c1-424b-9868-57a2d4851a1d" relativeResultsDirectory="d034c599-4fca-4fcc-87d1-5143c2b89aa9" />
    <UnitTestResult executionId="3332ebe5-553b-4c26-9fa4-4eb5e8047cdf" testId="522d8ff3-6eeb-783b-8af4-a1ea2824ff6c" testName="GetChildItems_LicenseInformationProduct_PathNotFound" computerName="DKSR-EFI-06" duration="00:00:00.0008801" startTime="2024-01-09T15:42:40.4821428+01:00" endTime="2024-01-09T15:42:40.4821428+01:00" testType="13cdc9d9-ddb5-4fa4-a97d-d965ccfc6d4b" outcome="Passed" testListId="8c84fa94-04c1-424b-9868-57a2d4851a1d" relativeResultsDirectory="3332ebe5-553b-4c26-9fa4-4eb5e8047cdf" />
    <UnitTestResult executionId="f5bc95b6-d8d7-4817-82eb-4508fffdc940" testId="00e9c52b-bb29-5c4b-84d2-fca70118da4e" testName="Validate_WhenParametersIsNull_ValidatesAsTrue" computerName="DKSR-EFI-06" duration="00:00:00.0006401" startTime="2024-01-09T15:42:37.3571286+01:00" endTime="2024-01-09T15:42:37.3571286+01:00" testType="13cdc9d9-ddb5-4fa4-a97d-d965ccfc6d4b" outcome="Passed" testListId="8c84fa94-04c1-424b-9868-57a2d4851a1d" relativeResultsDirectory="f5bc95b6-d8d7-4817-82eb-4508fffdc940" />
    <UnitTestResult executionId="3dc0762f-c55c-4777-841c-192aeb6f0234" testId="70841e6b-4815-3fff-474c-328b152897ff" testName="Build_WhenStopRuleTypeIsTimerWithNoDelay_DefaultDelayIsSet" computerName="DKSR-EFI-06" duration="00:00:00.0010922" startTime="2024-01-09T15:42:36.6071246+01:00" endTime="2024-01-09T15:42:36.6071246+01:00" testType="13cdc9d9-ddb5-4fa4-a97d-d965ccfc6d4b" outcome="Passed" testListId="8c84fa94-04c1-424b-9868-57a2d4851a1d" relativeResultsDirectory="3dc0762f-c55c-4777-841c-192aeb6f0234" />
  </Results>
  <TestDefinitions>
    <UnitTest name="GetItemType_WhenObjectExists_ReturnsCorrectItemType" storage="d:\actions-runner\_work\xpco\xpco\corporate\videoos.management.server.unittests\bin\x64\debug\net472\videoos.management.server.unittests.dll" id="b94ad398-8feb-7630-6bda-2d2fc05d73d6">
      <Execution id="1f09621c-e9f4-46cf-aab3-e9689ce62e31" />
      <TestMethod codeBase="D:\actions-runner\_work\XPCO\XPCO\Corporate\VideoOS.Management.Server.UnitTests\bin\x64\Debug\net472\VideoOS.Management.Server.UnitTests.dll" adapterTypeName="executor://mstestadapter/v2" className="VideoOS.Management.Server.UnitTests.ConfigurationAPI.Rules.Backend.Validation.HardwareParameterValueValidatorTests" name="GetItemType_WhenObjectExists_ReturnsCorrectItemType" />
    </UnitTest>
    <UnitTest name="GetPropertyValue_WhenValueAllowed_ReturnsConvertedValue" storage="d:\actions-runner\_work\xpco\xpco\corporate\videoos.management.server.unittests\bin\x64\debug\net472\videoos.management.server.unittests.dll" id="06a9b067-71b5-445f-1788-be2869f14116">
      <Execution id="9e26d321-edaf-44b0-80c8-b3ae3b0a90bd" />
      <TestMethod codeBase="D:\actions-runner\_work\XPCO\XPCO\Corporate\VideoOS.Management.Server.UnitTests\bin\x64\Debug\net472\VideoOS.Management.Server.UnitTests.dll" adapterTypeName="executor://mstestadapter/v2" className="VideoOS.Management.Server.UnitTests.ConfigurationAPI.Rules.ConfigurationItemExtensionsTests" name="GetPropertyValue_WhenValueAllowed_ReturnsConvertedValue" />
    </UnitTest>
    <UnitTest name="Delete_ThrowsException_WhenRemoveMethodNotFound" storage="d:\actions-runner\_work\xpco\xpco\corporate\videoos.management.server.unittests\bin\x64\debug\net472\videoos.management.server.unittests.dll" id="a84eabc1-b8e5-0fa8-8474-2ded5ba25a35">
      <Execution id="80191cb6-fd3d-4b26-8407-49a4f8da6c3f" />
      <TestMethod codeBase="D:\actions-runner\_work\XPCO\XPCO\Corporate\VideoOS.Management.Server.UnitTests\bin\x64\Debug\net472\VideoOS.Management.Server.UnitTests.dll" adapterTypeName="executor://mstestadapter/v2" className="VideoOS.Management.Server.UnitTests.RestApi.ConfigurationApiManagerTests" name="Delete_ThrowsException_WhenRemoveMethodNotFound" />
    </UnitTest>
    <UnitTest name="TryParseRuleType_FrequencyWeekly_OnMondayAndWednesday_EveryTwoWeeks_ReturnsTrue" storage="d:\actions-runner\_work\xpco\xpco\corporate\videoos.management.server.unittests\bin\x64\debug\net472\videoos.management.server.unittests.dll" id="72f4169f-22a1-9390-348c-df051f424176">
      <Execution id="53ee566b-6a84-41de-888c-03543ed876d9" />
      <TestMethod codeBase="D:\actions-runner\_work\XPCO\XPCO\Corporate\VideoOS.Management.Server.UnitTests\bin\x64\Debug\net472\VideoOS.Management.Server.UnitTests.dll" adapterTypeName="executor://mstestadapter/v2" className="VideoOS.Management.Server.UnitTests.ConfigurationAPI.Rules.Backend.Builders.RuleTypeParserRecurringTimeTests" name="TryParseRuleType_FrequencyWeekly_OnMondayAndWednesday_EveryTwoWeeks_ReturnsTrue" />
    </UnitTest>
    <UnitTest name="SetItem_NotSupported_Check" storage="d:\actions-runner\_work\xpco\xpco\corporate\videoos.management.server.unittests\bin\x64\debug\net472\videoos.management.server.unittests.dll" id="1158c038-e8cc-7686-fe34-bfbf8cc6a266">
      <Execution id="149cfe68-ea8b-4773-b715-2596473aadf2" />
      <TestMethod codeBase="D:\actions-runner\_work\XPCO\XPCO\Corporate\VideoOS.Management.Server.UnitTests\bin\x64\Debug\net472\VideoOS.Management.Server.UnitTests.dll" adapterTypeName="executor://mstestadapter/v2" className="VideoOS.Management.Server.UnitTests.ConfigurationAPI.BusinessObjects.LicenseConfigurationApiTests" name="SetItem_NotSupported_Check" />
    </UnitTest>
    <UnitTest name="Validate_WhenConditionsIncludeAlways_ReturnsError" storage="d:\actions-runner\_work\xpco\xpco\corporate\videoos.management.server.unittests\bin\x64\debug\net472\videoos.management.server.unittests.dll" id="374fff4b-d00b-9682-9882-9b6516e42ca5">
      <Execution id="a1ab4286-4d16-4feb-864a-1eb87cb2c504" />
      <TestMethod codeBase="D:\actions-runner\_work\XPCO\XPCO\Corporate\VideoOS.Management.Server.UnitTests\bin\x64\Debug\net472\VideoOS.Management.Server.UnitTests.dll" adapterTypeName="executor://mstestadapter/v2" className="VideoOS.Management.Server.UnitTests.ConfigurationAPI.Rules.Backend.Validation.RecurringTimeValidatorTests" name="Validate_WhenConditionsIncludeAlways_ReturnsError" />
    </UnitTest>
    <UnitTest name="GetVmsUserByName_ThrowException_ThrowsGenericIdpException" storage="d:\actions-runner\_work\xpco\xpco\corporate\videoos.management.server.unittests\bin\x64\debug\net472\videoos.management.server.unittests.dll" id="a78783d1-b3ed-b402-1f4b-9e230c7bd35e">
      <Execution id="a6a35721-8d0c-4881-978e-67a1bccb44c6" />
      <TestMethod codeBase="D:\actions-runner\_work\XPCO\XPCO\Corporate\VideoOS.Management.Server.UnitTests\bin\x64\Debug\net472\VideoOS.Management.Server.UnitTests.dll" adapterTypeName="executor://mstestadapter/v2" className="VideoOS.Management.Server.UnitTests.DataComponents.Idp.UserIdpComponentTests" name="GetVmsUserByName_ThrowException_ThrowsGenericIdpException" />
    </UnitTest>
    <UnitTest name="SendCommandSecurityVisitor_UpdateSecurityManagerCommand_SecurityPermissionsDevice_Speaker_Edit_Allowed" storage="d:\actions-runner\_work\xpco\xpco\corporate\videoos.management.server.unittests\bin\x64\debug\net472\videoos.management.server.unittests.dll" id="8763c52b-eb66-e653-735c-a024d39e5cfa">
      <Execution id="0e581506-2802-4b65-9420-d2785af76ed8" />
      <TestMethod codeBase="D:\actions-runner\_work\XPCO\XPCO\Corporate\VideoOS.Management.Server.UnitTests\bin\x64\Debug\net472\VideoOS.Management.Server.UnitTests.dll" adapterTypeName="executor://mstestadapter/v2" className="VideoOS.Management.Server.UnitTests.SendCommandSecurityVisitorTests" name="SendCommandSecurityVisitor_UpdateSecurityManagerCommand_SecurityPermissionsDevice_Speaker_Edit_Allowed" />
    </UnitTest>
    <UnitTest name="Build_WithinTimeProfile_WhenTimeProfileIsFalse_TimeProfileIdIsNull_ReturnsNoConditions" storage="d:\actions-runner\_work\xpco\xpco\corporate\videoos.management.server.unittests\bin\x64\debug\net472\videoos.management.server.unittests.dll" id="973eb2b3-4d49-1050-ad8a-5287c1ddf2b2">
      <Execution id="5566ab0c-8587-40bc-97d0-3c283c76de45" />
      <TestMethod codeBase="D:\actions-runner\_work\XPCO\XPCO\Corporate\VideoOS.Management.Server.UnitTests\bin\x64\Debug\net472\VideoOS.Management.Server.UnitTests.dll" adapterTypeName="executor://mstestadapter/v2" className="VideoOS.Management.Server.UnitTests.ConfigurationAPI.Rules.Builders.RuleModelConditionsBuilderTests" name="Build_WithinTimeProfile_WhenTimeProfileIsFalse_TimeProfileIdIsNull_ReturnsNoConditions" />
    </UnitTest>
    <UnitTest name="ValidateItem_Properties_EmptyNameTest" storage="d:\actions-runner\_work\xpco\xpco\corporate\videoos.management.server.unittests\bin\x64\debug\net472\videoos.management.server.unittests.dll" id="3220b6eb-dff2-8e85-ba97-cff5e0b148b5">
      <Execution id="8df6caa2-2b22-4510-a751-afa33b673e57" />
      <TestMethod codeBase="D:\actions-runner\_work\XPCO\XPCO\Corporate\VideoOS.Management.Server.UnitTests\bin\x64\Debug\net472\VideoOS.Management.Server.UnitTests.dll" adapterTypeName="executor://mstestadapter/v2" className="VideoOS.Management.Server.UnitTests.ConfigurationAPI.BusinessObjects.AudioMessage.AudioMessageConfigurationApiTest" name="ValidateItem_Properties_EmptyNameTest" />
    </UnitTest>
    <UnitTest name="SidUtilityDecodeSidTest" storage="d:\actions-runner\_work\xpco\xpco\corporate\videoos.management.server.unittests\bin\x64\debug\net472\videoos.management.server.unittests.dll" id="505fd280-c132-4e2f-9b0c-9d198babeec9">
      <Execution id="6e1c714d-26f7-4215-b5ca-f9959c8cbbdd" />
      <TestMethod codeBase="D:\actions-runner\_work\XPCO\XPCO\Corporate\VideoOS.Management.Server.UnitTests\bin\x64\Debug\net472\VideoOS.Management.Server.UnitTests.dll" adapterTypeName="executor://mstestadapter/v2" className="VideoOS.Management.Server.UnitTests.Security.SidUtilsTest" name="SidUtilityDecodeSidTest" />
    </UnitTest>
    <UnitTest name="SendCommandSecurityVisitor_SetRecorderShutdownStateCommand_NotSupportedException" storage="d:\actions-runner\_work\xpco\xpco\corporate\videoos.management.server.unittests\bin\x64\debug\net472\videoos.management.server.unittests.dll" id="f334f919-54f3-fafc-250e-89199c631a9d">
      <Execution id="2179e712-a172-49b5-acd9-3edae74199d5" />
      <TestMethod codeBase="D:\actions-runner\_work\XPCO\XPCO\Corporate\VideoOS.Management.Server.UnitTests\bin\x64\Debug\net472\VideoOS.Management.Server.UnitTests.dll" adapterTypeName="executor://mstestadapter/v2" className="VideoOS.Management.Server.UnitTests.SendCommandSecurityVisitorTests" name="SendCommandSecurityVisitor_SetRecorderShutdownStateCommand_NotSupportedException" />
    </UnitTest>
    <UnitTest name="UpdateMotionDetectionValidation_Without_Permission_UnauthorizedAccessException_Expected" storage="d:\actions-runner\_work\xpco\xpco\corporate\videoos.management.server.unittests\bin\x64\debug\net472\videoos.management.server.unittests.dll" id="821ff500-42b1-3206-2fd8-4e28cf434cfa">
      <Execution id="81e498fa-ce44-41e6-9298-e63963878d26" />
      <TestMethod codeBase="D:\actions-runner\_work\XPCO\XPCO\Corporate\VideoOS.Management.Server.UnitTests\bin\x64\Debug\net472\VideoOS.Management.Server.UnitTests.dll" adapterTypeName="executor://mstestadapter/v2" className="VideoOS.Management.Server.UnitTests.BusinessObjects.DeviceMotionDetectionUnitTests" name="UpdateMotionDetectionValidation_Without_Permission_UnauthorizedAccessException_Expected" />
    </UnitTest>
    <UnitTest name="SendCommandSecurityVisitor_DatabaseOperationCommand_GetDiskUsageInformationDevicesPerStorage" storage="d:\actions-runner\_work\xpco\xpco\corporate\videoos.management.server.unittests\bin\x64\debug\net472\videoos.management.server.unittests.dll" id="1319db56-846d-073e-ce4f-386feff01bf0">
      <Execution id="f3c36e70-780d-4cf0-ae2b-7347ac71a03f" />
      <TestMethod codeBase="D:\actions-runner\_work\XPCO\XPCO\Corporate\VideoOS.Management.Server.UnitTests\bin\x64\Debug\net472\VideoOS.Management.Server.UnitTests.dll" adapterTypeName="executor://mstestadapter/v2" className="VideoOS.Management.Server.UnitTests.SendCommandSecurityVisitorTests" name="SendCommandSecurityVisitor_DatabaseOperationCommand_GetDiskUsageInformationDevicesPerStorage" />
    </UnitTest>
    <UnitTest name="ConfigurationItemPath_CreateSystemFolderPath_Succes" storage="d:\actions-runner\_work\xpco\xpco\corporate\videoos.management.server.unittests\bin\x64\debug\net472\videoos.management.server.unittests.dll" id="997b9825-864d-1485-7b1c-d9e7c4f6c7b8">
      <Execution id="41149a08-91b9-43f0-b8d2-e44d3387ba25" />
      <TestMethod codeBase="D:\actions-runner\_work\XPCO\XPCO\Corporate\VideoOS.Management.Server.UnitTests\bin\x64\Debug\net472\VideoOS.Management.Server.UnitTests.dll" adapterTypeName="executor://mstestadapter/v2" className="VideoOS.Management.Server.UnitTests.ConfigurationAPI.ConfigurationItemPathTests" name="ConfigurationItemPath_CreateSystemFolderPath_Succes" />
    </UnitTest>
    <UnitTest name="Validate_WhenParametersIsNull_Error" storage="d:\actions-runner\_work\xpco\xpco\corporate\videoos.management.server.unittests\bin\x64\debug\net472\videoos.management.server.unittests.dll" id="53d8aee8-4020-cbc0-8811-516c31f2e77f">
      <Execution id="a56dfa06-500f-43d0-bdea-72662efbba0e" />
      <TestMethod codeBase="D:\actions-runner\_work\XPCO\XPCO\Corporate\VideoOS.Management.Server.UnitTests\bin\x64\Debug\net472\VideoOS.Management.Server.UnitTests.dll" adapterTypeName="executor://mstestadapter/v2" className="VideoOS.Management.Server.UnitTests.ConfigurationAPI.Rules.Backend.Validation.RuleParametersValidatorTests" name="Validate_WhenParametersIsNull_Error" />
    </UnitTest>
    <UnitTest name="LookupChildArray_Succeeds_WhenChildItemTypeNotTaskFolderAndHasParameters" storage="d:\actions-runner\_work\xpco\xpco\corporate\videoos.management.server.unittests\bin\x64\debug\net472\videoos.management.server.unittests.dll" id="14d64f46-5826-0c36-ece4-f048e7d68db4">
      <Execution id="40ee1b82-b4e6-4e35-ad57-4e9ccab11331" />
      <TestMethod codeBase="D:\actions-runner\_work\XPCO\XPCO\Corporate\VideoOS.Management.Server.UnitTests\bin\x64\Debug\net472\VideoOS.Management.Server.UnitTests.dll" adapterTypeName="executor://mstestadapter/v2" className="VideoOS.Management.Server.UnitTests.RestApi.ConfigurationApiManagerTests" name="LookupChildArray_Succeeds_WhenChildItemTypeNotTaskFolderAndHasParameters" />
    </UnitTest>
    <UnitTest name="GetItemType_WhenObjectExists_ReturnsMipKind" storage="d:\actions-runner\_work\xpco\xpco\corporate\videoos.management.server.unittests\bin\x64\debug\net472\videoos.management.server.unittests.dll" id="4ee4ad11-7f8a-8ccb-8b13-4868bd90ca2d">
      <Execution id="50dfc304-ab7b-4ac8-aa11-248913aa7e6f" />
      <TestMethod codeBase="D:\actions-runner\_work\XPCO\XPCO\Corporate\VideoOS.Management.Server.UnitTests\bin\x64\Debug\net472\VideoOS.Management.Server.UnitTests.dll" adapterTypeName="executor://mstestadapter/v2" className="VideoOS.Management.Server.UnitTests.ConfigurationAPI.Rules.Backend.Validation.ValueValidators.PluginItemParameterValueValidatorTests" name="GetItemType_WhenObjectExists_ReturnsMipKind" />
    </UnitTest>
    <UnitTest name="InvokeMethod_NotLicensed" storage="d:\actions-runner\_work\xpco\xpco\corporate\videoos.management.server.unittests\bin\x64\debug\net472\videoos.management.server.unittests.dll" id="594bd556-b88d-6721-03d8-fbb4485b6fd1">
      <Execution id="9c4e5c3d-2ad9-41f7-8e38-9b680aa12ef9" />
      <TestMethod codeBase="D:\actions-runner\_work\XPCO\XPCO\Corporate\VideoOS.Management.Server.UnitTests\bin\x64\Debug\net472\VideoOS.Management.Server.UnitTests.dll" adapterTypeName="executor://mstestadapter/v2" className="VideoOS.Management.Server.UnitTests.ConfigurationAPI.BusinessObjects.SearchTemplate.SearchTemplateConfigurationApiTest" name="InvokeMethod_NotLicensed" />
    </UnitTest>
    <UnitTest name="Test_Hierarchy_Root_User_Not_Allowed_Write" storage="d:\actions-runner\_work\xpco\xpco\corporate\videoos.management.server.unittests\bin\x64\debug\net472\videoos.management.server.unittests.dll" id="dc32939c-da36-b922-f8ca-ac7b0edade9f">
      <Execution id="38822f8b-150d-480f-8e8d-14b8e2a097e4" />
      <TestMethod codeBase="D:\actions-runner\_work\XPCO\XPCO\Corporate\VideoOS.Management.Server.UnitTests\bin\x64\Debug\net472\VideoOS.Management.Server.UnitTests.dll" adapterTypeName="executor://mstestadapter/v2" className="VideoOS.Management.Server.UnitTests.PermissionTests" name="Test_Hierarchy_Root_User_Not_Allowed_Write" />
    </UnitTest>
    <UnitTest name="GetXml_WhenRuleIsEmptyStopRule_MatchesXml" storage="d:\actions-runner\_work\xpco\xpco\corporate\videoos.management.server.unittests\bin\x64\debug\net472\videoos.management.server.unittests.dll" id="eea38e22-529b-e63c-3e6e-c63b7bccbdbd">
      <Execution id="f2a594ec-9bc5-4015-a5b2-fbc17bdee613" />
      <TestMethod codeBase="D:\actions-runner\_work\XPCO\XPCO\Corporate\VideoOS.Management.Server.UnitTests\bin\x64\Debug\net472\VideoOS.Management.Server.UnitTests.dll" adapterTypeName="executor://mstestadapter/v2" className="VideoOS.Management.Server.UnitTests.ConfigurationAPI.Rules.Backend.Builders.RuleModelXmlBuilderTests" name="GetXml_WhenRuleIsEmptyStopRule_MatchesXml" />
    </UnitTest>
    <UnitTest name="DeviceMotionDetection_QueryMotionDetection_Without_Permission" storage="d:\actions-runner\_work\xpco\xpco\corporate\videoos.management.server.unittests\bin\x64\debug\net472\videoos.management.server.unittests.dll" id="7f4753a2-3cfb-c3c9-4493-2023646d9f47">
      <Execution id="c10b92b2-4fef-480b-8911-af01d71bcb63" />
      <TestMethod codeBase="D:\actions-runner\_work\XPCO\XPCO\Corporate\VideoOS.Management.Server.UnitTests\bin\x64\Debug\net472\VideoOS.Management.Server.UnitTests.dll" adapterTypeName="executor://mstestadapter/v2" className="VideoOS.Management.Server.UnitTests.BusinessObjects.DeviceMotionDetectionUnitTests" name="DeviceMotionDetection_QueryMotionDetection_Without_Permission" />
    </UnitTest>
    <UnitTest name="ConstructSqlSelect_SunnyDay_IntGreaterThan" storage="d:\actions-runner\_work\xpco\xpco\corporate\videoos.management.server.unittests\bin\x64\debug\net472\videoos.management.server.unittests.dll" id="248cf411-146c-be4a-3859-a7f1997be80d">
      <Execution id="6d328d05-e417-41f3-82d3-e7cac31eb026" />
      <TestMethod codeBase="D:\actions-runner\_work\XPCO\XPCO\Corporate\VideoOS.Management.Server.UnitTests\bin\x64\Debug\net472\VideoOS.Management.Server.UnitTests.dll" adapterTypeName="executor://mstestadapter/v2" className="VideoOS.Management.Server.UnitTests.ConfigurationAPI.Converters.SqlQueryFormatterTests" name="ConstructSqlSelect_SunnyDay_IntGreaterThan" />
    </UnitTest>
    <UnitTest name="Build_WhenSetRecordingFramerateActions_ReturnsProperties" storage="d:\actions-runner\_work\xpco\xpco\corporate\videoos.management.server.unittests\bin\x64\debug\net472\videoos.management.server.unittests.dll" id="e324b9f7-07aa-0586-ba34-2b1db04ba452">
      <Execution id="e699eecc-e304-46a3-a57b-a7554b3b2701" />
      <TestMethod codeBase="D:\actions-runner\_work\XPCO\XPCO\Corporate\VideoOS.Management.Server.UnitTests\bin\x64\Debug\net472\VideoOS.Management.Server.UnitTests.dll" adapterTypeName="executor://mstestadapter/v2" className="VideoOS.Management.Server.UnitTests.ConfigurationAPI.Rules.Builders.ConfigurationItemActionBuilderTests" name="Build_WhenSetRecordingFramerateActions_ReturnsProperties" />
    </UnitTest>
    <UnitTest name="IsComplete_WhenWithinTimeProfileWithTimeProfilePropertiesSet_ReturnsTrue" storage="d:\actions-runner\_work\xpco\xpco\corporate\videoos.management.server.unittests\bin\x64\debug\net472\videoos.management.server.unittests.dll" id="e7d87946-98fd-8bd0-4b99-6ffdde3ed969">
      <Execution id="039c7e2b-ffed-4ac5-a532-2df2ecc4c24a" />
      <TestMethod codeBase="D:\actions-runner\_work\XPCO\XPCO\Corporate\VideoOS.Management.Server.UnitTests\bin\x64\Debug\net472\VideoOS.Management.Server.UnitTests.dll" adapterTypeName="executor://mstestadapter/v2" className="VideoOS.Management.Server.UnitTests.ConfigurationAPI.Rules.Methods.StartConditionsStepTest" name="IsComplete_WhenWithinTimeProfileWithTimeProfilePropertiesSet_ReturnsTrue" />
    </UnitTest>
    <UnitTest name="SendCommandSecurityVisitor_VideoWallCommand_NotSupportedException" storage="d:\actions-runner\_work\xpco\xpco\corporate\videoos.management.server.unittests\bin\x64\debug\net472\videoos.management.server.unittests.dll" id="2c809197-86aa-a110-c820-2e3c118f1d8e">
      <Execution id="44dcf367-31ca-447b-89ff-d97d0b17ccba" />
      <TestMethod codeBase="D:\actions-runner\_work\XPCO\XPCO\Corporate\VideoOS.Management.Server.UnitTests\bin\x64\Debug\net472\VideoOS.Management.Server.UnitTests.dll" adapterTypeName="executor://mstestadapter/v2" className="VideoOS.Management.Server.UnitTests.SendCommandSecurityVisitorTests" name="SendCommandSecurityVisitor_VideoWallCommand_NotSupportedException" />
    </UnitTest>
    <UnitTest name="ConfigurationItemPath_Create_ItemPathInt32_Succes" storage="d:\actions-runner\_work\xpco\xpco\corporate\videoos.management.server.unittests\bin\x64\debug\net472\videoos.management.server.unittests.dll" id="40d305e9-c0c1-3e3f-e38d-9f3baa134ea7">
      <Execution id="b62ceed4-842f-40e5-adab-286313df6681" />
      <TestMethod codeBase="D:\actions-runner\_work\XPCO\XPCO\Corporate\VideoOS.Management.Server.UnitTests\bin\x64\Debug\net472\VideoOS.Management.Server.UnitTests.dll" adapterTypeName="executor://mstestadapter/v2" className="VideoOS.Management.Server.UnitTests.ConfigurationAPI.ConfigurationItemPathTests" name="ConfigurationItemPath_Create_ItemPathInt32_Succes" />
    </UnitTest>
    <UnitTest name="ServerProxyService_GetDeviceRecorderPlugin_NotAllowed_RowRemoved" storage="d:\actions-runner\_work\xpco\xpco\corporate\videoos.management.server.unittests\bin\x64\debug\net472\videoos.management.server.unittests.dll" id="89815dfd-d2a8-8abb-e666-ae09c8adddf3">
      <Execution id="a5c8f36a-f6d1-4212-bb0a-543154340fad" />
      <TestMethod codeBase="D:\actions-runner\_work\XPCO\XPCO\Corporate\VideoOS.Management.Server.UnitTests\bin\x64\Debug\net472\VideoOS.Management.Server.UnitTests.dll" adapterTypeName="executor://mstestadapter/v2" className="VideoOS.Management.Server.UnitTests.ServerProxyServiceUnitTests" name="ServerProxyService_GetDeviceRecorderPlugin_NotAllowed_RowRemoved" />
    </UnitTest>
    <UnitTest name="Get_Item_Exception_Status_Is_InProgress_Success" storage="d:\actions-runner\_work\xpco\xpco\corporate\videoos.management.server.unittests\bin\x64\debug\net472\videoos.management.server.unittests.dll" id="5372de7b-6677-ced6-c986-16a8b54cb865">
      <Execution id="24331e83-220d-4dc5-8912-978dea1e0039" />
      <TestMethod codeBase="D:\actions-runner\_work\XPCO\XPCO\Corporate\VideoOS.Management.Server.UnitTests\bin\x64\Debug\net472\VideoOS.Management.Server.UnitTests.dll" adapterTypeName="executor://mstestadapter/v2" className="VideoOS.Management.Server.UnitTests.ConfigurationAPI.TaskConfigurationApiTest" name="Get_Item_Exception_Status_Is_InProgress_Success" />
    </UnitTest>
    <UnitTest name="GetXml_WhenActionIsGotoPreset_MatchesXml" storage="d:\actions-runner\_work\xpco\xpco\corporate\videoos.management.server.unittests\bin\x64\debug\net472\videoos.management.server.unittests.dll" id="d4e8a9b6-1e16-737d-e09b-8113ff8ec8a7">
      <Execution id="f7164e3b-1c7f-4974-8e6b-ecc17672996e" />
      <TestMethod codeBase="D:\actions-runner\_work\XPCO\XPCO\Corporate\VideoOS.Management.Server.UnitTests\bin\x64\Debug\net472\VideoOS.Management.Server.UnitTests.dll" adapterTypeName="executor://mstestadapter/v2" className="VideoOS.Management.Server.UnitTests.ConfigurationAPI.Rules.Backend.Builders.ActionXmlBuilderTests" name="GetXml_WhenActionIsGotoPreset_MatchesXml" />
    </UnitTest>
    <UnitTest name="TimeProfile_WhenIncorrectGuidFormat_Error" storage="d:\actions-runner\_work\xpco\xpco\corporate\videoos.management.server.unittests\bin\x64\debug\net472\videoos.management.server.unittests.dll" id="b0c1053c-3197-870d-af50-31ef850cb2bf">
      <Execution id="9a79ddda-fa44-41b0-a764-d3f7489e39d5" />
      <TestMethod codeBase="D:\actions-runner\_work\XPCO\XPCO\Corporate\VideoOS.Management.Server.UnitTests\bin\x64\Debug\net472\VideoOS.Management.Server.UnitTests.dll" adapterTypeName="executor://mstestadapter/v2" className="VideoOS.Management.Server.UnitTests.ConfigurationAPI.Rules.Backend.Validation.ConditionOutsideTimeProfileValidatorTests" name="TimeProfile_WhenIncorrectGuidFormat_Error" />
    </UnitTest>
    <UnitTest name="Build_TimeBetween_WhenTrue_ParametersNotPresent_ThrowsException" storage="d:\actions-runner\_work\xpco\xpco\corporate\videoos.management.server.unittests\bin\x64\debug\net472\videoos.management.server.unittests.dll" id="1c58fd85-1a82-f5ac-c5b4-bea196b0b298">
      <Execution id="27e8d36e-6dda-46d1-a44a-0674aae4f660" />
      <TestMethod codeBase="D:\actions-runner\_work\XPCO\XPCO\Corporate\VideoOS.Management.Server.UnitTests\bin\x64\Debug\net472\VideoOS.Management.Server.UnitTests.dll" adapterTypeName="executor://mstestadapter/v2" className="VideoOS.Management.Server.UnitTests.ConfigurationAPI.Rules.Builders.RuleModelConditionsBuilderTests" name="Build_TimeBetween_WhenTrue_ParametersNotPresent_ThrowsException" />
    </UnitTest>
    <UnitTest name="Build_WhenRulePartIsNull_ThrowsException" storage="d:\actions-runner\_work\xpco\xpco\corporate\videoos.management.server.unittests\bin\x64\debug\net472\videoos.management.server.unittests.dll" id="507350b9-c41f-25db-d6f9-3d3af3c9c03c">
      <Execution id="18b7a0ad-06b9-4402-83f7-41e5b4b7f685" />
      <TestMethod codeBase="D:\actions-runner\_work\XPCO\XPCO\Corporate\VideoOS.Management.Server.UnitTests\bin\x64\Debug\net472\VideoOS.Management.Server.UnitTests.dll" adapterTypeName="executor://mstestadapter/v2" className="VideoOS.Management.Server.UnitTests.ConfigurationAPI.Rules.Builders.ConfigurationItemBuilderTests" name="Build_WhenRulePartIsNull_ThrowsException" />
    </UnitTest>
    <UnitTest name="GetCurrentProperties_WhenFailoverActiveIsSetAndAlwaysHasNullValue_ReturnsProperties" storage="d:\actions-runner\_work\xpco\xpco\corporate\videoos.management.server.unittests\bin\x64\debug\net472\videoos.management.server.unittests.dll" id="3503ac6f-3458-19ba-d300-ea6e407a68c8">
      <Execution id="3e0f6887-45bf-483f-b719-eea88762b553" />
      <TestMethod codeBase="D:\actions-runner\_work\XPCO\XPCO\Corporate\VideoOS.Management.Server.UnitTests\bin\x64\Debug\net472\VideoOS.Management.Server.UnitTests.dll" adapterTypeName="executor://mstestadapter/v2" className="VideoOS.Management.Server.UnitTests.ConfigurationAPI.Rules.Methods.StartConditionsStepTest" name="GetCurrentProperties_WhenFailoverActiveIsSetAndAlwaysHasNullValue_ReturnsProperties" />
    </UnitTest>
    <UnitTest name="SendCommandSecurityVisitor_UpdateConfigurationManagerCommand_Recorder_Edit_Allowed" storage="d:\actions-runner\_work\xpco\xpco\corporate\videoos.management.server.unittests\bin\x64\debug\net472\videoos.management.server.unittests.dll" id="2ad33f64-7c01-2858-24e6-5c18b7ef2b18">
      <Execution id="58892f5a-0ab3-41aa-8062-8c957d5af98c" />
      <TestMethod codeBase="D:\actions-runner\_work\XPCO\XPCO\Corporate\VideoOS.Management.Server.UnitTests\bin\x64\Debug\net472\VideoOS.Management.Server.UnitTests.dll" adapterTypeName="executor://mstestadapter/v2" className="VideoOS.Management.Server.UnitTests.SendCommandSecurityVisitorTests" name="SendCommandSecurityVisitor_UpdateConfigurationManagerCommand_Recorder_Edit_Allowed" />
    </UnitTest>
    <UnitTest name="GetItemType_WhenObjectExists_ReturnsCorrectItemType" storage="d:\actions-runner\_work\xpco\xpco\corporate\videoos.management.server.unittests\bin\x64\debug\net472\videoos.management.server.unittests.dll" id="d16106bc-94f0-9bb1-00c8-a3cf1e572943">
      <Execution id="c35dc793-3d71-4742-9cf5-3665c1881230" />
      <TestMethod codeBase="D:\actions-runner\_work\XPCO\XPCO\Corporate\VideoOS.Management.Server.UnitTests\bin\x64\Debug\net472\VideoOS.Management.Server.UnitTests.dll" adapterTypeName="executor://mstestadapter/v2" className="VideoOS.Management.Server.UnitTests.ConfigurationAPI.Rules.Backend.Validation.ArchiveParameterValueValidatorTests" name="GetItemType_WhenObjectExists_ReturnsCorrectItemType" />
    </UnitTest>
    <UnitTest name="IsComplete_WhenNoStopActionsProperty_ReturnsFalse" storage="d:\actions-runner\_work\xpco\xpco\corporate\videoos.management.server.unittests\bin\x64\debug\net472\videoos.management.server.unittests.dll" id="2af7e832-d3e6-38a4-8882-f1360ef7cc01">
      <Execution id="8c1717f8-d5c0-4ae3-98c0-531a0d3faa39" />
      <TestMethod codeBase="D:\actions-runner\_work\XPCO\XPCO\Corporate\VideoOS.Management.Server.UnitTests\bin\x64\Debug\net472\VideoOS.Management.Server.UnitTests.dll" adapterTypeName="executor://mstestadapter/v2" className="VideoOS.Management.Server.UnitTests.ConfigurationAPI.Rules.Methods.StopActionsStepTests" name="IsComplete_WhenNoStopActionsProperty_ReturnsFalse" />
    </UnitTest>
    <UnitTest name="GetXml_WhenMultipleStartAndStopActions_MatchesXml" storage="d:\actions-runner\_work\xpco\xpco\corporate\videoos.management.server.unittests\bin\x64\debug\net472\videoos.management.server.unittests.dll" id="8de6d97d-bb98-de03-7459-f03577eb7e19">
      <Execution id="058fe3e0-bf91-4e31-8feb-80c6fdb46f2e" />
      <TestMethod codeBase="D:\actions-runner\_work\XPCO\XPCO\Corporate\VideoOS.Management.Server.UnitTests\bin\x64\Debug\net472\VideoOS.Management.Server.UnitTests.dll" adapterTypeName="executor://mstestadapter/v2" className="VideoOS.Management.Server.UnitTests.ConfigurationAPI.Rules.Backend.Builders.ActionXmlBuilderTests" name="GetXml_WhenMultipleStartAndStopActions_MatchesXml" />
    </UnitTest>
    <UnitTest name="CreateSearchTemplateFind_Public_NotAllowed" storage="d:\actions-runner\_work\xpco\xpco\corporate\videoos.management.server.unittests\bin\x64\debug\net472\videoos.management.server.unittests.dll" id="7451ae01-9849-fe3e-65b7-1460822f019e">
      <Execution id="33e2b381-e367-4d6e-bcca-d36110016cbc" />
      <TestMethod codeBase="D:\actions-runner\_work\XPCO\XPCO\Corporate\VideoOS.Management.Server.UnitTests\bin\x64\Debug\net472\VideoOS.Management.Server.UnitTests.dll" adapterTypeName="executor://mstestadapter/v2" className="VideoOS.Management.Server.UnitTests.BusinessObjects.ManagementServer.SearchTemplate.SearchTemplateFindTests" name="CreateSearchTemplateFind_Public_NotAllowed" />
    </UnitTest>
    <UnitTest name="TestRootReadNotAllowed" storage="d:\actions-runner\_work\xpco\xpco\corporate\videoos.management.server.unittests\bin\x64\debug\net472\videoos.management.server.unittests.dll" id="14a9bde5-24ae-51be-9989-00ec8ddc2a28">
      <Execution id="35d9de33-ebcd-4094-9289-cbaf3b1f5113" />
      <TestMethod codeBase="D:\actions-runner\_work\XPCO\XPCO\Corporate\VideoOS.Management.Server.UnitTests\bin\x64\Debug\net472\VideoOS.Management.Server.UnitTests.dll" adapterTypeName="executor://mstestadapter/v2" className="VideoOS.Management.Server.UnitTests.PermissionTests" name="TestRootReadNotAllowed" />
    </UnitTest>
    <UnitTest name="Validate_WhenValueTypeEmptyIntAndItIsNotAllowed_Error" storage="d:\actions-runner\_work\xpco\xpco\corporate\videoos.management.server.unittests\bin\x64\debug\net472\videoos.management.server.unittests.dll" id="38bd37a3-404a-5efa-b165-6dddb6081bcc">
      <Execution id="84705cc1-2384-4599-97c8-6203427c02a4" />
      <TestMethod codeBase="D:\actions-runner\_work\XPCO\XPCO\Corporate\VideoOS.Management.Server.UnitTests\bin\x64\Debug\net472\VideoOS.Management.Server.UnitTests.dll" adapterTypeName="executor://mstestadapter/v2" className="VideoOS.Management.Server.UnitTests.ConfigurationAPI.Rules.Backend.Validation.RuleParametersValidatorTests" name="Validate_WhenValueTypeEmptyIntAndItIsNotAllowed_Error" />
    </UnitTest>
    <UnitTest name="Build_WhenActionIsSetRecordingFramerate_ReturnsRuleModel" storage="d:\actions-runner\_work\xpco\xpco\corporate\videoos.management.server.unittests\bin\x64\debug\net472\videoos.management.server.unittests.dll" id="65acf963-c945-ddbd-15da-ae0c8070463f">
      <Execution id="cb87a459-2a66-4333-88a9-950fc39fc4aa" />
      <TestMethod codeBase="D:\actions-runner\_work\XPCO\XPCO\Corporate\VideoOS.Management.Server.UnitTests\bin\x64\Debug\net472\VideoOS.Management.Server.UnitTests.dll" adapterTypeName="executor://mstestadapter/v2" className="VideoOS.Management.Server.UnitTests.ConfigurationAPI.Rules.Backend.Builders.XmlRuleModelBuilderTests" name="Build_WhenActionIsSetRecordingFramerate_ReturnsRuleModel" />
    </UnitTest>
    <UnitTest name="IsComplete_WhenStopActionHasValue_ParametersSetWithRequiredValues_ReturnsTrue" storage="d:\actions-runner\_work\xpco\xpco\corporate\videoos.management.server.unittests\bin\x64\debug\net472\videoos.management.server.unittests.dll" id="bc9110d2-bbf0-0d05-1ed8-7bdf136caa75">
      <Execution id="9747fe51-c15c-4c01-82d3-608cad24bd4f" />
      <TestMethod codeBase="D:\actions-runner\_work\XPCO\XPCO\Corporate\VideoOS.Management.Server.UnitTests\bin\x64\Debug\net472\VideoOS.Management.Server.UnitTests.dll" adapterTypeName="executor://mstestadapter/v2" className="VideoOS.Management.Server.UnitTests.ConfigurationAPI.Rules.Methods.StopActionsStepTests" name="IsComplete_WhenStopActionHasValue_ParametersSetWithRequiredValues_ReturnsTrue" />
    </UnitTest>
    <UnitTest name="Validate_WhenEventRuleStopRuleHasTimerType_Passes" storage="d:\actions-runner\_work\xpco\xpco\corporate\videoos.management.server.unittests\bin\x64\debug\net472\videoos.management.server.unittests.dll" id="31296b92-fdf5-366d-7c24-038c83cecd2a">
      <Execution id="d6778537-9006-4bfe-b357-c48e968539a2" />
      <TestMethod codeBase="D:\actions-runner\_work\XPCO\XPCO\Corporate\VideoOS.Management.Server.UnitTests\bin\x64\Debug\net472\VideoOS.Management.Server.UnitTests.dll" adapterTypeName="executor://mstestadapter/v2" className="VideoOS.Management.Server.UnitTests.ConfigurationAPI.Rules.Backend.Validation.ValidatorIntegrationTests" name="Validate_WhenEventRuleStopRuleHasTimerType_Passes" />
    </UnitTest>
    <UnitTest name="InvokeMethod_AddSearchTemplateCreateInfo" storage="d:\actions-runner\_work\xpco\xpco\corporate\videoos.management.server.unittests\bin\x64\debug\net472\videoos.management.server.unittests.dll" id="147577f6-5119-aede-754f-9f87efda1bda">
      <Execution id="34caa7e2-fdfc-46bc-b9ac-91bc28b65880" />
      <TestMethod codeBase="D:\actions-runner\_work\XPCO\XPCO\Corporate\VideoOS.Management.Server.UnitTests\bin\x64\Debug\net472\VideoOS.Management.Server.UnitTests.dll" adapterTypeName="executor://mstestadapter/v2" className="VideoOS.Management.Server.UnitTests.ConfigurationAPI.BusinessObjects.SearchTemplate.SearchTemplateConfigurationApiTest" name="InvokeMethod_AddSearchTemplateCreateInfo" />
    </UnitTest>
    <UnitTest name="FindClosestNode_Two_Childs_In_List_Node_Exists_Test" storage="d:\actions-runner\_work\xpco\xpco\corporate\videoos.management.server.unittests\bin\x64\debug\net472\videoos.management.server.unittests.dll" id="ea7a56c5-1599-a097-a6d9-2be5e1e89520">
      <Execution id="df1d16cc-d001-4c45-bdd1-0444145c6e54" />
      <TestMethod codeBase="D:\actions-runner\_work\XPCO\XPCO\Corporate\VideoOS.Management.Server.UnitTests\bin\x64\Debug\net472\VideoOS.Management.Server.UnitTests.dll" adapterTypeName="executor://mstestadapter/v2" className="VideoOS.Management.Server.UnitTests.NodeFindingTests" name="FindClosestNode_Two_Childs_In_List_Node_Exists_Test" />
    </UnitTest>
    <UnitTest name="GetXml_WhenStartSetRecordingFramerate_MatchesXml" storage="d:\actions-runner\_work\xpco\xpco\corporate\videoos.management.server.unittests\bin\x64\debug\net472\videoos.management.server.unittests.dll" id="47d2e24d-64f6-f277-1890-6a7630122c52">
      <Execution id="2647102a-918d-4ee3-b196-178a4934567e" />
      <TestMethod codeBase="D:\actions-runner\_work\XPCO\XPCO\Corporate\VideoOS.Management.Server.UnitTests\bin\x64\Debug\net472\VideoOS.Management.Server.UnitTests.dll" adapterTypeName="executor://mstestadapter/v2" className="VideoOS.Management.Server.UnitTests.ConfigurationAPI.Rules.Backend.Builders.ActionXmlBuilderTests" name="GetXml_WhenStartSetRecordingFramerate_MatchesXml" />
    </UnitTest>
    <UnitTest name="GetNextProperties_WhenStartRuleIsRecurringTime_ReturnsEnumWithNoneValue" storage="d:\actions-runner\_work\xpco\xpco\corporate\videoos.management.server.unittests\bin\x64\debug\net472\videoos.management.server.unittests.dll" id="c2ff30c8-a8d7-3559-cc42-cc41f2ba44ca">
      <Execution id="4ec825ea-7015-4873-8767-40ea96ada6cd" />
      <TestMethod codeBase="D:\actions-runner\_work\XPCO\XPCO\Corporate\VideoOS.Management.Server.UnitTests\bin\x64\Debug\net472\VideoOS.Management.Server.UnitTests.dll" adapterTypeName="executor://mstestadapter/v2" className="VideoOS.Management.Server.UnitTests.ConfigurationAPI.Rules.Methods.StopRuleTypeStepTests" name="GetNextProperties_WhenStartRuleIsRecurringTime_ReturnsEnumWithNoneValue" />
    </UnitTest>
    <UnitTest name="ValidateItem_SunnyDayTest" storage="d:\actions-runner\_work\xpco\xpco\corporate\videoos.management.server.unittests\bin\x64\debug\net472\videoos.management.server.unittests.dll" id="4d2eb348-f4fd-dff1-41b1-d9c5aadfde36">
      <Execution id="e7f846db-a7b5-4bb4-b6ff-1f2a897d79e0" />
      <TestMethod codeBase="D:\actions-runner\_work\XPCO\XPCO\Corporate\VideoOS.Management.Server.UnitTests\bin\x64\Debug\net472\VideoOS.Management.Server.UnitTests.dll" adapterTypeName="executor://mstestadapter/v2" className="VideoOS.Management.Server.UnitTests.ConfigurationAPI.BusinessObjects.CustomProperties.CustomPropertiesConfigurationApiTest" name="ValidateItem_SunnyDayTest" />
    </UnitTest>
    <UnitTest name="RoleMappingAddToRoleAdmin" storage="d:\actions-runner\_work\xpco\xpco\corporate\videoos.management.server.unittests\bin\x64\debug\net472\videoos.management.server.unittests.dll" id="3aa98141-cb08-31d2-6c99-b615d30cbd08">
      <Execution id="a115cfa7-1bf9-4ff8-89e4-99e6697a632f" />
      <TestMethod codeBase="D:\actions-runner\_work\XPCO\XPCO\Corporate\VideoOS.Management.Server.UnitTests\bin\x64\Debug\net472\VideoOS.Management.Server.UnitTests.dll" adapterTypeName="executor://mstestadapter/v2" className="VideoOS.Management.Server.UnitTests.ClaimToRoleMapperTest" name="RoleMappingAddToRoleAdmin" />
    </UnitTest>
    <UnitTest name="Build_WhenStopRuleTypeIsTimer_DelayIsSet" storage="d:\actions-runner\_work\xpco\xpco\corporate\videoos.management.server.unittests\bin\x64\debug\net472\videoos.management.server.unittests.dll" id="dd84cd82-3c99-5283-b5aa-9b13bc341c78">
      <Execution id="d8e8f3ea-acf6-475a-9759-786218d6d635" />
      <TestMethod codeBase="D:\actions-runner\_work\XPCO\XPCO\Corporate\VideoOS.Management.Server.UnitTests\bin\x64\Debug\net472\VideoOS.Management.Server.UnitTests.dll" adapterTypeName="executor://mstestadapter/v2" className="VideoOS.Management.Server.UnitTests.ConfigurationAPI.Rules.Builders.RuleModelBuilderTests" name="Build_WhenStopRuleTypeIsTimer_DelayIsSet" />
    </UnitTest>
    <UnitTest name="IsComplete_WhenRecurring_DailyOnce_ReturnsTrue" storage="d:\actions-runner\_work\xpco\xpco\corporate\videoos.management.server.unittests\bin\x64\debug\net472\videoos.management.server.unittests.dll" id="91768d3c-1b6e-ca6e-dbb0-be203a1e1f25">
      <Execution id="f12ef666-a82e-4297-84a3-fc7b4730fa7e" />
      <TestMethod codeBase="D:\actions-runner\_work\XPCO\XPCO\Corporate\VideoOS.Management.Server.UnitTests\bin\x64\Debug\net472\VideoOS.Management.Server.UnitTests.dll" adapterTypeName="executor://mstestadapter/v2" className="VideoOS.Management.Server.UnitTests.ConfigurationAPI.Rules.Methods.StartRuleTypeStepTests" name="IsComplete_WhenRecurring_DailyOnce_ReturnsTrue" />
    </UnitTest>
    <UnitTest name="Given_ApiGateWayUri_When_QueryingTheWellKnownUris_Then_ResponseContainsApiGatewayUri" storage="d:\actions-runner\_work\xpco\xpco\corporate\videoos.management.server.unittests\bin\x64\debug\net472\videoos.management.server.unittests.dll" id="536c9430-112e-e7f1-65f6-870e98fb9975">
      <Execution id="079b0229-bf87-467a-b460-b47ebae832ed" />
      <TestMethod codeBase="D:\actions-runner\_work\XPCO\XPCO\Corporate\VideoOS.Management.Server.UnitTests\bin\x64\Debug\net472\VideoOS.Management.Server.UnitTests.dll" adapterTypeName="executor://mstestadapter/v2" className="VideoOS.Management.Server.UnitTests.RestApi.WellKnownUrisControllerTest" name="Given_ApiGateWayUri_When_QueryingTheWellKnownUris_Then_ResponseContainsApiGatewayUri" />
    </UnitTest>
    <UnitTest name="ConfigurationItemPath_CreateItemPath_IdNull_ArgumentNullException" storage="d:\actions-runner\_work\xpco\xpco\corporate\videoos.management.server.unittests\bin\x64\debug\net472\videoos.management.server.unittests.dll" id="6c429726-2231-464a-0002-bcc16d50e6d6">
      <Execution id="039fe6eb-0a25-4100-b859-78292c6c6473" />
      <TestMethod codeBase="D:\actions-runner\_work\XPCO\XPCO\Corporate\VideoOS.Management.Server.UnitTests\bin\x64\Debug\net472\VideoOS.Management.Server.UnitTests.dll" adapterTypeName="executor://mstestadapter/v2" className="VideoOS.Management.Server.UnitTests.ConfigurationAPI.ConfigurationItemPathTests" name="ConfigurationItemPath_CreateItemPath_IdNull_ArgumentNullException" />
    </UnitTest>
    <UnitTest name="Delete_SystemPath" storage="d:\actions-runner\_work\xpco\xpco\corporate\videoos.management.server.unittests\bin\x64\debug\net472\videoos.management.server.unittests.dll" id="6fa801ac-e9c9-ed30-cde3-7b19b693d053">
      <Execution id="b550a321-d1fc-4269-b9db-857c13a5da8a" />
      <TestMethod codeBase="D:\actions-runner\_work\XPCO\XPCO\Corporate\VideoOS.Management.Server.UnitTests\bin\x64\Debug\net472\VideoOS.Management.Server.UnitTests.dll" adapterTypeName="executor://mstestadapter/v2" className="VideoOS.Management.Server.UnitTests.RestApi.ConfigurationApiSubControllerTests" name="Delete_SystemPath" />
    </UnitTest>
    <UnitTest name="Validation_ValidateDouble_Max_Plus_Epsilon_ArgumentException" storage="d:\actions-runner\_work\xpco\xpco\corporate\videoos.management.server.unittests\bin\x64\debug\net472\videoos.management.server.unittests.dll" id="da647833-94bb-4e21-11b4-1f8a7399c6fa">
      <Execution id="a32ba83f-6ff3-4097-a32e-43232b1bc9bf" />
      <TestMethod codeBase="D:\actions-runner\_work\XPCO\XPCO\Corporate\VideoOS.Management.Server.UnitTests\bin\x64\Debug\net472\VideoOS.Management.Server.UnitTests.dll" adapterTypeName="executor://mstestadapter/v2" className="VideoOS.Management.Server.UnitTests.ValidationUnitTests" name="Validation_ValidateDouble_Max_Plus_Epsilon_ArgumentException" />
    </UnitTest>
    <UnitTest name="ConfigurationItemPath_CreateSystemFolderPath_NonFolder_CreateConfigurationItemPathException" storage="d:\actions-runner\_work\xpco\xpco\corporate\videoos.management.server.unittests\bin\x64\debug\net472\videoos.management.server.unittests.dll" id="4c4bc668-fcd6-a98d-ee1a-48a07f07d098">
      <Execution id="86129a40-b809-4652-b9a6-159a72267d83" />
      <TestMethod codeBase="D:\actions-runner\_work\XPCO\XPCO\Corporate\VideoOS.Management.Server.UnitTests\bin\x64\Debug\net472\VideoOS.Management.Server.UnitTests.dll" adapterTypeName="executor://mstestadapter/v2" className="VideoOS.Management.Server.UnitTests.ConfigurationAPI.ConfigurationItemPathTests" name="ConfigurationItemPath_CreateSystemFolderPath_NonFolder_CreateConfigurationItemPathException" />
    </UnitTest>
    <UnitTest name="Validation_CheckVersionString_NonVersion_Strings_Throws" storage="d:\actions-runner\_work\xpco\xpco\corporate\videoos.management.server.unittests\bin\x64\debug\net472\videoos.management.server.unittests.dll" id="3fdc033b-948c-1547-a165-1b1e0ccd1ff6">
      <Execution id="2d058e5a-be27-4433-a4dc-230b990c5a99" />
      <TestMethod codeBase="D:\actions-runner\_work\XPCO\XPCO\Corporate\VideoOS.Management.Server.UnitTests\bin\x64\Debug\net472\VideoOS.Management.Server.UnitTests.dll" adapterTypeName="executor://mstestadapter/v2" className="VideoOS.Management.Server.UnitTests.ValidationUnitTests" name="Validation_CheckVersionString_NonVersion_Strings_Throws" />
    </UnitTest>
    <UnitTest name="TryGetPropertyValueIfValid_WhenPropertyExistsAndValueAllowed_ReturnsTrue" storage="d:\actions-runner\_work\xpco\xpco\corporate\videoos.management.server.unittests\bin\x64\debug\net472\videoos.management.server.unittests.dll" id="e0e2631f-d02f-1e38-d525-55b907a53348">
      <Execution id="7658d9f4-e9ba-422b-ab84-9dd60933dbf5" />
      <TestMethod codeBase="D:\actions-runner\_work\XPCO\XPCO\Corporate\VideoOS.Management.Server.UnitTests\bin\x64\Debug\net472\VideoOS.Management.Server.UnitTests.dll" adapterTypeName="executor://mstestadapter/v2" className="VideoOS.Management.Server.UnitTests.ConfigurationAPI.Rules.ConfigurationItemExtensionsTests" name="TryGetPropertyValueIfValid_WhenPropertyExistsAndValueAllowed_ReturnsTrue" />
    </UnitTest>
    <UnitTest name="Build_RecordAlwaysWhenDeviceIdIsMultiple_PropertiesAdded" storage="d:\actions-runner\_work\xpco\xpco\corporate\videoos.management.server.unittests\bin\x64\debug\net472\videoos.management.server.unittests.dll" id="4a3a3228-e024-a543-cda9-534e6716bb13">
      <Execution id="fd9c72a6-cb8d-4314-b6c5-751822858842" />
      <TestMethod codeBase="D:\actions-runner\_work\XPCO\XPCO\Corporate\VideoOS.Management.Server.UnitTests\bin\x64\Debug\net472\VideoOS.Management.Server.UnitTests.dll" adapterTypeName="executor://mstestadapter/v2" className="VideoOS.Management.Server.UnitTests.ConfigurationAPI.Rules.Builders.ConfigurationItemBuilderTests" name="Build_RecordAlwaysWhenDeviceIdIsMultiple_PropertiesAdded" />
    </UnitTest>
    <UnitTest name="IsComplete_WhenWithinTimeProfileWithNoTimeProfilePropertiesSet_ReturnsFalse" storage="d:\actions-runner\_work\xpco\xpco\corporate\videoos.management.server.unittests\bin\x64\debug\net472\videoos.management.server.unittests.dll" id="7b7af75e-b532-acb9-810d-3cc036bfca6b">
      <Execution id="3a2755fd-6605-4074-858b-4cfa1b533fc4" />
      <TestMethod codeBase="D:\actions-runner\_work\XPCO\XPCO\Corporate\VideoOS.Management.Server.UnitTests\bin\x64\Debug\net472\VideoOS.Management.Server.UnitTests.dll" adapterTypeName="executor://mstestadapter/v2" className="VideoOS.Management.Server.UnitTests.ConfigurationAPI.Rules.Methods.StartConditionsStepTest" name="IsComplete_WhenWithinTimeProfileWithNoTimeProfilePropertiesSet_ReturnsFalse" />
    </UnitTest>
    <UnitTest name="GetChildItems_ParamNullCheck_Path" storage="d:\actions-runner\_work\xpco\xpco\corporate\videoos.management.server.unittests\bin\x64\debug\net472\videoos.management.server.unittests.dll" id="c66e0834-bb72-fa7b-00cf-3770f1cb3d07">
      <Execution id="58dee3ad-389b-4201-9be1-05bd2731591a" />
      <TestMethod codeBase="D:\actions-runner\_work\XPCO\XPCO\Corporate\VideoOS.Management.Server.UnitTests\bin\x64\Debug\net472\VideoOS.Management.Server.UnitTests.dll" adapterTypeName="executor://mstestadapter/v2" className="VideoOS.Management.Server.UnitTests.ConfigurationAPI.BusinessObjects.SearchTemplate.SearchTemplateConfigurationApiTest" name="GetChildItems_ParamNullCheck_Path" />
    </UnitTest>
    <UnitTest name="SetItem_ParamNullCheck_RequestContextTest" storage="d:\actions-runner\_work\xpco\xpco\corporate\videoos.management.server.unittests\bin\x64\debug\net472\videoos.management.server.unittests.dll" id="f6367689-2b66-380b-f31c-74d41244d6d4">
      <Execution id="52aa2ffd-b6e2-454c-8593-7bf13027c7ed" />
      <TestMethod codeBase="D:\actions-runner\_work\XPCO\XPCO\Corporate\VideoOS.Management.Server.UnitTests\bin\x64\Debug\net472\VideoOS.Management.Server.UnitTests.dll" adapterTypeName="executor://mstestadapter/v2" className="VideoOS.Management.Server.UnitTests.ConfigurationAPI.BusinessObjects.AudioMessage.AudioMessageConfigurationApiTest" name="SetItem_ParamNullCheck_RequestContextTest" />
    </UnitTest>
    <UnitTest name="InvokeMethod_ParamCheck_MethodIdNotOnConfigTest" storage="d:\actions-runner\_work\xpco\xpco\corporate\videoos.management.server.unittests\bin\x64\debug\net472\videoos.management.server.unittests.dll" id="cc6ba929-9fd9-f920-cb2e-283dcbb5ee01">
      <Execution id="3d08ccde-092b-489f-aaa3-477da097953e" />
      <TestMethod codeBase="D:\actions-runner\_work\XPCO\XPCO\Corporate\VideoOS.Management.Server.UnitTests\bin\x64\Debug\net472\VideoOS.Management.Server.UnitTests.dll" adapterTypeName="executor://mstestadapter/v2" className="VideoOS.Management.Server.UnitTests.ConfigurationAPI.BusinessObjects.AudioMessage.AudioMessageConfigurationApiTest" name="InvokeMethod_ParamCheck_MethodIdNotOnConfigTest" />
    </UnitTest>
    <UnitTest name="ClientVersionHandling_CheckSmartClientVersion_OldClient" storage="d:\actions-runner\_work\xpco\xpco\corporate\videoos.management.server.unittests\bin\x64\debug\net472\videoos.management.server.unittests.dll" id="1c18b609-74a3-5c5d-78f3-71ecd6ed200d">
      <Execution id="84184a32-8b7f-4541-8bc4-6747a0994a27" />
      <TestMethod codeBase="D:\actions-runner\_work\XPCO\XPCO\Corporate\VideoOS.Management.Server.UnitTests\bin\x64\Debug\net472\VideoOS.Management.Server.UnitTests.dll" adapterTypeName="executor://mstestadapter/v2" className="VideoOS.Management.Server.UnitTests.ClientVersionHandlingTest" name="ClientVersionHandling_CheckSmartClientVersion_OldClient" />
    </UnitTest>
    <UnitTest name="GetItem_ParamNullCheck_PathTest" storage="d:\actions-runner\_work\xpco\xpco\corporate\videoos.management.server.unittests\bin\x64\debug\net472\videoos.management.server.unittests.dll" id="7c87ce97-3006-8df4-6255-06a7cd2934b4">
      <Execution id="b1f53433-ae3d-4b0c-9ba0-45606e4f8e08" />
      <TestMethod codeBase="D:\actions-runner\_work\XPCO\XPCO\Corporate\VideoOS.Management.Server.UnitTests\bin\x64\Debug\net472\VideoOS.Management.Server.UnitTests.dll" adapterTypeName="executor://mstestadapter/v2" className="VideoOS.Management.Server.UnitTests.ConfigurationAPI.BusinessObjects.SiteConfigurationApiTest" name="GetItem_ParamNullCheck_PathTest" />
    </UnitTest>
    <UnitTest name="SendCommandSecurityVisitor_BackupConfigCommand_NotAllowed" storage="d:\actions-runner\_work\xpco\xpco\corporate\videoos.management.server.unittests\bin\x64\debug\net472\videoos.management.server.unittests.dll" id="530d8dd5-213e-3a27-1656-d946ce75640c">
      <Execution id="9b3ba4e4-192a-4249-9251-d3635a0d2f4e" />
      <TestMethod codeBase="D:\actions-runner\_work\XPCO\XPCO\Corporate\VideoOS.Management.Server.UnitTests\bin\x64\Debug\net472\VideoOS.Management.Server.UnitTests.dll" adapterTypeName="executor://mstestadapter/v2" className="VideoOS.Management.Server.UnitTests.SendCommandSecurityVisitorTests" name="SendCommandSecurityVisitor_BackupConfigCommand_NotAllowed" />
    </UnitTest>
    <UnitTest name="LinearRegressionSuccess" storage="d:\actions-runner\_work\xpco\xpco\corporate\videoos.management.server.unittests\bin\x64\debug\net472\videoos.management.server.unittests.dll" id="729c4401-c436-3c0b-dc84-3ffe8fdcf92b">
      <Execution id="ffd500f6-7159-41f4-aa9d-934c73da2fb6" />
      <TestMethod codeBase="D:\actions-runner\_work\XPCO\XPCO\Corporate\VideoOS.Management.Server.UnitTests\bin\x64\Debug\net472\VideoOS.Management.Server.UnitTests.dll" adapterTypeName="executor://mstestadapter/v2" className="VideoOS.Management.Server.UnitTests.BusinessObjects.RetentionTimeForecastTest" name="LinearRegressionSuccess" />
    </UnitTest>
    <UnitTest name="Post_InvokeMethod_ValidTaskOnConfigurationItem_ConfigApiResourceUsed_ItemTypeHardware" storage="d:\actions-runner\_work\xpco\xpco\corporate\videoos.management.server.unittests\bin\x64\debug\net472\videoos.management.server.unittests.dll" id="9db90fe8-9b98-4698-7925-4b98c4a17b3c">
      <Execution id="9d956819-15ee-4199-876e-dd817e843cf7" />
      <TestMethod codeBase="D:\actions-runner\_work\XPCO\XPCO\Corporate\VideoOS.Management.Server.UnitTests\bin\x64\Debug\net472\VideoOS.Management.Server.UnitTests.dll" adapterTypeName="executor://mstestadapter/v2" className="VideoOS.Management.Server.UnitTests.RestApi.ConfigurationApiSubControllerTests" name="Post_InvokeMethod_ValidTaskOnConfigurationItem_ConfigApiResourceUsed_ItemTypeHardware" />
    </UnitTest>
    <UnitTest name="DriverSettingsBusiness_PrepareAndValidateSettings_TwoSettings_Success" storage="d:\actions-runner\_work\xpco\xpco\corporate\videoos.management.server.unittests\bin\x64\debug\net472\videoos.management.server.unittests.dll" id="66e86e11-aa6f-d6de-573d-c0aabb75ba87">
      <Execution id="19295dc0-e3b4-48f4-9cd8-f4eb88cf694c" />
      <TestMethod codeBase="D:\actions-runner\_work\XPCO\XPCO\Corporate\VideoOS.Management.Server.UnitTests\bin\x64\Debug\net472\VideoOS.Management.Server.UnitTests.dll" adapterTypeName="executor://mstestadapter/v2" className="VideoOS.Management.Server.UnitTests.Security.DriverSettingsBusinessTests" name="DriverSettingsBusiness_PrepareAndValidateSettings_TwoSettings_Success" />
    </UnitTest>
    <UnitTest name="Initialize_AuthorizationServerUriIsNull_ThrowsArgumentNullException" storage="d:\actions-runner\_work\xpco\xpco\corporate\videoos.management.server.unittests\bin\x64\debug\net472\videoos.management.server.unittests.dll" id="dd2289be-5090-0fdd-2079-b46f51e4d3bf">
      <Execution id="d237ac95-2499-4b83-8cc0-9a2a6640a801" />
      <TestMethod codeBase="D:\actions-runner\_work\XPCO\XPCO\Corporate\VideoOS.Management.Server.UnitTests\bin\x64\Debug\net472\VideoOS.Management.Server.UnitTests.dll" adapterTypeName="executor://mstestadapter/v2" className="VideoOS.Management.Server.UnitTests.Integration.TokenCacheServiceUnitTests" name="Initialize_AuthorizationServerUriIsNull_ThrowsArgumentNullException" />
    </UnitTest>
    <UnitTest name="Build_SubDay_WhenRecurringIsSet_ReturnsSubDayRecurringModel" storage="d:\actions-runner\_work\xpco\xpco\corporate\videoos.management.server.unittests\bin\x64\debug\net472\videoos.management.server.unittests.dll" id="2ffc66d9-2062-4a4f-fcd4-a3564dc5be6c">
      <Execution id="22e09774-80c2-4049-8c3f-d0cf3074add9" />
      <TestMethod codeBase="D:\actions-runner\_work\XPCO\XPCO\Corporate\VideoOS.Management.Server.UnitTests\bin\x64\Debug\net472\VideoOS.Management.Server.UnitTests.dll" adapterTypeName="executor://mstestadapter/v2" className="VideoOS.Management.Server.UnitTests.ConfigurationAPI.Rules.Builders.RuleModelRecurringTimeBuilderTests" name="Build_SubDay_WhenRecurringIsSet_ReturnsSubDayRecurringModel" />
    </UnitTest>
    <UnitTest name="Validate_ParamNullCheck1" storage="d:\actions-runner\_work\xpco\xpco\corporate\videoos.management.server.unittests\bin\x64\debug\net472\videoos.management.server.unittests.dll" id="4dab8c84-8237-147c-fb44-2d0d64662423">
      <Execution id="cd57cef7-12d5-456b-8ce8-348e717f2431" />
      <TestMethod codeBase="D:\actions-runner\_work\XPCO\XPCO\Corporate\VideoOS.Management.Server.UnitTests\bin\x64\Debug\net472\VideoOS.Management.Server.UnitTests.dll" adapterTypeName="executor://mstestadapter/v2" className="VideoOS.Management.Server.UnitTests.ConfigurationAPI.BusinessObjects.BasicOwnerInformationConfigurationApiTests" name="Validate_ParamNullCheck1" />
    </UnitTest>
    <UnitTest name="Invoke_WhenNotAllDataIsProvided_CreatesInvokeInfo" storage="d:\actions-runner\_work\xpco\xpco\corporate\videoos.management.server.unittests\bin\x64\debug\net472\videoos.management.server.unittests.dll" id="b9d9468d-465d-3fe1-6b74-9731d4ccfc2f">
      <Execution id="8bcbc371-056b-42a8-abb7-a7d37732416d" />
      <TestMethod codeBase="D:\actions-runner\_work\XPCO\XPCO\Corporate\VideoOS.Management.Server.UnitTests\bin\x64\Debug\net472\VideoOS.Management.Server.UnitTests.dll" adapterTypeName="executor://mstestadapter/v2" className="VideoOS.Management.Server.UnitTests.ConfigurationAPI.Rules.Methods.AddRuleTests" name="Invoke_WhenNotAllDataIsProvided_CreatesInvokeInfo" />
    </UnitTest>
    <UnitTest name="GetNextProperties_WhenTimeIntervalStartRuleHasActionWithNoCounterAction_ReturnsProperties" storage="d:\actions-runner\_work\xpco\xpco\corporate\videoos.management.server.unittests\bin\x64\debug\net472\videoos.management.server.unittests.dll" id="ee7b4efd-0725-3244-fffc-163917780612">
      <Execution id="1019781c-3d90-46be-bb3a-ba2fa9dab9fe" />
      <TestMethod codeBase="D:\actions-runner\_work\XPCO\XPCO\Corporate\VideoOS.Management.Server.UnitTests\bin\x64\Debug\net472\VideoOS.Management.Server.UnitTests.dll" adapterTypeName="executor://mstestadapter/v2" className="VideoOS.Management.Server.UnitTests.ConfigurationAPI.Rules.Methods.StopRuleTypeStepTests" name="GetNextProperties_WhenTimeIntervalStartRuleHasActionWithNoCounterAction_ReturnsProperties" />
    </UnitTest>
    <UnitTest name="IsComplete_WhenAlwaysAndOutsideTimeProfilePropertiesSet_ReturnsTrue" storage="d:\actions-runner\_work\xpco\xpco\corporate\videoos.management.server.unittests\bin\x64\debug\net472\videoos.management.server.unittests.dll" id="3d276391-6d51-81ea-9cce-bdfcf54376d5">
      <Execution id="614693ad-c5c7-4f0a-a9d8-9f8794533dd5" />
      <TestMethod codeBase="D:\actions-runner\_work\XPCO\XPCO\Corporate\VideoOS.Management.Server.UnitTests\bin\x64\Debug\net472\VideoOS.Management.Server.UnitTests.dll" adapterTypeName="executor://mstestadapter/v2" className="VideoOS.Management.Server.UnitTests.ConfigurationAPI.Rules.Methods.StartConditionsStepTest" name="IsComplete_WhenAlwaysAndOutsideTimeProfilePropertiesSet_ReturnsTrue" />
    </UnitTest>
    <UnitTest name="StorageDiskInformation_IsNotAvailable_OnError10000InXml" storage="d:\actions-runner\_work\xpco\xpco\corporate\videoos.management.server.unittests\bin\x64\debug\net472\videoos.management.server.unittests.dll" id="58703316-e5e5-1c2b-d98e-e4907dba7025">
      <TestCategory>
        <TestCategoryItem TestCategory="Storage" />
      </TestCategory>
      <Execution id="4f0201c8-f600-4790-a3e6-1985d4e45e27" />
      <TestMethod codeBase="D:\actions-runner\_work\XPCO\XPCO\Corporate\VideoOS.Management.Server.UnitTests\bin\x64\Debug\net472\VideoOS.Management.Server.UnitTests.dll" adapterTypeName="executor://mstestadapter/v2" className="VideoOS.Management.Server.UnitTests.BusinessObjects.StorageInformationTests" name="StorageDiskInformation_IsNotAvailable_OnError10000InXml" />
    </UnitTest>
    <UnitTest name="SystemSettingsManager_ConvertEnableAutomaticActivationToDatabaseValue_False_Success" storage="d:\actions-runner\_work\xpco\xpco\corporate\videoos.management.server.unittests\bin\x64\debug\net472\videoos.management.server.unittests.dll" id="3971b68f-3e8f-fd7e-6739-1ace003e4ce9">
      <Execution id="697498f1-38ee-44ca-8693-f0689deef68c" />
      <TestMethod codeBase="D:\actions-runner\_work\XPCO\XPCO\Corporate\VideoOS.Management.Server.UnitTests\bin\x64\Debug\net472\VideoOS.Management.Server.UnitTests.dll" adapterTypeName="executor://mstestadapter/v2" className="VideoOS.Management.Server.UnitTests.SystemSettingsManagerTests" name="SystemSettingsManager_ConvertEnableAutomaticActivationToDatabaseValue_False_Success" />
    </UnitTest>
    <UnitTest name="GetCurrentProperties_WhenTimeBetweenWithoutStartTimeIsSet_ReturnsProperties" storage="d:\actions-runner\_work\xpco\xpco\corporate\videoos.management.server.unittests\bin\x64\debug\net472\videoos.management.server.unittests.dll" id="6604f7fb-d1f0-decc-3d96-f5e4db864ef8">
      <Execution id="9cb6bb18-1140-4362-a211-8f07dafa8b4f" />
      <TestMethod codeBase="D:\actions-runner\_work\XPCO\XPCO\Corporate\VideoOS.Management.Server.UnitTests\bin\x64\Debug\net472\VideoOS.Management.Server.UnitTests.dll" adapterTypeName="executor://mstestadapter/v2" className="VideoOS.Management.Server.UnitTests.ConfigurationAPI.Rules.Methods.StartConditionsStepTest" name="GetCurrentProperties_WhenTimeBetweenWithoutStartTimeIsSet_ReturnsProperties" />
    </UnitTest>
    <UnitTest name="Invoke_AddTag_SunnyDay" storage="d:\actions-runner\_work\xpco\xpco\corporate\videoos.management.server.unittests\bin\x64\debug\net472\videoos.management.server.unittests.dll" id="c6d7df09-9473-fc40-5de2-063a487d76db">
      <Execution id="c3e57333-6b5d-416d-8525-73c4274739e8" />
      <TestMethod codeBase="D:\actions-runner\_work\XPCO\XPCO\Corporate\VideoOS.Management.Server.UnitTests\bin\x64\Debug\net472\VideoOS.Management.Server.UnitTests.dll" adapterTypeName="executor://mstestadapter/v2" className="VideoOS.Management.Server.UnitTests.ConfigurationAPI.BusinessObjects.BasicOwnerInformationConfigurationApiTests" name="Invoke_AddTag_SunnyDay" />
    </UnitTest>
    <UnitTest name="GetItemType_WhenServerExists_ReturnsCorrectItemType" storage="d:\actions-runner\_work\xpco\xpco\corporate\videoos.management.server.unittests\bin\x64\debug\net472\videoos.management.server.unittests.dll" id="ff904aab-2e36-bc58-acf3-09219699357a">
      <Execution id="eb3eafcf-62d8-4b48-9449-311f1d0f334c" />
      <TestMethod codeBase="D:\actions-runner\_work\XPCO\XPCO\Corporate\VideoOS.Management.Server.UnitTests\bin\x64\Debug\net472\VideoOS.Management.Server.UnitTests.dll" adapterTypeName="executor://mstestadapter/v2" className="VideoOS.Management.Server.UnitTests.ConfigurationAPI.Rules.Backend.Validation.SystemDashboardServerParameterValueValidatorTests" name="GetItemType_WhenServerExists_ReturnsCorrectItemType" />
    </UnitTest>
    <UnitTest name="Post_UnknownResource_ExceptionNotCaught" storage="d:\actions-runner\_work\xpco\xpco\corporate\videoos.management.server.unittests\bin\x64\debug\net472\videoos.management.server.unittests.dll" id="13d564d6-30b3-8bfd-7e9f-19999a7be3a4">
      <Execution id="8d1e9cf6-00ed-480d-bedc-81cd3ed6470c" />
      <TestMethod codeBase="D:\actions-runner\_work\XPCO\XPCO\Corporate\VideoOS.Management.Server.UnitTests\bin\x64\Debug\net472\VideoOS.Management.Server.UnitTests.dll" adapterTypeName="executor://mstestadapter/v2" className="VideoOS.Management.Server.UnitTests.RestApi.SpecificItemControllerTests" name="Post_UnknownResource_ExceptionNotCaught" />
    </UnitTest>
    <UnitTest name="ConfigurationItemPathBuilder_ConstructAndCreate_InvalidPath_ArgumentException" storage="d:\actions-runner\_work\xpco\xpco\corporate\videoos.management.server.unittests\bin\x64\debug\net472\videoos.management.server.unittests.dll" id="8c2c49bc-65b6-f4ee-b5c4-b4881c4aaeb6">
      <Execution id="ec0ddf79-e609-42dc-9988-a30b14142d6b" />
      <TestMethod codeBase="D:\actions-runner\_work\XPCO\XPCO\Corporate\VideoOS.Management.Server.UnitTests\bin\x64\Debug\net472\VideoOS.Management.Server.UnitTests.dll" adapterTypeName="executor://mstestadapter/v2" className="VideoOS.Management.Server.UnitTests.ConfigurationAPI.ConfigurationItemPathBuilderTests" name="ConfigurationItemPathBuilder_ConstructAndCreate_InvalidPath_ArgumentException" />
    </UnitTest>
    <UnitTest name="GetPropertyValue_WhenValueIsMissing_Exception" storage="d:\actions-runner\_work\xpco\xpco\corporate\videoos.management.server.unittests\bin\x64\debug\net472\videoos.management.server.unittests.dll" id="a91dfd97-7985-793d-9d26-a8685ec249d8">
      <Execution id="00b4a967-00cd-4f11-8c80-4fa17b53cdf1" />
      <TestMethod codeBase="D:\actions-runner\_work\XPCO\XPCO\Corporate\VideoOS.Management.Server.UnitTests\bin\x64\Debug\net472\VideoOS.Management.Server.UnitTests.dll" adapterTypeName="executor://mstestadapter/v2" className="VideoOS.Management.Server.UnitTests.ConfigurationAPI.Rules.ConfigurationItemExtensionsTests" name="GetPropertyValue_WhenValueIsMissing_Exception" />
    </UnitTest>
    <UnitTest name="GetXml_WhenConditionIsAlways_MatchesXml" storage="d:\actions-runner\_work\xpco\xpco\corporate\videoos.management.server.unittests\bin\x64\debug\net472\videoos.management.server.unittests.dll" id="50c601d7-4896-cf39-7bdd-b5e2bc68ed03">
      <Execution id="bcfaf45b-ae5c-4667-a631-d98ab6600de1" />
      <TestMethod codeBase="D:\actions-runner\_work\XPCO\XPCO\Corporate\VideoOS.Management.Server.UnitTests\bin\x64\Debug\net472\VideoOS.Management.Server.UnitTests.dll" adapterTypeName="executor://mstestadapter/v2" className="VideoOS.Management.Server.UnitTests.ConfigurationAPI.Rules.Backend.Builders.ConditionXmlBuilderTests" name="GetXml_WhenConditionIsAlways_MatchesXml" />
    </UnitTest>
    <UnitTest name="Validate_WhenActionsDataIsValid_NoError" storage="d:\actions-runner\_work\xpco\xpco\corporate\videoos.management.server.unittests\bin\x64\debug\net472\videoos.management.server.unittests.dll" id="23d32c20-aaf4-8ee2-9854-39156a958f5d">
      <Execution id="dbe722d6-609a-4eda-8ac8-5c47d4526776" />
      <TestMethod codeBase="D:\actions-runner\_work\XPCO\XPCO\Corporate\VideoOS.Management.Server.UnitTests\bin\x64\Debug\net472\VideoOS.Management.Server.UnitTests.dll" adapterTypeName="executor://mstestadapter/v2" className="VideoOS.Management.Server.UnitTests.ConfigurationAPI.Rules.Backend.Validation.ActionsValidatorTests" name="Validate_WhenActionsDataIsValid_NoError" />
    </UnitTest>
    <UnitTest name="Given_SomeUrisAreNotDefined_When_QueryingTheWellKnownUris_Then_AnInternalErrorIsReturned" storage="d:\actions-runner\_work\xpco\xpco\corporate\videoos.management.server.unittests\bin\x64\debug\net472\videoos.management.server.unittests.dll" id="9921dedf-46d2-e60c-6c9d-a3c0e1241f24">
      <Execution id="b8943aed-3756-4c89-8541-da26199f8308" />
      <TestMethod codeBase="D:\actions-runner\_work\XPCO\XPCO\Corporate\VideoOS.Management.Server.UnitTests\bin\x64\Debug\net472\VideoOS.Management.Server.UnitTests.dll" adapterTypeName="executor://mstestadapter/v2" className="VideoOS.Management.Server.UnitTests.RestApi.WellKnownUrisControllerTest" name="Given_SomeUrisAreNotDefined_When_QueryingTheWellKnownUris_Then_AnInternalErrorIsReturned" />
    </UnitTest>
    <UnitTest name="IsComplete_WhenRuleTypePropertyHasEmptyValue_ReturnsFalse" storage="d:\actions-runner\_work\xpco\xpco\corporate\videoos.management.server.unittests\bin\x64\debug\net472\videoos.management.server.unittests.dll" id="06b26222-09b7-57d4-1b21-659ec6f0eb8d">
      <Execution id="a0b2878b-2a23-4120-a662-e5e867a565c7" />
      <TestMethod codeBase="D:\actions-runner\_work\XPCO\XPCO\Corporate\VideoOS.Management.Server.UnitTests\bin\x64\Debug\net472\VideoOS.Management.Server.UnitTests.dll" adapterTypeName="executor://mstestadapter/v2" className="VideoOS.Management.Server.UnitTests.ConfigurationAPI.Rules.Methods.StopRuleTypeStepTests" name="IsComplete_WhenRuleTypePropertyHasEmptyValue_ReturnsFalse" />
    </UnitTest>
    <UnitTest name="TryParseConditions_WhenTimeBetweenAndTimeProfileConditions_ReturnsTrue" storage="d:\actions-runner\_work\xpco\xpco\corporate\videoos.management.server.unittests\bin\x64\debug\net472\videoos.management.server.unittests.dll" id="83a84bea-4ef8-6453-35fd-d1b7f699ea95">
      <Execution id="2e97504d-9fea-48b6-844e-0527e825255f" />
      <TestMethod codeBase="D:\actions-runner\_work\XPCO\XPCO\Corporate\VideoOS.Management.Server.UnitTests\bin\x64\Debug\net472\VideoOS.Management.Server.UnitTests.dll" adapterTypeName="executor://mstestadapter/v2" className="VideoOS.Management.Server.UnitTests.ConfigurationAPI.Rules.Backend.Builders.ConditionsParserTests" name="TryParseConditions_WhenTimeBetweenAndTimeProfileConditions_ReturnsTrue" />
    </UnitTest>
    <UnitTest name="ValidateItem_WhenPathIdDifferentFromModelId_Error" storage="d:\actions-runner\_work\xpco\xpco\corporate\videoos.management.server.unittests\bin\x64\debug\net472\videoos.management.server.unittests.dll" id="81550f12-6343-c6e9-f91c-b54f67923ef3">
      <Execution id="defc7247-d9c8-42bc-bdd4-a9a2e061c85a" />
      <TestMethod codeBase="D:\actions-runner\_work\XPCO\XPCO\Corporate\VideoOS.Management.Server.UnitTests\bin\x64\Debug\net472\VideoOS.Management.Server.UnitTests.dll" adapterTypeName="executor://mstestadapter/v2" className="VideoOS.Management.Server.UnitTests.ConfigurationAPI.Rules.ConfigurationApiServiceTests" name="ValidateItem_WhenPathIdDifferentFromModelId_Error" />
    </UnitTest>
    <UnitTest name="Validation_MotionDetectionMethod_Is_Null_ArgumentOutOfRangeExceptionExpected" storage="d:\actions-runner\_work\xpco\xpco\corporate\videoos.management.server.unittests\bin\x64\debug\net472\videoos.management.server.unittests.dll" id="58aa4997-d484-b60d-b5ff-0e7938bc3521">
      <Execution id="aef2cfc8-3ee7-47ef-9f26-5e689ba378b7" />
      <TestMethod codeBase="D:\actions-runner\_work\XPCO\XPCO\Corporate\VideoOS.Management.Server.UnitTests\bin\x64\Debug\net472\VideoOS.Management.Server.UnitTests.dll" adapterTypeName="executor://mstestadapter/v2" className="VideoOS.Management.Server.UnitTests.ValidationUnitTests" name="Validation_MotionDetectionMethod_Is_Null_ArgumentOutOfRangeExceptionExpected" />
    </UnitTest>
    <UnitTest name="Invoke_ActivateLicense_SunnyDay" storage="d:\actions-runner\_work\xpco\xpco\corporate\videoos.management.server.unittests\bin\x64\debug\net472\videoos.management.server.unittests.dll" id="78cfdda6-bdc5-ae5d-79f7-c202a46546d5">
      <Execution id="66762475-bb7a-45fa-98f8-477cbcd8cfe6" />
      <TestMethod codeBase="D:\actions-runner\_work\XPCO\XPCO\Corporate\VideoOS.Management.Server.UnitTests\bin\x64\Debug\net472\VideoOS.Management.Server.UnitTests.dll" adapterTypeName="executor://mstestadapter/v2" className="VideoOS.Management.Server.UnitTests.ConfigurationAPI.BusinessObjects.LicenseConfigurationApiTests" name="Invoke_ActivateLicense_SunnyDay" />
    </UnitTest>
    <UnitTest name="ServerProxyService_GetHardwareByRecorderId_Allowed_NotFiltered" storage="d:\actions-runner\_work\xpco\xpco\corporate\videoos.management.server.unittests\bin\x64\debug\net472\videoos.management.server.unittests.dll" id="d2600c53-9196-bff4-ffea-4fbfcac20c8b">
      <Execution id="989e412a-93b0-47d8-bc5f-5e67f8b2bf23" />
      <TestMethod codeBase="D:\actions-runner\_work\XPCO\XPCO\Corporate\VideoOS.Management.Server.UnitTests\bin\x64\Debug\net472\VideoOS.Management.Server.UnitTests.dll" adapterTypeName="executor://mstestadapter/v2" className="VideoOS.Management.Server.UnitTests.ServerProxyServiceUnitTests" name="ServerProxyService_GetHardwareByRecorderId_Allowed_NotFiltered" />
    </UnitTest>
    <UnitTest name="GetItemType_WhenObjectNotExists_ReturnsNull" storage="d:\actions-runner\_work\xpco\xpco\corporate\videoos.management.server.unittests\bin\x64\debug\net472\videoos.management.server.unittests.dll" id="97189421-1efe-1889-436c-0734f8533016">
      <Execution id="ba559004-4d45-47e3-b6b6-97af1217df02" />
      <TestMethod codeBase="D:\actions-runner\_work\XPCO\XPCO\Corporate\VideoOS.Management.Server.UnitTests\bin\x64\Debug\net472\VideoOS.Management.Server.UnitTests.dll" adapterTypeName="executor://mstestadapter/v2" className="VideoOS.Management.Server.UnitTests.ConfigurationAPI.Rules.Backend.Validation.ArchiveParameterValueValidatorTests" name="GetItemType_WhenObjectNotExists_ReturnsNull" />
    </UnitTest>
    <UnitTest name="GeneratingRobustDataSuccess" storage="d:\actions-runner\_work\xpco\xpco\corporate\videoos.management.server.unittests\bin\x64\debug\net472\videoos.management.server.unittests.dll" id="056494d2-386c-db98-33dd-6bfd38b9862c">
      <Execution id="9e2b8a1d-47d3-4d0b-a3bb-bc1725308fa8" />
      <TestMethod codeBase="D:\actions-runner\_work\XPCO\XPCO\Corporate\VideoOS.Management.Server.UnitTests\bin\x64\Debug\net472\VideoOS.Management.Server.UnitTests.dll" adapterTypeName="executor://mstestadapter/v2" className="VideoOS.Management.Server.UnitTests.BusinessObjects.RetentionTimeForecastTest" name="GeneratingRobustDataSuccess" />
    </UnitTest>
    <UnitTest name="InvokeMethod_ParamNullCheck_ConfigurationItemTest" storage="d:\actions-runner\_work\xpco\xpco\corporate\videoos.management.server.unittests\bin\x64\debug\net472\videoos.management.server.unittests.dll" id="8bbb9a2a-a2d6-98bd-e50b-00d883b4fc1b">
      <Execution id="40cb2e9c-b9aa-484d-823c-94f2fa6d6a1e" />
      <TestMethod codeBase="D:\actions-runner\_work\XPCO\XPCO\Corporate\VideoOS.Management.Server.UnitTests\bin\x64\Debug\net472\VideoOS.Management.Server.UnitTests.dll" adapterTypeName="executor://mstestadapter/v2" className="VideoOS.Management.Server.UnitTests.ConfigurationAPI.BusinessObjects.AudioMessage.AudioMessageFolderConfigurationApiTest" name="InvokeMethod_ParamNullCheck_ConfigurationItemTest" />
    </UnitTest>
    <UnitTest name="InvokeMethod_GetSearchTemplateCreateInfo" storage="d:\actions-runner\_work\xpco\xpco\corporate\videoos.management.server.unittests\bin\x64\debug\net472\videoos.management.server.unittests.dll" id="47ef5620-9537-65cc-c736-b3758e2879c9">
      <Execution id="212bd49c-2844-4b58-a728-4d05e78009c3" />
      <TestMethod codeBase="D:\actions-runner\_work\XPCO\XPCO\Corporate\VideoOS.Management.Server.UnitTests\bin\x64\Debug\net472\VideoOS.Management.Server.UnitTests.dll" adapterTypeName="executor://mstestadapter/v2" className="VideoOS.Management.Server.UnitTests.ConfigurationAPI.BusinessObjects.SearchTemplate.SearchTemplateConfigurationApiTest" name="InvokeMethod_GetSearchTemplateCreateInfo" />
    </UnitTest>
    <UnitTest name="SystemSettingsManager_ConvertEnableAutomaticActivation_FormatException" storage="d:\actions-runner\_work\xpco\xpco\corporate\videoos.management.server.unittests\bin\x64\debug\net472\videoos.management.server.unittests.dll" id="5d2e2690-aa46-e9c4-8ecd-96fde205bce6">
      <Execution id="08b9c307-419e-4374-ae73-156653a0ce6f" />
      <TestMethod codeBase="D:\actions-runner\_work\XPCO\XPCO\Corporate\VideoOS.Management.Server.UnitTests\bin\x64\Debug\net472\VideoOS.Management.Server.UnitTests.dll" adapterTypeName="executor://mstestadapter/v2" className="VideoOS.Management.Server.UnitTests.SystemSettingsManagerTests" name="SystemSettingsManager_ConvertEnableAutomaticActivation_FormatException" />
    </UnitTest>
    <UnitTest name="Validation_GridSize_Is_Null_ArgumentOutOfRangeExceptionExpected" storage="d:\actions-runner\_work\xpco\xpco\corporate\videoos.management.server.unittests\bin\x64\debug\net472\videoos.management.server.unittests.dll" id="292af488-32dd-4dfc-e80c-8924e23e9af3">
      <Execution id="2bee1285-6020-4233-b601-fc3405c45156" />
      <TestMethod codeBase="D:\actions-runner\_work\XPCO\XPCO\Corporate\VideoOS.Management.Server.UnitTests\bin\x64\Debug\net472\VideoOS.Management.Server.UnitTests.dll" adapterTypeName="executor://mstestadapter/v2" className="VideoOS.Management.Server.UnitTests.ValidationUnitTests" name="Validation_GridSize_Is_Null_ArgumentOutOfRangeExceptionExpected" />
    </UnitTest>
    <UnitTest name="BusinessObjects_License_UpdateMipPluginsLicenseRequestPart_AddMultiplePlugins" storage="d:\actions-runner\_work\xpco\xpco\corporate\videoos.management.server.unittests\bin\x64\debug\net472\videoos.management.server.unittests.dll" id="aa9079d1-8cc0-63a1-086f-05047a65abb6">
      <Execution id="85d0d844-a98d-4138-ba9f-3e64255e993a" />
      <TestMethod codeBase="D:\actions-runner\_work\XPCO\XPCO\Corporate\VideoOS.Management.Server.UnitTests\bin\x64\Debug\net472\VideoOS.Management.Server.UnitTests.dll" adapterTypeName="executor://mstestadapter/v2" className="VideoOS.Management.Server.UnitTests.BusinessObjects.LicenseUnitTests" name="BusinessObjects_License_UpdateMipPluginsLicenseRequestPart_AddMultiplePlugins" />
    </UnitTest>
    <UnitTest name="RetentionTimeConfigurationProvider_ReturnsNullData" storage="d:\actions-runner\_work\xpco\xpco\corporate\videoos.management.server.unittests\bin\x64\debug\net472\videoos.management.server.unittests.dll" id="bc5c77f6-a200-63cf-5324-493d3e23a065">
      <Execution id="ba204f14-52aa-4707-a342-6ac83d3749b0" />
      <TestMethod codeBase="D:\actions-runner\_work\XPCO\XPCO\Corporate\VideoOS.Management.Server.UnitTests\bin\x64\Debug\net472\VideoOS.Management.Server.UnitTests.dll" adapterTypeName="executor://mstestadapter/v2" className="VideoOS.Management.Server.UnitTests.BusinessObjects.ManagementServer.DataCollection.PerformanceCounterRules.RetentionTimeConfigurationProviderTest" name="RetentionTimeConfigurationProvider_ReturnsNullData" />
    </UnitTest>
    <UnitTest name="Validate_WhenStartRuleIsTimer_Error" storage="d:\actions-runner\_work\xpco\xpco\corporate\videoos.management.server.unittests\bin\x64\debug\net472\videoos.management.server.unittests.dll" id="24b3aeb5-b4c5-1d0d-38e9-d24a17c049b1">
      <Execution id="96b5e2d8-ae01-4f7a-8f67-dbb76c1ff6ff" />
      <TestMethod codeBase="D:\actions-runner\_work\XPCO\XPCO\Corporate\VideoOS.Management.Server.UnitTests\bin\x64\Debug\net472\VideoOS.Management.Server.UnitTests.dll" adapterTypeName="executor://mstestadapter/v2" className="VideoOS.Management.Server.UnitTests.ConfigurationAPI.Rules.Backend.Validation.ValidatorIntegrationTests" name="Validate_WhenStartRuleIsTimer_Error" />
    </UnitTest>
    <UnitTest name="ValidateItem_WhenPropertyValueIsInvalid_ValidPropertySet_OverridesInputProperty" storage="d:\actions-runner\_work\xpco\xpco\corporate\videoos.management.server.unittests\bin\x64\debug\net472\videoos.management.server.unittests.dll" id="13b165bb-3ae4-64df-f91c-a89f7dc40fd9">
      <Execution id="82af5a0a-c79c-4e62-a67f-2911f21608ae" />
      <TestMethod codeBase="D:\actions-runner\_work\XPCO\XPCO\Corporate\VideoOS.Management.Server.UnitTests\bin\x64\Debug\net472\VideoOS.Management.Server.UnitTests.dll" adapterTypeName="executor://mstestadapter/v2" className="VideoOS.Management.Server.UnitTests.ConfigurationAPI.Rules.ConfigurationApiServiceTests" name="ValidateItem_WhenPropertyValueIsInvalid_ValidPropertySet_OverridesInputProperty" />
    </UnitTest>
    <UnitTest name="Validate_WhenCurrentLayout_ReturnsTrue" storage="d:\actions-runner\_work\xpco\xpco\corporate\videoos.management.server.unittests\bin\x64\debug\net472\videoos.management.server.unittests.dll" id="a5521c9c-aeb1-7252-3298-8b85400d4cb2">
      <Execution id="93184655-bc5a-4cf0-999f-15a52f989612" />
      <TestMethod codeBase="D:\actions-runner\_work\XPCO\XPCO\Corporate\VideoOS.Management.Server.UnitTests\bin\x64\Debug\net472\VideoOS.Management.Server.UnitTests.dll" adapterTypeName="executor://mstestadapter/v2" className="VideoOS.Management.Server.UnitTests.ConfigurationAPI.Rules.Backend.Validation.LayoutParameterValueValidatorTests" name="Validate_WhenCurrentLayout_ReturnsTrue" />
    </UnitTest>
    <UnitTest name="IsComplete_WhenRecurring_WeeklyOnce_ReturnsTrue" storage="d:\actions-runner\_work\xpco\xpco\corporate\videoos.management.server.unittests\bin\x64\debug\net472\videoos.management.server.unittests.dll" id="95acd8d8-64d0-b7d1-82e1-f61ccd03dbb3">
      <Execution id="6d2975e5-3413-4573-b7cc-c94fecbd7f88" />
      <TestMethod codeBase="D:\actions-runner\_work\XPCO\XPCO\Corporate\VideoOS.Management.Server.UnitTests\bin\x64\Debug\net472\VideoOS.Management.Server.UnitTests.dll" adapterTypeName="executor://mstestadapter/v2" className="VideoOS.Management.Server.UnitTests.ConfigurationAPI.Rules.Methods.StartRuleTypeStepTests" name="IsComplete_WhenRecurring_WeeklyOnce_ReturnsTrue" />
    </UnitTest>
    <UnitTest name="InvokeMethod_SetAudioFileContent_UnknownFileTest" storage="d:\actions-runner\_work\xpco\xpco\corporate\videoos.management.server.unittests\bin\x64\debug\net472\videoos.management.server.unittests.dll" id="c17529b7-3a1c-14c2-c0ad-c7097dee7c72">
      <Execution id="e9c438a4-405e-40a2-b341-882b8380b4c1" />
      <TestMethod codeBase="D:\actions-runner\_work\XPCO\XPCO\Corporate\VideoOS.Management.Server.UnitTests\bin\x64\Debug\net472\VideoOS.Management.Server.UnitTests.dll" adapterTypeName="executor://mstestadapter/v2" className="VideoOS.Management.Server.UnitTests.ConfigurationAPI.BusinessObjects.AudioMessage.AudioMessageConfigurationApiTest" name="InvokeMethod_SetAudioFileContent_UnknownFileTest" />
    </UnitTest>
    <UnitTest name="InvokeMethodAndSerialize_AddsResultAndReturnsOk_WhenMethodReturnsInvokeResult" storage="d:\actions-runner\_work\xpco\xpco\corporate\videoos.management.server.unittests\bin\x64\debug\net472\videoos.management.server.unittests.dll" id="58f03758-2f1b-30e8-4440-af7d49bed5fc">
      <Execution id="136d358b-5546-4c59-ad7f-27f2a4cfc699" />
      <TestMethod codeBase="D:\actions-runner\_work\XPCO\XPCO\Corporate\VideoOS.Management.Server.UnitTests\bin\x64\Debug\net472\VideoOS.Management.Server.UnitTests.dll" adapterTypeName="executor://mstestadapter/v2" className="VideoOS.Management.Server.UnitTests.RestApi.ConfigurationApiManagerTests" name="InvokeMethodAndSerialize_AddsResultAndReturnsOk_WhenMethodReturnsInvokeResult" />
    </UnitTest>
    <UnitTest name="Build_SendSNMPTrap_ReturnsActionModel" storage="d:\actions-runner\_work\xpco\xpco\corporate\videoos.management.server.unittests\bin\x64\debug\net472\videoos.management.server.unittests.dll" id="4e08639a-3111-138a-ca8e-a1a91dfa9686">
      <Execution id="0af145a3-ece4-40ea-b9f8-55e703598830" />
      <TestMethod codeBase="D:\actions-runner\_work\XPCO\XPCO\Corporate\VideoOS.Management.Server.UnitTests\bin\x64\Debug\net472\VideoOS.Management.Server.UnitTests.dll" adapterTypeName="executor://mstestadapter/v2" className="VideoOS.Management.Server.UnitTests.ConfigurationAPI.Rules.Builders.RuleModelActionsBuilderTests" name="Build_SendSNMPTrap_ReturnsActionModel" />
    </UnitTest>
    <UnitTest name="Build_TimeBetween_WhenFalse_ParametersNotPresent_ConditionNotAdded" storage="d:\actions-runner\_work\xpco\xpco\corporate\videoos.management.server.unittests\bin\x64\debug\net472\videoos.management.server.unittests.dll" id="e95258c4-4431-5a75-397b-53e1d01a0157">
      <Execution id="265a840d-342c-44e5-b578-38f4a25ac872" />
      <TestMethod codeBase="D:\actions-runner\_work\XPCO\XPCO\Corporate\VideoOS.Management.Server.UnitTests\bin\x64\Debug\net472\VideoOS.Management.Server.UnitTests.dll" adapterTypeName="executor://mstestadapter/v2" className="VideoOS.Management.Server.UnitTests.ConfigurationAPI.Rules.Builders.RuleModelConditionsBuilderTests" name="Build_TimeBetween_WhenFalse_ParametersNotPresent_ConditionNotAdded" />
    </UnitTest>
    <UnitTest name="Validation_GridSize_Value_Is_Not_Defined_ArgumentOutOfExceptionExpected" storage="d:\actions-runner\_work\xpco\xpco\corporate\videoos.management.server.unittests\bin\x64\debug\net472\videoos.management.server.unittests.dll" id="1a0c1b96-f0e6-d5a9-64f4-4ed8a0533eea">
      <Execution id="ee4ff0fc-dedd-4777-a097-2a7e9779ad6e" />
      <TestMethod codeBase="D:\actions-runner\_work\XPCO\XPCO\Corporate\VideoOS.Management.Server.UnitTests\bin\x64\Debug\net472\VideoOS.Management.Server.UnitTests.dll" adapterTypeName="executor://mstestadapter/v2" className="VideoOS.Management.Server.UnitTests.ValidationUnitTests" name="Validation_GridSize_Value_Is_Not_Defined_ArgumentOutOfExceptionExpected" />
    </UnitTest>
    <UnitTest name="Build_MIPAction2_WhenParametersAreSet_ReturnsActionModel" storage="d:\actions-runner\_work\xpco\xpco\corporate\videoos.management.server.unittests\bin\x64\debug\net472\videoos.management.server.unittests.dll" id="cdeefadd-35fd-3b75-8158-21c2a8710843">
      <Execution id="153ed068-622d-4c33-8277-08dbb0782f9b" />
      <TestMethod codeBase="D:\actions-runner\_work\XPCO\XPCO\Corporate\VideoOS.Management.Server.UnitTests\bin\x64\Debug\net472\VideoOS.Management.Server.UnitTests.dll" adapterTypeName="executor://mstestadapter/v2" className="VideoOS.Management.Server.UnitTests.ConfigurationAPI.Rules.Builders.RuleModelActionsBuilderTests" name="Build_MIPAction2_WhenParametersAreSet_ReturnsActionModel" />
    </UnitTest>
    <UnitTest name="LinkList_SunnyDay_Test" storage="d:\actions-runner\_work\xpco\xpco\corporate\videoos.management.server.unittests\bin\x64\debug\net472\videoos.management.server.unittests.dll" id="826dbc15-0bb5-4c50-e85c-7de5b622e918">
      <Execution id="0d656ca4-15e2-454c-9f66-a7e7ce1ea2ae" />
      <TestMethod codeBase="D:\actions-runner\_work\XPCO\XPCO\Corporate\VideoOS.Management.Server.UnitTests\bin\x64\Debug\net472\VideoOS.Management.Server.UnitTests.dll" adapterTypeName="executor://mstestadapter/v2" className="VideoOS.Management.Server.UnitTests.RestApi.LinkTests" name="LinkList_SunnyDay_Test" />
    </UnitTest>
    <UnitTest name="SendCommandSecurityVisitor_UpdateRecorderTaskProgressCommand_NotSupportedException" storage="d:\actions-runner\_work\xpco\xpco\corporate\videoos.management.server.unittests\bin\x64\debug\net472\videoos.management.server.unittests.dll" id="117763de-39de-4f07-5184-b3e6fecd3bd5">
      <Execution id="2a8d6061-8a4c-458b-a858-d18e854c71b8" />
      <TestMethod codeBase="D:\actions-runner\_work\XPCO\XPCO\Corporate\VideoOS.Management.Server.UnitTests\bin\x64\Debug\net472\VideoOS.Management.Server.UnitTests.dll" adapterTypeName="executor://mstestadapter/v2" className="VideoOS.Management.Server.UnitTests.SendCommandSecurityVisitorTests" name="SendCommandSecurityVisitor_UpdateRecorderTaskProgressCommand_NotSupportedException" />
    </UnitTest>
    <UnitTest name="GetItem_BasicOwnerInformationFolder_SunnyDay" storage="d:\actions-runner\_work\xpco\xpco\corporate\videoos.management.server.unittests\bin\x64\debug\net472\videoos.management.server.unittests.dll" id="341c1707-b443-49ba-b516-8f86938f926d">
      <Execution id="9766e9f6-8f78-4998-a4c5-b552b6ca59b2" />
      <TestMethod codeBase="D:\actions-runner\_work\XPCO\XPCO\Corporate\VideoOS.Management.Server.UnitTests\bin\x64\Debug\net472\VideoOS.Management.Server.UnitTests.dll" adapterTypeName="executor://mstestadapter/v2" className="VideoOS.Management.Server.UnitTests.ConfigurationAPI.BusinessObjects.BasicOwnerInformationConfigurationApiTests" name="GetItem_BasicOwnerInformationFolder_SunnyDay" />
    </UnitTest>
    <UnitTest name="Validate_MainAllowedCases_Success" storage="d:\actions-runner\_work\xpco\xpco\corporate\videoos.management.server.unittests\bin\x64\debug\net472\videoos.management.server.unittests.dll" id="6fd03e52-aaa1-ada8-26bc-7509bf7fd11f">
      <Execution id="81a21ea1-666e-4605-a147-bb04622a6982" />
      <TestMethod codeBase="D:\actions-runner\_work\XPCO\XPCO\Corporate\VideoOS.Management.Server.UnitTests\bin\x64\Debug\net472\VideoOS.Management.Server.UnitTests.dll" adapterTypeName="executor://mstestadapter/v2" className="VideoOS.Management.Server.UnitTests.ConfigurationAPI.Rules.Backend.Validation.RuleParametersValidatorTests" name="Validate_MainAllowedCases_Success" />
    </UnitTest>
    <UnitTest name="SendCommandSecurityVisitor_UpdateConfigurationManagerCommand_Output_Delete_NoSecurityCheck" storage="d:\actions-runner\_work\xpco\xpco\corporate\videoos.management.server.unittests\bin\x64\debug\net472\videoos.management.server.unittests.dll" id="858a2107-63f0-6dde-c868-d84b86efc507">
      <Execution id="a82beb2a-364e-4c73-85b1-cada44b61c6f" />
      <TestMethod codeBase="D:\actions-runner\_work\XPCO\XPCO\Corporate\VideoOS.Management.Server.UnitTests\bin\x64\Debug\net472\VideoOS.Management.Server.UnitTests.dll" adapterTypeName="executor://mstestadapter/v2" className="VideoOS.Management.Server.UnitTests.SendCommandSecurityVisitorTests" name="SendCommandSecurityVisitor_UpdateConfigurationManagerCommand_Output_Delete_NoSecurityCheck" />
    </UnitTest>
    <UnitTest name="GetItemType_WhenInvalidLayout_ReturnsNull" storage="d:\actions-runner\_work\xpco\xpco\corporate\videoos.management.server.unittests\bin\x64\debug\net472\videoos.management.server.unittests.dll" id="2ed27310-23a7-b8ee-4316-2b61dd61b9ef">
      <Execution id="17695924-93a6-49a2-84d6-13e534e29f24" />
      <TestMethod codeBase="D:\actions-runner\_work\XPCO\XPCO\Corporate\VideoOS.Management.Server.UnitTests\bin\x64\Debug\net472\VideoOS.Management.Server.UnitTests.dll" adapterTypeName="executor://mstestadapter/v2" className="VideoOS.Management.Server.UnitTests.ConfigurationAPI.Rules.Backend.Validation.LayoutParameterValueValidatorTests" name="GetItemType_WhenInvalidLayout_ReturnsNull" />
    </UnitTest>
    <UnitTest name="Get_KnownResource_ItemFound_NoData_NotTasks_NotPerformingTask_NotResources_NotDefinition_ReturnsEmptyJson" storage="d:\actions-runner\_work\xpco\xpco\corporate\videoos.management.server.unittests\bin\x64\debug\net472\videoos.management.server.unittests.dll" id="6d91f986-9aaf-0e9d-ccae-8ca48ef82f1a">
      <Execution id="37d8a374-d76b-49ec-96ef-2cbf6201f79e" />
      <TestMethod codeBase="D:\actions-runner\_work\XPCO\XPCO\Corporate\VideoOS.Management.Server.UnitTests\bin\x64\Debug\net472\VideoOS.Management.Server.UnitTests.dll" adapterTypeName="executor://mstestadapter/v2" className="VideoOS.Management.Server.UnitTests.RestApi.SpecificItemControllerTests" name="Get_KnownResource_ItemFound_NoData_NotTasks_NotPerformingTask_NotResources_NotDefinition_ReturnsEmptyJson" />
    </UnitTest>
    <UnitTest name="FindClosestNode_EmptyList_Test" storage="d:\actions-runner\_work\xpco\xpco\corporate\videoos.management.server.unittests\bin\x64\debug\net472\videoos.management.server.unittests.dll" id="ca14a03f-72cc-323a-790c-0d952ad27d6c">
      <Execution id="68c2d1e3-2c52-493d-97cb-e5051faef053" />
      <TestMethod codeBase="D:\actions-runner\_work\XPCO\XPCO\Corporate\VideoOS.Management.Server.UnitTests\bin\x64\Debug\net472\VideoOS.Management.Server.UnitTests.dll" adapterTypeName="executor://mstestadapter/v2" className="VideoOS.Management.Server.UnitTests.NodeFindingTests" name="FindClosestNode_EmptyList_Test" />
    </UnitTest>
    <UnitTest name="Invoke_ArgumentException" storage="d:\actions-runner\_work\xpco\xpco\corporate\videoos.management.server.unittests\bin\x64\debug\net472\videoos.management.server.unittests.dll" id="ce501318-c88d-d26a-5cfa-f7af252ee78f">
      <Execution id="4fdb759c-e15f-48f7-9118-8b96e537099e" />
      <TestMethod codeBase="D:\actions-runner\_work\XPCO\XPCO\Corporate\VideoOS.Management.Server.UnitTests\bin\x64\Debug\net472\VideoOS.Management.Server.UnitTests.dll" adapterTypeName="executor://mstestadapter/v2" className="VideoOS.Management.Server.UnitTests.ConfigurationAPI.BusinessObjects.BasicOwnerInformationConfigurationApiTests" name="Invoke_ArgumentException" />
    </UnitTest>
    <UnitTest name="DevicePosition_ToString_Success" storage="d:\actions-runner\_work\xpco\xpco\corporate\videoos.management.server.unittests\bin\x64\debug\net472\videoos.management.server.unittests.dll" id="7f7d4f90-2c65-802a-d9a6-4d01685bb677">
      <Execution id="63f66e08-6d9d-43c1-a385-16b449967df1" />
      <TestMethod codeBase="D:\actions-runner\_work\XPCO\XPCO\Corporate\VideoOS.Management.Server.UnitTests\bin\x64\Debug\net472\VideoOS.Management.Server.UnitTests.dll" adapterTypeName="executor://mstestadapter/v2" className="VideoOS.Management.Server.UnitTests.WebApiConvertUnitTests" name="DevicePosition_ToString_Success" />
    </UnitTest>
    <UnitTest name="InvokeMethod_GetAudioFileContent_UnknownFileTest" storage="d:\actions-runner\_work\xpco\xpco\corporate\videoos.management.server.unittests\bin\x64\debug\net472\videoos.management.server.unittests.dll" id="1c572c4d-3a64-624e-c2df-32547db77b08">
      <Execution id="8277c596-4195-4520-b831-76bd3036650a" />
      <TestMethod codeBase="D:\actions-runner\_work\XPCO\XPCO\Corporate\VideoOS.Management.Server.UnitTests\bin\x64\Debug\net472\VideoOS.Management.Server.UnitTests.dll" adapterTypeName="executor://mstestadapter/v2" className="VideoOS.Management.Server.UnitTests.ConfigurationAPI.BusinessObjects.AudioMessage.AudioMessageConfigurationApiTest" name="InvokeMethod_GetAudioFileContent_UnknownFileTest" />
    </UnitTest>
    <UnitTest name="SendCommandSecurityVisitor_SetMatrixViewCommand_NotSupportedException" storage="d:\actions-runner\_work\xpco\xpco\corporate\videoos.management.server.unittests\bin\x64\debug\net472\videoos.management.server.unittests.dll" id="5d3737c4-6caa-929c-3895-4f8c3b2fc762">
      <Execution id="6cc64ead-70ea-4e51-a4db-0de5811ea1df" />
      <TestMethod codeBase="D:\actions-runner\_work\XPCO\XPCO\Corporate\VideoOS.Management.Server.UnitTests\bin\x64\Debug\net472\VideoOS.Management.Server.UnitTests.dll" adapterTypeName="executor://mstestadapter/v2" className="VideoOS.Management.Server.UnitTests.SendCommandSecurityVisitorTests" name="SendCommandSecurityVisitor_SetMatrixViewCommand_NotSupportedException" />
    </UnitTest>
    <UnitTest name="LookupArray_Succeeds_WhenItemTypeIsEmpty" storage="d:\actions-runner\_work\xpco\xpco\corporate\videoos.management.server.unittests\bin\x64\debug\net472\videoos.management.server.unittests.dll" id="59602d4e-8a68-e5e4-6594-16671fb2a581">
      <Execution id="f2cae01d-332d-47e2-9125-65639323417c" />
      <TestMethod codeBase="D:\actions-runner\_work\XPCO\XPCO\Corporate\VideoOS.Management.Server.UnitTests\bin\x64\Debug\net472\VideoOS.Management.Server.UnitTests.dll" adapterTypeName="executor://mstestadapter/v2" className="VideoOS.Management.Server.UnitTests.RestApi.ConfigurationApiManagerTests" name="LookupArray_Succeeds_WhenItemTypeIsEmpty" />
    </UnitTest>
    <UnitTest name="DeviceStreams_UpdateStream_OnlyUseMediaAfter_UpdateSecondary" storage="d:\actions-runner\_work\xpco\xpco\corporate\videoos.management.server.unittests\bin\x64\debug\net472\videoos.management.server.unittests.dll" id="eaa794e6-b7c6-2062-e990-d3fbc94d6058">
      <Execution id="31121ac8-11b6-4d40-ab82-cd78844f2ba1" />
      <TestMethod codeBase="D:\actions-runner\_work\XPCO\XPCO\Corporate\VideoOS.Management.Server.UnitTests\bin\x64\Debug\net472\VideoOS.Management.Server.UnitTests.dll" adapterTypeName="executor://mstestadapter/v2" className="VideoOS.Management.Server.UnitTests.BusinessObjects.DeviceStreamsUnitTests" name="DeviceStreams_UpdateStream_OnlyUseMediaAfter_UpdateSecondary" />
    </UnitTest>
    <UnitTest name="Get_KnownResource_ItemFound_NoData_NotTasks_NotPerformingTask_NotResources_Definition_ReturnsDefinitions" storage="d:\actions-runner\_work\xpco\xpco\corporate\videoos.management.server.unittests\bin\x64\debug\net472\videoos.management.server.unittests.dll" id="4850f404-1052-1ae3-2ddd-f3314b4dd088">
      <Execution id="c3624263-6d3b-4d2d-b246-24f937250620" />
      <TestMethod codeBase="D:\actions-runner\_work\XPCO\XPCO\Corporate\VideoOS.Management.Server.UnitTests\bin\x64\Debug\net472\VideoOS.Management.Server.UnitTests.dll" adapterTypeName="executor://mstestadapter/v2" className="VideoOS.Management.Server.UnitTests.RestApi.SpecificItemControllerTests" name="Get_KnownResource_ItemFound_NoData_NotTasks_NotPerformingTask_NotResources_Definition_ReturnsDefinitions" />
    </UnitTest>
    <UnitTest name="LookupArray_Succeeds_WhenItemTypeIsTask" storage="d:\actions-runner\_work\xpco\xpco\corporate\videoos.management.server.unittests\bin\x64\debug\net472\videoos.management.server.unittests.dll" id="d917c172-a523-dca5-b112-697c7f5e61f2">
      <Execution id="e7433138-e22c-45b4-b573-0b36bc437888" />
      <TestMethod codeBase="D:\actions-runner\_work\XPCO\XPCO\Corporate\VideoOS.Management.Server.UnitTests\bin\x64\Debug\net472\VideoOS.Management.Server.UnitTests.dll" adapterTypeName="executor://mstestadapter/v2" className="VideoOS.Management.Server.UnitTests.RestApi.ConfigurationApiManagerTests" name="LookupArray_Succeeds_WhenItemTypeIsTask" />
    </UnitTest>
    <UnitTest name="GetVmsUserById_ThrowException_ThrowsGenericIdpException" storage="d:\actions-runner\_work\xpco\xpco\corporate\videoos.management.server.unittests\bin\x64\debug\net472\videoos.management.server.unittests.dll" id="7eb08b78-2799-5b44-6f96-a120501e45c6">
      <Execution id="155cfd0c-2462-40d5-b48d-7fd05ba6a867" />
      <TestMethod codeBase="D:\actions-runner\_work\XPCO\XPCO\Corporate\VideoOS.Management.Server.UnitTests\bin\x64\Debug\net472\VideoOS.Management.Server.UnitTests.dll" adapterTypeName="executor://mstestadapter/v2" className="VideoOS.Management.Server.UnitTests.DataComponents.Idp.UserIdpComponentTests" name="GetVmsUserById_ThrowException_ThrowsGenericIdpException" />
    </UnitTest>
    <UnitTest name="DeviceStreams_RemoveStream_Remove_Last_DeviceStreamRemoveLastStreamException" storage="d:\actions-runner\_work\xpco\xpco\corporate\videoos.management.server.unittests\bin\x64\debug\net472\videoos.management.server.unittests.dll" id="e7530819-7083-6d3e-d599-30d8a0463a89">
      <Execution id="0646f28f-a3ac-429e-8070-46cda91f92f8" />
      <TestMethod codeBase="D:\actions-runner\_work\XPCO\XPCO\Corporate\VideoOS.Management.Server.UnitTests\bin\x64\Debug\net472\VideoOS.Management.Server.UnitTests.dll" adapterTypeName="executor://mstestadapter/v2" className="VideoOS.Management.Server.UnitTests.BusinessObjects.DeviceStreamsUnitTests" name="DeviceStreams_RemoveStream_Remove_Last_DeviceStreamRemoveLastStreamException" />
    </UnitTest>
    <UnitTest name="ServerProxyService_GetConfigurationDataSetTables_DeviceLinks_MicrophoneNotAllowed_RowRemoved" storage="d:\actions-runner\_work\xpco\xpco\corporate\videoos.management.server.unittests\bin\x64\debug\net472\videoos.management.server.unittests.dll" id="d226e9c5-df51-2709-b536-406158f618e2">
      <Execution id="0c88bf6f-1551-4ce8-b944-213d5333fe43" />
      <TestMethod codeBase="D:\actions-runner\_work\XPCO\XPCO\Corporate\VideoOS.Management.Server.UnitTests\bin\x64\Debug\net472\VideoOS.Management.Server.UnitTests.dll" adapterTypeName="executor://mstestadapter/v2" className="VideoOS.Management.Server.UnitTests.ServerProxyServiceUnitTests" name="ServerProxyService_GetConfigurationDataSetTables_DeviceLinks_MicrophoneNotAllowed_RowRemoved" />
    </UnitTest>
    <UnitTest name="GetNextProperties_WhenAlwaysAndWithinTimeProfileAreSetToTrue_ReturnsProperties" storage="d:\actions-runner\_work\xpco\xpco\corporate\videoos.management.server.unittests\bin\x64\debug\net472\videoos.management.server.unittests.dll" id="9880b2a0-0a07-a22d-6bc7-18eb1650101d">
      <Execution id="068dc7e2-e8d8-46e3-9b70-67131df0268e" />
      <TestMethod codeBase="D:\actions-runner\_work\XPCO\XPCO\Corporate\VideoOS.Management.Server.UnitTests\bin\x64\Debug\net472\VideoOS.Management.Server.UnitTests.dll" adapterTypeName="executor://mstestadapter/v2" className="VideoOS.Management.Server.UnitTests.ConfigurationAPI.Rules.Methods.StartConditionsStepTest" name="GetNextProperties_WhenAlwaysAndWithinTimeProfileAreSetToTrue_ReturnsProperties" />
    </UnitTest>
    <UnitTest name="GetNextProperties_WhenTimeBetweenPropertyIsSetButNotStartAndEndTime_ReturnsProperties" storage="d:\actions-runner\_work\xpco\xpco\corporate\videoos.management.server.unittests\bin\x64\debug\net472\videoos.management.server.unittests.dll" id="45ab8e58-cf37-c8c3-2f59-490f45a89201">
      <Execution id="fa7a9a13-a955-42f9-a064-52b8289e3a71" />
      <TestMethod codeBase="D:\actions-runner\_work\XPCO\XPCO\Corporate\VideoOS.Management.Server.UnitTests\bin\x64\Debug\net472\VideoOS.Management.Server.UnitTests.dll" adapterTypeName="executor://mstestadapter/v2" className="VideoOS.Management.Server.UnitTests.ConfigurationAPI.Rules.Methods.StartConditionsStepTest" name="GetNextProperties_WhenTimeBetweenPropertyIsSetButNotStartAndEndTime_ReturnsProperties" />
    </UnitTest>
    <UnitTest name="GetServerProtocolTestFailed_OnString" storage="d:\actions-runner\_work\xpco\xpco\corporate\videoos.management.server.unittests\bin\x64\debug\net472\videoos.management.server.unittests.dll" id="bd593094-a709-e6c9-d878-fc0c35f6698e">
      <Execution id="adcc5cc4-ae6c-4882-b04e-26039c8f0732" />
      <TestMethod codeBase="D:\actions-runner\_work\XPCO\XPCO\Corporate\VideoOS.Management.Server.UnitTests\bin\x64\Debug\net472\VideoOS.Management.Server.UnitTests.dll" adapterTypeName="executor://mstestadapter/v2" className="VideoOS.Management.Server.UnitTests.ServerCommandServiceUnitTests" name="GetServerProtocolTestFailed_OnString" />
    </UnitTest>
    <UnitTest name="GetItemType_WhenObjectNotExists_ReturnsNull" storage="d:\actions-runner\_work\xpco\xpco\corporate\videoos.management.server.unittests\bin\x64\debug\net472\videoos.management.server.unittests.dll" id="91ce0ee3-31d4-1356-8ae9-ffb876c27798">
      <Execution id="100841cb-e8bf-494e-adc5-c7a531dde73c" />
      <TestMethod codeBase="D:\actions-runner\_work\XPCO\XPCO\Corporate\VideoOS.Management.Server.UnitTests\bin\x64\Debug\net472\VideoOS.Management.Server.UnitTests.dll" adapterTypeName="executor://mstestadapter/v2" className="VideoOS.Management.Server.UnitTests.ConfigurationAPI.Rules.Backend.Validation.HardwareParameterValueValidatorTests" name="GetItemType_WhenObjectNotExists_ReturnsNull" />
    </UnitTest>
    <UnitTest name="InvokeMethod_ParamNullCheck_PathTest" storage="d:\actions-runner\_work\xpco\xpco\corporate\videoos.management.server.unittests\bin\x64\debug\net472\videoos.management.server.unittests.dll" id="71818072-84c7-0964-88fe-ceddfcf27a81">
      <Execution id="f25917e0-e200-444d-84c1-3ae0dfa05e70" />
      <TestMethod codeBase="D:\actions-runner\_work\XPCO\XPCO\Corporate\VideoOS.Management.Server.UnitTests\bin\x64\Debug\net472\VideoOS.Management.Server.UnitTests.dll" adapterTypeName="executor://mstestadapter/v2" className="VideoOS.Management.Server.UnitTests.ConfigurationAPI.BusinessObjects.AudioMessage.AudioMessageConfigurationApiTest" name="InvokeMethod_ParamNullCheck_PathTest" />
    </UnitTest>
    <UnitTest name="TryGetPropertyValue_WhenPropertyExistsAndValuePresent_ReturnsTrue" storage="d:\actions-runner\_work\xpco\xpco\corporate\videoos.management.server.unittests\bin\x64\debug\net472\videoos.management.server.unittests.dll" id="85218aea-2ad0-e85b-6cf9-b852346f5e97">
      <Execution id="2fd3fba3-fc22-4acc-b6c7-2ea30d680679" />
      <TestMethod codeBase="D:\actions-runner\_work\XPCO\XPCO\Corporate\VideoOS.Management.Server.UnitTests\bin\x64\Debug\net472\VideoOS.Management.Server.UnitTests.dll" adapterTypeName="executor://mstestadapter/v2" className="VideoOS.Management.Server.UnitTests.ConfigurationAPI.Rules.ConfigurationItemExtensionsTests" name="TryGetPropertyValue_WhenPropertyExistsAndValuePresent_ReturnsTrue" />
    </UnitTest>
    <UnitTest name="ValidateItem_InvalidPathTest" storage="d:\actions-runner\_work\xpco\xpco\corporate\videoos.management.server.unittests\bin\x64\debug\net472\videoos.management.server.unittests.dll" id="2e591e03-87ef-236e-cc76-3deca98a667b">
      <Execution id="4d614cfb-a339-4767-85c4-34795bf2da02" />
      <TestMethod codeBase="D:\actions-runner\_work\XPCO\XPCO\Corporate\VideoOS.Management.Server.UnitTests\bin\x64\Debug\net472\VideoOS.Management.Server.UnitTests.dll" adapterTypeName="executor://mstestadapter/v2" className="VideoOS.Management.Server.UnitTests.ConfigurationAPI.BusinessObjects.SearchTemplate.SearchTemplateConfigurationApiTest" name="ValidateItem_InvalidPathTest" />
    </UnitTest>
    <UnitTest name="GetPropertyValue_WhenValueNotAllowed_Exception" storage="d:\actions-runner\_work\xpco\xpco\corporate\videoos.management.server.unittests\bin\x64\debug\net472\videoos.management.server.unittests.dll" id="05db77e1-8d4c-e250-2dd1-4f9f5e86aff0">
      <Execution id="68823ac1-818d-4f12-8883-a2877c8b712f" />
      <TestMethod codeBase="D:\actions-runner\_work\XPCO\XPCO\Corporate\VideoOS.Management.Server.UnitTests\bin\x64\Debug\net472\VideoOS.Management.Server.UnitTests.dll" adapterTypeName="executor://mstestadapter/v2" className="VideoOS.Management.Server.UnitTests.ConfigurationAPI.Rules.ConfigurationItemExtensionsTests" name="GetPropertyValue_WhenValueNotAllowed_Exception" />
    </UnitTest>
    <UnitTest name="LogException_Returns_FaultExceptionWithVMOExceptionDetail_OnNotVmoServiceExceptionWithVmoMessage" storage="d:\actions-runner\_work\xpco\xpco\corporate\videoos.management.server.unittests\bin\x64\debug\net472\videoos.management.server.unittests.dll" id="8baaeda4-04df-e6cd-5b6b-fc4e3cf70500">
      <TestCategory>
        <TestCategoryItem TestCategory="Exceptions" />
      </TestCategory>
      <Execution id="2ef43712-42f3-443e-88b4-b98e3f3f863d" />
      <TestMethod codeBase="D:\actions-runner\_work\XPCO\XPCO\Corporate\VideoOS.Management.Server.UnitTests\bin\x64\Debug\net472\VideoOS.Management.Server.UnitTests.dll" adapterTypeName="executor://mstestadapter/v2" className="VideoOS.Management.Server.UnitTests.Frameworks.ExceptionHandling.ServerExceptionUtilitiesTests" name="LogException_Returns_FaultExceptionWithVMOExceptionDetail_OnNotVmoServiceExceptionWithVmoMessage" />
    </UnitTest>
    <UnitTest name="InvokeMethod_ParamNullCheck_MethodIdTest" storage="d:\actions-runner\_work\xpco\xpco\corporate\videoos.management.server.unittests\bin\x64\debug\net472\videoos.management.server.unittests.dll" id="2b2111a4-331c-fa06-7344-ef147d28defb">
      <Execution id="86ce692a-7b2a-41b3-91b8-7c1be3879ef1" />
      <TestMethod codeBase="D:\actions-runner\_work\XPCO\XPCO\Corporate\VideoOS.Management.Server.UnitTests\bin\x64\Debug\net472\VideoOS.Management.Server.UnitTests.dll" adapterTypeName="executor://mstestadapter/v2" className="VideoOS.Management.Server.UnitTests.ConfigurationAPI.BusinessObjects.AudioMessage.AudioMessageFolderConfigurationApiTest" name="InvokeMethod_ParamNullCheck_MethodIdTest" />
    </UnitTest>
    <UnitTest name="Build_ActivateArchiving_ReturnsActionModel" storage="d:\actions-runner\_work\xpco\xpco\corporate\videoos.management.server.unittests\bin\x64\debug\net472\videoos.management.server.unittests.dll" id="d3c40996-c352-9d04-c7b8-1406c2f08c97">
      <Execution id="bd469c37-d595-4a1b-9bf4-0193608b6ce6" />
      <TestMethod codeBase="D:\actions-runner\_work\XPCO\XPCO\Corporate\VideoOS.Management.Server.UnitTests\bin\x64\Debug\net472\VideoOS.Management.Server.UnitTests.dll" adapterTypeName="executor://mstestadapter/v2" className="VideoOS.Management.Server.UnitTests.ConfigurationAPI.Rules.Builders.RuleModelActionsBuilderTests" name="Build_ActivateArchiving_ReturnsActionModel" />
    </UnitTest>
    <UnitTest name="SetItem_WhenValidationPassed_CallsModifyLicensePlateList" storage="d:\actions-runner\_work\xpco\xpco\corporate\videoos.management.server.unittests\bin\x64\debug\net472\videoos.management.server.unittests.dll" id="71b31747-d980-01ee-deb2-523fbd44a8d1">
      <Execution id="da4a938e-1b86-4337-83fb-b64204f37e08" />
      <TestMethod codeBase="D:\actions-runner\_work\XPCO\XPCO\Corporate\VideoOS.Management.Server.UnitTests\bin\x64\Debug\net472\VideoOS.Management.Server.UnitTests.dll" adapterTypeName="executor://mstestadapter/v2" className="VideoOS.Management.Server.UnitTests.ConfigurationAPI.LprMatchList.ConfigurationApiServiceTests" name="SetItem_WhenValidationPassed_CallsModifyLicensePlateList" />
    </UnitTest>
    <UnitTest name="GetXml_WhenActionIsTriggerEventOnRemoteSite_MatchesXml" storage="d:\actions-runner\_work\xpco\xpco\corporate\videoos.management.server.unittests\bin\x64\debug\net472\videoos.management.server.unittests.dll" id="c923d87c-5766-d04e-4f9c-cd181e2acb33">
      <Execution id="0caddad2-da2b-4465-9fed-8800e94e6312" />
      <TestMethod codeBase="D:\actions-runner\_work\XPCO\XPCO\Corporate\VideoOS.Management.Server.UnitTests\bin\x64\Debug\net472\VideoOS.Management.Server.UnitTests.dll" adapterTypeName="executor://mstestadapter/v2" className="VideoOS.Management.Server.UnitTests.ConfigurationAPI.Rules.Backend.Builders.ActionXmlBuilderTests" name="GetXml_WhenActionIsTriggerEventOnRemoteSite_MatchesXml" />
    </UnitTest>
    <UnitTest name="SendCommandSecurityVisitor_AuditLogCommand_ArgumentNullException" storage="d:\actions-runner\_work\xpco\xpco\corporate\videoos.management.server.unittests\bin\x64\debug\net472\videoos.management.server.unittests.dll" id="4f254785-4c70-1031-bb49-cc0d4898f4dc">
      <Execution id="50be8c94-791b-4677-9333-9c47b367eca6" />
      <TestMethod codeBase="D:\actions-runner\_work\XPCO\XPCO\Corporate\VideoOS.Management.Server.UnitTests\bin\x64\Debug\net472\VideoOS.Management.Server.UnitTests.dll" adapterTypeName="executor://mstestadapter/v2" className="VideoOS.Management.Server.UnitTests.SendCommandSecurityVisitorTests" name="SendCommandSecurityVisitor_AuditLogCommand_ArgumentNullException" />
    </UnitTest>
    <UnitTest name="GetNextProperties_WhenTimeIntervalStartRuleHasInvalidAction_ReturnsProperties" storage="d:\actions-runner\_work\xpco\xpco\corporate\videoos.management.server.unittests\bin\x64\debug\net472\videoos.management.server.unittests.dll" id="8f515268-6ec9-f4bd-7560-63d80f7f971a">
      <Execution id="966edfef-4959-47d0-a27f-c35dfe9bc534" />
      <TestMethod codeBase="D:\actions-runner\_work\XPCO\XPCO\Corporate\VideoOS.Management.Server.UnitTests\bin\x64\Debug\net472\VideoOS.Management.Server.UnitTests.dll" adapterTypeName="executor://mstestadapter/v2" className="VideoOS.Management.Server.UnitTests.ConfigurationAPI.Rules.Methods.StopRuleTypeStepTests" name="GetNextProperties_WhenTimeIntervalStartRuleHasInvalidAction_ReturnsProperties" />
    </UnitTest>
    <UnitTest name="Build_WhenValid_ReturnsRuleModelWithCorrectNameDescriptionAndId" storage="d:\actions-runner\_work\xpco\xpco\corporate\videoos.management.server.unittests\bin\x64\debug\net472\videoos.management.server.unittests.dll" id="fedc3885-4e98-3c5b-a543-b5ca34f62fe7">
      <Execution id="24d4bb8b-1d56-4cbc-8a42-16192300f221" />
      <TestMethod codeBase="D:\actions-runner\_work\XPCO\XPCO\Corporate\VideoOS.Management.Server.UnitTests\bin\x64\Debug\net472\VideoOS.Management.Server.UnitTests.dll" adapterTypeName="executor://mstestadapter/v2" className="VideoOS.Management.Server.UnitTests.ConfigurationAPI.Rules.Backend.Builders.XmlRuleModelBuilderTests" name="Build_WhenValid_ReturnsRuleModelWithCorrectNameDescriptionAndId" />
    </UnitTest>
    <UnitTest name="Put_UseElementListToUpdateItem_UseIdOfItem" storage="d:\actions-runner\_work\xpco\xpco\corporate\videoos.management.server.unittests\bin\x64\debug\net472\videoos.management.server.unittests.dll" id="4f537729-254e-e9b7-2bf6-42335d655dd2">
      <Execution id="af199c38-2546-45a3-a6c9-6bde050b0ff7" />
      <TestMethod codeBase="D:\actions-runner\_work\XPCO\XPCO\Corporate\VideoOS.Management.Server.UnitTests\bin\x64\Debug\net472\VideoOS.Management.Server.UnitTests.dll" adapterTypeName="executor://mstestadapter/v2" className="VideoOS.Management.Server.UnitTests.RestApi.ConfigurationApiSubControllerTests" name="Put_UseElementListToUpdateItem_UseIdOfItem" />
    </UnitTest>
    <UnitTest name="AsyncRetryExecutionArgumentActionTest" storage="d:\actions-runner\_work\xpco\xpco\corporate\videoos.management.server.unittests\bin\x64\debug\net472\videoos.management.server.unittests.dll" id="a4ba3362-9c98-746c-6358-5af3e3bbdbc5">
      <Execution id="41f48009-1387-45de-af0f-c60a19602ba6" />
      <TestMethod codeBase="D:\actions-runner\_work\XPCO\XPCO\Corporate\VideoOS.Management.Server.UnitTests\bin\x64\Debug\net472\VideoOS.Management.Server.UnitTests.dll" adapterTypeName="executor://mstestadapter/v2" className="VideoOS.Management.Server.UnitTests.BusinessObjects.AsyncRetryExecutionTest" name="AsyncRetryExecutionArgumentActionTest" />
    </UnitTest>
    <UnitTest name="Validate_WhenRequiredFeatureIsLicensed_NoError" storage="d:\actions-runner\_work\xpco\xpco\corporate\videoos.management.server.unittests\bin\x64\debug\net472\videoos.management.server.unittests.dll" id="bd5bda3d-547d-c4c9-36b2-ebcee66a4944">
      <Execution id="28ac4503-6c83-481c-9771-a603c0c6bfd4" />
      <TestMethod codeBase="D:\actions-runner\_work\XPCO\XPCO\Corporate\VideoOS.Management.Server.UnitTests\bin\x64\Debug\net472\VideoOS.Management.Server.UnitTests.dll" adapterTypeName="executor://mstestadapter/v2" className="VideoOS.Management.Server.UnitTests.ConfigurationAPI.Rules.Backend.Validation.ActionsValidatorTests" name="Validate_WhenRequiredFeatureIsLicensed_NoError" />
    </UnitTest>
    <UnitTest name="GetXml_WhenActionIsSaveImageAttachments_MatchesXml" storage="d:\actions-runner\_work\xpco\xpco\corporate\videoos.management.server.unittests\bin\x64\debug\net472\videoos.management.server.unittests.dll" id="85c6e671-c0be-762c-9216-b31aae47ee37">
      <Execution id="2109ff4a-3ec8-4493-b736-4fa028d05279" />
      <TestMethod codeBase="D:\actions-runner\_work\XPCO\XPCO\Corporate\VideoOS.Management.Server.UnitTests\bin\x64\Debug\net472\VideoOS.Management.Server.UnitTests.dll" adapterTypeName="executor://mstestadapter/v2" className="VideoOS.Management.Server.UnitTests.ConfigurationAPI.Rules.Backend.Builders.ActionXmlBuilderTests" name="GetXml_WhenActionIsSaveImageAttachments_MatchesXml" />
    </UnitTest>
    <UnitTest name="SystemSettingsManager_HasSetting_True" storage="d:\actions-runner\_work\xpco\xpco\corporate\videoos.management.server.unittests\bin\x64\debug\net472\videoos.management.server.unittests.dll" id="0f35a510-0305-4c25-8ab5-bebc97a54e75">
      <Execution id="2d2a1985-3e64-431a-95c3-1afbfafbfa10" />
      <TestMethod codeBase="D:\actions-runner\_work\XPCO\XPCO\Corporate\VideoOS.Management.Server.UnitTests\bin\x64\Debug\net472\VideoOS.Management.Server.UnitTests.dll" adapterTypeName="executor://mstestadapter/v2" className="VideoOS.Management.Server.UnitTests.SystemSettingsManagerTests" name="SystemSettingsManager_HasSetting_True" />
    </UnitTest>
    <UnitTest name="Validation_ValidateDouble_PositiveInfinity_ArgumentException" storage="d:\actions-runner\_work\xpco\xpco\corporate\videoos.management.server.unittests\bin\x64\debug\net472\videoos.management.server.unittests.dll" id="f759d54c-41f3-6220-a35e-e9b49c4b3a71">
      <Execution id="64e3322d-8a5d-40d1-b4a6-9a5a0d4ced6f" />
      <TestMethod codeBase="D:\actions-runner\_work\XPCO\XPCO\Corporate\VideoOS.Management.Server.UnitTests\bin\x64\Debug\net472\VideoOS.Management.Server.UnitTests.dll" adapterTypeName="executor://mstestadapter/v2" className="VideoOS.Management.Server.UnitTests.ValidationUnitTests" name="Validation_ValidateDouble_PositiveInfinity_ArgumentException" />
    </UnitTest>
    <UnitTest name="SetItem_ParamNullCheck2" storage="d:\actions-runner\_work\xpco\xpco\corporate\videoos.management.server.unittests\bin\x64\debug\net472\videoos.management.server.unittests.dll" id="f743c6ff-f8fd-9917-3921-6ee9ce3e9c63">
      <Execution id="b3bb4141-4665-40a4-9463-76a32e9aab22" />
      <TestMethod codeBase="D:\actions-runner\_work\XPCO\XPCO\Corporate\VideoOS.Management.Server.UnitTests\bin\x64\Debug\net472\VideoOS.Management.Server.UnitTests.dll" adapterTypeName="executor://mstestadapter/v2" className="VideoOS.Management.Server.UnitTests.ConfigurationAPI.BusinessObjects.BasicOwnerInformationConfigurationApiTests" name="SetItem_ParamNullCheck2" />
    </UnitTest>
    <UnitTest name="Invoke_WhenAllDataIsProvidedAndValid_CreatesRule" storage="d:\actions-runner\_work\xpco\xpco\corporate\videoos.management.server.unittests\bin\x64\debug\net472\videoos.management.server.unittests.dll" id="9d029404-e4a8-40ca-9e0f-18303861faf4">
      <Execution id="cfa56f42-d8ef-4719-941f-7738ac182dab" />
      <TestMethod codeBase="D:\actions-runner\_work\XPCO\XPCO\Corporate\VideoOS.Management.Server.UnitTests\bin\x64\Debug\net472\VideoOS.Management.Server.UnitTests.dll" adapterTypeName="executor://mstestadapter/v2" className="VideoOS.Management.Server.UnitTests.ConfigurationAPI.Rules.Methods.AddRuleTests" name="Invoke_WhenAllDataIsProvidedAndValid_CreatesRule" />
    </UnitTest>
    <UnitTest name="ChangePassword_MethodCalled_CorrectMethodIsCalledOnIdpAdministrationClient" storage="d:\actions-runner\_work\xpco\xpco\corporate\videoos.management.server.unittests\bin\x64\debug\net472\videoos.management.server.unittests.dll" id="d8921411-89fb-ea5d-9f92-134d0d71930c">
      <Execution id="46c52ce0-6db4-427e-9780-a5be31404cb6" />
      <TestMethod codeBase="D:\actions-runner\_work\XPCO\XPCO\Corporate\VideoOS.Management.Server.UnitTests\bin\x64\Debug\net472\VideoOS.Management.Server.UnitTests.dll" adapterTypeName="executor://mstestadapter/v2" className="VideoOS.Management.Server.UnitTests.DataComponents.Idp.UserIdpComponentTests" name="ChangePassword_MethodCalled_CorrectMethodIsCalledOnIdpAdministrationClient" />
    </UnitTest>
    <UnitTest name="Validate_WhenWeeklyFrequency_NoParameters_ReturnsError" storage="d:\actions-runner\_work\xpco\xpco\corporate\videoos.management.server.unittests\bin\x64\debug\net472\videoos.management.server.unittests.dll" id="1a3043fc-c1fb-d65a-81c8-c574be5bdfbe">
      <Execution id="3e1df4cf-40b0-49ab-85bc-cd8739332769" />
      <TestMethod codeBase="D:\actions-runner\_work\XPCO\XPCO\Corporate\VideoOS.Management.Server.UnitTests\bin\x64\Debug\net472\VideoOS.Management.Server.UnitTests.dll" adapterTypeName="executor://mstestadapter/v2" className="VideoOS.Management.Server.UnitTests.ConfigurationAPI.Rules.Backend.Validation.RecurringTimeValidatorTests" name="Validate_WhenWeeklyFrequency_NoParameters_ReturnsError" />
    </UnitTest>
    <UnitTest name="Build_Frequency_WhenDailyIsSet_ReturnsDailyFrequencyModel" storage="d:\actions-runner\_work\xpco\xpco\corporate\videoos.management.server.unittests\bin\x64\debug\net472\videoos.management.server.unittests.dll" id="1692898f-6771-97e5-efaa-ce29f79f04d3">
      <Execution id="e7dc33ab-370e-4e0a-9108-3f3a629b9448" />
      <TestMethod codeBase="D:\actions-runner\_work\XPCO\XPCO\Corporate\VideoOS.Management.Server.UnitTests\bin\x64\Debug\net472\VideoOS.Management.Server.UnitTests.dll" adapterTypeName="executor://mstestadapter/v2" className="VideoOS.Management.Server.UnitTests.ConfigurationAPI.Rules.Builders.RuleModelRecurringTimeBuilderTests" name="Build_Frequency_WhenDailyIsSet_ReturnsDailyFrequencyModel" />
    </UnitTest>
    <UnitTest name="GetItem_NotLicensed" storage="d:\actions-runner\_work\xpco\xpco\corporate\videoos.management.server.unittests\bin\x64\debug\net472\videoos.management.server.unittests.dll" id="9a58927d-9e44-582b-bcea-7443d238dd63">
      <Execution id="dfa1b19c-dc8e-4691-a911-27c4e45195c8" />
      <TestMethod codeBase="D:\actions-runner\_work\XPCO\XPCO\Corporate\VideoOS.Management.Server.UnitTests\bin\x64\Debug\net472\VideoOS.Management.Server.UnitTests.dll" adapterTypeName="executor://mstestadapter/v2" className="VideoOS.Management.Server.UnitTests.ConfigurationAPI.BusinessObjects.SearchTemplate.SearchTemplateConfigurationApiTest" name="GetItem_NotLicensed" />
    </UnitTest>
    <UnitTest name="SetItem_ParamNullCheck_PathTest" storage="d:\actions-runner\_work\xpco\xpco\corporate\videoos.management.server.unittests\bin\x64\debug\net472\videoos.management.server.unittests.dll" id="297049a7-1668-c7d3-b45e-3a1b3376d14b">
      <Execution id="cc309b1e-ada5-4f26-8a69-1cf09b8f2e43" />
      <TestMethod codeBase="D:\actions-runner\_work\XPCO\XPCO\Corporate\VideoOS.Management.Server.UnitTests\bin\x64\Debug\net472\VideoOS.Management.Server.UnitTests.dll" adapterTypeName="executor://mstestadapter/v2" className="VideoOS.Management.Server.UnitTests.ConfigurationAPI.BusinessObjects.CustomProperties.CustomPropertiesConfigurationApiTest" name="SetItem_ParamNullCheck_PathTest" />
    </UnitTest>
    <UnitTest name="Validate_WhenAnySource_ReturnsTrue" storage="d:\actions-runner\_work\xpco\xpco\corporate\videoos.management.server.unittests\bin\x64\debug\net472\videoos.management.server.unittests.dll" id="d0309efd-1526-090c-e8c6-e4a50526b823">
      <Execution id="51f22ff5-45f4-4a4a-995e-6bfbe21e8ed6" />
      <TestMethod codeBase="D:\actions-runner\_work\XPCO\XPCO\Corporate\VideoOS.Management.Server.UnitTests\bin\x64\Debug\net472\VideoOS.Management.Server.UnitTests.dll" adapterTypeName="executor://mstestadapter/v2" className="VideoOS.Management.Server.UnitTests.ConfigurationAPI.Rules.Backend.Validation.SystemDashboardServerParameterValueValidatorTests" name="Validate_WhenAnySource_ReturnsTrue" />
    </UnitTest>
    <UnitTest name="ValidateItem_WhenPropertyIsMissing_PropertyAdded" storage="d:\actions-runner\_work\xpco\xpco\corporate\videoos.management.server.unittests\bin\x64\debug\net472\videoos.management.server.unittests.dll" id="8306425f-7857-895f-8d2c-057d62679263">
      <Execution id="0d111caf-6c8b-485d-ab7d-46e03558780e" />
      <TestMethod codeBase="D:\actions-runner\_work\XPCO\XPCO\Corporate\VideoOS.Management.Server.UnitTests\bin\x64\Debug\net472\VideoOS.Management.Server.UnitTests.dll" adapterTypeName="executor://mstestadapter/v2" className="VideoOS.Management.Server.UnitTests.ConfigurationAPI.Rules.ConfigurationApiServiceTests" name="ValidateItem_WhenPropertyIsMissing_PropertyAdded" />
    </UnitTest>
    <UnitTest name="InvokeMethodAndSerialize_ThrowsException_WhenMethodUnknown" storage="d:\actions-runner\_work\xpco\xpco\corporate\videoos.management.server.unittests\bin\x64\debug\net472\videoos.management.server.unittests.dll" id="6ef55884-3823-6b55-b063-0bf4c25ea7bf">
      <Execution id="9396729b-a471-40c2-ae1a-7610ab4d2352" />
      <TestMethod codeBase="D:\actions-runner\_work\XPCO\XPCO\Corporate\VideoOS.Management.Server.UnitTests\bin\x64\Debug\net472\VideoOS.Management.Server.UnitTests.dll" adapterTypeName="executor://mstestadapter/v2" className="VideoOS.Management.Server.UnitTests.RestApi.ConfigurationApiManagerTests" name="InvokeMethodAndSerialize_ThrowsException_WhenMethodUnknown" />
    </UnitTest>
    <UnitTest name="CreateVmsUser_PasswordNotComplexEnough_ThrowsBasicUserPasswordException" storage="d:\actions-runner\_work\xpco\xpco\corporate\videoos.management.server.unittests\bin\x64\debug\net472\videoos.management.server.unittests.dll" id="2bec9bce-ba06-b8eb-7ec1-aa55d1e0a628">
      <Execution id="c85cec06-70cb-4912-9090-187d6872ecd6" />
      <TestMethod codeBase="D:\actions-runner\_work\XPCO\XPCO\Corporate\VideoOS.Management.Server.UnitTests\bin\x64\Debug\net472\VideoOS.Management.Server.UnitTests.dll" adapterTypeName="executor://mstestadapter/v2" className="VideoOS.Management.Server.UnitTests.DataComponents.Idp.UserIdpComponentTests" name="CreateVmsUser_PasswordNotComplexEnough_ThrowsBasicUserPasswordException" />
    </UnitTest>
    <UnitTest name="ConfigurationItemPath_CreateFolderPath3Strings_ParentPathNull_ArgumentNullException" storage="d:\actions-runner\_work\xpco\xpco\corporate\videoos.management.server.unittests\bin\x64\debug\net472\videoos.management.server.unittests.dll" id="58159017-8b5d-0314-092a-1b063eb67c8d">
      <Execution id="4be04124-3fb2-4ad3-ae05-b30bcd583ac1" />
      <TestMethod codeBase="D:\actions-runner\_work\XPCO\XPCO\Corporate\VideoOS.Management.Server.UnitTests\bin\x64\Debug\net472\VideoOS.Management.Server.UnitTests.dll" adapterTypeName="executor://mstestadapter/v2" className="VideoOS.Management.Server.UnitTests.ConfigurationAPI.ConfigurationItemPathTests" name="ConfigurationItemPath_CreateFolderPath3Strings_ParentPathNull_ArgumentNullException" />
    </UnitTest>
    <UnitTest name="ScheduledAction_StartTwice_ScheduleStartedTwiceStoppedOnes" storage="d:\actions-runner\_work\xpco\xpco\corporate\videoos.management.server.unittests\bin\x64\debug\net472\videoos.management.server.unittests.dll" id="d75d1db1-f52c-d7ed-3710-a49b915bf19a">
      <Execution id="70b8da23-2726-4be6-b7ab-db52ac214a34" />
      <TestMethod codeBase="D:\actions-runner\_work\XPCO\XPCO\Corporate\VideoOS.Management.Server.UnitTests\bin\x64\Debug\net472\VideoOS.Management.Server.UnitTests.dll" adapterTypeName="executor://mstestadapter/v2" className="VideoOS.Management.Server.UnitTests.BusinessObjects.ManagementServer.DataCollection.ScheduledAction.ScheduledActionTest" name="ScheduledAction_StartTwice_ScheduleStartedTwiceStoppedOnes" />
    </UnitTest>
    <UnitTest name="Invoke_WhenPropertyNotFound_ArgumentException" storage="d:\actions-runner\_work\xpco\xpco\corporate\videoos.management.server.unittests\bin\x64\debug\net472\videoos.management.server.unittests.dll" id="c857377c-abe1-fe16-0ece-04bc258afada">
      <Execution id="a53a4e81-0977-4c77-80bd-910e09041503" />
      <TestMethod codeBase="D:\actions-runner\_work\XPCO\XPCO\Corporate\VideoOS.Management.Server.UnitTests\bin\x64\Debug\net472\VideoOS.Management.Server.UnitTests.dll" adapterTypeName="executor://mstestadapter/v2" className="VideoOS.Management.Server.UnitTests.ConfigurationAPI.BusinessObjects.LprMatchList.Methods.AddMatchListTests" name="Invoke_WhenPropertyNotFound_ArgumentException" />
    </UnitTest>
    <UnitTest name="GetChildItems_NotLicensed" storage="d:\actions-runner\_work\xpco\xpco\corporate\videoos.management.server.unittests\bin\x64\debug\net472\videoos.management.server.unittests.dll" id="9aeb6279-b924-91c9-c415-61ed0af0e901">
      <Execution id="18c334b5-4888-4b98-aaa0-9cb93a9f959c" />
      <TestMethod codeBase="D:\actions-runner\_work\XPCO\XPCO\Corporate\VideoOS.Management.Server.UnitTests\bin\x64\Debug\net472\VideoOS.Management.Server.UnitTests.dll" adapterTypeName="executor://mstestadapter/v2" className="VideoOS.Management.Server.UnitTests.ConfigurationAPI.BusinessObjects.SearchTemplate.SearchTemplateConfigurationApiTest" name="GetChildItems_NotLicensed" />
    </UnitTest>
    <UnitTest name="GetItems_ShouldReturnValidRegistrationItem_IfTheyNotExists" storage="d:\actions-runner\_work\xpco\xpco\corporate\videoos.management.server.unittests\bin\x64\debug\net472\videoos.management.server.unittests.dll" id="fcc4e6fe-68db-c6bb-3cc6-f7f38876d1c0">
      <Execution id="3949816c-18f7-4e53-8c6c-2c5402dfd1d1" />
      <TestMethod codeBase="D:\actions-runner\_work\XPCO\XPCO\Corporate\VideoOS.Management.Server.UnitTests\bin\x64\Debug\net472\VideoOS.Management.Server.UnitTests.dll" adapterTypeName="executor://mstestadapter/v2" className="VideoOS.Management.Server.UnitTests.BusinessObjects.ManagementServer.MIPItem.MIPItemTests" name="GetItems_ShouldReturnValidRegistrationItem_IfTheyNotExists" />
    </UnitTest>
    <UnitTest name="Invoke_ArgumentException2" storage="d:\actions-runner\_work\xpco\xpco\corporate\videoos.management.server.unittests\bin\x64\debug\net472\videoos.management.server.unittests.dll" id="838631cd-f963-90fc-c3f4-ed6a335f7386">
      <Execution id="f04ff996-3f32-44b5-ba46-e30deedb7e6a" />
      <TestMethod codeBase="D:\actions-runner\_work\XPCO\XPCO\Corporate\VideoOS.Management.Server.UnitTests\bin\x64\Debug\net472\VideoOS.Management.Server.UnitTests.dll" adapterTypeName="executor://mstestadapter/v2" className="VideoOS.Management.Server.UnitTests.ConfigurationAPI.BusinessObjects.BasicOwnerInformationConfigurationApiTests" name="Invoke_ArgumentException2" />
    </UnitTest>
    <UnitTest name="TestBuild_RegistrationNumbers_Correct" storage="d:\actions-runner\_work\xpco\xpco\corporate\videoos.management.server.unittests\bin\x64\debug\net472\videoos.management.server.unittests.dll" id="4aed62e3-bbc0-679e-7f6e-f9d3d20c41b3">
      <Execution id="bdd99a10-31e9-45d9-9061-c392594bac08" />
      <TestMethod codeBase="D:\actions-runner\_work\XPCO\XPCO\Corporate\VideoOS.Management.Server.UnitTests\bin\x64\Debug\net472\VideoOS.Management.Server.UnitTests.dll" adapterTypeName="executor://mstestadapter/v2" className="VideoOS.Management.Server.UnitTests.ConfigurationAPI.BusinessObjects.LprMatchiList.ConfigurationItemBuilderTests" name="TestBuild_RegistrationNumbers_Correct" />
    </UnitTest>
    <UnitTest name="TryGetPropertyValueIfValid_WhenValueMissingOrNotAllowed_ReturnsFalse" storage="d:\actions-runner\_work\xpco\xpco\corporate\videoos.management.server.unittests\bin\x64\debug\net472\videoos.management.server.unittests.dll" id="9c70a032-e9c2-ef3d-aa98-e41ecb431ad9">
      <Execution id="ff913650-b40e-4c9f-8ebd-dbfd89fbb02a" />
      <TestMethod codeBase="D:\actions-runner\_work\XPCO\XPCO\Corporate\VideoOS.Management.Server.UnitTests\bin\x64\Debug\net472\VideoOS.Management.Server.UnitTests.dll" adapterTypeName="executor://mstestadapter/v2" className="VideoOS.Management.Server.UnitTests.ConfigurationAPI.Rules.ConfigurationItemExtensionsTests" name="TryGetPropertyValueIfValid_WhenValueMissingOrNotAllowed_ReturnsFalse" />
    </UnitTest>
    <UnitTest name="GetNextProperties_WhenRuleTypeIsEvent_EventSourcesNotPresent_ReturnsEventSourcesProperty" storage="d:\actions-runner\_work\xpco\xpco\corporate\videoos.management.server.unittests\bin\x64\debug\net472\videoos.management.server.unittests.dll" id="774e7c94-fecb-4c0f-a5b0-c792ec61c048">
      <Execution id="b8eef3a1-29d8-4a5f-844c-27d2ef5f821c" />
      <TestMethod codeBase="D:\actions-runner\_work\XPCO\XPCO\Corporate\VideoOS.Management.Server.UnitTests\bin\x64\Debug\net472\VideoOS.Management.Server.UnitTests.dll" adapterTypeName="executor://mstestadapter/v2" className="VideoOS.Management.Server.UnitTests.ConfigurationAPI.Rules.Methods.StopRuleTypeStepTests" name="GetNextProperties_WhenRuleTypeIsEvent_EventSourcesNotPresent_ReturnsEventSourcesProperty" />
    </UnitTest>
    <UnitTest name="GetCurrentProperties_WhenBasicPropertiesHaveNoValue_ReturnsProperties" storage="d:\actions-runner\_work\xpco\xpco\corporate\videoos.management.server.unittests\bin\x64\debug\net472\videoos.management.server.unittests.dll" id="ef6e298b-3b57-a101-fc06-1de33d52559e">
      <Execution id="774e8baa-b378-411c-a6ba-026fb0814fec" />
      <TestMethod codeBase="D:\actions-runner\_work\XPCO\XPCO\Corporate\VideoOS.Management.Server.UnitTests\bin\x64\Debug\net472\VideoOS.Management.Server.UnitTests.dll" adapterTypeName="executor://mstestadapter/v2" className="VideoOS.Management.Server.UnitTests.ConfigurationAPI.Rules.Methods.BasicInfoStepTests" name="GetCurrentProperties_WhenBasicPropertiesHaveNoValue_ReturnsProperties" />
    </UnitTest>
    <UnitTest name="SendCommandSecurityVisitor_UpdateSecurityManagerCommand_SecurityPermissionsDevice_Input_Add_Allowed" storage="d:\actions-runner\_work\xpco\xpco\corporate\videoos.management.server.unittests\bin\x64\debug\net472\videoos.management.server.unittests.dll" id="62185d14-ff60-3cd1-9d49-a2edf2e205f7">
      <Execution id="515856c8-75d2-4e75-8829-4db9dba4bcf6" />
      <TestMethod codeBase="D:\actions-runner\_work\XPCO\XPCO\Corporate\VideoOS.Management.Server.UnitTests\bin\x64\Debug\net472\VideoOS.Management.Server.UnitTests.dll" adapterTypeName="executor://mstestadapter/v2" className="VideoOS.Management.Server.UnitTests.SendCommandSecurityVisitorTests" name="SendCommandSecurityVisitor_UpdateSecurityManagerCommand_SecurityPermissionsDevice_Input_Add_Allowed" />
    </UnitTest>
    <UnitTest name="Validate_WhenObjectNotExists_ReturnsFalse" storage="d:\actions-runner\_work\xpco\xpco\corporate\videoos.management.server.unittests\bin\x64\debug\net472\videoos.management.server.unittests.dll" id="e74ba4b2-cf92-b242-ecbe-0429db4c8c07">
      <Execution id="4ede18a9-d70b-41c0-ac8e-a48722b45396" />
      <TestMethod codeBase="D:\actions-runner\_work\XPCO\XPCO\Corporate\VideoOS.Management.Server.UnitTests\bin\x64\Debug\net472\VideoOS.Management.Server.UnitTests.dll" adapterTypeName="executor://mstestadapter/v2" className="VideoOS.Management.Server.UnitTests.ConfigurationAPI.Rules.Backend.Validation.ValueValidators.TimeProfileValueValidatorTests" name="Validate_WhenObjectNotExists_ReturnsFalse" />
    </UnitTest>
    <UnitTest name="GetXml_WhenConditionIsWithinTimeProfile_MatchesXml" storage="d:\actions-runner\_work\xpco\xpco\corporate\videoos.management.server.unittests\bin\x64\debug\net472\videoos.management.server.unittests.dll" id="d8a2b6f0-169e-2612-0d57-6188325e1d6e">
      <Execution id="879672a1-785b-4d23-a8f7-a9a1a2ff7f0d" />
      <TestMethod codeBase="D:\actions-runner\_work\XPCO\XPCO\Corporate\VideoOS.Management.Server.UnitTests\bin\x64\Debug\net472\VideoOS.Management.Server.UnitTests.dll" adapterTypeName="executor://mstestadapter/v2" className="VideoOS.Management.Server.UnitTests.ConfigurationAPI.Rules.Backend.Builders.ConditionXmlBuilderTests" name="GetXml_WhenConditionIsWithinTimeProfile_MatchesXml" />
    </UnitTest>
    <UnitTest name="Validate_WhenTimeSpanTypeNotMatching_Error" storage="d:\actions-runner\_work\xpco\xpco\corporate\videoos.management.server.unittests\bin\x64\debug\net472\videoos.management.server.unittests.dll" id="c81c7588-3591-0541-f31b-c372d57c0eac">
      <Execution id="2553a499-f8e1-448d-b6aa-f8fb2c0f90e2" />
      <TestMethod codeBase="D:\actions-runner\_work\XPCO\XPCO\Corporate\VideoOS.Management.Server.UnitTests\bin\x64\Debug\net472\VideoOS.Management.Server.UnitTests.dll" adapterTypeName="executor://mstestadapter/v2" className="VideoOS.Management.Server.UnitTests.ConfigurationAPI.Rules.Backend.Validation.RuleParametersValidatorTests" name="Validate_WhenTimeSpanTypeNotMatching_Error" />
    </UnitTest>
    <UnitTest name="Validate_WhenPropertyNameInDefinitionIsNotSet_NameIsUsed" storage="d:\actions-runner\_work\xpco\xpco\corporate\videoos.management.server.unittests\bin\x64\debug\net472\videoos.management.server.unittests.dll" id="ec7958e5-6b27-ec74-be39-d284af62c103">
      <Execution id="473d77af-5747-4d91-9f7e-f4e647f445d8" />
      <TestMethod codeBase="D:\actions-runner\_work\XPCO\XPCO\Corporate\VideoOS.Management.Server.UnitTests\bin\x64\Debug\net472\VideoOS.Management.Server.UnitTests.dll" adapterTypeName="executor://mstestadapter/v2" className="VideoOS.Management.Server.UnitTests.ConfigurationAPI.Rules.Backend.Validation.RuleParametersValidatorTests" name="Validate_WhenPropertyNameInDefinitionIsNotSet_NameIsUsed" />
    </UnitTest>
    <UnitTest name="CreateSearchTemplate_Public_Allowed" storage="d:\actions-runner\_work\xpco\xpco\corporate\videoos.management.server.unittests\bin\x64\debug\net472\videoos.management.server.unittests.dll" id="2a690d6d-9310-83ac-99dd-467bb25feca8">
      <Execution id="78cc9bc7-d174-476e-9541-3177d7204548" />
      <TestMethod codeBase="D:\actions-runner\_work\XPCO\XPCO\Corporate\VideoOS.Management.Server.UnitTests\bin\x64\Debug\net472\VideoOS.Management.Server.UnitTests.dll" adapterTypeName="executor://mstestadapter/v2" className="VideoOS.Management.Server.UnitTests.BusinessObjects.ManagementServer.SearchTemplate.SearchTemplateItemTests" name="CreateSearchTemplate_Public_Allowed" />
    </UnitTest>
    <UnitTest name="SendCommandSecurityVisitor_UpdateConfigurationManagerCommand_Output_Edit_Allowed" storage="d:\actions-runner\_work\xpco\xpco\corporate\videoos.management.server.unittests\bin\x64\debug\net472\videoos.management.server.unittests.dll" id="43a64c45-375a-26d2-b50b-cad1b18d7a62">
      <Execution id="4393c53b-5419-472b-9da1-e74afa5b331f" />
      <TestMethod codeBase="D:\actions-runner\_work\XPCO\XPCO\Corporate\VideoOS.Management.Server.UnitTests\bin\x64\Debug\net472\VideoOS.Management.Server.UnitTests.dll" adapterTypeName="executor://mstestadapter/v2" className="VideoOS.Management.Server.UnitTests.SendCommandSecurityVisitorTests" name="SendCommandSecurityVisitor_UpdateConfigurationManagerCommand_Output_Edit_Allowed" />
    </UnitTest>
    <UnitTest name="Get_Item_Recording_Server_Is_Null_ServerExceptionFault_Expected" storage="d:\actions-runner\_work\xpco\xpco\corporate\videoos.management.server.unittests\bin\x64\debug\net472\videoos.management.server.unittests.dll" id="819bb8d7-624c-c81d-056d-ce2fa5c01e81">
      <Execution id="0d60d341-49ca-4a2b-a3c0-8faf5a016915" />
      <TestMethod codeBase="D:\actions-runner\_work\XPCO\XPCO\Corporate\VideoOS.Management.Server.UnitTests\bin\x64\Debug\net472\VideoOS.Management.Server.UnitTests.dll" adapterTypeName="executor://mstestadapter/v2" className="VideoOS.Management.Server.UnitTests.ConfigurationAPI.TaskConfigurationApiTest" name="Get_Item_Recording_Server_Is_Null_ServerExceptionFault_Expected" />
    </UnitTest>
    <UnitTest name="Invoke_WhenSecondTime_PerformsAction" storage="d:\actions-runner\_work\xpco\xpco\corporate\videoos.management.server.unittests\bin\x64\debug\net472\videoos.management.server.unittests.dll" id="48c924d3-dbf3-3bf7-a4aa-42597a185c86">
      <Execution id="8463f28b-aa6f-42de-943c-83da9022c0e6" />
      <TestMethod codeBase="D:\actions-runner\_work\XPCO\XPCO\Corporate\VideoOS.Management.Server.UnitTests\bin\x64\Debug\net472\VideoOS.Management.Server.UnitTests.dll" adapterTypeName="executor://mstestadapter/v2" className="VideoOS.Management.Server.UnitTests.ConfigurationAPI.BusinessObjects.LprMatchList.Methods.DeleteRegistrationNumbersTests" name="Invoke_WhenSecondTime_PerformsAction" />
    </UnitTest>
    <UnitTest name="CreateSearchTemplate_ParamNullCheck_RequestContext" storage="d:\actions-runner\_work\xpco\xpco\corporate\videoos.management.server.unittests\bin\x64\debug\net472\videoos.management.server.unittests.dll" id="601df01d-de21-4da5-6581-aabf9bd39cd0">
      <Execution id="4777b706-093a-439c-a62a-3f7eec10f22d" />
      <TestMethod codeBase="D:\actions-runner\_work\XPCO\XPCO\Corporate\VideoOS.Management.Server.UnitTests\bin\x64\Debug\net472\VideoOS.Management.Server.UnitTests.dll" adapterTypeName="executor://mstestadapter/v2" className="VideoOS.Management.Server.UnitTests.BusinessObjects.ManagementServer.SearchTemplate.SearchTemplateItemTests" name="CreateSearchTemplate_ParamNullCheck_RequestContext" />
    </UnitTest>
    <UnitTest name="Invoke_ChangeLicense_SunnyDay" storage="d:\actions-runner\_work\xpco\xpco\corporate\videoos.management.server.unittests\bin\x64\debug\net472\videoos.management.server.unittests.dll" id="5cf2d564-1ce0-5108-b49f-dfd4807437f9">
      <Execution id="b28a0c02-fd25-4a1c-bf9e-33dac9b22faf" />
      <TestMethod codeBase="D:\actions-runner\_work\XPCO\XPCO\Corporate\VideoOS.Management.Server.UnitTests\bin\x64\Debug\net472\VideoOS.Management.Server.UnitTests.dll" adapterTypeName="executor://mstestadapter/v2" className="VideoOS.Management.Server.UnitTests.ConfigurationAPI.BusinessObjects.LicenseConfigurationApiTests" name="Invoke_ChangeLicense_SunnyDay" />
    </UnitTest>
    <UnitTest name="TryParseRuleType_FrequencyMonthlyRelative_FirstWednesdayOfEveryMonth_ReturnsTrue" storage="d:\actions-runner\_work\xpco\xpco\corporate\videoos.management.server.unittests\bin\x64\debug\net472\videoos.management.server.unittests.dll" id="d8a2657b-04dc-8045-0005-eb1bd8ecb143">
      <Execution id="d100ff0f-4667-43b1-a10b-cc0d21af52c9" />
      <TestMethod codeBase="D:\actions-runner\_work\XPCO\XPCO\Corporate\VideoOS.Management.Server.UnitTests\bin\x64\Debug\net472\VideoOS.Management.Server.UnitTests.dll" adapterTypeName="executor://mstestadapter/v2" className="VideoOS.Management.Server.UnitTests.ConfigurationAPI.Rules.Backend.Builders.RuleTypeParserRecurringTimeTests" name="TryParseRuleType_FrequencyMonthlyRelative_FirstWednesdayOfEveryMonth_ReturnsTrue" />
    </UnitTest>
    <UnitTest name="Validate_WhenArrayTypeNotMatching_Error" storage="d:\actions-runner\_work\xpco\xpco\corporate\videoos.management.server.unittests\bin\x64\debug\net472\videoos.management.server.unittests.dll" id="76026d77-dc61-4839-3570-be7939e2726c">
      <Execution id="79d5013e-414c-4245-a825-5e45c608fa78" />
      <TestMethod codeBase="D:\actions-runner\_work\XPCO\XPCO\Corporate\VideoOS.Management.Server.UnitTests\bin\x64\Debug\net472\VideoOS.Management.Server.UnitTests.dll" adapterTypeName="executor://mstestadapter/v2" className="VideoOS.Management.Server.UnitTests.ConfigurationAPI.Rules.Backend.Validation.RuleParametersValidatorTests" name="Validate_WhenArrayTypeNotMatching_Error" />
    </UnitTest>
    <UnitTest name="RequestContext_Format_InvalidTests" storage="d:\actions-runner\_work\xpco\xpco\corporate\videoos.management.server.unittests\bin\x64\debug\net472\videoos.management.server.unittests.dll" id="871876d6-5e58-981d-79d9-55c3c7a26860">
      <Execution id="6f116ddc-58e1-4e61-a250-1f725e64bef3" />
      <TestMethod codeBase="D:\actions-runner\_work\XPCO\XPCO\Corporate\VideoOS.Management.Server.UnitTests\bin\x64\Debug\net472\VideoOS.Management.Server.UnitTests.dll" adapterTypeName="executor://mstestadapter/v2" className="VideoOS.Management.Server.UnitTests.RestApi.ConfigurationApiManagerTests" name="RequestContext_Format_InvalidTests" />
    </UnitTest>
    <UnitTest name="ClientVersionHandling_CheckSmartClientVersion_FIPS_NewClient" storage="d:\actions-runner\_work\xpco\xpco\corporate\videoos.management.server.unittests\bin\x64\debug\net472\videoos.management.server.unittests.dll" id="d7114e29-bd08-8b2f-56c5-c00e5cae6e91">
      <Execution id="9519bf52-79f2-452e-832b-c687d3253f75" />
      <TestMethod codeBase="D:\actions-runner\_work\XPCO\XPCO\Corporate\VideoOS.Management.Server.UnitTests\bin\x64\Debug\net472\VideoOS.Management.Server.UnitTests.dll" adapterTypeName="executor://mstestadapter/v2" className="VideoOS.Management.Server.UnitTests.ClientVersionHandlingTest" name="ClientVersionHandling_CheckSmartClientVersion_FIPS_NewClient" />
    </UnitTest>
    <UnitTest name="GetItem_FindSaveSearches_UnknownId" storage="d:\actions-runner\_work\xpco\xpco\corporate\videoos.management.server.unittests\bin\x64\debug\net472\videoos.management.server.unittests.dll" id="5e13069d-378e-1ef9-4c12-328c03c0f586">
      <Execution id="ffc5fb9a-2a2a-404e-a5dd-b49916a21d67" />
      <TestMethod codeBase="D:\actions-runner\_work\XPCO\XPCO\Corporate\VideoOS.Management.Server.UnitTests\bin\x64\Debug\net472\VideoOS.Management.Server.UnitTests.dll" adapterTypeName="executor://mstestadapter/v2" className="VideoOS.Management.Server.UnitTests.ConfigurationAPI.BusinessObjects.SearchTemplate.SearchTemplateConfigurationApiTest" name="GetItem_FindSaveSearches_UnknownId" />
    </UnitTest>
    <UnitTest name="DevicePtzPresets_QueryPtzPresets_UnknownDevice_DeviceNotFoundException" storage="d:\actions-runner\_work\xpco\xpco\corporate\videoos.management.server.unittests\bin\x64\debug\net472\videoos.management.server.unittests.dll" id="99c7c769-566f-bf9b-5fab-d23af7dbb82b">
      <Execution id="0290711c-bf57-4ae0-ac16-10389c1a4844" />
      <TestMethod codeBase="D:\actions-runner\_work\XPCO\XPCO\Corporate\VideoOS.Management.Server.UnitTests\bin\x64\Debug\net472\VideoOS.Management.Server.UnitTests.dll" adapterTypeName="executor://mstestadapter/v2" className="VideoOS.Management.Server.UnitTests.BusinessObjects.DevicePtzPresetsUnitTests" name="DevicePtzPresets_QueryPtzPresets_UnknownDevice_DeviceNotFoundException" />
    </UnitTest>
    <UnitTest name="SendCommandSecurityVisitor_UpdateConfigurationManagerCommand_NonMotionPlugin_Delete_NotSupportedException" storage="d:\actions-runner\_work\xpco\xpco\corporate\videoos.management.server.unittests\bin\x64\debug\net472\videoos.management.server.unittests.dll" id="393b1670-eeef-f797-65d8-457204160c64">
      <Execution id="090e5f01-bbff-4b93-b36a-2fdbd693f661" />
      <TestMethod codeBase="D:\actions-runner\_work\XPCO\XPCO\Corporate\VideoOS.Management.Server.UnitTests\bin\x64\Debug\net472\VideoOS.Management.Server.UnitTests.dll" adapterTypeName="executor://mstestadapter/v2" className="VideoOS.Management.Server.UnitTests.SendCommandSecurityVisitorTests" name="SendCommandSecurityVisitor_UpdateConfigurationManagerCommand_NonMotionPlugin_Delete_NotSupportedException" />
    </UnitTest>
    <UnitTest name="SidUtilityIsCorporateIdentityForBasicUserWithGuidTest" storage="d:\actions-runner\_work\xpco\xpco\corporate\videoos.management.server.unittests\bin\x64\debug\net472\videoos.management.server.unittests.dll" id="9fd181c0-81a7-2090-5eb7-bb57e1ac56dc">
      <Execution id="e8ef974d-43b1-4a12-8cf1-a1ed6dc7d1a3" />
      <TestMethod codeBase="D:\actions-runner\_work\XPCO\XPCO\Corporate\VideoOS.Management.Server.UnitTests\bin\x64\Debug\net472\VideoOS.Management.Server.UnitTests.dll" adapterTypeName="executor://mstestadapter/v2" className="VideoOS.Management.Server.UnitTests.Security.SidUtilsTest" name="SidUtilityIsCorporateIdentityForBasicUserWithGuidTest" />
    </UnitTest>
    <UnitTest name="ClientProfileEncryptionHelper_Encrypt" storage="d:\actions-runner\_work\xpco\xpco\corporate\videoos.management.server.unittests\bin\x64\debug\net472\videoos.management.server.unittests.dll" id="ebaee34d-dbc5-1e0c-d43a-1f0b6cbb65b7">
      <Execution id="7b82cb37-8196-46ef-8ef9-7396dc590ed7" />
      <TestMethod codeBase="D:\actions-runner\_work\XPCO\XPCO\Corporate\VideoOS.Management.Server.UnitTests\bin\x64\Debug\net472\VideoOS.Management.Server.UnitTests.dll" adapterTypeName="executor://mstestadapter/v2" className="VideoOS.Management.Server.UnitTests.BusinessObjects.ManagementServer.ClientProfile.ClientProfileEncryptionHelperTest" name="ClientProfileEncryptionHelper_Encrypt" />
    </UnitTest>
    <UnitTest name="Patch_UnknownResource_ExceptionNotCaught" storage="d:\actions-runner\_work\xpco\xpco\corporate\videoos.management.server.unittests\bin\x64\debug\net472\videoos.management.server.unittests.dll" id="ed4b8a1e-f169-e44d-ce09-061fa07c9f6c">
      <Execution id="aa90138e-f3eb-498e-b16c-b0b36868eff3" />
      <TestMethod codeBase="D:\actions-runner\_work\XPCO\XPCO\Corporate\VideoOS.Management.Server.UnitTests\bin\x64\Debug\net472\VideoOS.Management.Server.UnitTests.dll" adapterTypeName="executor://mstestadapter/v2" className="VideoOS.Management.Server.UnitTests.RestApi.SpecificItemControllerTests" name="Patch_UnknownResource_ExceptionNotCaught" />
    </UnitTest>
    <UnitTest name="DeviceEvents_QueryEvents_Null_Path_Exception" storage="d:\actions-runner\_work\xpco\xpco\corporate\videoos.management.server.unittests\bin\x64\debug\net472\videoos.management.server.unittests.dll" id="76d29535-0937-cae7-54d7-75b6195d406f">
      <Execution id="84e0ef67-ec7b-412b-9e73-e8a307db1438" />
      <TestMethod codeBase="D:\actions-runner\_work\XPCO\XPCO\Corporate\VideoOS.Management.Server.UnitTests\bin\x64\Debug\net472\VideoOS.Management.Server.UnitTests.dll" adapterTypeName="executor://mstestadapter/v2" className="VideoOS.Management.Server.UnitTests.BusinessObjects.DeviceEventsUnitTests" name="DeviceEvents_QueryEvents_Null_Path_Exception" />
    </UnitTest>
    <UnitTest name="CreateSearchTemplateFind_ParamNullCheck_RequestContext" storage="d:\actions-runner\_work\xpco\xpco\corporate\videoos.management.server.unittests\bin\x64\debug\net472\videoos.management.server.unittests.dll" id="5c96f0ff-d30b-8c44-6334-5e514bd044ce">
      <Execution id="f3644c29-eff2-40db-8ca9-f67f35726799" />
      <TestMethod codeBase="D:\actions-runner\_work\XPCO\XPCO\Corporate\VideoOS.Management.Server.UnitTests\bin\x64\Debug\net472\VideoOS.Management.Server.UnitTests.dll" adapterTypeName="executor://mstestadapter/v2" className="VideoOS.Management.Server.UnitTests.BusinessObjects.ManagementServer.SearchTemplate.SearchTemplateFindTests" name="CreateSearchTemplateFind_ParamNullCheck_RequestContext" />
    </UnitTest>
    <UnitTest name="NamespaceGuidEmptyTest" storage="d:\actions-runner\_work\xpco\xpco\corporate\videoos.management.server.unittests\bin\x64\debug\net472\videoos.management.server.unittests.dll" id="ace68e13-6cae-ee2c-030b-82989f51053c">
      <Execution id="002d9c5c-226c-49de-9ce6-9a0d247a2a84" />
      <TestMethod codeBase="D:\actions-runner\_work\XPCO\XPCO\Corporate\VideoOS.Management.Server.UnitTests\bin\x64\Debug\net472\VideoOS.Management.Server.UnitTests.dll" adapterTypeName="executor://mstestadapter/v2" className="VideoOS.Management.Server.UnitTests.SecurityNamespaceInfoTest" name="NamespaceGuidEmptyTest" />
    </UnitTest>
    <UnitTest name="ServerProxyService_GetConfigurationDataSetTables_Recorders_NotAllowed_RowRemoved" storage="d:\actions-runner\_work\xpco\xpco\corporate\videoos.management.server.unittests\bin\x64\debug\net472\videoos.management.server.unittests.dll" id="55e51d95-8eb9-e867-4eb1-f81c48df6a47">
      <Execution id="ee180286-0f04-4402-b22f-a278c9b08e71" />
      <TestMethod codeBase="D:\actions-runner\_work\XPCO\XPCO\Corporate\VideoOS.Management.Server.UnitTests\bin\x64\Debug\net472\VideoOS.Management.Server.UnitTests.dll" adapterTypeName="executor://mstestadapter/v2" className="VideoOS.Management.Server.UnitTests.ServerProxyServiceUnitTests" name="ServerProxyService_GetConfigurationDataSetTables_Recorders_NotAllowed_RowRemoved" />
    </UnitTest>
    <UnitTest name="GetChildItems_ParamNullCheck_RequestContextTest" storage="d:\actions-runner\_work\xpco\xpco\corporate\videoos.management.server.unittests\bin\x64\debug\net472\videoos.management.server.unittests.dll" id="e4f7af82-0951-a71c-7205-caa5bd46a135">
      <Execution id="8130ba84-d21f-4777-bc50-536ffd42e297" />
      <TestMethod codeBase="D:\actions-runner\_work\XPCO\XPCO\Corporate\VideoOS.Management.Server.UnitTests\bin\x64\Debug\net472\VideoOS.Management.Server.UnitTests.dll" adapterTypeName="executor://mstestadapter/v2" className="VideoOS.Management.Server.UnitTests.ConfigurationAPI.BusinessObjects.BasicOwnerInformationConfigurationApiTests" name="GetChildItems_ParamNullCheck_RequestContextTest" />
    </UnitTest>
    <UnitTest name="SendCommandSecurityVisitor_UpdateRecorderStatusCommand_NotSupportedException" storage="d:\actions-runner\_work\xpco\xpco\corporate\videoos.management.server.unittests\bin\x64\debug\net472\videoos.management.server.unittests.dll" id="7e7d66c4-e770-561e-982b-064a58b634b0">
      <Execution id="846c231e-1e8d-4d56-a0f3-498c27b1a0ba" />
      <TestMethod codeBase="D:\actions-runner\_work\XPCO\XPCO\Corporate\VideoOS.Management.Server.UnitTests\bin\x64\Debug\net472\VideoOS.Management.Server.UnitTests.dll" adapterTypeName="executor://mstestadapter/v2" className="VideoOS.Management.Server.UnitTests.SendCommandSecurityVisitorTests" name="SendCommandSecurityVisitor_UpdateRecorderStatusCommand_NotSupportedException" />
    </UnitTest>
    <UnitTest name="FindSearchTemplates_ByAllParams_Public_Allowed" storage="d:\actions-runner\_work\xpco\xpco\corporate\videoos.management.server.unittests\bin\x64\debug\net472\videoos.management.server.unittests.dll" id="d6f07851-bc0a-3b0c-8dbd-66c873ca4b7a">
      <Execution id="af781455-1d31-4465-909b-dfc01c48c791" />
      <TestMethod codeBase="D:\actions-runner\_work\XPCO\XPCO\Corporate\VideoOS.Management.Server.UnitTests\bin\x64\Debug\net472\VideoOS.Management.Server.UnitTests.dll" adapterTypeName="executor://mstestadapter/v2" className="VideoOS.Management.Server.UnitTests.BusinessObjects.ManagementServer.SearchTemplate.SearchTemplateFindTests" name="FindSearchTemplates_ByAllParams_Public_Allowed" />
    </UnitTest>
    <UnitTest name="SendCommandSecurityVisitor_UpdateConfigurationManagerCommand_PatrollingProfile_Edit_Allowed" storage="d:\actions-runner\_work\xpco\xpco\corporate\videoos.management.server.unittests\bin\x64\debug\net472\videoos.management.server.unittests.dll" id="2f8f093e-e2cb-eabe-9002-ccb84e5453ae">
      <Execution id="b0d002bb-42e5-4d1e-9c8b-33a6e5ae8f14" />
      <TestMethod codeBase="D:\actions-runner\_work\XPCO\XPCO\Corporate\VideoOS.Management.Server.UnitTests\bin\x64\Debug\net472\VideoOS.Management.Server.UnitTests.dll" adapterTypeName="executor://mstestadapter/v2" className="VideoOS.Management.Server.UnitTests.SendCommandSecurityVisitorTests" name="SendCommandSecurityVisitor_UpdateConfigurationManagerCommand_PatrollingProfile_Edit_Allowed" />
    </UnitTest>
    <UnitTest name="ConfigurationItemPathBuilder_Constructor_PathNull_ArgumentNullException" storage="d:\actions-runner\_work\xpco\xpco\corporate\videoos.management.server.unittests\bin\x64\debug\net472\videoos.management.server.unittests.dll" id="9a82231a-d9a6-70f2-cca8-14d859363fba">
      <Execution id="d1d749f3-cf24-4bd5-8c04-b48390622d7b" />
      <TestMethod codeBase="D:\actions-runner\_work\XPCO\XPCO\Corporate\VideoOS.Management.Server.UnitTests\bin\x64\Debug\net472\VideoOS.Management.Server.UnitTests.dll" adapterTypeName="executor://mstestadapter/v2" className="VideoOS.Management.Server.UnitTests.ConfigurationAPI.ConfigurationItemPathBuilderTests" name="ConfigurationItemPathBuilder_Constructor_PathNull_ArgumentNullException" />
    </UnitTest>
    <UnitTest name="Patch_EmptyRequestBody_ThrowsException" storage="d:\actions-runner\_work\xpco\xpco\corporate\videoos.management.server.unittests\bin\x64\debug\net472\videoos.management.server.unittests.dll" id="9482aec0-25fc-1383-f418-9c29dc86523e">
      <Execution id="7521835b-266c-4704-b087-8130a743744b" />
      <TestMethod codeBase="D:\actions-runner\_work\XPCO\XPCO\Corporate\VideoOS.Management.Server.UnitTests\bin\x64\Debug\net472\VideoOS.Management.Server.UnitTests.dll" adapterTypeName="executor://mstestadapter/v2" className="VideoOS.Management.Server.UnitTests.RestApi.SpecificItemControllerTests" name="Patch_EmptyRequestBody_ThrowsException" />
    </UnitTest>
    <UnitTest name="DeviceEvents_FilterEventsByHwid_Success" storage="d:\actions-runner\_work\xpco\xpco\corporate\videoos.management.server.unittests\bin\x64\debug\net472\videoos.management.server.unittests.dll" id="ecacd533-673c-ef58-d705-da326531e5a2">
      <Execution id="bec8159f-849c-419a-acb2-30af46fbb9bc" />
      <TestMethod codeBase="D:\actions-runner\_work\XPCO\XPCO\Corporate\VideoOS.Management.Server.UnitTests\bin\x64\Debug\net472\VideoOS.Management.Server.UnitTests.dll" adapterTypeName="executor://mstestadapter/v2" className="VideoOS.Management.Server.UnitTests.BusinessObjects.DeviceEventsUnitTests" name="DeviceEvents_FilterEventsByHwid_Success" />
    </UnitTest>
    <UnitTest name="GetCurrentProperties_WhenRuleTypeIsEvent_EventGroupNotPresent_ReturnsRuleTypeProperty" storage="d:\actions-runner\_work\xpco\xpco\corporate\videoos.management.server.unittests\bin\x64\debug\net472\videoos.management.server.unittests.dll" id="ec68618c-efea-1946-c0a3-ce80d3965c01">
      <Execution id="f355f8b7-bf66-4acb-8bb6-f432da64f158" />
      <TestMethod codeBase="D:\actions-runner\_work\XPCO\XPCO\Corporate\VideoOS.Management.Server.UnitTests\bin\x64\Debug\net472\VideoOS.Management.Server.UnitTests.dll" adapterTypeName="executor://mstestadapter/v2" className="VideoOS.Management.Server.UnitTests.ConfigurationAPI.Rules.Methods.StartRuleTypeStepTests" name="GetCurrentProperties_WhenRuleTypeIsEvent_EventGroupNotPresent_ReturnsRuleTypeProperty" />
    </UnitTest>
    <UnitTest name="Put_KnownResource_ReturnsPutResultInBody" storage="d:\actions-runner\_work\xpco\xpco\corporate\videoos.management.server.unittests\bin\x64\debug\net472\videoos.management.server.unittests.dll" id="ec618ff3-6b3d-68fe-afb8-6814da4cfab2">
      <Execution id="fbefaa7c-fcc9-47c1-99cf-037c0b1a7a73" />
      <TestMethod codeBase="D:\actions-runner\_work\XPCO\XPCO\Corporate\VideoOS.Management.Server.UnitTests\bin\x64\Debug\net472\VideoOS.Management.Server.UnitTests.dll" adapterTypeName="executor://mstestadapter/v2" className="VideoOS.Management.Server.UnitTests.RestApi.SpecificItemControllerTests" name="Put_KnownResource_ReturnsPutResultInBody" />
    </UnitTest>
    <UnitTest name="GetItemType_WhenAnySource_ReturnsCorrectItemType" storage="d:\actions-runner\_work\xpco\xpco\corporate\videoos.management.server.unittests\bin\x64\debug\net472\videoos.management.server.unittests.dll" id="4d8eaf99-e8be-a0a3-fdbf-904641785682">
      <Execution id="c6f3a5c4-006d-403c-b627-42fec34cfc8a" />
      <TestMethod codeBase="D:\actions-runner\_work\XPCO\XPCO\Corporate\VideoOS.Management.Server.UnitTests\bin\x64\Debug\net472\VideoOS.Management.Server.UnitTests.dll" adapterTypeName="executor://mstestadapter/v2" className="VideoOS.Management.Server.UnitTests.ConfigurationAPI.Rules.Backend.Validation.SystemDashboardServerParameterValueValidatorTests" name="GetItemType_WhenAnySource_ReturnsCorrectItemType" />
    </UnitTest>
    <UnitTest name="SystemSettingsManager_ConvertEnableAutomaticActivation_AutomaticActivationUserCredentialsMissingException" storage="d:\actions-runner\_work\xpco\xpco\corporate\videoos.management.server.unittests\bin\x64\debug\net472\videoos.management.server.unittests.dll" id="da963503-0fac-577f-55f2-5ec393b7e8b9">
      <Execution id="55a4a777-808e-4b0d-925f-376fb6a88398" />
      <TestMethod codeBase="D:\actions-runner\_work\XPCO\XPCO\Corporate\VideoOS.Management.Server.UnitTests\bin\x64\Debug\net472\VideoOS.Management.Server.UnitTests.dll" adapterTypeName="executor://mstestadapter/v2" className="VideoOS.Management.Server.UnitTests.SystemSettingsManagerTests" name="SystemSettingsManager_ConvertEnableAutomaticActivation_AutomaticActivationUserCredentialsMissingException" />
    </UnitTest>
    <UnitTest name="DriverSettingsBusiness_PrepareAndValidateSettings_SettingReadOnlyException" storage="d:\actions-runner\_work\xpco\xpco\corporate\videoos.management.server.unittests\bin\x64\debug\net472\videoos.management.server.unittests.dll" id="073bf3ba-4076-b721-ed38-33d31a1f68fa">
      <Execution id="d59cfaa0-7e8f-4133-b5fd-b3d5d4ada50f" />
      <TestMethod codeBase="D:\actions-runner\_work\XPCO\XPCO\Corporate\VideoOS.Management.Server.UnitTests\bin\x64\Debug\net472\VideoOS.Management.Server.UnitTests.dll" adapterTypeName="executor://mstestadapter/v2" className="VideoOS.Management.Server.UnitTests.Security.DriverSettingsBusinessTests" name="DriverSettingsBusiness_PrepareAndValidateSettings_SettingReadOnlyException" />
    </UnitTest>
    <UnitTest name="Validation_ProcessTime_Value_Is_Not_Defined_ArgumentOutOfExceptionExpected" storage="d:\actions-runner\_work\xpco\xpco\corporate\videoos.management.server.unittests\bin\x64\debug\net472\videoos.management.server.unittests.dll" id="5af0defe-78bc-8cbb-6d4e-515f25edb133">
      <Execution id="cdbf08ee-1ab7-4194-a0d1-da5c69ba9851" />
      <TestMethod codeBase="D:\actions-runner\_work\XPCO\XPCO\Corporate\VideoOS.Management.Server.UnitTests\bin\x64\Debug\net472\VideoOS.Management.Server.UnitTests.dll" adapterTypeName="executor://mstestadapter/v2" className="VideoOS.Management.Server.UnitTests.ValidationUnitTests" name="Validation_ProcessTime_Value_Is_Not_Defined_ArgumentOutOfExceptionExpected" />
    </UnitTest>
    <UnitTest name="FindClosestNode_Two_Childs_In_List_Second_Node_Test" storage="d:\actions-runner\_work\xpco\xpco\corporate\videoos.management.server.unittests\bin\x64\debug\net472\videoos.management.server.unittests.dll" id="0d373cdb-0dd1-4cc1-1380-3088ad1611f4">
      <Execution id="e3c15bd3-a4ae-48e2-b4c0-43783296d901" />
      <TestMethod codeBase="D:\actions-runner\_work\XPCO\XPCO\Corporate\VideoOS.Management.Server.UnitTests\bin\x64\Debug\net472\VideoOS.Management.Server.UnitTests.dll" adapterTypeName="executor://mstestadapter/v2" className="VideoOS.Management.Server.UnitTests.NodeFindingTests" name="FindClosestNode_Two_Childs_In_List_Second_Node_Test" />
    </UnitTest>
    <UnitTest name="InvokeMethod_ParamNullCheck_Item" storage="d:\actions-runner\_work\xpco\xpco\corporate\videoos.management.server.unittests\bin\x64\debug\net472\videoos.management.server.unittests.dll" id="43ac4d6b-1e4a-3303-763c-06238c2b8d7b">
      <Execution id="0a5bdc9a-b16f-4dff-a43b-fc0a8833dbbd" />
      <TestMethod codeBase="D:\actions-runner\_work\XPCO\XPCO\Corporate\VideoOS.Management.Server.UnitTests\bin\x64\Debug\net472\VideoOS.Management.Server.UnitTests.dll" adapterTypeName="executor://mstestadapter/v2" className="VideoOS.Management.Server.UnitTests.ConfigurationAPI.BusinessObjects.SearchTemplate.SearchTemplateConfigurationApiTest" name="InvokeMethod_ParamNullCheck_Item" />
    </UnitTest>
    <UnitTest name="Validate_WhenEventRuleStopRuleHasNoneType_Passes" storage="d:\actions-runner\_work\xpco\xpco\corporate\videoos.management.server.unittests\bin\x64\debug\net472\videoos.management.server.unittests.dll" id="d02d6f6c-0e61-df55-d52e-35526d3bea28">
      <Execution id="2bd5ad9a-4906-43b1-a97c-9b7cbbfd3d3c" />
      <TestMethod codeBase="D:\actions-runner\_work\XPCO\XPCO\Corporate\VideoOS.Management.Server.UnitTests\bin\x64\Debug\net472\VideoOS.Management.Server.UnitTests.dll" adapterTypeName="executor://mstestadapter/v2" className="VideoOS.Management.Server.UnitTests.ConfigurationAPI.Rules.Backend.Validation.ValidatorIntegrationTests" name="Validate_WhenEventRuleStopRuleHasNoneType_Passes" />
    </UnitTest>
    <UnitTest name="Validation_CheckAddressIntervals_Valid_Xml_Success" storage="d:\actions-runner\_work\xpco\xpco\corporate\videoos.management.server.unittests\bin\x64\debug\net472\videoos.management.server.unittests.dll" id="a8fa1ae9-5ce1-944e-2012-7278c96c6ce6">
      <Execution id="a6cee8f2-6b23-4c51-9619-32a057603d6d" />
      <TestMethod codeBase="D:\actions-runner\_work\XPCO\XPCO\Corporate\VideoOS.Management.Server.UnitTests\bin\x64\Debug\net472\VideoOS.Management.Server.UnitTests.dll" adapterTypeName="executor://mstestadapter/v2" className="VideoOS.Management.Server.UnitTests.ValidationUnitTests" name="Validation_CheckAddressIntervals_Valid_Xml_Success" />
    </UnitTest>
    <UnitTest name="CheckDualAuthorization_ReturnsTrue_OnAuthorizedUser" storage="d:\actions-runner\_work\xpco\xpco\corporate\videoos.management.server.unittests\bin\x64\debug\net472\videoos.management.server.unittests.dll" id="92b0be52-3380-348d-fcec-025654564036">
      <TestCategory>
        <TestCategoryItem TestCategory="DualAuthorization" />
      </TestCategory>
      <Execution id="1cc1c0ce-4eac-4719-a906-f0d27dd10ae3" />
      <TestMethod codeBase="D:\actions-runner\_work\XPCO\XPCO\Corporate\VideoOS.Management.Server.UnitTests\bin\x64\Debug\net472\VideoOS.Management.Server.UnitTests.dll" adapterTypeName="executor://mstestadapter/v2" className="VideoOS.Management.Server.UnitTests.DualAuthorizationHandlingTests" name="CheckDualAuthorization_ReturnsTrue_OnAuthorizedUser" />
    </UnitTest>
    <UnitTest name="GetXml_WhenActionIsStartRecording_MatchesXml" storage="d:\actions-runner\_work\xpco\xpco\corporate\videoos.management.server.unittests\bin\x64\debug\net472\videoos.management.server.unittests.dll" id="444529ed-313e-17e3-1984-35d1e4bf8f0e">
      <Execution id="fa1d5b0b-2b80-447a-bae9-384f1bf4f78a" />
      <TestMethod codeBase="D:\actions-runner\_work\XPCO\XPCO\Corporate\VideoOS.Management.Server.UnitTests\bin\x64\Debug\net472\VideoOS.Management.Server.UnitTests.dll" adapterTypeName="executor://mstestadapter/v2" className="VideoOS.Management.Server.UnitTests.ConfigurationAPI.Rules.Backend.Builders.ActionXmlBuilderTests" name="GetXml_WhenActionIsStartRecording_MatchesXml" />
    </UnitTest>
    <UnitTest name="GetChildItems_SearchTemplatePath_NoItemsReturned" storage="d:\actions-runner\_work\xpco\xpco\corporate\videoos.management.server.unittests\bin\x64\debug\net472\videoos.management.server.unittests.dll" id="2a1c856c-191c-5eb8-1391-5a2aea5df558">
      <Execution id="6fd3cfbe-b367-4835-aa4a-48a9ce9e78d2" />
      <TestMethod codeBase="D:\actions-runner\_work\XPCO\XPCO\Corporate\VideoOS.Management.Server.UnitTests\bin\x64\Debug\net472\VideoOS.Management.Server.UnitTests.dll" adapterTypeName="executor://mstestadapter/v2" className="VideoOS.Management.Server.UnitTests.ConfigurationAPI.BusinessObjects.SearchTemplate.SearchTemplateConfigurationApiTest" name="GetChildItems_SearchTemplatePath_NoItemsReturned" />
    </UnitTest>
    <UnitTest name="SidUtilityDomainSidTest" storage="d:\actions-runner\_work\xpco\xpco\corporate\videoos.management.server.unittests\bin\x64\debug\net472\videoos.management.server.unittests.dll" id="6f0423ac-d934-d89f-ed34-8ecd140999c8">
      <Execution id="c8ccce73-3361-48c3-8254-5164b92fa25e" />
      <TestMethod codeBase="D:\actions-runner\_work\XPCO\XPCO\Corporate\VideoOS.Management.Server.UnitTests\bin\x64\Debug\net472\VideoOS.Management.Server.UnitTests.dll" adapterTypeName="executor://mstestadapter/v2" className="VideoOS.Management.Server.UnitTests.Security.SidUtilsTest" name="SidUtilityDomainSidTest" />
    </UnitTest>
    <UnitTest name="UpdateSearchTemplateFind_ParamNullCheck_RequestContext" storage="d:\actions-runner\_work\xpco\xpco\corporate\videoos.management.server.unittests\bin\x64\debug\net472\videoos.management.server.unittests.dll" id="4490a717-5b7a-826b-509c-f51487ce7be0">
      <Execution id="77418b9f-d38f-4ec1-8d1b-9a868790eda3" />
      <TestMethod codeBase="D:\actions-runner\_work\XPCO\XPCO\Corporate\VideoOS.Management.Server.UnitTests\bin\x64\Debug\net472\VideoOS.Management.Server.UnitTests.dll" adapterTypeName="executor://mstestadapter/v2" className="VideoOS.Management.Server.UnitTests.BusinessObjects.ManagementServer.SearchTemplate.SearchTemplateFindTests" name="UpdateSearchTemplateFind_ParamNullCheck_RequestContext" />
    </UnitTest>
    <UnitTest name="SendCommandSecurityVisitor_RemoveRecorderTaskCommand_NotSupportedException" storage="d:\actions-runner\_work\xpco\xpco\corporate\videoos.management.server.unittests\bin\x64\debug\net472\videoos.management.server.unittests.dll" id="8d3cb035-fcb4-74cd-0133-e02b225cc077">
      <Execution id="8028528a-cfbe-425a-b25e-2daa2dec2a17" />
      <TestMethod codeBase="D:\actions-runner\_work\XPCO\XPCO\Corporate\VideoOS.Management.Server.UnitTests\bin\x64\Debug\net472\VideoOS.Management.Server.UnitTests.dll" adapterTypeName="executor://mstestadapter/v2" className="VideoOS.Management.Server.UnitTests.SendCommandSecurityVisitorTests" name="SendCommandSecurityVisitor_RemoveRecorderTaskCommand_NotSupportedException" />
    </UnitTest>
    <UnitTest name="QuerySearchTemplateFinds_ParamNullCheck_RequestContext" storage="d:\actions-runner\_work\xpco\xpco\corporate\videoos.management.server.unittests\bin\x64\debug\net472\videoos.management.server.unittests.dll" id="f4123693-4845-257a-546c-e36411f6fd5e">
      <Execution id="28ee5712-ed38-41ab-9b71-9328abe267f0" />
      <TestMethod codeBase="D:\actions-runner\_work\XPCO\XPCO\Corporate\VideoOS.Management.Server.UnitTests\bin\x64\Debug\net472\VideoOS.Management.Server.UnitTests.dll" adapterTypeName="executor://mstestadapter/v2" className="VideoOS.Management.Server.UnitTests.BusinessObjects.ManagementServer.SearchTemplate.SearchTemplateFindTests" name="QuerySearchTemplateFinds_ParamNullCheck_RequestContext" />
    </UnitTest>
    <UnitTest name="Validate_WhenExpectedTypeIsNull_ReturnFalse" storage="d:\actions-runner\_work\xpco\xpco\corporate\videoos.management.server.unittests\bin\x64\debug\net472\videoos.management.server.unittests.dll" id="0d778ab6-c75e-4e87-8d4b-b71afb016a29">
      <Execution id="79b958fa-254c-4aab-94d8-d7b0e3dd4252" />
      <TestMethod codeBase="D:\actions-runner\_work\XPCO\XPCO\Corporate\VideoOS.Management.Server.UnitTests\bin\x64\Debug\net472\VideoOS.Management.Server.UnitTests.dll" adapterTypeName="executor://mstestadapter/v2" className="VideoOS.Management.Server.UnitTests.ConfigurationAPI.Rules.Backend.Validation.ValueValidators.SiteParameterValueValidatorTests" name="Validate_WhenExpectedTypeIsNull_ReturnFalse" />
    </UnitTest>
    <UnitTest name="GetNextProperties_WhenRuleTypeIsEvent_EventTypeNotSet_ReturnsEventTypeProperty" storage="d:\actions-runner\_work\xpco\xpco\corporate\videoos.management.server.unittests\bin\x64\debug\net472\videoos.management.server.unittests.dll" id="323e21a7-2d76-5115-4cf8-7382ae87ac13">
      <Execution id="b102ce06-f3d5-4fd6-a3c3-4b4fb91aa963" />
      <TestMethod codeBase="D:\actions-runner\_work\XPCO\XPCO\Corporate\VideoOS.Management.Server.UnitTests\bin\x64\Debug\net472\VideoOS.Management.Server.UnitTests.dll" adapterTypeName="executor://mstestadapter/v2" className="VideoOS.Management.Server.UnitTests.ConfigurationAPI.Rules.Methods.StopRuleTypeStepTests" name="GetNextProperties_WhenRuleTypeIsEvent_EventTypeNotSet_ReturnsEventTypeProperty" />
    </UnitTest>
    <UnitTest name="TryParseConditions_WhenTwoTimeProfileConditions_ReturnsTrue" storage="d:\actions-runner\_work\xpco\xpco\corporate\videoos.management.server.unittests\bin\x64\debug\net472\videoos.management.server.unittests.dll" id="4ecf0d4e-4e5c-8070-19b2-9e079948676a">
      <Execution id="91149408-6441-491e-ba24-410d58929f01" />
      <TestMethod codeBase="D:\actions-runner\_work\XPCO\XPCO\Corporate\VideoOS.Management.Server.UnitTests\bin\x64\Debug\net472\VideoOS.Management.Server.UnitTests.dll" adapterTypeName="executor://mstestadapter/v2" className="VideoOS.Management.Server.UnitTests.ConfigurationAPI.Rules.Backend.Builders.ConditionsParserTests" name="TryParseConditions_WhenTwoTimeProfileConditions_ReturnsTrue" />
    </UnitTest>
    <UnitTest name="SendCommandSecurityVisitor_UpdateConfigurationManagerCommand_Rule_Delete_Allowed" storage="d:\actions-runner\_work\xpco\xpco\corporate\videoos.management.server.unittests\bin\x64\debug\net472\videoos.management.server.unittests.dll" id="58878065-4ca7-a43a-bbb2-b78738a14023">
      <Execution id="dd8518a1-9632-4d31-aaca-105539f0effc" />
      <TestMethod codeBase="D:\actions-runner\_work\XPCO\XPCO\Corporate\VideoOS.Management.Server.UnitTests\bin\x64\Debug\net472\VideoOS.Management.Server.UnitTests.dll" adapterTypeName="executor://mstestadapter/v2" className="VideoOS.Management.Server.UnitTests.SendCommandSecurityVisitorTests" name="SendCommandSecurityVisitor_UpdateConfigurationManagerCommand_Rule_Delete_Allowed" />
    </UnitTest>
    <UnitTest name="DeviceEvents_GetFirstFreeIndex_Success" storage="d:\actions-runner\_work\xpco\xpco\corporate\videoos.management.server.unittests\bin\x64\debug\net472\videoos.management.server.unittests.dll" id="39b6ce1d-99e5-e4fa-055e-bf00c343e110">
      <Execution id="70b0e000-fe19-404b-935b-1b664062d3b9" />
      <TestMethod codeBase="D:\actions-runner\_work\XPCO\XPCO\Corporate\VideoOS.Management.Server.UnitTests\bin\x64\Debug\net472\VideoOS.Management.Server.UnitTests.dll" adapterTypeName="executor://mstestadapter/v2" className="VideoOS.Management.Server.UnitTests.BusinessObjects.DeviceEventsUnitTests" name="DeviceEvents_GetFirstFreeIndex_Success" />
    </UnitTest>
    <UnitTest name="GetItem_SunnyDay_Folder" storage="d:\actions-runner\_work\xpco\xpco\corporate\videoos.management.server.unittests\bin\x64\debug\net472\videoos.management.server.unittests.dll" id="6e50cc32-96e2-09b2-9e64-5d4327fd2092">
      <Execution id="b465170a-3f74-4a8d-91a6-b50e695eb8dc" />
      <TestMethod codeBase="D:\actions-runner\_work\XPCO\XPCO\Corporate\VideoOS.Management.Server.UnitTests\bin\x64\Debug\net472\VideoOS.Management.Server.UnitTests.dll" adapterTypeName="executor://mstestadapter/v2" className="VideoOS.Management.Server.UnitTests.ConfigurationAPI.BusinessObjects.SiteConfigurationApiTest" name="GetItem_SunnyDay_Folder" />
    </UnitTest>
    <UnitTest name="SendCommandSecurityVisitor_UpdateConfigurationManagerCommand_Microphone_Add_NoSecurityCheck" storage="d:\actions-runner\_work\xpco\xpco\corporate\videoos.management.server.unittests\bin\x64\debug\net472\videoos.management.server.unittests.dll" id="bcc1f090-6996-2cb8-87c6-b76dfa585bcf">
      <Execution id="a017e019-5e23-49a3-b9e9-a80730fd8b4d" />
      <TestMethod codeBase="D:\actions-runner\_work\XPCO\XPCO\Corporate\VideoOS.Management.Server.UnitTests\bin\x64\Debug\net472\VideoOS.Management.Server.UnitTests.dll" adapterTypeName="executor://mstestadapter/v2" className="VideoOS.Management.Server.UnitTests.SendCommandSecurityVisitorTests" name="SendCommandSecurityVisitor_UpdateConfigurationManagerCommand_Microphone_Add_NoSecurityCheck" />
    </UnitTest>
    <UnitTest name="ScheduledAction_StartSchedule_ScheduleIsStarted" storage="d:\actions-runner\_work\xpco\xpco\corporate\videoos.management.server.unittests\bin\x64\debug\net472\videoos.management.server.unittests.dll" id="4ab8f3a2-d691-a817-db6c-6d665d86711d">
      <Execution id="1c36077c-a639-4165-b8cd-d6c2368f64c4" />
      <TestMethod codeBase="D:\actions-runner\_work\XPCO\XPCO\Corporate\VideoOS.Management.Server.UnitTests\bin\x64\Debug\net472\VideoOS.Management.Server.UnitTests.dll" adapterTypeName="executor://mstestadapter/v2" className="VideoOS.Management.Server.UnitTests.BusinessObjects.ManagementServer.DataCollection.ScheduledAction.ScheduledActionTest" name="ScheduledAction_StartSchedule_ScheduleIsStarted" />
    </UnitTest>
    <UnitTest name="GetChildItems_ParamNullCheck_PathTest" storage="d:\actions-runner\_work\xpco\xpco\corporate\videoos.management.server.unittests\bin\x64\debug\net472\videoos.management.server.unittests.dll" id="9f3a3c59-809c-a915-2bba-f143c9656182">
      <Execution id="66a4c434-6c67-466e-8452-6d46c5248081" />
      <TestMethod codeBase="D:\actions-runner\_work\XPCO\XPCO\Corporate\VideoOS.Management.Server.UnitTests\bin\x64\Debug\net472\VideoOS.Management.Server.UnitTests.dll" adapterTypeName="executor://mstestadapter/v2" className="VideoOS.Management.Server.UnitTests.ConfigurationAPI.BusinessObjects.CustomProperties.CustomPropertiesConfigurationApiTest" name="GetChildItems_ParamNullCheck_PathTest" />
    </UnitTest>
    <UnitTest name="Invoke_WhenFirstTime_ProvidesInfo" storage="d:\actions-runner\_work\xpco\xpco\corporate\videoos.management.server.unittests\bin\x64\debug\net472\videoos.management.server.unittests.dll" id="aa0e1d31-329a-c610-8c12-230ec1f433f5">
      <Execution id="da167aa1-c553-4b87-bfba-bf9867525f3c" />
      <TestMethod codeBase="D:\actions-runner\_work\XPCO\XPCO\Corporate\VideoOS.Management.Server.UnitTests\bin\x64\Debug\net472\VideoOS.Management.Server.UnitTests.dll" adapterTypeName="executor://mstestadapter/v2" className="VideoOS.Management.Server.UnitTests.ConfigurationAPI.Rules.Methods.RemoveRuleTests" name="Invoke_WhenFirstTime_ProvidesInfo" />
    </UnitTest>
    <UnitTest name="Validate_ParamNullCheck2" storage="d:\actions-runner\_work\xpco\xpco\corporate\videoos.management.server.unittests\bin\x64\debug\net472\videoos.management.server.unittests.dll" id="3a50765f-bd13-aa76-7192-18c8e0525f4d">
      <Execution id="f8f5076d-d29b-499e-b424-d0046b3ae2a6" />
      <TestMethod codeBase="D:\actions-runner\_work\XPCO\XPCO\Corporate\VideoOS.Management.Server.UnitTests\bin\x64\Debug\net472\VideoOS.Management.Server.UnitTests.dll" adapterTypeName="executor://mstestadapter/v2" className="VideoOS.Management.Server.UnitTests.ConfigurationAPI.BusinessObjects.BasicOwnerInformationConfigurationApiTests" name="Validate_ParamNullCheck2" />
    </UnitTest>
    <UnitTest name="SystemSettingsManager_CheckGetPermissions_NonExisting" storage="d:\actions-runner\_work\xpco\xpco\corporate\videoos.management.server.unittests\bin\x64\debug\net472\videoos.management.server.unittests.dll" id="a48c4c17-8b85-ed24-4d2c-744f0bfd4c52">
      <Execution id="5eed30a0-7447-4ebc-861a-876b61c8ab0a" />
      <TestMethod codeBase="D:\actions-runner\_work\XPCO\XPCO\Corporate\VideoOS.Management.Server.UnitTests\bin\x64\Debug\net472\VideoOS.Management.Server.UnitTests.dll" adapterTypeName="executor://mstestadapter/v2" className="VideoOS.Management.Server.UnitTests.SystemSettingsManagerTests" name="SystemSettingsManager_CheckGetPermissions_NonExisting" />
    </UnitTest>
    <UnitTest name="Invoke_NullCheck5" storage="d:\actions-runner\_work\xpco\xpco\corporate\videoos.management.server.unittests\bin\x64\debug\net472\videoos.management.server.unittests.dll" id="39f7ea9f-a476-d550-d353-b49bf5f1d165">
      <Execution id="710f80c1-e762-4d62-add3-42263af36a15" />
      <TestMethod codeBase="D:\actions-runner\_work\XPCO\XPCO\Corporate\VideoOS.Management.Server.UnitTests\bin\x64\Debug\net472\VideoOS.Management.Server.UnitTests.dll" adapterTypeName="executor://mstestadapter/v2" className="VideoOS.Management.Server.UnitTests.ConfigurationAPI.BusinessObjects.LicenseConfigurationApiTests" name="Invoke_NullCheck5" />
    </UnitTest>
    <UnitTest name="ConfigurationItemPathBuilder_Create_FolderPath_Succes" storage="d:\actions-runner\_work\xpco\xpco\corporate\videoos.management.server.unittests\bin\x64\debug\net472\videoos.management.server.unittests.dll" id="82974a20-75a7-1695-2803-eced5a9a6746">
      <Execution id="dc364ac0-5dae-4310-9627-f2ad79d33d02" />
      <TestMethod codeBase="D:\actions-runner\_work\XPCO\XPCO\Corporate\VideoOS.Management.Server.UnitTests\bin\x64\Debug\net472\VideoOS.Management.Server.UnitTests.dll" adapterTypeName="executor://mstestadapter/v2" className="VideoOS.Management.Server.UnitTests.ConfigurationAPI.ConfigurationItemPathBuilderTests" name="ConfigurationItemPathBuilder_Create_FolderPath_Succes" />
    </UnitTest>
    <UnitTest name="Validate_WhenWrongExpectedType_ReturnsFalse" storage="d:\actions-runner\_work\xpco\xpco\corporate\videoos.management.server.unittests\bin\x64\debug\net472\videoos.management.server.unittests.dll" id="f4bde0c5-56bc-36e6-2900-d1e140ab6047">
      <Execution id="76c7ec51-e0eb-4087-825b-f1ab2c60c202" />
      <TestMethod codeBase="D:\actions-runner\_work\XPCO\XPCO\Corporate\VideoOS.Management.Server.UnitTests\bin\x64\Debug\net472\VideoOS.Management.Server.UnitTests.dll" adapterTypeName="executor://mstestadapter/v2" className="VideoOS.Management.Server.UnitTests.ConfigurationAPI.Rules.Backend.Validation.SystemDashboardServerParameterValueValidatorTests" name="Validate_WhenWrongExpectedType_ReturnsFalse" />
    </UnitTest>
    <UnitTest name="SendCommandSecurityVisitor_UpdateConfigurationManagerCommand_License_Add_Allowed" storage="d:\actions-runner\_work\xpco\xpco\corporate\videoos.management.server.unittests\bin\x64\debug\net472\videoos.management.server.unittests.dll" id="303e67ad-222f-e218-e45f-f8df810d8028">
      <Execution id="7bc259db-2c71-4d33-b280-71682aee741b" />
      <TestMethod codeBase="D:\actions-runner\_work\XPCO\XPCO\Corporate\VideoOS.Management.Server.UnitTests\bin\x64\Debug\net472\VideoOS.Management.Server.UnitTests.dll" adapterTypeName="executor://mstestadapter/v2" className="VideoOS.Management.Server.UnitTests.SendCommandSecurityVisitorTests" name="SendCommandSecurityVisitor_UpdateConfigurationManagerCommand_License_Add_Allowed" />
    </UnitTest>
    <UnitTest name="ValidateItem_InvalidParentPathTest" storage="d:\actions-runner\_work\xpco\xpco\corporate\videoos.management.server.unittests\bin\x64\debug\net472\videoos.management.server.unittests.dll" id="6f3af0d6-e706-9282-5ab2-b761422d8887">
      <Execution id="89345d55-31c2-40c6-bee1-1710a56bfc70" />
      <TestMethod codeBase="D:\actions-runner\_work\XPCO\XPCO\Corporate\VideoOS.Management.Server.UnitTests\bin\x64\Debug\net472\VideoOS.Management.Server.UnitTests.dll" adapterTypeName="executor://mstestadapter/v2" className="VideoOS.Management.Server.UnitTests.ConfigurationAPI.BusinessObjects.AudioMessage.AudioMessageConfigurationApiTest" name="ValidateItem_InvalidParentPathTest" />
    </UnitTest>
    <UnitTest name="Build_WhenAlwaysConditionIsSet_ReturnsAlwaysCondition" storage="d:\actions-runner\_work\xpco\xpco\corporate\videoos.management.server.unittests\bin\x64\debug\net472\videoos.management.server.unittests.dll" id="444c5c09-84ec-77f0-99e4-7efe3a1e69c0">
      <Execution id="263da88c-d23f-4799-a995-8b3e8162de51" />
      <TestMethod codeBase="D:\actions-runner\_work\XPCO\XPCO\Corporate\VideoOS.Management.Server.UnitTests\bin\x64\Debug\net472\VideoOS.Management.Server.UnitTests.dll" adapterTypeName="executor://mstestadapter/v2" className="VideoOS.Management.Server.UnitTests.ConfigurationAPI.Rules.Builders.RuleModelConditionsBuilderTests" name="Build_WhenAlwaysConditionIsSet_ReturnsAlwaysCondition" />
    </UnitTest>
    <UnitTest name="SendCommandSecurityVisitor_ServerFileSystemOperationCommand_CreateRecorderDirectory_Allowed" storage="d:\actions-runner\_work\xpco\xpco\corporate\videoos.management.server.unittests\bin\x64\debug\net472\videoos.management.server.unittests.dll" id="30228065-1e3a-c006-684b-49e14e61dd8e">
      <Execution id="5550472e-29a3-48c0-896e-3a568e12dcd9" />
      <TestMethod codeBase="D:\actions-runner\_work\XPCO\XPCO\Corporate\VideoOS.Management.Server.UnitTests\bin\x64\Debug\net472\VideoOS.Management.Server.UnitTests.dll" adapterTypeName="executor://mstestadapter/v2" className="VideoOS.Management.Server.UnitTests.SendCommandSecurityVisitorTests" name="SendCommandSecurityVisitor_ServerFileSystemOperationCommand_CreateRecorderDirectory_Allowed" />
    </UnitTest>
    <UnitTest name="Validation_CheckVersionString_Does_Not_Throw" storage="d:\actions-runner\_work\xpco\xpco\corporate\videoos.management.server.unittests\bin\x64\debug\net472\videoos.management.server.unittests.dll" id="c388edb1-2b20-d900-1b64-8c14f1961ac6">
      <Execution id="07f92bac-5db6-45c7-8a37-8d23049e83f4" />
      <TestMethod codeBase="D:\actions-runner\_work\XPCO\XPCO\Corporate\VideoOS.Management.Server.UnitTests\bin\x64\Debug\net472\VideoOS.Management.Server.UnitTests.dll" adapterTypeName="executor://mstestadapter/v2" className="VideoOS.Management.Server.UnitTests.ValidationUnitTests" name="Validation_CheckVersionString_Does_Not_Throw" />
    </UnitTest>
    <UnitTest name="Build_WhenRecordOutsideTimeProfileRuleOnDeviceGroup_WithStopActions" storage="d:\actions-runner\_work\xpco\xpco\corporate\videoos.management.server.unittests\bin\x64\debug\net472\videoos.management.server.unittests.dll" id="d85e3224-0289-fb5d-180c-a030c86e33f9">
      <Execution id="9dc6ebd1-6ba4-4d9d-a6b6-51b6d49936d3" />
      <TestMethod codeBase="D:\actions-runner\_work\XPCO\XPCO\Corporate\VideoOS.Management.Server.UnitTests\bin\x64\Debug\net472\VideoOS.Management.Server.UnitTests.dll" adapterTypeName="executor://mstestadapter/v2" className="VideoOS.Management.Server.UnitTests.ConfigurationAPI.Rules.Builders.RuleModelBuilderTests" name="Build_WhenRecordOutsideTimeProfileRuleOnDeviceGroup_WithStopActions" />
    </UnitTest>
    <UnitTest name="GetNextProperties_WhenNoRuleTypePresent_ReturnsRuleTypeProperty" storage="d:\actions-runner\_work\xpco\xpco\corporate\videoos.management.server.unittests\bin\x64\debug\net472\videoos.management.server.unittests.dll" id="8d38e04a-2999-2522-adf7-b6255d78576b">
      <Execution id="cf94110a-d72c-403d-a942-2de3ec1c73a1" />
      <TestMethod codeBase="D:\actions-runner\_work\XPCO\XPCO\Corporate\VideoOS.Management.Server.UnitTests\bin\x64\Debug\net472\VideoOS.Management.Server.UnitTests.dll" adapterTypeName="executor://mstestadapter/v2" className="VideoOS.Management.Server.UnitTests.ConfigurationAPI.Rules.Methods.StopRuleTypeStepTests" name="GetNextProperties_WhenNoRuleTypePresent_ReturnsRuleTypeProperty" />
    </UnitTest>
    <UnitTest name="ServerProxyService_GetDeviceGroupMembersByDeviceGroupId_AllOutputs_NotAllowed_RowRemoved" storage="d:\actions-runner\_work\xpco\xpco\corporate\videoos.management.server.unittests\bin\x64\debug\net472\videoos.management.server.unittests.dll" id="91e4f833-22f1-4e41-d858-5d96392e21e8">
      <Execution id="62337dee-1fae-44db-a2d4-f484ea75c48c" />
      <TestMethod codeBase="D:\actions-runner\_work\XPCO\XPCO\Corporate\VideoOS.Management.Server.UnitTests\bin\x64\Debug\net472\VideoOS.Management.Server.UnitTests.dll" adapterTypeName="executor://mstestadapter/v2" className="VideoOS.Management.Server.UnitTests.ServerProxyServiceUnitTests" name="ServerProxyService_GetDeviceGroupMembersByDeviceGroupId_AllOutputs_NotAllowed_RowRemoved" />
    </UnitTest>
    <UnitTest name="ConfigurationAPIExceptionUtilities_HandleException_Null_ArgumentNullException" storage="d:\actions-runner\_work\xpco\xpco\corporate\videoos.management.server.unittests\bin\x64\debug\net472\videoos.management.server.unittests.dll" id="f5f4725d-7326-946e-1580-a299db529086">
      <Execution id="8c068c04-8f8c-492e-bb82-25c32bd6aa53" />
      <TestMethod codeBase="D:\actions-runner\_work\XPCO\XPCO\Corporate\VideoOS.Management.Server.UnitTests\bin\x64\Debug\net472\VideoOS.Management.Server.UnitTests.dll" adapterTypeName="executor://mstestadapter/v2" className="VideoOS.Management.Server.UnitTests.ConfigurationAPI.ConfigurationAPIExceptionUtilitiesTests" name="ConfigurationAPIExceptionUtilities_HandleException_Null_ArgumentNullException" />
    </UnitTest>
    <UnitTest name="Validation_GridRegion_Empty_String_When_Size_Is_Not_Specified_ArgumentException_Expected" storage="d:\actions-runner\_work\xpco\xpco\corporate\videoos.management.server.unittests\bin\x64\debug\net472\videoos.management.server.unittests.dll" id="9adce9cb-081e-1c2f-57a1-1a052ebae84b">
      <Execution id="58b7b788-2f87-49d4-a632-a16a851033cb" />
      <TestMethod codeBase="D:\actions-runner\_work\XPCO\XPCO\Corporate\VideoOS.Management.Server.UnitTests\bin\x64\Debug\net472\VideoOS.Management.Server.UnitTests.dll" adapterTypeName="executor://mstestadapter/v2" className="VideoOS.Management.Server.UnitTests.ValidationUnitTests" name="Validation_GridRegion_Empty_String_When_Size_Is_Not_Specified_ArgumentException_Expected" />
    </UnitTest>
    <UnitTest name="Validation_ValidateInt32_Success" storage="d:\actions-runner\_work\xpco\xpco\corporate\videoos.management.server.unittests\bin\x64\debug\net472\videoos.management.server.unittests.dll" id="dd1f14a1-154f-ecad-4572-e81a7348e9a0">
      <Execution id="d6b6c9d2-f1c4-40ac-aacb-e3f02960a60a" />
      <TestMethod codeBase="D:\actions-runner\_work\XPCO\XPCO\Corporate\VideoOS.Management.Server.UnitTests\bin\x64\Debug\net472\VideoOS.Management.Server.UnitTests.dll" adapterTypeName="executor://mstestadapter/v2" className="VideoOS.Management.Server.UnitTests.ValidationUnitTests" name="Validation_ValidateInt32_Success" />
    </UnitTest>
    <UnitTest name="ScheduledActionController_UpdateSchedule_ProviderReturns_SchduleIsStarted" storage="d:\actions-runner\_work\xpco\xpco\corporate\videoos.management.server.unittests\bin\x64\debug\net472\videoos.management.server.unittests.dll" id="4285acdb-92fc-4ae3-0001-6e349c0c0996">
      <Execution id="53652961-c5c5-4bd2-bbc9-2caf5a88e5b0" />
      <TestMethod codeBase="D:\actions-runner\_work\XPCO\XPCO\Corporate\VideoOS.Management.Server.UnitTests\bin\x64\Debug\net472\VideoOS.Management.Server.UnitTests.dll" adapterTypeName="executor://mstestadapter/v2" className="VideoOS.Management.Server.UnitTests.BusinessObjects.ManagementServer.DataCollection.ScheduledAction.ScheduledActionControllerTest" name="ScheduledActionController_UpdateSchedule_ProviderReturns_SchduleIsStarted" />
    </UnitTest>
    <UnitTest name="Build_WhenRecurringRuleType_MonthlyRelativeAndRecurring_PropertiesAreSet" storage="d:\actions-runner\_work\xpco\xpco\corporate\videoos.management.server.unittests\bin\x64\debug\net472\videoos.management.server.unittests.dll" id="fc01125d-d561-4055-10fa-1d0de210ed6d">
      <Execution id="31dcea03-ef06-4e59-ab4f-364a52c1f8ab" />
      <TestMethod codeBase="D:\actions-runner\_work\XPCO\XPCO\Corporate\VideoOS.Management.Server.UnitTests\bin\x64\Debug\net472\VideoOS.Management.Server.UnitTests.dll" adapterTypeName="executor://mstestadapter/v2" className="VideoOS.Management.Server.UnitTests.ConfigurationAPI.Rules.Builders.ConfigurationItemBuilderTests" name="Build_WhenRecurringRuleType_MonthlyRelativeAndRecurring_PropertiesAreSet" />
    </UnitTest>
    <UnitTest name="SetItem_ParamNullCheck_ConfigurationItemTest" storage="d:\actions-runner\_work\xpco\xpco\corporate\videoos.management.server.unittests\bin\x64\debug\net472\videoos.management.server.unittests.dll" id="caf3059c-e65e-74b4-43ca-356088836a5c">
      <Execution id="aaaa4c15-09c2-41bf-8948-f7d8caa7223e" />
      <TestMethod codeBase="D:\actions-runner\_work\XPCO\XPCO\Corporate\VideoOS.Management.Server.UnitTests\bin\x64\Debug\net472\VideoOS.Management.Server.UnitTests.dll" adapterTypeName="executor://mstestadapter/v2" className="VideoOS.Management.Server.UnitTests.ConfigurationAPI.BusinessObjects.CustomProperties.CustomPropertiesConfigurationApiTest" name="SetItem_ParamNullCheck_ConfigurationItemTest" />
    </UnitTest>
    <UnitTest name="GetNextProperties_WhenRuleTypeIsEvent_EventTypeNotSet_ReturnsEventTypeProperty" storage="d:\actions-runner\_work\xpco\xpco\corporate\videoos.management.server.unittests\bin\x64\debug\net472\videoos.management.server.unittests.dll" id="0bd76dfe-3b6e-ea1c-3c5a-a4b010fd6acd">
      <Execution id="4c128b8a-a371-4d01-bbf9-07cb791b064e" />
      <TestMethod codeBase="D:\actions-runner\_work\XPCO\XPCO\Corporate\VideoOS.Management.Server.UnitTests\bin\x64\Debug\net472\VideoOS.Management.Server.UnitTests.dll" adapterTypeName="executor://mstestadapter/v2" className="VideoOS.Management.Server.UnitTests.ConfigurationAPI.Rules.Methods.StartRuleTypeStepTests" name="GetNextProperties_WhenRuleTypeIsEvent_EventTypeNotSet_ReturnsEventTypeProperty" />
    </UnitTest>
    <UnitTest name="Get_Item_Task_Is_Null_CompletedTask_Expected" storage="d:\actions-runner\_work\xpco\xpco\corporate\videoos.management.server.unittests\bin\x64\debug\net472\videoos.management.server.unittests.dll" id="1c38062a-aef7-674e-b449-1ff3c5d4a5f5">
      <Execution id="e4e69738-2af2-4b0f-a153-e57cd2043191" />
      <TestMethod codeBase="D:\actions-runner\_work\XPCO\XPCO\Corporate\VideoOS.Management.Server.UnitTests\bin\x64\Debug\net472\VideoOS.Management.Server.UnitTests.dll" adapterTypeName="executor://mstestadapter/v2" className="VideoOS.Management.Server.UnitTests.ConfigurationAPI.TaskConfigurationApiTest" name="Get_Item_Task_Is_Null_CompletedTask_Expected" />
    </UnitTest>
    <UnitTest name="AfterReceiveRequest_NoAuthorizationHeader_ReturnBasicAuthenticationErrorResponseData" storage="d:\actions-runner\_work\xpco\xpco\corporate\videoos.management.server.unittests\bin\x64\debug\net472\videoos.management.server.unittests.dll" id="8abb6d1f-b487-073e-045a-524047fbc26e">
      <Execution id="5a008012-3411-4eb1-8741-c9a454060d49" />
      <TestMethod codeBase="D:\actions-runner\_work\XPCO\XPCO\Corporate\VideoOS.Management.Server.UnitTests\bin\x64\Debug\net472\VideoOS.Management.Server.UnitTests.dll" adapterTypeName="executor://mstestadapter/v2" className="VideoOS.Management.Server.UnitTests.BasicAuthentication.BasicAuthenticationMessageInspectorTests" name="AfterReceiveRequest_NoAuthorizationHeader_ReturnBasicAuthenticationErrorResponseData" />
    </UnitTest>
    <UnitTest name="GetServerProtocolTestFailed" storage="d:\actions-runner\_work\xpco\xpco\corporate\videoos.management.server.unittests\bin\x64\debug\net472\videoos.management.server.unittests.dll" id="885e56c4-e420-3696-09cb-a1cc3f043378">
      <Execution id="a2db10f2-9e46-4d63-83d2-44e0d67bb0a4" />
      <TestMethod codeBase="D:\actions-runner\_work\XPCO\XPCO\Corporate\VideoOS.Management.Server.UnitTests\bin\x64\Debug\net472\VideoOS.Management.Server.UnitTests.dll" adapterTypeName="executor://mstestadapter/v2" className="VideoOS.Management.Server.UnitTests.ServerCommandServiceUnitTests" name="GetServerProtocolTestFailed" />
    </UnitTest>
    <UnitTest name="SetItem_NotLicensed" storage="d:\actions-runner\_work\xpco\xpco\corporate\videoos.management.server.unittests\bin\x64\debug\net472\videoos.management.server.unittests.dll" id="db26b30a-24e3-7020-d019-1e42b6a4d221">
      <Execution id="ebf76ef6-f2dd-45c7-a180-abb6860de08e" />
      <TestMethod codeBase="D:\actions-runner\_work\XPCO\XPCO\Corporate\VideoOS.Management.Server.UnitTests\bin\x64\Debug\net472\VideoOS.Management.Server.UnitTests.dll" adapterTypeName="executor://mstestadapter/v2" className="VideoOS.Management.Server.UnitTests.ConfigurationAPI.BusinessObjects.SearchTemplate.SearchTemplateConfigurationApiTest" name="SetItem_NotLicensed" />
    </UnitTest>
    <UnitTest name="Validation_ValidateInt32_Value_Is_Null_ArgumentNullException" storage="d:\actions-runner\_work\xpco\xpco\corporate\videoos.management.server.unittests\bin\x64\debug\net472\videoos.management.server.unittests.dll" id="d9ab1a16-4afb-0cea-47bf-1d017e0f42f3">
      <Execution id="92f4ccb5-d787-4346-9bd1-c118796713f9" />
      <TestMethod codeBase="D:\actions-runner\_work\XPCO\XPCO\Corporate\VideoOS.Management.Server.UnitTests\bin\x64\Debug\net472\VideoOS.Management.Server.UnitTests.dll" adapterTypeName="executor://mstestadapter/v2" className="VideoOS.Management.Server.UnitTests.ValidationUnitTests" name="Validation_ValidateInt32_Value_Is_Null_ArgumentNullException" />
    </UnitTest>
    <UnitTest name="GetXml_WhenActionIsVideoWallSetToText_MatchesXml" storage="d:\actions-runner\_work\xpco\xpco\corporate\videoos.management.server.unittests\bin\x64\debug\net472\videoos.management.server.unittests.dll" id="69d7d595-e031-5f7f-8bdf-0dc048d5e841">
      <Execution id="bc595bac-b746-4fe8-8cf1-4add346e058e" />
      <TestMethod codeBase="D:\actions-runner\_work\XPCO\XPCO\Corporate\VideoOS.Management.Server.UnitTests\bin\x64\Debug\net472\VideoOS.Management.Server.UnitTests.dll" adapterTypeName="executor://mstestadapter/v2" className="VideoOS.Management.Server.UnitTests.ConfigurationAPI.Rules.Backend.Builders.ActionXmlBuilderTests" name="GetXml_WhenActionIsVideoWallSetToText_MatchesXml" />
    </UnitTest>
    <UnitTest name="Build_SetBookmark_WhenParametersAreSet_ReturnsActionModel" storage="d:\actions-runner\_work\xpco\xpco\corporate\videoos.management.server.unittests\bin\x64\debug\net472\videoos.management.server.unittests.dll" id="5583bc0e-030d-ca1a-3d89-22bd6377cec4">
      <Execution id="33305707-fa22-491c-8422-a23b468218a8" />
      <TestMethod codeBase="D:\actions-runner\_work\XPCO\XPCO\Corporate\VideoOS.Management.Server.UnitTests\bin\x64\Debug\net472\VideoOS.Management.Server.UnitTests.dll" adapterTypeName="executor://mstestadapter/v2" className="VideoOS.Management.Server.UnitTests.ConfigurationAPI.Rules.Builders.RuleModelActionsBuilderTests" name="Build_SetBookmark_WhenParametersAreSet_ReturnsActionModel" />
    </UnitTest>
    <UnitTest name="Build_WhenStartPluginOnDevices_ReturnsProperties" storage="d:\actions-runner\_work\xpco\xpco\corporate\videoos.management.server.unittests\bin\x64\debug\net472\videoos.management.server.unittests.dll" id="40195fb3-4335-e710-d3c2-e9e59e44c314">
      <Execution id="d67c1587-565b-4975-9787-620fe01f3332" />
      <TestMethod codeBase="D:\actions-runner\_work\XPCO\XPCO\Corporate\VideoOS.Management.Server.UnitTests\bin\x64\Debug\net472\VideoOS.Management.Server.UnitTests.dll" adapterTypeName="executor://mstestadapter/v2" className="VideoOS.Management.Server.UnitTests.ConfigurationAPI.Rules.Builders.ConfigurationItemActionBuilderTests" name="Build_WhenStartPluginOnDevices_ReturnsProperties" />
    </UnitTest>
    <UnitTest name="Validate_WhenConditionsIncludeTimeBetween_ReturnsError" storage="d:\actions-runner\_work\xpco\xpco\corporate\videoos.management.server.unittests\bin\x64\debug\net472\videoos.management.server.unittests.dll" id="b92dd891-b082-b58e-f04b-9a250d5e2b31">
      <Execution id="56339801-d9b8-478c-9817-9b0e5e3b6ae2" />
      <TestMethod codeBase="D:\actions-runner\_work\XPCO\XPCO\Corporate\VideoOS.Management.Server.UnitTests\bin\x64\Debug\net472\VideoOS.Management.Server.UnitTests.dll" adapterTypeName="executor://mstestadapter/v2" className="VideoOS.Management.Server.UnitTests.ConfigurationAPI.Rules.Backend.Validation.RecurringTimeValidatorTests" name="Validate_WhenConditionsIncludeTimeBetween_ReturnsError" />
    </UnitTest>
    <UnitTest name="Validate_WhenRuleTypeIsNotEvent_NoError" storage="d:\actions-runner\_work\xpco\xpco\corporate\videoos.management.server.unittests\bin\x64\debug\net472\videoos.management.server.unittests.dll" id="56ead1a0-555e-6089-dafd-3fbb513005e0">
      <Execution id="463130c2-312c-45bc-83c9-d5f1f97e0c22" />
      <TestMethod codeBase="D:\actions-runner\_work\XPCO\XPCO\Corporate\VideoOS.Management.Server.UnitTests\bin\x64\Debug\net472\VideoOS.Management.Server.UnitTests.dll" adapterTypeName="executor://mstestadapter/v2" className="VideoOS.Management.Server.UnitTests.ConfigurationAPI.Rules.Backend.Validation.EventValidatorTests" name="Validate_WhenRuleTypeIsNotEvent_NoError" />
    </UnitTest>
    <UnitTest name="Validate_WhenMonthlyRelative_FrequencyIsAbove99_ReturnsError" storage="d:\actions-runner\_work\xpco\xpco\corporate\videoos.management.server.unittests\bin\x64\debug\net472\videoos.management.server.unittests.dll" id="6d7fb5d1-820e-9b5d-5fe6-844c46fe9162">
      <Execution id="2a52fe30-c842-4c49-9da2-95b4de7925cd" />
      <TestMethod codeBase="D:\actions-runner\_work\XPCO\XPCO\Corporate\VideoOS.Management.Server.UnitTests\bin\x64\Debug\net472\VideoOS.Management.Server.UnitTests.dll" adapterTypeName="executor://mstestadapter/v2" className="VideoOS.Management.Server.UnitTests.ConfigurationAPI.Rules.Backend.Validation.RecurringTimeValidatorTests" name="Validate_WhenMonthlyRelative_FrequencyIsAbove99_ReturnsError" />
    </UnitTest>
    <UnitTest name="GetItem_ParamNullCheck1" storage="d:\actions-runner\_work\xpco\xpco\corporate\videoos.management.server.unittests\bin\x64\debug\net472\videoos.management.server.unittests.dll" id="34f9f52a-2cd1-27eb-bc3d-e499b9fca73c">
      <Execution id="d8cc4c67-69d7-4edb-abb3-f695d3fd73ba" />
      <TestMethod codeBase="D:\actions-runner\_work\XPCO\XPCO\Corporate\VideoOS.Management.Server.UnitTests\bin\x64\Debug\net472\VideoOS.Management.Server.UnitTests.dll" adapterTypeName="executor://mstestadapter/v2" className="VideoOS.Management.Server.UnitTests.ConfigurationAPI.BusinessObjects.BasicOwnerInformationConfigurationApiTests" name="GetItem_ParamNullCheck1" />
    </UnitTest>
    <UnitTest name="IsComplete_WhenRecurring_DailyFrequencyTypeAndPropertiesNotSet_ReturnsFalse" storage="d:\actions-runner\_work\xpco\xpco\corporate\videoos.management.server.unittests\bin\x64\debug\net472\videoos.management.server.unittests.dll" id="eeab9be4-2297-a90c-b9c8-bfa1a5cddb09">
      <Execution id="be2f5948-dc8b-436f-bbaa-c042f8540a8e" />
      <TestMethod codeBase="D:\actions-runner\_work\XPCO\XPCO\Corporate\VideoOS.Management.Server.UnitTests\bin\x64\Debug\net472\VideoOS.Management.Server.UnitTests.dll" adapterTypeName="executor://mstestadapter/v2" className="VideoOS.Management.Server.UnitTests.ConfigurationAPI.Rules.Methods.StartRuleTypeStepTests" name="IsComplete_WhenRecurring_DailyFrequencyTypeAndPropertiesNotSet_ReturnsFalse" />
    </UnitTest>
    <UnitTest name="Validate_WhenStartActionIsNotSet_Error" storage="d:\actions-runner\_work\xpco\xpco\corporate\videoos.management.server.unittests\bin\x64\debug\net472\videoos.management.server.unittests.dll" id="43bb3408-a632-ce0e-0a30-83e5b5cc3f96">
      <Execution id="c8fd967b-8301-411e-9ccb-044ae2027835" />
      <TestMethod codeBase="D:\actions-runner\_work\XPCO\XPCO\Corporate\VideoOS.Management.Server.UnitTests\bin\x64\Debug\net472\VideoOS.Management.Server.UnitTests.dll" adapterTypeName="executor://mstestadapter/v2" className="VideoOS.Management.Server.UnitTests.ConfigurationAPI.Rules.Backend.Validation.ActionsValidatorTests" name="Validate_WhenStartActionIsNotSet_Error" />
    </UnitTest>
    <UnitTest name="GetItemType_WhenObjectExists_ReturnsCorrectItemType" storage="d:\actions-runner\_work\xpco\xpco\corporate\videoos.management.server.unittests\bin\x64\debug\net472\videoos.management.server.unittests.dll" id="279606cc-5dae-26db-9498-b7870d23364b">
      <Execution id="dd15681b-29ed-44f2-83bc-baaec9865b1a" />
      <TestMethod codeBase="D:\actions-runner\_work\XPCO\XPCO\Corporate\VideoOS.Management.Server.UnitTests\bin\x64\Debug\net472\VideoOS.Management.Server.UnitTests.dll" adapterTypeName="executor://mstestadapter/v2" className="VideoOS.Management.Server.UnitTests.ConfigurationAPI.Rules.Backend.Validation.RecordingServerParameterValueValidatorTests" name="GetItemType_WhenObjectExists_ReturnsCorrectItemType" />
    </UnitTest>
    <UnitTest name="TryParseConditions_WhenFailoverInactiveCondition_ReturnsTrue" storage="d:\actions-runner\_work\xpco\xpco\corporate\videoos.management.server.unittests\bin\x64\debug\net472\videoos.management.server.unittests.dll" id="4a0cde6a-9d03-f4fa-e11c-3a5c67220aea">
      <Execution id="995faf5d-6a0f-4605-9fd4-d09b5da7540c" />
      <TestMethod codeBase="D:\actions-runner\_work\XPCO\XPCO\Corporate\VideoOS.Management.Server.UnitTests\bin\x64\Debug\net472\VideoOS.Management.Server.UnitTests.dll" adapterTypeName="executor://mstestadapter/v2" className="VideoOS.Management.Server.UnitTests.ConfigurationAPI.Rules.Backend.Builders.ConditionsParserTests" name="TryParseConditions_WhenFailoverInactiveCondition_ReturnsTrue" />
    </UnitTest>
    <UnitTest name="BusinessObjects_License_UpdateMipPluginsLicenseRequestPart_ReplaceMultiplePlugins" storage="d:\actions-runner\_work\xpco\xpco\corporate\videoos.management.server.unittests\bin\x64\debug\net472\videoos.management.server.unittests.dll" id="3fbf3f9f-ce15-e21f-6f3a-362f035fd2c0">
      <Execution id="7a2da552-036f-4244-a920-16c36488de9d" />
      <TestMethod codeBase="D:\actions-runner\_work\XPCO\XPCO\Corporate\VideoOS.Management.Server.UnitTests\bin\x64\Debug\net472\VideoOS.Management.Server.UnitTests.dll" adapterTypeName="executor://mstestadapter/v2" className="VideoOS.Management.Server.UnitTests.BusinessObjects.LicenseUnitTests" name="BusinessObjects_License_UpdateMipPluginsLicenseRequestPart_ReplaceMultiplePlugins" />
    </UnitTest>
    <UnitTest name="IsComplete_WhenStopActionsHasValue_ParametersSetWithNoValue_ReturnsFalse" storage="d:\actions-runner\_work\xpco\xpco\corporate\videoos.management.server.unittests\bin\x64\debug\net472\videoos.management.server.unittests.dll" id="72c8e6d5-5fe2-44af-39a9-54e2ef34b2c7">
      <Execution id="23f184bb-bc23-49d8-87ae-0b5874679aa2" />
      <TestMethod codeBase="D:\actions-runner\_work\XPCO\XPCO\Corporate\VideoOS.Management.Server.UnitTests\bin\x64\Debug\net472\VideoOS.Management.Server.UnitTests.dll" adapterTypeName="executor://mstestadapter/v2" className="VideoOS.Management.Server.UnitTests.ConfigurationAPI.Rules.Methods.StopActionsStepTests" name="IsComplete_WhenStopActionsHasValue_ParametersSetWithNoValue_ReturnsFalse" />
    </UnitTest>
    <UnitTest name="TryParseConditions_WhenNotSupportedNode_ReturnsFalse" storage="d:\actions-runner\_work\xpco\xpco\corporate\videoos.management.server.unittests\bin\x64\debug\net472\videoos.management.server.unittests.dll" id="395aaa4c-df5a-5e9b-4c24-aff9f9e5c72d">
      <Execution id="bff0f411-12ce-4591-a766-f12c15972dd8" />
      <TestMethod codeBase="D:\actions-runner\_work\XPCO\XPCO\Corporate\VideoOS.Management.Server.UnitTests\bin\x64\Debug\net472\VideoOS.Management.Server.UnitTests.dll" adapterTypeName="executor://mstestadapter/v2" className="VideoOS.Management.Server.UnitTests.ConfigurationAPI.Rules.Backend.Builders.ConditionsParserTests" name="TryParseConditions_WhenNotSupportedNode_ReturnsFalse" />
    </UnitTest>
    <UnitTest name="Validate_TimeBetweenCondition_StartAndEndTimesDifferent_DoesNotReturnValidationError" storage="d:\actions-runner\_work\xpco\xpco\corporate\videoos.management.server.unittests\bin\x64\debug\net472\videoos.management.server.unittests.dll" id="71494c05-3371-9cbd-7deb-f7490266d38a">
      <Execution id="4304b64a-c755-465a-aeb5-cdd7a4c2625a" />
      <TestMethod codeBase="D:\actions-runner\_work\XPCO\XPCO\Corporate\VideoOS.Management.Server.UnitTests\bin\x64\Debug\net472\VideoOS.Management.Server.UnitTests.dll" adapterTypeName="executor://mstestadapter/v2" className="VideoOS.Management.Server.UnitTests.ConfigurationAPI.Rules.Backend.Validation.ConditionModelValidatorTest" name="Validate_TimeBetweenCondition_StartAndEndTimesDifferent_DoesNotReturnValidationError" />
    </UnitTest>
    <UnitTest name="Build_WhenGotoPresetEventBasedRule_ReturnsRuleModel" storage="d:\actions-runner\_work\xpco\xpco\corporate\videoos.management.server.unittests\bin\x64\debug\net472\videoos.management.server.unittests.dll" id="a828d961-03cd-77b3-8809-80b73b0c353e">
      <Execution id="1174e29c-4f83-4f1d-8805-1718c292b4f5" />
      <TestMethod codeBase="D:\actions-runner\_work\XPCO\XPCO\Corporate\VideoOS.Management.Server.UnitTests\bin\x64\Debug\net472\VideoOS.Management.Server.UnitTests.dll" adapterTypeName="executor://mstestadapter/v2" className="VideoOS.Management.Server.UnitTests.ConfigurationAPI.Rules.Backend.Builders.XmlRuleModelBuilderTests" name="Build_WhenGotoPresetEventBasedRule_ReturnsRuleModel" />
    </UnitTest>
    <UnitTest name="GetCurrentProperties_WhenTimeBetweenWithoutStartAndEndTimeIsSet_ReturnsProperty" storage="d:\actions-runner\_work\xpco\xpco\corporate\videoos.management.server.unittests\bin\x64\debug\net472\videoos.management.server.unittests.dll" id="f1928f03-d22d-ea16-5a8f-aa13537fbe84">
      <Execution id="4c778848-a1c5-41c8-a2a8-ce48abd77667" />
      <TestMethod codeBase="D:\actions-runner\_work\XPCO\XPCO\Corporate\VideoOS.Management.Server.UnitTests\bin\x64\Debug\net472\VideoOS.Management.Server.UnitTests.dll" adapterTypeName="executor://mstestadapter/v2" className="VideoOS.Management.Server.UnitTests.ConfigurationAPI.Rules.Methods.StartConditionsStepTest" name="GetCurrentProperties_WhenTimeBetweenWithoutStartAndEndTimeIsSet_ReturnsProperty" />
    </UnitTest>
    <UnitTest name="Validate_WhenWrongExpectedType_ReturnsFalse" storage="d:\actions-runner\_work\xpco\xpco\corporate\videoos.management.server.unittests\bin\x64\debug\net472\videoos.management.server.unittests.dll" id="036aec93-5068-6bba-266a-1cbdf1ad9369">
      <Execution id="33f4687b-ab03-49ee-9c87-10013c198b7c" />
      <TestMethod codeBase="D:\actions-runner\_work\XPCO\XPCO\Corporate\VideoOS.Management.Server.UnitTests\bin\x64\Debug\net472\VideoOS.Management.Server.UnitTests.dll" adapterTypeName="executor://mstestadapter/v2" className="VideoOS.Management.Server.UnitTests.ConfigurationAPI.Rules.Backend.Validation.SystemDashboardRecordingServerParameterValueValidatorTests" name="Validate_WhenWrongExpectedType_ReturnsFalse" />
    </UnitTest>
    <UnitTest name="GetItem_InvalidPathTest" storage="d:\actions-runner\_work\xpco\xpco\corporate\videoos.management.server.unittests\bin\x64\debug\net472\videoos.management.server.unittests.dll" id="25c14658-4d1f-e578-a06b-e6d70a3f480a">
      <Execution id="4ce743a2-939b-403f-ba69-b7bc6940188b" />
      <TestMethod codeBase="D:\actions-runner\_work\XPCO\XPCO\Corporate\VideoOS.Management.Server.UnitTests\bin\x64\Debug\net472\VideoOS.Management.Server.UnitTests.dll" adapterTypeName="executor://mstestadapter/v2" className="VideoOS.Management.Server.UnitTests.ConfigurationAPI.BusinessObjects.CustomProperties.CustomPropertiesConfigurationApiTest" name="GetItem_InvalidPathTest" />
    </UnitTest>
    <UnitTest name="InvokeMethod_ParamNullCheck_ParentPathTest" storage="d:\actions-runner\_work\xpco\xpco\corporate\videoos.management.server.unittests\bin\x64\debug\net472\videoos.management.server.unittests.dll" id="b9280753-2888-aba1-9d95-d3df772e23d3">
      <Execution id="5961a8e5-3349-46c7-936f-710ee8d70a33" />
      <TestMethod codeBase="D:\actions-runner\_work\XPCO\XPCO\Corporate\VideoOS.Management.Server.UnitTests\bin\x64\Debug\net472\VideoOS.Management.Server.UnitTests.dll" adapterTypeName="executor://mstestadapter/v2" className="VideoOS.Management.Server.UnitTests.ConfigurationAPI.BusinessObjects.AudioMessage.AudioMessageConfigurationApiTest" name="InvokeMethod_ParamNullCheck_ParentPathTest" />
    </UnitTest>
    <UnitTest name="LookupArray_Succeeds_WhenItemTypeIsOtherAndHasParameters" storage="d:\actions-runner\_work\xpco\xpco\corporate\videoos.management.server.unittests\bin\x64\debug\net472\videoos.management.server.unittests.dll" id="b0411fa8-4795-c863-8ef8-7d5926179b14">
      <Execution id="a7955e7f-0e1a-4ce7-a15d-a396c8090f03" />
      <TestMethod codeBase="D:\actions-runner\_work\XPCO\XPCO\Corporate\VideoOS.Management.Server.UnitTests\bin\x64\Debug\net472\VideoOS.Management.Server.UnitTests.dll" adapterTypeName="executor://mstestadapter/v2" className="VideoOS.Management.Server.UnitTests.RestApi.ConfigurationApiManagerTests" name="LookupArray_Succeeds_WhenItemTypeIsOtherAndHasParameters" />
    </UnitTest>
    <UnitTest name="Put_UseElementListToUpdateItem_UseParentResource" storage="d:\actions-runner\_work\xpco\xpco\corporate\videoos.management.server.unittests\bin\x64\debug\net472\videoos.management.server.unittests.dll" id="4b01245f-cb50-34c8-2484-18e1ee18e476">
      <Execution id="a3dbf0c9-8ce7-4862-b06f-e64d9877383f" />
      <TestMethod codeBase="D:\actions-runner\_work\XPCO\XPCO\Corporate\VideoOS.Management.Server.UnitTests\bin\x64\Debug\net472\VideoOS.Management.Server.UnitTests.dll" adapterTypeName="executor://mstestadapter/v2" className="VideoOS.Management.Server.UnitTests.RestApi.ConfigurationApiSubControllerTests" name="Put_UseElementListToUpdateItem_UseParentResource" />
    </UnitTest>
    <UnitTest name="RetentionTimeRule_RuleActionAsync_Cancelled_LoggedAndReturns" storage="d:\actions-runner\_work\xpco\xpco\corporate\videoos.management.server.unittests\bin\x64\debug\net472\videoos.management.server.unittests.dll" id="56eb427e-ccfd-a448-70ef-7ce6d0bb76f0">
      <Execution id="3788336e-a2c5-4492-8d80-65c90b430fad" />
      <TestMethod codeBase="D:\actions-runner\_work\XPCO\XPCO\Corporate\VideoOS.Management.Server.UnitTests\bin\x64\Debug\net472\VideoOS.Management.Server.UnitTests.dll" adapterTypeName="executor://mstestadapter/v2" className="VideoOS.Management.Server.UnitTests.BusinessObjects.ManagementServer.DataCollection.PerformanceCounterRules.RetentionTimeRuleTest" name="RetentionTimeRule_RuleActionAsync_Cancelled_LoggedAndReturns" />
    </UnitTest>
    <UnitTest name="GetCurrentProperties_WhenRuleTypeIsEvent_AllPropertiesArePresent__ReturnsAllProperties" storage="d:\actions-runner\_work\xpco\xpco\corporate\videoos.management.server.unittests\bin\x64\debug\net472\videoos.management.server.unittests.dll" id="bc83b684-3c39-f713-594b-7b3a6ea46344">
      <Execution id="a3fcdd01-642e-46b9-a657-1367647ae57d" />
      <TestMethod codeBase="D:\actions-runner\_work\XPCO\XPCO\Corporate\VideoOS.Management.Server.UnitTests\bin\x64\Debug\net472\VideoOS.Management.Server.UnitTests.dll" adapterTypeName="executor://mstestadapter/v2" className="VideoOS.Management.Server.UnitTests.ConfigurationAPI.Rules.Methods.StopRuleTypeStepTests" name="GetCurrentProperties_WhenRuleTypeIsEvent_AllPropertiesArePresent__ReturnsAllProperties" />
    </UnitTest>
    <UnitTest name="Validate_WhenSetOutputStateActionButStateValueIsWrong_Error" storage="d:\actions-runner\_work\xpco\xpco\corporate\videoos.management.server.unittests\bin\x64\debug\net472\videoos.management.server.unittests.dll" id="4ec1996b-4e8a-65d0-e9e1-f9eff3da718a">
      <Execution id="20323770-7cf5-4189-92ff-ff57fcacb32a" />
      <TestMethod codeBase="D:\actions-runner\_work\XPCO\XPCO\Corporate\VideoOS.Management.Server.UnitTests\bin\x64\Debug\net472\VideoOS.Management.Server.UnitTests.dll" adapterTypeName="executor://mstestadapter/v2" className="VideoOS.Management.Server.UnitTests.ConfigurationAPI.Rules.Backend.Validation.ValidatorIntegrationTests" name="Validate_WhenSetOutputStateActionButStateValueIsWrong_Error" />
    </UnitTest>
    <UnitTest name="GetInternalUnitPath_WithParameter_ProvidesCorrectPath" storage="d:\actions-runner\_work\xpco\xpco\corporate\videoos.management.server.unittests\bin\x64\debug\net472\videoos.management.server.unittests.dll" id="791c75fe-ff10-f909-6579-d1ad9b5a3c04">
      <Execution id="942ae486-de61-4b29-92ba-bb6c75146510" />
      <TestMethod codeBase="D:\actions-runner\_work\XPCO\XPCO\Corporate\VideoOS.Management.Server.UnitTests\bin\x64\Debug\net472\VideoOS.Management.Server.UnitTests.dll" adapterTypeName="executor://mstestadapter/v2" className="VideoOS.Management.Server.UnitTests.ConfigurationAPI.BusinessObjects.AccessControl.GetInternalUnitPathTests" name="GetInternalUnitPath_WithParameter_ProvidesCorrectPath" />
    </UnitTest>
    <UnitTest name="Build_WhenRecurringRuleType_MonthlyOnce_PropertiesAreSet" storage="d:\actions-runner\_work\xpco\xpco\corporate\videoos.management.server.unittests\bin\x64\debug\net472\videoos.management.server.unittests.dll" id="aa702019-a151-3622-6261-4359d1e0c04a">
      <Execution id="1ace7768-ee8d-4448-8990-3b2bb1a9df31" />
      <TestMethod codeBase="D:\actions-runner\_work\XPCO\XPCO\Corporate\VideoOS.Management.Server.UnitTests\bin\x64\Debug\net472\VideoOS.Management.Server.UnitTests.dll" adapterTypeName="executor://mstestadapter/v2" className="VideoOS.Management.Server.UnitTests.ConfigurationAPI.Rules.Builders.ConfigurationItemBuilderTests" name="Build_WhenRecurringRuleType_MonthlyOnce_PropertiesAreSet" />
    </UnitTest>
    <UnitTest name="InvokeMethod_DoesCorrectPassThrough" storage="d:\actions-runner\_work\xpco\xpco\corporate\videoos.management.server.unittests\bin\x64\debug\net472\videoos.management.server.unittests.dll" id="de7b1b28-8388-0f03-fc4f-7609c388802f">
      <Execution id="1bec46ba-a7ac-4828-8694-86bc66a77716" />
      <TestMethod codeBase="D:\actions-runner\_work\XPCO\XPCO\Corporate\VideoOS.Management.Server.UnitTests\bin\x64\Debug\net472\VideoOS.Management.Server.UnitTests.dll" adapterTypeName="executor://mstestadapter/v2" className="VideoOS.Management.Server.UnitTests.RestApi.ConfigurationApiManagerTests" name="InvokeMethod_DoesCorrectPassThrough" />
    </UnitTest>
    <UnitTest name="Link_SunnyDay_Test_NoLink" storage="d:\actions-runner\_work\xpco\xpco\corporate\videoos.management.server.unittests\bin\x64\debug\net472\videoos.management.server.unittests.dll" id="ef59ed2f-2fbe-b31e-f871-f365df65d041">
      <Execution id="93dc8a6f-6a54-4912-9320-16488c789f7a" />
      <TestMethod codeBase="D:\actions-runner\_work\XPCO\XPCO\Corporate\VideoOS.Management.Server.UnitTests\bin\x64\Debug\net472\VideoOS.Management.Server.UnitTests.dll" adapterTypeName="executor://mstestadapter/v2" className="VideoOS.Management.Server.UnitTests.RestApi.LinkTests" name="Link_SunnyDay_Test_NoLink" />
    </UnitTest>
    <UnitTest name="ConstructSqlSelect_SunnyDay_NameNotEqual" storage="d:\actions-runner\_work\xpco\xpco\corporate\videoos.management.server.unittests\bin\x64\debug\net472\videoos.management.server.unittests.dll" id="c4e58bbd-5cb8-a463-0e32-8468aa32b9f9">
      <Execution id="a6431294-7cf7-4425-b11f-2afdbbcb7db7" />
      <TestMethod codeBase="D:\actions-runner\_work\XPCO\XPCO\Corporate\VideoOS.Management.Server.UnitTests\bin\x64\Debug\net472\VideoOS.Management.Server.UnitTests.dll" adapterTypeName="executor://mstestadapter/v2" className="VideoOS.Management.Server.UnitTests.ConfigurationAPI.Converters.SqlQueryFormatterTests" name="ConstructSqlSelect_SunnyDay_NameNotEqual" />
    </UnitTest>
    <UnitTest name="SendCommandSecurityVisitor_UpdateConfigurationManagerCommand_Recorder_Delete_Allowed" storage="d:\actions-runner\_work\xpco\xpco\corporate\videoos.management.server.unittests\bin\x64\debug\net472\videoos.management.server.unittests.dll" id="e4d55142-943b-7ab2-c16b-8d11d387b47e">
      <Execution id="ff71dc1d-c04c-40a7-b24b-8f799a10831b" />
      <TestMethod codeBase="D:\actions-runner\_work\XPCO\XPCO\Corporate\VideoOS.Management.Server.UnitTests\bin\x64\Debug\net472\VideoOS.Management.Server.UnitTests.dll" adapterTypeName="executor://mstestadapter/v2" className="VideoOS.Management.Server.UnitTests.SendCommandSecurityVisitorTests" name="SendCommandSecurityVisitor_UpdateConfigurationManagerCommand_Recorder_Delete_Allowed" />
    </UnitTest>
    <UnitTest name="Validate_WhenHomeSiteIsNull_ReturnsTrue" storage="d:\actions-runner\_work\xpco\xpco\corporate\videoos.management.server.unittests\bin\x64\debug\net472\videoos.management.server.unittests.dll" id="6c401de9-768d-4800-aeaa-bb13e0b9e325">
      <Execution id="551760d4-5cf9-4505-bba5-b52f4a9c22ba" />
      <TestMethod codeBase="D:\actions-runner\_work\XPCO\XPCO\Corporate\VideoOS.Management.Server.UnitTests\bin\x64\Debug\net472\VideoOS.Management.Server.UnitTests.dll" adapterTypeName="executor://mstestadapter/v2" className="VideoOS.Management.Server.UnitTests.ConfigurationAPI.Rules.Backend.Validation.UserDefinedEventValueValidatorTests" name="Validate_WhenHomeSiteIsNull_ReturnsTrue" />
    </UnitTest>
    <UnitTest name="LookupChildArray_Succeeds_WhenChildItemTypeIsTaskFolderAndItemTypeIsEmpty" storage="d:\actions-runner\_work\xpco\xpco\corporate\videoos.management.server.unittests\bin\x64\debug\net472\videoos.management.server.unittests.dll" id="c843f5f5-c9ca-76c5-e799-8147be0346ca">
      <Execution id="c6a9cad1-b9d8-4437-8b76-00296d456298" />
      <TestMethod codeBase="D:\actions-runner\_work\XPCO\XPCO\Corporate\VideoOS.Management.Server.UnitTests\bin\x64\Debug\net472\VideoOS.Management.Server.UnitTests.dll" adapterTypeName="executor://mstestadapter/v2" className="VideoOS.Management.Server.UnitTests.RestApi.ConfigurationApiManagerTests" name="LookupChildArray_Succeeds_WhenChildItemTypeIsTaskFolderAndItemTypeIsEmpty" />
    </UnitTest>
    <UnitTest name="GetItemType_WhenObjectExists_ReturnsMipKind" storage="d:\actions-runner\_work\xpco\xpco\corporate\videoos.management.server.unittests\bin\x64\debug\net472\videoos.management.server.unittests.dll" id="830c06cd-c7e8-0f51-7bbf-ccf64aeca903">
      <Execution id="0bb6f799-047e-4003-90fb-bd81f2eff204" />
      <TestMethod codeBase="D:\actions-runner\_work\XPCO\XPCO\Corporate\VideoOS.Management.Server.UnitTests\bin\x64\Debug\net472\VideoOS.Management.Server.UnitTests.dll" adapterTypeName="executor://mstestadapter/v2" className="VideoOS.Management.Server.UnitTests.ConfigurationAPI.Rules.Backend.Validation.ValueValidators.PluginGroupItemParameterValueValidatorTests" name="GetItemType_WhenObjectExists_ReturnsMipKind" />
    </UnitTest>
    <UnitTest name="Invoke_RequestLicense_SunnyDay" storage="d:\actions-runner\_work\xpco\xpco\corporate\videoos.management.server.unittests\bin\x64\debug\net472\videoos.management.server.unittests.dll" id="a1298a01-03bd-8711-abbe-64c225a89283">
      <Execution id="ff9542d5-a0fd-4e84-aa2c-2346fab81272" />
      <TestMethod codeBase="D:\actions-runner\_work\XPCO\XPCO\Corporate\VideoOS.Management.Server.UnitTests\bin\x64\Debug\net472\VideoOS.Management.Server.UnitTests.dll" adapterTypeName="executor://mstestadapter/v2" className="VideoOS.Management.Server.UnitTests.ConfigurationAPI.BusinessObjects.LicenseConfigurationApiTests" name="Invoke_RequestLicense_SunnyDay" />
    </UnitTest>
    <UnitTest name="Build_WhenBothTimeProfileConditionsAreSet_TimeProfileIdsAreSet_ReturnsBothTimeProfileConditions" storage="d:\actions-runner\_work\xpco\xpco\corporate\videoos.management.server.unittests\bin\x64\debug\net472\videoos.management.server.unittests.dll" id="9518cd3b-82f8-d7b0-b871-6b23c468ed35">
      <Execution id="c79c3506-0b07-4497-b20e-7abf93bc1e5f" />
      <TestMethod codeBase="D:\actions-runner\_work\XPCO\XPCO\Corporate\VideoOS.Management.Server.UnitTests\bin\x64\Debug\net472\VideoOS.Management.Server.UnitTests.dll" adapterTypeName="executor://mstestadapter/v2" className="VideoOS.Management.Server.UnitTests.ConfigurationAPI.Rules.Builders.RuleModelConditionsBuilderTests" name="Build_WhenBothTimeProfileConditionsAreSet_TimeProfileIdsAreSet_ReturnsBothTimeProfileConditions" />
    </UnitTest>
    <UnitTest name="FindSearchTemplates_ByAllParams_ParamNullCheck_RequestContext" storage="d:\actions-runner\_work\xpco\xpco\corporate\videoos.management.server.unittests\bin\x64\debug\net472\videoos.management.server.unittests.dll" id="b4dd6698-a7ed-7ac8-0f60-aeb20de576ed">
      <Execution id="31f4d96b-3104-4439-8dd2-bed3e10f31af" />
      <TestMethod codeBase="D:\actions-runner\_work\XPCO\XPCO\Corporate\VideoOS.Management.Server.UnitTests\bin\x64\Debug\net472\VideoOS.Management.Server.UnitTests.dll" adapterTypeName="executor://mstestadapter/v2" className="VideoOS.Management.Server.UnitTests.BusinessObjects.ManagementServer.SearchTemplate.SearchTemplateFindTests" name="FindSearchTemplates_ByAllParams_ParamNullCheck_RequestContext" />
    </UnitTest>
    <UnitTest name="Build_TriggerEventOnRemoteSite_WhenParametersAreSet_ReturnsActionModel" storage="d:\actions-runner\_work\xpco\xpco\corporate\videoos.management.server.unittests\bin\x64\debug\net472\videoos.management.server.unittests.dll" id="710c4812-5608-d4a5-ebda-3675519b44e4">
      <Execution id="acf86efa-b936-4658-8c4b-5db39d2ccaf5" />
      <TestMethod codeBase="D:\actions-runner\_work\XPCO\XPCO\Corporate\VideoOS.Management.Server.UnitTests\bin\x64\Debug\net472\VideoOS.Management.Server.UnitTests.dll" adapterTypeName="executor://mstestadapter/v2" className="VideoOS.Management.Server.UnitTests.ConfigurationAPI.Rules.Builders.RuleModelActionsBuilderTests" name="Build_TriggerEventOnRemoteSite_WhenParametersAreSet_ReturnsActionModel" />
    </UnitTest>
    <UnitTest name="SendCommandSecurityVisitor_UpdateSecurityManagerCommand_SecurityAttributes_Edit_NotSupportedException" storage="d:\actions-runner\_work\xpco\xpco\corporate\videoos.management.server.unittests\bin\x64\debug\net472\videoos.management.server.unittests.dll" id="a7854f38-5c7e-9f35-1568-d7f95b4edd70">
      <Execution id="e4b66728-65a8-4ad2-96c2-8b22f7210a62" />
      <TestMethod codeBase="D:\actions-runner\_work\XPCO\XPCO\Corporate\VideoOS.Management.Server.UnitTests\bin\x64\Debug\net472\VideoOS.Management.Server.UnitTests.dll" adapterTypeName="executor://mstestadapter/v2" className="VideoOS.Management.Server.UnitTests.SendCommandSecurityVisitorTests" name="SendCommandSecurityVisitor_UpdateSecurityManagerCommand_SecurityAttributes_Edit_NotSupportedException" />
    </UnitTest>
    <UnitTest name="SendCommandSecurityVisitor_UpdateConfigurationManagerCommand_UserDefinedEvent_Delete_Allowed" storage="d:\actions-runner\_work\xpco\xpco\corporate\videoos.management.server.unittests\bin\x64\debug\net472\videoos.management.server.unittests.dll" id="6c9db23f-d821-acd9-3932-64c52fd4fd59">
      <Execution id="9885a6ea-be4b-4b96-bfba-e442f3c82f66" />
      <TestMethod codeBase="D:\actions-runner\_work\XPCO\XPCO\Corporate\VideoOS.Management.Server.UnitTests\bin\x64\Debug\net472\VideoOS.Management.Server.UnitTests.dll" adapterTypeName="executor://mstestadapter/v2" className="VideoOS.Management.Server.UnitTests.SendCommandSecurityVisitorTests" name="SendCommandSecurityVisitor_UpdateConfigurationManagerCommand_UserDefinedEvent_Delete_Allowed" />
    </UnitTest>
    <UnitTest name="GetNextProperties_WhenWithinTimeProfileIsSetToTrue_ReturnsTimeProfileProperty" storage="d:\actions-runner\_work\xpco\xpco\corporate\videoos.management.server.unittests\bin\x64\debug\net472\videoos.management.server.unittests.dll" id="b285fe55-5ffe-2312-c012-4f5985cfb8b9">
      <Execution id="e4ffffd1-de77-401d-8876-2b506993fba2" />
      <TestMethod codeBase="D:\actions-runner\_work\XPCO\XPCO\Corporate\VideoOS.Management.Server.UnitTests\bin\x64\Debug\net472\VideoOS.Management.Server.UnitTests.dll" adapterTypeName="executor://mstestadapter/v2" className="VideoOS.Management.Server.UnitTests.ConfigurationAPI.Rules.Methods.StartConditionsStepTest" name="GetNextProperties_WhenWithinTimeProfileIsSetToTrue_ReturnsTimeProfileProperty" />
    </UnitTest>
    <UnitTest name="Validate_WhenWeeklyFrequency_DaysContainIrregularCasing_NoErrors" storage="d:\actions-runner\_work\xpco\xpco\corporate\videoos.management.server.unittests\bin\x64\debug\net472\videoos.management.server.unittests.dll" id="bc829c53-06c2-a7dc-b1f8-d70159e18456">
      <Execution id="544d60be-9e35-41d8-be8b-8f09dae989dd" />
      <TestMethod codeBase="D:\actions-runner\_work\XPCO\XPCO\Corporate\VideoOS.Management.Server.UnitTests\bin\x64\Debug\net472\VideoOS.Management.Server.UnitTests.dll" adapterTypeName="executor://mstestadapter/v2" className="VideoOS.Management.Server.UnitTests.ConfigurationAPI.Rules.Backend.Validation.RecurringTimeValidatorTests" name="Validate_WhenWeeklyFrequency_DaysContainIrregularCasing_NoErrors" />
    </UnitTest>
    <UnitTest name="ChangePassword_PasswordNotComplexEnough_ThrowsBasicUserPasswordException" storage="d:\actions-runner\_work\xpco\xpco\corporate\videoos.management.server.unittests\bin\x64\debug\net472\videoos.management.server.unittests.dll" id="8284577d-64e9-579c-0d3f-d11774cc2887">
      <Execution id="2dd440e5-448e-4766-a18b-0f201ce1fcc3" />
      <TestMethod codeBase="D:\actions-runner\_work\XPCO\XPCO\Corporate\VideoOS.Management.Server.UnitTests\bin\x64\Debug\net472\VideoOS.Management.Server.UnitTests.dll" adapterTypeName="executor://mstestadapter/v2" className="VideoOS.Management.Server.UnitTests.DataComponents.Idp.UserIdpComponentTests" name="ChangePassword_PasswordNotComplexEnough_ThrowsBasicUserPasswordException" />
    </UnitTest>
    <UnitTest name="Invoke_ActivateLicense_SunnyDay_NewAuto" storage="d:\actions-runner\_work\xpco\xpco\corporate\videoos.management.server.unittests\bin\x64\debug\net472\videoos.management.server.unittests.dll" id="b2652eae-a656-5463-5262-1292e0b98b25">
      <Execution id="ca5a3cc0-aee5-4386-88ba-0332dbe126d0" />
      <TestMethod codeBase="D:\actions-runner\_work\XPCO\XPCO\Corporate\VideoOS.Management.Server.UnitTests\bin\x64\Debug\net472\VideoOS.Management.Server.UnitTests.dll" adapterTypeName="executor://mstestadapter/v2" className="VideoOS.Management.Server.UnitTests.ConfigurationAPI.BusinessObjects.LicenseConfigurationApiTests" name="Invoke_ActivateLicense_SunnyDay_NewAuto" />
    </UnitTest>
    <UnitTest name="Validate_WhenSubdayTypeRecurring_SubdayEndTimeIsAbove24Hours_ReturnsError" storage="d:\actions-runner\_work\xpco\xpco\corporate\videoos.management.server.unittests\bin\x64\debug\net472\videoos.management.server.unittests.dll" id="032a180f-c839-c9ea-66c9-497331a39696">
      <Execution id="a4e13609-fe3b-4c7c-8f42-d314657aaa56" />
      <TestMethod codeBase="D:\actions-runner\_work\XPCO\XPCO\Corporate\VideoOS.Management.Server.UnitTests\bin\x64\Debug\net472\VideoOS.Management.Server.UnitTests.dll" adapterTypeName="executor://mstestadapter/v2" className="VideoOS.Management.Server.UnitTests.ConfigurationAPI.Rules.Backend.Validation.RecurringTimeValidatorTests" name="Validate_WhenSubdayTypeRecurring_SubdayEndTimeIsAbove24Hours_ReturnsError" />
    </UnitTest>
    <UnitTest name="GetNextProperties_WhenWithinWindowIsSetToTrueAndWindowPropertyIsSet_ReturnsNoProperty" storage="d:\actions-runner\_work\xpco\xpco\corporate\videoos.management.server.unittests\bin\x64\debug\net472\videoos.management.server.unittests.dll" id="9f7358cf-1e79-bdf2-7469-a82abf006115">
      <Execution id="94f32c2b-3ad0-45af-9ebe-5ec688e86d89" />
      <TestMethod codeBase="D:\actions-runner\_work\XPCO\XPCO\Corporate\VideoOS.Management.Server.UnitTests\bin\x64\Debug\net472\VideoOS.Management.Server.UnitTests.dll" adapterTypeName="executor://mstestadapter/v2" className="VideoOS.Management.Server.UnitTests.ConfigurationAPI.Rules.Methods.StartConditionsStepTest" name="GetNextProperties_WhenWithinWindowIsSetToTrueAndWindowPropertyIsSet_ReturnsNoProperty" />
    </UnitTest>
    <UnitTest name="SendCommandSecurityVisitor_UpdateConfigurationManagerCommand_ArgumentNullException" storage="d:\actions-runner\_work\xpco\xpco\corporate\videoos.management.server.unittests\bin\x64\debug\net472\videoos.management.server.unittests.dll" id="aa8846e1-eceb-05ec-5ae7-803863b41b04">
      <Execution id="458caed0-616f-4c93-8b82-29d38f121df6" />
      <TestMethod codeBase="D:\actions-runner\_work\XPCO\XPCO\Corporate\VideoOS.Management.Server.UnitTests\bin\x64\Debug\net472\VideoOS.Management.Server.UnitTests.dll" adapterTypeName="executor://mstestadapter/v2" className="VideoOS.Management.Server.UnitTests.SendCommandSecurityVisitorTests" name="SendCommandSecurityVisitor_UpdateConfigurationManagerCommand_ArgumentNullException" />
    </UnitTest>
    <UnitTest name="GetNextProperties_WhenRuleTypeNotSet_ReturnsRuleTypeProperty" storage="d:\actions-runner\_work\xpco\xpco\corporate\videoos.management.server.unittests\bin\x64\debug\net472\videoos.management.server.unittests.dll" id="6479903c-a346-491e-4a46-94865203359b">
      <Execution id="badff977-f7f1-4139-bd96-2aa1b33ef579" />
      <TestMethod codeBase="D:\actions-runner\_work\XPCO\XPCO\Corporate\VideoOS.Management.Server.UnitTests\bin\x64\Debug\net472\VideoOS.Management.Server.UnitTests.dll" adapterTypeName="executor://mstestadapter/v2" className="VideoOS.Management.Server.UnitTests.ConfigurationAPI.Rules.Methods.StartRuleTypeStepTests" name="GetNextProperties_WhenRuleTypeNotSet_ReturnsRuleTypeProperty" />
    </UnitTest>
    <UnitTest name="GetItem_SunnyDay_TopFolderNoId" storage="d:\actions-runner\_work\xpco\xpco\corporate\videoos.management.server.unittests\bin\x64\debug\net472\videoos.management.server.unittests.dll" id="1fb41ab6-7d17-e2d0-31ee-739abf153984">
      <Execution id="b3f8dc51-d7cb-449c-a144-8e8898ac70ee" />
      <TestMethod codeBase="D:\actions-runner\_work\XPCO\XPCO\Corporate\VideoOS.Management.Server.UnitTests\bin\x64\Debug\net472\VideoOS.Management.Server.UnitTests.dll" adapterTypeName="executor://mstestadapter/v2" className="VideoOS.Management.Server.UnitTests.ConfigurationAPI.BusinessObjects.SiteConfigurationApiTest" name="GetItem_SunnyDay_TopFolderNoId" />
    </UnitTest>
    <UnitTest name="PropertyTypesHelperTests_GetValue_Success" storage="d:\actions-runner\_work\xpco\xpco\corporate\videoos.management.server.unittests\bin\x64\debug\net472\videoos.management.server.unittests.dll" id="53b7c9d1-f66c-a4d5-cce9-31acb67bd54b">
      <Execution id="98dce285-0997-4129-954c-c6aa0af2fbcf" />
      <TestMethod codeBase="D:\actions-runner\_work\XPCO\XPCO\Corporate\VideoOS.Management.Server.UnitTests\bin\x64\Debug\net472\VideoOS.Management.Server.UnitTests.dll" adapterTypeName="executor://mstestadapter/v2" className="VideoOS.Management.Server.UnitTests.ConfigurationAPI.PropertyTypesHelperTests" name="PropertyTypesHelperTests_GetValue_Success" />
    </UnitTest>
    <UnitTest name="Validate_WhenParametersIsNull_ValidatesAsTrue" storage="d:\actions-runner\_work\xpco\xpco\corporate\videoos.management.server.unittests\bin\x64\debug\net472\videoos.management.server.unittests.dll" id="00e9c52b-bb29-5c4b-84d2-fca70118da4e">
      <Execution id="f5bc95b6-d8d7-4817-82eb-4508fffdc940" />
      <TestMethod codeBase="D:\actions-runner\_work\XPCO\XPCO\Corporate\VideoOS.Management.Server.UnitTests\bin\x64\Debug\net472\VideoOS.Management.Server.UnitTests.dll" adapterTypeName="executor://mstestadapter/v2" className="VideoOS.Management.Server.UnitTests.ConfigurationAPI.Rules.Backend.Validation.DeviceFilterValidatorTests" name="Validate_WhenParametersIsNull_ValidatesAsTrue" />
    </UnitTest>
    <UnitTest name="IsComplete_WhenRuleTypeIsTimeInterval_ReturnsTrue" storage="d:\actions-runner\_work\xpco\xpco\corporate\videoos.management.server.unittests\bin\x64\debug\net472\videoos.management.server.unittests.dll" id="218ecca6-3165-3f4e-843a-057ff8d73915">
      <Execution id="901c5e43-fe1b-48fa-aea6-adf06e0689b8" />
      <TestMethod codeBase="D:\actions-runner\_work\XPCO\XPCO\Corporate\VideoOS.Management.Server.UnitTests\bin\x64\Debug\net472\VideoOS.Management.Server.UnitTests.dll" adapterTypeName="executor://mstestadapter/v2" className="VideoOS.Management.Server.UnitTests.ConfigurationAPI.Rules.Methods.StartRuleTypeStepTests" name="IsComplete_WhenRuleTypeIsTimeInterval_ReturnsTrue" />
    </UnitTest>
    <UnitTest name="ToString_NullInput_ReturnsString" storage="d:\actions-runner\_work\xpco\xpco\corporate\videoos.management.server.unittests\bin\x64\debug\net472\videoos.management.server.unittests.dll" id="36cb3ddc-6b4a-4f2b-cf2d-61ecffff8ee4">
      <Execution id="079a4294-607c-427a-a878-91d37f55be84" />
      <TestMethod codeBase="D:\actions-runner\_work\XPCO\XPCO\Corporate\VideoOS.Management.Server.UnitTests\bin\x64\Debug\net472\VideoOS.Management.Server.UnitTests.dll" adapterTypeName="executor://mstestadapter/v2" className="VideoOS.Management.Server.UnitTests.ConfigurationAPI.Rules.TypeHelperTests" name="ToString_NullInput_ReturnsString" />
    </UnitTest>
    <UnitTest name="Build_WithinTimeProfileConditionIsSet_WithinTimeProfilePropertyAdded" storage="d:\actions-runner\_work\xpco\xpco\corporate\videoos.management.server.unittests\bin\x64\debug\net472\videoos.management.server.unittests.dll" id="23aa094c-025b-18cd-0ee6-c2bc296bf8f2">
      <Execution id="ee944bac-fbc5-439a-8348-528131129768" />
      <TestMethod codeBase="D:\actions-runner\_work\XPCO\XPCO\Corporate\VideoOS.Management.Server.UnitTests\bin\x64\Debug\net472\VideoOS.Management.Server.UnitTests.dll" adapterTypeName="executor://mstestadapter/v2" className="VideoOS.Management.Server.UnitTests.ConfigurationAPI.Rules.Builders.ConfigurationItemBuilderTests" name="Build_WithinTimeProfileConditionIsSet_WithinTimeProfilePropertyAdded" />
    </UnitTest>
    <UnitTest name="ChangePassword_UserNotFound_ThrowsBasicUserUpdateException" storage="d:\actions-runner\_work\xpco\xpco\corporate\videoos.management.server.unittests\bin\x64\debug\net472\videoos.management.server.unittests.dll" id="f27bfe23-dc82-cec0-e5e5-253e23a10e83">
      <Execution id="02b5a26d-e0a8-44ad-836b-2924ce28db17" />
      <TestMethod codeBase="D:\actions-runner\_work\XPCO\XPCO\Corporate\VideoOS.Management.Server.UnitTests\bin\x64\Debug\net472\VideoOS.Management.Server.UnitTests.dll" adapterTypeName="executor://mstestadapter/v2" className="VideoOS.Management.Server.UnitTests.DataComponents.Idp.UserIdpComponentTests" name="ChangePassword_UserNotFound_ThrowsBasicUserUpdateException" />
    </UnitTest>
    <UnitTest name="DeviceTypeLookup_QueryDeviceTypeFromSecurityAttributeValue_Success" storage="d:\actions-runner\_work\xpco\xpco\corporate\videoos.management.server.unittests\bin\x64\debug\net472\videoos.management.server.unittests.dll" id="1b7b2c1b-7bda-2dcc-167e-dd1831f512a6">
      <Execution id="f37f33de-bbca-4533-90a7-876398d9d1ca" />
      <TestMethod codeBase="D:\actions-runner\_work\XPCO\XPCO\Corporate\VideoOS.Management.Server.UnitTests\bin\x64\Debug\net472\VideoOS.Management.Server.UnitTests.dll" adapterTypeName="executor://mstestadapter/v2" className="VideoOS.Management.Server.UnitTests.DeviceTypeLookupUnitTests" name="DeviceTypeLookup_QueryDeviceTypeFromSecurityAttributeValue_Success" />
    </UnitTest>
    <UnitTest name="FindClosestNode_Two_Childs_In_List_First_Node_Test" storage="d:\actions-runner\_work\xpco\xpco\corporate\videoos.management.server.unittests\bin\x64\debug\net472\videoos.management.server.unittests.dll" id="c8e92b6e-a686-ab23-ec5b-ead36ae6d891">
      <Execution id="0def9d6d-7ac2-4f15-b68a-1380ac27191c" />
      <TestMethod codeBase="D:\actions-runner\_work\XPCO\XPCO\Corporate\VideoOS.Management.Server.UnitTests\bin\x64\Debug\net472\VideoOS.Management.Server.UnitTests.dll" adapterTypeName="executor://mstestadapter/v2" className="VideoOS.Management.Server.UnitTests.NodeFindingTests" name="FindClosestNode_Two_Childs_In_List_First_Node_Test" />
    </UnitTest>
    <UnitTest name="FromString_WhenInvalidInput_Exception" storage="d:\actions-runner\_work\xpco\xpco\corporate\videoos.management.server.unittests\bin\x64\debug\net472\videoos.management.server.unittests.dll" id="c0c771f8-7610-f875-6c66-0b762f181447">
      <Execution id="26cda2d9-d245-466b-84e7-c29cd7ead8ff" />
      <TestMethod codeBase="D:\actions-runner\_work\XPCO\XPCO\Corporate\VideoOS.Management.Server.UnitTests\bin\x64\Debug\net472\VideoOS.Management.Server.UnitTests.dll" adapterTypeName="executor://mstestadapter/v2" className="VideoOS.Management.Server.UnitTests.ConfigurationAPI.Rules.TypeHelperTests" name="FromString_WhenInvalidInput_Exception" />
    </UnitTest>
    <UnitTest name="InvokeMethod_InvalidPathTest" storage="d:\actions-runner\_work\xpco\xpco\corporate\videoos.management.server.unittests\bin\x64\debug\net472\videoos.management.server.unittests.dll" id="1113de55-46d3-4f68-b93c-e5b921ce7602">
      <Execution id="5b07697f-0975-49ba-aa25-83dece5b2286" />
      <TestMethod codeBase="D:\actions-runner\_work\XPCO\XPCO\Corporate\VideoOS.Management.Server.UnitTests\bin\x64\Debug\net472\VideoOS.Management.Server.UnitTests.dll" adapterTypeName="executor://mstestadapter/v2" className="VideoOS.Management.Server.UnitTests.ConfigurationAPI.BusinessObjects.AudioMessage.AudioMessageFolderConfigurationApiTest" name="InvokeMethod_InvalidPathTest" />
    </UnitTest>
    <UnitTest name="Build_SetDeviceOutputStateActions_Created" storage="d:\actions-runner\_work\xpco\xpco\corporate\videoos.management.server.unittests\bin\x64\debug\net472\videoos.management.server.unittests.dll" id="c495a372-f134-4a93-df87-2712d3a010aa">
      <Execution id="e1cac9a1-fc8f-4044-b654-39fe6ff4dd43" />
      <TestMethod codeBase="D:\actions-runner\_work\XPCO\XPCO\Corporate\VideoOS.Management.Server.UnitTests\bin\x64\Debug\net472\VideoOS.Management.Server.UnitTests.dll" adapterTypeName="executor://mstestadapter/v2" className="VideoOS.Management.Server.UnitTests.ConfigurationAPI.Rules.Builders.RuleModelBuilderTests" name="Build_SetDeviceOutputStateActions_Created" />
    </UnitTest>
    <UnitTest name="Validate_WhenExpectedTypeIsNull_ReturnFalse" storage="d:\actions-runner\_work\xpco\xpco\corporate\videoos.management.server.unittests\bin\x64\debug\net472\videoos.management.server.unittests.dll" id="959be9a0-c2ee-77ac-f208-d0288489869c">
      <Execution id="3e872d08-99a4-45a0-8e83-04f4bf195476" />
      <TestMethod codeBase="D:\actions-runner\_work\XPCO\XPCO\Corporate\VideoOS.Management.Server.UnitTests\bin\x64\Debug\net472\VideoOS.Management.Server.UnitTests.dll" adapterTypeName="executor://mstestadapter/v2" className="VideoOS.Management.Server.UnitTests.ConfigurationAPI.Rules.Backend.Validation.DeviceParameterValueValidatorTests" name="Validate_WhenExpectedTypeIsNull_ReturnFalse" />
    </UnitTest>
    <UnitTest name="Given_Nothing_When_QueryingTheWellKnownUris_Then_ResponseContainsTheProductVersion" storage="d:\actions-runner\_work\xpco\xpco\corporate\videoos.management.server.unittests\bin\x64\debug\net472\videoos.management.server.unittests.dll" id="14ef688c-cce8-89b7-f9d3-4ad0d53611bd">
      <Execution id="5340c065-6f1e-42f0-96f7-93a7d7b54549" />
      <TestMethod codeBase="D:\actions-runner\_work\XPCO\XPCO\Corporate\VideoOS.Management.Server.UnitTests\bin\x64\Debug\net472\VideoOS.Management.Server.UnitTests.dll" adapterTypeName="executor://mstestadapter/v2" className="VideoOS.Management.Server.UnitTests.RestApi.WellKnownUrisControllerTest" name="Given_Nothing_When_QueryingTheWellKnownUris_Then_ResponseContainsTheProductVersion" />
    </UnitTest>
    <UnitTest name="Validate_WhenWeeklyFrequency_DaysContainsNoValues_ReturnsError" storage="d:\actions-runner\_work\xpco\xpco\corporate\videoos.management.server.unittests\bin\x64\debug\net472\videoos.management.server.unittests.dll" id="21f1fd46-1970-5444-ae26-7972c179b66d">
      <Execution id="3cb4e140-105c-4321-a270-e78126775d8a" />
      <TestMethod codeBase="D:\actions-runner\_work\XPCO\XPCO\Corporate\VideoOS.Management.Server.UnitTests\bin\x64\Debug\net472\VideoOS.Management.Server.UnitTests.dll" adapterTypeName="executor://mstestadapter/v2" className="VideoOS.Management.Server.UnitTests.ConfigurationAPI.Rules.Backend.Validation.RecurringTimeValidatorTests" name="Validate_WhenWeeklyFrequency_DaysContainsNoValues_ReturnsError" />
    </UnitTest>
    <UnitTest name="SetItem_ParamNullCheck_Item" storage="d:\actions-runner\_work\xpco\xpco\corporate\videoos.management.server.unittests\bin\x64\debug\net472\videoos.management.server.unittests.dll" id="118c8009-9c29-7229-d387-0d4cfba2dd39">
      <Execution id="7afd957c-63dd-4740-8f89-ca28be173457" />
      <TestMethod codeBase="D:\actions-runner\_work\XPCO\XPCO\Corporate\VideoOS.Management.Server.UnitTests\bin\x64\Debug\net472\VideoOS.Management.Server.UnitTests.dll" adapterTypeName="executor://mstestadapter/v2" className="VideoOS.Management.Server.UnitTests.ConfigurationAPI.BusinessObjects.SearchTemplate.SearchTemplateConfigurationApiTest" name="SetItem_ParamNullCheck_Item" />
    </UnitTest>
    <UnitTest name="Validation_ValidateDouble_Null_NullNotAllowed_ArgumentNullException" storage="d:\actions-runner\_work\xpco\xpco\corporate\videoos.management.server.unittests\bin\x64\debug\net472\videoos.management.server.unittests.dll" id="32e158c7-7395-bc85-11bb-87a3db2ce38c">
      <Execution id="a5e56946-9c34-4f90-b9fc-05f5652dd69f" />
      <TestMethod codeBase="D:\actions-runner\_work\XPCO\XPCO\Corporate\VideoOS.Management.Server.UnitTests\bin\x64\Debug\net472\VideoOS.Management.Server.UnitTests.dll" adapterTypeName="executor://mstestadapter/v2" className="VideoOS.Management.Server.UnitTests.ValidationUnitTests" name="Validation_ValidateDouble_Null_NullNotAllowed_ArgumentNullException" />
    </UnitTest>
    <UnitTest name="ScheduledAction_Construction_Success" storage="d:\actions-runner\_work\xpco\xpco\corporate\videoos.management.server.unittests\bin\x64\debug\net472\videoos.management.server.unittests.dll" id="6d9a2786-8499-7d7e-d87f-de3892050c29">
      <Execution id="2ea39d50-f275-45ff-99da-ea311db43cf4" />
      <TestMethod codeBase="D:\actions-runner\_work\XPCO\XPCO\Corporate\VideoOS.Management.Server.UnitTests\bin\x64\Debug\net472\VideoOS.Management.Server.UnitTests.dll" adapterTypeName="executor://mstestadapter/v2" className="VideoOS.Management.Server.UnitTests.BusinessObjects.ManagementServer.DataCollection.ScheduledAction.ScheduledActionTest" name="ScheduledAction_Construction_Success" />
    </UnitTest>
    <UnitTest name="BusinessObjects_License_UpdateMipPluginsLicenseRequestPart_NoClientPlugins" storage="d:\actions-runner\_work\xpco\xpco\corporate\videoos.management.server.unittests\bin\x64\debug\net472\videoos.management.server.unittests.dll" id="763f0137-e7e4-661f-c2a6-33b3f28a8666">
      <Execution id="17e50ac4-6512-44e2-817c-ba5a0fbb01d7" />
      <TestMethod codeBase="D:\actions-runner\_work\XPCO\XPCO\Corporate\VideoOS.Management.Server.UnitTests\bin\x64\Debug\net472\VideoOS.Management.Server.UnitTests.dll" adapterTypeName="executor://mstestadapter/v2" className="VideoOS.Management.Server.UnitTests.BusinessObjects.LicenseUnitTests" name="BusinessObjects_License_UpdateMipPluginsLicenseRequestPart_NoClientPlugins" />
    </UnitTest>
    <UnitTest name="ConfigurationItemPath_CreateItemPath_Succes" storage="d:\actions-runner\_work\xpco\xpco\corporate\videoos.management.server.unittests\bin\x64\debug\net472\videoos.management.server.unittests.dll" id="e93d7897-5fb7-f773-1a84-4dc679e6c356">
      <Execution id="63b92a20-f6cb-4175-8f26-043b6d0cab6f" />
      <TestMethod codeBase="D:\actions-runner\_work\XPCO\XPCO\Corporate\VideoOS.Management.Server.UnitTests\bin\x64\Debug\net472\VideoOS.Management.Server.UnitTests.dll" adapterTypeName="executor://mstestadapter/v2" className="VideoOS.Management.Server.UnitTests.ConfigurationAPI.ConfigurationItemPathTests" name="ConfigurationItemPath_CreateItemPath_Succes" />
    </UnitTest>
    <UnitTest name="ServerProxyService_GetDeviceGroupMembersByDeviceGroupId_AllOutputs_Allowed_NotFiltered" storage="d:\actions-runner\_work\xpco\xpco\corporate\videoos.management.server.unittests\bin\x64\debug\net472\videoos.management.server.unittests.dll" id="6bc5e92c-5c63-27f1-7ca0-c422b95c433f">
      <Execution id="ca8ab09a-26e6-4957-8e58-e6ad3d9883a2" />
      <TestMethod codeBase="D:\actions-runner\_work\XPCO\XPCO\Corporate\VideoOS.Management.Server.UnitTests\bin\x64\Debug\net472\VideoOS.Management.Server.UnitTests.dll" adapterTypeName="executor://mstestadapter/v2" className="VideoOS.Management.Server.UnitTests.ServerProxyServiceUnitTests" name="ServerProxyService_GetDeviceGroupMembersByDeviceGroupId_AllOutputs_Allowed_NotFiltered" />
    </UnitTest>
    <UnitTest name="CreateVmsUser_ExceptionIsThrown_ThrowsGenericIdpException" storage="d:\actions-runner\_work\xpco\xpco\corporate\videoos.management.server.unittests\bin\x64\debug\net472\videoos.management.server.unittests.dll" id="350d1aa6-c26e-31f5-b8b8-b9cd334e7a8a">
      <Execution id="b285ab0a-20ed-430f-8c91-7a37bb518b37" />
      <TestMethod codeBase="D:\actions-runner\_work\XPCO\XPCO\Corporate\VideoOS.Management.Server.UnitTests\bin\x64\Debug\net472\VideoOS.Management.Server.UnitTests.dll" adapterTypeName="executor://mstestadapter/v2" className="VideoOS.Management.Server.UnitTests.DataComponents.Idp.UserIdpComponentTests" name="CreateVmsUser_ExceptionIsThrown_ThrowsGenericIdpException" />
    </UnitTest>
    <UnitTest name="Invoke_WhenPropertyNotFound_ArgumentException" storage="d:\actions-runner\_work\xpco\xpco\corporate\videoos.management.server.unittests\bin\x64\debug\net472\videoos.management.server.unittests.dll" id="df6a4bc8-3289-2841-1c34-096205b98b7c">
      <Execution id="1dd9c96c-d6a3-438c-bfd9-5161e8bf566c" />
      <TestMethod codeBase="D:\actions-runner\_work\XPCO\XPCO\Corporate\VideoOS.Management.Server.UnitTests\bin\x64\Debug\net472\VideoOS.Management.Server.UnitTests.dll" adapterTypeName="executor://mstestadapter/v2" className="VideoOS.Management.Server.UnitTests.ConfigurationAPI.BusinessObjects.AccessControl.GetInternalUnitPathTests" name="Invoke_WhenPropertyNotFound_ArgumentException" />
    </UnitTest>
    <UnitTest name="GetCurrentProperties_WhenRuleTypeNotSet_ReturnsNoProperties" storage="d:\actions-runner\_work\xpco\xpco\corporate\videoos.management.server.unittests\bin\x64\debug\net472\videoos.management.server.unittests.dll" id="8ef6a5af-67d0-f48b-9c3e-b82bf1834e1f">
      <Execution id="84d837f8-834a-4926-9353-c18404d492a7" />
      <TestMethod codeBase="D:\actions-runner\_work\XPCO\XPCO\Corporate\VideoOS.Management.Server.UnitTests\bin\x64\Debug\net472\VideoOS.Management.Server.UnitTests.dll" adapterTypeName="executor://mstestadapter/v2" className="VideoOS.Management.Server.UnitTests.ConfigurationAPI.Rules.Methods.StartRuleTypeStepTests" name="GetCurrentProperties_WhenRuleTypeNotSet_ReturnsNoProperties" />
    </UnitTest>
    <UnitTest name="CreateSearchTemplate_Public_NotAllowed" storage="d:\actions-runner\_work\xpco\xpco\corporate\videoos.management.server.unittests\bin\x64\debug\net472\videoos.management.server.unittests.dll" id="a03db3cb-ee97-98ef-1d26-2275026ddc6d">
      <Execution id="13deb71d-eb60-42ad-a2a8-f3f9c4833b6e" />
      <TestMethod codeBase="D:\actions-runner\_work\XPCO\XPCO\Corporate\VideoOS.Management.Server.UnitTests\bin\x64\Debug\net472\VideoOS.Management.Server.UnitTests.dll" adapterTypeName="executor://mstestadapter/v2" className="VideoOS.Management.Server.UnitTests.BusinessObjects.ManagementServer.SearchTemplate.SearchTemplateItemTests" name="CreateSearchTemplate_Public_NotAllowed" />
    </UnitTest>
    <UnitTest name="IsPropertyValuePresent_WhenPropertyHasValue_ReturnsTrue" storage="d:\actions-runner\_work\xpco\xpco\corporate\videoos.management.server.unittests\bin\x64\debug\net472\videoos.management.server.unittests.dll" id="434940c5-4712-885c-a11e-477dd750fd9d">
      <Execution id="56fd33a7-0f38-4b5a-846e-f8feeab98d52" />
      <TestMethod codeBase="D:\actions-runner\_work\XPCO\XPCO\Corporate\VideoOS.Management.Server.UnitTests\bin\x64\Debug\net472\VideoOS.Management.Server.UnitTests.dll" adapterTypeName="executor://mstestadapter/v2" className="VideoOS.Management.Server.UnitTests.ConfigurationAPI.Rules.ConfigurationItemExtensionsTests" name="IsPropertyValuePresent_WhenPropertyHasValue_ReturnsTrue" />
    </UnitTest>
    <UnitTest name="Validate_WhenValueInArrayOutOfRange_Error" storage="d:\actions-runner\_work\xpco\xpco\corporate\videoos.management.server.unittests\bin\x64\debug\net472\videoos.management.server.unittests.dll" id="90c6e677-8a75-29d1-97e3-ace8ba361973">
      <Execution id="f2195956-31ce-4d20-a286-9c9b425e59e3" />
      <TestMethod codeBase="D:\actions-runner\_work\XPCO\XPCO\Corporate\VideoOS.Management.Server.UnitTests\bin\x64\Debug\net472\VideoOS.Management.Server.UnitTests.dll" adapterTypeName="executor://mstestadapter/v2" className="VideoOS.Management.Server.UnitTests.ConfigurationAPI.Rules.Backend.Validation.RuleParametersValidatorTests" name="Validate_WhenValueInArrayOutOfRange_Error" />
    </UnitTest>
    <UnitTest name="GetNextProperties_WhenAlwaysIsSetToFalse_ReturnsAllConditionButAlwaysProperties" storage="d:\actions-runner\_work\xpco\xpco\corporate\videoos.management.server.unittests\bin\x64\debug\net472\videoos.management.server.unittests.dll" id="9324ffe6-d9f3-4dcb-d2ad-0dd4e4d93586">
      <Execution id="f27032fc-2393-4a42-8cd2-b36a18704eb1" />
      <TestMethod codeBase="D:\actions-runner\_work\XPCO\XPCO\Corporate\VideoOS.Management.Server.UnitTests\bin\x64\Debug\net472\VideoOS.Management.Server.UnitTests.dll" adapterTypeName="executor://mstestadapter/v2" className="VideoOS.Management.Server.UnitTests.ConfigurationAPI.Rules.Methods.StartConditionsStepTest" name="GetNextProperties_WhenAlwaysIsSetToFalse_ReturnsAllConditionButAlwaysProperties" />
    </UnitTest>
    <UnitTest name="Build_WhenSetBookmark_ReturnsProperties" storage="d:\actions-runner\_work\xpco\xpco\corporate\videoos.management.server.unittests\bin\x64\debug\net472\videoos.management.server.unittests.dll" id="c7755307-de74-65aa-448f-265b6e22a007">
      <Execution id="4358aef2-d7aa-4f6c-a1ba-eeefa31d2221" />
      <TestMethod codeBase="D:\actions-runner\_work\XPCO\XPCO\Corporate\VideoOS.Management.Server.UnitTests\bin\x64\Debug\net472\VideoOS.Management.Server.UnitTests.dll" adapterTypeName="executor://mstestadapter/v2" className="VideoOS.Management.Server.UnitTests.ConfigurationAPI.Rules.Builders.ConfigurationItemActionBuilderTests" name="Build_WhenSetBookmark_ReturnsProperties" />
    </UnitTest>
    <UnitTest name="GetXml_WhenRetrieveEdgeStorageTimeOrMetadata_MatchesXml" storage="d:\actions-runner\_work\xpco\xpco\corporate\videoos.management.server.unittests\bin\x64\debug\net472\videoos.management.server.unittests.dll" id="8dfd7540-8740-bf6c-59dc-14c59aa5e8c9">
      <Execution id="bc7148d0-710b-4b46-956b-859d55cef2eb" />
      <TestMethod codeBase="D:\actions-runner\_work\XPCO\XPCO\Corporate\VideoOS.Management.Server.UnitTests\bin\x64\Debug\net472\VideoOS.Management.Server.UnitTests.dll" adapterTypeName="executor://mstestadapter/v2" className="VideoOS.Management.Server.UnitTests.ConfigurationAPI.Rules.Backend.Builders.ActionXmlBuilderTests" name="GetXml_WhenRetrieveEdgeStorageTimeOrMetadata_MatchesXml" />
    </UnitTest>
    <UnitTest name="GetNextProperties_WhenActionPropertyHasValueButNoParameters_ReturnsListWithParametersProperties" storage="d:\actions-runner\_work\xpco\xpco\corporate\videoos.management.server.unittests\bin\x64\debug\net472\videoos.management.server.unittests.dll" id="54170611-37b3-da45-7aea-09535d9a0b81">
      <Execution id="8b9b440e-faba-4007-88a2-87e433baf098" />
      <TestMethod codeBase="D:\actions-runner\_work\XPCO\XPCO\Corporate\VideoOS.Management.Server.UnitTests\bin\x64\Debug\net472\VideoOS.Management.Server.UnitTests.dll" adapterTypeName="executor://mstestadapter/v2" className="VideoOS.Management.Server.UnitTests.ConfigurationAPI.Rules.Methods.StopActionsStepTests" name="GetNextProperties_WhenActionPropertyHasValueButNoParameters_ReturnsListWithParametersProperties" />
    </UnitTest>
    <UnitTest name="Build_WhenUnsupportedAction_ReturnsNull" storage="d:\actions-runner\_work\xpco\xpco\corporate\videoos.management.server.unittests\bin\x64\debug\net472\videoos.management.server.unittests.dll" id="dddaf17d-5517-3f4f-03ab-f34e2b268e02">
      <Execution id="ee4d084f-2d75-4726-82fa-37b8c06a2945" />
      <TestMethod codeBase="D:\actions-runner\_work\XPCO\XPCO\Corporate\VideoOS.Management.Server.UnitTests\bin\x64\Debug\net472\VideoOS.Management.Server.UnitTests.dll" adapterTypeName="executor://mstestadapter/v2" className="VideoOS.Management.Server.UnitTests.ConfigurationAPI.Rules.Backend.Builders.XmlRuleModelBuilderTests" name="Build_WhenUnsupportedAction_ReturnsNull" />
    </UnitTest>
    <UnitTest name="InvokeMethod_AddAudioFile_EmptyId_SunnyDay_Test" storage="d:\actions-runner\_work\xpco\xpco\corporate\videoos.management.server.unittests\bin\x64\debug\net472\videoos.management.server.unittests.dll" id="758ed1bf-0c9d-a72f-fc9a-541f76e509da">
      <Execution id="8cd381ff-89c0-49d0-827e-2d19178b95b9" />
      <TestMethod codeBase="D:\actions-runner\_work\XPCO\XPCO\Corporate\VideoOS.Management.Server.UnitTests\bin\x64\Debug\net472\VideoOS.Management.Server.UnitTests.dll" adapterTypeName="executor://mstestadapter/v2" className="VideoOS.Management.Server.UnitTests.ConfigurationAPI.BusinessObjects.AudioMessage.AudioMessageFolderConfigurationApiTest" name="InvokeMethod_AddAudioFile_EmptyId_SunnyDay_Test" />
    </UnitTest>
    <UnitTest name="Validate_WhenExpectedTypeIsNull_ReturnFalse" storage="d:\actions-runner\_work\xpco\xpco\corporate\videoos.management.server.unittests\bin\x64\debug\net472\videoos.management.server.unittests.dll" id="4d74ca74-1f1e-6f8c-a28b-7c23b59e231b">
      <Execution id="c85f7e92-edb8-48ee-8cf0-0cd48e5b58fc" />
      <TestMethod codeBase="D:\actions-runner\_work\XPCO\XPCO\Corporate\VideoOS.Management.Server.UnitTests\bin\x64\Debug\net472\VideoOS.Management.Server.UnitTests.dll" adapterTypeName="executor://mstestadapter/v2" className="VideoOS.Management.Server.UnitTests.ConfigurationAPI.Rules.Backend.Validation.ArchiveParameterValueValidatorTests" name="Validate_WhenExpectedTypeIsNull_ReturnFalse" />
    </UnitTest>
    <UnitTest name="Validate_WhenDaily_FrequencyIsZero_ReturnsError" storage="d:\actions-runner\_work\xpco\xpco\corporate\videoos.management.server.unittests\bin\x64\debug\net472\videoos.management.server.unittests.dll" id="1a325d76-9082-8c37-f7ff-bf715be10a0f">
      <Execution id="86d1b8b8-bc78-434f-ad9f-d078fe0b8c9e" />
      <TestMethod codeBase="D:\actions-runner\_work\XPCO\XPCO\Corporate\VideoOS.Management.Server.UnitTests\bin\x64\Debug\net472\VideoOS.Management.Server.UnitTests.dll" adapterTypeName="executor://mstestadapter/v2" className="VideoOS.Management.Server.UnitTests.ConfigurationAPI.Rules.Backend.Validation.RecurringTimeValidatorTests" name="Validate_WhenDaily_FrequencyIsZero_ReturnsError" />
    </UnitTest>
    <UnitTest name="SystemSettingsManager_ConvertActivationCredentialsToDatabaseValue_Success_EmptyString" storage="d:\actions-runner\_work\xpco\xpco\corporate\videoos.management.server.unittests\bin\x64\debug\net472\videoos.management.server.unittests.dll" id="7dd8084e-6a56-c19d-2586-bea75cd34c77">
      <Execution id="88a32d72-5558-4c24-b01a-a797c4f5dab1" />
      <TestMethod codeBase="D:\actions-runner\_work\XPCO\XPCO\Corporate\VideoOS.Management.Server.UnitTests\bin\x64\Debug\net472\VideoOS.Management.Server.UnitTests.dll" adapterTypeName="executor://mstestadapter/v2" className="VideoOS.Management.Server.UnitTests.SystemSettingsManagerTests" name="SystemSettingsManager_ConvertActivationCredentialsToDatabaseValue_Success_EmptyString" />
    </UnitTest>
    <UnitTest name="SendCommandSecurityVisitor_UpdateSecurityManagerCommand_SecurityPermissions_Add_Allowed" storage="d:\actions-runner\_work\xpco\xpco\corporate\videoos.management.server.unittests\bin\x64\debug\net472\videoos.management.server.unittests.dll" id="29b0f215-ee38-757e-3c11-a561407f1e6e">
      <Execution id="d43e26a1-405d-4ed5-93c7-ec2c8dbe366d" />
      <TestMethod codeBase="D:\actions-runner\_work\XPCO\XPCO\Corporate\VideoOS.Management.Server.UnitTests\bin\x64\Debug\net472\VideoOS.Management.Server.UnitTests.dll" adapterTypeName="executor://mstestadapter/v2" className="VideoOS.Management.Server.UnitTests.SendCommandSecurityVisitorTests" name="SendCommandSecurityVisitor_UpdateSecurityManagerCommand_SecurityPermissions_Add_Allowed" />
    </UnitTest>
    <UnitTest name="ServerProxyService_GetDeviceGroupMembersByDeviceGroupId_AllSpeakers_NotAllowed_RowRemoved" storage="d:\actions-runner\_work\xpco\xpco\corporate\videoos.management.server.unittests\bin\x64\debug\net472\videoos.management.server.unittests.dll" id="7a7c7940-c9ff-8fef-2c0a-701619ce7870">
      <Execution id="c04da030-22d2-41d5-9fa6-98df9ca66ac0" />
      <TestMethod codeBase="D:\actions-runner\_work\XPCO\XPCO\Corporate\VideoOS.Management.Server.UnitTests\bin\x64\Debug\net472\VideoOS.Management.Server.UnitTests.dll" adapterTypeName="executor://mstestadapter/v2" className="VideoOS.Management.Server.UnitTests.ServerProxyServiceUnitTests" name="ServerProxyService_GetDeviceGroupMembersByDeviceGroupId_AllSpeakers_NotAllowed_RowRemoved" />
    </UnitTest>
    <UnitTest name="IsComplete_WhenOutsideTimeProfileButNoTimeProfilePropertiesSet_ReturnsFalse" storage="d:\actions-runner\_work\xpco\xpco\corporate\videoos.management.server.unittests\bin\x64\debug\net472\videoos.management.server.unittests.dll" id="15e86cd5-9b4c-352d-dda3-7d495866ce86">
      <Execution id="2f132994-8fcc-4f46-aad7-22de3dac3cbf" />
      <TestMethod codeBase="D:\actions-runner\_work\XPCO\XPCO\Corporate\VideoOS.Management.Server.UnitTests\bin\x64\Debug\net472\VideoOS.Management.Server.UnitTests.dll" adapterTypeName="executor://mstestadapter/v2" className="VideoOS.Management.Server.UnitTests.ConfigurationAPI.Rules.Methods.StartConditionsStepTest" name="IsComplete_WhenOutsideTimeProfileButNoTimeProfilePropertiesSet_ReturnsFalse" />
    </UnitTest>
    <UnitTest name="Validate_WhenInvalidLayout_ReturnsFalse" storage="d:\actions-runner\_work\xpco\xpco\corporate\videoos.management.server.unittests\bin\x64\debug\net472\videoos.management.server.unittests.dll" id="8417e2b6-3065-faf1-fb12-00a36ae173ea">
      <Execution id="95bfb9c6-bf47-4437-a017-a3de6248e233" />
      <TestMethod codeBase="D:\actions-runner\_work\XPCO\XPCO\Corporate\VideoOS.Management.Server.UnitTests\bin\x64\Debug\net472\VideoOS.Management.Server.UnitTests.dll" adapterTypeName="executor://mstestadapter/v2" className="VideoOS.Management.Server.UnitTests.ConfigurationAPI.Rules.Backend.Validation.LayoutParameterValueValidatorTests" name="Validate_WhenInvalidLayout_ReturnsFalse" />
    </UnitTest>
    <UnitTest name="SendCommandSecurityVisitor_SynchronizeDevicePresetsCommand_NotAllowed" storage="d:\actions-runner\_work\xpco\xpco\corporate\videoos.management.server.unittests\bin\x64\debug\net472\videoos.management.server.unittests.dll" id="02d79241-5b4f-72d8-41bf-ee8f18c3e014">
      <Execution id="f817db45-4969-42cf-a882-719158df53a9" />
      <TestMethod codeBase="D:\actions-runner\_work\XPCO\XPCO\Corporate\VideoOS.Management.Server.UnitTests\bin\x64\Debug\net472\VideoOS.Management.Server.UnitTests.dll" adapterTypeName="executor://mstestadapter/v2" className="VideoOS.Management.Server.UnitTests.SendCommandSecurityVisitorTests" name="SendCommandSecurityVisitor_SynchronizeDevicePresetsCommand_NotAllowed" />
    </UnitTest>
    <UnitTest name="Validate_WhenAllowedKeyValuePairs_Error" storage="d:\actions-runner\_work\xpco\xpco\corporate\videoos.management.server.unittests\bin\x64\debug\net472\videoos.management.server.unittests.dll" id="0dde4485-2ed5-3032-5a0b-8baac17ac640">
      <Execution id="457b9b03-05eb-4e9c-a269-24b19d751571" />
      <TestMethod codeBase="D:\actions-runner\_work\XPCO\XPCO\Corporate\VideoOS.Management.Server.UnitTests\bin\x64\Debug\net472\VideoOS.Management.Server.UnitTests.dll" adapterTypeName="executor://mstestadapter/v2" className="VideoOS.Management.Server.UnitTests.ConfigurationAPI.Rules.Backend.Validation.RuleParametersValidatorTests" name="Validate_WhenAllowedKeyValuePairs_Error" />
    </UnitTest>
    <UnitTest name="BuildCustomFields_Correct" storage="d:\actions-runner\_work\xpco\xpco\corporate\videoos.management.server.unittests\bin\x64\debug\net472\videoos.management.server.unittests.dll" id="5ff84074-5692-9bb8-950f-99788df9b556">
      <Execution id="b32e3abe-53b7-4833-9280-d92de20837ab" />
      <TestMethod codeBase="D:\actions-runner\_work\XPCO\XPCO\Corporate\VideoOS.Management.Server.UnitTests\bin\x64\Debug\net472\VideoOS.Management.Server.UnitTests.dll" adapterTypeName="executor://mstestadapter/v2" className="VideoOS.Management.Server.UnitTests.ConfigurationAPI.BusinessObjects.LprMatchiList.LicensePlateItemsBuilderTests" name="BuildCustomFields_Correct" />
    </UnitTest>
    <UnitTest name="Validate_WhenMonthly_FrequencyIsZero_ReturnsError" storage="d:\actions-runner\_work\xpco\xpco\corporate\videoos.management.server.unittests\bin\x64\debug\net472\videoos.management.server.unittests.dll" id="cd0bd2f5-9311-6ccb-b822-40b6491d4115">
      <Execution id="7b56202c-003d-4640-a486-a68a172a8485" />
      <TestMethod codeBase="D:\actions-runner\_work\XPCO\XPCO\Corporate\VideoOS.Management.Server.UnitTests\bin\x64\Debug\net472\VideoOS.Management.Server.UnitTests.dll" adapterTypeName="executor://mstestadapter/v2" className="VideoOS.Management.Server.UnitTests.ConfigurationAPI.Rules.Backend.Validation.RecurringTimeValidatorTests" name="Validate_WhenMonthly_FrequencyIsZero_ReturnsError" />
    </UnitTest>
    <UnitTest name="ValidateItem_Properties_NullPropertiesTest" storage="d:\actions-runner\_work\xpco\xpco\corporate\videoos.management.server.unittests\bin\x64\debug\net472\videoos.management.server.unittests.dll" id="bd277906-1b70-3f99-693f-8da17088ec3a">
      <Execution id="c6c19a96-3940-4aea-8214-781e58983ee8" />
      <TestMethod codeBase="D:\actions-runner\_work\XPCO\XPCO\Corporate\VideoOS.Management.Server.UnitTests\bin\x64\Debug\net472\VideoOS.Management.Server.UnitTests.dll" adapterTypeName="executor://mstestadapter/v2" className="VideoOS.Management.Server.UnitTests.ConfigurationAPI.BusinessObjects.AudioMessage.AudioMessageConfigurationApiTest" name="ValidateItem_Properties_NullPropertiesTest" />
    </UnitTest>
    <UnitTest name="NamespaceGuidTest" storage="d:\actions-runner\_work\xpco\xpco\corporate\videoos.management.server.unittests\bin\x64\debug\net472\videoos.management.server.unittests.dll" id="6ad3da6e-306f-7c31-aba4-1c5511a30d12">
      <Execution id="af6a7bef-1051-4862-b529-75ea81b600a0" />
      <TestMethod codeBase="D:\actions-runner\_work\XPCO\XPCO\Corporate\VideoOS.Management.Server.UnitTests\bin\x64\Debug\net472\VideoOS.Management.Server.UnitTests.dll" adapterTypeName="executor://mstestadapter/v2" className="VideoOS.Management.Server.UnitTests.SecurityNamespaceInfoTest" name="NamespaceGuidTest" />
    </UnitTest>
    <UnitTest name="Validate_WhenTimerStopRuleHasNegativeDelay_Error" storage="d:\actions-runner\_work\xpco\xpco\corporate\videoos.management.server.unittests\bin\x64\debug\net472\videoos.management.server.unittests.dll" id="48933675-5564-6c41-9fc8-a9dac77a3156">
      <Execution id="7fa2ac0f-2028-41f4-a454-d30c22e1ae3b" />
      <TestMethod codeBase="D:\actions-runner\_work\XPCO\XPCO\Corporate\VideoOS.Management.Server.UnitTests\bin\x64\Debug\net472\VideoOS.Management.Server.UnitTests.dll" adapterTypeName="executor://mstestadapter/v2" className="VideoOS.Management.Server.UnitTests.ConfigurationAPI.Rules.Backend.Validation.ValidatorIntegrationTests" name="Validate_WhenTimerStopRuleHasNegativeDelay_Error" />
    </UnitTest>
    <UnitTest name="IsPropertySelected_WhenPropertyHasValueTrueOrFalse_ReturnsTrueOrFalse" storage="d:\actions-runner\_work\xpco\xpco\corporate\videoos.management.server.unittests\bin\x64\debug\net472\videoos.management.server.unittests.dll" id="b309478c-1191-8507-37b7-6f1bc06b9148">
      <Execution id="556d8e10-b9ed-44f5-8569-b2bd1c904aad" />
      <TestMethod codeBase="D:\actions-runner\_work\XPCO\XPCO\Corporate\VideoOS.Management.Server.UnitTests\bin\x64\Debug\net472\VideoOS.Management.Server.UnitTests.dll" adapterTypeName="executor://mstestadapter/v2" className="VideoOS.Management.Server.UnitTests.ConfigurationAPI.Rules.ConfigurationItemExtensionsTests" name="IsPropertySelected_WhenPropertyHasValueTrueOrFalse_ReturnsTrueOrFalse" />
    </UnitTest>
    <UnitTest name="Validate_WhenValueIsInvalid_ReturnsFalse" storage="d:\actions-runner\_work\xpco\xpco\corporate\videoos.management.server.unittests\bin\x64\debug\net472\videoos.management.server.unittests.dll" id="a9f99ae7-0a36-4de2-1824-6e3f324df40f">
      <Execution id="417c1e95-d5ac-4aa1-b191-4bd6963a987f" />
      <TestMethod codeBase="D:\actions-runner\_work\XPCO\XPCO\Corporate\VideoOS.Management.Server.UnitTests\bin\x64\Debug\net472\VideoOS.Management.Server.UnitTests.dll" adapterTypeName="executor://mstestadapter/v2" className="VideoOS.Management.Server.UnitTests.ConfigurationAPI.Rules.Backend.Validation.DeviceSettingsParameterValueValidatorTests" name="Validate_WhenValueIsInvalid_ReturnsFalse" />
    </UnitTest>
    <UnitTest name="SendCommandSecurityVisitor_UpdateConfigurationManagerCommand_ArchiveStorage_Edit_NotSupportedException" storage="d:\actions-runner\_work\xpco\xpco\corporate\videoos.management.server.unittests\bin\x64\debug\net472\videoos.management.server.unittests.dll" id="5b5275f3-6257-2ac4-6361-7f3785303c27">
      <Execution id="4d8601f5-5497-4db7-92f1-00acdbe545ec" />
      <TestMethod codeBase="D:\actions-runner\_work\XPCO\XPCO\Corporate\VideoOS.Management.Server.UnitTests\bin\x64\Debug\net472\VideoOS.Management.Server.UnitTests.dll" adapterTypeName="executor://mstestadapter/v2" className="VideoOS.Management.Server.UnitTests.SendCommandSecurityVisitorTests" name="SendCommandSecurityVisitor_UpdateConfigurationManagerCommand_ArchiveStorage_Edit_NotSupportedException" />
    </UnitTest>
    <UnitTest name="SendCommandSecurityVisitor_ActivateArchivingCommand_NotSupportedException" storage="d:\actions-runner\_work\xpco\xpco\corporate\videoos.management.server.unittests\bin\x64\debug\net472\videoos.management.server.unittests.dll" id="a390b6a1-d005-ca9c-f5a6-6ead5f07ad8f">
      <Execution id="aa0bea89-fcce-49e9-b51a-bbe13e6320bf" />
      <TestMethod codeBase="D:\actions-runner\_work\XPCO\XPCO\Corporate\VideoOS.Management.Server.UnitTests\bin\x64\Debug\net472\VideoOS.Management.Server.UnitTests.dll" adapterTypeName="executor://mstestadapter/v2" className="VideoOS.Management.Server.UnitTests.SendCommandSecurityVisitorTests" name="SendCommandSecurityVisitor_ActivateArchivingCommand_NotSupportedException" />
    </UnitTest>
    <UnitTest name="ScheduledActionController_UpdateSchedule_CalledThrottle_ExecutedTwice" storage="d:\actions-runner\_work\xpco\xpco\corporate\videoos.management.server.unittests\bin\x64\debug\net472\videoos.management.server.unittests.dll" id="d10c5fd0-0ce8-07cc-4659-c084475c83ee">
      <Execution id="c46fcffb-d83e-4789-82a6-85d96b482ca9" />
      <TestMethod codeBase="D:\actions-runner\_work\XPCO\XPCO\Corporate\VideoOS.Management.Server.UnitTests\bin\x64\Debug\net472\VideoOS.Management.Server.UnitTests.dll" adapterTypeName="executor://mstestadapter/v2" className="VideoOS.Management.Server.UnitTests.BusinessObjects.ManagementServer.DataCollection.ScheduledAction.ScheduledActionControllerTest" name="ScheduledActionController_UpdateSchedule_CalledThrottle_ExecutedTwice" />
    </UnitTest>
    <UnitTest name="IsComplete_WhenNoRuleTypeProperty_ReturnsFalse" storage="d:\actions-runner\_work\xpco\xpco\corporate\videoos.management.server.unittests\bin\x64\debug\net472\videoos.management.server.unittests.dll" id="12eab1f9-44c0-87ee-8793-81b2f4cd32c0">
      <Execution id="d398818b-4743-4c86-9194-499d3eebe05f" />
      <TestMethod codeBase="D:\actions-runner\_work\XPCO\XPCO\Corporate\VideoOS.Management.Server.UnitTests\bin\x64\Debug\net472\VideoOS.Management.Server.UnitTests.dll" adapterTypeName="executor://mstestadapter/v2" className="VideoOS.Management.Server.UnitTests.ConfigurationAPI.Rules.Methods.StopRuleTypeStepTests" name="IsComplete_WhenNoRuleTypeProperty_ReturnsFalse" />
    </UnitTest>
    <UnitTest name="Constructor_OpenIdTokenHandlerNull_ArgumentNullException" storage="d:\actions-runner\_work\xpco\xpco\corporate\videoos.management.server.unittests\bin\x64\debug\net472\videoos.management.server.unittests.dll" id="92f82fb2-1cd2-2bfd-4a3e-fab386286f1c">
      <Execution id="ffeb8f07-0164-4ad2-a254-1321747ecb18" />
      <TestMethod codeBase="D:\actions-runner\_work\XPCO\XPCO\Corporate\VideoOS.Management.Server.UnitTests\bin\x64\Debug\net472\VideoOS.Management.Server.UnitTests.dll" adapterTypeName="executor://mstestadapter/v2" className="VideoOS.Management.Server.UnitTests.Integration.IdpTokenServiceUnitTests" name="Constructor_OpenIdTokenHandlerNull_ArgumentNullException" />
    </UnitTest>
    <UnitTest name="IsComplete_WhenTimeBetweenWithStartTimeAndEndTimePropertiesSet_ReturnsTrue" storage="d:\actions-runner\_work\xpco\xpco\corporate\videoos.management.server.unittests\bin\x64\debug\net472\videoos.management.server.unittests.dll" id="60232027-70b9-b2a6-bbb1-aecf36506e7e">
      <Execution id="f7cf94da-2b4a-4187-a8ae-addd8bf4af4f" />
      <TestMethod codeBase="D:\actions-runner\_work\XPCO\XPCO\Corporate\VideoOS.Management.Server.UnitTests\bin\x64\Debug\net472\VideoOS.Management.Server.UnitTests.dll" adapterTypeName="executor://mstestadapter/v2" className="VideoOS.Management.Server.UnitTests.ConfigurationAPI.Rules.Methods.StartConditionsStepTest" name="IsComplete_WhenTimeBetweenWithStartTimeAndEndTimePropertiesSet_ReturnsTrue" />
    </UnitTest>
    <UnitTest name="Patch_UseElementListToUpdateItem_UseSystemPath" storage="d:\actions-runner\_work\xpco\xpco\corporate\videoos.management.server.unittests\bin\x64\debug\net472\videoos.management.server.unittests.dll" id="faf8e6ab-1306-cdbf-5aad-0c2d42047573">
      <Execution id="fe93e401-47d8-4aeb-9cea-c013566a177a" />
      <TestMethod codeBase="D:\actions-runner\_work\XPCO\XPCO\Corporate\VideoOS.Management.Server.UnitTests\bin\x64\Debug\net472\VideoOS.Management.Server.UnitTests.dll" adapterTypeName="executor://mstestadapter/v2" className="VideoOS.Management.Server.UnitTests.RestApi.ConfigurationApiSubControllerTests" name="Patch_UseElementListToUpdateItem_UseSystemPath" />
    </UnitTest>
    <UnitTest name="SetItem_InvalidPathTest" storage="d:\actions-runner\_work\xpco\xpco\corporate\videoos.management.server.unittests\bin\x64\debug\net472\videoos.management.server.unittests.dll" id="2600574f-6a82-56b6-65e3-9f4a080299d3">
      <Execution id="14ff7613-b6fd-48fb-a7f2-5c592756d006" />
      <TestMethod codeBase="D:\actions-runner\_work\XPCO\XPCO\Corporate\VideoOS.Management.Server.UnitTests\bin\x64\Debug\net472\VideoOS.Management.Server.UnitTests.dll" adapterTypeName="executor://mstestadapter/v2" className="VideoOS.Management.Server.UnitTests.ConfigurationAPI.BusinessObjects.SearchTemplate.SearchTemplateConfigurationApiTest" name="SetItem_InvalidPathTest" />
    </UnitTest>
    <UnitTest name="ClientVersionHandling_GetSmartClientVersion_FIPS_202" storage="d:\actions-runner\_work\xpco\xpco\corporate\videoos.management.server.unittests\bin\x64\debug\net472\videoos.management.server.unittests.dll" id="e9e93eed-f0ba-1c0a-8098-129716d1747d">
      <Execution id="34053af9-4a0d-4c41-af53-b95e20bdced1" />
      <TestMethod codeBase="D:\actions-runner\_work\XPCO\XPCO\Corporate\VideoOS.Management.Server.UnitTests\bin\x64\Debug\net472\VideoOS.Management.Server.UnitTests.dll" adapterTypeName="executor://mstestadapter/v2" className="VideoOS.Management.Server.UnitTests.ClientVersionHandlingTest" name="ClientVersionHandling_GetSmartClientVersion_FIPS_202" />
    </UnitTest>
    <UnitTest name="AsyncRetryExecutionRetryWrongExceptionSecondRunTest" storage="d:\actions-runner\_work\xpco\xpco\corporate\videoos.management.server.unittests\bin\x64\debug\net472\videoos.management.server.unittests.dll" id="17c4b67d-3de2-f123-5502-52b87ca6d5b1">
      <Execution id="4a5148a9-8268-4c88-9b87-c69762b6e156" />
      <TestMethod codeBase="D:\actions-runner\_work\XPCO\XPCO\Corporate\VideoOS.Management.Server.UnitTests\bin\x64\Debug\net472\VideoOS.Management.Server.UnitTests.dll" adapterTypeName="executor://mstestadapter/v2" className="VideoOS.Management.Server.UnitTests.BusinessObjects.AsyncRetryExecutionTest" name="AsyncRetryExecutionRetryWrongExceptionSecondRunTest" />
    </UnitTest>
    <UnitTest name="GetCurrentProperties_WhenTimeBetweenIsSet_ReturnsProperties" storage="d:\actions-runner\_work\xpco\xpco\corporate\videoos.management.server.unittests\bin\x64\debug\net472\videoos.management.server.unittests.dll" id="10248e9f-b4c8-42c5-d2d3-5adcd11ba262">
      <Execution id="31124cd1-6960-4bce-b883-d91dda50d324" />
      <TestMethod codeBase="D:\actions-runner\_work\XPCO\XPCO\Corporate\VideoOS.Management.Server.UnitTests\bin\x64\Debug\net472\VideoOS.Management.Server.UnitTests.dll" adapterTypeName="executor://mstestadapter/v2" className="VideoOS.Management.Server.UnitTests.ConfigurationAPI.Rules.Methods.StartConditionsStepTest" name="GetCurrentProperties_WhenTimeBetweenIsSet_ReturnsProperties" />
    </UnitTest>
    <UnitTest name="IsComplete_WhenStartActionPropertyHasValue_ParametersSetWithValues_ReturnsTrue" storage="d:\actions-runner\_work\xpco\xpco\corporate\videoos.management.server.unittests\bin\x64\debug\net472\videoos.management.server.unittests.dll" id="c6c059e1-122f-4e79-ed8c-890edbcc8cf5">
      <Execution id="597efe74-4917-4861-a353-944f1f1b0080" />
      <TestMethod codeBase="D:\actions-runner\_work\XPCO\XPCO\Corporate\VideoOS.Management.Server.UnitTests\bin\x64\Debug\net472\VideoOS.Management.Server.UnitTests.dll" adapterTypeName="executor://mstestadapter/v2" className="VideoOS.Management.Server.UnitTests.ConfigurationAPI.Rules.Methods.StartActionsStepTests" name="IsComplete_WhenStartActionPropertyHasValue_ParametersSetWithValues_ReturnsTrue" />
    </UnitTest>
    <UnitTest name="GetChildItems_InvalidPathTest" storage="d:\actions-runner\_work\xpco\xpco\corporate\videoos.management.server.unittests\bin\x64\debug\net472\videoos.management.server.unittests.dll" id="91e3e95c-3341-cd37-a9be-006adbb1bb43">
      <Execution id="5a8fef02-9055-491b-bad7-c9244a80c66c" />
      <TestMethod codeBase="D:\actions-runner\_work\XPCO\XPCO\Corporate\VideoOS.Management.Server.UnitTests\bin\x64\Debug\net472\VideoOS.Management.Server.UnitTests.dll" adapterTypeName="executor://mstestadapter/v2" className="VideoOS.Management.Server.UnitTests.ConfigurationAPI.BusinessObjects.AudioMessage.AudioMessageConfigurationApiTest" name="GetChildItems_InvalidPathTest" />
    </UnitTest>
    <UnitTest name="Validate_WhenEnumValueOutOfAllowedValues_Error" storage="d:\actions-runner\_work\xpco\xpco\corporate\videoos.management.server.unittests\bin\x64\debug\net472\videoos.management.server.unittests.dll" id="a9890956-f385-35d3-c2ef-ce746c1849d7">
      <Execution id="2f30e10c-0497-4261-9aac-8946c190b5ef" />
      <TestMethod codeBase="D:\actions-runner\_work\XPCO\XPCO\Corporate\VideoOS.Management.Server.UnitTests\bin\x64\Debug\net472\VideoOS.Management.Server.UnitTests.dll" adapterTypeName="executor://mstestadapter/v2" className="VideoOS.Management.Server.UnitTests.ConfigurationAPI.Rules.Backend.Validation.RuleParametersValidatorTests" name="Validate_WhenEnumValueOutOfAllowedValues_Error" />
    </UnitTest>
    <UnitTest name="Validate_InvalidTagType" storage="d:\actions-runner\_work\xpco\xpco\corporate\videoos.management.server.unittests\bin\x64\debug\net472\videoos.management.server.unittests.dll" id="01da6973-5ae5-a195-1b29-c9ac769cae35">
      <Execution id="8e66c31e-aa9f-4a6c-8ea2-70a94a3e5484" />
      <TestMethod codeBase="D:\actions-runner\_work\XPCO\XPCO\Corporate\VideoOS.Management.Server.UnitTests\bin\x64\Debug\net472\VideoOS.Management.Server.UnitTests.dll" adapterTypeName="executor://mstestadapter/v2" className="VideoOS.Management.Server.UnitTests.ConfigurationAPI.BusinessObjects.BasicOwnerInformationConfigurationApiTests" name="Validate_InvalidTagType" />
    </UnitTest>
    <UnitTest name="BuildLicensePlates_Correct" storage="d:\actions-runner\_work\xpco\xpco\corporate\videoos.management.server.unittests\bin\x64\debug\net472\videoos.management.server.unittests.dll" id="b4145da0-0582-cca7-4861-0734764d493b">
      <Execution id="89ec434c-37b9-4cb8-8df9-9425fad732c4" />
      <TestMethod codeBase="D:\actions-runner\_work\XPCO\XPCO\Corporate\VideoOS.Management.Server.UnitTests\bin\x64\Debug\net472\VideoOS.Management.Server.UnitTests.dll" adapterTypeName="executor://mstestadapter/v2" className="VideoOS.Management.Server.UnitTests.ConfigurationAPI.BusinessObjects.LprMatchiList.LicensePlateItemsBuilderTests" name="BuildLicensePlates_Correct" />
    </UnitTest>
    <UnitTest name="TimeProfile_WhenIncorrectGuidFormat_Error" storage="d:\actions-runner\_work\xpco\xpco\corporate\videoos.management.server.unittests\bin\x64\debug\net472\videoos.management.server.unittests.dll" id="7a3fa8f7-d8a2-fa3d-2bd0-5aa509fb8f3d">
      <Execution id="27a8ff06-a736-4516-a2d2-fbdb6ddb0e0b" />
      <TestMethod codeBase="D:\actions-runner\_work\XPCO\XPCO\Corporate\VideoOS.Management.Server.UnitTests\bin\x64\Debug\net472\VideoOS.Management.Server.UnitTests.dll" adapterTypeName="executor://mstestadapter/v2" className="VideoOS.Management.Server.UnitTests.ConfigurationAPI.Rules.Backend.Validation.ConditionWithinTimeProfileValidatorTests" name="TimeProfile_WhenIncorrectGuidFormat_Error" />
    </UnitTest>
    <UnitTest name="SendCommandSecurityVisitor_HardwareSetupInformationCommand_Allowed" storage="d:\actions-runner\_work\xpco\xpco\corporate\videoos.management.server.unittests\bin\x64\debug\net472\videoos.management.server.unittests.dll" id="3c307e2e-3724-3f9d-7889-0b41b420f80d">
      <Execution id="061e37ac-d56c-40c3-a6c4-99be08e438bc" />
      <TestMethod codeBase="D:\actions-runner\_work\XPCO\XPCO\Corporate\VideoOS.Management.Server.UnitTests\bin\x64\Debug\net472\VideoOS.Management.Server.UnitTests.dll" adapterTypeName="executor://mstestadapter/v2" className="VideoOS.Management.Server.UnitTests.SendCommandSecurityVisitorTests" name="SendCommandSecurityVisitor_HardwareSetupInformationCommand_Allowed" />
    </UnitTest>
    <UnitTest name="SendCommandSecurityVisitor_SetUserSecurityTokenCommand_NotSupportedException" storage="d:\actions-runner\_work\xpco\xpco\corporate\videoos.management.server.unittests\bin\x64\debug\net472\videoos.management.server.unittests.dll" id="f2d429aa-9d20-925f-2295-b5d569bf0af5">
      <Execution id="839d6338-a439-41e8-aeb3-e281d2fbfa7e" />
      <TestMethod codeBase="D:\actions-runner\_work\XPCO\XPCO\Corporate\VideoOS.Management.Server.UnitTests\bin\x64\Debug\net472\VideoOS.Management.Server.UnitTests.dll" adapterTypeName="executor://mstestadapter/v2" className="VideoOS.Management.Server.UnitTests.SendCommandSecurityVisitorTests" name="SendCommandSecurityVisitor_SetUserSecurityTokenCommand_NotSupportedException" />
    </UnitTest>
    <UnitTest name="Validate_WhenExpectedTypeIsNull_ReturnFalse" storage="d:\actions-runner\_work\xpco\xpco\corporate\videoos.management.server.unittests\bin\x64\debug\net472\videoos.management.server.unittests.dll" id="4f997c50-6cea-3626-6f7c-784699666451">
      <Execution id="28ad2711-cc94-4ba5-9d24-54e17131eb71" />
      <TestMethod codeBase="D:\actions-runner\_work\XPCO\XPCO\Corporate\VideoOS.Management.Server.UnitTests\bin\x64\Debug\net472\VideoOS.Management.Server.UnitTests.dll" adapterTypeName="executor://mstestadapter/v2" className="VideoOS.Management.Server.UnitTests.ConfigurationAPI.Rules.Backend.Validation.LayoutParameterValueValidatorTests" name="Validate_WhenExpectedTypeIsNull_ReturnFalse" />
    </UnitTest>
    <UnitTest name="AsyncRetryExecutionArgumentFuncTest" storage="d:\actions-runner\_work\xpco\xpco\corporate\videoos.management.server.unittests\bin\x64\debug\net472\videoos.management.server.unittests.dll" id="17290bec-893f-abb4-0dab-dd61149abbb1">
      <Execution id="fa759f6c-f2f5-498f-9c52-5bb44bd9eaec" />
      <TestMethod codeBase="D:\actions-runner\_work\XPCO\XPCO\Corporate\VideoOS.Management.Server.UnitTests\bin\x64\Debug\net472\VideoOS.Management.Server.UnitTests.dll" adapterTypeName="executor://mstestadapter/v2" className="VideoOS.Management.Server.UnitTests.BusinessObjects.AsyncRetryExecutionTest" name="AsyncRetryExecutionArgumentFuncTest" />
    </UnitTest>
    <UnitTest name="GetItem_LicenseInformationFolder_SunnyDay" storage="d:\actions-runner\_work\xpco\xpco\corporate\videoos.management.server.unittests\bin\x64\debug\net472\videoos.management.server.unittests.dll" id="755e83f3-e247-3a4e-f959-c812d24893ac">
      <Execution id="310aac5d-7a3f-451f-966e-d155ac27e65f" />
      <TestMethod codeBase="D:\actions-runner\_work\XPCO\XPCO\Corporate\VideoOS.Management.Server.UnitTests\bin\x64\Debug\net472\VideoOS.Management.Server.UnitTests.dll" adapterTypeName="executor://mstestadapter/v2" className="VideoOS.Management.Server.UnitTests.ConfigurationAPI.BusinessObjects.LicenseConfigurationApiTests" name="GetItem_LicenseInformationFolder_SunnyDay" />
    </UnitTest>
    <UnitTest name="Validate_WhenGuidTypeNotMatching_Error" storage="d:\actions-runner\_work\xpco\xpco\corporate\videoos.management.server.unittests\bin\x64\debug\net472\videoos.management.server.unittests.dll" id="9e4fc13c-1915-5869-28c0-834b3b943855">
      <Execution id="5871ad2e-a0a1-4957-9f40-3a2cf3b3106e" />
      <TestMethod codeBase="D:\actions-runner\_work\XPCO\XPCO\Corporate\VideoOS.Management.Server.UnitTests\bin\x64\Debug\net472\VideoOS.Management.Server.UnitTests.dll" adapterTypeName="executor://mstestadapter/v2" className="VideoOS.Management.Server.UnitTests.ConfigurationAPI.Rules.Backend.Validation.RuleParametersValidatorTests" name="Validate_WhenGuidTypeNotMatching_Error" />
    </UnitTest>
    <UnitTest name="Build_WhenActionIsDeviceChangeSettings_ReturnsRuleModel" storage="d:\actions-runner\_work\xpco\xpco\corporate\videoos.management.server.unittests\bin\x64\debug\net472\videoos.management.server.unittests.dll" id="447882cf-b1f0-9bbe-609a-b97dd41b03c3">
      <Execution id="be07bf51-ad35-436a-9489-2e4221cec04f" />
      <TestMethod codeBase="D:\actions-runner\_work\XPCO\XPCO\Corporate\VideoOS.Management.Server.UnitTests\bin\x64\Debug\net472\VideoOS.Management.Server.UnitTests.dll" adapterTypeName="executor://mstestadapter/v2" className="VideoOS.Management.Server.UnitTests.ConfigurationAPI.Rules.Backend.Builders.XmlRuleModelBuilderTests" name="Build_WhenActionIsDeviceChangeSettings_ReturnsRuleModel" />
    </UnitTest>
    <UnitTest name="Invoke_WhenAllDataIsProvidedButNotValid_ThrowsException" storage="d:\actions-runner\_work\xpco\xpco\corporate\videoos.management.server.unittests\bin\x64\debug\net472\videoos.management.server.unittests.dll" id="3619ec51-bcab-bce8-f64f-7b8f8c5e1a4c">
      <Execution id="ae94e8ed-0e62-47d0-9fb5-98c66e6bf4ef" />
      <TestMethod codeBase="D:\actions-runner\_work\XPCO\XPCO\Corporate\VideoOS.Management.Server.UnitTests\bin\x64\Debug\net472\VideoOS.Management.Server.UnitTests.dll" adapterTypeName="executor://mstestadapter/v2" className="VideoOS.Management.Server.UnitTests.ConfigurationAPI.Rules.Methods.AddRuleTests" name="Invoke_WhenAllDataIsProvidedButNotValid_ThrowsException" />
    </UnitTest>
    <UnitTest name="InvokeMethod_InvalidPath2Test" storage="d:\actions-runner\_work\xpco\xpco\corporate\videoos.management.server.unittests\bin\x64\debug\net472\videoos.management.server.unittests.dll" id="dff20a41-2d04-2945-c778-693742828fe6">
      <Execution id="4a34044b-29b5-4d7d-88c2-a92d5babefdb" />
      <TestMethod codeBase="D:\actions-runner\_work\XPCO\XPCO\Corporate\VideoOS.Management.Server.UnitTests\bin\x64\Debug\net472\VideoOS.Management.Server.UnitTests.dll" adapterTypeName="executor://mstestadapter/v2" className="VideoOS.Management.Server.UnitTests.ConfigurationAPI.BusinessObjects.AudioMessage.AudioMessageConfigurationApiTest" name="InvokeMethod_InvalidPath2Test" />
    </UnitTest>
    <UnitTest name="SendCommandSecurityVisitor_UpdateConfigurationManagerCommand_UserDefinedEvent_Edit_Allowed" storage="d:\actions-runner\_work\xpco\xpco\corporate\videoos.management.server.unittests\bin\x64\debug\net472\videoos.management.server.unittests.dll" id="200b3917-f4e7-346f-134e-9c78dba3e086">
      <Execution id="3d7e19c5-15e1-48d0-8745-e7ddde13fee6" />
      <TestMethod codeBase="D:\actions-runner\_work\XPCO\XPCO\Corporate\VideoOS.Management.Server.UnitTests\bin\x64\Debug\net472\VideoOS.Management.Server.UnitTests.dll" adapterTypeName="executor://mstestadapter/v2" className="VideoOS.Management.Server.UnitTests.SendCommandSecurityVisitorTests" name="SendCommandSecurityVisitor_UpdateConfigurationManagerCommand_UserDefinedEvent_Edit_Allowed" />
    </UnitTest>
    <UnitTest name="Validate_WhenSubdayTypeRecurring_SubdayFrequencyIsNegative_ReturnsError" storage="d:\actions-runner\_work\xpco\xpco\corporate\videoos.management.server.unittests\bin\x64\debug\net472\videoos.management.server.unittests.dll" id="0a36e290-b29f-e9ff-08ff-905abbc37349">
      <Execution id="46ebdc83-4561-40af-b5f5-83f927fe02d0" />
      <TestMethod codeBase="D:\actions-runner\_work\XPCO\XPCO\Corporate\VideoOS.Management.Server.UnitTests\bin\x64\Debug\net472\VideoOS.Management.Server.UnitTests.dll" adapterTypeName="executor://mstestadapter/v2" className="VideoOS.Management.Server.UnitTests.ConfigurationAPI.Rules.Backend.Validation.RecurringTimeValidatorTests" name="Validate_WhenSubdayTypeRecurring_SubdayFrequencyIsNegative_ReturnsError" />
    </UnitTest>
    <UnitTest name="Build_WhenVideoWallSetToText_ReturnsProperties" storage="d:\actions-runner\_work\xpco\xpco\corporate\videoos.management.server.unittests\bin\x64\debug\net472\videoos.management.server.unittests.dll" id="36474396-045c-23d4-90e7-f406118c8189">
      <Execution id="695363fd-6b9b-4060-b15e-016b4728522a" />
      <TestMethod codeBase="D:\actions-runner\_work\XPCO\XPCO\Corporate\VideoOS.Management.Server.UnitTests\bin\x64\Debug\net472\VideoOS.Management.Server.UnitTests.dll" adapterTypeName="executor://mstestadapter/v2" className="VideoOS.Management.Server.UnitTests.ConfigurationAPI.Rules.Builders.ConfigurationItemActionBuilderTests" name="Build_WhenVideoWallSetToText_ReturnsProperties" />
    </UnitTest>
    <UnitTest name="FindClosestNode_RootInList_Test" storage="d:\actions-runner\_work\xpco\xpco\corporate\videoos.management.server.unittests\bin\x64\debug\net472\videoos.management.server.unittests.dll" id="e0603ee1-e4bc-1c70-a111-aea331bc1261">
      <Execution id="28929c39-31fc-4a1a-b07f-41a414827bc0" />
      <TestMethod codeBase="D:\actions-runner\_work\XPCO\XPCO\Corporate\VideoOS.Management.Server.UnitTests\bin\x64\Debug\net472\VideoOS.Management.Server.UnitTests.dll" adapterTypeName="executor://mstestadapter/v2" className="VideoOS.Management.Server.UnitTests.NodeFindingTests" name="FindClosestNode_RootInList_Test" />
    </UnitTest>
    <UnitTest name="Validate_WhenDeviceActionButNoValuesInDeviceParameters_Error" storage="d:\actions-runner\_work\xpco\xpco\corporate\videoos.management.server.unittests\bin\x64\debug\net472\videoos.management.server.unittests.dll" id="61ae8e98-a158-2a11-f8dc-a6d267074739">
      <Execution id="0b2401c1-212a-4e2d-8051-8c893cb571b1" />
      <TestMethod codeBase="D:\actions-runner\_work\XPCO\XPCO\Corporate\VideoOS.Management.Server.UnitTests\bin\x64\Debug\net472\VideoOS.Management.Server.UnitTests.dll" adapterTypeName="executor://mstestadapter/v2" className="VideoOS.Management.Server.UnitTests.ConfigurationAPI.Rules.Backend.Validation.ValidatorIntegrationTests" name="Validate_WhenDeviceActionButNoValuesInDeviceParameters_Error" />
    </UnitTest>
    <UnitTest name="IsFeatureLicensed_UpdatesLicense_OnFirstCall" storage="d:\actions-runner\_work\xpco\xpco\corporate\videoos.management.server.unittests\bin\x64\debug\net472\videoos.management.server.unittests.dll" id="7bf343ab-bba9-a0d9-39d5-66f320b55da9">
      <TestCategory>
        <TestCategoryItem TestCategory="License" />
      </TestCategory>
      <Execution id="4a5b1f78-1ba3-4fb1-a61e-c0a9603cb7dd" />
      <TestMethod codeBase="D:\actions-runner\_work\XPCO\XPCO\Corporate\VideoOS.Management.Server.UnitTests\bin\x64\Debug\net472\VideoOS.Management.Server.UnitTests.dll" adapterTypeName="executor://mstestadapter/v2" className="VideoOS.Management.Server.UnitTests.FeatureCacheManagerTests" name="IsFeatureLicensed_UpdatesLicense_OnFirstCall" />
    </UnitTest>
    <UnitTest name="Validate_WhenValidPreset_ReturnsTrue" storage="d:\actions-runner\_work\xpco\xpco\corporate\videoos.management.server.unittests\bin\x64\debug\net472\videoos.management.server.unittests.dll" id="2d654b2d-7c61-1abd-9633-2fec2ddc373f">
      <Execution id="1ad5056c-b695-47f9-b768-78da9fb3bf09" />
      <TestMethod codeBase="D:\actions-runner\_work\XPCO\XPCO\Corporate\VideoOS.Management.Server.UnitTests\bin\x64\Debug\net472\VideoOS.Management.Server.UnitTests.dll" adapterTypeName="executor://mstestadapter/v2" className="VideoOS.Management.Server.UnitTests.ConfigurationAPI.Rules.Backend.Validation.PtzPresetParameterValueValidatorTests" name="Validate_WhenValidPreset_ReturnsTrue" />
    </UnitTest>
    <UnitTest name="TryParseConditions_WhenTimeBetweenHasNotSupportedDataType_ReturnsFalse" storage="d:\actions-runner\_work\xpco\xpco\corporate\videoos.management.server.unittests\bin\x64\debug\net472\videoos.management.server.unittests.dll" id="c8d1cc50-ea8b-4173-3b8d-36cf86d1632a">
      <Execution id="de8a6895-8315-42c5-99b3-a775bddf968d" />
      <TestMethod codeBase="D:\actions-runner\_work\XPCO\XPCO\Corporate\VideoOS.Management.Server.UnitTests\bin\x64\Debug\net472\VideoOS.Management.Server.UnitTests.dll" adapterTypeName="executor://mstestadapter/v2" className="VideoOS.Management.Server.UnitTests.ConfigurationAPI.Rules.Backend.Builders.ConditionsParserTests" name="TryParseConditions_WhenTimeBetweenHasNotSupportedDataType_ReturnsFalse" />
    </UnitTest>
    <UnitTest name="RoleMappingSwitchFromRole1ToRole2" storage="d:\actions-runner\_work\xpco\xpco\corporate\videoos.management.server.unittests\bin\x64\debug\net472\videoos.management.server.unittests.dll" id="5a6e52a7-1bb8-65a3-26eb-4b2fc5e7b9f0">
      <Execution id="24f6315c-0f9c-442d-a2a1-19b64da00489" />
      <TestMethod codeBase="D:\actions-runner\_work\XPCO\XPCO\Corporate\VideoOS.Management.Server.UnitTests\bin\x64\Debug\net472\VideoOS.Management.Server.UnitTests.dll" adapterTypeName="executor://mstestadapter/v2" className="VideoOS.Management.Server.UnitTests.ClaimToRoleMapperTest" name="RoleMappingSwitchFromRole1ToRole2" />
    </UnitTest>
    <UnitTest name="Get_KnownResourceType_Data_NoTask_NoDefinition_ReturnsJsonOfObjectArray" storage="d:\actions-runner\_work\xpco\xpco\corporate\videoos.management.server.unittests\bin\x64\debug\net472\videoos.management.server.unittests.dll" id="ff85d0fb-d32c-d815-ae32-855801f2bb8f">
      <Execution id="e8a55bd6-5af2-4e6d-a244-887f2a908875" />
      <TestMethod codeBase="D:\actions-runner\_work\XPCO\XPCO\Corporate\VideoOS.Management.Server.UnitTests\bin\x64\Debug\net472\VideoOS.Management.Server.UnitTests.dll" adapterTypeName="executor://mstestadapter/v2" className="VideoOS.Management.Server.UnitTests.RestApi.SpecificChildItemControllerTests" name="Get_KnownResourceType_Data_NoTask_NoDefinition_ReturnsJsonOfObjectArray" />
    </UnitTest>
    <UnitTest name="Methods_Format_Correct" storage="d:\actions-runner\_work\xpco\xpco\corporate\videoos.management.server.unittests\bin\x64\debug\net472\videoos.management.server.unittests.dll" id="f338bf3f-1566-b65e-7579-fcffe2b72d70">
      <Execution id="d168c2ce-c129-4c03-a3d8-a54201ae1bea" />
      <TestMethod codeBase="D:\actions-runner\_work\XPCO\XPCO\Corporate\VideoOS.Management.Server.UnitTests\bin\x64\Debug\net472\VideoOS.Management.Server.UnitTests.dll" adapterTypeName="executor://mstestadapter/v2" className="VideoOS.Management.Server.UnitTests.RestApi.ConfigurationItemSerializerTests" name="Methods_Format_Correct" />
    </UnitTest>
    <UnitTest name="Invoke_RemoveTag_InvalidId" storage="d:\actions-runner\_work\xpco\xpco\corporate\videoos.management.server.unittests\bin\x64\debug\net472\videoos.management.server.unittests.dll" id="bef53346-c8d5-ee56-a432-1e4987507426">
      <Execution id="bd88bc79-8cbc-4ff5-8e8c-8e97f06ab110" />
      <TestMethod codeBase="D:\actions-runner\_work\XPCO\XPCO\Corporate\VideoOS.Management.Server.UnitTests\bin\x64\Debug\net472\VideoOS.Management.Server.UnitTests.dll" adapterTypeName="executor://mstestadapter/v2" className="VideoOS.Management.Server.UnitTests.ConfigurationAPI.BusinessObjects.BasicOwnerInformationConfigurationApiTests" name="Invoke_RemoveTag_InvalidId" />
    </UnitTest>
    <UnitTest name="SetItem_ParamNullCheck3" storage="d:\actions-runner\_work\xpco\xpco\corporate\videoos.management.server.unittests\bin\x64\debug\net472\videoos.management.server.unittests.dll" id="2cc151fa-23c6-47e5-a33f-60b2d070fed8">
      <Execution id="e1fb5ae6-869a-4f2d-9a90-443c4421f17e" />
      <TestMethod codeBase="D:\actions-runner\_work\XPCO\XPCO\Corporate\VideoOS.Management.Server.UnitTests\bin\x64\Debug\net472\VideoOS.Management.Server.UnitTests.dll" adapterTypeName="executor://mstestadapter/v2" className="VideoOS.Management.Server.UnitTests.ConfigurationAPI.BusinessObjects.BasicOwnerInformationConfigurationApiTests" name="SetItem_ParamNullCheck3" />
    </UnitTest>
    <UnitTest name="Build_WhenTimeProfileCondition_TimeProfileValueIsEmpty_ReturnsEmptyTimeProfileProperty" storage="d:\actions-runner\_work\xpco\xpco\corporate\videoos.management.server.unittests\bin\x64\debug\net472\videoos.management.server.unittests.dll" id="6b0d68ca-f3b4-59ce-37a2-2a7538880c79">
      <Execution id="9e86a37d-108b-4674-b311-256c6f5fbe31" />
      <TestMethod codeBase="D:\actions-runner\_work\XPCO\XPCO\Corporate\VideoOS.Management.Server.UnitTests\bin\x64\Debug\net472\VideoOS.Management.Server.UnitTests.dll" adapterTypeName="executor://mstestadapter/v2" className="VideoOS.Management.Server.UnitTests.ConfigurationAPI.Rules.Builders.ConfigurationItemConditionsBuilderTests" name="Build_WhenTimeProfileCondition_TimeProfileValueIsEmpty_ReturnsEmptyTimeProfileProperty" />
    </UnitTest>
    <UnitTest name="GetNextProperties_WhenNoPropertiesIsSet_ReturnsAllConditionProperties" storage="d:\actions-runner\_work\xpco\xpco\corporate\videoos.management.server.unittests\bin\x64\debug\net472\videoos.management.server.unittests.dll" id="933cfc15-28f7-113c-a0c4-8ac1d829e3f0">
      <Execution id="4af1232d-56b6-41aa-a9ba-cb632875e646" />
      <TestMethod codeBase="D:\actions-runner\_work\XPCO\XPCO\Corporate\VideoOS.Management.Server.UnitTests\bin\x64\Debug\net472\VideoOS.Management.Server.UnitTests.dll" adapterTypeName="executor://mstestadapter/v2" className="VideoOS.Management.Server.UnitTests.ConfigurationAPI.Rules.Methods.StartConditionsStepTest" name="GetNextProperties_WhenNoPropertiesIsSet_ReturnsAllConditionProperties" />
    </UnitTest>
    <UnitTest name="SendCommandSecurityVisitor_UpdateConfigurationManagerCommand_MotionPlugin_Edit_Allowed" storage="d:\actions-runner\_work\xpco\xpco\corporate\videoos.management.server.unittests\bin\x64\debug\net472\videoos.management.server.unittests.dll" id="544c0dc3-44a8-7c38-8e4c-99f960ad903d">
      <Execution id="dffcb724-a648-46cb-bb9c-bf6f9a8b9266" />
      <TestMethod codeBase="D:\actions-runner\_work\XPCO\XPCO\Corporate\VideoOS.Management.Server.UnitTests\bin\x64\Debug\net472\VideoOS.Management.Server.UnitTests.dll" adapterTypeName="executor://mstestadapter/v2" className="VideoOS.Management.Server.UnitTests.SendCommandSecurityVisitorTests" name="SendCommandSecurityVisitor_UpdateConfigurationManagerCommand_MotionPlugin_Edit_Allowed" />
    </UnitTest>
    <UnitTest name="Invoke_NullCheck1" storage="d:\actions-runner\_work\xpco\xpco\corporate\videoos.management.server.unittests\bin\x64\debug\net472\videoos.management.server.unittests.dll" id="c6099403-a8a0-0c73-d6f8-7ec9bb491346">
      <Execution id="4ece7a4b-5ba1-47e2-8523-9149f7e0ceea" />
      <TestMethod codeBase="D:\actions-runner\_work\XPCO\XPCO\Corporate\VideoOS.Management.Server.UnitTests\bin\x64\Debug\net472\VideoOS.Management.Server.UnitTests.dll" adapterTypeName="executor://mstestadapter/v2" className="VideoOS.Management.Server.UnitTests.ConfigurationAPI.BusinessObjects.LicenseConfigurationApiTests" name="Invoke_NullCheck1" />
    </UnitTest>
    <UnitTest name="GetVmsUserCollection_MethodCalled_CorrectMethodIsCalledOnIdpAdministrationClient" storage="d:\actions-runner\_work\xpco\xpco\corporate\videoos.management.server.unittests\bin\x64\debug\net472\videoos.management.server.unittests.dll" id="5f6363ea-61fa-db43-a261-f363d62cc335">
      <Execution id="e61be8a1-630d-404e-af5a-1070e7fe85b4" />
      <TestMethod codeBase="D:\actions-runner\_work\XPCO\XPCO\Corporate\VideoOS.Management.Server.UnitTests\bin\x64\Debug\net472\VideoOS.Management.Server.UnitTests.dll" adapterTypeName="executor://mstestadapter/v2" className="VideoOS.Management.Server.UnitTests.DataComponents.Idp.UserIdpComponentTests" name="GetVmsUserCollection_MethodCalled_CorrectMethodIsCalledOnIdpAdministrationClient" />
    </UnitTest>
    <UnitTest name="Pagination_ReturnsCorrectSubset_WhenPageStartIsNonZero" storage="d:\actions-runner\_work\xpco\xpco\corporate\videoos.management.server.unittests\bin\x64\debug\net472\videoos.management.server.unittests.dll" id="756fd3b3-e5ab-f419-80d6-e71f68d546b8">
      <Execution id="9e30bf20-d2aa-4275-abf7-8bb5917ad5c2" />
      <TestMethod codeBase="D:\actions-runner\_work\XPCO\XPCO\Corporate\VideoOS.Management.Server.UnitTests\bin\x64\Debug\net472\VideoOS.Management.Server.UnitTests.dll" adapterTypeName="executor://mstestadapter/v2" className="VideoOS.Management.Server.UnitTests.RestApi.ConfigurationApiManagerTests" name="Pagination_ReturnsCorrectSubset_WhenPageStartIsNonZero" />
    </UnitTest>
    <UnitTest name="Build_Frequency_WhenWeeklyIsSet_ReturnsWeeklyFrequencyModel" storage="d:\actions-runner\_work\xpco\xpco\corporate\videoos.management.server.unittests\bin\x64\debug\net472\videoos.management.server.unittests.dll" id="d1462a7e-57e0-b189-a7c2-343859e82bd8">
      <Execution id="75373fac-e7d1-40f3-a794-c3c9ea9d5bb5" />
      <TestMethod codeBase="D:\actions-runner\_work\XPCO\XPCO\Corporate\VideoOS.Management.Server.UnitTests\bin\x64\Debug\net472\VideoOS.Management.Server.UnitTests.dll" adapterTypeName="executor://mstestadapter/v2" className="VideoOS.Management.Server.UnitTests.ConfigurationAPI.Rules.Builders.RuleModelRecurringTimeBuilderTests" name="Build_Frequency_WhenWeeklyIsSet_ReturnsWeeklyFrequencyModel" />
    </UnitTest>
    <UnitTest name="Validation_ProcessTime_Is_Null_allowNull_Success" storage="d:\actions-runner\_work\xpco\xpco\corporate\videoos.management.server.unittests\bin\x64\debug\net472\videoos.management.server.unittests.dll" id="cfdd4acb-c2e3-6825-8f0f-ff742e2e6eb9">
      <Execution id="f0da44e0-c0ba-4a42-bf45-28ebd31ca1c7" />
      <TestMethod codeBase="D:\actions-runner\_work\XPCO\XPCO\Corporate\VideoOS.Management.Server.UnitTests\bin\x64\Debug\net472\VideoOS.Management.Server.UnitTests.dll" adapterTypeName="executor://mstestadapter/v2" className="VideoOS.Management.Server.UnitTests.ValidationUnitTests" name="Validation_ProcessTime_Is_Null_allowNull_Success" />
    </UnitTest>
    <UnitTest name="GetGuid_Correct" storage="d:\actions-runner\_work\xpco\xpco\corporate\videoos.management.server.unittests\bin\x64\debug\net472\videoos.management.server.unittests.dll" id="d77bd1b8-6175-2164-763b-bde1c292f29f">
      <Execution id="a4f3fb8d-c610-47d3-98f9-2abac8bb7745" />
      <TestMethod codeBase="D:\actions-runner\_work\XPCO\XPCO\Corporate\VideoOS.Management.Server.UnitTests\bin\x64\Debug\net472\VideoOS.Management.Server.UnitTests.dll" adapterTypeName="executor://mstestadapter/v2" className="VideoOS.Management.Server.UnitTests.RestApi.ConfigurationItemSerializerTests" name="GetGuid_Correct" />
    </UnitTest>
    <UnitTest name="SendCommandSecurityVisitor_UpdateConfigurationManagerCommand_DeviceLinks_Add_Allowed" storage="d:\actions-runner\_work\xpco\xpco\corporate\videoos.management.server.unittests\bin\x64\debug\net472\videoos.management.server.unittests.dll" id="7b8610e6-6402-0c06-7bee-800a5c56eca0">
      <Execution id="4392d290-db19-463d-b00a-455c459cb6df" />
      <TestMethod codeBase="D:\actions-runner\_work\XPCO\XPCO\Corporate\VideoOS.Management.Server.UnitTests\bin\x64\Debug\net472\VideoOS.Management.Server.UnitTests.dll" adapterTypeName="executor://mstestadapter/v2" className="VideoOS.Management.Server.UnitTests.SendCommandSecurityVisitorTests" name="SendCommandSecurityVisitor_UpdateConfigurationManagerCommand_DeviceLinks_Add_Allowed" />
    </UnitTest>
    <UnitTest name="InvokeMethodAndSerialize_AddsParametersAndReturnsBadRequest_WhenMethodReturnsInvokeInfo" storage="d:\actions-runner\_work\xpco\xpco\corporate\videoos.management.server.unittests\bin\x64\debug\net472\videoos.management.server.unittests.dll" id="307d6a2d-958e-1862-e869-e234d7d919f8">
      <Execution id="65b61274-e113-489a-bba6-2b916ec7478d" />
      <TestMethod codeBase="D:\actions-runner\_work\XPCO\XPCO\Corporate\VideoOS.Management.Server.UnitTests\bin\x64\Debug\net472\VideoOS.Management.Server.UnitTests.dll" adapterTypeName="executor://mstestadapter/v2" className="VideoOS.Management.Server.UnitTests.RestApi.ConfigurationApiManagerTests" name="InvokeMethodAndSerialize_AddsParametersAndReturnsBadRequest_WhenMethodReturnsInvokeInfo" />
    </UnitTest>
    <UnitTest name="Validate_WhenValueIsValid_ReturnsTrue" storage="d:\actions-runner\_work\xpco\xpco\corporate\videoos.management.server.unittests\bin\x64\debug\net472\videoos.management.server.unittests.dll" id="bcf02a67-8cf0-615c-a05b-31a5910ff021">
      <Execution id="e04ba559-34af-4fe8-8166-cd50bcf93bc4" />
      <TestMethod codeBase="D:\actions-runner\_work\XPCO\XPCO\Corporate\VideoOS.Management.Server.UnitTests\bin\x64\Debug\net472\VideoOS.Management.Server.UnitTests.dll" adapterTypeName="executor://mstestadapter/v2" className="VideoOS.Management.Server.UnitTests.ConfigurationAPI.Rules.Backend.Validation.MessageTextParameterValueValidatorTests" name="Validate_WhenValueIsValid_ReturnsTrue" />
    </UnitTest>
    <UnitTest name="SystemSettingsManager_ConvertEnableAutomaticActivationToDatabaseValue_True_Success" storage="d:\actions-runner\_work\xpco\xpco\corporate\videoos.management.server.unittests\bin\x64\debug\net472\videoos.management.server.unittests.dll" id="196bf75e-0e21-b0c9-fbb8-1e75e96f77bf">
      <Execution id="49d3f9c5-610a-4089-996b-cc0a6b316f2b" />
      <TestMethod codeBase="D:\actions-runner\_work\XPCO\XPCO\Corporate\VideoOS.Management.Server.UnitTests\bin\x64\Debug\net472\VideoOS.Management.Server.UnitTests.dll" adapterTypeName="executor://mstestadapter/v2" className="VideoOS.Management.Server.UnitTests.SystemSettingsManagerTests" name="SystemSettingsManager_ConvertEnableAutomaticActivationToDatabaseValue_True_Success" />
    </UnitTest>
    <UnitTest name="InvokeMethod_AddAudioFile_ArgumentExceptionTest" storage="d:\actions-runner\_work\xpco\xpco\corporate\videoos.management.server.unittests\bin\x64\debug\net472\videoos.management.server.unittests.dll" id="5df4d592-2218-d063-dbb4-2839bef507c1">
      <Execution id="39ad6c4f-e157-4bee-9af5-2c1ab4f7fdb6" />
      <TestMethod codeBase="D:\actions-runner\_work\XPCO\XPCO\Corporate\VideoOS.Management.Server.UnitTests\bin\x64\Debug\net472\VideoOS.Management.Server.UnitTests.dll" adapterTypeName="executor://mstestadapter/v2" className="VideoOS.Management.Server.UnitTests.ConfigurationAPI.BusinessObjects.AudioMessage.AudioMessageFolderConfigurationApiTest" name="InvokeMethod_AddAudioFile_ArgumentExceptionTest" />
    </UnitTest>
    <UnitTest name="GetXml_WhenActionIsVideoWallSetToCameras_MatchesXml" storage="d:\actions-runner\_work\xpco\xpco\corporate\videoos.management.server.unittests\bin\x64\debug\net472\videoos.management.server.unittests.dll" id="db4b676b-07c8-7809-5847-0d5b98531e8d">
      <Execution id="73dcd3b2-a87d-4adc-8232-3e64ee34e9f4" />
      <TestMethod codeBase="D:\actions-runner\_work\XPCO\XPCO\Corporate\VideoOS.Management.Server.UnitTests\bin\x64\Debug\net472\VideoOS.Management.Server.UnitTests.dll" adapterTypeName="executor://mstestadapter/v2" className="VideoOS.Management.Server.UnitTests.ConfigurationAPI.Rules.Backend.Builders.ActionXmlBuilderTests" name="GetXml_WhenActionIsVideoWallSetToCameras_MatchesXml" />
    </UnitTest>
    <UnitTest name="AfterReceiveRequest_AuthenticationReturnsFalse_ReturnBasicAuthenticationErrorResponseData" storage="d:\actions-runner\_work\xpco\xpco\corporate\videoos.management.server.unittests\bin\x64\debug\net472\videoos.management.server.unittests.dll" id="c7e66ec5-ac77-9bf4-3e49-7028d2599bcb">
      <Execution id="f138b027-ac7d-4570-bab3-a7d998ddadf1" />
      <TestMethod codeBase="D:\actions-runner\_work\XPCO\XPCO\Corporate\VideoOS.Management.Server.UnitTests\bin\x64\Debug\net472\VideoOS.Management.Server.UnitTests.dll" adapterTypeName="executor://mstestadapter/v2" className="VideoOS.Management.Server.UnitTests.BasicAuthentication.BasicAuthenticationMessageInspectorTests" name="AfterReceiveRequest_AuthenticationReturnsFalse_ReturnBasicAuthenticationErrorResponseData" />
    </UnitTest>
    <UnitTest name="SetItem_WhenPathIdDifferentFromModelId_Error" storage="d:\actions-runner\_work\xpco\xpco\corporate\videoos.management.server.unittests\bin\x64\debug\net472\videoos.management.server.unittests.dll" id="a5375ed0-48cf-fc4f-ff74-c921a09a9100">
      <Execution id="9d02837e-7f14-4635-b9cb-e8118b34b8ae" />
      <TestMethod codeBase="D:\actions-runner\_work\XPCO\XPCO\Corporate\VideoOS.Management.Server.UnitTests\bin\x64\Debug\net472\VideoOS.Management.Server.UnitTests.dll" adapterTypeName="executor://mstestadapter/v2" className="VideoOS.Management.Server.UnitTests.ConfigurationAPI.Rules.ConfigurationApiServiceTests" name="SetItem_WhenPathIdDifferentFromModelId_Error" />
    </UnitTest>
    <UnitTest name="ServerProxyService_GetDevicesByDeviceIds_NotAllowed_RowRemoved" storage="d:\actions-runner\_work\xpco\xpco\corporate\videoos.management.server.unittests\bin\x64\debug\net472\videoos.management.server.unittests.dll" id="2329f751-9eb3-7c6d-0d92-9462f0312acf">
      <Execution id="bb9a67e9-7cce-4df0-8e0d-8c20e478ca02" />
      <TestMethod codeBase="D:\actions-runner\_work\XPCO\XPCO\Corporate\VideoOS.Management.Server.UnitTests\bin\x64\Debug\net472\VideoOS.Management.Server.UnitTests.dll" adapterTypeName="executor://mstestadapter/v2" className="VideoOS.Management.Server.UnitTests.ServerProxyServiceUnitTests" name="ServerProxyService_GetDevicesByDeviceIds_NotAllowed_RowRemoved" />
    </UnitTest>
    <UnitTest name="SendCommandSecurityVisitor_UpdateConfigurationManagerCommand_RecordingStorage_Add_NotSupportedException" storage="d:\actions-runner\_work\xpco\xpco\corporate\videoos.management.server.unittests\bin\x64\debug\net472\videoos.management.server.unittests.dll" id="d2afbae5-da8d-040c-bb65-7f2e3759d4f7">
      <Execution id="e9beaaf8-c0e6-49f6-bc00-a61f9265e7ae" />
      <TestMethod codeBase="D:\actions-runner\_work\XPCO\XPCO\Corporate\VideoOS.Management.Server.UnitTests\bin\x64\Debug\net472\VideoOS.Management.Server.UnitTests.dll" adapterTypeName="executor://mstestadapter/v2" className="VideoOS.Management.Server.UnitTests.SendCommandSecurityVisitorTests" name="SendCommandSecurityVisitor_UpdateConfigurationManagerCommand_RecordingStorage_Add_NotSupportedException" />
    </UnitTest>
    <UnitTest name="Build_WhenTriggerEventOnRemoteSite_ReturnsProperties" storage="d:\actions-runner\_work\xpco\xpco\corporate\videoos.management.server.unittests\bin\x64\debug\net472\videoos.management.server.unittests.dll" id="d9dcc43f-3c21-9963-304b-bd187b498a88">
      <Execution id="e84f4a6f-7b1d-4784-9f43-343a5b98c304" />
      <TestMethod codeBase="D:\actions-runner\_work\XPCO\XPCO\Corporate\VideoOS.Management.Server.UnitTests\bin\x64\Debug\net472\VideoOS.Management.Server.UnitTests.dll" adapterTypeName="executor://mstestadapter/v2" className="VideoOS.Management.Server.UnitTests.ConfigurationAPI.Rules.Builders.ConfigurationItemActionBuilderTests" name="Build_WhenTriggerEventOnRemoteSite_ReturnsProperties" />
    </UnitTest>
    <UnitTest name="ConstructSqlSelect_SunnyDay_DateTimeGreaterThan_NoMilliseconds" storage="d:\actions-runner\_work\xpco\xpco\corporate\videoos.management.server.unittests\bin\x64\debug\net472\videoos.management.server.unittests.dll" id="e6ff66fe-fcfe-2e34-f8c9-73d78915b79e">
      <Execution id="f637104e-ef6d-47e2-ad50-f985a669ce29" />
      <TestMethod codeBase="D:\actions-runner\_work\XPCO\XPCO\Corporate\VideoOS.Management.Server.UnitTests\bin\x64\Debug\net472\VideoOS.Management.Server.UnitTests.dll" adapterTypeName="executor://mstestadapter/v2" className="VideoOS.Management.Server.UnitTests.ConfigurationAPI.Converters.SqlQueryFormatterTests" name="ConstructSqlSelect_SunnyDay_DateTimeGreaterThan_NoMilliseconds" />
    </UnitTest>
    <UnitTest name="Build_WhenActionIsVideoWallSetToText_ReturnsRuleModel" storage="d:\actions-runner\_work\xpco\xpco\corporate\videoos.management.server.unittests\bin\x64\debug\net472\videoos.management.server.unittests.dll" id="9994efff-6347-70b3-8845-a71cf2cd7ef9">
      <Execution id="14613cb3-9402-480f-9250-a409b21a1bc7" />
      <TestMethod codeBase="D:\actions-runner\_work\XPCO\XPCO\Corporate\VideoOS.Management.Server.UnitTests\bin\x64\Debug\net472\VideoOS.Management.Server.UnitTests.dll" adapterTypeName="executor://mstestadapter/v2" className="VideoOS.Management.Server.UnitTests.ConfigurationAPI.Rules.Backend.Builders.XmlRuleModelBuilderTests" name="Build_WhenActionIsVideoWallSetToText_ReturnsRuleModel" />
    </UnitTest>
    <UnitTest name="InvokeMethod_AddAudioFile_VmoServerExceptionTest" storage="d:\actions-runner\_work\xpco\xpco\corporate\videoos.management.server.unittests\bin\x64\debug\net472\videoos.management.server.unittests.dll" id="defd2de0-9152-e075-fca5-d8526e282dd9">
      <Execution id="2e00a284-f048-408a-97a6-223d735a1be0" />
      <TestMethod codeBase="D:\actions-runner\_work\XPCO\XPCO\Corporate\VideoOS.Management.Server.UnitTests\bin\x64\Debug\net472\VideoOS.Management.Server.UnitTests.dll" adapterTypeName="executor://mstestadapter/v2" className="VideoOS.Management.Server.UnitTests.ConfigurationAPI.BusinessObjects.AudioMessage.AudioMessageFolderConfigurationApiTest" name="InvokeMethod_AddAudioFile_VmoServerExceptionTest" />
    </UnitTest>
    <UnitTest name="IsComplete_WhenNoProperties_ReturnsFalse" storage="d:\actions-runner\_work\xpco\xpco\corporate\videoos.management.server.unittests\bin\x64\debug\net472\videoos.management.server.unittests.dll" id="d462dcff-727c-d400-6097-eb2734d78f81">
      <Execution id="3d8143a2-7778-478c-b12e-68306880e2fe" />
      <TestMethod codeBase="D:\actions-runner\_work\XPCO\XPCO\Corporate\VideoOS.Management.Server.UnitTests\bin\x64\Debug\net472\VideoOS.Management.Server.UnitTests.dll" adapterTypeName="executor://mstestadapter/v2" className="VideoOS.Management.Server.UnitTests.ConfigurationAPI.Rules.Methods.BasicInfoStepTests" name="IsComplete_WhenNoProperties_ReturnsFalse" />
    </UnitTest>
    <UnitTest name="Build_WhenActionHasNullEmptyParameters_ReturnsDefaultValue" storage="d:\actions-runner\_work\xpco\xpco\corporate\videoos.management.server.unittests\bin\x64\debug\net472\videoos.management.server.unittests.dll" id="2de81f88-f4e8-842d-f3f6-60f1e00fd9ad">
      <Execution id="b2593017-220d-4ccf-b82b-4368e1ef520c" />
      <TestMethod codeBase="D:\actions-runner\_work\XPCO\XPCO\Corporate\VideoOS.Management.Server.UnitTests\bin\x64\Debug\net472\VideoOS.Management.Server.UnitTests.dll" adapterTypeName="executor://mstestadapter/v2" className="VideoOS.Management.Server.UnitTests.ConfigurationAPI.Rules.Builders.RuleModelActionsBuilderTests" name="Build_WhenActionHasNullEmptyParameters_ReturnsDefaultValue" />
    </UnitTest>
    <UnitTest name="GetChildItems_LicenseInformationProduct_PathNotFound" storage="d:\actions-runner\_work\xpco\xpco\corporate\videoos.management.server.unittests\bin\x64\debug\net472\videoos.management.server.unittests.dll" id="522d8ff3-6eeb-783b-8af4-a1ea2824ff6c">
      <Execution id="3332ebe5-553b-4c26-9fa4-4eb5e8047cdf" />
      <TestMethod codeBase="D:\actions-runner\_work\XPCO\XPCO\Corporate\VideoOS.Management.Server.UnitTests\bin\x64\Debug\net472\VideoOS.Management.Server.UnitTests.dll" adapterTypeName="executor://mstestadapter/v2" className="VideoOS.Management.Server.UnitTests.ConfigurationAPI.BusinessObjects.LicenseConfigurationApiTests" name="GetChildItems_LicenseInformationProduct_PathNotFound" />
    </UnitTest>
    <UnitTest name="GetXml_WhenActivateArchiving_MatchesXml" storage="d:\actions-runner\_work\xpco\xpco\corporate\videoos.management.server.unittests\bin\x64\debug\net472\videoos.management.server.unittests.dll" id="6f3ef74b-2e9f-f495-f642-f08a6bfcc23b">
      <Execution id="64838314-f895-4903-9a1c-40f72deef0df" />
      <TestMethod codeBase="D:\actions-runner\_work\XPCO\XPCO\Corporate\VideoOS.Management.Server.UnitTests\bin\x64\Debug\net472\VideoOS.Management.Server.UnitTests.dll" adapterTypeName="executor://mstestadapter/v2" className="VideoOS.Management.Server.UnitTests.ConfigurationAPI.Rules.Backend.Builders.ActionXmlBuilderTests" name="GetXml_WhenActivateArchiving_MatchesXml" />
    </UnitTest>
    <UnitTest name="Validation_GridRegion_String_Contains_Invalid_Characters_ArgumentException_Expected" storage="d:\actions-runner\_work\xpco\xpco\corporate\videoos.management.server.unittests\bin\x64\debug\net472\videoos.management.server.unittests.dll" id="382e7cc3-7949-9a85-f2be-b657e6b68d0d">
      <Execution id="2bdc7435-5d29-4a20-952e-6a6bc5a7e359" />
      <TestMethod codeBase="D:\actions-runner\_work\XPCO\XPCO\Corporate\VideoOS.Management.Server.UnitTests\bin\x64\Debug\net472\VideoOS.Management.Server.UnitTests.dll" adapterTypeName="executor://mstestadapter/v2" className="VideoOS.Management.Server.UnitTests.ValidationUnitTests" name="Validation_GridRegion_String_Contains_Invalid_Characters_ArgumentException_Expected" />
    </UnitTest>
    <UnitTest name="GetXml_WhenConditionIsDaysOfWeek_MatchesXml" storage="d:\actions-runner\_work\xpco\xpco\corporate\videoos.management.server.unittests\bin\x64\debug\net472\videoos.management.server.unittests.dll" id="1c153ce1-5197-49b5-8e20-6db5c49724e4">
      <Execution id="f959e539-6350-4d7c-9114-3dc7076cad7e" />
      <TestMethod codeBase="D:\actions-runner\_work\XPCO\XPCO\Corporate\VideoOS.Management.Server.UnitTests\bin\x64\Debug\net472\VideoOS.Management.Server.UnitTests.dll" adapterTypeName="executor://mstestadapter/v2" className="VideoOS.Management.Server.UnitTests.ConfigurationAPI.Rules.Backend.Builders.ConditionXmlBuilderTests" name="GetXml_WhenConditionIsDaysOfWeek_MatchesXml" />
    </UnitTest>
    <UnitTest name="Validate_WhenCustomGuidValidatorReturnsValidResult_Passes" storage="d:\actions-runner\_work\xpco\xpco\corporate\videoos.management.server.unittests\bin\x64\debug\net472\videoos.management.server.unittests.dll" id="cbca4413-a96f-c31d-458c-0e15df8be173">
      <Execution id="23e70c24-8ea8-4c31-b2bc-004d468c35f2" />
      <TestMethod codeBase="D:\actions-runner\_work\XPCO\XPCO\Corporate\VideoOS.Management.Server.UnitTests\bin\x64\Debug\net472\VideoOS.Management.Server.UnitTests.dll" adapterTypeName="executor://mstestadapter/v2" className="VideoOS.Management.Server.UnitTests.ConfigurationAPI.Rules.Backend.Validation.RuleParametersValidatorTests" name="Validate_WhenCustomGuidValidatorReturnsValidResult_Passes" />
    </UnitTest>
    <UnitTest name="GetServerProtocolTest" storage="d:\actions-runner\_work\xpco\xpco\corporate\videoos.management.server.unittests\bin\x64\debug\net472\videoos.management.server.unittests.dll" id="005af95e-a4f5-ea60-1f3e-2b40ae137034">
      <Execution id="c3d6fa4c-7a37-4ac3-a721-962ad17e66c7" />
      <TestMethod codeBase="D:\actions-runner\_work\XPCO\XPCO\Corporate\VideoOS.Management.Server.UnitTests\bin\x64\Debug\net472\VideoOS.Management.Server.UnitTests.dll" adapterTypeName="executor://mstestadapter/v2" className="VideoOS.Management.Server.UnitTests.ServerCommandServiceUnitTests" name="GetServerProtocolTest" />
    </UnitTest>
    <UnitTest name="Validate_WhenValidMonthlyFrequency_ValidOnceSubday_NoErrors" storage="d:\actions-runner\_work\xpco\xpco\corporate\videoos.management.server.unittests\bin\x64\debug\net472\videoos.management.server.unittests.dll" id="3d592bda-ed11-7d12-49f7-6b7fc397e0c4">
      <Execution id="8f2ac21f-891d-4473-ae22-03760703076d" />
      <TestMethod codeBase="D:\actions-runner\_work\XPCO\XPCO\Corporate\VideoOS.Management.Server.UnitTests\bin\x64\Debug\net472\VideoOS.Management.Server.UnitTests.dll" adapterTypeName="executor://mstestadapter/v2" className="VideoOS.Management.Server.UnitTests.ConfigurationAPI.Rules.Backend.Validation.RecurringTimeValidatorTests" name="Validate_WhenValidMonthlyFrequency_ValidOnceSubday_NoErrors" />
    </UnitTest>
    <UnitTest name="Build_RecordAlwaysWhenDeviceDoesNotExist_PropertyAddedWithUnknownValue" storage="d:\actions-runner\_work\xpco\xpco\corporate\videoos.management.server.unittests\bin\x64\debug\net472\videoos.management.server.unittests.dll" id="7ee2f8a1-7100-05f7-4399-0a99e2da8177">
      <Execution id="2cb5bfde-42e2-41c3-989c-79c4761c9a1e" />
      <TestMethod codeBase="D:\actions-runner\_work\XPCO\XPCO\Corporate\VideoOS.Management.Server.UnitTests\bin\x64\Debug\net472\VideoOS.Management.Server.UnitTests.dll" adapterTypeName="executor://mstestadapter/v2" className="VideoOS.Management.Server.UnitTests.ConfigurationAPI.Rules.Builders.ConfigurationItemBuilderTests" name="Build_RecordAlwaysWhenDeviceDoesNotExist_PropertyAddedWithUnknownValue" />
    </UnitTest>
    <UnitTest name="Patch_InvalidJsonInBody_ExceptionNotCaught" storage="d:\actions-runner\_work\xpco\xpco\corporate\videoos.management.server.unittests\bin\x64\debug\net472\videoos.management.server.unittests.dll" id="3aa5195a-f303-7cd8-ab58-5c31441c609d">
      <Execution id="d9b86915-c022-4193-9e52-cd3f22583add" />
      <TestMethod codeBase="D:\actions-runner\_work\XPCO\XPCO\Corporate\VideoOS.Management.Server.UnitTests\bin\x64\Debug\net472\VideoOS.Management.Server.UnitTests.dll" adapterTypeName="executor://mstestadapter/v2" className="VideoOS.Management.Server.UnitTests.RestApi.SpecificItemControllerTests" name="Patch_InvalidJsonInBody_ExceptionNotCaught" />
    </UnitTest>
    <UnitTest name="SendCommandSecurityVisitor_UpdateConfigurationManagerCommand_Speaker_Add_NoSecurityCheck" storage="d:\actions-runner\_work\xpco\xpco\corporate\videoos.management.server.unittests\bin\x64\debug\net472\videoos.management.server.unittests.dll" id="f386edfc-a196-7428-dec4-a65317110867">
      <Execution id="510033f3-5d39-4d01-86a0-a6b7d01ca3ac" />
      <TestMethod codeBase="D:\actions-runner\_work\XPCO\XPCO\Corporate\VideoOS.Management.Server.UnitTests\bin\x64\Debug\net472\VideoOS.Management.Server.UnitTests.dll" adapterTypeName="executor://mstestadapter/v2" className="VideoOS.Management.Server.UnitTests.SendCommandSecurityVisitorTests" name="SendCommandSecurityVisitor_UpdateConfigurationManagerCommand_Speaker_Add_NoSecurityCheck" />
    </UnitTest>
    <UnitTest name="BusinessObjects_License_UpdateMipPluginsLicenseRequestPart_LicenseNotRecentVersionException" storage="d:\actions-runner\_work\xpco\xpco\corporate\videoos.management.server.unittests\bin\x64\debug\net472\videoos.management.server.unittests.dll" id="6d4065ea-37df-4aff-874e-ab84b502ad49">
      <Execution id="f08da571-2d67-4cfc-98b2-ef263e2a4d13" />
      <TestMethod codeBase="D:\actions-runner\_work\XPCO\XPCO\Corporate\VideoOS.Management.Server.UnitTests\bin\x64\Debug\net472\VideoOS.Management.Server.UnitTests.dll" adapterTypeName="executor://mstestadapter/v2" className="VideoOS.Management.Server.UnitTests.BusinessObjects.LicenseUnitTests" name="BusinessObjects_License_UpdateMipPluginsLicenseRequestPart_LicenseNotRecentVersionException" />
    </UnitTest>
    <UnitTest name="DeviceTypeLookup_QueryDeviceTypeFromDeviceId_NoCache_Success" storage="d:\actions-runner\_work\xpco\xpco\corporate\videoos.management.server.unittests\bin\x64\debug\net472\videoos.management.server.unittests.dll" id="d22ca329-c2dd-5a00-72d3-64f886f87544">
      <Execution id="485a63fe-7a83-4294-b731-82aa2cf4e5ba" />
      <TestMethod codeBase="D:\actions-runner\_work\XPCO\XPCO\Corporate\VideoOS.Management.Server.UnitTests\bin\x64\Debug\net472\VideoOS.Management.Server.UnitTests.dll" adapterTypeName="executor://mstestadapter/v2" className="VideoOS.Management.Server.UnitTests.DeviceTypeLookupUnitTests" name="DeviceTypeLookup_QueryDeviceTypeFromDeviceId_NoCache_Success" />
    </UnitTest>
    <UnitTest name="IsComplete_WhenNoProperties_ReturnsFalse" storage="d:\actions-runner\_work\xpco\xpco\corporate\videoos.management.server.unittests\bin\x64\debug\net472\videoos.management.server.unittests.dll" id="52130333-a172-f40c-5b46-6e0bddc7014d">
      <Execution id="28602979-95c9-4552-8aca-d6f60fa44ea4" />
      <TestMethod codeBase="D:\actions-runner\_work\XPCO\XPCO\Corporate\VideoOS.Management.Server.UnitTests\bin\x64\Debug\net472\VideoOS.Management.Server.UnitTests.dll" adapterTypeName="executor://mstestadapter/v2" className="VideoOS.Management.Server.UnitTests.ConfigurationAPI.Rules.Methods.StartActionsStepTests" name="IsComplete_WhenNoProperties_ReturnsFalse" />
    </UnitTest>
    <UnitTest name="GetChildItems_SunnyDayTest" storage="d:\actions-runner\_work\xpco\xpco\corporate\videoos.management.server.unittests\bin\x64\debug\net472\videoos.management.server.unittests.dll" id="db64478b-a246-83c2-5985-db467ac72469">
      <Execution id="ccefcd3b-fe52-479f-b967-456bc61a4e10" />
      <TestMethod codeBase="D:\actions-runner\_work\XPCO\XPCO\Corporate\VideoOS.Management.Server.UnitTests\bin\x64\Debug\net472\VideoOS.Management.Server.UnitTests.dll" adapterTypeName="executor://mstestadapter/v2" className="VideoOS.Management.Server.UnitTests.ConfigurationAPI.BusinessObjects.SiteConfigurationApiTest" name="GetChildItems_SunnyDayTest" />
    </UnitTest>
    <UnitTest name="GetItem_WhenPathIsFolder_ReturnsFolderItem" storage="d:\actions-runner\_work\xpco\xpco\corporate\videoos.management.server.unittests\bin\x64\debug\net472\videoos.management.server.unittests.dll" id="b56e6bba-6358-d3c0-11a5-7461d59cab15">
      <Execution id="57383383-2ebf-4432-ae10-a5cd399adfb5" />
      <TestMethod codeBase="D:\actions-runner\_work\XPCO\XPCO\Corporate\VideoOS.Management.Server.UnitTests\bin\x64\Debug\net472\VideoOS.Management.Server.UnitTests.dll" adapterTypeName="executor://mstestadapter/v2" className="VideoOS.Management.Server.UnitTests.ConfigurationAPI.LprMatchList.ConfigurationApiServiceTests" name="GetItem_WhenPathIsFolder_ReturnsFolderItem" />
    </UnitTest>
    <UnitTest name="Validate_WhenValueIsValid_ReturnsTrue" storage="d:\actions-runner\_work\xpco\xpco\corporate\videoos.management.server.unittests\bin\x64\debug\net472\videoos.management.server.unittests.dll" id="5f4c34b8-9fb5-0eeb-4d6a-ecffe4e7f210">
      <Execution id="31efdef0-388a-45fc-983f-3f5650ab2066" />
      <TestMethod codeBase="D:\actions-runner\_work\XPCO\XPCO\Corporate\VideoOS.Management.Server.UnitTests\bin\x64\Debug\net472\VideoOS.Management.Server.UnitTests.dll" adapterTypeName="executor://mstestadapter/v2" className="VideoOS.Management.Server.UnitTests.ConfigurationAPI.Rules.Backend.Validation.TimeParameterValueValidatorTests" name="Validate_WhenValueIsValid_ReturnsTrue" />
    </UnitTest>
    <UnitTest name="SendCommandSecurityVisitor_UpdateConfigurationManagerCommand_Input_Add_NoSecurityCheck" storage="d:\actions-runner\_work\xpco\xpco\corporate\videoos.management.server.unittests\bin\x64\debug\net472\videoos.management.server.unittests.dll" id="6c11ffc8-094c-d097-3279-6000ab588aec">
      <Execution id="91679eb4-1e9d-4a07-858d-6202d763f8c6" />
      <TestMethod codeBase="D:\actions-runner\_work\XPCO\XPCO\Corporate\VideoOS.Management.Server.UnitTests\bin\x64\Debug\net472\VideoOS.Management.Server.UnitTests.dll" adapterTypeName="executor://mstestadapter/v2" className="VideoOS.Management.Server.UnitTests.SendCommandSecurityVisitorTests" name="SendCommandSecurityVisitor_UpdateConfigurationManagerCommand_Input_Add_NoSecurityCheck" />
    </UnitTest>
    <UnitTest name="GetVmsUserBySid_MethodCalled_CorrectMethodIsCalledOnIdpAdministrationClient" storage="d:\actions-runner\_work\xpco\xpco\corporate\videoos.management.server.unittests\bin\x64\debug\net472\videoos.management.server.unittests.dll" id="e5373aec-0b58-7415-f2d2-3f4b58881208">
      <Execution id="48008742-6dd8-4da1-a8af-8cf61d2b9991" />
      <TestMethod codeBase="D:\actions-runner\_work\XPCO\XPCO\Corporate\VideoOS.Management.Server.UnitTests\bin\x64\Debug\net472\VideoOS.Management.Server.UnitTests.dll" adapterTypeName="executor://mstestadapter/v2" className="VideoOS.Management.Server.UnitTests.DataComponents.Idp.UserIdpComponentTests" name="GetVmsUserBySid_MethodCalled_CorrectMethodIsCalledOnIdpAdministrationClient" />
    </UnitTest>
    <UnitTest name="GetXml_WhenActionIsStartFeed_MatchesXml" storage="d:\actions-runner\_work\xpco\xpco\corporate\videoos.management.server.unittests\bin\x64\debug\net472\videoos.management.server.unittests.dll" id="a6ea33f1-2fc6-bbfc-e8e0-517b7d2e6107">
      <Execution id="634da707-6065-400b-a738-931e92ac025b" />
      <TestMethod codeBase="D:\actions-runner\_work\XPCO\XPCO\Corporate\VideoOS.Management.Server.UnitTests\bin\x64\Debug\net472\VideoOS.Management.Server.UnitTests.dll" adapterTypeName="executor://mstestadapter/v2" className="VideoOS.Management.Server.UnitTests.ConfigurationAPI.Rules.Backend.Builders.ActionXmlBuilderTests" name="GetXml_WhenActionIsStartFeed_MatchesXml" />
    </UnitTest>
    <UnitTest name="GetCurrentProperties_WhenFailoverInactiveIsSetAndAlwaysHasNullValue_ReturnsProperties" storage="d:\actions-runner\_work\xpco\xpco\corporate\videoos.management.server.unittests\bin\x64\debug\net472\videoos.management.server.unittests.dll" id="70179d9a-98fe-57f3-d8c9-a718e5cfab34">
      <Execution id="83d6072a-cd15-430b-9b84-761289369836" />
      <TestMethod codeBase="D:\actions-runner\_work\XPCO\XPCO\Corporate\VideoOS.Management.Server.UnitTests\bin\x64\Debug\net472\VideoOS.Management.Server.UnitTests.dll" adapterTypeName="executor://mstestadapter/v2" className="VideoOS.Management.Server.UnitTests.ConfigurationAPI.Rules.Methods.StartConditionsStepTest" name="GetCurrentProperties_WhenFailoverInactiveIsSetAndAlwaysHasNullValue_ReturnsProperties" />
    </UnitTest>
    <UnitTest name="Build_WhenSaveImageAttachments_ReturnsProperties" storage="d:\actions-runner\_work\xpco\xpco\corporate\videoos.management.server.unittests\bin\x64\debug\net472\videoos.management.server.unittests.dll" id="aaec956d-aa14-9ac6-cde3-83fdb795d3f6">
      <Execution id="ce1d95ee-3092-4c0a-966c-1b3139001501" />
      <TestMethod codeBase="D:\actions-runner\_work\XPCO\XPCO\Corporate\VideoOS.Management.Server.UnitTests\bin\x64\Debug\net472\VideoOS.Management.Server.UnitTests.dll" adapterTypeName="executor://mstestadapter/v2" className="VideoOS.Management.Server.UnitTests.ConfigurationAPI.Rules.Builders.ConfigurationItemActionBuilderTests" name="Build_WhenSaveImageAttachments_ReturnsProperties" />
    </UnitTest>
    <UnitTest name="IsPropertySelected_WhenPropertyHasValueTrue_ReturnsTrue" storage="d:\actions-runner\_work\xpco\xpco\corporate\videoos.management.server.unittests\bin\x64\debug\net472\videoos.management.server.unittests.dll" id="02a1f69a-e4c2-40fb-a190-6ea680d79b3f">
      <Execution id="0295b113-2408-4f7a-b47e-2be47b491f1a" />
      <TestMethod codeBase="D:\actions-runner\_work\XPCO\XPCO\Corporate\VideoOS.Management.Server.UnitTests\bin\x64\Debug\net472\VideoOS.Management.Server.UnitTests.dll" adapterTypeName="executor://mstestadapter/v2" className="VideoOS.Management.Server.UnitTests.ConfigurationAPI.Rules.ConfigurationItemExtensionsTests" name="IsPropertySelected_WhenPropertyHasValueTrue_ReturnsTrue" />
    </UnitTest>
    <UnitTest name="Validate_WhenObjectNotExists_ReturnsFalse" storage="d:\actions-runner\_work\xpco\xpco\corporate\videoos.management.server.unittests\bin\x64\debug\net472\videoos.management.server.unittests.dll" id="8f144f43-8cb7-35e2-f6c6-1a575118cd60">
      <Execution id="86796bcd-b894-4140-89ef-2999be7e9ccd" />
      <TestMethod codeBase="D:\actions-runner\_work\XPCO\XPCO\Corporate\VideoOS.Management.Server.UnitTests\bin\x64\Debug\net472\VideoOS.Management.Server.UnitTests.dll" adapterTypeName="executor://mstestadapter/v2" className="VideoOS.Management.Server.UnitTests.ConfigurationAPI.Rules.Backend.Validation.SystemDashboardRecordingServerParameterValueValidatorTests" name="Validate_WhenObjectNotExists_ReturnsFalse" />
    </UnitTest>
    <UnitTest name="Build_WhenStopPluginOnDevices_ReturnsProperties" storage="d:\actions-runner\_work\xpco\xpco\corporate\videoos.management.server.unittests\bin\x64\debug\net472\videoos.management.server.unittests.dll" id="2622ad65-5be9-f76f-a0de-edc1f98557ef">
      <Execution id="0cd0ebf9-ef22-4122-b3ac-b6a921c89b1e" />
      <TestMethod codeBase="D:\actions-runner\_work\XPCO\XPCO\Corporate\VideoOS.Management.Server.UnitTests\bin\x64\Debug\net472\VideoOS.Management.Server.UnitTests.dll" adapterTypeName="executor://mstestadapter/v2" className="VideoOS.Management.Server.UnitTests.ConfigurationAPI.Rules.Builders.ConfigurationItemActionBuilderTests" name="Build_WhenStopPluginOnDevices_ReturnsProperties" />
    </UnitTest>
    <UnitTest name="InvokeMethod_ParamCheck_UnknownMethodId2Test" storage="d:\actions-runner\_work\xpco\xpco\corporate\videoos.management.server.unittests\bin\x64\debug\net472\videoos.management.server.unittests.dll" id="d175a773-5876-c379-b850-5171c1459eab">
      <Execution id="f29c5ba3-c75d-4155-8763-de006e54b9f5" />
      <TestMethod codeBase="D:\actions-runner\_work\XPCO\XPCO\Corporate\VideoOS.Management.Server.UnitTests\bin\x64\Debug\net472\VideoOS.Management.Server.UnitTests.dll" adapterTypeName="executor://mstestadapter/v2" className="VideoOS.Management.Server.UnitTests.ConfigurationAPI.BusinessObjects.AudioMessage.AudioMessageFolderConfigurationApiTest" name="InvokeMethod_ParamCheck_UnknownMethodId2Test" />
    </UnitTest>
    <UnitTest name="DeleteSearchTemplate_PrivateOnly" storage="d:\actions-runner\_work\xpco\xpco\corporate\videoos.management.server.unittests\bin\x64\debug\net472\videoos.management.server.unittests.dll" id="d1721802-7521-0a65-90ef-7cda2d01ffb3">
      <Execution id="7879ec36-c6aa-4b42-962d-fd67bc43e3af" />
      <TestMethod codeBase="D:\actions-runner\_work\XPCO\XPCO\Corporate\VideoOS.Management.Server.UnitTests\bin\x64\Debug\net472\VideoOS.Management.Server.UnitTests.dll" adapterTypeName="executor://mstestadapter/v2" className="VideoOS.Management.Server.UnitTests.BusinessObjects.ManagementServer.SearchTemplate.SearchTemplateItemTests" name="DeleteSearchTemplate_PrivateOnly" />
    </UnitTest>
    <UnitTest name="Validate_WhenWrongExpectedType_ReturnsFalse" storage="d:\actions-runner\_work\xpco\xpco\corporate\videoos.management.server.unittests\bin\x64\debug\net472\videoos.management.server.unittests.dll" id="18a455f1-c828-4838-2b21-98cc4deb48f9">
      <Execution id="99f6141b-bc12-4258-979c-0e35fb8c7b8f" />
      <TestMethod codeBase="D:\actions-runner\_work\XPCO\XPCO\Corporate\VideoOS.Management.Server.UnitTests\bin\x64\Debug\net472\VideoOS.Management.Server.UnitTests.dll" adapterTypeName="executor://mstestadapter/v2" className="VideoOS.Management.Server.UnitTests.ConfigurationAPI.Rules.Backend.Validation.ExternalParameterValueValidatorTests" name="Validate_WhenWrongExpectedType_ReturnsFalse" />
    </UnitTest>
    <UnitTest name="Build_WhenXmlHasConditions_ReturnsNull" storage="d:\actions-runner\_work\xpco\xpco\corporate\videoos.management.server.unittests\bin\x64\debug\net472\videoos.management.server.unittests.dll" id="46305a13-ec26-f7d7-1ea8-e16167366eae">
      <Execution id="e9de2aca-7359-485e-973e-39cb200e1200" />
      <TestMethod codeBase="D:\actions-runner\_work\XPCO\XPCO\Corporate\VideoOS.Management.Server.UnitTests\bin\x64\Debug\net472\VideoOS.Management.Server.UnitTests.dll" adapterTypeName="executor://mstestadapter/v2" className="VideoOS.Management.Server.UnitTests.ConfigurationAPI.Rules.Backend.Builders.XmlRuleModelBuilderTests" name="Build_WhenXmlHasConditions_ReturnsNull" />
    </UnitTest>
    <UnitTest name="GetCurrentProperties_WhenTimeBetweenWithoutEndTimeIsSet_ReturnsProperties" storage="d:\actions-runner\_work\xpco\xpco\corporate\videoos.management.server.unittests\bin\x64\debug\net472\videoos.management.server.unittests.dll" id="cfbab749-c83a-310d-4540-eebf5fd65891">
      <Execution id="d883630d-9d71-4681-9820-94171354cc4e" />
      <TestMethod codeBase="D:\actions-runner\_work\XPCO\XPCO\Corporate\VideoOS.Management.Server.UnitTests\bin\x64\Debug\net472\VideoOS.Management.Server.UnitTests.dll" adapterTypeName="executor://mstestadapter/v2" className="VideoOS.Management.Server.UnitTests.ConfigurationAPI.Rules.Methods.StartConditionsStepTest" name="GetCurrentProperties_WhenTimeBetweenWithoutEndTimeIsSet_ReturnsProperties" />
    </UnitTest>
    <UnitTest name="SetItem_UnknownDeviceTest" storage="d:\actions-runner\_work\xpco\xpco\corporate\videoos.management.server.unittests\bin\x64\debug\net472\videoos.management.server.unittests.dll" id="317921d6-73cf-7cbc-8e9c-c924a1a0a4e0">
      <Execution id="61dce057-55ce-466b-9383-bd04812aaf93" />
      <TestMethod codeBase="D:\actions-runner\_work\XPCO\XPCO\Corporate\VideoOS.Management.Server.UnitTests\bin\x64\Debug\net472\VideoOS.Management.Server.UnitTests.dll" adapterTypeName="executor://mstestadapter/v2" className="VideoOS.Management.Server.UnitTests.ConfigurationAPI.BusinessObjects.CustomProperties.CustomPropertiesConfigurationApiTest" name="SetItem_UnknownDeviceTest" />
    </UnitTest>
    <UnitTest name="Constructor_IdpTokenClientArgument_Success" storage="d:\actions-runner\_work\xpco\xpco\corporate\videoos.management.server.unittests\bin\x64\debug\net472\videoos.management.server.unittests.dll" id="6476709a-c49c-a5a2-3068-d7a677942957">
      <Execution id="b9d4e34b-7909-48af-a455-bc782760a7b1" />
      <TestMethod codeBase="D:\actions-runner\_work\XPCO\XPCO\Corporate\VideoOS.Management.Server.UnitTests\bin\x64\Debug\net472\VideoOS.Management.Server.UnitTests.dll" adapterTypeName="executor://mstestadapter/v2" className="VideoOS.Management.Server.UnitTests.Integration.IdpTokenServiceUnitTests" name="Constructor_IdpTokenClientArgument_Success" />
    </UnitTest>
    <UnitTest name="Invoke_WhenInvoked_GetData" storage="d:\actions-runner\_work\xpco\xpco\corporate\videoos.management.server.unittests\bin\x64\debug\net472\videoos.management.server.unittests.dll" id="79666c0e-0d38-7ede-bdb7-57a2b20220b0">
      <Execution id="cc67ad33-a60c-4de0-87f9-e25e33b04f19" />
      <TestMethod codeBase="D:\actions-runner\_work\XPCO\XPCO\Corporate\VideoOS.Management.Server.UnitTests\bin\x64\Debug\net472\VideoOS.Management.Server.UnitTests.dll" adapterTypeName="executor://mstestadapter/v2" className="VideoOS.Management.Server.UnitTests.ConfigurationAPI.BusinessObjects.LprMatchList.Methods.GetRegistrationNumbersInfoTests" name="Invoke_WhenInvoked_GetData" />
    </UnitTest>
    <UnitTest name="Validate_WhenMonthlyFrequency_ValueInDayParameterMoreThan31_ReturnsError" storage="d:\actions-runner\_work\xpco\xpco\corporate\videoos.management.server.unittests\bin\x64\debug\net472\videoos.management.server.unittests.dll" id="ea2479e0-f1f5-8aee-95c8-f74e0d5b7429">
      <Execution id="3875f1e7-07fc-4a7d-98d2-215193be9101" />
      <TestMethod codeBase="D:\actions-runner\_work\XPCO\XPCO\Corporate\VideoOS.Management.Server.UnitTests\bin\x64\Debug\net472\VideoOS.Management.Server.UnitTests.dll" adapterTypeName="executor://mstestadapter/v2" className="VideoOS.Management.Server.UnitTests.ConfigurationAPI.Rules.Backend.Validation.RecurringTimeValidatorTests" name="Validate_WhenMonthlyFrequency_ValueInDayParameterMoreThan31_ReturnsError" />
    </UnitTest>
    <UnitTest name="DeviceEvents_QueryEvents_Null_RequestContext_Exception" storage="d:\actions-runner\_work\xpco\xpco\corporate\videoos.management.server.unittests\bin\x64\debug\net472\videoos.management.server.unittests.dll" id="fc149db2-f904-42c4-f849-24385173e28b">
      <Execution id="6295e67d-adaf-4092-a8e6-2c0f56190230" />
      <TestMethod codeBase="D:\actions-runner\_work\XPCO\XPCO\Corporate\VideoOS.Management.Server.UnitTests\bin\x64\Debug\net472\VideoOS.Management.Server.UnitTests.dll" adapterTypeName="executor://mstestadapter/v2" className="VideoOS.Management.Server.UnitTests.BusinessObjects.DeviceEventsUnitTests" name="DeviceEvents_QueryEvents_Null_RequestContext_Exception" />
    </UnitTest>
    <UnitTest name="LookupChildArray_Succeeds_WhenChildItemTypeNotTaskFolderAndNoParameters" storage="d:\actions-runner\_work\xpco\xpco\corporate\videoos.management.server.unittests\bin\x64\debug\net472\videoos.management.server.unittests.dll" id="f4e4fb38-343b-f373-c033-f4cdf91a6708">
      <Execution id="09bdb410-8267-48bb-8dd5-01d913f3c12a" />
      <TestMethod codeBase="D:\actions-runner\_work\XPCO\XPCO\Corporate\VideoOS.Management.Server.UnitTests\bin\x64\Debug\net472\VideoOS.Management.Server.UnitTests.dll" adapterTypeName="executor://mstestadapter/v2" className="VideoOS.Management.Server.UnitTests.RestApi.ConfigurationApiManagerTests" name="LookupChildArray_Succeeds_WhenChildItemTypeNotTaskFolderAndNoParameters" />
    </UnitTest>
    <UnitTest name="Validate_WhenRuleIsNotARecurringTimeRule_ReturnsNoErrors" storage="d:\actions-runner\_work\xpco\xpco\corporate\videoos.management.server.unittests\bin\x64\debug\net472\videoos.management.server.unittests.dll" id="01105cd1-09c1-cbac-01dc-30bcd14f3fe3">
      <Execution id="3b4aee07-f9b8-49ab-8d75-c0e58cee679a" />
      <TestMethod codeBase="D:\actions-runner\_work\XPCO\XPCO\Corporate\VideoOS.Management.Server.UnitTests\bin\x64\Debug\net472\VideoOS.Management.Server.UnitTests.dll" adapterTypeName="executor://mstestadapter/v2" className="VideoOS.Management.Server.UnitTests.ConfigurationAPI.Rules.Backend.Validation.RecurringTimeValidatorTests" name="Validate_WhenRuleIsNotARecurringTimeRule_ReturnsNoErrors" />
    </UnitTest>
    <UnitTest name="Validate_WhenEventSourcesContainNoEventSources_Error" storage="d:\actions-runner\_work\xpco\xpco\corporate\videoos.management.server.unittests\bin\x64\debug\net472\videoos.management.server.unittests.dll" id="03106c57-50d8-1656-2022-0b05fca59301">
      <Execution id="590c3018-1804-423d-b6c7-64db07300f23" />
      <TestMethod codeBase="D:\actions-runner\_work\XPCO\XPCO\Corporate\VideoOS.Management.Server.UnitTests\bin\x64\Debug\net472\VideoOS.Management.Server.UnitTests.dll" adapterTypeName="executor://mstestadapter/v2" className="VideoOS.Management.Server.UnitTests.ConfigurationAPI.Rules.Backend.Validation.EventValidatorTests" name="Validate_WhenEventSourcesContainNoEventSources_Error" />
    </UnitTest>
    <UnitTest name="ConfigurationItemPathBuilder_Id_Null_ArgumentNullException" storage="d:\actions-runner\_work\xpco\xpco\corporate\videoos.management.server.unittests\bin\x64\debug\net472\videoos.management.server.unittests.dll" id="894dc9b0-a2c1-bf71-d4ec-d6e11a539fc2">
      <Execution id="56d0508f-eda7-481a-8612-d76af4d1a969" />
      <TestMethod codeBase="D:\actions-runner\_work\XPCO\XPCO\Corporate\VideoOS.Management.Server.UnitTests\bin\x64\Debug\net472\VideoOS.Management.Server.UnitTests.dll" adapterTypeName="executor://mstestadapter/v2" className="VideoOS.Management.Server.UnitTests.ConfigurationAPI.ConfigurationItemPathBuilderTests" name="ConfigurationItemPathBuilder_Id_Null_ArgumentNullException" />
    </UnitTest>
    <UnitTest name="InvokeMethod_AddSearchTemplateFindInvokeInfo" storage="d:\actions-runner\_work\xpco\xpco\corporate\videoos.management.server.unittests\bin\x64\debug\net472\videoos.management.server.unittests.dll" id="8d7ad232-8b23-e707-cd68-7711f512f3ea">
      <Execution id="3717cedd-b972-4b42-8993-09d43c9ebddc" />
      <TestMethod codeBase="D:\actions-runner\_work\XPCO\XPCO\Corporate\VideoOS.Management.Server.UnitTests\bin\x64\Debug\net472\VideoOS.Management.Server.UnitTests.dll" adapterTypeName="executor://mstestadapter/v2" className="VideoOS.Management.Server.UnitTests.ConfigurationAPI.BusinessObjects.SearchTemplate.SearchTemplateConfigurationApiTest" name="InvokeMethod_AddSearchTemplateFindInvokeInfo" />
    </UnitTest>
    <UnitTest name="Build_Frequency_WhenMonthlyRelativeIsSet_ReturnsMonthlyRelativeFrequencyModel" storage="d:\actions-runner\_work\xpco\xpco\corporate\videoos.management.server.unittests\bin\x64\debug\net472\videoos.management.server.unittests.dll" id="4957cfbd-ff09-8b25-d00f-9c1b4faec59a">
      <Execution id="73bd1966-d45e-46e3-bb71-77329ad11b1b" />
      <TestMethod codeBase="D:\actions-runner\_work\XPCO\XPCO\Corporate\VideoOS.Management.Server.UnitTests\bin\x64\Debug\net472\VideoOS.Management.Server.UnitTests.dll" adapterTypeName="executor://mstestadapter/v2" className="VideoOS.Management.Server.UnitTests.ConfigurationAPI.Rules.Builders.RuleModelRecurringTimeBuilderTests" name="Build_Frequency_WhenMonthlyRelativeIsSet_ReturnsMonthlyRelativeFrequencyModel" />
    </UnitTest>
    <UnitTest name="GetNextProperties_WhenNoPropertiesPresent_ReturnsOnlyActionsProperty" storage="d:\actions-runner\_work\xpco\xpco\corporate\videoos.management.server.unittests\bin\x64\debug\net472\videoos.management.server.unittests.dll" id="81f5b269-6a76-e67a-aa19-f79c5a7b7b34">
      <Execution id="7e7e9bcc-005a-465b-b843-d6783a9131c3" />
      <TestMethod codeBase="D:\actions-runner\_work\XPCO\XPCO\Corporate\VideoOS.Management.Server.UnitTests\bin\x64\Debug\net472\VideoOS.Management.Server.UnitTests.dll" adapterTypeName="executor://mstestadapter/v2" className="VideoOS.Management.Server.UnitTests.ConfigurationAPI.Rules.Methods.StopActionsStepTests" name="GetNextProperties_WhenNoPropertiesPresent_ReturnsOnlyActionsProperty" />
    </UnitTest>
    <UnitTest name="GetChildItems_ParamNullCheck_RequestContextTest" storage="d:\actions-runner\_work\xpco\xpco\corporate\videoos.management.server.unittests\bin\x64\debug\net472\videoos.management.server.unittests.dll" id="ae1938d6-a1c3-37e0-eeb0-7ba6a091df1c">
      <Execution id="7add20db-7741-4bda-9ac6-5f1a8f6d9be7" />
      <TestMethod codeBase="D:\actions-runner\_work\XPCO\XPCO\Corporate\VideoOS.Management.Server.UnitTests\bin\x64\Debug\net472\VideoOS.Management.Server.UnitTests.dll" adapterTypeName="executor://mstestadapter/v2" className="VideoOS.Management.Server.UnitTests.ConfigurationAPI.BusinessObjects.CustomProperties.CustomPropertiesConfigurationApiTest" name="GetChildItems_ParamNullCheck_RequestContextTest" />
    </UnitTest>
    <UnitTest name="Validate_WhenObjectExists_ReturnsTrue" storage="d:\actions-runner\_work\xpco\xpco\corporate\videoos.management.server.unittests\bin\x64\debug\net472\videoos.management.server.unittests.dll" id="db17b784-3c57-cc3b-58f5-9b7b53d9ed7e">
      <Execution id="a57181fe-5f65-46da-afde-317e0d524acb" />
      <TestMethod codeBase="D:\actions-runner\_work\XPCO\XPCO\Corporate\VideoOS.Management.Server.UnitTests\bin\x64\Debug\net472\VideoOS.Management.Server.UnitTests.dll" adapterTypeName="executor://mstestadapter/v2" className="VideoOS.Management.Server.UnitTests.ConfigurationAPI.Rules.Backend.Validation.RecordingServerParameterValueValidatorTests" name="Validate_WhenObjectExists_ReturnsTrue" />
    </UnitTest>
    <UnitTest name="AuthenticateUser_SchemeIsNotBasic_ReturnsFalse" storage="d:\actions-runner\_work\xpco\xpco\corporate\videoos.management.server.unittests\bin\x64\debug\net472\videoos.management.server.unittests.dll" id="c68ad569-31fb-ce33-7433-e3cb109acb30">
      <Execution id="0b91b2a2-b151-4bd6-8c48-e594e199f275" />
      <TestMethod codeBase="D:\actions-runner\_work\XPCO\XPCO\Corporate\VideoOS.Management.Server.UnitTests\bin\x64\Debug\net472\VideoOS.Management.Server.UnitTests.dll" adapterTypeName="executor://mstestadapter/v2" className="VideoOS.Management.Server.UnitTests.BasicAuthentication.BasicAuthenticationModuleTests" name="AuthenticateUser_SchemeIsNotBasic_ReturnsFalse" />
    </UnitTest>
    <UnitTest name="GetPropertyValue_WhenValueIsNull_Exception" storage="d:\actions-runner\_work\xpco\xpco\corporate\videoos.management.server.unittests\bin\x64\debug\net472\videoos.management.server.unittests.dll" id="02e90796-13cf-4684-9994-7eec6b9c424f">
      <Execution id="064865a8-41ef-4a88-ab74-99030ec4d385" />
      <TestMethod codeBase="D:\actions-runner\_work\XPCO\XPCO\Corporate\VideoOS.Management.Server.UnitTests\bin\x64\Debug\net472\VideoOS.Management.Server.UnitTests.dll" adapterTypeName="executor://mstestadapter/v2" className="VideoOS.Management.Server.UnitTests.ConfigurationAPI.Rules.ConfigurationItemExtensionsTests" name="GetPropertyValue_WhenValueIsNull_Exception" />
    </UnitTest>
    <UnitTest name="GetCurrentProperties_WhenNoPropertiesSet_ReturnsNoProperty" storage="d:\actions-runner\_work\xpco\xpco\corporate\videoos.management.server.unittests\bin\x64\debug\net472\videoos.management.server.unittests.dll" id="24817f7c-54fb-66bf-9a8d-ded7c9576a34">
      <Execution id="56c4a0c5-d0da-43ae-8157-675b19fe699f" />
      <TestMethod codeBase="D:\actions-runner\_work\XPCO\XPCO\Corporate\VideoOS.Management.Server.UnitTests\bin\x64\Debug\net472\VideoOS.Management.Server.UnitTests.dll" adapterTypeName="executor://mstestadapter/v2" className="VideoOS.Management.Server.UnitTests.ConfigurationAPI.Rules.Methods.StartConditionsStepTest" name="GetCurrentProperties_WhenNoPropertiesSet_ReturnsNoProperty" />
    </UnitTest>
    <UnitTest name="QuerySearchTemplate_Public_Allowed" storage="d:\actions-runner\_work\xpco\xpco\corporate\videoos.management.server.unittests\bin\x64\debug\net472\videoos.management.server.unittests.dll" id="d8104604-b83f-ec7d-8b88-b9585719aff8">
      <Execution id="ed83386c-c614-4818-a2de-9b59565cd1ad" />
      <TestMethod codeBase="D:\actions-runner\_work\XPCO\XPCO\Corporate\VideoOS.Management.Server.UnitTests\bin\x64\Debug\net472\VideoOS.Management.Server.UnitTests.dll" adapterTypeName="executor://mstestadapter/v2" className="VideoOS.Management.Server.UnitTests.BusinessObjects.ManagementServer.SearchTemplate.SearchTemplateItemTests" name="QuerySearchTemplate_Public_Allowed" />
    </UnitTest>
    <UnitTest name="GetTaskListInJson_VerifyNoTaskForEmptyFolder" storage="d:\actions-runner\_work\xpco\xpco\corporate\videoos.management.server.unittests\bin\x64\debug\net472\videoos.management.server.unittests.dll" id="5dec445b-9b87-0ec6-4e3a-c5282f6ac181">
      <Execution id="9af83a94-a2fe-4faa-ad79-2c71d0df3061" />
      <TestMethod codeBase="D:\actions-runner\_work\XPCO\XPCO\Corporate\VideoOS.Management.Server.UnitTests\bin\x64\Debug\net472\VideoOS.Management.Server.UnitTests.dll" adapterTypeName="executor://mstestadapter/v2" className="VideoOS.Management.Server.UnitTests.RestApi.ConfigurationApiSubControllerTests" name="GetTaskListInJson_VerifyNoTaskForEmptyFolder" />
    </UnitTest>
    <UnitTest name="GetChildItems_InvalidPathTest" storage="d:\actions-runner\_work\xpco\xpco\corporate\videoos.management.server.unittests\bin\x64\debug\net472\videoos.management.server.unittests.dll" id="ec9bf661-f647-2c8c-4e52-d1469c3ffb1b">
      <Execution id="a2337ab9-1479-4de0-986c-52407d2285af" />
      <TestMethod codeBase="D:\actions-runner\_work\XPCO\XPCO\Corporate\VideoOS.Management.Server.UnitTests\bin\x64\Debug\net472\VideoOS.Management.Server.UnitTests.dll" adapterTypeName="executor://mstestadapter/v2" className="VideoOS.Management.Server.UnitTests.ConfigurationAPI.BusinessObjects.AudioMessage.AudioMessageFolderConfigurationApiTest" name="GetChildItems_InvalidPathTest" />
    </UnitTest>
    <UnitTest name="SendCommandSecurityVisitor_UpdateConfigurationManagerCommand_PatrollingProfile_Add_Allowed" storage="d:\actions-runner\_work\xpco\xpco\corporate\videoos.management.server.unittests\bin\x64\debug\net472\videoos.management.server.unittests.dll" id="f295d18c-6a54-b5f1-cd72-7a22ee636e0b">
      <Execution id="e8a54c54-e312-4b28-96f9-666752f3a618" />
      <TestMethod codeBase="D:\actions-runner\_work\XPCO\XPCO\Corporate\VideoOS.Management.Server.UnitTests\bin\x64\Debug\net472\VideoOS.Management.Server.UnitTests.dll" adapterTypeName="executor://mstestadapter/v2" className="VideoOS.Management.Server.UnitTests.SendCommandSecurityVisitorTests" name="SendCommandSecurityVisitor_UpdateConfigurationManagerCommand_PatrollingProfile_Add_Allowed" />
    </UnitTest>
    <UnitTest name="GetXml_WhenActionIsVideoWallSetToPreset_MatchesXml" storage="d:\actions-runner\_work\xpco\xpco\corporate\videoos.management.server.unittests\bin\x64\debug\net472\videoos.management.server.unittests.dll" id="adece528-1ae8-220f-a157-cd0022c59df1">
      <Execution id="25db3750-9258-4a2c-86cf-8bc2780041c3" />
      <TestMethod codeBase="D:\actions-runner\_work\XPCO\XPCO\Corporate\VideoOS.Management.Server.UnitTests\bin\x64\Debug\net472\VideoOS.Management.Server.UnitTests.dll" adapterTypeName="executor://mstestadapter/v2" className="VideoOS.Management.Server.UnitTests.ConfigurationAPI.Rules.Backend.Builders.ActionXmlBuilderTests" name="GetXml_WhenActionIsVideoWallSetToPreset_MatchesXml" />
    </UnitTest>
    <UnitTest name="Validation_GridRegion_String_Longer_ArgumentException_Expected" storage="d:\actions-runner\_work\xpco\xpco\corporate\videoos.management.server.unittests\bin\x64\debug\net472\videoos.management.server.unittests.dll" id="a62ecaf6-8596-534a-a91c-a4551f508f0a">
      <Execution id="cc276863-48e8-4a56-ba0e-aa757100ad35" />
      <TestMethod codeBase="D:\actions-runner\_work\XPCO\XPCO\Corporate\VideoOS.Management.Server.UnitTests\bin\x64\Debug\net472\VideoOS.Management.Server.UnitTests.dll" adapterTypeName="executor://mstestadapter/v2" className="VideoOS.Management.Server.UnitTests.ValidationUnitTests" name="Validation_GridRegion_String_Longer_ArgumentException_Expected" />
    </UnitTest>
    <UnitTest name="GetChildItems_WhenPathIsItem_ReturnsEmptyList" storage="d:\actions-runner\_work\xpco\xpco\corporate\videoos.management.server.unittests\bin\x64\debug\net472\videoos.management.server.unittests.dll" id="23587aaa-1c07-9cf4-1ab9-6553a65e3722">
      <Execution id="7291233c-d64e-41e0-a404-0176bcdaa283" />
      <TestMethod codeBase="D:\actions-runner\_work\XPCO\XPCO\Corporate\VideoOS.Management.Server.UnitTests\bin\x64\Debug\net472\VideoOS.Management.Server.UnitTests.dll" adapterTypeName="executor://mstestadapter/v2" className="VideoOS.Management.Server.UnitTests.ConfigurationAPI.Rules.ConfigurationApiServiceTests" name="GetChildItems_WhenPathIsItem_ReturnsEmptyList" />
    </UnitTest>
    <UnitTest name="SendCommandSecurityVisitor_UpdateConfigurationManagerCommand_RecordingStorageDevice_Add_Allowed" storage="d:\actions-runner\_work\xpco\xpco\corporate\videoos.management.server.unittests\bin\x64\debug\net472\videoos.management.server.unittests.dll" id="c37d3db0-bd01-e11b-12cb-de541c339883">
      <Execution id="fc72c318-120a-4ba2-846b-01ab75c26c15" />
      <TestMethod codeBase="D:\actions-runner\_work\XPCO\XPCO\Corporate\VideoOS.Management.Server.UnitTests\bin\x64\Debug\net472\VideoOS.Management.Server.UnitTests.dll" adapterTypeName="executor://mstestadapter/v2" className="VideoOS.Management.Server.UnitTests.SendCommandSecurityVisitorTests" name="SendCommandSecurityVisitor_UpdateConfigurationManagerCommand_RecordingStorageDevice_Add_Allowed" />
    </UnitTest>
    <UnitTest name="AddBasicUserToAdministratorRole" storage="d:\actions-runner\_work\xpco\xpco\corporate\videoos.management.server.unittests\bin\x64\debug\net472\videoos.management.server.unittests.dll" id="c30db823-28a2-4462-cfa1-15e53aac0c36">
      <Execution id="e93db96d-c37a-4d28-ba1f-dcea3ebb3fca" />
      <TestMethod codeBase="D:\actions-runner\_work\XPCO\XPCO\Corporate\VideoOS.Management.Server.UnitTests\bin\x64\Debug\net472\VideoOS.Management.Server.UnitTests.dll" adapterTypeName="executor://mstestadapter/v2" className="VideoOS.Management.Server.UnitTests.Security.BasicUser" name="AddBasicUserToAdministratorRole" />
    </UnitTest>
    <UnitTest name="GetNextProperties_WhenActionPropertyPresentWithNoValue_ReturnsOnlyActionsProperty" storage="d:\actions-runner\_work\xpco\xpco\corporate\videoos.management.server.unittests\bin\x64\debug\net472\videoos.management.server.unittests.dll" id="e7f09871-c0b9-7549-080b-5c1ac7da5a2a">
      <Execution id="b3e25113-aac5-42ab-bf7d-e915c73d43e1" />
      <TestMethod codeBase="D:\actions-runner\_work\XPCO\XPCO\Corporate\VideoOS.Management.Server.UnitTests\bin\x64\Debug\net472\VideoOS.Management.Server.UnitTests.dll" adapterTypeName="executor://mstestadapter/v2" className="VideoOS.Management.Server.UnitTests.ConfigurationAPI.Rules.Methods.StopActionsStepTests" name="GetNextProperties_WhenActionPropertyPresentWithNoValue_ReturnsOnlyActionsProperty" />
    </UnitTest>
    <UnitTest name="CustomSettingLegacyEncryptionHelper_LegacyDecrypt" storage="d:\actions-runner\_work\xpco\xpco\corporate\videoos.management.server.unittests\bin\x64\debug\net472\videoos.management.server.unittests.dll" id="0aeb7b10-519c-ca53-e028-02a461755638">
      <Execution id="7f636e6f-f7e5-4d63-8802-31f01157cbb1" />
      <TestMethod codeBase="D:\actions-runner\_work\XPCO\XPCO\Corporate\VideoOS.Management.Server.UnitTests\bin\x64\Debug\net472\VideoOS.Management.Server.UnitTests.dll" adapterTypeName="executor://mstestadapter/v2" className="VideoOS.Management.Server.UnitTests.BusinessObjects.ManagementServer.ClientProfile.CustomSettingLegacyEncryptionHelperTest" name="CustomSettingLegacyEncryptionHelper_LegacyDecrypt" />
    </UnitTest>
    <UnitTest name="Post_InvokeMethod_ValidTaskOnConfigurationItem_ConfigApiResourceUsed" storage="d:\actions-runner\_work\xpco\xpco\corporate\videoos.management.server.unittests\bin\x64\debug\net472\videoos.management.server.unittests.dll" id="600cd0a0-1a72-04d6-1c58-c9cfb3ad7b77">
      <Execution id="fbc7bdf9-212a-4df9-83cf-d8308f7a15b3" />
      <TestMethod codeBase="D:\actions-runner\_work\XPCO\XPCO\Corporate\VideoOS.Management.Server.UnitTests\bin\x64\Debug\net472\VideoOS.Management.Server.UnitTests.dll" adapterTypeName="executor://mstestadapter/v2" className="VideoOS.Management.Server.UnitTests.RestApi.ConfigurationApiSubControllerTests" name="Post_InvokeMethod_ValidTaskOnConfigurationItem_ConfigApiResourceUsed" />
    </UnitTest>
    <UnitTest name="Get_KnownResource_ItemFound_NotNoData_NotTasks_NotPerformingTask_NotResources_NotDefinition_ReturnsItem" storage="d:\actions-runner\_work\xpco\xpco\corporate\videoos.management.server.unittests\bin\x64\debug\net472\videoos.management.server.unittests.dll" id="e3a31864-1a20-eb0e-2dc9-a849278b307b">
      <Execution id="0e9743d0-a0d8-4583-b071-e8bb40bf71d3" />
      <TestMethod codeBase="D:\actions-runner\_work\XPCO\XPCO\Corporate\VideoOS.Management.Server.UnitTests\bin\x64\Debug\net472\VideoOS.Management.Server.UnitTests.dll" adapterTypeName="executor://mstestadapter/v2" className="VideoOS.Management.Server.UnitTests.RestApi.SpecificItemControllerTests" name="Get_KnownResource_ItemFound_NotNoData_NotTasks_NotPerformingTask_NotResources_NotDefinition_ReturnsItem" />
    </UnitTest>
    <UnitTest name="InvokeResult_Idle_Correct" storage="d:\actions-runner\_work\xpco\xpco\corporate\videoos.management.server.unittests\bin\x64\debug\net472\videoos.management.server.unittests.dll" id="09f4fafc-6253-3508-3c99-9b5886d6f67b">
      <Execution id="4518c631-b68d-480c-b98a-aac33262b50a" />
      <TestMethod codeBase="D:\actions-runner\_work\XPCO\XPCO\Corporate\VideoOS.Management.Server.UnitTests\bin\x64\Debug\net472\VideoOS.Management.Server.UnitTests.dll" adapterTypeName="executor://mstestadapter/v2" className="VideoOS.Management.Server.UnitTests.RestApi.ConfigurationItemSerializerTests" name="InvokeResult_Idle_Correct" />
    </UnitTest>
    <UnitTest name="GetArrayOfChildItems_OnlyEnabled" storage="d:\actions-runner\_work\xpco\xpco\corporate\videoos.management.server.unittests\bin\x64\debug\net472\videoos.management.server.unittests.dll" id="1fbfdd07-d9ee-c7aa-145c-502ddd80f52a">
      <Execution id="18746223-d3ad-4683-b485-6a41d52e38c9" />
      <TestMethod codeBase="D:\actions-runner\_work\XPCO\XPCO\Corporate\VideoOS.Management.Server.UnitTests\bin\x64\Debug\net472\VideoOS.Management.Server.UnitTests.dll" adapterTypeName="executor://mstestadapter/v2" className="VideoOS.Management.Server.UnitTests.RestApi.ConfigurationApiSubControllerTests" name="GetArrayOfChildItems_OnlyEnabled" />
    </UnitTest>
    <UnitTest name="GetItemType_WhenValidUserDefinedEvent_ReturnsUserDefinedEvent" storage="d:\actions-runner\_work\xpco\xpco\corporate\videoos.management.server.unittests\bin\x64\debug\net472\videoos.management.server.unittests.dll" id="bbc36980-78e5-1892-cfc6-90382a8fd22d">
      <Execution id="684fd920-6f47-477a-883e-80d16f9bd56d" />
      <TestMethod codeBase="D:\actions-runner\_work\XPCO\XPCO\Corporate\VideoOS.Management.Server.UnitTests\bin\x64\Debug\net472\VideoOS.Management.Server.UnitTests.dll" adapterTypeName="executor://mstestadapter/v2" className="VideoOS.Management.Server.UnitTests.ConfigurationAPI.Rules.Backend.Validation.UserDefinedEventValueValidatorTests" name="GetItemType_WhenValidUserDefinedEvent_ReturnsUserDefinedEvent" />
    </UnitTest>
    <UnitTest name="RetentionTimeConfigurationProvider_ReturnsDisabledRule_ReturnsNull" storage="d:\actions-runner\_work\xpco\xpco\corporate\videoos.management.server.unittests\bin\x64\debug\net472\videoos.management.server.unittests.dll" id="d5d4b5e4-9dab-f6df-bcae-b02977f792ba">
      <Execution id="830f9b9a-e54e-48f5-bfbd-5a7a2b6c2f05" />
      <TestMethod codeBase="D:\actions-runner\_work\XPCO\XPCO\Corporate\VideoOS.Management.Server.UnitTests\bin\x64\Debug\net472\VideoOS.Management.Server.UnitTests.dll" adapterTypeName="executor://mstestadapter/v2" className="VideoOS.Management.Server.UnitTests.BusinessObjects.ManagementServer.DataCollection.PerformanceCounterRules.RetentionTimeConfigurationProviderTest" name="RetentionTimeConfigurationProvider_ReturnsDisabledRule_ReturnsNull" />
    </UnitTest>
    <UnitTest name="Build_StartFeed_WhenParametersAreSet_ReturnsActionModel" storage="d:\actions-runner\_work\xpco\xpco\corporate\videoos.management.server.unittests\bin\x64\debug\net472\videoos.management.server.unittests.dll" id="9c609975-690c-7441-8484-17151aa7caca">
      <Execution id="13ee38a3-2c09-4df0-a9cc-3a939dee6971" />
      <TestMethod codeBase="D:\actions-runner\_work\XPCO\XPCO\Corporate\VideoOS.Management.Server.UnitTests\bin\x64\Debug\net472\VideoOS.Management.Server.UnitTests.dll" adapterTypeName="executor://mstestadapter/v2" className="VideoOS.Management.Server.UnitTests.ConfigurationAPI.Rules.Builders.RuleModelActionsBuilderTests" name="Build_StartFeed_WhenParametersAreSet_ReturnsActionModel" />
    </UnitTest>
    <UnitTest name="ValidateToken_Success" storage="d:\actions-runner\_work\xpco\xpco\corporate\videoos.management.server.unittests\bin\x64\debug\net472\videoos.management.server.unittests.dll" id="170e0c6a-3466-6e27-447d-fa66bd08aebe">
      <Execution id="3128eaed-d217-4aad-b58b-20da36672176" />
      <TestMethod codeBase="D:\actions-runner\_work\XPCO\XPCO\Corporate\VideoOS.Management.Server.UnitTests\bin\x64\Debug\net472\VideoOS.Management.Server.UnitTests.dll" adapterTypeName="executor://mstestadapter/v2" className="VideoOS.Management.Server.UnitTests.Integration.IdpTokenServiceUnitTests" name="ValidateToken_Success" />
    </UnitTest>
    <UnitTest name="GetNexProperties_WhenRuleTypeIsEvent_AllPropertiesArePresent_ReturnsNoProperty" storage="d:\actions-runner\_work\xpco\xpco\corporate\videoos.management.server.unittests\bin\x64\debug\net472\videoos.management.server.unittests.dll" id="f2299eda-56e6-b899-e674-56f5a211bc21">
      <Execution id="9532c6fa-4110-4181-9a80-818b95ad3d73" />
      <TestMethod codeBase="D:\actions-runner\_work\XPCO\XPCO\Corporate\VideoOS.Management.Server.UnitTests\bin\x64\Debug\net472\VideoOS.Management.Server.UnitTests.dll" adapterTypeName="executor://mstestadapter/v2" className="VideoOS.Management.Server.UnitTests.ConfigurationAPI.Rules.Methods.StopRuleTypeStepTests" name="GetNexProperties_WhenRuleTypeIsEvent_AllPropertiesArePresent_ReturnsNoProperty" />
    </UnitTest>
    <UnitTest name="GetItem_InvalidPathTest" storage="d:\actions-runner\_work\xpco\xpco\corporate\videoos.management.server.unittests\bin\x64\debug\net472\videoos.management.server.unittests.dll" id="9b447850-4121-51f4-2c49-db873508747f">
      <Execution id="fbe625b0-0063-4bff-a4de-e997406d11ec" />
      <TestMethod codeBase="D:\actions-runner\_work\XPCO\XPCO\Corporate\VideoOS.Management.Server.UnitTests\bin\x64\Debug\net472\VideoOS.Management.Server.UnitTests.dll" adapterTypeName="executor://mstestadapter/v2" className="VideoOS.Management.Server.UnitTests.ConfigurationAPI.BusinessObjects.SearchTemplate.SearchTemplateConfigurationApiTest" name="GetItem_InvalidPathTest" />
    </UnitTest>
    <UnitTest name="Validate_WhenExpectedTypeIsNull_ReturnFalse" storage="d:\actions-runner\_work\xpco\xpco\corporate\videoos.management.server.unittests\bin\x64\debug\net472\videoos.management.server.unittests.dll" id="54f61d0f-8d74-a76a-ce66-508a624366dd">
      <Execution id="c793200b-a9e2-4a7f-9e9a-78361e42adfd" />
      <TestMethod codeBase="D:\actions-runner\_work\XPCO\XPCO\Corporate\VideoOS.Management.Server.UnitTests\bin\x64\Debug\net472\VideoOS.Management.Server.UnitTests.dll" adapterTypeName="executor://mstestadapter/v2" className="VideoOS.Management.Server.UnitTests.ConfigurationAPI.Rules.Backend.Validation.VideoWallParameterValueValidatorTests" name="Validate_WhenExpectedTypeIsNull_ReturnFalse" />
    </UnitTest>
    <UnitTest name="ToString_EnumInput_ReturnsString" storage="d:\actions-runner\_work\xpco\xpco\corporate\videoos.management.server.unittests\bin\x64\debug\net472\videoos.management.server.unittests.dll" id="45de2a82-b79d-f401-261f-011689a3c6e0">
      <Execution id="c64c4253-07c8-40cf-8008-063e1d785a97" />
      <TestMethod codeBase="D:\actions-runner\_work\XPCO\XPCO\Corporate\VideoOS.Management.Server.UnitTests\bin\x64\Debug\net472\VideoOS.Management.Server.UnitTests.dll" adapterTypeName="executor://mstestadapter/v2" className="VideoOS.Management.Server.UnitTests.ConfigurationAPI.Rules.TypeHelperTests" name="ToString_EnumInput_ReturnsString" />
    </UnitTest>
    <UnitTest name="SendCommandSecurityVisitor_UpdateSecurityManagerCommand_SecurityPermissionsDevice_Input_Delete_Allowed" storage="d:\actions-runner\_work\xpco\xpco\corporate\videoos.management.server.unittests\bin\x64\debug\net472\videoos.management.server.unittests.dll" id="06a22ff8-ede7-5022-8fed-1fd8b7fec68b">
      <Execution id="f6972f0a-f652-4221-bb8c-728c3ee6f783" />
      <TestMethod codeBase="D:\actions-runner\_work\XPCO\XPCO\Corporate\VideoOS.Management.Server.UnitTests\bin\x64\Debug\net472\VideoOS.Management.Server.UnitTests.dll" adapterTypeName="executor://mstestadapter/v2" className="VideoOS.Management.Server.UnitTests.SendCommandSecurityVisitorTests" name="SendCommandSecurityVisitor_UpdateSecurityManagerCommand_SecurityPermissionsDevice_Input_Delete_Allowed" />
    </UnitTest>
    <UnitTest name="Build_StopSetFramerate_WhenParametersAreSet_ReturnsActionModel" storage="d:\actions-runner\_work\xpco\xpco\corporate\videoos.management.server.unittests\bin\x64\debug\net472\videoos.management.server.unittests.dll" id="83f839ac-4fab-a3b5-0047-02bc5b96b923">
      <Execution id="400d36f1-5fdc-4a71-930f-93edc6a93158" />
      <TestMethod codeBase="D:\actions-runner\_work\XPCO\XPCO\Corporate\VideoOS.Management.Server.UnitTests\bin\x64\Debug\net472\VideoOS.Management.Server.UnitTests.dll" adapterTypeName="executor://mstestadapter/v2" className="VideoOS.Management.Server.UnitTests.ConfigurationAPI.Rules.Builders.RuleModelActionsBuilderTests" name="Build_StopSetFramerate_WhenParametersAreSet_ReturnsActionModel" />
    </UnitTest>
    <UnitTest name="SendCommandSecurityVisitor_UpdateConfigurationManagerCommand_Microphone_Edit_Allowed" storage="d:\actions-runner\_work\xpco\xpco\corporate\videoos.management.server.unittests\bin\x64\debug\net472\videoos.management.server.unittests.dll" id="360a0461-4d01-9372-b5ee-4e473084b33e">
      <Execution id="03c74fb3-36f5-4d4b-84dc-f30c6b62a06f" />
      <TestMethod codeBase="D:\actions-runner\_work\XPCO\XPCO\Corporate\VideoOS.Management.Server.UnitTests\bin\x64\Debug\net472\VideoOS.Management.Server.UnitTests.dll" adapterTypeName="executor://mstestadapter/v2" className="VideoOS.Management.Server.UnitTests.SendCommandSecurityVisitorTests" name="SendCommandSecurityVisitor_UpdateConfigurationManagerCommand_Microphone_Edit_Allowed" />
    </UnitTest>
    <UnitTest name="GetXml_WhenConditionTimeProfile_MatchesXml" storage="d:\actions-runner\_work\xpco\xpco\corporate\videoos.management.server.unittests\bin\x64\debug\net472\videoos.management.server.unittests.dll" id="aadb5124-3e74-e1e4-f703-b94b22786877">
      <Execution id="da75f5e9-00d1-4cc4-be2f-ad33420047c4" />
      <TestMethod codeBase="D:\actions-runner\_work\XPCO\XPCO\Corporate\VideoOS.Management.Server.UnitTests\bin\x64\Debug\net472\VideoOS.Management.Server.UnitTests.dll" adapterTypeName="executor://mstestadapter/v2" className="VideoOS.Management.Server.UnitTests.ConfigurationAPI.Rules.Backend.Builders.ConditionXmlBuilderTests" name="GetXml_WhenConditionTimeProfile_MatchesXml" />
    </UnitTest>
    <UnitTest name="ClientProfileEncryptionHelper_Decrypt" storage="d:\actions-runner\_work\xpco\xpco\corporate\videoos.management.server.unittests\bin\x64\debug\net472\videoos.management.server.unittests.dll" id="b0c7e522-8fe1-e7c6-d0f0-ea7be6a8e86e">
      <Execution id="0100bbd5-bdb4-473e-a053-90c55d1b7875" />
      <TestMethod codeBase="D:\actions-runner\_work\XPCO\XPCO\Corporate\VideoOS.Management.Server.UnitTests\bin\x64\Debug\net472\VideoOS.Management.Server.UnitTests.dll" adapterTypeName="executor://mstestadapter/v2" className="VideoOS.Management.Server.UnitTests.BusinessObjects.ManagementServer.ClientProfile.ClientProfileEncryptionHelperTest" name="ClientProfileEncryptionHelper_Decrypt" />
    </UnitTest>
    <UnitTest name="DeviceMotionDetection_QueryMotionDetection_Success" storage="d:\actions-runner\_work\xpco\xpco\corporate\videoos.management.server.unittests\bin\x64\debug\net472\videoos.management.server.unittests.dll" id="757b3461-c9b1-73b5-f51f-6a910b472f50">
      <Execution id="c4422866-2403-4123-b3f6-be8b0f897017" />
      <TestMethod codeBase="D:\actions-runner\_work\XPCO\XPCO\Corporate\VideoOS.Management.Server.UnitTests\bin\x64\Debug\net472\VideoOS.Management.Server.UnitTests.dll" adapterTypeName="executor://mstestadapter/v2" className="VideoOS.Management.Server.UnitTests.BusinessObjects.DeviceMotionDetectionUnitTests" name="DeviceMotionDetection_QueryMotionDetection_Success" />
    </UnitTest>
    <UnitTest name="SendCommandSecurityVisitor_ReplaceHardwareCommand_NotAllowed" storage="d:\actions-runner\_work\xpco\xpco\corporate\videoos.management.server.unittests\bin\x64\debug\net472\videoos.management.server.unittests.dll" id="ff6e09c2-50a3-dcf2-e1fa-f99392f2c106">
      <Execution id="6a5e2983-884b-4dc2-b103-ab25ef21025c" />
      <TestMethod codeBase="D:\actions-runner\_work\XPCO\XPCO\Corporate\VideoOS.Management.Server.UnitTests\bin\x64\Debug\net472\VideoOS.Management.Server.UnitTests.dll" adapterTypeName="executor://mstestadapter/v2" className="VideoOS.Management.Server.UnitTests.SendCommandSecurityVisitorTests" name="SendCommandSecurityVisitor_ReplaceHardwareCommand_NotAllowed" />
    </UnitTest>
    <UnitTest name="Build_WhenActionIsCreateLogEntry_ReturnsRuleModel" storage="d:\actions-runner\_work\xpco\xpco\corporate\videoos.management.server.unittests\bin\x64\debug\net472\videoos.management.server.unittests.dll" id="54a51205-fccb-510f-3a17-4d4eae058b24">
      <Execution id="4f8398f0-ed17-414d-a8f0-62b135f20311" />
      <TestMethod codeBase="D:\actions-runner\_work\XPCO\XPCO\Corporate\VideoOS.Management.Server.UnitTests\bin\x64\Debug\net472\VideoOS.Management.Server.UnitTests.dll" adapterTypeName="executor://mstestadapter/v2" className="VideoOS.Management.Server.UnitTests.ConfigurationAPI.Rules.Backend.Builders.XmlRuleModelBuilderTests" name="Build_WhenActionIsCreateLogEntry_ReturnsRuleModel" />
    </UnitTest>
    <UnitTest name="Validate_WhenMonthly_FrequencyIsAbove99_ReturnsError" storage="d:\actions-runner\_work\xpco\xpco\corporate\videoos.management.server.unittests\bin\x64\debug\net472\videoos.management.server.unittests.dll" id="f505ab1f-6154-5d23-fe61-ce7e89a62b2e">
      <Execution id="fa6d8638-d338-4826-82ea-cce631e09109" />
      <TestMethod codeBase="D:\actions-runner\_work\XPCO\XPCO\Corporate\VideoOS.Management.Server.UnitTests\bin\x64\Debug\net472\VideoOS.Management.Server.UnitTests.dll" adapterTypeName="executor://mstestadapter/v2" className="VideoOS.Management.Server.UnitTests.ConfigurationAPI.Rules.Backend.Validation.RecurringTimeValidatorTests" name="Validate_WhenMonthly_FrequencyIsAbove99_ReturnsError" />
    </UnitTest>
    <UnitTest name="SendCommandSecurityVisitor_UpdateSecurityManagerCommand_SecurityPermissionsDevice_Microphone_Delete_Allowed" storage="d:\actions-runner\_work\xpco\xpco\corporate\videoos.management.server.unittests\bin\x64\debug\net472\videoos.management.server.unittests.dll" id="47d0d77a-0048-61bf-6c43-4c34ba9465d3">
      <Execution id="b5accd7f-7cb0-4614-b14b-a84236a65a6b" />
      <TestMethod codeBase="D:\actions-runner\_work\XPCO\XPCO\Corporate\VideoOS.Management.Server.UnitTests\bin\x64\Debug\net472\VideoOS.Management.Server.UnitTests.dll" adapterTypeName="executor://mstestadapter/v2" className="VideoOS.Management.Server.UnitTests.SendCommandSecurityVisitorTests" name="SendCommandSecurityVisitor_UpdateSecurityManagerCommand_SecurityPermissionsDevice_Microphone_Delete_Allowed" />
    </UnitTest>
    <UnitTest name="IsPropertyPresent_WhenNoSuchProperty_ReturnsFalse" storage="d:\actions-runner\_work\xpco\xpco\corporate\videoos.management.server.unittests\bin\x64\debug\net472\videoos.management.server.unittests.dll" id="ec0a6874-8f35-1d52-1ad8-40c7697825d4">
      <Execution id="091ebc6f-4ce8-4172-aca4-f4decf366fcb" />
      <TestMethod codeBase="D:\actions-runner\_work\XPCO\XPCO\Corporate\VideoOS.Management.Server.UnitTests\bin\x64\Debug\net472\VideoOS.Management.Server.UnitTests.dll" adapterTypeName="executor://mstestadapter/v2" className="VideoOS.Management.Server.UnitTests.ConfigurationAPI.Rules.ConfigurationItemExtensionsTests" name="IsPropertyPresent_WhenNoSuchProperty_ReturnsFalse" />
    </UnitTest>
    <UnitTest name="SetItem_Properties_MissingDescriptionTest" storage="d:\actions-runner\_work\xpco\xpco\corporate\videoos.management.server.unittests\bin\x64\debug\net472\videoos.management.server.unittests.dll" id="8375c975-58dc-7f89-726c-aae51bdc9746">
      <Execution id="c5051ca0-366c-4120-9717-97f9b956bba5" />
      <TestMethod codeBase="D:\actions-runner\_work\XPCO\XPCO\Corporate\VideoOS.Management.Server.UnitTests\bin\x64\Debug\net472\VideoOS.Management.Server.UnitTests.dll" adapterTypeName="executor://mstestadapter/v2" className="VideoOS.Management.Server.UnitTests.ConfigurationAPI.BusinessObjects.AudioMessage.AudioMessageConfigurationApiTest" name="SetItem_Properties_MissingDescriptionTest" />
    </UnitTest>
    <UnitTest name="ErrorHelper_CreateValidateResult_ArgumentException_PropertyNoFound_Null" storage="d:\actions-runner\_work\xpco\xpco\corporate\videoos.management.server.unittests\bin\x64\debug\net472\videoos.management.server.unittests.dll" id="ab88b2fb-11e2-00f1-74f5-bd3ffff112d0">
      <Execution id="05f65639-dd63-43ff-b6a5-4e705a6fb722" />
      <TestMethod codeBase="D:\actions-runner\_work\XPCO\XPCO\Corporate\VideoOS.Management.Server.UnitTests\bin\x64\Debug\net472\VideoOS.Management.Server.UnitTests.dll" adapterTypeName="executor://mstestadapter/v2" className="VideoOS.Management.Server.UnitTests.ConfigurationAPI.ErrorHelperTests" name="ErrorHelper_CreateValidateResult_ArgumentException_PropertyNoFound_Null" />
    </UnitTest>
    <UnitTest name="Build_WhenVideoWallSetToCameras_ReturnsProperties" storage="d:\actions-runner\_work\xpco\xpco\corporate\videoos.management.server.unittests\bin\x64\debug\net472\videoos.management.server.unittests.dll" id="47dbad92-7d40-7e35-b58b-8ba25f46081c">
      <Execution id="eb1d03df-b350-4f93-a6da-8546c9326bf5" />
      <TestMethod codeBase="D:\actions-runner\_work\XPCO\XPCO\Corporate\VideoOS.Management.Server.UnitTests\bin\x64\Debug\net472\VideoOS.Management.Server.UnitTests.dll" adapterTypeName="executor://mstestadapter/v2" className="VideoOS.Management.Server.UnitTests.ConfigurationAPI.Rules.Builders.ConfigurationItemActionBuilderTests" name="Build_WhenVideoWallSetToCameras_ReturnsProperties" />
    </UnitTest>
    <UnitTest name="GetCurrentProperties_WhenWithinTimeProfileIsSetAndAlwaysHasNullValue_ReturnsProperties" storage="d:\actions-runner\_work\xpco\xpco\corporate\videoos.management.server.unittests\bin\x64\debug\net472\videoos.management.server.unittests.dll" id="b49e6638-a48c-eba5-522f-8eb0dcb17d0d">
      <Execution id="93e46cc2-a3cd-436d-a07c-afdcce0f73a7" />
      <TestMethod codeBase="D:\actions-runner\_work\XPCO\XPCO\Corporate\VideoOS.Management.Server.UnitTests\bin\x64\Debug\net472\VideoOS.Management.Server.UnitTests.dll" adapterTypeName="executor://mstestadapter/v2" className="VideoOS.Management.Server.UnitTests.ConfigurationAPI.Rules.Methods.StartConditionsStepTest" name="GetCurrentProperties_WhenWithinTimeProfileIsSetAndAlwaysHasNullValue_ReturnsProperties" />
    </UnitTest>
    <UnitTest name="IsPropertySelected_WhenPropertyHasSomeOtherValue_ReturnsFalse" storage="d:\actions-runner\_work\xpco\xpco\corporate\videoos.management.server.unittests\bin\x64\debug\net472\videoos.management.server.unittests.dll" id="77518faa-d323-43bb-34a1-efd41abda182">
      <Execution id="4547d8b6-882e-4c83-9c51-3d9160b84a28" />
      <TestMethod codeBase="D:\actions-runner\_work\XPCO\XPCO\Corporate\VideoOS.Management.Server.UnitTests\bin\x64\Debug\net472\VideoOS.Management.Server.UnitTests.dll" adapterTypeName="executor://mstestadapter/v2" className="VideoOS.Management.Server.UnitTests.ConfigurationAPI.Rules.ConfigurationItemExtensionsTests" name="IsPropertySelected_WhenPropertyHasSomeOtherValue_ReturnsFalse" />
    </UnitTest>
    <UnitTest name="Validation_MotionDetectionHardwareAcceleration_Is_Null_ArgumentOutOfRangeExceptionExpected" storage="d:\actions-runner\_work\xpco\xpco\corporate\videoos.management.server.unittests\bin\x64\debug\net472\videoos.management.server.unittests.dll" id="2c3b44fd-fa46-8183-5182-666a722a1d32">
      <Execution id="d5d86cc3-d2e6-4139-b4c8-5aa367450fb6" />
      <TestMethod codeBase="D:\actions-runner\_work\XPCO\XPCO\Corporate\VideoOS.Management.Server.UnitTests\bin\x64\Debug\net472\VideoOS.Management.Server.UnitTests.dll" adapterTypeName="executor://mstestadapter/v2" className="VideoOS.Management.Server.UnitTests.ValidationUnitTests" name="Validation_MotionDetectionHardwareAcceleration_Is_Null_ArgumentOutOfRangeExceptionExpected" />
    </UnitTest>
    <UnitTest name="Build_WhenNoRuleStopPropertiesSet_StopRuleIsEmpty" storage="d:\actions-runner\_work\xpco\xpco\corporate\videoos.management.server.unittests\bin\x64\debug\net472\videoos.management.server.unittests.dll" id="b250f3aa-3f7b-1173-ca11-6c811faffe16">
      <Execution id="097fe5ce-afd2-4561-87a9-76979aa6ade8" />
      <TestMethod codeBase="D:\actions-runner\_work\XPCO\XPCO\Corporate\VideoOS.Management.Server.UnitTests\bin\x64\Debug\net472\VideoOS.Management.Server.UnitTests.dll" adapterTypeName="executor://mstestadapter/v2" className="VideoOS.Management.Server.UnitTests.ConfigurationAPI.Rules.Builders.RuleModelBuilderTests" name="Build_WhenNoRuleStopPropertiesSet_StopRuleIsEmpty" />
    </UnitTest>
    <UnitTest name="SendCommandSecurityVisitor_UpdateConfigurationManagerCommand_Recorder_Add_NotSupportedException" storage="d:\actions-runner\_work\xpco\xpco\corporate\videoos.management.server.unittests\bin\x64\debug\net472\videoos.management.server.unittests.dll" id="35e802f0-ba93-715f-e7bf-03d31f5a026e">
      <Execution id="77704c3e-0e9a-4e2c-b84e-9d31597fa474" />
      <TestMethod codeBase="D:\actions-runner\_work\XPCO\XPCO\Corporate\VideoOS.Management.Server.UnitTests\bin\x64\Debug\net472\VideoOS.Management.Server.UnitTests.dll" adapterTypeName="executor://mstestadapter/v2" className="VideoOS.Management.Server.UnitTests.SendCommandSecurityVisitorTests" name="SendCommandSecurityVisitor_UpdateConfigurationManagerCommand_Recorder_Add_NotSupportedException" />
    </UnitTest>
    <UnitTest name="Validate_WhenWeekly_FrequencyIsNegative_ReturnsError" storage="d:\actions-runner\_work\xpco\xpco\corporate\videoos.management.server.unittests\bin\x64\debug\net472\videoos.management.server.unittests.dll" id="25388f00-c64c-11eb-23ae-6f442b26bebc">
      <Execution id="57ca500d-7656-4d74-bdaf-23a2e30dbd6d" />
      <TestMethod codeBase="D:\actions-runner\_work\XPCO\XPCO\Corporate\VideoOS.Management.Server.UnitTests\bin\x64\Debug\net472\VideoOS.Management.Server.UnitTests.dll" adapterTypeName="executor://mstestadapter/v2" className="VideoOS.Management.Server.UnitTests.ConfigurationAPI.Rules.Backend.Validation.RecurringTimeValidatorTests" name="Validate_WhenWeekly_FrequencyIsNegative_ReturnsError" />
    </UnitTest>
    <UnitTest name="Validate_ParamNullCheck3" storage="d:\actions-runner\_work\xpco\xpco\corporate\videoos.management.server.unittests\bin\x64\debug\net472\videoos.management.server.unittests.dll" id="137dcc65-2e31-9ad5-19c0-edb2c2b8948d">
      <Execution id="4032117b-444f-47c6-a043-a4267f4490dc" />
      <TestMethod codeBase="D:\actions-runner\_work\XPCO\XPCO\Corporate\VideoOS.Management.Server.UnitTests\bin\x64\Debug\net472\VideoOS.Management.Server.UnitTests.dll" adapterTypeName="executor://mstestadapter/v2" className="VideoOS.Management.Server.UnitTests.ConfigurationAPI.BusinessObjects.BasicOwnerInformationConfigurationApiTests" name="Validate_ParamNullCheck3" />
    </UnitTest>
    <UnitTest name="IsComplete_WhenRecurring_MonthlyRelativeOnce_ReturnsTrue" storage="d:\actions-runner\_work\xpco\xpco\corporate\videoos.management.server.unittests\bin\x64\debug\net472\videoos.management.server.unittests.dll" id="69686b34-faa2-c6ee-8e19-f0b2a6d5ca80">
      <Execution id="15238cfa-146d-4616-a86e-b382f0f6f5a2" />
      <TestMethod codeBase="D:\actions-runner\_work\XPCO\XPCO\Corporate\VideoOS.Management.Server.UnitTests\bin\x64\Debug\net472\VideoOS.Management.Server.UnitTests.dll" adapterTypeName="executor://mstestadapter/v2" className="VideoOS.Management.Server.UnitTests.ConfigurationAPI.Rules.Methods.StartRuleTypeStepTests" name="IsComplete_WhenRecurring_MonthlyRelativeOnce_ReturnsTrue" />
    </UnitTest>
    <UnitTest name="SendCommandSecurityVisitor_ServerFileSystemOperationCommand_QueryRecorderDrives_NotAllowed" storage="d:\actions-runner\_work\xpco\xpco\corporate\videoos.management.server.unittests\bin\x64\debug\net472\videoos.management.server.unittests.dll" id="1765e735-2c52-39db-3cfe-f69d76b50d0e">
      <Execution id="e3c0be5d-d114-4f3e-97ca-5dd0bb512051" />
      <TestMethod codeBase="D:\actions-runner\_work\XPCO\XPCO\Corporate\VideoOS.Management.Server.UnitTests\bin\x64\Debug\net472\VideoOS.Management.Server.UnitTests.dll" adapterTypeName="executor://mstestadapter/v2" className="VideoOS.Management.Server.UnitTests.SendCommandSecurityVisitorTests" name="SendCommandSecurityVisitor_ServerFileSystemOperationCommand_QueryRecorderDrives_NotAllowed" />
    </UnitTest>
    <UnitTest name="Validation_CheckAddressIntervals_NullOrEmpty_AllowNullOrEmpty_Success" storage="d:\actions-runner\_work\xpco\xpco\corporate\videoos.management.server.unittests\bin\x64\debug\net472\videoos.management.server.unittests.dll" id="1de5b28a-2eed-dd56-5ef6-f1ac31c509a8">
      <Execution id="dcd0a21b-49ef-4412-a97a-4847729648ea" />
      <TestMethod codeBase="D:\actions-runner\_work\XPCO\XPCO\Corporate\VideoOS.Management.Server.UnitTests\bin\x64\Debug\net472\VideoOS.Management.Server.UnitTests.dll" adapterTypeName="executor://mstestadapter/v2" className="VideoOS.Management.Server.UnitTests.ValidationUnitTests" name="Validation_CheckAddressIntervals_NullOrEmpty_AllowNullOrEmpty_Success" />
    </UnitTest>
    <UnitTest name="Validate_WhenRequiredFeatureIsNotLicensed_Error" storage="d:\actions-runner\_work\xpco\xpco\corporate\videoos.management.server.unittests\bin\x64\debug\net472\videoos.management.server.unittests.dll" id="fd19fa24-64b5-6d90-5a33-d8458cf584e9">
      <Execution id="081761d9-bfec-4e5c-909e-52aba62c9b36" />
      <TestMethod codeBase="D:\actions-runner\_work\XPCO\XPCO\Corporate\VideoOS.Management.Server.UnitTests\bin\x64\Debug\net472\VideoOS.Management.Server.UnitTests.dll" adapterTypeName="executor://mstestadapter/v2" className="VideoOS.Management.Server.UnitTests.ConfigurationAPI.Rules.Backend.Validation.ActionsValidatorTests" name="Validate_WhenRequiredFeatureIsNotLicensed_Error" />
    </UnitTest>
    <UnitTest name="GetVmsUserById_UserNotFound_ThrowsVmoServerServiceException" storage="d:\actions-runner\_work\xpco\xpco\corporate\videoos.management.server.unittests\bin\x64\debug\net472\videoos.management.server.unittests.dll" id="87cec38f-e051-18f1-0bb9-d08df29fa086">
      <Execution id="93aca8b8-2c27-48f9-ae4b-efafdd8cf51f" />
      <TestMethod codeBase="D:\actions-runner\_work\XPCO\XPCO\Corporate\VideoOS.Management.Server.UnitTests\bin\x64\Debug\net472\VideoOS.Management.Server.UnitTests.dll" adapterTypeName="executor://mstestadapter/v2" className="VideoOS.Management.Server.UnitTests.DataComponents.Idp.UserIdpComponentTests" name="GetVmsUserById_UserNotFound_ThrowsVmoServerServiceException" />
    </UnitTest>
    <UnitTest name="GetNextProperties_WhenNoRuleTypePresent_ReturnsRuleTypeProperty" storage="d:\actions-runner\_work\xpco\xpco\corporate\videoos.management.server.unittests\bin\x64\debug\net472\videoos.management.server.unittests.dll" id="d2309e36-9600-03f1-d0a0-0a1b7d459c6c">
      <Execution id="4fb75473-3d2e-48b8-b2d9-948d9133a0c2" />
      <TestMethod codeBase="D:\actions-runner\_work\XPCO\XPCO\Corporate\VideoOS.Management.Server.UnitTests\bin\x64\Debug\net472\VideoOS.Management.Server.UnitTests.dll" adapterTypeName="executor://mstestadapter/v2" className="VideoOS.Management.Server.UnitTests.ConfigurationAPI.Rules.Methods.StartRuleTypeStepTests" name="GetNextProperties_WhenNoRuleTypePresent_ReturnsRuleTypeProperty" />
    </UnitTest>
    <UnitTest name="Validate_WhenValueIsNotValid_ReturnsFalse" storage="d:\actions-runner\_work\xpco\xpco\corporate\videoos.management.server.unittests\bin\x64\debug\net472\videoos.management.server.unittests.dll" id="822375e5-a990-cbf4-d24b-62a268227a21">
      <Execution id="d0bcb625-344d-4a87-bc0b-066e5c3b772a" />
      <TestMethod codeBase="D:\actions-runner\_work\XPCO\XPCO\Corporate\VideoOS.Management.Server.UnitTests\bin\x64\Debug\net472\VideoOS.Management.Server.UnitTests.dll" adapterTypeName="executor://mstestadapter/v2" className="VideoOS.Management.Server.UnitTests.ConfigurationAPI.Rules.Backend.Validation.TimeParameterValueValidatorTests" name="Validate_WhenValueIsNotValid_ReturnsFalse" />
    </UnitTest>
    <UnitTest name="ErrorModel_SunnyDay_Test" storage="d:\actions-runner\_work\xpco\xpco\corporate\videoos.management.server.unittests\bin\x64\debug\net472\videoos.management.server.unittests.dll" id="b114d8d2-07a4-5c97-a70b-ea3b1700f63c">
      <Execution id="b0698dd8-e777-4d22-9a74-5370d96c5fc5" />
      <TestMethod codeBase="D:\actions-runner\_work\XPCO\XPCO\Corporate\VideoOS.Management.Server.UnitTests\bin\x64\Debug\net472\VideoOS.Management.Server.UnitTests.dll" adapterTypeName="executor://mstestadapter/v2" className="VideoOS.Management.Server.UnitTests.RestApi.ErrorModelTests" name="ErrorModel_SunnyDay_Test" />
    </UnitTest>
    <UnitTest name="SendCommandSecurityVisitor_RecorderAttachCommand_NotSupportedException" storage="d:\actions-runner\_work\xpco\xpco\corporate\videoos.management.server.unittests\bin\x64\debug\net472\videoos.management.server.unittests.dll" id="20928c7a-b265-ff78-a82f-fae422612902">
      <Execution id="07568242-bbdb-456b-81ff-4eb04069da95" />
      <TestMethod codeBase="D:\actions-runner\_work\XPCO\XPCO\Corporate\VideoOS.Management.Server.UnitTests\bin\x64\Debug\net472\VideoOS.Management.Server.UnitTests.dll" adapterTypeName="executor://mstestadapter/v2" className="VideoOS.Management.Server.UnitTests.SendCommandSecurityVisitorTests" name="SendCommandSecurityVisitor_RecorderAttachCommand_NotSupportedException" />
    </UnitTest>
    <UnitTest name="LoadSpecificItem_UseInvalidPath_ExceptionThrown" storage="d:\actions-runner\_work\xpco\xpco\corporate\videoos.management.server.unittests\bin\x64\debug\net472\videoos.management.server.unittests.dll" id="b5b55388-501e-a063-f509-04c76a5b15ca">
      <Execution id="b5497171-4aa6-48cb-b50d-262ce6e5a713" />
      <TestMethod codeBase="D:\actions-runner\_work\XPCO\XPCO\Corporate\VideoOS.Management.Server.UnitTests\bin\x64\Debug\net472\VideoOS.Management.Server.UnitTests.dll" adapterTypeName="executor://mstestadapter/v2" className="VideoOS.Management.Server.UnitTests.RestApi.ConfigurationApiSubControllerTests" name="LoadSpecificItem_UseInvalidPath_ExceptionThrown" />
    </UnitTest>
    <UnitTest name="RoleMappingAddToRole1" storage="d:\actions-runner\_work\xpco\xpco\corporate\videoos.management.server.unittests\bin\x64\debug\net472\videoos.management.server.unittests.dll" id="c31d25de-70f0-e512-4356-0bbc26c7e9ba">
      <Execution id="8b7585cc-0fec-4dcf-bcda-9474b25c1b71" />
      <TestMethod codeBase="D:\actions-runner\_work\XPCO\XPCO\Corporate\VideoOS.Management.Server.UnitTests\bin\x64\Debug\net472\VideoOS.Management.Server.UnitTests.dll" adapterTypeName="executor://mstestadapter/v2" className="VideoOS.Management.Server.UnitTests.ClaimToRoleMapperTest" name="RoleMappingAddToRole1" />
    </UnitTest>
    <UnitTest name="ConfigurationItemPathBuilder_Constructor_ConfigPathNull_ArgumentNullException" storage="d:\actions-runner\_work\xpco\xpco\corporate\videoos.management.server.unittests\bin\x64\debug\net472\videoos.management.server.unittests.dll" id="9fbee87d-c375-6ffb-01f7-6d68d366eb88">
      <Execution id="99f3a9ee-f4ad-485e-b4f4-c1cf4071522b" />
      <TestMethod codeBase="D:\actions-runner\_work\XPCO\XPCO\Corporate\VideoOS.Management.Server.UnitTests\bin\x64\Debug\net472\VideoOS.Management.Server.UnitTests.dll" adapterTypeName="executor://mstestadapter/v2" className="VideoOS.Management.Server.UnitTests.ConfigurationAPI.ConfigurationItemPathBuilderTests" name="ConfigurationItemPathBuilder_Constructor_ConfigPathNull_ArgumentNullException" />
    </UnitTest>
    <UnitTest name="Validate_WhenTimeIntervalRule_StopRuleHasTimerType_Error" storage="d:\actions-runner\_work\xpco\xpco\corporate\videoos.management.server.unittests\bin\x64\debug\net472\videoos.management.server.unittests.dll" id="3eb719b6-c3db-064d-0f9a-900358d256b3">
      <Execution id="2aeea31e-e43a-40d1-b14f-1531d9a5c115" />
      <TestMethod codeBase="D:\actions-runner\_work\XPCO\XPCO\Corporate\VideoOS.Management.Server.UnitTests\bin\x64\Debug\net472\VideoOS.Management.Server.UnitTests.dll" adapterTypeName="executor://mstestadapter/v2" className="VideoOS.Management.Server.UnitTests.ConfigurationAPI.Rules.Backend.Validation.ValidatorIntegrationTests" name="Validate_WhenTimeIntervalRule_StopRuleHasTimerType_Error" />
    </UnitTest>
    <UnitTest name="ValidateItem_InvalidParentPathTest" storage="d:\actions-runner\_work\xpco\xpco\corporate\videoos.management.server.unittests\bin\x64\debug\net472\videoos.management.server.unittests.dll" id="60e8f5c9-4db0-1ba7-4aae-cbeb5664adf5">
      <Execution id="0a2c8d54-1b01-4a40-9519-02ebeafc2afb" />
      <TestMethod codeBase="D:\actions-runner\_work\XPCO\XPCO\Corporate\VideoOS.Management.Server.UnitTests\bin\x64\Debug\net472\VideoOS.Management.Server.UnitTests.dll" adapterTypeName="executor://mstestadapter/v2" className="VideoOS.Management.Server.UnitTests.ConfigurationAPI.BusinessObjects.CustomProperties.CustomPropertiesConfigurationApiTest" name="ValidateItem_InvalidParentPathTest" />
    </UnitTest>
    <UnitTest name="Validate_WhenSubdayTypeRecurring_SubdayStartTimeIsNegative_ReturnsError" storage="d:\actions-runner\_work\xpco\xpco\corporate\videoos.management.server.unittests\bin\x64\debug\net472\videoos.management.server.unittests.dll" id="6e310e32-f92f-6e95-67fe-0f30a1593318">
      <Execution id="09b52b0e-c8cc-4e65-addc-757514ec2ae0" />
      <TestMethod codeBase="D:\actions-runner\_work\XPCO\XPCO\Corporate\VideoOS.Management.Server.UnitTests\bin\x64\Debug\net472\VideoOS.Management.Server.UnitTests.dll" adapterTypeName="executor://mstestadapter/v2" className="VideoOS.Management.Server.UnitTests.ConfigurationAPI.Rules.Backend.Validation.RecurringTimeValidatorTests" name="Validate_WhenSubdayTypeRecurring_SubdayStartTimeIsNegative_ReturnsError" />
    </UnitTest>
    <UnitTest name="GetChildItems_SunnyDayTest" storage="d:\actions-runner\_work\xpco\xpco\corporate\videoos.management.server.unittests\bin\x64\debug\net472\videoos.management.server.unittests.dll" id="d52bf258-f9b3-0173-e716-c18c9db5dc52">
      <Execution id="e305688f-5cd1-494b-afd8-1423d8b8a541" />
      <TestMethod codeBase="D:\actions-runner\_work\XPCO\XPCO\Corporate\VideoOS.Management.Server.UnitTests\bin\x64\Debug\net472\VideoOS.Management.Server.UnitTests.dll" adapterTypeName="executor://mstestadapter/v2" className="VideoOS.Management.Server.UnitTests.ConfigurationAPI.BusinessObjects.AudioMessage.AudioMessageConfigurationApiTest" name="GetChildItems_SunnyDayTest" />
    </UnitTest>
    <UnitTest name="Validate_WhenRecorderExists_ReturnsTrue" storage="d:\actions-runner\_work\xpco\xpco\corporate\videoos.management.server.unittests\bin\x64\debug\net472\videoos.management.server.unittests.dll" id="105f82b0-f461-ba65-9df0-93de6cab9817">
      <Execution id="e35666b8-826b-4ead-9f1a-28eba965ea9f" />
      <TestMethod codeBase="D:\actions-runner\_work\XPCO\XPCO\Corporate\VideoOS.Management.Server.UnitTests\bin\x64\Debug\net472\VideoOS.Management.Server.UnitTests.dll" adapterTypeName="executor://mstestadapter/v2" className="VideoOS.Management.Server.UnitTests.ConfigurationAPI.Rules.Backend.Validation.SystemDashboardServerParameterValueValidatorTests" name="Validate_WhenRecorderExists_ReturnsTrue" />
    </UnitTest>
    <UnitTest name="Delete_UnknownResource_ExceptionNotCaught" storage="d:\actions-runner\_work\xpco\xpco\corporate\videoos.management.server.unittests\bin\x64\debug\net472\videoos.management.server.unittests.dll" id="f2eea2f5-bc17-f0c4-1491-06980d33bb53">
      <Execution id="adc3c52a-fb30-4291-928f-16b8c66945c4" />
      <TestMethod codeBase="D:\actions-runner\_work\XPCO\XPCO\Corporate\VideoOS.Management.Server.UnitTests\bin\x64\Debug\net472\VideoOS.Management.Server.UnitTests.dll" adapterTypeName="executor://mstestadapter/v2" className="VideoOS.Management.Server.UnitTests.RestApi.SpecificItemControllerTests" name="Delete_UnknownResource_ExceptionNotCaught" />
    </UnitTest>
    <UnitTest name="GetXml_WhenStartSetFramerate_MatchesXml" storage="d:\actions-runner\_work\xpco\xpco\corporate\videoos.management.server.unittests\bin\x64\debug\net472\videoos.management.server.unittests.dll" id="1535fe4e-8a4e-2c7b-0d3e-a09c4298bb86">
      <Execution id="9720b6f0-7e4e-4b16-ad0f-2359f70ae647" />
      <TestMethod codeBase="D:\actions-runner\_work\XPCO\XPCO\Corporate\VideoOS.Management.Server.UnitTests\bin\x64\Debug\net472\VideoOS.Management.Server.UnitTests.dll" adapterTypeName="executor://mstestadapter/v2" className="VideoOS.Management.Server.UnitTests.ConfigurationAPI.Rules.Backend.Builders.ActionXmlBuilderTests" name="GetXml_WhenStartSetFramerate_MatchesXml" />
    </UnitTest>
    <UnitTest name="Validate_WhenServerExists_ReturnsTrue" storage="d:\actions-runner\_work\xpco\xpco\corporate\videoos.management.server.unittests\bin\x64\debug\net472\videoos.management.server.unittests.dll" id="28446642-a263-a40f-84fb-713636b959a4">
      <Execution id="91bc3ff7-d1c5-4011-b774-e820e3c43f5f" />
      <TestMethod codeBase="D:\actions-runner\_work\XPCO\XPCO\Corporate\VideoOS.Management.Server.UnitTests\bin\x64\Debug\net472\VideoOS.Management.Server.UnitTests.dll" adapterTypeName="executor://mstestadapter/v2" className="VideoOS.Management.Server.UnitTests.ConfigurationAPI.Rules.Backend.Validation.SystemDashboardServerParameterValueValidatorTests" name="Validate_WhenServerExists_ReturnsTrue" />
    </UnitTest>
    <UnitTest name="SetItem_WhenValidationNotPassed_DoesNothingAndReturnsValidationResult" storage="d:\actions-runner\_work\xpco\xpco\corporate\videoos.management.server.unittests\bin\x64\debug\net472\videoos.management.server.unittests.dll" id="9f708db3-7cf3-4087-9511-e8a1f7d4a048">
      <Execution id="b1945b8e-6b75-4c40-939b-e17ce4562f48" />
      <TestMethod codeBase="D:\actions-runner\_work\XPCO\XPCO\Corporate\VideoOS.Management.Server.UnitTests\bin\x64\Debug\net472\VideoOS.Management.Server.UnitTests.dll" adapterTypeName="executor://mstestadapter/v2" className="VideoOS.Management.Server.UnitTests.ConfigurationAPI.LprMatchList.ConfigurationApiServiceTests" name="SetItem_WhenValidationNotPassed_DoesNothingAndReturnsValidationResult" />
    </UnitTest>
    <UnitTest name="Build_WhenCreateLogEntry_ReturnsProperties" storage="d:\actions-runner\_work\xpco\xpco\corporate\videoos.management.server.unittests\bin\x64\debug\net472\videoos.management.server.unittests.dll" id="9e06a7ea-d21d-e6d9-cf16-39683af193f3">
      <Execution id="7e4161a7-fea7-48b1-8878-879327b2ff32" />
      <TestMethod codeBase="D:\actions-runner\_work\XPCO\XPCO\Corporate\VideoOS.Management.Server.UnitTests\bin\x64\Debug\net472\VideoOS.Management.Server.UnitTests.dll" adapterTypeName="executor://mstestadapter/v2" className="VideoOS.Management.Server.UnitTests.ConfigurationAPI.Rules.Builders.ConfigurationItemActionBuilderTests" name="Build_WhenCreateLogEntry_ReturnsProperties" />
    </UnitTest>
    <UnitTest name="BuildTriggeredEventsIds_Correct" storage="d:\actions-runner\_work\xpco\xpco\corporate\videoos.management.server.unittests\bin\x64\debug\net472\videoos.management.server.unittests.dll" id="f0c80b42-1e9a-8be9-5a14-d99dc35b7b44">
      <Execution id="ae3f1fe3-9556-4ee6-959c-771a5974fcf9" />
      <TestMethod codeBase="D:\actions-runner\_work\XPCO\XPCO\Corporate\VideoOS.Management.Server.UnitTests\bin\x64\Debug\net472\VideoOS.Management.Server.UnitTests.dll" adapterTypeName="executor://mstestadapter/v2" className="VideoOS.Management.Server.UnitTests.ConfigurationAPI.BusinessObjects.LprMatchiList.LicensePlateItemsBuilderTests" name="BuildTriggeredEventsIds_Correct" />
    </UnitTest>
    <UnitTest name="BusinessObjects_License_UpdateMipPluginsLicenseRequestPart_InvalidXml" storage="d:\actions-runner\_work\xpco\xpco\corporate\videoos.management.server.unittests\bin\x64\debug\net472\videoos.management.server.unittests.dll" id="362e2818-5033-9f58-e34a-48ed962b9147">
      <Execution id="e621ac51-4037-4f55-94ef-1a1873f79d85" />
      <TestMethod codeBase="D:\actions-runner\_work\XPCO\XPCO\Corporate\VideoOS.Management.Server.UnitTests\bin\x64\Debug\net472\VideoOS.Management.Server.UnitTests.dll" adapterTypeName="executor://mstestadapter/v2" className="VideoOS.Management.Server.UnitTests.BusinessObjects.LicenseUnitTests" name="BusinessObjects_License_UpdateMipPluginsLicenseRequestPart_InvalidXml" />
    </UnitTest>
    <UnitTest name="TimeProfile_WhenGuidIsNotExisting_Error" storage="d:\actions-runner\_work\xpco\xpco\corporate\videoos.management.server.unittests\bin\x64\debug\net472\videoos.management.server.unittests.dll" id="1fc823fa-74ff-b3fe-4fa6-3b5fa05ec987">
      <Execution id="cc1d54bd-9c2c-4420-9edc-59e55be97038" />
      <TestMethod codeBase="D:\actions-runner\_work\XPCO\XPCO\Corporate\VideoOS.Management.Server.UnitTests\bin\x64\Debug\net472\VideoOS.Management.Server.UnitTests.dll" adapterTypeName="executor://mstestadapter/v2" className="VideoOS.Management.Server.UnitTests.ConfigurationAPI.Rules.Backend.Validation.ConditionWithinTimeProfileValidatorTests" name="TimeProfile_WhenGuidIsNotExisting_Error" />
    </UnitTest>
    <UnitTest name="GetChildItems_SunnyDayTest_FromItem" storage="d:\actions-runner\_work\xpco\xpco\corporate\videoos.management.server.unittests\bin\x64\debug\net472\videoos.management.server.unittests.dll" id="1c6a26af-7538-5f13-7817-1c6d99e085a5">
      <Execution id="b2f17be7-5fb1-4333-8ef4-f51f9795aeab" />
      <TestMethod codeBase="D:\actions-runner\_work\XPCO\XPCO\Corporate\VideoOS.Management.Server.UnitTests\bin\x64\Debug\net472\VideoOS.Management.Server.UnitTests.dll" adapterTypeName="executor://mstestadapter/v2" className="VideoOS.Management.Server.UnitTests.ConfigurationAPI.BusinessObjects.SiteConfigurationApiTest" name="GetChildItems_SunnyDayTest_FromItem" />
    </UnitTest>
    <UnitTest name="CorrectLookupChecks" storage="d:\actions-runner\_work\xpco\xpco\corporate\videoos.management.server.unittests\bin\x64\debug\net472\videoos.management.server.unittests.dll" id="ee50d5ca-e3d7-ce4c-fe71-d1a2c22be5e1">
      <Execution id="a5aab00b-02f4-4370-a74d-f7cd2ec42161" />
      <TestMethod codeBase="D:\actions-runner\_work\XPCO\XPCO\Corporate\VideoOS.Management.Server.UnitTests\bin\x64\Debug\net472\VideoOS.Management.Server.UnitTests.dll" adapterTypeName="executor://mstestadapter/v2" className="VideoOS.Management.Server.UnitTests.RestApi.NameConvertTests" name="CorrectLookupChecks" />
    </UnitTest>
    <UnitTest name="GetCurrentProperties_WhenStopRuleIsTimer_ReturnsProperty" storage="d:\actions-runner\_work\xpco\xpco\corporate\videoos.management.server.unittests\bin\x64\debug\net472\videoos.management.server.unittests.dll" id="03a73c09-a9a4-f8da-9da0-7aa24448c3f3">
      <Execution id="0dd3e8cc-62aa-4a33-b8f7-9cbe35d2ee11" />
      <TestMethod codeBase="D:\actions-runner\_work\XPCO\XPCO\Corporate\VideoOS.Management.Server.UnitTests\bin\x64\Debug\net472\VideoOS.Management.Server.UnitTests.dll" adapterTypeName="executor://mstestadapter/v2" className="VideoOS.Management.Server.UnitTests.ConfigurationAPI.Rules.Methods.StopRuleTypeStepTests" name="GetCurrentProperties_WhenStopRuleIsTimer_ReturnsProperty" />
    </UnitTest>
    <UnitTest name="ValidateItem_NotSupported_Check" storage="d:\actions-runner\_work\xpco\xpco\corporate\videoos.management.server.unittests\bin\x64\debug\net472\videoos.management.server.unittests.dll" id="cf36e6e1-7e37-e608-e8ab-8a87b188f1ba">
      <Execution id="e143c0db-89aa-4605-8ab9-27ead4a189e0" />
      <TestMethod codeBase="D:\actions-runner\_work\XPCO\XPCO\Corporate\VideoOS.Management.Server.UnitTests\bin\x64\Debug\net472\VideoOS.Management.Server.UnitTests.dll" adapterTypeName="executor://mstestadapter/v2" className="VideoOS.Management.Server.UnitTests.ConfigurationAPI.BusinessObjects.LicenseConfigurationApiTests" name="ValidateItem_NotSupported_Check" />
    </UnitTest>
    <UnitTest name="DataCollectorOnRegisteredServicesManager_QueueResolve_Success_Two_Quene" storage="d:\actions-runner\_work\xpco\xpco\corporate\videoos.management.server.unittests\bin\x64\debug\net472\videoos.management.server.unittests.dll" id="8dda4542-9bad-cf6e-c817-d95c20c94e06">
      <Execution id="19f46e5b-0b85-4fe2-8d5d-50c1c4c59c2a" />
      <TestMethod codeBase="D:\actions-runner\_work\XPCO\XPCO\Corporate\VideoOS.Management.Server.UnitTests\bin\x64\Debug\net472\VideoOS.Management.Server.UnitTests.dll" adapterTypeName="executor://mstestadapter/v2" className="VideoOS.Management.Server.DataCollectorOnRegisteredServicesManagerTest" name="DataCollectorOnRegisteredServicesManager_QueueResolve_Success_Two_Quene" />
    </UnitTest>
    <UnitTest name="Validate_WhenValidWeeklyFrequency_ValidRecurringSubday_NoErrors" storage="d:\actions-runner\_work\xpco\xpco\corporate\videoos.management.server.unittests\bin\x64\debug\net472\videoos.management.server.unittests.dll" id="25dafdea-2a2f-05df-9be3-1cfd6b54316f">
      <Execution id="c5b4afd3-e6f9-4ce8-aef6-78191f3ea319" />
      <TestMethod codeBase="D:\actions-runner\_work\XPCO\XPCO\Corporate\VideoOS.Management.Server.UnitTests\bin\x64\Debug\net472\VideoOS.Management.Server.UnitTests.dll" adapterTypeName="executor://mstestadapter/v2" className="VideoOS.Management.Server.UnitTests.ConfigurationAPI.Rules.Backend.Validation.RecurringTimeValidatorTests" name="Validate_WhenValidWeeklyFrequency_ValidRecurringSubday_NoErrors" />
    </UnitTest>
    <UnitTest name="GetItem_ParamNullCheck_RequestContextTest" storage="d:\actions-runner\_work\xpco\xpco\corporate\videoos.management.server.unittests\bin\x64\debug\net472\videoos.management.server.unittests.dll" id="b0d1f37d-f325-3b2c-36fb-e4f8d0e69327">
      <Execution id="871aa673-3b22-40dc-8011-903f5e4563d8" />
      <TestMethod codeBase="D:\actions-runner\_work\XPCO\XPCO\Corporate\VideoOS.Management.Server.UnitTests\bin\x64\Debug\net472\VideoOS.Management.Server.UnitTests.dll" adapterTypeName="executor://mstestadapter/v2" className="VideoOS.Management.Server.UnitTests.ConfigurationAPI.BusinessObjects.AudioMessage.AudioMessageConfigurationApiTest" name="GetItem_ParamNullCheck_RequestContextTest" />
    </UnitTest>
    <UnitTest name="Build_WhenStartActionsAreSupportedButStopActionsAreNot_ReturnsNull" storage="d:\actions-runner\_work\xpco\xpco\corporate\videoos.management.server.unittests\bin\x64\debug\net472\videoos.management.server.unittests.dll" id="4cea91e2-9daf-3355-c855-fc837dab307f">
      <Execution id="c56d93df-2088-4bc4-9a74-1dbfd0bd53c5" />
      <TestMethod codeBase="D:\actions-runner\_work\XPCO\XPCO\Corporate\VideoOS.Management.Server.UnitTests\bin\x64\Debug\net472\VideoOS.Management.Server.UnitTests.dll" adapterTypeName="executor://mstestadapter/v2" className="VideoOS.Management.Server.UnitTests.ConfigurationAPI.Rules.Backend.Builders.XmlRuleModelBuilderTests" name="Build_WhenStartActionsAreSupportedButStopActionsAreNot_ReturnsNull" />
    </UnitTest>
    <UnitTest name="Validate_WhenValidUserDefinedEvent_ReturnsTrue" storage="d:\actions-runner\_work\xpco\xpco\corporate\videoos.management.server.unittests\bin\x64\debug\net472\videoos.management.server.unittests.dll" id="55b1089d-69cf-497f-4b82-ae5dddbbfd77">
      <Execution id="48ddb9c6-ddae-435d-975f-a507c37dc57b" />
      <TestMethod codeBase="D:\actions-runner\_work\XPCO\XPCO\Corporate\VideoOS.Management.Server.UnitTests\bin\x64\Debug\net472\VideoOS.Management.Server.UnitTests.dll" adapterTypeName="executor://mstestadapter/v2" className="VideoOS.Management.Server.UnitTests.ConfigurationAPI.Rules.Backend.Validation.UserDefinedEventValueValidatorTests" name="Validate_WhenValidUserDefinedEvent_ReturnsTrue" />
    </UnitTest>
    <UnitTest name="Validate_WhenStartPartRequiresCounteractionAndStopRuleIsNotSet_Error" storage="d:\actions-runner\_work\xpco\xpco\corporate\videoos.management.server.unittests\bin\x64\debug\net472\videoos.management.server.unittests.dll" id="67ed0cfe-39bd-47a9-ca6a-1b93debfe847">
      <Execution id="dd2fa066-b79f-41c0-9ac2-ba25c0c85c56" />
      <TestMethod codeBase="D:\actions-runner\_work\XPCO\XPCO\Corporate\VideoOS.Management.Server.UnitTests\bin\x64\Debug\net472\VideoOS.Management.Server.UnitTests.dll" adapterTypeName="executor://mstestadapter/v2" className="VideoOS.Management.Server.UnitTests.ConfigurationAPI.Rules.Backend.Validation.ActionsValidatorTests" name="Validate_WhenStartPartRequiresCounteractionAndStopRuleIsNotSet_Error" />
    </UnitTest>
    <UnitTest name="SystemSettingsManager_ConvertActivationCredentialsToDatabaseValue_Failure_PasswordEmpty" storage="d:\actions-runner\_work\xpco\xpco\corporate\videoos.management.server.unittests\bin\x64\debug\net472\videoos.management.server.unittests.dll" id="36f05c20-b517-70af-6ce9-eaa8b3b43564">
      <Execution id="8b2c4de9-ad88-4707-81ce-b94e89b44975" />
      <TestMethod codeBase="D:\actions-runner\_work\XPCO\XPCO\Corporate\VideoOS.Management.Server.UnitTests\bin\x64\Debug\net472\VideoOS.Management.Server.UnitTests.dll" adapterTypeName="executor://mstestadapter/v2" className="VideoOS.Management.Server.UnitTests.SystemSettingsManagerTests" name="SystemSettingsManager_ConvertActivationCredentialsToDatabaseValue_Failure_PasswordEmpty" />
    </UnitTest>
    <UnitTest name="ClientVersionHandling_GetSmartClientVersion_FIPS_203" storage="d:\actions-runner\_work\xpco\xpco\corporate\videoos.management.server.unittests\bin\x64\debug\net472\videoos.management.server.unittests.dll" id="a7b81f44-7fab-957f-cea7-931e5c1074ae">
      <Execution id="1fad2938-dba4-4cd2-821c-00fdecfe67a9" />
      <TestMethod codeBase="D:\actions-runner\_work\XPCO\XPCO\Corporate\VideoOS.Management.Server.UnitTests\bin\x64\Debug\net472\VideoOS.Management.Server.UnitTests.dll" adapterTypeName="executor://mstestadapter/v2" className="VideoOS.Management.Server.UnitTests.ClientVersionHandlingTest" name="ClientVersionHandling_GetSmartClientVersion_FIPS_203" />
    </UnitTest>
    <UnitTest name="Validation_ProcessTime_Is_Null_ArgumentOutOfRangeExceptionExpected" storage="d:\actions-runner\_work\xpco\xpco\corporate\videoos.management.server.unittests\bin\x64\debug\net472\videoos.management.server.unittests.dll" id="5804ac5e-763e-fbc5-b371-abe646be6a4b">
      <Execution id="cda0ee3c-37fe-42c9-be24-dd5554ba3df0" />
      <TestMethod codeBase="D:\actions-runner\_work\XPCO\XPCO\Corporate\VideoOS.Management.Server.UnitTests\bin\x64\Debug\net472\VideoOS.Management.Server.UnitTests.dll" adapterTypeName="executor://mstestadapter/v2" className="VideoOS.Management.Server.UnitTests.ValidationUnitTests" name="Validation_ProcessTime_Is_Null_ArgumentOutOfRangeExceptionExpected" />
    </UnitTest>
    <UnitTest name="ServerProxyService_GetDeviceGroupMembersByDeviceGroupId_AllInputs_Allowed_NotFiltered" storage="d:\actions-runner\_work\xpco\xpco\corporate\videoos.management.server.unittests\bin\x64\debug\net472\videoos.management.server.unittests.dll" id="f6589b8c-1807-c8b4-9882-2b6df5e51fe0">
      <Execution id="e3e76eb5-3402-4d92-ae9a-e7d1cabf93af" />
      <TestMethod codeBase="D:\actions-runner\_work\XPCO\XPCO\Corporate\VideoOS.Management.Server.UnitTests\bin\x64\Debug\net472\VideoOS.Management.Server.UnitTests.dll" adapterTypeName="executor://mstestadapter/v2" className="VideoOS.Management.Server.UnitTests.ServerProxyServiceUnitTests" name="ServerProxyService_GetDeviceGroupMembersByDeviceGroupId_AllInputs_Allowed_NotFiltered" />
    </UnitTest>
    <UnitTest name="AfterReceiveRequest_AuthorizationHeaderIsNotValidBase64_ReturnBasicAuthenticationErrorResponseData" storage="d:\actions-runner\_work\xpco\xpco\corporate\videoos.management.server.unittests\bin\x64\debug\net472\videoos.management.server.unittests.dll" id="b0d64cf3-c0c1-b7da-293c-7a840da53e3e">
      <Execution id="c9452332-aada-481a-ba05-f632eb790679" />
      <TestMethod codeBase="D:\actions-runner\_work\XPCO\XPCO\Corporate\VideoOS.Management.Server.UnitTests\bin\x64\Debug\net472\VideoOS.Management.Server.UnitTests.dll" adapterTypeName="executor://mstestadapter/v2" className="VideoOS.Management.Server.UnitTests.BasicAuthentication.BasicAuthenticationMessageInspectorTests" name="AfterReceiveRequest_AuthorizationHeaderIsNotValidBase64_ReturnBasicAuthenticationErrorResponseData" />
    </UnitTest>
    <UnitTest name="Validate_WhenObjectNotExists_ReturnsFalse" storage="d:\actions-runner\_work\xpco\xpco\corporate\videoos.management.server.unittests\bin\x64\debug\net472\videoos.management.server.unittests.dll" id="04a62be8-c92a-5a98-f907-f518945e331c">
      <Execution id="9f0e7d04-9178-4502-bd23-3220ca00a299" />
      <TestMethod codeBase="D:\actions-runner\_work\XPCO\XPCO\Corporate\VideoOS.Management.Server.UnitTests\bin\x64\Debug\net472\VideoOS.Management.Server.UnitTests.dll" adapterTypeName="executor://mstestadapter/v2" className="VideoOS.Management.Server.UnitTests.ConfigurationAPI.Rules.Backend.Validation.RecordingServerParameterValueValidatorTests" name="Validate_WhenObjectNotExists_ReturnsFalse" />
    </UnitTest>
    <UnitTest name="SendCommandSecurityVisitor_UpdateConfigurationManagerCommand_Rule_Add_Allowed" storage="d:\actions-runner\_work\xpco\xpco\corporate\videoos.management.server.unittests\bin\x64\debug\net472\videoos.management.server.unittests.dll" id="a71df97d-1022-6dfb-20d5-3a229cb10f74">
      <Execution id="ccd40c51-d349-4dae-bfbb-995b3d70f467" />
      <TestMethod codeBase="D:\actions-runner\_work\XPCO\XPCO\Corporate\VideoOS.Management.Server.UnitTests\bin\x64\Debug\net472\VideoOS.Management.Server.UnitTests.dll" adapterTypeName="executor://mstestadapter/v2" className="VideoOS.Management.Server.UnitTests.SendCommandSecurityVisitorTests" name="SendCommandSecurityVisitor_UpdateConfigurationManagerCommand_Rule_Add_Allowed" />
    </UnitTest>
    <UnitTest name="GetXml_WhenActionIsStopRecording_MatchesXml" storage="d:\actions-runner\_work\xpco\xpco\corporate\videoos.management.server.unittests\bin\x64\debug\net472\videoos.management.server.unittests.dll" id="10cb8da7-6c82-4d6f-fac0-8fac334cf5fa">
      <Execution id="4653f427-496c-473f-8a4a-68250e38dcae" />
      <TestMethod codeBase="D:\actions-runner\_work\XPCO\XPCO\Corporate\VideoOS.Management.Server.UnitTests\bin\x64\Debug\net472\VideoOS.Management.Server.UnitTests.dll" adapterTypeName="executor://mstestadapter/v2" className="VideoOS.Management.Server.UnitTests.ConfigurationAPI.Rules.Backend.Builders.ActionXmlBuilderTests" name="GetXml_WhenActionIsStopRecording_MatchesXml" />
    </UnitTest>
    <UnitTest name="AfterReceiveRequest_NoHttpRequestMessage_ReturnBasicAuthenticationErrorResponseData" storage="d:\actions-runner\_work\xpco\xpco\corporate\videoos.management.server.unittests\bin\x64\debug\net472\videoos.management.server.unittests.dll" id="c1c8a19e-a2e7-60fd-8141-25544a7d2750">
      <Execution id="847c9b60-5677-4b62-a7c2-2b06d5d67b03" />
      <TestMethod codeBase="D:\actions-runner\_work\XPCO\XPCO\Corporate\VideoOS.Management.Server.UnitTests\bin\x64\Debug\net472\VideoOS.Management.Server.UnitTests.dll" adapterTypeName="executor://mstestadapter/v2" className="VideoOS.Management.Server.UnitTests.BasicAuthentication.BasicAuthenticationMessageInspectorTests" name="AfterReceiveRequest_NoHttpRequestMessage_ReturnBasicAuthenticationErrorResponseData" />
    </UnitTest>
    <UnitTest name="GetItem_InvalidPathTest" storage="d:\actions-runner\_work\xpco\xpco\corporate\videoos.management.server.unittests\bin\x64\debug\net472\videoos.management.server.unittests.dll" id="2b510b1a-4d5e-6115-0fa8-03babb40998b">
      <Execution id="32cf9ebe-7800-4f98-a3be-9f8e00615b2d" />
      <TestMethod codeBase="D:\actions-runner\_work\XPCO\XPCO\Corporate\VideoOS.Management.Server.UnitTests\bin\x64\Debug\net472\VideoOS.Management.Server.UnitTests.dll" adapterTypeName="executor://mstestadapter/v2" className="VideoOS.Management.Server.UnitTests.ConfigurationAPI.BusinessObjects.AudioMessage.AudioMessageConfigurationApiTest" name="GetItem_InvalidPathTest" />
    </UnitTest>
    <UnitTest name="Get_KnownResourceType_TasksIncluded_ReturnsJsonIncludingTaskListFromSubController" storage="d:\actions-runner\_work\xpco\xpco\corporate\videoos.management.server.unittests\bin\x64\debug\net472\videoos.management.server.unittests.dll" id="8904ab84-e6cc-573d-8d92-3fd09bce692d">
      <Execution id="ea55352a-ed29-4ded-b973-70f0987e84dd" />
      <TestMethod codeBase="D:\actions-runner\_work\XPCO\XPCO\Corporate\VideoOS.Management.Server.UnitTests\bin\x64\Debug\net472\VideoOS.Management.Server.UnitTests.dll" adapterTypeName="executor://mstestadapter/v2" className="VideoOS.Management.Server.UnitTests.RestApi.ArrayOfItemsControllerTests" name="Get_KnownResourceType_TasksIncluded_ReturnsJsonIncludingTaskListFromSubController" />
    </UnitTest>
    <UnitTest name="GetXml_WhenActionIsStartPluginsOnDevices_MatchesXml" storage="d:\actions-runner\_work\xpco\xpco\corporate\videoos.management.server.unittests\bin\x64\debug\net472\videoos.management.server.unittests.dll" id="4a2b0dd3-32ac-61b2-2335-0891852dcbb0">
      <Execution id="429f1bd6-0d94-498b-92b9-1fc68db323d2" />
      <TestMethod codeBase="D:\actions-runner\_work\XPCO\XPCO\Corporate\VideoOS.Management.Server.UnitTests\bin\x64\Debug\net472\VideoOS.Management.Server.UnitTests.dll" adapterTypeName="executor://mstestadapter/v2" className="VideoOS.Management.Server.UnitTests.ConfigurationAPI.Rules.Backend.Builders.ActionXmlBuilderTests" name="GetXml_WhenActionIsStartPluginsOnDevices_MatchesXml" />
    </UnitTest>
    <UnitTest name="RoleMappingRemoveFromRole2" storage="d:\actions-runner\_work\xpco\xpco\corporate\videoos.management.server.unittests\bin\x64\debug\net472\videoos.management.server.unittests.dll" id="3f277363-3dca-be48-3985-aa429d1eef5f">
      <Execution id="1804b9a8-eb78-4c17-814d-0b8268a04003" />
      <TestMethod codeBase="D:\actions-runner\_work\XPCO\XPCO\Corporate\VideoOS.Management.Server.UnitTests\bin\x64\Debug\net472\VideoOS.Management.Server.UnitTests.dll" adapterTypeName="executor://mstestadapter/v2" className="VideoOS.Management.Server.UnitTests.ClaimToRoleMapperTest" name="RoleMappingRemoveFromRole2" />
    </UnitTest>
    <UnitTest name="Initialize_UnexpectedException_ExpectionIsLogAndRetrow" storage="d:\actions-runner\_work\xpco\xpco\corporate\videoos.management.server.unittests\bin\x64\debug\net472\videoos.management.server.unittests.dll" id="0bb26833-fad5-16cf-48c5-a514df4774cf">
      <Execution id="6fea8111-8c87-4a99-b369-454f9cc0177a" />
      <TestMethod codeBase="D:\actions-runner\_work\XPCO\XPCO\Corporate\VideoOS.Management.Server.UnitTests\bin\x64\Debug\net472\VideoOS.Management.Server.UnitTests.dll" adapterTypeName="executor://mstestadapter/v2" className="VideoOS.Management.Server.UnitTests.Integration.TokenCacheServiceUnitTests" name="Initialize_UnexpectedException_ExpectionIsLogAndRetrow" />
    </UnitTest>
    <UnitTest name="GetNextProperties_WhenRecurring_LastPropertyKeyIsFrequencyType_ReturnsPropertiesUpToDailyFrequencyType" storage="d:\actions-runner\_work\xpco\xpco\corporate\videoos.management.server.unittests\bin\x64\debug\net472\videoos.management.server.unittests.dll" id="58e526e2-8bc5-2271-39de-e3a65a92621e">
      <Execution id="661c4c25-4247-449b-8c36-ce20b9175f5d" />
      <TestMethod codeBase="D:\actions-runner\_work\XPCO\XPCO\Corporate\VideoOS.Management.Server.UnitTests\bin\x64\Debug\net472\VideoOS.Management.Server.UnitTests.dll" adapterTypeName="executor://mstestadapter/v2" className="VideoOS.Management.Server.UnitTests.ConfigurationAPI.Rules.Methods.StartRuleTypeStepTests" name="GetNextProperties_WhenRecurring_LastPropertyKeyIsFrequencyType_ReturnsPropertiesUpToDailyFrequencyType" />
    </UnitTest>
    <UnitTest name="SendCommandSecurityVisitor_ReplaceHardwareCommand_ArgumentNullException" storage="d:\actions-runner\_work\xpco\xpco\corporate\videoos.management.server.unittests\bin\x64\debug\net472\videoos.management.server.unittests.dll" id="61d222e5-306e-e3e8-4be3-1b0c6e3e8366">
      <Execution id="4ffa2c75-42ee-4ab1-8358-a2e557c042eb" />
      <TestMethod codeBase="D:\actions-runner\_work\XPCO\XPCO\Corporate\VideoOS.Management.Server.UnitTests\bin\x64\Debug\net472\VideoOS.Management.Server.UnitTests.dll" adapterTypeName="executor://mstestadapter/v2" className="VideoOS.Management.Server.UnitTests.SendCommandSecurityVisitorTests" name="SendCommandSecurityVisitor_ReplaceHardwareCommand_ArgumentNullException" />
    </UnitTest>
    <UnitTest name="InvokeMethod_RemoveAudioFile_NonExistentIdTest" storage="d:\actions-runner\_work\xpco\xpco\corporate\videoos.management.server.unittests\bin\x64\debug\net472\videoos.management.server.unittests.dll" id="fe7c5bf3-35b6-cf9c-259a-ab9366d49636">
      <Execution id="42151b45-f8f3-4a08-9a65-654d5602b172" />
      <TestMethod codeBase="D:\actions-runner\_work\XPCO\XPCO\Corporate\VideoOS.Management.Server.UnitTests\bin\x64\Debug\net472\VideoOS.Management.Server.UnitTests.dll" adapterTypeName="executor://mstestadapter/v2" className="VideoOS.Management.Server.UnitTests.ConfigurationAPI.BusinessObjects.AudioMessage.AudioMessageFolderConfigurationApiTest" name="InvokeMethod_RemoveAudioFile_NonExistentIdTest" />
    </UnitTest>
    <UnitTest name="IsComplete_WhenNamePropertyHasValue_ReturnsTrue" storage="d:\actions-runner\_work\xpco\xpco\corporate\videoos.management.server.unittests\bin\x64\debug\net472\videoos.management.server.unittests.dll" id="757a3780-d8c1-5638-676f-0abe283b1c69">
      <Execution id="3927e740-2752-46ef-87d7-82bc680aabc7" />
      <TestMethod codeBase="D:\actions-runner\_work\XPCO\XPCO\Corporate\VideoOS.Management.Server.UnitTests\bin\x64\Debug\net472\VideoOS.Management.Server.UnitTests.dll" adapterTypeName="executor://mstestadapter/v2" className="VideoOS.Management.Server.UnitTests.ConfigurationAPI.Rules.Methods.BasicInfoStepTests" name="IsComplete_WhenNamePropertyHasValue_ReturnsTrue" />
    </UnitTest>
    <UnitTest name="ServerProxyService_GetHardwareByHardwareIds_NotAllowed_RowRemoved" storage="d:\actions-runner\_work\xpco\xpco\corporate\videoos.management.server.unittests\bin\x64\debug\net472\videoos.management.server.unittests.dll" id="5de45bf5-8df3-1e48-826f-e02fa4714de4">
      <Execution id="2b7b6d92-fc06-49cc-b010-46e795be992e" />
      <TestMethod codeBase="D:\actions-runner\_work\XPCO\XPCO\Corporate\VideoOS.Management.Server.UnitTests\bin\x64\Debug\net472\VideoOS.Management.Server.UnitTests.dll" adapterTypeName="executor://mstestadapter/v2" className="VideoOS.Management.Server.UnitTests.ServerProxyServiceUnitTests" name="ServerProxyService_GetHardwareByHardwareIds_NotAllowed_RowRemoved" />
    </UnitTest>
    <UnitTest name="SystemSettingsManager_HasSetting_False" storage="d:\actions-runner\_work\xpco\xpco\corporate\videoos.management.server.unittests\bin\x64\debug\net472\videoos.management.server.unittests.dll" id="11dabaef-ad73-80ae-cd49-c4c8f036352a">
      <Execution id="24067291-3bb9-40ec-952e-a69b4eb24b38" />
      <TestMethod codeBase="D:\actions-runner\_work\XPCO\XPCO\Corporate\VideoOS.Management.Server.UnitTests\bin\x64\Debug\net472\VideoOS.Management.Server.UnitTests.dll" adapterTypeName="executor://mstestadapter/v2" className="VideoOS.Management.Server.UnitTests.SystemSettingsManagerTests" name="SystemSettingsManager_HasSetting_False" />
    </UnitTest>
    <UnitTest name="DeviceEvents_QueryDeviceEvents_Success" storage="d:\actions-runner\_work\xpco\xpco\corporate\videoos.management.server.unittests\bin\x64\debug\net472\videoos.management.server.unittests.dll" id="c6da1907-83cc-513b-cbc0-e214f3e0f738">
      <Execution id="601b1954-9ac0-4da0-b333-ce1b31e1b576" />
      <TestMethod codeBase="D:\actions-runner\_work\XPCO\XPCO\Corporate\VideoOS.Management.Server.UnitTests\bin\x64\Debug\net472\VideoOS.Management.Server.UnitTests.dll" adapterTypeName="executor://mstestadapter/v2" className="VideoOS.Management.Server.UnitTests.BusinessObjects.DeviceEventsUnitTests" name="DeviceEvents_QueryDeviceEvents_Success" />
    </UnitTest>
    <UnitTest name="TryParseConditions_WhenTimeProfileConditionCannotBeParsed_ReturnsFalse" storage="d:\actions-runner\_work\xpco\xpco\corporate\videoos.management.server.unittests\bin\x64\debug\net472\videoos.management.server.unittests.dll" id="5c4b05db-6ba3-51db-8f3d-32709f4ecb5c">
      <Execution id="e0ef31be-35b5-434e-8886-f9202dba5322" />
      <TestMethod codeBase="D:\actions-runner\_work\XPCO\XPCO\Corporate\VideoOS.Management.Server.UnitTests\bin\x64\Debug\net472\VideoOS.Management.Server.UnitTests.dll" adapterTypeName="executor://mstestadapter/v2" className="VideoOS.Management.Server.UnitTests.ConfigurationAPI.Rules.Backend.Builders.ConditionsParserTests" name="TryParseConditions_WhenTimeProfileConditionCannotBeParsed_ReturnsFalse" />
    </UnitTest>
    <UnitTest name="TimeProfile_WhenNoParameters_Error" storage="d:\actions-runner\_work\xpco\xpco\corporate\videoos.management.server.unittests\bin\x64\debug\net472\videoos.management.server.unittests.dll" id="5745bc35-87de-0e39-cce0-759f22321c8a">
      <Execution id="fb407f0c-1184-4805-bdd7-4866158fc43f" />
      <TestMethod codeBase="D:\actions-runner\_work\XPCO\XPCO\Corporate\VideoOS.Management.Server.UnitTests\bin\x64\Debug\net472\VideoOS.Management.Server.UnitTests.dll" adapterTypeName="executor://mstestadapter/v2" className="VideoOS.Management.Server.UnitTests.ConfigurationAPI.Rules.Backend.Validation.ConditionWithinTimeProfileValidatorTests" name="TimeProfile_WhenNoParameters_Error" />
    </UnitTest>
    <UnitTest name="RetentionTimeRule_RuleActionAsync_InputNull" storage="d:\actions-runner\_work\xpco\xpco\corporate\videoos.management.server.unittests\bin\x64\debug\net472\videoos.management.server.unittests.dll" id="50a5b223-7e33-3514-c867-58cd3c30ed32">
      <Execution id="eb4b0caa-952d-43cf-a421-cdc09d380960" />
      <TestMethod codeBase="D:\actions-runner\_work\XPCO\XPCO\Corporate\VideoOS.Management.Server.UnitTests\bin\x64\Debug\net472\VideoOS.Management.Server.UnitTests.dll" adapterTypeName="executor://mstestadapter/v2" className="VideoOS.Management.Server.UnitTests.BusinessObjects.ManagementServer.DataCollection.PerformanceCounterRules.RetentionTimeRuleTest" name="RetentionTimeRule_RuleActionAsync_InputNull" />
    </UnitTest>
    <UnitTest name="Validate_WhenValueIsValid_ReturnsTrue" storage="d:\actions-runner\_work\xpco\xpco\corporate\videoos.management.server.unittests\bin\x64\debug\net472\videoos.management.server.unittests.dll" id="9abee871-a208-8399-17ab-4abc450ee2f5">
      <Execution id="0d0ed735-ae60-47ee-9867-cd9b17689f4a" />
      <TestMethod codeBase="D:\actions-runner\_work\XPCO\XPCO\Corporate\VideoOS.Management.Server.UnitTests\bin\x64\Debug\net472\VideoOS.Management.Server.UnitTests.dll" adapterTypeName="executor://mstestadapter/v2" className="VideoOS.Management.Server.UnitTests.ConfigurationAPI.Rules.Backend.Validation.FramerateValueValidatorTests" name="Validate_WhenValueIsValid_ReturnsTrue" />
    </UnitTest>
    <UnitTest name="InvokeMethod_GetSearchTemplateInvokeInfo" storage="d:\actions-runner\_work\xpco\xpco\corporate\videoos.management.server.unittests\bin\x64\debug\net472\videoos.management.server.unittests.dll" id="39f98016-3f05-56a8-a243-b22b3286bbbc">
      <Execution id="7edeee59-cd1d-4856-8679-acde658a92c6" />
      <TestMethod codeBase="D:\actions-runner\_work\XPCO\XPCO\Corporate\VideoOS.Management.Server.UnitTests\bin\x64\Debug\net472\VideoOS.Management.Server.UnitTests.dll" adapterTypeName="executor://mstestadapter/v2" className="VideoOS.Management.Server.UnitTests.ConfigurationAPI.BusinessObjects.SearchTemplate.SearchTemplateConfigurationApiTest" name="InvokeMethod_GetSearchTemplateInvokeInfo" />
    </UnitTest>
    <UnitTest name="SetItem_ParamNullCheck_RequestContextTest" storage="d:\actions-runner\_work\xpco\xpco\corporate\videoos.management.server.unittests\bin\x64\debug\net472\videoos.management.server.unittests.dll" id="a85da276-cff4-e5bd-fb05-ee2ac961f3da">
      <Execution id="d3f68d2c-a169-4f1f-b981-0a6b95e4cb35" />
      <TestMethod codeBase="D:\actions-runner\_work\XPCO\XPCO\Corporate\VideoOS.Management.Server.UnitTests\bin\x64\Debug\net472\VideoOS.Management.Server.UnitTests.dll" adapterTypeName="executor://mstestadapter/v2" className="VideoOS.Management.Server.UnitTests.ConfigurationAPI.BusinessObjects.CustomProperties.CustomPropertiesConfigurationApiTest" name="SetItem_ParamNullCheck_RequestContextTest" />
    </UnitTest>
    <UnitTest name="EnsureIsRunning_UnexpectedException_ExceptionIsLogAndRethrow" storage="d:\actions-runner\_work\xpco\xpco\corporate\videoos.management.server.unittests\bin\x64\debug\net472\videoos.management.server.unittests.dll" id="73ef4905-f1c1-882d-50b8-3cc2942fac12">
      <Execution id="7fce44cc-0e0c-426d-a64f-820f1c7b5e53" />
      <TestMethod codeBase="D:\actions-runner\_work\XPCO\XPCO\Corporate\VideoOS.Management.Server.UnitTests\bin\x64\Debug\net472\VideoOS.Management.Server.UnitTests.dll" adapterTypeName="executor://mstestadapter/v2" className="VideoOS.Management.Server.UnitTests.Integration.TokenCacheServiceUnitTests" name="EnsureIsRunning_UnexpectedException_ExceptionIsLogAndRethrow" />
    </UnitTest>
    <UnitTest name="GetCurrentProperties_WhenDescriptionPropertyIsNotPresent_ReturnsProperties" storage="d:\actions-runner\_work\xpco\xpco\corporate\videoos.management.server.unittests\bin\x64\debug\net472\videoos.management.server.unittests.dll" id="9f70cd72-1aea-7a82-ed75-36138fcb3d80">
      <Execution id="9423ae9e-b93b-41b6-9a8d-1102f1844294" />
      <TestMethod codeBase="D:\actions-runner\_work\XPCO\XPCO\Corporate\VideoOS.Management.Server.UnitTests\bin\x64\Debug\net472\VideoOS.Management.Server.UnitTests.dll" adapterTypeName="executor://mstestadapter/v2" className="VideoOS.Management.Server.UnitTests.ConfigurationAPI.Rules.Methods.BasicInfoStepTests" name="GetCurrentProperties_WhenDescriptionPropertyIsNotPresent_ReturnsProperties" />
    </UnitTest>
    <UnitTest name="CheckDualAuthorization_ReturnsFalse_OnUserThatDoesntRequireDualAuthorization" storage="d:\actions-runner\_work\xpco\xpco\corporate\videoos.management.server.unittests\bin\x64\debug\net472\videoos.management.server.unittests.dll" id="aef8e5df-14a8-6262-c653-37ebf0f47754">
      <TestCategory>
        <TestCategoryItem TestCategory="DualAuthorization" />
      </TestCategory>
      <Execution id="bbe7131d-91da-4ee2-8ca0-f5639dfe4476" />
      <TestMethod codeBase="D:\actions-runner\_work\XPCO\XPCO\Corporate\VideoOS.Management.Server.UnitTests\bin\x64\Debug\net472\VideoOS.Management.Server.UnitTests.dll" adapterTypeName="executor://mstestadapter/v2" className="VideoOS.Management.Server.UnitTests.DualAuthorizationHandlingTests" name="CheckDualAuthorization_ReturnsFalse_OnUserThatDoesntRequireDualAuthorization" />
    </UnitTest>
    <UnitTest name="TestBuild_EventProperties_Correct" storage="d:\actions-runner\_work\xpco\xpco\corporate\videoos.management.server.unittests\bin\x64\debug\net472\videoos.management.server.unittests.dll" id="2c08fdb4-270a-09b5-b0b9-ab8f188a7084">
      <Execution id="ce45f970-97cc-4165-a067-29c1a31b355b" />
      <TestMethod codeBase="D:\actions-runner\_work\XPCO\XPCO\Corporate\VideoOS.Management.Server.UnitTests\bin\x64\Debug\net472\VideoOS.Management.Server.UnitTests.dll" adapterTypeName="executor://mstestadapter/v2" className="VideoOS.Management.Server.UnitTests.ConfigurationAPI.BusinessObjects.LprMatchiList.ConfigurationItemBuilderTests" name="TestBuild_EventProperties_Correct" />
    </UnitTest>
    <UnitTest name="SendCommandSecurityVisitor_UpdateSecurityManagerCommand_SecurityPermissionsMatrix_Edit_Allowed" storage="d:\actions-runner\_work\xpco\xpco\corporate\videoos.management.server.unittests\bin\x64\debug\net472\videoos.management.server.unittests.dll" id="b441e7e5-e1cb-c690-ccfa-1a4298655832">
      <Execution id="e643f62f-d4f6-413e-a5b2-956b822ff37d" />
      <TestMethod codeBase="D:\actions-runner\_work\XPCO\XPCO\Corporate\VideoOS.Management.Server.UnitTests\bin\x64\Debug\net472\VideoOS.Management.Server.UnitTests.dll" adapterTypeName="executor://mstestadapter/v2" className="VideoOS.Management.Server.UnitTests.SendCommandSecurityVisitorTests" name="SendCommandSecurityVisitor_UpdateSecurityManagerCommand_SecurityPermissionsMatrix_Edit_Allowed" />
    </UnitTest>
    <UnitTest name="Build_WhenEventRuleWithNoneEventGroupType_EventSourceIsSet" storage="d:\actions-runner\_work\xpco\xpco\corporate\videoos.management.server.unittests\bin\x64\debug\net472\videoos.management.server.unittests.dll" id="9ff57a7b-18b2-1785-0b88-2b7d4ea0a3ba">
      <Execution id="a7ad8c42-c316-4639-8d75-74d33c4a50ef" />
      <TestMethod codeBase="D:\actions-runner\_work\XPCO\XPCO\Corporate\VideoOS.Management.Server.UnitTests\bin\x64\Debug\net472\VideoOS.Management.Server.UnitTests.dll" adapterTypeName="executor://mstestadapter/v2" className="VideoOS.Management.Server.UnitTests.ConfigurationAPI.Rules.Builders.RuleModelBuilderTests" name="Build_WhenEventRuleWithNoneEventGroupType_EventSourceIsSet" />
    </UnitTest>
    <UnitTest name="Validate_WhenValidVideoWallPreset_ReturnsTrue" storage="d:\actions-runner\_work\xpco\xpco\corporate\videoos.management.server.unittests\bin\x64\debug\net472\videoos.management.server.unittests.dll" id="5235dfca-9e65-0d65-ad96-77ecca21e4ea">
      <Execution id="8193cfa6-5035-4f3b-9acc-613485e64352" />
      <TestMethod codeBase="D:\actions-runner\_work\XPCO\XPCO\Corporate\VideoOS.Management.Server.UnitTests\bin\x64\Debug\net472\VideoOS.Management.Server.UnitTests.dll" adapterTypeName="executor://mstestadapter/v2" className="VideoOS.Management.Server.UnitTests.ConfigurationAPI.Rules.Backend.Validation.VideoWallPresetParameterValueValidatorTests" name="Validate_WhenValidVideoWallPreset_ReturnsTrue" />
    </UnitTest>
    <UnitTest name="ConfigurationItemPath_CreateFolderPath_NonFolder_CreateConfigurationItemPathException" storage="d:\actions-runner\_work\xpco\xpco\corporate\videoos.management.server.unittests\bin\x64\debug\net472\videoos.management.server.unittests.dll" id="b3b21d3a-16fc-7534-8dec-92e0e89edc5a">
      <Execution id="754a8a82-82c6-4713-bc33-49b474e2be57" />
      <TestMethod codeBase="D:\actions-runner\_work\XPCO\XPCO\Corporate\VideoOS.Management.Server.UnitTests\bin\x64\Debug\net472\VideoOS.Management.Server.UnitTests.dll" adapterTypeName="executor://mstestadapter/v2" className="VideoOS.Management.Server.UnitTests.ConfigurationAPI.ConfigurationItemPathTests" name="ConfigurationItemPath_CreateFolderPath_NonFolder_CreateConfigurationItemPathException" />
    </UnitTest>
    <UnitTest name="SetItem_Properties_MissingNameTest" storage="d:\actions-runner\_work\xpco\xpco\corporate\videoos.management.server.unittests\bin\x64\debug\net472\videoos.management.server.unittests.dll" id="10636473-c325-e508-d1dc-2fb3e659000e">
      <Execution id="8248eaa3-cbee-46db-9d84-3c25c138d5ca" />
      <TestMethod codeBase="D:\actions-runner\_work\XPCO\XPCO\Corporate\VideoOS.Management.Server.UnitTests\bin\x64\Debug\net472\VideoOS.Management.Server.UnitTests.dll" adapterTypeName="executor://mstestadapter/v2" className="VideoOS.Management.Server.UnitTests.ConfigurationAPI.BusinessObjects.AudioMessage.AudioMessageConfigurationApiTest" name="SetItem_Properties_MissingNameTest" />
    </UnitTest>
    <UnitTest name="LookupArray_Succeeds_WhenItemTypeIsSpecialCase" storage="d:\actions-runner\_work\xpco\xpco\corporate\videoos.management.server.unittests\bin\x64\debug\net472\videoos.management.server.unittests.dll" id="f5167ff2-9737-7c15-02a6-16ac2b92cbb7">
      <Execution id="aa21aded-fca2-433a-ac1f-0e6ce6998294" />
      <TestMethod codeBase="D:\actions-runner\_work\XPCO\XPCO\Corporate\VideoOS.Management.Server.UnitTests\bin\x64\Debug\net472\VideoOS.Management.Server.UnitTests.dll" adapterTypeName="executor://mstestadapter/v2" className="VideoOS.Management.Server.UnitTests.RestApi.ConfigurationApiManagerTests" name="LookupArray_Succeeds_WhenItemTypeIsSpecialCase" />
    </UnitTest>
    <UnitTest name="Post_ValidObject_PassedOnToSubController_ReturnsResultCode" storage="d:\actions-runner\_work\xpco\xpco\corporate\videoos.management.server.unittests\bin\x64\debug\net472\videoos.management.server.unittests.dll" id="2c5934e8-aafc-079c-0b70-815a838660e1">
      <Execution id="bd6e241e-b632-4162-be2a-d804b46ec564" />
      <TestMethod codeBase="D:\actions-runner\_work\XPCO\XPCO\Corporate\VideoOS.Management.Server.UnitTests\bin\x64\Debug\net472\VideoOS.Management.Server.UnitTests.dll" adapterTypeName="executor://mstestadapter/v2" className="VideoOS.Management.Server.UnitTests.RestApi.ArrayOfItemsControllerTests" name="Post_ValidObject_PassedOnToSubController_ReturnsResultCode" />
    </UnitTest>
    <UnitTest name="TaskEdgeStorageSecurityProvider_Read_Check_Not_Allowed" storage="d:\actions-runner\_work\xpco\xpco\corporate\videoos.management.server.unittests\bin\x64\debug\net472\videoos.management.server.unittests.dll" id="19ea6c41-388d-476a-b65a-dd2825a5c8e8">
      <Execution id="c30897ac-0cda-4051-9b26-87efb76071e4" />
      <TestMethod codeBase="D:\actions-runner\_work\XPCO\XPCO\Corporate\VideoOS.Management.Server.UnitTests\bin\x64\Debug\net472\VideoOS.Management.Server.UnitTests.dll" adapterTypeName="executor://mstestadapter/v2" className="VideoOS.Management.Server.UnitTests.Security.TaskSecurityProvicerTest" name="TaskEdgeStorageSecurityProvider_Read_Check_Not_Allowed" />
    </UnitTest>
    <UnitTest name="Validate_WhenActionsContainActionTypeNone_Error" storage="d:\actions-runner\_work\xpco\xpco\corporate\videoos.management.server.unittests\bin\x64\debug\net472\videoos.management.server.unittests.dll" id="4a5e55d5-afa8-2034-f3c9-59a3e3ee2caa">
      <Execution id="c5a4e94c-92c1-406d-aba0-8a91d3a237f2" />
      <TestMethod codeBase="D:\actions-runner\_work\XPCO\XPCO\Corporate\VideoOS.Management.Server.UnitTests\bin\x64\Debug\net472\VideoOS.Management.Server.UnitTests.dll" adapterTypeName="executor://mstestadapter/v2" className="VideoOS.Management.Server.UnitTests.ConfigurationAPI.Rules.Backend.Validation.ActionsValidatorTests" name="Validate_WhenActionsContainActionTypeNone_Error" />
    </UnitTest>
    <UnitTest name="Validate_WhenConditionsIncludeDayOfWeekIs_ReturnsError" storage="d:\actions-runner\_work\xpco\xpco\corporate\videoos.management.server.unittests\bin\x64\debug\net472\videoos.management.server.unittests.dll" id="540368fe-1a01-465b-b0a0-357ddfad78c5">
      <Execution id="485728c0-32cf-4264-904f-3ea7b247f4d1" />
      <TestMethod codeBase="D:\actions-runner\_work\XPCO\XPCO\Corporate\VideoOS.Management.Server.UnitTests\bin\x64\Debug\net472\VideoOS.Management.Server.UnitTests.dll" adapterTypeName="executor://mstestadapter/v2" className="VideoOS.Management.Server.UnitTests.ConfigurationAPI.Rules.Backend.Validation.RecurringTimeValidatorTests" name="Validate_WhenConditionsIncludeDayOfWeekIs_ReturnsError" />
    </UnitTest>
    <UnitTest name="InvokeMethod_ParamNullCheck_RequestContextTest" storage="d:\actions-runner\_work\xpco\xpco\corporate\videoos.management.server.unittests\bin\x64\debug\net472\videoos.management.server.unittests.dll" id="4a86cf27-3f06-0062-647a-63b76458b83b">
      <Execution id="cada4883-4792-484d-929a-4b6a7589252b" />
      <TestMethod codeBase="D:\actions-runner\_work\XPCO\XPCO\Corporate\VideoOS.Management.Server.UnitTests\bin\x64\Debug\net472\VideoOS.Management.Server.UnitTests.dll" adapterTypeName="executor://mstestadapter/v2" className="VideoOS.Management.Server.UnitTests.ConfigurationAPI.BusinessObjects.AudioMessage.AudioMessageFolderConfigurationApiTest" name="InvokeMethod_ParamNullCheck_RequestContextTest" />
    </UnitTest>
    <UnitTest name="DeviceStreams_AddStream_Existing_Name_Success" storage="d:\actions-runner\_work\xpco\xpco\corporate\videoos.management.server.unittests\bin\x64\debug\net472\videoos.management.server.unittests.dll" id="052902a0-3c21-bbf6-ef5b-f40d7fa4c1dd">
      <Execution id="4150a63c-fd2c-477c-b82a-13383ee2adba" />
      <TestMethod codeBase="D:\actions-runner\_work\XPCO\XPCO\Corporate\VideoOS.Management.Server.UnitTests\bin\x64\Debug\net472\VideoOS.Management.Server.UnitTests.dll" adapterTypeName="executor://mstestadapter/v2" className="VideoOS.Management.Server.UnitTests.BusinessObjects.DeviceStreamsUnitTests" name="DeviceStreams_AddStream_Existing_Name_Success" />
    </UnitTest>
    <UnitTest name="BeforeSendReply_CorrelationStateIsNull_DoNothing" storage="d:\actions-runner\_work\xpco\xpco\corporate\videoos.management.server.unittests\bin\x64\debug\net472\videoos.management.server.unittests.dll" id="00480961-b56a-1e6d-798e-9be4fbbfdeda">
      <Execution id="7b48b4bc-d6e7-48d9-bfdc-838e7960e1bc" />
      <TestMethod codeBase="D:\actions-runner\_work\XPCO\XPCO\Corporate\VideoOS.Management.Server.UnitTests\bin\x64\Debug\net472\VideoOS.Management.Server.UnitTests.dll" adapterTypeName="executor://mstestadapter/v2" className="VideoOS.Management.Server.UnitTests.BasicAuthentication.BasicAuthenticationMessageInspectorTests" name="BeforeSendReply_CorrelationStateIsNull_DoNothing" />
    </UnitTest>
    <UnitTest name="Post_ValidObject_PassedOnToSubController_ReturnsResultCode" storage="d:\actions-runner\_work\xpco\xpco\corporate\videoos.management.server.unittests\bin\x64\debug\net472\videoos.management.server.unittests.dll" id="0dbf5378-9976-7e13-6850-ef765e301d08">
      <Execution id="f63488fa-3dca-49f9-99b3-962e947d1897" />
      <TestMethod codeBase="D:\actions-runner\_work\XPCO\XPCO\Corporate\VideoOS.Management.Server.UnitTests\bin\x64\Debug\net472\VideoOS.Management.Server.UnitTests.dll" adapterTypeName="executor://mstestadapter/v2" className="VideoOS.Management.Server.UnitTests.RestApi.ArrayOfChildItemsControllerTests" name="Post_ValidObject_PassedOnToSubController_ReturnsResultCode" />
    </UnitTest>
    <UnitTest name="GetCurrentProperties_WhenNoRuleTypePresent_ReturnsNoProperties" storage="d:\actions-runner\_work\xpco\xpco\corporate\videoos.management.server.unittests\bin\x64\debug\net472\videoos.management.server.unittests.dll" id="93b323d8-1572-e0bd-e79d-e0ad8397419a">
      <Execution id="e03778f0-eb96-434e-86c7-75bbd29a9f4a" />
      <TestMethod codeBase="D:\actions-runner\_work\XPCO\XPCO\Corporate\VideoOS.Management.Server.UnitTests\bin\x64\Debug\net472\VideoOS.Management.Server.UnitTests.dll" adapterTypeName="executor://mstestadapter/v2" className="VideoOS.Management.Server.UnitTests.ConfigurationAPI.Rules.Methods.StopRuleTypeStepTests" name="GetCurrentProperties_WhenNoRuleTypePresent_ReturnsNoProperties" />
    </UnitTest>
    <UnitTest name="InvokeMethod_ParamCheck_UnknownMethodIdTest" storage="d:\actions-runner\_work\xpco\xpco\corporate\videoos.management.server.unittests\bin\x64\debug\net472\videoos.management.server.unittests.dll" id="5308789e-e580-3b5e-6280-61d11949d8f2">
      <Execution id="859bda8f-bb66-4926-baa6-d28dd7a026d9" />
      <TestMethod codeBase="D:\actions-runner\_work\XPCO\XPCO\Corporate\VideoOS.Management.Server.UnitTests\bin\x64\Debug\net472\VideoOS.Management.Server.UnitTests.dll" adapterTypeName="executor://mstestadapter/v2" className="VideoOS.Management.Server.UnitTests.ConfigurationAPI.BusinessObjects.AudioMessage.AudioMessageConfigurationApiTest" name="InvokeMethod_ParamCheck_UnknownMethodIdTest" />
    </UnitTest>
    <UnitTest name="SendCommandSecurityVisitor_UpdateConfigurationManagerCommand_RecordingStorageDevice_Edit_NotSupportedException" storage="d:\actions-runner\_work\xpco\xpco\corporate\videoos.management.server.unittests\bin\x64\debug\net472\videoos.management.server.unittests.dll" id="2b4e7ac0-890c-377d-982a-10f5ccd33fe1">
      <Execution id="e6aff4ab-c807-4798-b7aa-9d508f904876" />
      <TestMethod codeBase="D:\actions-runner\_work\XPCO\XPCO\Corporate\VideoOS.Management.Server.UnitTests\bin\x64\Debug\net472\VideoOS.Management.Server.UnitTests.dll" adapterTypeName="executor://mstestadapter/v2" className="VideoOS.Management.Server.UnitTests.SendCommandSecurityVisitorTests" name="SendCommandSecurityVisitor_UpdateConfigurationManagerCommand_RecordingStorageDevice_Edit_NotSupportedException" />
    </UnitTest>
    <UnitTest name="GetItem_SunnyDay_TopFolder" storage="d:\actions-runner\_work\xpco\xpco\corporate\videoos.management.server.unittests\bin\x64\debug\net472\videoos.management.server.unittests.dll" id="bd2d972c-aff4-ed37-ca18-9f6d1d83f18a">
      <Execution id="93550aa7-64b4-4045-bd0d-ad7a360c6a64" />
      <TestMethod codeBase="D:\actions-runner\_work\XPCO\XPCO\Corporate\VideoOS.Management.Server.UnitTests\bin\x64\Debug\net472\VideoOS.Management.Server.UnitTests.dll" adapterTypeName="executor://mstestadapter/v2" className="VideoOS.Management.Server.UnitTests.ConfigurationAPI.BusinessObjects.SiteConfigurationApiTest" name="GetItem_SunnyDay_TopFolder" />
    </UnitTest>
    <UnitTest name="TryParseConditions_WhenTokenNodeHasNoTypeAttribute_ReturnsFalse" storage="d:\actions-runner\_work\xpco\xpco\corporate\videoos.management.server.unittests\bin\x64\debug\net472\videoos.management.server.unittests.dll" id="8ed9a550-e0a9-ca24-4d8f-092032052964">
      <Execution id="767c6de2-949c-42c9-916b-678728a483fd" />
      <TestMethod codeBase="D:\actions-runner\_work\XPCO\XPCO\Corporate\VideoOS.Management.Server.UnitTests\bin\x64\Debug\net472\VideoOS.Management.Server.UnitTests.dll" adapterTypeName="executor://mstestadapter/v2" className="VideoOS.Management.Server.UnitTests.ConfigurationAPI.Rules.Backend.Builders.ConditionsParserTests" name="TryParseConditions_WhenTokenNodeHasNoTypeAttribute_ReturnsFalse" />
    </UnitTest>
    <UnitTest name="SendCommandSecurityVisitor_UpdateConfigurationManagerCommand_NonMotionPlugin_Add_NotSupportedException" storage="d:\actions-runner\_work\xpco\xpco\corporate\videoos.management.server.unittests\bin\x64\debug\net472\videoos.management.server.unittests.dll" id="e16b4e65-bc8a-13fb-e7cb-e93b8d767d49">
      <Execution id="cbd05e5b-1474-43a4-a613-be5d7d9cf4c3" />
      <TestMethod codeBase="D:\actions-runner\_work\XPCO\XPCO\Corporate\VideoOS.Management.Server.UnitTests\bin\x64\Debug\net472\VideoOS.Management.Server.UnitTests.dll" adapterTypeName="executor://mstestadapter/v2" className="VideoOS.Management.Server.UnitTests.SendCommandSecurityVisitorTests" name="SendCommandSecurityVisitor_UpdateConfigurationManagerCommand_NonMotionPlugin_Add_NotSupportedException" />
    </UnitTest>
    <UnitTest name="SendCommandSecurityVisitor_UpdateSecurityManagerCommand_TimeProfileDefaultRoleRelation_Add_Allowed" storage="d:\actions-runner\_work\xpco\xpco\corporate\videoos.management.server.unittests\bin\x64\debug\net472\videoos.management.server.unittests.dll" id="80f53f78-518d-e2dc-3662-96e65c8eb364">
      <Execution id="95f6a489-ebc8-43e6-85a6-af988f7d0d17" />
      <TestMethod codeBase="D:\actions-runner\_work\XPCO\XPCO\Corporate\VideoOS.Management.Server.UnitTests\bin\x64\Debug\net472\VideoOS.Management.Server.UnitTests.dll" adapterTypeName="executor://mstestadapter/v2" className="VideoOS.Management.Server.UnitTests.SendCommandSecurityVisitorTests" name="SendCommandSecurityVisitor_UpdateSecurityManagerCommand_TimeProfileDefaultRoleRelation_Add_Allowed" />
    </UnitTest>
    <UnitTest name="GetInternalUnitPath_WithDifferentParameter_ProvidesCorrectPath" storage="d:\actions-runner\_work\xpco\xpco\corporate\videoos.management.server.unittests\bin\x64\debug\net472\videoos.management.server.unittests.dll" id="0c0da0a0-5c7c-a0df-2382-42bde5a497b4">
      <Execution id="bf3ba456-e0b4-451c-9239-639405b560aa" />
      <TestMethod codeBase="D:\actions-runner\_work\XPCO\XPCO\Corporate\VideoOS.Management.Server.UnitTests\bin\x64\Debug\net472\VideoOS.Management.Server.UnitTests.dll" adapterTypeName="executor://mstestadapter/v2" className="VideoOS.Management.Server.UnitTests.ConfigurationAPI.BusinessObjects.AccessControl.GetInternalUnitPathTests" name="GetInternalUnitPath_WithDifferentParameter_ProvidesCorrectPath" />
    </UnitTest>
    <UnitTest name="SendCommandSecurityVisitor_UpdateConfigurationManagerCommand_TimeProfile_Add_Allowed" storage="d:\actions-runner\_work\xpco\xpco\corporate\videoos.management.server.unittests\bin\x64\debug\net472\videoos.management.server.unittests.dll" id="ad28f1a1-1acc-4f6f-046b-78c32833a522">
      <Execution id="3570c4af-c10c-4b3a-8a8e-2344f97e7940" />
      <TestMethod codeBase="D:\actions-runner\_work\XPCO\XPCO\Corporate\VideoOS.Management.Server.UnitTests\bin\x64\Debug\net472\VideoOS.Management.Server.UnitTests.dll" adapterTypeName="executor://mstestadapter/v2" className="VideoOS.Management.Server.UnitTests.SendCommandSecurityVisitorTests" name="SendCommandSecurityVisitor_UpdateConfigurationManagerCommand_TimeProfile_Add_Allowed" />
    </UnitTest>
    <UnitTest name="GetCurrentProperties_WhenActionPropertyPresentWithNoValue_ReturnsEmptyList" storage="d:\actions-runner\_work\xpco\xpco\corporate\videoos.management.server.unittests\bin\x64\debug\net472\videoos.management.server.unittests.dll" id="ebc0fa24-85c8-dc2c-53fa-9dc707b351a9">
      <Execution id="22837d92-3a98-44ef-ad80-7ef85ceef757" />
      <TestMethod codeBase="D:\actions-runner\_work\XPCO\XPCO\Corporate\VideoOS.Management.Server.UnitTests\bin\x64\Debug\net472\VideoOS.Management.Server.UnitTests.dll" adapterTypeName="executor://mstestadapter/v2" className="VideoOS.Management.Server.UnitTests.ConfigurationAPI.Rules.Methods.StartActionsStepTests" name="GetCurrentProperties_WhenActionPropertyPresentWithNoValue_ReturnsEmptyList" />
    </UnitTest>
    <UnitTest name="SendCommandSecurityVisitor_UpdateConfigurationManagerCommand_RecordingStorage_Delete_NotSupportedException" storage="d:\actions-runner\_work\xpco\xpco\corporate\videoos.management.server.unittests\bin\x64\debug\net472\videoos.management.server.unittests.dll" id="721a995d-b6b6-2d2d-2bff-50b4f9dd1ebf">
      <Execution id="2f371a92-9ce5-429d-8647-bbe8cd17e7bc" />
      <TestMethod codeBase="D:\actions-runner\_work\XPCO\XPCO\Corporate\VideoOS.Management.Server.UnitTests\bin\x64\Debug\net472\VideoOS.Management.Server.UnitTests.dll" adapterTypeName="executor://mstestadapter/v2" className="VideoOS.Management.Server.UnitTests.SendCommandSecurityVisitorTests" name="SendCommandSecurityVisitor_UpdateConfigurationManagerCommand_RecordingStorage_Delete_NotSupportedException" />
    </UnitTest>
    <UnitTest name="Validate_WhenObjectNotExists_ReturnsFalse" storage="d:\actions-runner\_work\xpco\xpco\corporate\videoos.management.server.unittests\bin\x64\debug\net472\videoos.management.server.unittests.dll" id="11bde45e-7346-8585-526e-de94258fa9d4">
      <Execution id="d9386b6e-b52c-42a1-8cdd-56d0d579c7e4" />
      <TestMethod codeBase="D:\actions-runner\_work\XPCO\XPCO\Corporate\VideoOS.Management.Server.UnitTests\bin\x64\Debug\net472\VideoOS.Management.Server.UnitTests.dll" adapterTypeName="executor://mstestadapter/v2" className="VideoOS.Management.Server.UnitTests.ConfigurationAPI.Rules.Backend.Validation.ValueValidators.RecorderPluginValueValidatorTests" name="Validate_WhenObjectNotExists_ReturnsFalse" />
    </UnitTest>
    <UnitTest name="UpdateSearchTemplate_Public_NotAllowed" storage="d:\actions-runner\_work\xpco\xpco\corporate\videoos.management.server.unittests\bin\x64\debug\net472\videoos.management.server.unittests.dll" id="08ced772-c1a9-f3fa-1144-86ecd836e833">
      <Execution id="3fcc2ef0-cfeb-4d2a-bee8-34888e8310e0" />
      <TestMethod codeBase="D:\actions-runner\_work\XPCO\XPCO\Corporate\VideoOS.Management.Server.UnitTests\bin\x64\Debug\net472\VideoOS.Management.Server.UnitTests.dll" adapterTypeName="executor://mstestadapter/v2" className="VideoOS.Management.Server.UnitTests.BusinessObjects.ManagementServer.SearchTemplate.SearchTemplateItemTests" name="UpdateSearchTemplate_Public_NotAllowed" />
    </UnitTest>
    <UnitTest name="InterpolateSuccess" storage="d:\actions-runner\_work\xpco\xpco\corporate\videoos.management.server.unittests\bin\x64\debug\net472\videoos.management.server.unittests.dll" id="a3e3a31d-dd14-24ee-ae77-c09ab3b3c171">
      <Execution id="31c00d06-f0e1-4914-8fa2-6dbf25c63715" />
      <TestMethod codeBase="D:\actions-runner\_work\XPCO\XPCO\Corporate\VideoOS.Management.Server.UnitTests\bin\x64\Debug\net472\VideoOS.Management.Server.UnitTests.dll" adapterTypeName="executor://mstestadapter/v2" className="VideoOS.Management.Server.UnitTests.BusinessObjects.RetentionTimeForecastTest" name="InterpolateSuccess" />
    </UnitTest>
    <UnitTest name="ValidateItem_Properties_MissingDescriptionTest" storage="d:\actions-runner\_work\xpco\xpco\corporate\videoos.management.server.unittests\bin\x64\debug\net472\videoos.management.server.unittests.dll" id="3a3273f2-e3d8-2b4a-1ba5-d17fe80b8b4e">
      <Execution id="d034c599-4fca-4fcc-87d1-5143c2b89aa9" />
      <TestMethod codeBase="D:\actions-runner\_work\XPCO\XPCO\Corporate\VideoOS.Management.Server.UnitTests\bin\x64\Debug\net472\VideoOS.Management.Server.UnitTests.dll" adapterTypeName="executor://mstestadapter/v2" className="VideoOS.Management.Server.UnitTests.ConfigurationAPI.BusinessObjects.AudioMessage.AudioMessageConfigurationApiTest" name="ValidateItem_Properties_MissingDescriptionTest" />
    </UnitTest>
    <UnitTest name="UpdateLicense_CallsQueryLicense_Always" storage="d:\actions-runner\_work\xpco\xpco\corporate\videoos.management.server.unittests\bin\x64\debug\net472\videoos.management.server.unittests.dll" id="2bd816c3-fc22-2bf2-945d-17886ecdce57">
      <TestCategory>
        <TestCategoryItem TestCategory="License" />
      </TestCategory>
      <Execution id="cea90d6f-49ec-4dbf-a823-ba3769e7f472" />
      <TestMethod codeBase="D:\actions-runner\_work\XPCO\XPCO\Corporate\VideoOS.Management.Server.UnitTests\bin\x64\Debug\net472\VideoOS.Management.Server.UnitTests.dll" adapterTypeName="executor://mstestadapter/v2" className="VideoOS.Management.Server.UnitTests.FeatureCacheManagerTests" name="UpdateLicense_CallsQueryLicense_Always" />
    </UnitTest>
    <UnitTest name="Validate_WhenStartPartDoesNotRequireCounteraction_NoError" storage="d:\actions-runner\_work\xpco\xpco\corporate\videoos.management.server.unittests\bin\x64\debug\net472\videoos.management.server.unittests.dll" id="949571d3-2016-ec51-2090-575574477cd3">
      <Execution id="ae8ef608-82e0-4b77-b809-8e8d026c6bec" />
      <TestMethod codeBase="D:\actions-runner\_work\XPCO\XPCO\Corporate\VideoOS.Management.Server.UnitTests\bin\x64\Debug\net472\VideoOS.Management.Server.UnitTests.dll" adapterTypeName="executor://mstestadapter/v2" className="VideoOS.Management.Server.UnitTests.ConfigurationAPI.Rules.Backend.Validation.ActionsValidatorTests" name="Validate_WhenStartPartDoesNotRequireCounteraction_NoError" />
    </UnitTest>
    <UnitTest name="DeviceStreams_UpdateStream_OnlyUseMediaAfter_UpdatePrimary_SetToNow" storage="d:\actions-runner\_work\xpco\xpco\corporate\videoos.management.server.unittests\bin\x64\debug\net472\videoos.management.server.unittests.dll" id="a25e2306-170d-a765-854a-5b0ce3eb6961">
      <Execution id="059f226e-64cd-4e79-b973-d1a5521fdc9e" />
      <TestMethod codeBase="D:\actions-runner\_work\XPCO\XPCO\Corporate\VideoOS.Management.Server.UnitTests\bin\x64\Debug\net472\VideoOS.Management.Server.UnitTests.dll" adapterTypeName="executor://mstestadapter/v2" className="VideoOS.Management.Server.UnitTests.BusinessObjects.DeviceStreamsUnitTests" name="DeviceStreams_UpdateStream_OnlyUseMediaAfter_UpdatePrimary_SetToNow" />
    </UnitTest>
    <UnitTest name="IsComplete_WhenStopRuleIsTimerWithTime_ReturnsTrue" storage="d:\actions-runner\_work\xpco\xpco\corporate\videoos.management.server.unittests\bin\x64\debug\net472\videoos.management.server.unittests.dll" id="f6e9d184-0141-5799-30e0-ec0927a9c485">
      <Execution id="8635b3cf-373e-4dc8-88ba-b07f0c9e10bb" />
      <TestMethod codeBase="D:\actions-runner\_work\XPCO\XPCO\Corporate\VideoOS.Management.Server.UnitTests\bin\x64\Debug\net472\VideoOS.Management.Server.UnitTests.dll" adapterTypeName="executor://mstestadapter/v2" className="VideoOS.Management.Server.UnitTests.ConfigurationAPI.Rules.Methods.StopRuleTypeStepTests" name="IsComplete_WhenStopRuleIsTimerWithTime_ReturnsTrue" />
    </UnitTest>
    <UnitTest name="DataCollectorOnRegisteredServicesManager_Constructor_Null_Parameter" storage="d:\actions-runner\_work\xpco\xpco\corporate\videoos.management.server.unittests\bin\x64\debug\net472\videoos.management.server.unittests.dll" id="45b061e4-2259-f61a-42e0-1e13f6bb7a48">
      <Execution id="0a4f869d-12d3-4eb9-ae75-e5e7ef9e73ba" />
      <TestMethod codeBase="D:\actions-runner\_work\XPCO\XPCO\Corporate\VideoOS.Management.Server.UnitTests\bin\x64\Debug\net472\VideoOS.Management.Server.UnitTests.dll" adapterTypeName="executor://mstestadapter/v2" className="VideoOS.Management.Server.DataCollectorOnRegisteredServicesManagerTest" name="DataCollectorOnRegisteredServicesManager_Constructor_Null_Parameter" />
    </UnitTest>
    <UnitTest name="SendCommandSecurityVisitor_UpdateSecurityManagerCommand_ArgumentNullException" storage="d:\actions-runner\_work\xpco\xpco\corporate\videoos.management.server.unittests\bin\x64\debug\net472\videoos.management.server.unittests.dll" id="8474210e-592c-5a64-43cc-0339e752e8b8">
      <Execution id="b430eb9c-fd27-4fdd-a93f-6e708a7b85d0" />
      <TestMethod codeBase="D:\actions-runner\_work\XPCO\XPCO\Corporate\VideoOS.Management.Server.UnitTests\bin\x64\Debug\net472\VideoOS.Management.Server.UnitTests.dll" adapterTypeName="executor://mstestadapter/v2" className="VideoOS.Management.Server.UnitTests.SendCommandSecurityVisitorTests" name="SendCommandSecurityVisitor_UpdateSecurityManagerCommand_ArgumentNullException" />
    </UnitTest>
    <UnitTest name="SendCommandSecurityVisitor_UpdateSecurityManagerCommand_SecurityPermissionsDevice_Output_Delete_Allowed" storage="d:\actions-runner\_work\xpco\xpco\corporate\videoos.management.server.unittests\bin\x64\debug\net472\videoos.management.server.unittests.dll" id="a2ee1b57-a026-c781-2a9d-0af16385ef3d">
      <Execution id="ac91f7c3-b096-4d30-8072-78af5ac7c413" />
      <TestMethod codeBase="D:\actions-runner\_work\XPCO\XPCO\Corporate\VideoOS.Management.Server.UnitTests\bin\x64\Debug\net472\VideoOS.Management.Server.UnitTests.dll" adapterTypeName="executor://mstestadapter/v2" className="VideoOS.Management.Server.UnitTests.SendCommandSecurityVisitorTests" name="SendCommandSecurityVisitor_UpdateSecurityManagerCommand_SecurityPermissionsDevice_Output_Delete_Allowed" />
    </UnitTest>
    <UnitTest name="SendCommandSecurityVisitor_RecorderTaskSuccessCommand_NotSupportedException" storage="d:\actions-runner\_work\xpco\xpco\corporate\videoos.management.server.unittests\bin\x64\debug\net472\videoos.management.server.unittests.dll" id="d6108946-120f-022f-8a70-56f5b4e04c97">
      <Execution id="3b2bf590-7924-402c-a2ec-c6507c898655" />
      <TestMethod codeBase="D:\actions-runner\_work\XPCO\XPCO\Corporate\VideoOS.Management.Server.UnitTests\bin\x64\Debug\net472\VideoOS.Management.Server.UnitTests.dll" adapterTypeName="executor://mstestadapter/v2" className="VideoOS.Management.Server.UnitTests.SendCommandSecurityVisitorTests" name="SendCommandSecurityVisitor_RecorderTaskSuccessCommand_NotSupportedException" />
    </UnitTest>
    <UnitTest name="GetNextProperties_WhenTimeBetweenPropertyIsSetWithStartNotEndTime_ReturnsProperties" storage="d:\actions-runner\_work\xpco\xpco\corporate\videoos.management.server.unittests\bin\x64\debug\net472\videoos.management.server.unittests.dll" id="6138dec0-91e6-73cb-9f6b-4c116d9e1abd">
      <Execution id="85979e55-7578-49a2-a293-841f5b08298d" />
      <TestMethod codeBase="D:\actions-runner\_work\XPCO\XPCO\Corporate\VideoOS.Management.Server.UnitTests\bin\x64\Debug\net472\VideoOS.Management.Server.UnitTests.dll" adapterTypeName="executor://mstestadapter/v2" className="VideoOS.Management.Server.UnitTests.ConfigurationAPI.Rules.Methods.StartConditionsStepTest" name="GetNextProperties_WhenTimeBetweenPropertyIsSetWithStartNotEndTime_ReturnsProperties" />
    </UnitTest>
    <UnitTest name="UpdateMotionDetection_Test_Retry" storage="d:\actions-runner\_work\xpco\xpco\corporate\videoos.management.server.unittests\bin\x64\debug\net472\videoos.management.server.unittests.dll" id="5b79f4cf-1b83-ca4a-9a30-3bf4b3d558fb">
      <Execution id="ed9a60bd-47cb-4174-bbb2-cbbb2bb521ae" />
      <TestMethod codeBase="D:\actions-runner\_work\XPCO\XPCO\Corporate\VideoOS.Management.Server.UnitTests\bin\x64\Debug\net472\VideoOS.Management.Server.UnitTests.dll" adapterTypeName="executor://mstestadapter/v2" className="VideoOS.Management.Server.UnitTests.BusinessObjects.DeviceMotionDetectionUnitTests" name="UpdateMotionDetection_Test_Retry" />
    </UnitTest>
    <UnitTest name="Validate_WhenSubdayTypeRecurring_SubdayFrequencyIsZero_ReturnsError" storage="d:\actions-runner\_work\xpco\xpco\corporate\videoos.management.server.unittests\bin\x64\debug\net472\videoos.management.server.unittests.dll" id="f15931c3-f5ab-005a-a777-fe22c361edbc">
      <Execution id="69c93c28-b6a9-4b8c-bd98-bb16c2902e74" />
      <TestMethod codeBase="D:\actions-runner\_work\XPCO\XPCO\Corporate\VideoOS.Management.Server.UnitTests\bin\x64\Debug\net472\VideoOS.Management.Server.UnitTests.dll" adapterTypeName="executor://mstestadapter/v2" className="VideoOS.Management.Server.UnitTests.ConfigurationAPI.Rules.Backend.Validation.RecurringTimeValidatorTests" name="Validate_WhenSubdayTypeRecurring_SubdayFrequencyIsZero_ReturnsError" />
    </UnitTest>
    <UnitTest name="ConfigurationItemPathBuilder_ParentItemType_Null_ArgumentNullException" storage="d:\actions-runner\_work\xpco\xpco\corporate\videoos.management.server.unittests\bin\x64\debug\net472\videoos.management.server.unittests.dll" id="1e9fdfda-8ba9-daca-6122-143d9e150a5a">
      <Execution id="2423811b-6f0f-445f-be17-19a88b9af0d3" />
      <TestMethod codeBase="D:\actions-runner\_work\XPCO\XPCO\Corporate\VideoOS.Management.Server.UnitTests\bin\x64\Debug\net472\VideoOS.Management.Server.UnitTests.dll" adapterTypeName="executor://mstestadapter/v2" className="VideoOS.Management.Server.UnitTests.ConfigurationAPI.ConfigurationItemPathBuilderTests" name="ConfigurationItemPathBuilder_ParentItemType_Null_ArgumentNullException" />
    </UnitTest>
    <UnitTest name="Build_WhenRecordAlwaysRuleOnDevices_WithDefaultStopAction" storage="d:\actions-runner\_work\xpco\xpco\corporate\videoos.management.server.unittests\bin\x64\debug\net472\videoos.management.server.unittests.dll" id="0f5033f1-aa3c-42c2-fa63-9f0688a853b4">
      <Execution id="b7216f23-edd5-481d-837f-b23f467d4ab1" />
      <TestMethod codeBase="D:\actions-runner\_work\XPCO\XPCO\Corporate\VideoOS.Management.Server.UnitTests\bin\x64\Debug\net472\VideoOS.Management.Server.UnitTests.dll" adapterTypeName="executor://mstestadapter/v2" className="VideoOS.Management.Server.UnitTests.ConfigurationAPI.Rules.Builders.RuleModelBuilderTests" name="Build_WhenRecordAlwaysRuleOnDevices_WithDefaultStopAction" />
    </UnitTest>
    <UnitTest name="Validate_WhenEventSourceNotPtzAndPtzRequired_Fails" storage="d:\actions-runner\_work\xpco\xpco\corporate\videoos.management.server.unittests\bin\x64\debug\net472\videoos.management.server.unittests.dll" id="de164a90-e10a-3066-3fe8-105ee9fa4f2d">
      <Execution id="0b3cbf5d-bb55-49ec-9afc-c48a51d6fd3d" />
      <TestMethod codeBase="D:\actions-runner\_work\XPCO\XPCO\Corporate\VideoOS.Management.Server.UnitTests\bin\x64\Debug\net472\VideoOS.Management.Server.UnitTests.dll" adapterTypeName="executor://mstestadapter/v2" className="VideoOS.Management.Server.UnitTests.ConfigurationAPI.Rules.Backend.Validation.ValidatorIntegrationTests" name="Validate_WhenEventSourceNotPtzAndPtzRequired_Fails" />
    </UnitTest>
    <UnitTest name="SetItem_Properties_NullPropertiesTest" storage="d:\actions-runner\_work\xpco\xpco\corporate\videoos.management.server.unittests\bin\x64\debug\net472\videoos.management.server.unittests.dll" id="eeb15030-7166-7e9f-a6bf-c157dd60f79c">
      <Execution id="0a8dc31d-a3f9-47bc-9868-6c0f71c25206" />
      <TestMethod codeBase="D:\actions-runner\_work\XPCO\XPCO\Corporate\VideoOS.Management.Server.UnitTests\bin\x64\Debug\net472\VideoOS.Management.Server.UnitTests.dll" adapterTypeName="executor://mstestadapter/v2" className="VideoOS.Management.Server.UnitTests.ConfigurationAPI.BusinessObjects.AudioMessage.AudioMessageConfigurationApiTest" name="SetItem_Properties_NullPropertiesTest" />
    </UnitTest>
    <UnitTest name="TimeProfile_WhenGuidIsNotExisting_Error" storage="d:\actions-runner\_work\xpco\xpco\corporate\videoos.management.server.unittests\bin\x64\debug\net472\videoos.management.server.unittests.dll" id="7bcc779b-acc4-9457-ff3b-e43bb838a30f">
      <Execution id="ac41de64-5a7a-45e6-a60f-71bf519eac86" />
      <TestMethod codeBase="D:\actions-runner\_work\XPCO\XPCO\Corporate\VideoOS.Management.Server.UnitTests\bin\x64\Debug\net472\VideoOS.Management.Server.UnitTests.dll" adapterTypeName="executor://mstestadapter/v2" className="VideoOS.Management.Server.UnitTests.ConfigurationAPI.Rules.Backend.Validation.ConditionOutsideTimeProfileValidatorTests" name="TimeProfile_WhenGuidIsNotExisting_Error" />
    </UnitTest>
    <UnitTest name="GetResponsesSecurityVisitor_FailoverStatusResponse_CheckFails_NotHandled" storage="d:\actions-runner\_work\xpco\xpco\corporate\videoos.management.server.unittests\bin\x64\debug\net472\videoos.management.server.unittests.dll" id="42fc8cd2-76b5-3a63-6b9d-5f9c7f1bbbb8">
      <Execution id="d9acf946-feef-4344-8711-fd1be812d9b3" />
      <TestMethod codeBase="D:\actions-runner\_work\XPCO\XPCO\Corporate\VideoOS.Management.Server.UnitTests\bin\x64\Debug\net472\VideoOS.Management.Server.UnitTests.dll" adapterTypeName="executor://mstestadapter/v2" className="VideoOS.Management.Server.UnitTests.GetResponsesSecurityVisitorTests" name="GetResponsesSecurityVisitor_FailoverStatusResponse_CheckFails_NotHandled" />
    </UnitTest>
    <UnitTest name="Get_KnownResourceType_NoData_NotTasks_ReturnsEmptyJson" storage="d:\actions-runner\_work\xpco\xpco\corporate\videoos.management.server.unittests\bin\x64\debug\net472\videoos.management.server.unittests.dll" id="17dd6e3a-d642-40b3-1cfd-024036fccd33">
      <Execution id="99d82ef1-fa9f-4579-8839-13be9f50f3f6" />
      <TestMethod codeBase="D:\actions-runner\_work\XPCO\XPCO\Corporate\VideoOS.Management.Server.UnitTests\bin\x64\Debug\net472\VideoOS.Management.Server.UnitTests.dll" adapterTypeName="executor://mstestadapter/v2" className="VideoOS.Management.Server.UnitTests.RestApi.SpecificChildItemControllerTests" name="Get_KnownResourceType_NoData_NotTasks_ReturnsEmptyJson" />
    </UnitTest>
    <UnitTest name="DataCollectorRegisteredServicesResolver_DoResolve_Same_Host_Only_One_Call" storage="d:\actions-runner\_work\xpco\xpco\corporate\videoos.management.server.unittests\bin\x64\debug\net472\videoos.management.server.unittests.dll" id="2e3a0043-646b-da5c-0cba-5bc47b5c76c0">
      <Execution id="d4f6ea09-5670-407c-8b98-a6a530b12036" />
      <TestMethod codeBase="D:\actions-runner\_work\XPCO\XPCO\Corporate\VideoOS.Management.Server.UnitTests\bin\x64\Debug\net472\VideoOS.Management.Server.UnitTests.dll" adapterTypeName="executor://mstestadapter/v2" className="VideoOS.Management.Server.DataCollectorRegisteredServicesResolverTest" name="DataCollectorRegisteredServicesResolver_DoResolve_Same_Host_Only_One_Call" />
    </UnitTest>
    <UnitTest name="SendCommandSecurityVisitor_UpdateConfigurationManagerCommand_Output_Add_NoSecurityCheck" storage="d:\actions-runner\_work\xpco\xpco\corporate\videoos.management.server.unittests\bin\x64\debug\net472\videoos.management.server.unittests.dll" id="8886a0c6-d916-9f5c-3cda-032badca8c52">
      <Execution id="1286df11-5b4e-44f6-b4fe-7aef51b1ed9b" />
      <TestMethod codeBase="D:\actions-runner\_work\XPCO\XPCO\Corporate\VideoOS.Management.Server.UnitTests\bin\x64\Debug\net472\VideoOS.Management.Server.UnitTests.dll" adapterTypeName="executor://mstestadapter/v2" className="VideoOS.Management.Server.UnitTests.SendCommandSecurityVisitorTests" name="SendCommandSecurityVisitor_UpdateConfigurationManagerCommand_Output_Add_NoSecurityCheck" />
    </UnitTest>
    <UnitTest name="IsComplete_WhenRuleTypeIsEvent_EventRuleTypePropertiesSet_ReturnsTrue" storage="d:\actions-runner\_work\xpco\xpco\corporate\videoos.management.server.unittests\bin\x64\debug\net472\videoos.management.server.unittests.dll" id="fc700737-c519-d76d-3b20-9c99b2edcf86">
      <Execution id="cae0f9bd-5eca-4383-bca1-cb88eb53aa54" />
      <TestMethod codeBase="D:\actions-runner\_work\XPCO\XPCO\Corporate\VideoOS.Management.Server.UnitTests\bin\x64\Debug\net472\VideoOS.Management.Server.UnitTests.dll" adapterTypeName="executor://mstestadapter/v2" className="VideoOS.Management.Server.UnitTests.ConfigurationAPI.Rules.Methods.StartRuleTypeStepTests" name="IsComplete_WhenRuleTypeIsEvent_EventRuleTypePropertiesSet_ReturnsTrue" />
    </UnitTest>
    <UnitTest name="Get_KnownResource_ItemFound_NotNoData_Tasks_NotPerformingTask_Resources_Definition_ReturnsDataAndTasksAndResourcesAndDefinitions" storage="d:\actions-runner\_work\xpco\xpco\corporate\videoos.management.server.unittests\bin\x64\debug\net472\videoos.management.server.unittests.dll" id="ed366fea-786f-70a3-bb65-165c087cacd4">
      <Execution id="752dbd41-5ec1-43cc-b928-e62dc27b7149" />
      <TestMethod codeBase="D:\actions-runner\_work\XPCO\XPCO\Corporate\VideoOS.Management.Server.UnitTests\bin\x64\Debug\net472\VideoOS.Management.Server.UnitTests.dll" adapterTypeName="executor://mstestadapter/v2" className="VideoOS.Management.Server.UnitTests.RestApi.SpecificItemControllerTests" name="Get_KnownResource_ItemFound_NotNoData_Tasks_NotPerformingTask_Resources_Definition_ReturnsDataAndTasksAndResourcesAndDefinitions" />
    </UnitTest>
    <UnitTest name="ScheduledAction_Dispose_ScheduleIsDisposed" storage="d:\actions-runner\_work\xpco\xpco\corporate\videoos.management.server.unittests\bin\x64\debug\net472\videoos.management.server.unittests.dll" id="ff75c828-8f54-637f-36d8-a3309c040b0c">
      <Execution id="61ac2cb3-9898-44d0-bef9-f98bad85f8cb" />
      <TestMethod codeBase="D:\actions-runner\_work\XPCO\XPCO\Corporate\VideoOS.Management.Server.UnitTests\bin\x64\Debug\net472\VideoOS.Management.Server.UnitTests.dll" adapterTypeName="executor://mstestadapter/v2" className="VideoOS.Management.Server.UnitTests.BusinessObjects.ManagementServer.DataCollection.ScheduledAction.ScheduledActionTest" name="ScheduledAction_Dispose_ScheduleIsDisposed" />
    </UnitTest>
    <UnitTest name="GetCurrentProperties_WhenRuleTypeNotSet_ReturnsNoProperties" storage="d:\actions-runner\_work\xpco\xpco\corporate\videoos.management.server.unittests\bin\x64\debug\net472\videoos.management.server.unittests.dll" id="9c0b959f-7a3a-9215-8b25-f9bfaa074cfc">
      <Execution id="6fafb7c3-c970-4ba4-9934-0b79522e40fc" />
      <TestMethod codeBase="D:\actions-runner\_work\XPCO\XPCO\Corporate\VideoOS.Management.Server.UnitTests\bin\x64\Debug\net472\VideoOS.Management.Server.UnitTests.dll" adapterTypeName="executor://mstestadapter/v2" className="VideoOS.Management.Server.UnitTests.ConfigurationAPI.Rules.Methods.StopRuleTypeStepTests" name="GetCurrentProperties_WhenRuleTypeNotSet_ReturnsNoProperties" />
    </UnitTest>
    <UnitTest name="IsComplete_WhenTimeIntervalRule_DaysOfWeekAndDaysPropertySet_ReturnsTrue" storage="d:\actions-runner\_work\xpco\xpco\corporate\videoos.management.server.unittests\bin\x64\debug\net472\videoos.management.server.unittests.dll" id="1a5be3b1-f617-8530-3ddc-7c215f1733e9">
      <Execution id="741d6595-8606-4ad1-b34b-f50b09045697" />
      <TestMethod codeBase="D:\actions-runner\_work\XPCO\XPCO\Corporate\VideoOS.Management.Server.UnitTests\bin\x64\Debug\net472\VideoOS.Management.Server.UnitTests.dll" adapterTypeName="executor://mstestadapter/v2" className="VideoOS.Management.Server.UnitTests.ConfigurationAPI.Rules.Methods.StartConditionsStepTest" name="IsComplete_WhenTimeIntervalRule_DaysOfWeekAndDaysPropertySet_ReturnsTrue" />
    </UnitTest>
    <UnitTest name="IsComplete_WhenAllStepsAreNotComplete_ReturnsFalse" storage="d:\actions-runner\_work\xpco\xpco\corporate\videoos.management.server.unittests\bin\x64\debug\net472\videoos.management.server.unittests.dll" id="2e684ec2-4c7f-a4fa-1fd6-728e8428dad7">
      <Execution id="2978d5e1-ae17-434f-acc2-d0ed9028e63a" />
      <TestMethod codeBase="D:\actions-runner\_work\XPCO\XPCO\Corporate\VideoOS.Management.Server.UnitTests\bin\x64\Debug\net472\VideoOS.Management.Server.UnitTests.dll" adapterTypeName="executor://mstestadapter/v2" className="VideoOS.Management.Server.UnitTests.ConfigurationAPI.Rules.Methods.RuleWizardInfoProviderTests" name="IsComplete_WhenAllStepsAreNotComplete_ReturnsFalse" />
    </UnitTest>
    <UnitTest name="Validate_WhenObjectExists_ReturnsTrue" storage="d:\actions-runner\_work\xpco\xpco\corporate\videoos.management.server.unittests\bin\x64\debug\net472\videoos.management.server.unittests.dll" id="83a8555b-4a62-7aef-db2f-968758aec122">
      <Execution id="316440b0-49a6-4d42-b482-38d64a9bc198" />
      <TestMethod codeBase="D:\actions-runner\_work\XPCO\XPCO\Corporate\VideoOS.Management.Server.UnitTests\bin\x64\Debug\net472\VideoOS.Management.Server.UnitTests.dll" adapterTypeName="executor://mstestadapter/v2" className="VideoOS.Management.Server.UnitTests.ConfigurationAPI.Rules.Backend.Validation.ValueValidators.RecorderPluginValueValidatorTests" name="Validate_WhenObjectExists_ReturnsTrue" />
    </UnitTest>
    <UnitTest name="BuildAccessControlItem_ShouldReturnAccessControlSystemConfigurationItem_WhenPathIsAccessControlSystem" storage="d:\actions-runner\_work\xpco\xpco\corporate\videoos.management.server.unittests\bin\x64\debug\net472\videoos.management.server.unittests.dll" id="9bde8f7e-c80f-ee79-01f0-bc6a27ef19d7">
      <Execution id="bc5f6325-b501-4221-8cb0-844a87acd0e9" />
      <TestMethod codeBase="D:\actions-runner\_work\XPCO\XPCO\Corporate\VideoOS.Management.Server.UnitTests\bin\x64\Debug\net472\VideoOS.Management.Server.UnitTests.dll" adapterTypeName="executor://mstestadapter/v2" className="VideoOS.Management.Server.UnitTests.ConfigurationAPI.BusinessObjects.AccessControl.ConfigurationItemBuilderTests" name="BuildAccessControlItem_ShouldReturnAccessControlSystemConfigurationItem_WhenPathIsAccessControlSystem" />
    </UnitTest>
    <UnitTest name="GetProperties_WhenNoPropertiesAreSet_ReturnsEmptyFirstStepProperties" storage="d:\actions-runner\_work\xpco\xpco\corporate\videoos.management.server.unittests\bin\x64\debug\net472\videoos.management.server.unittests.dll" id="c5768806-46bc-5adc-f283-1f33b9d9ec9c">
      <Execution id="504d0573-7113-4eac-8e27-5d35f378ddbf" />
      <TestMethod codeBase="D:\actions-runner\_work\XPCO\XPCO\Corporate\VideoOS.Management.Server.UnitTests\bin\x64\Debug\net472\VideoOS.Management.Server.UnitTests.dll" adapterTypeName="executor://mstestadapter/v2" className="VideoOS.Management.Server.UnitTests.ConfigurationAPI.Rules.Methods.RuleWizardInfoProviderTests" name="GetProperties_WhenNoPropertiesAreSet_ReturnsEmptyFirstStepProperties" />
    </UnitTest>
    <UnitTest name="SendCommandSecurityVisitor_UpdateConfigurationManagerCommand_Hardware_Delete_Allowed" storage="d:\actions-runner\_work\xpco\xpco\corporate\videoos.management.server.unittests\bin\x64\debug\net472\videoos.management.server.unittests.dll" id="36865ff3-6eb1-7d72-b930-fbbd9a6b44d5">
      <Execution id="91e147a5-f19a-4bb5-91f3-4d3f9d13fb36" />
      <TestMethod codeBase="D:\actions-runner\_work\XPCO\XPCO\Corporate\VideoOS.Management.Server.UnitTests\bin\x64\Debug\net472\VideoOS.Management.Server.UnitTests.dll" adapterTypeName="executor://mstestadapter/v2" className="VideoOS.Management.Server.UnitTests.SendCommandSecurityVisitorTests" name="SendCommandSecurityVisitor_UpdateConfigurationManagerCommand_Hardware_Delete_Allowed" />
    </UnitTest>
    <UnitTest name="Invoke_WrongMethodId" storage="d:\actions-runner\_work\xpco\xpco\corporate\videoos.management.server.unittests\bin\x64\debug\net472\videoos.management.server.unittests.dll" id="a01e410f-6df7-2be8-3a13-4be2c8ba9d7c">
      <Execution id="592e9d8b-1916-4d3a-b17a-0d95f703df97" />
      <TestMethod codeBase="D:\actions-runner\_work\XPCO\XPCO\Corporate\VideoOS.Management.Server.UnitTests\bin\x64\Debug\net472\VideoOS.Management.Server.UnitTests.dll" adapterTypeName="executor://mstestadapter/v2" className="VideoOS.Management.Server.UnitTests.ConfigurationAPI.BusinessObjects.LicenseConfigurationApiTests" name="Invoke_WrongMethodId" />
    </UnitTest>
    <UnitTest name="Invoke_WhenInvoked_PerformsAction" storage="d:\actions-runner\_work\xpco\xpco\corporate\videoos.management.server.unittests\bin\x64\debug\net472\videoos.management.server.unittests.dll" id="9e130b9d-80ca-7975-6f06-71a9a604bad7">
      <Execution id="99159fdf-140c-4d92-a80f-2c56356077ae" />
      <TestMethod codeBase="D:\actions-runner\_work\XPCO\XPCO\Corporate\VideoOS.Management.Server.UnitTests\bin\x64\Debug\net472\VideoOS.Management.Server.UnitTests.dll" adapterTypeName="executor://mstestadapter/v2" className="VideoOS.Management.Server.UnitTests.ConfigurationAPI.BusinessObjects.LprMatchList.Methods.DeleteAllRegistrationNumbersTests" name="Invoke_WhenInvoked_PerformsAction" />
    </UnitTest>
    <UnitTest name="SetItem_ParamNullCheck_ParentPathTest" storage="d:\actions-runner\_work\xpco\xpco\corporate\videoos.management.server.unittests\bin\x64\debug\net472\videoos.management.server.unittests.dll" id="65ab9941-28e3-427f-8c19-2376cc6bbba7">
      <Execution id="f73b2aa2-9405-48c5-b1e4-f8c566327743" />
      <TestMethod codeBase="D:\actions-runner\_work\XPCO\XPCO\Corporate\VideoOS.Management.Server.UnitTests\bin\x64\Debug\net472\VideoOS.Management.Server.UnitTests.dll" adapterTypeName="executor://mstestadapter/v2" className="VideoOS.Management.Server.UnitTests.ConfigurationAPI.BusinessObjects.CustomProperties.CustomPropertiesConfigurationApiTest" name="SetItem_ParamNullCheck_ParentPathTest" />
    </UnitTest>
    <UnitTest name="Validation_ValidateInt32_Larger_Than_Max_ArgumentException" storage="d:\actions-runner\_work\xpco\xpco\corporate\videoos.management.server.unittests\bin\x64\debug\net472\videoos.management.server.unittests.dll" id="7b9f637d-d36a-4df6-a26a-709557acc04a">
      <Execution id="26f9d495-d893-4abc-9127-691327cf5626" />
      <TestMethod codeBase="D:\actions-runner\_work\XPCO\XPCO\Corporate\VideoOS.Management.Server.UnitTests\bin\x64\Debug\net472\VideoOS.Management.Server.UnitTests.dll" adapterTypeName="executor://mstestadapter/v2" className="VideoOS.Management.Server.UnitTests.ValidationUnitTests" name="Validation_ValidateInt32_Larger_Than_Max_ArgumentException" />
    </UnitTest>
    <UnitTest name="SendCommandSecurityVisitor_ReportMediaCommittedToDatabaseCommand_NotSupportedException" storage="d:\actions-runner\_work\xpco\xpco\corporate\videoos.management.server.unittests\bin\x64\debug\net472\videoos.management.server.unittests.dll" id="a681edb1-9a9d-29bc-03da-1248df93b034">
      <Execution id="f0aec58b-9bda-469b-bc99-1fc8531a9940" />
      <TestMethod codeBase="D:\actions-runner\_work\XPCO\XPCO\Corporate\VideoOS.Management.Server.UnitTests\bin\x64\Debug\net472\VideoOS.Management.Server.UnitTests.dll" adapterTypeName="executor://mstestadapter/v2" className="VideoOS.Management.Server.UnitTests.SendCommandSecurityVisitorTests" name="SendCommandSecurityVisitor_ReportMediaCommittedToDatabaseCommand_NotSupportedException" />
    </UnitTest>
    <UnitTest name="Validate_WhenTimeIntervalRuleStopRuleHasNoneType_Passes" storage="d:\actions-runner\_work\xpco\xpco\corporate\videoos.management.server.unittests\bin\x64\debug\net472\videoos.management.server.unittests.dll" id="216c2d0a-25b9-053b-ece9-3c677df47cda">
      <Execution id="269ae225-bfa2-4e59-988d-38d719440b86" />
      <TestMethod codeBase="D:\actions-runner\_work\XPCO\XPCO\Corporate\VideoOS.Management.Server.UnitTests\bin\x64\Debug\net472\VideoOS.Management.Server.UnitTests.dll" adapterTypeName="executor://mstestadapter/v2" className="VideoOS.Management.Server.UnitTests.ConfigurationAPI.Rules.Backend.Validation.ValidatorIntegrationTests" name="Validate_WhenTimeIntervalRuleStopRuleHasNoneType_Passes" />
    </UnitTest>
    <UnitTest name="Initialize_ClientIdIsNull_ThrowsArgumentNullException" storage="d:\actions-runner\_work\xpco\xpco\corporate\videoos.management.server.unittests\bin\x64\debug\net472\videoos.management.server.unittests.dll" id="1416df0e-41a3-5385-5aaa-d51ecc857955">
      <Execution id="6591a382-ab7f-43ca-95d6-40cf3e6a4476" />
      <TestMethod codeBase="D:\actions-runner\_work\XPCO\XPCO\Corporate\VideoOS.Management.Server.UnitTests\bin\x64\Debug\net472\VideoOS.Management.Server.UnitTests.dll" adapterTypeName="executor://mstestadapter/v2" className="VideoOS.Management.Server.UnitTests.Integration.TokenCacheServiceUnitTests" name="Initialize_ClientIdIsNull_ThrowsArgumentNullException" />
    </UnitTest>
    <UnitTest name="GetNextProperties_WhenRuleTypeIsEvent_EventSourcesNotSet_ReturnsEventSourcesProperty" storage="d:\actions-runner\_work\xpco\xpco\corporate\videoos.management.server.unittests\bin\x64\debug\net472\videoos.management.server.unittests.dll" id="eadbd2fa-f0e6-ba33-12b3-a621be7ceae0">
      <Execution id="41b36a3d-fbf2-4d05-ba13-92e1eb1df48e" />
      <TestMethod codeBase="D:\actions-runner\_work\XPCO\XPCO\Corporate\VideoOS.Management.Server.UnitTests\bin\x64\Debug\net472\VideoOS.Management.Server.UnitTests.dll" adapterTypeName="executor://mstestadapter/v2" className="VideoOS.Management.Server.UnitTests.ConfigurationAPI.Rules.Methods.StopRuleTypeStepTests" name="GetNextProperties_WhenRuleTypeIsEvent_EventSourcesNotSet_ReturnsEventSourcesProperty" />
    </UnitTest>
    <UnitTest name="Build_WhenActionIsStopPluginsOnDevices_ReturnsRuleModel" storage="d:\actions-runner\_work\xpco\xpco\corporate\videoos.management.server.unittests\bin\x64\debug\net472\videoos.management.server.unittests.dll" id="c792b5a9-861f-92ab-689e-0ff84d51963b">
      <Execution id="28847a0b-365f-44e9-b0ed-b59b952cad8f" />
      <TestMethod codeBase="D:\actions-runner\_work\XPCO\XPCO\Corporate\VideoOS.Management.Server.UnitTests\bin\x64\Debug\net472\VideoOS.Management.Server.UnitTests.dll" adapterTypeName="executor://mstestadapter/v2" className="VideoOS.Management.Server.UnitTests.ConfigurationAPI.Rules.Backend.Builders.XmlRuleModelBuilderTests" name="Build_WhenActionIsStopPluginsOnDevices_ReturnsRuleModel" />
    </UnitTest>
    <UnitTest name="Validate_WhenValueTypeNotMatching_Error" storage="d:\actions-runner\_work\xpco\xpco\corporate\videoos.management.server.unittests\bin\x64\debug\net472\videoos.management.server.unittests.dll" id="67712f7c-69be-7700-9d96-0d70cdb6ecac">
      <Execution id="cbc47908-b00c-4d16-a786-053bc1e0ab2b" />
      <TestMethod codeBase="D:\actions-runner\_work\XPCO\XPCO\Corporate\VideoOS.Management.Server.UnitTests\bin\x64\Debug\net472\VideoOS.Management.Server.UnitTests.dll" adapterTypeName="executor://mstestadapter/v2" className="VideoOS.Management.Server.UnitTests.ConfigurationAPI.Rules.Backend.Validation.RuleParametersValidatorTests" name="Validate_WhenValueTypeNotMatching_Error" />
    </UnitTest>
    <UnitTest name="InvokeMethod_GetAudioFileContent_GetParametersTest" storage="d:\actions-runner\_work\xpco\xpco\corporate\videoos.management.server.unittests\bin\x64\debug\net472\videoos.management.server.unittests.dll" id="9a0e743f-0069-4614-6fbb-014761a1d3d7">
      <Execution id="e55ade72-6c9c-4aad-a2c8-0a66f8e7c5b6" />
      <TestMethod codeBase="D:\actions-runner\_work\XPCO\XPCO\Corporate\VideoOS.Management.Server.UnitTests\bin\x64\Debug\net472\VideoOS.Management.Server.UnitTests.dll" adapterTypeName="executor://mstestadapter/v2" className="VideoOS.Management.Server.UnitTests.ConfigurationAPI.BusinessObjects.AudioMessage.AudioMessageConfigurationApiTest" name="InvokeMethod_GetAudioFileContent_GetParametersTest" />
    </UnitTest>
    <UnitTest name="SendCommandSecurityVisitor_UpdateSecurityManagerCommand_SecurityPermissionsDevice_Microphone_Add_Allowed" storage="d:\actions-runner\_work\xpco\xpco\corporate\videoos.management.server.unittests\bin\x64\debug\net472\videoos.management.server.unittests.dll" id="d5ca13f2-b839-d455-b20a-6578521aff59">
      <Execution id="cd0e22cd-0719-4654-9ffe-e30e5dc9cb85" />
      <TestMethod codeBase="D:\actions-runner\_work\XPCO\XPCO\Corporate\VideoOS.Management.Server.UnitTests\bin\x64\Debug\net472\VideoOS.Management.Server.UnitTests.dll" adapterTypeName="executor://mstestadapter/v2" className="VideoOS.Management.Server.UnitTests.SendCommandSecurityVisitorTests" name="SendCommandSecurityVisitor_UpdateSecurityManagerCommand_SecurityPermissionsDevice_Microphone_Add_Allowed" />
    </UnitTest>
    <UnitTest name="GetXml_WhenRuleTypeIsEventWithEventSourceIdSet_MatchesXml" storage="d:\actions-runner\_work\xpco\xpco\corporate\videoos.management.server.unittests\bin\x64\debug\net472\videoos.management.server.unittests.dll" id="7334d88d-0046-d392-0672-2d17d2e98c6f">
      <Execution id="63ba41cc-d741-4d61-b3a1-d4f6494ccca2" />
      <TestMethod codeBase="D:\actions-runner\_work\XPCO\XPCO\Corporate\VideoOS.Management.Server.UnitTests\bin\x64\Debug\net472\VideoOS.Management.Server.UnitTests.dll" adapterTypeName="executor://mstestadapter/v2" className="VideoOS.Management.Server.UnitTests.ConfigurationAPI.Rules.Backend.Builders.RuleTypeXmlBuilderTests" name="GetXml_WhenRuleTypeIsEventWithEventSourceIdSet_MatchesXml" />
    </UnitTest>
    <UnitTest name="SpecialCases_IsPropertyRestApiPrivate_Correct" storage="d:\actions-runner\_work\xpco\xpco\corporate\videoos.management.server.unittests\bin\x64\debug\net472\videoos.management.server.unittests.dll" id="f429f379-2918-68d5-92e1-9d4b5818f6d5">
      <Execution id="c0771fa2-06cc-41d1-8eea-62fd11820072" />
      <TestMethod codeBase="D:\actions-runner\_work\XPCO\XPCO\Corporate\VideoOS.Management.Server.UnitTests\bin\x64\Debug\net472\VideoOS.Management.Server.UnitTests.dll" adapterTypeName="executor://mstestadapter/v2" className="VideoOS.Management.Server.UnitTests.RestApi.SpecialCasesTests" name="SpecialCases_IsPropertyRestApiPrivate_Correct" />
    </UnitTest>
    <UnitTest name="Update_DoesCorrectPassThrough" storage="d:\actions-runner\_work\xpco\xpco\corporate\videoos.management.server.unittests\bin\x64\debug\net472\videoos.management.server.unittests.dll" id="d09d3787-5f57-d694-55dd-8472df1292a0">
      <Execution id="1b107d80-b9d5-4732-b749-587bd9876512" />
      <TestMethod codeBase="D:\actions-runner\_work\XPCO\XPCO\Corporate\VideoOS.Management.Server.UnitTests\bin\x64\Debug\net472\VideoOS.Management.Server.UnitTests.dll" adapterTypeName="executor://mstestadapter/v2" className="VideoOS.Management.Server.UnitTests.RestApi.ConfigurationApiManagerTests" name="Update_DoesCorrectPassThrough" />
    </UnitTest>
    <UnitTest name="Build_WhenActionIsActivateArchiving_ReturnsRuleModel" storage="d:\actions-runner\_work\xpco\xpco\corporate\videoos.management.server.unittests\bin\x64\debug\net472\videoos.management.server.unittests.dll" id="0069b581-0a57-9856-3544-d2d3e37a9f76">
      <Execution id="59a55ed6-0889-44f2-b00a-2cc80a45c4a2" />
      <TestMethod codeBase="D:\actions-runner\_work\XPCO\XPCO\Corporate\VideoOS.Management.Server.UnitTests\bin\x64\Debug\net472\VideoOS.Management.Server.UnitTests.dll" adapterTypeName="executor://mstestadapter/v2" className="VideoOS.Management.Server.UnitTests.ConfigurationAPI.Rules.Backend.Builders.XmlRuleModelBuilderTests" name="Build_WhenActionIsActivateArchiving_ReturnsRuleModel" />
    </UnitTest>
    <UnitTest name="SendCommandSecurityVisitor_UpdateHardwareReadOnlySettingsCommand_NotSupportedException" storage="d:\actions-runner\_work\xpco\xpco\corporate\videoos.management.server.unittests\bin\x64\debug\net472\videoos.management.server.unittests.dll" id="2199058c-8239-d1e4-40d8-d1d748c6fe1f">
      <Execution id="33aa907c-857c-4e73-bf0b-951cf03ce689" />
      <TestMethod codeBase="D:\actions-runner\_work\XPCO\XPCO\Corporate\VideoOS.Management.Server.UnitTests\bin\x64\Debug\net472\VideoOS.Management.Server.UnitTests.dll" adapterTypeName="executor://mstestadapter/v2" className="VideoOS.Management.Server.UnitTests.SendCommandSecurityVisitorTests" name="SendCommandSecurityVisitor_UpdateHardwareReadOnlySettingsCommand_NotSupportedException" />
    </UnitTest>
    <UnitTest name="GetVmsUserCollection_ThrowException_ThrowsGenericIdpException" storage="d:\actions-runner\_work\xpco\xpco\corporate\videoos.management.server.unittests\bin\x64\debug\net472\videoos.management.server.unittests.dll" id="e5d0e237-faee-d3a2-c792-a0b3374a27e5">
      <Execution id="caa7da20-8db0-4fba-9f0b-8c78cc67db26" />
      <TestMethod codeBase="D:\actions-runner\_work\XPCO\XPCO\Corporate\VideoOS.Management.Server.UnitTests\bin\x64\Debug\net472\VideoOS.Management.Server.UnitTests.dll" adapterTypeName="executor://mstestadapter/v2" className="VideoOS.Management.Server.UnitTests.DataComponents.Idp.UserIdpComponentTests" name="GetVmsUserCollection_ThrowException_ThrowsGenericIdpException" />
    </UnitTest>
    <UnitTest name="Validate_WhenObjectExists_ReturnsTrue" storage="d:\actions-runner\_work\xpco\xpco\corporate\videoos.management.server.unittests\bin\x64\debug\net472\videoos.management.server.unittests.dll" id="524bfdaa-4ece-bf9b-09bf-d73bdaf697c2">
      <Execution id="6f521c44-fed7-4491-becd-71434ed38d03" />
      <TestMethod codeBase="D:\actions-runner\_work\XPCO\XPCO\Corporate\VideoOS.Management.Server.UnitTests\bin\x64\Debug\net472\VideoOS.Management.Server.UnitTests.dll" adapterTypeName="executor://mstestadapter/v2" className="VideoOS.Management.Server.UnitTests.ConfigurationAPI.Rules.Backend.Validation.ValueValidators.AccessControlGroupEventParameterValueValidatorTest" name="Validate_WhenObjectExists_ReturnsTrue" />
    </UnitTest>
    <UnitTest name="EnsureIsRunning_Success" storage="d:\actions-runner\_work\xpco\xpco\corporate\videoos.management.server.unittests\bin\x64\debug\net472\videoos.management.server.unittests.dll" id="7a14ce95-f8a8-fdde-36ed-122dec815a1a">
      <Execution id="2ead57b7-4714-41b8-8fb5-894838c733e9" />
      <TestMethod codeBase="D:\actions-runner\_work\XPCO\XPCO\Corporate\VideoOS.Management.Server.UnitTests\bin\x64\Debug\net472\VideoOS.Management.Server.UnitTests.dll" adapterTypeName="executor://mstestadapter/v2" className="VideoOS.Management.Server.UnitTests.Integration.TokenCacheServiceUnitTests" name="EnsureIsRunning_Success" />
    </UnitTest>
    <UnitTest name="CreateLogin_MethodCalled_CorrectMethodIsCalledOnIdpAdministrationClient" storage="d:\actions-runner\_work\xpco\xpco\corporate\videoos.management.server.unittests\bin\x64\debug\net472\videoos.management.server.unittests.dll" id="46a7e877-8891-557c-f3ab-93f12796e093">
      <Execution id="7c950555-e67e-49c3-ae4c-694281677204" />
      <TestMethod codeBase="D:\actions-runner\_work\XPCO\XPCO\Corporate\VideoOS.Management.Server.UnitTests\bin\x64\Debug\net472\VideoOS.Management.Server.UnitTests.dll" adapterTypeName="executor://mstestadapter/v2" className="VideoOS.Management.Server.UnitTests.DataComponents.Idp.UserIdpComponentTests" name="CreateLogin_MethodCalled_CorrectMethodIsCalledOnIdpAdministrationClient" />
    </UnitTest>
    <UnitTest name="GetCurrentProperties_WhenNoRuleTypePresent_ReturnsNoProperties" storage="d:\actions-runner\_work\xpco\xpco\corporate\videoos.management.server.unittests\bin\x64\debug\net472\videoos.management.server.unittests.dll" id="392c34dd-c515-330d-1cc3-9c31c918c15f">
      <Execution id="3ba76a5a-7abd-4443-944b-2ba26f1309ee" />
      <TestMethod codeBase="D:\actions-runner\_work\XPCO\XPCO\Corporate\VideoOS.Management.Server.UnitTests\bin\x64\Debug\net472\VideoOS.Management.Server.UnitTests.dll" adapterTypeName="executor://mstestadapter/v2" className="VideoOS.Management.Server.UnitTests.ConfigurationAPI.Rules.Methods.StartRuleTypeStepTests" name="GetCurrentProperties_WhenNoRuleTypePresent_ReturnsNoProperties" />
    </UnitTest>
    <UnitTest name="Build_WhenStopRuleTypeIsTimerWithInvalidDelay_DefaultDelayIsSet" storage="d:\actions-runner\_work\xpco\xpco\corporate\videoos.management.server.unittests\bin\x64\debug\net472\videoos.management.server.unittests.dll" id="b7552027-289e-abdc-a51a-1eecf123f5bc">
      <Execution id="6a5e1611-d685-4ff8-85f2-a926d10b06a8" />
      <TestMethod codeBase="D:\actions-runner\_work\XPCO\XPCO\Corporate\VideoOS.Management.Server.UnitTests\bin\x64\Debug\net472\VideoOS.Management.Server.UnitTests.dll" adapterTypeName="executor://mstestadapter/v2" className="VideoOS.Management.Server.UnitTests.ConfigurationAPI.Rules.Builders.RuleModelBuilderTests" name="Build_WhenStopRuleTypeIsTimerWithInvalidDelay_DefaultDelayIsSet" />
    </UnitTest>
    <UnitTest name="TryParseRuleType_FrequencyDaily_EveryTwoDays_ReturnsTrue" storage="d:\actions-runner\_work\xpco\xpco\corporate\videoos.management.server.unittests\bin\x64\debug\net472\videoos.management.server.unittests.dll" id="ff4d1bb3-e683-65be-00b0-7c808797030f">
      <Execution id="87ce7224-d3a6-4de3-af40-b91fcdf9b8f9" />
      <TestMethod codeBase="D:\actions-runner\_work\XPCO\XPCO\Corporate\VideoOS.Management.Server.UnitTests\bin\x64\Debug\net472\VideoOS.Management.Server.UnitTests.dll" adapterTypeName="executor://mstestadapter/v2" className="VideoOS.Management.Server.UnitTests.ConfigurationAPI.Rules.Backend.Builders.RuleTypeParserRecurringTimeTests" name="TryParseRuleType_FrequencyDaily_EveryTwoDays_ReturnsTrue" />
    </UnitTest>
    <UnitTest name="Build_WhenActionIsStartFeed_ReturnsRuleModel" storage="d:\actions-runner\_work\xpco\xpco\corporate\videoos.management.server.unittests\bin\x64\debug\net472\videoos.management.server.unittests.dll" id="ad0fc267-cc10-fc86-a7e8-89fad5957ed8">
      <Execution id="4f5ac0c9-c977-43c8-8edc-2e00921080c3" />
      <TestMethod codeBase="D:\actions-runner\_work\XPCO\XPCO\Corporate\VideoOS.Management.Server.UnitTests\bin\x64\Debug\net472\VideoOS.Management.Server.UnitTests.dll" adapterTypeName="executor://mstestadapter/v2" className="VideoOS.Management.Server.UnitTests.ConfigurationAPI.Rules.Backend.Builders.XmlRuleModelBuilderTests" name="Build_WhenActionIsStartFeed_ReturnsRuleModel" />
    </UnitTest>
    <UnitTest name="ServerProxyService_GetHardwareDefinitionByDigest_NotFiltered" storage="d:\actions-runner\_work\xpco\xpco\corporate\videoos.management.server.unittests\bin\x64\debug\net472\videoos.management.server.unittests.dll" id="31bd5fdb-71c1-b403-66fb-3bd6173659fb">
      <Execution id="e0b21334-4fa8-43bf-bef4-b2c8bb3d9e0e" />
      <TestMethod codeBase="D:\actions-runner\_work\XPCO\XPCO\Corporate\VideoOS.Management.Server.UnitTests\bin\x64\Debug\net472\VideoOS.Management.Server.UnitTests.dll" adapterTypeName="executor://mstestadapter/v2" className="VideoOS.Management.Server.UnitTests.ServerProxyServiceUnitTests" name="ServerProxyService_GetHardwareDefinitionByDigest_NotFiltered" />
    </UnitTest>
    <UnitTest name="Validate_WhenEventTypeDoesNotExistInDb_Error" storage="d:\actions-runner\_work\xpco\xpco\corporate\videoos.management.server.unittests\bin\x64\debug\net472\videoos.management.server.unittests.dll" id="d2feaf1f-05f4-3165-07d1-dfe8a3689d4d">
      <Execution id="519be437-4701-496b-9233-25538b248c49" />
      <TestMethod codeBase="D:\actions-runner\_work\XPCO\XPCO\Corporate\VideoOS.Management.Server.UnitTests\bin\x64\Debug\net472\VideoOS.Management.Server.UnitTests.dll" adapterTypeName="executor://mstestadapter/v2" className="VideoOS.Management.Server.UnitTests.ConfigurationAPI.Rules.Backend.Validation.EventValidatorTests" name="Validate_WhenEventTypeDoesNotExistInDb_Error" />
    </UnitTest>
    <UnitTest name="Delete_ValidObject_PassedOnToSubController_ReturnsResultCode" storage="d:\actions-runner\_work\xpco\xpco\corporate\videoos.management.server.unittests\bin\x64\debug\net472\videoos.management.server.unittests.dll" id="3c6fcf4b-41bb-0a89-9753-3338a806bdaa">
      <Execution id="f90e161c-1c33-4732-89a9-c29954643677" />
      <TestMethod codeBase="D:\actions-runner\_work\XPCO\XPCO\Corporate\VideoOS.Management.Server.UnitTests\bin\x64\Debug\net472\VideoOS.Management.Server.UnitTests.dll" adapterTypeName="executor://mstestadapter/v2" className="VideoOS.Management.Server.UnitTests.RestApi.SpecificChildItemControllerTests" name="Delete_ValidObject_PassedOnToSubController_ReturnsResultCode" />
    </UnitTest>
    <UnitTest name="Invoke_WhenLicensePlateNotFound_ArgumentException" storage="d:\actions-runner\_work\xpco\xpco\corporate\videoos.management.server.unittests\bin\x64\debug\net472\videoos.management.server.unittests.dll" id="44610bd5-4d90-7823-f81d-b14e5429a417">
      <Execution id="c430135d-790b-4258-8fb8-e4df64f9a561" />
      <TestMethod codeBase="D:\actions-runner\_work\XPCO\XPCO\Corporate\VideoOS.Management.Server.UnitTests\bin\x64\Debug\net472\VideoOS.Management.Server.UnitTests.dll" adapterTypeName="executor://mstestadapter/v2" className="VideoOS.Management.Server.UnitTests.ConfigurationAPI.BusinessObjects.LprMatchList.Methods.GetCustomFieldsForRegistrationNumberTests" name="Invoke_WhenLicensePlateNotFound_ArgumentException" />
    </UnitTest>
    <UnitTest name="GetXml_WhenStopSetRecordingFramerate_MatchesXml" storage="d:\actions-runner\_work\xpco\xpco\corporate\videoos.management.server.unittests\bin\x64\debug\net472\videoos.management.server.unittests.dll" id="0db7acd8-cd43-a484-814c-1d5e6746c2dd">
      <Execution id="8fc7345a-1a89-4eaf-8499-72ff60fd7478" />
      <TestMethod codeBase="D:\actions-runner\_work\XPCO\XPCO\Corporate\VideoOS.Management.Server.UnitTests\bin\x64\Debug\net472\VideoOS.Management.Server.UnitTests.dll" adapterTypeName="executor://mstestadapter/v2" className="VideoOS.Management.Server.UnitTests.ConfigurationAPI.Rules.Backend.Builders.ActionXmlBuilderTests" name="GetXml_WhenStopSetRecordingFramerate_MatchesXml" />
    </UnitTest>
    <UnitTest name="GetCurrentProperties_WhenStopRuleIsRecurringTime_ReturnsEmptyList" storage="d:\actions-runner\_work\xpco\xpco\corporate\videoos.management.server.unittests\bin\x64\debug\net472\videoos.management.server.unittests.dll" id="4e707089-aa15-46f9-2724-5d5ffbce578b">
      <Execution id="cae381a8-014a-4296-bd79-5cd4b36ee908" />
      <TestMethod codeBase="D:\actions-runner\_work\XPCO\XPCO\Corporate\VideoOS.Management.Server.UnitTests\bin\x64\Debug\net472\VideoOS.Management.Server.UnitTests.dll" adapterTypeName="executor://mstestadapter/v2" className="VideoOS.Management.Server.UnitTests.ConfigurationAPI.Rules.Methods.StopRuleTypeStepTests" name="GetCurrentProperties_WhenStopRuleIsRecurringTime_ReturnsEmptyList" />
    </UnitTest>
    <UnitTest name="Build_WhenActionIsSetBookmark_ReturnsRuleModel" storage="d:\actions-runner\_work\xpco\xpco\corporate\videoos.management.server.unittests\bin\x64\debug\net472\videoos.management.server.unittests.dll" id="f48cc845-b01e-6c08-7da0-c1b382938acf">
      <Execution id="a03e2f1a-15f7-481e-a4c9-4452cfd7245c" />
      <TestMethod codeBase="D:\actions-runner\_work\XPCO\XPCO\Corporate\VideoOS.Management.Server.UnitTests\bin\x64\Debug\net472\VideoOS.Management.Server.UnitTests.dll" adapterTypeName="executor://mstestadapter/v2" className="VideoOS.Management.Server.UnitTests.ConfigurationAPI.Rules.Backend.Builders.XmlRuleModelBuilderTests" name="Build_WhenActionIsSetBookmark_ReturnsRuleModel" />
    </UnitTest>
    <UnitTest name="GetItem_PathIsFolder" storage="d:\actions-runner\_work\xpco\xpco\corporate\videoos.management.server.unittests\bin\x64\debug\net472\videoos.management.server.unittests.dll" id="dbff7ba6-3066-6207-5a06-7139c39e15a3">
      <Execution id="1de431e6-6b78-4bff-97a2-6066da06fe65" />
      <TestMethod codeBase="D:\actions-runner\_work\XPCO\XPCO\Corporate\VideoOS.Management.Server.UnitTests\bin\x64\Debug\net472\VideoOS.Management.Server.UnitTests.dll" adapterTypeName="executor://mstestadapter/v2" className="VideoOS.Management.Server.UnitTests.ConfigurationAPI.BusinessObjects.SearchTemplate.SearchTemplateConfigurationApiTest" name="GetItem_PathIsFolder" />
    </UnitTest>
    <UnitTest name="Build_WhenTypeIsTimeInterval_ReturnsRuleModelWithTimeIntervalType" storage="d:\actions-runner\_work\xpco\xpco\corporate\videoos.management.server.unittests\bin\x64\debug\net472\videoos.management.server.unittests.dll" id="97d20598-119c-6a91-ee71-b33452a63bcc">
      <Execution id="08e548bc-0315-4d4e-926f-9e55d8b342b2" />
      <TestMethod codeBase="D:\actions-runner\_work\XPCO\XPCO\Corporate\VideoOS.Management.Server.UnitTests\bin\x64\Debug\net472\VideoOS.Management.Server.UnitTests.dll" adapterTypeName="executor://mstestadapter/v2" className="VideoOS.Management.Server.UnitTests.ConfigurationAPI.Rules.Backend.Builders.RuleTypeParserTests" name="Build_WhenTypeIsTimeInterval_ReturnsRuleModelWithTimeIntervalType" />
    </UnitTest>
    <UnitTest name="SendCommandSecurityVisitor_UpdateConfigurationManagerCommand_Input_Edit_Allowed" storage="d:\actions-runner\_work\xpco\xpco\corporate\videoos.management.server.unittests\bin\x64\debug\net472\videoos.management.server.unittests.dll" id="ebd09186-3cfd-ad29-a8d9-7f3c87e81855">
      <Execution id="99c18f78-c6a4-413c-9218-916d948e48b8" />
      <TestMethod codeBase="D:\actions-runner\_work\XPCO\XPCO\Corporate\VideoOS.Management.Server.UnitTests\bin\x64\Debug\net472\VideoOS.Management.Server.UnitTests.dll" adapterTypeName="executor://mstestadapter/v2" className="VideoOS.Management.Server.UnitTests.SendCommandSecurityVisitorTests" name="SendCommandSecurityVisitor_UpdateConfigurationManagerCommand_Input_Edit_Allowed" />
    </UnitTest>
    <UnitTest name="SetItem_ParamNullCheck1" storage="d:\actions-runner\_work\xpco\xpco\corporate\videoos.management.server.unittests\bin\x64\debug\net472\videoos.management.server.unittests.dll" id="f298e08b-35ae-b2c3-5367-15c8dd83e91d">
      <Execution id="9a53da11-d8a2-4508-9b93-57b14cd1952f" />
      <TestMethod codeBase="D:\actions-runner\_work\XPCO\XPCO\Corporate\VideoOS.Management.Server.UnitTests\bin\x64\Debug\net472\VideoOS.Management.Server.UnitTests.dll" adapterTypeName="executor://mstestadapter/v2" className="VideoOS.Management.Server.UnitTests.ConfigurationAPI.BusinessObjects.BasicOwnerInformationConfigurationApiTests" name="SetItem_ParamNullCheck1" />
    </UnitTest>
    <UnitTest name="Invoke_ArgumentException3" storage="d:\actions-runner\_work\xpco\xpco\corporate\videoos.management.server.unittests\bin\x64\debug\net472\videoos.management.server.unittests.dll" id="03e4efda-ed85-df33-47f3-8007a362aae6">
      <Execution id="e4ffcb47-bfa7-48d3-b677-9d4b481845aa" />
      <TestMethod codeBase="D:\actions-runner\_work\XPCO\XPCO\Corporate\VideoOS.Management.Server.UnitTests\bin\x64\Debug\net472\VideoOS.Management.Server.UnitTests.dll" adapterTypeName="executor://mstestadapter/v2" className="VideoOS.Management.Server.UnitTests.ConfigurationAPI.BusinessObjects.BasicOwnerInformationConfigurationApiTests" name="Invoke_ArgumentException3" />
    </UnitTest>
    <UnitTest name="GetItem_FindSaveSearches" storage="d:\actions-runner\_work\xpco\xpco\corporate\videoos.management.server.unittests\bin\x64\debug\net472\videoos.management.server.unittests.dll" id="81063b68-97c3-8964-19d0-3444b84e05a5">
      <Execution id="19f31ae5-768e-4990-ba15-1ac21cbb55fb" />
      <TestMethod codeBase="D:\actions-runner\_work\XPCO\XPCO\Corporate\VideoOS.Management.Server.UnitTests\bin\x64\Debug\net472\VideoOS.Management.Server.UnitTests.dll" adapterTypeName="executor://mstestadapter/v2" className="VideoOS.Management.Server.UnitTests.ConfigurationAPI.BusinessObjects.SearchTemplate.SearchTemplateConfigurationApiTest" name="GetItem_FindSaveSearches" />
    </UnitTest>
    <UnitTest name="IsFeatureLicensed_DoesNotUpdateLicense_OnceInitialized" storage="d:\actions-runner\_work\xpco\xpco\corporate\videoos.management.server.unittests\bin\x64\debug\net472\videoos.management.server.unittests.dll" id="eb704e5b-4508-f5a5-0516-f1e23d5d9aae">
      <TestCategory>
        <TestCategoryItem TestCategory="License" />
      </TestCategory>
      <Execution id="6a934693-431a-4608-9d93-738887775b84" />
      <TestMethod codeBase="D:\actions-runner\_work\XPCO\XPCO\Corporate\VideoOS.Management.Server.UnitTests\bin\x64\Debug\net472\VideoOS.Management.Server.UnitTests.dll" adapterTypeName="executor://mstestadapter/v2" className="VideoOS.Management.Server.UnitTests.FeatureCacheManagerTests" name="IsFeatureLicensed_DoesNotUpdateLicense_OnceInitialized" />
    </UnitTest>
    <UnitTest name="DeviceEvents_UpdateDeviceEvents_Fail_DifferentUpdateTimes" storage="d:\actions-runner\_work\xpco\xpco\corporate\videoos.management.server.unittests\bin\x64\debug\net472\videoos.management.server.unittests.dll" id="c2fbc879-8781-c67e-ad4f-0e9b7399f147">
      <Execution id="e6a9648a-23ff-4206-a02f-209bf396270c" />
      <TestMethod codeBase="D:\actions-runner\_work\XPCO\XPCO\Corporate\VideoOS.Management.Server.UnitTests\bin\x64\Debug\net472\VideoOS.Management.Server.UnitTests.dll" adapterTypeName="executor://mstestadapter/v2" className="VideoOS.Management.Server.UnitTests.BusinessObjects.DeviceEventsUnitTests" name="DeviceEvents_UpdateDeviceEvents_Fail_DifferentUpdateTimes" />
    </UnitTest>
    <UnitTest name="Build_DaysOfWeek_WhenTrue_ParameterNotPresent_ThrowsException" storage="d:\actions-runner\_work\xpco\xpco\corporate\videoos.management.server.unittests\bin\x64\debug\net472\videoos.management.server.unittests.dll" id="f6ce8734-4b71-5591-9775-1f618b0ef898">
      <Execution id="89849e2f-f3ce-4c0c-9cc7-44c8904b26b8" />
      <TestMethod codeBase="D:\actions-runner\_work\XPCO\XPCO\Corporate\VideoOS.Management.Server.UnitTests\bin\x64\Debug\net472\VideoOS.Management.Server.UnitTests.dll" adapterTypeName="executor://mstestadapter/v2" className="VideoOS.Management.Server.UnitTests.ConfigurationAPI.Rules.Builders.RuleModelConditionsBuilderTests" name="Build_DaysOfWeek_WhenTrue_ParameterNotPresent_ThrowsException" />
    </UnitTest>
    <UnitTest name="GetXml_WhenRuleIsRecordAlways_MatchesXml" storage="d:\actions-runner\_work\xpco\xpco\corporate\videoos.management.server.unittests\bin\x64\debug\net472\videoos.management.server.unittests.dll" id="4b13899a-72f5-dcd3-f3fe-f1869c383c9f">
      <Execution id="bb56d40e-7648-4204-bf78-8e24bcf74347" />
      <TestMethod codeBase="D:\actions-runner\_work\XPCO\XPCO\Corporate\VideoOS.Management.Server.UnitTests\bin\x64\Debug\net472\VideoOS.Management.Server.UnitTests.dll" adapterTypeName="executor://mstestadapter/v2" className="VideoOS.Management.Server.UnitTests.ConfigurationAPI.Rules.Backend.Builders.RuleModelXmlBuilderTests" name="GetXml_WhenRuleIsRecordAlways_MatchesXml" />
    </UnitTest>
    <UnitTest name="GetItem_LicenseDetailFolder_SunnyDay" storage="d:\actions-runner\_work\xpco\xpco\corporate\videoos.management.server.unittests\bin\x64\debug\net472\videoos.management.server.unittests.dll" id="59bb6cc1-f43d-00f2-8337-f07e1e8ee613">
      <Execution id="dedfaa81-930a-4b3e-9811-505d2a29a05b" />
      <TestMethod codeBase="D:\actions-runner\_work\XPCO\XPCO\Corporate\VideoOS.Management.Server.UnitTests\bin\x64\Debug\net472\VideoOS.Management.Server.UnitTests.dll" adapterTypeName="executor://mstestadapter/v2" className="VideoOS.Management.Server.UnitTests.ConfigurationAPI.BusinessObjects.LicenseConfigurationApiTests" name="GetItem_LicenseDetailFolder_SunnyDay" />
    </UnitTest>
    <UnitTest name="Build_DaysOfWeek_WhenFalse_ParameterNotPresent_ConditionNotAdded" storage="d:\actions-runner\_work\xpco\xpco\corporate\videoos.management.server.unittests\bin\x64\debug\net472\videoos.management.server.unittests.dll" id="2eb837c4-ca6b-e047-4e78-a4031f067791">
      <Execution id="490636ee-1140-4382-b5e8-7b7e4a607cc4" />
      <TestMethod codeBase="D:\actions-runner\_work\XPCO\XPCO\Corporate\VideoOS.Management.Server.UnitTests\bin\x64\Debug\net472\VideoOS.Management.Server.UnitTests.dll" adapterTypeName="executor://mstestadapter/v2" className="VideoOS.Management.Server.UnitTests.ConfigurationAPI.Rules.Builders.RuleModelConditionsBuilderTests" name="Build_DaysOfWeek_WhenFalse_ParameterNotPresent_ConditionNotAdded" />
    </UnitTest>
    <UnitTest name="GetCurrentProperties_WhenRuleTypeIsEvent_EventTypeNotPresent_ReturnsRuleTypeAndEventGroupProperties" storage="d:\actions-runner\_work\xpco\xpco\corporate\videoos.management.server.unittests\bin\x64\debug\net472\videoos.management.server.unittests.dll" id="ea2458c0-9424-d64e-fc9f-cd714df52505">
      <Execution id="3347947c-92fc-488e-a902-9fc65c05aa7e" />
      <TestMethod codeBase="D:\actions-runner\_work\XPCO\XPCO\Corporate\VideoOS.Management.Server.UnitTests\bin\x64\Debug\net472\VideoOS.Management.Server.UnitTests.dll" adapterTypeName="executor://mstestadapter/v2" className="VideoOS.Management.Server.UnitTests.ConfigurationAPI.Rules.Methods.StartRuleTypeStepTests" name="GetCurrentProperties_WhenRuleTypeIsEvent_EventTypeNotPresent_ReturnsRuleTypeAndEventGroupProperties" />
    </UnitTest>
    <UnitTest name="Build_SetDeviceOutputStateAction_CorrectProperties" storage="d:\actions-runner\_work\xpco\xpco\corporate\videoos.management.server.unittests\bin\x64\debug\net472\videoos.management.server.unittests.dll" id="cc9482c8-72fb-3114-929a-def3362bf992">
      <Execution id="bcc2a7d7-6232-4f5d-a02a-b717aa5b7d8b" />
      <TestMethod codeBase="D:\actions-runner\_work\XPCO\XPCO\Corporate\VideoOS.Management.Server.UnitTests\bin\x64\Debug\net472\VideoOS.Management.Server.UnitTests.dll" adapterTypeName="executor://mstestadapter/v2" className="VideoOS.Management.Server.UnitTests.ConfigurationAPI.Rules.Builders.ConfigurationItemBuilderTests" name="Build_SetDeviceOutputStateAction_CorrectProperties" />
    </UnitTest>
    <UnitTest name="GetItem_LicenseInstalledProductFolder_SunnyDay" storage="d:\actions-runner\_work\xpco\xpco\corporate\videoos.management.server.unittests\bin\x64\debug\net472\videoos.management.server.unittests.dll" id="a90721fb-53f3-e6e2-ace9-bad821863b4c">
      <Execution id="757dd557-3a59-4b2f-9347-be0004586179" />
      <TestMethod codeBase="D:\actions-runner\_work\XPCO\XPCO\Corporate\VideoOS.Management.Server.UnitTests\bin\x64\Debug\net472\VideoOS.Management.Server.UnitTests.dll" adapterTypeName="executor://mstestadapter/v2" className="VideoOS.Management.Server.UnitTests.ConfigurationAPI.BusinessObjects.LicenseConfigurationApiTests" name="GetItem_LicenseInstalledProductFolder_SunnyDay" />
    </UnitTest>
    <UnitTest name="GetItems_ShouldCreateRegistrationItem_IfNotExists" storage="d:\actions-runner\_work\xpco\xpco\corporate\videoos.management.server.unittests\bin\x64\debug\net472\videoos.management.server.unittests.dll" id="af15f0ff-3f82-0963-716c-dcb7f40d0372">
      <Execution id="c4619065-e4df-42ad-9226-5bfc31d71dc2" />
      <TestMethod codeBase="D:\actions-runner\_work\XPCO\XPCO\Corporate\VideoOS.Management.Server.UnitTests\bin\x64\Debug\net472\VideoOS.Management.Server.UnitTests.dll" adapterTypeName="executor://mstestadapter/v2" className="VideoOS.Management.Server.UnitTests.BusinessObjects.ManagementServer.MIPItem.MIPItemTests" name="GetItems_ShouldCreateRegistrationItem_IfNotExists" />
    </UnitTest>
    <UnitTest name="GetChildItems_BasicOwnerInformation_NoChildren" storage="d:\actions-runner\_work\xpco\xpco\corporate\videoos.management.server.unittests\bin\x64\debug\net472\videoos.management.server.unittests.dll" id="4110fee6-ea6d-533b-91c7-eef9382e6601">
      <Execution id="05d2bf00-345a-43c7-8187-5be9a080c5da" />
      <TestMethod codeBase="D:\actions-runner\_work\XPCO\XPCO\Corporate\VideoOS.Management.Server.UnitTests\bin\x64\Debug\net472\VideoOS.Management.Server.UnitTests.dll" adapterTypeName="executor://mstestadapter/v2" className="VideoOS.Management.Server.UnitTests.ConfigurationAPI.BusinessObjects.BasicOwnerInformationConfigurationApiTests" name="GetChildItems_BasicOwnerInformation_NoChildren" />
    </UnitTest>
    <UnitTest name="ValidateItem_UnsupportedTest" storage="d:\actions-runner\_work\xpco\xpco\corporate\videoos.management.server.unittests\bin\x64\debug\net472\videoos.management.server.unittests.dll" id="62de7146-06f2-4e53-faf9-1afc4ff842a5">
      <Execution id="b96086b0-726c-48ec-82f4-0ea9d0900741" />
      <TestMethod codeBase="D:\actions-runner\_work\XPCO\XPCO\Corporate\VideoOS.Management.Server.UnitTests\bin\x64\Debug\net472\VideoOS.Management.Server.UnitTests.dll" adapterTypeName="executor://mstestadapter/v2" className="VideoOS.Management.Server.UnitTests.ConfigurationAPI.BusinessObjects.AudioMessage.AudioMessageFolderConfigurationApiTest" name="ValidateItem_UnsupportedTest" />
    </UnitTest>
    <UnitTest name="Invoke_NullCheck3" storage="d:\actions-runner\_work\xpco\xpco\corporate\videoos.management.server.unittests\bin\x64\debug\net472\videoos.management.server.unittests.dll" id="b2e55ec2-53d3-8dbc-b11f-5ffe9866d6e5">
      <Execution id="4b3c8fec-43e1-41cd-917b-53ebb1af8a12" />
      <TestMethod codeBase="D:\actions-runner\_work\XPCO\XPCO\Corporate\VideoOS.Management.Server.UnitTests\bin\x64\Debug\net472\VideoOS.Management.Server.UnitTests.dll" adapterTypeName="executor://mstestadapter/v2" className="VideoOS.Management.Server.UnitTests.ConfigurationAPI.BusinessObjects.LicenseConfigurationApiTests" name="Invoke_NullCheck3" />
    </UnitTest>
    <UnitTest name="SystemSettingsManager_ConvertToDatabaseValue_WithDecryptedPassword" storage="d:\actions-runner\_work\xpco\xpco\corporate\videoos.management.server.unittests\bin\x64\debug\net472\videoos.management.server.unittests.dll" id="0f52f7d2-0e4b-a4ac-1709-493c38e4d2da">
      <Execution id="c0e6f727-bcc9-47d9-83c1-81dd60e65c80" />
      <TestMethod codeBase="D:\actions-runner\_work\XPCO\XPCO\Corporate\VideoOS.Management.Server.UnitTests\bin\x64\Debug\net472\VideoOS.Management.Server.UnitTests.dll" adapterTypeName="executor://mstestadapter/v2" className="VideoOS.Management.Server.UnitTests.SystemSettingsManagerTests" name="SystemSettingsManager_ConvertToDatabaseValue_WithDecryptedPassword" />
    </UnitTest>
    <UnitTest name="Validate_WhenEventDataIsValid_NoError" storage="d:\actions-runner\_work\xpco\xpco\corporate\videoos.management.server.unittests\bin\x64\debug\net472\videoos.management.server.unittests.dll" id="a8bf8d4a-4736-deb7-4bcd-6800aaf4da2e">
      <Execution id="1c643edd-2b2a-4669-af1d-e076615c5c5c" />
      <TestMethod codeBase="D:\actions-runner\_work\XPCO\XPCO\Corporate\VideoOS.Management.Server.UnitTests\bin\x64\Debug\net472\VideoOS.Management.Server.UnitTests.dll" adapterTypeName="executor://mstestadapter/v2" className="VideoOS.Management.Server.UnitTests.ConfigurationAPI.Rules.Backend.Validation.EventValidatorTests" name="Validate_WhenEventDataIsValid_NoError" />
    </UnitTest>
    <UnitTest name="StringTo2DimensionalArray_SplitsAndUnescapes" storage="d:\actions-runner\_work\xpco\xpco\corporate\videoos.management.server.unittests\bin\x64\debug\net472\videoos.management.server.unittests.dll" id="6bb89727-6ce5-c1bf-cc1f-f777f0ded440">
      <Execution id="1ae5549f-496f-484d-9b8e-e9ccbcde1590" />
      <TestMethod codeBase="D:\actions-runner\_work\XPCO\XPCO\Corporate\VideoOS.Management.Server.UnitTests\bin\x64\Debug\net472\VideoOS.Management.Server.UnitTests.dll" adapterTypeName="executor://mstestadapter/v2" className="VideoOS.Management.Server.UnitTests.ConfigurationAPI.Converters.StringCollectionConverterTests" name="StringTo2DimensionalArray_SplitsAndUnescapes" />
    </UnitTest>
    <UnitTest name="ClientProfileLegacyEncryptionHelper_Encrypt" storage="d:\actions-runner\_work\xpco\xpco\corporate\videoos.management.server.unittests\bin\x64\debug\net472\videoos.management.server.unittests.dll" id="3aeea82f-e8e2-ed4c-2b46-340083c12c03">
      <Execution id="001974d8-c157-4a2c-8cae-6a0a50715854" />
      <TestMethod codeBase="D:\actions-runner\_work\XPCO\XPCO\Corporate\VideoOS.Management.Server.UnitTests\bin\x64\Debug\net472\VideoOS.Management.Server.UnitTests.dll" adapterTypeName="executor://mstestadapter/v2" className="VideoOS.Management.Server.UnitTests.BusinessObjects.ManagementServer.ClientProfile.ClientProfileLegacyEncryptionHelperTest" name="ClientProfileLegacyEncryptionHelper_Encrypt" />
    </UnitTest>
    <UnitTest name="DevicePtzPresets_UpdatePtzPreset_Success" storage="d:\actions-runner\_work\xpco\xpco\corporate\videoos.management.server.unittests\bin\x64\debug\net472\videoos.management.server.unittests.dll" id="7737e60f-a804-e7a9-14a0-3ed728a5397d">
      <Execution id="4796bedd-4365-4233-ab9d-62a56bcdd5b9" />
      <TestMethod codeBase="D:\actions-runner\_work\XPCO\XPCO\Corporate\VideoOS.Management.Server.UnitTests\bin\x64\Debug\net472\VideoOS.Management.Server.UnitTests.dll" adapterTypeName="executor://mstestadapter/v2" className="VideoOS.Management.Server.UnitTests.BusinessObjects.DevicePtzPresetsUnitTests" name="DevicePtzPresets_UpdatePtzPreset_Success" />
    </UnitTest>
    <UnitTest name="GetXml_WhenActionIsSendSNMPTrap_MatchesXml" storage="d:\actions-runner\_work\xpco\xpco\corporate\videoos.management.server.unittests\bin\x64\debug\net472\videoos.management.server.unittests.dll" id="4965e393-aab6-0e63-261e-97ef989a1af4">
      <Execution id="12015bea-3619-411f-81e4-8f1c9210ddaf" />
      <TestMethod codeBase="D:\actions-runner\_work\XPCO\XPCO\Corporate\VideoOS.Management.Server.UnitTests\bin\x64\Debug\net472\VideoOS.Management.Server.UnitTests.dll" adapterTypeName="executor://mstestadapter/v2" className="VideoOS.Management.Server.UnitTests.ConfigurationAPI.Rules.Backend.Builders.ActionXmlBuilderTests" name="GetXml_WhenActionIsSendSNMPTrap_MatchesXml" />
    </UnitTest>
    <UnitTest name="FindSearchTemplates_ByAllParams_PrivateOnly" storage="d:\actions-runner\_work\xpco\xpco\corporate\videoos.management.server.unittests\bin\x64\debug\net472\videoos.management.server.unittests.dll" id="29c9c17d-26e1-29ef-11be-5b959a7a8e85">
      <Execution id="76882e87-bdea-48e7-b9dd-36f43569fbba" />
      <TestMethod codeBase="D:\actions-runner\_work\XPCO\XPCO\Corporate\VideoOS.Management.Server.UnitTests\bin\x64\Debug\net472\VideoOS.Management.Server.UnitTests.dll" adapterTypeName="executor://mstestadapter/v2" className="VideoOS.Management.Server.UnitTests.BusinessObjects.ManagementServer.SearchTemplate.SearchTemplateFindTests" name="FindSearchTemplates_ByAllParams_PrivateOnly" />
    </UnitTest>
    <UnitTest name="GetNextProperties_WhenActionPropertyPresentWithNoValue_ReturnsOnlyActionsProperty" storage="d:\actions-runner\_work\xpco\xpco\corporate\videoos.management.server.unittests\bin\x64\debug\net472\videoos.management.server.unittests.dll" id="a87d67eb-f32f-9154-1bed-47acabe8ca6c">
      <Execution id="9738efd5-cbc5-46a5-b6b6-87a0c2008cbf" />
      <TestMethod codeBase="D:\actions-runner\_work\XPCO\XPCO\Corporate\VideoOS.Management.Server.UnitTests\bin\x64\Debug\net472\VideoOS.Management.Server.UnitTests.dll" adapterTypeName="executor://mstestadapter/v2" className="VideoOS.Management.Server.UnitTests.ConfigurationAPI.Rules.Methods.StartActionsStepTests" name="GetNextProperties_WhenActionPropertyPresentWithNoValue_ReturnsOnlyActionsProperty" />
    </UnitTest>
    <UnitTest name="Validate_WhenValidMonthlyRelativeFrequency_ValidRecurringSubday_NoErrors" storage="d:\actions-runner\_work\xpco\xpco\corporate\videoos.management.server.unittests\bin\x64\debug\net472\videoos.management.server.unittests.dll" id="dc21df3c-e2e3-ce47-9ef6-5a640542129f">
      <Execution id="fb8857d2-bd15-41b9-a097-b184df179b61" />
      <TestMethod codeBase="D:\actions-runner\_work\XPCO\XPCO\Corporate\VideoOS.Management.Server.UnitTests\bin\x64\Debug\net472\VideoOS.Management.Server.UnitTests.dll" adapterTypeName="executor://mstestadapter/v2" className="VideoOS.Management.Server.UnitTests.ConfigurationAPI.Rules.Backend.Validation.RecurringTimeValidatorTests" name="Validate_WhenValidMonthlyRelativeFrequency_ValidRecurringSubday_NoErrors" />
    </UnitTest>
    <UnitTest name="IsComplete_WhenNoProperties_ReturnsFalse" storage="d:\actions-runner\_work\xpco\xpco\corporate\videoos.management.server.unittests\bin\x64\debug\net472\videoos.management.server.unittests.dll" id="07ac56f9-3138-7be8-297e-4fd1db6d81f0">
      <Execution id="24461ef9-fbc9-48bb-9540-d441d7ba8fbc" />
      <TestMethod codeBase="D:\actions-runner\_work\XPCO\XPCO\Corporate\VideoOS.Management.Server.UnitTests\bin\x64\Debug\net472\VideoOS.Management.Server.UnitTests.dll" adapterTypeName="executor://mstestadapter/v2" className="VideoOS.Management.Server.UnitTests.ConfigurationAPI.Rules.Methods.StartRuleTypeStepTests" name="IsComplete_WhenNoProperties_ReturnsFalse" />
    </UnitTest>
    <UnitTest name="GetXml_WhenConditionIsTimeBetween_MatchesXml" storage="d:\actions-runner\_work\xpco\xpco\corporate\videoos.management.server.unittests\bin\x64\debug\net472\videoos.management.server.unittests.dll" id="5d245dfc-b3e7-ba28-e1f4-b1ecd2d98257">
      <Execution id="22f17d16-c8dc-43c5-bfb6-61d2d27f31d0" />
      <TestMethod codeBase="D:\actions-runner\_work\XPCO\XPCO\Corporate\VideoOS.Management.Server.UnitTests\bin\x64\Debug\net472\VideoOS.Management.Server.UnitTests.dll" adapterTypeName="executor://mstestadapter/v2" className="VideoOS.Management.Server.UnitTests.ConfigurationAPI.Rules.Backend.Builders.ConditionXmlBuilderTests" name="GetXml_WhenConditionIsTimeBetween_MatchesXml" />
    </UnitTest>
    <UnitTest name="Build_DaysOfWeek_WhenFalse_ParameterNotSet_ConditionNotAdded" storage="d:\actions-runner\_work\xpco\xpco\corporate\videoos.management.server.unittests\bin\x64\debug\net472\videoos.management.server.unittests.dll" id="ed54c9ea-a5f5-7db4-01f7-9e1fb8a9e254">
      <Execution id="7b7544d5-e0c0-4372-91a1-998238d19698" />
      <TestMethod codeBase="D:\actions-runner\_work\XPCO\XPCO\Corporate\VideoOS.Management.Server.UnitTests\bin\x64\Debug\net472\VideoOS.Management.Server.UnitTests.dll" adapterTypeName="executor://mstestadapter/v2" className="VideoOS.Management.Server.UnitTests.ConfigurationAPI.Rules.Builders.RuleModelConditionsBuilderTests" name="Build_DaysOfWeek_WhenFalse_ParameterNotSet_ConditionNotAdded" />
    </UnitTest>
    <UnitTest name="Validate_WhenMonthlyFrequency_NoValueInDayParameter_ReturnsError" storage="d:\actions-runner\_work\xpco\xpco\corporate\videoos.management.server.unittests\bin\x64\debug\net472\videoos.management.server.unittests.dll" id="10d4f3c8-4bf1-967a-39f5-4e18acbcb8ce">
      <Execution id="f719c65b-0412-4282-a765-7b813f2e5388" />
      <TestMethod codeBase="D:\actions-runner\_work\XPCO\XPCO\Corporate\VideoOS.Management.Server.UnitTests\bin\x64\Debug\net472\VideoOS.Management.Server.UnitTests.dll" adapterTypeName="executor://mstestadapter/v2" className="VideoOS.Management.Server.UnitTests.ConfigurationAPI.Rules.Backend.Validation.RecurringTimeValidatorTests" name="Validate_WhenMonthlyFrequency_NoValueInDayParameter_ReturnsError" />
    </UnitTest>
    <UnitTest name="SidUtilityNewBasicUserSidTest" storage="d:\actions-runner\_work\xpco\xpco\corporate\videoos.management.server.unittests\bin\x64\debug\net472\videoos.management.server.unittests.dll" id="511fce8a-04b2-f37b-2332-049c158b0d26">
      <Execution id="1c59a05a-7026-4338-9027-e0d9bb19e9fd" />
      <TestMethod codeBase="D:\actions-runner\_work\XPCO\XPCO\Corporate\VideoOS.Management.Server.UnitTests\bin\x64\Debug\net472\VideoOS.Management.Server.UnitTests.dll" adapterTypeName="executor://mstestadapter/v2" className="VideoOS.Management.Server.UnitTests.Security.SidUtilsTest" name="SidUtilityNewBasicUserSidTest" />
    </UnitTest>
    <UnitTest name="GetChildItems_ParamNullCheck_RequestContext" storage="d:\actions-runner\_work\xpco\xpco\corporate\videoos.management.server.unittests\bin\x64\debug\net472\videoos.management.server.unittests.dll" id="a264f0b1-9c4d-5108-a975-9f8da122c27d">
      <Execution id="50a2be40-e51b-4db0-aada-e6e5016b9534" />
      <TestMethod codeBase="D:\actions-runner\_work\XPCO\XPCO\Corporate\VideoOS.Management.Server.UnitTests\bin\x64\Debug\net472\VideoOS.Management.Server.UnitTests.dll" adapterTypeName="executor://mstestadapter/v2" className="VideoOS.Management.Server.UnitTests.ConfigurationAPI.BusinessObjects.SearchTemplate.SearchTemplateConfigurationApiTest" name="GetChildItems_ParamNullCheck_RequestContext" />
    </UnitTest>
    <UnitTest name="GetXml_WhenRuleTypeIsTimer_MatchesXml" storage="d:\actions-runner\_work\xpco\xpco\corporate\videoos.management.server.unittests\bin\x64\debug\net472\videoos.management.server.unittests.dll" id="86418a60-7b65-af8e-1bd5-f60462c724ca">
      <Execution id="97287881-5929-4fe8-a9f6-38aecaae22df" />
      <TestMethod codeBase="D:\actions-runner\_work\XPCO\XPCO\Corporate\VideoOS.Management.Server.UnitTests\bin\x64\Debug\net472\VideoOS.Management.Server.UnitTests.dll" adapterTypeName="executor://mstestadapter/v2" className="VideoOS.Management.Server.UnitTests.ConfigurationAPI.Rules.Backend.Builders.RuleTypeXmlBuilderTests" name="GetXml_WhenRuleTypeIsTimer_MatchesXml" />
    </UnitTest>
    <UnitTest name="ClientVersionHandling_GetSmartClientVersion" storage="d:\actions-runner\_work\xpco\xpco\corporate\videoos.management.server.unittests\bin\x64\debug\net472\videoos.management.server.unittests.dll" id="062e15a5-3856-7543-1054-15769cb8cd61">
      <Execution id="ed65e0ae-9389-4238-8fdd-4e6ee1e4b9df" />
      <TestMethod codeBase="D:\actions-runner\_work\XPCO\XPCO\Corporate\VideoOS.Management.Server.UnitTests\bin\x64\Debug\net472\VideoOS.Management.Server.UnitTests.dll" adapterTypeName="executor://mstestadapter/v2" className="VideoOS.Management.Server.UnitTests.ClientVersionHandlingTest" name="ClientVersionHandling_GetSmartClientVersion" />
    </UnitTest>
    <UnitTest name="LookupFolder_DoesCorrectPassThrough" storage="d:\actions-runner\_work\xpco\xpco\corporate\videoos.management.server.unittests\bin\x64\debug\net472\videoos.management.server.unittests.dll" id="33eb1e7e-3eae-045b-dd90-f9c58dd75ab0">
      <Execution id="427634e8-5460-4eb5-9ae4-203199185d0e" />
      <TestMethod codeBase="D:\actions-runner\_work\XPCO\XPCO\Corporate\VideoOS.Management.Server.UnitTests\bin\x64\Debug\net472\VideoOS.Management.Server.UnitTests.dll" adapterTypeName="executor://mstestadapter/v2" className="VideoOS.Management.Server.UnitTests.RestApi.ConfigurationApiManagerTests" name="LookupFolder_DoesCorrectPassThrough" />
    </UnitTest>
    <UnitTest name="GetChildItems_ParamNullCheck_PathTest" storage="d:\actions-runner\_work\xpco\xpco\corporate\videoos.management.server.unittests\bin\x64\debug\net472\videoos.management.server.unittests.dll" id="f6022fba-2aac-9d92-25e9-5ea8f68570f4">
      <Execution id="db8442aa-d0f7-454e-acec-7a48a2ab3857" />
      <TestMethod codeBase="D:\actions-runner\_work\XPCO\XPCO\Corporate\VideoOS.Management.Server.UnitTests\bin\x64\Debug\net472\VideoOS.Management.Server.UnitTests.dll" adapterTypeName="executor://mstestadapter/v2" className="VideoOS.Management.Server.UnitTests.ConfigurationAPI.BusinessObjects.AudioMessage.AudioMessageConfigurationApiTest" name="GetChildItems_ParamNullCheck_PathTest" />
    </UnitTest>
    <UnitTest name="TryGetPropertyValueIfValid_WhenPropertyDoesntExist_ReturnsFalse" storage="d:\actions-runner\_work\xpco\xpco\corporate\videoos.management.server.unittests\bin\x64\debug\net472\videoos.management.server.unittests.dll" id="125421d6-7b85-7e89-5dee-95b4ab80b7a9">
      <Execution id="690fb5c2-6422-4116-9598-9a59f1b199c7" />
      <TestMethod codeBase="D:\actions-runner\_work\XPCO\XPCO\Corporate\VideoOS.Management.Server.UnitTests\bin\x64\Debug\net472\VideoOS.Management.Server.UnitTests.dll" adapterTypeName="executor://mstestadapter/v2" className="VideoOS.Management.Server.UnitTests.ConfigurationAPI.Rules.ConfigurationItemExtensionsTests" name="TryGetPropertyValueIfValid_WhenPropertyDoesntExist_ReturnsFalse" />
    </UnitTest>
    <UnitTest name="Invoke_NullCheck2" storage="d:\actions-runner\_work\xpco\xpco\corporate\videoos.management.server.unittests\bin\x64\debug\net472\videoos.management.server.unittests.dll" id="52afbf91-3769-da4a-2f64-0d6c3fcc652f">
      <Execution id="4168bdae-c7da-45dc-a887-1ae5f1bd30c2" />
      <TestMethod codeBase="D:\actions-runner\_work\XPCO\XPCO\Corporate\VideoOS.Management.Server.UnitTests\bin\x64\Debug\net472\VideoOS.Management.Server.UnitTests.dll" adapterTypeName="executor://mstestadapter/v2" className="VideoOS.Management.Server.UnitTests.ConfigurationAPI.BusinessObjects.LicenseConfigurationApiTests" name="Invoke_NullCheck2" />
    </UnitTest>
    <UnitTest name="InvokeMethod_ParamNullCheck_PathTest" storage="d:\actions-runner\_work\xpco\xpco\corporate\videoos.management.server.unittests\bin\x64\debug\net472\videoos.management.server.unittests.dll" id="a2e125cc-8e6f-2627-5e11-9387e5939527">
      <Execution id="35b1cdb6-3b26-422b-bdb1-c86b724da05f" />
      <TestMethod codeBase="D:\actions-runner\_work\XPCO\XPCO\Corporate\VideoOS.Management.Server.UnitTests\bin\x64\Debug\net472\VideoOS.Management.Server.UnitTests.dll" adapterTypeName="executor://mstestadapter/v2" className="VideoOS.Management.Server.UnitTests.ConfigurationAPI.BusinessObjects.AudioMessage.AudioMessageFolderConfigurationApiTest" name="InvokeMethod_ParamNullCheck_PathTest" />
    </UnitTest>
    <UnitTest name="SendCommandSecurityVisitor_BackupConfigCommand_ArgumentNullException" storage="d:\actions-runner\_work\xpco\xpco\corporate\videoos.management.server.unittests\bin\x64\debug\net472\videoos.management.server.unittests.dll" id="c2a8b419-1f68-3978-1890-f7c6fef93a0a">
      <Execution id="fe5c7336-5605-4d47-a99f-233bb07d4118" />
      <TestMethod codeBase="D:\actions-runner\_work\XPCO\XPCO\Corporate\VideoOS.Management.Server.UnitTests\bin\x64\Debug\net472\VideoOS.Management.Server.UnitTests.dll" adapterTypeName="executor://mstestadapter/v2" className="VideoOS.Management.Server.UnitTests.SendCommandSecurityVisitorTests" name="SendCommandSecurityVisitor_BackupConfigCommand_ArgumentNullException" />
    </UnitTest>
    <UnitTest name="GetCurrentProperties_WhenRecurring_FrequencyTypeSet_DailyFrequencyTypeSet_IgnoresDailyFrequency" storage="d:\actions-runner\_work\xpco\xpco\corporate\videoos.management.server.unittests\bin\x64\debug\net472\videoos.management.server.unittests.dll" id="627d9e36-e03f-4380-99f0-803662e08283">
      <Execution id="ed5fb2cc-a185-45ea-a163-136363907376" />
      <TestMethod codeBase="D:\actions-runner\_work\XPCO\XPCO\Corporate\VideoOS.Management.Server.UnitTests\bin\x64\Debug\net472\VideoOS.Management.Server.UnitTests.dll" adapterTypeName="executor://mstestadapter/v2" className="VideoOS.Management.Server.UnitTests.ConfigurationAPI.Rules.Methods.StartRuleTypeStepTests" name="GetCurrentProperties_WhenRecurring_FrequencyTypeSet_DailyFrequencyTypeSet_IgnoresDailyFrequency" />
    </UnitTest>
    <UnitTest name="TaskMoveHardwareSecurityProvider_Read_Check_Not_Allowed" storage="d:\actions-runner\_work\xpco\xpco\corporate\videoos.management.server.unittests\bin\x64\debug\net472\videoos.management.server.unittests.dll" id="25bee74c-2197-0dc3-c089-fb6e55cca61c">
      <Execution id="49ae069a-bfc1-4291-bc57-3d9c44df3b7c" />
      <TestMethod codeBase="D:\actions-runner\_work\XPCO\XPCO\Corporate\VideoOS.Management.Server.UnitTests\bin\x64\Debug\net472\VideoOS.Management.Server.UnitTests.dll" adapterTypeName="executor://mstestadapter/v2" className="VideoOS.Management.Server.UnitTests.Security.TaskSecurityProvicerTest" name="TaskMoveHardwareSecurityProvider_Read_Check_Not_Allowed" />
    </UnitTest>
    <UnitTest name="ServerProxyService_GetConfigurationDataSetTables_Rules_Allowed_NotFiltered" storage="d:\actions-runner\_work\xpco\xpco\corporate\videoos.management.server.unittests\bin\x64\debug\net472\videoos.management.server.unittests.dll" id="fe872f9d-b647-67ab-a368-5af147dac57a">
      <Execution id="671eb25d-0f84-49ce-a368-3f2263e01f2d" />
      <TestMethod codeBase="D:\actions-runner\_work\XPCO\XPCO\Corporate\VideoOS.Management.Server.UnitTests\bin\x64\Debug\net472\VideoOS.Management.Server.UnitTests.dll" adapterTypeName="executor://mstestadapter/v2" className="VideoOS.Management.Server.UnitTests.ServerProxyServiceUnitTests" name="ServerProxyService_GetConfigurationDataSetTables_Rules_Allowed_NotFiltered" />
    </UnitTest>
    <UnitTest name="GetCurrentProperties_WhenRuleTypeIsEvent_EventSourcesNotPresent__ReturnsProperties" storage="d:\actions-runner\_work\xpco\xpco\corporate\videoos.management.server.unittests\bin\x64\debug\net472\videoos.management.server.unittests.dll" id="4745553d-98c8-c9e8-82c8-44b8f6d39cc9">
      <Execution id="7ceb4e32-6eda-443c-a3ff-5897f20f4e92" />
      <TestMethod codeBase="D:\actions-runner\_work\XPCO\XPCO\Corporate\VideoOS.Management.Server.UnitTests\bin\x64\Debug\net472\VideoOS.Management.Server.UnitTests.dll" adapterTypeName="executor://mstestadapter/v2" className="VideoOS.Management.Server.UnitTests.ConfigurationAPI.Rules.Methods.StartRuleTypeStepTests" name="GetCurrentProperties_WhenRuleTypeIsEvent_EventSourcesNotPresent__ReturnsProperties" />
    </UnitTest>
    <UnitTest name="IsComplete_WhenTimeBetweenWithStartTimeButNotEndTimePropertiesSet_ReturnsFalse" storage="d:\actions-runner\_work\xpco\xpco\corporate\videoos.management.server.unittests\bin\x64\debug\net472\videoos.management.server.unittests.dll" id="1adf8519-e7a8-3b9e-6ed8-fe1eff8db34b">
      <Execution id="35f01920-4edf-40a1-b2c3-a0bd50683ce0" />
      <TestMethod codeBase="D:\actions-runner\_work\XPCO\XPCO\Corporate\VideoOS.Management.Server.UnitTests\bin\x64\Debug\net472\VideoOS.Management.Server.UnitTests.dll" adapterTypeName="executor://mstestadapter/v2" className="VideoOS.Management.Server.UnitTests.ConfigurationAPI.Rules.Methods.StartConditionsStepTest" name="IsComplete_WhenTimeBetweenWithStartTimeButNotEndTimePropertiesSet_ReturnsFalse" />
    </UnitTest>
    <UnitTest name="SendCommandSecurityVisitor_UpdateSecurityManagerCommand_SecurityPermissionsDevice_Camera_Add_Allowed" storage="d:\actions-runner\_work\xpco\xpco\corporate\videoos.management.server.unittests\bin\x64\debug\net472\videoos.management.server.unittests.dll" id="5e7c2d5e-22f2-f51a-818e-36fc42ed981f">
      <Execution id="caef9391-b039-4ea4-9af7-60e378c2e072" />
      <TestMethod codeBase="D:\actions-runner\_work\XPCO\XPCO\Corporate\VideoOS.Management.Server.UnitTests\bin\x64\Debug\net472\VideoOS.Management.Server.UnitTests.dll" adapterTypeName="executor://mstestadapter/v2" className="VideoOS.Management.Server.UnitTests.SendCommandSecurityVisitorTests" name="SendCommandSecurityVisitor_UpdateSecurityManagerCommand_SecurityPermissionsDevice_Camera_Add_Allowed" />
    </UnitTest>
    <UnitTest name="Validate_WhenObjectNotExists_ReturnsFalse" storage="d:\actions-runner\_work\xpco\xpco\corporate\videoos.management.server.unittests\bin\x64\debug\net472\videoos.management.server.unittests.dll" id="e3eabb2e-6984-855b-e86f-83fd3bc71a9a">
      <Execution id="316a5ac3-4960-4d23-8813-88d02dc76262" />
      <TestMethod codeBase="D:\actions-runner\_work\XPCO\XPCO\Corporate\VideoOS.Management.Server.UnitTests\bin\x64\Debug\net472\VideoOS.Management.Server.UnitTests.dll" adapterTypeName="executor://mstestadapter/v2" className="VideoOS.Management.Server.UnitTests.ConfigurationAPI.Rules.Backend.Validation.ValueValidators.AccessControlEventParameterValueValidatorTests" name="Validate_WhenObjectNotExists_ReturnsFalse" />
    </UnitTest>
    <UnitTest name="DeviceMotionDetection_PopulateMotionDetectionSettings_Default_Values" storage="d:\actions-runner\_work\xpco\xpco\corporate\videoos.management.server.unittests\bin\x64\debug\net472\videoos.management.server.unittests.dll" id="13d7e310-dc60-54a8-f6f3-a2a47eb42c10">
      <Execution id="a7320d35-5e0f-4138-84ce-37d1ac9cc577" />
      <TestMethod codeBase="D:\actions-runner\_work\XPCO\XPCO\Corporate\VideoOS.Management.Server.UnitTests\bin\x64\Debug\net472\VideoOS.Management.Server.UnitTests.dll" adapterTypeName="executor://mstestadapter/v2" className="VideoOS.Management.Server.UnitTests.BusinessObjects.DeviceMotionDetectionUnitTests" name="DeviceMotionDetection_PopulateMotionDetectionSettings_Default_Values" />
    </UnitTest>
    <UnitTest name="BusinessObjects_License_UpdateMipPluginsLicenseRequestPart_ReplacePluginDecreasedLicenseCount" storage="d:\actions-runner\_work\xpco\xpco\corporate\videoos.management.server.unittests\bin\x64\debug\net472\videoos.management.server.unittests.dll" id="ec016500-b8e9-3b6a-5962-f28e9aecc691">
      <Execution id="6dfa9b1a-b0e4-4cf5-ac2c-220309e9f3fa" />
      <TestMethod codeBase="D:\actions-runner\_work\XPCO\XPCO\Corporate\VideoOS.Management.Server.UnitTests\bin\x64\Debug\net472\VideoOS.Management.Server.UnitTests.dll" adapterTypeName="executor://mstestadapter/v2" className="VideoOS.Management.Server.UnitTests.BusinessObjects.LicenseUnitTests" name="BusinessObjects_License_UpdateMipPluginsLicenseRequestPart_ReplacePluginDecreasedLicenseCount" />
    </UnitTest>
    <UnitTest name="GetChildItems_LicenseOverviewCount_SunnyDay" storage="d:\actions-runner\_work\xpco\xpco\corporate\videoos.management.server.unittests\bin\x64\debug\net472\videoos.management.server.unittests.dll" id="c5d68796-5618-b286-21fb-38202d410b6a">
      <Execution id="4d9ce572-25a3-4d4a-873b-c6f8f11489aa" />
      <TestMethod codeBase="D:\actions-runner\_work\XPCO\XPCO\Corporate\VideoOS.Management.Server.UnitTests\bin\x64\Debug\net472\VideoOS.Management.Server.UnitTests.dll" adapterTypeName="executor://mstestadapter/v2" className="VideoOS.Management.Server.UnitTests.ConfigurationAPI.BusinessObjects.LicenseConfigurationApiTests" name="GetChildItems_LicenseOverviewCount_SunnyDay" />
    </UnitTest>
    <UnitTest name="Put_InvalidJsonInBody_ExceptionNotCaught" storage="d:\actions-runner\_work\xpco\xpco\corporate\videoos.management.server.unittests\bin\x64\debug\net472\videoos.management.server.unittests.dll" id="a2ec5e43-da21-a2d7-91a1-7b86b1e26f15">
      <Execution id="1bfb5976-2ff7-4c47-a625-20d0c8c0c085" />
      <TestMethod codeBase="D:\actions-runner\_work\XPCO\XPCO\Corporate\VideoOS.Management.Server.UnitTests\bin\x64\Debug\net472\VideoOS.Management.Server.UnitTests.dll" adapterTypeName="executor://mstestadapter/v2" className="VideoOS.Management.Server.UnitTests.RestApi.SpecificItemControllerTests" name="Put_InvalidJsonInBody_ExceptionNotCaught" />
    </UnitTest>
    <UnitTest name="Validate_WhenValidMonthlyFrequency_ValidRecurringSubday_NoErrors" storage="d:\actions-runner\_work\xpco\xpco\corporate\videoos.management.server.unittests\bin\x64\debug\net472\videoos.management.server.unittests.dll" id="adf69b4a-c0aa-a5d4-e739-acfebea345c5">
      <Execution id="6f2561b1-d219-428a-913b-4ea02caf1916" />
      <TestMethod codeBase="D:\actions-runner\_work\XPCO\XPCO\Corporate\VideoOS.Management.Server.UnitTests\bin\x64\Debug\net472\VideoOS.Management.Server.UnitTests.dll" adapterTypeName="executor://mstestadapter/v2" className="VideoOS.Management.Server.UnitTests.ConfigurationAPI.Rules.Backend.Validation.RecurringTimeValidatorTests" name="Validate_WhenValidMonthlyFrequency_ValidRecurringSubday_NoErrors" />
    </UnitTest>
    <UnitTest name="SendCommandSecurityVisitor_ReplaceHardwareCommand_Allowed" storage="d:\actions-runner\_work\xpco\xpco\corporate\videoos.management.server.unittests\bin\x64\debug\net472\videoos.management.server.unittests.dll" id="32e32a66-d4f1-77a7-7ab8-7e018d3a6767">
      <Execution id="555d71da-6a30-4cca-8901-f227ae188735" />
      <TestMethod codeBase="D:\actions-runner\_work\XPCO\XPCO\Corporate\VideoOS.Management.Server.UnitTests\bin\x64\Debug\net472\VideoOS.Management.Server.UnitTests.dll" adapterTypeName="executor://mstestadapter/v2" className="VideoOS.Management.Server.UnitTests.SendCommandSecurityVisitorTests" name="SendCommandSecurityVisitor_ReplaceHardwareCommand_Allowed" />
    </UnitTest>
    <UnitTest name="GetItem_WhenPathIsFolder_ReturnsFolderItem" storage="d:\actions-runner\_work\xpco\xpco\corporate\videoos.management.server.unittests\bin\x64\debug\net472\videoos.management.server.unittests.dll" id="79f3e279-03fa-6c6a-9e7f-37ffaf19691f">
      <Execution id="a54f902b-3a4d-42ba-a778-bdb4c9c82959" />
      <TestMethod codeBase="D:\actions-runner\_work\XPCO\XPCO\Corporate\VideoOS.Management.Server.UnitTests\bin\x64\Debug\net472\VideoOS.Management.Server.UnitTests.dll" adapterTypeName="executor://mstestadapter/v2" className="VideoOS.Management.Server.UnitTests.ConfigurationAPI.Rules.ConfigurationApiServiceTests" name="GetItem_WhenPathIsFolder_ReturnsFolderItem" />
    </UnitTest>
    <UnitTest name="ConstructSqlSelect_Injection_Key" storage="d:\actions-runner\_work\xpco\xpco\corporate\videoos.management.server.unittests\bin\x64\debug\net472\videoos.management.server.unittests.dll" id="c94e186a-6a72-9e46-7ba9-1543ac4ee5a6">
      <Execution id="3f4c8cb1-10ec-45e9-a33d-6979f9b64bba" />
      <TestMethod codeBase="D:\actions-runner\_work\XPCO\XPCO\Corporate\VideoOS.Management.Server.UnitTests\bin\x64\Debug\net472\VideoOS.Management.Server.UnitTests.dll" adapterTypeName="executor://mstestadapter/v2" className="VideoOS.Management.Server.UnitTests.ConfigurationAPI.Converters.SqlQueryFormatterTests" name="ConstructSqlSelect_Injection_Key" />
    </UnitTest>
    <UnitTest name="ServerProxyService_GetHardwareByHardwareId_NotAllowed_RowRemoved" storage="d:\actions-runner\_work\xpco\xpco\corporate\videoos.management.server.unittests\bin\x64\debug\net472\videoos.management.server.unittests.dll" id="e009e88f-8e49-b8bb-7c27-2bff6d52e9cc">
      <Execution id="b41ef8c0-e0fc-49b8-a811-e84f8f6e2b79" />
      <TestMethod codeBase="D:\actions-runner\_work\XPCO\XPCO\Corporate\VideoOS.Management.Server.UnitTests\bin\x64\Debug\net472\VideoOS.Management.Server.UnitTests.dll" adapterTypeName="executor://mstestadapter/v2" className="VideoOS.Management.Server.UnitTests.ServerProxyServiceUnitTests" name="ServerProxyService_GetHardwareByHardwareId_NotAllowed_RowRemoved" />
    </UnitTest>
    <UnitTest name="GetItemType_WhenValidVideoWall_ReturnsVideoWall" storage="d:\actions-runner\_work\xpco\xpco\corporate\videoos.management.server.unittests\bin\x64\debug\net472\videoos.management.server.unittests.dll" id="bba6945f-2961-4c72-bd7c-88635a01d115">
      <Execution id="93615e61-d123-4789-833c-d9e3a95d1812" />
      <TestMethod codeBase="D:\actions-runner\_work\XPCO\XPCO\Corporate\VideoOS.Management.Server.UnitTests\bin\x64\Debug\net472\VideoOS.Management.Server.UnitTests.dll" adapterTypeName="executor://mstestadapter/v2" className="VideoOS.Management.Server.UnitTests.ConfigurationAPI.Rules.Backend.Validation.VideoWallParameterValueValidatorTests" name="GetItemType_WhenValidVideoWall_ReturnsVideoWall" />
    </UnitTest>
    <UnitTest name="Validate_WhenMonthlyRelative_FrequencyIsNegative_ReturnsError" storage="d:\actions-runner\_work\xpco\xpco\corporate\videoos.management.server.unittests\bin\x64\debug\net472\videoos.management.server.unittests.dll" id="d8901dae-aafe-a63b-9eaf-0b11661d1308">
      <Execution id="a5002056-7ef8-4f33-8a67-87c40eada479" />
      <TestMethod codeBase="D:\actions-runner\_work\XPCO\XPCO\Corporate\VideoOS.Management.Server.UnitTests\bin\x64\Debug\net472\VideoOS.Management.Server.UnitTests.dll" adapterTypeName="executor://mstestadapter/v2" className="VideoOS.Management.Server.UnitTests.ConfigurationAPI.Rules.Backend.Validation.RecurringTimeValidatorTests" name="Validate_WhenMonthlyRelative_FrequencyIsNegative_ReturnsError" />
    </UnitTest>
    <UnitTest name="Validate_WhenInvalidSubdayType_ReturnsError" storage="d:\actions-runner\_work\xpco\xpco\corporate\videoos.management.server.unittests\bin\x64\debug\net472\videoos.management.server.unittests.dll" id="7ff8b7fd-c800-7634-7c84-fc4022e8c24b">
      <Execution id="ad9071b8-e38c-416a-b1fe-fcdc99ab8944" />
      <TestMethod codeBase="D:\actions-runner\_work\XPCO\XPCO\Corporate\VideoOS.Management.Server.UnitTests\bin\x64\Debug\net472\VideoOS.Management.Server.UnitTests.dll" adapterTypeName="executor://mstestadapter/v2" className="VideoOS.Management.Server.UnitTests.ConfigurationAPI.Rules.Backend.Validation.RecurringTimeValidatorTests" name="Validate_WhenInvalidSubdayType_ReturnsError" />
    </UnitTest>
    <UnitTest name="Link_Invalid_ItemType_Fail" storage="d:\actions-runner\_work\xpco\xpco\corporate\videoos.management.server.unittests\bin\x64\debug\net472\videoos.management.server.unittests.dll" id="62a17167-4a87-07cc-9ebb-6f8ea0d806f4">
      <Execution id="9f0ff6fb-1ed2-4b0b-a181-f7208b3835b7" />
      <TestMethod codeBase="D:\actions-runner\_work\XPCO\XPCO\Corporate\VideoOS.Management.Server.UnitTests\bin\x64\Debug\net472\VideoOS.Management.Server.UnitTests.dll" adapterTypeName="executor://mstestadapter/v2" className="VideoOS.Management.Server.UnitTests.RestApi.LinkTests" name="Link_Invalid_ItemType_Fail" />
    </UnitTest>
    <UnitTest name="UpdateSearchTemplateFind_Public_Allowed" storage="d:\actions-runner\_work\xpco\xpco\corporate\videoos.management.server.unittests\bin\x64\debug\net472\videoos.management.server.unittests.dll" id="b7f7455b-f589-845f-00be-ed16a8cb4ba4">
      <Execution id="10e30aa4-28a5-489c-8eb2-aff2ed93210f" />
      <TestMethod codeBase="D:\actions-runner\_work\XPCO\XPCO\Corporate\VideoOS.Management.Server.UnitTests\bin\x64\Debug\net472\VideoOS.Management.Server.UnitTests.dll" adapterTypeName="executor://mstestadapter/v2" className="VideoOS.Management.Server.UnitTests.BusinessObjects.ManagementServer.SearchTemplate.SearchTemplateFindTests" name="UpdateSearchTemplateFind_Public_Allowed" />
    </UnitTest>
    <UnitTest name="GetCurrentProperties_WhenWithinWindowIsSetAndAlwaysHasNullValue_ReturnsProperties" storage="d:\actions-runner\_work\xpco\xpco\corporate\videoos.management.server.unittests\bin\x64\debug\net472\videoos.management.server.unittests.dll" id="58a35978-8357-9ff1-bfa8-ab6a96b0da36">
      <Execution id="18f943c2-acb8-40c9-aad0-ba7fe5c7d90e" />
      <TestMethod codeBase="D:\actions-runner\_work\XPCO\XPCO\Corporate\VideoOS.Management.Server.UnitTests\bin\x64\Debug\net472\VideoOS.Management.Server.UnitTests.dll" adapterTypeName="executor://mstestadapter/v2" className="VideoOS.Management.Server.UnitTests.ConfigurationAPI.Rules.Methods.StartConditionsStepTest" name="GetCurrentProperties_WhenWithinWindowIsSetAndAlwaysHasNullValue_ReturnsProperties" />
    </UnitTest>
    <UnitTest name="ValidateItem_PerformsValidation" storage="d:\actions-runner\_work\xpco\xpco\corporate\videoos.management.server.unittests\bin\x64\debug\net472\videoos.management.server.unittests.dll" id="0e8f3bf0-8edc-db2a-f7e7-ff919cd44797">
      <Execution id="b1444685-1e98-42a9-a820-470e15361c76" />
      <TestMethod codeBase="D:\actions-runner\_work\XPCO\XPCO\Corporate\VideoOS.Management.Server.UnitTests\bin\x64\Debug\net472\VideoOS.Management.Server.UnitTests.dll" adapterTypeName="executor://mstestadapter/v2" className="VideoOS.Management.Server.UnitTests.ConfigurationAPI.LprMatchList.ConfigurationApiServiceTests" name="ValidateItem_PerformsValidation" />
    </UnitTest>
    <UnitTest name="GetArrayOfChildItems_IncludeDisabledItems" storage="d:\actions-runner\_work\xpco\xpco\corporate\videoos.management.server.unittests\bin\x64\debug\net472\videoos.management.server.unittests.dll" id="c7d8b796-d3b6-1359-54e1-3aa7a8ea4ac8">
      <Execution id="efae29af-1f1d-4955-9480-d42aec5530a4" />
      <TestMethod codeBase="D:\actions-runner\_work\XPCO\XPCO\Corporate\VideoOS.Management.Server.UnitTests\bin\x64\Debug\net472\VideoOS.Management.Server.UnitTests.dll" adapterTypeName="executor://mstestadapter/v2" className="VideoOS.Management.Server.UnitTests.RestApi.ConfigurationApiSubControllerTests" name="GetArrayOfChildItems_IncludeDisabledItems" />
    </UnitTest>
    <UnitTest name="SendCommandSecurityVisitor_HardwareScanCommand_ArgumentNullException" storage="d:\actions-runner\_work\xpco\xpco\corporate\videoos.management.server.unittests\bin\x64\debug\net472\videoos.management.server.unittests.dll" id="1f715dfb-d988-9c19-f95c-ca3a48e5408f">
      <Execution id="0262985b-6be8-4910-85bd-a6747c28fd50" />
      <TestMethod codeBase="D:\actions-runner\_work\XPCO\XPCO\Corporate\VideoOS.Management.Server.UnitTests\bin\x64\Debug\net472\VideoOS.Management.Server.UnitTests.dll" adapterTypeName="executor://mstestadapter/v2" className="VideoOS.Management.Server.UnitTests.SendCommandSecurityVisitorTests" name="SendCommandSecurityVisitor_HardwareScanCommand_ArgumentNullException" />
    </UnitTest>
    <UnitTest name="Build_WhenActionIsSendSNMPTrap_ReturnsRuleModel" storage="d:\actions-runner\_work\xpco\xpco\corporate\videoos.management.server.unittests\bin\x64\debug\net472\videoos.management.server.unittests.dll" id="c5d569fa-3738-a023-ca33-3c40df7b3166">
      <Execution id="18a53cbe-7d32-4ce4-b5a3-a15292d672ef" />
      <TestMethod codeBase="D:\actions-runner\_work\XPCO\XPCO\Corporate\VideoOS.Management.Server.UnitTests\bin\x64\Debug\net472\VideoOS.Management.Server.UnitTests.dll" adapterTypeName="executor://mstestadapter/v2" className="VideoOS.Management.Server.UnitTests.ConfigurationAPI.Rules.Backend.Builders.XmlRuleModelBuilderTests" name="Build_WhenActionIsSendSNMPTrap_ReturnsRuleModel" />
    </UnitTest>
    <UnitTest name="GetCurrentProperties_WhenRuleTypeIsEvent_InvalidEventType_ReturnsRuleTypeAndEventGroupProperties" storage="d:\actions-runner\_work\xpco\xpco\corporate\videoos.management.server.unittests\bin\x64\debug\net472\videoos.management.server.unittests.dll" id="4317fa63-55b2-96fc-2f94-e14f3bd60d61">
      <Execution id="562c153c-b529-4475-8129-5b5ce2fa4c36" />
      <TestMethod codeBase="D:\actions-runner\_work\XPCO\XPCO\Corporate\VideoOS.Management.Server.UnitTests\bin\x64\Debug\net472\VideoOS.Management.Server.UnitTests.dll" adapterTypeName="executor://mstestadapter/v2" className="VideoOS.Management.Server.UnitTests.ConfigurationAPI.Rules.Methods.StartRuleTypeStepTests" name="GetCurrentProperties_WhenRuleTypeIsEvent_InvalidEventType_ReturnsRuleTypeAndEventGroupProperties" />
    </UnitTest>
    <UnitTest name="GetItem_ExistingAudioFileTest" storage="d:\actions-runner\_work\xpco\xpco\corporate\videoos.management.server.unittests\bin\x64\debug\net472\videoos.management.server.unittests.dll" id="da2ea652-060b-dbe1-68f9-a463717a8db4">
      <Execution id="835a2d2b-70cb-461c-b675-05aafc6476bd" />
      <TestMethod codeBase="D:\actions-runner\_work\XPCO\XPCO\Corporate\VideoOS.Management.Server.UnitTests\bin\x64\Debug\net472\VideoOS.Management.Server.UnitTests.dll" adapterTypeName="executor://mstestadapter/v2" className="VideoOS.Management.Server.UnitTests.ConfigurationAPI.BusinessObjects.AudioMessage.AudioMessageConfigurationApiTest" name="GetItem_ExistingAudioFileTest" />
    </UnitTest>
    <UnitTest name="NamespaceGuidTest" storage="d:\actions-runner\_work\xpco\xpco\corporate\videoos.management.server.unittests\bin\x64\debug\net472\videoos.management.server.unittests.dll" id="992df534-dba3-9c18-9e5a-1af7e26dca5a">
      <Execution id="3628644f-77a2-4cfe-ae1a-29c5fde89b0c" />
      <TestMethod codeBase="D:\actions-runner\_work\XPCO\XPCO\Corporate\VideoOS.Management.Server.UnitTests\bin\x64\Debug\net472\VideoOS.Management.Server.UnitTests.dll" adapterTypeName="executor://mstestadapter/v2" className="VideoOS.Management.Server.UnitTests.ActionDefinitionTests" name="NamespaceGuidTest" />
    </UnitTest>
    <UnitTest name="Validate_WhenExpectedTypeIsNull_ReturnFalse" storage="d:\actions-runner\_work\xpco\xpco\corporate\videoos.management.server.unittests\bin\x64\debug\net472\videoos.management.server.unittests.dll" id="7c91c409-effc-ccdd-91ea-d069243fb39f">
      <Execution id="4f825964-e9d1-480b-b55e-7e94330e7999" />
      <TestMethod codeBase="D:\actions-runner\_work\XPCO\XPCO\Corporate\VideoOS.Management.Server.UnitTests\bin\x64\Debug\net472\VideoOS.Management.Server.UnitTests.dll" adapterTypeName="executor://mstestadapter/v2" className="VideoOS.Management.Server.UnitTests.ConfigurationAPI.Rules.Backend.Validation.ValueValidators.AccessControlGroupEventParameterValueValidatorTest" name="Validate_WhenExpectedTypeIsNull_ReturnFalse" />
    </UnitTest>
    <UnitTest name="Validate_WhenValidMonitor_ReturnsTrue" storage="d:\actions-runner\_work\xpco\xpco\corporate\videoos.management.server.unittests\bin\x64\debug\net472\videoos.management.server.unittests.dll" id="cce3cc22-0e62-940e-e14d-35fd7af4650b">
      <Execution id="557cacc6-b9e1-46fe-b5fd-32cff850a72f" />
      <TestMethod codeBase="D:\actions-runner\_work\XPCO\XPCO\Corporate\VideoOS.Management.Server.UnitTests\bin\x64\Debug\net472\VideoOS.Management.Server.UnitTests.dll" adapterTypeName="executor://mstestadapter/v2" className="VideoOS.Management.Server.UnitTests.ConfigurationAPI.Rules.Backend.Validation.MonitorParameterValueValidatorTests" name="Validate_WhenValidMonitor_ReturnsTrue" />
    </UnitTest>
    <UnitTest name="Validate_WhenInvalidUserDefinedEvent_ReturnsFalse" storage="d:\actions-runner\_work\xpco\xpco\corporate\videoos.management.server.unittests\bin\x64\debug\net472\videoos.management.server.unittests.dll" id="de405ce8-6f1f-a084-790e-dd3f04b078e4">
      <Execution id="77491b77-94ea-4e75-874f-572590acd9b9" />
      <TestMethod codeBase="D:\actions-runner\_work\XPCO\XPCO\Corporate\VideoOS.Management.Server.UnitTests\bin\x64\Debug\net472\VideoOS.Management.Server.UnitTests.dll" adapterTypeName="executor://mstestadapter/v2" className="VideoOS.Management.Server.UnitTests.ConfigurationAPI.Rules.Backend.Validation.UserDefinedEventValueValidatorTests" name="Validate_WhenInvalidUserDefinedEvent_ReturnsFalse" />
    </UnitTest>
    <UnitTest name="GetPropertyValue_WhenValueIsEmpty_Exception" storage="d:\actions-runner\_work\xpco\xpco\corporate\videoos.management.server.unittests\bin\x64\debug\net472\videoos.management.server.unittests.dll" id="0c35392f-53a0-67e2-4a1f-3a9c4cfdcf50">
      <Execution id="68a9e0d1-0707-4556-9d1b-eddd880e3bdb" />
      <TestMethod codeBase="D:\actions-runner\_work\XPCO\XPCO\Corporate\VideoOS.Management.Server.UnitTests\bin\x64\Debug\net472\VideoOS.Management.Server.UnitTests.dll" adapterTypeName="executor://mstestadapter/v2" className="VideoOS.Management.Server.UnitTests.ConfigurationAPI.Rules.ConfigurationItemExtensionsTests" name="GetPropertyValue_WhenValueIsEmpty_Exception" />
    </UnitTest>
    <UnitTest name="GetItemType_WithIncorrectId_ReturnsNull" storage="d:\actions-runner\_work\xpco\xpco\corporate\videoos.management.server.unittests\bin\x64\debug\net472\videoos.management.server.unittests.dll" id="e0b6c5e2-4306-e425-c215-9b8b143206e6">
      <Execution id="48e1b7cb-65d2-4ffc-960b-e26a52595d12" />
      <TestMethod codeBase="D:\actions-runner\_work\XPCO\XPCO\Corporate\VideoOS.Management.Server.UnitTests\bin\x64\Debug\net472\VideoOS.Management.Server.UnitTests.dll" adapterTypeName="executor://mstestadapter/v2" className="VideoOS.Management.Server.UnitTests.ConfigurationAPI.Rules.Backend.Validation.ExternalParameterValueValidatorTests" name="GetItemType_WithIncorrectId_ReturnsNull" />
    </UnitTest>
    <UnitTest name="GetNextProperties_WhenActionPropertyHasValueAndParameterPropertiesExistButMissingRequiredValues_ReturnsListWithPropertiesThatHaveNoValueAndNotExists" storage="d:\actions-runner\_work\xpco\xpco\corporate\videoos.management.server.unittests\bin\x64\debug\net472\videoos.management.server.unittests.dll" id="bdf005c2-18b8-e323-3e79-ce27d5039d64">
      <Execution id="99075074-d3e8-4f12-bffa-f008e7751f9c" />
      <TestMethod codeBase="D:\actions-runner\_work\XPCO\XPCO\Corporate\VideoOS.Management.Server.UnitTests\bin\x64\Debug\net472\VideoOS.Management.Server.UnitTests.dll" adapterTypeName="executor://mstestadapter/v2" className="VideoOS.Management.Server.UnitTests.ConfigurationAPI.Rules.Methods.StartActionsStepTests" name="GetNextProperties_WhenActionPropertyHasValueAndParameterPropertiesExistButMissingRequiredValues_ReturnsListWithPropertiesThatHaveNoValueAndNotExists" />
    </UnitTest>
    <UnitTest name="Validate_WhenInvalidVideoWallPreset_ReturnsFalse" storage="d:\actions-runner\_work\xpco\xpco\corporate\videoos.management.server.unittests\bin\x64\debug\net472\videoos.management.server.unittests.dll" id="fcdd8f06-32b6-00d7-a424-df0afd4ff3ca">
      <Execution id="00895513-bd0c-4090-b17f-63b30170eaa9" />
      <TestMethod codeBase="D:\actions-runner\_work\XPCO\XPCO\Corporate\VideoOS.Management.Server.UnitTests\bin\x64\Debug\net472\VideoOS.Management.Server.UnitTests.dll" adapterTypeName="executor://mstestadapter/v2" className="VideoOS.Management.Server.UnitTests.ConfigurationAPI.Rules.Backend.Validation.VideoWallPresetParameterValueValidatorTests" name="Validate_WhenInvalidVideoWallPreset_ReturnsFalse" />
    </UnitTest>
    <UnitTest name="GetTaskListInJson_VerifyNoTasksForHardware" storage="d:\actions-runner\_work\xpco\xpco\corporate\videoos.management.server.unittests\bin\x64\debug\net472\videoos.management.server.unittests.dll" id="6e08379f-9a67-cec8-b64f-452624172a05">
      <Execution id="9c1adfcd-9ce4-4ae6-9812-8b0d9bba0a12" />
      <TestMethod codeBase="D:\actions-runner\_work\XPCO\XPCO\Corporate\VideoOS.Management.Server.UnitTests\bin\x64\Debug\net472\VideoOS.Management.Server.UnitTests.dll" adapterTypeName="executor://mstestadapter/v2" className="VideoOS.Management.Server.UnitTests.RestApi.ConfigurationApiSubControllerTests" name="GetTaskListInJson_VerifyNoTasksForHardware" />
    </UnitTest>
    <UnitTest name="Invoke_WhenPropertyNotFound_ArgumentException" storage="d:\actions-runner\_work\xpco\xpco\corporate\videoos.management.server.unittests\bin\x64\debug\net472\videoos.management.server.unittests.dll" id="32d584ee-15a1-dfd4-36f7-9b0d72181dba">
      <Execution id="d5141cc8-75fa-4827-9dc1-729b94865e43" />
      <TestMethod codeBase="D:\actions-runner\_work\XPCO\XPCO\Corporate\VideoOS.Management.Server.UnitTests\bin\x64\Debug\net472\VideoOS.Management.Server.UnitTests.dll" adapterTypeName="executor://mstestadapter/v2" className="VideoOS.Management.Server.UnitTests.ConfigurationAPI.BusinessObjects.LprMatchList.Methods.RemoveMatchListTests" name="Invoke_WhenPropertyNotFound_ArgumentException" />
    </UnitTest>
    <UnitTest name="ConfigurationItemPath_Create_FolderItemPathInt32_Succes" storage="d:\actions-runner\_work\xpco\xpco\corporate\videoos.management.server.unittests\bin\x64\debug\net472\videoos.management.server.unittests.dll" id="53b29888-87dc-21a5-da31-dbbe8fbf6ce4">
      <Execution id="05d9823a-21f7-4689-8f8d-58b9d98edf45" />
      <TestMethod codeBase="D:\actions-runner\_work\XPCO\XPCO\Corporate\VideoOS.Management.Server.UnitTests\bin\x64\Debug\net472\VideoOS.Management.Server.UnitTests.dll" adapterTypeName="executor://mstestadapter/v2" className="VideoOS.Management.Server.UnitTests.ConfigurationAPI.ConfigurationItemPathTests" name="ConfigurationItemPath_Create_FolderItemPathInt32_Succes" />
    </UnitTest>
    <UnitTest name="GetCurrentProperties_WhenRuleTypeIsEvent_EventSourcesNotSet__ReturnsProperties" storage="d:\actions-runner\_work\xpco\xpco\corporate\videoos.management.server.unittests\bin\x64\debug\net472\videoos.management.server.unittests.dll" id="8c3ec103-4934-7270-1d99-bd6fc3aba7d0">
      <Execution id="1b33501c-0106-4289-84c2-aa4d07decc42" />
      <TestMethod codeBase="D:\actions-runner\_work\XPCO\XPCO\Corporate\VideoOS.Management.Server.UnitTests\bin\x64\Debug\net472\VideoOS.Management.Server.UnitTests.dll" adapterTypeName="executor://mstestadapter/v2" className="VideoOS.Management.Server.UnitTests.ConfigurationAPI.Rules.Methods.StartRuleTypeStepTests" name="GetCurrentProperties_WhenRuleTypeIsEvent_EventSourcesNotSet__ReturnsProperties" />
    </UnitTest>
    <UnitTest name="GetItems_ShouldReturnValidLicenseItem_IfTheyNotExists" storage="d:\actions-runner\_work\xpco\xpco\corporate\videoos.management.server.unittests\bin\x64\debug\net472\videoos.management.server.unittests.dll" id="ea6f0c85-7acb-5cbc-2983-c5317b44a283">
      <Execution id="b772d33a-71c3-4727-abac-1c249ef16991" />
      <TestMethod codeBase="D:\actions-runner\_work\XPCO\XPCO\Corporate\VideoOS.Management.Server.UnitTests\bin\x64\Debug\net472\VideoOS.Management.Server.UnitTests.dll" adapterTypeName="executor://mstestadapter/v2" className="VideoOS.Management.Server.UnitTests.BusinessObjects.ManagementServer.MIPItem.MIPItemTests" name="GetItems_ShouldReturnValidLicenseItem_IfTheyNotExists" />
    </UnitTest>
    <UnitTest name="Invoke_BasicResultHasBeenSetAndIsTrue_CallDefaultInvoker" storage="d:\actions-runner\_work\xpco\xpco\corporate\videoos.management.server.unittests\bin\x64\debug\net472\videoos.management.server.unittests.dll" id="36e39c0a-a8e3-0595-1f20-3abb243dfcfc">
      <Execution id="160b93c0-53ed-4f8a-a681-165049a4bb00" />
      <TestMethod codeBase="D:\actions-runner\_work\XPCO\XPCO\Corporate\VideoOS.Management.Server.UnitTests\bin\x64\Debug\net472\VideoOS.Management.Server.UnitTests.dll" adapterTypeName="executor://mstestadapter/v2" className="VideoOS.Management.Server.UnitTests.BasicAuthentication.BasicAuthenticationInvokerTests" name="Invoke_BasicResultHasBeenSetAndIsTrue_CallDefaultInvoker" />
    </UnitTest>
    <UnitTest name="Validation_ValidateDouble_NaN_ArgumentException" storage="d:\actions-runner\_work\xpco\xpco\corporate\videoos.management.server.unittests\bin\x64\debug\net472\videoos.management.server.unittests.dll" id="795339f1-a3a5-5aa4-cac2-81e699424147">
      <Execution id="3e5d8e92-ecaa-4be5-ac7f-0331fa787313" />
      <TestMethod codeBase="D:\actions-runner\_work\XPCO\XPCO\Corporate\VideoOS.Management.Server.UnitTests\bin\x64\Debug\net472\VideoOS.Management.Server.UnitTests.dll" adapterTypeName="executor://mstestadapter/v2" className="VideoOS.Management.Server.UnitTests.ValidationUnitTests" name="Validation_ValidateDouble_NaN_ArgumentException" />
    </UnitTest>
    <UnitTest name="MergeMotionDetectionSettings_XmlComparison_Success" storage="d:\actions-runner\_work\xpco\xpco\corporate\videoos.management.server.unittests\bin\x64\debug\net472\videoos.management.server.unittests.dll" id="8e1cdaa4-958b-d15f-2a3c-f9941edac161">
      <Execution id="392b3d79-0fcd-4406-b798-60f653d7e2d0" />
      <TestMethod codeBase="D:\actions-runner\_work\XPCO\XPCO\Corporate\VideoOS.Management.Server.UnitTests\bin\x64\Debug\net472\VideoOS.Management.Server.UnitTests.dll" adapterTypeName="executor://mstestadapter/v2" className="VideoOS.Management.Server.UnitTests.BusinessObjects.DeviceMotionDetectionUnitTests" name="MergeMotionDetectionSettings_XmlComparison_Success" />
    </UnitTest>
    <UnitTest name="UpdateSearchTemplateFind_PrivateOnly" storage="d:\actions-runner\_work\xpco\xpco\corporate\videoos.management.server.unittests\bin\x64\debug\net472\videoos.management.server.unittests.dll" id="fde6f7a4-33c2-8e98-1782-b3fb8c8321f4">
      <Execution id="62d1fded-9261-40cf-a7b3-c92fbeff99c2" />
      <TestMethod codeBase="D:\actions-runner\_work\XPCO\XPCO\Corporate\VideoOS.Management.Server.UnitTests\bin\x64\Debug\net472\VideoOS.Management.Server.UnitTests.dll" adapterTypeName="executor://mstestadapter/v2" className="VideoOS.Management.Server.UnitTests.BusinessObjects.ManagementServer.SearchTemplate.SearchTemplateFindTests" name="UpdateSearchTemplateFind_PrivateOnly" />
    </UnitTest>
    <UnitTest name="Build_WhenRecurringTimeAsStopRuleType_RecurringTimeModelIsNotSet" storage="d:\actions-runner\_work\xpco\xpco\corporate\videoos.management.server.unittests\bin\x64\debug\net472\videoos.management.server.unittests.dll" id="510a0ebe-0deb-928e-273c-2f1305856925">
      <Execution id="88f9e8d8-7593-4771-af6d-8aa817ca2941" />
      <TestMethod codeBase="D:\actions-runner\_work\XPCO\XPCO\Corporate\VideoOS.Management.Server.UnitTests\bin\x64\Debug\net472\VideoOS.Management.Server.UnitTests.dll" adapterTypeName="executor://mstestadapter/v2" className="VideoOS.Management.Server.UnitTests.ConfigurationAPI.Rules.Builders.RuleModelBuilderTests" name="Build_WhenRecurringTimeAsStopRuleType_RecurringTimeModelIsNotSet" />
    </UnitTest>
    <UnitTest name="GetNextProperties_WhenAlwaysAndOutsideTimeProfileAreSetToTrue_ReturnsProperties" storage="d:\actions-runner\_work\xpco\xpco\corporate\videoos.management.server.unittests\bin\x64\debug\net472\videoos.management.server.unittests.dll" id="977cdff4-999c-81d3-b943-7a77b51c5061">
      <Execution id="32d9369a-9e26-43bd-af64-6ce6b85d1d0e" />
      <TestMethod codeBase="D:\actions-runner\_work\XPCO\XPCO\Corporate\VideoOS.Management.Server.UnitTests\bin\x64\Debug\net472\VideoOS.Management.Server.UnitTests.dll" adapterTypeName="executor://mstestadapter/v2" className="VideoOS.Management.Server.UnitTests.ConfigurationAPI.Rules.Methods.StartConditionsStepTest" name="GetNextProperties_WhenAlwaysAndOutsideTimeProfileAreSetToTrue_ReturnsProperties" />
    </UnitTest>
    <UnitTest name="Validate_WhenWeeklyFrequency_DaysContainsInvalidValue_ReturnsError" storage="d:\actions-runner\_work\xpco\xpco\corporate\videoos.management.server.unittests\bin\x64\debug\net472\videoos.management.server.unittests.dll" id="ff9fe548-c868-1e5c-3d38-64fcd40ff1b3">
      <Execution id="72c3baf2-5ce3-4cbe-b09d-1e97d4ab6220" />
      <TestMethod codeBase="D:\actions-runner\_work\XPCO\XPCO\Corporate\VideoOS.Management.Server.UnitTests\bin\x64\Debug\net472\VideoOS.Management.Server.UnitTests.dll" adapterTypeName="executor://mstestadapter/v2" className="VideoOS.Management.Server.UnitTests.ConfigurationAPI.Rules.Backend.Validation.RecurringTimeValidatorTests" name="Validate_WhenWeeklyFrequency_DaysContainsInvalidValue_ReturnsError" />
    </UnitTest>
    <UnitTest name="Get_Item_Database_Exception_ServerException_Expected" storage="d:\actions-runner\_work\xpco\xpco\corporate\videoos.management.server.unittests\bin\x64\debug\net472\videoos.management.server.unittests.dll" id="9c95bc6d-4ea0-5863-742f-aa936f655924">
      <Execution id="7dafab89-d2d3-48d9-9855-50a347f2407f" />
      <TestMethod codeBase="D:\actions-runner\_work\XPCO\XPCO\Corporate\VideoOS.Management.Server.UnitTests\bin\x64\Debug\net472\VideoOS.Management.Server.UnitTests.dll" adapterTypeName="executor://mstestadapter/v2" className="VideoOS.Management.Server.UnitTests.ConfigurationAPI.TaskConfigurationApiTest" name="Get_Item_Database_Exception_ServerException_Expected" />
    </UnitTest>
    <UnitTest name="ValidateItem_InvalidPathTest" storage="d:\actions-runner\_work\xpco\xpco\corporate\videoos.management.server.unittests\bin\x64\debug\net472\videoos.management.server.unittests.dll" id="f4fb252d-6ee5-bf4b-4025-ff38b4d37d5e">
      <Execution id="1094a851-dfc7-4ab8-b4fe-7ddd47d43b90" />
      <TestMethod codeBase="D:\actions-runner\_work\XPCO\XPCO\Corporate\VideoOS.Management.Server.UnitTests\bin\x64\Debug\net472\VideoOS.Management.Server.UnitTests.dll" adapterTypeName="executor://mstestadapter/v2" className="VideoOS.Management.Server.UnitTests.ConfigurationAPI.BusinessObjects.CustomProperties.CustomPropertiesConfigurationApiTest" name="ValidateItem_InvalidPathTest" />
    </UnitTest>
    <UnitTest name="GetChildItems_WhenPathIsFolder_ReturnsRuleListItems" storage="d:\actions-runner\_work\xpco\xpco\corporate\videoos.management.server.unittests\bin\x64\debug\net472\videoos.management.server.unittests.dll" id="67f1111f-73f1-c2d4-61a9-a07563b2589e">
      <Execution id="ca9b1218-19cb-4c6b-b2c0-945b0e22b7cb" />
      <TestMethod codeBase="D:\actions-runner\_work\XPCO\XPCO\Corporate\VideoOS.Management.Server.UnitTests\bin\x64\Debug\net472\VideoOS.Management.Server.UnitTests.dll" adapterTypeName="executor://mstestadapter/v2" className="VideoOS.Management.Server.UnitTests.ConfigurationAPI.Rules.ConfigurationApiServiceTests" name="GetChildItems_WhenPathIsFolder_ReturnsRuleListItems" />
    </UnitTest>
    <UnitTest name="Get_ItemNotFound_ExceptionNotCaught" storage="d:\actions-runner\_work\xpco\xpco\corporate\videoos.management.server.unittests\bin\x64\debug\net472\videoos.management.server.unittests.dll" id="9265127f-2f81-1b4f-a945-63401d6621c9">
      <Execution id="6e724088-0ed9-430e-8c90-d11fd05cd6ec" />
      <TestMethod codeBase="D:\actions-runner\_work\XPCO\XPCO\Corporate\VideoOS.Management.Server.UnitTests\bin\x64\Debug\net472\VideoOS.Management.Server.UnitTests.dll" adapterTypeName="executor://mstestadapter/v2" className="VideoOS.Management.Server.UnitTests.RestApi.SpecificItemControllerTests" name="Get_ItemNotFound_ExceptionNotCaught" />
    </UnitTest>
    <UnitTest name="GetCurrentProperties_WhenRuleTypeIsEvent_EventGroupNotSet_ReturnsRuleTypeProperty" storage="d:\actions-runner\_work\xpco\xpco\corporate\videoos.management.server.unittests\bin\x64\debug\net472\videoos.management.server.unittests.dll" id="ee0dc0e1-2e9f-35ef-f40c-095a3253ece9">
      <Execution id="4e39a1c1-a801-4e4f-9b85-43224cb412aa" />
      <TestMethod codeBase="D:\actions-runner\_work\XPCO\XPCO\Corporate\VideoOS.Management.Server.UnitTests\bin\x64\Debug\net472\VideoOS.Management.Server.UnitTests.dll" adapterTypeName="executor://mstestadapter/v2" className="VideoOS.Management.Server.UnitTests.ConfigurationAPI.Rules.Methods.StopRuleTypeStepTests" name="GetCurrentProperties_WhenRuleTypeIsEvent_EventGroupNotSet_ReturnsRuleTypeProperty" />
    </UnitTest>
    <UnitTest name="GetNextProperties_WhenRuleTypeIsEvent_EventSourcesNotSet_ReturnsEventSourcesProperty" storage="d:\actions-runner\_work\xpco\xpco\corporate\videoos.management.server.unittests\bin\x64\debug\net472\videoos.management.server.unittests.dll" id="32831077-5b04-10bf-655c-2aaa5849156b">
      <Execution id="d18425d5-b46a-4577-a2bb-ee45c906092b" />
      <TestMethod codeBase="D:\actions-runner\_work\XPCO\XPCO\Corporate\VideoOS.Management.Server.UnitTests\bin\x64\Debug\net472\VideoOS.Management.Server.UnitTests.dll" adapterTypeName="executor://mstestadapter/v2" className="VideoOS.Management.Server.UnitTests.ConfigurationAPI.Rules.Methods.StartRuleTypeStepTests" name="GetNextProperties_WhenRuleTypeIsEvent_EventSourcesNotSet_ReturnsEventSourcesProperty" />
    </UnitTest>
    <UnitTest name="SendCommandSecurityVisitor_BackupConfigCommand_Allowed" storage="d:\actions-runner\_work\xpco\xpco\corporate\videoos.management.server.unittests\bin\x64\debug\net472\videoos.management.server.unittests.dll" id="afab01e6-9cc3-a395-89f5-dad076d91450">
      <Execution id="63c8d432-d446-4a0e-9433-354670fcef99" />
      <TestMethod codeBase="D:\actions-runner\_work\XPCO\XPCO\Corporate\VideoOS.Management.Server.UnitTests\bin\x64\Debug\net472\VideoOS.Management.Server.UnitTests.dll" adapterTypeName="executor://mstestadapter/v2" className="VideoOS.Management.Server.UnitTests.SendCommandSecurityVisitorTests" name="SendCommandSecurityVisitor_BackupConfigCommand_Allowed" />
    </UnitTest>
    <UnitTest name="Build_OutsideTimeProfileConditionIsSet_OutsideTimeProfilePropertyAdded" storage="d:\actions-runner\_work\xpco\xpco\corporate\videoos.management.server.unittests\bin\x64\debug\net472\videoos.management.server.unittests.dll" id="c1561c8f-98e3-bc0d-118e-3c052cc495d9">
      <Execution id="8674878a-9ffd-4d6b-9044-4602bbfe3fd9" />
      <TestMethod codeBase="D:\actions-runner\_work\XPCO\XPCO\Corporate\VideoOS.Management.Server.UnitTests\bin\x64\Debug\net472\VideoOS.Management.Server.UnitTests.dll" adapterTypeName="executor://mstestadapter/v2" className="VideoOS.Management.Server.UnitTests.ConfigurationAPI.Rules.Builders.ConfigurationItemBuilderTests" name="Build_OutsideTimeProfileConditionIsSet_OutsideTimeProfilePropertyAdded" />
    </UnitTest>
    <UnitTest name="SendCommandSecurityVisitor_UpdateUserSecurityTokensCommand_NotSupportedException" storage="d:\actions-runner\_work\xpco\xpco\corporate\videoos.management.server.unittests\bin\x64\debug\net472\videoos.management.server.unittests.dll" id="57a94566-b60a-f031-4f23-72fc87472498">
      <Execution id="672db905-0243-4b83-aaf1-d5c81a9eb1eb" />
      <TestMethod codeBase="D:\actions-runner\_work\XPCO\XPCO\Corporate\VideoOS.Management.Server.UnitTests\bin\x64\Debug\net472\VideoOS.Management.Server.UnitTests.dll" adapterTypeName="executor://mstestadapter/v2" className="VideoOS.Management.Server.UnitTests.SendCommandSecurityVisitorTests" name="SendCommandSecurityVisitor_UpdateUserSecurityTokensCommand_NotSupportedException" />
    </UnitTest>
    <UnitTest name="GetXml_WhenRuleTypeIsEvent_MatchesXml" storage="d:\actions-runner\_work\xpco\xpco\corporate\videoos.management.server.unittests\bin\x64\debug\net472\videoos.management.server.unittests.dll" id="4160f687-8cc3-421e-77b4-0ecedb42d1a3">
      <Execution id="ffe7a08a-8749-4d4d-a977-9997428e04e9" />
      <TestMethod codeBase="D:\actions-runner\_work\XPCO\XPCO\Corporate\VideoOS.Management.Server.UnitTests\bin\x64\Debug\net472\VideoOS.Management.Server.UnitTests.dll" adapterTypeName="executor://mstestadapter/v2" className="VideoOS.Management.Server.UnitTests.ConfigurationAPI.Rules.Backend.Builders.RuleTypeXmlBuilderTests" name="GetXml_WhenRuleTypeIsEvent_MatchesXml" />
    </UnitTest>
    <UnitTest name="Build_WhenNoConditions_ReturnsNoPropertiesSet" storage="d:\actions-runner\_work\xpco\xpco\corporate\videoos.management.server.unittests\bin\x64\debug\net472\videoos.management.server.unittests.dll" id="5272544f-2caf-ce38-682b-a182d695fadf">
      <Execution id="1d07cb87-c6c0-48d9-9bfd-2cfa43685d99" />
      <TestMethod codeBase="D:\actions-runner\_work\XPCO\XPCO\Corporate\VideoOS.Management.Server.UnitTests\bin\x64\Debug\net472\VideoOS.Management.Server.UnitTests.dll" adapterTypeName="executor://mstestadapter/v2" className="VideoOS.Management.Server.UnitTests.ConfigurationAPI.Rules.Builders.ConfigurationItemConditionsBuilderTests" name="Build_WhenNoConditions_ReturnsNoPropertiesSet" />
    </UnitTest>
    <UnitTest name="ScheduledAction_StopSchedule_ScheduleIsCancelled" storage="d:\actions-runner\_work\xpco\xpco\corporate\videoos.management.server.unittests\bin\x64\debug\net472\videoos.management.server.unittests.dll" id="b736806b-5f27-18f4-7caa-fc087cf40af3">
      <Execution id="217eaadd-f2bf-4bb9-b9a7-4866d66045a4" />
      <TestMethod codeBase="D:\actions-runner\_work\XPCO\XPCO\Corporate\VideoOS.Management.Server.UnitTests\bin\x64\Debug\net472\VideoOS.Management.Server.UnitTests.dll" adapterTypeName="executor://mstestadapter/v2" className="VideoOS.Management.Server.UnitTests.BusinessObjects.ManagementServer.DataCollection.ScheduledAction.ScheduledActionTest" name="ScheduledAction_StopSchedule_ScheduleIsCancelled" />
    </UnitTest>
    <UnitTest name="Delete_ThrowsException_WhenMethodDoesNotReturnAnyProperties" storage="d:\actions-runner\_work\xpco\xpco\corporate\videoos.management.server.unittests\bin\x64\debug\net472\videoos.management.server.unittests.dll" id="bf9d3f13-71ad-14b3-8e64-f5376c14ab1e">
      <Execution id="ca5c57a1-31b7-4f01-8d49-41bcb4b17f54" />
      <TestMethod codeBase="D:\actions-runner\_work\XPCO\XPCO\Corporate\VideoOS.Management.Server.UnitTests\bin\x64\Debug\net472\VideoOS.Management.Server.UnitTests.dll" adapterTypeName="executor://mstestadapter/v2" className="VideoOS.Management.Server.UnitTests.RestApi.ConfigurationApiManagerTests" name="Delete_ThrowsException_WhenMethodDoesNotReturnAnyProperties" />
    </UnitTest>
    <UnitTest name="GetNextProperties_WhenNamePropertyIsPresent_ReturnsDescriptionProperties" storage="d:\actions-runner\_work\xpco\xpco\corporate\videoos.management.server.unittests\bin\x64\debug\net472\videoos.management.server.unittests.dll" id="b7cf50e8-1705-9476-180d-7d52d06c77ae">
      <Execution id="730aa285-5ac1-4e3f-8fb0-d113be885107" />
      <TestMethod codeBase="D:\actions-runner\_work\XPCO\XPCO\Corporate\VideoOS.Management.Server.UnitTests\bin\x64\Debug\net472\VideoOS.Management.Server.UnitTests.dll" adapterTypeName="executor://mstestadapter/v2" className="VideoOS.Management.Server.UnitTests.ConfigurationAPI.Rules.Methods.BasicInfoStepTests" name="GetNextProperties_WhenNamePropertyIsPresent_ReturnsDescriptionProperties" />
    </UnitTest>
    <UnitTest name="GetVmsUserBySid_ThrowException_ThrowsGenericIdpException" storage="d:\actions-runner\_work\xpco\xpco\corporate\videoos.management.server.unittests\bin\x64\debug\net472\videoos.management.server.unittests.dll" id="86685ea0-8a9d-6e68-5c46-68362241e32e">
      <Execution id="f6a66ce9-3824-49a2-91b7-8e5cadc86ffa" />
      <TestMethod codeBase="D:\actions-runner\_work\XPCO\XPCO\Corporate\VideoOS.Management.Server.UnitTests\bin\x64\Debug\net472\VideoOS.Management.Server.UnitTests.dll" adapterTypeName="executor://mstestadapter/v2" className="VideoOS.Management.Server.UnitTests.DataComponents.Idp.UserIdpComponentTests" name="GetVmsUserBySid_ThrowException_ThrowsGenericIdpException" />
    </UnitTest>
    <UnitTest name="Validate_WhenValidWeeklyFrequency_ValidOnceSubday_NoErrors" storage="d:\actions-runner\_work\xpco\xpco\corporate\videoos.management.server.unittests\bin\x64\debug\net472\videoos.management.server.unittests.dll" id="109f1090-2c37-11e4-42b0-be8428a5c6de">
      <Execution id="e61f1094-aaf2-4380-b672-c4a600613518" />
      <TestMethod codeBase="D:\actions-runner\_work\XPCO\XPCO\Corporate\VideoOS.Management.Server.UnitTests\bin\x64\Debug\net472\VideoOS.Management.Server.UnitTests.dll" adapterTypeName="executor://mstestadapter/v2" className="VideoOS.Management.Server.UnitTests.ConfigurationAPI.Rules.Backend.Validation.RecurringTimeValidatorTests" name="Validate_WhenValidWeeklyFrequency_ValidOnceSubday_NoErrors" />
    </UnitTest>
    <UnitTest name="DeviceEvents_UpdateDeviceEvents_Success" storage="d:\actions-runner\_work\xpco\xpco\corporate\videoos.management.server.unittests\bin\x64\debug\net472\videoos.management.server.unittests.dll" id="e1de040b-d607-d1f8-8641-6d4f8821ae3a">
      <Execution id="8dc7fe60-6095-400d-b8ab-939be0253449" />
      <TestMethod codeBase="D:\actions-runner\_work\XPCO\XPCO\Corporate\VideoOS.Management.Server.UnitTests\bin\x64\Debug\net472\VideoOS.Management.Server.UnitTests.dll" adapterTypeName="executor://mstestadapter/v2" className="VideoOS.Management.Server.UnitTests.BusinessObjects.DeviceEventsUnitTests" name="DeviceEvents_UpdateDeviceEvents_Success" />
    </UnitTest>
    <UnitTest name="Validate_WhenMonthlyRelativeFrequency_OffsetParameterIsEmpty_ReturnsError" storage="d:\actions-runner\_work\xpco\xpco\corporate\videoos.management.server.unittests\bin\x64\debug\net472\videoos.management.server.unittests.dll" id="6c30c40b-705d-dcb1-085a-86bcc3c5fe56">
      <Execution id="455da9bb-ff71-46d7-9dbc-72cfd3419a49" />
      <TestMethod codeBase="D:\actions-runner\_work\XPCO\XPCO\Corporate\VideoOS.Management.Server.UnitTests\bin\x64\Debug\net472\VideoOS.Management.Server.UnitTests.dll" adapterTypeName="executor://mstestadapter/v2" className="VideoOS.Management.Server.UnitTests.ConfigurationAPI.Rules.Backend.Validation.RecurringTimeValidatorTests" name="Validate_WhenMonthlyRelativeFrequency_OffsetParameterIsEmpty_ReturnsError" />
    </UnitTest>
    <UnitTest name="GetChildItems_WhenMatchListsNull_ReturnsEmptyList" storage="d:\actions-runner\_work\xpco\xpco\corporate\videoos.management.server.unittests\bin\x64\debug\net472\videoos.management.server.unittests.dll" id="da7253f3-138d-db02-c606-a1b6578cf3b2">
      <Execution id="a6f0e513-14ad-4a5f-a57b-3511adf4d135" />
      <TestMethod codeBase="D:\actions-runner\_work\XPCO\XPCO\Corporate\VideoOS.Management.Server.UnitTests\bin\x64\Debug\net472\VideoOS.Management.Server.UnitTests.dll" adapterTypeName="executor://mstestadapter/v2" className="VideoOS.Management.Server.UnitTests.ConfigurationAPI.LprMatchList.ConfigurationApiServiceTests" name="GetChildItems_WhenMatchListsNull_ReturnsEmptyList" />
    </UnitTest>
    <UnitTest name="ActionDefinitionGuidEmptyTest" storage="d:\actions-runner\_work\xpco\xpco\corporate\videoos.management.server.unittests\bin\x64\debug\net472\videoos.management.server.unittests.dll" id="5b0701fe-3a5e-3f35-2028-d4e96d8a62ce">
      <Execution id="621416a7-c7cc-491b-a4bf-b9f527337868" />
      <TestMethod codeBase="D:\actions-runner\_work\XPCO\XPCO\Corporate\VideoOS.Management.Server.UnitTests\bin\x64\Debug\net472\VideoOS.Management.Server.UnitTests.dll" adapterTypeName="executor://mstestadapter/v2" className="VideoOS.Management.Server.UnitTests.ActionDefinitionTests" name="ActionDefinitionGuidEmptyTest" />
    </UnitTest>
    <UnitTest name="Build_WhenStartRuleIsRecurringTime_DailyAndRecurringWithNoRequiredProperties_PropertiesAreSetWithDefaultValues" storage="d:\actions-runner\_work\xpco\xpco\corporate\videoos.management.server.unittests\bin\x64\debug\net472\videoos.management.server.unittests.dll" id="d58e6655-a20e-eca9-a8ff-e01c0d1f10d1">
      <Execution id="96ab97b7-8238-44ee-b856-a2f56dc1c2fa" />
      <TestMethod codeBase="D:\actions-runner\_work\XPCO\XPCO\Corporate\VideoOS.Management.Server.UnitTests\bin\x64\Debug\net472\VideoOS.Management.Server.UnitTests.dll" adapterTypeName="executor://mstestadapter/v2" className="VideoOS.Management.Server.UnitTests.ConfigurationAPI.Rules.Builders.ConfigurationItemBuilderTests" name="Build_WhenStartRuleIsRecurringTime_DailyAndRecurringWithNoRequiredProperties_PropertiesAreSetWithDefaultValues" />
    </UnitTest>
    <UnitTest name="Post_KnownResource_ReturnsPostResultInBody" storage="d:\actions-runner\_work\xpco\xpco\corporate\videoos.management.server.unittests\bin\x64\debug\net472\videoos.management.server.unittests.dll" id="8f152971-a57d-71f5-4089-09201e25a167">
      <Execution id="f9727b08-4995-43db-abe3-77515f087777" />
      <TestMethod codeBase="D:\actions-runner\_work\XPCO\XPCO\Corporate\VideoOS.Management.Server.UnitTests\bin\x64\Debug\net472\VideoOS.Management.Server.UnitTests.dll" adapterTypeName="executor://mstestadapter/v2" className="VideoOS.Management.Server.UnitTests.RestApi.SpecificItemControllerTests" name="Post_KnownResource_ReturnsPostResultInBody" />
    </UnitTest>
    <UnitTest name="DataCollectorRegisteredServicesResolver_DoResolve_Webservice_TimeoutException" storage="d:\actions-runner\_work\xpco\xpco\corporate\videoos.management.server.unittests\bin\x64\debug\net472\videoos.management.server.unittests.dll" id="94ee11cb-b809-ecb9-448a-341da4041414">
      <Execution id="f2eb11f5-4c55-455f-a20d-eb250aefa36d" />
      <TestMethod codeBase="D:\actions-runner\_work\XPCO\XPCO\Corporate\VideoOS.Management.Server.UnitTests\bin\x64\Debug\net472\VideoOS.Management.Server.UnitTests.dll" adapterTypeName="executor://mstestadapter/v2" className="VideoOS.Management.Server.DataCollectorRegisteredServicesResolverTest" name="DataCollectorRegisteredServicesResolver_DoResolve_Webservice_TimeoutException" />
    </UnitTest>
    <UnitTest name="SystemSettingsManager_CheckSetPermissions_Existing" storage="d:\actions-runner\_work\xpco\xpco\corporate\videoos.management.server.unittests\bin\x64\debug\net472\videoos.management.server.unittests.dll" id="d80aaa61-200f-f849-c2ff-b965cf3c30cf">
      <Execution id="b3e94496-e223-4c44-a48c-339ea4923258" />
      <TestMethod codeBase="D:\actions-runner\_work\XPCO\XPCO\Corporate\VideoOS.Management.Server.UnitTests\bin\x64\Debug\net472\VideoOS.Management.Server.UnitTests.dll" adapterTypeName="executor://mstestadapter/v2" className="VideoOS.Management.Server.UnitTests.SystemSettingsManagerTests" name="SystemSettingsManager_CheckSetPermissions_Existing" />
    </UnitTest>
    <UnitTest name="TestBuild_BasicFields_Correct" storage="d:\actions-runner\_work\xpco\xpco\corporate\videoos.management.server.unittests\bin\x64\debug\net472\videoos.management.server.unittests.dll" id="03fe6e9a-54d3-8740-5987-511012741d51">
      <Execution id="9e2266b2-a9e6-4b05-bd00-d77fe6b51efb" />
      <TestMethod codeBase="D:\actions-runner\_work\XPCO\XPCO\Corporate\VideoOS.Management.Server.UnitTests\bin\x64\Debug\net472\VideoOS.Management.Server.UnitTests.dll" adapterTypeName="executor://mstestadapter/v2" className="VideoOS.Management.Server.UnitTests.ConfigurationAPI.BusinessObjects.LprMatchiList.ConfigurationItemBuilderTests" name="TestBuild_BasicFields_Correct" />
    </UnitTest>
    <UnitTest name="GetChildItems_ParamNullCheck_RequestContextTest" storage="d:\actions-runner\_work\xpco\xpco\corporate\videoos.management.server.unittests\bin\x64\debug\net472\videoos.management.server.unittests.dll" id="3bb164af-2324-5ca7-3412-e6d68f71a0a2">
      <Execution id="7267e5a2-c081-463b-a9d8-8fe0dc0bec84" />
      <TestMethod codeBase="D:\actions-runner\_work\XPCO\XPCO\Corporate\VideoOS.Management.Server.UnitTests\bin\x64\Debug\net472\VideoOS.Management.Server.UnitTests.dll" adapterTypeName="executor://mstestadapter/v2" className="VideoOS.Management.Server.UnitTests.ConfigurationAPI.BusinessObjects.AudioMessage.AudioMessageConfigurationApiTest" name="GetChildItems_ParamNullCheck_RequestContextTest" />
    </UnitTest>
    <UnitTest name="IsComplete_WhenRuleTypeIsEvent_NoEventRuleTypePropertiesSet_ReturnsFalse" storage="d:\actions-runner\_work\xpco\xpco\corporate\videoos.management.server.unittests\bin\x64\debug\net472\videoos.management.server.unittests.dll" id="50bd7504-f8cb-0cc4-f4f6-2f6a009e63a1">
      <Execution id="e879e5b1-e2f5-4659-97ce-3c6e88e7beb8" />
      <TestMethod codeBase="D:\actions-runner\_work\XPCO\XPCO\Corporate\VideoOS.Management.Server.UnitTests\bin\x64\Debug\net472\VideoOS.Management.Server.UnitTests.dll" adapterTypeName="executor://mstestadapter/v2" className="VideoOS.Management.Server.UnitTests.ConfigurationAPI.Rules.Methods.StopRuleTypeStepTests" name="IsComplete_WhenRuleTypeIsEvent_NoEventRuleTypePropertiesSet_ReturnsFalse" />
    </UnitTest>
    <UnitTest name="ConfigurationItemPath_CreateFolderPath3Strings_NonFolder_CreateConfigurationItemPathException" storage="d:\actions-runner\_work\xpco\xpco\corporate\videoos.management.server.unittests\bin\x64\debug\net472\videoos.management.server.unittests.dll" id="58dc2da5-208c-2b5e-f84a-aa7080a37191">
      <Execution id="043bf886-6cd6-4798-8d0d-f5c63d6379a3" />
      <TestMethod codeBase="D:\actions-runner\_work\XPCO\XPCO\Corporate\VideoOS.Management.Server.UnitTests\bin\x64\Debug\net472\VideoOS.Management.Server.UnitTests.dll" adapterTypeName="executor://mstestadapter/v2" className="VideoOS.Management.Server.UnitTests.ConfigurationAPI.ConfigurationItemPathTests" name="ConfigurationItemPath_CreateFolderPath3Strings_NonFolder_CreateConfigurationItemPathException" />
    </UnitTest>
    <UnitTest name="GetChildItems_InvalidPathTest" storage="d:\actions-runner\_work\xpco\xpco\corporate\videoos.management.server.unittests\bin\x64\debug\net472\videoos.management.server.unittests.dll" id="7246696d-ee0e-3c70-ed49-fd184f6340ce">
      <Execution id="8c20d6e3-5e99-4283-9462-ef178a83d277" />
      <TestMethod codeBase="D:\actions-runner\_work\XPCO\XPCO\Corporate\VideoOS.Management.Server.UnitTests\bin\x64\Debug\net472\VideoOS.Management.Server.UnitTests.dll" adapterTypeName="executor://mstestadapter/v2" className="VideoOS.Management.Server.UnitTests.ConfigurationAPI.BusinessObjects.SiteConfigurationApiTest" name="GetChildItems_InvalidPathTest" />
    </UnitTest>
    <UnitTest name="InvokeResult_Error_Correct" storage="d:\actions-runner\_work\xpco\xpco\corporate\videoos.management.server.unittests\bin\x64\debug\net472\videoos.management.server.unittests.dll" id="70e50c4c-853c-0fba-bc4c-9393c6159a5d">
      <Execution id="990d6fe2-01a0-49eb-b4bc-eda8ecb7015a" />
      <TestMethod codeBase="D:\actions-runner\_work\XPCO\XPCO\Corporate\VideoOS.Management.Server.UnitTests\bin\x64\Debug\net472\VideoOS.Management.Server.UnitTests.dll" adapterTypeName="executor://mstestadapter/v2" className="VideoOS.Management.Server.UnitTests.RestApi.ConfigurationItemSerializerTests" name="InvokeResult_Error_Correct" />
    </UnitTest>
    <UnitTest name="RetentionTimeConfigurationProvider_Constructor_success" storage="d:\actions-runner\_work\xpco\xpco\corporate\videoos.management.server.unittests\bin\x64\debug\net472\videoos.management.server.unittests.dll" id="4ff0b918-a465-4da8-8a9e-68e5ac6ffa37">
      <Execution id="86167a39-e00a-489f-9f44-981a47dff17c" />
      <TestMethod codeBase="D:\actions-runner\_work\XPCO\XPCO\Corporate\VideoOS.Management.Server.UnitTests\bin\x64\Debug\net472\VideoOS.Management.Server.UnitTests.dll" adapterTypeName="executor://mstestadapter/v2" className="VideoOS.Management.Server.UnitTests.BusinessObjects.ManagementServer.DataCollection.PerformanceCounterRules.RetentionTimeConfigurationProviderTest" name="RetentionTimeConfigurationProvider_Constructor_success" />
    </UnitTest>
    <UnitTest name="FromString_Enum_WhenValidInput_ReturnsCorrectEnumValue" storage="d:\actions-runner\_work\xpco\xpco\corporate\videoos.management.server.unittests\bin\x64\debug\net472\videoos.management.server.unittests.dll" id="feaae690-f8d5-6a68-60bc-7f7230e165ab">
      <Execution id="2587c912-558f-4391-bfad-3fbcb6e28588" />
      <TestMethod codeBase="D:\actions-runner\_work\XPCO\XPCO\Corporate\VideoOS.Management.Server.UnitTests\bin\x64\Debug\net472\VideoOS.Management.Server.UnitTests.dll" adapterTypeName="executor://mstestadapter/v2" className="VideoOS.Management.Server.UnitTests.ConfigurationAPI.Rules.TypeHelperTests" name="FromString_Enum_WhenValidInput_ReturnsCorrectEnumValue" />
    </UnitTest>
    <UnitTest name="IsComplete_WhenStopRuleIsTimerWithNoTime_ReturnsFalse" storage="d:\actions-runner\_work\xpco\xpco\corporate\videoos.management.server.unittests\bin\x64\debug\net472\videoos.management.server.unittests.dll" id="3e97ce03-fcf5-2fd0-c71d-61d113552656">
      <Execution id="ee4d9353-13b7-4e21-ba26-a602a538d52d" />
      <TestMethod codeBase="D:\actions-runner\_work\XPCO\XPCO\Corporate\VideoOS.Management.Server.UnitTests\bin\x64\Debug\net472\VideoOS.Management.Server.UnitTests.dll" adapterTypeName="executor://mstestadapter/v2" className="VideoOS.Management.Server.UnitTests.ConfigurationAPI.Rules.Methods.StopRuleTypeStepTests" name="IsComplete_WhenStopRuleIsTimerWithNoTime_ReturnsFalse" />
    </UnitTest>
    <UnitTest name="GetProperties_WhenFirstStepPropertiesAreSet_ReturnsSetFirstStepPropertiesAndEmptyStartRuleTypeProperty" storage="d:\actions-runner\_work\xpco\xpco\corporate\videoos.management.server.unittests\bin\x64\debug\net472\videoos.management.server.unittests.dll" id="9ef706fc-21eb-aa3d-7595-7c004cf364e2">
      <Execution id="41c84d6f-961b-4aad-9b47-e439db87f47a" />
      <TestMethod codeBase="D:\actions-runner\_work\XPCO\XPCO\Corporate\VideoOS.Management.Server.UnitTests\bin\x64\Debug\net472\VideoOS.Management.Server.UnitTests.dll" adapterTypeName="executor://mstestadapter/v2" className="VideoOS.Management.Server.UnitTests.ConfigurationAPI.Rules.Methods.RuleWizardInfoProviderTests" name="GetProperties_WhenFirstStepPropertiesAreSet_ReturnsSetFirstStepPropertiesAndEmptyStartRuleTypeProperty" />
    </UnitTest>
    <UnitTest name="SendCommandSecurityVisitor_UpdateSecurityManagerCommand_SecurityAttributes_Add_NotSupportedException" storage="d:\actions-runner\_work\xpco\xpco\corporate\videoos.management.server.unittests\bin\x64\debug\net472\videoos.management.server.unittests.dll" id="4621ee11-e221-c86d-94f0-6fad18344887">
      <Execution id="68c28530-934e-4921-8318-984c0573ee23" />
      <TestMethod codeBase="D:\actions-runner\_work\XPCO\XPCO\Corporate\VideoOS.Management.Server.UnitTests\bin\x64\Debug\net472\VideoOS.Management.Server.UnitTests.dll" adapterTypeName="executor://mstestadapter/v2" className="VideoOS.Management.Server.UnitTests.SendCommandSecurityVisitorTests" name="SendCommandSecurityVisitor_UpdateSecurityManagerCommand_SecurityAttributes_Add_NotSupportedException" />
    </UnitTest>
    <UnitTest name="Post_EmptyRequestBody_ThrowsException" storage="d:\actions-runner\_work\xpco\xpco\corporate\videoos.management.server.unittests\bin\x64\debug\net472\videoos.management.server.unittests.dll" id="9bf5d254-3807-55aa-09ac-28ebcc8a37f7">
      <Execution id="5a7c6aa1-9d50-41f2-8080-528c2212e0ab" />
      <TestMethod codeBase="D:\actions-runner\_work\XPCO\XPCO\Corporate\VideoOS.Management.Server.UnitTests\bin\x64\Debug\net472\VideoOS.Management.Server.UnitTests.dll" adapterTypeName="executor://mstestadapter/v2" className="VideoOS.Management.Server.UnitTests.RestApi.SpecificItemControllerTests" name="Post_EmptyRequestBody_ThrowsException" />
    </UnitTest>
    <UnitTest name="Post_InitiateTask_CallInvalidTask_ExceptionThrown" storage="d:\actions-runner\_work\xpco\xpco\corporate\videoos.management.server.unittests\bin\x64\debug\net472\videoos.management.server.unittests.dll" id="e01b6b09-f0d4-bb22-5c50-1b121e18f12c">
      <Execution id="d70e5e93-8451-4ff1-a344-2fd959fcedb4" />
      <TestMethod codeBase="D:\actions-runner\_work\XPCO\XPCO\Corporate\VideoOS.Management.Server.UnitTests\bin\x64\Debug\net472\VideoOS.Management.Server.UnitTests.dll" adapterTypeName="executor://mstestadapter/v2" className="VideoOS.Management.Server.UnitTests.RestApi.ConfigurationApiSubControllerTests" name="Post_InitiateTask_CallInvalidTask_ExceptionThrown" />
    </UnitTest>
    <UnitTest name="SetItem_SunnyDay" storage="d:\actions-runner\_work\xpco\xpco\corporate\videoos.management.server.unittests\bin\x64\debug\net472\videoos.management.server.unittests.dll" id="a17380d7-1125-2361-4ddf-a27e1d64147f">
      <Execution id="4c010855-731a-476c-961c-2c7a5049188a" />
      <TestMethod codeBase="D:\actions-runner\_work\XPCO\XPCO\Corporate\VideoOS.Management.Server.UnitTests\bin\x64\Debug\net472\VideoOS.Management.Server.UnitTests.dll" adapterTypeName="executor://mstestadapter/v2" className="VideoOS.Management.Server.UnitTests.ConfigurationAPI.BusinessObjects.BasicOwnerInformationConfigurationApiTests" name="SetItem_SunnyDay" />
    </UnitTest>
    <UnitTest name="Build_WhenTypeIsTimer_ReturnsRuleModelWithTime" storage="d:\actions-runner\_work\xpco\xpco\corporate\videoos.management.server.unittests\bin\x64\debug\net472\videoos.management.server.unittests.dll" id="ff22f819-1299-16a8-febb-59239a0e4d7e">
      <Execution id="59533078-fb3e-4f00-83ba-90886606d5f8" />
      <TestMethod codeBase="D:\actions-runner\_work\XPCO\XPCO\Corporate\VideoOS.Management.Server.UnitTests\bin\x64\Debug\net472\VideoOS.Management.Server.UnitTests.dll" adapterTypeName="executor://mstestadapter/v2" className="VideoOS.Management.Server.UnitTests.ConfigurationAPI.Rules.Backend.Builders.RuleTypeParserTests" name="Build_WhenTypeIsTimer_ReturnsRuleModelWithTime" />
    </UnitTest>
    <UnitTest name="GetItemType_WhenAnySource_ReturnsCorrectItemType" storage="d:\actions-runner\_work\xpco\xpco\corporate\videoos.management.server.unittests\bin\x64\debug\net472\videoos.management.server.unittests.dll" id="da291fbf-b206-5732-f797-a9f0d2101a08">
      <Execution id="352ab164-1ed6-4cfb-99dd-a362b3e3c020" />
      <TestMethod codeBase="D:\actions-runner\_work\XPCO\XPCO\Corporate\VideoOS.Management.Server.UnitTests\bin\x64\Debug\net472\VideoOS.Management.Server.UnitTests.dll" adapterTypeName="executor://mstestadapter/v2" className="VideoOS.Management.Server.UnitTests.ConfigurationAPI.Rules.Backend.Validation.SystemDashboardRecordingServerParameterValueValidatorTests" name="GetItemType_WhenAnySource_ReturnsCorrectItemType" />
    </UnitTest>
    <UnitTest name="IsComplete_WhenTimeBetweenWithEndTimeButNotStartTimePropertiesSet_ReturnsTrue" storage="d:\actions-runner\_work\xpco\xpco\corporate\videoos.management.server.unittests\bin\x64\debug\net472\videoos.management.server.unittests.dll" id="90daf2b8-397c-c201-a2f5-1c5f2f7e5b05">
      <Execution id="cc301602-4913-48aa-8070-72124bca0779" />
      <TestMethod codeBase="D:\actions-runner\_work\XPCO\XPCO\Corporate\VideoOS.Management.Server.UnitTests\bin\x64\Debug\net472\VideoOS.Management.Server.UnitTests.dll" adapterTypeName="executor://mstestadapter/v2" className="VideoOS.Management.Server.UnitTests.ConfigurationAPI.Rules.Methods.StartConditionsStepTest" name="IsComplete_WhenTimeBetweenWithEndTimeButNotStartTimePropertiesSet_ReturnsTrue" />
    </UnitTest>
    <UnitTest name="GetCurrentProperties_WhenRecurring_FrequencySetWithProperties_ReturnsAllFrequencyTypeProperties" storage="d:\actions-runner\_work\xpco\xpco\corporate\videoos.management.server.unittests\bin\x64\debug\net472\videoos.management.server.unittests.dll" id="2f38f56a-4276-1e9e-afb3-bee2c2c97034">
      <Execution id="52d0b427-4e04-483e-91cb-64986a0bacad" />
      <TestMethod codeBase="D:\actions-runner\_work\XPCO\XPCO\Corporate\VideoOS.Management.Server.UnitTests\bin\x64\Debug\net472\VideoOS.Management.Server.UnitTests.dll" adapterTypeName="executor://mstestadapter/v2" className="VideoOS.Management.Server.UnitTests.ConfigurationAPI.Rules.Methods.StartRuleTypeStepTests" name="GetCurrentProperties_WhenRecurring_FrequencySetWithProperties_ReturnsAllFrequencyTypeProperties" />
    </UnitTest>
    <UnitTest name="GetCurrentProperties_WhenRuleTypeIsEvent_AllPropertiesArePresent__ReturnsAllProperties" storage="d:\actions-runner\_work\xpco\xpco\corporate\videoos.management.server.unittests\bin\x64\debug\net472\videoos.management.server.unittests.dll" id="fd8ecb99-0ea5-6bf7-997e-b90dc608b939">
      <Execution id="8371dcbe-b20f-4cf5-aa98-5773d739ee81" />
      <TestMethod codeBase="D:\actions-runner\_work\XPCO\XPCO\Corporate\VideoOS.Management.Server.UnitTests\bin\x64\Debug\net472\VideoOS.Management.Server.UnitTests.dll" adapterTypeName="executor://mstestadapter/v2" className="VideoOS.Management.Server.UnitTests.ConfigurationAPI.Rules.Methods.StartRuleTypeStepTests" name="GetCurrentProperties_WhenRuleTypeIsEvent_AllPropertiesArePresent__ReturnsAllProperties" />
    </UnitTest>
    <UnitTest name="DriverSettingsBusiness_PrepareAndValidateSettings_Success" storage="d:\actions-runner\_work\xpco\xpco\corporate\videoos.management.server.unittests\bin\x64\debug\net472\videoos.management.server.unittests.dll" id="b973da1a-2e42-fe55-9475-2d140e6e0854">
      <Execution id="ef2337e9-2181-4619-9d35-42e8b59fc028" />
      <TestMethod codeBase="D:\actions-runner\_work\XPCO\XPCO\Corporate\VideoOS.Management.Server.UnitTests\bin\x64\Debug\net472\VideoOS.Management.Server.UnitTests.dll" adapterTypeName="executor://mstestadapter/v2" className="VideoOS.Management.Server.UnitTests.Security.DriverSettingsBusinessTests" name="DriverSettingsBusiness_PrepareAndValidateSettings_Success" />
    </UnitTest>
    <UnitTest name="validateItem_ParamNullCheck_ParentPath" storage="d:\actions-runner\_work\xpco\xpco\corporate\videoos.management.server.unittests\bin\x64\debug\net472\videoos.management.server.unittests.dll" id="45fe8065-b4cc-eb85-2d6f-0cef16676fb9">
      <Execution id="ee1c753c-e4d9-4a45-b679-78d362eca107" />
      <TestMethod codeBase="D:\actions-runner\_work\XPCO\XPCO\Corporate\VideoOS.Management.Server.UnitTests\bin\x64\Debug\net472\VideoOS.Management.Server.UnitTests.dll" adapterTypeName="executor://mstestadapter/v2" className="VideoOS.Management.Server.UnitTests.ConfigurationAPI.BusinessObjects.SearchTemplate.SearchTemplateConfigurationApiTest" name="validateItem_ParamNullCheck_ParentPath" />
    </UnitTest>
    <UnitTest name="TimeProfile_WhenNoProfileParameter_Error" storage="d:\actions-runner\_work\xpco\xpco\corporate\videoos.management.server.unittests\bin\x64\debug\net472\videoos.management.server.unittests.dll" id="25b3506e-b755-0ffc-1d83-67cbeed7b315">
      <Execution id="ed6d4fec-92d0-4f8c-b414-af8ce755c80a" />
      <TestMethod codeBase="D:\actions-runner\_work\XPCO\XPCO\Corporate\VideoOS.Management.Server.UnitTests\bin\x64\Debug\net472\VideoOS.Management.Server.UnitTests.dll" adapterTypeName="executor://mstestadapter/v2" className="VideoOS.Management.Server.UnitTests.ConfigurationAPI.Rules.Backend.Validation.ConditionOutsideTimeProfileValidatorTests" name="TimeProfile_WhenNoProfileParameter_Error" />
    </UnitTest>
    <UnitTest name="Validate_WhenExpectedTypeIsNull_ReturnFalse" storage="d:\actions-runner\_work\xpco\xpco\corporate\videoos.management.server.unittests\bin\x64\debug\net472\videoos.management.server.unittests.dll" id="3e701cb3-3b38-04cd-2edd-f3846a9cd859">
      <Execution id="c5930460-2992-4ce7-a862-5fbdca65647d" />
      <TestMethod codeBase="D:\actions-runner\_work\XPCO\XPCO\Corporate\VideoOS.Management.Server.UnitTests\bin\x64\Debug\net472\VideoOS.Management.Server.UnitTests.dll" adapterTypeName="executor://mstestadapter/v2" className="VideoOS.Management.Server.UnitTests.ConfigurationAPI.Rules.Backend.Validation.ValueValidators.PluginGroupItemParameterValueValidatorTests" name="Validate_WhenExpectedTypeIsNull_ReturnFalse" />
    </UnitTest>
    <UnitTest name="Build_TriggerEventOnRemoteSite_WhenSiteIdPropertyNotSet_SiteIdParameterIsSetToHomeSiteId" storage="d:\actions-runner\_work\xpco\xpco\corporate\videoos.management.server.unittests\bin\x64\debug\net472\videoos.management.server.unittests.dll" id="c92e764c-db20-b27c-5dee-d26175da6856">
      <Execution id="7209ec98-4d66-40cd-9171-db3ba4a8c877" />
      <TestMethod codeBase="D:\actions-runner\_work\XPCO\XPCO\Corporate\VideoOS.Management.Server.UnitTests\bin\x64\Debug\net472\VideoOS.Management.Server.UnitTests.dll" adapterTypeName="executor://mstestadapter/v2" className="VideoOS.Management.Server.UnitTests.ConfigurationAPI.Rules.Builders.RuleModelActionsBuilderTests" name="Build_TriggerEventOnRemoteSite_WhenSiteIdPropertyNotSet_SiteIdParameterIsSetToHomeSiteId" />
    </UnitTest>
    <UnitTest name="Build_WhenSetFramerateActions_ReturnsProperties" storage="d:\actions-runner\_work\xpco\xpco\corporate\videoos.management.server.unittests\bin\x64\debug\net472\videoos.management.server.unittests.dll" id="c60d719f-1b55-54e0-23dd-5ba1e339d63e">
      <Execution id="4f555aba-c9da-45f3-967b-809a53f0ec01" />
      <TestMethod codeBase="D:\actions-runner\_work\XPCO\XPCO\Corporate\VideoOS.Management.Server.UnitTests\bin\x64\Debug\net472\VideoOS.Management.Server.UnitTests.dll" adapterTypeName="executor://mstestadapter/v2" className="VideoOS.Management.Server.UnitTests.ConfigurationAPI.Rules.Builders.ConfigurationItemActionBuilderTests" name="Build_WhenSetFramerateActions_ReturnsProperties" />
    </UnitTest>
    <UnitTest name="BuildAccessControlItem_ShouldReturnAccessControlUnitConfigurationItem_WhenPathIsAccessControlUnit" storage="d:\actions-runner\_work\xpco\xpco\corporate\videoos.management.server.unittests\bin\x64\debug\net472\videoos.management.server.unittests.dll" id="cd445cb0-e88a-238a-d177-673b701ad618">
      <Execution id="5417861e-738d-462e-9582-9148d5e0173c" />
      <TestMethod codeBase="D:\actions-runner\_work\XPCO\XPCO\Corporate\VideoOS.Management.Server.UnitTests\bin\x64\Debug\net472\VideoOS.Management.Server.UnitTests.dll" adapterTypeName="executor://mstestadapter/v2" className="VideoOS.Management.Server.UnitTests.ConfigurationAPI.BusinessObjects.AccessControl.ConfigurationItemBuilderTests" name="BuildAccessControlItem_ShouldReturnAccessControlUnitConfigurationItem_WhenPathIsAccessControlUnit" />
    </UnitTest>
    <UnitTest name="ClientVersionHandling_CheckSmartClientVersion" storage="d:\actions-runner\_work\xpco\xpco\corporate\videoos.management.server.unittests\bin\x64\debug\net472\videoos.management.server.unittests.dll" id="bdf7a0c9-d613-0d44-a2b4-9168afc7b38b">
      <Execution id="e08c8858-bb9f-4d50-a8e4-7f8f91069df4" />
      <TestMethod codeBase="D:\actions-runner\_work\XPCO\XPCO\Corporate\VideoOS.Management.Server.UnitTests\bin\x64\Debug\net472\VideoOS.Management.Server.UnitTests.dll" adapterTypeName="executor://mstestadapter/v2" className="VideoOS.Management.Server.UnitTests.ClientVersionHandlingTest" name="ClientVersionHandling_CheckSmartClientVersion" />
    </UnitTest>
    <UnitTest name="SystemSettingsManager_ConvertActivationCredentialsToClientValue_EmptyValue_Success" storage="d:\actions-runner\_work\xpco\xpco\corporate\videoos.management.server.unittests\bin\x64\debug\net472\videoos.management.server.unittests.dll" id="a3d066b4-d2ed-9ef8-d4df-2e71025715b0">
      <Execution id="462f0707-ba3b-40b0-80a1-df70c51caaac" />
      <TestMethod codeBase="D:\actions-runner\_work\XPCO\XPCO\Corporate\VideoOS.Management.Server.UnitTests\bin\x64\Debug\net472\VideoOS.Management.Server.UnitTests.dll" adapterTypeName="executor://mstestadapter/v2" className="VideoOS.Management.Server.UnitTests.SystemSettingsManagerTests" name="SystemSettingsManager_ConvertActivationCredentialsToClientValue_EmptyValue_Success" />
    </UnitTest>
    <UnitTest name="Build_WhenActionIsSaveImageAttachments_ReturnsRuleModel" storage="d:\actions-runner\_work\xpco\xpco\corporate\videoos.management.server.unittests\bin\x64\debug\net472\videoos.management.server.unittests.dll" id="92bbf5f5-fe3f-b86c-5ba8-e98323b48818">
      <Execution id="6e3d0e68-1a4f-460c-b04a-cea18a4f6123" />
      <TestMethod codeBase="D:\actions-runner\_work\XPCO\XPCO\Corporate\VideoOS.Management.Server.UnitTests\bin\x64\Debug\net472\VideoOS.Management.Server.UnitTests.dll" adapterTypeName="executor://mstestadapter/v2" className="VideoOS.Management.Server.UnitTests.ConfigurationAPI.Rules.Backend.Builders.XmlRuleModelBuilderTests" name="Build_WhenActionIsSaveImageAttachments_ReturnsRuleModel" />
    </UnitTest>
    <UnitTest name="Build_StopRecordAllFrames_WhenParametersAreSet_ReturnsActionModel" storage="d:\actions-runner\_work\xpco\xpco\corporate\videoos.management.server.unittests\bin\x64\debug\net472\videoos.management.server.unittests.dll" id="9a6ea276-8bec-bf78-0d26-4923cf532fd9">
      <Execution id="84f2a975-ec19-4069-970c-4c00076828bd" />
      <TestMethod codeBase="D:\actions-runner\_work\XPCO\XPCO\Corporate\VideoOS.Management.Server.UnitTests\bin\x64\Debug\net472\VideoOS.Management.Server.UnitTests.dll" adapterTypeName="executor://mstestadapter/v2" className="VideoOS.Management.Server.UnitTests.ConfigurationAPI.Rules.Builders.RuleModelActionsBuilderTests" name="Build_StopRecordAllFrames_WhenParametersAreSet_ReturnsActionModel" />
    </UnitTest>
    <UnitTest name="Build_WhenRecordWithinTimeProfileRuleOnDeviceGroup_WithStopActions" storage="d:\actions-runner\_work\xpco\xpco\corporate\videoos.management.server.unittests\bin\x64\debug\net472\videoos.management.server.unittests.dll" id="378b84ac-cdc0-95b7-de09-170d53464184">
      <Execution id="0b0933ad-bb45-47c5-9bd5-2613b25363d5" />
      <TestMethod codeBase="D:\actions-runner\_work\XPCO\XPCO\Corporate\VideoOS.Management.Server.UnitTests\bin\x64\Debug\net472\VideoOS.Management.Server.UnitTests.dll" adapterTypeName="executor://mstestadapter/v2" className="VideoOS.Management.Server.UnitTests.ConfigurationAPI.Rules.Builders.RuleModelBuilderTests" name="Build_WhenRecordWithinTimeProfileRuleOnDeviceGroup_WithStopActions" />
    </UnitTest>
    <UnitTest name="DeviceStreams_AddStream_MultiStreamNotSupported_Two_Streams_DeviceStreamMaxCountReachedException" storage="d:\actions-runner\_work\xpco\xpco\corporate\videoos.management.server.unittests\bin\x64\debug\net472\videoos.management.server.unittests.dll" id="ea346f78-b956-2b7b-74cc-a3536a4226ce">
      <Execution id="2257afec-1f6a-4e25-b0b7-a611e8d45198" />
      <TestMethod codeBase="D:\actions-runner\_work\XPCO\XPCO\Corporate\VideoOS.Management.Server.UnitTests\bin\x64\Debug\net472\VideoOS.Management.Server.UnitTests.dll" adapterTypeName="executor://mstestadapter/v2" className="VideoOS.Management.Server.UnitTests.BusinessObjects.DeviceStreamsUnitTests" name="DeviceStreams_AddStream_MultiStreamNotSupported_Two_Streams_DeviceStreamMaxCountReachedException" />
    </UnitTest>
    <UnitTest name="GetNextProperties_WhenTimeIntervalStartRuleHasActionWithCounterAction_ReturnsProperties" storage="d:\actions-runner\_work\xpco\xpco\corporate\videoos.management.server.unittests\bin\x64\debug\net472\videoos.management.server.unittests.dll" id="693d5832-6c26-5593-b564-e0b166e6a6fe">
      <Execution id="21cb387e-b9d7-40f8-851b-c142083504a2" />
      <TestMethod codeBase="D:\actions-runner\_work\XPCO\XPCO\Corporate\VideoOS.Management.Server.UnitTests\bin\x64\Debug\net472\VideoOS.Management.Server.UnitTests.dll" adapterTypeName="executor://mstestadapter/v2" className="VideoOS.Management.Server.UnitTests.ConfigurationAPI.Rules.Methods.StopRuleTypeStepTests" name="GetNextProperties_WhenTimeIntervalStartRuleHasActionWithCounterAction_ReturnsProperties" />
    </UnitTest>
    <UnitTest name="GetChildItems_SunnyDayTest" storage="d:\actions-runner\_work\xpco\xpco\corporate\videoos.management.server.unittests\bin\x64\debug\net472\videoos.management.server.unittests.dll" id="ba527c24-6c6e-51ab-1189-9ff1d0cb91a1">
      <Execution id="0aace807-0daa-487b-a73a-4a05176254ea" />
      <TestMethod codeBase="D:\actions-runner\_work\XPCO\XPCO\Corporate\VideoOS.Management.Server.UnitTests\bin\x64\Debug\net472\VideoOS.Management.Server.UnitTests.dll" adapterTypeName="executor://mstestadapter/v2" className="VideoOS.Management.Server.UnitTests.ConfigurationAPI.BusinessObjects.AudioMessage.AudioMessageFolderConfigurationApiTest" name="GetChildItems_SunnyDayTest" />
    </UnitTest>
    <UnitTest name="ExtendCookieTime_ExtendsAuthorizationCookieValidTime_OnAuthorizedUser" storage="d:\actions-runner\_work\xpco\xpco\corporate\videoos.management.server.unittests\bin\x64\debug\net472\videoos.management.server.unittests.dll" id="dcefc9ef-3a62-1a60-104b-ba5a5ec353ad">
      <TestCategory>
        <TestCategoryItem TestCategory="DualAuthorization" />
      </TestCategory>
      <Execution id="05b96e34-58a4-48bb-bdc7-9a51a753bd23" />
      <TestMethod codeBase="D:\actions-runner\_work\XPCO\XPCO\Corporate\VideoOS.Management.Server.UnitTests\bin\x64\Debug\net472\VideoOS.Management.Server.UnitTests.dll" adapterTypeName="executor://mstestadapter/v2" className="VideoOS.Management.Server.UnitTests.DualAuthorizationHandlingTests" name="ExtendCookieTime_ExtendsAuthorizationCookieValidTime_OnAuthorizedUser" />
    </UnitTest>
    <UnitTest name="ErrorModel_SunnyDay_Test_WithCode" storage="d:\actions-runner\_work\xpco\xpco\corporate\videoos.management.server.unittests\bin\x64\debug\net472\videoos.management.server.unittests.dll" id="746bf3a2-9b05-7d5a-2ef4-122a8097ac80">
      <Execution id="6ed6308f-bd57-43c7-ad2a-7c6ae732282f" />
      <TestMethod codeBase="D:\actions-runner\_work\XPCO\XPCO\Corporate\VideoOS.Management.Server.UnitTests\bin\x64\Debug\net472\VideoOS.Management.Server.UnitTests.dll" adapterTypeName="executor://mstestadapter/v2" className="VideoOS.Management.Server.UnitTests.RestApi.ErrorModelTests" name="ErrorModel_SunnyDay_Test_WithCode" />
    </UnitTest>
    <UnitTest name="SetItem_PerformsModelValidation" storage="d:\actions-runner\_work\xpco\xpco\corporate\videoos.management.server.unittests\bin\x64\debug\net472\videoos.management.server.unittests.dll" id="3cd23032-ff17-e9c4-9688-1eb23df9c093">
      <Execution id="8cf12151-84e9-47f8-b19a-c1368ef7d610" />
      <TestMethod codeBase="D:\actions-runner\_work\XPCO\XPCO\Corporate\VideoOS.Management.Server.UnitTests\bin\x64\Debug\net472\VideoOS.Management.Server.UnitTests.dll" adapterTypeName="executor://mstestadapter/v2" className="VideoOS.Management.Server.UnitTests.ConfigurationAPI.Rules.ConfigurationApiServiceTests" name="SetItem_PerformsModelValidation" />
    </UnitTest>
    <UnitTest name="SendCommandSecurityVisitor_DatabaseOperationCommand_NotSupportedException" storage="d:\actions-runner\_work\xpco\xpco\corporate\videoos.management.server.unittests\bin\x64\debug\net472\videoos.management.server.unittests.dll" id="577c3ae7-9b73-9c1a-800e-2676ef28b051">
      <Execution id="35c20a7e-c48c-4a72-a3dd-fef251546440" />
      <TestMethod codeBase="D:\actions-runner\_work\XPCO\XPCO\Corporate\VideoOS.Management.Server.UnitTests\bin\x64\Debug\net472\VideoOS.Management.Server.UnitTests.dll" adapterTypeName="executor://mstestadapter/v2" className="VideoOS.Management.Server.UnitTests.SendCommandSecurityVisitorTests" name="SendCommandSecurityVisitor_DatabaseOperationCommand_NotSupportedException" />
    </UnitTest>
    <UnitTest name="TimeProfile_WhenNoValuesInParameter_Error" storage="d:\actions-runner\_work\xpco\xpco\corporate\videoos.management.server.unittests\bin\x64\debug\net472\videoos.management.server.unittests.dll" id="09cd5e45-0570-c979-76c3-832ea6deac02">
      <Execution id="e489e8dd-8b65-45b8-b31c-cb5103244d84" />
      <TestMethod codeBase="D:\actions-runner\_work\XPCO\XPCO\Corporate\VideoOS.Management.Server.UnitTests\bin\x64\Debug\net472\VideoOS.Management.Server.UnitTests.dll" adapterTypeName="executor://mstestadapter/v2" className="VideoOS.Management.Server.UnitTests.ConfigurationAPI.Rules.Backend.Validation.ConditionOutsideTimeProfileValidatorTests" name="TimeProfile_WhenNoValuesInParameter_Error" />
    </UnitTest>
    <UnitTest name="GetItem_NullCheck1" storage="d:\actions-runner\_work\xpco\xpco\corporate\videoos.management.server.unittests\bin\x64\debug\net472\videoos.management.server.unittests.dll" id="802ae8ee-841e-f349-32fc-22df33163994">
      <Execution id="e95b92c7-5db8-4aff-be59-a626ef8bde25" />
      <TestMethod codeBase="D:\actions-runner\_work\XPCO\XPCO\Corporate\VideoOS.Management.Server.UnitTests\bin\x64\Debug\net472\VideoOS.Management.Server.UnitTests.dll" adapterTypeName="executor://mstestadapter/v2" className="VideoOS.Management.Server.UnitTests.ConfigurationAPI.BusinessObjects.LicenseConfigurationApiTests" name="GetItem_NullCheck1" />
    </UnitTest>
    <UnitTest name="Post_InvalidJsonInBody_ExceptionNotCaught" storage="d:\actions-runner\_work\xpco\xpco\corporate\videoos.management.server.unittests\bin\x64\debug\net472\videoos.management.server.unittests.dll" id="0ec1d61f-1e45-da7d-3603-37c9bfa0ae08">
      <Execution id="afc224ab-36d5-48c4-8a5a-8ca664d1a341" />
      <TestMethod codeBase="D:\actions-runner\_work\XPCO\XPCO\Corporate\VideoOS.Management.Server.UnitTests\bin\x64\Debug\net472\VideoOS.Management.Server.UnitTests.dll" adapterTypeName="executor://mstestadapter/v2" className="VideoOS.Management.Server.UnitTests.RestApi.SpecificItemControllerTests" name="Post_InvalidJsonInBody_ExceptionNotCaught" />
    </UnitTest>
    <UnitTest name="SystemSettingsManager_ConvertActivationCredentialsToDatabaseValue_Failure_UsernameEmpty" storage="d:\actions-runner\_work\xpco\xpco\corporate\videoos.management.server.unittests\bin\x64\debug\net472\videoos.management.server.unittests.dll" id="37bc5dc2-8166-2572-d28d-c03f8ecbe740">
      <Execution id="dbdf45ff-1dea-49f8-9b9a-172b0e97aad1" />
      <TestMethod codeBase="D:\actions-runner\_work\XPCO\XPCO\Corporate\VideoOS.Management.Server.UnitTests\bin\x64\Debug\net472\VideoOS.Management.Server.UnitTests.dll" adapterTypeName="executor://mstestadapter/v2" className="VideoOS.Management.Server.UnitTests.SystemSettingsManagerTests" name="SystemSettingsManager_ConvertActivationCredentialsToDatabaseValue_Failure_UsernameEmpty" />
    </UnitTest>
    <UnitTest name="FindSearchTemplates_ByAllParams_Public_NotAllowed" storage="d:\actions-runner\_work\xpco\xpco\corporate\videoos.management.server.unittests\bin\x64\debug\net472\videoos.management.server.unittests.dll" id="60018a15-25c4-3f20-2996-6b8ba2b5fd1e">
      <Execution id="4eaa24d1-3f41-4ca7-b5f7-b52ea3638615" />
      <TestMethod codeBase="D:\actions-runner\_work\XPCO\XPCO\Corporate\VideoOS.Management.Server.UnitTests\bin\x64\Debug\net472\VideoOS.Management.Server.UnitTests.dll" adapterTypeName="executor://mstestadapter/v2" className="VideoOS.Management.Server.UnitTests.BusinessObjects.ManagementServer.SearchTemplate.SearchTemplateFindTests" name="FindSearchTemplates_ByAllParams_Public_NotAllowed" />
    </UnitTest>
    <UnitTest name="TryParseConditions_WhenTokenNodeHasNoNameAttribute_ReturnsFalse" storage="d:\actions-runner\_work\xpco\xpco\corporate\videoos.management.server.unittests\bin\x64\debug\net472\videoos.management.server.unittests.dll" id="ad9b71a0-0d2b-ecca-d42d-5932594e5ed4">
      <Execution id="08bbbd37-537d-4db7-8c61-7932cde4f27a" />
      <TestMethod codeBase="D:\actions-runner\_work\XPCO\XPCO\Corporate\VideoOS.Management.Server.UnitTests\bin\x64\Debug\net472\VideoOS.Management.Server.UnitTests.dll" adapterTypeName="executor://mstestadapter/v2" className="VideoOS.Management.Server.UnitTests.ConfigurationAPI.Rules.Backend.Builders.ConditionsParserTests" name="TryParseConditions_WhenTokenNodeHasNoNameAttribute_ReturnsFalse" />
    </UnitTest>
    <UnitTest name="Build_MoveToDefaultPresetParametersAreSet_PropertiesAdded" storage="d:\actions-runner\_work\xpco\xpco\corporate\videoos.management.server.unittests\bin\x64\debug\net472\videoos.management.server.unittests.dll" id="883779d0-7952-eb0c-c31e-1f8c5a8ba363">
      <Execution id="4897b5f3-39de-4dfa-8597-ef78f229ef94" />
      <TestMethod codeBase="D:\actions-runner\_work\XPCO\XPCO\Corporate\VideoOS.Management.Server.UnitTests\bin\x64\Debug\net472\VideoOS.Management.Server.UnitTests.dll" adapterTypeName="executor://mstestadapter/v2" className="VideoOS.Management.Server.UnitTests.ConfigurationAPI.Rules.Builders.ConfigurationItemBuilderTests" name="Build_MoveToDefaultPresetParametersAreSet_PropertiesAdded" />
    </UnitTest>
    <UnitTest name="ServerProxyService_GetDeviceGroupMembersByDeviceGroupId_AllMicrophones_Allowed_NotFiltered" storage="d:\actions-runner\_work\xpco\xpco\corporate\videoos.management.server.unittests\bin\x64\debug\net472\videoos.management.server.unittests.dll" id="9981b7ea-16c5-d913-21e8-1af4b668caca">
      <Execution id="e8ef3c0e-7c29-456c-83d6-e1f21f759307" />
      <TestMethod codeBase="D:\actions-runner\_work\XPCO\XPCO\Corporate\VideoOS.Management.Server.UnitTests\bin\x64\Debug\net472\VideoOS.Management.Server.UnitTests.dll" adapterTypeName="executor://mstestadapter/v2" className="VideoOS.Management.Server.UnitTests.ServerProxyServiceUnitTests" name="ServerProxyService_GetDeviceGroupMembersByDeviceGroupId_AllMicrophones_Allowed_NotFiltered" />
    </UnitTest>
    <UnitTest name="ServerProxyService_GetDeviceGroupMembersByDeviceGroupId_AllMicrophones_NotAllowed_RowRemoved" storage="d:\actions-runner\_work\xpco\xpco\corporate\videoos.management.server.unittests\bin\x64\debug\net472\videoos.management.server.unittests.dll" id="821e29b5-9ab7-6515-dd38-446d55c3d7b8">
      <Execution id="72bce528-5925-4c4d-a347-8796330110f8" />
      <TestMethod codeBase="D:\actions-runner\_work\XPCO\XPCO\Corporate\VideoOS.Management.Server.UnitTests\bin\x64\Debug\net472\VideoOS.Management.Server.UnitTests.dll" adapterTypeName="executor://mstestadapter/v2" className="VideoOS.Management.Server.UnitTests.ServerProxyServiceUnitTests" name="ServerProxyService_GetDeviceGroupMembersByDeviceGroupId_AllMicrophones_NotAllowed_RowRemoved" />
    </UnitTest>
    <UnitTest name="GetNextProperties_WhenAllPropertiesArePresent_ReturnsNoProperties" storage="d:\actions-runner\_work\xpco\xpco\corporate\videoos.management.server.unittests\bin\x64\debug\net472\videoos.management.server.unittests.dll" id="e051455c-225d-fdf8-0081-6af123840356">
      <Execution id="8847d433-cfba-424c-9d58-ef13090882a8" />
      <TestMethod codeBase="D:\actions-runner\_work\XPCO\XPCO\Corporate\VideoOS.Management.Server.UnitTests\bin\x64\Debug\net472\VideoOS.Management.Server.UnitTests.dll" adapterTypeName="executor://mstestadapter/v2" className="VideoOS.Management.Server.UnitTests.ConfigurationAPI.Rules.Methods.BasicInfoStepTests" name="GetNextProperties_WhenAllPropertiesArePresent_ReturnsNoProperties" />
    </UnitTest>
    <UnitTest name="TaskMoveHardwareSecurityProvider_ValidatePermissions" storage="d:\actions-runner\_work\xpco\xpco\corporate\videoos.management.server.unittests\bin\x64\debug\net472\videoos.management.server.unittests.dll" id="8383e516-bd58-b30a-54f1-4cf1620ca7f1">
      <Execution id="6ad82983-6a6a-42ca-8142-522fb6679c20" />
      <TestMethod codeBase="D:\actions-runner\_work\XPCO\XPCO\Corporate\VideoOS.Management.Server.UnitTests\bin\x64\Debug\net472\VideoOS.Management.Server.UnitTests.dll" adapterTypeName="executor://mstestadapter/v2" className="VideoOS.Management.Server.UnitTests.Security.TaskSecurityProvicerTest" name="TaskMoveHardwareSecurityProvider_ValidatePermissions" />
    </UnitTest>
    <UnitTest name="Invoke_NullCheck4" storage="d:\actions-runner\_work\xpco\xpco\corporate\videoos.management.server.unittests\bin\x64\debug\net472\videoos.management.server.unittests.dll" id="d017e1de-d77c-5d35-3807-05c36f5c2011">
      <Execution id="ea11b560-af03-4e3f-96b0-a20e77fd211c" />
      <TestMethod codeBase="D:\actions-runner\_work\XPCO\XPCO\Corporate\VideoOS.Management.Server.UnitTests\bin\x64\Debug\net472\VideoOS.Management.Server.UnitTests.dll" adapterTypeName="executor://mstestadapter/v2" className="VideoOS.Management.Server.UnitTests.ConfigurationAPI.BusinessObjects.LicenseConfigurationApiTests" name="Invoke_NullCheck4" />
    </UnitTest>
    <UnitTest name="TimeProfile_WhenGuidIsExisting_NoErrors" storage="d:\actions-runner\_work\xpco\xpco\corporate\videoos.management.server.unittests\bin\x64\debug\net472\videoos.management.server.unittests.dll" id="502927ce-3da8-a2dc-26ef-c0305bcf5b58">
      <Execution id="f09992d3-2a11-4c65-8a7d-9deeb10bc5c8" />
      <TestMethod codeBase="D:\actions-runner\_work\XPCO\XPCO\Corporate\VideoOS.Management.Server.UnitTests\bin\x64\Debug\net472\VideoOS.Management.Server.UnitTests.dll" adapterTypeName="executor://mstestadapter/v2" className="VideoOS.Management.Server.UnitTests.ConfigurationAPI.Rules.Backend.Validation.ConditionOutsideTimeProfileValidatorTests" name="TimeProfile_WhenGuidIsExisting_NoErrors" />
    </UnitTest>
    <UnitTest name="SendCommandSecurityVisitor_UpdateHardwareDriverCommand_NotSupportedException" storage="d:\actions-runner\_work\xpco\xpco\corporate\videoos.management.server.unittests\bin\x64\debug\net472\videoos.management.server.unittests.dll" id="f9e2ee66-3952-8ba3-8f75-f9657d118e24">
      <Execution id="eb8d8ba4-745f-40e7-b6ca-77dc6246d999" />
      <TestMethod codeBase="D:\actions-runner\_work\XPCO\XPCO\Corporate\VideoOS.Management.Server.UnitTests\bin\x64\Debug\net472\VideoOS.Management.Server.UnitTests.dll" adapterTypeName="executor://mstestadapter/v2" className="VideoOS.Management.Server.UnitTests.SendCommandSecurityVisitorTests" name="SendCommandSecurityVisitor_UpdateHardwareDriverCommand_NotSupportedException" />
    </UnitTest>
    <UnitTest name="SendCommandSecurityVisitor_UpdateConfigurationManagerCommand_NonMotionPlugin_Edit_NotSupportedException" storage="d:\actions-runner\_work\xpco\xpco\corporate\videoos.management.server.unittests\bin\x64\debug\net472\videoos.management.server.unittests.dll" id="f876e67a-cbd0-e165-443c-bbec30162249">
      <Execution id="337ab357-11ae-4fea-94be-af4b83653ca4" />
      <TestMethod codeBase="D:\actions-runner\_work\XPCO\XPCO\Corporate\VideoOS.Management.Server.UnitTests\bin\x64\Debug\net472\VideoOS.Management.Server.UnitTests.dll" adapterTypeName="executor://mstestadapter/v2" className="VideoOS.Management.Server.UnitTests.SendCommandSecurityVisitorTests" name="SendCommandSecurityVisitor_UpdateConfigurationManagerCommand_NonMotionPlugin_Edit_NotSupportedException" />
    </UnitTest>
    <UnitTest name="Validation_ValidateDouble_Min_Minus_Epsilon_ArgumentException" storage="d:\actions-runner\_work\xpco\xpco\corporate\videoos.management.server.unittests\bin\x64\debug\net472\videoos.management.server.unittests.dll" id="517c5430-147c-1532-1696-9f497c539ca7">
      <Execution id="ac53e977-f02d-42a9-ab36-a93a2b33b3f5" />
      <TestMethod codeBase="D:\actions-runner\_work\XPCO\XPCO\Corporate\VideoOS.Management.Server.UnitTests\bin\x64\Debug\net472\VideoOS.Management.Server.UnitTests.dll" adapterTypeName="executor://mstestadapter/v2" className="VideoOS.Management.Server.UnitTests.ValidationUnitTests" name="Validation_ValidateDouble_Min_Minus_Epsilon_ArgumentException" />
    </UnitTest>
    <UnitTest name="IsComplete_WhenRuleTypeIsEvent_EventRuleTypePropertiesSetButEmpty_ReturnsFalse" storage="d:\actions-runner\_work\xpco\xpco\corporate\videoos.management.server.unittests\bin\x64\debug\net472\videoos.management.server.unittests.dll" id="ce1712e8-9551-8c38-1cdf-d2c8e7269c47">
      <Execution id="a3eb7a79-2a1d-4b10-bd79-7d569b6d6365" />
      <TestMethod codeBase="D:\actions-runner\_work\XPCO\XPCO\Corporate\VideoOS.Management.Server.UnitTests\bin\x64\Debug\net472\VideoOS.Management.Server.UnitTests.dll" adapterTypeName="executor://mstestadapter/v2" className="VideoOS.Management.Server.UnitTests.ConfigurationAPI.Rules.Methods.StopRuleTypeStepTests" name="IsComplete_WhenRuleTypeIsEvent_EventRuleTypePropertiesSetButEmpty_ReturnsFalse" />
    </UnitTest>
    <UnitTest name="LookupChildItemTypes_DoesCorrectPassThrough" storage="d:\actions-runner\_work\xpco\xpco\corporate\videoos.management.server.unittests\bin\x64\debug\net472\videoos.management.server.unittests.dll" id="0b31bd4f-cb44-1095-5408-3cd7dc366d91">
      <Execution id="dde5abb4-d407-4a7c-a948-95d6f2bde73f" />
      <TestMethod codeBase="D:\actions-runner\_work\XPCO\XPCO\Corporate\VideoOS.Management.Server.UnitTests\bin\x64\Debug\net472\VideoOS.Management.Server.UnitTests.dll" adapterTypeName="executor://mstestadapter/v2" className="VideoOS.Management.Server.UnitTests.RestApi.ConfigurationApiManagerTests" name="LookupChildItemTypes_DoesCorrectPassThrough" />
    </UnitTest>
    <UnitTest name="Build_WhenNoConditionIsSet_ReturnsEmptyList" storage="d:\actions-runner\_work\xpco\xpco\corporate\videoos.management.server.unittests\bin\x64\debug\net472\videoos.management.server.unittests.dll" id="c250a9b4-c8db-c2cc-d510-1668283517cd">
      <Execution id="edf1f798-d5f4-4c39-8ca1-0e39248147bd" />
      <TestMethod codeBase="D:\actions-runner\_work\XPCO\XPCO\Corporate\VideoOS.Management.Server.UnitTests\bin\x64\Debug\net472\VideoOS.Management.Server.UnitTests.dll" adapterTypeName="executor://mstestadapter/v2" className="VideoOS.Management.Server.UnitTests.ConfigurationAPI.Rules.Builders.RuleModelConditionsBuilderTests" name="Build_WhenNoConditionIsSet_ReturnsEmptyList" />
    </UnitTest>
    <UnitTest name="Get_Translations_ReturnsJsonOfTranslationsDictionary" storage="d:\actions-runner\_work\xpco\xpco\corporate\videoos.management.server.unittests\bin\x64\debug\net472\videoos.management.server.unittests.dll" id="745cf223-9019-7429-6cc8-b86f4d6886ee">
      <Execution id="fb24454a-9943-4159-8ab1-65d5d25e7af3" />
      <TestMethod codeBase="D:\actions-runner\_work\XPCO\XPCO\Corporate\VideoOS.Management.Server.UnitTests\bin\x64\Debug\net472\VideoOS.Management.Server.UnitTests.dll" adapterTypeName="executor://mstestadapter/v2" className="VideoOS.Management.Server.UnitTests.RestApi.ArrayOfItemsControllerTests" name="Get_Translations_ReturnsJsonOfTranslationsDictionary" />
    </UnitTest>
    <UnitTest name="InvokeMethod_AddAudioFile_UnauthorizedAccessTest" storage="d:\actions-runner\_work\xpco\xpco\corporate\videoos.management.server.unittests\bin\x64\debug\net472\videoos.management.server.unittests.dll" id="20f2f123-f3a3-8b08-2947-60d52eac45ca">
      <Execution id="b7ca12f1-bb16-4aff-a7ed-eb2c286f6c97" />
      <TestMethod codeBase="D:\actions-runner\_work\XPCO\XPCO\Corporate\VideoOS.Management.Server.UnitTests\bin\x64\Debug\net472\VideoOS.Management.Server.UnitTests.dll" adapterTypeName="executor://mstestadapter/v2" className="VideoOS.Management.Server.UnitTests.ConfigurationAPI.BusinessObjects.AudioMessage.AudioMessageFolderConfigurationApiTest" name="InvokeMethod_AddAudioFile_UnauthorizedAccessTest" />
    </UnitTest>
    <UnitTest name="Validate_WhenExpectedTypeIsNull_ReturnFalse" storage="d:\actions-runner\_work\xpco\xpco\corporate\videoos.management.server.unittests\bin\x64\debug\net472\videoos.management.server.unittests.dll" id="84eecc2e-da35-0b6e-368d-92449891b106">
      <Execution id="1811153e-5f5e-4e58-99a4-4e0969ee3fb0" />
      <TestMethod codeBase="D:\actions-runner\_work\XPCO\XPCO\Corporate\VideoOS.Management.Server.UnitTests\bin\x64\Debug\net472\VideoOS.Management.Server.UnitTests.dll" adapterTypeName="executor://mstestadapter/v2" className="VideoOS.Management.Server.UnitTests.ConfigurationAPI.Rules.Backend.Validation.PtzPresetParameterValueValidatorTests" name="Validate_WhenExpectedTypeIsNull_ReturnFalse" />
    </UnitTest>
    <UnitTest name="DeviceStreams_AddStream_Success" storage="d:\actions-runner\_work\xpco\xpco\corporate\videoos.management.server.unittests\bin\x64\debug\net472\videoos.management.server.unittests.dll" id="3ae8e8a2-7e28-262a-125c-2c06ff5ba889">
      <Execution id="e2cc07e0-48f3-4483-9a74-1cee08fca994" />
      <TestMethod codeBase="D:\actions-runner\_work\XPCO\XPCO\Corporate\VideoOS.Management.Server.UnitTests\bin\x64\Debug\net472\VideoOS.Management.Server.UnitTests.dll" adapterTypeName="executor://mstestadapter/v2" className="VideoOS.Management.Server.UnitTests.BusinessObjects.DeviceStreamsUnitTests" name="DeviceStreams_AddStream_Success" />
    </UnitTest>
    <UnitTest name="GetNextProperties_WhenWithinTimeProfileIsSetToTrueAndTimeProfilePropertyIsSet_ReturnsNoProperty" storage="d:\actions-runner\_work\xpco\xpco\corporate\videoos.management.server.unittests\bin\x64\debug\net472\videoos.management.server.unittests.dll" id="522dfa67-536d-aef0-4ee1-f561163eb309">
      <Execution id="41086ccd-fa59-49ce-a1c2-1e5b518a235e" />
      <TestMethod codeBase="D:\actions-runner\_work\XPCO\XPCO\Corporate\VideoOS.Management.Server.UnitTests\bin\x64\Debug\net472\VideoOS.Management.Server.UnitTests.dll" adapterTypeName="executor://mstestadapter/v2" className="VideoOS.Management.Server.UnitTests.ConfigurationAPI.Rules.Methods.StartConditionsStepTest" name="GetNextProperties_WhenWithinTimeProfileIsSetToTrueAndTimeProfilePropertyIsSet_ReturnsNoProperty" />
    </UnitTest>
    <UnitTest name="GetItem_SunnyDay_Server" storage="d:\actions-runner\_work\xpco\xpco\corporate\videoos.management.server.unittests\bin\x64\debug\net472\videoos.management.server.unittests.dll" id="c9d0ebb3-f419-55e0-4312-d29ef93fe9c4">
      <Execution id="2322344e-f222-46ee-9163-5291fb5c7442" />
      <TestMethod codeBase="D:\actions-runner\_work\XPCO\XPCO\Corporate\VideoOS.Management.Server.UnitTests\bin\x64\Debug\net472\VideoOS.Management.Server.UnitTests.dll" adapterTypeName="executor://mstestadapter/v2" className="VideoOS.Management.Server.UnitTests.ConfigurationAPI.BusinessObjects.SiteConfigurationApiTest" name="GetItem_SunnyDay_Server" />
    </UnitTest>
    <UnitTest name="GetXml_WhenRuleTypeIsMonthlyRelativeAndOnce_MatchesXml" storage="d:\actions-runner\_work\xpco\xpco\corporate\videoos.management.server.unittests\bin\x64\debug\net472\videoos.management.server.unittests.dll" id="f4188e9f-a3c3-f41b-7bb3-a5786809c2c4">
      <Execution id="3a43c1c2-b240-4aee-b7bc-5ee286abe935" />
      <TestMethod codeBase="D:\actions-runner\_work\XPCO\XPCO\Corporate\VideoOS.Management.Server.UnitTests\bin\x64\Debug\net472\VideoOS.Management.Server.UnitTests.dll" adapterTypeName="executor://mstestadapter/v2" className="VideoOS.Management.Server.UnitTests.ConfigurationAPI.Rules.Backend.Builders.RuleTypeXmlBuilderTests" name="GetXml_WhenRuleTypeIsMonthlyRelativeAndOnce_MatchesXml" />
    </UnitTest>
    <UnitTest name="ScheduledActionController_Constructor_Success" storage="d:\actions-runner\_work\xpco\xpco\corporate\videoos.management.server.unittests\bin\x64\debug\net472\videoos.management.server.unittests.dll" id="7a9725ed-edd5-6dd0-469b-91f9a7710f2f">
      <Execution id="ecc6536f-3665-4d4a-9f86-a9b7fe5bb0eb" />
      <TestMethod codeBase="D:\actions-runner\_work\XPCO\XPCO\Corporate\VideoOS.Management.Server.UnitTests\bin\x64\Debug\net472\VideoOS.Management.Server.UnitTests.dll" adapterTypeName="executor://mstestadapter/v2" className="VideoOS.Management.Server.UnitTests.BusinessObjects.ManagementServer.DataCollection.ScheduledAction.ScheduledActionControllerTest" name="ScheduledActionController_Constructor_Success" />
    </UnitTest>
    <UnitTest name="GetItemType_WhenObjectNotExists_ReturnsNull" storage="d:\actions-runner\_work\xpco\xpco\corporate\videoos.management.server.unittests\bin\x64\debug\net472\videoos.management.server.unittests.dll" id="440f80df-8f8e-f3c0-7ca8-78015b3141f8">
      <Execution id="9cf56a1f-cd05-4827-b253-f63a7359513a" />
      <TestMethod codeBase="D:\actions-runner\_work\XPCO\XPCO\Corporate\VideoOS.Management.Server.UnitTests\bin\x64\Debug\net472\VideoOS.Management.Server.UnitTests.dll" adapterTypeName="executor://mstestadapter/v2" className="VideoOS.Management.Server.UnitTests.ConfigurationAPI.Rules.Backend.Validation.SystemDashboardRecordingServerParameterValueValidatorTests" name="GetItemType_WhenObjectNotExists_ReturnsNull" />
    </UnitTest>
    <UnitTest name="TagTableTest" storage="d:\actions-runner\_work\xpco\xpco\corporate\videoos.management.server.unittests\bin\x64\debug\net472\videoos.management.server.unittests.dll" id="6a4ab509-81a0-0e02-e7d1-2c6c664831ef">
      <Execution id="c48ee7b5-3cf5-4772-b2bd-e2af302ca6c0" />
      <TestMethod codeBase="D:\actions-runner\_work\XPCO\XPCO\Corporate\VideoOS.Management.Server.UnitTests\bin\x64\Debug\net472\VideoOS.Management.Server.UnitTests.dll" adapterTypeName="executor://mstestadapter/v2" className="VideoOS.Management.Server.UnitTests.RestApi.NameConvertTests" name="TagTableTest" />
    </UnitTest>
    <UnitTest name="GetChildItems_InvalidPathTest" storage="d:\actions-runner\_work\xpco\xpco\corporate\videoos.management.server.unittests\bin\x64\debug\net472\videoos.management.server.unittests.dll" id="364415a3-98e0-0852-beac-a6937269f622">
      <Execution id="80e76398-0219-4a6d-b5d8-f7e914c4b58a" />
      <TestMethod codeBase="D:\actions-runner\_work\XPCO\XPCO\Corporate\VideoOS.Management.Server.UnitTests\bin\x64\Debug\net472\VideoOS.Management.Server.UnitTests.dll" adapterTypeName="executor://mstestadapter/v2" className="VideoOS.Management.Server.UnitTests.ConfigurationAPI.BusinessObjects.SearchTemplate.SearchTemplateConfigurationApiTest" name="GetChildItems_InvalidPathTest" />
    </UnitTest>
    <UnitTest name="ServerProxyService_GetDeviceGroupMembersByDeviceGroupId_AllInputs_NotAllowed_RowRemoved" storage="d:\actions-runner\_work\xpco\xpco\corporate\videoos.management.server.unittests\bin\x64\debug\net472\videoos.management.server.unittests.dll" id="835a2aeb-1848-7a26-7610-aef27d13f45f">
      <Execution id="5bed4046-b29d-4deb-a008-360664c5785c" />
      <TestMethod codeBase="D:\actions-runner\_work\XPCO\XPCO\Corporate\VideoOS.Management.Server.UnitTests\bin\x64\Debug\net472\VideoOS.Management.Server.UnitTests.dll" adapterTypeName="executor://mstestadapter/v2" className="VideoOS.Management.Server.UnitTests.ServerProxyServiceUnitTests" name="ServerProxyService_GetDeviceGroupMembersByDeviceGroupId_AllInputs_NotAllowed_RowRemoved" />
    </UnitTest>
    <UnitTest name="DeviceMotionDetection_PopulateMotionDetectionSettings" storage="d:\actions-runner\_work\xpco\xpco\corporate\videoos.management.server.unittests\bin\x64\debug\net472\videoos.management.server.unittests.dll" id="7f750978-afc4-a10a-8f5a-5735629d1ad3">
      <Execution id="3be5172b-3ff7-41d5-9bde-0721b1db66b2" />
      <TestMethod codeBase="D:\actions-runner\_work\XPCO\XPCO\Corporate\VideoOS.Management.Server.UnitTests\bin\x64\Debug\net472\VideoOS.Management.Server.UnitTests.dll" adapterTypeName="executor://mstestadapter/v2" className="VideoOS.Management.Server.UnitTests.BusinessObjects.DeviceMotionDetectionUnitTests" name="DeviceMotionDetection_PopulateMotionDetectionSettings" />
    </UnitTest>
    <UnitTest name="FindClosestNode_One_Child_In_List_Test" storage="d:\actions-runner\_work\xpco\xpco\corporate\videoos.management.server.unittests\bin\x64\debug\net472\videoos.management.server.unittests.dll" id="616725d3-2eac-1657-841c-30e513832cea">
      <Execution id="7ffdf16a-a005-4a33-850d-834a54f95912" />
      <TestMethod codeBase="D:\actions-runner\_work\XPCO\XPCO\Corporate\VideoOS.Management.Server.UnitTests\bin\x64\Debug\net472\VideoOS.Management.Server.UnitTests.dll" adapterTypeName="executor://mstestadapter/v2" className="VideoOS.Management.Server.UnitTests.NodeFindingTests" name="FindClosestNode_One_Child_In_List_Test" />
    </UnitTest>
    <UnitTest name="ServerProxyService_GetLicenseByLicenseId_NotFiltered" storage="d:\actions-runner\_work\xpco\xpco\corporate\videoos.management.server.unittests\bin\x64\debug\net472\videoos.management.server.unittests.dll" id="3aafddda-005e-39d8-d0be-25474ba8c657">
      <Execution id="4fac6035-77e7-4659-a311-bee19de63ce8" />
      <TestMethod codeBase="D:\actions-runner\_work\XPCO\XPCO\Corporate\VideoOS.Management.Server.UnitTests\bin\x64\Debug\net472\VideoOS.Management.Server.UnitTests.dll" adapterTypeName="executor://mstestadapter/v2" className="VideoOS.Management.Server.UnitTests.ServerProxyServiceUnitTests" name="ServerProxyService_GetLicenseByLicenseId_NotFiltered" />
    </UnitTest>
    <UnitTest name="ServerProxyService_GetHardwareByRecorderId_NotAllowed_RowRemoved" storage="d:\actions-runner\_work\xpco\xpco\corporate\videoos.management.server.unittests\bin\x64\debug\net472\videoos.management.server.unittests.dll" id="bed9c30e-840c-cdfb-83ab-a942d08f2ccd">
      <Execution id="3e824765-5278-4d4f-bc0e-ec95312426dc" />
      <TestMethod codeBase="D:\actions-runner\_work\XPCO\XPCO\Corporate\VideoOS.Management.Server.UnitTests\bin\x64\Debug\net472\VideoOS.Management.Server.UnitTests.dll" adapterTypeName="executor://mstestadapter/v2" className="VideoOS.Management.Server.UnitTests.ServerProxyServiceUnitTests" name="ServerProxyService_GetHardwareByRecorderId_NotAllowed_RowRemoved" />
    </UnitTest>
    <UnitTest name="GetChildItems_LicenseDetailCount_InGrace_SunnyDay" storage="d:\actions-runner\_work\xpco\xpco\corporate\videoos.management.server.unittests\bin\x64\debug\net472\videoos.management.server.unittests.dll" id="2d486c9f-8cbd-cae3-0935-847199ad892a">
      <Execution id="a1bd0168-0dd0-4795-8f4f-c917fe7bf0dc" />
      <TestMethod codeBase="D:\actions-runner\_work\XPCO\XPCO\Corporate\VideoOS.Management.Server.UnitTests\bin\x64\Debug\net472\VideoOS.Management.Server.UnitTests.dll" adapterTypeName="executor://mstestadapter/v2" className="VideoOS.Management.Server.UnitTests.ConfigurationAPI.BusinessObjects.LicenseConfigurationApiTests" name="GetChildItems_LicenseDetailCount_InGrace_SunnyDay" />
    </UnitTest>
    <UnitTest name="GetItemType_WhenInvalidVideoWallPreset_ReturnsNull" storage="d:\actions-runner\_work\xpco\xpco\corporate\videoos.management.server.unittests\bin\x64\debug\net472\videoos.management.server.unittests.dll" id="332e42e2-71fc-c22a-d38a-71dfd25868da">
      <Execution id="db11317c-f216-40bd-bdbf-f1935d4126fa" />
      <TestMethod codeBase="D:\actions-runner\_work\XPCO\XPCO\Corporate\VideoOS.Management.Server.UnitTests\bin\x64\Debug\net472\VideoOS.Management.Server.UnitTests.dll" adapterTypeName="executor://mstestadapter/v2" className="VideoOS.Management.Server.UnitTests.ConfigurationAPI.Rules.Backend.Validation.VideoWallPresetParameterValueValidatorTests" name="GetItemType_WhenInvalidVideoWallPreset_ReturnsNull" />
    </UnitTest>
    <UnitTest name="SendCommandSecurityVisitor_UpdateConfigurationManagerCommand_Hardware_Edit_Allowed" storage="d:\actions-runner\_work\xpco\xpco\corporate\videoos.management.server.unittests\bin\x64\debug\net472\videoos.management.server.unittests.dll" id="837d6ba8-8477-b26f-b537-862744446e70">
      <Execution id="c690b1a2-cb4b-43f1-8f7f-aedf78f168a3" />
      <TestMethod codeBase="D:\actions-runner\_work\XPCO\XPCO\Corporate\VideoOS.Management.Server.UnitTests\bin\x64\Debug\net472\VideoOS.Management.Server.UnitTests.dll" adapterTypeName="executor://mstestadapter/v2" className="VideoOS.Management.Server.UnitTests.SendCommandSecurityVisitorTests" name="SendCommandSecurityVisitor_UpdateConfigurationManagerCommand_Hardware_Edit_Allowed" />
    </UnitTest>
    <UnitTest name="DriverSettingsBusiness_PrepareAndValidateSettings_ValueOutOfRangeException" storage="d:\actions-runner\_work\xpco\xpco\corporate\videoos.management.server.unittests\bin\x64\debug\net472\videoos.management.server.unittests.dll" id="0333d46d-5d86-b0f5-6854-51377d198f55">
      <Execution id="f4c5daeb-8468-48ab-a271-4b1321f1735e" />
      <TestMethod codeBase="D:\actions-runner\_work\XPCO\XPCO\Corporate\VideoOS.Management.Server.UnitTests\bin\x64\Debug\net472\VideoOS.Management.Server.UnitTests.dll" adapterTypeName="executor://mstestadapter/v2" className="VideoOS.Management.Server.UnitTests.Security.DriverSettingsBusinessTests" name="DriverSettingsBusiness_PrepareAndValidateSettings_ValueOutOfRangeException" />
    </UnitTest>
    <UnitTest name="SendCommandSecurityVisitor_UpdateSecurityManagerCommand_SecurityPermissionsDevice_Input_Edit_Allowed" storage="d:\actions-runner\_work\xpco\xpco\corporate\videoos.management.server.unittests\bin\x64\debug\net472\videoos.management.server.unittests.dll" id="a70fd0d3-e5d0-e4eb-ec3d-95110a406ff7">
      <Execution id="4ae19c96-d058-4076-b902-9df4393386f0" />
      <TestMethod codeBase="D:\actions-runner\_work\XPCO\XPCO\Corporate\VideoOS.Management.Server.UnitTests\bin\x64\Debug\net472\VideoOS.Management.Server.UnitTests.dll" adapterTypeName="executor://mstestadapter/v2" className="VideoOS.Management.Server.UnitTests.SendCommandSecurityVisitorTests" name="SendCommandSecurityVisitor_UpdateSecurityManagerCommand_SecurityPermissionsDevice_Input_Edit_Allowed" />
    </UnitTest>
    <UnitTest name="GetNextProperties_WhenActionPropertyHasValueButNoParameters_ReturnsListWithParametersProperties" storage="d:\actions-runner\_work\xpco\xpco\corporate\videoos.management.server.unittests\bin\x64\debug\net472\videoos.management.server.unittests.dll" id="3ab1739a-18cc-7c95-9066-de7858647718">
      <Execution id="27dd8c70-e8c3-4c72-8f0f-8a40254b35ba" />
      <TestMethod codeBase="D:\actions-runner\_work\XPCO\XPCO\Corporate\VideoOS.Management.Server.UnitTests\bin\x64\Debug\net472\VideoOS.Management.Server.UnitTests.dll" adapterTypeName="executor://mstestadapter/v2" className="VideoOS.Management.Server.UnitTests.ConfigurationAPI.Rules.Methods.StartActionsStepTests" name="GetNextProperties_WhenActionPropertyHasValueButNoParameters_ReturnsListWithParametersProperties" />
    </UnitTest>
    <UnitTest name="SetItem_ParamNullCheck_Path" storage="d:\actions-runner\_work\xpco\xpco\corporate\videoos.management.server.unittests\bin\x64\debug\net472\videoos.management.server.unittests.dll" id="64eac67f-e215-5ecb-abd3-1a8f7f72ad91">
      <Execution id="a9b79e8d-554a-441d-b698-bd00b3433cf4" />
      <TestMethod codeBase="D:\actions-runner\_work\XPCO\XPCO\Corporate\VideoOS.Management.Server.UnitTests\bin\x64\Debug\net472\VideoOS.Management.Server.UnitTests.dll" adapterTypeName="executor://mstestadapter/v2" className="VideoOS.Management.Server.UnitTests.ConfigurationAPI.BusinessObjects.SearchTemplate.SearchTemplateConfigurationApiTest" name="SetItem_ParamNullCheck_Path" />
    </UnitTest>
    <UnitTest name="GetNexProperties_WhenRuleTypeIsEvent_EventGroupNotPresent_ReturnsEventGroupProperty" storage="d:\actions-runner\_work\xpco\xpco\corporate\videoos.management.server.unittests\bin\x64\debug\net472\videoos.management.server.unittests.dll" id="2d398cf9-ccbe-1b34-6d37-a11379a9a0f7">
      <Execution id="8f5c6796-33a2-480e-9db4-bb53107bd225" />
      <TestMethod codeBase="D:\actions-runner\_work\XPCO\XPCO\Corporate\VideoOS.Management.Server.UnitTests\bin\x64\Debug\net472\VideoOS.Management.Server.UnitTests.dll" adapterTypeName="executor://mstestadapter/v2" className="VideoOS.Management.Server.UnitTests.ConfigurationAPI.Rules.Methods.StopRuleTypeStepTests" name="GetNexProperties_WhenRuleTypeIsEvent_EventGroupNotPresent_ReturnsEventGroupProperty" />
    </UnitTest>
    <UnitTest name="BusinessObjects_License_UpdateMipPluginsLicenseRequestPart_LicenseTypeMissing" storage="d:\actions-runner\_work\xpco\xpco\corporate\videoos.management.server.unittests\bin\x64\debug\net472\videoos.management.server.unittests.dll" id="10224707-2c35-2bee-7b21-6866611dd931">
      <Execution id="b7023146-a5aa-4675-8831-90c8e6666532" />
      <TestMethod codeBase="D:\actions-runner\_work\XPCO\XPCO\Corporate\VideoOS.Management.Server.UnitTests\bin\x64\Debug\net472\VideoOS.Management.Server.UnitTests.dll" adapterTypeName="executor://mstestadapter/v2" className="VideoOS.Management.Server.UnitTests.BusinessObjects.LicenseUnitTests" name="BusinessObjects_License_UpdateMipPluginsLicenseRequestPart_LicenseTypeMissing" />
    </UnitTest>
    <UnitTest name="Validate_WhenWrongKind_ReturnsFalse" storage="d:\actions-runner\_work\xpco\xpco\corporate\videoos.management.server.unittests\bin\x64\debug\net472\videoos.management.server.unittests.dll" id="10eebb46-3975-72d6-23c8-db65a8f8a56d">
      <Execution id="42bf6655-9d81-4aa1-9360-ad60b8e91f72" />
      <TestMethod codeBase="D:\actions-runner\_work\XPCO\XPCO\Corporate\VideoOS.Management.Server.UnitTests\bin\x64\Debug\net472\VideoOS.Management.Server.UnitTests.dll" adapterTypeName="executor://mstestadapter/v2" className="VideoOS.Management.Server.UnitTests.ConfigurationAPI.Rules.Backend.Validation.ValueValidators.AccessControlEventParameterValueValidatorTests" name="Validate_WhenWrongKind_ReturnsFalse" />
    </UnitTest>
    <UnitTest name="IsPropertyValuePresent_WhenNoSuchPropertyOrValueIsEmpty_ReturnsFalse" storage="d:\actions-runner\_work\xpco\xpco\corporate\videoos.management.server.unittests\bin\x64\debug\net472\videoos.management.server.unittests.dll" id="e4c5e017-1a92-75d7-9efb-b14a29909de5">
      <Execution id="63be800d-d303-43a5-9abb-dbc19f9f4920" />
      <TestMethod codeBase="D:\actions-runner\_work\XPCO\XPCO\Corporate\VideoOS.Management.Server.UnitTests\bin\x64\Debug\net472\VideoOS.Management.Server.UnitTests.dll" adapterTypeName="executor://mstestadapter/v2" className="VideoOS.Management.Server.UnitTests.ConfigurationAPI.Rules.ConfigurationItemExtensionsTests" name="IsPropertyValuePresent_WhenNoSuchPropertyOrValueIsEmpty_ReturnsFalse" />
    </UnitTest>
    <UnitTest name="Validate_WhenObjectExists_ReturnsTrue" storage="d:\actions-runner\_work\xpco\xpco\corporate\videoos.management.server.unittests\bin\x64\debug\net472\videoos.management.server.unittests.dll" id="0f013609-d93e-670b-a412-70675382ec30">
      <Execution id="9b867fe8-5d40-455a-8eaf-86a2e5f850f3" />
      <TestMethod codeBase="D:\actions-runner\_work\XPCO\XPCO\Corporate\VideoOS.Management.Server.UnitTests\bin\x64\Debug\net472\VideoOS.Management.Server.UnitTests.dll" adapterTypeName="executor://mstestadapter/v2" className="VideoOS.Management.Server.UnitTests.ConfigurationAPI.Rules.Backend.Validation.SystemDashboardRecordingServerParameterValueValidatorTests" name="Validate_WhenObjectExists_ReturnsTrue" />
    </UnitTest>
    <UnitTest name="ConfigurationItemPath_CreateItemPath_ItemTypeNull_ArgumentNullException" storage="d:\actions-runner\_work\xpco\xpco\corporate\videoos.management.server.unittests\bin\x64\debug\net472\videoos.management.server.unittests.dll" id="27b0da84-c051-fd23-774d-87d34e244191">
      <Execution id="19ca700f-ec9b-4f41-b4f2-64afad65aace" />
      <TestMethod codeBase="D:\actions-runner\_work\XPCO\XPCO\Corporate\VideoOS.Management.Server.UnitTests\bin\x64\Debug\net472\VideoOS.Management.Server.UnitTests.dll" adapterTypeName="executor://mstestadapter/v2" className="VideoOS.Management.Server.UnitTests.ConfigurationAPI.ConfigurationItemPathTests" name="ConfigurationItemPath_CreateItemPath_ItemTypeNull_ArgumentNullException" />
    </UnitTest>
    <UnitTest name="Validate_WhenSubdayTypeRecurring_SubdayEndTimeIsExactly24Hours_ReturnsError" storage="d:\actions-runner\_work\xpco\xpco\corporate\videoos.management.server.unittests\bin\x64\debug\net472\videoos.management.server.unittests.dll" id="e0a688e8-664f-99c7-ec92-d39f6af11fd1">
      <Execution id="e1dfea38-67ff-4551-9c4d-562cc53f51fe" />
      <TestMethod codeBase="D:\actions-runner\_work\XPCO\XPCO\Corporate\VideoOS.Management.Server.UnitTests\bin\x64\Debug\net472\VideoOS.Management.Server.UnitTests.dll" adapterTypeName="executor://mstestadapter/v2" className="VideoOS.Management.Server.UnitTests.ConfigurationAPI.Rules.Backend.Validation.RecurringTimeValidatorTests" name="Validate_WhenSubdayTypeRecurring_SubdayEndTimeIsExactly24Hours_ReturnsError" />
    </UnitTest>
    <UnitTest name="ServerProxyService_GetHardwareByHardwareId_Allowed_NotFiltered" storage="d:\actions-runner\_work\xpco\xpco\corporate\videoos.management.server.unittests\bin\x64\debug\net472\videoos.management.server.unittests.dll" id="985c0166-ee70-6491-99b1-b50cb17337ba">
      <Execution id="f21bb3df-be66-46a6-80e8-cb0a609ea284" />
      <TestMethod codeBase="D:\actions-runner\_work\XPCO\XPCO\Corporate\VideoOS.Management.Server.UnitTests\bin\x64\Debug\net472\VideoOS.Management.Server.UnitTests.dll" adapterTypeName="executor://mstestadapter/v2" className="VideoOS.Management.Server.UnitTests.ServerProxyServiceUnitTests" name="ServerProxyService_GetHardwareByHardwareId_Allowed_NotFiltered" />
    </UnitTest>
    <UnitTest name="ServerProxyService_GetConfigurationDataSetTables_Rules_NotAllowed_RowRemoved" storage="d:\actions-runner\_work\xpco\xpco\corporate\videoos.management.server.unittests\bin\x64\debug\net472\videoos.management.server.unittests.dll" id="b202e46e-4a3a-41ab-e10a-e01698bd46e1">
      <Execution id="b267fbd5-74ff-4bff-8ea7-819263e410ee" />
      <TestMethod codeBase="D:\actions-runner\_work\XPCO\XPCO\Corporate\VideoOS.Management.Server.UnitTests\bin\x64\Debug\net472\VideoOS.Management.Server.UnitTests.dll" adapterTypeName="executor://mstestadapter/v2" className="VideoOS.Management.Server.UnitTests.ServerProxyServiceUnitTests" name="ServerProxyService_GetConfigurationDataSetTables_Rules_NotAllowed_RowRemoved" />
    </UnitTest>
    <UnitTest name="SystemSettingsManager_ConvertActivationCredentialsToClientValue_Success" storage="d:\actions-runner\_work\xpco\xpco\corporate\videoos.management.server.unittests\bin\x64\debug\net472\videoos.management.server.unittests.dll" id="75431804-87bd-07ee-2b8c-43f9a6a82b9f">
      <Execution id="04c443fc-09d9-4ed1-bbf1-839634183c93" />
      <TestMethod codeBase="D:\actions-runner\_work\XPCO\XPCO\Corporate\VideoOS.Management.Server.UnitTests\bin\x64\Debug\net472\VideoOS.Management.Server.UnitTests.dll" adapterTypeName="executor://mstestadapter/v2" className="VideoOS.Management.Server.UnitTests.SystemSettingsManagerTests" name="SystemSettingsManager_ConvertActivationCredentialsToClientValue_Success" />
    </UnitTest>
    <UnitTest name="GetXml_WhenRuleIsRecordDaysOfWeek_MatchesXml" storage="d:\actions-runner\_work\xpco\xpco\corporate\videoos.management.server.unittests\bin\x64\debug\net472\videoos.management.server.unittests.dll" id="54ba9024-1311-05b6-107a-f72445d640ec">
      <Execution id="98e9f6e3-b891-4606-8875-8a5512657ce8" />
      <TestMethod codeBase="D:\actions-runner\_work\XPCO\XPCO\Corporate\VideoOS.Management.Server.UnitTests\bin\x64\Debug\net472\VideoOS.Management.Server.UnitTests.dll" adapterTypeName="executor://mstestadapter/v2" className="VideoOS.Management.Server.UnitTests.ConfigurationAPI.Rules.Backend.Builders.RuleModelXmlBuilderTests" name="GetXml_WhenRuleIsRecordDaysOfWeek_MatchesXml" />
    </UnitTest>
    <UnitTest name="Build_DeviceChangeSettings_WhenParametersAreSet_ReturnsActionModel" storage="d:\actions-runner\_work\xpco\xpco\corporate\videoos.management.server.unittests\bin\x64\debug\net472\videoos.management.server.unittests.dll" id="d8119f9d-8e7d-61bc-20f7-8938e5518214">
      <Execution id="0b85e9e0-b50a-48e1-9bd6-73df172197d6" />
      <TestMethod codeBase="D:\actions-runner\_work\XPCO\XPCO\Corporate\VideoOS.Management.Server.UnitTests\bin\x64\Debug\net472\VideoOS.Management.Server.UnitTests.dll" adapterTypeName="executor://mstestadapter/v2" className="VideoOS.Management.Server.UnitTests.ConfigurationAPI.Rules.Builders.RuleModelActionsBuilderTests" name="Build_DeviceChangeSettings_WhenParametersAreSet_ReturnsActionModel" />
    </UnitTest>
    <UnitTest name="GetVmsUserById_MethodCalled_CorrectMethodIsCalledOnIdpAdministrationClient" storage="d:\actions-runner\_work\xpco\xpco\corporate\videoos.management.server.unittests\bin\x64\debug\net472\videoos.management.server.unittests.dll" id="ce3ec9e4-3ffe-7abd-207d-5bab7647f030">
      <Execution id="b645349c-0d76-49f4-9fdd-c9cc28962b25" />
      <TestMethod codeBase="D:\actions-runner\_work\XPCO\XPCO\Corporate\VideoOS.Management.Server.UnitTests\bin\x64\Debug\net472\VideoOS.Management.Server.UnitTests.dll" adapterTypeName="executor://mstestadapter/v2" className="VideoOS.Management.Server.UnitTests.DataComponents.Idp.UserIdpComponentTests" name="GetVmsUserById_MethodCalled_CorrectMethodIsCalledOnIdpAdministrationClient" />
    </UnitTest>
    <UnitTest name="SendCommandSecurityVisitor_UpdateConfigurationManagerCommand_Camera_Delete_NoSecurityCheck" storage="d:\actions-runner\_work\xpco\xpco\corporate\videoos.management.server.unittests\bin\x64\debug\net472\videoos.management.server.unittests.dll" id="3284684f-50fe-eb02-687d-ef45fdda764d">
      <Execution id="0c881167-e702-435b-b27b-4d2711ce7e04" />
      <TestMethod codeBase="D:\actions-runner\_work\XPCO\XPCO\Corporate\VideoOS.Management.Server.UnitTests\bin\x64\Debug\net472\VideoOS.Management.Server.UnitTests.dll" adapterTypeName="executor://mstestadapter/v2" className="VideoOS.Management.Server.UnitTests.SendCommandSecurityVisitorTests" name="SendCommandSecurityVisitor_UpdateConfigurationManagerCommand_Camera_Delete_NoSecurityCheck" />
    </UnitTest>
    <UnitTest name="FilterItems_ItemsValid_OnlyAllowedReturned" storage="d:\actions-runner\_work\xpco\xpco\corporate\videoos.management.server.unittests\bin\x64\debug\net472\videoos.management.server.unittests.dll" id="b516b8b1-c564-3248-7ef9-bcbb71785620">
      <Execution id="548f43bd-27d2-457f-acde-60a03b9447eb" />
      <TestMethod codeBase="D:\actions-runner\_work\XPCO\XPCO\Corporate\VideoOS.Management.Server.UnitTests\bin\x64\Debug\net472\VideoOS.Management.Server.UnitTests.dll" adapterTypeName="executor://mstestadapter/v2" className="VideoOS.Management.Server.UnitTests.BusinessObjects.SecurityObjectUtilitiesUnitTests" name="FilterItems_ItemsValid_OnlyAllowedReturned" />
    </UnitTest>
    <UnitTest name="Invoke_UpdateLicense_WrongSLC" storage="d:\actions-runner\_work\xpco\xpco\corporate\videoos.management.server.unittests\bin\x64\debug\net472\videoos.management.server.unittests.dll" id="312009d9-0ae4-1856-2039-814ad7d08a77">
      <Execution id="2c795d81-eb85-407a-a786-8044405e5978" />
      <TestMethod codeBase="D:\actions-runner\_work\XPCO\XPCO\Corporate\VideoOS.Management.Server.UnitTests\bin\x64\Debug\net472\VideoOS.Management.Server.UnitTests.dll" adapterTypeName="executor://mstestadapter/v2" className="VideoOS.Management.Server.UnitTests.ConfigurationAPI.BusinessObjects.LicenseConfigurationApiTests" name="Invoke_UpdateLicense_WrongSLC" />
    </UnitTest>
    <UnitTest name="UpdateMotionDetection_Success" storage="d:\actions-runner\_work\xpco\xpco\corporate\videoos.management.server.unittests\bin\x64\debug\net472\videoos.management.server.unittests.dll" id="c62bcea7-4b71-c1c1-cdc0-931a49a62cca">
      <Execution id="2b5235f6-8589-4c88-8439-82a5733a0c2e" />
      <TestMethod codeBase="D:\actions-runner\_work\XPCO\XPCO\Corporate\VideoOS.Management.Server.UnitTests\bin\x64\Debug\net472\VideoOS.Management.Server.UnitTests.dll" adapterTypeName="executor://mstestadapter/v2" className="VideoOS.Management.Server.UnitTests.BusinessObjects.DeviceMotionDetectionUnitTests" name="UpdateMotionDetection_Success" />
    </UnitTest>
    <UnitTest name="AuthenticateUser_AuthenticationIsValid_ReturnsTrue" storage="d:\actions-runner\_work\xpco\xpco\corporate\videoos.management.server.unittests\bin\x64\debug\net472\videoos.management.server.unittests.dll" id="a0b031bd-caaa-ff77-9ae7-faeb250db0ad">
      <Execution id="8042a74d-ef60-4e62-a5de-895d412c05ed" />
      <TestMethod codeBase="D:\actions-runner\_work\XPCO\XPCO\Corporate\VideoOS.Management.Server.UnitTests\bin\x64\Debug\net472\VideoOS.Management.Server.UnitTests.dll" adapterTypeName="executor://mstestadapter/v2" className="VideoOS.Management.Server.UnitTests.BasicAuthentication.BasicAuthenticationModuleTests" name="AuthenticateUser_AuthenticationIsValid_ReturnsTrue" />
    </UnitTest>
    <UnitTest name="ConstructSqlSelect_Injection_ValueInt" storage="d:\actions-runner\_work\xpco\xpco\corporate\videoos.management.server.unittests\bin\x64\debug\net472\videoos.management.server.unittests.dll" id="cf77fec0-59c0-4c0c-b6fe-87fcdd211fc8">
      <Execution id="5a9ad7ce-351f-4670-82d6-a37d4640a59d" />
      <TestMethod codeBase="D:\actions-runner\_work\XPCO\XPCO\Corporate\VideoOS.Management.Server.UnitTests\bin\x64\Debug\net472\VideoOS.Management.Server.UnitTests.dll" adapterTypeName="executor://mstestadapter/v2" className="VideoOS.Management.Server.UnitTests.ConfigurationAPI.Converters.SqlQueryFormatterTests" name="ConstructSqlSelect_Injection_ValueInt" />
    </UnitTest>
    <UnitTest name="Invoke_WhenFirstTime_ProvidesInfo" storage="d:\actions-runner\_work\xpco\xpco\corporate\videoos.management.server.unittests\bin\x64\debug\net472\videoos.management.server.unittests.dll" id="d9b1adf2-b9fc-d182-c2a1-cab2ceba542f">
      <Execution id="65cd598e-154d-46ec-9fa4-6844e759830d" />
      <TestMethod codeBase="D:\actions-runner\_work\XPCO\XPCO\Corporate\VideoOS.Management.Server.UnitTests\bin\x64\Debug\net472\VideoOS.Management.Server.UnitTests.dll" adapterTypeName="executor://mstestadapter/v2" className="VideoOS.Management.Server.UnitTests.ConfigurationAPI.BusinessObjects.LprMatchList.Methods.AddEditRegistrationNumbersInfoTests" name="Invoke_WhenFirstTime_ProvidesInfo" />
    </UnitTest>
    <UnitTest name="IsPropertyPresent_WhenPropertiesAreNull_ReturnsFalse" storage="d:\actions-runner\_work\xpco\xpco\corporate\videoos.management.server.unittests\bin\x64\debug\net472\videoos.management.server.unittests.dll" id="a452b9e4-ef9e-f78e-91d1-605ee596cdcd">
      <Execution id="2fb782f9-3234-4b5a-90f1-e452c8a082b4" />
      <TestMethod codeBase="D:\actions-runner\_work\XPCO\XPCO\Corporate\VideoOS.Management.Server.UnitTests\bin\x64\Debug\net472\VideoOS.Management.Server.UnitTests.dll" adapterTypeName="executor://mstestadapter/v2" className="VideoOS.Management.Server.UnitTests.ConfigurationAPI.Rules.ConfigurationItemExtensionsTests" name="IsPropertyPresent_WhenPropertiesAreNull_ReturnsFalse" />
    </UnitTest>
    <UnitTest name="TaskTrucateDeviceStorageSecurityProvider_ValidatePermissions" storage="d:\actions-runner\_work\xpco\xpco\corporate\videoos.management.server.unittests\bin\x64\debug\net472\videoos.management.server.unittests.dll" id="dc47e3d3-6ba5-9932-69fd-fb96285d6d86">
      <Execution id="2860673c-1d7f-4db8-b4fe-89f3749256b3" />
      <TestMethod codeBase="D:\actions-runner\_work\XPCO\XPCO\Corporate\VideoOS.Management.Server.UnitTests\bin\x64\Debug\net472\VideoOS.Management.Server.UnitTests.dll" adapterTypeName="executor://mstestadapter/v2" className="VideoOS.Management.Server.UnitTests.Security.TaskSecurityProvicerTest" name="TaskTrucateDeviceStorageSecurityProvider_ValidatePermissions" />
    </UnitTest>
    <UnitTest name="PerformanceCounterUpdatesManager_UpdatePerformanceConfig" storage="d:\actions-runner\_work\xpco\xpco\corporate\videoos.management.server.unittests\bin\x64\debug\net472\videoos.management.server.unittests.dll" id="03025800-ebbd-f886-1122-a484e1fcefe0">
      <Execution id="c2375357-fe64-46a0-ba55-b6322baa6fdd" />
      <TestMethod codeBase="D:\actions-runner\_work\XPCO\XPCO\Corporate\VideoOS.Management.Server.UnitTests\bin\x64\Debug\net472\VideoOS.Management.Server.UnitTests.dll" adapterTypeName="executor://mstestadapter/v2" className="VideoOS.Management.Server.PerformanceCounterUpdatesManagerTest" name="PerformanceCounterUpdatesManager_UpdatePerformanceConfig" />
    </UnitTest>
    <UnitTest name="TryGetPropertyValue_WhenPropertyExistsButValueTypeIncompatible_Exception" storage="d:\actions-runner\_work\xpco\xpco\corporate\videoos.management.server.unittests\bin\x64\debug\net472\videoos.management.server.unittests.dll" id="efe2d614-0af6-853d-247b-f0f2118cee76">
      <Execution id="bdf25115-1505-4eeb-8108-e56a8b070b77" />
      <TestMethod codeBase="D:\actions-runner\_work\XPCO\XPCO\Corporate\VideoOS.Management.Server.UnitTests\bin\x64\Debug\net472\VideoOS.Management.Server.UnitTests.dll" adapterTypeName="executor://mstestadapter/v2" className="VideoOS.Management.Server.UnitTests.ConfigurationAPI.Rules.ConfigurationItemExtensionsTests" name="TryGetPropertyValue_WhenPropertyExistsButValueTypeIncompatible_Exception" />
    </UnitTest>
    <UnitTest name="Validate_WhenWeekly_FrequencyIsZero_ReturnsError" storage="d:\actions-runner\_work\xpco\xpco\corporate\videoos.management.server.unittests\bin\x64\debug\net472\videoos.management.server.unittests.dll" id="8e6ddf2a-6615-fcd1-37b4-94b38689e909">
      <Execution id="0618c47c-5da8-4b45-9ffa-50ae5ec49c8e" />
      <TestMethod codeBase="D:\actions-runner\_work\XPCO\XPCO\Corporate\VideoOS.Management.Server.UnitTests\bin\x64\Debug\net472\VideoOS.Management.Server.UnitTests.dll" adapterTypeName="executor://mstestadapter/v2" className="VideoOS.Management.Server.UnitTests.ConfigurationAPI.Rules.Backend.Validation.RecurringTimeValidatorTests" name="Validate_WhenWeekly_FrequencyIsZero_ReturnsError" />
    </UnitTest>
    <UnitTest name="Validate_WhenWrongKind_ReturnsFalse" storage="d:\actions-runner\_work\xpco\xpco\corporate\videoos.management.server.unittests\bin\x64\debug\net472\videoos.management.server.unittests.dll" id="641d2104-eeb1-3c9f-8991-c3f8e0c3cc66">
      <Execution id="55e909f9-a702-4bab-84c1-506a16cd4105" />
      <TestMethod codeBase="D:\actions-runner\_work\XPCO\XPCO\Corporate\VideoOS.Management.Server.UnitTests\bin\x64\Debug\net472\VideoOS.Management.Server.UnitTests.dll" adapterTypeName="executor://mstestadapter/v2" className="VideoOS.Management.Server.UnitTests.ConfigurationAPI.Rules.Backend.Validation.ValueValidators.SiteParameterValueValidatorTests" name="Validate_WhenWrongKind_ReturnsFalse" />
    </UnitTest>
    <UnitTest name="CreateSearchTemplateFind_PrivateOnly" storage="d:\actions-runner\_work\xpco\xpco\corporate\videoos.management.server.unittests\bin\x64\debug\net472\videoos.management.server.unittests.dll" id="d006b449-a619-3181-628d-60e0b73a8d4e">
      <Execution id="8db8c329-0fc3-4696-b600-8dc5edb87ca4" />
      <TestMethod codeBase="D:\actions-runner\_work\XPCO\XPCO\Corporate\VideoOS.Management.Server.UnitTests\bin\x64\Debug\net472\VideoOS.Management.Server.UnitTests.dll" adapterTypeName="executor://mstestadapter/v2" className="VideoOS.Management.Server.UnitTests.BusinessObjects.ManagementServer.SearchTemplate.SearchTemplateFindTests" name="CreateSearchTemplateFind_PrivateOnly" />
    </UnitTest>
    <UnitTest name="EnumerableToString_When2Levels_EscapesAndJoins" storage="d:\actions-runner\_work\xpco\xpco\corporate\videoos.management.server.unittests\bin\x64\debug\net472\videoos.management.server.unittests.dll" id="250a8826-1b5e-170f-27bb-757c3bd9928d">
      <Execution id="0a9da6d8-1f69-4545-920f-20117f6dd448" />
      <TestMethod codeBase="D:\actions-runner\_work\XPCO\XPCO\Corporate\VideoOS.Management.Server.UnitTests\bin\x64\Debug\net472\VideoOS.Management.Server.UnitTests.dll" adapterTypeName="executor://mstestadapter/v2" className="VideoOS.Management.Server.UnitTests.ConfigurationAPI.Converters.StringCollectionConverterTests" name="EnumerableToString_When2Levels_EscapesAndJoins" />
    </UnitTest>
    <UnitTest name="Validate_WhenMonthlyRelative_FrequencyIsZero_ReturnsError" storage="d:\actions-runner\_work\xpco\xpco\corporate\videoos.management.server.unittests\bin\x64\debug\net472\videoos.management.server.unittests.dll" id="a15139bc-4db2-5845-66dc-29bff5fd85d3">
      <Execution id="d08065a5-7863-4f61-919e-54eccfabfd8b" />
      <TestMethod codeBase="D:\actions-runner\_work\XPCO\XPCO\Corporate\VideoOS.Management.Server.UnitTests\bin\x64\Debug\net472\VideoOS.Management.Server.UnitTests.dll" adapterTypeName="executor://mstestadapter/v2" className="VideoOS.Management.Server.UnitTests.ConfigurationAPI.Rules.Backend.Validation.RecurringTimeValidatorTests" name="Validate_WhenMonthlyRelative_FrequencyIsZero_ReturnsError" />
    </UnitTest>
    <UnitTest name="GetItem_UnknownFileTest" storage="d:\actions-runner\_work\xpco\xpco\corporate\videoos.management.server.unittests\bin\x64\debug\net472\videoos.management.server.unittests.dll" id="cad4055a-a810-1241-63fa-320a99b8be7c">
      <Execution id="8303e168-aed1-4aa7-a160-4bae7989c4ed" />
      <TestMethod codeBase="D:\actions-runner\_work\XPCO\XPCO\Corporate\VideoOS.Management.Server.UnitTests\bin\x64\Debug\net472\VideoOS.Management.Server.UnitTests.dll" adapterTypeName="executor://mstestadapter/v2" className="VideoOS.Management.Server.UnitTests.ConfigurationAPI.BusinessObjects.AudioMessage.AudioMessageConfigurationApiTest" name="GetItem_UnknownFileTest" />
    </UnitTest>
    <UnitTest name="GetXml_WhenRuleIsRecordOutsideTimeProfile_MatchesXml" storage="d:\actions-runner\_work\xpco\xpco\corporate\videoos.management.server.unittests\bin\x64\debug\net472\videoos.management.server.unittests.dll" id="24ad047b-bd8a-857c-c1fc-fdeb432540e3">
      <Execution id="899eefeb-d1b7-47f9-92ef-5a5b31424b06" />
      <TestMethod codeBase="D:\actions-runner\_work\XPCO\XPCO\Corporate\VideoOS.Management.Server.UnitTests\bin\x64\Debug\net472\VideoOS.Management.Server.UnitTests.dll" adapterTypeName="executor://mstestadapter/v2" className="VideoOS.Management.Server.UnitTests.ConfigurationAPI.Rules.Backend.Builders.RuleModelXmlBuilderTests" name="GetXml_WhenRuleIsRecordOutsideTimeProfile_MatchesXml" />
    </UnitTest>
    <UnitTest name="SendCommandSecurityVisitor_UpdateConfigurationManagerCommand_Hardware_Add_Allowed" storage="d:\actions-runner\_work\xpco\xpco\corporate\videoos.management.server.unittests\bin\x64\debug\net472\videoos.management.server.unittests.dll" id="747902fc-8d63-ecaa-1405-6410000af2d2">
      <Execution id="c5670878-26f3-4068-b487-6ce2fcbc7325" />
      <TestMethod codeBase="D:\actions-runner\_work\XPCO\XPCO\Corporate\VideoOS.Management.Server.UnitTests\bin\x64\Debug\net472\VideoOS.Management.Server.UnitTests.dll" adapterTypeName="executor://mstestadapter/v2" className="VideoOS.Management.Server.UnitTests.SendCommandSecurityVisitorTests" name="SendCommandSecurityVisitor_UpdateConfigurationManagerCommand_Hardware_Add_Allowed" />
    </UnitTest>
    <UnitTest name="ErrorHelper_CreateValidateResult_ArgumentException_Success" storage="d:\actions-runner\_work\xpco\xpco\corporate\videoos.management.server.unittests\bin\x64\debug\net472\videoos.management.server.unittests.dll" id="ba826b1e-a130-0604-b0ea-4835abaf0a26">
      <Execution id="87c6e7ab-8e4e-41e0-910d-cbdc406fb716" />
      <TestMethod codeBase="D:\actions-runner\_work\XPCO\XPCO\Corporate\VideoOS.Management.Server.UnitTests\bin\x64\Debug\net472\VideoOS.Management.Server.UnitTests.dll" adapterTypeName="executor://mstestadapter/v2" className="VideoOS.Management.Server.UnitTests.ConfigurationAPI.ErrorHelperTests" name="ErrorHelper_CreateValidateResult_ArgumentException_Success" />
    </UnitTest>
    <UnitTest name="DeviceStreams_UpdateStream_OnlyUseMediaAfter_UpdatePrimary" storage="d:\actions-runner\_work\xpco\xpco\corporate\videoos.management.server.unittests\bin\x64\debug\net472\videoos.management.server.unittests.dll" id="82744603-ac5f-b837-da6d-297ed0eef2cb">
      <Execution id="9c1ed244-923c-4335-859d-3c6383b119f9" />
      <TestMethod codeBase="D:\actions-runner\_work\XPCO\XPCO\Corporate\VideoOS.Management.Server.UnitTests\bin\x64\Debug\net472\VideoOS.Management.Server.UnitTests.dll" adapterTypeName="executor://mstestadapter/v2" className="VideoOS.Management.Server.UnitTests.BusinessObjects.DeviceStreamsUnitTests" name="DeviceStreams_UpdateStream_OnlyUseMediaAfter_UpdatePrimary" />
    </UnitTest>
    <UnitTest name="Get_Item_Exception_Status_Is_Stopped_Success" storage="d:\actions-runner\_work\xpco\xpco\corporate\videoos.management.server.unittests\bin\x64\debug\net472\videoos.management.server.unittests.dll" id="779aef40-a366-df86-f0d9-aea507dc5919">
      <Execution id="e2dd1f77-270b-41cb-96fc-b3bc7b2be13c" />
      <TestMethod codeBase="D:\actions-runner\_work\XPCO\XPCO\Corporate\VideoOS.Management.Server.UnitTests\bin\x64\Debug\net472\VideoOS.Management.Server.UnitTests.dll" adapterTypeName="executor://mstestadapter/v2" className="VideoOS.Management.Server.UnitTests.ConfigurationAPI.TaskConfigurationApiTest" name="Get_Item_Exception_Status_Is_Stopped_Success" />
    </UnitTest>
    <UnitTest name="IsComplete_WhenTimeWithNoTimerPropertyIsSetForStopRule_ReturnsFalse" storage="d:\actions-runner\_work\xpco\xpco\corporate\videoos.management.server.unittests\bin\x64\debug\net472\videoos.management.server.unittests.dll" id="0714e41c-3119-4f62-606f-032e5b80ac9b">
      <Execution id="0291d006-0222-45e0-8e68-0ec90470e1be" />
      <TestMethod codeBase="D:\actions-runner\_work\XPCO\XPCO\Corporate\VideoOS.Management.Server.UnitTests\bin\x64\Debug\net472\VideoOS.Management.Server.UnitTests.dll" adapterTypeName="executor://mstestadapter/v2" className="VideoOS.Management.Server.UnitTests.ConfigurationAPI.Rules.Methods.StopRuleTypeStepTests" name="IsComplete_WhenTimeWithNoTimerPropertyIsSetForStopRule_ReturnsFalse" />
    </UnitTest>
    <UnitTest name="ServerProxyService_GetConfigurationDataSetTables_PatrollingProfiles_NotAllowed_RowRemoved" storage="d:\actions-runner\_work\xpco\xpco\corporate\videoos.management.server.unittests\bin\x64\debug\net472\videoos.management.server.unittests.dll" id="3d4a0a31-e7e0-ff53-14ed-6d02e38d9fe6">
      <Execution id="c818db1c-2c39-40e7-9b7b-457c9cd4d4b5" />
      <TestMethod codeBase="D:\actions-runner\_work\XPCO\XPCO\Corporate\VideoOS.Management.Server.UnitTests\bin\x64\Debug\net472\VideoOS.Management.Server.UnitTests.dll" adapterTypeName="executor://mstestadapter/v2" className="VideoOS.Management.Server.UnitTests.ServerProxyServiceUnitTests" name="ServerProxyService_GetConfigurationDataSetTables_PatrollingProfiles_NotAllowed_RowRemoved" />
    </UnitTest>
    <UnitTest name="Validate_WhenValidMonthlyRelativeFrequency_ValidOnceSubday_NoErrors" storage="d:\actions-runner\_work\xpco\xpco\corporate\videoos.management.server.unittests\bin\x64\debug\net472\videoos.management.server.unittests.dll" id="96b78bb0-de68-6907-93ee-081c93f57dda">
      <Execution id="390699bf-34c6-4829-b0cf-f6e892cea95b" />
      <TestMethod codeBase="D:\actions-runner\_work\XPCO\XPCO\Corporate\VideoOS.Management.Server.UnitTests\bin\x64\Debug\net472\VideoOS.Management.Server.UnitTests.dll" adapterTypeName="executor://mstestadapter/v2" className="VideoOS.Management.Server.UnitTests.ConfigurationAPI.Rules.Backend.Validation.RecurringTimeValidatorTests" name="Validate_WhenValidMonthlyRelativeFrequency_ValidOnceSubday_NoErrors" />
    </UnitTest>
    <UnitTest name="FindSearchTemplates_ById_ParamNullCheck_RequestContext" storage="d:\actions-runner\_work\xpco\xpco\corporate\videoos.management.server.unittests\bin\x64\debug\net472\videoos.management.server.unittests.dll" id="f792a012-ac64-23e4-698c-0ae76a825caf">
      <Execution id="3419a5cd-db75-4c8f-8a74-1db37914cbcf" />
      <TestMethod codeBase="D:\actions-runner\_work\XPCO\XPCO\Corporate\VideoOS.Management.Server.UnitTests\bin\x64\Debug\net472\VideoOS.Management.Server.UnitTests.dll" adapterTypeName="executor://mstestadapter/v2" className="VideoOS.Management.Server.UnitTests.BusinessObjects.ManagementServer.SearchTemplate.SearchTemplateFindTests" name="FindSearchTemplates_ById_ParamNullCheck_RequestContext" />
    </UnitTest>
    <UnitTest name="Validate_WhenAllowedKeyValuePairs_Success" storage="d:\actions-runner\_work\xpco\xpco\corporate\videoos.management.server.unittests\bin\x64\debug\net472\videoos.management.server.unittests.dll" id="53eaac2d-a804-70a4-087e-be24742948e1">
      <Execution id="6f63b36e-c27b-4155-8228-a3cefb5e2e3c" />
      <TestMethod codeBase="D:\actions-runner\_work\XPCO\XPCO\Corporate\VideoOS.Management.Server.UnitTests\bin\x64\Debug\net472\VideoOS.Management.Server.UnitTests.dll" adapterTypeName="executor://mstestadapter/v2" className="VideoOS.Management.Server.UnitTests.ConfigurationAPI.Rules.Backend.Validation.RuleParametersValidatorTests" name="Validate_WhenAllowedKeyValuePairs_Success" />
    </UnitTest>
    <UnitTest name="GetNextProperties_AllPropertiesPresentWithValues_ReturnsEmptyList" storage="d:\actions-runner\_work\xpco\xpco\corporate\videoos.management.server.unittests\bin\x64\debug\net472\videoos.management.server.unittests.dll" id="92b6cae2-ac14-5107-7d7d-6266feddd8fd">
      <Execution id="d26167fd-7593-468b-b31d-3c9907922da7" />
      <TestMethod codeBase="D:\actions-runner\_work\XPCO\XPCO\Corporate\VideoOS.Management.Server.UnitTests\bin\x64\Debug\net472\VideoOS.Management.Server.UnitTests.dll" adapterTypeName="executor://mstestadapter/v2" className="VideoOS.Management.Server.UnitTests.ConfigurationAPI.Rules.Methods.StartActionsStepTests" name="GetNextProperties_AllPropertiesPresentWithValues_ReturnsEmptyList" />
    </UnitTest>
    <UnitTest name="TestRootReadWriteAllowed" storage="d:\actions-runner\_work\xpco\xpco\corporate\videoos.management.server.unittests\bin\x64\debug\net472\videoos.management.server.unittests.dll" id="aca235ff-9911-cbc7-ec07-c48bf33ba49f">
      <Execution id="fae7db56-ae93-4901-98f9-51dfb7daf844" />
      <TestMethod codeBase="D:\actions-runner\_work\XPCO\XPCO\Corporate\VideoOS.Management.Server.UnitTests\bin\x64\Debug\net472\VideoOS.Management.Server.UnitTests.dll" adapterTypeName="executor://mstestadapter/v2" className="VideoOS.Management.Server.UnitTests.PermissionTests" name="TestRootReadWriteAllowed" />
    </UnitTest>
    <UnitTest name="InvokeMethod_InvalidParentPath2Test" storage="d:\actions-runner\_work\xpco\xpco\corporate\videoos.management.server.unittests\bin\x64\debug\net472\videoos.management.server.unittests.dll" id="91b3ce7e-3a7f-586a-e5ae-f12809cddb73">
      <Execution id="b0370f1c-d2e0-4366-9d3c-64c4c96bbf79" />
      <TestMethod codeBase="D:\actions-runner\_work\XPCO\XPCO\Corporate\VideoOS.Management.Server.UnitTests\bin\x64\Debug\net472\VideoOS.Management.Server.UnitTests.dll" adapterTypeName="executor://mstestadapter/v2" className="VideoOS.Management.Server.UnitTests.ConfigurationAPI.BusinessObjects.AudioMessage.AudioMessageConfigurationApiTest" name="InvokeMethod_InvalidParentPath2Test" />
    </UnitTest>
    <UnitTest name="DeleteSearchTemplate_Public_NotAllowed" storage="d:\actions-runner\_work\xpco\xpco\corporate\videoos.management.server.unittests\bin\x64\debug\net472\videoos.management.server.unittests.dll" id="c565ef0a-8620-c858-276f-5d33fcf8c542">
      <Execution id="b5287732-0c0f-4004-9118-6a04f2b27a36" />
      <TestMethod codeBase="D:\actions-runner\_work\XPCO\XPCO\Corporate\VideoOS.Management.Server.UnitTests\bin\x64\Debug\net472\VideoOS.Management.Server.UnitTests.dll" adapterTypeName="executor://mstestadapter/v2" className="VideoOS.Management.Server.UnitTests.BusinessObjects.ManagementServer.SearchTemplate.SearchTemplateItemTests" name="DeleteSearchTemplate_Public_NotAllowed" />
    </UnitTest>
    <UnitTest name="Build_WhenStartRuleIsRecurringTime_MonthlyAndOnceWithNoRequiredProperties_PropertiesAreSetWithDefaultValues" storage="d:\actions-runner\_work\xpco\xpco\corporate\videoos.management.server.unittests\bin\x64\debug\net472\videoos.management.server.unittests.dll" id="f1c73bf6-3786-d95f-778b-57e92d648c13">
      <Execution id="bf8faba7-8633-4c9d-af44-e6df22ac95b5" />
      <TestMethod codeBase="D:\actions-runner\_work\XPCO\XPCO\Corporate\VideoOS.Management.Server.UnitTests\bin\x64\Debug\net472\VideoOS.Management.Server.UnitTests.dll" adapterTypeName="executor://mstestadapter/v2" className="VideoOS.Management.Server.UnitTests.ConfigurationAPI.Rules.Builders.ConfigurationItemBuilderTests" name="Build_WhenStartRuleIsRecurringTime_MonthlyAndOnceWithNoRequiredProperties_PropertiesAreSetWithDefaultValues" />
    </UnitTest>
    <UnitTest name="Invoke_WhenSecondTime_PerformsAction" storage="d:\actions-runner\_work\xpco\xpco\corporate\videoos.management.server.unittests\bin\x64\debug\net472\videoos.management.server.unittests.dll" id="385750c8-3342-7ecf-e84f-190d8d1a289a">
      <Execution id="92ae9194-f6a8-4456-a8f4-00def41fa389" />
      <TestMethod codeBase="D:\actions-runner\_work\XPCO\XPCO\Corporate\VideoOS.Management.Server.UnitTests\bin\x64\Debug\net472\VideoOS.Management.Server.UnitTests.dll" adapterTypeName="executor://mstestadapter/v2" className="VideoOS.Management.Server.UnitTests.ConfigurationAPI.BusinessObjects.LprMatchList.Methods.RemoveMatchListTests" name="Invoke_WhenSecondTime_PerformsAction" />
    </UnitTest>
    <UnitTest name="GetNextProperties_WhenEventStartRuleHasActionWithCounterAction_ReturnsProperties" storage="d:\actions-runner\_work\xpco\xpco\corporate\videoos.management.server.unittests\bin\x64\debug\net472\videoos.management.server.unittests.dll" id="3e9733bb-fd32-742d-8fa2-3a6648fc43f5">
      <Execution id="1f244c2a-35c3-46d5-834f-9d482f9946bb" />
      <TestMethod codeBase="D:\actions-runner\_work\XPCO\XPCO\Corporate\VideoOS.Management.Server.UnitTests\bin\x64\Debug\net472\VideoOS.Management.Server.UnitTests.dll" adapterTypeName="executor://mstestadapter/v2" className="VideoOS.Management.Server.UnitTests.ConfigurationAPI.Rules.Methods.StopRuleTypeStepTests" name="GetNextProperties_WhenEventStartRuleHasActionWithCounterAction_ReturnsProperties" />
    </UnitTest>
    <UnitTest name="ConstructSqlSelect_SunnyDay_IntLessThan" storage="d:\actions-runner\_work\xpco\xpco\corporate\videoos.management.server.unittests\bin\x64\debug\net472\videoos.management.server.unittests.dll" id="baaf8e91-697f-d818-b655-6e52a1ea7c30">
      <Execution id="423e77d3-af51-4d8f-812c-655385029e83" />
      <TestMethod codeBase="D:\actions-runner\_work\XPCO\XPCO\Corporate\VideoOS.Management.Server.UnitTests\bin\x64\Debug\net472\VideoOS.Management.Server.UnitTests.dll" adapterTypeName="executor://mstestadapter/v2" className="VideoOS.Management.Server.UnitTests.ConfigurationAPI.Converters.SqlQueryFormatterTests" name="ConstructSqlSelect_SunnyDay_IntLessThan" />
    </UnitTest>
    <UnitTest name="GetXml_WhenStartRecordAllFrames_MatchesXml" storage="d:\actions-runner\_work\xpco\xpco\corporate\videoos.management.server.unittests\bin\x64\debug\net472\videoos.management.server.unittests.dll" id="d7bca3c7-b9a8-e924-c3aa-de3d51066aa2">
      <Execution id="036b89a8-f3da-4ae0-9e5f-7ba54545cfe2" />
      <TestMethod codeBase="D:\actions-runner\_work\XPCO\XPCO\Corporate\VideoOS.Management.Server.UnitTests\bin\x64\Debug\net472\VideoOS.Management.Server.UnitTests.dll" adapterTypeName="executor://mstestadapter/v2" className="VideoOS.Management.Server.UnitTests.ConfigurationAPI.Rules.Backend.Builders.ActionXmlBuilderTests" name="GetXml_WhenStartRecordAllFrames_MatchesXml" />
    </UnitTest>
    <UnitTest name="Invoke_AddTag_InvalidTag" storage="d:\actions-runner\_work\xpco\xpco\corporate\videoos.management.server.unittests\bin\x64\debug\net472\videoos.management.server.unittests.dll" id="04c57bc7-38e5-7eee-12b7-1a6012a4faea">
      <Execution id="d4f4c30f-bf1c-4bb0-8dd7-761f2c06f7c4" />
      <TestMethod codeBase="D:\actions-runner\_work\XPCO\XPCO\Corporate\VideoOS.Management.Server.UnitTests\bin\x64\Debug\net472\VideoOS.Management.Server.UnitTests.dll" adapterTypeName="executor://mstestadapter/v2" className="VideoOS.Management.Server.UnitTests.ConfigurationAPI.BusinessObjects.BasicOwnerInformationConfigurationApiTests" name="Invoke_AddTag_InvalidTag" />
    </UnitTest>
    <UnitTest name="TryGetProperty_WhenNoSuchProperty_ReturnsFalse" storage="d:\actions-runner\_work\xpco\xpco\corporate\videoos.management.server.unittests\bin\x64\debug\net472\videoos.management.server.unittests.dll" id="8c361e5a-de6a-1b9a-5863-605cb07479fc">
      <Execution id="14c58345-61ce-4280-8bb8-efa22d6bc8a9" />
      <TestMethod codeBase="D:\actions-runner\_work\XPCO\XPCO\Corporate\VideoOS.Management.Server.UnitTests\bin\x64\Debug\net472\VideoOS.Management.Server.UnitTests.dll" adapterTypeName="executor://mstestadapter/v2" className="VideoOS.Management.Server.UnitTests.ConfigurationAPI.Rules.ConfigurationItemExtensionsTests" name="TryGetProperty_WhenNoSuchProperty_ReturnsFalse" />
    </UnitTest>
    <UnitTest name="GetXml_WhenConditionIsFailoverActive_MatchesXml" storage="d:\actions-runner\_work\xpco\xpco\corporate\videoos.management.server.unittests\bin\x64\debug\net472\videoos.management.server.unittests.dll" id="252ae679-f8a3-aecd-df62-7982ff1f5e1d">
      <Execution id="7401519d-0523-4040-8106-12a71dc1fb89" />
      <TestMethod codeBase="D:\actions-runner\_work\XPCO\XPCO\Corporate\VideoOS.Management.Server.UnitTests\bin\x64\Debug\net472\VideoOS.Management.Server.UnitTests.dll" adapterTypeName="executor://mstestadapter/v2" className="VideoOS.Management.Server.UnitTests.ConfigurationAPI.Rules.Backend.Builders.ConditionXmlBuilderTests" name="GetXml_WhenConditionIsFailoverActive_MatchesXml" />
    </UnitTest>
    <UnitTest name="Validate_WhenActionIsNotValidForRuleType_Error" storage="d:\actions-runner\_work\xpco\xpco\corporate\videoos.management.server.unittests\bin\x64\debug\net472\videoos.management.server.unittests.dll" id="23f7342b-bcb9-d555-3c56-8f2754f278cc">
      <Execution id="7453f426-009c-4d57-bc96-4ca9a1976883" />
      <TestMethod codeBase="D:\actions-runner\_work\XPCO\XPCO\Corporate\VideoOS.Management.Server.UnitTests\bin\x64\Debug\net472\VideoOS.Management.Server.UnitTests.dll" adapterTypeName="executor://mstestadapter/v2" className="VideoOS.Management.Server.UnitTests.ConfigurationAPI.Rules.Backend.Validation.ActionsValidatorTests" name="Validate_WhenActionIsNotValidForRuleType_Error" />
    </UnitTest>
    <UnitTest name="Build_RecordAlwaysWhenDeviceGroupIdIsEmptyString_PropertiesAdded" storage="d:\actions-runner\_work\xpco\xpco\corporate\videoos.management.server.unittests\bin\x64\debug\net472\videoos.management.server.unittests.dll" id="55253882-7016-87e0-4de9-1f9be395d47c">
      <Execution id="26e67491-3840-4957-842d-28d0e5e18bb8" />
      <TestMethod codeBase="D:\actions-runner\_work\XPCO\XPCO\Corporate\VideoOS.Management.Server.UnitTests\bin\x64\Debug\net472\VideoOS.Management.Server.UnitTests.dll" adapterTypeName="executor://mstestadapter/v2" className="VideoOS.Management.Server.UnitTests.ConfigurationAPI.Rules.Builders.ConfigurationItemBuilderTests" name="Build_RecordAlwaysWhenDeviceGroupIdIsEmptyString_PropertiesAdded" />
    </UnitTest>
    <UnitTest name="SetItem_Properties_EmptyNameTest" storage="d:\actions-runner\_work\xpco\xpco\corporate\videoos.management.server.unittests\bin\x64\debug\net472\videoos.management.server.unittests.dll" id="12b95cd0-d2b6-ddac-f502-701871419bb8">
      <Execution id="7aeb795f-633f-46dd-82cf-3dcdb37a0078" />
      <TestMethod codeBase="D:\actions-runner\_work\XPCO\XPCO\Corporate\VideoOS.Management.Server.UnitTests\bin\x64\Debug\net472\VideoOS.Management.Server.UnitTests.dll" adapterTypeName="executor://mstestadapter/v2" className="VideoOS.Management.Server.UnitTests.ConfigurationAPI.BusinessObjects.AudioMessage.AudioMessageConfigurationApiTest" name="SetItem_Properties_EmptyNameTest" />
    </UnitTest>
    <UnitTest name="ServerProxyService_GetConfigurationDataSetTables_UserDefinedEvents_Allowed_NotFiltered" storage="d:\actions-runner\_work\xpco\xpco\corporate\videoos.management.server.unittests\bin\x64\debug\net472\videoos.management.server.unittests.dll" id="32ed5ddb-2a6a-426e-ec9a-8e013704988d">
      <Execution id="6c092e5f-b878-4743-87de-93b14d3f59c1" />
      <TestMethod codeBase="D:\actions-runner\_work\XPCO\XPCO\Corporate\VideoOS.Management.Server.UnitTests\bin\x64\Debug\net472\VideoOS.Management.Server.UnitTests.dll" adapterTypeName="executor://mstestadapter/v2" className="VideoOS.Management.Server.UnitTests.ServerProxyServiceUnitTests" name="ServerProxyService_GetConfigurationDataSetTables_UserDefinedEvents_Allowed_NotFiltered" />
    </UnitTest>
    <UnitTest name="ConfigurationItemPathBuilder_Create_InvalidPath_ArgumentException" storage="d:\actions-runner\_work\xpco\xpco\corporate\videoos.management.server.unittests\bin\x64\debug\net472\videoos.management.server.unittests.dll" id="9db6bb97-3604-b8fc-5976-8fd38116c854">
      <Execution id="2ec9db12-2fa6-406d-b13d-9fd9229abccf" />
      <TestMethod codeBase="D:\actions-runner\_work\XPCO\XPCO\Corporate\VideoOS.Management.Server.UnitTests\bin\x64\Debug\net472\VideoOS.Management.Server.UnitTests.dll" adapterTypeName="executor://mstestadapter/v2" className="VideoOS.Management.Server.UnitTests.ConfigurationAPI.ConfigurationItemPathBuilderTests" name="ConfigurationItemPathBuilder_Create_InvalidPath_ArgumentException" />
    </UnitTest>
    <UnitTest name="Validate_WhenMonthlyRelativeFrequency_NoParameters_ReturnsError" storage="d:\actions-runner\_work\xpco\xpco\corporate\videoos.management.server.unittests\bin\x64\debug\net472\videoos.management.server.unittests.dll" id="2f34c009-9c89-12a4-c25d-ac6fcdc32252">
      <Execution id="f4402541-8e99-4c6b-86e3-3ad464d5a773" />
      <TestMethod codeBase="D:\actions-runner\_work\XPCO\XPCO\Corporate\VideoOS.Management.Server.UnitTests\bin\x64\Debug\net472\VideoOS.Management.Server.UnitTests.dll" adapterTypeName="executor://mstestadapter/v2" className="VideoOS.Management.Server.UnitTests.ConfigurationAPI.Rules.Backend.Validation.RecurringTimeValidatorTests" name="Validate_WhenMonthlyRelativeFrequency_NoParameters_ReturnsError" />
    </UnitTest>
    <UnitTest name="UpdateSearchTemplate_Public_Allowed" storage="d:\actions-runner\_work\xpco\xpco\corporate\videoos.management.server.unittests\bin\x64\debug\net472\videoos.management.server.unittests.dll" id="29606399-eb04-c2f9-dd35-e4a32eea069f">
      <Execution id="d46fdbf1-97ab-4a44-944f-defdf140ffbe" />
      <TestMethod codeBase="D:\actions-runner\_work\XPCO\XPCO\Corporate\VideoOS.Management.Server.UnitTests\bin\x64\Debug\net472\VideoOS.Management.Server.UnitTests.dll" adapterTypeName="executor://mstestadapter/v2" className="VideoOS.Management.Server.UnitTests.BusinessObjects.ManagementServer.SearchTemplate.SearchTemplateItemTests" name="UpdateSearchTemplate_Public_Allowed" />
    </UnitTest>
    <UnitTest name="GetXml_WhenRuleTypeIsDailyAndOnce_MatchesXml" storage="d:\actions-runner\_work\xpco\xpco\corporate\videoos.management.server.unittests\bin\x64\debug\net472\videoos.management.server.unittests.dll" id="c8650023-1067-791b-dd5c-18d12052608d">
      <Execution id="912033f4-87b1-490e-b5de-75f2fef0af84" />
      <TestMethod codeBase="D:\actions-runner\_work\XPCO\XPCO\Corporate\VideoOS.Management.Server.UnitTests\bin\x64\Debug\net472\VideoOS.Management.Server.UnitTests.dll" adapterTypeName="executor://mstestadapter/v2" className="VideoOS.Management.Server.UnitTests.ConfigurationAPI.Rules.Backend.Builders.RuleTypeXmlBuilderTests" name="GetXml_WhenRuleTypeIsDailyAndOnce_MatchesXml" />
    </UnitTest>
    <UnitTest name="GetChildItems_SearchTemplateFindPath" storage="d:\actions-runner\_work\xpco\xpco\corporate\videoos.management.server.unittests\bin\x64\debug\net472\videoos.management.server.unittests.dll" id="4a80cf60-9014-c0e0-e7d9-378e90e985fb">
      <Execution id="7bc17dd0-c1db-44f0-b7ac-7eb28dd72825" />
      <TestMethod codeBase="D:\actions-runner\_work\XPCO\XPCO\Corporate\VideoOS.Management.Server.UnitTests\bin\x64\Debug\net472\VideoOS.Management.Server.UnitTests.dll" adapterTypeName="executor://mstestadapter/v2" className="VideoOS.Management.Server.UnitTests.ConfigurationAPI.BusinessObjects.SearchTemplate.SearchTemplateConfigurationApiTest" name="GetChildItems_SearchTemplateFindPath" />
    </UnitTest>
    <UnitTest name="Build_WhenRecurringRule_ReturnsActionsValidForRuleType" storage="d:\actions-runner\_work\xpco\xpco\corporate\videoos.management.server.unittests\bin\x64\debug\net472\videoos.management.server.unittests.dll" id="199dee06-78fe-0c51-9c9f-86d6e535c80d">
      <Execution id="113a47e4-1116-4973-b2b3-8249d42acfc2" />
      <TestMethod codeBase="D:\actions-runner\_work\XPCO\XPCO\Corporate\VideoOS.Management.Server.UnitTests\bin\x64\Debug\net472\VideoOS.Management.Server.UnitTests.dll" adapterTypeName="executor://mstestadapter/v2" className="VideoOS.Management.Server.UnitTests.ConfigurationAPI.Rules.Builders.ConfigurationItemActionBuilderTests" name="Build_WhenRecurringRule_ReturnsActionsValidForRuleType" />
    </UnitTest>
    <UnitTest name="Validation_CheckBooleanStringValue_Sonnyday" storage="d:\actions-runner\_work\xpco\xpco\corporate\videoos.management.server.unittests\bin\x64\debug\net472\videoos.management.server.unittests.dll" id="07a0919e-efcd-f739-2536-d850ba62d276">
      <Execution id="f705891b-452a-45a1-829e-955cf7d246f0" />
      <TestMethod codeBase="D:\actions-runner\_work\XPCO\XPCO\Corporate\VideoOS.Management.Server.UnitTests\bin\x64\Debug\net472\VideoOS.Management.Server.UnitTests.dll" adapterTypeName="executor://mstestadapter/v2" className="VideoOS.Management.Server.UnitTests.ValidationUnitTests" name="Validation_CheckBooleanStringValue_Sonnyday" />
    </UnitTest>
    <UnitTest name="GetCurrentProperties_WhenTimerStopRuleHasTime_ReturnsProperties" storage="d:\actions-runner\_work\xpco\xpco\corporate\videoos.management.server.unittests\bin\x64\debug\net472\videoos.management.server.unittests.dll" id="9fbb0cad-ef3b-b25f-b16d-6295bd73e048">
      <Execution id="b9cbbead-790a-491e-80b5-d40e1ca7571b" />
      <TestMethod codeBase="D:\actions-runner\_work\XPCO\XPCO\Corporate\VideoOS.Management.Server.UnitTests\bin\x64\Debug\net472\VideoOS.Management.Server.UnitTests.dll" adapterTypeName="executor://mstestadapter/v2" className="VideoOS.Management.Server.UnitTests.ConfigurationAPI.Rules.Methods.StopRuleTypeStepTests" name="GetCurrentProperties_WhenTimerStopRuleHasTime_ReturnsProperties" />
    </UnitTest>
    <UnitTest name="GetTaskListInJson_UseFolderItem" storage="d:\actions-runner\_work\xpco\xpco\corporate\videoos.management.server.unittests\bin\x64\debug\net472\videoos.management.server.unittests.dll" id="a41d3ffe-7adc-b241-ae12-4e3ac7d2d2ab">
      <Execution id="90036a5a-8991-48e4-b342-1ee512d3dc6f" />
      <TestMethod codeBase="D:\actions-runner\_work\XPCO\XPCO\Corporate\VideoOS.Management.Server.UnitTests\bin\x64\Debug\net472\VideoOS.Management.Server.UnitTests.dll" adapterTypeName="executor://mstestadapter/v2" className="VideoOS.Management.Server.UnitTests.RestApi.ConfigurationApiSubControllerTests" name="GetTaskListInJson_UseFolderItem" />
    </UnitTest>
    <UnitTest name="Validate_WhenExpectedTypeIsNull_ReturnFalse" storage="d:\actions-runner\_work\xpco\xpco\corporate\videoos.management.server.unittests\bin\x64\debug\net472\videoos.management.server.unittests.dll" id="6a510948-67fd-f1d3-8ac0-e7df3c76bbcd">
      <Execution id="7fa0c232-b320-4d33-bfde-93f2cc1e9755" />
      <TestMethod codeBase="D:\actions-runner\_work\XPCO\XPCO\Corporate\VideoOS.Management.Server.UnitTests\bin\x64\Debug\net472\VideoOS.Management.Server.UnitTests.dll" adapterTypeName="executor://mstestadapter/v2" className="VideoOS.Management.Server.UnitTests.ConfigurationAPI.Rules.Backend.Validation.RecordingServerParameterValueValidatorTests" name="Validate_WhenExpectedTypeIsNull_ReturnFalse" />
    </UnitTest>
    <UnitTest name="Given_UrisAreSetupWithFqdn_When_QueryingTheWellKnownUris_Then_ResponseContainsTheUris" storage="d:\actions-runner\_work\xpco\xpco\corporate\videoos.management.server.unittests\bin\x64\debug\net472\videoos.management.server.unittests.dll" id="809710c4-5be3-4ff2-4766-eb5e38f5d666">
      <Execution id="e274fc29-9dd4-47b1-bd04-880c8a7d9308" />
      <TestMethod codeBase="D:\actions-runner\_work\XPCO\XPCO\Corporate\VideoOS.Management.Server.UnitTests\bin\x64\Debug\net472\VideoOS.Management.Server.UnitTests.dll" adapterTypeName="executor://mstestadapter/v2" className="VideoOS.Management.Server.UnitTests.RestApi.WellKnownUrisControllerTest" name="Given_UrisAreSetupWithFqdn_When_QueryingTheWellKnownUris_Then_ResponseContainsTheUris" />
    </UnitTest>
    <UnitTest name="ConfigurationItemPath_Create_ItemPathInvalidSid_ArgumentException" storage="d:\actions-runner\_work\xpco\xpco\corporate\videoos.management.server.unittests\bin\x64\debug\net472\videoos.management.server.unittests.dll" id="26a86aad-7aff-7240-954b-534f16ebf0dd">
      <Execution id="2dedccd1-9645-4517-bc54-1cd0a465752e" />
      <TestMethod codeBase="D:\actions-runner\_work\XPCO\XPCO\Corporate\VideoOS.Management.Server.UnitTests\bin\x64\Debug\net472\VideoOS.Management.Server.UnitTests.dll" adapterTypeName="executor://mstestadapter/v2" className="VideoOS.Management.Server.UnitTests.ConfigurationAPI.ConfigurationItemPathTests" name="ConfigurationItemPath_Create_ItemPathInvalidSid_ArgumentException" />
    </UnitTest>
    <UnitTest name="MergeMotionDetectionSettings_ExcludeRegions_Dimension_Differs_ArgumentException_Expected" storage="d:\actions-runner\_work\xpco\xpco\corporate\videoos.management.server.unittests\bin\x64\debug\net472\videoos.management.server.unittests.dll" id="a57c1701-9b7e-6369-4fc0-433915b02091">
      <Execution id="a17d6ff3-df02-4aee-b7b1-e2563aded7b2" />
      <TestMethod codeBase="D:\actions-runner\_work\XPCO\XPCO\Corporate\VideoOS.Management.Server.UnitTests\bin\x64\Debug\net472\VideoOS.Management.Server.UnitTests.dll" adapterTypeName="executor://mstestadapter/v2" className="VideoOS.Management.Server.UnitTests.BusinessObjects.DeviceMotionDetectionUnitTests" name="MergeMotionDetectionSettings_ExcludeRegions_Dimension_Differs_ArgumentException_Expected" />
    </UnitTest>
    <UnitTest name="IncorrectParamaterChecks" storage="d:\actions-runner\_work\xpco\xpco\corporate\videoos.management.server.unittests\bin\x64\debug\net472\videoos.management.server.unittests.dll" id="2b6fe144-0ba4-184f-5800-2dfcbffc132d">
      <Execution id="8494f0a1-cecb-4f0e-9072-48cc124063d3" />
      <TestMethod codeBase="D:\actions-runner\_work\XPCO\XPCO\Corporate\VideoOS.Management.Server.UnitTests\bin\x64\Debug\net472\VideoOS.Management.Server.UnitTests.dll" adapterTypeName="executor://mstestadapter/v2" className="VideoOS.Management.Server.UnitTests.RestApi.NameConvertTests" name="IncorrectParamaterChecks" />
    </UnitTest>
    <UnitTest name="Validation_MotionDetectionMethod_Value_Is_Not_Defined_ArgumentOutOfExceptionExpected" storage="d:\actions-runner\_work\xpco\xpco\corporate\videoos.management.server.unittests\bin\x64\debug\net472\videoos.management.server.unittests.dll" id="05a8de02-4bbc-0f27-19d6-d4a4533916a7">
      <Execution id="c9ab788f-825d-47e4-81f2-9dd47ad268bc" />
      <TestMethod codeBase="D:\actions-runner\_work\XPCO\XPCO\Corporate\VideoOS.Management.Server.UnitTests\bin\x64\Debug\net472\VideoOS.Management.Server.UnitTests.dll" adapterTypeName="executor://mstestadapter/v2" className="VideoOS.Management.Server.UnitTests.ValidationUnitTests" name="Validation_MotionDetectionMethod_Value_Is_Not_Defined_ArgumentOutOfExceptionExpected" />
    </UnitTest>
    <UnitTest name="ServerProxyService_GetConfigurationDataSetTables_PatrollingProfiles_Allowed_NotFiltered" storage="d:\actions-runner\_work\xpco\xpco\corporate\videoos.management.server.unittests\bin\x64\debug\net472\videoos.management.server.unittests.dll" id="0d457e7d-dbe0-d567-504c-4aba537c4129">
      <Execution id="3b26aa6f-c2f5-43c7-8342-b87896791e2e" />
      <TestMethod codeBase="D:\actions-runner\_work\XPCO\XPCO\Corporate\VideoOS.Management.Server.UnitTests\bin\x64\Debug\net472\VideoOS.Management.Server.UnitTests.dll" adapterTypeName="executor://mstestadapter/v2" className="VideoOS.Management.Server.UnitTests.ServerProxyServiceUnitTests" name="ServerProxyService_GetConfigurationDataSetTables_PatrollingProfiles_Allowed_NotFiltered" />
    </UnitTest>
    <UnitTest name="GetCurrentProperties_WhenOutsideTimeProfileIsSet_ReturnsProperties" storage="d:\actions-runner\_work\xpco\xpco\corporate\videoos.management.server.unittests\bin\x64\debug\net472\videoos.management.server.unittests.dll" id="fcb27736-5f9a-13e6-344f-8ca54e840c38">
      <Execution id="835b72fd-91f8-4e55-a9fe-01af2bace1ac" />
      <TestMethod codeBase="D:\actions-runner\_work\XPCO\XPCO\Corporate\VideoOS.Management.Server.UnitTests\bin\x64\Debug\net472\VideoOS.Management.Server.UnitTests.dll" adapterTypeName="executor://mstestadapter/v2" className="VideoOS.Management.Server.UnitTests.ConfigurationAPI.Rules.Methods.StartConditionsStepTest" name="GetCurrentProperties_WhenOutsideTimeProfileIsSet_ReturnsProperties" />
    </UnitTest>
    <UnitTest name="Validate_WhenObjectExists_ReturnsTrue" storage="d:\actions-runner\_work\xpco\xpco\corporate\videoos.management.server.unittests\bin\x64\debug\net472\videoos.management.server.unittests.dll" id="7ecfae81-185b-2ca4-b89e-2003905bceef">
      <Execution id="fc1d2a1c-5d9d-4e88-a04f-3e11ab1813ed" />
      <TestMethod codeBase="D:\actions-runner\_work\XPCO\XPCO\Corporate\VideoOS.Management.Server.UnitTests\bin\x64\Debug\net472\VideoOS.Management.Server.UnitTests.dll" adapterTypeName="executor://mstestadapter/v2" className="VideoOS.Management.Server.UnitTests.ConfigurationAPI.Rules.Backend.Validation.ValueValidators.TimeProfileValueValidatorTests" name="Validate_WhenObjectExists_ReturnsTrue" />
    </UnitTest>
    <UnitTest name="Build_WhenStopRuleTypeIsRecurringTime_NoPropertiesAreSet" storage="d:\actions-runner\_work\xpco\xpco\corporate\videoos.management.server.unittests\bin\x64\debug\net472\videoos.management.server.unittests.dll" id="4d4780b8-b3cb-3369-8476-89de1e7eb83b">
      <Execution id="b9aab337-2d1a-4fa8-81a2-f0b560017b57" />
      <TestMethod codeBase="D:\actions-runner\_work\XPCO\XPCO\Corporate\VideoOS.Management.Server.UnitTests\bin\x64\Debug\net472\VideoOS.Management.Server.UnitTests.dll" adapterTypeName="executor://mstestadapter/v2" className="VideoOS.Management.Server.UnitTests.ConfigurationAPI.Rules.Builders.ConfigurationItemBuilderTests" name="Build_WhenStopRuleTypeIsRecurringTime_NoPropertiesAreSet" />
    </UnitTest>
    <UnitTest name="StorageDiskInformation_IsAvailable_OnNoError10000InXml" storage="d:\actions-runner\_work\xpco\xpco\corporate\videoos.management.server.unittests\bin\x64\debug\net472\videoos.management.server.unittests.dll" id="c7fd37ea-607e-7c45-f829-050a3da13c2b">
      <TestCategory>
        <TestCategoryItem TestCategory="Storage" />
      </TestCategory>
      <Execution id="86677801-942b-4f9b-8c00-5b4d71941083" />
      <TestMethod codeBase="D:\actions-runner\_work\XPCO\XPCO\Corporate\VideoOS.Management.Server.UnitTests\bin\x64\Debug\net472\VideoOS.Management.Server.UnitTests.dll" adapterTypeName="executor://mstestadapter/v2" className="VideoOS.Management.Server.UnitTests.BusinessObjects.StorageInformationTests" name="StorageDiskInformation_IsAvailable_OnNoError10000InXml" />
    </UnitTest>
    <UnitTest name="TaskAddHardwareSecurityProvider_ValidatePermissions" storage="d:\actions-runner\_work\xpco\xpco\corporate\videoos.management.server.unittests\bin\x64\debug\net472\videoos.management.server.unittests.dll" id="808fda95-622e-6a68-fe60-d71d7e3aee1d">
      <Execution id="c4b0276c-70df-4b45-b9c5-1f97b04e991e" />
      <TestMethod codeBase="D:\actions-runner\_work\XPCO\XPCO\Corporate\VideoOS.Management.Server.UnitTests\bin\x64\Debug\net472\VideoOS.Management.Server.UnitTests.dll" adapterTypeName="executor://mstestadapter/v2" className="VideoOS.Management.Server.UnitTests.Security.TaskSecurityProvicerTest" name="TaskAddHardwareSecurityProvider_ValidatePermissions" />
    </UnitTest>
    <UnitTest name="Build_WhenActionIsRetrieveEdgeStorageTimeOrMetadata_ReturnsRuleModel" storage="d:\actions-runner\_work\xpco\xpco\corporate\videoos.management.server.unittests\bin\x64\debug\net472\videoos.management.server.unittests.dll" id="08857934-6efc-d5f9-f0a3-04838ca25643">
      <Execution id="dc4ee21a-dff4-46f3-8f3c-0976e64c01b7" />
      <TestMethod codeBase="D:\actions-runner\_work\XPCO\XPCO\Corporate\VideoOS.Management.Server.UnitTests\bin\x64\Debug\net472\VideoOS.Management.Server.UnitTests.dll" adapterTypeName="executor://mstestadapter/v2" className="VideoOS.Management.Server.UnitTests.ConfigurationAPI.Rules.Backend.Builders.XmlRuleModelBuilderTests" name="Build_WhenActionIsRetrieveEdgeStorageTimeOrMetadata_ReturnsRuleModel" />
    </UnitTest>
    <UnitTest name="RoleMappingOnRole1NoChanges" storage="d:\actions-runner\_work\xpco\xpco\corporate\videoos.management.server.unittests\bin\x64\debug\net472\videoos.management.server.unittests.dll" id="6c2f92a1-087b-d19d-f031-377da7231c31">
      <Execution id="5befc736-63f9-4803-abe8-3aa5ebf58e40" />
      <TestMethod codeBase="D:\actions-runner\_work\XPCO\XPCO\Corporate\VideoOS.Management.Server.UnitTests\bin\x64\Debug\net472\VideoOS.Management.Server.UnitTests.dll" adapterTypeName="executor://mstestadapter/v2" className="VideoOS.Management.Server.UnitTests.ClaimToRoleMapperTest" name="RoleMappingOnRole1NoChanges" />
    </UnitTest>
    <UnitTest name="SendCommandSecurityVisitor_ActivateUserDefinedEventOnRemoteSiteCommand_NotSupportedException" storage="d:\actions-runner\_work\xpco\xpco\corporate\videoos.management.server.unittests\bin\x64\debug\net472\videoos.management.server.unittests.dll" id="532849c8-4d01-2b58-766a-b2f52783b85f">
      <Execution id="fb2eeb82-941a-4996-b826-16c3078659da" />
      <TestMethod codeBase="D:\actions-runner\_work\XPCO\XPCO\Corporate\VideoOS.Management.Server.UnitTests\bin\x64\Debug\net472\VideoOS.Management.Server.UnitTests.dll" adapterTypeName="executor://mstestadapter/v2" className="VideoOS.Management.Server.UnitTests.SendCommandSecurityVisitorTests" name="SendCommandSecurityVisitor_ActivateUserDefinedEventOnRemoteSiteCommand_NotSupportedException" />
    </UnitTest>
    <UnitTest name="GetTaskListInJson_GetTasksForParentResource" storage="d:\actions-runner\_work\xpco\xpco\corporate\videoos.management.server.unittests\bin\x64\debug\net472\videoos.management.server.unittests.dll" id="95cf24fd-e71b-fe4c-7541-8a27c8863857">
      <Execution id="c1c4e55a-c10d-4edc-ae22-5f8c0cee59e0" />
      <TestMethod codeBase="D:\actions-runner\_work\XPCO\XPCO\Corporate\VideoOS.Management.Server.UnitTests\bin\x64\Debug\net472\VideoOS.Management.Server.UnitTests.dll" adapterTypeName="executor://mstestadapter/v2" className="VideoOS.Management.Server.UnitTests.RestApi.ConfigurationApiSubControllerTests" name="GetTaskListInJson_GetTasksForParentResource" />
    </UnitTest>
    <UnitTest name="Build_WhenMultipleActions_ReturnsRuleModelWithCorrectActions" storage="d:\actions-runner\_work\xpco\xpco\corporate\videoos.management.server.unittests\bin\x64\debug\net472\videoos.management.server.unittests.dll" id="e0622919-1327-4eeb-954b-801d5ad63708">
      <Execution id="0e50b07a-58d2-4003-931c-f5106930cdf6" />
      <TestMethod codeBase="D:\actions-runner\_work\XPCO\XPCO\Corporate\VideoOS.Management.Server.UnitTests\bin\x64\Debug\net472\VideoOS.Management.Server.UnitTests.dll" adapterTypeName="executor://mstestadapter/v2" className="VideoOS.Management.Server.UnitTests.ConfigurationAPI.Rules.Backend.Builders.XmlRuleModelBuilderTests" name="Build_WhenMultipleActions_ReturnsRuleModelWithCorrectActions" />
    </UnitTest>
    <UnitTest name="Authorize_ThowsArgumentNullException_OnNullAsContext" storage="d:\actions-runner\_work\xpco\xpco\corporate\videoos.management.server.unittests\bin\x64\debug\net472\videoos.management.server.unittests.dll" id="165f6c38-9e84-fc0d-2e7b-2c914467d30b">
      <TestCategory>
        <TestCategoryItem TestCategory="DualAuthorization" />
      </TestCategory>
      <Execution id="5913b15e-1de5-454b-9bee-b75637944f97" />
      <TestMethod codeBase="D:\actions-runner\_work\XPCO\XPCO\Corporate\VideoOS.Management.Server.UnitTests\bin\x64\Debug\net472\VideoOS.Management.Server.UnitTests.dll" adapterTypeName="executor://mstestadapter/v2" className="VideoOS.Management.Server.UnitTests.DualAuthorizationHandlingTests" name="Authorize_ThowsArgumentNullException_OnNullAsContext" />
    </UnitTest>
    <UnitTest name="GetChildItems_WhenPathIsFolder_ReturnsMatchListItems" storage="d:\actions-runner\_work\xpco\xpco\corporate\videoos.management.server.unittests\bin\x64\debug\net472\videoos.management.server.unittests.dll" id="7342274d-8d18-1d74-ed71-a9bece8ae2cc">
      <Execution id="a91985c8-4dfa-4d5d-9b58-ed23e2b2d6ef" />
      <TestMethod codeBase="D:\actions-runner\_work\XPCO\XPCO\Corporate\VideoOS.Management.Server.UnitTests\bin\x64\Debug\net472\VideoOS.Management.Server.UnitTests.dll" adapterTypeName="executor://mstestadapter/v2" className="VideoOS.Management.Server.UnitTests.ConfigurationAPI.LprMatchList.ConfigurationApiServiceTests" name="GetChildItems_WhenPathIsFolder_ReturnsMatchListItems" />
    </UnitTest>
    <UnitTest name="ServerProxyService_GetHardwareByHardwareIds_Allowed_NotFiltered" storage="d:\actions-runner\_work\xpco\xpco\corporate\videoos.management.server.unittests\bin\x64\debug\net472\videoos.management.server.unittests.dll" id="15c6f30d-3fc3-240b-a3d4-de819bb440a5">
      <Execution id="141110f2-2b6f-470a-b495-c81eb7c8ae8f" />
      <TestMethod codeBase="D:\actions-runner\_work\XPCO\XPCO\Corporate\VideoOS.Management.Server.UnitTests\bin\x64\Debug\net472\VideoOS.Management.Server.UnitTests.dll" adapterTypeName="executor://mstestadapter/v2" className="VideoOS.Management.Server.UnitTests.ServerProxyServiceUnitTests" name="ServerProxyService_GetHardwareByHardwareIds_Allowed_NotFiltered" />
    </UnitTest>
    <UnitTest name="GetItemType_WhenInvalidMonitor_ReturnsNull" storage="d:\actions-runner\_work\xpco\xpco\corporate\videoos.management.server.unittests\bin\x64\debug\net472\videoos.management.server.unittests.dll" id="14df55ed-c3c0-2499-4340-7ea83ed79fb7">
      <Execution id="aef71fbb-6c65-41cb-a145-7c0c7242c1b5" />
      <TestMethod codeBase="D:\actions-runner\_work\XPCO\XPCO\Corporate\VideoOS.Management.Server.UnitTests\bin\x64\Debug\net472\VideoOS.Management.Server.UnitTests.dll" adapterTypeName="executor://mstestadapter/v2" className="VideoOS.Management.Server.UnitTests.ConfigurationAPI.Rules.Backend.Validation.MonitorParameterValueValidatorTests" name="GetItemType_WhenInvalidMonitor_ReturnsNull" />
    </UnitTest>
    <UnitTest name="GetItem_LicenseInformation_SunnyDay" storage="d:\actions-runner\_work\xpco\xpco\corporate\videoos.management.server.unittests\bin\x64\debug\net472\videoos.management.server.unittests.dll" id="b2093072-64b0-57a7-7d6c-913c2cc54cc7">
      <Execution id="3862c908-3c00-445c-a785-7d3ce7e824de" />
      <TestMethod codeBase="D:\actions-runner\_work\XPCO\XPCO\Corporate\VideoOS.Management.Server.UnitTests\bin\x64\Debug\net472\VideoOS.Management.Server.UnitTests.dll" adapterTypeName="executor://mstestadapter/v2" className="VideoOS.Management.Server.UnitTests.ConfigurationAPI.BusinessObjects.LicenseConfigurationApiTests" name="GetItem_LicenseInformation_SunnyDay" />
    </UnitTest>
    <UnitTest name="IsComplete_WhenTimeBetweenButNoStartAndEndTimePropertiesSet_ReturnsFalse" storage="d:\actions-runner\_work\xpco\xpco\corporate\videoos.management.server.unittests\bin\x64\debug\net472\videoos.management.server.unittests.dll" id="75ff8b89-c29d-1f26-495a-fd8df9337b05">
      <Execution id="9033cbdc-169f-407a-8cb4-b5bf5c5de527" />
      <TestMethod codeBase="D:\actions-runner\_work\XPCO\XPCO\Corporate\VideoOS.Management.Server.UnitTests\bin\x64\Debug\net472\VideoOS.Management.Server.UnitTests.dll" adapterTypeName="executor://mstestadapter/v2" className="VideoOS.Management.Server.UnitTests.ConfigurationAPI.Rules.Methods.StartConditionsStepTest" name="IsComplete_WhenTimeBetweenButNoStartAndEndTimePropertiesSet_ReturnsFalse" />
    </UnitTest>
    <UnitTest name="Validate_WhenSubdayTypeRecurring_SubdayEndTimeIsNegative_ReturnsError" storage="d:\actions-runner\_work\xpco\xpco\corporate\videoos.management.server.unittests\bin\x64\debug\net472\videoos.management.server.unittests.dll" id="8e1def9b-fab2-a95f-0171-79d68ba749d6">
      <Execution id="5871d59f-6551-41b2-a7fa-94131bf6f2cc" />
      <TestMethod codeBase="D:\actions-runner\_work\XPCO\XPCO\Corporate\VideoOS.Management.Server.UnitTests\bin\x64\Debug\net472\VideoOS.Management.Server.UnitTests.dll" adapterTypeName="executor://mstestadapter/v2" className="VideoOS.Management.Server.UnitTests.ConfigurationAPI.Rules.Backend.Validation.RecurringTimeValidatorTests" name="Validate_WhenSubdayTypeRecurring_SubdayEndTimeIsNegative_ReturnsError" />
    </UnitTest>
    <UnitTest name="TryParseConditions_WhenWithinWindowCondition_ReturnsTrue" storage="d:\actions-runner\_work\xpco\xpco\corporate\videoos.management.server.unittests\bin\x64\debug\net472\videoos.management.server.unittests.dll" id="d4798351-077d-b782-9092-0f21cfe76c61">
      <Execution id="4c21aea1-df6b-4063-825e-fee680ebe91a" />
      <TestMethod codeBase="D:\actions-runner\_work\XPCO\XPCO\Corporate\VideoOS.Management.Server.UnitTests\bin\x64\Debug\net472\VideoOS.Management.Server.UnitTests.dll" adapterTypeName="executor://mstestadapter/v2" className="VideoOS.Management.Server.UnitTests.ConfigurationAPI.Rules.Backend.Builders.ConditionsParserTests" name="TryParseConditions_WhenWithinWindowCondition_ReturnsTrue" />
    </UnitTest>
    <UnitTest name="Validate_WhenObjectExists_ReturnsTrue" storage="d:\actions-runner\_work\xpco\xpco\corporate\videoos.management.server.unittests\bin\x64\debug\net472\videoos.management.server.unittests.dll" id="10d5b32f-f098-cb64-d23d-9feed9003466">
      <Execution id="3a42428b-55c7-4bc9-b8b6-2c0cbd2b0dd8" />
      <TestMethod codeBase="D:\actions-runner\_work\XPCO\XPCO\Corporate\VideoOS.Management.Server.UnitTests\bin\x64\Debug\net472\VideoOS.Management.Server.UnitTests.dll" adapterTypeName="executor://mstestadapter/v2" className="VideoOS.Management.Server.UnitTests.ConfigurationAPI.Rules.Backend.Validation.HardwareParameterValueValidatorTests" name="Validate_WhenObjectExists_ReturnsTrue" />
    </UnitTest>
    <UnitTest name="SendCommandSecurityVisitor_UpdateConfigurationManagerCommand_Camera_Edit_Allowed" storage="d:\actions-runner\_work\xpco\xpco\corporate\videoos.management.server.unittests\bin\x64\debug\net472\videoos.management.server.unittests.dll" id="275674ea-eb4b-b02b-4691-f485c2ecb704">
      <Execution id="d273b9ba-12b9-4d5c-89af-fe3e8b957711" />
      <TestMethod codeBase="D:\actions-runner\_work\XPCO\XPCO\Corporate\VideoOS.Management.Server.UnitTests\bin\x64\Debug\net472\VideoOS.Management.Server.UnitTests.dll" adapterTypeName="executor://mstestadapter/v2" className="VideoOS.Management.Server.UnitTests.SendCommandSecurityVisitorTests" name="SendCommandSecurityVisitor_UpdateConfigurationManagerCommand_Camera_Edit_Allowed" />
    </UnitTest>
    <UnitTest name="AfterReceiveRequest_AuthenticationReturnsTrue_MessagePropertyIsSetTrue" storage="d:\actions-runner\_work\xpco\xpco\corporate\videoos.management.server.unittests\bin\x64\debug\net472\videoos.management.server.unittests.dll" id="7500c41a-cbfa-d7d0-ec17-1f051314e108">
      <Execution id="89a2f7cc-c8e5-40b9-bf3f-fab3e593f036" />
      <TestMethod codeBase="D:\actions-runner\_work\XPCO\XPCO\Corporate\VideoOS.Management.Server.UnitTests\bin\x64\Debug\net472\VideoOS.Management.Server.UnitTests.dll" adapterTypeName="executor://mstestadapter/v2" className="VideoOS.Management.Server.UnitTests.BasicAuthentication.BasicAuthenticationMessageInspectorTests" name="AfterReceiveRequest_AuthenticationReturnsTrue_MessagePropertyIsSetTrue" />
    </UnitTest>
    <UnitTest name="GetCurrentProperties_WhenBasicPropertiesHaveValue_ReturnsProperties" storage="d:\actions-runner\_work\xpco\xpco\corporate\videoos.management.server.unittests\bin\x64\debug\net472\videoos.management.server.unittests.dll" id="938b6be5-8d2d-a802-af00-028bc9595f49">
      <Execution id="021cc18c-0a88-4824-a532-547802770a8e" />
      <TestMethod codeBase="D:\actions-runner\_work\XPCO\XPCO\Corporate\VideoOS.Management.Server.UnitTests\bin\x64\Debug\net472\VideoOS.Management.Server.UnitTests.dll" adapterTypeName="executor://mstestadapter/v2" className="VideoOS.Management.Server.UnitTests.ConfigurationAPI.Rules.Methods.BasicInfoStepTests" name="GetCurrentProperties_WhenBasicPropertiesHaveValue_ReturnsProperties" />
    </UnitTest>
    <UnitTest name="Validate_WhenCustomGuidValidatorReturnsInvalidResultBasedOnAllowedMIPKinds_Error" storage="d:\actions-runner\_work\xpco\xpco\corporate\videoos.management.server.unittests\bin\x64\debug\net472\videoos.management.server.unittests.dll" id="2b16c2e0-1a44-68dd-8de3-426224b5e806">
      <Execution id="3ad91886-b6d4-4ea7-9366-f81eda28713e" />
      <TestMethod codeBase="D:\actions-runner\_work\XPCO\XPCO\Corporate\VideoOS.Management.Server.UnitTests\bin\x64\Debug\net472\VideoOS.Management.Server.UnitTests.dll" adapterTypeName="executor://mstestadapter/v2" className="VideoOS.Management.Server.UnitTests.ConfigurationAPI.Rules.Backend.Validation.RuleParametersValidatorTests" name="Validate_WhenCustomGuidValidatorReturnsInvalidResultBasedOnAllowedMIPKinds_Error" />
    </UnitTest>
    <UnitTest name="ServerProxyService_GetDeviceGroupMembersByDeviceGroupId_AllCameras_Allowed_NotFiltered" storage="d:\actions-runner\_work\xpco\xpco\corporate\videoos.management.server.unittests\bin\x64\debug\net472\videoos.management.server.unittests.dll" id="b8c8b08d-a39d-0d4a-41c8-e2a85d8d8ba6">
      <Execution id="f34abbbb-8cba-4e1c-a171-7731ab9095ce" />
      <TestMethod codeBase="D:\actions-runner\_work\XPCO\XPCO\Corporate\VideoOS.Management.Server.UnitTests\bin\x64\Debug\net472\VideoOS.Management.Server.UnitTests.dll" adapterTypeName="executor://mstestadapter/v2" className="VideoOS.Management.Server.UnitTests.ServerProxyServiceUnitTests" name="ServerProxyService_GetDeviceGroupMembersByDeviceGroupId_AllCameras_Allowed_NotFiltered" />
    </UnitTest>
    <UnitTest name="SendCommandSecurityVisitor_UpdateConfigurationManagerCommand_License_Edit_Allowed" storage="d:\actions-runner\_work\xpco\xpco\corporate\videoos.management.server.unittests\bin\x64\debug\net472\videoos.management.server.unittests.dll" id="e6b0840a-402a-f173-1148-6a4a8d392546">
      <Execution id="dfee6087-11b4-48d0-a320-f0f1df45c84a" />
      <TestMethod codeBase="D:\actions-runner\_work\XPCO\XPCO\Corporate\VideoOS.Management.Server.UnitTests\bin\x64\Debug\net472\VideoOS.Management.Server.UnitTests.dll" adapterTypeName="executor://mstestadapter/v2" className="VideoOS.Management.Server.UnitTests.SendCommandSecurityVisitorTests" name="SendCommandSecurityVisitor_UpdateConfigurationManagerCommand_License_Edit_Allowed" />
    </UnitTest>
    <UnitTest name="Validate_WhenValueIsNotValid_ReturnsFalse" storage="d:\actions-runner\_work\xpco\xpco\corporate\videoos.management.server.unittests\bin\x64\debug\net472\videoos.management.server.unittests.dll" id="61e44c5b-e9e0-18c4-3c69-2a2c6d751694">
      <Execution id="2063784e-feba-4dda-ad1b-375c4ba0b88d" />
      <TestMethod codeBase="D:\actions-runner\_work\XPCO\XPCO\Corporate\VideoOS.Management.Server.UnitTests\bin\x64\Debug\net472\VideoOS.Management.Server.UnitTests.dll" adapterTypeName="executor://mstestadapter/v2" className="VideoOS.Management.Server.UnitTests.ConfigurationAPI.Rules.Backend.Validation.MessageTextParameterValueValidatorTests" name="Validate_WhenValueIsNotValid_ReturnsFalse" />
    </UnitTest>
    <UnitTest name="Validate_WhenDblValueOutOfRange_Error" storage="d:\actions-runner\_work\xpco\xpco\corporate\videoos.management.server.unittests\bin\x64\debug\net472\videoos.management.server.unittests.dll" id="6b261f0b-9e21-482c-421a-a43090a83f00">
      <Execution id="4a12d0f0-5083-49b9-8ed7-8ae086fae1ee" />
      <TestMethod codeBase="D:\actions-runner\_work\XPCO\XPCO\Corporate\VideoOS.Management.Server.UnitTests\bin\x64\Debug\net472\VideoOS.Management.Server.UnitTests.dll" adapterTypeName="executor://mstestadapter/v2" className="VideoOS.Management.Server.UnitTests.ConfigurationAPI.Rules.Backend.Validation.RuleParametersValidatorTests" name="Validate_WhenDblValueOutOfRange_Error" />
    </UnitTest>
    <UnitTest name="Build_RetrieveEdgeStorage_WhenParametersAreSet_ReturnsActionModel" storage="d:\actions-runner\_work\xpco\xpco\corporate\videoos.management.server.unittests\bin\x64\debug\net472\videoos.management.server.unittests.dll" id="228a7a8c-4760-869d-eb3f-c32814461998">
      <Execution id="4e17bbab-08dd-4074-9723-fd6247a2c8e9" />
      <TestMethod codeBase="D:\actions-runner\_work\XPCO\XPCO\Corporate\VideoOS.Management.Server.UnitTests\bin\x64\Debug\net472\VideoOS.Management.Server.UnitTests.dll" adapterTypeName="executor://mstestadapter/v2" className="VideoOS.Management.Server.UnitTests.ConfigurationAPI.Rules.Builders.RuleModelActionsBuilderTests" name="Build_RetrieveEdgeStorage_WhenParametersAreSet_ReturnsActionModel" />
    </UnitTest>
    <UnitTest name="Link_SunnyDay_Test" storage="d:\actions-runner\_work\xpco\xpco\corporate\videoos.management.server.unittests\bin\x64\debug\net472\videoos.management.server.unittests.dll" id="bb196570-563e-2bf5-d7e5-7a1297e1b021">
      <Execution id="70b64884-b24d-4e9a-adfd-26f1ca018925" />
      <TestMethod codeBase="D:\actions-runner\_work\XPCO\XPCO\Corporate\VideoOS.Management.Server.UnitTests\bin\x64\Debug\net472\VideoOS.Management.Server.UnitTests.dll" adapterTypeName="executor://mstestadapter/v2" className="VideoOS.Management.Server.UnitTests.RestApi.LinkTests" name="Link_SunnyDay_Test" />
    </UnitTest>
    <UnitTest name="ConstructSqlSelect_WrongKey" storage="d:\actions-runner\_work\xpco\xpco\corporate\videoos.management.server.unittests\bin\x64\debug\net472\videoos.management.server.unittests.dll" id="9edb5615-bcec-b243-62c3-a5611ae6d638">
      <Execution id="18fea8ed-f1f0-49da-84a3-3d399b1e2d4a" />
      <TestMethod codeBase="D:\actions-runner\_work\XPCO\XPCO\Corporate\VideoOS.Management.Server.UnitTests\bin\x64\Debug\net472\VideoOS.Management.Server.UnitTests.dll" adapterTypeName="executor://mstestadapter/v2" className="VideoOS.Management.Server.UnitTests.ConfigurationAPI.Converters.SqlQueryFormatterTests" name="ConstructSqlSelect_WrongKey" />
    </UnitTest>
    <UnitTest name="DeviceTypeLookup_QueryDeviceTypeFromDeviceId_Cache_Success" storage="d:\actions-runner\_work\xpco\xpco\corporate\videoos.management.server.unittests\bin\x64\debug\net472\videoos.management.server.unittests.dll" id="f9d3f7b9-4e43-3442-e9bd-5497d3ea9a9d">
      <Execution id="fe504218-60dd-4c5f-be08-01062fc7240f" />
      <TestMethod codeBase="D:\actions-runner\_work\XPCO\XPCO\Corporate\VideoOS.Management.Server.UnitTests\bin\x64\Debug\net472\VideoOS.Management.Server.UnitTests.dll" adapterTypeName="executor://mstestadapter/v2" className="VideoOS.Management.Server.UnitTests.DeviceTypeLookupUnitTests" name="DeviceTypeLookup_QueryDeviceTypeFromDeviceId_Cache_Success" />
    </UnitTest>
    <UnitTest name="Validate_WhenRequiredValueButEmptyOrNullArrayProvided_Error" storage="d:\actions-runner\_work\xpco\xpco\corporate\videoos.management.server.unittests\bin\x64\debug\net472\videoos.management.server.unittests.dll" id="91c2f5a3-d5a6-df0d-3f16-87a7ff4f770d">
      <Execution id="499f440c-1acf-4edf-bdfb-274bc71346bd" />
      <TestMethod codeBase="D:\actions-runner\_work\XPCO\XPCO\Corporate\VideoOS.Management.Server.UnitTests\bin\x64\Debug\net472\VideoOS.Management.Server.UnitTests.dll" adapterTypeName="executor://mstestadapter/v2" className="VideoOS.Management.Server.UnitTests.ConfigurationAPI.Rules.Backend.Validation.RuleParametersValidatorTests" name="Validate_WhenRequiredValueButEmptyOrNullArrayProvided_Error" />
    </UnitTest>
    <UnitTest name="ErrorModel_SunnyDay_Test_WithConfigApiPath_AndVMOCode" storage="d:\actions-runner\_work\xpco\xpco\corporate\videoos.management.server.unittests\bin\x64\debug\net472\videoos.management.server.unittests.dll" id="04bc9823-e42c-d3db-3544-f5e541fb3368">
      <Execution id="5151b69f-713e-470d-b0ee-40d20418eb82" />
      <TestMethod codeBase="D:\actions-runner\_work\XPCO\XPCO\Corporate\VideoOS.Management.Server.UnitTests\bin\x64\Debug\net472\VideoOS.Management.Server.UnitTests.dll" adapterTypeName="executor://mstestadapter/v2" className="VideoOS.Management.Server.UnitTests.RestApi.ErrorModelTests" name="ErrorModel_SunnyDay_Test_WithConfigApiPath_AndVMOCode" />
    </UnitTest>
    <UnitTest name="InvokeMethod_ParamCheck_MethodIdNotOnConfigTest" storage="d:\actions-runner\_work\xpco\xpco\corporate\videoos.management.server.unittests\bin\x64\debug\net472\videoos.management.server.unittests.dll" id="e5304998-c1d3-ab33-caf1-f1c4f22bd532">
      <Execution id="05c2cb7c-23bf-4b03-a28f-a49e0ad60365" />
      <TestMethod codeBase="D:\actions-runner\_work\XPCO\XPCO\Corporate\VideoOS.Management.Server.UnitTests\bin\x64\Debug\net472\VideoOS.Management.Server.UnitTests.dll" adapterTypeName="executor://mstestadapter/v2" className="VideoOS.Management.Server.UnitTests.ConfigurationAPI.BusinessObjects.AudioMessage.AudioMessageFolderConfigurationApiTest" name="InvokeMethod_ParamCheck_MethodIdNotOnConfigTest" />
    </UnitTest>
    <UnitTest name="ConstructSqlSelect_SunnyDay_DateTimeGreaterThan" storage="d:\actions-runner\_work\xpco\xpco\corporate\videoos.management.server.unittests\bin\x64\debug\net472\videoos.management.server.unittests.dll" id="130ead1c-0b06-6515-8b29-830fe2011385">
      <Execution id="46a3b9de-bf79-4e83-ad6b-7052c9c00a09" />
      <TestMethod codeBase="D:\actions-runner\_work\XPCO\XPCO\Corporate\VideoOS.Management.Server.UnitTests\bin\x64\Debug\net472\VideoOS.Management.Server.UnitTests.dll" adapterTypeName="executor://mstestadapter/v2" className="VideoOS.Management.Server.UnitTests.ConfigurationAPI.Converters.SqlQueryFormatterTests" name="ConstructSqlSelect_SunnyDay_DateTimeGreaterThan" />
    </UnitTest>
    <UnitTest name="SendCommandSecurityVisitor_HardwareScanCommand_Allowed" storage="d:\actions-runner\_work\xpco\xpco\corporate\videoos.management.server.unittests\bin\x64\debug\net472\videoos.management.server.unittests.dll" id="fb4cec5c-cb89-ffc5-1460-d6d14ac1ebbe">
      <Execution id="adbfcc43-acb4-4af9-a211-561bfc839e0a" />
      <TestMethod codeBase="D:\actions-runner\_work\XPCO\XPCO\Corporate\VideoOS.Management.Server.UnitTests\bin\x64\Debug\net472\VideoOS.Management.Server.UnitTests.dll" adapterTypeName="executor://mstestadapter/v2" className="VideoOS.Management.Server.UnitTests.SendCommandSecurityVisitorTests" name="SendCommandSecurityVisitor_HardwareScanCommand_Allowed" />
    </UnitTest>
    <UnitTest name="Validate_WhenSiteParameterNotPresent_ReturnsFalse" storage="d:\actions-runner\_work\xpco\xpco\corporate\videoos.management.server.unittests\bin\x64\debug\net472\videoos.management.server.unittests.dll" id="625ac6d3-c14b-6efd-871e-408b4e46b249">
      <Execution id="d3910e32-8c75-4db4-8676-30bf2bac26c5" />
      <TestMethod codeBase="D:\actions-runner\_work\XPCO\XPCO\Corporate\VideoOS.Management.Server.UnitTests\bin\x64\Debug\net472\VideoOS.Management.Server.UnitTests.dll" adapterTypeName="executor://mstestadapter/v2" className="VideoOS.Management.Server.UnitTests.ConfigurationAPI.Rules.Backend.Validation.UserDefinedEventValueValidatorTests" name="Validate_WhenSiteParameterNotPresent_ReturnsFalse" />
    </UnitTest>
    <UnitTest name="IsComplete_WhenRuleTypeIsEvent_EventRuleTypePropertiesSet_ReturnsTrue" storage="d:\actions-runner\_work\xpco\xpco\corporate\videoos.management.server.unittests\bin\x64\debug\net472\videoos.management.server.unittests.dll" id="6d482fd0-c8a4-6fe0-0c16-5363473c39ab">
      <Execution id="bcf6f716-3999-41e4-8da6-6db03cce21c6" />
      <TestMethod codeBase="D:\actions-runner\_work\XPCO\XPCO\Corporate\VideoOS.Management.Server.UnitTests\bin\x64\Debug\net472\VideoOS.Management.Server.UnitTests.dll" adapterTypeName="executor://mstestadapter/v2" className="VideoOS.Management.Server.UnitTests.ConfigurationAPI.Rules.Methods.StopRuleTypeStepTests" name="IsComplete_WhenRuleTypeIsEvent_EventRuleTypePropertiesSet_ReturnsTrue" />
    </UnitTest>
    <UnitTest name="UpdateSearchTemplate_PrivateOnly" storage="d:\actions-runner\_work\xpco\xpco\corporate\videoos.management.server.unittests\bin\x64\debug\net472\videoos.management.server.unittests.dll" id="1e950dba-0751-779d-ad43-ba33f07b7ec4">
      <Execution id="74c3aeda-240b-43cf-9860-a82919478678" />
      <TestMethod codeBase="D:\actions-runner\_work\XPCO\XPCO\Corporate\VideoOS.Management.Server.UnitTests\bin\x64\Debug\net472\VideoOS.Management.Server.UnitTests.dll" adapterTypeName="executor://mstestadapter/v2" className="VideoOS.Management.Server.UnitTests.BusinessObjects.ManagementServer.SearchTemplate.SearchTemplateItemTests" name="UpdateSearchTemplate_PrivateOnly" />
    </UnitTest>
    <UnitTest name="ErrorHelper_CreateValidateResult_ArgumentNullException_PropertyNoFound_Null" storage="d:\actions-runner\_work\xpco\xpco\corporate\videoos.management.server.unittests\bin\x64\debug\net472\videoos.management.server.unittests.dll" id="9418f6ac-ff69-6394-e65f-2670af49ee22">
      <Execution id="55ef4117-1cf7-48de-896e-508f9d6aca15" />
      <TestMethod codeBase="D:\actions-runner\_work\XPCO\XPCO\Corporate\VideoOS.Management.Server.UnitTests\bin\x64\Debug\net472\VideoOS.Management.Server.UnitTests.dll" adapterTypeName="executor://mstestadapter/v2" className="VideoOS.Management.Server.UnitTests.ConfigurationAPI.ErrorHelperTests" name="ErrorHelper_CreateValidateResult_ArgumentNullException_PropertyNoFound_Null" />
    </UnitTest>
    <UnitTest name="Validate_WhenMonthlyFrequency_NoParameters_ReturnsError" storage="d:\actions-runner\_work\xpco\xpco\corporate\videoos.management.server.unittests\bin\x64\debug\net472\videoos.management.server.unittests.dll" id="d7c6a4d5-957f-76cf-567f-a89cad52ab40">
      <Execution id="96b2f640-4364-49e9-b531-1c35b6be7b5a" />
      <TestMethod codeBase="D:\actions-runner\_work\XPCO\XPCO\Corporate\VideoOS.Management.Server.UnitTests\bin\x64\Debug\net472\VideoOS.Management.Server.UnitTests.dll" adapterTypeName="executor://mstestadapter/v2" className="VideoOS.Management.Server.UnitTests.ConfigurationAPI.Rules.Backend.Validation.RecurringTimeValidatorTests" name="Validate_WhenMonthlyFrequency_NoParameters_ReturnsError" />
    </UnitTest>
    <UnitTest name="Validate_WhenValidItemType_GetsResultFromFiltersValidator" storage="d:\actions-runner\_work\xpco\xpco\corporate\videoos.management.server.unittests\bin\x64\debug\net472\videoos.management.server.unittests.dll" id="e59d8e7c-2a3a-f00d-451e-d7b205a6d9a6">
      <Execution id="ec74714e-3d92-4ad3-bf75-21ce3ad989ac" />
      <TestMethod codeBase="D:\actions-runner\_work\XPCO\XPCO\Corporate\VideoOS.Management.Server.UnitTests\bin\x64\Debug\net472\VideoOS.Management.Server.UnitTests.dll" adapterTypeName="executor://mstestadapter/v2" className="VideoOS.Management.Server.UnitTests.ConfigurationAPI.Rules.Backend.Validation.DeviceParameterValueValidatorTests" name="Validate_WhenValidItemType_GetsResultFromFiltersValidator" />
    </UnitTest>
    <UnitTest name="RetentionTimeConfigurationProvider_ReturnsEnabledRule_ReturnsForecastData" storage="d:\actions-runner\_work\xpco\xpco\corporate\videoos.management.server.unittests\bin\x64\debug\net472\videoos.management.server.unittests.dll" id="91e6e514-011a-613f-6b0a-9b1fada052c1">
      <Execution id="d862a0c0-fb99-4538-ad06-24b87a1f092e" />
      <TestMethod codeBase="D:\actions-runner\_work\XPCO\XPCO\Corporate\VideoOS.Management.Server.UnitTests\bin\x64\Debug\net472\VideoOS.Management.Server.UnitTests.dll" adapterTypeName="executor://mstestadapter/v2" className="VideoOS.Management.Server.UnitTests.BusinessObjects.ManagementServer.DataCollection.PerformanceCounterRules.RetentionTimeConfigurationProviderTest" name="RetentionTimeConfigurationProvider_ReturnsEnabledRule_ReturnsForecastData" />
    </UnitTest>
    <UnitTest name="MergeMotionDetectionSettings_MotionDetectionSettings_Comparison_Success" storage="d:\actions-runner\_work\xpco\xpco\corporate\videoos.management.server.unittests\bin\x64\debug\net472\videoos.management.server.unittests.dll" id="05bc2ec5-004d-78a7-237b-55b976386f31">
      <Execution id="f4f295ae-65b3-4876-9900-0eb7e1400dd7" />
      <TestMethod codeBase="D:\actions-runner\_work\XPCO\XPCO\Corporate\VideoOS.Management.Server.UnitTests\bin\x64\Debug\net472\VideoOS.Management.Server.UnitTests.dll" adapterTypeName="executor://mstestadapter/v2" className="VideoOS.Management.Server.UnitTests.BusinessObjects.DeviceMotionDetectionUnitTests" name="MergeMotionDetectionSettings_MotionDetectionSettings_Comparison_Success" />
    </UnitTest>
    <UnitTest name="IsComplete_WhenStartRuleIsTimer_ThrowsException" storage="d:\actions-runner\_work\xpco\xpco\corporate\videoos.management.server.unittests\bin\x64\debug\net472\videoos.management.server.unittests.dll" id="bbce1514-43f8-fb04-a2f9-cf56ba4eb603">
      <Execution id="c811b33a-37e3-4739-a6d0-d1833e2491f4" />
      <TestMethod codeBase="D:\actions-runner\_work\XPCO\XPCO\Corporate\VideoOS.Management.Server.UnitTests\bin\x64\Debug\net472\VideoOS.Management.Server.UnitTests.dll" adapterTypeName="executor://mstestadapter/v2" className="VideoOS.Management.Server.UnitTests.ConfigurationAPI.Rules.Methods.StartRuleTypeStepTests" name="IsComplete_WhenStartRuleIsTimer_ThrowsException" />
    </UnitTest>
    <UnitTest name="SetItem_ParamNullCheck_RequestContext" storage="d:\actions-runner\_work\xpco\xpco\corporate\videoos.management.server.unittests\bin\x64\debug\net472\videoos.management.server.unittests.dll" id="63de641c-36bd-a6a3-eafd-fe6bec01b91a">
      <Execution id="2655f9fb-518f-4b1f-8d56-41e4a6089db6" />
      <TestMethod codeBase="D:\actions-runner\_work\XPCO\XPCO\Corporate\VideoOS.Management.Server.UnitTests\bin\x64\Debug\net472\VideoOS.Management.Server.UnitTests.dll" adapterTypeName="executor://mstestadapter/v2" className="VideoOS.Management.Server.UnitTests.ConfigurationAPI.BusinessObjects.SearchTemplate.SearchTemplateConfigurationApiTest" name="SetItem_ParamNullCheck_RequestContext" />
    </UnitTest>
    <UnitTest name="GetItem_SaveSearches_UnknownId" storage="d:\actions-runner\_work\xpco\xpco\corporate\videoos.management.server.unittests\bin\x64\debug\net472\videoos.management.server.unittests.dll" id="69d6390c-e199-bae2-39a7-1d41cfb57ebe">
      <Execution id="2c168cfc-a355-4e92-9a54-a30f49cf2976" />
      <TestMethod codeBase="D:\actions-runner\_work\XPCO\XPCO\Corporate\VideoOS.Management.Server.UnitTests\bin\x64\Debug\net472\VideoOS.Management.Server.UnitTests.dll" adapterTypeName="executor://mstestadapter/v2" className="VideoOS.Management.Server.UnitTests.ConfigurationAPI.BusinessObjects.SearchTemplate.SearchTemplateConfigurationApiTest" name="GetItem_SaveSearches_UnknownId" />
    </UnitTest>
    <UnitTest name="DevicePosition_ToString_SupportAllMethods" storage="d:\actions-runner\_work\xpco\xpco\corporate\videoos.management.server.unittests\bin\x64\debug\net472\videoos.management.server.unittests.dll" id="3694510a-b76a-c558-e7ef-970bfa070f32">
      <Execution id="34ec5ab3-803b-404c-b27b-87232ef182d7" />
      <TestMethod codeBase="D:\actions-runner\_work\XPCO\XPCO\Corporate\VideoOS.Management.Server.UnitTests\bin\x64\Debug\net472\VideoOS.Management.Server.UnitTests.dll" adapterTypeName="executor://mstestadapter/v2" className="VideoOS.Management.Server.UnitTests.WebApiConvertUnitTests" name="DevicePosition_ToString_SupportAllMethods" />
    </UnitTest>
    <UnitTest name="Build_WhenActionHasCounterAction_CorrectlyCopiesValuesFromStartToStopAction" storage="d:\actions-runner\_work\xpco\xpco\corporate\videoos.management.server.unittests\bin\x64\debug\net472\videoos.management.server.unittests.dll" id="7c9b8ca1-055f-946f-8887-ec28d1c971a1">
      <Execution id="c5a6fd5b-b1a5-4bae-9615-ccaa99437109" />
      <TestMethod codeBase="D:\actions-runner\_work\XPCO\XPCO\Corporate\VideoOS.Management.Server.UnitTests\bin\x64\Debug\net472\VideoOS.Management.Server.UnitTests.dll" adapterTypeName="executor://mstestadapter/v2" className="VideoOS.Management.Server.UnitTests.ConfigurationAPI.Rules.Builders.RuleModelBuilderTests" name="Build_WhenActionHasCounterAction_CorrectlyCopiesValuesFromStartToStopAction" />
    </UnitTest>
    <UnitTest name="DevicePtzPresets_QueryPtzPresets_Success" storage="d:\actions-runner\_work\xpco\xpco\corporate\videoos.management.server.unittests\bin\x64\debug\net472\videoos.management.server.unittests.dll" id="00231f2e-aa34-00d0-0b9a-d110010a46a2">
      <Execution id="117e2cac-451d-44cb-8176-07e5099d33b6" />
      <TestMethod codeBase="D:\actions-runner\_work\XPCO\XPCO\Corporate\VideoOS.Management.Server.UnitTests\bin\x64\Debug\net472\VideoOS.Management.Server.UnitTests.dll" adapterTypeName="executor://mstestadapter/v2" className="VideoOS.Management.Server.UnitTests.BusinessObjects.DevicePtzPresetsUnitTests" name="DevicePtzPresets_QueryPtzPresets_Success" />
    </UnitTest>
    <UnitTest name="DevicePtzPresets_QueryPtzPresets_PresetNotEnabled_DevicePtzPresetsNotSupportedException" storage="d:\actions-runner\_work\xpco\xpco\corporate\videoos.management.server.unittests\bin\x64\debug\net472\videoos.management.server.unittests.dll" id="8bf072cf-4a3a-d7dd-38df-1cc60ce1f892">
      <Execution id="13f37a76-b8e2-4439-88c2-b7d0b14c3093" />
      <TestMethod codeBase="D:\actions-runner\_work\XPCO\XPCO\Corporate\VideoOS.Management.Server.UnitTests\bin\x64\Debug\net472\VideoOS.Management.Server.UnitTests.dll" adapterTypeName="executor://mstestadapter/v2" className="VideoOS.Management.Server.UnitTests.BusinessObjects.DevicePtzPresetsUnitTests" name="DevicePtzPresets_QueryPtzPresets_PresetNotEnabled_DevicePtzPresetsNotSupportedException" />
    </UnitTest>
    <UnitTest name="InvokeMethod_RemoveAudioFile_SunnyDayTest" storage="d:\actions-runner\_work\xpco\xpco\corporate\videoos.management.server.unittests\bin\x64\debug\net472\videoos.management.server.unittests.dll" id="73ec8605-7ef4-4f0c-b83d-f416b12f752c">
      <Execution id="a83412c5-5d74-43e7-bf20-338df10c06d2" />
      <TestMethod codeBase="D:\actions-runner\_work\XPCO\XPCO\Corporate\VideoOS.Management.Server.UnitTests\bin\x64\Debug\net472\VideoOS.Management.Server.UnitTests.dll" adapterTypeName="executor://mstestadapter/v2" className="VideoOS.Management.Server.UnitTests.ConfigurationAPI.BusinessObjects.AudioMessage.AudioMessageFolderConfigurationApiTest" name="InvokeMethod_RemoveAudioFile_SunnyDayTest" />
    </UnitTest>
    <UnitTest name="GetChildItems_ParamNullCheck_PathTest" storage="d:\actions-runner\_work\xpco\xpco\corporate\videoos.management.server.unittests\bin\x64\debug\net472\videoos.management.server.unittests.dll" id="29dacc87-51d0-f14f-e405-0664c2188b60">
      <Execution id="718290e2-b743-431e-bc39-f58d4e8bb44e" />
      <TestMethod codeBase="D:\actions-runner\_work\XPCO\XPCO\Corporate\VideoOS.Management.Server.UnitTests\bin\x64\Debug\net472\VideoOS.Management.Server.UnitTests.dll" adapterTypeName="executor://mstestadapter/v2" className="VideoOS.Management.Server.UnitTests.ConfigurationAPI.BusinessObjects.BasicOwnerInformationConfigurationApiTests" name="GetChildItems_ParamNullCheck_PathTest" />
    </UnitTest>
    <UnitTest name="SystemSettingsManager_CheckSetPermissions_NonExisting" storage="d:\actions-runner\_work\xpco\xpco\corporate\videoos.management.server.unittests\bin\x64\debug\net472\videoos.management.server.unittests.dll" id="1089b6dc-96e9-f741-61ef-1d7d60da6fc7">
      <Execution id="88579a5c-9d76-4759-ac14-8dd7b002c8cf" />
      <TestMethod codeBase="D:\actions-runner\_work\XPCO\XPCO\Corporate\VideoOS.Management.Server.UnitTests\bin\x64\Debug\net472\VideoOS.Management.Server.UnitTests.dll" adapterTypeName="executor://mstestadapter/v2" className="VideoOS.Management.Server.UnitTests.SystemSettingsManagerTests" name="SystemSettingsManager_CheckSetPermissions_NonExisting" />
    </UnitTest>
    <UnitTest name="QuerySearchTemplate_Public_NotAllowed" storage="d:\actions-runner\_work\xpco\xpco\corporate\videoos.management.server.unittests\bin\x64\debug\net472\videoos.management.server.unittests.dll" id="928e42de-dbb2-69cd-372e-762f9a53192c">
      <Execution id="03f00b93-62a8-467c-ad48-ee70f840ac61" />
      <TestMethod codeBase="D:\actions-runner\_work\XPCO\XPCO\Corporate\VideoOS.Management.Server.UnitTests\bin\x64\Debug\net472\VideoOS.Management.Server.UnitTests.dll" adapterTypeName="executor://mstestadapter/v2" className="VideoOS.Management.Server.UnitTests.BusinessObjects.ManagementServer.SearchTemplate.SearchTemplateItemTests" name="QuerySearchTemplate_Public_NotAllowed" />
    </UnitTest>
    <UnitTest name="SendCommandSecurityVisitor_UpdateConfigurationManagerCommand_License_Delete_Allowed" storage="d:\actions-runner\_work\xpco\xpco\corporate\videoos.management.server.unittests\bin\x64\debug\net472\videoos.management.server.unittests.dll" id="e9d24ea9-07e0-b1a7-6a3d-6ba570043426">
      <Execution id="885ff79a-4c12-4640-9c57-c527ca9318ca" />
      <TestMethod codeBase="D:\actions-runner\_work\XPCO\XPCO\Corporate\VideoOS.Management.Server.UnitTests\bin\x64\Debug\net472\VideoOS.Management.Server.UnitTests.dll" adapterTypeName="executor://mstestadapter/v2" className="VideoOS.Management.Server.UnitTests.SendCommandSecurityVisitorTests" name="SendCommandSecurityVisitor_UpdateConfigurationManagerCommand_License_Delete_Allowed" />
    </UnitTest>
    <UnitTest name="GetChildItems_SunnyDayTest_Address" storage="d:\actions-runner\_work\xpco\xpco\corporate\videoos.management.server.unittests\bin\x64\debug\net472\videoos.management.server.unittests.dll" id="db7fe035-20ab-7a95-c8a3-fb634f31c4b2">
      <Execution id="f81a17e2-35a6-4ea0-983c-b60fe6b3a473" />
      <TestMethod codeBase="D:\actions-runner\_work\XPCO\XPCO\Corporate\VideoOS.Management.Server.UnitTests\bin\x64\Debug\net472\VideoOS.Management.Server.UnitTests.dll" adapterTypeName="executor://mstestadapter/v2" className="VideoOS.Management.Server.UnitTests.ConfigurationAPI.BusinessObjects.SiteConfigurationApiTest" name="GetChildItems_SunnyDayTest_Address" />
    </UnitTest>
    <UnitTest name="StringToArray_SplitsAndUnescapes" storage="d:\actions-runner\_work\xpco\xpco\corporate\videoos.management.server.unittests\bin\x64\debug\net472\videoos.management.server.unittests.dll" id="2a2729e6-c4d2-07e5-74ea-c5267bf5d66f">
      <Execution id="f3bb2213-ea08-4af0-822a-81c31ef3f85c" />
      <TestMethod codeBase="D:\actions-runner\_work\XPCO\XPCO\Corporate\VideoOS.Management.Server.UnitTests\bin\x64\Debug\net472\VideoOS.Management.Server.UnitTests.dll" adapterTypeName="executor://mstestadapter/v2" className="VideoOS.Management.Server.UnitTests.ConfigurationAPI.Converters.StringCollectionConverterTests" name="StringToArray_SplitsAndUnescapes" />
    </UnitTest>
    <UnitTest name="Build_WhenRecurringRuleType_WeeklyRecurring_PropertiesAreSet" storage="d:\actions-runner\_work\xpco\xpco\corporate\videoos.management.server.unittests\bin\x64\debug\net472\videoos.management.server.unittests.dll" id="b9e04af2-4a42-d70e-fbc6-23b023d661a0">
      <Execution id="61ca4495-9a8d-41da-af23-92149f66a1a7" />
      <TestMethod codeBase="D:\actions-runner\_work\XPCO\XPCO\Corporate\VideoOS.Management.Server.UnitTests\bin\x64\Debug\net472\VideoOS.Management.Server.UnitTests.dll" adapterTypeName="executor://mstestadapter/v2" className="VideoOS.Management.Server.UnitTests.ConfigurationAPI.Rules.Builders.ConfigurationItemBuilderTests" name="Build_WhenRecurringRuleType_WeeklyRecurring_PropertiesAreSet" />
    </UnitTest>
    <UnitTest name="InvokeMethod_ParamNullCheck_ParentPathTest" storage="d:\actions-runner\_work\xpco\xpco\corporate\videoos.management.server.unittests\bin\x64\debug\net472\videoos.management.server.unittests.dll" id="a97b688a-b418-9b85-110e-573b31f42e7b">
      <Execution id="a224c509-7b20-43b8-9236-f244c750ec60" />
      <TestMethod codeBase="D:\actions-runner\_work\XPCO\XPCO\Corporate\VideoOS.Management.Server.UnitTests\bin\x64\Debug\net472\VideoOS.Management.Server.UnitTests.dll" adapterTypeName="executor://mstestadapter/v2" className="VideoOS.Management.Server.UnitTests.ConfigurationAPI.BusinessObjects.AudioMessage.AudioMessageFolderConfigurationApiTest" name="InvokeMethod_ParamNullCheck_ParentPathTest" />
    </UnitTest>
    <UnitTest name="SetItem_ParamNullCheck_ParentPathTest" storage="d:\actions-runner\_work\xpco\xpco\corporate\videoos.management.server.unittests\bin\x64\debug\net472\videoos.management.server.unittests.dll" id="0edad4b9-43b0-264d-cd81-71a24da1dddd">
      <Execution id="ebe43770-cdcf-44b9-a05a-f4c107786e42" />
      <TestMethod codeBase="D:\actions-runner\_work\XPCO\XPCO\Corporate\VideoOS.Management.Server.UnitTests\bin\x64\Debug\net472\VideoOS.Management.Server.UnitTests.dll" adapterTypeName="executor://mstestadapter/v2" className="VideoOS.Management.Server.UnitTests.ConfigurationAPI.BusinessObjects.AudioMessage.AudioMessageConfigurationApiTest" name="SetItem_ParamNullCheck_ParentPathTest" />
    </UnitTest>
    <UnitTest name="GetItem_SunnyDay_Child" storage="d:\actions-runner\_work\xpco\xpco\corporate\videoos.management.server.unittests\bin\x64\debug\net472\videoos.management.server.unittests.dll" id="85b74715-8755-e581-34c6-86c92c716088">
      <Execution id="adab6c17-34cf-4454-9a97-f18c67425643" />
      <TestMethod codeBase="D:\actions-runner\_work\XPCO\XPCO\Corporate\VideoOS.Management.Server.UnitTests\bin\x64\Debug\net472\VideoOS.Management.Server.UnitTests.dll" adapterTypeName="executor://mstestadapter/v2" className="VideoOS.Management.Server.UnitTests.ConfigurationAPI.BusinessObjects.SiteConfigurationApiTest" name="GetItem_SunnyDay_Child" />
    </UnitTest>
    <UnitTest name="Validate_WhenWrongKind_ReturnsFalse" storage="d:\actions-runner\_work\xpco\xpco\corporate\videoos.management.server.unittests\bin\x64\debug\net472\videoos.management.server.unittests.dll" id="372f352a-208e-82aa-b65e-dc45cce955b7">
      <Execution id="66d607cd-3ac6-4cda-9ebf-a3d41d0952c4" />
      <TestMethod codeBase="D:\actions-runner\_work\XPCO\XPCO\Corporate\VideoOS.Management.Server.UnitTests\bin\x64\Debug\net472\VideoOS.Management.Server.UnitTests.dll" adapterTypeName="executor://mstestadapter/v2" className="VideoOS.Management.Server.UnitTests.ConfigurationAPI.Rules.Backend.Validation.ValueValidators.TimeProfileValueValidatorTests" name="Validate_WhenWrongKind_ReturnsFalse" />
    </UnitTest>
    <UnitTest name="DataCollectorRegisteredServicesResolver_Constructor_Success" storage="d:\actions-runner\_work\xpco\xpco\corporate\videoos.management.server.unittests\bin\x64\debug\net472\videoos.management.server.unittests.dll" id="5905a400-1fa8-2d7b-4c8d-1735652c27f8">
      <Execution id="3bafb3e2-6089-4b38-b7db-113957acfd15" />
      <TestMethod codeBase="D:\actions-runner\_work\XPCO\XPCO\Corporate\VideoOS.Management.Server.UnitTests\bin\x64\Debug\net472\VideoOS.Management.Server.UnitTests.dll" adapterTypeName="executor://mstestadapter/v2" className="VideoOS.Management.Server.DataCollectorRegisteredServicesResolverTest" name="DataCollectorRegisteredServicesResolver_Constructor_Success" />
    </UnitTest>
    <UnitTest name="SendCommandSecurityVisitor_ReplaceHardwareUpdateSystemConfigurationCommand_NotSupportedException" storage="d:\actions-runner\_work\xpco\xpco\corporate\videoos.management.server.unittests\bin\x64\debug\net472\videoos.management.server.unittests.dll" id="4eb14b6c-cc58-d036-389a-31bd18d3f884">
      <Execution id="9fc2e524-d64e-43af-b12a-6018f2cf0dfb" />
      <TestMethod codeBase="D:\actions-runner\_work\XPCO\XPCO\Corporate\VideoOS.Management.Server.UnitTests\bin\x64\Debug\net472\VideoOS.Management.Server.UnitTests.dll" adapterTypeName="executor://mstestadapter/v2" className="VideoOS.Management.Server.UnitTests.SendCommandSecurityVisitorTests" name="SendCommandSecurityVisitor_ReplaceHardwareUpdateSystemConfigurationCommand_NotSupportedException" />
    </UnitTest>
    <UnitTest name="IsComplete_WhenRuleTypeIsNone_ReturnsFalse" storage="d:\actions-runner\_work\xpco\xpco\corporate\videoos.management.server.unittests\bin\x64\debug\net472\videoos.management.server.unittests.dll" id="c51b3078-6e6f-69cd-7488-a837ab254938">
      <Execution id="2ce2232e-16cc-433b-831f-b9c1d5663a4e" />
      <TestMethod codeBase="D:\actions-runner\_work\XPCO\XPCO\Corporate\VideoOS.Management.Server.UnitTests\bin\x64\Debug\net472\VideoOS.Management.Server.UnitTests.dll" adapterTypeName="executor://mstestadapter/v2" className="VideoOS.Management.Server.UnitTests.ConfigurationAPI.Rules.Methods.StartRuleTypeStepTests" name="IsComplete_WhenRuleTypeIsNone_ReturnsFalse" />
    </UnitTest>
    <UnitTest name="Validate_WhenEventSourcePtzAndPtzFilterSet_Passes" storage="d:\actions-runner\_work\xpco\xpco\corporate\videoos.management.server.unittests\bin\x64\debug\net472\videoos.management.server.unittests.dll" id="7ebb38ee-7066-bf66-04ee-9abbe13d7cee">
      <Execution id="3b8002a9-ea16-43c3-9b28-775567375d22" />
      <TestMethod codeBase="D:\actions-runner\_work\XPCO\XPCO\Corporate\VideoOS.Management.Server.UnitTests\bin\x64\Debug\net472\VideoOS.Management.Server.UnitTests.dll" adapterTypeName="executor://mstestadapter/v2" className="VideoOS.Management.Server.UnitTests.ConfigurationAPI.Rules.Backend.Validation.ValidatorIntegrationTests" name="Validate_WhenEventSourcePtzAndPtzFilterSet_Passes" />
    </UnitTest>
    <UnitTest name="GetInternalUnitPath_WhenFirstTime_ProvidesInfo" storage="d:\actions-runner\_work\xpco\xpco\corporate\videoos.management.server.unittests\bin\x64\debug\net472\videoos.management.server.unittests.dll" id="23b3689e-7ba7-1260-9b0c-74dc5f870329">
      <Execution id="ce911bb2-6bd5-4351-bb4a-aa90394bcf05" />
      <TestMethod codeBase="D:\actions-runner\_work\XPCO\XPCO\Corporate\VideoOS.Management.Server.UnitTests\bin\x64\Debug\net472\VideoOS.Management.Server.UnitTests.dll" adapterTypeName="executor://mstestadapter/v2" className="VideoOS.Management.Server.UnitTests.ConfigurationAPI.BusinessObjects.AccessControl.GetInternalUnitPathTests" name="GetInternalUnitPath_WhenFirstTime_ProvidesInfo" />
    </UnitTest>
    <UnitTest name="Build_WhenDayOfWeekCondition_DayOfWeekPropertiesAreSet" storage="d:\actions-runner\_work\xpco\xpco\corporate\videoos.management.server.unittests\bin\x64\debug\net472\videoos.management.server.unittests.dll" id="8a266bf4-3dfb-d89f-ebdc-b2d18f9518c6">
      <Execution id="57c042be-a0ea-4b5c-ae04-e3151cc575be" />
      <TestMethod codeBase="D:\actions-runner\_work\XPCO\XPCO\Corporate\VideoOS.Management.Server.UnitTests\bin\x64\Debug\net472\VideoOS.Management.Server.UnitTests.dll" adapterTypeName="executor://mstestadapter/v2" className="VideoOS.Management.Server.UnitTests.ConfigurationAPI.Rules.Builders.ConfigurationItemConditionsBuilderTests" name="Build_WhenDayOfWeekCondition_DayOfWeekPropertiesAreSet" />
    </UnitTest>
    <UnitTest name="DeleteSearchTemplate_ParamNullCheck_RequestContext" storage="d:\actions-runner\_work\xpco\xpco\corporate\videoos.management.server.unittests\bin\x64\debug\net472\videoos.management.server.unittests.dll" id="c6a9f784-7d34-731d-42e9-4cdb8539dc7a">
      <Execution id="d233cf53-09c7-47d9-8722-4ea5a486f3f5" />
      <TestMethod codeBase="D:\actions-runner\_work\XPCO\XPCO\Corporate\VideoOS.Management.Server.UnitTests\bin\x64\Debug\net472\VideoOS.Management.Server.UnitTests.dll" adapterTypeName="executor://mstestadapter/v2" className="VideoOS.Management.Server.UnitTests.BusinessObjects.ManagementServer.SearchTemplate.SearchTemplateItemTests" name="DeleteSearchTemplate_ParamNullCheck_RequestContext" />
    </UnitTest>
    <UnitTest name="SendCommandSecurityVisitor_UpdateConfigurationManagerCommand_Input_Delete_NoSecurityCheck" storage="d:\actions-runner\_work\xpco\xpco\corporate\videoos.management.server.unittests\bin\x64\debug\net472\videoos.management.server.unittests.dll" id="9d35d995-e72b-54e6-89c8-760b8a03a606">
      <Execution id="e3f9fafb-0582-4f55-95d7-aa939bfee340" />
      <TestMethod codeBase="D:\actions-runner\_work\XPCO\XPCO\Corporate\VideoOS.Management.Server.UnitTests\bin\x64\Debug\net472\VideoOS.Management.Server.UnitTests.dll" adapterTypeName="executor://mstestadapter/v2" className="VideoOS.Management.Server.UnitTests.SendCommandSecurityVisitorTests" name="SendCommandSecurityVisitor_UpdateConfigurationManagerCommand_Input_Delete_NoSecurityCheck" />
    </UnitTest>
    <UnitTest name="Build_WhenEventRuleGroupSource_GotoPreset" storage="d:\actions-runner\_work\xpco\xpco\corporate\videoos.management.server.unittests\bin\x64\debug\net472\videoos.management.server.unittests.dll" id="c911589c-88c9-a83a-6be2-5a526d07259b">
      <Execution id="60465c81-69b0-44fe-bcd6-a2eb924b7db3" />
      <TestMethod codeBase="D:\actions-runner\_work\XPCO\XPCO\Corporate\VideoOS.Management.Server.UnitTests\bin\x64\Debug\net472\VideoOS.Management.Server.UnitTests.dll" adapterTypeName="executor://mstestadapter/v2" className="VideoOS.Management.Server.UnitTests.ConfigurationAPI.Rules.Builders.RuleModelBuilderTests" name="Build_WhenEventRuleGroupSource_GotoPreset" />
    </UnitTest>
    <UnitTest name="Delete_ItemPath" storage="d:\actions-runner\_work\xpco\xpco\corporate\videoos.management.server.unittests\bin\x64\debug\net472\videoos.management.server.unittests.dll" id="fd76eb5a-beac-b7f0-6a5d-ed23819208b8">
      <Execution id="4aee3674-3088-4f7e-8538-cc805e601321" />
      <TestMethod codeBase="D:\actions-runner\_work\XPCO\XPCO\Corporate\VideoOS.Management.Server.UnitTests\bin\x64\Debug\net472\VideoOS.Management.Server.UnitTests.dll" adapterTypeName="executor://mstestadapter/v2" className="VideoOS.Management.Server.UnitTests.RestApi.ConfigurationApiSubControllerTests" name="Delete_ItemPath" />
    </UnitTest>
    <UnitTest name="SpecialCases_Format_BuildGroupFolderPath_Correct" storage="d:\actions-runner\_work\xpco\xpco\corporate\videoos.management.server.unittests\bin\x64\debug\net472\videoos.management.server.unittests.dll" id="13e86210-2580-3d0d-1358-707bf13d9f0b">
      <Execution id="06f87d09-d150-4f81-b9c6-16309f41fff2" />
      <TestMethod codeBase="D:\actions-runner\_work\XPCO\XPCO\Corporate\VideoOS.Management.Server.UnitTests\bin\x64\Debug\net472\VideoOS.Management.Server.UnitTests.dll" adapterTypeName="executor://mstestadapter/v2" className="VideoOS.Management.Server.UnitTests.RestApi.SpecialCasesTests" name="SpecialCases_Format_BuildGroupFolderPath_Correct" />
    </UnitTest>
    <UnitTest name="SendCommandSecurityVisitor_UpdateConfigurationManagerCommand_TimeProfile_Delete_Allowed" storage="d:\actions-runner\_work\xpco\xpco\corporate\videoos.management.server.unittests\bin\x64\debug\net472\videoos.management.server.unittests.dll" id="f53de284-49aa-4a80-60ab-eefd16a69ba9">
      <Execution id="ad2b5ba5-0d63-4d0e-80a9-f55b1907db67" />
      <TestMethod codeBase="D:\actions-runner\_work\XPCO\XPCO\Corporate\VideoOS.Management.Server.UnitTests\bin\x64\Debug\net472\VideoOS.Management.Server.UnitTests.dll" adapterTypeName="executor://mstestadapter/v2" className="VideoOS.Management.Server.UnitTests.SendCommandSecurityVisitorTests" name="SendCommandSecurityVisitor_UpdateConfigurationManagerCommand_TimeProfile_Delete_Allowed" />
    </UnitTest>
    <UnitTest name="GetCurrentProperties_AllPropertiesPresentWithValues_ReturnsListWithAllProperties" storage="d:\actions-runner\_work\xpco\xpco\corporate\videoos.management.server.unittests\bin\x64\debug\net472\videoos.management.server.unittests.dll" id="0bcad0f4-24fa-e401-7178-25ffc1ea5202">
      <Execution id="259b5ba9-ce7b-46ac-bbfd-7bdd74bcd6b3" />
      <TestMethod codeBase="D:\actions-runner\_work\XPCO\XPCO\Corporate\VideoOS.Management.Server.UnitTests\bin\x64\Debug\net472\VideoOS.Management.Server.UnitTests.dll" adapterTypeName="executor://mstestadapter/v2" className="VideoOS.Management.Server.UnitTests.ConfigurationAPI.Rules.Methods.StopActionsStepTests" name="GetCurrentProperties_AllPropertiesPresentWithValues_ReturnsListWithAllProperties" />
    </UnitTest>
    <UnitTest name="QuerySearchTemplate_ParamNullCheck_RequestContext" storage="d:\actions-runner\_work\xpco\xpco\corporate\videoos.management.server.unittests\bin\x64\debug\net472\videoos.management.server.unittests.dll" id="6fd4a7dd-6c3c-37d3-ba53-e927fba5edff">
      <Execution id="6d40a2b9-73b7-4014-a57a-1254fd63d659" />
      <TestMethod codeBase="D:\actions-runner\_work\XPCO\XPCO\Corporate\VideoOS.Management.Server.UnitTests\bin\x64\Debug\net472\VideoOS.Management.Server.UnitTests.dll" adapterTypeName="executor://mstestadapter/v2" className="VideoOS.Management.Server.UnitTests.BusinessObjects.ManagementServer.SearchTemplate.SearchTemplateItemTests" name="QuerySearchTemplate_ParamNullCheck_RequestContext" />
    </UnitTest>
    <UnitTest name="Invoke_RemoveTag_SunnyDay" storage="d:\actions-runner\_work\xpco\xpco\corporate\videoos.management.server.unittests\bin\x64\debug\net472\videoos.management.server.unittests.dll" id="6b11be63-f97a-8edd-c661-091c41ee137c">
      <Execution id="56a93628-dd03-4323-bd93-bbe41976ec10" />
      <TestMethod codeBase="D:\actions-runner\_work\XPCO\XPCO\Corporate\VideoOS.Management.Server.UnitTests\bin\x64\Debug\net472\VideoOS.Management.Server.UnitTests.dll" adapterTypeName="executor://mstestadapter/v2" className="VideoOS.Management.Server.UnitTests.ConfigurationAPI.BusinessObjects.BasicOwnerInformationConfigurationApiTests" name="Invoke_RemoveTag_SunnyDay" />
    </UnitTest>
    <UnitTest name="GetXml_WhenRuleIsRecordWithinTimeProfileAndOutsideTimeProfile__MatchesXml" storage="d:\actions-runner\_work\xpco\xpco\corporate\videoos.management.server.unittests\bin\x64\debug\net472\videoos.management.server.unittests.dll" id="cf0e5256-4921-33c6-527a-28bfe5a69c45">
      <Execution id="d053a07b-ae7e-4f3d-aa39-3c2dbde1edc9" />
      <TestMethod codeBase="D:\actions-runner\_work\XPCO\XPCO\Corporate\VideoOS.Management.Server.UnitTests\bin\x64\Debug\net472\VideoOS.Management.Server.UnitTests.dll" adapterTypeName="executor://mstestadapter/v2" className="VideoOS.Management.Server.UnitTests.ConfigurationAPI.Rules.Backend.Builders.RuleModelXmlBuilderTests" name="GetXml_WhenRuleIsRecordWithinTimeProfileAndOutsideTimeProfile__MatchesXml" />
    </UnitTest>
    <UnitTest name="GetItem_LicenseOverviewFolder_SunnyDay" storage="d:\actions-runner\_work\xpco\xpco\corporate\videoos.management.server.unittests\bin\x64\debug\net472\videoos.management.server.unittests.dll" id="5fc8d77b-1931-b46f-bc82-33869a814019">
      <Execution id="932eb031-2d93-48e3-b333-fd223010a90b" />
      <TestMethod codeBase="D:\actions-runner\_work\XPCO\XPCO\Corporate\VideoOS.Management.Server.UnitTests\bin\x64\Debug\net472\VideoOS.Management.Server.UnitTests.dll" adapterTypeName="executor://mstestadapter/v2" className="VideoOS.Management.Server.UnitTests.ConfigurationAPI.BusinessObjects.LicenseConfigurationApiTests" name="GetItem_LicenseOverviewFolder_SunnyDay" />
    </UnitTest>
    <UnitTest name="Invoke_WhenFirstTime_ProvidesInfo" storage="d:\actions-runner\_work\xpco\xpco\corporate\videoos.management.server.unittests\bin\x64\debug\net472\videoos.management.server.unittests.dll" id="07209d34-b6e4-6baf-8e7b-3401cbbb7f67">
      <Execution id="f3c639c4-ada4-4272-9d61-7e0a4546c881" />
      <TestMethod codeBase="D:\actions-runner\_work\XPCO\XPCO\Corporate\VideoOS.Management.Server.UnitTests\bin\x64\Debug\net472\VideoOS.Management.Server.UnitTests.dll" adapterTypeName="executor://mstestadapter/v2" className="VideoOS.Management.Server.UnitTests.ConfigurationAPI.BusinessObjects.LprMatchList.Methods.DeleteRegistrationNumbersTests" name="Invoke_WhenFirstTime_ProvidesInfo" />
    </UnitTest>
    <UnitTest name="ValidateItem_ParamNullCheck_ConfigurationItemTest" storage="d:\actions-runner\_work\xpco\xpco\corporate\videoos.management.server.unittests\bin\x64\debug\net472\videoos.management.server.unittests.dll" id="671a3e99-cce4-0283-5d9b-8349fde808c8">
      <Execution id="f7f3619e-418b-42ea-ad12-b7c7a938e5f7" />
      <TestMethod codeBase="D:\actions-runner\_work\XPCO\XPCO\Corporate\VideoOS.Management.Server.UnitTests\bin\x64\Debug\net472\VideoOS.Management.Server.UnitTests.dll" adapterTypeName="executor://mstestadapter/v2" className="VideoOS.Management.Server.UnitTests.ConfigurationAPI.BusinessObjects.AudioMessage.AudioMessageConfigurationApiTest" name="ValidateItem_ParamNullCheck_ConfigurationItemTest" />
    </UnitTest>
    <UnitTest name="SendCommandSecurityVisitor_UpdateSecurityManagerCommand_SecurityPermissions_Delete_Allowed" storage="d:\actions-runner\_work\xpco\xpco\corporate\videoos.management.server.unittests\bin\x64\debug\net472\videoos.management.server.unittests.dll" id="a15e0c95-85b4-34aa-07ba-e1c5299db1c4">
      <Execution id="3a4ce8c3-1b9a-4aef-aceb-70da4e06b477" />
      <TestMethod codeBase="D:\actions-runner\_work\XPCO\XPCO\Corporate\VideoOS.Management.Server.UnitTests\bin\x64\Debug\net472\VideoOS.Management.Server.UnitTests.dll" adapterTypeName="executor://mstestadapter/v2" className="VideoOS.Management.Server.UnitTests.SendCommandSecurityVisitorTests" name="SendCommandSecurityVisitor_UpdateSecurityManagerCommand_SecurityPermissions_Delete_Allowed" />
    </UnitTest>
    <UnitTest name="TryParseConditions_WhenFailoverActiveCondition_ReturnsTrue" storage="d:\actions-runner\_work\xpco\xpco\corporate\videoos.management.server.unittests\bin\x64\debug\net472\videoos.management.server.unittests.dll" id="e9c29d9f-19c9-19fc-e2d0-8a968b9a02db">
      <Execution id="454eba70-9b45-4436-9bac-6da60eed61c8" />
      <TestMethod codeBase="D:\actions-runner\_work\XPCO\XPCO\Corporate\VideoOS.Management.Server.UnitTests\bin\x64\Debug\net472\VideoOS.Management.Server.UnitTests.dll" adapterTypeName="executor://mstestadapter/v2" className="VideoOS.Management.Server.UnitTests.ConfigurationAPI.Rules.Backend.Builders.ConditionsParserTests" name="TryParseConditions_WhenFailoverActiveCondition_ReturnsTrue" />
    </UnitTest>
    <UnitTest name="Build_WhenActivateArchiving_ReturnsProperties" storage="d:\actions-runner\_work\xpco\xpco\corporate\videoos.management.server.unittests\bin\x64\debug\net472\videoos.management.server.unittests.dll" id="626d9961-4f6b-3b42-e767-2165750b2593">
      <Execution id="164e38e6-0f2d-4e35-a5db-7fd86ed3f717" />
      <TestMethod codeBase="D:\actions-runner\_work\XPCO\XPCO\Corporate\VideoOS.Management.Server.UnitTests\bin\x64\Debug\net472\VideoOS.Management.Server.UnitTests.dll" adapterTypeName="executor://mstestadapter/v2" className="VideoOS.Management.Server.UnitTests.ConfigurationAPI.Rules.Builders.ConfigurationItemActionBuilderTests" name="Build_WhenActivateArchiving_ReturnsProperties" />
    </UnitTest>
    <UnitTest name="ConfigurationItemPath_Create_Null_ArgumentNullException" storage="d:\actions-runner\_work\xpco\xpco\corporate\videoos.management.server.unittests\bin\x64\debug\net472\videoos.management.server.unittests.dll" id="007c8420-500f-c1a2-3b37-05a5e5177188">
      <Execution id="9c0c0d36-d5e6-47e9-9181-945c79439d34" />
      <TestMethod codeBase="D:\actions-runner\_work\XPCO\XPCO\Corporate\VideoOS.Management.Server.UnitTests\bin\x64\Debug\net472\VideoOS.Management.Server.UnitTests.dll" adapterTypeName="executor://mstestadapter/v2" className="VideoOS.Management.Server.UnitTests.ConfigurationAPI.ConfigurationItemPathTests" name="ConfigurationItemPath_Create_Null_ArgumentNullException" />
    </UnitTest>
    <UnitTest name="GetEventSourceData_ReturnsCorrectItemTypesAndFilters" storage="d:\actions-runner\_work\xpco\xpco\corporate\videoos.management.server.unittests\bin\x64\debug\net472\videoos.management.server.unittests.dll" id="95f6a83a-9dd3-6b15-4aee-5eb848ca7c92">
      <Execution id="490af37c-84a9-4456-b435-4e405b670415" />
      <TestMethod codeBase="D:\actions-runner\_work\XPCO\XPCO\Corporate\VideoOS.Management.Server.UnitTests\bin\x64\Debug\net472\VideoOS.Management.Server.UnitTests.dll" adapterTypeName="executor://mstestadapter/v2" className="VideoOS.Management.Server.UnitTests.ConfigurationAPI.Rules.Proxies.EventTypeProxyTests" name="GetEventSourceData_ReturnsCorrectItemTypesAndFilters" />
    </UnitTest>
    <UnitTest name="ValidateItem_ParamNullCheck_ParentPathTest" storage="d:\actions-runner\_work\xpco\xpco\corporate\videoos.management.server.unittests\bin\x64\debug\net472\videoos.management.server.unittests.dll" id="27aaa3e9-693e-ad25-232b-200f2a646d44">
      <Execution id="287a9d7d-949c-4755-b409-fad939569896" />
      <TestMethod codeBase="D:\actions-runner\_work\XPCO\XPCO\Corporate\VideoOS.Management.Server.UnitTests\bin\x64\Debug\net472\VideoOS.Management.Server.UnitTests.dll" adapterTypeName="executor://mstestadapter/v2" className="VideoOS.Management.Server.UnitTests.ConfigurationAPI.BusinessObjects.AudioMessage.AudioMessageConfigurationApiTest" name="ValidateItem_ParamNullCheck_ParentPathTest" />
    </UnitTest>
    <UnitTest name="ConfigurationItemPath_Create_ItemPathGuid_Succes" storage="d:\actions-runner\_work\xpco\xpco\corporate\videoos.management.server.unittests\bin\x64\debug\net472\videoos.management.server.unittests.dll" id="c448af47-103a-1834-18ed-6aaf8dcfbe70">
      <Execution id="89f0cab9-87e6-4101-936f-c995e2089a05" />
      <TestMethod codeBase="D:\actions-runner\_work\XPCO\XPCO\Corporate\VideoOS.Management.Server.UnitTests\bin\x64\Debug\net472\VideoOS.Management.Server.UnitTests.dll" adapterTypeName="executor://mstestadapter/v2" className="VideoOS.Management.Server.UnitTests.ConfigurationAPI.ConfigurationItemPathTests" name="ConfigurationItemPath_Create_ItemPathGuid_Succes" />
    </UnitTest>
    <UnitTest name="GetItemType_WhenObjectExists_ReturnsMipKind" storage="d:\actions-runner\_work\xpco\xpco\corporate\videoos.management.server.unittests\bin\x64\debug\net472\videoos.management.server.unittests.dll" id="71058df9-2347-b963-8393-07ff762448cc">
      <Execution id="36fe6148-1465-4881-a5c3-3806f13119b6" />
      <TestMethod codeBase="D:\actions-runner\_work\XPCO\XPCO\Corporate\VideoOS.Management.Server.UnitTests\bin\x64\Debug\net472\VideoOS.Management.Server.UnitTests.dll" adapterTypeName="executor://mstestadapter/v2" className="VideoOS.Management.Server.UnitTests.ConfigurationAPI.Rules.Backend.Validation.ValueValidators.TimeProfileValueValidatorTests" name="GetItemType_WhenObjectExists_ReturnsMipKind" />
    </UnitTest>
    <UnitTest name="UpdateMotionDetection_Test_Retry_Limit_Exceeded_Exception_Expected" storage="d:\actions-runner\_work\xpco\xpco\corporate\videoos.management.server.unittests\bin\x64\debug\net472\videoos.management.server.unittests.dll" id="33b9d565-2372-dde4-9ac6-e737e10c86db">
      <Execution id="fbb3fa59-5070-4468-b1d5-737de1a7f6ff" />
      <TestMethod codeBase="D:\actions-runner\_work\XPCO\XPCO\Corporate\VideoOS.Management.Server.UnitTests\bin\x64\Debug\net472\VideoOS.Management.Server.UnitTests.dll" adapterTypeName="executor://mstestadapter/v2" className="VideoOS.Management.Server.UnitTests.BusinessObjects.DeviceMotionDetectionUnitTests" name="UpdateMotionDetection_Test_Retry_Limit_Exceeded_Exception_Expected" />
    </UnitTest>
    <UnitTest name="GetCurrentProperties_WhenDaysOfWeekParameterIsSetButNotDaysOfWeek_ReturnsNoProperty" storage="d:\actions-runner\_work\xpco\xpco\corporate\videoos.management.server.unittests\bin\x64\debug\net472\videoos.management.server.unittests.dll" id="b77cd0ae-12fe-6d3c-511a-0aba85480a69">
      <Execution id="76f8461d-b43f-468e-b36d-a4500302228f" />
      <TestMethod codeBase="D:\actions-runner\_work\XPCO\XPCO\Corporate\VideoOS.Management.Server.UnitTests\bin\x64\Debug\net472\VideoOS.Management.Server.UnitTests.dll" adapterTypeName="executor://mstestadapter/v2" className="VideoOS.Management.Server.UnitTests.ConfigurationAPI.Rules.Methods.StartConditionsStepTest" name="GetCurrentProperties_WhenDaysOfWeekParameterIsSetButNotDaysOfWeek_ReturnsNoProperty" />
    </UnitTest>
    <UnitTest name="LogException_Returns_FaultExceptionWithExceptionDetail_OnNotVmoServiceException" storage="d:\actions-runner\_work\xpco\xpco\corporate\videoos.management.server.unittests\bin\x64\debug\net472\videoos.management.server.unittests.dll" id="bf1ce88b-df51-96b3-dd8f-aebe844ecc19">
      <TestCategory>
        <TestCategoryItem TestCategory="Exceptions" />
      </TestCategory>
      <Execution id="09d920d6-a74c-4341-883f-1c89f55908b1" />
      <TestMethod codeBase="D:\actions-runner\_work\XPCO\XPCO\Corporate\VideoOS.Management.Server.UnitTests\bin\x64\Debug\net472\VideoOS.Management.Server.UnitTests.dll" adapterTypeName="executor://mstestadapter/v2" className="VideoOS.Management.Server.UnitTests.Frameworks.ExceptionHandling.ServerExceptionUtilitiesTests" name="LogException_Returns_FaultExceptionWithExceptionDetail_OnNotVmoServiceException" />
    </UnitTest>
    <UnitTest name="Build_WhenVideoWallRemoveCameras_ReturnsProperties" storage="d:\actions-runner\_work\xpco\xpco\corporate\videoos.management.server.unittests\bin\x64\debug\net472\videoos.management.server.unittests.dll" id="29f17d8d-f672-9cc4-0934-a1929c8fc9af">
      <Execution id="8d84bad1-5ef5-41fd-bb64-21e707ee9650" />
      <TestMethod codeBase="D:\actions-runner\_work\XPCO\XPCO\Corporate\VideoOS.Management.Server.UnitTests\bin\x64\Debug\net472\VideoOS.Management.Server.UnitTests.dll" adapterTypeName="executor://mstestadapter/v2" className="VideoOS.Management.Server.UnitTests.ConfigurationAPI.Rules.Builders.ConfigurationItemActionBuilderTests" name="Build_WhenVideoWallRemoveCameras_ReturnsProperties" />
    </UnitTest>
    <UnitTest name="SystemSettingsManager_ConvertActivationCredentialsToDatabaseValue_Failure_MissingUserName" storage="d:\actions-runner\_work\xpco\xpco\corporate\videoos.management.server.unittests\bin\x64\debug\net472\videoos.management.server.unittests.dll" id="18730116-4220-9bac-5ef7-f40d7abf5ba9">
      <Execution id="bd4a0bae-8f5d-4723-ae71-1e10696e0c4d" />
      <TestMethod codeBase="D:\actions-runner\_work\XPCO\XPCO\Corporate\VideoOS.Management.Server.UnitTests\bin\x64\Debug\net472\VideoOS.Management.Server.UnitTests.dll" adapterTypeName="executor://mstestadapter/v2" className="VideoOS.Management.Server.UnitTests.SystemSettingsManagerTests" name="SystemSettingsManager_ConvertActivationCredentialsToDatabaseValue_Failure_MissingUserName" />
    </UnitTest>
    <UnitTest name="ConstructSqlSelect_WrongOperator_EnabledBeginsWith" storage="d:\actions-runner\_work\xpco\xpco\corporate\videoos.management.server.unittests\bin\x64\debug\net472\videoos.management.server.unittests.dll" id="41597728-aac0-f517-439d-90d9d54a3fd5">
      <Execution id="74e20064-df8f-473e-b139-f7e9e54d0eba" />
      <TestMethod codeBase="D:\actions-runner\_work\XPCO\XPCO\Corporate\VideoOS.Management.Server.UnitTests\bin\x64\Debug\net472\VideoOS.Management.Server.UnitTests.dll" adapterTypeName="executor://mstestadapter/v2" className="VideoOS.Management.Server.UnitTests.ConfigurationAPI.Converters.SqlQueryFormatterTests" name="ConstructSqlSelect_WrongOperator_EnabledBeginsWith" />
    </UnitTest>
    <UnitTest name="ConfigurationAPIExceptionUtilities_CreateServerException_Null_ArgumentNullException" storage="d:\actions-runner\_work\xpco\xpco\corporate\videoos.management.server.unittests\bin\x64\debug\net472\videoos.management.server.unittests.dll" id="746c1cd5-520d-a6bc-a337-b897fd9a457b">
      <Execution id="ca924abe-98a8-42a2-8e22-28378fe63fb3" />
      <TestMethod codeBase="D:\actions-runner\_work\XPCO\XPCO\Corporate\VideoOS.Management.Server.UnitTests\bin\x64\Debug\net472\VideoOS.Management.Server.UnitTests.dll" adapterTypeName="executor://mstestadapter/v2" className="VideoOS.Management.Server.UnitTests.ConfigurationAPI.ConfigurationAPIExceptionUtilitiesTests" name="ConfigurationAPIExceptionUtilities_CreateServerException_Null_ArgumentNullException" />
    </UnitTest>
    <UnitTest name="Validate_WhenExpectedTypeIsNull_ReturnFalse" storage="d:\actions-runner\_work\xpco\xpco\corporate\videoos.management.server.unittests\bin\x64\debug\net472\videoos.management.server.unittests.dll" id="cc855dab-04f6-cc4e-4d71-9b5c65a101d1">
      <Execution id="0d24930a-29d0-4246-b6df-7c39a9c86609" />
      <TestMethod codeBase="D:\actions-runner\_work\XPCO\XPCO\Corporate\VideoOS.Management.Server.UnitTests\bin\x64\Debug\net472\VideoOS.Management.Server.UnitTests.dll" adapterTypeName="executor://mstestadapter/v2" className="VideoOS.Management.Server.UnitTests.ConfigurationAPI.Rules.Backend.Validation.MonitorParameterValueValidatorTests" name="Validate_WhenExpectedTypeIsNull_ReturnFalse" />
    </UnitTest>
    <UnitTest name="SendCommandSecurityVisitor_UpdateConfigurationManagerCommand_Test" storage="d:\actions-runner\_work\xpco\xpco\corporate\videoos.management.server.unittests\bin\x64\debug\net472\videoos.management.server.unittests.dll" id="27b7fe09-8574-90d8-2983-e1094a819c40">
      <Execution id="0dbc65f8-acf4-449f-a4b2-db59d37207e0" />
      <TestMethod codeBase="D:\actions-runner\_work\XPCO\XPCO\Corporate\VideoOS.Management.Server.UnitTests\bin\x64\Debug\net472\VideoOS.Management.Server.UnitTests.dll" adapterTypeName="executor://mstestadapter/v2" className="VideoOS.Management.Server.UnitTests.SendCommandSecurityVisitorTests" name="SendCommandSecurityVisitor_UpdateConfigurationManagerCommand_Test" />
    </UnitTest>
    <UnitTest name="GetItem_ParamNullCheck_RequestContextTest" storage="d:\actions-runner\_work\xpco\xpco\corporate\videoos.management.server.unittests\bin\x64\debug\net472\videoos.management.server.unittests.dll" id="c6071732-714e-1f7c-ef13-ce79cc2bee8d">
      <Execution id="63c235e7-b3e0-4359-84e4-932f8fd2d4c2" />
      <TestMethod codeBase="D:\actions-runner\_work\XPCO\XPCO\Corporate\VideoOS.Management.Server.UnitTests\bin\x64\Debug\net472\VideoOS.Management.Server.UnitTests.dll" adapterTypeName="executor://mstestadapter/v2" className="VideoOS.Management.Server.UnitTests.ConfigurationAPI.BusinessObjects.AudioMessage.AudioMessageFolderConfigurationApiTest" name="GetItem_ParamNullCheck_RequestContextTest" />
    </UnitTest>
    <UnitTest name="Validate_WhenUserDefinedEventOnChildSite_ReturnsTrue" storage="d:\actions-runner\_work\xpco\xpco\corporate\videoos.management.server.unittests\bin\x64\debug\net472\videoos.management.server.unittests.dll" id="799c96f1-adec-773b-859c-170e8a4b317a">
      <Execution id="8fc8db3b-7b38-42d0-93bc-48bb7cb43df8" />
      <TestMethod codeBase="D:\actions-runner\_work\XPCO\XPCO\Corporate\VideoOS.Management.Server.UnitTests\bin\x64\Debug\net472\VideoOS.Management.Server.UnitTests.dll" adapterTypeName="executor://mstestadapter/v2" className="VideoOS.Management.Server.UnitTests.ConfigurationAPI.Rules.Backend.Validation.UserDefinedEventValueValidatorTests" name="Validate_WhenUserDefinedEventOnChildSite_ReturnsTrue" />
    </UnitTest>
    <UnitTest name="Delete_ThrowsArgumentNullException_OnNullAsContext" storage="d:\actions-runner\_work\xpco\xpco\corporate\videoos.management.server.unittests\bin\x64\debug\net472\videoos.management.server.unittests.dll" id="3c375d24-a20b-2192-825e-413bebf60325">
      <TestCategory>
        <TestCategoryItem TestCategory="DualAuthorization" />
      </TestCategory>
      <Execution id="9b690e4f-b25f-4883-91b5-437b1723ceaf" />
      <TestMethod codeBase="D:\actions-runner\_work\XPCO\XPCO\Corporate\VideoOS.Management.Server.UnitTests\bin\x64\Debug\net472\VideoOS.Management.Server.UnitTests.dll" adapterTypeName="executor://mstestadapter/v2" className="VideoOS.Management.Server.UnitTests.DualAuthorizationHandlingTests" name="Delete_ThrowsArgumentNullException_OnNullAsContext" />
    </UnitTest>
    <UnitTest name="GetItem_WhenPathIsItem_ReturnsRuleItem" storage="d:\actions-runner\_work\xpco\xpco\corporate\videoos.management.server.unittests\bin\x64\debug\net472\videoos.management.server.unittests.dll" id="28a93114-9f35-3c2a-13ce-222a92c6cc8d">
      <Execution id="bb95852c-93bb-49d2-b0bb-62ec854a0888" />
      <TestMethod codeBase="D:\actions-runner\_work\XPCO\XPCO\Corporate\VideoOS.Management.Server.UnitTests\bin\x64\Debug\net472\VideoOS.Management.Server.UnitTests.dll" adapterTypeName="executor://mstestadapter/v2" className="VideoOS.Management.Server.UnitTests.ConfigurationAPI.Rules.ConfigurationApiServiceTests" name="GetItem_WhenPathIsItem_ReturnsRuleItem" />
    </UnitTest>
    <UnitTest name="Build_WhenTimeBetweenCondition_ReturnsTimeBetweenPropertiesSet" storage="d:\actions-runner\_work\xpco\xpco\corporate\videoos.management.server.unittests\bin\x64\debug\net472\videoos.management.server.unittests.dll" id="3e8f6c31-dcca-f9fc-7f4c-1eb9aa99d288">
      <Execution id="2763380f-a5fc-4f4b-8fee-adef21ed39d3" />
      <TestMethod codeBase="D:\actions-runner\_work\XPCO\XPCO\Corporate\VideoOS.Management.Server.UnitTests\bin\x64\Debug\net472\VideoOS.Management.Server.UnitTests.dll" adapterTypeName="executor://mstestadapter/v2" className="VideoOS.Management.Server.UnitTests.ConfigurationAPI.Rules.Builders.ConfigurationItemConditionsBuilderTests" name="Build_WhenTimeBetweenCondition_ReturnsTimeBetweenPropertiesSet" />
    </UnitTest>
    <UnitTest name="InvokeMethod_SetAudioFileContent_SunnyDayTest" storage="d:\actions-runner\_work\xpco\xpco\corporate\videoos.management.server.unittests\bin\x64\debug\net472\videoos.management.server.unittests.dll" id="479474de-7110-6d22-c0bd-c11d24078056">
      <Execution id="d07fab5f-7343-4974-9d83-3f38bd93b442" />
      <TestMethod codeBase="D:\actions-runner\_work\XPCO\XPCO\Corporate\VideoOS.Management.Server.UnitTests\bin\x64\Debug\net472\VideoOS.Management.Server.UnitTests.dll" adapterTypeName="executor://mstestadapter/v2" className="VideoOS.Management.Server.UnitTests.ConfigurationAPI.BusinessObjects.AudioMessage.AudioMessageConfigurationApiTest" name="InvokeMethod_SetAudioFileContent_SunnyDayTest" />
    </UnitTest>
    <UnitTest name="AsyncRetryExecutionArgumentExceptionNoTypeTest" storage="d:\actions-runner\_work\xpco\xpco\corporate\videoos.management.server.unittests\bin\x64\debug\net472\videoos.management.server.unittests.dll" id="853dc638-b64d-06c5-48fd-34fffb260933">
      <Execution id="6109cdb6-9745-4865-9c0e-5fadb5040dc5" />
      <TestMethod codeBase="D:\actions-runner\_work\XPCO\XPCO\Corporate\VideoOS.Management.Server.UnitTests\bin\x64\Debug\net472\VideoOS.Management.Server.UnitTests.dll" adapterTypeName="executor://mstestadapter/v2" className="VideoOS.Management.Server.UnitTests.BusinessObjects.AsyncRetryExecutionTest" name="AsyncRetryExecutionArgumentExceptionNoTypeTest" />
    </UnitTest>
    <UnitTest name="Invoke_WhenIdInvalid_ArgumentException" storage="d:\actions-runner\_work\xpco\xpco\corporate\videoos.management.server.unittests\bin\x64\debug\net472\videoos.management.server.unittests.dll" id="7984d140-089d-c743-8463-fd21a1f29ea1">
      <Execution id="ffee9565-dd26-470b-b94f-1dedc00f491a" />
      <TestMethod codeBase="D:\actions-runner\_work\XPCO\XPCO\Corporate\VideoOS.Management.Server.UnitTests\bin\x64\Debug\net472\VideoOS.Management.Server.UnitTests.dll" adapterTypeName="executor://mstestadapter/v2" className="VideoOS.Management.Server.UnitTests.ConfigurationAPI.BusinessObjects.LprMatchList.Methods.RemoveMatchListTests" name="Invoke_WhenIdInvalid_ArgumentException" />
    </UnitTest>
    <UnitTest name="RoleMappingClaimsNoMatchingConfiguredClaims" storage="d:\actions-runner\_work\xpco\xpco\corporate\videoos.management.server.unittests\bin\x64\debug\net472\videoos.management.server.unittests.dll" id="8e77c4b7-a678-e0cb-4a6f-3dc9691bce8a">
      <Execution id="af72f2ef-7c71-427e-af60-1a240b051d56" />
      <TestMethod codeBase="D:\actions-runner\_work\XPCO\XPCO\Corporate\VideoOS.Management.Server.UnitTests\bin\x64\Debug\net472\VideoOS.Management.Server.UnitTests.dll" adapterTypeName="executor://mstestadapter/v2" className="VideoOS.Management.Server.UnitTests.ClaimToRoleMapperTest" name="RoleMappingClaimsNoMatchingConfiguredClaims" />
    </UnitTest>
    <UnitTest name="Validate_WhenSubdayTypeRecurring_SubdayStartTimeIsAbove24Hours_ReturnsError" storage="d:\actions-runner\_work\xpco\xpco\corporate\videoos.management.server.unittests\bin\x64\debug\net472\videoos.management.server.unittests.dll" id="ad13e6c7-bf0e-c616-0b2f-ee560635ba3d">
      <Execution id="e6005cb3-d691-4662-809c-ae908bd87f2d" />
      <TestMethod codeBase="D:\actions-runner\_work\XPCO\XPCO\Corporate\VideoOS.Management.Server.UnitTests\bin\x64\Debug\net472\VideoOS.Management.Server.UnitTests.dll" adapterTypeName="executor://mstestadapter/v2" className="VideoOS.Management.Server.UnitTests.ConfigurationAPI.Rules.Backend.Validation.RecurringTimeValidatorTests" name="Validate_WhenSubdayTypeRecurring_SubdayStartTimeIsAbove24Hours_ReturnsError" />
    </UnitTest>
    <UnitTest name="Build_WhenRetrieveEdgeStorageTimeOrMetadata_ReturnsProperties" storage="d:\actions-runner\_work\xpco\xpco\corporate\videoos.management.server.unittests\bin\x64\debug\net472\videoos.management.server.unittests.dll" id="147a97dc-ba33-d782-5d5e-5c299c38ddfa">
      <Execution id="cb1c00cd-b85c-457f-959a-b384d1a7e32d" />
      <TestMethod codeBase="D:\actions-runner\_work\XPCO\XPCO\Corporate\VideoOS.Management.Server.UnitTests\bin\x64\Debug\net472\VideoOS.Management.Server.UnitTests.dll" adapterTypeName="executor://mstestadapter/v2" className="VideoOS.Management.Server.UnitTests.ConfigurationAPI.Rules.Builders.ConfigurationItemActionBuilderTests" name="Build_WhenRetrieveEdgeStorageTimeOrMetadata_ReturnsProperties" />
    </UnitTest>
    <UnitTest name="Invoke_ActivateLicense_SunnyDay_NoUsernamePassword" storage="d:\actions-runner\_work\xpco\xpco\corporate\videoos.management.server.unittests\bin\x64\debug\net472\videoos.management.server.unittests.dll" id="38dd6a52-3b4a-e2ae-0a67-157668ae3aa6">
      <Execution id="665a83ef-a45f-4309-89df-d2b6e91c4d9a" />
      <TestMethod codeBase="D:\actions-runner\_work\XPCO\XPCO\Corporate\VideoOS.Management.Server.UnitTests\bin\x64\Debug\net472\VideoOS.Management.Server.UnitTests.dll" adapterTypeName="executor://mstestadapter/v2" className="VideoOS.Management.Server.UnitTests.ConfigurationAPI.BusinessObjects.LicenseConfigurationApiTests" name="Invoke_ActivateLicense_SunnyDay_NoUsernamePassword" />
    </UnitTest>
    <UnitTest name="InvokeMethod_InvalidParentPathTest" storage="d:\actions-runner\_work\xpco\xpco\corporate\videoos.management.server.unittests\bin\x64\debug\net472\videoos.management.server.unittests.dll" id="a24a3e62-068c-fd55-19e3-3f13fc9763a7">
      <Execution id="b070f0c2-134e-4bc2-ae88-68cf10c93eaa" />
      <TestMethod codeBase="D:\actions-runner\_work\XPCO\XPCO\Corporate\VideoOS.Management.Server.UnitTests\bin\x64\Debug\net472\VideoOS.Management.Server.UnitTests.dll" adapterTypeName="executor://mstestadapter/v2" className="VideoOS.Management.Server.UnitTests.ConfigurationAPI.BusinessObjects.AudioMessage.AudioMessageConfigurationApiTest" name="InvokeMethod_InvalidParentPathTest" />
    </UnitTest>
    <UnitTest name="SendCommandSecurityVisitor_ReportMediaStatusCommand_NotSupportedException" storage="d:\actions-runner\_work\xpco\xpco\corporate\videoos.management.server.unittests\bin\x64\debug\net472\videoos.management.server.unittests.dll" id="2f61e9ca-f202-91f9-f888-29053f79d9b0">
      <Execution id="dbc306cc-0961-409b-8a17-a1e725ed332a" />
      <TestMethod codeBase="D:\actions-runner\_work\XPCO\XPCO\Corporate\VideoOS.Management.Server.UnitTests\bin\x64\Debug\net472\VideoOS.Management.Server.UnitTests.dll" adapterTypeName="executor://mstestadapter/v2" className="VideoOS.Management.Server.UnitTests.SendCommandSecurityVisitorTests" name="SendCommandSecurityVisitor_ReportMediaStatusCommand_NotSupportedException" />
    </UnitTest>
    <UnitTest name="DevicePtzPresets_AddPtzPreset_Success" storage="d:\actions-runner\_work\xpco\xpco\corporate\videoos.management.server.unittests\bin\x64\debug\net472\videoos.management.server.unittests.dll" id="2c00e649-c397-57c0-8282-fba6df1e1bc4">
      <Execution id="ef6b9be9-0fcf-4cb0-9481-be3d2f6f6cd7" />
      <TestMethod codeBase="D:\actions-runner\_work\XPCO\XPCO\Corporate\VideoOS.Management.Server.UnitTests\bin\x64\Debug\net472\VideoOS.Management.Server.UnitTests.dll" adapterTypeName="executor://mstestadapter/v2" className="VideoOS.Management.Server.UnitTests.BusinessObjects.DevicePtzPresetsUnitTests" name="DevicePtzPresets_AddPtzPreset_Success" />
    </UnitTest>
    <UnitTest name="Validate_WhenRecurringTimeRule_StopRuleHasTimeIntervalType_Error" storage="d:\actions-runner\_work\xpco\xpco\corporate\videoos.management.server.unittests\bin\x64\debug\net472\videoos.management.server.unittests.dll" id="15de793c-6023-440c-c531-e16a7cd587a8">
      <Execution id="8dcca8e0-1adf-4817-8e2b-731ad5e892dd" />
      <TestMethod codeBase="D:\actions-runner\_work\XPCO\XPCO\Corporate\VideoOS.Management.Server.UnitTests\bin\x64\Debug\net472\VideoOS.Management.Server.UnitTests.dll" adapterTypeName="executor://mstestadapter/v2" className="VideoOS.Management.Server.UnitTests.ConfigurationAPI.Rules.Backend.Validation.ValidatorIntegrationTests" name="Validate_WhenRecurringTimeRule_StopRuleHasTimeIntervalType_Error" />
    </UnitTest>
    <UnitTest name="Build_VideoWallSetToText_WhenParametersAreSet_ReturnsActionModel" storage="d:\actions-runner\_work\xpco\xpco\corporate\videoos.management.server.unittests\bin\x64\debug\net472\videoos.management.server.unittests.dll" id="d4fa395b-a9ac-ffa0-04bb-1aa610d2a8fa">
      <Execution id="3fc67cfb-41fb-4a90-a301-f7a6e3404d9f" />
      <TestMethod codeBase="D:\actions-runner\_work\XPCO\XPCO\Corporate\VideoOS.Management.Server.UnitTests\bin\x64\Debug\net472\VideoOS.Management.Server.UnitTests.dll" adapterTypeName="executor://mstestadapter/v2" className="VideoOS.Management.Server.UnitTests.ConfigurationAPI.Rules.Builders.RuleModelActionsBuilderTests" name="Build_VideoWallSetToText_WhenParametersAreSet_ReturnsActionModel" />
    </UnitTest>
    <UnitTest name="DevicePtzPresets_QueryPtzPresets_NotCamera_DevicePtzPresetsNotSupportedException" storage="d:\actions-runner\_work\xpco\xpco\corporate\videoos.management.server.unittests\bin\x64\debug\net472\videoos.management.server.unittests.dll" id="9cd16fa4-232d-f5bb-ae3d-509a9c29bf2e">
      <Execution id="7a3dbf50-ea0e-4b4e-9ac3-9d43c5b86d70" />
      <TestMethod codeBase="D:\actions-runner\_work\XPCO\XPCO\Corporate\VideoOS.Management.Server.UnitTests\bin\x64\Debug\net472\VideoOS.Management.Server.UnitTests.dll" adapterTypeName="executor://mstestadapter/v2" className="VideoOS.Management.Server.UnitTests.BusinessObjects.DevicePtzPresetsUnitTests" name="DevicePtzPresets_QueryPtzPresets_NotCamera_DevicePtzPresetsNotSupportedException" />
    </UnitTest>
    <UnitTest name="PerformanceCounterUpdatesManager_UpdateRuleSource" storage="d:\actions-runner\_work\xpco\xpco\corporate\videoos.management.server.unittests\bin\x64\debug\net472\videoos.management.server.unittests.dll" id="a3cb8164-0396-486c-66ff-5b7f6d713c65">
      <Execution id="3e044bda-39d0-4d54-b75d-0cb5ae536d05" />
      <TestMethod codeBase="D:\actions-runner\_work\XPCO\XPCO\Corporate\VideoOS.Management.Server.UnitTests\bin\x64\Debug\net472\VideoOS.Management.Server.UnitTests.dll" adapterTypeName="executor://mstestadapter/v2" className="VideoOS.Management.Server.PerformanceCounterUpdatesManagerTest" name="PerformanceCounterUpdatesManager_UpdateRuleSource" />
    </UnitTest>
    <UnitTest name="GetNextProperties_WhenWithinTimeProfileAndTimeProfilePropertyIsSet_ReturnsProperties" storage="d:\actions-runner\_work\xpco\xpco\corporate\videoos.management.server.unittests\bin\x64\debug\net472\videoos.management.server.unittests.dll" id="62490b95-1c0b-7475-3005-09288032bc76">
      <Execution id="19a085c4-8658-45fb-93cd-ccdc76b26b06" />
      <TestMethod codeBase="D:\actions-runner\_work\XPCO\XPCO\Corporate\VideoOS.Management.Server.UnitTests\bin\x64\Debug\net472\VideoOS.Management.Server.UnitTests.dll" adapterTypeName="executor://mstestadapter/v2" className="VideoOS.Management.Server.UnitTests.ConfigurationAPI.Rules.Methods.StartConditionsStepTest" name="GetNextProperties_WhenWithinTimeProfileAndTimeProfilePropertyIsSet_ReturnsProperties" />
    </UnitTest>
    <UnitTest name="GetChildItems_WhenPathIsItem_ReturnsEmptyList" storage="d:\actions-runner\_work\xpco\xpco\corporate\videoos.management.server.unittests\bin\x64\debug\net472\videoos.management.server.unittests.dll" id="f440ce56-f31e-55f3-db08-e86a1f782b6a">
      <Execution id="6ec9c3e2-708d-429b-a934-c3b53a1e3879" />
      <TestMethod codeBase="D:\actions-runner\_work\XPCO\XPCO\Corporate\VideoOS.Management.Server.UnitTests\bin\x64\Debug\net472\VideoOS.Management.Server.UnitTests.dll" adapterTypeName="executor://mstestadapter/v2" className="VideoOS.Management.Server.UnitTests.ConfigurationAPI.LprMatchList.ConfigurationApiServiceTests" name="GetChildItems_WhenPathIsItem_ReturnsEmptyList" />
    </UnitTest>
    <UnitTest name="GetItem_ShouldReturnValidLicenseItem_IfLicenseNotExists" storage="d:\actions-runner\_work\xpco\xpco\corporate\videoos.management.server.unittests\bin\x64\debug\net472\videoos.management.server.unittests.dll" id="1c52fd7e-4099-eb87-c211-9f62bff458aa">
      <Execution id="3e1b9e9a-ca4e-4c6d-8d28-1303ded6a537" />
      <TestMethod codeBase="D:\actions-runner\_work\XPCO\XPCO\Corporate\VideoOS.Management.Server.UnitTests\bin\x64\Debug\net472\VideoOS.Management.Server.UnitTests.dll" adapterTypeName="executor://mstestadapter/v2" className="VideoOS.Management.Server.UnitTests.BusinessObjects.ManagementServer.MIPItem.MIPItemTests" name="GetItem_ShouldReturnValidLicenseItem_IfLicenseNotExists" />
    </UnitTest>
    <UnitTest name="GetCurrentProperties_WhenActionPropertyHasValueButNoParameters_ReturnsListWithJustActionProperty" storage="d:\actions-runner\_work\xpco\xpco\corporate\videoos.management.server.unittests\bin\x64\debug\net472\videoos.management.server.unittests.dll" id="7becbbe4-402f-9753-50c8-8da8f49c52e8">
      <Execution id="480ea239-fd5c-433f-b85a-399120ff7df5" />
      <TestMethod codeBase="D:\actions-runner\_work\XPCO\XPCO\Corporate\VideoOS.Management.Server.UnitTests\bin\x64\Debug\net472\VideoOS.Management.Server.UnitTests.dll" adapterTypeName="executor://mstestadapter/v2" className="VideoOS.Management.Server.UnitTests.ConfigurationAPI.Rules.Methods.StartActionsStepTests" name="GetCurrentProperties_WhenActionPropertyHasValueButNoParameters_ReturnsListWithJustActionProperty" />
    </UnitTest>
    <UnitTest name="GetTaskListInJson_UseContextSessionData" storage="d:\actions-runner\_work\xpco\xpco\corporate\videoos.management.server.unittests\bin\x64\debug\net472\videoos.management.server.unittests.dll" id="085db6a5-8c7e-a675-c01f-73d3ab583e89">
      <Execution id="d2674e36-54f9-41e2-a16f-ff08a0407b91" />
      <TestMethod codeBase="D:\actions-runner\_work\XPCO\XPCO\Corporate\VideoOS.Management.Server.UnitTests\bin\x64\Debug\net472\VideoOS.Management.Server.UnitTests.dll" adapterTypeName="executor://mstestadapter/v2" className="VideoOS.Management.Server.UnitTests.RestApi.ConfigurationApiSubControllerTests" name="GetTaskListInJson_UseContextSessionData" />
    </UnitTest>
    <UnitTest name="Validation_CheckHostName_NullOrEmpty_ArgumentNullException" storage="d:\actions-runner\_work\xpco\xpco\corporate\videoos.management.server.unittests\bin\x64\debug\net472\videoos.management.server.unittests.dll" id="7989712b-f5fe-d042-1559-03a87c66ef9a">
      <Execution id="788df10e-0c4b-44a1-b1b5-4983a7e147da" />
      <TestMethod codeBase="D:\actions-runner\_work\XPCO\XPCO\Corporate\VideoOS.Management.Server.UnitTests\bin\x64\Debug\net472\VideoOS.Management.Server.UnitTests.dll" adapterTypeName="executor://mstestadapter/v2" className="VideoOS.Management.Server.UnitTests.ValidationUnitTests" name="Validation_CheckHostName_NullOrEmpty_ArgumentNullException" />
    </UnitTest>
    <UnitTest name="SendCommandSecurityVisitor_SynchronizeDevicePresetsCommand_Allowed" storage="d:\actions-runner\_work\xpco\xpco\corporate\videoos.management.server.unittests\bin\x64\debug\net472\videoos.management.server.unittests.dll" id="cd196303-7d46-c411-f348-1cca12bf236b">
      <Execution id="1c0aaa19-2c94-4ae7-8a98-bb9b92fe39b9" />
      <TestMethod codeBase="D:\actions-runner\_work\XPCO\XPCO\Corporate\VideoOS.Management.Server.UnitTests\bin\x64\Debug\net472\VideoOS.Management.Server.UnitTests.dll" adapterTypeName="executor://mstestadapter/v2" className="VideoOS.Management.Server.UnitTests.SendCommandSecurityVisitorTests" name="SendCommandSecurityVisitor_SynchronizeDevicePresetsCommand_Allowed" />
    </UnitTest>
    <UnitTest name="ConfigurationAPIExceptionUtilities_HandleException_ConvertToFault" storage="d:\actions-runner\_work\xpco\xpco\corporate\videoos.management.server.unittests\bin\x64\debug\net472\videoos.management.server.unittests.dll" id="57c3a769-0916-b03b-a68b-2227c68d1936">
      <Execution id="217fc920-9385-4477-9806-43344a79cc78" />
      <TestMethod codeBase="D:\actions-runner\_work\XPCO\XPCO\Corporate\VideoOS.Management.Server.UnitTests\bin\x64\Debug\net472\VideoOS.Management.Server.UnitTests.dll" adapterTypeName="executor://mstestadapter/v2" className="VideoOS.Management.Server.UnitTests.ConfigurationAPI.ConfigurationAPIExceptionUtilitiesTests" name="ConfigurationAPIExceptionUtilities_HandleException_ConvertToFault" />
    </UnitTest>
    <UnitTest name="GetNextProperties_WhenTimerStopRuleHasNoTime_ReturnsProperties" storage="d:\actions-runner\_work\xpco\xpco\corporate\videoos.management.server.unittests\bin\x64\debug\net472\videoos.management.server.unittests.dll" id="9135a3b1-2e33-0fd8-b652-d757e668374c">
      <Execution id="ba46f344-5b97-456e-affc-99c0d6fef35e" />
      <TestMethod codeBase="D:\actions-runner\_work\XPCO\XPCO\Corporate\VideoOS.Management.Server.UnitTests\bin\x64\Debug\net472\VideoOS.Management.Server.UnitTests.dll" adapterTypeName="executor://mstestadapter/v2" className="VideoOS.Management.Server.UnitTests.ConfigurationAPI.Rules.Methods.StopRuleTypeStepTests" name="GetNextProperties_WhenTimerStopRuleHasNoTime_ReturnsProperties" />
    </UnitTest>
    <UnitTest name="Validation_MotionDetectionHardwareAcceleration_ValueIsNotDefined_ArgumentOutOfExceptionExpected_HA" storage="d:\actions-runner\_work\xpco\xpco\corporate\videoos.management.server.unittests\bin\x64\debug\net472\videoos.management.server.unittests.dll" id="fbea7a60-566d-aabf-39c9-0ff91a077b44">
      <Execution id="b93ae25d-46fb-48e7-a857-f04b415f2f3a" />
      <TestMethod codeBase="D:\actions-runner\_work\XPCO\XPCO\Corporate\VideoOS.Management.Server.UnitTests\bin\x64\Debug\net472\VideoOS.Management.Server.UnitTests.dll" adapterTypeName="executor://mstestadapter/v2" className="VideoOS.Management.Server.UnitTests.ValidationUnitTests" name="Validation_MotionDetectionHardwareAcceleration_ValueIsNotDefined_ArgumentOutOfExceptionExpected_HA" />
    </UnitTest>
    <UnitTest name="GetXml_WhenRuleIsRecordWithinTimeProfile_MatchesXml" storage="d:\actions-runner\_work\xpco\xpco\corporate\videoos.management.server.unittests\bin\x64\debug\net472\videoos.management.server.unittests.dll" id="adaf737f-8c20-c704-999b-901d7ad979ca">
      <Execution id="988d764c-97f3-4d52-a42b-ffcb4bf48103" />
      <TestMethod codeBase="D:\actions-runner\_work\XPCO\XPCO\Corporate\VideoOS.Management.Server.UnitTests\bin\x64\Debug\net472\VideoOS.Management.Server.UnitTests.dll" adapterTypeName="executor://mstestadapter/v2" className="VideoOS.Management.Server.UnitTests.ConfigurationAPI.Rules.Backend.Builders.RuleModelXmlBuilderTests" name="GetXml_WhenRuleIsRecordWithinTimeProfile_MatchesXml" />
    </UnitTest>
    <UnitTest name="SetItem_InvalidPathTest" storage="d:\actions-runner\_work\xpco\xpco\corporate\videoos.management.server.unittests\bin\x64\debug\net472\videoos.management.server.unittests.dll" id="f9abe4b9-9dbb-34d4-2964-a69a3300d903">
      <Execution id="05bcb87e-9b05-4031-8dc6-f201eb66dac7" />
      <TestMethod codeBase="D:\actions-runner\_work\XPCO\XPCO\Corporate\VideoOS.Management.Server.UnitTests\bin\x64\Debug\net472\VideoOS.Management.Server.UnitTests.dll" adapterTypeName="executor://mstestadapter/v2" className="VideoOS.Management.Server.UnitTests.ConfigurationAPI.BusinessObjects.AudioMessage.AudioMessageConfigurationApiTest" name="SetItem_InvalidPathTest" />
    </UnitTest>
    <UnitTest name="GetChildItems_UnauthorizedAccessTest" storage="d:\actions-runner\_work\xpco\xpco\corporate\videoos.management.server.unittests\bin\x64\debug\net472\videoos.management.server.unittests.dll" id="de2d0785-ff60-aea9-6fef-da2ed5fe2734">
      <Execution id="1771eed6-c8bc-40d5-9757-78ed2d87bbe3" />
      <TestMethod codeBase="D:\actions-runner\_work\XPCO\XPCO\Corporate\VideoOS.Management.Server.UnitTests\bin\x64\Debug\net472\VideoOS.Management.Server.UnitTests.dll" adapterTypeName="executor://mstestadapter/v2" className="VideoOS.Management.Server.UnitTests.ConfigurationAPI.BusinessObjects.AudioMessage.AudioMessageFolderConfigurationApiTest" name="GetChildItems_UnauthorizedAccessTest" />
    </UnitTest>
    <UnitTest name="SystemSettingsManager_ConvertActivationCredentialsToDatabaseValue_Failure_MissingPassword" storage="d:\actions-runner\_work\xpco\xpco\corporate\videoos.management.server.unittests\bin\x64\debug\net472\videoos.management.server.unittests.dll" id="71dd67be-90ea-8f04-954f-73c56393d17b">
      <Execution id="b21d998b-4269-40dd-a50c-17b646a91dfd" />
      <TestMethod codeBase="D:\actions-runner\_work\XPCO\XPCO\Corporate\VideoOS.Management.Server.UnitTests\bin\x64\Debug\net472\VideoOS.Management.Server.UnitTests.dll" adapterTypeName="executor://mstestadapter/v2" className="VideoOS.Management.Server.UnitTests.SystemSettingsManagerTests" name="SystemSettingsManager_ConvertActivationCredentialsToDatabaseValue_Failure_MissingPassword" />
    </UnitTest>
    <UnitTest name="GetItemType_WhenObjectExists_ReturnsCorrectItemType" storage="d:\actions-runner\_work\xpco\xpco\corporate\videoos.management.server.unittests\bin\x64\debug\net472\videoos.management.server.unittests.dll" id="a2a6fc0c-1ad1-08d3-08a6-feea2a45a400">
      <Execution id="afa6d740-63c9-479d-8033-a1560567d076" />
      <TestMethod codeBase="D:\actions-runner\_work\XPCO\XPCO\Corporate\VideoOS.Management.Server.UnitTests\bin\x64\Debug\net472\VideoOS.Management.Server.UnitTests.dll" adapterTypeName="executor://mstestadapter/v2" className="VideoOS.Management.Server.UnitTests.ConfigurationAPI.Rules.Backend.Validation.SystemDashboardRecordingServerParameterValueValidatorTests" name="GetItemType_WhenObjectExists_ReturnsCorrectItemType" />
    </UnitTest>
    <UnitTest name="SidUtilityIsCorporateIdentityForNonExistingEntityWithGuidTest" storage="d:\actions-runner\_work\xpco\xpco\corporate\videoos.management.server.unittests\bin\x64\debug\net472\videoos.management.server.unittests.dll" id="46b3b114-6422-e7ca-f681-844527b92bc1">
      <Execution id="83e9e573-f5bb-4e5c-9ba6-06b6c05e04e5" />
      <TestMethod codeBase="D:\actions-runner\_work\XPCO\XPCO\Corporate\VideoOS.Management.Server.UnitTests\bin\x64\Debug\net472\VideoOS.Management.Server.UnitTests.dll" adapterTypeName="executor://mstestadapter/v2" className="VideoOS.Management.Server.UnitTests.Security.SidUtilsTest" name="SidUtilityIsCorporateIdentityForNonExistingEntityWithGuidTest" />
    </UnitTest>
    <UnitTest name="Validate_WhenDeviceActionButNoDeviceParameters_Error" storage="d:\actions-runner\_work\xpco\xpco\corporate\videoos.management.server.unittests\bin\x64\debug\net472\videoos.management.server.unittests.dll" id="89f22989-ebd0-4da5-fc3e-41028555f1af">
      <Execution id="331cf0db-7c04-41dc-874f-4c1120e8149a" />
      <TestMethod codeBase="D:\actions-runner\_work\XPCO\XPCO\Corporate\VideoOS.Management.Server.UnitTests\bin\x64\Debug\net472\VideoOS.Management.Server.UnitTests.dll" adapterTypeName="executor://mstestadapter/v2" className="VideoOS.Management.Server.UnitTests.ConfigurationAPI.Rules.Backend.Validation.ValidatorIntegrationTests" name="Validate_WhenDeviceActionButNoDeviceParameters_Error" />
    </UnitTest>
    <UnitTest name="GetItem_ParamNullCheck_PathTest" storage="d:\actions-runner\_work\xpco\xpco\corporate\videoos.management.server.unittests\bin\x64\debug\net472\videoos.management.server.unittests.dll" id="291ce85d-3ffb-053b-4030-a174fa56a7f3">
      <Execution id="e5655d5f-5838-41b9-93da-cb6f7a674cd1" />
      <TestMethod codeBase="D:\actions-runner\_work\XPCO\XPCO\Corporate\VideoOS.Management.Server.UnitTests\bin\x64\Debug\net472\VideoOS.Management.Server.UnitTests.dll" adapterTypeName="executor://mstestadapter/v2" className="VideoOS.Management.Server.UnitTests.ConfigurationAPI.BusinessObjects.AudioMessage.AudioMessageConfigurationApiTest" name="GetItem_ParamNullCheck_PathTest" />
    </UnitTest>
    <UnitTest name="InvokeMethod_ParamNullCheck_RequestContext" storage="d:\actions-runner\_work\xpco\xpco\corporate\videoos.management.server.unittests\bin\x64\debug\net472\videoos.management.server.unittests.dll" id="da8b968c-69f1-502e-95da-ddf857964310">
      <Execution id="6dbb5b05-5818-4dba-9ce7-c3175da30a92" />
      <TestMethod codeBase="D:\actions-runner\_work\XPCO\XPCO\Corporate\VideoOS.Management.Server.UnitTests\bin\x64\Debug\net472\VideoOS.Management.Server.UnitTests.dll" adapterTypeName="executor://mstestadapter/v2" className="VideoOS.Management.Server.UnitTests.ConfigurationAPI.BusinessObjects.SearchTemplate.SearchTemplateConfigurationApiTest" name="InvokeMethod_ParamNullCheck_RequestContext" />
    </UnitTest>
    <UnitTest name="GetChildItems_LicenseInformationfolder_SunnyDay" storage="d:\actions-runner\_work\xpco\xpco\corporate\videoos.management.server.unittests\bin\x64\debug\net472\videoos.management.server.unittests.dll" id="b80649d2-beed-dfed-469a-7375c9cfbf60">
      <Execution id="e6ffeab9-1243-406a-bd05-b6da3ecf8a90" />
      <TestMethod codeBase="D:\actions-runner\_work\XPCO\XPCO\Corporate\VideoOS.Management.Server.UnitTests\bin\x64\Debug\net472\VideoOS.Management.Server.UnitTests.dll" adapterTypeName="executor://mstestadapter/v2" className="VideoOS.Management.Server.UnitTests.ConfigurationAPI.BusinessObjects.LicenseConfigurationApiTests" name="GetChildItems_LicenseInformationfolder_SunnyDay" />
    </UnitTest>
    <UnitTest name="Validate_WithCorrectId_ReturnsTrue" storage="d:\actions-runner\_work\xpco\xpco\corporate\videoos.management.server.unittests\bin\x64\debug\net472\videoos.management.server.unittests.dll" id="c9c55dd7-b7a0-c09a-99e1-e7dc5fe3121f">
      <Execution id="7bace8bf-d8cc-4c15-b766-c3383d4b7341" />
      <TestMethod codeBase="D:\actions-runner\_work\XPCO\XPCO\Corporate\VideoOS.Management.Server.UnitTests\bin\x64\Debug\net472\VideoOS.Management.Server.UnitTests.dll" adapterTypeName="executor://mstestadapter/v2" className="VideoOS.Management.Server.UnitTests.ConfigurationAPI.Rules.Backend.Validation.ExternalParameterValueValidatorTests" name="Validate_WithCorrectId_ReturnsTrue" />
    </UnitTest>
    <UnitTest name="Validation_CheckAddressIntervals_Invalid_Xml_ArgumentException" storage="d:\actions-runner\_work\xpco\xpco\corporate\videoos.management.server.unittests\bin\x64\debug\net472\videoos.management.server.unittests.dll" id="42633f5a-a402-399e-caf9-012089364960">
      <Execution id="7449d6a6-5100-4b9e-bfdf-a20ecf5466f4" />
      <TestMethod codeBase="D:\actions-runner\_work\XPCO\XPCO\Corporate\VideoOS.Management.Server.UnitTests\bin\x64\Debug\net472\VideoOS.Management.Server.UnitTests.dll" adapterTypeName="executor://mstestadapter/v2" className="VideoOS.Management.Server.UnitTests.ValidationUnitTests" name="Validation_CheckAddressIntervals_Invalid_Xml_ArgumentException" />
    </UnitTest>
    <UnitTest name="Validate_WhenObjectExists_ReturnsTrue" storage="d:\actions-runner\_work\xpco\xpco\corporate\videoos.management.server.unittests\bin\x64\debug\net472\videoos.management.server.unittests.dll" id="5a02add1-8d31-371a-7b7b-3c890fce962a">
      <Execution id="4fc711ff-e483-4a82-8fa2-a4225ec3583d" />
      <TestMethod codeBase="D:\actions-runner\_work\XPCO\XPCO\Corporate\VideoOS.Management.Server.UnitTests\bin\x64\Debug\net472\VideoOS.Management.Server.UnitTests.dll" adapterTypeName="executor://mstestadapter/v2" className="VideoOS.Management.Server.UnitTests.ConfigurationAPI.Rules.Backend.Validation.ValueValidators.SiteParameterValueValidatorTests" name="Validate_WhenObjectExists_ReturnsTrue" />
    </UnitTest>
    <UnitTest name="GetChildItems_SystemFolderPath" storage="d:\actions-runner\_work\xpco\xpco\corporate\videoos.management.server.unittests\bin\x64\debug\net472\videoos.management.server.unittests.dll" id="e36001c1-65d7-b426-5b29-afff74226aad">
      <Execution id="027fde4e-425b-4eb4-a332-17fed79d62b7" />
      <TestMethod codeBase="D:\actions-runner\_work\XPCO\XPCO\Corporate\VideoOS.Management.Server.UnitTests\bin\x64\Debug\net472\VideoOS.Management.Server.UnitTests.dll" adapterTypeName="executor://mstestadapter/v2" className="VideoOS.Management.Server.UnitTests.ConfigurationAPI.BusinessObjects.SearchTemplate.SearchTemplateConfigurationApiTest" name="GetChildItems_SystemFolderPath" />
    </UnitTest>
    <UnitTest name="InvokeMethod_InvalidParentPath2Test" storage="d:\actions-runner\_work\xpco\xpco\corporate\videoos.management.server.unittests\bin\x64\debug\net472\videoos.management.server.unittests.dll" id="5b750a0e-6e4e-2fdb-b5ef-645696c44722">
      <Execution id="eae65c9e-fae7-4521-aefb-50f32b20f114" />
      <TestMethod codeBase="D:\actions-runner\_work\XPCO\XPCO\Corporate\VideoOS.Management.Server.UnitTests\bin\x64\Debug\net472\VideoOS.Management.Server.UnitTests.dll" adapterTypeName="executor://mstestadapter/v2" className="VideoOS.Management.Server.UnitTests.ConfigurationAPI.BusinessObjects.AudioMessage.AudioMessageFolderConfigurationApiTest" name="InvokeMethod_InvalidParentPath2Test" />
    </UnitTest>
    <UnitTest name="InvokeMethod_SetAudioFileContent_GetParametersTest" storage="d:\actions-runner\_work\xpco\xpco\corporate\videoos.management.server.unittests\bin\x64\debug\net472\videoos.management.server.unittests.dll" id="1f17c370-1ccc-98aa-dc80-280289fc57b0">
      <Execution id="d9e62fb8-2385-4a55-a8e1-ff6c7f4b442c" />
      <TestMethod codeBase="D:\actions-runner\_work\XPCO\XPCO\Corporate\VideoOS.Management.Server.UnitTests\bin\x64\Debug\net472\VideoOS.Management.Server.UnitTests.dll" adapterTypeName="executor://mstestadapter/v2" className="VideoOS.Management.Server.UnitTests.ConfigurationAPI.BusinessObjects.AudioMessage.AudioMessageConfigurationApiTest" name="InvokeMethod_SetAudioFileContent_GetParametersTest" />
    </UnitTest>
    <UnitTest name="ConstructSqlSelect_SunnyDay_Contains_PercentEscaped" storage="d:\actions-runner\_work\xpco\xpco\corporate\videoos.management.server.unittests\bin\x64\debug\net472\videoos.management.server.unittests.dll" id="d5b349e6-29ae-c514-bd51-307e75bf46a7">
      <Execution id="e72df73d-f183-4ca7-9dc1-7c4c014c1502" />
      <TestMethod codeBase="D:\actions-runner\_work\XPCO\XPCO\Corporate\VideoOS.Management.Server.UnitTests\bin\x64\Debug\net472\VideoOS.Management.Server.UnitTests.dll" adapterTypeName="executor://mstestadapter/v2" className="VideoOS.Management.Server.UnitTests.ConfigurationAPI.Converters.SqlQueryFormatterTests" name="ConstructSqlSelect_SunnyDay_Contains_PercentEscaped" />
    </UnitTest>
    <UnitTest name="Validate_WhenConditionsIncludeWithinTimeProfile_NoErrors" storage="d:\actions-runner\_work\xpco\xpco\corporate\videoos.management.server.unittests\bin\x64\debug\net472\videoos.management.server.unittests.dll" id="9fc941ca-8cbc-15b6-a3ce-eb134d290e83">
      <Execution id="064c8b77-abf4-45ef-9b77-9eee679f2e05" />
      <TestMethod codeBase="D:\actions-runner\_work\XPCO\XPCO\Corporate\VideoOS.Management.Server.UnitTests\bin\x64\Debug\net472\VideoOS.Management.Server.UnitTests.dll" adapterTypeName="executor://mstestadapter/v2" className="VideoOS.Management.Server.UnitTests.ConfigurationAPI.Rules.Backend.Validation.RecurringTimeValidatorTests" name="Validate_WhenConditionsIncludeWithinTimeProfile_NoErrors" />
    </UnitTest>
    <UnitTest name="ConstructSqlSelect_WrongOperator_EnableNotBool" storage="d:\actions-runner\_work\xpco\xpco\corporate\videoos.management.server.unittests\bin\x64\debug\net472\videoos.management.server.unittests.dll" id="462504af-caf0-7ef6-07a9-2791996eeab6">
      <Execution id="326ebfe9-4490-4c6e-9bd9-5c644f047b36" />
      <TestMethod codeBase="D:\actions-runner\_work\XPCO\XPCO\Corporate\VideoOS.Management.Server.UnitTests\bin\x64\Debug\net472\VideoOS.Management.Server.UnitTests.dll" adapterTypeName="executor://mstestadapter/v2" className="VideoOS.Management.Server.UnitTests.ConfigurationAPI.Converters.SqlQueryFormatterTests" name="ConstructSqlSelect_WrongOperator_EnableNotBool" />
    </UnitTest>
    <UnitTest name="SystemSettingsManager_ConvertToDatabaseValue_NonExistant" storage="d:\actions-runner\_work\xpco\xpco\corporate\videoos.management.server.unittests\bin\x64\debug\net472\videoos.management.server.unittests.dll" id="74dee336-3ae8-f0ee-2d39-d913d32def47">
      <Execution id="bfc4f168-6cba-4507-b7c7-8344f6252efa" />
      <TestMethod codeBase="D:\actions-runner\_work\XPCO\XPCO\Corporate\VideoOS.Management.Server.UnitTests\bin\x64\Debug\net472\VideoOS.Management.Server.UnitTests.dll" adapterTypeName="executor://mstestadapter/v2" className="VideoOS.Management.Server.UnitTests.SystemSettingsManagerTests" name="SystemSettingsManager_ConvertToDatabaseValue_NonExistant" />
    </UnitTest>
    <UnitTest name="ConstructSqlSelect_Injection_DateTimeGreaterThan" storage="d:\actions-runner\_work\xpco\xpco\corporate\videoos.management.server.unittests\bin\x64\debug\net472\videoos.management.server.unittests.dll" id="8c91797c-9656-a8d5-fe28-d48d970a3b76">
      <Execution id="3b9d3ed7-2663-4416-a806-90140399b9cf" />
      <TestMethod codeBase="D:\actions-runner\_work\XPCO\XPCO\Corporate\VideoOS.Management.Server.UnitTests\bin\x64\Debug\net472\VideoOS.Management.Server.UnitTests.dll" adapterTypeName="executor://mstestadapter/v2" className="VideoOS.Management.Server.UnitTests.ConfigurationAPI.Converters.SqlQueryFormatterTests" name="ConstructSqlSelect_Injection_DateTimeGreaterThan" />
    </UnitTest>
    <UnitTest name="ConfigurationItemPath_CreateFolderPath3Strings_IdNull_ArgumentNullException" storage="d:\actions-runner\_work\xpco\xpco\corporate\videoos.management.server.unittests\bin\x64\debug\net472\videoos.management.server.unittests.dll" id="1c25503a-6ac8-c88b-7336-23fd93a64a4d">
      <Execution id="de85754a-e3f4-49dc-8bf6-64f5f13975fa" />
      <TestMethod codeBase="D:\actions-runner\_work\XPCO\XPCO\Corporate\VideoOS.Management.Server.UnitTests\bin\x64\Debug\net472\VideoOS.Management.Server.UnitTests.dll" adapterTypeName="executor://mstestadapter/v2" className="VideoOS.Management.Server.UnitTests.ConfigurationAPI.ConfigurationItemPathTests" name="ConfigurationItemPath_CreateFolderPath3Strings_IdNull_ArgumentNullException" />
    </UnitTest>
    <UnitTest name="GetXml_WhenActionIsStopPluginsOnDevices_MatchesXml" storage="d:\actions-runner\_work\xpco\xpco\corporate\videoos.management.server.unittests\bin\x64\debug\net472\videoos.management.server.unittests.dll" id="843016ba-1dcd-50cd-e36e-652312e0dce0">
      <Execution id="5c3c7c6e-ba2a-4590-bcd3-996dcd00beb7" />
      <TestMethod codeBase="D:\actions-runner\_work\XPCO\XPCO\Corporate\VideoOS.Management.Server.UnitTests\bin\x64\Debug\net472\VideoOS.Management.Server.UnitTests.dll" adapterTypeName="executor://mstestadapter/v2" className="VideoOS.Management.Server.UnitTests.ConfigurationAPI.Rules.Backend.Builders.ActionXmlBuilderTests" name="GetXml_WhenActionIsStopPluginsOnDevices_MatchesXml" />
    </UnitTest>
    <UnitTest name="ConstructSqlSelect_WrongOperator" storage="d:\actions-runner\_work\xpco\xpco\corporate\videoos.management.server.unittests\bin\x64\debug\net472\videoos.management.server.unittests.dll" id="80079db1-1839-4165-6119-1003a4d5f9fd">
      <Execution id="33622726-d8d8-47ee-955f-1caf0b18c1e4" />
      <TestMethod codeBase="D:\actions-runner\_work\XPCO\XPCO\Corporate\VideoOS.Management.Server.UnitTests\bin\x64\Debug\net472\VideoOS.Management.Server.UnitTests.dll" adapterTypeName="executor://mstestadapter/v2" className="VideoOS.Management.Server.UnitTests.ConfigurationAPI.Converters.SqlQueryFormatterTests" name="ConstructSqlSelect_WrongOperator" />
    </UnitTest>
    <UnitTest name="Build_StopSetRecordingFramerate_WhenParametersAreSet_ReturnsActionModel" storage="d:\actions-runner\_work\xpco\xpco\corporate\videoos.management.server.unittests\bin\x64\debug\net472\videoos.management.server.unittests.dll" id="eee96a98-faca-ed54-e0cb-5b3b21b8b5c6">
      <Execution id="dffe14d7-a112-48f7-b38d-f6ce38dba680" />
      <TestMethod codeBase="D:\actions-runner\_work\XPCO\XPCO\Corporate\VideoOS.Management.Server.UnitTests\bin\x64\Debug\net472\VideoOS.Management.Server.UnitTests.dll" adapterTypeName="executor://mstestadapter/v2" className="VideoOS.Management.Server.UnitTests.ConfigurationAPI.Rules.Builders.RuleModelActionsBuilderTests" name="Build_StopSetRecordingFramerate_WhenParametersAreSet_ReturnsActionModel" />
    </UnitTest>
    <UnitTest name="IsComplete_WhenAllStepsAreComplete_ReturnsTrue" storage="d:\actions-runner\_work\xpco\xpco\corporate\videoos.management.server.unittests\bin\x64\debug\net472\videoos.management.server.unittests.dll" id="a32bc574-b67a-8b70-e9a3-b930e6d8df6d">
      <Execution id="e84db0d8-77e2-4d4b-ae00-85632a62c9e5" />
      <TestMethod codeBase="D:\actions-runner\_work\XPCO\XPCO\Corporate\VideoOS.Management.Server.UnitTests\bin\x64\Debug\net472\VideoOS.Management.Server.UnitTests.dll" adapterTypeName="executor://mstestadapter/v2" className="VideoOS.Management.Server.UnitTests.ConfigurationAPI.Rules.Methods.RuleWizardInfoProviderTests" name="IsComplete_WhenAllStepsAreComplete_ReturnsTrue" />
    </UnitTest>
    <UnitTest name="ConfigurationItemPathBuilder_ItemType_Null_ArgumentNullException" storage="d:\actions-runner\_work\xpco\xpco\corporate\videoos.management.server.unittests\bin\x64\debug\net472\videoos.management.server.unittests.dll" id="404a7b15-df43-0583-3634-a2140371f5e4">
      <Execution id="58b8eb2d-241f-4557-ab1c-9e8f44ba9805" />
      <TestMethod codeBase="D:\actions-runner\_work\XPCO\XPCO\Corporate\VideoOS.Management.Server.UnitTests\bin\x64\Debug\net472\VideoOS.Management.Server.UnitTests.dll" adapterTypeName="executor://mstestadapter/v2" className="VideoOS.Management.Server.UnitTests.ConfigurationAPI.ConfigurationItemPathBuilderTests" name="ConfigurationItemPathBuilder_ItemType_Null_ArgumentNullException" />
    </UnitTest>
    <UnitTest name="IsComplete_WhenRecurring_MonthlyRecurring_ReturnsTrue" storage="d:\actions-runner\_work\xpco\xpco\corporate\videoos.management.server.unittests\bin\x64\debug\net472\videoos.management.server.unittests.dll" id="4f3ab75d-7a94-1c7f-6a25-53a0b7412c76">
      <Execution id="cea2278c-3d42-4b70-b720-b7e07a9ea727" />
      <TestMethod codeBase="D:\actions-runner\_work\XPCO\XPCO\Corporate\VideoOS.Management.Server.UnitTests\bin\x64\Debug\net472\VideoOS.Management.Server.UnitTests.dll" adapterTypeName="executor://mstestadapter/v2" className="VideoOS.Management.Server.UnitTests.ConfigurationAPI.Rules.Methods.StartRuleTypeStepTests" name="IsComplete_WhenRecurring_MonthlyRecurring_ReturnsTrue" />
    </UnitTest>
    <UnitTest name="Validate_WhenNonOfPairedValuesAreSet_Error" storage="d:\actions-runner\_work\xpco\xpco\corporate\videoos.management.server.unittests\bin\x64\debug\net472\videoos.management.server.unittests.dll" id="6a7f908c-e991-8475-4196-2865a5565e03">
      <Execution id="6edddb49-ae4a-4b24-b5a1-ea0c3b20d3da" />
      <TestMethod codeBase="D:\actions-runner\_work\XPCO\XPCO\Corporate\VideoOS.Management.Server.UnitTests\bin\x64\Debug\net472\VideoOS.Management.Server.UnitTests.dll" adapterTypeName="executor://mstestadapter/v2" className="VideoOS.Management.Server.UnitTests.ConfigurationAPI.Rules.Backend.Validation.RuleParametersValidatorTests" name="Validate_WhenNonOfPairedValuesAreSet_Error" />
    </UnitTest>
    <UnitTest name="SendCommandSecurityVisitor_ExecuteRuleActionsCommand_NotSupportedException" storage="d:\actions-runner\_work\xpco\xpco\corporate\videoos.management.server.unittests\bin\x64\debug\net472\videoos.management.server.unittests.dll" id="49799a24-c24a-f014-3525-c7d3d4689894">
      <Execution id="bef26c75-f9cb-449d-bb73-12ceb796c983" />
      <TestMethod codeBase="D:\actions-runner\_work\XPCO\XPCO\Corporate\VideoOS.Management.Server.UnitTests\bin\x64\Debug\net472\VideoOS.Management.Server.UnitTests.dll" adapterTypeName="executor://mstestadapter/v2" className="VideoOS.Management.Server.UnitTests.SendCommandSecurityVisitorTests" name="SendCommandSecurityVisitor_ExecuteRuleActionsCommand_NotSupportedException" />
    </UnitTest>
    <UnitTest name="MergeMotionDetectionSettings_XmlComparison2_Success" storage="d:\actions-runner\_work\xpco\xpco\corporate\videoos.management.server.unittests\bin\x64\debug\net472\videoos.management.server.unittests.dll" id="aff5d34f-48cd-8224-3e98-9a6054dca8c1">
      <Execution id="6e41d657-ca01-4a8b-bb78-0849d9f8fadd" />
      <TestMethod codeBase="D:\actions-runner\_work\XPCO\XPCO\Corporate\VideoOS.Management.Server.UnitTests\bin\x64\Debug\net472\VideoOS.Management.Server.UnitTests.dll" adapterTypeName="executor://mstestadapter/v2" className="VideoOS.Management.Server.UnitTests.BusinessObjects.DeviceMotionDetectionUnitTests" name="MergeMotionDetectionSettings_XmlComparison2_Success" />
    </UnitTest>
    <UnitTest name="GetCurrentProperties_WhenRuleTypeIsEvent_EventTypeNotSet_ReturnsRuleTypeAndEventGroupProperties" storage="d:\actions-runner\_work\xpco\xpco\corporate\videoos.management.server.unittests\bin\x64\debug\net472\videoos.management.server.unittests.dll" id="9af4ddf9-c8f4-e05c-8213-a752a69088b6">
      <Execution id="ab964930-7cd6-4773-bcd0-8486da12f230" />
      <TestMethod codeBase="D:\actions-runner\_work\XPCO\XPCO\Corporate\VideoOS.Management.Server.UnitTests\bin\x64\Debug\net472\VideoOS.Management.Server.UnitTests.dll" adapterTypeName="executor://mstestadapter/v2" className="VideoOS.Management.Server.UnitTests.ConfigurationAPI.Rules.Methods.StopRuleTypeStepTests" name="GetCurrentProperties_WhenRuleTypeIsEvent_EventTypeNotSet_ReturnsRuleTypeAndEventGroupProperties" />
    </UnitTest>
    <UnitTest name="BusinessObjects_License_UpdateMipPluginsLicenseRequestPart_NoPluginsInDB" storage="d:\actions-runner\_work\xpco\xpco\corporate\videoos.management.server.unittests\bin\x64\debug\net472\videoos.management.server.unittests.dll" id="b9cf8ce6-70af-5211-27c0-df9f12f9f2e2">
      <Execution id="96247a68-5cff-4cc1-9827-195714679e56" />
      <TestMethod codeBase="D:\actions-runner\_work\XPCO\XPCO\Corporate\VideoOS.Management.Server.UnitTests\bin\x64\Debug\net472\VideoOS.Management.Server.UnitTests.dll" adapterTypeName="executor://mstestadapter/v2" className="VideoOS.Management.Server.UnitTests.BusinessObjects.LicenseUnitTests" name="BusinessObjects_License_UpdateMipPluginsLicenseRequestPart_NoPluginsInDB" />
    </UnitTest>
    <UnitTest name="ScheduledActionController_Dispose_TokenIsDisposed" storage="d:\actions-runner\_work\xpco\xpco\corporate\videoos.management.server.unittests\bin\x64\debug\net472\videoos.management.server.unittests.dll" id="f59fede5-5088-9420-832c-b3ef4c9bd7a4">
      <Execution id="258373e6-da4a-4fb5-adb6-e4926042ca82" />
      <TestMethod codeBase="D:\actions-runner\_work\XPCO\XPCO\Corporate\VideoOS.Management.Server.UnitTests\bin\x64\Debug\net472\VideoOS.Management.Server.UnitTests.dll" adapterTypeName="executor://mstestadapter/v2" className="VideoOS.Management.Server.UnitTests.BusinessObjects.ManagementServer.DataCollection.ScheduledAction.ScheduledActionControllerTest" name="ScheduledActionController_Dispose_TokenIsDisposed" />
    </UnitTest>
    <UnitTest name="IsComplete_WhenRuleTypeIsEvent_EventRuleTypePropertiesSetButEmpty_ReturnsFalse" storage="d:\actions-runner\_work\xpco\xpco\corporate\videoos.management.server.unittests\bin\x64\debug\net472\videoos.management.server.unittests.dll" id="ffb7c164-28cc-f290-8262-026e392fbc0f">
      <Execution id="0f93f6e8-38a7-4dff-a90a-de19f24a41b3" />
      <TestMethod codeBase="D:\actions-runner\_work\XPCO\XPCO\Corporate\VideoOS.Management.Server.UnitTests\bin\x64\Debug\net472\VideoOS.Management.Server.UnitTests.dll" adapterTypeName="executor://mstestadapter/v2" className="VideoOS.Management.Server.UnitTests.ConfigurationAPI.Rules.Methods.StartRuleTypeStepTests" name="IsComplete_WhenRuleTypeIsEvent_EventRuleTypePropertiesSetButEmpty_ReturnsFalse" />
    </UnitTest>
    <UnitTest name="GetCurrentProperties_WhenRuleTypeIsEvent_EventSourcesNotSet__ReturnsProperties" storage="d:\actions-runner\_work\xpco\xpco\corporate\videoos.management.server.unittests\bin\x64\debug\net472\videoos.management.server.unittests.dll" id="84fe2c8b-63df-3cb6-1730-14b972b8d40a">
      <Execution id="8bb6c256-dce5-4e23-a582-ac474d452ca5" />
      <TestMethod codeBase="D:\actions-runner\_work\XPCO\XPCO\Corporate\VideoOS.Management.Server.UnitTests\bin\x64\Debug\net472\VideoOS.Management.Server.UnitTests.dll" adapterTypeName="executor://mstestadapter/v2" className="VideoOS.Management.Server.UnitTests.ConfigurationAPI.Rules.Methods.StopRuleTypeStepTests" name="GetCurrentProperties_WhenRuleTypeIsEvent_EventSourcesNotSet__ReturnsProperties" />
    </UnitTest>
    <UnitTest name="GetCurrentProperties_WhenRuleTypeIsEvent_EventSourcesNotPresent__ReturnsProperties" storage="d:\actions-runner\_work\xpco\xpco\corporate\videoos.management.server.unittests\bin\x64\debug\net472\videoos.management.server.unittests.dll" id="2928b600-8ff9-c045-8d14-82ef46cf4e75">
      <Execution id="3ab3dbfa-d91e-416e-9843-95308358570b" />
      <TestMethod codeBase="D:\actions-runner\_work\XPCO\XPCO\Corporate\VideoOS.Management.Server.UnitTests\bin\x64\Debug\net472\VideoOS.Management.Server.UnitTests.dll" adapterTypeName="executor://mstestadapter/v2" className="VideoOS.Management.Server.UnitTests.ConfigurationAPI.Rules.Methods.StopRuleTypeStepTests" name="GetCurrentProperties_WhenRuleTypeIsEvent_EventSourcesNotPresent__ReturnsProperties" />
    </UnitTest>
    <UnitTest name="AsyncRetryExecutionNoRetryWrongExceptionTest" storage="d:\actions-runner\_work\xpco\xpco\corporate\videoos.management.server.unittests\bin\x64\debug\net472\videoos.management.server.unittests.dll" id="2fd12745-d871-2179-2328-2b455f21727e">
      <Execution id="e9972514-cd8e-415a-b991-560446973c4a" />
      <TestMethod codeBase="D:\actions-runner\_work\XPCO\XPCO\Corporate\VideoOS.Management.Server.UnitTests\bin\x64\Debug\net472\VideoOS.Management.Server.UnitTests.dll" adapterTypeName="executor://mstestadapter/v2" className="VideoOS.Management.Server.UnitTests.BusinessObjects.AsyncRetryExecutionTest" name="AsyncRetryExecutionNoRetryWrongExceptionTest" />
    </UnitTest>
    <UnitTest name="TryGetProperty_WhenPropertyExists_ReturnsTrue" storage="d:\actions-runner\_work\xpco\xpco\corporate\videoos.management.server.unittests\bin\x64\debug\net472\videoos.management.server.unittests.dll" id="197289e9-4388-424d-af97-c5296b89b1d4">
      <Execution id="4512d3fa-a1f2-4c00-acb1-6221405eb88f" />
      <TestMethod codeBase="D:\actions-runner\_work\XPCO\XPCO\Corporate\VideoOS.Management.Server.UnitTests\bin\x64\Debug\net472\VideoOS.Management.Server.UnitTests.dll" adapterTypeName="executor://mstestadapter/v2" className="VideoOS.Management.Server.UnitTests.ConfigurationAPI.Rules.ConfigurationItemExtensionsTests" name="TryGetProperty_WhenPropertyExists_ReturnsTrue" />
    </UnitTest>
    <UnitTest name="Build_RetrieveEdgeStorageTimeOrMetadata_WhenParametersAreSet_ReturnsActionModel" storage="d:\actions-runner\_work\xpco\xpco\corporate\videoos.management.server.unittests\bin\x64\debug\net472\videoos.management.server.unittests.dll" id="31657ef7-69b9-d6f1-1bad-c161e441dac0">
      <Execution id="cf78b7ef-3600-4a48-b5b0-0e1e70d10b7e" />
      <TestMethod codeBase="D:\actions-runner\_work\XPCO\XPCO\Corporate\VideoOS.Management.Server.UnitTests\bin\x64\Debug\net472\VideoOS.Management.Server.UnitTests.dll" adapterTypeName="executor://mstestadapter/v2" className="VideoOS.Management.Server.UnitTests.ConfigurationAPI.Rules.Builders.RuleModelActionsBuilderTests" name="Build_RetrieveEdgeStorageTimeOrMetadata_WhenParametersAreSet_ReturnsActionModel" />
    </UnitTest>
    <UnitTest name="DeviceStreams_AddStream_MultiStreamNotSupported_Success" storage="d:\actions-runner\_work\xpco\xpco\corporate\videoos.management.server.unittests\bin\x64\debug\net472\videoos.management.server.unittests.dll" id="1cc85615-0b8f-3926-085e-3496be702927">
      <Execution id="69368fd8-d689-4ea6-8f55-8e91fb8366b8" />
      <TestMethod codeBase="D:\actions-runner\_work\XPCO\XPCO\Corporate\VideoOS.Management.Server.UnitTests\bin\x64\Debug\net472\VideoOS.Management.Server.UnitTests.dll" adapterTypeName="executor://mstestadapter/v2" className="VideoOS.Management.Server.UnitTests.BusinessObjects.DeviceStreamsUnitTests" name="DeviceStreams_AddStream_MultiStreamNotSupported_Success" />
    </UnitTest>
    <UnitTest name="Build_WhenVideoWallSetToPreset_ReturnsProperties" storage="d:\actions-runner\_work\xpco\xpco\corporate\videoos.management.server.unittests\bin\x64\debug\net472\videoos.management.server.unittests.dll" id="edf0275e-bc1c-c713-e99d-7848c868d97b">
      <Execution id="d2e7b2ac-39b2-4277-ab1a-24f876238bac" />
      <TestMethod codeBase="D:\actions-runner\_work\XPCO\XPCO\Corporate\VideoOS.Management.Server.UnitTests\bin\x64\Debug\net472\VideoOS.Management.Server.UnitTests.dll" adapterTypeName="executor://mstestadapter/v2" className="VideoOS.Management.Server.UnitTests.ConfigurationAPI.Rules.Builders.ConfigurationItemActionBuilderTests" name="Build_WhenVideoWallSetToPreset_ReturnsProperties" />
    </UnitTest>
    <UnitTest name="GetItem_SunnyDayTest" storage="d:\actions-runner\_work\xpco\xpco\corporate\videoos.management.server.unittests\bin\x64\debug\net472\videoos.management.server.unittests.dll" id="6be56eef-6abf-389c-7220-c295b9819c65">
      <Execution id="d5c37d2c-45ce-4857-b465-e197fd648c47" />
      <TestMethod codeBase="D:\actions-runner\_work\XPCO\XPCO\Corporate\VideoOS.Management.Server.UnitTests\bin\x64\Debug\net472\VideoOS.Management.Server.UnitTests.dll" adapterTypeName="executor://mstestadapter/v2" className="VideoOS.Management.Server.UnitTests.ConfigurationAPI.BusinessObjects.AudioMessage.AudioMessageFolderConfigurationApiTest" name="GetItem_SunnyDayTest" />
    </UnitTest>
    <UnitTest name="Authorize_ThrowsFaultCode_OnUserAuthorizingHimself" storage="d:\actions-runner\_work\xpco\xpco\corporate\videoos.management.server.unittests\bin\x64\debug\net472\videoos.management.server.unittests.dll" id="c235d13c-c3ba-5b61-716a-1d29d76a78c5">
      <TestCategory>
        <TestCategoryItem TestCategory="DualAuthorization" />
      </TestCategory>
      <Execution id="b3c90046-387f-45b2-a726-a0a675fb9d3b" />
      <TestMethod codeBase="D:\actions-runner\_work\XPCO\XPCO\Corporate\VideoOS.Management.Server.UnitTests\bin\x64\Debug\net472\VideoOS.Management.Server.UnitTests.dll" adapterTypeName="executor://mstestadapter/v2" className="VideoOS.Management.Server.UnitTests.DualAuthorizationHandlingTests" name="Authorize_ThrowsFaultCode_OnUserAuthorizingHimself" />
    </UnitTest>
    <UnitTest name="Validate_WhenValueIsNotValid_ReturnsFalse" storage="d:\actions-runner\_work\xpco\xpco\corporate\videoos.management.server.unittests\bin\x64\debug\net472\videoos.management.server.unittests.dll" id="16c6c8be-2eaf-874f-b060-6cd61bf3095b">
      <Execution id="934d0837-3e5f-47e2-8dba-155c4cbe32d3" />
      <TestMethod codeBase="D:\actions-runner\_work\XPCO\XPCO\Corporate\VideoOS.Management.Server.UnitTests\bin\x64\Debug\net472\VideoOS.Management.Server.UnitTests.dll" adapterTypeName="executor://mstestadapter/v2" className="VideoOS.Management.Server.UnitTests.ConfigurationAPI.Rules.Backend.Validation.FramerateValueValidatorTests" name="Validate_WhenValueIsNotValid_ReturnsFalse" />
    </UnitTest>
    <UnitTest name="GetCurrentProperties_WhenActionPropertyHasValueAndParameterPropertiesExistButMissingRequiredValues_ReturnsListWithOnlyPropertiesThatHaveValues" storage="d:\actions-runner\_work\xpco\xpco\corporate\videoos.management.server.unittests\bin\x64\debug\net472\videoos.management.server.unittests.dll" id="c7656011-c977-ecfd-46dd-5cfa7031faee">
      <Execution id="b43d9747-0e20-4825-a77f-c013d234e845" />
      <TestMethod codeBase="D:\actions-runner\_work\XPCO\XPCO\Corporate\VideoOS.Management.Server.UnitTests\bin\x64\Debug\net472\VideoOS.Management.Server.UnitTests.dll" adapterTypeName="executor://mstestadapter/v2" className="VideoOS.Management.Server.UnitTests.ConfigurationAPI.Rules.Methods.StartActionsStepTests" name="GetCurrentProperties_WhenActionPropertyHasValueAndParameterPropertiesExistButMissingRequiredValues_ReturnsListWithOnlyPropertiesThatHaveValues" />
    </UnitTest>
    <UnitTest name="FindSearchTemplates_ById_PrivateOnly" storage="d:\actions-runner\_work\xpco\xpco\corporate\videoos.management.server.unittests\bin\x64\debug\net472\videoos.management.server.unittests.dll" id="a7ed8321-25b2-58c8-6a60-0d657b3e13fb">
      <Execution id="55157b1e-fd7d-489f-8d14-965a5d9ec433" />
      <TestMethod codeBase="D:\actions-runner\_work\XPCO\XPCO\Corporate\VideoOS.Management.Server.UnitTests\bin\x64\Debug\net472\VideoOS.Management.Server.UnitTests.dll" adapterTypeName="executor://mstestadapter/v2" className="VideoOS.Management.Server.UnitTests.BusinessObjects.ManagementServer.SearchTemplate.SearchTemplateFindTests" name="FindSearchTemplates_ById_PrivateOnly" />
    </UnitTest>
    <UnitTest name="Validate_WhenValidDailyFrequency_ValidRecurringSubday_NoErrors" storage="d:\actions-runner\_work\xpco\xpco\corporate\videoos.management.server.unittests\bin\x64\debug\net472\videoos.management.server.unittests.dll" id="f85759c7-ec9b-69f6-11a2-0b0082f07eaa">
      <Execution id="436aa10b-6ed5-4032-969f-901cbef370f6" />
      <TestMethod codeBase="D:\actions-runner\_work\XPCO\XPCO\Corporate\VideoOS.Management.Server.UnitTests\bin\x64\Debug\net472\VideoOS.Management.Server.UnitTests.dll" adapterTypeName="executor://mstestadapter/v2" className="VideoOS.Management.Server.UnitTests.ConfigurationAPI.Rules.Backend.Validation.RecurringTimeValidatorTests" name="Validate_WhenValidDailyFrequency_ValidRecurringSubday_NoErrors" />
    </UnitTest>
    <UnitTest name="BusinessObjects_License_UpdateMipPluginsLicenseRequestPart_PluginIdMissing" storage="d:\actions-runner\_work\xpco\xpco\corporate\videoos.management.server.unittests\bin\x64\debug\net472\videoos.management.server.unittests.dll" id="37bf313f-7ebd-b778-627c-7838139b3597">
      <Execution id="69590c6a-84c9-4e7d-b022-ef03b7319879" />
      <TestMethod codeBase="D:\actions-runner\_work\XPCO\XPCO\Corporate\VideoOS.Management.Server.UnitTests\bin\x64\Debug\net472\VideoOS.Management.Server.UnitTests.dll" adapterTypeName="executor://mstestadapter/v2" className="VideoOS.Management.Server.UnitTests.BusinessObjects.LicenseUnitTests" name="BusinessObjects_License_UpdateMipPluginsLicenseRequestPart_PluginIdMissing" />
    </UnitTest>
    <UnitTest name="ConstructorTest" storage="d:\actions-runner\_work\xpco\xpco\corporate\videoos.management.server.unittests\bin\x64\debug\net472\videoos.management.server.unittests.dll" id="19eee4b1-ca0c-4da5-ef4d-be71bc6ed283">
      <TestCategory>
        <TestCategoryItem TestCategory="DualAuthorization" />
      </TestCategory>
      <Execution id="595d35b0-402a-4d54-bed5-4fe771190c30" />
      <TestMethod codeBase="D:\actions-runner\_work\XPCO\XPCO\Corporate\VideoOS.Management.Server.UnitTests\bin\x64\Debug\net472\VideoOS.Management.Server.UnitTests.dll" adapterTypeName="executor://mstestadapter/v2" className="VideoOS.Management.Server.UnitTests.DualAuthorizationHandlingTests" name="ConstructorTest" />
    </UnitTest>
    <UnitTest name="Get_KnownResourceType_AnyTask_ExceptionNotCaught" storage="d:\actions-runner\_work\xpco\xpco\corporate\videoos.management.server.unittests\bin\x64\debug\net472\videoos.management.server.unittests.dll" id="ed8d1798-26fd-c902-1367-e6a030748eaa">
      <Execution id="ecb8cca4-ac08-479c-af30-f806b5c73ec6" />
      <TestMethod codeBase="D:\actions-runner\_work\XPCO\XPCO\Corporate\VideoOS.Management.Server.UnitTests\bin\x64\Debug\net472\VideoOS.Management.Server.UnitTests.dll" adapterTypeName="executor://mstestadapter/v2" className="VideoOS.Management.Server.UnitTests.RestApi.SpecificChildItemControllerTests" name="Get_KnownResourceType_AnyTask_ExceptionNotCaught" />
    </UnitTest>
    <UnitTest name="Build_WhenDeviceChangeSettings_ReturnsProperties" storage="d:\actions-runner\_work\xpco\xpco\corporate\videoos.management.server.unittests\bin\x64\debug\net472\videoos.management.server.unittests.dll" id="6ec3c7f1-218d-1d91-3cae-80e2498875ad">
      <Execution id="b7ef14bf-e46d-42a8-bafb-5e9d14575782" />
      <TestMethod codeBase="D:\actions-runner\_work\XPCO\XPCO\Corporate\VideoOS.Management.Server.UnitTests\bin\x64\Debug\net472\VideoOS.Management.Server.UnitTests.dll" adapterTypeName="executor://mstestadapter/v2" className="VideoOS.Management.Server.UnitTests.ConfigurationAPI.Rules.Builders.ConfigurationItemActionBuilderTests" name="Build_WhenDeviceChangeSettings_ReturnsProperties" />
    </UnitTest>
    <UnitTest name="GetXml_WhenActionIsCreateLogEntry_MatchesXml" storage="d:\actions-runner\_work\xpco\xpco\corporate\videoos.management.server.unittests\bin\x64\debug\net472\videoos.management.server.unittests.dll" id="fa115137-4769-6224-53a5-8c441760c9c3">
      <Execution id="8c55d641-85b9-48c5-a1e9-24a6e4a32e41" />
      <TestMethod codeBase="D:\actions-runner\_work\XPCO\XPCO\Corporate\VideoOS.Management.Server.UnitTests\bin\x64\Debug\net472\VideoOS.Management.Server.UnitTests.dll" adapterTypeName="executor://mstestadapter/v2" className="VideoOS.Management.Server.UnitTests.ConfigurationAPI.Rules.Backend.Builders.ActionXmlBuilderTests" name="GetXml_WhenActionIsCreateLogEntry_MatchesXml" />
    </UnitTest>
    <UnitTest name="SendCommandSecurityVisitor_UpdateConfigurationManagerCommand_Camera_Add_NoSecurityCheck" storage="d:\actions-runner\_work\xpco\xpco\corporate\videoos.management.server.unittests\bin\x64\debug\net472\videoos.management.server.unittests.dll" id="d45cc0ec-1a97-b3cb-b165-eace3f55ef2e">
      <Execution id="42f5242c-550b-4fee-9b83-34289aa46417" />
      <TestMethod codeBase="D:\actions-runner\_work\XPCO\XPCO\Corporate\VideoOS.Management.Server.UnitTests\bin\x64\Debug\net472\VideoOS.Management.Server.UnitTests.dll" adapterTypeName="executor://mstestadapter/v2" className="VideoOS.Management.Server.UnitTests.SendCommandSecurityVisitorTests" name="SendCommandSecurityVisitor_UpdateConfigurationManagerCommand_Camera_Add_NoSecurityCheck" />
    </UnitTest>
    <UnitTest name="Validate_WhenValueIsValid_ReturnsTrue" storage="d:\actions-runner\_work\xpco\xpco\corporate\videoos.management.server.unittests\bin\x64\debug\net472\videoos.management.server.unittests.dll" id="f619a381-fe6e-728f-20d0-1f886df7789e">
      <Execution id="05eb7e36-8bbd-4391-a04f-e97035de367d" />
      <TestMethod codeBase="D:\actions-runner\_work\XPCO\XPCO\Corporate\VideoOS.Management.Server.UnitTests\bin\x64\Debug\net472\VideoOS.Management.Server.UnitTests.dll" adapterTypeName="executor://mstestadapter/v2" className="VideoOS.Management.Server.UnitTests.ConfigurationAPI.Rules.Backend.Validation.DeviceSettingsParameterValueValidatorTests" name="Validate_WhenValueIsValid_ReturnsTrue" />
    </UnitTest>
    <UnitTest name="Validate_WhenObjectNotExists_ReturnsFalse" storage="d:\actions-runner\_work\xpco\xpco\corporate\videoos.management.server.unittests\bin\x64\debug\net472\videoos.management.server.unittests.dll" id="288bb23a-6e9a-0044-9446-fbd1b450ab47">
      <Execution id="70320dbe-aba7-493b-b363-a182b11089b5" />
      <TestMethod codeBase="D:\actions-runner\_work\XPCO\XPCO\Corporate\VideoOS.Management.Server.UnitTests\bin\x64\Debug\net472\VideoOS.Management.Server.UnitTests.dll" adapterTypeName="executor://mstestadapter/v2" className="VideoOS.Management.Server.UnitTests.ConfigurationAPI.Rules.Backend.Validation.ArchiveParameterValueValidatorTests" name="Validate_WhenObjectNotExists_ReturnsFalse" />
    </UnitTest>
    <UnitTest name="Get_UnknownResource_ExceptionNotCaught" storage="d:\actions-runner\_work\xpco\xpco\corporate\videoos.management.server.unittests\bin\x64\debug\net472\videoos.management.server.unittests.dll" id="05695ab2-dc99-4d83-549c-ce5238b70472">
      <Execution id="37839cad-e1e3-441d-90c1-80690b9fe64e" />
      <TestMethod codeBase="D:\actions-runner\_work\XPCO\XPCO\Corporate\VideoOS.Management.Server.UnitTests\bin\x64\Debug\net472\VideoOS.Management.Server.UnitTests.dll" adapterTypeName="executor://mstestadapter/v2" className="VideoOS.Management.Server.UnitTests.RestApi.SpecificChildItemControllerTests" name="Get_UnknownResource_ExceptionNotCaught" />
    </UnitTest>
    <UnitTest name="IsComplete_WhenRuleTypeIsTimeInterval_ReturnsTrue" storage="d:\actions-runner\_work\xpco\xpco\corporate\videoos.management.server.unittests\bin\x64\debug\net472\videoos.management.server.unittests.dll" id="640365c9-a4d4-86f9-c21b-2bfb960a3fbf">
      <Execution id="6b12cc3b-becf-4e3a-9d6a-a40dca85ad6c" />
      <TestMethod codeBase="D:\actions-runner\_work\XPCO\XPCO\Corporate\VideoOS.Management.Server.UnitTests\bin\x64\Debug\net472\VideoOS.Management.Server.UnitTests.dll" adapterTypeName="executor://mstestadapter/v2" className="VideoOS.Management.Server.UnitTests.ConfigurationAPI.Rules.Methods.StopRuleTypeStepTests" name="IsComplete_WhenRuleTypeIsTimeInterval_ReturnsTrue" />
    </UnitTest>
    <UnitTest name="SendCommandSecurityVisitor_UpdateSecurityManagerCommand_SecurityPermissionsDevice_Output_Add_Allowed" storage="d:\actions-runner\_work\xpco\xpco\corporate\videoos.management.server.unittests\bin\x64\debug\net472\videoos.management.server.unittests.dll" id="7fc8a0b9-f08d-7006-7477-ca881558118e">
      <Execution id="d0abfdb3-d22a-4169-8766-ee993a05e39d" />
      <TestMethod codeBase="D:\actions-runner\_work\XPCO\XPCO\Corporate\VideoOS.Management.Server.UnitTests\bin\x64\Debug\net472\VideoOS.Management.Server.UnitTests.dll" adapterTypeName="executor://mstestadapter/v2" className="VideoOS.Management.Server.UnitTests.SendCommandSecurityVisitorTests" name="SendCommandSecurityVisitor_UpdateSecurityManagerCommand_SecurityPermissionsDevice_Output_Add_Allowed" />
    </UnitTest>
    <UnitTest name="ConvertParamToFilter_Format_InvalidTests" storage="d:\actions-runner\_work\xpco\xpco\corporate\videoos.management.server.unittests\bin\x64\debug\net472\videoos.management.server.unittests.dll" id="9b9fbbbb-65bc-f19c-6b02-3eab2594f9d2">
      <Execution id="71dceb63-1dc3-47ce-b2ec-52a0c4c34f38" />
      <TestMethod codeBase="D:\actions-runner\_work\XPCO\XPCO\Corporate\VideoOS.Management.Server.UnitTests\bin\x64\Debug\net472\VideoOS.Management.Server.UnitTests.dll" adapterTypeName="executor://mstestadapter/v2" className="VideoOS.Management.Server.UnitTests.RestApi.ConfigurationApiManagerTests" name="ConvertParamToFilter_Format_InvalidTests" />
    </UnitTest>
    <UnitTest name="IsPropertyPresent_WhenPropertyExists_ReturnsTrue" storage="d:\actions-runner\_work\xpco\xpco\corporate\videoos.management.server.unittests\bin\x64\debug\net472\videoos.management.server.unittests.dll" id="49ad8e02-8457-215e-95c8-95c2e835ace7">
      <Execution id="b34d00f2-ae7e-4ad8-838e-1c637c9310c3" />
      <TestMethod codeBase="D:\actions-runner\_work\XPCO\XPCO\Corporate\VideoOS.Management.Server.UnitTests\bin\x64\Debug\net472\VideoOS.Management.Server.UnitTests.dll" adapterTypeName="executor://mstestadapter/v2" className="VideoOS.Management.Server.UnitTests.ConfigurationAPI.Rules.ConfigurationItemExtensionsTests" name="IsPropertyPresent_WhenPropertyExists_ReturnsTrue" />
    </UnitTest>
    <UnitTest name="IsComplete_WhenEventRule_NoConditionIsSetToTrue_ReturnsTrue" storage="d:\actions-runner\_work\xpco\xpco\corporate\videoos.management.server.unittests\bin\x64\debug\net472\videoos.management.server.unittests.dll" id="47391460-d629-0921-4559-6e194611268b">
      <Execution id="35595664-477a-4722-8140-2ff2b1c4db31" />
      <TestMethod codeBase="D:\actions-runner\_work\XPCO\XPCO\Corporate\VideoOS.Management.Server.UnitTests\bin\x64\Debug\net472\VideoOS.Management.Server.UnitTests.dll" adapterTypeName="executor://mstestadapter/v2" className="VideoOS.Management.Server.UnitTests.ConfigurationAPI.Rules.Methods.StartConditionsStepTest" name="IsComplete_WhenEventRule_NoConditionIsSetToTrue_ReturnsTrue" />
    </UnitTest>
    <UnitTest name="GetNextProperties_WhenRuleTypeIsEvent_EventGroupNotSet_ReturnsEventGroupProperty" storage="d:\actions-runner\_work\xpco\xpco\corporate\videoos.management.server.unittests\bin\x64\debug\net472\videoos.management.server.unittests.dll" id="ea3fdae2-816d-aa64-a5c4-fa2ee9346721">
      <Execution id="8382786d-b4d9-45ab-ac38-ea934de326a8" />
      <TestMethod codeBase="D:\actions-runner\_work\XPCO\XPCO\Corporate\VideoOS.Management.Server.UnitTests\bin\x64\Debug\net472\VideoOS.Management.Server.UnitTests.dll" adapterTypeName="executor://mstestadapter/v2" className="VideoOS.Management.Server.UnitTests.ConfigurationAPI.Rules.Methods.StartRuleTypeStepTests" name="GetNextProperties_WhenRuleTypeIsEvent_EventGroupNotSet_ReturnsEventGroupProperty" />
    </UnitTest>
    <UnitTest name="SendCommandSecurityVisitor_UpdateSecurityManagerCommand_SecurityPermissionsDevice_Camera_Edit_Allowed" storage="d:\actions-runner\_work\xpco\xpco\corporate\videoos.management.server.unittests\bin\x64\debug\net472\videoos.management.server.unittests.dll" id="38bc6cc2-d810-703c-6e85-b7c63e67668b">
      <Execution id="69648824-c4ea-4b18-bae4-ccf9da8338c3" />
      <TestMethod codeBase="D:\actions-runner\_work\XPCO\XPCO\Corporate\VideoOS.Management.Server.UnitTests\bin\x64\Debug\net472\VideoOS.Management.Server.UnitTests.dll" adapterTypeName="executor://mstestadapter/v2" className="VideoOS.Management.Server.UnitTests.SendCommandSecurityVisitorTests" name="SendCommandSecurityVisitor_UpdateSecurityManagerCommand_SecurityPermissionsDevice_Camera_Edit_Allowed" />
    </UnitTest>
    <UnitTest name="Validate_WhenExpectedTypeIsNull_ReturnFalse" storage="d:\actions-runner\_work\xpco\xpco\corporate\videoos.management.server.unittests\bin\x64\debug\net472\videoos.management.server.unittests.dll" id="0e55d226-dd8b-d512-829e-3fd78af8660e">
      <Execution id="e63dfdd7-d2a7-4f04-a70a-a134395b9543" />
      <TestMethod codeBase="D:\actions-runner\_work\XPCO\XPCO\Corporate\VideoOS.Management.Server.UnitTests\bin\x64\Debug\net472\VideoOS.Management.Server.UnitTests.dll" adapterTypeName="executor://mstestadapter/v2" className="VideoOS.Management.Server.UnitTests.ConfigurationAPI.Rules.Backend.Validation.ValueValidators.PluginItemParameterValueValidatorTests" name="Validate_WhenExpectedTypeIsNull_ReturnFalse" />
    </UnitTest>
    <UnitTest name="ConfigurationItemPathBuilder_Create_ItemPath_Succes" storage="d:\actions-runner\_work\xpco\xpco\corporate\videoos.management.server.unittests\bin\x64\debug\net472\videoos.management.server.unittests.dll" id="8716f3ea-ee91-9035-e58a-02a59ed4a044">
      <Execution id="af3f1b65-1374-40f3-abe6-4eee2f24428d" />
      <TestMethod codeBase="D:\actions-runner\_work\XPCO\XPCO\Corporate\VideoOS.Management.Server.UnitTests\bin\x64\Debug\net472\VideoOS.Management.Server.UnitTests.dll" adapterTypeName="executor://mstestadapter/v2" className="VideoOS.Management.Server.UnitTests.ConfigurationAPI.ConfigurationItemPathBuilderTests" name="ConfigurationItemPathBuilder_Create_ItemPath_Succes" />
    </UnitTest>
    <UnitTest name="GetCurrentProperties_WhenRecurring_FrequencySetWithProperties_DailyFrequencySetWithProperties_ReturnsAllPropertiesSet" storage="d:\actions-runner\_work\xpco\xpco\corporate\videoos.management.server.unittests\bin\x64\debug\net472\videoos.management.server.unittests.dll" id="c4674c1f-3b4f-6bc5-c77f-a2d00c6d42c2">
      <Execution id="f7ea74f0-5aa4-4b05-8cf4-3eed775a2a7c" />
      <TestMethod codeBase="D:\actions-runner\_work\XPCO\XPCO\Corporate\VideoOS.Management.Server.UnitTests\bin\x64\Debug\net472\VideoOS.Management.Server.UnitTests.dll" adapterTypeName="executor://mstestadapter/v2" className="VideoOS.Management.Server.UnitTests.ConfigurationAPI.Rules.Methods.StartRuleTypeStepTests" name="GetCurrentProperties_WhenRecurring_FrequencySetWithProperties_DailyFrequencySetWithProperties_ReturnsAllPropertiesSet" />
    </UnitTest>
    <UnitTest name="SendCommandSecurityVisitor_UpdateConfigurationManagerCommand_Hardware_Edit_DeviceEventChange" storage="d:\actions-runner\_work\xpco\xpco\corporate\videoos.management.server.unittests\bin\x64\debug\net472\videoos.management.server.unittests.dll" id="d4e84e1f-4d8e-a331-c3c2-878dcb6056b6">
      <Execution id="b651e3a8-5ab3-4f98-8993-1e4ffa2204c0" />
      <TestMethod codeBase="D:\actions-runner\_work\XPCO\XPCO\Corporate\VideoOS.Management.Server.UnitTests\bin\x64\Debug\net472\VideoOS.Management.Server.UnitTests.dll" adapterTypeName="executor://mstestadapter/v2" className="VideoOS.Management.Server.UnitTests.SendCommandSecurityVisitorTests" name="SendCommandSecurityVisitor_UpdateConfigurationManagerCommand_Hardware_Edit_DeviceEventChange" />
    </UnitTest>
    <UnitTest name="GetCurrentProperties_WhenOutsideTimeProfileNotTimeProfileIsSet_ReturnsProperties" storage="d:\actions-runner\_work\xpco\xpco\corporate\videoos.management.server.unittests\bin\x64\debug\net472\videoos.management.server.unittests.dll" id="20f23e4d-d4f0-b522-2aae-a7514b6f7eb7">
      <Execution id="1fd58883-a82c-4914-abbe-03fd555bbdf6" />
      <TestMethod codeBase="D:\actions-runner\_work\XPCO\XPCO\Corporate\VideoOS.Management.Server.UnitTests\bin\x64\Debug\net472\VideoOS.Management.Server.UnitTests.dll" adapterTypeName="executor://mstestadapter/v2" className="VideoOS.Management.Server.UnitTests.ConfigurationAPI.Rules.Methods.StartConditionsStepTest" name="GetCurrentProperties_WhenOutsideTimeProfileNotTimeProfileIsSet_ReturnsProperties" />
    </UnitTest>
    <UnitTest name="Build_WhenActionIsRetrieveEdgeStorage_ReturnsRuleModel" storage="d:\actions-runner\_work\xpco\xpco\corporate\videoos.management.server.unittests\bin\x64\debug\net472\videoos.management.server.unittests.dll" id="80ce57a7-551e-0143-8b7f-3be7fba8866a">
      <Execution id="79f7b5f4-d0df-4000-a1f3-672c6d3e08ab" />
      <TestMethod codeBase="D:\actions-runner\_work\XPCO\XPCO\Corporate\VideoOS.Management.Server.UnitTests\bin\x64\Debug\net472\VideoOS.Management.Server.UnitTests.dll" adapterTypeName="executor://mstestadapter/v2" className="VideoOS.Management.Server.UnitTests.ConfigurationAPI.Rules.Backend.Builders.XmlRuleModelBuilderTests" name="Build_WhenActionIsRetrieveEdgeStorage_ReturnsRuleModel" />
    </UnitTest>
    <UnitTest name="ServerProxyService_GetDevicesByHardwareId_NotAllowed_RowRemoved" storage="d:\actions-runner\_work\xpco\xpco\corporate\videoos.management.server.unittests\bin\x64\debug\net472\videoos.management.server.unittests.dll" id="e9b42158-e62c-3741-8e5a-e6f026f1273e">
      <Execution id="3db0473f-a159-442b-b42e-7597784e3340" />
      <TestMethod codeBase="D:\actions-runner\_work\XPCO\XPCO\Corporate\VideoOS.Management.Server.UnitTests\bin\x64\Debug\net472\VideoOS.Management.Server.UnitTests.dll" adapterTypeName="executor://mstestadapter/v2" className="VideoOS.Management.Server.UnitTests.ServerProxyServiceUnitTests" name="ServerProxyService_GetDevicesByHardwareId_NotAllowed_RowRemoved" />
    </UnitTest>
    <UnitTest name="ServerProxyService_GetDeviceGroupMembersByDeviceGroupId_AllSpeakers_Allowed_NotFiltered" storage="d:\actions-runner\_work\xpco\xpco\corporate\videoos.management.server.unittests\bin\x64\debug\net472\videoos.management.server.unittests.dll" id="96ee51ad-85d7-b684-73ff-b0ade99738ed">
      <Execution id="261a6ac7-4bff-4bf0-bffc-e7be6b6b8b56" />
      <TestMethod codeBase="D:\actions-runner\_work\XPCO\XPCO\Corporate\VideoOS.Management.Server.UnitTests\bin\x64\Debug\net472\VideoOS.Management.Server.UnitTests.dll" adapterTypeName="executor://mstestadapter/v2" className="VideoOS.Management.Server.UnitTests.ServerProxyServiceUnitTests" name="ServerProxyService_GetDeviceGroupMembersByDeviceGroupId_AllSpeakers_Allowed_NotFiltered" />
    </UnitTest>
    <UnitTest name="Get_Item_Exception_Status_Is_Failed_Success" storage="d:\actions-runner\_work\xpco\xpco\corporate\videoos.management.server.unittests\bin\x64\debug\net472\videoos.management.server.unittests.dll" id="6092451a-ff93-1c11-89c2-430424dda87d">
      <Execution id="17eee934-864b-4d42-a47a-f06507ee41ae" />
      <TestMethod codeBase="D:\actions-runner\_work\XPCO\XPCO\Corporate\VideoOS.Management.Server.UnitTests\bin\x64\Debug\net472\VideoOS.Management.Server.UnitTests.dll" adapterTypeName="executor://mstestadapter/v2" className="VideoOS.Management.Server.UnitTests.ConfigurationAPI.TaskConfigurationApiTest" name="Get_Item_Exception_Status_Is_Failed_Success" />
    </UnitTest>
    <UnitTest name="SetItem_InvalidParentPathTest" storage="d:\actions-runner\_work\xpco\xpco\corporate\videoos.management.server.unittests\bin\x64\debug\net472\videoos.management.server.unittests.dll" id="0825974a-ba77-300d-17e2-9075239855da">
      <Execution id="f895ad53-9c90-4716-87fa-fb798096f600" />
      <TestMethod codeBase="D:\actions-runner\_work\XPCO\XPCO\Corporate\VideoOS.Management.Server.UnitTests\bin\x64\Debug\net472\VideoOS.Management.Server.UnitTests.dll" adapterTypeName="executor://mstestadapter/v2" className="VideoOS.Management.Server.UnitTests.ConfigurationAPI.BusinessObjects.AudioMessage.AudioMessageConfigurationApiTest" name="SetItem_InvalidParentPathTest" />
    </UnitTest>
    <UnitTest name="DeviceStreams_RemoveStream_Success" storage="d:\actions-runner\_work\xpco\xpco\corporate\videoos.management.server.unittests\bin\x64\debug\net472\videoos.management.server.unittests.dll" id="44468b9b-8865-af04-7635-caa591bdbad2">
      <Execution id="e31d36f0-2acf-4bdd-854a-f1d6623ac398" />
      <TestMethod codeBase="D:\actions-runner\_work\XPCO\XPCO\Corporate\VideoOS.Management.Server.UnitTests\bin\x64\Debug\net472\VideoOS.Management.Server.UnitTests.dll" adapterTypeName="executor://mstestadapter/v2" className="VideoOS.Management.Server.UnitTests.BusinessObjects.DeviceStreamsUnitTests" name="DeviceStreams_RemoveStream_Success" />
    </UnitTest>
    <UnitTest name="GetChildItems_ParamNullCheck_PathTest" storage="d:\actions-runner\_work\xpco\xpco\corporate\videoos.management.server.unittests\bin\x64\debug\net472\videoos.management.server.unittests.dll" id="0f4b3fb3-1649-3486-4b10-9188fce87c76">
      <Execution id="edb8cfed-bc68-4753-b21e-f2064c8f9004" />
      <TestMethod codeBase="D:\actions-runner\_work\XPCO\XPCO\Corporate\VideoOS.Management.Server.UnitTests\bin\x64\Debug\net472\VideoOS.Management.Server.UnitTests.dll" adapterTypeName="executor://mstestadapter/v2" className="VideoOS.Management.Server.UnitTests.ConfigurationAPI.BusinessObjects.AudioMessage.AudioMessageFolderConfigurationApiTest" name="GetChildItems_ParamNullCheck_PathTest" />
    </UnitTest>
    <UnitTest name="DeviceStreams_AddStream_Four_Streams_DeviceStreamMaxCountReachedException" storage="d:\actions-runner\_work\xpco\xpco\corporate\videoos.management.server.unittests\bin\x64\debug\net472\videoos.management.server.unittests.dll" id="4b3b46e2-280b-60ed-a7b4-34058315d54f">
      <Execution id="ebec64ee-d9b8-4d1c-9ef8-6e26ddf38f29" />
      <TestMethod codeBase="D:\actions-runner\_work\XPCO\XPCO\Corporate\VideoOS.Management.Server.UnitTests\bin\x64\Debug\net472\VideoOS.Management.Server.UnitTests.dll" adapterTypeName="executor://mstestadapter/v2" className="VideoOS.Management.Server.UnitTests.BusinessObjects.DeviceStreamsUnitTests" name="DeviceStreams_AddStream_Four_Streams_DeviceStreamMaxCountReachedException" />
    </UnitTest>
    <UnitTest name="Validate_WhenPtzFilterEnabled_ValidatesAccordingToDevicePtzSetting" storage="d:\actions-runner\_work\xpco\xpco\corporate\videoos.management.server.unittests\bin\x64\debug\net472\videoos.management.server.unittests.dll" id="31976acb-5bfa-201f-93a4-d10a0e1e9d75">
      <Execution id="cd19bdba-ae91-4124-9aea-6d184cae33f0" />
      <TestMethod codeBase="D:\actions-runner\_work\XPCO\XPCO\Corporate\VideoOS.Management.Server.UnitTests\bin\x64\Debug\net472\VideoOS.Management.Server.UnitTests.dll" adapterTypeName="executor://mstestadapter/v2" className="VideoOS.Management.Server.UnitTests.ConfigurationAPI.Rules.Backend.Validation.DeviceFilterValidatorTests" name="Validate_WhenPtzFilterEnabled_ValidatesAccordingToDevicePtzSetting" />
    </UnitTest>
    <UnitTest name="DevicePtzPresets_RemovePtzPreset_Success" storage="d:\actions-runner\_work\xpco\xpco\corporate\videoos.management.server.unittests\bin\x64\debug\net472\videoos.management.server.unittests.dll" id="14b157e8-0f0a-3faa-8a01-57918ea8fa92">
      <Execution id="5599c5ba-9bde-4fd6-b381-d7a36fd91047" />
      <TestMethod codeBase="D:\actions-runner\_work\XPCO\XPCO\Corporate\VideoOS.Management.Server.UnitTests\bin\x64\Debug\net472\VideoOS.Management.Server.UnitTests.dll" adapterTypeName="executor://mstestadapter/v2" className="VideoOS.Management.Server.UnitTests.BusinessObjects.DevicePtzPresetsUnitTests" name="DevicePtzPresets_RemovePtzPreset_Success" />
    </UnitTest>
    <UnitTest name="Validate_WhenCustomGuidValidatorReturnsInvalidResult_Error" storage="d:\actions-runner\_work\xpco\xpco\corporate\videoos.management.server.unittests\bin\x64\debug\net472\videoos.management.server.unittests.dll" id="5324e651-753d-07df-adab-4893869690ff">
      <Execution id="54a2fd5c-4291-48b1-9c0c-a689cca10ac4" />
      <TestMethod codeBase="D:\actions-runner\_work\XPCO\XPCO\Corporate\VideoOS.Management.Server.UnitTests\bin\x64\Debug\net472\VideoOS.Management.Server.UnitTests.dll" adapterTypeName="executor://mstestadapter/v2" className="VideoOS.Management.Server.UnitTests.ConfigurationAPI.Rules.Backend.Validation.RuleParametersValidatorTests" name="Validate_WhenCustomGuidValidatorReturnsInvalidResult_Error" />
    </UnitTest>
    <UnitTest name="TryParseConditions_WhenAlwaysCondition_ReturnsTrue" storage="d:\actions-runner\_work\xpco\xpco\corporate\videoos.management.server.unittests\bin\x64\debug\net472\videoos.management.server.unittests.dll" id="73a19314-ce34-1cac-9848-6adfbca1ea05">
      <Execution id="406a81be-787f-4fc3-9452-9837de5e5960" />
      <TestMethod codeBase="D:\actions-runner\_work\XPCO\XPCO\Corporate\VideoOS.Management.Server.UnitTests\bin\x64\Debug\net472\VideoOS.Management.Server.UnitTests.dll" adapterTypeName="executor://mstestadapter/v2" className="VideoOS.Management.Server.UnitTests.ConfigurationAPI.Rules.Backend.Builders.ConditionsParserTests" name="TryParseConditions_WhenAlwaysCondition_ReturnsTrue" />
    </UnitTest>
    <UnitTest name="Validate_WhenDaily_FrequencyIsOver100_ReturnsError" storage="d:\actions-runner\_work\xpco\xpco\corporate\videoos.management.server.unittests\bin\x64\debug\net472\videoos.management.server.unittests.dll" id="39484640-1e7f-e9b1-6683-bd8492f1f537">
      <Execution id="81489b29-e20c-4fa6-8b8d-c83b699c15d2" />
      <TestMethod codeBase="D:\actions-runner\_work\XPCO\XPCO\Corporate\VideoOS.Management.Server.UnitTests\bin\x64\Debug\net472\VideoOS.Management.Server.UnitTests.dll" adapterTypeName="executor://mstestadapter/v2" className="VideoOS.Management.Server.UnitTests.ConfigurationAPI.Rules.Backend.Validation.RecurringTimeValidatorTests" name="Validate_WhenDaily_FrequencyIsOver100_ReturnsError" />
    </UnitTest>
    <UnitTest name="DeviceEvents_QueryHardwareEvents_Success" storage="d:\actions-runner\_work\xpco\xpco\corporate\videoos.management.server.unittests\bin\x64\debug\net472\videoos.management.server.unittests.dll" id="3d4078c7-04dc-81c6-025e-55de3171f033">
      <Execution id="22cda314-240e-44dc-ad0a-cf04fd599904" />
      <TestMethod codeBase="D:\actions-runner\_work\XPCO\XPCO\Corporate\VideoOS.Management.Server.UnitTests\bin\x64\Debug\net472\VideoOS.Management.Server.UnitTests.dll" adapterTypeName="executor://mstestadapter/v2" className="VideoOS.Management.Server.UnitTests.BusinessObjects.DeviceEventsUnitTests" name="DeviceEvents_QueryHardwareEvents_Success" />
    </UnitTest>
    <UnitTest name="GetNextProperties_WhenRecurring_NotAllFrequencyTypePropertiesSet_DailyFrequencySet_IgnoresDailyFrequency" storage="d:\actions-runner\_work\xpco\xpco\corporate\videoos.management.server.unittests\bin\x64\debug\net472\videoos.management.server.unittests.dll" id="e3779122-dab2-cd1e-98dc-6385c95345ea">
      <Execution id="d4d65ca3-3bdc-4003-99ab-7abd57aa24cf" />
      <TestMethod codeBase="D:\actions-runner\_work\XPCO\XPCO\Corporate\VideoOS.Management.Server.UnitTests\bin\x64\Debug\net472\VideoOS.Management.Server.UnitTests.dll" adapterTypeName="executor://mstestadapter/v2" className="VideoOS.Management.Server.UnitTests.ConfigurationAPI.Rules.Methods.StartRuleTypeStepTests" name="GetNextProperties_WhenRecurring_NotAllFrequencyTypePropertiesSet_DailyFrequencySet_IgnoresDailyFrequency" />
    </UnitTest>
    <UnitTest name="GetNexProperties_WhenRuleTypeIsEvent_EventGroupNotPresent_ReturnsEventGroupProperty" storage="d:\actions-runner\_work\xpco\xpco\corporate\videoos.management.server.unittests\bin\x64\debug\net472\videoos.management.server.unittests.dll" id="fd2a0fe9-81d6-fb82-463b-f6c41d34cf73">
      <Execution id="37d122b7-2378-40e1-b326-ebc567b6a5f3" />
      <TestMethod codeBase="D:\actions-runner\_work\XPCO\XPCO\Corporate\VideoOS.Management.Server.UnitTests\bin\x64\Debug\net472\VideoOS.Management.Server.UnitTests.dll" adapterTypeName="executor://mstestadapter/v2" className="VideoOS.Management.Server.UnitTests.ConfigurationAPI.Rules.Methods.StartRuleTypeStepTests" name="GetNexProperties_WhenRuleTypeIsEvent_EventGroupNotPresent_ReturnsEventGroupProperty" />
    </UnitTest>
    <UnitTest name="Validate_WhenExpectedTypeIsNull_ReturnFalse" storage="d:\actions-runner\_work\xpco\xpco\corporate\videoos.management.server.unittests\bin\x64\debug\net472\videoos.management.server.unittests.dll" id="cfe259e3-8185-6916-8ab6-e5741238e662">
      <Execution id="52c5f956-59fb-4ed5-b96c-a3cad745c2e6" />
      <TestMethod codeBase="D:\actions-runner\_work\XPCO\XPCO\Corporate\VideoOS.Management.Server.UnitTests\bin\x64\Debug\net472\VideoOS.Management.Server.UnitTests.dll" adapterTypeName="executor://mstestadapter/v2" className="VideoOS.Management.Server.UnitTests.ConfigurationAPI.Rules.Backend.Validation.ValueValidators.DeviceGroupParameterValueValidatorTests" name="Validate_WhenExpectedTypeIsNull_ReturnFalse" />
    </UnitTest>
    <UnitTest name="Build_WhenMIPAction2_ReturnsProperties" storage="d:\actions-runner\_work\xpco\xpco\corporate\videoos.management.server.unittests\bin\x64\debug\net472\videoos.management.server.unittests.dll" id="e9be22cb-8719-7ab6-e19b-d079f3cab173">
      <Execution id="0d131e16-3d02-4eca-9606-b8f08db9c20d" />
      <TestMethod codeBase="D:\actions-runner\_work\XPCO\XPCO\Corporate\VideoOS.Management.Server.UnitTests\bin\x64\Debug\net472\VideoOS.Management.Server.UnitTests.dll" adapterTypeName="executor://mstestadapter/v2" className="VideoOS.Management.Server.UnitTests.ConfigurationAPI.Rules.Builders.ConfigurationItemActionBuilderTests" name="Build_WhenMIPAction2_ReturnsProperties" />
    </UnitTest>
    <UnitTest name="DeviceTypeLookup_QueryDeviceTypeFromSecurityAttributeValue_Invalid_Attribute_UnknowDevice" storage="d:\actions-runner\_work\xpco\xpco\corporate\videoos.management.server.unittests\bin\x64\debug\net472\videoos.management.server.unittests.dll" id="213ae835-d2a0-8f7f-de19-a1eea26f0c60">
      <Execution id="da8c4d90-5141-4c17-8346-87c3a6746a06" />
      <TestMethod codeBase="D:\actions-runner\_work\XPCO\XPCO\Corporate\VideoOS.Management.Server.UnitTests\bin\x64\Debug\net472\VideoOS.Management.Server.UnitTests.dll" adapterTypeName="executor://mstestadapter/v2" className="VideoOS.Management.Server.UnitTests.DeviceTypeLookupUnitTests" name="DeviceTypeLookup_QueryDeviceTypeFromSecurityAttributeValue_Invalid_Attribute_UnknowDevice" />
    </UnitTest>
    <UnitTest name="Validate_WhenSubdayTypeRecurring_SubdayFrequencyIsAbove24Hours_ReturnsError" storage="d:\actions-runner\_work\xpco\xpco\corporate\videoos.management.server.unittests\bin\x64\debug\net472\videoos.management.server.unittests.dll" id="a853a04c-c59f-bfa9-6d17-5ced9a33e3a1">
      <Execution id="a5b1670f-9e27-4094-b906-01044e239412" />
      <TestMethod codeBase="D:\actions-runner\_work\XPCO\XPCO\Corporate\VideoOS.Management.Server.UnitTests\bin\x64\Debug\net472\VideoOS.Management.Server.UnitTests.dll" adapterTypeName="executor://mstestadapter/v2" className="VideoOS.Management.Server.UnitTests.ConfigurationAPI.Rules.Backend.Validation.RecurringTimeValidatorTests" name="Validate_WhenSubdayTypeRecurring_SubdayFrequencyIsAbove24Hours_ReturnsError" />
    </UnitTest>
    <UnitTest name="IncorrectParamaterChecks" storage="d:\actions-runner\_work\xpco\xpco\corporate\videoos.management.server.unittests\bin\x64\debug\net472\videoos.management.server.unittests.dll" id="69b88036-a806-75d0-9cbf-e8eef29720e7">
      <Execution id="4f19b798-4e61-47d8-a676-db4c67e09efc" />
      <TestMethod codeBase="D:\actions-runner\_work\XPCO\XPCO\Corporate\VideoOS.Management.Server.UnitTests\bin\x64\Debug\net472\VideoOS.Management.Server.UnitTests.dll" adapterTypeName="executor://mstestadapter/v2" className="VideoOS.Management.Server.UnitTests.RestApi.PropertyHelperTests" name="IncorrectParamaterChecks" />
    </UnitTest>
    <UnitTest name="IsComplete_WhenEventRule_StartConditionPropertiesHaveEmptyValue_ReturnsTrue" storage="d:\actions-runner\_work\xpco\xpco\corporate\videoos.management.server.unittests\bin\x64\debug\net472\videoos.management.server.unittests.dll" id="62f90951-9905-9d70-efef-35c1dfc0b8b1">
      <Execution id="0b1d1ce7-f0bb-49ed-a15c-2113afe5ecb5" />
      <TestMethod codeBase="D:\actions-runner\_work\XPCO\XPCO\Corporate\VideoOS.Management.Server.UnitTests\bin\x64\Debug\net472\VideoOS.Management.Server.UnitTests.dll" adapterTypeName="executor://mstestadapter/v2" className="VideoOS.Management.Server.UnitTests.ConfigurationAPI.Rules.Methods.StartConditionsStepTest" name="IsComplete_WhenEventRule_StartConditionPropertiesHaveEmptyValue_ReturnsTrue" />
    </UnitTest>
    <UnitTest name="SendCommandSecurityVisitor_UpdateSecurityManagerCommand_SecurityAttributes_Delete_NotSupportedException" storage="d:\actions-runner\_work\xpco\xpco\corporate\videoos.management.server.unittests\bin\x64\debug\net472\videoos.management.server.unittests.dll" id="8c141851-29e1-596b-69a7-f03b9f5551a9">
      <Execution id="263b8808-93a2-42ba-9b84-bbc9ed034467" />
      <TestMethod codeBase="D:\actions-runner\_work\XPCO\XPCO\Corporate\VideoOS.Management.Server.UnitTests\bin\x64\Debug\net472\VideoOS.Management.Server.UnitTests.dll" adapterTypeName="executor://mstestadapter/v2" className="VideoOS.Management.Server.UnitTests.SendCommandSecurityVisitorTests" name="SendCommandSecurityVisitor_UpdateSecurityManagerCommand_SecurityAttributes_Delete_NotSupportedException" />
    </UnitTest>
    <UnitTest name="Build_WhenStartTypeIsPredefinedEvent_CorrectGroupIsSet_ReturnsTrue" storage="d:\actions-runner\_work\xpco\xpco\corporate\videoos.management.server.unittests\bin\x64\debug\net472\videoos.management.server.unittests.dll" id="84a79663-d91f-0de5-1898-83d5f47659bc">
      <Execution id="e05dc104-33f4-4fd8-b87d-c77016b8f6a9" />
      <TestMethod codeBase="D:\actions-runner\_work\XPCO\XPCO\Corporate\VideoOS.Management.Server.UnitTests\bin\x64\Debug\net472\VideoOS.Management.Server.UnitTests.dll" adapterTypeName="executor://mstestadapter/v2" className="VideoOS.Management.Server.UnitTests.ConfigurationAPI.Rules.Backend.Builders.RuleTypeParserTests" name="Build_WhenStartTypeIsPredefinedEvent_CorrectGroupIsSet_ReturnsTrue" />
    </UnitTest>
    <UnitTest name="Validate_WhenExpectedTypeIsNull_ReturnFalse" storage="d:\actions-runner\_work\xpco\xpco\corporate\videoos.management.server.unittests\bin\x64\debug\net472\videoos.management.server.unittests.dll" id="a0abc24f-7f86-7aea-f5f1-27e00b6dfdca">
      <Execution id="bb63a6b8-34e0-4131-9912-029fa96660d1" />
      <TestMethod codeBase="D:\actions-runner\_work\XPCO\XPCO\Corporate\VideoOS.Management.Server.UnitTests\bin\x64\Debug\net472\VideoOS.Management.Server.UnitTests.dll" adapterTypeName="executor://mstestadapter/v2" className="VideoOS.Management.Server.UnitTests.ConfigurationAPI.Rules.Backend.Validation.SystemDashboardRecordingServerParameterValueValidatorTests" name="Validate_WhenExpectedTypeIsNull_ReturnFalse" />
    </UnitTest>
    <UnitTest name="DataCollectorRegisteredServicesResolver_Constructor_Null_Parameter" storage="d:\actions-runner\_work\xpco\xpco\corporate\videoos.management.server.unittests\bin\x64\debug\net472\videoos.management.server.unittests.dll" id="0d45d3ac-7759-5821-87b0-5751923435a0">
      <Execution id="c2f9cab1-41ed-4620-a6af-5717af4139f5" />
      <TestMethod codeBase="D:\actions-runner\_work\XPCO\XPCO\Corporate\VideoOS.Management.Server.UnitTests\bin\x64\Debug\net472\VideoOS.Management.Server.UnitTests.dll" adapterTypeName="executor://mstestadapter/v2" className="VideoOS.Management.Server.DataCollectorRegisteredServicesResolverTest" name="DataCollectorRegisteredServicesResolver_Constructor_Null_Parameter" />
    </UnitTest>
    <UnitTest name="DeviceStreams_UpdateStream_OnlyUseMediaAfter_UpdateEdge" storage="d:\actions-runner\_work\xpco\xpco\corporate\videoos.management.server.unittests\bin\x64\debug\net472\videoos.management.server.unittests.dll" id="3524fbc3-fc7e-8376-50fe-aec54b897773">
      <Execution id="9f8aeba2-7673-45e6-9a60-9e5c9bc9d3b9" />
      <TestMethod codeBase="D:\actions-runner\_work\XPCO\XPCO\Corporate\VideoOS.Management.Server.UnitTests\bin\x64\Debug\net472\VideoOS.Management.Server.UnitTests.dll" adapterTypeName="executor://mstestadapter/v2" className="VideoOS.Management.Server.UnitTests.BusinessObjects.DeviceStreamsUnitTests" name="DeviceStreams_UpdateStream_OnlyUseMediaAfter_UpdateEdge" />
    </UnitTest>
    <UnitTest name="Invoke_NoBasicResultHasBeenSet_CallDefaultInvoker" storage="d:\actions-runner\_work\xpco\xpco\corporate\videoos.management.server.unittests\bin\x64\debug\net472\videoos.management.server.unittests.dll" id="2847d0ed-aa8d-13a3-ee8e-d6d91711a87a">
      <Execution id="c8a1ca19-ee44-49a6-a7c4-6bebb07c0a5b" />
      <TestMethod codeBase="D:\actions-runner\_work\XPCO\XPCO\Corporate\VideoOS.Management.Server.UnitTests\bin\x64\Debug\net472\VideoOS.Management.Server.UnitTests.dll" adapterTypeName="executor://mstestadapter/v2" className="VideoOS.Management.Server.UnitTests.BasicAuthentication.BasicAuthenticationInvokerTests" name="Invoke_NoBasicResultHasBeenSet_CallDefaultInvoker" />
    </UnitTest>
    <UnitTest name="Test_Hierarchy_MyFolder1_Object1_Denied_On_Root" storage="d:\actions-runner\_work\xpco\xpco\corporate\videoos.management.server.unittests\bin\x64\debug\net472\videoos.management.server.unittests.dll" id="f3ce5db2-b2fd-b6d1-3cd1-1d66b91f44f3">
      <Execution id="3fdd60a6-1068-48ca-930e-a0019935248c" />
      <TestMethod codeBase="D:\actions-runner\_work\XPCO\XPCO\Corporate\VideoOS.Management.Server.UnitTests\bin\x64\Debug\net472\VideoOS.Management.Server.UnitTests.dll" adapterTypeName="executor://mstestadapter/v2" className="VideoOS.Management.Server.UnitTests.PermissionTests" name="Test_Hierarchy_MyFolder1_Object1_Denied_On_Root" />
    </UnitTest>
    <UnitTest name="SendCommandSecurityVisitor_HardwareScanCommand_NotAllowed" storage="d:\actions-runner\_work\xpco\xpco\corporate\videoos.management.server.unittests\bin\x64\debug\net472\videoos.management.server.unittests.dll" id="59c72f01-0f5f-03d5-b199-e40e4025e136">
      <Execution id="a6054ea0-da13-4dec-a309-baf14b7075c5" />
      <TestMethod codeBase="D:\actions-runner\_work\XPCO\XPCO\Corporate\VideoOS.Management.Server.UnitTests\bin\x64\Debug\net472\VideoOS.Management.Server.UnitTests.dll" adapterTypeName="executor://mstestadapter/v2" className="VideoOS.Management.Server.UnitTests.SendCommandSecurityVisitorTests" name="SendCommandSecurityVisitor_HardwareScanCommand_NotAllowed" />
    </UnitTest>
    <UnitTest name="DeviceEvents_UpdateHardwareEvents_Success" storage="d:\actions-runner\_work\xpco\xpco\corporate\videoos.management.server.unittests\bin\x64\debug\net472\videoos.management.server.unittests.dll" id="1b7d1c17-2f79-013d-46f7-9e358c64f21a">
      <Execution id="18d1c704-dd76-4a1b-bf3e-e760c335eedd" />
      <TestMethod codeBase="D:\actions-runner\_work\XPCO\XPCO\Corporate\VideoOS.Management.Server.UnitTests\bin\x64\Debug\net472\VideoOS.Management.Server.UnitTests.dll" adapterTypeName="executor://mstestadapter/v2" className="VideoOS.Management.Server.UnitTests.BusinessObjects.DeviceEventsUnitTests" name="DeviceEvents_UpdateHardwareEvents_Success" />
    </UnitTest>
    <UnitTest name="Test_Hierarchy_MyFolder1_Object1_User_Allowed_Read_And_Write" storage="d:\actions-runner\_work\xpco\xpco\corporate\videoos.management.server.unittests\bin\x64\debug\net472\videoos.management.server.unittests.dll" id="d7758ff5-caf4-2346-1504-74cc75c94822">
      <Execution id="f26378b1-997d-449c-bc09-1feaba6ab7e4" />
      <TestMethod codeBase="D:\actions-runner\_work\XPCO\XPCO\Corporate\VideoOS.Management.Server.UnitTests\bin\x64\Debug\net472\VideoOS.Management.Server.UnitTests.dll" adapterTypeName="executor://mstestadapter/v2" className="VideoOS.Management.Server.UnitTests.PermissionTests" name="Test_Hierarchy_MyFolder1_Object1_User_Allowed_Read_And_Write" />
    </UnitTest>
    <UnitTest name="CheckDualAuthorization_ThowsArgumentNullException_OnNullAsContext" storage="d:\actions-runner\_work\xpco\xpco\corporate\videoos.management.server.unittests\bin\x64\debug\net472\videoos.management.server.unittests.dll" id="ced0fd53-5393-0f9f-d0df-5c504d2cb42d">
      <TestCategory>
        <TestCategoryItem TestCategory="DualAuthorization" />
      </TestCategory>
      <Execution id="9595ef99-5b5c-47fa-b79d-2a39e1da4c77" />
      <TestMethod codeBase="D:\actions-runner\_work\XPCO\XPCO\Corporate\VideoOS.Management.Server.UnitTests\bin\x64\Debug\net472\VideoOS.Management.Server.UnitTests.dll" adapterTypeName="executor://mstestadapter/v2" className="VideoOS.Management.Server.UnitTests.DualAuthorizationHandlingTests" name="CheckDualAuthorization_ThowsArgumentNullException_OnNullAsContext" />
    </UnitTest>
    <UnitTest name="Validate_WhenPtzFilterNotEnabled_ValidatesAsTrue" storage="d:\actions-runner\_work\xpco\xpco\corporate\videoos.management.server.unittests\bin\x64\debug\net472\videoos.management.server.unittests.dll" id="c5be8355-b470-337d-2d40-75872f70a5d6">
      <Execution id="de958310-a093-4199-9c61-33fe090638ec" />
      <TestMethod codeBase="D:\actions-runner\_work\XPCO\XPCO\Corporate\VideoOS.Management.Server.UnitTests\bin\x64\Debug\net472\VideoOS.Management.Server.UnitTests.dll" adapterTypeName="executor://mstestadapter/v2" className="VideoOS.Management.Server.UnitTests.ConfigurationAPI.Rules.Backend.Validation.DeviceFilterValidatorTests" name="Validate_WhenPtzFilterNotEnabled_ValidatesAsTrue" />
    </UnitTest>
    <UnitTest name="InvokeMethod_AddSearchTemplateInvokeInfo" storage="d:\actions-runner\_work\xpco\xpco\corporate\videoos.management.server.unittests\bin\x64\debug\net472\videoos.management.server.unittests.dll" id="009d4c82-6b64-6254-c13d-f667af4af74d">
      <Execution id="99bd5e84-19b7-4232-b218-e9f10508e62c" />
      <TestMethod codeBase="D:\actions-runner\_work\XPCO\XPCO\Corporate\VideoOS.Management.Server.UnitTests\bin\x64\Debug\net472\VideoOS.Management.Server.UnitTests.dll" adapterTypeName="executor://mstestadapter/v2" className="VideoOS.Management.Server.UnitTests.ConfigurationAPI.BusinessObjects.SearchTemplate.SearchTemplateConfigurationApiTest" name="InvokeMethod_AddSearchTemplateInvokeInfo" />
    </UnitTest>
    <UnitTest name="SendCommandSecurityVisitor_UpdateConfigurationManagerCommand_MotionPlugin_Delete_NoSecurityCheck" storage="d:\actions-runner\_work\xpco\xpco\corporate\videoos.management.server.unittests\bin\x64\debug\net472\videoos.management.server.unittests.dll" id="c1fa5a75-d4f7-68e5-fe4e-988e7834ee9b">
      <Execution id="28acefa8-8e05-41d7-aec0-16669e170035" />
      <TestMethod codeBase="D:\actions-runner\_work\XPCO\XPCO\Corporate\VideoOS.Management.Server.UnitTests\bin\x64\Debug\net472\VideoOS.Management.Server.UnitTests.dll" adapterTypeName="executor://mstestadapter/v2" className="VideoOS.Management.Server.UnitTests.SendCommandSecurityVisitorTests" name="SendCommandSecurityVisitor_UpdateConfigurationManagerCommand_MotionPlugin_Delete_NoSecurityCheck" />
    </UnitTest>
    <UnitTest name="GetItemType_WhenObjectNotExists_ReturnsNull" storage="d:\actions-runner\_work\xpco\xpco\corporate\videoos.management.server.unittests\bin\x64\debug\net472\videoos.management.server.unittests.dll" id="97e45da3-208b-3f3a-0ffd-6c818ab79f12">
      <Execution id="86487dd1-048c-4d55-9cb4-0436c93ac8f2" />
      <TestMethod codeBase="D:\actions-runner\_work\XPCO\XPCO\Corporate\VideoOS.Management.Server.UnitTests\bin\x64\Debug\net472\VideoOS.Management.Server.UnitTests.dll" adapterTypeName="executor://mstestadapter/v2" className="VideoOS.Management.Server.UnitTests.ConfigurationAPI.Rules.Backend.Validation.RecordingServerParameterValueValidatorTests" name="GetItemType_WhenObjectNotExists_ReturnsNull" />
    </UnitTest>
    <UnitTest name="Validate_WhenEventSourcesIsNull_Error" storage="d:\actions-runner\_work\xpco\xpco\corporate\videoos.management.server.unittests\bin\x64\debug\net472\videoos.management.server.unittests.dll" id="b6c7d582-95b1-3f8c-4757-61bebcade6a7">
      <Execution id="c8d8d571-a71e-4ca0-9670-5ea4a3295d79" />
      <TestMethod codeBase="D:\actions-runner\_work\XPCO\XPCO\Corporate\VideoOS.Management.Server.UnitTests\bin\x64\Debug\net472\VideoOS.Management.Server.UnitTests.dll" adapterTypeName="executor://mstestadapter/v2" className="VideoOS.Management.Server.UnitTests.ConfigurationAPI.Rules.Backend.Validation.EventValidatorTests" name="Validate_WhenEventSourcesIsNull_Error" />
    </UnitTest>
    <UnitTest name="Validate_WhenCustomGuidValidatorReturnsValidResultWithAllowedMIPKinds_Passes" storage="d:\actions-runner\_work\xpco\xpco\corporate\videoos.management.server.unittests\bin\x64\debug\net472\videoos.management.server.unittests.dll" id="e27529de-e016-835f-9f1b-07dae0158dc6">
      <Execution id="d75a6247-3300-4851-a6e4-1879a1b1d955" />
      <TestMethod codeBase="D:\actions-runner\_work\XPCO\XPCO\Corporate\VideoOS.Management.Server.UnitTests\bin\x64\Debug\net472\VideoOS.Management.Server.UnitTests.dll" adapterTypeName="executor://mstestadapter/v2" className="VideoOS.Management.Server.UnitTests.ConfigurationAPI.Rules.Backend.Validation.RuleParametersValidatorTests" name="Validate_WhenCustomGuidValidatorReturnsValidResultWithAllowedMIPKinds_Passes" />
    </UnitTest>
    <UnitTest name="DriverSettingsBusiness_PrepareAndValidateSettings_InvalidSettingNameException" storage="d:\actions-runner\_work\xpco\xpco\corporate\videoos.management.server.unittests\bin\x64\debug\net472\videoos.management.server.unittests.dll" id="7fb5b740-26ae-1f61-b371-b777024b8791">
      <Execution id="399f9624-bbbf-4a6a-8614-994631144229" />
      <TestMethod codeBase="D:\actions-runner\_work\XPCO\XPCO\Corporate\VideoOS.Management.Server.UnitTests\bin\x64\Debug\net472\VideoOS.Management.Server.UnitTests.dll" adapterTypeName="executor://mstestadapter/v2" className="VideoOS.Management.Server.UnitTests.Security.DriverSettingsBusinessTests" name="DriverSettingsBusiness_PrepareAndValidateSettings_InvalidSettingNameException" />
    </UnitTest>
    <UnitTest name="Build_WhenRecordAllFrames_ReturnsProperties" storage="d:\actions-runner\_work\xpco\xpco\corporate\videoos.management.server.unittests\bin\x64\debug\net472\videoos.management.server.unittests.dll" id="10f0ebf4-09a0-d61d-7810-2fd96d2ee18c">
      <Execution id="058f6eef-5eb2-485b-a5ac-e2aae0984e10" />
      <TestMethod codeBase="D:\actions-runner\_work\XPCO\XPCO\Corporate\VideoOS.Management.Server.UnitTests\bin\x64\Debug\net472\VideoOS.Management.Server.UnitTests.dll" adapterTypeName="executor://mstestadapter/v2" className="VideoOS.Management.Server.UnitTests.ConfigurationAPI.Rules.Builders.ConfigurationItemActionBuilderTests" name="Build_WhenRecordAllFrames_ReturnsProperties" />
    </UnitTest>
    <UnitTest name="RetentionTimeRule_RuleActionAsync_StorageCountersOneDataCollector_ForecastCalledCheckingData" storage="d:\actions-runner\_work\xpco\xpco\corporate\videoos.management.server.unittests\bin\x64\debug\net472\videoos.management.server.unittests.dll" id="b4d41ccb-9d89-9259-c8d4-8c3b921acff8">
      <Execution id="4dff1182-f99f-433a-8ef5-730520538539" />
      <TestMethod codeBase="D:\actions-runner\_work\XPCO\XPCO\Corporate\VideoOS.Management.Server.UnitTests\bin\x64\Debug\net472\VideoOS.Management.Server.UnitTests.dll" adapterTypeName="executor://mstestadapter/v2" className="VideoOS.Management.Server.UnitTests.BusinessObjects.ManagementServer.DataCollection.PerformanceCounterRules.RetentionTimeRuleTest" name="RetentionTimeRule_RuleActionAsync_StorageCountersOneDataCollector_ForecastCalledCheckingData" />
    </UnitTest>
    <UnitTest name="Invoke_WhenFirstTime_ProvidesInfo" storage="d:\actions-runner\_work\xpco\xpco\corporate\videoos.management.server.unittests\bin\x64\debug\net472\videoos.management.server.unittests.dll" id="b5fc8440-0a96-2efa-643b-991b07515fed">
      <Execution id="6bcb96ab-4c1d-4036-9d45-a7b431850642" />
      <TestMethod codeBase="D:\actions-runner\_work\XPCO\XPCO\Corporate\VideoOS.Management.Server.UnitTests\bin\x64\Debug\net472\VideoOS.Management.Server.UnitTests.dll" adapterTypeName="executor://mstestadapter/v2" className="VideoOS.Management.Server.UnitTests.ConfigurationAPI.BusinessObjects.LprMatchList.Methods.GetCustomFieldsForRegistrationNumberTests" name="Invoke_WhenFirstTime_ProvidesInfo" />
    </UnitTest>
    <UnitTest name="ConfigurationItemPath_CreateFolderPath_SystemRoot_Succes" storage="d:\actions-runner\_work\xpco\xpco\corporate\videoos.management.server.unittests\bin\x64\debug\net472\videoos.management.server.unittests.dll" id="a4e9b2aa-21b2-68f3-cf52-4b0e0b3902fa">
      <Execution id="36052ca9-09ff-4a42-a8f5-0779b77db728" />
      <TestMethod codeBase="D:\actions-runner\_work\XPCO\XPCO\Corporate\VideoOS.Management.Server.UnitTests\bin\x64\Debug\net472\VideoOS.Management.Server.UnitTests.dll" adapterTypeName="executor://mstestadapter/v2" className="VideoOS.Management.Server.UnitTests.ConfigurationAPI.ConfigurationItemPathTests" name="ConfigurationItemPath_CreateFolderPath_SystemRoot_Succes" />
    </UnitTest>
    <UnitTest name="validateItem_ParamNullCheck_Path" storage="d:\actions-runner\_work\xpco\xpco\corporate\videoos.management.server.unittests\bin\x64\debug\net472\videoos.management.server.unittests.dll" id="f0b4ab88-f211-25a0-3a66-3d0639956ebe">
      <Execution id="4c6e4b7b-305d-49f2-b68e-3d91dbef55cd" />
      <TestMethod codeBase="D:\actions-runner\_work\XPCO\XPCO\Corporate\VideoOS.Management.Server.UnitTests\bin\x64\Debug\net472\VideoOS.Management.Server.UnitTests.dll" adapterTypeName="executor://mstestadapter/v2" className="VideoOS.Management.Server.UnitTests.ConfigurationAPI.BusinessObjects.SearchTemplate.SearchTemplateConfigurationApiTest" name="validateItem_ParamNullCheck_Path" />
    </UnitTest>
    <UnitTest name="Build_WhenActionIsSetFramerate_ReturnsRuleModel" storage="d:\actions-runner\_work\xpco\xpco\corporate\videoos.management.server.unittests\bin\x64\debug\net472\videoos.management.server.unittests.dll" id="74deb67f-d5e4-bef0-7a84-b9e514630150">
      <Execution id="4fa1e514-afaf-4a1f-ae88-c446205e9743" />
      <TestMethod codeBase="D:\actions-runner\_work\XPCO\XPCO\Corporate\VideoOS.Management.Server.UnitTests\bin\x64\Debug\net472\VideoOS.Management.Server.UnitTests.dll" adapterTypeName="executor://mstestadapter/v2" className="VideoOS.Management.Server.UnitTests.ConfigurationAPI.Rules.Backend.Builders.XmlRuleModelBuilderTests" name="Build_WhenActionIsSetFramerate_ReturnsRuleModel" />
    </UnitTest>
    <UnitTest name="Validate_WhenWrongExpectedType_ReturnsFalse" storage="d:\actions-runner\_work\xpco\xpco\corporate\videoos.management.server.unittests\bin\x64\debug\net472\videoos.management.server.unittests.dll" id="e41903d3-0f87-c789-7aff-eb057b5e944d">
      <Execution id="c848842e-e3e2-43da-a90e-a98933006424" />
      <TestMethod codeBase="D:\actions-runner\_work\XPCO\XPCO\Corporate\VideoOS.Management.Server.UnitTests\bin\x64\Debug\net472\VideoOS.Management.Server.UnitTests.dll" adapterTypeName="executor://mstestadapter/v2" className="VideoOS.Management.Server.UnitTests.ConfigurationAPI.Rules.Backend.Validation.ArchiveParameterValueValidatorTests" name="Validate_WhenWrongExpectedType_ReturnsFalse" />
    </UnitTest>
    <UnitTest name="IsComplete_WhenNoRuleTypeProperty_ReturnsFalse" storage="d:\actions-runner\_work\xpco\xpco\corporate\videoos.management.server.unittests\bin\x64\debug\net472\videoos.management.server.unittests.dll" id="b77bb2b9-1067-5371-fdea-c4cc1642bde6">
      <Execution id="67a373ab-6c33-46b4-9ec3-6ea61f1ca653" />
      <TestMethod codeBase="D:\actions-runner\_work\XPCO\XPCO\Corporate\VideoOS.Management.Server.UnitTests\bin\x64\Debug\net472\VideoOS.Management.Server.UnitTests.dll" adapterTypeName="executor://mstestadapter/v2" className="VideoOS.Management.Server.UnitTests.ConfigurationAPI.Rules.Methods.StartRuleTypeStepTests" name="IsComplete_WhenNoRuleTypeProperty_ReturnsFalse" />
    </UnitTest>
    <UnitTest name="GetXml_WhenRuleTypeIsEventAndDeviceIdAndGroupIdAreSet_MatchesXml" storage="d:\actions-runner\_work\xpco\xpco\corporate\videoos.management.server.unittests\bin\x64\debug\net472\videoos.management.server.unittests.dll" id="5a22d5f8-9e0a-ec20-a150-d45d600856ce">
      <Execution id="657b924b-f7b8-4acc-9639-b29b174998ab" />
      <TestMethod codeBase="D:\actions-runner\_work\XPCO\XPCO\Corporate\VideoOS.Management.Server.UnitTests\bin\x64\Debug\net472\VideoOS.Management.Server.UnitTests.dll" adapterTypeName="executor://mstestadapter/v2" className="VideoOS.Management.Server.UnitTests.ConfigurationAPI.Rules.Backend.Builders.RuleTypeXmlBuilderTests" name="GetXml_WhenRuleTypeIsEventAndDeviceIdAndGroupIdAreSet_MatchesXml" />
    </UnitTest>
    <UnitTest name="GetItem_ShouldCreateRegistrationItem_IfNotExists" storage="d:\actions-runner\_work\xpco\xpco\corporate\videoos.management.server.unittests\bin\x64\debug\net472\videoos.management.server.unittests.dll" id="d35ffe42-3db7-fa98-5490-19c5553e2117">
      <Execution id="4b3de247-c257-4fa9-808e-c9ffe71025a6" />
      <TestMethod codeBase="D:\actions-runner\_work\XPCO\XPCO\Corporate\VideoOS.Management.Server.UnitTests\bin\x64\Debug\net472\VideoOS.Management.Server.UnitTests.dll" adapterTypeName="executor://mstestadapter/v2" className="VideoOS.Management.Server.UnitTests.BusinessObjects.ManagementServer.MIPItem.MIPItemTests" name="GetItem_ShouldCreateRegistrationItem_IfNotExists" />
    </UnitTest>
    <UnitTest name="GetItem_WhenMatchListNull_PathNotFoundException" storage="d:\actions-runner\_work\xpco\xpco\corporate\videoos.management.server.unittests\bin\x64\debug\net472\videoos.management.server.unittests.dll" id="40ff2025-1645-102a-8843-c6a9a64df395">
      <Execution id="7b0ed4ec-cdcb-478a-9d27-a8203948a24d" />
      <TestMethod codeBase="D:\actions-runner\_work\XPCO\XPCO\Corporate\VideoOS.Management.Server.UnitTests\bin\x64\Debug\net472\VideoOS.Management.Server.UnitTests.dll" adapterTypeName="executor://mstestadapter/v2" className="VideoOS.Management.Server.UnitTests.ConfigurationAPI.LprMatchList.ConfigurationApiServiceTests" name="GetItem_WhenMatchListNull_PathNotFoundException" />
    </UnitTest>
    <UnitTest name="AsyncRetryExecutionArgumentDelayTest" storage="d:\actions-runner\_work\xpco\xpco\corporate\videoos.management.server.unittests\bin\x64\debug\net472\videoos.management.server.unittests.dll" id="bbf5d914-0b96-de91-dad6-7886da474b62">
      <Execution id="653ad323-1f30-4e46-b909-780e4156d6a5" />
      <TestMethod codeBase="D:\actions-runner\_work\XPCO\XPCO\Corporate\VideoOS.Management.Server.UnitTests\bin\x64\Debug\net472\VideoOS.Management.Server.UnitTests.dll" adapterTypeName="executor://mstestadapter/v2" className="VideoOS.Management.Server.UnitTests.BusinessObjects.AsyncRetryExecutionTest" name="AsyncRetryExecutionArgumentDelayTest" />
    </UnitTest>
    <UnitTest name="Build_WithinTimeProfile_WhenTimeProfileIsTrue_TimeProfileIdIsNotSet_ThrowsException" storage="d:\actions-runner\_work\xpco\xpco\corporate\videoos.management.server.unittests\bin\x64\debug\net472\videoos.management.server.unittests.dll" id="8e5b121b-1d15-183d-945f-dca684e7062b">
      <Execution id="fd7ce672-6bf4-4c0b-95fa-53a14cf5b1a9" />
      <TestMethod codeBase="D:\actions-runner\_work\XPCO\XPCO\Corporate\VideoOS.Management.Server.UnitTests\bin\x64\Debug\net472\VideoOS.Management.Server.UnitTests.dll" adapterTypeName="executor://mstestadapter/v2" className="VideoOS.Management.Server.UnitTests.ConfigurationAPI.Rules.Builders.RuleModelConditionsBuilderTests" name="Build_WithinTimeProfile_WhenTimeProfileIsTrue_TimeProfileIdIsNotSet_ThrowsException" />
    </UnitTest>
    <UnitTest name="Validate_WhenExpectedTypeIsNull_ReturnFalse" storage="d:\actions-runner\_work\xpco\xpco\corporate\videoos.management.server.unittests\bin\x64\debug\net472\videoos.management.server.unittests.dll" id="b11ba0e7-7db6-6594-f952-fe3a9251e419">
      <Execution id="45819241-85d7-49e0-93b1-4cb43634e354" />
      <TestMethod codeBase="D:\actions-runner\_work\XPCO\XPCO\Corporate\VideoOS.Management.Server.UnitTests\bin\x64\Debug\net472\VideoOS.Management.Server.UnitTests.dll" adapterTypeName="executor://mstestadapter/v2" className="VideoOS.Management.Server.UnitTests.ConfigurationAPI.Rules.Backend.Validation.ExternalParameterValueValidatorTests" name="Validate_WhenExpectedTypeIsNull_ReturnFalse" />
    </UnitTest>
    <UnitTest name="Validation_GridSize_Is_Null_allowNull_Success" storage="d:\actions-runner\_work\xpco\xpco\corporate\videoos.management.server.unittests\bin\x64\debug\net472\videoos.management.server.unittests.dll" id="be361882-4a10-b4db-3a62-60f76a3c48dc">
      <Execution id="7ca392d5-d44b-4823-a212-40f83865fc65" />
      <TestMethod codeBase="D:\actions-runner\_work\XPCO\XPCO\Corporate\VideoOS.Management.Server.UnitTests\bin\x64\Debug\net472\VideoOS.Management.Server.UnitTests.dll" adapterTypeName="executor://mstestadapter/v2" className="VideoOS.Management.Server.UnitTests.ValidationUnitTests" name="Validation_GridSize_Is_Null_allowNull_Success" />
    </UnitTest>
    <UnitTest name="Validate_WhenConditionsIncludeOutsideTimeProfile_NoErrors" storage="d:\actions-runner\_work\xpco\xpco\corporate\videoos.management.server.unittests\bin\x64\debug\net472\videoos.management.server.unittests.dll" id="6db72a10-0b87-d22b-166c-b1d568dc51c7">
      <Execution id="223a4635-9bf7-4f09-9715-00afda4df2be" />
      <TestMethod codeBase="D:\actions-runner\_work\XPCO\XPCO\Corporate\VideoOS.Management.Server.UnitTests\bin\x64\Debug\net472\VideoOS.Management.Server.UnitTests.dll" adapterTypeName="executor://mstestadapter/v2" className="VideoOS.Management.Server.UnitTests.ConfigurationAPI.Rules.Backend.Validation.RecurringTimeValidatorTests" name="Validate_WhenConditionsIncludeOutsideTimeProfile_NoErrors" />
    </UnitTest>
    <UnitTest name="ConfigurationItemPath_Create_ItemPathUserSid_Succes" storage="d:\actions-runner\_work\xpco\xpco\corporate\videoos.management.server.unittests\bin\x64\debug\net472\videoos.management.server.unittests.dll" id="27bf4166-2236-24ff-09b9-fe4d5ee647ad">
      <Execution id="94a6b6e7-da0b-4a9d-9d98-30d8a8033c5f" />
      <TestMethod codeBase="D:\actions-runner\_work\XPCO\XPCO\Corporate\VideoOS.Management.Server.UnitTests\bin\x64\Debug\net472\VideoOS.Management.Server.UnitTests.dll" adapterTypeName="executor://mstestadapter/v2" className="VideoOS.Management.Server.UnitTests.ConfigurationAPI.ConfigurationItemPathTests" name="ConfigurationItemPath_Create_ItemPathUserSid_Succes" />
    </UnitTest>
    <UnitTest name="Invoke_WhenPropertyNotFound_ArgumentException" storage="d:\actions-runner\_work\xpco\xpco\corporate\videoos.management.server.unittests\bin\x64\debug\net472\videoos.management.server.unittests.dll" id="4a541c88-ac3d-2299-1514-18b14753790e">
      <Execution id="0e735af7-874e-4a0a-80c4-d26aa3ac77bb" />
      <TestMethod codeBase="D:\actions-runner\_work\XPCO\XPCO\Corporate\VideoOS.Management.Server.UnitTests\bin\x64\Debug\net472\VideoOS.Management.Server.UnitTests.dll" adapterTypeName="executor://mstestadapter/v2" className="VideoOS.Management.Server.UnitTests.ConfigurationAPI.BusinessObjects.LprMatchList.Methods.GetCustomFieldsForRegistrationNumberTests" name="Invoke_WhenPropertyNotFound_ArgumentException" />
    </UnitTest>
    <UnitTest name="Validate_WhenExpectedTypeIsNull_ReturnFalse" storage="d:\actions-runner\_work\xpco\xpco\corporate\videoos.management.server.unittests\bin\x64\debug\net472\videoos.management.server.unittests.dll" id="5d9d28df-bf4c-4563-1424-297e4742e11a">
      <Execution id="7687eea0-b40f-44c3-a1e8-6d52aea6e1c4" />
      <TestMethod codeBase="D:\actions-runner\_work\XPCO\XPCO\Corporate\VideoOS.Management.Server.UnitTests\bin\x64\Debug\net472\VideoOS.Management.Server.UnitTests.dll" adapterTypeName="executor://mstestadapter/v2" className="VideoOS.Management.Server.UnitTests.ConfigurationAPI.Rules.Backend.Validation.ValueValidators.TimeProfileValueValidatorTests" name="Validate_WhenExpectedTypeIsNull_ReturnFalse" />
    </UnitTest>
    <UnitTest name="SendCommandSecurityVisitor_TriggerCustomEventCommand_NotSupportedException" storage="d:\actions-runner\_work\xpco\xpco\corporate\videoos.management.server.unittests\bin\x64\debug\net472\videoos.management.server.unittests.dll" id="b82f3ff2-7e97-b8cb-3130-40acba343b63">
      <Execution id="a0835753-a0c3-4855-8352-fc51c0fcee40" />
      <TestMethod codeBase="D:\actions-runner\_work\XPCO\XPCO\Corporate\VideoOS.Management.Server.UnitTests\bin\x64\Debug\net472\VideoOS.Management.Server.UnitTests.dll" adapterTypeName="executor://mstestadapter/v2" className="VideoOS.Management.Server.UnitTests.SendCommandSecurityVisitorTests" name="SendCommandSecurityVisitor_TriggerCustomEventCommand_NotSupportedException" />
    </UnitTest>
    <UnitTest name="Validate_WhenSubdayTypeOnce_TimeIsNegative_ReturnsError" storage="d:\actions-runner\_work\xpco\xpco\corporate\videoos.management.server.unittests\bin\x64\debug\net472\videoos.management.server.unittests.dll" id="ad7b88c8-c744-1677-f203-640c202498a1">
      <Execution id="d0bf462b-1efa-4fd9-8168-ac36da828f6b" />
      <TestMethod codeBase="D:\actions-runner\_work\XPCO\XPCO\Corporate\VideoOS.Management.Server.UnitTests\bin\x64\Debug\net472\VideoOS.Management.Server.UnitTests.dll" adapterTypeName="executor://mstestadapter/v2" className="VideoOS.Management.Server.UnitTests.ConfigurationAPI.Rules.Backend.Validation.RecurringTimeValidatorTests" name="Validate_WhenSubdayTypeOnce_TimeIsNegative_ReturnsError" />
    </UnitTest>
    <UnitTest name="SendCommandSecurityVisitor_UpdateConfigurationManagerCommand_PatrollingProfile_Delete_Allowed" storage="d:\actions-runner\_work\xpco\xpco\corporate\videoos.management.server.unittests\bin\x64\debug\net472\videoos.management.server.unittests.dll" id="3db4da26-6701-15c3-cafa-96ad9099c1fd">
      <Execution id="2ca65117-1af2-4106-83fe-b4208a7d5d9c" />
      <TestMethod codeBase="D:\actions-runner\_work\XPCO\XPCO\Corporate\VideoOS.Management.Server.UnitTests\bin\x64\Debug\net472\VideoOS.Management.Server.UnitTests.dll" adapterTypeName="executor://mstestadapter/v2" className="VideoOS.Management.Server.UnitTests.SendCommandSecurityVisitorTests" name="SendCommandSecurityVisitor_UpdateConfigurationManagerCommand_PatrollingProfile_Delete_Allowed" />
    </UnitTest>
    <UnitTest name="Invoke_WhenFirstTime_ProvidesInfo" storage="d:\actions-runner\_work\xpco\xpco\corporate\videoos.management.server.unittests\bin\x64\debug\net472\videoos.management.server.unittests.dll" id="7b4b44d7-921f-df66-1f42-fa0236296528">
      <Execution id="9a3585cf-7e44-4be4-ab5d-6b4982ef6817" />
      <TestMethod codeBase="D:\actions-runner\_work\XPCO\XPCO\Corporate\VideoOS.Management.Server.UnitTests\bin\x64\Debug\net472\VideoOS.Management.Server.UnitTests.dll" adapterTypeName="executor://mstestadapter/v2" className="VideoOS.Management.Server.UnitTests.ConfigurationAPI.BusinessObjects.LprMatchList.Methods.RemoveMatchListTests" name="Invoke_WhenFirstTime_ProvidesInfo" />
    </UnitTest>
    <UnitTest name="Get_KnownResourceType_TasksIncluded_ReturnsJsonIncludingTaskListFromSubController" storage="d:\actions-runner\_work\xpco\xpco\corporate\videoos.management.server.unittests\bin\x64\debug\net472\videoos.management.server.unittests.dll" id="225c10a3-029c-18c3-4112-7afab10fcc8c">
      <Execution id="f857f305-d4ca-49b8-ac96-82663b2207e8" />
      <TestMethod codeBase="D:\actions-runner\_work\XPCO\XPCO\Corporate\VideoOS.Management.Server.UnitTests\bin\x64\Debug\net472\VideoOS.Management.Server.UnitTests.dll" adapterTypeName="executor://mstestadapter/v2" className="VideoOS.Management.Server.UnitTests.RestApi.ArrayOfChildItemsControllerTests" name="Get_KnownResourceType_TasksIncluded_ReturnsJsonIncludingTaskListFromSubController" />
    </UnitTest>
    <UnitTest name="IsComplete_WhenStartRuleTypeIsNotSet_ReturnsFalse" storage="d:\actions-runner\_work\xpco\xpco\corporate\videoos.management.server.unittests\bin\x64\debug\net472\videoos.management.server.unittests.dll" id="2bff7a12-c589-02fa-676d-3fae1c225222">
      <Execution id="ff7b7107-8e5c-4b7e-a0cf-cbedc2d3f793" />
      <TestMethod codeBase="D:\actions-runner\_work\XPCO\XPCO\Corporate\VideoOS.Management.Server.UnitTests\bin\x64\Debug\net472\VideoOS.Management.Server.UnitTests.dll" adapterTypeName="executor://mstestadapter/v2" className="VideoOS.Management.Server.UnitTests.ConfigurationAPI.Rules.Methods.StartConditionsStepTest" name="IsComplete_WhenStartRuleTypeIsNotSet_ReturnsFalse" />
    </UnitTest>
    <UnitTest name="ValidateItem_ParamNullCheck_Item" storage="d:\actions-runner\_work\xpco\xpco\corporate\videoos.management.server.unittests\bin\x64\debug\net472\videoos.management.server.unittests.dll" id="635e39e3-f692-d8e1-565c-4f519dcad6d9">
      <Execution id="0c029862-d7d3-42c6-8363-49212eb14642" />
      <TestMethod codeBase="D:\actions-runner\_work\XPCO\XPCO\Corporate\VideoOS.Management.Server.UnitTests\bin\x64\Debug\net472\VideoOS.Management.Server.UnitTests.dll" adapterTypeName="executor://mstestadapter/v2" className="VideoOS.Management.Server.UnitTests.ConfigurationAPI.BusinessObjects.SearchTemplate.SearchTemplateConfigurationApiTest" name="ValidateItem_ParamNullCheck_Item" />
    </UnitTest>
    <UnitTest name="ValidateItem_ParamNullCheck_ParentPathTest" storage="d:\actions-runner\_work\xpco\xpco\corporate\videoos.management.server.unittests\bin\x64\debug\net472\videoos.management.server.unittests.dll" id="da9c9361-69ce-fc7c-a3cb-6ab51e0fe048">
      <Execution id="0ef82ced-b32c-49c8-9093-6f775d0538f1" />
      <TestMethod codeBase="D:\actions-runner\_work\XPCO\XPCO\Corporate\VideoOS.Management.Server.UnitTests\bin\x64\Debug\net472\VideoOS.Management.Server.UnitTests.dll" adapterTypeName="executor://mstestadapter/v2" className="VideoOS.Management.Server.UnitTests.ConfigurationAPI.BusinessObjects.CustomProperties.CustomPropertiesConfigurationApiTest" name="ValidateItem_ParamNullCheck_ParentPathTest" />
    </UnitTest>
    <UnitTest name="Validate_WhenDaily_FrequencyIsNegative_ReturnsError" storage="d:\actions-runner\_work\xpco\xpco\corporate\videoos.management.server.unittests\bin\x64\debug\net472\videoos.management.server.unittests.dll" id="7297900e-3b29-f4f3-0626-afca45fdad3d">
      <Execution id="37318136-1bcf-4db6-8520-60f6a3932451" />
      <TestMethod codeBase="D:\actions-runner\_work\XPCO\XPCO\Corporate\VideoOS.Management.Server.UnitTests\bin\x64\Debug\net472\VideoOS.Management.Server.UnitTests.dll" adapterTypeName="executor://mstestadapter/v2" className="VideoOS.Management.Server.UnitTests.ConfigurationAPI.Rules.Backend.Validation.RecurringTimeValidatorTests" name="Validate_WhenDaily_FrequencyIsNegative_ReturnsError" />
    </UnitTest>
    <UnitTest name="SendCommandSecurityVisitor_TriggerEventAsGlobalCommand_NotSupportedException" storage="d:\actions-runner\_work\xpco\xpco\corporate\videoos.management.server.unittests\bin\x64\debug\net472\videoos.management.server.unittests.dll" id="2b065243-18c1-fd8a-74c3-2c0e3d8c43be">
      <Execution id="9076b6e7-a21c-41df-937a-804268357f76" />
      <TestMethod codeBase="D:\actions-runner\_work\XPCO\XPCO\Corporate\VideoOS.Management.Server.UnitTests\bin\x64\Debug\net472\VideoOS.Management.Server.UnitTests.dll" adapterTypeName="executor://mstestadapter/v2" className="VideoOS.Management.Server.UnitTests.SendCommandSecurityVisitorTests" name="SendCommandSecurityVisitor_TriggerEventAsGlobalCommand_NotSupportedException" />
    </UnitTest>
    <UnitTest name="CreateWindowsLogin_LoginAlreadyExists_ThrowsGenericIdpException" storage="d:\actions-runner\_work\xpco\xpco\corporate\videoos.management.server.unittests\bin\x64\debug\net472\videoos.management.server.unittests.dll" id="97da0112-697e-554e-c313-d9bd046307b0">
      <Execution id="1a5275d7-1de1-4c56-beec-a06149285361" />
      <TestMethod codeBase="D:\actions-runner\_work\XPCO\XPCO\Corporate\VideoOS.Management.Server.UnitTests\bin\x64\Debug\net472\VideoOS.Management.Server.UnitTests.dll" adapterTypeName="executor://mstestadapter/v2" className="VideoOS.Management.Server.UnitTests.DataComponents.Idp.UserIdpComponentTests" name="CreateWindowsLogin_LoginAlreadyExists_ThrowsGenericIdpException" />
    </UnitTest>
    <UnitTest name="DeviceEvents_GetDeviceHwid_Success" storage="d:\actions-runner\_work\xpco\xpco\corporate\videoos.management.server.unittests\bin\x64\debug\net472\videoos.management.server.unittests.dll" id="68200616-7d59-c385-899d-66a61c8a0ecf">
      <Execution id="c7a7fd98-9dff-41dc-91cb-f8b8ac3a95dc" />
      <TestMethod codeBase="D:\actions-runner\_work\XPCO\XPCO\Corporate\VideoOS.Management.Server.UnitTests\bin\x64\Debug\net472\VideoOS.Management.Server.UnitTests.dll" adapterTypeName="executor://mstestadapter/v2" className="VideoOS.Management.Server.UnitTests.BusinessObjects.DeviceEventsUnitTests" name="DeviceEvents_GetDeviceHwid_Success" />
    </UnitTest>
    <UnitTest name="Validate_WhenObjectNotExists_ReturnsFalse" storage="d:\actions-runner\_work\xpco\xpco\corporate\videoos.management.server.unittests\bin\x64\debug\net472\videoos.management.server.unittests.dll" id="c118b0fe-b9c4-0f2e-59bb-ea81a5a312df">
      <Execution id="55b51bd6-a35d-4034-808e-b06921e03a32" />
      <TestMethod codeBase="D:\actions-runner\_work\XPCO\XPCO\Corporate\VideoOS.Management.Server.UnitTests\bin\x64\Debug\net472\VideoOS.Management.Server.UnitTests.dll" adapterTypeName="executor://mstestadapter/v2" className="VideoOS.Management.Server.UnitTests.ConfigurationAPI.Rules.Backend.Validation.ValueValidators.SiteParameterValueValidatorTests" name="Validate_WhenObjectNotExists_ReturnsFalse" />
    </UnitTest>
    <UnitTest name="Validate_WhenObjectNotExists_ReturnsFalse" storage="d:\actions-runner\_work\xpco\xpco\corporate\videoos.management.server.unittests\bin\x64\debug\net472\videoos.management.server.unittests.dll" id="169ea821-8769-0be2-0152-41d1b8500d1f">
      <Execution id="fb68fe5c-4f40-48cf-b0b4-e9df8fbf1e88" />
      <TestMethod codeBase="D:\actions-runner\_work\XPCO\XPCO\Corporate\VideoOS.Management.Server.UnitTests\bin\x64\Debug\net472\VideoOS.Management.Server.UnitTests.dll" adapterTypeName="executor://mstestadapter/v2" className="VideoOS.Management.Server.UnitTests.ConfigurationAPI.Rules.Backend.Validation.SystemDashboardServerParameterValueValidatorTests" name="Validate_WhenObjectNotExists_ReturnsFalse" />
    </UnitTest>
    <UnitTest name="SendCommandSecurityVisitor_ServerFileSystemOperationCommand_QueryRecorderDirectories_NotAllowed" storage="d:\actions-runner\_work\xpco\xpco\corporate\videoos.management.server.unittests\bin\x64\debug\net472\videoos.management.server.unittests.dll" id="72905249-5555-d324-5cc4-e977dfb75d72">
      <Execution id="26b35bb1-9ec4-42df-b89c-f973fa951e21" />
      <TestMethod codeBase="D:\actions-runner\_work\XPCO\XPCO\Corporate\VideoOS.Management.Server.UnitTests\bin\x64\Debug\net472\VideoOS.Management.Server.UnitTests.dll" adapterTypeName="executor://mstestadapter/v2" className="VideoOS.Management.Server.UnitTests.SendCommandSecurityVisitorTests" name="SendCommandSecurityVisitor_ServerFileSystemOperationCommand_QueryRecorderDirectories_NotAllowed" />
    </UnitTest>
    <UnitTest name="ValidateItem_SunnyDayTest" storage="d:\actions-runner\_work\xpco\xpco\corporate\videoos.management.server.unittests\bin\x64\debug\net472\videoos.management.server.unittests.dll" id="d0bac350-66a8-fde1-078c-5b1af4c62fbd">
      <Execution id="28e85277-6076-475f-baf0-60d345b73e9c" />
      <TestMethod codeBase="D:\actions-runner\_work\XPCO\XPCO\Corporate\VideoOS.Management.Server.UnitTests\bin\x64\Debug\net472\VideoOS.Management.Server.UnitTests.dll" adapterTypeName="executor://mstestadapter/v2" className="VideoOS.Management.Server.UnitTests.ConfigurationAPI.BusinessObjects.AudioMessage.AudioMessageConfigurationApiTest" name="ValidateItem_SunnyDayTest" />
    </UnitTest>
    <UnitTest name="Validate_WhenObjectNotExists_ReturnsFalse" storage="d:\actions-runner\_work\xpco\xpco\corporate\videoos.management.server.unittests\bin\x64\debug\net472\videoos.management.server.unittests.dll" id="91efdb4a-b114-e47a-5ea1-bc0b22f7a63b">
      <Execution id="774ecdc5-4276-44f7-8c95-6139afc42614" />
      <TestMethod codeBase="D:\actions-runner\_work\XPCO\XPCO\Corporate\VideoOS.Management.Server.UnitTests\bin\x64\Debug\net472\VideoOS.Management.Server.UnitTests.dll" adapterTypeName="executor://mstestadapter/v2" className="VideoOS.Management.Server.UnitTests.ConfigurationAPI.Rules.Backend.Validation.HardwareParameterValueValidatorTests" name="Validate_WhenObjectNotExists_ReturnsFalse" />
    </UnitTest>
    <UnitTest name="ConstructSqlSelect_Injection_ValueNotGuid" storage="d:\actions-runner\_work\xpco\xpco\corporate\videoos.management.server.unittests\bin\x64\debug\net472\videoos.management.server.unittests.dll" id="59f14a21-84b4-b0dc-f7cc-6adeee16af00">
      <Execution id="1e60c3f3-79e3-4c6d-8406-65488f84b193" />
      <TestMethod codeBase="D:\actions-runner\_work\XPCO\XPCO\Corporate\VideoOS.Management.Server.UnitTests\bin\x64\Debug\net472\VideoOS.Management.Server.UnitTests.dll" adapterTypeName="executor://mstestadapter/v2" className="VideoOS.Management.Server.UnitTests.ConfigurationAPI.Converters.SqlQueryFormatterTests" name="ConstructSqlSelect_Injection_ValueNotGuid" />
    </UnitTest>
    <UnitTest name="InvokeMethod_InvalidParentPathTest" storage="d:\actions-runner\_work\xpco\xpco\corporate\videoos.management.server.unittests\bin\x64\debug\net472\videoos.management.server.unittests.dll" id="45d6502e-1f15-054f-29bc-6f6217cde644">
      <Execution id="57171ee1-5741-4678-9f55-f87e76bb7d4a" />
      <TestMethod codeBase="D:\actions-runner\_work\XPCO\XPCO\Corporate\VideoOS.Management.Server.UnitTests\bin\x64\Debug\net472\VideoOS.Management.Server.UnitTests.dll" adapterTypeName="executor://mstestadapter/v2" className="VideoOS.Management.Server.UnitTests.ConfigurationAPI.BusinessObjects.AudioMessage.AudioMessageFolderConfigurationApiTest" name="InvokeMethod_InvalidParentPathTest" />
    </UnitTest>
    <UnitTest name="LookupChildArray_Succeeds_WhenChildItemTypeIsTaskFolderAndItemTypeIsRecordingServer" storage="d:\actions-runner\_work\xpco\xpco\corporate\videoos.management.server.unittests\bin\x64\debug\net472\videoos.management.server.unittests.dll" id="872373a3-155a-5dd0-5f19-9e2fc1015cf6">
      <Execution id="82aba19c-8dde-4362-8ac5-902372c194e2" />
      <TestMethod codeBase="D:\actions-runner\_work\XPCO\XPCO\Corporate\VideoOS.Management.Server.UnitTests\bin\x64\Debug\net472\VideoOS.Management.Server.UnitTests.dll" adapterTypeName="executor://mstestadapter/v2" className="VideoOS.Management.Server.UnitTests.RestApi.ConfigurationApiManagerTests" name="LookupChildArray_Succeeds_WhenChildItemTypeIsTaskFolderAndItemTypeIsRecordingServer" />
    </UnitTest>
    <UnitTest name="CreateSearchTemplate_PrivateOnly" storage="d:\actions-runner\_work\xpco\xpco\corporate\videoos.management.server.unittests\bin\x64\debug\net472\videoos.management.server.unittests.dll" id="478e7708-33a1-7c63-a392-e916c0ef71af">
      <Execution id="2b3f8397-12ac-4752-b07b-01e7b28d4234" />
      <TestMethod codeBase="D:\actions-runner\_work\XPCO\XPCO\Corporate\VideoOS.Management.Server.UnitTests\bin\x64\Debug\net472\VideoOS.Management.Server.UnitTests.dll" adapterTypeName="executor://mstestadapter/v2" className="VideoOS.Management.Server.UnitTests.BusinessObjects.ManagementServer.SearchTemplate.SearchTemplateItemTests" name="CreateSearchTemplate_PrivateOnly" />
    </UnitTest>
    <UnitTest name="Pagination_ReturnsCorrectSubset_WhenTooFewItemsAvailable" storage="d:\actions-runner\_work\xpco\xpco\corporate\videoos.management.server.unittests\bin\x64\debug\net472\videoos.management.server.unittests.dll" id="7203e405-f74e-65c4-8a19-dfc1be8ff0f5">
      <Execution id="729be727-e26c-4c6d-9eef-fcf400cdbb9d" />
      <TestMethod codeBase="D:\actions-runner\_work\XPCO\XPCO\Corporate\VideoOS.Management.Server.UnitTests\bin\x64\Debug\net472\VideoOS.Management.Server.UnitTests.dll" adapterTypeName="executor://mstestadapter/v2" className="VideoOS.Management.Server.UnitTests.RestApi.ConfigurationApiManagerTests" name="Pagination_ReturnsCorrectSubset_WhenTooFewItemsAvailable" />
    </UnitTest>
    <UnitTest name="MergeMotionDetectionSettings_MotionDetectionSettings_Comparison2_Success" storage="d:\actions-runner\_work\xpco\xpco\corporate\videoos.management.server.unittests\bin\x64\debug\net472\videoos.management.server.unittests.dll" id="12ee6fe5-a0d6-bad7-5ece-77b52202cdc3">
      <Execution id="2889c733-961e-4fc1-a527-acd92d192371" />
      <TestMethod codeBase="D:\actions-runner\_work\XPCO\XPCO\Corporate\VideoOS.Management.Server.UnitTests\bin\x64\Debug\net472\VideoOS.Management.Server.UnitTests.dll" adapterTypeName="executor://mstestadapter/v2" className="VideoOS.Management.Server.UnitTests.BusinessObjects.DeviceMotionDetectionUnitTests" name="MergeMotionDetectionSettings_MotionDetectionSettings_Comparison2_Success" />
    </UnitTest>
    <UnitTest name="CreateWindowsLogin_ExceptionIsThrown_ThrowsGenericIdpException" storage="d:\actions-runner\_work\xpco\xpco\corporate\videoos.management.server.unittests\bin\x64\debug\net472\videoos.management.server.unittests.dll" id="9d9453d6-c895-dffd-5516-821e1c9755bc">
      <Execution id="32ccdb7e-f0dc-45a6-97ad-fecfef147044" />
      <TestMethod codeBase="D:\actions-runner\_work\XPCO\XPCO\Corporate\VideoOS.Management.Server.UnitTests\bin\x64\Debug\net472\VideoOS.Management.Server.UnitTests.dll" adapterTypeName="executor://mstestadapter/v2" className="VideoOS.Management.Server.UnitTests.DataComponents.Idp.UserIdpComponentTests" name="CreateWindowsLogin_ExceptionIsThrown_ThrowsGenericIdpException" />
    </UnitTest>
    <UnitTest name="Patch_UseElementListToUpdateItem_UseItemPath" storage="d:\actions-runner\_work\xpco\xpco\corporate\videoos.management.server.unittests\bin\x64\debug\net472\videoos.management.server.unittests.dll" id="7c97d847-9d63-60ce-2ff8-4481484aa5cd">
      <Execution id="b79af08d-3d3a-45e7-a203-0ecf79c66b2b" />
      <TestMethod codeBase="D:\actions-runner\_work\XPCO\XPCO\Corporate\VideoOS.Management.Server.UnitTests\bin\x64\Debug\net472\VideoOS.Management.Server.UnitTests.dll" adapterTypeName="executor://mstestadapter/v2" className="VideoOS.Management.Server.UnitTests.RestApi.ConfigurationApiSubControllerTests" name="Patch_UseElementListToUpdateItem_UseItemPath" />
    </UnitTest>
    <UnitTest name="LoadSpecificItemChildItem_UseParentAndChildId" storage="d:\actions-runner\_work\xpco\xpco\corporate\videoos.management.server.unittests\bin\x64\debug\net472\videoos.management.server.unittests.dll" id="10dcf237-f40a-5536-2167-e93e517c79a7">
      <Execution id="f50da00e-3774-4052-a2f7-a130e706fdc9" />
      <TestMethod codeBase="D:\actions-runner\_work\XPCO\XPCO\Corporate\VideoOS.Management.Server.UnitTests\bin\x64\Debug\net472\VideoOS.Management.Server.UnitTests.dll" adapterTypeName="executor://mstestadapter/v2" className="VideoOS.Management.Server.UnitTests.RestApi.ConfigurationApiSubControllerTests" name="LoadSpecificItemChildItem_UseParentAndChildId" />
    </UnitTest>
    <UnitTest name="SendCommandSecurityVisitor_UpdateConfigurationManagerCommand_RecordingStorageDevice_Delete_NotSupportedException" storage="d:\actions-runner\_work\xpco\xpco\corporate\videoos.management.server.unittests\bin\x64\debug\net472\videoos.management.server.unittests.dll" id="db2bdc49-cc63-316a-9432-c3516d0b6e7f">
      <Execution id="5b796213-cbd7-4489-8310-707c2ff7569a" />
      <TestMethod codeBase="D:\actions-runner\_work\XPCO\XPCO\Corporate\VideoOS.Management.Server.UnitTests\bin\x64\Debug\net472\VideoOS.Management.Server.UnitTests.dll" adapterTypeName="executor://mstestadapter/v2" className="VideoOS.Management.Server.UnitTests.SendCommandSecurityVisitorTests" name="SendCommandSecurityVisitor_UpdateConfigurationManagerCommand_RecordingStorageDevice_Delete_NotSupportedException" />
    </UnitTest>
    <UnitTest name="InvokeMethod_ParamNullCheck_ConfigurationItemTest" storage="d:\actions-runner\_work\xpco\xpco\corporate\videoos.management.server.unittests\bin\x64\debug\net472\videoos.management.server.unittests.dll" id="a1aeb844-7896-29eb-1ad8-78e27cf3a490">
      <Execution id="2726bd8c-8618-4c0d-b022-e95abbd285a4" />
      <TestMethod codeBase="D:\actions-runner\_work\XPCO\XPCO\Corporate\VideoOS.Management.Server.UnitTests\bin\x64\Debug\net472\VideoOS.Management.Server.UnitTests.dll" adapterTypeName="executor://mstestadapter/v2" className="VideoOS.Management.Server.UnitTests.ConfigurationAPI.BusinessObjects.AudioMessage.AudioMessageConfigurationApiTest" name="InvokeMethod_ParamNullCheck_ConfigurationItemTest" />
    </UnitTest>
    <UnitTest name="SystemSettingsManager_ConvertToDatabaseValue_DecryptPassword" storage="d:\actions-runner\_work\xpco\xpco\corporate\videoos.management.server.unittests\bin\x64\debug\net472\videoos.management.server.unittests.dll" id="5a60be6f-ece4-9eff-ca40-e8c2bfeb2442">
      <Execution id="987a227b-eb7f-4b06-b3e8-ac2e17e947e6" />
      <TestMethod codeBase="D:\actions-runner\_work\XPCO\XPCO\Corporate\VideoOS.Management.Server.UnitTests\bin\x64\Debug\net472\VideoOS.Management.Server.UnitTests.dll" adapterTypeName="executor://mstestadapter/v2" className="VideoOS.Management.Server.UnitTests.SystemSettingsManagerTests" name="SystemSettingsManager_ConvertToDatabaseValue_DecryptPassword" />
    </UnitTest>
    <UnitTest name="Post_InvokeMethod_ValidTaskOnConfigurationItem_InvokeResultUsedInConfigurationItem" storage="d:\actions-runner\_work\xpco\xpco\corporate\videoos.management.server.unittests\bin\x64\debug\net472\videoos.management.server.unittests.dll" id="adfb3f18-bb52-dd8d-6bde-59811a081271">
      <Execution id="fb8a458a-ee4f-41ec-abf7-3671c9ad3f8d" />
      <TestMethod codeBase="D:\actions-runner\_work\XPCO\XPCO\Corporate\VideoOS.Management.Server.UnitTests\bin\x64\Debug\net472\VideoOS.Management.Server.UnitTests.dll" adapterTypeName="executor://mstestadapter/v2" className="VideoOS.Management.Server.UnitTests.RestApi.ConfigurationApiSubControllerTests" name="Post_InvokeMethod_ValidTaskOnConfigurationItem_InvokeResultUsedInConfigurationItem" />
    </UnitTest>
    <UnitTest name="DataCollectorOnRegisteredServicesManager_QueueResolve_Success_Many_Quene" storage="d:\actions-runner\_work\xpco\xpco\corporate\videoos.management.server.unittests\bin\x64\debug\net472\videoos.management.server.unittests.dll" id="2fa351e0-da81-15d1-210a-1f10cd2a06d1">
      <Execution id="a94e60e8-2992-4a66-a536-1cad06ae7a5a" />
      <TestMethod codeBase="D:\actions-runner\_work\XPCO\XPCO\Corporate\VideoOS.Management.Server.UnitTests\bin\x64\Debug\net472\VideoOS.Management.Server.UnitTests.dll" adapterTypeName="executor://mstestadapter/v2" className="VideoOS.Management.Server.DataCollectorOnRegisteredServicesManagerTest" name="DataCollectorOnRegisteredServicesManager_QueueResolve_Success_Many_Quene" />
    </UnitTest>
    <UnitTest name="LoadSpecificItem_UsePath" storage="d:\actions-runner\_work\xpco\xpco\corporate\videoos.management.server.unittests\bin\x64\debug\net472\videoos.management.server.unittests.dll" id="2c13d365-41c7-ba5c-1bd2-b4ee3d7f80f8">
      <Execution id="586ff3c1-b737-40aa-a76f-6e0bd9aad0ac" />
      <TestMethod codeBase="D:\actions-runner\_work\XPCO\XPCO\Corporate\VideoOS.Management.Server.UnitTests\bin\x64\Debug\net472\VideoOS.Management.Server.UnitTests.dll" adapterTypeName="executor://mstestadapter/v2" className="VideoOS.Management.Server.UnitTests.RestApi.ConfigurationApiSubControllerTests" name="LoadSpecificItem_UsePath" />
    </UnitTest>
    <UnitTest name="Validation_GridSize_Success" storage="d:\actions-runner\_work\xpco\xpco\corporate\videoos.management.server.unittests\bin\x64\debug\net472\videoos.management.server.unittests.dll" id="22eb1c2a-e7ff-36f9-61f0-3d36e292001e">
      <Execution id="0e498c3f-5c04-4f04-8452-f5edbb1871d0" />
      <TestMethod codeBase="D:\actions-runner\_work\XPCO\XPCO\Corporate\VideoOS.Management.Server.UnitTests\bin\x64\Debug\net472\VideoOS.Management.Server.UnitTests.dll" adapterTypeName="executor://mstestadapter/v2" className="VideoOS.Management.Server.UnitTests.ValidationUnitTests" name="Validation_GridSize_Success" />
    </UnitTest>
    <UnitTest name="SendCommandSecurityVisitor_RecorderTaskStoppedCommand_NotSupportedException" storage="d:\actions-runner\_work\xpco\xpco\corporate\videoos.management.server.unittests\bin\x64\debug\net472\videoos.management.server.unittests.dll" id="dfc09e0b-8ba1-fdc3-15e4-71c9ad9279c7">
      <Execution id="d924c030-799e-440e-b14c-a1e1d2bd5913" />
      <TestMethod codeBase="D:\actions-runner\_work\XPCO\XPCO\Corporate\VideoOS.Management.Server.UnitTests\bin\x64\Debug\net472\VideoOS.Management.Server.UnitTests.dll" adapterTypeName="executor://mstestadapter/v2" className="VideoOS.Management.Server.UnitTests.SendCommandSecurityVisitorTests" name="SendCommandSecurityVisitor_RecorderTaskStoppedCommand_NotSupportedException" />
    </UnitTest>
    <UnitTest name="TestRootNotAllowedNoPermissions" storage="d:\actions-runner\_work\xpco\xpco\corporate\videoos.management.server.unittests\bin\x64\debug\net472\videoos.management.server.unittests.dll" id="36375264-e3d2-9d0c-1431-e7b7e5bc1f36">
      <Execution id="9b0b1088-3de1-4360-b0ce-e47e9dadf2a0" />
      <TestMethod codeBase="D:\actions-runner\_work\XPCO\XPCO\Corporate\VideoOS.Management.Server.UnitTests\bin\x64\Debug\net472\VideoOS.Management.Server.UnitTests.dll" adapterTypeName="executor://mstestadapter/v2" className="VideoOS.Management.Server.UnitTests.PermissionTests" name="TestRootNotAllowedNoPermissions" />
    </UnitTest>
    <UnitTest name="GetCurrentProperties_WhenRuleTypeIsEvent_EventGroupNotPresent_ReturnsRuleTypeProperty" storage="d:\actions-runner\_work\xpco\xpco\corporate\videoos.management.server.unittests\bin\x64\debug\net472\videoos.management.server.unittests.dll" id="60f01e91-cde6-276d-c03e-91d4081b3249">
      <Execution id="f3e56fe7-54fc-4ba1-955f-68bdba355849" />
      <TestMethod codeBase="D:\actions-runner\_work\XPCO\XPCO\Corporate\VideoOS.Management.Server.UnitTests\bin\x64\Debug\net472\VideoOS.Management.Server.UnitTests.dll" adapterTypeName="executor://mstestadapter/v2" className="VideoOS.Management.Server.UnitTests.ConfigurationAPI.Rules.Methods.StopRuleTypeStepTests" name="GetCurrentProperties_WhenRuleTypeIsEvent_EventGroupNotPresent_ReturnsRuleTypeProperty" />
    </UnitTest>
    <UnitTest name="Get_Item_Path_Is_Invalid_Type_ArgumentException_Expected" storage="d:\actions-runner\_work\xpco\xpco\corporate\videoos.management.server.unittests\bin\x64\debug\net472\videoos.management.server.unittests.dll" id="728e9034-0c66-22a2-a9b3-aa75a5c16074">
      <Execution id="9bfd40dd-2372-4cb9-ad97-859e942f3f8a" />
      <TestMethod codeBase="D:\actions-runner\_work\XPCO\XPCO\Corporate\VideoOS.Management.Server.UnitTests\bin\x64\Debug\net472\VideoOS.Management.Server.UnitTests.dll" adapterTypeName="executor://mstestadapter/v2" className="VideoOS.Management.Server.UnitTests.ConfigurationAPI.TaskConfigurationApiTest" name="Get_Item_Path_Is_Invalid_Type_ArgumentException_Expected" />
    </UnitTest>
    <UnitTest name="ServerProxyService_GetServerVersion_ManagementServerRead_Checked" storage="d:\actions-runner\_work\xpco\xpco\corporate\videoos.management.server.unittests\bin\x64\debug\net472\videoos.management.server.unittests.dll" id="19ff5693-0727-f4b1-3c78-35b02087bc1e">
      <Execution id="e119c866-2de0-41fa-ad05-e90591151693" />
      <TestMethod codeBase="D:\actions-runner\_work\XPCO\XPCO\Corporate\VideoOS.Management.Server.UnitTests\bin\x64\Debug\net472\VideoOS.Management.Server.UnitTests.dll" adapterTypeName="executor://mstestadapter/v2" className="VideoOS.Management.Server.UnitTests.ServerProxyServiceUnitTests" name="ServerProxyService_GetServerVersion_ManagementServerRead_Checked" />
    </UnitTest>
    <UnitTest name="Validate_WhenWrongKind_ReturnsFalse" storage="d:\actions-runner\_work\xpco\xpco\corporate\videoos.management.server.unittests\bin\x64\debug\net472\videoos.management.server.unittests.dll" id="45f6be09-9816-35c2-5363-194f26722604">
      <Execution id="070615f5-da18-490d-865f-8de9f65aba97" />
      <TestMethod codeBase="D:\actions-runner\_work\XPCO\XPCO\Corporate\VideoOS.Management.Server.UnitTests\bin\x64\Debug\net472\VideoOS.Management.Server.UnitTests.dll" adapterTypeName="executor://mstestadapter/v2" className="VideoOS.Management.Server.UnitTests.ConfigurationAPI.Rules.Backend.Validation.ValueValidators.PluginGroupItemParameterValueValidatorTests" name="Validate_WhenWrongKind_ReturnsFalse" />
    </UnitTest>
    <UnitTest name="Get_KnownResourceType_NoData_NotTasks_ReturnsEmptyJson" storage="d:\actions-runner\_work\xpco\xpco\corporate\videoos.management.server.unittests\bin\x64\debug\net472\videoos.management.server.unittests.dll" id="826c4032-b70c-ddc5-791d-dd3c661d9b62">
      <Execution id="f4d493a8-ce09-4427-9dd7-1385037fbf33" />
      <TestMethod codeBase="D:\actions-runner\_work\XPCO\XPCO\Corporate\VideoOS.Management.Server.UnitTests\bin\x64\Debug\net472\VideoOS.Management.Server.UnitTests.dll" adapterTypeName="executor://mstestadapter/v2" className="VideoOS.Management.Server.UnitTests.RestApi.ArrayOfItemsControllerTests" name="Get_KnownResourceType_NoData_NotTasks_ReturnsEmptyJson" />
    </UnitTest>
    <UnitTest name="GetChildItems_ValidPathWrongId_FromItem" storage="d:\actions-runner\_work\xpco\xpco\corporate\videoos.management.server.unittests\bin\x64\debug\net472\videoos.management.server.unittests.dll" id="60729928-562e-3cf2-639c-f310df0c7aea">
      <Execution id="c8ad4110-5004-48b6-844a-4a3819c43813" />
      <TestMethod codeBase="D:\actions-runner\_work\XPCO\XPCO\Corporate\VideoOS.Management.Server.UnitTests\bin\x64\Debug\net472\VideoOS.Management.Server.UnitTests.dll" adapterTypeName="executor://mstestadapter/v2" className="VideoOS.Management.Server.UnitTests.ConfigurationAPI.BusinessObjects.SiteConfigurationApiTest" name="GetChildItems_ValidPathWrongId_FromItem" />
    </UnitTest>
    <UnitTest name="SendCommandSecurityVisitor_EdgeJobUpdatedCommand_NotSupportedException" storage="d:\actions-runner\_work\xpco\xpco\corporate\videoos.management.server.unittests\bin\x64\debug\net472\videoos.management.server.unittests.dll" id="fdb43990-c82b-f141-0835-32deefe2d789">
      <Execution id="e0cb8be1-5826-4bd2-a2f6-4c4ddb5f7d75" />
      <TestMethod codeBase="D:\actions-runner\_work\XPCO\XPCO\Corporate\VideoOS.Management.Server.UnitTests\bin\x64\Debug\net472\VideoOS.Management.Server.UnitTests.dll" adapterTypeName="executor://mstestadapter/v2" className="VideoOS.Management.Server.UnitTests.SendCommandSecurityVisitorTests" name="SendCommandSecurityVisitor_EdgeJobUpdatedCommand_NotSupportedException" />
    </UnitTest>
    <UnitTest name="GetXml_WhenActionIsSetBookmark_MatchesXml" storage="d:\actions-runner\_work\xpco\xpco\corporate\videoos.management.server.unittests\bin\x64\debug\net472\videoos.management.server.unittests.dll" id="00f7c730-153b-dc45-a0fd-6f8b836ddb33">
      <Execution id="ded3ccdc-d076-4077-910c-f1d1c22f8b02" />
      <TestMethod codeBase="D:\actions-runner\_work\XPCO\XPCO\Corporate\VideoOS.Management.Server.UnitTests\bin\x64\Debug\net472\VideoOS.Management.Server.UnitTests.dll" adapterTypeName="executor://mstestadapter/v2" className="VideoOS.Management.Server.UnitTests.ConfigurationAPI.Rules.Backend.Builders.ActionXmlBuilderTests" name="GetXml_WhenActionIsSetBookmark_MatchesXml" />
    </UnitTest>
    <UnitTest name="Validate_WhenParametersValidatorReturnsValidationError_Error" storage="d:\actions-runner\_work\xpco\xpco\corporate\videoos.management.server.unittests\bin\x64\debug\net472\videoos.management.server.unittests.dll" id="d7c2ada1-b956-f878-91cd-727439837db5">
      <Execution id="4ca1e50c-8871-4fee-bd19-c4e4616679f2" />
      <TestMethod codeBase="D:\actions-runner\_work\XPCO\XPCO\Corporate\VideoOS.Management.Server.UnitTests\bin\x64\Debug\net472\VideoOS.Management.Server.UnitTests.dll" adapterTypeName="executor://mstestadapter/v2" className="VideoOS.Management.Server.UnitTests.ConfigurationAPI.Rules.Backend.Validation.ActionsValidatorTests" name="Validate_WhenParametersValidatorReturnsValidationError_Error" />
    </UnitTest>
    <UnitTest name="SendCommandSecurityVisitor_UpdateSecurityManagerCommand_SecurityPermissionsDevice_UnknownSecurityAttribute_UnauthorizedAccessException" storage="d:\actions-runner\_work\xpco\xpco\corporate\videoos.management.server.unittests\bin\x64\debug\net472\videoos.management.server.unittests.dll" id="e978c096-b778-9d19-e3d6-359bc9d50682">
      <Execution id="df3357f5-c252-44a6-8656-4ae6416c0113" />
      <TestMethod codeBase="D:\actions-runner\_work\XPCO\XPCO\Corporate\VideoOS.Management.Server.UnitTests\bin\x64\Debug\net472\VideoOS.Management.Server.UnitTests.dll" adapterTypeName="executor://mstestadapter/v2" className="VideoOS.Management.Server.UnitTests.SendCommandSecurityVisitorTests" name="SendCommandSecurityVisitor_UpdateSecurityManagerCommand_SecurityPermissionsDevice_UnknownSecurityAttribute_UnauthorizedAccessException" />
    </UnitTest>
    <UnitTest name="Build_WhenActionIsTriggerEventOnRemoteSite_ReturnsRuleModel" storage="d:\actions-runner\_work\xpco\xpco\corporate\videoos.management.server.unittests\bin\x64\debug\net472\videoos.management.server.unittests.dll" id="73c1eed3-5580-51ae-e7fd-d4c82281c2aa">
      <Execution id="c7fcbdbd-08b8-4489-86f8-c63f3d0892f1" />
      <TestMethod codeBase="D:\actions-runner\_work\XPCO\XPCO\Corporate\VideoOS.Management.Server.UnitTests\bin\x64\Debug\net472\VideoOS.Management.Server.UnitTests.dll" adapterTypeName="executor://mstestadapter/v2" className="VideoOS.Management.Server.UnitTests.ConfigurationAPI.Rules.Backend.Builders.XmlRuleModelBuilderTests" name="Build_WhenActionIsTriggerEventOnRemoteSite_ReturnsRuleModel" />
    </UnitTest>
    <UnitTest name="GetCurrentProperties_WhenTimerStopRuleHasNoTime_ReturnsTimerProperty" storage="d:\actions-runner\_work\xpco\xpco\corporate\videoos.management.server.unittests\bin\x64\debug\net472\videoos.management.server.unittests.dll" id="ea04284a-6bc5-0d7c-11e4-cc30226cf923">
      <Execution id="48f2dd5d-15c4-449f-aacb-0a89e0e095de" />
      <TestMethod codeBase="D:\actions-runner\_work\XPCO\XPCO\Corporate\VideoOS.Management.Server.UnitTests\bin\x64\Debug\net472\VideoOS.Management.Server.UnitTests.dll" adapterTypeName="executor://mstestadapter/v2" className="VideoOS.Management.Server.UnitTests.ConfigurationAPI.Rules.Methods.StopRuleTypeStepTests" name="GetCurrentProperties_WhenTimerStopRuleHasNoTime_ReturnsTimerProperty" />
    </UnitTest>
    <UnitTest name="GetItem_BasicOwnerInformation_SunnyDay" storage="d:\actions-runner\_work\xpco\xpco\corporate\videoos.management.server.unittests\bin\x64\debug\net472\videoos.management.server.unittests.dll" id="e89616c3-a9e2-231d-73e0-c4cb1e6e83c4">
      <Execution id="4e3871c1-d9db-4e83-b4c3-9b9f4226e7b6" />
      <TestMethod codeBase="D:\actions-runner\_work\XPCO\XPCO\Corporate\VideoOS.Management.Server.UnitTests\bin\x64\Debug\net472\VideoOS.Management.Server.UnitTests.dll" adapterTypeName="executor://mstestadapter/v2" className="VideoOS.Management.Server.UnitTests.ConfigurationAPI.BusinessObjects.BasicOwnerInformationConfigurationApiTests" name="GetItem_BasicOwnerInformation_SunnyDay" />
    </UnitTest>
    <UnitTest name="SetItem_UnknownFileTest" storage="d:\actions-runner\_work\xpco\xpco\corporate\videoos.management.server.unittests\bin\x64\debug\net472\videoos.management.server.unittests.dll" id="fe613c9e-7661-d5d4-eba4-5bd2002046af">
      <Execution id="62d7597f-7914-4be8-acbd-41db68c1420e" />
      <TestMethod codeBase="D:\actions-runner\_work\XPCO\XPCO\Corporate\VideoOS.Management.Server.UnitTests\bin\x64\Debug\net472\VideoOS.Management.Server.UnitTests.dll" adapterTypeName="executor://mstestadapter/v2" className="VideoOS.Management.Server.UnitTests.ConfigurationAPI.BusinessObjects.AudioMessage.AudioMessageConfigurationApiTest" name="SetItem_UnknownFileTest" />
    </UnitTest>
    <UnitTest name="TryParseConditions_WhenDaysOfWeekCondition_ReturnsTrue" storage="d:\actions-runner\_work\xpco\xpco\corporate\videoos.management.server.unittests\bin\x64\debug\net472\videoos.management.server.unittests.dll" id="f9106929-7536-2ed7-0f4d-ea5d89ec0050">
      <Execution id="e1d813ff-430f-4905-b001-bee86b576f83" />
      <TestMethod codeBase="D:\actions-runner\_work\XPCO\XPCO\Corporate\VideoOS.Management.Server.UnitTests\bin\x64\Debug\net472\VideoOS.Management.Server.UnitTests.dll" adapterTypeName="executor://mstestadapter/v2" className="VideoOS.Management.Server.UnitTests.ConfigurationAPI.Rules.Backend.Builders.ConditionsParserTests" name="TryParseConditions_WhenDaysOfWeekCondition_ReturnsTrue" />
    </UnitTest>
    <UnitTest name="Invoke_UpdateLicense_WrongContent" storage="d:\actions-runner\_work\xpco\xpco\corporate\videoos.management.server.unittests\bin\x64\debug\net472\videoos.management.server.unittests.dll" id="0b6065d6-dedf-a3ff-30e9-0c4f1ad76fd9">
      <Execution id="5a48246e-846c-4db9-84bd-0789d07a7357" />
      <TestMethod codeBase="D:\actions-runner\_work\XPCO\XPCO\Corporate\VideoOS.Management.Server.UnitTests\bin\x64\Debug\net472\VideoOS.Management.Server.UnitTests.dll" adapterTypeName="executor://mstestadapter/v2" className="VideoOS.Management.Server.UnitTests.ConfigurationAPI.BusinessObjects.LicenseConfigurationApiTests" name="Invoke_UpdateLicense_WrongContent" />
    </UnitTest>
    <UnitTest name="Get_KnownResource_ItemFound_NoData_NotTasks_NotPerformingTask_Resources_NotDefinition_ReturnsChildResources" storage="d:\actions-runner\_work\xpco\xpco\corporate\videoos.management.server.unittests\bin\x64\debug\net472\videoos.management.server.unittests.dll" id="61bab419-8e00-d112-f593-1a3e5e0990c0">
      <Execution id="4b01ef42-2293-4f96-ba92-f75921975761" />
      <TestMethod codeBase="D:\actions-runner\_work\XPCO\XPCO\Corporate\VideoOS.Management.Server.UnitTests\bin\x64\Debug\net472\VideoOS.Management.Server.UnitTests.dll" adapterTypeName="executor://mstestadapter/v2" className="VideoOS.Management.Server.UnitTests.RestApi.SpecificItemControllerTests" name="Get_KnownResource_ItemFound_NoData_NotTasks_NotPerformingTask_Resources_NotDefinition_ReturnsChildResources" />
    </UnitTest>
    <UnitTest name="Validate_WhenDeviceActionButGuidIsEmptyString_Error" storage="d:\actions-runner\_work\xpco\xpco\corporate\videoos.management.server.unittests\bin\x64\debug\net472\videoos.management.server.unittests.dll" id="fc4a824b-cf8e-6cd8-0c54-9ea53db6d4c7">
      <Execution id="faf893fb-6bfc-4d56-8eb8-53211dbdbb17" />
      <TestMethod codeBase="D:\actions-runner\_work\XPCO\XPCO\Corporate\VideoOS.Management.Server.UnitTests\bin\x64\Debug\net472\VideoOS.Management.Server.UnitTests.dll" adapterTypeName="executor://mstestadapter/v2" className="VideoOS.Management.Server.UnitTests.ConfigurationAPI.Rules.Backend.Validation.ValidatorIntegrationTests" name="Validate_WhenDeviceActionButGuidIsEmptyString_Error" />
    </UnitTest>
    <UnitTest name="Build_StartSetFramerate_WhenParametersAreSet_ReturnsActionModel" storage="d:\actions-runner\_work\xpco\xpco\corporate\videoos.management.server.unittests\bin\x64\debug\net472\videoos.management.server.unittests.dll" id="6c3417d9-0344-6c87-4048-9cef33ea984a">
      <Execution id="b3d28aad-1862-42a9-909d-e753cafaf127" />
      <TestMethod codeBase="D:\actions-runner\_work\XPCO\XPCO\Corporate\VideoOS.Management.Server.UnitTests\bin\x64\Debug\net472\VideoOS.Management.Server.UnitTests.dll" adapterTypeName="executor://mstestadapter/v2" className="VideoOS.Management.Server.UnitTests.ConfigurationAPI.Rules.Builders.RuleModelActionsBuilderTests" name="Build_StartSetFramerate_WhenParametersAreSet_ReturnsActionModel" />
    </UnitTest>
    <UnitTest name="Validate_WhenValidLayout_ReturnsTrue" storage="d:\actions-runner\_work\xpco\xpco\corporate\videoos.management.server.unittests\bin\x64\debug\net472\videoos.management.server.unittests.dll" id="96332805-62af-fa21-0009-fbab7b6b0177">
      <Execution id="fee2eb14-0124-41a0-afd1-7afa4d8862e3" />
      <TestMethod codeBase="D:\actions-runner\_work\XPCO\XPCO\Corporate\VideoOS.Management.Server.UnitTests\bin\x64\Debug\net472\VideoOS.Management.Server.UnitTests.dll" adapterTypeName="executor://mstestadapter/v2" className="VideoOS.Management.Server.UnitTests.ConfigurationAPI.Rules.Backend.Validation.LayoutParameterValueValidatorTests" name="Validate_WhenValidLayout_ReturnsTrue" />
    </UnitTest>
    <UnitTest name="TimeProfile_WhenNoValuesInParameter_Error" storage="d:\actions-runner\_work\xpco\xpco\corporate\videoos.management.server.unittests\bin\x64\debug\net472\videoos.management.server.unittests.dll" id="49511e75-eb08-989b-050c-ed4ace6682a2">
      <Execution id="b3195ca7-8436-465a-b939-3eb0759ee151" />
      <TestMethod codeBase="D:\actions-runner\_work\XPCO\XPCO\Corporate\VideoOS.Management.Server.UnitTests\bin\x64\Debug\net472\VideoOS.Management.Server.UnitTests.dll" adapterTypeName="executor://mstestadapter/v2" className="VideoOS.Management.Server.UnitTests.ConfigurationAPI.Rules.Backend.Validation.ConditionWithinTimeProfileValidatorTests" name="TimeProfile_WhenNoValuesInParameter_Error" />
    </UnitTest>
    <UnitTest name="GetForecastSampleCountSuccess" storage="d:\actions-runner\_work\xpco\xpco\corporate\videoos.management.server.unittests\bin\x64\debug\net472\videoos.management.server.unittests.dll" id="9e6028e3-828f-fb67-e61d-6a2e98f0efd9">
      <Execution id="bdf2bb63-fc4e-4d90-9b19-c79df68f54eb" />
      <TestMethod codeBase="D:\actions-runner\_work\XPCO\XPCO\Corporate\VideoOS.Management.Server.UnitTests\bin\x64\Debug\net472\VideoOS.Management.Server.UnitTests.dll" adapterTypeName="executor://mstestadapter/v2" className="VideoOS.Management.Server.UnitTests.BusinessObjects.RetentionTimeForecastTest" name="GetForecastSampleCountSuccess" />
    </UnitTest>
    <UnitTest name="SetItem_InvalidParentPathTest" storage="d:\actions-runner\_work\xpco\xpco\corporate\videoos.management.server.unittests\bin\x64\debug\net472\videoos.management.server.unittests.dll" id="1bbf7e97-08ff-45b7-1c41-6c1fc3bbf2ff">
      <Execution id="d484a6bf-2acc-4ffb-872b-0882adb86353" />
      <TestMethod codeBase="D:\actions-runner\_work\XPCO\XPCO\Corporate\VideoOS.Management.Server.UnitTests\bin\x64\Debug\net472\VideoOS.Management.Server.UnitTests.dll" adapterTypeName="executor://mstestadapter/v2" className="VideoOS.Management.Server.UnitTests.ConfigurationAPI.BusinessObjects.CustomProperties.CustomPropertiesConfigurationApiTest" name="SetItem_InvalidParentPathTest" />
    </UnitTest>
    <UnitTest name="GetNextProperties_WhenWithinWindowAndWindowPropertyIsSet_ReturnsProperties" storage="d:\actions-runner\_work\xpco\xpco\corporate\videoos.management.server.unittests\bin\x64\debug\net472\videoos.management.server.unittests.dll" id="f24ec01a-9a6b-393d-e6e6-e22455bc0f7d">
      <Execution id="09245b82-542b-4471-bd48-8060da91240d" />
      <TestMethod codeBase="D:\actions-runner\_work\XPCO\XPCO\Corporate\VideoOS.Management.Server.UnitTests\bin\x64\Debug\net472\VideoOS.Management.Server.UnitTests.dll" adapterTypeName="executor://mstestadapter/v2" className="VideoOS.Management.Server.UnitTests.ConfigurationAPI.Rules.Methods.StartConditionsStepTest" name="GetNextProperties_WhenWithinWindowAndWindowPropertyIsSet_ReturnsProperties" />
    </UnitTest>
    <UnitTest name="CorrectLookupChecks_ManagementServer" storage="d:\actions-runner\_work\xpco\xpco\corporate\videoos.management.server.unittests\bin\x64\debug\net472\videoos.management.server.unittests.dll" id="41340033-8fcf-c29c-d1b2-30b3b88f3a75">
      <Execution id="7a9f5e1d-dfd8-4703-addd-1b15cc394397" />
      <TestMethod codeBase="D:\actions-runner\_work\XPCO\XPCO\Corporate\VideoOS.Management.Server.UnitTests\bin\x64\Debug\net472\VideoOS.Management.Server.UnitTests.dll" adapterTypeName="executor://mstestadapter/v2" className="VideoOS.Management.Server.UnitTests.RestApi.NameConvertTests" name="CorrectLookupChecks_ManagementServer" />
    </UnitTest>
    <UnitTest name="IsComplete_WhenStopRuleIsNone_ReturnsTrue" storage="d:\actions-runner\_work\xpco\xpco\corporate\videoos.management.server.unittests\bin\x64\debug\net472\videoos.management.server.unittests.dll" id="89a37491-c432-e947-ff9d-9b583bea4d21">
      <Execution id="9e500d73-498e-481f-a9b3-876618e3d289" />
      <TestMethod codeBase="D:\actions-runner\_work\XPCO\XPCO\Corporate\VideoOS.Management.Server.UnitTests\bin\x64\Debug\net472\VideoOS.Management.Server.UnitTests.dll" adapterTypeName="executor://mstestadapter/v2" className="VideoOS.Management.Server.UnitTests.ConfigurationAPI.Rules.Methods.StopRuleTypeStepTests" name="IsComplete_WhenStopRuleIsNone_ReturnsTrue" />
    </UnitTest>
    <UnitTest name="Invoke_WhenPropertyNotFound_ArgumentException" storage="d:\actions-runner\_work\xpco\xpco\corporate\videoos.management.server.unittests\bin\x64\debug\net472\videoos.management.server.unittests.dll" id="308dfb12-df25-e4cd-a44f-21fe72069871">
      <Execution id="5f47f6fc-0635-4a86-b6f5-95a27c381086" />
      <TestMethod codeBase="D:\actions-runner\_work\XPCO\XPCO\Corporate\VideoOS.Management.Server.UnitTests\bin\x64\Debug\net472\VideoOS.Management.Server.UnitTests.dll" adapterTypeName="executor://mstestadapter/v2" className="VideoOS.Management.Server.UnitTests.ConfigurationAPI.BusinessObjects.LprMatchList.Methods.AddEditRegistrationNumbersInfoTests" name="Invoke_WhenPropertyNotFound_ArgumentException" />
    </UnitTest>
    <UnitTest name="Validate_WhenMonthly_FrequencyIsNegative_ReturnsError" storage="d:\actions-runner\_work\xpco\xpco\corporate\videoos.management.server.unittests\bin\x64\debug\net472\videoos.management.server.unittests.dll" id="e94f7c87-5ba6-af54-15a4-b8be5a44217e">
      <Execution id="316e0260-0e08-4038-9320-74a06975ec08" />
      <TestMethod codeBase="D:\actions-runner\_work\XPCO\XPCO\Corporate\VideoOS.Management.Server.UnitTests\bin\x64\Debug\net472\VideoOS.Management.Server.UnitTests.dll" adapterTypeName="executor://mstestadapter/v2" className="VideoOS.Management.Server.UnitTests.ConfigurationAPI.Rules.Backend.Validation.RecurringTimeValidatorTests" name="Validate_WhenMonthly_FrequencyIsNegative_ReturnsError" />
    </UnitTest>
    <UnitTest name="SendCommandSecurityVisitor_UpdateConfigurationManagerCommand_SystemSetting_Edit_Allowed" storage="d:\actions-runner\_work\xpco\xpco\corporate\videoos.management.server.unittests\bin\x64\debug\net472\videoos.management.server.unittests.dll" id="b24a96c9-0c7b-a7f0-2230-aba7a0abde28">
      <Execution id="4cd91209-8807-4af0-9791-b627377a68b1" />
      <TestMethod codeBase="D:\actions-runner\_work\XPCO\XPCO\Corporate\VideoOS.Management.Server.UnitTests\bin\x64\Debug\net472\VideoOS.Management.Server.UnitTests.dll" adapterTypeName="executor://mstestadapter/v2" className="VideoOS.Management.Server.UnitTests.SendCommandSecurityVisitorTests" name="SendCommandSecurityVisitor_UpdateConfigurationManagerCommand_SystemSetting_Edit_Allowed" />
    </UnitTest>
    <UnitTest name="GetNextProperties_WhenRuleTypeIsEvent_EventGroupNotSet_ReturnsEventGroupProperty" storage="d:\actions-runner\_work\xpco\xpco\corporate\videoos.management.server.unittests\bin\x64\debug\net472\videoos.management.server.unittests.dll" id="047f80a9-1135-430d-d434-5a53ca872262">
      <Execution id="b6abfcd0-aec7-48ba-833e-fcae00370928" />
      <TestMethod codeBase="D:\actions-runner\_work\XPCO\XPCO\Corporate\VideoOS.Management.Server.UnitTests\bin\x64\Debug\net472\VideoOS.Management.Server.UnitTests.dll" adapterTypeName="executor://mstestadapter/v2" className="VideoOS.Management.Server.UnitTests.ConfigurationAPI.Rules.Methods.StopRuleTypeStepTests" name="GetNextProperties_WhenRuleTypeIsEvent_EventGroupNotSet_ReturnsEventGroupProperty" />
    </UnitTest>
    <UnitTest name="AuthenticateUser_AuthenticationValueIsInvalid_ReturnsFalse" storage="d:\actions-runner\_work\xpco\xpco\corporate\videoos.management.server.unittests\bin\x64\debug\net472\videoos.management.server.unittests.dll" id="df83e642-ef7a-5b15-6e82-7c973fd509f0">
      <Execution id="9e4d9b7b-c168-4d02-a6a6-dc052f7dc1e6" />
      <TestMethod codeBase="D:\actions-runner\_work\XPCO\XPCO\Corporate\VideoOS.Management.Server.UnitTests\bin\x64\Debug\net472\VideoOS.Management.Server.UnitTests.dll" adapterTypeName="executor://mstestadapter/v2" className="VideoOS.Management.Server.UnitTests.BasicAuthentication.BasicAuthenticationModuleTests" name="AuthenticateUser_AuthenticationValueIsInvalid_ReturnsFalse" />
    </UnitTest>
    <UnitTest name="GetXml_WhenActionIsGotoDefaultPreset_MatchesXml" storage="d:\actions-runner\_work\xpco\xpco\corporate\videoos.management.server.unittests\bin\x64\debug\net472\videoos.management.server.unittests.dll" id="3b74073a-0126-9404-5bd1-a8b2533dbd14">
      <Execution id="e481c887-ca64-4f4f-9a4c-cc6b5681d757" />
      <TestMethod codeBase="D:\actions-runner\_work\XPCO\XPCO\Corporate\VideoOS.Management.Server.UnitTests\bin\x64\Debug\net472\VideoOS.Management.Server.UnitTests.dll" adapterTypeName="executor://mstestadapter/v2" className="VideoOS.Management.Server.UnitTests.ConfigurationAPI.Rules.Backend.Builders.ActionXmlBuilderTests" name="GetXml_WhenActionIsGotoDefaultPreset_MatchesXml" />
    </UnitTest>
    <UnitTest name="ConfigurationItemPath_Create_RootPath_Succes" storage="d:\actions-runner\_work\xpco\xpco\corporate\videoos.management.server.unittests\bin\x64\debug\net472\videoos.management.server.unittests.dll" id="e1564018-5e40-e94b-8baf-05af3545d818">
      <Execution id="83eae631-23b4-43bb-b536-c3edb0c5a21f" />
      <TestMethod codeBase="D:\actions-runner\_work\XPCO\XPCO\Corporate\VideoOS.Management.Server.UnitTests\bin\x64\Debug\net472\VideoOS.Management.Server.UnitTests.dll" adapterTypeName="executor://mstestadapter/v2" className="VideoOS.Management.Server.UnitTests.ConfigurationAPI.ConfigurationItemPathTests" name="ConfigurationItemPath_Create_RootPath_Succes" />
    </UnitTest>
    <UnitTest name="GetNextProperties_WhenOutsideTimeProfileAndTimeProfilePropertyIsSet_ReturnsProperties" storage="d:\actions-runner\_work\xpco\xpco\corporate\videoos.management.server.unittests\bin\x64\debug\net472\videoos.management.server.unittests.dll" id="fbff2929-5f62-d22c-ef31-317f45cb69d8">
      <Execution id="5cf23437-fcfa-40f1-825b-8a0aed29d17a" />
      <TestMethod codeBase="D:\actions-runner\_work\XPCO\XPCO\Corporate\VideoOS.Management.Server.UnitTests\bin\x64\Debug\net472\VideoOS.Management.Server.UnitTests.dll" adapterTypeName="executor://mstestadapter/v2" className="VideoOS.Management.Server.UnitTests.ConfigurationAPI.Rules.Methods.StartConditionsStepTest" name="GetNextProperties_WhenOutsideTimeProfileAndTimeProfilePropertyIsSet_ReturnsProperties" />
    </UnitTest>
    <UnitTest name="Get_KnownResource_ItemFound_NoData_Tasks_NotPerformingTask_NotResources_NotDefinition_ReturnsTaskList" storage="d:\actions-runner\_work\xpco\xpco\corporate\videoos.management.server.unittests\bin\x64\debug\net472\videoos.management.server.unittests.dll" id="7a901874-0c7b-a469-24a2-cc7992617b16">
      <Execution id="bfc24f18-50b6-4e4e-8b9c-4151fcef10e0" />
      <TestMethod codeBase="D:\actions-runner\_work\XPCO\XPCO\Corporate\VideoOS.Management.Server.UnitTests\bin\x64\Debug\net472\VideoOS.Management.Server.UnitTests.dll" adapterTypeName="executor://mstestadapter/v2" className="VideoOS.Management.Server.UnitTests.RestApi.SpecificItemControllerTests" name="Get_KnownResource_ItemFound_NoData_Tasks_NotPerformingTask_NotResources_NotDefinition_ReturnsTaskList" />
    </UnitTest>
    <UnitTest name="GetXml_WhenConditionIsFailoverInactive_MatchesXml" storage="d:\actions-runner\_work\xpco\xpco\corporate\videoos.management.server.unittests\bin\x64\debug\net472\videoos.management.server.unittests.dll" id="d2b63424-21bb-bc18-99f0-280dd5d77182">
      <Execution id="a2397361-ebf0-46bb-8548-f6ed76b9f4cb" />
      <TestMethod codeBase="D:\actions-runner\_work\XPCO\XPCO\Corporate\VideoOS.Management.Server.UnitTests\bin\x64\Debug\net472\VideoOS.Management.Server.UnitTests.dll" adapterTypeName="executor://mstestadapter/v2" className="VideoOS.Management.Server.UnitTests.ConfigurationAPI.Rules.Backend.Builders.ConditionXmlBuilderTests" name="GetXml_WhenConditionIsFailoverInactive_MatchesXml" />
    </UnitTest>
    <UnitTest name="GetCurrentProperties_WhenNoPropertiesPresent_ReturnsEmptyList" storage="d:\actions-runner\_work\xpco\xpco\corporate\videoos.management.server.unittests\bin\x64\debug\net472\videoos.management.server.unittests.dll" id="7a0c5019-894e-c1c9-f503-b084c9a231d8">
      <Execution id="83053c76-47ef-4e54-af4f-d32d7b7c457f" />
      <TestMethod codeBase="D:\actions-runner\_work\XPCO\XPCO\Corporate\VideoOS.Management.Server.UnitTests\bin\x64\Debug\net472\VideoOS.Management.Server.UnitTests.dll" adapterTypeName="executor://mstestadapter/v2" className="VideoOS.Management.Server.UnitTests.ConfigurationAPI.Rules.Methods.StartActionsStepTests" name="GetCurrentProperties_WhenNoPropertiesPresent_ReturnsEmptyList" />
    </UnitTest>
    <UnitTest name="ConfigurationAPIExceptionUtilities_RemoveVmoMessagePrefix_Success" storage="d:\actions-runner\_work\xpco\xpco\corporate\videoos.management.server.unittests\bin\x64\debug\net472\videoos.management.server.unittests.dll" id="72c72516-1d9b-f18b-61b2-a2de76789bc9">
      <Execution id="4d3905cb-90c4-47f0-9b7c-d115740a5795" />
      <TestMethod codeBase="D:\actions-runner\_work\XPCO\XPCO\Corporate\VideoOS.Management.Server.UnitTests\bin\x64\Debug\net472\VideoOS.Management.Server.UnitTests.dll" adapterTypeName="executor://mstestadapter/v2" className="VideoOS.Management.Server.UnitTests.ConfigurationAPI.ConfigurationAPIExceptionUtilitiesTests" name="ConfigurationAPIExceptionUtilities_RemoveVmoMessagePrefix_Success" />
    </UnitTest>
    <UnitTest name="IsComplete_WhenWithinAndOutsideTimeProfileWithTimeProfilePropertiesSet_ReturnsTrue" storage="d:\actions-runner\_work\xpco\xpco\corporate\videoos.management.server.unittests\bin\x64\debug\net472\videoos.management.server.unittests.dll" id="7ffcb1f8-2085-fa32-1fae-6dec34e77644">
      <Execution id="2efa9f5c-6b51-4ec9-aec0-e030f05ae919" />
      <TestMethod codeBase="D:\actions-runner\_work\XPCO\XPCO\Corporate\VideoOS.Management.Server.UnitTests\bin\x64\Debug\net472\VideoOS.Management.Server.UnitTests.dll" adapterTypeName="executor://mstestadapter/v2" className="VideoOS.Management.Server.UnitTests.ConfigurationAPI.Rules.Methods.StartConditionsStepTest" name="IsComplete_WhenWithinAndOutsideTimeProfileWithTimeProfilePropertiesSet_ReturnsTrue" />
    </UnitTest>
    <UnitTest name="IsComplete_WhenStartActionPropertyHasEmptyValue_ReturnsFalse" storage="d:\actions-runner\_work\xpco\xpco\corporate\videoos.management.server.unittests\bin\x64\debug\net472\videoos.management.server.unittests.dll" id="50cd95ca-3952-5376-8272-3258ed7637f2">
      <Execution id="b1189285-a8fa-42cd-b757-5da119c04567" />
      <TestMethod codeBase="D:\actions-runner\_work\XPCO\XPCO\Corporate\VideoOS.Management.Server.UnitTests\bin\x64\Debug\net472\VideoOS.Management.Server.UnitTests.dll" adapterTypeName="executor://mstestadapter/v2" className="VideoOS.Management.Server.UnitTests.ConfigurationAPI.Rules.Methods.StartActionsStepTests" name="IsComplete_WhenStartActionPropertyHasEmptyValue_ReturnsFalse" />
    </UnitTest>
    <UnitTest name="ValidateItem_ParamNullCheck_PathTest" storage="d:\actions-runner\_work\xpco\xpco\corporate\videoos.management.server.unittests\bin\x64\debug\net472\videoos.management.server.unittests.dll" id="6e4d801e-dc44-f70c-b7be-235fda586791">
      <Execution id="89f97ab9-049e-4fce-b2d4-47cef0fa6c6e" />
      <TestMethod codeBase="D:\actions-runner\_work\XPCO\XPCO\Corporate\VideoOS.Management.Server.UnitTests\bin\x64\Debug\net472\VideoOS.Management.Server.UnitTests.dll" adapterTypeName="executor://mstestadapter/v2" className="VideoOS.Management.Server.UnitTests.ConfigurationAPI.BusinessObjects.AudioMessage.AudioMessageConfigurationApiTest" name="ValidateItem_ParamNullCheck_PathTest" />
    </UnitTest>
    <UnitTest name="GetNextProperties_WhenTimerStopRuleHasTime_ReturnsNoProperty" storage="d:\actions-runner\_work\xpco\xpco\corporate\videoos.management.server.unittests\bin\x64\debug\net472\videoos.management.server.unittests.dll" id="e8796846-1144-ee58-b88f-0434242e6573">
      <Execution id="e1509784-d0f6-4cc2-865d-74dacd953847" />
      <TestMethod codeBase="D:\actions-runner\_work\XPCO\XPCO\Corporate\VideoOS.Management.Server.UnitTests\bin\x64\Debug\net472\VideoOS.Management.Server.UnitTests.dll" adapterTypeName="executor://mstestadapter/v2" className="VideoOS.Management.Server.UnitTests.ConfigurationAPI.Rules.Methods.StopRuleTypeStepTests" name="GetNextProperties_WhenTimerStopRuleHasTime_ReturnsNoProperty" />
    </UnitTest>
    <UnitTest name="Validate_WhenWrongKind_ReturnsFalse" storage="d:\actions-runner\_work\xpco\xpco\corporate\videoos.management.server.unittests\bin\x64\debug\net472\videoos.management.server.unittests.dll" id="1612a8e8-2a3c-70d1-8f69-caeccb41d661">
      <Execution id="066408f8-5b8d-4256-bf41-496bbf89ba99" />
      <TestMethod codeBase="D:\actions-runner\_work\XPCO\XPCO\Corporate\VideoOS.Management.Server.UnitTests\bin\x64\Debug\net472\VideoOS.Management.Server.UnitTests.dll" adapterTypeName="executor://mstestadapter/v2" className="VideoOS.Management.Server.UnitTests.ConfigurationAPI.Rules.Backend.Validation.ValueValidators.AccessControlGroupEventParameterValueValidatorTest" name="Validate_WhenWrongKind_ReturnsFalse" />
    </UnitTest>
    <UnitTest name="SystemSettingsManager_ConvertActivationCredentialsToDatabaseValue_Sucess" storage="d:\actions-runner\_work\xpco\xpco\corporate\videoos.management.server.unittests\bin\x64\debug\net472\videoos.management.server.unittests.dll" id="3aa2a140-03db-5c62-e5f4-846a7c892733">
      <Execution id="2b2df40d-6b94-49dc-8acb-2e827d1582f8" />
      <TestMethod codeBase="D:\actions-runner\_work\XPCO\XPCO\Corporate\VideoOS.Management.Server.UnitTests\bin\x64\Debug\net472\VideoOS.Management.Server.UnitTests.dll" adapterTypeName="executor://mstestadapter/v2" className="VideoOS.Management.Server.UnitTests.SystemSettingsManagerTests" name="SystemSettingsManager_ConvertActivationCredentialsToDatabaseValue_Sucess" />
    </UnitTest>
    <UnitTest name="GetXml_WhenRuleTypeIsEventWithEventSourceGroupIdSet_MatchesXml" storage="d:\actions-runner\_work\xpco\xpco\corporate\videoos.management.server.unittests\bin\x64\debug\net472\videoos.management.server.unittests.dll" id="669874b9-f567-7689-bb95-7a7a6ad10ced">
      <Execution id="27eaa82e-a226-4b0f-baea-24dfed6b2697" />
      <TestMethod codeBase="D:\actions-runner\_work\XPCO\XPCO\Corporate\VideoOS.Management.Server.UnitTests\bin\x64\Debug\net472\VideoOS.Management.Server.UnitTests.dll" adapterTypeName="executor://mstestadapter/v2" className="VideoOS.Management.Server.UnitTests.ConfigurationAPI.Rules.Backend.Builders.RuleTypeXmlBuilderTests" name="GetXml_WhenRuleTypeIsEventWithEventSourceGroupIdSet_MatchesXml" />
    </UnitTest>
    <UnitTest name="Build_WhenTimeProfileConditions_ReturnsTimeProfilePropertiesSet" storage="d:\actions-runner\_work\xpco\xpco\corporate\videoos.management.server.unittests\bin\x64\debug\net472\videoos.management.server.unittests.dll" id="ecb7fd03-aefc-446b-99db-f57c783748a4">
      <Execution id="ae5cce81-2f4a-4ec8-8938-84bde9b033ba" />
      <TestMethod codeBase="D:\actions-runner\_work\XPCO\XPCO\Corporate\VideoOS.Management.Server.UnitTests\bin\x64\Debug\net472\VideoOS.Management.Server.UnitTests.dll" adapterTypeName="executor://mstestadapter/v2" className="VideoOS.Management.Server.UnitTests.ConfigurationAPI.Rules.Builders.ConfigurationItemConditionsBuilderTests" name="Build_WhenTimeProfileConditions_ReturnsTimeProfilePropertiesSet" />
    </UnitTest>
    <UnitTest name="Build_WhenStartRuleIsRecurringTime_DailyAndOnceWithNoRequiredProperties_PropertiesAreSetWithDefaultValues" storage="d:\actions-runner\_work\xpco\xpco\corporate\videoos.management.server.unittests\bin\x64\debug\net472\videoos.management.server.unittests.dll" id="52166fbc-bf96-bf5c-7dec-9432da55ec69">
      <Execution id="346492c2-1d81-4ac1-a8f1-e856e322be71" />
      <TestMethod codeBase="D:\actions-runner\_work\XPCO\XPCO\Corporate\VideoOS.Management.Server.UnitTests\bin\x64\Debug\net472\VideoOS.Management.Server.UnitTests.dll" adapterTypeName="executor://mstestadapter/v2" className="VideoOS.Management.Server.UnitTests.ConfigurationAPI.Rules.Builders.ConfigurationItemBuilderTests" name="Build_WhenStartRuleIsRecurringTime_DailyAndOnceWithNoRequiredProperties_PropertiesAreSetWithDefaultValues" />
    </UnitTest>
    <UnitTest name="Validate_WhenInvalidFrequencyType_ReturnsError" storage="d:\actions-runner\_work\xpco\xpco\corporate\videoos.management.server.unittests\bin\x64\debug\net472\videoos.management.server.unittests.dll" id="019347bb-0e85-97d7-307f-fb0315c6580a">
      <Execution id="b2f91d23-349f-4e90-9e1c-5c36fc98f1ab" />
      <TestMethod codeBase="D:\actions-runner\_work\XPCO\XPCO\Corporate\VideoOS.Management.Server.UnitTests\bin\x64\Debug\net472\VideoOS.Management.Server.UnitTests.dll" adapterTypeName="executor://mstestadapter/v2" className="VideoOS.Management.Server.UnitTests.ConfigurationAPI.Rules.Backend.Validation.RecurringTimeValidatorTests" name="Validate_WhenInvalidFrequencyType_ReturnsError" />
    </UnitTest>
    <UnitTest name="ConfigurationItemPath_CreateFolderPath_IdNull_ArgumentNullException" storage="d:\actions-runner\_work\xpco\xpco\corporate\videoos.management.server.unittests\bin\x64\debug\net472\videoos.management.server.unittests.dll" id="44bd2721-0dfc-52b2-7f52-9500391dd421">
      <Execution id="783fd976-2f15-406c-910f-664d7cbef996" />
      <TestMethod codeBase="D:\actions-runner\_work\XPCO\XPCO\Corporate\VideoOS.Management.Server.UnitTests\bin\x64\Debug\net472\VideoOS.Management.Server.UnitTests.dll" adapterTypeName="executor://mstestadapter/v2" className="VideoOS.Management.Server.UnitTests.ConfigurationAPI.ConfigurationItemPathTests" name="ConfigurationItemPath_CreateFolderPath_IdNull_ArgumentNullException" />
    </UnitTest>
    <UnitTest name="GetCurrentProperties_WhenRuleTypeIsEvent_InvalidEventGroup_ReturnsRuleTypeProperty" storage="d:\actions-runner\_work\xpco\xpco\corporate\videoos.management.server.unittests\bin\x64\debug\net472\videoos.management.server.unittests.dll" id="e85d7078-d3d0-c5a3-65fe-4e7b8fb675b0">
      <Execution id="eddeaf71-2bd1-4a57-85ab-a40957bcd8d9" />
      <TestMethod codeBase="D:\actions-runner\_work\XPCO\XPCO\Corporate\VideoOS.Management.Server.UnitTests\bin\x64\Debug\net472\VideoOS.Management.Server.UnitTests.dll" adapterTypeName="executor://mstestadapter/v2" className="VideoOS.Management.Server.UnitTests.ConfigurationAPI.Rules.Methods.StartRuleTypeStepTests" name="GetCurrentProperties_WhenRuleTypeIsEvent_InvalidEventGroup_ReturnsRuleTypeProperty" />
    </UnitTest>
    <UnitTest name="ValidateItem_UnknownFileTest" storage="d:\actions-runner\_work\xpco\xpco\corporate\videoos.management.server.unittests\bin\x64\debug\net472\videoos.management.server.unittests.dll" id="d1b01e92-6a0a-9cae-4c22-07c0a9a1c8fc">
      <Execution id="26b8f1a6-58ae-4160-92ce-76e28d1e1960" />
      <TestMethod codeBase="D:\actions-runner\_work\XPCO\XPCO\Corporate\VideoOS.Management.Server.UnitTests\bin\x64\Debug\net472\VideoOS.Management.Server.UnitTests.dll" adapterTypeName="executor://mstestadapter/v2" className="VideoOS.Management.Server.UnitTests.ConfigurationAPI.BusinessObjects.AudioMessage.AudioMessageConfigurationApiTest" name="ValidateItem_UnknownFileTest" />
    </UnitTest>
    <UnitTest name="InvokeMethod_ParamNullCheck_MethodIdTest" storage="d:\actions-runner\_work\xpco\xpco\corporate\videoos.management.server.unittests\bin\x64\debug\net472\videoos.management.server.unittests.dll" id="4dac34c2-ea30-4997-0d44-d8791e33fbfe">
      <Execution id="2188e6c6-57c4-4ec5-bc3c-df549039bf35" />
      <TestMethod codeBase="D:\actions-runner\_work\XPCO\XPCO\Corporate\VideoOS.Management.Server.UnitTests\bin\x64\Debug\net472\VideoOS.Management.Server.UnitTests.dll" adapterTypeName="executor://mstestadapter/v2" className="VideoOS.Management.Server.UnitTests.ConfigurationAPI.BusinessObjects.AudioMessage.AudioMessageConfigurationApiTest" name="InvokeMethod_ParamNullCheck_MethodIdTest" />
    </UnitTest>
    <UnitTest name="GetItemType_WhenValidLayout_ReturnsLayout" storage="d:\actions-runner\_work\xpco\xpco\corporate\videoos.management.server.unittests\bin\x64\debug\net472\videoos.management.server.unittests.dll" id="7d3db2a2-435e-cd1f-c934-1e7b930e136a">
      <Execution id="7ff353ee-ce5a-4307-97a2-027334d1a562" />
      <TestMethod codeBase="D:\actions-runner\_work\XPCO\XPCO\Corporate\VideoOS.Management.Server.UnitTests\bin\x64\Debug\net472\VideoOS.Management.Server.UnitTests.dll" adapterTypeName="executor://mstestadapter/v2" className="VideoOS.Management.Server.UnitTests.ConfigurationAPI.Rules.Backend.Validation.LayoutParameterValueValidatorTests" name="GetItemType_WhenValidLayout_ReturnsLayout" />
    </UnitTest>
    <UnitTest name="SendCommandSecurityVisitor_AddBookmarkCommand_NotSupportedException" storage="d:\actions-runner\_work\xpco\xpco\corporate\videoos.management.server.unittests\bin\x64\debug\net472\videoos.management.server.unittests.dll" id="e3ada95b-305b-083a-b556-d1620d0faaa6">
      <Execution id="4a7fa442-b724-4077-ab9d-9f2c8a48b7a4" />
      <TestMethod codeBase="D:\actions-runner\_work\XPCO\XPCO\Corporate\VideoOS.Management.Server.UnitTests\bin\x64\Debug\net472\VideoOS.Management.Server.UnitTests.dll" adapterTypeName="executor://mstestadapter/v2" className="VideoOS.Management.Server.UnitTests.SendCommandSecurityVisitorTests" name="SendCommandSecurityVisitor_AddBookmarkCommand_NotSupportedException" />
    </UnitTest>
    <UnitTest name="GetItem_InvalidPathTest" storage="d:\actions-runner\_work\xpco\xpco\corporate\videoos.management.server.unittests\bin\x64\debug\net472\videoos.management.server.unittests.dll" id="004f9fc7-a748-89ff-f15f-3123ff963d6c">
      <Execution id="865c33c6-39b5-4d61-9d5f-cf70a9b168a4" />
      <TestMethod codeBase="D:\actions-runner\_work\XPCO\XPCO\Corporate\VideoOS.Management.Server.UnitTests\bin\x64\Debug\net472\VideoOS.Management.Server.UnitTests.dll" adapterTypeName="executor://mstestadapter/v2" className="VideoOS.Management.Server.UnitTests.ConfigurationAPI.BusinessObjects.AudioMessage.AudioMessageFolderConfigurationApiTest" name="GetItem_InvalidPathTest" />
    </UnitTest>
    <UnitTest name="GetItem_ParamNullCheck_Path" storage="d:\actions-runner\_work\xpco\xpco\corporate\videoos.management.server.unittests\bin\x64\debug\net472\videoos.management.server.unittests.dll" id="a452df64-9a2f-95e6-8e97-6d615b088fb9">
      <Execution id="9fd950bf-a8e0-47e3-9442-5eab0ae0ff9f" />
      <TestMethod codeBase="D:\actions-runner\_work\XPCO\XPCO\Corporate\VideoOS.Management.Server.UnitTests\bin\x64\Debug\net472\VideoOS.Management.Server.UnitTests.dll" adapterTypeName="executor://mstestadapter/v2" className="VideoOS.Management.Server.UnitTests.ConfigurationAPI.BusinessObjects.SearchTemplate.SearchTemplateConfigurationApiTest" name="GetItem_ParamNullCheck_Path" />
    </UnitTest>
    <UnitTest name="SetItem_ParamNullCheck_ConfigurationItemTest" storage="d:\actions-runner\_work\xpco\xpco\corporate\videoos.management.server.unittests\bin\x64\debug\net472\videoos.management.server.unittests.dll" id="712efd25-7047-db86-52ff-62ff5c459466">
      <Execution id="81fe3d7c-e116-49a3-9857-2629ef4c76e9" />
      <TestMethod codeBase="D:\actions-runner\_work\XPCO\XPCO\Corporate\VideoOS.Management.Server.UnitTests\bin\x64\Debug\net472\VideoOS.Management.Server.UnitTests.dll" adapterTypeName="executor://mstestadapter/v2" className="VideoOS.Management.Server.UnitTests.ConfigurationAPI.BusinessObjects.AudioMessage.AudioMessageConfigurationApiTest" name="SetItem_ParamNullCheck_ConfigurationItemTest" />
    </UnitTest>
    <UnitTest name="IsComplete_WhenRecurring_DailyRecurring_ReturnsTrue" storage="d:\actions-runner\_work\xpco\xpco\corporate\videoos.management.server.unittests\bin\x64\debug\net472\videoos.management.server.unittests.dll" id="b90e294a-7a36-bde6-8e0a-7ba20877d563">
      <Execution id="e8086346-8aec-41c1-8c74-abfb0fc03955" />
      <TestMethod codeBase="D:\actions-runner\_work\XPCO\XPCO\Corporate\VideoOS.Management.Server.UnitTests\bin\x64\Debug\net472\VideoOS.Management.Server.UnitTests.dll" adapterTypeName="executor://mstestadapter/v2" className="VideoOS.Management.Server.UnitTests.ConfigurationAPI.Rules.Methods.StartRuleTypeStepTests" name="IsComplete_WhenRecurring_DailyRecurring_ReturnsTrue" />
    </UnitTest>
    <UnitTest name="Build_StartStopRecordingParametersAreSet_PropertiesAdded" storage="d:\actions-runner\_work\xpco\xpco\corporate\videoos.management.server.unittests\bin\x64\debug\net472\videoos.management.server.unittests.dll" id="2cd5f82b-4029-c13f-4e5d-6338d8bf1511">
      <Execution id="f9f0793f-7a56-4be9-b2ec-e6198e254d66" />
      <TestMethod codeBase="D:\actions-runner\_work\XPCO\XPCO\Corporate\VideoOS.Management.Server.UnitTests\bin\x64\Debug\net472\VideoOS.Management.Server.UnitTests.dll" adapterTypeName="executor://mstestadapter/v2" className="VideoOS.Management.Server.UnitTests.ConfigurationAPI.Rules.Builders.ConfigurationItemBuilderTests" name="Build_StartStopRecordingParametersAreSet_PropertiesAdded" />
    </UnitTest>
    <UnitTest name="DataCollectorOnRegisteredServicesManager_QueueResolve_Quene_With_Completed_Tasks" storage="d:\actions-runner\_work\xpco\xpco\corporate\videoos.management.server.unittests\bin\x64\debug\net472\videoos.management.server.unittests.dll" id="808c118e-b248-2ab5-2d1c-d829119e535c">
      <Execution id="4b2cef63-243d-4dba-9ce3-0e6180b0ad6f" />
      <TestMethod codeBase="D:\actions-runner\_work\XPCO\XPCO\Corporate\VideoOS.Management.Server.UnitTests\bin\x64\Debug\net472\VideoOS.Management.Server.UnitTests.dll" adapterTypeName="executor://mstestadapter/v2" className="VideoOS.Management.Server.DataCollectorOnRegisteredServicesManagerTest" name="DataCollectorOnRegisteredServicesManager_QueueResolve_Quene_With_Completed_Tasks" />
    </UnitTest>
    <UnitTest name="GetXml_WhenRuleTypeIsMonthlyAndRecurring_MatchesXml" storage="d:\actions-runner\_work\xpco\xpco\corporate\videoos.management.server.unittests\bin\x64\debug\net472\videoos.management.server.unittests.dll" id="fa13e7bc-2d3d-0060-4a60-261d76e0c24c">
      <Execution id="2e8681b0-23ee-48b3-b8da-4764860b970b" />
      <TestMethod codeBase="D:\actions-runner\_work\XPCO\XPCO\Corporate\VideoOS.Management.Server.UnitTests\bin\x64\Debug\net472\VideoOS.Management.Server.UnitTests.dll" adapterTypeName="executor://mstestadapter/v2" className="VideoOS.Management.Server.UnitTests.ConfigurationAPI.Rules.Backend.Builders.RuleTypeXmlBuilderTests" name="GetXml_WhenRuleTypeIsMonthlyAndRecurring_MatchesXml" />
    </UnitTest>
    <UnitTest name="GetNextProperties_WhenRecurring_NotAllFrequencyTypePropertiesSet_ReturnsPropertiesUpToDailyFrequencyType" storage="d:\actions-runner\_work\xpco\xpco\corporate\videoos.management.server.unittests\bin\x64\debug\net472\videoos.management.server.unittests.dll" id="dc5b7683-5627-bab1-3f8f-8dfd006085af">
      <Execution id="0c2d69ed-d447-4811-a4fb-4d2b14043f0f" />
      <TestMethod codeBase="D:\actions-runner\_work\XPCO\XPCO\Corporate\VideoOS.Management.Server.UnitTests\bin\x64\Debug\net472\VideoOS.Management.Server.UnitTests.dll" adapterTypeName="executor://mstestadapter/v2" className="VideoOS.Management.Server.UnitTests.ConfigurationAPI.Rules.Methods.StartRuleTypeStepTests" name="GetNextProperties_WhenRecurring_NotAllFrequencyTypePropertiesSet_ReturnsPropertiesUpToDailyFrequencyType" />
    </UnitTest>
    <UnitTest name="ConfigurationItemPath_CreateFolderPath3Strings_SystemRoot_Succes" storage="d:\actions-runner\_work\xpco\xpco\corporate\videoos.management.server.unittests\bin\x64\debug\net472\videoos.management.server.unittests.dll" id="b19a97a7-d301-dc58-24f4-cbea3343fb4a">
      <Execution id="67711857-90d8-4d71-b3d8-ba1963771ec7" />
      <TestMethod codeBase="D:\actions-runner\_work\XPCO\XPCO\Corporate\VideoOS.Management.Server.UnitTests\bin\x64\Debug\net472\VideoOS.Management.Server.UnitTests.dll" adapterTypeName="executor://mstestadapter/v2" className="VideoOS.Management.Server.UnitTests.ConfigurationAPI.ConfigurationItemPathTests" name="ConfigurationItemPath_CreateFolderPath3Strings_SystemRoot_Succes" />
    </UnitTest>
    <UnitTest name="Get_Item_Exception_Status_Is_Idle_Success" storage="d:\actions-runner\_work\xpco\xpco\corporate\videoos.management.server.unittests\bin\x64\debug\net472\videoos.management.server.unittests.dll" id="a79acc2e-bd02-98cf-2627-cf9bebe845cd">
      <Execution id="f31d9b06-4aa2-4633-ae65-9ad2846ac47c" />
      <TestMethod codeBase="D:\actions-runner\_work\XPCO\XPCO\Corporate\VideoOS.Management.Server.UnitTests\bin\x64\Debug\net472\VideoOS.Management.Server.UnitTests.dll" adapterTypeName="executor://mstestadapter/v2" className="VideoOS.Management.Server.UnitTests.ConfigurationAPI.TaskConfigurationApiTest" name="Get_Item_Exception_Status_Is_Idle_Success" />
    </UnitTest>
    <UnitTest name="GetCurrentProperties_WhenRecurring_NoRecurringTimePropertySet_ReturnsStartRuleTypeProperty" storage="d:\actions-runner\_work\xpco\xpco\corporate\videoos.management.server.unittests\bin\x64\debug\net472\videoos.management.server.unittests.dll" id="6d4ccce5-b809-bba9-215e-7c09370cbe5b">
      <Execution id="2ef8160a-88ca-45da-8780-be67564a1bf7" />
      <TestMethod codeBase="D:\actions-runner\_work\XPCO\XPCO\Corporate\VideoOS.Management.Server.UnitTests\bin\x64\Debug\net472\VideoOS.Management.Server.UnitTests.dll" adapterTypeName="executor://mstestadapter/v2" className="VideoOS.Management.Server.UnitTests.ConfigurationAPI.Rules.Methods.StartRuleTypeStepTests" name="GetCurrentProperties_WhenRecurring_NoRecurringTimePropertySet_ReturnsStartRuleTypeProperty" />
    </UnitTest>
    <UnitTest name="LogException_Returns_FaultExceptionWithVMOExceptionDetail_OnVmoServiceException" storage="d:\actions-runner\_work\xpco\xpco\corporate\videoos.management.server.unittests\bin\x64\debug\net472\videoos.management.server.unittests.dll" id="75237d92-d1e3-42dd-0f61-443b0149521f">
      <TestCategory>
        <TestCategoryItem TestCategory="Exceptions" />
      </TestCategory>
      <Execution id="e5ced174-4092-4951-9ee4-dd4b39c2f7d9" />
      <TestMethod codeBase="D:\actions-runner\_work\XPCO\XPCO\Corporate\VideoOS.Management.Server.UnitTests\bin\x64\Debug\net472\VideoOS.Management.Server.UnitTests.dll" adapterTypeName="executor://mstestadapter/v2" className="VideoOS.Management.Server.UnitTests.Frameworks.ExceptionHandling.ServerExceptionUtilitiesTests" name="LogException_Returns_FaultExceptionWithVMOExceptionDetail_OnVmoServiceException" />
    </UnitTest>
    <UnitTest name="TryParseRuleType_SubDay_WhenOnce_ReturnsTrue" storage="d:\actions-runner\_work\xpco\xpco\corporate\videoos.management.server.unittests\bin\x64\debug\net472\videoos.management.server.unittests.dll" id="f94d4e58-aaf5-c175-b7a8-b0929358430c">
      <Execution id="27b99d00-855a-4799-9e41-4a6adc6a01f4" />
      <TestMethod codeBase="D:\actions-runner\_work\XPCO\XPCO\Corporate\VideoOS.Management.Server.UnitTests\bin\x64\Debug\net472\VideoOS.Management.Server.UnitTests.dll" adapterTypeName="executor://mstestadapter/v2" className="VideoOS.Management.Server.UnitTests.ConfigurationAPI.Rules.Backend.Builders.RuleTypeParserRecurringTimeTests" name="TryParseRuleType_SubDay_WhenOnce_ReturnsTrue" />
    </UnitTest>
    <UnitTest name="TimeProfile_WhenNoParameters_Error" storage="d:\actions-runner\_work\xpco\xpco\corporate\videoos.management.server.unittests\bin\x64\debug\net472\videoos.management.server.unittests.dll" id="29046b1d-012f-46ae-1304-05cfe0330f22">
      <Execution id="7a326b7b-7c42-48b7-8af2-bcef8fa8a6de" />
      <TestMethod codeBase="D:\actions-runner\_work\XPCO\XPCO\Corporate\VideoOS.Management.Server.UnitTests\bin\x64\Debug\net472\VideoOS.Management.Server.UnitTests.dll" adapterTypeName="executor://mstestadapter/v2" className="VideoOS.Management.Server.UnitTests.ConfigurationAPI.Rules.Backend.Validation.ConditionOutsideTimeProfileValidatorTests" name="TimeProfile_WhenNoParameters_Error" />
    </UnitTest>
    <UnitTest name="InvokeBegin_BasicResultHasBeenSetAndIsTrue_CallDefaultInvoker" storage="d:\actions-runner\_work\xpco\xpco\corporate\videoos.management.server.unittests\bin\x64\debug\net472\videoos.management.server.unittests.dll" id="fae852dc-50f6-8273-0c3e-a50e014f488c">
      <Execution id="63f9d664-0e35-4711-af8d-c915116498c0" />
      <TestMethod codeBase="D:\actions-runner\_work\XPCO\XPCO\Corporate\VideoOS.Management.Server.UnitTests\bin\x64\Debug\net472\VideoOS.Management.Server.UnitTests.dll" adapterTypeName="executor://mstestadapter/v2" className="VideoOS.Management.Server.UnitTests.BasicAuthentication.BasicAuthenticationInvokerTests" name="InvokeBegin_BasicResultHasBeenSetAndIsTrue_CallDefaultInvoker" />
    </UnitTest>
    <UnitTest name="Validate_WhenAnySource_ReturnsTrue" storage="d:\actions-runner\_work\xpco\xpco\corporate\videoos.management.server.unittests\bin\x64\debug\net472\videoos.management.server.unittests.dll" id="04124a0e-7e2d-e464-534c-db1e198dd850">
      <Execution id="86e6ae96-bfd9-474b-a621-12de044c91d9" />
      <TestMethod codeBase="D:\actions-runner\_work\XPCO\XPCO\Corporate\VideoOS.Management.Server.UnitTests\bin\x64\Debug\net472\VideoOS.Management.Server.UnitTests.dll" adapterTypeName="executor://mstestadapter/v2" className="VideoOS.Management.Server.UnitTests.ConfigurationAPI.Rules.Backend.Validation.SystemDashboardRecordingServerParameterValueValidatorTests" name="Validate_WhenAnySource_ReturnsTrue" />
    </UnitTest>
    <UnitTest name="Get_Item_AddHardware_Success" storage="d:\actions-runner\_work\xpco\xpco\corporate\videoos.management.server.unittests\bin\x64\debug\net472\videoos.management.server.unittests.dll" id="2209bf87-c539-643a-a237-e44fc9827fb8">
      <Execution id="9f5472f7-4f9f-4cba-b1d0-cdb2967a4906" />
      <TestMethod codeBase="D:\actions-runner\_work\XPCO\XPCO\Corporate\VideoOS.Management.Server.UnitTests\bin\x64\Debug\net472\VideoOS.Management.Server.UnitTests.dll" adapterTypeName="executor://mstestadapter/v2" className="VideoOS.Management.Server.UnitTests.ConfigurationAPI.TaskConfigurationApiTest" name="Get_Item_AddHardware_Success" />
    </UnitTest>
    <UnitTest name="ConstructSqlSelect_SunnyDay_DateTimeGreaterThan_NoTimezone" storage="d:\actions-runner\_work\xpco\xpco\corporate\videoos.management.server.unittests\bin\x64\debug\net472\videoos.management.server.unittests.dll" id="f3df1398-ba91-759b-66d9-c4e1b88a0803">
      <Execution id="eab9843d-af92-42af-8b66-012ea8d931fe" />
      <TestMethod codeBase="D:\actions-runner\_work\XPCO\XPCO\Corporate\VideoOS.Management.Server.UnitTests\bin\x64\Debug\net472\VideoOS.Management.Server.UnitTests.dll" adapterTypeName="executor://mstestadapter/v2" className="VideoOS.Management.Server.UnitTests.ConfigurationAPI.Converters.SqlQueryFormatterTests" name="ConstructSqlSelect_SunnyDay_DateTimeGreaterThan_NoTimezone" />
    </UnitTest>
    <UnitTest name="ClientVersionHandling_CheckSmartClientVersion_FIPS_OldClient" storage="d:\actions-runner\_work\xpco\xpco\corporate\videoos.management.server.unittests\bin\x64\debug\net472\videoos.management.server.unittests.dll" id="60a32fe6-f352-3a7c-9ec6-1afd0189a141">
      <Execution id="e3c4850e-b3e3-48af-9e58-33f6628502a4" />
      <TestMethod codeBase="D:\actions-runner\_work\XPCO\XPCO\Corporate\VideoOS.Management.Server.UnitTests\bin\x64\Debug\net472\VideoOS.Management.Server.UnitTests.dll" adapterTypeName="executor://mstestadapter/v2" className="VideoOS.Management.Server.UnitTests.ClientVersionHandlingTest" name="ClientVersionHandling_CheckSmartClientVersion_FIPS_OldClient" />
    </UnitTest>
    <UnitTest name="Validate_WhenIntValueOutOfRange_Error" storage="d:\actions-runner\_work\xpco\xpco\corporate\videoos.management.server.unittests\bin\x64\debug\net472\videoos.management.server.unittests.dll" id="553454c0-6562-e71b-1ff3-209de66885a1">
      <Execution id="d7e2785b-8883-493b-b74c-6318c333edd2" />
      <TestMethod codeBase="D:\actions-runner\_work\XPCO\XPCO\Corporate\VideoOS.Management.Server.UnitTests\bin\x64\Debug\net472\VideoOS.Management.Server.UnitTests.dll" adapterTypeName="executor://mstestadapter/v2" className="VideoOS.Management.Server.UnitTests.ConfigurationAPI.Rules.Backend.Validation.RuleParametersValidatorTests" name="Validate_WhenIntValueOutOfRange_Error" />
    </UnitTest>
    <UnitTest name="ValidateItem_ParamNullCheck_RequestContextTest" storage="d:\actions-runner\_work\xpco\xpco\corporate\videoos.management.server.unittests\bin\x64\debug\net472\videoos.management.server.unittests.dll" id="c0b7e3de-5c77-b8a6-b498-2f2522074e55">
      <Execution id="8511f30c-dfb4-4eca-96c8-a9935a274a22" />
      <TestMethod codeBase="D:\actions-runner\_work\XPCO\XPCO\Corporate\VideoOS.Management.Server.UnitTests\bin\x64\Debug\net472\VideoOS.Management.Server.UnitTests.dll" adapterTypeName="executor://mstestadapter/v2" className="VideoOS.Management.Server.UnitTests.ConfigurationAPI.BusinessObjects.AudioMessage.AudioMessageConfigurationApiTest" name="ValidateItem_ParamNullCheck_RequestContextTest" />
    </UnitTest>
    <UnitTest name="ConstructSqlSelect_SunnyDay_LastModifiedAndEnabled" storage="d:\actions-runner\_work\xpco\xpco\corporate\videoos.management.server.unittests\bin\x64\debug\net472\videoos.management.server.unittests.dll" id="55029b22-2c48-18ed-ab63-ebfed2649c69">
      <Execution id="6b0917b0-95f0-4693-891b-12fe1d32b0d2" />
      <TestMethod codeBase="D:\actions-runner\_work\XPCO\XPCO\Corporate\VideoOS.Management.Server.UnitTests\bin\x64\Debug\net472\VideoOS.Management.Server.UnitTests.dll" adapterTypeName="executor://mstestadapter/v2" className="VideoOS.Management.Server.UnitTests.ConfigurationAPI.Converters.SqlQueryFormatterTests" name="ConstructSqlSelect_SunnyDay_LastModifiedAndEnabled" />
    </UnitTest>
    <UnitTest name="CreateVmsUser_UserAlreadyExists_ThrowsBasicUserCreationException" storage="d:\actions-runner\_work\xpco\xpco\corporate\videoos.management.server.unittests\bin\x64\debug\net472\videoos.management.server.unittests.dll" id="aabc1376-962d-4ca4-e4e9-74a51d3e1595">
      <Execution id="04720a78-10fd-41a1-ba2f-4547c5b99ddd" />
      <TestMethod codeBase="D:\actions-runner\_work\XPCO\XPCO\Corporate\VideoOS.Management.Server.UnitTests\bin\x64\Debug\net472\VideoOS.Management.Server.UnitTests.dll" adapterTypeName="executor://mstestadapter/v2" className="VideoOS.Management.Server.UnitTests.DataComponents.Idp.UserIdpComponentTests" name="CreateVmsUser_UserAlreadyExists_ThrowsBasicUserCreationException" />
    </UnitTest>
    <UnitTest name="SetItem_UnsupportedTest" storage="d:\actions-runner\_work\xpco\xpco\corporate\videoos.management.server.unittests\bin\x64\debug\net472\videoos.management.server.unittests.dll" id="4f2a68bc-6299-9c27-b914-3523b5841c63">
      <Execution id="4e227ebe-0afc-4f28-b6db-a7fc00967c34" />
      <TestMethod codeBase="D:\actions-runner\_work\XPCO\XPCO\Corporate\VideoOS.Management.Server.UnitTests\bin\x64\Debug\net472\VideoOS.Management.Server.UnitTests.dll" adapterTypeName="executor://mstestadapter/v2" className="VideoOS.Management.Server.UnitTests.ConfigurationAPI.BusinessObjects.AudioMessage.AudioMessageFolderConfigurationApiTest" name="SetItem_UnsupportedTest" />
    </UnitTest>
    <UnitTest name="Validation_CheckBooleanStringValue_Throws" storage="d:\actions-runner\_work\xpco\xpco\corporate\videoos.management.server.unittests\bin\x64\debug\net472\videoos.management.server.unittests.dll" id="5bfa340d-3dad-8a67-9694-de3acecb13eb">
      <Execution id="18c8df4a-35d6-4e07-ae53-e12f847c42ef" />
      <TestMethod codeBase="D:\actions-runner\_work\XPCO\XPCO\Corporate\VideoOS.Management.Server.UnitTests\bin\x64\Debug\net472\VideoOS.Management.Server.UnitTests.dll" adapterTypeName="executor://mstestadapter/v2" className="VideoOS.Management.Server.UnitTests.ValidationUnitTests" name="Validation_CheckBooleanStringValue_Throws" />
    </UnitTest>
    <UnitTest name="IsComplete_WhenTimeIntervalRule_AlwaysPropertySet_ReturnsTrue" storage="d:\actions-runner\_work\xpco\xpco\corporate\videoos.management.server.unittests\bin\x64\debug\net472\videoos.management.server.unittests.dll" id="65564e77-df8a-a38c-69fb-39263025e583">
      <Execution id="68d70561-9606-4d25-be16-c2b017309a9b" />
      <TestMethod codeBase="D:\actions-runner\_work\XPCO\XPCO\Corporate\VideoOS.Management.Server.UnitTests\bin\x64\Debug\net472\VideoOS.Management.Server.UnitTests.dll" adapterTypeName="executor://mstestadapter/v2" className="VideoOS.Management.Server.UnitTests.ConfigurationAPI.Rules.Methods.StartConditionsStepTest" name="IsComplete_WhenTimeIntervalRule_AlwaysPropertySet_ReturnsTrue" />
    </UnitTest>
    <UnitTest name="InvokeMethod_AddAudioFile_NoId_SunnyDay_Test" storage="d:\actions-runner\_work\xpco\xpco\corporate\videoos.management.server.unittests\bin\x64\debug\net472\videoos.management.server.unittests.dll" id="b3853799-0274-eb3c-ee54-3ce720c85794">
      <Execution id="3ba2b99b-e16f-49d6-861b-3b681121e3be" />
      <TestMethod codeBase="D:\actions-runner\_work\XPCO\XPCO\Corporate\VideoOS.Management.Server.UnitTests\bin\x64\Debug\net472\VideoOS.Management.Server.UnitTests.dll" adapterTypeName="executor://mstestadapter/v2" className="VideoOS.Management.Server.UnitTests.ConfigurationAPI.BusinessObjects.AudioMessage.AudioMessageFolderConfigurationApiTest" name="InvokeMethod_AddAudioFile_NoId_SunnyDay_Test" />
    </UnitTest>
    <UnitTest name="Build_WhenRecurringRuleType_MonthlyRelativeAndOnceAreSelectedButNotRequiredProperties_PropertiesAreSetWithDefaultValues" storage="d:\actions-runner\_work\xpco\xpco\corporate\videoos.management.server.unittests\bin\x64\debug\net472\videoos.management.server.unittests.dll" id="06ad3f05-f68d-e359-ba7e-4336e087965f">
      <Execution id="397d0e2d-ac5c-4c62-a38a-b28ba3810174" />
      <TestMethod codeBase="D:\actions-runner\_work\XPCO\XPCO\Corporate\VideoOS.Management.Server.UnitTests\bin\x64\Debug\net472\VideoOS.Management.Server.UnitTests.dll" adapterTypeName="executor://mstestadapter/v2" className="VideoOS.Management.Server.UnitTests.ConfigurationAPI.Rules.Builders.ConfigurationItemBuilderTests" name="Build_WhenRecurringRuleType_MonthlyRelativeAndOnceAreSelectedButNotRequiredProperties_PropertiesAreSetWithDefaultValues" />
    </UnitTest>
    <UnitTest name="Build_StartSetRecordingFramerate_WhenParametersAreSet_ReturnsActionModel" storage="d:\actions-runner\_work\xpco\xpco\corporate\videoos.management.server.unittests\bin\x64\debug\net472\videoos.management.server.unittests.dll" id="9f5f52c3-d303-ab0b-b0ea-d18788309c02">
      <Execution id="7af5f867-48e8-461c-b153-ef790b885479" />
      <TestMethod codeBase="D:\actions-runner\_work\XPCO\XPCO\Corporate\VideoOS.Management.Server.UnitTests\bin\x64\Debug\net472\VideoOS.Management.Server.UnitTests.dll" adapterTypeName="executor://mstestadapter/v2" className="VideoOS.Management.Server.UnitTests.ConfigurationAPI.Rules.Builders.RuleModelActionsBuilderTests" name="Build_StartSetRecordingFramerate_WhenParametersAreSet_ReturnsActionModel" />
    </UnitTest>
    <UnitTest name="GetChildItems_SearchTemplateFindPath_PathNotFoundException" storage="d:\actions-runner\_work\xpco\xpco\corporate\videoos.management.server.unittests\bin\x64\debug\net472\videoos.management.server.unittests.dll" id="427128c1-7b17-3b38-6181-50373c299c2b">
      <Execution id="caf8b7aa-5157-4f8b-baee-2560ebc08560" />
      <TestMethod codeBase="D:\actions-runner\_work\XPCO\XPCO\Corporate\VideoOS.Management.Server.UnitTests\bin\x64\Debug\net472\VideoOS.Management.Server.UnitTests.dll" adapterTypeName="executor://mstestadapter/v2" className="VideoOS.Management.Server.UnitTests.ConfigurationAPI.BusinessObjects.SearchTemplate.SearchTemplateConfigurationApiTest" name="GetChildItems_SearchTemplateFindPath_PathNotFoundException" />
    </UnitTest>
    <UnitTest name="Get_Item_Item_Task_Not_Permitted_PathNotFoundException_Expected" storage="d:\actions-runner\_work\xpco\xpco\corporate\videoos.management.server.unittests\bin\x64\debug\net472\videoos.management.server.unittests.dll" id="7cbca697-14ca-6a19-e350-8d73aa56c2be">
      <Execution id="5112b090-f8b5-423b-8b05-74312eb40bcd" />
      <TestMethod codeBase="D:\actions-runner\_work\XPCO\XPCO\Corporate\VideoOS.Management.Server.UnitTests\bin\x64\Debug\net472\VideoOS.Management.Server.UnitTests.dll" adapterTypeName="executor://mstestadapter/v2" className="VideoOS.Management.Server.UnitTests.ConfigurationAPI.TaskConfigurationApiTest" name="Get_Item_Item_Task_Not_Permitted_PathNotFoundException_Expected" />
    </UnitTest>
    <UnitTest name="Build_WhenStopRuleTypeIsTimerWithNoDelay_DefaultDelayIsSet" storage="d:\actions-runner\_work\xpco\xpco\corporate\videoos.management.server.unittests\bin\x64\debug\net472\videoos.management.server.unittests.dll" id="70841e6b-4815-3fff-474c-328b152897ff">
      <Execution id="3dc0762f-c55c-4777-841c-192aeb6f0234" />
      <TestMethod codeBase="D:\actions-runner\_work\XPCO\XPCO\Corporate\VideoOS.Management.Server.UnitTests\bin\x64\Debug\net472\VideoOS.Management.Server.UnitTests.dll" adapterTypeName="executor://mstestadapter/v2" className="VideoOS.Management.Server.UnitTests.ConfigurationAPI.Rules.Builders.RuleModelBuilderTests" name="Build_WhenStopRuleTypeIsTimerWithNoDelay_DefaultDelayIsSet" />
    </UnitTest>
    <UnitTest name="GetItem_WhenPathIsItem_ReturnsMatchListItems" storage="d:\actions-runner\_work\xpco\xpco\corporate\videoos.management.server.unittests\bin\x64\debug\net472\videoos.management.server.unittests.dll" id="847ab57d-e73c-f6a6-1693-54468268aacc">
      <Execution id="03a58601-d5bf-4685-b9cc-bd4fc0079ab1" />
      <TestMethod codeBase="D:\actions-runner\_work\XPCO\XPCO\Corporate\VideoOS.Management.Server.UnitTests\bin\x64\Debug\net472\VideoOS.Management.Server.UnitTests.dll" adapterTypeName="executor://mstestadapter/v2" className="VideoOS.Management.Server.UnitTests.ConfigurationAPI.LprMatchList.ConfigurationApiServiceTests" name="GetItem_WhenPathIsItem_ReturnsMatchListItems" />
    </UnitTest>
    <UnitTest name="Build_WhenEventRuleGroupSource_GotoDefaultPreset" storage="d:\actions-runner\_work\xpco\xpco\corporate\videoos.management.server.unittests\bin\x64\debug\net472\videoos.management.server.unittests.dll" id="d06cd632-9fc8-ee44-05ee-06ae9bcb8e98">
      <Execution id="b117f4d6-9f4d-41d8-ade3-cca333a7d74e" />
      <TestMethod codeBase="D:\actions-runner\_work\XPCO\XPCO\Corporate\VideoOS.Management.Server.UnitTests\bin\x64\Debug\net472\VideoOS.Management.Server.UnitTests.dll" adapterTypeName="executor://mstestadapter/v2" className="VideoOS.Management.Server.UnitTests.ConfigurationAPI.Rules.Builders.RuleModelBuilderTests" name="Build_WhenEventRuleGroupSource_GotoDefaultPreset" />
    </UnitTest>
    <UnitTest name="GetXml_WhenActionIsDeviceChangeSettings_MatchesXml" storage="d:\actions-runner\_work\xpco\xpco\corporate\videoos.management.server.unittests\bin\x64\debug\net472\videoos.management.server.unittests.dll" id="7bae2883-f81f-f9d9-a971-e47e21b02e11">
      <Execution id="9da75ed5-2d62-4297-b9e0-75c8d34e4ccd" />
      <TestMethod codeBase="D:\actions-runner\_work\XPCO\XPCO\Corporate\VideoOS.Management.Server.UnitTests\bin\x64\Debug\net472\VideoOS.Management.Server.UnitTests.dll" adapterTypeName="executor://mstestadapter/v2" className="VideoOS.Management.Server.UnitTests.ConfigurationAPI.Rules.Backend.Builders.ActionXmlBuilderTests" name="GetXml_WhenActionIsDeviceChangeSettings_MatchesXml" />
    </UnitTest>
    <UnitTest name="GetItem_ParamNullCheck_RequestContextTest" storage="d:\actions-runner\_work\xpco\xpco\corporate\videoos.management.server.unittests\bin\x64\debug\net472\videoos.management.server.unittests.dll" id="268df2fe-6ffe-466f-d9ed-7884cad25b67">
      <Execution id="8a54a786-68f7-4e8c-bc6b-fb90ebec4c4a" />
      <TestMethod codeBase="D:\actions-runner\_work\XPCO\XPCO\Corporate\VideoOS.Management.Server.UnitTests\bin\x64\Debug\net472\VideoOS.Management.Server.UnitTests.dll" adapterTypeName="executor://mstestadapter/v2" className="VideoOS.Management.Server.UnitTests.ConfigurationAPI.BusinessObjects.SiteConfigurationApiTest" name="GetItem_ParamNullCheck_RequestContextTest" />
    </UnitTest>
    <UnitTest name="GetNextProperties_WhenRuleTypeIsEvent_EventSourcesNotPresent_ReturnsEventSourcesProperty" storage="d:\actions-runner\_work\xpco\xpco\corporate\videoos.management.server.unittests\bin\x64\debug\net472\videoos.management.server.unittests.dll" id="f5f88959-7204-88c4-4cd1-f22597aba532">
      <Execution id="74aa4f72-5396-44c6-961e-892d1ed4d5fb" />
      <TestMethod codeBase="D:\actions-runner\_work\XPCO\XPCO\Corporate\VideoOS.Management.Server.UnitTests\bin\x64\Debug\net472\VideoOS.Management.Server.UnitTests.dll" adapterTypeName="executor://mstestadapter/v2" className="VideoOS.Management.Server.UnitTests.ConfigurationAPI.Rules.Methods.StartRuleTypeStepTests" name="GetNextProperties_WhenRuleTypeIsEvent_EventSourcesNotPresent_ReturnsEventSourcesProperty" />
    </UnitTest>
    <UnitTest name="GetChildItems_WhenRulesAreEmpty_ReturnsEmptyList" storage="d:\actions-runner\_work\xpco\xpco\corporate\videoos.management.server.unittests\bin\x64\debug\net472\videoos.management.server.unittests.dll" id="cd7ed603-470e-349c-8e39-62b53d5e1b67">
      <Execution id="9b94bb02-c2a1-48dd-92b8-7a3e70f29007" />
      <TestMethod codeBase="D:\actions-runner\_work\XPCO\XPCO\Corporate\VideoOS.Management.Server.UnitTests\bin\x64\Debug\net472\VideoOS.Management.Server.UnitTests.dll" adapterTypeName="executor://mstestadapter/v2" className="VideoOS.Management.Server.UnitTests.ConfigurationAPI.Rules.ConfigurationApiServiceTests" name="GetChildItems_WhenRulesAreEmpty_ReturnsEmptyList" />
    </UnitTest>
    <UnitTest name="Build_StopPluginOnDevices_WhenParametersAreSet_ReturnsActionModel" storage="d:\actions-runner\_work\xpco\xpco\corporate\videoos.management.server.unittests\bin\x64\debug\net472\videoos.management.server.unittests.dll" id="3bb2dc54-0acc-d6fe-1ea4-545175cf9719">
      <Execution id="d3a22922-26e2-4f67-bd95-b5b6c477fb49" />
      <TestMethod codeBase="D:\actions-runner\_work\XPCO\XPCO\Corporate\VideoOS.Management.Server.UnitTests\bin\x64\Debug\net472\VideoOS.Management.Server.UnitTests.dll" adapterTypeName="executor://mstestadapter/v2" className="VideoOS.Management.Server.UnitTests.ConfigurationAPI.Rules.Builders.RuleModelActionsBuilderTests" name="Build_StopPluginOnDevices_WhenParametersAreSet_ReturnsActionModel" />
    </UnitTest>
    <UnitTest name="FromString_NullOrEmptyInput_ReturnsDefault" storage="d:\actions-runner\_work\xpco\xpco\corporate\videoos.management.server.unittests\bin\x64\debug\net472\videoos.management.server.unittests.dll" id="2f29bf1c-6062-65de-06e5-77ef3b6a6a0a">
      <Execution id="c7e019ff-7fc5-4c67-869a-9680f2388baf" />
      <TestMethod codeBase="D:\actions-runner\_work\XPCO\XPCO\Corporate\VideoOS.Management.Server.UnitTests\bin\x64\Debug\net472\VideoOS.Management.Server.UnitTests.dll" adapterTypeName="executor://mstestadapter/v2" className="VideoOS.Management.Server.UnitTests.ConfigurationAPI.Rules.TypeHelperTests" name="FromString_NullOrEmptyInput_ReturnsDefault" />
    </UnitTest>
    <UnitTest name="Validate_WhenInvalidPreset_ReturnsFalse" storage="d:\actions-runner\_work\xpco\xpco\corporate\videoos.management.server.unittests\bin\x64\debug\net472\videoos.management.server.unittests.dll" id="68acd8de-fe9b-2c55-44f9-dd803156a2fb">
      <Execution id="16c56e74-8b1d-4983-a92a-5235943a931b" />
      <TestMethod codeBase="D:\actions-runner\_work\XPCO\XPCO\Corporate\VideoOS.Management.Server.UnitTests\bin\x64\Debug\net472\VideoOS.Management.Server.UnitTests.dll" adapterTypeName="executor://mstestadapter/v2" className="VideoOS.Management.Server.UnitTests.ConfigurationAPI.Rules.Backend.Validation.PtzPresetParameterValueValidatorTests" name="Validate_WhenInvalidPreset_ReturnsFalse" />
    </UnitTest>
    <UnitTest name="IsComplete_WhenNoProperties_ReturnsFalse" storage="d:\actions-runner\_work\xpco\xpco\corporate\videoos.management.server.unittests\bin\x64\debug\net472\videoos.management.server.unittests.dll" id="428cd981-2373-ebba-66b8-84a08db98793">
      <Execution id="e61b2491-cb57-4e0b-b860-7a6d5e2887c8" />
      <TestMethod codeBase="D:\actions-runner\_work\XPCO\XPCO\Corporate\VideoOS.Management.Server.UnitTests\bin\x64\Debug\net472\VideoOS.Management.Server.UnitTests.dll" adapterTypeName="executor://mstestadapter/v2" className="VideoOS.Management.Server.UnitTests.ConfigurationAPI.Rules.Methods.StartConditionsStepTest" name="IsComplete_WhenNoProperties_ReturnsFalse" />
    </UnitTest>
    <UnitTest name="IsComplete_WhenStopRuleTypeIsSetToNone_ReturnsTrue" storage="d:\actions-runner\_work\xpco\xpco\corporate\videoos.management.server.unittests\bin\x64\debug\net472\videoos.management.server.unittests.dll" id="1e368e73-cdee-2d2d-fb8d-64c2df371def">
      <Execution id="a2a3fc08-d71c-4fcb-a8fd-24ddd56e102b" />
      <TestMethod codeBase="D:\actions-runner\_work\XPCO\XPCO\Corporate\VideoOS.Management.Server.UnitTests\bin\x64\Debug\net472\VideoOS.Management.Server.UnitTests.dll" adapterTypeName="executor://mstestadapter/v2" className="VideoOS.Management.Server.UnitTests.ConfigurationAPI.Rules.Methods.StopActionsStepTests" name="IsComplete_WhenStopRuleTypeIsSetToNone_ReturnsTrue" />
    </UnitTest>
    <UnitTest name="ValidateItem_Properties_MissingNameTest" storage="d:\actions-runner\_work\xpco\xpco\corporate\videoos.management.server.unittests\bin\x64\debug\net472\videoos.management.server.unittests.dll" id="ec82da12-4c82-cf2a-f24b-05b9ec4ae751">
      <Execution id="a2465c90-4c64-42db-9ee7-77cc01700d5e" />
      <TestMethod codeBase="D:\actions-runner\_work\XPCO\XPCO\Corporate\VideoOS.Management.Server.UnitTests\bin\x64\Debug\net472\VideoOS.Management.Server.UnitTests.dll" adapterTypeName="executor://mstestadapter/v2" className="VideoOS.Management.Server.UnitTests.ConfigurationAPI.BusinessObjects.AudioMessage.AudioMessageConfigurationApiTest" name="ValidateItem_Properties_MissingNameTest" />
    </UnitTest>
    <UnitTest name="GetCurrentProperties_WhenAlwaysIsSetButWithinTimeProfileHasInvalidValue_ReturnsBothProperties" storage="d:\actions-runner\_work\xpco\xpco\corporate\videoos.management.server.unittests\bin\x64\debug\net472\videoos.management.server.unittests.dll" id="07a2f2dc-c3fa-3a39-44f9-617276090736">
      <Execution id="70268b3b-611c-4775-99ee-7b9d4d38b739" />
      <TestMethod codeBase="D:\actions-runner\_work\XPCO\XPCO\Corporate\VideoOS.Management.Server.UnitTests\bin\x64\Debug\net472\VideoOS.Management.Server.UnitTests.dll" adapterTypeName="executor://mstestadapter/v2" className="VideoOS.Management.Server.UnitTests.ConfigurationAPI.Rules.Methods.StartConditionsStepTest" name="GetCurrentProperties_WhenAlwaysIsSetButWithinTimeProfileHasInvalidValue_ReturnsBothProperties" />
    </UnitTest>
    <UnitTest name="SetItem_SunnyDayTest" storage="d:\actions-runner\_work\xpco\xpco\corporate\videoos.management.server.unittests\bin\x64\debug\net472\videoos.management.server.unittests.dll" id="3012e4f5-7664-e196-003f-2be73450f28b">
      <Execution id="99bb9af0-9956-4919-ac04-7cb0b82fd587" />
      <TestMethod codeBase="D:\actions-runner\_work\XPCO\XPCO\Corporate\VideoOS.Management.Server.UnitTests\bin\x64\Debug\net472\VideoOS.Management.Server.UnitTests.dll" adapterTypeName="executor://mstestadapter/v2" className="VideoOS.Management.Server.UnitTests.ConfigurationAPI.BusinessObjects.CustomProperties.CustomPropertiesConfigurationApiTest" name="SetItem_SunnyDayTest" />
    </UnitTest>
    <UnitTest name="GetCurrentProperties_WhenDaysOfWeekIsSet_ReturnsProperties" storage="d:\actions-runner\_work\xpco\xpco\corporate\videoos.management.server.unittests\bin\x64\debug\net472\videoos.management.server.unittests.dll" id="7086a3be-16e7-5f82-184b-cb3724242b4e">
      <Execution id="7bb7c82b-dc9f-4804-9438-b5a9f101894d" />
      <TestMethod codeBase="D:\actions-runner\_work\XPCO\XPCO\Corporate\VideoOS.Management.Server.UnitTests\bin\x64\Debug\net472\VideoOS.Management.Server.UnitTests.dll" adapterTypeName="executor://mstestadapter/v2" className="VideoOS.Management.Server.UnitTests.ConfigurationAPI.Rules.Methods.StartConditionsStepTest" name="GetCurrentProperties_WhenDaysOfWeekIsSet_ReturnsProperties" />
    </UnitTest>
    <UnitTest name="QuerySearchTemplateFind_ParamNullCheck_RequestContext" storage="d:\actions-runner\_work\xpco\xpco\corporate\videoos.management.server.unittests\bin\x64\debug\net472\videoos.management.server.unittests.dll" id="158fd2cd-bb30-7370-0da0-dcc7660a3f5c">
      <Execution id="d7275de1-096a-4710-967c-6010196e5af0" />
      <TestMethod codeBase="D:\actions-runner\_work\XPCO\XPCO\Corporate\VideoOS.Management.Server.UnitTests\bin\x64\Debug\net472\VideoOS.Management.Server.UnitTests.dll" adapterTypeName="executor://mstestadapter/v2" className="VideoOS.Management.Server.UnitTests.BusinessObjects.ManagementServer.SearchTemplate.SearchTemplateFindTests" name="QuerySearchTemplateFind_ParamNullCheck_RequestContext" />
    </UnitTest>
    <UnitTest name="Build_VideoWallRemoveCameras_WhenParametersAreSet_ReturnsActionModel" storage="d:\actions-runner\_work\xpco\xpco\corporate\videoos.management.server.unittests\bin\x64\debug\net472\videoos.management.server.unittests.dll" id="26622ef9-5846-af13-b201-d59ddb97495c">
      <Execution id="4b273e45-6ec6-4d41-b91b-c8fccf2e1cdf" />
      <TestMethod codeBase="D:\actions-runner\_work\XPCO\XPCO\Corporate\VideoOS.Management.Server.UnitTests\bin\x64\Debug\net472\VideoOS.Management.Server.UnitTests.dll" adapterTypeName="executor://mstestadapter/v2" className="VideoOS.Management.Server.UnitTests.ConfigurationAPI.Rules.Builders.RuleModelActionsBuilderTests" name="Build_VideoWallRemoveCameras_WhenParametersAreSet_ReturnsActionModel" />
    </UnitTest>
    <UnitTest name="InvokeMethod_FindSearchTemplateCreateInfo" storage="d:\actions-runner\_work\xpco\xpco\corporate\videoos.management.server.unittests\bin\x64\debug\net472\videoos.management.server.unittests.dll" id="8bd05c5d-895e-1c6f-8769-0973153e5f21">
      <Execution id="40c70629-7036-411e-bc65-f9d93a28a0d3" />
      <TestMethod codeBase="D:\actions-runner\_work\XPCO\XPCO\Corporate\VideoOS.Management.Server.UnitTests\bin\x64\Debug\net472\VideoOS.Management.Server.UnitTests.dll" adapterTypeName="executor://mstestadapter/v2" className="VideoOS.Management.Server.UnitTests.ConfigurationAPI.BusinessObjects.SearchTemplate.SearchTemplateConfigurationApiTest" name="InvokeMethod_FindSearchTemplateCreateInfo" />
    </UnitTest>
    <UnitTest name="SystemSettingsManager_ConvertActivationCredentialsToDatabaseValue_Failure_InvalidXml" storage="d:\actions-runner\_work\xpco\xpco\corporate\videoos.management.server.unittests\bin\x64\debug\net472\videoos.management.server.unittests.dll" id="7de16097-e4eb-5e34-628c-8ca4a31f8b47">
      <Execution id="d77ddb6c-dee7-41e1-a84a-c1d813ea6dae" />
      <TestMethod codeBase="D:\actions-runner\_work\XPCO\XPCO\Corporate\VideoOS.Management.Server.UnitTests\bin\x64\Debug\net472\VideoOS.Management.Server.UnitTests.dll" adapterTypeName="executor://mstestadapter/v2" className="VideoOS.Management.Server.UnitTests.SystemSettingsManagerTests" name="SystemSettingsManager_ConvertActivationCredentialsToDatabaseValue_Failure_InvalidXml" />
    </UnitTest>
    <UnitTest name="Invoke_WhenIdEmpty_ArgumentException" storage="d:\actions-runner\_work\xpco\xpco\corporate\videoos.management.server.unittests\bin\x64\debug\net472\videoos.management.server.unittests.dll" id="9b91a393-9291-664e-c206-69438338c7ac">
      <Execution id="95b50217-fb4e-4f99-81b5-4155b0061479" />
      <TestMethod codeBase="D:\actions-runner\_work\XPCO\XPCO\Corporate\VideoOS.Management.Server.UnitTests\bin\x64\Debug\net472\VideoOS.Management.Server.UnitTests.dll" adapterTypeName="executor://mstestadapter/v2" className="VideoOS.Management.Server.UnitTests.ConfigurationAPI.BusinessObjects.LprMatchList.Methods.RemoveMatchListTests" name="Invoke_WhenIdEmpty_ArgumentException" />
    </UnitTest>
    <UnitTest name="FindSearchTemplates_ById_Public_NotAllowed" storage="d:\actions-runner\_work\xpco\xpco\corporate\videoos.management.server.unittests\bin\x64\debug\net472\videoos.management.server.unittests.dll" id="3851aa70-f264-e27d-47c5-709427c25503">
      <Execution id="f3801d25-6ce1-4255-b21e-f67cf2b44f12" />
      <TestMethod codeBase="D:\actions-runner\_work\XPCO\XPCO\Corporate\VideoOS.Management.Server.UnitTests\bin\x64\Debug\net472\VideoOS.Management.Server.UnitTests.dll" adapterTypeName="executor://mstestadapter/v2" className="VideoOS.Management.Server.UnitTests.BusinessObjects.ManagementServer.SearchTemplate.SearchTemplateFindTests" name="FindSearchTemplates_ById_Public_NotAllowed" />
    </UnitTest>
    <UnitTest name="PropertyException_Format_Correct" storage="d:\actions-runner\_work\xpco\xpco\corporate\videoos.management.server.unittests\bin\x64\debug\net472\videoos.management.server.unittests.dll" id="5aac5de4-ba96-dfeb-01a6-a31f45c64b1f">
      <Execution id="4f791f17-58de-46bc-b9a2-bda88901c7e4" />
      <TestMethod codeBase="D:\actions-runner\_work\XPCO\XPCO\Corporate\VideoOS.Management.Server.UnitTests\bin\x64\Debug\net472\VideoOS.Management.Server.UnitTests.dll" adapterTypeName="executor://mstestadapter/v2" className="VideoOS.Management.Server.UnitTests.RestApi.ExceptionHandlingTests" name="PropertyException_Format_Correct" />
    </UnitTest>
    <UnitTest name="Validate_WhenEventTypeIsNotSet_Error" storage="d:\actions-runner\_work\xpco\xpco\corporate\videoos.management.server.unittests\bin\x64\debug\net472\videoos.management.server.unittests.dll" id="bbad579f-f64b-a27e-5081-38c4f10b1f25">
      <Execution id="2e0976fe-2394-4b3d-9fd6-96ed114c37ee" />
      <TestMethod codeBase="D:\actions-runner\_work\XPCO\XPCO\Corporate\VideoOS.Management.Server.UnitTests\bin\x64\Debug\net472\VideoOS.Management.Server.UnitTests.dll" adapterTypeName="executor://mstestadapter/v2" className="VideoOS.Management.Server.UnitTests.ConfigurationAPI.Rules.Backend.Validation.EventValidatorTests" name="Validate_WhenEventTypeIsNotSet_Error" />
    </UnitTest>
    <UnitTest name="Build_Frequency_WhenMonthlyIsSet_ReturnsMonthlyFrequencyModel" storage="d:\actions-runner\_work\xpco\xpco\corporate\videoos.management.server.unittests\bin\x64\debug\net472\videoos.management.server.unittests.dll" id="7bada458-0507-ce62-58d5-68dcafc7c704">
      <Execution id="03b26c8b-6306-4349-9d51-2f33453d9e1e" />
      <TestMethod codeBase="D:\actions-runner\_work\XPCO\XPCO\Corporate\VideoOS.Management.Server.UnitTests\bin\x64\Debug\net472\VideoOS.Management.Server.UnitTests.dll" adapterTypeName="executor://mstestadapter/v2" className="VideoOS.Management.Server.UnitTests.ConfigurationAPI.Rules.Builders.RuleModelRecurringTimeBuilderTests" name="Build_Frequency_WhenMonthlyIsSet_ReturnsMonthlyFrequencyModel" />
    </UnitTest>
    <UnitTest name="GetItemType_WhenInvalidUserDefinedEvent_ReturnsNull" storage="d:\actions-runner\_work\xpco\xpco\corporate\videoos.management.server.unittests\bin\x64\debug\net472\videoos.management.server.unittests.dll" id="34829afe-b454-0f62-95ad-e78a3756d8e3">
      <Execution id="b8df797d-2901-46d5-b86c-893aedd6de2c" />
      <TestMethod codeBase="D:\actions-runner\_work\XPCO\XPCO\Corporate\VideoOS.Management.Server.UnitTests\bin\x64\Debug\net472\VideoOS.Management.Server.UnitTests.dll" adapterTypeName="executor://mstestadapter/v2" className="VideoOS.Management.Server.UnitTests.ConfigurationAPI.Rules.Backend.Validation.UserDefinedEventValueValidatorTests" name="GetItemType_WhenInvalidUserDefinedEvent_ReturnsNull" />
    </UnitTest>
    <UnitTest name="InvokeMethod_RemoveSearchTemplateCreateInfo" storage="d:\actions-runner\_work\xpco\xpco\corporate\videoos.management.server.unittests\bin\x64\debug\net472\videoos.management.server.unittests.dll" id="0f041bfb-d6d9-205b-b0f7-2e2e1a05bc1a">
      <Execution id="6559c874-b23c-4dcb-8cef-b4e148f71ff8" />
      <TestMethod codeBase="D:\actions-runner\_work\XPCO\XPCO\Corporate\VideoOS.Management.Server.UnitTests\bin\x64\Debug\net472\VideoOS.Management.Server.UnitTests.dll" adapterTypeName="executor://mstestadapter/v2" className="VideoOS.Management.Server.UnitTests.ConfigurationAPI.BusinessObjects.SearchTemplate.SearchTemplateConfigurationApiTest" name="InvokeMethod_RemoveSearchTemplateCreateInfo" />
    </UnitTest>
    <UnitTest name="ConfigurationItemPath_CreateFolderPath3Strings_FolderNull_ArgumentNullException" storage="d:\actions-runner\_work\xpco\xpco\corporate\videoos.management.server.unittests\bin\x64\debug\net472\videoos.management.server.unittests.dll" id="4c282ba6-5bdf-a08c-24e8-05508d7c5d5b">
      <Execution id="b081fe3e-e0e3-4dad-8f4f-7f5bfb7dcce6" />
      <TestMethod codeBase="D:\actions-runner\_work\XPCO\XPCO\Corporate\VideoOS.Management.Server.UnitTests\bin\x64\Debug\net472\VideoOS.Management.Server.UnitTests.dll" adapterTypeName="executor://mstestadapter/v2" className="VideoOS.Management.Server.UnitTests.ConfigurationAPI.ConfigurationItemPathTests" name="ConfigurationItemPath_CreateFolderPath3Strings_FolderNull_ArgumentNullException" />
    </UnitTest>
    <UnitTest name="IsComplete_WhenRuleTypeIsEvent_NoEventRuleTypePropertiesSet_ReturnsFalse" storage="d:\actions-runner\_work\xpco\xpco\corporate\videoos.management.server.unittests\bin\x64\debug\net472\videoos.management.server.unittests.dll" id="b9074201-0df6-6313-e776-c49b08ef5dac">
      <Execution id="3f0d3212-67a1-4a84-803f-29a752b89a53" />
      <TestMethod codeBase="D:\actions-runner\_work\XPCO\XPCO\Corporate\VideoOS.Management.Server.UnitTests\bin\x64\Debug\net472\VideoOS.Management.Server.UnitTests.dll" adapterTypeName="executor://mstestadapter/v2" className="VideoOS.Management.Server.UnitTests.ConfigurationAPI.Rules.Methods.StartRuleTypeStepTests" name="IsComplete_WhenRuleTypeIsEvent_NoEventRuleTypePropertiesSet_ReturnsFalse" />
    </UnitTest>
    <UnitTest name="SendCommandSecurityVisitor_RecorderStatusCommand_NotAllowed" storage="d:\actions-runner\_work\xpco\xpco\corporate\videoos.management.server.unittests\bin\x64\debug\net472\videoos.management.server.unittests.dll" id="f97fd031-5aab-751d-f6a5-b5b70e2d2e95">
      <Execution id="3e4d54da-8ef9-4a94-b96a-f892a02658c8" />
      <TestMethod codeBase="D:\actions-runner\_work\XPCO\XPCO\Corporate\VideoOS.Management.Server.UnitTests\bin\x64\Debug\net472\VideoOS.Management.Server.UnitTests.dll" adapterTypeName="executor://mstestadapter/v2" className="VideoOS.Management.Server.UnitTests.SendCommandSecurityVisitorTests" name="SendCommandSecurityVisitor_RecorderStatusCommand_NotAllowed" />
    </UnitTest>
    <UnitTest name="InvokeMethod_AddAudioFile_PresetId_SunnyDay_Test" storage="d:\actions-runner\_work\xpco\xpco\corporate\videoos.management.server.unittests\bin\x64\debug\net472\videoos.management.server.unittests.dll" id="3da2dd1c-10d4-de3c-aac0-4fe74b0f5283">
      <Execution id="a71ee143-40d2-4e6f-8c81-a1adab512ed8" />
      <TestMethod codeBase="D:\actions-runner\_work\XPCO\XPCO\Corporate\VideoOS.Management.Server.UnitTests\bin\x64\Debug\net472\VideoOS.Management.Server.UnitTests.dll" adapterTypeName="executor://mstestadapter/v2" className="VideoOS.Management.Server.UnitTests.ConfigurationAPI.BusinessObjects.AudioMessage.AudioMessageFolderConfigurationApiTest" name="InvokeMethod_AddAudioFile_PresetId_SunnyDay_Test" />
    </UnitTest>
    <UnitTest name="Validation_ValidateInt32_Smaller_Than_Min_ArgumentException" storage="d:\actions-runner\_work\xpco\xpco\corporate\videoos.management.server.unittests\bin\x64\debug\net472\videoos.management.server.unittests.dll" id="1907583b-aad1-d95f-a20f-b0dc68ab00c7">
      <Execution id="e7bd5123-ec17-49a1-87d3-2127ac3cbeb7" />
      <TestMethod codeBase="D:\actions-runner\_work\XPCO\XPCO\Corporate\VideoOS.Management.Server.UnitTests\bin\x64\Debug\net472\VideoOS.Management.Server.UnitTests.dll" adapterTypeName="executor://mstestadapter/v2" className="VideoOS.Management.Server.UnitTests.ValidationUnitTests" name="Validation_ValidateInt32_Smaller_Than_Min_ArgumentException" />
    </UnitTest>
    <UnitTest name="ConfigurationItemPath_Create_ItemPathSystemSid_Succes" storage="d:\actions-runner\_work\xpco\xpco\corporate\videoos.management.server.unittests\bin\x64\debug\net472\videoos.management.server.unittests.dll" id="9b1f03c9-249c-3437-d2b7-7c7aa796c402">
      <Execution id="903c444c-e621-48ce-aa8c-c0c2599c1206" />
      <TestMethod codeBase="D:\actions-runner\_work\XPCO\XPCO\Corporate\VideoOS.Management.Server.UnitTests\bin\x64\Debug\net472\VideoOS.Management.Server.UnitTests.dll" adapterTypeName="executor://mstestadapter/v2" className="VideoOS.Management.Server.UnitTests.ConfigurationAPI.ConfigurationItemPathTests" name="ConfigurationItemPath_Create_ItemPathSystemSid_Succes" />
    </UnitTest>
    <UnitTest name="CalculateRetentionTimeLimitHitSuccess" storage="d:\actions-runner\_work\xpco\xpco\corporate\videoos.management.server.unittests\bin\x64\debug\net472\videoos.management.server.unittests.dll" id="df59b623-0a1c-6630-320d-dea02ac82a6b">
      <Execution id="6edb5a37-52ec-445c-bd77-54d337b1589b" />
      <TestMethod codeBase="D:\actions-runner\_work\XPCO\XPCO\Corporate\VideoOS.Management.Server.UnitTests\bin\x64\Debug\net472\VideoOS.Management.Server.UnitTests.dll" adapterTypeName="executor://mstestadapter/v2" className="VideoOS.Management.Server.UnitTests.BusinessObjects.RetentionTimeForecastTest" name="CalculateRetentionTimeLimitHitSuccess" />
    </UnitTest>
    <UnitTest name="GetChildItems_LicenseDetailCount_MIPExpired_SunnyDay" storage="d:\actions-runner\_work\xpco\xpco\corporate\videoos.management.server.unittests\bin\x64\debug\net472\videoos.management.server.unittests.dll" id="49f009ab-eb1f-34a1-5790-05eb8440c65c">
      <Execution id="02f29abe-1603-49f5-ac21-950f1ddebe91" />
      <TestMethod codeBase="D:\actions-runner\_work\XPCO\XPCO\Corporate\VideoOS.Management.Server.UnitTests\bin\x64\Debug\net472\VideoOS.Management.Server.UnitTests.dll" adapterTypeName="executor://mstestadapter/v2" className="VideoOS.Management.Server.UnitTests.ConfigurationAPI.BusinessObjects.LicenseConfigurationApiTests" name="GetChildItems_LicenseDetailCount_MIPExpired_SunnyDay" />
    </UnitTest>
    <UnitTest name="GetCurrentProperties_WhenRuleTypeIsEvent_EventGroupNotSet_ReturnsRuleTypeProperty" storage="d:\actions-runner\_work\xpco\xpco\corporate\videoos.management.server.unittests\bin\x64\debug\net472\videoos.management.server.unittests.dll" id="f4519dc3-e4c6-fe96-e2f2-58e3351976de">
      <Execution id="da8086c0-6fe9-436f-9c72-b13f800d912d" />
      <TestMethod codeBase="D:\actions-runner\_work\XPCO\XPCO\Corporate\VideoOS.Management.Server.UnitTests\bin\x64\Debug\net472\VideoOS.Management.Server.UnitTests.dll" adapterTypeName="executor://mstestadapter/v2" className="VideoOS.Management.Server.UnitTests.ConfigurationAPI.Rules.Methods.StartRuleTypeStepTests" name="GetCurrentProperties_WhenRuleTypeIsEvent_EventGroupNotSet_ReturnsRuleTypeProperty" />
    </UnitTest>
    <UnitTest name="GetNextProperties_WhenActionPropertyHasValueAndParameterPropertiesExistButMissingRequiredValues_ReturnsListWithPropertiesThatHaveNoValueAndNotExists" storage="d:\actions-runner\_work\xpco\xpco\corporate\videoos.management.server.unittests\bin\x64\debug\net472\videoos.management.server.unittests.dll" id="087c3e8f-8733-bb80-81e5-5da128cd0534">
      <Execution id="0a05efcc-cf09-415a-8a9d-28c76c87b473" />
      <TestMethod codeBase="D:\actions-runner\_work\XPCO\XPCO\Corporate\VideoOS.Management.Server.UnitTests\bin\x64\Debug\net472\VideoOS.Management.Server.UnitTests.dll" adapterTypeName="executor://mstestadapter/v2" className="VideoOS.Management.Server.UnitTests.ConfigurationAPI.Rules.Methods.StopActionsStepTests" name="GetNextProperties_WhenActionPropertyHasValueAndParameterPropertiesExistButMissingRequiredValues_ReturnsListWithPropertiesThatHaveNoValueAndNotExists" />
    </UnitTest>
    <UnitTest name="Invoke_WhenSecondTime_PerformsAction" storage="d:\actions-runner\_work\xpco\xpco\corporate\videoos.management.server.unittests\bin\x64\debug\net472\videoos.management.server.unittests.dll" id="2cf64bd6-7757-ec48-8f40-ade23a43c261">
      <Execution id="78d8fc75-3088-4963-bcb2-81d69ef4d094" />
      <TestMethod codeBase="D:\actions-runner\_work\XPCO\XPCO\Corporate\VideoOS.Management.Server.UnitTests\bin\x64\Debug\net472\VideoOS.Management.Server.UnitTests.dll" adapterTypeName="executor://mstestadapter/v2" className="VideoOS.Management.Server.UnitTests.ConfigurationAPI.BusinessObjects.LprMatchList.Methods.AddEditRegistrationNumbersInfoTests" name="Invoke_WhenSecondTime_PerformsAction" />
    </UnitTest>
    <UnitTest name="GetNexProperties_WhenRuleTypeIsEvent_AllPropertiesArePresent_ReturnsNoProperty" storage="d:\actions-runner\_work\xpco\xpco\corporate\videoos.management.server.unittests\bin\x64\debug\net472\videoos.management.server.unittests.dll" id="edb0481c-88f7-2c31-1807-1e71b40e80d1">
      <Execution id="0929aa81-2291-4374-b797-6867e6dd63bb" />
      <TestMethod codeBase="D:\actions-runner\_work\XPCO\XPCO\Corporate\VideoOS.Management.Server.UnitTests\bin\x64\Debug\net472\VideoOS.Management.Server.UnitTests.dll" adapterTypeName="executor://mstestadapter/v2" className="VideoOS.Management.Server.UnitTests.ConfigurationAPI.Rules.Methods.StartRuleTypeStepTests" name="GetNexProperties_WhenRuleTypeIsEvent_AllPropertiesArePresent_ReturnsNoProperty" />
    </UnitTest>
    <UnitTest name="GetItemType_WithCorrectId_ReturnsCorrectItemType" storage="d:\actions-runner\_work\xpco\xpco\corporate\videoos.management.server.unittests\bin\x64\debug\net472\videoos.management.server.unittests.dll" id="108dfcba-4e95-1041-7597-9ec7f948eaf2">
      <Execution id="5ba35885-85a0-499f-8d4f-ca26fbc08b71" />
      <TestMethod codeBase="D:\actions-runner\_work\XPCO\XPCO\Corporate\VideoOS.Management.Server.UnitTests\bin\x64\Debug\net472\VideoOS.Management.Server.UnitTests.dll" adapterTypeName="executor://mstestadapter/v2" className="VideoOS.Management.Server.UnitTests.ConfigurationAPI.Rules.Backend.Validation.ExternalParameterValueValidatorTests" name="GetItemType_WithCorrectId_ReturnsCorrectItemType" />
    </UnitTest>
    <UnitTest name="Validation_CheckVersionString_Empty_String_Throws" storage="d:\actions-runner\_work\xpco\xpco\corporate\videoos.management.server.unittests\bin\x64\debug\net472\videoos.management.server.unittests.dll" id="daa36e5c-9e91-4d65-009d-7ea1402bc1a1">
      <Execution id="a0b76430-4964-4e04-9ab6-056a0886f826" />
      <TestMethod codeBase="D:\actions-runner\_work\XPCO\XPCO\Corporate\VideoOS.Management.Server.UnitTests\bin\x64\Debug\net472\VideoOS.Management.Server.UnitTests.dll" adapterTypeName="executor://mstestadapter/v2" className="VideoOS.Management.Server.UnitTests.ValidationUnitTests" name="Validation_CheckVersionString_Empty_String_Throws" />
    </UnitTest>
    <UnitTest name="Build_WhenActionIsStartFeed_ReturnsProperties" storage="d:\actions-runner\_work\xpco\xpco\corporate\videoos.management.server.unittests\bin\x64\debug\net472\videoos.management.server.unittests.dll" id="c2a261b6-3500-2ab9-47ef-99a763fac49d">
      <Execution id="ee523466-e04e-436e-82a4-5da10c5cca84" />
      <TestMethod codeBase="D:\actions-runner\_work\XPCO\XPCO\Corporate\VideoOS.Management.Server.UnitTests\bin\x64\Debug\net472\VideoOS.Management.Server.UnitTests.dll" adapterTypeName="executor://mstestadapter/v2" className="VideoOS.Management.Server.UnitTests.ConfigurationAPI.Rules.Builders.ConfigurationItemActionBuilderTests" name="Build_WhenActionIsStartFeed_ReturnsProperties" />
    </UnitTest>
    <UnitTest name="ConfigurationItemPath_Create_FolderItemPathGuid_Succes" storage="d:\actions-runner\_work\xpco\xpco\corporate\videoos.management.server.unittests\bin\x64\debug\net472\videoos.management.server.unittests.dll" id="5e26baa7-28b8-c700-3ac8-9a7c3345f46a">
      <Execution id="c2ee3feb-83b6-43ca-95dd-ef9d32727fae" />
      <TestMethod codeBase="D:\actions-runner\_work\XPCO\XPCO\Corporate\VideoOS.Management.Server.UnitTests\bin\x64\Debug\net472\VideoOS.Management.Server.UnitTests.dll" adapterTypeName="executor://mstestadapter/v2" className="VideoOS.Management.Server.UnitTests.ConfigurationAPI.ConfigurationItemPathTests" name="ConfigurationItemPath_Create_FolderItemPathGuid_Succes" />
    </UnitTest>
    <UnitTest name="Invoke_WhenSecondTime_GetsCustomFields" storage="d:\actions-runner\_work\xpco\xpco\corporate\videoos.management.server.unittests\bin\x64\debug\net472\videoos.management.server.unittests.dll" id="f0e20994-fde7-f80a-a955-8ea93df99b28">
      <Execution id="365e80c8-1095-401f-894e-ec823d7d1c3d" />
      <TestMethod codeBase="D:\actions-runner\_work\XPCO\XPCO\Corporate\VideoOS.Management.Server.UnitTests\bin\x64\Debug\net472\VideoOS.Management.Server.UnitTests.dll" adapterTypeName="executor://mstestadapter/v2" className="VideoOS.Management.Server.UnitTests.ConfigurationAPI.BusinessObjects.LprMatchList.Methods.GetCustomFieldsForRegistrationNumberTests" name="Invoke_WhenSecondTime_GetsCustomFields" />
    </UnitTest>
    <UnitTest name="ConstructSqlSelect_Injection_ValueText" storage="d:\actions-runner\_work\xpco\xpco\corporate\videoos.management.server.unittests\bin\x64\debug\net472\videoos.management.server.unittests.dll" id="06ddb6d8-1bc4-5094-ec94-57474a3a37c1">
      <Execution id="aa539d82-5427-4dae-85b4-7b6f96466d34" />
      <TestMethod codeBase="D:\actions-runner\_work\XPCO\XPCO\Corporate\VideoOS.Management.Server.UnitTests\bin\x64\Debug\net472\VideoOS.Management.Server.UnitTests.dll" adapterTypeName="executor://mstestadapter/v2" className="VideoOS.Management.Server.UnitTests.ConfigurationAPI.Converters.SqlQueryFormatterTests" name="ConstructSqlSelect_Injection_ValueText" />
    </UnitTest>
    <UnitTest name="SendCommandSecurityVisitor_UpdateSecurityManagerCommand_SecurityPermissionsDevice_Microphone_Edit_Allowed" storage="d:\actions-runner\_work\xpco\xpco\corporate\videoos.management.server.unittests\bin\x64\debug\net472\videoos.management.server.unittests.dll" id="1d5ad8a0-568c-9b12-aac8-6faea5cc6e31">
      <Execution id="62ff2ba0-ae24-4879-a24e-25b2b9128df8" />
      <TestMethod codeBase="D:\actions-runner\_work\XPCO\XPCO\Corporate\VideoOS.Management.Server.UnitTests\bin\x64\Debug\net472\VideoOS.Management.Server.UnitTests.dll" adapterTypeName="executor://mstestadapter/v2" className="VideoOS.Management.Server.UnitTests.SendCommandSecurityVisitorTests" name="SendCommandSecurityVisitor_UpdateSecurityManagerCommand_SecurityPermissionsDevice_Microphone_Edit_Allowed" />
    </UnitTest>
    <UnitTest name="Put_EmptyRequestBody_ThrowsException" storage="d:\actions-runner\_work\xpco\xpco\corporate\videoos.management.server.unittests\bin\x64\debug\net472\videoos.management.server.unittests.dll" id="b2f0f53f-3188-7292-0a93-adb493a3b6a3">
      <Execution id="c2d476a6-411b-4483-aaa3-7a5bd3570e99" />
      <TestMethod codeBase="D:\actions-runner\_work\XPCO\XPCO\Corporate\VideoOS.Management.Server.UnitTests\bin\x64\Debug\net472\VideoOS.Management.Server.UnitTests.dll" adapterTypeName="executor://mstestadapter/v2" className="VideoOS.Management.Server.UnitTests.RestApi.SpecificItemControllerTests" name="Put_EmptyRequestBody_ThrowsException" />
    </UnitTest>
    <UnitTest name="Validate_WhenValueInEnumArrayOutOfAllowedValues_Error" storage="d:\actions-runner\_work\xpco\xpco\corporate\videoos.management.server.unittests\bin\x64\debug\net472\videoos.management.server.unittests.dll" id="cdf71ed1-f773-e03d-4c62-6106dea0bbd6">
      <Execution id="ba029c8b-687b-45d0-b8df-078addc68bee" />
      <TestMethod codeBase="D:\actions-runner\_work\XPCO\XPCO\Corporate\VideoOS.Management.Server.UnitTests\bin\x64\Debug\net472\VideoOS.Management.Server.UnitTests.dll" adapterTypeName="executor://mstestadapter/v2" className="VideoOS.Management.Server.UnitTests.ConfigurationAPI.Rules.Backend.Validation.RuleParametersValidatorTests" name="Validate_WhenValueInEnumArrayOutOfAllowedValues_Error" />
    </UnitTest>
    <UnitTest name="Validation_MotionDetectionMethod_Is_Null_allowNull_Success" storage="d:\actions-runner\_work\xpco\xpco\corporate\videoos.management.server.unittests\bin\x64\debug\net472\videoos.management.server.unittests.dll" id="bf8a3836-3626-822f-4b37-d76debddf9e0">
      <Execution id="b22ebba3-79a6-46a6-878d-4a2f39a368a7" />
      <TestMethod codeBase="D:\actions-runner\_work\XPCO\XPCO\Corporate\VideoOS.Management.Server.UnitTests\bin\x64\Debug\net472\VideoOS.Management.Server.UnitTests.dll" adapterTypeName="executor://mstestadapter/v2" className="VideoOS.Management.Server.UnitTests.ValidationUnitTests" name="Validation_MotionDetectionMethod_Is_Null_allowNull_Success" />
    </UnitTest>
    <UnitTest name="SendCommandSecurityVisitor_UpdateConfigurationManagerCommand_SystemSetting_Add_Allowed" storage="d:\actions-runner\_work\xpco\xpco\corporate\videoos.management.server.unittests\bin\x64\debug\net472\videoos.management.server.unittests.dll" id="fdbba66d-6b33-f762-242f-12205074e0ac">
      <Execution id="fc8ba7f3-e0f5-4875-be29-e4558fae2289" />
      <TestMethod codeBase="D:\actions-runner\_work\XPCO\XPCO\Corporate\VideoOS.Management.Server.UnitTests\bin\x64\Debug\net472\VideoOS.Management.Server.UnitTests.dll" adapterTypeName="executor://mstestadapter/v2" className="VideoOS.Management.Server.UnitTests.SendCommandSecurityVisitorTests" name="SendCommandSecurityVisitor_UpdateConfigurationManagerCommand_SystemSetting_Add_Allowed" />
    </UnitTest>
    <UnitTest name="IdpClientServiceConstructor_UriArgument_Success" storage="d:\actions-runner\_work\xpco\xpco\corporate\videoos.management.server.unittests\bin\x64\debug\net472\videoos.management.server.unittests.dll" id="1436f67d-1e50-e908-5e9d-779642bd5fef">
      <Execution id="32a399ba-345b-405d-a2e6-71d698f6cbd4" />
      <TestMethod codeBase="D:\actions-runner\_work\XPCO\XPCO\Corporate\VideoOS.Management.Server.UnitTests\bin\x64\Debug\net472\VideoOS.Management.Server.UnitTests.dll" adapterTypeName="executor://mstestadapter/v2" className="VideoOS.Management.Server.UnitTests.Integration.IdpClientServiceUnitTests" name="IdpClientServiceConstructor_UriArgument_Success" />
    </UnitTest>
    <UnitTest name="GetChildItems_LicenseProduct_SunnyDay" storage="d:\actions-runner\_work\xpco\xpco\corporate\videoos.management.server.unittests\bin\x64\debug\net472\videoos.management.server.unittests.dll" id="ce6232e6-9443-2fba-d576-47c06daba89f">
      <Execution id="06c0a34f-6ecf-4e99-9b56-7ce2a85a2744" />
      <TestMethod codeBase="D:\actions-runner\_work\XPCO\XPCO\Corporate\VideoOS.Management.Server.UnitTests\bin\x64\Debug\net472\VideoOS.Management.Server.UnitTests.dll" adapterTypeName="executor://mstestadapter/v2" className="VideoOS.Management.Server.UnitTests.ConfigurationAPI.BusinessObjects.LicenseConfigurationApiTests" name="GetChildItems_LicenseProduct_SunnyDay" />
    </UnitTest>
    <UnitTest name="SendCommandSecurityVisitor_UpdateConfigurationManagerCommand_Rule_Edit_Allowed" storage="d:\actions-runner\_work\xpco\xpco\corporate\videoos.management.server.unittests\bin\x64\debug\net472\videoos.management.server.unittests.dll" id="f6983b53-4c99-3c9d-ee3f-885084c6dd6d">
      <Execution id="227d13a3-c14a-4e55-955a-9fd1d8589db8" />
      <TestMethod codeBase="D:\actions-runner\_work\XPCO\XPCO\Corporate\VideoOS.Management.Server.UnitTests\bin\x64\Debug\net472\VideoOS.Management.Server.UnitTests.dll" adapterTypeName="executor://mstestadapter/v2" className="VideoOS.Management.Server.UnitTests.SendCommandSecurityVisitorTests" name="SendCommandSecurityVisitor_UpdateConfigurationManagerCommand_Rule_Edit_Allowed" />
    </UnitTest>
    <UnitTest name="GetItem_ParamNullCheck2" storage="d:\actions-runner\_work\xpco\xpco\corporate\videoos.management.server.unittests\bin\x64\debug\net472\videoos.management.server.unittests.dll" id="e5046627-bcf4-6c17-3343-c882230da9b1">
      <Execution id="80610733-2893-4380-8e05-cd4b5d414b0e" />
      <TestMethod codeBase="D:\actions-runner\_work\XPCO\XPCO\Corporate\VideoOS.Management.Server.UnitTests\bin\x64\Debug\net472\VideoOS.Management.Server.UnitTests.dll" adapterTypeName="executor://mstestadapter/v2" className="VideoOS.Management.Server.UnitTests.ConfigurationAPI.BusinessObjects.BasicOwnerInformationConfigurationApiTests" name="GetItem_ParamNullCheck2" />
    </UnitTest>
    <UnitTest name="CreateSearchTemplateFind_Public_Allowed" storage="d:\actions-runner\_work\xpco\xpco\corporate\videoos.management.server.unittests\bin\x64\debug\net472\videoos.management.server.unittests.dll" id="0e4bc561-ac6f-ae7f-614e-05e2e2593b00">
      <Execution id="3848890d-c113-4f5f-a135-332b6c3bafb1" />
      <TestMethod codeBase="D:\actions-runner\_work\XPCO\XPCO\Corporate\VideoOS.Management.Server.UnitTests\bin\x64\Debug\net472\VideoOS.Management.Server.UnitTests.dll" adapterTypeName="executor://mstestadapter/v2" className="VideoOS.Management.Server.UnitTests.BusinessObjects.ManagementServer.SearchTemplate.SearchTemplateFindTests" name="CreateSearchTemplateFind_Public_Allowed" />
    </UnitTest>
    <UnitTest name="UnauthorizedException_Format_Correct" storage="d:\actions-runner\_work\xpco\xpco\corporate\videoos.management.server.unittests\bin\x64\debug\net472\videoos.management.server.unittests.dll" id="68225ca9-5992-6f4c-9ce3-9b5782612fae">
      <Execution id="37f2bfef-3f7e-4e34-906f-c697fadce2bf" />
      <TestMethod codeBase="D:\actions-runner\_work\XPCO\XPCO\Corporate\VideoOS.Management.Server.UnitTests\bin\x64\Debug\net472\VideoOS.Management.Server.UnitTests.dll" adapterTypeName="executor://mstestadapter/v2" className="VideoOS.Management.Server.UnitTests.RestApi.ExceptionHandlingTests" name="UnauthorizedException_Format_Correct" />
    </UnitTest>
    <UnitTest name="Invoke_WhenPropertyNotFound_ArgumentException" storage="d:\actions-runner\_work\xpco\xpco\corporate\videoos.management.server.unittests\bin\x64\debug\net472\videoos.management.server.unittests.dll" id="fabca215-1eb7-b61b-9432-3f3d050b58e8">
      <Execution id="67a3ae27-0a01-4bdd-bdc3-5e648e7f2484" />
      <TestMethod codeBase="D:\actions-runner\_work\XPCO\XPCO\Corporate\VideoOS.Management.Server.UnitTests\bin\x64\Debug\net472\VideoOS.Management.Server.UnitTests.dll" adapterTypeName="executor://mstestadapter/v2" className="VideoOS.Management.Server.UnitTests.ConfigurationAPI.BusinessObjects.LprMatchList.Methods.DeleteRegistrationNumbersTests" name="Invoke_WhenPropertyNotFound_ArgumentException" />
    </UnitTest>
    <UnitTest name="TaskStorageSecurityProvider_ValidatePermissions" storage="d:\actions-runner\_work\xpco\xpco\corporate\videoos.management.server.unittests\bin\x64\debug\net472\videoos.management.server.unittests.dll" id="7fcc05a6-066f-ee90-b4a6-b5d8243f423b">
      <Execution id="26b26324-1271-4a8f-9f05-9d837af9ee4b" />
      <TestMethod codeBase="D:\actions-runner\_work\XPCO\XPCO\Corporate\VideoOS.Management.Server.UnitTests\bin\x64\Debug\net472\VideoOS.Management.Server.UnitTests.dll" adapterTypeName="executor://mstestadapter/v2" className="VideoOS.Management.Server.UnitTests.Security.TaskSecurityProvicerTest" name="TaskStorageSecurityProvider_ValidatePermissions" />
    </UnitTest>
    <UnitTest name="FindClosestNode_Two_Childs_With_Childs_Test" storage="d:\actions-runner\_work\xpco\xpco\corporate\videoos.management.server.unittests\bin\x64\debug\net472\videoos.management.server.unittests.dll" id="e66f7be5-010d-4169-65aa-10d3894a1256">
      <Execution id="d64b444c-00a9-4944-83e8-ebd4185c2799" />
      <TestMethod codeBase="D:\actions-runner\_work\XPCO\XPCO\Corporate\VideoOS.Management.Server.UnitTests\bin\x64\Debug\net472\VideoOS.Management.Server.UnitTests.dll" adapterTypeName="executor://mstestadapter/v2" className="VideoOS.Management.Server.UnitTests.NodeFindingTests" name="FindClosestNode_Two_Childs_With_Childs_Test" />
    </UnitTest>
    <UnitTest name="RetentionTimeRule_Initialize_Success" storage="d:\actions-runner\_work\xpco\xpco\corporate\videoos.management.server.unittests\bin\x64\debug\net472\videoos.management.server.unittests.dll" id="104ba555-8f99-60ef-4e53-45a505d3287e">
      <Execution id="aa0041ef-2d1c-4d5f-a76a-3a1f9558e371" />
      <TestMethod codeBase="D:\actions-runner\_work\XPCO\XPCO\Corporate\VideoOS.Management.Server.UnitTests\bin\x64\Debug\net472\VideoOS.Management.Server.UnitTests.dll" adapterTypeName="executor://mstestadapter/v2" className="VideoOS.Management.Server.UnitTests.BusinessObjects.ManagementServer.DataCollection.PerformanceCounterRules.RetentionTimeRuleTest" name="RetentionTimeRule_Initialize_Success" />
    </UnitTest>
    <UnitTest name="Build_SubDay_WhenOnceIsSet_TimeIsTimeSpan_ReturnsSubDayOnceModel" storage="d:\actions-runner\_work\xpco\xpco\corporate\videoos.management.server.unittests\bin\x64\debug\net472\videoos.management.server.unittests.dll" id="1eb498bb-1be1-8ebc-7c68-7c71cd5e9b22">
      <Execution id="04454d8c-2e43-43ce-b2b1-233da0531e37" />
      <TestMethod codeBase="D:\actions-runner\_work\XPCO\XPCO\Corporate\VideoOS.Management.Server.UnitTests\bin\x64\Debug\net472\VideoOS.Management.Server.UnitTests.dll" adapterTypeName="executor://mstestadapter/v2" className="VideoOS.Management.Server.UnitTests.ConfigurationAPI.Rules.Builders.RuleModelRecurringTimeBuilderTests" name="Build_SubDay_WhenOnceIsSet_TimeIsTimeSpan_ReturnsSubDayOnceModel" />
    </UnitTest>
    <UnitTest name="Delete_Calls_Delete" storage="d:\actions-runner\_work\xpco\xpco\corporate\videoos.management.server.unittests\bin\x64\debug\net472\videoos.management.server.unittests.dll" id="31d0a064-a3d8-5fce-1568-99de521c3e99">
      <TestCategory>
        <TestCategoryItem TestCategory="DualAuthorization" />
      </TestCategory>
      <Execution id="0d9f673b-fc96-4716-817c-2fed9b5a2a0f" />
      <TestMethod codeBase="D:\actions-runner\_work\XPCO\XPCO\Corporate\VideoOS.Management.Server.UnitTests\bin\x64\Debug\net472\VideoOS.Management.Server.UnitTests.dll" adapterTypeName="executor://mstestadapter/v2" className="VideoOS.Management.Server.UnitTests.DualAuthorizationHandlingTests" name="Delete_Calls_Delete" />
    </UnitTest>
    <UnitTest name="Build_WhenStopRuleTypeIsTimer_PropertiesAreSet" storage="d:\actions-runner\_work\xpco\xpco\corporate\videoos.management.server.unittests\bin\x64\debug\net472\videoos.management.server.unittests.dll" id="93c3afd0-c4fb-e190-6f76-76b672c00b00">
      <Execution id="47bee1ec-8849-4d11-b3a4-1cc2e5705eff" />
      <TestMethod codeBase="D:\actions-runner\_work\XPCO\XPCO\Corporate\VideoOS.Management.Server.UnitTests\bin\x64\Debug\net472\VideoOS.Management.Server.UnitTests.dll" adapterTypeName="executor://mstestadapter/v2" className="VideoOS.Management.Server.UnitTests.ConfigurationAPI.Rules.Builders.ConfigurationItemBuilderTests" name="Build_WhenStopRuleTypeIsTimer_PropertiesAreSet" />
    </UnitTest>
    <UnitTest name="SidUtilityIsBuiltinAccountTest" storage="d:\actions-runner\_work\xpco\xpco\corporate\videoos.management.server.unittests\bin\x64\debug\net472\videoos.management.server.unittests.dll" id="0570ff5e-3112-b718-bea8-83918cb80e80">
      <Execution id="5f6f6a17-5184-4f01-9975-4ce3b7be5702" />
      <TestMethod codeBase="D:\actions-runner\_work\XPCO\XPCO\Corporate\VideoOS.Management.Server.UnitTests\bin\x64\Debug\net472\VideoOS.Management.Server.UnitTests.dll" adapterTypeName="executor://mstestadapter/v2" className="VideoOS.Management.Server.UnitTests.Security.SidUtilsTest" name="SidUtilityIsBuiltinAccountTest" />
    </UnitTest>
    <UnitTest name="Test_Hierarchy_Root_User_Allowed_Read" storage="d:\actions-runner\_work\xpco\xpco\corporate\videoos.management.server.unittests\bin\x64\debug\net472\videoos.management.server.unittests.dll" id="851b8dc3-3960-8449-c0a5-22a7295268f5">
      <Execution id="72551b05-5961-412e-a503-f0424addb481" />
      <TestMethod codeBase="D:\actions-runner\_work\XPCO\XPCO\Corporate\VideoOS.Management.Server.UnitTests\bin\x64\Debug\net472\VideoOS.Management.Server.UnitTests.dll" adapterTypeName="executor://mstestadapter/v2" className="VideoOS.Management.Server.UnitTests.PermissionTests" name="Test_Hierarchy_Root_User_Allowed_Read" />
    </UnitTest>
    <UnitTest name="Build_WhenActionIsStartPluginsOnDevices_ReturnsRuleModel" storage="d:\actions-runner\_work\xpco\xpco\corporate\videoos.management.server.unittests\bin\x64\debug\net472\videoos.management.server.unittests.dll" id="b7f2b168-201b-354c-b588-c25abcba08f6">
      <Execution id="3bc3f4f6-f9fe-45eb-afb2-763c9e84bb2d" />
      <TestMethod codeBase="D:\actions-runner\_work\XPCO\XPCO\Corporate\VideoOS.Management.Server.UnitTests\bin\x64\Debug\net472\VideoOS.Management.Server.UnitTests.dll" adapterTypeName="executor://mstestadapter/v2" className="VideoOS.Management.Server.UnitTests.ConfigurationAPI.Rules.Backend.Builders.XmlRuleModelBuilderTests" name="Build_WhenActionIsStartPluginsOnDevices_ReturnsRuleModel" />
    </UnitTest>
    <UnitTest name="ConfigurationItemPath_CreateSystemPath_Succes" storage="d:\actions-runner\_work\xpco\xpco\corporate\videoos.management.server.unittests\bin\x64\debug\net472\videoos.management.server.unittests.dll" id="bf8e1e53-609f-5f3d-327d-3a0c34d1be43">
      <Execution id="5b24516d-e87e-4e6b-94c6-d88fd5fe9f06" />
      <TestMethod codeBase="D:\actions-runner\_work\XPCO\XPCO\Corporate\VideoOS.Management.Server.UnitTests\bin\x64\Debug\net472\VideoOS.Management.Server.UnitTests.dll" adapterTypeName="executor://mstestadapter/v2" className="VideoOS.Management.Server.UnitTests.ConfigurationAPI.ConfigurationItemPathTests" name="ConfigurationItemPath_CreateSystemPath_Succes" />
    </UnitTest>
    <UnitTest name="LoadSpecificItemChildItem_UseParentAndChildId_NoChildFound" storage="d:\actions-runner\_work\xpco\xpco\corporate\videoos.management.server.unittests\bin\x64\debug\net472\videoos.management.server.unittests.dll" id="488ab347-2cb6-094f-e93b-9402beacb109">
      <Execution id="4e5a59ca-b917-4bb3-8320-3cc3f2cadddc" />
      <TestMethod codeBase="D:\actions-runner\_work\XPCO\XPCO\Corporate\VideoOS.Management.Server.UnitTests\bin\x64\Debug\net472\VideoOS.Management.Server.UnitTests.dll" adapterTypeName="executor://mstestadapter/v2" className="VideoOS.Management.Server.UnitTests.RestApi.ConfigurationApiSubControllerTests" name="LoadSpecificItemChildItem_UseParentAndChildId_NoChildFound" />
    </UnitTest>
    <UnitTest name="AsyncRetryExecutionCancellationRequestedTest" storage="d:\actions-runner\_work\xpco\xpco\corporate\videoos.management.server.unittests\bin\x64\debug\net472\videoos.management.server.unittests.dll" id="023fdd70-6561-8ae5-1891-a6fdc2835144">
      <Execution id="6968944d-4f63-4407-aaa7-8d21f9f5409f" />
      <TestMethod codeBase="D:\actions-runner\_work\XPCO\XPCO\Corporate\VideoOS.Management.Server.UnitTests\bin\x64\Debug\net472\VideoOS.Management.Server.UnitTests.dll" adapterTypeName="executor://mstestadapter/v2" className="VideoOS.Management.Server.UnitTests.BusinessObjects.AsyncRetryExecutionTest" name="AsyncRetryExecutionCancellationRequestedTest" />
    </UnitTest>
    <UnitTest name="Build_WhenGroupTypeIsNotFound_ReturnsTrue" storage="d:\actions-runner\_work\xpco\xpco\corporate\videoos.management.server.unittests\bin\x64\debug\net472\videoos.management.server.unittests.dll" id="c9ab10f1-a00c-ea01-8e24-c53ff68b1e8d">
      <Execution id="89dd38a2-9a43-44e8-9246-15adcf5fd686" />
      <TestMethod codeBase="D:\actions-runner\_work\XPCO\XPCO\Corporate\VideoOS.Management.Server.UnitTests\bin\x64\Debug\net472\VideoOS.Management.Server.UnitTests.dll" adapterTypeName="executor://mstestadapter/v2" className="VideoOS.Management.Server.UnitTests.ConfigurationAPI.Rules.Backend.Builders.RuleTypeParserTests" name="Build_WhenGroupTypeIsNotFound_ReturnsTrue" />
    </UnitTest>
    <UnitTest name="ConfigurationItemPathBuilder_Create_RootFolderPath_Succes" storage="d:\actions-runner\_work\xpco\xpco\corporate\videoos.management.server.unittests\bin\x64\debug\net472\videoos.management.server.unittests.dll" id="7635dcfc-15ff-0acd-5a47-20bddb7d5d94">
      <Execution id="18e2b245-fb8f-40b2-9eaf-536008d56d97" />
      <TestMethod codeBase="D:\actions-runner\_work\XPCO\XPCO\Corporate\VideoOS.Management.Server.UnitTests\bin\x64\Debug\net472\VideoOS.Management.Server.UnitTests.dll" adapterTypeName="executor://mstestadapter/v2" className="VideoOS.Management.Server.UnitTests.ConfigurationAPI.ConfigurationItemPathBuilderTests" name="ConfigurationItemPathBuilder_Create_RootFolderPath_Succes" />
    </UnitTest>
    <UnitTest name="SendCommandSecurityVisitor_DatabaseOperationCommand_ArgumentNullException" storage="d:\actions-runner\_work\xpco\xpco\corporate\videoos.management.server.unittests\bin\x64\debug\net472\videoos.management.server.unittests.dll" id="73f90af0-f0a6-9188-0147-49d9ed1c214b">
      <Execution id="2db64e5f-d4a6-4aa2-badd-e2a82ecd735b" />
      <TestMethod codeBase="D:\actions-runner\_work\XPCO\XPCO\Corporate\VideoOS.Management.Server.UnitTests\bin\x64\Debug\net472\VideoOS.Management.Server.UnitTests.dll" adapterTypeName="executor://mstestadapter/v2" className="VideoOS.Management.Server.UnitTests.SendCommandSecurityVisitorTests" name="SendCommandSecurityVisitor_DatabaseOperationCommand_ArgumentNullException" />
    </UnitTest>
    <UnitTest name="SendCommandSecurityVisitor_UpdateSystemConfigurationCommand_NotSupportedException" storage="d:\actions-runner\_work\xpco\xpco\corporate\videoos.management.server.unittests\bin\x64\debug\net472\videoos.management.server.unittests.dll" id="9a2d3ea8-f524-9cdc-3f15-e083e59578d7">
      <Execution id="2b9ffa43-504e-4a7c-a567-8f122396bdd2" />
      <TestMethod codeBase="D:\actions-runner\_work\XPCO\XPCO\Corporate\VideoOS.Management.Server.UnitTests\bin\x64\Debug\net472\VideoOS.Management.Server.UnitTests.dll" adapterTypeName="executor://mstestadapter/v2" className="VideoOS.Management.Server.UnitTests.SendCommandSecurityVisitorTests" name="SendCommandSecurityVisitor_UpdateSystemConfigurationCommand_NotSupportedException" />
    </UnitTest>
    <UnitTest name="Invoke_WhenNameUniquenessFails_PropagatesException" storage="d:\actions-runner\_work\xpco\xpco\corporate\videoos.management.server.unittests\bin\x64\debug\net472\videoos.management.server.unittests.dll" id="fa75e582-58d1-49ca-68f8-e4276047185e">
      <Execution id="20547a4f-3731-4ec8-a7a6-bccb4493cb39" />
      <TestMethod codeBase="D:\actions-runner\_work\XPCO\XPCO\Corporate\VideoOS.Management.Server.UnitTests\bin\x64\Debug\net472\VideoOS.Management.Server.UnitTests.dll" adapterTypeName="executor://mstestadapter/v2" className="VideoOS.Management.Server.UnitTests.ConfigurationAPI.BusinessObjects.LprMatchList.Methods.AddMatchListTests" name="Invoke_WhenNameUniquenessFails_PropagatesException" />
    </UnitTest>
    <UnitTest name="CreateVmsUser_MethodCalled_CorrectMethodIsCalledOnIdpAdministrationClient" storage="d:\actions-runner\_work\xpco\xpco\corporate\videoos.management.server.unittests\bin\x64\debug\net472\videoos.management.server.unittests.dll" id="9fe6b0f8-d1c1-2908-4858-a5baedcfaf5a">
      <Execution id="d5c89789-2585-4dd2-9523-822c1eac8901" />
      <TestMethod codeBase="D:\actions-runner\_work\XPCO\XPCO\Corporate\VideoOS.Management.Server.UnitTests\bin\x64\Debug\net472\VideoOS.Management.Server.UnitTests.dll" adapterTypeName="executor://mstestadapter/v2" className="VideoOS.Management.Server.UnitTests.DataComponents.Idp.UserIdpComponentTests" name="CreateVmsUser_MethodCalled_CorrectMethodIsCalledOnIdpAdministrationClient" />
    </UnitTest>
    <UnitTest name="FindSearchTemplates_ById_Public_Allowed" storage="d:\actions-runner\_work\xpco\xpco\corporate\videoos.management.server.unittests\bin\x64\debug\net472\videoos.management.server.unittests.dll" id="a15f9cd6-b1c1-2f0f-2d95-17ddc01587a3">
      <Execution id="c981d749-0b2d-4b4d-81c9-456d72bd3157" />
      <TestMethod codeBase="D:\actions-runner\_work\XPCO\XPCO\Corporate\VideoOS.Management.Server.UnitTests\bin\x64\Debug\net472\VideoOS.Management.Server.UnitTests.dll" adapterTypeName="executor://mstestadapter/v2" className="VideoOS.Management.Server.UnitTests.BusinessObjects.ManagementServer.SearchTemplate.SearchTemplateFindTests" name="FindSearchTemplates_ById_Public_Allowed" />
    </UnitTest>
    <UnitTest name="Build_WhenSendSNMPTrap_ReturnsProperties" storage="d:\actions-runner\_work\xpco\xpco\corporate\videoos.management.server.unittests\bin\x64\debug\net472\videoos.management.server.unittests.dll" id="6361b2e9-8cde-b496-964b-6eab18203c15">
      <Execution id="369b5b31-efed-4545-a279-ae731a51130a" />
      <TestMethod codeBase="D:\actions-runner\_work\XPCO\XPCO\Corporate\VideoOS.Management.Server.UnitTests\bin\x64\Debug\net472\VideoOS.Management.Server.UnitTests.dll" adapterTypeName="executor://mstestadapter/v2" className="VideoOS.Management.Server.UnitTests.ConfigurationAPI.Rules.Builders.ConfigurationItemActionBuilderTests" name="Build_WhenSendSNMPTrap_ReturnsProperties" />
    </UnitTest>
    <UnitTest name="GetXml_WhenActionIsStopFeed_MatchesXml" storage="d:\actions-runner\_work\xpco\xpco\corporate\videoos.management.server.unittests\bin\x64\debug\net472\videoos.management.server.unittests.dll" id="d2645dae-9948-1adb-9721-bf2a080261cf">
      <Execution id="6de7c4bf-34e8-44fb-8d82-21d0260d4275" />
      <TestMethod codeBase="D:\actions-runner\_work\XPCO\XPCO\Corporate\VideoOS.Management.Server.UnitTests\bin\x64\Debug\net472\VideoOS.Management.Server.UnitTests.dll" adapterTypeName="executor://mstestadapter/v2" className="VideoOS.Management.Server.UnitTests.ConfigurationAPI.Rules.Backend.Builders.ActionXmlBuilderTests" name="GetXml_WhenActionIsStopFeed_MatchesXml" />
    </UnitTest>
    <UnitTest name="SendCommandSecurityVisitor_UpdateConfigurationManagerCommand_DeviceLinks_Edit_Allowed" storage="d:\actions-runner\_work\xpco\xpco\corporate\videoos.management.server.unittests\bin\x64\debug\net472\videoos.management.server.unittests.dll" id="a749dcd6-7535-4f96-13d3-f5cc68574445">
      <Execution id="cf569e9a-5ca9-41b8-b61c-4205cb8a8460" />
      <TestMethod codeBase="D:\actions-runner\_work\XPCO\XPCO\Corporate\VideoOS.Management.Server.UnitTests\bin\x64\Debug\net472\VideoOS.Management.Server.UnitTests.dll" adapterTypeName="executor://mstestadapter/v2" className="VideoOS.Management.Server.UnitTests.SendCommandSecurityVisitorTests" name="SendCommandSecurityVisitor_UpdateConfigurationManagerCommand_DeviceLinks_Edit_Allowed" />
    </UnitTest>
    <UnitTest name="InvokeMethod_AddAudioFile_GetParamsTest" storage="d:\actions-runner\_work\xpco\xpco\corporate\videoos.management.server.unittests\bin\x64\debug\net472\videoos.management.server.unittests.dll" id="ab651efa-e4bf-e7bb-e578-297016d16356">
      <Execution id="a6d34110-f523-4bf8-9b7f-6c86bfe9dd35" />
      <TestMethod codeBase="D:\actions-runner\_work\XPCO\XPCO\Corporate\VideoOS.Management.Server.UnitTests\bin\x64\Debug\net472\VideoOS.Management.Server.UnitTests.dll" adapterTypeName="executor://mstestadapter/v2" className="VideoOS.Management.Server.UnitTests.ConfigurationAPI.BusinessObjects.AudioMessage.AudioMessageFolderConfigurationApiTest" name="InvokeMethod_AddAudioFile_GetParamsTest" />
    </UnitTest>
    <UnitTest name="SendCommandSecurityVisitor_HardwareSetupInformationCommand_ArgumentNullException" storage="d:\actions-runner\_work\xpco\xpco\corporate\videoos.management.server.unittests\bin\x64\debug\net472\videoos.management.server.unittests.dll" id="8954480e-58d4-e0df-5cf9-1d0dd7f64f5b">
      <Execution id="a2eaaa45-fc72-4739-8359-fe61a06d6be3" />
      <TestMethod codeBase="D:\actions-runner\_work\XPCO\XPCO\Corporate\VideoOS.Management.Server.UnitTests\bin\x64\Debug\net472\VideoOS.Management.Server.UnitTests.dll" adapterTypeName="executor://mstestadapter/v2" className="VideoOS.Management.Server.UnitTests.SendCommandSecurityVisitorTests" name="SendCommandSecurityVisitor_HardwareSetupInformationCommand_ArgumentNullException" />
    </UnitTest>
    <UnitTest name="Validate_WhenObjectExists_ReturnsTrue" storage="d:\actions-runner\_work\xpco\xpco\corporate\videoos.management.server.unittests\bin\x64\debug\net472\videoos.management.server.unittests.dll" id="7fdae2b0-f7ef-a0d3-ef38-e836ce4c6565">
      <Execution id="65b8efb8-73d8-4d85-ad30-07bd11f1d80d" />
      <TestMethod codeBase="D:\actions-runner\_work\XPCO\XPCO\Corporate\VideoOS.Management.Server.UnitTests\bin\x64\Debug\net472\VideoOS.Management.Server.UnitTests.dll" adapterTypeName="executor://mstestadapter/v2" className="VideoOS.Management.Server.UnitTests.ConfigurationAPI.Rules.Backend.Validation.ValueValidators.PluginItemParameterValueValidatorTests" name="Validate_WhenObjectExists_ReturnsTrue" />
    </UnitTest>
    <UnitTest name="Build_WhenRecurringRuleType_DailyOnce_PropertiesAreSet" storage="d:\actions-runner\_work\xpco\xpco\corporate\videoos.management.server.unittests\bin\x64\debug\net472\videoos.management.server.unittests.dll" id="091438e6-b4e3-b2b0-92b8-73291d41c12a">
      <Execution id="a18c18a6-c47c-4e3e-bd1b-e472558288a0" />
      <TestMethod codeBase="D:\actions-runner\_work\XPCO\XPCO\Corporate\VideoOS.Management.Server.UnitTests\bin\x64\Debug\net472\VideoOS.Management.Server.UnitTests.dll" adapterTypeName="executor://mstestadapter/v2" className="VideoOS.Management.Server.UnitTests.ConfigurationAPI.Rules.Builders.ConfigurationItemBuilderTests" name="Build_WhenRecurringRuleType_DailyOnce_PropertiesAreSet" />
    </UnitTest>
    <UnitTest name="Build_StartPluginOnDevices_WhenParametersAreSet_ReturnsActionModel" storage="d:\actions-runner\_work\xpco\xpco\corporate\videoos.management.server.unittests\bin\x64\debug\net472\videoos.management.server.unittests.dll" id="00e221b9-0e53-9998-4193-9fb40f03aa51">
      <Execution id="125e0704-853f-42be-be76-df7b6ce47473" />
      <TestMethod codeBase="D:\actions-runner\_work\XPCO\XPCO\Corporate\VideoOS.Management.Server.UnitTests\bin\x64\Debug\net472\VideoOS.Management.Server.UnitTests.dll" adapterTypeName="executor://mstestadapter/v2" className="VideoOS.Management.Server.UnitTests.ConfigurationAPI.Rules.Builders.RuleModelActionsBuilderTests" name="Build_StartPluginOnDevices_WhenParametersAreSet_ReturnsActionModel" />
    </UnitTest>
    <UnitTest name="Get_KnownResourceType_Data_NotTasks_ReturnsJsonOfObjectArray" storage="d:\actions-runner\_work\xpco\xpco\corporate\videoos.management.server.unittests\bin\x64\debug\net472\videoos.management.server.unittests.dll" id="0021e5f3-ac0f-f756-05ee-633044d7bf74">
      <Execution id="a1a72dde-edc6-4704-b696-51fe252d3493" />
      <TestMethod codeBase="D:\actions-runner\_work\XPCO\XPCO\Corporate\VideoOS.Management.Server.UnitTests\bin\x64\Debug\net472\VideoOS.Management.Server.UnitTests.dll" adapterTypeName="executor://mstestadapter/v2" className="VideoOS.Management.Server.UnitTests.RestApi.ArrayOfChildItemsControllerTests" name="Get_KnownResourceType_Data_NotTasks_ReturnsJsonOfObjectArray" />
    </UnitTest>
    <UnitTest name="GetXml_WhenActionIsMIPAction_MatchesXml" storage="d:\actions-runner\_work\xpco\xpco\corporate\videoos.management.server.unittests\bin\x64\debug\net472\videoos.management.server.unittests.dll" id="792d7f0e-90f1-92b1-29a8-dae90f8bead0">
      <Execution id="c5eaa451-665a-4b98-b56b-1b5cf8dccdaf" />
      <TestMethod codeBase="D:\actions-runner\_work\XPCO\XPCO\Corporate\VideoOS.Management.Server.UnitTests\bin\x64\Debug\net472\VideoOS.Management.Server.UnitTests.dll" adapterTypeName="executor://mstestadapter/v2" className="VideoOS.Management.Server.UnitTests.ConfigurationAPI.Rules.Backend.Builders.ActionXmlBuilderTests" name="GetXml_WhenActionIsMIPAction_MatchesXml" />
    </UnitTest>
    <UnitTest name="ConstructSqlSelect_WrongOperator_IntBeginsWith" storage="d:\actions-runner\_work\xpco\xpco\corporate\videoos.management.server.unittests\bin\x64\debug\net472\videoos.management.server.unittests.dll" id="6cdaa707-74da-09ce-bde9-ec40c332d047">
      <Execution id="9eb3264d-7ef6-44fd-a78d-55cb1306e1ab" />
      <TestMethod codeBase="D:\actions-runner\_work\XPCO\XPCO\Corporate\VideoOS.Management.Server.UnitTests\bin\x64\Debug\net472\VideoOS.Management.Server.UnitTests.dll" adapterTypeName="executor://mstestadapter/v2" className="VideoOS.Management.Server.UnitTests.ConfigurationAPI.Converters.SqlQueryFormatterTests" name="ConstructSqlSelect_WrongOperator_IntBeginsWith" />
    </UnitTest>
    <UnitTest name="TestBuild_CustomFields_Correct" storage="d:\actions-runner\_work\xpco\xpco\corporate\videoos.management.server.unittests\bin\x64\debug\net472\videoos.management.server.unittests.dll" id="8e6f1fb5-94de-db36-cf9d-fad74015fce1">
      <Execution id="5fdd9b75-71f9-4a28-bfca-83bd190b4581" />
      <TestMethod codeBase="D:\actions-runner\_work\XPCO\XPCO\Corporate\VideoOS.Management.Server.UnitTests\bin\x64\Debug\net472\VideoOS.Management.Server.UnitTests.dll" adapterTypeName="executor://mstestadapter/v2" className="VideoOS.Management.Server.UnitTests.ConfigurationAPI.BusinessObjects.LprMatchiList.ConfigurationItemBuilderTests" name="TestBuild_CustomFields_Correct" />
    </UnitTest>
    <UnitTest name="ConstructSqlSelect_SunnyDay_EnabledFalse" storage="d:\actions-runner\_work\xpco\xpco\corporate\videoos.management.server.unittests\bin\x64\debug\net472\videoos.management.server.unittests.dll" id="8867f3bc-d98f-be28-5590-190e34b09f1d">
      <Execution id="1d0760b2-04a2-46f0-be61-801ca1e7fcb4" />
      <TestMethod codeBase="D:\actions-runner\_work\XPCO\XPCO\Corporate\VideoOS.Management.Server.UnitTests\bin\x64\Debug\net472\VideoOS.Management.Server.UnitTests.dll" adapterTypeName="executor://mstestadapter/v2" className="VideoOS.Management.Server.UnitTests.ConfigurationAPI.Converters.SqlQueryFormatterTests" name="ConstructSqlSelect_SunnyDay_EnabledFalse" />
    </UnitTest>
    <UnitTest name="Build_WhenRuleTypeOfStopRuleIsTimer_ReturnsNull" storage="d:\actions-runner\_work\xpco\xpco\corporate\videoos.management.server.unittests\bin\x64\debug\net472\videoos.management.server.unittests.dll" id="9634a042-c6f1-d70d-02ab-f3a7dd0e4afb">
      <Execution id="3739e3fe-a7dd-4f53-879c-3f10ce4bb358" />
      <TestMethod codeBase="D:\actions-runner\_work\XPCO\XPCO\Corporate\VideoOS.Management.Server.UnitTests\bin\x64\Debug\net472\VideoOS.Management.Server.UnitTests.dll" adapterTypeName="executor://mstestadapter/v2" className="VideoOS.Management.Server.UnitTests.ConfigurationAPI.Rules.Backend.Builders.XmlRuleModelBuilderTests" name="Build_WhenRuleTypeOfStopRuleIsTimer_ReturnsNull" />
    </UnitTest>
    <UnitTest name="GetItem_WhenRuleIsNull_PathNotFoundException" storage="d:\actions-runner\_work\xpco\xpco\corporate\videoos.management.server.unittests\bin\x64\debug\net472\videoos.management.server.unittests.dll" id="9ed470b4-cf78-82d0-e669-41f1a6018083">
      <Execution id="fb4d6177-b2d5-4242-a05a-41c349c07a41" />
      <TestMethod codeBase="D:\actions-runner\_work\XPCO\XPCO\Corporate\VideoOS.Management.Server.UnitTests\bin\x64\Debug\net472\VideoOS.Management.Server.UnitTests.dll" adapterTypeName="executor://mstestadapter/v2" className="VideoOS.Management.Server.UnitTests.ConfigurationAPI.Rules.ConfigurationApiServiceTests" name="GetItem_WhenRuleIsNull_PathNotFoundException" />
    </UnitTest>
    <UnitTest name="Get_KnownResourceType_DefinitionsIncluded_ReturnsJsonIncludingTaskListFromSubController" storage="d:\actions-runner\_work\xpco\xpco\corporate\videoos.management.server.unittests\bin\x64\debug\net472\videoos.management.server.unittests.dll" id="dcf8419c-ad20-1d0e-5b4f-c9eca5a0aca5">
      <Execution id="69fe0c01-d24f-4fa9-aa43-c62e4b0beebd" />
      <TestMethod codeBase="D:\actions-runner\_work\XPCO\XPCO\Corporate\VideoOS.Management.Server.UnitTests\bin\x64\Debug\net472\VideoOS.Management.Server.UnitTests.dll" adapterTypeName="executor://mstestadapter/v2" className="VideoOS.Management.Server.UnitTests.RestApi.SpecificChildItemControllerTests" name="Get_KnownResourceType_DefinitionsIncluded_ReturnsJsonIncludingTaskListFromSubController" />
    </UnitTest>
    <UnitTest name="GetNextProperties_WhenRuleTypeNotSet_ReturnsRuleTypeProperty" storage="d:\actions-runner\_work\xpco\xpco\corporate\videoos.management.server.unittests\bin\x64\debug\net472\videoos.management.server.unittests.dll" id="aa1ed6f5-a984-e6fb-14bc-90af779293b4">
      <Execution id="6392e528-5622-4951-8782-d65f0df4d824" />
      <TestMethod codeBase="D:\actions-runner\_work\XPCO\XPCO\Corporate\VideoOS.Management.Server.UnitTests\bin\x64\Debug\net472\VideoOS.Management.Server.UnitTests.dll" adapterTypeName="executor://mstestadapter/v2" className="VideoOS.Management.Server.UnitTests.ConfigurationAPI.Rules.Methods.StopRuleTypeStepTests" name="GetNextProperties_WhenRuleTypeNotSet_ReturnsRuleTypeProperty" />
    </UnitTest>
    <UnitTest name="Validation_CheckVersionString_Null_Throws" storage="d:\actions-runner\_work\xpco\xpco\corporate\videoos.management.server.unittests\bin\x64\debug\net472\videoos.management.server.unittests.dll" id="7caf9909-bdde-0037-33b0-46de4b44fea1">
      <Execution id="39f59dd1-09e1-4582-918b-2c4139dde73f" />
      <TestMethod codeBase="D:\actions-runner\_work\XPCO\XPCO\Corporate\VideoOS.Management.Server.UnitTests\bin\x64\Debug\net472\VideoOS.Management.Server.UnitTests.dll" adapterTypeName="executor://mstestadapter/v2" className="VideoOS.Management.Server.UnitTests.ValidationUnitTests" name="Validation_CheckVersionString_Null_Throws" />
    </UnitTest>
    <UnitTest name="InvokeMethod_InvalidPathTest" storage="d:\actions-runner\_work\xpco\xpco\corporate\videoos.management.server.unittests\bin\x64\debug\net472\videoos.management.server.unittests.dll" id="73a41b32-1ed4-8a06-5ae8-dcf175797ffa">
      <Execution id="79e97dbc-2c21-4cdc-b8c3-efbbd7c19620" />
      <TestMethod codeBase="D:\actions-runner\_work\XPCO\XPCO\Corporate\VideoOS.Management.Server.UnitTests\bin\x64\Debug\net472\VideoOS.Management.Server.UnitTests.dll" adapterTypeName="executor://mstestadapter/v2" className="VideoOS.Management.Server.UnitTests.ConfigurationAPI.BusinessObjects.AudioMessage.AudioMessageConfigurationApiTest" name="InvokeMethod_InvalidPathTest" />
    </UnitTest>
    <UnitTest name="Validate_WhenTimeIntervalRule_StopRuleHasEventType_Error" storage="d:\actions-runner\_work\xpco\xpco\corporate\videoos.management.server.unittests\bin\x64\debug\net472\videoos.management.server.unittests.dll" id="e8949100-4491-b962-9c07-889aaccb4f3c">
      <Execution id="603e3a46-668c-441f-b662-cb48c007204a" />
      <TestMethod codeBase="D:\actions-runner\_work\XPCO\XPCO\Corporate\VideoOS.Management.Server.UnitTests\bin\x64\Debug\net472\VideoOS.Management.Server.UnitTests.dll" adapterTypeName="executor://mstestadapter/v2" className="VideoOS.Management.Server.UnitTests.ConfigurationAPI.Rules.Backend.Validation.ValidatorIntegrationTests" name="Validate_WhenTimeIntervalRule_StopRuleHasEventType_Error" />
    </UnitTest>
    <UnitTest name="Delete_ThrowsException_WhenMethodDoesNotReturnInvokeInfo" storage="d:\actions-runner\_work\xpco\xpco\corporate\videoos.management.server.unittests\bin\x64\debug\net472\videoos.management.server.unittests.dll" id="8b6c6bad-06f5-c1b7-63a9-90f98de44d50">
      <Execution id="5b94ce1b-6ad0-4b0d-a955-8796f2b3f2ef" />
      <TestMethod codeBase="D:\actions-runner\_work\XPCO\XPCO\Corporate\VideoOS.Management.Server.UnitTests\bin\x64\Debug\net472\VideoOS.Management.Server.UnitTests.dll" adapterTypeName="executor://mstestadapter/v2" className="VideoOS.Management.Server.UnitTests.RestApi.ConfigurationApiManagerTests" name="Delete_ThrowsException_WhenMethodDoesNotReturnInvokeInfo" />
    </UnitTest>
    <UnitTest name="IsComplete_WhenRecurring_FrequencyPropertiesNotSet_ReturnsFalse" storage="d:\actions-runner\_work\xpco\xpco\corporate\videoos.management.server.unittests\bin\x64\debug\net472\videoos.management.server.unittests.dll" id="45a2c60a-c39b-60f9-ea04-7063f5e3da0d">
      <Execution id="5685eefd-0d32-40fb-84fc-4739e3eae6f3" />
      <TestMethod codeBase="D:\actions-runner\_work\XPCO\XPCO\Corporate\VideoOS.Management.Server.UnitTests\bin\x64\Debug\net472\VideoOS.Management.Server.UnitTests.dll" adapterTypeName="executor://mstestadapter/v2" className="VideoOS.Management.Server.UnitTests.ConfigurationAPI.Rules.Methods.StartRuleTypeStepTests" name="IsComplete_WhenRecurring_FrequencyPropertiesNotSet_ReturnsFalse" />
    </UnitTest>
    <UnitTest name="Authorize_ThrowsFaultCode_OnUserNotAllowedToAuthorize" storage="d:\actions-runner\_work\xpco\xpco\corporate\videoos.management.server.unittests\bin\x64\debug\net472\videoos.management.server.unittests.dll" id="5457d672-f30a-f49a-3a94-700a62178681">
      <TestCategory>
        <TestCategoryItem TestCategory="DualAuthorization" />
      </TestCategory>
      <Execution id="f0b806cc-b962-4b04-9ebc-c68864c87ae2" />
      <TestMethod codeBase="D:\actions-runner\_work\XPCO\XPCO\Corporate\VideoOS.Management.Server.UnitTests\bin\x64\Debug\net472\VideoOS.Management.Server.UnitTests.dll" adapterTypeName="executor://mstestadapter/v2" className="VideoOS.Management.Server.UnitTests.DualAuthorizationHandlingTests" name="Authorize_ThrowsFaultCode_OnUserNotAllowedToAuthorize" />
    </UnitTest>
    <UnitTest name="Validate_WhenSubdayTypeRecurring_SubdayEndTimeIsLowerThanStartTime_ReturnsError" storage="d:\actions-runner\_work\xpco\xpco\corporate\videoos.management.server.unittests\bin\x64\debug\net472\videoos.management.server.unittests.dll" id="58b841be-8a8e-7089-11d8-51f597ae94ad">
      <Execution id="665ed10e-c500-4ff9-86aa-bfc28bf66291" />
      <TestMethod codeBase="D:\actions-runner\_work\XPCO\XPCO\Corporate\VideoOS.Management.Server.UnitTests\bin\x64\Debug\net472\VideoOS.Management.Server.UnitTests.dll" adapterTypeName="executor://mstestadapter/v2" className="VideoOS.Management.Server.UnitTests.ConfigurationAPI.Rules.Backend.Validation.RecurringTimeValidatorTests" name="Validate_WhenSubdayTypeRecurring_SubdayEndTimeIsLowerThanStartTime_ReturnsError" />
    </UnitTest>
    <UnitTest name="IsComplete_WhenNotAllConditionsArePresent_ReturnsFalse" storage="d:\actions-runner\_work\xpco\xpco\corporate\videoos.management.server.unittests\bin\x64\debug\net472\videoos.management.server.unittests.dll" id="a77be3c6-5fde-963c-e0a5-7a1109ba9af4">
      <Execution id="a0be1287-258a-43dd-ae7f-190f07a7ff15" />
      <TestMethod codeBase="D:\actions-runner\_work\XPCO\XPCO\Corporate\VideoOS.Management.Server.UnitTests\bin\x64\Debug\net472\VideoOS.Management.Server.UnitTests.dll" adapterTypeName="executor://mstestadapter/v2" className="VideoOS.Management.Server.UnitTests.ConfigurationAPI.Rules.Methods.StartConditionsStepTest" name="IsComplete_WhenNotAllConditionsArePresent_ReturnsFalse" />
    </UnitTest>
    <UnitTest name="GetCurrentProperties_WhenActionPropertyHasValueAndParameterPropertiesExistButMissingRequiredValues_ReturnsListWithOnlyPropertiesThatHaveValues" storage="d:\actions-runner\_work\xpco\xpco\corporate\videoos.management.server.unittests\bin\x64\debug\net472\videoos.management.server.unittests.dll" id="bf0d6c20-1cf4-623c-8f79-7a0ce3774924">
      <Execution id="804d82f6-366c-43af-a0a4-b6209cdd5ec3" />
      <TestMethod codeBase="D:\actions-runner\_work\XPCO\XPCO\Corporate\VideoOS.Management.Server.UnitTests\bin\x64\Debug\net472\VideoOS.Management.Server.UnitTests.dll" adapterTypeName="executor://mstestadapter/v2" className="VideoOS.Management.Server.UnitTests.ConfigurationAPI.Rules.Methods.StopActionsStepTests" name="GetCurrentProperties_WhenActionPropertyHasValueAndParameterPropertiesExistButMissingRequiredValues_ReturnsListWithOnlyPropertiesThatHaveValues" />
    </UnitTest>
    <UnitTest name="InvokeMethod_ParamNullCheck_Method" storage="d:\actions-runner\_work\xpco\xpco\corporate\videoos.management.server.unittests\bin\x64\debug\net472\videoos.management.server.unittests.dll" id="cc96915e-9434-e94a-2553-c0e4b0b8887e">
      <Execution id="c318abb0-06d3-4096-bcec-0feb2905a538" />
      <TestMethod codeBase="D:\actions-runner\_work\XPCO\XPCO\Corporate\VideoOS.Management.Server.UnitTests\bin\x64\Debug\net472\VideoOS.Management.Server.UnitTests.dll" adapterTypeName="executor://mstestadapter/v2" className="VideoOS.Management.Server.UnitTests.ConfigurationAPI.BusinessObjects.SearchTemplate.SearchTemplateConfigurationApiTest" name="InvokeMethod_ParamNullCheck_Method" />
    </UnitTest>
    <UnitTest name="InvokeMethod_InvokesFromProvider" storage="d:\actions-runner\_work\xpco\xpco\corporate\videoos.management.server.unittests\bin\x64\debug\net472\videoos.management.server.unittests.dll" id="bf5f0cdc-3a60-2913-d0ee-0c7d5c56e0e0">
      <Execution id="963ba771-b884-400f-a38d-7491b68fdfc9" />
      <TestMethod codeBase="D:\actions-runner\_work\XPCO\XPCO\Corporate\VideoOS.Management.Server.UnitTests\bin\x64\Debug\net472\VideoOS.Management.Server.UnitTests.dll" adapterTypeName="executor://mstestadapter/v2" className="VideoOS.Management.Server.UnitTests.ConfigurationAPI.LprMatchList.ConfigurationApiServiceTests" name="InvokeMethod_InvokesFromProvider" />
    </UnitTest>
    <UnitTest name="Validate_WhenEventSourcesContainIncorrectSource_Error" storage="d:\actions-runner\_work\xpco\xpco\corporate\videoos.management.server.unittests\bin\x64\debug\net472\videoos.management.server.unittests.dll" id="c1b27acb-5e27-1ddc-3e79-8057e72f3df5">
      <Execution id="4918c2d4-116b-4456-88de-624a23d904b6" />
      <TestMethod codeBase="D:\actions-runner\_work\XPCO\XPCO\Corporate\VideoOS.Management.Server.UnitTests\bin\x64\Debug\net472\VideoOS.Management.Server.UnitTests.dll" adapterTypeName="executor://mstestadapter/v2" className="VideoOS.Management.Server.UnitTests.ConfigurationAPI.Rules.Backend.Validation.EventValidatorTests" name="Validate_WhenEventSourcesContainIncorrectSource_Error" />
    </UnitTest>
    <UnitTest name="Validate_WhenObjectNotExists_ReturnsFalse" storage="d:\actions-runner\_work\xpco\xpco\corporate\videoos.management.server.unittests\bin\x64\debug\net472\videoos.management.server.unittests.dll" id="47e15284-34a0-a842-e088-57cd79f0998c">
      <Execution id="62a550ea-1799-4d9e-892c-e0b4e89f3a79" />
      <TestMethod codeBase="D:\actions-runner\_work\XPCO\XPCO\Corporate\VideoOS.Management.Server.UnitTests\bin\x64\Debug\net472\VideoOS.Management.Server.UnitTests.dll" adapterTypeName="executor://mstestadapter/v2" className="VideoOS.Management.Server.UnitTests.ConfigurationAPI.Rules.Backend.Validation.ValueValidators.PluginGroupItemParameterValueValidatorTests" name="Validate_WhenObjectNotExists_ReturnsFalse" />
    </UnitTest>
    <UnitTest name="SidUtilityIsNTAccountTest" storage="d:\actions-runner\_work\xpco\xpco\corporate\videoos.management.server.unittests\bin\x64\debug\net472\videoos.management.server.unittests.dll" id="aec559e5-2801-1559-2798-dfb8469ce074">
      <Execution id="02cbe875-1b62-4fff-b9ac-8e3b92ab03e8" />
      <TestMethod codeBase="D:\actions-runner\_work\XPCO\XPCO\Corporate\VideoOS.Management.Server.UnitTests\bin\x64\Debug\net472\VideoOS.Management.Server.UnitTests.dll" adapterTypeName="executor://mstestadapter/v2" className="VideoOS.Management.Server.UnitTests.Security.SidUtilsTest" name="SidUtilityIsNTAccountTest" />
    </UnitTest>
    <UnitTest name="QuerySearchTemplateFind_ValidParams" storage="d:\actions-runner\_work\xpco\xpco\corporate\videoos.management.server.unittests\bin\x64\debug\net472\videoos.management.server.unittests.dll" id="9984812f-eb2c-9c02-caff-36ed48ba3a06">
      <Execution id="ae279d91-3b76-40e7-93b3-3448d829d4b9" />
      <TestMethod codeBase="D:\actions-runner\_work\XPCO\XPCO\Corporate\VideoOS.Management.Server.UnitTests\bin\x64\Debug\net472\VideoOS.Management.Server.UnitTests.dll" adapterTypeName="executor://mstestadapter/v2" className="VideoOS.Management.Server.UnitTests.BusinessObjects.ManagementServer.SearchTemplate.SearchTemplateFindTests" name="QuerySearchTemplateFind_ValidParams" />
    </UnitTest>
    <UnitTest name="DataCollectorOnRegisteredServicesManager_Constructor_Success" storage="d:\actions-runner\_work\xpco\xpco\corporate\videoos.management.server.unittests\bin\x64\debug\net472\videoos.management.server.unittests.dll" id="2c904900-dfc3-f2b8-39dd-0bc22a385a47">
      <Execution id="8806a42c-79f8-43d2-b7c6-3aa7c52581bd" />
      <TestMethod codeBase="D:\actions-runner\_work\XPCO\XPCO\Corporate\VideoOS.Management.Server.UnitTests\bin\x64\Debug\net472\VideoOS.Management.Server.UnitTests.dll" adapterTypeName="executor://mstestadapter/v2" className="VideoOS.Management.Server.DataCollectorOnRegisteredServicesManagerTest" name="DataCollectorOnRegisteredServicesManager_Constructor_Success" />
    </UnitTest>
    <UnitTest name="TimeProfile_WhenNoProfileParameter_Error" storage="d:\actions-runner\_work\xpco\xpco\corporate\videoos.management.server.unittests\bin\x64\debug\net472\videoos.management.server.unittests.dll" id="43655046-2888-33a0-726e-c98fc7330b7a">
      <Execution id="b08dbe6d-284a-4288-b22f-e5ec8c7144c3" />
      <TestMethod codeBase="D:\actions-runner\_work\XPCO\XPCO\Corporate\VideoOS.Management.Server.UnitTests\bin\x64\Debug\net472\VideoOS.Management.Server.UnitTests.dll" adapterTypeName="executor://mstestadapter/v2" className="VideoOS.Management.Server.UnitTests.ConfigurationAPI.Rules.Backend.Validation.ConditionWithinTimeProfileValidatorTests" name="TimeProfile_WhenNoProfileParameter_Error" />
    </UnitTest>
    <UnitTest name="Build_WhenActionIsMIPAction_ReturnsRuleModel" storage="d:\actions-runner\_work\xpco\xpco\corporate\videoos.management.server.unittests\bin\x64\debug\net472\videoos.management.server.unittests.dll" id="14521471-c1b1-db63-0fce-a3efe47998bb">
      <Execution id="d9b454a7-7be6-4818-934b-fb23b670a3ed" />
      <TestMethod codeBase="D:\actions-runner\_work\XPCO\XPCO\Corporate\VideoOS.Management.Server.UnitTests\bin\x64\Debug\net472\VideoOS.Management.Server.UnitTests.dll" adapterTypeName="executor://mstestadapter/v2" className="VideoOS.Management.Server.UnitTests.ConfigurationAPI.Rules.Backend.Builders.XmlRuleModelBuilderTests" name="Build_WhenActionIsMIPAction_ReturnsRuleModel" />
    </UnitTest>
    <UnitTest name="GetAllVmsUsers_MethodCalled_CorrectMethodIsCalledOnIdpAdministrationClient" storage="d:\actions-runner\_work\xpco\xpco\corporate\videoos.management.server.unittests\bin\x64\debug\net472\videoos.management.server.unittests.dll" id="1b96a8b2-fb5f-87ce-49f7-0871e1b3ca31">
      <Execution id="3f4bdacf-d32a-4dc4-8afc-410afde7e2dc" />
      <TestMethod codeBase="D:\actions-runner\_work\XPCO\XPCO\Corporate\VideoOS.Management.Server.UnitTests\bin\x64\Debug\net472\VideoOS.Management.Server.UnitTests.dll" adapterTypeName="executor://mstestadapter/v2" className="VideoOS.Management.Server.UnitTests.DataComponents.Idp.UserIdpComponentTests" name="GetAllVmsUsers_MethodCalled_CorrectMethodIsCalledOnIdpAdministrationClient" />
    </UnitTest>
    <UnitTest name="IsComplete_WhenNoStartConditionsProperty_ReturnsFalse" storage="d:\actions-runner\_work\xpco\xpco\corporate\videoos.management.server.unittests\bin\x64\debug\net472\videoos.management.server.unittests.dll" id="340f91bf-91cb-38d6-157c-33e5f65c53c1">
      <Execution id="48e3abb2-3344-416e-b91c-5db30dafba68" />
      <TestMethod codeBase="D:\actions-runner\_work\XPCO\XPCO\Corporate\VideoOS.Management.Server.UnitTests\bin\x64\Debug\net472\VideoOS.Management.Server.UnitTests.dll" adapterTypeName="executor://mstestadapter/v2" className="VideoOS.Management.Server.UnitTests.ConfigurationAPI.Rules.Methods.StartConditionsStepTest" name="IsComplete_WhenNoStartConditionsProperty_ReturnsFalse" />
    </UnitTest>
    <UnitTest name="Build_TimeBetween_WhenTrue_TimeSpanParametersPresent_ConditionIsAdded" storage="d:\actions-runner\_work\xpco\xpco\corporate\videoos.management.server.unittests\bin\x64\debug\net472\videoos.management.server.unittests.dll" id="f6eb602c-855e-2cbb-57c7-9d6411be01c9">
      <Execution id="7d36492d-b058-44a6-9923-7115aaf44bf4" />
      <TestMethod codeBase="D:\actions-runner\_work\XPCO\XPCO\Corporate\VideoOS.Management.Server.UnitTests\bin\x64\Debug\net472\VideoOS.Management.Server.UnitTests.dll" adapterTypeName="executor://mstestadapter/v2" className="VideoOS.Management.Server.UnitTests.ConfigurationAPI.Rules.Builders.RuleModelConditionsBuilderTests" name="Build_TimeBetween_WhenTrue_TimeSpanParametersPresent_ConditionIsAdded" />
    </UnitTest>
    <UnitTest name="CalculateForecastLinearSucces" storage="d:\actions-runner\_work\xpco\xpco\corporate\videoos.management.server.unittests\bin\x64\debug\net472\videoos.management.server.unittests.dll" id="f8a4ee16-b1b6-f502-8e82-764a64ab681d">
      <Execution id="fafe3a68-6e19-4279-9337-0a16b600f000" />
      <TestMethod codeBase="D:\actions-runner\_work\XPCO\XPCO\Corporate\VideoOS.Management.Server.UnitTests\bin\x64\Debug\net472\VideoOS.Management.Server.UnitTests.dll" adapterTypeName="executor://mstestadapter/v2" className="VideoOS.Management.Server.UnitTests.BusinessObjects.RetentionTimeForecastTest" name="CalculateForecastLinearSucces" />
    </UnitTest>
    <UnitTest name="Validate_WhenWrongExpectedType_ReturnsFalse" storage="d:\actions-runner\_work\xpco\xpco\corporate\videoos.management.server.unittests\bin\x64\debug\net472\videoos.management.server.unittests.dll" id="8540fb2c-d677-172f-3214-cc7bcc519b36">
      <Execution id="5d3d0ac3-6635-47b7-b6d0-e72937952aa7" />
      <TestMethod codeBase="D:\actions-runner\_work\XPCO\XPCO\Corporate\VideoOS.Management.Server.UnitTests\bin\x64\Debug\net472\VideoOS.Management.Server.UnitTests.dll" adapterTypeName="executor://mstestadapter/v2" className="VideoOS.Management.Server.UnitTests.ConfigurationAPI.Rules.Backend.Validation.RecordingServerParameterValueValidatorTests" name="Validate_WhenWrongExpectedType_ReturnsFalse" />
    </UnitTest>
    <UnitTest name="Get_UnknownResource_ExceptionNotCaught" storage="d:\actions-runner\_work\xpco\xpco\corporate\videoos.management.server.unittests\bin\x64\debug\net472\videoos.management.server.unittests.dll" id="4c525ac8-5915-a9b0-bff8-11b5e172e7fe">
      <Execution id="b1c86847-97bf-4b56-9ec8-a84be207ef86" />
      <TestMethod codeBase="D:\actions-runner\_work\XPCO\XPCO\Corporate\VideoOS.Management.Server.UnitTests\bin\x64\Debug\net472\VideoOS.Management.Server.UnitTests.dll" adapterTypeName="executor://mstestadapter/v2" className="VideoOS.Management.Server.UnitTests.RestApi.ArrayOfChildItemsControllerTests" name="Get_UnknownResource_ExceptionNotCaught" />
    </UnitTest>
    <UnitTest name="ConstructSqlSelect_SunnyDay_Contains_UnderscoreEscaped" storage="d:\actions-runner\_work\xpco\xpco\corporate\videoos.management.server.unittests\bin\x64\debug\net472\videoos.management.server.unittests.dll" id="8a926079-d37b-d578-0a0a-6089f3763554">
      <Execution id="fadda41f-2f2f-4059-afa1-c6af35115811" />
      <TestMethod codeBase="D:\actions-runner\_work\XPCO\XPCO\Corporate\VideoOS.Management.Server.UnitTests\bin\x64\Debug\net472\VideoOS.Management.Server.UnitTests.dll" adapterTypeName="executor://mstestadapter/v2" className="VideoOS.Management.Server.UnitTests.ConfigurationAPI.Converters.SqlQueryFormatterTests" name="ConstructSqlSelect_SunnyDay_Contains_UnderscoreEscaped" />
    </UnitTest>
    <UnitTest name="EnumerableToString_EscapesAndJoins" storage="d:\actions-runner\_work\xpco\xpco\corporate\videoos.management.server.unittests\bin\x64\debug\net472\videoos.management.server.unittests.dll" id="86e0f813-7436-25ac-ffea-15c2316efefc">
      <Execution id="7b8caa0e-dbf2-4e03-ae27-72f38df681a8" />
      <TestMethod codeBase="D:\actions-runner\_work\XPCO\XPCO\Corporate\VideoOS.Management.Server.UnitTests\bin\x64\Debug\net472\VideoOS.Management.Server.UnitTests.dll" adapterTypeName="executor://mstestadapter/v2" className="VideoOS.Management.Server.UnitTests.ConfigurationAPI.Converters.StringCollectionConverterTests" name="EnumerableToString_EscapesAndJoins" />
    </UnitTest>
    <UnitTest name="Build_TimeBetween_WhenTrue_ParametersPresent_ConditionIsAdded" storage="d:\actions-runner\_work\xpco\xpco\corporate\videoos.management.server.unittests\bin\x64\debug\net472\videoos.management.server.unittests.dll" id="f81805cc-7a04-9fc8-7ac1-843ded90b768">
      <Execution id="292aa20c-be7a-406a-8f30-31ec452215d1" />
      <TestMethod codeBase="D:\actions-runner\_work\XPCO\XPCO\Corporate\VideoOS.Management.Server.UnitTests\bin\x64\Debug\net472\VideoOS.Management.Server.UnitTests.dll" adapterTypeName="executor://mstestadapter/v2" className="VideoOS.Management.Server.UnitTests.ConfigurationAPI.Rules.Builders.RuleModelConditionsBuilderTests" name="Build_TimeBetween_WhenTrue_ParametersPresent_ConditionIsAdded" />
    </UnitTest>
    <UnitTest name="Build_SaveImageAttachments_ReturnsActionModel" storage="d:\actions-runner\_work\xpco\xpco\corporate\videoos.management.server.unittests\bin\x64\debug\net472\videoos.management.server.unittests.dll" id="fd252cbf-fc37-3c52-87e7-7fdabff1bfbc">
      <Execution id="36018e6e-593e-4171-ab34-fa692540ee0e" />
      <TestMethod codeBase="D:\actions-runner\_work\XPCO\XPCO\Corporate\VideoOS.Management.Server.UnitTests\bin\x64\Debug\net472\VideoOS.Management.Server.UnitTests.dll" adapterTypeName="executor://mstestadapter/v2" className="VideoOS.Management.Server.UnitTests.ConfigurationAPI.Rules.Builders.RuleModelActionsBuilderTests" name="Build_SaveImageAttachments_ReturnsActionModel" />
    </UnitTest>
    <UnitTest name="Put_ValidObject_PassedOnToSubController_ReturnsResultCode" storage="d:\actions-runner\_work\xpco\xpco\corporate\videoos.management.server.unittests\bin\x64\debug\net472\videoos.management.server.unittests.dll" id="b29ba278-9afd-8715-6f0f-643b575a7ccb">
      <Execution id="19e1098d-e7e3-4250-84a8-03593c9c324c" />
      <TestMethod codeBase="D:\actions-runner\_work\XPCO\XPCO\Corporate\VideoOS.Management.Server.UnitTests\bin\x64\Debug\net472\VideoOS.Management.Server.UnitTests.dll" adapterTypeName="executor://mstestadapter/v2" className="VideoOS.Management.Server.UnitTests.RestApi.SpecificChildItemControllerTests" name="Put_ValidObject_PassedOnToSubController_ReturnsResultCode" />
    </UnitTest>
    <UnitTest name="IsComplete_WhenNoProperties_ReturnsFalse" storage="d:\actions-runner\_work\xpco\xpco\corporate\videoos.management.server.unittests\bin\x64\debug\net472\videoos.management.server.unittests.dll" id="d649d828-cb09-edc0-e640-5a6a356c7243">
      <Execution id="a3ca5f6b-b883-4121-9f48-aed1bfc184df" />
      <TestMethod codeBase="D:\actions-runner\_work\XPCO\XPCO\Corporate\VideoOS.Management.Server.UnitTests\bin\x64\Debug\net472\VideoOS.Management.Server.UnitTests.dll" adapterTypeName="executor://mstestadapter/v2" className="VideoOS.Management.Server.UnitTests.ConfigurationAPI.Rules.Methods.StopActionsStepTests" name="IsComplete_WhenNoProperties_ReturnsFalse" />
    </UnitTest>
    <UnitTest name="GetNextProperties_WhenRuleTypeIsEvent_EventTypeNotPresent_ReturnsEventTypeProperty" storage="d:\actions-runner\_work\xpco\xpco\corporate\videoos.management.server.unittests\bin\x64\debug\net472\videoos.management.server.unittests.dll" id="17f5eda0-43c1-039d-2878-d23868161956">
      <Execution id="700b3d9a-46e3-4760-9cb8-eb0831f21885" />
      <TestMethod codeBase="D:\actions-runner\_work\XPCO\XPCO\Corporate\VideoOS.Management.Server.UnitTests\bin\x64\Debug\net472\VideoOS.Management.Server.UnitTests.dll" adapterTypeName="executor://mstestadapter/v2" className="VideoOS.Management.Server.UnitTests.ConfigurationAPI.Rules.Methods.StartRuleTypeStepTests" name="GetNextProperties_WhenRuleTypeIsEvent_EventTypeNotPresent_ReturnsEventTypeProperty" />
    </UnitTest>
    <UnitTest name="BuildLicensePlateInfos_Correct" storage="d:\actions-runner\_work\xpco\xpco\corporate\videoos.management.server.unittests\bin\x64\debug\net472\videoos.management.server.unittests.dll" id="5359f2e5-1da8-5039-e8be-f78fcf1a3214">
      <Execution id="b26b8f6e-ac8f-4704-8e61-6f58abba49ba" />
      <TestMethod codeBase="D:\actions-runner\_work\XPCO\XPCO\Corporate\VideoOS.Management.Server.UnitTests\bin\x64\Debug\net472\VideoOS.Management.Server.UnitTests.dll" adapterTypeName="executor://mstestadapter/v2" className="VideoOS.Management.Server.UnitTests.ConfigurationAPI.BusinessObjects.LprMatchiList.LicensePlateItemsBuilderTests" name="BuildLicensePlateInfos_Correct" />
    </UnitTest>
    <UnitTest name="SendCommandSecurityVisitor_UpdateConfigurationManagerCommand_SystemSetting_Delete_NotSupportedException" storage="d:\actions-runner\_work\xpco\xpco\corporate\videoos.management.server.unittests\bin\x64\debug\net472\videoos.management.server.unittests.dll" id="89ea4bb4-62c8-2801-d399-3e41156c874c">
      <Execution id="de894c7c-16b5-48e4-afe4-b7620989a022" />
      <TestMethod codeBase="D:\actions-runner\_work\XPCO\XPCO\Corporate\VideoOS.Management.Server.UnitTests\bin\x64\Debug\net472\VideoOS.Management.Server.UnitTests.dll" adapterTypeName="executor://mstestadapter/v2" className="VideoOS.Management.Server.UnitTests.SendCommandSecurityVisitorTests" name="SendCommandSecurityVisitor_UpdateConfigurationManagerCommand_SystemSetting_Delete_NotSupportedException" />
    </UnitTest>
    <UnitTest name="Validate_SunnyDay" storage="d:\actions-runner\_work\xpco\xpco\corporate\videoos.management.server.unittests\bin\x64\debug\net472\videoos.management.server.unittests.dll" id="a0f43ec4-6686-6df4-90b3-75e3388ac144">
      <Execution id="ab2a3010-5ad2-4049-a768-95f7431fd2f7" />
      <TestMethod codeBase="D:\actions-runner\_work\XPCO\XPCO\Corporate\VideoOS.Management.Server.UnitTests\bin\x64\Debug\net472\VideoOS.Management.Server.UnitTests.dll" adapterTypeName="executor://mstestadapter/v2" className="VideoOS.Management.Server.UnitTests.ConfigurationAPI.BusinessObjects.BasicOwnerInformationConfigurationApiTests" name="Validate_SunnyDay" />
    </UnitTest>
    <UnitTest name="Validate_WhenCustomGuidValidatorReturnsNotAllowedItemType_Error" storage="d:\actions-runner\_work\xpco\xpco\corporate\videoos.management.server.unittests\bin\x64\debug\net472\videoos.management.server.unittests.dll" id="637e10a2-63d3-60e9-c628-f4e3fca869e9">
      <Execution id="1c0b9c04-e85d-4846-9110-31e4bc2b11a6" />
      <TestMethod codeBase="D:\actions-runner\_work\XPCO\XPCO\Corporate\VideoOS.Management.Server.UnitTests\bin\x64\Debug\net472\VideoOS.Management.Server.UnitTests.dll" adapterTypeName="executor://mstestadapter/v2" className="VideoOS.Management.Server.UnitTests.ConfigurationAPI.Rules.Backend.Validation.RuleParametersValidatorTests" name="Validate_WhenCustomGuidValidatorReturnsNotAllowedItemType_Error" />
    </UnitTest>
    <UnitTest name="GetXml_WhenRuleTypeIsWeeklyAndOnce_MatchesXml" storage="d:\actions-runner\_work\xpco\xpco\corporate\videoos.management.server.unittests\bin\x64\debug\net472\videoos.management.server.unittests.dll" id="d95ce340-5d23-1405-0ad8-49d435c54ee5">
      <Execution id="49a7279b-526d-41aa-a29d-2ae4d8c97129" />
      <TestMethod codeBase="D:\actions-runner\_work\XPCO\XPCO\Corporate\VideoOS.Management.Server.UnitTests\bin\x64\Debug\net472\VideoOS.Management.Server.UnitTests.dll" adapterTypeName="executor://mstestadapter/v2" className="VideoOS.Management.Server.UnitTests.ConfigurationAPI.Rules.Backend.Builders.RuleTypeXmlBuilderTests" name="GetXml_WhenRuleTypeIsWeeklyAndOnce_MatchesXml" />
    </UnitTest>
    <UnitTest name="Validate_WhenExpectedTypeIsNull_ReturnFalse" storage="d:\actions-runner\_work\xpco\xpco\corporate\videoos.management.server.unittests\bin\x64\debug\net472\videoos.management.server.unittests.dll" id="4c05564c-9bb8-02c0-a469-c55c86b043f8">
      <Execution id="e631808e-b853-42cc-9be5-3174ba8605c1" />
      <TestMethod codeBase="D:\actions-runner\_work\XPCO\XPCO\Corporate\VideoOS.Management.Server.UnitTests\bin\x64\Debug\net472\VideoOS.Management.Server.UnitTests.dll" adapterTypeName="executor://mstestadapter/v2" className="VideoOS.Management.Server.UnitTests.ConfigurationAPI.Rules.Backend.Validation.VideoWallPresetParameterValueValidatorTests" name="Validate_WhenExpectedTypeIsNull_ReturnFalse" />
    </UnitTest>
    <UnitTest name="Get_Item_Exception_Status_Is_Stopping_Success" storage="d:\actions-runner\_work\xpco\xpco\corporate\videoos.management.server.unittests\bin\x64\debug\net472\videoos.management.server.unittests.dll" id="a6b324ac-00ea-172d-e39b-1b6a97c62ec4">
      <Execution id="0e6add8c-4e31-4260-8bb9-8b5b26222ae0" />
      <TestMethod codeBase="D:\actions-runner\_work\XPCO\XPCO\Corporate\VideoOS.Management.Server.UnitTests\bin\x64\Debug\net472\VideoOS.Management.Server.UnitTests.dll" adapterTypeName="executor://mstestadapter/v2" className="VideoOS.Management.Server.UnitTests.ConfigurationAPI.TaskConfigurationApiTest" name="Get_Item_Exception_Status_Is_Stopping_Success" />
    </UnitTest>
    <UnitTest name="GetCurrentProperties_WhenDaysOfWeekWithoutAnyDayIsSet_ReturnsProperty" storage="d:\actions-runner\_work\xpco\xpco\corporate\videoos.management.server.unittests\bin\x64\debug\net472\videoos.management.server.unittests.dll" id="27be44e9-ea0c-f21e-f68a-57e2b058dc15">
      <Execution id="2d806c5b-abb7-4401-905e-c5cdb18182aa" />
      <TestMethod codeBase="D:\actions-runner\_work\XPCO\XPCO\Corporate\VideoOS.Management.Server.UnitTests\bin\x64\Debug\net472\VideoOS.Management.Server.UnitTests.dll" adapterTypeName="executor://mstestadapter/v2" className="VideoOS.Management.Server.UnitTests.ConfigurationAPI.Rules.Methods.StartConditionsStepTest" name="GetCurrentProperties_WhenDaysOfWeekWithoutAnyDayIsSet_ReturnsProperty" />
    </UnitTest>
    <UnitTest name="Build_WhenIdPropertyDoesNotExist_IdIsGuidEmpty" storage="d:\actions-runner\_work\xpco\xpco\corporate\videoos.management.server.unittests\bin\x64\debug\net472\videoos.management.server.unittests.dll" id="e84227e6-8282-c8b4-0ae8-db3a0430fc86">
      <Execution id="1b5cee89-8bc7-43f7-9f93-f288d5273e87" />
      <TestMethod codeBase="D:\actions-runner\_work\XPCO\XPCO\Corporate\VideoOS.Management.Server.UnitTests\bin\x64\Debug\net472\VideoOS.Management.Server.UnitTests.dll" adapterTypeName="executor://mstestadapter/v2" className="VideoOS.Management.Server.UnitTests.ConfigurationAPI.Rules.Builders.RuleModelBuilderTests" name="Build_WhenIdPropertyDoesNotExist_IdIsGuidEmpty" />
    </UnitTest>
    <UnitTest name="SetItem_ParamNullCheck_ParentPath" storage="d:\actions-runner\_work\xpco\xpco\corporate\videoos.management.server.unittests\bin\x64\debug\net472\videoos.management.server.unittests.dll" id="6d800209-ad8e-8d79-23cf-43de153ea3a7">
      <Execution id="04686861-8b49-4f69-8ed4-c41b3d23946e" />
      <TestMethod codeBase="D:\actions-runner\_work\XPCO\XPCO\Corporate\VideoOS.Management.Server.UnitTests\bin\x64\Debug\net472\VideoOS.Management.Server.UnitTests.dll" adapterTypeName="executor://mstestadapter/v2" className="VideoOS.Management.Server.UnitTests.ConfigurationAPI.BusinessObjects.SearchTemplate.SearchTemplateConfigurationApiTest" name="SetItem_ParamNullCheck_ParentPath" />
    </UnitTest>
    <UnitTest name="TryParseConditions_WhenConditionsHasInvalidChildNodes_ReturnsFalse" storage="d:\actions-runner\_work\xpco\xpco\corporate\videoos.management.server.unittests\bin\x64\debug\net472\videoos.management.server.unittests.dll" id="72240f0a-eeaa-28c0-4513-3c4c965a6b95">
      <Execution id="464b0de8-4acf-49b6-88d5-80218b79ddad" />
      <TestMethod codeBase="D:\actions-runner\_work\XPCO\XPCO\Corporate\VideoOS.Management.Server.UnitTests\bin\x64\Debug\net472\VideoOS.Management.Server.UnitTests.dll" adapterTypeName="executor://mstestadapter/v2" className="VideoOS.Management.Server.UnitTests.ConfigurationAPI.Rules.Backend.Builders.ConditionsParserTests" name="TryParseConditions_WhenConditionsHasInvalidChildNodes_ReturnsFalse" />
    </UnitTest>
    <UnitTest name="ValidateItem_InvalidPathTest" storage="d:\actions-runner\_work\xpco\xpco\corporate\videoos.management.server.unittests\bin\x64\debug\net472\videoos.management.server.unittests.dll" id="c0010909-c696-e87f-4fc3-ac63c74b1864">
      <Execution id="44329ff4-d1e6-4bff-9b90-f2b480c33b86" />
      <TestMethod codeBase="D:\actions-runner\_work\XPCO\XPCO\Corporate\VideoOS.Management.Server.UnitTests\bin\x64\Debug\net472\VideoOS.Management.Server.UnitTests.dll" adapterTypeName="executor://mstestadapter/v2" className="VideoOS.Management.Server.UnitTests.ConfigurationAPI.BusinessObjects.AudioMessage.AudioMessageConfigurationApiTest" name="ValidateItem_InvalidPathTest" />
    </UnitTest>
    <UnitTest name="AsyncRetryExecutionArgumentExceptionNullTypeTest" storage="d:\actions-runner\_work\xpco\xpco\corporate\videoos.management.server.unittests\bin\x64\debug\net472\videoos.management.server.unittests.dll" id="df106bbc-7ef5-4126-0ab2-9dd602af8dc7">
      <Execution id="5d8b5c9d-b853-4a36-96f1-0b3eb3b904fa" />
      <TestMethod codeBase="D:\actions-runner\_work\XPCO\XPCO\Corporate\VideoOS.Management.Server.UnitTests\bin\x64\Debug\net472\VideoOS.Management.Server.UnitTests.dll" adapterTypeName="executor://mstestadapter/v2" className="VideoOS.Management.Server.UnitTests.BusinessObjects.AsyncRetryExecutionTest" name="AsyncRetryExecutionArgumentExceptionNullTypeTest" />
    </UnitTest>
    <UnitTest name="Validate_WhenNotAllParametersPresent_Error" storage="d:\actions-runner\_work\xpco\xpco\corporate\videoos.management.server.unittests\bin\x64\debug\net472\videoos.management.server.unittests.dll" id="b383ffcb-3275-b5c2-19cd-d17709f18aee">
      <Execution id="6586335c-55b8-40ca-92d5-f132fd3fd035" />
      <TestMethod codeBase="D:\actions-runner\_work\XPCO\XPCO\Corporate\VideoOS.Management.Server.UnitTests\bin\x64\Debug\net472\VideoOS.Management.Server.UnitTests.dll" adapterTypeName="executor://mstestadapter/v2" className="VideoOS.Management.Server.UnitTests.ConfigurationAPI.Rules.Backend.Validation.RuleParametersValidatorTests" name="Validate_WhenNotAllParametersPresent_Error" />
    </UnitTest>
    <UnitTest name="Validate_WhenSubdayTypeRecurring_SubdayStartTimeIsExactly24Hours_ReturnsError" storage="d:\actions-runner\_work\xpco\xpco\corporate\videoos.management.server.unittests\bin\x64\debug\net472\videoos.management.server.unittests.dll" id="74c8a4d3-b435-cd40-11ce-0fcdaf28f5d3">
      <Execution id="35338a28-7bf1-4315-9ab4-b7ccaf79c185" />
      <TestMethod codeBase="D:\actions-runner\_work\XPCO\XPCO\Corporate\VideoOS.Management.Server.UnitTests\bin\x64\Debug\net472\VideoOS.Management.Server.UnitTests.dll" adapterTypeName="executor://mstestadapter/v2" className="VideoOS.Management.Server.UnitTests.ConfigurationAPI.Rules.Backend.Validation.RecurringTimeValidatorTests" name="Validate_WhenSubdayTypeRecurring_SubdayStartTimeIsExactly24Hours_ReturnsError" />
    </UnitTest>
    <UnitTest name="RoleMappingRemoveFromRoleAdmin" storage="d:\actions-runner\_work\xpco\xpco\corporate\videoos.management.server.unittests\bin\x64\debug\net472\videoos.management.server.unittests.dll" id="8d5a53e6-d4ed-d344-487a-380e7c425c84">
      <Execution id="c6ba8a00-a302-4ab9-ab03-2ffc65368c39" />
      <TestMethod codeBase="D:\actions-runner\_work\XPCO\XPCO\Corporate\VideoOS.Management.Server.UnitTests\bin\x64\Debug\net472\VideoOS.Management.Server.UnitTests.dll" adapterTypeName="executor://mstestadapter/v2" className="VideoOS.Management.Server.UnitTests.ClaimToRoleMapperTest" name="RoleMappingRemoveFromRoleAdmin" />
    </UnitTest>
    <UnitTest name="CasingTest" storage="d:\actions-runner\_work\xpco\xpco\corporate\videoos.management.server.unittests\bin\x64\debug\net472\videoos.management.server.unittests.dll" id="44174fd8-cf51-a84b-dc98-5420f8b75124">
      <Execution id="2c147bb5-13f4-46ec-9592-d1d8fcbc6e99" />
      <TestMethod codeBase="D:\actions-runner\_work\XPCO\XPCO\Corporate\VideoOS.Management.Server.UnitTests\bin\x64\Debug\net472\VideoOS.Management.Server.UnitTests.dll" adapterTypeName="executor://mstestadapter/v2" className="VideoOS.Management.Server.UnitTests.RestApi.NameConvertTests" name="CasingTest" />
    </UnitTest>
    <UnitTest name="GetXml_WhenRuleTypeIsMonthlyRelativeAndRecurring_MatchesXml" storage="d:\actions-runner\_work\xpco\xpco\corporate\videoos.management.server.unittests\bin\x64\debug\net472\videoos.management.server.unittests.dll" id="7b04c9ee-ecdb-b3dc-f6a6-701e9e9ebc3e">
      <Execution id="0f3972b3-d381-432f-a423-d4ac61953588" />
      <TestMethod codeBase="D:\actions-runner\_work\XPCO\XPCO\Corporate\VideoOS.Management.Server.UnitTests\bin\x64\Debug\net472\VideoOS.Management.Server.UnitTests.dll" adapterTypeName="executor://mstestadapter/v2" className="VideoOS.Management.Server.UnitTests.ConfigurationAPI.Rules.Backend.Builders.RuleTypeXmlBuilderTests" name="GetXml_WhenRuleTypeIsMonthlyRelativeAndRecurring_MatchesXml" />
    </UnitTest>
    <UnitTest name="Validate_WhenWrongKind_ReturnsFalse" storage="d:\actions-runner\_work\xpco\xpco\corporate\videoos.management.server.unittests\bin\x64\debug\net472\videoos.management.server.unittests.dll" id="a928dd26-ed19-e5f5-5960-a3fe17e5d3d6">
      <Execution id="c5da8321-1421-4c47-9e38-c90e87af5504" />
      <TestMethod codeBase="D:\actions-runner\_work\XPCO\XPCO\Corporate\VideoOS.Management.Server.UnitTests\bin\x64\Debug\net472\VideoOS.Management.Server.UnitTests.dll" adapterTypeName="executor://mstestadapter/v2" className="VideoOS.Management.Server.UnitTests.ConfigurationAPI.Rules.Backend.Validation.ValueValidators.DeviceGroupParameterValueValidatorTests" name="Validate_WhenWrongKind_ReturnsFalse" />
    </UnitTest>
    <UnitTest name="ConstructSqlSelect_SunnyDay_NameWithCurlyBrackets" storage="d:\actions-runner\_work\xpco\xpco\corporate\videoos.management.server.unittests\bin\x64\debug\net472\videoos.management.server.unittests.dll" id="800a181e-12a9-897c-fb47-79bd9d412209">
      <Execution id="36c95c6f-db54-45fb-9323-d83bc11f33f0" />
      <TestMethod codeBase="D:\actions-runner\_work\XPCO\XPCO\Corporate\VideoOS.Management.Server.UnitTests\bin\x64\Debug\net472\VideoOS.Management.Server.UnitTests.dll" adapterTypeName="executor://mstestadapter/v2" className="VideoOS.Management.Server.UnitTests.ConfigurationAPI.Converters.SqlQueryFormatterTests" name="ConstructSqlSelect_SunnyDay_NameWithCurlyBrackets" />
    </UnitTest>
    <UnitTest name="CustomSettingLegacyEncryptionHelper_LegacyEncrypt" storage="d:\actions-runner\_work\xpco\xpco\corporate\videoos.management.server.unittests\bin\x64\debug\net472\videoos.management.server.unittests.dll" id="acd3edb8-dcbe-84e1-49af-12fa96c28ec7">
      <Execution id="2370a58d-2526-4438-b0bb-bd3be7534d13" />
      <TestMethod codeBase="D:\actions-runner\_work\XPCO\XPCO\Corporate\VideoOS.Management.Server.UnitTests\bin\x64\Debug\net472\VideoOS.Management.Server.UnitTests.dll" adapterTypeName="executor://mstestadapter/v2" className="VideoOS.Management.Server.UnitTests.BusinessObjects.ManagementServer.ClientProfile.CustomSettingLegacyEncryptionHelperTest" name="CustomSettingLegacyEncryptionHelper_LegacyEncrypt" />
    </UnitTest>
    <UnitTest name="GetItemType_WhenValidMonitor_ReturnsMonitor" storage="d:\actions-runner\_work\xpco\xpco\corporate\videoos.management.server.unittests\bin\x64\debug\net472\videoos.management.server.unittests.dll" id="a232bbd4-0c6f-f030-dfe1-0861fb40d9ef">
      <Execution id="393f357c-cda7-4352-800c-8374d920b86c" />
      <TestMethod codeBase="D:\actions-runner\_work\XPCO\XPCO\Corporate\VideoOS.Management.Server.UnitTests\bin\x64\Debug\net472\VideoOS.Management.Server.UnitTests.dll" adapterTypeName="executor://mstestadapter/v2" className="VideoOS.Management.Server.UnitTests.ConfigurationAPI.Rules.Backend.Validation.MonitorParameterValueValidatorTests" name="GetItemType_WhenValidMonitor_ReturnsMonitor" />
    </UnitTest>
    <UnitTest name="GetResponsesSecurityVisitor_RecorderStatusResponse_FilterInfoItems" storage="d:\actions-runner\_work\xpco\xpco\corporate\videoos.management.server.unittests\bin\x64\debug\net472\videoos.management.server.unittests.dll" id="32c3fc6b-54aa-c204-0eed-9282cf35986b">
      <Execution id="e1c27597-f1fa-4db9-a14e-8572839cbaf7" />
      <TestMethod codeBase="D:\actions-runner\_work\XPCO\XPCO\Corporate\VideoOS.Management.Server.UnitTests\bin\x64\Debug\net472\VideoOS.Management.Server.UnitTests.dll" adapterTypeName="executor://mstestadapter/v2" className="VideoOS.Management.Server.UnitTests.GetResponsesSecurityVisitorTests" name="GetResponsesSecurityVisitor_RecorderStatusResponse_FilterInfoItems" />
    </UnitTest>
    <UnitTest name="GetNextProperties_WhenDaysOfWeekIsSetButNotDays_ReturnsProperties" storage="d:\actions-runner\_work\xpco\xpco\corporate\videoos.management.server.unittests\bin\x64\debug\net472\videoos.management.server.unittests.dll" id="69bf8980-5562-981d-cbe5-0f4730ae0347">
      <Execution id="0d9d813b-c199-4da5-ae7d-5bbd2c28edcb" />
      <TestMethod codeBase="D:\actions-runner\_work\XPCO\XPCO\Corporate\VideoOS.Management.Server.UnitTests\bin\x64\Debug\net472\VideoOS.Management.Server.UnitTests.dll" adapterTypeName="executor://mstestadapter/v2" className="VideoOS.Management.Server.UnitTests.ConfigurationAPI.Rules.Methods.StartConditionsStepTest" name="GetNextProperties_WhenDaysOfWeekIsSetButNotDays_ReturnsProperties" />
    </UnitTest>
    <UnitTest name="SetItem_ParamNullCheck_RequestContextTest" storage="d:\actions-runner\_work\xpco\xpco\corporate\videoos.management.server.unittests\bin\x64\debug\net472\videoos.management.server.unittests.dll" id="92563014-b897-d190-c427-e0d3ab3e9dd1">
      <Execution id="13eb7634-0dc6-4156-981f-c81263737108" />
      <TestMethod codeBase="D:\actions-runner\_work\XPCO\XPCO\Corporate\VideoOS.Management.Server.UnitTests\bin\x64\Debug\net472\VideoOS.Management.Server.UnitTests.dll" adapterTypeName="executor://mstestadapter/v2" className="VideoOS.Management.Server.UnitTests.ConfigurationAPI.BusinessObjects.SiteConfigurationApiTest" name="SetItem_ParamNullCheck_RequestContextTest" />
    </UnitTest>
    <UnitTest name="Validate_WhenMonthlyFrequency_NonIntegerValueInDayParameter_ReturnsError" storage="d:\actions-runner\_work\xpco\xpco\corporate\videoos.management.server.unittests\bin\x64\debug\net472\videoos.management.server.unittests.dll" id="53eed585-c66c-d3af-1317-bc94c6f1d004">
      <Execution id="d873e596-df98-4585-b568-0ea63e64dc5d" />
      <TestMethod codeBase="D:\actions-runner\_work\XPCO\XPCO\Corporate\VideoOS.Management.Server.UnitTests\bin\x64\Debug\net472\VideoOS.Management.Server.UnitTests.dll" adapterTypeName="executor://mstestadapter/v2" className="VideoOS.Management.Server.UnitTests.ConfigurationAPI.Rules.Backend.Validation.RecurringTimeValidatorTests" name="Validate_WhenMonthlyFrequency_NonIntegerValueInDayParameter_ReturnsError" />
    </UnitTest>
    <UnitTest name="InvokeMethod_ParamNullCheck_Path" storage="d:\actions-runner\_work\xpco\xpco\corporate\videoos.management.server.unittests\bin\x64\debug\net472\videoos.management.server.unittests.dll" id="84d1aa2e-3e05-1d3e-fd3b-6269f59f8560">
      <Execution id="eb456971-83ea-4202-8231-5e045dc0ac59" />
      <TestMethod codeBase="D:\actions-runner\_work\XPCO\XPCO\Corporate\VideoOS.Management.Server.UnitTests\bin\x64\Debug\net472\VideoOS.Management.Server.UnitTests.dll" adapterTypeName="executor://mstestadapter/v2" className="VideoOS.Management.Server.UnitTests.ConfigurationAPI.BusinessObjects.SearchTemplate.SearchTemplateConfigurationApiTest" name="InvokeMethod_ParamNullCheck_Path" />
    </UnitTest>
    <UnitTest name="ValidateItem_WhenPropertyValueIsInvalid_ValidPropertyNotSet_ReturnsInputProperty" storage="d:\actions-runner\_work\xpco\xpco\corporate\videoos.management.server.unittests\bin\x64\debug\net472\videoos.management.server.unittests.dll" id="15b20d94-07d8-0fd2-476a-f3c0c376ba55">
      <Execution id="dce2fc3c-50a6-43a3-a67a-1268ecef5809" />
      <TestMethod codeBase="D:\actions-runner\_work\XPCO\XPCO\Corporate\VideoOS.Management.Server.UnitTests\bin\x64\Debug\net472\VideoOS.Management.Server.UnitTests.dll" adapterTypeName="executor://mstestadapter/v2" className="VideoOS.Management.Server.UnitTests.ConfigurationAPI.Rules.ConfigurationApiServiceTests" name="ValidateItem_WhenPropertyValueIsInvalid_ValidPropertyNotSet_ReturnsInputProperty" />
    </UnitTest>
    <UnitTest name="InvokeMethod_RemoveSearchTemplateInvokeInfo" storage="d:\actions-runner\_work\xpco\xpco\corporate\videoos.management.server.unittests\bin\x64\debug\net472\videoos.management.server.unittests.dll" id="65f5205b-aa2a-31f4-4f08-282212fe54c3">
      <Execution id="f1767529-8b72-4d50-8623-0bbf9311edea" />
      <TestMethod codeBase="D:\actions-runner\_work\XPCO\XPCO\Corporate\VideoOS.Management.Server.UnitTests\bin\x64\Debug\net472\VideoOS.Management.Server.UnitTests.dll" adapterTypeName="executor://mstestadapter/v2" className="VideoOS.Management.Server.UnitTests.ConfigurationAPI.BusinessObjects.SearchTemplate.SearchTemplateConfigurationApiTest" name="InvokeMethod_RemoveSearchTemplateInvokeInfo" />
    </UnitTest>
    <UnitTest name="IsComplete_WhenWithinTimeProfileWithEmptyProfilePropertiesSet_ReturnsFalse" storage="d:\actions-runner\_work\xpco\xpco\corporate\videoos.management.server.unittests\bin\x64\debug\net472\videoos.management.server.unittests.dll" id="37e1026d-d79c-c25c-b7f4-cc6e74166ce7">
      <Execution id="92fff45c-a6c7-47a8-b6f2-06282e4c6bde" />
      <TestMethod codeBase="D:\actions-runner\_work\XPCO\XPCO\Corporate\VideoOS.Management.Server.UnitTests\bin\x64\Debug\net472\VideoOS.Management.Server.UnitTests.dll" adapterTypeName="executor://mstestadapter/v2" className="VideoOS.Management.Server.UnitTests.ConfigurationAPI.Rules.Methods.StartConditionsStepTest" name="IsComplete_WhenWithinTimeProfileWithEmptyProfilePropertiesSet_ReturnsFalse" />
    </UnitTest>
    <UnitTest name="GetChildItems_ParamNullCheck_PathTest" storage="d:\actions-runner\_work\xpco\xpco\corporate\videoos.management.server.unittests\bin\x64\debug\net472\videoos.management.server.unittests.dll" id="29521c16-b555-d9d6-97db-3f676a829642">
      <Execution id="e86f9c4f-a0ea-40db-827b-a06282a5e8c3" />
      <TestMethod codeBase="D:\actions-runner\_work\XPCO\XPCO\Corporate\VideoOS.Management.Server.UnitTests\bin\x64\Debug\net472\VideoOS.Management.Server.UnitTests.dll" adapterTypeName="executor://mstestadapter/v2" className="VideoOS.Management.Server.UnitTests.ConfigurationAPI.BusinessObjects.SiteConfigurationApiTest" name="GetChildItems_ParamNullCheck_PathTest" />
    </UnitTest>
    <UnitTest name="InvokeMethod_SetAudioFileContent_InvalidContentTest" storage="d:\actions-runner\_work\xpco\xpco\corporate\videoos.management.server.unittests\bin\x64\debug\net472\videoos.management.server.unittests.dll" id="073cc958-4944-c37e-14df-977d53860fba">
      <Execution id="d7834760-aa8d-41d7-8571-ea103d19e98b" />
      <TestMethod codeBase="D:\actions-runner\_work\XPCO\XPCO\Corporate\VideoOS.Management.Server.UnitTests\bin\x64\Debug\net472\VideoOS.Management.Server.UnitTests.dll" adapterTypeName="executor://mstestadapter/v2" className="VideoOS.Management.Server.UnitTests.ConfigurationAPI.BusinessObjects.AudioMessage.AudioMessageConfigurationApiTest" name="InvokeMethod_SetAudioFileContent_InvalidContentTest" />
    </UnitTest>
    <UnitTest name="GetXml_WhenConditionIsWithinWindow_MatchesXml" storage="d:\actions-runner\_work\xpco\xpco\corporate\videoos.management.server.unittests\bin\x64\debug\net472\videoos.management.server.unittests.dll" id="9cb71a2c-3471-5c7c-a493-c87d4dbf9e13">
      <Execution id="10065483-53f3-4e08-b656-60f6c82edc1a" />
      <TestMethod codeBase="D:\actions-runner\_work\XPCO\XPCO\Corporate\VideoOS.Management.Server.UnitTests\bin\x64\Debug\net472\VideoOS.Management.Server.UnitTests.dll" adapterTypeName="executor://mstestadapter/v2" className="VideoOS.Management.Server.UnitTests.ConfigurationAPI.Rules.Backend.Builders.ConditionXmlBuilderTests" name="GetXml_WhenConditionIsWithinWindow_MatchesXml" />
    </UnitTest>
    <UnitTest name="TryParseRuleType_SubDay_WhenRecurring_ReturnsTrue" storage="d:\actions-runner\_work\xpco\xpco\corporate\videoos.management.server.unittests\bin\x64\debug\net472\videoos.management.server.unittests.dll" id="b126bcbc-ca7c-1806-e8b1-9dd33cfb2b77">
      <Execution id="e01f4ea8-eb02-49d5-8115-35006eb32881" />
      <TestMethod codeBase="D:\actions-runner\_work\XPCO\XPCO\Corporate\VideoOS.Management.Server.UnitTests\bin\x64\Debug\net472\VideoOS.Management.Server.UnitTests.dll" adapterTypeName="executor://mstestadapter/v2" className="VideoOS.Management.Server.UnitTests.ConfigurationAPI.Rules.Backend.Builders.RuleTypeParserRecurringTimeTests" name="TryParseRuleType_SubDay_WhenRecurring_ReturnsTrue" />
    </UnitTest>
    <UnitTest name="ConfigurationItemPathBuilder_Create_RootPath_Succes" storage="d:\actions-runner\_work\xpco\xpco\corporate\videoos.management.server.unittests\bin\x64\debug\net472\videoos.management.server.unittests.dll" id="b4e15b1f-6786-4199-ac01-42e0d176ca11">
      <Execution id="16ae50e2-569f-4439-ae4c-dab23d566f21" />
      <TestMethod codeBase="D:\actions-runner\_work\XPCO\XPCO\Corporate\VideoOS.Management.Server.UnitTests\bin\x64\Debug\net472\VideoOS.Management.Server.UnitTests.dll" adapterTypeName="executor://mstestadapter/v2" className="VideoOS.Management.Server.UnitTests.ConfigurationAPI.ConfigurationItemPathBuilderTests" name="ConfigurationItemPathBuilder_Create_RootPath_Succes" />
    </UnitTest>
    <UnitTest name="LookupChildItemTypes_GetChildItemsOfAConfigurationItem" storage="d:\actions-runner\_work\xpco\xpco\corporate\videoos.management.server.unittests\bin\x64\debug\net472\videoos.management.server.unittests.dll" id="c8ad4832-c53e-daec-e5b9-b133511afd27">
      <Execution id="c312a7f5-609f-4816-8f61-c61aa3fa70a0" />
      <TestMethod codeBase="D:\actions-runner\_work\XPCO\XPCO\Corporate\VideoOS.Management.Server.UnitTests\bin\x64\Debug\net472\VideoOS.Management.Server.UnitTests.dll" adapterTypeName="executor://mstestadapter/v2" className="VideoOS.Management.Server.UnitTests.RestApi.ConfigurationApiSubControllerTests" name="LookupChildItemTypes_GetChildItemsOfAConfigurationItem" />
    </UnitTest>
    <UnitTest name="IsComplete_WhenTimeIntervalRule_NoConditionIsSetToTrue_ReturnsFalse" storage="d:\actions-runner\_work\xpco\xpco\corporate\videoos.management.server.unittests\bin\x64\debug\net472\videoos.management.server.unittests.dll" id="55b9f423-58f3-b8e9-3169-17bad931ff5c">
      <Execution id="820cb891-5883-40d7-b49b-6b2f9166d492" />
      <TestMethod codeBase="D:\actions-runner\_work\XPCO\XPCO\Corporate\VideoOS.Management.Server.UnitTests\bin\x64\Debug\net472\VideoOS.Management.Server.UnitTests.dll" adapterTypeName="executor://mstestadapter/v2" className="VideoOS.Management.Server.UnitTests.ConfigurationAPI.Rules.Methods.StartConditionsStepTest" name="IsComplete_WhenTimeIntervalRule_NoConditionIsSetToTrue_ReturnsFalse" />
    </UnitTest>
    <UnitTest name="GetCurrentProperties_WhenRecurring_FrequencyTypeSet_ReturnsStartRuleTypeAndFrequencyTypeProperties" storage="d:\actions-runner\_work\xpco\xpco\corporate\videoos.management.server.unittests\bin\x64\debug\net472\videoos.management.server.unittests.dll" id="4c580ac1-5903-bb47-9472-ff3a0b345291">
      <Execution id="6daf4404-025c-4247-849c-e406a4a411d0" />
      <TestMethod codeBase="D:\actions-runner\_work\XPCO\XPCO\Corporate\VideoOS.Management.Server.UnitTests\bin\x64\Debug\net472\VideoOS.Management.Server.UnitTests.dll" adapterTypeName="executor://mstestadapter/v2" className="VideoOS.Management.Server.UnitTests.ConfigurationAPI.Rules.Methods.StartRuleTypeStepTests" name="GetCurrentProperties_WhenRecurring_FrequencyTypeSet_ReturnsStartRuleTypeAndFrequencyTypeProperties" />
    </UnitTest>
    <UnitTest name="RoleMappingAddToRole1UsingLastModified" storage="d:\actions-runner\_work\xpco\xpco\corporate\videoos.management.server.unittests\bin\x64\debug\net472\videoos.management.server.unittests.dll" id="02545857-20f6-efdc-76b7-b9211256cd9f">
      <Execution id="3dad954d-1915-4c24-a6ec-6a4f70dcc7fd" />
      <TestMethod codeBase="D:\actions-runner\_work\XPCO\XPCO\Corporate\VideoOS.Management.Server.UnitTests\bin\x64\Debug\net472\VideoOS.Management.Server.UnitTests.dll" adapterTypeName="executor://mstestadapter/v2" className="VideoOS.Management.Server.UnitTests.ClaimToRoleMapperTest" name="RoleMappingAddToRole1UsingLastModified" />
    </UnitTest>
    <UnitTest name="Validate_WhenWeekly_FrequencyIsAbove100_ReturnsError" storage="d:\actions-runner\_work\xpco\xpco\corporate\videoos.management.server.unittests\bin\x64\debug\net472\videoos.management.server.unittests.dll" id="4367249e-b753-0719-58e1-a366c6908009">
      <Execution id="38fa7380-705b-4973-b1ae-d1f74937beb4" />
      <TestMethod codeBase="D:\actions-runner\_work\XPCO\XPCO\Corporate\VideoOS.Management.Server.UnitTests\bin\x64\Debug\net472\VideoOS.Management.Server.UnitTests.dll" adapterTypeName="executor://mstestadapter/v2" className="VideoOS.Management.Server.UnitTests.ConfigurationAPI.Rules.Backend.Validation.RecurringTimeValidatorTests" name="Validate_WhenWeekly_FrequencyIsAbove100_ReturnsError" />
    </UnitTest>
    <UnitTest name="GetXml_WhenConditionIsOutsideTimeProfile_MatchesXml" storage="d:\actions-runner\_work\xpco\xpco\corporate\videoos.management.server.unittests\bin\x64\debug\net472\videoos.management.server.unittests.dll" id="f6aecffb-1eec-b3f0-ac11-f8bbd0c05dc4">
      <Execution id="9d7889c6-1742-4265-887c-3c84e92f8586" />
      <TestMethod codeBase="D:\actions-runner\_work\XPCO\XPCO\Corporate\VideoOS.Management.Server.UnitTests\bin\x64\Debug\net472\VideoOS.Management.Server.UnitTests.dll" adapterTypeName="executor://mstestadapter/v2" className="VideoOS.Management.Server.UnitTests.ConfigurationAPI.Rules.Backend.Builders.ConditionXmlBuilderTests" name="GetXml_WhenConditionIsOutsideTimeProfile_MatchesXml" />
    </UnitTest>
    <UnitTest name="IsComplete_WhenNoBasicProperty_ReturnsFalse" storage="d:\actions-runner\_work\xpco\xpco\corporate\videoos.management.server.unittests\bin\x64\debug\net472\videoos.management.server.unittests.dll" id="98635ce7-ddab-713a-ad80-cb571548b39e">
      <Execution id="a4bc6212-15e1-4afa-8c2f-410759e4e872" />
      <TestMethod codeBase="D:\actions-runner\_work\XPCO\XPCO\Corporate\VideoOS.Management.Server.UnitTests\bin\x64\Debug\net472\VideoOS.Management.Server.UnitTests.dll" adapterTypeName="executor://mstestadapter/v2" className="VideoOS.Management.Server.UnitTests.ConfigurationAPI.Rules.Methods.BasicInfoStepTests" name="IsComplete_WhenNoBasicProperty_ReturnsFalse" />
    </UnitTest>
    <UnitTest name="ValidateItem_PerformsModelValidation" storage="d:\actions-runner\_work\xpco\xpco\corporate\videoos.management.server.unittests\bin\x64\debug\net472\videoos.management.server.unittests.dll" id="1fc88549-562c-1205-5e46-b389defdb579">
      <Execution id="292da839-24ae-42cd-925b-607417afca06" />
      <TestMethod codeBase="D:\actions-runner\_work\XPCO\XPCO\Corporate\VideoOS.Management.Server.UnitTests\bin\x64\Debug\net472\VideoOS.Management.Server.UnitTests.dll" adapterTypeName="executor://mstestadapter/v2" className="VideoOS.Management.Server.UnitTests.ConfigurationAPI.Rules.ConfigurationApiServiceTests" name="ValidateItem_PerformsModelValidation" />
    </UnitTest>
    <UnitTest name="Build_WhenActionIsVideoWallSetToCameras_ReturnsRuleModel" storage="d:\actions-runner\_work\xpco\xpco\corporate\videoos.management.server.unittests\bin\x64\debug\net472\videoos.management.server.unittests.dll" id="9acd0353-3fae-f8d4-33dd-3ee3ad210a00">
      <Execution id="222280f4-3655-4f20-81b1-f84a3fa1fc2c" />
      <TestMethod codeBase="D:\actions-runner\_work\XPCO\XPCO\Corporate\VideoOS.Management.Server.UnitTests\bin\x64\Debug\net472\VideoOS.Management.Server.UnitTests.dll" adapterTypeName="executor://mstestadapter/v2" className="VideoOS.Management.Server.UnitTests.ConfigurationAPI.Rules.Backend.Builders.XmlRuleModelBuilderTests" name="Build_WhenActionIsVideoWallSetToCameras_ReturnsRuleModel" />
    </UnitTest>
    <UnitTest name="GetXml_WhenRuleTypeIsWeeklyAndRecurring_MatchesXml" storage="d:\actions-runner\_work\xpco\xpco\corporate\videoos.management.server.unittests\bin\x64\debug\net472\videoos.management.server.unittests.dll" id="6e31a924-6b96-a3b7-8948-9affa95c1268">
      <Execution id="2a55ae22-6e9a-4ac7-8137-e6262cbbaecd" />
      <TestMethod codeBase="D:\actions-runner\_work\XPCO\XPCO\Corporate\VideoOS.Management.Server.UnitTests\bin\x64\Debug\net472\VideoOS.Management.Server.UnitTests.dll" adapterTypeName="executor://mstestadapter/v2" className="VideoOS.Management.Server.UnitTests.ConfigurationAPI.Rules.Backend.Builders.RuleTypeXmlBuilderTests" name="GetXml_WhenRuleTypeIsWeeklyAndRecurring_MatchesXml" />
    </UnitTest>
    <UnitTest name="Validate_WhenExpectedTypeIsNull_ReturnFalse" storage="d:\actions-runner\_work\xpco\xpco\corporate\videoos.management.server.unittests\bin\x64\debug\net472\videoos.management.server.unittests.dll" id="39c1e379-1467-80f8-b749-61e3db464acf">
      <Execution id="256c7bda-c57f-49dc-b50f-172939d28239" />
      <TestMethod codeBase="D:\actions-runner\_work\XPCO\XPCO\Corporate\VideoOS.Management.Server.UnitTests\bin\x64\Debug\net472\VideoOS.Management.Server.UnitTests.dll" adapterTypeName="executor://mstestadapter/v2" className="VideoOS.Management.Server.UnitTests.ConfigurationAPI.Rules.Backend.Validation.HardwareParameterValueValidatorTests" name="Validate_WhenExpectedTypeIsNull_ReturnFalse" />
    </UnitTest>
    <UnitTest name="ValidateItem_ParamNullCheck_PathTest" storage="d:\actions-runner\_work\xpco\xpco\corporate\videoos.management.server.unittests\bin\x64\debug\net472\videoos.management.server.unittests.dll" id="83d5f5de-85c7-0c92-5d55-866e79833e62">
      <Execution id="89dcdf10-7db7-425d-839c-5dc9df6d4aa9" />
      <TestMethod codeBase="D:\actions-runner\_work\XPCO\XPCO\Corporate\VideoOS.Management.Server.UnitTests\bin\x64\Debug\net472\VideoOS.Management.Server.UnitTests.dll" adapterTypeName="executor://mstestadapter/v2" className="VideoOS.Management.Server.UnitTests.ConfigurationAPI.BusinessObjects.CustomProperties.CustomPropertiesConfigurationApiTest" name="ValidateItem_ParamNullCheck_PathTest" />
    </UnitTest>
    <UnitTest name="SendCommandSecurityVisitor_UpdateSecurityManagerCommand_TimeProfileDefaultRoleRelation_Edit_Allowed" storage="d:\actions-runner\_work\xpco\xpco\corporate\videoos.management.server.unittests\bin\x64\debug\net472\videoos.management.server.unittests.dll" id="115875f0-9c4c-4b5f-5b9b-21f62be2aceb">
      <Execution id="15c67890-5dba-451f-885b-53307996050d" />
      <TestMethod codeBase="D:\actions-runner\_work\XPCO\XPCO\Corporate\VideoOS.Management.Server.UnitTests\bin\x64\Debug\net472\VideoOS.Management.Server.UnitTests.dll" adapterTypeName="executor://mstestadapter/v2" className="VideoOS.Management.Server.UnitTests.SendCommandSecurityVisitorTests" name="SendCommandSecurityVisitor_UpdateSecurityManagerCommand_TimeProfileDefaultRoleRelation_Edit_Allowed" />
    </UnitTest>
    <UnitTest name="DataCollectorRegisteredServicesResolver_DoResolve_Resolve_Service" storage="d:\actions-runner\_work\xpco\xpco\corporate\videoos.management.server.unittests\bin\x64\debug\net472\videoos.management.server.unittests.dll" id="678d9e33-cd13-fd62-2a53-c0145e167fde">
      <Execution id="eae57ad8-ed18-49a2-b318-1e26f0da9f3c" />
      <TestMethod codeBase="D:\actions-runner\_work\XPCO\XPCO\Corporate\VideoOS.Management.Server.UnitTests\bin\x64\Debug\net472\VideoOS.Management.Server.UnitTests.dll" adapterTypeName="executor://mstestadapter/v2" className="VideoOS.Management.Server.DataCollectorRegisteredServicesResolverTest" name="DataCollectorRegisteredServicesResolver_DoResolve_Resolve_Service" />
    </UnitTest>
    <UnitTest name="GetXml_WhenStopSetFramerate_MatchesXml" storage="d:\actions-runner\_work\xpco\xpco\corporate\videoos.management.server.unittests\bin\x64\debug\net472\videoos.management.server.unittests.dll" id="002161ac-18e5-0c10-0ba3-07d026537c18">
      <Execution id="9558692c-6b46-4904-92f4-7ed6543f75ec" />
      <TestMethod codeBase="D:\actions-runner\_work\XPCO\XPCO\Corporate\VideoOS.Management.Server.UnitTests\bin\x64\Debug\net472\VideoOS.Management.Server.UnitTests.dll" adapterTypeName="executor://mstestadapter/v2" className="VideoOS.Management.Server.UnitTests.ConfigurationAPI.Rules.Backend.Builders.ActionXmlBuilderTests" name="GetXml_WhenStopSetFramerate_MatchesXml" />
    </UnitTest>
    <UnitTest name="Validate_WhenObjectExists_ReturnsTrue" storage="d:\actions-runner\_work\xpco\xpco\corporate\videoos.management.server.unittests\bin\x64\debug\net472\videoos.management.server.unittests.dll" id="66240974-01e6-b119-7ccd-feabf8c81110">
      <Execution id="5621aea4-ba94-4ae8-91ea-3605e5bb30c0" />
      <TestMethod codeBase="D:\actions-runner\_work\XPCO\XPCO\Corporate\VideoOS.Management.Server.UnitTests\bin\x64\Debug\net472\VideoOS.Management.Server.UnitTests.dll" adapterTypeName="executor://mstestadapter/v2" className="VideoOS.Management.Server.UnitTests.ConfigurationAPI.Rules.Backend.Validation.ArchiveParameterValueValidatorTests" name="Validate_WhenObjectExists_ReturnsTrue" />
    </UnitTest>
    <UnitTest name="Validation_MotionDetectionHardwareAccelerationAndDetectionMethod_OneValueIsNull_Success" storage="d:\actions-runner\_work\xpco\xpco\corporate\videoos.management.server.unittests\bin\x64\debug\net472\videoos.management.server.unittests.dll" id="85b6a71f-1088-22e4-4d9b-8971a1c74d02">
      <Execution id="4f2a946d-dcd5-4a41-b39a-440dd85e08ef" />
      <TestMethod codeBase="D:\actions-runner\_work\XPCO\XPCO\Corporate\VideoOS.Management.Server.UnitTests\bin\x64\Debug\net472\VideoOS.Management.Server.UnitTests.dll" adapterTypeName="executor://mstestadapter/v2" className="VideoOS.Management.Server.UnitTests.ValidationUnitTests" name="Validation_MotionDetectionHardwareAccelerationAndDetectionMethod_OneValueIsNull_Success" />
    </UnitTest>
    <UnitTest name="IsComplete_WhenNoStartActionsProperty_ReturnsFalse" storage="d:\actions-runner\_work\xpco\xpco\corporate\videoos.management.server.unittests\bin\x64\debug\net472\videoos.management.server.unittests.dll" id="21fbbbf9-9a5d-3e33-b7d9-df390bb3bd65">
      <Execution id="bd6da64f-a8cb-41a1-8c3b-863ba11118c8" />
      <TestMethod codeBase="D:\actions-runner\_work\XPCO\XPCO\Corporate\VideoOS.Management.Server.UnitTests\bin\x64\Debug\net472\VideoOS.Management.Server.UnitTests.dll" adapterTypeName="executor://mstestadapter/v2" className="VideoOS.Management.Server.UnitTests.ConfigurationAPI.Rules.Methods.StartActionsStepTests" name="IsComplete_WhenNoStartActionsProperty_ReturnsFalse" />
    </UnitTest>
    <UnitTest name="GetNextProperties_WhenDaysOfWeekIsSet_ReturnsProperties" storage="d:\actions-runner\_work\xpco\xpco\corporate\videoos.management.server.unittests\bin\x64\debug\net472\videoos.management.server.unittests.dll" id="fc59942e-3f57-b4ae-aeeb-3f1e11131773">
      <Execution id="648ced65-711f-4962-b742-a68597001665" />
      <TestMethod codeBase="D:\actions-runner\_work\XPCO\XPCO\Corporate\VideoOS.Management.Server.UnitTests\bin\x64\Debug\net472\VideoOS.Management.Server.UnitTests.dll" adapterTypeName="executor://mstestadapter/v2" className="VideoOS.Management.Server.UnitTests.ConfigurationAPI.Rules.Methods.StartConditionsStepTest" name="GetNextProperties_WhenDaysOfWeekIsSet_ReturnsProperties" />
    </UnitTest>
    <UnitTest name="GetItem_SaveSearches" storage="d:\actions-runner\_work\xpco\xpco\corporate\videoos.management.server.unittests\bin\x64\debug\net472\videoos.management.server.unittests.dll" id="85dda198-98d8-3130-4f61-e5c5ed4e1ad5">
      <Execution id="82beef45-0239-4730-b39b-d94de3b969ad" />
      <TestMethod codeBase="D:\actions-runner\_work\XPCO\XPCO\Corporate\VideoOS.Management.Server.UnitTests\bin\x64\Debug\net472\VideoOS.Management.Server.UnitTests.dll" adapterTypeName="executor://mstestadapter/v2" className="VideoOS.Management.Server.UnitTests.ConfigurationAPI.BusinessObjects.SearchTemplate.SearchTemplateConfigurationApiTest" name="GetItem_SaveSearches" />
    </UnitTest>
    <UnitTest name="IsComplete_WhenStartActionPropertyHasValue_ParametersSetWithNoValues_ReturnsFalse" storage="d:\actions-runner\_work\xpco\xpco\corporate\videoos.management.server.unittests\bin\x64\debug\net472\videoos.management.server.unittests.dll" id="cadaa45e-ee69-5ad0-dc5c-32bcd5ced422">
      <Execution id="2f99b82b-4e9b-4243-af61-3f448d4138ba" />
      <TestMethod codeBase="D:\actions-runner\_work\XPCO\XPCO\Corporate\VideoOS.Management.Server.UnitTests\bin\x64\Debug\net472\VideoOS.Management.Server.UnitTests.dll" adapterTypeName="executor://mstestadapter/v2" className="VideoOS.Management.Server.UnitTests.ConfigurationAPI.Rules.Methods.StartActionsStepTests" name="IsComplete_WhenStartActionPropertyHasValue_ParametersSetWithNoValues_ReturnsFalse" />
    </UnitTest>
    <UnitTest name="InvokeMethod_ParamNullCheck_RequestContextTest" storage="d:\actions-runner\_work\xpco\xpco\corporate\videoos.management.server.unittests\bin\x64\debug\net472\videoos.management.server.unittests.dll" id="d5e30042-2749-cd6c-d889-8a6a639c3676">
      <Execution id="6e560422-eead-4583-be87-0cb9a9d26eea" />
      <TestMethod codeBase="D:\actions-runner\_work\XPCO\XPCO\Corporate\VideoOS.Management.Server.UnitTests\bin\x64\Debug\net472\VideoOS.Management.Server.UnitTests.dll" adapterTypeName="executor://mstestadapter/v2" className="VideoOS.Management.Server.UnitTests.ConfigurationAPI.BusinessObjects.AudioMessage.AudioMessageConfigurationApiTest" name="InvokeMethod_ParamNullCheck_RequestContextTest" />
    </UnitTest>
    <UnitTest name="SendCommandSecurityVisitor_UpdateSecurityManagerCommand_SecurityPermissionsDevice_Camera_Delete_Allowed" storage="d:\actions-runner\_work\xpco\xpco\corporate\videoos.management.server.unittests\bin\x64\debug\net472\videoos.management.server.unittests.dll" id="87727029-0b20-eb4e-07e8-09168a107655">
      <Execution id="15fba1b1-0129-4590-a9aa-1cb2f9056f0f" />
      <TestMethod codeBase="D:\actions-runner\_work\XPCO\XPCO\Corporate\VideoOS.Management.Server.UnitTests\bin\x64\Debug\net472\VideoOS.Management.Server.UnitTests.dll" adapterTypeName="executor://mstestadapter/v2" className="VideoOS.Management.Server.UnitTests.SendCommandSecurityVisitorTests" name="SendCommandSecurityVisitor_UpdateSecurityManagerCommand_SecurityPermissionsDevice_Camera_Delete_Allowed" />
    </UnitTest>
    <UnitTest name="ErrorHelper_CreateValidateResult_PropertiesNull_ArgumentNullException" storage="d:\actions-runner\_work\xpco\xpco\corporate\videoos.management.server.unittests\bin\x64\debug\net472\videoos.management.server.unittests.dll" id="420f6908-a259-342c-9868-3ec93bf40e6a">
      <Execution id="bdbaf565-da51-472b-aad9-457e3fd77af9" />
      <TestMethod codeBase="D:\actions-runner\_work\XPCO\XPCO\Corporate\VideoOS.Management.Server.UnitTests\bin\x64\Debug\net472\VideoOS.Management.Server.UnitTests.dll" adapterTypeName="executor://mstestadapter/v2" className="VideoOS.Management.Server.UnitTests.ConfigurationAPI.ErrorHelperTests" name="ErrorHelper_CreateValidateResult_PropertiesNull_ArgumentNullException" />
    </UnitTest>
    <UnitTest name="Validate_WithIncorrectId_ReturnsFalse" storage="d:\actions-runner\_work\xpco\xpco\corporate\videoos.management.server.unittests\bin\x64\debug\net472\videoos.management.server.unittests.dll" id="0b535412-0aa9-a959-6b27-4d21a170181a">
      <Execution id="9efda2c7-896c-4f18-99e2-0f1eb83f5573" />
      <TestMethod codeBase="D:\actions-runner\_work\XPCO\XPCO\Corporate\VideoOS.Management.Server.UnitTests\bin\x64\Debug\net472\VideoOS.Management.Server.UnitTests.dll" adapterTypeName="executor://mstestadapter/v2" className="VideoOS.Management.Server.UnitTests.ConfigurationAPI.Rules.Backend.Validation.ExternalParameterValueValidatorTests" name="Validate_WithIncorrectId_ReturnsFalse" />
    </UnitTest>
    <UnitTest name="GetChildItems_LicenseInformation_SunnyDay" storage="d:\actions-runner\_work\xpco\xpco\corporate\videoos.management.server.unittests\bin\x64\debug\net472\videoos.management.server.unittests.dll" id="53debb87-9aa6-6b6e-7fe1-dfe23479ac22">
      <Execution id="cf25c96b-5750-47ba-ba0e-86536947fcd0" />
      <TestMethod codeBase="D:\actions-runner\_work\XPCO\XPCO\Corporate\VideoOS.Management.Server.UnitTests\bin\x64\Debug\net472\VideoOS.Management.Server.UnitTests.dll" adapterTypeName="executor://mstestadapter/v2" className="VideoOS.Management.Server.UnitTests.ConfigurationAPI.BusinessObjects.LicenseConfigurationApiTests" name="GetChildItems_LicenseInformation_SunnyDay" />
    </UnitTest>
    <UnitTest name="GetNextProperties_WhenNoPropertiesPresent_ReturnsOnlyActionsProperty" storage="d:\actions-runner\_work\xpco\xpco\corporate\videoos.management.server.unittests\bin\x64\debug\net472\videoos.management.server.unittests.dll" id="07072837-d1dc-7dc2-e877-09f86b51600e">
      <Execution id="f5118c32-a68e-47ec-8fb2-02709ef96461" />
      <TestMethod codeBase="D:\actions-runner\_work\XPCO\XPCO\Corporate\VideoOS.Management.Server.UnitTests\bin\x64\Debug\net472\VideoOS.Management.Server.UnitTests.dll" adapterTypeName="executor://mstestadapter/v2" className="VideoOS.Management.Server.UnitTests.ConfigurationAPI.Rules.Methods.StartActionsStepTests" name="GetNextProperties_WhenNoPropertiesPresent_ReturnsOnlyActionsProperty" />
    </UnitTest>
    <UnitTest name="ErrorHelper_CreateValidateResult_Exception_Null" storage="d:\actions-runner\_work\xpco\xpco\corporate\videoos.management.server.unittests\bin\x64\debug\net472\videoos.management.server.unittests.dll" id="77273e5a-4b84-5052-30a1-0080849e0a1d">
      <Execution id="8ec91e1e-83e1-423b-8c5a-a7039f233762" />
      <TestMethod codeBase="D:\actions-runner\_work\XPCO\XPCO\Corporate\VideoOS.Management.Server.UnitTests\bin\x64\Debug\net472\VideoOS.Management.Server.UnitTests.dll" adapterTypeName="executor://mstestadapter/v2" className="VideoOS.Management.Server.UnitTests.ConfigurationAPI.ErrorHelperTests" name="ErrorHelper_CreateValidateResult_Exception_Null" />
    </UnitTest>
    <UnitTest name="AfterReceiveRequest_AuthenticationReturnsTrue_PrincipalIsSet" storage="d:\actions-runner\_work\xpco\xpco\corporate\videoos.management.server.unittests\bin\x64\debug\net472\videoos.management.server.unittests.dll" id="fd17e788-d21b-4bd2-5960-a2bb7514f0f4">
      <Execution id="c94675c0-c618-4071-a43c-b515cead00ed" />
      <TestMethod codeBase="D:\actions-runner\_work\XPCO\XPCO\Corporate\VideoOS.Management.Server.UnitTests\bin\x64\Debug\net472\VideoOS.Management.Server.UnitTests.dll" adapterTypeName="executor://mstestadapter/v2" className="VideoOS.Management.Server.UnitTests.BasicAuthentication.BasicAuthenticationMessageInspectorTests" name="AfterReceiveRequest_AuthenticationReturnsTrue_PrincipalIsSet" />
    </UnitTest>
    <UnitTest name="Validate_WhenMonthlyRelativeFrequency_OffsetParameterValueInvalid_ReturnsError" storage="d:\actions-runner\_work\xpco\xpco\corporate\videoos.management.server.unittests\bin\x64\debug\net472\videoos.management.server.unittests.dll" id="ae16c540-1acb-5b9e-42c9-8b9b33b42a95">
      <Execution id="390a213c-ff3a-4882-80d7-fa967887ccc9" />
      <TestMethod codeBase="D:\actions-runner\_work\XPCO\XPCO\Corporate\VideoOS.Management.Server.UnitTests\bin\x64\Debug\net472\VideoOS.Management.Server.UnitTests.dll" adapterTypeName="executor://mstestadapter/v2" className="VideoOS.Management.Server.UnitTests.ConfigurationAPI.Rules.Backend.Validation.RecurringTimeValidatorTests" name="Validate_WhenMonthlyRelativeFrequency_OffsetParameterValueInvalid_ReturnsError" />
    </UnitTest>
    <UnitTest name="Validate_WhenMonthlyRelativeFrequency_DayParameterValueInvalid_ReturnsError" storage="d:\actions-runner\_work\xpco\xpco\corporate\videoos.management.server.unittests\bin\x64\debug\net472\videoos.management.server.unittests.dll" id="b3f6e98a-3a53-1d31-86e2-ef28c68319be">
      <Execution id="a8f820a5-4276-4e94-a568-5db963dc32b0" />
      <TestMethod codeBase="D:\actions-runner\_work\XPCO\XPCO\Corporate\VideoOS.Management.Server.UnitTests\bin\x64\Debug\net472\VideoOS.Management.Server.UnitTests.dll" adapterTypeName="executor://mstestadapter/v2" className="VideoOS.Management.Server.UnitTests.ConfigurationAPI.Rules.Backend.Validation.RecurringTimeValidatorTests" name="Validate_WhenMonthlyRelativeFrequency_DayParameterValueInvalid_ReturnsError" />
    </UnitTest>
    <UnitTest name="Build_WhenActionIsVideoWallRemoveCameras_ReturnsRuleModel" storage="d:\actions-runner\_work\xpco\xpco\corporate\videoos.management.server.unittests\bin\x64\debug\net472\videoos.management.server.unittests.dll" id="e2f77e94-7651-e9f0-abbd-4a01e9b82ff9">
      <Execution id="7a662ff1-a01b-4197-a6ab-8c64b12cba3d" />
      <TestMethod codeBase="D:\actions-runner\_work\XPCO\XPCO\Corporate\VideoOS.Management.Server.UnitTests\bin\x64\Debug\net472\VideoOS.Management.Server.UnitTests.dll" adapterTypeName="executor://mstestadapter/v2" className="VideoOS.Management.Server.UnitTests.ConfigurationAPI.Rules.Backend.Builders.XmlRuleModelBuilderTests" name="Build_WhenActionIsVideoWallRemoveCameras_ReturnsRuleModel" />
    </UnitTest>
    <UnitTest name="Invoke_BasicResultHasBeenSetAndIsFalse_DoNotCallDefaultInvokerAndReturnNull" storage="d:\actions-runner\_work\xpco\xpco\corporate\videoos.management.server.unittests\bin\x64\debug\net472\videoos.management.server.unittests.dll" id="496a1220-3ed5-e4af-abb3-5081e7600239">
      <Execution id="18e8dcc9-f690-4d45-bb0d-68400cefb83e" />
      <TestMethod codeBase="D:\actions-runner\_work\XPCO\XPCO\Corporate\VideoOS.Management.Server.UnitTests\bin\x64\Debug\net472\VideoOS.Management.Server.UnitTests.dll" adapterTypeName="executor://mstestadapter/v2" className="VideoOS.Management.Server.UnitTests.BasicAuthentication.BasicAuthenticationInvokerTests" name="Invoke_BasicResultHasBeenSetAndIsFalse_DoNotCallDefaultInvokerAndReturnNull" />
    </UnitTest>
    <UnitTest name="SendCommandSecurityVisitor_ServerFileSystemOperationCommand_QueryRecorderDirectories_Allowed" storage="d:\actions-runner\_work\xpco\xpco\corporate\videoos.management.server.unittests\bin\x64\debug\net472\videoos.management.server.unittests.dll" id="b9748385-7e90-566d-fa7b-b65c995a43d5">
      <Execution id="d1cbc043-cc92-4596-a098-180a3e0fe215" />
      <TestMethod codeBase="D:\actions-runner\_work\XPCO\XPCO\Corporate\VideoOS.Management.Server.UnitTests\bin\x64\Debug\net472\VideoOS.Management.Server.UnitTests.dll" adapterTypeName="executor://mstestadapter/v2" className="VideoOS.Management.Server.UnitTests.SendCommandSecurityVisitorTests" name="SendCommandSecurityVisitor_ServerFileSystemOperationCommand_QueryRecorderDirectories_Allowed" />
    </UnitTest>
    <UnitTest name="GetForecastSampleCountFailure" storage="d:\actions-runner\_work\xpco\xpco\corporate\videoos.management.server.unittests\bin\x64\debug\net472\videoos.management.server.unittests.dll" id="bb0edb41-409b-9c7c-00ad-09beb222d423">
      <Execution id="23f23902-a500-4e31-ada1-ffc1ae7c2071" />
      <TestMethod codeBase="D:\actions-runner\_work\XPCO\XPCO\Corporate\VideoOS.Management.Server.UnitTests\bin\x64\Debug\net472\VideoOS.Management.Server.UnitTests.dll" adapterTypeName="executor://mstestadapter/v2" className="VideoOS.Management.Server.UnitTests.BusinessObjects.RetentionTimeForecastTest" name="GetForecastSampleCountFailure" />
    </UnitTest>
    <UnitTest name="GetXml_WhenActionIsMIPAction2_MatchesXml" storage="d:\actions-runner\_work\xpco\xpco\corporate\videoos.management.server.unittests\bin\x64\debug\net472\videoos.management.server.unittests.dll" id="cebb727a-9ce4-b366-10e2-6cdf8c97ee02">
      <Execution id="80053d92-7de5-49c2-bac6-35887c3b3f21" />
      <TestMethod codeBase="D:\actions-runner\_work\XPCO\XPCO\Corporate\VideoOS.Management.Server.UnitTests\bin\x64\Debug\net472\VideoOS.Management.Server.UnitTests.dll" adapterTypeName="executor://mstestadapter/v2" className="VideoOS.Management.Server.UnitTests.ConfigurationAPI.Rules.Backend.Builders.ActionXmlBuilderTests" name="GetXml_WhenActionIsMIPAction2_MatchesXml" />
    </UnitTest>
    <UnitTest name="ConfigurationItemPath_Create_InvalidPath_ArgumentException" storage="d:\actions-runner\_work\xpco\xpco\corporate\videoos.management.server.unittests\bin\x64\debug\net472\videoos.management.server.unittests.dll" id="d0b2304e-f546-20e2-91f8-f1686494292c">
      <Execution id="19eeaed6-a731-4f67-899f-f4633cfdb83c" />
      <TestMethod codeBase="D:\actions-runner\_work\XPCO\XPCO\Corporate\VideoOS.Management.Server.UnitTests\bin\x64\Debug\net472\VideoOS.Management.Server.UnitTests.dll" adapterTypeName="executor://mstestadapter/v2" className="VideoOS.Management.Server.UnitTests.ConfigurationAPI.ConfigurationItemPathTests" name="ConfigurationItemPath_Create_InvalidPath_ArgumentException" />
    </UnitTest>
    <UnitTest name="SetItem_SunnyDayTest" storage="d:\actions-runner\_work\xpco\xpco\corporate\videoos.management.server.unittests\bin\x64\debug\net472\videoos.management.server.unittests.dll" id="b1c9380c-4eaa-cbbf-abce-f973b236c54f">
      <Execution id="c52ab72c-a104-4bf4-8289-578c26f0c3b7" />
      <TestMethod codeBase="D:\actions-runner\_work\XPCO\XPCO\Corporate\VideoOS.Management.Server.UnitTests\bin\x64\Debug\net472\VideoOS.Management.Server.UnitTests.dll" adapterTypeName="executor://mstestadapter/v2" className="VideoOS.Management.Server.UnitTests.ConfigurationAPI.BusinessObjects.AudioMessage.AudioMessageConfigurationApiTest" name="SetItem_SunnyDayTest" />
    </UnitTest>
    <UnitTest name="ErrorHelper_CreateValidateResult_ArgumentNullException_Success" storage="d:\actions-runner\_work\xpco\xpco\corporate\videoos.management.server.unittests\bin\x64\debug\net472\videoos.management.server.unittests.dll" id="bd3270bd-0539-f560-d3a9-4586a8ed3c5d">
      <Execution id="c1265ec7-216d-4604-adda-138094be2f74" />
      <TestMethod codeBase="D:\actions-runner\_work\XPCO\XPCO\Corporate\VideoOS.Management.Server.UnitTests\bin\x64\Debug\net472\VideoOS.Management.Server.UnitTests.dll" adapterTypeName="executor://mstestadapter/v2" className="VideoOS.Management.Server.UnitTests.ConfigurationAPI.ErrorHelperTests" name="ErrorHelper_CreateValidateResult_ArgumentNullException_Success" />
    </UnitTest>
    <UnitTest name="UpdateMotionDetection_DeviceMotionDetection_Not_Found_DeviceNotFoundException_Expected" storage="d:\actions-runner\_work\xpco\xpco\corporate\videoos.management.server.unittests\bin\x64\debug\net472\videoos.management.server.unittests.dll" id="4c8ab038-adf4-8962-6c11-8fbc1bc7e5b7">
      <Execution id="09a00b6d-6ca7-4903-8316-abb69dc4c288" />
      <TestMethod codeBase="D:\actions-runner\_work\XPCO\XPCO\Corporate\VideoOS.Management.Server.UnitTests\bin\x64\Debug\net472\VideoOS.Management.Server.UnitTests.dll" adapterTypeName="executor://mstestadapter/v2" className="VideoOS.Management.Server.UnitTests.BusinessObjects.DeviceMotionDetectionUnitTests" name="UpdateMotionDetection_DeviceMotionDetection_Not_Found_DeviceNotFoundException_Expected" />
    </UnitTest>
    <UnitTest name="ServerProxyService_GetConfigurationDataSetTables_DeviceLinks_CameraNotAllowed_RowRemoved" storage="d:\actions-runner\_work\xpco\xpco\corporate\videoos.management.server.unittests\bin\x64\debug\net472\videoos.management.server.unittests.dll" id="e4d7b236-ba7a-d5a8-1406-8aea051c9906">
      <Execution id="63ef5893-65ca-4f5e-a26b-0146d7ecf5ae" />
      <TestMethod codeBase="D:\actions-runner\_work\XPCO\XPCO\Corporate\VideoOS.Management.Server.UnitTests\bin\x64\Debug\net472\VideoOS.Management.Server.UnitTests.dll" adapterTypeName="executor://mstestadapter/v2" className="VideoOS.Management.Server.UnitTests.ServerProxyServiceUnitTests" name="ServerProxyService_GetConfigurationDataSetTables_DeviceLinks_CameraNotAllowed_RowRemoved" />
    </UnitTest>
    <UnitTest name="GetXml_WhenStopRecordAllFrames_MatchesXml" storage="d:\actions-runner\_work\xpco\xpco\corporate\videoos.management.server.unittests\bin\x64\debug\net472\videoos.management.server.unittests.dll" id="ccc8d6d3-7398-7456-9d24-9dde1684df97">
      <Execution id="baf755e3-ecb5-4227-a5d4-f0a0633a1fd3" />
      <TestMethod codeBase="D:\actions-runner\_work\XPCO\XPCO\Corporate\VideoOS.Management.Server.UnitTests\bin\x64\Debug\net472\VideoOS.Management.Server.UnitTests.dll" adapterTypeName="executor://mstestadapter/v2" className="VideoOS.Management.Server.UnitTests.ConfigurationAPI.Rules.Backend.Builders.ActionXmlBuilderTests" name="GetXml_WhenStopRecordAllFrames_MatchesXml" />
    </UnitTest>
    <UnitTest name="ConfigurationItemPath_CreateFolderPath3Strings_IdInvalid_CreateConfigurationItemPathException" storage="d:\actions-runner\_work\xpco\xpco\corporate\videoos.management.server.unittests\bin\x64\debug\net472\videoos.management.server.unittests.dll" id="39004c09-00be-3501-5f0e-b76c2c0f3da4">
      <Execution id="f9423a91-ca4e-4c45-a415-d0083ea7f287" />
      <TestMethod codeBase="D:\actions-runner\_work\XPCO\XPCO\Corporate\VideoOS.Management.Server.UnitTests\bin\x64\Debug\net472\VideoOS.Management.Server.UnitTests.dll" adapterTypeName="executor://mstestadapter/v2" className="VideoOS.Management.Server.UnitTests.ConfigurationAPI.ConfigurationItemPathTests" name="ConfigurationItemPath_CreateFolderPath3Strings_IdInvalid_CreateConfigurationItemPathException" />
    </UnitTest>
    <UnitTest name="ServerProxyService_GetDevicesByDeviceIds_Allowed_NotFiltered" storage="d:\actions-runner\_work\xpco\xpco\corporate\videoos.management.server.unittests\bin\x64\debug\net472\videoos.management.server.unittests.dll" id="76de3796-d5dc-347e-65d1-c3e9eecc7f02">
      <Execution id="b184ae0a-1629-455a-af93-7cbecf149544" />
      <TestMethod codeBase="D:\actions-runner\_work\XPCO\XPCO\Corporate\VideoOS.Management.Server.UnitTests\bin\x64\Debug\net472\VideoOS.Management.Server.UnitTests.dll" adapterTypeName="executor://mstestadapter/v2" className="VideoOS.Management.Server.UnitTests.ServerProxyServiceUnitTests" name="ServerProxyService_GetDevicesByDeviceIds_Allowed_NotFiltered" />
    </UnitTest>
    <UnitTest name="GetNextProperties_AllPropertiesPresentWithValues_ReturnsEmptyList" storage="d:\actions-runner\_work\xpco\xpco\corporate\videoos.management.server.unittests\bin\x64\debug\net472\videoos.management.server.unittests.dll" id="449326ac-5cac-47b2-01ee-78bea2276ab0">
      <Execution id="4a96e225-4e96-4df1-b535-7b10023c9c1d" />
      <TestMethod codeBase="D:\actions-runner\_work\XPCO\XPCO\Corporate\VideoOS.Management.Server.UnitTests\bin\x64\Debug\net472\VideoOS.Management.Server.UnitTests.dll" adapterTypeName="executor://mstestadapter/v2" className="VideoOS.Management.Server.UnitTests.ConfigurationAPI.Rules.Methods.StopActionsStepTests" name="GetNextProperties_AllPropertiesPresentWithValues_ReturnsEmptyList" />
    </UnitTest>
    <UnitTest name="Build_WhenRecurringRuleType_MonthlyRelativeOnce_PropertiesAreSet" storage="d:\actions-runner\_work\xpco\xpco\corporate\videoos.management.server.unittests\bin\x64\debug\net472\videoos.management.server.unittests.dll" id="e27c1e8d-41e0-493e-93d8-fd570741722c">
      <Execution id="3b659c60-19c5-4b6d-ad79-b2b00b8e2db4" />
      <TestMethod codeBase="D:\actions-runner\_work\XPCO\XPCO\Corporate\VideoOS.Management.Server.UnitTests\bin\x64\Debug\net472\VideoOS.Management.Server.UnitTests.dll" adapterTypeName="executor://mstestadapter/v2" className="VideoOS.Management.Server.UnitTests.ConfigurationAPI.Rules.Builders.ConfigurationItemBuilderTests" name="Build_WhenRecurringRuleType_MonthlyRelativeOnce_PropertiesAreSet" />
    </UnitTest>
    <UnitTest name="Validation_CheckHostName_Valid_HostNames_Success" storage="d:\actions-runner\_work\xpco\xpco\corporate\videoos.management.server.unittests\bin\x64\debug\net472\videoos.management.server.unittests.dll" id="17917218-a8ac-0b66-2144-0facf9d561fe">
      <Execution id="234775a9-7165-4233-8821-01b8ecd1f5f8" />
      <TestMethod codeBase="D:\actions-runner\_work\XPCO\XPCO\Corporate\VideoOS.Management.Server.UnitTests\bin\x64\Debug\net472\VideoOS.Management.Server.UnitTests.dll" adapterTypeName="executor://mstestadapter/v2" className="VideoOS.Management.Server.UnitTests.ValidationUnitTests" name="Validation_CheckHostName_Valid_HostNames_Success" />
    </UnitTest>
    <UnitTest name="ConstructSqlSelect_SunnyDay_NameBeginsWith" storage="d:\actions-runner\_work\xpco\xpco\corporate\videoos.management.server.unittests\bin\x64\debug\net472\videoos.management.server.unittests.dll" id="52925570-7480-72ac-e873-3ea85c5957cc">
      <Execution id="b5c13295-6a42-4440-9db5-040ffc92dbc9" />
      <TestMethod codeBase="D:\actions-runner\_work\XPCO\XPCO\Corporate\VideoOS.Management.Server.UnitTests\bin\x64\Debug\net472\VideoOS.Management.Server.UnitTests.dll" adapterTypeName="executor://mstestadapter/v2" className="VideoOS.Management.Server.UnitTests.ConfigurationAPI.Converters.SqlQueryFormatterTests" name="ConstructSqlSelect_SunnyDay_NameBeginsWith" />
    </UnitTest>
    <UnitTest name="BeforeSendReply_CorrelationStateIsSet_ResponseIsSet" storage="d:\actions-runner\_work\xpco\xpco\corporate\videoos.management.server.unittests\bin\x64\debug\net472\videoos.management.server.unittests.dll" id="29554517-2e3b-3a60-d68f-17613b8595b3">
      <Execution id="58c06957-f862-4f13-8573-2dd7017205d3" />
      <TestMethod codeBase="D:\actions-runner\_work\XPCO\XPCO\Corporate\VideoOS.Management.Server.UnitTests\bin\x64\Debug\net472\VideoOS.Management.Server.UnitTests.dll" adapterTypeName="executor://mstestadapter/v2" className="VideoOS.Management.Server.UnitTests.BasicAuthentication.BasicAuthenticationMessageInspectorTests" name="BeforeSendReply_CorrelationStateIsSet_ResponseIsSet" />
    </UnitTest>
    <UnitTest name="Get_KnownResourceType_NoData_NotTasks_ReturnsEmptyJson" storage="d:\actions-runner\_work\xpco\xpco\corporate\videoos.management.server.unittests\bin\x64\debug\net472\videoos.management.server.unittests.dll" id="0d7159f0-6304-aa0d-efeb-3f8d2542989e">
      <Execution id="29184f6e-dcaa-4279-af4c-2aed172177d2" />
      <TestMethod codeBase="D:\actions-runner\_work\XPCO\XPCO\Corporate\VideoOS.Management.Server.UnitTests\bin\x64\Debug\net472\VideoOS.Management.Server.UnitTests.dll" adapterTypeName="executor://mstestadapter/v2" className="VideoOS.Management.Server.UnitTests.RestApi.ArrayOfChildItemsControllerTests" name="Get_KnownResourceType_NoData_NotTasks_ReturnsEmptyJson" />
    </UnitTest>
    <UnitTest name="Build_WhenRuleIsNull_ThrowsException" storage="d:\actions-runner\_work\xpco\xpco\corporate\videoos.management.server.unittests\bin\x64\debug\net472\videoos.management.server.unittests.dll" id="97e96b97-9073-46ce-ae22-0ee7a83032ef">
      <Execution id="3b43c609-24e7-4962-873c-fca6d2a4cd5a" />
      <TestMethod codeBase="D:\actions-runner\_work\XPCO\XPCO\Corporate\VideoOS.Management.Server.UnitTests\bin\x64\Debug\net472\VideoOS.Management.Server.UnitTests.dll" adapterTypeName="executor://mstestadapter/v2" className="VideoOS.Management.Server.UnitTests.ConfigurationAPI.Rules.Builders.ConfigurationItemBuilderTests" name="Build_WhenRuleIsNull_ThrowsException" />
    </UnitTest>
    <UnitTest name="Validate_WhenObjectNotExists_ReturnsFalse" storage="d:\actions-runner\_work\xpco\xpco\corporate\videoos.management.server.unittests\bin\x64\debug\net472\videoos.management.server.unittests.dll" id="adb38410-6b9b-aff5-e797-ac1b5eddb8b3">
      <Execution id="3c5b5702-d5c1-4d1f-ab12-62c528d2cd5f" />
      <TestMethod codeBase="D:\actions-runner\_work\XPCO\XPCO\Corporate\VideoOS.Management.Server.UnitTests\bin\x64\Debug\net472\VideoOS.Management.Server.UnitTests.dll" adapterTypeName="executor://mstestadapter/v2" className="VideoOS.Management.Server.UnitTests.ConfigurationAPI.Rules.Backend.Validation.ValueValidators.AccessControlGroupEventParameterValueValidatorTest" name="Validate_WhenObjectNotExists_ReturnsFalse" />
    </UnitTest>
    <UnitTest name="TaskAddHardwareSecurityProvider_Read_Check_Not_Allowed" storage="d:\actions-runner\_work\xpco\xpco\corporate\videoos.management.server.unittests\bin\x64\debug\net472\videoos.management.server.unittests.dll" id="172b410c-a84d-e50b-e5b9-eea9489becc3">
      <Execution id="cc3ce778-0e32-4925-9aa8-fb9337e81651" />
      <TestMethod codeBase="D:\actions-runner\_work\XPCO\XPCO\Corporate\VideoOS.Management.Server.UnitTests\bin\x64\Debug\net472\VideoOS.Management.Server.UnitTests.dll" adapterTypeName="executor://mstestadapter/v2" className="VideoOS.Management.Server.UnitTests.Security.TaskSecurityProvicerTest" name="TaskAddHardwareSecurityProvider_Read_Check_Not_Allowed" />
    </UnitTest>
    <UnitTest name="Delete_Succeeds_WhenMethodExistsAndHaveItemSelectionProperty" storage="d:\actions-runner\_work\xpco\xpco\corporate\videoos.management.server.unittests\bin\x64\debug\net472\videoos.management.server.unittests.dll" id="530f4535-d1ca-ed08-9524-fc0ac5be95dc">
      <Execution id="3f2e546a-dbbb-42c3-94c5-5bfcae35adb1" />
      <TestMethod codeBase="D:\actions-runner\_work\XPCO\XPCO\Corporate\VideoOS.Management.Server.UnitTests\bin\x64\Debug\net472\VideoOS.Management.Server.UnitTests.dll" adapterTypeName="executor://mstestadapter/v2" className="VideoOS.Management.Server.UnitTests.RestApi.ConfigurationApiManagerTests" name="Delete_Succeeds_WhenMethodExistsAndHaveItemSelectionProperty" />
    </UnitTest>
    <UnitTest name="DeviceStreams_RemoveStream_Remove_NonExisting_DeviceStreamRemoveNotFoundException" storage="d:\actions-runner\_work\xpco\xpco\corporate\videoos.management.server.unittests\bin\x64\debug\net472\videoos.management.server.unittests.dll" id="06e96da0-5c9b-d099-365b-0d0f04d89536">
      <Execution id="b71152a7-0ec3-4b77-8c55-05d6dce8b6ed" />
      <TestMethod codeBase="D:\actions-runner\_work\XPCO\XPCO\Corporate\VideoOS.Management.Server.UnitTests\bin\x64\Debug\net472\VideoOS.Management.Server.UnitTests.dll" adapterTypeName="executor://mstestadapter/v2" className="VideoOS.Management.Server.UnitTests.BusinessObjects.DeviceStreamsUnitTests" name="DeviceStreams_RemoveStream_Remove_NonExisting_DeviceStreamRemoveNotFoundException" />
    </UnitTest>
    <UnitTest name="IsComplete_WhenOneStepIsNotComplete_ReturnsFalse" storage="d:\actions-runner\_work\xpco\xpco\corporate\videoos.management.server.unittests\bin\x64\debug\net472\videoos.management.server.unittests.dll" id="94d885c4-e3b9-ea4e-0c56-fc978359b248">
      <Execution id="ba82aa17-1d8e-46e8-9726-c35a8a4037b6" />
      <TestMethod codeBase="D:\actions-runner\_work\XPCO\XPCO\Corporate\VideoOS.Management.Server.UnitTests\bin\x64\Debug\net472\VideoOS.Management.Server.UnitTests.dll" adapterTypeName="executor://mstestadapter/v2" className="VideoOS.Management.Server.UnitTests.ConfigurationAPI.Rules.Methods.RuleWizardInfoProviderTests" name="IsComplete_WhenOneStepIsNotComplete_ReturnsFalse" />
    </UnitTest>
    <UnitTest name="Build_WhenActionIsRecordAllFrames_ReturnsRuleModel" storage="d:\actions-runner\_work\xpco\xpco\corporate\videoos.management.server.unittests\bin\x64\debug\net472\videoos.management.server.unittests.dll" id="4ba4664a-dba1-15f0-628d-66c948ab8341">
      <Execution id="a5d066ce-44da-4f3e-8cd8-02235983fc3f" />
      <TestMethod codeBase="D:\actions-runner\_work\XPCO\XPCO\Corporate\VideoOS.Management.Server.UnitTests\bin\x64\Debug\net472\VideoOS.Management.Server.UnitTests.dll" adapterTypeName="executor://mstestadapter/v2" className="VideoOS.Management.Server.UnitTests.ConfigurationAPI.Rules.Backend.Builders.XmlRuleModelBuilderTests" name="Build_WhenActionIsRecordAllFrames_ReturnsRuleModel" />
    </UnitTest>
    <UnitTest name="Validation_GridRegion_Success" storage="d:\actions-runner\_work\xpco\xpco\corporate\videoos.management.server.unittests\bin\x64\debug\net472\videoos.management.server.unittests.dll" id="fd660333-520f-ffc7-75e8-9b4339efa3e9">
      <Execution id="89a7a68e-2f2b-49c8-b98d-272857a1e1d4" />
      <TestMethod codeBase="D:\actions-runner\_work\XPCO\XPCO\Corporate\VideoOS.Management.Server.UnitTests\bin\x64\Debug\net472\VideoOS.Management.Server.UnitTests.dll" adapterTypeName="executor://mstestadapter/v2" className="VideoOS.Management.Server.UnitTests.ValidationUnitTests" name="Validation_GridRegion_Success" />
    </UnitTest>
    <UnitTest name="Patch_ValidObject_PassedOnToSubController_ReturnsResultCode" storage="d:\actions-runner\_work\xpco\xpco\corporate\videoos.management.server.unittests\bin\x64\debug\net472\videoos.management.server.unittests.dll" id="97200fb7-7712-18b6-a05b-703e96234921">
      <Execution id="63b59153-eb72-42e3-8676-9e194186409b" />
      <TestMethod codeBase="D:\actions-runner\_work\XPCO\XPCO\Corporate\VideoOS.Management.Server.UnitTests\bin\x64\Debug\net472\VideoOS.Management.Server.UnitTests.dll" adapterTypeName="executor://mstestadapter/v2" className="VideoOS.Management.Server.UnitTests.RestApi.SpecificChildItemControllerTests" name="Patch_ValidObject_PassedOnToSubController_ReturnsResultCode" />
    </UnitTest>
    <UnitTest name="TryParseConditions_WhenNotSupportedTimeConditionFunctionName_ReturnsFalse" storage="d:\actions-runner\_work\xpco\xpco\corporate\videoos.management.server.unittests\bin\x64\debug\net472\videoos.management.server.unittests.dll" id="a2bfb3e1-2e5b-d1e2-f0bb-49aee3fe3778">
      <Execution id="ed1b1630-d6f2-4411-936c-ec945be57bd4" />
      <TestMethod codeBase="D:\actions-runner\_work\XPCO\XPCO\Corporate\VideoOS.Management.Server.UnitTests\bin\x64\Debug\net472\VideoOS.Management.Server.UnitTests.dll" adapterTypeName="executor://mstestadapter/v2" className="VideoOS.Management.Server.UnitTests.ConfigurationAPI.Rules.Backend.Builders.ConditionsParserTests" name="TryParseConditions_WhenNotSupportedTimeConditionFunctionName_ReturnsFalse" />
    </UnitTest>
    <UnitTest name="GetLogin_ThrowException_ThrowsGenericIdpException" storage="d:\actions-runner\_work\xpco\xpco\corporate\videoos.management.server.unittests\bin\x64\debug\net472\videoos.management.server.unittests.dll" id="dcc30307-d889-c61f-db15-6c8235e8fd7e">
      <Execution id="5f22852a-c3fc-4fe9-89d3-3defadf23d58" />
      <TestMethod codeBase="D:\actions-runner\_work\XPCO\XPCO\Corporate\VideoOS.Management.Server.UnitTests\bin\x64\Debug\net472\VideoOS.Management.Server.UnitTests.dll" adapterTypeName="executor://mstestadapter/v2" className="VideoOS.Management.Server.UnitTests.DataComponents.Idp.UserIdpComponentTests" name="GetLogin_ThrowException_ThrowsGenericIdpException" />
    </UnitTest>
    <UnitTest name="Constructor_IdpTokenClientNull_ArgumentNullException" storage="d:\actions-runner\_work\xpco\xpco\corporate\videoos.management.server.unittests\bin\x64\debug\net472\videoos.management.server.unittests.dll" id="7dfb58a6-56d0-68ff-dad4-7a7af447baa0">
      <Execution id="717016f2-2e79-428c-85a4-0ca0ddb2ae8a" />
      <TestMethod codeBase="D:\actions-runner\_work\XPCO\XPCO\Corporate\VideoOS.Management.Server.UnitTests\bin\x64\Debug\net472\VideoOS.Management.Server.UnitTests.dll" adapterTypeName="executor://mstestadapter/v2" className="VideoOS.Management.Server.UnitTests.Integration.IdpTokenServiceUnitTests" name="Constructor_IdpTokenClientNull_ArgumentNullException" />
    </UnitTest>
    <UnitTest name="Invoke_WhenFirstTime_ProvidesInfo" storage="d:\actions-runner\_work\xpco\xpco\corporate\videoos.management.server.unittests\bin\x64\debug\net472\videoos.management.server.unittests.dll" id="e5d13bea-64c5-3383-dca0-6f9c7b116a14">
      <Execution id="e268bbdd-9377-4f86-899d-017015e109c7" />
      <TestMethod codeBase="D:\actions-runner\_work\XPCO\XPCO\Corporate\VideoOS.Management.Server.UnitTests\bin\x64\Debug\net472\VideoOS.Management.Server.UnitTests.dll" adapterTypeName="executor://mstestadapter/v2" className="VideoOS.Management.Server.UnitTests.ConfigurationAPI.BusinessObjects.LprMatchList.Methods.AddMatchListTests" name="Invoke_WhenFirstTime_ProvidesInfo" />
    </UnitTest>
    <UnitTest name="FindNextNonzeroSuccess" storage="d:\actions-runner\_work\xpco\xpco\corporate\videoos.management.server.unittests\bin\x64\debug\net472\videoos.management.server.unittests.dll" id="ec19b1ad-7a30-72c3-b356-ece8a10f5a55">
      <Execution id="022d1e8b-fc83-4937-ad22-a8fc3136c20a" />
      <TestMethod codeBase="D:\actions-runner\_work\XPCO\XPCO\Corporate\VideoOS.Management.Server.UnitTests\bin\x64\Debug\net472\VideoOS.Management.Server.UnitTests.dll" adapterTypeName="executor://mstestadapter/v2" className="VideoOS.Management.Server.UnitTests.BusinessObjects.RetentionTimeForecastTest" name="FindNextNonzeroSuccess" />
    </UnitTest>
    <UnitTest name="ValidateItem_ParamNullCheck_RequestContextTest" storage="d:\actions-runner\_work\xpco\xpco\corporate\videoos.management.server.unittests\bin\x64\debug\net472\videoos.management.server.unittests.dll" id="fb1ed2e2-5e29-a182-0265-9461c6c8d30c">
      <Execution id="e0879984-6807-440c-91eb-6c50d206d2ed" />
      <TestMethod codeBase="D:\actions-runner\_work\XPCO\XPCO\Corporate\VideoOS.Management.Server.UnitTests\bin\x64\Debug\net472\VideoOS.Management.Server.UnitTests.dll" adapterTypeName="executor://mstestadapter/v2" className="VideoOS.Management.Server.UnitTests.ConfigurationAPI.BusinessObjects.CustomProperties.CustomPropertiesConfigurationApiTest" name="ValidateItem_ParamNullCheck_RequestContextTest" />
    </UnitTest>
    <UnitTest name="InvokeMethod_UpdateSearchTemplateInvokeInfo" storage="d:\actions-runner\_work\xpco\xpco\corporate\videoos.management.server.unittests\bin\x64\debug\net472\videoos.management.server.unittests.dll" id="0e1d6b3b-8a3e-b985-21f5-8d6d645ff8a0">
      <Execution id="c5e1dd9a-9224-4112-834f-e995632beda6" />
      <TestMethod codeBase="D:\actions-runner\_work\XPCO\XPCO\Corporate\VideoOS.Management.Server.UnitTests\bin\x64\Debug\net472\VideoOS.Management.Server.UnitTests.dll" adapterTypeName="executor://mstestadapter/v2" className="VideoOS.Management.Server.UnitTests.ConfigurationAPI.BusinessObjects.SearchTemplate.SearchTemplateConfigurationApiTest" name="InvokeMethod_UpdateSearchTemplateInvokeInfo" />
    </UnitTest>
    <UnitTest name="Validate_WhenObjectExists_ReturnsTrue" storage="d:\actions-runner\_work\xpco\xpco\corporate\videoos.management.server.unittests\bin\x64\debug\net472\videoos.management.server.unittests.dll" id="a2a9bbde-adb9-daf1-a88c-dcf0e9d91550">
      <Execution id="83dee50c-18df-4b77-b921-5880ac887576" />
      <TestMethod codeBase="D:\actions-runner\_work\XPCO\XPCO\Corporate\VideoOS.Management.Server.UnitTests\bin\x64\Debug\net472\VideoOS.Management.Server.UnitTests.dll" adapterTypeName="executor://mstestadapter/v2" className="VideoOS.Management.Server.UnitTests.ConfigurationAPI.Rules.Backend.Validation.ValueValidators.PluginGroupItemParameterValueValidatorTests" name="Validate_WhenObjectExists_ReturnsTrue" />
    </UnitTest>
    <UnitTest name="GetItem_ParamNullCheck_PathTest" storage="d:\actions-runner\_work\xpco\xpco\corporate\videoos.management.server.unittests\bin\x64\debug\net472\videoos.management.server.unittests.dll" id="11a5c497-a940-a922-56d8-a2df525be6d2">
      <Execution id="abd9fa71-a15c-4c14-8f07-4ada7144c274" />
      <TestMethod codeBase="D:\actions-runner\_work\XPCO\XPCO\Corporate\VideoOS.Management.Server.UnitTests\bin\x64\Debug\net472\VideoOS.Management.Server.UnitTests.dll" adapterTypeName="executor://mstestadapter/v2" className="VideoOS.Management.Server.UnitTests.ConfigurationAPI.BusinessObjects.AudioMessage.AudioMessageFolderConfigurationApiTest" name="GetItem_ParamNullCheck_PathTest" />
    </UnitTest>
    <UnitTest name="IsComplete_WhenWithinWindowAndWindowPropertySet_ReturnsTrue" storage="d:\actions-runner\_work\xpco\xpco\corporate\videoos.management.server.unittests\bin\x64\debug\net472\videoos.management.server.unittests.dll" id="b3535aeb-d67a-12d8-7c75-c8079df0d2bc">
      <Execution id="c15056cd-aa10-4715-a8bf-717d9ca595a0" />
      <TestMethod codeBase="D:\actions-runner\_work\XPCO\XPCO\Corporate\VideoOS.Management.Server.UnitTests\bin\x64\Debug\net472\VideoOS.Management.Server.UnitTests.dll" adapterTypeName="executor://mstestadapter/v2" className="VideoOS.Management.Server.UnitTests.ConfigurationAPI.Rules.Methods.StartConditionsStepTest" name="IsComplete_WhenWithinWindowAndWindowPropertySet_ReturnsTrue" />
    </UnitTest>
    <UnitTest name="GetNextProperties_WhenEventStartRuleHasActionWithNoCounterAction_ReturnsProperties" storage="d:\actions-runner\_work\xpco\xpco\corporate\videoos.management.server.unittests\bin\x64\debug\net472\videoos.management.server.unittests.dll" id="fcd13f0a-a3ae-cad0-d99e-b90710be9326">
      <Execution id="618d4fe8-eb5a-4dce-82cd-50d95a0c4714" />
      <TestMethod codeBase="D:\actions-runner\_work\XPCO\XPCO\Corporate\VideoOS.Management.Server.UnitTests\bin\x64\Debug\net472\VideoOS.Management.Server.UnitTests.dll" adapterTypeName="executor://mstestadapter/v2" className="VideoOS.Management.Server.UnitTests.ConfigurationAPI.Rules.Methods.StopRuleTypeStepTests" name="GetNextProperties_WhenEventStartRuleHasActionWithNoCounterAction_ReturnsProperties" />
    </UnitTest>
    <UnitTest name="GetCurrentProperties_WhenActionPropertyHasValueButNoParameters_ReturnsListWithJustActionProperty" storage="d:\actions-runner\_work\xpco\xpco\corporate\videoos.management.server.unittests\bin\x64\debug\net472\videoos.management.server.unittests.dll" id="948100a8-ca5c-ab15-d415-fd425dd3141e">
      <Execution id="316e8b37-512c-4ea4-ac1b-f49ff61523b9" />
      <TestMethod codeBase="D:\actions-runner\_work\XPCO\XPCO\Corporate\VideoOS.Management.Server.UnitTests\bin\x64\Debug\net472\VideoOS.Management.Server.UnitTests.dll" adapterTypeName="executor://mstestadapter/v2" className="VideoOS.Management.Server.UnitTests.ConfigurationAPI.Rules.Methods.StopActionsStepTests" name="GetCurrentProperties_WhenActionPropertyHasValueButNoParameters_ReturnsListWithJustActionProperty" />
    </UnitTest>
    <UnitTest name="GetItemType_WhenObjectNotExists_ReturnsNull" storage="d:\actions-runner\_work\xpco\xpco\corporate\videoos.management.server.unittests\bin\x64\debug\net472\videoos.management.server.unittests.dll" id="4548b3dd-b0c9-ec7d-f9bb-17e1c2707e62">
      <Execution id="4842479b-78c0-423c-b000-4ee8dffed5f4" />
      <TestMethod codeBase="D:\actions-runner\_work\XPCO\XPCO\Corporate\VideoOS.Management.Server.UnitTests\bin\x64\Debug\net472\VideoOS.Management.Server.UnitTests.dll" adapterTypeName="executor://mstestadapter/v2" className="VideoOS.Management.Server.UnitTests.ConfigurationAPI.Rules.Backend.Validation.ValueValidators.PluginGroupItemParameterValueValidatorTests" name="GetItemType_WhenObjectNotExists_ReturnsNull" />
    </UnitTest>
    <UnitTest name="InvokeBegin_NoBasicResultHasBeenSet_CallDefaultInvoker" storage="d:\actions-runner\_work\xpco\xpco\corporate\videoos.management.server.unittests\bin\x64\debug\net472\videoos.management.server.unittests.dll" id="f91f19a9-857e-d90b-12ef-cb4a6ffa0ef4">
      <Execution id="78a31ad1-0cb8-4275-ab47-6d68c9ec3bd0" />
      <TestMethod codeBase="D:\actions-runner\_work\XPCO\XPCO\Corporate\VideoOS.Management.Server.UnitTests\bin\x64\Debug\net472\VideoOS.Management.Server.UnitTests.dll" adapterTypeName="executor://mstestadapter/v2" className="VideoOS.Management.Server.UnitTests.BasicAuthentication.BasicAuthenticationInvokerTests" name="InvokeBegin_NoBasicResultHasBeenSet_CallDefaultInvoker" />
    </UnitTest>
    <UnitTest name="FilterItems_ItemsNull_Throws" storage="d:\actions-runner\_work\xpco\xpco\corporate\videoos.management.server.unittests\bin\x64\debug\net472\videoos.management.server.unittests.dll" id="04e31b14-266a-1e0c-192e-1111a14bc1de">
      <Execution id="04b6ec7f-02d8-4106-be98-dbe489fc8bf4" />
      <TestMethod codeBase="D:\actions-runner\_work\XPCO\XPCO\Corporate\VideoOS.Management.Server.UnitTests\bin\x64\Debug\net472\VideoOS.Management.Server.UnitTests.dll" adapterTypeName="executor://mstestadapter/v2" className="VideoOS.Management.Server.UnitTests.BusinessObjects.SecurityObjectUtilitiesUnitTests" name="FilterItems_ItemsNull_Throws" />
    </UnitTest>
    <UnitTest name="IsComplete_WhenNamePropertyHasEmptyValue_ReturnsFalse" storage="d:\actions-runner\_work\xpco\xpco\corporate\videoos.management.server.unittests\bin\x64\debug\net472\videoos.management.server.unittests.dll" id="075f7067-fb0c-e9e2-5013-7e783c1bb677">
      <Execution id="0d160b6b-487e-44a1-b9c7-eafdd84d5e0c" />
      <TestMethod codeBase="D:\actions-runner\_work\XPCO\XPCO\Corporate\VideoOS.Management.Server.UnitTests\bin\x64\Debug\net472\VideoOS.Management.Server.UnitTests.dll" adapterTypeName="executor://mstestadapter/v2" className="VideoOS.Management.Server.UnitTests.ConfigurationAPI.Rules.Methods.BasicInfoStepTests" name="IsComplete_WhenNamePropertyHasEmptyValue_ReturnsFalse" />
    </UnitTest>
    <UnitTest name="TimeProfile_WhenGuidIsExisting_NoErrors" storage="d:\actions-runner\_work\xpco\xpco\corporate\videoos.management.server.unittests\bin\x64\debug\net472\videoos.management.server.unittests.dll" id="e0354803-87cb-694c-b54f-fa0b7d4bd2fd">
      <Execution id="2e9337ef-b5e7-4e31-97d3-2f4e8154f6c8" />
      <TestMethod codeBase="D:\actions-runner\_work\XPCO\XPCO\Corporate\VideoOS.Management.Server.UnitTests\bin\x64\Debug\net472\VideoOS.Management.Server.UnitTests.dll" adapterTypeName="executor://mstestadapter/v2" className="VideoOS.Management.Server.UnitTests.ConfigurationAPI.Rules.Backend.Validation.ConditionWithinTimeProfileValidatorTests" name="TimeProfile_WhenGuidIsExisting_NoErrors" />
    </UnitTest>
    <UnitTest name="SetItem_ParamNullCheck_PathTest" storage="d:\actions-runner\_work\xpco\xpco\corporate\videoos.management.server.unittests\bin\x64\debug\net472\videoos.management.server.unittests.dll" id="e8397051-35e9-fcc0-0d64-66a51e43088d">
      <Execution id="74ee0e12-5b02-438a-921c-438a8287714b" />
      <TestMethod codeBase="D:\actions-runner\_work\XPCO\XPCO\Corporate\VideoOS.Management.Server.UnitTests\bin\x64\Debug\net472\VideoOS.Management.Server.UnitTests.dll" adapterTypeName="executor://mstestadapter/v2" className="VideoOS.Management.Server.UnitTests.ConfigurationAPI.BusinessObjects.AudioMessage.AudioMessageConfigurationApiTest" name="SetItem_ParamNullCheck_PathTest" />
    </UnitTest>
    <UnitTest name="IsComplete_WhenTimeIntervalRule_DaysOfWeekPropertySetButNoDays_ReturnsTrue" storage="d:\actions-runner\_work\xpco\xpco\corporate\videoos.management.server.unittests\bin\x64\debug\net472\videoos.management.server.unittests.dll" id="2d547916-0c68-dbe6-b50a-13a5c59a03a8">
      <Execution id="e4c7bb01-9b51-4121-b9ff-9fa7eb40c210" />
      <TestMethod codeBase="D:\actions-runner\_work\XPCO\XPCO\Corporate\VideoOS.Management.Server.UnitTests\bin\x64\Debug\net472\VideoOS.Management.Server.UnitTests.dll" adapterTypeName="executor://mstestadapter/v2" className="VideoOS.Management.Server.UnitTests.ConfigurationAPI.Rules.Methods.StartConditionsStepTest" name="IsComplete_WhenTimeIntervalRule_DaysOfWeekPropertySetButNoDays_ReturnsTrue" />
    </UnitTest>
    <UnitTest name="Get_Translations_NoLanguageSpecified_ThrowsException" storage="d:\actions-runner\_work\xpco\xpco\corporate\videoos.management.server.unittests\bin\x64\debug\net472\videoos.management.server.unittests.dll" id="2ac0ba53-ae16-5d8c-e824-b1aa0814499a">
      <Execution id="921ff86a-067b-4080-93f1-ede44215f4c4" />
      <TestMethod codeBase="D:\actions-runner\_work\XPCO\XPCO\Corporate\VideoOS.Management.Server.UnitTests\bin\x64\Debug\net472\VideoOS.Management.Server.UnitTests.dll" adapterTypeName="executor://mstestadapter/v2" className="VideoOS.Management.Server.UnitTests.RestApi.ArrayOfItemsControllerTests" name="Get_Translations_NoLanguageSpecified_ThrowsException" />
    </UnitTest>
    <UnitTest name="ErrorHelper_CreateValidateResult_ExceptionNull_ArgumentNullException" storage="d:\actions-runner\_work\xpco\xpco\corporate\videoos.management.server.unittests\bin\x64\debug\net472\videoos.management.server.unittests.dll" id="3007bfb6-6056-d905-c0bc-f7229a636eb8">
      <Execution id="d950b64a-53a0-4198-9469-c3b231258f85" />
      <TestMethod codeBase="D:\actions-runner\_work\XPCO\XPCO\Corporate\VideoOS.Management.Server.UnitTests\bin\x64\Debug\net472\VideoOS.Management.Server.UnitTests.dll" adapterTypeName="executor://mstestadapter/v2" className="VideoOS.Management.Server.UnitTests.ConfigurationAPI.ErrorHelperTests" name="ErrorHelper_CreateValidateResult_ExceptionNull_ArgumentNullException" />
    </UnitTest>
    <UnitTest name="SendCommandSecurityVisitor_UpdateSecurityManagerCommand_SecurityPermissions_Edit_Allowed" storage="d:\actions-runner\_work\xpco\xpco\corporate\videoos.management.server.unittests\bin\x64\debug\net472\videoos.management.server.unittests.dll" id="17c44798-53de-b935-215a-5409291bae3f">
      <Execution id="07f49969-7ac6-47ad-8ae0-9b6392326797" />
      <TestMethod codeBase="D:\actions-runner\_work\XPCO\XPCO\Corporate\VideoOS.Management.Server.UnitTests\bin\x64\Debug\net472\VideoOS.Management.Server.UnitTests.dll" adapterTypeName="executor://mstestadapter/v2" className="VideoOS.Management.Server.UnitTests.SendCommandSecurityVisitorTests" name="SendCommandSecurityVisitor_UpdateSecurityManagerCommand_SecurityPermissions_Edit_Allowed" />
    </UnitTest>
    <UnitTest name="Build_WhenStartTypeIsConfigurableEvent_CorrectGroupIsSet_ReturnsTrue" storage="d:\actions-runner\_work\xpco\xpco\corporate\videoos.management.server.unittests\bin\x64\debug\net472\videoos.management.server.unittests.dll" id="a7ff2a40-fd67-bee6-9638-1bd08f07cee5">
      <Execution id="464bad84-364c-4bcc-9d4a-07075b143469" />
      <TestMethod codeBase="D:\actions-runner\_work\XPCO\XPCO\Corporate\VideoOS.Management.Server.UnitTests\bin\x64\Debug\net472\VideoOS.Management.Server.UnitTests.dll" adapterTypeName="executor://mstestadapter/v2" className="VideoOS.Management.Server.UnitTests.ConfigurationAPI.Rules.Backend.Builders.RuleTypeParserTests" name="Build_WhenStartTypeIsConfigurableEvent_CorrectGroupIsSet_ReturnsTrue" />
    </UnitTest>
    <UnitTest name="GetChildItems_WhenMatchListEmpty_ReturnsEmptyList" storage="d:\actions-runner\_work\xpco\xpco\corporate\videoos.management.server.unittests\bin\x64\debug\net472\videoos.management.server.unittests.dll" id="94063c7d-165d-cef5-c92d-1b2a39a08ef2">
      <Execution id="1b572caf-e41c-4c47-89ed-2c6e7a02dda9" />
      <TestMethod codeBase="D:\actions-runner\_work\XPCO\XPCO\Corporate\VideoOS.Management.Server.UnitTests\bin\x64\Debug\net472\VideoOS.Management.Server.UnitTests.dll" adapterTypeName="executor://mstestadapter/v2" className="VideoOS.Management.Server.UnitTests.ConfigurationAPI.LprMatchList.ConfigurationApiServiceTests" name="GetChildItems_WhenMatchListEmpty_ReturnsEmptyList" />
    </UnitTest>
    <UnitTest name="PropertyKeyConvertTests" storage="d:\actions-runner\_work\xpco\xpco\corporate\videoos.management.server.unittests\bin\x64\debug\net472\videoos.management.server.unittests.dll" id="536f3755-66af-0913-2d1c-ba9e2c637c22">
      <Execution id="f781c990-c9a0-4d11-a0f6-742cecaa81c5" />
      <TestMethod codeBase="D:\actions-runner\_work\XPCO\XPCO\Corporate\VideoOS.Management.Server.UnitTests\bin\x64\Debug\net472\VideoOS.Management.Server.UnitTests.dll" adapterTypeName="executor://mstestadapter/v2" className="VideoOS.Management.Server.UnitTests.RestApi.NameConvertTests" name="PropertyKeyConvertTests" />
    </UnitTest>
    <UnitTest name="ServerProxyService_GetConfigurationDataSetTables_DeviceLinks_SpeakerNotAllowed_RowRemoved" storage="d:\actions-runner\_work\xpco\xpco\corporate\videoos.management.server.unittests\bin\x64\debug\net472\videoos.management.server.unittests.dll" id="6c7409d9-28bf-ab28-22c1-16a518a26f2a">
      <Execution id="f5008eb7-0727-413d-bca1-11fce7c2bab4" />
      <TestMethod codeBase="D:\actions-runner\_work\XPCO\XPCO\Corporate\VideoOS.Management.Server.UnitTests\bin\x64\Debug\net472\VideoOS.Management.Server.UnitTests.dll" adapterTypeName="executor://mstestadapter/v2" className="VideoOS.Management.Server.UnitTests.ServerProxyServiceUnitTests" name="ServerProxyService_GetConfigurationDataSetTables_DeviceLinks_SpeakerNotAllowed_RowRemoved" />
    </UnitTest>
    <UnitTest name="ValidateItem_ParamNullCheck_RequestContext" storage="d:\actions-runner\_work\xpco\xpco\corporate\videoos.management.server.unittests\bin\x64\debug\net472\videoos.management.server.unittests.dll" id="a02d17f2-c457-4c5c-21d7-9aa704e8fba6">
      <Execution id="b5c8e973-c0b4-40ae-8c3b-972b5ae53949" />
      <TestMethod codeBase="D:\actions-runner\_work\XPCO\XPCO\Corporate\VideoOS.Management.Server.UnitTests\bin\x64\Debug\net472\VideoOS.Management.Server.UnitTests.dll" adapterTypeName="executor://mstestadapter/v2" className="VideoOS.Management.Server.UnitTests.ConfigurationAPI.BusinessObjects.SearchTemplate.SearchTemplateConfigurationApiTest" name="ValidateItem_ParamNullCheck_RequestContext" />
    </UnitTest>
    <UnitTest name="Authorize_ReturnsAuthorizationId_OnValidInput" storage="d:\actions-runner\_work\xpco\xpco\corporate\videoos.management.server.unittests\bin\x64\debug\net472\videoos.management.server.unittests.dll" id="40e71e0d-1979-7625-3de6-085a4a28289e">
      <TestCategory>
        <TestCategoryItem TestCategory="DualAuthorization" />
      </TestCategory>
      <Execution id="256ac0a5-aaf6-4b38-9c2f-ca783d3d37d3" />
      <TestMethod codeBase="D:\actions-runner\_work\XPCO\XPCO\Corporate\VideoOS.Management.Server.UnitTests\bin\x64\Debug\net472\VideoOS.Management.Server.UnitTests.dll" adapterTypeName="executor://mstestadapter/v2" className="VideoOS.Management.Server.UnitTests.DualAuthorizationHandlingTests" name="Authorize_ReturnsAuthorizationId_OnValidInput" />
    </UnitTest>
    <UnitTest name="GetAllVmsUsers_ThrowException_ThrowsGenericIdpException" storage="d:\actions-runner\_work\xpco\xpco\corporate\videoos.management.server.unittests\bin\x64\debug\net472\videoos.management.server.unittests.dll" id="70208b30-6e2d-a271-7e3f-d0935919214a">
      <Execution id="fa1b9fdf-de98-463b-b1dc-db349558f2e1" />
      <TestMethod codeBase="D:\actions-runner\_work\XPCO\XPCO\Corporate\VideoOS.Management.Server.UnitTests\bin\x64\Debug\net472\VideoOS.Management.Server.UnitTests.dll" adapterTypeName="executor://mstestadapter/v2" className="VideoOS.Management.Server.UnitTests.DataComponents.Idp.UserIdpComponentTests" name="GetAllVmsUsers_ThrowException_ThrowsGenericIdpException" />
    </UnitTest>
    <UnitTest name="Get_KnownResourceType_Data_NotTasks_ReturnsJsonOfObjectArray" storage="d:\actions-runner\_work\xpco\xpco\corporate\videoos.management.server.unittests\bin\x64\debug\net472\videoos.management.server.unittests.dll" id="54388baf-379f-30fb-e5bb-48aebadee046">
      <Execution id="e9868e9f-a34c-4f1f-8f3c-4546d702cee6" />
      <TestMethod codeBase="D:\actions-runner\_work\XPCO\XPCO\Corporate\VideoOS.Management.Server.UnitTests\bin\x64\Debug\net472\VideoOS.Management.Server.UnitTests.dll" adapterTypeName="executor://mstestadapter/v2" className="VideoOS.Management.Server.UnitTests.RestApi.ArrayOfItemsControllerTests" name="Get_KnownResourceType_Data_NotTasks_ReturnsJsonOfObjectArray" />
    </UnitTest>
    <UnitTest name="GetChildItems_EmptyRepositoryTest" storage="d:\actions-runner\_work\xpco\xpco\corporate\videoos.management.server.unittests\bin\x64\debug\net472\videoos.management.server.unittests.dll" id="d43739c6-9008-827f-12e3-86bf2c84909a">
      <Execution id="2f80f5fa-5944-4b3e-a1ab-8be51a530904" />
      <TestMethod codeBase="D:\actions-runner\_work\XPCO\XPCO\Corporate\VideoOS.Management.Server.UnitTests\bin\x64\Debug\net472\VideoOS.Management.Server.UnitTests.dll" adapterTypeName="executor://mstestadapter/v2" className="VideoOS.Management.Server.UnitTests.ConfigurationAPI.BusinessObjects.AudioMessage.AudioMessageFolderConfigurationApiTest" name="GetChildItems_EmptyRepositoryTest" />
    </UnitTest>
    <UnitTest name="Invoke_WhenSecondTime_PerformsAction" storage="d:\actions-runner\_work\xpco\xpco\corporate\videoos.management.server.unittests\bin\x64\debug\net472\videoos.management.server.unittests.dll" id="9a848884-c774-c85e-48be-dd72d17f0465">
      <Execution id="7c13c18f-40ed-4e97-9263-436a4a3c9c0f" />
      <TestMethod codeBase="D:\actions-runner\_work\XPCO\XPCO\Corporate\VideoOS.Management.Server.UnitTests\bin\x64\Debug\net472\VideoOS.Management.Server.UnitTests.dll" adapterTypeName="executor://mstestadapter/v2" className="VideoOS.Management.Server.UnitTests.ConfigurationAPI.Rules.Methods.RemoveRuleTests" name="Invoke_WhenSecondTime_PerformsAction" />
    </UnitTest>
    <UnitTest name="TaskSecurityProviderFactory_GetSecurityProvider_Return_SecurityProvider_For_All_TaskTypes" storage="d:\actions-runner\_work\xpco\xpco\corporate\videoos.management.server.unittests\bin\x64\debug\net472\videoos.management.server.unittests.dll" id="943ae6df-3b4c-6415-4268-2649c6062a68">
      <Execution id="7685d24a-36b3-453d-beee-1290afb89d69" />
      <TestMethod codeBase="D:\actions-runner\_work\XPCO\XPCO\Corporate\VideoOS.Management.Server.UnitTests\bin\x64\Debug\net472\VideoOS.Management.Server.UnitTests.dll" adapterTypeName="executor://mstestadapter/v2" className="VideoOS.Management.Server.UnitTests.Security.TaskSecurityProvicerTest" name="TaskSecurityProviderFactory_GetSecurityProvider_Return_SecurityProvider_For_All_TaskTypes" />
    </UnitTest>
    <UnitTest name="DeviceStreams_QueryStreams_Success" storage="d:\actions-runner\_work\xpco\xpco\corporate\videoos.management.server.unittests\bin\x64\debug\net472\videoos.management.server.unittests.dll" id="916d06b9-ae78-4ff2-f6c6-53cb34e66ca0">
      <Execution id="c018f57a-3db2-4a75-89ce-9eb50ca9df72" />
      <TestMethod codeBase="D:\actions-runner\_work\XPCO\XPCO\Corporate\VideoOS.Management.Server.UnitTests\bin\x64\Debug\net472\VideoOS.Management.Server.UnitTests.dll" adapterTypeName="executor://mstestadapter/v2" className="VideoOS.Management.Server.UnitTests.BusinessObjects.DeviceStreamsUnitTests" name="DeviceStreams_QueryStreams_Success" />
    </UnitTest>
    <UnitTest name="Validation_MotionDetectionHardwareAcceleration_Success" storage="d:\actions-runner\_work\xpco\xpco\corporate\videoos.management.server.unittests\bin\x64\debug\net472\videoos.management.server.unittests.dll" id="4f367956-382a-f2e7-be6d-281ef265c019">
      <Execution id="2c98ac1b-989c-4f22-aefd-307aab36467c" />
      <TestMethod codeBase="D:\actions-runner\_work\XPCO\XPCO\Corporate\VideoOS.Management.Server.UnitTests\bin\x64\Debug\net472\VideoOS.Management.Server.UnitTests.dll" adapterTypeName="executor://mstestadapter/v2" className="VideoOS.Management.Server.UnitTests.ValidationUnitTests" name="Validation_MotionDetectionHardwareAcceleration_Success" />
    </UnitTest>
    <UnitTest name="Build_InvisibleParameter_IsNotVisibleToUser" storage="d:\actions-runner\_work\xpco\xpco\corporate\videoos.management.server.unittests\bin\x64\debug\net472\videoos.management.server.unittests.dll" id="3e927a87-6411-d878-f2d9-0a1a66cf43e3">
      <Execution id="31dd10f5-393e-433a-8c91-cb4aaae2ee52" />
      <TestMethod codeBase="D:\actions-runner\_work\XPCO\XPCO\Corporate\VideoOS.Management.Server.UnitTests\bin\x64\Debug\net472\VideoOS.Management.Server.UnitTests.dll" adapterTypeName="executor://mstestadapter/v2" className="VideoOS.Management.Server.UnitTests.ConfigurationAPI.Rules.Builders.ConfigurationItemBuilderTests" name="Build_InvisibleParameter_IsNotVisibleToUser" />
    </UnitTest>
    <UnitTest name="GetNextProperties_WhenRecurring_LastPropertyKeyIsStartRuleType_ReturnsFrequencyTypeProperty" storage="d:\actions-runner\_work\xpco\xpco\corporate\videoos.management.server.unittests\bin\x64\debug\net472\videoos.management.server.unittests.dll" id="69ee91c0-a028-64f5-b108-7431200e925c">
      <Execution id="0d0161c1-ef32-488a-aa6a-636a4ca5f100" />
      <TestMethod codeBase="D:\actions-runner\_work\XPCO\XPCO\Corporate\VideoOS.Management.Server.UnitTests\bin\x64\Debug\net472\VideoOS.Management.Server.UnitTests.dll" adapterTypeName="executor://mstestadapter/v2" className="VideoOS.Management.Server.UnitTests.ConfigurationAPI.Rules.Methods.StartRuleTypeStepTests" name="GetNextProperties_WhenRecurring_LastPropertyKeyIsStartRuleType_ReturnsFrequencyTypeProperty" />
    </UnitTest>
    <UnitTest name="IsComplete_WhenRuleTypeIsEvent_NotAllEventRuleTypePropertiesSet_ReturnsFalse" storage="d:\actions-runner\_work\xpco\xpco\corporate\videoos.management.server.unittests\bin\x64\debug\net472\videoos.management.server.unittests.dll" id="e1e62c35-caba-287f-d9f2-b4d07ddcb251">
      <Execution id="40e41409-3a38-4bd8-b2d1-7a48c3a0f172" />
      <TestMethod codeBase="D:\actions-runner\_work\XPCO\XPCO\Corporate\VideoOS.Management.Server.UnitTests\bin\x64\Debug\net472\VideoOS.Management.Server.UnitTests.dll" adapterTypeName="executor://mstestadapter/v2" className="VideoOS.Management.Server.UnitTests.ConfigurationAPI.Rules.Methods.StopRuleTypeStepTests" name="IsComplete_WhenRuleTypeIsEvent_NotAllEventRuleTypePropertiesSet_ReturnsFalse" />
    </UnitTest>
    <UnitTest name="SendCommandSecurityVisitor_UpdateConfigurationManagerCommand_RecordingStorage_Edit_NotSupportedException" storage="d:\actions-runner\_work\xpco\xpco\corporate\videoos.management.server.unittests\bin\x64\debug\net472\videoos.management.server.unittests.dll" id="ee135215-3508-4401-d090-539cb683dd9f">
      <Execution id="509f8258-c337-4951-857a-907d39937f3f" />
      <TestMethod codeBase="D:\actions-runner\_work\XPCO\XPCO\Corporate\VideoOS.Management.Server.UnitTests\bin\x64\Debug\net472\VideoOS.Management.Server.UnitTests.dll" adapterTypeName="executor://mstestadapter/v2" className="VideoOS.Management.Server.UnitTests.SendCommandSecurityVisitorTests" name="SendCommandSecurityVisitor_UpdateConfigurationManagerCommand_RecordingStorage_Edit_NotSupportedException" />
    </UnitTest>
    <UnitTest name="SendCommandSecurityVisitor_UpdateSecurityManagerCommand_SecurityPermissionsDevice_Speaker_Delete_Allowed" storage="d:\actions-runner\_work\xpco\xpco\corporate\videoos.management.server.unittests\bin\x64\debug\net472\videoos.management.server.unittests.dll" id="08b0f78d-671b-ea35-5457-799e0365ab5f">
      <Execution id="dca48061-0bb6-411e-840d-2baf4666010b" />
      <TestMethod codeBase="D:\actions-runner\_work\XPCO\XPCO\Corporate\VideoOS.Management.Server.UnitTests\bin\x64\Debug\net472\VideoOS.Management.Server.UnitTests.dll" adapterTypeName="executor://mstestadapter/v2" className="VideoOS.Management.Server.UnitTests.SendCommandSecurityVisitorTests" name="SendCommandSecurityVisitor_UpdateSecurityManagerCommand_SecurityPermissionsDevice_Speaker_Delete_Allowed" />
    </UnitTest>
    <UnitTest name="GetItemType_WhenObjectNotExists_ReturnsNull" storage="d:\actions-runner\_work\xpco\xpco\corporate\videoos.management.server.unittests\bin\x64\debug\net472\videoos.management.server.unittests.dll" id="d66affda-3951-f7e8-e72d-7804e711b2a0">
      <Execution id="7a73af51-a064-43cb-96a8-6017b089d092" />
      <TestMethod codeBase="D:\actions-runner\_work\XPCO\XPCO\Corporate\VideoOS.Management.Server.UnitTests\bin\x64\Debug\net472\VideoOS.Management.Server.UnitTests.dll" adapterTypeName="executor://mstestadapter/v2" className="VideoOS.Management.Server.UnitTests.ConfigurationAPI.Rules.Backend.Validation.ValueValidators.TimeProfileValueValidatorTests" name="GetItemType_WhenObjectNotExists_ReturnsNull" />
    </UnitTest>
    <UnitTest name="CheckDualAuthorization_ThrowsFaultCode51000_OnNotAuthorizedUser" storage="d:\actions-runner\_work\xpco\xpco\corporate\videoos.management.server.unittests\bin\x64\debug\net472\videoos.management.server.unittests.dll" id="911f46b3-e5a8-63b9-532d-7e56cbdeba6c">
      <TestCategory>
        <TestCategoryItem TestCategory="DualAuthorization" />
      </TestCategory>
      <Execution id="b95a8e31-e43f-4abc-870f-aa3217716d0e" />
      <TestMethod codeBase="D:\actions-runner\_work\XPCO\XPCO\Corporate\VideoOS.Management.Server.UnitTests\bin\x64\Debug\net472\VideoOS.Management.Server.UnitTests.dll" adapterTypeName="executor://mstestadapter/v2" className="VideoOS.Management.Server.UnitTests.DualAuthorizationHandlingTests" name="CheckDualAuthorization_ThrowsFaultCode51000_OnNotAuthorizedUser" />
    </UnitTest>
    <UnitTest name="Validate_WhenRequiredValueButEmptyOrNullProvided_Error" storage="d:\actions-runner\_work\xpco\xpco\corporate\videoos.management.server.unittests\bin\x64\debug\net472\videoos.management.server.unittests.dll" id="d53a4c15-5dbf-ec6b-5f2c-690bdff7b17e">
      <Execution id="4d08e540-eefd-4c47-912e-89b0dfd60c83" />
      <TestMethod codeBase="D:\actions-runner\_work\XPCO\XPCO\Corporate\VideoOS.Management.Server.UnitTests\bin\x64\Debug\net472\VideoOS.Management.Server.UnitTests.dll" adapterTypeName="executor://mstestadapter/v2" className="VideoOS.Management.Server.UnitTests.ConfigurationAPI.Rules.Backend.Validation.RuleParametersValidatorTests" name="Validate_WhenRequiredValueButEmptyOrNullProvided_Error" />
    </UnitTest>
    <UnitTest name="Patch_UseElementListToUpdateItem_UseParentResourceToFindItem" storage="d:\actions-runner\_work\xpco\xpco\corporate\videoos.management.server.unittests\bin\x64\debug\net472\videoos.management.server.unittests.dll" id="a91ce14b-b9ef-6023-aa5a-e9e0dd30a6af">
      <Execution id="8f4e1711-d765-4b98-b491-072ff7287e79" />
      <TestMethod codeBase="D:\actions-runner\_work\XPCO\XPCO\Corporate\VideoOS.Management.Server.UnitTests\bin\x64\Debug\net472\VideoOS.Management.Server.UnitTests.dll" adapterTypeName="executor://mstestadapter/v2" className="VideoOS.Management.Server.UnitTests.RestApi.ConfigurationApiSubControllerTests" name="Patch_UseElementListToUpdateItem_UseParentResourceToFindItem" />
    </UnitTest>
    <UnitTest name="InvokeMethod_GetAudioFileContent_SunnyDayTest" storage="d:\actions-runner\_work\xpco\xpco\corporate\videoos.management.server.unittests\bin\x64\debug\net472\videoos.management.server.unittests.dll" id="211ed2ac-54ee-b012-376d-02ec64625548">
      <Execution id="c1521169-8fe4-44da-8177-0c90c9f62efb" />
      <TestMethod codeBase="D:\actions-runner\_work\XPCO\XPCO\Corporate\VideoOS.Management.Server.UnitTests\bin\x64\Debug\net472\VideoOS.Management.Server.UnitTests.dll" adapterTypeName="executor://mstestadapter/v2" className="VideoOS.Management.Server.UnitTests.ConfigurationAPI.BusinessObjects.AudioMessage.AudioMessageConfigurationApiTest" name="InvokeMethod_GetAudioFileContent_SunnyDayTest" />
    </UnitTest>
    <UnitTest name="RetentionTimeRule_Dispose_Success" storage="d:\actions-runner\_work\xpco\xpco\corporate\videoos.management.server.unittests\bin\x64\debug\net472\videoos.management.server.unittests.dll" id="f75834f3-77fe-f1dd-14d4-43f9890b6c92">
      <Execution id="ad2c8b61-0154-4d22-9086-29d4380cc5d6" />
      <TestMethod codeBase="D:\actions-runner\_work\XPCO\XPCO\Corporate\VideoOS.Management.Server.UnitTests\bin\x64\Debug\net472\VideoOS.Management.Server.UnitTests.dll" adapterTypeName="executor://mstestadapter/v2" className="VideoOS.Management.Server.UnitTests.BusinessObjects.ManagementServer.DataCollection.PerformanceCounterRules.RetentionTimeRuleTest" name="RetentionTimeRule_Dispose_Success" />
    </UnitTest>
    <UnitTest name="GetItem_ParamNullCheck_RequestContext" storage="d:\actions-runner\_work\xpco\xpco\corporate\videoos.management.server.unittests\bin\x64\debug\net472\videoos.management.server.unittests.dll" id="0014b922-30dd-73b7-b1ea-5493c30866ff">
      <Execution id="73e9f55f-493e-45a2-8329-5e99988d1a2f" />
      <TestMethod codeBase="D:\actions-runner\_work\XPCO\XPCO\Corporate\VideoOS.Management.Server.UnitTests\bin\x64\Debug\net472\VideoOS.Management.Server.UnitTests.dll" adapterTypeName="executor://mstestadapter/v2" className="VideoOS.Management.Server.UnitTests.ConfigurationAPI.BusinessObjects.SearchTemplate.SearchTemplateConfigurationApiTest" name="GetItem_ParamNullCheck_RequestContext" />
    </UnitTest>
    <UnitTest name="GetChildItems_WhenRulesAreNull_ReturnsEmptyList" storage="d:\actions-runner\_work\xpco\xpco\corporate\videoos.management.server.unittests\bin\x64\debug\net472\videoos.management.server.unittests.dll" id="f98ae975-f415-ab71-9982-f3c2e3370458">
      <Execution id="107bc0bd-8fdd-46ff-9464-19307ef8b36f" />
      <TestMethod codeBase="D:\actions-runner\_work\XPCO\XPCO\Corporate\VideoOS.Management.Server.UnitTests\bin\x64\Debug\net472\VideoOS.Management.Server.UnitTests.dll" adapterTypeName="executor://mstestadapter/v2" className="VideoOS.Management.Server.UnitTests.ConfigurationAPI.Rules.ConfigurationApiServiceTests" name="GetChildItems_WhenRulesAreNull_ReturnsEmptyList" />
    </UnitTest>
    <UnitTest name="SendCommandSecurityVisitor_UpdateConfigurationManagerCommand_ArchiveStorage_Add_NotSupportedException" storage="d:\actions-runner\_work\xpco\xpco\corporate\videoos.management.server.unittests\bin\x64\debug\net472\videoos.management.server.unittests.dll" id="37bff315-c981-889f-e391-c61db9c89da6">
      <Execution id="71a8636c-5273-4950-980d-1e9e4f0f5f18" />
      <TestMethod codeBase="D:\actions-runner\_work\XPCO\XPCO\Corporate\VideoOS.Management.Server.UnitTests\bin\x64\Debug\net472\VideoOS.Management.Server.UnitTests.dll" adapterTypeName="executor://mstestadapter/v2" className="VideoOS.Management.Server.UnitTests.SendCommandSecurityVisitorTests" name="SendCommandSecurityVisitor_UpdateConfigurationManagerCommand_ArchiveStorage_Add_NotSupportedException" />
    </UnitTest>
    <UnitTest name="GetNextProperties_WhenRecurring_AllPropertiesAreSet_ReturnsEmptyList" storage="d:\actions-runner\_work\xpco\xpco\corporate\videoos.management.server.unittests\bin\x64\debug\net472\videoos.management.server.unittests.dll" id="4720f406-86cf-5416-0884-5228fc7f8835">
      <Execution id="cc8cc0bb-2eac-4ab8-979d-41612ea096f0" />
      <TestMethod codeBase="D:\actions-runner\_work\XPCO\XPCO\Corporate\VideoOS.Management.Server.UnitTests\bin\x64\Debug\net472\VideoOS.Management.Server.UnitTests.dll" adapterTypeName="executor://mstestadapter/v2" className="VideoOS.Management.Server.UnitTests.ConfigurationAPI.Rules.Methods.StartRuleTypeStepTests" name="GetNextProperties_WhenRecurring_AllPropertiesAreSet_ReturnsEmptyList" />
    </UnitTest>
    <UnitTest name="Build_MIPAction_WhenParametersAreSet_ReturnsActionModel" storage="d:\actions-runner\_work\xpco\xpco\corporate\videoos.management.server.unittests\bin\x64\debug\net472\videoos.management.server.unittests.dll" id="ac695a68-6875-c07f-12bf-9e68779777df">
      <Execution id="b1384460-dbc5-42ea-8495-a1c50a51c753" />
      <TestMethod codeBase="D:\actions-runner\_work\XPCO\XPCO\Corporate\VideoOS.Management.Server.UnitTests\bin\x64\Debug\net472\VideoOS.Management.Server.UnitTests.dll" adapterTypeName="executor://mstestadapter/v2" className="VideoOS.Management.Server.UnitTests.ConfigurationAPI.Rules.Builders.RuleModelActionsBuilderTests" name="Build_MIPAction_WhenParametersAreSet_ReturnsActionModel" />
    </UnitTest>
    <UnitTest name="Invoke_WhenSecondTime_RuleNotFound" storage="d:\actions-runner\_work\xpco\xpco\corporate\videoos.management.server.unittests\bin\x64\debug\net472\videoos.management.server.unittests.dll" id="3ca23b90-0c45-6939-86f5-acd5733daffb">
      <Execution id="782154de-fd69-4ce4-b76e-9538911dff32" />
      <TestMethod codeBase="D:\actions-runner\_work\XPCO\XPCO\Corporate\VideoOS.Management.Server.UnitTests\bin\x64\Debug\net472\VideoOS.Management.Server.UnitTests.dll" adapterTypeName="executor://mstestadapter/v2" className="VideoOS.Management.Server.UnitTests.ConfigurationAPI.Rules.Methods.RemoveRuleTests" name="Invoke_WhenSecondTime_RuleNotFound" />
    </UnitTest>
    <UnitTest name="UpdateSearchTemplateFind_Public_NotAllowed" storage="d:\actions-runner\_work\xpco\xpco\corporate\videoos.management.server.unittests\bin\x64\debug\net472\videoos.management.server.unittests.dll" id="3230fd78-42da-88ca-206e-28f427f46bb9">
      <Execution id="5a0ae819-891c-4efc-b637-c8c0b257e2e5" />
      <TestMethod codeBase="D:\actions-runner\_work\XPCO\XPCO\Corporate\VideoOS.Management.Server.UnitTests\bin\x64\Debug\net472\VideoOS.Management.Server.UnitTests.dll" adapterTypeName="executor://mstestadapter/v2" className="VideoOS.Management.Server.UnitTests.BusinessObjects.ManagementServer.SearchTemplate.SearchTemplateFindTests" name="UpdateSearchTemplateFind_Public_NotAllowed" />
    </UnitTest>
    <UnitTest name="Initialize_SecretHandleThrowsRemoveFileSecretException_ExceptionIsLogAndRethrow" storage="d:\actions-runner\_work\xpco\xpco\corporate\videoos.management.server.unittests\bin\x64\debug\net472\videoos.management.server.unittests.dll" id="9ce5cf27-d52c-8811-b575-c7a58d606301">
      <Execution id="f9cbbd64-1941-4916-9188-5dfc367bcc2a" />
      <TestMethod codeBase="D:\actions-runner\_work\XPCO\XPCO\Corporate\VideoOS.Management.Server.UnitTests\bin\x64\Debug\net472\VideoOS.Management.Server.UnitTests.dll" adapterTypeName="executor://mstestadapter/v2" className="VideoOS.Management.Server.UnitTests.Integration.TokenCacheServiceUnitTests" name="Initialize_SecretHandleThrowsRemoveFileSecretException_ExceptionIsLogAndRethrow" />
    </UnitTest>
    <UnitTest name="InvokeBegin_BasicResultHasBeenSetAndIsFalse_DoNotCallDefaultInvokerAndReturnNull" storage="d:\actions-runner\_work\xpco\xpco\corporate\videoos.management.server.unittests\bin\x64\debug\net472\videoos.management.server.unittests.dll" id="4a57ada1-ba97-ef33-3455-39bc3fd6a566">
      <Execution id="b78ae014-e388-4282-9b60-45baca79f95a" />
      <TestMethod codeBase="D:\actions-runner\_work\XPCO\XPCO\Corporate\VideoOS.Management.Server.UnitTests\bin\x64\Debug\net472\VideoOS.Management.Server.UnitTests.dll" adapterTypeName="executor://mstestadapter/v2" className="VideoOS.Management.Server.UnitTests.BasicAuthentication.BasicAuthenticationInvokerTests" name="InvokeBegin_BasicResultHasBeenSetAndIsFalse_DoNotCallDefaultInvokerAndReturnNull" />
    </UnitTest>
    <UnitTest name="GetCurrentProperties_WhenActionPropertyPresentWithNoValue_ReturnsEmptyList" storage="d:\actions-runner\_work\xpco\xpco\corporate\videoos.management.server.unittests\bin\x64\debug\net472\videoos.management.server.unittests.dll" id="08b3a834-ac83-80b9-482c-362cbb49d51b">
      <Execution id="ed8cb777-514c-45d7-9a08-965abe8a79d3" />
      <TestMethod codeBase="D:\actions-runner\_work\XPCO\XPCO\Corporate\VideoOS.Management.Server.UnitTests\bin\x64\Debug\net472\VideoOS.Management.Server.UnitTests.dll" adapterTypeName="executor://mstestadapter/v2" className="VideoOS.Management.Server.UnitTests.ConfigurationAPI.Rules.Methods.StopActionsStepTests" name="GetCurrentProperties_WhenActionPropertyPresentWithNoValue_ReturnsEmptyList" />
    </UnitTest>
    <UnitTest name="Build_WhenBasicEventRule_BasicPropertiesAreSet" storage="d:\actions-runner\_work\xpco\xpco\corporate\videoos.management.server.unittests\bin\x64\debug\net472\videoos.management.server.unittests.dll" id="9808a8d3-938f-56b0-5fbb-d6add2869fa8">
      <Execution id="4187bd5c-599f-4329-bf5e-19886ae5eebd" />
      <TestMethod codeBase="D:\actions-runner\_work\XPCO\XPCO\Corporate\VideoOS.Management.Server.UnitTests\bin\x64\Debug\net472\VideoOS.Management.Server.UnitTests.dll" adapterTypeName="executor://mstestadapter/v2" className="VideoOS.Management.Server.UnitTests.ConfigurationAPI.Rules.Builders.ConfigurationItemBuilderTests" name="Build_WhenBasicEventRule_BasicPropertiesAreSet" />
    </UnitTest>
    <UnitTest name="ServerProxyService_GetDeviceRecorderPlugin_Allowed_NotFiltered" storage="d:\actions-runner\_work\xpco\xpco\corporate\videoos.management.server.unittests\bin\x64\debug\net472\videoos.management.server.unittests.dll" id="90bfb254-3b1e-6f08-e5f1-e90d3d337e1d">
      <Execution id="2a1863a2-af14-4759-a539-ae4e4d4aeae1" />
      <TestMethod codeBase="D:\actions-runner\_work\XPCO\XPCO\Corporate\VideoOS.Management.Server.UnitTests\bin\x64\Debug\net472\VideoOS.Management.Server.UnitTests.dll" adapterTypeName="executor://mstestadapter/v2" className="VideoOS.Management.Server.UnitTests.ServerProxyServiceUnitTests" name="ServerProxyService_GetDeviceRecorderPlugin_Allowed_NotFiltered" />
    </UnitTest>
    <UnitTest name="Validation_CheckAddressIntervals_NullOrEmpty_DenyNullOrEmpty_ArgumentNullException" storage="d:\actions-runner\_work\xpco\xpco\corporate\videoos.management.server.unittests\bin\x64\debug\net472\videoos.management.server.unittests.dll" id="df9b21cb-1e3c-7f95-aba2-da5a501c4385">
      <Execution id="ad01f245-9013-4f63-a984-9d8f5f6ef29a" />
      <TestMethod codeBase="D:\actions-runner\_work\XPCO\XPCO\Corporate\VideoOS.Management.Server.UnitTests\bin\x64\Debug\net472\VideoOS.Management.Server.UnitTests.dll" adapterTypeName="executor://mstestadapter/v2" className="VideoOS.Management.Server.UnitTests.ValidationUnitTests" name="Validation_CheckAddressIntervals_NullOrEmpty_DenyNullOrEmpty_ArgumentNullException" />
    </UnitTest>
    <UnitTest name="SendCommandSecurityVisitor_UpdateSecurityManagerCommand_SecurityPermissionsMatrix_Add_Allowed" storage="d:\actions-runner\_work\xpco\xpco\corporate\videoos.management.server.unittests\bin\x64\debug\net472\videoos.management.server.unittests.dll" id="38ab62ea-2acf-37d0-31bf-7a62b9550a4f">
      <Execution id="130ac6db-d793-488b-92cc-5bf19911971e" />
      <TestMethod codeBase="D:\actions-runner\_work\XPCO\XPCO\Corporate\VideoOS.Management.Server.UnitTests\bin\x64\Debug\net472\VideoOS.Management.Server.UnitTests.dll" adapterTypeName="executor://mstestadapter/v2" className="VideoOS.Management.Server.UnitTests.SendCommandSecurityVisitorTests" name="SendCommandSecurityVisitor_UpdateSecurityManagerCommand_SecurityPermissionsMatrix_Add_Allowed" />
    </UnitTest>
    <UnitTest name="GetCurrentProperties_WhenRuleTypeIsEvent_EventTypeNotSet_ReturnsRuleTypeAndEventGroupProperties" storage="d:\actions-runner\_work\xpco\xpco\corporate\videoos.management.server.unittests\bin\x64\debug\net472\videoos.management.server.unittests.dll" id="98d31eb5-6dcd-5944-ccfa-a2b792f0816e">
      <Execution id="e1adb47d-954e-4756-bde0-63e3be2f6e7b" />
      <TestMethod codeBase="D:\actions-runner\_work\XPCO\XPCO\Corporate\VideoOS.Management.Server.UnitTests\bin\x64\Debug\net472\VideoOS.Management.Server.UnitTests.dll" adapterTypeName="executor://mstestadapter/v2" className="VideoOS.Management.Server.UnitTests.ConfigurationAPI.Rules.Methods.StartRuleTypeStepTests" name="GetCurrentProperties_WhenRuleTypeIsEvent_EventTypeNotSet_ReturnsRuleTypeAndEventGroupProperties" />
    </UnitTest>
    <UnitTest name="GetNextProperties_WhenNoPropertyPresent_ReturnsAllProperties" storage="d:\actions-runner\_work\xpco\xpco\corporate\videoos.management.server.unittests\bin\x64\debug\net472\videoos.management.server.unittests.dll" id="7c4fce38-6072-e1f4-f240-2e1d6bd9ffe0">
      <Execution id="89b078e7-228d-4bcf-b514-fe4629e0dd9c" />
      <TestMethod codeBase="D:\actions-runner\_work\XPCO\XPCO\Corporate\VideoOS.Management.Server.UnitTests\bin\x64\Debug\net472\VideoOS.Management.Server.UnitTests.dll" adapterTypeName="executor://mstestadapter/v2" className="VideoOS.Management.Server.UnitTests.ConfigurationAPI.Rules.Methods.BasicInfoStepTests" name="GetNextProperties_WhenNoPropertyPresent_ReturnsAllProperties" />
    </UnitTest>
    <UnitTest name="GetChildItems_LicenseDetailCount_SunnyDay" storage="d:\actions-runner\_work\xpco\xpco\corporate\videoos.management.server.unittests\bin\x64\debug\net472\videoos.management.server.unittests.dll" id="33780b4a-0362-167f-2931-0903ee50e4bb">
      <Execution id="132bedef-1eb3-44f6-8a03-0a8b6816da23" />
      <TestMethod codeBase="D:\actions-runner\_work\XPCO\XPCO\Corporate\VideoOS.Management.Server.UnitTests\bin\x64\Debug\net472\VideoOS.Management.Server.UnitTests.dll" adapterTypeName="executor://mstestadapter/v2" className="VideoOS.Management.Server.UnitTests.ConfigurationAPI.BusinessObjects.LicenseConfigurationApiTests" name="GetChildItems_LicenseDetailCount_SunnyDay" />
    </UnitTest>
    <UnitTest name="Validate_WhenValidDailyFrequency_ValidOnceSubday_NoErrors" storage="d:\actions-runner\_work\xpco\xpco\corporate\videoos.management.server.unittests\bin\x64\debug\net472\videoos.management.server.unittests.dll" id="a5e1cbd2-7e0b-a924-435a-78975e37986c">
      <Execution id="5b6d552d-b7a0-41e3-b93b-24acba44a94d" />
      <TestMethod codeBase="D:\actions-runner\_work\XPCO\XPCO\Corporate\VideoOS.Management.Server.UnitTests\bin\x64\Debug\net472\VideoOS.Management.Server.UnitTests.dll" adapterTypeName="executor://mstestadapter/v2" className="VideoOS.Management.Server.UnitTests.ConfigurationAPI.Rules.Backend.Validation.RecurringTimeValidatorTests" name="Validate_WhenValidDailyFrequency_ValidOnceSubday_NoErrors" />
    </UnitTest>
    <UnitTest name="SendCommandSecurityVisitor_UpdateConfigurationManagerCommand_Speaker_Edit_Allowed" storage="d:\actions-runner\_work\xpco\xpco\corporate\videoos.management.server.unittests\bin\x64\debug\net472\videoos.management.server.unittests.dll" id="d8969a79-16d9-364b-1ac2-c5a682d70d8d">
      <Execution id="1d5cd627-19a9-4367-ad21-f90ba8c89663" />
      <TestMethod codeBase="D:\actions-runner\_work\XPCO\XPCO\Corporate\VideoOS.Management.Server.UnitTests\bin\x64\Debug\net472\VideoOS.Management.Server.UnitTests.dll" adapterTypeName="executor://mstestadapter/v2" className="VideoOS.Management.Server.UnitTests.SendCommandSecurityVisitorTests" name="SendCommandSecurityVisitor_UpdateConfigurationManagerCommand_Speaker_Edit_Allowed" />
    </UnitTest>
    <UnitTest name="IsComplete_WhenAlwaysAndWithinTimeProfilePropertiesSet_ReturnsTrue" storage="d:\actions-runner\_work\xpco\xpco\corporate\videoos.management.server.unittests\bin\x64\debug\net472\videoos.management.server.unittests.dll" id="473e138a-0666-3912-0d65-7803a6fdd9d7">
      <Execution id="995f45d0-20c2-4491-a294-7b6538a41996" />
      <TestMethod codeBase="D:\actions-runner\_work\XPCO\XPCO\Corporate\VideoOS.Management.Server.UnitTests\bin\x64\Debug\net472\VideoOS.Management.Server.UnitTests.dll" adapterTypeName="executor://mstestadapter/v2" className="VideoOS.Management.Server.UnitTests.ConfigurationAPI.Rules.Methods.StartConditionsStepTest" name="IsComplete_WhenAlwaysAndWithinTimeProfilePropertiesSet_ReturnsTrue" />
    </UnitTest>
    <UnitTest name="InvokeMethod_RemoveAudioFile_GetParamsTest" storage="d:\actions-runner\_work\xpco\xpco\corporate\videoos.management.server.unittests\bin\x64\debug\net472\videoos.management.server.unittests.dll" id="a519bae2-17a5-c157-df36-0bc9d416770f">
      <Execution id="2e54066b-3636-4f2f-a585-0fcf59a926e8" />
      <TestMethod codeBase="D:\actions-runner\_work\XPCO\XPCO\Corporate\VideoOS.Management.Server.UnitTests\bin\x64\Debug\net472\VideoOS.Management.Server.UnitTests.dll" adapterTypeName="executor://mstestadapter/v2" className="VideoOS.Management.Server.UnitTests.ConfigurationAPI.BusinessObjects.AudioMessage.AudioMessageFolderConfigurationApiTest" name="InvokeMethod_RemoveAudioFile_GetParamsTest" />
    </UnitTest>
    <UnitTest name="Validate_WhenWrongKind_ReturnsFalse" storage="d:\actions-runner\_work\xpco\xpco\corporate\videoos.management.server.unittests\bin\x64\debug\net472\videoos.management.server.unittests.dll" id="bd416e6d-b08a-89a4-c54b-b6e757ff2a4f">
      <Execution id="e85f7aad-c77a-4f3f-b37c-1f9d1e764476" />
      <TestMethod codeBase="D:\actions-runner\_work\XPCO\XPCO\Corporate\VideoOS.Management.Server.UnitTests\bin\x64\Debug\net472\VideoOS.Management.Server.UnitTests.dll" adapterTypeName="executor://mstestadapter/v2" className="VideoOS.Management.Server.UnitTests.ConfigurationAPI.Rules.Backend.Validation.ValueValidators.PluginItemParameterValueValidatorTests" name="Validate_WhenWrongKind_ReturnsFalse" />
    </UnitTest>
    <UnitTest name="RoleMappingNoUser" storage="d:\actions-runner\_work\xpco\xpco\corporate\videoos.management.server.unittests\bin\x64\debug\net472\videoos.management.server.unittests.dll" id="da282361-f9f3-be24-c7a2-3b0727d16037">
      <Execution id="1cd2a8f6-abc7-4bec-b952-99f4edba4da9" />
      <TestMethod codeBase="D:\actions-runner\_work\XPCO\XPCO\Corporate\VideoOS.Management.Server.UnitTests\bin\x64\Debug\net472\VideoOS.Management.Server.UnitTests.dll" adapterTypeName="executor://mstestadapter/v2" className="VideoOS.Management.Server.UnitTests.ClaimToRoleMapperTest" name="RoleMappingNoUser" />
    </UnitTest>
    <UnitTest name="TaskTrucateDeviceStorageSecurityProvider_Read_Check_Not_Allowed" storage="d:\actions-runner\_work\xpco\xpco\corporate\videoos.management.server.unittests\bin\x64\debug\net472\videoos.management.server.unittests.dll" id="e140b4d8-f8d1-dcd2-4b43-b6af738523fe">
      <Execution id="e6b3ea1e-7329-49ba-b670-b7b754a71649" />
      <TestMethod codeBase="D:\actions-runner\_work\XPCO\XPCO\Corporate\VideoOS.Management.Server.UnitTests\bin\x64\Debug\net472\VideoOS.Management.Server.UnitTests.dll" adapterTypeName="executor://mstestadapter/v2" className="VideoOS.Management.Server.UnitTests.Security.TaskSecurityProvicerTest" name="TaskTrucateDeviceStorageSecurityProvider_Read_Check_Not_Allowed" />
    </UnitTest>
    <UnitTest name="GetArrayOfItems_OnlyEnabledItems" storage="d:\actions-runner\_work\xpco\xpco\corporate\videoos.management.server.unittests\bin\x64\debug\net472\videoos.management.server.unittests.dll" id="18eba892-6d79-774c-5ded-f649d65db97d">
      <Execution id="0b00499a-9e4f-42d8-9f80-979cade73719" />
      <TestMethod codeBase="D:\actions-runner\_work\XPCO\XPCO\Corporate\VideoOS.Management.Server.UnitTests\bin\x64\Debug\net472\VideoOS.Management.Server.UnitTests.dll" adapterTypeName="executor://mstestadapter/v2" className="VideoOS.Management.Server.UnitTests.RestApi.ConfigurationApiSubControllerTests" name="GetArrayOfItems_OnlyEnabledItems" />
    </UnitTest>
    <UnitTest name="UpdateMotionDetectionValidation_Success" storage="d:\actions-runner\_work\xpco\xpco\corporate\videoos.management.server.unittests\bin\x64\debug\net472\videoos.management.server.unittests.dll" id="806e13d7-7f5a-bb0c-7b08-0d878a1eee98">
      <Execution id="8fe7140b-6acf-49dc-bed7-ece2ee8d797a" />
      <TestMethod codeBase="D:\actions-runner\_work\XPCO\XPCO\Corporate\VideoOS.Management.Server.UnitTests\bin\x64\Debug\net472\VideoOS.Management.Server.UnitTests.dll" adapterTypeName="executor://mstestadapter/v2" className="VideoOS.Management.Server.UnitTests.BusinessObjects.DeviceMotionDetectionUnitTests" name="UpdateMotionDetectionValidation_Success" />
    </UnitTest>
    <UnitTest name="GetChildItems_ParamNullCheck_RequestContextTest" storage="d:\actions-runner\_work\xpco\xpco\corporate\videoos.management.server.unittests\bin\x64\debug\net472\videoos.management.server.unittests.dll" id="c99c8936-85a4-2dd3-5ada-b03212932188">
      <Execution id="c871c67f-8b18-4a72-a682-93e0ec4a7f16" />
      <TestMethod codeBase="D:\actions-runner\_work\XPCO\XPCO\Corporate\VideoOS.Management.Server.UnitTests\bin\x64\Debug\net472\VideoOS.Management.Server.UnitTests.dll" adapterTypeName="executor://mstestadapter/v2" className="VideoOS.Management.Server.UnitTests.ConfigurationAPI.BusinessObjects.AudioMessage.AudioMessageFolderConfigurationApiTest" name="GetChildItems_ParamNullCheck_RequestContextTest" />
    </UnitTest>
    <UnitTest name="TestRootReadAllowed" storage="d:\actions-runner\_work\xpco\xpco\corporate\videoos.management.server.unittests\bin\x64\debug\net472\videoos.management.server.unittests.dll" id="eee56311-fba4-2503-aa87-6f1e5fb92b84">
      <Execution id="326b8661-d10f-4cf5-a33e-6536d679db6b" />
      <TestMethod codeBase="D:\actions-runner\_work\XPCO\XPCO\Corporate\VideoOS.Management.Server.UnitTests\bin\x64\Debug\net472\VideoOS.Management.Server.UnitTests.dll" adapterTypeName="executor://mstestadapter/v2" className="VideoOS.Management.Server.UnitTests.PermissionTests" name="TestRootReadAllowed" />
    </UnitTest>
    <UnitTest name="GetXml_WhenRuleTypeIsMonthlyAndOnce_MatchesXml" storage="d:\actions-runner\_work\xpco\xpco\corporate\videoos.management.server.unittests\bin\x64\debug\net472\videoos.management.server.unittests.dll" id="b723420d-9aed-b119-7d84-f67e499141fc">
      <Execution id="c35ea0e2-f0dc-47fc-8352-1a63c922363b" />
      <TestMethod codeBase="D:\actions-runner\_work\XPCO\XPCO\Corporate\VideoOS.Management.Server.UnitTests\bin\x64\Debug\net472\VideoOS.Management.Server.UnitTests.dll" adapterTypeName="executor://mstestadapter/v2" className="VideoOS.Management.Server.UnitTests.ConfigurationAPI.Rules.Backend.Builders.RuleTypeXmlBuilderTests" name="GetXml_WhenRuleTypeIsMonthlyAndOnce_MatchesXml" />
    </UnitTest>
    <UnitTest name="InvokeMethod_InvalidPath2Test" storage="d:\actions-runner\_work\xpco\xpco\corporate\videoos.management.server.unittests\bin\x64\debug\net472\videoos.management.server.unittests.dll" id="58d35d93-eca7-cf07-5e4b-8f1eaf217685">
      <Execution id="4b496f35-9de2-4513-9bab-96a8eca2489b" />
      <TestMethod codeBase="D:\actions-runner\_work\XPCO\XPCO\Corporate\VideoOS.Management.Server.UnitTests\bin\x64\Debug\net472\VideoOS.Management.Server.UnitTests.dll" adapterTypeName="executor://mstestadapter/v2" className="VideoOS.Management.Server.UnitTests.ConfigurationAPI.BusinessObjects.AudioMessage.AudioMessageFolderConfigurationApiTest" name="InvokeMethod_InvalidPath2Test" />
    </UnitTest>
    <UnitTest name="ConfigurationItemPath_CreateFolderPath_ParentPathNull_ArgumentNullException" storage="d:\actions-runner\_work\xpco\xpco\corporate\videoos.management.server.unittests\bin\x64\debug\net472\videoos.management.server.unittests.dll" id="896e63c2-addb-2a68-6da4-58f11bc0cc6c">
      <Execution id="43dfdde4-3d71-401f-a459-0a7ae4df278b" />
      <TestMethod codeBase="D:\actions-runner\_work\XPCO\XPCO\Corporate\VideoOS.Management.Server.UnitTests\bin\x64\Debug\net472\VideoOS.Management.Server.UnitTests.dll" adapterTypeName="executor://mstestadapter/v2" className="VideoOS.Management.Server.UnitTests.ConfigurationAPI.ConfigurationItemPathTests" name="ConfigurationItemPath_CreateFolderPath_ParentPathNull_ArgumentNullException" />
    </UnitTest>
    <UnitTest name="GetXml_WhenActionIsSetDeviceOutputState_MatchesXml" storage="d:\actions-runner\_work\xpco\xpco\corporate\videoos.management.server.unittests\bin\x64\debug\net472\videoos.management.server.unittests.dll" id="7aa27c89-24be-7840-a1e3-e4b3433af667">
      <Execution id="036ef8be-9114-4573-8efb-d688739c23e4" />
      <TestMethod codeBase="D:\actions-runner\_work\XPCO\XPCO\Corporate\VideoOS.Management.Server.UnitTests\bin\x64\Debug\net472\VideoOS.Management.Server.UnitTests.dll" adapterTypeName="executor://mstestadapter/v2" className="VideoOS.Management.Server.UnitTests.ConfigurationAPI.Rules.Backend.Builders.ActionXmlBuilderTests" name="GetXml_WhenActionIsSetDeviceOutputState_MatchesXml" />
    </UnitTest>
    <UnitTest name="Invoke_WhenSecondTime_PerformsAction" storage="d:\actions-runner\_work\xpco\xpco\corporate\videoos.management.server.unittests\bin\x64\debug\net472\videoos.management.server.unittests.dll" id="b5b6d81c-c6b5-5b1e-6194-e9cc72b1b442">
      <Execution id="ca7dfb19-524a-44a6-a045-916c99e80f87" />
      <TestMethod codeBase="D:\actions-runner\_work\XPCO\XPCO\Corporate\VideoOS.Management.Server.UnitTests\bin\x64\Debug\net472\VideoOS.Management.Server.UnitTests.dll" adapterTypeName="executor://mstestadapter/v2" className="VideoOS.Management.Server.UnitTests.ConfigurationAPI.BusinessObjects.LprMatchList.Methods.AddMatchListTests" name="Invoke_WhenSecondTime_PerformsAction" />
    </UnitTest>
    <UnitTest name="ServerProxyService_GetDevicesByHardwareId_Allowed_NotFiltered" storage="d:\actions-runner\_work\xpco\xpco\corporate\videoos.management.server.unittests\bin\x64\debug\net472\videoos.management.server.unittests.dll" id="666d6788-a383-69be-e976-255665b07996">
      <Execution id="f77515ec-bcf5-48a9-be4e-288a0a430139" />
      <TestMethod codeBase="D:\actions-runner\_work\XPCO\XPCO\Corporate\VideoOS.Management.Server.UnitTests\bin\x64\Debug\net472\VideoOS.Management.Server.UnitTests.dll" adapterTypeName="executor://mstestadapter/v2" className="VideoOS.Management.Server.UnitTests.ServerProxyServiceUnitTests" name="ServerProxyService_GetDevicesByHardwareId_Allowed_NotFiltered" />
    </UnitTest>
    <UnitTest name="SendCommandSecurityVisitor_UpdateConfigurationManagerCommand_UserDefinedEvent_Add_Allowed" storage="d:\actions-runner\_work\xpco\xpco\corporate\videoos.management.server.unittests\bin\x64\debug\net472\videoos.management.server.unittests.dll" id="886b5d6a-c4ee-4582-fe8c-f05c914a483e">
      <Execution id="0d2674c4-0af5-4860-9508-7d813da16165" />
      <TestMethod codeBase="D:\actions-runner\_work\XPCO\XPCO\Corporate\VideoOS.Management.Server.UnitTests\bin\x64\Debug\net472\VideoOS.Management.Server.UnitTests.dll" adapterTypeName="executor://mstestadapter/v2" className="VideoOS.Management.Server.UnitTests.SendCommandSecurityVisitorTests" name="SendCommandSecurityVisitor_UpdateConfigurationManagerCommand_UserDefinedEvent_Add_Allowed" />
    </UnitTest>
    <UnitTest name="Build_MoveToPresetParametersAreSet_PropertiesAdded" storage="d:\actions-runner\_work\xpco\xpco\corporate\videoos.management.server.unittests\bin\x64\debug\net472\videoos.management.server.unittests.dll" id="6a5fd668-1f4a-d01d-3955-c976a327e807">
      <Execution id="d9e1962c-150d-42dd-95b0-0cb11f0d121d" />
      <TestMethod codeBase="D:\actions-runner\_work\XPCO\XPCO\Corporate\VideoOS.Management.Server.UnitTests\bin\x64\Debug\net472\VideoOS.Management.Server.UnitTests.dll" adapterTypeName="executor://mstestadapter/v2" className="VideoOS.Management.Server.UnitTests.ConfigurationAPI.Rules.Builders.ConfigurationItemBuilderTests" name="Build_MoveToPresetParametersAreSet_PropertiesAdded" />
    </UnitTest>
    <UnitTest name="GetItemType_WhenRecorderExists_ReturnsCorrectItemType" storage="d:\actions-runner\_work\xpco\xpco\corporate\videoos.management.server.unittests\bin\x64\debug\net472\videoos.management.server.unittests.dll" id="3e0c92c8-4b2d-c55c-ce7e-7e106191b56c">
      <Execution id="ebed3f41-5af0-4f81-b796-8bd0277252a7" />
      <TestMethod codeBase="D:\actions-runner\_work\XPCO\XPCO\Corporate\VideoOS.Management.Server.UnitTests\bin\x64\Debug\net472\VideoOS.Management.Server.UnitTests.dll" adapterTypeName="executor://mstestadapter/v2" className="VideoOS.Management.Server.UnitTests.ConfigurationAPI.Rules.Backend.Validation.SystemDashboardServerParameterValueValidatorTests" name="GetItemType_WhenRecorderExists_ReturnsCorrectItemType" />
    </UnitTest>
    <UnitTest name="Validate_WhenDeviceActionButGuidIsNull_Error" storage="d:\actions-runner\_work\xpco\xpco\corporate\videoos.management.server.unittests\bin\x64\debug\net472\videoos.management.server.unittests.dll" id="68aa6394-f828-d414-47a2-25572bb76438">
      <Execution id="921b1465-0342-4f87-a274-2e94dc445417" />
      <TestMethod codeBase="D:\actions-runner\_work\XPCO\XPCO\Corporate\VideoOS.Management.Server.UnitTests\bin\x64\Debug\net472\VideoOS.Management.Server.UnitTests.dll" adapterTypeName="executor://mstestadapter/v2" className="VideoOS.Management.Server.UnitTests.ConfigurationAPI.Rules.Backend.Validation.ValidatorIntegrationTests" name="Validate_WhenDeviceActionButGuidIsNull_Error" />
    </UnitTest>
    <UnitTest name="Get_Item_SetEncryptionMethod_Success" storage="d:\actions-runner\_work\xpco\xpco\corporate\videoos.management.server.unittests\bin\x64\debug\net472\videoos.management.server.unittests.dll" id="ed31b289-fe39-59b8-143c-241038f93f79">
      <Execution id="c5a1d6cd-bf92-4331-a259-cfc5e18086ea" />
      <TestMethod codeBase="D:\actions-runner\_work\XPCO\XPCO\Corporate\VideoOS.Management.Server.UnitTests\bin\x64\Debug\net472\VideoOS.Management.Server.UnitTests.dll" adapterTypeName="executor://mstestadapter/v2" className="VideoOS.Management.Server.UnitTests.ConfigurationAPI.TaskConfigurationApiTest" name="Get_Item_SetEncryptionMethod_Success" />
    </UnitTest>
    <UnitTest name="InvokeMethod_ParamCheck_UnknownMethodIdTest" storage="d:\actions-runner\_work\xpco\xpco\corporate\videoos.management.server.unittests\bin\x64\debug\net472\videoos.management.server.unittests.dll" id="d459f334-529c-cd18-802f-f98a42c20196">
      <Execution id="ba0f9991-11dd-4977-92b9-e514bf872965" />
      <TestMethod codeBase="D:\actions-runner\_work\XPCO\XPCO\Corporate\VideoOS.Management.Server.UnitTests\bin\x64\Debug\net472\VideoOS.Management.Server.UnitTests.dll" adapterTypeName="executor://mstestadapter/v2" className="VideoOS.Management.Server.UnitTests.ConfigurationAPI.BusinessObjects.AudioMessage.AudioMessageFolderConfigurationApiTest" name="InvokeMethod_ParamCheck_UnknownMethodIdTest" />
    </UnitTest>
    <UnitTest name="InvokeMethod_ParamNullCheck_ParentPath" storage="d:\actions-runner\_work\xpco\xpco\corporate\videoos.management.server.unittests\bin\x64\debug\net472\videoos.management.server.unittests.dll" id="9135b311-de2f-68f9-7e3b-0f848a2245d2">
      <Execution id="6011cd2d-3ec5-45bf-a383-d38c66bef8ee" />
      <TestMethod codeBase="D:\actions-runner\_work\XPCO\XPCO\Corporate\VideoOS.Management.Server.UnitTests\bin\x64\Debug\net472\VideoOS.Management.Server.UnitTests.dll" adapterTypeName="executor://mstestadapter/v2" className="VideoOS.Management.Server.UnitTests.ConfigurationAPI.BusinessObjects.SearchTemplate.SearchTemplateConfigurationApiTest" name="InvokeMethod_ParamNullCheck_ParentPath" />
    </UnitTest>
    <UnitTest name="SystemSettingsManager_ConvertToClientValue_NonExistant" storage="d:\actions-runner\_work\xpco\xpco\corporate\videoos.management.server.unittests\bin\x64\debug\net472\videoos.management.server.unittests.dll" id="3df4e2e8-1215-386e-5764-6f1c42ae63b4">
      <Execution id="11755a71-9508-4bf7-874a-593a8135c3cd" />
      <TestMethod codeBase="D:\actions-runner\_work\XPCO\XPCO\Corporate\VideoOS.Management.Server.UnitTests\bin\x64\Debug\net472\VideoOS.Management.Server.UnitTests.dll" adapterTypeName="executor://mstestadapter/v2" className="VideoOS.Management.Server.UnitTests.SystemSettingsManagerTests" name="SystemSettingsManager_ConvertToClientValue_NonExistant" />
    </UnitTest>
    <UnitTest name="CheckDualAuthorization_DeletesInvalidCookies_OnUserNeedingAuthorization" storage="d:\actions-runner\_work\xpco\xpco\corporate\videoos.management.server.unittests\bin\x64\debug\net472\videoos.management.server.unittests.dll" id="0c8b86a9-672a-fee1-d718-decfa014d179">
      <TestCategory>
        <TestCategoryItem TestCategory="DualAuthorization" />
      </TestCategory>
      <Execution id="ab5d74cf-1f18-4bb2-a49f-3c8b10770101" />
      <TestMethod codeBase="D:\actions-runner\_work\XPCO\XPCO\Corporate\VideoOS.Management.Server.UnitTests\bin\x64\Debug\net472\VideoOS.Management.Server.UnitTests.dll" adapterTypeName="executor://mstestadapter/v2" className="VideoOS.Management.Server.UnitTests.DualAuthorizationHandlingTests" name="CheckDualAuthorization_DeletesInvalidCookies_OnUserNeedingAuthorization" />
    </UnitTest>
    <UnitTest name="GetCurrentProperties_WhenOnlyDescriptionPropertyIsPresent_ReturnsProperties" storage="d:\actions-runner\_work\xpco\xpco\corporate\videoos.management.server.unittests\bin\x64\debug\net472\videoos.management.server.unittests.dll" id="0a750dc6-f6e3-60ac-2190-12bf3e168f6b">
      <Execution id="fadaf737-8217-4805-aa3c-50cdfb497925" />
      <TestMethod codeBase="D:\actions-runner\_work\XPCO\XPCO\Corporate\VideoOS.Management.Server.UnitTests\bin\x64\Debug\net472\VideoOS.Management.Server.UnitTests.dll" adapterTypeName="executor://mstestadapter/v2" className="VideoOS.Management.Server.UnitTests.ConfigurationAPI.Rules.Methods.BasicInfoStepTests" name="GetCurrentProperties_WhenOnlyDescriptionPropertyIsPresent_ReturnsProperties" />
    </UnitTest>
    <UnitTest name="CalculateStandardErrorSuccess" storage="d:\actions-runner\_work\xpco\xpco\corporate\videoos.management.server.unittests\bin\x64\debug\net472\videoos.management.server.unittests.dll" id="4529e5b2-f114-81dd-adcb-18fe8e2dd231">
      <Execution id="d8eeb2b5-5a9d-4454-a475-f2a9d3e6f7fa" />
      <TestMethod codeBase="D:\actions-runner\_work\XPCO\XPCO\Corporate\VideoOS.Management.Server.UnitTests\bin\x64\Debug\net472\VideoOS.Management.Server.UnitTests.dll" adapterTypeName="executor://mstestadapter/v2" className="VideoOS.Management.Server.UnitTests.BusinessObjects.RetentionTimeForecastTest" name="CalculateStandardErrorSuccess" />
    </UnitTest>
    <UnitTest name="GetLogin_MethodCalled_CorrectMethodIsCalledOnIdpAdministrationClient" storage="d:\actions-runner\_work\xpco\xpco\corporate\videoos.management.server.unittests\bin\x64\debug\net472\videoos.management.server.unittests.dll" id="3a076aa3-b0bd-9e63-5452-4d9f17681d3e">
      <Execution id="9e0e4543-4e95-4e58-baf0-0cc98b725d61" />
      <TestMethod codeBase="D:\actions-runner\_work\XPCO\XPCO\Corporate\VideoOS.Management.Server.UnitTests\bin\x64\Debug\net472\VideoOS.Management.Server.UnitTests.dll" adapterTypeName="executor://mstestadapter/v2" className="VideoOS.Management.Server.UnitTests.DataComponents.Idp.UserIdpComponentTests" name="GetLogin_MethodCalled_CorrectMethodIsCalledOnIdpAdministrationClient" />
    </UnitTest>
    <UnitTest name="Pagination_ReturnsEmptySubset_WhenNoMatchingItemsAvailable" storage="d:\actions-runner\_work\xpco\xpco\corporate\videoos.management.server.unittests\bin\x64\debug\net472\videoos.management.server.unittests.dll" id="f175a018-5ea8-f1d3-92f7-61c4345d69a7">
      <Execution id="980b9dab-0f85-4f30-b160-a0de92213726" />
      <TestMethod codeBase="D:\actions-runner\_work\XPCO\XPCO\Corporate\VideoOS.Management.Server.UnitTests\bin\x64\Debug\net472\VideoOS.Management.Server.UnitTests.dll" adapterTypeName="executor://mstestadapter/v2" className="VideoOS.Management.Server.UnitTests.RestApi.ConfigurationApiManagerTests" name="Pagination_ReturnsEmptySubset_WhenNoMatchingItemsAvailable" />
    </UnitTest>
    <UnitTest name="Build_WhenStartRecurringTimeAsStartRuleType_RecurringTimeModelIsSet" storage="d:\actions-runner\_work\xpco\xpco\corporate\videoos.management.server.unittests\bin\x64\debug\net472\videoos.management.server.unittests.dll" id="1326b336-521f-8c2b-6f61-f1b190c3d816">
      <Execution id="2d861a90-760f-47d2-a2d7-b3e0732f5608" />
      <TestMethod codeBase="D:\actions-runner\_work\XPCO\XPCO\Corporate\VideoOS.Management.Server.UnitTests\bin\x64\Debug\net472\VideoOS.Management.Server.UnitTests.dll" adapterTypeName="executor://mstestadapter/v2" className="VideoOS.Management.Server.UnitTests.ConfigurationAPI.Rules.Builders.RuleModelBuilderTests" name="Build_WhenStartRecurringTimeAsStartRuleType_RecurringTimeModelIsSet" />
    </UnitTest>
    <UnitTest name="SidUtilityIsCorporateIdentityForRoleWithGuidTest" storage="d:\actions-runner\_work\xpco\xpco\corporate\videoos.management.server.unittests\bin\x64\debug\net472\videoos.management.server.unittests.dll" id="92f72acd-24d2-046e-1f0b-5f817b140238">
      <Execution id="a174e242-2d30-4858-b9ed-b3be547ff944" />
      <TestMethod codeBase="D:\actions-runner\_work\XPCO\XPCO\Corporate\VideoOS.Management.Server.UnitTests\bin\x64\Debug\net472\VideoOS.Management.Server.UnitTests.dll" adapterTypeName="executor://mstestadapter/v2" className="VideoOS.Management.Server.UnitTests.Security.SidUtilsTest" name="SidUtilityIsCorporateIdentityForRoleWithGuidTest" />
    </UnitTest>
    <UnitTest name="SendCommandSecurityVisitor_UpdateConfigurationManagerCommand_Microphone_Delete_NoSecurityCheck" storage="d:\actions-runner\_work\xpco\xpco\corporate\videoos.management.server.unittests\bin\x64\debug\net472\videoos.management.server.unittests.dll" id="e03e55f4-6d18-e45a-d7b7-207693087a2f">
      <Execution id="6291652b-fad5-4083-87ab-5855486ed6c9" />
      <TestMethod codeBase="D:\actions-runner\_work\XPCO\XPCO\Corporate\VideoOS.Management.Server.UnitTests\bin\x64\Debug\net472\VideoOS.Management.Server.UnitTests.dll" adapterTypeName="executor://mstestadapter/v2" className="VideoOS.Management.Server.UnitTests.SendCommandSecurityVisitorTests" name="SendCommandSecurityVisitor_UpdateConfigurationManagerCommand_Microphone_Delete_NoSecurityCheck" />
    </UnitTest>
    <UnitTest name="GetNextProperties_WhenNoPropertyIsSetForStopRule_ReturnsProperty" storage="d:\actions-runner\_work\xpco\xpco\corporate\videoos.management.server.unittests\bin\x64\debug\net472\videoos.management.server.unittests.dll" id="342faa1b-4715-f92b-3a72-bac2d89c020a">
      <Execution id="30cb750b-093b-4783-81a7-5fa491404381" />
      <TestMethod codeBase="D:\actions-runner\_work\XPCO\XPCO\Corporate\VideoOS.Management.Server.UnitTests\bin\x64\Debug\net472\VideoOS.Management.Server.UnitTests.dll" adapterTypeName="executor://mstestadapter/v2" className="VideoOS.Management.Server.UnitTests.ConfigurationAPI.Rules.Methods.StopRuleTypeStepTests" name="GetNextProperties_WhenNoPropertyIsSetForStopRule_ReturnsProperty" />
    </UnitTest>
    <UnitTest name="GetItemType_WhenObjectNotExists_ReturnsNull" storage="d:\actions-runner\_work\xpco\xpco\corporate\videoos.management.server.unittests\bin\x64\debug\net472\videoos.management.server.unittests.dll" id="60048fd0-f628-2414-5f44-2abc735cad01">
      <Execution id="debcad27-28e9-4f2a-9017-0d09bd980835" />
      <TestMethod codeBase="D:\actions-runner\_work\XPCO\XPCO\Corporate\VideoOS.Management.Server.UnitTests\bin\x64\Debug\net472\VideoOS.Management.Server.UnitTests.dll" adapterTypeName="executor://mstestadapter/v2" className="VideoOS.Management.Server.UnitTests.ConfigurationAPI.Rules.Backend.Validation.SystemDashboardServerParameterValueValidatorTests" name="GetItemType_WhenObjectNotExists_ReturnsNull" />
    </UnitTest>
    <UnitTest name="GetChildItems_InvalidPathTest" storage="d:\actions-runner\_work\xpco\xpco\corporate\videoos.management.server.unittests\bin\x64\debug\net472\videoos.management.server.unittests.dll" id="f0e4a144-ad8a-055e-b92b-4d19dc96ecf4">
      <Execution id="d26eb2db-c167-4f8e-b4cc-62998e2b9aa7" />
      <TestMethod codeBase="D:\actions-runner\_work\XPCO\XPCO\Corporate\VideoOS.Management.Server.UnitTests\bin\x64\Debug\net472\VideoOS.Management.Server.UnitTests.dll" adapterTypeName="executor://mstestadapter/v2" className="VideoOS.Management.Server.UnitTests.ConfigurationAPI.BusinessObjects.CustomProperties.CustomPropertiesConfigurationApiTest" name="GetChildItems_InvalidPathTest" />
    </UnitTest>
    <UnitTest name="Get_Item_Path_Is_Null_ArgumentNullException_Expected" storage="d:\actions-runner\_work\xpco\xpco\corporate\videoos.management.server.unittests\bin\x64\debug\net472\videoos.management.server.unittests.dll" id="36d4b285-3005-86be-36ef-b4c5ca9a610a">
      <Execution id="495dabf8-8ba2-49d9-b064-fb53ef77901b" />
      <TestMethod codeBase="D:\actions-runner\_work\XPCO\XPCO\Corporate\VideoOS.Management.Server.UnitTests\bin\x64\Debug\net472\VideoOS.Management.Server.UnitTests.dll" adapterTypeName="executor://mstestadapter/v2" className="VideoOS.Management.Server.UnitTests.ConfigurationAPI.TaskConfigurationApiTest" name="Get_Item_Path_Is_Null_ArgumentNullException_Expected" />
    </UnitTest>
    <UnitTest name="GetChildItems_SunnyDayTest_Top" storage="d:\actions-runner\_work\xpco\xpco\corporate\videoos.management.server.unittests\bin\x64\debug\net472\videoos.management.server.unittests.dll" id="38031f87-f9dd-c256-cf8a-ce0fbfb8029d">
      <Execution id="75162e2f-c9ca-49f9-9a1f-b6a84943a4a3" />
      <TestMethod codeBase="D:\actions-runner\_work\XPCO\XPCO\Corporate\VideoOS.Management.Server.UnitTests\bin\x64\Debug\net472\VideoOS.Management.Server.UnitTests.dll" adapterTypeName="executor://mstestadapter/v2" className="VideoOS.Management.Server.UnitTests.ConfigurationAPI.BusinessObjects.SiteConfigurationApiTest" name="GetChildItems_SunnyDayTest_Top" />
    </UnitTest>
    <UnitTest name="CheckAllConfigApiItemTypesAreDefined" storage="d:\actions-runner\_work\xpco\xpco\corporate\videoos.management.server.unittests\bin\x64\debug\net472\videoos.management.server.unittests.dll" id="06521295-17b0-77ad-11d1-f50ce32e117a">
      <Execution id="813d0cb7-9d44-48bd-a3ef-d73826a406ed" />
      <TestMethod codeBase="D:\actions-runner\_work\XPCO\XPCO\Corporate\VideoOS.Management.Server.UnitTests\bin\x64\Debug\net472\VideoOS.Management.Server.UnitTests.dll" adapterTypeName="executor://mstestadapter/v2" className="VideoOS.Management.Server.UnitTests.RestApi.NameConvertTests" name="CheckAllConfigApiItemTypesAreDefined" />
    </UnitTest>
    <UnitTest name="ConstructSqlSelect_SunnyDay_Translate" storage="d:\actions-runner\_work\xpco\xpco\corporate\videoos.management.server.unittests\bin\x64\debug\net472\videoos.management.server.unittests.dll" id="7fbedb4f-6a4c-f407-8868-47e5e079ab4e">
      <Execution id="4dc83c83-4c65-4f0c-a115-06470e0e7480" />
      <TestMethod codeBase="D:\actions-runner\_work\XPCO\XPCO\Corporate\VideoOS.Management.Server.UnitTests\bin\x64\Debug\net472\VideoOS.Management.Server.UnitTests.dll" adapterTypeName="executor://mstestadapter/v2" className="VideoOS.Management.Server.UnitTests.ConfigurationAPI.Converters.SqlQueryFormatterTests" name="ConstructSqlSelect_SunnyDay_Translate" />
    </UnitTest>
    <UnitTest name="GetChildItems_BasicInformation_SunnyDay" storage="d:\actions-runner\_work\xpco\xpco\corporate\videoos.management.server.unittests\bin\x64\debug\net472\videoos.management.server.unittests.dll" id="cbb28db9-25b7-7c42-aa1f-7fd42e9ae8f4">
      <Execution id="67af19c9-2a28-4c0e-93b1-f2b08fc8f142" />
      <TestMethod codeBase="D:\actions-runner\_work\XPCO\XPCO\Corporate\VideoOS.Management.Server.UnitTests\bin\x64\Debug\net472\VideoOS.Management.Server.UnitTests.dll" adapterTypeName="executor://mstestadapter/v2" className="VideoOS.Management.Server.UnitTests.ConfigurationAPI.BusinessObjects.BasicOwnerInformationConfigurationApiTests" name="GetChildItems_BasicInformation_SunnyDay" />
    </UnitTest>
    <UnitTest name="ConfigurationItemPath_CreateItemPath_InvalidId_ArgumentException" storage="d:\actions-runner\_work\xpco\xpco\corporate\videoos.management.server.unittests\bin\x64\debug\net472\videoos.management.server.unittests.dll" id="f893917c-3e3d-b650-9013-9dce08e52a48">
      <Execution id="9f500e76-de80-4092-b80d-620d5bd4182e" />
      <TestMethod codeBase="D:\actions-runner\_work\XPCO\XPCO\Corporate\VideoOS.Management.Server.UnitTests\bin\x64\Debug\net472\VideoOS.Management.Server.UnitTests.dll" adapterTypeName="executor://mstestadapter/v2" className="VideoOS.Management.Server.UnitTests.ConfigurationAPI.ConfigurationItemPathTests" name="ConfigurationItemPath_CreateItemPath_InvalidId_ArgumentException" />
    </UnitTest>
    <UnitTest name="ScheduledAction_StopSchedule_NoDisposeORCancel" storage="d:\actions-runner\_work\xpco\xpco\corporate\videoos.management.server.unittests\bin\x64\debug\net472\videoos.management.server.unittests.dll" id="2c52d721-bb08-97d2-8ea2-d56fe66f459b">
      <Execution id="f28aa16b-9372-466e-91d5-6afaefc16534" />
      <TestMethod codeBase="D:\actions-runner\_work\XPCO\XPCO\Corporate\VideoOS.Management.Server.UnitTests\bin\x64\Debug\net472\VideoOS.Management.Server.UnitTests.dll" adapterTypeName="executor://mstestadapter/v2" className="VideoOS.Management.Server.UnitTests.BusinessObjects.ManagementServer.DataCollection.ScheduledAction.ScheduledActionTest" name="ScheduledAction_StopSchedule_NoDisposeORCancel" />
    </UnitTest>
    <UnitTest name="Pagination_ReturnsAllItems_WhenPageSizeIsZero" storage="d:\actions-runner\_work\xpco\xpco\corporate\videoos.management.server.unittests\bin\x64\debug\net472\videoos.management.server.unittests.dll" id="f8ede5be-5ef9-92ed-a090-733a0d31a60b">
      <Execution id="1ef74f17-312a-4b71-bfbf-085edc374d45" />
      <TestMethod codeBase="D:\actions-runner\_work\XPCO\XPCO\Corporate\VideoOS.Management.Server.UnitTests\bin\x64\Debug\net472\VideoOS.Management.Server.UnitTests.dll" adapterTypeName="executor://mstestadapter/v2" className="VideoOS.Management.Server.UnitTests.RestApi.ConfigurationApiManagerTests" name="Pagination_ReturnsAllItems_WhenPageSizeIsZero" />
    </UnitTest>
    <UnitTest name="Validate_WhenMonthlyRelativeFrequency_DayParameterIsEmpty_ReturnsError" storage="d:\actions-runner\_work\xpco\xpco\corporate\videoos.management.server.unittests\bin\x64\debug\net472\videoos.management.server.unittests.dll" id="06f3d6b6-6333-e543-ba4d-d2991aa00dd6">
      <Execution id="08de26a3-a630-43ef-8aa3-f2944cab3319" />
      <TestMethod codeBase="D:\actions-runner\_work\XPCO\XPCO\Corporate\VideoOS.Management.Server.UnitTests\bin\x64\Debug\net472\VideoOS.Management.Server.UnitTests.dll" adapterTypeName="executor://mstestadapter/v2" className="VideoOS.Management.Server.UnitTests.ConfigurationAPI.Rules.Backend.Validation.RecurringTimeValidatorTests" name="Validate_WhenMonthlyRelativeFrequency_DayParameterIsEmpty_ReturnsError" />
    </UnitTest>
    <UnitTest name="GetItem_ParamNullCheck_RequestContextTest" storage="d:\actions-runner\_work\xpco\xpco\corporate\videoos.management.server.unittests\bin\x64\debug\net472\videoos.management.server.unittests.dll" id="95e7b987-1695-9579-d778-1d0449069c63">
      <Execution id="b9e415db-cd20-4aad-bf67-3215b3aa47c5" />
      <TestMethod codeBase="D:\actions-runner\_work\XPCO\XPCO\Corporate\VideoOS.Management.Server.UnitTests\bin\x64\Debug\net472\VideoOS.Management.Server.UnitTests.dll" adapterTypeName="executor://mstestadapter/v2" className="VideoOS.Management.Server.UnitTests.ConfigurationAPI.BusinessObjects.CustomProperties.CustomPropertiesConfigurationApiTest" name="GetItem_ParamNullCheck_RequestContextTest" />
    </UnitTest>
    <UnitTest name="TryParseConditions_WhenRegionNodeHasNoNameAttribute_ReturnsFalse" storage="d:\actions-runner\_work\xpco\xpco\corporate\videoos.management.server.unittests\bin\x64\debug\net472\videoos.management.server.unittests.dll" id="6208b6c9-ed04-7456-f6ed-a52f305b6372">
      <Execution id="26fde926-acfc-4e9c-bc64-ab9a23ac6829" />
      <TestMethod codeBase="D:\actions-runner\_work\XPCO\XPCO\Corporate\VideoOS.Management.Server.UnitTests\bin\x64\Debug\net472\VideoOS.Management.Server.UnitTests.dll" adapterTypeName="executor://mstestadapter/v2" className="VideoOS.Management.Server.UnitTests.ConfigurationAPI.Rules.Backend.Builders.ConditionsParserTests" name="TryParseConditions_WhenRegionNodeHasNoNameAttribute_ReturnsFalse" />
    </UnitTest>
    <UnitTest name="ErrorModel_SunnyDay_Test_WithConfigApiPath" storage="d:\actions-runner\_work\xpco\xpco\corporate\videoos.management.server.unittests\bin\x64\debug\net472\videoos.management.server.unittests.dll" id="24f635a8-be15-d98d-2cf8-19863b1e85b4">
      <Execution id="c84e54cc-5a9c-48a6-8623-423abd434d99" />
      <TestMethod codeBase="D:\actions-runner\_work\XPCO\XPCO\Corporate\VideoOS.Management.Server.UnitTests\bin\x64\Debug\net472\VideoOS.Management.Server.UnitTests.dll" adapterTypeName="executor://mstestadapter/v2" className="VideoOS.Management.Server.UnitTests.RestApi.ErrorModelTests" name="ErrorModel_SunnyDay_Test_WithConfigApiPath" />
    </UnitTest>
    <UnitTest name="Validate_WhenRuleHasStopRule_ReturnsError" storage="d:\actions-runner\_work\xpco\xpco\corporate\videoos.management.server.unittests\bin\x64\debug\net472\videoos.management.server.unittests.dll" id="a8871676-ce17-d390-bb0c-a516e476f500">
      <Execution id="75bdab5b-4cf2-40dc-b780-09361236488b" />
      <TestMethod codeBase="D:\actions-runner\_work\XPCO\XPCO\Corporate\VideoOS.Management.Server.UnitTests\bin\x64\Debug\net472\VideoOS.Management.Server.UnitTests.dll" adapterTypeName="executor://mstestadapter/v2" className="VideoOS.Management.Server.UnitTests.ConfigurationAPI.Rules.Backend.Validation.RecurringTimeValidatorTests" name="Validate_WhenRuleHasStopRule_ReturnsError" />
    </UnitTest>
    <UnitTest name="Get_UnknownResource_ExceptionNotCaught" storage="d:\actions-runner\_work\xpco\xpco\corporate\videoos.management.server.unittests\bin\x64\debug\net472\videoos.management.server.unittests.dll" id="4883f623-f9f5-050b-0f3d-b6b82b95d70f">
      <Execution id="3dbb22ed-36e7-4b6a-809d-c962f07e3e81" />
      <TestMethod codeBase="D:\actions-runner\_work\XPCO\XPCO\Corporate\VideoOS.Management.Server.UnitTests\bin\x64\Debug\net472\VideoOS.Management.Server.UnitTests.dll" adapterTypeName="executor://mstestadapter/v2" className="VideoOS.Management.Server.UnitTests.RestApi.ArrayOfItemsControllerTests" name="Get_UnknownResource_ExceptionNotCaught" />
    </UnitTest>
    <UnitTest name="Post_InvokeMethod_ValidTaskOnConfigurationItem_UseIdAndChildResourceName" storage="d:\actions-runner\_work\xpco\xpco\corporate\videoos.management.server.unittests\bin\x64\debug\net472\videoos.management.server.unittests.dll" id="2914802c-61a2-86f6-ad19-c9cd794017ae">
      <Execution id="32c3e170-7267-47d9-ae4c-237412d80b1e" />
      <TestMethod codeBase="D:\actions-runner\_work\XPCO\XPCO\Corporate\VideoOS.Management.Server.UnitTests\bin\x64\Debug\net472\VideoOS.Management.Server.UnitTests.dll" adapterTypeName="executor://mstestadapter/v2" className="VideoOS.Management.Server.UnitTests.RestApi.ConfigurationApiSubControllerTests" name="Post_InvokeMethod_ValidTaskOnConfigurationItem_UseIdAndChildResourceName" />
    </UnitTest>
    <UnitTest name="Build_CreateLogEntry_WhenParametersAreSet_ReturnsActionModel" storage="d:\actions-runner\_work\xpco\xpco\corporate\videoos.management.server.unittests\bin\x64\debug\net472\videoos.management.server.unittests.dll" id="9529ded6-4121-6185-73b8-0668cd91a608">
      <Execution id="df9a3f20-3528-43b5-bed7-08cd3ad474c2" />
      <TestMethod codeBase="D:\actions-runner\_work\XPCO\XPCO\Corporate\VideoOS.Management.Server.UnitTests\bin\x64\Debug\net472\VideoOS.Management.Server.UnitTests.dll" adapterTypeName="executor://mstestadapter/v2" className="VideoOS.Management.Server.UnitTests.ConfigurationAPI.Rules.Builders.RuleModelActionsBuilderTests" name="Build_CreateLogEntry_WhenParametersAreSet_ReturnsActionModel" />
    </UnitTest>
    <UnitTest name="Validation_ValidateDouble_Success" storage="d:\actions-runner\_work\xpco\xpco\corporate\videoos.management.server.unittests\bin\x64\debug\net472\videoos.management.server.unittests.dll" id="137c9624-42b2-0eab-ef11-6ef02fd583fb">
      <Execution id="36d0eb6b-44d1-4186-8121-5ba914654f3a" />
      <TestMethod codeBase="D:\actions-runner\_work\XPCO\XPCO\Corporate\VideoOS.Management.Server.UnitTests\bin\x64\Debug\net472\VideoOS.Management.Server.UnitTests.dll" adapterTypeName="executor://mstestadapter/v2" className="VideoOS.Management.Server.UnitTests.ValidationUnitTests" name="Validation_ValidateDouble_Success" />
    </UnitTest>
    <UnitTest name="SendCommandSecurityVisitor_ServerFileSystemOperationCommand_ArgumentNullException" storage="d:\actions-runner\_work\xpco\xpco\corporate\videoos.management.server.unittests\bin\x64\debug\net472\videoos.management.server.unittests.dll" id="e125132d-6249-5a44-895a-6576dd216a8b">
      <Execution id="0858d860-d1e7-4a5f-bb57-5ed2b74a9889" />
      <TestMethod codeBase="D:\actions-runner\_work\XPCO\XPCO\Corporate\VideoOS.Management.Server.UnitTests\bin\x64\Debug\net472\VideoOS.Management.Server.UnitTests.dll" adapterTypeName="executor://mstestadapter/v2" className="VideoOS.Management.Server.UnitTests.SendCommandSecurityVisitorTests" name="SendCommandSecurityVisitor_ServerFileSystemOperationCommand_ArgumentNullException" />
    </UnitTest>
    <UnitTest name="Validate_WhenObjectExists_ReturnsTrue" storage="d:\actions-runner\_work\xpco\xpco\corporate\videoos.management.server.unittests\bin\x64\debug\net472\videoos.management.server.unittests.dll" id="e1c4b2c8-6421-3b0d-74db-306ed248dfc8">
      <Execution id="97c437fd-2e2b-4c99-af69-296fafe61869" />
      <TestMethod codeBase="D:\actions-runner\_work\XPCO\XPCO\Corporate\VideoOS.Management.Server.UnitTests\bin\x64\Debug\net472\VideoOS.Management.Server.UnitTests.dll" adapterTypeName="executor://mstestadapter/v2" className="VideoOS.Management.Server.UnitTests.ConfigurationAPI.Rules.Backend.Validation.ValueValidators.DeviceGroupParameterValueValidatorTests" name="Validate_WhenObjectExists_ReturnsTrue" />
    </UnitTest>
    <UnitTest name="Build_WhenTimerHasNoTimeNode_ReturnsFalse" storage="d:\actions-runner\_work\xpco\xpco\corporate\videoos.management.server.unittests\bin\x64\debug\net472\videoos.management.server.unittests.dll" id="d9d20f7a-1d7e-e48b-8437-649e9912da2c">
      <Execution id="fe7802e3-904f-4c96-b45f-b91ef1f75f5c" />
      <TestMethod codeBase="D:\actions-runner\_work\XPCO\XPCO\Corporate\VideoOS.Management.Server.UnitTests\bin\x64\Debug\net472\VideoOS.Management.Server.UnitTests.dll" adapterTypeName="executor://mstestadapter/v2" className="VideoOS.Management.Server.UnitTests.ConfigurationAPI.Rules.Backend.Builders.RuleTypeParserTests" name="Build_WhenTimerHasNoTimeNode_ReturnsFalse" />
    </UnitTest>
    <UnitTest name="Build_TimeBetween_WhenFalse_ParametersNotSet_ConditionNotAdded" storage="d:\actions-runner\_work\xpco\xpco\corporate\videoos.management.server.unittests\bin\x64\debug\net472\videoos.management.server.unittests.dll" id="299a4df5-9ec1-8b47-f100-5378fe8b02f0">
      <Execution id="9d591398-57b3-4f89-9dfe-b2e2cda3aac8" />
      <TestMethod codeBase="D:\actions-runner\_work\XPCO\XPCO\Corporate\VideoOS.Management.Server.UnitTests\bin\x64\Debug\net472\VideoOS.Management.Server.UnitTests.dll" adapterTypeName="executor://mstestadapter/v2" className="VideoOS.Management.Server.UnitTests.ConfigurationAPI.Rules.Builders.RuleModelConditionsBuilderTests" name="Build_TimeBetween_WhenFalse_ParametersNotSet_ConditionNotAdded" />
    </UnitTest>
    <UnitTest name="Validate_WhenMonthlyFrequency_ValueInDayParameterLessThan1_ReturnsError" storage="d:\actions-runner\_work\xpco\xpco\corporate\videoos.management.server.unittests\bin\x64\debug\net472\videoos.management.server.unittests.dll" id="6b6e0df7-b9a4-0054-0386-907ded9800bd">
      <Execution id="8533a071-da00-46d3-81ad-161b28b64e4d" />
      <TestMethod codeBase="D:\actions-runner\_work\XPCO\XPCO\Corporate\VideoOS.Management.Server.UnitTests\bin\x64\Debug\net472\VideoOS.Management.Server.UnitTests.dll" adapterTypeName="executor://mstestadapter/v2" className="VideoOS.Management.Server.UnitTests.ConfigurationAPI.Rules.Backend.Validation.RecurringTimeValidatorTests" name="Validate_WhenMonthlyFrequency_ValueInDayParameterLessThan1_ReturnsError" />
    </UnitTest>
    <UnitTest name="Test_Hierarchy_MyFolder1_User_Allowed_Read_Write" storage="d:\actions-runner\_work\xpco\xpco\corporate\videoos.management.server.unittests\bin\x64\debug\net472\videoos.management.server.unittests.dll" id="69403a1e-ad04-4352-a605-0272221d5985">
      <Execution id="039ab30b-42f7-4404-8ec5-40cf06b14a77" />
      <TestMethod codeBase="D:\actions-runner\_work\XPCO\XPCO\Corporate\VideoOS.Management.Server.UnitTests\bin\x64\Debug\net472\VideoOS.Management.Server.UnitTests.dll" adapterTypeName="executor://mstestadapter/v2" className="VideoOS.Management.Server.UnitTests.PermissionTests" name="Test_Hierarchy_MyFolder1_User_Allowed_Read_Write" />
    </UnitTest>
    <UnitTest name="Validate_WhenSubdayTypeOnce_TimeIsOver24Hours_ReturnsError" storage="d:\actions-runner\_work\xpco\xpco\corporate\videoos.management.server.unittests\bin\x64\debug\net472\videoos.management.server.unittests.dll" id="d19fcbc7-6154-a4e0-dd6a-408fde760277">
      <Execution id="051e9809-30b0-4dc3-bd29-581ad100c6f5" />
      <TestMethod codeBase="D:\actions-runner\_work\XPCO\XPCO\Corporate\VideoOS.Management.Server.UnitTests\bin\x64\Debug\net472\VideoOS.Management.Server.UnitTests.dll" adapterTypeName="executor://mstestadapter/v2" className="VideoOS.Management.Server.UnitTests.ConfigurationAPI.Rules.Backend.Validation.RecurringTimeValidatorTests" name="Validate_WhenSubdayTypeOnce_TimeIsOver24Hours_ReturnsError" />
    </UnitTest>
    <UnitTest name="SendCommandSecurityVisitor_RecorderTaskFailedCommand_NotSupportedException" storage="d:\actions-runner\_work\xpco\xpco\corporate\videoos.management.server.unittests\bin\x64\debug\net472\videoos.management.server.unittests.dll" id="5d6ac493-3745-69c2-aa0e-a2a33b1dbae2">
      <Execution id="51f4c764-608b-4072-b72d-ec0268d2e34b" />
      <TestMethod codeBase="D:\actions-runner\_work\XPCO\XPCO\Corporate\VideoOS.Management.Server.UnitTests\bin\x64\Debug\net472\VideoOS.Management.Server.UnitTests.dll" adapterTypeName="executor://mstestadapter/v2" className="VideoOS.Management.Server.UnitTests.SendCommandSecurityVisitorTests" name="SendCommandSecurityVisitor_RecorderTaskFailedCommand_NotSupportedException" />
    </UnitTest>
    <UnitTest name="AsyncRetryExecutionRetrySuccessTest" storage="d:\actions-runner\_work\xpco\xpco\corporate\videoos.management.server.unittests\bin\x64\debug\net472\videoos.management.server.unittests.dll" id="1ee21a4d-a147-33c1-0f9f-fea74e23e0c4">
      <Execution id="9faab125-2d53-4a6f-8939-658d583205d4" />
      <TestMethod codeBase="D:\actions-runner\_work\XPCO\XPCO\Corporate\VideoOS.Management.Server.UnitTests\bin\x64\Debug\net472\VideoOS.Management.Server.UnitTests.dll" adapterTypeName="executor://mstestadapter/v2" className="VideoOS.Management.Server.UnitTests.BusinessObjects.AsyncRetryExecutionTest" name="AsyncRetryExecutionRetrySuccessTest" />
    </UnitTest>
    <UnitTest name="SendCommandSecurityVisitor_Ctor_RequestContext_Null_ArgumentNullException" storage="d:\actions-runner\_work\xpco\xpco\corporate\videoos.management.server.unittests\bin\x64\debug\net472\videoos.management.server.unittests.dll" id="42819a01-7426-0f72-a9f1-3f2bca7df73a">
      <Execution id="b8d61d9b-0ddb-4500-8c9b-309017167125" />
      <TestMethod codeBase="D:\actions-runner\_work\XPCO\XPCO\Corporate\VideoOS.Management.Server.UnitTests\bin\x64\Debug\net472\VideoOS.Management.Server.UnitTests.dll" adapterTypeName="executor://mstestadapter/v2" className="VideoOS.Management.Server.UnitTests.SendCommandSecurityVisitorTests" name="SendCommandSecurityVisitor_Ctor_RequestContext_Null_ArgumentNullException" />
    </UnitTest>
    <UnitTest name="TryParseRuleType_FrequencyMonthly_FirstOfEveryOtherMonth_ReturnsTrue" storage="d:\actions-runner\_work\xpco\xpco\corporate\videoos.management.server.unittests\bin\x64\debug\net472\videoos.management.server.unittests.dll" id="b8195a0a-74d4-3cea-c5df-70e616f5d77c">
      <Execution id="29a012fd-ac07-40aa-a3d7-e9bb0a696765" />
      <TestMethod codeBase="D:\actions-runner\_work\XPCO\XPCO\Corporate\VideoOS.Management.Server.UnitTests\bin\x64\Debug\net472\VideoOS.Management.Server.UnitTests.dll" adapterTypeName="executor://mstestadapter/v2" className="VideoOS.Management.Server.UnitTests.ConfigurationAPI.Rules.Backend.Builders.RuleTypeParserRecurringTimeTests" name="TryParseRuleType_FrequencyMonthly_FirstOfEveryOtherMonth_ReturnsTrue" />
    </UnitTest>
    <UnitTest name="SystemSettingsManager_CheckGetPermissions_Existing" storage="d:\actions-runner\_work\xpco\xpco\corporate\videoos.management.server.unittests\bin\x64\debug\net472\videoos.management.server.unittests.dll" id="8e259604-a6ad-7686-7a0c-58f8eabe9a97">
      <Execution id="213cb176-e7a1-4885-97ee-b8d8da280f27" />
      <TestMethod codeBase="D:\actions-runner\_work\XPCO\XPCO\Corporate\VideoOS.Management.Server.UnitTests\bin\x64\Debug\net472\VideoOS.Management.Server.UnitTests.dll" adapterTypeName="executor://mstestadapter/v2" className="VideoOS.Management.Server.UnitTests.SystemSettingsManagerTests" name="SystemSettingsManager_CheckGetPermissions_Existing" />
    </UnitTest>
    <UnitTest name="GetCurrentProperties_WhenRuleTypeIsEvent_EventTypeNotPresent_ReturnsRuleTypeAndEventGroupProperties" storage="d:\actions-runner\_work\xpco\xpco\corporate\videoos.management.server.unittests\bin\x64\debug\net472\videoos.management.server.unittests.dll" id="5c07e6f5-2241-5461-9d29-c9bac2b74f64">
      <Execution id="94f92f3a-bada-408b-b7ed-4deec85051d8" />
      <TestMethod codeBase="D:\actions-runner\_work\XPCO\XPCO\Corporate\VideoOS.Management.Server.UnitTests\bin\x64\Debug\net472\VideoOS.Management.Server.UnitTests.dll" adapterTypeName="executor://mstestadapter/v2" className="VideoOS.Management.Server.UnitTests.ConfigurationAPI.Rules.Methods.StopRuleTypeStepTests" name="GetCurrentProperties_WhenRuleTypeIsEvent_EventTypeNotPresent_ReturnsRuleTypeAndEventGroupProperties" />
    </UnitTest>
    <UnitTest name="Get_Item_SetEncryptionPassword_Success" storage="d:\actions-runner\_work\xpco\xpco\corporate\videoos.management.server.unittests\bin\x64\debug\net472\videoos.management.server.unittests.dll" id="60b70ff9-1bba-3942-b6e8-ada62bd3c6d1">
      <Execution id="c7c445b6-fa46-4521-9f9d-02982ee85046" />
      <TestMethod codeBase="D:\actions-runner\_work\XPCO\XPCO\Corporate\VideoOS.Management.Server.UnitTests\bin\x64\Debug\net472\VideoOS.Management.Server.UnitTests.dll" adapterTypeName="executor://mstestadapter/v2" className="VideoOS.Management.Server.UnitTests.ConfigurationAPI.TaskConfigurationApiTest" name="Get_Item_SetEncryptionPassword_Success" />
    </UnitTest>
    <UnitTest name="Put_UnknownResource_ExceptionNotCaught" storage="d:\actions-runner\_work\xpco\xpco\corporate\videoos.management.server.unittests\bin\x64\debug\net472\videoos.management.server.unittests.dll" id="b00ebc64-1c1c-d270-033b-90ee916141b9">
      <Execution id="b5cd5a7a-f528-4485-8107-755353ea0b61" />
      <TestMethod codeBase="D:\actions-runner\_work\XPCO\XPCO\Corporate\VideoOS.Management.Server.UnitTests\bin\x64\Debug\net472\VideoOS.Management.Server.UnitTests.dll" adapterTypeName="executor://mstestadapter/v2" className="VideoOS.Management.Server.UnitTests.RestApi.SpecificItemControllerTests" name="Put_UnknownResource_ExceptionNotCaught" />
    </UnitTest>
    <UnitTest name="EnsureIsRunning_IdpExceptionThrown_IsConvertedToAuthorizationServerException" storage="d:\actions-runner\_work\xpco\xpco\corporate\videoos.management.server.unittests\bin\x64\debug\net472\videoos.management.server.unittests.dll" id="d800d0f7-4e07-b2af-edee-50e36821827b">
      <Execution id="60377535-bb83-47dd-9169-440479cde329" />
      <TestMethod codeBase="D:\actions-runner\_work\XPCO\XPCO\Corporate\VideoOS.Management.Server.UnitTests\bin\x64\Debug\net472\VideoOS.Management.Server.UnitTests.dll" adapterTypeName="executor://mstestadapter/v2" className="VideoOS.Management.Server.UnitTests.Integration.TokenCacheServiceUnitTests" name="EnsureIsRunning_IdpExceptionThrown_IsConvertedToAuthorizationServerException" />
    </UnitTest>
    <UnitTest name="GetCurrentProperties_WhenInvalidAlwaysIsSet_ThrowsArgumentException" storage="d:\actions-runner\_work\xpco\xpco\corporate\videoos.management.server.unittests\bin\x64\debug\net472\videoos.management.server.unittests.dll" id="7830a3ad-257a-2e31-7073-ccd058330421">
      <Execution id="cca565b4-2d5c-48a9-b74a-821c772a23e3" />
      <TestMethod codeBase="D:\actions-runner\_work\XPCO\XPCO\Corporate\VideoOS.Management.Server.UnitTests\bin\x64\Debug\net472\VideoOS.Management.Server.UnitTests.dll" adapterTypeName="executor://mstestadapter/v2" className="VideoOS.Management.Server.UnitTests.ConfigurationAPI.Rules.Methods.StartConditionsStepTest" name="GetCurrentProperties_WhenInvalidAlwaysIsSet_ThrowsArgumentException" />
    </UnitTest>
    <UnitTest name="Build_WhenRetrieveEdgeStorage_ReturnsProperties" storage="d:\actions-runner\_work\xpco\xpco\corporate\videoos.management.server.unittests\bin\x64\debug\net472\videoos.management.server.unittests.dll" id="b83b8f1a-d6c3-4842-1d8a-66fafc1e4f04">
      <Execution id="ba48b332-e165-4357-8202-9ee355faf1ea" />
      <TestMethod codeBase="D:\actions-runner\_work\XPCO\XPCO\Corporate\VideoOS.Management.Server.UnitTests\bin\x64\Debug\net472\VideoOS.Management.Server.UnitTests.dll" adapterTypeName="executor://mstestadapter/v2" className="VideoOS.Management.Server.UnitTests.ConfigurationAPI.Rules.Builders.ConfigurationItemActionBuilderTests" name="Build_WhenRetrieveEdgeStorage_ReturnsProperties" />
    </UnitTest>
    <UnitTest name="Validate_WhenInvalidMonitor_ReturnsFalse" storage="d:\actions-runner\_work\xpco\xpco\corporate\videoos.management.server.unittests\bin\x64\debug\net472\videoos.management.server.unittests.dll" id="935d9152-0722-64e7-6686-80958d6225ec">
      <Execution id="89bdf908-2bf2-4ea6-9f69-cf6f2a5c10e9" />
      <TestMethod codeBase="D:\actions-runner\_work\XPCO\XPCO\Corporate\VideoOS.Management.Server.UnitTests\bin\x64\Debug\net472\VideoOS.Management.Server.UnitTests.dll" adapterTypeName="executor://mstestadapter/v2" className="VideoOS.Management.Server.UnitTests.ConfigurationAPI.Rules.Backend.Validation.MonitorParameterValueValidatorTests" name="Validate_WhenInvalidMonitor_ReturnsFalse" />
    </UnitTest>
    <UnitTest name="TryParseConditions_WhenTimeBetweenHasNoValueToken_ReturnsFalse" storage="d:\actions-runner\_work\xpco\xpco\corporate\videoos.management.server.unittests\bin\x64\debug\net472\videoos.management.server.unittests.dll" id="3c50c9d9-0461-e1c8-aa58-f2ca0117b1dd">
      <Execution id="d97eb587-44e6-4458-ab8e-408fed64c363" />
      <TestMethod codeBase="D:\actions-runner\_work\XPCO\XPCO\Corporate\VideoOS.Management.Server.UnitTests\bin\x64\Debug\net472\VideoOS.Management.Server.UnitTests.dll" adapterTypeName="executor://mstestadapter/v2" className="VideoOS.Management.Server.UnitTests.ConfigurationAPI.Rules.Backend.Builders.ConditionsParserTests" name="TryParseConditions_WhenTimeBetweenHasNoValueToken_ReturnsFalse" />
    </UnitTest>
    <UnitTest name="GetCurrentProperties_WhenRuleTypeIsEvent_InvalidEventType_ReturnsRuleTypeAndEventGroupProperties" storage="d:\actions-runner\_work\xpco\xpco\corporate\videoos.management.server.unittests\bin\x64\debug\net472\videoos.management.server.unittests.dll" id="b9a10330-c6c3-600d-4432-4f9f9dc6dc76">
      <Execution id="b3975493-5e07-40c9-8394-702bac0ede4d" />
      <TestMethod codeBase="D:\actions-runner\_work\XPCO\XPCO\Corporate\VideoOS.Management.Server.UnitTests\bin\x64\Debug\net472\VideoOS.Management.Server.UnitTests.dll" adapterTypeName="executor://mstestadapter/v2" className="VideoOS.Management.Server.UnitTests.ConfigurationAPI.Rules.Methods.StopRuleTypeStepTests" name="GetCurrentProperties_WhenRuleTypeIsEvent_InvalidEventType_ReturnsRuleTypeAndEventGroupProperties" />
    </UnitTest>
    <UnitTest name="Build_WhenTimerHasInvalidTimeValue_ReturnsFalse" storage="d:\actions-runner\_work\xpco\xpco\corporate\videoos.management.server.unittests\bin\x64\debug\net472\videoos.management.server.unittests.dll" id="02653525-3321-baad-99d6-16c7f57d03e1">
      <Execution id="1234cc49-0826-490b-8680-b58644d22a41" />
      <TestMethod codeBase="D:\actions-runner\_work\XPCO\XPCO\Corporate\VideoOS.Management.Server.UnitTests\bin\x64\Debug\net472\VideoOS.Management.Server.UnitTests.dll" adapterTypeName="executor://mstestadapter/v2" className="VideoOS.Management.Server.UnitTests.ConfigurationAPI.Rules.Backend.Builders.RuleTypeParserTests" name="Build_WhenTimerHasInvalidTimeValue_ReturnsFalse" />
    </UnitTest>
    <UnitTest name="Validate_WhenValidVideoWall_ReturnsTrue" storage="d:\actions-runner\_work\xpco\xpco\corporate\videoos.management.server.unittests\bin\x64\debug\net472\videoos.management.server.unittests.dll" id="2c3d1696-7ed6-064b-fc9b-a5490e2041fe">
      <Execution id="648e17f7-0160-4a45-9ecb-cf5fa38e232a" />
      <TestMethod codeBase="D:\actions-runner\_work\XPCO\XPCO\Corporate\VideoOS.Management.Server.UnitTests\bin\x64\Debug\net472\VideoOS.Management.Server.UnitTests.dll" adapterTypeName="executor://mstestadapter/v2" className="VideoOS.Management.Server.UnitTests.ConfigurationAPI.Rules.Backend.Validation.VideoWallParameterValueValidatorTests" name="Validate_WhenValidVideoWall_ReturnsTrue" />
    </UnitTest>
    <UnitTest name="GetNextProperties_WhenTimeBetweenPropertyWithStartAndEndTime_ReturnsProperties" storage="d:\actions-runner\_work\xpco\xpco\corporate\videoos.management.server.unittests\bin\x64\debug\net472\videoos.management.server.unittests.dll" id="1c316d47-e2e6-740f-9152-f3508e6afbda">
      <Execution id="95aea99d-1452-4caa-8526-b2251c776799" />
      <TestMethod codeBase="D:\actions-runner\_work\XPCO\XPCO\Corporate\VideoOS.Management.Server.UnitTests\bin\x64\Debug\net472\VideoOS.Management.Server.UnitTests.dll" adapterTypeName="executor://mstestadapter/v2" className="VideoOS.Management.Server.UnitTests.ConfigurationAPI.Rules.Methods.StartConditionsStepTest" name="GetNextProperties_WhenTimeBetweenPropertyWithStartAndEndTime_ReturnsProperties" />
    </UnitTest>
    <UnitTest name="GetNextProperties_WhenRuleTypeIsEvent_EventTypeNotPresent_ReturnsEventTypeProperty" storage="d:\actions-runner\_work\xpco\xpco\corporate\videoos.management.server.unittests\bin\x64\debug\net472\videoos.management.server.unittests.dll" id="b0560660-fbbf-5251-4c74-e7dcd4ddc7ab">
      <Execution id="b60201f8-2de4-44ac-af60-cfaa8f62a2ed" />
      <TestMethod codeBase="D:\actions-runner\_work\XPCO\XPCO\Corporate\VideoOS.Management.Server.UnitTests\bin\x64\Debug\net472\VideoOS.Management.Server.UnitTests.dll" adapterTypeName="executor://mstestadapter/v2" className="VideoOS.Management.Server.UnitTests.ConfigurationAPI.Rules.Methods.StopRuleTypeStepTests" name="GetNextProperties_WhenRuleTypeIsEvent_EventTypeNotPresent_ReturnsEventTypeProperty" />
    </UnitTest>
    <UnitTest name="SendCommandSecurityVisitor_RecorderStatusCommand_ArgumentNullException" storage="d:\actions-runner\_work\xpco\xpco\corporate\videoos.management.server.unittests\bin\x64\debug\net472\videoos.management.server.unittests.dll" id="76e785a1-fec2-832a-66f8-2c5a33a9b285">
      <Execution id="6b980742-d098-4e28-a3db-c34da7d02997" />
      <TestMethod codeBase="D:\actions-runner\_work\XPCO\XPCO\Corporate\VideoOS.Management.Server.UnitTests\bin\x64\Debug\net472\VideoOS.Management.Server.UnitTests.dll" adapterTypeName="executor://mstestadapter/v2" className="VideoOS.Management.Server.UnitTests.SendCommandSecurityVisitorTests" name="SendCommandSecurityVisitor_RecorderStatusCommand_ArgumentNullException" />
    </UnitTest>
    <UnitTest name="RetentionTimeRule_RuleActionAsync_NullStorageCounters_ShouldReturn" storage="d:\actions-runner\_work\xpco\xpco\corporate\videoos.management.server.unittests\bin\x64\debug\net472\videoos.management.server.unittests.dll" id="37cac0d6-e412-fc55-f9f9-46f1fd583271">
      <Execution id="f697976e-5892-408a-a17a-ec3a4ae47450" />
      <TestMethod codeBase="D:\actions-runner\_work\XPCO\XPCO\Corporate\VideoOS.Management.Server.UnitTests\bin\x64\Debug\net472\VideoOS.Management.Server.UnitTests.dll" adapterTypeName="executor://mstestadapter/v2" className="VideoOS.Management.Server.UnitTests.BusinessObjects.ManagementServer.DataCollection.PerformanceCounterRules.RetentionTimeRuleTest" name="RetentionTimeRule_RuleActionAsync_NullStorageCounters_ShouldReturn" />
    </UnitTest>
    <UnitTest name="GetXml_WhenRuleTypeIsTimeInterval_MatchesXml" storage="d:\actions-runner\_work\xpco\xpco\corporate\videoos.management.server.unittests\bin\x64\debug\net472\videoos.management.server.unittests.dll" id="87efe1c9-1be2-7f87-8071-877776b75fe0">
      <Execution id="8febf7f2-6d8c-4d90-a77a-2d8591fe2325" />
      <TestMethod codeBase="D:\actions-runner\_work\XPCO\XPCO\Corporate\VideoOS.Management.Server.UnitTests\bin\x64\Debug\net472\VideoOS.Management.Server.UnitTests.dll" adapterTypeName="executor://mstestadapter/v2" className="VideoOS.Management.Server.UnitTests.ConfigurationAPI.Rules.Backend.Builders.RuleTypeXmlBuilderTests" name="GetXml_WhenRuleTypeIsTimeInterval_MatchesXml" />
    </UnitTest>
    <UnitTest name="TaskStorageSecurityProvider_Read_Check_Not_Allowed" storage="d:\actions-runner\_work\xpco\xpco\corporate\videoos.management.server.unittests\bin\x64\debug\net472\videoos.management.server.unittests.dll" id="ab8bfcc4-709e-5805-b268-818b58f3a9f3">
      <Execution id="f14a8a1e-5b99-47fe-af9c-ecdb74a7bfa1" />
      <TestMethod codeBase="D:\actions-runner\_work\XPCO\XPCO\Corporate\VideoOS.Management.Server.UnitTests\bin\x64\Debug\net472\VideoOS.Management.Server.UnitTests.dll" adapterTypeName="executor://mstestadapter/v2" className="VideoOS.Management.Server.UnitTests.Security.TaskSecurityProvicerTest" name="TaskStorageSecurityProvider_Read_Check_Not_Allowed" />
    </UnitTest>
    <UnitTest name="Validation_ValidateDouble_NegativeInfinity_ArgumentException" storage="d:\actions-runner\_work\xpco\xpco\corporate\videoos.management.server.unittests\bin\x64\debug\net472\videoos.management.server.unittests.dll" id="d332119c-4be9-93f2-8a00-c95352e2afa0">
      <Execution id="ba8190ea-a234-4cc8-b7b3-c163450c58ac" />
      <TestMethod codeBase="D:\actions-runner\_work\XPCO\XPCO\Corporate\VideoOS.Management.Server.UnitTests\bin\x64\Debug\net472\VideoOS.Management.Server.UnitTests.dll" adapterTypeName="executor://mstestadapter/v2" className="VideoOS.Management.Server.UnitTests.ValidationUnitTests" name="Validation_ValidateDouble_NegativeInfinity_ArgumentException" />
    </UnitTest>
    <UnitTest name="GetXml_WhenActionIsVideoWallRemoveCameras_MatchesXml" storage="d:\actions-runner\_work\xpco\xpco\corporate\videoos.management.server.unittests\bin\x64\debug\net472\videoos.management.server.unittests.dll" id="a3b4451b-4ef5-eea6-4740-f05d5b44e9d0">
      <Execution id="19b7cfa6-8856-48c6-95f2-adc7a5507b46" />
      <TestMethod codeBase="D:\actions-runner\_work\XPCO\XPCO\Corporate\VideoOS.Management.Server.UnitTests\bin\x64\Debug\net472\VideoOS.Management.Server.UnitTests.dll" adapterTypeName="executor://mstestadapter/v2" className="VideoOS.Management.Server.UnitTests.ConfigurationAPI.Rules.Backend.Builders.ActionXmlBuilderTests" name="GetXml_WhenActionIsVideoWallRemoveCameras_MatchesXml" />
    </UnitTest>
    <UnitTest name="IsComplete_WhenStartActionPropertyHasValue_ParametersNotSet_ReturnsFalse" storage="d:\actions-runner\_work\xpco\xpco\corporate\videoos.management.server.unittests\bin\x64\debug\net472\videoos.management.server.unittests.dll" id="5b564b95-e0c8-d907-5b25-17124f9d1ea7">
      <Execution id="d9e86163-e4f1-478a-ab60-b85d286b0f30" />
      <TestMethod codeBase="D:\actions-runner\_work\XPCO\XPCO\Corporate\VideoOS.Management.Server.UnitTests\bin\x64\Debug\net472\VideoOS.Management.Server.UnitTests.dll" adapterTypeName="executor://mstestadapter/v2" className="VideoOS.Management.Server.UnitTests.ConfigurationAPI.Rules.Methods.StartActionsStepTests" name="IsComplete_WhenStartActionPropertyHasValue_ParametersNotSet_ReturnsFalse" />
    </UnitTest>
    <UnitTest name="Check_MethodInfo_Exists_For_All_Methods" storage="d:\actions-runner\_work\xpco\xpco\corporate\videoos.management.server.unittests\bin\x64\debug\net472\videoos.management.server.unittests.dll" id="2f21a709-b5d2-02e0-69ef-cc90204f44ea">
      <Execution id="15625278-39f7-4022-8170-d011bdb6a769" />
      <TestMethod codeBase="D:\actions-runner\_work\XPCO\XPCO\Corporate\VideoOS.Management.Server.UnitTests\bin\x64\Debug\net472\VideoOS.Management.Server.UnitTests.dll" adapterTypeName="executor://mstestadapter/v2" className="VideoOS.Management.Server.UnitTests.MethodRepositoryTests" name="Check_MethodInfo_Exists_For_All_Methods" />
    </UnitTest>
    <UnitTest name="Build_WhenMIPAction_ReturnsProperties" storage="d:\actions-runner\_work\xpco\xpco\corporate\videoos.management.server.unittests\bin\x64\debug\net472\videoos.management.server.unittests.dll" id="33a5cbf1-11bb-1f4f-d6f4-41b9a765f053">
      <Execution id="f6a1b972-a44f-4ed6-8af6-365e03e89f31" />
      <TestMethod codeBase="D:\actions-runner\_work\XPCO\XPCO\Corporate\VideoOS.Management.Server.UnitTests\bin\x64\Debug\net472\VideoOS.Management.Server.UnitTests.dll" adapterTypeName="executor://mstestadapter/v2" className="VideoOS.Management.Server.UnitTests.ConfigurationAPI.Rules.Builders.ConfigurationItemActionBuilderTests" name="Build_WhenMIPAction_ReturnsProperties" />
    </UnitTest>
    <UnitTest name="GetItem_ShouldReturnValidRegistrationItem_IfRegistrationNotExists" storage="d:\actions-runner\_work\xpco\xpco\corporate\videoos.management.server.unittests\bin\x64\debug\net472\videoos.management.server.unittests.dll" id="4d1c92ee-a70a-b38b-64c9-396ecf114882">
      <Execution id="ca4a2e87-c9e4-482e-864d-18897e5d9e03" />
      <TestMethod codeBase="D:\actions-runner\_work\XPCO\XPCO\Corporate\VideoOS.Management.Server.UnitTests\bin\x64\Debug\net472\VideoOS.Management.Server.UnitTests.dll" adapterTypeName="executor://mstestadapter/v2" className="VideoOS.Management.Server.UnitTests.BusinessObjects.ManagementServer.MIPItem.MIPItemTests" name="GetItem_ShouldReturnValidRegistrationItem_IfRegistrationNotExists" />
    </UnitTest>
    <UnitTest name="GetItem_NullCheck2" storage="d:\actions-runner\_work\xpco\xpco\corporate\videoos.management.server.unittests\bin\x64\debug\net472\videoos.management.server.unittests.dll" id="c445fb80-4196-106e-83c9-31f0009f79f8">
      <Execution id="43bf2f87-284a-41b6-9c47-b4ea5695b358" />
      <TestMethod codeBase="D:\actions-runner\_work\XPCO\XPCO\Corporate\VideoOS.Management.Server.UnitTests\bin\x64\Debug\net472\VideoOS.Management.Server.UnitTests.dll" adapterTypeName="executor://mstestadapter/v2" className="VideoOS.Management.Server.UnitTests.ConfigurationAPI.BusinessObjects.LicenseConfigurationApiTests" name="GetItem_NullCheck2" />
    </UnitTest>
    <UnitTest name="GetItem_InvalidPathTest" storage="d:\actions-runner\_work\xpco\xpco\corporate\videoos.management.server.unittests\bin\x64\debug\net472\videoos.management.server.unittests.dll" id="21957f0b-0100-ff96-e53a-74e20449858b">
      <Execution id="3f6c9be0-5b71-44c9-9178-7681743402f2" />
      <TestMethod codeBase="D:\actions-runner\_work\XPCO\XPCO\Corporate\VideoOS.Management.Server.UnitTests\bin\x64\Debug\net472\VideoOS.Management.Server.UnitTests.dll" adapterTypeName="executor://mstestadapter/v2" className="VideoOS.Management.Server.UnitTests.ConfigurationAPI.BusinessObjects.SiteConfigurationApiTest" name="GetItem_InvalidPathTest" />
    </UnitTest>
    <UnitTest name="ServerProxyService_GetDeviceGroupMembersByDeviceGroupId_AllCameras_NotAllowed_RowRemoved" storage="d:\actions-runner\_work\xpco\xpco\corporate\videoos.management.server.unittests\bin\x64\debug\net472\videoos.management.server.unittests.dll" id="f08c2726-3362-512e-a73b-cd43f6d3cf0e">
      <Execution id="410ccb24-bfca-4386-aef3-41cbf7fb0252" />
      <TestMethod codeBase="D:\actions-runner\_work\XPCO\XPCO\Corporate\VideoOS.Management.Server.UnitTests\bin\x64\Debug\net472\VideoOS.Management.Server.UnitTests.dll" adapterTypeName="executor://mstestadapter/v2" className="VideoOS.Management.Server.UnitTests.ServerProxyServiceUnitTests" name="ServerProxyService_GetDeviceGroupMembersByDeviceGroupId_AllCameras_NotAllowed_RowRemoved" />
    </UnitTest>
    <UnitTest name="validateItem_NotLicensed" storage="d:\actions-runner\_work\xpco\xpco\corporate\videoos.management.server.unittests\bin\x64\debug\net472\videoos.management.server.unittests.dll" id="e6c594a5-de7b-4636-b0a3-68fab34488f5">
      <Execution id="3fecd801-75b6-44a5-b84e-e936abfca1f7" />
      <TestMethod codeBase="D:\actions-runner\_work\XPCO\XPCO\Corporate\VideoOS.Management.Server.UnitTests\bin\x64\Debug\net472\VideoOS.Management.Server.UnitTests.dll" adapterTypeName="executor://mstestadapter/v2" className="VideoOS.Management.Server.UnitTests.ConfigurationAPI.BusinessObjects.SearchTemplate.SearchTemplateConfigurationApiTest" name="validateItem_NotLicensed" />
    </UnitTest>
    <UnitTest name="GetItemType_WhenObjectNotExists_ReturnsNull" storage="d:\actions-runner\_work\xpco\xpco\corporate\videoos.management.server.unittests\bin\x64\debug\net472\videoos.management.server.unittests.dll" id="d5cf14e2-466a-8631-9307-cae6032d7ad4">
      <Execution id="9900ee37-becb-48dc-bc12-36b8c43cd88e" />
      <TestMethod codeBase="D:\actions-runner\_work\XPCO\XPCO\Corporate\VideoOS.Management.Server.UnitTests\bin\x64\Debug\net472\VideoOS.Management.Server.UnitTests.dll" adapterTypeName="executor://mstestadapter/v2" className="VideoOS.Management.Server.UnitTests.ConfigurationAPI.Rules.Backend.Validation.ValueValidators.PluginItemParameterValueValidatorTests" name="GetItemType_WhenObjectNotExists_ReturnsNull" />
    </UnitTest>
    <UnitTest name="SendCommandSecurityVisitor_SendMultiNotificationCommand_NotSupportedException" storage="d:\actions-runner\_work\xpco\xpco\corporate\videoos.management.server.unittests\bin\x64\debug\net472\videoos.management.server.unittests.dll" id="e9d2736d-ec3e-2992-1782-e39baf2c285d">
      <Execution id="b2807b31-3b1d-4960-a018-f48c005bc0fc" />
      <TestMethod codeBase="D:\actions-runner\_work\XPCO\XPCO\Corporate\VideoOS.Management.Server.UnitTests\bin\x64\Debug\net472\VideoOS.Management.Server.UnitTests.dll" adapterTypeName="executor://mstestadapter/v2" className="VideoOS.Management.Server.UnitTests.SendCommandSecurityVisitorTests" name="SendCommandSecurityVisitor_SendMultiNotificationCommand_NotSupportedException" />
    </UnitTest>
    <UnitTest name="Validate_WhenExpectedTypeIsNull_ReturnFalse" storage="d:\actions-runner\_work\xpco\xpco\corporate\videoos.management.server.unittests\bin\x64\debug\net472\videoos.management.server.unittests.dll" id="db0a4ed2-3a0b-020d-7fef-fca50f3accf4">
      <Execution id="5fb4af58-5674-4771-8b60-798aa71ccc3a" />
      <TestMethod codeBase="D:\actions-runner\_work\XPCO\XPCO\Corporate\VideoOS.Management.Server.UnitTests\bin\x64\Debug\net472\VideoOS.Management.Server.UnitTests.dll" adapterTypeName="executor://mstestadapter/v2" className="VideoOS.Management.Server.UnitTests.ConfigurationAPI.Rules.Backend.Validation.ValueValidators.AccessControlEventParameterValueValidatorTests" name="Validate_WhenExpectedTypeIsNull_ReturnFalse" />
    </UnitTest>
    <UnitTest name="ConfigurationItemPath_Create_RootFolderPath_Succes" storage="d:\actions-runner\_work\xpco\xpco\corporate\videoos.management.server.unittests\bin\x64\debug\net472\videoos.management.server.unittests.dll" id="104955a9-e954-3271-c7a2-5848be22182d">
      <Execution id="ede9a569-3096-4859-8e32-586e854fe3c3" />
      <TestMethod codeBase="D:\actions-runner\_work\XPCO\XPCO\Corporate\VideoOS.Management.Server.UnitTests\bin\x64\Debug\net472\VideoOS.Management.Server.UnitTests.dll" adapterTypeName="executor://mstestadapter/v2" className="VideoOS.Management.Server.UnitTests.ConfigurationAPI.ConfigurationItemPathTests" name="ConfigurationItemPath_Create_RootFolderPath_Succes" />
    </UnitTest>
    <UnitTest name="Build_WhenActionIsVideoWallSetToPreset_ReturnsRuleModel" storage="d:\actions-runner\_work\xpco\xpco\corporate\videoos.management.server.unittests\bin\x64\debug\net472\videoos.management.server.unittests.dll" id="70122689-0c1e-ecf1-986e-93653eb1a432">
      <Execution id="7b9f340b-9037-4202-b64b-5d85dc73711d" />
      <TestMethod codeBase="D:\actions-runner\_work\XPCO\XPCO\Corporate\VideoOS.Management.Server.UnitTests\bin\x64\Debug\net472\VideoOS.Management.Server.UnitTests.dll" adapterTypeName="executor://mstestadapter/v2" className="VideoOS.Management.Server.UnitTests.ConfigurationAPI.Rules.Backend.Builders.XmlRuleModelBuilderTests" name="Build_WhenActionIsVideoWallSetToPreset_ReturnsRuleModel" />
    </UnitTest>
    <UnitTest name="Build_WhenStartAndStopActionAreNull_ThrowsException" storage="d:\actions-runner\_work\xpco\xpco\corporate\videoos.management.server.unittests\bin\x64\debug\net472\videoos.management.server.unittests.dll" id="f878edb4-bf63-f44f-52fb-0830945b9783">
      <Execution id="4f5fe0cd-1c4d-4fbf-97f0-7882b48b05dc" />
      <TestMethod codeBase="D:\actions-runner\_work\XPCO\XPCO\Corporate\VideoOS.Management.Server.UnitTests\bin\x64\Debug\net472\VideoOS.Management.Server.UnitTests.dll" adapterTypeName="executor://mstestadapter/v2" className="VideoOS.Management.Server.UnitTests.ConfigurationAPI.Rules.Builders.ConfigurationItemActionBuilderTests" name="Build_WhenStartAndStopActionAreNull_ThrowsException" />
    </UnitTest>
    <UnitTest name="GetItemType_WhenValidVideoWallPreset_ReturnsVideoWallPreset" storage="d:\actions-runner\_work\xpco\xpco\corporate\videoos.management.server.unittests\bin\x64\debug\net472\videoos.management.server.unittests.dll" id="18a95466-e3e2-18f1-31e6-a85459b0421a">
      <Execution id="6c07a1a9-da6c-46b5-9892-a2bf6056df38" />
      <TestMethod codeBase="D:\actions-runner\_work\XPCO\XPCO\Corporate\VideoOS.Management.Server.UnitTests\bin\x64\Debug\net472\VideoOS.Management.Server.UnitTests.dll" adapterTypeName="executor://mstestadapter/v2" className="VideoOS.Management.Server.UnitTests.ConfigurationAPI.Rules.Backend.Validation.VideoWallPresetParameterValueValidatorTests" name="GetItemType_WhenValidVideoWallPreset_ReturnsVideoWallPreset" />
    </UnitTest>
    <UnitTest name="Post_InvokeMethod_ValidTaskOnConfigurationItem_ItemFoundById" storage="d:\actions-runner\_work\xpco\xpco\corporate\videoos.management.server.unittests\bin\x64\debug\net472\videoos.management.server.unittests.dll" id="73432225-deae-3eea-a0c3-e515c7ca62eb">
      <Execution id="68ebb9a2-e129-4517-b286-91f559cacdb7" />
      <TestMethod codeBase="D:\actions-runner\_work\XPCO\XPCO\Corporate\VideoOS.Management.Server.UnitTests\bin\x64\Debug\net472\VideoOS.Management.Server.UnitTests.dll" adapterTypeName="executor://mstestadapter/v2" className="VideoOS.Management.Server.UnitTests.RestApi.ConfigurationApiSubControllerTests" name="Post_InvokeMethod_ValidTaskOnConfigurationItem_ItemFoundById" />
    </UnitTest>
    <UnitTest name="Build_WhenTimerHasNoTimeValue_ReturnsFalse" storage="d:\actions-runner\_work\xpco\xpco\corporate\videoos.management.server.unittests\bin\x64\debug\net472\videoos.management.server.unittests.dll" id="191a9e6b-bb61-36bd-d0bf-ebd6d7a96d38">
      <Execution id="a8a4d91e-ff03-4ebe-8cac-bc03656468be" />
      <TestMethod codeBase="D:\actions-runner\_work\XPCO\XPCO\Corporate\VideoOS.Management.Server.UnitTests\bin\x64\Debug\net472\VideoOS.Management.Server.UnitTests.dll" adapterTypeName="executor://mstestadapter/v2" className="VideoOS.Management.Server.UnitTests.ConfigurationAPI.Rules.Backend.Builders.RuleTypeParserTests" name="Build_WhenTimerHasNoTimeValue_ReturnsFalse" />
    </UnitTest>
    <UnitTest name="Get_UnknownResource_ExceptionNotCaught" storage="d:\actions-runner\_work\xpco\xpco\corporate\videoos.management.server.unittests\bin\x64\debug\net472\videoos.management.server.unittests.dll" id="c2dd246d-d151-2a7a-0530-725bcd1562ae">
      <Execution id="24631442-45c8-4226-aa46-5c8e9f414716" />
      <TestMethod codeBase="D:\actions-runner\_work\XPCO\XPCO\Corporate\VideoOS.Management.Server.UnitTests\bin\x64\Debug\net472\VideoOS.Management.Server.UnitTests.dll" adapterTypeName="executor://mstestadapter/v2" className="VideoOS.Management.Server.UnitTests.RestApi.SpecificItemControllerTests" name="Get_UnknownResource_ExceptionNotCaught" />
    </UnitTest>
    <UnitTest name="SendCommandSecurityVisitor_UpdateSecurityManagerCommand_TimeProfileDefaultRoleRelation_Delete_Allowed" storage="d:\actions-runner\_work\xpco\xpco\corporate\videoos.management.server.unittests\bin\x64\debug\net472\videoos.management.server.unittests.dll" id="3fc7fbda-ad11-74e2-9355-2216eb2ec9d7">
      <Execution id="b5b7064c-abf4-4edf-b769-f8dbd6e661c2" />
      <TestMethod codeBase="D:\actions-runner\_work\XPCO\XPCO\Corporate\VideoOS.Management.Server.UnitTests\bin\x64\Debug\net472\VideoOS.Management.Server.UnitTests.dll" adapterTypeName="executor://mstestadapter/v2" className="VideoOS.Management.Server.UnitTests.SendCommandSecurityVisitorTests" name="SendCommandSecurityVisitor_UpdateSecurityManagerCommand_TimeProfileDefaultRoleRelation_Delete_Allowed" />
    </UnitTest>
    <UnitTest name="ScheduledActionController_UpdateSchedule_ProviderReturnsNull" storage="d:\actions-runner\_work\xpco\xpco\corporate\videoos.management.server.unittests\bin\x64\debug\net472\videoos.management.server.unittests.dll" id="a8d10047-b022-21c4-ac98-809bf1a7dbc8">
      <Execution id="af2af1a7-7476-4fd9-af8f-d494d99c3648" />
      <TestMethod codeBase="D:\actions-runner\_work\XPCO\XPCO\Corporate\VideoOS.Management.Server.UnitTests\bin\x64\Debug\net472\VideoOS.Management.Server.UnitTests.dll" adapterTypeName="executor://mstestadapter/v2" className="VideoOS.Management.Server.UnitTests.BusinessObjects.ManagementServer.DataCollection.ScheduledAction.ScheduledActionControllerTest" name="ScheduledActionController_UpdateSchedule_ProviderReturnsNull" />
    </UnitTest>
    <UnitTest name="SendCommandSecurityVisitor_ConfigureRulesCommand_NotSupportedException" storage="d:\actions-runner\_work\xpco\xpco\corporate\videoos.management.server.unittests\bin\x64\debug\net472\videoos.management.server.unittests.dll" id="6e6ac8f3-0819-3620-368e-e521e23051f4">
      <Execution id="a270c31b-cdcd-489b-bd1b-291d2eee616c" />
      <TestMethod codeBase="D:\actions-runner\_work\XPCO\XPCO\Corporate\VideoOS.Management.Server.UnitTests\bin\x64\Debug\net472\VideoOS.Management.Server.UnitTests.dll" adapterTypeName="executor://mstestadapter/v2" className="VideoOS.Management.Server.UnitTests.SendCommandSecurityVisitorTests" name="SendCommandSecurityVisitor_ConfigureRulesCommand_NotSupportedException" />
    </UnitTest>
    <UnitTest name="ServerProxyService_GetConfigurationDataSetTables_UserDefinedEvents_NotAllowed_RowRemoved" storage="d:\actions-runner\_work\xpco\xpco\corporate\videoos.management.server.unittests\bin\x64\debug\net472\videoos.management.server.unittests.dll" id="245f7ced-b3b9-8220-a6b3-46a367e4ade3">
      <Execution id="08e7d536-3822-4411-9db5-2fff9ab285d1" />
      <TestMethod codeBase="D:\actions-runner\_work\XPCO\XPCO\Corporate\VideoOS.Management.Server.UnitTests\bin\x64\Debug\net472\VideoOS.Management.Server.UnitTests.dll" adapterTypeName="executor://mstestadapter/v2" className="VideoOS.Management.Server.UnitTests.ServerProxyServiceUnitTests" name="ServerProxyService_GetConfigurationDataSetTables_UserDefinedEvents_NotAllowed_RowRemoved" />
    </UnitTest>
    <UnitTest name="TestRootWriteAllowed" storage="d:\actions-runner\_work\xpco\xpco\corporate\videoos.management.server.unittests\bin\x64\debug\net472\videoos.management.server.unittests.dll" id="f6c90f84-5688-c51b-d9ec-6eef208623aa">
      <Execution id="529d46dd-af5f-46b0-9468-e6544d30cec3" />
      <TestMethod codeBase="D:\actions-runner\_work\XPCO\XPCO\Corporate\VideoOS.Management.Server.UnitTests\bin\x64\Debug\net472\VideoOS.Management.Server.UnitTests.dll" adapterTypeName="executor://mstestadapter/v2" className="VideoOS.Management.Server.UnitTests.PermissionTests" name="TestRootWriteAllowed" />
    </UnitTest>
    <UnitTest name="IsComplete_WhenNoProperties_ReturnsFalse" storage="d:\actions-runner\_work\xpco\xpco\corporate\videoos.management.server.unittests\bin\x64\debug\net472\videoos.management.server.unittests.dll" id="33ea88d7-d9b6-9500-db4b-51c2dad3a5d4">
      <Execution id="77203d1a-9f2d-4a15-8489-8c71b69278a6" />
      <TestMethod codeBase="D:\actions-runner\_work\XPCO\XPCO\Corporate\VideoOS.Management.Server.UnitTests\bin\x64\Debug\net472\VideoOS.Management.Server.UnitTests.dll" adapterTypeName="executor://mstestadapter/v2" className="VideoOS.Management.Server.UnitTests.ConfigurationAPI.Rules.Methods.StopRuleTypeStepTests" name="IsComplete_WhenNoProperties_ReturnsFalse" />
    </UnitTest>
    <UnitTest name="ServerProxyService_GetUserHostAddress_ManagementServerRead_Checked" storage="d:\actions-runner\_work\xpco\xpco\corporate\videoos.management.server.unittests\bin\x64\debug\net472\videoos.management.server.unittests.dll" id="521d941f-9ffe-de81-498c-9355d7d6f8b5">
      <Execution id="7ec27758-0106-42e2-8f33-869bc2b454dc" />
      <TestMethod codeBase="D:\actions-runner\_work\XPCO\XPCO\Corporate\VideoOS.Management.Server.UnitTests\bin\x64\Debug\net472\VideoOS.Management.Server.UnitTests.dll" adapterTypeName="executor://mstestadapter/v2" className="VideoOS.Management.Server.UnitTests.ServerProxyServiceUnitTests" name="ServerProxyService_GetUserHostAddress_ManagementServerRead_Checked" />
    </UnitTest>
    <UnitTest name="SendCommandSecurityVisitor_UpdateSecurityManagerCommand_SecurityPermissionsDevice_Speaker_Add_Allowed" storage="d:\actions-runner\_work\xpco\xpco\corporate\videoos.management.server.unittests\bin\x64\debug\net472\videoos.management.server.unittests.dll" id="4988537e-68ca-0873-c887-4583d7a0fb49">
      <Execution id="85ea29b4-730d-479b-bf52-7e7a5a26e9dd" />
      <TestMethod codeBase="D:\actions-runner\_work\XPCO\XPCO\Corporate\VideoOS.Management.Server.UnitTests\bin\x64\Debug\net472\VideoOS.Management.Server.UnitTests.dll" adapterTypeName="executor://mstestadapter/v2" className="VideoOS.Management.Server.UnitTests.SendCommandSecurityVisitorTests" name="SendCommandSecurityVisitor_UpdateSecurityManagerCommand_SecurityPermissionsDevice_Speaker_Add_Allowed" />
    </UnitTest>
    <UnitTest name="GetItem_WrongId_Folder" storage="d:\actions-runner\_work\xpco\xpco\corporate\videoos.management.server.unittests\bin\x64\debug\net472\videoos.management.server.unittests.dll" id="c24a2ce1-4203-3095-9893-5f736c946505">
      <Execution id="9bec6d95-de6f-4908-85dd-f35869d77660" />
      <TestMethod codeBase="D:\actions-runner\_work\XPCO\XPCO\Corporate\VideoOS.Management.Server.UnitTests\bin\x64\Debug\net472\VideoOS.Management.Server.UnitTests.dll" adapterTypeName="executor://mstestadapter/v2" className="VideoOS.Management.Server.UnitTests.ConfigurationAPI.BusinessObjects.SiteConfigurationApiTest" name="GetItem_WrongId_Folder" />
    </UnitTest>
    <UnitTest name="Build_WhenTimerWithoutDelay_PropertyWithDefaultValueIsSet" storage="d:\actions-runner\_work\xpco\xpco\corporate\videoos.management.server.unittests\bin\x64\debug\net472\videoos.management.server.unittests.dll" id="304c470e-8acb-42c7-4b40-cd1753bf0691">
      <Execution id="db711d1b-1950-4273-8835-c942ca419f5d" />
      <TestMethod codeBase="D:\actions-runner\_work\XPCO\XPCO\Corporate\VideoOS.Management.Server.UnitTests\bin\x64\Debug\net472\VideoOS.Management.Server.UnitTests.dll" adapterTypeName="executor://mstestadapter/v2" className="VideoOS.Management.Server.UnitTests.ConfigurationAPI.Rules.Builders.ConfigurationItemBuilderTests" name="Build_WhenTimerWithoutDelay_PropertyWithDefaultValueIsSet" />
    </UnitTest>
    <UnitTest name="Validate_WhenInvalidVideoWall_ReturnsFalse" storage="d:\actions-runner\_work\xpco\xpco\corporate\videoos.management.server.unittests\bin\x64\debug\net472\videoos.management.server.unittests.dll" id="e311b797-b275-23d0-e013-492a7f87ccd3">
      <Execution id="22d89510-bef3-4302-a5b4-8ba1fa252f1f" />
      <TestMethod codeBase="D:\actions-runner\_work\XPCO\XPCO\Corporate\VideoOS.Management.Server.UnitTests\bin\x64\Debug\net472\VideoOS.Management.Server.UnitTests.dll" adapterTypeName="executor://mstestadapter/v2" className="VideoOS.Management.Server.UnitTests.ConfigurationAPI.Rules.Backend.Validation.VideoWallParameterValueValidatorTests" name="Validate_WhenInvalidVideoWall_ReturnsFalse" />
    </UnitTest>
    <UnitTest name="Validate_WhenObjectNotExists_ReturnsFalse" storage="d:\actions-runner\_work\xpco\xpco\corporate\videoos.management.server.unittests\bin\x64\debug\net472\videoos.management.server.unittests.dll" id="7c8c1075-8fa7-f9a6-90de-4413176b302f">
      <Execution id="0c69313a-968b-4540-b04a-fd342b7c5080" />
      <TestMethod codeBase="D:\actions-runner\_work\XPCO\XPCO\Corporate\VideoOS.Management.Server.UnitTests\bin\x64\Debug\net472\VideoOS.Management.Server.UnitTests.dll" adapterTypeName="executor://mstestadapter/v2" className="VideoOS.Management.Server.UnitTests.ConfigurationAPI.Rules.Backend.Validation.ValueValidators.DeviceGroupParameterValueValidatorTests" name="Validate_WhenObjectNotExists_ReturnsFalse" />
    </UnitTest>
    <UnitTest name="TryGetProperty_WhenPropertyExistsButValueTypeIncompatible_Exception" storage="d:\actions-runner\_work\xpco\xpco\corporate\videoos.management.server.unittests\bin\x64\debug\net472\videoos.management.server.unittests.dll" id="c91f6e83-7412-410e-bf15-7c7390e6e9ac">
      <Execution id="93b3ca77-8f9f-4fab-b087-d8002f5c5ee1" />
      <TestMethod codeBase="D:\actions-runner\_work\XPCO\XPCO\Corporate\VideoOS.Management.Server.UnitTests\bin\x64\Debug\net472\VideoOS.Management.Server.UnitTests.dll" adapterTypeName="executor://mstestadapter/v2" className="VideoOS.Management.Server.UnitTests.ConfigurationAPI.Rules.ConfigurationItemExtensionsTests" name="TryGetProperty_WhenPropertyExistsButValueTypeIncompatible_Exception" />
    </UnitTest>
    <UnitTest name="RetentionTimeRule_RuleActionAsync_StorageCountersTwoDataCollector_ForecastCalledTwice" storage="d:\actions-runner\_work\xpco\xpco\corporate\videoos.management.server.unittests\bin\x64\debug\net472\videoos.management.server.unittests.dll" id="5e63f0a7-a67c-dd75-aa50-3de43e91931f">
      <Execution id="7f3680ca-b6eb-4bae-bd66-f3dc3f0882ee" />
      <TestMethod codeBase="D:\actions-runner\_work\XPCO\XPCO\Corporate\VideoOS.Management.Server.UnitTests\bin\x64\Debug\net472\VideoOS.Management.Server.UnitTests.dll" adapterTypeName="executor://mstestadapter/v2" className="VideoOS.Management.Server.UnitTests.BusinessObjects.ManagementServer.DataCollection.PerformanceCounterRules.RetentionTimeRuleTest" name="RetentionTimeRule_RuleActionAsync_StorageCountersTwoDataCollector_ForecastCalledTwice" />
    </UnitTest>
    <UnitTest name="ServerProxyService_GetConfigurationDataSetTables_Recorders_Allowed_NotFiltered" storage="d:\actions-runner\_work\xpco\xpco\corporate\videoos.management.server.unittests\bin\x64\debug\net472\videoos.management.server.unittests.dll" id="aba371a8-ea66-03ba-d706-bb75202b7822">
      <Execution id="a75f358e-ccaf-4e2c-b0c5-a02a6d2a3982" />
      <TestMethod codeBase="D:\actions-runner\_work\XPCO\XPCO\Corporate\VideoOS.Management.Server.UnitTests\bin\x64\Debug\net472\VideoOS.Management.Server.UnitTests.dll" adapterTypeName="executor://mstestadapter/v2" className="VideoOS.Management.Server.UnitTests.ServerProxyServiceUnitTests" name="ServerProxyService_GetConfigurationDataSetTables_Recorders_Allowed_NotFiltered" />
    </UnitTest>
    <UnitTest name="QuerySearchTemplateFinds_ValidParams" storage="d:\actions-runner\_work\xpco\xpco\corporate\videoos.management.server.unittests\bin\x64\debug\net472\videoos.management.server.unittests.dll" id="d3014a0b-42cb-80d6-842d-934cccf6231b">
      <Execution id="1e1a2699-d025-4705-a7d4-0743e3ad702d" />
      <TestMethod codeBase="D:\actions-runner\_work\XPCO\XPCO\Corporate\VideoOS.Management.Server.UnitTests\bin\x64\Debug\net472\VideoOS.Management.Server.UnitTests.dll" adapterTypeName="executor://mstestadapter/v2" className="VideoOS.Management.Server.UnitTests.BusinessObjects.ManagementServer.SearchTemplate.SearchTemplateFindTests" name="QuerySearchTemplateFinds_ValidParams" />
    </UnitTest>
    <UnitTest name="GetChildItems_ParamNullCheck_RequestContextTest" storage="d:\actions-runner\_work\xpco\xpco\corporate\videoos.management.server.unittests\bin\x64\debug\net472\videoos.management.server.unittests.dll" id="559a2d9a-133f-85c2-8092-b3bab95401ec">
      <Execution id="549577dc-755f-499e-a114-b38720fa9774" />
      <TestMethod codeBase="D:\actions-runner\_work\XPCO\XPCO\Corporate\VideoOS.Management.Server.UnitTests\bin\x64\Debug\net472\VideoOS.Management.Server.UnitTests.dll" adapterTypeName="executor://mstestadapter/v2" className="VideoOS.Management.Server.UnitTests.ConfigurationAPI.BusinessObjects.LicenseConfigurationApiTests" name="GetChildItems_ParamNullCheck_RequestContextTest" />
    </UnitTest>
    <UnitTest name="Validate_WhenObjectNotExists_ReturnsFalse" storage="d:\actions-runner\_work\xpco\xpco\corporate\videoos.management.server.unittests\bin\x64\debug\net472\videoos.management.server.unittests.dll" id="55a8cd0b-5829-5a8f-d803-5d0d9990dd78">
      <Execution id="404ed1d4-1170-47dc-90b9-663525e6f9b8" />
      <TestMethod codeBase="D:\actions-runner\_work\XPCO\XPCO\Corporate\VideoOS.Management.Server.UnitTests\bin\x64\Debug\net472\VideoOS.Management.Server.UnitTests.dll" adapterTypeName="executor://mstestadapter/v2" className="VideoOS.Management.Server.UnitTests.ConfigurationAPI.Rules.Backend.Validation.ValueValidators.PluginItemParameterValueValidatorTests" name="Validate_WhenObjectNotExists_ReturnsFalse" />
    </UnitTest>
    <UnitTest name="SendCommandSecurityVisitor_SendNotificationCommand_NotSupportedException" storage="d:\actions-runner\_work\xpco\xpco\corporate\videoos.management.server.unittests\bin\x64\debug\net472\videoos.management.server.unittests.dll" id="430940e6-29ee-0651-07a3-369522e7fe55">
      <Execution id="63c4d0fa-4575-4cb6-81ae-0e342668ab5a" />
      <TestMethod codeBase="D:\actions-runner\_work\XPCO\XPCO\Corporate\VideoOS.Management.Server.UnitTests\bin\x64\Debug\net472\VideoOS.Management.Server.UnitTests.dll" adapterTypeName="executor://mstestadapter/v2" className="VideoOS.Management.Server.UnitTests.SendCommandSecurityVisitorTests" name="SendCommandSecurityVisitor_SendNotificationCommand_NotSupportedException" />
    </UnitTest>
    <UnitTest name="Validate_WhenSubdayTypeRecurring_SubdayFrequencyIsNotInWholeHours_ReturnsError" storage="d:\actions-runner\_work\xpco\xpco\corporate\videoos.management.server.unittests\bin\x64\debug\net472\videoos.management.server.unittests.dll" id="dd6a240f-4308-68af-3fba-267bc431c6df">
      <Execution id="f2718f8f-7992-44aa-ad00-14b9ade2ddde" />
      <TestMethod codeBase="D:\actions-runner\_work\XPCO\XPCO\Corporate\VideoOS.Management.Server.UnitTests\bin\x64\Debug\net472\VideoOS.Management.Server.UnitTests.dll" adapterTypeName="executor://mstestadapter/v2" className="VideoOS.Management.Server.UnitTests.ConfigurationAPI.Rules.Backend.Validation.RecurringTimeValidatorTests" name="Validate_WhenSubdayTypeRecurring_SubdayFrequencyIsNotInWholeHours_ReturnsError" />
    </UnitTest>
    <UnitTest name="Validate_WhenWrongExpectedType_ReturnsFalse" storage="d:\actions-runner\_work\xpco\xpco\corporate\videoos.management.server.unittests\bin\x64\debug\net472\videoos.management.server.unittests.dll" id="68fa8ac3-cdbc-f45a-ed53-6cc5e6909e22">
      <Execution id="830345c5-79b5-40ac-a7d6-c824947aefbb" />
      <TestMethod codeBase="D:\actions-runner\_work\XPCO\XPCO\Corporate\VideoOS.Management.Server.UnitTests\bin\x64\Debug\net472\VideoOS.Management.Server.UnitTests.dll" adapterTypeName="executor://mstestadapter/v2" className="VideoOS.Management.Server.UnitTests.ConfigurationAPI.Rules.Backend.Validation.HardwareParameterValueValidatorTests" name="Validate_WhenWrongExpectedType_ReturnsFalse" />
    </UnitTest>
    <UnitTest name="IsComplete_WhenWithinWindowButNoWindowPropertySet_ReturnsFalse" storage="d:\actions-runner\_work\xpco\xpco\corporate\videoos.management.server.unittests\bin\x64\debug\net472\videoos.management.server.unittests.dll" id="665489a3-1a61-14b4-8ea2-b3543e5eeb6a">
      <Execution id="0937e711-cfe3-49f0-bc37-51fc4763ecb3" />
      <TestMethod codeBase="D:\actions-runner\_work\XPCO\XPCO\Corporate\VideoOS.Management.Server.UnitTests\bin\x64\Debug\net472\VideoOS.Management.Server.UnitTests.dll" adapterTypeName="executor://mstestadapter/v2" className="VideoOS.Management.Server.UnitTests.ConfigurationAPI.Rules.Methods.StartConditionsStepTest" name="IsComplete_WhenWithinWindowButNoWindowPropertySet_ReturnsFalse" />
    </UnitTest>
    <UnitTest name="IsComplete_WhenRuleTypeIsEvent_NotAllEventRuleTypePropertiesSet_ReturnsFalse" storage="d:\actions-runner\_work\xpco\xpco\corporate\videoos.management.server.unittests\bin\x64\debug\net472\videoos.management.server.unittests.dll" id="fe15ed70-edb8-051c-0ed1-f61711a3e82b">
      <Execution id="0c563d5e-27ba-42f4-b40a-37fcf7a3d111" />
      <TestMethod codeBase="D:\actions-runner\_work\XPCO\XPCO\Corporate\VideoOS.Management.Server.UnitTests\bin\x64\Debug\net472\VideoOS.Management.Server.UnitTests.dll" adapterTypeName="executor://mstestadapter/v2" className="VideoOS.Management.Server.UnitTests.ConfigurationAPI.Rules.Methods.StartRuleTypeStepTests" name="IsComplete_WhenRuleTypeIsEvent_NotAllEventRuleTypePropertiesSet_ReturnsFalse" />
    </UnitTest>
    <UnitTest name="Build_AlwaysConditionIsSet_AlwaysPropertyAdded" storage="d:\actions-runner\_work\xpco\xpco\corporate\videoos.management.server.unittests\bin\x64\debug\net472\videoos.management.server.unittests.dll" id="00bb5d1d-44ba-be43-c90e-79050acff94b">
      <Execution id="4a4a6602-4b19-4129-8158-461576158359" />
      <TestMethod codeBase="D:\actions-runner\_work\XPCO\XPCO\Corporate\VideoOS.Management.Server.UnitTests\bin\x64\Debug\net472\VideoOS.Management.Server.UnitTests.dll" adapterTypeName="executor://mstestadapter/v2" className="VideoOS.Management.Server.UnitTests.ConfigurationAPI.Rules.Builders.ConfigurationItemBuilderTests" name="Build_AlwaysConditionIsSet_AlwaysPropertyAdded" />
    </UnitTest>
    <UnitTest name="SendCommandSecurityVisitor_RecorderStatusCommand_Allowed" storage="d:\actions-runner\_work\xpco\xpco\corporate\videoos.management.server.unittests\bin\x64\debug\net472\videoos.management.server.unittests.dll" id="12011e1f-1386-fd1b-6c24-f2abbc3b624e">
      <Execution id="155736b9-eb9a-4f2a-ac62-117c4a65b3a7" />
      <TestMethod codeBase="D:\actions-runner\_work\XPCO\XPCO\Corporate\VideoOS.Management.Server.UnitTests\bin\x64\Debug\net472\VideoOS.Management.Server.UnitTests.dll" adapterTypeName="executor://mstestadapter/v2" className="VideoOS.Management.Server.UnitTests.SendCommandSecurityVisitorTests" name="SendCommandSecurityVisitor_RecorderStatusCommand_Allowed" />
    </UnitTest>
    <UnitTest name="SendCommandSecurityVisitor_UpdateConfigurationManagerCommand_MotionPlugin_Add_NoSecurityCheck" storage="d:\actions-runner\_work\xpco\xpco\corporate\videoos.management.server.unittests\bin\x64\debug\net472\videoos.management.server.unittests.dll" id="08cd3b7e-81fe-ee61-3770-6ef4e99404f5">
      <Execution id="793718e8-2c7b-4385-8408-588d1741f0fc" />
      <TestMethod codeBase="D:\actions-runner\_work\XPCO\XPCO\Corporate\VideoOS.Management.Server.UnitTests\bin\x64\Debug\net472\VideoOS.Management.Server.UnitTests.dll" adapterTypeName="executor://mstestadapter/v2" className="VideoOS.Management.Server.UnitTests.SendCommandSecurityVisitorTests" name="SendCommandSecurityVisitor_UpdateConfigurationManagerCommand_MotionPlugin_Add_NoSecurityCheck" />
    </UnitTest>
    <UnitTest name="GetXml_WhenRuleTypeIsDailyAndRecurring_MatchesXml" storage="d:\actions-runner\_work\xpco\xpco\corporate\videoos.management.server.unittests\bin\x64\debug\net472\videoos.management.server.unittests.dll" id="a7b632d7-a8a2-c624-0914-3878a82042dc">
      <Execution id="f400ab61-6a5b-4bf9-9c71-70f641b18071" />
      <TestMethod codeBase="D:\actions-runner\_work\XPCO\XPCO\Corporate\VideoOS.Management.Server.UnitTests\bin\x64\Debug\net472\VideoOS.Management.Server.UnitTests.dll" adapterTypeName="executor://mstestadapter/v2" className="VideoOS.Management.Server.UnitTests.ConfigurationAPI.Rules.Backend.Builders.RuleTypeXmlBuilderTests" name="GetXml_WhenRuleTypeIsDailyAndRecurring_MatchesXml" />
    </UnitTest>
    <UnitTest name="SendUpdatesToServerRulesSuccess" storage="d:\actions-runner\_work\xpco\xpco\corporate\videoos.management.server.unittests\bin\x64\debug\net472\videoos.management.server.unittests.dll" id="e4ed302a-c036-2741-06b7-7a45453de75f">
      <Execution id="fbc910f3-f4da-4b03-b0a5-592d1a22c2c9" />
      <TestMethod codeBase="D:\actions-runner\_work\XPCO\XPCO\Corporate\VideoOS.Management.Server.UnitTests\bin\x64\Debug\net472\VideoOS.Management.Server.UnitTests.dll" adapterTypeName="executor://mstestadapter/v2" className="VideoOS.Management.Server.PerformanceCounterUpdatesManagerTest" name="SendUpdatesToServerRulesSuccess" />
    </UnitTest>
    <UnitTest name="GetCurrentProperties_WhenRuleTypeIsEvent_InvalidEventGroup_ReturnsRuleTypeProperty" storage="d:\actions-runner\_work\xpco\xpco\corporate\videoos.management.server.unittests\bin\x64\debug\net472\videoos.management.server.unittests.dll" id="0dff6576-0f69-a755-f173-b8bbef29b566">
      <Execution id="4ca75510-9857-4f55-8ad7-d263a9236e04" />
      <TestMethod codeBase="D:\actions-runner\_work\XPCO\XPCO\Corporate\VideoOS.Management.Server.UnitTests\bin\x64\Debug\net472\VideoOS.Management.Server.UnitTests.dll" adapterTypeName="executor://mstestadapter/v2" className="VideoOS.Management.Server.UnitTests.ConfigurationAPI.Rules.Methods.StopRuleTypeStepTests" name="GetCurrentProperties_WhenRuleTypeIsEvent_InvalidEventGroup_ReturnsRuleTypeProperty" />
    </UnitTest>
    <UnitTest name="Validate_WhenRuleIsRecurringTimeButRecurringTimeModelIsNull_ThrowsException" storage="d:\actions-runner\_work\xpco\xpco\corporate\videoos.management.server.unittests\bin\x64\debug\net472\videoos.management.server.unittests.dll" id="4784d1da-834a-cd7c-4aa3-6ace5237eb55">
      <Execution id="39cb94a9-ea86-42a8-8cac-b05033e5a23c" />
      <TestMethod codeBase="D:\actions-runner\_work\XPCO\XPCO\Corporate\VideoOS.Management.Server.UnitTests\bin\x64\Debug\net472\VideoOS.Management.Server.UnitTests.dll" adapterTypeName="executor://mstestadapter/v2" className="VideoOS.Management.Server.UnitTests.ConfigurationAPI.Rules.Backend.Validation.RecurringTimeValidatorTests" name="Validate_WhenRuleIsRecurringTimeButRecurringTimeModelIsNull_ThrowsException" />
    </UnitTest>
    <UnitTest name="Delete_KnownResource_ResourceDeleted" storage="d:\actions-runner\_work\xpco\xpco\corporate\videoos.management.server.unittests\bin\x64\debug\net472\videoos.management.server.unittests.dll" id="38cf3e24-1116-fcd5-22ab-6660c54a406b">
      <Execution id="ef41b845-2f6a-4059-8737-8312519e6767" />
      <TestMethod codeBase="D:\actions-runner\_work\XPCO\XPCO\Corporate\VideoOS.Management.Server.UnitTests\bin\x64\Debug\net472\VideoOS.Management.Server.UnitTests.dll" adapterTypeName="executor://mstestadapter/v2" className="VideoOS.Management.Server.UnitTests.RestApi.SpecificItemControllerTests" name="Delete_KnownResource_ResourceDeleted" />
    </UnitTest>
    <UnitTest name="ConvertParamToFilter_Format_ValidTests" storage="d:\actions-runner\_work\xpco\xpco\corporate\videoos.management.server.unittests\bin\x64\debug\net472\videoos.management.server.unittests.dll" id="cd8649a1-cd18-9faf-fb86-e8aebc7caee4">
      <Execution id="24715afc-99a6-4882-822d-2f54c8740ed8" />
      <TestMethod codeBase="D:\actions-runner\_work\XPCO\XPCO\Corporate\VideoOS.Management.Server.UnitTests\bin\x64\Debug\net472\VideoOS.Management.Server.UnitTests.dll" adapterTypeName="executor://mstestadapter/v2" className="VideoOS.Management.Server.UnitTests.RestApi.ConfigurationApiManagerTests" name="ConvertParamToFilter_Format_ValidTests" />
    </UnitTest>
    <UnitTest name="TryParseConditions_WhenTimeConditionsHasNoChildNodes_ReturnsTrue" storage="d:\actions-runner\_work\xpco\xpco\corporate\videoos.management.server.unittests\bin\x64\debug\net472\videoos.management.server.unittests.dll" id="8d0f5124-f49e-02ed-22a5-3addc685ba85">
      <Execution id="117a98e9-8456-4aab-bd14-7dbd184cfd65" />
      <TestMethod codeBase="D:\actions-runner\_work\XPCO\XPCO\Corporate\VideoOS.Management.Server.UnitTests\bin\x64\Debug\net472\VideoOS.Management.Server.UnitTests.dll" adapterTypeName="executor://mstestadapter/v2" className="VideoOS.Management.Server.UnitTests.ConfigurationAPI.Rules.Backend.Builders.ConditionsParserTests" name="TryParseConditions_WhenTimeConditionsHasNoChildNodes_ReturnsTrue" />
    </UnitTest>
    <UnitTest name="GetNextProperties_WhenTimeBetweenPropertyIsSetWithEndTmeNotStartTime_ReturnsProperties" storage="d:\actions-runner\_work\xpco\xpco\corporate\videoos.management.server.unittests\bin\x64\debug\net472\videoos.management.server.unittests.dll" id="4a0bc689-c3ad-1387-9d4a-ae6d33552401">
      <Execution id="9a335fdc-7107-42e1-845b-95f1ec4bcd57" />
      <TestMethod codeBase="D:\actions-runner\_work\XPCO\XPCO\Corporate\VideoOS.Management.Server.UnitTests\bin\x64\Debug\net472\VideoOS.Management.Server.UnitTests.dll" adapterTypeName="executor://mstestadapter/v2" className="VideoOS.Management.Server.UnitTests.ConfigurationAPI.Rules.Methods.StartConditionsStepTest" name="GetNextProperties_WhenTimeBetweenPropertyIsSetWithEndTmeNotStartTime_ReturnsProperties" />
    </UnitTest>
    <UnitTest name="GetVmsUserByName_MethodCalled_CorrectMethodIsCalledOnIdpAdministrationClient" storage="d:\actions-runner\_work\xpco\xpco\corporate\videoos.management.server.unittests\bin\x64\debug\net472\videoos.management.server.unittests.dll" id="ee04b446-b035-8b4e-b031-a06b32619e8c">
      <Execution id="62881cf6-ebf2-4160-b5d9-e251be209036" />
      <TestMethod codeBase="D:\actions-runner\_work\XPCO\XPCO\Corporate\VideoOS.Management.Server.UnitTests\bin\x64\Debug\net472\VideoOS.Management.Server.UnitTests.dll" adapterTypeName="executor://mstestadapter/v2" className="VideoOS.Management.Server.UnitTests.DataComponents.Idp.UserIdpComponentTests" name="GetVmsUserByName_MethodCalled_CorrectMethodIsCalledOnIdpAdministrationClient" />
    </UnitTest>
    <UnitTest name="Build_VideoWallSetToCameras_WhenParametersAreSet_ReturnsActionModel" storage="d:\actions-runner\_work\xpco\xpco\corporate\videoos.management.server.unittests\bin\x64\debug\net472\videoos.management.server.unittests.dll" id="83e77d75-b254-0948-b841-26ddd5c58e7c">
      <Execution id="6a8fe993-a9a4-48d2-9f4d-25e03cc5c03d" />
      <TestMethod codeBase="D:\actions-runner\_work\XPCO\XPCO\Corporate\VideoOS.Management.Server.UnitTests\bin\x64\Debug\net472\VideoOS.Management.Server.UnitTests.dll" adapterTypeName="executor://mstestadapter/v2" className="VideoOS.Management.Server.UnitTests.ConfigurationAPI.Rules.Builders.RuleModelActionsBuilderTests" name="Build_VideoWallSetToCameras_WhenParametersAreSet_ReturnsActionModel" />
    </UnitTest>
    <UnitTest name="DeleteSearchTemplate_Public_Allowed" storage="d:\actions-runner\_work\xpco\xpco\corporate\videoos.management.server.unittests\bin\x64\debug\net472\videoos.management.server.unittests.dll" id="91a34cae-cf4b-4de2-0447-3a678d0cc5d1">
      <Execution id="96558cf6-8110-4f37-a86b-d059eeec1d85" />
      <TestMethod codeBase="D:\actions-runner\_work\XPCO\XPCO\Corporate\VideoOS.Management.Server.UnitTests\bin\x64\Debug\net472\VideoOS.Management.Server.UnitTests.dll" adapterTypeName="executor://mstestadapter/v2" className="VideoOS.Management.Server.UnitTests.BusinessObjects.ManagementServer.SearchTemplate.SearchTemplateItemTests" name="DeleteSearchTemplate_Public_Allowed" />
    </UnitTest>
    <UnitTest name="TryGetPropertyValue_WhenPropertyDoesntExistsOrValueMissing_ReturnsFalse" storage="d:\actions-runner\_work\xpco\xpco\corporate\videoos.management.server.unittests\bin\x64\debug\net472\videoos.management.server.unittests.dll" id="a25c28c6-39bd-e26a-4a78-dd8afe8b901c">
      <Execution id="f92fbcec-f132-40f2-8fb7-ff0fbc03360d" />
      <TestMethod codeBase="D:\actions-runner\_work\XPCO\XPCO\Corporate\VideoOS.Management.Server.UnitTests\bin\x64\Debug\net472\VideoOS.Management.Server.UnitTests.dll" adapterTypeName="executor://mstestadapter/v2" className="VideoOS.Management.Server.UnitTests.ConfigurationAPI.Rules.ConfigurationItemExtensionsTests" name="TryGetPropertyValue_WhenPropertyDoesntExistsOrValueMissing_ReturnsFalse" />
    </UnitTest>
    <UnitTest name="DataCollectorRegisteredServicesResolver_DoResolve_CleanUp_Existsing_Completed_Tasks" storage="d:\actions-runner\_work\xpco\xpco\corporate\videoos.management.server.unittests\bin\x64\debug\net472\videoos.management.server.unittests.dll" id="e2cabb67-c939-390e-d6f0-a8bdc139d6bc">
      <Execution id="812a59e3-8b69-42d0-852a-985ea6bfc91c" />
      <TestMethod codeBase="D:\actions-runner\_work\XPCO\XPCO\Corporate\VideoOS.Management.Server.UnitTests\bin\x64\Debug\net472\VideoOS.Management.Server.UnitTests.dll" adapterTypeName="executor://mstestadapter/v2" className="VideoOS.Management.Server.DataCollectorRegisteredServicesResolverTest" name="DataCollectorRegisteredServicesResolver_DoResolve_CleanUp_Existsing_Completed_Tasks" />
    </UnitTest>
    <UnitTest name="Pagination_ReturnsCorrectSubset_WhenPageStartIsZero" storage="d:\actions-runner\_work\xpco\xpco\corporate\videoos.management.server.unittests\bin\x64\debug\net472\videoos.management.server.unittests.dll" id="88c0c836-e7f4-feb0-1ba4-856d748125d9">
      <Execution id="15806ef2-1904-4b4a-a12e-b43d61cbcdc9" />
      <TestMethod codeBase="D:\actions-runner\_work\XPCO\XPCO\Corporate\VideoOS.Management.Server.UnitTests\bin\x64\Debug\net472\VideoOS.Management.Server.UnitTests.dll" adapterTypeName="executor://mstestadapter/v2" className="VideoOS.Management.Server.UnitTests.RestApi.ConfigurationApiManagerTests" name="Pagination_ReturnsCorrectSubset_WhenPageStartIsZero" />
    </UnitTest>
    <UnitTest name="SendCommandSecurityVisitor_ServerFileSystemOperationCommand_QueryRecorderDrives_Allowed" storage="d:\actions-runner\_work\xpco\xpco\corporate\videoos.management.server.unittests\bin\x64\debug\net472\videoos.management.server.unittests.dll" id="9a0b9aa3-f2fa-cf33-f17c-05c44de0a7c0">
      <Execution id="f1a20096-c37d-4ce9-85d5-7427e411abae" />
      <TestMethod codeBase="D:\actions-runner\_work\XPCO\XPCO\Corporate\VideoOS.Management.Server.UnitTests\bin\x64\Debug\net472\VideoOS.Management.Server.UnitTests.dll" adapterTypeName="executor://mstestadapter/v2" className="VideoOS.Management.Server.UnitTests.SendCommandSecurityVisitorTests" name="SendCommandSecurityVisitor_ServerFileSystemOperationCommand_QueryRecorderDrives_Allowed" />
    </UnitTest>
    <UnitTest name="GetItemType_WhenInvalidVideoWall_ReturnsNull" storage="d:\actions-runner\_work\xpco\xpco\corporate\videoos.management.server.unittests\bin\x64\debug\net472\videoos.management.server.unittests.dll" id="1de220ed-f75d-8b1a-26ee-5cef0a87e92f">
      <Execution id="27a951dd-ae82-4ff0-9659-749a01ffef04" />
      <TestMethod codeBase="D:\actions-runner\_work\XPCO\XPCO\Corporate\VideoOS.Management.Server.UnitTests\bin\x64\Debug\net472\VideoOS.Management.Server.UnitTests.dll" adapterTypeName="executor://mstestadapter/v2" className="VideoOS.Management.Server.UnitTests.ConfigurationAPI.Rules.Backend.Validation.VideoWallParameterValueValidatorTests" name="GetItemType_WhenInvalidVideoWall_ReturnsNull" />
    </UnitTest>
    <UnitTest name="InvokeMethod_InvokesFromProvider" storage="d:\actions-runner\_work\xpco\xpco\corporate\videoos.management.server.unittests\bin\x64\debug\net472\videoos.management.server.unittests.dll" id="d8c5e0dc-f975-e50d-5dc8-113bf986e93a">
      <Execution id="10a2eb8e-71b6-4f56-b6a6-9a4e186be968" />
      <TestMethod codeBase="D:\actions-runner\_work\XPCO\XPCO\Corporate\VideoOS.Management.Server.UnitTests\bin\x64\Debug\net472\VideoOS.Management.Server.UnitTests.dll" adapterTypeName="executor://mstestadapter/v2" className="VideoOS.Management.Server.UnitTests.ConfigurationAPI.Rules.ConfigurationApiServiceTests" name="InvokeMethod_InvokesFromProvider" />
    </UnitTest>
    <UnitTest name="GetAdministrationClient_Success" storage="d:\actions-runner\_work\xpco\xpco\corporate\videoos.management.server.unittests\bin\x64\debug\net472\videoos.management.server.unittests.dll" id="b2928468-10c9-b233-eef3-f8444815ae10">
      <Execution id="a5084ce4-da41-4c18-b8d0-595145e80208" />
      <TestMethod codeBase="D:\actions-runner\_work\XPCO\XPCO\Corporate\VideoOS.Management.Server.UnitTests\bin\x64\Debug\net472\VideoOS.Management.Server.UnitTests.dll" adapterTypeName="executor://mstestadapter/v2" className="VideoOS.Management.Server.UnitTests.Integration.IdpClientServiceUnitTests" name="GetAdministrationClient_Success" />
    </UnitTest>
    <UnitTest name="Build_DaysOfWeek_WhenTrue_ParameterPresent_ConditionIsAdded" storage="d:\actions-runner\_work\xpco\xpco\corporate\videoos.management.server.unittests\bin\x64\debug\net472\videoos.management.server.unittests.dll" id="e422a07a-0c84-e002-b5b4-959e138767d9">
      <Execution id="60fd33d4-43b3-4dfa-b441-cf148cb15115" />
      <TestMethod codeBase="D:\actions-runner\_work\XPCO\XPCO\Corporate\VideoOS.Management.Server.UnitTests\bin\x64\Debug\net472\VideoOS.Management.Server.UnitTests.dll" adapterTypeName="executor://mstestadapter/v2" className="VideoOS.Management.Server.UnitTests.ConfigurationAPI.Rules.Builders.RuleModelConditionsBuilderTests" name="Build_DaysOfWeek_WhenTrue_ParameterPresent_ConditionIsAdded" />
    </UnitTest>
    <UnitTest name="GetChildItems_SunnyDayTest" storage="d:\actions-runner\_work\xpco\xpco\corporate\videoos.management.server.unittests\bin\x64\debug\net472\videoos.management.server.unittests.dll" id="4c41f34a-f46f-3606-ce35-e8c14c758ee0">
      <Execution id="6b47482a-5867-479e-a70e-26185a32be2c" />
      <TestMethod codeBase="D:\actions-runner\_work\XPCO\XPCO\Corporate\VideoOS.Management.Server.UnitTests\bin\x64\Debug\net472\VideoOS.Management.Server.UnitTests.dll" adapterTypeName="executor://mstestadapter/v2" className="VideoOS.Management.Server.UnitTests.ConfigurationAPI.BusinessObjects.CustomProperties.CustomPropertiesConfigurationApiTest" name="GetChildItems_SunnyDayTest" />
    </UnitTest>
    <UnitTest name="Build_WhenAlwaysCondition_ReturnsAlwaysPropertySet" storage="d:\actions-runner\_work\xpco\xpco\corporate\videoos.management.server.unittests\bin\x64\debug\net472\videoos.management.server.unittests.dll" id="86720b24-239d-d246-ca76-1512487486e9">
      <Execution id="c7d97b17-4174-48e9-9f50-5d582f7ede71" />
      <TestMethod codeBase="D:\actions-runner\_work\XPCO\XPCO\Corporate\VideoOS.Management.Server.UnitTests\bin\x64\Debug\net472\VideoOS.Management.Server.UnitTests.dll" adapterTypeName="executor://mstestadapter/v2" className="VideoOS.Management.Server.UnitTests.ConfigurationAPI.Rules.Builders.ConfigurationItemConditionsBuilderTests" name="Build_WhenAlwaysCondition_ReturnsAlwaysPropertySet" />
    </UnitTest>
    <UnitTest name="Validate_WhenPropertyNameInDefinitionIsSet_PropertyNameIsUsed" storage="d:\actions-runner\_work\xpco\xpco\corporate\videoos.management.server.unittests\bin\x64\debug\net472\videoos.management.server.unittests.dll" id="da42e65c-5ea0-6687-a319-3cb946a306eb">
      <Execution id="1c0805b1-8bf0-4e2e-b203-e666e75fdd71" />
      <TestMethod codeBase="D:\actions-runner\_work\XPCO\XPCO\Corporate\VideoOS.Management.Server.UnitTests\bin\x64\Debug\net472\VideoOS.Management.Server.UnitTests.dll" adapterTypeName="executor://mstestadapter/v2" className="VideoOS.Management.Server.UnitTests.ConfigurationAPI.Rules.Backend.Validation.RuleParametersValidatorTests" name="Validate_WhenPropertyNameInDefinitionIsSet_PropertyNameIsUsed" />
    </UnitTest>
    <UnitTest name="SendCommandSecurityVisitor_SynchronizeDevicePresetsCommand_ArgumentNullException" storage="d:\actions-runner\_work\xpco\xpco\corporate\videoos.management.server.unittests\bin\x64\debug\net472\videoos.management.server.unittests.dll" id="fa6131bd-64d9-265a-360c-1277a9e29d49">
      <Execution id="52c2e4c2-0258-4114-944d-fd5f8e5454e6" />
      <TestMethod codeBase="D:\actions-runner\_work\XPCO\XPCO\Corporate\VideoOS.Management.Server.UnitTests\bin\x64\Debug\net472\VideoOS.Management.Server.UnitTests.dll" adapterTypeName="executor://mstestadapter/v2" className="VideoOS.Management.Server.UnitTests.SendCommandSecurityVisitorTests" name="SendCommandSecurityVisitor_SynchronizeDevicePresetsCommand_ArgumentNullException" />
    </UnitTest>
    <UnitTest name="Initialize_SecretHanlderIsNull_ThrowsArgumentNullException" storage="d:\actions-runner\_work\xpco\xpco\corporate\videoos.management.server.unittests\bin\x64\debug\net472\videoos.management.server.unittests.dll" id="660ef3a6-6abb-f480-9458-9d362732961e">
      <Execution id="a58043d0-7499-4a5c-8a29-210d461d639e" />
      <TestMethod codeBase="D:\actions-runner\_work\XPCO\XPCO\Corporate\VideoOS.Management.Server.UnitTests\bin\x64\Debug\net472\VideoOS.Management.Server.UnitTests.dll" adapterTypeName="executor://mstestadapter/v2" className="VideoOS.Management.Server.UnitTests.Integration.TokenCacheServiceUnitTests" name="Initialize_SecretHanlderIsNull_ThrowsArgumentNullException" />
    </UnitTest>
    <UnitTest name="AsyncRetryExecutionRetryCancelTest" storage="d:\actions-runner\_work\xpco\xpco\corporate\videoos.management.server.unittests\bin\x64\debug\net472\videoos.management.server.unittests.dll" id="e15f6a8c-1377-a124-766a-b347c340cd00">
      <Execution id="08ac12da-acc3-486f-b505-f7f49da4d53f" />
      <TestMethod codeBase="D:\actions-runner\_work\XPCO\XPCO\Corporate\VideoOS.Management.Server.UnitTests\bin\x64\Debug\net472\VideoOS.Management.Server.UnitTests.dll" adapterTypeName="executor://mstestadapter/v2" className="VideoOS.Management.Server.UnitTests.BusinessObjects.AsyncRetryExecutionTest" name="AsyncRetryExecutionRetryCancelTest" />
    </UnitTest>
    <UnitTest name="Build_StartRecordAllFrames_WhenParametersAreSet_ReturnsActionModel" storage="d:\actions-runner\_work\xpco\xpco\corporate\videoos.management.server.unittests\bin\x64\debug\net472\videoos.management.server.unittests.dll" id="7559af2b-2ed8-52b0-aa3d-7968eef4da1d">
      <Execution id="92b2a84a-0b94-4c0c-b946-6b76782fca39" />
      <TestMethod codeBase="D:\actions-runner\_work\XPCO\XPCO\Corporate\VideoOS.Management.Server.UnitTests\bin\x64\Debug\net472\VideoOS.Management.Server.UnitTests.dll" adapterTypeName="executor://mstestadapter/v2" className="VideoOS.Management.Server.UnitTests.ConfigurationAPI.Rules.Builders.RuleModelActionsBuilderTests" name="Build_StartRecordAllFrames_WhenParametersAreSet_ReturnsActionModel" />
    </UnitTest>
    <UnitTest name="SendCommandSecurityVisitor_UpdateSecurityConfigurationCommand_NotSupportedException" storage="d:\actions-runner\_work\xpco\xpco\corporate\videoos.management.server.unittests\bin\x64\debug\net472\videoos.management.server.unittests.dll" id="1d1f2c85-e240-26a4-f8cf-f8ff444f9611">
      <Execution id="b73798ba-40d1-4bda-90d2-bc75bc80fdf3" />
      <TestMethod codeBase="D:\actions-runner\_work\XPCO\XPCO\Corporate\VideoOS.Management.Server.UnitTests\bin\x64\Debug\net472\VideoOS.Management.Server.UnitTests.dll" adapterTypeName="executor://mstestadapter/v2" className="VideoOS.Management.Server.UnitTests.SendCommandSecurityVisitorTests" name="SendCommandSecurityVisitor_UpdateSecurityConfigurationCommand_NotSupportedException" />
    </UnitTest>
    <UnitTest name="SendCommandSecurityVisitor_UpdateSecurityManagerCommand_SecurityPermissionsDevice_Output_Edit_Allowed" storage="d:\actions-runner\_work\xpco\xpco\corporate\videoos.management.server.unittests\bin\x64\debug\net472\videoos.management.server.unittests.dll" id="b14ddc64-d223-4677-0904-4f0ffb7022a6">
      <Execution id="08804e80-1167-4426-8824-2745f98602f1" />
      <TestMethod codeBase="D:\actions-runner\_work\XPCO\XPCO\Corporate\VideoOS.Management.Server.UnitTests\bin\x64\Debug\net472\VideoOS.Management.Server.UnitTests.dll" adapterTypeName="executor://mstestadapter/v2" className="VideoOS.Management.Server.UnitTests.SendCommandSecurityVisitorTests" name="SendCommandSecurityVisitor_UpdateSecurityManagerCommand_SecurityPermissionsDevice_Output_Edit_Allowed" />
    </UnitTest>
    <UnitTest name="Validate_WhenStartPartRequiresCounteraction_Error" storage="d:\actions-runner\_work\xpco\xpco\corporate\videoos.management.server.unittests\bin\x64\debug\net472\videoos.management.server.unittests.dll" id="a006b6de-22f7-8ee1-a2e7-0e464ea1bed1">
      <Execution id="4c338857-168b-419a-96ac-337be041eb5b" />
      <TestMethod codeBase="D:\actions-runner\_work\XPCO\XPCO\Corporate\VideoOS.Management.Server.UnitTests\bin\x64\Debug\net472\VideoOS.Management.Server.UnitTests.dll" adapterTypeName="executor://mstestadapter/v2" className="VideoOS.Management.Server.UnitTests.ConfigurationAPI.Rules.Backend.Validation.ActionsValidatorTests" name="Validate_WhenStartPartRequiresCounteraction_Error" />
    </UnitTest>
    <UnitTest name="GetCurrentProperties_WhenWithinTimeProfileIsInvalid_ThrowsArgumentException" storage="d:\actions-runner\_work\xpco\xpco\corporate\videoos.management.server.unittests\bin\x64\debug\net472\videoos.management.server.unittests.dll" id="4807bc5e-dee6-aa18-028e-2a66fbfdfcf0">
      <Execution id="7c320a87-f06f-423d-bb9d-61c07ffeb271" />
      <TestMethod codeBase="D:\actions-runner\_work\XPCO\XPCO\Corporate\VideoOS.Management.Server.UnitTests\bin\x64\Debug\net472\VideoOS.Management.Server.UnitTests.dll" adapterTypeName="executor://mstestadapter/v2" className="VideoOS.Management.Server.UnitTests.ConfigurationAPI.Rules.Methods.StartConditionsStepTest" name="GetCurrentProperties_WhenWithinTimeProfileIsInvalid_ThrowsArgumentException" />
    </UnitTest>
    <UnitTest name="DataCollectorOnRegisteredServicesManager_QueueResolve_Success_One_Quene" storage="d:\actions-runner\_work\xpco\xpco\corporate\videoos.management.server.unittests\bin\x64\debug\net472\videoos.management.server.unittests.dll" id="9a1d160d-73af-38f5-6abf-72df1b5a9ed9">
      <Execution id="6a7d6cf9-ecd0-4c59-af27-76b4a3afa8f1" />
      <TestMethod codeBase="D:\actions-runner\_work\XPCO\XPCO\Corporate\VideoOS.Management.Server.UnitTests\bin\x64\Debug\net472\VideoOS.Management.Server.UnitTests.dll" adapterTypeName="executor://mstestadapter/v2" className="VideoOS.Management.Server.DataCollectorOnRegisteredServicesManagerTest" name="DataCollectorOnRegisteredServicesManager_QueueResolve_Success_One_Quene" />
    </UnitTest>
    <UnitTest name="TryParseConditions_WhenNotSupportedTimeConditionNodeName_ReturnsFalse" storage="d:\actions-runner\_work\xpco\xpco\corporate\videoos.management.server.unittests\bin\x64\debug\net472\videoos.management.server.unittests.dll" id="d9f2aed0-e5cf-6573-c1fa-e1d9726ee5c4">
      <Execution id="24f1f2a0-e6fd-474a-922a-356ca1ca131b" />
      <TestMethod codeBase="D:\actions-runner\_work\XPCO\XPCO\Corporate\VideoOS.Management.Server.UnitTests\bin\x64\Debug\net472\VideoOS.Management.Server.UnitTests.dll" adapterTypeName="executor://mstestadapter/v2" className="VideoOS.Management.Server.UnitTests.ConfigurationAPI.Rules.Backend.Builders.ConditionsParserTests" name="TryParseConditions_WhenNotSupportedTimeConditionNodeName_ReturnsFalse" />
    </UnitTest>
    <UnitTest name="SetItem_InvalidPathTest" storage="d:\actions-runner\_work\xpco\xpco\corporate\videoos.management.server.unittests\bin\x64\debug\net472\videoos.management.server.unittests.dll" id="df9eb70a-74db-158a-2969-9e235c58cc3f">
      <Execution id="eeea2fb0-b0d3-470d-88bb-9ebb7c0b64ce" />
      <TestMethod codeBase="D:\actions-runner\_work\XPCO\XPCO\Corporate\VideoOS.Management.Server.UnitTests\bin\x64\Debug\net472\VideoOS.Management.Server.UnitTests.dll" adapterTypeName="executor://mstestadapter/v2" className="VideoOS.Management.Server.UnitTests.ConfigurationAPI.BusinessObjects.CustomProperties.CustomPropertiesConfigurationApiTest" name="SetItem_InvalidPathTest" />
    </UnitTest>
    <UnitTest name="TaskEdgeStorageSecurityProvider_ValidatePermissions" storage="d:\actions-runner\_work\xpco\xpco\corporate\videoos.management.server.unittests\bin\x64\debug\net472\videoos.management.server.unittests.dll" id="7d77e772-20b8-6ced-aab9-587e30b84e10">
      <Execution id="46c50c78-bd0a-4608-a501-125faf6ea81e" />
      <TestMethod codeBase="D:\actions-runner\_work\XPCO\XPCO\Corporate\VideoOS.Management.Server.UnitTests\bin\x64\Debug\net472\VideoOS.Management.Server.UnitTests.dll" adapterTypeName="executor://mstestadapter/v2" className="VideoOS.Management.Server.UnitTests.Security.TaskSecurityProvicerTest" name="TaskEdgeStorageSecurityProvider_ValidatePermissions" />
    </UnitTest>
    <UnitTest name="Initialize_Success" storage="d:\actions-runner\_work\xpco\xpco\corporate\videoos.management.server.unittests\bin\x64\debug\net472\videoos.management.server.unittests.dll" id="ff650975-6ca8-ea08-11d1-eeb0f21dd0cf">
      <Execution id="3452c2e3-26d8-420c-9dba-fe565023f4d2" />
      <TestMethod codeBase="D:\actions-runner\_work\XPCO\XPCO\Corporate\VideoOS.Management.Server.UnitTests\bin\x64\Debug\net472\VideoOS.Management.Server.UnitTests.dll" adapterTypeName="executor://mstestadapter/v2" className="VideoOS.Management.Server.UnitTests.Integration.TokenCacheServiceUnitTests" name="Initialize_Success" />
    </UnitTest>
    <UnitTest name="Build_WhenActionIsMIPAction2_ReturnsRuleModel" storage="d:\actions-runner\_work\xpco\xpco\corporate\videoos.management.server.unittests\bin\x64\debug\net472\videoos.management.server.unittests.dll" id="b18df6ee-5f3e-fccd-a050-29f5e9677c77">
      <Execution id="650bc968-b745-4c18-903d-23a2bb6f4013" />
      <TestMethod codeBase="D:\actions-runner\_work\XPCO\XPCO\Corporate\VideoOS.Management.Server.UnitTests\bin\x64\Debug\net472\VideoOS.Management.Server.UnitTests.dll" adapterTypeName="executor://mstestadapter/v2" className="VideoOS.Management.Server.UnitTests.ConfigurationAPI.Rules.Backend.Builders.XmlRuleModelBuilderTests" name="Build_WhenActionIsMIPAction2_ReturnsRuleModel" />
    </UnitTest>
    <UnitTest name="Validate_WhenObjectExists_ReturnsTrue" storage="d:\actions-runner\_work\xpco\xpco\corporate\videoos.management.server.unittests\bin\x64\debug\net472\videoos.management.server.unittests.dll" id="a9fc41b1-b112-ab0a-c01d-de86bf350092">
      <Execution id="9184324f-4f6d-4134-9831-123cd361e5f3" />
      <TestMethod codeBase="D:\actions-runner\_work\XPCO\XPCO\Corporate\VideoOS.Management.Server.UnitTests\bin\x64\Debug\net472\VideoOS.Management.Server.UnitTests.dll" adapterTypeName="executor://mstestadapter/v2" className="VideoOS.Management.Server.UnitTests.ConfigurationAPI.Rules.Backend.Validation.ValueValidators.AccessControlEventParameterValueValidatorTests" name="Validate_WhenObjectExists_ReturnsTrue" />
    </UnitTest>
    <UnitTest name="Build_VideoWallSetToPreset_WhenParametersAreSet_ReturnsActionModel" storage="d:\actions-runner\_work\xpco\xpco\corporate\videoos.management.server.unittests\bin\x64\debug\net472\videoos.management.server.unittests.dll" id="d6b48956-c740-948a-e6b5-07a0222fdd86">
      <Execution id="99634061-5cfe-47fa-97de-697ba037c456" />
      <TestMethod codeBase="D:\actions-runner\_work\XPCO\XPCO\Corporate\VideoOS.Management.Server.UnitTests\bin\x64\Debug\net472\VideoOS.Management.Server.UnitTests.dll" adapterTypeName="executor://mstestadapter/v2" className="VideoOS.Management.Server.UnitTests.ConfigurationAPI.Rules.Builders.RuleModelActionsBuilderTests" name="Build_VideoWallSetToPreset_WhenParametersAreSet_ReturnsActionModel" />
    </UnitTest>
    <UnitTest name="IsComplete_WhenRuleTypePropertyHasEmptyValue_ReturnsFalse" storage="d:\actions-runner\_work\xpco\xpco\corporate\videoos.management.server.unittests\bin\x64\debug\net472\videoos.management.server.unittests.dll" id="d1a55157-f5bc-2d9f-41c8-7dd6899c62ba">
      <Execution id="236a3a25-e777-4635-9df4-1555ccd7e64a" />
      <TestMethod codeBase="D:\actions-runner\_work\XPCO\XPCO\Corporate\VideoOS.Management.Server.UnitTests\bin\x64\Debug\net472\VideoOS.Management.Server.UnitTests.dll" adapterTypeName="executor://mstestadapter/v2" className="VideoOS.Management.Server.UnitTests.ConfigurationAPI.Rules.Methods.StartRuleTypeStepTests" name="IsComplete_WhenRuleTypePropertyHasEmptyValue_ReturnsFalse" />
    </UnitTest>
    <UnitTest name="GetXml_WhenRetrieveEdgeStorage_MatchesXml" storage="d:\actions-runner\_work\xpco\xpco\corporate\videoos.management.server.unittests\bin\x64\debug\net472\videoos.management.server.unittests.dll" id="73b1f39b-8769-653b-06e4-16c0193e8d2a">
      <Execution id="fce126a2-c461-4ff1-9026-f8a65ac78ea8" />
      <TestMethod codeBase="D:\actions-runner\_work\XPCO\XPCO\Corporate\VideoOS.Management.Server.UnitTests\bin\x64\Debug\net472\VideoOS.Management.Server.UnitTests.dll" adapterTypeName="executor://mstestadapter/v2" className="VideoOS.Management.Server.UnitTests.ConfigurationAPI.Rules.Backend.Builders.ActionXmlBuilderTests" name="GetXml_WhenRetrieveEdgeStorage_MatchesXml" />
    </UnitTest>
    <UnitTest name="GetChildItems_ParamNullCheck_RequestContextTest" storage="d:\actions-runner\_work\xpco\xpco\corporate\videoos.management.server.unittests\bin\x64\debug\net472\videoos.management.server.unittests.dll" id="1c3d35a3-95b0-e4d2-7bda-42d81a6af4a6">
      <Execution id="3325ce81-e853-4681-9cf8-b90583e81367" />
      <TestMethod codeBase="D:\actions-runner\_work\XPCO\XPCO\Corporate\VideoOS.Management.Server.UnitTests\bin\x64\Debug\net472\VideoOS.Management.Server.UnitTests.dll" adapterTypeName="executor://mstestadapter/v2" className="VideoOS.Management.Server.UnitTests.ConfigurationAPI.BusinessObjects.SiteConfigurationApiTest" name="GetChildItems_ParamNullCheck_RequestContextTest" />
    </UnitTest>
    <UnitTest name="InvokeMethod_UpdateSearchTemplateCreateInfo" storage="d:\actions-runner\_work\xpco\xpco\corporate\videoos.management.server.unittests\bin\x64\debug\net472\videoos.management.server.unittests.dll" id="27227243-c784-f22b-71a2-d8e8342362a1">
      <Execution id="6e158de3-b94c-4022-b9df-b4f355b81201" />
      <TestMethod codeBase="D:\actions-runner\_work\XPCO\XPCO\Corporate\VideoOS.Management.Server.UnitTests\bin\x64\Debug\net472\VideoOS.Management.Server.UnitTests.dll" adapterTypeName="executor://mstestadapter/v2" className="VideoOS.Management.Server.UnitTests.ConfigurationAPI.BusinessObjects.SearchTemplate.SearchTemplateConfigurationApiTest" name="InvokeMethod_UpdateSearchTemplateCreateInfo" />
    </UnitTest>
    <UnitTest name="GetItem_DoesCorrectPassThrough" storage="d:\actions-runner\_work\xpco\xpco\corporate\videoos.management.server.unittests\bin\x64\debug\net472\videoos.management.server.unittests.dll" id="4ff37ccd-f57f-ba0a-c02c-158b3f222854">
      <Execution id="c9b333be-2639-4311-af25-bd0cbc3aacfa" />
      <TestMethod codeBase="D:\actions-runner\_work\XPCO\XPCO\Corporate\VideoOS.Management.Server.UnitTests\bin\x64\Debug\net472\VideoOS.Management.Server.UnitTests.dll" adapterTypeName="executor://mstestadapter/v2" className="VideoOS.Management.Server.UnitTests.RestApi.ConfigurationApiManagerTests" name="GetItem_DoesCorrectPassThrough" />
    </UnitTest>
    <UnitTest name="ConstructSqlSelect_SunnyDay_NameContains" storage="d:\actions-runner\_work\xpco\xpco\corporate\videoos.management.server.unittests\bin\x64\debug\net472\videoos.management.server.unittests.dll" id="617e2fe3-b6b7-3d2f-7e94-767a6498247b">
      <Execution id="42dde8cb-9e91-4f08-9204-04216acc2890" />
      <TestMethod codeBase="D:\actions-runner\_work\XPCO\XPCO\Corporate\VideoOS.Management.Server.UnitTests\bin\x64\Debug\net472\VideoOS.Management.Server.UnitTests.dll" adapterTypeName="executor://mstestadapter/v2" className="VideoOS.Management.Server.UnitTests.ConfigurationAPI.Converters.SqlQueryFormatterTests" name="ConstructSqlSelect_SunnyDay_NameContains" />
    </UnitTest>
    <UnitTest name="SendCommandSecurityVisitor_Ctor_DeviceTypeLookup_Null_ArgumentNullException" storage="d:\actions-runner\_work\xpco\xpco\corporate\videoos.management.server.unittests\bin\x64\debug\net472\videoos.management.server.unittests.dll" id="0e891d42-131d-38cb-c1d4-f6472030d178">
      <Execution id="392f692f-0d8c-43b6-82e9-6ccb998815b8" />
      <TestMethod codeBase="D:\actions-runner\_work\XPCO\XPCO\Corporate\VideoOS.Management.Server.UnitTests\bin\x64\Debug\net472\VideoOS.Management.Server.UnitTests.dll" adapterTypeName="executor://mstestadapter/v2" className="VideoOS.Management.Server.UnitTests.SendCommandSecurityVisitorTests" name="SendCommandSecurityVisitor_Ctor_DeviceTypeLookup_Null_ArgumentNullException" />
    </UnitTest>
    <UnitTest name="UpdateSearchTemplate_ParamNullCheck_RequestContext" storage="d:\actions-runner\_work\xpco\xpco\corporate\videoos.management.server.unittests\bin\x64\debug\net472\videoos.management.server.unittests.dll" id="b4aca936-37ae-30df-264d-b8d2ee98c1e0">
      <Execution id="724c67ea-0e5f-4800-a1ed-d4877d64be67" />
      <TestMethod codeBase="D:\actions-runner\_work\XPCO\XPCO\Corporate\VideoOS.Management.Server.UnitTests\bin\x64\Debug\net472\VideoOS.Management.Server.UnitTests.dll" adapterTypeName="executor://mstestadapter/v2" className="VideoOS.Management.Server.UnitTests.BusinessObjects.ManagementServer.SearchTemplate.SearchTemplateItemTests" name="UpdateSearchTemplate_ParamNullCheck_RequestContext" />
    </UnitTest>
    <UnitTest name="GetArrayOfItems_IncludeDisabledItems" storage="d:\actions-runner\_work\xpco\xpco\corporate\videoos.management.server.unittests\bin\x64\debug\net472\videoos.management.server.unittests.dll" id="bbb1e964-37f4-ae2b-250b-0d0a62a09821">
      <Execution id="59ab0b64-7cda-42d5-8ee9-0373e0a5aa04" />
      <TestMethod codeBase="D:\actions-runner\_work\XPCO\XPCO\Corporate\VideoOS.Management.Server.UnitTests\bin\x64\Debug\net472\VideoOS.Management.Server.UnitTests.dll" adapterTypeName="executor://mstestadapter/v2" className="VideoOS.Management.Server.UnitTests.RestApi.ConfigurationApiSubControllerTests" name="GetArrayOfItems_IncludeDisabledItems" />
    </UnitTest>
    <UnitTest name="Patch_KnownResource_ReturnsPatchResultInBody" storage="d:\actions-runner\_work\xpco\xpco\corporate\videoos.management.server.unittests\bin\x64\debug\net472\videoos.management.server.unittests.dll" id="7229aaa7-ed96-9a0f-11d8-9edfdb9e6e52">
      <Execution id="bb4d1e06-e976-457f-83a2-0f13bccb5e33" />
      <TestMethod codeBase="D:\actions-runner\_work\XPCO\XPCO\Corporate\VideoOS.Management.Server.UnitTests\bin\x64\Debug\net472\VideoOS.Management.Server.UnitTests.dll" adapterTypeName="executor://mstestadapter/v2" className="VideoOS.Management.Server.UnitTests.RestApi.SpecificItemControllerTests" name="Patch_KnownResource_ReturnsPatchResultInBody" />
    </UnitTest>
    <UnitTest name="Get_KnownResource_ItemFound_NotNoData_NotTasks_PerformingTask_NotResources_NotDefinition_PerformsTaskOnly" storage="d:\actions-runner\_work\xpco\xpco\corporate\videoos.management.server.unittests\bin\x64\debug\net472\videoos.management.server.unittests.dll" id="a0d3f686-5f8a-d6b0-2f8d-966e29a19dd8">
      <Execution id="47dbc4d5-6905-4d90-9977-d94b1cddb2ec" />
      <TestMethod codeBase="D:\actions-runner\_work\XPCO\XPCO\Corporate\VideoOS.Management.Server.UnitTests\bin\x64\Debug\net472\VideoOS.Management.Server.UnitTests.dll" adapterTypeName="executor://mstestadapter/v2" className="VideoOS.Management.Server.UnitTests.RestApi.SpecificItemControllerTests" name="Get_KnownResource_ItemFound_NotNoData_NotTasks_PerformingTask_NotResources_NotDefinition_PerformsTaskOnly" />
    </UnitTest>
    <UnitTest name="GetNextProperties_WhenDaysOfWeekIsNotSetButDaysAreSet_ReturnsProperties" storage="d:\actions-runner\_work\xpco\xpco\corporate\videoos.management.server.unittests\bin\x64\debug\net472\videoos.management.server.unittests.dll" id="08169e6d-4778-5227-cdf5-70effda4695e">
      <Execution id="1d5fe82b-6f12-4c46-856d-e437ddcb1a16" />
      <TestMethod codeBase="D:\actions-runner\_work\XPCO\XPCO\Corporate\VideoOS.Management.Server.UnitTests\bin\x64\Debug\net472\VideoOS.Management.Server.UnitTests.dll" adapterTypeName="executor://mstestadapter/v2" className="VideoOS.Management.Server.UnitTests.ConfigurationAPI.Rules.Methods.StartConditionsStepTest" name="GetNextProperties_WhenDaysOfWeekIsNotSetButDaysAreSet_ReturnsProperties" />
    </UnitTest>
    <UnitTest name="InvokeMethod_ParamCheck_UnknownMethodId2Test" storage="d:\actions-runner\_work\xpco\xpco\corporate\videoos.management.server.unittests\bin\x64\debug\net472\videoos.management.server.unittests.dll" id="a8e10d08-538b-4a11-21ff-e7f34160b2a3">
      <Execution id="96e7e395-c96f-49a8-8af4-f5ed161a41fc" />
      <TestMethod codeBase="D:\actions-runner\_work\XPCO\XPCO\Corporate\VideoOS.Management.Server.UnitTests\bin\x64\Debug\net472\VideoOS.Management.Server.UnitTests.dll" adapterTypeName="executor://mstestadapter/v2" className="VideoOS.Management.Server.UnitTests.ConfigurationAPI.BusinessObjects.AudioMessage.AudioMessageConfigurationApiTest" name="InvokeMethod_ParamCheck_UnknownMethodId2Test" />
    </UnitTest>
    <UnitTest name="Validation_ProcessTime_Success" storage="d:\actions-runner\_work\xpco\xpco\corporate\videoos.management.server.unittests\bin\x64\debug\net472\videoos.management.server.unittests.dll" id="97f802f7-182e-da21-e697-972e486f15e9">
      <Execution id="a85093f7-9556-442d-8f0a-4ad1d663e3e3" />
      <TestMethod codeBase="D:\actions-runner\_work\XPCO\XPCO\Corporate\VideoOS.Management.Server.UnitTests\bin\x64\Debug\net472\VideoOS.Management.Server.UnitTests.dll" adapterTypeName="executor://mstestadapter/v2" className="VideoOS.Management.Server.UnitTests.ValidationUnitTests" name="Validation_ProcessTime_Success" />
    </UnitTest>
    <UnitTest name="IsComplete_WhenStopActionsHasValue_ParametersNotSet_ReturnsFalse" storage="d:\actions-runner\_work\xpco\xpco\corporate\videoos.management.server.unittests\bin\x64\debug\net472\videoos.management.server.unittests.dll" id="0efb79e0-7c5a-aa0d-38b6-d1d6870b4bb4">
      <Execution id="08394910-7a5f-48a5-b31c-c0bf2d6fe938" />
      <TestMethod codeBase="D:\actions-runner\_work\XPCO\XPCO\Corporate\VideoOS.Management.Server.UnitTests\bin\x64\Debug\net472\VideoOS.Management.Server.UnitTests.dll" adapterTypeName="executor://mstestadapter/v2" className="VideoOS.Management.Server.UnitTests.ConfigurationAPI.Rules.Methods.StopActionsStepTests" name="IsComplete_WhenStopActionsHasValue_ParametersNotSet_ReturnsFalse" />
    </UnitTest>
    <UnitTest name="Build_StopFeed_WhenParametersAreSet_ReturnsActionModel" storage="d:\actions-runner\_work\xpco\xpco\corporate\videoos.management.server.unittests\bin\x64\debug\net472\videoos.management.server.unittests.dll" id="2eedbd2b-6466-8c81-cb6a-b76ce934ca63">
      <Execution id="d2547fa8-9962-498b-9877-8135be135122" />
      <TestMethod codeBase="D:\actions-runner\_work\XPCO\XPCO\Corporate\VideoOS.Management.Server.UnitTests\bin\x64\Debug\net472\VideoOS.Management.Server.UnitTests.dll" adapterTypeName="executor://mstestadapter/v2" className="VideoOS.Management.Server.UnitTests.ConfigurationAPI.Rules.Builders.RuleModelActionsBuilderTests" name="Build_StopFeed_WhenParametersAreSet_ReturnsActionModel" />
    </UnitTest>
    <UnitTest name="PathConvertTest" storage="d:\actions-runner\_work\xpco\xpco\corporate\videoos.management.server.unittests\bin\x64\debug\net472\videoos.management.server.unittests.dll" id="cceb3539-2c0b-6b74-1d94-b74534b45cd5">
      <Execution id="86526bb9-d246-49df-849d-b51b64098845" />
      <TestMethod codeBase="D:\actions-runner\_work\XPCO\XPCO\Corporate\VideoOS.Management.Server.UnitTests\bin\x64\Debug\net472\VideoOS.Management.Server.UnitTests.dll" adapterTypeName="executor://mstestadapter/v2" className="VideoOS.Management.Server.UnitTests.RestApi.NameConvertTests" name="PathConvertTest" />
    </UnitTest>
    <UnitTest name="Validate_WhenExpectedTypeIsNull_ReturnFalse" storage="d:\actions-runner\_work\xpco\xpco\corporate\videoos.management.server.unittests\bin\x64\debug\net472\videoos.management.server.unittests.dll" id="09553817-4b9b-6008-f440-e4c74c83a5ab">
      <Execution id="4c3c38e5-3784-4b0c-a374-24e2690a8ee7" />
      <TestMethod codeBase="D:\actions-runner\_work\XPCO\XPCO\Corporate\VideoOS.Management.Server.UnitTests\bin\x64\Debug\net472\VideoOS.Management.Server.UnitTests.dll" adapterTypeName="executor://mstestadapter/v2" className="VideoOS.Management.Server.UnitTests.ConfigurationAPI.Rules.Backend.Validation.UserDefinedEventValueValidatorTests" name="Validate_WhenExpectedTypeIsNull_ReturnFalse" />
    </UnitTest>
    <UnitTest name="Build_RecordAlwaysWhenDeviceGroupIdIsMultiple_PropertiesAdded" storage="d:\actions-runner\_work\xpco\xpco\corporate\videoos.management.server.unittests\bin\x64\debug\net472\videoos.management.server.unittests.dll" id="6853e84f-f696-668a-76a9-fb8476f8fc5e">
      <Execution id="63596838-fefb-47dc-9883-7e198b5eb2ac" />
      <TestMethod codeBase="D:\actions-runner\_work\XPCO\XPCO\Corporate\VideoOS.Management.Server.UnitTests\bin\x64\Debug\net472\VideoOS.Management.Server.UnitTests.dll" adapterTypeName="executor://mstestadapter/v2" className="VideoOS.Management.Server.UnitTests.ConfigurationAPI.Rules.Builders.ConfigurationItemBuilderTests" name="Build_RecordAlwaysWhenDeviceGroupIdIsMultiple_PropertiesAdded" />
    </UnitTest>
    <UnitTest name="SendCommandSecurityVisitor_UpdateConfigurationManagerCommand_TimeProfile_Edit_Allowed" storage="d:\actions-runner\_work\xpco\xpco\corporate\videoos.management.server.unittests\bin\x64\debug\net472\videoos.management.server.unittests.dll" id="c44406a4-f106-4476-82c0-bb016759725b">
      <Execution id="38ace3d9-ef28-423e-83a4-1fa60999ae40" />
      <TestMethod codeBase="D:\actions-runner\_work\XPCO\XPCO\Corporate\VideoOS.Management.Server.UnitTests\bin\x64\Debug\net472\VideoOS.Management.Server.UnitTests.dll" adapterTypeName="executor://mstestadapter/v2" className="VideoOS.Management.Server.UnitTests.SendCommandSecurityVisitorTests" name="SendCommandSecurityVisitor_UpdateConfigurationManagerCommand_TimeProfile_Edit_Allowed" />
    </UnitTest>
    <UnitTest name="RetentionTimeRule_RuleActionAsync_TwoStorageCountersOneDataCollector_ForecastCalledOnesWithTwoStorages" storage="d:\actions-runner\_work\xpco\xpco\corporate\videoos.management.server.unittests\bin\x64\debug\net472\videoos.management.server.unittests.dll" id="0b54f5a4-5ab5-3dbe-bc2d-82c383b5fe55">
      <Execution id="e9340850-ac26-453f-9860-784284677917" />
      <TestMethod codeBase="D:\actions-runner\_work\XPCO\XPCO\Corporate\VideoOS.Management.Server.UnitTests\bin\x64\Debug\net472\VideoOS.Management.Server.UnitTests.dll" adapterTypeName="executor://mstestadapter/v2" className="VideoOS.Management.Server.UnitTests.BusinessObjects.ManagementServer.DataCollection.PerformanceCounterRules.RetentionTimeRuleTest" name="RetentionTimeRule_RuleActionAsync_TwoStorageCountersOneDataCollector_ForecastCalledOnesWithTwoStorages" />
    </UnitTest>
    <UnitTest name="Invoke_StopAutoActivationLicense_SunnyDay" storage="d:\actions-runner\_work\xpco\xpco\corporate\videoos.management.server.unittests\bin\x64\debug\net472\videoos.management.server.unittests.dll" id="70def5bb-f991-ffe7-0ee7-c66d4ba6fce3">
      <Execution id="8bb37d4d-78be-4c72-8afa-a93c308e7697" />
      <TestMethod codeBase="D:\actions-runner\_work\XPCO\XPCO\Corporate\VideoOS.Management.Server.UnitTests\bin\x64\Debug\net472\VideoOS.Management.Server.UnitTests.dll" adapterTypeName="executor://mstestadapter/v2" className="VideoOS.Management.Server.UnitTests.ConfigurationAPI.BusinessObjects.LicenseConfigurationApiTests" name="Invoke_StopAutoActivationLicense_SunnyDay" />
    </UnitTest>
    <UnitTest name="ServerProxyService_GetConfigurationDataSetTables_DeviceLinks_AllAllowed_NotFiltered" storage="d:\actions-runner\_work\xpco\xpco\corporate\videoos.management.server.unittests\bin\x64\debug\net472\videoos.management.server.unittests.dll" id="d4cd2e51-846d-0ade-e00d-be95fb581fd0">
      <Execution id="9578c906-2d78-4a91-bd83-5790127e72ec" />
      <TestMethod codeBase="D:\actions-runner\_work\XPCO\XPCO\Corporate\VideoOS.Management.Server.UnitTests\bin\x64\Debug\net472\VideoOS.Management.Server.UnitTests.dll" adapterTypeName="executor://mstestadapter/v2" className="VideoOS.Management.Server.UnitTests.ServerProxyServiceUnitTests" name="ServerProxyService_GetConfigurationDataSetTables_DeviceLinks_AllAllowed_NotFiltered" />
    </UnitTest>
    <UnitTest name="GetCurrentProperties_AllPropertiesPresentWithValues_ReturnsListWithAllProperties" storage="d:\actions-runner\_work\xpco\xpco\corporate\videoos.management.server.unittests\bin\x64\debug\net472\videoos.management.server.unittests.dll" id="d8de1a4e-0a0a-f46d-2a81-cad7f8371db0">
      <Execution id="7a78fc0f-7b05-4ebd-b665-e5df575bb856" />
      <TestMethod codeBase="D:\actions-runner\_work\XPCO\XPCO\Corporate\VideoOS.Management.Server.UnitTests\bin\x64\Debug\net472\VideoOS.Management.Server.UnitTests.dll" adapterTypeName="executor://mstestadapter/v2" className="VideoOS.Management.Server.UnitTests.ConfigurationAPI.Rules.Methods.StartActionsStepTests" name="GetCurrentProperties_AllPropertiesPresentWithValues_ReturnsListWithAllProperties" />
    </UnitTest>
    <UnitTest name="ValidateItem_ParamNullCheck_ConfigurationItemTest" storage="d:\actions-runner\_work\xpco\xpco\corporate\videoos.management.server.unittests\bin\x64\debug\net472\videoos.management.server.unittests.dll" id="8fb92609-66a3-f6d5-706f-44794edf9f40">
      <Execution id="0a4ef096-7eaa-4bb5-9e08-df98ff034641" />
      <TestMethod codeBase="D:\actions-runner\_work\XPCO\XPCO\Corporate\VideoOS.Management.Server.UnitTests\bin\x64\Debug\net472\VideoOS.Management.Server.UnitTests.dll" adapterTypeName="executor://mstestadapter/v2" className="VideoOS.Management.Server.UnitTests.ConfigurationAPI.BusinessObjects.CustomProperties.CustomPropertiesConfigurationApiTest" name="ValidateItem_ParamNullCheck_ConfigurationItemTest" />
    </UnitTest>
    <UnitTest name="Validate_WhenExpectedTypeIsNull_ReturnFalse" storage="d:\actions-runner\_work\xpco\xpco\corporate\videoos.management.server.unittests\bin\x64\debug\net472\videoos.management.server.unittests.dll" id="79b08624-e533-11d8-a362-c981a1403b63">
      <Execution id="5bb86d2c-a7a8-40af-bdfc-40f130c27dbe" />
      <TestMethod codeBase="D:\actions-runner\_work\XPCO\XPCO\Corporate\VideoOS.Management.Server.UnitTests\bin\x64\Debug\net472\VideoOS.Management.Server.UnitTests.dll" adapterTypeName="executor://mstestadapter/v2" className="VideoOS.Management.Server.UnitTests.ConfigurationAPI.Rules.Backend.Validation.SystemDashboardServerParameterValueValidatorTests" name="Validate_WhenExpectedTypeIsNull_ReturnFalse" />
    </UnitTest>
    <UnitTest name="GetCurrentProperties_WhenNoPropertiesPresent_ReturnsEmptyList" storage="d:\actions-runner\_work\xpco\xpco\corporate\videoos.management.server.unittests\bin\x64\debug\net472\videoos.management.server.unittests.dll" id="9eb30651-85f0-ae2e-8590-6dc287ec72bd">
      <Execution id="081c7d19-46f4-4ebb-b07b-6a5ca0ae41a6" />
      <TestMethod codeBase="D:\actions-runner\_work\XPCO\XPCO\Corporate\VideoOS.Management.Server.UnitTests\bin\x64\Debug\net472\VideoOS.Management.Server.UnitTests.dll" adapterTypeName="executor://mstestadapter/v2" className="VideoOS.Management.Server.UnitTests.ConfigurationAPI.Rules.Methods.StopActionsStepTests" name="GetCurrentProperties_WhenNoPropertiesPresent_ReturnsEmptyList" />
    </UnitTest>
    <UnitTest name="Build_WhenStartTypeIsEvent_EventTypeIsSet_ReturnsTrue" storage="d:\actions-runner\_work\xpco\xpco\corporate\videoos.management.server.unittests\bin\x64\debug\net472\videoos.management.server.unittests.dll" id="f979f18f-ed5c-566e-440c-55a20d287857">
      <Execution id="809fe0f5-0dfe-4393-a366-8ddd848bfa4d" />
      <TestMethod codeBase="D:\actions-runner\_work\XPCO\XPCO\Corporate\VideoOS.Management.Server.UnitTests\bin\x64\Debug\net472\VideoOS.Management.Server.UnitTests.dll" adapterTypeName="executor://mstestadapter/v2" className="VideoOS.Management.Server.UnitTests.ConfigurationAPI.Rules.Backend.Builders.RuleTypeParserTests" name="Build_WhenStartTypeIsEvent_EventTypeIsSet_ReturnsTrue" />
    </UnitTest>
    <UnitTest name="QuerySearchTemplate_PrivateOnly" storage="d:\actions-runner\_work\xpco\xpco\corporate\videoos.management.server.unittests\bin\x64\debug\net472\videoos.management.server.unittests.dll" id="e0636431-39a7-23d3-36d5-7ba7de1b2c40">
      <Execution id="c6221c08-65d3-458b-a739-105401309530" />
      <TestMethod codeBase="D:\actions-runner\_work\XPCO\XPCO\Corporate\VideoOS.Management.Server.UnitTests\bin\x64\Debug\net472\VideoOS.Management.Server.UnitTests.dll" adapterTypeName="executor://mstestadapter/v2" className="VideoOS.Management.Server.UnitTests.BusinessObjects.ManagementServer.SearchTemplate.SearchTemplateItemTests" name="QuerySearchTemplate_PrivateOnly" />
    </UnitTest>
    <UnitTest name="SendCommandSecurityVisitor_UpdateConfigurationManagerCommand_DeviceLinks_Delete_Allowed" storage="d:\actions-runner\_work\xpco\xpco\corporate\videoos.management.server.unittests\bin\x64\debug\net472\videoos.management.server.unittests.dll" id="6bf349ee-ed18-02ee-b615-c6df31ecd6ca">
      <Execution id="b0651ad2-edc3-4f4d-970d-035a03555116" />
      <TestMethod codeBase="D:\actions-runner\_work\XPCO\XPCO\Corporate\VideoOS.Management.Server.UnitTests\bin\x64\Debug\net472\VideoOS.Management.Server.UnitTests.dll" adapterTypeName="executor://mstestadapter/v2" className="VideoOS.Management.Server.UnitTests.SendCommandSecurityVisitorTests" name="SendCommandSecurityVisitor_UpdateConfigurationManagerCommand_DeviceLinks_Delete_Allowed" />
    </UnitTest>
    <UnitTest name="Validation_MotionDetectionMethod_Success" storage="d:\actions-runner\_work\xpco\xpco\corporate\videoos.management.server.unittests\bin\x64\debug\net472\videoos.management.server.unittests.dll" id="7d3c0575-b1b2-d944-a4b1-74ad04c18963">
      <Execution id="cf4d132c-c9ae-42c8-a078-19fd2738b730" />
      <TestMethod codeBase="D:\actions-runner\_work\XPCO\XPCO\Corporate\VideoOS.Management.Server.UnitTests\bin\x64\Debug\net472\VideoOS.Management.Server.UnitTests.dll" adapterTypeName="executor://mstestadapter/v2" className="VideoOS.Management.Server.UnitTests.ValidationUnitTests" name="Validation_MotionDetectionMethod_Success" />
    </UnitTest>
    <UnitTest name="SendCommandSecurityVisitor_HardwareSetupInformationCommand_NotAllowed" storage="d:\actions-runner\_work\xpco\xpco\corporate\videoos.management.server.unittests\bin\x64\debug\net472\videoos.management.server.unittests.dll" id="8a8fa082-2a88-9d25-14bd-ffc2289e654f">
      <Execution id="460c1150-4aa5-4bc9-8dd8-6ea81b19d6ca" />
      <TestMethod codeBase="D:\actions-runner\_work\XPCO\XPCO\Corporate\VideoOS.Management.Server.UnitTests\bin\x64\Debug\net472\VideoOS.Management.Server.UnitTests.dll" adapterTypeName="executor://mstestadapter/v2" className="VideoOS.Management.Server.UnitTests.SendCommandSecurityVisitorTests" name="SendCommandSecurityVisitor_HardwareSetupInformationCommand_NotAllowed" />
    </UnitTest>
    <UnitTest name="Delete_Path_ParentResource" storage="d:\actions-runner\_work\xpco\xpco\corporate\videoos.management.server.unittests\bin\x64\debug\net472\videoos.management.server.unittests.dll" id="18d98543-bd8f-e90f-9802-eae432933a2c">
      <Execution id="9e4123a2-f099-44f3-ae58-bf5753961695" />
      <TestMethod codeBase="D:\actions-runner\_work\XPCO\XPCO\Corporate\VideoOS.Management.Server.UnitTests\bin\x64\Debug\net472\VideoOS.Management.Server.UnitTests.dll" adapterTypeName="executor://mstestadapter/v2" className="VideoOS.Management.Server.UnitTests.RestApi.ConfigurationApiSubControllerTests" name="Delete_Path_ParentResource" />
    </UnitTest>
    <UnitTest name="Validate_WhenTimerStopRuleHasZeroDelay_Error" storage="d:\actions-runner\_work\xpco\xpco\corporate\videoos.management.server.unittests\bin\x64\debug\net472\videoos.management.server.unittests.dll" id="a949552e-cfe4-f302-32c7-fbbb656dea42">
      <Execution id="49c926f9-e18f-4dc8-a21d-86a52d2ebb17" />
      <TestMethod codeBase="D:\actions-runner\_work\XPCO\XPCO\Corporate\VideoOS.Management.Server.UnitTests\bin\x64\Debug\net472\VideoOS.Management.Server.UnitTests.dll" adapterTypeName="executor://mstestadapter/v2" className="VideoOS.Management.Server.UnitTests.ConfigurationAPI.Rules.Backend.Validation.ValidatorIntegrationTests" name="Validate_WhenTimerStopRuleHasZeroDelay_Error" />
    </UnitTest>
    <UnitTest name="SendCommandSecurityVisitor_UpdateSecurityManagerCommand_SecurityPermissionsMatrix_Delete_Allowed" storage="d:\actions-runner\_work\xpco\xpco\corporate\videoos.management.server.unittests\bin\x64\debug\net472\videoos.management.server.unittests.dll" id="491432be-c048-677d-8492-511e8978509f">
      <Execution id="4b65ad60-b054-4bdb-b2ad-7e1533a4a2f3" />
      <TestMethod codeBase="D:\actions-runner\_work\XPCO\XPCO\Corporate\VideoOS.Management.Server.UnitTests\bin\x64\Debug\net472\VideoOS.Management.Server.UnitTests.dll" adapterTypeName="executor://mstestadapter/v2" className="VideoOS.Management.Server.UnitTests.SendCommandSecurityVisitorTests" name="SendCommandSecurityVisitor_UpdateSecurityManagerCommand_SecurityPermissionsMatrix_Delete_Allowed" />
    </UnitTest>
    <UnitTest name="GetItem_ParamNullCheck_PathTest" storage="d:\actions-runner\_work\xpco\xpco\corporate\videoos.management.server.unittests\bin\x64\debug\net472\videoos.management.server.unittests.dll" id="8a9c12de-f036-ec88-bfd1-583358600bb8">
      <Execution id="456ae2f8-8262-460c-bba9-c7824faaa9f5" />
      <TestMethod codeBase="D:\actions-runner\_work\XPCO\XPCO\Corporate\VideoOS.Management.Server.UnitTests\bin\x64\Debug\net472\VideoOS.Management.Server.UnitTests.dll" adapterTypeName="executor://mstestadapter/v2" className="VideoOS.Management.Server.UnitTests.ConfigurationAPI.BusinessObjects.CustomProperties.CustomPropertiesConfigurationApiTest" name="GetItem_ParamNullCheck_PathTest" />
    </UnitTest>
    <UnitTest name="SendCommandSecurityVisitor_UpdateConfigurationManagerCommand_ArchiveStorage_Delete_NotSupportedException" storage="d:\actions-runner\_work\xpco\xpco\corporate\videoos.management.server.unittests\bin\x64\debug\net472\videoos.management.server.unittests.dll" id="7cbfa97b-acef-e833-fda9-71676b5bf4e3">
      <Execution id="be40e849-302b-4377-9832-437cfa0d071c" />
      <TestMethod codeBase="D:\actions-runner\_work\XPCO\XPCO\Corporate\VideoOS.Management.Server.UnitTests\bin\x64\Debug\net472\VideoOS.Management.Server.UnitTests.dll" adapterTypeName="executor://mstestadapter/v2" className="VideoOS.Management.Server.UnitTests.SendCommandSecurityVisitorTests" name="SendCommandSecurityVisitor_UpdateConfigurationManagerCommand_ArchiveStorage_Delete_NotSupportedException" />
    </UnitTest>
    <UnitTest name="SendCommandSecurityVisitor_UpdateConfigurationManagerCommand_Speaker_Delete_NoSecurityCheck" storage="d:\actions-runner\_work\xpco\xpco\corporate\videoos.management.server.unittests\bin\x64\debug\net472\videoos.management.server.unittests.dll" id="f09fb77a-e7fb-8dd2-7c9b-d8f3394c31ef">
      <Execution id="3f98aa35-2826-4972-97e0-771ceac1d4cf" />
      <TestMethod codeBase="D:\actions-runner\_work\XPCO\XPCO\Corporate\VideoOS.Management.Server.UnitTests\bin\x64\Debug\net472\VideoOS.Management.Server.UnitTests.dll" adapterTypeName="executor://mstestadapter/v2" className="VideoOS.Management.Server.UnitTests.SendCommandSecurityVisitorTests" name="SendCommandSecurityVisitor_UpdateConfigurationManagerCommand_Speaker_Delete_NoSecurityCheck" />
    </UnitTest>
    <UnitTest name="Build_WhenUserPassesInvisibleParameterValue_Ignore" storage="d:\actions-runner\_work\xpco\xpco\corporate\videoos.management.server.unittests\bin\x64\debug\net472\videoos.management.server.unittests.dll" id="72b7b52c-c641-2591-0a86-1b2bbefab09e">
      <Execution id="ad0202fe-bc84-4990-844d-2abbefab3c82" />
      <TestMethod codeBase="D:\actions-runner\_work\XPCO\XPCO\Corporate\VideoOS.Management.Server.UnitTests\bin\x64\Debug\net472\VideoOS.Management.Server.UnitTests.dll" adapterTypeName="executor://mstestadapter/v2" className="VideoOS.Management.Server.UnitTests.ConfigurationAPI.Rules.Builders.RuleModelBuilderTests" name="Build_WhenUserPassesInvisibleParameterValue_Ignore" />
    </UnitTest>
    <UnitTest name="ConfigurationItemPath_CreateSystemFolderPath_Null_ArgumentNullException" storage="d:\actions-runner\_work\xpco\xpco\corporate\videoos.management.server.unittests\bin\x64\debug\net472\videoos.management.server.unittests.dll" id="150da51a-61cc-8977-434a-f3fb153743d3">
      <Execution id="a9940b9b-23f4-4921-9319-f2265dde3a88" />
      <TestMethod codeBase="D:\actions-runner\_work\XPCO\XPCO\Corporate\VideoOS.Management.Server.UnitTests\bin\x64\Debug\net472\VideoOS.Management.Server.UnitTests.dll" adapterTypeName="executor://mstestadapter/v2" className="VideoOS.Management.Server.UnitTests.ConfigurationAPI.ConfigurationItemPathTests" name="ConfigurationItemPath_CreateSystemFolderPath_Null_ArgumentNullException" />
    </UnitTest>
    <UnitTest name="Validate_TimeBetweenCondition_StartAndEndTimesIdentical_ReturnsValidationError" storage="d:\actions-runner\_work\xpco\xpco\corporate\videoos.management.server.unittests\bin\x64\debug\net472\videoos.management.server.unittests.dll" id="0d1c2199-9ee8-c1e0-6ff1-a089355cd9fb">
      <Execution id="109e9dcd-4472-4c8b-bd88-57864886f265" />
      <TestMethod codeBase="D:\actions-runner\_work\XPCO\XPCO\Corporate\VideoOS.Management.Server.UnitTests\bin\x64\Debug\net472\VideoOS.Management.Server.UnitTests.dll" adapterTypeName="executor://mstestadapter/v2" className="VideoOS.Management.Server.UnitTests.ConfigurationAPI.Rules.Backend.Validation.ConditionModelValidatorTest" name="Validate_TimeBetweenCondition_StartAndEndTimesIdentical_ReturnsValidationError" />
    </UnitTest>
  </TestDefinitions>
  <TestEntries>
    <TestEntry testId="e03e55f4-6d18-e45a-d7b7-207693087a2f" executionId="6291652b-fad5-4083-87ab-5855486ed6c9" testListId="8c84fa94-04c1-424b-9868-57a2d4851a1d" />
    <TestEntry testId="17dd6e3a-d642-40b3-1cfd-024036fccd33" executionId="99d82ef1-fa9f-4579-8839-13be9f50f3f6" testListId="8c84fa94-04c1-424b-9868-57a2d4851a1d" />
    <TestEntry testId="e0622919-1327-4eeb-954b-801d5ad63708" executionId="0e50b07a-58d2-4003-931c-f5106930cdf6" testListId="8c84fa94-04c1-424b-9868-57a2d4851a1d" />
    <TestEntry testId="27aaa3e9-693e-ad25-232b-200f2a646d44" executionId="287a9d7d-949c-4755-b409-fad939569896" testListId="8c84fa94-04c1-424b-9868-57a2d4851a1d" />
    <TestEntry testId="aef8e5df-14a8-6262-c653-37ebf0f47754" executionId="bbe7131d-91da-4ee2-8ca0-f5639dfe4476" testListId="8c84fa94-04c1-424b-9868-57a2d4851a1d" />
    <TestEntry testId="9a58927d-9e44-582b-bcea-7443d238dd63" executionId="dfa1b19c-dc8e-4691-a911-27c4e45195c8" testListId="8c84fa94-04c1-424b-9868-57a2d4851a1d" />
    <TestEntry testId="b7f7455b-f589-845f-00be-ed16a8cb4ba4" executionId="10e30aa4-28a5-489c-8eb2-aff2ed93210f" testListId="8c84fa94-04c1-424b-9868-57a2d4851a1d" />
    <TestEntry testId="cad4055a-a810-1241-63fa-320a99b8be7c" executionId="8303e168-aed1-4aa7-a160-4bae7989c4ed" testListId="8c84fa94-04c1-424b-9868-57a2d4851a1d" />
    <TestEntry testId="96332805-62af-fa21-0009-fbab7b6b0177" executionId="fee2eb14-0124-41a0-afd1-7afa4d8862e3" testListId="8c84fa94-04c1-424b-9868-57a2d4851a1d" />
    <TestEntry testId="c99c8936-85a4-2dd3-5ada-b03212932188" executionId="c871c67f-8b18-4a72-a682-93e0ec4a7f16" testListId="8c84fa94-04c1-424b-9868-57a2d4851a1d" />
    <TestEntry testId="ef59ed2f-2fbe-b31e-f871-f365df65d041" executionId="93dc8a6f-6a54-4912-9320-16488c789f7a" testListId="8c84fa94-04c1-424b-9868-57a2d4851a1d" />
    <TestEntry testId="f0c80b42-1e9a-8be9-5a14-d99dc35b7b44" executionId="ae3f1fe3-9556-4ee6-959c-771a5974fcf9" testListId="8c84fa94-04c1-424b-9868-57a2d4851a1d" />
    <TestEntry testId="0c35392f-53a0-67e2-4a1f-3a9c4cfdcf50" executionId="68a9e0d1-0707-4556-9d1b-eddd880e3bdb" testListId="8c84fa94-04c1-424b-9868-57a2d4851a1d" />
    <TestEntry testId="6db72a10-0b87-d22b-166c-b1d568dc51c7" executionId="223a4635-9bf7-4f09-9715-00afda4df2be" testListId="8c84fa94-04c1-424b-9868-57a2d4851a1d" />
    <TestEntry testId="c118b0fe-b9c4-0f2e-59bb-ea81a5a312df" executionId="55b51bd6-a35d-4034-808e-b06921e03a32" testListId="8c84fa94-04c1-424b-9868-57a2d4851a1d" />
    <TestEntry testId="6853e84f-f696-668a-76a9-fb8476f8fc5e" executionId="63596838-fefb-47dc-9883-7e198b5eb2ac" testListId="8c84fa94-04c1-424b-9868-57a2d4851a1d" />
    <TestEntry testId="6d4065ea-37df-4aff-874e-ab84b502ad49" executionId="f08da571-2d67-4cfc-98b2-ef263e2a4d13" testListId="8c84fa94-04c1-424b-9868-57a2d4851a1d" />
    <TestEntry testId="eea38e22-529b-e63c-3e6e-c63b7bccbdbd" executionId="f2a594ec-9bc5-4015-a5b2-fbc17bdee613" testListId="8c84fa94-04c1-424b-9868-57a2d4851a1d" />
    <TestEntry testId="756fd3b3-e5ab-f419-80d6-e71f68d546b8" executionId="9e30bf20-d2aa-4275-abf7-8bb5917ad5c2" testListId="8c84fa94-04c1-424b-9868-57a2d4851a1d" />
    <TestEntry testId="c17529b7-3a1c-14c2-c0ad-c7097dee7c72" executionId="e9c438a4-405e-40a2-b341-882b8380b4c1" testListId="8c84fa94-04c1-424b-9868-57a2d4851a1d" />
    <TestEntry testId="12b95cd0-d2b6-ddac-f502-701871419bb8" executionId="7aeb795f-633f-46dd-82cf-3dcdb37a0078" testListId="8c84fa94-04c1-424b-9868-57a2d4851a1d" />
    <TestEntry testId="3aa5195a-f303-7cd8-ab58-5c31441c609d" executionId="d9b86915-c022-4193-9e52-cd3f22583add" testListId="8c84fa94-04c1-424b-9868-57a2d4851a1d" />
    <TestEntry testId="4988537e-68ca-0873-c887-4583d7a0fb49" executionId="85ea29b4-730d-479b-bf52-7e7a5a26e9dd" testListId="8c84fa94-04c1-424b-9868-57a2d4851a1d" />
    <TestEntry testId="c8ad4832-c53e-daec-e5b9-b133511afd27" executionId="c312a7f5-609f-4816-8f61-c61aa3fa70a0" testListId="8c84fa94-04c1-424b-9868-57a2d4851a1d" />
    <TestEntry testId="58e526e2-8bc5-2271-39de-e3a65a92621e" executionId="661c4c25-4247-449b-8c36-ce20b9175f5d" testListId="8c84fa94-04c1-424b-9868-57a2d4851a1d" />
    <TestEntry testId="07072837-d1dc-7dc2-e877-09f86b51600e" executionId="f5118c32-a68e-47ec-8fb2-02709ef96461" testListId="8c84fa94-04c1-424b-9868-57a2d4851a1d" />
    <TestEntry testId="197289e9-4388-424d-af97-c5296b89b1d4" executionId="4512d3fa-a1f2-4c00-acb1-6221405eb88f" testListId="8c84fa94-04c1-424b-9868-57a2d4851a1d" />
    <TestEntry testId="50c601d7-4896-cf39-7bdd-b5e2bc68ed03" executionId="bcfaf45b-ae5c-4667-a631-d98ab6600de1" testListId="8c84fa94-04c1-424b-9868-57a2d4851a1d" />
    <TestEntry testId="07a0919e-efcd-f739-2536-d850ba62d276" executionId="f705891b-452a-45a1-829e-955cf7d246f0" testListId="8c84fa94-04c1-424b-9868-57a2d4851a1d" />
    <TestEntry testId="33eb1e7e-3eae-045b-dd90-f9c58dd75ab0" executionId="427634e8-5460-4eb5-9ae4-203199185d0e" testListId="8c84fa94-04c1-424b-9868-57a2d4851a1d" />
    <TestEntry testId="aa1ed6f5-a984-e6fb-14bc-90af779293b4" executionId="6392e528-5622-4951-8782-d65f0df4d824" testListId="8c84fa94-04c1-424b-9868-57a2d4851a1d" />
    <TestEntry testId="821e29b5-9ab7-6515-dd38-446d55c3d7b8" executionId="72bce528-5925-4c4d-a347-8796330110f8" testListId="8c84fa94-04c1-424b-9868-57a2d4851a1d" />
    <TestEntry testId="d7758ff5-caf4-2346-1504-74cc75c94822" executionId="f26378b1-997d-449c-bc09-1feaba6ab7e4" testListId="8c84fa94-04c1-424b-9868-57a2d4851a1d" />
    <TestEntry testId="47d0d77a-0048-61bf-6c43-4c34ba9465d3" executionId="b5accd7f-7cb0-4614-b14b-a84236a65a6b" testListId="8c84fa94-04c1-424b-9868-57a2d4851a1d" />
    <TestEntry testId="1de220ed-f75d-8b1a-26ee-5cef0a87e92f" executionId="27a951dd-ae82-4ff0-9659-749a01ffef04" testListId="8c84fa94-04c1-424b-9868-57a2d4851a1d" />
    <TestEntry testId="8d5a53e6-d4ed-d344-487a-380e7c425c84" executionId="c6ba8a00-a302-4ab9-ab03-2ffc65368c39" testListId="8c84fa94-04c1-424b-9868-57a2d4851a1d" />
    <TestEntry testId="3220b6eb-dff2-8e85-ba97-cff5e0b148b5" executionId="8df6caa2-2b22-4510-a751-afa33b673e57" testListId="8c84fa94-04c1-424b-9868-57a2d4851a1d" />
    <TestEntry testId="2f61e9ca-f202-91f9-f888-29053f79d9b0" executionId="dbc306cc-0961-409b-8a17-a1e725ed332a" testListId="8c84fa94-04c1-424b-9868-57a2d4851a1d" />
    <TestEntry testId="1c25503a-6ac8-c88b-7336-23fd93a64a4d" executionId="de85754a-e3f4-49dc-8bf6-64f5f13975fa" testListId="8c84fa94-04c1-424b-9868-57a2d4851a1d" />
    <TestEntry testId="a85da276-cff4-e5bd-fb05-ee2ac961f3da" executionId="d3f68d2c-a169-4f1f-b981-0a6b95e4cb35" testListId="8c84fa94-04c1-424b-9868-57a2d4851a1d" />
    <TestEntry testId="f81805cc-7a04-9fc8-7ac1-843ded90b768" executionId="292aa20c-be7a-406a-8f30-31ec452215d1" testListId="8c84fa94-04c1-424b-9868-57a2d4851a1d" />
    <TestEntry testId="f3df1398-ba91-759b-66d9-c4e1b88a0803" executionId="eab9843d-af92-42af-8b66-012ea8d931fe" testListId="8c84fa94-04c1-424b-9868-57a2d4851a1d" />
    <TestEntry testId="d2feaf1f-05f4-3165-07d1-dfe8a3689d4d" executionId="519be437-4701-496b-9233-25538b248c49" testListId="8c84fa94-04c1-424b-9868-57a2d4851a1d" />
    <TestEntry testId="bcf02a67-8cf0-615c-a05b-31a5910ff021" executionId="e04ba559-34af-4fe8-8166-cd50bcf93bc4" testListId="8c84fa94-04c1-424b-9868-57a2d4851a1d" />
    <TestEntry testId="2c5934e8-aafc-079c-0b70-815a838660e1" executionId="bd6e241e-b632-4162-be2a-d804b46ec564" testListId="8c84fa94-04c1-424b-9868-57a2d4851a1d" />
    <TestEntry testId="68fa8ac3-cdbc-f45a-ed53-6cc5e6909e22" executionId="830345c5-79b5-40ac-a7d6-c824947aefbb" testListId="8c84fa94-04c1-424b-9868-57a2d4851a1d" />
    <TestEntry testId="7ecfae81-185b-2ca4-b89e-2003905bceef" executionId="fc1d2a1c-5d9d-4e88-a04f-3e11ab1813ed" testListId="8c84fa94-04c1-424b-9868-57a2d4851a1d" />
    <TestEntry testId="d006b449-a619-3181-628d-60e0b73a8d4e" executionId="8db8c329-0fc3-4696-b600-8dc5edb87ca4" testListId="8c84fa94-04c1-424b-9868-57a2d4851a1d" />
    <TestEntry testId="e1de040b-d607-d1f8-8641-6d4f8821ae3a" executionId="8dc7fe60-6095-400d-b8ab-939be0253449" testListId="8c84fa94-04c1-424b-9868-57a2d4851a1d" />
    <TestEntry testId="2c00e649-c397-57c0-8282-fba6df1e1bc4" executionId="ef6b9be9-0fcf-4cb0-9481-be3d2f6f6cd7" testListId="8c84fa94-04c1-424b-9868-57a2d4851a1d" />
    <TestEntry testId="d95ce340-5d23-1405-0ad8-49d435c54ee5" executionId="49a7279b-526d-41aa-a29d-2ae4d8c97129" testListId="8c84fa94-04c1-424b-9868-57a2d4851a1d" />
    <TestEntry testId="7bae2883-f81f-f9d9-a971-e47e21b02e11" executionId="9da75ed5-2d62-4297-b9e0-75c8d34e4ccd" testListId="8c84fa94-04c1-424b-9868-57a2d4851a1d" />
    <TestEntry testId="7b9f637d-d36a-4df6-a26a-709557acc04a" executionId="26f9d495-d893-4abc-9127-691327cf5626" testListId="8c84fa94-04c1-424b-9868-57a2d4851a1d" />
    <TestEntry testId="67f1111f-73f1-c2d4-61a9-a07563b2589e" executionId="ca9b1218-19cb-4c6b-b2c0-945b0e22b7cb" testListId="8c84fa94-04c1-424b-9868-57a2d4851a1d" />
    <TestEntry testId="757a3780-d8c1-5638-676f-0abe283b1c69" executionId="3927e740-2752-46ef-87d7-82bc680aabc7" testListId="8c84fa94-04c1-424b-9868-57a2d4851a1d" />
    <TestEntry testId="d9f2aed0-e5cf-6573-c1fa-e1d9726ee5c4" executionId="24f1f2a0-e6fd-474a-922a-356ca1ca131b" testListId="8c84fa94-04c1-424b-9868-57a2d4851a1d" />
    <TestEntry testId="2f29bf1c-6062-65de-06e5-77ef3b6a6a0a" executionId="c7e019ff-7fc5-4c67-869a-9680f2388baf" testListId="8c84fa94-04c1-424b-9868-57a2d4851a1d" />
    <TestEntry testId="9a2d3ea8-f524-9cdc-3f15-e083e59578d7" executionId="2b9ffa43-504e-4a7c-a567-8f122396bdd2" testListId="8c84fa94-04c1-424b-9868-57a2d4851a1d" />
    <TestEntry testId="b0d1f37d-f325-3b2c-36fb-e4f8d0e69327" executionId="871aa673-3b22-40dc-8011-903f5e4563d8" testListId="8c84fa94-04c1-424b-9868-57a2d4851a1d" />
    <TestEntry testId="959be9a0-c2ee-77ac-f208-d0288489869c" executionId="3e872d08-99a4-45a0-8e83-04f4bf195476" testListId="8c84fa94-04c1-424b-9868-57a2d4851a1d" />
    <TestEntry testId="06f3d6b6-6333-e543-ba4d-d2991aa00dd6" executionId="08de26a3-a630-43ef-8aa3-f2944cab3319" testListId="8c84fa94-04c1-424b-9868-57a2d4851a1d" />
    <TestEntry testId="aaec956d-aa14-9ac6-cde3-83fdb795d3f6" executionId="ce1d95ee-3092-4c0a-966c-1b3139001501" testListId="8c84fa94-04c1-424b-9868-57a2d4851a1d" />
    <TestEntry testId="bf9d3f13-71ad-14b3-8e64-f5376c14ab1e" executionId="ca5c57a1-31b7-4f01-8d49-41bcb4b17f54" testListId="8c84fa94-04c1-424b-9868-57a2d4851a1d" />
    <TestEntry testId="8c91797c-9656-a8d5-fe28-d48d970a3b76" executionId="3b9d3ed7-2663-4416-a806-90140399b9cf" testListId="8c84fa94-04c1-424b-9868-57a2d4851a1d" />
    <TestEntry testId="505fd280-c132-4e2f-9b0c-9d198babeec9" executionId="6e1c714d-26f7-4215-b5ca-f9959c8cbbdd" testListId="8c84fa94-04c1-424b-9868-57a2d4851a1d" />
    <TestEntry testId="d0bac350-66a8-fde1-078c-5b1af4c62fbd" executionId="28e85277-6076-475f-baf0-60d345b73e9c" testListId="8c84fa94-04c1-424b-9868-57a2d4851a1d" />
    <TestEntry testId="ea346f78-b956-2b7b-74cc-a3536a4226ce" executionId="2257afec-1f6a-4e25-b0b7-a611e8d45198" testListId="8c84fa94-04c1-424b-9868-57a2d4851a1d" />
    <TestEntry testId="da282361-f9f3-be24-c7a2-3b0727d16037" executionId="1cd2a8f6-abc7-4bec-b952-99f4edba4da9" testListId="8c84fa94-04c1-424b-9868-57a2d4851a1d" />
    <TestEntry testId="36d4b285-3005-86be-36ef-b4c5ca9a610a" executionId="495dabf8-8ba2-49d9-b064-fb53ef77901b" testListId="8c84fa94-04c1-424b-9868-57a2d4851a1d" />
    <TestEntry testId="adaf737f-8c20-c704-999b-901d7ad979ca" executionId="988d764c-97f3-4d52-a42b-ffcb4bf48103" testListId="8c84fa94-04c1-424b-9868-57a2d4851a1d" />
    <TestEntry testId="7bada458-0507-ce62-58d5-68dcafc7c704" executionId="03b26c8b-6306-4349-9d51-2f33453d9e1e" testListId="8c84fa94-04c1-424b-9868-57a2d4851a1d" />
    <TestEntry testId="62490b95-1c0b-7475-3005-09288032bc76" executionId="19a085c4-8658-45fb-93cd-ccdc76b26b06" testListId="8c84fa94-04c1-424b-9868-57a2d4851a1d" />
    <TestEntry testId="7989712b-f5fe-d042-1559-03a87c66ef9a" executionId="788df10e-0c4b-44a1-b1b5-4983a7e147da" testListId="8c84fa94-04c1-424b-9868-57a2d4851a1d" />
    <TestEntry testId="2d486c9f-8cbd-cae3-0935-847199ad892a" executionId="a1bd0168-0dd0-4795-8f4f-c917fe7bf0dc" testListId="8c84fa94-04c1-424b-9868-57a2d4851a1d" />
    <TestEntry testId="0d778ab6-c75e-4e87-8d4b-b71afb016a29" executionId="79b958fa-254c-4aab-94d8-d7b0e3dd4252" testListId="8c84fa94-04c1-424b-9868-57a2d4851a1d" />
    <TestEntry testId="b18df6ee-5f3e-fccd-a050-29f5e9677c77" executionId="650bc968-b745-4c18-903d-23a2bb6f4013" testListId="8c84fa94-04c1-424b-9868-57a2d4851a1d" />
    <TestEntry testId="0d373cdb-0dd1-4cc1-1380-3088ad1611f4" executionId="e3c15bd3-a4ae-48e2-b4c0-43783296d901" testListId="8c84fa94-04c1-424b-9868-57a2d4851a1d" />
    <TestEntry testId="f9106929-7536-2ed7-0f4d-ea5d89ec0050" executionId="e1d813ff-430f-4905-b001-bee86b576f83" testListId="8c84fa94-04c1-424b-9868-57a2d4851a1d" />
    <TestEntry testId="342faa1b-4715-f92b-3a72-bac2d89c020a" executionId="30cb750b-093b-4783-81a7-5fa491404381" testListId="8c84fa94-04c1-424b-9868-57a2d4851a1d" />
    <TestEntry testId="9981b7ea-16c5-d913-21e8-1af4b668caca" executionId="e8ef3c0e-7c29-456c-83d6-e1f21f759307" testListId="8c84fa94-04c1-424b-9868-57a2d4851a1d" />
    <TestEntry testId="69bf8980-5562-981d-cbe5-0f4730ae0347" executionId="0d9d813b-c199-4da5-ae7d-5bbd2c28edcb" testListId="8c84fa94-04c1-424b-9868-57a2d4851a1d" />
    <TestEntry testId="66e86e11-aa6f-d6de-573d-c0aabb75ba87" executionId="1c4784f3-a04c-4044-9023-565e5601f756" testListId="8c84fa94-04c1-424b-9868-57a2d4851a1d" />
    <TestEntry testId="4e707089-aa15-46f9-2724-5d5ffbce578b" executionId="cae381a8-014a-4296-bd79-5cd4b36ee908" testListId="8c84fa94-04c1-424b-9868-57a2d4851a1d" />
    <TestEntry testId="27b7fe09-8574-90d8-2983-e1094a819c40" executionId="0dbc65f8-acf4-449f-a4b2-db59d37207e0" testListId="8c84fa94-04c1-424b-9868-57a2d4851a1d" />
    <TestEntry testId="bc83b684-3c39-f713-594b-7b3a6ea46344" executionId="a3fcdd01-642e-46b9-a657-1367647ae57d" testListId="8c84fa94-04c1-424b-9868-57a2d4851a1d" />
    <TestEntry testId="a0b031bd-caaa-ff77-9ae7-faeb250db0ad" executionId="8042a74d-ef60-4e62-a5de-895d412c05ed" testListId="8c84fa94-04c1-424b-9868-57a2d4851a1d" />
    <TestEntry testId="10d5b32f-f098-cb64-d23d-9feed9003466" executionId="3a42428b-55c7-4bc9-b8b6-2c0cbd2b0dd8" testListId="8c84fa94-04c1-424b-9868-57a2d4851a1d" />
    <TestEntry testId="f0e20994-fde7-f80a-a955-8ea93df99b28" executionId="365e80c8-1095-401f-894e-ec823d7d1c3d" testListId="8c84fa94-04c1-424b-9868-57a2d4851a1d" />
    <TestEntry testId="d459f334-529c-cd18-802f-f98a42c20196" executionId="ba0f9991-11dd-4977-92b9-e514bf872965" testListId="8c84fa94-04c1-424b-9868-57a2d4851a1d" />
    <TestEntry testId="1d5ad8a0-568c-9b12-aac8-6faea5cc6e31" executionId="62ff2ba0-ae24-4879-a24e-25b2b9128df8" testListId="8c84fa94-04c1-424b-9868-57a2d4851a1d" />
    <TestEntry testId="3c375d24-a20b-2192-825e-413bebf60325" executionId="9b690e4f-b25f-4883-91b5-437b1723ceaf" testListId="8c84fa94-04c1-424b-9868-57a2d4851a1d" />
    <TestEntry testId="04a62be8-c92a-5a98-f907-f518945e331c" executionId="9f0e7d04-9178-4502-bd23-3220ca00a299" testListId="8c84fa94-04c1-424b-9868-57a2d4851a1d" />
    <TestEntry testId="d4e8a9b6-1e16-737d-e09b-8113ff8ec8a7" executionId="f7164e3b-1c7f-4974-8e6b-ecc17672996e" testListId="8c84fa94-04c1-424b-9868-57a2d4851a1d" />
    <TestEntry testId="72c72516-1d9b-f18b-61b2-a2de76789bc9" executionId="4d3905cb-90c4-47f0-9b7c-d115740a5795" testListId="8c84fa94-04c1-424b-9868-57a2d4851a1d" />
    <TestEntry testId="e01b6b09-f0d4-bb22-5c50-1b121e18f12c" executionId="d70e5e93-8451-4ff1-a344-2fd959fcedb4" testListId="8c84fa94-04c1-424b-9868-57a2d4851a1d" />
    <TestEntry testId="0f35a510-0305-4c25-8ab5-bebc97a54e75" executionId="2d2a1985-3e64-431a-95c3-1afbfafbfa10" testListId="8c84fa94-04c1-424b-9868-57a2d4851a1d" />
    <TestEntry testId="dc32939c-da36-b922-f8ca-ac7b0edade9f" executionId="38822f8b-150d-480f-8e8d-14b8e2a097e4" testListId="8c84fa94-04c1-424b-9868-57a2d4851a1d" />
    <TestEntry testId="fd2a0fe9-81d6-fb82-463b-f6c41d34cf73" executionId="37d122b7-2378-40e1-b326-ebc567b6a5f3" testListId="8c84fa94-04c1-424b-9868-57a2d4851a1d" />
    <TestEntry testId="2600574f-6a82-56b6-65e3-9f4a080299d3" executionId="14ff7613-b6fd-48fb-a7f2-5c592756d006" testListId="8c84fa94-04c1-424b-9868-57a2d4851a1d" />
    <TestEntry testId="2914802c-61a2-86f6-ad19-c9cd794017ae" executionId="32c3e170-7267-47d9-ae4c-237412d80b1e" testListId="8c84fa94-04c1-424b-9868-57a2d4851a1d" />
    <TestEntry testId="0570ff5e-3112-b718-bea8-83918cb80e80" executionId="5f6f6a17-5184-4f01-9975-4ce3b7be5702" testListId="8c84fa94-04c1-424b-9868-57a2d4851a1d" />
    <TestEntry testId="89a37491-c432-e947-ff9d-9b583bea4d21" executionId="9e500d73-498e-481f-a9b3-876618e3d289" testListId="8c84fa94-04c1-424b-9868-57a2d4851a1d" />
    <TestEntry testId="4720f406-86cf-5416-0884-5228fc7f8835" executionId="cc8cc0bb-2eac-4ab8-979d-41612ea096f0" testListId="8c84fa94-04c1-424b-9868-57a2d4851a1d" />
    <TestEntry testId="0b54f5a4-5ab5-3dbe-bc2d-82c383b5fe55" executionId="e9340850-ac26-453f-9860-784284677917" testListId="8c84fa94-04c1-424b-9868-57a2d4851a1d" />
    <TestEntry testId="98635ce7-ddab-713a-ad80-cb571548b39e" executionId="a4bc6212-15e1-4afa-8c2f-410759e4e872" testListId="8c84fa94-04c1-424b-9868-57a2d4851a1d" />
    <TestEntry testId="e9c29d9f-19c9-19fc-e2d0-8a968b9a02db" executionId="454eba70-9b45-4436-9bac-6da60eed61c8" testListId="8c84fa94-04c1-424b-9868-57a2d4851a1d" />
    <TestEntry testId="91e3e95c-3341-cd37-a9be-006adbb1bb43" executionId="5a8fef02-9055-491b-bad7-c9244a80c66c" testListId="8c84fa94-04c1-424b-9868-57a2d4851a1d" />
    <TestEntry testId="36375264-e3d2-9d0c-1431-e7b7e5bc1f36" executionId="9b0b1088-3de1-4360-b0ce-e47e9dadf2a0" testListId="8c84fa94-04c1-424b-9868-57a2d4851a1d" />
    <TestEntry testId="4745553d-98c8-c9e8-82c8-44b8f6d39cc9" executionId="7ceb4e32-6eda-443c-a3ff-5897f20f4e92" testListId="8c84fa94-04c1-424b-9868-57a2d4851a1d" />
    <TestEntry testId="da7253f3-138d-db02-c606-a1b6578cf3b2" executionId="a6f0e513-14ad-4a5f-a57b-3511adf4d135" testListId="8c84fa94-04c1-424b-9868-57a2d4851a1d" />
    <TestEntry testId="92bbf5f5-fe3f-b86c-5ba8-e98323b48818" executionId="6e3d0e68-1a4f-460c-b04a-cea18a4f6123" testListId="8c84fa94-04c1-424b-9868-57a2d4851a1d" />
    <TestEntry testId="f440ce56-f31e-55f3-db08-e86a1f782b6a" executionId="6ec9c3e2-708d-429b-a934-c3b53a1e3879" testListId="8c84fa94-04c1-424b-9868-57a2d4851a1d" />
    <TestEntry testId="13d564d6-30b3-8bfd-7e9f-19999a7be3a4" executionId="8d1e9cf6-00ed-480d-bedc-81cd3ed6470c" testListId="8c84fa94-04c1-424b-9868-57a2d4851a1d" />
    <TestEntry testId="5de45bf5-8df3-1e48-826f-e02fa4714de4" executionId="2b7b6d92-fc06-49cc-b010-46e795be992e" testListId="8c84fa94-04c1-424b-9868-57a2d4851a1d" />
    <TestEntry testId="4160f687-8cc3-421e-77b4-0ecedb42d1a3" executionId="ffe7a08a-8749-4d4d-a977-9997428e04e9" testListId="8c84fa94-04c1-424b-9868-57a2d4851a1d" />
    <TestEntry testId="ff85d0fb-d32c-d815-ae32-855801f2bb8f" executionId="e8a55bd6-5af2-4e6d-a244-887f2a908875" testListId="8c84fa94-04c1-424b-9868-57a2d4851a1d" />
    <TestEntry testId="d43739c6-9008-827f-12e3-86bf2c84909a" executionId="2f80f5fa-5944-4b3e-a1ab-8be51a530904" testListId="8c84fa94-04c1-424b-9868-57a2d4851a1d" />
    <TestEntry testId="665489a3-1a61-14b4-8ea2-b3543e5eeb6a" executionId="0937e711-cfe3-49f0-bc37-51fc4763ecb3" testListId="8c84fa94-04c1-424b-9868-57a2d4851a1d" />
    <TestEntry testId="809710c4-5be3-4ff2-4766-eb5e38f5d666" executionId="e274fc29-9dd4-47b1-bd04-880c8a7d9308" testListId="8c84fa94-04c1-424b-9868-57a2d4851a1d" />
    <TestEntry testId="32831077-5b04-10bf-655c-2aaa5849156b" executionId="d18425d5-b46a-4577-a2bb-ee45c906092b" testListId="8c84fa94-04c1-424b-9868-57a2d4851a1d" />
    <TestEntry testId="5bfa340d-3dad-8a67-9694-de3acecb13eb" executionId="18c8df4a-35d6-4e07-ae53-e12f847c42ef" testListId="8c84fa94-04c1-424b-9868-57a2d4851a1d" />
    <TestEntry testId="df59b623-0a1c-6630-320d-dea02ac82a6b" executionId="6edb5a37-52ec-445c-bd77-54d337b1589b" testListId="8c84fa94-04c1-424b-9868-57a2d4851a1d" />
    <TestEntry testId="eee96a98-faca-ed54-e0cb-5b3b21b8b5c6" executionId="dffe14d7-a112-48f7-b38d-f6ce38dba680" testListId="8c84fa94-04c1-424b-9868-57a2d4851a1d" />
    <TestEntry testId="1eb498bb-1be1-8ebc-7c68-7c71cd5e9b22" executionId="04454d8c-2e43-43ce-b2b1-233da0531e37" testListId="8c84fa94-04c1-424b-9868-57a2d4851a1d" />
    <TestEntry testId="12eab1f9-44c0-87ee-8793-81b2f4cd32c0" executionId="d398818b-4743-4c86-9194-499d3eebe05f" testListId="8c84fa94-04c1-424b-9868-57a2d4851a1d" />
    <TestEntry testId="37e1026d-d79c-c25c-b7f4-cc6e74166ce7" executionId="92fff45c-a6c7-47a8-b6f2-06282e4c6bde" testListId="8c84fa94-04c1-424b-9868-57a2d4851a1d" />
    <TestEntry testId="02545857-20f6-efdc-76b7-b9211256cd9f" executionId="3dad954d-1915-4c24-a6ec-6a4f70dcc7fd" testListId="8c84fa94-04c1-424b-9868-57a2d4851a1d" />
    <TestEntry testId="58878065-4ca7-a43a-bbb2-b78738a14023" executionId="dd8518a1-9632-4d31-aaca-105539f0effc" testListId="8c84fa94-04c1-424b-9868-57a2d4851a1d" />
    <TestEntry testId="6ef55884-3823-6b55-b063-0bf4c25ea7bf" executionId="9396729b-a471-40c2-ae1a-7610ab4d2352" testListId="8c84fa94-04c1-424b-9868-57a2d4851a1d" />
    <TestEntry testId="ecb7fd03-aefc-446b-99db-f57c783748a4" executionId="ae5cce81-2f4a-4ec8-8938-84bde9b033ba" testListId="8c84fa94-04c1-424b-9868-57a2d4851a1d" />
    <TestEntry testId="42819a01-7426-0f72-a9f1-3f2bca7df73a" executionId="b8d61d9b-0ddb-4500-8c9b-309017167125" testListId="8c84fa94-04c1-424b-9868-57a2d4851a1d" />
    <TestEntry testId="d800d0f7-4e07-b2af-edee-50e36821827b" executionId="60377535-bb83-47dd-9169-440479cde329" testListId="8c84fa94-04c1-424b-9868-57a2d4851a1d" />
    <TestEntry testId="1907583b-aad1-d95f-a20f-b0dc68ab00c7" executionId="e7bd5123-ec17-49a1-87d3-2127ac3cbeb7" testListId="8c84fa94-04c1-424b-9868-57a2d4851a1d" />
    <TestEntry testId="023fdd70-6561-8ae5-1891-a6fdc2835144" executionId="6968944d-4f63-4407-aaa7-8d21f9f5409f" testListId="8c84fa94-04c1-424b-9868-57a2d4851a1d" />
    <TestEntry testId="e8397051-35e9-fcc0-0d64-66a51e43088d" executionId="74ee0e12-5b02-438a-921c-438a8287714b" testListId="8c84fa94-04c1-424b-9868-57a2d4851a1d" />
    <TestEntry testId="8d38e04a-2999-2522-adf7-b6255d78576b" executionId="cf94110a-d72c-403d-a942-2de3ec1c73a1" testListId="8c84fa94-04c1-424b-9868-57a2d4851a1d" />
    <TestEntry testId="4f2a68bc-6299-9c27-b914-3523b5841c63" executionId="4e227ebe-0afc-4f28-b6db-a7fc00967c34" testListId="8c84fa94-04c1-424b-9868-57a2d4851a1d" />
    <TestEntry testId="5df4d592-2218-d063-dbb4-2839bef507c1" executionId="39ad6c4f-e157-4bee-9af5-2c1ab4f7fdb6" testListId="8c84fa94-04c1-424b-9868-57a2d4851a1d" />
    <TestEntry testId="7a7c7940-c9ff-8fef-2c0a-701619ce7870" executionId="c04da030-22d2-41d5-9fa6-98df9ca66ac0" testListId="8c84fa94-04c1-424b-9868-57a2d4851a1d" />
    <TestEntry testId="76d29535-0937-cae7-54d7-75b6195d406f" executionId="84e0ef67-ec7b-412b-9e73-e8a307db1438" testListId="8c84fa94-04c1-424b-9868-57a2d4851a1d" />
    <TestEntry testId="fa115137-4769-6224-53a5-8c441760c9c3" executionId="8c55d641-85b9-48c5-a1e9-24a6e4a32e41" testListId="8c84fa94-04c1-424b-9868-57a2d4851a1d" />
    <TestEntry testId="80f53f78-518d-e2dc-3662-96e65c8eb364" executionId="95f6a489-ebc8-43e6-85a6-af988f7d0d17" testListId="8c84fa94-04c1-424b-9868-57a2d4851a1d" />
    <TestEntry testId="72c8e6d5-5fe2-44af-39a9-54e2ef34b2c7" executionId="23f184bb-bc23-49d8-87ae-0b5874679aa2" testListId="8c84fa94-04c1-424b-9868-57a2d4851a1d" />
    <TestEntry testId="13d7e310-dc60-54a8-f6f3-a2a47eb42c10" executionId="a7320d35-5e0f-4138-84ce-37d1ac9cc577" testListId="8c84fa94-04c1-424b-9868-57a2d4851a1d" />
    <TestEntry testId="de164a90-e10a-3066-3fe8-105ee9fa4f2d" executionId="0b3cbf5d-bb55-49ec-9afc-c48a51d6fd3d" testListId="8c84fa94-04c1-424b-9868-57a2d4851a1d" />
    <TestEntry testId="4c580ac1-5903-bb47-9472-ff3a0b345291" executionId="6daf4404-025c-4247-849c-e406a4a411d0" testListId="8c84fa94-04c1-424b-9868-57a2d4851a1d" />
    <TestEntry testId="97f802f7-182e-da21-e697-972e486f15e9" executionId="a85093f7-9556-442d-8f0a-4ad1d663e3e3" testListId="8c84fa94-04c1-424b-9868-57a2d4851a1d" />
    <TestEntry testId="dc47e3d3-6ba5-9932-69fd-fb96285d6d86" executionId="2860673c-1d7f-4db8-b4fe-89f3749256b3" testListId="8c84fa94-04c1-424b-9868-57a2d4851a1d" />
    <TestEntry testId="f893917c-3e3d-b650-9013-9dce08e52a48" executionId="9f500e76-de80-4092-b80d-620d5bd4182e" testListId="8c84fa94-04c1-424b-9868-57a2d4851a1d" />
    <TestEntry testId="b1c9380c-4eaa-cbbf-abce-f973b236c54f" executionId="c52ab72c-a104-4bf4-8289-578c26f0c3b7" testListId="8c84fa94-04c1-424b-9868-57a2d4851a1d" />
    <TestEntry testId="a519bae2-17a5-c157-df36-0bc9d416770f" executionId="2e54066b-3636-4f2f-a585-0fcf59a926e8" testListId="8c84fa94-04c1-424b-9868-57a2d4851a1d" />
    <TestEntry testId="24f635a8-be15-d98d-2cf8-19863b1e85b4" executionId="c84e54cc-5a9c-48a6-8623-423abd434d99" testListId="8c84fa94-04c1-424b-9868-57a2d4851a1d" />
    <TestEntry testId="2c52d721-bb08-97d2-8ea2-d56fe66f459b" executionId="f28aa16b-9372-466e-91d5-6afaefc16534" testListId="8c84fa94-04c1-424b-9868-57a2d4851a1d" />
    <TestEntry testId="9e6028e3-828f-fb67-e61d-6a2e98f0efd9" executionId="bdf2bb63-fc4e-4d90-9b19-c79df68f54eb" testListId="8c84fa94-04c1-424b-9868-57a2d4851a1d" />
    <TestEntry testId="92563014-b897-d190-c427-e0d3ab3e9dd1" executionId="13eb7634-0dc6-4156-981f-c81263737108" testListId="8c84fa94-04c1-424b-9868-57a2d4851a1d" />
    <TestEntry testId="0e1d6b3b-8a3e-b985-21f5-8d6d645ff8a0" executionId="c5e1dd9a-9224-4112-834f-e995632beda6" testListId="8c84fa94-04c1-424b-9868-57a2d4851a1d" />
    <TestEntry testId="85dda198-98d8-3130-4f61-e5c5ed4e1ad5" executionId="82beef45-0239-4730-b39b-d94de3b969ad" testListId="8c84fa94-04c1-424b-9868-57a2d4851a1d" />
    <TestEntry testId="10dcf237-f40a-5536-2167-e93e517c79a7" executionId="f50da00e-3774-4052-a2f7-a130e706fdc9" testListId="8c84fa94-04c1-424b-9868-57a2d4851a1d" />
    <TestEntry testId="d85e3224-0289-fb5d-180c-a030c86e33f9" executionId="9dc6ebd1-6ba4-4d9d-a6b6-51b6d49936d3" testListId="8c84fa94-04c1-424b-9868-57a2d4851a1d" />
    <TestEntry testId="8886a0c6-d916-9f5c-3cda-032badca8c52" executionId="1286df11-5b4e-44f6-b4fe-7aef51b1ed9b" testListId="8c84fa94-04c1-424b-9868-57a2d4851a1d" />
    <TestEntry testId="2199058c-8239-d1e4-40d8-d1d748c6fe1f" executionId="33aa907c-857c-4e73-bf0b-951cf03ce689" testListId="8c84fa94-04c1-424b-9868-57a2d4851a1d" />
    <TestEntry testId="f85759c7-ec9b-69f6-11a2-0b0082f07eaa" executionId="436aa10b-6ed5-4032-969f-901cbef370f6" testListId="8c84fa94-04c1-424b-9868-57a2d4851a1d" />
    <TestEntry testId="eadbd2fa-f0e6-ba33-12b3-a621be7ceae0" executionId="41b36a3d-fbf2-4d05-ba13-92e1eb1df48e" testListId="8c84fa94-04c1-424b-9868-57a2d4851a1d" />
    <TestEntry testId="95acd8d8-64d0-b7d1-82e1-f61ccd03dbb3" executionId="6d2975e5-3413-4573-b7cc-c94fecbd7f88" testListId="8c84fa94-04c1-424b-9868-57a2d4851a1d" />
    <TestEntry testId="9b1f03c9-249c-3437-d2b7-7c7aa796c402" executionId="903c444c-e621-48ce-aa8c-c0c2599c1206" testListId="8c84fa94-04c1-424b-9868-57a2d4851a1d" />
    <TestEntry testId="2c13d365-41c7-ba5c-1bd2-b4ee3d7f80f8" executionId="586ff3c1-b737-40aa-a76f-6e0bd9aad0ac" testListId="8c84fa94-04c1-424b-9868-57a2d4851a1d" />
    <TestEntry testId="3e9733bb-fd32-742d-8fa2-3a6648fc43f5" executionId="1f244c2a-35c3-46d5-834f-9d482f9946bb" testListId="8c84fa94-04c1-424b-9868-57a2d4851a1d" />
    <TestEntry testId="02a1f69a-e4c2-40fb-a190-6ea680d79b3f" executionId="0295b113-2408-4f7a-b47e-2be47b491f1a" testListId="8c84fa94-04c1-424b-9868-57a2d4851a1d" />
    <TestEntry testId="007c8420-500f-c1a2-3b37-05a5e5177188" executionId="9c0c0d36-d5e6-47e9-9181-945c79439d34" testListId="8c84fa94-04c1-424b-9868-57a2d4851a1d" />
    <TestEntry testId="ce1712e8-9551-8c38-1cdf-d2c8e7269c47" executionId="a3eb7a79-2a1d-4b10-bd79-7d569b6d6365" testListId="8c84fa94-04c1-424b-9868-57a2d4851a1d" />
    <TestEntry testId="b92dd891-b082-b58e-f04b-9a250d5e2b31" executionId="56339801-d9b8-478c-9817-9b0e5e3b6ae2" testListId="8c84fa94-04c1-424b-9868-57a2d4851a1d" />
    <TestEntry testId="d8104604-b83f-ec7d-8b88-b9585719aff8" executionId="ed83386c-c614-4818-a2de-9b59565cd1ad" testListId="8c84fa94-04c1-424b-9868-57a2d4851a1d" />
    <TestEntry testId="36865ff3-6eb1-7d72-b930-fbbd9a6b44d5" executionId="91e147a5-f19a-4bb5-91f3-4d3f9d13fb36" testListId="8c84fa94-04c1-424b-9868-57a2d4851a1d" />
    <TestEntry testId="e6ff66fe-fcfe-2e34-f8c9-73d78915b79e" executionId="f637104e-ef6d-47e2-ad50-f985a669ce29" testListId="8c84fa94-04c1-424b-9868-57a2d4851a1d" />
    <TestEntry testId="b0c1053c-3197-870d-af50-31ef850cb2bf" executionId="9a79ddda-fa44-41b0-a764-d3f7489e39d5" testListId="8c84fa94-04c1-424b-9868-57a2d4851a1d" />
    <TestEntry testId="a5521c9c-aeb1-7252-3298-8b85400d4cb2" executionId="93184655-bc5a-4cf0-999f-15a52f989612" testListId="8c84fa94-04c1-424b-9868-57a2d4851a1d" />
    <TestEntry testId="4f367956-382a-f2e7-be6d-281ef265c019" executionId="2c98ac1b-989c-4f22-aefd-307aab36467c" testListId="8c84fa94-04c1-424b-9868-57a2d4851a1d" />
    <TestEntry testId="f1928f03-d22d-ea16-5a8f-aa13537fbe84" executionId="4c778848-a1c5-41c8-a2a8-ce48abd77667" testListId="8c84fa94-04c1-424b-9868-57a2d4851a1d" />
    <TestEntry testId="61e44c5b-e9e0-18c4-3c69-2a2c6d751694" executionId="2063784e-feba-4dda-ad1b-375c4ba0b88d" testListId="8c84fa94-04c1-424b-9868-57a2d4851a1d" />
    <TestEntry testId="81f5b269-6a76-e67a-aa19-f79c5a7b7b34" executionId="7e7e9bcc-005a-465b-b843-d6783a9131c3" testListId="8c84fa94-04c1-424b-9868-57a2d4851a1d" />
    <TestEntry testId="21957f0b-0100-ff96-e53a-74e20449858b" executionId="3f6c9be0-5b71-44c9-9178-7681743402f2" testListId="8c84fa94-04c1-424b-9868-57a2d4851a1d" />
    <TestEntry testId="304c470e-8acb-42c7-4b40-cd1753bf0691" executionId="db711d1b-1950-4273-8835-c942ca419f5d" testListId="8c84fa94-04c1-424b-9868-57a2d4851a1d" />
    <TestEntry testId="bbb1e964-37f4-ae2b-250b-0d0a62a09821" executionId="59ab0b64-7cda-42d5-8ee9-0373e0a5aa04" testListId="8c84fa94-04c1-424b-9868-57a2d4851a1d" />
    <TestEntry testId="2c08fdb4-270a-09b5-b0b9-ab8f188a7084" executionId="ce45f970-97cc-4165-a067-29c1a31b355b" testListId="8c84fa94-04c1-424b-9868-57a2d4851a1d" />
    <TestEntry testId="c24a2ce1-4203-3095-9893-5f736c946505" executionId="9bec6d95-de6f-4908-85dd-f35869d77660" testListId="8c84fa94-04c1-424b-9868-57a2d4851a1d" />
    <TestEntry testId="f27bfe23-dc82-cec0-e5e5-253e23a10e83" executionId="02b5a26d-e0a8-44ad-836b-2924ce28db17" testListId="8c84fa94-04c1-424b-9868-57a2d4851a1d" />
    <TestEntry testId="f75834f3-77fe-f1dd-14d4-43f9890b6c92" executionId="ad2c8b61-0154-4d22-9086-29d4380cc5d6" testListId="8c84fa94-04c1-424b-9868-57a2d4851a1d" />
    <TestEntry testId="a3e3a31d-dd14-24ee-ae77-c09ab3b3c171" executionId="31c00d06-f0e1-4914-8fa2-6dbf25c63715" testListId="8c84fa94-04c1-424b-9868-57a2d4851a1d" />
    <TestEntry testId="806e13d7-7f5a-bb0c-7b08-0d878a1eee98" executionId="8fe7140b-6acf-49dc-bed7-ece2ee8d797a" testListId="8c84fa94-04c1-424b-9868-57a2d4851a1d" />
    <TestEntry testId="df83e642-ef7a-5b15-6e82-7c973fd509f0" executionId="9e4d9b7b-c168-4d02-a6a6-dc052f7dc1e6" testListId="8c84fa94-04c1-424b-9868-57a2d4851a1d" />
    <TestEntry testId="4e08639a-3111-138a-ca8e-a1a91dfa9686" executionId="0af145a3-ece4-40ea-b9f8-55e703598830" testListId="8c84fa94-04c1-424b-9868-57a2d4851a1d" />
    <TestEntry testId="a2ec5e43-da21-a2d7-91a1-7b86b1e26f15" executionId="1bfb5976-2ff7-4c47-a625-20d0c8c0c085" testListId="8c84fa94-04c1-424b-9868-57a2d4851a1d" />
    <TestEntry testId="f9e2ee66-3952-8ba3-8f75-f9657d118e24" executionId="eb8d8ba4-745f-40e7-b6ca-77dc6246d999" testListId="8c84fa94-04c1-424b-9868-57a2d4851a1d" />
    <TestEntry testId="6fa801ac-e9c9-ed30-cde3-7b19b693d053" executionId="b550a321-d1fc-4269-b9db-857c13a5da8a" testListId="8c84fa94-04c1-424b-9868-57a2d4851a1d" />
    <TestEntry testId="671a3e99-cce4-0283-5d9b-8349fde808c8" executionId="f7f3619e-418b-42ea-ad12-b7c7a938e5f7" testListId="8c84fa94-04c1-424b-9868-57a2d4851a1d" />
    <TestEntry testId="bb196570-563e-2bf5-d7e5-7a1297e1b021" executionId="70b64884-b24d-4e9a-adfd-26f1ca018925" testListId="8c84fa94-04c1-424b-9868-57a2d4851a1d" />
    <TestEntry testId="b973da1a-2e42-fe55-9475-2d140e6e0854" executionId="ea0ab174-d76b-4606-9345-f6255a68606f" testListId="8c84fa94-04c1-424b-9868-57a2d4851a1d" />
    <TestEntry testId="a71df97d-1022-6dfb-20d5-3a229cb10f74" executionId="ccd40c51-d349-4dae-bfbb-995b3d70f467" testListId="8c84fa94-04c1-424b-9868-57a2d4851a1d" />
    <TestEntry testId="f4e4fb38-343b-f373-c033-f4cdf91a6708" executionId="09bdb410-8267-48bb-8dd5-01d913f3c12a" testListId="8c84fa94-04c1-424b-9868-57a2d4851a1d" />
    <TestEntry testId="7b8610e6-6402-0c06-7bee-800a5c56eca0" executionId="4392d290-db19-463d-b00a-455c459cb6df" testListId="8c84fa94-04c1-424b-9868-57a2d4851a1d" />
    <TestEntry testId="06a9b067-71b5-445f-1788-be2869f14116" executionId="9e26d321-edaf-44b0-80c8-b3ae3b0a90bd" testListId="8c84fa94-04c1-424b-9868-57a2d4851a1d" />
    <TestEntry testId="e3a31864-1a20-eb0e-2dc9-a849278b307b" executionId="0e9743d0-a0d8-4583-b071-e8bb40bf71d3" testListId="8c84fa94-04c1-424b-9868-57a2d4851a1d" />
    <TestEntry testId="ff904aab-2e36-bc58-acf3-09219699357a" executionId="eb3eafcf-62d8-4b48-9449-311f1d0f334c" testListId="8c84fa94-04c1-424b-9868-57a2d4851a1d" />
    <TestEntry testId="06ddb6d8-1bc4-5094-ec94-57474a3a37c1" executionId="aa539d82-5427-4dae-85b4-7b6f96466d34" testListId="8c84fa94-04c1-424b-9868-57a2d4851a1d" />
    <TestEntry testId="66e86e11-aa6f-d6de-573d-c0aabb75ba87" executionId="ba7c3b0c-0de4-4cba-a2e4-751e2d8ca5aa" testListId="8c84fa94-04c1-424b-9868-57a2d4851a1d" />
    <TestEntry testId="a949552e-cfe4-f302-32c7-fbbb656dea42" executionId="49c926f9-e18f-4dc8-a21d-86a52d2ebb17" testListId="8c84fa94-04c1-424b-9868-57a2d4851a1d" />
    <TestEntry testId="1adf8519-e7a8-3b9e-6ed8-fe1eff8db34b" executionId="35f01920-4edf-40a1-b2c3-a0bd50683ce0" testListId="8c84fa94-04c1-424b-9868-57a2d4851a1d" />
    <TestEntry testId="e66f7be5-010d-4169-65aa-10d3894a1256" executionId="d64b444c-00a9-4944-83e8-ebd4185c2799" testListId="8c84fa94-04c1-424b-9868-57a2d4851a1d" />
    <TestEntry testId="973eb2b3-4d49-1050-ad8a-5287c1ddf2b2" executionId="5566ab0c-8587-40bc-97d0-3c283c76de45" testListId="8c84fa94-04c1-424b-9868-57a2d4851a1d" />
    <TestEntry testId="ee7b4efd-0725-3244-fffc-163917780612" executionId="1019781c-3d90-46be-bb3a-ba2fa9dab9fe" testListId="8c84fa94-04c1-424b-9868-57a2d4851a1d" />
    <TestEntry testId="d4cd2e51-846d-0ade-e00d-be95fb581fd0" executionId="9578c906-2d78-4a91-bd83-5790127e72ec" testListId="8c84fa94-04c1-424b-9868-57a2d4851a1d" />
    <TestEntry testId="109f1090-2c37-11e4-42b0-be8428a5c6de" executionId="e61f1094-aaf2-4380-b672-c4a600613518" testListId="8c84fa94-04c1-424b-9868-57a2d4851a1d" />
    <TestEntry testId="600cd0a0-1a72-04d6-1c58-c9cfb3ad7b77" executionId="fbc7bdf9-212a-4df9-83cf-d8308f7a15b3" testListId="8c84fa94-04c1-424b-9868-57a2d4851a1d" />
    <TestEntry testId="c9ab10f1-a00c-ea01-8e24-c53ff68b1e8d" executionId="89dd38a2-9a43-44e8-9246-15adcf5fd686" testListId="8c84fa94-04c1-424b-9868-57a2d4851a1d" />
    <TestEntry testId="82974a20-75a7-1695-2803-eced5a9a6746" executionId="dc364ac0-5dae-4310-9627-f2ad79d33d02" testListId="8c84fa94-04c1-424b-9868-57a2d4851a1d" />
    <TestEntry testId="95f6a83a-9dd3-6b15-4aee-5eb848ca7c92" executionId="490af37c-84a9-4456-b435-4e405b670415" testListId="8c84fa94-04c1-424b-9868-57a2d4851a1d" />
    <TestEntry testId="f338bf3f-1566-b65e-7579-fcffe2b72d70" executionId="d168c2ce-c129-4c03-a3d8-a54201ae1bea" testListId="8c84fa94-04c1-424b-9868-57a2d4851a1d" />
    <TestEntry testId="746bf3a2-9b05-7d5a-2ef4-122a8097ac80" executionId="6ed6308f-bd57-43c7-ad2a-7c6ae732282f" testListId="8c84fa94-04c1-424b-9868-57a2d4851a1d" />
    <TestEntry testId="d7114e29-bd08-8b2f-56c5-c00e5cae6e91" executionId="9519bf52-79f2-452e-832b-c687d3253f75" testListId="8c84fa94-04c1-424b-9868-57a2d4851a1d" />
    <TestEntry testId="b250f3aa-3f7b-1173-ca11-6c811faffe16" executionId="097fe5ce-afd2-4561-87a9-76979aa6ade8" testListId="8c84fa94-04c1-424b-9868-57a2d4851a1d" />
    <TestEntry testId="d8921411-89fb-ea5d-9f92-134d0d71930c" executionId="46c52ce0-6db4-427e-9780-a5be31404cb6" testListId="8c84fa94-04c1-424b-9868-57a2d4851a1d" />
    <TestEntry testId="3aeea82f-e8e2-ed4c-2b46-340083c12c03" executionId="001974d8-c157-4a2c-8cae-6a0a50715854" testListId="8c84fa94-04c1-424b-9868-57a2d4851a1d" />
    <TestEntry testId="a25e2306-170d-a765-854a-5b0ce3eb6961" executionId="059f226e-64cd-4e79-b973-d1a5521fdc9e" testListId="8c84fa94-04c1-424b-9868-57a2d4851a1d" />
    <TestEntry testId="9634a042-c6f1-d70d-02ab-f3a7dd0e4afb" executionId="3739e3fe-a7dd-4f53-879c-3f10ce4bb358" testListId="8c84fa94-04c1-424b-9868-57a2d4851a1d" />
    <TestEntry testId="fa75e582-58d1-49ca-68f8-e4276047185e" executionId="20547a4f-3731-4ec8-a7a6-bccb4493cb39" testListId="8c84fa94-04c1-424b-9868-57a2d4851a1d" />
    <TestEntry testId="758ed1bf-0c9d-a72f-fc9a-541f76e509da" executionId="8cd381ff-89c0-49d0-827e-2d19178b95b9" testListId="8c84fa94-04c1-424b-9868-57a2d4851a1d" />
    <TestEntry testId="c4674c1f-3b4f-6bc5-c77f-a2d00c6d42c2" executionId="f7ea74f0-5aa4-4b05-8cf4-3eed775a2a7c" testListId="8c84fa94-04c1-424b-9868-57a2d4851a1d" />
    <TestEntry testId="70def5bb-f991-ffe7-0ee7-c66d4ba6fce3" executionId="8bb37d4d-78be-4c72-8afa-a93c308e7697" testListId="8c84fa94-04c1-424b-9868-57a2d4851a1d" />
    <TestEntry testId="e7d87946-98fd-8bd0-4b99-6ffdde3ed969" executionId="039c7e2b-ffed-4ac5-a532-2df2ecc4c24a" testListId="8c84fa94-04c1-424b-9868-57a2d4851a1d" />
    <TestEntry testId="627d9e36-e03f-4380-99f0-803662e08283" executionId="ed5fb2cc-a185-45ea-a163-136363907376" testListId="8c84fa94-04c1-424b-9868-57a2d4851a1d" />
    <TestEntry testId="ebaee34d-dbc5-1e0c-d43a-1f0b6cbb65b7" executionId="7b82cb37-8196-46ef-8ef9-7396dc590ed7" testListId="8c84fa94-04c1-424b-9868-57a2d4851a1d" />
    <TestEntry testId="bc5c77f6-a200-63cf-5324-493d3e23a065" executionId="ba204f14-52aa-4707-a342-6ac83d3749b0" testListId="8c84fa94-04c1-424b-9868-57a2d4851a1d" />
    <TestEntry testId="949571d3-2016-ec51-2090-575574477cd3" executionId="ae8ef608-82e0-4b77-b809-8e8d026c6bec" testListId="8c84fa94-04c1-424b-9868-57a2d4851a1d" />
    <TestEntry testId="8f515268-6ec9-f4bd-7560-63d80f7f971a" executionId="966edfef-4959-47d0-a27f-c35dfe9bc534" testListId="8c84fa94-04c1-424b-9868-57a2d4851a1d" />
    <TestEntry testId="6cdaa707-74da-09ce-bde9-ec40c332d047" executionId="9eb3264d-7ef6-44fd-a78d-55cb1306e1ab" testListId="8c84fa94-04c1-424b-9868-57a2d4851a1d" />
    <TestEntry testId="f8a4ee16-b1b6-f502-8e82-764a64ab681d" executionId="fafe3a68-6e19-4279-9337-0a16b600f000" testListId="8c84fa94-04c1-424b-9868-57a2d4851a1d" />
    <TestEntry testId="71818072-84c7-0964-88fe-ceddfcf27a81" executionId="f25917e0-e200-444d-84c1-3ae0dfa05e70" testListId="8c84fa94-04c1-424b-9868-57a2d4851a1d" />
    <TestEntry testId="e5046627-bcf4-6c17-3343-c882230da9b1" executionId="80610733-2893-4380-8e05-cd4b5d414b0e" testListId="8c84fa94-04c1-424b-9868-57a2d4851a1d" />
    <TestEntry testId="68aa6394-f828-d414-47a2-25572bb76438" executionId="921b1465-0342-4f87-a274-2e94dc445417" testListId="8c84fa94-04c1-424b-9868-57a2d4851a1d" />
    <TestEntry testId="e4f7af82-0951-a71c-7205-caa5bd46a135" executionId="8130ba84-d21f-4777-bc50-536ffd42e297" testListId="8c84fa94-04c1-424b-9868-57a2d4851a1d" />
    <TestEntry testId="68200616-7d59-c385-899d-66a61c8a0ecf" executionId="c7a7fd98-9dff-41dc-91cb-f8b8ac3a95dc" testListId="8c84fa94-04c1-424b-9868-57a2d4851a1d" />
    <TestEntry testId="58aa4997-d484-b60d-b5ff-0e7938bc3521" executionId="aef2cfc8-3ee7-47ef-9f26-5e689ba378b7" testListId="8c84fa94-04c1-424b-9868-57a2d4851a1d" />
    <TestEntry testId="25c14658-4d1f-e578-a06b-e6d70a3f480a" executionId="4ce743a2-939b-403f-ba69-b7bc6940188b" testListId="8c84fa94-04c1-424b-9868-57a2d4851a1d" />
    <TestEntry testId="4c282ba6-5bdf-a08c-24e8-05508d7c5d5b" executionId="b081fe3e-e0e3-4dad-8f4f-7f5bfb7dcce6" testListId="8c84fa94-04c1-424b-9868-57a2d4851a1d" />
    <TestEntry testId="2329f751-9eb3-7c6d-0d92-9462f0312acf" executionId="bb9a67e9-7cce-4df0-8e0d-8c20e478ca02" testListId="8c84fa94-04c1-424b-9868-57a2d4851a1d" />
    <TestEntry testId="6d482fd0-c8a4-6fe0-0c16-5363473c39ab" executionId="bcf6f716-3999-41e4-8da6-6db03cce21c6" testListId="8c84fa94-04c1-424b-9868-57a2d4851a1d" />
    <TestEntry testId="40ff2025-1645-102a-8843-c6a9a64df395" executionId="7b0ed4ec-cdcb-478a-9d27-a8203948a24d" testListId="8c84fa94-04c1-424b-9868-57a2d4851a1d" />
    <TestEntry testId="32c3fc6b-54aa-c204-0eed-9282cf35986b" executionId="e1c27597-f1fa-4db9-a14e-8572839cbaf7" testListId="8c84fa94-04c1-424b-9868-57a2d4851a1d" />
    <TestEntry testId="4490a717-5b7a-826b-509c-f51487ce7be0" executionId="77418b9f-d38f-4ec1-8d1b-9a868790eda3" testListId="8c84fa94-04c1-424b-9868-57a2d4851a1d" />
    <TestEntry testId="72f4169f-22a1-9390-348c-df051f424176" executionId="53ee566b-6a84-41de-888c-03543ed876d9" testListId="8c84fa94-04c1-424b-9868-57a2d4851a1d" />
    <TestEntry testId="3d276391-6d51-81ea-9cce-bdfcf54376d5" executionId="614693ad-c5c7-4f0a-a9d8-9f8794533dd5" testListId="8c84fa94-04c1-424b-9868-57a2d4851a1d" />
    <TestEntry testId="13e86210-2580-3d0d-1358-707bf13d9f0b" executionId="06f87d09-d150-4f81-b9c6-16309f41fff2" testListId="8c84fa94-04c1-424b-9868-57a2d4851a1d" />
    <TestEntry testId="872373a3-155a-5dd0-5f19-9e2fc1015cf6" executionId="82aba19c-8dde-4362-8ac5-902372c194e2" testListId="8c84fa94-04c1-424b-9868-57a2d4851a1d" />
    <TestEntry testId="228a7a8c-4760-869d-eb3f-c32814461998" executionId="4e17bbab-08dd-4074-9723-fd6247a2c8e9" testListId="8c84fa94-04c1-424b-9868-57a2d4851a1d" />
    <TestEntry testId="108dfcba-4e95-1041-7597-9ec7f948eaf2" executionId="5ba35885-85a0-499f-8d4f-ca26fbc08b71" testListId="8c84fa94-04c1-424b-9868-57a2d4851a1d" />
    <TestEntry testId="d8de1a4e-0a0a-f46d-2a81-cad7f8371db0" executionId="7a78fc0f-7b05-4ebd-b665-e5df575bb856" testListId="8c84fa94-04c1-424b-9868-57a2d4851a1d" />
    <TestEntry testId="a03db3cb-ee97-98ef-1d26-2275026ddc6d" executionId="13deb71d-eb60-42ad-a2a8-f3f9c4833b6e" testListId="8c84fa94-04c1-424b-9868-57a2d4851a1d" />
    <TestEntry testId="d4e84e1f-4d8e-a331-c3c2-878dcb6056b6" executionId="b651e3a8-5ab3-4f98-8993-1e4ffa2204c0" testListId="8c84fa94-04c1-424b-9868-57a2d4851a1d" />
    <TestEntry testId="92f82fb2-1cd2-2bfd-4a3e-fab386286f1c" executionId="ffeb8f07-0164-4ad2-a254-1321747ecb18" testListId="8c84fa94-04c1-424b-9868-57a2d4851a1d" />
    <TestEntry testId="40d305e9-c0c1-3e3f-e38d-9f3baa134ea7" executionId="b62ceed4-842f-40e5-adab-286313df6681" testListId="8c84fa94-04c1-424b-9868-57a2d4851a1d" />
    <TestEntry testId="d332119c-4be9-93f2-8a00-c95352e2afa0" executionId="ba8190ea-a234-4cc8-b7b3-c163450c58ac" testListId="8c84fa94-04c1-424b-9868-57a2d4851a1d" />
    <TestEntry testId="530f4535-d1ca-ed08-9524-fc0ac5be95dc" executionId="3f2e546a-dbbb-42c3-94c5-5bfcae35adb1" testListId="8c84fa94-04c1-424b-9868-57a2d4851a1d" />
    <TestEntry testId="7229aaa7-ed96-9a0f-11d8-9edfdb9e6e52" executionId="bb4d1e06-e976-457f-83a2-0f13bccb5e33" testListId="8c84fa94-04c1-424b-9868-57a2d4851a1d" />
    <TestEntry testId="91e4f833-22f1-4e41-d858-5d96392e21e8" executionId="62337dee-1fae-44db-a2d4-f484ea75c48c" testListId="8c84fa94-04c1-424b-9868-57a2d4851a1d" />
    <TestEntry testId="9db6bb97-3604-b8fc-5976-8fd38116c854" executionId="2ec9db12-2fa6-406d-b13d-9fd9229abccf" testListId="8c84fa94-04c1-424b-9868-57a2d4851a1d" />
    <TestEntry testId="2ac0ba53-ae16-5d8c-e824-b1aa0814499a" executionId="921ff86a-067b-4080-93f1-ede44215f4c4" testListId="8c84fa94-04c1-424b-9868-57a2d4851a1d" />
    <TestEntry testId="daa36e5c-9e91-4d65-009d-7ea1402bc1a1" executionId="a0b76430-4964-4e04-9ab6-056a0886f826" testListId="8c84fa94-04c1-424b-9868-57a2d4851a1d" />
    <TestEntry testId="2f34c009-9c89-12a4-c25d-ac6fcdc32252" executionId="f4402541-8e99-4c6b-86e3-3ad464d5a773" testListId="8c84fa94-04c1-424b-9868-57a2d4851a1d" />
    <TestEntry testId="70122689-0c1e-ecf1-986e-93653eb1a432" executionId="7b9f340b-9037-4202-b64b-5d85dc73711d" testListId="8c84fa94-04c1-424b-9868-57a2d4851a1d" />
    <TestEntry testId="feaae690-f8d5-6a68-60bc-7f7230e165ab" executionId="2587c912-558f-4391-bfad-3fbcb6e28588" testListId="8c84fa94-04c1-424b-9868-57a2d4851a1d" />
    <TestEntry testId="04bc9823-e42c-d3db-3544-f5e541fb3368" executionId="5151b69f-713e-470d-b0ee-40d20418eb82" testListId="8c84fa94-04c1-424b-9868-57a2d4851a1d" />
    <TestEntry testId="637e10a2-63d3-60e9-c628-f4e3fca869e9" executionId="1c0b9c04-e85d-4846-9110-31e4bc2b11a6" testListId="8c84fa94-04c1-424b-9868-57a2d4851a1d" />
    <TestEntry testId="06a22ff8-ede7-5022-8fed-1fd8b7fec68b" executionId="f6972f0a-f652-4221-bb8c-728c3ee6f783" testListId="8c84fa94-04c1-424b-9868-57a2d4851a1d" />
    <TestEntry testId="38ab62ea-2acf-37d0-31bf-7a62b9550a4f" executionId="130ac6db-d793-488b-92cc-5bf19911971e" testListId="8c84fa94-04c1-424b-9868-57a2d4851a1d" />
    <TestEntry testId="36e39c0a-a8e3-0595-1f20-3abb243dfcfc" executionId="160b93c0-53ed-4f8a-a681-165049a4bb00" testListId="8c84fa94-04c1-424b-9868-57a2d4851a1d" />
    <TestEntry testId="b973da1a-2e42-fe55-9475-2d140e6e0854" executionId="91aa4216-baee-4112-b9bc-f2f1fe849695" testListId="8c84fa94-04c1-424b-9868-57a2d4851a1d" />
    <TestEntry testId="f48cc845-b01e-6c08-7da0-c1b382938acf" executionId="a03e2f1a-15f7-481e-a4c9-4452cfd7245c" testListId="8c84fa94-04c1-424b-9868-57a2d4851a1d" />
    <TestEntry testId="404a7b15-df43-0583-3634-a2140371f5e4" executionId="58b8eb2d-241f-4557-ab1c-9e8f44ba9805" testListId="8c84fa94-04c1-424b-9868-57a2d4851a1d" />
    <TestEntry testId="82744603-ac5f-b837-da6d-297ed0eef2cb" executionId="9c1ed244-923c-4335-859d-3c6383b119f9" testListId="8c84fa94-04c1-424b-9868-57a2d4851a1d" />
    <TestEntry testId="39f98016-3f05-56a8-a243-b22b3286bbbc" executionId="7edeee59-cd1d-4856-8679-acde658a92c6" testListId="8c84fa94-04c1-424b-9868-57a2d4851a1d" />
    <TestEntry testId="42fc8cd2-76b5-3a63-6b9d-5f9c7f1bbbb8" executionId="d9acf946-feef-4344-8711-fd1be812d9b3" testListId="8c84fa94-04c1-424b-9868-57a2d4851a1d" />
    <TestEntry testId="adece528-1ae8-220f-a157-cd0022c59df1" executionId="25db3750-9258-4a2c-86cf-8bc2780041c3" testListId="8c84fa94-04c1-424b-9868-57a2d4851a1d" />
    <TestEntry testId="0714e41c-3119-4f62-606f-032e5b80ac9b" executionId="0291d006-0222-45e0-8e68-0ec90470e1be" testListId="8c84fa94-04c1-424b-9868-57a2d4851a1d" />
    <TestEntry testId="0f041bfb-d6d9-205b-b0f7-2e2e1a05bc1a" executionId="6559c874-b23c-4dcb-8cef-b4e148f71ff8" testListId="8c84fa94-04c1-424b-9868-57a2d4851a1d" />
    <TestEntry testId="9135b311-de2f-68f9-7e3b-0f848a2245d2" executionId="6011cd2d-3ec5-45bf-a383-d38c66bef8ee" testListId="8c84fa94-04c1-424b-9868-57a2d4851a1d" />
    <TestEntry testId="3694510a-b76a-c558-e7ef-970bfa070f32" executionId="34ec5ab3-803b-404c-b27b-87232ef182d7" testListId="8c84fa94-04c1-424b-9868-57a2d4851a1d" />
    <TestEntry testId="9a6ea276-8bec-bf78-0d26-4923cf532fd9" executionId="84f2a975-ec19-4069-970c-4c00076828bd" testListId="8c84fa94-04c1-424b-9868-57a2d4851a1d" />
    <TestEntry testId="118c8009-9c29-7229-d387-0d4cfba2dd39" executionId="7afd957c-63dd-4740-8f89-ca28be173457" testListId="8c84fa94-04c1-424b-9868-57a2d4851a1d" />
    <TestEntry testId="93c3afd0-c4fb-e190-6f76-76b672c00b00" executionId="47bee1ec-8849-4d11-b3a4-1cc2e5705eff" testListId="8c84fa94-04c1-424b-9868-57a2d4851a1d" />
    <TestEntry testId="0bcad0f4-24fa-e401-7178-25ffc1ea5202" executionId="259b5ba9-ce7b-46ac-bbfd-7bdd74bcd6b3" testListId="8c84fa94-04c1-424b-9868-57a2d4851a1d" />
    <TestEntry testId="0ec1d61f-1e45-da7d-3603-37c9bfa0ae08" executionId="afc224ab-36d5-48c4-8a5a-8ca664d1a341" testListId="8c84fa94-04c1-424b-9868-57a2d4851a1d" />
    <TestEntry testId="60018a15-25c4-3f20-2996-6b8ba2b5fd1e" executionId="4eaa24d1-3f41-4ca7-b5f7-b52ea3638615" testListId="8c84fa94-04c1-424b-9868-57a2d4851a1d" />
    <TestEntry testId="cd8649a1-cd18-9faf-fb86-e8aebc7caee4" executionId="24715afc-99a6-4882-822d-2f54c8740ed8" testListId="8c84fa94-04c1-424b-9868-57a2d4851a1d" />
    <TestEntry testId="6092451a-ff93-1c11-89c2-430424dda87d" executionId="17eee934-864b-4d42-a47a-f06507ee41ae" testListId="8c84fa94-04c1-424b-9868-57a2d4851a1d" />
    <TestEntry testId="c1b27acb-5e27-1ddc-3e79-8057e72f3df5" executionId="4918c2d4-116b-4456-88de-624a23d904b6" testListId="8c84fa94-04c1-424b-9868-57a2d4851a1d" />
    <TestEntry testId="07a2f2dc-c3fa-3a39-44f9-617276090736" executionId="70268b3b-611c-4775-99ee-7b9d4d38b739" testListId="8c84fa94-04c1-424b-9868-57a2d4851a1d" />
    <TestEntry testId="c0c771f8-7610-f875-6c66-0b762f181447" executionId="26cda2d9-d245-466b-84e7-c29cd7ead8ff" testListId="8c84fa94-04c1-424b-9868-57a2d4851a1d" />
    <TestEntry testId="0dde4485-2ed5-3032-5a0b-8baac17ac640" executionId="457b9b03-05eb-4e9c-a269-24b19d751571" testListId="8c84fa94-04c1-424b-9868-57a2d4851a1d" />
    <TestEntry testId="9db6bb97-3604-b8fc-5976-8fd38116c854" executionId="f0f3d56b-859e-476b-a236-5c012569f204" testListId="8c84fa94-04c1-424b-9868-57a2d4851a1d" />
    <TestEntry testId="34829afe-b454-0f62-95ad-e78a3756d8e3" executionId="b8df797d-2901-46d5-b86c-893aedd6de2c" testListId="8c84fa94-04c1-424b-9868-57a2d4851a1d" />
    <TestEntry testId="a77be3c6-5fde-963c-e0a5-7a1109ba9af4" executionId="a0be1287-258a-43dd-ae7f-190f07a7ff15" testListId="8c84fa94-04c1-424b-9868-57a2d4851a1d" />
    <TestEntry testId="bd3270bd-0539-f560-d3a9-4586a8ed3c5d" executionId="c1265ec7-216d-4604-adda-138094be2f74" testListId="8c84fa94-04c1-424b-9868-57a2d4851a1d" />
    <TestEntry testId="8e77c4b7-a678-e0cb-4a6f-3dc9691bce8a" executionId="af72f2ef-7c71-427e-af60-1a240b051d56" testListId="8c84fa94-04c1-424b-9868-57a2d4851a1d" />
    <TestEntry testId="c7e66ec5-ac77-9bf4-3e49-7028d2599bcb" executionId="f138b027-ac7d-4570-bab3-a7d998ddadf1" testListId="8c84fa94-04c1-424b-9868-57a2d4851a1d" />
    <TestEntry testId="9a1d160d-73af-38f5-6abf-72df1b5a9ed9" executionId="6a7d6cf9-ecd0-4c59-af27-76b4a3afa8f1" testListId="8c84fa94-04c1-424b-9868-57a2d4851a1d" />
    <TestEntry testId="5a6e52a7-1bb8-65a3-26eb-4b2fc5e7b9f0" executionId="24f6315c-0f9c-442d-a2a1-19b64da00489" testListId="8c84fa94-04c1-424b-9868-57a2d4851a1d" />
    <TestEntry testId="d58e6655-a20e-eca9-a8ff-e01c0d1f10d1" executionId="96ab97b7-8238-44ee-b856-a2f56dc1c2fa" testListId="8c84fa94-04c1-424b-9868-57a2d4851a1d" />
    <TestEntry testId="2928b600-8ff9-c045-8d14-82ef46cf4e75" executionId="3ab3dbfa-d91e-416e-9843-95308358570b" testListId="8c84fa94-04c1-424b-9868-57a2d4851a1d" />
    <TestEntry testId="45ab8e58-cf37-c8c3-2f59-490f45a89201" executionId="fa7a9a13-a955-42f9-a064-52b8289e3a71" testListId="8c84fa94-04c1-424b-9868-57a2d4851a1d" />
    <TestEntry testId="c6da1907-83cc-513b-cbc0-e214f3e0f738" executionId="601b1954-9ac0-4da0-b333-ce1b31e1b576" testListId="8c84fa94-04c1-424b-9868-57a2d4851a1d" />
    <TestEntry testId="6be56eef-6abf-389c-7220-c295b9819c65" executionId="d5c37d2c-45ce-4857-b465-e197fd648c47" testListId="8c84fa94-04c1-424b-9868-57a2d4851a1d" />
    <TestEntry testId="1cc85615-0b8f-3926-085e-3496be702927" executionId="69368fd8-d689-4ea6-8f55-8e91fb8366b8" testListId="8c84fa94-04c1-424b-9868-57a2d4851a1d" />
    <TestEntry testId="2f21a709-b5d2-02e0-69ef-cc90204f44ea" executionId="15625278-39f7-4022-8170-d011bdb6a769" testListId="8c84fa94-04c1-424b-9868-57a2d4851a1d" />
    <TestEntry testId="e27529de-e016-835f-9f1b-07dae0158dc6" executionId="d75a6247-3300-4851-a6e4-1879a1b1d955" testListId="8c84fa94-04c1-424b-9868-57a2d4851a1d" />
    <TestEntry testId="125421d6-7b85-7e89-5dee-95b4ab80b7a9" executionId="690fb5c2-6422-4116-9598-9a59f1b199c7" testListId="8c84fa94-04c1-424b-9868-57a2d4851a1d" />
    <TestEntry testId="fabca215-1eb7-b61b-9432-3f3d050b58e8" executionId="67a3ae27-0a01-4bdd-bdc3-5e648e7f2484" testListId="8c84fa94-04c1-424b-9868-57a2d4851a1d" />
    <TestEntry testId="f6022fba-2aac-9d92-25e9-5ea8f68570f4" executionId="db8442aa-d0f7-454e-acec-7a48a2ab3857" testListId="8c84fa94-04c1-424b-9868-57a2d4851a1d" />
    <TestEntry testId="2de81f88-f4e8-842d-f3f6-60f1e00fd9ad" executionId="b2593017-220d-4ccf-b82b-4368e1ef520c" testListId="8c84fa94-04c1-424b-9868-57a2d4851a1d" />
    <TestEntry testId="ec618ff3-6b3d-68fe-afb8-6814da4cfab2" executionId="fbefaa7c-fcc9-47c1-99cf-037c0b1a7a73" testListId="8c84fa94-04c1-424b-9868-57a2d4851a1d" />
    <TestEntry testId="0333d46d-5d86-b0f5-6854-51377d198f55" executionId="8ef40ab1-3f92-4cc7-9dbc-ec20b84f26a8" testListId="8c84fa94-04c1-424b-9868-57a2d4851a1d" />
    <TestEntry testId="f1c73bf6-3786-d95f-778b-57e92d648c13" executionId="bf8faba7-8633-4c9d-af44-e6df22ac95b5" testListId="8c84fa94-04c1-424b-9868-57a2d4851a1d" />
    <TestEntry testId="d0b2304e-f546-20e2-91f8-f1686494292c" executionId="cca1b214-b114-48cb-b8bd-0e40130acfed" testListId="8c84fa94-04c1-424b-9868-57a2d4851a1d" />
    <TestEntry testId="f4188e9f-a3c3-f41b-7bb3-a5786809c2c4" executionId="3a43c1c2-b240-4aee-b7bc-5ee286abe935" testListId="8c84fa94-04c1-424b-9868-57a2d4851a1d" />
    <TestEntry testId="7559af2b-2ed8-52b0-aa3d-7968eef4da1d" executionId="92b2a84a-0b94-4c0c-b946-6b76782fca39" testListId="8c84fa94-04c1-424b-9868-57a2d4851a1d" />
    <TestEntry testId="a01e410f-6df7-2be8-3a13-4be2c8ba9d7c" executionId="592e9d8b-1916-4d3a-b17a-0d95f703df97" testListId="8c84fa94-04c1-424b-9868-57a2d4851a1d" />
    <TestEntry testId="3a076aa3-b0bd-9e63-5452-4d9f17681d3e" executionId="9e0e4543-4e95-4e58-baf0-0cc98b725d61" testListId="8c84fa94-04c1-424b-9868-57a2d4851a1d" />
    <TestEntry testId="444c5c09-84ec-77f0-99e4-7efe3a1e69c0" executionId="263da88c-d23f-4799-a995-8b3e8162de51" testListId="8c84fa94-04c1-424b-9868-57a2d4851a1d" />
    <TestEntry testId="96b78bb0-de68-6907-93ee-081c93f57dda" executionId="390699bf-34c6-4829-b0cf-f6e892cea95b" testListId="8c84fa94-04c1-424b-9868-57a2d4851a1d" />
    <TestEntry testId="14df55ed-c3c0-2499-4340-7ea83ed79fb7" executionId="aef71fbb-6c65-41cb-a145-7c0c7242c1b5" testListId="8c84fa94-04c1-424b-9868-57a2d4851a1d" />
    <TestEntry testId="b7cf50e8-1705-9476-180d-7d52d06c77ae" executionId="730aa285-5ac1-4e3f-8fb0-d113be885107" testListId="8c84fa94-04c1-424b-9868-57a2d4851a1d" />
    <TestEntry testId="e74ba4b2-cf92-b242-ecbe-0429db4c8c07" executionId="4ede18a9-d70b-41c0-ac8e-a48722b45396" testListId="8c84fa94-04c1-424b-9868-57a2d4851a1d" />
    <TestEntry testId="fe7c5bf3-35b6-cf9c-259a-ab9366d49636" executionId="42151b45-f8f3-4a08-9a65-654d5602b172" testListId="8c84fa94-04c1-424b-9868-57a2d4851a1d" />
    <TestEntry testId="6bc5e92c-5c63-27f1-7ca0-c422b95c433f" executionId="ca8ab09a-26e6-4957-8e58-e6ad3d9883a2" testListId="8c84fa94-04c1-424b-9868-57a2d4851a1d" />
    <TestEntry testId="b973da1a-2e42-fe55-9475-2d140e6e0854" executionId="514cb6ea-08df-40df-9694-0323bf357426" testListId="8c84fa94-04c1-424b-9868-57a2d4851a1d" />
    <TestEntry testId="4d74ca74-1f1e-6f8c-a28b-7c23b59e231b" executionId="c85f7e92-edb8-48ee-8cf0-0cd48e5b58fc" testListId="8c84fa94-04c1-424b-9868-57a2d4851a1d" />
    <TestEntry testId="6604f7fb-d1f0-decc-3d96-f5e4db864ef8" executionId="9cb6bb18-1140-4362-a211-8f07dafa8b4f" testListId="8c84fa94-04c1-424b-9868-57a2d4851a1d" />
    <TestEntry testId="02e90796-13cf-4684-9994-7eec6b9c424f" executionId="064865a8-41ef-4a88-ab74-99030ec4d385" testListId="8c84fa94-04c1-424b-9868-57a2d4851a1d" />
    <TestEntry testId="c1561c8f-98e3-bc0d-118e-3c052cc495d9" executionId="8674878a-9ffd-4d6b-9044-4602bbfe3fd9" testListId="8c84fa94-04c1-424b-9868-57a2d4851a1d" />
    <TestEntry testId="0f5033f1-aa3c-42c2-fa63-9f0688a853b4" executionId="b7216f23-edd5-481d-837f-b23f467d4ab1" testListId="8c84fa94-04c1-424b-9868-57a2d4851a1d" />
    <TestEntry testId="b202e46e-4a3a-41ab-e10a-e01698bd46e1" executionId="b267fbd5-74ff-4bff-8ea7-819263e410ee" testListId="8c84fa94-04c1-424b-9868-57a2d4851a1d" />
    <TestEntry testId="170e0c6a-3466-6e27-447d-fa66bd08aebe" executionId="3128eaed-d217-4aad-b58b-20da36672176" testListId="8c84fa94-04c1-424b-9868-57a2d4851a1d" />
    <TestEntry testId="3e97ce03-fcf5-2fd0-c71d-61d113552656" executionId="ee4d9353-13b7-4e21-ba26-a602a538d52d" testListId="8c84fa94-04c1-424b-9868-57a2d4851a1d" />
    <TestEntry testId="245f7ced-b3b9-8220-a6b3-46a367e4ade3" executionId="08e7d536-3822-4411-9db5-2fff9ab285d1" testListId="8c84fa94-04c1-424b-9868-57a2d4851a1d" />
    <TestEntry testId="075f7067-fb0c-e9e2-5013-7e783c1bb677" executionId="0d160b6b-487e-44a1-b9c7-eafdd84d5e0c" testListId="8c84fa94-04c1-424b-9868-57a2d4851a1d" />
    <TestEntry testId="87cec38f-e051-18f1-0bb9-d08df29fa086" executionId="93aca8b8-2c27-48f9-ae4b-efafdd8cf51f" testListId="8c84fa94-04c1-424b-9868-57a2d4851a1d" />
    <TestEntry testId="18a95466-e3e2-18f1-31e6-a85459b0421a" executionId="6c07a1a9-da6c-46b5-9892-a2bf6056df38" testListId="8c84fa94-04c1-424b-9868-57a2d4851a1d" />
    <TestEntry testId="76de3796-d5dc-347e-65d1-c3e9eecc7f02" executionId="b184ae0a-1629-455a-af93-7cbecf149544" testListId="8c84fa94-04c1-424b-9868-57a2d4851a1d" />
    <TestEntry testId="9f3a3c59-809c-a915-2bba-f143c9656182" executionId="66a4c434-6c67-466e-8452-6d46c5248081" testListId="8c84fa94-04c1-424b-9868-57a2d4851a1d" />
    <TestEntry testId="e0e2631f-d02f-1e38-d525-55b907a53348" executionId="7658d9f4-e9ba-422b-ab84-9dd60933dbf5" testListId="8c84fa94-04c1-424b-9868-57a2d4851a1d" />
    <TestEntry testId="a3b4451b-4ef5-eea6-4740-f05d5b44e9d0" executionId="19b7cfa6-8856-48c6-95f2-adc7a5507b46" testListId="8c84fa94-04c1-424b-9868-57a2d4851a1d" />
    <TestEntry testId="4dab8c84-8237-147c-fb44-2d0d64662423" executionId="cd57cef7-12d5-456b-8ce8-348e717f2431" testListId="8c84fa94-04c1-424b-9868-57a2d4851a1d" />
    <TestEntry testId="fd17e788-d21b-4bd2-5960-a2bb7514f0f4" executionId="c94675c0-c618-4071-a43c-b515cead00ed" testListId="8c84fa94-04c1-424b-9868-57a2d4851a1d" />
    <TestEntry testId="f91f19a9-857e-d90b-12ef-cb4a6ffa0ef4" executionId="78a31ad1-0cb8-4275-ab47-6d68c9ec3bd0" testListId="8c84fa94-04c1-424b-9868-57a2d4851a1d" />
    <TestEntry testId="18730116-4220-9bac-5ef7-f40d7abf5ba9" executionId="bd4a0bae-8f5d-4723-ae71-1e10696e0c4d" testListId="8c84fa94-04c1-424b-9868-57a2d4851a1d" />
    <TestEntry testId="29521c16-b555-d9d6-97db-3f676a829642" executionId="e86f9c4f-a0ea-40db-827b-a06282a5e8c3" testListId="8c84fa94-04c1-424b-9868-57a2d4851a1d" />
    <TestEntry testId="6f0423ac-d934-d89f-ed34-8ecd140999c8" executionId="c8ccce73-3361-48c3-8254-5164b92fa25e" testListId="8c84fa94-04c1-424b-9868-57a2d4851a1d" />
    <TestEntry testId="e27c1e8d-41e0-493e-93d8-fd570741722c" executionId="3b659c60-19c5-4b6d-ad79-b2b00b8e2db4" testListId="8c84fa94-04c1-424b-9868-57a2d4851a1d" />
    <TestEntry testId="9529ded6-4121-6185-73b8-0668cd91a608" executionId="df9a3f20-3528-43b5-bed7-08cd3ad474c2" testListId="8c84fa94-04c1-424b-9868-57a2d4851a1d" />
    <TestEntry testId="24817f7c-54fb-66bf-9a8d-ded7c9576a34" executionId="56c4a0c5-d0da-43ae-8157-675b19fe699f" testListId="8c84fa94-04c1-424b-9868-57a2d4851a1d" />
    <TestEntry testId="8e6f1fb5-94de-db36-cf9d-fad74015fce1" executionId="5fdd9b75-71f9-4a28-bfca-83bd190b4581" testListId="8c84fa94-04c1-424b-9868-57a2d4851a1d" />
    <TestEntry testId="447882cf-b1f0-9bbe-609a-b97dd41b03c3" executionId="be07bf51-ad35-436a-9489-2e4221cec04f" testListId="8c84fa94-04c1-424b-9868-57a2d4851a1d" />
    <TestEntry testId="bc9110d2-bbf0-0d05-1ed8-7bdf136caa75" executionId="9747fe51-c15c-4c01-82d3-608cad24bd4f" testListId="8c84fa94-04c1-424b-9868-57a2d4851a1d" />
    <TestEntry testId="641d2104-eeb1-3c9f-8991-c3f8e0c3cc66" executionId="55e909f9-a702-4bab-84c1-506a16cd4105" testListId="8c84fa94-04c1-424b-9868-57a2d4851a1d" />
    <TestEntry testId="292af488-32dd-4dfc-e80c-8924e23e9af3" executionId="2bee1285-6020-4233-b601-fc3405c45156" testListId="8c84fa94-04c1-424b-9868-57a2d4851a1d" />
    <TestEntry testId="7c97d847-9d63-60ce-2ff8-4481484aa5cd" executionId="b79af08d-3d3a-45e7-a203-0ecf79c66b2b" testListId="8c84fa94-04c1-424b-9868-57a2d4851a1d" />
    <TestEntry testId="e0636431-39a7-23d3-36d5-7ba7de1b2c40" executionId="c6221c08-65d3-458b-a739-105401309530" testListId="8c84fa94-04c1-424b-9868-57a2d4851a1d" />
    <TestEntry testId="8fb92609-66a3-f6d5-706f-44794edf9f40" executionId="0a4ef096-7eaa-4bb5-9e08-df98ff034641" testListId="8c84fa94-04c1-424b-9868-57a2d4851a1d" />
    <TestEntry testId="b973da1a-2e42-fe55-9475-2d140e6e0854" executionId="7cf31194-b9e9-4c24-980d-62c88748243a" testListId="8c84fa94-04c1-424b-9868-57a2d4851a1d" />
    <TestEntry testId="fc4a824b-cf8e-6cd8-0c54-9ea53db6d4c7" executionId="faf893fb-6bfc-4d56-8eb8-53211dbdbb17" testListId="8c84fa94-04c1-424b-9868-57a2d4851a1d" />
    <TestEntry testId="0a36e290-b29f-e9ff-08ff-905abbc37349" executionId="46ebdc83-4561-40af-b5f5-83f927fe02d0" testListId="8c84fa94-04c1-424b-9868-57a2d4851a1d" />
    <TestEntry testId="52166fbc-bf96-bf5c-7dec-9432da55ec69" executionId="346492c2-1d81-4ac1-a8f1-e856e322be71" testListId="8c84fa94-04c1-424b-9868-57a2d4851a1d" />
    <TestEntry testId="b0d64cf3-c0c1-b7da-293c-7a840da53e3e" executionId="c9452332-aada-481a-ba05-f632eb790679" testListId="8c84fa94-04c1-424b-9868-57a2d4851a1d" />
    <TestEntry testId="fedc3885-4e98-3c5b-a543-b5ca34f62fe7" executionId="24d4bb8b-1d56-4cbc-8a42-16192300f221" testListId="8c84fa94-04c1-424b-9868-57a2d4851a1d" />
    <TestEntry testId="a0f43ec4-6686-6df4-90b3-75e3388ac144" executionId="ab2a3010-5ad2-4049-a768-95f7431fd2f7" testListId="8c84fa94-04c1-424b-9868-57a2d4851a1d" />
    <TestEntry testId="a0abc24f-7f86-7aea-f5f1-27e00b6dfdca" executionId="bb63a6b8-34e0-4131-9912-029fa96660d1" testListId="8c84fa94-04c1-424b-9868-57a2d4851a1d" />
    <TestEntry testId="553454c0-6562-e71b-1ff3-209de66885a1" executionId="d7e2785b-8883-493b-b74c-6318c333edd2" testListId="8c84fa94-04c1-424b-9868-57a2d4851a1d" />
    <TestEntry testId="7a9725ed-edd5-6dd0-469b-91f9a7710f2f" executionId="ecc6536f-3665-4d4a-9f86-a9b7fe5bb0eb" testListId="8c84fa94-04c1-424b-9868-57a2d4851a1d" />
    <TestEntry testId="cdeefadd-35fd-3b75-8158-21c2a8710843" executionId="153ed068-622d-4c33-8277-08dbb0782f9b" testListId="8c84fa94-04c1-424b-9868-57a2d4851a1d" />
    <TestEntry testId="8c361e5a-de6a-1b9a-5863-605cb07479fc" executionId="14c58345-61ce-4280-8bb8-efa22d6bc8a9" testListId="8c84fa94-04c1-424b-9868-57a2d4851a1d" />
    <TestEntry testId="f5f88959-7204-88c4-4cd1-f22597aba532" executionId="74aa4f72-5396-44c6-961e-892d1ed4d5fb" testListId="8c84fa94-04c1-424b-9868-57a2d4851a1d" />
    <TestEntry testId="747902fc-8d63-ecaa-1405-6410000af2d2" executionId="c5670878-26f3-4068-b487-6ce2fcbc7325" testListId="8c84fa94-04c1-424b-9868-57a2d4851a1d" />
    <TestEntry testId="0021e5f3-ac0f-f756-05ee-633044d7bf74" executionId="a1a72dde-edc6-4704-b696-51fe252d3493" testListId="8c84fa94-04c1-424b-9868-57a2d4851a1d" />
    <TestEntry testId="66e86e11-aa6f-d6de-573d-c0aabb75ba87" executionId="28aa9905-820c-46d3-a5ad-7ce6f1935dfa" testListId="8c84fa94-04c1-424b-9868-57a2d4851a1d" />
    <TestEntry testId="0333d46d-5d86-b0f5-6854-51377d198f55" executionId="24f08cef-8995-4399-af76-c3d6d3e7e585" testListId="8c84fa94-04c1-424b-9868-57a2d4851a1d" />
    <TestEntry testId="f386edfc-a196-7428-dec4-a65317110867" executionId="510033f3-5d39-4d01-86a0-a6b7d01ca3ac" testListId="8c84fa94-04c1-424b-9868-57a2d4851a1d" />
    <TestEntry testId="6d7fb5d1-820e-9b5d-5fe6-844c46fe9162" executionId="2a52fe30-c842-4c49-9da2-95b4de7925cd" testListId="8c84fa94-04c1-424b-9868-57a2d4851a1d" />
    <TestEntry testId="7f7d4f90-2c65-802a-d9a6-4d01685bb677" executionId="63f66e08-6d9d-43c1-a385-16b449967df1" testListId="8c84fa94-04c1-424b-9868-57a2d4851a1d" />
    <TestEntry testId="275674ea-eb4b-b02b-4691-f485c2ecb704" executionId="d273b9ba-12b9-4d5c-89af-fe3e8b957711" testListId="8c84fa94-04c1-424b-9868-57a2d4851a1d" />
    <TestEntry testId="da8b968c-69f1-502e-95da-ddf857964310" executionId="6dbb5b05-5818-4dba-9ce7-c3175da30a92" testListId="8c84fa94-04c1-424b-9868-57a2d4851a1d" />
    <TestEntry testId="9a0e743f-0069-4614-6fbb-014761a1d3d7" executionId="e55ade72-6c9c-4aad-a2c8-0a66f8e7c5b6" testListId="8c84fa94-04c1-424b-9868-57a2d4851a1d" />
    <TestEntry testId="18d98543-bd8f-e90f-9802-eae432933a2c" executionId="9e4123a2-f099-44f3-ae58-bf5753961695" testListId="8c84fa94-04c1-424b-9868-57a2d4851a1d" />
    <TestEntry testId="40e71e0d-1979-7625-3de6-085a4a28289e" executionId="256ac0a5-aaf6-4b38-9c2f-ca783d3d37d3" testListId="8c84fa94-04c1-424b-9868-57a2d4851a1d" />
    <TestEntry testId="4f997c50-6cea-3626-6f7c-784699666451" executionId="28ad2711-cc94-4ba5-9d24-54e17131eb71" testListId="8c84fa94-04c1-424b-9868-57a2d4851a1d" />
    <TestEntry testId="291ce85d-3ffb-053b-4030-a174fa56a7f3" executionId="e5655d5f-5838-41b9-93da-cb6f7a674cd1" testListId="8c84fa94-04c1-424b-9868-57a2d4851a1d" />
    <TestEntry testId="dff20a41-2d04-2945-c778-693742828fe6" executionId="4a34044b-29b5-4d7d-88c2-a92d5babefdb" testListId="8c84fa94-04c1-424b-9868-57a2d4851a1d" />
    <TestEntry testId="808c118e-b248-2ab5-2d1c-d829119e535c" executionId="4b2cef63-243d-4dba-9ce3-0e6180b0ad6f" testListId="8c84fa94-04c1-424b-9868-57a2d4851a1d" />
    <TestEntry testId="c9c55dd7-b7a0-c09a-99e1-e7dc5fe3121f" executionId="7bace8bf-d8cc-4c15-b766-c3383d4b7341" testListId="8c84fa94-04c1-424b-9868-57a2d4851a1d" />
    <TestEntry testId="985c0166-ee70-6491-99b1-b50cb17337ba" executionId="f21bb3df-be66-46a6-80e8-cb0a609ea284" testListId="8c84fa94-04c1-424b-9868-57a2d4851a1d" />
    <TestEntry testId="8f144f43-8cb7-35e2-f6c6-1a575118cd60" executionId="86796bcd-b894-4140-89ef-2999be7e9ccd" testListId="8c84fa94-04c1-424b-9868-57a2d4851a1d" />
    <TestEntry testId="172b410c-a84d-e50b-e5b9-eea9489becc3" executionId="cc3ce778-0e32-4925-9aa8-fb9337e81651" testListId="8c84fa94-04c1-424b-9868-57a2d4851a1d" />
    <TestEntry testId="b2f0f53f-3188-7292-0a93-adb493a3b6a3" executionId="c2d476a6-411b-4483-aaa3-7a5bd3570e99" testListId="8c84fa94-04c1-424b-9868-57a2d4851a1d" />
    <TestEntry testId="84d1aa2e-3e05-1d3e-fd3b-6269f59f8560" executionId="eb456971-83ea-4202-8231-5e045dc0ac59" testListId="8c84fa94-04c1-424b-9868-57a2d4851a1d" />
    <TestEntry testId="68acd8de-fe9b-2c55-44f9-dd803156a2fb" executionId="16c56e74-8b1d-4983-a92a-5235943a931b" testListId="8c84fa94-04c1-424b-9868-57a2d4851a1d" />
    <TestEntry testId="de2d0785-ff60-aea9-6fef-da2ed5fe2734" executionId="1771eed6-c8bc-40d5-9757-78ed2d87bbe3" testListId="8c84fa94-04c1-424b-9868-57a2d4851a1d" />
    <TestEntry testId="4110fee6-ea6d-533b-91c7-eef9382e6601" executionId="05d2bf00-345a-43c7-8187-5be9a080c5da" testListId="8c84fa94-04c1-424b-9868-57a2d4851a1d" />
    <TestEntry testId="61d222e5-306e-e3e8-4be3-1b0c6e3e8366" executionId="4ffa2c75-42ee-4ab1-8358-a2e557c042eb" testListId="8c84fa94-04c1-424b-9868-57a2d4851a1d" />
    <TestEntry testId="1d1f2c85-e240-26a4-f8cf-f8ff444f9611" executionId="b73798ba-40d1-4bda-90d2-bc75bc80fdf3" testListId="8c84fa94-04c1-424b-9868-57a2d4851a1d" />
    <TestEntry testId="fcc4e6fe-68db-c6bb-3cc6-f7f38876d1c0" executionId="3949816c-18f7-4e53-8c6c-2c5402dfd1d1" testListId="8c84fa94-04c1-424b-9868-57a2d4851a1d" />
    <TestEntry testId="b973da1a-2e42-fe55-9475-2d140e6e0854" executionId="3e3e9a84-e177-4d48-8b21-7cad0905f3d0" testListId="8c84fa94-04c1-424b-9868-57a2d4851a1d" />
    <TestEntry testId="7c91c409-effc-ccdd-91ea-d069243fb39f" executionId="4f825964-e9d1-480b-b55e-7e94330e7999" testListId="8c84fa94-04c1-424b-9868-57a2d4851a1d" />
    <TestEntry testId="8a9c12de-f036-ec88-bfd1-583358600bb8" executionId="456ae2f8-8262-460c-bba9-c7824faaa9f5" testListId="8c84fa94-04c1-424b-9868-57a2d4851a1d" />
    <TestEntry testId="42633f5a-a402-399e-caf9-012089364960" executionId="7449d6a6-5100-4b9e-bfdf-a20ecf5466f4" testListId="8c84fa94-04c1-424b-9868-57a2d4851a1d" />
    <TestEntry testId="9c70a032-e9c2-ef3d-aa98-e41ecb431ad9" executionId="ff913650-b40e-4c9f-8ebd-dbfd89fbb02a" testListId="8c84fa94-04c1-424b-9868-57a2d4851a1d" />
    <TestEntry testId="317921d6-73cf-7cbc-8e9c-c924a1a0a4e0" executionId="61dce057-55ce-466b-9383-bd04812aaf93" testListId="8c84fa94-04c1-424b-9868-57a2d4851a1d" />
    <TestEntry testId="ff9fe548-c868-1e5c-3d38-64fcd40ff1b3" executionId="72c3baf2-5ce3-4cbe-b09d-1e97d4ab6220" testListId="8c84fa94-04c1-424b-9868-57a2d4851a1d" />
    <TestEntry testId="83a8555b-4a62-7aef-db2f-968758aec122" executionId="316440b0-49a6-4d42-b482-38d64a9bc198" testListId="8c84fa94-04c1-424b-9868-57a2d4851a1d" />
    <TestEntry testId="948100a8-ca5c-ab15-d415-fd425dd3141e" executionId="316e8b37-512c-4ea4-ac1b-f49ff61523b9" testListId="8c84fa94-04c1-424b-9868-57a2d4851a1d" />
    <TestEntry testId="d0b2304e-f546-20e2-91f8-f1686494292c" executionId="29388f5b-f70e-4e63-ba9a-59031f057ca9" testListId="8c84fa94-04c1-424b-9868-57a2d4851a1d" />
    <TestEntry testId="ad13e6c7-bf0e-c616-0b2f-ee560635ba3d" executionId="e6005cb3-d691-4662-809c-ae908bd87f2d" testListId="8c84fa94-04c1-424b-9868-57a2d4851a1d" />
    <TestEntry testId="d75d1db1-f52c-d7ed-3710-a49b915bf19a" executionId="70b8da23-2726-4be6-b7ab-db52ac214a34" testListId="8c84fa94-04c1-424b-9868-57a2d4851a1d" />
    <TestEntry testId="ce6232e6-9443-2fba-d576-47c06daba89f" executionId="06c0a34f-6ecf-4e99-9b56-7ce2a85a2744" testListId="8c84fa94-04c1-424b-9868-57a2d4851a1d" />
    <TestEntry testId="9db6bb97-3604-b8fc-5976-8fd38116c854" executionId="ed118726-e07f-4a27-a13c-546bcb4888e1" testListId="8c84fa94-04c1-424b-9868-57a2d4851a1d" />
    <TestEntry testId="6c429726-2231-464a-0002-bcc16d50e6d6" executionId="039fe6eb-0a25-4100-b859-78292c6c6473" testListId="8c84fa94-04c1-424b-9868-57a2d4851a1d" />
    <TestEntry testId="76e785a1-fec2-832a-66f8-2c5a33a9b285" executionId="6b980742-d098-4e28-a3db-c34da7d02997" testListId="8c84fa94-04c1-424b-9868-57a2d4851a1d" />
    <TestEntry testId="6a5fd668-1f4a-d01d-3955-c976a327e807" executionId="d9e1962c-150d-42dd-95b0-0cb11f0d121d" testListId="8c84fa94-04c1-424b-9868-57a2d4851a1d" />
    <TestEntry testId="10f0ebf4-09a0-d61d-7810-2fd96d2ee18c" executionId="058f6eef-5eb2-485b-a5ac-e2aae0984e10" testListId="8c84fa94-04c1-424b-9868-57a2d4851a1d" />
    <TestEntry testId="0069b581-0a57-9856-3544-d2d3e37a9f76" executionId="59a55ed6-0889-44f2-b00a-2cc80a45c4a2" testListId="8c84fa94-04c1-424b-9868-57a2d4851a1d" />
    <TestEntry testId="39484640-1e7f-e9b1-6683-bd8492f1f537" executionId="81489b29-e20c-4fa6-8b8d-c83b699c15d2" testListId="8c84fa94-04c1-424b-9868-57a2d4851a1d" />
    <TestEntry testId="f759d54c-41f3-6220-a35e-e9b49c4b3a71" executionId="64e3322d-8a5d-40d1-b4a6-9a5a0d4ced6f" testListId="8c84fa94-04c1-424b-9868-57a2d4851a1d" />
    <TestEntry testId="191a9e6b-bb61-36bd-d0bf-ebd6d7a96d38" executionId="a8a4d91e-ff03-4ebe-8cac-bc03656468be" testListId="8c84fa94-04c1-424b-9868-57a2d4851a1d" />
    <TestEntry testId="8c2c49bc-65b6-f4ee-b5c4-b4881c4aaeb6" executionId="ec0ddf79-e609-42dc-9988-a30b14142d6b" testListId="8c84fa94-04c1-424b-9868-57a2d4851a1d" />
    <TestEntry testId="b516b8b1-c564-3248-7ef9-bcbb71785620" executionId="548f43bd-27d2-457f-acde-60a03b9447eb" testListId="8c84fa94-04c1-424b-9868-57a2d4851a1d" />
    <TestEntry testId="f2eea2f5-bc17-f0c4-1491-06980d33bb53" executionId="adc3c52a-fb30-4291-928f-16b8c66945c4" testListId="8c84fa94-04c1-424b-9868-57a2d4851a1d" />
    <TestEntry testId="9cd16fa4-232d-f5bb-ae3d-509a9c29bf2e" executionId="7a3dbf50-ea0e-4b4e-9ac3-9d43c5b86d70" testListId="8c84fa94-04c1-424b-9868-57a2d4851a1d" />
    <TestEntry testId="b6c7d582-95b1-3f8c-4757-61bebcade6a7" executionId="c8d8d571-a71e-4ca0-9670-5ea4a3295d79" testListId="8c84fa94-04c1-424b-9868-57a2d4851a1d" />
    <TestEntry testId="85c6e671-c0be-762c-9216-b31aae47ee37" executionId="2109ff4a-3ec8-4493-b736-4fa028d05279" testListId="8c84fa94-04c1-424b-9868-57a2d4851a1d" />
    <TestEntry testId="6d4ccce5-b809-bba9-215e-7c09370cbe5b" executionId="2ef8160a-88ca-45da-8780-be67564a1bf7" testListId="8c84fa94-04c1-424b-9868-57a2d4851a1d" />
    <TestEntry testId="6c2f92a1-087b-d19d-f031-377da7231c31" executionId="5befc736-63f9-4803-abe8-3aa5ebf58e40" testListId="8c84fa94-04c1-424b-9868-57a2d4851a1d" />
    <TestEntry testId="b723420d-9aed-b119-7d84-f67e499141fc" executionId="c35ea0e2-f0dc-47fc-8352-1a63c922363b" testListId="8c84fa94-04c1-424b-9868-57a2d4851a1d" />
    <TestEntry testId="6b11be63-f97a-8edd-c661-091c41ee137c" executionId="56a93628-dd03-4323-bd93-bbe41976ec10" testListId="8c84fa94-04c1-424b-9868-57a2d4851a1d" />
    <TestEntry testId="27be44e9-ea0c-f21e-f68a-57e2b058dc15" executionId="2d806c5b-abb7-4401-905e-c5cdb18182aa" testListId="8c84fa94-04c1-424b-9868-57a2d4851a1d" />
    <TestEntry testId="9fe6b0f8-d1c1-2908-4858-a5baedcfaf5a" executionId="d5c89789-2585-4dd2-9523-822c1eac8901" testListId="8c84fa94-04c1-424b-9868-57a2d4851a1d" />
    <TestEntry testId="04124a0e-7e2d-e464-534c-db1e198dd850" executionId="86e6ae96-bfd9-474b-a621-12de044c91d9" testListId="8c84fa94-04c1-424b-9868-57a2d4851a1d" />
    <TestEntry testId="3007bfb6-6056-d905-c0bc-f7229a636eb8" executionId="d950b64a-53a0-4198-9469-c3b231258f85" testListId="8c84fa94-04c1-424b-9868-57a2d4851a1d" />
    <TestEntry testId="f4519dc3-e4c6-fe96-e2f2-58e3351976de" executionId="da8086c0-6fe9-436f-9c72-b13f800d912d" testListId="8c84fa94-04c1-424b-9868-57a2d4851a1d" />
    <TestEntry testId="56eb427e-ccfd-a448-70ef-7ce6d0bb76f0" executionId="3788336e-a2c5-4492-8d80-65c90b430fad" testListId="8c84fa94-04c1-424b-9868-57a2d4851a1d" />
    <TestEntry testId="73a19314-ce34-1cac-9848-6adfbca1ea05" executionId="406a81be-787f-4fc3-9452-9837de5e5960" testListId="8c84fa94-04c1-424b-9868-57a2d4851a1d" />
    <TestEntry testId="5e13069d-378e-1ef9-4c12-328c03c0f586" executionId="ffc5fb9a-2a2a-404e-a5dd-b49916a21d67" testListId="8c84fa94-04c1-424b-9868-57a2d4851a1d" />
    <TestEntry testId="a48c4c17-8b85-ed24-4d2c-744f0bfd4c52" executionId="5eed30a0-7447-4ebc-861a-876b61c8ab0a" testListId="8c84fa94-04c1-424b-9868-57a2d4851a1d" />
    <TestEntry testId="bf1ce88b-df51-96b3-dd8f-aebe844ecc19" executionId="09d920d6-a74c-4341-883f-1c89f55908b1" testListId="8c84fa94-04c1-424b-9868-57a2d4851a1d" />
    <TestEntry testId="488ab347-2cb6-094f-e93b-9402beacb109" executionId="4e5a59ca-b917-4bb3-8320-3cc3f2cadddc" testListId="8c84fa94-04c1-424b-9868-57a2d4851a1d" />
    <TestEntry testId="9abee871-a208-8399-17ab-4abc450ee2f5" executionId="0d0ed735-ae60-47ee-9867-cd9b17689f4a" testListId="8c84fa94-04c1-424b-9868-57a2d4851a1d" />
    <TestEntry testId="da42e65c-5ea0-6687-a319-3cb946a306eb" executionId="1c0805b1-8bf0-4e2e-b203-e666e75fdd71" testListId="8c84fa94-04c1-424b-9868-57a2d4851a1d" />
    <TestEntry testId="9a848884-c774-c85e-48be-dd72d17f0465" executionId="7c13c18f-40ed-4e97-9263-436a4a3c9c0f" testListId="8c84fa94-04c1-424b-9868-57a2d4851a1d" />
    <TestEntry testId="c6099403-a8a0-0c73-d6f8-7ec9bb491346" executionId="4ece7a4b-5ba1-47e2-8523-9149f7e0ceea" testListId="8c84fa94-04c1-424b-9868-57a2d4851a1d" />
    <TestEntry testId="12ee6fe5-a0d6-bad7-5ece-77b52202cdc3" executionId="2889c733-961e-4fc1-a527-acd92d192371" testListId="8c84fa94-04c1-424b-9868-57a2d4851a1d" />
    <TestEntry testId="b309478c-1191-8507-37b7-6f1bc06b9148" executionId="556d8e10-b9ed-44f5-8569-b2bd1c904aad" testListId="8c84fa94-04c1-424b-9868-57a2d4851a1d" />
    <TestEntry testId="3db4da26-6701-15c3-cafa-96ad9099c1fd" executionId="2ca65117-1af2-4106-83fe-b4208a7d5d9c" testListId="8c84fa94-04c1-424b-9868-57a2d4851a1d" />
    <TestEntry testId="1e950dba-0751-779d-ad43-ba33f07b7ec4" executionId="74c3aeda-240b-43cf-9860-a82919478678" testListId="8c84fa94-04c1-424b-9868-57a2d4851a1d" />
    <TestEntry testId="7203e405-f74e-65c4-8a19-dfc1be8ff0f5" executionId="729be727-e26c-4c6d-9eef-fcf400cdbb9d" testListId="8c84fa94-04c1-424b-9868-57a2d4851a1d" />
    <TestEntry testId="826dbc15-0bb5-4c50-e85c-7de5b622e918" executionId="0d656ca4-15e2-454c-9f66-a7e7ce1ea2ae" testListId="8c84fa94-04c1-424b-9868-57a2d4851a1d" />
    <TestEntry testId="a15e0c95-85b4-34aa-07ba-e1c5299db1c4" executionId="3a4ce8c3-1b9a-4aef-aceb-70da4e06b477" testListId="8c84fa94-04c1-424b-9868-57a2d4851a1d" />
    <TestEntry testId="0e891d42-131d-38cb-c1d4-f6472030d178" executionId="392f692f-0d8c-43b6-82e9-6ccb998815b8" testListId="8c84fa94-04c1-424b-9868-57a2d4851a1d" />
    <TestEntry testId="c911589c-88c9-a83a-6be2-5a526d07259b" executionId="60465c81-69b0-44fe-bcd6-a2eb924b7db3" testListId="8c84fa94-04c1-424b-9868-57a2d4851a1d" />
    <TestEntry testId="8d3cb035-fcb4-74cd-0133-e02b225cc077" executionId="8028528a-cfbe-425a-b25e-2daa2dec2a17" testListId="8c84fa94-04c1-424b-9868-57a2d4851a1d" />
    <TestEntry testId="e5d13bea-64c5-3383-dca0-6f9c7b116a14" executionId="e268bbdd-9377-4f86-899d-017015e109c7" testListId="8c84fa94-04c1-424b-9868-57a2d4851a1d" />
    <TestEntry testId="cfe259e3-8185-6916-8ab6-e5741238e662" executionId="52c5f956-59fb-4ed5-b96c-a3cad745c2e6" testListId="8c84fa94-04c1-424b-9868-57a2d4851a1d" />
    <TestEntry testId="aec559e5-2801-1559-2798-dfb8469ce074" executionId="02cbe875-1b62-4fff-b9ac-8e3b92ab03e8" testListId="8c84fa94-04c1-424b-9868-57a2d4851a1d" />
    <TestEntry testId="640365c9-a4d4-86f9-c21b-2bfb960a3fbf" executionId="6b12cc3b-becf-4e3a-9d6a-a40dca85ad6c" testListId="8c84fa94-04c1-424b-9868-57a2d4851a1d" />
    <TestEntry testId="7de16097-e4eb-5e34-628c-8ca4a31f8b47" executionId="d77ddb6c-dee7-41e1-a84a-c1d813ea6dae" testListId="8c84fa94-04c1-424b-9868-57a2d4851a1d" />
    <TestEntry testId="7f4753a2-3cfb-c3c9-4493-2023646d9f47" executionId="c10b92b2-4fef-480b-8911-af01d71bcb63" testListId="8c84fa94-04c1-424b-9868-57a2d4851a1d" />
    <TestEntry testId="92b0be52-3380-348d-fcec-025654564036" executionId="1cc1c0ce-4eac-4719-a906-f0d27dd10ae3" testListId="8c84fa94-04c1-424b-9868-57a2d4851a1d" />
    <TestEntry testId="62185d14-ff60-3cd1-9d49-a2edf2e205f7" executionId="515856c8-75d2-4e75-8829-4db9dba4bcf6" testListId="8c84fa94-04c1-424b-9868-57a2d4851a1d" />
    <TestEntry testId="cc96915e-9434-e94a-2553-c0e4b0b8887e" executionId="c318abb0-06d3-4096-bcec-0feb2905a538" testListId="8c84fa94-04c1-424b-9868-57a2d4851a1d" />
    <TestEntry testId="2d654b2d-7c61-1abd-9633-2fec2ddc373f" executionId="1ad5056c-b695-47f9-b768-78da9fb3bf09" testListId="8c84fa94-04c1-424b-9868-57a2d4851a1d" />
    <TestEntry testId="8c2c49bc-65b6-f4ee-b5c4-b4881c4aaeb6" executionId="c1103add-fcc7-451b-80a0-3bfc99b97904" testListId="8c84fa94-04c1-424b-9868-57a2d4851a1d" />
    <TestEntry testId="8a266bf4-3dfb-d89f-ebdc-b2d18f9518c6" executionId="57c042be-a0ea-4b5c-ae04-e3151cc575be" testListId="8c84fa94-04c1-424b-9868-57a2d4851a1d" />
    <TestEntry testId="80ce57a7-551e-0143-8b7f-3be7fba8866a" executionId="79f7b5f4-d0df-4000-a1f3-672c6d3e08ab" testListId="8c84fa94-04c1-424b-9868-57a2d4851a1d" />
    <TestEntry testId="4aed62e3-bbc0-679e-7f6e-f9d3d20c41b3" executionId="bdd99a10-31e9-45d9-9061-c392594bac08" testListId="8c84fa94-04c1-424b-9868-57a2d4851a1d" />
    <TestEntry testId="bb0edb41-409b-9c7c-00ad-09beb222d423" executionId="23f23902-a500-4e31-ada1-ffc1ae7c2071" testListId="8c84fa94-04c1-424b-9868-57a2d4851a1d" />
    <TestEntry testId="837d6ba8-8477-b26f-b537-862744446e70" executionId="c690b1a2-cb4b-43f1-8f7f-aedf78f168a3" testListId="8c84fa94-04c1-424b-9868-57a2d4851a1d" />
    <TestEntry testId="07209d34-b6e4-6baf-8e7b-3401cbbb7f67" executionId="f3c639c4-ada4-4272-9d61-7e0a4546c881" testListId="8c84fa94-04c1-424b-9868-57a2d4851a1d" />
    <TestEntry testId="f15931c3-f5ab-005a-a777-fe22c361edbc" executionId="69c93c28-b6a9-4b8c-bd98-bb16c2902e74" testListId="8c84fa94-04c1-424b-9868-57a2d4851a1d" />
    <TestEntry testId="2bec9bce-ba06-b8eb-7ec1-aa55d1e0a628" executionId="c85cec06-70cb-4912-9090-187d6872ecd6" testListId="8c84fa94-04c1-424b-9868-57a2d4851a1d" />
    <TestEntry testId="a3cb8164-0396-486c-66ff-5b7f6d713c65" executionId="3e044bda-39d0-4d54-b75d-0cb5ae536d05" testListId="8c84fa94-04c1-424b-9868-57a2d4851a1d" />
    <TestEntry testId="3284684f-50fe-eb02-687d-ef45fdda764d" executionId="0c881167-e702-435b-b27b-4d2711ce7e04" testListId="8c84fa94-04c1-424b-9868-57a2d4851a1d" />
    <TestEntry testId="58f03758-2f1b-30e8-4440-af7d49bed5fc" executionId="136d358b-5546-4c59-ad7f-27f2a4cfc699" testListId="8c84fa94-04c1-424b-9868-57a2d4851a1d" />
    <TestEntry testId="250a8826-1b5e-170f-27bb-757c3bd9928d" executionId="0a9da6d8-1f69-4545-920f-20117f6dd448" testListId="8c84fa94-04c1-424b-9868-57a2d4851a1d" />
    <TestEntry testId="378b84ac-cdc0-95b7-de09-170d53464184" executionId="0b0933ad-bb45-47c5-9bd5-2613b25363d5" testListId="8c84fa94-04c1-424b-9868-57a2d4851a1d" />
    <TestEntry testId="d0b2304e-f546-20e2-91f8-f1686494292c" executionId="c0f8094c-9925-4cd4-adfa-37f3e7db3124" testListId="8c84fa94-04c1-424b-9868-57a2d4851a1d" />
    <TestEntry testId="50cd95ca-3952-5376-8272-3258ed7637f2" executionId="b1189285-a8fa-42cd-b757-5da119c04567" testListId="8c84fa94-04c1-424b-9868-57a2d4851a1d" />
    <TestEntry testId="40195fb3-4335-e710-d3c2-e9e59e44c314" executionId="d67c1587-565b-4975-9787-620fe01f3332" testListId="8c84fa94-04c1-424b-9868-57a2d4851a1d" />
    <TestEntry testId="aabc1376-962d-4ca4-e4e9-74a51d3e1595" executionId="04720a78-10fd-41a1-ba2f-4547c5b99ddd" testListId="8c84fa94-04c1-424b-9868-57a2d4851a1d" />
    <TestEntry testId="005af95e-a4f5-ea60-1f3e-2b40ae137034" executionId="c3d6fa4c-7a37-4ac3-a721-962ad17e66c7" testListId="8c84fa94-04c1-424b-9868-57a2d4851a1d" />
    <TestEntry testId="1c38062a-aef7-674e-b449-1ff3c5d4a5f5" executionId="e4e69738-2af2-4b0f-a153-e57cd2043191" testListId="8c84fa94-04c1-424b-9868-57a2d4851a1d" />
    <TestEntry testId="c235d13c-c3ba-5b61-716a-1d29d76a78c5" executionId="b3c90046-387f-45b2-a726-a0a675fb9d3b" testListId="8c84fa94-04c1-424b-9868-57a2d4851a1d" />
    <TestEntry testId="2fa351e0-da81-15d1-210a-1f10cd2a06d1" executionId="a94e60e8-2992-4a66-a536-1cad06ae7a5a" testListId="8c84fa94-04c1-424b-9868-57a2d4851a1d" />
    <TestEntry testId="fbea7a60-566d-aabf-39c9-0ff91a077b44" executionId="b93ae25d-46fb-48e7-a857-f04b415f2f3a" testListId="8c84fa94-04c1-424b-9868-57a2d4851a1d" />
    <TestEntry testId="019347bb-0e85-97d7-307f-fb0315c6580a" executionId="b2f91d23-349f-4e90-9e1c-5c36fc98f1ab" testListId="8c84fa94-04c1-424b-9868-57a2d4851a1d" />
    <TestEntry testId="a390b6a1-d005-ca9c-f5a6-6ead5f07ad8f" executionId="aa0bea89-fcce-49e9-b51a-bbe13e6320bf" testListId="8c84fa94-04c1-424b-9868-57a2d4851a1d" />
    <TestEntry testId="0aeb7b10-519c-ca53-e028-02a461755638" executionId="7f636e6f-f7e5-4d63-8802-31f01157cbb1" testListId="8c84fa94-04c1-424b-9868-57a2d4851a1d" />
    <TestEntry testId="1158c038-e8cc-7686-fe34-bfbf8cc6a266" executionId="149cfe68-ea8b-4773-b715-2596473aadf2" testListId="8c84fa94-04c1-424b-9868-57a2d4851a1d" />
    <TestEntry testId="8c2c49bc-65b6-f4ee-b5c4-b4881c4aaeb6" executionId="e9ef3d84-e334-4d81-bc81-aa9d2faa8b34" testListId="8c84fa94-04c1-424b-9868-57a2d4851a1d" />
    <TestEntry testId="7ffcb1f8-2085-fa32-1fae-6dec34e77644" executionId="2efa9f5c-6b51-4ec9-aec0-e030f05ae919" testListId="8c84fa94-04c1-424b-9868-57a2d4851a1d" />
    <TestEntry testId="c37d3db0-bd01-e11b-12cb-de541c339883" executionId="fc72c318-120a-4ba2-846b-01ab75c26c15" testListId="8c84fa94-04c1-424b-9868-57a2d4851a1d" />
    <TestEntry testId="617e2fe3-b6b7-3d2f-7e94-767a6498247b" executionId="42dde8cb-9e91-4f08-9204-04216acc2890" testListId="8c84fa94-04c1-424b-9868-57a2d4851a1d" />
    <TestEntry testId="7bf343ab-bba9-a0d9-39d5-66f320b55da9" executionId="4a5b1f78-1ba3-4fb1-a61e-c0a9603cb7dd" testListId="8c84fa94-04c1-424b-9868-57a2d4851a1d" />
    <TestEntry testId="a681edb1-9a9d-29bc-03da-1248df93b034" executionId="f0aec58b-9bda-469b-bc99-1fc8531a9940" testListId="8c84fa94-04c1-424b-9868-57a2d4851a1d" />
    <TestEntry testId="7cbfa97b-acef-e833-fda9-71676b5bf4e3" executionId="be40e849-302b-4377-9832-437cfa0d071c" testListId="8c84fa94-04c1-424b-9868-57a2d4851a1d" />
    <TestEntry testId="ee135215-3508-4401-d090-539cb683dd9f" executionId="509f8258-c337-4951-857a-907d39937f3f" testListId="8c84fa94-04c1-424b-9868-57a2d4851a1d" />
    <TestEntry testId="0dff6576-0f69-a755-f173-b8bbef29b566" executionId="4ca75510-9857-4f55-8ad7-d263a9236e04" testListId="8c84fa94-04c1-424b-9868-57a2d4851a1d" />
    <TestEntry testId="fd660333-520f-ffc7-75e8-9b4339efa3e9" executionId="89a7a68e-2f2b-49c8-b98d-272857a1e1d4" testListId="8c84fa94-04c1-424b-9868-57a2d4851a1d" />
    <TestEntry testId="3aa2a140-03db-5c62-e5f4-846a7c892733" executionId="2b2df40d-6b94-49dc-8acb-2e827d1582f8" testListId="8c84fa94-04c1-424b-9868-57a2d4851a1d" />
    <TestEntry testId="7dfb58a6-56d0-68ff-dad4-7a7af447baa0" executionId="717016f2-2e79-428c-85a4-0ca0ddb2ae8a" testListId="8c84fa94-04c1-424b-9868-57a2d4851a1d" />
    <TestEntry testId="ae16c540-1acb-5b9e-42c9-8b9b33b42a95" executionId="390a213c-ff3a-4882-80d7-fa967887ccc9" testListId="8c84fa94-04c1-424b-9868-57a2d4851a1d" />
    <TestEntry testId="dcefc9ef-3a62-1a60-104b-ba5a5ec353ad" executionId="05b96e34-58a4-48bb-bdc7-9a51a753bd23" testListId="8c84fa94-04c1-424b-9868-57a2d4851a1d" />
    <TestEntry testId="22eb1c2a-e7ff-36f9-61f0-3d36e292001e" executionId="0e498c3f-5c04-4f04-8452-f5edbb1871d0" testListId="8c84fa94-04c1-424b-9868-57a2d4851a1d" />
    <TestEntry testId="8474210e-592c-5a64-43cc-0339e752e8b8" executionId="b430eb9c-fd27-4fdd-a93f-6e708a7b85d0" testListId="8c84fa94-04c1-424b-9868-57a2d4851a1d" />
    <TestEntry testId="559a2d9a-133f-85c2-8092-b3bab95401ec" executionId="549577dc-755f-499e-a114-b38720fa9774" testListId="8c84fa94-04c1-424b-9868-57a2d4851a1d" />
    <TestEntry testId="440f80df-8f8e-f3c0-7ca8-78015b3141f8" executionId="9cf56a1f-cd05-4827-b253-f63a7359513a" testListId="8c84fa94-04c1-424b-9868-57a2d4851a1d" />
    <TestEntry testId="d1721802-7521-0a65-90ef-7cda2d01ffb3" executionId="7879ec36-c6aa-4b42-962d-fd67bc43e3af" testListId="8c84fa94-04c1-424b-9868-57a2d4851a1d" />
    <TestEntry testId="6361b2e9-8cde-b496-964b-6eab18203c15" executionId="369b5b31-efed-4545-a279-ae731a51130a" testListId="8c84fa94-04c1-424b-9868-57a2d4851a1d" />
    <TestEntry testId="58159017-8b5d-0314-092a-1b063eb67c8d" executionId="4be04124-3fb2-4ad3-ae05-b30bcd583ac1" testListId="8c84fa94-04c1-424b-9868-57a2d4851a1d" />
    <TestEntry testId="66e86e11-aa6f-d6de-573d-c0aabb75ba87" executionId="585403c9-b535-4e82-826a-3a8a7aeadffd" testListId="8c84fa94-04c1-424b-9868-57a2d4851a1d" />
    <TestEntry testId="6e50cc32-96e2-09b2-9e64-5d4327fd2092" executionId="b465170a-3f74-4a8d-91a6-b50e695eb8dc" testListId="8c84fa94-04c1-424b-9868-57a2d4851a1d" />
    <TestEntry testId="91768d3c-1b6e-ca6e-dbb0-be203a1e1f25" executionId="f12ef666-a82e-4297-84a3-fc7b4730fa7e" testListId="8c84fa94-04c1-424b-9868-57a2d4851a1d" />
    <TestEntry testId="e125132d-6249-5a44-895a-6576dd216a8b" executionId="0858d860-d1e7-4a5f-bb57-5ed2b74a9889" testListId="8c84fa94-04c1-424b-9868-57a2d4851a1d" />
    <TestEntry testId="e3eabb2e-6984-855b-e86f-83fd3bc71a9a" executionId="316a5ac3-4960-4d23-8813-88d02dc76262" testListId="8c84fa94-04c1-424b-9868-57a2d4851a1d" />
    <TestEntry testId="a0d3f686-5f8a-d6b0-2f8d-966e29a19dd8" executionId="47dbc4d5-6905-4d90-9977-d94b1cddb2ec" testListId="8c84fa94-04c1-424b-9868-57a2d4851a1d" />
    <TestEntry testId="39004c09-00be-3501-5f0e-b76c2c0f3da4" executionId="0a87f557-ff2e-4449-86b5-92f533a66373" testListId="8c84fa94-04c1-424b-9868-57a2d4851a1d" />
    <TestEntry testId="c2a261b6-3500-2ab9-47ef-99a763fac49d" executionId="ee523466-e04e-436e-82a4-5da10c5cca84" testListId="8c84fa94-04c1-424b-9868-57a2d4851a1d" />
    <TestEntry testId="08b3a834-ac83-80b9-482c-362cbb49d51b" executionId="ed8cb777-514c-45d7-9a08-965abe8a79d3" testListId="8c84fa94-04c1-424b-9868-57a2d4851a1d" />
    <TestEntry testId="ea2479e0-f1f5-8aee-95c8-f74e0d5b7429" executionId="3875f1e7-07fc-4a7d-98d2-215193be9101" testListId="8c84fa94-04c1-424b-9868-57a2d4851a1d" />
    <TestEntry testId="a91ce14b-b9ef-6023-aa5a-e9e0dd30a6af" executionId="8f4e1711-d765-4b98-b491-072ff7287e79" testListId="8c84fa94-04c1-424b-9868-57a2d4851a1d" />
    <TestEntry testId="14521471-c1b1-db63-0fce-a3efe47998bb" executionId="d9b454a7-7be6-4818-934b-fb23b670a3ed" testListId="8c84fa94-04c1-424b-9868-57a2d4851a1d" />
    <TestEntry testId="f6eb602c-855e-2cbb-57c7-9d6411be01c9" executionId="7d36492d-b058-44a6-9923-7115aaf44bf4" testListId="8c84fa94-04c1-424b-9868-57a2d4851a1d" />
    <TestEntry testId="b2093072-64b0-57a7-7d6c-913c2cc54cc7" executionId="3862c908-3c00-445c-a785-7d3ce7e824de" testListId="8c84fa94-04c1-424b-9868-57a2d4851a1d" />
    <TestEntry testId="84a79663-d91f-0de5-1898-83d5f47659bc" executionId="e05dc104-33f4-4fd8-b87d-c77016b8f6a9" testListId="8c84fa94-04c1-424b-9868-57a2d4851a1d" />
    <TestEntry testId="3e0c92c8-4b2d-c55c-ce7e-7e106191b56c" executionId="ebed3f41-5af0-4f81-b796-8bd0277252a7" testListId="8c84fa94-04c1-424b-9868-57a2d4851a1d" />
    <TestEntry testId="d6108946-120f-022f-8a70-56f5b4e04c97" executionId="3b2bf590-7924-402c-a2ec-c6507c898655" testListId="8c84fa94-04c1-424b-9868-57a2d4851a1d" />
    <TestEntry testId="aadb5124-3e74-e1e4-f703-b94b22786877" executionId="da75f5e9-00d1-4cc4-be2f-ad33420047c4" testListId="8c84fa94-04c1-424b-9868-57a2d4851a1d" />
    <TestEntry testId="db2bdc49-cc63-316a-9432-c3516d0b6e7f" executionId="5b796213-cbd7-4489-8310-707c2ff7569a" testListId="8c84fa94-04c1-424b-9868-57a2d4851a1d" />
    <TestEntry testId="fa6131bd-64d9-265a-360c-1277a9e29d49" executionId="52c2e4c2-0258-4114-944d-fd5f8e5454e6" testListId="8c84fa94-04c1-424b-9868-57a2d4851a1d" />
    <TestEntry testId="a84eabc1-b8e5-0fa8-8474-2ded5ba25a35" executionId="80191cb6-fd3d-4b26-8407-49a4f8da6c3f" testListId="8c84fa94-04c1-424b-9868-57a2d4851a1d" />
    <TestEntry testId="06e96da0-5c9b-d099-365b-0d0f04d89536" executionId="b71152a7-0ec3-4b77-8c55-05d6dce8b6ed" testListId="8c84fa94-04c1-424b-9868-57a2d4851a1d" />
    <TestEntry testId="6b0d68ca-f3b4-59ce-37a2-2a7538880c79" executionId="9e86a37d-108b-4674-b311-256c6f5fbe31" testListId="8c84fa94-04c1-424b-9868-57a2d4851a1d" />
    <TestEntry testId="2cc151fa-23c6-47e5-a33f-60b2d070fed8" executionId="e1fb5ae6-869a-4f2d-9a90-443c4421f17e" testListId="8c84fa94-04c1-424b-9868-57a2d4851a1d" />
    <TestEntry testId="31657ef7-69b9-d6f1-1bad-c161e441dac0" executionId="cf78b7ef-3600-4a48-b5b0-0e1e70d10b7e" testListId="8c84fa94-04c1-424b-9868-57a2d4851a1d" />
    <TestEntry testId="cf36e6e1-7e37-e608-e8ab-8a87b188f1ba" executionId="e143c0db-89aa-4605-8ab9-27ead4a189e0" testListId="8c84fa94-04c1-424b-9868-57a2d4851a1d" />
    <TestEntry testId="5e7c2d5e-22f2-f51a-818e-36fc42ed981f" executionId="caef9391-b039-4ea4-9af7-60e378c2e072" testListId="8c84fa94-04c1-424b-9868-57a2d4851a1d" />
    <TestEntry testId="032a180f-c839-c9ea-66c9-497331a39696" executionId="a4e13609-fe3b-4c7c-8f42-d314657aaa56" testListId="8c84fa94-04c1-424b-9868-57a2d4851a1d" />
    <TestEntry testId="a9f99ae7-0a36-4de2-1824-6e3f324df40f" executionId="417c1e95-d5ac-4aa1-b191-4bd6963a987f" testListId="8c84fa94-04c1-424b-9868-57a2d4851a1d" />
    <TestEntry testId="fb1ed2e2-5e29-a182-0265-9461c6c8d30c" executionId="e0879984-6807-440c-91eb-6c50d206d2ed" testListId="8c84fa94-04c1-424b-9868-57a2d4851a1d" />
    <TestEntry testId="7d3db2a2-435e-cd1f-c934-1e7b930e136a" executionId="7ff353ee-ce5a-4307-97a2-027334d1a562" testListId="8c84fa94-04c1-424b-9868-57a2d4851a1d" />
    <TestEntry testId="3851aa70-f264-e27d-47c5-709427c25503" executionId="f3801d25-6ce1-4255-b21e-f67cf2b44f12" testListId="8c84fa94-04c1-424b-9868-57a2d4851a1d" />
    <TestEntry testId="30228065-1e3a-c006-684b-49e14e61dd8e" executionId="5550472e-29a3-48c0-896e-3a568e12dcd9" testListId="8c84fa94-04c1-424b-9868-57a2d4851a1d" />
    <TestEntry testId="ec0a6874-8f35-1d52-1ad8-40c7697825d4" executionId="091ebc6f-4ce8-4172-aca4-f4decf366fcb" testListId="8c84fa94-04c1-424b-9868-57a2d4851a1d" />
    <TestEntry testId="791c75fe-ff10-f909-6579-d1ad9b5a3c04" executionId="942ae486-de61-4b29-92ba-bb6c75146510" testListId="8c84fa94-04c1-424b-9868-57a2d4851a1d" />
    <TestEntry testId="bd416e6d-b08a-89a4-c54b-b6e757ff2a4f" executionId="e85f7aad-c77a-4f3f-b37c-1f9d1e764476" testListId="8c84fa94-04c1-424b-9868-57a2d4851a1d" />
    <TestEntry testId="5235dfca-9e65-0d65-ad96-77ecca21e4ea" executionId="8193cfa6-5035-4f3b-9acc-613485e64352" testListId="8c84fa94-04c1-424b-9868-57a2d4851a1d" />
    <TestEntry testId="fe872f9d-b647-67ab-a368-5af147dac57a" executionId="671eb25d-0f84-49ce-a368-3f2263e01f2d" testListId="8c84fa94-04c1-424b-9868-57a2d4851a1d" />
    <TestEntry testId="792d7f0e-90f1-92b1-29a8-dae90f8bead0" executionId="c5eaa451-665a-4b98-b56b-1b5cf8dccdaf" testListId="8c84fa94-04c1-424b-9868-57a2d4851a1d" />
    <TestEntry testId="9db90fe8-9b98-4698-7925-4b98c4a17b3c" executionId="9d956819-15ee-4199-876e-dd817e843cf7" testListId="8c84fa94-04c1-424b-9868-57a2d4851a1d" />
    <TestEntry testId="115875f0-9c4c-4b5f-5b9b-21f62be2aceb" executionId="15c67890-5dba-451f-885b-53307996050d" testListId="8c84fa94-04c1-424b-9868-57a2d4851a1d" />
    <TestEntry testId="9cb71a2c-3471-5c7c-a493-c87d4dbf9e13" executionId="10065483-53f3-4e08-b656-60f6c82edc1a" testListId="8c84fa94-04c1-424b-9868-57a2d4851a1d" />
    <TestEntry testId="5e26baa7-28b8-c700-3ac8-9a7c3345f46a" executionId="c2ee3feb-83b6-43ca-95dd-ef9d32727fae" testListId="8c84fa94-04c1-424b-9868-57a2d4851a1d" />
    <TestEntry testId="843016ba-1dcd-50cd-e36e-652312e0dce0" executionId="5c3c7c6e-ba2a-4590-bcd3-996dcd00beb7" testListId="8c84fa94-04c1-424b-9868-57a2d4851a1d" />
    <TestEntry testId="b4e15b1f-6786-4199-ac01-42e0d176ca11" executionId="16ae50e2-569f-4439-ae4c-dab23d566f21" testListId="8c84fa94-04c1-424b-9868-57a2d4851a1d" />
    <TestEntry testId="8284577d-64e9-579c-0d3f-d11774cc2887" executionId="2dd440e5-448e-4766-a18b-0f201ce1fcc3" testListId="8c84fa94-04c1-424b-9868-57a2d4851a1d" />
    <TestEntry testId="37cac0d6-e412-fc55-f9f9-46f1fd583271" executionId="f697976e-5892-408a-a17a-ec3a4ae47450" testListId="8c84fa94-04c1-424b-9868-57a2d4851a1d" />
    <TestEntry testId="24b3aeb5-b4c5-1d0d-38e9-d24a17c049b1" executionId="96b5e2d8-ae01-4f7a-8f67-dbb76c1ff6ff" testListId="8c84fa94-04c1-424b-9868-57a2d4851a1d" />
    <TestEntry testId="da647833-94bb-4e21-11b4-1f8a7399c6fa" executionId="a32ba83f-6ff3-4097-a32e-43232b1bc9bf" testListId="8c84fa94-04c1-424b-9868-57a2d4851a1d" />
    <TestEntry testId="55029b22-2c48-18ed-ab63-ebfed2649c69" executionId="6b0917b0-95f0-4693-891b-12fe1d32b0d2" testListId="8c84fa94-04c1-424b-9868-57a2d4851a1d" />
    <TestEntry testId="8dda4542-9bad-cf6e-c817-d95c20c94e06" executionId="19f46e5b-0b85-4fe2-8d5d-50c1c4c59c2a" testListId="8c84fa94-04c1-424b-9868-57a2d4851a1d" />
    <TestEntry testId="dc5b7683-5627-bab1-3f8f-8dfd006085af" executionId="0c2d69ed-d447-4811-a4fb-4d2b14043f0f" testListId="8c84fa94-04c1-424b-9868-57a2d4851a1d" />
    <TestEntry testId="46a7e877-8891-557c-f3ab-93f12796e093" executionId="7c950555-e67e-49c3-ae4c-694281677204" testListId="8c84fa94-04c1-424b-9868-57a2d4851a1d" />
    <TestEntry testId="d0b2304e-f546-20e2-91f8-f1686494292c" executionId="19eeaed6-a731-4f67-899f-f4633cfdb83c" testListId="8c84fa94-04c1-424b-9868-57a2d4851a1d" />
    <TestEntry testId="a3d066b4-d2ed-9ef8-d4df-2e71025715b0" executionId="462f0707-ba3b-40b0-80a1-df70c51caaac" testListId="8c84fa94-04c1-424b-9868-57a2d4851a1d" />
    <TestEntry testId="18a455f1-c828-4838-2b21-98cc4deb48f9" executionId="99f6141b-bc12-4258-979c-0e35fb8c7b8f" testListId="8c84fa94-04c1-424b-9868-57a2d4851a1d" />
    <TestEntry testId="fd76eb5a-beac-b7f0-6a5d-ed23819208b8" executionId="4aee3674-3088-4f7e-8538-cc805e601321" testListId="8c84fa94-04c1-424b-9868-57a2d4851a1d" />
    <TestEntry testId="4d1c92ee-a70a-b38b-64c9-396ecf114882" executionId="ca4a2e87-c9e4-482e-864d-18897e5d9e03" testListId="8c84fa94-04c1-424b-9868-57a2d4851a1d" />
    <TestEntry testId="532849c8-4d01-2b58-766a-b2f52783b85f" executionId="fb2eeb82-941a-4996-b826-16c3078659da" testListId="8c84fa94-04c1-424b-9868-57a2d4851a1d" />
    <TestEntry testId="46b3b114-6422-e7ca-f681-844527b92bc1" executionId="83e9e573-f5bb-4e5c-9ba6-06b6c05e04e5" testListId="8c84fa94-04c1-424b-9868-57a2d4851a1d" />
    <TestEntry testId="a24a3e62-068c-fd55-19e3-3f13fc9763a7" executionId="b070f0c2-134e-4bc2-ae88-68cf10c93eaa" testListId="8c84fa94-04c1-424b-9868-57a2d4851a1d" />
    <TestEntry testId="45a2c60a-c39b-60f9-ea04-7063f5e3da0d" executionId="5685eefd-0d32-40fb-84fc-4739e3eae6f3" testListId="8c84fa94-04c1-424b-9868-57a2d4851a1d" />
    <TestEntry testId="7a0c5019-894e-c1c9-f503-b084c9a231d8" executionId="83053c76-47ef-4e54-af4f-d32d7b7c457f" testListId="8c84fa94-04c1-424b-9868-57a2d4851a1d" />
    <TestEntry testId="df106bbc-7ef5-4126-0ab2-9dd602af8dc7" executionId="5d8b5c9d-b853-4a36-96f1-0b3eb3b904fa" testListId="8c84fa94-04c1-424b-9868-57a2d4851a1d" />
    <TestEntry testId="f505ab1f-6154-5d23-fe61-ce7e89a62b2e" executionId="fa6d8638-d338-4826-82ea-cce631e09109" testListId="8c84fa94-04c1-424b-9868-57a2d4851a1d" />
    <TestEntry testId="e84227e6-8282-c8b4-0ae8-db3a0430fc86" executionId="1b5cee89-8bc7-43f7-9f93-f288d5273e87" testListId="8c84fa94-04c1-424b-9868-57a2d4851a1d" />
    <TestEntry testId="1535fe4e-8a4e-2c7b-0d3e-a09c4298bb86" executionId="9720b6f0-7e4e-4b16-ad0f-2359f70ae647" testListId="8c84fa94-04c1-424b-9868-57a2d4851a1d" />
    <TestEntry testId="e140b4d8-f8d1-dcd2-4b43-b6af738523fe" executionId="e6b3ea1e-7329-49ba-b670-b7b754a71649" testListId="8c84fa94-04c1-424b-9868-57a2d4851a1d" />
    <TestEntry testId="93b323d8-1572-e0bd-e79d-e0ad8397419a" executionId="e03778f0-eb96-434e-86c7-75bbd29a9f4a" testListId="8c84fa94-04c1-424b-9868-57a2d4851a1d" />
    <TestEntry testId="96ee51ad-85d7-b684-73ff-b0ade99738ed" executionId="261a6ac7-4bff-4bf0-bffc-e7be6b6b8b56" testListId="8c84fa94-04c1-424b-9868-57a2d4851a1d" />
    <TestEntry testId="b29ba278-9afd-8715-6f0f-643b575a7ccb" executionId="19e1098d-e7e3-4250-84a8-03593c9c324c" testListId="8c84fa94-04c1-424b-9868-57a2d4851a1d" />
    <TestEntry testId="97189421-1efe-1889-436c-0734f8533016" executionId="ba559004-4d45-47e3-b6b6-97af1217df02" testListId="8c84fa94-04c1-424b-9868-57a2d4851a1d" />
    <TestEntry testId="3eb719b6-c3db-064d-0f9a-900358d256b3" executionId="2aeea31e-e43a-40d1-b14f-1531d9a5c115" testListId="8c84fa94-04c1-424b-9868-57a2d4851a1d" />
    <TestEntry testId="853dc638-b64d-06c5-48fd-34fffb260933" executionId="6109cdb6-9745-4865-9c0e-5fadb5040dc5" testListId="8c84fa94-04c1-424b-9868-57a2d4851a1d" />
    <TestEntry testId="d0b2304e-f546-20e2-91f8-f1686494292c" executionId="f915934f-6a81-46e5-b29b-0f1d4a5afeed" testListId="8c84fa94-04c1-424b-9868-57a2d4851a1d" />
    <TestEntry testId="d1462a7e-57e0-b189-a7c2-343859e82bd8" executionId="75373fac-e7d1-40f3-a794-c3c9ea9d5bb5" testListId="8c84fa94-04c1-424b-9868-57a2d4851a1d" />
    <TestEntry testId="41597728-aac0-f517-439d-90d9d54a3fd5" executionId="74e20064-df8f-473e-b139-f7e9e54d0eba" testListId="8c84fa94-04c1-424b-9868-57a2d4851a1d" />
    <TestEntry testId="da963503-0fac-577f-55f2-5ec393b7e8b9" executionId="55a4a777-808e-4b0d-925f-376fb6a88398" testListId="8c84fa94-04c1-424b-9868-57a2d4851a1d" />
    <TestEntry testId="b114d8d2-07a4-5c97-a70b-ea3b1700f63c" executionId="b0698dd8-e777-4d22-9a74-5370d96c5fc5" testListId="8c84fa94-04c1-424b-9868-57a2d4851a1d" />
    <TestEntry testId="943ae6df-3b4c-6415-4268-2649c6062a68" executionId="7685d24a-36b3-453d-beee-1290afb89d69" testListId="8c84fa94-04c1-424b-9868-57a2d4851a1d" />
    <TestEntry testId="4dac34c2-ea30-4997-0d44-d8791e33fbfe" executionId="2188e6c6-57c4-4ec5-bc3c-df549039bf35" testListId="8c84fa94-04c1-424b-9868-57a2d4851a1d" />
    <TestEntry testId="ee04b446-b035-8b4e-b031-a06b32619e8c" executionId="62881cf6-ebf2-4160-b5d9-e251be209036" testListId="8c84fa94-04c1-424b-9868-57a2d4851a1d" />
    <TestEntry testId="aca235ff-9911-cbc7-ec07-c48bf33ba49f" executionId="fae7db56-ae93-4901-98f9-51dfb7daf844" testListId="8c84fa94-04c1-424b-9868-57a2d4851a1d" />
    <TestEntry testId="65564e77-df8a-a38c-69fb-39263025e583" executionId="68d70561-9606-4d25-be16-c2b017309a9b" testListId="8c84fa94-04c1-424b-9868-57a2d4851a1d" />
    <TestEntry testId="73ef4905-f1c1-882d-50b8-3cc2942fac12" executionId="7fce44cc-0e0c-426d-a64f-820f1c7b5e53" testListId="8c84fa94-04c1-424b-9868-57a2d4851a1d" />
    <TestEntry testId="fdb43990-c82b-f141-0835-32deefe2d789" executionId="e0cb8be1-5826-4bd2-a2f6-4c4ddb5f7d75" testListId="8c84fa94-04c1-424b-9868-57a2d4851a1d" />
    <TestEntry testId="aa702019-a151-3622-6261-4359d1e0c04a" executionId="1ace7768-ee8d-4448-8990-3b2bb1a9df31" testListId="8c84fa94-04c1-424b-9868-57a2d4851a1d" />
    <TestEntry testId="cce3cc22-0e62-940e-e14d-35fd7af4650b" executionId="557cacc6-b9e1-46fe-b5fd-32cff850a72f" testListId="8c84fa94-04c1-424b-9868-57a2d4851a1d" />
    <TestEntry testId="dd6a240f-4308-68af-3fba-267bc431c6df" executionId="f2718f8f-7992-44aa-ad00-14b9ade2ddde" testListId="8c84fa94-04c1-424b-9868-57a2d4851a1d" />
    <TestEntry testId="821ff500-42b1-3206-2fd8-4e28cf434cfa" executionId="81e498fa-ce44-41e6-9298-e63963878d26" testListId="8c84fa94-04c1-424b-9868-57a2d4851a1d" />
    <TestEntry testId="7a14ce95-f8a8-fdde-36ed-122dec815a1a" executionId="2ead57b7-4714-41b8-8fb5-894838c733e9" testListId="8c84fa94-04c1-424b-9868-57a2d4851a1d" />
    <TestEntry testId="23b3689e-7ba7-1260-9b0c-74dc5f870329" executionId="ce911bb2-6bd5-4351-bb4a-aa90394bcf05" testListId="8c84fa94-04c1-424b-9868-57a2d4851a1d" />
    <TestEntry testId="350d1aa6-c26e-31f5-b8b8-b9cd334e7a8a" executionId="b285ab0a-20ed-430f-8c91-7a37bb518b37" testListId="8c84fa94-04c1-424b-9868-57a2d4851a1d" />
    <TestEntry testId="2e3a0043-646b-da5c-0cba-5bc47b5c76c0" executionId="d4f6ea09-5670-407c-8b98-a6a530b12036" testListId="8c84fa94-04c1-424b-9868-57a2d4851a1d" />
    <TestEntry testId="473e138a-0666-3912-0d65-7803a6fdd9d7" executionId="995f45d0-20c2-4491-a294-7b6538a41996" testListId="8c84fa94-04c1-424b-9868-57a2d4851a1d" />
    <TestEntry testId="7fc8a0b9-f08d-7006-7477-ca881558118e" executionId="d0abfdb3-d22a-4169-8766-ee993a05e39d" testListId="8c84fa94-04c1-424b-9868-57a2d4851a1d" />
    <TestEntry testId="0c8b86a9-672a-fee1-d718-decfa014d179" executionId="ab5d74cf-1f18-4bb2-a49f-3c8b10770101" testListId="8c84fa94-04c1-424b-9868-57a2d4851a1d" />
    <TestEntry testId="ce3ec9e4-3ffe-7abd-207d-5bab7647f030" executionId="b645349c-0d76-49f4-9fdd-c9cc28962b25" testListId="8c84fa94-04c1-424b-9868-57a2d4851a1d" />
    <TestEntry testId="d77bd1b8-6175-2164-763b-bde1c292f29f" executionId="a4f3fb8d-c610-47d3-98f9-2abac8bb7745" testListId="8c84fa94-04c1-424b-9868-57a2d4851a1d" />
    <TestEntry testId="a828d961-03cd-77b3-8809-80b73b0c353e" executionId="1174e29c-4f83-4f1d-8805-1718c292b4f5" testListId="8c84fa94-04c1-424b-9868-57a2d4851a1d" />
    <TestEntry testId="1f715dfb-d988-9c19-f95c-ca3a48e5408f" executionId="0262985b-6be8-4910-85bd-a6747c28fd50" testListId="8c84fa94-04c1-424b-9868-57a2d4851a1d" />
    <TestEntry testId="58703316-e5e5-1c2b-d98e-e4907dba7025" executionId="4f0201c8-f600-4790-a3e6-1985d4e45e27" testListId="8c84fa94-04c1-424b-9868-57a2d4851a1d" />
    <TestEntry testId="cebb727a-9ce4-b366-10e2-6cdf8c97ee02" executionId="80053d92-7de5-49c2-bac6-35887c3b3f21" testListId="8c84fa94-04c1-424b-9868-57a2d4851a1d" />
    <TestEntry testId="e7f09871-c0b9-7549-080b-5c1ac7da5a2a" executionId="b3e25113-aac5-42ab-bf7d-e915c73d43e1" testListId="8c84fa94-04c1-424b-9868-57a2d4851a1d" />
    <TestEntry testId="f878edb4-bf63-f44f-52fb-0830945b9783" executionId="4f5fe0cd-1c4d-4fbf-97f0-7882b48b05dc" testListId="8c84fa94-04c1-424b-9868-57a2d4851a1d" />
    <TestEntry testId="28446642-a263-a40f-84fb-713636b959a4" executionId="91bc3ff7-d1c5-4011-b774-e820e3c43f5f" testListId="8c84fa94-04c1-424b-9868-57a2d4851a1d" />
    <TestEntry testId="b8195a0a-74d4-3cea-c5df-70e616f5d77c" executionId="29a012fd-ac07-40aa-a3d7-e9bb0a696765" testListId="8c84fa94-04c1-424b-9868-57a2d4851a1d" />
    <TestEntry testId="6476709a-c49c-a5a2-3068-d7a677942957" executionId="b9d4e34b-7909-48af-a455-bc782760a7b1" testListId="8c84fa94-04c1-424b-9868-57a2d4851a1d" />
    <TestEntry testId="c94e186a-6a72-9e46-7ba9-1543ac4ee5a6" executionId="3f4c8cb1-10ec-45e9-a33d-6979f9b64bba" testListId="8c84fa94-04c1-424b-9868-57a2d4851a1d" />
    <TestEntry testId="17917218-a8ac-0b66-2144-0facf9d561fe" executionId="234775a9-7165-4233-8821-01b8ecd1f5f8" testListId="8c84fa94-04c1-424b-9868-57a2d4851a1d" />
    <TestEntry testId="8375c975-58dc-7f89-726c-aae51bdc9746" executionId="c5051ca0-366c-4120-9717-97f9b956bba5" testListId="8c84fa94-04c1-424b-9868-57a2d4851a1d" />
    <TestEntry testId="00231f2e-aa34-00d0-0b9a-d110010a46a2" executionId="117e2cac-451d-44cb-8176-07e5099d33b6" testListId="8c84fa94-04c1-424b-9868-57a2d4851a1d" />
    <TestEntry testId="eeb15030-7166-7e9f-a6bf-c157dd60f79c" executionId="0a8dc31d-a3f9-47bc-9868-6c0f71c25206" testListId="8c84fa94-04c1-424b-9868-57a2d4851a1d" />
    <TestEntry testId="626d9961-4f6b-3b42-e767-2165750b2593" executionId="164e38e6-0f2d-4e35-a5db-7fd86ed3f717" testListId="8c84fa94-04c1-424b-9868-57a2d4851a1d" />
    <TestEntry testId="32e158c7-7395-bc85-11bb-87a3db2ce38c" executionId="a5e56946-9c34-4f90-b9fc-05f5652dd69f" testListId="8c84fa94-04c1-424b-9868-57a2d4851a1d" />
    <TestEntry testId="9ef706fc-21eb-aa3d-7595-7c004cf364e2" executionId="41c84d6f-961b-4aad-9b47-e439db87f47a" testListId="8c84fa94-04c1-424b-9868-57a2d4851a1d" />
    <TestEntry testId="4c41f34a-f46f-3606-ce35-e8c14c758ee0" executionId="6b47482a-5867-479e-a70e-26185a32be2c" testListId="8c84fa94-04c1-424b-9868-57a2d4851a1d" />
    <TestEntry testId="b2928468-10c9-b233-eef3-f8444815ae10" executionId="a5084ce4-da41-4c18-b8d0-595145e80208" testListId="8c84fa94-04c1-424b-9868-57a2d4851a1d" />
    <TestEntry testId="745cf223-9019-7429-6cc8-b86f4d6886ee" executionId="fb24454a-9943-4159-8ab1-65d5d25e7af3" testListId="8c84fa94-04c1-424b-9868-57a2d4851a1d" />
    <TestEntry testId="928e42de-dbb2-69cd-372e-762f9a53192c" executionId="03f00b93-62a8-467c-ad48-ee70f840ac61" testListId="8c84fa94-04c1-424b-9868-57a2d4851a1d" />
    <TestEntry testId="ec016500-b8e9-3b6a-5962-f28e9aecc691" executionId="6dfa9b1a-b0e4-4cf5-ac2c-220309e9f3fa" testListId="8c84fa94-04c1-424b-9868-57a2d4851a1d" />
    <TestEntry testId="aa9079d1-8cc0-63a1-086f-05047a65abb6" executionId="85d0d844-a98d-4138-ba9f-3e64255e993a" testListId="8c84fa94-04c1-424b-9868-57a2d4851a1d" />
    <TestEntry testId="62a17167-4a87-07cc-9ebb-6f8ea0d806f4" executionId="9f0ff6fb-1ed2-4b0b-a181-f7208b3835b7" testListId="8c84fa94-04c1-424b-9868-57a2d4851a1d" />
    <TestEntry testId="86e0f813-7436-25ac-ffea-15c2316efefc" executionId="7b8caa0e-dbf2-4e03-ae27-72f38df681a8" testListId="8c84fa94-04c1-424b-9868-57a2d4851a1d" />
    <TestEntry testId="1319db56-846d-073e-ce4f-386feff01bf0" executionId="f3c36e70-780d-4cf0-ae2b-7347ac71a03f" testListId="8c84fa94-04c1-424b-9868-57a2d4851a1d" />
    <TestEntry testId="d09d3787-5f57-d694-55dd-8472df1292a0" executionId="1b107d80-b9d5-4732-b749-587bd9876512" testListId="8c84fa94-04c1-424b-9868-57a2d4851a1d" />
    <TestEntry testId="7b04c9ee-ecdb-b3dc-f6a6-701e9e9ebc3e" executionId="0f3972b3-d381-432f-a423-d4ac61953588" testListId="8c84fa94-04c1-424b-9868-57a2d4851a1d" />
    <TestEntry testId="2b16c2e0-1a44-68dd-8de3-426224b5e806" executionId="3ad91886-b6d4-4ea7-9366-f81eda28713e" testListId="8c84fa94-04c1-424b-9868-57a2d4851a1d" />
    <TestEntry testId="158fd2cd-bb30-7370-0da0-dcc7660a3f5c" executionId="d7275de1-096a-4710-967c-6010196e5af0" testListId="8c84fa94-04c1-424b-9868-57a2d4851a1d" />
    <TestEntry testId="b973da1a-2e42-fe55-9475-2d140e6e0854" executionId="9e3d301d-a9ed-497f-93a6-e83a561b9614" testListId="8c84fa94-04c1-424b-9868-57a2d4851a1d" />
    <TestEntry testId="8383e516-bd58-b30a-54f1-4cf1620ca7f1" executionId="6ad82983-6a6a-42ca-8142-522fb6679c20" testListId="8c84fa94-04c1-424b-9868-57a2d4851a1d" />
    <TestEntry testId="17c4b67d-3de2-f123-5502-52b87ca6d5b1" executionId="4a5148a9-8268-4c88-9b87-c69762b6e156" testListId="8c84fa94-04c1-424b-9868-57a2d4851a1d" />
    <TestEntry testId="f295d18c-6a54-b5f1-cd72-7a22ee636e0b" executionId="e8a54c54-e312-4b28-96f9-666752f3a618" testListId="8c84fa94-04c1-424b-9868-57a2d4851a1d" />
    <TestEntry testId="3aafddda-005e-39d8-d0be-25474ba8c657" executionId="4fac6035-77e7-4659-a311-bee19de63ce8" testListId="8c84fa94-04c1-424b-9868-57a2d4851a1d" />
    <TestEntry testId="200b3917-f4e7-346f-134e-9c78dba3e086" executionId="3d7e19c5-15e1-48d0-8745-e7ddde13fee6" testListId="8c84fa94-04c1-424b-9868-57a2d4851a1d" />
    <TestEntry testId="3a50765f-bd13-aa76-7192-18c8e0525f4d" executionId="f8f5076d-d29b-499e-b424-d0046b3ae2a6" testListId="8c84fa94-04c1-424b-9868-57a2d4851a1d" />
    <TestEntry testId="8de6d97d-bb98-de03-7459-f03577eb7e19" executionId="058fe3e0-bf91-4e31-8feb-80c6fdb46f2e" testListId="8c84fa94-04c1-424b-9868-57a2d4851a1d" />
    <TestEntry testId="b90e294a-7a36-bde6-8e0a-7ba20877d563" executionId="e8086346-8aec-41c1-8c74-abfb0fc03955" testListId="8c84fa94-04c1-424b-9868-57a2d4851a1d" />
    <TestEntry testId="1b7b2c1b-7bda-2dcc-167e-dd1831f512a6" executionId="f37f33de-bbca-4533-90a7-876398d9d1ca" testListId="8c84fa94-04c1-424b-9868-57a2d4851a1d" />
    <TestEntry testId="59bb6cc1-f43d-00f2-8337-f07e1e8ee613" executionId="dedfaa81-930a-4b3e-9811-505d2a29a05b" testListId="8c84fa94-04c1-424b-9868-57a2d4851a1d" />
    <TestEntry testId="61bab419-8e00-d112-f593-1a3e5e0990c0" executionId="4b01ef42-2293-4f96-ba92-f75921975761" testListId="8c84fa94-04c1-424b-9868-57a2d4851a1d" />
    <TestEntry testId="29046b1d-012f-46ae-1304-05cfe0330f22" executionId="7a326b7b-7c42-48b7-8af2-bcef8fa8a6de" testListId="8c84fa94-04c1-424b-9868-57a2d4851a1d" />
    <TestEntry testId="4285acdb-92fc-4ae3-0001-6e349c0c0996" executionId="53652961-c5c5-4bd2-bbc9-2caf5a88e5b0" testListId="8c84fa94-04c1-424b-9868-57a2d4851a1d" />
    <TestEntry testId="9ff57a7b-18b2-1785-0b88-2b7d4ea0a3ba" executionId="a7ad8c42-c316-4639-8d75-74d33c4a50ef" testListId="8c84fa94-04c1-424b-9868-57a2d4851a1d" />
    <TestEntry testId="e9be22cb-8719-7ab6-e19b-d079f3cab173" executionId="0d131e16-3d02-4eca-9606-b8f08db9c20d" testListId="8c84fa94-04c1-424b-9868-57a2d4851a1d" />
    <TestEntry testId="38cf3e24-1116-fcd5-22ab-6660c54a406b" executionId="ef41b845-2f6a-4059-8737-8312519e6767" testListId="8c84fa94-04c1-424b-9868-57a2d4851a1d" />
    <TestEntry testId="8a8fa082-2a88-9d25-14bd-ffc2289e654f" executionId="460c1150-4aa5-4bc9-8dd8-6ea81b19d6ca" testListId="8c84fa94-04c1-424b-9868-57a2d4851a1d" />
    <TestEntry testId="3aa98141-cb08-31d2-6c99-b615d30cbd08" executionId="a115cfa7-1bf9-4ff8-89e4-99e6697a632f" testListId="8c84fa94-04c1-424b-9868-57a2d4851a1d" />
    <TestEntry testId="db17b784-3c57-cc3b-58f5-9b7b53d9ed7e" executionId="a57181fe-5f65-46da-afde-317e0d524acb" testListId="8c84fa94-04c1-424b-9868-57a2d4851a1d" />
    <TestEntry testId="8c3ec103-4934-7270-1d99-bd6fc3aba7d0" executionId="1b33501c-0106-4289-84c2-aa4d07decc42" testListId="8c84fa94-04c1-424b-9868-57a2d4851a1d" />
    <TestEntry testId="5d3737c4-6caa-929c-3895-4f8c3b2fc762" executionId="6cc64ead-70ea-4e51-a4db-0de5811ea1df" testListId="8c84fa94-04c1-424b-9868-57a2d4851a1d" />
    <TestEntry testId="49799a24-c24a-f014-3525-c7d3d4689894" executionId="bef26c75-f9cb-449d-bb73-12ceb796c983" testListId="8c84fa94-04c1-424b-9868-57a2d4851a1d" />
    <TestEntry testId="23d32c20-aaf4-8ee2-9854-39156a958f5d" executionId="dbe722d6-609a-4eda-8ac8-5c47d4526776" testListId="8c84fa94-04c1-424b-9868-57a2d4851a1d" />
    <TestEntry testId="104ba555-8f99-60ef-4e53-45a505d3287e" executionId="aa0041ef-2d1c-4d5f-a76a-3a1f9558e371" testListId="8c84fa94-04c1-424b-9868-57a2d4851a1d" />
    <TestEntry testId="4957cfbd-ff09-8b25-d00f-9c1b4faec59a" executionId="73bd1966-d45e-46e3-bb71-77329ad11b1b" testListId="8c84fa94-04c1-424b-9868-57a2d4851a1d" />
    <TestEntry testId="10636473-c325-e508-d1dc-2fb3e659000e" executionId="8248eaa3-cbee-46db-9d84-3c25c138d5ca" testListId="8c84fa94-04c1-424b-9868-57a2d4851a1d" />
    <TestEntry testId="393b1670-eeef-f797-65d8-457204160c64" executionId="090e5f01-bbff-4b93-b36a-2fdbd693f661" testListId="8c84fa94-04c1-424b-9868-57a2d4851a1d" />
    <TestEntry testId="4ec1996b-4e8a-65d0-e9e1-f9eff3da718a" executionId="20323770-7cf5-4189-92ff-ff57fcacb32a" testListId="8c84fa94-04c1-424b-9868-57a2d4851a1d" />
    <TestEntry testId="5324e651-753d-07df-adab-4893869690ff" executionId="54a2fd5c-4291-48b1-9c0c-a689cca10ac4" testListId="8c84fa94-04c1-424b-9868-57a2d4851a1d" />
    <TestEntry testId="fd19fa24-64b5-6d90-5a33-d8458cf584e9" executionId="081761d9-bfec-4e5c-909e-52aba62c9b36" testListId="8c84fa94-04c1-424b-9868-57a2d4851a1d" />
    <TestEntry testId="d5e30042-2749-cd6c-d889-8a6a639c3676" executionId="6e560422-eead-4583-be87-0cb9a9d26eea" testListId="8c84fa94-04c1-424b-9868-57a2d4851a1d" />
    <TestEntry testId="49ad8e02-8457-215e-95c8-95c2e835ace7" executionId="b34d00f2-ae7e-4ad8-838e-1c637c9310c3" testListId="8c84fa94-04c1-424b-9868-57a2d4851a1d" />
    <TestEntry testId="6e4d801e-dc44-f70c-b7be-235fda586791" executionId="89f97ab9-049e-4fce-b2d4-47cef0fa6c6e" testListId="8c84fa94-04c1-424b-9868-57a2d4851a1d" />
    <TestEntry testId="c5768806-46bc-5adc-f283-1f33b9d9ec9c" executionId="504d0573-7113-4eac-8e27-5d35f378ddbf" testListId="8c84fa94-04c1-424b-9868-57a2d4851a1d" />
    <TestEntry testId="bd593094-a709-e6c9-d878-fc0c35f6698e" executionId="adcc5cc4-ae6c-4882-b04e-26039c8f0732" testListId="8c84fa94-04c1-424b-9868-57a2d4851a1d" />
    <TestEntry testId="cd196303-7d46-c411-f348-1cca12bf236b" executionId="1c0aaa19-2c94-4ae7-8a98-bb9b92fe39b9" testListId="8c84fa94-04c1-424b-9868-57a2d4851a1d" />
    <TestEntry testId="97e96b97-9073-46ce-ae22-0ee7a83032ef" executionId="3b43c609-24e7-4962-873c-fca6d2a4cd5a" testListId="8c84fa94-04c1-424b-9868-57a2d4851a1d" />
    <TestEntry testId="c0b7e3de-5c77-b8a6-b498-2f2522074e55" executionId="8511f30c-dfb4-4eca-96c8-a9935a274a22" testListId="8c84fa94-04c1-424b-9868-57a2d4851a1d" />
    <TestEntry testId="2c904900-dfc3-f2b8-39dd-0bc22a385a47" executionId="8806a42c-79f8-43d2-b7c6-3aa7c52581bd" testListId="8c84fa94-04c1-424b-9868-57a2d4851a1d" />
    <TestEntry testId="a02d17f2-c457-4c5c-21d7-9aa704e8fba6" executionId="b5c8e973-c0b4-40ae-8c3b-972b5ae53949" testListId="8c84fa94-04c1-424b-9868-57a2d4851a1d" />
    <TestEntry testId="ff22f819-1299-16a8-febb-59239a0e4d7e" executionId="59533078-fb3e-4f00-83ba-90886606d5f8" testListId="8c84fa94-04c1-424b-9868-57a2d4851a1d" />
    <TestEntry testId="9880b2a0-0a07-a22d-6bc7-18eb1650101d" executionId="068dc7e2-e8d8-46e3-9b70-67131df0268e" testListId="8c84fa94-04c1-424b-9868-57a2d4851a1d" />
    <TestEntry testId="5905a400-1fa8-2d7b-4c8d-1735652c27f8" executionId="3bafb3e2-6089-4b38-b7db-113957acfd15" testListId="8c84fa94-04c1-424b-9868-57a2d4851a1d" />
    <TestEntry testId="47d2e24d-64f6-f277-1890-6a7630122c52" executionId="2647102a-918d-4ee3-b196-178a4934567e" testListId="8c84fa94-04c1-424b-9868-57a2d4851a1d" />
    <TestEntry testId="c7755307-de74-65aa-448f-265b6e22a007" executionId="4358aef2-d7aa-4f6c-a1ba-eeefa31d2221" testListId="8c84fa94-04c1-424b-9868-57a2d4851a1d" />
    <TestEntry testId="2fd12745-d871-2179-2328-2b455f21727e" executionId="e9972514-cd8e-415a-b991-560446973c4a" testListId="8c84fa94-04c1-424b-9868-57a2d4851a1d" />
    <TestEntry testId="f979f18f-ed5c-566e-440c-55a20d287857" executionId="809fe0f5-0dfe-4393-a366-8ddd848bfa4d" testListId="8c84fa94-04c1-424b-9868-57a2d4851a1d" />
    <TestEntry testId="7342274d-8d18-1d74-ed71-a9bece8ae2cc" executionId="a91985c8-4dfa-4d5d-9b58-ed23e2b2d6ef" testListId="8c84fa94-04c1-424b-9868-57a2d4851a1d" />
    <TestEntry testId="6ad3da6e-306f-7c31-aba4-1c5511a30d12" executionId="af6a7bef-1051-4862-b529-75ea81b600a0" testListId="8c84fa94-04c1-424b-9868-57a2d4851a1d" />
    <TestEntry testId="dc21df3c-e2e3-ce47-9ef6-5a640542129f" executionId="fb8857d2-bd15-41b9-a097-b184df179b61" testListId="8c84fa94-04c1-424b-9868-57a2d4851a1d" />
    <TestEntry testId="8d7ad232-8b23-e707-cd68-7711f512f3ea" executionId="3717cedd-b972-4b42-8993-09d43c9ebddc" testListId="8c84fa94-04c1-424b-9868-57a2d4851a1d" />
    <TestEntry testId="896e63c2-addb-2a68-6da4-58f11bc0cc6c" executionId="43dfdde4-3d71-401f-a459-0a7ae4df278b" testListId="8c84fa94-04c1-424b-9868-57a2d4851a1d" />
    <TestEntry testId="ad7b88c8-c744-1677-f203-640c202498a1" executionId="d0bf462b-1efa-4fd9-8168-ac36da828f6b" testListId="8c84fa94-04c1-424b-9868-57a2d4851a1d" />
    <TestEntry testId="9265127f-2f81-1b4f-a945-63401d6621c9" executionId="6e724088-0ed9-430e-8c90-d11fd05cd6ec" testListId="8c84fa94-04c1-424b-9868-57a2d4851a1d" />
    <TestEntry testId="ad0fc267-cc10-fc86-a7e8-89fad5957ed8" executionId="4f5ac0c9-c977-43c8-8edc-2e00921080c3" testListId="8c84fa94-04c1-424b-9868-57a2d4851a1d" />
    <TestEntry testId="1ee21a4d-a147-33c1-0f9f-fea74e23e0c4" executionId="9faab125-2d53-4a6f-8939-658d583205d4" testListId="8c84fa94-04c1-424b-9868-57a2d4851a1d" />
    <TestEntry testId="1de5b28a-2eed-dd56-5ef6-f1ac31c509a8" executionId="dcd0a21b-49ef-4412-a97a-4847729648ea" testListId="8c84fa94-04c1-424b-9868-57a2d4851a1d" />
    <TestEntry testId="ea7a56c5-1599-a097-a6d9-2be5e1e89520" executionId="df1d16cc-d001-4c45-bdd1-0444145c6e54" testListId="8c84fa94-04c1-424b-9868-57a2d4851a1d" />
    <TestEntry testId="19eee4b1-ca0c-4da5-ef4d-be71bc6ed283" executionId="595d35b0-402a-4d54-bed5-4fe771190c30" testListId="8c84fa94-04c1-424b-9868-57a2d4851a1d" />
    <TestEntry testId="ba826b1e-a130-0604-b0ea-4835abaf0a26" executionId="87c6e7ab-8e4e-41e0-910d-cbdc406fb716" testListId="8c84fa94-04c1-424b-9868-57a2d4851a1d" />
    <TestEntry testId="d19fcbc7-6154-a4e0-dd6a-408fde760277" executionId="051e9809-30b0-4dc3-bd29-581ad100c6f5" testListId="8c84fa94-04c1-424b-9868-57a2d4851a1d" />
    <TestEntry testId="1fc88549-562c-1205-5e46-b389defdb579" executionId="292da839-24ae-42cd-925b-607417afca06" testListId="8c84fa94-04c1-424b-9868-57a2d4851a1d" />
    <TestEntry testId="ace68e13-6cae-ee2c-030b-82989f51053c" executionId="002d9c5c-226c-49de-9ce6-9a0d247a2a84" testListId="8c84fa94-04c1-424b-9868-57a2d4851a1d" />
    <TestEntry testId="871876d6-5e58-981d-79d9-55c3c7a26860" executionId="6f116ddc-58e1-4e61-a250-1f725e64bef3" testListId="8c84fa94-04c1-424b-9868-57a2d4851a1d" />
    <TestEntry testId="1765e735-2c52-39db-3cfe-f69d76b50d0e" executionId="e3c0be5d-d114-4f3e-97ca-5dd0bb512051" testListId="8c84fa94-04c1-424b-9868-57a2d4851a1d" />
    <TestEntry testId="10248e9f-b4c8-42c5-d2d3-5adcd11ba262" executionId="31124cd1-6960-4bce-b883-d91dda50d324" testListId="8c84fa94-04c1-424b-9868-57a2d4851a1d" />
    <TestEntry testId="d8969a79-16d9-364b-1ac2-c5a682d70d8d" executionId="1d5cd627-19a9-4367-ad21-f90ba8c89663" testListId="8c84fa94-04c1-424b-9868-57a2d4851a1d" />
    <TestEntry testId="c6d7df09-9473-fc40-5de2-063a487d76db" executionId="c3e57333-6b5d-416d-8525-73c4274739e8" testListId="8c84fa94-04c1-424b-9868-57a2d4851a1d" />
    <TestEntry testId="4d4780b8-b3cb-3369-8476-89de1e7eb83b" executionId="b9aab337-2d1a-4fa8-81a2-f0b560017b57" testListId="8c84fa94-04c1-424b-9868-57a2d4851a1d" />
    <TestEntry testId="70208b30-6e2d-a271-7e3f-d0935919214a" executionId="fa1b9fdf-de98-463b-b1dc-db349558f2e1" testListId="8c84fa94-04c1-424b-9868-57a2d4851a1d" />
    <TestEntry testId="e0603ee1-e4bc-1c70-a111-aea331bc1261" executionId="28929c39-31fc-4a1a-b07f-41a414827bc0" testListId="8c84fa94-04c1-424b-9868-57a2d4851a1d" />
    <TestEntry testId="11bde45e-7346-8585-526e-de94258fa9d4" executionId="d9386b6e-b52c-42a1-8cdd-56d0d579c7e4" testListId="8c84fa94-04c1-424b-9868-57a2d4851a1d" />
    <TestEntry testId="0b31bd4f-cb44-1095-5408-3cd7dc366d91" executionId="dde5abb4-d407-4a7c-a948-95d6f2bde73f" testListId="8c84fa94-04c1-424b-9868-57a2d4851a1d" />
    <TestEntry testId="00bb5d1d-44ba-be43-c90e-79050acff94b" executionId="4a4a6602-4b19-4129-8158-461576158359" testListId="8c84fa94-04c1-424b-9868-57a2d4851a1d" />
    <TestEntry testId="268df2fe-6ffe-466f-d9ed-7884cad25b67" executionId="8a54a786-68f7-4e8c-bc6b-fb90ebec4c4a" testListId="8c84fa94-04c1-424b-9868-57a2d4851a1d" />
    <TestEntry testId="073bf3ba-4076-b721-ed38-33d31a1f68fa" executionId="d59cfaa0-7e8f-4133-b5fd-b3d5d4ada50f" testListId="8c84fa94-04c1-424b-9868-57a2d4851a1d" />
    <TestEntry testId="f8ede5be-5ef9-92ed-a090-733a0d31a60b" executionId="1ef74f17-312a-4b71-bfbf-085edc374d45" testListId="8c84fa94-04c1-424b-9868-57a2d4851a1d" />
    <TestEntry testId="997b9825-864d-1485-7b1c-d9e7c4f6c7b8" executionId="41149a08-91b9-43f0-b8d2-e44d3387ba25" testListId="8c84fa94-04c1-424b-9868-57a2d4851a1d" />
    <TestEntry testId="2d398cf9-ccbe-1b34-6d37-a11379a9a0f7" executionId="8f5c6796-33a2-480e-9db4-bb53107bd225" testListId="8c84fa94-04c1-424b-9868-57a2d4851a1d" />
    <TestEntry testId="56ead1a0-555e-6089-dafd-3fbb513005e0" executionId="463130c2-312c-45bc-83c9-d5f1f97e0c22" testListId="8c84fa94-04c1-424b-9868-57a2d4851a1d" />
    <TestEntry testId="84eecc2e-da35-0b6e-368d-92449891b106" executionId="1811153e-5f5e-4e58-99a4-4e0969ee3fb0" testListId="8c84fa94-04c1-424b-9868-57a2d4851a1d" />
    <TestEntry testId="6bb89727-6ce5-c1bf-cc1f-f777f0ded440" executionId="1ae5549f-496f-484d-9b8e-e9ccbcde1590" testListId="8c84fa94-04c1-424b-9868-57a2d4851a1d" />
    <TestEntry testId="ae1938d6-a1c3-37e0-eeb0-7ba6a091df1c" executionId="7add20db-7741-4bda-9ac6-5f1a8f6d9be7" testListId="8c84fa94-04c1-424b-9868-57a2d4851a1d" />
    <TestEntry testId="420f6908-a259-342c-9868-3ec93bf40e6a" executionId="bdbaf565-da51-472b-aad9-457e3fd77af9" testListId="8c84fa94-04c1-424b-9868-57a2d4851a1d" />
    <TestEntry testId="e324b9f7-07aa-0586-ba34-2b1db04ba452" executionId="e699eecc-e304-46a3-a57b-a7554b3b2701" testListId="8c84fa94-04c1-424b-9868-57a2d4851a1d" />
    <TestEntry testId="49511e75-eb08-989b-050c-ed4ace6682a2" executionId="b3195ca7-8436-465a-b939-3eb0759ee151" testListId="8c84fa94-04c1-424b-9868-57a2d4851a1d" />
    <TestEntry testId="d5b349e6-29ae-c514-bd51-307e75bf46a7" executionId="e72df73d-f183-4ca7-9dc1-7c4c014c1502" testListId="8c84fa94-04c1-424b-9868-57a2d4851a1d" />
    <TestEntry testId="ed4b8a1e-f169-e44d-ce09-061fa07c9f6c" executionId="aa90138e-f3eb-498e-b16c-b0b36868eff3" testListId="8c84fa94-04c1-424b-9868-57a2d4851a1d" />
    <TestEntry testId="65f5205b-aa2a-31f4-4f08-282212fe54c3" executionId="f1767529-8b72-4d50-8623-0bbf9311edea" testListId="8c84fa94-04c1-424b-9868-57a2d4851a1d" />
    <TestEntry testId="caf3059c-e65e-74b4-43ca-356088836a5c" executionId="aaaa4c15-09c2-41bf-8948-f7d8caa7223e" testListId="8c84fa94-04c1-424b-9868-57a2d4851a1d" />
    <TestEntry testId="d8119f9d-8e7d-61bc-20f7-8938e5518214" executionId="0b85e9e0-b50a-48e1-9bd6-73df172197d6" testListId="8c84fa94-04c1-424b-9868-57a2d4851a1d" />
    <TestEntry testId="bf8a3836-3626-822f-4b37-d76debddf9e0" executionId="b22ebba3-79a6-46a6-878d-4a2f39a368a7" testListId="8c84fa94-04c1-424b-9868-57a2d4851a1d" />
    <TestEntry testId="d8c5e0dc-f975-e50d-5dc8-113bf986e93a" executionId="10a2eb8e-71b6-4f56-b6a6-9a4e186be968" testListId="8c84fa94-04c1-424b-9868-57a2d4851a1d" />
    <TestEntry testId="279606cc-5dae-26db-9498-b7870d23364b" executionId="dd15681b-29ed-44f2-83bc-baaec9865b1a" testListId="8c84fa94-04c1-424b-9868-57a2d4851a1d" />
    <TestEntry testId="bd277906-1b70-3f99-693f-8da17088ec3a" executionId="c6c19a96-3940-4aea-8214-781e58983ee8" testListId="8c84fa94-04c1-424b-9868-57a2d4851a1d" />
    <TestEntry testId="5a02add1-8d31-371a-7b7b-3c890fce962a" executionId="4fc711ff-e483-4a82-8fa2-a4225ec3583d" testListId="8c84fa94-04c1-424b-9868-57a2d4851a1d" />
    <TestEntry testId="25388f00-c64c-11eb-23ae-6f442b26bebc" executionId="57ca500d-7656-4d74-bdaf-23a2e30dbd6d" testListId="8c84fa94-04c1-424b-9868-57a2d4851a1d" />
    <TestEntry testId="fbff2929-5f62-d22c-ef31-317f45cb69d8" executionId="5cf23437-fcfa-40f1-825b-8a0aed29d17a" testListId="8c84fa94-04c1-424b-9868-57a2d4851a1d" />
    <TestEntry testId="d0b2304e-f546-20e2-91f8-f1686494292c" executionId="2c32c93a-7a7a-4391-a990-95ca450b4cd4" testListId="8c84fa94-04c1-424b-9868-57a2d4851a1d" />
    <TestEntry testId="74c8a4d3-b435-cd40-11ce-0fcdaf28f5d3" executionId="35338a28-7bf1-4315-9ab4-b7ccaf79c185" testListId="8c84fa94-04c1-424b-9868-57a2d4851a1d" />
    <TestEntry testId="bf8e1e53-609f-5f3d-327d-3a0c34d1be43" executionId="5b24516d-e87e-4e6b-94c6-d88fd5fe9f06" testListId="8c84fa94-04c1-424b-9868-57a2d4851a1d" />
    <TestEntry testId="1bbf7e97-08ff-45b7-1c41-6c1fc3bbf2ff" executionId="d484a6bf-2acc-4ffb-872b-0882adb86353" testListId="8c84fa94-04c1-424b-9868-57a2d4851a1d" />
    <TestEntry testId="a62ecaf6-8596-534a-a91c-a4551f508f0a" executionId="cc276863-48e8-4a56-ba0e-aa757100ad35" testListId="8c84fa94-04c1-424b-9868-57a2d4851a1d" />
    <TestEntry testId="150da51a-61cc-8977-434a-f3fb153743d3" executionId="a9940b9b-23f4-4921-9319-f2265dde3a88" testListId="8c84fa94-04c1-424b-9868-57a2d4851a1d" />
    <TestEntry testId="3f277363-3dca-be48-3985-aa429d1eef5f" executionId="1804b9a8-eb78-4c17-814d-0b8268a04003" testListId="8c84fa94-04c1-424b-9868-57a2d4851a1d" />
    <TestEntry testId="91c2f5a3-d5a6-df0d-3f16-87a7ff4f770d" executionId="499f440c-1acf-4edf-bdfb-274bc71346bd" testListId="8c84fa94-04c1-424b-9868-57a2d4851a1d" />
    <TestEntry testId="27227243-c784-f22b-71a2-d8e8342362a1" executionId="6e158de3-b94c-4022-b9df-b4f355b81201" testListId="8c84fa94-04c1-424b-9868-57a2d4851a1d" />
    <TestEntry testId="e1e62c35-caba-287f-d9f2-b4d07ddcb251" executionId="40e41409-3a38-4bd8-b2d1-7a48c3a0f172" testListId="8c84fa94-04c1-424b-9868-57a2d4851a1d" />
    <TestEntry testId="7fcc05a6-066f-ee90-b4a6-b5d8243f423b" executionId="26b26324-1271-4a8f-9f05-9d837af9ee4b" testListId="8c84fa94-04c1-424b-9868-57a2d4851a1d" />
    <TestEntry testId="e422a07a-0c84-e002-b5b4-959e138767d9" executionId="60fd33d4-43b3-4dfa-b441-cf148cb15115" testListId="8c84fa94-04c1-424b-9868-57a2d4851a1d" />
    <TestEntry testId="ea3fdae2-816d-aa64-a5c4-fa2ee9346721" executionId="8382786d-b4d9-45ab-ac38-ea934de326a8" testListId="8c84fa94-04c1-424b-9868-57a2d4851a1d" />
    <TestEntry testId="69ee91c0-a028-64f5-b108-7431200e925c" executionId="0d0161c1-ef32-488a-aa6a-636a4ca5f100" testListId="8c84fa94-04c1-424b-9868-57a2d4851a1d" />
    <TestEntry testId="79b08624-e533-11d8-a362-c981a1403b63" executionId="5bb86d2c-a7a8-40af-bdfc-40f130c27dbe" testListId="8c84fa94-04c1-424b-9868-57a2d4851a1d" />
    <TestEntry testId="d226e9c5-df51-2709-b536-406158f618e2" executionId="0c88bf6f-1551-4ce8-b944-213d5333fe43" testListId="8c84fa94-04c1-424b-9868-57a2d4851a1d" />
    <TestEntry testId="502927ce-3da8-a2dc-26ef-c0305bcf5b58" executionId="f09992d3-2a11-4c65-8a7d-9deeb10bc5c8" testListId="8c84fa94-04c1-424b-9868-57a2d4851a1d" />
    <TestEntry testId="e95258c4-4431-5a75-397b-53e1d01a0157" executionId="265a840d-342c-44e5-b578-38f4a25ac872" testListId="8c84fa94-04c1-424b-9868-57a2d4851a1d" />
    <TestEntry testId="91a34cae-cf4b-4de2-0447-3a678d0cc5d1" executionId="96558cf6-8110-4f37-a86b-d059eeec1d85" testListId="8c84fa94-04c1-424b-9868-57a2d4851a1d" />
    <TestEntry testId="7f750978-afc4-a10a-8f5a-5735629d1ad3" executionId="3be5172b-3ff7-41d5-9bde-0721b1db66b2" testListId="8c84fa94-04c1-424b-9868-57a2d4851a1d" />
    <TestEntry testId="47dbad92-7d40-7e35-b58b-8ba25f46081c" executionId="eb1d03df-b350-4f93-a6da-8546c9326bf5" testListId="8c84fa94-04c1-424b-9868-57a2d4851a1d" />
    <TestEntry testId="a25c28c6-39bd-e26a-4a78-dd8afe8b901c" executionId="f92fbcec-f132-40f2-8fb7-ff0fbc03360d" testListId="8c84fa94-04c1-424b-9868-57a2d4851a1d" />
    <TestEntry testId="d7c6a4d5-957f-76cf-567f-a89cad52ab40" executionId="96b2f640-4364-49e9-b531-1c35b6be7b5a" testListId="8c84fa94-04c1-424b-9868-57a2d4851a1d" />
    <TestEntry testId="b383ffcb-3275-b5c2-19cd-d17709f18aee" executionId="6586335c-55b8-40ca-92d5-f132fd3fd035" testListId="8c84fa94-04c1-424b-9868-57a2d4851a1d" />
    <TestEntry testId="e5304998-c1d3-ab33-caf1-f1c4f22bd532" executionId="05c2cb7c-23bf-4b03-a28f-a49e0ad60365" testListId="8c84fa94-04c1-424b-9868-57a2d4851a1d" />
    <TestEntry testId="47391460-d629-0921-4559-6e194611268b" executionId="35595664-477a-4722-8140-2ff2b1c4db31" testListId="8c84fa94-04c1-424b-9868-57a2d4851a1d" />
    <TestEntry testId="c30db823-28a2-4462-cfa1-15e53aac0c36" executionId="e93db96d-c37a-4d28-ba1f-dcea3ebb3fca" testListId="8c84fa94-04c1-424b-9868-57a2d4851a1d" />
    <TestEntry testId="385750c8-3342-7ecf-e84f-190d8d1a289a" executionId="92ae9194-f6a8-4456-a8f4-00def41fa389" testListId="8c84fa94-04c1-424b-9868-57a2d4851a1d" />
    <TestEntry testId="288bb23a-6e9a-0044-9446-fbd1b450ab47" executionId="70320dbe-aba7-493b-b363-a182b11089b5" testListId="8c84fa94-04c1-424b-9868-57a2d4851a1d" />
    <TestEntry testId="0d45d3ac-7759-5821-87b0-5751923435a0" executionId="c2f9cab1-41ed-4620-a6af-5717af4139f5" testListId="8c84fa94-04c1-424b-9868-57a2d4851a1d" />
    <TestEntry testId="779aef40-a366-df86-f0d9-aea507dc5919" executionId="e2dd1f77-270b-41cb-96fc-b3bc7b2be13c" testListId="8c84fa94-04c1-424b-9868-57a2d4851a1d" />
    <TestEntry testId="70179d9a-98fe-57f3-d8c9-a718e5cfab34" executionId="83d6072a-cd15-430b-9b84-761289369836" testListId="8c84fa94-04c1-424b-9868-57a2d4851a1d" />
    <TestEntry testId="a17380d7-1125-2361-4ddf-a27e1d64147f" executionId="4c010855-731a-476c-961c-2c7a5049188a" testListId="8c84fa94-04c1-424b-9868-57a2d4851a1d" />
    <TestEntry testId="8c2c49bc-65b6-f4ee-b5c4-b4881c4aaeb6" executionId="63f77b51-4d56-470c-a868-96843ae2054c" testListId="8c84fa94-04c1-424b-9868-57a2d4851a1d" />
    <TestEntry testId="66e86e11-aa6f-d6de-573d-c0aabb75ba87" executionId="f8a71c8b-3de9-4375-8f7e-1665f1153b73" testListId="8c84fa94-04c1-424b-9868-57a2d4851a1d" />
    <TestEntry testId="7e7d66c4-e770-561e-982b-064a58b634b0" executionId="846c231e-1e8d-4d56-a0f3-498c27b1a0ba" testListId="8c84fa94-04c1-424b-9868-57a2d4851a1d" />
    <TestEntry testId="4b01245f-cb50-34c8-2484-18e1ee18e476" executionId="a3dbf0c9-8ce7-4862-b06f-e64d9877383f" testListId="8c84fa94-04c1-424b-9868-57a2d4851a1d" />
    <TestEntry testId="b9748385-7e90-566d-fa7b-b65c995a43d5" executionId="d1cbc043-cc92-4596-a098-180a3e0fe215" testListId="8c84fa94-04c1-424b-9868-57a2d4851a1d" />
    <TestEntry testId="38dd6a52-3b4a-e2ae-0a67-157668ae3aa6" executionId="665a83ef-a45f-4309-89df-d2b6e91c4d9a" testListId="8c84fa94-04c1-424b-9868-57a2d4851a1d" />
    <TestEntry testId="df9eb70a-74db-158a-2969-9e235c58cc3f" executionId="eeea2fb0-b0d3-470d-88bb-9ebb7c0b64ce" testListId="8c84fa94-04c1-424b-9868-57a2d4851a1d" />
    <TestEntry testId="062e15a5-3856-7543-1054-15769cb8cd61" executionId="ed65e0ae-9389-4238-8fdd-4e6ee1e4b9df" testListId="8c84fa94-04c1-424b-9868-57a2d4851a1d" />
    <TestEntry testId="a9890956-f385-35d3-c2ef-ce746c1849d7" executionId="2f30e10c-0497-4261-9aac-8946c190b5ef" testListId="8c84fa94-04c1-424b-9868-57a2d4851a1d" />
    <TestEntry testId="47ef5620-9537-65cc-c736-b3758e2879c9" executionId="212bd49c-2844-4b58-a728-4d05e78009c3" testListId="8c84fa94-04c1-424b-9868-57a2d4851a1d" />
    <TestEntry testId="73c1eed3-5580-51ae-e7fd-d4c82281c2aa" executionId="c7fcbdbd-08b8-4489-86f8-c63f3d0892f1" testListId="8c84fa94-04c1-424b-9868-57a2d4851a1d" />
    <TestEntry testId="25bee74c-2197-0dc3-c089-fb6e55cca61c" executionId="49ae069a-bfc1-4291-bc57-3d9c44df3b7c" testListId="8c84fa94-04c1-424b-9868-57a2d4851a1d" />
    <TestEntry testId="1fb41ab6-7d17-e2d0-31ee-739abf153984" executionId="b3f8dc51-d7cb-449c-a144-8e8898ac70ee" testListId="8c84fa94-04c1-424b-9868-57a2d4851a1d" />
    <TestEntry testId="8c141851-29e1-596b-69a7-f03b9f5551a9" executionId="263b8808-93a2-42ba-9b84-bbc9ed034467" testListId="8c84fa94-04c1-424b-9868-57a2d4851a1d" />
    <TestEntry testId="002161ac-18e5-0c10-0ba3-07d026537c18" executionId="9558692c-6b46-4904-92f4-7ed6543f75ec" testListId="8c84fa94-04c1-424b-9868-57a2d4851a1d" />
    <TestEntry testId="aff5d34f-48cd-8224-3e98-9a6054dca8c1" executionId="6e41d657-ca01-4a8b-bb78-0849d9f8fadd" testListId="8c84fa94-04c1-424b-9868-57a2d4851a1d" />
    <TestEntry testId="0333d46d-5d86-b0f5-6854-51377d198f55" executionId="2e9cfdf2-9c59-4227-95c3-fc26df57769f" testListId="8c84fa94-04c1-424b-9868-57a2d4851a1d" />
    <TestEntry testId="a452b9e4-ef9e-f78e-91d1-605ee596cdcd" executionId="2fb782f9-3234-4b5a-90f1-e452c8a082b4" testListId="8c84fa94-04c1-424b-9868-57a2d4851a1d" />
    <TestEntry testId="15c6f30d-3fc3-240b-a3d4-de819bb440a5" executionId="141110f2-2b6f-470a-b495-c81eb7c8ae8f" testListId="8c84fa94-04c1-424b-9868-57a2d4851a1d" />
    <TestEntry testId="26a86aad-7aff-7240-954b-534f16ebf0dd" executionId="2dedccd1-9645-4517-bc54-1cd0a465752e" testListId="8c84fa94-04c1-424b-9868-57a2d4851a1d" />
    <TestEntry testId="7becbbe4-402f-9753-50c8-8da8f49c52e8" executionId="480ea239-fd5c-433f-b85a-399120ff7df5" testListId="8c84fa94-04c1-424b-9868-57a2d4851a1d" />
    <TestEntry testId="a90721fb-53f3-e6e2-ace9-bad821863b4c" executionId="757dd557-3a59-4b2f-9347-be0004586179" testListId="8c84fa94-04c1-424b-9868-57a2d4851a1d" />
    <TestEntry testId="6c11ffc8-094c-d097-3279-6000ab588aec" executionId="91679eb4-1e9d-4a07-858d-6202d763f8c6" testListId="8c84fa94-04c1-424b-9868-57a2d4851a1d" />
    <TestEntry testId="428cd981-2373-ebba-66b8-84a08db98793" executionId="e61b2491-cb57-4e0b-b860-7a6d5e2887c8" testListId="8c84fa94-04c1-424b-9868-57a2d4851a1d" />
    <TestEntry testId="41340033-8fcf-c29c-d1b2-30b3b88f3a75" executionId="7a9f5e1d-dfd8-4703-addd-1b15cc394397" testListId="8c84fa94-04c1-424b-9868-57a2d4851a1d" />
    <TestEntry testId="5b750a0e-6e4e-2fdb-b5ef-645696c44722" executionId="eae65c9e-fae7-4521-aefb-50f32b20f114" testListId="8c84fa94-04c1-424b-9868-57a2d4851a1d" />
    <TestEntry testId="05db77e1-8d4c-e250-2dd1-4f9f5e86aff0" executionId="68823ac1-818d-4f12-8883-a2877c8b712f" testListId="8c84fa94-04c1-424b-9868-57a2d4851a1d" />
    <TestEntry testId="4b13899a-72f5-dcd3-f3fe-f1869c383c9f" executionId="bb56d40e-7648-4204-bf78-8e24bcf74347" testListId="8c84fa94-04c1-424b-9868-57a2d4851a1d" />
    <TestEntry testId="29b0f215-ee38-757e-3c11-a561407f1e6e" executionId="d43e26a1-405d-4ed5-93c7-ec2c8dbe366d" testListId="8c84fa94-04c1-424b-9868-57a2d4851a1d" />
    <TestEntry testId="66240974-01e6-b119-7ccd-feabf8c81110" executionId="5621aea4-ba94-4ae8-91ea-3605e5bb30c0" testListId="8c84fa94-04c1-424b-9868-57a2d4851a1d" />
    <TestEntry testId="104955a9-e954-3271-c7a2-5848be22182d" executionId="ede9a569-3096-4859-8e32-586e854fe3c3" testListId="8c84fa94-04c1-424b-9868-57a2d4851a1d" />
    <TestEntry testId="b24a96c9-0c7b-a7f0-2230-aba7a0abde28" executionId="4cd91209-8807-4af0-9791-b627377a68b1" testListId="8c84fa94-04c1-424b-9868-57a2d4851a1d" />
    <TestEntry testId="935d9152-0722-64e7-6686-80958d6225ec" executionId="89bdf908-2bf2-4ea6-9f69-cf6f2a5c10e9" testListId="8c84fa94-04c1-424b-9868-57a2d4851a1d" />
    <TestEntry testId="3ae8e8a2-7e28-262a-125c-2c06ff5ba889" executionId="e2cc07e0-48f3-4483-9a74-1cee08fca994" testListId="8c84fa94-04c1-424b-9868-57a2d4851a1d" />
    <TestEntry testId="f876e67a-cbd0-e165-443c-bbec30162249" executionId="337ab357-11ae-4fea-94be-af4b83653ca4" testListId="8c84fa94-04c1-424b-9868-57a2d4851a1d" />
    <TestEntry testId="799c96f1-adec-773b-859c-170e8a4b317a" executionId="8fc8db3b-7b38-42d0-93bc-48bb7cb43df8" testListId="8c84fa94-04c1-424b-9868-57a2d4851a1d" />
    <TestEntry testId="5b564b95-e0c8-d907-5b25-17124f9d1ea7" executionId="d9e86163-e4f1-478a-ab60-b85d286b0f30" testListId="8c84fa94-04c1-424b-9868-57a2d4851a1d" />
    <TestEntry testId="b3b21d3a-16fc-7534-8dec-92e0e89edc5a" executionId="754a8a82-82c6-4713-bc33-49b474e2be57" testListId="8c84fa94-04c1-424b-9868-57a2d4851a1d" />
    <TestEntry testId="a928dd26-ed19-e5f5-5960-a3fe17e5d3d6" executionId="c5da8321-1421-4c47-9e38-c90e87af5504" testListId="8c84fa94-04c1-424b-9868-57a2d4851a1d" />
    <TestEntry testId="5308789e-e580-3b5e-6280-61d11949d8f2" executionId="859bda8f-bb66-4926-baa6-d28dd7a026d9" testListId="8c84fa94-04c1-424b-9868-57a2d4851a1d" />
    <TestEntry testId="2ad33f64-7c01-2858-24e6-5c18b7ef2b18" executionId="58892f5a-0ab3-41aa-8062-8c957d5af98c" testListId="8c84fa94-04c1-424b-9868-57a2d4851a1d" />
    <TestEntry testId="d0b2304e-f546-20e2-91f8-f1686494292c" executionId="998c42e0-e1c6-4fd7-85c9-cf298b209301" testListId="8c84fa94-04c1-424b-9868-57a2d4851a1d" />
    <TestEntry testId="d4798351-077d-b782-9092-0f21cfe76c61" executionId="4c21aea1-df6b-4063-825e-fee680ebe91a" testListId="8c84fa94-04c1-424b-9868-57a2d4851a1d" />
    <TestEntry testId="08857934-6efc-d5f9-f0a3-04838ca25643" executionId="dc4ee21a-dff4-46f3-8f3c-0976e64c01b7" testListId="8c84fa94-04c1-424b-9868-57a2d4851a1d" />
    <TestEntry testId="9db6bb97-3604-b8fc-5976-8fd38116c854" executionId="4aab7cd8-5a6b-4a8f-ba18-f0fc924b147b" testListId="8c84fa94-04c1-424b-9868-57a2d4851a1d" />
    <TestEntry testId="edf0275e-bc1c-c713-e99d-7848c868d97b" executionId="d2e7b2ac-39b2-4277-ab1a-24f876238bac" testListId="8c84fa94-04c1-424b-9868-57a2d4851a1d" />
    <TestEntry testId="594bd556-b88d-6721-03d8-fbb4485b6fd1" executionId="9c4e5c3d-2ad9-41f7-8e38-9b680aa12ef9" testListId="8c84fa94-04c1-424b-9868-57a2d4851a1d" />
    <TestEntry testId="2b2111a4-331c-fa06-7344-ef147d28defb" executionId="86ce692a-7b2a-41b3-91b8-7c1be3879ef1" testListId="8c84fa94-04c1-424b-9868-57a2d4851a1d" />
    <TestEntry testId="adb38410-6b9b-aff5-e797-ac1b5eddb8b3" executionId="3c5b5702-d5c1-4d1f-ab12-62c528d2cd5f" testListId="8c84fa94-04c1-424b-9868-57a2d4851a1d" />
    <TestEntry testId="9f5f52c3-d303-ab0b-b0ea-d18788309c02" executionId="7af5f867-48e8-461c-b153-ef790b885479" testListId="8c84fa94-04c1-424b-9868-57a2d4851a1d" />
    <TestEntry testId="b9074201-0df6-6313-e776-c49b08ef5dac" executionId="3f0d3212-67a1-4a84-803f-29a752b89a53" testListId="8c84fa94-04c1-424b-9868-57a2d4851a1d" />
    <TestEntry testId="3503ac6f-3458-19ba-d300-ea6e407a68c8" executionId="3e0f6887-45bf-483f-b719-eea88762b553" testListId="8c84fa94-04c1-424b-9868-57a2d4851a1d" />
    <TestEntry testId="4a541c88-ac3d-2299-1514-18b14753790e" executionId="0e735af7-874e-4a0a-80c4-d26aa3ac77bb" testListId="8c84fa94-04c1-424b-9868-57a2d4851a1d" />
    <TestEntry testId="5372de7b-6677-ced6-c986-16a8b54cb865" executionId="24331e83-220d-4dc5-8912-978dea1e0039" testListId="8c84fa94-04c1-424b-9868-57a2d4851a1d" />
    <TestEntry testId="90bfb254-3b1e-6f08-e5f1-e90d3d337e1d" executionId="2a1863a2-af14-4759-a539-ae4e4d4aeae1" testListId="8c84fa94-04c1-424b-9868-57a2d4851a1d" />
    <TestEntry testId="f6367689-2b66-380b-f31c-74d41244d6d4" executionId="52aa2ffd-b6e2-454c-8593-7bf13027c7ed" testListId="8c84fa94-04c1-424b-9868-57a2d4851a1d" />
    <TestEntry testId="4a3a3228-e024-a543-cda9-534e6716bb13" executionId="fd9c72a6-cb8d-4314-b6c5-751822858842" testListId="8c84fa94-04c1-424b-9868-57a2d4851a1d" />
    <TestEntry testId="196bf75e-0e21-b0c9-fbb8-1e75e96f77bf" executionId="49d3f9c5-610a-4089-996b-cc0a6b316f2b" testListId="8c84fa94-04c1-424b-9868-57a2d4851a1d" />
    <TestEntry testId="67712f7c-69be-7700-9d96-0d70cdb6ecac" executionId="cbc47908-b00c-4d16-a786-053bc1e0ab2b" testListId="8c84fa94-04c1-424b-9868-57a2d4851a1d" />
    <TestEntry testId="21f1fd46-1970-5444-ae26-7972c179b66d" executionId="3cb4e140-105c-4321-a270-e78126775d8a" testListId="8c84fa94-04c1-424b-9868-57a2d4851a1d" />
    <TestEntry testId="395aaa4c-df5a-5e9b-4c24-aff9f9e5c72d" executionId="bff0f411-12ce-4591-a766-f12c15972dd8" testListId="8c84fa94-04c1-424b-9868-57a2d4851a1d" />
    <TestEntry testId="de405ce8-6f1f-a084-790e-dd3f04b078e4" executionId="77491b77-94ea-4e75-874f-572590acd9b9" testListId="8c84fa94-04c1-424b-9868-57a2d4851a1d" />
    <TestEntry testId="ff75c828-8f54-637f-36d8-a3309c040b0c" executionId="61ac2cb3-9898-44d0-bef9-f98bad85f8cb" testListId="8c84fa94-04c1-424b-9868-57a2d4851a1d" />
    <TestEntry testId="216c2d0a-25b9-053b-ece9-3c677df47cda" executionId="269ae225-bfa2-4e59-988d-38d719440b86" testListId="8c84fa94-04c1-424b-9868-57a2d4851a1d" />
    <TestEntry testId="d649d828-cb09-edc0-e640-5a6a356c7243" executionId="a3ca5f6b-b883-4121-9f48-aed1bfc184df" testListId="8c84fa94-04c1-424b-9868-57a2d4851a1d" />
    <TestEntry testId="db7fe035-20ab-7a95-c8a3-fb634f31c4b2" executionId="f81a17e2-35a6-4ea0-983c-b60fe6b3a473" testListId="8c84fa94-04c1-424b-9868-57a2d4851a1d" />
    <TestEntry testId="d9b1adf2-b9fc-d182-c2a1-cab2ceba542f" executionId="65cd598e-154d-46ec-9fa4-6844e759830d" testListId="8c84fa94-04c1-424b-9868-57a2d4851a1d" />
    <TestEntry testId="02653525-3321-baad-99d6-16c7f57d03e1" executionId="1234cc49-0826-490b-8680-b58644d22a41" testListId="8c84fa94-04c1-424b-9868-57a2d4851a1d" />
    <TestEntry testId="ee50d5ca-e3d7-ce4c-fe71-d1a2c22be5e1" executionId="a5aab00b-02f4-4370-a74d-f7cd2ec42161" testListId="8c84fa94-04c1-424b-9868-57a2d4851a1d" />
    <TestEntry testId="1e368e73-cdee-2d2d-fb8d-64c2df371def" executionId="a2a3fc08-d71c-4fcb-a8fd-24ddd56e102b" testListId="8c84fa94-04c1-424b-9868-57a2d4851a1d" />
    <TestEntry testId="03fe6e9a-54d3-8740-5987-511012741d51" executionId="9e2266b2-a9e6-4b05-bd00-d77fe6b51efb" testListId="8c84fa94-04c1-424b-9868-57a2d4851a1d" />
    <TestEntry testId="ad9b71a0-0d2b-ecca-d42d-5932594e5ed4" executionId="08bbbd37-537d-4db7-8c61-7932cde4f27a" testListId="8c84fa94-04c1-424b-9868-57a2d4851a1d" />
    <TestEntry testId="ed8d1798-26fd-c902-1367-e6a030748eaa" executionId="ecb8cca4-ac08-479c-af30-f806b5c73ec6" testListId="8c84fa94-04c1-424b-9868-57a2d4851a1d" />
    <TestEntry testId="ec9bf661-f647-2c8c-4e52-d1469c3ffb1b" executionId="a2337ab9-1479-4de0-986c-52407d2285af" testListId="8c84fa94-04c1-424b-9868-57a2d4851a1d" />
    <TestEntry testId="a5375ed0-48cf-fc4f-ff74-c921a09a9100" executionId="9d02837e-7f14-4635-b9cb-e8118b34b8ae" testListId="8c84fa94-04c1-424b-9868-57a2d4851a1d" />
    <TestEntry testId="0f52f7d2-0e4b-a4ac-1709-493c38e4d2da" executionId="c0e6f727-bcc9-47d9-83c1-81dd60e65c80" testListId="8c84fa94-04c1-424b-9868-57a2d4851a1d" />
    <TestEntry testId="85b6a71f-1088-22e4-4d9b-8971a1c74d02" executionId="4f2a946d-dcd5-4a41-b39a-440dd85e08ef" testListId="8c84fa94-04c1-424b-9868-57a2d4851a1d" />
    <TestEntry testId="710c4812-5608-d4a5-ebda-3675519b44e4" executionId="acf86efa-b936-4658-8c4b-5db39d2ccaf5" testListId="8c84fa94-04c1-424b-9868-57a2d4851a1d" />
    <TestEntry testId="1692898f-6771-97e5-efaa-ce29f79f04d3" executionId="e7dc33ab-370e-4e0a-9108-3f3a629b9448" testListId="8c84fa94-04c1-424b-9868-57a2d4851a1d" />
    <TestEntry testId="536f3755-66af-0913-2d1c-ba9e2c637c22" executionId="f781c990-c9a0-4d11-a0f6-742cecaa81c5" testListId="8c84fa94-04c1-424b-9868-57a2d4851a1d" />
    <TestEntry testId="66e86e11-aa6f-d6de-573d-c0aabb75ba87" executionId="8d17bd1b-9df8-40d0-b141-821870d4b60c" testListId="8c84fa94-04c1-424b-9868-57a2d4851a1d" />
    <TestEntry testId="e4c5e017-1a92-75d7-9efb-b14a29909de5" executionId="63be800d-d303-43a5-9abb-dbc19f9f4920" testListId="8c84fa94-04c1-424b-9868-57a2d4851a1d" />
    <TestEntry testId="31976acb-5bfa-201f-93a4-d10a0e1e9d75" executionId="cd19bdba-ae91-4124-9aea-6d184cae33f0" testListId="8c84fa94-04c1-424b-9868-57a2d4851a1d" />
    <TestEntry testId="71058df9-2347-b963-8393-07ff762448cc" executionId="36fe6148-1465-4881-a5c3-3806f13119b6" testListId="8c84fa94-04c1-424b-9868-57a2d4851a1d" />
    <TestEntry testId="7ff8b7fd-c800-7634-7c84-fc4022e8c24b" executionId="ad9071b8-e38c-416a-b1fe-fcdc99ab8944" testListId="8c84fa94-04c1-424b-9868-57a2d4851a1d" />
    <TestEntry testId="49f009ab-eb1f-34a1-5790-05eb8440c65c" executionId="02f29abe-1603-49f5-ac21-950f1ddebe91" testListId="8c84fa94-04c1-424b-9868-57a2d4851a1d" />
    <TestEntry testId="e8949100-4491-b962-9c07-889aaccb4f3c" executionId="603e3a46-668c-441f-b662-cb48c007204a" testListId="8c84fa94-04c1-424b-9868-57a2d4851a1d" />
    <TestEntry testId="b19a97a7-d301-dc58-24f4-cbea3343fb4a" executionId="67711857-90d8-4d71-b3d8-ba1963771ec7" testListId="8c84fa94-04c1-424b-9868-57a2d4851a1d" />
    <TestEntry testId="9c95bc6d-4ea0-5863-742f-aa936f655924" executionId="7dafab89-d2d3-48d9-9855-50a347f2407f" testListId="8c84fa94-04c1-424b-9868-57a2d4851a1d" />
    <TestEntry testId="4850f404-1052-1ae3-2ddd-f3314b4dd088" executionId="c3624263-6d3b-4d2d-b246-24f937250620" testListId="8c84fa94-04c1-424b-9868-57a2d4851a1d" />
    <TestEntry testId="aa8846e1-eceb-05ec-5ae7-803863b41b04" executionId="458caed0-616f-4c93-8b82-29d38f121df6" testListId="8c84fa94-04c1-424b-9868-57a2d4851a1d" />
    <TestEntry testId="69b88036-a806-75d0-9cbf-e8eef29720e7" executionId="4f19b798-4e61-47d8-a676-db4c67e09efc" testListId="8c84fa94-04c1-424b-9868-57a2d4851a1d" />
    <TestEntry testId="14ef688c-cce8-89b7-f9d3-4ad0d53611bd" executionId="5340c065-6f1e-42f0-96f7-93a7d7b54549" testListId="8c84fa94-04c1-424b-9868-57a2d4851a1d" />
    <TestEntry testId="7fdae2b0-f7ef-a0d3-ef38-e836ce4c6565" executionId="65b8efb8-73d8-4d85-ad30-07bd11f1d80d" testListId="8c84fa94-04c1-424b-9868-57a2d4851a1d" />
    <TestEntry testId="a70fd0d3-e5d0-e4eb-ec3d-95110a406ff7" executionId="4ae19c96-d058-4076-b902-9df4393386f0" testListId="8c84fa94-04c1-424b-9868-57a2d4851a1d" />
    <TestEntry testId="c91f6e83-7412-410e-bf15-7c7390e6e9ac" executionId="93b3ca77-8f9f-4fab-b087-d8002f5c5ee1" testListId="8c84fa94-04c1-424b-9868-57a2d4851a1d" />
    <TestEntry testId="73f90af0-f0a6-9188-0147-49d9ed1c214b" executionId="2db64e5f-d4a6-4aa2-badd-e2a82ecd735b" testListId="8c84fa94-04c1-424b-9868-57a2d4851a1d" />
    <TestEntry testId="a7b81f44-7fab-957f-cea7-931e5c1074ae" executionId="1fad2938-dba4-4cd2-821c-00fdecfe67a9" testListId="8c84fa94-04c1-424b-9868-57a2d4851a1d" />
    <TestEntry testId="69d6390c-e199-bae2-39a7-1d41cfb57ebe" executionId="2c168cfc-a355-4e92-9a54-a30f49cf2976" testListId="8c84fa94-04c1-424b-9868-57a2d4851a1d" />
    <TestEntry testId="ff650975-6ca8-ea08-11d1-eeb0f21dd0cf" executionId="3452c2e3-26d8-420c-9dba-fe565023f4d2" testListId="8c84fa94-04c1-424b-9868-57a2d4851a1d" />
    <TestEntry testId="74deb67f-d5e4-bef0-7a84-b9e514630150" executionId="4fa1e514-afaf-4a1f-ae88-c446205e9743" testListId="8c84fa94-04c1-424b-9868-57a2d4851a1d" />
    <TestEntry testId="29dacc87-51d0-f14f-e405-0664c2188b60" executionId="718290e2-b743-431e-bc39-f58d4e8bb44e" testListId="8c84fa94-04c1-424b-9868-57a2d4851a1d" />
    <TestEntry testId="5359f2e5-1da8-5039-e8be-f78fcf1a3214" executionId="b26b8f6e-ac8f-4704-8e61-6f58abba49ba" testListId="8c84fa94-04c1-424b-9868-57a2d4851a1d" />
    <TestEntry testId="a2a6fc0c-1ad1-08d3-08a6-feea2a45a400" executionId="afa6d740-63c9-479d-8033-a1560567d076" testListId="8c84fa94-04c1-424b-9868-57a2d4851a1d" />
    <TestEntry testId="4f537729-254e-e9b7-2bf6-42335d655dd2" executionId="af199c38-2546-45a3-a6c9-6bde050b0ff7" testListId="8c84fa94-04c1-424b-9868-57a2d4851a1d" />
    <TestEntry testId="4c4bc668-fcd6-a98d-ee1a-48a07f07d098" executionId="86129a40-b809-4652-b9a6-159a72267d83" testListId="8c84fa94-04c1-424b-9868-57a2d4851a1d" />
    <TestEntry testId="d8901dae-aafe-a63b-9eaf-0b11661d1308" executionId="a5002056-7ef8-4f33-8a67-87c40eada479" testListId="8c84fa94-04c1-424b-9868-57a2d4851a1d" />
    <TestEntry testId="ebd09186-3cfd-ad29-a8d9-7f3c87e81855" executionId="99c18f78-c6a4-413c-9218-916d948e48b8" testListId="8c84fa94-04c1-424b-9868-57a2d4851a1d" />
    <TestEntry testId="38031f87-f9dd-c256-cf8a-ce0fbfb8029d" executionId="75162e2f-c9ca-49f9-9a1f-b6a84943a4a3" testListId="8c84fa94-04c1-424b-9868-57a2d4851a1d" />
    <TestEntry testId="a8fa1ae9-5ce1-944e-2012-7278c96c6ce6" executionId="a6cee8f2-6b23-4c51-9619-32a057603d6d" testListId="8c84fa94-04c1-424b-9868-57a2d4851a1d" />
    <TestEntry testId="8867f3bc-d98f-be28-5590-190e34b09f1d" executionId="1d0760b2-04a2-46f0-be61-801ca1e7fcb4" testListId="8c84fa94-04c1-424b-9868-57a2d4851a1d" />
    <TestEntry testId="d45cc0ec-1a97-b3cb-b165-eace3f55ef2e" executionId="42f5242c-550b-4fee-9b83-34289aa46417" testListId="8c84fa94-04c1-424b-9868-57a2d4851a1d" />
    <TestEntry testId="c250a9b4-c8db-c2cc-d510-1668283517cd" executionId="edf1f798-d5f4-4c39-8ca1-0e39248147bd" testListId="8c84fa94-04c1-424b-9868-57a2d4851a1d" />
    <TestEntry testId="9fc941ca-8cbc-15b6-a3ce-eb134d290e83" executionId="064c8b77-abf4-45ef-9b77-9eee679f2e05" testListId="8c84fa94-04c1-424b-9868-57a2d4851a1d" />
    <TestEntry testId="39f7ea9f-a476-d550-d353-b49bf5f1d165" executionId="710f80c1-e762-4d62-add3-42263af36a15" testListId="8c84fa94-04c1-424b-9868-57a2d4851a1d" />
    <TestEntry testId="2eb837c4-ca6b-e047-4e78-a4031f067791" executionId="490636ee-1140-4382-b5e8-7b7e4a607cc4" testListId="8c84fa94-04c1-424b-9868-57a2d4851a1d" />
    <TestEntry testId="c7d8b796-d3b6-1359-54e1-3aa7a8ea4ac8" executionId="efae29af-1f1d-4955-9480-d42aec5530a4" testListId="8c84fa94-04c1-424b-9868-57a2d4851a1d" />
    <TestEntry testId="39c1e379-1467-80f8-b749-61e3db464acf" executionId="256c7bda-c57f-49dc-b50f-172939d28239" testListId="8c84fa94-04c1-424b-9868-57a2d4851a1d" />
    <TestEntry testId="fc149db2-f904-42c4-f849-24385173e28b" executionId="6295e67d-adaf-4092-a8e6-2c0f56190230" testListId="8c84fa94-04c1-424b-9868-57a2d4851a1d" />
    <TestEntry testId="d80aaa61-200f-f849-c2ff-b965cf3c30cf" executionId="b3e94496-e223-4c44-a48c-339ea4923258" testListId="8c84fa94-04c1-424b-9868-57a2d4851a1d" />
    <TestEntry testId="2f38f56a-4276-1e9e-afb3-bee2c2c97034" executionId="52d0b427-4e04-483e-91cb-64986a0bacad" testListId="8c84fa94-04c1-424b-9868-57a2d4851a1d" />
    <TestEntry testId="d5cf14e2-466a-8631-9307-cae6032d7ad4" executionId="9900ee37-becb-48dc-bc12-36b8c43cd88e" testListId="8c84fa94-04c1-424b-9868-57a2d4851a1d" />
    <TestEntry testId="cceb3539-2c0b-6b74-1d94-b74534b45cd5" executionId="86526bb9-d246-49df-849d-b51b64098845" testListId="8c84fa94-04c1-424b-9868-57a2d4851a1d" />
    <TestEntry testId="adfb3f18-bb52-dd8d-6bde-59811a081271" executionId="fb8a458a-ee4f-41ec-abf7-3671c9ad3f8d" testListId="8c84fa94-04c1-424b-9868-57a2d4851a1d" />
    <TestEntry testId="8e259604-a6ad-7686-7a0c-58f8eabe9a97" executionId="213cb176-e7a1-4885-97ee-b8d8da280f27" testListId="8c84fa94-04c1-424b-9868-57a2d4851a1d" />
    <TestEntry testId="d2b63424-21bb-bc18-99f0-280dd5d77182" executionId="a2397361-ebf0-46bb-8548-f6ed76b9f4cb" testListId="8c84fa94-04c1-424b-9868-57a2d4851a1d" />
    <TestEntry testId="f792a012-ac64-23e4-698c-0ae76a825caf" executionId="3419a5cd-db75-4c8f-8a74-1db37914cbcf" testListId="8c84fa94-04c1-424b-9868-57a2d4851a1d" />
    <TestEntry testId="444529ed-313e-17e3-1984-35d1e4bf8f0e" executionId="fa1d5b0b-2b80-447a-bae9-384f1bf4f78a" testListId="8c84fa94-04c1-424b-9868-57a2d4851a1d" />
    <TestEntry testId="54a51205-fccb-510f-3a17-4d4eae058b24" executionId="4f8398f0-ed17-414d-a8f0-62b135f20311" testListId="8c84fa94-04c1-424b-9868-57a2d4851a1d" />
    <TestEntry testId="8306425f-7857-895f-8d2c-057d62679263" executionId="0d111caf-6c8b-485d-ab7d-46e03558780e" testListId="8c84fa94-04c1-424b-9868-57a2d4851a1d" />
    <TestEntry testId="218ecca6-3165-3f4e-843a-057ff8d73915" executionId="901c5e43-fe1b-48fa-aea6-adf06e0689b8" testListId="8c84fa94-04c1-424b-9868-57a2d4851a1d" />
    <TestEntry testId="a8bf8d4a-4736-deb7-4bcd-6800aaf4da2e" executionId="1c643edd-2b2a-4669-af1d-e076615c5c5c" testListId="8c84fa94-04c1-424b-9868-57a2d4851a1d" />
    <TestEntry testId="625ac6d3-c14b-6efd-871e-408b4e46b249" executionId="d3910e32-8c75-4db4-8676-30bf2bac26c5" testListId="8c84fa94-04c1-424b-9868-57a2d4851a1d" />
    <TestEntry testId="1e9fdfda-8ba9-daca-6122-143d9e150a5a" executionId="2423811b-6f0f-445f-be17-19a88b9af0d3" testListId="8c84fa94-04c1-424b-9868-57a2d4851a1d" />
    <TestEntry testId="be361882-4a10-b4db-3a62-60f76a3c48dc" executionId="7ca392d5-d44b-4823-a212-40f83865fc65" testListId="8c84fa94-04c1-424b-9868-57a2d4851a1d" />
    <TestEntry testId="a8e10d08-538b-4a11-21ff-e7f34160b2a3" executionId="96e7e395-c96f-49a8-8af4-f5ed161a41fc" testListId="8c84fa94-04c1-424b-9868-57a2d4851a1d" />
    <TestEntry testId="5c4b05db-6ba3-51db-8f3d-32709f4ecb5c" executionId="e0ef31be-35b5-434e-8886-f9202dba5322" testListId="8c84fa94-04c1-424b-9868-57a2d4851a1d" />
    <TestEntry testId="bed9c30e-840c-cdfb-83ab-a942d08f2ccd" executionId="3e824765-5278-4d4f-bc0e-ec95312426dc" testListId="8c84fa94-04c1-424b-9868-57a2d4851a1d" />
    <TestEntry testId="1a3043fc-c1fb-d65a-81c8-c574be5bdfbe" executionId="3e1df4cf-40b0-49ab-85bc-cd8739332769" testListId="8c84fa94-04c1-424b-9868-57a2d4851a1d" />
    <TestEntry testId="7635dcfc-15ff-0acd-5a47-20bddb7d5d94" executionId="18e2b245-fb8f-40b2-9eaf-536008d56d97" testListId="8c84fa94-04c1-424b-9868-57a2d4851a1d" />
    <TestEntry testId="303e67ad-222f-e218-e45f-f8df810d8028" executionId="7bc259db-2c71-4d33-b280-71682aee741b" testListId="8c84fa94-04c1-424b-9868-57a2d4851a1d" />
    <TestEntry testId="cc9482c8-72fb-3114-929a-def3362bf992" executionId="bcc2a7d7-6232-4f5d-a02a-b717aa5b7d8b" testListId="8c84fa94-04c1-424b-9868-57a2d4851a1d" />
    <TestEntry testId="c44406a4-f106-4476-82c0-bb016759725b" executionId="38ace3d9-ef28-423e-83a4-1fa60999ae40" testListId="8c84fa94-04c1-424b-9868-57a2d4851a1d" />
    <TestEntry testId="364415a3-98e0-0852-beac-a6937269f622" executionId="80e76398-0219-4a6d-b5d8-f7e914c4b58a" testListId="8c84fa94-04c1-424b-9868-57a2d4851a1d" />
    <TestEntry testId="94063c7d-165d-cef5-c92d-1b2a39a08ef2" executionId="1b572caf-e41c-4c47-89ed-2c6e7a02dda9" testListId="8c84fa94-04c1-424b-9868-57a2d4851a1d" />
    <TestEntry testId="bdf005c2-18b8-e323-3e79-ce27d5039d64" executionId="99075074-d3e8-4f12-bffa-f008e7751f9c" testListId="8c84fa94-04c1-424b-9868-57a2d4851a1d" />
    <TestEntry testId="6a7f908c-e991-8475-4196-2865a5565e03" executionId="6edddb49-ae4a-4b24-b5a1-ea0c3b20d3da" testListId="8c84fa94-04c1-424b-9868-57a2d4851a1d" />
    <TestEntry testId="a2bfb3e1-2e5b-d1e2-f0bb-49aee3fe3778" executionId="ed1b1630-d6f2-4411-936c-ec945be57bd4" testListId="8c84fa94-04c1-424b-9868-57a2d4851a1d" />
    <TestEntry testId="d0309efd-1526-090c-e8c6-e4a50526b823" executionId="51f22ff5-45f4-4a4a-995e-6bfbe21e8ed6" testListId="8c84fa94-04c1-424b-9868-57a2d4851a1d" />
    <TestEntry testId="f24ec01a-9a6b-393d-e6e6-e22455bc0f7d" executionId="09245b82-542b-4471-bd48-8060da91240d" testListId="8c84fa94-04c1-424b-9868-57a2d4851a1d" />
    <TestEntry testId="885e56c4-e420-3696-09cb-a1cc3f043378" executionId="a2db10f2-9e46-4d63-83d2-44e0d67bb0a4" testListId="8c84fa94-04c1-424b-9868-57a2d4851a1d" />
    <TestEntry testId="c92e764c-db20-b27c-5dee-d26175da6856" executionId="7209ec98-4d66-40cd-9171-db3ba4a8c877" testListId="8c84fa94-04c1-424b-9868-57a2d4851a1d" />
    <TestEntry testId="b973da1a-2e42-fe55-9475-2d140e6e0854" executionId="e6301436-ed1a-4f12-bdc9-0cd2d900875e" testListId="8c84fa94-04c1-424b-9868-57a2d4851a1d" />
    <TestEntry testId="a9fc41b1-b112-ab0a-c01d-de86bf350092" executionId="9184324f-4f6d-4134-9831-123cd361e5f3" testListId="8c84fa94-04c1-424b-9868-57a2d4851a1d" />
    <TestEntry testId="b9e04af2-4a42-d70e-fbc6-23b023d661a0" executionId="61ca4495-9a8d-41da-af23-92149f66a1a7" testListId="8c84fa94-04c1-424b-9868-57a2d4851a1d" />
    <TestEntry testId="62de7146-06f2-4e53-faf9-1afc4ff842a5" executionId="b96086b0-726c-48ec-82f4-0ea9d0900741" testListId="8c84fa94-04c1-424b-9868-57a2d4851a1d" />
    <TestEntry testId="1a5be3b1-f617-8530-3ddc-7c215f1733e9" executionId="741d6595-8606-4ad1-b34b-f50b09045697" testListId="8c84fa94-04c1-424b-9868-57a2d4851a1d" />
    <TestEntry testId="894dc9b0-a2c1-bf71-d4ec-d6e11a539fc2" executionId="56d0508f-eda7-481a-8612-d76af4d1a969" testListId="8c84fa94-04c1-424b-9868-57a2d4851a1d" />
    <TestEntry testId="60b70ff9-1bba-3942-b6e8-ada62bd3c6d1" executionId="c7c445b6-fa46-4521-9f9d-02982ee85046" testListId="8c84fa94-04c1-424b-9868-57a2d4851a1d" />
    <TestEntry testId="29554517-2e3b-3a60-d68f-17613b8595b3" executionId="58c06957-f862-4f13-8573-2dd7017205d3" testListId="8c84fa94-04c1-424b-9868-57a2d4851a1d" />
    <TestEntry testId="4f254785-4c70-1031-bb49-cc0d4898f4dc" executionId="50be8c94-791b-4677-9333-9c47b367eca6" testListId="8c84fa94-04c1-424b-9868-57a2d4851a1d" />
    <TestEntry testId="6c401de9-768d-4800-aeaa-bb13e0b9e325" executionId="551760d4-5cf9-4505-bba5-b52f4a9c22ba" testListId="8c84fa94-04c1-424b-9868-57a2d4851a1d" />
    <TestEntry testId="977cdff4-999c-81d3-b943-7a77b51c5061" executionId="32d9369a-9e26-43bd-af64-6ce6b85d1d0e" testListId="8c84fa94-04c1-424b-9868-57a2d4851a1d" />
    <TestEntry testId="9f70cd72-1aea-7a82-ed75-36138fcb3d80" executionId="9423ae9e-b93b-41b6-9a8d-1102f1844294" testListId="8c84fa94-04c1-424b-9868-57a2d4851a1d" />
    <TestEntry testId="392c34dd-c515-330d-1cc3-9c31c918c15f" executionId="3ba76a5a-7abd-4443-944b-2ba26f1309ee" testListId="8c84fa94-04c1-424b-9868-57a2d4851a1d" />
    <TestEntry testId="8540fb2c-d677-172f-3214-cc7bcc519b36" executionId="5d3d0ac3-6635-47b7-b6d0-e72937952aa7" testListId="8c84fa94-04c1-424b-9868-57a2d4851a1d" />
    <TestEntry testId="73ec8605-7ef4-4f0c-b83d-f416b12f752c" executionId="a83412c5-5d74-43e7-bf20-338df10c06d2" testListId="8c84fa94-04c1-424b-9868-57a2d4851a1d" />
    <TestEntry testId="cbb28db9-25b7-7c42-aa1f-7fd42e9ae8f4" executionId="67af19c9-2a28-4c0e-93b1-f2b08fc8f142" testListId="8c84fa94-04c1-424b-9868-57a2d4851a1d" />
    <TestEntry testId="5b0701fe-3a5e-3f35-2028-d4e96d8a62ce" executionId="621416a7-c7cc-491b-a4bf-b9f527337868" testListId="8c84fa94-04c1-424b-9868-57a2d4851a1d" />
    <TestEntry testId="199dee06-78fe-0c51-9c9f-86d6e535c80d" executionId="113a47e4-1116-4973-b2b3-8249d42acfc2" testListId="8c84fa94-04c1-424b-9868-57a2d4851a1d" />
    <TestEntry testId="baaf8e91-697f-d818-b655-6e52a1ea7c30" executionId="423e77d3-af51-4d8f-812c-655385029e83" testListId="8c84fa94-04c1-424b-9868-57a2d4851a1d" />
    <TestEntry testId="18eba892-6d79-774c-5ded-f649d65db97d" executionId="0b00499a-9e4f-42d8-9f80-979cade73719" testListId="8c84fa94-04c1-424b-9868-57a2d4851a1d" />
    <TestEntry testId="e2cabb67-c939-390e-d6f0-a8bdc139d6bc" executionId="812a59e3-8b69-42d0-852a-985ea6bfc91c" testListId="8c84fa94-04c1-424b-9868-57a2d4851a1d" />
    <TestEntry testId="44610bd5-4d90-7823-f81d-b14e5429a417" executionId="c430135d-790b-4258-8fb8-e4df64f9a561" testListId="8c84fa94-04c1-424b-9868-57a2d4851a1d" />
    <TestEntry testId="dcf8419c-ad20-1d0e-5b4f-c9eca5a0aca5" executionId="69fe0c01-d24f-4fa9-aa43-c62e4b0beebd" testListId="8c84fa94-04c1-424b-9868-57a2d4851a1d" />
    <TestEntry testId="29c9c17d-26e1-29ef-11be-5b959a7a8e85" executionId="76882e87-bdea-48e7-b9dd-36f43569fbba" testListId="8c84fa94-04c1-424b-9868-57a2d4851a1d" />
    <TestEntry testId="48933675-5564-6c41-9fc8-a9dac77a3156" executionId="7fa2ac0f-2028-41f4-a454-d30c22e1ae3b" testListId="8c84fa94-04c1-424b-9868-57a2d4851a1d" />
    <TestEntry testId="6d9a2786-8499-7d7e-d87f-de3892050c29" executionId="2ea39d50-f275-45ff-99da-ea311db43cf4" testListId="8c84fa94-04c1-424b-9868-57a2d4851a1d" />
    <TestEntry testId="6479903c-a346-491e-4a46-94865203359b" executionId="badff977-f7f1-4139-bd96-2aa1b33ef579" testListId="8c84fa94-04c1-424b-9868-57a2d4851a1d" />
    <TestEntry testId="c388edb1-2b20-d900-1b64-8c14f1961ac6" executionId="07f92bac-5db6-45c7-8a37-8d23049e83f4" testListId="8c84fa94-04c1-424b-9868-57a2d4851a1d" />
    <TestEntry testId="e7530819-7083-6d3e-d599-30d8a0463a89" executionId="0646f28f-a3ac-429e-8070-46cda91f92f8" testListId="8c84fa94-04c1-424b-9868-57a2d4851a1d" />
    <TestEntry testId="5457d672-f30a-f49a-3a94-700a62178681" executionId="f0b806cc-b962-4b04-9ebc-c68864c87ae2" testListId="8c84fa94-04c1-424b-9868-57a2d4851a1d" />
    <TestEntry testId="6f3ef74b-2e9f-f495-f642-f08a6bfcc23b" executionId="64838314-f895-4903-9a1c-40f72deef0df" testListId="8c84fa94-04c1-424b-9868-57a2d4851a1d" />
    <TestEntry testId="05bc2ec5-004d-78a7-237b-55b976386f31" executionId="f4f295ae-65b3-4876-9900-0eb7e1400dd7" testListId="8c84fa94-04c1-424b-9868-57a2d4851a1d" />
    <TestEntry testId="10eebb46-3975-72d6-23c8-db65a8f8a56d" executionId="42bf6655-9d81-4aa1-9360-ad60b8e91f72" testListId="8c84fa94-04c1-424b-9868-57a2d4851a1d" />
    <TestEntry testId="66e86e11-aa6f-d6de-573d-c0aabb75ba87" executionId="19295dc0-e3b4-48f4-9cd8-f4eb88cf694c" testListId="8c84fa94-04c1-424b-9868-57a2d4851a1d" />
    <TestEntry testId="757b3461-c9b1-73b5-f51f-6a910b472f50" executionId="c4422866-2403-4123-b3f6-be8b0f897017" testListId="8c84fa94-04c1-424b-9868-57a2d4851a1d" />
    <TestEntry testId="ed366fea-786f-70a3-bb65-165c087cacd4" executionId="752dbd41-5ec1-43cc-b928-e62dc27b7149" testListId="8c84fa94-04c1-424b-9868-57a2d4851a1d" />
    <TestEntry testId="2209bf87-c539-643a-a237-e44fc9827fb8" executionId="9f5472f7-4f9f-4cba-b1d0-cdb2967a4906" testListId="8c84fa94-04c1-424b-9868-57a2d4851a1d" />
    <TestEntry testId="91ce0ee3-31d4-1356-8ae9-ffb876c27798" executionId="100841cb-e8bf-494e-adc5-c7a531dde73c" testListId="8c84fa94-04c1-424b-9868-57a2d4851a1d" />
    <TestEntry testId="a7b632d7-a8a2-c624-0914-3878a82042dc" executionId="f400ab61-6a5b-4bf9-9c71-70f641b18071" testListId="8c84fa94-04c1-424b-9868-57a2d4851a1d" />
    <TestEntry testId="491432be-c048-677d-8492-511e8978509f" executionId="4b65ad60-b054-4bdb-b2ad-7e1533a4a2f3" testListId="8c84fa94-04c1-424b-9868-57a2d4851a1d" />
    <TestEntry testId="79f3e279-03fa-6c6a-9e7f-37ffaf19691f" executionId="a54f902b-3a4d-42ba-a778-bdb4c9c82959" testListId="8c84fa94-04c1-424b-9868-57a2d4851a1d" />
    <TestEntry testId="4621ee11-e221-c86d-94f0-6fad18344887" executionId="68c28530-934e-4921-8318-984c0573ee23" testListId="8c84fa94-04c1-424b-9868-57a2d4851a1d" />
    <TestEntry testId="5745bc35-87de-0e39-cce0-759f22321c8a" executionId="fb407f0c-1184-4805-bdd7-4866158fc43f" testListId="8c84fa94-04c1-424b-9868-57a2d4851a1d" />
    <TestEntry testId="03e4efda-ed85-df33-47f3-8007a362aae6" executionId="e4ffcb47-bfa7-48d3-b677-9d4b481845aa" testListId="8c84fa94-04c1-424b-9868-57a2d4851a1d" />
    <TestEntry testId="e94f7c87-5ba6-af54-15a4-b8be5a44217e" executionId="316e0260-0e08-4038-9320-74a06975ec08" testListId="8c84fa94-04c1-424b-9868-57a2d4851a1d" />
    <TestEntry testId="1c58fd85-1a82-f5ac-c5b4-bea196b0b298" executionId="27e8d36e-6dda-46d1-a44a-0674aae4f660" testListId="8c84fa94-04c1-424b-9868-57a2d4851a1d" />
    <TestEntry testId="7830a3ad-257a-2e31-7073-ccd058330421" executionId="cca565b4-2d5c-48a9-b74a-821c772a23e3" testListId="8c84fa94-04c1-424b-9868-57a2d4851a1d" />
    <TestEntry testId="46305a13-ec26-f7d7-1ea8-e16167366eae" executionId="e9de2aca-7359-485e-973e-39cb200e1200" testListId="8c84fa94-04c1-424b-9868-57a2d4851a1d" />
    <TestEntry testId="9135a3b1-2e33-0fd8-b652-d757e668374c" executionId="ba46f344-5b97-456e-affc-99c0d6fef35e" testListId="8c84fa94-04c1-424b-9868-57a2d4851a1d" />
    <TestEntry testId="39004c09-00be-3501-5f0e-b76c2c0f3da4" executionId="f9423a91-ca4e-4c45-a415-d0083ea7f287" testListId="8c84fa94-04c1-424b-9868-57a2d4851a1d" />
    <TestEntry testId="5ff84074-5692-9bb8-950f-99788df9b556" executionId="b32e3abe-53b7-4833-9280-d92de20837ab" testListId="8c84fa94-04c1-424b-9868-57a2d4851a1d" />
    <TestEntry testId="362e2818-5033-9f58-e34a-48ed962b9147" executionId="e621ac51-4037-4f55-94ef-1a1873f79d85" testListId="8c84fa94-04c1-424b-9868-57a2d4851a1d" />
    <TestEntry testId="bbce1514-43f8-fb04-a2f9-cf56ba4eb603" executionId="c811b33a-37e3-4739-a6d0-d1833e2491f4" testListId="8c84fa94-04c1-424b-9868-57a2d4851a1d" />
    <TestEntry testId="9f7358cf-1e79-bdf2-7469-a82abf006115" executionId="94f32c2b-3ad0-45af-9ebe-5ec688e86d89" testListId="8c84fa94-04c1-424b-9868-57a2d4851a1d" />
    <TestEntry testId="fc01125d-d561-4055-10fa-1d0de210ed6d" executionId="31dcea03-ef06-4e59-ab4f-364a52c1f8ab" testListId="8c84fa94-04c1-424b-9868-57a2d4851a1d" />
    <TestEntry testId="a853a04c-c59f-bfa9-6d17-5ced9a33e3a1" executionId="a5b1670f-9e27-4094-b906-01044e239412" testListId="8c84fa94-04c1-424b-9868-57a2d4851a1d" />
    <TestEntry testId="54170611-37b3-da45-7aea-09535d9a0b81" executionId="8b9b440e-faba-4007-88a2-87e433baf098" testListId="8c84fa94-04c1-424b-9868-57a2d4851a1d" />
    <TestEntry testId="d2645dae-9948-1adb-9721-bf2a080261cf" executionId="6de7c4bf-34e8-44fb-8d82-21d0260d4275" testListId="8c84fa94-04c1-424b-9868-57a2d4851a1d" />
    <TestEntry testId="99c7c769-566f-bf9b-5fab-d23af7dbb82b" executionId="0290711c-bf57-4ae0-ac16-10389c1a4844" testListId="8c84fa94-04c1-424b-9868-57a2d4851a1d" />
    <TestEntry testId="00480961-b56a-1e6d-798e-9be4fbbfdeda" executionId="7b48b4bc-d6e7-48d9-bfdc-838e7960e1bc" testListId="8c84fa94-04c1-424b-9868-57a2d4851a1d" />
    <TestEntry testId="e9d24ea9-07e0-b1a7-6a3d-6ba570043426" executionId="885ff79a-4c12-4640-9c57-c527ca9318ca" testListId="8c84fa94-04c1-424b-9868-57a2d4851a1d" />
    <TestEntry testId="1c3d35a3-95b0-e4d2-7bda-42d81a6af4a6" executionId="3325ce81-e853-4681-9cf8-b90583e81367" testListId="8c84fa94-04c1-424b-9868-57a2d4851a1d" />
    <TestEntry testId="55b9f423-58f3-b8e9-3169-17bad931ff5c" executionId="820cb891-5883-40d7-b49b-6b2f9166d492" testListId="8c84fa94-04c1-424b-9868-57a2d4851a1d" />
    <TestEntry testId="c9d0ebb3-f419-55e0-4312-d29ef93fe9c4" executionId="2322344e-f222-46ee-9163-5291fb5c7442" testListId="8c84fa94-04c1-424b-9868-57a2d4851a1d" />
    <TestEntry testId="a15f9cd6-b1c1-2f0f-2d95-17ddc01587a3" executionId="c981d749-0b2d-4b4d-81c9-456d72bd3157" testListId="8c84fa94-04c1-424b-9868-57a2d4851a1d" />
    <TestEntry testId="b11ba0e7-7db6-6594-f952-fe3a9251e419" executionId="45819241-85d7-49e0-93b1-4cb43634e354" testListId="8c84fa94-04c1-424b-9868-57a2d4851a1d" />
    <TestEntry testId="c31d25de-70f0-e512-4356-0bbc26c7e9ba" executionId="8b7585cc-0fec-4dcf-bcda-9474b25c1b71" testListId="8c84fa94-04c1-424b-9868-57a2d4851a1d" />
    <TestEntry testId="52925570-7480-72ac-e873-3ea85c5957cc" executionId="b5c13295-6a42-4440-9db5-040ffc92dbc9" testListId="8c84fa94-04c1-424b-9868-57a2d4851a1d" />
    <TestEntry testId="f6983b53-4c99-3c9d-ee3f-885084c6dd6d" executionId="227d13a3-c14a-4e55-955a-9fd1d8589db8" testListId="8c84fa94-04c1-424b-9868-57a2d4851a1d" />
    <TestEntry testId="2cd5f82b-4029-c13f-4e5d-6338d8bf1511" executionId="f9f0793f-7a56-4be9-b2ec-e6198e254d66" testListId="8c84fa94-04c1-424b-9868-57a2d4851a1d" />
    <TestEntry testId="0333d46d-5d86-b0f5-6854-51377d198f55" executionId="c37dfae3-1d2b-46aa-a242-189333fca4b1" testListId="8c84fa94-04c1-424b-9868-57a2d4851a1d" />
    <TestEntry testId="c62bcea7-4b71-c1c1-cdc0-931a49a62cca" executionId="2b5235f6-8589-4c88-8439-82a5733a0c2e" testListId="8c84fa94-04c1-424b-9868-57a2d4851a1d" />
    <TestEntry testId="8bf072cf-4a3a-d7dd-38df-1cc60ce1f892" executionId="13f37a76-b8e2-4439-88c2-b7d0b14c3093" testListId="8c84fa94-04c1-424b-9868-57a2d4851a1d" />
    <TestEntry testId="8bd05c5d-895e-1c6f-8769-0973153e5f21" executionId="40c70629-7036-411e-bc65-f9d93a28a0d3" testListId="8c84fa94-04c1-424b-9868-57a2d4851a1d" />
    <TestEntry testId="bd5bda3d-547d-c4c9-36b2-ebcee66a4944" executionId="28ac4503-6c83-481c-9771-a603c0c6bfd4" testListId="8c84fa94-04c1-424b-9868-57a2d4851a1d" />
    <TestEntry testId="3d4078c7-04dc-81c6-025e-55de3171f033" executionId="22cda314-240e-44dc-ad0a-cf04fd599904" testListId="8c84fa94-04c1-424b-9868-57a2d4851a1d" />
    <TestEntry testId="7d77e772-20b8-6ced-aab9-587e30b84e10" executionId="46c50c78-bd0a-4608-a501-125faf6ea81e" testListId="8c84fa94-04c1-424b-9868-57a2d4851a1d" />
    <TestEntry testId="15b20d94-07d8-0fd2-476a-f3c0c376ba55" executionId="dce2fc3c-50a6-43a3-a67a-1268ecef5809" testListId="8c84fa94-04c1-424b-9868-57a2d4851a1d" />
    <TestEntry testId="3da2dd1c-10d4-de3c-aac0-4fe74b0f5283" executionId="a71ee143-40d2-4e6f-8c81-a1adab512ed8" testListId="8c84fa94-04c1-424b-9868-57a2d4851a1d" />
    <TestEntry testId="2f8f093e-e2cb-eabe-9002-ccb84e5453ae" executionId="b0d002bb-42e5-4d1e-9c8b-33a6e5ae8f14" testListId="8c84fa94-04c1-424b-9868-57a2d4851a1d" />
    <TestEntry testId="55e51d95-8eb9-e867-4eb1-f81c48df6a47" executionId="ee180286-0f04-4402-b22f-a278c9b08e71" testListId="8c84fa94-04c1-424b-9868-57a2d4851a1d" />
    <TestEntry testId="14b157e8-0f0a-3faa-8a01-57918ea8fa92" executionId="5599c5ba-9bde-4fd6-b381-d7a36fd91047" testListId="8c84fa94-04c1-424b-9868-57a2d4851a1d" />
    <TestEntry testId="2ffc66d9-2062-4a4f-fcd4-a3564dc5be6c" executionId="22e09774-80c2-4049-8c3f-d0cf3074add9" testListId="8c84fa94-04c1-424b-9868-57a2d4851a1d" />
    <TestEntry testId="5f6363ea-61fa-db43-a261-f363d62cc335" executionId="e61be8a1-630d-404e-af5a-1070e7fe85b4" testListId="8c84fa94-04c1-424b-9868-57a2d4851a1d" />
    <TestEntry testId="af15f0ff-3f82-0963-716c-dcb7f40d0372" executionId="c4619065-e4df-42ad-9226-5bfc31d71dc2" testListId="8c84fa94-04c1-424b-9868-57a2d4851a1d" />
    <TestEntry testId="25dafdea-2a2f-05df-9be3-1cfd6b54316f" executionId="c5b4afd3-e6f9-4ce8-aef6-78191f3ea319" testListId="8c84fa94-04c1-424b-9868-57a2d4851a1d" />
    <TestEntry testId="073cc958-4944-c37e-14df-977d53860fba" executionId="d7834760-aa8d-41d7-8571-ea103d19e98b" testListId="8c84fa94-04c1-424b-9868-57a2d4851a1d" />
    <TestEntry testId="938b6be5-8d2d-a802-af00-028bc9595f49" executionId="021cc18c-0a88-4824-a532-547802770a8e" testListId="8c84fa94-04c1-424b-9868-57a2d4851a1d" />
    <TestEntry testId="1fbfdd07-d9ee-c7aa-145c-502ddd80f52a" executionId="18746223-d3ad-4683-b485-6a41d52e38c9" testListId="8c84fa94-04c1-424b-9868-57a2d4851a1d" />
    <TestEntry testId="819bb8d7-624c-c81d-056d-ce2fa5c01e81" executionId="0d60d341-49ca-4a2b-a3c0-8faf5a016915" testListId="8c84fa94-04c1-424b-9868-57a2d4851a1d" />
    <TestEntry testId="a232bbd4-0c6f-f030-dfe1-0861fb40d9ef" executionId="393f357c-cda7-4352-800c-8374d920b86c" testListId="8c84fa94-04c1-424b-9868-57a2d4851a1d" />
    <TestEntry testId="c1fa5a75-d4f7-68e5-fe4e-988e7834ee9b" executionId="28acefa8-8e05-41d7-aec0-16669e170035" testListId="8c84fa94-04c1-424b-9868-57a2d4851a1d" />
    <TestEntry testId="4eb14b6c-cc58-d036-389a-31bd18d3f884" executionId="9fc2e524-d64e-43af-b12a-6018f2cf0dfb" testListId="8c84fa94-04c1-424b-9868-57a2d4851a1d" />
    <TestEntry testId="0bb26833-fad5-16cf-48c5-a514df4774cf" executionId="6fea8111-8c87-4a99-b369-454f9cc0177a" testListId="8c84fa94-04c1-424b-9868-57a2d4851a1d" />
    <TestEntry testId="f5f4725d-7326-946e-1580-a299db529086" executionId="8c068c04-8f8c-492e-bb82-25c32bd6aa53" testListId="8c84fa94-04c1-424b-9868-57a2d4851a1d" />
    <TestEntry testId="cfbab749-c83a-310d-4540-eebf5fd65891" executionId="d883630d-9d71-4681-9820-94171354cc4e" testListId="8c84fa94-04c1-424b-9868-57a2d4851a1d" />
    <TestEntry testId="4b3b46e2-280b-60ed-a7b4-34058315d54f" executionId="ebec64ee-d9b8-4d1c-9ef8-6e26ddf38f29" testListId="8c84fa94-04c1-424b-9868-57a2d4851a1d" />
    <TestEntry testId="fc59942e-3f57-b4ae-aeeb-3f1e11131773" executionId="648ced65-711f-4962-b742-a68597001665" testListId="8c84fa94-04c1-424b-9868-57a2d4851a1d" />
    <TestEntry testId="60a32fe6-f352-3a7c-9ec6-1afd0189a141" executionId="e3c4850e-b3e3-48af-9e58-33f6628502a4" testListId="8c84fa94-04c1-424b-9868-57a2d4851a1d" />
    <TestEntry testId="f4bde0c5-56bc-36e6-2900-d1e140ab6047" executionId="76c7ec51-e0eb-4087-825b-f1ab2c60c202" testListId="8c84fa94-04c1-424b-9868-57a2d4851a1d" />
    <TestEntry testId="763f0137-e7e4-661f-c2a6-33b3f28a8666" executionId="17e50ac4-6512-44e2-817c-ba5a0fbb01d7" testListId="8c84fa94-04c1-424b-9868-57a2d4851a1d" />
    <TestEntry testId="666d6788-a383-69be-e976-255665b07996" executionId="f77515ec-bcf5-48a9-be4e-288a0a430139" testListId="8c84fa94-04c1-424b-9868-57a2d4851a1d" />
    <TestEntry testId="a264f0b1-9c4d-5108-a975-9f8da122c27d" executionId="50a2be40-e51b-4db0-aada-e6e5016b9534" testListId="8c84fa94-04c1-424b-9868-57a2d4851a1d" />
    <TestEntry testId="a15139bc-4db2-5845-66dc-29bff5fd85d3" executionId="d08065a5-7863-4f61-919e-54eccfabfd8b" testListId="8c84fa94-04c1-424b-9868-57a2d4851a1d" />
    <TestEntry testId="3012e4f5-7664-e196-003f-2be73450f28b" executionId="99bb9af0-9956-4919-ac04-7cb0b82fd587" testListId="8c84fa94-04c1-424b-9868-57a2d4851a1d" />
    <TestEntry testId="8417e2b6-3065-faf1-fb12-00a36ae173ea" executionId="95bfb9c6-bf47-4437-a017-a3de6248e233" testListId="8c84fa94-04c1-424b-9868-57a2d4851a1d" />
    <TestEntry testId="23587aaa-1c07-9cf4-1ab9-6553a65e3722" executionId="7291233c-d64e-41e0-a404-0176bcdaa283" testListId="8c84fa94-04c1-424b-9868-57a2d4851a1d" />
    <TestEntry testId="50bd7504-f8cb-0cc4-f4f6-2f6a009e63a1" executionId="e879e5b1-e2f5-4659-97ce-3c6e88e7beb8" testListId="8c84fa94-04c1-424b-9868-57a2d4851a1d" />
    <TestEntry testId="b2e55ec2-53d3-8dbc-b11f-5ffe9866d6e5" executionId="4b3c8fec-43e1-41cd-917b-53ebb1af8a12" testListId="8c84fa94-04c1-424b-9868-57a2d4851a1d" />
    <TestEntry testId="323e21a7-2d76-5115-4cf8-7382ae87ac13" executionId="b102ce06-f3d5-4fd6-a3c3-4b4fb91aa963" testListId="8c84fa94-04c1-424b-9868-57a2d4851a1d" />
    <TestEntry testId="9d35d995-e72b-54e6-89c8-760b8a03a606" executionId="e3f9fafb-0582-4f55-95d7-aa939bfee340" testListId="8c84fa94-04c1-424b-9868-57a2d4851a1d" />
    <TestEntry testId="d017e1de-d77c-5d35-3807-05c36f5c2011" executionId="ea11b560-af03-4e3f-96b0-a20e77fd211c" testListId="8c84fa94-04c1-424b-9868-57a2d4851a1d" />
    <TestEntry testId="091438e6-b4e3-b2b0-92b8-73291d41c12a" executionId="a18c18a6-c47c-4e3e-bd1b-e472558288a0" testListId="8c84fa94-04c1-424b-9868-57a2d4851a1d" />
    <TestEntry testId="e1c4b2c8-6421-3b0d-74db-306ed248dfc8" executionId="97c437fd-2e2b-4c99-af69-296fafe61869" testListId="8c84fa94-04c1-424b-9868-57a2d4851a1d" />
    <TestEntry testId="0efb79e0-7c5a-aa0d-38b6-d1d6870b4bb4" executionId="08394910-7a5f-48a5-b31c-c0bf2d6fe938" testListId="8c84fa94-04c1-424b-9868-57a2d4851a1d" />
    <TestEntry testId="cc6ba929-9fd9-f920-cb2e-283dcbb5ee01" executionId="3d08ccde-092b-489f-aaa3-477da097953e" testListId="8c84fa94-04c1-424b-9868-57a2d4851a1d" />
    <TestEntry testId="0333d46d-5d86-b0f5-6854-51377d198f55" executionId="bc2d057c-7ade-4582-855c-1a9e2bbd7173" testListId="8c84fa94-04c1-424b-9868-57a2d4851a1d" />
    <TestEntry testId="2a1c856c-191c-5eb8-1391-5a2aea5df558" executionId="6fd3cfbe-b367-4835-aa4a-48a9ce9e78d2" testListId="8c84fa94-04c1-424b-9868-57a2d4851a1d" />
    <TestEntry testId="d1a55157-f5bc-2d9f-41c8-7dd6899c62ba" executionId="236a3a25-e777-4635-9df4-1555ccd7e64a" testListId="8c84fa94-04c1-424b-9868-57a2d4851a1d" />
    <TestEntry testId="c843f5f5-c9ca-76c5-e799-8147be0346ca" executionId="c6a9cad1-b9d8-4437-8b76-00296d456298" testListId="8c84fa94-04c1-424b-9868-57a2d4851a1d" />
    <TestEntry testId="60e8f5c9-4db0-1ba7-4aae-cbeb5664adf5" executionId="0a2c8d54-1b01-4a40-9519-02ebeafc2afb" testListId="8c84fa94-04c1-424b-9868-57a2d4851a1d" />
    <TestEntry testId="d0b2304e-f546-20e2-91f8-f1686494292c" executionId="a8fa9ef5-640f-4e2e-9f7e-93afe1c6fc48" testListId="8c84fa94-04c1-424b-9868-57a2d4851a1d" />
    <TestEntry testId="7c87ce97-3006-8df4-6255-06a7cd2934b4" executionId="b1f53433-ae3d-4b0c-9ba0-45606e4f8e08" testListId="8c84fa94-04c1-424b-9868-57a2d4851a1d" />
    <TestEntry testId="95cf24fd-e71b-fe4c-7541-8a27c8863857" executionId="c1c4e55a-c10d-4edc-ae22-5f8c0cee59e0" testListId="8c84fa94-04c1-424b-9868-57a2d4851a1d" />
    <TestEntry testId="33780b4a-0362-167f-2931-0903ee50e4bb" executionId="132bedef-1eb3-44f6-8a03-0a8b6816da23" testListId="8c84fa94-04c1-424b-9868-57a2d4851a1d" />
    <TestEntry testId="0e8f3bf0-8edc-db2a-f7e7-ff919cd44797" executionId="b1444685-1e98-42a9-a820-470e15361c76" testListId="8c84fa94-04c1-424b-9868-57a2d4851a1d" />
    <TestEntry testId="eeab9be4-2297-a90c-b9c8-bfa1a5cddb09" executionId="be2f5948-dc8b-436f-bbaa-c042f8540a8e" testListId="8c84fa94-04c1-424b-9868-57a2d4851a1d" />
    <TestEntry testId="a91dfd97-7985-793d-9d26-a8685ec249d8" executionId="00b4a967-00cd-4f11-8c80-4fa17b53cdf1" testListId="8c84fa94-04c1-424b-9868-57a2d4851a1d" />
    <TestEntry testId="9a82231a-d9a6-70f2-cca8-14d859363fba" executionId="d1d749f3-cf24-4bd5-8c04-b48390622d7b" testListId="8c84fa94-04c1-424b-9868-57a2d4851a1d" />
    <TestEntry testId="de7b1b28-8388-0f03-fc4f-7609c388802f" executionId="1bec46ba-a7ac-4828-8694-86bc66a77716" testListId="8c84fa94-04c1-424b-9868-57a2d4851a1d" />
    <TestEntry testId="09553817-4b9b-6008-f440-e4c74c83a5ab" executionId="4c3c38e5-3784-4b0c-a374-24e2690a8ee7" testListId="8c84fa94-04c1-424b-9868-57a2d4851a1d" />
    <TestEntry testId="8e1cdaa4-958b-d15f-2a3c-f9941edac161" executionId="392b3d79-0fcd-4406-b798-60f653d7e2d0" testListId="8c84fa94-04c1-424b-9868-57a2d4851a1d" />
    <TestEntry testId="b973da1a-2e42-fe55-9475-2d140e6e0854" executionId="ef2337e9-2181-4619-9d35-42e8b59fc028" testListId="8c84fa94-04c1-424b-9868-57a2d4851a1d" />
    <TestEntry testId="c51b3078-6e6f-69cd-7488-a837ab254938" executionId="2ce2232e-16cc-433b-831f-b9c1d5663a4e" testListId="8c84fa94-04c1-424b-9868-57a2d4851a1d" />
    <TestEntry testId="bcc1f090-6996-2cb8-87c6-b76dfa585bcf" executionId="a017e019-5e23-49a3-b9e9-a80730fd8b4d" testListId="8c84fa94-04c1-424b-9868-57a2d4851a1d" />
    <TestEntry testId="7ebb38ee-7066-bf66-04ee-9abbe13d7cee" executionId="3b8002a9-ea16-43c3-9b28-775567375d22" testListId="8c84fa94-04c1-424b-9868-57a2d4851a1d" />
    <TestEntry testId="54ba9024-1311-05b6-107a-f72445d640ec" executionId="98e9f6e3-b891-4606-8875-8a5512657ce8" testListId="8c84fa94-04c1-424b-9868-57a2d4851a1d" />
    <TestEntry testId="55a8cd0b-5829-5a8f-d803-5d0d9990dd78" executionId="404ed1d4-1170-47dc-90b9-663525e6f9b8" testListId="8c84fa94-04c1-424b-9868-57a2d4851a1d" />
    <TestEntry testId="0014b922-30dd-73b7-b1ea-5493c30866ff" executionId="73e9f55f-493e-45a2-8329-5e99988d1a2f" testListId="8c84fa94-04c1-424b-9868-57a2d4851a1d" />
    <TestEntry testId="d7bca3c7-b9a8-e924-c3aa-de3d51066aa2" executionId="036b89a8-f3da-4ae0-9e5f-7ba54545cfe2" testListId="8c84fa94-04c1-424b-9868-57a2d4851a1d" />
    <TestEntry testId="3bb2dc54-0acc-d6fe-1ea4-545175cf9719" executionId="d3a22922-26e2-4f67-bd95-b5b6c477fb49" testListId="8c84fa94-04c1-424b-9868-57a2d4851a1d" />
    <TestEntry testId="7dd8084e-6a56-c19d-2586-bea75cd34c77" executionId="88a32d72-5558-4c24-b01a-a797c4f5dab1" testListId="8c84fa94-04c1-424b-9868-57a2d4851a1d" />
    <TestEntry testId="85b74715-8755-e581-34c6-86c92c716088" executionId="adab6c17-34cf-4454-9a97-f18c67425643" testListId="8c84fa94-04c1-424b-9868-57a2d4851a1d" />
    <TestEntry testId="a452df64-9a2f-95e6-8e97-6d615b088fb9" executionId="9fd950bf-a8e0-47e3-9442-5eab0ae0ff9f" testListId="8c84fa94-04c1-424b-9868-57a2d4851a1d" />
    <TestEntry testId="e85d7078-d3d0-c5a3-65fe-4e7b8fb675b0" executionId="eddeaf71-2bd1-4a57-85ab-a40957bcd8d9" testListId="8c84fa94-04c1-424b-9868-57a2d4851a1d" />
    <TestEntry testId="e0354803-87cb-694c-b54f-fa0b7d4bd2fd" executionId="2e9337ef-b5e7-4e31-97d3-2f4e8154f6c8" testListId="8c84fa94-04c1-424b-9868-57a2d4851a1d" />
    <TestEntry testId="8abb6d1f-b487-073e-045a-524047fbc26e" executionId="5a008012-3411-4eb1-8741-c9a454060d49" testListId="8c84fa94-04c1-424b-9868-57a2d4851a1d" />
    <TestEntry testId="72b7b52c-c641-2591-0a86-1b2bbefab09e" executionId="ad0202fe-bc84-4990-844d-2abbefab3c82" testListId="8c84fa94-04c1-424b-9868-57a2d4851a1d" />
    <TestEntry testId="a5e1cbd2-7e0b-a924-435a-78975e37986c" executionId="5b6d552d-b7a0-41e3-b93b-24acba44a94d" testListId="8c84fa94-04c1-424b-9868-57a2d4851a1d" />
    <TestEntry testId="4a2b0dd3-32ac-61b2-2335-0891852dcbb0" executionId="429f1bd6-0d94-498b-92b9-1fc68db323d2" testListId="8c84fa94-04c1-424b-9868-57a2d4851a1d" />
    <TestEntry testId="6c9db23f-d821-acd9-3932-64c52fd4fd59" executionId="9885a6ea-be4b-4b96-bfba-e442f3c82f66" testListId="8c84fa94-04c1-424b-9868-57a2d4851a1d" />
    <TestEntry testId="29f17d8d-f672-9cc4-0934-a1929c8fc9af" executionId="8d84bad1-5ef5-41fd-bb64-21e707ee9650" testListId="8c84fa94-04c1-424b-9868-57a2d4851a1d" />
    <TestEntry testId="9324ffe6-d9f3-4dcb-d2ad-0dd4e4d93586" executionId="f27032fc-2393-4a42-8cd2-b36a18704eb1" testListId="8c84fa94-04c1-424b-9868-57a2d4851a1d" />
    <TestEntry testId="89815dfd-d2a8-8abb-e666-ae09c8adddf3" executionId="a5c8f36a-f6d1-4212-bb0a-543154340fad" testListId="8c84fa94-04c1-424b-9868-57a2d4851a1d" />
    <TestEntry testId="802ae8ee-841e-f349-32fc-22df33163994" executionId="e95b92c7-5db8-4aff-be59-a626ef8bde25" testListId="8c84fa94-04c1-424b-9868-57a2d4851a1d" />
    <TestEntry testId="f6589b8c-1807-c8b4-9882-2b6df5e51fe0" executionId="e3e76eb5-3402-4d92-ae9a-e7d1cabf93af" testListId="8c84fa94-04c1-424b-9868-57a2d4851a1d" />
    <TestEntry testId="34f9f52a-2cd1-27eb-bc3d-e499b9fca73c" executionId="d8cc4c67-69d7-4edb-abb3-f695d3fd73ba" testListId="8c84fa94-04c1-424b-9868-57a2d4851a1d" />
    <TestEntry testId="edb0481c-88f7-2c31-1807-1e71b40e80d1" executionId="0929aa81-2291-4374-b797-6867e6dd63bb" testListId="8c84fa94-04c1-424b-9868-57a2d4851a1d" />
    <TestEntry testId="4a80cf60-9014-c0e0-e7d9-378e90e985fb" executionId="7bc17dd0-c1db-44f0-b7ac-7eb28dd72825" testListId="8c84fa94-04c1-424b-9868-57a2d4851a1d" />
    <TestEntry testId="01105cd1-09c1-cbac-01dc-30bcd14f3fe3" executionId="3b4aee07-f9b8-49ab-8d75-c0e58cee679a" testListId="8c84fa94-04c1-424b-9868-57a2d4851a1d" />
    <TestEntry testId="5583bc0e-030d-ca1a-3d89-22bd6377cec4" executionId="33305707-fa22-491c-8422-a23b468218a8" testListId="8c84fa94-04c1-424b-9868-57a2d4851a1d" />
    <TestEntry testId="ab8bfcc4-709e-5805-b268-818b58f3a9f3" executionId="f14a8a1e-5b99-47fe-af9c-ecdb74a7bfa1" testListId="8c84fa94-04c1-424b-9868-57a2d4851a1d" />
    <TestEntry testId="2c3d1696-7ed6-064b-fc9b-a5490e2041fe" executionId="648e17f7-0160-4a45-9ecb-cf5fa38e232a" testListId="8c84fa94-04c1-424b-9868-57a2d4851a1d" />
    <TestEntry testId="a1aeb844-7896-29eb-1ad8-78e27cf3a490" executionId="2726bd8c-8618-4c0d-b022-e95abbd285a4" testListId="8c84fa94-04c1-424b-9868-57a2d4851a1d" />
    <TestEntry testId="165f6c38-9e84-fc0d-2e7b-2c914467d30b" executionId="5913b15e-1de5-454b-9bee-b75637944f97" testListId="8c84fa94-04c1-424b-9868-57a2d4851a1d" />
    <TestEntry testId="23f7342b-bcb9-d555-3c56-8f2754f278cc" executionId="7453f426-009c-4d57-bc96-4ca9a1976883" testListId="8c84fa94-04c1-424b-9868-57a2d4851a1d" />
    <TestEntry testId="88c0c836-e7f4-feb0-1ba4-856d748125d9" executionId="15806ef2-1904-4b4a-a12e-b43d61cbcdc9" testListId="8c84fa94-04c1-424b-9868-57a2d4851a1d" />
    <TestEntry testId="d5ca13f2-b839-d455-b20a-6578521aff59" executionId="cd0e22cd-0719-4654-9ffe-e30e5dc9cb85" testListId="8c84fa94-04c1-424b-9868-57a2d4851a1d" />
    <TestEntry testId="2af7e832-d3e6-38a4-8882-f1360ef7cc01" executionId="8c1717f8-d5c0-4ae3-98c0-531a0d3faa39" testListId="8c84fa94-04c1-424b-9868-57a2d4851a1d" />
    <TestEntry testId="47e15284-34a0-a842-e088-57cd79f0998c" executionId="62a550ea-1799-4d9e-892c-e0b4e89f3a79" testListId="8c84fa94-04c1-424b-9868-57a2d4851a1d" />
    <TestEntry testId="e93d7897-5fb7-f773-1a84-4dc679e6c356" executionId="63b92a20-f6cb-4175-8f26-043b6d0cab6f" testListId="8c84fa94-04c1-424b-9868-57a2d4851a1d" />
    <TestEntry testId="1612a8e8-2a3c-70d1-8f69-caeccb41d661" executionId="066408f8-5b8d-4256-bf41-496bbf89ba99" testListId="8c84fa94-04c1-424b-9868-57a2d4851a1d" />
    <TestEntry testId="87efe1c9-1be2-7f87-8071-877776b75fe0" executionId="8febf7f2-6d8c-4d90-a77a-2d8591fe2325" testListId="8c84fa94-04c1-424b-9868-57a2d4851a1d" />
    <TestEntry testId="e978c096-b778-9d19-e3d6-359bc9d50682" executionId="df3357f5-c252-44a6-8656-4ae6416c0113" testListId="8c84fa94-04c1-424b-9868-57a2d4851a1d" />
    <TestEntry testId="7c8c1075-8fa7-f9a6-90de-4413176b302f" executionId="0c69313a-968b-4540-b04a-fd342b7c5080" testListId="8c84fa94-04c1-424b-9868-57a2d4851a1d" />
    <TestEntry testId="60f01e91-cde6-276d-c03e-91d4081b3249" executionId="f3e56fe7-54fc-4ba1-955f-68bdba355849" testListId="8c84fa94-04c1-424b-9868-57a2d4851a1d" />
    <TestEntry testId="252ae679-f8a3-aecd-df62-7982ff1f5e1d" executionId="7401519d-0523-4040-8106-12a71dc1fb89" testListId="8c84fa94-04c1-424b-9868-57a2d4851a1d" />
    <TestEntry testId="71b31747-d980-01ee-deb2-523fbd44a8d1" executionId="da4a938e-1b86-4337-83fb-b64204f37e08" testListId="8c84fa94-04c1-424b-9868-57a2d4851a1d" />
    <TestEntry testId="5a60be6f-ece4-9eff-ca40-e8c2bfeb2442" executionId="987a227b-eb7f-4b06-b3e8-ac2e17e947e6" testListId="8c84fa94-04c1-424b-9868-57a2d4851a1d" />
    <TestEntry testId="6e310e32-f92f-6e95-67fe-0f30a1593318" executionId="09b52b0e-c8cc-4e65-addc-757514ec2ae0" testListId="8c84fa94-04c1-424b-9868-57a2d4851a1d" />
    <TestEntry testId="35e802f0-ba93-715f-e7bf-03d31f5a026e" executionId="77704c3e-0e9a-4e2c-b84e-9d31597fa474" testListId="8c84fa94-04c1-424b-9868-57a2d4851a1d" />
    <TestEntry testId="d6f07851-bc0a-3b0c-8dbd-66c873ca4b7a" executionId="af781455-1d31-4465-909b-dfc01c48c791" testListId="8c84fa94-04c1-424b-9868-57a2d4851a1d" />
    <TestEntry testId="5c07e6f5-2241-5461-9d29-c9bac2b74f64" executionId="94f92f3a-bada-408b-b7ed-4deec85051d8" testListId="8c84fa94-04c1-424b-9868-57a2d4851a1d" />
    <TestEntry testId="c857377c-abe1-fe16-0ece-04bc258afada" executionId="a53a4e81-0977-4c77-80bd-910e09041503" testListId="8c84fa94-04c1-424b-9868-57a2d4851a1d" />
    <TestEntry testId="9e06a7ea-d21d-e6d9-cf16-39683af193f3" executionId="7e4161a7-fea7-48b1-8878-879327b2ff32" testListId="8c84fa94-04c1-424b-9868-57a2d4851a1d" />
    <TestEntry testId="62f90951-9905-9d70-efef-35c1dfc0b8b1" executionId="0b1d1ce7-f0bb-49ed-a15c-2113afe5ecb5" testListId="8c84fa94-04c1-424b-9868-57a2d4851a1d" />
    <TestEntry testId="3fdc033b-948c-1547-a165-1b1e0ccd1ff6" executionId="2d058e5a-be27-4433-a4dc-230b990c5a99" testListId="8c84fa94-04c1-424b-9868-57a2d4851a1d" />
    <TestEntry testId="2a690d6d-9310-83ac-99dd-467bb25feca8" executionId="78cc9bc7-d174-476e-9541-3177d7204548" testListId="8c84fa94-04c1-424b-9868-57a2d4851a1d" />
    <TestEntry testId="06521295-17b0-77ad-11d1-f50ce32e117a" executionId="813d0cb7-9d44-48bd-a3ef-d73826a406ed" testListId="8c84fa94-04c1-424b-9868-57a2d4851a1d" />
    <TestEntry testId="e3ada95b-305b-083a-b556-d1620d0faaa6" executionId="4a7fa442-b724-4077-ab9d-9f2c8a48b7a4" testListId="8c84fa94-04c1-424b-9868-57a2d4851a1d" />
    <TestEntry testId="b82f3ff2-7e97-b8cb-3130-40acba343b63" executionId="a0835753-a0c3-4855-8352-fc51c0fcee40" testListId="8c84fa94-04c1-424b-9868-57a2d4851a1d" />
    <TestEntry testId="25b3506e-b755-0ffc-1d83-67cbeed7b315" executionId="ed6d4fec-92d0-4f8c-b414-af8ce755c80a" testListId="8c84fa94-04c1-424b-9868-57a2d4851a1d" />
    <TestEntry testId="660ef3a6-6abb-f480-9458-9d362732961e" executionId="a58043d0-7499-4a5c-8a29-210d461d639e" testListId="8c84fa94-04c1-424b-9868-57a2d4851a1d" />
    <TestEntry testId="f743c6ff-f8fd-9917-3921-6ee9ce3e9c63" executionId="b3bb4141-4665-40a4-9463-76a32e9aab22" testListId="8c84fa94-04c1-424b-9868-57a2d4851a1d" />
    <TestEntry testId="826c4032-b70c-ddc5-791d-dd3c661d9b62" executionId="f4d493a8-ce09-4427-9dd7-1385037fbf33" testListId="8c84fa94-04c1-424b-9868-57a2d4851a1d" />
    <TestEntry testId="36474396-045c-23d4-90e7-f406118c8189" executionId="695363fd-6b9b-4060-b15e-016b4728522a" testListId="8c84fa94-04c1-424b-9868-57a2d4851a1d" />
    <TestEntry testId="6c7409d9-28bf-ab28-22c1-16a518a26f2a" executionId="f5008eb7-0727-413d-bca1-11fce7c2bab4" testListId="8c84fa94-04c1-424b-9868-57a2d4851a1d" />
    <TestEntry testId="f53de284-49aa-4a80-60ab-eefd16a69ba9" executionId="ad2b5ba5-0d63-4d0e-80a9-f55b1907db67" testListId="8c84fa94-04c1-424b-9868-57a2d4851a1d" />
    <TestEntry testId="0333d46d-5d86-b0f5-6854-51377d198f55" executionId="20ea7908-e640-44b2-b1ba-de34f30cbde6" testListId="8c84fa94-04c1-424b-9868-57a2d4851a1d" />
    <TestEntry testId="27bf4166-2236-24ff-09b9-fe4d5ee647ad" executionId="94a6b6e7-da0b-4a9d-9d98-30d8a8033c5f" testListId="8c84fa94-04c1-424b-9868-57a2d4851a1d" />
    <TestEntry testId="5fc8d77b-1931-b46f-bc82-33869a814019" executionId="932eb031-2d93-48e3-b333-fd223010a90b" testListId="8c84fa94-04c1-424b-9868-57a2d4851a1d" />
    <TestEntry testId="43ac4d6b-1e4a-3303-763c-06238c2b8d7b" executionId="0a5bdc9a-b16f-4dff-a43b-fc0a8833dbbd" testListId="8c84fa94-04c1-424b-9868-57a2d4851a1d" />
    <TestEntry testId="eaa794e6-b7c6-2062-e990-d3fbc94d6058" executionId="31121ac8-11b6-4d40-ab82-cd78844f2ba1" testListId="8c84fa94-04c1-424b-9868-57a2d4851a1d" />
    <TestEntry testId="4ecf0d4e-4e5c-8070-19b2-9e079948676a" executionId="91149408-6441-491e-ba24-410d58929f01" testListId="8c84fa94-04c1-424b-9868-57a2d4851a1d" />
    <TestEntry testId="efe2d614-0af6-853d-247b-f0f2118cee76" executionId="bdf25115-1505-4eeb-8108-e56a8b070b77" testListId="8c84fa94-04c1-424b-9868-57a2d4851a1d" />
    <TestEntry testId="75237d92-d1e3-42dd-0f61-443b0149521f" executionId="e5ced174-4092-4951-9ee4-dd4b39c2f7d9" testListId="8c84fa94-04c1-424b-9868-57a2d4851a1d" />
    <TestEntry testId="434940c5-4712-885c-a11e-477dd750fd9d" executionId="56fd33a7-0f38-4b5a-846e-f8feeab98d52" testListId="8c84fa94-04c1-424b-9868-57a2d4851a1d" />
    <TestEntry testId="1c52fd7e-4099-eb87-c211-9f62bff458aa" executionId="3e1b9e9a-ca4e-4c6d-8d28-1303ded6a537" testListId="8c84fa94-04c1-424b-9868-57a2d4851a1d" />
    <TestEntry testId="c1c8a19e-a2e7-60fd-8141-25544a7d2750" executionId="847c9b60-5677-4b62-a7c2-2b06d5d67b03" testListId="8c84fa94-04c1-424b-9868-57a2d4851a1d" />
    <TestEntry testId="b9a10330-c6c3-600d-4432-4f9f9dc6dc76" executionId="b3975493-5e07-40c9-8394-702bac0ede4d" testListId="8c84fa94-04c1-424b-9868-57a2d4851a1d" />
    <TestEntry testId="a6ea33f1-2fc6-bbfc-e8e0-517b7d2e6107" executionId="634da707-6065-400b-a738-931e92ac025b" testListId="8c84fa94-04c1-424b-9868-57a2d4851a1d" />
    <TestEntry testId="43bb3408-a632-ce0e-0a30-83e5b5cc3f96" executionId="c8fd967b-8301-411e-9ccb-044ae2027835" testListId="8c84fa94-04c1-424b-9868-57a2d4851a1d" />
    <TestEntry testId="b77cd0ae-12fe-6d3c-511a-0aba85480a69" executionId="76f8461d-b43f-468e-b36d-a4500302228f" testListId="8c84fa94-04c1-424b-9868-57a2d4851a1d" />
    <TestEntry testId="510a0ebe-0deb-928e-273c-2f1305856925" executionId="88f9e8d8-7593-4771-af6d-8aa817ca2941" testListId="8c84fa94-04c1-424b-9868-57a2d4851a1d" />
    <TestEntry testId="06ad3f05-f68d-e359-ba7e-4336e087965f" executionId="397d0e2d-ac5c-4c62-a38a-b28ba3810174" testListId="8c84fa94-04c1-424b-9868-57a2d4851a1d" />
    <TestEntry testId="8954480e-58d4-e0df-5cf9-1d0dd7f64f5b" executionId="a2eaaa45-fc72-4739-8359-fe61a06d6be3" testListId="8c84fa94-04c1-424b-9868-57a2d4851a1d" />
    <TestEntry testId="105f82b0-f461-ba65-9df0-93de6cab9817" executionId="e35666b8-826b-4ead-9f1a-28eba965ea9f" testListId="8c84fa94-04c1-424b-9868-57a2d4851a1d" />
    <TestEntry testId="4317fa63-55b2-96fc-2f94-e14f3bd60d61" executionId="562c153c-b529-4475-8129-5b5ce2fa4c36" testListId="8c84fa94-04c1-424b-9868-57a2d4851a1d" />
    <TestEntry testId="f0e4a144-ad8a-055e-b92b-4d19dc96ecf4" executionId="d26eb2db-c167-4f8e-b4cc-62998e2b9aa7" testListId="8c84fa94-04c1-424b-9868-57a2d4851a1d" />
    <TestEntry testId="2b4e7ac0-890c-377d-982a-10f5ccd33fe1" executionId="e6aff4ab-c807-4798-b7aa-9d508f904876" testListId="8c84fa94-04c1-424b-9868-57a2d4851a1d" />
    <TestEntry testId="33b9d565-2372-dde4-9ac6-e737e10c86db" executionId="fbb3fa59-5070-4468-b1d5-737de1a7f6ff" testListId="8c84fa94-04c1-424b-9868-57a2d4851a1d" />
    <TestEntry testId="7eb08b78-2799-5b44-6f96-a120501e45c6" executionId="155cfd0c-2462-40d5-b48d-7fd05ba6a867" testListId="8c84fa94-04c1-424b-9868-57a2d4851a1d" />
    <TestEntry testId="f175a018-5ea8-f1d3-92f7-61c4345d69a7" executionId="980b9dab-0f85-4f30-b160-a0de92213726" testListId="8c84fa94-04c1-424b-9868-57a2d4851a1d" />
    <TestEntry testId="6138dec0-91e6-73cb-9f6b-4c116d9e1abd" executionId="85979e55-7578-49a2-a293-841f5b08298d" testListId="8c84fa94-04c1-424b-9868-57a2d4851a1d" />
    <TestEntry testId="97da0112-697e-554e-c313-d9bd046307b0" executionId="1a5275d7-1de1-4c56-beec-a06149285361" testListId="8c84fa94-04c1-424b-9868-57a2d4851a1d" />
    <TestEntry testId="ab651efa-e4bf-e7bb-e578-297016d16356" executionId="a6d34110-f523-4bf8-9b7f-6c86bfe9dd35" testListId="8c84fa94-04c1-424b-9868-57a2d4851a1d" />
    <TestEntry testId="911f46b3-e5a8-63b9-532d-7e56cbdeba6c" executionId="b95a8e31-e43f-4abc-870f-aa3217716d0e" testListId="8c84fa94-04c1-424b-9868-57a2d4851a1d" />
    <TestEntry testId="fc700737-c519-d76d-3b20-9c99b2edcf86" executionId="cae0f9bd-5eca-4383-bca1-cb88eb53aa54" testListId="8c84fa94-04c1-424b-9868-57a2d4851a1d" />
    <TestEntry testId="5a22d5f8-9e0a-ec20-a150-d45d600856ce" executionId="657b924b-f7b8-4acc-9639-b29b174998ab" testListId="8c84fa94-04c1-424b-9868-57a2d4851a1d" />
    <TestEntry testId="b126bcbc-ca7c-1806-e8b1-9dd33cfb2b77" executionId="e01f4ea8-eb02-49d5-8115-35006eb32881" testListId="8c84fa94-04c1-424b-9868-57a2d4851a1d" />
    <TestEntry testId="992df534-dba3-9c18-9e5a-1af7e26dca5a" executionId="3628644f-77a2-4cfe-ae1a-29c5fde89b0c" testListId="8c84fa94-04c1-424b-9868-57a2d4851a1d" />
    <TestEntry testId="04e31b14-266a-1e0c-192e-1111a14bc1de" executionId="04b6ec7f-02d8-4106-be98-dbe489fc8bf4" testListId="8c84fa94-04c1-424b-9868-57a2d4851a1d" />
    <TestEntry testId="14a9bde5-24ae-51be-9989-00ec8ddc2a28" executionId="35d9de33-ebcd-4094-9289-cbaf3b1f5113" testListId="8c84fa94-04c1-424b-9868-57a2d4851a1d" />
    <TestEntry testId="55b1089d-69cf-497f-4b82-ae5dddbbfd77" executionId="48ddb9c6-ddae-435d-975f-a507c37dc57b" testListId="8c84fa94-04c1-424b-9868-57a2d4851a1d" />
    <TestEntry testId="755e83f3-e247-3a4e-f959-c812d24893ac" executionId="310aac5d-7a3f-451f-966e-d155ac27e65f" testListId="8c84fa94-04c1-424b-9868-57a2d4851a1d" />
    <TestEntry testId="fd252cbf-fc37-3c52-87e7-7fdabff1bfbc" executionId="36018e6e-593e-4171-ab34-fa692540ee0e" testListId="8c84fa94-04c1-424b-9868-57a2d4851a1d" />
    <TestEntry testId="d2afbae5-da8d-040c-bb65-7f2e3759d4f7" executionId="e9beaaf8-c0e6-49f6-bc00-a61f9265e7ae" testListId="8c84fa94-04c1-424b-9868-57a2d4851a1d" />
    <TestEntry testId="6e08379f-9a67-cec8-b64f-452624172a05" executionId="9c1adfcd-9ce4-4ae6-9812-8b0d9bba0a12" testListId="8c84fa94-04c1-424b-9868-57a2d4851a1d" />
    <TestEntry testId="73a41b32-1ed4-8a06-5ae8-dcf175797ffa" executionId="79e97dbc-2c21-4cdc-b8c3-efbbd7c19620" testListId="8c84fa94-04c1-424b-9868-57a2d4851a1d" />
    <TestEntry testId="a7ed8321-25b2-58c8-6a60-0d657b3e13fb" executionId="55157b1e-fd7d-489f-8d14-965a5d9ec433" testListId="8c84fa94-04c1-424b-9868-57a2d4851a1d" />
    <TestEntry testId="933cfc15-28f7-113c-a0c4-8ac1d829e3f0" executionId="4af1232d-56b6-41aa-a9ba-cb632875e646" testListId="8c84fa94-04c1-424b-9868-57a2d4851a1d" />
    <TestEntry testId="48c924d3-dbf3-3bf7-a4aa-42597a185c86" executionId="8463f28b-aa6f-42de-943c-83da9022c0e6" testListId="8c84fa94-04c1-424b-9868-57a2d4851a1d" />
    <TestEntry testId="b5b6d81c-c6b5-5b1e-6194-e9cc72b1b442" executionId="ca7dfb19-524a-44a6-a045-916c99e80f87" testListId="8c84fa94-04c1-424b-9868-57a2d4851a1d" />
    <TestEntry testId="71dd67be-90ea-8f04-954f-73c56393d17b" executionId="b21d998b-4269-40dd-a50c-17b646a91dfd" testListId="8c84fa94-04c1-424b-9868-57a2d4851a1d" />
    <TestEntry testId="fd8ecb99-0ea5-6bf7-997e-b90dc608b939" executionId="8371dcbe-b20f-4cf5-aa98-5773d739ee81" testListId="8c84fa94-04c1-424b-9868-57a2d4851a1d" />
    <TestEntry testId="9c0b959f-7a3a-9215-8b25-f9bfaa074cfc" executionId="6fafb7c3-c970-4ba4-9934-0b79522e40fc" testListId="8c84fa94-04c1-424b-9868-57a2d4851a1d" />
    <TestEntry testId="53debb87-9aa6-6b6e-7fe1-dfe23479ac22" executionId="cf25c96b-5750-47ba-ba0e-86536947fcd0" testListId="8c84fa94-04c1-424b-9868-57a2d4851a1d" />
    <TestEntry testId="312009d9-0ae4-1856-2039-814ad7d08a77" executionId="2c795d81-eb85-407a-a786-8044405e5978" testListId="8c84fa94-04c1-424b-9868-57a2d4851a1d" />
    <TestEntry testId="bbc36980-78e5-1892-cfc6-90382a8fd22d" executionId="684fd920-6f47-477a-883e-80d16f9bd56d" testListId="8c84fa94-04c1-424b-9868-57a2d4851a1d" />
    <TestEntry testId="6a510948-67fd-f1d3-8ac0-e7df3c76bbcd" executionId="7fa0c232-b320-4d33-bfde-93f2cc1e9755" testListId="8c84fa94-04c1-424b-9868-57a2d4851a1d" />
    <TestEntry testId="211ed2ac-54ee-b012-376d-02ec64625548" executionId="c1521169-8fe4-44da-8177-0c90c9f62efb" testListId="8c84fa94-04c1-424b-9868-57a2d4851a1d" />
    <TestEntry testId="b77bb2b9-1067-5371-fdea-c4cc1642bde6" executionId="67a373ab-6c33-46b4-9ec3-6ea61f1ca653" testListId="8c84fa94-04c1-424b-9868-57a2d4851a1d" />
    <TestEntry testId="7451ae01-9849-fe3e-65b7-1460822f019e" executionId="33e2b381-e367-4d6e-bcca-d36110016cbc" testListId="8c84fa94-04c1-424b-9868-57a2d4851a1d" />
    <TestEntry testId="86685ea0-8a9d-6e68-5c46-68362241e32e" executionId="f6a66ce9-3824-49a2-91b7-8e5cadc86ffa" testListId="8c84fa94-04c1-424b-9868-57a2d4851a1d" />
    <TestEntry testId="a7854f38-5c7e-9f35-1568-d7f95b4edd70" executionId="e4b66728-65a8-4ad2-96c2-8b22f7210a62" testListId="8c84fa94-04c1-424b-9868-57a2d4851a1d" />
    <TestEntry testId="1a325d76-9082-8c37-f7ff-bf715be10a0f" executionId="86d1b8b8-bc78-434f-ad9f-d078fe0b8c9e" testListId="8c84fa94-04c1-424b-9868-57a2d4851a1d" />
    <TestEntry testId="c5d68796-5618-b286-21fb-38202d410b6a" executionId="4d9ce572-25a3-4d4a-873b-c6f8f11489aa" testListId="8c84fa94-04c1-424b-9868-57a2d4851a1d" />
    <TestEntry testId="d4fa395b-a9ac-ffa0-04bb-1aa610d2a8fa" executionId="3fc67cfb-41fb-4a90-a301-f7a6e3404d9f" testListId="8c84fa94-04c1-424b-9868-57a2d4851a1d" />
    <TestEntry testId="52130333-a172-f40c-5b46-6e0bddc7014d" executionId="28602979-95c9-4552-8aca-d6f60fa44ea4" testListId="8c84fa94-04c1-424b-9868-57a2d4851a1d" />
    <TestEntry testId="0e55d226-dd8b-d512-829e-3fd78af8660e" executionId="e63dfdd7-d2a7-4f04-a70a-a134395b9543" testListId="8c84fa94-04c1-424b-9868-57a2d4851a1d" />
    <TestEntry testId="28a93114-9f35-3c2a-13ce-222a92c6cc8d" executionId="bb95852c-93bb-49d2-b0bb-62ec854a0888" testListId="8c84fa94-04c1-424b-9868-57a2d4851a1d" />
    <TestEntry testId="53b29888-87dc-21a5-da31-dbbe8fbf6ce4" executionId="05d9823a-21f7-4689-8f8d-58b9d98edf45" testListId="8c84fa94-04c1-424b-9868-57a2d4851a1d" />
    <TestEntry testId="ac695a68-6875-c07f-12bf-9e68779777df" executionId="b1384460-dbc5-42ea-8495-a1c50a51c753" testListId="8c84fa94-04c1-424b-9868-57a2d4851a1d" />
    <TestEntry testId="3bb164af-2324-5ca7-3412-e6d68f71a0a2" executionId="7267e5a2-c081-463b-a9d8-8fe0dc0bec84" testListId="8c84fa94-04c1-424b-9868-57a2d4851a1d" />
    <TestEntry testId="e8796846-1144-ee58-b88f-0434242e6573" executionId="e1509784-d0f6-4cc2-865d-74dacd953847" testListId="8c84fa94-04c1-424b-9868-57a2d4851a1d" />
    <TestEntry testId="d917c172-a523-dca5-b112-697c7f5e61f2" executionId="e7433138-e22c-45b4-b573-0b36bc437888" testListId="8c84fa94-04c1-424b-9868-57a2d4851a1d" />
    <TestEntry testId="f298e08b-35ae-b2c3-5367-15c8dd83e91d" executionId="9a53da11-d8a2-4508-9b93-57b14cd1952f" testListId="8c84fa94-04c1-424b-9868-57a2d4851a1d" />
    <TestEntry testId="fcdd8f06-32b6-00d7-a424-df0afd4ff3ca" executionId="00895513-bd0c-4090-b17f-63b30170eaa9" testListId="8c84fa94-04c1-424b-9868-57a2d4851a1d" />
    <TestEntry testId="d0b2304e-f546-20e2-91f8-f1686494292c" executionId="5e820bb0-c08c-4754-b81c-69153218d57d" testListId="8c84fa94-04c1-424b-9868-57a2d4851a1d" />
    <TestEntry testId="137c9624-42b2-0eab-ef11-6ef02fd583fb" executionId="36d0eb6b-44d1-4186-8121-5ba914654f3a" testListId="8c84fa94-04c1-424b-9868-57a2d4851a1d" />
    <TestEntry testId="147a97dc-ba33-d782-5d5e-5c299c38ddfa" executionId="cb1c00cd-b85c-457f-959a-b384d1a7e32d" testListId="8c84fa94-04c1-424b-9868-57a2d4851a1d" />
    <TestEntry testId="17290bec-893f-abb4-0dab-dd61149abbb1" executionId="fa759f6c-f2f5-498f-9c52-5bb44bd9eaec" testListId="8c84fa94-04c1-424b-9868-57a2d4851a1d" />
    <TestEntry testId="e5373aec-0b58-7415-f2d2-3f4b58881208" executionId="48008742-6dd8-4da1-a8af-8cf61d2b9991" testListId="8c84fa94-04c1-424b-9868-57a2d4851a1d" />
    <TestEntry testId="a87d67eb-f32f-9154-1bed-47acabe8ca6c" executionId="9738efd5-cbc5-46a5-b6b6-87a0c2008cbf" testListId="8c84fa94-04c1-424b-9868-57a2d4851a1d" />
    <TestEntry testId="d9dcc43f-3c21-9963-304b-bd187b498a88" executionId="e84f4a6f-7b1d-4784-9f43-343a5b98c304" testListId="8c84fa94-04c1-424b-9868-57a2d4851a1d" />
    <TestEntry testId="616725d3-2eac-1657-841c-30e513832cea" executionId="7ffdf16a-a005-4a33-850d-834a54f95912" testListId="8c84fa94-04c1-424b-9868-57a2d4851a1d" />
    <TestEntry testId="9d9453d6-c895-dffd-5516-821e1c9755bc" executionId="32ccdb7e-f0dc-45a6-97ad-fecfef147044" testListId="8c84fa94-04c1-424b-9868-57a2d4851a1d" />
    <TestEntry testId="d6b48956-c740-948a-e6b5-07a0222fdd86" executionId="99634061-5cfe-47fa-97de-697ba037c456" testListId="8c84fa94-04c1-424b-9868-57a2d4851a1d" />
    <TestEntry testId="91e6e514-011a-613f-6b0a-9b1fada052c1" executionId="d862a0c0-fb99-4538-ad06-24b87a1f092e" testListId="8c84fa94-04c1-424b-9868-57a2d4851a1d" />
    <TestEntry testId="58b841be-8a8e-7089-11d8-51f597ae94ad" executionId="665ed10e-c500-4ff9-86aa-bfc28bf66291" testListId="8c84fa94-04c1-424b-9868-57a2d4851a1d" />
    <TestEntry testId="acd3edb8-dcbe-84e1-49af-12fa96c28ec7" executionId="2370a58d-2526-4438-b0bb-bd3be7534d13" testListId="8c84fa94-04c1-424b-9868-57a2d4851a1d" />
    <TestEntry testId="7cbca697-14ca-6a19-e350-8d73aa56c2be" executionId="5112b090-f8b5-423b-8b05-74312eb40bcd" testListId="8c84fa94-04c1-424b-9868-57a2d4851a1d" />
    <TestEntry testId="3619ec51-bcab-bce8-f64f-7b8f8c5e1a4c" executionId="ae94e8ed-0e62-47d0-9fb5-98c66e6bf4ef" testListId="8c84fa94-04c1-424b-9868-57a2d4851a1d" />
    <TestEntry testId="a57c1701-9b7e-6369-4fc0-433915b02091" executionId="a17d6ff3-df02-4aee-b7b1-e2563aded7b2" testListId="8c84fa94-04c1-424b-9868-57a2d4851a1d" />
    <TestEntry testId="916d06b9-ae78-4ff2-f6c6-53cb34e66ca0" executionId="c018f57a-3db2-4a75-89ce-9eb50ca9df72" testListId="8c84fa94-04c1-424b-9868-57a2d4851a1d" />
    <TestEntry testId="517c5430-147c-1532-1696-9f497c539ca7" executionId="ac53e977-f02d-42a9-ab36-a93a2b33b3f5" testListId="8c84fa94-04c1-424b-9868-57a2d4851a1d" />
    <TestEntry testId="cf0e5256-4921-33c6-527a-28bfe5a69c45" executionId="d053a07b-ae7e-4f3d-aa39-3c2dbde1edc9" testListId="8c84fa94-04c1-424b-9868-57a2d4851a1d" />
    <TestEntry testId="729c4401-c436-3c0b-dc84-3ffe8fdcf92b" executionId="ffd500f6-7159-41f4-aa9d-934c73da2fb6" testListId="8c84fa94-04c1-424b-9868-57a2d4851a1d" />
    <TestEntry testId="ff6e09c2-50a3-dcf2-e1fa-f99392f2c106" executionId="6a5e2983-884b-4dc2-b103-ab25ef21025c" testListId="8c84fa94-04c1-424b-9868-57a2d4851a1d" />
    <TestEntry testId="6b261f0b-9e21-482c-421a-a43090a83f00" executionId="4a12d0f0-5083-49b9-8ed7-8ae086fae1ee" testListId="8c84fa94-04c1-424b-9868-57a2d4851a1d" />
    <TestEntry testId="65acf963-c945-ddbd-15da-ae0c8070463f" executionId="cb87a459-2a66-4333-88a9-950fc39fc4aa" testListId="8c84fa94-04c1-424b-9868-57a2d4851a1d" />
    <TestEntry testId="fb4cec5c-cb89-ffc5-1460-d6d14ac1ebbe" executionId="adbfcc43-acb4-4af9-a211-561bfc839e0a" testListId="8c84fa94-04c1-424b-9868-57a2d4851a1d" />
    <TestEntry testId="f4123693-4845-257a-546c-e36411f6fd5e" executionId="28ee5712-ed38-41ab-9b71-9328abe267f0" testListId="8c84fa94-04c1-424b-9868-57a2d4851a1d" />
    <TestEntry testId="7a901874-0c7b-a469-24a2-cc7992617b16" executionId="bfc24f18-50b6-4e4e-8b9c-4151fcef10e0" testListId="8c84fa94-04c1-424b-9868-57a2d4851a1d" />
    <TestEntry testId="b0411fa8-4795-c863-8ef8-7d5926179b14" executionId="a7955e7f-0e1a-4ce7-a15d-a396c8090f03" testListId="8c84fa94-04c1-424b-9868-57a2d4851a1d" />
    <TestEntry testId="3b74073a-0126-9404-5bd1-a8b2533dbd14" executionId="e481c887-ca64-4f4f-9a4c-cc6b5681d757" testListId="8c84fa94-04c1-424b-9868-57a2d4851a1d" />
    <TestEntry testId="29606399-eb04-c2f9-dd35-e4a32eea069f" executionId="d46fdbf1-97ab-4a44-944f-defdf140ffbe" testListId="8c84fa94-04c1-424b-9868-57a2d4851a1d" />
    <TestEntry testId="cbca4413-a96f-c31d-458c-0e15df8be173" executionId="23e70c24-8ea8-4c31-b2bc-004d468c35f2" testListId="8c84fa94-04c1-424b-9868-57a2d4851a1d" />
    <TestEntry testId="8baaeda4-04df-e6cd-5b6b-fc4e3cf70500" executionId="2ef43712-42f3-443e-88b4-b98e3f3f863d" testListId="8c84fa94-04c1-424b-9868-57a2d4851a1d" />
    <TestEntry testId="cd0bd2f5-9311-6ccb-b822-40b6491d4115" executionId="7b56202c-003d-4640-a486-a68a172a8485" testListId="8c84fa94-04c1-424b-9868-57a2d4851a1d" />
    <TestEntry testId="3d592bda-ed11-7d12-49f7-6b7fc397e0c4" executionId="8f2ac21f-891d-4473-ae22-03760703076d" testListId="8c84fa94-04c1-424b-9868-57a2d4851a1d" />
    <TestEntry testId="73432225-deae-3eea-a0c3-e515c7ca62eb" executionId="68ebb9a2-e129-4517-b286-91f559cacdb7" testListId="8c84fa94-04c1-424b-9868-57a2d4851a1d" />
    <TestEntry testId="7984d140-089d-c743-8463-fd21a1f29ea1" executionId="ffee9565-dd26-470b-b94f-1dedc00f491a" testListId="8c84fa94-04c1-424b-9868-57a2d4851a1d" />
    <TestEntry testId="3d4a0a31-e7e0-ff53-14ed-6d02e38d9fe6" executionId="c818db1c-2c39-40e7-9b7b-457c9cd4d4b5" testListId="8c84fa94-04c1-424b-9868-57a2d4851a1d" />
    <TestEntry testId="dd84cd82-3c99-5283-b5aa-9b13bc341c78" executionId="d8e8f3ea-acf6-475a-9759-786218d6d635" testListId="8c84fa94-04c1-424b-9868-57a2d4851a1d" />
    <TestEntry testId="ab88b2fb-11e2-00f1-74f5-bd3ffff112d0" executionId="05f65639-dd63-43ff-b6a5-4e705a6fb722" testListId="8c84fa94-04c1-424b-9868-57a2d4851a1d" />
    <TestEntry testId="7fbedb4f-6a4c-f407-8868-47e5e079ab4e" executionId="4dc83c83-4c65-4f0c-a115-06470e0e7480" testListId="8c84fa94-04c1-424b-9868-57a2d4851a1d" />
    <TestEntry testId="d10c5fd0-0ce8-07cc-4659-c084475c83ee" executionId="c46fcffb-d83e-4789-82a6-85d96b482ca9" testListId="8c84fa94-04c1-424b-9868-57a2d4851a1d" />
    <TestEntry testId="03a73c09-a9a4-f8da-9da0-7aa24448c3f3" executionId="0dd3e8cc-62aa-4a33-b8f7-9cbe35d2ee11" testListId="8c84fa94-04c1-424b-9868-57a2d4851a1d" />
    <TestEntry testId="e311b797-b275-23d0-e013-492a7f87ccd3" executionId="22d89510-bef3-4302-a5b4-8ba1fa252f1f" testListId="8c84fa94-04c1-424b-9868-57a2d4851a1d" />
    <TestEntry testId="71494c05-3371-9cbd-7deb-f7490266d38a" executionId="4304b64a-c755-465a-aeb5-cdd7a4c2625a" testListId="8c84fa94-04c1-424b-9868-57a2d4851a1d" />
    <TestEntry testId="37bf313f-7ebd-b778-627c-7838139b3597" executionId="69590c6a-84c9-4e7d-b022-ef03b7319879" testListId="8c84fa94-04c1-424b-9868-57a2d4851a1d" />
    <TestEntry testId="f59fede5-5088-9420-832c-b3ef4c9bd7a4" executionId="258373e6-da4a-4fb5-adb6-e4926042ca82" testListId="8c84fa94-04c1-424b-9868-57a2d4851a1d" />
    <TestEntry testId="496a1220-3ed5-e4af-abb3-5081e7600239" executionId="18e8dcc9-f690-4d45-bb0d-68400cefb83e" testListId="8c84fa94-04c1-424b-9868-57a2d4851a1d" />
    <TestEntry testId="afab01e6-9cc3-a395-89f5-dad076d91450" executionId="63c8d432-d446-4a0e-9433-354670fcef99" testListId="8c84fa94-04c1-424b-9868-57a2d4851a1d" />
    <TestEntry testId="83a84bea-4ef8-6453-35fd-d1b7f699ea95" executionId="2e97504d-9fea-48b6-844e-0527e825255f" testListId="8c84fa94-04c1-424b-9868-57a2d4851a1d" />
    <TestEntry testId="2cf64bd6-7757-ec48-8f40-ade23a43c261" executionId="78d8fc75-3088-4963-bcb2-81d69ef4d094" testListId="8c84fa94-04c1-424b-9868-57a2d4851a1d" />
    <TestEntry testId="085db6a5-8c7e-a675-c01f-73d3ab583e89" executionId="d2674e36-54f9-41e2-a16f-ff08a0407b91" testListId="8c84fa94-04c1-424b-9868-57a2d4851a1d" />
    <TestEntry testId="16c6c8be-2eaf-874f-b060-6cd61bf3095b" executionId="934d0837-3e5f-47e2-8dba-155c4cbe32d3" testListId="8c84fa94-04c1-424b-9868-57a2d4851a1d" />
    <TestEntry testId="cf77fec0-59c0-4c0c-b6fe-87fcdd211fc8" executionId="5a9ad7ce-351f-4670-82d6-a37d4640a59d" testListId="8c84fa94-04c1-424b-9868-57a2d4851a1d" />
    <TestEntry testId="02d79241-5b4f-72d8-41bf-ee8f18c3e014" executionId="f817db45-4969-42cf-a882-719158df53a9" testListId="8c84fa94-04c1-424b-9868-57a2d4851a1d" />
    <TestEntry testId="9af4ddf9-c8f4-e05c-8213-a752a69088b6" executionId="ab964930-7cd6-4773-bcd0-8486da12f230" testListId="8c84fa94-04c1-424b-9868-57a2d4851a1d" />
    <TestEntry testId="1c316d47-e2e6-740f-9152-f3508e6afbda" executionId="95aea99d-1452-4caa-8526-b2251c776799" testListId="8c84fa94-04c1-424b-9868-57a2d4851a1d" />
    <TestEntry testId="d8a2657b-04dc-8045-0005-eb1bd8ecb143" executionId="d100ff0f-4667-43b1-a10b-cc0d21af52c9" testListId="8c84fa94-04c1-424b-9868-57a2d4851a1d" />
    <TestEntry testId="f9d3f7b9-4e43-3442-e9bd-5497d3ea9a9d" executionId="fe504218-60dd-4c5f-be08-01062fc7240f" testListId="8c84fa94-04c1-424b-9868-57a2d4851a1d" />
    <TestEntry testId="45b061e4-2259-f61a-42e0-1e13f6bb7a48" executionId="0a4f869d-12d3-4eb9-ae75-e5e7ef9e73ba" testListId="8c84fa94-04c1-424b-9868-57a2d4851a1d" />
    <TestEntry testId="69403a1e-ad04-4352-a605-0272221d5985" executionId="039ab30b-42f7-4404-8ec5-40cf06b14a77" testListId="8c84fa94-04c1-424b-9868-57a2d4851a1d" />
    <TestEntry testId="84fe2c8b-63df-3cb6-1730-14b972b8d40a" executionId="8bb6c256-dce5-4e23-a582-ac474d452ca5" testListId="8c84fa94-04c1-424b-9868-57a2d4851a1d" />
    <TestEntry testId="cc855dab-04f6-cc4e-4d71-9b5c65a101d1" executionId="0d24930a-29d0-4246-b6df-7c39a9c86609" testListId="8c84fa94-04c1-424b-9868-57a2d4851a1d" />
    <TestEntry testId="08b0f78d-671b-ea35-5457-799e0365ab5f" executionId="dca48061-0bb6-411e-840d-2baf4666010b" testListId="8c84fa94-04c1-424b-9868-57a2d4851a1d" />
    <TestEntry testId="4a5e55d5-afa8-2034-f3c9-59a3e3ee2caa" executionId="c5a4e94c-92c1-406d-aba0-8a91d3a237f2" testListId="8c84fa94-04c1-424b-9868-57a2d4851a1d" />
    <TestEntry testId="5b5275f3-6257-2ac4-6361-7f3785303c27" executionId="4d8601f5-5497-4db7-92f1-00acdbe545ec" testListId="8c84fa94-04c1-424b-9868-57a2d4851a1d" />
    <TestEntry testId="f6ce8734-4b71-5591-9775-1f618b0ef898" executionId="89849e2f-f3ce-4c0c-9cc7-44c8904b26b8" testListId="8c84fa94-04c1-424b-9868-57a2d4851a1d" />
    <TestEntry testId="ffb7c164-28cc-f290-8262-026e392fbc0f" executionId="0f93f6e8-38a7-4dff-a90a-de19f24a41b3" testListId="8c84fa94-04c1-424b-9868-57a2d4851a1d" />
    <TestEntry testId="b7552027-289e-abdc-a51a-1eecf123f5bc" executionId="6a5e1611-d685-4ff8-85f2-a926d10b06a8" testListId="8c84fa94-04c1-424b-9868-57a2d4851a1d" />
    <TestEntry testId="1f17c370-1ccc-98aa-dc80-280289fc57b0" executionId="d9e62fb8-2385-4a55-a8e1-ff6c7f4b442c" testListId="8c84fa94-04c1-424b-9868-57a2d4851a1d" />
    <TestEntry testId="b14ddc64-d223-4677-0904-4f0ffb7022a6" executionId="08804e80-1167-4426-8824-2745f98602f1" testListId="8c84fa94-04c1-424b-9868-57a2d4851a1d" />
    <TestEntry testId="d5d4b5e4-9dab-f6df-bcae-b02977f792ba" executionId="830f9b9a-e54e-48f5-bfbd-5a7a2b6c2f05" testListId="8c84fa94-04c1-424b-9868-57a2d4851a1d" />
    <TestEntry testId="d16106bc-94f0-9bb1-00c8-a3cf1e572943" executionId="c35dc793-3d71-4742-9cf5-3665c1881230" testListId="8c84fa94-04c1-424b-9868-57a2d4851a1d" />
    <TestEntry testId="f619a381-fe6e-728f-20d0-1f886df7789e" executionId="05eb7e36-8bbd-4391-a04f-e97035de367d" testListId="8c84fa94-04c1-424b-9868-57a2d4851a1d" />
    <TestEntry testId="54f61d0f-8d74-a76a-ce66-508a624366dd" executionId="c793200b-a9e2-4a7f-9e9a-78361e42adfd" testListId="8c84fa94-04c1-424b-9868-57a2d4851a1d" />
    <TestEntry testId="9db6bb97-3604-b8fc-5976-8fd38116c854" executionId="7c123fad-1f89-4514-8599-6263105a635b" testListId="8c84fa94-04c1-424b-9868-57a2d4851a1d" />
    <TestEntry testId="a6b324ac-00ea-172d-e39b-1b6a97c62ec4" executionId="0e6add8c-4e31-4260-8bb9-8b5b26222ae0" testListId="8c84fa94-04c1-424b-9868-57a2d4851a1d" />
    <TestEntry testId="9b91a393-9291-664e-c206-69438338c7ac" executionId="95b50217-fb4e-4f99-81b5-4155b0061479" testListId="8c84fa94-04c1-424b-9868-57a2d4851a1d" />
    <TestEntry testId="1a0c1b96-f0e6-d5a9-64f4-4ed8a0533eea" executionId="ee4ff0fc-dedd-4777-a097-2a7e9779ad6e" testListId="8c84fa94-04c1-424b-9868-57a2d4851a1d" />
    <TestEntry testId="3cd23032-ff17-e9c4-9688-1eb23df9c093" executionId="8cf12151-84e9-47f8-b19a-c1368ef7d610" testListId="8c84fa94-04c1-424b-9868-57a2d4851a1d" />
    <TestEntry testId="ee0dc0e1-2e9f-35ef-f40c-095a3253ece9" executionId="4e39a1c1-a801-4e4f-9b85-43224cb412aa" testListId="8c84fa94-04c1-424b-9868-57a2d4851a1d" />
    <TestEntry testId="d1b01e92-6a0a-9cae-4c22-07c0a9a1c8fc" executionId="26b8f1a6-58ae-4160-92ce-76e28d1e1960" testListId="8c84fa94-04c1-424b-9868-57a2d4851a1d" />
    <TestEntry testId="0333d46d-5d86-b0f5-6854-51377d198f55" executionId="a47d5747-e83a-461a-abdb-e0fe96213810" testListId="8c84fa94-04c1-424b-9868-57a2d4851a1d" />
    <TestEntry testId="80079db1-1839-4165-6119-1003a4d5f9fd" executionId="33622726-d8d8-47ee-955f-1caf0b18c1e4" testListId="8c84fa94-04c1-424b-9868-57a2d4851a1d" />
    <TestEntry testId="31d0a064-a3d8-5fce-1568-99de521c3e99" executionId="0d9f673b-fc96-4716-817c-2fed9b5a2a0f" testListId="8c84fa94-04c1-424b-9868-57a2d4851a1d" />
    <TestEntry testId="c60d719f-1b55-54e0-23dd-5ba1e339d63e" executionId="4f555aba-c9da-45f3-967b-809a53f0ec01" testListId="8c84fa94-04c1-424b-9868-57a2d4851a1d" />
    <TestEntry testId="8c2c49bc-65b6-f4ee-b5c4-b4881c4aaeb6" executionId="ed441a1c-a4ca-4195-9f1d-c406f390a93c" testListId="8c84fa94-04c1-424b-9868-57a2d4851a1d" />
    <TestEntry testId="90c6e677-8a75-29d1-97e3-ace8ba361973" executionId="f2195956-31ce-4d20-a286-9c9b425e59e3" testListId="8c84fa94-04c1-424b-9868-57a2d4851a1d" />
    <TestEntry testId="d0b2304e-f546-20e2-91f8-f1686494292c" executionId="0e4af88d-45e7-46db-90bf-37f7eaaf50c0" testListId="8c84fa94-04c1-424b-9868-57a2d4851a1d" />
    <TestEntry testId="c8e92b6e-a686-ab23-ec5b-ead36ae6d891" executionId="0def9d6d-7ac2-4f15-b68a-1380ac27191c" testListId="8c84fa94-04c1-424b-9868-57a2d4851a1d" />
    <TestEntry testId="052902a0-3c21-bbf6-ef5b-f40d7fa4c1dd" executionId="4150a63c-fd2c-477c-b82a-13383ee2adba" testListId="8c84fa94-04c1-424b-9868-57a2d4851a1d" />
    <TestEntry testId="2622ad65-5be9-f76f-a0de-edc1f98557ef" executionId="0cd0ebf9-ef22-4122-b3ac-b6a921c89b1e" testListId="8c84fa94-04c1-424b-9868-57a2d4851a1d" />
    <TestEntry testId="f334f919-54f3-fafc-250e-89199c631a9d" executionId="2179e712-a172-49b5-acd9-3edae74199d5" testListId="8c84fa94-04c1-424b-9868-57a2d4851a1d" />
    <TestEntry testId="63de641c-36bd-a6a3-eafd-fe6bec01b91a" executionId="2655f9fb-518f-4b1f-8d56-41e4a6089db6" testListId="8c84fa94-04c1-424b-9868-57a2d4851a1d" />
    <TestEntry testId="f0b4ab88-f211-25a0-3a66-3d0639956ebe" executionId="4c6e4b7b-305d-49f2-b68e-3d91dbef55cd" testListId="8c84fa94-04c1-424b-9868-57a2d4851a1d" />
    <TestEntry testId="66e86e11-aa6f-d6de-573d-c0aabb75ba87" executionId="3a435754-1d18-45ef-8c53-a371f951736a" testListId="8c84fa94-04c1-424b-9868-57a2d4851a1d" />
    <TestEntry testId="ce501318-c88d-d26a-5cfa-f7af252ee78f" executionId="4fdb759c-e15f-48f7-9118-8b96e537099e" testListId="8c84fa94-04c1-424b-9868-57a2d4851a1d" />
    <TestEntry testId="e009e88f-8e49-b8bb-7c27-2bff6d52e9cc" executionId="b41ef8c0-e0fc-49b8-a811-e84f8f6e2b79" testListId="8c84fa94-04c1-424b-9868-57a2d4851a1d" />
    <TestEntry testId="53eaac2d-a804-70a4-087e-be24742948e1" executionId="6f63b36e-c27b-4155-8228-a3cefb5e2e3c" testListId="8c84fa94-04c1-424b-9868-57a2d4851a1d" />
    <TestEntry testId="7500c41a-cbfa-d7d0-ec17-1f051314e108" executionId="89a2f7cc-c8e5-40b9-bf3f-fab3e593f036" testListId="8c84fa94-04c1-424b-9868-57a2d4851a1d" />
    <TestEntry testId="9d029404-e4a8-40ca-9e0f-18303861faf4" executionId="cfa56f42-d8ef-4719-941f-7738ac182dab" testListId="8c84fa94-04c1-424b-9868-57a2d4851a1d" />
    <TestEntry testId="3e701cb3-3b38-04cd-2edd-f3846a9cd859" executionId="c5930460-2992-4ce7-a862-5fbdca65647d" testListId="8c84fa94-04c1-424b-9868-57a2d4851a1d" />
    <TestEntry testId="69686b34-faa2-c6ee-8e19-f0b2a6d5ca80" executionId="15238cfa-146d-4616-a86e-b382f0f6f5a2" testListId="8c84fa94-04c1-424b-9868-57a2d4851a1d" />
    <TestEntry testId="795339f1-a3a5-5aa4-cac2-81e699424147" executionId="3e5d8e92-ecaa-4be5-ac7f-0331fa787313" testListId="8c84fa94-04c1-424b-9868-57a2d4851a1d" />
    <TestEntry testId="adf69b4a-c0aa-a5d4-e739-acfebea345c5" executionId="6f2561b1-d219-428a-913b-4ea02caf1916" testListId="8c84fa94-04c1-424b-9868-57a2d4851a1d" />
    <TestEntry testId="8c2c49bc-65b6-f4ee-b5c4-b4881c4aaeb6" executionId="edf6f3dc-292e-44c4-9af2-f8372715a01f" testListId="8c84fa94-04c1-424b-9868-57a2d4851a1d" />
    <TestEntry testId="2b510b1a-4d5e-6115-0fa8-03babb40998b" executionId="32cf9ebe-7800-4f98-a3be-9f8e00615b2d" testListId="8c84fa94-04c1-424b-9868-57a2d4851a1d" />
    <TestEntry testId="4c8ab038-adf4-8962-6c11-8fbc1bc7e5b7" executionId="09a00b6d-6ca7-4903-8316-abb69dc4c288" testListId="8c84fa94-04c1-424b-9868-57a2d4851a1d" />
    <TestEntry testId="712efd25-7047-db86-52ff-62ff5c459466" executionId="81fe3d7c-e116-49a3-9857-2629ef4c76e9" testListId="8c84fa94-04c1-424b-9868-57a2d4851a1d" />
    <TestEntry testId="4883f623-f9f5-050b-0f3d-b6b82b95d70f" executionId="3dbb22ed-36e7-4b6a-809d-c962f07e3e81" testListId="8c84fa94-04c1-424b-9868-57a2d4851a1d" />
    <TestEntry testId="5e63f0a7-a67c-dd75-aa50-3de43e91931f" executionId="7f3680ca-b6eb-4bae-bd66-f3dc3f0882ee" testListId="8c84fa94-04c1-424b-9868-57a2d4851a1d" />
    <TestEntry testId="ed54c9ea-a5f5-7db4-01f7-9e1fb8a9e254" executionId="7b7544d5-e0c0-4372-91a1-998238d19698" testListId="8c84fa94-04c1-424b-9868-57a2d4851a1d" />
    <TestEntry testId="b8c8b08d-a39d-0d4a-41c8-e2a85d8d8ba6" executionId="f34abbbb-8cba-4e1c-a171-7731ab9095ce" testListId="8c84fa94-04c1-424b-9868-57a2d4851a1d" />
    <TestEntry testId="bf5f0cdc-3a60-2913-d0ee-0c7d5c56e0e0" executionId="963ba771-b884-400f-a38d-7491b68fdfc9" testListId="8c84fa94-04c1-424b-9868-57a2d4851a1d" />
    <TestEntry testId="cd7ed603-470e-349c-8e39-62b53d5e1b67" executionId="9b94bb02-c2a1-48dd-92b8-7a3e70f29007" testListId="8c84fa94-04c1-424b-9868-57a2d4851a1d" />
    <TestEntry testId="07ac56f9-3138-7be8-297e-4fd1db6d81f0" executionId="24461ef9-fbc9-48bb-9540-d441d7ba8fbc" testListId="8c84fa94-04c1-424b-9868-57a2d4851a1d" />
    <TestEntry testId="678d9e33-cd13-fd62-2a53-c0145e167fde" executionId="eae57ad8-ed18-49a2-b318-1e26f0da9f3c" testListId="8c84fa94-04c1-424b-9868-57a2d4851a1d" />
    <TestEntry testId="4ba4664a-dba1-15f0-628d-66c948ab8341" executionId="a5d066ce-44da-4f3e-8cd8-02235983fc3f" testListId="8c84fa94-04c1-424b-9868-57a2d4851a1d" />
    <TestEntry testId="7bcc779b-acc4-9457-ff3b-e43bb838a30f" executionId="ac41de64-5a7a-45e6-a60f-71bf519eac86" testListId="8c84fa94-04c1-424b-9868-57a2d4851a1d" />
    <TestEntry testId="8d0f5124-f49e-02ed-22a5-3addc685ba85" executionId="117a98e9-8456-4aab-bd14-7dbd184cfd65" testListId="8c84fa94-04c1-424b-9868-57a2d4851a1d" />
    <TestEntry testId="87727029-0b20-eb4e-07e8-09168a107655" executionId="15fba1b1-0129-4590-a9aa-1cb2f9056f0f" testListId="8c84fa94-04c1-424b-9868-57a2d4851a1d" />
    <TestEntry testId="838631cd-f963-90fc-c3f4-ed6a335f7386" executionId="f04ff996-3f32-44b5-ba46-e30deedb7e6a" testListId="8c84fa94-04c1-424b-9868-57a2d4851a1d" />
    <TestEntry testId="7fb5b740-26ae-1f61-b371-b777024b8791" executionId="399f9624-bbbf-4a6a-8614-994631144229" testListId="8c84fa94-04c1-424b-9868-57a2d4851a1d" />
    <TestEntry testId="7297900e-3b29-f4f3-0626-afca45fdad3d" executionId="37318136-1bcf-4db6-8520-60f6a3932451" testListId="8c84fa94-04c1-424b-9868-57a2d4851a1d" />
    <TestEntry testId="bdf7a0c9-d613-0d44-a2b4-9168afc7b38b" executionId="e08c8858-bb9f-4d50-a8e4-7f8f91069df4" testListId="8c84fa94-04c1-424b-9868-57a2d4851a1d" />
    <TestEntry testId="37bff315-c981-889f-e391-c61db9c89da6" executionId="71a8636c-5273-4950-980d-1e9e4f0f5f18" testListId="8c84fa94-04c1-424b-9868-57a2d4851a1d" />
    <TestEntry testId="cdf71ed1-f773-e03d-4c62-6106dea0bbd6" executionId="ba029c8b-687b-45d0-b8df-078addc68bee" testListId="8c84fa94-04c1-424b-9868-57a2d4851a1d" />
    <TestEntry testId="e9d2736d-ec3e-2992-1782-e39baf2c285d" executionId="b2807b31-3b1d-4960-a018-f48c005bc0fc" testListId="8c84fa94-04c1-424b-9868-57a2d4851a1d" />
    <TestEntry testId="2a2729e6-c4d2-07e5-74ea-c5267bf5d66f" executionId="f3bb2213-ea08-4af0-822a-81c31ef3f85c" testListId="8c84fa94-04c1-424b-9868-57a2d4851a1d" />
    <TestEntry testId="169ea821-8769-0be2-0152-41d1b8500d1f" executionId="fb68fe5c-4f40-48cf-b0b4-e9df8fbf1e88" testListId="8c84fa94-04c1-424b-9868-57a2d4851a1d" />
    <TestEntry testId="32d584ee-15a1-dfd4-36f7-9b0d72181dba" executionId="d5141cc8-75fa-4827-9dc1-729b94865e43" testListId="8c84fa94-04c1-424b-9868-57a2d4851a1d" />
    <TestEntry testId="9db6bb97-3604-b8fc-5976-8fd38116c854" executionId="6849240b-070a-46cb-ae68-34489ac13d0c" testListId="8c84fa94-04c1-424b-9868-57a2d4851a1d" />
    <TestEntry testId="95e7b987-1695-9579-d778-1d0449069c63" executionId="b9e415db-cd20-4aad-bf67-3215b3aa47c5" testListId="8c84fa94-04c1-424b-9868-57a2d4851a1d" />
    <TestEntry testId="b973da1a-2e42-fe55-9475-2d140e6e0854" executionId="1345d63e-5331-4dd6-a24e-52bd88ca561b" testListId="8c84fa94-04c1-424b-9868-57a2d4851a1d" />
    <TestEntry testId="60729928-562e-3cf2-639c-f310df0c7aea" executionId="c8ad4110-5004-48b6-844a-4a3819c43813" testListId="8c84fa94-04c1-424b-9868-57a2d4851a1d" />
    <TestEntry testId="92f72acd-24d2-046e-1f0b-5f817b140238" executionId="a174e242-2d30-4858-b9ed-b3be547ff944" testListId="8c84fa94-04c1-424b-9868-57a2d4851a1d" />
    <TestEntry testId="65ab9941-28e3-427f-8c19-2376cc6bbba7" executionId="f73b2aa2-9405-48c5-b1e4-f8c566327743" testListId="8c84fa94-04c1-424b-9868-57a2d4851a1d" />
    <TestEntry testId="4a57ada1-ba97-ef33-3455-39bc3fd6a566" executionId="b78ae014-e388-4282-9b60-45baca79f95a" testListId="8c84fa94-04c1-424b-9868-57a2d4851a1d" />
    <TestEntry testId="ad28f1a1-1acc-4f6f-046b-78c32833a522" executionId="3570c4af-c10c-4b3a-8a8e-2344f97e7940" testListId="8c84fa94-04c1-424b-9868-57a2d4851a1d" />
    <TestEntry testId="f5167ff2-9737-7c15-02a6-16ac2b92cbb7" executionId="aa21aded-fca2-433a-ac1f-0e6ce6998294" testListId="8c84fa94-04c1-424b-9868-57a2d4851a1d" />
    <TestEntry testId="9994efff-6347-70b3-8845-a71cf2cd7ef9" executionId="14613cb3-9402-480f-9250-a409b21a1bc7" testListId="8c84fa94-04c1-424b-9868-57a2d4851a1d" />
    <TestEntry testId="5af0defe-78bc-8cbb-6d4e-515f25edb133" executionId="cdbf08ee-1ab7-4194-a0d1-da5c69ba9851" testListId="8c84fa94-04c1-424b-9868-57a2d4851a1d" />
    <TestEntry testId="117763de-39de-4f07-5184-b3e6fecd3bd5" executionId="2a8d6061-8a4c-458b-a858-d18e854c71b8" testListId="8c84fa94-04c1-424b-9868-57a2d4851a1d" />
    <TestEntry testId="6a4ab509-81a0-0e02-e7d1-2c6c664831ef" executionId="c48ee7b5-3cf5-4772-b2bd-e2af302ca6c0" testListId="8c84fa94-04c1-424b-9868-57a2d4851a1d" />
    <TestEntry testId="721a995d-b6b6-2d2d-2bff-50b4f9dd1ebf" executionId="2f371a92-9ce5-429d-8647-bbe8cd17e7bc" testListId="8c84fa94-04c1-424b-9868-57a2d4851a1d" />
    <TestEntry testId="11a5c497-a940-a922-56d8-a2df525be6d2" executionId="abd9fa71-a15c-4c14-8f07-4ada7144c274" testListId="8c84fa94-04c1-424b-9868-57a2d4851a1d" />
    <TestEntry testId="e41903d3-0f87-c789-7aff-eb057b5e944d" executionId="c848842e-e3e2-43da-a90e-a98933006424" testListId="8c84fa94-04c1-424b-9868-57a2d4851a1d" />
    <TestEntry testId="4807bc5e-dee6-aa18-028e-2a66fbfdfcf0" executionId="7c320a87-f06f-423d-bb9d-61c07ffeb271" testListId="8c84fa94-04c1-424b-9868-57a2d4851a1d" />
    <TestEntry testId="cadaa45e-ee69-5ad0-dc5c-32bcd5ced422" executionId="2f99b82b-4e9b-4243-af61-3f448d4138ba" testListId="8c84fa94-04c1-424b-9868-57a2d4851a1d" />
    <TestEntry testId="7b7af75e-b532-acb9-810d-3cc036bfca6b" executionId="3a2755fd-6605-4074-858b-4cfa1b533fc4" testListId="8c84fa94-04c1-424b-9868-57a2d4851a1d" />
    <TestEntry testId="9e130b9d-80ca-7975-6f06-71a9a604bad7" executionId="99159fdf-140c-4d92-a80f-2c56356077ae" testListId="8c84fa94-04c1-424b-9868-57a2d4851a1d" />
    <TestEntry testId="d0b2304e-f546-20e2-91f8-f1686494292c" executionId="ff2fe4b0-daf0-46bf-a53e-389bb01ffcb3" testListId="8c84fa94-04c1-424b-9868-57a2d4851a1d" />
    <TestEntry testId="9a0b9aa3-f2fa-cf33-f17c-05c44de0a7c0" executionId="f1a20096-c37d-4ce9-85d5-7427e411abae" testListId="8c84fa94-04c1-424b-9868-57a2d4851a1d" />
    <TestEntry testId="15e86cd5-9b4c-352d-dda3-7d495866ce86" executionId="2f132994-8fcc-4f46-aad7-22de3dac3cbf" testListId="8c84fa94-04c1-424b-9868-57a2d4851a1d" />
    <TestEntry testId="f6aecffb-1eec-b3f0-ac11-f8bbd0c05dc4" executionId="9d7889c6-1742-4265-887c-3c84e92f8586" testListId="8c84fa94-04c1-424b-9868-57a2d4851a1d" />
    <TestEntry testId="9adce9cb-081e-1c2f-57a1-1a052ebae84b" executionId="58b7b788-2f87-49d4-a632-a16a851033cb" testListId="8c84fa94-04c1-424b-9868-57a2d4851a1d" />
    <TestEntry testId="1c572c4d-3a64-624e-c2df-32547db77b08" executionId="8277c596-4195-4520-b831-76bd3036650a" testListId="8c84fa94-04c1-424b-9868-57a2d4851a1d" />
    <TestEntry testId="449326ac-5cac-47b2-01ee-78bea2276ab0" executionId="4a96e225-4e96-4df1-b535-7b10023c9c1d" testListId="8c84fa94-04c1-424b-9868-57a2d4851a1d" />
    <TestEntry testId="d52bf258-f9b3-0173-e716-c18c9db5dc52" executionId="e305688f-5cd1-494b-afd8-1423d8b8a541" testListId="8c84fa94-04c1-424b-9868-57a2d4851a1d" />
    <TestEntry testId="4a86cf27-3f06-0062-647a-63b76458b83b" executionId="cada4883-4792-484d-929a-4b6a7589252b" testListId="8c84fa94-04c1-424b-9868-57a2d4851a1d" />
    <TestEntry testId="19ea6c41-388d-476a-b65a-dd2825a5c8e8" executionId="c30897ac-0cda-4051-9b26-87efb76071e4" testListId="8c84fa94-04c1-424b-9868-57a2d4851a1d" />
    <TestEntry testId="7a3fa8f7-d8a2-fa3d-2bd0-5aa509fb8f3d" executionId="27a8ff06-a736-4516-a2d2-fbdb6ddb0e0b" testListId="8c84fa94-04c1-424b-9868-57a2d4851a1d" />
    <TestEntry testId="2b6fe144-0ba4-184f-5800-2dfcbffc132d" executionId="8494f0a1-cecb-4f0e-9072-48cc124063d3" testListId="8c84fa94-04c1-424b-9868-57a2d4851a1d" />
    <TestEntry testId="6fd4a7dd-6c3c-37d3-ba53-e927fba5edff" executionId="6d40a2b9-73b7-4014-a57a-1254fd63d659" testListId="8c84fa94-04c1-424b-9868-57a2d4851a1d" />
    <TestEntry testId="851b8dc3-3960-8449-c0a5-22a7295268f5" executionId="72551b05-5961-412e-a503-f0424addb481" testListId="8c84fa94-04c1-424b-9868-57a2d4851a1d" />
    <TestEntry testId="a78783d1-b3ed-b402-1f4b-9e230c7bd35e" executionId="a6a35721-8d0c-4881-978e-67a1bccb44c6" testListId="8c84fa94-04c1-424b-9868-57a2d4851a1d" />
    <TestEntry testId="6f3af0d6-e706-9282-5ab2-b761422d8887" executionId="89345d55-31c2-40c6-bee1-1710a56bfc70" testListId="8c84fa94-04c1-424b-9868-57a2d4851a1d" />
    <TestEntry testId="f893917c-3e3d-b650-9013-9dce08e52a48" executionId="5af830ab-968b-4f8e-9eaa-c46363e3011f" testListId="8c84fa94-04c1-424b-9868-57a2d4851a1d" />
    <TestEntry testId="ec82da12-4c82-cf2a-f24b-05b9ec4ae751" executionId="a2465c90-4c64-42db-9ee7-77cc01700d5e" testListId="8c84fa94-04c1-424b-9868-57a2d4851a1d" />
    <TestEntry testId="03025800-ebbd-f886-1122-a484e1fcefe0" executionId="c2375357-fe64-46a0-ba55-b6322baa6fdd" testListId="8c84fa94-04c1-424b-9868-57a2d4851a1d" />
    <TestEntry testId="8ed9a550-e0a9-ca24-4d8f-092032052964" executionId="767c6de2-949c-42c9-916b-678728a483fd" testListId="8c84fa94-04c1-424b-9868-57a2d4851a1d" />
    <TestEntry testId="81550f12-6343-c6e9-f91c-b54f67923ef3" executionId="defc7247-d9c8-42bc-bdd4-a9a2e061c85a" testListId="8c84fa94-04c1-424b-9868-57a2d4851a1d" />
    <TestEntry testId="91efdb4a-b114-e47a-5ea1-bc0b22f7a63b" executionId="774ecdc5-4276-44f7-8c95-6139afc42614" testListId="8c84fa94-04c1-424b-9868-57a2d4851a1d" />
    <TestEntry testId="11dabaef-ad73-80ae-cd49-c4c8f036352a" executionId="24067291-3bb9-40ec-952e-a69b4eb24b38" testListId="8c84fa94-04c1-424b-9868-57a2d4851a1d" />
    <TestEntry testId="e89616c3-a9e2-231d-73e0-c4cb1e6e83c4" executionId="4e3871c1-d9db-4e83-b4c3-9b9f4226e7b6" testListId="8c84fa94-04c1-424b-9868-57a2d4851a1d" />
    <TestEntry testId="8904ab84-e6cc-573d-8d92-3fd09bce692d" executionId="ea55352a-ed29-4ded-b973-70f0987e84dd" testListId="8c84fa94-04c1-424b-9868-57a2d4851a1d" />
    <TestEntry testId="0f4b3fb3-1649-3486-4b10-9188fce87c76" executionId="edb8cfed-bc68-4753-b21e-f2064c8f9004" testListId="8c84fa94-04c1-424b-9868-57a2d4851a1d" />
    <TestEntry testId="9acd0353-3fae-f8d4-33dd-3ee3ad210a00" executionId="222280f4-3655-4f20-81b1-f84a3fa1fc2c" testListId="8c84fa94-04c1-424b-9868-57a2d4851a1d" />
    <TestEntry testId="0333d46d-5d86-b0f5-6854-51377d198f55" executionId="4f0e28fd-2de9-4645-a676-3a364cd3fcd0" testListId="8c84fa94-04c1-424b-9868-57a2d4851a1d" />
    <TestEntry testId="a1298a01-03bd-8711-abbe-64c225a89283" executionId="ff9542d5-a0fd-4e84-aa2c-2346fab81272" testListId="8c84fa94-04c1-424b-9868-57a2d4851a1d" />
    <TestEntry testId="60232027-70b9-b2a6-bbb1-aecf36506e7e" executionId="f7cf94da-2b4a-4187-a8ae-addd8bf4af4f" testListId="8c84fa94-04c1-424b-9868-57a2d4851a1d" />
    <TestEntry testId="3e8f6c31-dcca-f9fc-7f4c-1eb9aa99d288" executionId="2763380f-a5fc-4f4b-8fee-adef21ed39d3" testListId="8c84fa94-04c1-424b-9868-57a2d4851a1d" />
    <TestEntry testId="382e7cc3-7949-9a85-f2be-b657e6b68d0d" executionId="2bdc7435-5d29-4a20-952e-6a6bc5a7e359" testListId="8c84fa94-04c1-424b-9868-57a2d4851a1d" />
    <TestEntry testId="e15f6a8c-1377-a124-766a-b347c340cd00" executionId="08ac12da-acc3-486f-b505-f7f49da4d53f" testListId="8c84fa94-04c1-424b-9868-57a2d4851a1d" />
    <TestEntry testId="d7c2ada1-b956-f878-91cd-727439837db5" executionId="4ca1e50c-8871-4fee-bd19-c4e4616679f2" testListId="8c84fa94-04c1-424b-9868-57a2d4851a1d" />
    <TestEntry testId="f6c90f84-5688-c51b-d9ec-6eef208623aa" executionId="529d46dd-af5f-46b0-9468-e6544d30cec3" testListId="8c84fa94-04c1-424b-9868-57a2d4851a1d" />
    <TestEntry testId="0b535412-0aa9-a959-6b27-4d21a170181a" executionId="9efda2c7-896c-4f18-99e2-0f1eb83f5573" testListId="8c84fa94-04c1-424b-9868-57a2d4851a1d" />
    <TestEntry testId="511fce8a-04b2-f37b-2332-049c158b0d26" executionId="1c59a05a-7026-4338-9027-e0d9bb19e9fd" testListId="8c84fa94-04c1-424b-9868-57a2d4851a1d" />
    <TestEntry testId="defd2de0-9152-e075-fca5-d8526e282dd9" executionId="2e00a284-f048-408a-97a6-223d735a1be0" testListId="8c84fa94-04c1-424b-9868-57a2d4851a1d" />
    <TestEntry testId="bef53346-c8d5-ee56-a432-1e4987507426" executionId="bd88bc79-8cbc-4ff5-8e8c-8e97f06ab110" testListId="8c84fa94-04c1-424b-9868-57a2d4851a1d" />
    <TestEntry testId="d22ca329-c2dd-5a00-72d3-64f886f87544" executionId="485a63fe-7a83-4294-b731-82aa2cf4e5ba" testListId="8c84fa94-04c1-424b-9868-57a2d4851a1d" />
    <TestEntry testId="da291fbf-b206-5732-f797-a9f0d2101a08" executionId="352ab164-1ed6-4cfb-99dd-a362b3e3c020" testListId="8c84fa94-04c1-424b-9868-57a2d4851a1d" />
    <TestEntry testId="c2ff30c8-a8d7-3559-cc42-cc41f2ba44ca" executionId="4ec825ea-7015-4873-8767-40ea96ada6cd" testListId="8c84fa94-04c1-424b-9868-57a2d4851a1d" />
    <TestEntry testId="57c3a769-0916-b03b-a68b-2227c68d1936" executionId="217fc920-9385-4477-9806-43344a79cc78" testListId="8c84fa94-04c1-424b-9868-57a2d4851a1d" />
    <TestEntry testId="a97b688a-b418-9b85-110e-573b31f42e7b" executionId="a224c509-7b20-43b8-9236-f244c750ec60" testListId="8c84fa94-04c1-424b-9868-57a2d4851a1d" />
    <TestEntry testId="0e4bc561-ac6f-ae7f-614e-05e2e2593b00" executionId="3848890d-c113-4f5f-a135-332b6c3bafb1" testListId="8c84fa94-04c1-424b-9868-57a2d4851a1d" />
    <TestEntry testId="e9b42158-e62c-3741-8e5a-e6f026f1273e" executionId="3db0473f-a159-442b-b42e-7597784e3340" testListId="8c84fa94-04c1-424b-9868-57a2d4851a1d" />
    <TestEntry testId="6ec3c7f1-218d-1d91-3cae-80e2498875ad" executionId="b7ef14bf-e46d-42a8-bafb-5e9d14575782" testListId="8c84fa94-04c1-424b-9868-57a2d4851a1d" />
    <TestEntry testId="fcd13f0a-a3ae-cad0-d99e-b90710be9326" executionId="618d4fe8-eb5a-4dce-82cd-50d95a0c4714" testListId="8c84fa94-04c1-424b-9868-57a2d4851a1d" />
    <TestEntry testId="847ab57d-e73c-f6a6-1693-54468268aacc" executionId="03a58601-d5bf-4685-b9cc-bd4fc0079ab1" testListId="8c84fa94-04c1-424b-9868-57a2d4851a1d" />
    <TestEntry testId="b4aca936-37ae-30df-264d-b8d2ee98c1e0" executionId="724c67ea-0e5f-4800-a1ed-d4877d64be67" testListId="8c84fa94-04c1-424b-9868-57a2d4851a1d" />
    <TestEntry testId="b4d41ccb-9d89-9259-c8d4-8c3b921acff8" executionId="4dff1182-f99f-433a-8ef5-730520538539" testListId="8c84fa94-04c1-424b-9868-57a2d4851a1d" />
    <TestEntry testId="b9280753-2888-aba1-9d95-d3df772e23d3" executionId="5961a8e5-3349-46c7-936f-710ee8d70a33" testListId="8c84fa94-04c1-424b-9868-57a2d4851a1d" />
    <TestEntry testId="59f14a21-84b4-b0dc-f7cc-6adeee16af00" executionId="1e60c3f3-79e3-4c6d-8406-65488f84b193" testListId="8c84fa94-04c1-424b-9868-57a2d4851a1d" />
    <TestEntry testId="427128c1-7b17-3b38-6181-50373c299c2b" executionId="caf8b7aa-5157-4f8b-baee-2560ebc08560" testListId="8c84fa94-04c1-424b-9868-57a2d4851a1d" />
    <TestEntry testId="e3779122-dab2-cd1e-98dc-6385c95345ea" executionId="d4d65ca3-3bdc-4003-99ab-7abd57aa24cf" testListId="8c84fa94-04c1-424b-9868-57a2d4851a1d" />
    <TestEntry testId="12011e1f-1386-fd1b-6c24-f2abbc3b624e" executionId="155736b9-eb9a-4f2a-ac62-117c4a65b3a7" testListId="8c84fa94-04c1-424b-9868-57a2d4851a1d" />
    <TestEntry testId="ca14a03f-72cc-323a-790c-0d952ad27d6c" executionId="68c2d1e3-2c52-493d-97cb-e5051faef053" testListId="8c84fa94-04c1-424b-9868-57a2d4851a1d" />
    <TestEntry testId="bbad579f-f64b-a27e-5081-38c4f10b1f25" executionId="2e0976fe-2394-4b3d-9fd6-96ed114c37ee" testListId="8c84fa94-04c1-424b-9868-57a2d4851a1d" />
    <TestEntry testId="f2d429aa-9d20-925f-2295-b5d569bf0af5" executionId="839d6338-a439-41e8-aeb3-e281d2fbfa7e" testListId="8c84fa94-04c1-424b-9868-57a2d4851a1d" />
    <TestEntry testId="70e50c4c-853c-0fba-bc4c-9393c6159a5d" executionId="990d6fe2-01a0-49eb-b4bc-eda8ecb7015a" testListId="8c84fa94-04c1-424b-9868-57a2d4851a1d" />
    <TestEntry testId="2d547916-0c68-dbe6-b50a-13a5c59a03a8" executionId="e4c7bb01-9b51-4121-b9ff-9fa7eb40c210" testListId="8c84fa94-04c1-424b-9868-57a2d4851a1d" />
    <TestEntry testId="a4ba3362-9c98-746c-6358-5af3e3bbdbc5" executionId="41f48009-1387-45de-af0f-c60a19602ba6" testListId="8c84fa94-04c1-424b-9868-57a2d4851a1d" />
    <TestEntry testId="09cd5e45-0570-c979-76c3-832ea6deac02" executionId="e489e8dd-8b65-45b8-b31c-cb5103244d84" testListId="8c84fa94-04c1-424b-9868-57a2d4851a1d" />
    <TestEntry testId="ec7958e5-6b27-ec74-be39-d284af62c103" executionId="473d77af-5747-4d91-9f7e-f4e647f445d8" testListId="8c84fa94-04c1-424b-9868-57a2d4851a1d" />
    <TestEntry testId="1fc823fa-74ff-b3fe-4fa6-3b5fa05ec987" executionId="cc1d54bd-9c2c-4420-9edc-59e55be97038" testListId="8c84fa94-04c1-424b-9868-57a2d4851a1d" />
    <TestEntry testId="38bc6cc2-d810-703c-6e85-b7c63e67668b" executionId="69648824-c4ea-4b18-bae4-ccf9da8338c3" testListId="8c84fa94-04c1-424b-9868-57a2d4851a1d" />
    <TestEntry testId="7ee2f8a1-7100-05f7-4399-0a99e2da8177" executionId="2cb5bfde-42e2-41c3-989c-79c4761c9a1e" testListId="8c84fa94-04c1-424b-9868-57a2d4851a1d" />
    <TestEntry testId="b973da1a-2e42-fe55-9475-2d140e6e0854" executionId="73f186fa-e581-4f8b-bb55-8468fdcdc4df" testListId="8c84fa94-04c1-424b-9868-57a2d4851a1d" />
    <TestEntry testId="60048fd0-f628-2414-5f44-2abc735cad01" executionId="debcad27-28e9-4f2a-9017-0d09bd980835" testListId="8c84fa94-04c1-424b-9868-57a2d4851a1d" />
    <TestEntry testId="883779d0-7952-eb0c-c31e-1f8c5a8ba363" executionId="4897b5f3-39de-4dfa-8597-ef78f229ef94" testListId="8c84fa94-04c1-424b-9868-57a2d4851a1d" />
    <TestEntry testId="524bfdaa-4ece-bf9b-09bf-d73bdaf697c2" executionId="6f521c44-fed7-4491-becd-71434ed38d03" testListId="8c84fa94-04c1-424b-9868-57a2d4851a1d" />
    <TestEntry testId="b4dd6698-a7ed-7ac8-0f60-aeb20de576ed" executionId="31f4d96b-3104-4439-8dd2-bed3e10f31af" testListId="8c84fa94-04c1-424b-9868-57a2d4851a1d" />
    <TestEntry testId="137dcc65-2e31-9ad5-19c0-edb2c2b8948d" executionId="4032117b-444f-47c6-a043-a4267f4490dc" testListId="8c84fa94-04c1-424b-9868-57a2d4851a1d" />
    <TestEntry testId="75431804-87bd-07ee-2b8c-43f9a6a82b9f" executionId="04c443fc-09d9-4ed1-bbf1-839634183c93" testListId="8c84fa94-04c1-424b-9868-57a2d4851a1d" />
    <TestEntry testId="53b7c9d1-f66c-a4d5-cce9-31acb67bd54b" executionId="98dce285-0997-4129-954c-c6aa0af2fbcf" testListId="8c84fa94-04c1-424b-9868-57a2d4851a1d" />
    <TestEntry testId="8ef6a5af-67d0-f48b-9c3e-b82bf1834e1f" executionId="84d837f8-834a-4926-9353-c18404d492a7" testListId="8c84fa94-04c1-424b-9868-57a2d4851a1d" />
    <TestEntry testId="ea2458c0-9424-d64e-fc9f-cd714df52505" executionId="3347947c-92fc-488e-a902-9fc65c05aa7e" testListId="8c84fa94-04c1-424b-9868-57a2d4851a1d" />
    <TestEntry testId="09f4fafc-6253-3508-3c99-9b5886d6f67b" executionId="4518c631-b68d-480c-b98a-aac33262b50a" testListId="8c84fa94-04c1-424b-9868-57a2d4851a1d" />
    <TestEntry testId="fe15ed70-edb8-051c-0ed1-f61711a3e82b" executionId="0c563d5e-27ba-42f4-b40a-37fcf7a3d111" testListId="8c84fa94-04c1-424b-9868-57a2d4851a1d" />
    <TestEntry testId="f3ce5db2-b2fd-b6d1-3cd1-1d66b91f44f3" executionId="3fdd60a6-1068-48ca-930e-a0019935248c" testListId="8c84fa94-04c1-424b-9868-57a2d4851a1d" />
    <TestEntry testId="32e32a66-d4f1-77a7-7ab8-7e018d3a6767" executionId="555d71da-6a30-4cca-8901-f227ae188735" testListId="8c84fa94-04c1-424b-9868-57a2d4851a1d" />
    <TestEntry testId="6e6ac8f3-0819-3620-368e-e521e23051f4" executionId="a270c31b-cdcd-489b-bd1b-291d2eee616c" testListId="8c84fa94-04c1-424b-9868-57a2d4851a1d" />
    <TestEntry testId="c445fb80-4196-106e-83c9-31f0009f79f8" executionId="43bf2f87-284a-41b6-9c47-b4ea5695b358" testListId="8c84fa94-04c1-424b-9868-57a2d4851a1d" />
    <TestEntry testId="8c2c49bc-65b6-f4ee-b5c4-b4881c4aaeb6" executionId="52b867ba-c1d0-4112-b504-2b515fe9c430" testListId="8c84fa94-04c1-424b-9868-57a2d4851a1d" />
    <TestEntry testId="0a750dc6-f6e3-60ac-2190-12bf3e168f6b" executionId="fadaf737-8217-4805-aa3c-50cdfb497925" testListId="8c84fa94-04c1-424b-9868-57a2d4851a1d" />
    <TestEntry testId="26622ef9-5846-af13-b201-d59ddb97495c" executionId="4b273e45-6ec6-4d41-b91b-c8fccf2e1cdf" testListId="8c84fa94-04c1-424b-9868-57a2d4851a1d" />
    <TestEntry testId="75ff8b89-c29d-1f26-495a-fd8df9337b05" executionId="9033cbdc-169f-407a-8cb4-b5bf5c5de527" testListId="8c84fa94-04c1-424b-9868-57a2d4851a1d" />
    <TestEntry testId="dbff7ba6-3066-6207-5a06-7139c39e15a3" executionId="1de431e6-6b78-4bff-97a2-6066da06fe65" testListId="8c84fa94-04c1-424b-9868-57a2d4851a1d" />
    <TestEntry testId="8c2c49bc-65b6-f4ee-b5c4-b4881c4aaeb6" executionId="feaf843c-a06c-41ed-875c-ced490910f08" testListId="8c84fa94-04c1-424b-9868-57a2d4851a1d" />
    <TestEntry testId="4367249e-b753-0719-58e1-a366c6908009" executionId="38fa7380-705b-4973-b1ae-d1f74937beb4" testListId="8c84fa94-04c1-424b-9868-57a2d4851a1d" />
    <TestEntry testId="ccc8d6d3-7398-7456-9d24-9dde1684df97" executionId="baf755e3-ecb5-4227-a5d4-f0a0633a1fd3" testListId="8c84fa94-04c1-424b-9868-57a2d4851a1d" />
    <TestEntry testId="94ee11cb-b809-ecb9-448a-341da4041414" executionId="f2eb11f5-4c55-455f-a20d-eb250aefa36d" testListId="8c84fa94-04c1-424b-9868-57a2d4851a1d" />
    <TestEntry testId="db26b30a-24e3-7020-d019-1e42b6a4d221" executionId="ebf76ef6-f2dd-45c7-a180-abb6860de08e" testListId="8c84fa94-04c1-424b-9868-57a2d4851a1d" />
    <TestEntry testId="b7f2b168-201b-354c-b588-c25abcba08f6" executionId="3bc3f4f6-f9fe-45eb-afb2-763c9e84bb2d" testListId="8c84fa94-04c1-424b-9868-57a2d4851a1d" />
    <TestEntry testId="dd1f14a1-154f-ecad-4572-e81a7348e9a0" executionId="d6b6c9d2-f1c4-40ac-aacb-e3f02960a60a" testListId="8c84fa94-04c1-424b-9868-57a2d4851a1d" />
    <TestEntry testId="5d2e2690-aa46-e9c4-8ecd-96fde205bce6" executionId="08b9c307-419e-4374-ae73-156653a0ce6f" testListId="8c84fa94-04c1-424b-9868-57a2d4851a1d" />
    <TestEntry testId="8f152971-a57d-71f5-4089-09201e25a167" executionId="f9727b08-4995-43db-abe3-77515f087777" testListId="8c84fa94-04c1-424b-9868-57a2d4851a1d" />
    <TestEntry testId="3c307e2e-3724-3f9d-7889-0b41b420f80d" executionId="061e37ac-d56c-40c3-a6c4-99be08e438bc" testListId="8c84fa94-04c1-424b-9868-57a2d4851a1d" />
    <TestEntry testId="b3f6e98a-3a53-1d31-86e2-ef28c68319be" executionId="a8f820a5-4276-4e94-a568-5db963dc32b0" testListId="8c84fa94-04c1-424b-9868-57a2d4851a1d" />
    <TestEntry testId="a79acc2e-bd02-98cf-2627-cf9bebe845cd" executionId="f31d9b06-4aa2-4633-ae65-9ad2846ac47c" testListId="8c84fa94-04c1-424b-9868-57a2d4851a1d" />
    <TestEntry testId="2c3b44fd-fa46-8183-5182-666a722a1d32" executionId="d5d86cc3-d2e6-4139-b4c8-5aa367450fb6" testListId="8c84fa94-04c1-424b-9868-57a2d4851a1d" />
    <TestEntry testId="66e86e11-aa6f-d6de-573d-c0aabb75ba87" executionId="b184f364-ff4a-4cbb-bc13-7e0a29798e72" testListId="8c84fa94-04c1-424b-9868-57a2d4851a1d" />
    <TestEntry testId="c8650023-1067-791b-dd5c-18d12052608d" executionId="912033f4-87b1-490e-b5de-75f2fef0af84" testListId="8c84fa94-04c1-424b-9868-57a2d4851a1d" />
    <TestEntry testId="54388baf-379f-30fb-e5bb-48aebadee046" executionId="e9868e9f-a34c-4f1f-8f3c-4546d702cee6" testListId="8c84fa94-04c1-424b-9868-57a2d4851a1d" />
    <TestEntry testId="056494d2-386c-db98-33dd-6bfd38b9862c" executionId="9e2b8a1d-47d3-4d0b-a3bb-bc1725308fa8" testListId="8c84fa94-04c1-424b-9868-57a2d4851a1d" />
    <TestEntry testId="10cb8da7-6c82-4d6f-fac0-8fac334cf5fa" executionId="4653f427-496c-473f-8a4a-68250e38dcae" testListId="8c84fa94-04c1-424b-9868-57a2d4851a1d" />
    <TestEntry testId="53eed585-c66c-d3af-1317-bc94c6f1d004" executionId="d873e596-df98-4585-b568-0ea63e64dc5d" testListId="8c84fa94-04c1-424b-9868-57a2d4851a1d" />
    <TestEntry testId="0f013609-d93e-670b-a412-70675382ec30" executionId="9b867fe8-5d40-455a-8eaf-86a2e5f850f3" testListId="8c84fa94-04c1-424b-9868-57a2d4851a1d" />
    <TestEntry testId="43655046-2888-33a0-726e-c98fc7330b7a" executionId="b08dbe6d-284a-4288-b22f-e5ec8c7144c3" testListId="8c84fa94-04c1-424b-9868-57a2d4851a1d" />
    <TestEntry testId="c792b5a9-861f-92ab-689e-0ff84d51963b" executionId="28847a0b-365f-44e9-b0ed-b59b952cad8f" testListId="8c84fa94-04c1-424b-9868-57a2d4851a1d" />
    <TestEntry testId="8e5b121b-1d15-183d-945f-dca684e7062b" executionId="fd7ce672-6bf4-4c0b-95fa-53a14cf5b1a9" testListId="8c84fa94-04c1-424b-9868-57a2d4851a1d" />
    <TestEntry testId="c2dd246d-d151-2a7a-0530-725bcd1562ae" executionId="24631442-45c8-4226-aa46-5c8e9f414716" testListId="8c84fa94-04c1-424b-9868-57a2d4851a1d" />
    <TestEntry testId="f09fb77a-e7fb-8dd2-7c9b-d8f3394c31ef" executionId="3f98aa35-2826-4972-97e0-771ceac1d4cf" testListId="8c84fa94-04c1-424b-9868-57a2d4851a1d" />
    <TestEntry testId="dfc09e0b-8ba1-fdc3-15e4-71c9ad9279c7" executionId="d924c030-799e-440e-b14c-a1e1d2bd5913" testListId="8c84fa94-04c1-424b-9868-57a2d4851a1d" />
    <TestEntry testId="91b3ce7e-3a7f-586a-e5ae-f12809cddb73" executionId="b0370f1c-d2e0-4366-9d3c-64c4c96bbf79" testListId="8c84fa94-04c1-424b-9868-57a2d4851a1d" />
    <TestEntry testId="78cfdda6-bdc5-ae5d-79f7-c202a46546d5" executionId="66762475-bb7a-45fa-98f8-477cbcd8cfe6" testListId="8c84fa94-04c1-424b-9868-57a2d4851a1d" />
    <TestEntry testId="7737e60f-a804-e7a9-14a0-3ed728a5397d" executionId="4796bedd-4365-4233-ab9d-62a56bcdd5b9" testListId="8c84fa94-04c1-424b-9868-57a2d4851a1d" />
    <TestEntry testId="9984812f-eb2c-9c02-caff-36ed48ba3a06" executionId="ae279d91-3b76-40e7-93b3-3448d829d4b9" testListId="8c84fa94-04c1-424b-9868-57a2d4851a1d" />
    <TestEntry testId="20f23e4d-d4f0-b522-2aae-a7514b6f7eb7" executionId="1fd58883-a82c-4914-abbe-03fd555bbdf6" testListId="8c84fa94-04c1-424b-9868-57a2d4851a1d" />
    <TestEntry testId="83f839ac-4fab-a3b5-0047-02bc5b96b923" executionId="400d36f1-5fdc-4a71-930f-93edc6a93158" testListId="8c84fa94-04c1-424b-9868-57a2d4851a1d" />
    <TestEntry testId="8a926079-d37b-d578-0a0a-6089f3763554" executionId="fadda41f-2f2f-4059-afa1-c6af35115811" testListId="8c84fa94-04c1-424b-9868-57a2d4851a1d" />
    <TestEntry testId="dddaf17d-5517-3f4f-03ab-f34e2b268e02" executionId="ee4d084f-2d75-4726-82fa-37b8c06a2945" testListId="8c84fa94-04c1-424b-9868-57a2d4851a1d" />
    <TestEntry testId="58d35d93-eca7-cf07-5e4b-8f1eaf217685" executionId="4b496f35-9de2-4513-9bab-96a8eca2489b" testListId="8c84fa94-04c1-424b-9868-57a2d4851a1d" />
    <TestEntry testId="7aa27c89-24be-7840-a1e3-e4b3433af667" executionId="036ef8be-9114-4573-8efb-d688739c23e4" testListId="8c84fa94-04c1-424b-9868-57a2d4851a1d" />
    <TestEntry testId="c5d569fa-3738-a023-ca33-3c40df7b3166" executionId="18a53cbe-7d32-4ce4-b5a3-a15292d672ef" testListId="8c84fa94-04c1-424b-9868-57a2d4851a1d" />
    <TestEntry testId="0d7159f0-6304-aa0d-efeb-3f8d2542989e" executionId="29184f6e-dcaa-4279-af4c-2aed172177d2" testListId="8c84fa94-04c1-424b-9868-57a2d4851a1d" />
    <TestEntry testId="8e6ddf2a-6615-fcd1-37b4-94b38689e909" executionId="0618c47c-5da8-4b45-9ffa-50ae5ec49c8e" testListId="8c84fa94-04c1-424b-9868-57a2d4851a1d" />
    <TestEntry testId="10224707-2c35-2bee-7b21-6866611dd931" executionId="b7023146-a5aa-4675-8831-90c8e6666532" testListId="8c84fa94-04c1-424b-9868-57a2d4851a1d" />
    <TestEntry testId="ebc0fa24-85c8-dc2c-53fa-9dc707b351a9" executionId="22837d92-3a98-44ef-ad80-7ef85ceef757" testListId="8c84fa94-04c1-424b-9868-57a2d4851a1d" />
    <TestEntry testId="4d2eb348-f4fd-dff1-41b1-d9c5aadfde36" executionId="e7f846db-a7b5-4bb4-b6ff-1f2a897d79e0" testListId="8c84fa94-04c1-424b-9868-57a2d4851a1d" />
    <TestEntry testId="08cd3b7e-81fe-ee61-3770-6ef4e99404f5" executionId="793718e8-2c7b-4385-8408-588d1741f0fc" testListId="8c84fa94-04c1-424b-9868-57a2d4851a1d" />
    <TestEntry testId="a8871676-ce17-d390-bb0c-a516e476f500" executionId="75bdab5b-4cf2-40dc-b780-09361236488b" testListId="8c84fa94-04c1-424b-9868-57a2d4851a1d" />
    <TestEntry testId="21fbbbf9-9a5d-3e33-b7d9-df390bb3bd65" executionId="bd6da64f-a8cb-41a1-8c3b-863ba11118c8" testListId="8c84fa94-04c1-424b-9868-57a2d4851a1d" />
    <TestEntry testId="5b79f4cf-1b83-ca4a-9a30-3bf4b3d558fb" executionId="ed9a60bd-47cb-4174-bbb2-cbbb2bb521ae" testListId="8c84fa94-04c1-424b-9868-57a2d4851a1d" />
    <TestEntry testId="00e221b9-0e53-9998-4193-9fb40f03aa51" executionId="125e0704-853f-42be-be76-df7b6ce47473" testListId="8c84fa94-04c1-424b-9868-57a2d4851a1d" />
    <TestEntry testId="ef6e298b-3b57-a101-fc06-1de33d52559e" executionId="774e8baa-b378-411c-a6ba-026fb0814fec" testListId="8c84fa94-04c1-424b-9868-57a2d4851a1d" />
    <TestEntry testId="bc829c53-06c2-a7dc-b1f8-d70159e18456" executionId="544d60be-9e35-41d8-be8b-8f09dae989dd" testListId="8c84fa94-04c1-424b-9868-57a2d4851a1d" />
    <TestEntry testId="047f80a9-1135-430d-d434-5a53ca872262" executionId="b6abfcd0-aec7-48ba-833e-fcae00370928" testListId="8c84fa94-04c1-424b-9868-57a2d4851a1d" />
    <TestEntry testId="9db6bb97-3604-b8fc-5976-8fd38116c854" executionId="96c0b227-c7b6-4a76-89da-9a2c2789b372" testListId="8c84fa94-04c1-424b-9868-57a2d4851a1d" />
    <TestEntry testId="17c44798-53de-b935-215a-5409291bae3f" executionId="07f49969-7ac6-47ad-8ae0-9b6392326797" testListId="8c84fa94-04c1-424b-9868-57a2d4851a1d" />
    <TestEntry testId="1436f67d-1e50-e908-5e9d-779642bd5fef" executionId="32a399ba-345b-405d-a2e6-71d698f6cbd4" testListId="8c84fa94-04c1-424b-9868-57a2d4851a1d" />
    <TestEntry testId="6d91f986-9aaf-0e9d-ccae-8ca48ef82f1a" executionId="37d8a374-d76b-49ec-96ef-2cbf6201f79e" testListId="8c84fa94-04c1-424b-9868-57a2d4851a1d" />
    <TestEntry testId="2e591e03-87ef-236e-cc76-3deca98a667b" executionId="4d614cfb-a339-4767-85c4-34795bf2da02" testListId="8c84fa94-04c1-424b-9868-57a2d4851a1d" />
    <TestEntry testId="72240f0a-eeaa-28c0-4513-3c4c965a6b95" executionId="464b0de8-4acf-49b6-88d5-80218b79ddad" testListId="8c84fa94-04c1-424b-9868-57a2d4851a1d" />
    <TestEntry testId="98d31eb5-6dcd-5944-ccfa-a2b792f0816e" executionId="e1adb47d-954e-4756-bde0-63e3be2f6e7b" testListId="8c84fa94-04c1-424b-9868-57a2d4851a1d" />
    <TestEntry testId="4f3ab75d-7a94-1c7f-6a25-53a0b7412c76" executionId="cea2278c-3d42-4b70-b720-b7e07a9ea727" testListId="8c84fa94-04c1-424b-9868-57a2d4851a1d" />
    <TestEntry testId="2847d0ed-aa8d-13a3-ee8e-d6d91711a87a" executionId="c8a1ca19-ee44-49a6-a7c4-6bebb07c0a5b" testListId="8c84fa94-04c1-424b-9868-57a2d4851a1d" />
    <TestEntry testId="df6a4bc8-3289-2841-1c34-096205b98b7c" executionId="1dd9c96c-d6a3-438c-bfd9-5161e8bf566c" testListId="8c84fa94-04c1-424b-9868-57a2d4851a1d" />
    <TestEntry testId="f2299eda-56e6-b899-e674-56f5a211bc21" executionId="9532c6fa-4110-4181-9a80-818b95ad3d73" testListId="8c84fa94-04c1-424b-9868-57a2d4851a1d" />
    <TestEntry testId="2e684ec2-4c7f-a4fa-1fd6-728e8428dad7" executionId="2978d5e1-ae17-434f-acc2-d0ed9028e63a" testListId="8c84fa94-04c1-424b-9868-57a2d4851a1d" />
    <TestEntry testId="c7fd37ea-607e-7c45-f829-050a3da13c2b" executionId="86677801-942b-4f9b-8c00-5b4d71941083" testListId="8c84fa94-04c1-424b-9868-57a2d4851a1d" />
    <TestEntry testId="5c96f0ff-d30b-8c44-6334-5e514bd044ce" executionId="f3644c29-eff2-40db-8ca9-f67f35726799" testListId="8c84fa94-04c1-424b-9868-57a2d4851a1d" />
    <TestEntry testId="b94ad398-8feb-7630-6bda-2d2fc05d73d6" executionId="1f09621c-e9f4-46cf-aab3-e9689ce62e31" testListId="8c84fa94-04c1-424b-9868-57a2d4851a1d" />
    <TestEntry testId="32ed5ddb-2a6a-426e-ec9a-8e013704988d" executionId="6c092e5f-b878-4743-87de-93b14d3f59c1" testListId="8c84fa94-04c1-424b-9868-57a2d4851a1d" />
    <TestEntry testId="f9abe4b9-9dbb-34d4-2964-a69a3300d903" executionId="05bcb87e-9b05-4031-8dc6-f201eb66dac7" testListId="8c84fa94-04c1-424b-9868-57a2d4851a1d" />
    <TestEntry testId="c6071732-714e-1f7c-ef13-ce79cc2bee8d" executionId="63c235e7-b3e0-4359-84e4-932f8fd2d4c2" testListId="8c84fa94-04c1-424b-9868-57a2d4851a1d" />
    <TestEntry testId="297049a7-1668-c7d3-b45e-3a1b3376d14b" executionId="cc309b1e-ada5-4f26-8a69-1cf09b8f2e43" testListId="8c84fa94-04c1-424b-9868-57a2d4851a1d" />
    <TestEntry testId="0333d46d-5d86-b0f5-6854-51377d198f55" executionId="cb9f5cfd-a349-499a-a721-ed02d1524a67" testListId="8c84fa94-04c1-424b-9868-57a2d4851a1d" />
    <TestEntry testId="0bd76dfe-3b6e-ea1c-3c5a-a4b010fd6acd" executionId="4c128b8a-a371-4d01-bbf9-07cb791b064e" testListId="8c84fa94-04c1-424b-9868-57a2d4851a1d" />
    <TestEntry testId="693d5832-6c26-5593-b564-e0b166e6a6fe" executionId="21cb387e-b9d7-40f8-851b-c142083504a2" testListId="8c84fa94-04c1-424b-9868-57a2d4851a1d" />
    <TestEntry testId="728e9034-0c66-22a2-a9b3-aa75a5c16074" executionId="9bfd40dd-2372-4cb9-ad97-859e942f3f8a" testListId="8c84fa94-04c1-424b-9868-57a2d4851a1d" />
    <TestEntry testId="9b447850-4121-51f4-2c49-db873508747f" executionId="fbe625b0-0063-4bff-a4de-e997406d11ec" testListId="8c84fa94-04c1-424b-9868-57a2d4851a1d" />
    <TestEntry testId="521d941f-9ffe-de81-498c-9355d7d6f8b5" executionId="7ec27758-0106-42e2-8f33-869bc2b454dc" testListId="8c84fa94-04c1-424b-9868-57a2d4851a1d" />
    <TestEntry testId="340f91bf-91cb-38d6-157c-33e5f65c53c1" executionId="48e3abb2-3344-416e-b91c-5db30dafba68" testListId="8c84fa94-04c1-424b-9868-57a2d4851a1d" />
    <TestEntry testId="0c0da0a0-5c7c-a0df-2382-42bde5a497b4" executionId="bf3ba456-e0b4-451c-9239-639405b560aa" testListId="8c84fa94-04c1-424b-9868-57a2d4851a1d" />
    <TestEntry testId="307d6a2d-958e-1862-e869-e234d7d919f8" executionId="65b61274-e113-489a-bba6-2b916ec7478d" testListId="8c84fa94-04c1-424b-9868-57a2d4851a1d" />
    <TestEntry testId="36cb3ddc-6b4a-4f2b-cf2d-61ecffff8ee4" executionId="079a4294-607c-427a-a878-91d37f55be84" testListId="8c84fa94-04c1-424b-9868-57a2d4851a1d" />
    <TestEntry testId="577c3ae7-9b73-9c1a-800e-2676ef28b051" executionId="35c20a7e-c48c-4a72-a3dd-fef251546440" testListId="8c84fa94-04c1-424b-9868-57a2d4851a1d" />
    <TestEntry testId="830c06cd-c7e8-0f51-7bbf-ccf64aeca903" executionId="0bb6f799-047e-4003-90fb-bd81f2eff204" testListId="8c84fa94-04c1-424b-9868-57a2d4851a1d" />
    <TestEntry testId="8dfd7540-8740-bf6c-59dc-14c59aa5e8c9" executionId="bc7148d0-710b-4b46-956b-859d55cef2eb" testListId="8c84fa94-04c1-424b-9868-57a2d4851a1d" />
    <TestEntry testId="9aeb6279-b924-91c9-c415-61ed0af0e901" executionId="18c334b5-4888-4b98-aaa0-9cb93a9f959c" testListId="8c84fa94-04c1-424b-9868-57a2d4851a1d" />
    <TestEntry testId="530d8dd5-213e-3a27-1656-d946ce75640c" executionId="9b3ba4e4-192a-4249-9251-d3635a0d2f4e" testListId="8c84fa94-04c1-424b-9868-57a2d4851a1d" />
    <TestEntry testId="360a0461-4d01-9372-b5ee-4e473084b33e" executionId="03c74fb3-36f5-4d4b-84dc-f30c6b62a06f" testListId="8c84fa94-04c1-424b-9868-57a2d4851a1d" />
    <TestEntry testId="822375e5-a990-cbf4-d24b-62a268227a21" executionId="d0bcb625-344d-4a87-bc0b-066e5c3b772a" testListId="8c84fa94-04c1-424b-9868-57a2d4851a1d" />
    <TestEntry testId="1b7d1c17-2f79-013d-46f7-9e358c64f21a" executionId="18d1c704-dd76-4a1b-bf3e-e760c335eedd" testListId="8c84fa94-04c1-424b-9868-57a2d4851a1d" />
    <TestEntry testId="c6c059e1-122f-4e79-ed8c-890edbcc8cf5" executionId="597efe74-4917-4861-a353-944f1f1b0080" testListId="8c84fa94-04c1-424b-9868-57a2d4851a1d" />
    <TestEntry testId="fae852dc-50f6-8273-0c3e-a50e014f488c" executionId="63f9d664-0e35-4711-af8d-c915116498c0" testListId="8c84fa94-04c1-424b-9868-57a2d4851a1d" />
    <TestEntry testId="ea04284a-6bc5-0d7c-11e4-cc30226cf923" executionId="48f2dd5d-15c4-449f-aacb-0a89e0e095de" testListId="8c84fa94-04c1-424b-9868-57a2d4851a1d" />
    <TestEntry testId="74dee336-3ae8-f0ee-2d39-d913d32def47" executionId="bfc4f168-6cba-4507-b7c7-8344f6252efa" testListId="8c84fa94-04c1-424b-9868-57a2d4851a1d" />
    <TestEntry testId="1089b6dc-96e9-f741-61ef-1d7d60da6fc7" executionId="88579a5c-9d76-4759-ac14-8dd7b002c8cf" testListId="8c84fa94-04c1-424b-9868-57a2d4851a1d" />
    <TestEntry testId="57a94566-b60a-f031-4f23-72fc87472498" executionId="672db905-0243-4b83-aaf1-d5c81a9eb1eb" testListId="8c84fa94-04c1-424b-9868-57a2d4851a1d" />
    <TestEntry testId="544c0dc3-44a8-7c38-8e4c-99f960ad903d" executionId="dffcb724-a648-46cb-bb9c-bf6f9a8b9266" testListId="8c84fa94-04c1-424b-9868-57a2d4851a1d" />
    <TestEntry testId="68225ca9-5992-6f4c-9ce3-9b5782612fae" executionId="37f2bfef-3f7e-4e34-906f-c697fadce2bf" testListId="8c84fa94-04c1-424b-9868-57a2d4851a1d" />
    <TestEntry testId="e051455c-225d-fdf8-0081-6af123840356" executionId="8847d433-cfba-424c-9d58-ef13090882a8" testListId="8c84fa94-04c1-424b-9868-57a2d4851a1d" />
    <TestEntry testId="cd445cb0-e88a-238a-d177-673b701ad618" executionId="5417861e-738d-462e-9582-9148d5e0173c" testListId="8c84fa94-04c1-424b-9868-57a2d4851a1d" />
    <TestEntry testId="dd2289be-5090-0fdd-2079-b46f51e4d3bf" executionId="d237ac95-2499-4b83-8cc0-9a2a6640a801" testListId="8c84fa94-04c1-424b-9868-57a2d4851a1d" />
    <TestEntry testId="d3c40996-c352-9d04-c7b8-1406c2f08c97" executionId="bd469c37-d595-4a1b-9bf4-0193608b6ce6" testListId="8c84fa94-04c1-424b-9868-57a2d4851a1d" />
    <TestEntry testId="45fe8065-b4cc-eb85-2d6f-0cef16676fb9" executionId="ee1c753c-e4d9-4a45-b679-78d362eca107" testListId="8c84fa94-04c1-424b-9868-57a2d4851a1d" />
    <TestEntry testId="df9b21cb-1e3c-7f95-aba2-da5a501c4385" executionId="ad01f245-9013-4f63-a984-9d8f5f6ef29a" testListId="8c84fa94-04c1-424b-9868-57a2d4851a1d" />
    <TestEntry testId="44bd2721-0dfc-52b2-7f52-9500391dd421" executionId="783fd976-2f15-406c-910f-664d7cbef996" testListId="8c84fa94-04c1-424b-9868-57a2d4851a1d" />
    <TestEntry testId="0dbf5378-9976-7e13-6850-ef765e301d08" executionId="f63488fa-3dca-49f9-99b3-962e947d1897" testListId="8c84fa94-04c1-424b-9868-57a2d4851a1d" />
    <TestEntry testId="17f5eda0-43c1-039d-2878-d23868161956" executionId="700b3d9a-46e3-4760-9cb8-eb0831f21885" testListId="8c84fa94-04c1-424b-9868-57a2d4851a1d" />
    <TestEntry testId="c495a372-f134-4a93-df87-2712d3a010aa" executionId="e1cac9a1-fc8f-4044-b654-39fe6ff4dd43" testListId="8c84fa94-04c1-424b-9868-57a2d4851a1d" />
    <TestEntry testId="b2652eae-a656-5463-5262-1292e0b98b25" executionId="ca5a3cc0-aee5-4386-88ba-0332dbe126d0" testListId="8c84fa94-04c1-424b-9868-57a2d4851a1d" />
    <TestEntry testId="a7ff2a40-fd67-bee6-9638-1bd08f07cee5" executionId="464bad84-364c-4bcc-9d4a-07075b143469" testListId="8c84fa94-04c1-424b-9868-57a2d4851a1d" />
    <TestEntry testId="1326b336-521f-8c2b-6f61-f1b190c3d816" executionId="2d861a90-760f-47d2-a2d7-b3e0732f5608" testListId="8c84fa94-04c1-424b-9868-57a2d4851a1d" />
    <TestEntry testId="3ab1739a-18cc-7c95-9066-de7858647718" executionId="27dd8c70-e8c3-4c72-8f0f-8a40254b35ba" testListId="8c84fa94-04c1-424b-9868-57a2d4851a1d" />
    <TestEntry testId="90daf2b8-397c-c201-a2f5-1c5f2f7e5b05" executionId="cc301602-4913-48aa-8070-72124bca0779" testListId="8c84fa94-04c1-424b-9868-57a2d4851a1d" />
    <TestEntry testId="5272544f-2caf-ce38-682b-a182d695fadf" executionId="1d07cb87-c6c0-48d9-9bfd-2cfa43685d99" testListId="8c84fa94-04c1-424b-9868-57a2d4851a1d" />
    <TestEntry testId="44468b9b-8865-af04-7635-caa591bdbad2" executionId="e31d36f0-2acf-4bdd-854a-f1d6623ac398" testListId="8c84fa94-04c1-424b-9868-57a2d4851a1d" />
    <TestEntry testId="04c57bc7-38e5-7eee-12b7-1a6012a4faea" executionId="d4f4c30f-bf1c-4bb0-8dd7-761f2c06f7c4" testListId="8c84fa94-04c1-424b-9868-57a2d4851a1d" />
    <TestEntry testId="1c18b609-74a3-5c5d-78f3-71ecd6ed200d" executionId="84184a32-8b7f-4541-8bc4-6747a0994a27" testListId="8c84fa94-04c1-424b-9868-57a2d4851a1d" />
    <TestEntry testId="a41d3ffe-7adc-b241-ae12-4e3ac7d2d2ab" executionId="90036a5a-8991-48e4-b342-1ee512d3dc6f" testListId="8c84fa94-04c1-424b-9868-57a2d4851a1d" />
    <TestEntry testId="9ed470b4-cf78-82d0-e669-41f1a6018083" executionId="fb4d6177-b2d5-4242-a05a-41c349c07a41" testListId="8c84fa94-04c1-424b-9868-57a2d4851a1d" />
    <TestEntry testId="4ff37ccd-f57f-ba0a-c02c-158b3f222854" executionId="c9b333be-2639-4311-af25-bd0cbc3aacfa" testListId="8c84fa94-04c1-424b-9868-57a2d4851a1d" />
    <TestEntry testId="83e77d75-b254-0948-b841-26ddd5c58e7c" executionId="6a8fe993-a9a4-48d2-9f4d-25e03cc5c03d" testListId="8c84fa94-04c1-424b-9868-57a2d4851a1d" />
    <TestEntry testId="0edad4b9-43b0-264d-cd81-71a24da1dddd" executionId="ebe43770-cdcf-44b9-a05a-f4c107786e42" testListId="8c84fa94-04c1-424b-9868-57a2d4851a1d" />
    <TestEntry testId="9ce5cf27-d52c-8811-b575-c7a58d606301" executionId="f9cbbd64-1941-4916-9188-5dfc367bcc2a" testListId="8c84fa94-04c1-424b-9868-57a2d4851a1d" />
    <TestEntry testId="479474de-7110-6d22-c0bd-c11d24078056" executionId="d07fab5f-7343-4974-9d83-3f38bd93b442" testListId="8c84fa94-04c1-424b-9868-57a2d4851a1d" />
    <TestEntry testId="d02d6f6c-0e61-df55-d52e-35526d3bea28" executionId="2bd5ad9a-4906-43b1-a97c-9b7cbbfd3d3c" testListId="8c84fa94-04c1-424b-9868-57a2d4851a1d" />
    <TestEntry testId="009d4c82-6b64-6254-c13d-f667af4af74d" executionId="99bd5e84-19b7-4232-b218-e9f10508e62c" testListId="8c84fa94-04c1-424b-9868-57a2d4851a1d" />
    <TestEntry testId="a2e125cc-8e6f-2627-5e11-9387e5939527" executionId="35b1cdb6-3b26-422b-bdb1-c86b724da05f" testListId="8c84fa94-04c1-424b-9868-57a2d4851a1d" />
    <TestEntry testId="9bde8f7e-c80f-ee79-01f0-bc6a27ef19d7" executionId="bc5f6325-b501-4221-8cb0-844a87acd0e9" testListId="8c84fa94-04c1-424b-9868-57a2d4851a1d" />
    <TestEntry testId="9db6bb97-3604-b8fc-5976-8fd38116c854" executionId="65c5bb35-0242-42cd-9839-91c2dade6567" testListId="8c84fa94-04c1-424b-9868-57a2d4851a1d" />
    <TestEntry testId="6c30c40b-705d-dcb1-085a-86bcc3c5fe56" executionId="455da9bb-ff71-46d7-9dbc-72cfd3419a49" testListId="8c84fa94-04c1-424b-9868-57a2d4851a1d" />
    <TestEntry testId="a8d10047-b022-21c4-ac98-809bf1a7dbc8" executionId="af2af1a7-7476-4fd9-af8f-d494d99c3648" testListId="8c84fa94-04c1-424b-9868-57a2d4851a1d" />
    <TestEntry testId="3ca23b90-0c45-6939-86f5-acd5733daffb" executionId="782154de-fd69-4ce4-b76e-9538911dff32" testListId="8c84fa94-04c1-424b-9868-57a2d4851a1d" />
    <TestEntry testId="b9d9468d-465d-3fe1-6b74-9731d4ccfc2f" executionId="8bcbc371-056b-42a8-abb7-a7d37732416d" testListId="8c84fa94-04c1-424b-9868-57a2d4851a1d" />
    <TestEntry testId="cfdd4acb-c2e3-6825-8f0f-ff742e2e6eb9" executionId="f0da44e0-c0ba-4a42-bf45-28ebd31ca1c7" testListId="8c84fa94-04c1-424b-9868-57a2d4851a1d" />
    <TestEntry testId="a4e9b2aa-21b2-68f3-cf52-4b0e0b3902fa" executionId="36052ca9-09ff-4a42-a8f5-0779b77db728" testListId="8c84fa94-04c1-424b-9868-57a2d4851a1d" />
    <TestEntry testId="004f9fc7-a748-89ff-f15f-3123ff963d6c" executionId="865c33c6-39b5-4d61-9d5f-cf70a9b168a4" testListId="8c84fa94-04c1-424b-9868-57a2d4851a1d" />
    <TestEntry testId="81063b68-97c3-8964-19d0-3444b84e05a5" executionId="19f31ae5-768e-4990-ba15-1ac21cbb55fb" testListId="8c84fa94-04c1-424b-9868-57a2d4851a1d" />
    <TestEntry testId="522dfa67-536d-aef0-4ee1-f561163eb309" executionId="41086ccd-fa59-49ce-a1c2-1e5b518a235e" testListId="8c84fa94-04c1-424b-9868-57a2d4851a1d" />
    <TestEntry testId="38bd37a3-404a-5efa-b165-6dddb6081bcc" executionId="84705cc1-2384-4599-97c8-6203427c02a4" testListId="8c84fa94-04c1-424b-9868-57a2d4851a1d" />
    <TestEntry testId="e4d55142-943b-7ab2-c16b-8d11d387b47e" executionId="ff71dc1d-c04c-40a7-b24b-8f799a10831b" testListId="8c84fa94-04c1-424b-9868-57a2d4851a1d" />
    <TestEntry testId="2bd816c3-fc22-2bf2-945d-17886ecdce57" executionId="cea90d6f-49ec-4dbf-a823-ba3769e7f472" testListId="8c84fa94-04c1-424b-9868-57a2d4851a1d" />
    <TestEntry testId="89ea4bb4-62c8-2801-d399-3e41156c874c" executionId="de894c7c-16b5-48e4-afe4-b7620989a022" testListId="8c84fa94-04c1-424b-9868-57a2d4851a1d" />
    <TestEntry testId="bbf5d914-0b96-de91-dad6-7886da474b62" executionId="653ad323-1f30-4e46-b909-780e4156d6a5" testListId="8c84fa94-04c1-424b-9868-57a2d4851a1d" />
    <TestEntry testId="536c9430-112e-e7f1-65f6-870e98fb9975" executionId="079b0229-bf87-467a-b460-b47ebae832ed" testListId="8c84fa94-04c1-424b-9868-57a2d4851a1d" />
    <TestEntry testId="248cf411-146c-be4a-3859-a7f1997be80d" executionId="6d328d05-e417-41f3-82d3-e7cac31eb026" testListId="8c84fa94-04c1-424b-9868-57a2d4851a1d" />
    <TestEntry testId="4cea91e2-9daf-3355-c855-fc837dab307f" executionId="c56d93df-2088-4bc4-9a74-1dbfd0bd53c5" testListId="8c84fa94-04c1-424b-9868-57a2d4851a1d" />
    <TestEntry testId="8e1def9b-fab2-a95f-0171-79d68ba749d6" executionId="5871d59f-6551-41b2-a7fa-94131bf6f2cc" testListId="8c84fa94-04c1-424b-9868-57a2d4851a1d" />
    <TestEntry testId="52afbf91-3769-da4a-2f64-0d6c3fcc652f" executionId="4168bdae-c7da-45dc-a887-1ae5f1bd30c2" testListId="8c84fa94-04c1-424b-9868-57a2d4851a1d" />
    <TestEntry testId="c7656011-c977-ecfd-46dd-5cfa7031faee" executionId="b43d9747-0e20-4825-a77f-c013d234e845" testListId="8c84fa94-04c1-424b-9868-57a2d4851a1d" />
    <TestEntry testId="77273e5a-4b84-5052-30a1-0080849e0a1d" executionId="8ec91e1e-83e1-423b-8c5a-a7039f233762" testListId="8c84fa94-04c1-424b-9868-57a2d4851a1d" />
    <TestEntry testId="f6e9d184-0141-5799-30e0-ec0927a9c485" executionId="8635b3cf-373e-4dc8-88ba-b07f0c9e10bb" testListId="8c84fa94-04c1-424b-9868-57a2d4851a1d" />
    <TestEntry testId="8bbb9a2a-a2d6-98bd-e50b-00d883b4fc1b" executionId="40cb2e9c-b9aa-484d-823c-94f2fa6d6a1e" testListId="8c84fa94-04c1-424b-9868-57a2d4851a1d" />
    <TestEntry testId="b5b55388-501e-a063-f509-04c76a5b15ca" executionId="b5497171-4aa6-48cb-b50d-262ce6e5a713" testListId="8c84fa94-04c1-424b-9868-57a2d4851a1d" />
    <TestEntry testId="858a2107-63f0-6dde-c868-d84b86efc507" executionId="a82beb2a-364e-4c73-85b1-cada44b61c6f" testListId="8c84fa94-04c1-424b-9868-57a2d4851a1d" />
    <TestEntry testId="d9ab1a16-4afb-0cea-47bf-1d017e0f42f3" executionId="92f4ccb5-d787-4346-9bd1-c118796713f9" testListId="8c84fa94-04c1-424b-9868-57a2d4851a1d" />
    <TestEntry testId="e1564018-5e40-e94b-8baf-05af3545d818" executionId="83eae631-23b4-43bb-b536-c3edb0c5a21f" testListId="8c84fa94-04c1-424b-9868-57a2d4851a1d" />
    <TestEntry testId="7d3c0575-b1b2-d944-a4b1-74ad04c18963" executionId="cf4d132c-c9ae-42c8-a078-19fd2738b730" testListId="8c84fa94-04c1-424b-9868-57a2d4851a1d" />
    <TestEntry testId="13b165bb-3ae4-64df-f91c-a89f7dc40fd9" executionId="82af5a0a-c79c-4e62-a67f-2911f21608ae" testListId="8c84fa94-04c1-424b-9868-57a2d4851a1d" />
    <TestEntry testId="886b5d6a-c4ee-4582-fe8c-f05c914a483e" executionId="0d2674c4-0af5-4860-9508-7d813da16165" testListId="8c84fa94-04c1-424b-9868-57a2d4851a1d" />
    <TestEntry testId="45de2a82-b79d-f401-261f-011689a3c6e0" executionId="c64c4253-07c8-40cf-8008-063e1d785a97" testListId="8c84fa94-04c1-424b-9868-57a2d4851a1d" />
    <TestEntry testId="c2fbc879-8781-c67e-ad4f-0e9b7399f147" executionId="e6a9648a-23ff-4206-a02f-209bf396270c" testListId="8c84fa94-04c1-424b-9868-57a2d4851a1d" />
    <TestEntry testId="15de793c-6023-440c-c531-e16a7cd587a8" executionId="8dcca8e0-1adf-4817-8e2b-731ad5e892dd" testListId="8c84fa94-04c1-424b-9868-57a2d4851a1d" />
    <TestEntry testId="58a35978-8357-9ff1-bfa8-ab6a96b0da36" executionId="18f943c2-acb8-40c9-aad0-ba7fe5c7d90e" testListId="8c84fa94-04c1-424b-9868-57a2d4851a1d" />
    <TestEntry testId="64eac67f-e215-5ecb-abd3-1a8f7f72ad91" executionId="a9b79e8d-554a-441d-b698-bd00b3433cf4" testListId="8c84fa94-04c1-424b-9868-57a2d4851a1d" />
    <TestEntry testId="86418a60-7b65-af8e-1bd5-f60462c724ca" executionId="97287881-5929-4fe8-a9f6-38aecaae22df" testListId="8c84fa94-04c1-424b-9868-57a2d4851a1d" />
    <TestEntry testId="374fff4b-d00b-9682-9882-9b6516e42ca5" executionId="a1ab4286-4d16-4feb-864a-1eb87cb2c504" testListId="8c84fa94-04c1-424b-9868-57a2d4851a1d" />
    <TestEntry testId="7086a3be-16e7-5f82-184b-cb3724242b4e" executionId="7bb7c82b-dc9f-4804-9438-b5a9f101894d" testListId="8c84fa94-04c1-424b-9868-57a2d4851a1d" />
    <TestEntry testId="fdbba66d-6b33-f762-242f-12205074e0ac" executionId="fc8ba7f3-e0f5-4875-be29-e4558fae2289" testListId="8c84fa94-04c1-424b-9868-57a2d4851a1d" />
    <TestEntry testId="1b96a8b2-fb5f-87ce-49f7-0871e1b3ca31" executionId="3f4bdacf-d32a-4dc4-8afc-410afde7e2dc" testListId="8c84fa94-04c1-424b-9868-57a2d4851a1d" />
    <TestEntry testId="4784d1da-834a-cd7c-4aa3-6ace5237eb55" executionId="39cb94a9-ea86-42a8-8cac-b05033e5a23c" testListId="8c84fa94-04c1-424b-9868-57a2d4851a1d" />
    <TestEntry testId="2b065243-18c1-fd8a-74c3-2c0e3d8c43be" executionId="9076b6e7-a21c-41df-937a-804268357f76" testListId="8c84fa94-04c1-424b-9868-57a2d4851a1d" />
    <TestEntry testId="aba371a8-ea66-03ba-d706-bb75202b7822" executionId="a75f358e-ccaf-4e2c-b0c5-a02a6d2a3982" testListId="8c84fa94-04c1-424b-9868-57a2d4851a1d" />
    <TestEntry testId="1113de55-46d3-4f68-b93c-e5b921ce7602" executionId="5b07697f-0975-49ba-aa25-83dece5b2286" testListId="8c84fa94-04c1-424b-9868-57a2d4851a1d" />
    <TestEntry testId="05695ab2-dc99-4d83-549c-ce5238b70472" executionId="37839cad-e1e3-441d-90c1-80690b9fe64e" testListId="8c84fa94-04c1-424b-9868-57a2d4851a1d" />
    <TestEntry testId="b736806b-5f27-18f4-7caa-fc087cf40af3" executionId="217eaadd-f2bf-4bb9-b9a7-4866d66045a4" testListId="8c84fa94-04c1-424b-9868-57a2d4851a1d" />
    <TestEntry testId="db64478b-a246-83c2-5985-db467ac72469" executionId="ccefcd3b-fe52-479f-b967-456bc61a4e10" testListId="8c84fa94-04c1-424b-9868-57a2d4851a1d" />
    <TestEntry testId="b441e7e5-e1cb-c690-ccfa-1a4298655832" executionId="e643f62f-d4f6-413e-a5b2-956b822ff37d" testListId="8c84fa94-04c1-424b-9868-57a2d4851a1d" />
    <TestEntry testId="83d5f5de-85c7-0c92-5d55-866e79833e62" executionId="89dcdf10-7db7-425d-839c-5dc9df6d4aa9" testListId="8c84fa94-04c1-424b-9868-57a2d4851a1d" />
    <TestEntry testId="31296b92-fdf5-366d-7c24-038c83cecd2a" executionId="d6778537-9006-4bfe-b357-c48e968539a2" testListId="8c84fa94-04c1-424b-9868-57a2d4851a1d" />
    <TestEntry testId="d2309e36-9600-03f1-d0a0-0a1b7d459c6c" executionId="4fb75473-3d2e-48b8-b2d9-948d9133a0c2" testListId="8c84fa94-04c1-424b-9868-57a2d4851a1d" />
    <TestEntry testId="e36001c1-65d7-b426-5b29-afff74226aad" executionId="027fde4e-425b-4eb4-a332-17fed79d62b7" testListId="8c84fa94-04c1-424b-9868-57a2d4851a1d" />
    <TestEntry testId="36f05c20-b517-70af-6ce9-eaa8b3b43564" executionId="8b2c4de9-ad88-4707-81ce-b94e89b44975" testListId="8c84fa94-04c1-424b-9868-57a2d4851a1d" />
    <TestEntry testId="50a5b223-7e33-3514-c867-58cd3c30ed32" executionId="eb4b0caa-952d-43cf-a421-cdc09d380960" testListId="8c84fa94-04c1-424b-9868-57a2d4851a1d" />
    <TestEntry testId="a32bc574-b67a-8b70-e9a3-b930e6d8df6d" executionId="e84db0d8-77e2-4d4b-ae00-85632a62c9e5" testListId="8c84fa94-04c1-424b-9868-57a2d4851a1d" />
    <TestEntry testId="3971b68f-3e8f-fd7e-6739-1ace003e4ce9" executionId="697498f1-38ee-44ca-8693-f0689deef68c" testListId="8c84fa94-04c1-424b-9868-57a2d4851a1d" />
    <TestEntry testId="14d64f46-5826-0c36-ece4-f048e7d68db4" executionId="40ee1b82-b4e6-4e35-ad57-4e9ccab11331" testListId="8c84fa94-04c1-424b-9868-57a2d4851a1d" />
    <TestEntry testId="43a64c45-375a-26d2-b50b-cad1b18d7a62" executionId="4393c53b-5419-472b-9da1-e74afa5b331f" testListId="8c84fa94-04c1-424b-9868-57a2d4851a1d" />
    <TestEntry testId="ec19b1ad-7a30-72c3-b356-ece8a10f5a55" executionId="022d1e8b-fc83-4937-ad22-a8fc3136c20a" testListId="8c84fa94-04c1-424b-9868-57a2d4851a1d" />
    <TestEntry testId="c8d1cc50-ea8b-4173-3b8d-36cf86d1632a" executionId="de8a6895-8315-42c5-99b3-a775bddf968d" testListId="8c84fa94-04c1-424b-9868-57a2d4851a1d" />
    <TestEntry testId="ecacd533-673c-ef58-d705-da326531e5a2" executionId="bec8159f-849c-419a-acb2-30af46fbb9bc" testListId="8c84fa94-04c1-424b-9868-57a2d4851a1d" />
    <TestEntry testId="d462dcff-727c-d400-6097-eb2734d78f81" executionId="3d8143a2-7778-478c-b12e-68306880e2fe" testListId="8c84fa94-04c1-424b-9868-57a2d4851a1d" />
    <TestEntry testId="332e42e2-71fc-c22a-d38a-71dfd25868da" executionId="db11317c-f216-40bd-bdbf-f1935d4126fa" testListId="8c84fa94-04c1-424b-9868-57a2d4851a1d" />
    <TestEntry testId="6c3417d9-0344-6c87-4048-9cef33ea984a" executionId="b3d28aad-1862-42a9-909d-e753cafaf127" testListId="8c84fa94-04c1-424b-9868-57a2d4851a1d" />
    <TestEntry testId="e93d7897-5fb7-f773-1a84-4dc679e6c356" executionId="d264667a-c4a3-4d3e-8da9-914768491193" testListId="8c84fa94-04c1-424b-9868-57a2d4851a1d" />
    <TestEntry testId="e4ed302a-c036-2741-06b7-7a45453de75f" executionId="fbc910f3-f4da-4b03-b0a5-592d1a22c2c9" testListId="8c84fa94-04c1-424b-9868-57a2d4851a1d" />
    <TestEntry testId="b00ebc64-1c1c-d270-033b-90ee916141b9" executionId="b5cd5a7a-f528-4485-8107-755353ea0b61" testListId="8c84fa94-04c1-424b-9868-57a2d4851a1d" />
    <TestEntry testId="808fda95-622e-6a68-fe60-d71d7e3aee1d" executionId="c4b0276c-70df-4b45-b9c5-1f97b04e991e" testListId="8c84fa94-04c1-424b-9868-57a2d4851a1d" />
    <TestEntry testId="130ead1c-0b06-6515-8b29-830fe2011385" executionId="46a3b9de-bf79-4e83-ad6b-7052c9c00a09" testListId="8c84fa94-04c1-424b-9868-57a2d4851a1d" />
    <TestEntry testId="036aec93-5068-6bba-266a-1cbdf1ad9369" executionId="33f4687b-ab03-49ee-9c87-10013c198b7c" testListId="8c84fa94-04c1-424b-9868-57a2d4851a1d" />
    <TestEntry testId="3fbf3f9f-ce15-e21f-6f3a-362f035fd2c0" executionId="7a2da552-036f-4244-a920-16c36488de9d" testListId="8c84fa94-04c1-424b-9868-57a2d4851a1d" />
    <TestEntry testId="e6b0840a-402a-f173-1148-6a4a8d392546" executionId="dfee6087-11b4-48d0-a320-f0f1df45c84a" testListId="8c84fa94-04c1-424b-9868-57a2d4851a1d" />
    <TestEntry testId="23aa094c-025b-18cd-0ee6-c2bc296bf8f2" executionId="ee944bac-fbc5-439a-8348-528131129768" testListId="8c84fa94-04c1-424b-9868-57a2d4851a1d" />
    <TestEntry testId="4ab8f3a2-d691-a817-db6c-6d665d86711d" executionId="1c36077c-a639-4165-b8cd-d6c2368f64c4" testListId="8c84fa94-04c1-424b-9868-57a2d4851a1d" />
    <TestEntry testId="7caf9909-bdde-0037-33b0-46de4b44fea1" executionId="39f59dd1-09e1-4582-918b-2c4139dde73f" testListId="8c84fa94-04c1-424b-9868-57a2d4851a1d" />
    <TestEntry testId="835a2aeb-1848-7a26-7610-aef27d13f45f" executionId="5bed4046-b29d-4deb-a008-360664c5785c" testListId="8c84fa94-04c1-424b-9868-57a2d4851a1d" />
    <TestEntry testId="fe613c9e-7661-d5d4-eba4-5bd2002046af" executionId="62d7597f-7914-4be8-acbd-41db68c1420e" testListId="8c84fa94-04c1-424b-9868-57a2d4851a1d" />
    <TestEntry testId="ed31b289-fe39-59b8-143c-241038f93f79" executionId="c5a1d6cd-bf92-4331-a259-cfc5e18086ea" testListId="8c84fa94-04c1-424b-9868-57a2d4851a1d" />
    <TestEntry testId="b973da1a-2e42-fe55-9475-2d140e6e0854" executionId="c0695a12-7844-48c5-a06d-40a24609b7d4" testListId="8c84fa94-04c1-424b-9868-57a2d4851a1d" />
    <TestEntry testId="2eedbd2b-6466-8c81-cb6a-b76ce934ca63" executionId="d2547fa8-9962-498b-9877-8135be135122" testListId="8c84fa94-04c1-424b-9868-57a2d4851a1d" />
    <TestEntry testId="299a4df5-9ec1-8b47-f100-5378fe8b02f0" executionId="9d591398-57b3-4f89-9dfe-b2e2cda3aac8" testListId="8c84fa94-04c1-424b-9868-57a2d4851a1d" />
    <TestEntry testId="3fc7fbda-ad11-74e2-9355-2216eb2ec9d7" executionId="b5b7064c-abf4-4edf-b769-f8dbd6e661c2" testListId="8c84fa94-04c1-424b-9868-57a2d4851a1d" />
    <TestEntry testId="4ee4ad11-7f8a-8ccb-8b13-4868bd90ca2d" executionId="50dfc304-ab7b-4ac8-aa11-248913aa7e6f" testListId="8c84fa94-04c1-424b-9868-57a2d4851a1d" />
    <TestEntry testId="e5d0e237-faee-d3a2-c792-a0b3374a27e5" executionId="caa7da20-8db0-4fba-9f0b-8c78cc67db26" testListId="8c84fa94-04c1-424b-9868-57a2d4851a1d" />
    <TestEntry testId="db0a4ed2-3a0b-020d-7fef-fca50f3accf4" executionId="5fb4af58-5674-4771-8b60-798aa71ccc3a" testListId="8c84fa94-04c1-424b-9868-57a2d4851a1d" />
    <TestEntry testId="45f6be09-9816-35c2-5363-194f26722604" executionId="070615f5-da18-490d-865f-8de9f65aba97" testListId="8c84fa94-04c1-424b-9868-57a2d4851a1d" />
    <TestEntry testId="55253882-7016-87e0-4de9-1f9be395d47c" executionId="26e67491-3840-4957-842d-28d0e5e18bb8" testListId="8c84fa94-04c1-424b-9868-57a2d4851a1d" />
    <TestEntry testId="dcc30307-d889-c61f-db15-6c8235e8fd7e" executionId="5f22852a-c3fc-4fe9-89d3-3defadf23d58" testListId="8c84fa94-04c1-424b-9868-57a2d4851a1d" />
    <TestEntry testId="6208b6c9-ed04-7456-f6ed-a52f305b6372" executionId="26fde926-acfc-4e9c-bc64-ab9a23ac6829" testListId="8c84fa94-04c1-424b-9868-57a2d4851a1d" />
    <TestEntry testId="6fd03e52-aaa1-ada8-26bc-7509bf7fd11f" executionId="81a21ea1-666e-4605-a147-bb04622a6982" testListId="8c84fa94-04c1-424b-9868-57a2d4851a1d" />
    <TestEntry testId="33a5cbf1-11bb-1f4f-d6f4-41b9a765f053" executionId="f6a1b972-a44f-4ed6-8af6-365e03e89f31" testListId="8c84fa94-04c1-424b-9868-57a2d4851a1d" />
    <TestEntry testId="4c525ac8-5915-a9b0-bff8-11b5e172e7fe" executionId="b1c86847-97bf-4b56-9ec8-a84be207ef86" testListId="8c84fa94-04c1-424b-9868-57a2d4851a1d" />
    <TestEntry testId="0db7acd8-cd43-a484-814c-1d5e6746c2dd" executionId="8fc7345a-1a89-4eaf-8499-72ff60fd7478" testListId="8c84fa94-04c1-424b-9868-57a2d4851a1d" />
    <TestEntry testId="01da6973-5ae5-a195-1b29-c9ac769cae35" executionId="8e66c31e-aa9f-4a6c-8ea2-70a94a3e5484" testListId="8c84fa94-04c1-424b-9868-57a2d4851a1d" />
    <TestEntry testId="a006b6de-22f7-8ee1-a2e7-0e464ea1bed1" executionId="4c338857-168b-419a-96ac-337be041eb5b" testListId="8c84fa94-04c1-424b-9868-57a2d4851a1d" />
    <TestEntry testId="69d7d595-e031-5f7f-8bdf-0dc048d5e841" executionId="bc595bac-b746-4fe8-8cf1-4add346e058e" testListId="8c84fa94-04c1-424b-9868-57a2d4851a1d" />
    <TestEntry testId="3c50c9d9-0461-e1c8-aa58-f2ca0117b1dd" executionId="d97eb587-44e6-4458-ab8e-408fed64c363" testListId="8c84fa94-04c1-424b-9868-57a2d4851a1d" />
    <TestEntry testId="0825974a-ba77-300d-17e2-9075239855da" executionId="f895ad53-9c90-4716-87fa-fb798096f600" testListId="8c84fa94-04c1-424b-9868-57a2d4851a1d" />
    <TestEntry testId="92b6cae2-ac14-5107-7d7d-6266feddd8fd" executionId="d26167fd-7593-468b-b31d-3c9907922da7" testListId="8c84fa94-04c1-424b-9868-57a2d4851a1d" />
    <TestEntry testId="d175a773-5876-c379-b850-5171c1459eab" executionId="f29c5ba3-c75d-4155-8763-de006e54b9f5" testListId="8c84fa94-04c1-424b-9868-57a2d4851a1d" />
    <TestEntry testId="341c1707-b443-49ba-b516-8f86938f926d" executionId="9766e9f6-8f78-4998-a4c5-b552b6ca59b2" testListId="8c84fa94-04c1-424b-9868-57a2d4851a1d" />
    <TestEntry testId="45d6502e-1f15-054f-29bc-6f6217cde644" executionId="57171ee1-5741-4678-9f55-f87e76bb7d4a" testListId="8c84fa94-04c1-424b-9868-57a2d4851a1d" />
    <TestEntry testId="72905249-5555-d324-5cc4-e977dfb75d72" executionId="26b35bb1-9ec4-42df-b89c-f973fa951e21" testListId="8c84fa94-04c1-424b-9868-57a2d4851a1d" />
    <TestEntry testId="ea6f0c85-7acb-5cbc-2983-c5317b44a283" executionId="b772d33a-71c3-4727-abac-1c249ef16991" testListId="8c84fa94-04c1-424b-9868-57a2d4851a1d" />
    <TestEntry testId="9fbb0cad-ef3b-b25f-b16d-6295bd73e048" executionId="b9cbbead-790a-491e-80b5-d40e1ca7571b" testListId="8c84fa94-04c1-424b-9868-57a2d4851a1d" />
    <TestEntry testId="430940e6-29ee-0651-07a3-369522e7fe55" executionId="63c4d0fa-4575-4cb6-81ae-0e342668ab5a" testListId="8c84fa94-04c1-424b-9868-57a2d4851a1d" />
    <TestEntry testId="20f2f123-f3a3-8b08-2947-60d52eac45ca" executionId="b7ca12f1-bb16-4aff-a7ed-eb2c286f6c97" testListId="8c84fa94-04c1-424b-9868-57a2d4851a1d" />
    <TestEntry testId="b4145da0-0582-cca7-4861-0734764d493b" executionId="89ec434c-37b9-4cb8-8df9-9425fad732c4" testListId="8c84fa94-04c1-424b-9868-57a2d4851a1d" />
    <TestEntry testId="ced0fd53-5393-0f9f-d0df-5c504d2cb42d" executionId="9595ef99-5b5c-47fa-b79d-2a39e1da4c77" testListId="8c84fa94-04c1-424b-9868-57a2d4851a1d" />
    <TestEntry testId="e0a688e8-664f-99c7-ec92-d39f6af11fd1" executionId="e1dfea38-67ff-4551-9c4d-562cc53f51fe" testListId="8c84fa94-04c1-424b-9868-57a2d4851a1d" />
    <TestEntry testId="db4b676b-07c8-7809-5847-0d5b98531e8d" executionId="73dcd3b2-a87d-4adc-8232-3e64ee34e9f4" testListId="8c84fa94-04c1-424b-9868-57a2d4851a1d" />
    <TestEntry testId="39b6ce1d-99e5-e4fa-055e-bf00c343e110" executionId="70b0e000-fe19-404b-935b-1b664062d3b9" testListId="8c84fa94-04c1-424b-9868-57a2d4851a1d" />
    <TestEntry testId="9518cd3b-82f8-d7b0-b871-6b23c468ed35" executionId="c79c3506-0b07-4497-b20e-7abf93bc1e5f" testListId="8c84fa94-04c1-424b-9868-57a2d4851a1d" />
    <TestEntry testId="4529e5b2-f114-81dd-adcb-18fe8e2dd231" executionId="d8eeb2b5-5a9d-4454-a475-f2a9d3e6f7fa" testListId="8c84fa94-04c1-424b-9868-57a2d4851a1d" />
    <TestEntry testId="3524fbc3-fc7e-8376-50fe-aec54b897773" executionId="9f8aeba2-7673-45e6-9a60-9e5c9bc9d3b9" testListId="8c84fa94-04c1-424b-9868-57a2d4851a1d" />
    <TestEntry testId="d3014a0b-42cb-80d6-842d-934cccf6231b" executionId="1e1a2699-d025-4705-a7d4-0743e3ad702d" testListId="8c84fa94-04c1-424b-9868-57a2d4851a1d" />
    <TestEntry testId="6d800209-ad8e-8d79-23cf-43de153ea3a7" executionId="04686861-8b49-4f69-8ed4-c41b3d23946e" testListId="8c84fa94-04c1-424b-9868-57a2d4851a1d" />
    <TestEntry testId="c923d87c-5766-d04e-4f9c-cd181e2acb33" executionId="0caddad2-da2b-4465-9fed-8800e94e6312" testListId="8c84fa94-04c1-424b-9868-57a2d4851a1d" />
    <TestEntry testId="7c9b8ca1-055f-946f-8887-ec28d1c971a1" executionId="c5a6fd5b-b1a5-4bae-9615-ccaa99437109" testListId="8c84fa94-04c1-424b-9868-57a2d4851a1d" />
    <TestEntry testId="c2a8b419-1f68-3978-1890-f7c6fef93a0a" executionId="fe5c7336-5605-4d47-a99f-233bb07d4118" testListId="8c84fa94-04c1-424b-9868-57a2d4851a1d" />
    <TestEntry testId="5cf2d564-1ce0-5108-b49f-dfd4807437f9" executionId="b28a0c02-fd25-4a1c-bf9e-33dac9b22faf" testListId="8c84fa94-04c1-424b-9868-57a2d4851a1d" />
    <TestEntry testId="746c1cd5-520d-a6bc-a337-b897fd9a457b" executionId="ca924abe-98a8-42a2-8e22-28378fe63fb3" testListId="8c84fa94-04c1-424b-9868-57a2d4851a1d" />
    <TestEntry testId="e9e93eed-f0ba-1c0a-8098-129716d1747d" executionId="34053af9-4a0d-4c41-af53-b95e20bdced1" testListId="8c84fa94-04c1-424b-9868-57a2d4851a1d" />
    <TestEntry testId="19ff5693-0727-f4b1-3c78-35b02087bc1e" executionId="e119c866-2de0-41fa-ad05-e90591151693" testListId="8c84fa94-04c1-424b-9868-57a2d4851a1d" />
    <TestEntry testId="27b0da84-c051-fd23-774d-87d34e244191" executionId="19ca700f-ec9b-4f41-b4f2-64afad65aace" testListId="8c84fa94-04c1-424b-9868-57a2d4851a1d" />
    <TestEntry testId="669874b9-f567-7689-bb95-7a7a6ad10ced" executionId="27eaa82e-a226-4b0f-baea-24dfed6b2697" testListId="8c84fa94-04c1-424b-9868-57a2d4851a1d" />
    <TestEntry testId="9482aec0-25fc-1383-f418-9c29dc86523e" executionId="7521835b-266c-4704-b087-8130a743744b" testListId="8c84fa94-04c1-424b-9868-57a2d4851a1d" />
    <TestEntry testId="e0b6c5e2-4306-e425-c215-9b8b143206e6" executionId="48e1b7cb-65d2-4ffc-960b-e26a52595d12" testListId="8c84fa94-04c1-424b-9868-57a2d4851a1d" />
    <TestEntry testId="c0010909-c696-e87f-4fc3-ac63c74b1864" executionId="44329ff4-d1e6-4bff-9b90-f2b480c33b86" testListId="8c84fa94-04c1-424b-9868-57a2d4851a1d" />
    <TestEntry testId="61ae8e98-a158-2a11-f8dc-a6d267074739" executionId="0b2401c1-212a-4e2d-8051-8c893cb571b1" testListId="8c84fa94-04c1-424b-9868-57a2d4851a1d" />
    <TestEntry testId="6b6e0df7-b9a4-0054-0386-907ded9800bd" executionId="8533a071-da00-46d3-81ad-161b28b64e4d" testListId="8c84fa94-04c1-424b-9868-57a2d4851a1d" />
    <TestEntry testId="601df01d-de21-4da5-6581-aabf9bd39cd0" executionId="4777b706-093a-439c-a62a-3f7eec10f22d" testListId="8c84fa94-04c1-424b-9868-57a2d4851a1d" />
    <TestEntry testId="f94d4e58-aaf5-c175-b7a8-b0929358430c" executionId="27b99d00-855a-4799-9e41-4a6adc6a01f4" testListId="8c84fa94-04c1-424b-9868-57a2d4851a1d" />
    <TestEntry testId="1c6a26af-7538-5f13-7817-1c6d99e085a5" executionId="b2f17be7-5fb1-4333-8ef4-f51f9795aeab" testListId="8c84fa94-04c1-424b-9868-57a2d4851a1d" />
    <TestEntry testId="478e7708-33a1-7c63-a392-e916c0ef71af" executionId="2b3f8397-12ac-4752-b07b-01e7b28d4234" testListId="8c84fa94-04c1-424b-9868-57a2d4851a1d" />
    <TestEntry testId="9f708db3-7cf3-4087-9511-e8a1f7d4a048" executionId="b1945b8e-6b75-4c40-939b-e17ce4562f48" testListId="8c84fa94-04c1-424b-9868-57a2d4851a1d" />
    <TestEntry testId="03106c57-50d8-1656-2022-0b05fca59301" executionId="590c3018-1804-423d-b6c7-64db07300f23" testListId="8c84fa94-04c1-424b-9868-57a2d4851a1d" />
    <TestEntry testId="c4e58bbd-5cb8-a463-0e32-8468aa32b9f9" executionId="a6431294-7cf7-4425-b11f-2afdbbcb7db7" testListId="8c84fa94-04c1-424b-9868-57a2d4851a1d" />
    <TestEntry testId="9db6bb97-3604-b8fc-5976-8fd38116c854" executionId="a95c864c-89bd-4361-86bc-a03d7b7c70b0" testListId="8c84fa94-04c1-424b-9868-57a2d4851a1d" />
    <TestEntry testId="5d9d28df-bf4c-4563-1424-297e4742e11a" executionId="7687eea0-b40f-44c3-a1e8-6d52aea6e1c4" testListId="8c84fa94-04c1-424b-9868-57a2d4851a1d" />
    <TestEntry testId="308dfb12-df25-e4cd-a44f-21fe72069871" executionId="5f47f6fc-0635-4a86-b6f5-95a27c381086" testListId="8c84fa94-04c1-424b-9868-57a2d4851a1d" />
    <TestEntry testId="b56e6bba-6358-d3c0-11a5-7461d59cab15" executionId="57383383-2ebf-4432-ae10-a5cd399adfb5" testListId="8c84fa94-04c1-424b-9868-57a2d4851a1d" />
    <TestEntry testId="540368fe-1a01-465b-b0a0-357ddfad78c5" executionId="485728c0-32cf-4264-904f-3ea7b247f4d1" testListId="8c84fa94-04c1-424b-9868-57a2d4851a1d" />
    <TestEntry testId="f98ae975-f415-ab71-9982-f3c2e3370458" executionId="107bc0bd-8fdd-46ff-9464-19307ef8b36f" testListId="8c84fa94-04c1-424b-9868-57a2d4851a1d" />
    <TestEntry testId="8b6c6bad-06f5-c1b7-63a9-90f98de44d50" executionId="5b94ce1b-6ad0-4b0d-a955-8796f2b3f2ef" testListId="8c84fa94-04c1-424b-9868-57a2d4851a1d" />
    <TestEntry testId="0b6065d6-dedf-a3ff-30e9-0c4f1ad76fd9" executionId="5a48246e-846c-4db9-84bd-0789d07a7357" testListId="8c84fa94-04c1-424b-9868-57a2d4851a1d" />
    <TestEntry testId="d66affda-3951-f7e8-e72d-7804e711b2a0" executionId="7a73af51-a064-43cb-96a8-6017b089d092" testListId="8c84fa94-04c1-424b-9868-57a2d4851a1d" />
    <TestEntry testId="97200fb7-7712-18b6-a05b-703e96234921" executionId="63b59153-eb72-42e3-8676-9e194186409b" testListId="8c84fa94-04c1-424b-9868-57a2d4851a1d" />
    <TestEntry testId="08ced772-c1a9-f3fa-1144-86ecd836e833" executionId="3fcc2ef0-cfeb-4d2a-bee8-34888e8310e0" testListId="8c84fa94-04c1-424b-9868-57a2d4851a1d" />
    <TestEntry testId="800a181e-12a9-897c-fb47-79bd9d412209" executionId="36c95c6f-db54-45fb-9323-d83bc11f33f0" testListId="8c84fa94-04c1-424b-9868-57a2d4851a1d" />
    <TestEntry testId="c565ef0a-8620-c858-276f-5d33fcf8c542" executionId="b5287732-0c0f-4004-9118-6a04f2b27a36" testListId="8c84fa94-04c1-424b-9868-57a2d4851a1d" />
    <TestEntry testId="d35ffe42-3db7-fa98-5490-19c5553e2117" executionId="4b3de247-c257-4fa9-808e-c9ffe71025a6" testListId="8c84fa94-04c1-424b-9868-57a2d4851a1d" />
    <TestEntry testId="b0560660-fbbf-5251-4c74-e7dcd4ddc7ab" executionId="b60201f8-2de4-44ac-af60-cfaa8f62a2ed" testListId="8c84fa94-04c1-424b-9868-57a2d4851a1d" />
    <TestEntry testId="b5fc8440-0a96-2efa-643b-991b07515fed" executionId="6bcb96ab-4c1d-4036-9d45-a7b431850642" testListId="8c84fa94-04c1-424b-9868-57a2d4851a1d" />
    <TestEntry testId="bba6945f-2961-4c72-bd7c-88635a01d115" executionId="93615e61-d123-4789-833c-d9e3a95d1812" testListId="8c84fa94-04c1-424b-9868-57a2d4851a1d" />
    <TestEntry testId="fa13e7bc-2d3d-0060-4a60-261d76e0c24c" executionId="2e8681b0-23ee-48b3-b8da-4764860b970b" testListId="8c84fa94-04c1-424b-9868-57a2d4851a1d" />
    <TestEntry testId="e6c594a5-de7b-4636-b0a3-68fab34488f5" executionId="3fecd801-75b6-44a5-b84e-e936abfca1f7" testListId="8c84fa94-04c1-424b-9868-57a2d4851a1d" />
    <TestEntry testId="3df4e2e8-1215-386e-5764-6f1c42ae63b4" executionId="11755a71-9508-4bf7-874a-593a8135c3cd" testListId="8c84fa94-04c1-424b-9868-57a2d4851a1d" />
    <TestEntry testId="2bff7a12-c589-02fa-676d-3fae1c225222" executionId="ff7b7107-8e5c-4b7e-a0cf-cbedc2d3f793" testListId="8c84fa94-04c1-424b-9868-57a2d4851a1d" />
    <TestEntry testId="2c809197-86aa-a110-c820-2e3c118f1d8e" executionId="44dcf367-31ca-447b-89ff-d97d0b17ccba" testListId="8c84fa94-04c1-424b-9868-57a2d4851a1d" />
    <TestEntry testId="c81c7588-3591-0541-f31b-c372d57c0eac" executionId="2553a499-f8e1-448d-b6aa-f8fb2c0f90e2" testListId="8c84fa94-04c1-424b-9868-57a2d4851a1d" />
    <TestEntry testId="d2600c53-9196-bff4-ffea-4fbfcac20c8b" executionId="989e412a-93b0-47d8-bc5f-5e67f8b2bf23" testListId="8c84fa94-04c1-424b-9868-57a2d4851a1d" />
    <TestEntry testId="9fbee87d-c375-6ffb-01f7-6d68d366eb88" executionId="99f3a9ee-f4ad-485e-b4f4-c1cf4071522b" testListId="8c84fa94-04c1-424b-9868-57a2d4851a1d" />
    <TestEntry testId="225c10a3-029c-18c3-4112-7afab10fcc8c" executionId="f857f305-d4ca-49b8-ac96-82663b2207e8" testListId="8c84fa94-04c1-424b-9868-57a2d4851a1d" />
    <TestEntry testId="89f22989-ebd0-4da5-fc3e-41028555f1af" executionId="331cf0db-7c04-41dc-874f-4c1120e8149a" testListId="8c84fa94-04c1-424b-9868-57a2d4851a1d" />
    <TestEntry testId="85218aea-2ad0-e85b-6cf9-b852346f5e97" executionId="2fd3fba3-fc22-4acc-b6c7-2ea30d680679" testListId="8c84fa94-04c1-424b-9868-57a2d4851a1d" />
    <TestEntry testId="77518faa-d323-43bb-34a1-efd41abda182" executionId="4547d8b6-882e-4c83-9c51-3d9160b84a28" testListId="8c84fa94-04c1-424b-9868-57a2d4851a1d" />
    <TestEntry testId="4a0bc689-c3ad-1387-9d4a-ae6d33552401" executionId="9a335fdc-7107-42e1-845b-95f1ec4bcd57" testListId="8c84fa94-04c1-424b-9868-57a2d4851a1d" />
    <TestEntry testId="b9cf8ce6-70af-5211-27c0-df9f12f9f2e2" executionId="96247a68-5cff-4cc1-9827-195714679e56" testListId="8c84fa94-04c1-424b-9868-57a2d4851a1d" />
    <TestEntry testId="3c6fcf4b-41bb-0a89-9753-3338a806bdaa" executionId="f90e161c-1c33-4732-89a9-c29954643677" testListId="8c84fa94-04c1-424b-9868-57a2d4851a1d" />
    <TestEntry testId="5d6ac493-3745-69c2-aa0e-a2a33b1dbae2" executionId="51f4c764-608b-4072-b72d-ec0268d2e34b" testListId="8c84fa94-04c1-424b-9868-57a2d4851a1d" />
    <TestEntry testId="9c609975-690c-7441-8484-17151aa7caca" executionId="13ee38a3-2c09-4df0-a9cc-3a939dee6971" testListId="8c84fa94-04c1-424b-9868-57a2d4851a1d" />
    <TestEntry testId="ff4d1bb3-e683-65be-00b0-7c808797030f" executionId="87ce7224-d3a6-4de3-af40-b91fcdf9b8f9" testListId="8c84fa94-04c1-424b-9868-57a2d4851a1d" />
    <TestEntry testId="3e927a87-6411-d878-f2d9-0a1a66cf43e3" executionId="31dd10f5-393e-433a-8c91-cb4aaae2ee52" testListId="8c84fa94-04c1-424b-9868-57a2d4851a1d" />
    <TestEntry testId="97d20598-119c-6a91-ee71-b33452a63bcc" executionId="08e548bc-0315-4d4e-926f-9e55d8b342b2" testListId="8c84fa94-04c1-424b-9868-57a2d4851a1d" />
    <TestEntry testId="7334d88d-0046-d392-0672-2d17d2e98c6f" executionId="63ba41cc-d741-4d61-b3a1-d4f6494ccca2" testListId="8c84fa94-04c1-424b-9868-57a2d4851a1d" />
    <TestEntry testId="c68ad569-31fb-ce33-7433-e3cb109acb30" executionId="0b91b2a2-b151-4bd6-8c48-e594e199f275" testListId="8c84fa94-04c1-424b-9868-57a2d4851a1d" />
    <TestEntry testId="f08c2726-3362-512e-a73b-cd43f6d3cf0e" executionId="410ccb24-bfca-4386-aef3-41cbf7fb0252" testListId="8c84fa94-04c1-424b-9868-57a2d4851a1d" />
    <TestEntry testId="a2a9bbde-adb9-daf1-a88c-dcf0e9d91550" executionId="83dee50c-18df-4b77-b921-5880ac887576" testListId="8c84fa94-04c1-424b-9868-57a2d4851a1d" />
    <TestEntry testId="4d8eaf99-e8be-a0a3-fdbf-904641785682" executionId="c6f3a5c4-006d-403c-b627-42fec34cfc8a" testListId="8c84fa94-04c1-424b-9868-57a2d4851a1d" />
    <TestEntry testId="86720b24-239d-d246-ca76-1512487486e9" executionId="c7d97b17-4174-48e9-9f50-5d582f7ede71" testListId="8c84fa94-04c1-424b-9868-57a2d4851a1d" />
    <TestEntry testId="372f352a-208e-82aa-b65e-dc45cce955b7" executionId="66d607cd-3ac6-4cda-9ebf-a3d41d0952c4" testListId="8c84fa94-04c1-424b-9868-57a2d4851a1d" />
    <TestEntry testId="10d4f3c8-4bf1-967a-39f5-4e18acbcb8ce" executionId="f719c65b-0412-4282-a765-7b813f2e5388" testListId="8c84fa94-04c1-424b-9868-57a2d4851a1d" />
    <TestEntry testId="66e86e11-aa6f-d6de-573d-c0aabb75ba87" executionId="d8edb1a2-3701-4ac4-94a5-effa21ad77fc" testListId="8c84fa94-04c1-424b-9868-57a2d4851a1d" />
    <TestEntry testId="5dec445b-9b87-0ec6-4e3a-c5282f6ac181" executionId="9af83a94-a2fe-4faa-ad79-2c71d0df3061" testListId="8c84fa94-04c1-424b-9868-57a2d4851a1d" />
    <TestEntry testId="b0c7e522-8fe1-e7c6-d0f0-ea7be6a8e86e" executionId="0100bbd5-bdb4-473e-a053-90c55d1b7875" testListId="8c84fa94-04c1-424b-9868-57a2d4851a1d" />
    <TestEntry testId="53d8aee8-4020-cbc0-8811-516c31f2e77f" executionId="a56dfa06-500f-43d0-bdea-72662efbba0e" testListId="8c84fa94-04c1-424b-9868-57a2d4851a1d" />
    <TestEntry testId="4ff0b918-a465-4da8-8a9e-68e5ac6ffa37" executionId="86167a39-e00a-489f-9f44-981a47dff17c" testListId="8c84fa94-04c1-424b-9868-57a2d4851a1d" />
    <TestEntry testId="b49e6638-a48c-eba5-522f-8eb0dcb17d0d" executionId="93e46cc2-a3cd-436d-a07c-afdcce0f73a7" testListId="8c84fa94-04c1-424b-9868-57a2d4851a1d" />
    <TestEntry testId="faf8e6ab-1306-cdbf-5aad-0c2d42047573" executionId="fe93e401-47d8-4aeb-9cea-c013566a177a" testListId="8c84fa94-04c1-424b-9868-57a2d4851a1d" />
    <TestEntry testId="08169e6d-4778-5227-cdf5-70effda4695e" executionId="1d5fe82b-6f12-4c46-856d-e437ddcb1a16" testListId="8c84fa94-04c1-424b-9868-57a2d4851a1d" />
    <TestEntry testId="0333d46d-5d86-b0f5-6854-51377d198f55" executionId="f4c5daeb-8468-48ab-a271-4b1321f1735e" testListId="8c84fa94-04c1-424b-9868-57a2d4851a1d" />
    <TestEntry testId="b83b8f1a-d6c3-4842-1d8a-66fafc1e4f04" executionId="ba48b332-e165-4357-8202-9ee355faf1ea" testListId="8c84fa94-04c1-424b-9868-57a2d4851a1d" />
    <TestEntry testId="fcb27736-5f9a-13e6-344f-8ca54e840c38" executionId="835b72fd-91f8-4e55-a9fe-01af2bace1ac" testListId="8c84fa94-04c1-424b-9868-57a2d4851a1d" />
    <TestEntry testId="1c153ce1-5197-49b5-8e20-6db5c49724e4" executionId="f959e539-6350-4d7c-9114-3dc7076cad7e" testListId="8c84fa94-04c1-424b-9868-57a2d4851a1d" />
    <TestEntry testId="6bf349ee-ed18-02ee-b615-c6df31ecd6ca" executionId="b0651ad2-edc3-4f4d-970d-035a03555116" testListId="8c84fa94-04c1-424b-9868-57a2d4851a1d" />
    <TestEntry testId="67ed0cfe-39bd-47a9-ca6a-1b93debfe847" executionId="dd2fa066-b79f-41c0-9ac2-ba25c0c85c56" testListId="8c84fa94-04c1-424b-9868-57a2d4851a1d" />
    <TestEntry testId="da2ea652-060b-dbe1-68f9-a463717a8db4" executionId="835a2d2b-70cb-461c-b675-05aafc6476bd" testListId="8c84fa94-04c1-424b-9868-57a2d4851a1d" />
    <TestEntry testId="c448af47-103a-1834-18ed-6aaf8dcfbe70" executionId="89f0cab9-87e6-4101-936f-c995e2089a05" testListId="8c84fa94-04c1-424b-9868-57a2d4851a1d" />
    <TestEntry testId="c5be8355-b470-337d-2d40-75872f70a5d6" executionId="de958310-a093-4199-9c61-33fe090638ec" testListId="8c84fa94-04c1-424b-9868-57a2d4851a1d" />
    <TestEntry testId="d06cd632-9fc8-ee44-05ee-06ae9bcb8e98" executionId="b117f4d6-9f4d-41d8-ade3-cca333a7d74e" testListId="8c84fa94-04c1-424b-9868-57a2d4851a1d" />
    <TestEntry testId="4548b3dd-b0c9-ec7d-f9bb-17e1c2707e62" executionId="4842479b-78c0-423c-b000-4ee8dffed5f4" testListId="8c84fa94-04c1-424b-9868-57a2d4851a1d" />
    <TestEntry testId="7b4b44d7-921f-df66-1f42-fa0236296528" executionId="9a3585cf-7e44-4be4-ab5d-6b4982ef6817" testListId="8c84fa94-04c1-424b-9868-57a2d4851a1d" />
    <TestEntry testId="f429f379-2918-68d5-92e1-9d4b5818f6d5" executionId="c0771fa2-06cc-41d1-8eea-62fd11820072" testListId="8c84fa94-04c1-424b-9868-57a2d4851a1d" />
    <TestEntry testId="6e31a924-6b96-a3b7-8948-9affa95c1268" executionId="2a55ae22-6e9a-4ac7-8137-e6262cbbaecd" testListId="8c84fa94-04c1-424b-9868-57a2d4851a1d" />
    <TestEntry testId="5d245dfc-b3e7-ba28-e1f4-b1ecd2d98257" executionId="22f17d16-c8dc-43c5-bfb6-61d2d27f31d0" testListId="8c84fa94-04c1-424b-9868-57a2d4851a1d" />
    <TestEntry testId="f97fd031-5aab-751d-f6a5-b5b70e2d2e95" executionId="3e4d54da-8ef9-4a94-b96a-f892a02658c8" testListId="8c84fa94-04c1-424b-9868-57a2d4851a1d" />
    <TestEntry testId="06b26222-09b7-57d4-1b21-659ec6f0eb8d" executionId="a0b2878b-2a23-4120-a662-e5e867a565c7" testListId="8c84fa94-04c1-424b-9868-57a2d4851a1d" />
    <TestEntry testId="c6a9f784-7d34-731d-42e9-4cdb8539dc7a" executionId="d233cf53-09c7-47d9-8722-4ea5a486f3f5" testListId="8c84fa94-04c1-424b-9868-57a2d4851a1d" />
    <TestEntry testId="aa0e1d31-329a-c610-8c12-230ec1f433f5" executionId="da167aa1-c553-4b87-bfba-bf9867525f3c" testListId="8c84fa94-04c1-424b-9868-57a2d4851a1d" />
    <TestEntry testId="4c05564c-9bb8-02c0-a469-c55c86b043f8" executionId="e631808e-b853-42cc-9be5-3174ba8605c1" testListId="8c84fa94-04c1-424b-9868-57a2d4851a1d" />
    <TestEntry testId="462504af-caf0-7ef6-07a9-2791996eeab6" executionId="326ebfe9-4490-4c6e-9bd9-5c644f047b36" testListId="8c84fa94-04c1-424b-9868-57a2d4851a1d" />
    <TestEntry testId="e16b4e65-bc8a-13fb-e7cb-e93b8d767d49" executionId="cbd05e5b-1474-43a4-a613-be5d7d9cf4c3" testListId="8c84fa94-04c1-424b-9868-57a2d4851a1d" />
    <TestEntry testId="4a0cde6a-9d03-f4fa-e11c-3a5c67220aea" executionId="995faf5d-6a0f-4605-9fd4-d09b5da7540c" testListId="8c84fa94-04c1-424b-9868-57a2d4851a1d" />
    <TestEntry testId="24ad047b-bd8a-857c-c1fc-fdeb432540e3" executionId="899eefeb-d1b7-47f9-92ef-5a5b31424b06" testListId="8c84fa94-04c1-424b-9868-57a2d4851a1d" />
    <TestEntry testId="9edb5615-bcec-b243-62c3-a5611ae6d638" executionId="18fea8ed-f1f0-49da-84a3-3d399b1e2d4a" testListId="8c84fa94-04c1-424b-9868-57a2d4851a1d" />
    <TestEntry testId="9fd181c0-81a7-2090-5eb7-bb57e1ac56dc" executionId="e8ef974d-43b1-4a12-8cf1-a1ed6dc7d1a3" testListId="8c84fa94-04c1-424b-9868-57a2d4851a1d" />
    <TestEntry testId="8c2c49bc-65b6-f4ee-b5c4-b4881c4aaeb6" executionId="c9e52d68-3e69-4903-8514-2b3c5d50ce5f" testListId="8c84fa94-04c1-424b-9868-57a2d4851a1d" />
    <TestEntry testId="b3535aeb-d67a-12d8-7c75-c8079df0d2bc" executionId="c15056cd-aa10-4715-a8bf-717d9ca595a0" testListId="8c84fa94-04c1-424b-9868-57a2d4851a1d" />
    <TestEntry testId="9bf5d254-3807-55aa-09ac-28ebcc8a37f7" executionId="5a7c6aa1-9d50-41f2-8080-528c2212e0ab" testListId="8c84fa94-04c1-424b-9868-57a2d4851a1d" />
    <TestEntry testId="507350b9-c41f-25db-d6f9-3d3af3c9c03c" executionId="18b7a0ad-06b9-4402-83f7-41e5b4b7f685" testListId="8c84fa94-04c1-424b-9868-57a2d4851a1d" />
    <TestEntry testId="9e4fc13c-1915-5869-28c0-834b3b943855" executionId="5871ad2e-a0a1-4957-9f40-3a2cf3b3106e" testListId="8c84fa94-04c1-424b-9868-57a2d4851a1d" />
    <TestEntry testId="7c4fce38-6072-e1f4-f240-2e1d6bd9ffe0" executionId="89b078e7-228d-4bcf-b514-fe4629e0dd9c" testListId="8c84fa94-04c1-424b-9868-57a2d4851a1d" />
    <TestEntry testId="ec68618c-efea-1946-c0a3-ce80d3965c01" executionId="f355f8b7-bf66-4acb-8bb6-f432da64f158" testListId="8c84fa94-04c1-424b-9868-57a2d4851a1d" />
    <TestEntry testId="73b1f39b-8769-653b-06e4-16c0193e8d2a" executionId="fce126a2-c461-4ff1-9026-f8a65ac78ea8" testListId="8c84fa94-04c1-424b-9868-57a2d4851a1d" />
    <TestEntry testId="33ea88d7-d9b6-9500-db4b-51c2dad3a5d4" executionId="77203d1a-9f2d-4a15-8489-8c71b69278a6" testListId="8c84fa94-04c1-424b-9868-57a2d4851a1d" />
    <TestEntry testId="9808a8d3-938f-56b0-5fbb-d6add2869fa8" executionId="4187bd5c-599f-4329-bf5e-19886ae5eebd" testListId="8c84fa94-04c1-424b-9868-57a2d4851a1d" />
    <TestEntry testId="774e7c94-fecb-4c0f-a5b0-c792ec61c048" executionId="b8eef3a1-29d8-4a5f-844c-27d2ef5f821c" testListId="8c84fa94-04c1-424b-9868-57a2d4851a1d" />
    <TestEntry testId="8716f3ea-ee91-9035-e58a-02a59ed4a044" executionId="af3f1b65-1374-40f3-abe6-4eee2f24428d" testListId="8c84fa94-04c1-424b-9868-57a2d4851a1d" />
    <TestEntry testId="59c72f01-0f5f-03d5-b199-e40e4025e136" executionId="a6054ea0-da13-4dec-a309-baf14b7075c5" testListId="8c84fa94-04c1-424b-9868-57a2d4851a1d" />
    <TestEntry testId="da9c9361-69ce-fc7c-a3cb-6ab51e0fe048" executionId="0ef82ced-b32c-49c8-9093-6f775d0538f1" testListId="8c84fa94-04c1-424b-9868-57a2d4851a1d" />
    <TestEntry testId="7246696d-ee0e-3c70-ed49-fd184f6340ce" executionId="8c20d6e3-5e99-4283-9462-ef178a83d277" testListId="8c84fa94-04c1-424b-9868-57a2d4851a1d" />
    <TestEntry testId="97e45da3-208b-3f3a-0ffd-6c818ab79f12" executionId="86487dd1-048c-4d55-9cb4-0436c93ac8f2" testListId="8c84fa94-04c1-424b-9868-57a2d4851a1d" />
    <TestEntry testId="635e39e3-f692-d8e1-565c-4f519dcad6d9" executionId="0c029862-d7d3-42c6-8363-49212eb14642" testListId="8c84fa94-04c1-424b-9868-57a2d4851a1d" />
    <TestEntry testId="1416df0e-41a3-5385-5aaa-d51ecc857955" executionId="6591a382-ab7f-43ca-95d6-40cf3e6a4476" testListId="8c84fa94-04c1-424b-9868-57a2d4851a1d" />
    <TestEntry testId="76026d77-dc61-4839-3570-be7939e2726c" executionId="79d5013e-414c-4245-a825-5e45c608fa78" testListId="8c84fa94-04c1-424b-9868-57a2d4851a1d" />
    <TestEntry testId="9eb30651-85f0-ae2e-8590-6dc287ec72bd" executionId="081c7d19-46f4-4ebb-b07b-6a5ca0ae41a6" testListId="8c84fa94-04c1-424b-9868-57a2d4851a1d" />
    <TestEntry testId="b80649d2-beed-dfed-469a-7375c9cfbf60" executionId="e6ffeab9-1243-406a-bd05-b6da3ecf8a90" testListId="8c84fa94-04c1-424b-9868-57a2d4851a1d" />
    <TestEntry testId="a749dcd6-7535-4f96-13d3-f5cc68574445" executionId="cf569e9a-5ca9-41b8-b61c-4205cb8a8460" testListId="8c84fa94-04c1-424b-9868-57a2d4851a1d" />
    <TestEntry testId="f4fb252d-6ee5-bf4b-4025-ff38b4d37d5e" executionId="1094a851-dfc7-4ab8-b4fe-7ddd47d43b90" testListId="8c84fa94-04c1-424b-9868-57a2d4851a1d" />
    <TestEntry testId="fde6f7a4-33c2-8e98-1782-b3fb8c8321f4" executionId="62d1fded-9261-40cf-a7b3-c92fbeff99c2" testListId="8c84fa94-04c1-424b-9868-57a2d4851a1d" />
    <TestEntry testId="147577f6-5119-aede-754f-9f87efda1bda" executionId="34caa7e2-fdfc-46bc-b9ac-91bc28b65880" testListId="8c84fa94-04c1-424b-9868-57a2d4851a1d" />
    <TestEntry testId="5804ac5e-763e-fbc5-b371-abe646be6a4b" executionId="cda0ee3c-37fe-42c9-be24-dd5554ba3df0" testListId="8c84fa94-04c1-424b-9868-57a2d4851a1d" />
    <TestEntry testId="9b9fbbbb-65bc-f19c-6b02-3eab2594f9d2" executionId="71dceb63-1dc3-47ce-b2ec-52a0c4c34f38" testListId="8c84fa94-04c1-424b-9868-57a2d4851a1d" />
    <TestEntry testId="20928c7a-b265-ff78-a82f-fae422612902" executionId="07568242-bbdb-456b-81ff-4eb04069da95" testListId="8c84fa94-04c1-424b-9868-57a2d4851a1d" />
    <TestEntry testId="e4d7b236-ba7a-d5a8-1406-8aea051c9906" executionId="63ef5893-65ca-4f5e-a26b-0146d7ecf5ae" testListId="8c84fa94-04c1-424b-9868-57a2d4851a1d" />
    <TestEntry testId="2ed27310-23a7-b8ee-4316-2b61dd61b9ef" executionId="17695924-93a6-49a2-84d6-13e534e29f24" testListId="8c84fa94-04c1-424b-9868-57a2d4851a1d" />
    <TestEntry testId="4965e393-aab6-0e63-261e-97ef989a1af4" executionId="12015bea-3619-411f-81e4-8f1c9210ddaf" testListId="8c84fa94-04c1-424b-9868-57a2d4851a1d" />
    <TestEntry testId="0d1c2199-9ee8-c1e0-6ff1-a089355cd9fb" executionId="109e9dcd-4472-4c8b-bd88-57864886f265" testListId="8c84fa94-04c1-424b-9868-57a2d4851a1d" />
    <TestEntry testId="b285fe55-5ffe-2312-c012-4f5985cfb8b9" executionId="e4ffffd1-de77-401d-8876-2b506993fba2" testListId="8c84fa94-04c1-424b-9868-57a2d4851a1d" />
    <TestEntry testId="ba527c24-6c6e-51ab-1189-9ff1d0cb91a1" executionId="0aace807-0daa-487b-a73a-4a05176254ea" testListId="8c84fa94-04c1-424b-9868-57a2d4851a1d" />
    <TestEntry testId="31bd5fdb-71c1-b403-66fb-3bd6173659fb" executionId="e0b21334-4fa8-43bf-bef4-b2c8bb3d9e0e" testListId="8c84fa94-04c1-424b-9868-57a2d4851a1d" />
    <TestEntry testId="eee56311-fba4-2503-aa87-6f1e5fb92b84" executionId="326b8661-d10f-4cf5-a33e-6536d679db6b" testListId="8c84fa94-04c1-424b-9868-57a2d4851a1d" />
    <TestEntry testId="37bc5dc2-8166-2572-d28d-c03f8ecbe740" executionId="dbdf45ff-1dea-49f8-9b9a-172b0e97aad1" testListId="8c84fa94-04c1-424b-9868-57a2d4851a1d" />
    <TestEntry testId="e59d8e7c-2a3a-f00d-451e-d7b205a6d9a6" executionId="ec74714e-3d92-4ad3-bf75-21ce3ad989ac" testListId="8c84fa94-04c1-424b-9868-57a2d4851a1d" />
    <TestEntry testId="bd2d972c-aff4-ed37-ca18-9f6d1d83f18a" executionId="93550aa7-64b4-4045-bd0d-ad7a360c6a64" testListId="8c84fa94-04c1-424b-9868-57a2d4851a1d" />
    <TestEntry testId="eb704e5b-4508-f5a5-0516-f1e23d5d9aae" executionId="6a934693-431a-4608-9d93-738887775b84" testListId="8c84fa94-04c1-424b-9868-57a2d4851a1d" />
    <TestEntry testId="94d885c4-e3b9-ea4e-0c56-fc978359b248" executionId="ba82aa17-1d8e-46e8-9726-c35a8a4037b6" testListId="8c84fa94-04c1-424b-9868-57a2d4851a1d" />
    <TestEntry testId="5f4c34b8-9fb5-0eeb-4d6a-ecffe4e7f210" executionId="31efdef0-388a-45fc-983f-3f5650ab2066" testListId="8c84fa94-04c1-424b-9868-57a2d4851a1d" />
    <TestEntry testId="0d457e7d-dbe0-d567-504c-4aba537c4129" executionId="3b26aa6f-c2f5-43c7-8342-b87896791e2e" testListId="8c84fa94-04c1-424b-9868-57a2d4851a1d" />
    <TestEntry testId="213ae835-d2a0-8f7f-de19-a1eea26f0c60" executionId="da8c4d90-5141-4c17-8346-87c3a6746a06" testListId="8c84fa94-04c1-424b-9868-57a2d4851a1d" />
    <TestEntry testId="d53a4c15-5dbf-ec6b-5f2c-690bdff7b17e" executionId="4d08e540-eefd-4c47-912e-89b0dfd60c83" testListId="8c84fa94-04c1-424b-9868-57a2d4851a1d" />
    <TestEntry testId="bf0d6c20-1cf4-623c-8f79-7a0ce3774924" executionId="804d82f6-366c-43af-a0a4-b6209cdd5ec3" testListId="8c84fa94-04c1-424b-9868-57a2d4851a1d" />
    <TestEntry testId="44174fd8-cf51-a84b-dc98-5420f8b75124" executionId="2c147bb5-13f4-46ec-9592-d1d8fcbc6e99" testListId="8c84fa94-04c1-424b-9868-57a2d4851a1d" />
    <TestEntry testId="00f7c730-153b-dc45-a0fd-6f8b836ddb33" executionId="ded3ccdc-d076-4077-910c-f1d1c22f8b02" testListId="8c84fa94-04c1-424b-9868-57a2d4851a1d" />
    <TestEntry testId="087c3e8f-8733-bb80-81e5-5da128cd0534" executionId="0a05efcc-cf09-415a-8a9d-28c76c87b473" testListId="8c84fa94-04c1-424b-9868-57a2d4851a1d" />
    <TestEntry testId="a2ee1b57-a026-c781-2a9d-0af16385ef3d" executionId="ac91f7c3-b096-4d30-8072-78af5ac7c413" testListId="8c84fa94-04c1-424b-9868-57a2d4851a1d" />
    <TestEntry testId="5aac5de4-ba96-dfeb-01a6-a31f45c64b1f" executionId="4f791f17-58de-46bc-b9a2-bda88901c7e4" testListId="8c84fa94-04c1-424b-9868-57a2d4851a1d" />
    <TestEntry testId="d9d20f7a-1d7e-e48b-8437-649e9912da2c" executionId="fe7802e3-904f-4c96-b45f-b91ef1f75f5c" testListId="8c84fa94-04c1-424b-9868-57a2d4851a1d" />
    <TestEntry testId="59602d4e-8a68-e5e4-6594-16671fb2a581" executionId="f2cae01d-332d-47e2-9125-65639323417c" testListId="8c84fa94-04c1-424b-9868-57a2d4851a1d" />
    <TestEntry testId="3230fd78-42da-88ca-206e-28f427f46bb9" executionId="5a0ae819-891c-4efc-b637-c8c0b257e2e5" testListId="8c84fa94-04c1-424b-9868-57a2d4851a1d" />
    <TestEntry testId="79666c0e-0d38-7ede-bdb7-57a2b20220b0" executionId="cc67ad33-a60c-4de0-87f9-e25e33b04f19" testListId="8c84fa94-04c1-424b-9868-57a2d4851a1d" />
    <TestEntry testId="c66e0834-bb72-fa7b-00cf-3770f1cb3d07" executionId="58dee3ad-389b-4201-9be1-05bd2731591a" testListId="8c84fa94-04c1-424b-9868-57a2d4851a1d" />
    <TestEntry testId="05a8de02-4bbc-0f27-19d6-d4a4533916a7" executionId="c9ab788f-825d-47e4-81f2-9dd47ad268bc" testListId="8c84fa94-04c1-424b-9868-57a2d4851a1d" />
    <TestEntry testId="9418f6ac-ff69-6394-e65f-2670af49ee22" executionId="55ef4117-1cf7-48de-896e-508f9d6aca15" testListId="8c84fa94-04c1-424b-9868-57a2d4851a1d" />
    <TestEntry testId="58dc2da5-208c-2b5e-f84a-aa7080a37191" executionId="043bf886-6cd6-4798-8d0d-f5c63d6379a3" testListId="8c84fa94-04c1-424b-9868-57a2d4851a1d" />
    <TestEntry testId="8763c52b-eb66-e653-735c-a024d39e5cfa" executionId="0e581506-2802-4b65-9420-d2785af76ed8" testListId="8c84fa94-04c1-424b-9868-57a2d4851a1d" />
    <TestEntry testId="66e86e11-aa6f-d6de-573d-c0aabb75ba87" executionId="d4ee9b28-95be-4bc8-bb1e-61e2f3fb3182" testListId="8c84fa94-04c1-424b-9868-57a2d4851a1d" />
    <TestEntry testId="b3853799-0274-eb3c-ee54-3ce720c85794" executionId="3ba2b99b-e16f-49d6-861b-3b681121e3be" testListId="8c84fa94-04c1-424b-9868-57a2d4851a1d" />
    <TestEntry testId="e2f77e94-7651-e9f0-abbd-4a01e9b82ff9" executionId="7a662ff1-a01b-4197-a6ab-8c64b12cba3d" testListId="8c84fa94-04c1-424b-9868-57a2d4851a1d" />
    <TestEntry testId="9921dedf-46d2-e60c-6c9d-a3c0e1241f24" executionId="b8943aed-3756-4c89-8541-da26199f8308" testListId="8c84fa94-04c1-424b-9868-57a2d4851a1d" />
    <TestEntry testId="d8a2b6f0-169e-2612-0d57-6188325e1d6e" executionId="879672a1-785b-4d23-a8f7-a9a1a2ff7f0d" testListId="8c84fa94-04c1-424b-9868-57a2d4851a1d" />
    <TestEntry testId="3a3273f2-e3d8-2b4a-1ba5-d17fe80b8b4e" executionId="d034c599-4fca-4fcc-87d1-5143c2b89aa9" testListId="8c84fa94-04c1-424b-9868-57a2d4851a1d" />
    <TestEntry testId="522d8ff3-6eeb-783b-8af4-a1ea2824ff6c" executionId="3332ebe5-553b-4c26-9fa4-4eb5e8047cdf" testListId="8c84fa94-04c1-424b-9868-57a2d4851a1d" />
    <TestEntry testId="00e9c52b-bb29-5c4b-84d2-fca70118da4e" executionId="f5bc95b6-d8d7-4817-82eb-4508fffdc940" testListId="8c84fa94-04c1-424b-9868-57a2d4851a1d" />
    <TestEntry testId="70841e6b-4815-3fff-474c-328b152897ff" executionId="3dc0762f-c55c-4777-841c-192aeb6f0234" testListId="8c84fa94-04c1-424b-9868-57a2d4851a1d" />
  </TestEntries>
  <TestLists>
    <TestList name="Results Not in a List" id="8c84fa94-04c1-424b-9868-57a2d4851a1d" />
    <TestList name="All Loaded Results" id="19431567-8539-422a-85d7-44ee4e166bda" />
  </TestLists>
  <ResultSummary outcome="Completed">
    <Counters total="1853" executed="1853" passed="1853" failed="0" error="0" timeout="0" aborted="0" inconclusive="0" passedButRunAborted="0" notRunnable="0" notExecuted="0" disconnected="0" warning="0" completed="0" inProgress="0" pending="0" />
  </ResultSummary>
</TestRun>