<?xml version="1.0" encoding="utf-8"?>
<TestRun id="804bb83d-fbcf-42b4-b0e3-1c8619cc0401" name="DKSR-EFI-06$@DKSR-EFI-06 2024-01-09 15:42:05" runUser="NT AUTHORITY\NETWORK SERVICE" xmlns="http://microsoft.com/schemas/VisualStudio/TeamTest/2010">
  <Times creation="2024-01-09T15:42:05.1226784+01:00" queuing="2024-01-09T15:42:05.1226784+01:00" start="2024-01-09T15:41:58.1539584+01:00" finish="2024-01-09T15:42:05.1851769+01:00" />
  <TestSettings name="default" id="ba2a8194-2afb-4f2a-b5a7-537445134a9b">
    <Deployment runDeploymentRoot="DKSR-EFI-06$_DKSR-EFI-06_2024-01-09_15_42_05" />
  </TestSettings>
  <Results>
    <UnitTestResult executionId="eebed4e8-5c69-4a97-b807-1e25ff0fda90" testId="52dab522-375d-293c-e9e6-6795205e83f5" testName="TestPtzResponseNoArgs" computerName="DKSR-EFI-06" duration="00:00:00.1687431" startTime="2024-01-09T15:42:04.0289227+01:00" endTime="2024-01-09T15:42:04.5914259+01:00" testType="13cdc9d9-ddb5-4fa4-a97d-d965ccfc6d4b" outcome="Passed" testListId="8c84fa94-04c1-424b-9868-57a2d4851a1d" relativeResultsDirectory="eebed4e8-5c69-4a97-b807-1e25ff0fda90" />
    <UnitTestResult executionId="f6ed570c-9f25-4a59-8df9-e26ef0574c85" testId="2904c9be-f54e-32b2-9a3e-42b039cae536" testName="ValidateTcpPort_Success" computerName="DKSR-EFI-06" duration="00:00:00.0006915" startTime="2024-01-09T15:42:04.6539287+01:00" endTime="2024-01-09T15:42:04.6539287+01:00" testType="13cdc9d9-ddb5-4fa4-a97d-d965ccfc6d4b" outcome="Passed" testListId="8c84fa94-04c1-424b-9868-57a2d4851a1d" relativeResultsDirectory="f6ed570c-9f25-4a59-8df9-e26ef0574c85" />
    <UnitTestResult executionId="c3f47712-0be9-4ba5-b2e3-91b07694f21a" testId="b855d79b-f0c0-4408-bcb2-3b19f5fc2e8e" testName="ValidateTcpPort_InvalidValues" computerName="DKSR-EFI-06" duration="00:00:00.0003654" startTime="2024-01-09T15:42:04.6539287+01:00" endTime="2024-01-09T15:42:04.6695503+01:00" testType="13cdc9d9-ddb5-4fa4-a97d-d965ccfc6d4b" outcome="Passed" testListId="8c84fa94-04c1-424b-9868-57a2d4851a1d" relativeResultsDirectory="c3f47712-0be9-4ba5-b2e3-91b07694f21a" />
    <UnitTestResult executionId="a06951d5-b740-4ed6-a45c-1bfd3ee648ff" testId="4427ef03-9c68-abd5-2df9-52d7b71cc651" testName="TestPtzResponseWithArgs" computerName="DKSR-EFI-06" duration="00:00:00.0012103" startTime="2024-01-09T15:42:04.6539287+01:00" endTime="2024-01-09T15:42:04.6539287+01:00" testType="13cdc9d9-ddb5-4fa4-a97d-d965ccfc6d4b" outcome="Passed" testListId="8c84fa94-04c1-424b-9868-57a2d4851a1d" relativeResultsDirectory="a06951d5-b740-4ed6-a45c-1bfd3ee648ff" />
  </Results>
  <TestDefinitions>
    <UnitTest name="TestPtzResponseWithArgs" storage="d:\actions-runner\_work\xpco\xpco\corporate\videoos.administration.controls.unittests\bin\x64\debug\net472\videoos.administration.controls.unittests.dll" id="4427ef03-9c68-abd5-2df9-52d7b71cc651">
      <Execution id="a06951d5-b740-4ed6-a45c-1bfd3ee648ff" />
      <TestMethod codeBase="D:\actions-runner\_work\XPCO\XPCO\Corporate\VideoOS.Administration.Controls.UnitTests\bin\x64\Debug\net472\VideoOS.Administration.Controls.UnitTests.dll" adapterTypeName="executor://mstestadapter/v2" className="VideoOS.Administration.Controls.UnitTests.PtzTest" name="TestPtzResponseWithArgs" />
    </UnitTest>
    <UnitTest name="TestPtzResponseNoArgs" storage="d:\actions-runner\_work\xpco\xpco\corporate\videoos.administration.controls.unittests\bin\x64\debug\net472\videoos.administration.controls.unittests.dll" id="52dab522-375d-293c-e9e6-6795205e83f5">
      <Execution id="eebed4e8-5c69-4a97-b807-1e25ff0fda90" />
      <TestMethod codeBase="D:\actions-runner\_work\XPCO\XPCO\Corporate\VideoOS.Administration.Controls.UnitTests\bin\x64\Debug\net472\VideoOS.Administration.Controls.UnitTests.dll" adapterTypeName="executor://mstestadapter/v2" className="VideoOS.Administration.Controls.UnitTests.PtzTest" name="TestPtzResponseNoArgs" />
    </UnitTest>
    <UnitTest name="ValidateTcpPort_InvalidValues" storage="d:\actions-runner\_work\xpco\xpco\corporate\videoos.administration.controls.unittests\bin\x64\debug\net472\videoos.administration.controls.unittests.dll" id="b855d79b-f0c0-4408-bcb2-3b19f5fc2e8e">
      <Execution id="c3f47712-0be9-4ba5-b2e3-91b07694f21a" />
      <TestMethod codeBase="D:\actions-runner\_work\XPCO\XPCO\Corporate\VideoOS.Administration.Controls.UnitTests\bin\x64\Debug\net472\VideoOS.Administration.Controls.UnitTests.dll" adapterTypeName="executor://mstestadapter/v2" className="VideoOS.Administration.Controls.UnitTests.Dialogs.DialogUtilsUnitTests" name="ValidateTcpPort_InvalidValues" />
    </UnitTest>
    <UnitTest name="ValidateTcpPort_Success" storage="d:\actions-runner\_work\xpco\xpco\corporate\videoos.administration.controls.unittests\bin\x64\debug\net472\videoos.administration.controls.unittests.dll" id="2904c9be-f54e-32b2-9a3e-42b039cae536">
      <Execution id="f6ed570c-9f25-4a59-8df9-e26ef0574c85" />
      <TestMethod codeBase="D:\actions-runner\_work\XPCO\XPCO\Corporate\VideoOS.Administration.Controls.UnitTests\bin\x64\Debug\net472\VideoOS.Administration.Controls.UnitTests.dll" adapterTypeName="executor://mstestadapter/v2" className="VideoOS.Administration.Controls.UnitTests.Dialogs.DialogUtilsUnitTests" name="ValidateTcpPort_Success" />
    </UnitTest>
  </TestDefinitions>
  <TestEntries>
    <TestEntry testId="52dab522-375d-293c-e9e6-6795205e83f5" executionId="eebed4e8-5c69-4a97-b807-1e25ff0fda90" testListId="8c84fa94-04c1-424b-9868-57a2d4851a1d" />
    <TestEntry testId="2904c9be-f54e-32b2-9a3e-42b039cae536" executionId="f6ed570c-9f25-4a59-8df9-e26ef0574c85" testListId="8c84fa94-04c1-424b-9868-57a2d4851a1d" />
    <TestEntry testId="b855d79b-f0c0-4408-bcb2-3b19f5fc2e8e" executionId="c3f47712-0be9-4ba5-b2e3-91b07694f21a" testListId="8c84fa94-04c1-424b-9868-57a2d4851a1d" />
    <TestEntry testId="4427ef03-9c68-abd5-2df9-52d7b71cc651" executionId="a06951d5-b740-4ed6-a45c-1bfd3ee648ff" testListId="8c84fa94-04c1-424b-9868-57a2d4851a1d" />
  </TestEntries>
  <TestLists>
    <TestList name="Results Not in a List" id="8c84fa94-04c1-424b-9868-57a2d4851a1d" />
    <TestList name="All Loaded Results" id="19431567-8539-422a-85d7-44ee4e166bda" />
  </TestLists>
  <ResultSummary outcome="Completed">
    <Counters total="4" executed="4" passed="4" failed="0" error="0" timeout="0" aborted="0" inconclusive="0" passedButRunAborted="0" notRunnable="0" notExecuted="0" disconnected="0" warning="0" completed="0" inProgress="0" pending="0" />
  </ResultSummary>
</TestRun>