<?xml version="1.0" encoding="utf-8"?>
<TestRun id="13294725-6736-4935-b3cd-aa97cf797631" name="DKSR-EFI-06$@DKSR-EFI-06 2024-01-09 15:42:28" runUser="NT AUTHORITY\NETWORK SERVICE" xmlns="http://microsoft.com/schemas/VisualStudio/TeamTest/2010">
  <Times creation="2024-01-09T15:42:28.7477148+01:00" queuing="2024-01-09T15:42:28.7477148+01:00" start="2024-01-09T15:42:27.3883402+01:00" finish="2024-01-09T15:42:28.7945898+01:00" />
  <TestSettings name="default" id="ce080efd-4428-4544-a987-59af42715ade">
    <Deployment runDeploymentRoot="DKSR-EFI-06$_DKSR-EFI-06_2024-01-09_15_42_28" />
  </TestSettings>
  <Results>
    <UnitTestResult executionId="605f80e7-b1ec-4f8d-b92d-b285002d11ad" testId="4688e2a7-5fc8-2e6f-0976-7c757aaac738" testName="ServerConfigXml_UseRemoting_Removed" computerName="DKSR-EFI-06" duration="00:00:00.0004876" startTime="2024-01-09T15:42:28.3102139+01:00" endTime="2024-01-09T15:42:28.3102139+01:00" testType="13cdc9d9-ddb5-4fa4-a97d-d965ccfc6d4b" outcome="Passed" testListId="8c84fa94-04c1-424b-9868-57a2d4851a1d" relativeResultsDirectory="605f80e7-b1ec-4f8d-b92d-b285002d11ad" />
    <UnitTestResult executionId="130fe926-14fb-4498-98f9-3a78160cc12e" testId="6e3e37f3-fa68-4b79-3db4-e54fa2ea50fa" testName="ServerConfigXml_UseWebApi_Removed" computerName="DKSR-EFI-06" duration="00:00:00.0080966" startTime="2024-01-09T15:42:28.2164660+01:00" endTime="2024-01-09T15:42:28.2945904+01:00" testType="13cdc9d9-ddb5-4fa4-a97d-d965ccfc6d4b" outcome="Passed" testListId="8c84fa94-04c1-424b-9868-57a2d4851a1d" relativeResultsDirectory="130fe926-14fb-4498-98f9-3a78160cc12e" />
    <UnitTestResult executionId="8d4bff06-f4af-4351-ac96-8b26da156561" testId="137939e2-3aa6-ddb8-bb44-efc3d3bd0336" testName="TestForAssemblyCoverage" computerName="DKSR-EFI-06" duration="00:00:00.1006627" startTime="2024-01-09T15:42:28.3102139+01:00" endTime="2024-01-09T15:42:28.4195915+01:00" testType="13cdc9d9-ddb5-4fa4-a97d-d965ccfc6d4b" outcome="Passed" testListId="8c84fa94-04c1-424b-9868-57a2d4851a1d" relativeResultsDirectory="8d4bff06-f4af-4351-ac96-8b26da156561" />
  </Results>
  <TestDefinitions>
    <UnitTest name="ServerConfigXml_UseWebApi_Removed" storage="d:\actions-runner\_work\xpco\xpco\corporate\videoos.server.service.unittests\bin\x64\debug\net472\videoos.server.service.unittests.dll" id="6e3e37f3-fa68-4b79-3db4-e54fa2ea50fa">
      <Execution id="130fe926-14fb-4498-98f9-3a78160cc12e" />
      <TestMethod codeBase="D:\actions-runner\_work\XPCO\XPCO\Corporate\VideoOS.Server.Service.UnitTests\bin\x64\Debug\net472\VideoOS.Server.Service.UnitTests.dll" adapterTypeName="executor://mstestadapter/v2" className="VideoOS.Server.Service.UnitTests.ServerConfigXmlTest" name="ServerConfigXml_UseWebApi_Removed" />
    </UnitTest>
    <UnitTest name="ServerConfigXml_UseRemoting_Removed" storage="d:\actions-runner\_work\xpco\xpco\corporate\videoos.server.service.unittests\bin\x64\debug\net472\videoos.server.service.unittests.dll" id="4688e2a7-5fc8-2e6f-0976-7c757aaac738">
      <Execution id="605f80e7-b1ec-4f8d-b92d-b285002d11ad" />
      <TestMethod codeBase="D:\actions-runner\_work\XPCO\XPCO\Corporate\VideoOS.Server.Service.UnitTests\bin\x64\Debug\net472\VideoOS.Server.Service.UnitTests.dll" adapterTypeName="executor://mstestadapter/v2" className="VideoOS.Server.Service.UnitTests.ServerConfigXmlTest" name="ServerConfigXml_UseRemoting_Removed" />
    </UnitTest>
    <UnitTest name="TestForAssemblyCoverage" storage="d:\actions-runner\_work\xpco\xpco\corporate\videoos.server.service.unittests\bin\x64\debug\net472\videoos.server.service.unittests.dll" id="137939e2-3aa6-ddb8-bb44-efc3d3bd0336">
      <Execution id="8d4bff06-f4af-4351-ac96-8b26da156561" />
      <TestMethod codeBase="D:\actions-runner\_work\XPCO\XPCO\Corporate\VideoOS.Server.Service.UnitTests\bin\x64\Debug\net472\VideoOS.Server.Service.UnitTests.dll" adapterTypeName="executor://mstestadapter/v2" className="VideoOS.Server.Service.UnitTests.UnitTest1" name="TestForAssemblyCoverage" />
    </UnitTest>
  </TestDefinitions>
  <TestEntries>
    <TestEntry testId="4688e2a7-5fc8-2e6f-0976-7c757aaac738" executionId="605f80e7-b1ec-4f8d-b92d-b285002d11ad" testListId="8c84fa94-04c1-424b-9868-57a2d4851a1d" />
    <TestEntry testId="6e3e37f3-fa68-4b79-3db4-e54fa2ea50fa" executionId="130fe926-14fb-4498-98f9-3a78160cc12e" testListId="8c84fa94-04c1-424b-9868-57a2d4851a1d" />
    <TestEntry testId="137939e2-3aa6-ddb8-bb44-efc3d3bd0336" executionId="8d4bff06-f4af-4351-ac96-8b26da156561" testListId="8c84fa94-04c1-424b-9868-57a2d4851a1d" />
  </TestEntries>
  <TestLists>
    <TestList name="Results Not in a List" id="8c84fa94-04c1-424b-9868-57a2d4851a1d" />
    <TestList name="All Loaded Results" id="19431567-8539-422a-85d7-44ee4e166bda" />
  </TestLists>
  <ResultSummary outcome="Completed">
    <Counters total="3" executed="3" passed="3" failed="0" error="0" timeout="0" aborted="0" inconclusive="0" passedButRunAborted="0" notRunnable="0" notExecuted="0" disconnected="0" warning="0" completed="0" inProgress="0" pending="0" />
  </ResultSummary>
</TestRun>