<?xml version="1.0" encoding="utf-8"?>
<TestRun id="d239c677-131f-4b2b-8240-fa1fd320bffa" name="DKSR-EFI-06$@DKSR-EFI-06 2024-01-09 15:41:05" runUser="NT AUTHORITY\NETWORK SERVICE" xmlns="http://microsoft.com/schemas/VisualStudio/TeamTest/2010">
  <Times creation="2024-01-09T15:41:05.8881399+01:00" queuing="2024-01-09T15:41:05.8881399+01:00" start="2024-01-09T15:41:04.1693839+01:00" finish="2024-01-09T15:41:09.4819004+01:00" />
  <TestSettings name="default" id="6c9b4d57-f882-49f7-8a54-78f9329ee031">
    <Deployment runDeploymentRoot="DKSR-EFI-06$_DKSR-EFI-06_2024-01-09_15_41_05" />
  </TestSettings>
  <Results>
    <UnitTestResult executionId="04ad7076-b592-4d11-80ea-7a93ae82f18b" testId="f6a746f5-ff88-dd52-c6a1-1924eb996ea6" testName="LoggerCreatedThroughIoC_HostBuilder_FileLogger_WillWriteToConfiguredFile (Info)" computerName="DKSR-EFI-06" duration="00:00:00.0358866" startTime="2024-01-09T15:41:06.6850188+01:00" endTime="2024-01-09T15:41:06.7162693+01:00" testType="13cdc9d9-ddb5-4fa4-a97d-d965ccfc6d4b" outcome="Passed" testListId="8c84fa94-04c1-424b-9868-57a2d4851a1d" relativeResultsDirectory="04ad7076-b592-4d11-80ea-7a93ae82f18b" />
    <UnitTestResult executionId="d5243e1b-084e-4378-bfcb-683b9ac42be2" testId="6f12a4e4-7264-f713-3c66-bf6485dc3dbb" testName="LogCreatedThroughIoC_ServiceCollection_FileLogger_WillWriteToConfiguredFile (True)" computerName="DKSR-EFI-06" duration="00:00:00.0192232" startTime="2024-01-09T15:41:07.8100245+01:00" endTime="2024-01-09T15:41:07.8256501+01:00" testType="13cdc9d9-ddb5-4fa4-a97d-d965ccfc6d4b" outcome="Passed" testListId="8c84fa94-04c1-424b-9868-57a2d4851a1d" relativeResultsDirectory="d5243e1b-084e-4378-bfcb-683b9ac42be2" />
    <UnitTestResult executionId="6e18ffcf-1233-48e4-980b-696aea4d551a" testId="32da627d-3735-3ade-dbbf-7986f3701ad1" testName="WhenADayPasses_Logger_WillCreateAnArchiveFiles" computerName="DKSR-EFI-06" duration="00:00:00.2569633" startTime="2024-01-09T15:41:08.3100226+01:00" endTime="2024-01-09T15:41:08.5756478+01:00" testType="13cdc9d9-ddb5-4fa4-a97d-d965ccfc6d4b" outcome="Passed" testListId="8c84fa94-04c1-424b-9868-57a2d4851a1d" relativeResultsDirectory="6e18ffcf-1233-48e4-980b-696aea4d551a" />
    <UnitTestResult executionId="6e426955-09cb-4f8c-8c8f-1672b8a233ee" testId="649ec206-129b-3044-6068-ec72d15a6095" testName="LoggerOfTypeLogTestCreatedThroughIoC_HostBuilder_FileLogger_WillWriteToConfiguredFile (True)" computerName="DKSR-EFI-06" duration="00:00:00.0191512" startTime="2024-01-09T15:41:06.6225195+01:00" endTime="2024-01-09T15:41:06.6381436+01:00" testType="13cdc9d9-ddb5-4fa4-a97d-d965ccfc6d4b" outcome="Passed" testListId="8c84fa94-04c1-424b-9868-57a2d4851a1d" relativeResultsDirectory="6e426955-09cb-4f8c-8c8f-1672b8a233ee" />
    <UnitTestResult executionId="57163acb-a0df-447b-89ae-679397c02670" testId="25912a8f-57de-74c1-a5de-050b0a6afb88" testName="WhenSuppressingMessages_Logger_WillNotLogMessageWithSuppressedKeywords" computerName="DKSR-EFI-06" duration="00:00:00.0400937" startTime="2024-01-09T15:41:08.1850239+01:00" endTime="2024-01-09T15:41:08.2318975+01:00" testType="13cdc9d9-ddb5-4fa4-a97d-d965ccfc6d4b" outcome="Passed" testListId="8c84fa94-04c1-424b-9868-57a2d4851a1d" relativeResultsDirectory="57163acb-a0df-447b-89ae-679397c02670" />
    <UnitTestResult executionId="dcd49047-656b-475a-b6e3-29b6058e0577" testId="a4f2c673-a08a-8f5f-ba84-0be2fd10588e" testName="LogCreatedWithTwoTargets_WhenLogging_BothTargetsWillLog" computerName="DKSR-EFI-06" duration="00:00:00.0172025" startTime="2024-01-09T15:41:07.8725251+01:00" endTime="2024-01-09T15:41:07.8881474+01:00" testType="13cdc9d9-ddb5-4fa4-a97d-d965ccfc6d4b" outcome="Passed" testListId="8c84fa94-04c1-424b-9868-57a2d4851a1d" relativeResultsDirectory="dcd49047-656b-475a-b6e3-29b6058e0577" />
    <UnitTestResult executionId="d231c5d9-e484-46a6-975e-5fea5b9e1277" testId="e06027ea-1952-c757-21ae-95f8f49384d5" testName="LogCreatedThroughIoC_HostBuilder_FileLogger_WillWriteToConfiguredFile (False)" computerName="DKSR-EFI-06" duration="00:00:00.6147133" startTime="2024-01-09T15:41:06.7475180+01:00" endTime="2024-01-09T15:41:07.3725664+01:00" testType="13cdc9d9-ddb5-4fa4-a97d-d965ccfc6d4b" outcome="Passed" testListId="8c84fa94-04c1-424b-9868-57a2d4851a1d" relativeResultsDirectory="d231c5d9-e484-46a6-975e-5fea5b9e1277" />
    <UnitTestResult executionId="0de78f1a-ecc1-4669-b9dc-54ea8ced870a" testId="c68e9a4f-dd33-5ad3-f3af-5865c537c50e" testName="LogCreatedByFactory_FileLogger_AllLogLevels_WillWriteToConfiguredFile (Error)" computerName="DKSR-EFI-06" duration="00:00:00.0806735" startTime="2024-01-09T15:41:05.9193905+01:00" endTime="2024-01-09T15:41:05.9975170+01:00" testType="13cdc9d9-ddb5-4fa4-a97d-d965ccfc6d4b" outcome="Passed" testListId="8c84fa94-04c1-424b-9868-57a2d4851a1d" relativeResultsDirectory="0de78f1a-ecc1-4669-b9dc-54ea8ced870a" />
    <UnitTestResult executionId="c38bf356-a8b9-4d49-af6b-60336db75a06" testId="fc05a72c-80f0-a2f8-2732-39011e042a50" testName="LoggerCreatedThroughIoC_ServiceCollection_FileLogger_WillWriteToConfiguredFile (Debug)" computerName="DKSR-EFI-06" duration="00:00:00.0288075" startTime="2024-01-09T15:41:07.6381463+01:00" endTime="2024-01-09T15:41:07.6723365+01:00" testType="13cdc9d9-ddb5-4fa4-a97d-d965ccfc6d4b" outcome="Passed" testListId="8c84fa94-04c1-424b-9868-57a2d4851a1d" relativeResultsDirectory="c38bf356-a8b9-4d49-af6b-60336db75a06" />
    <UnitTestResult executionId="b6fe1b72-291c-422e-b81c-b805bb36220a" testId="0c731dda-9176-db53-0fc5-8e4ece030945" testName="LoggerCreatedThroughIoC_HostBuilder_FileLogger_WillWriteToConfiguredFile (Warn)" computerName="DKSR-EFI-06" duration="00:00:00.0184184" startTime="2024-01-09T15:41:06.7162693+01:00" endTime="2024-01-09T15:41:06.7319083+01:00" testType="13cdc9d9-ddb5-4fa4-a97d-d965ccfc6d4b" outcome="Passed" testListId="8c84fa94-04c1-424b-9868-57a2d4851a1d" relativeResultsDirectory="b6fe1b72-291c-422e-b81c-b805bb36220a" />
    <UnitTestResult executionId="fb5ddb7f-d996-4a0b-a243-580b3520422c" testId="5825e28b-ed12-3c90-747d-8c4e3dbce269" testName="LoggerCreatedThroughIoC_ServiceCollection_FileLogger_WillWriteToConfiguredFile (Warn)" computerName="DKSR-EFI-06" duration="00:00:00.0323936" startTime="2024-01-09T15:41:07.6850234+01:00" endTime="2024-01-09T15:41:07.7162699+01:00" testType="13cdc9d9-ddb5-4fa4-a97d-d965ccfc6d4b" outcome="Passed" testListId="8c84fa94-04c1-424b-9868-57a2d4851a1d" relativeResultsDirectory="fb5ddb7f-d996-4a0b-a243-580b3520422c" />
    <UnitTestResult executionId="78239d82-d755-4f49-8d84-d64cbb881891" testId="12cf0786-3c72-0df4-59c6-25ea16c46b90" testName="LogCreatedThroughIoC_ServiceCollection_ConsoleLogger_WillWriteToStringWriter (False)" computerName="DKSR-EFI-06" duration="00:00:00.0073509" startTime="2024-01-09T15:41:07.8568981+01:00" endTime="2024-01-09T15:41:07.8568981+01:00" testType="13cdc9d9-ddb5-4fa4-a97d-d965ccfc6d4b" outcome="Passed" testListId="8c84fa94-04c1-424b-9868-57a2d4851a1d" relativeResultsDirectory="78239d82-d755-4f49-8d84-d64cbb881891" />
    <UnitTestResult executionId="0ed0effa-2140-4442-8189-e9784fea1434" testId="fff951db-a9ac-7088-4c5a-55e687ece90c" testName="LogCreatedThroughIoC_ServiceCollection_ConsoleLogger_WillWriteToStringWriter (True)" computerName="DKSR-EFI-06" duration="00:00:00.0054210" startTime="2024-01-09T15:41:07.8568981+01:00" endTime="2024-01-09T15:41:07.8725251+01:00" testType="13cdc9d9-ddb5-4fa4-a97d-d965ccfc6d4b" outcome="Passed" testListId="8c84fa94-04c1-424b-9868-57a2d4851a1d" relativeResultsDirectory="0ed0effa-2140-4442-8189-e9784fea1434" />
    <UnitTestResult executionId="19448600-f60d-4d35-b074-a95f280121ab" testId="4e94fac4-8368-190b-d5eb-b7e26431d1a5" testName="LogCreatedWith3TargetsWithDifferentLogLevels_WhenLogging_AllTargetsWillTheirSpecifiedLogLevels" computerName="DKSR-EFI-06" duration="00:00:00.1319974" startTime="2024-01-09T15:41:07.8881474+01:00" endTime="2024-01-09T15:41:08.0131512+01:00" testType="13cdc9d9-ddb5-4fa4-a97d-d965ccfc6d4b" outcome="Passed" testListId="8c84fa94-04c1-424b-9868-57a2d4851a1d" relativeResultsDirectory="19448600-f60d-4d35-b074-a95f280121ab" />
    <UnitTestResult executionId="f7380bce-3a0c-4f9f-a9c1-b29f6ff72e1d" testId="faa22e41-8745-bc7e-e308-e1e1bfb115fb" testName="WhenExceedingArchiveAboveSize_Logger_WillCreateAnArchiveFile (5)" computerName="DKSR-EFI-06" duration="00:00:00.1034928" startTime="2024-01-09T15:41:08.9975260+01:00" endTime="2024-01-09T15:41:09.1069036+01:00" testType="13cdc9d9-ddb5-4fa4-a97d-d965ccfc6d4b" outcome="Passed" testListId="8c84fa94-04c1-424b-9868-57a2d4851a1d" relativeResultsDirectory="f7380bce-3a0c-4f9f-a9c1-b29f6ff72e1d">
      <Output>
        <StdOut>Archive file:tmpDE1F (20240109.7).tmp Creation time:1/1/1601 1:00:00 AM&#xD;
Archive file:tmpDE1F (20240109.8).tmp Creation time:1/1/1601 1:00:00 AM&#xD;
Archive file:tmpDE1F (20240109.9).tmp Creation time:1/1/1601 1:00:00 AM&#xD;
Archive file:tmpDE1F (20240109.10).tmp Creation time:1/1/1601 1:00:00 AM&#xD;
Archive file:tmpDE1F (20240109.11).tmp Creation time:1/1/1601 1:00:00 AM&#xD;
Archive file:tmpDE1F (20240109.12).tmp Creation time:1/1/1601 1:00:00 AM&#xD;
Archive file:tmpDE1F (20240109.13).tmp Creation time:1/1/1601 1:00:00 AM&#xD;
Archive file:tmpDE1F (20240109.14).tmp Creation time:1/1/1601 1:00:00 AM&#xD;
Archive file:tmpDE1F (20240109.15).tmp Creation time:1/1/1601 1:00:00 AM&#xD;
Archive file:tmpDE1F (20240109.16).tmp Creation time:1/1/1601 1:00:00 AM</StdOut>
      </Output>
    </UnitTestResult>
    <UnitTestResult executionId="ab39557f-c72b-46ed-a2d7-0358e5205a57" testId="a460eb6f-0731-bad3-c17a-53302a999a39" testName="LoggerCreatedThroughIoC_ServiceCollection_ConsoleLogger_WillWriteToStringWriter (True)" computerName="DKSR-EFI-06" duration="00:00:00.0095900" startTime="2024-01-09T15:41:07.8412716+01:00" endTime="2024-01-09T15:41:07.8568981+01:00" testType="13cdc9d9-ddb5-4fa4-a97d-d965ccfc6d4b" outcome="Passed" testListId="8c84fa94-04c1-424b-9868-57a2d4851a1d" relativeResultsDirectory="ab39557f-c72b-46ed-a2d7-0358e5205a57" />
    <UnitTestResult executionId="058c87a4-bc62-4ab6-8f26-a8d901df451b" testId="cbe8395d-14cc-0871-a242-4eef3b688d82" testName="LogCreatedByFactory_HostBuilder_ConsoleLogger_WillWriteToStringWriter (True)" computerName="DKSR-EFI-06" duration="00:00:00.0084846" startTime="2024-01-09T15:41:07.5287707+01:00" endTime="2024-01-09T15:41:07.5287707+01:00" testType="13cdc9d9-ddb5-4fa4-a97d-d965ccfc6d4b" outcome="Passed" testListId="8c84fa94-04c1-424b-9868-57a2d4851a1d" relativeResultsDirectory="058c87a4-bc62-4ab6-8f26-a8d901df451b" />
    <UnitTestResult executionId="64237ceb-6087-4da4-9fc7-96f057bd1fd1" testId="3a118461-8324-a2b5-da2d-45624d262212" testName="LoggerCreatedThroughIoC_ServiceCollection_ConsoleLogger_WillWriteToStringWriter (False)" computerName="DKSR-EFI-06" duration="00:00:00.0053212" startTime="2024-01-09T15:41:07.8412716+01:00" endTime="2024-01-09T15:41:07.8412716+01:00" testType="13cdc9d9-ddb5-4fa4-a97d-d965ccfc6d4b" outcome="Passed" testListId="8c84fa94-04c1-424b-9868-57a2d4851a1d" relativeResultsDirectory="64237ceb-6087-4da4-9fc7-96f057bd1fd1" />
    <UnitTestResult executionId="e68d4722-0e92-41ef-897e-ced841039e09" testId="0028b562-7340-c11c-4979-9fe3cbf01821" testName="LogCreatedThroughIoC_HostBuilder_ConsoleLogger_WillWriteToStringWriter (False)" computerName="DKSR-EFI-06" duration="00:00:00.0091491" startTime="2024-01-09T15:41:07.5600222+01:00" endTime="2024-01-09T15:41:07.5756457+01:00" testType="13cdc9d9-ddb5-4fa4-a97d-d965ccfc6d4b" outcome="Passed" testListId="8c84fa94-04c1-424b-9868-57a2d4851a1d" relativeResultsDirectory="e68d4722-0e92-41ef-897e-ced841039e09" />
    <UnitTestResult executionId="c6036b31-52b7-4d0d-a4d7-0570a25e4d8e" testId="784cc296-f7e5-2d5e-9848-82eafda9cbaa" testName="LogCreatedByFactory_FileLogger_AllLogLevels_WillWriteToConfiguredFile (Debug)" computerName="DKSR-EFI-06" duration="00:00:00.0186624" startTime="2024-01-09T15:41:05.8568934+01:00" endTime="2024-01-09T15:41:05.8881399+01:00" testType="13cdc9d9-ddb5-4fa4-a97d-d965ccfc6d4b" outcome="Passed" testListId="8c84fa94-04c1-424b-9868-57a2d4851a1d" relativeResultsDirectory="c6036b31-52b7-4d0d-a4d7-0570a25e4d8e" />
    <UnitTestResult executionId="fe5f6dc4-585c-4edf-b1fe-93d6ea411a90" testId="af52b379-5ec2-b536-23d6-383b0c28b10c" testName="WhenLoadingATypicalConfiguration_TheILogConfigurationIsInitialized" computerName="DKSR-EFI-06" duration="00:00:00.0242363" startTime="2024-01-09T15:41:05.4037633+01:00" endTime="2024-01-09T15:41:05.4193907+01:00" testType="13cdc9d9-ddb5-4fa4-a97d-d965ccfc6d4b" outcome="Passed" testListId="8c84fa94-04c1-424b-9868-57a2d4851a1d" relativeResultsDirectory="fe5f6dc4-585c-4edf-b1fe-93d6ea411a90" />
    <UnitTestResult executionId="ed738da5-edbb-468c-bf70-e95d8f06b646" testId="3c49f072-72fe-6e53-46cc-5836e18de914" testName="LogCreatedByFactory_ServiceCollection_ConsoleLogger_WillWriteToStringWriter (False)" computerName="DKSR-EFI-06" duration="00:00:00.0040671" startTime="2024-01-09T15:41:07.8256501+01:00" endTime="2024-01-09T15:41:07.8412716+01:00" testType="13cdc9d9-ddb5-4fa4-a97d-d965ccfc6d4b" outcome="Passed" testListId="8c84fa94-04c1-424b-9868-57a2d4851a1d" relativeResultsDirectory="ed738da5-edbb-468c-bf70-e95d8f06b646" />
    <UnitTestResult executionId="204a1885-fe73-4536-85d4-a165693d36a2" testId="403e502b-4ac7-ef6c-62b1-c2762594b0b6" testName="LoggerCreatedThroughIoC_HostBuilder_FileLogger_WillWriteToConfiguredFile (Error)" computerName="DKSR-EFI-06" duration="00:00:00.0209165" startTime="2024-01-09T15:41:06.7319083+01:00" endTime="2024-01-09T15:41:06.7475180+01:00" testType="13cdc9d9-ddb5-4fa4-a97d-d965ccfc6d4b" outcome="Passed" testListId="8c84fa94-04c1-424b-9868-57a2d4851a1d" relativeResultsDirectory="204a1885-fe73-4536-85d4-a165693d36a2" />
    <UnitTestResult executionId="0e7582e1-4303-4aa2-8ad2-f684b2fe785f" testId="f039a932-75bb-3ed0-4e11-55e973c62663" testName="LoggerOfTypeLogTestCreatedThroughIoC_HostBuilder_FileLogger_WillWriteToConfiguredFile (False)" computerName="DKSR-EFI-06" duration="00:00:00.6242081" startTime="2024-01-09T15:41:05.9975170+01:00" endTime="2024-01-09T15:41:06.6225195+01:00" testType="13cdc9d9-ddb5-4fa4-a97d-d965ccfc6d4b" outcome="Passed" testListId="8c84fa94-04c1-424b-9868-57a2d4851a1d" relativeResultsDirectory="0e7582e1-4303-4aa2-8ad2-f684b2fe785f" />
    <UnitTestResult executionId="8b35b8fc-ea01-4d45-8bee-171beaa399d4" testId="b04ea105-094d-771e-4bf5-3c599a519c9c" testName="LogCreatedByFactory_HostBuilder_ConsoleLogger_WillWriteToStringWriter (False)" computerName="DKSR-EFI-06" duration="00:00:00.0320628" startTime="2024-01-09T15:41:07.4975220+01:00" endTime="2024-01-09T15:41:07.5287707+01:00" testType="13cdc9d9-ddb5-4fa4-a97d-d965ccfc6d4b" outcome="Passed" testListId="8c84fa94-04c1-424b-9868-57a2d4851a1d" relativeResultsDirectory="8b35b8fc-ea01-4d45-8bee-171beaa399d4" />
    <UnitTestResult executionId="490b11e9-3e3d-4eb1-ac63-70faa58684fa" testId="3b171404-d238-c62a-dd34-5cc4efa966f1" testName="WhenTimePassesMidnight_Logger_WillCreateAnArchiveFile" computerName="DKSR-EFI-06" duration="00:00:00.3063865" startTime="2024-01-09T15:41:08.5756478+01:00" endTime="2024-01-09T15:41:08.8881506+01:00" testType="13cdc9d9-ddb5-4fa4-a97d-d965ccfc6d4b" outcome="Passed" testListId="8c84fa94-04c1-424b-9868-57a2d4851a1d" relativeResultsDirectory="490b11e9-3e3d-4eb1-ac63-70faa58684fa" />
    <UnitTestResult executionId="822ce9cb-a8eb-41f8-9cfe-03a601603895" testId="3dee4557-0acb-d3b9-53f9-d3f7a55ce616" testName="FileLoggerCreated_when_Logging_TheLayoutOfTheLogLinesAreCorrect (True)" computerName="DKSR-EFI-06" duration="00:00:00.0435254" startTime="2024-01-09T15:41:08.2318975+01:00" endTime="2024-01-09T15:41:08.2631483+01:00" testType="13cdc9d9-ddb5-4fa4-a97d-d965ccfc6d4b" outcome="Passed" testListId="8c84fa94-04c1-424b-9868-57a2d4851a1d" relativeResultsDirectory="822ce9cb-a8eb-41f8-9cfe-03a601603895" />
    <UnitTestResult executionId="3ba49109-53a0-4842-9a97-44e77dada802" testId="de4c2193-170f-bdc2-bb09-2065e4f99fef" testName="LogCreatedThroughIoC_HostBuilder_FileLogger_WillWriteToConfiguredFile (True)" computerName="DKSR-EFI-06" duration="00:00:00.1153704" startTime="2024-01-09T15:41:07.3725664+01:00" endTime="2024-01-09T15:41:07.4975220+01:00" testType="13cdc9d9-ddb5-4fa4-a97d-d965ccfc6d4b" outcome="Passed" testListId="8c84fa94-04c1-424b-9868-57a2d4851a1d" relativeResultsDirectory="3ba49109-53a0-4842-9a97-44e77dada802" />
    <UnitTestResult executionId="9f8978f0-08c4-4701-bf15-c2acdd2063f0" testId="e0522049-5ae1-70de-1f9f-c29de46f5543" testName="LoggerCreatedThroughIoC_ServiceCollection_FileLogger_WillWriteToConfiguredFile (Info)" computerName="DKSR-EFI-06" duration="00:00:00.0175229" startTime="2024-01-09T15:41:07.6723365+01:00" endTime="2024-01-09T15:41:07.6850234+01:00" testType="13cdc9d9-ddb5-4fa4-a97d-d965ccfc6d4b" outcome="Passed" testListId="8c84fa94-04c1-424b-9868-57a2d4851a1d" relativeResultsDirectory="9f8978f0-08c4-4701-bf15-c2acdd2063f0" />
    <UnitTestResult executionId="4d90a0b3-9808-4114-8929-9c11d8b3aab3" testId="b69751c6-e854-df22-d3a6-a5f459535314" testName="WhenTimePassesRetentionTime_Logger_WillDeleteOldArchiveFiles" computerName="DKSR-EFI-06" duration="00:00:00.0582698" startTime="2024-01-09T15:41:08.8881506+01:00" endTime="2024-01-09T15:41:08.9350254+01:00" testType="13cdc9d9-ddb5-4fa4-a97d-d965ccfc6d4b" outcome="Passed" testListId="8c84fa94-04c1-424b-9868-57a2d4851a1d" relativeResultsDirectory="4d90a0b3-9808-4114-8929-9c11d8b3aab3" />
    <UnitTestResult executionId="2e32d056-6768-46b3-b7b7-6ce844a11d2c" testId="dd5dcb82-a6d8-cd15-7452-488da9bf5c6c" testName="FileLoggerCreated_when_Logging_TheLayoutOfTheLogLinesAreCorrect (False)" computerName="DKSR-EFI-06" duration="00:00:00.0467422" startTime="2024-01-09T15:41:08.2631483+01:00" endTime="2024-01-09T15:41:08.3100226+01:00" testType="13cdc9d9-ddb5-4fa4-a97d-d965ccfc6d4b" outcome="Passed" testListId="8c84fa94-04c1-424b-9868-57a2d4851a1d" relativeResultsDirectory="2e32d056-6768-46b3-b7b7-6ce844a11d2c" />
    <UnitTestResult executionId="498e9064-c0ee-4846-9fef-6eedf204c1f0" testId="99de4013-9d04-f50c-18d6-27f5cae2f068" testName="LogCreatedByFactory_ServiceCollection_ConsoleLogger_WillWriteToStringWriter (True)" computerName="DKSR-EFI-06" duration="00:00:00.0033060" startTime="2024-01-09T15:41:07.8412716+01:00" endTime="2024-01-09T15:41:07.8412716+01:00" testType="13cdc9d9-ddb5-4fa4-a97d-d965ccfc6d4b" outcome="Passed" testListId="8c84fa94-04c1-424b-9868-57a2d4851a1d" relativeResultsDirectory="498e9064-c0ee-4846-9fef-6eedf204c1f0" />
    <UnitTestResult executionId="51316247-f657-43cb-8cb4-3d23f9ad7ecc" testId="90e073a5-8b84-6dcb-c29a-429f7528caab" testName="LogCreatedThroughIoC_HostBuilder_ConsoleLogger_WillWriteToStringWriter (True)" computerName="DKSR-EFI-06" duration="00:00:00.0091305" startTime="2024-01-09T15:41:07.5756457+01:00" endTime="2024-01-09T15:41:07.5756457+01:00" testType="13cdc9d9-ddb5-4fa4-a97d-d965ccfc6d4b" outcome="Passed" testListId="8c84fa94-04c1-424b-9868-57a2d4851a1d" relativeResultsDirectory="51316247-f657-43cb-8cb4-3d23f9ad7ecc" />
    <UnitTestResult executionId="f0e162e0-72eb-49ed-bf28-90629a7efa63" testId="96d604e8-0d41-8777-a315-9a0cb8b5d048" testName="WhenLoadingAFullConfiguration_TheILogConfigurationIsInitialized" computerName="DKSR-EFI-06" duration="00:00:00.2948697" startTime="2024-01-09T15:41:05.0131370+01:00" endTime="2024-01-09T15:41:05.3881382+01:00" testType="13cdc9d9-ddb5-4fa4-a97d-d965ccfc6d4b" outcome="Passed" testListId="8c84fa94-04c1-424b-9868-57a2d4851a1d" relativeResultsDirectory="f0e162e0-72eb-49ed-bf28-90629a7efa63" />
    <UnitTestResult executionId="a34248ac-b66a-4708-8724-dd40d248f727" testId="aca87e28-2e0b-c31c-1a9b-e857aae90a97" testName="LogsCreatedWith2FileTargetsWith2LoggerName_WhenLogging_LogStatementsAreWrittenToCorrectLog" computerName="DKSR-EFI-06" duration="00:00:00.1681430" startTime="2024-01-09T15:41:08.0131512+01:00" endTime="2024-01-09T15:41:08.1850239+01:00" testType="13cdc9d9-ddb5-4fa4-a97d-d965ccfc6d4b" outcome="Passed" testListId="8c84fa94-04c1-424b-9868-57a2d4851a1d" relativeResultsDirectory="a34248ac-b66a-4708-8724-dd40d248f727" />
    <UnitTestResult executionId="4779adda-cf00-41b6-9293-e96559439589" testId="572c8c28-25e6-b857-0630-5b98bf53b055" testName="LoggerCreatedThroughIoC_HostBuilder_ConsoleLogger_WillWriteToStringWriter (True)" computerName="DKSR-EFI-06" duration="00:00:00.0062679" startTime="2024-01-09T15:41:07.5600222+01:00" endTime="2024-01-09T15:41:07.5600222+01:00" testType="13cdc9d9-ddb5-4fa4-a97d-d965ccfc6d4b" outcome="Passed" testListId="8c84fa94-04c1-424b-9868-57a2d4851a1d" relativeResultsDirectory="4779adda-cf00-41b6-9293-e96559439589" />
    <UnitTestResult executionId="28a63012-4d6e-491b-91c6-ca14b2e607bd" testId="6cdd53b7-26ae-def6-4008-58de62267d0f" testName="LogCreatedByFactory_FileLogger_WillWriteToConfiguredFile (False)" computerName="DKSR-EFI-06" duration="00:00:00.3595577" startTime="2024-01-09T15:41:05.4350165+01:00" endTime="2024-01-09T15:41:05.7943885+01:00" testType="13cdc9d9-ddb5-4fa4-a97d-d965ccfc6d4b" outcome="Passed" testListId="8c84fa94-04c1-424b-9868-57a2d4851a1d" relativeResultsDirectory="28a63012-4d6e-491b-91c6-ca14b2e607bd" />
    <UnitTestResult executionId="31ed84b6-895e-45be-80fc-63a79e43dec6" testId="6c6d525e-74c7-a08a-386c-ecebb15fa43a" testName="LogCreatedByFactory_FileLogger_AllLogLevels_WillWriteToConfiguredFile (Warn)" computerName="DKSR-EFI-06" duration="00:00:00.0247935" startTime="2024-01-09T15:41:05.8881399+01:00" endTime="2024-01-09T15:41:05.9193905+01:00" testType="13cdc9d9-ddb5-4fa4-a97d-d965ccfc6d4b" outcome="Passed" testListId="8c84fa94-04c1-424b-9868-57a2d4851a1d" relativeResultsDirectory="31ed84b6-895e-45be-80fc-63a79e43dec6" />
    <UnitTestResult executionId="55d5c1dd-2bb9-454d-9e34-82b9e9e86a8c" testId="e92ac73f-63b3-399b-b871-931b535e0958" testName="WhenExceedingArchiveAboveSize_Logger_WillCreateAnArchiveFile (0)" computerName="DKSR-EFI-06" duration="00:00:00.0537197" startTime="2024-01-09T15:41:08.9350254+01:00" endTime="2024-01-09T15:41:08.9975260+01:00" testType="13cdc9d9-ddb5-4fa4-a97d-d965ccfc6d4b" outcome="Passed" testListId="8c84fa94-04c1-424b-9868-57a2d4851a1d" relativeResultsDirectory="55d5c1dd-2bb9-454d-9e34-82b9e9e86a8c">
      <Output>
        <StdOut>Archive file:tmpDDDF (20240109.0000).tmp Creation time:1/1/1601 1:00:00 AM&#xD;
Archive file:tmpDDDF (20240109.0001).tmp Creation time:1/1/1601 1:00:00 AM&#xD;
Archive file:tmpDDDF (20240109.0002).tmp Creation time:1/1/1601 1:00:00 AM&#xD;
Archive file:tmpDDDF (20240109.0003).tmp Creation time:1/1/1601 1:00:00 AM&#xD;
Archive file:tmpDDDF (20240109.0004).tmp Creation time:1/1/1601 1:00:00 AM&#xD;
Archive file:tmpDDDF (20240109.0005).tmp Creation time:1/1/1601 1:00:00 AM&#xD;
Archive file:tmpDDDF (20240109.0006).tmp Creation time:1/1/1601 1:00:00 AM&#xD;
Archive file:tmpDDDF (20240109.0007).tmp Creation time:1/1/1601 1:00:00 AM&#xD;
Archive file:tmpDDDF (20240109.0008).tmp Creation time:1/1/1601 1:00:00 AM&#xD;
Archive file:tmpDDDF (20240109.0009).tmp Creation time:1/1/1601 1:00:00 AM&#xD;
Archive file:tmpDDDF (20240109.0010).tmp Creation time:1/1/1601 1:00:00 AM&#xD;
Archive file:tmpDDDF (20240109.0011).tmp Creation time:1/1/1601 1:00:00 AM&#xD;
Archive file:tmpDDDF (20240109.0012).tmp Creation time:1/1/1601 1:00:00 AM&#xD;
Archive file:tmpDDDF (20240109.0013).tmp Creation time:1/1/1601 1:00:00 AM&#xD;
Archive file:tmpDDDF (20240109.0014).tmp Creation time:1/1/1601 1:00:00 AM&#xD;
Archive file:tmpDDDF (20240109.0015).tmp Creation time:1/1/1601 1:00:00 AM&#xD;
Archive file:tmpDDDF (20240109.0016).tmp Creation time:1/1/1601 1:00:00 AM</StdOut>
      </Output>
    </UnitTestResult>
    <UnitTestResult executionId="17abb979-b781-488e-a24e-0f23c2fc0384" testId="bc636bb5-fd84-f7ba-bf73-30f03f2af620" testName="LoggerCreatedThroughIoC_ServiceCollection_FileLogger_WillWriteToConfiguredFile (Error)" computerName="DKSR-EFI-06" duration="00:00:00.0238120" startTime="2024-01-09T15:41:07.7162699+01:00" endTime="2024-01-09T15:41:07.7475238+01:00" testType="13cdc9d9-ddb5-4fa4-a97d-d965ccfc6d4b" outcome="Passed" testListId="8c84fa94-04c1-424b-9868-57a2d4851a1d" relativeResultsDirectory="17abb979-b781-488e-a24e-0f23c2fc0384" />
    <UnitTestResult executionId="2d175351-74c9-42a3-b53d-8a34879b9155" testId="ad00d3f7-1e26-00ab-ee06-16ce28ebff31" testName="LoggerCreatedThroughIoC_HostBuilder_ConsoleLogger_WillWriteToStringWriter (False)" computerName="DKSR-EFI-06" duration="00:00:00.0207563" startTime="2024-01-09T15:41:07.5287707+01:00" endTime="2024-01-09T15:41:07.5600222+01:00" testType="13cdc9d9-ddb5-4fa4-a97d-d965ccfc6d4b" outcome="Passed" testListId="8c84fa94-04c1-424b-9868-57a2d4851a1d" relativeResultsDirectory="2d175351-74c9-42a3-b53d-8a34879b9155" />
    <UnitTestResult executionId="a25923ec-bef6-4cae-8ba1-7717df37c778" testId="444eedca-9a75-6a7a-4186-bab4271c2e66" testName="LoggerOfTypeLogTestCreatedThroughIoC_ServiceCollection_FileLogger_WillWriteToConfiguredFile (True)" computerName="DKSR-EFI-06" duration="00:00:00.0358640" startTime="2024-01-09T15:41:07.6069908+01:00" endTime="2024-01-09T15:41:07.6381463+01:00" testType="13cdc9d9-ddb5-4fa4-a97d-d965ccfc6d4b" outcome="Passed" testListId="8c84fa94-04c1-424b-9868-57a2d4851a1d" relativeResultsDirectory="a25923ec-bef6-4cae-8ba1-7717df37c778" />
    <UnitTestResult executionId="208dc163-3014-4d24-bae3-54363d47d9de" testId="f95c26a8-c543-8f1a-9ca2-35d735052f45" testName="LoggerCreatedThroughIoC_HostBuilder_FileLogger_WillWriteToConfiguredFile (Debug)" computerName="DKSR-EFI-06" duration="00:00:00.0378802" startTime="2024-01-09T15:41:06.6381436+01:00" endTime="2024-01-09T15:41:06.6850188+01:00" testType="13cdc9d9-ddb5-4fa4-a97d-d965ccfc6d4b" outcome="Passed" testListId="8c84fa94-04c1-424b-9868-57a2d4851a1d" relativeResultsDirectory="208dc163-3014-4d24-bae3-54363d47d9de" />
    <UnitTestResult executionId="5bc3dbcc-35c0-4c94-99f9-52602115a4a0" testId="d49c7fd7-de82-08ba-d7be-e29ad411cecd" testName="LoggerOfTypeLogTestCreatedThroughIoC_ServiceCollection_FileLogger_WillWriteToConfiguredFile (False)" computerName="DKSR-EFI-06" duration="00:00:00.0203463" startTime="2024-01-09T15:41:07.5756457+01:00" endTime="2024-01-09T15:41:07.6069908+01:00" testType="13cdc9d9-ddb5-4fa4-a97d-d965ccfc6d4b" outcome="Passed" testListId="8c84fa94-04c1-424b-9868-57a2d4851a1d" relativeResultsDirectory="5bc3dbcc-35c0-4c94-99f9-52602115a4a0" />
    <UnitTestResult executionId="17716f20-078b-4991-b6e4-f6d525d1a7d9" testId="5c46bed1-3f77-d9ca-9306-6287f7359983" testName="LogCreatedByFactory_FileLogger_WillWriteToConfiguredFile (True)" computerName="DKSR-EFI-06" duration="00:00:00.0636130" startTime="2024-01-09T15:41:05.7943885+01:00" endTime="2024-01-09T15:41:05.8568934+01:00" testType="13cdc9d9-ddb5-4fa4-a97d-d965ccfc6d4b" outcome="Passed" testListId="8c84fa94-04c1-424b-9868-57a2d4851a1d" relativeResultsDirectory="17716f20-078b-4991-b6e4-f6d525d1a7d9" />
    <UnitTestResult executionId="3b6d50a5-5ef9-4833-bdef-355ba3451074" testId="68e7ad01-01fd-c512-ed5b-61f4025bfa60" testName="LogCreatedThroughIoC_ServiceCollection_FileLogger_WillWriteToConfiguredFile (False)" computerName="DKSR-EFI-06" duration="00:00:00.0681525" startTime="2024-01-09T15:41:07.7475238+01:00" endTime="2024-01-09T15:41:07.8100245+01:00" testType="13cdc9d9-ddb5-4fa4-a97d-d965ccfc6d4b" outcome="Passed" testListId="8c84fa94-04c1-424b-9868-57a2d4851a1d" relativeResultsDirectory="3b6d50a5-5ef9-4833-bdef-355ba3451074" />
    <UnitTestResult executionId="ed6e1049-2b7e-4dab-8147-ad914e3a97c4" testId="e2d123e9-9809-e280-6a68-ddbede79b20b" testName="WhenLoadingAFullConfiguration_LoggersCanbeTurnedOffByTheAdHocConfiguration" computerName="DKSR-EFI-06" duration="00:00:00.0028273" startTime="2024-01-09T15:41:05.4193907+01:00" endTime="2024-01-09T15:41:05.4350165+01:00" testType="13cdc9d9-ddb5-4fa4-a97d-d965ccfc6d4b" outcome="Passed" testListId="8c84fa94-04c1-424b-9868-57a2d4851a1d" relativeResultsDirectory="ed6e1049-2b7e-4dab-8147-ad914e3a97c4" />
  </Results>
  <TestDefinitions>
    <UnitTest name="LoggerOfTypeLogTestCreatedThroughIoC_HostBuilder_FileLogger_WillWriteToConfiguredFile (False)" storage="d:\actions-runner\_work\xpco\xpco\common\videoos.common.logging\tst\videoos.common.logging.unittests\bin\debug\net472\videoos.common.logging.unittests.dll" id="f039a932-75bb-3ed0-4e11-55e973c62663">
      <Execution id="0e7582e1-4303-4aa2-8ad2-f684b2fe785f" />
      <TestMethod codeBase="D:\actions-runner\_work\XPCO\XPCO\Common\VideoOS.Common.Logging\tst\VideoOS.Common.Logging.UnitTests\bin\Debug\net472\VideoOS.Common.Logging.UnitTests.dll" adapterTypeName="executor://mstestadapter/v2" className="VideoOS.Common.Logging.UnitTest.LogTest" name="LoggerOfTypeLogTestCreatedThroughIoC_HostBuilder_FileLogger_WillWriteToConfiguredFile" />
    </UnitTest>
    <UnitTest name="WhenTimePassesMidnight_Logger_WillCreateAnArchiveFile" storage="d:\actions-runner\_work\xpco\xpco\common\videoos.common.logging\tst\videoos.common.logging.unittests\bin\debug\net472\videoos.common.logging.unittests.dll" id="3b171404-d238-c62a-dd34-5cc4efa966f1">
      <Execution id="490b11e9-3e3d-4eb1-ac63-70faa58684fa" />
      <TestMethod codeBase="D:\actions-runner\_work\XPCO\XPCO\Common\VideoOS.Common.Logging\tst\VideoOS.Common.Logging.UnitTests\bin\Debug\net472\VideoOS.Common.Logging.UnitTests.dll" adapterTypeName="executor://mstestadapter/v2" className="VideoOS.Common.Logging.UnitTest.LogTest" name="WhenTimePassesMidnight_Logger_WillCreateAnArchiveFile" />
    </UnitTest>
    <UnitTest name="LoggerCreatedThroughIoC_ServiceCollection_FileLogger_WillWriteToConfiguredFile (Info)" storage="d:\actions-runner\_work\xpco\xpco\common\videoos.common.logging\tst\videoos.common.logging.unittests\bin\debug\net472\videoos.common.logging.unittests.dll" id="e0522049-5ae1-70de-1f9f-c29de46f5543">
      <Execution id="9f8978f0-08c4-4701-bf15-c2acdd2063f0" />
      <TestMethod codeBase="D:\actions-runner\_work\XPCO\XPCO\Common\VideoOS.Common.Logging\tst\VideoOS.Common.Logging.UnitTests\bin\Debug\net472\VideoOS.Common.Logging.UnitTests.dll" adapterTypeName="executor://mstestadapter/v2" className="VideoOS.Common.Logging.UnitTest.LogTest" name="LoggerCreatedThroughIoC_ServiceCollection_FileLogger_WillWriteToConfiguredFile" />
    </UnitTest>
    <UnitTest name="LogCreatedThroughIoC_ServiceCollection_ConsoleLogger_WillWriteToStringWriter (False)" storage="d:\actions-runner\_work\xpco\xpco\common\videoos.common.logging\tst\videoos.common.logging.unittests\bin\debug\net472\videoos.common.logging.unittests.dll" id="12cf0786-3c72-0df4-59c6-25ea16c46b90">
      <Execution id="78239d82-d755-4f49-8d84-d64cbb881891" />
      <TestMethod codeBase="D:\actions-runner\_work\XPCO\XPCO\Common\VideoOS.Common.Logging\tst\VideoOS.Common.Logging.UnitTests\bin\Debug\net472\VideoOS.Common.Logging.UnitTests.dll" adapterTypeName="executor://mstestadapter/v2" className="VideoOS.Common.Logging.UnitTest.LogTest" name="LogCreatedThroughIoC_ServiceCollection_ConsoleLogger_WillWriteToStringWriter" />
    </UnitTest>
    <UnitTest name="WhenExceedingArchiveAboveSize_Logger_WillCreateAnArchiveFile (0)" storage="d:\actions-runner\_work\xpco\xpco\common\videoos.common.logging\tst\videoos.common.logging.unittests\bin\debug\net472\videoos.common.logging.unittests.dll" id="e92ac73f-63b3-399b-b871-931b535e0958">
      <Execution id="55d5c1dd-2bb9-454d-9e34-82b9e9e86a8c" />
      <TestMethod codeBase="D:\actions-runner\_work\XPCO\XPCO\Common\VideoOS.Common.Logging\tst\VideoOS.Common.Logging.UnitTests\bin\Debug\net472\VideoOS.Common.Logging.UnitTests.dll" adapterTypeName="executor://mstestadapter/v2" className="VideoOS.Common.Logging.UnitTest.LogTest" name="WhenExceedingArchiveAboveSize_Logger_WillCreateAnArchiveFile" />
    </UnitTest>
    <UnitTest name="LogCreatedThroughIoC_HostBuilder_FileLogger_WillWriteToConfiguredFile (False)" storage="d:\actions-runner\_work\xpco\xpco\common\videoos.common.logging\tst\videoos.common.logging.unittests\bin\debug\net472\videoos.common.logging.unittests.dll" id="e06027ea-1952-c757-21ae-95f8f49384d5">
      <Execution id="d231c5d9-e484-46a6-975e-5fea5b9e1277" />
      <TestMethod codeBase="D:\actions-runner\_work\XPCO\XPCO\Common\VideoOS.Common.Logging\tst\VideoOS.Common.Logging.UnitTests\bin\Debug\net472\VideoOS.Common.Logging.UnitTests.dll" adapterTypeName="executor://mstestadapter/v2" className="VideoOS.Common.Logging.UnitTest.LogTest" name="LogCreatedThroughIoC_HostBuilder_FileLogger_WillWriteToConfiguredFile" />
    </UnitTest>
    <UnitTest name="LogCreatedThroughIoC_ServiceCollection_FileLogger_WillWriteToConfiguredFile (False)" storage="d:\actions-runner\_work\xpco\xpco\common\videoos.common.logging\tst\videoos.common.logging.unittests\bin\debug\net472\videoos.common.logging.unittests.dll" id="68e7ad01-01fd-c512-ed5b-61f4025bfa60">
      <Execution id="3b6d50a5-5ef9-4833-bdef-355ba3451074" />
      <TestMethod codeBase="D:\actions-runner\_work\XPCO\XPCO\Common\VideoOS.Common.Logging\tst\VideoOS.Common.Logging.UnitTests\bin\Debug\net472\VideoOS.Common.Logging.UnitTests.dll" adapterTypeName="executor://mstestadapter/v2" className="VideoOS.Common.Logging.UnitTest.LogTest" name="LogCreatedThroughIoC_ServiceCollection_FileLogger_WillWriteToConfiguredFile" />
    </UnitTest>
    <UnitTest name="LogCreatedByFactory_HostBuilder_ConsoleLogger_WillWriteToStringWriter (False)" storage="d:\actions-runner\_work\xpco\xpco\common\videoos.common.logging\tst\videoos.common.logging.unittests\bin\debug\net472\videoos.common.logging.unittests.dll" id="b04ea105-094d-771e-4bf5-3c599a519c9c">
      <Execution id="8b35b8fc-ea01-4d45-8bee-171beaa399d4" />
      <TestMethod codeBase="D:\actions-runner\_work\XPCO\XPCO\Common\VideoOS.Common.Logging\tst\VideoOS.Common.Logging.UnitTests\bin\Debug\net472\VideoOS.Common.Logging.UnitTests.dll" adapterTypeName="executor://mstestadapter/v2" className="VideoOS.Common.Logging.UnitTest.LogTest" name="LogCreatedByFactory_HostBuilder_ConsoleLogger_WillWriteToStringWriter" />
    </UnitTest>
    <UnitTest name="LoggerCreatedThroughIoC_ServiceCollection_ConsoleLogger_WillWriteToStringWriter (True)" storage="d:\actions-runner\_work\xpco\xpco\common\videoos.common.logging\tst\videoos.common.logging.unittests\bin\debug\net472\videoos.common.logging.unittests.dll" id="a460eb6f-0731-bad3-c17a-53302a999a39">
      <Execution id="ab39557f-c72b-46ed-a2d7-0358e5205a57" />
      <TestMethod codeBase="D:\actions-runner\_work\XPCO\XPCO\Common\VideoOS.Common.Logging\tst\VideoOS.Common.Logging.UnitTests\bin\Debug\net472\VideoOS.Common.Logging.UnitTests.dll" adapterTypeName="executor://mstestadapter/v2" className="VideoOS.Common.Logging.UnitTest.LogTest" name="LoggerCreatedThroughIoC_ServiceCollection_ConsoleLogger_WillWriteToStringWriter" />
    </UnitTest>
    <UnitTest name="WhenSuppressingMessages_Logger_WillNotLogMessageWithSuppressedKeywords" storage="d:\actions-runner\_work\xpco\xpco\common\videoos.common.logging\tst\videoos.common.logging.unittests\bin\debug\net472\videoos.common.logging.unittests.dll" id="25912a8f-57de-74c1-a5de-050b0a6afb88">
      <Execution id="57163acb-a0df-447b-89ae-679397c02670" />
      <TestMethod codeBase="D:\actions-runner\_work\XPCO\XPCO\Common\VideoOS.Common.Logging\tst\VideoOS.Common.Logging.UnitTests\bin\Debug\net472\VideoOS.Common.Logging.UnitTests.dll" adapterTypeName="executor://mstestadapter/v2" className="VideoOS.Common.Logging.UnitTest.LogTest" name="WhenSuppressingMessages_Logger_WillNotLogMessageWithSuppressedKeywords" />
    </UnitTest>
    <UnitTest name="LoggerCreatedThroughIoC_ServiceCollection_ConsoleLogger_WillWriteToStringWriter (False)" storage="d:\actions-runner\_work\xpco\xpco\common\videoos.common.logging\tst\videoos.common.logging.unittests\bin\debug\net472\videoos.common.logging.unittests.dll" id="3a118461-8324-a2b5-da2d-45624d262212">
      <Execution id="64237ceb-6087-4da4-9fc7-96f057bd1fd1" />
      <TestMethod codeBase="D:\actions-runner\_work\XPCO\XPCO\Common\VideoOS.Common.Logging\tst\VideoOS.Common.Logging.UnitTests\bin\Debug\net472\VideoOS.Common.Logging.UnitTests.dll" adapterTypeName="executor://mstestadapter/v2" className="VideoOS.Common.Logging.UnitTest.LogTest" name="LoggerCreatedThroughIoC_ServiceCollection_ConsoleLogger_WillWriteToStringWriter" />
    </UnitTest>
    <UnitTest name="WhenTimePassesRetentionTime_Logger_WillDeleteOldArchiveFiles" storage="d:\actions-runner\_work\xpco\xpco\common\videoos.common.logging\tst\videoos.common.logging.unittests\bin\debug\net472\videoos.common.logging.unittests.dll" id="b69751c6-e854-df22-d3a6-a5f459535314">
      <Execution id="4d90a0b3-9808-4114-8929-9c11d8b3aab3" />
      <TestMethod codeBase="D:\actions-runner\_work\XPCO\XPCO\Common\VideoOS.Common.Logging\tst\VideoOS.Common.Logging.UnitTests\bin\Debug\net472\VideoOS.Common.Logging.UnitTests.dll" adapterTypeName="executor://mstestadapter/v2" className="VideoOS.Common.Logging.UnitTest.LogTest" name="WhenTimePassesRetentionTime_Logger_WillDeleteOldArchiveFiles" />
    </UnitTest>
    <UnitTest name="LoggerOfTypeLogTestCreatedThroughIoC_ServiceCollection_FileLogger_WillWriteToConfiguredFile (False)" storage="d:\actions-runner\_work\xpco\xpco\common\videoos.common.logging\tst\videoos.common.logging.unittests\bin\debug\net472\videoos.common.logging.unittests.dll" id="d49c7fd7-de82-08ba-d7be-e29ad411cecd">
      <Execution id="5bc3dbcc-35c0-4c94-99f9-52602115a4a0" />
      <TestMethod codeBase="D:\actions-runner\_work\XPCO\XPCO\Common\VideoOS.Common.Logging\tst\VideoOS.Common.Logging.UnitTests\bin\Debug\net472\VideoOS.Common.Logging.UnitTests.dll" adapterTypeName="executor://mstestadapter/v2" className="VideoOS.Common.Logging.UnitTest.LogTest" name="LoggerOfTypeLogTestCreatedThroughIoC_ServiceCollection_FileLogger_WillWriteToConfiguredFile" />
    </UnitTest>
    <UnitTest name="LoggerCreatedThroughIoC_ServiceCollection_FileLogger_WillWriteToConfiguredFile (Warn)" storage="d:\actions-runner\_work\xpco\xpco\common\videoos.common.logging\tst\videoos.common.logging.unittests\bin\debug\net472\videoos.common.logging.unittests.dll" id="5825e28b-ed12-3c90-747d-8c4e3dbce269">
      <Execution id="fb5ddb7f-d996-4a0b-a243-580b3520422c" />
      <TestMethod codeBase="D:\actions-runner\_work\XPCO\XPCO\Common\VideoOS.Common.Logging\tst\VideoOS.Common.Logging.UnitTests\bin\Debug\net472\VideoOS.Common.Logging.UnitTests.dll" adapterTypeName="executor://mstestadapter/v2" className="VideoOS.Common.Logging.UnitTest.LogTest" name="LoggerCreatedThroughIoC_ServiceCollection_FileLogger_WillWriteToConfiguredFile" />
    </UnitTest>
    <UnitTest name="LogCreatedByFactory_HostBuilder_ConsoleLogger_WillWriteToStringWriter (True)" storage="d:\actions-runner\_work\xpco\xpco\common\videoos.common.logging\tst\videoos.common.logging.unittests\bin\debug\net472\videoos.common.logging.unittests.dll" id="cbe8395d-14cc-0871-a242-4eef3b688d82">
      <Execution id="058c87a4-bc62-4ab6-8f26-a8d901df451b" />
      <TestMethod codeBase="D:\actions-runner\_work\XPCO\XPCO\Common\VideoOS.Common.Logging\tst\VideoOS.Common.Logging.UnitTests\bin\Debug\net472\VideoOS.Common.Logging.UnitTests.dll" adapterTypeName="executor://mstestadapter/v2" className="VideoOS.Common.Logging.UnitTest.LogTest" name="LogCreatedByFactory_HostBuilder_ConsoleLogger_WillWriteToStringWriter" />
    </UnitTest>
    <UnitTest name="LogCreatedThroughIoC_HostBuilder_ConsoleLogger_WillWriteToStringWriter (True)" storage="d:\actions-runner\_work\xpco\xpco\common\videoos.common.logging\tst\videoos.common.logging.unittests\bin\debug\net472\videoos.common.logging.unittests.dll" id="90e073a5-8b84-6dcb-c29a-429f7528caab">
      <Execution id="51316247-f657-43cb-8cb4-3d23f9ad7ecc" />
      <TestMethod codeBase="D:\actions-runner\_work\XPCO\XPCO\Common\VideoOS.Common.Logging\tst\VideoOS.Common.Logging.UnitTests\bin\Debug\net472\VideoOS.Common.Logging.UnitTests.dll" adapterTypeName="executor://mstestadapter/v2" className="VideoOS.Common.Logging.UnitTest.LogTest" name="LogCreatedThroughIoC_HostBuilder_ConsoleLogger_WillWriteToStringWriter" />
    </UnitTest>
    <UnitTest name="LogCreatedThroughIoC_ServiceCollection_FileLogger_WillWriteToConfiguredFile (True)" storage="d:\actions-runner\_work\xpco\xpco\common\videoos.common.logging\tst\videoos.common.logging.unittests\bin\debug\net472\videoos.common.logging.unittests.dll" id="6f12a4e4-7264-f713-3c66-bf6485dc3dbb">
      <Execution id="d5243e1b-084e-4378-bfcb-683b9ac42be2" />
      <TestMethod codeBase="D:\actions-runner\_work\XPCO\XPCO\Common\VideoOS.Common.Logging\tst\VideoOS.Common.Logging.UnitTests\bin\Debug\net472\VideoOS.Common.Logging.UnitTests.dll" adapterTypeName="executor://mstestadapter/v2" className="VideoOS.Common.Logging.UnitTest.LogTest" name="LogCreatedThroughIoC_ServiceCollection_FileLogger_WillWriteToConfiguredFile" />
    </UnitTest>
    <UnitTest name="LoggerOfTypeLogTestCreatedThroughIoC_ServiceCollection_FileLogger_WillWriteToConfiguredFile (True)" storage="d:\actions-runner\_work\xpco\xpco\common\videoos.common.logging\tst\videoos.common.logging.unittests\bin\debug\net472\videoos.common.logging.unittests.dll" id="444eedca-9a75-6a7a-4186-bab4271c2e66">
      <Execution id="a25923ec-bef6-4cae-8ba1-7717df37c778" />
      <TestMethod codeBase="D:\actions-runner\_work\XPCO\XPCO\Common\VideoOS.Common.Logging\tst\VideoOS.Common.Logging.UnitTests\bin\Debug\net472\VideoOS.Common.Logging.UnitTests.dll" adapterTypeName="executor://mstestadapter/v2" className="VideoOS.Common.Logging.UnitTest.LogTest" name="LoggerOfTypeLogTestCreatedThroughIoC_ServiceCollection_FileLogger_WillWriteToConfiguredFile" />
    </UnitTest>
    <UnitTest name="LoggerCreatedThroughIoC_ServiceCollection_FileLogger_WillWriteToConfiguredFile (Debug)" storage="d:\actions-runner\_work\xpco\xpco\common\videoos.common.logging\tst\videoos.common.logging.unittests\bin\debug\net472\videoos.common.logging.unittests.dll" id="fc05a72c-80f0-a2f8-2732-39011e042a50">
      <Execution id="c38bf356-a8b9-4d49-af6b-60336db75a06" />
      <TestMethod codeBase="D:\actions-runner\_work\XPCO\XPCO\Common\VideoOS.Common.Logging\tst\VideoOS.Common.Logging.UnitTests\bin\Debug\net472\VideoOS.Common.Logging.UnitTests.dll" adapterTypeName="executor://mstestadapter/v2" className="VideoOS.Common.Logging.UnitTest.LogTest" name="LoggerCreatedThroughIoC_ServiceCollection_FileLogger_WillWriteToConfiguredFile" />
    </UnitTest>
    <UnitTest name="LogCreatedWith3TargetsWithDifferentLogLevels_WhenLogging_AllTargetsWillTheirSpecifiedLogLevels" storage="d:\actions-runner\_work\xpco\xpco\common\videoos.common.logging\tst\videoos.common.logging.unittests\bin\debug\net472\videoos.common.logging.unittests.dll" id="4e94fac4-8368-190b-d5eb-b7e26431d1a5">
      <Execution id="19448600-f60d-4d35-b074-a95f280121ab" />
      <TestMethod codeBase="D:\actions-runner\_work\XPCO\XPCO\Common\VideoOS.Common.Logging\tst\VideoOS.Common.Logging.UnitTests\bin\Debug\net472\VideoOS.Common.Logging.UnitTests.dll" adapterTypeName="executor://mstestadapter/v2" className="VideoOS.Common.Logging.UnitTest.LogTest" name="LogCreatedWith3TargetsWithDifferentLogLevels_WhenLogging_AllTargetsWillTheirSpecifiedLogLevels" />
    </UnitTest>
    <UnitTest name="LoggerCreatedThroughIoC_HostBuilder_FileLogger_WillWriteToConfiguredFile (Warn)" storage="d:\actions-runner\_work\xpco\xpco\common\videoos.common.logging\tst\videoos.common.logging.unittests\bin\debug\net472\videoos.common.logging.unittests.dll" id="0c731dda-9176-db53-0fc5-8e4ece030945">
      <Execution id="b6fe1b72-291c-422e-b81c-b805bb36220a" />
      <TestMethod codeBase="D:\actions-runner\_work\XPCO\XPCO\Common\VideoOS.Common.Logging\tst\VideoOS.Common.Logging.UnitTests\bin\Debug\net472\VideoOS.Common.Logging.UnitTests.dll" adapterTypeName="executor://mstestadapter/v2" className="VideoOS.Common.Logging.UnitTest.LogTest" name="LoggerCreatedThroughIoC_HostBuilder_FileLogger_WillWriteToConfiguredFile" />
    </UnitTest>
    <UnitTest name="LogsCreatedWith2FileTargetsWith2LoggerName_WhenLogging_LogStatementsAreWrittenToCorrectLog" storage="d:\actions-runner\_work\xpco\xpco\common\videoos.common.logging\tst\videoos.common.logging.unittests\bin\debug\net472\videoos.common.logging.unittests.dll" id="aca87e28-2e0b-c31c-1a9b-e857aae90a97">
      <Execution id="a34248ac-b66a-4708-8724-dd40d248f727" />
      <TestMethod codeBase="D:\actions-runner\_work\XPCO\XPCO\Common\VideoOS.Common.Logging\tst\VideoOS.Common.Logging.UnitTests\bin\Debug\net472\VideoOS.Common.Logging.UnitTests.dll" adapterTypeName="executor://mstestadapter/v2" className="VideoOS.Common.Logging.UnitTest.LogTest" name="LogsCreatedWith2FileTargetsWith2LoggerName_WhenLogging_LogStatementsAreWrittenToCorrectLog" />
    </UnitTest>
    <UnitTest name="FileLoggerCreated_when_Logging_TheLayoutOfTheLogLinesAreCorrect (False)" storage="d:\actions-runner\_work\xpco\xpco\common\videoos.common.logging\tst\videoos.common.logging.unittests\bin\debug\net472\videoos.common.logging.unittests.dll" id="dd5dcb82-a6d8-cd15-7452-488da9bf5c6c">
      <Execution id="2e32d056-6768-46b3-b7b7-6ce844a11d2c" />
      <TestMethod codeBase="D:\actions-runner\_work\XPCO\XPCO\Common\VideoOS.Common.Logging\tst\VideoOS.Common.Logging.UnitTests\bin\Debug\net472\VideoOS.Common.Logging.UnitTests.dll" adapterTypeName="executor://mstestadapter/v2" className="VideoOS.Common.Logging.UnitTest.LogTest" name="FileLoggerCreated_when_Logging_TheLayoutOfTheLogLinesAreCorrect" />
    </UnitTest>
    <UnitTest name="LoggerCreatedThroughIoC_HostBuilder_FileLogger_WillWriteToConfiguredFile (Error)" storage="d:\actions-runner\_work\xpco\xpco\common\videoos.common.logging\tst\videoos.common.logging.unittests\bin\debug\net472\videoos.common.logging.unittests.dll" id="403e502b-4ac7-ef6c-62b1-c2762594b0b6">
      <Execution id="204a1885-fe73-4536-85d4-a165693d36a2" />
      <TestMethod codeBase="D:\actions-runner\_work\XPCO\XPCO\Common\VideoOS.Common.Logging\tst\VideoOS.Common.Logging.UnitTests\bin\Debug\net472\VideoOS.Common.Logging.UnitTests.dll" adapterTypeName="executor://mstestadapter/v2" className="VideoOS.Common.Logging.UnitTest.LogTest" name="LoggerCreatedThroughIoC_HostBuilder_FileLogger_WillWriteToConfiguredFile" />
    </UnitTest>
    <UnitTest name="LogCreatedThroughIoC_HostBuilder_FileLogger_WillWriteToConfiguredFile (True)" storage="d:\actions-runner\_work\xpco\xpco\common\videoos.common.logging\tst\videoos.common.logging.unittests\bin\debug\net472\videoos.common.logging.unittests.dll" id="de4c2193-170f-bdc2-bb09-2065e4f99fef">
      <Execution id="3ba49109-53a0-4842-9a97-44e77dada802" />
      <TestMethod codeBase="D:\actions-runner\_work\XPCO\XPCO\Common\VideoOS.Common.Logging\tst\VideoOS.Common.Logging.UnitTests\bin\Debug\net472\VideoOS.Common.Logging.UnitTests.dll" adapterTypeName="executor://mstestadapter/v2" className="VideoOS.Common.Logging.UnitTest.LogTest" name="LogCreatedThroughIoC_HostBuilder_FileLogger_WillWriteToConfiguredFile" />
    </UnitTest>
    <UnitTest name="LogCreatedByFactory_FileLogger_AllLogLevels_WillWriteToConfiguredFile (Debug)" storage="d:\actions-runner\_work\xpco\xpco\common\videoos.common.logging\tst\videoos.common.logging.unittests\bin\debug\net472\videoos.common.logging.unittests.dll" id="784cc296-f7e5-2d5e-9848-82eafda9cbaa">
      <Execution id="c6036b31-52b7-4d0d-a4d7-0570a25e4d8e" />
      <TestMethod codeBase="D:\actions-runner\_work\XPCO\XPCO\Common\VideoOS.Common.Logging\tst\VideoOS.Common.Logging.UnitTests\bin\Debug\net472\VideoOS.Common.Logging.UnitTests.dll" adapterTypeName="executor://mstestadapter/v2" className="VideoOS.Common.Logging.UnitTest.LogTest" name="LogCreatedByFactory_FileLogger_AllLogLevels_WillWriteToConfiguredFile" />
    </UnitTest>
    <UnitTest name="WhenExceedingArchiveAboveSize_Logger_WillCreateAnArchiveFile (5)" storage="d:\actions-runner\_work\xpco\xpco\common\videoos.common.logging\tst\videoos.common.logging.unittests\bin\debug\net472\videoos.common.logging.unittests.dll" id="faa22e41-8745-bc7e-e308-e1e1bfb115fb">
      <Execution id="f7380bce-3a0c-4f9f-a9c1-b29f6ff72e1d" />
      <TestMethod codeBase="D:\actions-runner\_work\XPCO\XPCO\Common\VideoOS.Common.Logging\tst\VideoOS.Common.Logging.UnitTests\bin\Debug\net472\VideoOS.Common.Logging.UnitTests.dll" adapterTypeName="executor://mstestadapter/v2" className="VideoOS.Common.Logging.UnitTest.LogTest" name="WhenExceedingArchiveAboveSize_Logger_WillCreateAnArchiveFile" />
    </UnitTest>
    <UnitTest name="FileLoggerCreated_when_Logging_TheLayoutOfTheLogLinesAreCorrect (True)" storage="d:\actions-runner\_work\xpco\xpco\common\videoos.common.logging\tst\videoos.common.logging.unittests\bin\debug\net472\videoos.common.logging.unittests.dll" id="3dee4557-0acb-d3b9-53f9-d3f7a55ce616">
      <Execution id="822ce9cb-a8eb-41f8-9cfe-03a601603895" />
      <TestMethod codeBase="D:\actions-runner\_work\XPCO\XPCO\Common\VideoOS.Common.Logging\tst\VideoOS.Common.Logging.UnitTests\bin\Debug\net472\VideoOS.Common.Logging.UnitTests.dll" adapterTypeName="executor://mstestadapter/v2" className="VideoOS.Common.Logging.UnitTest.LogTest" name="FileLoggerCreated_when_Logging_TheLayoutOfTheLogLinesAreCorrect" />
    </UnitTest>
    <UnitTest name="LogCreatedThroughIoC_ServiceCollection_ConsoleLogger_WillWriteToStringWriter (True)" storage="d:\actions-runner\_work\xpco\xpco\common\videoos.common.logging\tst\videoos.common.logging.unittests\bin\debug\net472\videoos.common.logging.unittests.dll" id="fff951db-a9ac-7088-4c5a-55e687ece90c">
      <Execution id="0ed0effa-2140-4442-8189-e9784fea1434" />
      <TestMethod codeBase="D:\actions-runner\_work\XPCO\XPCO\Common\VideoOS.Common.Logging\tst\VideoOS.Common.Logging.UnitTests\bin\Debug\net472\VideoOS.Common.Logging.UnitTests.dll" adapterTypeName="executor://mstestadapter/v2" className="VideoOS.Common.Logging.UnitTest.LogTest" name="LogCreatedThroughIoC_ServiceCollection_ConsoleLogger_WillWriteToStringWriter" />
    </UnitTest>
    <UnitTest name="LogCreatedByFactory_FileLogger_AllLogLevels_WillWriteToConfiguredFile (Error)" storage="d:\actions-runner\_work\xpco\xpco\common\videoos.common.logging\tst\videoos.common.logging.unittests\bin\debug\net472\videoos.common.logging.unittests.dll" id="c68e9a4f-dd33-5ad3-f3af-5865c537c50e">
      <Execution id="0de78f1a-ecc1-4669-b9dc-54ea8ced870a" />
      <TestMethod codeBase="D:\actions-runner\_work\XPCO\XPCO\Common\VideoOS.Common.Logging\tst\VideoOS.Common.Logging.UnitTests\bin\Debug\net472\VideoOS.Common.Logging.UnitTests.dll" adapterTypeName="executor://mstestadapter/v2" className="VideoOS.Common.Logging.UnitTest.LogTest" name="LogCreatedByFactory_FileLogger_AllLogLevels_WillWriteToConfiguredFile" />
    </UnitTest>
    <UnitTest name="LoggerCreatedThroughIoC_HostBuilder_FileLogger_WillWriteToConfiguredFile (Info)" storage="d:\actions-runner\_work\xpco\xpco\common\videoos.common.logging\tst\videoos.common.logging.unittests\bin\debug\net472\videoos.common.logging.unittests.dll" id="f6a746f5-ff88-dd52-c6a1-1924eb996ea6">
      <Execution id="04ad7076-b592-4d11-80ea-7a93ae82f18b" />
      <TestMethod codeBase="D:\actions-runner\_work\XPCO\XPCO\Common\VideoOS.Common.Logging\tst\VideoOS.Common.Logging.UnitTests\bin\Debug\net472\VideoOS.Common.Logging.UnitTests.dll" adapterTypeName="executor://mstestadapter/v2" className="VideoOS.Common.Logging.UnitTest.LogTest" name="LoggerCreatedThroughIoC_HostBuilder_FileLogger_WillWriteToConfiguredFile" />
    </UnitTest>
    <UnitTest name="WhenLoadingATypicalConfiguration_TheILogConfigurationIsInitialized" storage="d:\actions-runner\_work\xpco\xpco\common\videoos.common.logging\tst\videoos.common.logging.unittests\bin\debug\net472\videoos.common.logging.unittests.dll" id="af52b379-5ec2-b536-23d6-383b0c28b10c">
      <Execution id="fe5f6dc4-585c-4edf-b1fe-93d6ea411a90" />
      <TestMethod codeBase="D:\actions-runner\_work\XPCO\XPCO\Common\VideoOS.Common.Logging\tst\VideoOS.Common.Logging.UnitTests\bin\Debug\net472\VideoOS.Common.Logging.UnitTests.dll" adapterTypeName="executor://mstestadapter/v2" className="VideoOS.Common.Logging.UnitTest.LogConfigurationTest" name="WhenLoadingATypicalConfiguration_TheILogConfigurationIsInitialized" />
    </UnitTest>
    <UnitTest name="LogCreatedByFactory_ServiceCollection_ConsoleLogger_WillWriteToStringWriter (True)" storage="d:\actions-runner\_work\xpco\xpco\common\videoos.common.logging\tst\videoos.common.logging.unittests\bin\debug\net472\videoos.common.logging.unittests.dll" id="99de4013-9d04-f50c-18d6-27f5cae2f068">
      <Execution id="498e9064-c0ee-4846-9fef-6eedf204c1f0" />
      <TestMethod codeBase="D:\actions-runner\_work\XPCO\XPCO\Common\VideoOS.Common.Logging\tst\VideoOS.Common.Logging.UnitTests\bin\Debug\net472\VideoOS.Common.Logging.UnitTests.dll" adapterTypeName="executor://mstestadapter/v2" className="VideoOS.Common.Logging.UnitTest.LogTest" name="LogCreatedByFactory_ServiceCollection_ConsoleLogger_WillWriteToStringWriter" />
    </UnitTest>
    <UnitTest name="LogCreatedByFactory_FileLogger_WillWriteToConfiguredFile (False)" storage="d:\actions-runner\_work\xpco\xpco\common\videoos.common.logging\tst\videoos.common.logging.unittests\bin\debug\net472\videoos.common.logging.unittests.dll" id="6cdd53b7-26ae-def6-4008-58de62267d0f">
      <Execution id="28a63012-4d6e-491b-91c6-ca14b2e607bd" />
      <TestMethod codeBase="D:\actions-runner\_work\XPCO\XPCO\Common\VideoOS.Common.Logging\tst\VideoOS.Common.Logging.UnitTests\bin\Debug\net472\VideoOS.Common.Logging.UnitTests.dll" adapterTypeName="executor://mstestadapter/v2" className="VideoOS.Common.Logging.UnitTest.LogTest" name="LogCreatedByFactory_FileLogger_WillWriteToConfiguredFile" />
    </UnitTest>
    <UnitTest name="LoggerCreatedThroughIoC_HostBuilder_FileLogger_WillWriteToConfiguredFile (Debug)" storage="d:\actions-runner\_work\xpco\xpco\common\videoos.common.logging\tst\videoos.common.logging.unittests\bin\debug\net472\videoos.common.logging.unittests.dll" id="f95c26a8-c543-8f1a-9ca2-35d735052f45">
      <Execution id="208dc163-3014-4d24-bae3-54363d47d9de" />
      <TestMethod codeBase="D:\actions-runner\_work\XPCO\XPCO\Common\VideoOS.Common.Logging\tst\VideoOS.Common.Logging.UnitTests\bin\Debug\net472\VideoOS.Common.Logging.UnitTests.dll" adapterTypeName="executor://mstestadapter/v2" className="VideoOS.Common.Logging.UnitTest.LogTest" name="LoggerCreatedThroughIoC_HostBuilder_FileLogger_WillWriteToConfiguredFile" />
    </UnitTest>
    <UnitTest name="LoggerOfTypeLogTestCreatedThroughIoC_HostBuilder_FileLogger_WillWriteToConfiguredFile (True)" storage="d:\actions-runner\_work\xpco\xpco\common\videoos.common.logging\tst\videoos.common.logging.unittests\bin\debug\net472\videoos.common.logging.unittests.dll" id="649ec206-129b-3044-6068-ec72d15a6095">
      <Execution id="6e426955-09cb-4f8c-8c8f-1672b8a233ee" />
      <TestMethod codeBase="D:\actions-runner\_work\XPCO\XPCO\Common\VideoOS.Common.Logging\tst\VideoOS.Common.Logging.UnitTests\bin\Debug\net472\VideoOS.Common.Logging.UnitTests.dll" adapterTypeName="executor://mstestadapter/v2" className="VideoOS.Common.Logging.UnitTest.LogTest" name="LoggerOfTypeLogTestCreatedThroughIoC_HostBuilder_FileLogger_WillWriteToConfiguredFile" />
    </UnitTest>
    <UnitTest name="LoggerCreatedThroughIoC_ServiceCollection_FileLogger_WillWriteToConfiguredFile (Error)" storage="d:\actions-runner\_work\xpco\xpco\common\videoos.common.logging\tst\videoos.common.logging.unittests\bin\debug\net472\videoos.common.logging.unittests.dll" id="bc636bb5-fd84-f7ba-bf73-30f03f2af620">
      <Execution id="17abb979-b781-488e-a24e-0f23c2fc0384" />
      <TestMethod codeBase="D:\actions-runner\_work\XPCO\XPCO\Common\VideoOS.Common.Logging\tst\VideoOS.Common.Logging.UnitTests\bin\Debug\net472\VideoOS.Common.Logging.UnitTests.dll" adapterTypeName="executor://mstestadapter/v2" className="VideoOS.Common.Logging.UnitTest.LogTest" name="LoggerCreatedThroughIoC_ServiceCollection_FileLogger_WillWriteToConfiguredFile" />
    </UnitTest>
    <UnitTest name="LogCreatedWithTwoTargets_WhenLogging_BothTargetsWillLog" storage="d:\actions-runner\_work\xpco\xpco\common\videoos.common.logging\tst\videoos.common.logging.unittests\bin\debug\net472\videoos.common.logging.unittests.dll" id="a4f2c673-a08a-8f5f-ba84-0be2fd10588e">
      <Execution id="dcd49047-656b-475a-b6e3-29b6058e0577" />
      <TestMethod codeBase="D:\actions-runner\_work\XPCO\XPCO\Common\VideoOS.Common.Logging\tst\VideoOS.Common.Logging.UnitTests\bin\Debug\net472\VideoOS.Common.Logging.UnitTests.dll" adapterTypeName="executor://mstestadapter/v2" className="VideoOS.Common.Logging.UnitTest.LogTest" name="LogCreatedWithTwoTargets_WhenLogging_BothTargetsWillLog" />
    </UnitTest>
    <UnitTest name="LoggerCreatedThroughIoC_HostBuilder_ConsoleLogger_WillWriteToStringWriter (True)" storage="d:\actions-runner\_work\xpco\xpco\common\videoos.common.logging\tst\videoos.common.logging.unittests\bin\debug\net472\videoos.common.logging.unittests.dll" id="572c8c28-25e6-b857-0630-5b98bf53b055">
      <Execution id="4779adda-cf00-41b6-9293-e96559439589" />
      <TestMethod codeBase="D:\actions-runner\_work\XPCO\XPCO\Common\VideoOS.Common.Logging\tst\VideoOS.Common.Logging.UnitTests\bin\Debug\net472\VideoOS.Common.Logging.UnitTests.dll" adapterTypeName="executor://mstestadapter/v2" className="VideoOS.Common.Logging.UnitTest.LogTest" name="LoggerCreatedThroughIoC_HostBuilder_ConsoleLogger_WillWriteToStringWriter" />
    </UnitTest>
    <UnitTest name="LoggerCreatedThroughIoC_HostBuilder_ConsoleLogger_WillWriteToStringWriter (False)" storage="d:\actions-runner\_work\xpco\xpco\common\videoos.common.logging\tst\videoos.common.logging.unittests\bin\debug\net472\videoos.common.logging.unittests.dll" id="ad00d3f7-1e26-00ab-ee06-16ce28ebff31">
      <Execution id="2d175351-74c9-42a3-b53d-8a34879b9155" />
      <TestMethod codeBase="D:\actions-runner\_work\XPCO\XPCO\Common\VideoOS.Common.Logging\tst\VideoOS.Common.Logging.UnitTests\bin\Debug\net472\VideoOS.Common.Logging.UnitTests.dll" adapterTypeName="executor://mstestadapter/v2" className="VideoOS.Common.Logging.UnitTest.LogTest" name="LoggerCreatedThroughIoC_HostBuilder_ConsoleLogger_WillWriteToStringWriter" />
    </UnitTest>
    <UnitTest name="LogCreatedByFactory_ServiceCollection_ConsoleLogger_WillWriteToStringWriter (False)" storage="d:\actions-runner\_work\xpco\xpco\common\videoos.common.logging\tst\videoos.common.logging.unittests\bin\debug\net472\videoos.common.logging.unittests.dll" id="3c49f072-72fe-6e53-46cc-5836e18de914">
      <Execution id="ed738da5-edbb-468c-bf70-e95d8f06b646" />
      <TestMethod codeBase="D:\actions-runner\_work\XPCO\XPCO\Common\VideoOS.Common.Logging\tst\VideoOS.Common.Logging.UnitTests\bin\Debug\net472\VideoOS.Common.Logging.UnitTests.dll" adapterTypeName="executor://mstestadapter/v2" className="VideoOS.Common.Logging.UnitTest.LogTest" name="LogCreatedByFactory_ServiceCollection_ConsoleLogger_WillWriteToStringWriter" />
    </UnitTest>
    <UnitTest name="LogCreatedByFactory_FileLogger_WillWriteToConfiguredFile (True)" storage="d:\actions-runner\_work\xpco\xpco\common\videoos.common.logging\tst\videoos.common.logging.unittests\bin\debug\net472\videoos.common.logging.unittests.dll" id="5c46bed1-3f77-d9ca-9306-6287f7359983">
      <Execution id="17716f20-078b-4991-b6e4-f6d525d1a7d9" />
      <TestMethod codeBase="D:\actions-runner\_work\XPCO\XPCO\Common\VideoOS.Common.Logging\tst\VideoOS.Common.Logging.UnitTests\bin\Debug\net472\VideoOS.Common.Logging.UnitTests.dll" adapterTypeName="executor://mstestadapter/v2" className="VideoOS.Common.Logging.UnitTest.LogTest" name="LogCreatedByFactory_FileLogger_WillWriteToConfiguredFile" />
    </UnitTest>
    <UnitTest name="WhenADayPasses_Logger_WillCreateAnArchiveFiles" storage="d:\actions-runner\_work\xpco\xpco\common\videoos.common.logging\tst\videoos.common.logging.unittests\bin\debug\net472\videoos.common.logging.unittests.dll" id="32da627d-3735-3ade-dbbf-7986f3701ad1">
      <Execution id="6e18ffcf-1233-48e4-980b-696aea4d551a" />
      <TestMethod codeBase="D:\actions-runner\_work\XPCO\XPCO\Common\VideoOS.Common.Logging\tst\VideoOS.Common.Logging.UnitTests\bin\Debug\net472\VideoOS.Common.Logging.UnitTests.dll" adapterTypeName="executor://mstestadapter/v2" className="VideoOS.Common.Logging.UnitTest.LogTest" name="WhenADayPasses_Logger_WillCreateAnArchiveFiles" />
    </UnitTest>
    <UnitTest name="WhenLoadingAFullConfiguration_TheILogConfigurationIsInitialized" storage="d:\actions-runner\_work\xpco\xpco\common\videoos.common.logging\tst\videoos.common.logging.unittests\bin\debug\net472\videoos.common.logging.unittests.dll" id="96d604e8-0d41-8777-a315-9a0cb8b5d048">
      <Execution id="f0e162e0-72eb-49ed-bf28-90629a7efa63" />
      <TestMethod codeBase="D:\actions-runner\_work\XPCO\XPCO\Common\VideoOS.Common.Logging\tst\VideoOS.Common.Logging.UnitTests\bin\Debug\net472\VideoOS.Common.Logging.UnitTests.dll" adapterTypeName="executor://mstestadapter/v2" className="VideoOS.Common.Logging.UnitTest.LogConfigurationTest" name="WhenLoadingAFullConfiguration_TheILogConfigurationIsInitialized" />
    </UnitTest>
    <UnitTest name="LogCreatedThroughIoC_HostBuilder_ConsoleLogger_WillWriteToStringWriter (False)" storage="d:\actions-runner\_work\xpco\xpco\common\videoos.common.logging\tst\videoos.common.logging.unittests\bin\debug\net472\videoos.common.logging.unittests.dll" id="0028b562-7340-c11c-4979-9fe3cbf01821">
      <Execution id="e68d4722-0e92-41ef-897e-ced841039e09" />
      <TestMethod codeBase="D:\actions-runner\_work\XPCO\XPCO\Common\VideoOS.Common.Logging\tst\VideoOS.Common.Logging.UnitTests\bin\Debug\net472\VideoOS.Common.Logging.UnitTests.dll" adapterTypeName="executor://mstestadapter/v2" className="VideoOS.Common.Logging.UnitTest.LogTest" name="LogCreatedThroughIoC_HostBuilder_ConsoleLogger_WillWriteToStringWriter" />
    </UnitTest>
    <UnitTest name="LogCreatedByFactory_FileLogger_AllLogLevels_WillWriteToConfiguredFile (Warn)" storage="d:\actions-runner\_work\xpco\xpco\common\videoos.common.logging\tst\videoos.common.logging.unittests\bin\debug\net472\videoos.common.logging.unittests.dll" id="6c6d525e-74c7-a08a-386c-ecebb15fa43a">
      <Execution id="31ed84b6-895e-45be-80fc-63a79e43dec6" />
      <TestMethod codeBase="D:\actions-runner\_work\XPCO\XPCO\Common\VideoOS.Common.Logging\tst\VideoOS.Common.Logging.UnitTests\bin\Debug\net472\VideoOS.Common.Logging.UnitTests.dll" adapterTypeName="executor://mstestadapter/v2" className="VideoOS.Common.Logging.UnitTest.LogTest" name="LogCreatedByFactory_FileLogger_AllLogLevels_WillWriteToConfiguredFile" />
    </UnitTest>
    <UnitTest name="WhenLoadingAFullConfiguration_LoggersCanbeTurnedOffByTheAdHocConfiguration" storage="d:\actions-runner\_work\xpco\xpco\common\videoos.common.logging\tst\videoos.common.logging.unittests\bin\debug\net472\videoos.common.logging.unittests.dll" id="e2d123e9-9809-e280-6a68-ddbede79b20b">
      <Execution id="ed6e1049-2b7e-4dab-8147-ad914e3a97c4" />
      <TestMethod codeBase="D:\actions-runner\_work\XPCO\XPCO\Common\VideoOS.Common.Logging\tst\VideoOS.Common.Logging.UnitTests\bin\Debug\net472\VideoOS.Common.Logging.UnitTests.dll" adapterTypeName="executor://mstestadapter/v2" className="VideoOS.Common.Logging.UnitTest.LogConfigurationTest" name="WhenLoadingAFullConfiguration_LoggersCanbeTurnedOffByTheAdHocConfiguration" />
    </UnitTest>
  </TestDefinitions>
  <TestEntries>
    <TestEntry testId="f6a746f5-ff88-dd52-c6a1-1924eb996ea6" executionId="04ad7076-b592-4d11-80ea-7a93ae82f18b" testListId="8c84fa94-04c1-424b-9868-57a2d4851a1d" />
    <TestEntry testId="6f12a4e4-7264-f713-3c66-bf6485dc3dbb" executionId="d5243e1b-084e-4378-bfcb-683b9ac42be2" testListId="8c84fa94-04c1-424b-9868-57a2d4851a1d" />
    <TestEntry testId="32da627d-3735-3ade-dbbf-7986f3701ad1" executionId="6e18ffcf-1233-48e4-980b-696aea4d551a" testListId="8c84fa94-04c1-424b-9868-57a2d4851a1d" />
    <TestEntry testId="649ec206-129b-3044-6068-ec72d15a6095" executionId="6e426955-09cb-4f8c-8c8f-1672b8a233ee" testListId="8c84fa94-04c1-424b-9868-57a2d4851a1d" />
    <TestEntry testId="25912a8f-57de-74c1-a5de-050b0a6afb88" executionId="57163acb-a0df-447b-89ae-679397c02670" testListId="8c84fa94-04c1-424b-9868-57a2d4851a1d" />
    <TestEntry testId="a4f2c673-a08a-8f5f-ba84-0be2fd10588e" executionId="dcd49047-656b-475a-b6e3-29b6058e0577" testListId="8c84fa94-04c1-424b-9868-57a2d4851a1d" />
    <TestEntry testId="e06027ea-1952-c757-21ae-95f8f49384d5" executionId="d231c5d9-e484-46a6-975e-5fea5b9e1277" testListId="8c84fa94-04c1-424b-9868-57a2d4851a1d" />
    <TestEntry testId="c68e9a4f-dd33-5ad3-f3af-5865c537c50e" executionId="0de78f1a-ecc1-4669-b9dc-54ea8ced870a" testListId="8c84fa94-04c1-424b-9868-57a2d4851a1d" />
    <TestEntry testId="fc05a72c-80f0-a2f8-2732-39011e042a50" executionId="c38bf356-a8b9-4d49-af6b-60336db75a06" testListId="8c84fa94-04c1-424b-9868-57a2d4851a1d" />
    <TestEntry testId="0c731dda-9176-db53-0fc5-8e4ece030945" executionId="b6fe1b72-291c-422e-b81c-b805bb36220a" testListId="8c84fa94-04c1-424b-9868-57a2d4851a1d" />
    <TestEntry testId="5825e28b-ed12-3c90-747d-8c4e3dbce269" executionId="fb5ddb7f-d996-4a0b-a243-580b3520422c" testListId="8c84fa94-04c1-424b-9868-57a2d4851a1d" />
    <TestEntry testId="12cf0786-3c72-0df4-59c6-25ea16c46b90" executionId="78239d82-d755-4f49-8d84-d64cbb881891" testListId="8c84fa94-04c1-424b-9868-57a2d4851a1d" />
    <TestEntry testId="fff951db-a9ac-7088-4c5a-55e687ece90c" executionId="0ed0effa-2140-4442-8189-e9784fea1434" testListId="8c84fa94-04c1-424b-9868-57a2d4851a1d" />
    <TestEntry testId="4e94fac4-8368-190b-d5eb-b7e26431d1a5" executionId="19448600-f60d-4d35-b074-a95f280121ab" testListId="8c84fa94-04c1-424b-9868-57a2d4851a1d" />
    <TestEntry testId="faa22e41-8745-bc7e-e308-e1e1bfb115fb" executionId="f7380bce-3a0c-4f9f-a9c1-b29f6ff72e1d" testListId="8c84fa94-04c1-424b-9868-57a2d4851a1d" />
    <TestEntry testId="a460eb6f-0731-bad3-c17a-53302a999a39" executionId="ab39557f-c72b-46ed-a2d7-0358e5205a57" testListId="8c84fa94-04c1-424b-9868-57a2d4851a1d" />
    <TestEntry testId="cbe8395d-14cc-0871-a242-4eef3b688d82" executionId="058c87a4-bc62-4ab6-8f26-a8d901df451b" testListId="8c84fa94-04c1-424b-9868-57a2d4851a1d" />
    <TestEntry testId="3a118461-8324-a2b5-da2d-45624d262212" executionId="64237ceb-6087-4da4-9fc7-96f057bd1fd1" testListId="8c84fa94-04c1-424b-9868-57a2d4851a1d" />
    <TestEntry testId="0028b562-7340-c11c-4979-9fe3cbf01821" executionId="e68d4722-0e92-41ef-897e-ced841039e09" testListId="8c84fa94-04c1-424b-9868-57a2d4851a1d" />
    <TestEntry testId="784cc296-f7e5-2d5e-9848-82eafda9cbaa" executionId="c6036b31-52b7-4d0d-a4d7-0570a25e4d8e" testListId="8c84fa94-04c1-424b-9868-57a2d4851a1d" />
    <TestEntry testId="af52b379-5ec2-b536-23d6-383b0c28b10c" executionId="fe5f6dc4-585c-4edf-b1fe-93d6ea411a90" testListId="8c84fa94-04c1-424b-9868-57a2d4851a1d" />
    <TestEntry testId="3c49f072-72fe-6e53-46cc-5836e18de914" executionId="ed738da5-edbb-468c-bf70-e95d8f06b646" testListId="8c84fa94-04c1-424b-9868-57a2d4851a1d" />
    <TestEntry testId="403e502b-4ac7-ef6c-62b1-c2762594b0b6" executionId="204a1885-fe73-4536-85d4-a165693d36a2" testListId="8c84fa94-04c1-424b-9868-57a2d4851a1d" />
    <TestEntry testId="f039a932-75bb-3ed0-4e11-55e973c62663" executionId="0e7582e1-4303-4aa2-8ad2-f684b2fe785f" testListId="8c84fa94-04c1-424b-9868-57a2d4851a1d" />
    <TestEntry testId="b04ea105-094d-771e-4bf5-3c599a519c9c" executionId="8b35b8fc-ea01-4d45-8bee-171beaa399d4" testListId="8c84fa94-04c1-424b-9868-57a2d4851a1d" />
    <TestEntry testId="3b171404-d238-c62a-dd34-5cc4efa966f1" executionId="490b11e9-3e3d-4eb1-ac63-70faa58684fa" testListId="8c84fa94-04c1-424b-9868-57a2d4851a1d" />
    <TestEntry testId="3dee4557-0acb-d3b9-53f9-d3f7a55ce616" executionId="822ce9cb-a8eb-41f8-9cfe-03a601603895" testListId="8c84fa94-04c1-424b-9868-57a2d4851a1d" />
    <TestEntry testId="de4c2193-170f-bdc2-bb09-2065e4f99fef" executionId="3ba49109-53a0-4842-9a97-44e77dada802" testListId="8c84fa94-04c1-424b-9868-57a2d4851a1d" />
    <TestEntry testId="e0522049-5ae1-70de-1f9f-c29de46f5543" executionId="9f8978f0-08c4-4701-bf15-c2acdd2063f0" testListId="8c84fa94-04c1-424b-9868-57a2d4851a1d" />
    <TestEntry testId="b69751c6-e854-df22-d3a6-a5f459535314" executionId="4d90a0b3-9808-4114-8929-9c11d8b3aab3" testListId="8c84fa94-04c1-424b-9868-57a2d4851a1d" />
    <TestEntry testId="dd5dcb82-a6d8-cd15-7452-488da9bf5c6c" executionId="2e32d056-6768-46b3-b7b7-6ce844a11d2c" testListId="8c84fa94-04c1-424b-9868-57a2d4851a1d" />
    <TestEntry testId="99de4013-9d04-f50c-18d6-27f5cae2f068" executionId="498e9064-c0ee-4846-9fef-6eedf204c1f0" testListId="8c84fa94-04c1-424b-9868-57a2d4851a1d" />
    <TestEntry testId="90e073a5-8b84-6dcb-c29a-429f7528caab" executionId="51316247-f657-43cb-8cb4-3d23f9ad7ecc" testListId="8c84fa94-04c1-424b-9868-57a2d4851a1d" />
    <TestEntry testId="96d604e8-0d41-8777-a315-9a0cb8b5d048" executionId="f0e162e0-72eb-49ed-bf28-90629a7efa63" testListId="8c84fa94-04c1-424b-9868-57a2d4851a1d" />
    <TestEntry testId="aca87e28-2e0b-c31c-1a9b-e857aae90a97" executionId="a34248ac-b66a-4708-8724-dd40d248f727" testListId="8c84fa94-04c1-424b-9868-57a2d4851a1d" />
    <TestEntry testId="572c8c28-25e6-b857-0630-5b98bf53b055" executionId="4779adda-cf00-41b6-9293-e96559439589" testListId="8c84fa94-04c1-424b-9868-57a2d4851a1d" />
    <TestEntry testId="6cdd53b7-26ae-def6-4008-58de62267d0f" executionId="28a63012-4d6e-491b-91c6-ca14b2e607bd" testListId="8c84fa94-04c1-424b-9868-57a2d4851a1d" />
    <TestEntry testId="6c6d525e-74c7-a08a-386c-ecebb15fa43a" executionId="31ed84b6-895e-45be-80fc-63a79e43dec6" testListId="8c84fa94-04c1-424b-9868-57a2d4851a1d" />
    <TestEntry testId="e92ac73f-63b3-399b-b871-931b535e0958" executionId="55d5c1dd-2bb9-454d-9e34-82b9e9e86a8c" testListId="8c84fa94-04c1-424b-9868-57a2d4851a1d" />
    <TestEntry testId="bc636bb5-fd84-f7ba-bf73-30f03f2af620" executionId="17abb979-b781-488e-a24e-0f23c2fc0384" testListId="8c84fa94-04c1-424b-9868-57a2d4851a1d" />
    <TestEntry testId="ad00d3f7-1e26-00ab-ee06-16ce28ebff31" executionId="2d175351-74c9-42a3-b53d-8a34879b9155" testListId="8c84fa94-04c1-424b-9868-57a2d4851a1d" />
    <TestEntry testId="444eedca-9a75-6a7a-4186-bab4271c2e66" executionId="a25923ec-bef6-4cae-8ba1-7717df37c778" testListId="8c84fa94-04c1-424b-9868-57a2d4851a1d" />
    <TestEntry testId="f95c26a8-c543-8f1a-9ca2-35d735052f45" executionId="208dc163-3014-4d24-bae3-54363d47d9de" testListId="8c84fa94-04c1-424b-9868-57a2d4851a1d" />
    <TestEntry testId="d49c7fd7-de82-08ba-d7be-e29ad411cecd" executionId="5bc3dbcc-35c0-4c94-99f9-52602115a4a0" testListId="8c84fa94-04c1-424b-9868-57a2d4851a1d" />
    <TestEntry testId="5c46bed1-3f77-d9ca-9306-6287f7359983" executionId="17716f20-078b-4991-b6e4-f6d525d1a7d9" testListId="8c84fa94-04c1-424b-9868-57a2d4851a1d" />
    <TestEntry testId="68e7ad01-01fd-c512-ed5b-61f4025bfa60" executionId="3b6d50a5-5ef9-4833-bdef-355ba3451074" testListId="8c84fa94-04c1-424b-9868-57a2d4851a1d" />
    <TestEntry testId="e2d123e9-9809-e280-6a68-ddbede79b20b" executionId="ed6e1049-2b7e-4dab-8147-ad914e3a97c4" testListId="8c84fa94-04c1-424b-9868-57a2d4851a1d" />
  </TestEntries>
  <TestLists>
    <TestList name="Results Not in a List" id="8c84fa94-04c1-424b-9868-57a2d4851a1d" />
    <TestList name="All Loaded Results" id="19431567-8539-422a-85d7-44ee4e166bda" />
  </TestLists>
  <ResultSummary outcome="Completed">
    <Counters total="47" executed="47" passed="47" failed="0" error="0" timeout="0" aborted="0" inconclusive="0" passedButRunAborted="0" notRunnable="0" notExecuted="0" disconnected="0" warning="0" completed="0" inProgress="0" pending="0" />
  </ResultSummary>
</TestRun>