<?xml version="1.0" encoding="utf-8"?>
<TestRun id="1249340d-e88d-4a7a-9bfa-f3995d2a5e6e" name="DKSR-EFI-06$@DKSR-EFI-06 2024-01-09 15:43:12" runUser="NT AUTHORITY\NETWORK SERVICE" xmlns="http://microsoft.com/schemas/VisualStudio/TeamTest/2010">
  <Times creation="2024-01-09T15:43:12.1853581+01:00" queuing="2024-01-09T15:43:12.1853581+01:00" start="2024-01-09T15:43:10.2947754+01:00" finish="2024-01-09T15:43:14.4353647+01:00" />
  <TestSettings name="default" id="91b6be05-8d9c-457f-8198-d5cddd94fca5">
    <Deployment runDeploymentRoot="DKSR-EFI-06$_DKSR-EFI-06_2024-01-09_15_43_12" />
  </TestSettings>
  <Results>
    <UnitTestResult executionId="d628c31f-2423-4fd7-8f83-1715a8f681b3" testId="5f7737ec-307e-eb82-047d-4b86b201c4a0" testName="Match_WhenMessageInDictionaryWithCountZero_Fail" computerName="DKSR-EFI-06" duration="00:00:00.0011008" startTime="2024-01-09T15:43:13.7634887+01:00" endTime="2024-01-09T15:43:13.7634887+01:00" testType="13cdc9d9-ddb5-4fa4-a97d-d965ccfc6d4b" outcome="Passed" testListId="8c84fa94-04c1-424b-9868-57a2d4851a1d" relativeResultsDirectory="d628c31f-2423-4fd7-8f83-1715a8f681b3" />
    <UnitTestResult executionId="c57bc3d3-58be-421c-a977-2ace1e2da2f8" testId="0d7cc8a7-1aef-b9a3-0af6-922bc8e56cb8" testName="TryRemoveFilter_IfNotExists_Fail" computerName="DKSR-EFI-06" duration="00:00:00.0009231" startTime="2024-01-09T15:43:13.7009890+01:00" endTime="2024-01-09T15:43:13.7009890+01:00" testType="13cdc9d9-ddb5-4fa4-a97d-d965ccfc6d4b" outcome="Passed" testListId="8c84fa94-04c1-424b-9868-57a2d4851a1d" relativeResultsDirectory="c57bc3d3-58be-421c-a977-2ace1e2da2f8" />
    <UnitTestResult executionId="b03562e9-2bbe-4959-bd7e-367d046f5469" testId="4ec490c5-6a2e-bdcb-adbe-d64333cea10f" testName="IsAppropriate_WhenEndPointNotNull_Fail" computerName="DKSR-EFI-06" duration="00:00:00.0004022" startTime="2024-01-09T15:43:13.7634887+01:00" endTime="2024-01-09T15:43:13.7634887+01:00" testType="13cdc9d9-ddb5-4fa4-a97d-d965ccfc6d4b" outcome="Passed" testListId="8c84fa94-04c1-424b-9868-57a2d4851a1d" relativeResultsDirectory="b03562e9-2bbe-4959-bd7e-367d046f5469" />
    <UnitTestResult executionId="6f4a23d7-9d1a-4bc4-ae74-b28b8ad2a491" testId="8f95f4e7-db2b-7d5d-8d7d-4722b98e8a5c" testName="IsDataClassAllowed_KnownMessageWithAllowedArrayInDataClass_ShouldReturnTrue" computerName="DKSR-EFI-06" duration="00:00:00.0000863" startTime="2024-01-09T15:43:12.1853581+01:00" endTime="2024-01-09T15:43:12.1853581+01:00" testType="13cdc9d9-ddb5-4fa4-a97d-d965ccfc6d4b" outcome="Passed" testListId="8c84fa94-04c1-424b-9868-57a2d4851a1d" relativeResultsDirectory="6f4a23d7-9d1a-4bc4-ae74-b28b8ad2a491" />
    <UnitTestResult executionId="35dc4404-52b7-40b2-9cc2-a18ac9722d83" testId="c9ea0b24-01c9-21b8-17e3-8ca97ee4e524" testName="TryAddFilter_MessageWithAsterixStart_Supported" computerName="DKSR-EFI-06" duration="00:00:00.0002894" startTime="2024-01-09T15:43:13.4041108+01:00" endTime="2024-01-09T15:43:13.4041108+01:00" testType="13cdc9d9-ddb5-4fa4-a97d-d965ccfc6d4b" outcome="Passed" testListId="8c84fa94-04c1-424b-9868-57a2d4851a1d" relativeResultsDirectory="35dc4404-52b7-40b2-9cc2-a18ac9722d83" />
    <UnitTestResult executionId="a8efc6ec-7a58-49ac-87b0-1a25e717e1d5" testId="3c6c6aaf-b123-e657-6247-95b2b09a211e" testName="IsDataClassAllowed_KnownMessageWithDisallowedEmptyDataClass_ShouldReturnFalse" computerName="DKSR-EFI-06" duration="00:00:00.0000717" startTime="2024-01-09T15:43:12.1853581+01:00" endTime="2024-01-09T15:43:12.1853581+01:00" testType="13cdc9d9-ddb5-4fa4-a97d-d965ccfc6d4b" outcome="Passed" testListId="8c84fa94-04c1-424b-9868-57a2d4851a1d" relativeResultsDirectory="a8efc6ec-7a58-49ac-87b0-1a25e717e1d5" />
    <UnitTestResult executionId="4c62d0f7-aaa3-47e2-be64-95477f4d5593" testId="c2027d7d-f11f-14b9-2ce8-a53086bd7e7c" testName="Match_WhenMessageInDictionaryWithCountZero_Fail" computerName="DKSR-EFI-06" duration="00:00:00.0001896" startTime="2024-01-09T15:43:13.7634887+01:00" endTime="2024-01-09T15:43:13.7634887+01:00" testType="13cdc9d9-ddb5-4fa4-a97d-d965ccfc6d4b" outcome="Passed" testListId="8c84fa94-04c1-424b-9868-57a2d4851a1d" relativeResultsDirectory="4c62d0f7-aaa3-47e2-be64-95477f4d5593" />
    <UnitTestResult executionId="57ca08e4-190e-4e6c-a215-6a7098583fad" testId="66ebb927-ffcf-f2ed-c8f8-518246ebf7fd" testName="RemoveFromIndex_Success" computerName="DKSR-EFI-06" duration="00:00:00.0008372" startTime="2024-01-09T15:43:13.7791137+01:00" endTime="2024-01-09T15:43:13.7791137+01:00" testType="13cdc9d9-ddb5-4fa4-a97d-d965ccfc6d4b" outcome="Passed" testListId="8c84fa94-04c1-424b-9868-57a2d4851a1d" relativeResultsDirectory="57ca08e4-190e-4e6c-a215-6a7098583fad" />
    <UnitTestResult executionId="4dae0c6d-7fd3-4355-b129-cc79fe5910e7" testId="38dded71-b366-328f-7baf-ca7548bee4e2" testName="MessageBroker_ReturnsEvents_WhenAuthorized" computerName="DKSR-EFI-06" duration="00:00:00.9389236" startTime="2024-01-09T15:43:12.1853581+01:00" endTime="2024-01-09T15:43:13.1228602+01:00" testType="13cdc9d9-ddb5-4fa4-a97d-d965ccfc6d4b" outcome="Passed" testListId="8c84fa94-04c1-424b-9868-57a2d4851a1d" relativeResultsDirectory="4dae0c6d-7fd3-4355-b129-cc79fe5910e7" />
    <UnitTestResult executionId="14991f40-ed18-4706-9303-0e413153bafd" testId="6d97b1d0-806a-7f7f-8a77-f1cd0edae0e2" testName="IsDataClassAllowed_UnknownMessageWithNonAllowedInsideDictionaryDataClass_ShouldReturnFalse" computerName="DKSR-EFI-06" duration="00:00:00.0001363" startTime="2024-01-09T15:43:12.1853581+01:00" endTime="2024-01-09T15:43:12.1853581+01:00" testType="13cdc9d9-ddb5-4fa4-a97d-d965ccfc6d4b" outcome="Passed" testListId="8c84fa94-04c1-424b-9868-57a2d4851a1d" relativeResultsDirectory="14991f40-ed18-4706-9303-0e413153bafd" />
    <UnitTestResult executionId="ab975f87-a318-434d-a0a2-eb049169624d" testId="42a1fab2-5dcf-99fb-ce43-aefb53ad015f" testName="IsDataClassAllowed_UnknownMessageWithProhibitedDataClass_ShouldReturnFalse" computerName="DKSR-EFI-06" duration="00:00:00.0000859" startTime="2024-01-09T15:43:12.1697330+01:00" endTime="2024-01-09T15:43:12.1697330+01:00" testType="13cdc9d9-ddb5-4fa4-a97d-d965ccfc6d4b" outcome="Passed" testListId="8c84fa94-04c1-424b-9868-57a2d4851a1d" relativeResultsDirectory="ab975f87-a318-434d-a0a2-eb049169624d" />
    <UnitTestResult executionId="6eed7fda-c77f-4124-b944-39f5175ede67" testId="e6d98596-eea3-d246-18c5-5488e2501730" testName="IsAppropriate_WhenEventHeaderTypePresent_Fail" computerName="DKSR-EFI-06" duration="00:00:00.0003352" startTime="2024-01-09T15:43:13.7791137+01:00" endTime="2024-01-09T15:43:13.7791137+01:00" testType="13cdc9d9-ddb5-4fa4-a97d-d965ccfc6d4b" outcome="Passed" testListId="8c84fa94-04c1-424b-9868-57a2d4851a1d" relativeResultsDirectory="6eed7fda-c77f-4124-b944-39f5175ede67" />
    <UnitTestResult executionId="d6afc3f2-707d-47da-bf8b-2107ce9818d3" testId="2adde89d-6ae1-848f-3564-1770308b9165" testName="TryAddFilter_IfFoundAppropriateIndexGenerator_SuccessAndAddToIndex" computerName="DKSR-EFI-06" duration="00:00:00.0037765" startTime="2024-01-09T15:43:13.7009890+01:00" endTime="2024-01-09T15:43:13.7009890+01:00" testType="13cdc9d9-ddb5-4fa4-a97d-d965ccfc6d4b" outcome="Passed" testListId="8c84fa94-04c1-424b-9868-57a2d4851a1d" relativeResultsDirectory="d6afc3f2-707d-47da-bf8b-2107ce9818d3" />
    <UnitTestResult executionId="6b4c2d25-d17a-4fa6-9b05-42c7c15493d4" testId="8be7adfa-e4d4-8237-8d02-b630c1840675" testName="IsDataClassAllowed_UnknownMessageWithNonAllowedDataClass_ShouldReturnFalse" computerName="DKSR-EFI-06" duration="00:00:00.0001481" startTime="2024-01-09T15:43:12.1853581+01:00" endTime="2024-01-09T15:43:12.1853581+01:00" testType="13cdc9d9-ddb5-4fa4-a97d-d965ccfc6d4b" outcome="Passed" testListId="8c84fa94-04c1-424b-9868-57a2d4851a1d" relativeResultsDirectory="6b4c2d25-d17a-4fa6-9b05-42c7c15493d4" />
    <UnitTestResult executionId="e8b9c34c-98bc-4143-92e3-4dbce4be3f92" testId="74b42e1b-c363-bb8b-5f39-b06c2eb52ee7" testName="IsDataClassAllowed_UnknownMessageWithStringDataClass_ShouldReturnTrue" computerName="DKSR-EFI-06" duration="00:00:00.0001025" startTime="2024-01-09T15:43:12.1697330+01:00" endTime="2024-01-09T15:43:12.1697330+01:00" testType="13cdc9d9-ddb5-4fa4-a97d-d965ccfc6d4b" outcome="Passed" testListId="8c84fa94-04c1-424b-9868-57a2d4851a1d" relativeResultsDirectory="e8b9c34c-98bc-4143-92e3-4dbce4be3f92" />
    <UnitTestResult executionId="bef8c7f8-5b71-4d85-9bbc-c7d9c7d33226" testId="9e3b9795-58f0-47f8-57cf-570c3699eab6" testName="IsDataClassAllowed_UnknownMessageWithNonAllowedInsideCollectionDataClass_ShouldReturnFalse" computerName="DKSR-EFI-06" duration="00:00:00.0001445" startTime="2024-01-09T15:43:12.1853581+01:00" endTime="2024-01-09T15:43:12.1853581+01:00" testType="13cdc9d9-ddb5-4fa4-a97d-d965ccfc6d4b" outcome="Passed" testListId="8c84fa94-04c1-424b-9868-57a2d4851a1d" relativeResultsDirectory="bef8c7f8-5b71-4d85-9bbc-c7d9c7d33226" />
    <UnitTestResult executionId="9c038038-6b88-43d6-a291-eb2af8f50562" testId="c7bd77e3-5d4e-55d4-d71d-9ce7192fbc66" testName="MessageBroker_Throws_WhenTransmittingNotAuthorized" computerName="DKSR-EFI-06" duration="00:00:00.0119366" startTime="2024-01-09T15:43:13.1228602+01:00" endTime="2024-01-09T15:43:13.1384895+01:00" testType="13cdc9d9-ddb5-4fa4-a97d-d965ccfc6d4b" outcome="Passed" testListId="8c84fa94-04c1-424b-9868-57a2d4851a1d" relativeResultsDirectory="9c038038-6b88-43d6-a291-eb2af8f50562" />
    <UnitTestResult executionId="78352007-c58c-4613-bb47-64284faa4272" testId="5be1ba42-b198-637f-b732-382887979f6b" testName="TryRemoveFilter_WhenThereWas2SuchFilters_StillMatches" computerName="DKSR-EFI-06" duration="00:00:00.0004840" startTime="2024-01-09T15:43:13.4041108+01:00" endTime="2024-01-09T15:43:13.4041108+01:00" testType="13cdc9d9-ddb5-4fa4-a97d-d965ccfc6d4b" outcome="Passed" testListId="8c84fa94-04c1-424b-9868-57a2d4851a1d" relativeResultsDirectory="78352007-c58c-4613-bb47-64284faa4272" />
    <UnitTestResult executionId="c0738d2e-f9f9-421e-a585-8f686f75c45b" testId="3f8e697f-c443-349a-ee0b-e81124da9774" testName="Match_WhenMessageInDictionaryWithCountMoreThanZero_Success" computerName="DKSR-EFI-06" duration="00:00:00.0073664" startTime="2024-01-09T15:43:13.7634887+01:00" endTime="2024-01-09T15:43:13.7634887+01:00" testType="13cdc9d9-ddb5-4fa4-a97d-d965ccfc6d4b" outcome="Passed" testListId="8c84fa94-04c1-424b-9868-57a2d4851a1d" relativeResultsDirectory="c0738d2e-f9f9-421e-a585-8f686f75c45b" />
    <UnitTestResult executionId="7347b597-6829-4db3-9dcc-9972cb7cfc48" testId="7f6ab09a-e83e-7cf2-5641-4fb72155528b" testName="TryRemoveFilter_IfFoundAppropriateSecondIndexGenerator_SuccessAndRemoveFromIndex" computerName="DKSR-EFI-06" duration="00:00:00.0045285" startTime="2024-01-09T15:43:13.7166109+01:00" endTime="2024-01-09T15:43:13.7166109+01:00" testType="13cdc9d9-ddb5-4fa4-a97d-d965ccfc6d4b" outcome="Passed" testListId="8c84fa94-04c1-424b-9868-57a2d4851a1d" relativeResultsDirectory="7347b597-6829-4db3-9dcc-9972cb7cfc48" />
    <UnitTestResult executionId="cb046778-79fd-4bfe-8b70-71215d687ca2" testId="7bd1db47-c291-292b-6dc3-c83f17351900" testName="IsDataClassAllowed_UnknownMessageWithSimpleCollectionDataClass_ShouldReturnTrue" computerName="DKSR-EFI-06" duration="00:00:00.0000917" startTime="2024-01-09T15:43:12.1697330+01:00" endTime="2024-01-09T15:43:12.1853581+01:00" testType="13cdc9d9-ddb5-4fa4-a97d-d965ccfc6d4b" outcome="Passed" testListId="8c84fa94-04c1-424b-9868-57a2d4851a1d" relativeResultsDirectory="cb046778-79fd-4bfe-8b70-71215d687ca2" />
    <UnitTestResult executionId="fd0062eb-832d-42d4-98ea-5399b70950e0" testId="3ec67596-4bb4-33eb-05ab-85a3a29dbb26" testName="TryIsMatch_WhenSupportedAsterixEndMessage_Success" computerName="DKSR-EFI-06" duration="00:00:00.0005643" startTime="2024-01-09T15:43:13.4041108+01:00" endTime="2024-01-09T15:43:13.4041108+01:00" testType="13cdc9d9-ddb5-4fa4-a97d-d965ccfc6d4b" outcome="Passed" testListId="8c84fa94-04c1-424b-9868-57a2d4851a1d" relativeResultsDirectory="fd0062eb-832d-42d4-98ea-5399b70950e0" />
    <UnitTestResult executionId="a0cdf729-1d19-4b84-baa8-0936c55fc532" testId="4c8cf4a4-74f6-fe0e-325e-53157afe4b89" testName="MessageBroker_NotReturnsEvents_WhenNotAuthorized" computerName="DKSR-EFI-06" duration="00:00:00.0038650" startTime="2024-01-09T15:43:13.1228602+01:00" endTime="2024-01-09T15:43:13.1228602+01:00" testType="13cdc9d9-ddb5-4fa4-a97d-d965ccfc6d4b" outcome="Passed" testListId="8c84fa94-04c1-424b-9868-57a2d4851a1d" relativeResultsDirectory="a0cdf729-1d19-4b84-baa8-0936c55fc532" />
    <UnitTestResult executionId="b27c4563-55f2-44c5-b277-e31f22318fd7" testId="abf4a9c3-b4a2-bb50-9b30-09a3278ea52b" testName="TryRemoveFilter_WhenExistsSuchFilter_Success" computerName="DKSR-EFI-06" duration="00:00:00.0012984" startTime="2024-01-09T15:43:13.4041108+01:00" endTime="2024-01-09T15:43:13.4041108+01:00" testType="13cdc9d9-ddb5-4fa4-a97d-d965ccfc6d4b" outcome="Passed" testListId="8c84fa94-04c1-424b-9868-57a2d4851a1d" relativeResultsDirectory="b27c4563-55f2-44c5-b277-e31f22318fd7" />
    <UnitTestResult executionId="2ee086f6-0170-454e-a4db-d4605aa72a97" testId="9291b085-7d5d-7b2c-58f1-87e09b641a41" testName="IsDataClassAllowed_UnknownMessageWithStringsInsideDictionaryDataClass_ShouldReturnTrue" computerName="DKSR-EFI-06" duration="00:00:00.0001346" startTime="2024-01-09T15:43:12.1853581+01:00" endTime="2024-01-09T15:43:12.1853581+01:00" testType="13cdc9d9-ddb5-4fa4-a97d-d965ccfc6d4b" outcome="Passed" testListId="8c84fa94-04c1-424b-9868-57a2d4851a1d" relativeResultsDirectory="2ee086f6-0170-454e-a4db-d4605aa72a97" />
    <UnitTestResult executionId="1d8507f8-aa9b-4c1d-8866-e97d54184703" testId="3c1cda84-46ca-8515-43c2-6ded231e4edd" testName="IsAppropriate_WhenEndPointNotNull_Fail" computerName="DKSR-EFI-06" duration="00:00:00.0002332" startTime="2024-01-09T15:43:13.7791137+01:00" endTime="2024-01-09T15:43:13.7791137+01:00" testType="13cdc9d9-ddb5-4fa4-a97d-d965ccfc6d4b" outcome="Passed" testListId="8c84fa94-04c1-424b-9868-57a2d4851a1d" relativeResultsDirectory="1d8507f8-aa9b-4c1d-8866-e97d54184703" />
    <UnitTestResult executionId="81b91471-a993-40e1-8432-b147d1e78f8e" testId="6f75e36e-4a39-6a27-afb4-a6259deb4209" testName="IsMatch_IfWeHaveMatch_Success" computerName="DKSR-EFI-06" duration="00:00:00.0330713" startTime="2024-01-09T15:43:13.7166109+01:00" endTime="2024-01-09T15:43:13.7478637+01:00" testType="13cdc9d9-ddb5-4fa4-a97d-d965ccfc6d4b" outcome="Passed" testListId="8c84fa94-04c1-424b-9868-57a2d4851a1d" relativeResultsDirectory="81b91471-a993-40e1-8432-b147d1e78f8e" />
    <UnitTestResult executionId="a9124aac-e49f-4ed5-8727-3455bfbf60d3" testId="d3757924-78e3-cd0d-7136-c3ae781fd5ef" testName="IsAppropriate_WhenStrictMessage_Fail" computerName="DKSR-EFI-06" duration="00:00:00.0002957" startTime="2024-01-09T15:43:13.7634887+01:00" endTime="2024-01-09T15:43:13.7634887+01:00" testType="13cdc9d9-ddb5-4fa4-a97d-d965ccfc6d4b" outcome="Passed" testListId="8c84fa94-04c1-424b-9868-57a2d4851a1d" relativeResultsDirectory="a9124aac-e49f-4ed5-8727-3455bfbf60d3" />
    <UnitTestResult executionId="7b5e1c3b-416e-472c-83b0-d87b939e2ac5" testId="9f307a7c-c162-0362-7879-a5564cdd2b9a" testName="IsAppropriate_WhenAsterix_Fail" computerName="DKSR-EFI-06" duration="00:00:00.0003332" startTime="2024-01-09T15:43:13.7791137+01:00" endTime="2024-01-09T15:43:13.7791137+01:00" testType="13cdc9d9-ddb5-4fa4-a97d-d965ccfc6d4b" outcome="Passed" testListId="8c84fa94-04c1-424b-9868-57a2d4851a1d" relativeResultsDirectory="7b5e1c3b-416e-472c-83b0-d87b939e2ac5" />
    <UnitTestResult executionId="20a5f73c-8adc-4d91-80c6-8905ad2ceaea" testId="fc8e8eed-81fc-c75b-afc7-3f5cc7ebcb35" testName="IsAppropriate_WhenMessageIdPresentAnySourceNoEventHeaderAndNoAsterix_Success" computerName="DKSR-EFI-06" duration="00:00:00.0002976" startTime="2024-01-09T15:43:13.7791137+01:00" endTime="2024-01-09T15:43:13.7791137+01:00" testType="13cdc9d9-ddb5-4fa4-a97d-d965ccfc6d4b" outcome="Passed" testListId="8c84fa94-04c1-424b-9868-57a2d4851a1d" relativeResultsDirectory="20a5f73c-8adc-4d91-80c6-8905ad2ceaea" />
    <UnitTestResult executionId="9a2ea237-8f2f-4370-8b2c-09ac638f6378" testId="e6c8519d-54ac-dfdc-945d-9f4f599b2ab1" testName="TryAddFilter_MatchMessageIdExactly_Supported" computerName="DKSR-EFI-06" duration="00:00:00.1296903" startTime="2024-01-09T15:43:13.2634846+01:00" endTime="2024-01-09T15:43:13.4041108+01:00" testType="13cdc9d9-ddb5-4fa4-a97d-d965ccfc6d4b" outcome="Passed" testListId="8c84fa94-04c1-424b-9868-57a2d4851a1d" relativeResultsDirectory="9a2ea237-8f2f-4370-8b2c-09ac638f6378" />
    <UnitTestResult executionId="20323061-2efa-4aab-bda0-b31f86b4fcc5" testId="198a1914-b262-0eef-fa2b-34256d357d00" testName="IsDataClassAllowed_KnownMessageWithAllowedTypeInDataClass_ShouldReturnTrue" computerName="DKSR-EFI-06" duration="00:00:00.0006511" startTime="2024-01-09T15:43:12.1853581+01:00" endTime="2024-01-09T15:43:12.1853581+01:00" testType="13cdc9d9-ddb5-4fa4-a97d-d965ccfc6d4b" outcome="Passed" testListId="8c84fa94-04c1-424b-9868-57a2d4851a1d" relativeResultsDirectory="20323061-2efa-4aab-bda0-b31f86b4fcc5" />
    <UnitTestResult executionId="de459f3d-b4e9-4261-ab1f-8b3826d27fa1" testId="916107df-13be-b12b-df15-54b0cc700c4d" testName="IsDataClassAllowed_KnownMessageWithDisallowedTypeInDataClass_ShouldReturnFalse" computerName="DKSR-EFI-06" duration="00:00:00.0001429" startTime="2024-01-09T15:43:12.1853581+01:00" endTime="2024-01-09T15:43:12.1853581+01:00" testType="13cdc9d9-ddb5-4fa4-a97d-d965ccfc6d4b" outcome="Passed" testListId="8c84fa94-04c1-424b-9868-57a2d4851a1d" relativeResultsDirectory="de459f3d-b4e9-4261-ab1f-8b3826d27fa1" />
    <UnitTestResult executionId="9f3b6d3f-613a-4a33-8df2-7dc58d125e79" testId="3dfa2096-0145-d292-39a4-62c134bf36cf" testName="IsDataClassAllowed_WithFalseCachedEntry_ShouldStillReturnFalse" computerName="DKSR-EFI-06" duration="00:00:00.0001016" startTime="2024-01-09T15:43:12.1697330+01:00" endTime="2024-01-09T15:43:12.1697330+01:00" testType="13cdc9d9-ddb5-4fa4-a97d-d965ccfc6d4b" outcome="Passed" testListId="8c84fa94-04c1-424b-9868-57a2d4851a1d" relativeResultsDirectory="9f3b6d3f-613a-4a33-8df2-7dc58d125e79" />
    <UnitTestResult executionId="0aed51d1-d39d-4471-a935-b8a5dbb7936f" testId="edab2c2d-f44e-6cc0-3f10-60796a996981" testName="AddToIndex_Success" computerName="DKSR-EFI-06" duration="00:00:00.0027163" startTime="2024-01-09T15:43:13.7634887+01:00" endTime="2024-01-09T15:43:13.7791137+01:00" testType="13cdc9d9-ddb5-4fa4-a97d-d965ccfc6d4b" outcome="Passed" testListId="8c84fa94-04c1-424b-9868-57a2d4851a1d" relativeResultsDirectory="0aed51d1-d39d-4471-a935-b8a5dbb7936f" />
    <UnitTestResult executionId="aa2b4203-4c72-4053-81c1-84c6812cfe50" testId="d949d46b-5147-8e98-77e8-a21905fdbfb8" testName="TryRemoveFilter_IfFoundAppropriateIndexGenerator_SuccessAndRemoveFromIndex" computerName="DKSR-EFI-06" duration="00:00:00.0032899" startTime="2024-01-09T15:43:13.7166109+01:00" endTime="2024-01-09T15:43:13.7166109+01:00" testType="13cdc9d9-ddb5-4fa4-a97d-d965ccfc6d4b" outcome="Passed" testListId="8c84fa94-04c1-424b-9868-57a2d4851a1d" relativeResultsDirectory="aa2b4203-4c72-4053-81c1-84c6812cfe50" />
    <UnitTestResult executionId="a40c0584-b149-4b7a-8860-58b659268a48" testId="b41ea076-b32e-377a-f1c1-4a4b33c8d881" testName="IsDataClassAllowed_UnknownMessageWithNullDataClass_ShouldReturnFalse" computerName="DKSR-EFI-06" duration="00:00:00.0002313" startTime="2024-01-09T15:43:12.1697330+01:00" endTime="2024-01-09T15:43:12.1697330+01:00" testType="13cdc9d9-ddb5-4fa4-a97d-d965ccfc6d4b" outcome="Passed" testListId="8c84fa94-04c1-424b-9868-57a2d4851a1d" relativeResultsDirectory="a40c0584-b149-4b7a-8860-58b659268a48" />
    <UnitTestResult executionId="29371e43-6b9b-4e78-ba3d-fa0a36a59230" testId="b7c8b9d0-2cda-9dd4-c151-ebae2a056cd3" testName="IsDataClassAllowed_UnknownMessageWithNonSystemDataClass_ShouldReturnTrue" computerName="DKSR-EFI-06" duration="00:00:00.0001038" startTime="2024-01-09T15:43:12.1697330+01:00" endTime="2024-01-09T15:43:12.1697330+01:00" testType="13cdc9d9-ddb5-4fa4-a97d-d965ccfc6d4b" outcome="Passed" testListId="8c84fa94-04c1-424b-9868-57a2d4851a1d" relativeResultsDirectory="29371e43-6b9b-4e78-ba3d-fa0a36a59230" />
    <UnitTestResult executionId="75b522de-ef51-4e67-bf6a-a78bedfe46a1" testId="a626b8b6-8380-5bb4-43cf-9d4641816a03" testName="IsDataClassAllowed_KnownMessageWithAllowedEmptyDataClass_ShouldReturnTrue" computerName="DKSR-EFI-06" duration="00:00:00.0000793" startTime="2024-01-09T15:43:12.1853581+01:00" endTime="2024-01-09T15:43:12.1853581+01:00" testType="13cdc9d9-ddb5-4fa4-a97d-d965ccfc6d4b" outcome="Passed" testListId="8c84fa94-04c1-424b-9868-57a2d4851a1d" relativeResultsDirectory="75b522de-ef51-4e67-bf6a-a78bedfe46a1" />
    <UnitTestResult executionId="b2f778f4-430f-41b3-81b9-1eb1b200e7a5" testId="6eec0dc7-fe14-847d-e115-78ed160605ed" testName="TryAddFilter_IfFoundAppropriateSecondIndexGenerator_SuccessAndAddToIndex" computerName="DKSR-EFI-06" duration="00:00:00.0045042" startTime="2024-01-09T15:43:13.7009890+01:00" endTime="2024-01-09T15:43:13.7009890+01:00" testType="13cdc9d9-ddb5-4fa4-a97d-d965ccfc6d4b" outcome="Passed" testListId="8c84fa94-04c1-424b-9868-57a2d4851a1d" relativeResultsDirectory="b2f778f4-430f-41b3-81b9-1eb1b200e7a5" />
    <UnitTestResult executionId="8a1f7267-d774-493d-aa46-aba214e61469" testId="8f7dedfe-c967-e6a1-428b-2ddd4af1bfa8" testName="IsDataClassAllowed_UnknownMessageWithEmptyDataClass_ShouldReturnTrue" computerName="DKSR-EFI-06" duration="00:00:00.2759939" startTime="2024-01-09T15:43:11.7634823+01:00" endTime="2024-01-09T15:43:12.1541084+01:00" testType="13cdc9d9-ddb5-4fa4-a97d-d965ccfc6d4b" outcome="Passed" testListId="8c84fa94-04c1-424b-9868-57a2d4851a1d" relativeResultsDirectory="8a1f7267-d774-493d-aa46-aba214e61469" />
    <UnitTestResult executionId="ccf90af2-dfa1-4481-808a-265143f02389" testId="cf9150b8-65e9-b7c9-4f95-19c402d58f79" testName="TryRemoveFilter_IfNotFoundAppropriateIndexGenerator_Fail" computerName="DKSR-EFI-06" duration="00:00:00.0028472" startTime="2024-01-09T15:43:13.7009890+01:00" endTime="2024-01-09T15:43:13.7166109+01:00" testType="13cdc9d9-ddb5-4fa4-a97d-d965ccfc6d4b" outcome="Passed" testListId="8c84fa94-04c1-424b-9868-57a2d4851a1d" relativeResultsDirectory="ccf90af2-dfa1-4481-808a-265143f02389" />
    <UnitTestResult executionId="b6272833-da16-4825-9e45-a3909844f6be" testId="c8a1d0a5-bf23-85ba-7378-68916f899c45" testName="TryIsMatch_WhenSupportedAsterixStartMessage_Success" computerName="DKSR-EFI-06" duration="00:00:00.0005398" startTime="2024-01-09T15:43:13.4041108+01:00" endTime="2024-01-09T15:43:13.4041108+01:00" testType="13cdc9d9-ddb5-4fa4-a97d-d965ccfc6d4b" outcome="Passed" testListId="8c84fa94-04c1-424b-9868-57a2d4851a1d" relativeResultsDirectory="b6272833-da16-4825-9e45-a3909844f6be" />
    <UnitTestResult executionId="4fcb22d2-7160-4683-a619-eaaef0bd9b5d" testId="5b00a042-1d1f-6801-eabd-1cc024691d2c" testName="TryIsMatch_WhenSupportedExactMessage_Success" computerName="DKSR-EFI-06" duration="00:00:00.0006722" startTime="2024-01-09T15:43:13.4041108+01:00" endTime="2024-01-09T15:43:13.4041108+01:00" testType="13cdc9d9-ddb5-4fa4-a97d-d965ccfc6d4b" outcome="Passed" testListId="8c84fa94-04c1-424b-9868-57a2d4851a1d" relativeResultsDirectory="4fcb22d2-7160-4683-a619-eaaef0bd9b5d" />
    <UnitTestResult executionId="a2099c52-52c6-4fc8-9beb-b7df04a26305" testId="2c883b50-1f2d-94ed-710e-5a2439ad52ed" testName="TryAddFilter_MessageWithAsterixEnd_Supported" computerName="DKSR-EFI-06" duration="00:00:00.0006572" startTime="2024-01-09T15:43:13.4041108+01:00" endTime="2024-01-09T15:43:13.4041108+01:00" testType="13cdc9d9-ddb5-4fa4-a97d-d965ccfc6d4b" outcome="Passed" testListId="8c84fa94-04c1-424b-9868-57a2d4851a1d" relativeResultsDirectory="a2099c52-52c6-4fc8-9beb-b7df04a26305" />
    <UnitTestResult executionId="0fb35da8-a819-42f1-95bd-cea862d8e293" testId="8a4ae8fd-6ddb-0b2f-405d-e384341f5652" testName="IsAppropriate_WhenAsterixPresentAnySourceNoEventHeader_Success" computerName="DKSR-EFI-06" duration="00:00:00.0004251" startTime="2024-01-09T15:43:13.7634887+01:00" endTime="2024-01-09T15:43:13.7634887+01:00" testType="13cdc9d9-ddb5-4fa4-a97d-d965ccfc6d4b" outcome="Passed" testListId="8c84fa94-04c1-424b-9868-57a2d4851a1d" relativeResultsDirectory="0fb35da8-a819-42f1-95bd-cea862d8e293" />
    <UnitTestResult executionId="2c1db908-f838-4606-bba9-f696f145730a" testId="cb28644d-de0f-e51b-d21e-58fb856dcfa7" testName="MessageBroker_NotThrows_WhenTransmittingNotAuthorized" computerName="DKSR-EFI-06" duration="00:00:00.1155709" startTime="2024-01-09T15:43:13.1384895+01:00" endTime="2024-01-09T15:43:13.2634846+01:00" testType="13cdc9d9-ddb5-4fa4-a97d-d965ccfc6d4b" outcome="Passed" testListId="8c84fa94-04c1-424b-9868-57a2d4851a1d" relativeResultsDirectory="2c1db908-f838-4606-bba9-f696f145730a">
      <Output>
        <StdOut>Debug Trace:&#xD;
CommService: Transmit ms=247&#xD;
CommService: Transmit-end, ms= 263</StdOut>
      </Output>
    </UnitTestResult>
    <UnitTestResult executionId="82e6ea61-d2a5-4d80-993f-8c8b9db837ad" testId="34fe41f2-1d6b-ddee-0512-893db0843e94" testName="Match_WhenMessageNotInDictionary_Fail" computerName="DKSR-EFI-06" duration="00:00:00.0010893" startTime="2024-01-09T15:43:13.7634887+01:00" endTime="2024-01-09T15:43:13.7634887+01:00" testType="13cdc9d9-ddb5-4fa4-a97d-d965ccfc6d4b" outcome="Passed" testListId="8c84fa94-04c1-424b-9868-57a2d4851a1d" relativeResultsDirectory="82e6ea61-d2a5-4d80-993f-8c8b9db837ad" />
    <UnitTestResult executionId="038ccef0-5971-47c2-8098-8df8932bd84d" testId="42e87207-0403-8564-0033-ecdf029451b4" testName="IsDataClassAllowed_WithCachedEntry_ShouldStillReturnTrue" computerName="DKSR-EFI-06" duration="00:00:00.0001235" startTime="2024-01-09T15:43:12.1697330+01:00" endTime="2024-01-09T15:43:12.1697330+01:00" testType="13cdc9d9-ddb5-4fa4-a97d-d965ccfc6d4b" outcome="Passed" testListId="8c84fa94-04c1-424b-9868-57a2d4851a1d" relativeResultsDirectory="038ccef0-5971-47c2-8098-8df8932bd84d" />
    <UnitTestResult executionId="b323291f-df3e-429c-a8ad-bc4b704d6a72" testId="21bba085-2b1b-5566-9716-6797626dfb64" testName="IsDataClassAllowed_NullMessage_ShouldReturnFalse" computerName="DKSR-EFI-06" duration="00:00:00.0000862" startTime="2024-01-09T15:43:12.1697330+01:00" endTime="2024-01-09T15:43:12.1697330+01:00" testType="13cdc9d9-ddb5-4fa4-a97d-d965ccfc6d4b" outcome="Passed" testListId="8c84fa94-04c1-424b-9868-57a2d4851a1d" relativeResultsDirectory="b323291f-df3e-429c-a8ad-bc4b704d6a72" />
    <UnitTestResult executionId="ccdc77b0-6738-472c-80c2-6e901c44c53c" testId="f56fadaf-d4a0-5e41-f17c-59007a2d81b0" testName="AddToIndex_Success" computerName="DKSR-EFI-06" duration="00:00:00.0004273" startTime="2024-01-09T15:43:13.7791137+01:00" endTime="2024-01-09T15:43:13.7791137+01:00" testType="13cdc9d9-ddb5-4fa4-a97d-d965ccfc6d4b" outcome="Passed" testListId="8c84fa94-04c1-424b-9868-57a2d4851a1d" relativeResultsDirectory="ccdc77b0-6738-472c-80c2-6e901c44c53c" />
    <UnitTestResult executionId="fa0ffa8f-6cf3-48cd-ae81-a6e7227a0390" testId="8ed0a37f-0b2f-b660-e1af-3c18b84dd713" testName="Match_WhenMessageInDictionaryWithCountMoreThanZero_Success" computerName="DKSR-EFI-06" duration="00:00:00.0002915" startTime="2024-01-09T15:43:13.7634887+01:00" endTime="2024-01-09T15:43:13.7634887+01:00" testType="13cdc9d9-ddb5-4fa4-a97d-d965ccfc6d4b" outcome="Passed" testListId="8c84fa94-04c1-424b-9868-57a2d4851a1d" relativeResultsDirectory="fa0ffa8f-6cf3-48cd-ae81-a6e7227a0390" />
    <UnitTestResult executionId="ecfe1b22-a44c-443c-b9d9-1be65b02cb46" testId="d0fcb0f3-b750-3b5e-a94f-90d9c846ee3f" testName="Match_WhenMessageNotInDictionary_Fail" computerName="DKSR-EFI-06" duration="00:00:00.0001783" startTime="2024-01-09T15:43:13.7634887+01:00" endTime="2024-01-09T15:43:13.7634887+01:00" testType="13cdc9d9-ddb5-4fa4-a97d-d965ccfc6d4b" outcome="Passed" testListId="8c84fa94-04c1-424b-9868-57a2d4851a1d" relativeResultsDirectory="ecfe1b22-a44c-443c-b9d9-1be65b02cb46" />
    <UnitTestResult executionId="4d15845e-644e-46c5-8f24-16af97255810" testId="032c33a4-1179-d47c-ea02-d13026e04f93" testName="TryAddFilter_IfAllreadyExists_Fail" computerName="DKSR-EFI-06" duration="00:00:00.0130448" startTime="2024-01-09T15:43:13.4041108+01:00" endTime="2024-01-09T15:43:13.4197368+01:00" testType="13cdc9d9-ddb5-4fa4-a97d-d965ccfc6d4b" outcome="Passed" testListId="8c84fa94-04c1-424b-9868-57a2d4851a1d" relativeResultsDirectory="4d15845e-644e-46c5-8f24-16af97255810" />
    <UnitTestResult executionId="bbd4015c-90f8-425d-8c91-b38352a050b1" testId="18db568e-7d86-0287-9408-86b43e7edd41" testName="TryIsMatch_WhenNotSupportedMessage_Fail" computerName="DKSR-EFI-06" duration="00:00:00.0009871" startTime="2024-01-09T15:43:13.4041108+01:00" endTime="2024-01-09T15:43:13.4041108+01:00" testType="13cdc9d9-ddb5-4fa4-a97d-d965ccfc6d4b" outcome="Passed" testListId="8c84fa94-04c1-424b-9868-57a2d4851a1d" relativeResultsDirectory="bbd4015c-90f8-425d-8c91-b38352a050b1" />
    <UnitTestResult executionId="2fe1b64f-625b-4cd3-8c61-69bb716049ae" testId="28eda3ef-5150-89a2-2188-4e006994e2d1" testName="IsMatch_IfNoMatch_Fail" computerName="DKSR-EFI-06" duration="00:00:00.0036732" startTime="2024-01-09T15:43:13.7478637+01:00" endTime="2024-01-09T15:43:13.7634887+01:00" testType="13cdc9d9-ddb5-4fa4-a97d-d965ccfc6d4b" outcome="Passed" testListId="8c84fa94-04c1-424b-9868-57a2d4851a1d" relativeResultsDirectory="2fe1b64f-625b-4cd3-8c61-69bb716049ae" />
    <UnitTestResult executionId="fd3cfddd-7346-43d5-ba19-6766d9fbbc19" testId="18414f91-0fb3-aec1-061c-cfcd8a3af089" testName="IsDataClassAllowed_UnknownMessageWithComplexCollectionDataClass_ShouldReturnTrue" computerName="DKSR-EFI-06" duration="00:00:00.0001769" startTime="2024-01-09T15:43:12.1853581+01:00" endTime="2024-01-09T15:43:12.1853581+01:00" testType="13cdc9d9-ddb5-4fa4-a97d-d965ccfc6d4b" outcome="Passed" testListId="8c84fa94-04c1-424b-9868-57a2d4851a1d" relativeResultsDirectory="fd3cfddd-7346-43d5-ba19-6766d9fbbc19" />
    <UnitTestResult executionId="146d06e7-9048-454d-b09c-1569b29993d4" testId="e980bdcf-5eda-c8e6-3b2b-f9876a3f1723" testName="RemoveFromIndex_Success" computerName="DKSR-EFI-06" duration="00:00:00.0004402" startTime="2024-01-09T15:43:13.7791137+01:00" endTime="2024-01-09T15:43:13.7791137+01:00" testType="13cdc9d9-ddb5-4fa4-a97d-d965ccfc6d4b" outcome="Passed" testListId="8c84fa94-04c1-424b-9868-57a2d4851a1d" relativeResultsDirectory="146d06e7-9048-454d-b09c-1569b29993d4" />
    <UnitTestResult executionId="32bea4aa-b990-41da-99a0-ed8fc78a3f5d" testId="8c99323a-b791-dc7b-008e-35009645804a" testName="TryAddFilter_IfNotFoundAppropriateIndexGenerator_Fail" computerName="DKSR-EFI-06" duration="00:00:00.2769756" startTime="2024-01-09T15:43:13.4197368+01:00" endTime="2024-01-09T15:43:13.7009890+01:00" testType="13cdc9d9-ddb5-4fa4-a97d-d965ccfc6d4b" outcome="Passed" testListId="8c84fa94-04c1-424b-9868-57a2d4851a1d" relativeResultsDirectory="32bea4aa-b990-41da-99a0-ed8fc78a3f5d" />
  </Results>
  <TestDefinitions>
    <UnitTest name="Match_WhenMessageNotInDictionary_Fail" storage="d:\actions-runner\_work\xpco\xpco\eventserver\server\components\central\videoos.eventserver.messages.domain.unittest\bin\debug\net472\videoos.eventserver.messages.domain.unittest.dll" id="34fe41f2-1d6b-ddee-0512-893db0843e94">
      <Execution id="82e6ea61-d2a5-4d80-993f-8c8b9db837ad" />
      <TestMethod codeBase="D:\actions-runner\_work\XPCO\XPCO\EventServer\Server\Components\Central\VideoOS.EventServer.Messages.Domain.UnitTest\bin\Debug\net472\VideoOS.EventServer.Messages.Domain.UnitTest.dll" adapterTypeName="executor://mstestadapter/v2" className="VideoOS.EventServer.Messages.Domain.UnitTest.Matchers.AsterixMatchersTests" name="Match_WhenMessageNotInDictionary_Fail" />
    </UnitTest>
    <UnitTest name="TryAddFilter_IfAllreadyExists_Fail" storage="d:\actions-runner\_work\xpco\xpco\eventserver\server\components\central\videoos.eventserver.messages.domain.unittest\bin\debug\net472\videoos.eventserver.messages.domain.unittest.dll" id="032c33a4-1179-d47c-ea02-d13026e04f93">
      <Execution id="4d15845e-644e-46c5-8f24-16af97255810" />
      <TestMethod codeBase="D:\actions-runner\_work\XPCO\XPCO\EventServer\Server\Components\Central\VideoOS.EventServer.Messages.Domain.UnitTest\bin\Debug\net472\VideoOS.EventServer.Messages.Domain.UnitTest.dll" adapterTypeName="executor://mstestadapter/v2" className="VideoOS.EventServer.Messages.Domain.UnitTest.MessageIdFilterIndexTests" name="TryAddFilter_IfAllreadyExists_Fail" />
    </UnitTest>
    <UnitTest name="TryIsMatch_WhenNotSupportedMessage_Fail" storage="d:\actions-runner\_work\xpco\xpco\eventserver\server\components\central\videoos.eventserver.messages.domain.unittest\bin\debug\net472\videoos.eventserver.messages.domain.unittest.dll" id="18db568e-7d86-0287-9408-86b43e7edd41">
      <Execution id="bbd4015c-90f8-425d-8c91-b38352a050b1" />
      <TestMethod codeBase="D:\actions-runner\_work\XPCO\XPCO\EventServer\Server\Components\Central\VideoOS.EventServer.Messages.Domain.UnitTest\bin\Debug\net472\VideoOS.EventServer.Messages.Domain.UnitTest.dll" adapterTypeName="executor://mstestadapter/v2" className="VideoOS.EventServer.Messages.Domain.UnitTest.MessageIdFilterIndexIntegrationTests" name="TryIsMatch_WhenNotSupportedMessage_Fail" />
    </UnitTest>
    <UnitTest name="TryAddFilter_IfFoundAppropriateIndexGenerator_SuccessAndAddToIndex" storage="d:\actions-runner\_work\xpco\xpco\eventserver\server\components\central\videoos.eventserver.messages.domain.unittest\bin\debug\net472\videoos.eventserver.messages.domain.unittest.dll" id="2adde89d-6ae1-848f-3564-1770308b9165">
      <Execution id="d6afc3f2-707d-47da-bf8b-2107ce9818d3" />
      <TestMethod codeBase="D:\actions-runner\_work\XPCO\XPCO\EventServer\Server\Components\Central\VideoOS.EventServer.Messages.Domain.UnitTest\bin\Debug\net472\VideoOS.EventServer.Messages.Domain.UnitTest.dll" adapterTypeName="executor://mstestadapter/v2" className="VideoOS.EventServer.Messages.Domain.UnitTest.MessageIdFilterIndexTests" name="TryAddFilter_IfFoundAppropriateIndexGenerator_SuccessAndAddToIndex" />
    </UnitTest>
    <UnitTest name="IsDataClassAllowed_KnownMessageWithAllowedTypeInDataClass_ShouldReturnTrue" storage="d:\actions-runner\_work\xpco\xpco\eventserver\server\components\central\videoos.eventserver.messages.domain.unittest\bin\debug\net472\videoos.eventserver.messages.domain.unittest.dll" id="198a1914-b262-0eef-fa2b-34256d357d00">
      <Execution id="20323061-2efa-4aab-bda0-b31f86b4fcc5" />
      <TestMethod codeBase="D:\actions-runner\_work\XPCO\XPCO\EventServer\Server\Components\Central\VideoOS.EventServer.Messages.Domain.UnitTest\bin\Debug\net472\VideoOS.EventServer.Messages.Domain.UnitTest.dll" adapterTypeName="executor://mstestadapter/v2" className="VideoOS.EventServer.Messages.Domain.UnitTest.DataClassVerifierTests" name="IsDataClassAllowed_KnownMessageWithAllowedTypeInDataClass_ShouldReturnTrue" />
    </UnitTest>
    <UnitTest name="IsDataClassAllowed_UnknownMessageWithEmptyDataClass_ShouldReturnTrue" storage="d:\actions-runner\_work\xpco\xpco\eventserver\server\components\central\videoos.eventserver.messages.domain.unittest\bin\debug\net472\videoos.eventserver.messages.domain.unittest.dll" id="8f7dedfe-c967-e6a1-428b-2ddd4af1bfa8">
      <Execution id="8a1f7267-d774-493d-aa46-aba214e61469" />
      <TestMethod codeBase="D:\actions-runner\_work\XPCO\XPCO\EventServer\Server\Components\Central\VideoOS.EventServer.Messages.Domain.UnitTest\bin\Debug\net472\VideoOS.EventServer.Messages.Domain.UnitTest.dll" adapterTypeName="executor://mstestadapter/v2" className="VideoOS.EventServer.Messages.Domain.UnitTest.DataClassVerifierTests" name="IsDataClassAllowed_UnknownMessageWithEmptyDataClass_ShouldReturnTrue" />
    </UnitTest>
    <UnitTest name="IsDataClassAllowed_UnknownMessageWithNullDataClass_ShouldReturnFalse" storage="d:\actions-runner\_work\xpco\xpco\eventserver\server\components\central\videoos.eventserver.messages.domain.unittest\bin\debug\net472\videoos.eventserver.messages.domain.unittest.dll" id="b41ea076-b32e-377a-f1c1-4a4b33c8d881">
      <Execution id="a40c0584-b149-4b7a-8860-58b659268a48" />
      <TestMethod codeBase="D:\actions-runner\_work\XPCO\XPCO\EventServer\Server\Components\Central\VideoOS.EventServer.Messages.Domain.UnitTest\bin\Debug\net472\VideoOS.EventServer.Messages.Domain.UnitTest.dll" adapterTypeName="executor://mstestadapter/v2" className="VideoOS.EventServer.Messages.Domain.UnitTest.DataClassVerifierTests" name="IsDataClassAllowed_UnknownMessageWithNullDataClass_ShouldReturnFalse" />
    </UnitTest>
    <UnitTest name="IsDataClassAllowed_UnknownMessageWithStringsInsideDictionaryDataClass_ShouldReturnTrue" storage="d:\actions-runner\_work\xpco\xpco\eventserver\server\components\central\videoos.eventserver.messages.domain.unittest\bin\debug\net472\videoos.eventserver.messages.domain.unittest.dll" id="9291b085-7d5d-7b2c-58f1-87e09b641a41">
      <Execution id="2ee086f6-0170-454e-a4db-d4605aa72a97" />
      <TestMethod codeBase="D:\actions-runner\_work\XPCO\XPCO\EventServer\Server\Components\Central\VideoOS.EventServer.Messages.Domain.UnitTest\bin\Debug\net472\VideoOS.EventServer.Messages.Domain.UnitTest.dll" adapterTypeName="executor://mstestadapter/v2" className="VideoOS.EventServer.Messages.Domain.UnitTest.DataClassVerifierTests" name="IsDataClassAllowed_UnknownMessageWithStringsInsideDictionaryDataClass_ShouldReturnTrue" />
    </UnitTest>
    <UnitTest name="IsDataClassAllowed_UnknownMessageWithNonSystemDataClass_ShouldReturnTrue" storage="d:\actions-runner\_work\xpco\xpco\eventserver\server\components\central\videoos.eventserver.messages.domain.unittest\bin\debug\net472\videoos.eventserver.messages.domain.unittest.dll" id="b7c8b9d0-2cda-9dd4-c151-ebae2a056cd3">
      <Execution id="29371e43-6b9b-4e78-ba3d-fa0a36a59230" />
      <TestMethod codeBase="D:\actions-runner\_work\XPCO\XPCO\EventServer\Server\Components\Central\VideoOS.EventServer.Messages.Domain.UnitTest\bin\Debug\net472\VideoOS.EventServer.Messages.Domain.UnitTest.dll" adapterTypeName="executor://mstestadapter/v2" className="VideoOS.EventServer.Messages.Domain.UnitTest.DataClassVerifierTests" name="IsDataClassAllowed_UnknownMessageWithNonSystemDataClass_ShouldReturnTrue" />
    </UnitTest>
    <UnitTest name="TryAddFilter_MessageWithAsterixEnd_Supported" storage="d:\actions-runner\_work\xpco\xpco\eventserver\server\components\central\videoos.eventserver.messages.domain.unittest\bin\debug\net472\videoos.eventserver.messages.domain.unittest.dll" id="2c883b50-1f2d-94ed-710e-5a2439ad52ed">
      <Execution id="a2099c52-52c6-4fc8-9beb-b7df04a26305" />
      <TestMethod codeBase="D:\actions-runner\_work\XPCO\XPCO\EventServer\Server\Components\Central\VideoOS.EventServer.Messages.Domain.UnitTest\bin\Debug\net472\VideoOS.EventServer.Messages.Domain.UnitTest.dll" adapterTypeName="executor://mstestadapter/v2" className="VideoOS.EventServer.Messages.Domain.UnitTest.MessageIdFilterIndexIntegrationTests" name="TryAddFilter_MessageWithAsterixEnd_Supported" />
    </UnitTest>
    <UnitTest name="MessageBroker_NotReturnsEvents_WhenNotAuthorized" storage="d:\actions-runner\_work\xpco\xpco\eventserver\server\components\central\videoos.eventserver.messages.domain.unittest\bin\debug\net472\videoos.eventserver.messages.domain.unittest.dll" id="4c8cf4a4-74f6-fe0e-325e-53157afe4b89">
      <Execution id="a0cdf729-1d19-4b84-baa8-0936c55fc532" />
      <TestMethod codeBase="D:\actions-runner\_work\XPCO\XPCO\EventServer\Server\Components\Central\VideoOS.EventServer.Messages.Domain.UnitTest\bin\Debug\net472\VideoOS.EventServer.Messages.Domain.UnitTest.dll" adapterTypeName="executor://mstestadapter/v2" className="VideoOS.EventServer.Messages.Domain.UnitTest.MessageBrokerTests" name="MessageBroker_NotReturnsEvents_WhenNotAuthorized" />
    </UnitTest>
    <UnitTest name="Match_WhenMessageNotInDictionary_Fail" storage="d:\actions-runner\_work\xpco\xpco\eventserver\server\components\central\videoos.eventserver.messages.domain.unittest\bin\debug\net472\videoos.eventserver.messages.domain.unittest.dll" id="d0fcb0f3-b750-3b5e-a94f-90d9c846ee3f">
      <Execution id="ecfe1b22-a44c-443c-b9d9-1be65b02cb46" />
      <TestMethod codeBase="D:\actions-runner\_work\XPCO\XPCO\EventServer\Server\Components\Central\VideoOS.EventServer.Messages.Domain.UnitTest\bin\Debug\net472\VideoOS.EventServer.Messages.Domain.UnitTest.dll" adapterTypeName="executor://mstestadapter/v2" className="VideoOS.EventServer.Messages.Domain.UnitTest.Matchers.StrictMatcherTests" name="Match_WhenMessageNotInDictionary_Fail" />
    </UnitTest>
    <UnitTest name="IsDataClassAllowed_UnknownMessageWithNonAllowedInsideDictionaryDataClass_ShouldReturnFalse" storage="d:\actions-runner\_work\xpco\xpco\eventserver\server\components\central\videoos.eventserver.messages.domain.unittest\bin\debug\net472\videoos.eventserver.messages.domain.unittest.dll" id="6d97b1d0-806a-7f7f-8a77-f1cd0edae0e2">
      <Execution id="14991f40-ed18-4706-9303-0e413153bafd" />
      <TestMethod codeBase="D:\actions-runner\_work\XPCO\XPCO\EventServer\Server\Components\Central\VideoOS.EventServer.Messages.Domain.UnitTest\bin\Debug\net472\VideoOS.EventServer.Messages.Domain.UnitTest.dll" adapterTypeName="executor://mstestadapter/v2" className="VideoOS.EventServer.Messages.Domain.UnitTest.DataClassVerifierTests" name="IsDataClassAllowed_UnknownMessageWithNonAllowedInsideDictionaryDataClass_ShouldReturnFalse" />
    </UnitTest>
    <UnitTest name="Match_WhenMessageInDictionaryWithCountZero_Fail" storage="d:\actions-runner\_work\xpco\xpco\eventserver\server\components\central\videoos.eventserver.messages.domain.unittest\bin\debug\net472\videoos.eventserver.messages.domain.unittest.dll" id="c2027d7d-f11f-14b9-2ce8-a53086bd7e7c">
      <Execution id="4c62d0f7-aaa3-47e2-be64-95477f4d5593" />
      <TestMethod codeBase="D:\actions-runner\_work\XPCO\XPCO\EventServer\Server\Components\Central\VideoOS.EventServer.Messages.Domain.UnitTest\bin\Debug\net472\VideoOS.EventServer.Messages.Domain.UnitTest.dll" adapterTypeName="executor://mstestadapter/v2" className="VideoOS.EventServer.Messages.Domain.UnitTest.Matchers.StrictMatcherTests" name="Match_WhenMessageInDictionaryWithCountZero_Fail" />
    </UnitTest>
    <UnitTest name="IsAppropriate_WhenAsterixPresentAnySourceNoEventHeader_Success" storage="d:\actions-runner\_work\xpco\xpco\eventserver\server\components\central\videoos.eventserver.messages.domain.unittest\bin\debug\net472\videoos.eventserver.messages.domain.unittest.dll" id="8a4ae8fd-6ddb-0b2f-405d-e384341f5652">
      <Execution id="0fb35da8-a819-42f1-95bd-cea862d8e293" />
      <TestMethod codeBase="D:\actions-runner\_work\XPCO\XPCO\EventServer\Server\Components\Central\VideoOS.EventServer.Messages.Domain.UnitTest\bin\Debug\net472\VideoOS.EventServer.Messages.Domain.UnitTest.dll" adapterTypeName="executor://mstestadapter/v2" className="VideoOS.EventServer.Messages.Domain.UnitTest.Generators.AsterixMessageIndexGeneratorTests" name="IsAppropriate_WhenAsterixPresentAnySourceNoEventHeader_Success" />
    </UnitTest>
    <UnitTest name="IsDataClassAllowed_UnknownMessageWithStringDataClass_ShouldReturnTrue" storage="d:\actions-runner\_work\xpco\xpco\eventserver\server\components\central\videoos.eventserver.messages.domain.unittest\bin\debug\net472\videoos.eventserver.messages.domain.unittest.dll" id="74b42e1b-c363-bb8b-5f39-b06c2eb52ee7">
      <Execution id="e8b9c34c-98bc-4143-92e3-4dbce4be3f92" />
      <TestMethod codeBase="D:\actions-runner\_work\XPCO\XPCO\EventServer\Server\Components\Central\VideoOS.EventServer.Messages.Domain.UnitTest\bin\Debug\net472\VideoOS.EventServer.Messages.Domain.UnitTest.dll" adapterTypeName="executor://mstestadapter/v2" className="VideoOS.EventServer.Messages.Domain.UnitTest.DataClassVerifierTests" name="IsDataClassAllowed_UnknownMessageWithStringDataClass_ShouldReturnTrue" />
    </UnitTest>
    <UnitTest name="TryIsMatch_WhenSupportedAsterixStartMessage_Success" storage="d:\actions-runner\_work\xpco\xpco\eventserver\server\components\central\videoos.eventserver.messages.domain.unittest\bin\debug\net472\videoos.eventserver.messages.domain.unittest.dll" id="c8a1d0a5-bf23-85ba-7378-68916f899c45">
      <Execution id="b6272833-da16-4825-9e45-a3909844f6be" />
      <TestMethod codeBase="D:\actions-runner\_work\XPCO\XPCO\EventServer\Server\Components\Central\VideoOS.EventServer.Messages.Domain.UnitTest\bin\Debug\net472\VideoOS.EventServer.Messages.Domain.UnitTest.dll" adapterTypeName="executor://mstestadapter/v2" className="VideoOS.EventServer.Messages.Domain.UnitTest.MessageIdFilterIndexIntegrationTests" name="TryIsMatch_WhenSupportedAsterixStartMessage_Success" />
    </UnitTest>
    <UnitTest name="IsDataClassAllowed_NullMessage_ShouldReturnFalse" storage="d:\actions-runner\_work\xpco\xpco\eventserver\server\components\central\videoos.eventserver.messages.domain.unittest\bin\debug\net472\videoos.eventserver.messages.domain.unittest.dll" id="21bba085-2b1b-5566-9716-6797626dfb64">
      <Execution id="b323291f-df3e-429c-a8ad-bc4b704d6a72" />
      <TestMethod codeBase="D:\actions-runner\_work\XPCO\XPCO\EventServer\Server\Components\Central\VideoOS.EventServer.Messages.Domain.UnitTest\bin\Debug\net472\VideoOS.EventServer.Messages.Domain.UnitTest.dll" adapterTypeName="executor://mstestadapter/v2" className="VideoOS.EventServer.Messages.Domain.UnitTest.DataClassVerifierTests" name="IsDataClassAllowed_NullMessage_ShouldReturnFalse" />
    </UnitTest>
    <UnitTest name="IsMatch_IfNoMatch_Fail" storage="d:\actions-runner\_work\xpco\xpco\eventserver\server\components\central\videoos.eventserver.messages.domain.unittest\bin\debug\net472\videoos.eventserver.messages.domain.unittest.dll" id="28eda3ef-5150-89a2-2188-4e006994e2d1">
      <Execution id="2fe1b64f-625b-4cd3-8c61-69bb716049ae" />
      <TestMethod codeBase="D:\actions-runner\_work\XPCO\XPCO\EventServer\Server\Components\Central\VideoOS.EventServer.Messages.Domain.UnitTest\bin\Debug\net472\VideoOS.EventServer.Messages.Domain.UnitTest.dll" adapterTypeName="executor://mstestadapter/v2" className="VideoOS.EventServer.Messages.Domain.UnitTest.MessageIdFilterIndexTests" name="IsMatch_IfNoMatch_Fail" />
    </UnitTest>
    <UnitTest name="TryRemoveFilter_IfNotFoundAppropriateIndexGenerator_Fail" storage="d:\actions-runner\_work\xpco\xpco\eventserver\server\components\central\videoos.eventserver.messages.domain.unittest\bin\debug\net472\videoos.eventserver.messages.domain.unittest.dll" id="cf9150b8-65e9-b7c9-4f95-19c402d58f79">
      <Execution id="ccf90af2-dfa1-4481-808a-265143f02389" />
      <TestMethod codeBase="D:\actions-runner\_work\XPCO\XPCO\EventServer\Server\Components\Central\VideoOS.EventServer.Messages.Domain.UnitTest\bin\Debug\net472\VideoOS.EventServer.Messages.Domain.UnitTest.dll" adapterTypeName="executor://mstestadapter/v2" className="VideoOS.EventServer.Messages.Domain.UnitTest.MessageIdFilterIndexTests" name="TryRemoveFilter_IfNotFoundAppropriateIndexGenerator_Fail" />
    </UnitTest>
    <UnitTest name="IsDataClassAllowed_UnknownMessageWithProhibitedDataClass_ShouldReturnFalse" storage="d:\actions-runner\_work\xpco\xpco\eventserver\server\components\central\videoos.eventserver.messages.domain.unittest\bin\debug\net472\videoos.eventserver.messages.domain.unittest.dll" id="42a1fab2-5dcf-99fb-ce43-aefb53ad015f">
      <Execution id="ab975f87-a318-434d-a0a2-eb049169624d" />
      <TestMethod codeBase="D:\actions-runner\_work\XPCO\XPCO\EventServer\Server\Components\Central\VideoOS.EventServer.Messages.Domain.UnitTest\bin\Debug\net472\VideoOS.EventServer.Messages.Domain.UnitTest.dll" adapterTypeName="executor://mstestadapter/v2" className="VideoOS.EventServer.Messages.Domain.UnitTest.DataClassVerifierTests" name="IsDataClassAllowed_UnknownMessageWithProhibitedDataClass_ShouldReturnFalse" />
    </UnitTest>
    <UnitTest name="AddToIndex_Success" storage="d:\actions-runner\_work\xpco\xpco\eventserver\server\components\central\videoos.eventserver.messages.domain.unittest\bin\debug\net472\videoos.eventserver.messages.domain.unittest.dll" id="f56fadaf-d4a0-5e41-f17c-59007a2d81b0">
      <Execution id="ccdc77b0-6738-472c-80c2-6e901c44c53c" />
      <TestMethod codeBase="D:\actions-runner\_work\XPCO\XPCO\EventServer\Server\Components\Central\VideoOS.EventServer.Messages.Domain.UnitTest\bin\Debug\net472\VideoOS.EventServer.Messages.Domain.UnitTest.dll" adapterTypeName="executor://mstestadapter/v2" className="VideoOS.EventServer.Messages.Domain.UnitTest.Generators.StrictMessageIndexGeneratorTests" name="AddToIndex_Success" />
    </UnitTest>
    <UnitTest name="TryRemoveFilter_IfFoundAppropriateIndexGenerator_SuccessAndRemoveFromIndex" storage="d:\actions-runner\_work\xpco\xpco\eventserver\server\components\central\videoos.eventserver.messages.domain.unittest\bin\debug\net472\videoos.eventserver.messages.domain.unittest.dll" id="d949d46b-5147-8e98-77e8-a21905fdbfb8">
      <Execution id="aa2b4203-4c72-4053-81c1-84c6812cfe50" />
      <TestMethod codeBase="D:\actions-runner\_work\XPCO\XPCO\EventServer\Server\Components\Central\VideoOS.EventServer.Messages.Domain.UnitTest\bin\Debug\net472\VideoOS.EventServer.Messages.Domain.UnitTest.dll" adapterTypeName="executor://mstestadapter/v2" className="VideoOS.EventServer.Messages.Domain.UnitTest.MessageIdFilterIndexTests" name="TryRemoveFilter_IfFoundAppropriateIndexGenerator_SuccessAndRemoveFromIndex" />
    </UnitTest>
    <UnitTest name="IsMatch_IfWeHaveMatch_Success" storage="d:\actions-runner\_work\xpco\xpco\eventserver\server\components\central\videoos.eventserver.messages.domain.unittest\bin\debug\net472\videoos.eventserver.messages.domain.unittest.dll" id="6f75e36e-4a39-6a27-afb4-a6259deb4209">
      <Execution id="81b91471-a993-40e1-8432-b147d1e78f8e" />
      <TestMethod codeBase="D:\actions-runner\_work\XPCO\XPCO\EventServer\Server\Components\Central\VideoOS.EventServer.Messages.Domain.UnitTest\bin\Debug\net472\VideoOS.EventServer.Messages.Domain.UnitTest.dll" adapterTypeName="executor://mstestadapter/v2" className="VideoOS.EventServer.Messages.Domain.UnitTest.MessageIdFilterIndexTests" name="IsMatch_IfWeHaveMatch_Success" />
    </UnitTest>
    <UnitTest name="IsAppropriate_WhenAsterix_Fail" storage="d:\actions-runner\_work\xpco\xpco\eventserver\server\components\central\videoos.eventserver.messages.domain.unittest\bin\debug\net472\videoos.eventserver.messages.domain.unittest.dll" id="9f307a7c-c162-0362-7879-a5564cdd2b9a">
      <Execution id="7b5e1c3b-416e-472c-83b0-d87b939e2ac5" />
      <TestMethod codeBase="D:\actions-runner\_work\XPCO\XPCO\EventServer\Server\Components\Central\VideoOS.EventServer.Messages.Domain.UnitTest\bin\Debug\net472\VideoOS.EventServer.Messages.Domain.UnitTest.dll" adapterTypeName="executor://mstestadapter/v2" className="VideoOS.EventServer.Messages.Domain.UnitTest.Generators.StrictMessageIndexGeneratorTests" name="IsAppropriate_WhenAsterix_Fail" />
    </UnitTest>
    <UnitTest name="IsAppropriate_WhenEventHeaderTypePresent_Fail" storage="d:\actions-runner\_work\xpco\xpco\eventserver\server\components\central\videoos.eventserver.messages.domain.unittest\bin\debug\net472\videoos.eventserver.messages.domain.unittest.dll" id="e6d98596-eea3-d246-18c5-5488e2501730">
      <Execution id="6eed7fda-c77f-4124-b944-39f5175ede67" />
      <TestMethod codeBase="D:\actions-runner\_work\XPCO\XPCO\EventServer\Server\Components\Central\VideoOS.EventServer.Messages.Domain.UnitTest\bin\Debug\net472\VideoOS.EventServer.Messages.Domain.UnitTest.dll" adapterTypeName="executor://mstestadapter/v2" className="VideoOS.EventServer.Messages.Domain.UnitTest.Generators.StrictMessageIndexGeneratorTests" name="IsAppropriate_WhenEventHeaderTypePresent_Fail" />
    </UnitTest>
    <UnitTest name="IsDataClassAllowed_KnownMessageWithDisallowedEmptyDataClass_ShouldReturnFalse" storage="d:\actions-runner\_work\xpco\xpco\eventserver\server\components\central\videoos.eventserver.messages.domain.unittest\bin\debug\net472\videoos.eventserver.messages.domain.unittest.dll" id="3c6c6aaf-b123-e657-6247-95b2b09a211e">
      <Execution id="a8efc6ec-7a58-49ac-87b0-1a25e717e1d5" />
      <TestMethod codeBase="D:\actions-runner\_work\XPCO\XPCO\EventServer\Server\Components\Central\VideoOS.EventServer.Messages.Domain.UnitTest\bin\Debug\net472\VideoOS.EventServer.Messages.Domain.UnitTest.dll" adapterTypeName="executor://mstestadapter/v2" className="VideoOS.EventServer.Messages.Domain.UnitTest.DataClassVerifierTests" name="IsDataClassAllowed_KnownMessageWithDisallowedEmptyDataClass_ShouldReturnFalse" />
    </UnitTest>
    <UnitTest name="TryIsMatch_WhenSupportedExactMessage_Success" storage="d:\actions-runner\_work\xpco\xpco\eventserver\server\components\central\videoos.eventserver.messages.domain.unittest\bin\debug\net472\videoos.eventserver.messages.domain.unittest.dll" id="5b00a042-1d1f-6801-eabd-1cc024691d2c">
      <Execution id="4fcb22d2-7160-4683-a619-eaaef0bd9b5d" />
      <TestMethod codeBase="D:\actions-runner\_work\XPCO\XPCO\EventServer\Server\Components\Central\VideoOS.EventServer.Messages.Domain.UnitTest\bin\Debug\net472\VideoOS.EventServer.Messages.Domain.UnitTest.dll" adapterTypeName="executor://mstestadapter/v2" className="VideoOS.EventServer.Messages.Domain.UnitTest.MessageIdFilterIndexIntegrationTests" name="TryIsMatch_WhenSupportedExactMessage_Success" />
    </UnitTest>
    <UnitTest name="Match_WhenMessageInDictionaryWithCountMoreThanZero_Success" storage="d:\actions-runner\_work\xpco\xpco\eventserver\server\components\central\videoos.eventserver.messages.domain.unittest\bin\debug\net472\videoos.eventserver.messages.domain.unittest.dll" id="3f8e697f-c443-349a-ee0b-e81124da9774">
      <Execution id="c0738d2e-f9f9-421e-a585-8f686f75c45b" />
      <TestMethod codeBase="D:\actions-runner\_work\XPCO\XPCO\EventServer\Server\Components\Central\VideoOS.EventServer.Messages.Domain.UnitTest\bin\Debug\net472\VideoOS.EventServer.Messages.Domain.UnitTest.dll" adapterTypeName="executor://mstestadapter/v2" className="VideoOS.EventServer.Messages.Domain.UnitTest.Matchers.AsterixMatchersTests" name="Match_WhenMessageInDictionaryWithCountMoreThanZero_Success" />
    </UnitTest>
    <UnitTest name="RemoveFromIndex_Success" storage="d:\actions-runner\_work\xpco\xpco\eventserver\server\components\central\videoos.eventserver.messages.domain.unittest\bin\debug\net472\videoos.eventserver.messages.domain.unittest.dll" id="66ebb927-ffcf-f2ed-c8f8-518246ebf7fd">
      <Execution id="57ca08e4-190e-4e6c-a215-6a7098583fad" />
      <TestMethod codeBase="D:\actions-runner\_work\XPCO\XPCO\EventServer\Server\Components\Central\VideoOS.EventServer.Messages.Domain.UnitTest\bin\Debug\net472\VideoOS.EventServer.Messages.Domain.UnitTest.dll" adapterTypeName="executor://mstestadapter/v2" className="VideoOS.EventServer.Messages.Domain.UnitTest.Generators.AsterixMessageIndexGeneratorTests" name="RemoveFromIndex_Success" />
    </UnitTest>
    <UnitTest name="IsDataClassAllowed_KnownMessageWithDisallowedTypeInDataClass_ShouldReturnFalse" storage="d:\actions-runner\_work\xpco\xpco\eventserver\server\components\central\videoos.eventserver.messages.domain.unittest\bin\debug\net472\videoos.eventserver.messages.domain.unittest.dll" id="916107df-13be-b12b-df15-54b0cc700c4d">
      <Execution id="de459f3d-b4e9-4261-ab1f-8b3826d27fa1" />
      <TestMethod codeBase="D:\actions-runner\_work\XPCO\XPCO\EventServer\Server\Components\Central\VideoOS.EventServer.Messages.Domain.UnitTest\bin\Debug\net472\VideoOS.EventServer.Messages.Domain.UnitTest.dll" adapterTypeName="executor://mstestadapter/v2" className="VideoOS.EventServer.Messages.Domain.UnitTest.DataClassVerifierTests" name="IsDataClassAllowed_KnownMessageWithDisallowedTypeInDataClass_ShouldReturnFalse" />
    </UnitTest>
    <UnitTest name="RemoveFromIndex_Success" storage="d:\actions-runner\_work\xpco\xpco\eventserver\server\components\central\videoos.eventserver.messages.domain.unittest\bin\debug\net472\videoos.eventserver.messages.domain.unittest.dll" id="e980bdcf-5eda-c8e6-3b2b-f9876a3f1723">
      <Execution id="146d06e7-9048-454d-b09c-1569b29993d4" />
      <TestMethod codeBase="D:\actions-runner\_work\XPCO\XPCO\EventServer\Server\Components\Central\VideoOS.EventServer.Messages.Domain.UnitTest\bin\Debug\net472\VideoOS.EventServer.Messages.Domain.UnitTest.dll" adapterTypeName="executor://mstestadapter/v2" className="VideoOS.EventServer.Messages.Domain.UnitTest.Generators.StrictMessageIndexGeneratorTests" name="RemoveFromIndex_Success" />
    </UnitTest>
    <UnitTest name="TryAddFilter_IfNotFoundAppropriateIndexGenerator_Fail" storage="d:\actions-runner\_work\xpco\xpco\eventserver\server\components\central\videoos.eventserver.messages.domain.unittest\bin\debug\net472\videoos.eventserver.messages.domain.unittest.dll" id="8c99323a-b791-dc7b-008e-35009645804a">
      <Execution id="32bea4aa-b990-41da-99a0-ed8fc78a3f5d" />
      <TestMethod codeBase="D:\actions-runner\_work\XPCO\XPCO\EventServer\Server\Components\Central\VideoOS.EventServer.Messages.Domain.UnitTest\bin\Debug\net472\VideoOS.EventServer.Messages.Domain.UnitTest.dll" adapterTypeName="executor://mstestadapter/v2" className="VideoOS.EventServer.Messages.Domain.UnitTest.MessageIdFilterIndexTests" name="TryAddFilter_IfNotFoundAppropriateIndexGenerator_Fail" />
    </UnitTest>
    <UnitTest name="TryRemoveFilter_WhenExistsSuchFilter_Success" storage="d:\actions-runner\_work\xpco\xpco\eventserver\server\components\central\videoos.eventserver.messages.domain.unittest\bin\debug\net472\videoos.eventserver.messages.domain.unittest.dll" id="abf4a9c3-b4a2-bb50-9b30-09a3278ea52b">
      <Execution id="b27c4563-55f2-44c5-b277-e31f22318fd7" />
      <TestMethod codeBase="D:\actions-runner\_work\XPCO\XPCO\EventServer\Server\Components\Central\VideoOS.EventServer.Messages.Domain.UnitTest\bin\Debug\net472\VideoOS.EventServer.Messages.Domain.UnitTest.dll" adapterTypeName="executor://mstestadapter/v2" className="VideoOS.EventServer.Messages.Domain.UnitTest.MessageIdFilterIndexIntegrationTests" name="TryRemoveFilter_WhenExistsSuchFilter_Success" />
    </UnitTest>
    <UnitTest name="AddToIndex_Success" storage="d:\actions-runner\_work\xpco\xpco\eventserver\server\components\central\videoos.eventserver.messages.domain.unittest\bin\debug\net472\videoos.eventserver.messages.domain.unittest.dll" id="edab2c2d-f44e-6cc0-3f10-60796a996981">
      <Execution id="0aed51d1-d39d-4471-a935-b8a5dbb7936f" />
      <TestMethod codeBase="D:\actions-runner\_work\XPCO\XPCO\EventServer\Server\Components\Central\VideoOS.EventServer.Messages.Domain.UnitTest\bin\Debug\net472\VideoOS.EventServer.Messages.Domain.UnitTest.dll" adapterTypeName="executor://mstestadapter/v2" className="VideoOS.EventServer.Messages.Domain.UnitTest.Generators.AsterixMessageIndexGeneratorTests" name="AddToIndex_Success" />
    </UnitTest>
    <UnitTest name="TryAddFilter_IfFoundAppropriateSecondIndexGenerator_SuccessAndAddToIndex" storage="d:\actions-runner\_work\xpco\xpco\eventserver\server\components\central\videoos.eventserver.messages.domain.unittest\bin\debug\net472\videoos.eventserver.messages.domain.unittest.dll" id="6eec0dc7-fe14-847d-e115-78ed160605ed">
      <Execution id="b2f778f4-430f-41b3-81b9-1eb1b200e7a5" />
      <TestMethod codeBase="D:\actions-runner\_work\XPCO\XPCO\EventServer\Server\Components\Central\VideoOS.EventServer.Messages.Domain.UnitTest\bin\Debug\net472\VideoOS.EventServer.Messages.Domain.UnitTest.dll" adapterTypeName="executor://mstestadapter/v2" className="VideoOS.EventServer.Messages.Domain.UnitTest.MessageIdFilterIndexTests" name="TryAddFilter_IfFoundAppropriateSecondIndexGenerator_SuccessAndAddToIndex" />
    </UnitTest>
    <UnitTest name="IsDataClassAllowed_KnownMessageWithAllowedArrayInDataClass_ShouldReturnTrue" storage="d:\actions-runner\_work\xpco\xpco\eventserver\server\components\central\videoos.eventserver.messages.domain.unittest\bin\debug\net472\videoos.eventserver.messages.domain.unittest.dll" id="8f95f4e7-db2b-7d5d-8d7d-4722b98e8a5c">
      <Execution id="6f4a23d7-9d1a-4bc4-ae74-b28b8ad2a491" />
      <TestMethod codeBase="D:\actions-runner\_work\XPCO\XPCO\EventServer\Server\Components\Central\VideoOS.EventServer.Messages.Domain.UnitTest\bin\Debug\net472\VideoOS.EventServer.Messages.Domain.UnitTest.dll" adapterTypeName="executor://mstestadapter/v2" className="VideoOS.EventServer.Messages.Domain.UnitTest.DataClassVerifierTests" name="IsDataClassAllowed_KnownMessageWithAllowedArrayInDataClass_ShouldReturnTrue" />
    </UnitTest>
    <UnitTest name="Match_WhenMessageInDictionaryWithCountMoreThanZero_Success" storage="d:\actions-runner\_work\xpco\xpco\eventserver\server\components\central\videoos.eventserver.messages.domain.unittest\bin\debug\net472\videoos.eventserver.messages.domain.unittest.dll" id="8ed0a37f-0b2f-b660-e1af-3c18b84dd713">
      <Execution id="fa0ffa8f-6cf3-48cd-ae81-a6e7227a0390" />
      <TestMethod codeBase="D:\actions-runner\_work\XPCO\XPCO\EventServer\Server\Components\Central\VideoOS.EventServer.Messages.Domain.UnitTest\bin\Debug\net472\VideoOS.EventServer.Messages.Domain.UnitTest.dll" adapterTypeName="executor://mstestadapter/v2" className="VideoOS.EventServer.Messages.Domain.UnitTest.Matchers.StrictMatcherTests" name="Match_WhenMessageInDictionaryWithCountMoreThanZero_Success" />
    </UnitTest>
    <UnitTest name="IsDataClassAllowed_UnknownMessageWithNonAllowedDataClass_ShouldReturnFalse" storage="d:\actions-runner\_work\xpco\xpco\eventserver\server\components\central\videoos.eventserver.messages.domain.unittest\bin\debug\net472\videoos.eventserver.messages.domain.unittest.dll" id="8be7adfa-e4d4-8237-8d02-b630c1840675">
      <Execution id="6b4c2d25-d17a-4fa6-9b05-42c7c15493d4" />
      <TestMethod codeBase="D:\actions-runner\_work\XPCO\XPCO\EventServer\Server\Components\Central\VideoOS.EventServer.Messages.Domain.UnitTest\bin\Debug\net472\VideoOS.EventServer.Messages.Domain.UnitTest.dll" adapterTypeName="executor://mstestadapter/v2" className="VideoOS.EventServer.Messages.Domain.UnitTest.DataClassVerifierTests" name="IsDataClassAllowed_UnknownMessageWithNonAllowedDataClass_ShouldReturnFalse" />
    </UnitTest>
    <UnitTest name="TryAddFilter_MessageWithAsterixStart_Supported" storage="d:\actions-runner\_work\xpco\xpco\eventserver\server\components\central\videoos.eventserver.messages.domain.unittest\bin\debug\net472\videoos.eventserver.messages.domain.unittest.dll" id="c9ea0b24-01c9-21b8-17e3-8ca97ee4e524">
      <Execution id="35dc4404-52b7-40b2-9cc2-a18ac9722d83" />
      <TestMethod codeBase="D:\actions-runner\_work\XPCO\XPCO\EventServer\Server\Components\Central\VideoOS.EventServer.Messages.Domain.UnitTest\bin\Debug\net472\VideoOS.EventServer.Messages.Domain.UnitTest.dll" adapterTypeName="executor://mstestadapter/v2" className="VideoOS.EventServer.Messages.Domain.UnitTest.MessageIdFilterIndexIntegrationTests" name="TryAddFilter_MessageWithAsterixStart_Supported" />
    </UnitTest>
    <UnitTest name="IsDataClassAllowed_WithFalseCachedEntry_ShouldStillReturnFalse" storage="d:\actions-runner\_work\xpco\xpco\eventserver\server\components\central\videoos.eventserver.messages.domain.unittest\bin\debug\net472\videoos.eventserver.messages.domain.unittest.dll" id="3dfa2096-0145-d292-39a4-62c134bf36cf">
      <Execution id="9f3b6d3f-613a-4a33-8df2-7dc58d125e79" />
      <TestMethod codeBase="D:\actions-runner\_work\XPCO\XPCO\EventServer\Server\Components\Central\VideoOS.EventServer.Messages.Domain.UnitTest\bin\Debug\net472\VideoOS.EventServer.Messages.Domain.UnitTest.dll" adapterTypeName="executor://mstestadapter/v2" className="VideoOS.EventServer.Messages.Domain.UnitTest.DataClassVerifierTests" name="IsDataClassAllowed_WithFalseCachedEntry_ShouldStillReturnFalse" />
    </UnitTest>
    <UnitTest name="IsAppropriate_WhenEndPointNotNull_Fail" storage="d:\actions-runner\_work\xpco\xpco\eventserver\server\components\central\videoos.eventserver.messages.domain.unittest\bin\debug\net472\videoos.eventserver.messages.domain.unittest.dll" id="4ec490c5-6a2e-bdcb-adbe-d64333cea10f">
      <Execution id="b03562e9-2bbe-4959-bd7e-367d046f5469" />
      <TestMethod codeBase="D:\actions-runner\_work\XPCO\XPCO\EventServer\Server\Components\Central\VideoOS.EventServer.Messages.Domain.UnitTest\bin\Debug\net472\VideoOS.EventServer.Messages.Domain.UnitTest.dll" adapterTypeName="executor://mstestadapter/v2" className="VideoOS.EventServer.Messages.Domain.UnitTest.Generators.AsterixMessageIndexGeneratorTests" name="IsAppropriate_WhenEndPointNotNull_Fail" />
    </UnitTest>
    <UnitTest name="MessageBroker_ReturnsEvents_WhenAuthorized" storage="d:\actions-runner\_work\xpco\xpco\eventserver\server\components\central\videoos.eventserver.messages.domain.unittest\bin\debug\net472\videoos.eventserver.messages.domain.unittest.dll" id="38dded71-b366-328f-7baf-ca7548bee4e2">
      <Execution id="4dae0c6d-7fd3-4355-b129-cc79fe5910e7" />
      <TestMethod codeBase="D:\actions-runner\_work\XPCO\XPCO\EventServer\Server\Components\Central\VideoOS.EventServer.Messages.Domain.UnitTest\bin\Debug\net472\VideoOS.EventServer.Messages.Domain.UnitTest.dll" adapterTypeName="executor://mstestadapter/v2" className="VideoOS.EventServer.Messages.Domain.UnitTest.MessageBrokerTests" name="MessageBroker_ReturnsEvents_WhenAuthorized" />
    </UnitTest>
    <UnitTest name="Match_WhenMessageInDictionaryWithCountZero_Fail" storage="d:\actions-runner\_work\xpco\xpco\eventserver\server\components\central\videoos.eventserver.messages.domain.unittest\bin\debug\net472\videoos.eventserver.messages.domain.unittest.dll" id="5f7737ec-307e-eb82-047d-4b86b201c4a0">
      <Execution id="d628c31f-2423-4fd7-8f83-1715a8f681b3" />
      <TestMethod codeBase="D:\actions-runner\_work\XPCO\XPCO\EventServer\Server\Components\Central\VideoOS.EventServer.Messages.Domain.UnitTest\bin\Debug\net472\VideoOS.EventServer.Messages.Domain.UnitTest.dll" adapterTypeName="executor://mstestadapter/v2" className="VideoOS.EventServer.Messages.Domain.UnitTest.Matchers.AsterixMatchersTests" name="Match_WhenMessageInDictionaryWithCountZero_Fail" />
    </UnitTest>
    <UnitTest name="IsAppropriate_WhenEndPointNotNull_Fail" storage="d:\actions-runner\_work\xpco\xpco\eventserver\server\components\central\videoos.eventserver.messages.domain.unittest\bin\debug\net472\videoos.eventserver.messages.domain.unittest.dll" id="3c1cda84-46ca-8515-43c2-6ded231e4edd">
      <Execution id="1d8507f8-aa9b-4c1d-8866-e97d54184703" />
      <TestMethod codeBase="D:\actions-runner\_work\XPCO\XPCO\EventServer\Server\Components\Central\VideoOS.EventServer.Messages.Domain.UnitTest\bin\Debug\net472\VideoOS.EventServer.Messages.Domain.UnitTest.dll" adapterTypeName="executor://mstestadapter/v2" className="VideoOS.EventServer.Messages.Domain.UnitTest.Generators.StrictMessageIndexGeneratorTests" name="IsAppropriate_WhenEndPointNotNull_Fail" />
    </UnitTest>
    <UnitTest name="TryAddFilter_MatchMessageIdExactly_Supported" storage="d:\actions-runner\_work\xpco\xpco\eventserver\server\components\central\videoos.eventserver.messages.domain.unittest\bin\debug\net472\videoos.eventserver.messages.domain.unittest.dll" id="e6c8519d-54ac-dfdc-945d-9f4f599b2ab1">
      <Execution id="9a2ea237-8f2f-4370-8b2c-09ac638f6378" />
      <TestMethod codeBase="D:\actions-runner\_work\XPCO\XPCO\EventServer\Server\Components\Central\VideoOS.EventServer.Messages.Domain.UnitTest\bin\Debug\net472\VideoOS.EventServer.Messages.Domain.UnitTest.dll" adapterTypeName="executor://mstestadapter/v2" className="VideoOS.EventServer.Messages.Domain.UnitTest.MessageIdFilterIndexIntegrationTests" name="TryAddFilter_MatchMessageIdExactly_Supported" />
    </UnitTest>
    <UnitTest name="IsDataClassAllowed_KnownMessageWithAllowedEmptyDataClass_ShouldReturnTrue" storage="d:\actions-runner\_work\xpco\xpco\eventserver\server\components\central\videoos.eventserver.messages.domain.unittest\bin\debug\net472\videoos.eventserver.messages.domain.unittest.dll" id="a626b8b6-8380-5bb4-43cf-9d4641816a03">
      <Execution id="75b522de-ef51-4e67-bf6a-a78bedfe46a1" />
      <TestMethod codeBase="D:\actions-runner\_work\XPCO\XPCO\EventServer\Server\Components\Central\VideoOS.EventServer.Messages.Domain.UnitTest\bin\Debug\net472\VideoOS.EventServer.Messages.Domain.UnitTest.dll" adapterTypeName="executor://mstestadapter/v2" className="VideoOS.EventServer.Messages.Domain.UnitTest.DataClassVerifierTests" name="IsDataClassAllowed_KnownMessageWithAllowedEmptyDataClass_ShouldReturnTrue" />
    </UnitTest>
    <UnitTest name="IsAppropriate_WhenStrictMessage_Fail" storage="d:\actions-runner\_work\xpco\xpco\eventserver\server\components\central\videoos.eventserver.messages.domain.unittest\bin\debug\net472\videoos.eventserver.messages.domain.unittest.dll" id="d3757924-78e3-cd0d-7136-c3ae781fd5ef">
      <Execution id="a9124aac-e49f-4ed5-8727-3455bfbf60d3" />
      <TestMethod codeBase="D:\actions-runner\_work\XPCO\XPCO\EventServer\Server\Components\Central\VideoOS.EventServer.Messages.Domain.UnitTest\bin\Debug\net472\VideoOS.EventServer.Messages.Domain.UnitTest.dll" adapterTypeName="executor://mstestadapter/v2" className="VideoOS.EventServer.Messages.Domain.UnitTest.Generators.AsterixMessageIndexGeneratorTests" name="IsAppropriate_WhenStrictMessage_Fail" />
    </UnitTest>
    <UnitTest name="MessageBroker_NotThrows_WhenTransmittingNotAuthorized" storage="d:\actions-runner\_work\xpco\xpco\eventserver\server\components\central\videoos.eventserver.messages.domain.unittest\bin\debug\net472\videoos.eventserver.messages.domain.unittest.dll" id="cb28644d-de0f-e51b-d21e-58fb856dcfa7">
      <Execution id="2c1db908-f838-4606-bba9-f696f145730a" />
      <TestMethod codeBase="D:\actions-runner\_work\XPCO\XPCO\EventServer\Server\Components\Central\VideoOS.EventServer.Messages.Domain.UnitTest\bin\Debug\net472\VideoOS.EventServer.Messages.Domain.UnitTest.dll" adapterTypeName="executor://mstestadapter/v2" className="VideoOS.EventServer.Messages.Domain.UnitTest.MessageBrokerTests" name="MessageBroker_NotThrows_WhenTransmittingNotAuthorized" />
    </UnitTest>
    <UnitTest name="IsAppropriate_WhenMessageIdPresentAnySourceNoEventHeaderAndNoAsterix_Success" storage="d:\actions-runner\_work\xpco\xpco\eventserver\server\components\central\videoos.eventserver.messages.domain.unittest\bin\debug\net472\videoos.eventserver.messages.domain.unittest.dll" id="fc8e8eed-81fc-c75b-afc7-3f5cc7ebcb35">
      <Execution id="20a5f73c-8adc-4d91-80c6-8905ad2ceaea" />
      <TestMethod codeBase="D:\actions-runner\_work\XPCO\XPCO\EventServer\Server\Components\Central\VideoOS.EventServer.Messages.Domain.UnitTest\bin\Debug\net472\VideoOS.EventServer.Messages.Domain.UnitTest.dll" adapterTypeName="executor://mstestadapter/v2" className="VideoOS.EventServer.Messages.Domain.UnitTest.Generators.StrictMessageIndexGeneratorTests" name="IsAppropriate_WhenMessageIdPresentAnySourceNoEventHeaderAndNoAsterix_Success" />
    </UnitTest>
    <UnitTest name="IsDataClassAllowed_UnknownMessageWithNonAllowedInsideCollectionDataClass_ShouldReturnFalse" storage="d:\actions-runner\_work\xpco\xpco\eventserver\server\components\central\videoos.eventserver.messages.domain.unittest\bin\debug\net472\videoos.eventserver.messages.domain.unittest.dll" id="9e3b9795-58f0-47f8-57cf-570c3699eab6">
      <Execution id="bef8c7f8-5b71-4d85-9bbc-c7d9c7d33226" />
      <TestMethod codeBase="D:\actions-runner\_work\XPCO\XPCO\EventServer\Server\Components\Central\VideoOS.EventServer.Messages.Domain.UnitTest\bin\Debug\net472\VideoOS.EventServer.Messages.Domain.UnitTest.dll" adapterTypeName="executor://mstestadapter/v2" className="VideoOS.EventServer.Messages.Domain.UnitTest.DataClassVerifierTests" name="IsDataClassAllowed_UnknownMessageWithNonAllowedInsideCollectionDataClass_ShouldReturnFalse" />
    </UnitTest>
    <UnitTest name="IsDataClassAllowed_UnknownMessageWithComplexCollectionDataClass_ShouldReturnTrue" storage="d:\actions-runner\_work\xpco\xpco\eventserver\server\components\central\videoos.eventserver.messages.domain.unittest\bin\debug\net472\videoos.eventserver.messages.domain.unittest.dll" id="18414f91-0fb3-aec1-061c-cfcd8a3af089">
      <Execution id="fd3cfddd-7346-43d5-ba19-6766d9fbbc19" />
      <TestMethod codeBase="D:\actions-runner\_work\XPCO\XPCO\EventServer\Server\Components\Central\VideoOS.EventServer.Messages.Domain.UnitTest\bin\Debug\net472\VideoOS.EventServer.Messages.Domain.UnitTest.dll" adapterTypeName="executor://mstestadapter/v2" className="VideoOS.EventServer.Messages.Domain.UnitTest.DataClassVerifierTests" name="IsDataClassAllowed_UnknownMessageWithComplexCollectionDataClass_ShouldReturnTrue" />
    </UnitTest>
    <UnitTest name="TryRemoveFilter_IfFoundAppropriateSecondIndexGenerator_SuccessAndRemoveFromIndex" storage="d:\actions-runner\_work\xpco\xpco\eventserver\server\components\central\videoos.eventserver.messages.domain.unittest\bin\debug\net472\videoos.eventserver.messages.domain.unittest.dll" id="7f6ab09a-e83e-7cf2-5641-4fb72155528b">
      <Execution id="7347b597-6829-4db3-9dcc-9972cb7cfc48" />
      <TestMethod codeBase="D:\actions-runner\_work\XPCO\XPCO\EventServer\Server\Components\Central\VideoOS.EventServer.Messages.Domain.UnitTest\bin\Debug\net472\VideoOS.EventServer.Messages.Domain.UnitTest.dll" adapterTypeName="executor://mstestadapter/v2" className="VideoOS.EventServer.Messages.Domain.UnitTest.MessageIdFilterIndexTests" name="TryRemoveFilter_IfFoundAppropriateSecondIndexGenerator_SuccessAndRemoveFromIndex" />
    </UnitTest>
    <UnitTest name="TryRemoveFilter_WhenThereWas2SuchFilters_StillMatches" storage="d:\actions-runner\_work\xpco\xpco\eventserver\server\components\central\videoos.eventserver.messages.domain.unittest\bin\debug\net472\videoos.eventserver.messages.domain.unittest.dll" id="5be1ba42-b198-637f-b732-382887979f6b">
      <Execution id="78352007-c58c-4613-bb47-64284faa4272" />
      <TestMethod codeBase="D:\actions-runner\_work\XPCO\XPCO\EventServer\Server\Components\Central\VideoOS.EventServer.Messages.Domain.UnitTest\bin\Debug\net472\VideoOS.EventServer.Messages.Domain.UnitTest.dll" adapterTypeName="executor://mstestadapter/v2" className="VideoOS.EventServer.Messages.Domain.UnitTest.MessageIdFilterIndexIntegrationTests" name="TryRemoveFilter_WhenThereWas2SuchFilters_StillMatches" />
    </UnitTest>
    <UnitTest name="TryRemoveFilter_IfNotExists_Fail" storage="d:\actions-runner\_work\xpco\xpco\eventserver\server\components\central\videoos.eventserver.messages.domain.unittest\bin\debug\net472\videoos.eventserver.messages.domain.unittest.dll" id="0d7cc8a7-1aef-b9a3-0af6-922bc8e56cb8">
      <Execution id="c57bc3d3-58be-421c-a977-2ace1e2da2f8" />
      <TestMethod codeBase="D:\actions-runner\_work\XPCO\XPCO\EventServer\Server\Components\Central\VideoOS.EventServer.Messages.Domain.UnitTest\bin\Debug\net472\VideoOS.EventServer.Messages.Domain.UnitTest.dll" adapterTypeName="executor://mstestadapter/v2" className="VideoOS.EventServer.Messages.Domain.UnitTest.MessageIdFilterIndexTests" name="TryRemoveFilter_IfNotExists_Fail" />
    </UnitTest>
    <UnitTest name="IsDataClassAllowed_UnknownMessageWithSimpleCollectionDataClass_ShouldReturnTrue" storage="d:\actions-runner\_work\xpco\xpco\eventserver\server\components\central\videoos.eventserver.messages.domain.unittest\bin\debug\net472\videoos.eventserver.messages.domain.unittest.dll" id="7bd1db47-c291-292b-6dc3-c83f17351900">
      <Execution id="cb046778-79fd-4bfe-8b70-71215d687ca2" />
      <TestMethod codeBase="D:\actions-runner\_work\XPCO\XPCO\EventServer\Server\Components\Central\VideoOS.EventServer.Messages.Domain.UnitTest\bin\Debug\net472\VideoOS.EventServer.Messages.Domain.UnitTest.dll" adapterTypeName="executor://mstestadapter/v2" className="VideoOS.EventServer.Messages.Domain.UnitTest.DataClassVerifierTests" name="IsDataClassAllowed_UnknownMessageWithSimpleCollectionDataClass_ShouldReturnTrue" />
    </UnitTest>
    <UnitTest name="MessageBroker_Throws_WhenTransmittingNotAuthorized" storage="d:\actions-runner\_work\xpco\xpco\eventserver\server\components\central\videoos.eventserver.messages.domain.unittest\bin\debug\net472\videoos.eventserver.messages.domain.unittest.dll" id="c7bd77e3-5d4e-55d4-d71d-9ce7192fbc66">
      <Execution id="9c038038-6b88-43d6-a291-eb2af8f50562" />
      <TestMethod codeBase="D:\actions-runner\_work\XPCO\XPCO\EventServer\Server\Components\Central\VideoOS.EventServer.Messages.Domain.UnitTest\bin\Debug\net472\VideoOS.EventServer.Messages.Domain.UnitTest.dll" adapterTypeName="executor://mstestadapter/v2" className="VideoOS.EventServer.Messages.Domain.UnitTest.MessageBrokerTests" name="MessageBroker_Throws_WhenTransmittingNotAuthorized" />
    </UnitTest>
    <UnitTest name="IsDataClassAllowed_WithCachedEntry_ShouldStillReturnTrue" storage="d:\actions-runner\_work\xpco\xpco\eventserver\server\components\central\videoos.eventserver.messages.domain.unittest\bin\debug\net472\videoos.eventserver.messages.domain.unittest.dll" id="42e87207-0403-8564-0033-ecdf029451b4">
      <Execution id="038ccef0-5971-47c2-8098-8df8932bd84d" />
      <TestMethod codeBase="D:\actions-runner\_work\XPCO\XPCO\EventServer\Server\Components\Central\VideoOS.EventServer.Messages.Domain.UnitTest\bin\Debug\net472\VideoOS.EventServer.Messages.Domain.UnitTest.dll" adapterTypeName="executor://mstestadapter/v2" className="VideoOS.EventServer.Messages.Domain.UnitTest.DataClassVerifierTests" name="IsDataClassAllowed_WithCachedEntry_ShouldStillReturnTrue" />
    </UnitTest>
    <UnitTest name="TryIsMatch_WhenSupportedAsterixEndMessage_Success" storage="d:\actions-runner\_work\xpco\xpco\eventserver\server\components\central\videoos.eventserver.messages.domain.unittest\bin\debug\net472\videoos.eventserver.messages.domain.unittest.dll" id="3ec67596-4bb4-33eb-05ab-85a3a29dbb26">
      <Execution id="fd0062eb-832d-42d4-98ea-5399b70950e0" />
      <TestMethod codeBase="D:\actions-runner\_work\XPCO\XPCO\EventServer\Server\Components\Central\VideoOS.EventServer.Messages.Domain.UnitTest\bin\Debug\net472\VideoOS.EventServer.Messages.Domain.UnitTest.dll" adapterTypeName="executor://mstestadapter/v2" className="VideoOS.EventServer.Messages.Domain.UnitTest.MessageIdFilterIndexIntegrationTests" name="TryIsMatch_WhenSupportedAsterixEndMessage_Success" />
    </UnitTest>
  </TestDefinitions>
  <TestEntries>
    <TestEntry testId="5f7737ec-307e-eb82-047d-4b86b201c4a0" executionId="d628c31f-2423-4fd7-8f83-1715a8f681b3" testListId="8c84fa94-04c1-424b-9868-57a2d4851a1d" />
    <TestEntry testId="0d7cc8a7-1aef-b9a3-0af6-922bc8e56cb8" executionId="c57bc3d3-58be-421c-a977-2ace1e2da2f8" testListId="8c84fa94-04c1-424b-9868-57a2d4851a1d" />
    <TestEntry testId="4ec490c5-6a2e-bdcb-adbe-d64333cea10f" executionId="b03562e9-2bbe-4959-bd7e-367d046f5469" testListId="8c84fa94-04c1-424b-9868-57a2d4851a1d" />
    <TestEntry testId="8f95f4e7-db2b-7d5d-8d7d-4722b98e8a5c" executionId="6f4a23d7-9d1a-4bc4-ae74-b28b8ad2a491" testListId="8c84fa94-04c1-424b-9868-57a2d4851a1d" />
    <TestEntry testId="c9ea0b24-01c9-21b8-17e3-8ca97ee4e524" executionId="35dc4404-52b7-40b2-9cc2-a18ac9722d83" testListId="8c84fa94-04c1-424b-9868-57a2d4851a1d" />
    <TestEntry testId="3c6c6aaf-b123-e657-6247-95b2b09a211e" executionId="a8efc6ec-7a58-49ac-87b0-1a25e717e1d5" testListId="8c84fa94-04c1-424b-9868-57a2d4851a1d" />
    <TestEntry testId="c2027d7d-f11f-14b9-2ce8-a53086bd7e7c" executionId="4c62d0f7-aaa3-47e2-be64-95477f4d5593" testListId="8c84fa94-04c1-424b-9868-57a2d4851a1d" />
    <TestEntry testId="66ebb927-ffcf-f2ed-c8f8-518246ebf7fd" executionId="57ca08e4-190e-4e6c-a215-6a7098583fad" testListId="8c84fa94-04c1-424b-9868-57a2d4851a1d" />
    <TestEntry testId="38dded71-b366-328f-7baf-ca7548bee4e2" executionId="4dae0c6d-7fd3-4355-b129-cc79fe5910e7" testListId="8c84fa94-04c1-424b-9868-57a2d4851a1d" />
    <TestEntry testId="6d97b1d0-806a-7f7f-8a77-f1cd0edae0e2" executionId="14991f40-ed18-4706-9303-0e413153bafd" testListId="8c84fa94-04c1-424b-9868-57a2d4851a1d" />
    <TestEntry testId="42a1fab2-5dcf-99fb-ce43-aefb53ad015f" executionId="ab975f87-a318-434d-a0a2-eb049169624d" testListId="8c84fa94-04c1-424b-9868-57a2d4851a1d" />
    <TestEntry testId="e6d98596-eea3-d246-18c5-5488e2501730" executionId="6eed7fda-c77f-4124-b944-39f5175ede67" testListId="8c84fa94-04c1-424b-9868-57a2d4851a1d" />
    <TestEntry testId="2adde89d-6ae1-848f-3564-1770308b9165" executionId="d6afc3f2-707d-47da-bf8b-2107ce9818d3" testListId="8c84fa94-04c1-424b-9868-57a2d4851a1d" />
    <TestEntry testId="8be7adfa-e4d4-8237-8d02-b630c1840675" executionId="6b4c2d25-d17a-4fa6-9b05-42c7c15493d4" testListId="8c84fa94-04c1-424b-9868-57a2d4851a1d" />
    <TestEntry testId="74b42e1b-c363-bb8b-5f39-b06c2eb52ee7" executionId="e8b9c34c-98bc-4143-92e3-4dbce4be3f92" testListId="8c84fa94-04c1-424b-9868-57a2d4851a1d" />
    <TestEntry testId="9e3b9795-58f0-47f8-57cf-570c3699eab6" executionId="bef8c7f8-5b71-4d85-9bbc-c7d9c7d33226" testListId="8c84fa94-04c1-424b-9868-57a2d4851a1d" />
    <TestEntry testId="c7bd77e3-5d4e-55d4-d71d-9ce7192fbc66" executionId="9c038038-6b88-43d6-a291-eb2af8f50562" testListId="8c84fa94-04c1-424b-9868-57a2d4851a1d" />
    <TestEntry testId="5be1ba42-b198-637f-b732-382887979f6b" executionId="78352007-c58c-4613-bb47-64284faa4272" testListId="8c84fa94-04c1-424b-9868-57a2d4851a1d" />
    <TestEntry testId="3f8e697f-c443-349a-ee0b-e81124da9774" executionId="c0738d2e-f9f9-421e-a585-8f686f75c45b" testListId="8c84fa94-04c1-424b-9868-57a2d4851a1d" />
    <TestEntry testId="7f6ab09a-e83e-7cf2-5641-4fb72155528b" executionId="7347b597-6829-4db3-9dcc-9972cb7cfc48" testListId="8c84fa94-04c1-424b-9868-57a2d4851a1d" />
    <TestEntry testId="7bd1db47-c291-292b-6dc3-c83f17351900" executionId="cb046778-79fd-4bfe-8b70-71215d687ca2" testListId="8c84fa94-04c1-424b-9868-57a2d4851a1d" />
    <TestEntry testId="3ec67596-4bb4-33eb-05ab-85a3a29dbb26" executionId="fd0062eb-832d-42d4-98ea-5399b70950e0" testListId="8c84fa94-04c1-424b-9868-57a2d4851a1d" />
    <TestEntry testId="4c8cf4a4-74f6-fe0e-325e-53157afe4b89" executionId="a0cdf729-1d19-4b84-baa8-0936c55fc532" testListId="8c84fa94-04c1-424b-9868-57a2d4851a1d" />
    <TestEntry testId="abf4a9c3-b4a2-bb50-9b30-09a3278ea52b" executionId="b27c4563-55f2-44c5-b277-e31f22318fd7" testListId="8c84fa94-04c1-424b-9868-57a2d4851a1d" />
    <TestEntry testId="9291b085-7d5d-7b2c-58f1-87e09b641a41" executionId="2ee086f6-0170-454e-a4db-d4605aa72a97" testListId="8c84fa94-04c1-424b-9868-57a2d4851a1d" />
    <TestEntry testId="3c1cda84-46ca-8515-43c2-6ded231e4edd" executionId="1d8507f8-aa9b-4c1d-8866-e97d54184703" testListId="8c84fa94-04c1-424b-9868-57a2d4851a1d" />
    <TestEntry testId="6f75e36e-4a39-6a27-afb4-a6259deb4209" executionId="81b91471-a993-40e1-8432-b147d1e78f8e" testListId="8c84fa94-04c1-424b-9868-57a2d4851a1d" />
    <TestEntry testId="d3757924-78e3-cd0d-7136-c3ae781fd5ef" executionId="a9124aac-e49f-4ed5-8727-3455bfbf60d3" testListId="8c84fa94-04c1-424b-9868-57a2d4851a1d" />
    <TestEntry testId="9f307a7c-c162-0362-7879-a5564cdd2b9a" executionId="7b5e1c3b-416e-472c-83b0-d87b939e2ac5" testListId="8c84fa94-04c1-424b-9868-57a2d4851a1d" />
    <TestEntry testId="fc8e8eed-81fc-c75b-afc7-3f5cc7ebcb35" executionId="20a5f73c-8adc-4d91-80c6-8905ad2ceaea" testListId="8c84fa94-04c1-424b-9868-57a2d4851a1d" />
    <TestEntry testId="e6c8519d-54ac-dfdc-945d-9f4f599b2ab1" executionId="9a2ea237-8f2f-4370-8b2c-09ac638f6378" testListId="8c84fa94-04c1-424b-9868-57a2d4851a1d" />
    <TestEntry testId="198a1914-b262-0eef-fa2b-34256d357d00" executionId="20323061-2efa-4aab-bda0-b31f86b4fcc5" testListId="8c84fa94-04c1-424b-9868-57a2d4851a1d" />
    <TestEntry testId="916107df-13be-b12b-df15-54b0cc700c4d" executionId="de459f3d-b4e9-4261-ab1f-8b3826d27fa1" testListId="8c84fa94-04c1-424b-9868-57a2d4851a1d" />
    <TestEntry testId="3dfa2096-0145-d292-39a4-62c134bf36cf" executionId="9f3b6d3f-613a-4a33-8df2-7dc58d125e79" testListId="8c84fa94-04c1-424b-9868-57a2d4851a1d" />
    <TestEntry testId="edab2c2d-f44e-6cc0-3f10-60796a996981" executionId="0aed51d1-d39d-4471-a935-b8a5dbb7936f" testListId="8c84fa94-04c1-424b-9868-57a2d4851a1d" />
    <TestEntry testId="d949d46b-5147-8e98-77e8-a21905fdbfb8" executionId="aa2b4203-4c72-4053-81c1-84c6812cfe50" testListId="8c84fa94-04c1-424b-9868-57a2d4851a1d" />
    <TestEntry testId="b41ea076-b32e-377a-f1c1-4a4b33c8d881" executionId="a40c0584-b149-4b7a-8860-58b659268a48" testListId="8c84fa94-04c1-424b-9868-57a2d4851a1d" />
    <TestEntry testId="b7c8b9d0-2cda-9dd4-c151-ebae2a056cd3" executionId="29371e43-6b9b-4e78-ba3d-fa0a36a59230" testListId="8c84fa94-04c1-424b-9868-57a2d4851a1d" />
    <TestEntry testId="a626b8b6-8380-5bb4-43cf-9d4641816a03" executionId="75b522de-ef51-4e67-bf6a-a78bedfe46a1" testListId="8c84fa94-04c1-424b-9868-57a2d4851a1d" />
    <TestEntry testId="6eec0dc7-fe14-847d-e115-78ed160605ed" executionId="b2f778f4-430f-41b3-81b9-1eb1b200e7a5" testListId="8c84fa94-04c1-424b-9868-57a2d4851a1d" />
    <TestEntry testId="8f7dedfe-c967-e6a1-428b-2ddd4af1bfa8" executionId="8a1f7267-d774-493d-aa46-aba214e61469" testListId="8c84fa94-04c1-424b-9868-57a2d4851a1d" />
    <TestEntry testId="cf9150b8-65e9-b7c9-4f95-19c402d58f79" executionId="ccf90af2-dfa1-4481-808a-265143f02389" testListId="8c84fa94-04c1-424b-9868-57a2d4851a1d" />
    <TestEntry testId="c8a1d0a5-bf23-85ba-7378-68916f899c45" executionId="b6272833-da16-4825-9e45-a3909844f6be" testListId="8c84fa94-04c1-424b-9868-57a2d4851a1d" />
    <TestEntry testId="5b00a042-1d1f-6801-eabd-1cc024691d2c" executionId="4fcb22d2-7160-4683-a619-eaaef0bd9b5d" testListId="8c84fa94-04c1-424b-9868-57a2d4851a1d" />
    <TestEntry testId="2c883b50-1f2d-94ed-710e-5a2439ad52ed" executionId="a2099c52-52c6-4fc8-9beb-b7df04a26305" testListId="8c84fa94-04c1-424b-9868-57a2d4851a1d" />
    <TestEntry testId="8a4ae8fd-6ddb-0b2f-405d-e384341f5652" executionId="0fb35da8-a819-42f1-95bd-cea862d8e293" testListId="8c84fa94-04c1-424b-9868-57a2d4851a1d" />
    <TestEntry testId="cb28644d-de0f-e51b-d21e-58fb856dcfa7" executionId="2c1db908-f838-4606-bba9-f696f145730a" testListId="8c84fa94-04c1-424b-9868-57a2d4851a1d" />
    <TestEntry testId="34fe41f2-1d6b-ddee-0512-893db0843e94" executionId="82e6ea61-d2a5-4d80-993f-8c8b9db837ad" testListId="8c84fa94-04c1-424b-9868-57a2d4851a1d" />
    <TestEntry testId="42e87207-0403-8564-0033-ecdf029451b4" executionId="038ccef0-5971-47c2-8098-8df8932bd84d" testListId="8c84fa94-04c1-424b-9868-57a2d4851a1d" />
    <TestEntry testId="21bba085-2b1b-5566-9716-6797626dfb64" executionId="b323291f-df3e-429c-a8ad-bc4b704d6a72" testListId="8c84fa94-04c1-424b-9868-57a2d4851a1d" />
    <TestEntry testId="f56fadaf-d4a0-5e41-f17c-59007a2d81b0" executionId="ccdc77b0-6738-472c-80c2-6e901c44c53c" testListId="8c84fa94-04c1-424b-9868-57a2d4851a1d" />
    <TestEntry testId="8ed0a37f-0b2f-b660-e1af-3c18b84dd713" executionId="fa0ffa8f-6cf3-48cd-ae81-a6e7227a0390" testListId="8c84fa94-04c1-424b-9868-57a2d4851a1d" />
    <TestEntry testId="d0fcb0f3-b750-3b5e-a94f-90d9c846ee3f" executionId="ecfe1b22-a44c-443c-b9d9-1be65b02cb46" testListId="8c84fa94-04c1-424b-9868-57a2d4851a1d" />
    <TestEntry testId="032c33a4-1179-d47c-ea02-d13026e04f93" executionId="4d15845e-644e-46c5-8f24-16af97255810" testListId="8c84fa94-04c1-424b-9868-57a2d4851a1d" />
    <TestEntry testId="18db568e-7d86-0287-9408-86b43e7edd41" executionId="bbd4015c-90f8-425d-8c91-b38352a050b1" testListId="8c84fa94-04c1-424b-9868-57a2d4851a1d" />
    <TestEntry testId="28eda3ef-5150-89a2-2188-4e006994e2d1" executionId="2fe1b64f-625b-4cd3-8c61-69bb716049ae" testListId="8c84fa94-04c1-424b-9868-57a2d4851a1d" />
    <TestEntry testId="18414f91-0fb3-aec1-061c-cfcd8a3af089" executionId="fd3cfddd-7346-43d5-ba19-6766d9fbbc19" testListId="8c84fa94-04c1-424b-9868-57a2d4851a1d" />
    <TestEntry testId="e980bdcf-5eda-c8e6-3b2b-f9876a3f1723" executionId="146d06e7-9048-454d-b09c-1569b29993d4" testListId="8c84fa94-04c1-424b-9868-57a2d4851a1d" />
    <TestEntry testId="8c99323a-b791-dc7b-008e-35009645804a" executionId="32bea4aa-b990-41da-99a0-ed8fc78a3f5d" testListId="8c84fa94-04c1-424b-9868-57a2d4851a1d" />
  </TestEntries>
  <TestLists>
    <TestList name="Results Not in a List" id="8c84fa94-04c1-424b-9868-57a2d4851a1d" />
    <TestList name="All Loaded Results" id="19431567-8539-422a-85d7-44ee4e166bda" />
  </TestLists>
  <ResultSummary outcome="Completed">
    <Counters total="59" executed="59" passed="59" failed="0" error="0" timeout="0" aborted="0" inconclusive="0" passedButRunAborted="0" notRunnable="0" notExecuted="0" disconnected="0" warning="0" completed="0" inProgress="0" pending="0" />
  </ResultSummary>
</TestRun>