<?xml version="1.0" encoding="utf-8"?>
<TestRun id="3f8e4453-948d-4065-b1eb-ee2a7f826072" name="DKSR-EFI-06$@DKSR-EFI-06 2024-01-09 15:41:37" runUser="NT AUTHORITY\NETWORK SERVICE" xmlns="http://microsoft.com/schemas/VisualStudio/TeamTest/2010">
  <Times creation="2024-01-09T15:41:37.9351192+01:00" queuing="2024-01-09T15:41:37.9351192+01:00" start="2024-01-09T15:41:29.8881924+01:00" finish="2024-01-09T15:41:37.9819953+01:00" />
  <TestSettings name="default" id="ef554ac9-13b8-4690-a84c-9f83fdd2ed17">
    <Deployment runDeploymentRoot="DKSR-EFI-06$_DKSR-EFI-06_2024-01-09_15_41_37" />
  </TestSettings>
  <Results>
    <UnitTestResult executionId="1ddd9fea-dca5-42e1-a194-3d2023f27e03" testId="a505468e-f359-5447-b49d-0eebc09b8b0f" testName="Test_CreateFailoverErrorStatePerformanceCounter" computerName="DKSR-EFI-06" duration="00:00:00.0010714" startTime="2024-01-09T15:41:37.4663672+01:00" endTime="2024-01-09T15:41:37.4663672+01:00" testType="13cdc9d9-ddb5-4fa4-a97d-d965ccfc6d4b" outcome="Passed" testListId="8c84fa94-04c1-424b-9868-57a2d4851a1d" relativeResultsDirectory="1ddd9fea-dca5-42e1-a194-3d2023f27e03" />
    <UnitTestResult executionId="fe252814-a2f2-4b8c-ab78-cb7a85941b4f" testId="0ffc2386-f290-29d7-a185-7da8cb021074" testName="Test_CreateFailoverStartedCounter" computerName="DKSR-EFI-06" duration="00:00:00.0138152" startTime="2024-01-09T15:41:36.9976180+01:00" endTime="2024-01-09T15:41:37.4038681+01:00" testType="13cdc9d9-ddb5-4fa4-a97d-d965ccfc6d4b" outcome="Passed" testListId="8c84fa94-04c1-424b-9868-57a2d4851a1d" relativeResultsDirectory="fe252814-a2f2-4b8c-ab78-cb7a85941b4f" />
  </Results>
  <TestDefinitions>
    <UnitTest name="Test_CreateFailoverErrorStatePerformanceCounter" storage="d:\actions-runner\_work\xpco\xpco\corporate\recordingserver\failoverservice\tst\videoos.recorder.failover.service.unittests\bin\x64\debug\net472\videoos.recorder.failover.service.unittests.dll" id="a505468e-f359-5447-b49d-0eebc09b8b0f">
      <Execution id="1ddd9fea-dca5-42e1-a194-3d2023f27e03" />
      <TestMethod codeBase="D:\actions-runner\_work\XPCO\XPCO\Corporate\RecordingServer\FailoverService\tst\VideoOS.Recorder.Failover.Service.UnitTests\bin\x64\Debug\net472\VideoOS.Recorder.Failover.Service.UnitTests.dll" adapterTypeName="executor://mstestadapter/v2" className="VideoOS.Recorder.Failover.Service.UnitTests.FailoverStateHandlerTest" name="Test_CreateFailoverErrorStatePerformanceCounter" />
    </UnitTest>
    <UnitTest name="Test_CreateFailoverStartedCounter" storage="d:\actions-runner\_work\xpco\xpco\corporate\recordingserver\failoverservice\tst\videoos.recorder.failover.service.unittests\bin\x64\debug\net472\videoos.recorder.failover.service.unittests.dll" id="0ffc2386-f290-29d7-a185-7da8cb021074">
      <Execution id="fe252814-a2f2-4b8c-ab78-cb7a85941b4f" />
      <TestMethod codeBase="D:\actions-runner\_work\XPCO\XPCO\Corporate\RecordingServer\FailoverService\tst\VideoOS.Recorder.Failover.Service.UnitTests\bin\x64\Debug\net472\VideoOS.Recorder.Failover.Service.UnitTests.dll" adapterTypeName="executor://mstestadapter/v2" className="VideoOS.Recorder.Failover.Service.UnitTests.FailoverStateHandlerTest" name="Test_CreateFailoverStartedCounter" />
    </UnitTest>
  </TestDefinitions>
  <TestEntries>
    <TestEntry testId="a505468e-f359-5447-b49d-0eebc09b8b0f" executionId="1ddd9fea-dca5-42e1-a194-3d2023f27e03" testListId="8c84fa94-04c1-424b-9868-57a2d4851a1d" />
    <TestEntry testId="0ffc2386-f290-29d7-a185-7da8cb021074" executionId="fe252814-a2f2-4b8c-ab78-cb7a85941b4f" testListId="8c84fa94-04c1-424b-9868-57a2d4851a1d" />
  </TestEntries>
  <TestLists>
    <TestList name="Results Not in a List" id="8c84fa94-04c1-424b-9868-57a2d4851a1d" />
    <TestList name="All Loaded Results" id="19431567-8539-422a-85d7-44ee4e166bda" />
  </TestLists>
  <ResultSummary outcome="Completed">
    <Counters total="2" executed="2" passed="2" failed="0" error="0" timeout="0" aborted="0" inconclusive="0" passedButRunAborted="0" notRunnable="0" notExecuted="0" disconnected="0" warning="0" completed="0" inProgress="0" pending="0" />
  </ResultSummary>
</TestRun>