<?xml version="1.0" encoding="utf-8"?>
<TestRun id="9a9a840e-4f27-44c2-a945-eb35eafc5305" name="DKSR-EFI-06$@DKSR-EFI-06 2024-01-09 15:40:52" runUser="NT AUTHORITY\NETWORK SERVICE" xmlns="http://microsoft.com/schemas/VisualStudio/TeamTest/2010">
  <Times creation="2024-01-09T15:40:52.6015453+01:00" queuing="2024-01-09T15:40:52.6015453+01:00" start="2024-01-09T15:40:50.9452900+01:00" finish="2024-01-09T15:40:52.9140462+01:00" />
  <TestSettings name="default" id="dc8ceb46-402c-42cc-a424-bae947103d42">
    <Deployment runDeploymentRoot="DKSR-EFI-06$_DKSR-EFI-06_2024-01-09_15_40_52" />
  </TestSettings>
  <Results>
    <UnitTestResult executionId="c4046949-1813-4bd0-8d46-b8de9fbc60ba" testId="fc572309-6fbb-efcb-f8a7-53f3cc2f914c" testName="TestCustomDialog" computerName="DKSR-EFI-06" duration="00:00:00.0021623" startTime="2024-01-09T15:40:52.6796680+01:00" endTime="2024-01-09T15:40:52.6796680+01:00" testType="13cdc9d9-ddb5-4fa4-a97d-d965ccfc6d4b" outcome="Passed" testListId="8c84fa94-04c1-424b-9868-57a2d4851a1d" relativeResultsDirectory="c4046949-1813-4bd0-8d46-b8de9fbc60ba" />
    <UnitTestResult executionId="67f25d05-8570-47f7-9a8e-05dee6222002" testId="4272b59d-41c6-c7bd-c49a-e793873e554e" testName="ExecuteActionThrowsExceptionWhenActionIdIsEmptyGuid" computerName="DKSR-EFI-06" duration="00:00:00.0258283" startTime="2024-01-09T15:40:52.5546700+01:00" endTime="2024-01-09T15:40:52.5702928+01:00" testType="13cdc9d9-ddb5-4fa4-a97d-d965ccfc6d4b" outcome="Passed" testListId="8c84fa94-04c1-424b-9868-57a2d4851a1d" relativeResultsDirectory="67f25d05-8570-47f7-9a8e-05dee6222002" />
    <UnitTestResult executionId="bd983b9b-9b6d-473c-aa7f-83abe348a65b" testId="ba88668f-e19b-f211-376c-b42a6296ec04" testName="TestFieldValidator4thNegative" computerName="DKSR-EFI-06" duration="00:00:00.0001218" startTime="2024-01-09T15:40:52.6640439+01:00" endTime="2024-01-09T15:40:52.6640439+01:00" testType="13cdc9d9-ddb5-4fa4-a97d-d965ccfc6d4b" outcome="Passed" testListId="8c84fa94-04c1-424b-9868-57a2d4851a1d" relativeResultsDirectory="bd983b9b-9b6d-473c-aa7f-83abe348a65b" />
    <UnitTestResult executionId="a273d3da-6e86-4a22-8bb0-e7e4fdee9f75" testId="7868a6f8-71db-fb86-6caf-d2cedf3aa4b8" testName="RequestCreatedWithHttpsSchemaWhenRequestCreatedWithProperHeadersNoProtocolInUrl" computerName="DKSR-EFI-06" duration="00:00:00.0008598" startTime="2024-01-09T15:40:52.5390467+01:00" endTime="2024-01-09T15:40:52.5390467+01:00" testType="13cdc9d9-ddb5-4fa4-a97d-d965ccfc6d4b" outcome="Passed" testListId="8c84fa94-04c1-424b-9868-57a2d4851a1d" relativeResultsDirectory="a273d3da-6e86-4a22-8bb0-e7e4fdee9f75" />
    <UnitTestResult executionId="b6a7e723-e950-4cca-b1db-379237aa482a" testId="14fe05f2-16a2-cca2-3e50-66362be6bc07" testName="HmacSha256SignatureCreatedWhenHmacSignatureProviderUsed (DummyBody,!!/t0k3n,sha256=+3yQyCkVXDb2ykhFAnR0gG3NWxre3rWI3NxhC79wqak=)" computerName="DKSR-EFI-06" duration="00:00:00.0000280" startTime="2024-01-09T15:40:52.1796660+01:00" endTime="2024-01-09T15:40:52.1796660+01:00" testType="13cdc9d9-ddb5-4fa4-a97d-d965ccfc6d4b" outcome="Passed" testListId="8c84fa94-04c1-424b-9868-57a2d4851a1d" relativeResultsDirectory="b6a7e723-e950-4cca-b1db-379237aa482a" />
    <UnitTestResult executionId="1f9a41c6-dd79-4c86-9ac1-288d4e9d176e" testId="347d4f95-5a0e-44d3-5c4b-595923a93ccf" testName="RequestCreatedWithTokenWhenRequestCreatedWithProperHeaders (token)" computerName="DKSR-EFI-06" duration="00:00:00.0002089" startTime="2024-01-09T15:40:52.5390467+01:00" endTime="2024-01-09T15:40:52.5390467+01:00" testType="13cdc9d9-ddb5-4fa4-a97d-d965ccfc6d4b" outcome="Passed" testListId="8c84fa94-04c1-424b-9868-57a2d4851a1d" relativeResultsDirectory="1f9a41c6-dd79-4c86-9ac1-288d4e9d176e" />
    <UnitTestResult executionId="80ae2360-f823-4eb5-8406-5188c1893522" testId="f147826a-cc35-9a4b-0405-a2a1c7dadaf9" testName="TestFieldValidator2ndNegative" computerName="DKSR-EFI-06" duration="00:00:00.0001666" startTime="2024-01-09T15:40:52.6640439+01:00" endTime="2024-01-09T15:40:52.6640439+01:00" testType="13cdc9d9-ddb5-4fa4-a97d-d965ccfc6d4b" outcome="Passed" testListId="8c84fa94-04c1-424b-9868-57a2d4851a1d" relativeResultsDirectory="80ae2360-f823-4eb5-8406-5188c1893522" />
    <UnitTestResult executionId="b33ebd12-00ba-4694-9822-0b4d6322a126" testId="9bf11c1d-1526-9886-e907-9df1dcee66a2" testName="AddressApiVersionAndNoTokenInReportWhenCreatingReport" computerName="DKSR-EFI-06" duration="00:00:00.3012654" startTime="2024-01-09T15:40:52.1796660+01:00" endTime="2024-01-09T15:40:52.4921691+01:00" testType="13cdc9d9-ddb5-4fa4-a97d-d965ccfc6d4b" outcome="Passed" testListId="8c84fa94-04c1-424b-9868-57a2d4851a1d" relativeResultsDirectory="b33ebd12-00ba-4694-9822-0b4d6322a126" />
    <UnitTestResult executionId="eaa48e3e-2e1c-42bf-a19b-e5893dc41b9b" testId="85aad0f4-6758-25be-d281-d7957cb96269" testName="RequestCreatedWithTokenWhenRequestCreatedWithProperHeaders ()" computerName="DKSR-EFI-06" duration="00:00:00.0425636" startTime="2024-01-09T15:40:52.4921691+01:00" endTime="2024-01-09T15:40:52.5390467+01:00" testType="13cdc9d9-ddb5-4fa4-a97d-d965ccfc6d4b" outcome="Passed" testListId="8c84fa94-04c1-424b-9868-57a2d4851a1d" relativeResultsDirectory="eaa48e3e-2e1c-42bf-a19b-e5893dc41b9b" />
    <UnitTestResult executionId="bd6bed83-f72f-498c-99f3-7c66bfde4e99" testId="d571a3e8-b801-374a-e64e-fe7b2b950bca" testName="AddressApiVersionAndNoTokenInReportWhenCreatingReportWithNoTokenProperty" computerName="DKSR-EFI-06" duration="00:00:00.0014620" startTime="2024-01-09T15:40:52.4921691+01:00" endTime="2024-01-09T15:40:52.4921691+01:00" testType="13cdc9d9-ddb5-4fa4-a97d-d965ccfc6d4b" outcome="Passed" testListId="8c84fa94-04c1-424b-9868-57a2d4851a1d" relativeResultsDirectory="bd6bed83-f72f-498c-99f3-7c66bfde4e99" />
    <UnitTestResult executionId="7bba0d60-4e91-4fd1-9caa-ccb2a7f49d71" testId="95cd23d6-6832-10b7-a3e8-dc4a6fcea1f5" testName="AddressApiVersionAndTokenInReportWhenCreatingReport" computerName="DKSR-EFI-06" duration="00:00:00.0009626" startTime="2024-01-09T15:40:52.4921691+01:00" endTime="2024-01-09T15:40:52.4921691+01:00" testType="13cdc9d9-ddb5-4fa4-a97d-d965ccfc6d4b" outcome="Passed" testListId="8c84fa94-04c1-424b-9868-57a2d4851a1d" relativeResultsDirectory="7bba0d60-4e91-4fd1-9caa-ccb2a7f49d71" />
    <UnitTestResult executionId="cad597be-7a15-49a5-a7e6-1d0a78b2394e" testId="6fce5854-0a5a-fa33-378d-3cd2762f767d" testName="TestFieldValidatorPositive" computerName="DKSR-EFI-06" duration="00:00:00.0001280" startTime="2024-01-09T15:40:52.6640439+01:00" endTime="2024-01-09T15:40:52.6640439+01:00" testType="13cdc9d9-ddb5-4fa4-a97d-d965ccfc6d4b" outcome="Passed" testListId="8c84fa94-04c1-424b-9868-57a2d4851a1d" relativeResultsDirectory="cad597be-7a15-49a5-a7e6-1d0a78b2394e" />
    <UnitTestResult executionId="209ee652-2a69-4e6f-a3fe-ea3e0e28fa4b" testId="bce8cb4a-748d-b7e5-ef3c-4989885aeb99" testName="TestFieldValidator3rdNegative" computerName="DKSR-EFI-06" duration="00:00:00.0001219" startTime="2024-01-09T15:40:52.6640439+01:00" endTime="2024-01-09T15:40:52.6640439+01:00" testType="13cdc9d9-ddb5-4fa4-a97d-d965ccfc6d4b" outcome="Passed" testListId="8c84fa94-04c1-424b-9868-57a2d4851a1d" relativeResultsDirectory="209ee652-2a69-4e6f-a3fe-ea3e0e28fa4b" />
    <UnitTestResult executionId="74573fad-6e7f-49bd-8566-c998bc197547" testId="5968eff8-45b3-5c59-ec71-55d559bf8ed9" testName="TestFieldValidator1stNegative" computerName="DKSR-EFI-06" duration="00:00:00.0108339" startTime="2024-01-09T15:40:52.6484201+01:00" endTime="2024-01-09T15:40:52.6640439+01:00" testType="13cdc9d9-ddb5-4fa4-a97d-d965ccfc6d4b" outcome="Passed" testListId="8c84fa94-04c1-424b-9868-57a2d4851a1d" relativeResultsDirectory="74573fad-6e7f-49bd-8566-c998bc197547" />
    <UnitTestResult executionId="b0ccbf31-7088-4489-b7a7-4351de7dac03" testId="2bc66a9c-cd39-e155-b664-8d9ff445feab" testName="ExecuteActionSucceedsWhenActionItemsAreConfigured" computerName="DKSR-EFI-06" duration="00:00:00.0697338" startTime="2024-01-09T15:40:52.5702928+01:00" endTime="2024-01-09T15:40:52.6484201+01:00" testType="13cdc9d9-ddb5-4fa4-a97d-d965ccfc6d4b" outcome="Passed" testListId="8c84fa94-04c1-424b-9868-57a2d4851a1d" relativeResultsDirectory="b0ccbf31-7088-4489-b7a7-4351de7dac03" />
    <UnitTestResult executionId="41f9dea0-d36a-4805-b44c-7de6910a148d" testId="d2c5bd2a-521d-0e80-c2d0-504cfb24e42d" testName="ExecuteActionThrowsExceptionWhenActionItemsIsNull" computerName="DKSR-EFI-06" duration="00:00:00.0011140" startTime="2024-01-09T15:40:52.5702928+01:00" endTime="2024-01-09T15:40:52.5702928+01:00" testType="13cdc9d9-ddb5-4fa4-a97d-d965ccfc6d4b" outcome="Passed" testListId="8c84fa94-04c1-424b-9868-57a2d4851a1d" relativeResultsDirectory="41f9dea0-d36a-4805-b44c-7de6910a148d" />
    <UnitTestResult executionId="7865cb3f-4915-4254-8bb3-cc4b0bdd53d9" testId="2a0d66c7-3d88-ec01-80b9-c63b7ffe98af" testName="HmacSha256SignatureCreatedWhenHmacSignatureProviderUsed (DummyBody,,sha256=e6Ki0WsfpzpD4kS5uyNVtAcB4zOe81Pwjiy/E1wvxXw=)" computerName="DKSR-EFI-06" duration="00:00:00.0093724" startTime="2024-01-09T15:40:52.0546668+01:00" endTime="2024-01-09T15:40:52.1640435+01:00" testType="13cdc9d9-ddb5-4fa4-a97d-d965ccfc6d4b" outcome="Passed" testListId="8c84fa94-04c1-424b-9868-57a2d4851a1d" relativeResultsDirectory="7865cb3f-4915-4254-8bb3-cc4b0bdd53d9" />
    <UnitTestResult executionId="d9d69a08-e1c3-4173-a58e-4736fd565c16" testId="d0182741-2013-bb18-3d5d-5551cdcc357a" testName="ExceptionThrownWhenNoHttpsOrHttpProtocolInUrl" computerName="DKSR-EFI-06" duration="00:00:00.0038647" startTime="2024-01-09T15:40:52.5390467+01:00" endTime="2024-01-09T15:40:52.5390467+01:00" testType="13cdc9d9-ddb5-4fa4-a97d-d965ccfc6d4b" outcome="Passed" testListId="8c84fa94-04c1-424b-9868-57a2d4851a1d" relativeResultsDirectory="d9d69a08-e1c3-4173-a58e-4736fd565c16" />
    <UnitTestResult executionId="82fe640f-fa26-4073-bde8-c967589b69f6" testId="5c851550-e4fd-ea7f-6fd2-27ddf6d16bdb" testName="TestBuiltInDialog" computerName="DKSR-EFI-06" duration="00:00:00.0164968" startTime="2024-01-09T15:40:52.6640439+01:00" endTime="2024-01-09T15:40:52.6796680+01:00" testType="13cdc9d9-ddb5-4fa4-a97d-d965ccfc6d4b" outcome="Passed" testListId="8c84fa94-04c1-424b-9868-57a2d4851a1d" relativeResultsDirectory="82fe640f-fa26-4073-bde8-c967589b69f6" />
  </Results>
  <TestDefinitions>
    <UnitTest name="RequestCreatedWithHttpsSchemaWhenRequestCreatedWithProperHeadersNoProtocolInUrl" storage="d:\actions-runner\_work\xpco\xpco\addons\products\webhooks\tst\videoos.plugins.webhooks.unittests\bin\debug\net472\videoos.plugins.webhooks.unittests.dll" id="7868a6f8-71db-fb86-6caf-d2cedf3aa4b8">
      <Execution id="a273d3da-6e86-4a22-8bb0-e7e4fdee9f75" />
      <TestMethod codeBase="D:\actions-runner\_work\XPCO\XPCO\AddOns\Products\WebHooks\tst\VideoOS.Plugins.WebHooks.UnitTests\bin\Debug\net472\VideoOS.Plugins.WebHooks.UnitTests.dll" adapterTypeName="executor://mstestadapter/v2" className="VideoOS.Plugins.WebHooks.UnitTests.RequestCreatorTest" name="RequestCreatedWithHttpsSchemaWhenRequestCreatedWithProperHeadersNoProtocolInUrl" />
    </UnitTest>
    <UnitTest name="AddressApiVersionAndTokenInReportWhenCreatingReport" storage="d:\actions-runner\_work\xpco\xpco\addons\products\webhooks\tst\videoos.plugins.webhooks.unittests\bin\debug\net472\videoos.plugins.webhooks.unittests.dll" id="95cd23d6-6832-10b7-a3e8-dc4a6fcea1f5">
      <Execution id="7bba0d60-4e91-4fd1-9caa-ccb2a7f49d71" />
      <TestMethod codeBase="D:\actions-runner\_work\XPCO\XPCO\AddOns\Products\WebHooks\tst\VideoOS.Plugins.WebHooks.UnitTests\bin\Debug\net472\VideoOS.Plugins.WebHooks.UnitTests.dll" adapterTypeName="executor://mstestadapter/v2" className="VideoOS.Plugins.WebHooks.UnitTests.ConfigurationReportTest" name="AddressApiVersionAndTokenInReportWhenCreatingReport" />
    </UnitTest>
    <UnitTest name="TestFieldValidatorPositive" storage="d:\actions-runner\_work\xpco\xpco\addons\products\webhooks\tst\videoos.plugins.webhooks.unittests\bin\debug\net472\videoos.plugins.webhooks.unittests.dll" id="6fce5854-0a5a-fa33-378d-3cd2762f767d">
      <Execution id="cad597be-7a15-49a5-a7e6-1d0a78b2394e" />
      <TestMethod codeBase="D:\actions-runner\_work\XPCO\XPCO\AddOns\Products\WebHooks\tst\VideoOS.Plugins.WebHooks.UnitTests\bin\Debug\net472\VideoOS.Plugins.WebHooks.UnitTests.dll" adapterTypeName="executor://mstestadapter/v2" className="VideoOS.Plugins.WebHooks.UnitTests.Utilities.FiledValidatorTests" name="TestFieldValidatorPositive" />
    </UnitTest>
    <UnitTest name="TestCustomDialog" storage="d:\actions-runner\_work\xpco\xpco\addons\products\webhooks\tst\videoos.plugins.webhooks.unittests\bin\debug\net472\videoos.plugins.webhooks.unittests.dll" id="fc572309-6fbb-efcb-f8a7-53f3cc2f914c">
      <Execution id="c4046949-1813-4bd0-8d46-b8de9fbc60ba" />
      <TestMethod codeBase="D:\actions-runner\_work\XPCO\XPCO\AddOns\Products\WebHooks\tst\VideoOS.Plugins.WebHooks.UnitTests\bin\Debug\net472\VideoOS.Plugins.WebHooks.UnitTests.dll" adapterTypeName="executor://mstestadapter/v2" className="VideoOS.Plugins.WebHooks.UnitTests.Utilities.UserControlValidatorTests" name="TestCustomDialog" />
    </UnitTest>
    <UnitTest name="AddressApiVersionAndNoTokenInReportWhenCreatingReport" storage="d:\actions-runner\_work\xpco\xpco\addons\products\webhooks\tst\videoos.plugins.webhooks.unittests\bin\debug\net472\videoos.plugins.webhooks.unittests.dll" id="9bf11c1d-1526-9886-e907-9df1dcee66a2">
      <Execution id="b33ebd12-00ba-4694-9822-0b4d6322a126" />
      <TestMethod codeBase="D:\actions-runner\_work\XPCO\XPCO\AddOns\Products\WebHooks\tst\VideoOS.Plugins.WebHooks.UnitTests\bin\Debug\net472\VideoOS.Plugins.WebHooks.UnitTests.dll" adapterTypeName="executor://mstestadapter/v2" className="VideoOS.Plugins.WebHooks.UnitTests.ConfigurationReportTest" name="AddressApiVersionAndNoTokenInReportWhenCreatingReport" />
    </UnitTest>
    <UnitTest name="TestBuiltInDialog" storage="d:\actions-runner\_work\xpco\xpco\addons\products\webhooks\tst\videoos.plugins.webhooks.unittests\bin\debug\net472\videoos.plugins.webhooks.unittests.dll" id="5c851550-e4fd-ea7f-6fd2-27ddf6d16bdb">
      <Execution id="82fe640f-fa26-4073-bde8-c967589b69f6" />
      <TestMethod codeBase="D:\actions-runner\_work\XPCO\XPCO\AddOns\Products\WebHooks\tst\VideoOS.Plugins.WebHooks.UnitTests\bin\Debug\net472\VideoOS.Plugins.WebHooks.UnitTests.dll" adapterTypeName="executor://mstestadapter/v2" className="VideoOS.Plugins.WebHooks.UnitTests.Utilities.UserControlValidatorTests" name="TestBuiltInDialog" />
    </UnitTest>
    <UnitTest name="TestFieldValidator2ndNegative" storage="d:\actions-runner\_work\xpco\xpco\addons\products\webhooks\tst\videoos.plugins.webhooks.unittests\bin\debug\net472\videoos.plugins.webhooks.unittests.dll" id="f147826a-cc35-9a4b-0405-a2a1c7dadaf9">
      <Execution id="80ae2360-f823-4eb5-8406-5188c1893522" />
      <TestMethod codeBase="D:\actions-runner\_work\XPCO\XPCO\AddOns\Products\WebHooks\tst\VideoOS.Plugins.WebHooks.UnitTests\bin\Debug\net472\VideoOS.Plugins.WebHooks.UnitTests.dll" adapterTypeName="executor://mstestadapter/v2" className="VideoOS.Plugins.WebHooks.UnitTests.Utilities.FiledValidatorTests" name="TestFieldValidator2ndNegative" />
    </UnitTest>
    <UnitTest name="HmacSha256SignatureCreatedWhenHmacSignatureProviderUsed (DummyBody,,sha256=e6Ki0WsfpzpD4kS5uyNVtAcB4zOe81Pwjiy/E1wvxXw=)" storage="d:\actions-runner\_work\xpco\xpco\addons\products\webhooks\tst\videoos.plugins.webhooks.unittests\bin\debug\net472\videoos.plugins.webhooks.unittests.dll" id="2a0d66c7-3d88-ec01-80b9-c63b7ffe98af">
      <Execution id="7865cb3f-4915-4254-8bb3-cc4b0bdd53d9" />
      <TestMethod codeBase="D:\actions-runner\_work\XPCO\XPCO\AddOns\Products\WebHooks\tst\VideoOS.Plugins.WebHooks.UnitTests\bin\Debug\net472\VideoOS.Plugins.WebHooks.UnitTests.dll" adapterTypeName="executor://mstestadapter/v2" className="VideoOS.Plugins.WebHooks.Background.HmacSha256SignatureUnitTest" name="HmacSha256SignatureCreatedWhenHmacSignatureProviderUsed" />
    </UnitTest>
    <UnitTest name="TestFieldValidator1stNegative" storage="d:\actions-runner\_work\xpco\xpco\addons\products\webhooks\tst\videoos.plugins.webhooks.unittests\bin\debug\net472\videoos.plugins.webhooks.unittests.dll" id="5968eff8-45b3-5c59-ec71-55d559bf8ed9">
      <Execution id="74573fad-6e7f-49bd-8566-c998bc197547" />
      <TestMethod codeBase="D:\actions-runner\_work\XPCO\XPCO\AddOns\Products\WebHooks\tst\VideoOS.Plugins.WebHooks.UnitTests\bin\Debug\net472\VideoOS.Plugins.WebHooks.UnitTests.dll" adapterTypeName="executor://mstestadapter/v2" className="VideoOS.Plugins.WebHooks.UnitTests.Utilities.FiledValidatorTests" name="TestFieldValidator1stNegative" />
    </UnitTest>
    <UnitTest name="AddressApiVersionAndNoTokenInReportWhenCreatingReportWithNoTokenProperty" storage="d:\actions-runner\_work\xpco\xpco\addons\products\webhooks\tst\videoos.plugins.webhooks.unittests\bin\debug\net472\videoos.plugins.webhooks.unittests.dll" id="d571a3e8-b801-374a-e64e-fe7b2b950bca">
      <Execution id="bd6bed83-f72f-498c-99f3-7c66bfde4e99" />
      <TestMethod codeBase="D:\actions-runner\_work\XPCO\XPCO\AddOns\Products\WebHooks\tst\VideoOS.Plugins.WebHooks.UnitTests\bin\Debug\net472\VideoOS.Plugins.WebHooks.UnitTests.dll" adapterTypeName="executor://mstestadapter/v2" className="VideoOS.Plugins.WebHooks.UnitTests.ConfigurationReportTest" name="AddressApiVersionAndNoTokenInReportWhenCreatingReportWithNoTokenProperty" />
    </UnitTest>
    <UnitTest name="RequestCreatedWithTokenWhenRequestCreatedWithProperHeaders (token)" storage="d:\actions-runner\_work\xpco\xpco\addons\products\webhooks\tst\videoos.plugins.webhooks.unittests\bin\debug\net472\videoos.plugins.webhooks.unittests.dll" id="347d4f95-5a0e-44d3-5c4b-595923a93ccf">
      <Execution id="1f9a41c6-dd79-4c86-9ac1-288d4e9d176e" />
      <TestMethod codeBase="D:\actions-runner\_work\XPCO\XPCO\AddOns\Products\WebHooks\tst\VideoOS.Plugins.WebHooks.UnitTests\bin\Debug\net472\VideoOS.Plugins.WebHooks.UnitTests.dll" adapterTypeName="executor://mstestadapter/v2" className="VideoOS.Plugins.WebHooks.UnitTests.RequestCreatorTest" name="RequestCreatedWithTokenWhenRequestCreatedWithProperHeaders" />
    </UnitTest>
    <UnitTest name="TestFieldValidator4thNegative" storage="d:\actions-runner\_work\xpco\xpco\addons\products\webhooks\tst\videoos.plugins.webhooks.unittests\bin\debug\net472\videoos.plugins.webhooks.unittests.dll" id="ba88668f-e19b-f211-376c-b42a6296ec04">
      <Execution id="bd983b9b-9b6d-473c-aa7f-83abe348a65b" />
      <TestMethod codeBase="D:\actions-runner\_work\XPCO\XPCO\AddOns\Products\WebHooks\tst\VideoOS.Plugins.WebHooks.UnitTests\bin\Debug\net472\VideoOS.Plugins.WebHooks.UnitTests.dll" adapterTypeName="executor://mstestadapter/v2" className="VideoOS.Plugins.WebHooks.UnitTests.Utilities.FiledValidatorTests" name="TestFieldValidator4thNegative" />
    </UnitTest>
    <UnitTest name="RequestCreatedWithTokenWhenRequestCreatedWithProperHeaders ()" storage="d:\actions-runner\_work\xpco\xpco\addons\products\webhooks\tst\videoos.plugins.webhooks.unittests\bin\debug\net472\videoos.plugins.webhooks.unittests.dll" id="85aad0f4-6758-25be-d281-d7957cb96269">
      <Execution id="eaa48e3e-2e1c-42bf-a19b-e5893dc41b9b" />
      <TestMethod codeBase="D:\actions-runner\_work\XPCO\XPCO\AddOns\Products\WebHooks\tst\VideoOS.Plugins.WebHooks.UnitTests\bin\Debug\net472\VideoOS.Plugins.WebHooks.UnitTests.dll" adapterTypeName="executor://mstestadapter/v2" className="VideoOS.Plugins.WebHooks.UnitTests.RequestCreatorTest" name="RequestCreatedWithTokenWhenRequestCreatedWithProperHeaders" />
    </UnitTest>
    <UnitTest name="TestFieldValidator3rdNegative" storage="d:\actions-runner\_work\xpco\xpco\addons\products\webhooks\tst\videoos.plugins.webhooks.unittests\bin\debug\net472\videoos.plugins.webhooks.unittests.dll" id="bce8cb4a-748d-b7e5-ef3c-4989885aeb99">
      <Execution id="209ee652-2a69-4e6f-a3fe-ea3e0e28fa4b" />
      <TestMethod codeBase="D:\actions-runner\_work\XPCO\XPCO\AddOns\Products\WebHooks\tst\VideoOS.Plugins.WebHooks.UnitTests\bin\Debug\net472\VideoOS.Plugins.WebHooks.UnitTests.dll" adapterTypeName="executor://mstestadapter/v2" className="VideoOS.Plugins.WebHooks.UnitTests.Utilities.FiledValidatorTests" name="TestFieldValidator3rdNegative" />
    </UnitTest>
    <UnitTest name="ExecuteActionThrowsExceptionWhenActionItemsIsNull" storage="d:\actions-runner\_work\xpco\xpco\addons\products\webhooks\tst\videoos.plugins.webhooks.unittests\bin\debug\net472\videoos.plugins.webhooks.unittests.dll" id="d2c5bd2a-521d-0e80-c2d0-504cfb24e42d">
      <Execution id="41f9dea0-d36a-4805-b44c-7de6910a148d" />
      <TestMethod codeBase="D:\actions-runner\_work\XPCO\XPCO\AddOns\Products\WebHooks\tst\VideoOS.Plugins.WebHooks.UnitTests\bin\Debug\net472\VideoOS.Plugins.WebHooks.UnitTests.dll" adapterTypeName="executor://mstestadapter/v2" className="VideoOS.Plugins.WebHooks.UnitTests.WebHooksPluginActionManagerTest" name="ExecuteActionThrowsExceptionWhenActionItemsIsNull" />
    </UnitTest>
    <UnitTest name="HmacSha256SignatureCreatedWhenHmacSignatureProviderUsed (DummyBody,!!/t0k3n,sha256=+3yQyCkVXDb2ykhFAnR0gG3NWxre3rWI3NxhC79wqak=)" storage="d:\actions-runner\_work\xpco\xpco\addons\products\webhooks\tst\videoos.plugins.webhooks.unittests\bin\debug\net472\videoos.plugins.webhooks.unittests.dll" id="14fe05f2-16a2-cca2-3e50-66362be6bc07">
      <Execution id="b6a7e723-e950-4cca-b1db-379237aa482a" />
      <TestMethod codeBase="D:\actions-runner\_work\XPCO\XPCO\AddOns\Products\WebHooks\tst\VideoOS.Plugins.WebHooks.UnitTests\bin\Debug\net472\VideoOS.Plugins.WebHooks.UnitTests.dll" adapterTypeName="executor://mstestadapter/v2" className="VideoOS.Plugins.WebHooks.Background.HmacSha256SignatureUnitTest" name="HmacSha256SignatureCreatedWhenHmacSignatureProviderUsed" />
    </UnitTest>
    <UnitTest name="ExceptionThrownWhenNoHttpsOrHttpProtocolInUrl" storage="d:\actions-runner\_work\xpco\xpco\addons\products\webhooks\tst\videoos.plugins.webhooks.unittests\bin\debug\net472\videoos.plugins.webhooks.unittests.dll" id="d0182741-2013-bb18-3d5d-5551cdcc357a">
      <Execution id="d9d69a08-e1c3-4173-a58e-4736fd565c16" />
      <TestMethod codeBase="D:\actions-runner\_work\XPCO\XPCO\AddOns\Products\WebHooks\tst\VideoOS.Plugins.WebHooks.UnitTests\bin\Debug\net472\VideoOS.Plugins.WebHooks.UnitTests.dll" adapterTypeName="executor://mstestadapter/v2" className="VideoOS.Plugins.WebHooks.UnitTests.RequestCreatorTest" name="ExceptionThrownWhenNoHttpsOrHttpProtocolInUrl" />
    </UnitTest>
    <UnitTest name="ExecuteActionSucceedsWhenActionItemsAreConfigured" storage="d:\actions-runner\_work\xpco\xpco\addons\products\webhooks\tst\videoos.plugins.webhooks.unittests\bin\debug\net472\videoos.plugins.webhooks.unittests.dll" id="2bc66a9c-cd39-e155-b664-8d9ff445feab">
      <Execution id="b0ccbf31-7088-4489-b7a7-4351de7dac03" />
      <TestMethod codeBase="D:\actions-runner\_work\XPCO\XPCO\AddOns\Products\WebHooks\tst\VideoOS.Plugins.WebHooks.UnitTests\bin\Debug\net472\VideoOS.Plugins.WebHooks.UnitTests.dll" adapterTypeName="executor://mstestadapter/v2" className="VideoOS.Plugins.WebHooks.UnitTests.WebHooksPluginActionManagerTest" name="ExecuteActionSucceedsWhenActionItemsAreConfigured" />
    </UnitTest>
    <UnitTest name="ExecuteActionThrowsExceptionWhenActionIdIsEmptyGuid" storage="d:\actions-runner\_work\xpco\xpco\addons\products\webhooks\tst\videoos.plugins.webhooks.unittests\bin\debug\net472\videoos.plugins.webhooks.unittests.dll" id="4272b59d-41c6-c7bd-c49a-e793873e554e">
      <Execution id="67f25d05-8570-47f7-9a8e-05dee6222002" />
      <TestMethod codeBase="D:\actions-runner\_work\XPCO\XPCO\AddOns\Products\WebHooks\tst\VideoOS.Plugins.WebHooks.UnitTests\bin\Debug\net472\VideoOS.Plugins.WebHooks.UnitTests.dll" adapterTypeName="executor://mstestadapter/v2" className="VideoOS.Plugins.WebHooks.UnitTests.WebHooksPluginActionManagerTest" name="ExecuteActionThrowsExceptionWhenActionIdIsEmptyGuid" />
    </UnitTest>
  </TestDefinitions>
  <TestEntries>
    <TestEntry testId="fc572309-6fbb-efcb-f8a7-53f3cc2f914c" executionId="c4046949-1813-4bd0-8d46-b8de9fbc60ba" testListId="8c84fa94-04c1-424b-9868-57a2d4851a1d" />
    <TestEntry testId="4272b59d-41c6-c7bd-c49a-e793873e554e" executionId="67f25d05-8570-47f7-9a8e-05dee6222002" testListId="8c84fa94-04c1-424b-9868-57a2d4851a1d" />
    <TestEntry testId="ba88668f-e19b-f211-376c-b42a6296ec04" executionId="bd983b9b-9b6d-473c-aa7f-83abe348a65b" testListId="8c84fa94-04c1-424b-9868-57a2d4851a1d" />
    <TestEntry testId="7868a6f8-71db-fb86-6caf-d2cedf3aa4b8" executionId="a273d3da-6e86-4a22-8bb0-e7e4fdee9f75" testListId="8c84fa94-04c1-424b-9868-57a2d4851a1d" />
    <TestEntry testId="14fe05f2-16a2-cca2-3e50-66362be6bc07" executionId="b6a7e723-e950-4cca-b1db-379237aa482a" testListId="8c84fa94-04c1-424b-9868-57a2d4851a1d" />
    <TestEntry testId="347d4f95-5a0e-44d3-5c4b-595923a93ccf" executionId="1f9a41c6-dd79-4c86-9ac1-288d4e9d176e" testListId="8c84fa94-04c1-424b-9868-57a2d4851a1d" />
    <TestEntry testId="f147826a-cc35-9a4b-0405-a2a1c7dadaf9" executionId="80ae2360-f823-4eb5-8406-5188c1893522" testListId="8c84fa94-04c1-424b-9868-57a2d4851a1d" />
    <TestEntry testId="9bf11c1d-1526-9886-e907-9df1dcee66a2" executionId="b33ebd12-00ba-4694-9822-0b4d6322a126" testListId="8c84fa94-04c1-424b-9868-57a2d4851a1d" />
    <TestEntry testId="85aad0f4-6758-25be-d281-d7957cb96269" executionId="eaa48e3e-2e1c-42bf-a19b-e5893dc41b9b" testListId="8c84fa94-04c1-424b-9868-57a2d4851a1d" />
    <TestEntry testId="d571a3e8-b801-374a-e64e-fe7b2b950bca" executionId="bd6bed83-f72f-498c-99f3-7c66bfde4e99" testListId="8c84fa94-04c1-424b-9868-57a2d4851a1d" />
    <TestEntry testId="95cd23d6-6832-10b7-a3e8-dc4a6fcea1f5" executionId="7bba0d60-4e91-4fd1-9caa-ccb2a7f49d71" testListId="8c84fa94-04c1-424b-9868-57a2d4851a1d" />
    <TestEntry testId="6fce5854-0a5a-fa33-378d-3cd2762f767d" executionId="cad597be-7a15-49a5-a7e6-1d0a78b2394e" testListId="8c84fa94-04c1-424b-9868-57a2d4851a1d" />
    <TestEntry testId="bce8cb4a-748d-b7e5-ef3c-4989885aeb99" executionId="209ee652-2a69-4e6f-a3fe-ea3e0e28fa4b" testListId="8c84fa94-04c1-424b-9868-57a2d4851a1d" />
    <TestEntry testId="5968eff8-45b3-5c59-ec71-55d559bf8ed9" executionId="74573fad-6e7f-49bd-8566-c998bc197547" testListId="8c84fa94-04c1-424b-9868-57a2d4851a1d" />
    <TestEntry testId="2bc66a9c-cd39-e155-b664-8d9ff445feab" executionId="b0ccbf31-7088-4489-b7a7-4351de7dac03" testListId="8c84fa94-04c1-424b-9868-57a2d4851a1d" />
    <TestEntry testId="d2c5bd2a-521d-0e80-c2d0-504cfb24e42d" executionId="41f9dea0-d36a-4805-b44c-7de6910a148d" testListId="8c84fa94-04c1-424b-9868-57a2d4851a1d" />
    <TestEntry testId="2a0d66c7-3d88-ec01-80b9-c63b7ffe98af" executionId="7865cb3f-4915-4254-8bb3-cc4b0bdd53d9" testListId="8c84fa94-04c1-424b-9868-57a2d4851a1d" />
    <TestEntry testId="d0182741-2013-bb18-3d5d-5551cdcc357a" executionId="d9d69a08-e1c3-4173-a58e-4736fd565c16" testListId="8c84fa94-04c1-424b-9868-57a2d4851a1d" />
    <TestEntry testId="5c851550-e4fd-ea7f-6fd2-27ddf6d16bdb" executionId="82fe640f-fa26-4073-bde8-c967589b69f6" testListId="8c84fa94-04c1-424b-9868-57a2d4851a1d" />
  </TestEntries>
  <TestLists>
    <TestList name="Results Not in a List" id="8c84fa94-04c1-424b-9868-57a2d4851a1d" />
    <TestList name="All Loaded Results" id="19431567-8539-422a-85d7-44ee4e166bda" />
  </TestLists>
  <ResultSummary outcome="Completed">
    <Counters total="19" executed="19" passed="19" failed="0" error="0" timeout="0" aborted="0" inconclusive="0" passedButRunAborted="0" notRunnable="0" notExecuted="0" disconnected="0" warning="0" completed="0" inProgress="0" pending="0" />
  </ResultSummary>
</TestRun>