<?xml version="1.0" encoding="utf-8"?>
<TestRun id="94f12fa4-8f47-4e72-a9ca-61f0677d5f71" name="DKSR-EFI-06$@DKSR-EFI-06 2024-01-09 15:40:47" runUser="NT AUTHORITY\NETWORK SERVICE" xmlns="http://microsoft.com/schemas/VisualStudio/TeamTest/2010">
  <Times creation="2024-01-09T15:40:47.4608984+01:00" queuing="2024-01-09T15:40:47.4608984+01:00" start="2024-01-09T15:40:45.5702634+01:00" finish="2024-01-09T15:40:48.4921518+01:00" />
  <TestSettings name="default" id="16ec2a45-4086-45c8-8a3f-50345c6a87ab">
    <Deployment runDeploymentRoot="DKSR-EFI-06$_DKSR-EFI-06_2024-01-09_15_40_47" />
  </TestSettings>
  <Results>
    <UnitTestResult executionId="a851a2bc-8de7-4bce-bdfa-5115c4fcd92f" testId="0f94288f-ea2f-a7ac-ec21-81c2c33471dd" testName="WhenTimerIsModifiedAndSavedItShouldBeAuditLogged" computerName="DKSR-EFI-06" duration="00:00:00.0190895" startTime="2024-01-09T15:40:48.1484016+01:00" endTime="2024-01-09T15:40:48.1640253+01:00" testType="13cdc9d9-ddb5-4fa4-a97d-d965ccfc6d4b" outcome="Passed" testListId="8c84fa94-04c1-424b-9868-57a2d4851a1d" relativeResultsDirectory="a851a2bc-8de7-4bce-bdfa-5115c4fcd92f" />
    <UnitTestResult executionId="eccb401f-5be4-4096-b295-482c51def5ae" testId="ecc1f184-6199-5d9d-9d13-dfec426e421e" testName="ConfigurationRepositoryInitializesProperlyTest" computerName="DKSR-EFI-06" duration="00:00:00.4748058" startTime="2024-01-09T15:40:47.3359395+01:00" endTime="2024-01-09T15:40:47.8046487+01:00" testType="13cdc9d9-ddb5-4fa4-a97d-d965ccfc6d4b" outcome="Passed" testListId="8c84fa94-04c1-424b-9868-57a2d4851a1d" relativeResultsDirectory="eccb401f-5be4-4096-b295-482c51def5ae" />
    <UnitTestResult executionId="cbcb9d6b-5696-48cc-990d-d1f071bf12c0" testId="55203d10-4498-1901-6e38-8c85e0805381" testName="DecrementTimeoutCommandDecrementsOneTimeUnit" computerName="DKSR-EFI-06" duration="00:00:00.0005517" startTime="2024-01-09T15:40:48.1484016+01:00" endTime="2024-01-09T15:40:48.1484016+01:00" testType="13cdc9d9-ddb5-4fa4-a97d-d965ccfc6d4b" outcome="Passed" testListId="8c84fa94-04c1-424b-9868-57a2d4851a1d" relativeResultsDirectory="cbcb9d6b-5696-48cc-990d-d1f071bf12c0" />
    <UnitTestResult executionId="89ab4e4f-0966-4a70-9752-56cd31d0c561" testId="ba52ae88-bf05-60cd-8fc7-f649e733dc8a" testName="WhenViewModelIsFilledItShouldFireOnPropertyChangedEvent" computerName="DKSR-EFI-06" duration="00:00:00.0010769" startTime="2024-01-09T15:40:48.1484016+01:00" endTime="2024-01-09T15:40:48.1484016+01:00" testType="13cdc9d9-ddb5-4fa4-a97d-d965ccfc6d4b" outcome="Passed" testListId="8c84fa94-04c1-424b-9868-57a2d4851a1d" relativeResultsDirectory="89ab4e4f-0966-4a70-9752-56cd31d0c561" />
    <UnitTestResult executionId="11379c98-92ca-48b7-ba95-9339f3eca0b9" testId="51b73639-0b31-874e-21dd-61e1f5a4a520" testName="ViewModelStoresTimeoutValue" computerName="DKSR-EFI-06" duration="00:00:00.0002661" startTime="2024-01-09T15:40:48.1484016+01:00" endTime="2024-01-09T15:40:48.1484016+01:00" testType="13cdc9d9-ddb5-4fa4-a97d-d965ccfc6d4b" outcome="Passed" testListId="8c84fa94-04c1-424b-9868-57a2d4851a1d" relativeResultsDirectory="11379c98-92ca-48b7-ba95-9339f3eca0b9" />
    <UnitTestResult executionId="23db54ff-69e0-4e35-b43f-734b06d6082b" testId="8214f5f5-5051-8c52-f76f-1da0a186b2ec" testName="WhenConvertingFromIntItShouldReturnIntValue" computerName="DKSR-EFI-06" duration="00:00:00.0006134" startTime="2024-01-09T15:40:48.1796514+01:00" endTime="2024-01-09T15:40:48.1796514+01:00" testType="13cdc9d9-ddb5-4fa4-a97d-d965ccfc6d4b" outcome="Passed" testListId="8c84fa94-04c1-424b-9868-57a2d4851a1d" relativeResultsDirectory="23db54ff-69e0-4e35-b43f-734b06d6082b" />
    <UnitTestResult executionId="66aa19b0-3b63-470c-8412-f9f48ca279c8" testId="03f5b965-b0e4-fc3b-648a-ecbf9984aaa8" testName="WhenMultiroomAudioAdminIsConstructedItShouldAssignProperties" computerName="DKSR-EFI-06" duration="00:00:00.3188931" startTime="2024-01-09T15:40:46.8671451+01:00" endTime="2024-01-09T15:40:47.3202720+01:00" testType="13cdc9d9-ddb5-4fa4-a97d-d965ccfc6d4b" outcome="Passed" testListId="8c84fa94-04c1-424b-9868-57a2d4851a1d" relativeResultsDirectory="66aa19b0-3b63-470c-8412-f9f48ca279c8" />
    <UnitTestResult executionId="5fdda66f-788f-4b22-a088-177264514767" testId="65e614dd-ff75-d5f3-94fa-43b91a2d51ee" testName="ReportPropertiesWhenInvokedReturnTimeout" computerName="DKSR-EFI-06" duration="00:00:00.0040969" startTime="2024-01-09T15:40:47.8671492+01:00" endTime="2024-01-09T15:40:47.8671492+01:00" testType="13cdc9d9-ddb5-4fa4-a97d-d965ccfc6d4b" outcome="Passed" testListId="8c84fa94-04c1-424b-9868-57a2d4851a1d" relativeResultsDirectory="5fdda66f-788f-4b22-a088-177264514767" />
    <UnitTestResult executionId="572de7c4-6a40-4197-8bc9-6d684a82ef07" testId="5db0f056-2cc2-377d-80e5-4e9ba5ea45be" testName="IncrementTimeoutAboveMaximum" computerName="DKSR-EFI-06" duration="00:00:00.0079813" startTime="2024-01-09T15:40:48.1327733+01:00" endTime="2024-01-09T15:40:48.1484016+01:00" testType="13cdc9d9-ddb5-4fa4-a97d-d965ccfc6d4b" outcome="Passed" testListId="8c84fa94-04c1-424b-9868-57a2d4851a1d" relativeResultsDirectory="572de7c4-6a40-4197-8bc9-6d684a82ef07" />
    <UnitTestResult executionId="90f8f3a4-f6e0-40fe-b556-40f4ad785c1c" testId="d425ac86-d7af-b159-d673-549746c0326a" testName="WhenItemIsNullReturnTheDefaultTimeout" computerName="DKSR-EFI-06" duration="00:00:00.0557888" startTime="2024-01-09T15:40:47.8046487+01:00" endTime="2024-01-09T15:40:47.8671492+01:00" testType="13cdc9d9-ddb5-4fa4-a97d-d965ccfc6d4b" outcome="Passed" testListId="8c84fa94-04c1-424b-9868-57a2d4851a1d" relativeResultsDirectory="90f8f3a4-f6e0-40fe-b556-40f4ad785c1c" />
    <UnitTestResult executionId="17d1b5a6-a36b-41d2-8326-8ffe23e2597d" testId="589280b0-2583-930c-835a-f736f615bc00" testName="WhenConvertingBackItShouldReturnStringValue" computerName="DKSR-EFI-06" duration="00:00:00.0002803" startTime="2024-01-09T15:40:48.1796514+01:00" endTime="2024-01-09T15:40:48.1796514+01:00" testType="13cdc9d9-ddb5-4fa4-a97d-d965ccfc6d4b" outcome="Passed" testListId="8c84fa94-04c1-424b-9868-57a2d4851a1d" relativeResultsDirectory="17d1b5a6-a36b-41d2-8326-8ffe23e2597d" />
    <UnitTestResult executionId="11b8e81b-7b5c-4b40-a67b-b61cd54177b6" testId="96fb54eb-a55e-21bd-5ab3-c4a706d01c79" testName="TimeoutSettingDefaultIsTheExpectedOne" computerName="DKSR-EFI-06" duration="00:00:00.0002403" startTime="2024-01-09T15:40:48.1484016+01:00" endTime="2024-01-09T15:40:48.1484016+01:00" testType="13cdc9d9-ddb5-4fa4-a97d-d965ccfc6d4b" outcome="Passed" testListId="8c84fa94-04c1-424b-9868-57a2d4851a1d" relativeResultsDirectory="11b8e81b-7b5c-4b40-a67b-b61cd54177b6" />
    <UnitTestResult executionId="5c031875-ffe1-4177-a238-adf15c179ac3" testId="909c8658-314c-20e5-44af-b7d8e69d2ac2" testName="ViewModelRecoversStoredTimeoutValue" computerName="DKSR-EFI-06" duration="00:00:00.0002659" startTime="2024-01-09T15:40:48.1484016+01:00" endTime="2024-01-09T15:40:48.1484016+01:00" testType="13cdc9d9-ddb5-4fa4-a97d-d965ccfc6d4b" outcome="Passed" testListId="8c84fa94-04c1-424b-9868-57a2d4851a1d" relativeResultsDirectory="5c031875-ffe1-4177-a238-adf15c179ac3" />
    <UnitTestResult executionId="6d6c7f14-12d2-4475-86d5-00f5b4890537" testId="f0dd6768-c4e4-039c-4d69-dc79183ed971" testName="WhenViewModelClearedNoExceptionIsThrown" computerName="DKSR-EFI-06" duration="00:00:00.0002389" startTime="2024-01-09T15:40:48.1484016+01:00" endTime="2024-01-09T15:40:48.1484016+01:00" testType="13cdc9d9-ddb5-4fa4-a97d-d965ccfc6d4b" outcome="Passed" testListId="8c84fa94-04c1-424b-9868-57a2d4851a1d" relativeResultsDirectory="6d6c7f14-12d2-4475-86d5-00f5b4890537" />
    <UnitTestResult executionId="633a6bc7-923d-4328-9bfd-edcb6f0fb46f" testId="3c2e53aa-8c3b-b76c-2e1f-7895192c09d5" testName="WhenTimerIsNotModifiedAndSavedItShouldNotBeAuditLogged" computerName="DKSR-EFI-06" duration="00:00:00.0028994" startTime="2024-01-09T15:40:48.1640253+01:00" endTime="2024-01-09T15:40:48.1796514+01:00" testType="13cdc9d9-ddb5-4fa4-a97d-d965ccfc6d4b" outcome="Passed" testListId="8c84fa94-04c1-424b-9868-57a2d4851a1d" relativeResultsDirectory="633a6bc7-923d-4328-9bfd-edcb6f0fb46f" />
    <UnitTestResult executionId="35763a21-bb30-42fa-9ca2-dcba2a9acc29" testId="7b033585-53bd-9c64-3f9f-0d2d29f2fb77" testName="IncrementTimeoutCommandIncrementsOneTimeUnit" computerName="DKSR-EFI-06" duration="00:00:00.2683756" startTime="2024-01-09T15:40:47.8671492+01:00" endTime="2024-01-09T15:40:48.1327733+01:00" testType="13cdc9d9-ddb5-4fa4-a97d-d965ccfc6d4b" outcome="Passed" testListId="8c84fa94-04c1-424b-9868-57a2d4851a1d" relativeResultsDirectory="35763a21-bb30-42fa-9ca2-dcba2a9acc29" />
    <UnitTestResult executionId="f97f9c12-467f-4e0f-9ce6-98b3afae7f4e" testId="af3e6935-f51c-0920-b87a-bc0a373570f9" testName="DecrementTimeoutBelowMinimum" computerName="DKSR-EFI-06" duration="00:00:00.0003939" startTime="2024-01-09T15:40:48.1484016+01:00" endTime="2024-01-09T15:40:48.1484016+01:00" testType="13cdc9d9-ddb5-4fa4-a97d-d965ccfc6d4b" outcome="Passed" testListId="8c84fa94-04c1-424b-9868-57a2d4851a1d" relativeResultsDirectory="f97f9c12-467f-4e0f-9ce6-98b3afae7f4e" />
    <UnitTestResult executionId="7769c116-c730-4f7b-9a69-7883eabce051" testId="c6fd5cf0-2517-ea4f-942f-6a1c4aeeba9b" testName="WhenConvertingFromStringItShouldReturnIntValue" computerName="DKSR-EFI-06" duration="00:00:00.0001911" startTime="2024-01-09T15:40:48.1796514+01:00" endTime="2024-01-09T15:40:48.1796514+01:00" testType="13cdc9d9-ddb5-4fa4-a97d-d965ccfc6d4b" outcome="Passed" testListId="8c84fa94-04c1-424b-9868-57a2d4851a1d" relativeResultsDirectory="7769c116-c730-4f7b-9a69-7883eabce051" />
  </Results>
  <TestDefinitions>
    <UnitTest name="WhenConvertingBackItShouldReturnStringValue" storage="d:\actions-runner\_work\xpco\xpco\addons\plugins\multiroomaudio\tst\videoos.plugins.multiroomaudio.mc.unittests\bin\x64\debug\net472\videoos.plugins.multiroomaudio.mc.unittests.dll" id="589280b0-2583-930c-835a-f736f615bc00">
      <Execution id="17d1b5a6-a36b-41d2-8326-8ffe23e2597d" />
      <TestMethod codeBase="D:\actions-runner\_work\XPCO\XPCO\AddOns\Plugins\MultiroomAudio\tst\VideoOS.Plugins.MultiroomAudio.MC.UnitTests\bin\x64\Debug\net472\VideoOS.Plugins.MultiroomAudio.MC.UnitTests.dll" adapterTypeName="executor://mstestadapter/v2" className="VideoOS.Plugins.MultiroomAudio.MC.UnitTests.StringToIntegerConverterTests" name="WhenConvertingBackItShouldReturnStringValue" />
    </UnitTest>
    <UnitTest name="IncrementTimeoutCommandIncrementsOneTimeUnit" storage="d:\actions-runner\_work\xpco\xpco\addons\plugins\multiroomaudio\tst\videoos.plugins.multiroomaudio.mc.unittests\bin\x64\debug\net472\videoos.plugins.multiroomaudio.mc.unittests.dll" id="7b033585-53bd-9c64-3f9f-0d2d29f2fb77">
      <Execution id="35763a21-bb30-42fa-9ca2-dcba2a9acc29" />
      <TestMethod codeBase="D:\actions-runner\_work\XPCO\XPCO\AddOns\Plugins\MultiroomAudio\tst\VideoOS.Plugins.MultiroomAudio.MC.UnitTests\bin\x64\Debug\net472\VideoOS.Plugins.MultiroomAudio.MC.UnitTests.dll" adapterTypeName="executor://mstestadapter/v2" className="VideoOS.Plugins.MultiroomAudio.MC.UnitTests.MultiroomAudioViewModelTests" name="IncrementTimeoutCommandIncrementsOneTimeUnit" />
    </UnitTest>
    <UnitTest name="WhenViewModelIsFilledItShouldFireOnPropertyChangedEvent" storage="d:\actions-runner\_work\xpco\xpco\addons\plugins\multiroomaudio\tst\videoos.plugins.multiroomaudio.mc.unittests\bin\x64\debug\net472\videoos.plugins.multiroomaudio.mc.unittests.dll" id="ba52ae88-bf05-60cd-8fc7-f649e733dc8a">
      <Execution id="89ab4e4f-0966-4a70-9752-56cd31d0c561" />
      <TestMethod codeBase="D:\actions-runner\_work\XPCO\XPCO\AddOns\Plugins\MultiroomAudio\tst\VideoOS.Plugins.MultiroomAudio.MC.UnitTests\bin\x64\Debug\net472\VideoOS.Plugins.MultiroomAudio.MC.UnitTests.dll" adapterTypeName="executor://mstestadapter/v2" className="VideoOS.Plugins.MultiroomAudio.MC.UnitTests.MultiroomAudioViewModelTests" name="WhenViewModelIsFilledItShouldFireOnPropertyChangedEvent" />
    </UnitTest>
    <UnitTest name="DecrementTimeoutCommandDecrementsOneTimeUnit" storage="d:\actions-runner\_work\xpco\xpco\addons\plugins\multiroomaudio\tst\videoos.plugins.multiroomaudio.mc.unittests\bin\x64\debug\net472\videoos.plugins.multiroomaudio.mc.unittests.dll" id="55203d10-4498-1901-6e38-8c85e0805381">
      <Execution id="cbcb9d6b-5696-48cc-990d-d1f071bf12c0" />
      <TestMethod codeBase="D:\actions-runner\_work\XPCO\XPCO\AddOns\Plugins\MultiroomAudio\tst\VideoOS.Plugins.MultiroomAudio.MC.UnitTests\bin\x64\Debug\net472\VideoOS.Plugins.MultiroomAudio.MC.UnitTests.dll" adapterTypeName="executor://mstestadapter/v2" className="VideoOS.Plugins.MultiroomAudio.MC.UnitTests.MultiroomAudioViewModelTests" name="DecrementTimeoutCommandDecrementsOneTimeUnit" />
    </UnitTest>
    <UnitTest name="TimeoutSettingDefaultIsTheExpectedOne" storage="d:\actions-runner\_work\xpco\xpco\addons\plugins\multiroomaudio\tst\videoos.plugins.multiroomaudio.mc.unittests\bin\x64\debug\net472\videoos.plugins.multiroomaudio.mc.unittests.dll" id="96fb54eb-a55e-21bd-5ab3-c4a706d01c79">
      <Execution id="11b8e81b-7b5c-4b40-a67b-b61cd54177b6" />
      <TestMethod codeBase="D:\actions-runner\_work\XPCO\XPCO\AddOns\Plugins\MultiroomAudio\tst\VideoOS.Plugins.MultiroomAudio.MC.UnitTests\bin\x64\Debug\net472\VideoOS.Plugins.MultiroomAudio.MC.UnitTests.dll" adapterTypeName="executor://mstestadapter/v2" className="VideoOS.Plugins.MultiroomAudio.MC.UnitTests.MultiroomAudioViewModelTests" name="TimeoutSettingDefaultIsTheExpectedOne" />
    </UnitTest>
    <UnitTest name="WhenConvertingFromIntItShouldReturnIntValue" storage="d:\actions-runner\_work\xpco\xpco\addons\plugins\multiroomaudio\tst\videoos.plugins.multiroomaudio.mc.unittests\bin\x64\debug\net472\videoos.plugins.multiroomaudio.mc.unittests.dll" id="8214f5f5-5051-8c52-f76f-1da0a186b2ec">
      <Execution id="23db54ff-69e0-4e35-b43f-734b06d6082b" />
      <TestMethod codeBase="D:\actions-runner\_work\XPCO\XPCO\AddOns\Plugins\MultiroomAudio\tst\VideoOS.Plugins.MultiroomAudio.MC.UnitTests\bin\x64\Debug\net472\VideoOS.Plugins.MultiroomAudio.MC.UnitTests.dll" adapterTypeName="executor://mstestadapter/v2" className="VideoOS.Plugins.MultiroomAudio.MC.UnitTests.StringToIntegerConverterTests" name="WhenConvertingFromIntItShouldReturnIntValue" />
    </UnitTest>
    <UnitTest name="WhenItemIsNullReturnTheDefaultTimeout" storage="d:\actions-runner\_work\xpco\xpco\addons\plugins\multiroomaudio\tst\videoos.plugins.multiroomaudio.mc.unittests\bin\x64\debug\net472\videoos.plugins.multiroomaudio.mc.unittests.dll" id="d425ac86-d7af-b159-d673-549746c0326a">
      <Execution id="90f8f3a4-f6e0-40fe-b556-40f4ad785c1c" />
      <TestMethod codeBase="D:\actions-runner\_work\XPCO\XPCO\AddOns\Plugins\MultiroomAudio\tst\VideoOS.Plugins.MultiroomAudio.MC.UnitTests\bin\x64\Debug\net472\VideoOS.Plugins.MultiroomAudio.MC.UnitTests.dll" adapterTypeName="executor://mstestadapter/v2" className="VideoOS.Plugins.MultiroomAudio.MC.UnitTests.MultiroomAudioConfigurationTests" name="WhenItemIsNullReturnTheDefaultTimeout" />
    </UnitTest>
    <UnitTest name="WhenViewModelClearedNoExceptionIsThrown" storage="d:\actions-runner\_work\xpco\xpco\addons\plugins\multiroomaudio\tst\videoos.plugins.multiroomaudio.mc.unittests\bin\x64\debug\net472\videoos.plugins.multiroomaudio.mc.unittests.dll" id="f0dd6768-c4e4-039c-4d69-dc79183ed971">
      <Execution id="6d6c7f14-12d2-4475-86d5-00f5b4890537" />
      <TestMethod codeBase="D:\actions-runner\_work\XPCO\XPCO\AddOns\Plugins\MultiroomAudio\tst\VideoOS.Plugins.MultiroomAudio.MC.UnitTests\bin\x64\Debug\net472\VideoOS.Plugins.MultiroomAudio.MC.UnitTests.dll" adapterTypeName="executor://mstestadapter/v2" className="VideoOS.Plugins.MultiroomAudio.MC.UnitTests.MultiroomAudioViewModelTests" name="WhenViewModelClearedNoExceptionIsThrown" />
    </UnitTest>
    <UnitTest name="ConfigurationRepositoryInitializesProperlyTest" storage="d:\actions-runner\_work\xpco\xpco\addons\plugins\multiroomaudio\tst\videoos.plugins.multiroomaudio.mc.unittests\bin\x64\debug\net472\videoos.plugins.multiroomaudio.mc.unittests.dll" id="ecc1f184-6199-5d9d-9d13-dfec426e421e">
      <Execution id="eccb401f-5be4-4096-b295-482c51def5ae" />
      <TestMethod codeBase="D:\actions-runner\_work\XPCO\XPCO\AddOns\Plugins\MultiroomAudio\tst\VideoOS.Plugins.MultiroomAudio.MC.UnitTests\bin\x64\Debug\net472\VideoOS.Plugins.MultiroomAudio.MC.UnitTests.dll" adapterTypeName="executor://mstestadapter/v2" className="VideoOS.Plugins.MultiroomAudio.MC.UnitTests.MultiroomAudioConfigurationRepositoryTests" name="ConfigurationRepositoryInitializesProperlyTest" />
    </UnitTest>
    <UnitTest name="WhenTimerIsNotModifiedAndSavedItShouldNotBeAuditLogged" storage="d:\actions-runner\_work\xpco\xpco\addons\plugins\multiroomaudio\tst\videoos.plugins.multiroomaudio.mc.unittests\bin\x64\debug\net472\videoos.plugins.multiroomaudio.mc.unittests.dll" id="3c2e53aa-8c3b-b76c-2e1f-7895192c09d5">
      <Execution id="633a6bc7-923d-4328-9bfd-edcb6f0fb46f" />
      <TestMethod codeBase="D:\actions-runner\_work\XPCO\XPCO\AddOns\Plugins\MultiroomAudio\tst\VideoOS.Plugins.MultiroomAudio.MC.UnitTests\bin\x64\Debug\net472\VideoOS.Plugins.MultiroomAudio.MC.UnitTests.dll" adapterTypeName="executor://mstestadapter/v2" className="VideoOS.Plugins.MultiroomAudio.MC.UnitTests.MultiroomAudioViewModelTests" name="WhenTimerIsNotModifiedAndSavedItShouldNotBeAuditLogged" />
    </UnitTest>
    <UnitTest name="WhenMultiroomAudioAdminIsConstructedItShouldAssignProperties" storage="d:\actions-runner\_work\xpco\xpco\addons\plugins\multiroomaudio\tst\videoos.plugins.multiroomaudio.mc.unittests\bin\x64\debug\net472\videoos.plugins.multiroomaudio.mc.unittests.dll" id="03f5b965-b0e4-fc3b-648a-ecbf9984aaa8">
      <Execution id="66aa19b0-3b63-470c-8412-f9f48ca279c8" />
      <TestMethod codeBase="D:\actions-runner\_work\XPCO\XPCO\AddOns\Plugins\MultiroomAudio\tst\VideoOS.Plugins.MultiroomAudio.MC.UnitTests\bin\x64\Debug\net472\VideoOS.Plugins.MultiroomAudio.MC.UnitTests.dll" adapterTypeName="executor://mstestadapter/v2" className="VideoOS.Plugins.MultiroomAudio.MC.UnitTests.MultiroomAudioAdminTests" name="WhenMultiroomAudioAdminIsConstructedItShouldAssignProperties" />
    </UnitTest>
    <UnitTest name="DecrementTimeoutBelowMinimum" storage="d:\actions-runner\_work\xpco\xpco\addons\plugins\multiroomaudio\tst\videoos.plugins.multiroomaudio.mc.unittests\bin\x64\debug\net472\videoos.plugins.multiroomaudio.mc.unittests.dll" id="af3e6935-f51c-0920-b87a-bc0a373570f9">
      <Execution id="f97f9c12-467f-4e0f-9ce6-98b3afae7f4e" />
      <TestMethod codeBase="D:\actions-runner\_work\XPCO\XPCO\AddOns\Plugins\MultiroomAudio\tst\VideoOS.Plugins.MultiroomAudio.MC.UnitTests\bin\x64\Debug\net472\VideoOS.Plugins.MultiroomAudio.MC.UnitTests.dll" adapterTypeName="executor://mstestadapter/v2" className="VideoOS.Plugins.MultiroomAudio.MC.UnitTests.MultiroomAudioViewModelTests" name="DecrementTimeoutBelowMinimum" />
    </UnitTest>
    <UnitTest name="WhenConvertingFromStringItShouldReturnIntValue" storage="d:\actions-runner\_work\xpco\xpco\addons\plugins\multiroomaudio\tst\videoos.plugins.multiroomaudio.mc.unittests\bin\x64\debug\net472\videoos.plugins.multiroomaudio.mc.unittests.dll" id="c6fd5cf0-2517-ea4f-942f-6a1c4aeeba9b">
      <Execution id="7769c116-c730-4f7b-9a69-7883eabce051" />
      <TestMethod codeBase="D:\actions-runner\_work\XPCO\XPCO\AddOns\Plugins\MultiroomAudio\tst\VideoOS.Plugins.MultiroomAudio.MC.UnitTests\bin\x64\Debug\net472\VideoOS.Plugins.MultiroomAudio.MC.UnitTests.dll" adapterTypeName="executor://mstestadapter/v2" className="VideoOS.Plugins.MultiroomAudio.MC.UnitTests.StringToIntegerConverterTests" name="WhenConvertingFromStringItShouldReturnIntValue" />
    </UnitTest>
    <UnitTest name="IncrementTimeoutAboveMaximum" storage="d:\actions-runner\_work\xpco\xpco\addons\plugins\multiroomaudio\tst\videoos.plugins.multiroomaudio.mc.unittests\bin\x64\debug\net472\videoos.plugins.multiroomaudio.mc.unittests.dll" id="5db0f056-2cc2-377d-80e5-4e9ba5ea45be">
      <Execution id="572de7c4-6a40-4197-8bc9-6d684a82ef07" />
      <TestMethod codeBase="D:\actions-runner\_work\XPCO\XPCO\AddOns\Plugins\MultiroomAudio\tst\VideoOS.Plugins.MultiroomAudio.MC.UnitTests\bin\x64\Debug\net472\VideoOS.Plugins.MultiroomAudio.MC.UnitTests.dll" adapterTypeName="executor://mstestadapter/v2" className="VideoOS.Plugins.MultiroomAudio.MC.UnitTests.MultiroomAudioViewModelTests" name="IncrementTimeoutAboveMaximum" />
    </UnitTest>
    <UnitTest name="ViewModelRecoversStoredTimeoutValue" storage="d:\actions-runner\_work\xpco\xpco\addons\plugins\multiroomaudio\tst\videoos.plugins.multiroomaudio.mc.unittests\bin\x64\debug\net472\videoos.plugins.multiroomaudio.mc.unittests.dll" id="909c8658-314c-20e5-44af-b7d8e69d2ac2">
      <Execution id="5c031875-ffe1-4177-a238-adf15c179ac3" />
      <TestMethod codeBase="D:\actions-runner\_work\XPCO\XPCO\AddOns\Plugins\MultiroomAudio\tst\VideoOS.Plugins.MultiroomAudio.MC.UnitTests\bin\x64\Debug\net472\VideoOS.Plugins.MultiroomAudio.MC.UnitTests.dll" adapterTypeName="executor://mstestadapter/v2" className="VideoOS.Plugins.MultiroomAudio.MC.UnitTests.MultiroomAudioViewModelTests" name="ViewModelRecoversStoredTimeoutValue" />
    </UnitTest>
    <UnitTest name="ReportPropertiesWhenInvokedReturnTimeout" storage="d:\actions-runner\_work\xpco\xpco\addons\plugins\multiroomaudio\tst\videoos.plugins.multiroomaudio.mc.unittests\bin\x64\debug\net472\videoos.plugins.multiroomaudio.mc.unittests.dll" id="65e614dd-ff75-d5f3-94fa-43b91a2d51ee">
      <Execution id="5fdda66f-788f-4b22-a088-177264514767" />
      <TestMethod codeBase="D:\actions-runner\_work\XPCO\XPCO\AddOns\Plugins\MultiroomAudio\tst\VideoOS.Plugins.MultiroomAudio.MC.UnitTests\bin\x64\Debug\net472\VideoOS.Plugins.MultiroomAudio.MC.UnitTests.dll" adapterTypeName="executor://mstestadapter/v2" className="VideoOS.Plugins.MultiroomAudio.MC.UnitTests.MultiroomAudioConfigurationTests" name="ReportPropertiesWhenInvokedReturnTimeout" />
    </UnitTest>
    <UnitTest name="ViewModelStoresTimeoutValue" storage="d:\actions-runner\_work\xpco\xpco\addons\plugins\multiroomaudio\tst\videoos.plugins.multiroomaudio.mc.unittests\bin\x64\debug\net472\videoos.plugins.multiroomaudio.mc.unittests.dll" id="51b73639-0b31-874e-21dd-61e1f5a4a520">
      <Execution id="11379c98-92ca-48b7-ba95-9339f3eca0b9" />
      <TestMethod codeBase="D:\actions-runner\_work\XPCO\XPCO\AddOns\Plugins\MultiroomAudio\tst\VideoOS.Plugins.MultiroomAudio.MC.UnitTests\bin\x64\Debug\net472\VideoOS.Plugins.MultiroomAudio.MC.UnitTests.dll" adapterTypeName="executor://mstestadapter/v2" className="VideoOS.Plugins.MultiroomAudio.MC.UnitTests.MultiroomAudioViewModelTests" name="ViewModelStoresTimeoutValue" />
    </UnitTest>
    <UnitTest name="WhenTimerIsModifiedAndSavedItShouldBeAuditLogged" storage="d:\actions-runner\_work\xpco\xpco\addons\plugins\multiroomaudio\tst\videoos.plugins.multiroomaudio.mc.unittests\bin\x64\debug\net472\videoos.plugins.multiroomaudio.mc.unittests.dll" id="0f94288f-ea2f-a7ac-ec21-81c2c33471dd">
      <Execution id="a851a2bc-8de7-4bce-bdfa-5115c4fcd92f" />
      <TestMethod codeBase="D:\actions-runner\_work\XPCO\XPCO\AddOns\Plugins\MultiroomAudio\tst\VideoOS.Plugins.MultiroomAudio.MC.UnitTests\bin\x64\Debug\net472\VideoOS.Plugins.MultiroomAudio.MC.UnitTests.dll" adapterTypeName="executor://mstestadapter/v2" className="VideoOS.Plugins.MultiroomAudio.MC.UnitTests.MultiroomAudioViewModelTests" name="WhenTimerIsModifiedAndSavedItShouldBeAuditLogged" />
    </UnitTest>
  </TestDefinitions>
  <TestEntries>
    <TestEntry testId="0f94288f-ea2f-a7ac-ec21-81c2c33471dd" executionId="a851a2bc-8de7-4bce-bdfa-5115c4fcd92f" testListId="8c84fa94-04c1-424b-9868-57a2d4851a1d" />
    <TestEntry testId="ecc1f184-6199-5d9d-9d13-dfec426e421e" executionId="eccb401f-5be4-4096-b295-482c51def5ae" testListId="8c84fa94-04c1-424b-9868-57a2d4851a1d" />
    <TestEntry testId="55203d10-4498-1901-6e38-8c85e0805381" executionId="cbcb9d6b-5696-48cc-990d-d1f071bf12c0" testListId="8c84fa94-04c1-424b-9868-57a2d4851a1d" />
    <TestEntry testId="ba52ae88-bf05-60cd-8fc7-f649e733dc8a" executionId="89ab4e4f-0966-4a70-9752-56cd31d0c561" testListId="8c84fa94-04c1-424b-9868-57a2d4851a1d" />
    <TestEntry testId="51b73639-0b31-874e-21dd-61e1f5a4a520" executionId="11379c98-92ca-48b7-ba95-9339f3eca0b9" testListId="8c84fa94-04c1-424b-9868-57a2d4851a1d" />
    <TestEntry testId="8214f5f5-5051-8c52-f76f-1da0a186b2ec" executionId="23db54ff-69e0-4e35-b43f-734b06d6082b" testListId="8c84fa94-04c1-424b-9868-57a2d4851a1d" />
    <TestEntry testId="03f5b965-b0e4-fc3b-648a-ecbf9984aaa8" executionId="66aa19b0-3b63-470c-8412-f9f48ca279c8" testListId="8c84fa94-04c1-424b-9868-57a2d4851a1d" />
    <TestEntry testId="65e614dd-ff75-d5f3-94fa-43b91a2d51ee" executionId="5fdda66f-788f-4b22-a088-177264514767" testListId="8c84fa94-04c1-424b-9868-57a2d4851a1d" />
    <TestEntry testId="5db0f056-2cc2-377d-80e5-4e9ba5ea45be" executionId="572de7c4-6a40-4197-8bc9-6d684a82ef07" testListId="8c84fa94-04c1-424b-9868-57a2d4851a1d" />
    <TestEntry testId="d425ac86-d7af-b159-d673-549746c0326a" executionId="90f8f3a4-f6e0-40fe-b556-40f4ad785c1c" testListId="8c84fa94-04c1-424b-9868-57a2d4851a1d" />
    <TestEntry testId="589280b0-2583-930c-835a-f736f615bc00" executionId="17d1b5a6-a36b-41d2-8326-8ffe23e2597d" testListId="8c84fa94-04c1-424b-9868-57a2d4851a1d" />
    <TestEntry testId="96fb54eb-a55e-21bd-5ab3-c4a706d01c79" executionId="11b8e81b-7b5c-4b40-a67b-b61cd54177b6" testListId="8c84fa94-04c1-424b-9868-57a2d4851a1d" />
    <TestEntry testId="909c8658-314c-20e5-44af-b7d8e69d2ac2" executionId="5c031875-ffe1-4177-a238-adf15c179ac3" testListId="8c84fa94-04c1-424b-9868-57a2d4851a1d" />
    <TestEntry testId="f0dd6768-c4e4-039c-4d69-dc79183ed971" executionId="6d6c7f14-12d2-4475-86d5-00f5b4890537" testListId="8c84fa94-04c1-424b-9868-57a2d4851a1d" />
    <TestEntry testId="3c2e53aa-8c3b-b76c-2e1f-7895192c09d5" executionId="633a6bc7-923d-4328-9bfd-edcb6f0fb46f" testListId="8c84fa94-04c1-424b-9868-57a2d4851a1d" />
    <TestEntry testId="7b033585-53bd-9c64-3f9f-0d2d29f2fb77" executionId="35763a21-bb30-42fa-9ca2-dcba2a9acc29" testListId="8c84fa94-04c1-424b-9868-57a2d4851a1d" />
    <TestEntry testId="af3e6935-f51c-0920-b87a-bc0a373570f9" executionId="f97f9c12-467f-4e0f-9ce6-98b3afae7f4e" testListId="8c84fa94-04c1-424b-9868-57a2d4851a1d" />
    <TestEntry testId="c6fd5cf0-2517-ea4f-942f-6a1c4aeeba9b" executionId="7769c116-c730-4f7b-9a69-7883eabce051" testListId="8c84fa94-04c1-424b-9868-57a2d4851a1d" />
  </TestEntries>
  <TestLists>
    <TestList name="Results Not in a List" id="8c84fa94-04c1-424b-9868-57a2d4851a1d" />
    <TestList name="All Loaded Results" id="19431567-8539-422a-85d7-44ee4e166bda" />
  </TestLists>
  <ResultSummary outcome="Completed">
    <Counters total="18" executed="18" passed="18" failed="0" error="0" timeout="0" aborted="0" inconclusive="0" passedButRunAborted="0" notRunnable="0" notExecuted="0" disconnected="0" warning="0" completed="0" inProgress="0" pending="0" />
  </ResultSummary>
</TestRun>