<?xml version="1.0" encoding="utf-8"?>
<TestRun id="0ea39e91-59dc-43f4-8e82-d44a9e4cd37c" name="DKSR-EFI-06$@DKSR-EFI-06 2024-01-09 15:42:17" runUser="NT AUTHORITY\NETWORK SERVICE" xmlns="http://microsoft.com/schemas/VisualStudio/TeamTest/2010">
  <Times creation="2024-01-09T15:42:17.1539593+01:00" queuing="2024-01-09T15:42:17.1539593+01:00" start="2024-01-09T15:42:05.6695549+01:00" finish="2024-01-09T15:42:19.4039599+01:00" />
  <TestSettings name="default" id="39965b42-6f19-4f5f-9ff3-7f563e23b0f3">
    <Deployment runDeploymentRoot="DKSR-EFI-06$_DKSR-EFI-06_2024-01-09_15_42_17" />
  </TestSettings>
  <Results>
    <UnitTestResult executionId="5519293a-d0b8-4081-a9d0-ae4b6c1fb000" testId="a7cad532-c972-afa6-dc73-74692ea943e9" testName="AuthenticateToken_CommunicationError_ShouldThrowReportServerException" computerName="DKSR-EFI-06" duration="00:00:00.0013437" startTime="2024-01-09T15:42:18.3102109+01:00" endTime="2024-01-09T15:42:18.3102109+01:00" testType="13cdc9d9-ddb5-4fa4-a97d-d965ccfc6d4b" outcome="Passed" testListId="8c84fa94-04c1-424b-9868-57a2d4851a1d" relativeResultsDirectory="5519293a-d0b8-4081-a9d0-ae4b6c1fb000" />
    <UnitTestResult executionId="bf5b399d-2f87-4909-9aba-2068ad84ec43" testId="fee73152-7925-fb6c-5540-f2a507d1cdf8" testName="GetDeviceStatusByCameraGroupId_WithoutInvoking_ReturnsUnknown" computerName="DKSR-EFI-06" duration="00:00:00.0024142" startTime="2024-01-09T15:42:17.6852095+01:00" endTime="2024-01-09T15:42:17.6852095+01:00" testType="13cdc9d9-ddb5-4fa4-a97d-d965ccfc6d4b" outcome="Passed" testListId="8c84fa94-04c1-424b-9868-57a2d4851a1d" relativeResultsDirectory="bf5b399d-2f87-4909-9aba-2068ad84ec43" />
    <UnitTestResult executionId="a363b43a-37e0-4f1c-a9df-c26518c17144" testId="e2128efa-c182-8d99-9fa7-df32553fd233" testName="GetDeviceStatusByCameraId_WithExceptionInFunction_ShouldReturn0BytesAndNotThrowError" computerName="DKSR-EFI-06" duration="00:00:00.0021858" startTime="2024-01-09T15:42:17.7164591+01:00" endTime="2024-01-09T15:42:17.7164591+01:00" testType="13cdc9d9-ddb5-4fa4-a97d-d965ccfc6d4b" outcome="Passed" testListId="8c84fa94-04c1-424b-9868-57a2d4851a1d" relativeResultsDirectory="a363b43a-37e0-4f1c-a9df-c26518c17144" />
    <UnitTestResult executionId="1c19b373-021b-4cfd-b03d-92a3d903a34a" testId="0fea011d-344f-4fce-1b89-3f3232a1bf70" testName="GetHistoryData_WithDifferentParameters_ShouldCallAgentTwice" computerName="DKSR-EFI-06" duration="00:00:00.0008869" startTime="2024-01-09T15:42:16.8102078+01:00" endTime="2024-01-09T15:42:16.8102078+01:00" testType="13cdc9d9-ddb5-4fa4-a97d-d965ccfc6d4b" outcome="Passed" testListId="8c84fa94-04c1-424b-9868-57a2d4851a1d" relativeResultsDirectory="1c19b373-021b-4cfd-b03d-92a3d903a34a" />
    <UnitTestResult executionId="9bd3ecf3-6fe2-47ce-b62a-cc08ec855b89" testId="4b31a8de-93d9-2317-8253-1bffb6f133d3" testName="GetCalculatedUnit_Decimal (79228162514264337593543950335,7.378698E+19,GB)" computerName="DKSR-EFI-06" duration="00:00:00.0000255" startTime="2024-01-09T15:42:17.1539593+01:00" endTime="2024-01-09T15:42:17.1539593+01:00" testType="13cdc9d9-ddb5-4fa4-a97d-d965ccfc6d4b" outcome="Passed" testListId="8c84fa94-04c1-424b-9868-57a2d4851a1d" relativeResultsDirectory="9bd3ecf3-6fe2-47ce-b62a-cc08ec855b89" />
    <UnitTestResult executionId="ef6d556b-9999-4551-ae03-fab1ae0faab3" testId="f9e96ceb-ade1-0774-5cee-f1cadd158160" testName="GetDeviceStatusByCameraId_WithoutInvoking_ReturnsUnknown" computerName="DKSR-EFI-06" duration="00:00:00.0022174" startTime="2024-01-09T15:42:17.7008337+01:00" endTime="2024-01-09T15:42:17.7164591+01:00" testType="13cdc9d9-ddb5-4fa4-a97d-d965ccfc6d4b" outcome="Passed" testListId="8c84fa94-04c1-424b-9868-57a2d4851a1d" relativeResultsDirectory="ef6d556b-9999-4551-ae03-fab1ae0faab3" />
    <UnitTestResult executionId="6ee20c03-3792-4fbb-a7f2-bffd8463b733" testId="659cf522-9daa-662a-5b65-b554863959c6" testName="GetCalculatedUnit_Double (3.65375387554654E+47,3.402823E+38,GB)" computerName="DKSR-EFI-06" duration="00:00:00.0000147" startTime="2024-01-09T15:42:17.1539593+01:00" endTime="2024-01-09T15:42:17.1539593+01:00" testType="13cdc9d9-ddb5-4fa4-a97d-d965ccfc6d4b" outcome="Passed" testListId="8c84fa94-04c1-424b-9868-57a2d4851a1d" relativeResultsDirectory="6ee20c03-3792-4fbb-a7f2-bffd8463b733" />
    <UnitTestResult executionId="4c22662e-dc8e-420f-9686-054a81b39a44" testId="2edcc21b-2fd3-8ad6-2601-7be30d068452" testName="GetDeviceStatusByRecorderId_WithExceptionInFunction_ShouldReturn0BytesAndNotThrowError" computerName="DKSR-EFI-06" duration="00:00:00.0033167" startTime="2024-01-09T15:42:17.6852095+01:00" endTime="2024-01-09T15:42:17.6852095+01:00" testType="13cdc9d9-ddb5-4fa4-a97d-d965ccfc6d4b" outcome="Passed" testListId="8c84fa94-04c1-424b-9868-57a2d4851a1d" relativeResultsDirectory="4c22662e-dc8e-420f-9686-054a81b39a44" />
    <UnitTestResult executionId="f2049a29-485a-42e3-a4ec-96ef71f56138" testId="4db0be9d-0860-6932-3652-be2d1821ad10" testName="GetLiveCpu_Once_ShouldOnlyCallStartNewActionOnce" computerName="DKSR-EFI-06" duration="00:00:00.0079562" startTime="2024-01-09T15:42:18.2320853+01:00" endTime="2024-01-09T15:42:18.2477114+01:00" testType="13cdc9d9-ddb5-4fa4-a97d-d965ccfc6d4b" outcome="Passed" testListId="8c84fa94-04c1-424b-9868-57a2d4851a1d" relativeResultsDirectory="f2049a29-485a-42e3-a4ec-96ef71f56138" />
    <UnitTestResult executionId="7c38a55d-0dfe-4dc6-b399-b36ae9e41d7f" testId="a90135ab-03c6-3f45-baa1-ba9f0595e405" testName="GetDeviceStatusByCameraId_WithInvokingAfterRetentionTime_CalledNewObjectTwice" computerName="DKSR-EFI-06" duration="00:00:00.0018355" startTime="2024-01-09T15:42:17.7164591+01:00" endTime="2024-01-09T15:42:17.7164591+01:00" testType="13cdc9d9-ddb5-4fa4-a97d-d965ccfc6d4b" outcome="Passed" testListId="8c84fa94-04c1-424b-9868-57a2d4851a1d" relativeResultsDirectory="7c38a55d-0dfe-4dc6-b399-b36ae9e41d7f" />
    <UnitTestResult executionId="b3ea10d4-e1eb-48f2-82c7-ee6de7202534" testId="3b060c43-fb18-736c-6620-c8019a3d253d" testName="GetDeviceStatusByCameraGroupId_WithInvoking_ReturnsMBs" computerName="DKSR-EFI-06" duration="00:00:00.0020111" startTime="2024-01-09T15:42:17.7008337+01:00" endTime="2024-01-09T15:42:17.7008337+01:00" testType="13cdc9d9-ddb5-4fa4-a97d-d965ccfc6d4b" outcome="Passed" testListId="8c84fa94-04c1-424b-9868-57a2d4851a1d" relativeResultsDirectory="b3ea10d4-e1eb-48f2-82c7-ee6de7202534" />
    <UnitTestResult executionId="462b7626-9e16-49ed-b724-e2c4a0bdb8d9" testId="81451898-976c-e980-1ee2-2b978cfd58d4" testName="GetDeviceStatusByRecorderId_WithInvokingWithinTime_ReturnsMBs" computerName="DKSR-EFI-06" duration="00:00:00.0997074" startTime="2024-01-09T15:42:17.5602079+01:00" endTime="2024-01-09T15:42:17.6695871+01:00" testType="13cdc9d9-ddb5-4fa4-a97d-d965ccfc6d4b" outcome="Passed" testListId="8c84fa94-04c1-424b-9868-57a2d4851a1d" relativeResultsDirectory="462b7626-9e16-49ed-b724-e2c4a0bdb8d9" />
    <UnitTestResult executionId="059761f1-d221-45c2-916e-9e79e24e1cea" testId="0ccce860-e4a4-f4db-8880-678875ed9a1b" testName="GetSummaryData_WithDifferentParameters_ShouldCallAgentTwice" computerName="DKSR-EFI-06" duration="00:00:00.0040596" startTime="2024-01-09T15:42:16.8102078+01:00" endTime="2024-01-09T15:42:16.8102078+01:00" testType="13cdc9d9-ddb5-4fa4-a97d-d965ccfc6d4b" outcome="Passed" testListId="8c84fa94-04c1-424b-9868-57a2d4851a1d" relativeResultsDirectory="059761f1-d221-45c2-916e-9e79e24e1cea" />
    <UnitTestResult executionId="753d6f70-05c0-467a-b204-b4b48b722ba4" testId="a9d13c3c-8ed5-89f4-0076-72884776b56b" testName="GetDeviceStatus_InvalidUri_ReturnsEmptyObjects" computerName="DKSR-EFI-06" duration="00:00:00.0018985" startTime="2024-01-09T15:42:18.2789613+01:00" endTime="2024-01-09T15:42:18.2789613+01:00" testType="13cdc9d9-ddb5-4fa4-a97d-d965ccfc6d4b" outcome="Passed" testListId="8c84fa94-04c1-424b-9868-57a2d4851a1d" relativeResultsDirectory="753d6f70-05c0-467a-b204-b4b48b722ba4" />
    <UnitTestResult executionId="8943e5d9-5b23-4cc3-afbf-5760f39abbcb" testId="e703b7d3-193c-ee13-68ec-017971e88225" testName="GetDeviceStatusByCameraGroupId_WithInvokingAfterRetentionTime_CalledNewObjectTwice" computerName="DKSR-EFI-06" duration="00:00:00.0018012" startTime="2024-01-09T15:42:17.7008337+01:00" endTime="2024-01-09T15:42:17.7008337+01:00" testType="13cdc9d9-ddb5-4fa4-a97d-d965ccfc6d4b" outcome="Passed" testListId="8c84fa94-04c1-424b-9868-57a2d4851a1d" relativeResultsDirectory="8943e5d9-5b23-4cc3-afbf-5760f39abbcb" />
    <UnitTestResult executionId="726c7456-45a8-4c75-9f2d-49a867276b52" testId="dc6cf14c-f213-fc10-224c-222127875910" testName="GetCalculatedUnit_Double (1536,1.5,KB)" computerName="DKSR-EFI-06" duration="00:00:00.0002393" startTime="2024-01-09T15:42:17.1539593+01:00" endTime="2024-01-09T15:42:17.1539593+01:00" testType="13cdc9d9-ddb5-4fa4-a97d-d965ccfc6d4b" outcome="Passed" testListId="8c84fa94-04c1-424b-9868-57a2d4851a1d" relativeResultsDirectory="726c7456-45a8-4c75-9f2d-49a867276b52" />
    <UnitTestResult executionId="bb195bb9-2e1b-4178-a887-56cc82eac4ae" testId="faa1ce73-878b-4e8f-15fc-64bef5ef0998" testName="GetAdaptersLiveData_TwiceCalledWithinRetentionTime_CallsStartNewOnce" computerName="DKSR-EFI-06" duration="00:00:00.3706696" startTime="2024-01-09T15:42:17.8570849+01:00" endTime="2024-01-09T15:42:18.2320853+01:00" testType="13cdc9d9-ddb5-4fa4-a97d-d965ccfc6d4b" outcome="Passed" testListId="8c84fa94-04c1-424b-9868-57a2d4851a1d" relativeResultsDirectory="bb195bb9-2e1b-4178-a887-56cc82eac4ae" />
    <UnitTestResult executionId="b0099683-6f62-4e60-b8d6-14cdc2c1f8b9" testId="76b660b8-7e24-b65d-47ba-a7e5a1c01fb2" testName="GetCalculatedUnit_Decimal (1536,1.5,KB)" computerName="DKSR-EFI-06" duration="00:00:00.0009197" startTime="2024-01-09T15:42:17.1383380+01:00" endTime="2024-01-09T15:42:17.1383380+01:00" testType="13cdc9d9-ddb5-4fa4-a97d-d965ccfc6d4b" outcome="Passed" testListId="8c84fa94-04c1-424b-9868-57a2d4851a1d" relativeResultsDirectory="b0099683-6f62-4e60-b8d6-14cdc2c1f8b9" />
    <UnitTestResult executionId="4c02f260-0c01-4c02-b608-5c353722eb24" testId="672c9192-9148-31f2-1960-5bdc046df8a4" testName="AuthenticateToken_WithValidUserReturningAUserName_ShouldReturnTrue" computerName="DKSR-EFI-06" duration="00:00:00.0006290" startTime="2024-01-09T15:42:18.3102109+01:00" endTime="2024-01-09T15:42:18.3102109+01:00" testType="13cdc9d9-ddb5-4fa4-a97d-d965ccfc6d4b" outcome="Passed" testListId="8c84fa94-04c1-424b-9868-57a2d4851a1d" relativeResultsDirectory="4c02f260-0c01-4c02-b608-5c353722eb24" />
    <UnitTestResult executionId="6fc21df3-2c2d-4dff-a31d-b3e8a6ae6766" testId="939493c7-fab7-a3bb-84b5-080966ffba87" testName="GetRecorderStatus_TwiceWithinTheChaceRetention_ShouldOnlyCallStartNewActionOnce" computerName="DKSR-EFI-06" duration="00:00:00.0096601" startTime="2024-01-09T15:42:18.3884180+01:00" endTime="2024-01-09T15:42:18.4039585+01:00" testType="13cdc9d9-ddb5-4fa4-a97d-d965ccfc6d4b" outcome="Passed" testListId="8c84fa94-04c1-424b-9868-57a2d4851a1d" relativeResultsDirectory="6fc21df3-2c2d-4dff-a31d-b3e8a6ae6766" />
    <UnitTestResult executionId="c1678425-0131-43de-b46c-d96c07375a38" testId="76a4a716-7d7c-0d94-eeb1-5b2ceed09427" testName="GetFailoverStatus_TwiceWithinTheChaceRetention_ShouldOnlyCallStartNewActionOnce" computerName="DKSR-EFI-06" duration="00:00:00.0057116" startTime="2024-01-09T15:42:18.3727093+01:00" endTime="2024-01-09T15:42:18.3884180+01:00" testType="13cdc9d9-ddb5-4fa4-a97d-d965ccfc6d4b" outcome="Passed" testListId="8c84fa94-04c1-424b-9868-57a2d4851a1d" relativeResultsDirectory="c1678425-0131-43de-b46c-d96c07375a38" />
    <UnitTestResult executionId="0654e4fe-efb2-4960-b1dc-9818abd98b83" testId="0b6f3d6c-718b-8d0f-7771-4cb998fb06c1" testName="GetAlarmSubReports_InvalidParameters_ShouldThrowAnInvalidParametersException" computerName="DKSR-EFI-06" duration="00:00:00.0011298" startTime="2024-01-09T15:42:16.7789562+01:00" endTime="2024-01-09T15:42:16.7945845+01:00" testType="13cdc9d9-ddb5-4fa4-a97d-d965ccfc6d4b" outcome="Passed" testListId="8c84fa94-04c1-424b-9868-57a2d4851a1d" relativeResultsDirectory="0654e4fe-efb2-4960-b1dc-9818abd98b83" />
    <UnitTestResult executionId="43cacffc-58b4-4230-ba14-6d948d339c10" testId="161db290-d062-7d03-e982-58214a69c00b" testName="AuthenticateToken_WithInvalidUserReturningAEmptyUserName_ShouldReturnFalse" computerName="DKSR-EFI-06" duration="00:00:00.0008510" startTime="2024-01-09T15:42:18.2945834+01:00" endTime="2024-01-09T15:42:18.3102109+01:00" testType="13cdc9d9-ddb5-4fa4-a97d-d965ccfc6d4b" outcome="Passed" testListId="8c84fa94-04c1-424b-9868-57a2d4851a1d" relativeResultsDirectory="43cacffc-58b4-4230-ba14-6d948d339c10" />
    <UnitTestResult executionId="7644f62e-2fef-4a86-9e97-6517be9448a0" testId="521f8ac1-2aa8-5ce9-81cc-1de3f5d89e8a" testName="GetCalculatedUnit_Double_HighValue_Returns_PositiveInfinite" computerName="DKSR-EFI-06" duration="00:00:00.0001907" startTime="2024-01-09T15:42:17.1695847+01:00" endTime="2024-01-09T15:42:17.1695847+01:00" testType="13cdc9d9-ddb5-4fa4-a97d-d965ccfc6d4b" outcome="Passed" testListId="8c84fa94-04c1-424b-9868-57a2d4851a1d" relativeResultsDirectory="7644f62e-2fef-4a86-9e97-6517be9448a0" />
    <UnitTestResult executionId="e98e6262-a347-44bf-b2bd-970959305de1" testId="277cb302-744a-ca69-dbb2-18147c3deac7" testName="AuthenticateToken_WithEmptyString_ShouldThrowException" computerName="DKSR-EFI-06" duration="00:00:00.0019401" startTime="2024-01-09T15:42:18.2945834+01:00" endTime="2024-01-09T15:42:18.2945834+01:00" testType="13cdc9d9-ddb5-4fa4-a97d-d965ccfc6d4b" outcome="Passed" testListId="8c84fa94-04c1-424b-9868-57a2d4851a1d" relativeResultsDirectory="e98e6262-a347-44bf-b2bd-970959305de1" />
    <UnitTestResult executionId="97d59399-aac8-440d-aaa8-8efbb8dd7097" testId="4312d8b0-8207-ac45-ae41-610f3ede0de1" testName="GetDeviceStatus_ValidInput_ReturnsCorrectIds" computerName="DKSR-EFI-06" duration="00:00:00.0143510" startTime="2024-01-09T15:42:18.2633345+01:00" endTime="2024-01-09T15:42:18.2789613+01:00" testType="13cdc9d9-ddb5-4fa4-a97d-d965ccfc6d4b" outcome="Passed" testListId="8c84fa94-04c1-424b-9868-57a2d4851a1d" relativeResultsDirectory="97d59399-aac8-440d-aaa8-8efbb8dd7097" />
    <UnitTestResult executionId="5e674b37-5dc8-4c2e-a1e4-5b51a7a34b4f" testId="bab117d9-7185-f857-7038-0df760181645" testName="GetLiveCpu_TwiceWithinChacheRetention_ShouldOnlyCallStartNewActionOnce" computerName="DKSR-EFI-06" duration="00:00:00.0066436" startTime="2024-01-09T15:42:18.2477114+01:00" endTime="2024-01-09T15:42:18.2477114+01:00" testType="13cdc9d9-ddb5-4fa4-a97d-d965ccfc6d4b" outcome="Passed" testListId="8c84fa94-04c1-424b-9868-57a2d4851a1d" relativeResultsDirectory="5e674b37-5dc8-4c2e-a1e4-5b51a7a34b4f" />
    <UnitTestResult executionId="597a887c-02bd-4cfb-97c2-91ace760756d" testId="58408764-929c-a3f2-b599-11fc333b47db" testName="GetDeviceStatusByRecorderId_WithoutInvoking_ReturnsUnknown" computerName="DKSR-EFI-06" duration="00:00:00.3941785" startTime="2024-01-09T15:42:17.1695847+01:00" endTime="2024-01-09T15:42:17.5602079+01:00" testType="13cdc9d9-ddb5-4fa4-a97d-d965ccfc6d4b" outcome="Passed" testListId="8c84fa94-04c1-424b-9868-57a2d4851a1d" relativeResultsDirectory="597a887c-02bd-4cfb-97c2-91ace760756d" />
    <UnitTestResult executionId="81074dfc-349c-4bdf-a3c4-e73fe4be927f" testId="ab1001c1-16c4-009d-b28e-3bb88b92bfa9" testName="GetDeviceStatusByCameraId_WithInvoking_ReturnsMBs" computerName="DKSR-EFI-06" duration="00:00:00.0018363" startTime="2024-01-09T15:42:17.7164591+01:00" endTime="2024-01-09T15:42:17.7164591+01:00" testType="13cdc9d9-ddb5-4fa4-a97d-d965ccfc6d4b" outcome="Passed" testListId="8c84fa94-04c1-424b-9868-57a2d4851a1d" relativeResultsDirectory="81074dfc-349c-4bdf-a3c4-e73fe4be927f" />
    <UnitTestResult executionId="4f783e83-5476-4611-a624-f065861ca461" testId="dc32eee3-db68-3763-c523-37e6c5baaf07" testName="GetRecorderStatus_Once_ShouldOnlyCallStartNewActionOnce" computerName="DKSR-EFI-06" duration="00:00:00.0020800" startTime="2024-01-09T15:42:18.3884180+01:00" endTime="2024-01-09T15:42:18.3884180+01:00" testType="13cdc9d9-ddb5-4fa4-a97d-d965ccfc6d4b" outcome="Passed" testListId="8c84fa94-04c1-424b-9868-57a2d4851a1d" relativeResultsDirectory="4f783e83-5476-4611-a624-f065861ca461" />
    <UnitTestResult executionId="3fbe7358-016b-48ec-847c-aa4608a43dfb" testId="4ceec934-e21f-8189-bc7f-3aa8ca951e75" testName="GetServers_WithValidParameters_ShouldReturnList" computerName="DKSR-EFI-06" duration="00:00:00.0025048" startTime="2024-01-09T15:42:16.8258355+01:00" endTime="2024-01-09T15:42:16.8258355+01:00" testType="13cdc9d9-ddb5-4fa4-a97d-d965ccfc6d4b" outcome="Passed" testListId="8c84fa94-04c1-424b-9868-57a2d4851a1d" relativeResultsDirectory="3fbe7358-016b-48ec-847c-aa4608a43dfb" />
    <UnitTestResult executionId="64e73775-9247-499e-b1fa-c64d43f31b7c" testId="482767b2-241e-2e05-aba4-6d5567f16965" testName="GetFailoverStatus_Once_ShouldOnlyCallStartNewActionOnce" computerName="DKSR-EFI-06" duration="00:00:00.0615558" startTime="2024-01-09T15:42:18.3102109+01:00" endTime="2024-01-09T15:42:18.3727093+01:00" testType="13cdc9d9-ddb5-4fa4-a97d-d965ccfc6d4b" outcome="Passed" testListId="8c84fa94-04c1-424b-9868-57a2d4851a1d" relativeResultsDirectory="64e73775-9247-499e-b1fa-c64d43f31b7c" />
    <UnitTestResult executionId="f1150dbe-f092-4bce-908b-41e4b06f241d" testId="1e0773f8-d3c9-3f52-3a3d-8856796ab317" testName="GetAdaptersLiveData_ValidData_CallsStartNewOnce" computerName="DKSR-EFI-06" duration="00:00:00.1256320" startTime="2024-01-09T15:42:17.7320842+01:00" endTime="2024-01-09T15:42:17.8570849+01:00" testType="13cdc9d9-ddb5-4fa4-a97d-d965ccfc6d4b" outcome="Passed" testListId="8c84fa94-04c1-424b-9868-57a2d4851a1d" relativeResultsDirectory="f1150dbe-f092-4bce-908b-41e4b06f241d" />
    <UnitTestResult executionId="0a0e72d2-26a4-444e-865d-cbe820f3ba7f" testId="a40cdc90-11e9-f953-9eff-1dafe521f38c" testName="GetSummaryData_WithWrongReportType_ShouldThrowInvalidParameterException" computerName="DKSR-EFI-06" duration="00:00:00.0024731" startTime="2024-01-09T15:42:16.8102078+01:00" endTime="2024-01-09T15:42:16.8258355+01:00" testType="13cdc9d9-ddb5-4fa4-a97d-d965ccfc6d4b" outcome="Passed" testListId="8c84fa94-04c1-424b-9868-57a2d4851a1d" relativeResultsDirectory="0a0e72d2-26a4-444e-865d-cbe820f3ba7f" />
    <UnitTestResult executionId="4d2188af-9e60-4985-8aed-7e48dc2862e5" testId="d6a53caf-73fc-9b44-5d7f-0852a36d7f28" testName="GetCalculatedUnit_ULong (18446744073709551615,1.717987E+10,GB)" computerName="DKSR-EFI-06" duration="00:00:00.0000149" startTime="2024-01-09T15:42:17.1383380+01:00" endTime="2024-01-09T15:42:17.1383380+01:00" testType="13cdc9d9-ddb5-4fa4-a97d-d965ccfc6d4b" outcome="Passed" testListId="8c84fa94-04c1-424b-9868-57a2d4851a1d" relativeResultsDirectory="4d2188af-9e60-4985-8aed-7e48dc2862e5" />
    <UnitTestResult executionId="336aefc2-e959-43be-a56b-bb453f297ed1" testId="c93aee31-e33b-d59f-6e33-7fee81533e22" testName="GetDeviceStatusByCameraGroupId_WithExceptionInFunction_ShouldReturn0BytesAndNotThrowError" computerName="DKSR-EFI-06" duration="00:00:00.0020895" startTime="2024-01-09T15:42:17.7008337+01:00" endTime="2024-01-09T15:42:17.7008337+01:00" testType="13cdc9d9-ddb5-4fa4-a97d-d965ccfc6d4b" outcome="Passed" testListId="8c84fa94-04c1-424b-9868-57a2d4851a1d" relativeResultsDirectory="336aefc2-e959-43be-a56b-bb453f297ed1" />
    <UnitTestResult executionId="01547698-60d4-4d54-ac6b-efce5e3b4e9d" testId="03253f43-2f83-0b71-af56-7ae9f93951ac" testName="GetCalculatedUnit_ULong (1536,1.5,KB)" computerName="DKSR-EFI-06" duration="00:00:00.0003704" startTime="2024-01-09T15:42:17.1383380+01:00" endTime="2024-01-09T15:42:17.1383380+01:00" testType="13cdc9d9-ddb5-4fa4-a97d-d965ccfc6d4b" outcome="Passed" testListId="8c84fa94-04c1-424b-9868-57a2d4851a1d" relativeResultsDirectory="01547698-60d4-4d54-ac6b-efce5e3b4e9d" />
    <UnitTestResult executionId="b6238167-2722-4e9f-a801-63a3cb561982" testId="6db3add2-afba-7f6e-17fb-d5ae62fb1ea4" testName="GetLiveCpu_TwiceOutsideChacheRetention_ShouldCallStartNewActionTwice" computerName="DKSR-EFI-06" duration="00:00:00.0020712" startTime="2024-01-09T15:42:18.2477114+01:00" endTime="2024-01-09T15:42:18.2633345+01:00" testType="13cdc9d9-ddb5-4fa4-a97d-d965ccfc6d4b" outcome="Passed" testListId="8c84fa94-04c1-424b-9868-57a2d4851a1d" relativeResultsDirectory="b6238167-2722-4e9f-a801-63a3cb561982" />
    <UnitTestResult executionId="ebbdc6b6-dd01-4b7d-a9a9-fef5a516cef1" testId="9dc4f212-b384-bc2b-e90a-807f29eda893" testName="GetDeviceStatusByRecorderId_WithInvokingAfterRetentionTime_CalledNewObjectTwice" computerName="DKSR-EFI-06" duration="00:00:00.0019482" startTime="2024-01-09T15:42:17.6852095+01:00" endTime="2024-01-09T15:42:17.6852095+01:00" testType="13cdc9d9-ddb5-4fa4-a97d-d965ccfc6d4b" outcome="Passed" testListId="8c84fa94-04c1-424b-9868-57a2d4851a1d" relativeResultsDirectory="ebbdc6b6-dd01-4b7d-a9a9-fef5a516cef1" />
    <UnitTestResult executionId="562921f2-2556-4fcc-8002-d01459e7f332" testId="c600a32d-e999-b0bc-5162-aa2e6fc24e6e" testName="GetAdaptersLiveData_TwiceCalledOutsideRetentionTime_CallsStartNewOnce" computerName="DKSR-EFI-06" duration="00:00:00.0019427" startTime="2024-01-09T15:42:18.2320853+01:00" endTime="2024-01-09T15:42:18.2320853+01:00" testType="13cdc9d9-ddb5-4fa4-a97d-d965ccfc6d4b" outcome="Passed" testListId="8c84fa94-04c1-424b-9868-57a2d4851a1d" relativeResultsDirectory="562921f2-2556-4fcc-8002-d01459e7f332" />
    <UnitTestResult executionId="ac91379c-bc44-48f5-8aca-90c47a92d55b" testId="260e9c45-e3c3-9d33-9c29-6b811a37f689" testName="GetFailoverStatus_TwiceOutsideTheChaceRetention_ShouldCallStartNewActionTwice" computerName="DKSR-EFI-06" duration="00:00:00.0019500" startTime="2024-01-09T15:42:18.3884180+01:00" endTime="2024-01-09T15:42:18.3884180+01:00" testType="13cdc9d9-ddb5-4fa4-a97d-d965ccfc6d4b" outcome="Passed" testListId="8c84fa94-04c1-424b-9868-57a2d4851a1d" relativeResultsDirectory="ac91379c-bc44-48f5-8aca-90c47a92d55b" />
    <UnitTestResult executionId="48b1aaaa-ac3b-4b3b-9344-ee6affd1a2ce" testId="555fddca-13e6-32fd-a31e-6d92e181f849" testName="GetCalculatedUnit_Long (1536,1.5,KB)" computerName="DKSR-EFI-06" duration="00:00:00.0082994" startTime="2024-01-09T15:42:16.8258355+01:00" endTime="2024-01-09T15:42:17.1070831+01:00" testType="13cdc9d9-ddb5-4fa4-a97d-d965ccfc6d4b" outcome="Passed" testListId="8c84fa94-04c1-424b-9868-57a2d4851a1d" relativeResultsDirectory="48b1aaaa-ac3b-4b3b-9344-ee6affd1a2ce" />
    <UnitTestResult executionId="7000c9cc-fe2d-4090-8e60-2defd7341d06" testId="b3c14634-5b13-f76a-e374-b6d6bfb6724c" testName="GetHistoryData_WithSameSearch_ShouldOnlyCallAgentOnce" computerName="DKSR-EFI-06" duration="00:00:00.0137603" startTime="2024-01-09T15:42:16.7945845+01:00" endTime="2024-01-09T15:42:16.8102078+01:00" testType="13cdc9d9-ddb5-4fa4-a97d-d965ccfc6d4b" outcome="Passed" testListId="8c84fa94-04c1-424b-9868-57a2d4851a1d" relativeResultsDirectory="7000c9cc-fe2d-4090-8e60-2defd7341d06" />
    <UnitTestResult executionId="da3fbb67-154b-485f-acd2-8287c3791179" testId="7873828f-3bd0-d5d9-3598-39b535d3636b" testName="GetCalculatedUnit_Long (9223372036854775807,8.589935E+09,GB)" computerName="DKSR-EFI-06" duration="00:00:00.0000393" startTime="2024-01-09T15:42:17.1070831+01:00" endTime="2024-01-09T15:42:17.1070831+01:00" testType="13cdc9d9-ddb5-4fa4-a97d-d965ccfc6d4b" outcome="Passed" testListId="8c84fa94-04c1-424b-9868-57a2d4851a1d" relativeResultsDirectory="da3fbb67-154b-485f-acd2-8287c3791179" />
    <UnitTestResult executionId="666b398e-c3d9-4ca7-9549-5cc87f2e62a1" testId="c3d8a92f-0ad4-47e1-359e-0f53dfd4a72a" testName="GetAlarmSubReports_NothingFromEventServre_ShouldThrowAnException" computerName="DKSR-EFI-06" duration="00:00:00.0860070" startTime="2024-01-09T15:42:15.9508351+01:00" endTime="2024-01-09T15:42:16.6070822+01:00" testType="13cdc9d9-ddb5-4fa4-a97d-d965ccfc6d4b" outcome="Passed" testListId="8c84fa94-04c1-424b-9868-57a2d4851a1d" relativeResultsDirectory="666b398e-c3d9-4ca7-9549-5cc87f2e62a1" />
    <UnitTestResult executionId="18f25b66-82eb-4fbb-9546-23f7f153cf19" testId="32883581-d37c-65c9-51ee-9e37a9991b5f" testName="AuthenticateToken_WithInvalidUserReturningNull_ShouldReturnFalse" computerName="DKSR-EFI-06" duration="00:00:00.0056775" startTime="2024-01-09T15:42:18.2945834+01:00" endTime="2024-01-09T15:42:18.2945834+01:00" testType="13cdc9d9-ddb5-4fa4-a97d-d965ccfc6d4b" outcome="Passed" testListId="8c84fa94-04c1-424b-9868-57a2d4851a1d" relativeResultsDirectory="18f25b66-82eb-4fbb-9546-23f7f153cf19" />
  </Results>
  <TestDefinitions>
    <UnitTest name="AuthenticateToken_WithInvalidUserReturningAEmptyUserName_ShouldReturnFalse" storage="d:\actions-runner\_work\xpco\xpco\corporate\videoos.reporting.web.plugin.unittests\bin\x64\debug\net472\videoos.reporting.web.plugin.unittests.dll" id="161db290-d062-7d03-e982-58214a69c00b">
      <Execution id="43cacffc-58b4-4230-ba14-6d948d339c10" />
      <TestMethod codeBase="D:\actions-runner\_work\XPCO\XPCO\Corporate\VideoOS.Reporting.Web.Plugin.UnitTests\bin\x64\Debug\net472\VideoOS.Reporting.Web.Plugin.UnitTests.dll" adapterTypeName="executor://mstestadapter/v2" className="VideoOS.Reporting.Web.Plugin.UnitTests.SecurityTests" name="AuthenticateToken_WithInvalidUserReturningAEmptyUserName_ShouldReturnFalse" />
    </UnitTest>
    <UnitTest name="GetLiveCpu_TwiceWithinChacheRetention_ShouldOnlyCallStartNewActionOnce" storage="d:\actions-runner\_work\xpco\xpco\corporate\videoos.reporting.web.plugin.unittests\bin\x64\debug\net472\videoos.reporting.web.plugin.unittests.dll" id="bab117d9-7185-f857-7038-0df760181645">
      <Execution id="5e674b37-5dc8-4c2e-a1e4-5b51a7a34b4f" />
      <TestMethod codeBase="D:\actions-runner\_work\XPCO\XPCO\Corporate\VideoOS.Reporting.Web.Plugin.UnitTests\bin\x64\Debug\net472\VideoOS.Reporting.Web.Plugin.UnitTests.dll" adapterTypeName="executor://mstestadapter/v2" className="VideoOS.Reporting.Web.Plugin.UnitTests.LiveDataTests" name="GetLiveCpu_TwiceWithinChacheRetention_ShouldOnlyCallStartNewActionOnce" />
    </UnitTest>
    <UnitTest name="GetDeviceStatusByRecorderId_WithExceptionInFunction_ShouldReturn0BytesAndNotThrowError" storage="d:\actions-runner\_work\xpco\xpco\corporate\videoos.reporting.web.plugin.unittests\bin\x64\debug\net472\videoos.reporting.web.plugin.unittests.dll" id="2edcc21b-2fd3-8ad6-2601-7be30d068452">
      <Execution id="4c22662e-dc8e-420f-9686-054a81b39a44" />
      <TestMethod codeBase="D:\actions-runner\_work\XPCO\XPCO\Corporate\VideoOS.Reporting.Web.Plugin.UnitTests\bin\x64\Debug\net472\VideoOS.Reporting.Web.Plugin.UnitTests.dll" adapterTypeName="executor://mstestadapter/v2" className="VideoOS.Reporting.Web.Plugin.UnitTests.DeviceStatusProviderTests" name="GetDeviceStatusByRecorderId_WithExceptionInFunction_ShouldReturn0BytesAndNotThrowError" />
    </UnitTest>
    <UnitTest name="GetCalculatedUnit_Decimal (1536,1.5,KB)" storage="d:\actions-runner\_work\xpco\xpco\corporate\videoos.reporting.web.plugin.unittests\bin\x64\debug\net472\videoos.reporting.web.plugin.unittests.dll" id="76b660b8-7e24-b65d-47ba-a7e5a1c01fb2">
      <Execution id="b0099683-6f62-4e60-b8d6-14cdc2c1f8b9" />
      <TestMethod codeBase="D:\actions-runner\_work\XPCO\XPCO\Corporate\VideoOS.Reporting.Web.Plugin.UnitTests\bin\x64\Debug\net472\VideoOS.Reporting.Web.Plugin.UnitTests.dll" adapterTypeName="executor://mstestadapter/v2" className="VideoOS.Reporting.Web.Plugin.UnitTests.DataUnitUtilityTests" name="GetCalculatedUnit_Decimal" />
    </UnitTest>
    <UnitTest name="GetCalculatedUnit_Double (3.65375387554654E+47,3.402823E+38,GB)" storage="d:\actions-runner\_work\xpco\xpco\corporate\videoos.reporting.web.plugin.unittests\bin\x64\debug\net472\videoos.reporting.web.plugin.unittests.dll" id="659cf522-9daa-662a-5b65-b554863959c6">
      <Execution id="6ee20c03-3792-4fbb-a7f2-bffd8463b733" />
      <TestMethod codeBase="D:\actions-runner\_work\XPCO\XPCO\Corporate\VideoOS.Reporting.Web.Plugin.UnitTests\bin\x64\Debug\net472\VideoOS.Reporting.Web.Plugin.UnitTests.dll" adapterTypeName="executor://mstestadapter/v2" className="VideoOS.Reporting.Web.Plugin.UnitTests.DataUnitUtilityTests" name="GetCalculatedUnit_Double" />
    </UnitTest>
    <UnitTest name="GetCalculatedUnit_Long (1536,1.5,KB)" storage="d:\actions-runner\_work\xpco\xpco\corporate\videoos.reporting.web.plugin.unittests\bin\x64\debug\net472\videoos.reporting.web.plugin.unittests.dll" id="555fddca-13e6-32fd-a31e-6d92e181f849">
      <Execution id="48b1aaaa-ac3b-4b3b-9344-ee6affd1a2ce" />
      <TestMethod codeBase="D:\actions-runner\_work\XPCO\XPCO\Corporate\VideoOS.Reporting.Web.Plugin.UnitTests\bin\x64\Debug\net472\VideoOS.Reporting.Web.Plugin.UnitTests.dll" adapterTypeName="executor://mstestadapter/v2" className="VideoOS.Reporting.Web.Plugin.UnitTests.DataUnitUtilityTests" name="GetCalculatedUnit_Long" />
    </UnitTest>
    <UnitTest name="GetCalculatedUnit_ULong (18446744073709551615,1.717987E+10,GB)" storage="d:\actions-runner\_work\xpco\xpco\corporate\videoos.reporting.web.plugin.unittests\bin\x64\debug\net472\videoos.reporting.web.plugin.unittests.dll" id="d6a53caf-73fc-9b44-5d7f-0852a36d7f28">
      <Execution id="4d2188af-9e60-4985-8aed-7e48dc2862e5" />
      <TestMethod codeBase="D:\actions-runner\_work\XPCO\XPCO\Corporate\VideoOS.Reporting.Web.Plugin.UnitTests\bin\x64\Debug\net472\VideoOS.Reporting.Web.Plugin.UnitTests.dll" adapterTypeName="executor://mstestadapter/v2" className="VideoOS.Reporting.Web.Plugin.UnitTests.DataUnitUtilityTests" name="GetCalculatedUnit_ULong" />
    </UnitTest>
    <UnitTest name="GetLiveCpu_Once_ShouldOnlyCallStartNewActionOnce" storage="d:\actions-runner\_work\xpco\xpco\corporate\videoos.reporting.web.plugin.unittests\bin\x64\debug\net472\videoos.reporting.web.plugin.unittests.dll" id="4db0be9d-0860-6932-3652-be2d1821ad10">
      <Execution id="f2049a29-485a-42e3-a4ec-96ef71f56138" />
      <TestMethod codeBase="D:\actions-runner\_work\XPCO\XPCO\Corporate\VideoOS.Reporting.Web.Plugin.UnitTests\bin\x64\Debug\net472\VideoOS.Reporting.Web.Plugin.UnitTests.dll" adapterTypeName="executor://mstestadapter/v2" className="VideoOS.Reporting.Web.Plugin.UnitTests.LiveDataTests" name="GetLiveCpu_Once_ShouldOnlyCallStartNewActionOnce" />
    </UnitTest>
    <UnitTest name="GetHistoryData_WithSameSearch_ShouldOnlyCallAgentOnce" storage="d:\actions-runner\_work\xpco\xpco\corporate\videoos.reporting.web.plugin.unittests\bin\x64\debug\net472\videoos.reporting.web.plugin.unittests.dll" id="b3c14634-5b13-f76a-e374-b6d6bfb6724c">
      <Execution id="7000c9cc-fe2d-4090-8e60-2defd7341d06" />
      <TestMethod codeBase="D:\actions-runner\_work\XPCO\XPCO\Corporate\VideoOS.Reporting.Web.Plugin.UnitTests\bin\x64\Debug\net472\VideoOS.Reporting.Web.Plugin.UnitTests.dll" adapterTypeName="executor://mstestadapter/v2" className="VideoOS.Reporting.Web.Plugin.UnitTests.AlarmDataLayerTests" name="GetHistoryData_WithSameSearch_ShouldOnlyCallAgentOnce" />
    </UnitTest>
    <UnitTest name="GetCalculatedUnit_Long (9223372036854775807,8.589935E+09,GB)" storage="d:\actions-runner\_work\xpco\xpco\corporate\videoos.reporting.web.plugin.unittests\bin\x64\debug\net472\videoos.reporting.web.plugin.unittests.dll" id="7873828f-3bd0-d5d9-3598-39b535d3636b">
      <Execution id="da3fbb67-154b-485f-acd2-8287c3791179" />
      <TestMethod codeBase="D:\actions-runner\_work\XPCO\XPCO\Corporate\VideoOS.Reporting.Web.Plugin.UnitTests\bin\x64\Debug\net472\VideoOS.Reporting.Web.Plugin.UnitTests.dll" adapterTypeName="executor://mstestadapter/v2" className="VideoOS.Reporting.Web.Plugin.UnitTests.DataUnitUtilityTests" name="GetCalculatedUnit_Long" />
    </UnitTest>
    <UnitTest name="GetCalculatedUnit_Double (1536,1.5,KB)" storage="d:\actions-runner\_work\xpco\xpco\corporate\videoos.reporting.web.plugin.unittests\bin\x64\debug\net472\videoos.reporting.web.plugin.unittests.dll" id="dc6cf14c-f213-fc10-224c-222127875910">
      <Execution id="726c7456-45a8-4c75-9f2d-49a867276b52" />
      <TestMethod codeBase="D:\actions-runner\_work\XPCO\XPCO\Corporate\VideoOS.Reporting.Web.Plugin.UnitTests\bin\x64\Debug\net472\VideoOS.Reporting.Web.Plugin.UnitTests.dll" adapterTypeName="executor://mstestadapter/v2" className="VideoOS.Reporting.Web.Plugin.UnitTests.DataUnitUtilityTests" name="GetCalculatedUnit_Double" />
    </UnitTest>
    <UnitTest name="GetServers_WithValidParameters_ShouldReturnList" storage="d:\actions-runner\_work\xpco\xpco\corporate\videoos.reporting.web.plugin.unittests\bin\x64\debug\net472\videoos.reporting.web.plugin.unittests.dll" id="4ceec934-e21f-8189-bc7f-3aa8ca951e75">
      <Execution id="3fbe7358-016b-48ec-847c-aa4608a43dfb" />
      <TestMethod codeBase="D:\actions-runner\_work\XPCO\XPCO\Corporate\VideoOS.Reporting.Web.Plugin.UnitTests\bin\x64\Debug\net472\VideoOS.Reporting.Web.Plugin.UnitTests.dll" adapterTypeName="executor://mstestadapter/v2" className="VideoOS.Reporting.Web.Plugin.UnitTests.AlarmDataLayerTests" name="GetServers_WithValidParameters_ShouldReturnList" />
    </UnitTest>
    <UnitTest name="GetFailoverStatus_TwiceOutsideTheChaceRetention_ShouldCallStartNewActionTwice" storage="d:\actions-runner\_work\xpco\xpco\corporate\videoos.reporting.web.plugin.unittests\bin\x64\debug\net472\videoos.reporting.web.plugin.unittests.dll" id="260e9c45-e3c3-9d33-9c29-6b811a37f689">
      <Execution id="ac91379c-bc44-48f5-8aca-90c47a92d55b" />
      <TestMethod codeBase="D:\actions-runner\_work\XPCO\XPCO\Corporate\VideoOS.Reporting.Web.Plugin.UnitTests\bin\x64\Debug\net472\VideoOS.Reporting.Web.Plugin.UnitTests.dll" adapterTypeName="executor://mstestadapter/v2" className="VideoOS.Reporting.Web.Plugin.UnitTests.ServerStatusProviderTests" name="GetFailoverStatus_TwiceOutsideTheChaceRetention_ShouldCallStartNewActionTwice" />
    </UnitTest>
    <UnitTest name="AuthenticateToken_WithValidUserReturningAUserName_ShouldReturnTrue" storage="d:\actions-runner\_work\xpco\xpco\corporate\videoos.reporting.web.plugin.unittests\bin\x64\debug\net472\videoos.reporting.web.plugin.unittests.dll" id="672c9192-9148-31f2-1960-5bdc046df8a4">
      <Execution id="4c02f260-0c01-4c02-b608-5c353722eb24" />
      <TestMethod codeBase="D:\actions-runner\_work\XPCO\XPCO\Corporate\VideoOS.Reporting.Web.Plugin.UnitTests\bin\x64\Debug\net472\VideoOS.Reporting.Web.Plugin.UnitTests.dll" adapterTypeName="executor://mstestadapter/v2" className="VideoOS.Reporting.Web.Plugin.UnitTests.SecurityTests" name="AuthenticateToken_WithValidUserReturningAUserName_ShouldReturnTrue" />
    </UnitTest>
    <UnitTest name="GetDeviceStatusByRecorderId_WithInvokingWithinTime_ReturnsMBs" storage="d:\actions-runner\_work\xpco\xpco\corporate\videoos.reporting.web.plugin.unittests\bin\x64\debug\net472\videoos.reporting.web.plugin.unittests.dll" id="81451898-976c-e980-1ee2-2b978cfd58d4">
      <Execution id="462b7626-9e16-49ed-b724-e2c4a0bdb8d9" />
      <TestMethod codeBase="D:\actions-runner\_work\XPCO\XPCO\Corporate\VideoOS.Reporting.Web.Plugin.UnitTests\bin\x64\Debug\net472\VideoOS.Reporting.Web.Plugin.UnitTests.dll" adapterTypeName="executor://mstestadapter/v2" className="VideoOS.Reporting.Web.Plugin.UnitTests.DeviceStatusProviderTests" name="GetDeviceStatusByRecorderId_WithInvokingWithinTime_ReturnsMBs" />
    </UnitTest>
    <UnitTest name="GetDeviceStatusByCameraGroupId_WithInvokingAfterRetentionTime_CalledNewObjectTwice" storage="d:\actions-runner\_work\xpco\xpco\corporate\videoos.reporting.web.plugin.unittests\bin\x64\debug\net472\videoos.reporting.web.plugin.unittests.dll" id="e703b7d3-193c-ee13-68ec-017971e88225">
      <Execution id="8943e5d9-5b23-4cc3-afbf-5760f39abbcb" />
      <TestMethod codeBase="D:\actions-runner\_work\XPCO\XPCO\Corporate\VideoOS.Reporting.Web.Plugin.UnitTests\bin\x64\Debug\net472\VideoOS.Reporting.Web.Plugin.UnitTests.dll" adapterTypeName="executor://mstestadapter/v2" className="VideoOS.Reporting.Web.Plugin.UnitTests.DeviceStatusProviderTests" name="GetDeviceStatusByCameraGroupId_WithInvokingAfterRetentionTime_CalledNewObjectTwice" />
    </UnitTest>
    <UnitTest name="GetDeviceStatusByRecorderId_WithoutInvoking_ReturnsUnknown" storage="d:\actions-runner\_work\xpco\xpco\corporate\videoos.reporting.web.plugin.unittests\bin\x64\debug\net472\videoos.reporting.web.plugin.unittests.dll" id="58408764-929c-a3f2-b599-11fc333b47db">
      <Execution id="597a887c-02bd-4cfb-97c2-91ace760756d" />
      <TestMethod codeBase="D:\actions-runner\_work\XPCO\XPCO\Corporate\VideoOS.Reporting.Web.Plugin.UnitTests\bin\x64\Debug\net472\VideoOS.Reporting.Web.Plugin.UnitTests.dll" adapterTypeName="executor://mstestadapter/v2" className="VideoOS.Reporting.Web.Plugin.UnitTests.DeviceStatusProviderTests" name="GetDeviceStatusByRecorderId_WithoutInvoking_ReturnsUnknown" />
    </UnitTest>
    <UnitTest name="GetDeviceStatus_InvalidUri_ReturnsEmptyObjects" storage="d:\actions-runner\_work\xpco\xpco\corporate\videoos.reporting.web.plugin.unittests\bin\x64\debug\net472\videoos.reporting.web.plugin.unittests.dll" id="a9d13c3c-8ed5-89f4-0076-72884776b56b">
      <Execution id="753d6f70-05c0-467a-b204-b4b48b722ba4" />
      <TestMethod codeBase="D:\actions-runner\_work\XPCO\XPCO\Corporate\VideoOS.Reporting.Web.Plugin.UnitTests\bin\x64\Debug\net472\VideoOS.Reporting.Web.Plugin.UnitTests.dll" adapterTypeName="executor://mstestadapter/v2" className="VideoOS.Reporting.Web.Plugin.UnitTests.RecorderStatusServiceTests" name="GetDeviceStatus_InvalidUri_ReturnsEmptyObjects" />
    </UnitTest>
    <UnitTest name="AuthenticateToken_WithInvalidUserReturningNull_ShouldReturnFalse" storage="d:\actions-runner\_work\xpco\xpco\corporate\videoos.reporting.web.plugin.unittests\bin\x64\debug\net472\videoos.reporting.web.plugin.unittests.dll" id="32883581-d37c-65c9-51ee-9e37a9991b5f">
      <Execution id="18f25b66-82eb-4fbb-9546-23f7f153cf19" />
      <TestMethod codeBase="D:\actions-runner\_work\XPCO\XPCO\Corporate\VideoOS.Reporting.Web.Plugin.UnitTests\bin\x64\Debug\net472\VideoOS.Reporting.Web.Plugin.UnitTests.dll" adapterTypeName="executor://mstestadapter/v2" className="VideoOS.Reporting.Web.Plugin.UnitTests.SecurityTests" name="AuthenticateToken_WithInvalidUserReturningNull_ShouldReturnFalse" />
    </UnitTest>
    <UnitTest name="GetDeviceStatusByCameraId_WithoutInvoking_ReturnsUnknown" storage="d:\actions-runner\_work\xpco\xpco\corporate\videoos.reporting.web.plugin.unittests\bin\x64\debug\net472\videoos.reporting.web.plugin.unittests.dll" id="f9e96ceb-ade1-0774-5cee-f1cadd158160">
      <Execution id="ef6d556b-9999-4551-ae03-fab1ae0faab3" />
      <TestMethod codeBase="D:\actions-runner\_work\XPCO\XPCO\Corporate\VideoOS.Reporting.Web.Plugin.UnitTests\bin\x64\Debug\net472\VideoOS.Reporting.Web.Plugin.UnitTests.dll" adapterTypeName="executor://mstestadapter/v2" className="VideoOS.Reporting.Web.Plugin.UnitTests.DeviceStatusProviderTests" name="GetDeviceStatusByCameraId_WithoutInvoking_ReturnsUnknown" />
    </UnitTest>
    <UnitTest name="GetRecorderStatus_Once_ShouldOnlyCallStartNewActionOnce" storage="d:\actions-runner\_work\xpco\xpco\corporate\videoos.reporting.web.plugin.unittests\bin\x64\debug\net472\videoos.reporting.web.plugin.unittests.dll" id="dc32eee3-db68-3763-c523-37e6c5baaf07">
      <Execution id="4f783e83-5476-4611-a624-f065861ca461" />
      <TestMethod codeBase="D:\actions-runner\_work\XPCO\XPCO\Corporate\VideoOS.Reporting.Web.Plugin.UnitTests\bin\x64\Debug\net472\VideoOS.Reporting.Web.Plugin.UnitTests.dll" adapterTypeName="executor://mstestadapter/v2" className="VideoOS.Reporting.Web.Plugin.UnitTests.ServerStatusProviderTests" name="GetRecorderStatus_Once_ShouldOnlyCallStartNewActionOnce" />
    </UnitTest>
    <UnitTest name="GetSummaryData_WithDifferentParameters_ShouldCallAgentTwice" storage="d:\actions-runner\_work\xpco\xpco\corporate\videoos.reporting.web.plugin.unittests\bin\x64\debug\net472\videoos.reporting.web.plugin.unittests.dll" id="0ccce860-e4a4-f4db-8880-678875ed9a1b">
      <Execution id="059761f1-d221-45c2-916e-9e79e24e1cea" />
      <TestMethod codeBase="D:\actions-runner\_work\XPCO\XPCO\Corporate\VideoOS.Reporting.Web.Plugin.UnitTests\bin\x64\Debug\net472\VideoOS.Reporting.Web.Plugin.UnitTests.dll" adapterTypeName="executor://mstestadapter/v2" className="VideoOS.Reporting.Web.Plugin.UnitTests.AlarmDataLayerTests" name="GetSummaryData_WithDifferentParameters_ShouldCallAgentTwice" />
    </UnitTest>
    <UnitTest name="GetLiveCpu_TwiceOutsideChacheRetention_ShouldCallStartNewActionTwice" storage="d:\actions-runner\_work\xpco\xpco\corporate\videoos.reporting.web.plugin.unittests\bin\x64\debug\net472\videoos.reporting.web.plugin.unittests.dll" id="6db3add2-afba-7f6e-17fb-d5ae62fb1ea4">
      <Execution id="b6238167-2722-4e9f-a801-63a3cb561982" />
      <TestMethod codeBase="D:\actions-runner\_work\XPCO\XPCO\Corporate\VideoOS.Reporting.Web.Plugin.UnitTests\bin\x64\Debug\net472\VideoOS.Reporting.Web.Plugin.UnitTests.dll" adapterTypeName="executor://mstestadapter/v2" className="VideoOS.Reporting.Web.Plugin.UnitTests.LiveDataTests" name="GetLiveCpu_TwiceOutsideChacheRetention_ShouldCallStartNewActionTwice" />
    </UnitTest>
    <UnitTest name="GetFailoverStatus_Once_ShouldOnlyCallStartNewActionOnce" storage="d:\actions-runner\_work\xpco\xpco\corporate\videoos.reporting.web.plugin.unittests\bin\x64\debug\net472\videoos.reporting.web.plugin.unittests.dll" id="482767b2-241e-2e05-aba4-6d5567f16965">
      <Execution id="64e73775-9247-499e-b1fa-c64d43f31b7c" />
      <TestMethod codeBase="D:\actions-runner\_work\XPCO\XPCO\Corporate\VideoOS.Reporting.Web.Plugin.UnitTests\bin\x64\Debug\net472\VideoOS.Reporting.Web.Plugin.UnitTests.dll" adapterTypeName="executor://mstestadapter/v2" className="VideoOS.Reporting.Web.Plugin.UnitTests.ServerStatusProviderTests" name="GetFailoverStatus_Once_ShouldOnlyCallStartNewActionOnce" />
    </UnitTest>
    <UnitTest name="GetAlarmSubReports_NothingFromEventServre_ShouldThrowAnException" storage="d:\actions-runner\_work\xpco\xpco\corporate\videoos.reporting.web.plugin.unittests\bin\x64\debug\net472\videoos.reporting.web.plugin.unittests.dll" id="c3d8a92f-0ad4-47e1-359e-0f53dfd4a72a">
      <Execution id="666b398e-c3d9-4ca7-9549-5cc87f2e62a1" />
      <TestMethod codeBase="D:\actions-runner\_work\XPCO\XPCO\Corporate\VideoOS.Reporting.Web.Plugin.UnitTests\bin\x64\Debug\net472\VideoOS.Reporting.Web.Plugin.UnitTests.dll" adapterTypeName="executor://mstestadapter/v2" className="VideoOS.Reporting.Web.Plugin.UnitTests.AlarmDataLayerTests" name="GetAlarmSubReports_NothingFromEventServre_ShouldThrowAnException" />
    </UnitTest>
    <UnitTest name="GetDeviceStatusByCameraGroupId_WithoutInvoking_ReturnsUnknown" storage="d:\actions-runner\_work\xpco\xpco\corporate\videoos.reporting.web.plugin.unittests\bin\x64\debug\net472\videoos.reporting.web.plugin.unittests.dll" id="fee73152-7925-fb6c-5540-f2a507d1cdf8">
      <Execution id="bf5b399d-2f87-4909-9aba-2068ad84ec43" />
      <TestMethod codeBase="D:\actions-runner\_work\XPCO\XPCO\Corporate\VideoOS.Reporting.Web.Plugin.UnitTests\bin\x64\Debug\net472\VideoOS.Reporting.Web.Plugin.UnitTests.dll" adapterTypeName="executor://mstestadapter/v2" className="VideoOS.Reporting.Web.Plugin.UnitTests.DeviceStatusProviderTests" name="GetDeviceStatusByCameraGroupId_WithoutInvoking_ReturnsUnknown" />
    </UnitTest>
    <UnitTest name="GetDeviceStatusByCameraId_WithExceptionInFunction_ShouldReturn0BytesAndNotThrowError" storage="d:\actions-runner\_work\xpco\xpco\corporate\videoos.reporting.web.plugin.unittests\bin\x64\debug\net472\videoos.reporting.web.plugin.unittests.dll" id="e2128efa-c182-8d99-9fa7-df32553fd233">
      <Execution id="a363b43a-37e0-4f1c-a9df-c26518c17144" />
      <TestMethod codeBase="D:\actions-runner\_work\XPCO\XPCO\Corporate\VideoOS.Reporting.Web.Plugin.UnitTests\bin\x64\Debug\net472\VideoOS.Reporting.Web.Plugin.UnitTests.dll" adapterTypeName="executor://mstestadapter/v2" className="VideoOS.Reporting.Web.Plugin.UnitTests.DeviceStatusProviderTests" name="GetDeviceStatusByCameraId_WithExceptionInFunction_ShouldReturn0BytesAndNotThrowError" />
    </UnitTest>
    <UnitTest name="GetHistoryData_WithDifferentParameters_ShouldCallAgentTwice" storage="d:\actions-runner\_work\xpco\xpco\corporate\videoos.reporting.web.plugin.unittests\bin\x64\debug\net472\videoos.reporting.web.plugin.unittests.dll" id="0fea011d-344f-4fce-1b89-3f3232a1bf70">
      <Execution id="1c19b373-021b-4cfd-b03d-92a3d903a34a" />
      <TestMethod codeBase="D:\actions-runner\_work\XPCO\XPCO\Corporate\VideoOS.Reporting.Web.Plugin.UnitTests\bin\x64\Debug\net472\VideoOS.Reporting.Web.Plugin.UnitTests.dll" adapterTypeName="executor://mstestadapter/v2" className="VideoOS.Reporting.Web.Plugin.UnitTests.AlarmDataLayerTests" name="GetHistoryData_WithDifferentParameters_ShouldCallAgentTwice" />
    </UnitTest>
    <UnitTest name="GetCalculatedUnit_ULong (1536,1.5,KB)" storage="d:\actions-runner\_work\xpco\xpco\corporate\videoos.reporting.web.plugin.unittests\bin\x64\debug\net472\videoos.reporting.web.plugin.unittests.dll" id="03253f43-2f83-0b71-af56-7ae9f93951ac">
      <Execution id="01547698-60d4-4d54-ac6b-efce5e3b4e9d" />
      <TestMethod codeBase="D:\actions-runner\_work\XPCO\XPCO\Corporate\VideoOS.Reporting.Web.Plugin.UnitTests\bin\x64\Debug\net472\VideoOS.Reporting.Web.Plugin.UnitTests.dll" adapterTypeName="executor://mstestadapter/v2" className="VideoOS.Reporting.Web.Plugin.UnitTests.DataUnitUtilityTests" name="GetCalculatedUnit_ULong" />
    </UnitTest>
    <UnitTest name="GetDeviceStatusByRecorderId_WithInvokingAfterRetentionTime_CalledNewObjectTwice" storage="d:\actions-runner\_work\xpco\xpco\corporate\videoos.reporting.web.plugin.unittests\bin\x64\debug\net472\videoos.reporting.web.plugin.unittests.dll" id="9dc4f212-b384-bc2b-e90a-807f29eda893">
      <Execution id="ebbdc6b6-dd01-4b7d-a9a9-fef5a516cef1" />
      <TestMethod codeBase="D:\actions-runner\_work\XPCO\XPCO\Corporate\VideoOS.Reporting.Web.Plugin.UnitTests\bin\x64\Debug\net472\VideoOS.Reporting.Web.Plugin.UnitTests.dll" adapterTypeName="executor://mstestadapter/v2" className="VideoOS.Reporting.Web.Plugin.UnitTests.DeviceStatusProviderTests" name="GetDeviceStatusByRecorderId_WithInvokingAfterRetentionTime_CalledNewObjectTwice" />
    </UnitTest>
    <UnitTest name="GetAdaptersLiveData_TwiceCalledWithinRetentionTime_CallsStartNewOnce" storage="d:\actions-runner\_work\xpco\xpco\corporate\videoos.reporting.web.plugin.unittests\bin\x64\debug\net472\videoos.reporting.web.plugin.unittests.dll" id="faa1ce73-878b-4e8f-15fc-64bef5ef0998">
      <Execution id="bb195bb9-2e1b-4178-a887-56cc82eac4ae" />
      <TestMethod codeBase="D:\actions-runner\_work\XPCO\XPCO\Corporate\VideoOS.Reporting.Web.Plugin.UnitTests\bin\x64\Debug\net472\VideoOS.Reporting.Web.Plugin.UnitTests.dll" adapterTypeName="executor://mstestadapter/v2" className="VideoOS.Reporting.Web.Plugin.UnitTests.LiveAdapterDataTests" name="GetAdaptersLiveData_TwiceCalledWithinRetentionTime_CallsStartNewOnce" />
    </UnitTest>
    <UnitTest name="GetDeviceStatusByCameraId_WithInvoking_ReturnsMBs" storage="d:\actions-runner\_work\xpco\xpco\corporate\videoos.reporting.web.plugin.unittests\bin\x64\debug\net472\videoos.reporting.web.plugin.unittests.dll" id="ab1001c1-16c4-009d-b28e-3bb88b92bfa9">
      <Execution id="81074dfc-349c-4bdf-a3c4-e73fe4be927f" />
      <TestMethod codeBase="D:\actions-runner\_work\XPCO\XPCO\Corporate\VideoOS.Reporting.Web.Plugin.UnitTests\bin\x64\Debug\net472\VideoOS.Reporting.Web.Plugin.UnitTests.dll" adapterTypeName="executor://mstestadapter/v2" className="VideoOS.Reporting.Web.Plugin.UnitTests.DeviceStatusProviderTests" name="GetDeviceStatusByCameraId_WithInvoking_ReturnsMBs" />
    </UnitTest>
    <UnitTest name="GetDeviceStatusByCameraGroupId_WithInvoking_ReturnsMBs" storage="d:\actions-runner\_work\xpco\xpco\corporate\videoos.reporting.web.plugin.unittests\bin\x64\debug\net472\videoos.reporting.web.plugin.unittests.dll" id="3b060c43-fb18-736c-6620-c8019a3d253d">
      <Execution id="b3ea10d4-e1eb-48f2-82c7-ee6de7202534" />
      <TestMethod codeBase="D:\actions-runner\_work\XPCO\XPCO\Corporate\VideoOS.Reporting.Web.Plugin.UnitTests\bin\x64\Debug\net472\VideoOS.Reporting.Web.Plugin.UnitTests.dll" adapterTypeName="executor://mstestadapter/v2" className="VideoOS.Reporting.Web.Plugin.UnitTests.DeviceStatusProviderTests" name="GetDeviceStatusByCameraGroupId_WithInvoking_ReturnsMBs" />
    </UnitTest>
    <UnitTest name="GetSummaryData_WithWrongReportType_ShouldThrowInvalidParameterException" storage="d:\actions-runner\_work\xpco\xpco\corporate\videoos.reporting.web.plugin.unittests\bin\x64\debug\net472\videoos.reporting.web.plugin.unittests.dll" id="a40cdc90-11e9-f953-9eff-1dafe521f38c">
      <Execution id="0a0e72d2-26a4-444e-865d-cbe820f3ba7f" />
      <TestMethod codeBase="D:\actions-runner\_work\XPCO\XPCO\Corporate\VideoOS.Reporting.Web.Plugin.UnitTests\bin\x64\Debug\net472\VideoOS.Reporting.Web.Plugin.UnitTests.dll" adapterTypeName="executor://mstestadapter/v2" className="VideoOS.Reporting.Web.Plugin.UnitTests.AlarmDataLayerTests" name="GetSummaryData_WithWrongReportType_ShouldThrowInvalidParameterException" />
    </UnitTest>
    <UnitTest name="GetDeviceStatusByCameraGroupId_WithExceptionInFunction_ShouldReturn0BytesAndNotThrowError" storage="d:\actions-runner\_work\xpco\xpco\corporate\videoos.reporting.web.plugin.unittests\bin\x64\debug\net472\videoos.reporting.web.plugin.unittests.dll" id="c93aee31-e33b-d59f-6e33-7fee81533e22">
      <Execution id="336aefc2-e959-43be-a56b-bb453f297ed1" />
      <TestMethod codeBase="D:\actions-runner\_work\XPCO\XPCO\Corporate\VideoOS.Reporting.Web.Plugin.UnitTests\bin\x64\Debug\net472\VideoOS.Reporting.Web.Plugin.UnitTests.dll" adapterTypeName="executor://mstestadapter/v2" className="VideoOS.Reporting.Web.Plugin.UnitTests.DeviceStatusProviderTests" name="GetDeviceStatusByCameraGroupId_WithExceptionInFunction_ShouldReturn0BytesAndNotThrowError" />
    </UnitTest>
    <UnitTest name="GetAlarmSubReports_InvalidParameters_ShouldThrowAnInvalidParametersException" storage="d:\actions-runner\_work\xpco\xpco\corporate\videoos.reporting.web.plugin.unittests\bin\x64\debug\net472\videoos.reporting.web.plugin.unittests.dll" id="0b6f3d6c-718b-8d0f-7771-4cb998fb06c1">
      <Execution id="0654e4fe-efb2-4960-b1dc-9818abd98b83" />
      <TestMethod codeBase="D:\actions-runner\_work\XPCO\XPCO\Corporate\VideoOS.Reporting.Web.Plugin.UnitTests\bin\x64\Debug\net472\VideoOS.Reporting.Web.Plugin.UnitTests.dll" adapterTypeName="executor://mstestadapter/v2" className="VideoOS.Reporting.Web.Plugin.UnitTests.AlarmDataLayerTests" name="GetAlarmSubReports_InvalidParameters_ShouldThrowAnInvalidParametersException" />
    </UnitTest>
    <UnitTest name="GetDeviceStatus_ValidInput_ReturnsCorrectIds" storage="d:\actions-runner\_work\xpco\xpco\corporate\videoos.reporting.web.plugin.unittests\bin\x64\debug\net472\videoos.reporting.web.plugin.unittests.dll" id="4312d8b0-8207-ac45-ae41-610f3ede0de1">
      <Execution id="97d59399-aac8-440d-aaa8-8efbb8dd7097" />
      <TestMethod codeBase="D:\actions-runner\_work\XPCO\XPCO\Corporate\VideoOS.Reporting.Web.Plugin.UnitTests\bin\x64\Debug\net472\VideoOS.Reporting.Web.Plugin.UnitTests.dll" adapterTypeName="executor://mstestadapter/v2" className="VideoOS.Reporting.Web.Plugin.UnitTests.RecorderStatusServiceTests" name="GetDeviceStatus_ValidInput_ReturnsCorrectIds" />
    </UnitTest>
    <UnitTest name="AuthenticateToken_CommunicationError_ShouldThrowReportServerException" storage="d:\actions-runner\_work\xpco\xpco\corporate\videoos.reporting.web.plugin.unittests\bin\x64\debug\net472\videoos.reporting.web.plugin.unittests.dll" id="a7cad532-c972-afa6-dc73-74692ea943e9">
      <Execution id="5519293a-d0b8-4081-a9d0-ae4b6c1fb000" />
      <TestMethod codeBase="D:\actions-runner\_work\XPCO\XPCO\Corporate\VideoOS.Reporting.Web.Plugin.UnitTests\bin\x64\Debug\net472\VideoOS.Reporting.Web.Plugin.UnitTests.dll" adapterTypeName="executor://mstestadapter/v2" className="VideoOS.Reporting.Web.Plugin.UnitTests.SecurityTests" name="AuthenticateToken_CommunicationError_ShouldThrowReportServerException" />
    </UnitTest>
    <UnitTest name="GetCalculatedUnit_Decimal (79228162514264337593543950335,7.378698E+19,GB)" storage="d:\actions-runner\_work\xpco\xpco\corporate\videoos.reporting.web.plugin.unittests\bin\x64\debug\net472\videoos.reporting.web.plugin.unittests.dll" id="4b31a8de-93d9-2317-8253-1bffb6f133d3">
      <Execution id="9bd3ecf3-6fe2-47ce-b62a-cc08ec855b89" />
      <TestMethod codeBase="D:\actions-runner\_work\XPCO\XPCO\Corporate\VideoOS.Reporting.Web.Plugin.UnitTests\bin\x64\Debug\net472\VideoOS.Reporting.Web.Plugin.UnitTests.dll" adapterTypeName="executor://mstestadapter/v2" className="VideoOS.Reporting.Web.Plugin.UnitTests.DataUnitUtilityTests" name="GetCalculatedUnit_Decimal" />
    </UnitTest>
    <UnitTest name="GetAdaptersLiveData_TwiceCalledOutsideRetentionTime_CallsStartNewOnce" storage="d:\actions-runner\_work\xpco\xpco\corporate\videoos.reporting.web.plugin.unittests\bin\x64\debug\net472\videoos.reporting.web.plugin.unittests.dll" id="c600a32d-e999-b0bc-5162-aa2e6fc24e6e">
      <Execution id="562921f2-2556-4fcc-8002-d01459e7f332" />
      <TestMethod codeBase="D:\actions-runner\_work\XPCO\XPCO\Corporate\VideoOS.Reporting.Web.Plugin.UnitTests\bin\x64\Debug\net472\VideoOS.Reporting.Web.Plugin.UnitTests.dll" adapterTypeName="executor://mstestadapter/v2" className="VideoOS.Reporting.Web.Plugin.UnitTests.LiveAdapterDataTests" name="GetAdaptersLiveData_TwiceCalledOutsideRetentionTime_CallsStartNewOnce" />
    </UnitTest>
    <UnitTest name="AuthenticateToken_WithEmptyString_ShouldThrowException" storage="d:\actions-runner\_work\xpco\xpco\corporate\videoos.reporting.web.plugin.unittests\bin\x64\debug\net472\videoos.reporting.web.plugin.unittests.dll" id="277cb302-744a-ca69-dbb2-18147c3deac7">
      <Execution id="e98e6262-a347-44bf-b2bd-970959305de1" />
      <TestMethod codeBase="D:\actions-runner\_work\XPCO\XPCO\Corporate\VideoOS.Reporting.Web.Plugin.UnitTests\bin\x64\Debug\net472\VideoOS.Reporting.Web.Plugin.UnitTests.dll" adapterTypeName="executor://mstestadapter/v2" className="VideoOS.Reporting.Web.Plugin.UnitTests.SecurityTests" name="AuthenticateToken_WithEmptyString_ShouldThrowException" />
    </UnitTest>
    <UnitTest name="GetFailoverStatus_TwiceWithinTheChaceRetention_ShouldOnlyCallStartNewActionOnce" storage="d:\actions-runner\_work\xpco\xpco\corporate\videoos.reporting.web.plugin.unittests\bin\x64\debug\net472\videoos.reporting.web.plugin.unittests.dll" id="76a4a716-7d7c-0d94-eeb1-5b2ceed09427">
      <Execution id="c1678425-0131-43de-b46c-d96c07375a38" />
      <TestMethod codeBase="D:\actions-runner\_work\XPCO\XPCO\Corporate\VideoOS.Reporting.Web.Plugin.UnitTests\bin\x64\Debug\net472\VideoOS.Reporting.Web.Plugin.UnitTests.dll" adapterTypeName="executor://mstestadapter/v2" className="VideoOS.Reporting.Web.Plugin.UnitTests.ServerStatusProviderTests" name="GetFailoverStatus_TwiceWithinTheChaceRetention_ShouldOnlyCallStartNewActionOnce" />
    </UnitTest>
    <UnitTest name="GetCalculatedUnit_Double_HighValue_Returns_PositiveInfinite" storage="d:\actions-runner\_work\xpco\xpco\corporate\videoos.reporting.web.plugin.unittests\bin\x64\debug\net472\videoos.reporting.web.plugin.unittests.dll" id="521f8ac1-2aa8-5ce9-81cc-1de3f5d89e8a">
      <Execution id="7644f62e-2fef-4a86-9e97-6517be9448a0" />
      <TestMethod codeBase="D:\actions-runner\_work\XPCO\XPCO\Corporate\VideoOS.Reporting.Web.Plugin.UnitTests\bin\x64\Debug\net472\VideoOS.Reporting.Web.Plugin.UnitTests.dll" adapterTypeName="executor://mstestadapter/v2" className="VideoOS.Reporting.Web.Plugin.UnitTests.DataUnitUtilityTests" name="GetCalculatedUnit_Double_HighValue_Returns_PositiveInfinite" />
    </UnitTest>
    <UnitTest name="GetRecorderStatus_TwiceWithinTheChaceRetention_ShouldOnlyCallStartNewActionOnce" storage="d:\actions-runner\_work\xpco\xpco\corporate\videoos.reporting.web.plugin.unittests\bin\x64\debug\net472\videoos.reporting.web.plugin.unittests.dll" id="939493c7-fab7-a3bb-84b5-080966ffba87">
      <Execution id="6fc21df3-2c2d-4dff-a31d-b3e8a6ae6766" />
      <TestMethod codeBase="D:\actions-runner\_work\XPCO\XPCO\Corporate\VideoOS.Reporting.Web.Plugin.UnitTests\bin\x64\Debug\net472\VideoOS.Reporting.Web.Plugin.UnitTests.dll" adapterTypeName="executor://mstestadapter/v2" className="VideoOS.Reporting.Web.Plugin.UnitTests.ServerStatusProviderTests" name="GetRecorderStatus_TwiceWithinTheChaceRetention_ShouldOnlyCallStartNewActionOnce" />
    </UnitTest>
    <UnitTest name="GetDeviceStatusByCameraId_WithInvokingAfterRetentionTime_CalledNewObjectTwice" storage="d:\actions-runner\_work\xpco\xpco\corporate\videoos.reporting.web.plugin.unittests\bin\x64\debug\net472\videoos.reporting.web.plugin.unittests.dll" id="a90135ab-03c6-3f45-baa1-ba9f0595e405">
      <Execution id="7c38a55d-0dfe-4dc6-b399-b36ae9e41d7f" />
      <TestMethod codeBase="D:\actions-runner\_work\XPCO\XPCO\Corporate\VideoOS.Reporting.Web.Plugin.UnitTests\bin\x64\Debug\net472\VideoOS.Reporting.Web.Plugin.UnitTests.dll" adapterTypeName="executor://mstestadapter/v2" className="VideoOS.Reporting.Web.Plugin.UnitTests.DeviceStatusProviderTests" name="GetDeviceStatusByCameraId_WithInvokingAfterRetentionTime_CalledNewObjectTwice" />
    </UnitTest>
    <UnitTest name="GetAdaptersLiveData_ValidData_CallsStartNewOnce" storage="d:\actions-runner\_work\xpco\xpco\corporate\videoos.reporting.web.plugin.unittests\bin\x64\debug\net472\videoos.reporting.web.plugin.unittests.dll" id="1e0773f8-d3c9-3f52-3a3d-8856796ab317">
      <Execution id="f1150dbe-f092-4bce-908b-41e4b06f241d" />
      <TestMethod codeBase="D:\actions-runner\_work\XPCO\XPCO\Corporate\VideoOS.Reporting.Web.Plugin.UnitTests\bin\x64\Debug\net472\VideoOS.Reporting.Web.Plugin.UnitTests.dll" adapterTypeName="executor://mstestadapter/v2" className="VideoOS.Reporting.Web.Plugin.UnitTests.LiveAdapterDataTests" name="GetAdaptersLiveData_ValidData_CallsStartNewOnce" />
    </UnitTest>
  </TestDefinitions>
  <TestEntries>
    <TestEntry testId="a7cad532-c972-afa6-dc73-74692ea943e9" executionId="5519293a-d0b8-4081-a9d0-ae4b6c1fb000" testListId="8c84fa94-04c1-424b-9868-57a2d4851a1d" />
    <TestEntry testId="fee73152-7925-fb6c-5540-f2a507d1cdf8" executionId="bf5b399d-2f87-4909-9aba-2068ad84ec43" testListId="8c84fa94-04c1-424b-9868-57a2d4851a1d" />
    <TestEntry testId="e2128efa-c182-8d99-9fa7-df32553fd233" executionId="a363b43a-37e0-4f1c-a9df-c26518c17144" testListId="8c84fa94-04c1-424b-9868-57a2d4851a1d" />
    <TestEntry testId="0fea011d-344f-4fce-1b89-3f3232a1bf70" executionId="1c19b373-021b-4cfd-b03d-92a3d903a34a" testListId="8c84fa94-04c1-424b-9868-57a2d4851a1d" />
    <TestEntry testId="4b31a8de-93d9-2317-8253-1bffb6f133d3" executionId="9bd3ecf3-6fe2-47ce-b62a-cc08ec855b89" testListId="8c84fa94-04c1-424b-9868-57a2d4851a1d" />
    <TestEntry testId="f9e96ceb-ade1-0774-5cee-f1cadd158160" executionId="ef6d556b-9999-4551-ae03-fab1ae0faab3" testListId="8c84fa94-04c1-424b-9868-57a2d4851a1d" />
    <TestEntry testId="659cf522-9daa-662a-5b65-b554863959c6" executionId="6ee20c03-3792-4fbb-a7f2-bffd8463b733" testListId="8c84fa94-04c1-424b-9868-57a2d4851a1d" />
    <TestEntry testId="2edcc21b-2fd3-8ad6-2601-7be30d068452" executionId="4c22662e-dc8e-420f-9686-054a81b39a44" testListId="8c84fa94-04c1-424b-9868-57a2d4851a1d" />
    <TestEntry testId="4db0be9d-0860-6932-3652-be2d1821ad10" executionId="f2049a29-485a-42e3-a4ec-96ef71f56138" testListId="8c84fa94-04c1-424b-9868-57a2d4851a1d" />
    <TestEntry testId="a90135ab-03c6-3f45-baa1-ba9f0595e405" executionId="7c38a55d-0dfe-4dc6-b399-b36ae9e41d7f" testListId="8c84fa94-04c1-424b-9868-57a2d4851a1d" />
    <TestEntry testId="3b060c43-fb18-736c-6620-c8019a3d253d" executionId="b3ea10d4-e1eb-48f2-82c7-ee6de7202534" testListId="8c84fa94-04c1-424b-9868-57a2d4851a1d" />
    <TestEntry testId="81451898-976c-e980-1ee2-2b978cfd58d4" executionId="462b7626-9e16-49ed-b724-e2c4a0bdb8d9" testListId="8c84fa94-04c1-424b-9868-57a2d4851a1d" />
    <TestEntry testId="0ccce860-e4a4-f4db-8880-678875ed9a1b" executionId="059761f1-d221-45c2-916e-9e79e24e1cea" testListId="8c84fa94-04c1-424b-9868-57a2d4851a1d" />
    <TestEntry testId="a9d13c3c-8ed5-89f4-0076-72884776b56b" executionId="753d6f70-05c0-467a-b204-b4b48b722ba4" testListId="8c84fa94-04c1-424b-9868-57a2d4851a1d" />
    <TestEntry testId="e703b7d3-193c-ee13-68ec-017971e88225" executionId="8943e5d9-5b23-4cc3-afbf-5760f39abbcb" testListId="8c84fa94-04c1-424b-9868-57a2d4851a1d" />
    <TestEntry testId="dc6cf14c-f213-fc10-224c-222127875910" executionId="726c7456-45a8-4c75-9f2d-49a867276b52" testListId="8c84fa94-04c1-424b-9868-57a2d4851a1d" />
    <TestEntry testId="faa1ce73-878b-4e8f-15fc-64bef5ef0998" executionId="bb195bb9-2e1b-4178-a887-56cc82eac4ae" testListId="8c84fa94-04c1-424b-9868-57a2d4851a1d" />
    <TestEntry testId="76b660b8-7e24-b65d-47ba-a7e5a1c01fb2" executionId="b0099683-6f62-4e60-b8d6-14cdc2c1f8b9" testListId="8c84fa94-04c1-424b-9868-57a2d4851a1d" />
    <TestEntry testId="672c9192-9148-31f2-1960-5bdc046df8a4" executionId="4c02f260-0c01-4c02-b608-5c353722eb24" testListId="8c84fa94-04c1-424b-9868-57a2d4851a1d" />
    <TestEntry testId="939493c7-fab7-a3bb-84b5-080966ffba87" executionId="6fc21df3-2c2d-4dff-a31d-b3e8a6ae6766" testListId="8c84fa94-04c1-424b-9868-57a2d4851a1d" />
    <TestEntry testId="76a4a716-7d7c-0d94-eeb1-5b2ceed09427" executionId="c1678425-0131-43de-b46c-d96c07375a38" testListId="8c84fa94-04c1-424b-9868-57a2d4851a1d" />
    <TestEntry testId="0b6f3d6c-718b-8d0f-7771-4cb998fb06c1" executionId="0654e4fe-efb2-4960-b1dc-9818abd98b83" testListId="8c84fa94-04c1-424b-9868-57a2d4851a1d" />
    <TestEntry testId="161db290-d062-7d03-e982-58214a69c00b" executionId="43cacffc-58b4-4230-ba14-6d948d339c10" testListId="8c84fa94-04c1-424b-9868-57a2d4851a1d" />
    <TestEntry testId="521f8ac1-2aa8-5ce9-81cc-1de3f5d89e8a" executionId="7644f62e-2fef-4a86-9e97-6517be9448a0" testListId="8c84fa94-04c1-424b-9868-57a2d4851a1d" />
    <TestEntry testId="277cb302-744a-ca69-dbb2-18147c3deac7" executionId="e98e6262-a347-44bf-b2bd-970959305de1" testListId="8c84fa94-04c1-424b-9868-57a2d4851a1d" />
    <TestEntry testId="4312d8b0-8207-ac45-ae41-610f3ede0de1" executionId="97d59399-aac8-440d-aaa8-8efbb8dd7097" testListId="8c84fa94-04c1-424b-9868-57a2d4851a1d" />
    <TestEntry testId="bab117d9-7185-f857-7038-0df760181645" executionId="5e674b37-5dc8-4c2e-a1e4-5b51a7a34b4f" testListId="8c84fa94-04c1-424b-9868-57a2d4851a1d" />
    <TestEntry testId="58408764-929c-a3f2-b599-11fc333b47db" executionId="597a887c-02bd-4cfb-97c2-91ace760756d" testListId="8c84fa94-04c1-424b-9868-57a2d4851a1d" />
    <TestEntry testId="ab1001c1-16c4-009d-b28e-3bb88b92bfa9" executionId="81074dfc-349c-4bdf-a3c4-e73fe4be927f" testListId="8c84fa94-04c1-424b-9868-57a2d4851a1d" />
    <TestEntry testId="dc32eee3-db68-3763-c523-37e6c5baaf07" executionId="4f783e83-5476-4611-a624-f065861ca461" testListId="8c84fa94-04c1-424b-9868-57a2d4851a1d" />
    <TestEntry testId="4ceec934-e21f-8189-bc7f-3aa8ca951e75" executionId="3fbe7358-016b-48ec-847c-aa4608a43dfb" testListId="8c84fa94-04c1-424b-9868-57a2d4851a1d" />
    <TestEntry testId="482767b2-241e-2e05-aba4-6d5567f16965" executionId="64e73775-9247-499e-b1fa-c64d43f31b7c" testListId="8c84fa94-04c1-424b-9868-57a2d4851a1d" />
    <TestEntry testId="1e0773f8-d3c9-3f52-3a3d-8856796ab317" executionId="f1150dbe-f092-4bce-908b-41e4b06f241d" testListId="8c84fa94-04c1-424b-9868-57a2d4851a1d" />
    <TestEntry testId="a40cdc90-11e9-f953-9eff-1dafe521f38c" executionId="0a0e72d2-26a4-444e-865d-cbe820f3ba7f" testListId="8c84fa94-04c1-424b-9868-57a2d4851a1d" />
    <TestEntry testId="d6a53caf-73fc-9b44-5d7f-0852a36d7f28" executionId="4d2188af-9e60-4985-8aed-7e48dc2862e5" testListId="8c84fa94-04c1-424b-9868-57a2d4851a1d" />
    <TestEntry testId="c93aee31-e33b-d59f-6e33-7fee81533e22" executionId="336aefc2-e959-43be-a56b-bb453f297ed1" testListId="8c84fa94-04c1-424b-9868-57a2d4851a1d" />
    <TestEntry testId="03253f43-2f83-0b71-af56-7ae9f93951ac" executionId="01547698-60d4-4d54-ac6b-efce5e3b4e9d" testListId="8c84fa94-04c1-424b-9868-57a2d4851a1d" />
    <TestEntry testId="6db3add2-afba-7f6e-17fb-d5ae62fb1ea4" executionId="b6238167-2722-4e9f-a801-63a3cb561982" testListId="8c84fa94-04c1-424b-9868-57a2d4851a1d" />
    <TestEntry testId="9dc4f212-b384-bc2b-e90a-807f29eda893" executionId="ebbdc6b6-dd01-4b7d-a9a9-fef5a516cef1" testListId="8c84fa94-04c1-424b-9868-57a2d4851a1d" />
    <TestEntry testId="c600a32d-e999-b0bc-5162-aa2e6fc24e6e" executionId="562921f2-2556-4fcc-8002-d01459e7f332" testListId="8c84fa94-04c1-424b-9868-57a2d4851a1d" />
    <TestEntry testId="260e9c45-e3c3-9d33-9c29-6b811a37f689" executionId="ac91379c-bc44-48f5-8aca-90c47a92d55b" testListId="8c84fa94-04c1-424b-9868-57a2d4851a1d" />
    <TestEntry testId="555fddca-13e6-32fd-a31e-6d92e181f849" executionId="48b1aaaa-ac3b-4b3b-9344-ee6affd1a2ce" testListId="8c84fa94-04c1-424b-9868-57a2d4851a1d" />
    <TestEntry testId="b3c14634-5b13-f76a-e374-b6d6bfb6724c" executionId="7000c9cc-fe2d-4090-8e60-2defd7341d06" testListId="8c84fa94-04c1-424b-9868-57a2d4851a1d" />
    <TestEntry testId="7873828f-3bd0-d5d9-3598-39b535d3636b" executionId="da3fbb67-154b-485f-acd2-8287c3791179" testListId="8c84fa94-04c1-424b-9868-57a2d4851a1d" />
    <TestEntry testId="c3d8a92f-0ad4-47e1-359e-0f53dfd4a72a" executionId="666b398e-c3d9-4ca7-9549-5cc87f2e62a1" testListId="8c84fa94-04c1-424b-9868-57a2d4851a1d" />
    <TestEntry testId="32883581-d37c-65c9-51ee-9e37a9991b5f" executionId="18f25b66-82eb-4fbb-9546-23f7f153cf19" testListId="8c84fa94-04c1-424b-9868-57a2d4851a1d" />
  </TestEntries>
  <TestLists>
    <TestList name="Results Not in a List" id="8c84fa94-04c1-424b-9868-57a2d4851a1d" />
    <TestList name="All Loaded Results" id="19431567-8539-422a-85d7-44ee4e166bda" />
  </TestLists>
  <ResultSummary outcome="Completed">
    <Counters total="46" executed="46" passed="46" failed="0" error="0" timeout="0" aborted="0" inconclusive="0" passedButRunAborted="0" notRunnable="0" notExecuted="0" disconnected="0" warning="0" completed="0" inProgress="0" pending="0" />
  </ResultSummary>
</TestRun>