<?xml version="1.0" encoding="utf-8"?>
<TestRun id="8866305b-e9dc-403d-a29e-b49e5aa11ac2" name="DKSR-EFI-06$@DKSR-EFI-06 2024-01-09 15:40:47" runUser="NT AUTHORITY\NETWORK SERVICE" xmlns="http://microsoft.com/schemas/VisualStudio/TeamTest/2010">
  <Times creation="2024-01-09T15:40:47.4296479+01:00" queuing="2024-01-09T15:40:47.4296479+01:00" start="2024-01-09T15:40:44.2265036+01:00" finish="2024-01-09T15:40:50.8984125+01:00" />
  <TestSettings name="default" id="b80af6ef-53e1-491a-acaa-1e67494331c1">
    <Deployment runDeploymentRoot="DKSR-EFI-06$_DKSR-EFI-06_2024-01-09_15_40_47" />
  </TestSettings>
  <Results>
    <UnitTestResult executionId="4a557ca2-6097-4a61-9760-a24076b4f713" testId="84b4f8a2-0602-5c69-df61-3accbf092f08" testName="WhenPluginIsInitializedItShouldOnlyAcceptNormalWorkspace" computerName="DKSR-EFI-06" duration="00:00:00.0045373" startTime="2024-01-09T15:40:50.2109089+01:00" endTime="2024-01-09T15:40:50.2265360+01:00" testType="13cdc9d9-ddb5-4fa4-a97d-d965ccfc6d4b" outcome="Passed" testListId="8c84fa94-04c1-424b-9868-57a2d4851a1d" relativeResultsDirectory="4a557ca2-6097-4a61-9760-a24076b4f713" />
    <UnitTestResult executionId="86730d8c-f8af-4715-93e6-4f7a4a605d2b" testId="2a673ba4-c35e-b9e2-666b-1aa6a2a9dd82" testName="WhenASecondEffectWithACloserExpireTimeIsCreatedTimerShouldBeUpdated" computerName="DKSR-EFI-06" duration="00:00:00.0074217" startTime="2024-01-09T15:40:49.7890359+01:00" endTime="2024-01-09T15:40:49.8046588+01:00" testType="13cdc9d9-ddb5-4fa4-a97d-d965ccfc6d4b" outcome="Passed" testListId="8c84fa94-04c1-424b-9868-57a2d4851a1d" relativeResultsDirectory="86730d8c-f8af-4715-93e6-4f7a4a605d2b" />
    <UnitTestResult executionId="a740d633-8ae6-4c5c-8e58-3a5e661b6418" testId="6dc38cba-69d2-3cc3-86d8-d8d1f53c5600" testName="WhenAnEffectIsCreatedItShouldCallTimerStart" computerName="DKSR-EFI-06" duration="00:00:00.0207271" startTime="2024-01-09T15:40:49.7734108+01:00" endTime="2024-01-09T15:40:49.7890359+01:00" testType="13cdc9d9-ddb5-4fa4-a97d-d965ccfc6d4b" outcome="Passed" testListId="8c84fa94-04c1-424b-9868-57a2d4851a1d" relativeResultsDirectory="a740d633-8ae6-4c5c-8e58-3a5e661b6418" />
    <UnitTestResult executionId="35a8c0fe-48a5-4b44-a89e-ce87c6e66fbc" testId="5147826e-46c3-9e6b-5c62-0e0a342a2ae5" testName="WhenADeviceIsNotBlurredItShouldRemoveTheBlurIfItsAppliedWhenLiveIsStarted" computerName="DKSR-EFI-06" duration="00:00:00.1310236" startTime="2024-01-09T15:40:47.4921482+01:00" endTime="2024-01-09T15:40:47.6171487+01:00" testType="13cdc9d9-ddb5-4fa4-a97d-d965ccfc6d4b" outcome="Passed" testListId="8c84fa94-04c1-424b-9868-57a2d4851a1d" relativeResultsDirectory="35a8c0fe-48a5-4b44-a89e-ce87c6e66fbc" />
    <UnitTestResult executionId="ce69a6c2-0f18-4668-8c52-78eebf1aad5b" testId="5b3e34f2-b3e5-42b7-0ac5-3a66955e2864" testName="WhenCreatedItShouldApplyBlurWhenItsNotActive" computerName="DKSR-EFI-06" duration="00:00:00.0010085" startTime="2024-01-09T15:40:49.7577822+01:00" endTime="2024-01-09T15:40:49.7577822+01:00" testType="13cdc9d9-ddb5-4fa4-a97d-d965ccfc6d4b" outcome="Passed" testListId="8c84fa94-04c1-424b-9868-57a2d4851a1d" relativeResultsDirectory="ce69a6c2-0f18-4668-8c52-78eebf1aad5b" />
    <UnitTestResult executionId="9971a23a-c03d-4d00-98c7-48e138c46d99" testId="1f008342-1288-fc74-ba21-7305c634648c" testName="WhenPluginIsClosedWithoutInitializationItShouldNotCrash" computerName="DKSR-EFI-06" duration="00:00:00.0155426" startTime="2024-01-09T15:40:50.6484111+01:00" endTime="2024-01-09T15:40:50.6640391+01:00" testType="13cdc9d9-ddb5-4fa4-a97d-d965ccfc6d4b" outcome="Passed" testListId="8c84fa94-04c1-424b-9868-57a2d4851a1d" relativeResultsDirectory="9971a23a-c03d-4d00-98c7-48e138c46d99" />
    <UnitTestResult executionId="28d4d73f-3da2-4c69-b6ee-a1b8fec553c7" testId="e2520e6e-e79f-59e7-d218-8b27cdc452c8" testName="WhenClosedItShouldTrackWithTelemetryWhenSliderValueWasChanged" computerName="DKSR-EFI-06" duration="00:00:00.0039036" startTime="2024-01-09T15:40:49.7577822+01:00" endTime="2024-01-09T15:40:49.7577822+01:00" testType="13cdc9d9-ddb5-4fa4-a97d-d965ccfc6d4b" outcome="Passed" testListId="8c84fa94-04c1-424b-9868-57a2d4851a1d" relativeResultsDirectory="28d4d73f-3da2-4c69-b6ee-a1b8fec553c7" />
    <UnitTestResult executionId="04b1c6d4-955f-4804-a3bd-7bcc6901ce26" testId="230d486f-8396-a421-5191-be64ef1ba247" testName="WhenBlurEffectIsAppliedItShouldBeAppliedToTheView" computerName="DKSR-EFI-06" duration="00:00:01.9809834" startTime="2024-01-09T15:40:47.6171487+01:00" endTime="2024-01-09T15:40:49.6015311+01:00" testType="13cdc9d9-ddb5-4fa4-a97d-d965ccfc6d4b" outcome="Passed" testListId="8c84fa94-04c1-424b-9868-57a2d4851a1d" relativeResultsDirectory="04b1c6d4-955f-4804-a3bd-7bcc6901ce26" />
    <UnitTestResult executionId="06efbc4a-1eb3-41cc-ab46-7a90ced064c8" testId="9d4dd40a-c83e-8e20-643e-1bbe47d682c6" testName="WhenCreatedTheInitialBlurLevelItShouldTrackWithTelemetryWhenBlurWasNotActive" computerName="DKSR-EFI-06" duration="00:00:00.0025006" startTime="2024-01-09T15:40:49.7577822+01:00" endTime="2024-01-09T15:40:49.7577822+01:00" testType="13cdc9d9-ddb5-4fa4-a97d-d965ccfc6d4b" outcome="Passed" testListId="8c84fa94-04c1-424b-9868-57a2d4851a1d" relativeResultsDirectory="06efbc4a-1eb3-41cc-ab46-7a90ced064c8" />
    <UnitTestResult executionId="2b470ce3-2789-45f3-b7bf-a4137f83701c" testId="7659d00f-ff35-b2cf-bf40-b4729809d7da" testName="WhenAnEffectIsUpdatedItShouldUpdateTheStoredObject" computerName="DKSR-EFI-06" duration="00:00:00.0012262" startTime="2024-01-09T15:40:46.9296481+01:00" endTime="2024-01-09T15:40:46.9296481+01:00" testType="13cdc9d9-ddb5-4fa4-a97d-d965ccfc6d4b" outcome="Passed" testListId="8c84fa94-04c1-424b-9868-57a2d4851a1d" relativeResultsDirectory="2b470ce3-2789-45f3-b7bf-a4137f83701c" />
    <UnitTestResult executionId="4a9fe917-ae17-4bb0-9d44-204ca11efbc2" testId="ea9f94bb-169b-73d4-99b1-7e51b1491e36" testName="WhenPluginIsInitializedItShouldOnlyAcceptLiveWorkspace" computerName="DKSR-EFI-06" duration="00:00:00.3945554" startTime="2024-01-09T15:40:49.8202819+01:00" endTime="2024-01-09T15:40:50.2109089+01:00" testType="13cdc9d9-ddb5-4fa4-a97d-d965ccfc6d4b" outcome="Passed" testListId="8c84fa94-04c1-424b-9868-57a2d4851a1d" relativeResultsDirectory="4a9fe917-ae17-4bb0-9d44-204ca11efbc2" />
    <UnitTestResult executionId="3af72ec9-7594-4766-97ba-41f588a1290b" testId="330e507d-df16-ffce-d4bb-435c4c1424a2" testName="WhenAnEffectIsCreatedItShouldBeStored" computerName="DKSR-EFI-06" duration="00:00:00.4921132" startTime="2024-01-09T15:40:46.2890157+01:00" endTime="2024-01-09T15:40:46.9140189+01:00" testType="13cdc9d9-ddb5-4fa4-a97d-d965ccfc6d4b" outcome="Passed" testListId="8c84fa94-04c1-424b-9868-57a2d4851a1d" relativeResultsDirectory="3af72ec9-7594-4766-97ba-41f588a1290b" />
    <UnitTestResult executionId="8625ba82-f11c-4991-8d3c-caaebb67275c" testId="cc912447-b797-cb55-b4f1-7ce0f3ff20ac" testName="WhenClosedItShouldNotTrackWithTelemetryWhenSliderValueNotWasChanged" computerName="DKSR-EFI-06" duration="00:00:00.0020312" startTime="2024-01-09T15:40:49.7577822+01:00" endTime="2024-01-09T15:40:49.7734108+01:00" testType="13cdc9d9-ddb5-4fa4-a97d-d965ccfc6d4b" outcome="Passed" testListId="8c84fa94-04c1-424b-9868-57a2d4851a1d" relativeResultsDirectory="8625ba82-f11c-4991-8d3c-caaebb67275c" />
    <UnitTestResult executionId="2d710626-44f3-401a-9463-1e1490de8226" testId="35e707b5-6d1e-08ff-f674-c511cc243b44" testName="WhenGetTimeoutCalledItShouldGetBlurringConfigurationTimeout" computerName="DKSR-EFI-06" duration="00:00:00.0211816" startTime="2024-01-09T15:40:50.4296603+01:00" endTime="2024-01-09T15:40:50.4609110+01:00" testType="13cdc9d9-ddb5-4fa4-a97d-d965ccfc6d4b" outcome="Passed" testListId="8c84fa94-04c1-424b-9868-57a2d4851a1d" relativeResultsDirectory="2d710626-44f3-401a-9463-1e1490de8226" />
    <UnitTestResult executionId="44945dc8-1f22-4deb-a42d-95f1196ef0a3" testId="f4ce8719-7b66-95d8-0c05-c4435db06c3f" testName="WhenLiveIsResumedItShouldApplyTheEffect" computerName="DKSR-EFI-06" duration="00:00:00.0058435" startTime="2024-01-09T15:40:49.6171570+01:00" endTime="2024-01-09T15:40:49.6327823+01:00" testType="13cdc9d9-ddb5-4fa4-a97d-d965ccfc6d4b" outcome="Passed" testListId="8c84fa94-04c1-424b-9868-57a2d4851a1d" relativeResultsDirectory="44945dc8-1f22-4deb-a42d-95f1196ef0a3" />
    <UnitTestResult executionId="1fa5b06a-f3ea-4187-9d85-c74ba0e93685" testId="9076b149-a280-3e23-ebd1-51a00e6bbcd2" testName="WhenDisableBlurringCommandIsCalledItShouldTrackWithTelemetry" computerName="DKSR-EFI-06" duration="00:00:00.0018502" startTime="2024-01-09T15:40:49.7734108+01:00" endTime="2024-01-09T15:40:49.7734108+01:00" testType="13cdc9d9-ddb5-4fa4-a97d-d965ccfc6d4b" outcome="Passed" testListId="8c84fa94-04c1-424b-9868-57a2d4851a1d" relativeResultsDirectory="1fa5b06a-f3ea-4187-9d85-c74ba0e93685" />
    <UnitTestResult executionId="4e72c46f-dc5e-447e-8ccc-90273a88fbf1" testId="950a7f38-3e29-3fc1-db44-65f1b82ba0f1" testName="WhenAnEffectIsUpdatedItShouldNotify" computerName="DKSR-EFI-06" duration="00:00:00.0012317" startTime="2024-01-09T15:40:46.9296481+01:00" endTime="2024-01-09T15:40:46.9296481+01:00" testType="13cdc9d9-ddb5-4fa4-a97d-d965ccfc6d4b" outcome="Passed" testListId="8c84fa94-04c1-424b-9868-57a2d4851a1d" relativeResultsDirectory="4e72c46f-dc5e-447e-8ccc-90273a88fbf1" />
    <UnitTestResult executionId="a2669c9f-2d2a-4275-90e5-db90d287bb7a" testId="e025f1f9-30bd-9108-e4fc-b392ec191c92" testName="WhenAnEffectIsRemovedItShouldBeRemovedFromList" computerName="DKSR-EFI-06" duration="00:00:00.0015667" startTime="2024-01-09T15:40:46.9296481+01:00" endTime="2024-01-09T15:40:46.9296481+01:00" testType="13cdc9d9-ddb5-4fa4-a97d-d965ccfc6d4b" outcome="Passed" testListId="8c84fa94-04c1-424b-9868-57a2d4851a1d" relativeResultsDirectory="a2669c9f-2d2a-4275-90e5-db90d287bb7a" />
    <UnitTestResult executionId="5d97d484-2a65-48bc-a9c3-f1594df27244" testId="da0e6e05-504c-323d-8dd6-5f699d1b792a" testName="WhenGetTimeoutCalledWithNullConfigurationItShouldReturnDefaultTimeout" computerName="DKSR-EFI-06" duration="00:00:00.0091884" startTime="2024-01-09T15:40:50.4609110+01:00" endTime="2024-01-09T15:40:50.4609110+01:00" testType="13cdc9d9-ddb5-4fa4-a97d-d965ccfc6d4b" outcome="Passed" testListId="8c84fa94-04c1-424b-9868-57a2d4851a1d" relativeResultsDirectory="5d97d484-2a65-48bc-a9c3-f1594df27244" />
    <UnitTestResult executionId="548b7e48-10d1-4a7e-a7f3-0c4af385101b" testId="fb80f4c4-3bb9-8ac5-cd67-57b676085fd0" testName="WhenASecondEffectWithALongerExpireTimeIsCreatedTimerShouldNotBeUpdated" computerName="DKSR-EFI-06" duration="00:00:00.0035349" startTime="2024-01-09T15:40:49.8046588+01:00" endTime="2024-01-09T15:40:49.8046588+01:00" testType="13cdc9d9-ddb5-4fa4-a97d-d965ccfc6d4b" outcome="Passed" testListId="8c84fa94-04c1-424b-9868-57a2d4851a1d" relativeResultsDirectory="548b7e48-10d1-4a7e-a7f3-0c4af385101b" />
    <UnitTestResult executionId="76a781f5-733d-44e5-9569-5cfb472cd0a0" testId="07b8a5bc-2d64-f515-3ac4-abd71daed6d3" testName="WhenPluginIsInitializedItShouldOnlyAcceptCameras" computerName="DKSR-EFI-06" duration="00:00:00.0008162" startTime="2024-01-09T15:40:50.2109089+01:00" endTime="2024-01-09T15:40:50.2109089+01:00" testType="13cdc9d9-ddb5-4fa4-a97d-d965ccfc6d4b" outcome="Passed" testListId="8c84fa94-04c1-424b-9868-57a2d4851a1d" relativeResultsDirectory="76a781f5-733d-44e5-9569-5cfb472cd0a0" />
    <UnitTestResult executionId="db5d0fcb-78b5-4f97-aa82-efa4d60b7f87" testId="9879617b-b69f-2646-89ff-ec6950c7eaf7" testName="WhenTheLicenseIsNotAllowedItShouldBeDisabled (False,False)" computerName="DKSR-EFI-06" duration="00:00:00.1237150" startTime="2024-01-09T15:40:50.2265360+01:00" endTime="2024-01-09T15:40:50.4140351+01:00" testType="13cdc9d9-ddb5-4fa4-a97d-d965ccfc6d4b" outcome="Passed" testListId="8c84fa94-04c1-424b-9868-57a2d4851a1d" relativeResultsDirectory="db5d0fcb-78b5-4f97-aa82-efa4d60b7f87" />
    <UnitTestResult executionId="e508bb93-b10b-4a06-a3fc-0a9594d2753d" testId="28ff9af0-0a93-44b6-1f55-0fce40536920" testName="WhenBlurEffectIsRemovedItShouldBeRemovedFromTheView" computerName="DKSR-EFI-06" duration="00:00:00.0080084" startTime="2024-01-09T15:40:49.6015311+01:00" endTime="2024-01-09T15:40:49.6171570+01:00" testType="13cdc9d9-ddb5-4fa4-a97d-d965ccfc6d4b" outcome="Passed" testListId="8c84fa94-04c1-424b-9868-57a2d4851a1d" relativeResultsDirectory="e508bb93-b10b-4a06-a3fc-0a9594d2753d" />
    <UnitTestResult executionId="8d4874ad-4f26-40e0-84a9-8eacdf2bf66b" testId="1b8d4c35-70cf-c5cf-e867-dee2e3d28af8" testName="WhenTheLicenseIsNotAllowedItShouldBeDisabled (True,True)" computerName="DKSR-EFI-06" duration="00:00:00.0019878" startTime="2024-01-09T15:40:50.4296603+01:00" endTime="2024-01-09T15:40:50.4296603+01:00" testType="13cdc9d9-ddb5-4fa4-a97d-d965ccfc6d4b" outcome="Passed" testListId="8c84fa94-04c1-424b-9868-57a2d4851a1d" relativeResultsDirectory="8d4874ad-4f26-40e0-84a9-8eacdf2bf66b" />
    <UnitTestResult executionId="066cf821-16db-4efb-a515-7735f1b0a65f" testId="68bb5735-5a6c-b489-6f57-c9c92edd9fae" testName="WhenCreatedItShouldNotApplyBlurWhenItsActive" computerName="DKSR-EFI-06" duration="00:00:00.0011573" startTime="2024-01-09T15:40:49.7577822+01:00" endTime="2024-01-09T15:40:49.7577822+01:00" testType="13cdc9d9-ddb5-4fa4-a97d-d965ccfc6d4b" outcome="Passed" testListId="8c84fa94-04c1-424b-9868-57a2d4851a1d" relativeResultsDirectory="066cf821-16db-4efb-a515-7735f1b0a65f" />
    <UnitTestResult executionId="1a6de068-4520-48e8-8543-6404e3ce1ea7" testId="d0bb76c3-3045-5eb4-a62e-f6ff25c26c9c" testName="WhenCreatedTheInitialBlurLevelItShouldNotTrackWithTelemetryWhenBlurWasActive" computerName="DKSR-EFI-06" duration="00:00:00.0017386" startTime="2024-01-09T15:40:49.7577822+01:00" endTime="2024-01-09T15:40:49.7577822+01:00" testType="13cdc9d9-ddb5-4fa4-a97d-d965ccfc6d4b" outcome="Passed" testListId="8c84fa94-04c1-424b-9868-57a2d4851a1d" relativeResultsDirectory="1a6de068-4520-48e8-8543-6404e3ce1ea7" />
    <UnitTestResult executionId="8d75815e-d58d-4989-a253-570a2024d982" testId="15060ffd-2550-e7b5-159b-11127974200a" testName="WhenADeviceIsBlurredItShouldNotBlurTheViewOnStartIfItsNotInLive" computerName="DKSR-EFI-06" duration="00:00:00.0565946" startTime="2024-01-09T15:40:47.4296479+01:00" endTime="2024-01-09T15:40:47.4921482+01:00" testType="13cdc9d9-ddb5-4fa4-a97d-d965ccfc6d4b" outcome="Passed" testListId="8c84fa94-04c1-424b-9868-57a2d4851a1d" relativeResultsDirectory="8d75815e-d58d-4989-a253-570a2024d982" />
    <UnitTestResult executionId="29306751-383f-4334-9ace-ad8b34d88739" testId="ae8e578b-6759-0cf8-ca87-32a327ee39c1" testName="WhenBlurLevelIsUpdatedItShouldOnlyAffectViewsWithSameDevice" computerName="DKSR-EFI-06" duration="00:00:00.0072936" startTime="2024-01-09T15:40:50.6484111+01:00" endTime="2024-01-09T15:40:50.6484111+01:00" testType="13cdc9d9-ddb5-4fa4-a97d-d965ccfc6d4b" outcome="Passed" testListId="8c84fa94-04c1-424b-9868-57a2d4851a1d" relativeResultsDirectory="29306751-383f-4334-9ace-ad8b34d88739" />
    <UnitTestResult executionId="26193795-6509-413d-827c-8579ddc2c6f9" testId="b95147e1-eaea-8d96-47ec-88105c934831" testName="WhenDisableBlurringIsCalledItShouldDisableBlur" computerName="DKSR-EFI-06" duration="00:00:00.0015672" startTime="2024-01-09T15:40:49.7421589+01:00" endTime="2024-01-09T15:40:49.7577822+01:00" testType="13cdc9d9-ddb5-4fa4-a97d-d965ccfc6d4b" outcome="Passed" testListId="8c84fa94-04c1-424b-9868-57a2d4851a1d" relativeResultsDirectory="26193795-6509-413d-827c-8579ddc2c6f9" />
    <UnitTestResult executionId="ba8b3204-383f-477f-96b7-ecd767ed8a04" testId="848e6a7a-c5d6-327f-cc03-bb664a17e135" testName="WhenAnEffectIsRemovedItShouldNotify" computerName="DKSR-EFI-06" duration="00:00:00.0013131" startTime="2024-01-09T15:40:46.9296481+01:00" endTime="2024-01-09T15:40:46.9296481+01:00" testType="13cdc9d9-ddb5-4fa4-a97d-d965ccfc6d4b" outcome="Passed" testListId="8c84fa94-04c1-424b-9868-57a2d4851a1d" relativeResultsDirectory="ba8b3204-383f-477f-96b7-ecd767ed8a04" />
    <UnitTestResult executionId="af7ad51a-9765-4bb1-8eba-300ec637b51b" testId="fe6ec20e-e40b-dc74-8bde-d49e2c7c2a05" testName="WhenLiveIsStoppedItShouldPauseTheEffect" computerName="DKSR-EFI-06" duration="00:00:00.0038472" startTime="2024-01-09T15:40:49.6171570+01:00" endTime="2024-01-09T15:40:49.6171570+01:00" testType="13cdc9d9-ddb5-4fa4-a97d-d965ccfc6d4b" outcome="Passed" testListId="8c84fa94-04c1-424b-9868-57a2d4851a1d" relativeResultsDirectory="af7ad51a-9765-4bb1-8eba-300ec637b51b" />
    <UnitTestResult executionId="6bbb1880-5fd8-4046-a884-41011bd7ed9d" testId="08b5b2a7-5441-2591-542f-b6dffadf7f88" testName="WhenImageViewerHasAnEffectIsBlurredShouldReturnTrue" computerName="DKSR-EFI-06" duration="00:00:00.0008303" startTime="2024-01-09T15:40:49.6171570+01:00" endTime="2024-01-09T15:40:49.6171570+01:00" testType="13cdc9d9-ddb5-4fa4-a97d-d965ccfc6d4b" outcome="Passed" testListId="8c84fa94-04c1-424b-9868-57a2d4851a1d" relativeResultsDirectory="6bbb1880-5fd8-4046-a884-41011bd7ed9d" />
    <UnitTestResult executionId="a95117b7-4ad7-47d0-86b6-be0d67faa3cc" testId="e36d9440-fca2-d961-3647-dc2b29acc53c" testName="WhenTimerExpiresItShouldRemoveAllExpiredBlurEffects" computerName="DKSR-EFI-06" duration="00:00:00.0170608" startTime="2024-01-09T15:40:49.8046588+01:00" endTime="2024-01-09T15:40:49.8202819+01:00" testType="13cdc9d9-ddb5-4fa4-a97d-d965ccfc6d4b" outcome="Passed" testListId="8c84fa94-04c1-424b-9868-57a2d4851a1d" relativeResultsDirectory="a95117b7-4ad7-47d0-86b6-be0d67faa3cc" />
    <UnitTestResult executionId="82bdfd11-dba5-418c-8050-54513fce8cc5" testId="05284f51-2d64-307d-5c54-e2b2676bfde1" testName="WhenTheLicenseIsNotAllowedItShouldBeDisabled (False,True)" computerName="DKSR-EFI-06" duration="00:00:00.0009887" startTime="2024-01-09T15:40:50.4140351+01:00" endTime="2024-01-09T15:40:50.4140351+01:00" testType="13cdc9d9-ddb5-4fa4-a97d-d965ccfc6d4b" outcome="Passed" testListId="8c84fa94-04c1-424b-9868-57a2d4851a1d" relativeResultsDirectory="82bdfd11-dba5-418c-8050-54513fce8cc5" />
    <UnitTestResult executionId="f1a780d3-6236-46c2-9200-067e7f6397ea" testId="90d97778-5141-8a25-e707-c8afb239ea89" testName="WhenApplyFullBlurringCommandIsCalledItShouldSetFullBlur" computerName="DKSR-EFI-06" duration="00:00:00.1178349" startTime="2024-01-09T15:40:49.6327823+01:00" endTime="2024-01-09T15:40:49.7421589+01:00" testType="13cdc9d9-ddb5-4fa4-a97d-d965ccfc6d4b" outcome="Passed" testListId="8c84fa94-04c1-424b-9868-57a2d4851a1d" relativeResultsDirectory="f1a780d3-6236-46c2-9200-067e7f6397ea" />
    <UnitTestResult executionId="a472396c-0085-4814-8c24-dee3511e6283" testId="8a4ebd19-de99-7a20-a8f0-055eace17471" testName="WhenBlurEffectIsUpdatedItShouldBeUpdatedInView" computerName="DKSR-EFI-06" duration="00:00:00.0032567" startTime="2024-01-09T15:40:49.6171570+01:00" endTime="2024-01-09T15:40:49.6171570+01:00" testType="13cdc9d9-ddb5-4fa4-a97d-d965ccfc6d4b" outcome="Passed" testListId="8c84fa94-04c1-424b-9868-57a2d4851a1d" relativeResultsDirectory="a472396c-0085-4814-8c24-dee3511e6283" />
    <UnitTestResult executionId="5ff0b6a6-f2f3-4dbe-86b8-17f592c40b23" testId="e24eaf52-5046-b7d6-f19c-7187b37cf5c7" testName="WhenAnEffectIsRemovedItShouldCallSendBlurringRemovedEvent" computerName="DKSR-EFI-06" duration="00:00:00.0037901" startTime="2024-01-09T15:40:46.9608962+01:00" endTime="2024-01-09T15:40:46.9608962+01:00" testType="13cdc9d9-ddb5-4fa4-a97d-d965ccfc6d4b" outcome="Passed" testListId="8c84fa94-04c1-424b-9868-57a2d4851a1d" relativeResultsDirectory="5ff0b6a6-f2f3-4dbe-86b8-17f592c40b23" />
    <UnitTestResult executionId="8e941828-8d25-453b-b4fa-83f6075bae08" testId="974d3faa-f406-e310-4c73-6011fe20c351" testName="WhenImageViewerIsClosedItShouldCallViewsHandlerRemove" computerName="DKSR-EFI-06" duration="00:00:00.0048635" startTime="2024-01-09T15:40:49.6327823+01:00" endTime="2024-01-09T15:40:49.6327823+01:00" testType="13cdc9d9-ddb5-4fa4-a97d-d965ccfc6d4b" outcome="Passed" testListId="8c84fa94-04c1-424b-9868-57a2d4851a1d" relativeResultsDirectory="8e941828-8d25-453b-b4fa-83f6075bae08" />
    <UnitTestResult executionId="97d7160f-8e99-4d84-895b-aa91b7179e32" testId="c3b5e344-c22c-b448-fd67-18bf950315aa" testName="WhenImageViewerIsAddedItShouldApplyBlurOnlyForSupportedTypes" computerName="DKSR-EFI-06" duration="00:00:00.1730945" startTime="2024-01-09T15:40:50.4609110+01:00" endTime="2024-01-09T15:40:50.6484111+01:00" testType="13cdc9d9-ddb5-4fa4-a97d-d965ccfc6d4b" outcome="Passed" testListId="8c84fa94-04c1-424b-9868-57a2d4851a1d" relativeResultsDirectory="97d7160f-8e99-4d84-895b-aa91b7179e32" />
    <UnitTestResult executionId="4bdaff2e-4386-419d-b40d-a917186fb5ab" testId="830a50e4-ae24-8d08-f6a3-37fabb20d114" testName="WhenClosedItShouldTrackWithTelemetryWhenBlurWasDisabledWithSlider" computerName="DKSR-EFI-06" duration="00:00:00.0029542" startTime="2024-01-09T15:40:49.7577822+01:00" endTime="2024-01-09T15:40:49.7577822+01:00" testType="13cdc9d9-ddb5-4fa4-a97d-d965ccfc6d4b" outcome="Passed" testListId="8c84fa94-04c1-424b-9868-57a2d4851a1d" relativeResultsDirectory="4bdaff2e-4386-419d-b40d-a917186fb5ab" />
    <UnitTestResult executionId="8575f0fd-04c7-4b8c-b158-b01ec0053d8a" testId="3533e88a-6895-c974-edb9-506cfcb0d75e" testName="WhenAnEffectIsCreatedItShouldNotify" computerName="DKSR-EFI-06" duration="00:00:00.0025259" startTime="2024-01-09T15:40:46.9296481+01:00" endTime="2024-01-09T15:40:46.9296481+01:00" testType="13cdc9d9-ddb5-4fa4-a97d-d965ccfc6d4b" outcome="Passed" testListId="8c84fa94-04c1-424b-9868-57a2d4851a1d" relativeResultsDirectory="8575f0fd-04c7-4b8c-b158-b01ec0053d8a" />
    <UnitTestResult executionId="aadb130e-8864-4abc-9e08-b87e4cdcb943" testId="287140c5-63c0-9902-5fcd-798e2d72c927" testName="WhenADeviceIsNotBlurredItShouldNotBlurTheViewOnStart" computerName="DKSR-EFI-06" duration="00:00:00.4638201" startTime="2024-01-09T15:40:46.9608962+01:00" endTime="2024-01-09T15:40:47.4296479+01:00" testType="13cdc9d9-ddb5-4fa4-a97d-d965ccfc6d4b" outcome="Passed" testListId="8c84fa94-04c1-424b-9868-57a2d4851a1d" relativeResultsDirectory="aadb130e-8864-4abc-9e08-b87e4cdcb943" />
    <UnitTestResult executionId="b092bf8e-89af-4700-820c-ed773f15ea8b" testId="2439f9da-aeb7-ff76-bbc4-ef2f40245e21" testName="WhenAnEffectIsCreatedItShouldCallSendBlurringCreatedEvent" computerName="DKSR-EFI-06" duration="00:00:00.0280253" startTime="2024-01-09T15:40:46.9296481+01:00" endTime="2024-01-09T15:40:46.9608962+01:00" testType="13cdc9d9-ddb5-4fa4-a97d-d965ccfc6d4b" outcome="Passed" testListId="8c84fa94-04c1-424b-9868-57a2d4851a1d" relativeResultsDirectory="b092bf8e-89af-4700-820c-ed773f15ea8b" />
    <UnitTestResult executionId="ee7caa17-def1-4da7-b891-68135c20ebab" testId="52fa5057-5385-8b0d-5337-fdf5867786f3" testName="WhenTheLicenseIsNotAllowedItShouldBeDisabled (True,False)" computerName="DKSR-EFI-06" duration="00:00:00.0175296" startTime="2024-01-09T15:40:50.4140351+01:00" endTime="2024-01-09T15:40:50.4296603+01:00" testType="13cdc9d9-ddb5-4fa4-a97d-d965ccfc6d4b" outcome="Passed" testListId="8c84fa94-04c1-424b-9868-57a2d4851a1d" relativeResultsDirectory="ee7caa17-def1-4da7-b891-68135c20ebab" />
    <UnitTestResult executionId="be5e45f3-edc6-4336-9c2a-e4fe80953484" testId="bb0b79c2-9ca2-2150-2087-1584e54447bf" testName="WhenApplyFullBlurringCommandIsCalledItShouldTrackWithTelemetry" computerName="DKSR-EFI-06" duration="00:00:00.0019448" startTime="2024-01-09T15:40:49.7734108+01:00" endTime="2024-01-09T15:40:49.7734108+01:00" testType="13cdc9d9-ddb5-4fa4-a97d-d965ccfc6d4b" outcome="Passed" testListId="8c84fa94-04c1-424b-9868-57a2d4851a1d" relativeResultsDirectory="be5e45f3-edc6-4336-9c2a-e4fe80953484" />
  </Results>
  <TestDefinitions>
    <UnitTest name="WhenAnEffectIsUpdatedItShouldUpdateTheStoredObject" storage="d:\actions-runner\_work\xpco\xpco\addons\plugins\blurring\tst\videoos.plugins.blurring.sc.unittests\bin\x64\debug\net472\videoos.plugins.blurring.sc.unittests.dll" id="7659d00f-ff35-b2cf-bf40-b4729809d7da">
      <Execution id="2b470ce3-2789-45f3-b7bf-a4137f83701c" />
      <TestMethod codeBase="D:\actions-runner\_work\XPCO\XPCO\AddOns\Plugins\Blurring\tst\VideoOS.Plugins.Blurring.SC.UnitTests\bin\x64\Debug\net472\VideoOS.Plugins.Blurring.SC.UnitTests.dll" adapterTypeName="executor://mstestadapter/v2" className="VideoOS.Plugins.Blurring.SC.Test.BlurEffectRepositoryTests" name="WhenAnEffectIsUpdatedItShouldUpdateTheStoredObject" />
    </UnitTest>
    <UnitTest name="WhenAnEffectIsCreatedItShouldNotify" storage="d:\actions-runner\_work\xpco\xpco\addons\plugins\blurring\tst\videoos.plugins.blurring.sc.unittests\bin\x64\debug\net472\videoos.plugins.blurring.sc.unittests.dll" id="3533e88a-6895-c974-edb9-506cfcb0d75e">
      <Execution id="8575f0fd-04c7-4b8c-b158-b01ec0053d8a" />
      <TestMethod codeBase="D:\actions-runner\_work\XPCO\XPCO\AddOns\Plugins\Blurring\tst\VideoOS.Plugins.Blurring.SC.UnitTests\bin\x64\Debug\net472\VideoOS.Plugins.Blurring.SC.UnitTests.dll" adapterTypeName="executor://mstestadapter/v2" className="VideoOS.Plugins.Blurring.SC.Test.BlurEffectRepositoryTests" name="WhenAnEffectIsCreatedItShouldNotify" />
    </UnitTest>
    <UnitTest name="WhenAnEffectIsUpdatedItShouldNotify" storage="d:\actions-runner\_work\xpco\xpco\addons\plugins\blurring\tst\videoos.plugins.blurring.sc.unittests\bin\x64\debug\net472\videoos.plugins.blurring.sc.unittests.dll" id="950a7f38-3e29-3fc1-db44-65f1b82ba0f1">
      <Execution id="4e72c46f-dc5e-447e-8ccc-90273a88fbf1" />
      <TestMethod codeBase="D:\actions-runner\_work\XPCO\XPCO\AddOns\Plugins\Blurring\tst\VideoOS.Plugins.Blurring.SC.UnitTests\bin\x64\Debug\net472\VideoOS.Plugins.Blurring.SC.UnitTests.dll" adapterTypeName="executor://mstestadapter/v2" className="VideoOS.Plugins.Blurring.SC.Test.BlurEffectRepositoryTests" name="WhenAnEffectIsUpdatedItShouldNotify" />
    </UnitTest>
    <UnitTest name="WhenPluginIsInitializedItShouldOnlyAcceptCameras" storage="d:\actions-runner\_work\xpco\xpco\addons\plugins\blurring\tst\videoos.plugins.blurring.sc.unittests\bin\x64\debug\net472\videoos.plugins.blurring.sc.unittests.dll" id="07b8a5bc-2d64-f515-3ac4-abd71daed6d3">
      <Execution id="76a781f5-733d-44e5-9569-5cfb472cd0a0" />
      <TestMethod codeBase="D:\actions-runner\_work\XPCO\XPCO\AddOns\Plugins\Blurring\tst\VideoOS.Plugins.Blurring.SC.UnitTests\bin\x64\Debug\net472\VideoOS.Plugins.Blurring.SC.UnitTests.dll" adapterTypeName="executor://mstestadapter/v2" className="VideoOS.Plugins.Blurring.SC.Test.ToolBarBlurringPluginTest" name="WhenPluginIsInitializedItShouldOnlyAcceptCameras" />
    </UnitTest>
    <UnitTest name="WhenLiveIsResumedItShouldApplyTheEffect" storage="d:\actions-runner\_work\xpco\xpco\addons\plugins\blurring\tst\videoos.plugins.blurring.sc.unittests\bin\x64\debug\net472\videoos.plugins.blurring.sc.unittests.dll" id="f4ce8719-7b66-95d8-0c05-c4435db06c3f">
      <Execution id="44945dc8-1f22-4deb-a42d-95f1196ef0a3" />
      <TestMethod codeBase="D:\actions-runner\_work\XPCO\XPCO\AddOns\Plugins\Blurring\tst\VideoOS.Plugins.Blurring.SC.UnitTests\bin\x64\Debug\net472\VideoOS.Plugins.Blurring.SC.UnitTests.dll" adapterTypeName="executor://mstestadapter/v2" className="VideoOS.Plugins.Blurring.SC.Test.BlurreableViewTests" name="WhenLiveIsResumedItShouldApplyTheEffect" />
    </UnitTest>
    <UnitTest name="WhenAnEffectIsRemovedItShouldCallSendBlurringRemovedEvent" storage="d:\actions-runner\_work\xpco\xpco\addons\plugins\blurring\tst\videoos.plugins.blurring.sc.unittests\bin\x64\debug\net472\videoos.plugins.blurring.sc.unittests.dll" id="e24eaf52-5046-b7d6-f19c-7187b37cf5c7">
      <Execution id="5ff0b6a6-f2f3-4dbe-86b8-17f592c40b23" />
      <TestMethod codeBase="D:\actions-runner\_work\XPCO\XPCO\AddOns\Plugins\Blurring\tst\VideoOS.Plugins.Blurring.SC.UnitTests\bin\x64\Debug\net472\VideoOS.Plugins.Blurring.SC.UnitTests.dll" adapterTypeName="executor://mstestadapter/v2" className="VideoOS.Plugins.Blurring.SC.Test.BlurEffectRepositoryTests" name="WhenAnEffectIsRemovedItShouldCallSendBlurringRemovedEvent" />
    </UnitTest>
    <UnitTest name="WhenAnEffectIsCreatedItShouldBeStored" storage="d:\actions-runner\_work\xpco\xpco\addons\plugins\blurring\tst\videoos.plugins.blurring.sc.unittests\bin\x64\debug\net472\videoos.plugins.blurring.sc.unittests.dll" id="330e507d-df16-ffce-d4bb-435c4c1424a2">
      <Execution id="3af72ec9-7594-4766-97ba-41f588a1290b" />
      <TestMethod codeBase="D:\actions-runner\_work\XPCO\XPCO\AddOns\Plugins\Blurring\tst\VideoOS.Plugins.Blurring.SC.UnitTests\bin\x64\Debug\net472\VideoOS.Plugins.Blurring.SC.UnitTests.dll" adapterTypeName="executor://mstestadapter/v2" className="VideoOS.Plugins.Blurring.SC.Test.BlurEffectRepositoryTests" name="WhenAnEffectIsCreatedItShouldBeStored" />
    </UnitTest>
    <UnitTest name="WhenClosedItShouldNotTrackWithTelemetryWhenSliderValueNotWasChanged" storage="d:\actions-runner\_work\xpco\xpco\addons\plugins\blurring\tst\videoos.plugins.blurring.sc.unittests\bin\x64\debug\net472\videoos.plugins.blurring.sc.unittests.dll" id="cc912447-b797-cb55-b4f1-7ce0f3ff20ac">
      <Execution id="8625ba82-f11c-4991-8d3c-caaebb67275c" />
      <TestMethod codeBase="D:\actions-runner\_work\XPCO\XPCO\AddOns\Plugins\Blurring\tst\VideoOS.Plugins.Blurring.SC.UnitTests\bin\x64\Debug\net472\VideoOS.Plugins.Blurring.SC.UnitTests.dll" adapterTypeName="executor://mstestadapter/v2" className="VideoOS.Plugins.Blurring.SC.Test.BlurringViewModelTests" name="WhenClosedItShouldNotTrackWithTelemetryWhenSliderValueNotWasChanged" />
    </UnitTest>
    <UnitTest name="WhenTheLicenseIsNotAllowedItShouldBeDisabled (True,False)" storage="d:\actions-runner\_work\xpco\xpco\addons\plugins\blurring\tst\videoos.plugins.blurring.sc.unittests\bin\x64\debug\net472\videoos.plugins.blurring.sc.unittests.dll" id="52fa5057-5385-8b0d-5337-fdf5867786f3">
      <Execution id="ee7caa17-def1-4da7-b891-68135c20ebab" />
      <TestMethod codeBase="D:\actions-runner\_work\XPCO\XPCO\AddOns\Plugins\Blurring\tst\VideoOS.Plugins.Blurring.SC.UnitTests\bin\x64\Debug\net472\VideoOS.Plugins.Blurring.SC.UnitTests.dll" adapterTypeName="executor://mstestadapter/v2" className="VideoOS.Plugins.Blurring.SC.Test.ToolBarBlurringPluginTest" name="WhenTheLicenseIsNotAllowedItShouldBeDisabled" />
    </UnitTest>
    <UnitTest name="WhenAnEffectIsRemovedItShouldBeRemovedFromList" storage="d:\actions-runner\_work\xpco\xpco\addons\plugins\blurring\tst\videoos.plugins.blurring.sc.unittests\bin\x64\debug\net472\videoos.plugins.blurring.sc.unittests.dll" id="e025f1f9-30bd-9108-e4fc-b392ec191c92">
      <Execution id="a2669c9f-2d2a-4275-90e5-db90d287bb7a" />
      <TestMethod codeBase="D:\actions-runner\_work\XPCO\XPCO\AddOns\Plugins\Blurring\tst\VideoOS.Plugins.Blurring.SC.UnitTests\bin\x64\Debug\net472\VideoOS.Plugins.Blurring.SC.UnitTests.dll" adapterTypeName="executor://mstestadapter/v2" className="VideoOS.Plugins.Blurring.SC.Test.BlurEffectRepositoryTests" name="WhenAnEffectIsRemovedItShouldBeRemovedFromList" />
    </UnitTest>
    <UnitTest name="WhenImageViewerHasAnEffectIsBlurredShouldReturnTrue" storage="d:\actions-runner\_work\xpco\xpco\addons\plugins\blurring\tst\videoos.plugins.blurring.sc.unittests\bin\x64\debug\net472\videoos.plugins.blurring.sc.unittests.dll" id="08b5b2a7-5441-2591-542f-b6dffadf7f88">
      <Execution id="6bbb1880-5fd8-4046-a884-41011bd7ed9d" />
      <TestMethod codeBase="D:\actions-runner\_work\XPCO\XPCO\AddOns\Plugins\Blurring\tst\VideoOS.Plugins.Blurring.SC.UnitTests\bin\x64\Debug\net472\VideoOS.Plugins.Blurring.SC.UnitTests.dll" adapterTypeName="executor://mstestadapter/v2" className="VideoOS.Plugins.Blurring.SC.Test.BlurreableViewTests" name="WhenImageViewerHasAnEffectIsBlurredShouldReturnTrue" />
    </UnitTest>
    <UnitTest name="WhenADeviceIsNotBlurredItShouldNotBlurTheViewOnStart" storage="d:\actions-runner\_work\xpco\xpco\addons\plugins\blurring\tst\videoos.plugins.blurring.sc.unittests\bin\x64\debug\net472\videoos.plugins.blurring.sc.unittests.dll" id="287140c5-63c0-9902-5fcd-798e2d72c927">
      <Execution id="aadb130e-8864-4abc-9e08-b87e4cdcb943" />
      <TestMethod codeBase="D:\actions-runner\_work\XPCO\XPCO\AddOns\Plugins\Blurring\tst\VideoOS.Plugins.Blurring.SC.UnitTests\bin\x64\Debug\net472\VideoOS.Plugins.Blurring.SC.UnitTests.dll" adapterTypeName="executor://mstestadapter/v2" className="VideoOS.Plugins.Blurring.SC.Test.BlurreableViewTests" name="WhenADeviceIsNotBlurredItShouldNotBlurTheViewOnStart" />
    </UnitTest>
    <UnitTest name="WhenBlurEffectIsRemovedItShouldBeRemovedFromTheView" storage="d:\actions-runner\_work\xpco\xpco\addons\plugins\blurring\tst\videoos.plugins.blurring.sc.unittests\bin\x64\debug\net472\videoos.plugins.blurring.sc.unittests.dll" id="28ff9af0-0a93-44b6-1f55-0fce40536920">
      <Execution id="e508bb93-b10b-4a06-a3fc-0a9594d2753d" />
      <TestMethod codeBase="D:\actions-runner\_work\XPCO\XPCO\AddOns\Plugins\Blurring\tst\VideoOS.Plugins.Blurring.SC.UnitTests\bin\x64\Debug\net472\VideoOS.Plugins.Blurring.SC.UnitTests.dll" adapterTypeName="executor://mstestadapter/v2" className="VideoOS.Plugins.Blurring.SC.Test.BlurreableViewTests" name="WhenBlurEffectIsRemovedItShouldBeRemovedFromTheView" />
    </UnitTest>
    <UnitTest name="WhenImageViewerIsAddedItShouldApplyBlurOnlyForSupportedTypes" storage="d:\actions-runner\_work\xpco\xpco\addons\plugins\blurring\tst\videoos.plugins.blurring.sc.unittests\bin\x64\debug\net472\videoos.plugins.blurring.sc.unittests.dll" id="c3b5e344-c22c-b448-fd67-18bf950315aa">
      <Execution id="97d7160f-8e99-4d84-895b-aa91b7179e32" />
      <TestMethod codeBase="D:\actions-runner\_work\XPCO\XPCO\AddOns\Plugins\Blurring\tst\VideoOS.Plugins.Blurring.SC.UnitTests\bin\x64\Debug\net472\VideoOS.Plugins.Blurring.SC.UnitTests.dll" adapterTypeName="executor://mstestadapter/v2" className="VideoOS.Plugins.Blurring.SC.UnitTests.BlurreableViewsHandlerTests" name="WhenImageViewerIsAddedItShouldApplyBlurOnlyForSupportedTypes" />
    </UnitTest>
    <UnitTest name="WhenDisableBlurringIsCalledItShouldDisableBlur" storage="d:\actions-runner\_work\xpco\xpco\addons\plugins\blurring\tst\videoos.plugins.blurring.sc.unittests\bin\x64\debug\net472\videoos.plugins.blurring.sc.unittests.dll" id="b95147e1-eaea-8d96-47ec-88105c934831">
      <Execution id="26193795-6509-413d-827c-8579ddc2c6f9" />
      <TestMethod codeBase="D:\actions-runner\_work\XPCO\XPCO\AddOns\Plugins\Blurring\tst\VideoOS.Plugins.Blurring.SC.UnitTests\bin\x64\Debug\net472\VideoOS.Plugins.Blurring.SC.UnitTests.dll" adapterTypeName="executor://mstestadapter/v2" className="VideoOS.Plugins.Blurring.SC.Test.BlurringViewModelTests" name="WhenDisableBlurringIsCalledItShouldDisableBlur" />
    </UnitTest>
    <UnitTest name="WhenTheLicenseIsNotAllowedItShouldBeDisabled (False,True)" storage="d:\actions-runner\_work\xpco\xpco\addons\plugins\blurring\tst\videoos.plugins.blurring.sc.unittests\bin\x64\debug\net472\videoos.plugins.blurring.sc.unittests.dll" id="05284f51-2d64-307d-5c54-e2b2676bfde1">
      <Execution id="82bdfd11-dba5-418c-8050-54513fce8cc5" />
      <TestMethod codeBase="D:\actions-runner\_work\XPCO\XPCO\AddOns\Plugins\Blurring\tst\VideoOS.Plugins.Blurring.SC.UnitTests\bin\x64\Debug\net472\VideoOS.Plugins.Blurring.SC.UnitTests.dll" adapterTypeName="executor://mstestadapter/v2" className="VideoOS.Plugins.Blurring.SC.Test.ToolBarBlurringPluginTest" name="WhenTheLicenseIsNotAllowedItShouldBeDisabled" />
    </UnitTest>
    <UnitTest name="WhenPluginIsInitializedItShouldOnlyAcceptNormalWorkspace" storage="d:\actions-runner\_work\xpco\xpco\addons\plugins\blurring\tst\videoos.plugins.blurring.sc.unittests\bin\x64\debug\net472\videoos.plugins.blurring.sc.unittests.dll" id="84b4f8a2-0602-5c69-df61-3accbf092f08">
      <Execution id="4a557ca2-6097-4a61-9760-a24076b4f713" />
      <TestMethod codeBase="D:\actions-runner\_work\XPCO\XPCO\AddOns\Plugins\Blurring\tst\VideoOS.Plugins.Blurring.SC.UnitTests\bin\x64\Debug\net472\VideoOS.Plugins.Blurring.SC.UnitTests.dll" adapterTypeName="executor://mstestadapter/v2" className="VideoOS.Plugins.Blurring.SC.Test.ToolBarBlurringPluginTest" name="WhenPluginIsInitializedItShouldOnlyAcceptNormalWorkspace" />
    </UnitTest>
    <UnitTest name="WhenLiveIsStoppedItShouldPauseTheEffect" storage="d:\actions-runner\_work\xpco\xpco\addons\plugins\blurring\tst\videoos.plugins.blurring.sc.unittests\bin\x64\debug\net472\videoos.plugins.blurring.sc.unittests.dll" id="fe6ec20e-e40b-dc74-8bde-d49e2c7c2a05">
      <Execution id="af7ad51a-9765-4bb1-8eba-300ec637b51b" />
      <TestMethod codeBase="D:\actions-runner\_work\XPCO\XPCO\AddOns\Plugins\Blurring\tst\VideoOS.Plugins.Blurring.SC.UnitTests\bin\x64\Debug\net472\VideoOS.Plugins.Blurring.SC.UnitTests.dll" adapterTypeName="executor://mstestadapter/v2" className="VideoOS.Plugins.Blurring.SC.Test.BlurreableViewTests" name="WhenLiveIsStoppedItShouldPauseTheEffect" />
    </UnitTest>
    <UnitTest name="WhenAnEffectIsRemovedItShouldNotify" storage="d:\actions-runner\_work\xpco\xpco\addons\plugins\blurring\tst\videoos.plugins.blurring.sc.unittests\bin\x64\debug\net472\videoos.plugins.blurring.sc.unittests.dll" id="848e6a7a-c5d6-327f-cc03-bb664a17e135">
      <Execution id="ba8b3204-383f-477f-96b7-ecd767ed8a04" />
      <TestMethod codeBase="D:\actions-runner\_work\XPCO\XPCO\AddOns\Plugins\Blurring\tst\VideoOS.Plugins.Blurring.SC.UnitTests\bin\x64\Debug\net472\VideoOS.Plugins.Blurring.SC.UnitTests.dll" adapterTypeName="executor://mstestadapter/v2" className="VideoOS.Plugins.Blurring.SC.Test.BlurEffectRepositoryTests" name="WhenAnEffectIsRemovedItShouldNotify" />
    </UnitTest>
    <UnitTest name="WhenCreatedTheInitialBlurLevelItShouldTrackWithTelemetryWhenBlurWasNotActive" storage="d:\actions-runner\_work\xpco\xpco\addons\plugins\blurring\tst\videoos.plugins.blurring.sc.unittests\bin\x64\debug\net472\videoos.plugins.blurring.sc.unittests.dll" id="9d4dd40a-c83e-8e20-643e-1bbe47d682c6">
      <Execution id="06efbc4a-1eb3-41cc-ab46-7a90ced064c8" />
      <TestMethod codeBase="D:\actions-runner\_work\XPCO\XPCO\AddOns\Plugins\Blurring\tst\VideoOS.Plugins.Blurring.SC.UnitTests\bin\x64\Debug\net472\VideoOS.Plugins.Blurring.SC.UnitTests.dll" adapterTypeName="executor://mstestadapter/v2" className="VideoOS.Plugins.Blurring.SC.Test.BlurringViewModelTests" name="WhenCreatedTheInitialBlurLevelItShouldTrackWithTelemetryWhenBlurWasNotActive" />
    </UnitTest>
    <UnitTest name="WhenImageViewerIsClosedItShouldCallViewsHandlerRemove" storage="d:\actions-runner\_work\xpco\xpco\addons\plugins\blurring\tst\videoos.plugins.blurring.sc.unittests\bin\x64\debug\net472\videoos.plugins.blurring.sc.unittests.dll" id="974d3faa-f406-e310-4c73-6011fe20c351">
      <Execution id="8e941828-8d25-453b-b4fa-83f6075bae08" />
      <TestMethod codeBase="D:\actions-runner\_work\XPCO\XPCO\AddOns\Plugins\Blurring\tst\VideoOS.Plugins.Blurring.SC.UnitTests\bin\x64\Debug\net472\VideoOS.Plugins.Blurring.SC.UnitTests.dll" adapterTypeName="executor://mstestadapter/v2" className="VideoOS.Plugins.Blurring.SC.Test.BlurreableViewTests" name="WhenImageViewerIsClosedItShouldCallViewsHandlerRemove" />
    </UnitTest>
    <UnitTest name="WhenGetTimeoutCalledItShouldGetBlurringConfigurationTimeout" storage="d:\actions-runner\_work\xpco\xpco\addons\plugins\blurring\tst\videoos.plugins.blurring.sc.unittests\bin\x64\debug\net472\videoos.plugins.blurring.sc.unittests.dll" id="35e707b5-6d1e-08ff-f674-c511cc243b44">
      <Execution id="2d710626-44f3-401a-9463-1e1490de8226" />
      <TestMethod codeBase="D:\actions-runner\_work\XPCO\XPCO\AddOns\Plugins\Blurring\tst\VideoOS.Plugins.Blurring.SC.UnitTests\bin\x64\Debug\net472\VideoOS.Plugins.Blurring.SC.UnitTests.dll" adapterTypeName="executor://mstestadapter/v2" className="VideoOS.Plugins.Blurring.SC.UnitTests.BlurDefaultTimeoutProviderTests" name="WhenGetTimeoutCalledItShouldGetBlurringConfigurationTimeout" />
    </UnitTest>
    <UnitTest name="WhenTimerExpiresItShouldRemoveAllExpiredBlurEffects" storage="d:\actions-runner\_work\xpco\xpco\addons\plugins\blurring\tst\videoos.plugins.blurring.sc.unittests\bin\x64\debug\net472\videoos.plugins.blurring.sc.unittests.dll" id="e36d9440-fca2-d961-3647-dc2b29acc53c">
      <Execution id="a95117b7-4ad7-47d0-86b6-be0d67faa3cc" />
      <TestMethod codeBase="D:\actions-runner\_work\XPCO\XPCO\AddOns\Plugins\Blurring\tst\VideoOS.Plugins.Blurring.SC.UnitTests\bin\x64\Debug\net472\VideoOS.Plugins.Blurring.SC.UnitTests.dll" adapterTypeName="executor://mstestadapter/v2" className="VideoOS.Plugins.Blurring.SC.Test.BlurTimeoutHandlerTests" name="WhenTimerExpiresItShouldRemoveAllExpiredBlurEffects" />
    </UnitTest>
    <UnitTest name="WhenTheLicenseIsNotAllowedItShouldBeDisabled (False,False)" storage="d:\actions-runner\_work\xpco\xpco\addons\plugins\blurring\tst\videoos.plugins.blurring.sc.unittests\bin\x64\debug\net472\videoos.plugins.blurring.sc.unittests.dll" id="9879617b-b69f-2646-89ff-ec6950c7eaf7">
      <Execution id="db5d0fcb-78b5-4f97-aa82-efa4d60b7f87" />
      <TestMethod codeBase="D:\actions-runner\_work\XPCO\XPCO\AddOns\Plugins\Blurring\tst\VideoOS.Plugins.Blurring.SC.UnitTests\bin\x64\Debug\net472\VideoOS.Plugins.Blurring.SC.UnitTests.dll" adapterTypeName="executor://mstestadapter/v2" className="VideoOS.Plugins.Blurring.SC.Test.ToolBarBlurringPluginTest" name="WhenTheLicenseIsNotAllowedItShouldBeDisabled" />
    </UnitTest>
    <UnitTest name="WhenBlurEffectIsAppliedItShouldBeAppliedToTheView" storage="d:\actions-runner\_work\xpco\xpco\addons\plugins\blurring\tst\videoos.plugins.blurring.sc.unittests\bin\x64\debug\net472\videoos.plugins.blurring.sc.unittests.dll" id="230d486f-8396-a421-5191-be64ef1ba247">
      <Execution id="04b1c6d4-955f-4804-a3bd-7bcc6901ce26" />
      <TestMethod codeBase="D:\actions-runner\_work\XPCO\XPCO\AddOns\Plugins\Blurring\tst\VideoOS.Plugins.Blurring.SC.UnitTests\bin\x64\Debug\net472\VideoOS.Plugins.Blurring.SC.UnitTests.dll" adapterTypeName="executor://mstestadapter/v2" className="VideoOS.Plugins.Blurring.SC.Test.BlurreableViewTests" name="WhenBlurEffectIsAppliedItShouldBeAppliedToTheView" />
    </UnitTest>
    <UnitTest name="WhenAnEffectIsCreatedItShouldCallSendBlurringCreatedEvent" storage="d:\actions-runner\_work\xpco\xpco\addons\plugins\blurring\tst\videoos.plugins.blurring.sc.unittests\bin\x64\debug\net472\videoos.plugins.blurring.sc.unittests.dll" id="2439f9da-aeb7-ff76-bbc4-ef2f40245e21">
      <Execution id="b092bf8e-89af-4700-820c-ed773f15ea8b" />
      <TestMethod codeBase="D:\actions-runner\_work\XPCO\XPCO\AddOns\Plugins\Blurring\tst\VideoOS.Plugins.Blurring.SC.UnitTests\bin\x64\Debug\net472\VideoOS.Plugins.Blurring.SC.UnitTests.dll" adapterTypeName="executor://mstestadapter/v2" className="VideoOS.Plugins.Blurring.SC.Test.BlurEffectRepositoryTests" name="WhenAnEffectIsCreatedItShouldCallSendBlurringCreatedEvent" />
    </UnitTest>
    <UnitTest name="WhenPluginIsClosedWithoutInitializationItShouldNotCrash" storage="d:\actions-runner\_work\xpco\xpco\addons\plugins\blurring\tst\videoos.plugins.blurring.sc.unittests\bin\x64\debug\net472\videoos.plugins.blurring.sc.unittests.dll" id="1f008342-1288-fc74-ba21-7305c634648c">
      <Execution id="9971a23a-c03d-4d00-98c7-48e138c46d99" />
      <TestMethod codeBase="D:\actions-runner\_work\XPCO\XPCO\AddOns\Plugins\Blurring\tst\VideoOS.Plugins.Blurring.SC.UnitTests\bin\x64\Debug\net472\VideoOS.Plugins.Blurring.SC.UnitTests.dll" adapterTypeName="executor://mstestadapter/v2" className="VideoOS.Plugins.Blurring.SC.UnitTests.BlurringPluginDefinitionTests" name="WhenPluginIsClosedWithoutInitializationItShouldNotCrash" />
    </UnitTest>
    <UnitTest name="WhenAnEffectIsCreatedItShouldCallTimerStart" storage="d:\actions-runner\_work\xpco\xpco\addons\plugins\blurring\tst\videoos.plugins.blurring.sc.unittests\bin\x64\debug\net472\videoos.plugins.blurring.sc.unittests.dll" id="6dc38cba-69d2-3cc3-86d8-d8d1f53c5600">
      <Execution id="a740d633-8ae6-4c5c-8e58-3a5e661b6418" />
      <TestMethod codeBase="D:\actions-runner\_work\XPCO\XPCO\AddOns\Plugins\Blurring\tst\VideoOS.Plugins.Blurring.SC.UnitTests\bin\x64\Debug\net472\VideoOS.Plugins.Blurring.SC.UnitTests.dll" adapterTypeName="executor://mstestadapter/v2" className="VideoOS.Plugins.Blurring.SC.Test.BlurTimeoutHandlerTests" name="WhenAnEffectIsCreatedItShouldCallTimerStart" />
    </UnitTest>
    <UnitTest name="WhenADeviceIsBlurredItShouldNotBlurTheViewOnStartIfItsNotInLive" storage="d:\actions-runner\_work\xpco\xpco\addons\plugins\blurring\tst\videoos.plugins.blurring.sc.unittests\bin\x64\debug\net472\videoos.plugins.blurring.sc.unittests.dll" id="15060ffd-2550-e7b5-159b-11127974200a">
      <Execution id="8d75815e-d58d-4989-a253-570a2024d982" />
      <TestMethod codeBase="D:\actions-runner\_work\XPCO\XPCO\AddOns\Plugins\Blurring\tst\VideoOS.Plugins.Blurring.SC.UnitTests\bin\x64\Debug\net472\VideoOS.Plugins.Blurring.SC.UnitTests.dll" adapterTypeName="executor://mstestadapter/v2" className="VideoOS.Plugins.Blurring.SC.Test.BlurreableViewTests" name="WhenADeviceIsBlurredItShouldNotBlurTheViewOnStartIfItsNotInLive" />
    </UnitTest>
    <UnitTest name="WhenPluginIsInitializedItShouldOnlyAcceptLiveWorkspace" storage="d:\actions-runner\_work\xpco\xpco\addons\plugins\blurring\tst\videoos.plugins.blurring.sc.unittests\bin\x64\debug\net472\videoos.plugins.blurring.sc.unittests.dll" id="ea9f94bb-169b-73d4-99b1-7e51b1491e36">
      <Execution id="4a9fe917-ae17-4bb0-9d44-204ca11efbc2" />
      <TestMethod codeBase="D:\actions-runner\_work\XPCO\XPCO\AddOns\Plugins\Blurring\tst\VideoOS.Plugins.Blurring.SC.UnitTests\bin\x64\Debug\net472\VideoOS.Plugins.Blurring.SC.UnitTests.dll" adapterTypeName="executor://mstestadapter/v2" className="VideoOS.Plugins.Blurring.SC.Test.ToolBarBlurringPluginTest" name="WhenPluginIsInitializedItShouldOnlyAcceptLiveWorkspace" />
    </UnitTest>
    <UnitTest name="WhenCreatedTheInitialBlurLevelItShouldNotTrackWithTelemetryWhenBlurWasActive" storage="d:\actions-runner\_work\xpco\xpco\addons\plugins\blurring\tst\videoos.plugins.blurring.sc.unittests\bin\x64\debug\net472\videoos.plugins.blurring.sc.unittests.dll" id="d0bb76c3-3045-5eb4-a62e-f6ff25c26c9c">
      <Execution id="1a6de068-4520-48e8-8543-6404e3ce1ea7" />
      <TestMethod codeBase="D:\actions-runner\_work\XPCO\XPCO\AddOns\Plugins\Blurring\tst\VideoOS.Plugins.Blurring.SC.UnitTests\bin\x64\Debug\net472\VideoOS.Plugins.Blurring.SC.UnitTests.dll" adapterTypeName="executor://mstestadapter/v2" className="VideoOS.Plugins.Blurring.SC.Test.BlurringViewModelTests" name="WhenCreatedTheInitialBlurLevelItShouldNotTrackWithTelemetryWhenBlurWasActive" />
    </UnitTest>
    <UnitTest name="WhenApplyFullBlurringCommandIsCalledItShouldSetFullBlur" storage="d:\actions-runner\_work\xpco\xpco\addons\plugins\blurring\tst\videoos.plugins.blurring.sc.unittests\bin\x64\debug\net472\videoos.plugins.blurring.sc.unittests.dll" id="90d97778-5141-8a25-e707-c8afb239ea89">
      <Execution id="f1a780d3-6236-46c2-9200-067e7f6397ea" />
      <TestMethod codeBase="D:\actions-runner\_work\XPCO\XPCO\AddOns\Plugins\Blurring\tst\VideoOS.Plugins.Blurring.SC.UnitTests\bin\x64\Debug\net472\VideoOS.Plugins.Blurring.SC.UnitTests.dll" adapterTypeName="executor://mstestadapter/v2" className="VideoOS.Plugins.Blurring.SC.Test.BlurringViewModelTests" name="WhenApplyFullBlurringCommandIsCalledItShouldSetFullBlur" />
    </UnitTest>
    <UnitTest name="WhenASecondEffectWithALongerExpireTimeIsCreatedTimerShouldNotBeUpdated" storage="d:\actions-runner\_work\xpco\xpco\addons\plugins\blurring\tst\videoos.plugins.blurring.sc.unittests\bin\x64\debug\net472\videoos.plugins.blurring.sc.unittests.dll" id="fb80f4c4-3bb9-8ac5-cd67-57b676085fd0">
      <Execution id="548b7e48-10d1-4a7e-a7f3-0c4af385101b" />
      <TestMethod codeBase="D:\actions-runner\_work\XPCO\XPCO\AddOns\Plugins\Blurring\tst\VideoOS.Plugins.Blurring.SC.UnitTests\bin\x64\Debug\net472\VideoOS.Plugins.Blurring.SC.UnitTests.dll" adapterTypeName="executor://mstestadapter/v2" className="VideoOS.Plugins.Blurring.SC.Test.BlurTimeoutHandlerTests" name="WhenASecondEffectWithALongerExpireTimeIsCreatedTimerShouldNotBeUpdated" />
    </UnitTest>
    <UnitTest name="WhenASecondEffectWithACloserExpireTimeIsCreatedTimerShouldBeUpdated" storage="d:\actions-runner\_work\xpco\xpco\addons\plugins\blurring\tst\videoos.plugins.blurring.sc.unittests\bin\x64\debug\net472\videoos.plugins.blurring.sc.unittests.dll" id="2a673ba4-c35e-b9e2-666b-1aa6a2a9dd82">
      <Execution id="86730d8c-f8af-4715-93e6-4f7a4a605d2b" />
      <TestMethod codeBase="D:\actions-runner\_work\XPCO\XPCO\AddOns\Plugins\Blurring\tst\VideoOS.Plugins.Blurring.SC.UnitTests\bin\x64\Debug\net472\VideoOS.Plugins.Blurring.SC.UnitTests.dll" adapterTypeName="executor://mstestadapter/v2" className="VideoOS.Plugins.Blurring.SC.Test.BlurTimeoutHandlerTests" name="WhenASecondEffectWithACloserExpireTimeIsCreatedTimerShouldBeUpdated" />
    </UnitTest>
    <UnitTest name="WhenBlurEffectIsUpdatedItShouldBeUpdatedInView" storage="d:\actions-runner\_work\xpco\xpco\addons\plugins\blurring\tst\videoos.plugins.blurring.sc.unittests\bin\x64\debug\net472\videoos.plugins.blurring.sc.unittests.dll" id="8a4ebd19-de99-7a20-a8f0-055eace17471">
      <Execution id="a472396c-0085-4814-8c24-dee3511e6283" />
      <TestMethod codeBase="D:\actions-runner\_work\XPCO\XPCO\AddOns\Plugins\Blurring\tst\VideoOS.Plugins.Blurring.SC.UnitTests\bin\x64\Debug\net472\VideoOS.Plugins.Blurring.SC.UnitTests.dll" adapterTypeName="executor://mstestadapter/v2" className="VideoOS.Plugins.Blurring.SC.Test.BlurreableViewTests" name="WhenBlurEffectIsUpdatedItShouldBeUpdatedInView" />
    </UnitTest>
    <UnitTest name="WhenGetTimeoutCalledWithNullConfigurationItShouldReturnDefaultTimeout" storage="d:\actions-runner\_work\xpco\xpco\addons\plugins\blurring\tst\videoos.plugins.blurring.sc.unittests\bin\x64\debug\net472\videoos.plugins.blurring.sc.unittests.dll" id="da0e6e05-504c-323d-8dd6-5f699d1b792a">
      <Execution id="5d97d484-2a65-48bc-a9c3-f1594df27244" />
      <TestMethod codeBase="D:\actions-runner\_work\XPCO\XPCO\AddOns\Plugins\Blurring\tst\VideoOS.Plugins.Blurring.SC.UnitTests\bin\x64\Debug\net472\VideoOS.Plugins.Blurring.SC.UnitTests.dll" adapterTypeName="executor://mstestadapter/v2" className="VideoOS.Plugins.Blurring.SC.UnitTests.BlurDefaultTimeoutProviderTests" name="WhenGetTimeoutCalledWithNullConfigurationItShouldReturnDefaultTimeout" />
    </UnitTest>
    <UnitTest name="WhenCreatedItShouldNotApplyBlurWhenItsActive" storage="d:\actions-runner\_work\xpco\xpco\addons\plugins\blurring\tst\videoos.plugins.blurring.sc.unittests\bin\x64\debug\net472\videoos.plugins.blurring.sc.unittests.dll" id="68bb5735-5a6c-b489-6f57-c9c92edd9fae">
      <Execution id="066cf821-16db-4efb-a515-7735f1b0a65f" />
      <TestMethod codeBase="D:\actions-runner\_work\XPCO\XPCO\AddOns\Plugins\Blurring\tst\VideoOS.Plugins.Blurring.SC.UnitTests\bin\x64\Debug\net472\VideoOS.Plugins.Blurring.SC.UnitTests.dll" adapterTypeName="executor://mstestadapter/v2" className="VideoOS.Plugins.Blurring.SC.Test.BlurringViewModelTests" name="WhenCreatedItShouldNotApplyBlurWhenItsActive" />
    </UnitTest>
    <UnitTest name="WhenClosedItShouldTrackWithTelemetryWhenBlurWasDisabledWithSlider" storage="d:\actions-runner\_work\xpco\xpco\addons\plugins\blurring\tst\videoos.plugins.blurring.sc.unittests\bin\x64\debug\net472\videoos.plugins.blurring.sc.unittests.dll" id="830a50e4-ae24-8d08-f6a3-37fabb20d114">
      <Execution id="4bdaff2e-4386-419d-b40d-a917186fb5ab" />
      <TestMethod codeBase="D:\actions-runner\_work\XPCO\XPCO\AddOns\Plugins\Blurring\tst\VideoOS.Plugins.Blurring.SC.UnitTests\bin\x64\Debug\net472\VideoOS.Plugins.Blurring.SC.UnitTests.dll" adapterTypeName="executor://mstestadapter/v2" className="VideoOS.Plugins.Blurring.SC.Test.BlurringViewModelTests" name="WhenClosedItShouldTrackWithTelemetryWhenBlurWasDisabledWithSlider" />
    </UnitTest>
    <UnitTest name="WhenBlurLevelIsUpdatedItShouldOnlyAffectViewsWithSameDevice" storage="d:\actions-runner\_work\xpco\xpco\addons\plugins\blurring\tst\videoos.plugins.blurring.sc.unittests\bin\x64\debug\net472\videoos.plugins.blurring.sc.unittests.dll" id="ae8e578b-6759-0cf8-ca87-32a327ee39c1">
      <Execution id="29306751-383f-4334-9ace-ad8b34d88739" />
      <TestMethod codeBase="D:\actions-runner\_work\XPCO\XPCO\AddOns\Plugins\Blurring\tst\VideoOS.Plugins.Blurring.SC.UnitTests\bin\x64\Debug\net472\VideoOS.Plugins.Blurring.SC.UnitTests.dll" adapterTypeName="executor://mstestadapter/v2" className="VideoOS.Plugins.Blurring.SC.UnitTests.BlurreableViewsHandlerTests" name="WhenBlurLevelIsUpdatedItShouldOnlyAffectViewsWithSameDevice" />
    </UnitTest>
    <UnitTest name="WhenClosedItShouldTrackWithTelemetryWhenSliderValueWasChanged" storage="d:\actions-runner\_work\xpco\xpco\addons\plugins\blurring\tst\videoos.plugins.blurring.sc.unittests\bin\x64\debug\net472\videoos.plugins.blurring.sc.unittests.dll" id="e2520e6e-e79f-59e7-d218-8b27cdc452c8">
      <Execution id="28d4d73f-3da2-4c69-b6ee-a1b8fec553c7" />
      <TestMethod codeBase="D:\actions-runner\_work\XPCO\XPCO\AddOns\Plugins\Blurring\tst\VideoOS.Plugins.Blurring.SC.UnitTests\bin\x64\Debug\net472\VideoOS.Plugins.Blurring.SC.UnitTests.dll" adapterTypeName="executor://mstestadapter/v2" className="VideoOS.Plugins.Blurring.SC.Test.BlurringViewModelTests" name="WhenClosedItShouldTrackWithTelemetryWhenSliderValueWasChanged" />
    </UnitTest>
    <UnitTest name="WhenADeviceIsNotBlurredItShouldRemoveTheBlurIfItsAppliedWhenLiveIsStarted" storage="d:\actions-runner\_work\xpco\xpco\addons\plugins\blurring\tst\videoos.plugins.blurring.sc.unittests\bin\x64\debug\net472\videoos.plugins.blurring.sc.unittests.dll" id="5147826e-46c3-9e6b-5c62-0e0a342a2ae5">
      <Execution id="35a8c0fe-48a5-4b44-a89e-ce87c6e66fbc" />
      <TestMethod codeBase="D:\actions-runner\_work\XPCO\XPCO\AddOns\Plugins\Blurring\tst\VideoOS.Plugins.Blurring.SC.UnitTests\bin\x64\Debug\net472\VideoOS.Plugins.Blurring.SC.UnitTests.dll" adapterTypeName="executor://mstestadapter/v2" className="VideoOS.Plugins.Blurring.SC.Test.BlurreableViewTests" name="WhenADeviceIsNotBlurredItShouldRemoveTheBlurIfItsAppliedWhenLiveIsStarted" />
    </UnitTest>
    <UnitTest name="WhenTheLicenseIsNotAllowedItShouldBeDisabled (True,True)" storage="d:\actions-runner\_work\xpco\xpco\addons\plugins\blurring\tst\videoos.plugins.blurring.sc.unittests\bin\x64\debug\net472\videoos.plugins.blurring.sc.unittests.dll" id="1b8d4c35-70cf-c5cf-e867-dee2e3d28af8">
      <Execution id="8d4874ad-4f26-40e0-84a9-8eacdf2bf66b" />
      <TestMethod codeBase="D:\actions-runner\_work\XPCO\XPCO\AddOns\Plugins\Blurring\tst\VideoOS.Plugins.Blurring.SC.UnitTests\bin\x64\Debug\net472\VideoOS.Plugins.Blurring.SC.UnitTests.dll" adapterTypeName="executor://mstestadapter/v2" className="VideoOS.Plugins.Blurring.SC.Test.ToolBarBlurringPluginTest" name="WhenTheLicenseIsNotAllowedItShouldBeDisabled" />
    </UnitTest>
    <UnitTest name="WhenDisableBlurringCommandIsCalledItShouldTrackWithTelemetry" storage="d:\actions-runner\_work\xpco\xpco\addons\plugins\blurring\tst\videoos.plugins.blurring.sc.unittests\bin\x64\debug\net472\videoos.plugins.blurring.sc.unittests.dll" id="9076b149-a280-3e23-ebd1-51a00e6bbcd2">
      <Execution id="1fa5b06a-f3ea-4187-9d85-c74ba0e93685" />
      <TestMethod codeBase="D:\actions-runner\_work\XPCO\XPCO\AddOns\Plugins\Blurring\tst\VideoOS.Plugins.Blurring.SC.UnitTests\bin\x64\Debug\net472\VideoOS.Plugins.Blurring.SC.UnitTests.dll" adapterTypeName="executor://mstestadapter/v2" className="VideoOS.Plugins.Blurring.SC.Test.BlurringViewModelTests" name="WhenDisableBlurringCommandIsCalledItShouldTrackWithTelemetry" />
    </UnitTest>
    <UnitTest name="WhenApplyFullBlurringCommandIsCalledItShouldTrackWithTelemetry" storage="d:\actions-runner\_work\xpco\xpco\addons\plugins\blurring\tst\videoos.plugins.blurring.sc.unittests\bin\x64\debug\net472\videoos.plugins.blurring.sc.unittests.dll" id="bb0b79c2-9ca2-2150-2087-1584e54447bf">
      <Execution id="be5e45f3-edc6-4336-9c2a-e4fe80953484" />
      <TestMethod codeBase="D:\actions-runner\_work\XPCO\XPCO\AddOns\Plugins\Blurring\tst\VideoOS.Plugins.Blurring.SC.UnitTests\bin\x64\Debug\net472\VideoOS.Plugins.Blurring.SC.UnitTests.dll" adapterTypeName="executor://mstestadapter/v2" className="VideoOS.Plugins.Blurring.SC.Test.BlurringViewModelTests" name="WhenApplyFullBlurringCommandIsCalledItShouldTrackWithTelemetry" />
    </UnitTest>
    <UnitTest name="WhenCreatedItShouldApplyBlurWhenItsNotActive" storage="d:\actions-runner\_work\xpco\xpco\addons\plugins\blurring\tst\videoos.plugins.blurring.sc.unittests\bin\x64\debug\net472\videoos.plugins.blurring.sc.unittests.dll" id="5b3e34f2-b3e5-42b7-0ac5-3a66955e2864">
      <Execution id="ce69a6c2-0f18-4668-8c52-78eebf1aad5b" />
      <TestMethod codeBase="D:\actions-runner\_work\XPCO\XPCO\AddOns\Plugins\Blurring\tst\VideoOS.Plugins.Blurring.SC.UnitTests\bin\x64\Debug\net472\VideoOS.Plugins.Blurring.SC.UnitTests.dll" adapterTypeName="executor://mstestadapter/v2" className="VideoOS.Plugins.Blurring.SC.Test.BlurringViewModelTests" name="WhenCreatedItShouldApplyBlurWhenItsNotActive" />
    </UnitTest>
  </TestDefinitions>
  <TestEntries>
    <TestEntry testId="84b4f8a2-0602-5c69-df61-3accbf092f08" executionId="4a557ca2-6097-4a61-9760-a24076b4f713" testListId="8c84fa94-04c1-424b-9868-57a2d4851a1d" />
    <TestEntry testId="2a673ba4-c35e-b9e2-666b-1aa6a2a9dd82" executionId="86730d8c-f8af-4715-93e6-4f7a4a605d2b" testListId="8c84fa94-04c1-424b-9868-57a2d4851a1d" />
    <TestEntry testId="6dc38cba-69d2-3cc3-86d8-d8d1f53c5600" executionId="a740d633-8ae6-4c5c-8e58-3a5e661b6418" testListId="8c84fa94-04c1-424b-9868-57a2d4851a1d" />
    <TestEntry testId="5147826e-46c3-9e6b-5c62-0e0a342a2ae5" executionId="35a8c0fe-48a5-4b44-a89e-ce87c6e66fbc" testListId="8c84fa94-04c1-424b-9868-57a2d4851a1d" />
    <TestEntry testId="5b3e34f2-b3e5-42b7-0ac5-3a66955e2864" executionId="ce69a6c2-0f18-4668-8c52-78eebf1aad5b" testListId="8c84fa94-04c1-424b-9868-57a2d4851a1d" />
    <TestEntry testId="1f008342-1288-fc74-ba21-7305c634648c" executionId="9971a23a-c03d-4d00-98c7-48e138c46d99" testListId="8c84fa94-04c1-424b-9868-57a2d4851a1d" />
    <TestEntry testId="e2520e6e-e79f-59e7-d218-8b27cdc452c8" executionId="28d4d73f-3da2-4c69-b6ee-a1b8fec553c7" testListId="8c84fa94-04c1-424b-9868-57a2d4851a1d" />
    <TestEntry testId="230d486f-8396-a421-5191-be64ef1ba247" executionId="04b1c6d4-955f-4804-a3bd-7bcc6901ce26" testListId="8c84fa94-04c1-424b-9868-57a2d4851a1d" />
    <TestEntry testId="9d4dd40a-c83e-8e20-643e-1bbe47d682c6" executionId="06efbc4a-1eb3-41cc-ab46-7a90ced064c8" testListId="8c84fa94-04c1-424b-9868-57a2d4851a1d" />
    <TestEntry testId="7659d00f-ff35-b2cf-bf40-b4729809d7da" executionId="2b470ce3-2789-45f3-b7bf-a4137f83701c" testListId="8c84fa94-04c1-424b-9868-57a2d4851a1d" />
    <TestEntry testId="ea9f94bb-169b-73d4-99b1-7e51b1491e36" executionId="4a9fe917-ae17-4bb0-9d44-204ca11efbc2" testListId="8c84fa94-04c1-424b-9868-57a2d4851a1d" />
    <TestEntry testId="330e507d-df16-ffce-d4bb-435c4c1424a2" executionId="3af72ec9-7594-4766-97ba-41f588a1290b" testListId="8c84fa94-04c1-424b-9868-57a2d4851a1d" />
    <TestEntry testId="cc912447-b797-cb55-b4f1-7ce0f3ff20ac" executionId="8625ba82-f11c-4991-8d3c-caaebb67275c" testListId="8c84fa94-04c1-424b-9868-57a2d4851a1d" />
    <TestEntry testId="35e707b5-6d1e-08ff-f674-c511cc243b44" executionId="2d710626-44f3-401a-9463-1e1490de8226" testListId="8c84fa94-04c1-424b-9868-57a2d4851a1d" />
    <TestEntry testId="f4ce8719-7b66-95d8-0c05-c4435db06c3f" executionId="44945dc8-1f22-4deb-a42d-95f1196ef0a3" testListId="8c84fa94-04c1-424b-9868-57a2d4851a1d" />
    <TestEntry testId="9076b149-a280-3e23-ebd1-51a00e6bbcd2" executionId="1fa5b06a-f3ea-4187-9d85-c74ba0e93685" testListId="8c84fa94-04c1-424b-9868-57a2d4851a1d" />
    <TestEntry testId="950a7f38-3e29-3fc1-db44-65f1b82ba0f1" executionId="4e72c46f-dc5e-447e-8ccc-90273a88fbf1" testListId="8c84fa94-04c1-424b-9868-57a2d4851a1d" />
    <TestEntry testId="e025f1f9-30bd-9108-e4fc-b392ec191c92" executionId="a2669c9f-2d2a-4275-90e5-db90d287bb7a" testListId="8c84fa94-04c1-424b-9868-57a2d4851a1d" />
    <TestEntry testId="da0e6e05-504c-323d-8dd6-5f699d1b792a" executionId="5d97d484-2a65-48bc-a9c3-f1594df27244" testListId="8c84fa94-04c1-424b-9868-57a2d4851a1d" />
    <TestEntry testId="fb80f4c4-3bb9-8ac5-cd67-57b676085fd0" executionId="548b7e48-10d1-4a7e-a7f3-0c4af385101b" testListId="8c84fa94-04c1-424b-9868-57a2d4851a1d" />
    <TestEntry testId="07b8a5bc-2d64-f515-3ac4-abd71daed6d3" executionId="76a781f5-733d-44e5-9569-5cfb472cd0a0" testListId="8c84fa94-04c1-424b-9868-57a2d4851a1d" />
    <TestEntry testId="9879617b-b69f-2646-89ff-ec6950c7eaf7" executionId="db5d0fcb-78b5-4f97-aa82-efa4d60b7f87" testListId="8c84fa94-04c1-424b-9868-57a2d4851a1d" />
    <TestEntry testId="28ff9af0-0a93-44b6-1f55-0fce40536920" executionId="e508bb93-b10b-4a06-a3fc-0a9594d2753d" testListId="8c84fa94-04c1-424b-9868-57a2d4851a1d" />
    <TestEntry testId="1b8d4c35-70cf-c5cf-e867-dee2e3d28af8" executionId="8d4874ad-4f26-40e0-84a9-8eacdf2bf66b" testListId="8c84fa94-04c1-424b-9868-57a2d4851a1d" />
    <TestEntry testId="68bb5735-5a6c-b489-6f57-c9c92edd9fae" executionId="066cf821-16db-4efb-a515-7735f1b0a65f" testListId="8c84fa94-04c1-424b-9868-57a2d4851a1d" />
    <TestEntry testId="d0bb76c3-3045-5eb4-a62e-f6ff25c26c9c" executionId="1a6de068-4520-48e8-8543-6404e3ce1ea7" testListId="8c84fa94-04c1-424b-9868-57a2d4851a1d" />
    <TestEntry testId="15060ffd-2550-e7b5-159b-11127974200a" executionId="8d75815e-d58d-4989-a253-570a2024d982" testListId="8c84fa94-04c1-424b-9868-57a2d4851a1d" />
    <TestEntry testId="ae8e578b-6759-0cf8-ca87-32a327ee39c1" executionId="29306751-383f-4334-9ace-ad8b34d88739" testListId="8c84fa94-04c1-424b-9868-57a2d4851a1d" />
    <TestEntry testId="b95147e1-eaea-8d96-47ec-88105c934831" executionId="26193795-6509-413d-827c-8579ddc2c6f9" testListId="8c84fa94-04c1-424b-9868-57a2d4851a1d" />
    <TestEntry testId="848e6a7a-c5d6-327f-cc03-bb664a17e135" executionId="ba8b3204-383f-477f-96b7-ecd767ed8a04" testListId="8c84fa94-04c1-424b-9868-57a2d4851a1d" />
    <TestEntry testId="fe6ec20e-e40b-dc74-8bde-d49e2c7c2a05" executionId="af7ad51a-9765-4bb1-8eba-300ec637b51b" testListId="8c84fa94-04c1-424b-9868-57a2d4851a1d" />
    <TestEntry testId="08b5b2a7-5441-2591-542f-b6dffadf7f88" executionId="6bbb1880-5fd8-4046-a884-41011bd7ed9d" testListId="8c84fa94-04c1-424b-9868-57a2d4851a1d" />
    <TestEntry testId="e36d9440-fca2-d961-3647-dc2b29acc53c" executionId="a95117b7-4ad7-47d0-86b6-be0d67faa3cc" testListId="8c84fa94-04c1-424b-9868-57a2d4851a1d" />
    <TestEntry testId="05284f51-2d64-307d-5c54-e2b2676bfde1" executionId="82bdfd11-dba5-418c-8050-54513fce8cc5" testListId="8c84fa94-04c1-424b-9868-57a2d4851a1d" />
    <TestEntry testId="90d97778-5141-8a25-e707-c8afb239ea89" executionId="f1a780d3-6236-46c2-9200-067e7f6397ea" testListId="8c84fa94-04c1-424b-9868-57a2d4851a1d" />
    <TestEntry testId="8a4ebd19-de99-7a20-a8f0-055eace17471" executionId="a472396c-0085-4814-8c24-dee3511e6283" testListId="8c84fa94-04c1-424b-9868-57a2d4851a1d" />
    <TestEntry testId="e24eaf52-5046-b7d6-f19c-7187b37cf5c7" executionId="5ff0b6a6-f2f3-4dbe-86b8-17f592c40b23" testListId="8c84fa94-04c1-424b-9868-57a2d4851a1d" />
    <TestEntry testId="974d3faa-f406-e310-4c73-6011fe20c351" executionId="8e941828-8d25-453b-b4fa-83f6075bae08" testListId="8c84fa94-04c1-424b-9868-57a2d4851a1d" />
    <TestEntry testId="c3b5e344-c22c-b448-fd67-18bf950315aa" executionId="97d7160f-8e99-4d84-895b-aa91b7179e32" testListId="8c84fa94-04c1-424b-9868-57a2d4851a1d" />
    <TestEntry testId="830a50e4-ae24-8d08-f6a3-37fabb20d114" executionId="4bdaff2e-4386-419d-b40d-a917186fb5ab" testListId="8c84fa94-04c1-424b-9868-57a2d4851a1d" />
    <TestEntry testId="3533e88a-6895-c974-edb9-506cfcb0d75e" executionId="8575f0fd-04c7-4b8c-b158-b01ec0053d8a" testListId="8c84fa94-04c1-424b-9868-57a2d4851a1d" />
    <TestEntry testId="287140c5-63c0-9902-5fcd-798e2d72c927" executionId="aadb130e-8864-4abc-9e08-b87e4cdcb943" testListId="8c84fa94-04c1-424b-9868-57a2d4851a1d" />
    <TestEntry testId="2439f9da-aeb7-ff76-bbc4-ef2f40245e21" executionId="b092bf8e-89af-4700-820c-ed773f15ea8b" testListId="8c84fa94-04c1-424b-9868-57a2d4851a1d" />
    <TestEntry testId="52fa5057-5385-8b0d-5337-fdf5867786f3" executionId="ee7caa17-def1-4da7-b891-68135c20ebab" testListId="8c84fa94-04c1-424b-9868-57a2d4851a1d" />
    <TestEntry testId="bb0b79c2-9ca2-2150-2087-1584e54447bf" executionId="be5e45f3-edc6-4336-9c2a-e4fe80953484" testListId="8c84fa94-04c1-424b-9868-57a2d4851a1d" />
  </TestEntries>
  <TestLists>
    <TestList name="Results Not in a List" id="8c84fa94-04c1-424b-9868-57a2d4851a1d" />
    <TestList name="All Loaded Results" id="19431567-8539-422a-85d7-44ee4e166bda" />
  </TestLists>
  <ResultSummary outcome="Completed">
    <Counters total="45" executed="45" passed="45" failed="0" error="0" timeout="0" aborted="0" inconclusive="0" passedButRunAborted="0" notRunnable="0" notExecuted="0" disconnected="0" warning="0" completed="0" inProgress="0" pending="0" />
    <RunInfos>
      <RunInfo computerName="DKSR-EFI-06" outcome="Warning" timestamp="2024-01-09T15:40:46.1171391+01:00">
        <Text>[MSTest][Discovery][D:\actions-runner\_work\XPCO\XPCO\AllSolutions\..\AddOns\Plugins\Blurring\tst\VideoOS.Plugins.Blurring.SC.UnitTests\bin\x64\Debug\net472\VideoOS.Plugins.Blurring.SC.UnitTests.dll] UTA001: TestClass attribute defined on non-public class VideoOS.Plugins.Blurring.SC.UnitTests.ToolBarBlurringPluginInstanceTests</Text>
      </RunInfo>
    </RunInfos>
  </ResultSummary>
</TestRun>