<?xml version="1.0" encoding="utf-8"?>
<TestRun id="60bbdada-398a-422e-8f00-a14ee17e29cd" name="DKSR-EFI-06$@DKSR-EFI-06 2024-01-09 15:42:04" runUser="NT AUTHORITY\NETWORK SERVICE" xmlns="http://microsoft.com/schemas/VisualStudio/TeamTest/2010">
  <Times creation="2024-01-09T15:42:04.9976782+01:00" queuing="2024-01-09T15:42:04.9976782+01:00" start="2024-01-09T15:41:54.8414468+01:00" finish="2024-01-09T15:42:21.1383374+01:00" />
  <TestSettings name="default" id="01e77463-c76c-4600-b0bf-f151f888b76f">
    <Deployment runDeploymentRoot="DKSR-EFI-06$_DKSR-EFI-06_2024-01-09_15_42_04" />
  </TestSettings>
  <Results>
    <UnitTestResult executionId="25029158-d0ae-4c7c-bd66-77bf8c76587b" testId="2261a751-4664-f3d2-ac16-d6207f18ec2d" testName="AutoDiscovery_HardwareSetupInfoManager_ProcessTasksResults_Success_NonDefault" computerName="DKSR-EFI-06" duration="00:00:00.0079671" startTime="2024-01-09T15:42:18.6695837+01:00" endTime="2024-01-09T15:42:18.6695837+01:00" testType="13cdc9d9-ddb5-4fa4-a97d-d965ccfc6d4b" outcome="Passed" testListId="8c84fa94-04c1-424b-9868-57a2d4851a1d" relativeResultsDirectory="25029158-d0ae-4c7c-bd66-77bf8c76587b" />
    <UnitTestResult executionId="1339157b-fdef-4ee8-981b-dc822363d89d" testId="c3a60e42-27af-dba3-1b50-1ad194a69dea" testName="AddPluginRoles_DoesNotChangeReport_OnPluginWithNoSecurityActions" computerName="DKSR-EFI-06" duration="00:00:00.0060108" startTime="2024-01-09T15:42:19.7945869+01:00" endTime="2024-01-09T15:42:19.8102132+01:00" testType="13cdc9d9-ddb5-4fa4-a97d-d965ccfc6d4b" outcome="Passed" testListId="8c84fa94-04c1-424b-9868-57a2d4851a1d" relativeResultsDirectory="1339157b-fdef-4ee8-981b-dc822363d89d" />
    <UnitTestResult executionId="a2f42684-6a76-4259-83d3-a6ffe80623d3" testId="2de94246-b1b3-666f-9a49-52db0735f8ec" testName="AddpluginProperties_AddsHeader2_OnPluginWithNestedItemsWithParentProperty" computerName="DKSR-EFI-06" duration="00:00:00.0014596" startTime="2024-01-09T15:42:19.7164611+01:00" endTime="2024-01-09T15:42:19.7164611+01:00" testType="13cdc9d9-ddb5-4fa4-a97d-d965ccfc6d4b" outcome="Passed" testListId="8c84fa94-04c1-424b-9868-57a2d4851a1d" relativeResultsDirectory="a2f42684-6a76-4259-83d3-a6ffe80623d3" />
    <UnitTestResult executionId="9e4afde4-67e5-4039-9fcb-0c42a4e31d1b" testId="d994edcd-7824-9182-32a2-9c0ce8e65fdc" testName="AutoDiscovery_HardwareSetupInfoManager_HardwareSetupInfoSetupResponseReceived_WhenException" computerName="DKSR-EFI-06" duration="00:00:00.0138461" startTime="2024-01-09T15:42:18.7477111+01:00" endTime="2024-01-09T15:42:18.7633353+01:00" testType="13cdc9d9-ddb5-4fa4-a97d-d965ccfc6d4b" outcome="Passed" testListId="8c84fa94-04c1-424b-9868-57a2d4851a1d" relativeResultsDirectory="9e4afde4-67e5-4039-9fcb-0c42a4e31d1b" />
    <UnitTestResult executionId="898f50ff-962d-4212-a02a-cdc86e166700" testId="d05060fe-2d33-d934-bbb6-c0108725388a" testName="TestCompositeGrid_InitializedWithNoMethodsHasNoCells" computerName="DKSR-EFI-06" duration="00:00:00.0130744" startTime="2024-01-09T15:42:14.3570792+01:00" endTime="2024-01-09T15:42:14.3727037+01:00" testType="13cdc9d9-ddb5-4fa4-a97d-d965ccfc6d4b" outcome="Passed" testListId="8c84fa94-04c1-424b-9868-57a2d4851a1d" relativeResultsDirectory="898f50ff-962d-4212-a02a-cdc86e166700" />
    <UnitTestResult executionId="a705a59e-0edb-42ee-856a-86fb9001d68c" testId="bec3b721-a798-d418-3c9e-7f91976e895b" testName="AddPluginProperties_ThrowsArgumentNullException_OnNullAsPluginDefinition" computerName="DKSR-EFI-06" duration="00:00:00.0092599" startTime="2024-01-09T15:42:19.6227112+01:00" endTime="2024-01-09T15:42:19.6227112+01:00" testType="13cdc9d9-ddb5-4fa4-a97d-d965ccfc6d4b" outcome="Passed" testListId="8c84fa94-04c1-424b-9868-57a2d4851a1d" relativeResultsDirectory="a705a59e-0edb-42ee-856a-86fb9001d68c">
      <Output>
        <StdOut>Debug Trace:&#xD;
Fail: Argument is null.</StdOut>
      </Output>
    </UnitTestResult>
    <UnitTestResult executionId="4fece984-37b8-46f1-a2ba-ca445095bf4e" testId="e0691838-f63c-9c2c-801b-be6097f82146" testName="DeviceStreamsPresenter_Activate_OneDevice_CtrlPressed_DefinitionXmlButton_Visible" computerName="DKSR-EFI-06" duration="00:00:00.0118806" startTime="2024-01-09T15:42:09.2008195+01:00" endTime="2024-01-09T15:42:09.2164462+01:00" testType="13cdc9d9-ddb5-4fa4-a97d-d965ccfc6d4b" outcome="Passed" testListId="8c84fa94-04c1-424b-9868-57a2d4851a1d" relativeResultsDirectory="4fece984-37b8-46f1-a2ba-ca445095bf4e" />
    <UnitTestResult executionId="ee1794e9-2267-4adb-a440-86ae47cfa196" testId="36be9ed2-eaa8-c998-6851-9c139f670027" testName="AddAppointmentConfiguration_AddsRecurenceRangeStartToTable_OnAppointmentWithRecurrence" computerName="DKSR-EFI-06" duration="00:00:00.0004006" startTime="2024-01-09T15:42:05.6695549+01:00" endTime="2024-01-09T15:42:05.6695549+01:00" testType="13cdc9d9-ddb5-4fa4-a97d-d965ccfc6d4b" outcome="Passed" testListId="8c84fa94-04c1-424b-9868-57a2d4851a1d" relativeResultsDirectory="ee1794e9-2267-4adb-a440-86ae47cfa196" />
    <UnitTestResult executionId="82ba5daf-b63f-4332-8687-e8f3aeed7ed7" testId="6059e5c4-a90d-5ac2-0d2b-936594909c1a" testName="DeviceStreamsPresenter_ValidateAndSave_MayHaveOldData_RecordingToSecondary_NoOldData" computerName="DKSR-EFI-06" duration="00:00:00.0165667" startTime="2024-01-09T15:42:09.7476958+01:00" endTime="2024-01-09T15:42:09.7633207+01:00" testType="13cdc9d9-ddb5-4fa4-a97d-d965ccfc6d4b" outcome="Passed" testListId="8c84fa94-04c1-424b-9868-57a2d4851a1d" relativeResultsDirectory="82ba5daf-b63f-4332-8687-e8f3aeed7ed7" />
    <UnitTestResult executionId="5fb8edd3-63e4-484f-887f-b3d946ac8ae7" testId="43dfe9cb-5587-aaa5-bc68-4d765dd0b91a" testName="SystemDashboard_TestExtensionsAllServersMustReturnAllServers" computerName="DKSR-EFI-06" duration="00:00:00.0003940" startTime="2024-01-09T15:42:14.1539549+01:00" endTime="2024-01-09T15:42:14.1539549+01:00" testType="13cdc9d9-ddb5-4fa4-a97d-d965ccfc6d4b" outcome="Passed" testListId="8c84fa94-04c1-424b-9868-57a2d4851a1d" relativeResultsDirectory="5fb8edd3-63e4-484f-887f-b3d946ac8ae7" />
    <UnitTestResult executionId="2f01da9a-a65a-467d-8c50-01a380dc7ab3" testId="9896299e-af3d-82ea-8005-b83fb3576796" testName="AddpluginProperties_DoesNotAddHeading2_OnChildItemWithNoProperties" computerName="DKSR-EFI-06" duration="00:00:00.0019059" startTime="2024-01-09T15:42:19.7008358+01:00" endTime="2024-01-09T15:42:19.7008358+01:00" testType="13cdc9d9-ddb5-4fa4-a97d-d965ccfc6d4b" outcome="Passed" testListId="8c84fa94-04c1-424b-9868-57a2d4851a1d" relativeResultsDirectory="2f01da9a-a65a-467d-8c50-01a380dc7ab3" />
    <UnitTestResult executionId="5528ce30-3b30-4d3f-90e7-c0c926134704" testId="1a25d0f4-5d08-a936-d313-a4a67de0d687" testName="TestCompositeGrid_ClearRegionClearsTheRightCells" computerName="DKSR-EFI-06" duration="00:00:00.0008347" startTime="2024-01-09T15:42:14.3883298+01:00" endTime="2024-01-09T15:42:14.4039548+01:00" testType="13cdc9d9-ddb5-4fa4-a97d-d965ccfc6d4b" outcome="Passed" testListId="8c84fa94-04c1-424b-9868-57a2d4851a1d" relativeResultsDirectory="5528ce30-3b30-4d3f-90e7-c0c926134704" />
    <UnitTestResult executionId="8f1fe93e-9751-4d1a-b6f9-2718d2695b7c" testId="848b4923-32c0-958d-351a-b85722593610" testName="AddAppointmentConfiguration_CreatesProperSection_OnNonAllDayAppointment" computerName="DKSR-EFI-06" duration="00:00:00.0008120" startTime="2024-01-09T15:42:05.8726796+01:00" endTime="2024-01-09T15:42:05.8726796+01:00" testType="13cdc9d9-ddb5-4fa4-a97d-d965ccfc6d4b" outcome="Passed" testListId="8c84fa94-04c1-424b-9868-57a2d4851a1d" relativeResultsDirectory="8f1fe93e-9751-4d1a-b6f9-2718d2695b7c" />
    <UnitTestResult executionId="0eb34f60-7bd4-4ac3-8531-8559aae2c165" testId="6409a730-a78d-db1f-453b-079e31e5d99c" testName="AddPluginRoles_ThrowsArgumentNullException_OnNullAsReport" computerName="DKSR-EFI-06" duration="00:00:00.0028173" startTime="2024-01-09T15:42:19.7945869+01:00" endTime="2024-01-09T15:42:19.7945869+01:00" testType="13cdc9d9-ddb5-4fa4-a97d-d965ccfc6d4b" outcome="Passed" testListId="8c84fa94-04c1-424b-9868-57a2d4851a1d" relativeResultsDirectory="0eb34f60-7bd4-4ac3-8531-8559aae2c165">
      <Output>
        <StdOut>Debug Trace:&#xD;
Fail: Argument is null.</StdOut>
      </Output>
    </UnitTestResult>
    <UnitTestResult executionId="6d42d701-12cd-4741-a873-24116a2893d4" testId="e2c0a451-86f5-7ec7-6eba-69b3ea02205c" testName="MatchDevices_newDevicesAreNull_ShouldReturnEmptyList" computerName="DKSR-EFI-06" duration="00:00:00.0002291" startTime="2024-01-09T15:42:14.3414547+01:00" endTime="2024-01-09T15:42:14.3414547+01:00" testType="13cdc9d9-ddb5-4fa4-a97d-d965ccfc6d4b" outcome="Passed" testListId="8c84fa94-04c1-424b-9868-57a2d4851a1d" relativeResultsDirectory="6d42d701-12cd-4741-a873-24116a2893d4" />
    <UnitTestResult executionId="8fd4d8e2-be05-4035-9c3b-b27463d7a122" testId="66c63a3a-0eff-85d0-9045-500df9c0da41" testName="TestEmptyMask" computerName="DKSR-EFI-06" duration="00:00:00.0069896" startTime="2024-01-09T15:42:09.9820707+01:00" endTime="2024-01-09T15:42:09.9976951+01:00" testType="13cdc9d9-ddb5-4fa4-a97d-d965ccfc6d4b" outcome="Passed" testListId="8c84fa94-04c1-424b-9868-57a2d4851a1d" relativeResultsDirectory="8fd4d8e2-be05-4035-9c3b-b27463d7a122" />
    <UnitTestResult executionId="7e9cea8c-2c3e-4720-b08d-0c6e92e898fc" testId="06aa8121-e41e-fa43-fdec-4e6f9e738b15" testName="DeviceStreamsPresenter_StreamGridCellChange_DisableRecording_EnsuresValidSettings" computerName="DKSR-EFI-06" duration="00:00:00.0171734" startTime="2024-01-09T15:42:09.4820699+01:00" endTime="2024-01-09T15:42:09.4976948+01:00" testType="13cdc9d9-ddb5-4fa4-a97d-d965ccfc6d4b" outcome="Passed" testListId="8c84fa94-04c1-424b-9868-57a2d4851a1d" relativeResultsDirectory="7e9cea8c-2c3e-4720-b08d-0c6e92e898fc" />
    <UnitTestResult executionId="bac59cde-9366-4a6d-aa29-f72406f9f0b4" testId="9126e5b8-7a8d-f9bb-e86d-5d103a7d2977" testName="Compare_ReturnsNegative1_OnAVsB" computerName="DKSR-EFI-06" duration="00:00:00.0017383" startTime="2024-01-09T15:42:04.9351758+01:00" endTime="2024-01-09T15:42:04.9351758+01:00" testType="13cdc9d9-ddb5-4fa4-a97d-d965ccfc6d4b" outcome="Passed" testListId="8c84fa94-04c1-424b-9868-57a2d4851a1d" relativeResultsDirectory="bac59cde-9366-4a6d-aa29-f72406f9f0b4" />
    <UnitTestResult executionId="c6ebebbd-b67d-48fd-b48c-9df96dde2428" testId="f9140294-7161-930e-3488-b421ac84fa57" testName="MayHaveOldData_Multi_None_Track" computerName="DKSR-EFI-06" duration="00:00:00.0066537" startTime="2024-01-09T15:42:08.4976997+01:00" endTime="2024-01-09T15:42:08.5133140+01:00" testType="13cdc9d9-ddb5-4fa4-a97d-d965ccfc6d4b" outcome="Passed" testListId="8c84fa94-04c1-424b-9868-57a2d4851a1d" relativeResultsDirectory="c6ebebbd-b67d-48fd-b48c-9df96dde2428" />
    <UnitTestResult executionId="da29be8a-cd0f-4761-ac03-c10e7d8effce" testId="3cbccd1f-d730-4881-c2b4-01c0a09f176d" testName="SystemDashboard_TestDataProviderGetCameraGroups" computerName="DKSR-EFI-06" duration="00:00:00.0013455" startTime="2024-01-09T15:42:14.1227058+01:00" endTime="2024-01-09T15:42:14.1383289+01:00" testType="13cdc9d9-ddb5-4fa4-a97d-d965ccfc6d4b" outcome="Passed" testListId="8c84fa94-04c1-424b-9868-57a2d4851a1d" relativeResultsDirectory="da29be8a-cd0f-4761-ac03-c10e7d8effce" />
    <UnitTestResult executionId="a06963c9-d25b-42dc-9ee3-3be9f8e86a3f" testId="423d0959-f82e-bbae-7a54-488500a6c350" testName="PlatformTree_GetPropertyDisableState_IsDisabledWithYes" computerName="DKSR-EFI-06" duration="00:00:00.1442995" startTime="2024-01-09T15:42:19.8102132+01:00" endTime="2024-01-09T15:42:19.9664604+01:00" testType="13cdc9d9-ddb5-4fa4-a97d-d965ccfc6d4b" outcome="Passed" testListId="8c84fa94-04c1-424b-9868-57a2d4851a1d" relativeResultsDirectory="a06963c9-d25b-42dc-9ee3-3be9f8e86a3f" />
    <UnitTestResult executionId="8878dd0f-fefe-484f-b711-d0430c22f4fb" testId="afad45a8-44b0-6a4f-cb1c-e80558b45d48" testName="AddAppointmentConfiguration_DoesNotChangeTable_OnAppointmentWithRecurrence" computerName="DKSR-EFI-06" duration="00:00:00.0015544" startTime="2024-01-09T15:42:05.8570560+01:00" endTime="2024-01-09T15:42:05.8570560+01:00" testType="13cdc9d9-ddb5-4fa4-a97d-d965ccfc6d4b" outcome="Passed" testListId="8c84fa94-04c1-424b-9868-57a2d4851a1d" relativeResultsDirectory="8878dd0f-fefe-484f-b711-d0430c22f4fb" />
    <UnitTestResult executionId="b12f1da0-9efe-4442-a0f2-3f969261d16a" testId="fdbaf56a-5bc5-416b-fa57-9c223bbbe13e" testName="GetDisplayString_ReturnsHourAndMinutePartOfTimeString_OnProperlyFormatedTimeString" computerName="DKSR-EFI-06" duration="00:00:00.0001761" startTime="2024-01-09T15:42:20.0289609+01:00" endTime="2024-01-09T15:42:20.0289609+01:00" testType="13cdc9d9-ddb5-4fa4-a97d-d965ccfc6d4b" outcome="Passed" testListId="8c84fa94-04c1-424b-9868-57a2d4851a1d" relativeResultsDirectory="b12f1da0-9efe-4442-a0f2-3f969261d16a" />
    <UnitTestResult executionId="cc5e99fa-5262-4a81-a6b1-77642665cc18" testId="ce0d5b66-b440-5a00-230c-7d167b6fb70b" testName="AddAppointmentConfiguration_AddsNewStartDateToTable_OnAppointmentWithVariance" computerName="DKSR-EFI-06" duration="00:00:00.0006900" startTime="2024-01-09T15:42:05.8414305+01:00" endTime="2024-01-09T15:42:05.8414305+01:00" testType="13cdc9d9-ddb5-4fa4-a97d-d965ccfc6d4b" outcome="Passed" testListId="8c84fa94-04c1-424b-9868-57a2d4851a1d" relativeResultsDirectory="cc5e99fa-5262-4a81-a6b1-77642665cc18" />
    <UnitTestResult executionId="1979752a-29b3-4749-8695-47e3a16251bc" testId="98e89c7c-e44a-309e-df1a-ac3d03646028" testName="TestPreviewImageEditor_UpdatePreviewImageWithGrid" computerName="DKSR-EFI-06" duration="00:00:00.0066562" startTime="2024-01-09T15:42:09.9351947+01:00" endTime="2024-01-09T15:42:09.9351947+01:00" testType="13cdc9d9-ddb5-4fa4-a97d-d965ccfc6d4b" outcome="Passed" testListId="8c84fa94-04c1-424b-9868-57a2d4851a1d" relativeResultsDirectory="1979752a-29b3-4749-8695-47e3a16251bc" />
    <UnitTestResult executionId="f704cf32-656f-41bc-94e3-d1f6ee53471a" testId="984bf51f-490b-1308-062f-bc23bccd35f4" testName="ApplyCellStyleToEditingControl_ThrowsArgumentNullException_OnNullAsDataGridViewCellStyle" computerName="DKSR-EFI-06" duration="00:00:00.1278423" startTime="2024-01-09T15:42:14.1695806+01:00" endTime="2024-01-09T15:42:14.2945805+01:00" testType="13cdc9d9-ddb5-4fa4-a97d-d965ccfc6d4b" outcome="Passed" testListId="8c84fa94-04c1-424b-9868-57a2d4851a1d" relativeResultsDirectory="f704cf32-656f-41bc-94e3-d1f6ee53471a" />
    <UnitTestResult executionId="c96a1d83-1a27-4b7c-9de6-d7d49e2c287c" testId="aa7aab18-444b-15c3-320f-2524528aedca" testName="DeviceStreamsPresenter_RefreshData_DifferentStreamValues_ShowsTriState" computerName="DKSR-EFI-06" duration="00:00:00.0243704" startTime="2024-01-09T15:42:09.3570695+01:00" endTime="2024-01-09T15:42:09.3883227+01:00" testType="13cdc9d9-ddb5-4fa4-a97d-d965ccfc6d4b" outcome="Passed" testListId="8c84fa94-04c1-424b-9868-57a2d4851a1d" relativeResultsDirectory="c96a1d83-1a27-4b7c-9de6-d7d49e2c287c" />
    <UnitTestResult executionId="695bbd80-53d9-4cbd-a435-6f095901ad37" testId="205c44b8-741b-f6b2-a52e-5ae9760750da" testName="TestPreviewImageEditor_CreateGridWithoutPreviewImage" computerName="DKSR-EFI-06" duration="00:00:00.0015547" startTime="2024-01-09T15:42:09.9039435+01:00" endTime="2024-01-09T15:42:09.9039435+01:00" testType="13cdc9d9-ddb5-4fa4-a97d-d965ccfc6d4b" outcome="Passed" testListId="8c84fa94-04c1-424b-9868-57a2d4851a1d" relativeResultsDirectory="695bbd80-53d9-4cbd-a435-6f095901ad37" />
    <UnitTestResult executionId="f95c34a0-2465-4871-8d07-938e608cbd94" testId="50f5190c-77aa-73fd-8fa6-6084f385f6e3" testName="GetDailyPatternText_ThrowsArgumentNullException_OnNullAsRecurrence" computerName="DKSR-EFI-06" duration="00:00:00.0010085" startTime="2024-01-09T15:42:05.8414305+01:00" endTime="2024-01-09T15:42:05.8414305+01:00" testType="13cdc9d9-ddb5-4fa4-a97d-d965ccfc6d4b" outcome="Passed" testListId="8c84fa94-04c1-424b-9868-57a2d4851a1d" relativeResultsDirectory="f95c34a0-2465-4871-8d07-938e608cbd94">
      <Output>
        <StdOut>Debug Trace:&#xD;
Fail: Argument is null.</StdOut>
      </Output>
    </UnitTestResult>
    <UnitTestResult executionId="04665a92-9223-43ee-bbdb-a9538d86d85d" testId="f3b71662-5e08-c3cc-b6ca-65a4fdb93aab" testName="SystemDashboard_TestExtensionMethodsReturnsAllServerGroupings" computerName="DKSR-EFI-06" duration="00:00:00.0003067" startTime="2024-01-09T15:42:14.1227058+01:00" endTime="2024-01-09T15:42:14.1227058+01:00" testType="13cdc9d9-ddb5-4fa4-a97d-d965ccfc6d4b" outcome="Passed" testListId="8c84fa94-04c1-424b-9868-57a2d4851a1d" relativeResultsDirectory="04665a92-9223-43ee-bbdb-a9538d86d85d" />
    <UnitTestResult executionId="45b2a29b-4fd5-45fd-9a2a-7dcfaf7dcb8f" testId="ee011022-d762-a525-f47c-ef2d97d268b5" testName="RecursiveFindFirstDeviceInDeviceGroup_ReturnsNull_OnEmptyGroup" computerName="DKSR-EFI-06" duration="00:00:00.0054306" startTime="2024-01-09T15:42:07.5758123+01:00" endTime="2024-01-09T15:42:07.5914372+01:00" testType="13cdc9d9-ddb5-4fa4-a97d-d965ccfc6d4b" outcome="Passed" testListId="8c84fa94-04c1-424b-9868-57a2d4851a1d" relativeResultsDirectory="45b2a29b-4fd5-45fd-9a2a-7dcfaf7dcb8f" />
    <UnitTestResult executionId="a9d5cf64-d1c2-4792-a500-5970aced384c" testId="6e5313e3-85cd-2b26-05f8-a3e6e87d3022" testName="DeviceStreamsPresenter_StreamGridCellChange_SelectRecordToSecondaryWithoutPrimary_NotAllowed" computerName="DKSR-EFI-06" duration="00:00:00.0110378" startTime="2024-01-09T15:42:09.4725004+01:00" endTime="2024-01-09T15:42:09.4820699+01:00" testType="13cdc9d9-ddb5-4fa4-a97d-d965ccfc6d4b" outcome="Passed" testListId="8c84fa94-04c1-424b-9868-57a2d4851a1d" relativeResultsDirectory="a9d5cf64-d1c2-4792-a500-5970aced384c" />
    <UnitTestResult executionId="bad79f73-af2f-43a8-a3d6-8f9158bd4d92" testId="31984ec1-238e-0674-147d-5ec0b3186381" testName="MayHaveOldData_Multi_None_None" computerName="DKSR-EFI-06" duration="00:00:00.0081191" startTime="2024-01-09T15:42:08.4976997+01:00" endTime="2024-01-09T15:42:08.4976997+01:00" testType="13cdc9d9-ddb5-4fa4-a97d-d965ccfc6d4b" outcome="Passed" testListId="8c84fa94-04c1-424b-9868-57a2d4851a1d" relativeResultsDirectory="bad79f73-af2f-43a8-a3d6-8f9158bd4d92" />
    <UnitTestResult executionId="45a36394-2c0f-49f9-ae17-4c87d9ba14ed" testId="c2b9a82a-d5ea-ad02-7929-177ecd74eb3b" testName="ClientBasicUserCollection_ValidateBasicUser_NameIllegalCharacters" computerName="DKSR-EFI-06" duration="00:00:00.0001583" startTime="2024-01-09T15:42:04.9976782+01:00" endTime="2024-01-09T15:42:04.9976782+01:00" testType="13cdc9d9-ddb5-4fa4-a97d-d965ccfc6d4b" outcome="Passed" testListId="8c84fa94-04c1-424b-9868-57a2d4851a1d" relativeResultsDirectory="45a36394-2c0f-49f9-ae17-4c87d9ba14ed" />
    <UnitTestResult executionId="070f3665-7e77-44ac-b60f-bc90e91905ab" testId="48e0767c-a71a-e1b7-4d50-9bd70b568e17" testName="RecursiveFindFirstDeviceInDeviceGroup_ThrowsArgumentNullException_OnNullAsDeviceGroup" computerName="DKSR-EFI-06" duration="00:00:00.0123459" startTime="2024-01-09T15:42:05.8883058+01:00" endTime="2024-01-09T15:42:05.8883058+01:00" testType="13cdc9d9-ddb5-4fa4-a97d-d965ccfc6d4b" outcome="Passed" testListId="8c84fa94-04c1-424b-9868-57a2d4851a1d" relativeResultsDirectory="070f3665-7e77-44ac-b60f-bc90e91905ab">
      <Output>
        <StdOut>Debug Trace:&#xD;
Fail: Argument is null.</StdOut>
      </Output>
    </UnitTestResult>
    <UnitTestResult executionId="5f4dcf4c-cb16-4378-9f13-15aa41a68777" testId="b0e3554c-f4d1-e9ca-6fc1-7a48502da924" testName="ClientBasicUserCollection_ValidateBasicUser_NameEmpty" computerName="DKSR-EFI-06" duration="00:00:00.0006940" startTime="2024-01-09T15:42:04.9976782+01:00" endTime="2024-01-09T15:42:04.9976782+01:00" testType="13cdc9d9-ddb5-4fa4-a97d-d965ccfc6d4b" outcome="Passed" testListId="8c84fa94-04c1-424b-9868-57a2d4851a1d" relativeResultsDirectory="5f4dcf4c-cb16-4378-9f13-15aa41a68777" />
    <UnitTestResult executionId="04a78eb7-c77d-4cf8-a87e-281b68c71d83" testId="9f3493b8-a151-61a6-cb0a-dc5a367ecb41" testName="AddpluginProperties_AddsTextNoItemsDefinedToReport_OnPluginWithItemNodeAllowManyAndNoProperties" computerName="DKSR-EFI-06" duration="00:00:00.0015114" startTime="2024-01-09T15:42:19.6852255+01:00" endTime="2024-01-09T15:42:19.6852255+01:00" testType="13cdc9d9-ddb5-4fa4-a97d-d965ccfc6d4b" outcome="Passed" testListId="8c84fa94-04c1-424b-9868-57a2d4851a1d" relativeResultsDirectory="04a78eb7-c77d-4cf8-a87e-281b68c71d83" />
    <UnitTestResult executionId="948763ea-8207-432c-8b7e-ca6b5c5d6e90" testId="ead1a04d-99dc-65f4-886b-441a8539b09e" testName="TestPreviewImageEditor_ClearPenOverlayRemovesPenOverlay" computerName="DKSR-EFI-06" duration="00:00:00.0015187" startTime="2024-01-09T15:42:09.9820707+01:00" endTime="2024-01-09T15:42:09.9820707+01:00" testType="13cdc9d9-ddb5-4fa4-a97d-d965ccfc6d4b" outcome="Passed" testListId="8c84fa94-04c1-424b-9868-57a2d4851a1d" relativeResultsDirectory="948763ea-8207-432c-8b7e-ca6b5c5d6e90" />
    <UnitTestResult executionId="ecb48533-df07-46a3-9dac-233d14429aa0" testId="8bad3e4a-372d-2ca0-3e74-b96394cb0915" testName="MayHaveOldData_Multi_StreamAndTrack_StreamAndTrack" computerName="DKSR-EFI-06" duration="00:00:00.0081322" startTime="2024-01-09T15:42:08.5601903+01:00" endTime="2024-01-09T15:42:08.5758193+01:00" testType="13cdc9d9-ddb5-4fa4-a97d-d965ccfc6d4b" outcome="Passed" testListId="8c84fa94-04c1-424b-9868-57a2d4851a1d" relativeResultsDirectory="ecb48533-df07-46a3-9dac-233d14429aa0" />
    <UnitTestResult executionId="d2e41d47-5cf7-4e0a-8a73-67041e7fda51" testId="4503a5ff-6554-1559-d979-738d496923a6" testName="Compare_Returns0_OnNoneVsNone" computerName="DKSR-EFI-06" duration="00:00:00.0002127" startTime="2024-01-09T15:42:04.9820543+01:00" endTime="2024-01-09T15:42:04.9820543+01:00" testType="13cdc9d9-ddb5-4fa4-a97d-d965ccfc6d4b" outcome="Passed" testListId="8c84fa94-04c1-424b-9868-57a2d4851a1d" relativeResultsDirectory="d2e41d47-5cf7-4e0a-8a73-67041e7fda51" />
    <UnitTestResult executionId="b1d1bac3-064d-4ded-a6ed-6a896a9b95be" testId="cbc6e47f-7fee-cb6a-5700-5eccce3b02a3" testName="DevicePositionWithCoordinates_ShouldBeVisible_WhenDeviceIsCamera" computerName="DKSR-EFI-06" duration="00:00:02.6815035" startTime="2024-01-09T15:42:10.0289441+01:00" endTime="2024-01-09T15:42:12.7008277+01:00" testType="13cdc9d9-ddb5-4fa4-a97d-d965ccfc6d4b" outcome="Passed" testListId="8c84fa94-04c1-424b-9868-57a2d4851a1d" relativeResultsDirectory="b1d1bac3-064d-4ded-a6ed-6a896a9b95be" />
    <UnitTestResult executionId="819c948b-a413-4a15-95d6-7d0125e2e6b8" testId="2533b661-cdc0-47b0-a375-3f670ed6ea3d" testName="TestCompositeGrid_SetMaskSizeClearsGridsAndSetsTheirSize" computerName="DKSR-EFI-06" duration="00:00:00.0010895" startTime="2024-01-09T15:42:14.4039548+01:00" endTime="2024-01-09T15:42:14.4039548+01:00" testType="13cdc9d9-ddb5-4fa4-a97d-d965ccfc6d4b" outcome="Passed" testListId="8c84fa94-04c1-424b-9868-57a2d4851a1d" relativeResultsDirectory="819c948b-a413-4a15-95d6-7d0125e2e6b8" />
    <UnitTestResult executionId="7d96084b-3fa4-44b2-b8c7-4b62f84fa93b" testId="75d8c852-b7d8-0cc7-1134-e19af6772209" testName="ServerPickerXmlConverter_ConvertToXml_Success" computerName="DKSR-EFI-06" duration="00:00:00.0016902" startTime="2024-01-09T15:42:20.0445855+01:00" endTime="2024-01-09T15:42:20.0445855+01:00" testType="13cdc9d9-ddb5-4fa4-a97d-d965ccfc6d4b" outcome="Passed" testListId="8c84fa94-04c1-424b-9868-57a2d4851a1d" relativeResultsDirectory="7d96084b-3fa4-44b2-b8c7-4b62f84fa93b" />
    <UnitTestResult executionId="4ff4507a-ef0b-4484-845b-77a6fe5ff6e2" testId="c36390f4-3d98-5929-30ec-ae65368da11b" testName="PlatformTree_ToolTip_Blank" computerName="DKSR-EFI-06" duration="00:00:00.0003673" startTime="2024-01-09T15:42:20.0133371+01:00" endTime="2024-01-09T15:42:20.0133371+01:00" testType="13cdc9d9-ddb5-4fa4-a97d-d965ccfc6d4b" outcome="Passed" testListId="8c84fa94-04c1-424b-9868-57a2d4851a1d" relativeResultsDirectory="4ff4507a-ef0b-4484-845b-77a6fe5ff6e2" />
    <UnitTestResult executionId="9fe649f8-9d9d-463a-8720-b79c244d69e1" testId="d1cc468a-060a-e82e-7ac6-2d01aaae31c7" testName="ClientBasicUserCollection_ValidateBasicUser_PasswordTooLong" computerName="DKSR-EFI-06" duration="00:00:00.0001557" startTime="2024-01-09T15:42:05.0133051+01:00" endTime="2024-01-09T15:42:05.0133051+01:00" testType="13cdc9d9-ddb5-4fa4-a97d-d965ccfc6d4b" outcome="Passed" testListId="8c84fa94-04c1-424b-9868-57a2d4851a1d" relativeResultsDirectory="9fe649f8-9d9d-463a-8720-b79c244d69e1" />
    <UnitTestResult executionId="30ec8a5e-d78f-448a-a782-47c04f0c47e3" testId="3bbb3909-084e-73c4-7d53-31023b64f14e" testName="TestOnePermanentWithMotion" computerName="DKSR-EFI-06" duration="00:00:00.0003366" startTime="2024-01-09T15:42:10.0133200+01:00" endTime="2024-01-09T15:42:10.0133200+01:00" testType="13cdc9d9-ddb5-4fa4-a97d-d965ccfc6d4b" outcome="Passed" testListId="8c84fa94-04c1-424b-9868-57a2d4851a1d" relativeResultsDirectory="30ec8a5e-d78f-448a-a782-47c04f0c47e3" />
    <UnitTestResult executionId="dc476252-d77d-4adf-bed3-c23f24117049" testId="97e68eba-2053-f7dd-778b-d27d1d343c88" testName="AddpluginProperties_DoesNotChangeAnything_OnPluginWithNoItems" computerName="DKSR-EFI-06" duration="00:00:00.0009722" startTime="2024-01-09T15:42:19.6696042+01:00" endTime="2024-01-09T15:42:19.6696042+01:00" testType="13cdc9d9-ddb5-4fa4-a97d-d965ccfc6d4b" outcome="Passed" testListId="8c84fa94-04c1-424b-9868-57a2d4851a1d" relativeResultsDirectory="dc476252-d77d-4adf-bed3-c23f24117049" />
    <UnitTestResult executionId="2422cd5d-490c-4596-99b5-db0783339a41" testId="0526b310-2792-1b6e-9d26-cb5911e354d4" testName="GetDisplayString_ThrowsArgumentNullException_OnNullAsSelection" computerName="DKSR-EFI-06" duration="00:00:00.0056226" startTime="2024-01-09T15:42:20.0133371+01:00" endTime="2024-01-09T15:42:20.0289609+01:00" testType="13cdc9d9-ddb5-4fa4-a97d-d965ccfc6d4b" outcome="Passed" testListId="8c84fa94-04c1-424b-9868-57a2d4851a1d" relativeResultsDirectory="2422cd5d-490c-4596-99b5-db0783339a41">
      <Output>
        <StdOut>Debug Trace:&#xD;
Fail: Argument is null.</StdOut>
      </Output>
    </UnitTestResult>
    <UnitTestResult executionId="08fe4ce8-1081-413e-b7e2-759dd046f1fd" testId="90b10b14-7a78-1738-3007-39368c3d3e19" testName="PlatformTree_SetState_ToError" computerName="DKSR-EFI-06" duration="00:00:00.0003543" startTime="2024-01-09T15:42:19.9820842+01:00" endTime="2024-01-09T15:42:19.9977114+01:00" testType="13cdc9d9-ddb5-4fa4-a97d-d965ccfc6d4b" outcome="Passed" testListId="8c84fa94-04c1-424b-9868-57a2d4851a1d" relativeResultsDirectory="08fe4ce8-1081-413e-b7e2-759dd046f1fd" />
    <UnitTestResult executionId="84d79cba-7cab-46df-8ede-79a41981b13f" testId="f466102f-ba2f-6676-6bab-97ec4d1b20b0" testName="AddpluginProperties_DoesNotAddHeading2_OnParentItemWithNoProperties" computerName="DKSR-EFI-06" duration="00:00:00.0022246" startTime="2024-01-09T15:42:19.7008358+01:00" endTime="2024-01-09T15:42:19.7008358+01:00" testType="13cdc9d9-ddb5-4fa4-a97d-d965ccfc6d4b" outcome="Passed" testListId="8c84fa94-04c1-424b-9868-57a2d4851a1d" relativeResultsDirectory="84d79cba-7cab-46df-8ede-79a41981b13f" />
    <UnitTestResult executionId="8b109b5e-e487-4f80-a4bd-cb346a7b222c" testId="b0035aff-0a64-7183-8033-0d6eed9b36c2" testName="DirectionFieldOfViewDepthControls_ShouldBeVisible_WhenDeviceIsCamera" computerName="DKSR-EFI-06" duration="00:00:00.0208033" startTime="2024-01-09T15:42:12.7789506+01:00" endTime="2024-01-09T15:42:12.7950914+01:00" testType="13cdc9d9-ddb5-4fa4-a97d-d965ccfc6d4b" outcome="Passed" testListId="8c84fa94-04c1-424b-9868-57a2d4851a1d" relativeResultsDirectory="8b109b5e-e487-4f80-a4bd-cb346a7b222c" />
    <UnitTestResult executionId="5cdbb4e2-98ed-431e-99ef-6559958a4dfa" testId="bcc6c74e-4cf8-7264-2b6c-bbfa0a489e09" testName="AddPluginRoles_DoesNotChangeReport_OnPluginWithItemsWithSecurityActions" computerName="DKSR-EFI-06" duration="00:00:00.0011187" startTime="2024-01-09T15:42:19.8102132+01:00" endTime="2024-01-09T15:42:19.8102132+01:00" testType="13cdc9d9-ddb5-4fa4-a97d-d965ccfc6d4b" outcome="Passed" testListId="8c84fa94-04c1-424b-9868-57a2d4851a1d" relativeResultsDirectory="5cdbb4e2-98ed-431e-99ef-6559958a4dfa" />
    <UnitTestResult executionId="692d463f-bfed-4bd1-b184-11d45774da08" testId="36aa9169-7f41-7d09-b98a-9d05f10266bc" testName="ClientBasicUserCollection_ValidatePassword_PasswordEmpty" computerName="DKSR-EFI-06" duration="00:00:00.0041070" startTime="2024-01-09T15:42:04.9820543+01:00" endTime="2024-01-09T15:42:04.9976782+01:00" testType="13cdc9d9-ddb5-4fa4-a97d-d965ccfc6d4b" outcome="Passed" testListId="8c84fa94-04c1-424b-9868-57a2d4851a1d" relativeResultsDirectory="692d463f-bfed-4bd1-b184-11d45774da08" />
    <UnitTestResult executionId="146de716-aade-4baa-8a35-4f65bfcc9c02" testId="6a5956a2-c4d2-d63c-41fc-3c6c32670a09" testName="TestCompositeGrid_SetRegionSetsTheRightCells" computerName="DKSR-EFI-06" duration="00:00:00.0044459" startTime="2024-01-09T15:42:14.3727037+01:00" endTime="2024-01-09T15:42:14.3727037+01:00" testType="13cdc9d9-ddb5-4fa4-a97d-d965ccfc6d4b" outcome="Passed" testListId="8c84fa94-04c1-424b-9868-57a2d4851a1d" relativeResultsDirectory="146de716-aade-4baa-8a35-4f65bfcc9c02" />
    <UnitTestResult executionId="d664c02f-bc3a-4c20-bca9-868356ba4f11" testId="6052c099-a9d5-02de-7729-5b4b41817cea" testName="ClientBasicUserCollection_ValidatePassword_PasswordTooLong" computerName="DKSR-EFI-06" duration="00:00:00.0001686" startTime="2024-01-09T15:42:04.9976782+01:00" endTime="2024-01-09T15:42:04.9976782+01:00" testType="13cdc9d9-ddb5-4fa4-a97d-d965ccfc6d4b" outcome="Passed" testListId="8c84fa94-04c1-424b-9868-57a2d4851a1d" relativeResultsDirectory="d664c02f-bc3a-4c20-bca9-868356ba4f11" />
    <UnitTestResult executionId="d8273462-b68c-46b9-a20e-4cacf99f2d8a" testId="adb1002c-4889-6c5e-b1c9-58fa4e94c40d" testName="AutoDiscovery_HardwareSetupInfoManager_ProcessFailedTaskResults_Simple" computerName="DKSR-EFI-06" duration="00:00:00.0140104" startTime="2024-01-09T15:42:14.9508299+01:00" endTime="2024-01-09T15:42:14.9664560+01:00" testType="13cdc9d9-ddb5-4fa4-a97d-d965ccfc6d4b" outcome="Passed" testListId="8c84fa94-04c1-424b-9868-57a2d4851a1d" relativeResultsDirectory="d8273462-b68c-46b9-a20e-4cacf99f2d8a" />
    <UnitTestResult executionId="9606c7e5-ce55-4699-85ac-59e31bea563d" testId="d29c4645-c75e-91c9-94e2-eba71b12d2da" testName="TestCompositeGrid_SetRegionClearsPopulatedCellsOfOtherGrid" computerName="DKSR-EFI-06" duration="00:00:00.0005863" startTime="2024-01-09T15:42:14.3883298+01:00" endTime="2024-01-09T15:42:14.3883298+01:00" testType="13cdc9d9-ddb5-4fa4-a97d-d965ccfc6d4b" outcome="Passed" testListId="8c84fa94-04c1-424b-9868-57a2d4851a1d" relativeResultsDirectory="9606c7e5-ce55-4699-85ac-59e31bea563d" />
    <UnitTestResult executionId="7b34cabc-1d86-403a-b7ba-3c2613a10ae5" testId="3167ebd5-9d03-cc65-8ee5-1b043d4db54a" testName="TestCompositeGrid_SetRegionOnPopulatedMaskSetsTheRightCells" computerName="DKSR-EFI-06" duration="00:00:00.0008046" startTime="2024-01-09T15:42:14.3883298+01:00" endTime="2024-01-09T15:42:14.3883298+01:00" testType="13cdc9d9-ddb5-4fa4-a97d-d965ccfc6d4b" outcome="Passed" testListId="8c84fa94-04c1-424b-9868-57a2d4851a1d" relativeResultsDirectory="7b34cabc-1d86-403a-b7ba-3c2613a10ae5" />
    <UnitTestResult executionId="350a51ad-3460-4ae5-979c-ecb7eaa28347" testId="3c6a3fd6-1062-1815-8bfd-6cc43579db2a" testName="MatchDevices_SingleCameraReplace_ShouldGetTheCorrectMappingBack" computerName="DKSR-EFI-06" duration="00:00:00.0027207" startTime="2024-01-09T15:42:14.3414547+01:00" endTime="2024-01-09T15:42:14.3414547+01:00" testType="13cdc9d9-ddb5-4fa4-a97d-d965ccfc6d4b" outcome="Passed" testListId="8c84fa94-04c1-424b-9868-57a2d4851a1d" relativeResultsDirectory="350a51ad-3460-4ae5-979c-ecb7eaa28347" />
    <UnitTestResult executionId="22de7740-312b-455c-979f-30bd6f1813c1" testId="2ee4f7d8-9044-e199-e31c-2b7c0ca03fcd" testName="AddOptionsDialogProperties_AddsParentHeader_OnParentProperty" computerName="DKSR-EFI-06" duration="00:00:00.0008551" startTime="2024-01-09T15:42:19.5758352+01:00" endTime="2024-01-09T15:42:19.5758352+01:00" testType="13cdc9d9-ddb5-4fa4-a97d-d965ccfc6d4b" outcome="Passed" testListId="8c84fa94-04c1-424b-9868-57a2d4851a1d" relativeResultsDirectory="22de7740-312b-455c-979f-30bd6f1813c1" />
    <UnitTestResult executionId="d9146a5d-cddb-4d8f-bbd5-5188f9162ac8" testId="6a725ab5-45a8-bb8a-d5f6-58afcfa9801b" testName="AutoDiscovery_HardwareSetupInfoManager_HardwareSetupInfoSetupResponseReceived_WhenCanceled" computerName="DKSR-EFI-06" duration="00:00:00.0061273" startTime="2024-01-09T15:42:18.7008353+01:00" endTime="2024-01-09T15:42:18.7164595+01:00" testType="13cdc9d9-ddb5-4fa4-a97d-d965ccfc6d4b" outcome="Passed" testListId="8c84fa94-04c1-424b-9868-57a2d4851a1d" relativeResultsDirectory="d9146a5d-cddb-4d8f-bbd5-5188f9162ac8" />
    <UnitTestResult executionId="536e12de-e9e0-4ca6-9b61-c97076cfafc4" testId="258285e9-8080-ce92-afdd-7f157ca38382" testName="TestPreviewImageEditor_CreatePenImageWithPreviewImage" computerName="DKSR-EFI-06" duration="00:00:00.0024859" startTime="2024-01-09T15:42:09.9664473+01:00" endTime="2024-01-09T15:42:09.9664473+01:00" testType="13cdc9d9-ddb5-4fa4-a97d-d965ccfc6d4b" outcome="Passed" testListId="8c84fa94-04c1-424b-9868-57a2d4851a1d" relativeResultsDirectory="536e12de-e9e0-4ca6-9b61-c97076cfafc4" />
    <UnitTestResult executionId="6126552a-af20-4552-9936-ee2f0f5ee2dd" testId="2bd02458-d550-fa9e-3de3-a4475dfb9e65" testName="AutoDiscovery_HardwareSetupInfoManager_HardwareSetupInfoSetupResponseReceived_WhenSucceeded" computerName="DKSR-EFI-06" duration="00:00:00.0011320" startTime="2024-01-09T15:42:18.7164595+01:00" endTime="2024-01-09T15:42:18.7164595+01:00" testType="13cdc9d9-ddb5-4fa4-a97d-d965ccfc6d4b" outcome="Passed" testListId="8c84fa94-04c1-424b-9868-57a2d4851a1d" relativeResultsDirectory="6126552a-af20-4552-9936-ee2f0f5ee2dd" />
    <UnitTestResult executionId="d947556a-1301-4240-996e-5169f258793f" testId="a259bf75-7269-f535-97b0-91a8c4089edd" testName="RecursiveFindFirstDeviceInDeviceGroup_FindsDevice_InSubGroup" computerName="DKSR-EFI-06" duration="00:00:00.0147115" startTime="2024-01-09T15:42:07.5601892+01:00" endTime="2024-01-09T15:42:07.5758123+01:00" testType="13cdc9d9-ddb5-4fa4-a97d-d965ccfc6d4b" outcome="Passed" testListId="8c84fa94-04c1-424b-9868-57a2d4851a1d" relativeResultsDirectory="d947556a-1301-4240-996e-5169f258793f" />
    <UnitTestResult executionId="1bfe16e9-a070-4bce-9ad5-f6f5884554ea" testId="eeef213d-0eab-1239-bede-9bafb27d7832" testName="AddOptionsDialogProperties_AddsParentsRow_OnPropertiesWithNotSameKeys" computerName="DKSR-EFI-06" duration="00:00:00.0009698" startTime="2024-01-09T15:42:19.5758352+01:00" endTime="2024-01-09T15:42:19.5758352+01:00" testType="13cdc9d9-ddb5-4fa4-a97d-d965ccfc6d4b" outcome="Passed" testListId="8c84fa94-04c1-424b-9868-57a2d4851a1d" relativeResultsDirectory="1bfe16e9-a070-4bce-9ad5-f6f5884554ea" />
    <UnitTestResult executionId="fc780fee-28d7-4403-84b5-199e01a9af44" testId="d3efadd8-95cd-1580-0927-a88a679218cb" testName="MayHaveOldData_Single_StreamAndTrack_None" computerName="DKSR-EFI-06" duration="00:00:00.0067960" startTime="2024-01-09T15:42:08.4664426+01:00" endTime="2024-01-09T15:42:08.4820654+01:00" testType="13cdc9d9-ddb5-4fa4-a97d-d965ccfc6d4b" outcome="Passed" testListId="8c84fa94-04c1-424b-9868-57a2d4851a1d" relativeResultsDirectory="fc780fee-28d7-4403-84b5-199e01a9af44" />
    <UnitTestResult executionId="d17ce1c3-11e4-4621-b400-1291498894ad" testId="d7ea0b97-0362-b71d-a237-a315ab00de7c" testName="DeviceStreamsPresenter_StreamGridCellChange_SelectLiveModeNever_ResetsValueIfNoOtherRow" computerName="DKSR-EFI-06" duration="00:00:00.0099944" startTime="2024-01-09T15:42:09.5133181+01:00" endTime="2024-01-09T15:42:09.5289457+01:00" testType="13cdc9d9-ddb5-4fa4-a97d-d965ccfc6d4b" outcome="Passed" testListId="8c84fa94-04c1-424b-9868-57a2d4851a1d" relativeResultsDirectory="d17ce1c3-11e4-4621-b400-1291498894ad" />
    <UnitTestResult executionId="c7aa4510-377c-4a8d-96f3-1b18ae4e32d9" testId="2ef6b5e7-17a9-3359-e633-61bd61ff5610" testName="DeviceStreamsPresenter_RefreshData_TwoIdenticalStreams_Success" computerName="DKSR-EFI-06" duration="00:00:00.0119201" startTime="2024-01-09T15:42:09.3414460+01:00" endTime="2024-01-09T15:42:09.3570695+01:00" testType="13cdc9d9-ddb5-4fa4-a97d-d965ccfc6d4b" outcome="Passed" testListId="8c84fa94-04c1-424b-9868-57a2d4851a1d" relativeResultsDirectory="c7aa4510-377c-4a8d-96f3-1b18ae4e32d9" />
    <UnitTestResult executionId="dafd25a7-6ddd-488a-ad23-916b5137d175" testId="3ca7c303-3c9f-d1db-d70b-50a9ddfb84c3" testName="TestPreviewImageEditor_UpdatePreviewImageWithHiddenGrid" computerName="DKSR-EFI-06" duration="00:00:00.0030980" startTime="2024-01-09T15:42:09.9351947+01:00" endTime="2024-01-09T15:42:09.9351947+01:00" testType="13cdc9d9-ddb5-4fa4-a97d-d965ccfc6d4b" outcome="Passed" testListId="8c84fa94-04c1-424b-9868-57a2d4851a1d" relativeResultsDirectory="dafd25a7-6ddd-488a-ad23-916b5137d175" />
    <UnitTestResult executionId="8674f597-44f9-4e40-9e67-fa00236afdc7" testId="aaab42ce-021d-bb5a-442c-e190c87332cd" testName="Compare_Returns1_OnNoneVsSelectDevice" computerName="DKSR-EFI-06" duration="00:00:00.0002033" startTime="2024-01-09T15:42:04.9820543+01:00" endTime="2024-01-09T15:42:04.9820543+01:00" testType="13cdc9d9-ddb5-4fa4-a97d-d965ccfc6d4b" outcome="Passed" testListId="8c84fa94-04c1-424b-9868-57a2d4851a1d" relativeResultsDirectory="8674f597-44f9-4e40-9e67-fa00236afdc7" />
    <UnitTestResult executionId="0c237ebc-a89c-4d25-8512-193c775be122" testId="b74dc70c-cfb8-1da4-afab-054363fc7a41" testName="Systemdashboard_ConfigurationProviderGetCamerasTiles" computerName="DKSR-EFI-06" duration="00:00:01.1850356" startTime="2024-01-09T15:42:12.8727023+01:00" endTime="2024-01-09T15:42:14.0602029+01:00" testType="13cdc9d9-ddb5-4fa4-a97d-d965ccfc6d4b" outcome="Passed" testListId="8c84fa94-04c1-424b-9868-57a2d4851a1d" relativeResultsDirectory="0c237ebc-a89c-4d25-8512-193c775be122" />
    <UnitTestResult executionId="294ac54a-ab84-4f1e-8c3f-9bccb66fa495" testId="2d26ee27-05eb-1568-69f4-f42799c9a19e" testName="AddOptionsDialogProperties_AddsDifferentTable_OnPropertiesWithNotSameKeys" computerName="DKSR-EFI-06" duration="00:00:00.0043045" startTime="2024-01-09T15:42:19.5602117+01:00" endTime="2024-01-09T15:42:19.5758352+01:00" testType="13cdc9d9-ddb5-4fa4-a97d-d965ccfc6d4b" outcome="Passed" testListId="8c84fa94-04c1-424b-9868-57a2d4851a1d" relativeResultsDirectory="294ac54a-ab84-4f1e-8c3f-9bccb66fa495" />
    <UnitTestResult executionId="af286c75-69c7-453a-9caf-ae1f3a022e5b" testId="c3daa3bb-63f2-57a5-abd0-5c64029f3945" testName="ClientBasicUserCollection_ValidateBasicUser_PasswordsDoNotMatch" computerName="DKSR-EFI-06" duration="00:00:00.0001445" startTime="2024-01-09T15:42:05.0133051+01:00" endTime="2024-01-09T15:42:05.0133051+01:00" testType="13cdc9d9-ddb5-4fa4-a97d-d965ccfc6d4b" outcome="Passed" testListId="8c84fa94-04c1-424b-9868-57a2d4851a1d" relativeResultsDirectory="af286c75-69c7-453a-9caf-ae1f3a022e5b" />
    <UnitTestResult executionId="19b2bc64-e4cb-4333-aae1-159b4125f8be" testId="b37c16ee-9521-5547-578e-a98e3534c451" testName="DeviceStreamsPresenter_RefreshData_DifferentTrackValues_ShowsTriState" computerName="DKSR-EFI-06" duration="00:00:00.0102955" startTime="2024-01-09T15:42:09.3883227+01:00" endTime="2024-01-09T15:42:09.4039477+01:00" testType="13cdc9d9-ddb5-4fa4-a97d-d965ccfc6d4b" outcome="Passed" testListId="8c84fa94-04c1-424b-9868-57a2d4851a1d" relativeResultsDirectory="19b2bc64-e4cb-4333-aae1-159b4125f8be" />
    <UnitTestResult executionId="05106a16-7b77-42c8-b595-edeb5a65077f" testId="35ffa1c9-ba11-4e3f-2c66-a6646cb06b03" testName="ClientBasicUserCollection_ValidatePassword_PasswordsDoNotMatch" computerName="DKSR-EFI-06" duration="00:00:00.0001541" startTime="2024-01-09T15:42:04.9976782+01:00" endTime="2024-01-09T15:42:04.9976782+01:00" testType="13cdc9d9-ddb5-4fa4-a97d-d965ccfc6d4b" outcome="Passed" testListId="8c84fa94-04c1-424b-9868-57a2d4851a1d" relativeResultsDirectory="05106a16-7b77-42c8-b595-edeb5a65077f" />
    <UnitTestResult executionId="c1d2ced5-d30e-460a-acfc-fad3b4f654c3" testId="9c14c648-cefb-cf9c-8e24-b3c4687d3d5b" testName="PlatformTree_SetState_ToActive" computerName="DKSR-EFI-06" duration="00:00:00.0003253" startTime="2024-01-09T15:42:20.0133371+01:00" endTime="2024-01-09T15:42:20.0133371+01:00" testType="13cdc9d9-ddb5-4fa4-a97d-d965ccfc6d4b" outcome="Passed" testListId="8c84fa94-04c1-424b-9868-57a2d4851a1d" relativeResultsDirectory="c1d2ced5-d30e-460a-acfc-fad3b4f654c3" />
    <UnitTestResult executionId="74f91a40-de11-4b0d-a65b-629c12146e52" testId="297810fa-c5a5-d04b-910d-1053a0cf93f7" testName="AddpluginProperties_AddsHeading1_OnPluginWithItemNodeAllowMany" computerName="DKSR-EFI-06" duration="00:00:00.0058508" startTime="2024-01-09T15:42:19.6696042+01:00" endTime="2024-01-09T15:42:19.6852255+01:00" testType="13cdc9d9-ddb5-4fa4-a97d-d965ccfc6d4b" outcome="Passed" testListId="8c84fa94-04c1-424b-9868-57a2d4851a1d" relativeResultsDirectory="74f91a40-de11-4b0d-a65b-629c12146e52" />
    <UnitTestResult executionId="4bf7e8ff-be24-4041-b397-08a08fd5fceb" testId="69c85b93-6859-1da4-27cb-3c2cd3053a10" testName="DeviceStreamsPresenter_ValidateAndSave_MayHaveOldData_RecordingToSecondary_HasOldData_Yes" computerName="DKSR-EFI-06" duration="00:00:00.0283501" startTime="2024-01-09T15:42:09.7633207+01:00" endTime="2024-01-09T15:42:09.7945681+01:00" testType="13cdc9d9-ddb5-4fa4-a97d-d965ccfc6d4b" outcome="Passed" testListId="8c84fa94-04c1-424b-9868-57a2d4851a1d" relativeResultsDirectory="4bf7e8ff-be24-4041-b397-08a08fd5fceb" />
    <UnitTestResult executionId="5f3734bf-394b-4d92-8301-0fa2a300cc1d" testId="ef93a57e-b7be-340d-72dc-1100e7d56472" testName="TestThreeMethods" computerName="DKSR-EFI-06" duration="00:00:00.0001637" startTime="2024-01-09T15:42:10.0289441+01:00" endTime="2024-01-09T15:42:10.0289441+01:00" testType="13cdc9d9-ddb5-4fa4-a97d-d965ccfc6d4b" outcome="Passed" testListId="8c84fa94-04c1-424b-9868-57a2d4851a1d" relativeResultsDirectory="5f3734bf-394b-4d92-8301-0fa2a300cc1d" />
    <UnitTestResult executionId="d6c32c21-2716-4ea9-8bd9-d4a84bd54e9a" testId="d1f1df85-77bf-3e9f-3cbb-d16cb9a4f51a" testName="MayHaveOldData_Single_Track" computerName="DKSR-EFI-06" duration="00:00:00.0066944" startTime="2024-01-09T15:42:08.4820654+01:00" endTime="2024-01-09T15:42:08.4976997+01:00" testType="13cdc9d9-ddb5-4fa4-a97d-d965ccfc6d4b" outcome="Passed" testListId="8c84fa94-04c1-424b-9868-57a2d4851a1d" relativeResultsDirectory="d6c32c21-2716-4ea9-8bd9-d4a84bd54e9a" />
    <UnitTestResult executionId="ae9e1409-bdcc-48d7-819c-e04e78e797ce" testId="442bfdb8-6755-dd70-6925-c250c18089b5" testName="AutoDiscovery_HardwareSetupInfoManager_HardwareSetupInfoSetupResponseReceived_WhenArgumentException" computerName="DKSR-EFI-06" duration="00:00:00.0013202" startTime="2024-01-09T15:42:18.7633353+01:00" endTime="2024-01-09T15:42:18.7633353+01:00" testType="13cdc9d9-ddb5-4fa4-a97d-d965ccfc6d4b" outcome="Passed" testListId="8c84fa94-04c1-424b-9868-57a2d4851a1d" relativeResultsDirectory="ae9e1409-bdcc-48d7-819c-e04e78e797ce" />
    <UnitTestResult executionId="40318eda-1628-453e-8e04-cd1a705ba182" testId="b2ad83b7-2e90-ae72-fc64-fb1c022d591e" testName="DeviceStreamsPresenter_ValidateAndSave_MayHaveOldData_RecordingToSecondary_HasOldData_Cancel" computerName="DKSR-EFI-06" duration="00:00:00.0096684" startTime="2024-01-09T15:42:09.8258225+01:00" endTime="2024-01-09T15:42:09.8258225+01:00" testType="13cdc9d9-ddb5-4fa4-a97d-d965ccfc6d4b" outcome="Passed" testListId="8c84fa94-04c1-424b-9868-57a2d4851a1d" relativeResultsDirectory="40318eda-1628-453e-8e04-cd1a705ba182" />
    <UnitTestResult executionId="d6331a13-7b01-40c0-953b-09bafea69630" testId="a35de4fe-a1e0-4d26-83b9-814d09c3b805" testName="AddOptionsDialogProperties_AddsBulletCollection_OnEmptySections" computerName="DKSR-EFI-06" duration="00:00:00.0011609" startTime="2024-01-09T15:42:19.5758352+01:00" endTime="2024-01-09T15:42:19.5758352+01:00" testType="13cdc9d9-ddb5-4fa4-a97d-d965ccfc6d4b" outcome="Passed" testListId="8c84fa94-04c1-424b-9868-57a2d4851a1d" relativeResultsDirectory="d6331a13-7b01-40c0-953b-09bafea69630" />
    <UnitTestResult executionId="e8e60a57-700f-4376-81bf-260c5899d75c" testId="d205b5b6-ec71-41b4-0268-845eb78bb24d" testName="SystemDashboard_TestExtensionMethodsReturnsAllServerTypes" computerName="DKSR-EFI-06" duration="00:00:00.0007849" startTime="2024-01-09T15:42:14.1227058+01:00" endTime="2024-01-09T15:42:14.1227058+01:00" testType="13cdc9d9-ddb5-4fa4-a97d-d965ccfc6d4b" outcome="Passed" testListId="8c84fa94-04c1-424b-9868-57a2d4851a1d" relativeResultsDirectory="e8e60a57-700f-4376-81bf-260c5899d75c" />
    <UnitTestResult executionId="f121be86-b4f9-463c-ab0d-6fd194d2fc59" testId="3b06ea4a-1ca1-14f8-3345-6575847cb053" testName="AutoDiscovery_HardwareSetupInfoManager_HardwareSetupInfoSetupResponseReceived_WhenRecorderUnavailable" computerName="DKSR-EFI-06" duration="00:00:00.0021540" startTime="2024-01-09T15:42:18.7320852+01:00" endTime="2024-01-09T15:42:18.7320852+01:00" testType="13cdc9d9-ddb5-4fa4-a97d-d965ccfc6d4b" outcome="Passed" testListId="8c84fa94-04c1-424b-9868-57a2d4851a1d" relativeResultsDirectory="f121be86-b4f9-463c-ab0d-6fd194d2fc59" />
    <UnitTestResult executionId="b1b2180d-2a3b-45d7-9bf4-db8b40e0e828" testId="a1f30fa6-c9a3-b761-1470-5912e445ddb0" testName="MayHaveOldData_Single_None" computerName="DKSR-EFI-06" duration="00:00:00.8523324" startTime="2024-01-09T15:42:07.5914372+01:00" endTime="2024-01-09T15:42:08.4508153+01:00" testType="13cdc9d9-ddb5-4fa4-a97d-d965ccfc6d4b" outcome="Passed" testListId="8c84fa94-04c1-424b-9868-57a2d4851a1d" relativeResultsDirectory="b1b2180d-2a3b-45d7-9bf4-db8b40e0e828" />
    <UnitTestResult executionId="c6f91bb1-b2ab-44b3-85ee-f965fec6641c" testId="f4fe30d8-81ff-91b6-381c-716ded86139d" testName="DirectionFieldOfViewDepthControls_ShouldNotBeVisible_WhenDeviceIsInput" computerName="DKSR-EFI-06" duration="00:00:00.0253006" startTime="2024-01-09T15:42:12.7950914+01:00" endTime="2024-01-09T15:42:12.8258276+01:00" testType="13cdc9d9-ddb5-4fa4-a97d-d965ccfc6d4b" outcome="Passed" testListId="8c84fa94-04c1-424b-9868-57a2d4851a1d" relativeResultsDirectory="c6f91bb1-b2ab-44b3-85ee-f965fec6641c" />
    <UnitTestResult executionId="123fcd61-e593-49ee-a38c-fb91558d0c88" testId="91921f2f-5579-b93c-04e8-b92625907831" testName="Compare_Returns0_OnNullAsTagsAndUnexpectedNames" computerName="DKSR-EFI-06" duration="00:00:00.0001890" startTime="2024-01-09T15:42:04.9820543+01:00" endTime="2024-01-09T15:42:04.9820543+01:00" testType="13cdc9d9-ddb5-4fa4-a97d-d965ccfc6d4b" outcome="Passed" testListId="8c84fa94-04c1-424b-9868-57a2d4851a1d" relativeResultsDirectory="123fcd61-e593-49ee-a38c-fb91558d0c88" />
    <UnitTestResult executionId="39ff1b24-e983-4c64-b6c0-f44a41f5dbb5" testId="3353e4ef-4067-7c75-fb9a-33e1a501dd12" testName="DeviceStreamsPresenter_AcceptControls_TooManyDevices_SetsDevicesNullAndShowsTab" computerName="DKSR-EFI-06" duration="00:00:00.0596758" startTime="2024-01-09T15:42:08.6695668+01:00" endTime="2024-01-09T15:42:08.7320686+01:00" testType="13cdc9d9-ddb5-4fa4-a97d-d965ccfc6d4b" outcome="Passed" testListId="8c84fa94-04c1-424b-9868-57a2d4851a1d" relativeResultsDirectory="39ff1b24-e983-4c64-b6c0-f44a41f5dbb5" />
    <UnitTestResult executionId="e01f46e0-97e7-4961-b369-4c4e8bc71b94" testId="cd00c760-ba4d-a11a-4ba7-33c8001ee884" testName="MayHaveOldData_Multi_Track_Track" computerName="DKSR-EFI-06" duration="00:00:00.0072474" startTime="2024-01-09T15:42:08.5289417+01:00" endTime="2024-01-09T15:42:08.5445656+01:00" testType="13cdc9d9-ddb5-4fa4-a97d-d965ccfc6d4b" outcome="Passed" testListId="8c84fa94-04c1-424b-9868-57a2d4851a1d" relativeResultsDirectory="e01f46e0-97e7-4961-b369-4c4e8bc71b94" />
    <UnitTestResult executionId="d3720997-5134-43b0-9d35-28ac069970b6" testId="c826b01f-e3ec-b1ec-acd4-b7353f03ec0d" testName="DeviceStreamsPresenter_DeviceStreamsPresenterTests_Init_WithAdaptivePlaybackFeatureFlag_AllItemsAddedToRecordToValueList" computerName="DKSR-EFI-06" duration="00:00:00.0284013" startTime="2024-01-09T15:42:08.5758193+01:00" endTime="2024-01-09T15:42:08.6070656+01:00" testType="13cdc9d9-ddb5-4fa4-a97d-d965ccfc6d4b" outcome="Passed" testListId="8c84fa94-04c1-424b-9868-57a2d4851a1d" relativeResultsDirectory="d3720997-5134-43b0-9d35-28ac069970b6" />
    <UnitTestResult executionId="34344d25-a5e9-46e5-b106-2ab2e96a7190" testId="5de9e7c2-cf27-73b7-c670-2d53060c1776" testName="DeviceStreamsPresenter_Activate_NotAllDevicesSupportStreams_AllDisabled" computerName="DKSR-EFI-06" duration="00:00:00.0111739" startTime="2024-01-09T15:42:09.3101933+01:00" endTime="2024-01-09T15:42:09.3101933+01:00" testType="13cdc9d9-ddb5-4fa4-a97d-d965ccfc6d4b" outcome="Passed" testListId="8c84fa94-04c1-424b-9868-57a2d4851a1d" relativeResultsDirectory="34344d25-a5e9-46e5-b106-2ab2e96a7190" />
    <UnitTestResult executionId="2f874979-a8a5-407e-be27-7decf0e84f66" testId="7b07e1c7-c876-da1c-0172-ec61196dc8c0" testName="Compare_Returns0_OnAVsA" computerName="DKSR-EFI-06" duration="00:00:00.0001952" startTime="2024-01-09T15:42:04.9508032+01:00" endTime="2024-01-09T15:42:04.9508032+01:00" testType="13cdc9d9-ddb5-4fa4-a97d-d965ccfc6d4b" outcome="Passed" testListId="8c84fa94-04c1-424b-9868-57a2d4851a1d" relativeResultsDirectory="2f874979-a8a5-407e-be27-7decf0e84f66" />
    <UnitTestResult executionId="b5ab840b-2ff3-4783-b101-1960b309898c" testId="2a54071a-b705-d3bb-11fa-fd12943859ee" testName="GetDailyPatternText_ReturnsEveryWeekday_OnAllWeekdaysPattern" computerName="DKSR-EFI-06" duration="00:00:00.0009043" startTime="2024-01-09T15:42:05.8414305+01:00" endTime="2024-01-09T15:42:05.8414305+01:00" testType="13cdc9d9-ddb5-4fa4-a97d-d965ccfc6d4b" outcome="Passed" testListId="8c84fa94-04c1-424b-9868-57a2d4851a1d" relativeResultsDirectory="b5ab840b-2ff3-4783-b101-1960b309898c" />
    <UnitTestResult executionId="ca28d009-0d05-4156-8d45-70fdb887ef25" testId="7990ea68-3a48-cc6c-6b53-7408abbf3474" testName="AddOptionsDialogProperties_AddsTwoRows_OnMultipleSectionsWithSameKeys" computerName="DKSR-EFI-06" duration="00:00:00.0009717" startTime="2024-01-09T15:42:19.5758352+01:00" endTime="2024-01-09T15:42:19.5758352+01:00" testType="13cdc9d9-ddb5-4fa4-a97d-d965ccfc6d4b" outcome="Passed" testListId="8c84fa94-04c1-424b-9868-57a2d4851a1d" relativeResultsDirectory="ca28d009-0d05-4156-8d45-70fdb887ef25" />
    <UnitTestResult executionId="94b2424a-e6c8-43da-82d6-d15447f50c4a" testId="f9440018-3f05-25c4-2466-c0b847591a22" testName="DeviceStreamsPresenter_ValidateAndSave_MayHaveOldData_NotRecordingToSecondary_NoOldData" computerName="DKSR-EFI-06" duration="00:00:00.1480851" startTime="2024-01-09T15:42:09.5914432+01:00" endTime="2024-01-09T15:42:09.7320692+01:00" testType="13cdc9d9-ddb5-4fa4-a97d-d965ccfc6d4b" outcome="Passed" testListId="8c84fa94-04c1-424b-9868-57a2d4851a1d" relativeResultsDirectory="94b2424a-e6c8-43da-82d6-d15447f50c4a" />
    <UnitTestResult executionId="4937b222-c15d-4b0a-9081-136318341dc7" testId="e2637a74-d2c7-a2d5-ee31-d7217619f4e7" testName="DeviceStreamsPresenter_RefreshData_NotSamenumberOfStreams_ShowsErrorText" computerName="DKSR-EFI-06" duration="00:00:00.0101582" startTime="2024-01-09T15:42:09.4039477+01:00" endTime="2024-01-09T15:42:09.4039477+01:00" testType="13cdc9d9-ddb5-4fa4-a97d-d965ccfc6d4b" outcome="Passed" testListId="8c84fa94-04c1-424b-9868-57a2d4851a1d" relativeResultsDirectory="4937b222-c15d-4b0a-9081-136318341dc7" />
    <UnitTestResult executionId="e5c3b87d-5207-4dcd-82f5-625352534e2c" testId="0bed5dd6-c7fb-8d65-4dba-b1353a0b8d02" testName="DeviceStreamsPresenter_Activate_NotSameStreamCombinations_AllDisabled" computerName="DKSR-EFI-06" duration="00:00:00.0171620" startTime="2024-01-09T15:42:09.3258177+01:00" endTime="2024-01-09T15:42:09.3414460+01:00" testType="13cdc9d9-ddb5-4fa4-a97d-d965ccfc6d4b" outcome="Passed" testListId="8c84fa94-04c1-424b-9868-57a2d4851a1d" relativeResultsDirectory="e5c3b87d-5207-4dcd-82f5-625352534e2c" />
    <UnitTestResult executionId="3b84777c-afb0-4626-aa5c-d2806622313a" testId="f66b097e-1272-7bc4-fa1a-597a4f227afe" testName="DeviceStreamsPresenter_ValidateAndSave_MayHaveOldData_RecordingToSecondary_HasOldData_No" computerName="DKSR-EFI-06" duration="00:00:00.0254366" startTime="2024-01-09T15:42:09.7945681+01:00" endTime="2024-01-09T15:42:09.8101942+01:00" testType="13cdc9d9-ddb5-4fa4-a97d-d965ccfc6d4b" outcome="Passed" testListId="8c84fa94-04c1-424b-9868-57a2d4851a1d" relativeResultsDirectory="3b84777c-afb0-4626-aa5c-d2806622313a" />
    <UnitTestResult executionId="000b29c0-7928-44cf-958f-e56cd8874167" testId="3a8e1017-0d51-ce6c-52e9-8305badaada1" testName="AddpluginProperties_AddsHeading2_OnPluginWithNestedItems" computerName="DKSR-EFI-06" duration="00:00:00.0048060" startTime="2024-01-09T15:42:19.6852255+01:00" endTime="2024-01-09T15:42:19.6852255+01:00" testType="13cdc9d9-ddb5-4fa4-a97d-d965ccfc6d4b" outcome="Passed" testListId="8c84fa94-04c1-424b-9868-57a2d4851a1d" relativeResultsDirectory="000b29c0-7928-44cf-958f-e56cd8874167" />
    <UnitTestResult executionId="61ec98c7-b730-4af1-9c31-6d34af33a2f1" testId="ca945573-50d6-c4af-770e-2f53e1db0531" testName="AutoDiscovery_HardwareSetupInfoManager_HardwareSetupInfoSetupResponseReceived_WhenHardwareUnsupported" computerName="DKSR-EFI-06" duration="00:00:00.0025899" startTime="2024-01-09T15:42:18.7320852+01:00" endTime="2024-01-09T15:42:18.7320852+01:00" testType="13cdc9d9-ddb5-4fa4-a97d-d965ccfc6d4b" outcome="Passed" testListId="8c84fa94-04c1-424b-9868-57a2d4851a1d" relativeResultsDirectory="61ec98c7-b730-4af1-9c31-6d34af33a2f1" />
    <UnitTestResult executionId="723dc4b1-e0cc-4d75-94a6-2fbdf4ea55e1" testId="59feefb7-7ed7-9ff6-28ef-0f38d488e861" testName="GetWeeklyPatternText_ThrowsArgumentNullException_OnNullAsRecurrence" computerName="DKSR-EFI-06" duration="00:00:00.0009648" startTime="2024-01-09T15:42:05.8570560+01:00" endTime="2024-01-09T15:42:05.8570560+01:00" testType="13cdc9d9-ddb5-4fa4-a97d-d965ccfc6d4b" outcome="Passed" testListId="8c84fa94-04c1-424b-9868-57a2d4851a1d" relativeResultsDirectory="723dc4b1-e0cc-4d75-94a6-2fbdf4ea55e1">
      <Output>
        <StdOut>Debug Trace:&#xD;
Fail: Argument is null.</StdOut>
      </Output>
    </UnitTestResult>
    <UnitTestResult executionId="48f90b48-5c66-454c-a6d5-d53290271a40" testId="a6c31964-485a-e928-74c1-038e4111cf4c" testName="SystemDashboard_TestExtensionMethodsReturnsAllCameraGroupings" computerName="DKSR-EFI-06" duration="00:00:00.0002460" startTime="2024-01-09T15:42:14.1227058+01:00" endTime="2024-01-09T15:42:14.1227058+01:00" testType="13cdc9d9-ddb5-4fa4-a97d-d965ccfc6d4b" outcome="Passed" testListId="8c84fa94-04c1-424b-9868-57a2d4851a1d" relativeResultsDirectory="48f90b48-5c66-454c-a6d5-d53290271a40" />
    <UnitTestResult executionId="ad168dd7-dbcc-4e46-b4d9-dcbf56571fcb" testId="9ec4b0d4-9ad8-32ab-1fa2-78b17c347e87" testName="SystemDashboard_TestExtensionMethodsReturnsAllServerGroupings" computerName="DKSR-EFI-06" duration="00:00:00.0002342" startTime="2024-01-09T15:42:14.1539549+01:00" endTime="2024-01-09T15:42:14.1539549+01:00" testType="13cdc9d9-ddb5-4fa4-a97d-d965ccfc6d4b" outcome="Passed" testListId="8c84fa94-04c1-424b-9868-57a2d4851a1d" relativeResultsDirectory="ad168dd7-dbcc-4e46-b4d9-dcbf56571fcb" />
    <UnitTestResult executionId="b6ff8df1-3586-4947-972d-1312078868dd" testId="b451113a-3d92-c47f-b131-c2d284c790cc" testName="AddOptionsDialogProperties_AddsTableToReport_OnExistingPropertiesInSections" computerName="DKSR-EFI-06" duration="00:00:00.0058802" startTime="2024-01-09T15:42:19.5602117+01:00" endTime="2024-01-09T15:42:19.5602117+01:00" testType="13cdc9d9-ddb5-4fa4-a97d-d965ccfc6d4b" outcome="Passed" testListId="8c84fa94-04c1-424b-9868-57a2d4851a1d" relativeResultsDirectory="b6ff8df1-3586-4947-972d-1312078868dd" />
    <UnitTestResult executionId="f829157d-9fc1-4b45-9f65-3eae0e21ff78" testId="d9e3bfdf-cafc-02f3-1aba-0606c2a09b1c" testName="MayHaveOldData_Multi_None_StreamAndTrack" computerName="DKSR-EFI-06" duration="00:00:00.0122229" startTime="2024-01-09T15:42:08.5133140+01:00" endTime="2024-01-09T15:42:08.5289417+01:00" testType="13cdc9d9-ddb5-4fa4-a97d-d965ccfc6d4b" outcome="Passed" testListId="8c84fa94-04c1-424b-9868-57a2d4851a1d" relativeResultsDirectory="f829157d-9fc1-4b45-9f65-3eae0e21ff78" />
    <UnitTestResult executionId="6a16f961-2567-44e2-be6d-3240cb04814f" testId="b451a66e-6907-9f0e-c2b9-29c121d49944" testName="AddAppointmentConfiguration_AddsRecurencePatternToTable_OnAppointmentWithRecurrenceYearly" computerName="DKSR-EFI-06" duration="00:00:00.0035069" startTime="2024-01-09T15:42:05.5914288+01:00" endTime="2024-01-09T15:42:05.5914288+01:00" testType="13cdc9d9-ddb5-4fa4-a97d-d965ccfc6d4b" outcome="Passed" testListId="8c84fa94-04c1-424b-9868-57a2d4851a1d" relativeResultsDirectory="6a16f961-2567-44e2-be6d-3240cb04814f" />
    <UnitTestResult executionId="699a1d4d-5c52-4b2a-9eb9-bb63b6c8072f" testId="02c8a322-7cd5-dff6-349e-70fc3ef9fea3" testName="DevicePositionWithCoordinates_ShouldBeVisible_WhenDeviceIsMicrophone" computerName="DKSR-EFI-06" duration="00:00:00.0290835" startTime="2024-01-09T15:42:12.7477007+01:00" endTime="2024-01-09T15:42:12.7789506+01:00" testType="13cdc9d9-ddb5-4fa4-a97d-d965ccfc6d4b" outcome="Passed" testListId="8c84fa94-04c1-424b-9868-57a2d4851a1d" relativeResultsDirectory="699a1d4d-5c52-4b2a-9eb9-bb63b6c8072f" />
    <UnitTestResult executionId="acebb874-4dce-4fe0-8057-ebd8ef59c72f" testId="77f3f50f-d827-5f5e-a510-cf94da642b48" testName="AddAppointmentConfiguration_CreatesProperSection_OnAllDayAppointment" computerName="DKSR-EFI-06" duration="00:00:00.0013613" startTime="2024-01-09T15:42:05.8570560+01:00" endTime="2024-01-09T15:42:05.8726796+01:00" testType="13cdc9d9-ddb5-4fa4-a97d-d965ccfc6d4b" outcome="Passed" testListId="8c84fa94-04c1-424b-9868-57a2d4851a1d" relativeResultsDirectory="acebb874-4dce-4fe0-8057-ebd8ef59c72f" />
    <UnitTestResult executionId="af753eea-801d-4d58-997e-c45c5f871251" testId="9f158034-f8de-d402-0e7e-1781465a67b8" testName="TestPreviewImageEditor_ResizePreviewImageWithoutPreviewImage" computerName="DKSR-EFI-06" duration="00:00:00.0010727" startTime="2024-01-09T15:42:09.9039435+01:00" endTime="2024-01-09T15:42:09.9039435+01:00" testType="13cdc9d9-ddb5-4fa4-a97d-d965ccfc6d4b" outcome="Passed" testListId="8c84fa94-04c1-424b-9868-57a2d4851a1d" relativeResultsDirectory="af753eea-801d-4d58-997e-c45c5f871251" />
    <UnitTestResult executionId="94ab867d-000c-4980-825f-2ce18b95834d" testId="fe94e50d-5f10-f617-1695-551f3ed53b35" testName="AddOptionsDialogProperties_GetsPropertiesFromOptionsPlugin_OnExistingSections" computerName="DKSR-EFI-06" duration="00:00:00.0036564" startTime="2024-01-09T15:42:19.5445885+01:00" endTime="2024-01-09T15:42:19.5602117+01:00" testType="13cdc9d9-ddb5-4fa4-a97d-d965ccfc6d4b" outcome="Passed" testListId="8c84fa94-04c1-424b-9868-57a2d4851a1d" relativeResultsDirectory="94ab867d-000c-4980-825f-2ce18b95834d" />
    <UnitTestResult executionId="44f0e279-1d8a-49dc-a0ec-49f22de99c6a" testId="fdfab0bf-3e18-0233-5156-85cb86bbcb98" testName="SystemDashboard_TestExtensionMethodsCorrectlyResolvesCategory" computerName="DKSR-EFI-06" duration="00:00:00.0016651" startTime="2024-01-09T15:42:14.1227058+01:00" endTime="2024-01-09T15:42:14.1227058+01:00" testType="13cdc9d9-ddb5-4fa4-a97d-d965ccfc6d4b" outcome="Passed" testListId="8c84fa94-04c1-424b-9868-57a2d4851a1d" relativeResultsDirectory="44f0e279-1d8a-49dc-a0ec-49f22de99c6a" />
    <UnitTestResult executionId="21cadbb5-0cd9-4bd0-ba07-bbbba3322086" testId="d0d9baf6-7db9-959d-2b1c-6f4701c0a77d" testName="AddpluginProperties_AddsTextNoItemsDefinedToReport_OnItemWithNullProperties" computerName="DKSR-EFI-06" duration="00:00:00.0015070" startTime="2024-01-09T15:42:19.7008358+01:00" endTime="2024-01-09T15:42:19.7008358+01:00" testType="13cdc9d9-ddb5-4fa4-a97d-d965ccfc6d4b" outcome="Passed" testListId="8c84fa94-04c1-424b-9868-57a2d4851a1d" relativeResultsDirectory="21cadbb5-0cd9-4bd0-ba07-bbbba3322086" />
    <UnitTestResult executionId="26d0337e-d228-4e7f-93cb-bb8ae14b858c" testId="5b67e5a6-de18-0cc4-3118-000a26175608" testName="DeviceStreamsPresenter_StreamGridCellChange_SelectNewPrimary_SwapsRecordingSettings" computerName="DKSR-EFI-06" duration="00:00:00.0120499" startTime="2024-01-09T15:42:09.4976948+01:00" endTime="2024-01-09T15:42:09.5133181+01:00" testType="13cdc9d9-ddb5-4fa4-a97d-d965ccfc6d4b" outcome="Passed" testListId="8c84fa94-04c1-424b-9868-57a2d4851a1d" relativeResultsDirectory="26d0337e-d228-4e7f-93cb-bb8ae14b858c" />
    <UnitTestResult executionId="67d7cd36-747d-4a9b-b25a-e1ca4f4e7fc0" testId="2c35c50a-a23b-af15-227f-ab717cc0242d" testName="TestOneRemovableNoMotion" computerName="DKSR-EFI-06" duration="00:00:00.0001735" startTime="2024-01-09T15:42:10.0133200+01:00" endTime="2024-01-09T15:42:10.0133200+01:00" testType="13cdc9d9-ddb5-4fa4-a97d-d965ccfc6d4b" outcome="Passed" testListId="8c84fa94-04c1-424b-9868-57a2d4851a1d" relativeResultsDirectory="67d7cd36-747d-4a9b-b25a-e1ca4f4e7fc0" />
    <UnitTestResult executionId="3c58b050-dab5-4edb-9f98-7de20354df40" testId="0b6ba4fa-0368-c614-1c99-ed17355eaa34" testName="Compare_ThrowsArgumentNullException_OnNullAsX" computerName="DKSR-EFI-06" duration="00:00:00.0021870" startTime="2024-01-09T15:42:04.9351758+01:00" endTime="2024-01-09T15:42:04.9351758+01:00" testType="13cdc9d9-ddb5-4fa4-a97d-d965ccfc6d4b" outcome="Passed" testListId="8c84fa94-04c1-424b-9868-57a2d4851a1d" relativeResultsDirectory="3c58b050-dab5-4edb-9f98-7de20354df40" />
    <UnitTestResult executionId="8bbcdd40-4962-4121-bdab-78e9e73867db" testId="0058f803-7ee6-3257-54ef-5fae891b8cf0" testName="DeviceStreamsPresenter_Activate_DevicesSetToNull_AllDisabled" computerName="DKSR-EFI-06" duration="00:00:00.0311641" startTime="2024-01-09T15:42:09.2164462+01:00" endTime="2024-01-09T15:42:09.2476946+01:00" testType="13cdc9d9-ddb5-4fa4-a97d-d965ccfc6d4b" outcome="Passed" testListId="8c84fa94-04c1-424b-9868-57a2d4851a1d" relativeResultsDirectory="8bbcdd40-4962-4121-bdab-78e9e73867db" />
    <UnitTestResult executionId="126575de-dd65-4398-912c-a3eaf67978f5" testId="8ef95593-692e-4744-9e3b-63c07b13acca" testName="DeviceStreamsPresenter_StreamGridCellChange_ChangeprimaryStream_NotAllowed" computerName="DKSR-EFI-06" duration="00:00:00.0247642" startTime="2024-01-09T15:42:09.4195757+01:00" endTime="2024-01-09T15:42:09.4351975+01:00" testType="13cdc9d9-ddb5-4fa4-a97d-d965ccfc6d4b" outcome="Passed" testListId="8c84fa94-04c1-424b-9868-57a2d4851a1d" relativeResultsDirectory="126575de-dd65-4398-912c-a3eaf67978f5" />
    <UnitTestResult executionId="1715ba82-cff6-45c4-a12e-ffb4cd40b258" testId="4a4110f9-105b-7a23-764b-de4d4e22f663" testName="DeviceStreamsPresenter_InitializeStreamGridLayout_FeatureMissing_EdgeStorage_Success" computerName="DKSR-EFI-06" duration="00:00:00.0578708" startTime="2024-01-09T15:42:08.8258173+01:00" endTime="2024-01-09T15:42:08.8883164+01:00" testType="13cdc9d9-ddb5-4fa4-a97d-d965ccfc6d4b" outcome="Passed" testListId="8c84fa94-04c1-424b-9868-57a2d4851a1d" relativeResultsDirectory="1715ba82-cff6-45c4-a12e-ffb4cd40b258" />
    <UnitTestResult executionId="6205ec92-a80f-4378-8fec-edb98bbceaa0" testId="9e0b4438-b56e-0df4-f0e3-4f25eb81fbea" testName="AutoDiscovery_HardwareSetupInfoManager_HardwareSetupInfoSetupResponseReceived_WhenGeneral" computerName="DKSR-EFI-06" duration="00:00:00.0011491" startTime="2024-01-09T15:42:18.7633353+01:00" endTime="2024-01-09T15:42:18.7633353+01:00" testType="13cdc9d9-ddb5-4fa4-a97d-d965ccfc6d4b" outcome="Passed" testListId="8c84fa94-04c1-424b-9868-57a2d4851a1d" relativeResultsDirectory="6205ec92-a80f-4378-8fec-edb98bbceaa0" />
    <UnitTestResult executionId="f26a7b76-7971-47f5-ac76-c7c8265ead07" testId="d87943c2-f834-070b-282c-eacad2ab688c" testName="TestOneRemovableWithMotion" computerName="DKSR-EFI-06" duration="00:00:00.0001597" startTime="2024-01-09T15:42:10.0133200+01:00" endTime="2024-01-09T15:42:10.0133200+01:00" testType="13cdc9d9-ddb5-4fa4-a97d-d965ccfc6d4b" outcome="Passed" testListId="8c84fa94-04c1-424b-9868-57a2d4851a1d" relativeResultsDirectory="f26a7b76-7971-47f5-ac76-c7c8265ead07" />
    <UnitTestResult executionId="5ad82bf4-db7e-48a0-9da3-2af352336084" testId="d714e552-e383-72bf-c7e2-bdff415c312f" testName="AddAppointmentConfiguration_AddsRecurenceRangeStopToTable_OnAppointmentWithRecurrenceWithLimitByDate" computerName="DKSR-EFI-06" duration="00:00:00.0010607" startTime="2024-01-09T15:42:05.6851815+01:00" endTime="2024-01-09T15:42:05.6851815+01:00" testType="13cdc9d9-ddb5-4fa4-a97d-d965ccfc6d4b" outcome="Passed" testListId="8c84fa94-04c1-424b-9868-57a2d4851a1d" relativeResultsDirectory="5ad82bf4-db7e-48a0-9da3-2af352336084" />
    <UnitTestResult executionId="81d19117-ea7b-43b1-9d13-639c98b4bf6e" testId="485a5b3b-c137-6439-9f85-d40bb4be04d1" testName="TestPreviewImageEditor_UpdatePreviewImageWithMaskAndNoGrid" computerName="DKSR-EFI-06" duration="00:00:00.0062974" startTime="2024-01-09T15:42:09.9508189+01:00" endTime="2024-01-09T15:42:09.9508189+01:00" testType="13cdc9d9-ddb5-4fa4-a97d-d965ccfc6d4b" outcome="Passed" testListId="8c84fa94-04c1-424b-9868-57a2d4851a1d" relativeResultsDirectory="81d19117-ea7b-43b1-9d13-639c98b4bf6e" />
    <UnitTestResult executionId="a197ded4-cd09-413a-96d4-1995bcd43ecc" testId="e60dd502-090e-6bc9-80c1-8580ba16b757" testName="AddAppointmentConfiguration_AddsRecurencePatternToTable_OnAppointmentWithRecurrenceWeekly" computerName="DKSR-EFI-06" duration="00:00:00.0003635" startTime="2024-01-09T15:42:05.5758036+01:00" endTime="2024-01-09T15:42:05.5758036+01:00" testType="13cdc9d9-ddb5-4fa4-a97d-d965ccfc6d4b" outcome="Passed" testListId="8c84fa94-04c1-424b-9868-57a2d4851a1d" relativeResultsDirectory="a197ded4-cd09-413a-96d4-1995bcd43ecc" />
    <UnitTestResult executionId="3db0679b-4218-4e0b-b2d9-03994d28190c" testId="443d67b8-e23b-0f13-7f54-4950709f5f25" testName="AddpluginProperties_AddsHeader2_OnPluginWithNestedItems" computerName="DKSR-EFI-06" duration="00:00:00.0014406" startTime="2024-01-09T15:42:19.7164611+01:00" endTime="2024-01-09T15:42:19.7164611+01:00" testType="13cdc9d9-ddb5-4fa4-a97d-d965ccfc6d4b" outcome="Passed" testListId="8c84fa94-04c1-424b-9868-57a2d4851a1d" relativeResultsDirectory="3db0679b-4218-4e0b-b2d9-03994d28190c" />
    <UnitTestResult executionId="4a5ccc85-2433-4a5c-9429-61d6b7348bdd" testId="66ed3156-bf8d-aa92-ed56-2f7b44c38c99" testName="AddOptionsDialogProperties_AddsSectionWithOptionsNameToReport_OnOptionsReturningSections" computerName="DKSR-EFI-06" duration="00:00:00.0084880" startTime="2024-01-09T15:42:19.5289600+01:00" endTime="2024-01-09T15:42:19.5445885+01:00" testType="13cdc9d9-ddb5-4fa4-a97d-d965ccfc6d4b" outcome="Passed" testListId="8c84fa94-04c1-424b-9868-57a2d4851a1d" relativeResultsDirectory="4a5ccc85-2433-4a5c-9429-61d6b7348bdd" />
    <UnitTestResult executionId="ae0131b8-7b17-4ab3-aba2-7c7c1a377aca" testId="514a0ad8-deb8-9870-fd96-a41b49aa3f85" testName="SystemDashboard_TestDataProviderGetCameraGroupsWithChild" computerName="DKSR-EFI-06" duration="00:00:00.0111499" startTime="2024-01-09T15:42:14.1383289+01:00" endTime="2024-01-09T15:42:14.1383289+01:00" testType="13cdc9d9-ddb5-4fa4-a97d-d965ccfc6d4b" outcome="Passed" testListId="8c84fa94-04c1-424b-9868-57a2d4851a1d" relativeResultsDirectory="ae0131b8-7b17-4ab3-aba2-7c7c1a377aca" />
    <UnitTestResult executionId="873b2b57-4d07-4cfa-a6a5-f3dd9c1fcf84" testId="f64b4e1d-0d2d-21cd-0557-43fefafba861" testName="Compare_ReturnsNegative1_OnSelectDeviceVsNone" computerName="DKSR-EFI-06" duration="00:00:00.0020304" startTime="2024-01-09T15:42:04.9664282+01:00" endTime="2024-01-09T15:42:04.9664282+01:00" testType="13cdc9d9-ddb5-4fa4-a97d-d965ccfc6d4b" outcome="Passed" testListId="8c84fa94-04c1-424b-9868-57a2d4851a1d" relativeResultsDirectory="873b2b57-4d07-4cfa-a6a5-f3dd9c1fcf84" />
    <UnitTestResult executionId="5db73d46-6d7d-4f55-a576-d5bd7304c854" testId="177d3627-df9b-2bf0-2355-7c340f69220d" testName="ExecuteReplaceHardware_ThrowsArgumentNullException_OnNullAsLocals" computerName="DKSR-EFI-06" duration="00:00:00.0011340" startTime="2024-01-09T15:42:12.8727023+01:00" endTime="2024-01-09T15:42:12.8727023+01:00" testType="13cdc9d9-ddb5-4fa4-a97d-d965ccfc6d4b" outcome="Passed" testListId="8c84fa94-04c1-424b-9868-57a2d4851a1d" relativeResultsDirectory="5db73d46-6d7d-4f55-a576-d5bd7304c854">
      <Output>
        <StdOut>Debug Trace:&#xD;
Fail: Argument locals is null.</StdOut>
      </Output>
    </UnitTestResult>
    <UnitTestResult executionId="88aaa9f6-41ba-426d-8bfb-15546121516c" testId="14ba3501-276c-588b-c9bf-cc95a4f9486d" testName="Compare_ReturnsNegative1_OnNullAsXTag" computerName="DKSR-EFI-06" duration="00:00:00.0002119" startTime="2024-01-09T15:42:04.9508032+01:00" endTime="2024-01-09T15:42:04.9508032+01:00" testType="13cdc9d9-ddb5-4fa4-a97d-d965ccfc6d4b" outcome="Passed" testListId="8c84fa94-04c1-424b-9868-57a2d4851a1d" relativeResultsDirectory="88aaa9f6-41ba-426d-8bfb-15546121516c" />
    <UnitTestResult executionId="e5506b39-b9ab-4e53-a02a-ca68b760ee5c" testId="78c740ae-56fc-6b0c-39c4-3eff9e7a3742" testName="TestCompositeGrid_ClearAllClearsCells" computerName="DKSR-EFI-06" duration="00:00:00.0006943" startTime="2024-01-09T15:42:14.3883298+01:00" endTime="2024-01-09T15:42:14.3883298+01:00" testType="13cdc9d9-ddb5-4fa4-a97d-d965ccfc6d4b" outcome="Passed" testListId="8c84fa94-04c1-424b-9868-57a2d4851a1d" relativeResultsDirectory="e5506b39-b9ab-4e53-a02a-ca68b760ee5c" />
    <UnitTestResult executionId="2eb1d829-e6d7-478c-87d0-71128b89ecbf" testId="a154d89e-01c3-c51d-81db-c847361f4fc8" testName="AddAppointmentConfiguration_AddsRecurenceRangeStopToTable_OnAppointmentWithRecurrenceWithLimitByNumberOfOccurrences" computerName="DKSR-EFI-06" duration="00:00:00.0007671" startTime="2024-01-09T15:42:05.6851815+01:00" endTime="2024-01-09T15:42:05.6851815+01:00" testType="13cdc9d9-ddb5-4fa4-a97d-d965ccfc6d4b" outcome="Passed" testListId="8c84fa94-04c1-424b-9868-57a2d4851a1d" relativeResultsDirectory="2eb1d829-e6d7-478c-87d0-71128b89ecbf" />
    <UnitTestResult executionId="b9068649-e33a-45a8-8aa4-540f8f310307" testId="78f8ab4a-e141-8916-c5a5-1e06931af0cb" testName="MayHaveOldData_Multi_Track_StreamAndTrack" computerName="DKSR-EFI-06" duration="00:00:00.0123298" startTime="2024-01-09T15:42:08.5445656+01:00" endTime="2024-01-09T15:42:08.5601903+01:00" testType="13cdc9d9-ddb5-4fa4-a97d-d965ccfc6d4b" outcome="Passed" testListId="8c84fa94-04c1-424b-9868-57a2d4851a1d" relativeResultsDirectory="b9068649-e33a-45a8-8aa4-540f8f310307" />
    <UnitTestResult executionId="807383e9-cf96-47e1-a082-1c99e84b18b1" testId="e7bff3a4-3778-0185-da6a-cc55a6beedae" testName="ConfigurationLookupHelperTest_TestSourceProviderGetAllfailoverServers_ResultWithServersOnlyEnabled" computerName="DKSR-EFI-06" duration="00:00:00.0090035" startTime="2024-01-09T15:42:14.3102040+01:00" endTime="2024-01-09T15:42:14.3258304+01:00" testType="13cdc9d9-ddb5-4fa4-a97d-d965ccfc6d4b" outcome="Passed" testListId="8c84fa94-04c1-424b-9868-57a2d4851a1d" relativeResultsDirectory="807383e9-cf96-47e1-a082-1c99e84b18b1" />
    <UnitTestResult executionId="b7d451f5-d005-401f-8a3b-616944bf12ba" testId="b25051d6-3bcd-4a50-34aa-d755cd1b4e2c" testName="AddOptionsDialogProperties_DoesNotChangeReport_OnToolsOptionsDialogPluginReturningNull" computerName="DKSR-EFI-06" duration="00:00:00.0013236" startTime="2024-01-09T15:42:19.5133382+01:00" endTime="2024-01-09T15:42:19.5133382+01:00" testType="13cdc9d9-ddb5-4fa4-a97d-d965ccfc6d4b" outcome="Passed" testListId="8c84fa94-04c1-424b-9868-57a2d4851a1d" relativeResultsDirectory="b7d451f5-d005-401f-8a3b-616944bf12ba" />
    <UnitTestResult executionId="57a0eca9-3e19-44b5-93f8-7d96a7595386" testId="09865393-2685-41de-b0c3-1e0e79b25fa7" testName="AddAppointmentConfiguration_AddsRecurenceDurationToTable_OnAppointmentWithRecurrence" computerName="DKSR-EFI-06" duration="00:00:00.0004399" startTime="2024-01-09T15:42:05.5758036+01:00" endTime="2024-01-09T15:42:05.5758036+01:00" testType="13cdc9d9-ddb5-4fa4-a97d-d965ccfc6d4b" outcome="Passed" testListId="8c84fa94-04c1-424b-9868-57a2d4851a1d" relativeResultsDirectory="57a0eca9-3e19-44b5-93f8-7d96a7595386" />
    <UnitTestResult executionId="2019c319-8e11-4c51-9131-36421ce5c3f8" testId="5fde95c3-7e30-e8c4-e680-fa0ae9e4a267" testName="Compare_ThrowsArgumentNullException_OnNullAsY" computerName="DKSR-EFI-06" duration="00:00:00.0005879" startTime="2024-01-09T15:42:04.9351758+01:00" endTime="2024-01-09T15:42:04.9351758+01:00" testType="13cdc9d9-ddb5-4fa4-a97d-d965ccfc6d4b" outcome="Passed" testListId="8c84fa94-04c1-424b-9868-57a2d4851a1d" relativeResultsDirectory="2019c319-8e11-4c51-9131-36421ce5c3f8" />
    <UnitTestResult executionId="949ae182-74a3-4d95-9ed6-fc772e636455" testId="5c6ca79f-4c79-7428-457c-4d969b38020c" testName="AddOptionsDialogPlugin_ThrowsArgumentNullException_OnNullAsReport" computerName="DKSR-EFI-06" duration="00:00:00.2386171" startTime="2024-01-09T15:42:19.2789604+01:00" endTime="2024-01-09T15:42:19.5133382+01:00" testType="13cdc9d9-ddb5-4fa4-a97d-d965ccfc6d4b" outcome="Passed" testListId="8c84fa94-04c1-424b-9868-57a2d4851a1d" relativeResultsDirectory="949ae182-74a3-4d95-9ed6-fc772e636455" />
    <UnitTestResult executionId="99c8d600-2a4a-422e-b378-99902ca05258" testId="133ee20b-c8c5-ff53-28c7-1a6b45e07fb6" testName="AddAppointmentConfiguration_ThrowsArgumentNullException_OnNullAsAppointment" computerName="DKSR-EFI-06" duration="00:00:00.0055232" startTime="2024-01-09T15:42:05.8726796+01:00" endTime="2024-01-09T15:42:05.8726796+01:00" testType="13cdc9d9-ddb5-4fa4-a97d-d965ccfc6d4b" outcome="Passed" testListId="8c84fa94-04c1-424b-9868-57a2d4851a1d" relativeResultsDirectory="99c8d600-2a4a-422e-b378-99902ca05258">
      <Output>
        <StdOut>Debug Trace:&#xD;
Fail: Argument is null.</StdOut>
      </Output>
    </UnitTestResult>
    <UnitTestResult executionId="22c41eef-d87e-4544-b6b2-9e0a201a41a4" testId="d97b1898-351b-38c7-fcb4-9c796f3cafb2" testName="ApplyCellStyleToEditingControl_ThrowsArgumentNullException_OnNullAsDataGridViewCellStyle" computerName="DKSR-EFI-06" duration="00:00:00.0028507" startTime="2024-01-09T15:42:14.2945805+01:00" endTime="2024-01-09T15:42:14.2945805+01:00" testType="13cdc9d9-ddb5-4fa4-a97d-d965ccfc6d4b" outcome="Passed" testListId="8c84fa94-04c1-424b-9868-57a2d4851a1d" relativeResultsDirectory="22c41eef-d87e-4544-b6b2-9e0a201a41a4" />
    <UnitTestResult executionId="f55f1194-9361-4230-9174-f271742ccd5a" testId="1f6c3780-0b46-10b6-5aa8-308026cf9edc" testName="TestPreviewImageEditor_ResizeGridWithDifferentSizePreviewImage" computerName="DKSR-EFI-06" duration="00:00:00.0015454" startTime="2024-01-09T15:42:09.9664473+01:00" endTime="2024-01-09T15:42:09.9664473+01:00" testType="13cdc9d9-ddb5-4fa4-a97d-d965ccfc6d4b" outcome="Passed" testListId="8c84fa94-04c1-424b-9868-57a2d4851a1d" relativeResultsDirectory="f55f1194-9361-4230-9174-f271742ccd5a" />
    <UnitTestResult executionId="dc15f762-92a5-4e80-9aba-ebb66f735f08" testId="80e5731c-d5fc-e94f-306e-58f2a404c823" testName="TestPreviewImageEditor_ClearPenOverlayWithoutHavingAPenOverlay" computerName="DKSR-EFI-06" duration="00:00:00.0005711" startTime="2024-01-09T15:42:09.9820707+01:00" endTime="2024-01-09T15:42:09.9820707+01:00" testType="13cdc9d9-ddb5-4fa4-a97d-d965ccfc6d4b" outcome="Passed" testListId="8c84fa94-04c1-424b-9868-57a2d4851a1d" relativeResultsDirectory="dc15f762-92a5-4e80-9aba-ebb66f735f08" />
    <UnitTestResult executionId="efda7c53-d742-408a-b575-e5659e709d0f" testId="d6b1f0a3-8492-3235-db6f-76c7ca864e4b" testName="AddAppointmentConfiguration_DoesNotChangeTable_OnAppointmentWithVariance" computerName="DKSR-EFI-06" duration="00:00:00.0009645" startTime="2024-01-09T15:42:05.8570560+01:00" endTime="2024-01-09T15:42:05.8570560+01:00" testType="13cdc9d9-ddb5-4fa4-a97d-d965ccfc6d4b" outcome="Passed" testListId="8c84fa94-04c1-424b-9868-57a2d4851a1d" relativeResultsDirectory="efda7c53-d742-408a-b575-e5659e709d0f" />
    <UnitTestResult executionId="dcb544ed-4cbe-4f95-9011-9ccf18af5c01" testId="e1de146d-0315-4d50-2d29-c81b4f938225" testName="AutoDiscovery_HardwareSetupInfoManager_ProcessTasksResults_Success_Default" computerName="DKSR-EFI-06" duration="00:00:00.0217583" startTime="2024-01-09T15:42:18.6852102+01:00" endTime="2024-01-09T15:42:18.7008353+01:00" testType="13cdc9d9-ddb5-4fa4-a97d-d965ccfc6d4b" outcome="Passed" testListId="8c84fa94-04c1-424b-9868-57a2d4851a1d" relativeResultsDirectory="dcb544ed-4cbe-4f95-9011-9ccf18af5c01" />
    <UnitTestResult executionId="c5e52b1d-edea-4d88-a29e-7834e9268b16" testId="7fdd4702-2384-7b12-4515-ceca6e498b2b" testName="PlatformTree_GetPropertyDisableState_IsDisabledWithTrue" computerName="DKSR-EFI-06" duration="00:00:00.0002218" startTime="2024-01-09T15:42:19.9664604+01:00" endTime="2024-01-09T15:42:19.9664604+01:00" testType="13cdc9d9-ddb5-4fa4-a97d-d965ccfc6d4b" outcome="Passed" testListId="8c84fa94-04c1-424b-9868-57a2d4851a1d" relativeResultsDirectory="c5e52b1d-edea-4d88-a29e-7834e9268b16" />
    <UnitTestResult executionId="71b63492-e8fe-4500-ab5e-c1449fdc6062" testId="12d5671b-1d95-5f19-2343-7d0d9f6e0359" testName="DevicePositionWithCoordinates_ShouldBeVisible_WhenDeviceIsInput" computerName="DKSR-EFI-06" duration="00:00:00.0334168" startTime="2024-01-09T15:42:12.7164523+01:00" endTime="2024-01-09T15:42:12.7477007+01:00" testType="13cdc9d9-ddb5-4fa4-a97d-d965ccfc6d4b" outcome="Passed" testListId="8c84fa94-04c1-424b-9868-57a2d4851a1d" relativeResultsDirectory="71b63492-e8fe-4500-ab5e-c1449fdc6062" />
    <UnitTestResult executionId="57330a4c-0109-4c8d-a7ed-b14ca0e78162" testId="8b267344-1f62-9889-3188-a6f2b5e607b7" testName="ServerPickerXmlConverter_ConvertFromXml_Success" computerName="DKSR-EFI-06" duration="00:00:00.0054021" startTime="2024-01-09T15:42:20.0289609+01:00" endTime="2024-01-09T15:42:20.0445855+01:00" testType="13cdc9d9-ddb5-4fa4-a97d-d965ccfc6d4b" outcome="Passed" testListId="8c84fa94-04c1-424b-9868-57a2d4851a1d" relativeResultsDirectory="57330a4c-0109-4c8d-a7ed-b14ca0e78162" />
    <UnitTestResult executionId="150c1de5-6c44-4393-823d-64c7136f4a54" testId="e96adb18-02dd-6406-900d-53269c403156" testName="MayHaveOldData_Single_StreamAndTrack" computerName="DKSR-EFI-06" duration="00:00:00.0211267" startTime="2024-01-09T15:42:08.4508153+01:00" endTime="2024-01-09T15:42:08.4664426+01:00" testType="13cdc9d9-ddb5-4fa4-a97d-d965ccfc6d4b" outcome="Passed" testListId="8c84fa94-04c1-424b-9868-57a2d4851a1d" relativeResultsDirectory="150c1de5-6c44-4393-823d-64c7136f4a54" />
    <UnitTestResult executionId="dc48e3a2-de7e-4e5b-8e13-72e74cf96d07" testId="34021b18-ba6c-db12-002b-2d5c139a7d84" testName="TestPreviewImageEditor_CreatePenImageWithPreviewImageWithGrid" computerName="DKSR-EFI-06" duration="00:00:00.0013372" startTime="2024-01-09T15:42:09.9820707+01:00" endTime="2024-01-09T15:42:09.9820707+01:00" testType="13cdc9d9-ddb5-4fa4-a97d-d965ccfc6d4b" outcome="Passed" testListId="8c84fa94-04c1-424b-9868-57a2d4851a1d" relativeResultsDirectory="dc48e3a2-de7e-4e5b-8e13-72e74cf96d07" />
    <UnitTestResult executionId="349dd2a9-d2fc-4701-9d2c-daae69ccfbcf" testId="595bf762-4f20-f45f-ee3e-614e3940d1fc" testName="AutoDiscovery_HardwareSetupInfoManager_HardwareSetupInfoSetupResponseReceived_WhenRecorderNotSupported" computerName="DKSR-EFI-06" duration="00:00:00.0016995" startTime="2024-01-09T15:42:18.7320852+01:00" endTime="2024-01-09T15:42:18.7477111+01:00" testType="13cdc9d9-ddb5-4fa4-a97d-d965ccfc6d4b" outcome="Passed" testListId="8c84fa94-04c1-424b-9868-57a2d4851a1d" relativeResultsDirectory="349dd2a9-d2fc-4701-9d2c-daae69ccfbcf" />
    <UnitTestResult executionId="caecfcc8-d86e-44b9-8e3d-d436777e366d" testId="c3bcac8f-bb02-bb3d-6d2e-754b50d6d0dd" testName="MatchDevices_MultipleCameraReplace_ShouldGetTheCorrectMappingBack" computerName="DKSR-EFI-06" duration="00:00:00.0004452" startTime="2024-01-09T15:42:14.3414547+01:00" endTime="2024-01-09T15:42:14.3414547+01:00" testType="13cdc9d9-ddb5-4fa4-a97d-d965ccfc6d4b" outcome="Passed" testListId="8c84fa94-04c1-424b-9868-57a2d4851a1d" relativeResultsDirectory="caecfcc8-d86e-44b9-8e3d-d436777e366d" />
    <UnitTestResult executionId="a61a01c9-2c5a-42a5-947e-f9d8e0816ad4" testId="997e4eb9-4728-01ff-76d8-787842115312" testName="TestPreviewImageEditor_CreateGridOverwritesPreviousGrid" computerName="DKSR-EFI-06" duration="00:00:00.0015396" startTime="2024-01-09T15:42:09.9508189+01:00" endTime="2024-01-09T15:42:09.9508189+01:00" testType="13cdc9d9-ddb5-4fa4-a97d-d965ccfc6d4b" outcome="Passed" testListId="8c84fa94-04c1-424b-9868-57a2d4851a1d" relativeResultsDirectory="a61a01c9-2c5a-42a5-947e-f9d8e0816ad4" />
    <UnitTestResult executionId="1749a170-0d22-47ff-a3ba-0b4d8c7506ce" testId="d7928b7c-0303-69b6-8652-b6f02f92daa1" testName="Systemdashboard_ConfigurationProviderGetServerTiles" computerName="DKSR-EFI-06" duration="00:00:00.0356739" startTime="2024-01-09T15:42:14.0602029+01:00" endTime="2024-01-09T15:42:14.0914533+01:00" testType="13cdc9d9-ddb5-4fa4-a97d-d965ccfc6d4b" outcome="Passed" testListId="8c84fa94-04c1-424b-9868-57a2d4851a1d" relativeResultsDirectory="1749a170-0d22-47ff-a3ba-0b4d8c7506ce" />
    <UnitTestResult executionId="9081f529-f220-4916-8427-2c87255119e2" testId="609020b8-93d4-48eb-f83d-82e6dd75431d" testName="MatchDevices_OldDeviceIsNotSameType_ShouldNotDoAMapping" computerName="DKSR-EFI-06" duration="00:00:00.0003368" startTime="2024-01-09T15:42:14.3414547+01:00" endTime="2024-01-09T15:42:14.3414547+01:00" testType="13cdc9d9-ddb5-4fa4-a97d-d965ccfc6d4b" outcome="Passed" testListId="8c84fa94-04c1-424b-9868-57a2d4851a1d" relativeResultsDirectory="9081f529-f220-4916-8427-2c87255119e2" />
    <UnitTestResult executionId="9379f6ed-67ef-4de3-a9c0-596adc36e2a7" testId="6ff0101c-097f-b373-25ef-4c9e69478d15" testName="DeviceStreamsPresenter_AddStream_Success" computerName="DKSR-EFI-06" duration="00:00:00.0386421" startTime="2024-01-09T15:42:09.5445926+01:00" endTime="2024-01-09T15:42:09.5914432+01:00" testType="13cdc9d9-ddb5-4fa4-a97d-d965ccfc6d4b" outcome="Passed" testListId="8c84fa94-04c1-424b-9868-57a2d4851a1d" relativeResultsDirectory="9379f6ed-67ef-4de3-a9c0-596adc36e2a7" />
    <UnitTestResult executionId="ffcd9f47-8d50-414a-9cdf-2a62de8009f0" testId="dc4a964a-8aea-3cf4-92b2-b3bdaf29744b" testName="DeviceStreamsPresenter_ValidateAndSave_Success" computerName="DKSR-EFI-06" duration="00:00:00.0256288" startTime="2024-01-09T15:42:09.8258225+01:00" endTime="2024-01-09T15:42:09.8570716+01:00" testType="13cdc9d9-ddb5-4fa4-a97d-d965ccfc6d4b" outcome="Passed" testListId="8c84fa94-04c1-424b-9868-57a2d4851a1d" relativeResultsDirectory="ffcd9f47-8d50-414a-9cdf-2a62de8009f0" />
    <UnitTestResult executionId="75afdde6-3c8c-4384-9ab8-3c2b3a376341" testId="da7c98aa-1ebe-36e9-d686-cfd1c29f699f" testName="AddOptionsDialogPlugin_ThrowsArgumentNullException_OnNullAsOptionsPlugin" computerName="DKSR-EFI-06" duration="00:00:00.4970670" startTime="2024-01-09T15:42:18.7633353+01:00" endTime="2024-01-09T15:42:19.2633348+01:00" testType="13cdc9d9-ddb5-4fa4-a97d-d965ccfc6d4b" outcome="Passed" testListId="8c84fa94-04c1-424b-9868-57a2d4851a1d" relativeResultsDirectory="75afdde6-3c8c-4384-9ab8-3c2b3a376341" />
    <UnitTestResult executionId="564414e6-acaa-4f5a-a1ef-5f454e3f7d58" testId="14b38e06-29e8-d5e7-7956-37acde06019e" testName="SystemDashboard_TestSourceProviderGetAllfailoverServers_ResultWithServersWithDuplicates" computerName="DKSR-EFI-06" duration="00:00:00.0010062" startTime="2024-01-09T15:42:14.3258304+01:00" endTime="2024-01-09T15:42:14.3258304+01:00" testType="13cdc9d9-ddb5-4fa4-a97d-d965ccfc6d4b" outcome="Passed" testListId="8c84fa94-04c1-424b-9868-57a2d4851a1d" relativeResultsDirectory="564414e6-acaa-4f5a-a1ef-5f454e3f7d58" />
    <UnitTestResult executionId="e3a63424-5a96-40c4-9caa-6b899ee54fd6" testId="e4add18a-55af-d630-149f-d01b50eb176b" testName="TestOneRemovableAndOnePermanent" computerName="DKSR-EFI-06" duration="00:00:00.0001699" startTime="2024-01-09T15:42:10.0133200+01:00" endTime="2024-01-09T15:42:10.0133200+01:00" testType="13cdc9d9-ddb5-4fa4-a97d-d965ccfc6d4b" outcome="Passed" testListId="8c84fa94-04c1-424b-9868-57a2d4851a1d" relativeResultsDirectory="e3a63424-5a96-40c4-9caa-6b899ee54fd6" />
    <UnitTestResult executionId="0cdbdb5e-188b-4a06-9fb2-485a1684f47d" testId="eac9c4da-8035-175d-2282-ea21532e2ba0" testName="AutoDiscovery_HardwareSetupInfoManager_HardwareSetupInfoSetupResponseReceived_WhenSetupError" computerName="DKSR-EFI-06" duration="00:00:00.0022493" startTime="2024-01-09T15:42:18.7320852+01:00" endTime="2024-01-09T15:42:18.7320852+01:00" testType="13cdc9d9-ddb5-4fa4-a97d-d965ccfc6d4b" outcome="Passed" testListId="8c84fa94-04c1-424b-9868-57a2d4851a1d" relativeResultsDirectory="0cdbdb5e-188b-4a06-9fb2-485a1684f47d" />
    <UnitTestResult executionId="85e714ce-b184-4759-b3a7-56e222ce2056" testId="bd56244a-4df2-568c-9200-398d9e2a3308" testName="GetDailyPatternText_ReturnsEveryXDays_OnPattern" computerName="DKSR-EFI-06" duration="00:00:00.0002606" startTime="2024-01-09T15:42:05.8570560+01:00" endTime="2024-01-09T15:42:05.8570560+01:00" testType="13cdc9d9-ddb5-4fa4-a97d-d965ccfc6d4b" outcome="Passed" testListId="8c84fa94-04c1-424b-9868-57a2d4851a1d" relativeResultsDirectory="85e714ce-b184-4759-b3a7-56e222ce2056" />
    <UnitTestResult executionId="a0df6734-9303-4f36-b365-452be25c7909" testId="31386553-c8b5-4c61-cfd2-0a7434f2e8d1" testName="AddAppointmentConfiguration_AddsRecurenceRangeStopToTable_OnAppointmentWithRecurrenceWithNoLimit" computerName="DKSR-EFI-06" duration="00:00:00.0004666" startTime="2024-01-09T15:42:05.6851815+01:00" endTime="2024-01-09T15:42:05.6851815+01:00" testType="13cdc9d9-ddb5-4fa4-a97d-d965ccfc6d4b" outcome="Passed" testListId="8c84fa94-04c1-424b-9868-57a2d4851a1d" relativeResultsDirectory="a0df6734-9303-4f36-b365-452be25c7909" />
    <UnitTestResult executionId="18aa592b-ab38-4055-9134-d71d85a771e7" testId="1efa6998-b9f4-c890-919c-1266e785772c" testName="AddAppointmentConfiguration_ThrowsArgumentNullException_OnNullAsTable" computerName="DKSR-EFI-06" duration="00:00:00.0010090" startTime="2024-01-09T15:42:05.8726796+01:00" endTime="2024-01-09T15:42:05.8726796+01:00" testType="13cdc9d9-ddb5-4fa4-a97d-d965ccfc6d4b" outcome="Passed" testListId="8c84fa94-04c1-424b-9868-57a2d4851a1d" relativeResultsDirectory="18aa592b-ab38-4055-9134-d71d85a771e7">
      <Output>
        <StdOut>Debug Trace:&#xD;
Fail: Argument is null.</StdOut>
      </Output>
    </UnitTestResult>
    <UnitTestResult executionId="7d2a4ef6-5ab1-4fc4-bff3-3fd5e295ba8d" testId="ffc37fdc-62b4-d63c-0d9c-2b83861cd6c5" testName="DeviceStreamsPresenter_Init_WithoutAdaptivePlaybackFeatureFlag_PrimaryAndNoneItemsAddedToRecordToValueList" computerName="DKSR-EFI-06" duration="00:00:00.0148572" startTime="2024-01-09T15:42:08.6070656+01:00" endTime="2024-01-09T15:42:08.6226921+01:00" testType="13cdc9d9-ddb5-4fa4-a97d-d965ccfc6d4b" outcome="Passed" testListId="8c84fa94-04c1-424b-9868-57a2d4851a1d" relativeResultsDirectory="7d2a4ef6-5ab1-4fc4-bff3-3fd5e295ba8d" />
    <UnitTestResult executionId="30bbec7f-6aac-4092-be0e-e2f63e7d235a" testId="88b6b6f5-1948-7766-0826-2aefcab9d158" testName="AddAppointmentConfiguration_AddsRecurencePatternToTable_OnAppointmentWithRecurrenceDaily" computerName="DKSR-EFI-06" duration="00:00:00.0056962" startTime="2024-01-09T15:42:05.5758036+01:00" endTime="2024-01-09T15:42:05.5758036+01:00" testType="13cdc9d9-ddb5-4fa4-a97d-d965ccfc6d4b" outcome="Passed" testListId="8c84fa94-04c1-424b-9868-57a2d4851a1d" relativeResultsDirectory="30bbec7f-6aac-4092-be0e-e2f63e7d235a" />
    <UnitTestResult executionId="ff2105c1-128c-4e76-96be-a8b69917e922" testId="ad2eced8-c5b4-046f-24ae-008dc9a23201" testName="Compare_Returns1_OnBVsA" computerName="DKSR-EFI-06" duration="00:00:00.0002152" startTime="2024-01-09T15:42:04.9508032+01:00" endTime="2024-01-09T15:42:04.9508032+01:00" testType="13cdc9d9-ddb5-4fa4-a97d-d965ccfc6d4b" outcome="Passed" testListId="8c84fa94-04c1-424b-9868-57a2d4851a1d" relativeResultsDirectory="ff2105c1-128c-4e76-96be-a8b69917e922" />
    <UnitTestResult executionId="de8ee8e5-cd81-4400-a81d-260d3596fb14" testId="ac3e0731-6373-c543-ed7c-0c7470f823a1" testName="ValidateSelectionExists_ReturnsTrue_Always" computerName="DKSR-EFI-06" duration="00:00:00.0002231" startTime="2024-01-09T15:42:20.0289609+01:00" endTime="2024-01-09T15:42:20.0289609+01:00" testType="13cdc9d9-ddb5-4fa4-a97d-d965ccfc6d4b" outcome="Passed" testListId="8c84fa94-04c1-424b-9868-57a2d4851a1d" relativeResultsDirectory="de8ee8e5-cd81-4400-a81d-260d3596fb14" />
    <UnitTestResult executionId="4f5d976b-2312-42d1-9789-54a9ff6a2377" testId="7b16ddbc-47bb-b448-722e-c63c4914fa66" testName="Compare_Returns1_OnNullAsYTag" computerName="DKSR-EFI-06" duration="00:00:00.0001888" startTime="2024-01-09T15:42:04.9508032+01:00" endTime="2024-01-09T15:42:04.9508032+01:00" testType="13cdc9d9-ddb5-4fa4-a97d-d965ccfc6d4b" outcome="Passed" testListId="8c84fa94-04c1-424b-9868-57a2d4851a1d" relativeResultsDirectory="4f5d976b-2312-42d1-9789-54a9ff6a2377" />
    <UnitTestResult executionId="d0ab490f-8f71-4047-840f-5963befa4100" testId="12589cad-d78c-ddf3-e49f-67ef09d53045" testName="TestOnePermanentNoMotion" computerName="DKSR-EFI-06" duration="00:00:00.0029448" startTime="2024-01-09T15:42:09.9976951+01:00" endTime="2024-01-09T15:42:09.9976951+01:00" testType="13cdc9d9-ddb5-4fa4-a97d-d965ccfc6d4b" outcome="Passed" testListId="8c84fa94-04c1-424b-9868-57a2d4851a1d" relativeResultsDirectory="d0ab490f-8f71-4047-840f-5963befa4100" />
    <UnitTestResult executionId="30645d50-ffa4-4120-ae28-8a7674ec81c6" testId="9f3f81a0-56f3-5453-9f09-600ca79ac433" testName="AutoDiscovery_HardwareSetupInfoManager_ProcessFailedTaskResults_Mixed" computerName="DKSR-EFI-06" duration="00:00:03.7014347" startTime="2024-01-09T15:42:14.9664560+01:00" endTime="2024-01-09T15:42:18.6695837+01:00" testType="13cdc9d9-ddb5-4fa4-a97d-d965ccfc6d4b" outcome="Passed" testListId="8c84fa94-04c1-424b-9868-57a2d4851a1d" relativeResultsDirectory="30645d50-ffa4-4120-ae28-8a7674ec81c6" />
    <UnitTestResult executionId="9c109d7c-4cda-435e-a3cf-171dcd5f0fcf" testId="56af3ff4-df9a-1400-5c85-ca0175f3d2f2" testName="SystemDashboard_TestExtensionMethodsCorrectlyResolvesCategory" computerName="DKSR-EFI-06" duration="00:00:00.0007108" startTime="2024-01-09T15:42:14.1539549+01:00" endTime="2024-01-09T15:42:14.1539549+01:00" testType="13cdc9d9-ddb5-4fa4-a97d-d965ccfc6d4b" outcome="Passed" testListId="8c84fa94-04c1-424b-9868-57a2d4851a1d" relativeResultsDirectory="9c109d7c-4cda-435e-a3cf-171dcd5f0fcf" />
    <UnitTestResult executionId="f752b5d5-bc02-47fa-8668-70907e2437dc" testId="816db9f9-3df5-e262-9b7e-249748721d30" testName="SystemDashboard_TestConfigTypeExtensionMethodsReturnCorrectCollection" computerName="DKSR-EFI-06" duration="00:00:00.0139276" startTime="2024-01-09T15:42:14.1070793+01:00" endTime="2024-01-09T15:42:14.1227058+01:00" testType="13cdc9d9-ddb5-4fa4-a97d-d965ccfc6d4b" outcome="Passed" testListId="8c84fa94-04c1-424b-9868-57a2d4851a1d" relativeResultsDirectory="f752b5d5-bc02-47fa-8668-70907e2437dc" />
    <UnitTestResult executionId="dca040e0-c941-4e83-bcbd-980c3bef5a6a" testId="02412441-f508-cc91-7f3f-04251c5aaa0a" testName="AutoDiscovery_HardwareSetupInfoManager_HardwareSetupInfoSetupResponseReceived_WhenTimeout" computerName="DKSR-EFI-06" duration="00:00:00.0013053" startTime="2024-01-09T15:42:18.7477111+01:00" endTime="2024-01-09T15:42:18.7477111+01:00" testType="13cdc9d9-ddb5-4fa4-a97d-d965ccfc6d4b" outcome="Passed" testListId="8c84fa94-04c1-424b-9868-57a2d4851a1d" relativeResultsDirectory="dca040e0-c941-4e83-bcbd-980c3bef5a6a" />
    <UnitTestResult executionId="db655395-8a97-4de9-ac61-785c01cc0e55" testId="24aca85a-ff16-31ac-5ddb-21acea6b05b5" testName="DeviceStreamsPresenter_AcceptControls_Success" computerName="DKSR-EFI-06" duration="00:00:00.0459310" startTime="2024-01-09T15:42:08.6226921+01:00" endTime="2024-01-09T15:42:08.6695668+01:00" testType="13cdc9d9-ddb5-4fa4-a97d-d965ccfc6d4b" outcome="Passed" testListId="8c84fa94-04c1-424b-9868-57a2d4851a1d" relativeResultsDirectory="db655395-8a97-4de9-ac61-785c01cc0e55" />
    <UnitTestResult executionId="06ae5163-a80a-4a21-a662-6a7dfacb882b" testId="e2bdb57c-0bc2-b757-029c-eb5f73777daf" testName="TestPreviewImageEditor_CreatePenOverlayWithoutPreviewImage" computerName="DKSR-EFI-06" duration="00:00:00.0015549" startTime="2024-01-09T15:42:09.9039435+01:00" endTime="2024-01-09T15:42:09.9195680+01:00" testType="13cdc9d9-ddb5-4fa4-a97d-d965ccfc6d4b" outcome="Passed" testListId="8c84fa94-04c1-424b-9868-57a2d4851a1d" relativeResultsDirectory="06ae5163-a80a-4a21-a662-6a7dfacb882b" />
    <UnitTestResult executionId="d14f0496-c817-4988-a3be-667a53621ded" testId="dc2d1873-40af-1880-a3e9-cd70e47c3b9b" testName="TestPreviewImageEditor_UpdatePreviewImageWithoutGridOverlay" computerName="DKSR-EFI-06" duration="00:00:00.0095535" startTime="2024-01-09T15:42:09.9195680+01:00" endTime="2024-01-09T15:42:09.9195680+01:00" testType="13cdc9d9-ddb5-4fa4-a97d-d965ccfc6d4b" outcome="Passed" testListId="8c84fa94-04c1-424b-9868-57a2d4851a1d" relativeResultsDirectory="d14f0496-c817-4988-a3be-667a53621ded" />
    <UnitTestResult executionId="93f88d49-8e00-4ac0-a809-7aa87a11833f" testId="00d2f1d3-46d8-9209-35b6-4972a34aca8b" testName="AddpluginProperties_AddsHeading_OnPluginWithOneItemNode" computerName="DKSR-EFI-06" duration="00:00:00.0081498" startTime="2024-01-09T15:42:19.6539617+01:00" endTime="2024-01-09T15:42:19.6696042+01:00" testType="13cdc9d9-ddb5-4fa4-a97d-d965ccfc6d4b" outcome="Passed" testListId="8c84fa94-04c1-424b-9868-57a2d4851a1d" relativeResultsDirectory="93f88d49-8e00-4ac0-a809-7aa87a11833f" />
    <UnitTestResult executionId="6350d037-cbf9-417b-90f0-f96c934c2fef" testId="4d6504e7-4cec-f28a-1c3a-cefa756f93bf" testName="DeviceStreamsPresenter_Activate_SimilarStreams_Success" computerName="DKSR-EFI-06" duration="00:00:00.1170652" startTime="2024-01-09T15:42:09.0758186+01:00" endTime="2024-01-09T15:42:09.2008195+01:00" testType="13cdc9d9-ddb5-4fa4-a97d-d965ccfc6d4b" outcome="Passed" testListId="8c84fa94-04c1-424b-9868-57a2d4851a1d" relativeResultsDirectory="6350d037-cbf9-417b-90f0-f96c934c2fef" />
    <UnitTestResult executionId="46bb1bdf-2041-4065-abb2-05246c23282d" testId="334f1489-c2f9-bc48-0959-9df7a5f60a9c" testName="ClientBasicUserCollection_ValidateBasicUser_NameTooLong" computerName="DKSR-EFI-06" duration="00:00:00.0001687" startTime="2024-01-09T15:42:05.0133051+01:00" endTime="2024-01-09T15:42:05.0133051+01:00" testType="13cdc9d9-ddb5-4fa4-a97d-d965ccfc6d4b" outcome="Passed" testListId="8c84fa94-04c1-424b-9868-57a2d4851a1d" relativeResultsDirectory="46bb1bdf-2041-4065-abb2-05246c23282d" />
    <UnitTestResult executionId="c53e378b-bc55-4e2b-870d-e0072448f8e6" testId="1c9aef6c-248a-4757-8721-f1bedbbcdc0f" testName="TestTwoPermanent" computerName="DKSR-EFI-06" duration="00:00:00.0005772" startTime="2024-01-09T15:42:10.0133200+01:00" endTime="2024-01-09T15:42:10.0133200+01:00" testType="13cdc9d9-ddb5-4fa4-a97d-d965ccfc6d4b" outcome="Passed" testListId="8c84fa94-04c1-424b-9868-57a2d4851a1d" relativeResultsDirectory="c53e378b-bc55-4e2b-870d-e0072448f8e6" />
    <UnitTestResult executionId="88d39e2c-ccca-4e1e-9dc8-a5d46c4531f7" testId="c9d0430e-4ae6-2282-ef9f-12706c632bd8" testName="PlatformTree_SetState_ToWarningAsError" computerName="DKSR-EFI-06" duration="00:00:00.0002045" startTime="2024-01-09T15:42:19.9977114+01:00" endTime="2024-01-09T15:42:19.9977114+01:00" testType="13cdc9d9-ddb5-4fa4-a97d-d965ccfc6d4b" outcome="Passed" testListId="8c84fa94-04c1-424b-9868-57a2d4851a1d" relativeResultsDirectory="88d39e2c-ccca-4e1e-9dc8-a5d46c4531f7" />
    <UnitTestResult executionId="f7993e02-8910-4f9e-90d8-3f920085f841" testId="bddf2e55-2ff0-2d11-b640-20a93e13ac96" testName="DeviceStreamsPresenter_InitializeStreamGridLayout_AllFeatureFlags_Success" computerName="DKSR-EFI-06" duration="00:00:00.0968419" startTime="2024-01-09T15:42:08.7320686+01:00" endTime="2024-01-09T15:42:08.8258173+01:00" testType="13cdc9d9-ddb5-4fa4-a97d-d965ccfc6d4b" outcome="Passed" testListId="8c84fa94-04c1-424b-9868-57a2d4851a1d" relativeResultsDirectory="f7993e02-8910-4f9e-90d8-3f920085f841" />
    <UnitTestResult executionId="9df4f52c-b18b-46d5-941d-bb3645b67a72" testId="1aa147f2-e102-9aaa-e9f8-44c7e878bb61" testName="ClientBasicUserCollection_ValidateBasicUser_PasswordEmpty" computerName="DKSR-EFI-06" duration="00:00:00.0001518" startTime="2024-01-09T15:42:05.0133051+01:00" endTime="2024-01-09T15:42:05.0133051+01:00" testType="13cdc9d9-ddb5-4fa4-a97d-d965ccfc6d4b" outcome="Passed" testListId="8c84fa94-04c1-424b-9868-57a2d4851a1d" relativeResultsDirectory="9df4f52c-b18b-46d5-941d-bb3645b67a72" />
    <UnitTestResult executionId="e511f776-a2e5-440b-aba7-38b30990bafa" testId="33b61c67-5ec6-6bc8-3deb-30367c0dcdbc" testName="TestPreviewImageEditor_GetRenderedImageWithoutPreviewImage" computerName="DKSR-EFI-06" duration="00:00:00.0389919" startTime="2024-01-09T15:42:09.8570716+01:00" endTime="2024-01-09T15:42:09.9039435+01:00" testType="13cdc9d9-ddb5-4fa4-a97d-d965ccfc6d4b" outcome="Passed" testListId="8c84fa94-04c1-424b-9868-57a2d4851a1d" relativeResultsDirectory="e511f776-a2e5-440b-aba7-38b30990bafa" />
    <UnitTestResult executionId="4b46c5c1-8714-4a66-bbfb-5751634f9192" testId="5f6f4ffa-af7a-85f4-ed87-e5d7524e3550" testName="Constructor_ThrowsArgumentNullException_OnNullAsUiSetting" computerName="DKSR-EFI-06" duration="00:00:00.0285053" startTime="2024-01-09T15:42:04.3414252+01:00" endTime="2024-01-09T15:42:04.8570759+01:00" testType="13cdc9d9-ddb5-4fa4-a97d-d965ccfc6d4b" outcome="Passed" testListId="8c84fa94-04c1-424b-9868-57a2d4851a1d" relativeResultsDirectory="4b46c5c1-8714-4a66-bbfb-5751634f9192" />
    <UnitTestResult executionId="5e6119dc-c0bb-4d24-872a-d975480b2467" testId="2aee9aa6-1898-d9fb-01b3-44175bf4d857" testName="SystemDashboard_TestExtensionMethodsReturnsAllCameraGroupings" computerName="DKSR-EFI-06" duration="00:00:00.0002297" startTime="2024-01-09T15:42:14.1539549+01:00" endTime="2024-01-09T15:42:14.1539549+01:00" testType="13cdc9d9-ddb5-4fa4-a97d-d965ccfc6d4b" outcome="Passed" testListId="8c84fa94-04c1-424b-9868-57a2d4851a1d" relativeResultsDirectory="5e6119dc-c0bb-4d24-872a-d975480b2467" />
    <UnitTestResult executionId="1215212a-149a-411e-87e7-e3b53dd5bf69" testId="7092392a-e837-1385-d4a6-796abc0cc02b" testName="AddpluginProperties_DoesNothing_OnPluginWithNoItems" computerName="DKSR-EFI-06" duration="00:00:00.0226674" startTime="2024-01-09T15:42:19.6383368+01:00" endTime="2024-01-09T15:42:19.6539617+01:00" testType="13cdc9d9-ddb5-4fa4-a97d-d965ccfc6d4b" outcome="Passed" testListId="8c84fa94-04c1-424b-9868-57a2d4851a1d" relativeResultsDirectory="1215212a-149a-411e-87e7-e3b53dd5bf69" />
    <UnitTestResult executionId="04d0219b-fd39-4338-81d1-789f81ae0dca" testId="fbdd3912-5b94-1ff4-6d2d-766e2bd6338d" testName="AddAppointmentConfiguration_ThrowsArgumentNullException_OnNullAsAppointment" computerName="DKSR-EFI-06" duration="00:00:00.3844989" startTime="2024-01-09T15:42:05.0133051+01:00" endTime="2024-01-09T15:42:05.4039276+01:00" testType="13cdc9d9-ddb5-4fa4-a97d-d965ccfc6d4b" outcome="Passed" testListId="8c84fa94-04c1-424b-9868-57a2d4851a1d" relativeResultsDirectory="04d0219b-fd39-4338-81d1-789f81ae0dca">
      <Output>
        <StdOut>Debug Trace:&#xD;
Fail: Argument null</StdOut>
      </Output>
    </UnitTestResult>
    <UnitTestResult executionId="88a3a22d-9e2e-410d-9e7d-ccbdb56e83f2" testId="3b4bf237-9a3e-c44c-1049-12240268cdb9" testName="AddAppointmentConfiguration_AddsRecurenceStartTimeToTable_OnAppointmentWithRecurrence" computerName="DKSR-EFI-06" duration="00:00:00.1459100" startTime="2024-01-09T15:42:05.4195528+01:00" endTime="2024-01-09T15:42:05.5601794+01:00" testType="13cdc9d9-ddb5-4fa4-a97d-d965ccfc6d4b" outcome="Passed" testListId="8c84fa94-04c1-424b-9868-57a2d4851a1d" relativeResultsDirectory="88a3a22d-9e2e-410d-9e7d-ccbdb56e83f2" />
    <UnitTestResult executionId="4cd2a57d-74d3-487b-898a-78416c3a0419" testId="05a00ee4-7a4d-ac83-34a5-cf512c0b0b96" testName="DeviceStreamsPresenter_InitializeStreamGridLayout_FeatureMissing_MultistreamRecording_Success" computerName="DKSR-EFI-06" duration="00:00:00.0568575" startTime="2024-01-09T15:42:09.0133199+01:00" endTime="2024-01-09T15:42:09.0758186+01:00" testType="13cdc9d9-ddb5-4fa4-a97d-d965ccfc6d4b" outcome="Passed" testListId="8c84fa94-04c1-424b-9868-57a2d4851a1d" relativeResultsDirectory="4cd2a57d-74d3-487b-898a-78416c3a0419" />
    <UnitTestResult executionId="96783a80-55c0-4069-b791-db7debc76eb0" testId="8a93785e-b67c-78df-ce08-d7a40c6a823a" testName="ConfigurationLookupHelperTest_TestSourceProviderGetAllfailoverServers_ResultWithServersWithDisabled" computerName="DKSR-EFI-06" duration="00:00:00.0011938" startTime="2024-01-09T15:42:14.3258304+01:00" endTime="2024-01-09T15:42:14.3258304+01:00" testType="13cdc9d9-ddb5-4fa4-a97d-d965ccfc6d4b" outcome="Passed" testListId="8c84fa94-04c1-424b-9868-57a2d4851a1d" relativeResultsDirectory="96783a80-55c0-4069-b791-db7debc76eb0" />
    <UnitTestResult executionId="447fd11b-ac9f-49dd-964e-90c5354b77c3" testId="6c8206a6-76e4-da8d-7694-d5c127025a20" testName="PlatformTree_GetPropertyDisableState_IsEnabledWithTrue" computerName="DKSR-EFI-06" duration="00:00:00.0002000" startTime="2024-01-09T15:42:19.9820842+01:00" endTime="2024-01-09T15:42:19.9820842+01:00" testType="13cdc9d9-ddb5-4fa4-a97d-d965ccfc6d4b" outcome="Passed" testListId="8c84fa94-04c1-424b-9868-57a2d4851a1d" relativeResultsDirectory="447fd11b-ac9f-49dd-964e-90c5354b77c3" />
    <UnitTestResult executionId="08dc3529-b366-4504-b077-b4f439db8e0e" testId="8fdbc734-ce75-d69b-30b0-43444bb48d63" testName="AddAppointmentConfiguration_AddsOriginalStartDateToTable_OnAppointmentWithVariance" computerName="DKSR-EFI-06" duration="00:00:00.1491038" startTime="2024-01-09T15:42:05.6851815+01:00" endTime="2024-01-09T15:42:05.8414305+01:00" testType="13cdc9d9-ddb5-4fa4-a97d-d965ccfc6d4b" outcome="Passed" testListId="8c84fa94-04c1-424b-9868-57a2d4851a1d" relativeResultsDirectory="08dc3529-b366-4504-b077-b4f439db8e0e" />
    <UnitTestResult executionId="2dec8a36-994f-45d1-89bd-a7cb98d76b4e" testId="42e4f450-7395-f6d6-eea8-b0480cfd707c" testName="AutoDiscovery_HardwareSetupInfoManager_HardwareSetupInfoSetupResponseReceived_WhenAlreadyAdded" computerName="DKSR-EFI-06" duration="00:00:00.0014038" startTime="2024-01-09T15:42:18.7164595+01:00" endTime="2024-01-09T15:42:18.7164595+01:00" testType="13cdc9d9-ddb5-4fa4-a97d-d965ccfc6d4b" outcome="Passed" testListId="8c84fa94-04c1-424b-9868-57a2d4851a1d" relativeResultsDirectory="2dec8a36-994f-45d1-89bd-a7cb98d76b4e" />
    <UnitTestResult executionId="1b4e25b0-f8b0-4a3e-b5e9-4db8560971b6" testId="580d30cb-ccf6-691e-cd10-eef749e065e9" testName="DeviceStreamsPresenter_InitializeStreamGridLayout_FeatureMissing_LiveMultistreaming_Success" computerName="DKSR-EFI-06" duration="00:00:00.1161806" startTime="2024-01-09T15:42:08.8883164+01:00" endTime="2024-01-09T15:42:09.0133199+01:00" testType="13cdc9d9-ddb5-4fa4-a97d-d965ccfc6d4b" outcome="Passed" testListId="8c84fa94-04c1-424b-9868-57a2d4851a1d" relativeResultsDirectory="1b4e25b0-f8b0-4a3e-b5e9-4db8560971b6" />
    <UnitTestResult executionId="fe823b69-3ccf-4717-9f83-ba9337475ee6" testId="a539a26d-f2fe-fe9d-67c9-e42d10dc11d9" testName="TestCompositeGrid_SetMasksPopulatesMaskCells" computerName="DKSR-EFI-06" duration="00:00:00.0059678" startTime="2024-01-09T15:42:14.3727037+01:00" endTime="2024-01-09T15:42:14.3883298+01:00" testType="13cdc9d9-ddb5-4fa4-a97d-d965ccfc6d4b" outcome="Passed" testListId="8c84fa94-04c1-424b-9868-57a2d4851a1d" relativeResultsDirectory="fe823b69-3ccf-4717-9f83-ba9337475ee6" />
    <UnitTestResult executionId="64f0730a-8943-4d6c-975d-c48ca004b000" testId="2eee81e5-7eba-ad1a-fe8f-bb0def0a1289" testName="ExecuteReplaceHardware_ThrowsArgumentNullException_OnNullAsParameters" computerName="DKSR-EFI-06" duration="00:00:00.0138677" startTime="2024-01-09T15:42:12.8570768+01:00" endTime="2024-01-09T15:42:12.8727023+01:00" testType="13cdc9d9-ddb5-4fa4-a97d-d965ccfc6d4b" outcome="Passed" testListId="8c84fa94-04c1-424b-9868-57a2d4851a1d" relativeResultsDirectory="64f0730a-8943-4d6c-975d-c48ca004b000">
      <Output>
        <StdOut>Debug Trace:&#xD;
Fail: Argument parameters is null.</StdOut>
      </Output>
    </UnitTestResult>
    <UnitTestResult executionId="14e28f0b-18e5-4ef6-a6bb-dd3eb333edfb" testId="01db9139-6521-222f-7e21-ee6dd73b9893" testName="AutoDiscovery_HardwareSetupInfoManager_HardwareSetupInfoSetupResponseReceived_WhenNoResponse" computerName="DKSR-EFI-06" duration="00:00:00.0024925" startTime="2024-01-09T15:42:18.7164595+01:00" endTime="2024-01-09T15:42:18.7164595+01:00" testType="13cdc9d9-ddb5-4fa4-a97d-d965ccfc6d4b" outcome="Passed" testListId="8c84fa94-04c1-424b-9868-57a2d4851a1d" relativeResultsDirectory="14e28f0b-18e5-4ef6-a6bb-dd3eb333edfb" />
    <UnitTestResult executionId="367b8529-b41d-4479-8232-cd4b27be3a50" testId="27238eef-dad2-add6-2bf1-77c38305634a" testName="AddAppointmentConfiguration_AddsRecurencePatternToTable_OnAppointmentWithRecurrenceMonthly" computerName="DKSR-EFI-06" duration="00:00:00.0009573" startTime="2024-01-09T15:42:05.5914288+01:00" endTime="2024-01-09T15:42:05.5914288+01:00" testType="13cdc9d9-ddb5-4fa4-a97d-d965ccfc6d4b" outcome="Passed" testListId="8c84fa94-04c1-424b-9868-57a2d4851a1d" relativeResultsDirectory="367b8529-b41d-4479-8232-cd4b27be3a50" />
    <UnitTestResult executionId="0f3c5bc2-bed0-40fe-8b43-5bcc66cdd969" testId="048a50cc-0f82-5d3d-1a4b-cd9e0cb698fc" testName="ConfigurationLookupHelperTest_TestSourceProviderGetAllfailoverServers_EmptyResult" computerName="DKSR-EFI-06" duration="00:00:00.0116707" startTime="2024-01-09T15:42:14.2945805+01:00" endTime="2024-01-09T15:42:14.3102040+01:00" testType="13cdc9d9-ddb5-4fa4-a97d-d965ccfc6d4b" outcome="Passed" testListId="8c84fa94-04c1-424b-9868-57a2d4851a1d" relativeResultsDirectory="0f3c5bc2-bed0-40fe-8b43-5bcc66cdd969" />
    <UnitTestResult executionId="f552d8f0-6aea-42fc-b81a-fc6962845275" testId="e419550c-f228-e320-39cd-e5cc15bd206b" testName="AutoDiscovery_HardwareSetupInfoManager_TaskThrowException" computerName="DKSR-EFI-06" duration="00:00:00.5378952" startTime="2024-01-09T15:42:14.4039548+01:00" endTime="2024-01-09T15:42:14.9508299+01:00" testType="13cdc9d9-ddb5-4fa4-a97d-d965ccfc6d4b" outcome="Passed" testListId="8c84fa94-04c1-424b-9868-57a2d4851a1d" relativeResultsDirectory="f552d8f0-6aea-42fc-b81a-fc6962845275" />
    <UnitTestResult executionId="6b6af900-fecd-4c89-b34b-d331a1d5580a" testId="d8b5a97c-c4a4-b191-75bc-2aac0600303f" testName="PlatformTree_ToolTip_HasText" computerName="DKSR-EFI-06" duration="00:00:00.0002526" startTime="2024-01-09T15:42:20.0133371+01:00" endTime="2024-01-09T15:42:20.0133371+01:00" testType="13cdc9d9-ddb5-4fa4-a97d-d965ccfc6d4b" outcome="Passed" testListId="8c84fa94-04c1-424b-9868-57a2d4851a1d" relativeResultsDirectory="6b6af900-fecd-4c89-b34b-d331a1d5580a" />
    <UnitTestResult executionId="254af245-565c-4bb8-a8b8-7f160566f074" testId="3e7efb41-9631-9df0-70eb-f6bd078ef626" testName="TestPreviewImageEditor_CreatePenOverwritesPreviousPen" computerName="DKSR-EFI-06" duration="00:00:00.0012077" startTime="2024-01-09T15:42:09.9820707+01:00" endTime="2024-01-09T15:42:09.9820707+01:00" testType="13cdc9d9-ddb5-4fa4-a97d-d965ccfc6d4b" outcome="Passed" testListId="8c84fa94-04c1-424b-9868-57a2d4851a1d" relativeResultsDirectory="254af245-565c-4bb8-a8b8-7f160566f074" />
    <UnitTestResult executionId="b29f77e0-301f-4c43-8d8d-2b1bf1000e97" testId="febdf3e9-ec49-56d7-404a-70b300c99417" testName="RecursiveFindFirstDeviceInDeviceGroup_FindsDevice_InFlatGroup" computerName="DKSR-EFI-06" duration="00:00:01.6612801" startTime="2024-01-09T15:42:05.9039300+01:00" endTime="2024-01-09T15:42:07.5601892+01:00" testType="13cdc9d9-ddb5-4fa4-a97d-d965ccfc6d4b" outcome="Passed" testListId="8c84fa94-04c1-424b-9868-57a2d4851a1d" relativeResultsDirectory="b29f77e0-301f-4c43-8d8d-2b1bf1000e97" />
    <UnitTestResult executionId="661dad9b-01e4-477c-9cfd-a0eb5e1046fa" testId="739b122e-08d0-b9e4-0c25-7c7d8712dcf6" testName="TestTwoRemovable" computerName="DKSR-EFI-06" duration="00:00:00.0001689" startTime="2024-01-09T15:42:10.0133200+01:00" endTime="2024-01-09T15:42:10.0133200+01:00" testType="13cdc9d9-ddb5-4fa4-a97d-d965ccfc6d4b" outcome="Passed" testListId="8c84fa94-04c1-424b-9868-57a2d4851a1d" relativeResultsDirectory="661dad9b-01e4-477c-9cfd-a0eb5e1046fa" />
    <UnitTestResult executionId="eb6f329e-f482-4ed7-b3d7-2bdb9c62449b" testId="055efc15-27d5-5515-2e81-5e5597c90307" testName="TestPreviewImageEditor_ResizeGridWithSameSizePreviewImage" computerName="DKSR-EFI-06" duration="00:00:00.0016666" startTime="2024-01-09T15:42:09.9664473+01:00" endTime="2024-01-09T15:42:09.9664473+01:00" testType="13cdc9d9-ddb5-4fa4-a97d-d965ccfc6d4b" outcome="Passed" testListId="8c84fa94-04c1-424b-9868-57a2d4851a1d" relativeResultsDirectory="eb6f329e-f482-4ed7-b3d7-2bdb9c62449b" />
    <UnitTestResult executionId="4c607c8e-1d35-48bf-a152-10f3bd05d8ec" testId="dfcd69f2-1e94-be49-18d9-6be156f39fd0" testName="PlatformTree_SetState_ToDisabled" computerName="DKSR-EFI-06" duration="00:00:00.0015784" startTime="2024-01-09T15:42:19.9820842+01:00" endTime="2024-01-09T15:42:19.9820842+01:00" testType="13cdc9d9-ddb5-4fa4-a97d-d965ccfc6d4b" outcome="Passed" testListId="8c84fa94-04c1-424b-9868-57a2d4851a1d" relativeResultsDirectory="4c607c8e-1d35-48bf-a152-10f3bd05d8ec" />
    <UnitTestResult executionId="a3551b33-9cf6-47c1-bded-4dbbdb91cc9c" testId="b45eb3be-71f9-57a0-1d25-5dc91f0f2aed" testName="MatchDevices_oldDevicesAreNull_ShouldReturnEmptyList" computerName="DKSR-EFI-06" duration="00:00:00.0002661" startTime="2024-01-09T15:42:14.3414547+01:00" endTime="2024-01-09T15:42:14.3570792+01:00" testType="13cdc9d9-ddb5-4fa4-a97d-d965ccfc6d4b" outcome="Passed" testListId="8c84fa94-04c1-424b-9868-57a2d4851a1d" relativeResultsDirectory="a3551b33-9cf6-47c1-bded-4dbbdb91cc9c" />
    <UnitTestResult executionId="90e60d22-3f02-44b9-a6d4-359f8cbfa6ab" testId="0438abe8-4439-c3c9-60ea-78deff67b8aa" testName="TestPreviewImageEditor_RenderImageWithUnsupportedMask" computerName="DKSR-EFI-06" duration="00:00:00.0009780" startTime="2024-01-09T15:42:09.9508189+01:00" endTime="2024-01-09T15:42:09.9508189+01:00" testType="13cdc9d9-ddb5-4fa4-a97d-d965ccfc6d4b" outcome="Passed" testListId="8c84fa94-04c1-424b-9868-57a2d4851a1d" relativeResultsDirectory="90e60d22-3f02-44b9-a6d4-359f8cbfa6ab" />
    <UnitTestResult executionId="f014d4f7-5cae-48d7-9f2a-75c7548446db" testId="85c48bc5-ebdd-89d0-9036-49258a1d39d0" testName="AddPluginRoles_ThrowsArgumentNullException_OnNullAsPlugin" computerName="DKSR-EFI-06" duration="00:00:00.0094681" startTime="2024-01-09T15:42:19.7789619+01:00" endTime="2024-01-09T15:42:19.7789619+01:00" testType="13cdc9d9-ddb5-4fa4-a97d-d965ccfc6d4b" outcome="Passed" testListId="8c84fa94-04c1-424b-9868-57a2d4851a1d" relativeResultsDirectory="f014d4f7-5cae-48d7-9f2a-75c7548446db">
      <Output>
        <StdOut>Debug Trace:&#xD;
Fail: Argument is null.</StdOut>
      </Output>
    </UnitTestResult>
    <UnitTestResult executionId="26f8d7a7-5cdc-49e6-90bc-b9f57cc5fe6f" testId="cf4240f6-b776-f2e0-168e-f6203ba14593" testName="DirectionFieldOfViewDepthControls_ShouldNotBeVisible_WhenDeviceIsMicrophone" computerName="DKSR-EFI-06" duration="00:00:00.0229697" startTime="2024-01-09T15:42:12.8258276+01:00" endTime="2024-01-09T15:42:12.8570768+01:00" testType="13cdc9d9-ddb5-4fa4-a97d-d965ccfc6d4b" outcome="Passed" testListId="8c84fa94-04c1-424b-9868-57a2d4851a1d" relativeResultsDirectory="26f8d7a7-5cdc-49e6-90bc-b9f57cc5fe6f" />
    <UnitTestResult executionId="9b699d5d-82d7-4bf0-bf65-091e09e52008" testId="809b756f-a304-6843-42ee-c3e40925e811" testName="SystemDashboard_TestExtensionMethodsReturnsAllServerTypes" computerName="DKSR-EFI-06" duration="00:00:00.0002546" startTime="2024-01-09T15:42:14.1539549+01:00" endTime="2024-01-09T15:42:14.1539549+01:00" testType="13cdc9d9-ddb5-4fa4-a97d-d965ccfc6d4b" outcome="Passed" testListId="8c84fa94-04c1-424b-9868-57a2d4851a1d" relativeResultsDirectory="9b699d5d-82d7-4bf0-bf65-091e09e52008" />
  </Results>
  <TestDefinitions>
    <UnitTest name="SystemDashboard_TestExtensionMethodsCorrectlyResolvesCategory" storage="d:\actions-runner\_work\xpco\xpco\corporate\videoos.administration.addin.unittests\bin\x64\debug\net472\videoos.administration.addin.unittests.dll" id="56af3ff4-df9a-1400-5c85-ca0175f3d2f2">
      <Execution id="9c109d7c-4cda-435e-a3cf-171dcd5f0fcf" />
      <TestMethod codeBase="D:\actions-runner\_work\XPCO\XPCO\Corporate\VideoOS.Administration.AddIn.UnitTests\bin\x64\Debug\net472\VideoOS.Administration.AddIn.UnitTests.dll" adapterTypeName="executor://mstestadapter/v2" className="VideoOS.Administration.AddIn.UnitTests.SystemsDashboardExtensionsTest" name="SystemDashboard_TestExtensionMethodsCorrectlyResolvesCategory" />
    </UnitTest>
    <UnitTest name="TestCompositeGrid_ClearRegionClearsTheRightCells" storage="d:\actions-runner\_work\xpco\xpco\corporate\videoos.administration.addin.unittests\bin\x64\debug\net472\videoos.administration.addin.unittests.dll" id="1a25d0f4-5d08-a936-d313-a4a67de0d687">
      <Execution id="5528ce30-3b30-4d3f-90e7-c0c926134704" />
      <TestMethod codeBase="D:\actions-runner\_work\XPCO\XPCO\Corporate\VideoOS.Administration.AddIn.UnitTests\bin\x64\Debug\net472\VideoOS.Administration.AddIn.UnitTests.dll" adapterTypeName="executor://mstestadapter/v2" className="VideoOS.Administration.AddIn.UnitTests.RecorderAddIn.PrivacyProtectionHelpers.CompositeGridTests" name="TestCompositeGrid_ClearRegionClearsTheRightCells" />
    </UnitTest>
    <UnitTest name="MatchDevices_OldDeviceIsNotSameType_ShouldNotDoAMapping" storage="d:\actions-runner\_work\xpco\xpco\corporate\videoos.administration.addin.unittests\bin\x64\debug\net472\videoos.administration.addin.unittests.dll" id="609020b8-93d4-48eb-f83d-82e6dd75431d">
      <Execution id="9081f529-f220-4916-8427-2c87255119e2" />
      <TestMethod codeBase="D:\actions-runner\_work\XPCO\XPCO\Corporate\VideoOS.Administration.AddIn.UnitTests\bin\x64\Debug\net472\VideoOS.Administration.AddIn.UnitTests.dll" adapterTypeName="executor://mstestadapter/v2" className="VideoOS.Administration.AddIn.UnitTests.RecorderAddIn.ReplaceHardware.HardwareMapperTests" name="MatchDevices_OldDeviceIsNotSameType_ShouldNotDoAMapping" />
    </UnitTest>
    <UnitTest name="DevicePositionWithCoordinates_ShouldBeVisible_WhenDeviceIsCamera" storage="d:\actions-runner\_work\xpco\xpco\corporate\videoos.administration.addin.unittests\bin\x64\debug\net472\videoos.administration.addin.unittests.dll" id="cbc6e47f-7fee-cb6a-5700-5eccce3b02a3">
      <Execution id="b1d1bac3-064d-4ded-a6ed-6a896a9b95be" />
      <TestMethod codeBase="D:\actions-runner\_work\XPCO\XPCO\Corporate\VideoOS.Administration.AddIn.UnitTests\bin\x64\Debug\net472\VideoOS.Administration.AddIn.UnitTests.dll" adapterTypeName="executor://mstestadapter/v2" className="VideoOS.Administration.AddIn.UnitTests.UserControlDeviceInfoTests" name="DevicePositionWithCoordinates_ShouldBeVisible_WhenDeviceIsCamera" />
    </UnitTest>
    <UnitTest name="AddpluginProperties_AddsHeading2_OnPluginWithNestedItems" storage="d:\actions-runner\_work\xpco\xpco\corporate\videoos.administration.addin.unittests\bin\x64\debug\net472\videoos.administration.addin.unittests.dll" id="3a8e1017-0d51-ce6c-52e9-8305badaada1">
      <TestCategory>
        <TestCategoryItem TestCategory="Platform" />
      </TestCategory>
      <Execution id="000b29c0-7928-44cf-958f-e56cd8874167" />
      <TestMethod codeBase="D:\actions-runner\_work\XPCO\XPCO\Corporate\VideoOS.Administration.AddIn.UnitTests\bin\x64\Debug\net472\VideoOS.Administration.AddIn.UnitTests.dll" adapterTypeName="executor://mstestadapter/v2" className="VideoOS.Administration.AddIn.UnitTests.PlatformAddin.PlatformConfigReportTests" name="AddpluginProperties_AddsHeading2_OnPluginWithNestedItems" />
    </UnitTest>
    <UnitTest name="DeviceStreamsPresenter_ValidateAndSave_MayHaveOldData_RecordingToSecondary_HasOldData_Cancel" storage="d:\actions-runner\_work\xpco\xpco\corporate\videoos.administration.addin.unittests\bin\x64\debug\net472\videoos.administration.addin.unittests.dll" id="b2ad83b7-2e90-ae72-fc64-fb1c022d591e">
      <Execution id="40318eda-1628-453e-8e04-cd1a705ba182" />
      <TestMethod codeBase="D:\actions-runner\_work\XPCO\XPCO\Corporate\VideoOS.Administration.AddIn.UnitTests\bin\x64\Debug\net472\VideoOS.Administration.AddIn.UnitTests.dll" adapterTypeName="executor://mstestadapter/v2" className="VideoOS.Administration.AddIn.UnitTests.DeviceStreamsPresenterTests" name="DeviceStreamsPresenter_ValidateAndSave_MayHaveOldData_RecordingToSecondary_HasOldData_Cancel" />
    </UnitTest>
    <UnitTest name="PlatformTree_GetPropertyDisableState_IsDisabledWithYes" storage="d:\actions-runner\_work\xpco\xpco\corporate\videoos.administration.addin.unittests\bin\x64\debug\net472\videoos.administration.addin.unittests.dll" id="423d0959-f82e-bbae-7a54-488500a6c350">
      <TestCategory>
        <TestCategoryItem TestCategory="PlatformTree" />
      </TestCategory>
      <Execution id="a06963c9-d25b-42dc-9ee3-3be9f8e86a3f" />
      <TestMethod codeBase="D:\actions-runner\_work\XPCO\XPCO\Corporate\VideoOS.Administration.AddIn.UnitTests\bin\x64\Debug\net472\VideoOS.Administration.AddIn.UnitTests.dll" adapterTypeName="executor://mstestadapter/v2" className="VideoOS.Administration.AddIn.UnitTests.PlatformAddin.PlatformTreeTest" name="PlatformTree_GetPropertyDisableState_IsDisabledWithYes" />
    </UnitTest>
    <UnitTest name="SystemDashboard_TestExtensionMethodsReturnsAllServerGroupings" storage="d:\actions-runner\_work\xpco\xpco\corporate\videoos.administration.addin.unittests\bin\x64\debug\net472\videoos.administration.addin.unittests.dll" id="9ec4b0d4-9ad8-32ab-1fa2-78b17c347e87">
      <Execution id="ad168dd7-dbcc-4e46-b4d9-dcbf56571fcb" />
      <TestMethod codeBase="D:\actions-runner\_work\XPCO\XPCO\Corporate\VideoOS.Administration.AddIn.UnitTests\bin\x64\Debug\net472\VideoOS.Administration.AddIn.UnitTests.dll" adapterTypeName="executor://mstestadapter/v2" className="VideoOS.Administration.AddIn.UnitTests.SystemsDashboardExtensionsTest" name="SystemDashboard_TestExtensionMethodsReturnsAllServerGroupings" />
    </UnitTest>
    <UnitTest name="AutoDiscovery_HardwareSetupInfoManager_ProcessTasksResults_Success_Default" storage="d:\actions-runner\_work\xpco\xpco\corporate\videoos.administration.addin.unittests\bin\x64\debug\net472\videoos.administration.addin.unittests.dll" id="e1de146d-0315-4d50-2d29-c81b4f938225">
      <TestCategory>
        <TestCategoryItem TestCategory="AutoDiscovery_HardwareSetupInfoManager" />
      </TestCategory>
      <Execution id="dcb544ed-4cbe-4f95-9011-9ccf18af5c01" />
      <TestMethod codeBase="D:\actions-runner\_work\XPCO\XPCO\Corporate\VideoOS.Administration.AddIn.UnitTests\bin\x64\Debug\net472\VideoOS.Administration.AddIn.UnitTests.dll" adapterTypeName="executor://mstestadapter/v2" className="VideoOS.Administration.AddIn.UnitTests.RecorderAddIn.HardwareLocator.AutoDiscovery_HardwareSetupInfoManagerUnittest" name="AutoDiscovery_HardwareSetupInfoManager_ProcessTasksResults_Success_Default" />
    </UnitTest>
    <UnitTest name="DeviceStreamsPresenter_StreamGridCellChange_ChangeprimaryStream_NotAllowed" storage="d:\actions-runner\_work\xpco\xpco\corporate\videoos.administration.addin.unittests\bin\x64\debug\net472\videoos.administration.addin.unittests.dll" id="8ef95593-692e-4744-9e3b-63c07b13acca">
      <Execution id="126575de-dd65-4398-912c-a3eaf67978f5" />
      <TestMethod codeBase="D:\actions-runner\_work\XPCO\XPCO\Corporate\VideoOS.Administration.AddIn.UnitTests\bin\x64\Debug\net472\VideoOS.Administration.AddIn.UnitTests.dll" adapterTypeName="executor://mstestadapter/v2" className="VideoOS.Administration.AddIn.UnitTests.DeviceStreamsPresenterTests" name="DeviceStreamsPresenter_StreamGridCellChange_ChangeprimaryStream_NotAllowed" />
    </UnitTest>
    <UnitTest name="AddAppointmentConfiguration_DoesNotChangeTable_OnAppointmentWithRecurrence" storage="d:\actions-runner\_work\xpco\xpco\corporate\videoos.administration.addin.unittests\bin\x64\debug\net472\videoos.administration.addin.unittests.dll" id="afad45a8-44b0-6a4f-cb1c-e80558b45d48">
      <TestCategory>
        <TestCategoryItem TestCategory="Time profile" />
      </TestCategory>
      <Execution id="8878dd0f-fefe-484f-b711-d0430c22f4fb" />
      <TestMethod codeBase="D:\actions-runner\_work\XPCO\XPCO\Corporate\VideoOS.Administration.AddIn.UnitTests\bin\x64\Debug\net472\VideoOS.Administration.AddIn.UnitTests.dll" adapterTypeName="executor://mstestadapter/v2" className="VideoOS.Administration.AddIn.UnitTests.DialogSelectSingleTimeTests" name="AddAppointmentConfiguration_DoesNotChangeTable_OnAppointmentWithRecurrence" />
    </UnitTest>
    <UnitTest name="SystemDashboard_TestExtensionMethodsReturnsAllServerGroupings" storage="d:\actions-runner\_work\xpco\xpco\corporate\videoos.administration.addin.unittests\bin\x64\debug\net472\videoos.administration.addin.unittests.dll" id="f3b71662-5e08-c3cc-b6ca-65a4fdb93aab">
      <Execution id="04665a92-9223-43ee-bbdb-a9538d86d85d" />
      <TestMethod codeBase="D:\actions-runner\_work\XPCO\XPCO\Corporate\VideoOS.Administration.AddIn.UnitTests\bin\x64\Debug\net472\VideoOS.Administration.AddIn.UnitTests.dll" adapterTypeName="executor://mstestadapter/v2" className="VideoOS.Administration.AddIn.UnitTests.SystemDashboardDataProviderTests" name="SystemDashboard_TestExtensionMethodsReturnsAllServerGroupings" />
    </UnitTest>
    <UnitTest name="ServerPickerXmlConverter_ConvertFromXml_Success" storage="d:\actions-runner\_work\xpco\xpco\corporate\videoos.administration.addin.unittests\bin\x64\debug\net472\videoos.administration.addin.unittests.dll" id="8b267344-1f62-9889-3188-a6f2b5e607b7">
      <Execution id="57330a4c-0109-4c8d-a7ed-b14ca0e78162" />
      <TestMethod codeBase="D:\actions-runner\_work\XPCO\XPCO\Corporate\VideoOS.Administration.AddIn.UnitTests\bin\x64\Debug\net472\VideoOS.Administration.AddIn.UnitTests.dll" adapterTypeName="executor://mstestadapter/v2" className="VideoOS.Administration.AddIn.UnitTests.Pickers.ServerPickerXmlConverterTest" name="ServerPickerXmlConverter_ConvertFromXml_Success" />
    </UnitTest>
    <UnitTest name="TestCompositeGrid_SetMasksPopulatesMaskCells" storage="d:\actions-runner\_work\xpco\xpco\corporate\videoos.administration.addin.unittests\bin\x64\debug\net472\videoos.administration.addin.unittests.dll" id="a539a26d-f2fe-fe9d-67c9-e42d10dc11d9">
      <Execution id="fe823b69-3ccf-4717-9f83-ba9337475ee6" />
      <TestMethod codeBase="D:\actions-runner\_work\XPCO\XPCO\Corporate\VideoOS.Administration.AddIn.UnitTests\bin\x64\Debug\net472\VideoOS.Administration.AddIn.UnitTests.dll" adapterTypeName="executor://mstestadapter/v2" className="VideoOS.Administration.AddIn.UnitTests.RecorderAddIn.PrivacyProtectionHelpers.CompositeGridTests" name="TestCompositeGrid_SetMasksPopulatesMaskCells" />
    </UnitTest>
    <UnitTest name="DirectionFieldOfViewDepthControls_ShouldBeVisible_WhenDeviceIsCamera" storage="d:\actions-runner\_work\xpco\xpco\corporate\videoos.administration.addin.unittests\bin\x64\debug\net472\videoos.administration.addin.unittests.dll" id="b0035aff-0a64-7183-8033-0d6eed9b36c2">
      <Execution id="8b109b5e-e487-4f80-a4bd-cb346a7b222c" />
      <TestMethod codeBase="D:\actions-runner\_work\XPCO\XPCO\Corporate\VideoOS.Administration.AddIn.UnitTests\bin\x64\Debug\net472\VideoOS.Administration.AddIn.UnitTests.dll" adapterTypeName="executor://mstestadapter/v2" className="VideoOS.Administration.AddIn.UnitTests.UserControlDeviceInfoTests" name="DirectionFieldOfViewDepthControls_ShouldBeVisible_WhenDeviceIsCamera" />
    </UnitTest>
    <UnitTest name="AddPluginRoles_ThrowsArgumentNullException_OnNullAsPlugin" storage="d:\actions-runner\_work\xpco\xpco\corporate\videoos.administration.addin.unittests\bin\x64\debug\net472\videoos.administration.addin.unittests.dll" id="85c48bc5-ebdd-89d0-9036-49258a1d39d0">
      <TestCategory>
        <TestCategoryItem TestCategory="Platform" />
      </TestCategory>
      <Execution id="f014d4f7-5cae-48d7-9f2a-75c7548446db" />
      <TestMethod codeBase="D:\actions-runner\_work\XPCO\XPCO\Corporate\VideoOS.Administration.AddIn.UnitTests\bin\x64\Debug\net472\VideoOS.Administration.AddIn.UnitTests.dll" adapterTypeName="executor://mstestadapter/v2" className="VideoOS.Administration.AddIn.UnitTests.PlatformAddin.PlatformConfigReportTests" name="AddPluginRoles_ThrowsArgumentNullException_OnNullAsPlugin" />
    </UnitTest>
    <UnitTest name="ClientBasicUserCollection_ValidateBasicUser_PasswordsDoNotMatch" storage="d:\actions-runner\_work\xpco\xpco\corporate\videoos.administration.addin.unittests\bin\x64\debug\net472\videoos.administration.addin.unittests.dll" id="c3daa3bb-63f2-57a5-abd0-5c64029f3945">
      <Execution id="af286c75-69c7-453a-9caf-ae1f3a022e5b" />
      <TestMethod codeBase="D:\actions-runner\_work\XPCO\XPCO\Corporate\VideoOS.Administration.AddIn.UnitTests\bin\x64\Debug\net472\VideoOS.Administration.AddIn.UnitTests.dll" adapterTypeName="executor://mstestadapter/v2" className="VideoOS.Administration.AddIn.UnitTests.DialogNewBasicUserTest" name="ClientBasicUserCollection_ValidateBasicUser_PasswordsDoNotMatch" />
    </UnitTest>
    <UnitTest name="ConfigurationLookupHelperTest_TestSourceProviderGetAllfailoverServers_ResultWithServersOnlyEnabled" storage="d:\actions-runner\_work\xpco\xpco\corporate\videoos.administration.addin.unittests\bin\x64\debug\net472\videoos.administration.addin.unittests.dll" id="e7bff3a4-3778-0185-da6a-cc55a6beedae">
      <Execution id="807383e9-cf96-47e1-a082-1c99e84b18b1" />
      <TestMethod codeBase="D:\actions-runner\_work\XPCO\XPCO\Corporate\VideoOS.Administration.AddIn.UnitTests\bin\x64\Debug\net472\VideoOS.Administration.AddIn.UnitTests.dll" adapterTypeName="executor://mstestadapter/v2" className="VideoOS.Administration.AddIn.UnitTests.SystemMonitorDashboard.ConfigurationLookupHelperTest" name="ConfigurationLookupHelperTest_TestSourceProviderGetAllfailoverServers_ResultWithServersOnlyEnabled" />
    </UnitTest>
    <UnitTest name="TestPreviewImageEditor_CreateGridWithoutPreviewImage" storage="d:\actions-runner\_work\xpco\xpco\corporate\videoos.administration.addin.unittests\bin\x64\debug\net472\videoos.administration.addin.unittests.dll" id="205c44b8-741b-f6b2-a52e-5ae9760750da">
      <Execution id="695bbd80-53d9-4cbd-a435-6f095901ad37" />
      <TestMethod codeBase="D:\actions-runner\_work\XPCO\XPCO\Corporate\VideoOS.Administration.AddIn.UnitTests\bin\x64\Debug\net472\VideoOS.Administration.AddIn.UnitTests.dll" adapterTypeName="executor://mstestadapter/v2" className="VideoOS.Administration.AddIn.UnitTests.PreviewImageEditorTests" name="TestPreviewImageEditor_CreateGridWithoutPreviewImage" />
    </UnitTest>
    <UnitTest name="TestPreviewImageEditor_CreatePenImageWithPreviewImageWithGrid" storage="d:\actions-runner\_work\xpco\xpco\corporate\videoos.administration.addin.unittests\bin\x64\debug\net472\videoos.administration.addin.unittests.dll" id="34021b18-ba6c-db12-002b-2d5c139a7d84">
      <Execution id="dc48e3a2-de7e-4e5b-8e13-72e74cf96d07" />
      <TestMethod codeBase="D:\actions-runner\_work\XPCO\XPCO\Corporate\VideoOS.Administration.AddIn.UnitTests\bin\x64\Debug\net472\VideoOS.Administration.AddIn.UnitTests.dll" adapterTypeName="executor://mstestadapter/v2" className="VideoOS.Administration.AddIn.UnitTests.PreviewImageEditorTests" name="TestPreviewImageEditor_CreatePenImageWithPreviewImageWithGrid" />
    </UnitTest>
    <UnitTest name="PlatformTree_ToolTip_HasText" storage="d:\actions-runner\_work\xpco\xpco\corporate\videoos.administration.addin.unittests\bin\x64\debug\net472\videoos.administration.addin.unittests.dll" id="d8b5a97c-c4a4-b191-75bc-2aac0600303f">
      <TestCategory>
        <TestCategoryItem TestCategory="PlatformTree" />
      </TestCategory>
      <Execution id="6b6af900-fecd-4c89-b34b-d331a1d5580a" />
      <TestMethod codeBase="D:\actions-runner\_work\XPCO\XPCO\Corporate\VideoOS.Administration.AddIn.UnitTests\bin\x64\Debug\net472\VideoOS.Administration.AddIn.UnitTests.dll" adapterTypeName="executor://mstestadapter/v2" className="VideoOS.Administration.AddIn.UnitTests.PlatformAddin.PlatformTreeTest" name="PlatformTree_ToolTip_HasText" />
    </UnitTest>
    <UnitTest name="AddOptionsDialogPlugin_ThrowsArgumentNullException_OnNullAsOptionsPlugin" storage="d:\actions-runner\_work\xpco\xpco\corporate\videoos.administration.addin.unittests\bin\x64\debug\net472\videoos.administration.addin.unittests.dll" id="da7c98aa-1ebe-36e9-d686-cfd1c29f699f">
      <TestCategory>
        <TestCategoryItem TestCategory="Platform" />
      </TestCategory>
      <Execution id="75afdde6-3c8c-4384-9ab8-3c2b3a376341" />
      <TestMethod codeBase="D:\actions-runner\_work\XPCO\XPCO\Corporate\VideoOS.Administration.AddIn.UnitTests\bin\x64\Debug\net472\VideoOS.Administration.AddIn.UnitTests.dll" adapterTypeName="executor://mstestadapter/v2" className="VideoOS.Administration.AddIn.UnitTests.PlatformAddin.PlatformConfigReportTests" name="AddOptionsDialogPlugin_ThrowsArgumentNullException_OnNullAsOptionsPlugin" />
    </UnitTest>
    <UnitTest name="RecursiveFindFirstDeviceInDeviceGroup_FindsDevice_InSubGroup" storage="d:\actions-runner\_work\xpco\xpco\corporate\videoos.administration.addin.unittests\bin\x64\debug\net472\videoos.administration.addin.unittests.dll" id="a259bf75-7269-f535-97b0-91a8c4089edd">
      <TestCategory>
        <TestCategoryItem TestCategory="Pickers" />
      </TestCategory>
      <Execution id="d947556a-1301-4240-996e-5169f258793f" />
      <TestMethod codeBase="D:\actions-runner\_work\XPCO\XPCO\Corporate\VideoOS.Administration.AddIn.UnitTests\bin\x64\Debug\net472\VideoOS.Administration.AddIn.UnitTests.dll" adapterTypeName="executor://mstestadapter/v2" className="VideoOS.Administration.AddIn.UnitTests.PickerSettingsTests" name="RecursiveFindFirstDeviceInDeviceGroup_FindsDevice_InSubGroup" />
    </UnitTest>
    <UnitTest name="TestPreviewImageEditor_CreatePenOverwritesPreviousPen" storage="d:\actions-runner\_work\xpco\xpco\corporate\videoos.administration.addin.unittests\bin\x64\debug\net472\videoos.administration.addin.unittests.dll" id="3e7efb41-9631-9df0-70eb-f6bd078ef626">
      <Execution id="254af245-565c-4bb8-a8b8-7f160566f074" />
      <TestMethod codeBase="D:\actions-runner\_work\XPCO\XPCO\Corporate\VideoOS.Administration.AddIn.UnitTests\bin\x64\Debug\net472\VideoOS.Administration.AddIn.UnitTests.dll" adapterTypeName="executor://mstestadapter/v2" className="VideoOS.Administration.AddIn.UnitTests.PreviewImageEditorTests" name="TestPreviewImageEditor_CreatePenOverwritesPreviousPen" />
    </UnitTest>
    <UnitTest name="TestOneRemovableWithMotion" storage="d:\actions-runner\_work\xpco\xpco\corporate\videoos.administration.addin.unittests\bin\x64\debug\net472\videoos.administration.addin.unittests.dll" id="d87943c2-f834-070b-282c-eacad2ab688c">
      <Execution id="f26a7b76-7971-47f5-ac76-c7c8265ead07" />
      <TestMethod codeBase="D:\actions-runner\_work\XPCO\XPCO\Corporate\VideoOS.Administration.AddIn.UnitTests\bin\x64\Debug\net472\VideoOS.Administration.AddIn.UnitTests.dll" adapterTypeName="executor://mstestadapter/v2" className="VideoOS.Administration.AddIn.UnitTests.PrivacyProtectionValidatorTests" name="TestOneRemovableWithMotion" />
    </UnitTest>
    <UnitTest name="DeviceStreamsPresenter_RefreshData_DifferentStreamValues_ShowsTriState" storage="d:\actions-runner\_work\xpco\xpco\corporate\videoos.administration.addin.unittests\bin\x64\debug\net472\videoos.administration.addin.unittests.dll" id="aa7aab18-444b-15c3-320f-2524528aedca">
      <Execution id="c96a1d83-1a27-4b7c-9de6-d7d49e2c287c" />
      <TestMethod codeBase="D:\actions-runner\_work\XPCO\XPCO\Corporate\VideoOS.Administration.AddIn.UnitTests\bin\x64\Debug\net472\VideoOS.Administration.AddIn.UnitTests.dll" adapterTypeName="executor://mstestadapter/v2" className="VideoOS.Administration.AddIn.UnitTests.DeviceStreamsPresenterTests" name="DeviceStreamsPresenter_RefreshData_DifferentStreamValues_ShowsTriState" />
    </UnitTest>
    <UnitTest name="DeviceStreamsPresenter_StreamGridCellChange_SelectRecordToSecondaryWithoutPrimary_NotAllowed" storage="d:\actions-runner\_work\xpco\xpco\corporate\videoos.administration.addin.unittests\bin\x64\debug\net472\videoos.administration.addin.unittests.dll" id="6e5313e3-85cd-2b26-05f8-a3e6e87d3022">
      <Execution id="a9d5cf64-d1c2-4792-a500-5970aced384c" />
      <TestMethod codeBase="D:\actions-runner\_work\XPCO\XPCO\Corporate\VideoOS.Administration.AddIn.UnitTests\bin\x64\Debug\net472\VideoOS.Administration.AddIn.UnitTests.dll" adapterTypeName="executor://mstestadapter/v2" className="VideoOS.Administration.AddIn.UnitTests.DeviceStreamsPresenterTests" name="DeviceStreamsPresenter_StreamGridCellChange_SelectRecordToSecondaryWithoutPrimary_NotAllowed" />
    </UnitTest>
    <UnitTest name="GetDisplayString_ReturnsHourAndMinutePartOfTimeString_OnProperlyFormatedTimeString" storage="d:\actions-runner\_work\xpco\xpco\corporate\videoos.administration.addin.unittests\bin\x64\debug\net472\videoos.administration.addin.unittests.dll" id="fdbaf56a-5bc5-416b-fa57-9c223bbbe13e">
      <TestCategory>
        <TestCategoryItem TestCategory="Pickers" />
      </TestCategory>
      <Execution id="b12f1da0-9efe-4442-a0f2-3f969261d16a" />
      <TestMethod codeBase="D:\actions-runner\_work\XPCO\XPCO\Corporate\VideoOS.Administration.AddIn.UnitTests\bin\x64\Debug\net472\VideoOS.Administration.AddIn.UnitTests.dll" adapterTypeName="executor://mstestadapter/v2" className="VideoOS.Administration.AddIn.UnitTests.Pickers.PickerTimeOfDayTests" name="GetDisplayString_ReturnsHourAndMinutePartOfTimeString_OnProperlyFormatedTimeString" />
    </UnitTest>
    <UnitTest name="AddOptionsDialogProperties_AddsDifferentTable_OnPropertiesWithNotSameKeys" storage="d:\actions-runner\_work\xpco\xpco\corporate\videoos.administration.addin.unittests\bin\x64\debug\net472\videoos.administration.addin.unittests.dll" id="2d26ee27-05eb-1568-69f4-f42799c9a19e">
      <TestCategory>
        <TestCategoryItem TestCategory="Platform" />
      </TestCategory>
      <Execution id="294ac54a-ab84-4f1e-8c3f-9bccb66fa495" />
      <TestMethod codeBase="D:\actions-runner\_work\XPCO\XPCO\Corporate\VideoOS.Administration.AddIn.UnitTests\bin\x64\Debug\net472\VideoOS.Administration.AddIn.UnitTests.dll" adapterTypeName="executor://mstestadapter/v2" className="VideoOS.Administration.AddIn.UnitTests.PlatformAddin.PlatformConfigReportTests" name="AddOptionsDialogProperties_AddsDifferentTable_OnPropertiesWithNotSameKeys" />
    </UnitTest>
    <UnitTest name="DeviceStreamsPresenter_InitializeStreamGridLayout_FeatureMissing_MultistreamRecording_Success" storage="d:\actions-runner\_work\xpco\xpco\corporate\videoos.administration.addin.unittests\bin\x64\debug\net472\videoos.administration.addin.unittests.dll" id="05a00ee4-7a4d-ac83-34a5-cf512c0b0b96">
      <Execution id="4cd2a57d-74d3-487b-898a-78416c3a0419" />
      <TestMethod codeBase="D:\actions-runner\_work\XPCO\XPCO\Corporate\VideoOS.Administration.AddIn.UnitTests\bin\x64\Debug\net472\VideoOS.Administration.AddIn.UnitTests.dll" adapterTypeName="executor://mstestadapter/v2" className="VideoOS.Administration.AddIn.UnitTests.DeviceStreamsPresenterTests" name="DeviceStreamsPresenter_InitializeStreamGridLayout_FeatureMissing_MultistreamRecording_Success" />
    </UnitTest>
    <UnitTest name="PlatformTree_GetPropertyDisableState_IsEnabledWithTrue" storage="d:\actions-runner\_work\xpco\xpco\corporate\videoos.administration.addin.unittests\bin\x64\debug\net472\videoos.administration.addin.unittests.dll" id="6c8206a6-76e4-da8d-7694-d5c127025a20">
      <TestCategory>
        <TestCategoryItem TestCategory="PlatformTree" />
      </TestCategory>
      <Execution id="447fd11b-ac9f-49dd-964e-90c5354b77c3" />
      <TestMethod codeBase="D:\actions-runner\_work\XPCO\XPCO\Corporate\VideoOS.Administration.AddIn.UnitTests\bin\x64\Debug\net472\VideoOS.Administration.AddIn.UnitTests.dll" adapterTypeName="executor://mstestadapter/v2" className="VideoOS.Administration.AddIn.UnitTests.PlatformAddin.PlatformTreeTest" name="PlatformTree_GetPropertyDisableState_IsEnabledWithTrue" />
    </UnitTest>
    <UnitTest name="Constructor_ThrowsArgumentNullException_OnNullAsUiSetting" storage="d:\actions-runner\_work\xpco\xpco\corporate\videoos.administration.addin.unittests\bin\x64\debug\net472\videoos.administration.addin.unittests.dll" id="5f6f4ffa-af7a-85f4-ed87-e5d7524e3550">
      <TestCategory>
        <TestCategoryItem TestCategory="Report?" />
      </TestCategory>
      <Execution id="4b46c5c1-8714-4a66-bbfb-5751634f9192" />
      <TestMethod codeBase="D:\actions-runner\_work\XPCO\XPCO\Corporate\VideoOS.Administration.AddIn.UnitTests\bin\x64\Debug\net472\VideoOS.Administration.AddIn.UnitTests.dll" adapterTypeName="executor://mstestadapter/v2" className="VideoOS.Administration.AddIn.UnitTests.ClientProfileSettingReportEntryTests" name="Constructor_ThrowsArgumentNullException_OnNullAsUiSetting" />
    </UnitTest>
    <UnitTest name="AddOptionsDialogProperties_GetsPropertiesFromOptionsPlugin_OnExistingSections" storage="d:\actions-runner\_work\xpco\xpco\corporate\videoos.administration.addin.unittests\bin\x64\debug\net472\videoos.administration.addin.unittests.dll" id="fe94e50d-5f10-f617-1695-551f3ed53b35">
      <TestCategory>
        <TestCategoryItem TestCategory="Platform" />
      </TestCategory>
      <Execution id="94ab867d-000c-4980-825f-2ce18b95834d" />
      <TestMethod codeBase="D:\actions-runner\_work\XPCO\XPCO\Corporate\VideoOS.Administration.AddIn.UnitTests\bin\x64\Debug\net472\VideoOS.Administration.AddIn.UnitTests.dll" adapterTypeName="executor://mstestadapter/v2" className="VideoOS.Administration.AddIn.UnitTests.PlatformAddin.PlatformConfigReportTests" name="AddOptionsDialogProperties_GetsPropertiesFromOptionsPlugin_OnExistingSections" />
    </UnitTest>
    <UnitTest name="ClientBasicUserCollection_ValidateBasicUser_PasswordEmpty" storage="d:\actions-runner\_work\xpco\xpco\corporate\videoos.administration.addin.unittests\bin\x64\debug\net472\videoos.administration.addin.unittests.dll" id="1aa147f2-e102-9aaa-e9f8-44c7e878bb61">
      <Execution id="9df4f52c-b18b-46d5-941d-bb3645b67a72" />
      <TestMethod codeBase="D:\actions-runner\_work\XPCO\XPCO\Corporate\VideoOS.Administration.AddIn.UnitTests\bin\x64\Debug\net472\VideoOS.Administration.AddIn.UnitTests.dll" adapterTypeName="executor://mstestadapter/v2" className="VideoOS.Administration.AddIn.UnitTests.DialogNewBasicUserTest" name="ClientBasicUserCollection_ValidateBasicUser_PasswordEmpty" />
    </UnitTest>
    <UnitTest name="TestCompositeGrid_InitializedWithNoMethodsHasNoCells" storage="d:\actions-runner\_work\xpco\xpco\corporate\videoos.administration.addin.unittests\bin\x64\debug\net472\videoos.administration.addin.unittests.dll" id="d05060fe-2d33-d934-bbb6-c0108725388a">
      <Execution id="898f50ff-962d-4212-a02a-cdc86e166700" />
      <TestMethod codeBase="D:\actions-runner\_work\XPCO\XPCO\Corporate\VideoOS.Administration.AddIn.UnitTests\bin\x64\Debug\net472\VideoOS.Administration.AddIn.UnitTests.dll" adapterTypeName="executor://mstestadapter/v2" className="VideoOS.Administration.AddIn.UnitTests.RecorderAddIn.PrivacyProtectionHelpers.CompositeGridTests" name="TestCompositeGrid_InitializedWithNoMethodsHasNoCells" />
    </UnitTest>
    <UnitTest name="AddAppointmentConfiguration_DoesNotChangeTable_OnAppointmentWithVariance" storage="d:\actions-runner\_work\xpco\xpco\corporate\videoos.administration.addin.unittests\bin\x64\debug\net472\videoos.administration.addin.unittests.dll" id="d6b1f0a3-8492-3235-db6f-76c7ca864e4b">
      <TestCategory>
        <TestCategoryItem TestCategory="Time profile" />
      </TestCategory>
      <Execution id="efda7c53-d742-408a-b575-e5659e709d0f" />
      <TestMethod codeBase="D:\actions-runner\_work\XPCO\XPCO\Corporate\VideoOS.Administration.AddIn.UnitTests\bin\x64\Debug\net472\VideoOS.Administration.AddIn.UnitTests.dll" adapterTypeName="executor://mstestadapter/v2" className="VideoOS.Administration.AddIn.UnitTests.DialogSelectSingleTimeTests" name="AddAppointmentConfiguration_DoesNotChangeTable_OnAppointmentWithVariance" />
    </UnitTest>
    <UnitTest name="TestPreviewImageEditor_GetRenderedImageWithoutPreviewImage" storage="d:\actions-runner\_work\xpco\xpco\corporate\videoos.administration.addin.unittests\bin\x64\debug\net472\videoos.administration.addin.unittests.dll" id="33b61c67-5ec6-6bc8-3deb-30367c0dcdbc">
      <Execution id="e511f776-a2e5-440b-aba7-38b30990bafa" />
      <TestMethod codeBase="D:\actions-runner\_work\XPCO\XPCO\Corporate\VideoOS.Administration.AddIn.UnitTests\bin\x64\Debug\net472\VideoOS.Administration.AddIn.UnitTests.dll" adapterTypeName="executor://mstestadapter/v2" className="VideoOS.Administration.AddIn.UnitTests.PreviewImageEditorTests" name="TestPreviewImageEditor_GetRenderedImageWithoutPreviewImage" />
    </UnitTest>
    <UnitTest name="AddAppointmentConfiguration_AddsRecurenceRangeStopToTable_OnAppointmentWithRecurrenceWithLimitByDate" storage="d:\actions-runner\_work\xpco\xpco\corporate\videoos.administration.addin.unittests\bin\x64\debug\net472\videoos.administration.addin.unittests.dll" id="d714e552-e383-72bf-c7e2-bdff415c312f">
      <TestCategory>
        <TestCategoryItem TestCategory="Time profile" />
      </TestCategory>
      <Execution id="5ad82bf4-db7e-48a0-9da3-2af352336084" />
      <TestMethod codeBase="D:\actions-runner\_work\XPCO\XPCO\Corporate\VideoOS.Administration.AddIn.UnitTests\bin\x64\Debug\net472\VideoOS.Administration.AddIn.UnitTests.dll" adapterTypeName="executor://mstestadapter/v2" className="VideoOS.Administration.AddIn.UnitTests.DialogSelectRecurrenceTests" name="AddAppointmentConfiguration_AddsRecurenceRangeStopToTable_OnAppointmentWithRecurrenceWithLimitByDate" />
    </UnitTest>
    <UnitTest name="ServerPickerXmlConverter_ConvertToXml_Success" storage="d:\actions-runner\_work\xpco\xpco\corporate\videoos.administration.addin.unittests\bin\x64\debug\net472\videoos.administration.addin.unittests.dll" id="75d8c852-b7d8-0cc7-1134-e19af6772209">
      <Execution id="7d96084b-3fa4-44b2-b8c7-4b62f84fa93b" />
      <TestMethod codeBase="D:\actions-runner\_work\XPCO\XPCO\Corporate\VideoOS.Administration.AddIn.UnitTests\bin\x64\Debug\net472\VideoOS.Administration.AddIn.UnitTests.dll" adapterTypeName="executor://mstestadapter/v2" className="VideoOS.Administration.AddIn.UnitTests.Pickers.ServerPickerXmlConverterTest" name="ServerPickerXmlConverter_ConvertToXml_Success" />
    </UnitTest>
    <UnitTest name="AddAppointmentConfiguration_ThrowsArgumentNullException_OnNullAsAppointment" storage="d:\actions-runner\_work\xpco\xpco\corporate\videoos.administration.addin.unittests\bin\x64\debug\net472\videoos.administration.addin.unittests.dll" id="133ee20b-c8c5-ff53-28c7-1a6b45e07fb6">
      <TestCategory>
        <TestCategoryItem TestCategory="Time profile" />
      </TestCategory>
      <Execution id="99c8d600-2a4a-422e-b378-99902ca05258" />
      <TestMethod codeBase="D:\actions-runner\_work\XPCO\XPCO\Corporate\VideoOS.Administration.AddIn.UnitTests\bin\x64\Debug\net472\VideoOS.Administration.AddIn.UnitTests.dll" adapterTypeName="executor://mstestadapter/v2" className="VideoOS.Administration.AddIn.UnitTests.DialogSelectSingleTimeTests" name="AddAppointmentConfiguration_ThrowsArgumentNullException_OnNullAsAppointment" />
    </UnitTest>
    <UnitTest name="TestTwoPermanent" storage="d:\actions-runner\_work\xpco\xpco\corporate\videoos.administration.addin.unittests\bin\x64\debug\net472\videoos.administration.addin.unittests.dll" id="1c9aef6c-248a-4757-8721-f1bedbbcdc0f">
      <Execution id="c53e378b-bc55-4e2b-870d-e0072448f8e6" />
      <TestMethod codeBase="D:\actions-runner\_work\XPCO\XPCO\Corporate\VideoOS.Administration.AddIn.UnitTests\bin\x64\Debug\net472\VideoOS.Administration.AddIn.UnitTests.dll" adapterTypeName="executor://mstestadapter/v2" className="VideoOS.Administration.AddIn.UnitTests.PrivacyProtectionValidatorTests" name="TestTwoPermanent" />
    </UnitTest>
    <UnitTest name="AddpluginProperties_AddsHeader2_OnPluginWithNestedItemsWithParentProperty" storage="d:\actions-runner\_work\xpco\xpco\corporate\videoos.administration.addin.unittests\bin\x64\debug\net472\videoos.administration.addin.unittests.dll" id="2de94246-b1b3-666f-9a49-52db0735f8ec">
      <TestCategory>
        <TestCategoryItem TestCategory="Platform" />
      </TestCategory>
      <Execution id="a2f42684-6a76-4259-83d3-a6ffe80623d3" />
      <TestMethod codeBase="D:\actions-runner\_work\XPCO\XPCO\Corporate\VideoOS.Administration.AddIn.UnitTests\bin\x64\Debug\net472\VideoOS.Administration.AddIn.UnitTests.dll" adapterTypeName="executor://mstestadapter/v2" className="VideoOS.Administration.AddIn.UnitTests.PlatformAddin.PlatformConfigReportTests" name="AddpluginProperties_AddsHeader2_OnPluginWithNestedItemsWithParentProperty" />
    </UnitTest>
    <UnitTest name="TestCompositeGrid_SetRegionOnPopulatedMaskSetsTheRightCells" storage="d:\actions-runner\_work\xpco\xpco\corporate\videoos.administration.addin.unittests\bin\x64\debug\net472\videoos.administration.addin.unittests.dll" id="3167ebd5-9d03-cc65-8ee5-1b043d4db54a">
      <Execution id="7b34cabc-1d86-403a-b7ba-3c2613a10ae5" />
      <TestMethod codeBase="D:\actions-runner\_work\XPCO\XPCO\Corporate\VideoOS.Administration.AddIn.UnitTests\bin\x64\Debug\net472\VideoOS.Administration.AddIn.UnitTests.dll" adapterTypeName="executor://mstestadapter/v2" className="VideoOS.Administration.AddIn.UnitTests.RecorderAddIn.PrivacyProtectionHelpers.CompositeGridTests" name="TestCompositeGrid_SetRegionOnPopulatedMaskSetsTheRightCells" />
    </UnitTest>
    <UnitTest name="DeviceStreamsPresenter_ValidateAndSave_MayHaveOldData_RecordingToSecondary_HasOldData_No" storage="d:\actions-runner\_work\xpco\xpco\corporate\videoos.administration.addin.unittests\bin\x64\debug\net472\videoos.administration.addin.unittests.dll" id="f66b097e-1272-7bc4-fa1a-597a4f227afe">
      <Execution id="3b84777c-afb0-4626-aa5c-d2806622313a" />
      <TestMethod codeBase="D:\actions-runner\_work\XPCO\XPCO\Corporate\VideoOS.Administration.AddIn.UnitTests\bin\x64\Debug\net472\VideoOS.Administration.AddIn.UnitTests.dll" adapterTypeName="executor://mstestadapter/v2" className="VideoOS.Administration.AddIn.UnitTests.DeviceStreamsPresenterTests" name="DeviceStreamsPresenter_ValidateAndSave_MayHaveOldData_RecordingToSecondary_HasOldData_No" />
    </UnitTest>
    <UnitTest name="DeviceStreamsPresenter_ValidateAndSave_MayHaveOldData_RecordingToSecondary_NoOldData" storage="d:\actions-runner\_work\xpco\xpco\corporate\videoos.administration.addin.unittests\bin\x64\debug\net472\videoos.administration.addin.unittests.dll" id="6059e5c4-a90d-5ac2-0d2b-936594909c1a">
      <Execution id="82ba5daf-b63f-4332-8687-e8f3aeed7ed7" />
      <TestMethod codeBase="D:\actions-runner\_work\XPCO\XPCO\Corporate\VideoOS.Administration.AddIn.UnitTests\bin\x64\Debug\net472\VideoOS.Administration.AddIn.UnitTests.dll" adapterTypeName="executor://mstestadapter/v2" className="VideoOS.Administration.AddIn.UnitTests.DeviceStreamsPresenterTests" name="DeviceStreamsPresenter_ValidateAndSave_MayHaveOldData_RecordingToSecondary_NoOldData" />
    </UnitTest>
    <UnitTest name="PlatformTree_SetState_ToError" storage="d:\actions-runner\_work\xpco\xpco\corporate\videoos.administration.addin.unittests\bin\x64\debug\net472\videoos.administration.addin.unittests.dll" id="90b10b14-7a78-1738-3007-39368c3d3e19">
      <TestCategory>
        <TestCategoryItem TestCategory="PlatformTree" />
      </TestCategory>
      <Execution id="08fe4ce8-1081-413e-b7e2-759dd046f1fd" />
      <TestMethod codeBase="D:\actions-runner\_work\XPCO\XPCO\Corporate\VideoOS.Administration.AddIn.UnitTests\bin\x64\Debug\net472\VideoOS.Administration.AddIn.UnitTests.dll" adapterTypeName="executor://mstestadapter/v2" className="VideoOS.Administration.AddIn.UnitTests.PlatformAddin.PlatformTreeTest" name="PlatformTree_SetState_ToError" />
    </UnitTest>
    <UnitTest name="DeviceStreamsPresenter_StreamGridCellChange_SelectNewPrimary_SwapsRecordingSettings" storage="d:\actions-runner\_work\xpco\xpco\corporate\videoos.administration.addin.unittests\bin\x64\debug\net472\videoos.administration.addin.unittests.dll" id="5b67e5a6-de18-0cc4-3118-000a26175608">
      <Execution id="26d0337e-d228-4e7f-93cb-bb8ae14b858c" />
      <TestMethod codeBase="D:\actions-runner\_work\XPCO\XPCO\Corporate\VideoOS.Administration.AddIn.UnitTests\bin\x64\Debug\net472\VideoOS.Administration.AddIn.UnitTests.dll" adapterTypeName="executor://mstestadapter/v2" className="VideoOS.Administration.AddIn.UnitTests.DeviceStreamsPresenterTests" name="DeviceStreamsPresenter_StreamGridCellChange_SelectNewPrimary_SwapsRecordingSettings" />
    </UnitTest>
    <UnitTest name="AutoDiscovery_HardwareSetupInfoManager_ProcessTasksResults_Success_NonDefault" storage="d:\actions-runner\_work\xpco\xpco\corporate\videoos.administration.addin.unittests\bin\x64\debug\net472\videoos.administration.addin.unittests.dll" id="2261a751-4664-f3d2-ac16-d6207f18ec2d">
      <TestCategory>
        <TestCategoryItem TestCategory="AutoDiscovery_HardwareSetupInfoManager" />
      </TestCategory>
      <Execution id="25029158-d0ae-4c7c-bd66-77bf8c76587b" />
      <TestMethod codeBase="D:\actions-runner\_work\XPCO\XPCO\Corporate\VideoOS.Administration.AddIn.UnitTests\bin\x64\Debug\net472\VideoOS.Administration.AddIn.UnitTests.dll" adapterTypeName="executor://mstestadapter/v2" className="VideoOS.Administration.AddIn.UnitTests.RecorderAddIn.HardwareLocator.AutoDiscovery_HardwareSetupInfoManagerUnittest" name="AutoDiscovery_HardwareSetupInfoManager_ProcessTasksResults_Success_NonDefault" />
    </UnitTest>
    <UnitTest name="GetDailyPatternText_ThrowsArgumentNullException_OnNullAsRecurrence" storage="d:\actions-runner\_work\xpco\xpco\corporate\videoos.administration.addin.unittests\bin\x64\debug\net472\videoos.administration.addin.unittests.dll" id="50f5190c-77aa-73fd-8fa6-6084f385f6e3">
      <TestCategory>
        <TestCategoryItem TestCategory="Time profile" />
      </TestCategory>
      <Execution id="f95c34a0-2465-4871-8d07-938e608cbd94" />
      <TestMethod codeBase="D:\actions-runner\_work\XPCO\XPCO\Corporate\VideoOS.Administration.AddIn.UnitTests\bin\x64\Debug\net472\VideoOS.Administration.AddIn.UnitTests.dll" adapterTypeName="executor://mstestadapter/v2" className="VideoOS.Administration.AddIn.UnitTests.DialogSelectRecurrenceTests" name="GetDailyPatternText_ThrowsArgumentNullException_OnNullAsRecurrence" />
    </UnitTest>
    <UnitTest name="SystemDashboard_TestDataProviderGetCameraGroupsWithChild" storage="d:\actions-runner\_work\xpco\xpco\corporate\videoos.administration.addin.unittests\bin\x64\debug\net472\videoos.administration.addin.unittests.dll" id="514a0ad8-deb8-9870-fd96-a41b49aa3f85">
      <Execution id="ae0131b8-7b17-4ab3-aba2-7c7c1a377aca" />
      <TestMethod codeBase="D:\actions-runner\_work\XPCO\XPCO\Corporate\VideoOS.Administration.AddIn.UnitTests\bin\x64\Debug\net472\VideoOS.Administration.AddIn.UnitTests.dll" adapterTypeName="executor://mstestadapter/v2" className="VideoOS.Administration.AddIn.UnitTests.SystemDashboardDataProviderTests" name="SystemDashboard_TestDataProviderGetCameraGroupsWithChild" />
    </UnitTest>
    <UnitTest name="AutoDiscovery_HardwareSetupInfoManager_HardwareSetupInfoSetupResponseReceived_WhenRecorderUnavailable" storage="d:\actions-runner\_work\xpco\xpco\corporate\videoos.administration.addin.unittests\bin\x64\debug\net472\videoos.administration.addin.unittests.dll" id="3b06ea4a-1ca1-14f8-3345-6575847cb053">
      <TestCategory>
        <TestCategoryItem TestCategory="AutoDiscovery_HardwareSetupInfoManager" />
      </TestCategory>
      <Execution id="f121be86-b4f9-463c-ab0d-6fd194d2fc59" />
      <TestMethod codeBase="D:\actions-runner\_work\XPCO\XPCO\Corporate\VideoOS.Administration.AddIn.UnitTests\bin\x64\Debug\net472\VideoOS.Administration.AddIn.UnitTests.dll" adapterTypeName="executor://mstestadapter/v2" className="VideoOS.Administration.AddIn.UnitTests.RecorderAddIn.HardwareLocator.AutoDiscovery_HardwareSetupInfoManagerUnittest" name="AutoDiscovery_HardwareSetupInfoManager_HardwareSetupInfoSetupResponseReceived_WhenRecorderUnavailable" />
    </UnitTest>
    <UnitTest name="DevicePositionWithCoordinates_ShouldBeVisible_WhenDeviceIsInput" storage="d:\actions-runner\_work\xpco\xpco\corporate\videoos.administration.addin.unittests\bin\x64\debug\net472\videoos.administration.addin.unittests.dll" id="12d5671b-1d95-5f19-2343-7d0d9f6e0359">
      <Execution id="71b63492-e8fe-4500-ab5e-c1449fdc6062" />
      <TestMethod codeBase="D:\actions-runner\_work\XPCO\XPCO\Corporate\VideoOS.Administration.AddIn.UnitTests\bin\x64\Debug\net472\VideoOS.Administration.AddIn.UnitTests.dll" adapterTypeName="executor://mstestadapter/v2" className="VideoOS.Administration.AddIn.UnitTests.UserControlDeviceInfoTests" name="DevicePositionWithCoordinates_ShouldBeVisible_WhenDeviceIsInput" />
    </UnitTest>
    <UnitTest name="AutoDiscovery_HardwareSetupInfoManager_HardwareSetupInfoSetupResponseReceived_WhenRecorderNotSupported" storage="d:\actions-runner\_work\xpco\xpco\corporate\videoos.administration.addin.unittests\bin\x64\debug\net472\videoos.administration.addin.unittests.dll" id="595bf762-4f20-f45f-ee3e-614e3940d1fc">
      <TestCategory>
        <TestCategoryItem TestCategory="AutoDiscovery_HardwareSetupInfoManager" />
      </TestCategory>
      <Execution id="349dd2a9-d2fc-4701-9d2c-daae69ccfbcf" />
      <TestMethod codeBase="D:\actions-runner\_work\XPCO\XPCO\Corporate\VideoOS.Administration.AddIn.UnitTests\bin\x64\Debug\net472\VideoOS.Administration.AddIn.UnitTests.dll" adapterTypeName="executor://mstestadapter/v2" className="VideoOS.Administration.AddIn.UnitTests.RecorderAddIn.HardwareLocator.AutoDiscovery_HardwareSetupInfoManagerUnittest" name="AutoDiscovery_HardwareSetupInfoManager_HardwareSetupInfoSetupResponseReceived_WhenRecorderNotSupported" />
    </UnitTest>
    <UnitTest name="Compare_Returns1_OnNoneVsSelectDevice" storage="d:\actions-runner\_work\xpco\xpco\corporate\videoos.administration.addin.unittests\bin\x64\debug\net472\videoos.administration.addin.unittests.dll" id="aaab42ce-021d-bb5a-442c-e190c87332cd">
      <TestCategory>
        <TestCategoryItem TestCategory="Replace Hardware" />
      </TestCategory>
      <Execution id="8674f597-44f9-4e40-9e67-fa00236afdc7" />
      <TestMethod codeBase="D:\actions-runner\_work\XPCO\XPCO\Corporate\VideoOS.Administration.AddIn.UnitTests\bin\x64\Debug\net472\VideoOS.Administration.AddIn.UnitTests.dll" adapterTypeName="executor://mstestadapter/v2" className="VideoOS.Administration.AddIn.UnitTests.ComboBoxItemComparerTests" name="Compare_Returns1_OnNoneVsSelectDevice" />
    </UnitTest>
    <UnitTest name="DeviceStreamsPresenter_Activate_NotAllDevicesSupportStreams_AllDisabled" storage="d:\actions-runner\_work\xpco\xpco\corporate\videoos.administration.addin.unittests\bin\x64\debug\net472\videoos.administration.addin.unittests.dll" id="5de9e7c2-cf27-73b7-c670-2d53060c1776">
      <Execution id="34344d25-a5e9-46e5-b106-2ab2e96a7190" />
      <TestMethod codeBase="D:\actions-runner\_work\XPCO\XPCO\Corporate\VideoOS.Administration.AddIn.UnitTests\bin\x64\Debug\net472\VideoOS.Administration.AddIn.UnitTests.dll" adapterTypeName="executor://mstestadapter/v2" className="VideoOS.Administration.AddIn.UnitTests.DeviceStreamsPresenterTests" name="DeviceStreamsPresenter_Activate_NotAllDevicesSupportStreams_AllDisabled" />
    </UnitTest>
    <UnitTest name="ClientBasicUserCollection_ValidatePassword_PasswordsDoNotMatch" storage="d:\actions-runner\_work\xpco\xpco\corporate\videoos.administration.addin.unittests\bin\x64\debug\net472\videoos.administration.addin.unittests.dll" id="35ffa1c9-ba11-4e3f-2c66-a6646cb06b03">
      <Execution id="05106a16-7b77-42c8-b595-edeb5a65077f" />
      <TestMethod codeBase="D:\actions-runner\_work\XPCO\XPCO\Corporate\VideoOS.Administration.AddIn.UnitTests\bin\x64\Debug\net472\VideoOS.Administration.AddIn.UnitTests.dll" adapterTypeName="executor://mstestadapter/v2" className="VideoOS.Administration.AddIn.UnitTests.DialogChangePasswordTest" name="ClientBasicUserCollection_ValidatePassword_PasswordsDoNotMatch" />
    </UnitTest>
    <UnitTest name="TestPreviewImageEditor_ResizePreviewImageWithoutPreviewImage" storage="d:\actions-runner\_work\xpco\xpco\corporate\videoos.administration.addin.unittests\bin\x64\debug\net472\videoos.administration.addin.unittests.dll" id="9f158034-f8de-d402-0e7e-1781465a67b8">
      <Execution id="af753eea-801d-4d58-997e-c45c5f871251" />
      <TestMethod codeBase="D:\actions-runner\_work\XPCO\XPCO\Corporate\VideoOS.Administration.AddIn.UnitTests\bin\x64\Debug\net472\VideoOS.Administration.AddIn.UnitTests.dll" adapterTypeName="executor://mstestadapter/v2" className="VideoOS.Administration.AddIn.UnitTests.PreviewImageEditorTests" name="TestPreviewImageEditor_ResizePreviewImageWithoutPreviewImage" />
    </UnitTest>
    <UnitTest name="DeviceStreamsPresenter_RefreshData_NotSamenumberOfStreams_ShowsErrorText" storage="d:\actions-runner\_work\xpco\xpco\corporate\videoos.administration.addin.unittests\bin\x64\debug\net472\videoos.administration.addin.unittests.dll" id="e2637a74-d2c7-a2d5-ee31-d7217619f4e7">
      <Execution id="4937b222-c15d-4b0a-9081-136318341dc7" />
      <TestMethod codeBase="D:\actions-runner\_work\XPCO\XPCO\Corporate\VideoOS.Administration.AddIn.UnitTests\bin\x64\Debug\net472\VideoOS.Administration.AddIn.UnitTests.dll" adapterTypeName="executor://mstestadapter/v2" className="VideoOS.Administration.AddIn.UnitTests.DeviceStreamsPresenterTests" name="DeviceStreamsPresenter_RefreshData_NotSamenumberOfStreams_ShowsErrorText" />
    </UnitTest>
    <UnitTest name="AddAppointmentConfiguration_AddsNewStartDateToTable_OnAppointmentWithVariance" storage="d:\actions-runner\_work\xpco\xpco\corporate\videoos.administration.addin.unittests\bin\x64\debug\net472\videoos.administration.addin.unittests.dll" id="ce0d5b66-b440-5a00-230c-7d167b6fb70b">
      <TestCategory>
        <TestCategoryItem TestCategory="Time profile" />
      </TestCategory>
      <Execution id="cc5e99fa-5262-4a81-a6b1-77642665cc18" />
      <TestMethod codeBase="D:\actions-runner\_work\XPCO\XPCO\Corporate\VideoOS.Administration.AddIn.UnitTests\bin\x64\Debug\net472\VideoOS.Administration.AddIn.UnitTests.dll" adapterTypeName="executor://mstestadapter/v2" className="VideoOS.Administration.AddIn.UnitTests.DialogSelectRecurrenceTests" name="AddAppointmentConfiguration_AddsNewStartDateToTable_OnAppointmentWithVariance" />
    </UnitTest>
    <UnitTest name="ClientBasicUserCollection_ValidatePassword_PasswordTooLong" storage="d:\actions-runner\_work\xpco\xpco\corporate\videoos.administration.addin.unittests\bin\x64\debug\net472\videoos.administration.addin.unittests.dll" id="6052c099-a9d5-02de-7729-5b4b41817cea">
      <Execution id="d664c02f-bc3a-4c20-bca9-868356ba4f11" />
      <TestMethod codeBase="D:\actions-runner\_work\XPCO\XPCO\Corporate\VideoOS.Administration.AddIn.UnitTests\bin\x64\Debug\net472\VideoOS.Administration.AddIn.UnitTests.dll" adapterTypeName="executor://mstestadapter/v2" className="VideoOS.Administration.AddIn.UnitTests.DialogChangePasswordTest" name="ClientBasicUserCollection_ValidatePassword_PasswordTooLong" />
    </UnitTest>
    <UnitTest name="AddpluginProperties_DoesNotChangeAnything_OnPluginWithNoItems" storage="d:\actions-runner\_work\xpco\xpco\corporate\videoos.administration.addin.unittests\bin\x64\debug\net472\videoos.administration.addin.unittests.dll" id="97e68eba-2053-f7dd-778b-d27d1d343c88">
      <TestCategory>
        <TestCategoryItem TestCategory="Platform" />
      </TestCategory>
      <Execution id="dc476252-d77d-4adf-bed3-c23f24117049" />
      <TestMethod codeBase="D:\actions-runner\_work\XPCO\XPCO\Corporate\VideoOS.Administration.AddIn.UnitTests\bin\x64\Debug\net472\VideoOS.Administration.AddIn.UnitTests.dll" adapterTypeName="executor://mstestadapter/v2" className="VideoOS.Administration.AddIn.UnitTests.PlatformAddin.PlatformConfigReportTests" name="AddpluginProperties_DoesNotChangeAnything_OnPluginWithNoItems" />
    </UnitTest>
    <UnitTest name="AddOptionsDialogProperties_AddsParentHeader_OnParentProperty" storage="d:\actions-runner\_work\xpco\xpco\corporate\videoos.administration.addin.unittests\bin\x64\debug\net472\videoos.administration.addin.unittests.dll" id="2ee4f7d8-9044-e199-e31c-2b7c0ca03fcd">
      <TestCategory>
        <TestCategoryItem TestCategory="Platform" />
      </TestCategory>
      <Execution id="22de7740-312b-455c-979f-30bd6f1813c1" />
      <TestMethod codeBase="D:\actions-runner\_work\XPCO\XPCO\Corporate\VideoOS.Administration.AddIn.UnitTests\bin\x64\Debug\net472\VideoOS.Administration.AddIn.UnitTests.dll" adapterTypeName="executor://mstestadapter/v2" className="VideoOS.Administration.AddIn.UnitTests.PlatformAddin.PlatformConfigReportTests" name="AddOptionsDialogProperties_AddsParentHeader_OnParentProperty" />
    </UnitTest>
    <UnitTest name="DeviceStreamsPresenter_StreamGridCellChange_DisableRecording_EnsuresValidSettings" storage="d:\actions-runner\_work\xpco\xpco\corporate\videoos.administration.addin.unittests\bin\x64\debug\net472\videoos.administration.addin.unittests.dll" id="06aa8121-e41e-fa43-fdec-4e6f9e738b15">
      <Execution id="7e9cea8c-2c3e-4720-b08d-0c6e92e898fc" />
      <TestMethod codeBase="D:\actions-runner\_work\XPCO\XPCO\Corporate\VideoOS.Administration.AddIn.UnitTests\bin\x64\Debug\net472\VideoOS.Administration.AddIn.UnitTests.dll" adapterTypeName="executor://mstestadapter/v2" className="VideoOS.Administration.AddIn.UnitTests.DeviceStreamsPresenterTests" name="DeviceStreamsPresenter_StreamGridCellChange_DisableRecording_EnsuresValidSettings" />
    </UnitTest>
    <UnitTest name="AddAppointmentConfiguration_ThrowsArgumentNullException_OnNullAsAppointment" storage="d:\actions-runner\_work\xpco\xpco\corporate\videoos.administration.addin.unittests\bin\x64\debug\net472\videoos.administration.addin.unittests.dll" id="fbdd3912-5b94-1ff4-6d2d-766e2bd6338d">
      <TestCategory>
        <TestCategoryItem TestCategory="Time profile" />
      </TestCategory>
      <Execution id="04d0219b-fd39-4338-81d1-789f81ae0dca" />
      <TestMethod codeBase="D:\actions-runner\_work\XPCO\XPCO\Corporate\VideoOS.Administration.AddIn.UnitTests\bin\x64\Debug\net472\VideoOS.Administration.AddIn.UnitTests.dll" adapterTypeName="executor://mstestadapter/v2" className="VideoOS.Administration.AddIn.UnitTests.DialogSelectRecurrenceTests" name="AddAppointmentConfiguration_ThrowsArgumentNullException_OnNullAsAppointment" />
    </UnitTest>
    <UnitTest name="DirectionFieldOfViewDepthControls_ShouldNotBeVisible_WhenDeviceIsMicrophone" storage="d:\actions-runner\_work\xpco\xpco\corporate\videoos.administration.addin.unittests\bin\x64\debug\net472\videoos.administration.addin.unittests.dll" id="cf4240f6-b776-f2e0-168e-f6203ba14593">
      <Execution id="26f8d7a7-5cdc-49e6-90bc-b9f57cc5fe6f" />
      <TestMethod codeBase="D:\actions-runner\_work\XPCO\XPCO\Corporate\VideoOS.Administration.AddIn.UnitTests\bin\x64\Debug\net472\VideoOS.Administration.AddIn.UnitTests.dll" adapterTypeName="executor://mstestadapter/v2" className="VideoOS.Administration.AddIn.UnitTests.UserControlDeviceInfoTests" name="DirectionFieldOfViewDepthControls_ShouldNotBeVisible_WhenDeviceIsMicrophone" />
    </UnitTest>
    <UnitTest name="AutoDiscovery_HardwareSetupInfoManager_HardwareSetupInfoSetupResponseReceived_WhenArgumentException" storage="d:\actions-runner\_work\xpco\xpco\corporate\videoos.administration.addin.unittests\bin\x64\debug\net472\videoos.administration.addin.unittests.dll" id="442bfdb8-6755-dd70-6925-c250c18089b5">
      <TestCategory>
        <TestCategoryItem TestCategory="AutoDiscovery_HardwareSetupInfoManager" />
      </TestCategory>
      <Execution id="ae9e1409-bdcc-48d7-819c-e04e78e797ce" />
      <TestMethod codeBase="D:\actions-runner\_work\XPCO\XPCO\Corporate\VideoOS.Administration.AddIn.UnitTests\bin\x64\Debug\net472\VideoOS.Administration.AddIn.UnitTests.dll" adapterTypeName="executor://mstestadapter/v2" className="VideoOS.Administration.AddIn.UnitTests.RecorderAddIn.HardwareLocator.AutoDiscovery_HardwareSetupInfoManagerUnittest" name="AutoDiscovery_HardwareSetupInfoManager_HardwareSetupInfoSetupResponseReceived_WhenArgumentException" />
    </UnitTest>
    <UnitTest name="MatchDevices_newDevicesAreNull_ShouldReturnEmptyList" storage="d:\actions-runner\_work\xpco\xpco\corporate\videoos.administration.addin.unittests\bin\x64\debug\net472\videoos.administration.addin.unittests.dll" id="e2c0a451-86f5-7ec7-6eba-69b3ea02205c">
      <Execution id="6d42d701-12cd-4741-a873-24116a2893d4" />
      <TestMethod codeBase="D:\actions-runner\_work\XPCO\XPCO\Corporate\VideoOS.Administration.AddIn.UnitTests\bin\x64\Debug\net472\VideoOS.Administration.AddIn.UnitTests.dll" adapterTypeName="executor://mstestadapter/v2" className="VideoOS.Administration.AddIn.UnitTests.RecorderAddIn.ReplaceHardware.HardwareMapperTests" name="MatchDevices_newDevicesAreNull_ShouldReturnEmptyList" />
    </UnitTest>
    <UnitTest name="AddOptionsDialogPlugin_ThrowsArgumentNullException_OnNullAsReport" storage="d:\actions-runner\_work\xpco\xpco\corporate\videoos.administration.addin.unittests\bin\x64\debug\net472\videoos.administration.addin.unittests.dll" id="5c6ca79f-4c79-7428-457c-4d969b38020c">
      <TestCategory>
        <TestCategoryItem TestCategory="Platform" />
      </TestCategory>
      <Execution id="949ae182-74a3-4d95-9ed6-fc772e636455" />
      <TestMethod codeBase="D:\actions-runner\_work\XPCO\XPCO\Corporate\VideoOS.Administration.AddIn.UnitTests\bin\x64\Debug\net472\VideoOS.Administration.AddIn.UnitTests.dll" adapterTypeName="executor://mstestadapter/v2" className="VideoOS.Administration.AddIn.UnitTests.PlatformAddin.PlatformConfigReportTests" name="AddOptionsDialogPlugin_ThrowsArgumentNullException_OnNullAsReport" />
    </UnitTest>
    <UnitTest name="TestPreviewImageEditor_ResizeGridWithSameSizePreviewImage" storage="d:\actions-runner\_work\xpco\xpco\corporate\videoos.administration.addin.unittests\bin\x64\debug\net472\videoos.administration.addin.unittests.dll" id="055efc15-27d5-5515-2e81-5e5597c90307">
      <Execution id="eb6f329e-f482-4ed7-b3d7-2bdb9c62449b" />
      <TestMethod codeBase="D:\actions-runner\_work\XPCO\XPCO\Corporate\VideoOS.Administration.AddIn.UnitTests\bin\x64\Debug\net472\VideoOS.Administration.AddIn.UnitTests.dll" adapterTypeName="executor://mstestadapter/v2" className="VideoOS.Administration.AddIn.UnitTests.PreviewImageEditorTests" name="TestPreviewImageEditor_ResizeGridWithSameSizePreviewImage" />
    </UnitTest>
    <UnitTest name="MayHaveOldData_Multi_None_Track" storage="d:\actions-runner\_work\xpco\xpco\corporate\videoos.administration.addin.unittests\bin\x64\debug\net472\videoos.administration.addin.unittests.dll" id="f9140294-7161-930e-3488-b421ac84fa57">
      <Execution id="c6ebebbd-b67d-48fd-b48c-9df96dde2428" />
      <TestMethod codeBase="D:\actions-runner\_work\XPCO\XPCO\Corporate\VideoOS.Administration.AddIn.UnitTests\bin\x64\Debug\net472\VideoOS.Administration.AddIn.UnitTests.dll" adapterTypeName="executor://mstestadapter/v2" className="VideoOS.Administration.AddIn.UnitTests.DeviceStreamQueryTests" name="MayHaveOldData_Multi_None_Track" />
    </UnitTest>
    <UnitTest name="Compare_Returns1_OnBVsA" storage="d:\actions-runner\_work\xpco\xpco\corporate\videoos.administration.addin.unittests\bin\x64\debug\net472\videoos.administration.addin.unittests.dll" id="ad2eced8-c5b4-046f-24ae-008dc9a23201">
      <TestCategory>
        <TestCategoryItem TestCategory="Replace Hardware" />
      </TestCategory>
      <Execution id="ff2105c1-128c-4e76-96be-a8b69917e922" />
      <TestMethod codeBase="D:\actions-runner\_work\XPCO\XPCO\Corporate\VideoOS.Administration.AddIn.UnitTests\bin\x64\Debug\net472\VideoOS.Administration.AddIn.UnitTests.dll" adapterTypeName="executor://mstestadapter/v2" className="VideoOS.Administration.AddIn.UnitTests.ComboBoxItemComparerTests" name="Compare_Returns1_OnBVsA" />
    </UnitTest>
    <UnitTest name="AddOptionsDialogProperties_DoesNotChangeReport_OnToolsOptionsDialogPluginReturningNull" storage="d:\actions-runner\_work\xpco\xpco\corporate\videoos.administration.addin.unittests\bin\x64\debug\net472\videoos.administration.addin.unittests.dll" id="b25051d6-3bcd-4a50-34aa-d755cd1b4e2c">
      <TestCategory>
        <TestCategoryItem TestCategory="Platform" />
      </TestCategory>
      <Execution id="b7d451f5-d005-401f-8a3b-616944bf12ba" />
      <TestMethod codeBase="D:\actions-runner\_work\XPCO\XPCO\Corporate\VideoOS.Administration.AddIn.UnitTests\bin\x64\Debug\net472\VideoOS.Administration.AddIn.UnitTests.dll" adapterTypeName="executor://mstestadapter/v2" className="VideoOS.Administration.AddIn.UnitTests.PlatformAddin.PlatformConfigReportTests" name="AddOptionsDialogProperties_DoesNotChangeReport_OnToolsOptionsDialogPluginReturningNull" />
    </UnitTest>
    <UnitTest name="GetDailyPatternText_ReturnsEveryXDays_OnPattern" storage="d:\actions-runner\_work\xpco\xpco\corporate\videoos.administration.addin.unittests\bin\x64\debug\net472\videoos.administration.addin.unittests.dll" id="bd56244a-4df2-568c-9200-398d9e2a3308">
      <TestCategory>
        <TestCategoryItem TestCategory="Time profile" />
      </TestCategory>
      <Execution id="85e714ce-b184-4759-b3a7-56e222ce2056" />
      <TestMethod codeBase="D:\actions-runner\_work\XPCO\XPCO\Corporate\VideoOS.Administration.AddIn.UnitTests\bin\x64\Debug\net472\VideoOS.Administration.AddIn.UnitTests.dll" adapterTypeName="executor://mstestadapter/v2" className="VideoOS.Administration.AddIn.UnitTests.DialogSelectRecurrenceTests" name="GetDailyPatternText_ReturnsEveryXDays_OnPattern" />
    </UnitTest>
    <UnitTest name="Compare_ReturnsNegative1_OnAVsB" storage="d:\actions-runner\_work\xpco\xpco\corporate\videoos.administration.addin.unittests\bin\x64\debug\net472\videoos.administration.addin.unittests.dll" id="9126e5b8-7a8d-f9bb-e86d-5d103a7d2977">
      <TestCategory>
        <TestCategoryItem TestCategory="Replace Hardware" />
      </TestCategory>
      <Execution id="bac59cde-9366-4a6d-aa29-f72406f9f0b4" />
      <TestMethod codeBase="D:\actions-runner\_work\XPCO\XPCO\Corporate\VideoOS.Administration.AddIn.UnitTests\bin\x64\Debug\net472\VideoOS.Administration.AddIn.UnitTests.dll" adapterTypeName="executor://mstestadapter/v2" className="VideoOS.Administration.AddIn.UnitTests.ComboBoxItemComparerTests" name="Compare_ReturnsNegative1_OnAVsB" />
    </UnitTest>
    <UnitTest name="DirectionFieldOfViewDepthControls_ShouldNotBeVisible_WhenDeviceIsInput" storage="d:\actions-runner\_work\xpco\xpco\corporate\videoos.administration.addin.unittests\bin\x64\debug\net472\videoos.administration.addin.unittests.dll" id="f4fe30d8-81ff-91b6-381c-716ded86139d">
      <Execution id="c6f91bb1-b2ab-44b3-85ee-f965fec6641c" />
      <TestMethod codeBase="D:\actions-runner\_work\XPCO\XPCO\Corporate\VideoOS.Administration.AddIn.UnitTests\bin\x64\Debug\net472\VideoOS.Administration.AddIn.UnitTests.dll" adapterTypeName="executor://mstestadapter/v2" className="VideoOS.Administration.AddIn.UnitTests.UserControlDeviceInfoTests" name="DirectionFieldOfViewDepthControls_ShouldNotBeVisible_WhenDeviceIsInput" />
    </UnitTest>
    <UnitTest name="TestThreeMethods" storage="d:\actions-runner\_work\xpco\xpco\corporate\videoos.administration.addin.unittests\bin\x64\debug\net472\videoos.administration.addin.unittests.dll" id="ef93a57e-b7be-340d-72dc-1100e7d56472">
      <Execution id="5f3734bf-394b-4d92-8301-0fa2a300cc1d" />
      <TestMethod codeBase="D:\actions-runner\_work\XPCO\XPCO\Corporate\VideoOS.Administration.AddIn.UnitTests\bin\x64\Debug\net472\VideoOS.Administration.AddIn.UnitTests.dll" adapterTypeName="executor://mstestadapter/v2" className="VideoOS.Administration.AddIn.UnitTests.PrivacyProtectionValidatorTests" name="TestThreeMethods" />
    </UnitTest>
    <UnitTest name="TestPreviewImageEditor_ResizeGridWithDifferentSizePreviewImage" storage="d:\actions-runner\_work\xpco\xpco\corporate\videoos.administration.addin.unittests\bin\x64\debug\net472\videoos.administration.addin.unittests.dll" id="1f6c3780-0b46-10b6-5aa8-308026cf9edc">
      <Execution id="f55f1194-9361-4230-9174-f271742ccd5a" />
      <TestMethod codeBase="D:\actions-runner\_work\XPCO\XPCO\Corporate\VideoOS.Administration.AddIn.UnitTests\bin\x64\Debug\net472\VideoOS.Administration.AddIn.UnitTests.dll" adapterTypeName="executor://mstestadapter/v2" className="VideoOS.Administration.AddIn.UnitTests.PreviewImageEditorTests" name="TestPreviewImageEditor_ResizeGridWithDifferentSizePreviewImage" />
    </UnitTest>
    <UnitTest name="DeviceStreamsPresenter_Activate_DevicesSetToNull_AllDisabled" storage="d:\actions-runner\_work\xpco\xpco\corporate\videoos.administration.addin.unittests\bin\x64\debug\net472\videoos.administration.addin.unittests.dll" id="0058f803-7ee6-3257-54ef-5fae891b8cf0">
      <Execution id="8bbcdd40-4962-4121-bdab-78e9e73867db" />
      <TestMethod codeBase="D:\actions-runner\_work\XPCO\XPCO\Corporate\VideoOS.Administration.AddIn.UnitTests\bin\x64\Debug\net472\VideoOS.Administration.AddIn.UnitTests.dll" adapterTypeName="executor://mstestadapter/v2" className="VideoOS.Administration.AddIn.UnitTests.DeviceStreamsPresenterTests" name="DeviceStreamsPresenter_Activate_DevicesSetToNull_AllDisabled" />
    </UnitTest>
    <UnitTest name="DeviceStreamsPresenter_RefreshData_DifferentTrackValues_ShowsTriState" storage="d:\actions-runner\_work\xpco\xpco\corporate\videoos.administration.addin.unittests\bin\x64\debug\net472\videoos.administration.addin.unittests.dll" id="b37c16ee-9521-5547-578e-a98e3534c451">
      <Execution id="19b2bc64-e4cb-4333-aae1-159b4125f8be" />
      <TestMethod codeBase="D:\actions-runner\_work\XPCO\XPCO\Corporate\VideoOS.Administration.AddIn.UnitTests\bin\x64\Debug\net472\VideoOS.Administration.AddIn.UnitTests.dll" adapterTypeName="executor://mstestadapter/v2" className="VideoOS.Administration.AddIn.UnitTests.DeviceStreamsPresenterTests" name="DeviceStreamsPresenter_RefreshData_DifferentTrackValues_ShowsTriState" />
    </UnitTest>
    <UnitTest name="TestOnePermanentWithMotion" storage="d:\actions-runner\_work\xpco\xpco\corporate\videoos.administration.addin.unittests\bin\x64\debug\net472\videoos.administration.addin.unittests.dll" id="3bbb3909-084e-73c4-7d53-31023b64f14e">
      <Execution id="30ec8a5e-d78f-448a-a782-47c04f0c47e3" />
      <TestMethod codeBase="D:\actions-runner\_work\XPCO\XPCO\Corporate\VideoOS.Administration.AddIn.UnitTests\bin\x64\Debug\net472\VideoOS.Administration.AddIn.UnitTests.dll" adapterTypeName="executor://mstestadapter/v2" className="VideoOS.Administration.AddIn.UnitTests.PrivacyProtectionValidatorTests" name="TestOnePermanentWithMotion" />
    </UnitTest>
    <UnitTest name="TestOneRemovableAndOnePermanent" storage="d:\actions-runner\_work\xpco\xpco\corporate\videoos.administration.addin.unittests\bin\x64\debug\net472\videoos.administration.addin.unittests.dll" id="e4add18a-55af-d630-149f-d01b50eb176b">
      <Execution id="e3a63424-5a96-40c4-9caa-6b899ee54fd6" />
      <TestMethod codeBase="D:\actions-runner\_work\XPCO\XPCO\Corporate\VideoOS.Administration.AddIn.UnitTests\bin\x64\Debug\net472\VideoOS.Administration.AddIn.UnitTests.dll" adapterTypeName="executor://mstestadapter/v2" className="VideoOS.Administration.AddIn.UnitTests.PrivacyProtectionValidatorTests" name="TestOneRemovableAndOnePermanent" />
    </UnitTest>
    <UnitTest name="MayHaveOldData_Multi_Track_StreamAndTrack" storage="d:\actions-runner\_work\xpco\xpco\corporate\videoos.administration.addin.unittests\bin\x64\debug\net472\videoos.administration.addin.unittests.dll" id="78f8ab4a-e141-8916-c5a5-1e06931af0cb">
      <Execution id="b9068649-e33a-45a8-8aa4-540f8f310307" />
      <TestMethod codeBase="D:\actions-runner\_work\XPCO\XPCO\Corporate\VideoOS.Administration.AddIn.UnitTests\bin\x64\Debug\net472\VideoOS.Administration.AddIn.UnitTests.dll" adapterTypeName="executor://mstestadapter/v2" className="VideoOS.Administration.AddIn.UnitTests.DeviceStreamQueryTests" name="MayHaveOldData_Multi_Track_StreamAndTrack" />
    </UnitTest>
    <UnitTest name="ClientBasicUserCollection_ValidateBasicUser_PasswordTooLong" storage="d:\actions-runner\_work\xpco\xpco\corporate\videoos.administration.addin.unittests\bin\x64\debug\net472\videoos.administration.addin.unittests.dll" id="d1cc468a-060a-e82e-7ac6-2d01aaae31c7">
      <Execution id="9fe649f8-9d9d-463a-8720-b79c244d69e1" />
      <TestMethod codeBase="D:\actions-runner\_work\XPCO\XPCO\Corporate\VideoOS.Administration.AddIn.UnitTests\bin\x64\Debug\net472\VideoOS.Administration.AddIn.UnitTests.dll" adapterTypeName="executor://mstestadapter/v2" className="VideoOS.Administration.AddIn.UnitTests.DialogNewBasicUserTest" name="ClientBasicUserCollection_ValidateBasicUser_PasswordTooLong" />
    </UnitTest>
    <UnitTest name="Systemdashboard_ConfigurationProviderGetServerTiles" storage="d:\actions-runner\_work\xpco\xpco\corporate\videoos.administration.addin.unittests\bin\x64\debug\net472\videoos.administration.addin.unittests.dll" id="d7928b7c-0303-69b6-8652-b6f02f92daa1">
      <Execution id="1749a170-0d22-47ff-a3ba-0b4d8c7506ce" />
      <TestMethod codeBase="D:\actions-runner\_work\XPCO\XPCO\Corporate\VideoOS.Administration.AddIn.UnitTests\bin\x64\Debug\net472\VideoOS.Administration.AddIn.UnitTests.dll" adapterTypeName="executor://mstestadapter/v2" className="VideoOS.Administration.AddIn.UnitTests.SystemDashboardConfigurationProviderTests" name="Systemdashboard_ConfigurationProviderGetServerTiles" />
    </UnitTest>
    <UnitTest name="AddpluginProperties_DoesNotAddHeading2_OnParentItemWithNoProperties" storage="d:\actions-runner\_work\xpco\xpco\corporate\videoos.administration.addin.unittests\bin\x64\debug\net472\videoos.administration.addin.unittests.dll" id="f466102f-ba2f-6676-6bab-97ec4d1b20b0">
      <TestCategory>
        <TestCategoryItem TestCategory="Platform" />
      </TestCategory>
      <Execution id="84d79cba-7cab-46df-8ede-79a41981b13f" />
      <TestMethod codeBase="D:\actions-runner\_work\XPCO\XPCO\Corporate\VideoOS.Administration.AddIn.UnitTests\bin\x64\Debug\net472\VideoOS.Administration.AddIn.UnitTests.dll" adapterTypeName="executor://mstestadapter/v2" className="VideoOS.Administration.AddIn.UnitTests.PlatformAddin.PlatformConfigReportTests" name="AddpluginProperties_DoesNotAddHeading2_OnParentItemWithNoProperties" />
    </UnitTest>
    <UnitTest name="GetDailyPatternText_ReturnsEveryWeekday_OnAllWeekdaysPattern" storage="d:\actions-runner\_work\xpco\xpco\corporate\videoos.administration.addin.unittests\bin\x64\debug\net472\videoos.administration.addin.unittests.dll" id="2a54071a-b705-d3bb-11fa-fd12943859ee">
      <TestCategory>
        <TestCategoryItem TestCategory="Time profile" />
      </TestCategory>
      <Execution id="b5ab840b-2ff3-4783-b101-1960b309898c" />
      <TestMethod codeBase="D:\actions-runner\_work\XPCO\XPCO\Corporate\VideoOS.Administration.AddIn.UnitTests\bin\x64\Debug\net472\VideoOS.Administration.AddIn.UnitTests.dll" adapterTypeName="executor://mstestadapter/v2" className="VideoOS.Administration.AddIn.UnitTests.DialogSelectRecurrenceTests" name="GetDailyPatternText_ReturnsEveryWeekday_OnAllWeekdaysPattern" />
    </UnitTest>
    <UnitTest name="TestPreviewImageEditor_UpdatePreviewImageWithoutGridOverlay" storage="d:\actions-runner\_work\xpco\xpco\corporate\videoos.administration.addin.unittests\bin\x64\debug\net472\videoos.administration.addin.unittests.dll" id="dc2d1873-40af-1880-a3e9-cd70e47c3b9b">
      <Execution id="d14f0496-c817-4988-a3be-667a53621ded" />
      <TestMethod codeBase="D:\actions-runner\_work\XPCO\XPCO\Corporate\VideoOS.Administration.AddIn.UnitTests\bin\x64\Debug\net472\VideoOS.Administration.AddIn.UnitTests.dll" adapterTypeName="executor://mstestadapter/v2" className="VideoOS.Administration.AddIn.UnitTests.PreviewImageEditorTests" name="TestPreviewImageEditor_UpdatePreviewImageWithoutGridOverlay" />
    </UnitTest>
    <UnitTest name="AddAppointmentConfiguration_CreatesProperSection_OnNonAllDayAppointment" storage="d:\actions-runner\_work\xpco\xpco\corporate\videoos.administration.addin.unittests\bin\x64\debug\net472\videoos.administration.addin.unittests.dll" id="848b4923-32c0-958d-351a-b85722593610">
      <TestCategory>
        <TestCategoryItem TestCategory="Time profile" />
      </TestCategory>
      <Execution id="8f1fe93e-9751-4d1a-b6f9-2718d2695b7c" />
      <TestMethod codeBase="D:\actions-runner\_work\XPCO\XPCO\Corporate\VideoOS.Administration.AddIn.UnitTests\bin\x64\Debug\net472\VideoOS.Administration.AddIn.UnitTests.dll" adapterTypeName="executor://mstestadapter/v2" className="VideoOS.Administration.AddIn.UnitTests.DialogSelectSingleTimeTests" name="AddAppointmentConfiguration_CreatesProperSection_OnNonAllDayAppointment" />
    </UnitTest>
    <UnitTest name="DeviceStreamsPresenter_ValidateAndSave_Success" storage="d:\actions-runner\_work\xpco\xpco\corporate\videoos.administration.addin.unittests\bin\x64\debug\net472\videoos.administration.addin.unittests.dll" id="dc4a964a-8aea-3cf4-92b2-b3bdaf29744b">
      <Execution id="ffcd9f47-8d50-414a-9cdf-2a62de8009f0" />
      <TestMethod codeBase="D:\actions-runner\_work\XPCO\XPCO\Corporate\VideoOS.Administration.AddIn.UnitTests\bin\x64\Debug\net472\VideoOS.Administration.AddIn.UnitTests.dll" adapterTypeName="executor://mstestadapter/v2" className="VideoOS.Administration.AddIn.UnitTests.DeviceStreamsPresenterTests" name="DeviceStreamsPresenter_ValidateAndSave_Success" />
    </UnitTest>
    <UnitTest name="SystemDashboard_TestConfigTypeExtensionMethodsReturnCorrectCollection" storage="d:\actions-runner\_work\xpco\xpco\corporate\videoos.administration.addin.unittests\bin\x64\debug\net472\videoos.administration.addin.unittests.dll" id="816db9f9-3df5-e262-9b7e-249748721d30">
      <Execution id="f752b5d5-bc02-47fa-8668-70907e2437dc" />
      <TestMethod codeBase="D:\actions-runner\_work\XPCO\XPCO\Corporate\VideoOS.Administration.AddIn.UnitTests\bin\x64\Debug\net472\VideoOS.Administration.AddIn.UnitTests.dll" adapterTypeName="executor://mstestadapter/v2" className="VideoOS.Administration.AddIn.UnitTests.SystemDashboardDataProviderTests" name="SystemDashboard_TestConfigTypeExtensionMethodsReturnCorrectCollection" />
    </UnitTest>
    <UnitTest name="AutoDiscovery_HardwareSetupInfoManager_ProcessFailedTaskResults_Mixed" storage="d:\actions-runner\_work\xpco\xpco\corporate\videoos.administration.addin.unittests\bin\x64\debug\net472\videoos.administration.addin.unittests.dll" id="9f3f81a0-56f3-5453-9f09-600ca79ac433">
      <TestCategory>
        <TestCategoryItem TestCategory="AutoDiscovery_HardwareSetupInfoManager" />
      </TestCategory>
      <Execution id="30645d50-ffa4-4120-ae28-8a7674ec81c6" />
      <TestMethod codeBase="D:\actions-runner\_work\XPCO\XPCO\Corporate\VideoOS.Administration.AddIn.UnitTests\bin\x64\Debug\net472\VideoOS.Administration.AddIn.UnitTests.dll" adapterTypeName="executor://mstestadapter/v2" className="VideoOS.Administration.AddIn.UnitTests.RecorderAddIn.HardwareLocator.AutoDiscovery_HardwareSetupInfoManagerUnittest" name="AutoDiscovery_HardwareSetupInfoManager_ProcessFailedTaskResults_Mixed" />
    </UnitTest>
    <UnitTest name="AddAppointmentConfiguration_AddsRecurencePatternToTable_OnAppointmentWithRecurrenceDaily" storage="d:\actions-runner\_work\xpco\xpco\corporate\videoos.administration.addin.unittests\bin\x64\debug\net472\videoos.administration.addin.unittests.dll" id="88b6b6f5-1948-7766-0826-2aefcab9d158">
      <TestCategory>
        <TestCategoryItem TestCategory="Time profile" />
      </TestCategory>
      <Execution id="30bbec7f-6aac-4092-be0e-e2f63e7d235a" />
      <TestMethod codeBase="D:\actions-runner\_work\XPCO\XPCO\Corporate\VideoOS.Administration.AddIn.UnitTests\bin\x64\Debug\net472\VideoOS.Administration.AddIn.UnitTests.dll" adapterTypeName="executor://mstestadapter/v2" className="VideoOS.Administration.AddIn.UnitTests.DialogSelectRecurrenceTests" name="AddAppointmentConfiguration_AddsRecurencePatternToTable_OnAppointmentWithRecurrenceDaily" />
    </UnitTest>
    <UnitTest name="DeviceStreamsPresenter_StreamGridCellChange_SelectLiveModeNever_ResetsValueIfNoOtherRow" storage="d:\actions-runner\_work\xpco\xpco\corporate\videoos.administration.addin.unittests\bin\x64\debug\net472\videoos.administration.addin.unittests.dll" id="d7ea0b97-0362-b71d-a237-a315ab00de7c">
      <Execution id="d17ce1c3-11e4-4621-b400-1291498894ad" />
      <TestMethod codeBase="D:\actions-runner\_work\XPCO\XPCO\Corporate\VideoOS.Administration.AddIn.UnitTests\bin\x64\Debug\net472\VideoOS.Administration.AddIn.UnitTests.dll" adapterTypeName="executor://mstestadapter/v2" className="VideoOS.Administration.AddIn.UnitTests.DeviceStreamsPresenterTests" name="DeviceStreamsPresenter_StreamGridCellChange_SelectLiveModeNever_ResetsValueIfNoOtherRow" />
    </UnitTest>
    <UnitTest name="MatchDevices_SingleCameraReplace_ShouldGetTheCorrectMappingBack" storage="d:\actions-runner\_work\xpco\xpco\corporate\videoos.administration.addin.unittests\bin\x64\debug\net472\videoos.administration.addin.unittests.dll" id="3c6a3fd6-1062-1815-8bfd-6cc43579db2a">
      <Execution id="350a51ad-3460-4ae5-979c-ecb7eaa28347" />
      <TestMethod codeBase="D:\actions-runner\_work\XPCO\XPCO\Corporate\VideoOS.Administration.AddIn.UnitTests\bin\x64\Debug\net472\VideoOS.Administration.AddIn.UnitTests.dll" adapterTypeName="executor://mstestadapter/v2" className="VideoOS.Administration.AddIn.UnitTests.RecorderAddIn.ReplaceHardware.HardwareMapperTests" name="MatchDevices_SingleCameraReplace_ShouldGetTheCorrectMappingBack" />
    </UnitTest>
    <UnitTest name="TestPreviewImageEditor_RenderImageWithUnsupportedMask" storage="d:\actions-runner\_work\xpco\xpco\corporate\videoos.administration.addin.unittests\bin\x64\debug\net472\videoos.administration.addin.unittests.dll" id="0438abe8-4439-c3c9-60ea-78deff67b8aa">
      <Execution id="90e60d22-3f02-44b9-a6d4-359f8cbfa6ab" />
      <TestMethod codeBase="D:\actions-runner\_work\XPCO\XPCO\Corporate\VideoOS.Administration.AddIn.UnitTests\bin\x64\Debug\net472\VideoOS.Administration.AddIn.UnitTests.dll" adapterTypeName="executor://mstestadapter/v2" className="VideoOS.Administration.AddIn.UnitTests.PreviewImageEditorTests" name="TestPreviewImageEditor_RenderImageWithUnsupportedMask" />
    </UnitTest>
    <UnitTest name="Compare_ThrowsArgumentNullException_OnNullAsY" storage="d:\actions-runner\_work\xpco\xpco\corporate\videoos.administration.addin.unittests\bin\x64\debug\net472\videoos.administration.addin.unittests.dll" id="5fde95c3-7e30-e8c4-e680-fa0ae9e4a267">
      <TestCategory>
        <TestCategoryItem TestCategory="Replace Hardware" />
      </TestCategory>
      <Execution id="2019c319-8e11-4c51-9131-36421ce5c3f8" />
      <TestMethod codeBase="D:\actions-runner\_work\XPCO\XPCO\Corporate\VideoOS.Administration.AddIn.UnitTests\bin\x64\Debug\net472\VideoOS.Administration.AddIn.UnitTests.dll" adapterTypeName="executor://mstestadapter/v2" className="VideoOS.Administration.AddIn.UnitTests.ComboBoxItemComparerTests" name="Compare_ThrowsArgumentNullException_OnNullAsY" />
    </UnitTest>
    <UnitTest name="DeviceStreamsPresenter_InitializeStreamGridLayout_FeatureMissing_LiveMultistreaming_Success" storage="d:\actions-runner\_work\xpco\xpco\corporate\videoos.administration.addin.unittests\bin\x64\debug\net472\videoos.administration.addin.unittests.dll" id="580d30cb-ccf6-691e-cd10-eef749e065e9">
      <Execution id="1b4e25b0-f8b0-4a3e-b5e9-4db8560971b6" />
      <TestMethod codeBase="D:\actions-runner\_work\XPCO\XPCO\Corporate\VideoOS.Administration.AddIn.UnitTests\bin\x64\Debug\net472\VideoOS.Administration.AddIn.UnitTests.dll" adapterTypeName="executor://mstestadapter/v2" className="VideoOS.Administration.AddIn.UnitTests.DeviceStreamsPresenterTests" name="DeviceStreamsPresenter_InitializeStreamGridLayout_FeatureMissing_LiveMultistreaming_Success" />
    </UnitTest>
    <UnitTest name="SystemDashboard_TestExtensionMethodsReturnsAllServerTypes" storage="d:\actions-runner\_work\xpco\xpco\corporate\videoos.administration.addin.unittests\bin\x64\debug\net472\videoos.administration.addin.unittests.dll" id="d205b5b6-ec71-41b4-0268-845eb78bb24d">
      <Execution id="e8e60a57-700f-4376-81bf-260c5899d75c" />
      <TestMethod codeBase="D:\actions-runner\_work\XPCO\XPCO\Corporate\VideoOS.Administration.AddIn.UnitTests\bin\x64\Debug\net472\VideoOS.Administration.AddIn.UnitTests.dll" adapterTypeName="executor://mstestadapter/v2" className="VideoOS.Administration.AddIn.UnitTests.SystemDashboardDataProviderTests" name="SystemDashboard_TestExtensionMethodsReturnsAllServerTypes" />
    </UnitTest>
    <UnitTest name="DevicePositionWithCoordinates_ShouldBeVisible_WhenDeviceIsMicrophone" storage="d:\actions-runner\_work\xpco\xpco\corporate\videoos.administration.addin.unittests\bin\x64\debug\net472\videoos.administration.addin.unittests.dll" id="02c8a322-7cd5-dff6-349e-70fc3ef9fea3">
      <Execution id="699a1d4d-5c52-4b2a-9eb9-bb63b6c8072f" />
      <TestMethod codeBase="D:\actions-runner\_work\XPCO\XPCO\Corporate\VideoOS.Administration.AddIn.UnitTests\bin\x64\Debug\net472\VideoOS.Administration.AddIn.UnitTests.dll" adapterTypeName="executor://mstestadapter/v2" className="VideoOS.Administration.AddIn.UnitTests.UserControlDeviceInfoTests" name="DevicePositionWithCoordinates_ShouldBeVisible_WhenDeviceIsMicrophone" />
    </UnitTest>
    <UnitTest name="AutoDiscovery_HardwareSetupInfoManager_HardwareSetupInfoSetupResponseReceived_WhenAlreadyAdded" storage="d:\actions-runner\_work\xpco\xpco\corporate\videoos.administration.addin.unittests\bin\x64\debug\net472\videoos.administration.addin.unittests.dll" id="42e4f450-7395-f6d6-eea8-b0480cfd707c">
      <TestCategory>
        <TestCategoryItem TestCategory="AutoDiscovery_HardwareSetupInfoManager" />
      </TestCategory>
      <Execution id="2dec8a36-994f-45d1-89bd-a7cb98d76b4e" />
      <TestMethod codeBase="D:\actions-runner\_work\XPCO\XPCO\Corporate\VideoOS.Administration.AddIn.UnitTests\bin\x64\Debug\net472\VideoOS.Administration.AddIn.UnitTests.dll" adapterTypeName="executor://mstestadapter/v2" className="VideoOS.Administration.AddIn.UnitTests.RecorderAddIn.HardwareLocator.AutoDiscovery_HardwareSetupInfoManagerUnittest" name="AutoDiscovery_HardwareSetupInfoManager_HardwareSetupInfoSetupResponseReceived_WhenAlreadyAdded" />
    </UnitTest>
    <UnitTest name="SystemDashboard_TestExtensionsAllServersMustReturnAllServers" storage="d:\actions-runner\_work\xpco\xpco\corporate\videoos.administration.addin.unittests\bin\x64\debug\net472\videoos.administration.addin.unittests.dll" id="43dfe9cb-5587-aaa5-bc68-4d765dd0b91a">
      <Execution id="5fb8edd3-63e4-484f-887f-b3d946ac8ae7" />
      <TestMethod codeBase="D:\actions-runner\_work\XPCO\XPCO\Corporate\VideoOS.Administration.AddIn.UnitTests\bin\x64\Debug\net472\VideoOS.Administration.AddIn.UnitTests.dll" adapterTypeName="executor://mstestadapter/v2" className="VideoOS.Administration.AddIn.UnitTests.SystemsDashboardExtensionsTest" name="SystemDashboard_TestExtensionsAllServersMustReturnAllServers" />
    </UnitTest>
    <UnitTest name="AddAppointmentConfiguration_AddsRecurenceStartTimeToTable_OnAppointmentWithRecurrence" storage="d:\actions-runner\_work\xpco\xpco\corporate\videoos.administration.addin.unittests\bin\x64\debug\net472\videoos.administration.addin.unittests.dll" id="3b4bf237-9a3e-c44c-1049-12240268cdb9">
      <TestCategory>
        <TestCategoryItem TestCategory="Time profile" />
      </TestCategory>
      <Execution id="88a3a22d-9e2e-410d-9e7d-ccbdb56e83f2" />
      <TestMethod codeBase="D:\actions-runner\_work\XPCO\XPCO\Corporate\VideoOS.Administration.AddIn.UnitTests\bin\x64\Debug\net472\VideoOS.Administration.AddIn.UnitTests.dll" adapterTypeName="executor://mstestadapter/v2" className="VideoOS.Administration.AddIn.UnitTests.DialogSelectRecurrenceTests" name="AddAppointmentConfiguration_AddsRecurenceStartTimeToTable_OnAppointmentWithRecurrence" />
    </UnitTest>
    <UnitTest name="AddAppointmentConfiguration_ThrowsArgumentNullException_OnNullAsTable" storage="d:\actions-runner\_work\xpco\xpco\corporate\videoos.administration.addin.unittests\bin\x64\debug\net472\videoos.administration.addin.unittests.dll" id="1efa6998-b9f4-c890-919c-1266e785772c">
      <TestCategory>
        <TestCategoryItem TestCategory="Time profile" />
      </TestCategory>
      <Execution id="18aa592b-ab38-4055-9134-d71d85a771e7" />
      <TestMethod codeBase="D:\actions-runner\_work\XPCO\XPCO\Corporate\VideoOS.Administration.AddIn.UnitTests\bin\x64\Debug\net472\VideoOS.Administration.AddIn.UnitTests.dll" adapterTypeName="executor://mstestadapter/v2" className="VideoOS.Administration.AddIn.UnitTests.DialogSelectSingleTimeTests" name="AddAppointmentConfiguration_ThrowsArgumentNullException_OnNullAsTable" />
    </UnitTest>
    <UnitTest name="Compare_ThrowsArgumentNullException_OnNullAsX" storage="d:\actions-runner\_work\xpco\xpco\corporate\videoos.administration.addin.unittests\bin\x64\debug\net472\videoos.administration.addin.unittests.dll" id="0b6ba4fa-0368-c614-1c99-ed17355eaa34">
      <TestCategory>
        <TestCategoryItem TestCategory="Replace Hardware" />
      </TestCategory>
      <Execution id="3c58b050-dab5-4edb-9f98-7de20354df40" />
      <TestMethod codeBase="D:\actions-runner\_work\XPCO\XPCO\Corporate\VideoOS.Administration.AddIn.UnitTests\bin\x64\Debug\net472\VideoOS.Administration.AddIn.UnitTests.dll" adapterTypeName="executor://mstestadapter/v2" className="VideoOS.Administration.AddIn.UnitTests.ComboBoxItemComparerTests" name="Compare_ThrowsArgumentNullException_OnNullAsX" />
    </UnitTest>
    <UnitTest name="PlatformTree_SetState_ToDisabled" storage="d:\actions-runner\_work\xpco\xpco\corporate\videoos.administration.addin.unittests\bin\x64\debug\net472\videoos.administration.addin.unittests.dll" id="dfcd69f2-1e94-be49-18d9-6be156f39fd0">
      <TestCategory>
        <TestCategoryItem TestCategory="PlatformTree" />
      </TestCategory>
      <Execution id="4c607c8e-1d35-48bf-a152-10f3bd05d8ec" />
      <TestMethod codeBase="D:\actions-runner\_work\XPCO\XPCO\Corporate\VideoOS.Administration.AddIn.UnitTests\bin\x64\Debug\net472\VideoOS.Administration.AddIn.UnitTests.dll" adapterTypeName="executor://mstestadapter/v2" className="VideoOS.Administration.AddIn.UnitTests.PlatformAddin.PlatformTreeTest" name="PlatformTree_SetState_ToDisabled" />
    </UnitTest>
    <UnitTest name="DeviceStreamsPresenter_AcceptControls_Success" storage="d:\actions-runner\_work\xpco\xpco\corporate\videoos.administration.addin.unittests\bin\x64\debug\net472\videoos.administration.addin.unittests.dll" id="24aca85a-ff16-31ac-5ddb-21acea6b05b5">
      <Execution id="db655395-8a97-4de9-ac61-785c01cc0e55" />
      <TestMethod codeBase="D:\actions-runner\_work\XPCO\XPCO\Corporate\VideoOS.Administration.AddIn.UnitTests\bin\x64\Debug\net472\VideoOS.Administration.AddIn.UnitTests.dll" adapterTypeName="executor://mstestadapter/v2" className="VideoOS.Administration.AddIn.UnitTests.DeviceStreamsPresenterTests" name="DeviceStreamsPresenter_AcceptControls_Success" />
    </UnitTest>
    <UnitTest name="DeviceStreamsPresenter_InitializeStreamGridLayout_FeatureMissing_EdgeStorage_Success" storage="d:\actions-runner\_work\xpco\xpco\corporate\videoos.administration.addin.unittests\bin\x64\debug\net472\videoos.administration.addin.unittests.dll" id="4a4110f9-105b-7a23-764b-de4d4e22f663">
      <Execution id="1715ba82-cff6-45c4-a12e-ffb4cd40b258" />
      <TestMethod codeBase="D:\actions-runner\_work\XPCO\XPCO\Corporate\VideoOS.Administration.AddIn.UnitTests\bin\x64\Debug\net472\VideoOS.Administration.AddIn.UnitTests.dll" adapterTypeName="executor://mstestadapter/v2" className="VideoOS.Administration.AddIn.UnitTests.DeviceStreamsPresenterTests" name="DeviceStreamsPresenter_InitializeStreamGridLayout_FeatureMissing_EdgeStorage_Success" />
    </UnitTest>
    <UnitTest name="AutoDiscovery_HardwareSetupInfoManager_HardwareSetupInfoSetupResponseReceived_WhenGeneral" storage="d:\actions-runner\_work\xpco\xpco\corporate\videoos.administration.addin.unittests\bin\x64\debug\net472\videoos.administration.addin.unittests.dll" id="9e0b4438-b56e-0df4-f0e3-4f25eb81fbea">
      <TestCategory>
        <TestCategoryItem TestCategory="AutoDiscovery_HardwareSetupInfoManager" />
      </TestCategory>
      <Execution id="6205ec92-a80f-4378-8fec-edb98bbceaa0" />
      <TestMethod codeBase="D:\actions-runner\_work\XPCO\XPCO\Corporate\VideoOS.Administration.AddIn.UnitTests\bin\x64\Debug\net472\VideoOS.Administration.AddIn.UnitTests.dll" adapterTypeName="executor://mstestadapter/v2" className="VideoOS.Administration.AddIn.UnitTests.RecorderAddIn.HardwareLocator.AutoDiscovery_HardwareSetupInfoManagerUnittest" name="AutoDiscovery_HardwareSetupInfoManager_HardwareSetupInfoSetupResponseReceived_WhenGeneral" />
    </UnitTest>
    <UnitTest name="AddpluginProperties_AddsTextNoItemsDefinedToReport_OnPluginWithItemNodeAllowManyAndNoProperties" storage="d:\actions-runner\_work\xpco\xpco\corporate\videoos.administration.addin.unittests\bin\x64\debug\net472\videoos.administration.addin.unittests.dll" id="9f3493b8-a151-61a6-cb0a-dc5a367ecb41">
      <TestCategory>
        <TestCategoryItem TestCategory="Platform" />
      </TestCategory>
      <Execution id="04a78eb7-c77d-4cf8-a87e-281b68c71d83" />
      <TestMethod codeBase="D:\actions-runner\_work\XPCO\XPCO\Corporate\VideoOS.Administration.AddIn.UnitTests\bin\x64\Debug\net472\VideoOS.Administration.AddIn.UnitTests.dll" adapterTypeName="executor://mstestadapter/v2" className="VideoOS.Administration.AddIn.UnitTests.PlatformAddin.PlatformConfigReportTests" name="AddpluginProperties_AddsTextNoItemsDefinedToReport_OnPluginWithItemNodeAllowManyAndNoProperties" />
    </UnitTest>
    <UnitTest name="TestPreviewImageEditor_UpdatePreviewImageWithMaskAndNoGrid" storage="d:\actions-runner\_work\xpco\xpco\corporate\videoos.administration.addin.unittests\bin\x64\debug\net472\videoos.administration.addin.unittests.dll" id="485a5b3b-c137-6439-9f85-d40bb4be04d1">
      <Execution id="81d19117-ea7b-43b1-9d13-639c98b4bf6e" />
      <TestMethod codeBase="D:\actions-runner\_work\XPCO\XPCO\Corporate\VideoOS.Administration.AddIn.UnitTests\bin\x64\Debug\net472\VideoOS.Administration.AddIn.UnitTests.dll" adapterTypeName="executor://mstestadapter/v2" className="VideoOS.Administration.AddIn.UnitTests.PreviewImageEditorTests" name="TestPreviewImageEditor_UpdatePreviewImageWithMaskAndNoGrid" />
    </UnitTest>
    <UnitTest name="TestOnePermanentNoMotion" storage="d:\actions-runner\_work\xpco\xpco\corporate\videoos.administration.addin.unittests\bin\x64\debug\net472\videoos.administration.addin.unittests.dll" id="12589cad-d78c-ddf3-e49f-67ef09d53045">
      <Execution id="d0ab490f-8f71-4047-840f-5963befa4100" />
      <TestMethod codeBase="D:\actions-runner\_work\XPCO\XPCO\Corporate\VideoOS.Administration.AddIn.UnitTests\bin\x64\Debug\net472\VideoOS.Administration.AddIn.UnitTests.dll" adapterTypeName="executor://mstestadapter/v2" className="VideoOS.Administration.AddIn.UnitTests.PrivacyProtectionValidatorTests" name="TestOnePermanentNoMotion" />
    </UnitTest>
    <UnitTest name="TestPreviewImageEditor_UpdatePreviewImageWithGrid" storage="d:\actions-runner\_work\xpco\xpco\corporate\videoos.administration.addin.unittests\bin\x64\debug\net472\videoos.administration.addin.unittests.dll" id="98e89c7c-e44a-309e-df1a-ac3d03646028">
      <Execution id="1979752a-29b3-4749-8695-47e3a16251bc" />
      <TestMethod codeBase="D:\actions-runner\_work\XPCO\XPCO\Corporate\VideoOS.Administration.AddIn.UnitTests\bin\x64\Debug\net472\VideoOS.Administration.AddIn.UnitTests.dll" adapterTypeName="executor://mstestadapter/v2" className="VideoOS.Administration.AddIn.UnitTests.PreviewImageEditorTests" name="TestPreviewImageEditor_UpdatePreviewImageWithGrid" />
    </UnitTest>
    <UnitTest name="SystemDashboard_TestExtensionMethodsReturnsAllCameraGroupings" storage="d:\actions-runner\_work\xpco\xpco\corporate\videoos.administration.addin.unittests\bin\x64\debug\net472\videoos.administration.addin.unittests.dll" id="2aee9aa6-1898-d9fb-01b3-44175bf4d857">
      <Execution id="5e6119dc-c0bb-4d24-872a-d975480b2467" />
      <TestMethod codeBase="D:\actions-runner\_work\XPCO\XPCO\Corporate\VideoOS.Administration.AddIn.UnitTests\bin\x64\Debug\net472\VideoOS.Administration.AddIn.UnitTests.dll" adapterTypeName="executor://mstestadapter/v2" className="VideoOS.Administration.AddIn.UnitTests.SystemsDashboardExtensionsTest" name="SystemDashboard_TestExtensionMethodsReturnsAllCameraGroupings" />
    </UnitTest>
    <UnitTest name="MayHaveOldData_Single_StreamAndTrack" storage="d:\actions-runner\_work\xpco\xpco\corporate\videoos.administration.addin.unittests\bin\x64\debug\net472\videoos.administration.addin.unittests.dll" id="e96adb18-02dd-6406-900d-53269c403156">
      <Execution id="150c1de5-6c44-4393-823d-64c7136f4a54" />
      <TestMethod codeBase="D:\actions-runner\_work\XPCO\XPCO\Corporate\VideoOS.Administration.AddIn.UnitTests\bin\x64\Debug\net472\VideoOS.Administration.AddIn.UnitTests.dll" adapterTypeName="executor://mstestadapter/v2" className="VideoOS.Administration.AddIn.UnitTests.DeviceStreamQueryTests" name="MayHaveOldData_Single_StreamAndTrack" />
    </UnitTest>
    <UnitTest name="AddOptionsDialogProperties_AddsBulletCollection_OnEmptySections" storage="d:\actions-runner\_work\xpco\xpco\corporate\videoos.administration.addin.unittests\bin\x64\debug\net472\videoos.administration.addin.unittests.dll" id="a35de4fe-a1e0-4d26-83b9-814d09c3b805">
      <TestCategory>
        <TestCategoryItem TestCategory="Platform" />
      </TestCategory>
      <Execution id="d6331a13-7b01-40c0-953b-09bafea69630" />
      <TestMethod codeBase="D:\actions-runner\_work\XPCO\XPCO\Corporate\VideoOS.Administration.AddIn.UnitTests\bin\x64\Debug\net472\VideoOS.Administration.AddIn.UnitTests.dll" adapterTypeName="executor://mstestadapter/v2" className="VideoOS.Administration.AddIn.UnitTests.PlatformAddin.PlatformConfigReportTests" name="AddOptionsDialogProperties_AddsBulletCollection_OnEmptySections" />
    </UnitTest>
    <UnitTest name="ExecuteReplaceHardware_ThrowsArgumentNullException_OnNullAsLocals" storage="d:\actions-runner\_work\xpco\xpco\corporate\videoos.administration.addin.unittests\bin\x64\debug\net472\videoos.administration.addin.unittests.dll" id="177d3627-df9b-2bf0-2355-7c340f69220d">
      <TestCategory>
        <TestCategoryItem TestCategory="Replace Hardware" />
      </TestCategory>
      <Execution id="5db73d46-6d7d-4f55-a576-d5bd7304c854" />
      <TestMethod codeBase="D:\actions-runner\_work\XPCO\XPCO\Corporate\VideoOS.Administration.AddIn.UnitTests\bin\x64\Debug\net472\VideoOS.Administration.AddIn.UnitTests.dll" adapterTypeName="executor://mstestadapter/v2" className="VideoOS.Administration.AddIn.UnitTests.ReplaceHardwareToolsTests" name="ExecuteReplaceHardware_ThrowsArgumentNullException_OnNullAsLocals" />
    </UnitTest>
    <UnitTest name="MatchDevices_MultipleCameraReplace_ShouldGetTheCorrectMappingBack" storage="d:\actions-runner\_work\xpco\xpco\corporate\videoos.administration.addin.unittests\bin\x64\debug\net472\videoos.administration.addin.unittests.dll" id="c3bcac8f-bb02-bb3d-6d2e-754b50d6d0dd">
      <Execution id="caecfcc8-d86e-44b9-8e3d-d436777e366d" />
      <TestMethod codeBase="D:\actions-runner\_work\XPCO\XPCO\Corporate\VideoOS.Administration.AddIn.UnitTests\bin\x64\Debug\net472\VideoOS.Administration.AddIn.UnitTests.dll" adapterTypeName="executor://mstestadapter/v2" className="VideoOS.Administration.AddIn.UnitTests.RecorderAddIn.ReplaceHardware.HardwareMapperTests" name="MatchDevices_MultipleCameraReplace_ShouldGetTheCorrectMappingBack" />
    </UnitTest>
    <UnitTest name="AddAppointmentConfiguration_AddsRecurenceRangeStopToTable_OnAppointmentWithRecurrenceWithNoLimit" storage="d:\actions-runner\_work\xpco\xpco\corporate\videoos.administration.addin.unittests\bin\x64\debug\net472\videoos.administration.addin.unittests.dll" id="31386553-c8b5-4c61-cfd2-0a7434f2e8d1">
      <TestCategory>
        <TestCategoryItem TestCategory="Time profile" />
      </TestCategory>
      <Execution id="a0df6734-9303-4f36-b365-452be25c7909" />
      <TestMethod codeBase="D:\actions-runner\_work\XPCO\XPCO\Corporate\VideoOS.Administration.AddIn.UnitTests\bin\x64\Debug\net472\VideoOS.Administration.AddIn.UnitTests.dll" adapterTypeName="executor://mstestadapter/v2" className="VideoOS.Administration.AddIn.UnitTests.DialogSelectRecurrenceTests" name="AddAppointmentConfiguration_AddsRecurenceRangeStopToTable_OnAppointmentWithRecurrenceWithNoLimit" />
    </UnitTest>
    <UnitTest name="Compare_Returns0_OnNoneVsNone" storage="d:\actions-runner\_work\xpco\xpco\corporate\videoos.administration.addin.unittests\bin\x64\debug\net472\videoos.administration.addin.unittests.dll" id="4503a5ff-6554-1559-d979-738d496923a6">
      <TestCategory>
        <TestCategoryItem TestCategory="Replace Hardware" />
      </TestCategory>
      <Execution id="d2e41d47-5cf7-4e0a-8a73-67041e7fda51" />
      <TestMethod codeBase="D:\actions-runner\_work\XPCO\XPCO\Corporate\VideoOS.Administration.AddIn.UnitTests\bin\x64\Debug\net472\VideoOS.Administration.AddIn.UnitTests.dll" adapterTypeName="executor://mstestadapter/v2" className="VideoOS.Administration.AddIn.UnitTests.ComboBoxItemComparerTests" name="Compare_Returns0_OnNoneVsNone" />
    </UnitTest>
    <UnitTest name="AddpluginProperties_DoesNotAddHeading2_OnChildItemWithNoProperties" storage="d:\actions-runner\_work\xpco\xpco\corporate\videoos.administration.addin.unittests\bin\x64\debug\net472\videoos.administration.addin.unittests.dll" id="9896299e-af3d-82ea-8005-b83fb3576796">
      <TestCategory>
        <TestCategoryItem TestCategory="Platform" />
      </TestCategory>
      <Execution id="2f01da9a-a65a-467d-8c50-01a380dc7ab3" />
      <TestMethod codeBase="D:\actions-runner\_work\XPCO\XPCO\Corporate\VideoOS.Administration.AddIn.UnitTests\bin\x64\Debug\net472\VideoOS.Administration.AddIn.UnitTests.dll" adapterTypeName="executor://mstestadapter/v2" className="VideoOS.Administration.AddIn.UnitTests.PlatformAddin.PlatformConfigReportTests" name="AddpluginProperties_DoesNotAddHeading2_OnChildItemWithNoProperties" />
    </UnitTest>
    <UnitTest name="AddOptionsDialogProperties_AddsTableToReport_OnExistingPropertiesInSections" storage="d:\actions-runner\_work\xpco\xpco\corporate\videoos.administration.addin.unittests\bin\x64\debug\net472\videoos.administration.addin.unittests.dll" id="b451113a-3d92-c47f-b131-c2d284c790cc">
      <TestCategory>
        <TestCategoryItem TestCategory="Platform" />
      </TestCategory>
      <Execution id="b6ff8df1-3586-4947-972d-1312078868dd" />
      <TestMethod codeBase="D:\actions-runner\_work\XPCO\XPCO\Corporate\VideoOS.Administration.AddIn.UnitTests\bin\x64\Debug\net472\VideoOS.Administration.AddIn.UnitTests.dll" adapterTypeName="executor://mstestadapter/v2" className="VideoOS.Administration.AddIn.UnitTests.PlatformAddin.PlatformConfigReportTests" name="AddOptionsDialogProperties_AddsTableToReport_OnExistingPropertiesInSections" />
    </UnitTest>
    <UnitTest name="MayHaveOldData_Single_None" storage="d:\actions-runner\_work\xpco\xpco\corporate\videoos.administration.addin.unittests\bin\x64\debug\net472\videoos.administration.addin.unittests.dll" id="a1f30fa6-c9a3-b761-1470-5912e445ddb0">
      <Execution id="b1b2180d-2a3b-45d7-9bf4-db8b40e0e828" />
      <TestMethod codeBase="D:\actions-runner\_work\XPCO\XPCO\Corporate\VideoOS.Administration.AddIn.UnitTests\bin\x64\Debug\net472\VideoOS.Administration.AddIn.UnitTests.dll" adapterTypeName="executor://mstestadapter/v2" className="VideoOS.Administration.AddIn.UnitTests.DeviceStreamQueryTests" name="MayHaveOldData_Single_None" />
    </UnitTest>
    <UnitTest name="AddPluginProperties_ThrowsArgumentNullException_OnNullAsPluginDefinition" storage="d:\actions-runner\_work\xpco\xpco\corporate\videoos.administration.addin.unittests\bin\x64\debug\net472\videoos.administration.addin.unittests.dll" id="bec3b721-a798-d418-3c9e-7f91976e895b">
      <TestCategory>
        <TestCategoryItem TestCategory="Platform" />
      </TestCategory>
      <Execution id="a705a59e-0edb-42ee-856a-86fb9001d68c" />
      <TestMethod codeBase="D:\actions-runner\_work\XPCO\XPCO\Corporate\VideoOS.Administration.AddIn.UnitTests\bin\x64\Debug\net472\VideoOS.Administration.AddIn.UnitTests.dll" adapterTypeName="executor://mstestadapter/v2" className="VideoOS.Administration.AddIn.UnitTests.PlatformAddin.PlatformConfigReportTests" name="AddPluginProperties_ThrowsArgumentNullException_OnNullAsPluginDefinition" />
    </UnitTest>
    <UnitTest name="AddAppointmentConfiguration_AddsRecurenceRangeStopToTable_OnAppointmentWithRecurrenceWithLimitByNumberOfOccurrences" storage="d:\actions-runner\_work\xpco\xpco\corporate\videoos.administration.addin.unittests\bin\x64\debug\net472\videoos.administration.addin.unittests.dll" id="a154d89e-01c3-c51d-81db-c847361f4fc8">
      <TestCategory>
        <TestCategoryItem TestCategory="Time profile" />
      </TestCategory>
      <Execution id="2eb1d829-e6d7-478c-87d0-71128b89ecbf" />
      <TestMethod codeBase="D:\actions-runner\_work\XPCO\XPCO\Corporate\VideoOS.Administration.AddIn.UnitTests\bin\x64\Debug\net472\VideoOS.Administration.AddIn.UnitTests.dll" adapterTypeName="executor://mstestadapter/v2" className="VideoOS.Administration.AddIn.UnitTests.DialogSelectRecurrenceTests" name="AddAppointmentConfiguration_AddsRecurenceRangeStopToTable_OnAppointmentWithRecurrenceWithLimitByNumberOfOccurrences" />
    </UnitTest>
    <UnitTest name="PlatformTree_GetPropertyDisableState_IsDisabledWithTrue" storage="d:\actions-runner\_work\xpco\xpco\corporate\videoos.administration.addin.unittests\bin\x64\debug\net472\videoos.administration.addin.unittests.dll" id="7fdd4702-2384-7b12-4515-ceca6e498b2b">
      <TestCategory>
        <TestCategoryItem TestCategory="PlatformTree" />
      </TestCategory>
      <Execution id="c5e52b1d-edea-4d88-a29e-7834e9268b16" />
      <TestMethod codeBase="D:\actions-runner\_work\XPCO\XPCO\Corporate\VideoOS.Administration.AddIn.UnitTests\bin\x64\Debug\net472\VideoOS.Administration.AddIn.UnitTests.dll" adapterTypeName="executor://mstestadapter/v2" className="VideoOS.Administration.AddIn.UnitTests.PlatformAddin.PlatformTreeTest" name="PlatformTree_GetPropertyDisableState_IsDisabledWithTrue" />
    </UnitTest>
    <UnitTest name="RecursiveFindFirstDeviceInDeviceGroup_ReturnsNull_OnEmptyGroup" storage="d:\actions-runner\_work\xpco\xpco\corporate\videoos.administration.addin.unittests\bin\x64\debug\net472\videoos.administration.addin.unittests.dll" id="ee011022-d762-a525-f47c-ef2d97d268b5">
      <TestCategory>
        <TestCategoryItem TestCategory="Pickers" />
      </TestCategory>
      <Execution id="45b2a29b-4fd5-45fd-9a2a-7dcfaf7dcb8f" />
      <TestMethod codeBase="D:\actions-runner\_work\XPCO\XPCO\Corporate\VideoOS.Administration.AddIn.UnitTests\bin\x64\Debug\net472\VideoOS.Administration.AddIn.UnitTests.dll" adapterTypeName="executor://mstestadapter/v2" className="VideoOS.Administration.AddIn.UnitTests.PickerSettingsTests" name="RecursiveFindFirstDeviceInDeviceGroup_ReturnsNull_OnEmptyGroup" />
    </UnitTest>
    <UnitTest name="ApplyCellStyleToEditingControl_ThrowsArgumentNullException_OnNullAsDataGridViewCellStyle" storage="d:\actions-runner\_work\xpco\xpco\corporate\videoos.administration.addin.unittests\bin\x64\debug\net472\videoos.administration.addin.unittests.dll" id="d97b1898-351b-38c7-fcb4-9c796f3cafb2">
      <TestCategory>
        <TestCategoryItem TestCategory="Generic Control" />
      </TestCategory>
      <Execution id="22c41eef-d87e-4544-b6b2-9e0a201a41a4" />
      <TestMethod codeBase="D:\actions-runner\_work\XPCO\XPCO\Corporate\VideoOS.Administration.AddIn.UnitTests\bin\x64\Debug\net472\VideoOS.Administration.AddIn.UnitTests.dll" adapterTypeName="executor://mstestadapter/v2" className="VideoOS.Administration.AddIn.UnitTests.TextEditingControlTests" name="ApplyCellStyleToEditingControl_ThrowsArgumentNullException_OnNullAsDataGridViewCellStyle" />
    </UnitTest>
    <UnitTest name="ConfigurationLookupHelperTest_TestSourceProviderGetAllfailoverServers_EmptyResult" storage="d:\actions-runner\_work\xpco\xpco\corporate\videoos.administration.addin.unittests\bin\x64\debug\net472\videoos.administration.addin.unittests.dll" id="048a50cc-0f82-5d3d-1a4b-cd9e0cb698fc">
      <Execution id="0f3c5bc2-bed0-40fe-8b43-5bcc66cdd969" />
      <TestMethod codeBase="D:\actions-runner\_work\XPCO\XPCO\Corporate\VideoOS.Administration.AddIn.UnitTests\bin\x64\Debug\net472\VideoOS.Administration.AddIn.UnitTests.dll" adapterTypeName="executor://mstestadapter/v2" className="VideoOS.Administration.AddIn.UnitTests.SystemMonitorDashboard.ConfigurationLookupHelperTest" name="ConfigurationLookupHelperTest_TestSourceProviderGetAllfailoverServers_EmptyResult" />
    </UnitTest>
    <UnitTest name="AutoDiscovery_HardwareSetupInfoManager_HardwareSetupInfoSetupResponseReceived_WhenSetupError" storage="d:\actions-runner\_work\xpco\xpco\corporate\videoos.administration.addin.unittests\bin\x64\debug\net472\videoos.administration.addin.unittests.dll" id="eac9c4da-8035-175d-2282-ea21532e2ba0">
      <TestCategory>
        <TestCategoryItem TestCategory="AutoDiscovery_HardwareSetupInfoManager" />
      </TestCategory>
      <Execution id="0cdbdb5e-188b-4a06-9fb2-485a1684f47d" />
      <TestMethod codeBase="D:\actions-runner\_work\XPCO\XPCO\Corporate\VideoOS.Administration.AddIn.UnitTests\bin\x64\Debug\net472\VideoOS.Administration.AddIn.UnitTests.dll" adapterTypeName="executor://mstestadapter/v2" className="VideoOS.Administration.AddIn.UnitTests.RecorderAddIn.HardwareLocator.AutoDiscovery_HardwareSetupInfoManagerUnittest" name="AutoDiscovery_HardwareSetupInfoManager_HardwareSetupInfoSetupResponseReceived_WhenSetupError" />
    </UnitTest>
    <UnitTest name="AutoDiscovery_HardwareSetupInfoManager_HardwareSetupInfoSetupResponseReceived_WhenTimeout" storage="d:\actions-runner\_work\xpco\xpco\corporate\videoos.administration.addin.unittests\bin\x64\debug\net472\videoos.administration.addin.unittests.dll" id="02412441-f508-cc91-7f3f-04251c5aaa0a">
      <TestCategory>
        <TestCategoryItem TestCategory="AutoDiscovery_HardwareSetupInfoManager" />
      </TestCategory>
      <Execution id="dca040e0-c941-4e83-bcbd-980c3bef5a6a" />
      <TestMethod codeBase="D:\actions-runner\_work\XPCO\XPCO\Corporate\VideoOS.Administration.AddIn.UnitTests\bin\x64\Debug\net472\VideoOS.Administration.AddIn.UnitTests.dll" adapterTypeName="executor://mstestadapter/v2" className="VideoOS.Administration.AddIn.UnitTests.RecorderAddIn.HardwareLocator.AutoDiscovery_HardwareSetupInfoManagerUnittest" name="AutoDiscovery_HardwareSetupInfoManager_HardwareSetupInfoSetupResponseReceived_WhenTimeout" />
    </UnitTest>
    <UnitTest name="TestCompositeGrid_SetRegionClearsPopulatedCellsOfOtherGrid" storage="d:\actions-runner\_work\xpco\xpco\corporate\videoos.administration.addin.unittests\bin\x64\debug\net472\videoos.administration.addin.unittests.dll" id="d29c4645-c75e-91c9-94e2-eba71b12d2da">
      <Execution id="9606c7e5-ce55-4699-85ac-59e31bea563d" />
      <TestMethod codeBase="D:\actions-runner\_work\XPCO\XPCO\Corporate\VideoOS.Administration.AddIn.UnitTests\bin\x64\Debug\net472\VideoOS.Administration.AddIn.UnitTests.dll" adapterTypeName="executor://mstestadapter/v2" className="VideoOS.Administration.AddIn.UnitTests.RecorderAddIn.PrivacyProtectionHelpers.CompositeGridTests" name="TestCompositeGrid_SetRegionClearsPopulatedCellsOfOtherGrid" />
    </UnitTest>
    <UnitTest name="TestPreviewImageEditor_CreatePenOverlayWithoutPreviewImage" storage="d:\actions-runner\_work\xpco\xpco\corporate\videoos.administration.addin.unittests\bin\x64\debug\net472\videoos.administration.addin.unittests.dll" id="e2bdb57c-0bc2-b757-029c-eb5f73777daf">
      <Execution id="06ae5163-a80a-4a21-a662-6a7dfacb882b" />
      <TestMethod codeBase="D:\actions-runner\_work\XPCO\XPCO\Corporate\VideoOS.Administration.AddIn.UnitTests\bin\x64\Debug\net472\VideoOS.Administration.AddIn.UnitTests.dll" adapterTypeName="executor://mstestadapter/v2" className="VideoOS.Administration.AddIn.UnitTests.PreviewImageEditorTests" name="TestPreviewImageEditor_CreatePenOverlayWithoutPreviewImage" />
    </UnitTest>
    <UnitTest name="TestOneRemovableNoMotion" storage="d:\actions-runner\_work\xpco\xpco\corporate\videoos.administration.addin.unittests\bin\x64\debug\net472\videoos.administration.addin.unittests.dll" id="2c35c50a-a23b-af15-227f-ab717cc0242d">
      <Execution id="67d7cd36-747d-4a9b-b25a-e1ca4f4e7fc0" />
      <TestMethod codeBase="D:\actions-runner\_work\XPCO\XPCO\Corporate\VideoOS.Administration.AddIn.UnitTests\bin\x64\Debug\net472\VideoOS.Administration.AddIn.UnitTests.dll" adapterTypeName="executor://mstestadapter/v2" className="VideoOS.Administration.AddIn.UnitTests.PrivacyProtectionValidatorTests" name="TestOneRemovableNoMotion" />
    </UnitTest>
    <UnitTest name="SystemDashboard_TestExtensionMethodsReturnsAllCameraGroupings" storage="d:\actions-runner\_work\xpco\xpco\corporate\videoos.administration.addin.unittests\bin\x64\debug\net472\videoos.administration.addin.unittests.dll" id="a6c31964-485a-e928-74c1-038e4111cf4c">
      <Execution id="48f90b48-5c66-454c-a6d5-d53290271a40" />
      <TestMethod codeBase="D:\actions-runner\_work\XPCO\XPCO\Corporate\VideoOS.Administration.AddIn.UnitTests\bin\x64\Debug\net472\VideoOS.Administration.AddIn.UnitTests.dll" adapterTypeName="executor://mstestadapter/v2" className="VideoOS.Administration.AddIn.UnitTests.SystemDashboardDataProviderTests" name="SystemDashboard_TestExtensionMethodsReturnsAllCameraGroupings" />
    </UnitTest>
    <UnitTest name="AddPluginRoles_ThrowsArgumentNullException_OnNullAsReport" storage="d:\actions-runner\_work\xpco\xpco\corporate\videoos.administration.addin.unittests\bin\x64\debug\net472\videoos.administration.addin.unittests.dll" id="6409a730-a78d-db1f-453b-079e31e5d99c">
      <TestCategory>
        <TestCategoryItem TestCategory="Platform" />
      </TestCategory>
      <Execution id="0eb34f60-7bd4-4ac3-8531-8559aae2c165" />
      <TestMethod codeBase="D:\actions-runner\_work\XPCO\XPCO\Corporate\VideoOS.Administration.AddIn.UnitTests\bin\x64\Debug\net472\VideoOS.Administration.AddIn.UnitTests.dll" adapterTypeName="executor://mstestadapter/v2" className="VideoOS.Administration.AddIn.UnitTests.PlatformAddin.PlatformConfigReportTests" name="AddPluginRoles_ThrowsArgumentNullException_OnNullAsReport" />
    </UnitTest>
    <UnitTest name="DeviceStreamsPresenter_ValidateAndSave_MayHaveOldData_RecordingToSecondary_HasOldData_Yes" storage="d:\actions-runner\_work\xpco\xpco\corporate\videoos.administration.addin.unittests\bin\x64\debug\net472\videoos.administration.addin.unittests.dll" id="69c85b93-6859-1da4-27cb-3c2cd3053a10">
      <Execution id="4bf7e8ff-be24-4041-b397-08a08fd5fceb" />
      <TestMethod codeBase="D:\actions-runner\_work\XPCO\XPCO\Corporate\VideoOS.Administration.AddIn.UnitTests\bin\x64\Debug\net472\VideoOS.Administration.AddIn.UnitTests.dll" adapterTypeName="executor://mstestadapter/v2" className="VideoOS.Administration.AddIn.UnitTests.DeviceStreamsPresenterTests" name="DeviceStreamsPresenter_ValidateAndSave_MayHaveOldData_RecordingToSecondary_HasOldData_Yes" />
    </UnitTest>
    <UnitTest name="AddpluginProperties_AddsHeader2_OnPluginWithNestedItems" storage="d:\actions-runner\_work\xpco\xpco\corporate\videoos.administration.addin.unittests\bin\x64\debug\net472\videoos.administration.addin.unittests.dll" id="443d67b8-e23b-0f13-7f54-4950709f5f25">
      <TestCategory>
        <TestCategoryItem TestCategory="Platform" />
      </TestCategory>
      <Execution id="3db0679b-4218-4e0b-b2d9-03994d28190c" />
      <TestMethod codeBase="D:\actions-runner\_work\XPCO\XPCO\Corporate\VideoOS.Administration.AddIn.UnitTests\bin\x64\Debug\net472\VideoOS.Administration.AddIn.UnitTests.dll" adapterTypeName="executor://mstestadapter/v2" className="VideoOS.Administration.AddIn.UnitTests.PlatformAddin.PlatformConfigReportTests" name="AddpluginProperties_AddsHeader2_OnPluginWithNestedItems" />
    </UnitTest>
    <UnitTest name="AddAppointmentConfiguration_CreatesProperSection_OnAllDayAppointment" storage="d:\actions-runner\_work\xpco\xpco\corporate\videoos.administration.addin.unittests\bin\x64\debug\net472\videoos.administration.addin.unittests.dll" id="77f3f50f-d827-5f5e-a510-cf94da642b48">
      <TestCategory>
        <TestCategoryItem TestCategory="Time profile" />
      </TestCategory>
      <Execution id="acebb874-4dce-4fe0-8057-ebd8ef59c72f" />
      <TestMethod codeBase="D:\actions-runner\_work\XPCO\XPCO\Corporate\VideoOS.Administration.AddIn.UnitTests\bin\x64\Debug\net472\VideoOS.Administration.AddIn.UnitTests.dll" adapterTypeName="executor://mstestadapter/v2" className="VideoOS.Administration.AddIn.UnitTests.DialogSelectSingleTimeTests" name="AddAppointmentConfiguration_CreatesProperSection_OnAllDayAppointment" />
    </UnitTest>
    <UnitTest name="DeviceStreamsPresenter_Init_WithoutAdaptivePlaybackFeatureFlag_PrimaryAndNoneItemsAddedToRecordToValueList" storage="d:\actions-runner\_work\xpco\xpco\corporate\videoos.administration.addin.unittests\bin\x64\debug\net472\videoos.administration.addin.unittests.dll" id="ffc37fdc-62b4-d63c-0d9c-2b83861cd6c5">
      <Execution id="7d2a4ef6-5ab1-4fc4-bff3-3fd5e295ba8d" />
      <TestMethod codeBase="D:\actions-runner\_work\XPCO\XPCO\Corporate\VideoOS.Administration.AddIn.UnitTests\bin\x64\Debug\net472\VideoOS.Administration.AddIn.UnitTests.dll" adapterTypeName="executor://mstestadapter/v2" className="VideoOS.Administration.AddIn.UnitTests.DeviceStreamsPresenterTests" name="DeviceStreamsPresenter_Init_WithoutAdaptivePlaybackFeatureFlag_PrimaryAndNoneItemsAddedToRecordToValueList" />
    </UnitTest>
    <UnitTest name="PlatformTree_SetState_ToWarningAsError" storage="d:\actions-runner\_work\xpco\xpco\corporate\videoos.administration.addin.unittests\bin\x64\debug\net472\videoos.administration.addin.unittests.dll" id="c9d0430e-4ae6-2282-ef9f-12706c632bd8">
      <TestCategory>
        <TestCategoryItem TestCategory="PlatformTree" />
      </TestCategory>
      <Execution id="88d39e2c-ccca-4e1e-9dc8-a5d46c4531f7" />
      <TestMethod codeBase="D:\actions-runner\_work\XPCO\XPCO\Corporate\VideoOS.Administration.AddIn.UnitTests\bin\x64\Debug\net472\VideoOS.Administration.AddIn.UnitTests.dll" adapterTypeName="executor://mstestadapter/v2" className="VideoOS.Administration.AddIn.UnitTests.PlatformAddin.PlatformTreeTest" name="PlatformTree_SetState_ToWarningAsError" />
    </UnitTest>
    <UnitTest name="DeviceStreamsPresenter_ValidateAndSave_MayHaveOldData_NotRecordingToSecondary_NoOldData" storage="d:\actions-runner\_work\xpco\xpco\corporate\videoos.administration.addin.unittests\bin\x64\debug\net472\videoos.administration.addin.unittests.dll" id="f9440018-3f05-25c4-2466-c0b847591a22">
      <Execution id="94b2424a-e6c8-43da-82d6-d15447f50c4a" />
      <TestMethod codeBase="D:\actions-runner\_work\XPCO\XPCO\Corporate\VideoOS.Administration.AddIn.UnitTests\bin\x64\Debug\net472\VideoOS.Administration.AddIn.UnitTests.dll" adapterTypeName="executor://mstestadapter/v2" className="VideoOS.Administration.AddIn.UnitTests.DeviceStreamsPresenterTests" name="DeviceStreamsPresenter_ValidateAndSave_MayHaveOldData_NotRecordingToSecondary_NoOldData" />
    </UnitTest>
    <UnitTest name="AddAppointmentConfiguration_AddsOriginalStartDateToTable_OnAppointmentWithVariance" storage="d:\actions-runner\_work\xpco\xpco\corporate\videoos.administration.addin.unittests\bin\x64\debug\net472\videoos.administration.addin.unittests.dll" id="8fdbc734-ce75-d69b-30b0-43444bb48d63">
      <TestCategory>
        <TestCategoryItem TestCategory="Time profile" />
      </TestCategory>
      <Execution id="08dc3529-b366-4504-b077-b4f439db8e0e" />
      <TestMethod codeBase="D:\actions-runner\_work\XPCO\XPCO\Corporate\VideoOS.Administration.AddIn.UnitTests\bin\x64\Debug\net472\VideoOS.Administration.AddIn.UnitTests.dll" adapterTypeName="executor://mstestadapter/v2" className="VideoOS.Administration.AddIn.UnitTests.DialogSelectRecurrenceTests" name="AddAppointmentConfiguration_AddsOriginalStartDateToTable_OnAppointmentWithVariance" />
    </UnitTest>
    <UnitTest name="AddpluginProperties_AddsHeading1_OnPluginWithItemNodeAllowMany" storage="d:\actions-runner\_work\xpco\xpco\corporate\videoos.administration.addin.unittests\bin\x64\debug\net472\videoos.administration.addin.unittests.dll" id="297810fa-c5a5-d04b-910d-1053a0cf93f7">
      <TestCategory>
        <TestCategoryItem TestCategory="Platform" />
      </TestCategory>
      <Execution id="74f91a40-de11-4b0d-a65b-629c12146e52" />
      <TestMethod codeBase="D:\actions-runner\_work\XPCO\XPCO\Corporate\VideoOS.Administration.AddIn.UnitTests\bin\x64\Debug\net472\VideoOS.Administration.AddIn.UnitTests.dll" adapterTypeName="executor://mstestadapter/v2" className="VideoOS.Administration.AddIn.UnitTests.PlatformAddin.PlatformConfigReportTests" name="AddpluginProperties_AddsHeading1_OnPluginWithItemNodeAllowMany" />
    </UnitTest>
    <UnitTest name="AutoDiscovery_HardwareSetupInfoManager_ProcessFailedTaskResults_Simple" storage="d:\actions-runner\_work\xpco\xpco\corporate\videoos.administration.addin.unittests\bin\x64\debug\net472\videoos.administration.addin.unittests.dll" id="adb1002c-4889-6c5e-b1c9-58fa4e94c40d">
      <TestCategory>
        <TestCategoryItem TestCategory="AutoDiscovery_HardwareSetupInfoManager" />
      </TestCategory>
      <Execution id="d8273462-b68c-46b9-a20e-4cacf99f2d8a" />
      <TestMethod codeBase="D:\actions-runner\_work\XPCO\XPCO\Corporate\VideoOS.Administration.AddIn.UnitTests\bin\x64\Debug\net472\VideoOS.Administration.AddIn.UnitTests.dll" adapterTypeName="executor://mstestadapter/v2" className="VideoOS.Administration.AddIn.UnitTests.RecorderAddIn.HardwareLocator.AutoDiscovery_HardwareSetupInfoManagerUnittest" name="AutoDiscovery_HardwareSetupInfoManager_ProcessFailedTaskResults_Simple" />
    </UnitTest>
    <UnitTest name="AddAppointmentConfiguration_AddsRecurenceRangeStartToTable_OnAppointmentWithRecurrence" storage="d:\actions-runner\_work\xpco\xpco\corporate\videoos.administration.addin.unittests\bin\x64\debug\net472\videoos.administration.addin.unittests.dll" id="36be9ed2-eaa8-c998-6851-9c139f670027">
      <TestCategory>
        <TestCategoryItem TestCategory="Time profile" />
      </TestCategory>
      <Execution id="ee1794e9-2267-4adb-a440-86ae47cfa196" />
      <TestMethod codeBase="D:\actions-runner\_work\XPCO\XPCO\Corporate\VideoOS.Administration.AddIn.UnitTests\bin\x64\Debug\net472\VideoOS.Administration.AddIn.UnitTests.dll" adapterTypeName="executor://mstestadapter/v2" className="VideoOS.Administration.AddIn.UnitTests.DialogSelectRecurrenceTests" name="AddAppointmentConfiguration_AddsRecurenceRangeStartToTable_OnAppointmentWithRecurrence" />
    </UnitTest>
    <UnitTest name="TestPreviewImageEditor_CreateGridOverwritesPreviousGrid" storage="d:\actions-runner\_work\xpco\xpco\corporate\videoos.administration.addin.unittests\bin\x64\debug\net472\videoos.administration.addin.unittests.dll" id="997e4eb9-4728-01ff-76d8-787842115312">
      <Execution id="a61a01c9-2c5a-42a5-947e-f9d8e0816ad4" />
      <TestMethod codeBase="D:\actions-runner\_work\XPCO\XPCO\Corporate\VideoOS.Administration.AddIn.UnitTests\bin\x64\Debug\net472\VideoOS.Administration.AddIn.UnitTests.dll" adapterTypeName="executor://mstestadapter/v2" className="VideoOS.Administration.AddIn.UnitTests.PreviewImageEditorTests" name="TestPreviewImageEditor_CreateGridOverwritesPreviousGrid" />
    </UnitTest>
    <UnitTest name="ExecuteReplaceHardware_ThrowsArgumentNullException_OnNullAsParameters" storage="d:\actions-runner\_work\xpco\xpco\corporate\videoos.administration.addin.unittests\bin\x64\debug\net472\videoos.administration.addin.unittests.dll" id="2eee81e5-7eba-ad1a-fe8f-bb0def0a1289">
      <TestCategory>
        <TestCategoryItem TestCategory="Replace Hardware" />
      </TestCategory>
      <Execution id="64f0730a-8943-4d6c-975d-c48ca004b000" />
      <TestMethod codeBase="D:\actions-runner\_work\XPCO\XPCO\Corporate\VideoOS.Administration.AddIn.UnitTests\bin\x64\Debug\net472\VideoOS.Administration.AddIn.UnitTests.dll" adapterTypeName="executor://mstestadapter/v2" className="VideoOS.Administration.AddIn.UnitTests.ReplaceHardwareToolsTests" name="ExecuteReplaceHardware_ThrowsArgumentNullException_OnNullAsParameters" />
    </UnitTest>
    <UnitTest name="DeviceStreamsPresenter_Activate_NotSameStreamCombinations_AllDisabled" storage="d:\actions-runner\_work\xpco\xpco\corporate\videoos.administration.addin.unittests\bin\x64\debug\net472\videoos.administration.addin.unittests.dll" id="0bed5dd6-c7fb-8d65-4dba-b1353a0b8d02">
      <Execution id="e5c3b87d-5207-4dcd-82f5-625352534e2c" />
      <TestMethod codeBase="D:\actions-runner\_work\XPCO\XPCO\Corporate\VideoOS.Administration.AddIn.UnitTests\bin\x64\Debug\net472\VideoOS.Administration.AddIn.UnitTests.dll" adapterTypeName="executor://mstestadapter/v2" className="VideoOS.Administration.AddIn.UnitTests.DeviceStreamsPresenterTests" name="DeviceStreamsPresenter_Activate_NotSameStreamCombinations_AllDisabled" />
    </UnitTest>
    <UnitTest name="MayHaveOldData_Single_Track" storage="d:\actions-runner\_work\xpco\xpco\corporate\videoos.administration.addin.unittests\bin\x64\debug\net472\videoos.administration.addin.unittests.dll" id="d1f1df85-77bf-3e9f-3cbb-d16cb9a4f51a">
      <Execution id="d6c32c21-2716-4ea9-8bd9-d4a84bd54e9a" />
      <TestMethod codeBase="D:\actions-runner\_work\XPCO\XPCO\Corporate\VideoOS.Administration.AddIn.UnitTests\bin\x64\Debug\net472\VideoOS.Administration.AddIn.UnitTests.dll" adapterTypeName="executor://mstestadapter/v2" className="VideoOS.Administration.AddIn.UnitTests.DeviceStreamQueryTests" name="MayHaveOldData_Single_Track" />
    </UnitTest>
    <UnitTest name="AddOptionsDialogProperties_AddsTwoRows_OnMultipleSectionsWithSameKeys" storage="d:\actions-runner\_work\xpco\xpco\corporate\videoos.administration.addin.unittests\bin\x64\debug\net472\videoos.administration.addin.unittests.dll" id="7990ea68-3a48-cc6c-6b53-7408abbf3474">
      <TestCategory>
        <TestCategoryItem TestCategory="Platform" />
      </TestCategory>
      <Execution id="ca28d009-0d05-4156-8d45-70fdb887ef25" />
      <TestMethod codeBase="D:\actions-runner\_work\XPCO\XPCO\Corporate\VideoOS.Administration.AddIn.UnitTests\bin\x64\Debug\net472\VideoOS.Administration.AddIn.UnitTests.dll" adapterTypeName="executor://mstestadapter/v2" className="VideoOS.Administration.AddIn.UnitTests.PlatformAddin.PlatformConfigReportTests" name="AddOptionsDialogProperties_AddsTwoRows_OnMultipleSectionsWithSameKeys" />
    </UnitTest>
    <UnitTest name="TestPreviewImageEditor_ClearPenOverlayWithoutHavingAPenOverlay" storage="d:\actions-runner\_work\xpco\xpco\corporate\videoos.administration.addin.unittests\bin\x64\debug\net472\videoos.administration.addin.unittests.dll" id="80e5731c-d5fc-e94f-306e-58f2a404c823">
      <Execution id="dc15f762-92a5-4e80-9aba-ebb66f735f08" />
      <TestMethod codeBase="D:\actions-runner\_work\XPCO\XPCO\Corporate\VideoOS.Administration.AddIn.UnitTests\bin\x64\Debug\net472\VideoOS.Administration.AddIn.UnitTests.dll" adapterTypeName="executor://mstestadapter/v2" className="VideoOS.Administration.AddIn.UnitTests.PreviewImageEditorTests" name="TestPreviewImageEditor_ClearPenOverlayWithoutHavingAPenOverlay" />
    </UnitTest>
    <UnitTest name="AddOptionsDialogProperties_AddsParentsRow_OnPropertiesWithNotSameKeys" storage="d:\actions-runner\_work\xpco\xpco\corporate\videoos.administration.addin.unittests\bin\x64\debug\net472\videoos.administration.addin.unittests.dll" id="eeef213d-0eab-1239-bede-9bafb27d7832">
      <TestCategory>
        <TestCategoryItem TestCategory="Platform" />
      </TestCategory>
      <Execution id="1bfe16e9-a070-4bce-9ad5-f6f5884554ea" />
      <TestMethod codeBase="D:\actions-runner\_work\XPCO\XPCO\Corporate\VideoOS.Administration.AddIn.UnitTests\bin\x64\Debug\net472\VideoOS.Administration.AddIn.UnitTests.dll" adapterTypeName="executor://mstestadapter/v2" className="VideoOS.Administration.AddIn.UnitTests.PlatformAddin.PlatformConfigReportTests" name="AddOptionsDialogProperties_AddsParentsRow_OnPropertiesWithNotSameKeys" />
    </UnitTest>
    <UnitTest name="MayHaveOldData_Multi_StreamAndTrack_StreamAndTrack" storage="d:\actions-runner\_work\xpco\xpco\corporate\videoos.administration.addin.unittests\bin\x64\debug\net472\videoos.administration.addin.unittests.dll" id="8bad3e4a-372d-2ca0-3e74-b96394cb0915">
      <Execution id="ecb48533-df07-46a3-9dac-233d14429aa0" />
      <TestMethod codeBase="D:\actions-runner\_work\XPCO\XPCO\Corporate\VideoOS.Administration.AddIn.UnitTests\bin\x64\Debug\net472\VideoOS.Administration.AddIn.UnitTests.dll" adapterTypeName="executor://mstestadapter/v2" className="VideoOS.Administration.AddIn.UnitTests.DeviceStreamQueryTests" name="MayHaveOldData_Multi_StreamAndTrack_StreamAndTrack" />
    </UnitTest>
    <UnitTest name="ClientBasicUserCollection_ValidatePassword_PasswordEmpty" storage="d:\actions-runner\_work\xpco\xpco\corporate\videoos.administration.addin.unittests\bin\x64\debug\net472\videoos.administration.addin.unittests.dll" id="36aa9169-7f41-7d09-b98a-9d05f10266bc">
      <Execution id="692d463f-bfed-4bd1-b184-11d45774da08" />
      <TestMethod codeBase="D:\actions-runner\_work\XPCO\XPCO\Corporate\VideoOS.Administration.AddIn.UnitTests\bin\x64\Debug\net472\VideoOS.Administration.AddIn.UnitTests.dll" adapterTypeName="executor://mstestadapter/v2" className="VideoOS.Administration.AddIn.UnitTests.DialogChangePasswordTest" name="ClientBasicUserCollection_ValidatePassword_PasswordEmpty" />
    </UnitTest>
    <UnitTest name="MayHaveOldData_Multi_Track_Track" storage="d:\actions-runner\_work\xpco\xpco\corporate\videoos.administration.addin.unittests\bin\x64\debug\net472\videoos.administration.addin.unittests.dll" id="cd00c760-ba4d-a11a-4ba7-33c8001ee884">
      <Execution id="e01f46e0-97e7-4961-b369-4c4e8bc71b94" />
      <TestMethod codeBase="D:\actions-runner\_work\XPCO\XPCO\Corporate\VideoOS.Administration.AddIn.UnitTests\bin\x64\Debug\net472\VideoOS.Administration.AddIn.UnitTests.dll" adapterTypeName="executor://mstestadapter/v2" className="VideoOS.Administration.AddIn.UnitTests.DeviceStreamQueryTests" name="MayHaveOldData_Multi_Track_Track" />
    </UnitTest>
    <UnitTest name="AutoDiscovery_HardwareSetupInfoManager_HardwareSetupInfoSetupResponseReceived_WhenCanceled" storage="d:\actions-runner\_work\xpco\xpco\corporate\videoos.administration.addin.unittests\bin\x64\debug\net472\videoos.administration.addin.unittests.dll" id="6a725ab5-45a8-bb8a-d5f6-58afcfa9801b">
      <TestCategory>
        <TestCategoryItem TestCategory="AutoDiscovery_HardwareSetupInfoManager" />
      </TestCategory>
      <Execution id="d9146a5d-cddb-4d8f-bbd5-5188f9162ac8" />
      <TestMethod codeBase="D:\actions-runner\_work\XPCO\XPCO\Corporate\VideoOS.Administration.AddIn.UnitTests\bin\x64\Debug\net472\VideoOS.Administration.AddIn.UnitTests.dll" adapterTypeName="executor://mstestadapter/v2" className="VideoOS.Administration.AddIn.UnitTests.RecorderAddIn.HardwareLocator.AutoDiscovery_HardwareSetupInfoManagerUnittest" name="AutoDiscovery_HardwareSetupInfoManager_HardwareSetupInfoSetupResponseReceived_WhenCanceled" />
    </UnitTest>
    <UnitTest name="AddpluginProperties_DoesNothing_OnPluginWithNoItems" storage="d:\actions-runner\_work\xpco\xpco\corporate\videoos.administration.addin.unittests\bin\x64\debug\net472\videoos.administration.addin.unittests.dll" id="7092392a-e837-1385-d4a6-796abc0cc02b">
      <TestCategory>
        <TestCategoryItem TestCategory="Platform" />
      </TestCategory>
      <Execution id="1215212a-149a-411e-87e7-e3b53dd5bf69" />
      <TestMethod codeBase="D:\actions-runner\_work\XPCO\XPCO\Corporate\VideoOS.Administration.AddIn.UnitTests\bin\x64\Debug\net472\VideoOS.Administration.AddIn.UnitTests.dll" adapterTypeName="executor://mstestadapter/v2" className="VideoOS.Administration.AddIn.UnitTests.PlatformAddin.PlatformConfigReportTests" name="AddpluginProperties_DoesNothing_OnPluginWithNoItems" />
    </UnitTest>
    <UnitTest name="TestPreviewImageEditor_CreatePenImageWithPreviewImage" storage="d:\actions-runner\_work\xpco\xpco\corporate\videoos.administration.addin.unittests\bin\x64\debug\net472\videoos.administration.addin.unittests.dll" id="258285e9-8080-ce92-afdd-7f157ca38382">
      <Execution id="536e12de-e9e0-4ca6-9b61-c97076cfafc4" />
      <TestMethod codeBase="D:\actions-runner\_work\XPCO\XPCO\Corporate\VideoOS.Administration.AddIn.UnitTests\bin\x64\Debug\net472\VideoOS.Administration.AddIn.UnitTests.dll" adapterTypeName="executor://mstestadapter/v2" className="VideoOS.Administration.AddIn.UnitTests.PreviewImageEditorTests" name="TestPreviewImageEditor_CreatePenImageWithPreviewImage" />
    </UnitTest>
    <UnitTest name="ConfigurationLookupHelperTest_TestSourceProviderGetAllfailoverServers_ResultWithServersWithDisabled" storage="d:\actions-runner\_work\xpco\xpco\corporate\videoos.administration.addin.unittests\bin\x64\debug\net472\videoos.administration.addin.unittests.dll" id="8a93785e-b67c-78df-ce08-d7a40c6a823a">
      <Execution id="96783a80-55c0-4069-b791-db7debc76eb0" />
      <TestMethod codeBase="D:\actions-runner\_work\XPCO\XPCO\Corporate\VideoOS.Administration.AddIn.UnitTests\bin\x64\Debug\net472\VideoOS.Administration.AddIn.UnitTests.dll" adapterTypeName="executor://mstestadapter/v2" className="VideoOS.Administration.AddIn.UnitTests.SystemMonitorDashboard.ConfigurationLookupHelperTest" name="ConfigurationLookupHelperTest_TestSourceProviderGetAllfailoverServers_ResultWithServersWithDisabled" />
    </UnitTest>
    <UnitTest name="DeviceStreamsPresenter_AcceptControls_TooManyDevices_SetsDevicesNullAndShowsTab" storage="d:\actions-runner\_work\xpco\xpco\corporate\videoos.administration.addin.unittests\bin\x64\debug\net472\videoos.administration.addin.unittests.dll" id="3353e4ef-4067-7c75-fb9a-33e1a501dd12">
      <Execution id="39ff1b24-e983-4c64-b6c0-f44a41f5dbb5" />
      <TestMethod codeBase="D:\actions-runner\_work\XPCO\XPCO\Corporate\VideoOS.Administration.AddIn.UnitTests\bin\x64\Debug\net472\VideoOS.Administration.AddIn.UnitTests.dll" adapterTypeName="executor://mstestadapter/v2" className="VideoOS.Administration.AddIn.UnitTests.DeviceStreamsPresenterTests" name="DeviceStreamsPresenter_AcceptControls_TooManyDevices_SetsDevicesNullAndShowsTab" />
    </UnitTest>
    <UnitTest name="Compare_ReturnsNegative1_OnNullAsXTag" storage="d:\actions-runner\_work\xpco\xpco\corporate\videoos.administration.addin.unittests\bin\x64\debug\net472\videoos.administration.addin.unittests.dll" id="14ba3501-276c-588b-c9bf-cc95a4f9486d">
      <TestCategory>
        <TestCategoryItem TestCategory="Replace Hardware" />
      </TestCategory>
      <Execution id="88aaa9f6-41ba-426d-8bfb-15546121516c" />
      <TestMethod codeBase="D:\actions-runner\_work\XPCO\XPCO\Corporate\VideoOS.Administration.AddIn.UnitTests\bin\x64\Debug\net472\VideoOS.Administration.AddIn.UnitTests.dll" adapterTypeName="executor://mstestadapter/v2" className="VideoOS.Administration.AddIn.UnitTests.ComboBoxItemComparerTests" name="Compare_ReturnsNegative1_OnNullAsXTag" />
    </UnitTest>
    <UnitTest name="DeviceStreamsPresenter_Activate_SimilarStreams_Success" storage="d:\actions-runner\_work\xpco\xpco\corporate\videoos.administration.addin.unittests\bin\x64\debug\net472\videoos.administration.addin.unittests.dll" id="4d6504e7-4cec-f28a-1c3a-cefa756f93bf">
      <Execution id="6350d037-cbf9-417b-90f0-f96c934c2fef" />
      <TestMethod codeBase="D:\actions-runner\_work\XPCO\XPCO\Corporate\VideoOS.Administration.AddIn.UnitTests\bin\x64\Debug\net472\VideoOS.Administration.AddIn.UnitTests.dll" adapterTypeName="executor://mstestadapter/v2" className="VideoOS.Administration.AddIn.UnitTests.DeviceStreamsPresenterTests" name="DeviceStreamsPresenter_Activate_SimilarStreams_Success" />
    </UnitTest>
    <UnitTest name="GetWeeklyPatternText_ThrowsArgumentNullException_OnNullAsRecurrence" storage="d:\actions-runner\_work\xpco\xpco\corporate\videoos.administration.addin.unittests\bin\x64\debug\net472\videoos.administration.addin.unittests.dll" id="59feefb7-7ed7-9ff6-28ef-0f38d488e861">
      <TestCategory>
        <TestCategoryItem TestCategory="Time profile" />
      </TestCategory>
      <Execution id="723dc4b1-e0cc-4d75-94a6-2fbdf4ea55e1" />
      <TestMethod codeBase="D:\actions-runner\_work\XPCO\XPCO\Corporate\VideoOS.Administration.AddIn.UnitTests\bin\x64\Debug\net472\VideoOS.Administration.AddIn.UnitTests.dll" adapterTypeName="executor://mstestadapter/v2" className="VideoOS.Administration.AddIn.UnitTests.DialogSelectRecurrenceTests" name="GetWeeklyPatternText_ThrowsArgumentNullException_OnNullAsRecurrence" />
    </UnitTest>
    <UnitTest name="RecursiveFindFirstDeviceInDeviceGroup_ThrowsArgumentNullException_OnNullAsDeviceGroup" storage="d:\actions-runner\_work\xpco\xpco\corporate\videoos.administration.addin.unittests\bin\x64\debug\net472\videoos.administration.addin.unittests.dll" id="48e0767c-a71a-e1b7-4d50-9bd70b568e17">
      <TestCategory>
        <TestCategoryItem TestCategory="Pickers" />
      </TestCategory>
      <Execution id="070f3665-7e77-44ac-b60f-bc90e91905ab" />
      <TestMethod codeBase="D:\actions-runner\_work\XPCO\XPCO\Corporate\VideoOS.Administration.AddIn.UnitTests\bin\x64\Debug\net472\VideoOS.Administration.AddIn.UnitTests.dll" adapterTypeName="executor://mstestadapter/v2" className="VideoOS.Administration.AddIn.UnitTests.PickerSettingsTests" name="RecursiveFindFirstDeviceInDeviceGroup_ThrowsArgumentNullException_OnNullAsDeviceGroup" />
    </UnitTest>
    <UnitTest name="ApplyCellStyleToEditingControl_ThrowsArgumentNullException_OnNullAsDataGridViewCellStyle" storage="d:\actions-runner\_work\xpco\xpco\corporate\videoos.administration.addin.unittests\bin\x64\debug\net472\videoos.administration.addin.unittests.dll" id="984bf51f-490b-1308-062f-bc23bccd35f4">
      <TestCategory>
        <TestCategoryItem TestCategory="Generic Control" />
      </TestCategory>
      <Execution id="f704cf32-656f-41bc-94e3-d1f6ee53471a" />
      <TestMethod codeBase="D:\actions-runner\_work\XPCO\XPCO\Corporate\VideoOS.Administration.AddIn.UnitTests\bin\x64\Debug\net472\VideoOS.Administration.AddIn.UnitTests.dll" adapterTypeName="executor://mstestadapter/v2" className="VideoOS.Administration.AddIn.UnitTests.TextBoxButtonControlTests" name="ApplyCellStyleToEditingControl_ThrowsArgumentNullException_OnNullAsDataGridViewCellStyle" />
    </UnitTest>
    <UnitTest name="SystemDashboard_TestExtensionMethodsCorrectlyResolvesCategory" storage="d:\actions-runner\_work\xpco\xpco\corporate\videoos.administration.addin.unittests\bin\x64\debug\net472\videoos.administration.addin.unittests.dll" id="fdfab0bf-3e18-0233-5156-85cb86bbcb98">
      <Execution id="44f0e279-1d8a-49dc-a0ec-49f22de99c6a" />
      <TestMethod codeBase="D:\actions-runner\_work\XPCO\XPCO\Corporate\VideoOS.Administration.AddIn.UnitTests\bin\x64\Debug\net472\VideoOS.Administration.AddIn.UnitTests.dll" adapterTypeName="executor://mstestadapter/v2" className="VideoOS.Administration.AddIn.UnitTests.SystemDashboardDataProviderTests" name="SystemDashboard_TestExtensionMethodsCorrectlyResolvesCategory" />
    </UnitTest>
    <UnitTest name="Systemdashboard_ConfigurationProviderGetCamerasTiles" storage="d:\actions-runner\_work\xpco\xpco\corporate\videoos.administration.addin.unittests\bin\x64\debug\net472\videoos.administration.addin.unittests.dll" id="b74dc70c-cfb8-1da4-afab-054363fc7a41">
      <Execution id="0c237ebc-a89c-4d25-8512-193c775be122" />
      <TestMethod codeBase="D:\actions-runner\_work\XPCO\XPCO\Corporate\VideoOS.Administration.AddIn.UnitTests\bin\x64\Debug\net472\VideoOS.Administration.AddIn.UnitTests.dll" adapterTypeName="executor://mstestadapter/v2" className="VideoOS.Administration.AddIn.UnitTests.SystemDashboardConfigurationProviderTests" name="Systemdashboard_ConfigurationProviderGetCamerasTiles" />
    </UnitTest>
    <UnitTest name="ClientBasicUserCollection_ValidateBasicUser_NameTooLong" storage="d:\actions-runner\_work\xpco\xpco\corporate\videoos.administration.addin.unittests\bin\x64\debug\net472\videoos.administration.addin.unittests.dll" id="334f1489-c2f9-bc48-0959-9df7a5f60a9c">
      <Execution id="46bb1bdf-2041-4065-abb2-05246c23282d" />
      <TestMethod codeBase="D:\actions-runner\_work\XPCO\XPCO\Corporate\VideoOS.Administration.AddIn.UnitTests\bin\x64\Debug\net472\VideoOS.Administration.AddIn.UnitTests.dll" adapterTypeName="executor://mstestadapter/v2" className="VideoOS.Administration.AddIn.UnitTests.DialogNewBasicUserTest" name="ClientBasicUserCollection_ValidateBasicUser_NameTooLong" />
    </UnitTest>
    <UnitTest name="TestCompositeGrid_SetRegionSetsTheRightCells" storage="d:\actions-runner\_work\xpco\xpco\corporate\videoos.administration.addin.unittests\bin\x64\debug\net472\videoos.administration.addin.unittests.dll" id="6a5956a2-c4d2-d63c-41fc-3c6c32670a09">
      <Execution id="146de716-aade-4baa-8a35-4f65bfcc9c02" />
      <TestMethod codeBase="D:\actions-runner\_work\XPCO\XPCO\Corporate\VideoOS.Administration.AddIn.UnitTests\bin\x64\Debug\net472\VideoOS.Administration.AddIn.UnitTests.dll" adapterTypeName="executor://mstestadapter/v2" className="VideoOS.Administration.AddIn.UnitTests.RecorderAddIn.PrivacyProtectionHelpers.CompositeGridTests" name="TestCompositeGrid_SetRegionSetsTheRightCells" />
    </UnitTest>
    <UnitTest name="SystemDashboard_TestExtensionMethodsReturnsAllServerTypes" storage="d:\actions-runner\_work\xpco\xpco\corporate\videoos.administration.addin.unittests\bin\x64\debug\net472\videoos.administration.addin.unittests.dll" id="809b756f-a304-6843-42ee-c3e40925e811">
      <Execution id="9b699d5d-82d7-4bf0-bf65-091e09e52008" />
      <TestMethod codeBase="D:\actions-runner\_work\XPCO\XPCO\Corporate\VideoOS.Administration.AddIn.UnitTests\bin\x64\Debug\net472\VideoOS.Administration.AddIn.UnitTests.dll" adapterTypeName="executor://mstestadapter/v2" className="VideoOS.Administration.AddIn.UnitTests.SystemsDashboardExtensionsTest" name="SystemDashboard_TestExtensionMethodsReturnsAllServerTypes" />
    </UnitTest>
    <UnitTest name="RecursiveFindFirstDeviceInDeviceGroup_FindsDevice_InFlatGroup" storage="d:\actions-runner\_work\xpco\xpco\corporate\videoos.administration.addin.unittests\bin\x64\debug\net472\videoos.administration.addin.unittests.dll" id="febdf3e9-ec49-56d7-404a-70b300c99417">
      <TestCategory>
        <TestCategoryItem TestCategory="Pickers" />
      </TestCategory>
      <Execution id="b29f77e0-301f-4c43-8d8d-2b1bf1000e97" />
      <TestMethod codeBase="D:\actions-runner\_work\XPCO\XPCO\Corporate\VideoOS.Administration.AddIn.UnitTests\bin\x64\Debug\net472\VideoOS.Administration.AddIn.UnitTests.dll" adapterTypeName="executor://mstestadapter/v2" className="VideoOS.Administration.AddIn.UnitTests.PickerSettingsTests" name="RecursiveFindFirstDeviceInDeviceGroup_FindsDevice_InFlatGroup" />
    </UnitTest>
    <UnitTest name="TestPreviewImageEditor_ClearPenOverlayRemovesPenOverlay" storage="d:\actions-runner\_work\xpco\xpco\corporate\videoos.administration.addin.unittests\bin\x64\debug\net472\videoos.administration.addin.unittests.dll" id="ead1a04d-99dc-65f4-886b-441a8539b09e">
      <Execution id="948763ea-8207-432c-8b7e-ca6b5c5d6e90" />
      <TestMethod codeBase="D:\actions-runner\_work\XPCO\XPCO\Corporate\VideoOS.Administration.AddIn.UnitTests\bin\x64\Debug\net472\VideoOS.Administration.AddIn.UnitTests.dll" adapterTypeName="executor://mstestadapter/v2" className="VideoOS.Administration.AddIn.UnitTests.PreviewImageEditorTests" name="TestPreviewImageEditor_ClearPenOverlayRemovesPenOverlay" />
    </UnitTest>
    <UnitTest name="AddpluginProperties_AddsHeading_OnPluginWithOneItemNode" storage="d:\actions-runner\_work\xpco\xpco\corporate\videoos.administration.addin.unittests\bin\x64\debug\net472\videoos.administration.addin.unittests.dll" id="00d2f1d3-46d8-9209-35b6-4972a34aca8b">
      <TestCategory>
        <TestCategoryItem TestCategory="Platform" />
      </TestCategory>
      <Execution id="93f88d49-8e00-4ac0-a809-7aa87a11833f" />
      <TestMethod codeBase="D:\actions-runner\_work\XPCO\XPCO\Corporate\VideoOS.Administration.AddIn.UnitTests\bin\x64\Debug\net472\VideoOS.Administration.AddIn.UnitTests.dll" adapterTypeName="executor://mstestadapter/v2" className="VideoOS.Administration.AddIn.UnitTests.PlatformAddin.PlatformConfigReportTests" name="AddpluginProperties_AddsHeading_OnPluginWithOneItemNode" />
    </UnitTest>
    <UnitTest name="Compare_Returns1_OnNullAsYTag" storage="d:\actions-runner\_work\xpco\xpco\corporate\videoos.administration.addin.unittests\bin\x64\debug\net472\videoos.administration.addin.unittests.dll" id="7b16ddbc-47bb-b448-722e-c63c4914fa66">
      <TestCategory>
        <TestCategoryItem TestCategory="Replace Hardware" />
      </TestCategory>
      <Execution id="4f5d976b-2312-42d1-9789-54a9ff6a2377" />
      <TestMethod codeBase="D:\actions-runner\_work\XPCO\XPCO\Corporate\VideoOS.Administration.AddIn.UnitTests\bin\x64\Debug\net472\VideoOS.Administration.AddIn.UnitTests.dll" adapterTypeName="executor://mstestadapter/v2" className="VideoOS.Administration.AddIn.UnitTests.ComboBoxItemComparerTests" name="Compare_Returns1_OnNullAsYTag" />
    </UnitTest>
    <UnitTest name="AddPluginRoles_DoesNotChangeReport_OnPluginWithItemsWithSecurityActions" storage="d:\actions-runner\_work\xpco\xpco\corporate\videoos.administration.addin.unittests\bin\x64\debug\net472\videoos.administration.addin.unittests.dll" id="bcc6c74e-4cf8-7264-2b6c-bbfa0a489e09">
      <TestCategory>
        <TestCategoryItem TestCategory="Platform" />
      </TestCategory>
      <Execution id="5cdbb4e2-98ed-431e-99ef-6559958a4dfa" />
      <TestMethod codeBase="D:\actions-runner\_work\XPCO\XPCO\Corporate\VideoOS.Administration.AddIn.UnitTests\bin\x64\Debug\net472\VideoOS.Administration.AddIn.UnitTests.dll" adapterTypeName="executor://mstestadapter/v2" className="VideoOS.Administration.AddIn.UnitTests.PlatformAddin.PlatformConfigReportTests" name="AddPluginRoles_DoesNotChangeReport_OnPluginWithItemsWithSecurityActions" />
    </UnitTest>
    <UnitTest name="DeviceStreamsPresenter_AddStream_Success" storage="d:\actions-runner\_work\xpco\xpco\corporate\videoos.administration.addin.unittests\bin\x64\debug\net472\videoos.administration.addin.unittests.dll" id="6ff0101c-097f-b373-25ef-4c9e69478d15">
      <Execution id="9379f6ed-67ef-4de3-a9c0-596adc36e2a7" />
      <TestMethod codeBase="D:\actions-runner\_work\XPCO\XPCO\Corporate\VideoOS.Administration.AddIn.UnitTests\bin\x64\Debug\net472\VideoOS.Administration.AddIn.UnitTests.dll" adapterTypeName="executor://mstestadapter/v2" className="VideoOS.Administration.AddIn.UnitTests.DeviceStreamsPresenterTests" name="DeviceStreamsPresenter_AddStream_Success" />
    </UnitTest>
    <UnitTest name="TestTwoRemovable" storage="d:\actions-runner\_work\xpco\xpco\corporate\videoos.administration.addin.unittests\bin\x64\debug\net472\videoos.administration.addin.unittests.dll" id="739b122e-08d0-b9e4-0c25-7c7d8712dcf6">
      <Execution id="661dad9b-01e4-477c-9cfd-a0eb5e1046fa" />
      <TestMethod codeBase="D:\actions-runner\_work\XPCO\XPCO\Corporate\VideoOS.Administration.AddIn.UnitTests\bin\x64\Debug\net472\VideoOS.Administration.AddIn.UnitTests.dll" adapterTypeName="executor://mstestadapter/v2" className="VideoOS.Administration.AddIn.UnitTests.PrivacyProtectionValidatorTests" name="TestTwoRemovable" />
    </UnitTest>
    <UnitTest name="AddAppointmentConfiguration_AddsRecurencePatternToTable_OnAppointmentWithRecurrenceMonthly" storage="d:\actions-runner\_work\xpco\xpco\corporate\videoos.administration.addin.unittests\bin\x64\debug\net472\videoos.administration.addin.unittests.dll" id="27238eef-dad2-add6-2bf1-77c38305634a">
      <TestCategory>
        <TestCategoryItem TestCategory="Time profile" />
      </TestCategory>
      <Execution id="367b8529-b41d-4479-8232-cd4b27be3a50" />
      <TestMethod codeBase="D:\actions-runner\_work\XPCO\XPCO\Corporate\VideoOS.Administration.AddIn.UnitTests\bin\x64\Debug\net472\VideoOS.Administration.AddIn.UnitTests.dll" adapterTypeName="executor://mstestadapter/v2" className="VideoOS.Administration.AddIn.UnitTests.DialogSelectRecurrenceTests" name="AddAppointmentConfiguration_AddsRecurencePatternToTable_OnAppointmentWithRecurrenceMonthly" />
    </UnitTest>
    <UnitTest name="MayHaveOldData_Multi_None_StreamAndTrack" storage="d:\actions-runner\_work\xpco\xpco\corporate\videoos.administration.addin.unittests\bin\x64\debug\net472\videoos.administration.addin.unittests.dll" id="d9e3bfdf-cafc-02f3-1aba-0606c2a09b1c">
      <Execution id="f829157d-9fc1-4b45-9f65-3eae0e21ff78" />
      <TestMethod codeBase="D:\actions-runner\_work\XPCO\XPCO\Corporate\VideoOS.Administration.AddIn.UnitTests\bin\x64\Debug\net472\VideoOS.Administration.AddIn.UnitTests.dll" adapterTypeName="executor://mstestadapter/v2" className="VideoOS.Administration.AddIn.UnitTests.DeviceStreamQueryTests" name="MayHaveOldData_Multi_None_StreamAndTrack" />
    </UnitTest>
    <UnitTest name="GetDisplayString_ThrowsArgumentNullException_OnNullAsSelection" storage="d:\actions-runner\_work\xpco\xpco\corporate\videoos.administration.addin.unittests\bin\x64\debug\net472\videoos.administration.addin.unittests.dll" id="0526b310-2792-1b6e-9d26-cb5911e354d4">
      <TestCategory>
        <TestCategoryItem TestCategory="Pickers" />
      </TestCategory>
      <Execution id="2422cd5d-490c-4596-99b5-db0783339a41" />
      <TestMethod codeBase="D:\actions-runner\_work\XPCO\XPCO\Corporate\VideoOS.Administration.AddIn.UnitTests\bin\x64\Debug\net472\VideoOS.Administration.AddIn.UnitTests.dll" adapterTypeName="executor://mstestadapter/v2" className="VideoOS.Administration.AddIn.UnitTests.Pickers.PickerTimeOfDayTests" name="GetDisplayString_ThrowsArgumentNullException_OnNullAsSelection" />
    </UnitTest>
    <UnitTest name="Compare_ReturnsNegative1_OnSelectDeviceVsNone" storage="d:\actions-runner\_work\xpco\xpco\corporate\videoos.administration.addin.unittests\bin\x64\debug\net472\videoos.administration.addin.unittests.dll" id="f64b4e1d-0d2d-21cd-0557-43fefafba861">
      <TestCategory>
        <TestCategoryItem TestCategory="Replace Hardware" />
      </TestCategory>
      <Execution id="873b2b57-4d07-4cfa-a6a5-f3dd9c1fcf84" />
      <TestMethod codeBase="D:\actions-runner\_work\XPCO\XPCO\Corporate\VideoOS.Administration.AddIn.UnitTests\bin\x64\Debug\net472\VideoOS.Administration.AddIn.UnitTests.dll" adapterTypeName="executor://mstestadapter/v2" className="VideoOS.Administration.AddIn.UnitTests.ComboBoxItemComparerTests" name="Compare_ReturnsNegative1_OnSelectDeviceVsNone" />
    </UnitTest>
    <UnitTest name="TestPreviewImageEditor_UpdatePreviewImageWithHiddenGrid" storage="d:\actions-runner\_work\xpco\xpco\corporate\videoos.administration.addin.unittests\bin\x64\debug\net472\videoos.administration.addin.unittests.dll" id="3ca7c303-3c9f-d1db-d70b-50a9ddfb84c3">
      <Execution id="dafd25a7-6ddd-488a-ad23-916b5137d175" />
      <TestMethod codeBase="D:\actions-runner\_work\XPCO\XPCO\Corporate\VideoOS.Administration.AddIn.UnitTests\bin\x64\Debug\net472\VideoOS.Administration.AddIn.UnitTests.dll" adapterTypeName="executor://mstestadapter/v2" className="VideoOS.Administration.AddIn.UnitTests.PreviewImageEditorTests" name="TestPreviewImageEditor_UpdatePreviewImageWithHiddenGrid" />
    </UnitTest>
    <UnitTest name="Compare_Returns0_OnAVsA" storage="d:\actions-runner\_work\xpco\xpco\corporate\videoos.administration.addin.unittests\bin\x64\debug\net472\videoos.administration.addin.unittests.dll" id="7b07e1c7-c876-da1c-0172-ec61196dc8c0">
      <TestCategory>
        <TestCategoryItem TestCategory="Replace Hardware" />
      </TestCategory>
      <Execution id="2f874979-a8a5-407e-be27-7decf0e84f66" />
      <TestMethod codeBase="D:\actions-runner\_work\XPCO\XPCO\Corporate\VideoOS.Administration.AddIn.UnitTests\bin\x64\Debug\net472\VideoOS.Administration.AddIn.UnitTests.dll" adapterTypeName="executor://mstestadapter/v2" className="VideoOS.Administration.AddIn.UnitTests.ComboBoxItemComparerTests" name="Compare_Returns0_OnAVsA" />
    </UnitTest>
    <UnitTest name="AutoDiscovery_HardwareSetupInfoManager_HardwareSetupInfoSetupResponseReceived_WhenHardwareUnsupported" storage="d:\actions-runner\_work\xpco\xpco\corporate\videoos.administration.addin.unittests\bin\x64\debug\net472\videoos.administration.addin.unittests.dll" id="ca945573-50d6-c4af-770e-2f53e1db0531">
      <TestCategory>
        <TestCategoryItem TestCategory="AutoDiscovery_HardwareSetupInfoManager" />
      </TestCategory>
      <Execution id="61ec98c7-b730-4af1-9c31-6d34af33a2f1" />
      <TestMethod codeBase="D:\actions-runner\_work\XPCO\XPCO\Corporate\VideoOS.Administration.AddIn.UnitTests\bin\x64\Debug\net472\VideoOS.Administration.AddIn.UnitTests.dll" adapterTypeName="executor://mstestadapter/v2" className="VideoOS.Administration.AddIn.UnitTests.RecorderAddIn.HardwareLocator.AutoDiscovery_HardwareSetupInfoManagerUnittest" name="AutoDiscovery_HardwareSetupInfoManager_HardwareSetupInfoSetupResponseReceived_WhenHardwareUnsupported" />
    </UnitTest>
    <UnitTest name="AddPluginRoles_DoesNotChangeReport_OnPluginWithNoSecurityActions" storage="d:\actions-runner\_work\xpco\xpco\corporate\videoos.administration.addin.unittests\bin\x64\debug\net472\videoos.administration.addin.unittests.dll" id="c3a60e42-27af-dba3-1b50-1ad194a69dea">
      <TestCategory>
        <TestCategoryItem TestCategory="Platform" />
      </TestCategory>
      <Execution id="1339157b-fdef-4ee8-981b-dc822363d89d" />
      <TestMethod codeBase="D:\actions-runner\_work\XPCO\XPCO\Corporate\VideoOS.Administration.AddIn.UnitTests\bin\x64\Debug\net472\VideoOS.Administration.AddIn.UnitTests.dll" adapterTypeName="executor://mstestadapter/v2" className="VideoOS.Administration.AddIn.UnitTests.PlatformAddin.PlatformConfigReportTests" name="AddPluginRoles_DoesNotChangeReport_OnPluginWithNoSecurityActions" />
    </UnitTest>
    <UnitTest name="MayHaveOldData_Multi_None_None" storage="d:\actions-runner\_work\xpco\xpco\corporate\videoos.administration.addin.unittests\bin\x64\debug\net472\videoos.administration.addin.unittests.dll" id="31984ec1-238e-0674-147d-5ec0b3186381">
      <Execution id="bad79f73-af2f-43a8-a3d6-8f9158bd4d92" />
      <TestMethod codeBase="D:\actions-runner\_work\XPCO\XPCO\Corporate\VideoOS.Administration.AddIn.UnitTests\bin\x64\Debug\net472\VideoOS.Administration.AddIn.UnitTests.dll" adapterTypeName="executor://mstestadapter/v2" className="VideoOS.Administration.AddIn.UnitTests.DeviceStreamQueryTests" name="MayHaveOldData_Multi_None_None" />
    </UnitTest>
    <UnitTest name="DeviceStreamsPresenter_InitializeStreamGridLayout_AllFeatureFlags_Success" storage="d:\actions-runner\_work\xpco\xpco\corporate\videoos.administration.addin.unittests\bin\x64\debug\net472\videoos.administration.addin.unittests.dll" id="bddf2e55-2ff0-2d11-b640-20a93e13ac96">
      <Execution id="f7993e02-8910-4f9e-90d8-3f920085f841" />
      <TestMethod codeBase="D:\actions-runner\_work\XPCO\XPCO\Corporate\VideoOS.Administration.AddIn.UnitTests\bin\x64\Debug\net472\VideoOS.Administration.AddIn.UnitTests.dll" adapterTypeName="executor://mstestadapter/v2" className="VideoOS.Administration.AddIn.UnitTests.DeviceStreamsPresenterTests" name="DeviceStreamsPresenter_InitializeStreamGridLayout_AllFeatureFlags_Success" />
    </UnitTest>
    <UnitTest name="DeviceStreamsPresenter_RefreshData_TwoIdenticalStreams_Success" storage="d:\actions-runner\_work\xpco\xpco\corporate\videoos.administration.addin.unittests\bin\x64\debug\net472\videoos.administration.addin.unittests.dll" id="2ef6b5e7-17a9-3359-e633-61bd61ff5610">
      <Execution id="c7aa4510-377c-4a8d-96f3-1b18ae4e32d9" />
      <TestMethod codeBase="D:\actions-runner\_work\XPCO\XPCO\Corporate\VideoOS.Administration.AddIn.UnitTests\bin\x64\Debug\net472\VideoOS.Administration.AddIn.UnitTests.dll" adapterTypeName="executor://mstestadapter/v2" className="VideoOS.Administration.AddIn.UnitTests.DeviceStreamsPresenterTests" name="DeviceStreamsPresenter_RefreshData_TwoIdenticalStreams_Success" />
    </UnitTest>
    <UnitTest name="ClientBasicUserCollection_ValidateBasicUser_NameIllegalCharacters" storage="d:\actions-runner\_work\xpco\xpco\corporate\videoos.administration.addin.unittests\bin\x64\debug\net472\videoos.administration.addin.unittests.dll" id="c2b9a82a-d5ea-ad02-7929-177ecd74eb3b">
      <Execution id="45a36394-2c0f-49f9-ae17-4c87d9ba14ed" />
      <TestMethod codeBase="D:\actions-runner\_work\XPCO\XPCO\Corporate\VideoOS.Administration.AddIn.UnitTests\bin\x64\Debug\net472\VideoOS.Administration.AddIn.UnitTests.dll" adapterTypeName="executor://mstestadapter/v2" className="VideoOS.Administration.AddIn.UnitTests.DialogNewBasicUserTest" name="ClientBasicUserCollection_ValidateBasicUser_NameIllegalCharacters" />
    </UnitTest>
    <UnitTest name="AutoDiscovery_HardwareSetupInfoManager_HardwareSetupInfoSetupResponseReceived_WhenNoResponse" storage="d:\actions-runner\_work\xpco\xpco\corporate\videoos.administration.addin.unittests\bin\x64\debug\net472\videoos.administration.addin.unittests.dll" id="01db9139-6521-222f-7e21-ee6dd73b9893">
      <TestCategory>
        <TestCategoryItem TestCategory="AutoDiscovery_HardwareSetupInfoManager" />
      </TestCategory>
      <Execution id="14e28f0b-18e5-4ef6-a6bb-dd3eb333edfb" />
      <TestMethod codeBase="D:\actions-runner\_work\XPCO\XPCO\Corporate\VideoOS.Administration.AddIn.UnitTests\bin\x64\Debug\net472\VideoOS.Administration.AddIn.UnitTests.dll" adapterTypeName="executor://mstestadapter/v2" className="VideoOS.Administration.AddIn.UnitTests.RecorderAddIn.HardwareLocator.AutoDiscovery_HardwareSetupInfoManagerUnittest" name="AutoDiscovery_HardwareSetupInfoManager_HardwareSetupInfoSetupResponseReceived_WhenNoResponse" />
    </UnitTest>
    <UnitTest name="PlatformTree_ToolTip_Blank" storage="d:\actions-runner\_work\xpco\xpco\corporate\videoos.administration.addin.unittests\bin\x64\debug\net472\videoos.administration.addin.unittests.dll" id="c36390f4-3d98-5929-30ec-ae65368da11b">
      <TestCategory>
        <TestCategoryItem TestCategory="PlatformTree" />
      </TestCategory>
      <Execution id="4ff4507a-ef0b-4484-845b-77a6fe5ff6e2" />
      <TestMethod codeBase="D:\actions-runner\_work\XPCO\XPCO\Corporate\VideoOS.Administration.AddIn.UnitTests\bin\x64\Debug\net472\VideoOS.Administration.AddIn.UnitTests.dll" adapterTypeName="executor://mstestadapter/v2" className="VideoOS.Administration.AddIn.UnitTests.PlatformAddin.PlatformTreeTest" name="PlatformTree_ToolTip_Blank" />
    </UnitTest>
    <UnitTest name="TestCompositeGrid_ClearAllClearsCells" storage="d:\actions-runner\_work\xpco\xpco\corporate\videoos.administration.addin.unittests\bin\x64\debug\net472\videoos.administration.addin.unittests.dll" id="78c740ae-56fc-6b0c-39c4-3eff9e7a3742">
      <Execution id="e5506b39-b9ab-4e53-a02a-ca68b760ee5c" />
      <TestMethod codeBase="D:\actions-runner\_work\XPCO\XPCO\Corporate\VideoOS.Administration.AddIn.UnitTests\bin\x64\Debug\net472\VideoOS.Administration.AddIn.UnitTests.dll" adapterTypeName="executor://mstestadapter/v2" className="VideoOS.Administration.AddIn.UnitTests.RecorderAddIn.PrivacyProtectionHelpers.CompositeGridTests" name="TestCompositeGrid_ClearAllClearsCells" />
    </UnitTest>
    <UnitTest name="PlatformTree_SetState_ToActive" storage="d:\actions-runner\_work\xpco\xpco\corporate\videoos.administration.addin.unittests\bin\x64\debug\net472\videoos.administration.addin.unittests.dll" id="9c14c648-cefb-cf9c-8e24-b3c4687d3d5b">
      <TestCategory>
        <TestCategoryItem TestCategory="PlatformTree" />
      </TestCategory>
      <Execution id="c1d2ced5-d30e-460a-acfc-fad3b4f654c3" />
      <TestMethod codeBase="D:\actions-runner\_work\XPCO\XPCO\Corporate\VideoOS.Administration.AddIn.UnitTests\bin\x64\Debug\net472\VideoOS.Administration.AddIn.UnitTests.dll" adapterTypeName="executor://mstestadapter/v2" className="VideoOS.Administration.AddIn.UnitTests.PlatformAddin.PlatformTreeTest" name="PlatformTree_SetState_ToActive" />
    </UnitTest>
    <UnitTest name="AutoDiscovery_HardwareSetupInfoManager_TaskThrowException" storage="d:\actions-runner\_work\xpco\xpco\corporate\videoos.administration.addin.unittests\bin\x64\debug\net472\videoos.administration.addin.unittests.dll" id="e419550c-f228-e320-39cd-e5cc15bd206b">
      <TestCategory>
        <TestCategoryItem TestCategory="AutoDiscovery_HardwareSetupInfoManager" />
      </TestCategory>
      <Execution id="f552d8f0-6aea-42fc-b81a-fc6962845275" />
      <TestMethod codeBase="D:\actions-runner\_work\XPCO\XPCO\Corporate\VideoOS.Administration.AddIn.UnitTests\bin\x64\Debug\net472\VideoOS.Administration.AddIn.UnitTests.dll" adapterTypeName="executor://mstestadapter/v2" className="VideoOS.Administration.AddIn.UnitTests.RecorderAddIn.HardwareLocator.AutoDiscovery_HardwareSetupInfoManagerUnittest" name="AutoDiscovery_HardwareSetupInfoManager_TaskThrowException" />
    </UnitTest>
    <UnitTest name="AddAppointmentConfiguration_AddsRecurenceDurationToTable_OnAppointmentWithRecurrence" storage="d:\actions-runner\_work\xpco\xpco\corporate\videoos.administration.addin.unittests\bin\x64\debug\net472\videoos.administration.addin.unittests.dll" id="09865393-2685-41de-b0c3-1e0e79b25fa7">
      <TestCategory>
        <TestCategoryItem TestCategory="Time profile" />
      </TestCategory>
      <Execution id="57a0eca9-3e19-44b5-93f8-7d96a7595386" />
      <TestMethod codeBase="D:\actions-runner\_work\XPCO\XPCO\Corporate\VideoOS.Administration.AddIn.UnitTests\bin\x64\Debug\net472\VideoOS.Administration.AddIn.UnitTests.dll" adapterTypeName="executor://mstestadapter/v2" className="VideoOS.Administration.AddIn.UnitTests.DialogSelectRecurrenceTests" name="AddAppointmentConfiguration_AddsRecurenceDurationToTable_OnAppointmentWithRecurrence" />
    </UnitTest>
    <UnitTest name="ValidateSelectionExists_ReturnsTrue_Always" storage="d:\actions-runner\_work\xpco\xpco\corporate\videoos.administration.addin.unittests\bin\x64\debug\net472\videoos.administration.addin.unittests.dll" id="ac3e0731-6373-c543-ed7c-0c7470f823a1">
      <TestCategory>
        <TestCategoryItem TestCategory="Pickers" />
      </TestCategory>
      <Execution id="de8ee8e5-cd81-4400-a81d-260d3596fb14" />
      <TestMethod codeBase="D:\actions-runner\_work\XPCO\XPCO\Corporate\VideoOS.Administration.AddIn.UnitTests\bin\x64\Debug\net472\VideoOS.Administration.AddIn.UnitTests.dll" adapterTypeName="executor://mstestadapter/v2" className="VideoOS.Administration.AddIn.UnitTests.Pickers.PickerTimeOfDayTests" name="ValidateSelectionExists_ReturnsTrue_Always" />
    </UnitTest>
    <UnitTest name="MayHaveOldData_Single_StreamAndTrack_None" storage="d:\actions-runner\_work\xpco\xpco\corporate\videoos.administration.addin.unittests\bin\x64\debug\net472\videoos.administration.addin.unittests.dll" id="d3efadd8-95cd-1580-0927-a88a679218cb">
      <Execution id="fc780fee-28d7-4403-84b5-199e01a9af44" />
      <TestMethod codeBase="D:\actions-runner\_work\XPCO\XPCO\Corporate\VideoOS.Administration.AddIn.UnitTests\bin\x64\Debug\net472\VideoOS.Administration.AddIn.UnitTests.dll" adapterTypeName="executor://mstestadapter/v2" className="VideoOS.Administration.AddIn.UnitTests.DeviceStreamQueryTests" name="MayHaveOldData_Single_StreamAndTrack_None" />
    </UnitTest>
    <UnitTest name="ClientBasicUserCollection_ValidateBasicUser_NameEmpty" storage="d:\actions-runner\_work\xpco\xpco\corporate\videoos.administration.addin.unittests\bin\x64\debug\net472\videoos.administration.addin.unittests.dll" id="b0e3554c-f4d1-e9ca-6fc1-7a48502da924">
      <Execution id="5f4dcf4c-cb16-4378-9f13-15aa41a68777" />
      <TestMethod codeBase="D:\actions-runner\_work\XPCO\XPCO\Corporate\VideoOS.Administration.AddIn.UnitTests\bin\x64\Debug\net472\VideoOS.Administration.AddIn.UnitTests.dll" adapterTypeName="executor://mstestadapter/v2" className="VideoOS.Administration.AddIn.UnitTests.DialogNewBasicUserTest" name="ClientBasicUserCollection_ValidateBasicUser_NameEmpty" />
    </UnitTest>
    <UnitTest name="AddpluginProperties_AddsTextNoItemsDefinedToReport_OnItemWithNullProperties" storage="d:\actions-runner\_work\xpco\xpco\corporate\videoos.administration.addin.unittests\bin\x64\debug\net472\videoos.administration.addin.unittests.dll" id="d0d9baf6-7db9-959d-2b1c-6f4701c0a77d">
      <TestCategory>
        <TestCategoryItem TestCategory="Platform" />
      </TestCategory>
      <Execution id="21cadbb5-0cd9-4bd0-ba07-bbbba3322086" />
      <TestMethod codeBase="D:\actions-runner\_work\XPCO\XPCO\Corporate\VideoOS.Administration.AddIn.UnitTests\bin\x64\Debug\net472\VideoOS.Administration.AddIn.UnitTests.dll" adapterTypeName="executor://mstestadapter/v2" className="VideoOS.Administration.AddIn.UnitTests.PlatformAddin.PlatformConfigReportTests" name="AddpluginProperties_AddsTextNoItemsDefinedToReport_OnItemWithNullProperties" />
    </UnitTest>
    <UnitTest name="AddAppointmentConfiguration_AddsRecurencePatternToTable_OnAppointmentWithRecurrenceWeekly" storage="d:\actions-runner\_work\xpco\xpco\corporate\videoos.administration.addin.unittests\bin\x64\debug\net472\videoos.administration.addin.unittests.dll" id="e60dd502-090e-6bc9-80c1-8580ba16b757">
      <TestCategory>
        <TestCategoryItem TestCategory="Time profile" />
      </TestCategory>
      <Execution id="a197ded4-cd09-413a-96d4-1995bcd43ecc" />
      <TestMethod codeBase="D:\actions-runner\_work\XPCO\XPCO\Corporate\VideoOS.Administration.AddIn.UnitTests\bin\x64\Debug\net472\VideoOS.Administration.AddIn.UnitTests.dll" adapterTypeName="executor://mstestadapter/v2" className="VideoOS.Administration.AddIn.UnitTests.DialogSelectRecurrenceTests" name="AddAppointmentConfiguration_AddsRecurencePatternToTable_OnAppointmentWithRecurrenceWeekly" />
    </UnitTest>
    <UnitTest name="SystemDashboard_TestDataProviderGetCameraGroups" storage="d:\actions-runner\_work\xpco\xpco\corporate\videoos.administration.addin.unittests\bin\x64\debug\net472\videoos.administration.addin.unittests.dll" id="3cbccd1f-d730-4881-c2b4-01c0a09f176d">
      <Execution id="da29be8a-cd0f-4761-ac03-c10e7d8effce" />
      <TestMethod codeBase="D:\actions-runner\_work\XPCO\XPCO\Corporate\VideoOS.Administration.AddIn.UnitTests\bin\x64\Debug\net472\VideoOS.Administration.AddIn.UnitTests.dll" adapterTypeName="executor://mstestadapter/v2" className="VideoOS.Administration.AddIn.UnitTests.SystemDashboardDataProviderTests" name="SystemDashboard_TestDataProviderGetCameraGroups" />
    </UnitTest>
    <UnitTest name="MatchDevices_oldDevicesAreNull_ShouldReturnEmptyList" storage="d:\actions-runner\_work\xpco\xpco\corporate\videoos.administration.addin.unittests\bin\x64\debug\net472\videoos.administration.addin.unittests.dll" id="b45eb3be-71f9-57a0-1d25-5dc91f0f2aed">
      <Execution id="a3551b33-9cf6-47c1-bded-4dbbdb91cc9c" />
      <TestMethod codeBase="D:\actions-runner\_work\XPCO\XPCO\Corporate\VideoOS.Administration.AddIn.UnitTests\bin\x64\Debug\net472\VideoOS.Administration.AddIn.UnitTests.dll" adapterTypeName="executor://mstestadapter/v2" className="VideoOS.Administration.AddIn.UnitTests.RecorderAddIn.ReplaceHardware.HardwareMapperTests" name="MatchDevices_oldDevicesAreNull_ShouldReturnEmptyList" />
    </UnitTest>
    <UnitTest name="TestCompositeGrid_SetMaskSizeClearsGridsAndSetsTheirSize" storage="d:\actions-runner\_work\xpco\xpco\corporate\videoos.administration.addin.unittests\bin\x64\debug\net472\videoos.administration.addin.unittests.dll" id="2533b661-cdc0-47b0-a375-3f670ed6ea3d">
      <Execution id="819c948b-a413-4a15-95d6-7d0125e2e6b8" />
      <TestMethod codeBase="D:\actions-runner\_work\XPCO\XPCO\Corporate\VideoOS.Administration.AddIn.UnitTests\bin\x64\Debug\net472\VideoOS.Administration.AddIn.UnitTests.dll" adapterTypeName="executor://mstestadapter/v2" className="VideoOS.Administration.AddIn.UnitTests.RecorderAddIn.PrivacyProtectionHelpers.CompositeGridTests" name="TestCompositeGrid_SetMaskSizeClearsGridsAndSetsTheirSize" />
    </UnitTest>
    <UnitTest name="AutoDiscovery_HardwareSetupInfoManager_HardwareSetupInfoSetupResponseReceived_WhenException" storage="d:\actions-runner\_work\xpco\xpco\corporate\videoos.administration.addin.unittests\bin\x64\debug\net472\videoos.administration.addin.unittests.dll" id="d994edcd-7824-9182-32a2-9c0ce8e65fdc">
      <TestCategory>
        <TestCategoryItem TestCategory="AutoDiscovery_HardwareSetupInfoManager" />
      </TestCategory>
      <Execution id="9e4afde4-67e5-4039-9fcb-0c42a4e31d1b" />
      <TestMethod codeBase="D:\actions-runner\_work\XPCO\XPCO\Corporate\VideoOS.Administration.AddIn.UnitTests\bin\x64\Debug\net472\VideoOS.Administration.AddIn.UnitTests.dll" adapterTypeName="executor://mstestadapter/v2" className="VideoOS.Administration.AddIn.UnitTests.RecorderAddIn.HardwareLocator.AutoDiscovery_HardwareSetupInfoManagerUnittest" name="AutoDiscovery_HardwareSetupInfoManager_HardwareSetupInfoSetupResponseReceived_WhenException" />
    </UnitTest>
    <UnitTest name="DeviceStreamsPresenter_Activate_OneDevice_CtrlPressed_DefinitionXmlButton_Visible" storage="d:\actions-runner\_work\xpco\xpco\corporate\videoos.administration.addin.unittests\bin\x64\debug\net472\videoos.administration.addin.unittests.dll" id="e0691838-f63c-9c2c-801b-be6097f82146">
      <Execution id="4fece984-37b8-46f1-a2ba-ca445095bf4e" />
      <TestMethod codeBase="D:\actions-runner\_work\XPCO\XPCO\Corporate\VideoOS.Administration.AddIn.UnitTests\bin\x64\Debug\net472\VideoOS.Administration.AddIn.UnitTests.dll" adapterTypeName="executor://mstestadapter/v2" className="VideoOS.Administration.AddIn.UnitTests.DeviceStreamsPresenterTests" name="DeviceStreamsPresenter_Activate_OneDevice_CtrlPressed_DefinitionXmlButton_Visible" />
    </UnitTest>
    <UnitTest name="SystemDashboard_TestSourceProviderGetAllfailoverServers_ResultWithServersWithDuplicates" storage="d:\actions-runner\_work\xpco\xpco\corporate\videoos.administration.addin.unittests\bin\x64\debug\net472\videoos.administration.addin.unittests.dll" id="14b38e06-29e8-d5e7-7956-37acde06019e">
      <Execution id="564414e6-acaa-4f5a-a1ef-5f454e3f7d58" />
      <TestMethod codeBase="D:\actions-runner\_work\XPCO\XPCO\Corporate\VideoOS.Administration.AddIn.UnitTests\bin\x64\Debug\net472\VideoOS.Administration.AddIn.UnitTests.dll" adapterTypeName="executor://mstestadapter/v2" className="VideoOS.Administration.AddIn.UnitTests.SystemMonitorDashboard.ConfigurationLookupHelperTest" name="SystemDashboard_TestSourceProviderGetAllfailoverServers_ResultWithServersWithDuplicates" />
    </UnitTest>
    <UnitTest name="AddAppointmentConfiguration_AddsRecurencePatternToTable_OnAppointmentWithRecurrenceYearly" storage="d:\actions-runner\_work\xpco\xpco\corporate\videoos.administration.addin.unittests\bin\x64\debug\net472\videoos.administration.addin.unittests.dll" id="b451a66e-6907-9f0e-c2b9-29c121d49944">
      <TestCategory>
        <TestCategoryItem TestCategory="Time profile" />
      </TestCategory>
      <Execution id="6a16f961-2567-44e2-be6d-3240cb04814f" />
      <TestMethod codeBase="D:\actions-runner\_work\XPCO\XPCO\Corporate\VideoOS.Administration.AddIn.UnitTests\bin\x64\Debug\net472\VideoOS.Administration.AddIn.UnitTests.dll" adapterTypeName="executor://mstestadapter/v2" className="VideoOS.Administration.AddIn.UnitTests.DialogSelectRecurrenceTests" name="AddAppointmentConfiguration_AddsRecurencePatternToTable_OnAppointmentWithRecurrenceYearly" />
    </UnitTest>
    <UnitTest name="AddOptionsDialogProperties_AddsSectionWithOptionsNameToReport_OnOptionsReturningSections" storage="d:\actions-runner\_work\xpco\xpco\corporate\videoos.administration.addin.unittests\bin\x64\debug\net472\videoos.administration.addin.unittests.dll" id="66ed3156-bf8d-aa92-ed56-2f7b44c38c99">
      <TestCategory>
        <TestCategoryItem TestCategory="Platform" />
      </TestCategory>
      <Execution id="4a5ccc85-2433-4a5c-9429-61d6b7348bdd" />
      <TestMethod codeBase="D:\actions-runner\_work\XPCO\XPCO\Corporate\VideoOS.Administration.AddIn.UnitTests\bin\x64\Debug\net472\VideoOS.Administration.AddIn.UnitTests.dll" adapterTypeName="executor://mstestadapter/v2" className="VideoOS.Administration.AddIn.UnitTests.PlatformAddin.PlatformConfigReportTests" name="AddOptionsDialogProperties_AddsSectionWithOptionsNameToReport_OnOptionsReturningSections" />
    </UnitTest>
    <UnitTest name="AutoDiscovery_HardwareSetupInfoManager_HardwareSetupInfoSetupResponseReceived_WhenSucceeded" storage="d:\actions-runner\_work\xpco\xpco\corporate\videoos.administration.addin.unittests\bin\x64\debug\net472\videoos.administration.addin.unittests.dll" id="2bd02458-d550-fa9e-3de3-a4475dfb9e65">
      <TestCategory>
        <TestCategoryItem TestCategory="AutoDiscovery_HardwareSetupInfoManager" />
      </TestCategory>
      <Execution id="6126552a-af20-4552-9936-ee2f0f5ee2dd" />
      <TestMethod codeBase="D:\actions-runner\_work\XPCO\XPCO\Corporate\VideoOS.Administration.AddIn.UnitTests\bin\x64\Debug\net472\VideoOS.Administration.AddIn.UnitTests.dll" adapterTypeName="executor://mstestadapter/v2" className="VideoOS.Administration.AddIn.UnitTests.RecorderAddIn.HardwareLocator.AutoDiscovery_HardwareSetupInfoManagerUnittest" name="AutoDiscovery_HardwareSetupInfoManager_HardwareSetupInfoSetupResponseReceived_WhenSucceeded" />
    </UnitTest>
    <UnitTest name="DeviceStreamsPresenter_DeviceStreamsPresenterTests_Init_WithAdaptivePlaybackFeatureFlag_AllItemsAddedToRecordToValueList" storage="d:\actions-runner\_work\xpco\xpco\corporate\videoos.administration.addin.unittests\bin\x64\debug\net472\videoos.administration.addin.unittests.dll" id="c826b01f-e3ec-b1ec-acd4-b7353f03ec0d">
      <Execution id="d3720997-5134-43b0-9d35-28ac069970b6" />
      <TestMethod codeBase="D:\actions-runner\_work\XPCO\XPCO\Corporate\VideoOS.Administration.AddIn.UnitTests\bin\x64\Debug\net472\VideoOS.Administration.AddIn.UnitTests.dll" adapterTypeName="executor://mstestadapter/v2" className="VideoOS.Administration.AddIn.UnitTests.DeviceStreamsPresenterTests" name="DeviceStreamsPresenter_DeviceStreamsPresenterTests_Init_WithAdaptivePlaybackFeatureFlag_AllItemsAddedToRecordToValueList" />
    </UnitTest>
    <UnitTest name="TestEmptyMask" storage="d:\actions-runner\_work\xpco\xpco\corporate\videoos.administration.addin.unittests\bin\x64\debug\net472\videoos.administration.addin.unittests.dll" id="66c63a3a-0eff-85d0-9045-500df9c0da41">
      <Execution id="8fd4d8e2-be05-4035-9c3b-b27463d7a122" />
      <TestMethod codeBase="D:\actions-runner\_work\XPCO\XPCO\Corporate\VideoOS.Administration.AddIn.UnitTests\bin\x64\Debug\net472\VideoOS.Administration.AddIn.UnitTests.dll" adapterTypeName="executor://mstestadapter/v2" className="VideoOS.Administration.AddIn.UnitTests.PrivacyProtectionValidatorTests" name="TestEmptyMask" />
    </UnitTest>
    <UnitTest name="Compare_Returns0_OnNullAsTagsAndUnexpectedNames" storage="d:\actions-runner\_work\xpco\xpco\corporate\videoos.administration.addin.unittests\bin\x64\debug\net472\videoos.administration.addin.unittests.dll" id="91921f2f-5579-b93c-04e8-b92625907831">
      <TestCategory>
        <TestCategoryItem TestCategory="Replace Hardware" />
      </TestCategory>
      <Execution id="123fcd61-e593-49ee-a38c-fb91558d0c88" />
      <TestMethod codeBase="D:\actions-runner\_work\XPCO\XPCO\Corporate\VideoOS.Administration.AddIn.UnitTests\bin\x64\Debug\net472\VideoOS.Administration.AddIn.UnitTests.dll" adapterTypeName="executor://mstestadapter/v2" className="VideoOS.Administration.AddIn.UnitTests.ComboBoxItemComparerTests" name="Compare_Returns0_OnNullAsTagsAndUnexpectedNames" />
    </UnitTest>
  </TestDefinitions>
  <TestEntries>
    <TestEntry testId="2261a751-4664-f3d2-ac16-d6207f18ec2d" executionId="25029158-d0ae-4c7c-bd66-77bf8c76587b" testListId="8c84fa94-04c1-424b-9868-57a2d4851a1d" />
    <TestEntry testId="c3a60e42-27af-dba3-1b50-1ad194a69dea" executionId="1339157b-fdef-4ee8-981b-dc822363d89d" testListId="8c84fa94-04c1-424b-9868-57a2d4851a1d" />
    <TestEntry testId="2de94246-b1b3-666f-9a49-52db0735f8ec" executionId="a2f42684-6a76-4259-83d3-a6ffe80623d3" testListId="8c84fa94-04c1-424b-9868-57a2d4851a1d" />
    <TestEntry testId="d994edcd-7824-9182-32a2-9c0ce8e65fdc" executionId="9e4afde4-67e5-4039-9fcb-0c42a4e31d1b" testListId="8c84fa94-04c1-424b-9868-57a2d4851a1d" />
    <TestEntry testId="d05060fe-2d33-d934-bbb6-c0108725388a" executionId="898f50ff-962d-4212-a02a-cdc86e166700" testListId="8c84fa94-04c1-424b-9868-57a2d4851a1d" />
    <TestEntry testId="bec3b721-a798-d418-3c9e-7f91976e895b" executionId="a705a59e-0edb-42ee-856a-86fb9001d68c" testListId="8c84fa94-04c1-424b-9868-57a2d4851a1d" />
    <TestEntry testId="e0691838-f63c-9c2c-801b-be6097f82146" executionId="4fece984-37b8-46f1-a2ba-ca445095bf4e" testListId="8c84fa94-04c1-424b-9868-57a2d4851a1d" />
    <TestEntry testId="36be9ed2-eaa8-c998-6851-9c139f670027" executionId="ee1794e9-2267-4adb-a440-86ae47cfa196" testListId="8c84fa94-04c1-424b-9868-57a2d4851a1d" />
    <TestEntry testId="6059e5c4-a90d-5ac2-0d2b-936594909c1a" executionId="82ba5daf-b63f-4332-8687-e8f3aeed7ed7" testListId="8c84fa94-04c1-424b-9868-57a2d4851a1d" />
    <TestEntry testId="43dfe9cb-5587-aaa5-bc68-4d765dd0b91a" executionId="5fb8edd3-63e4-484f-887f-b3d946ac8ae7" testListId="8c84fa94-04c1-424b-9868-57a2d4851a1d" />
    <TestEntry testId="9896299e-af3d-82ea-8005-b83fb3576796" executionId="2f01da9a-a65a-467d-8c50-01a380dc7ab3" testListId="8c84fa94-04c1-424b-9868-57a2d4851a1d" />
    <TestEntry testId="1a25d0f4-5d08-a936-d313-a4a67de0d687" executionId="5528ce30-3b30-4d3f-90e7-c0c926134704" testListId="8c84fa94-04c1-424b-9868-57a2d4851a1d" />
    <TestEntry testId="848b4923-32c0-958d-351a-b85722593610" executionId="8f1fe93e-9751-4d1a-b6f9-2718d2695b7c" testListId="8c84fa94-04c1-424b-9868-57a2d4851a1d" />
    <TestEntry testId="6409a730-a78d-db1f-453b-079e31e5d99c" executionId="0eb34f60-7bd4-4ac3-8531-8559aae2c165" testListId="8c84fa94-04c1-424b-9868-57a2d4851a1d" />
    <TestEntry testId="e2c0a451-86f5-7ec7-6eba-69b3ea02205c" executionId="6d42d701-12cd-4741-a873-24116a2893d4" testListId="8c84fa94-04c1-424b-9868-57a2d4851a1d" />
    <TestEntry testId="66c63a3a-0eff-85d0-9045-500df9c0da41" executionId="8fd4d8e2-be05-4035-9c3b-b27463d7a122" testListId="8c84fa94-04c1-424b-9868-57a2d4851a1d" />
    <TestEntry testId="06aa8121-e41e-fa43-fdec-4e6f9e738b15" executionId="7e9cea8c-2c3e-4720-b08d-0c6e92e898fc" testListId="8c84fa94-04c1-424b-9868-57a2d4851a1d" />
    <TestEntry testId="9126e5b8-7a8d-f9bb-e86d-5d103a7d2977" executionId="bac59cde-9366-4a6d-aa29-f72406f9f0b4" testListId="8c84fa94-04c1-424b-9868-57a2d4851a1d" />
    <TestEntry testId="f9140294-7161-930e-3488-b421ac84fa57" executionId="c6ebebbd-b67d-48fd-b48c-9df96dde2428" testListId="8c84fa94-04c1-424b-9868-57a2d4851a1d" />
    <TestEntry testId="3cbccd1f-d730-4881-c2b4-01c0a09f176d" executionId="da29be8a-cd0f-4761-ac03-c10e7d8effce" testListId="8c84fa94-04c1-424b-9868-57a2d4851a1d" />
    <TestEntry testId="423d0959-f82e-bbae-7a54-488500a6c350" executionId="a06963c9-d25b-42dc-9ee3-3be9f8e86a3f" testListId="8c84fa94-04c1-424b-9868-57a2d4851a1d" />
    <TestEntry testId="afad45a8-44b0-6a4f-cb1c-e80558b45d48" executionId="8878dd0f-fefe-484f-b711-d0430c22f4fb" testListId="8c84fa94-04c1-424b-9868-57a2d4851a1d" />
    <TestEntry testId="fdbaf56a-5bc5-416b-fa57-9c223bbbe13e" executionId="b12f1da0-9efe-4442-a0f2-3f969261d16a" testListId="8c84fa94-04c1-424b-9868-57a2d4851a1d" />
    <TestEntry testId="ce0d5b66-b440-5a00-230c-7d167b6fb70b" executionId="cc5e99fa-5262-4a81-a6b1-77642665cc18" testListId="8c84fa94-04c1-424b-9868-57a2d4851a1d" />
    <TestEntry testId="98e89c7c-e44a-309e-df1a-ac3d03646028" executionId="1979752a-29b3-4749-8695-47e3a16251bc" testListId="8c84fa94-04c1-424b-9868-57a2d4851a1d" />
    <TestEntry testId="984bf51f-490b-1308-062f-bc23bccd35f4" executionId="f704cf32-656f-41bc-94e3-d1f6ee53471a" testListId="8c84fa94-04c1-424b-9868-57a2d4851a1d" />
    <TestEntry testId="aa7aab18-444b-15c3-320f-2524528aedca" executionId="c96a1d83-1a27-4b7c-9de6-d7d49e2c287c" testListId="8c84fa94-04c1-424b-9868-57a2d4851a1d" />
    <TestEntry testId="205c44b8-741b-f6b2-a52e-5ae9760750da" executionId="695bbd80-53d9-4cbd-a435-6f095901ad37" testListId="8c84fa94-04c1-424b-9868-57a2d4851a1d" />
    <TestEntry testId="50f5190c-77aa-73fd-8fa6-6084f385f6e3" executionId="f95c34a0-2465-4871-8d07-938e608cbd94" testListId="8c84fa94-04c1-424b-9868-57a2d4851a1d" />
    <TestEntry testId="f3b71662-5e08-c3cc-b6ca-65a4fdb93aab" executionId="04665a92-9223-43ee-bbdb-a9538d86d85d" testListId="8c84fa94-04c1-424b-9868-57a2d4851a1d" />
    <TestEntry testId="ee011022-d762-a525-f47c-ef2d97d268b5" executionId="45b2a29b-4fd5-45fd-9a2a-7dcfaf7dcb8f" testListId="8c84fa94-04c1-424b-9868-57a2d4851a1d" />
    <TestEntry testId="6e5313e3-85cd-2b26-05f8-a3e6e87d3022" executionId="a9d5cf64-d1c2-4792-a500-5970aced384c" testListId="8c84fa94-04c1-424b-9868-57a2d4851a1d" />
    <TestEntry testId="31984ec1-238e-0674-147d-5ec0b3186381" executionId="bad79f73-af2f-43a8-a3d6-8f9158bd4d92" testListId="8c84fa94-04c1-424b-9868-57a2d4851a1d" />
    <TestEntry testId="c2b9a82a-d5ea-ad02-7929-177ecd74eb3b" executionId="45a36394-2c0f-49f9-ae17-4c87d9ba14ed" testListId="8c84fa94-04c1-424b-9868-57a2d4851a1d" />
    <TestEntry testId="48e0767c-a71a-e1b7-4d50-9bd70b568e17" executionId="070f3665-7e77-44ac-b60f-bc90e91905ab" testListId="8c84fa94-04c1-424b-9868-57a2d4851a1d" />
    <TestEntry testId="b0e3554c-f4d1-e9ca-6fc1-7a48502da924" executionId="5f4dcf4c-cb16-4378-9f13-15aa41a68777" testListId="8c84fa94-04c1-424b-9868-57a2d4851a1d" />
    <TestEntry testId="9f3493b8-a151-61a6-cb0a-dc5a367ecb41" executionId="04a78eb7-c77d-4cf8-a87e-281b68c71d83" testListId="8c84fa94-04c1-424b-9868-57a2d4851a1d" />
    <TestEntry testId="ead1a04d-99dc-65f4-886b-441a8539b09e" executionId="948763ea-8207-432c-8b7e-ca6b5c5d6e90" testListId="8c84fa94-04c1-424b-9868-57a2d4851a1d" />
    <TestEntry testId="8bad3e4a-372d-2ca0-3e74-b96394cb0915" executionId="ecb48533-df07-46a3-9dac-233d14429aa0" testListId="8c84fa94-04c1-424b-9868-57a2d4851a1d" />
    <TestEntry testId="4503a5ff-6554-1559-d979-738d496923a6" executionId="d2e41d47-5cf7-4e0a-8a73-67041e7fda51" testListId="8c84fa94-04c1-424b-9868-57a2d4851a1d" />
    <TestEntry testId="cbc6e47f-7fee-cb6a-5700-5eccce3b02a3" executionId="b1d1bac3-064d-4ded-a6ed-6a896a9b95be" testListId="8c84fa94-04c1-424b-9868-57a2d4851a1d" />
    <TestEntry testId="2533b661-cdc0-47b0-a375-3f670ed6ea3d" executionId="819c948b-a413-4a15-95d6-7d0125e2e6b8" testListId="8c84fa94-04c1-424b-9868-57a2d4851a1d" />
    <TestEntry testId="75d8c852-b7d8-0cc7-1134-e19af6772209" executionId="7d96084b-3fa4-44b2-b8c7-4b62f84fa93b" testListId="8c84fa94-04c1-424b-9868-57a2d4851a1d" />
    <TestEntry testId="c36390f4-3d98-5929-30ec-ae65368da11b" executionId="4ff4507a-ef0b-4484-845b-77a6fe5ff6e2" testListId="8c84fa94-04c1-424b-9868-57a2d4851a1d" />
    <TestEntry testId="d1cc468a-060a-e82e-7ac6-2d01aaae31c7" executionId="9fe649f8-9d9d-463a-8720-b79c244d69e1" testListId="8c84fa94-04c1-424b-9868-57a2d4851a1d" />
    <TestEntry testId="3bbb3909-084e-73c4-7d53-31023b64f14e" executionId="30ec8a5e-d78f-448a-a782-47c04f0c47e3" testListId="8c84fa94-04c1-424b-9868-57a2d4851a1d" />
    <TestEntry testId="97e68eba-2053-f7dd-778b-d27d1d343c88" executionId="dc476252-d77d-4adf-bed3-c23f24117049" testListId="8c84fa94-04c1-424b-9868-57a2d4851a1d" />
    <TestEntry testId="0526b310-2792-1b6e-9d26-cb5911e354d4" executionId="2422cd5d-490c-4596-99b5-db0783339a41" testListId="8c84fa94-04c1-424b-9868-57a2d4851a1d" />
    <TestEntry testId="90b10b14-7a78-1738-3007-39368c3d3e19" executionId="08fe4ce8-1081-413e-b7e2-759dd046f1fd" testListId="8c84fa94-04c1-424b-9868-57a2d4851a1d" />
    <TestEntry testId="f466102f-ba2f-6676-6bab-97ec4d1b20b0" executionId="84d79cba-7cab-46df-8ede-79a41981b13f" testListId="8c84fa94-04c1-424b-9868-57a2d4851a1d" />
    <TestEntry testId="b0035aff-0a64-7183-8033-0d6eed9b36c2" executionId="8b109b5e-e487-4f80-a4bd-cb346a7b222c" testListId="8c84fa94-04c1-424b-9868-57a2d4851a1d" />
    <TestEntry testId="bcc6c74e-4cf8-7264-2b6c-bbfa0a489e09" executionId="5cdbb4e2-98ed-431e-99ef-6559958a4dfa" testListId="8c84fa94-04c1-424b-9868-57a2d4851a1d" />
    <TestEntry testId="36aa9169-7f41-7d09-b98a-9d05f10266bc" executionId="692d463f-bfed-4bd1-b184-11d45774da08" testListId="8c84fa94-04c1-424b-9868-57a2d4851a1d" />
    <TestEntry testId="6a5956a2-c4d2-d63c-41fc-3c6c32670a09" executionId="146de716-aade-4baa-8a35-4f65bfcc9c02" testListId="8c84fa94-04c1-424b-9868-57a2d4851a1d" />
    <TestEntry testId="6052c099-a9d5-02de-7729-5b4b41817cea" executionId="d664c02f-bc3a-4c20-bca9-868356ba4f11" testListId="8c84fa94-04c1-424b-9868-57a2d4851a1d" />
    <TestEntry testId="adb1002c-4889-6c5e-b1c9-58fa4e94c40d" executionId="d8273462-b68c-46b9-a20e-4cacf99f2d8a" testListId="8c84fa94-04c1-424b-9868-57a2d4851a1d" />
    <TestEntry testId="d29c4645-c75e-91c9-94e2-eba71b12d2da" executionId="9606c7e5-ce55-4699-85ac-59e31bea563d" testListId="8c84fa94-04c1-424b-9868-57a2d4851a1d" />
    <TestEntry testId="3167ebd5-9d03-cc65-8ee5-1b043d4db54a" executionId="7b34cabc-1d86-403a-b7ba-3c2613a10ae5" testListId="8c84fa94-04c1-424b-9868-57a2d4851a1d" />
    <TestEntry testId="3c6a3fd6-1062-1815-8bfd-6cc43579db2a" executionId="350a51ad-3460-4ae5-979c-ecb7eaa28347" testListId="8c84fa94-04c1-424b-9868-57a2d4851a1d" />
    <TestEntry testId="2ee4f7d8-9044-e199-e31c-2b7c0ca03fcd" executionId="22de7740-312b-455c-979f-30bd6f1813c1" testListId="8c84fa94-04c1-424b-9868-57a2d4851a1d" />
    <TestEntry testId="6a725ab5-45a8-bb8a-d5f6-58afcfa9801b" executionId="d9146a5d-cddb-4d8f-bbd5-5188f9162ac8" testListId="8c84fa94-04c1-424b-9868-57a2d4851a1d" />
    <TestEntry testId="258285e9-8080-ce92-afdd-7f157ca38382" executionId="536e12de-e9e0-4ca6-9b61-c97076cfafc4" testListId="8c84fa94-04c1-424b-9868-57a2d4851a1d" />
    <TestEntry testId="2bd02458-d550-fa9e-3de3-a4475dfb9e65" executionId="6126552a-af20-4552-9936-ee2f0f5ee2dd" testListId="8c84fa94-04c1-424b-9868-57a2d4851a1d" />
    <TestEntry testId="a259bf75-7269-f535-97b0-91a8c4089edd" executionId="d947556a-1301-4240-996e-5169f258793f" testListId="8c84fa94-04c1-424b-9868-57a2d4851a1d" />
    <TestEntry testId="eeef213d-0eab-1239-bede-9bafb27d7832" executionId="1bfe16e9-a070-4bce-9ad5-f6f5884554ea" testListId="8c84fa94-04c1-424b-9868-57a2d4851a1d" />
    <TestEntry testId="d3efadd8-95cd-1580-0927-a88a679218cb" executionId="fc780fee-28d7-4403-84b5-199e01a9af44" testListId="8c84fa94-04c1-424b-9868-57a2d4851a1d" />
    <TestEntry testId="d7ea0b97-0362-b71d-a237-a315ab00de7c" executionId="d17ce1c3-11e4-4621-b400-1291498894ad" testListId="8c84fa94-04c1-424b-9868-57a2d4851a1d" />
    <TestEntry testId="2ef6b5e7-17a9-3359-e633-61bd61ff5610" executionId="c7aa4510-377c-4a8d-96f3-1b18ae4e32d9" testListId="8c84fa94-04c1-424b-9868-57a2d4851a1d" />
    <TestEntry testId="3ca7c303-3c9f-d1db-d70b-50a9ddfb84c3" executionId="dafd25a7-6ddd-488a-ad23-916b5137d175" testListId="8c84fa94-04c1-424b-9868-57a2d4851a1d" />
    <TestEntry testId="aaab42ce-021d-bb5a-442c-e190c87332cd" executionId="8674f597-44f9-4e40-9e67-fa00236afdc7" testListId="8c84fa94-04c1-424b-9868-57a2d4851a1d" />
    <TestEntry testId="b74dc70c-cfb8-1da4-afab-054363fc7a41" executionId="0c237ebc-a89c-4d25-8512-193c775be122" testListId="8c84fa94-04c1-424b-9868-57a2d4851a1d" />
    <TestEntry testId="2d26ee27-05eb-1568-69f4-f42799c9a19e" executionId="294ac54a-ab84-4f1e-8c3f-9bccb66fa495" testListId="8c84fa94-04c1-424b-9868-57a2d4851a1d" />
    <TestEntry testId="c3daa3bb-63f2-57a5-abd0-5c64029f3945" executionId="af286c75-69c7-453a-9caf-ae1f3a022e5b" testListId="8c84fa94-04c1-424b-9868-57a2d4851a1d" />
    <TestEntry testId="b37c16ee-9521-5547-578e-a98e3534c451" executionId="19b2bc64-e4cb-4333-aae1-159b4125f8be" testListId="8c84fa94-04c1-424b-9868-57a2d4851a1d" />
    <TestEntry testId="35ffa1c9-ba11-4e3f-2c66-a6646cb06b03" executionId="05106a16-7b77-42c8-b595-edeb5a65077f" testListId="8c84fa94-04c1-424b-9868-57a2d4851a1d" />
    <TestEntry testId="9c14c648-cefb-cf9c-8e24-b3c4687d3d5b" executionId="c1d2ced5-d30e-460a-acfc-fad3b4f654c3" testListId="8c84fa94-04c1-424b-9868-57a2d4851a1d" />
    <TestEntry testId="297810fa-c5a5-d04b-910d-1053a0cf93f7" executionId="74f91a40-de11-4b0d-a65b-629c12146e52" testListId="8c84fa94-04c1-424b-9868-57a2d4851a1d" />
    <TestEntry testId="69c85b93-6859-1da4-27cb-3c2cd3053a10" executionId="4bf7e8ff-be24-4041-b397-08a08fd5fceb" testListId="8c84fa94-04c1-424b-9868-57a2d4851a1d" />
    <TestEntry testId="ef93a57e-b7be-340d-72dc-1100e7d56472" executionId="5f3734bf-394b-4d92-8301-0fa2a300cc1d" testListId="8c84fa94-04c1-424b-9868-57a2d4851a1d" />
    <TestEntry testId="d1f1df85-77bf-3e9f-3cbb-d16cb9a4f51a" executionId="d6c32c21-2716-4ea9-8bd9-d4a84bd54e9a" testListId="8c84fa94-04c1-424b-9868-57a2d4851a1d" />
    <TestEntry testId="442bfdb8-6755-dd70-6925-c250c18089b5" executionId="ae9e1409-bdcc-48d7-819c-e04e78e797ce" testListId="8c84fa94-04c1-424b-9868-57a2d4851a1d" />
    <TestEntry testId="b2ad83b7-2e90-ae72-fc64-fb1c022d591e" executionId="40318eda-1628-453e-8e04-cd1a705ba182" testListId="8c84fa94-04c1-424b-9868-57a2d4851a1d" />
    <TestEntry testId="a35de4fe-a1e0-4d26-83b9-814d09c3b805" executionId="d6331a13-7b01-40c0-953b-09bafea69630" testListId="8c84fa94-04c1-424b-9868-57a2d4851a1d" />
    <TestEntry testId="d205b5b6-ec71-41b4-0268-845eb78bb24d" executionId="e8e60a57-700f-4376-81bf-260c5899d75c" testListId="8c84fa94-04c1-424b-9868-57a2d4851a1d" />
    <TestEntry testId="3b06ea4a-1ca1-14f8-3345-6575847cb053" executionId="f121be86-b4f9-463c-ab0d-6fd194d2fc59" testListId="8c84fa94-04c1-424b-9868-57a2d4851a1d" />
    <TestEntry testId="a1f30fa6-c9a3-b761-1470-5912e445ddb0" executionId="b1b2180d-2a3b-45d7-9bf4-db8b40e0e828" testListId="8c84fa94-04c1-424b-9868-57a2d4851a1d" />
    <TestEntry testId="f4fe30d8-81ff-91b6-381c-716ded86139d" executionId="c6f91bb1-b2ab-44b3-85ee-f965fec6641c" testListId="8c84fa94-04c1-424b-9868-57a2d4851a1d" />
    <TestEntry testId="91921f2f-5579-b93c-04e8-b92625907831" executionId="123fcd61-e593-49ee-a38c-fb91558d0c88" testListId="8c84fa94-04c1-424b-9868-57a2d4851a1d" />
    <TestEntry testId="3353e4ef-4067-7c75-fb9a-33e1a501dd12" executionId="39ff1b24-e983-4c64-b6c0-f44a41f5dbb5" testListId="8c84fa94-04c1-424b-9868-57a2d4851a1d" />
    <TestEntry testId="cd00c760-ba4d-a11a-4ba7-33c8001ee884" executionId="e01f46e0-97e7-4961-b369-4c4e8bc71b94" testListId="8c84fa94-04c1-424b-9868-57a2d4851a1d" />
    <TestEntry testId="c826b01f-e3ec-b1ec-acd4-b7353f03ec0d" executionId="d3720997-5134-43b0-9d35-28ac069970b6" testListId="8c84fa94-04c1-424b-9868-57a2d4851a1d" />
    <TestEntry testId="5de9e7c2-cf27-73b7-c670-2d53060c1776" executionId="34344d25-a5e9-46e5-b106-2ab2e96a7190" testListId="8c84fa94-04c1-424b-9868-57a2d4851a1d" />
    <TestEntry testId="7b07e1c7-c876-da1c-0172-ec61196dc8c0" executionId="2f874979-a8a5-407e-be27-7decf0e84f66" testListId="8c84fa94-04c1-424b-9868-57a2d4851a1d" />
    <TestEntry testId="2a54071a-b705-d3bb-11fa-fd12943859ee" executionId="b5ab840b-2ff3-4783-b101-1960b309898c" testListId="8c84fa94-04c1-424b-9868-57a2d4851a1d" />
    <TestEntry testId="7990ea68-3a48-cc6c-6b53-7408abbf3474" executionId="ca28d009-0d05-4156-8d45-70fdb887ef25" testListId="8c84fa94-04c1-424b-9868-57a2d4851a1d" />
    <TestEntry testId="f9440018-3f05-25c4-2466-c0b847591a22" executionId="94b2424a-e6c8-43da-82d6-d15447f50c4a" testListId="8c84fa94-04c1-424b-9868-57a2d4851a1d" />
    <TestEntry testId="e2637a74-d2c7-a2d5-ee31-d7217619f4e7" executionId="4937b222-c15d-4b0a-9081-136318341dc7" testListId="8c84fa94-04c1-424b-9868-57a2d4851a1d" />
    <TestEntry testId="0bed5dd6-c7fb-8d65-4dba-b1353a0b8d02" executionId="e5c3b87d-5207-4dcd-82f5-625352534e2c" testListId="8c84fa94-04c1-424b-9868-57a2d4851a1d" />
    <TestEntry testId="f66b097e-1272-7bc4-fa1a-597a4f227afe" executionId="3b84777c-afb0-4626-aa5c-d2806622313a" testListId="8c84fa94-04c1-424b-9868-57a2d4851a1d" />
    <TestEntry testId="3a8e1017-0d51-ce6c-52e9-8305badaada1" executionId="000b29c0-7928-44cf-958f-e56cd8874167" testListId="8c84fa94-04c1-424b-9868-57a2d4851a1d" />
    <TestEntry testId="ca945573-50d6-c4af-770e-2f53e1db0531" executionId="61ec98c7-b730-4af1-9c31-6d34af33a2f1" testListId="8c84fa94-04c1-424b-9868-57a2d4851a1d" />
    <TestEntry testId="59feefb7-7ed7-9ff6-28ef-0f38d488e861" executionId="723dc4b1-e0cc-4d75-94a6-2fbdf4ea55e1" testListId="8c84fa94-04c1-424b-9868-57a2d4851a1d" />
    <TestEntry testId="a6c31964-485a-e928-74c1-038e4111cf4c" executionId="48f90b48-5c66-454c-a6d5-d53290271a40" testListId="8c84fa94-04c1-424b-9868-57a2d4851a1d" />
    <TestEntry testId="9ec4b0d4-9ad8-32ab-1fa2-78b17c347e87" executionId="ad168dd7-dbcc-4e46-b4d9-dcbf56571fcb" testListId="8c84fa94-04c1-424b-9868-57a2d4851a1d" />
    <TestEntry testId="b451113a-3d92-c47f-b131-c2d284c790cc" executionId="b6ff8df1-3586-4947-972d-1312078868dd" testListId="8c84fa94-04c1-424b-9868-57a2d4851a1d" />
    <TestEntry testId="d9e3bfdf-cafc-02f3-1aba-0606c2a09b1c" executionId="f829157d-9fc1-4b45-9f65-3eae0e21ff78" testListId="8c84fa94-04c1-424b-9868-57a2d4851a1d" />
    <TestEntry testId="b451a66e-6907-9f0e-c2b9-29c121d49944" executionId="6a16f961-2567-44e2-be6d-3240cb04814f" testListId="8c84fa94-04c1-424b-9868-57a2d4851a1d" />
    <TestEntry testId="02c8a322-7cd5-dff6-349e-70fc3ef9fea3" executionId="699a1d4d-5c52-4b2a-9eb9-bb63b6c8072f" testListId="8c84fa94-04c1-424b-9868-57a2d4851a1d" />
    <TestEntry testId="77f3f50f-d827-5f5e-a510-cf94da642b48" executionId="acebb874-4dce-4fe0-8057-ebd8ef59c72f" testListId="8c84fa94-04c1-424b-9868-57a2d4851a1d" />
    <TestEntry testId="9f158034-f8de-d402-0e7e-1781465a67b8" executionId="af753eea-801d-4d58-997e-c45c5f871251" testListId="8c84fa94-04c1-424b-9868-57a2d4851a1d" />
    <TestEntry testId="fe94e50d-5f10-f617-1695-551f3ed53b35" executionId="94ab867d-000c-4980-825f-2ce18b95834d" testListId="8c84fa94-04c1-424b-9868-57a2d4851a1d" />
    <TestEntry testId="fdfab0bf-3e18-0233-5156-85cb86bbcb98" executionId="44f0e279-1d8a-49dc-a0ec-49f22de99c6a" testListId="8c84fa94-04c1-424b-9868-57a2d4851a1d" />
    <TestEntry testId="d0d9baf6-7db9-959d-2b1c-6f4701c0a77d" executionId="21cadbb5-0cd9-4bd0-ba07-bbbba3322086" testListId="8c84fa94-04c1-424b-9868-57a2d4851a1d" />
    <TestEntry testId="5b67e5a6-de18-0cc4-3118-000a26175608" executionId="26d0337e-d228-4e7f-93cb-bb8ae14b858c" testListId="8c84fa94-04c1-424b-9868-57a2d4851a1d" />
    <TestEntry testId="2c35c50a-a23b-af15-227f-ab717cc0242d" executionId="67d7cd36-747d-4a9b-b25a-e1ca4f4e7fc0" testListId="8c84fa94-04c1-424b-9868-57a2d4851a1d" />
    <TestEntry testId="0b6ba4fa-0368-c614-1c99-ed17355eaa34" executionId="3c58b050-dab5-4edb-9f98-7de20354df40" testListId="8c84fa94-04c1-424b-9868-57a2d4851a1d" />
    <TestEntry testId="0058f803-7ee6-3257-54ef-5fae891b8cf0" executionId="8bbcdd40-4962-4121-bdab-78e9e73867db" testListId="8c84fa94-04c1-424b-9868-57a2d4851a1d" />
    <TestEntry testId="8ef95593-692e-4744-9e3b-63c07b13acca" executionId="126575de-dd65-4398-912c-a3eaf67978f5" testListId="8c84fa94-04c1-424b-9868-57a2d4851a1d" />
    <TestEntry testId="4a4110f9-105b-7a23-764b-de4d4e22f663" executionId="1715ba82-cff6-45c4-a12e-ffb4cd40b258" testListId="8c84fa94-04c1-424b-9868-57a2d4851a1d" />
    <TestEntry testId="9e0b4438-b56e-0df4-f0e3-4f25eb81fbea" executionId="6205ec92-a80f-4378-8fec-edb98bbceaa0" testListId="8c84fa94-04c1-424b-9868-57a2d4851a1d" />
    <TestEntry testId="d87943c2-f834-070b-282c-eacad2ab688c" executionId="f26a7b76-7971-47f5-ac76-c7c8265ead07" testListId="8c84fa94-04c1-424b-9868-57a2d4851a1d" />
    <TestEntry testId="d714e552-e383-72bf-c7e2-bdff415c312f" executionId="5ad82bf4-db7e-48a0-9da3-2af352336084" testListId="8c84fa94-04c1-424b-9868-57a2d4851a1d" />
    <TestEntry testId="485a5b3b-c137-6439-9f85-d40bb4be04d1" executionId="81d19117-ea7b-43b1-9d13-639c98b4bf6e" testListId="8c84fa94-04c1-424b-9868-57a2d4851a1d" />
    <TestEntry testId="e60dd502-090e-6bc9-80c1-8580ba16b757" executionId="a197ded4-cd09-413a-96d4-1995bcd43ecc" testListId="8c84fa94-04c1-424b-9868-57a2d4851a1d" />
    <TestEntry testId="443d67b8-e23b-0f13-7f54-4950709f5f25" executionId="3db0679b-4218-4e0b-b2d9-03994d28190c" testListId="8c84fa94-04c1-424b-9868-57a2d4851a1d" />
    <TestEntry testId="66ed3156-bf8d-aa92-ed56-2f7b44c38c99" executionId="4a5ccc85-2433-4a5c-9429-61d6b7348bdd" testListId="8c84fa94-04c1-424b-9868-57a2d4851a1d" />
    <TestEntry testId="514a0ad8-deb8-9870-fd96-a41b49aa3f85" executionId="ae0131b8-7b17-4ab3-aba2-7c7c1a377aca" testListId="8c84fa94-04c1-424b-9868-57a2d4851a1d" />
    <TestEntry testId="f64b4e1d-0d2d-21cd-0557-43fefafba861" executionId="873b2b57-4d07-4cfa-a6a5-f3dd9c1fcf84" testListId="8c84fa94-04c1-424b-9868-57a2d4851a1d" />
    <TestEntry testId="177d3627-df9b-2bf0-2355-7c340f69220d" executionId="5db73d46-6d7d-4f55-a576-d5bd7304c854" testListId="8c84fa94-04c1-424b-9868-57a2d4851a1d" />
    <TestEntry testId="14ba3501-276c-588b-c9bf-cc95a4f9486d" executionId="88aaa9f6-41ba-426d-8bfb-15546121516c" testListId="8c84fa94-04c1-424b-9868-57a2d4851a1d" />
    <TestEntry testId="78c740ae-56fc-6b0c-39c4-3eff9e7a3742" executionId="e5506b39-b9ab-4e53-a02a-ca68b760ee5c" testListId="8c84fa94-04c1-424b-9868-57a2d4851a1d" />
    <TestEntry testId="a154d89e-01c3-c51d-81db-c847361f4fc8" executionId="2eb1d829-e6d7-478c-87d0-71128b89ecbf" testListId="8c84fa94-04c1-424b-9868-57a2d4851a1d" />
    <TestEntry testId="78f8ab4a-e141-8916-c5a5-1e06931af0cb" executionId="b9068649-e33a-45a8-8aa4-540f8f310307" testListId="8c84fa94-04c1-424b-9868-57a2d4851a1d" />
    <TestEntry testId="e7bff3a4-3778-0185-da6a-cc55a6beedae" executionId="807383e9-cf96-47e1-a082-1c99e84b18b1" testListId="8c84fa94-04c1-424b-9868-57a2d4851a1d" />
    <TestEntry testId="b25051d6-3bcd-4a50-34aa-d755cd1b4e2c" executionId="b7d451f5-d005-401f-8a3b-616944bf12ba" testListId="8c84fa94-04c1-424b-9868-57a2d4851a1d" />
    <TestEntry testId="09865393-2685-41de-b0c3-1e0e79b25fa7" executionId="57a0eca9-3e19-44b5-93f8-7d96a7595386" testListId="8c84fa94-04c1-424b-9868-57a2d4851a1d" />
    <TestEntry testId="5fde95c3-7e30-e8c4-e680-fa0ae9e4a267" executionId="2019c319-8e11-4c51-9131-36421ce5c3f8" testListId="8c84fa94-04c1-424b-9868-57a2d4851a1d" />
    <TestEntry testId="5c6ca79f-4c79-7428-457c-4d969b38020c" executionId="949ae182-74a3-4d95-9ed6-fc772e636455" testListId="8c84fa94-04c1-424b-9868-57a2d4851a1d" />
    <TestEntry testId="133ee20b-c8c5-ff53-28c7-1a6b45e07fb6" executionId="99c8d600-2a4a-422e-b378-99902ca05258" testListId="8c84fa94-04c1-424b-9868-57a2d4851a1d" />
    <TestEntry testId="d97b1898-351b-38c7-fcb4-9c796f3cafb2" executionId="22c41eef-d87e-4544-b6b2-9e0a201a41a4" testListId="8c84fa94-04c1-424b-9868-57a2d4851a1d" />
    <TestEntry testId="1f6c3780-0b46-10b6-5aa8-308026cf9edc" executionId="f55f1194-9361-4230-9174-f271742ccd5a" testListId="8c84fa94-04c1-424b-9868-57a2d4851a1d" />
    <TestEntry testId="80e5731c-d5fc-e94f-306e-58f2a404c823" executionId="dc15f762-92a5-4e80-9aba-ebb66f735f08" testListId="8c84fa94-04c1-424b-9868-57a2d4851a1d" />
    <TestEntry testId="d6b1f0a3-8492-3235-db6f-76c7ca864e4b" executionId="efda7c53-d742-408a-b575-e5659e709d0f" testListId="8c84fa94-04c1-424b-9868-57a2d4851a1d" />
    <TestEntry testId="e1de146d-0315-4d50-2d29-c81b4f938225" executionId="dcb544ed-4cbe-4f95-9011-9ccf18af5c01" testListId="8c84fa94-04c1-424b-9868-57a2d4851a1d" />
    <TestEntry testId="7fdd4702-2384-7b12-4515-ceca6e498b2b" executionId="c5e52b1d-edea-4d88-a29e-7834e9268b16" testListId="8c84fa94-04c1-424b-9868-57a2d4851a1d" />
    <TestEntry testId="12d5671b-1d95-5f19-2343-7d0d9f6e0359" executionId="71b63492-e8fe-4500-ab5e-c1449fdc6062" testListId="8c84fa94-04c1-424b-9868-57a2d4851a1d" />
    <TestEntry testId="8b267344-1f62-9889-3188-a6f2b5e607b7" executionId="57330a4c-0109-4c8d-a7ed-b14ca0e78162" testListId="8c84fa94-04c1-424b-9868-57a2d4851a1d" />
    <TestEntry testId="e96adb18-02dd-6406-900d-53269c403156" executionId="150c1de5-6c44-4393-823d-64c7136f4a54" testListId="8c84fa94-04c1-424b-9868-57a2d4851a1d" />
    <TestEntry testId="34021b18-ba6c-db12-002b-2d5c139a7d84" executionId="dc48e3a2-de7e-4e5b-8e13-72e74cf96d07" testListId="8c84fa94-04c1-424b-9868-57a2d4851a1d" />
    <TestEntry testId="595bf762-4f20-f45f-ee3e-614e3940d1fc" executionId="349dd2a9-d2fc-4701-9d2c-daae69ccfbcf" testListId="8c84fa94-04c1-424b-9868-57a2d4851a1d" />
    <TestEntry testId="c3bcac8f-bb02-bb3d-6d2e-754b50d6d0dd" executionId="caecfcc8-d86e-44b9-8e3d-d436777e366d" testListId="8c84fa94-04c1-424b-9868-57a2d4851a1d" />
    <TestEntry testId="997e4eb9-4728-01ff-76d8-787842115312" executionId="a61a01c9-2c5a-42a5-947e-f9d8e0816ad4" testListId="8c84fa94-04c1-424b-9868-57a2d4851a1d" />
    <TestEntry testId="d7928b7c-0303-69b6-8652-b6f02f92daa1" executionId="1749a170-0d22-47ff-a3ba-0b4d8c7506ce" testListId="8c84fa94-04c1-424b-9868-57a2d4851a1d" />
    <TestEntry testId="609020b8-93d4-48eb-f83d-82e6dd75431d" executionId="9081f529-f220-4916-8427-2c87255119e2" testListId="8c84fa94-04c1-424b-9868-57a2d4851a1d" />
    <TestEntry testId="6ff0101c-097f-b373-25ef-4c9e69478d15" executionId="9379f6ed-67ef-4de3-a9c0-596adc36e2a7" testListId="8c84fa94-04c1-424b-9868-57a2d4851a1d" />
    <TestEntry testId="dc4a964a-8aea-3cf4-92b2-b3bdaf29744b" executionId="ffcd9f47-8d50-414a-9cdf-2a62de8009f0" testListId="8c84fa94-04c1-424b-9868-57a2d4851a1d" />
    <TestEntry testId="da7c98aa-1ebe-36e9-d686-cfd1c29f699f" executionId="75afdde6-3c8c-4384-9ab8-3c2b3a376341" testListId="8c84fa94-04c1-424b-9868-57a2d4851a1d" />
    <TestEntry testId="14b38e06-29e8-d5e7-7956-37acde06019e" executionId="564414e6-acaa-4f5a-a1ef-5f454e3f7d58" testListId="8c84fa94-04c1-424b-9868-57a2d4851a1d" />
    <TestEntry testId="e4add18a-55af-d630-149f-d01b50eb176b" executionId="e3a63424-5a96-40c4-9caa-6b899ee54fd6" testListId="8c84fa94-04c1-424b-9868-57a2d4851a1d" />
    <TestEntry testId="eac9c4da-8035-175d-2282-ea21532e2ba0" executionId="0cdbdb5e-188b-4a06-9fb2-485a1684f47d" testListId="8c84fa94-04c1-424b-9868-57a2d4851a1d" />
    <TestEntry testId="bd56244a-4df2-568c-9200-398d9e2a3308" executionId="85e714ce-b184-4759-b3a7-56e222ce2056" testListId="8c84fa94-04c1-424b-9868-57a2d4851a1d" />
    <TestEntry testId="31386553-c8b5-4c61-cfd2-0a7434f2e8d1" executionId="a0df6734-9303-4f36-b365-452be25c7909" testListId="8c84fa94-04c1-424b-9868-57a2d4851a1d" />
    <TestEntry testId="1efa6998-b9f4-c890-919c-1266e785772c" executionId="18aa592b-ab38-4055-9134-d71d85a771e7" testListId="8c84fa94-04c1-424b-9868-57a2d4851a1d" />
    <TestEntry testId="ffc37fdc-62b4-d63c-0d9c-2b83861cd6c5" executionId="7d2a4ef6-5ab1-4fc4-bff3-3fd5e295ba8d" testListId="8c84fa94-04c1-424b-9868-57a2d4851a1d" />
    <TestEntry testId="88b6b6f5-1948-7766-0826-2aefcab9d158" executionId="30bbec7f-6aac-4092-be0e-e2f63e7d235a" testListId="8c84fa94-04c1-424b-9868-57a2d4851a1d" />
    <TestEntry testId="ad2eced8-c5b4-046f-24ae-008dc9a23201" executionId="ff2105c1-128c-4e76-96be-a8b69917e922" testListId="8c84fa94-04c1-424b-9868-57a2d4851a1d" />
    <TestEntry testId="ac3e0731-6373-c543-ed7c-0c7470f823a1" executionId="de8ee8e5-cd81-4400-a81d-260d3596fb14" testListId="8c84fa94-04c1-424b-9868-57a2d4851a1d" />
    <TestEntry testId="7b16ddbc-47bb-b448-722e-c63c4914fa66" executionId="4f5d976b-2312-42d1-9789-54a9ff6a2377" testListId="8c84fa94-04c1-424b-9868-57a2d4851a1d" />
    <TestEntry testId="12589cad-d78c-ddf3-e49f-67ef09d53045" executionId="d0ab490f-8f71-4047-840f-5963befa4100" testListId="8c84fa94-04c1-424b-9868-57a2d4851a1d" />
    <TestEntry testId="9f3f81a0-56f3-5453-9f09-600ca79ac433" executionId="30645d50-ffa4-4120-ae28-8a7674ec81c6" testListId="8c84fa94-04c1-424b-9868-57a2d4851a1d" />
    <TestEntry testId="56af3ff4-df9a-1400-5c85-ca0175f3d2f2" executionId="9c109d7c-4cda-435e-a3cf-171dcd5f0fcf" testListId="8c84fa94-04c1-424b-9868-57a2d4851a1d" />
    <TestEntry testId="816db9f9-3df5-e262-9b7e-249748721d30" executionId="f752b5d5-bc02-47fa-8668-70907e2437dc" testListId="8c84fa94-04c1-424b-9868-57a2d4851a1d" />
    <TestEntry testId="02412441-f508-cc91-7f3f-04251c5aaa0a" executionId="dca040e0-c941-4e83-bcbd-980c3bef5a6a" testListId="8c84fa94-04c1-424b-9868-57a2d4851a1d" />
    <TestEntry testId="24aca85a-ff16-31ac-5ddb-21acea6b05b5" executionId="db655395-8a97-4de9-ac61-785c01cc0e55" testListId="8c84fa94-04c1-424b-9868-57a2d4851a1d" />
    <TestEntry testId="e2bdb57c-0bc2-b757-029c-eb5f73777daf" executionId="06ae5163-a80a-4a21-a662-6a7dfacb882b" testListId="8c84fa94-04c1-424b-9868-57a2d4851a1d" />
    <TestEntry testId="dc2d1873-40af-1880-a3e9-cd70e47c3b9b" executionId="d14f0496-c817-4988-a3be-667a53621ded" testListId="8c84fa94-04c1-424b-9868-57a2d4851a1d" />
    <TestEntry testId="00d2f1d3-46d8-9209-35b6-4972a34aca8b" executionId="93f88d49-8e00-4ac0-a809-7aa87a11833f" testListId="8c84fa94-04c1-424b-9868-57a2d4851a1d" />
    <TestEntry testId="4d6504e7-4cec-f28a-1c3a-cefa756f93bf" executionId="6350d037-cbf9-417b-90f0-f96c934c2fef" testListId="8c84fa94-04c1-424b-9868-57a2d4851a1d" />
    <TestEntry testId="334f1489-c2f9-bc48-0959-9df7a5f60a9c" executionId="46bb1bdf-2041-4065-abb2-05246c23282d" testListId="8c84fa94-04c1-424b-9868-57a2d4851a1d" />
    <TestEntry testId="1c9aef6c-248a-4757-8721-f1bedbbcdc0f" executionId="c53e378b-bc55-4e2b-870d-e0072448f8e6" testListId="8c84fa94-04c1-424b-9868-57a2d4851a1d" />
    <TestEntry testId="c9d0430e-4ae6-2282-ef9f-12706c632bd8" executionId="88d39e2c-ccca-4e1e-9dc8-a5d46c4531f7" testListId="8c84fa94-04c1-424b-9868-57a2d4851a1d" />
    <TestEntry testId="bddf2e55-2ff0-2d11-b640-20a93e13ac96" executionId="f7993e02-8910-4f9e-90d8-3f920085f841" testListId="8c84fa94-04c1-424b-9868-57a2d4851a1d" />
    <TestEntry testId="1aa147f2-e102-9aaa-e9f8-44c7e878bb61" executionId="9df4f52c-b18b-46d5-941d-bb3645b67a72" testListId="8c84fa94-04c1-424b-9868-57a2d4851a1d" />
    <TestEntry testId="33b61c67-5ec6-6bc8-3deb-30367c0dcdbc" executionId="e511f776-a2e5-440b-aba7-38b30990bafa" testListId="8c84fa94-04c1-424b-9868-57a2d4851a1d" />
    <TestEntry testId="5f6f4ffa-af7a-85f4-ed87-e5d7524e3550" executionId="4b46c5c1-8714-4a66-bbfb-5751634f9192" testListId="8c84fa94-04c1-424b-9868-57a2d4851a1d" />
    <TestEntry testId="2aee9aa6-1898-d9fb-01b3-44175bf4d857" executionId="5e6119dc-c0bb-4d24-872a-d975480b2467" testListId="8c84fa94-04c1-424b-9868-57a2d4851a1d" />
    <TestEntry testId="7092392a-e837-1385-d4a6-796abc0cc02b" executionId="1215212a-149a-411e-87e7-e3b53dd5bf69" testListId="8c84fa94-04c1-424b-9868-57a2d4851a1d" />
    <TestEntry testId="fbdd3912-5b94-1ff4-6d2d-766e2bd6338d" executionId="04d0219b-fd39-4338-81d1-789f81ae0dca" testListId="8c84fa94-04c1-424b-9868-57a2d4851a1d" />
    <TestEntry testId="3b4bf237-9a3e-c44c-1049-12240268cdb9" executionId="88a3a22d-9e2e-410d-9e7d-ccbdb56e83f2" testListId="8c84fa94-04c1-424b-9868-57a2d4851a1d" />
    <TestEntry testId="05a00ee4-7a4d-ac83-34a5-cf512c0b0b96" executionId="4cd2a57d-74d3-487b-898a-78416c3a0419" testListId="8c84fa94-04c1-424b-9868-57a2d4851a1d" />
    <TestEntry testId="8a93785e-b67c-78df-ce08-d7a40c6a823a" executionId="96783a80-55c0-4069-b791-db7debc76eb0" testListId="8c84fa94-04c1-424b-9868-57a2d4851a1d" />
    <TestEntry testId="6c8206a6-76e4-da8d-7694-d5c127025a20" executionId="447fd11b-ac9f-49dd-964e-90c5354b77c3" testListId="8c84fa94-04c1-424b-9868-57a2d4851a1d" />
    <TestEntry testId="8fdbc734-ce75-d69b-30b0-43444bb48d63" executionId="08dc3529-b366-4504-b077-b4f439db8e0e" testListId="8c84fa94-04c1-424b-9868-57a2d4851a1d" />
    <TestEntry testId="42e4f450-7395-f6d6-eea8-b0480cfd707c" executionId="2dec8a36-994f-45d1-89bd-a7cb98d76b4e" testListId="8c84fa94-04c1-424b-9868-57a2d4851a1d" />
    <TestEntry testId="580d30cb-ccf6-691e-cd10-eef749e065e9" executionId="1b4e25b0-f8b0-4a3e-b5e9-4db8560971b6" testListId="8c84fa94-04c1-424b-9868-57a2d4851a1d" />
    <TestEntry testId="a539a26d-f2fe-fe9d-67c9-e42d10dc11d9" executionId="fe823b69-3ccf-4717-9f83-ba9337475ee6" testListId="8c84fa94-04c1-424b-9868-57a2d4851a1d" />
    <TestEntry testId="2eee81e5-7eba-ad1a-fe8f-bb0def0a1289" executionId="64f0730a-8943-4d6c-975d-c48ca004b000" testListId="8c84fa94-04c1-424b-9868-57a2d4851a1d" />
    <TestEntry testId="01db9139-6521-222f-7e21-ee6dd73b9893" executionId="14e28f0b-18e5-4ef6-a6bb-dd3eb333edfb" testListId="8c84fa94-04c1-424b-9868-57a2d4851a1d" />
    <TestEntry testId="27238eef-dad2-add6-2bf1-77c38305634a" executionId="367b8529-b41d-4479-8232-cd4b27be3a50" testListId="8c84fa94-04c1-424b-9868-57a2d4851a1d" />
    <TestEntry testId="048a50cc-0f82-5d3d-1a4b-cd9e0cb698fc" executionId="0f3c5bc2-bed0-40fe-8b43-5bcc66cdd969" testListId="8c84fa94-04c1-424b-9868-57a2d4851a1d" />
    <TestEntry testId="e419550c-f228-e320-39cd-e5cc15bd206b" executionId="f552d8f0-6aea-42fc-b81a-fc6962845275" testListId="8c84fa94-04c1-424b-9868-57a2d4851a1d" />
    <TestEntry testId="d8b5a97c-c4a4-b191-75bc-2aac0600303f" executionId="6b6af900-fecd-4c89-b34b-d331a1d5580a" testListId="8c84fa94-04c1-424b-9868-57a2d4851a1d" />
    <TestEntry testId="3e7efb41-9631-9df0-70eb-f6bd078ef626" executionId="254af245-565c-4bb8-a8b8-7f160566f074" testListId="8c84fa94-04c1-424b-9868-57a2d4851a1d" />
    <TestEntry testId="febdf3e9-ec49-56d7-404a-70b300c99417" executionId="b29f77e0-301f-4c43-8d8d-2b1bf1000e97" testListId="8c84fa94-04c1-424b-9868-57a2d4851a1d" />
    <TestEntry testId="739b122e-08d0-b9e4-0c25-7c7d8712dcf6" executionId="661dad9b-01e4-477c-9cfd-a0eb5e1046fa" testListId="8c84fa94-04c1-424b-9868-57a2d4851a1d" />
    <TestEntry testId="055efc15-27d5-5515-2e81-5e5597c90307" executionId="eb6f329e-f482-4ed7-b3d7-2bdb9c62449b" testListId="8c84fa94-04c1-424b-9868-57a2d4851a1d" />
    <TestEntry testId="dfcd69f2-1e94-be49-18d9-6be156f39fd0" executionId="4c607c8e-1d35-48bf-a152-10f3bd05d8ec" testListId="8c84fa94-04c1-424b-9868-57a2d4851a1d" />
    <TestEntry testId="b45eb3be-71f9-57a0-1d25-5dc91f0f2aed" executionId="a3551b33-9cf6-47c1-bded-4dbbdb91cc9c" testListId="8c84fa94-04c1-424b-9868-57a2d4851a1d" />
    <TestEntry testId="0438abe8-4439-c3c9-60ea-78deff67b8aa" executionId="90e60d22-3f02-44b9-a6d4-359f8cbfa6ab" testListId="8c84fa94-04c1-424b-9868-57a2d4851a1d" />
    <TestEntry testId="85c48bc5-ebdd-89d0-9036-49258a1d39d0" executionId="f014d4f7-5cae-48d7-9f2a-75c7548446db" testListId="8c84fa94-04c1-424b-9868-57a2d4851a1d" />
    <TestEntry testId="cf4240f6-b776-f2e0-168e-f6203ba14593" executionId="26f8d7a7-5cdc-49e6-90bc-b9f57cc5fe6f" testListId="8c84fa94-04c1-424b-9868-57a2d4851a1d" />
    <TestEntry testId="809b756f-a304-6843-42ee-c3e40925e811" executionId="9b699d5d-82d7-4bf0-bf65-091e09e52008" testListId="8c84fa94-04c1-424b-9868-57a2d4851a1d" />
  </TestEntries>
  <TestLists>
    <TestList name="Results Not in a List" id="8c84fa94-04c1-424b-9868-57a2d4851a1d" />
    <TestList name="All Loaded Results" id="19431567-8539-422a-85d7-44ee4e166bda" />
  </TestLists>
  <ResultSummary outcome="Completed">
    <Counters total="212" executed="212" passed="212" failed="0" error="0" timeout="0" aborted="0" inconclusive="0" passedButRunAborted="0" notRunnable="0" notExecuted="0" disconnected="0" warning="0" completed="0" inProgress="0" pending="0" />
  </ResultSummary>
</TestRun>