<?xml version="1.0" encoding="utf-8"?>
<TestRun id="fa72cb29-1b32-451d-953f-060532446b22" name="DKSR-EFI-06$@DKSR-EFI-06 2024-01-09 15:41:52" runUser="NT AUTHORITY\NETWORK SERVICE" xmlns="http://microsoft.com/schemas/VisualStudio/TeamTest/2010">
  <Times creation="2024-01-09T15:41:52.3414409+01:00" queuing="2024-01-09T15:41:52.3414409+01:00" start="2024-01-09T15:41:42.4663869+01:00" finish="2024-01-09T15:41:53.6383197+01:00" />
  <TestSettings name="default" id="36b71c13-1286-4a18-9ff8-0d3b6866585c">
    <Deployment runDeploymentRoot="DKSR-EFI-06$_DKSR-EFI-06_2024-01-09_15_41_52" />
  </TestSettings>
  <Results>
    <UnitTestResult executionId="0cd2700d-3612-4eef-98d7-28fa2c32b90a" testId="712338d9-ae86-d94e-b1fa-789978cc177b" testName="Detect_ThrowsMipException_ShouldGiveError" computerName="DKSR-EFI-06" duration="00:00:00.0018277" startTime="2024-01-09T15:41:52.3414409+01:00" endTime="2024-01-09T15:41:52.3414409+01:00" testType="13cdc9d9-ddb5-4fa4-a97d-d965ccfc6d4b" outcome="Passed" testListId="8c84fa94-04c1-424b-9868-57a2d4851a1d" relativeResultsDirectory="0cd2700d-3612-4eef-98d7-28fa2c32b90a" />
    <UnitTestResult executionId="156c8d1c-dd91-4851-93f4-079799b8d0aa" testId="a1640f29-be86-8b52-9f89-09635c648bcf" testName="Detect_ThrowsOtherException_ShouldRethrowErrorAndLogoutUser" computerName="DKSR-EFI-06" duration="00:00:00.0024442" startTime="2024-01-09T15:41:52.3414409+01:00" endTime="2024-01-09T15:41:52.3570677+01:00" testType="13cdc9d9-ddb5-4fa4-a97d-d965ccfc6d4b" outcome="Passed" testListId="8c84fa94-04c1-424b-9868-57a2d4851a1d" relativeResultsDirectory="156c8d1c-dd91-4851-93f4-079799b8d0aa" />
    <UnitTestResult executionId="a2ed9b3d-4cb5-46d2-8a03-72acb2b970c7" testId="cf4ed785-d0ea-50ef-d77f-b3d5749bbac0" testName="Detect_NullUsernamePassword_ShouldGiveFailedMatch" computerName="DKSR-EFI-06" duration="00:00:00.0028609" startTime="2024-01-09T15:41:52.3258605+01:00" endTime="2024-01-09T15:41:52.3414409+01:00" testType="13cdc9d9-ddb5-4fa4-a97d-d965ccfc6d4b" outcome="Passed" testListId="8c84fa94-04c1-424b-9868-57a2d4851a1d" relativeResultsDirectory="a2ed9b3d-4cb5-46d2-8a03-72acb2b970c7" />
    <UnitTestResult executionId="6445382e-d649-4c71-b372-399bca593f39" testId="8ece4bdf-73c6-5877-36f7-e618632c40d1" testName="Detect_SuccessfullLogin_ShouldGiveMatchFound" computerName="DKSR-EFI-06" duration="00:00:01.2518282" startTime="2024-01-09T15:41:50.5445583+01:00" endTime="2024-01-09T15:41:52.2476907+01:00" testType="13cdc9d9-ddb5-4fa4-a97d-d965ccfc6d4b" outcome="Passed" testListId="8c84fa94-04c1-424b-9868-57a2d4851a1d" relativeResultsDirectory="6445382e-d649-4c71-b372-399bca593f39" />
    <UnitTestResult executionId="4defe8a8-ff17-4698-adc1-fdfa9b3cf3cc" testId="2a954d03-55c1-09ac-6448-23d7730de0bf" testName="Detect_UnsuccessfullLogin_ShouldGiveFailedMatch" computerName="DKSR-EFI-06" duration="00:00:00.0018167" startTime="2024-01-09T15:41:52.3258605+01:00" endTime="2024-01-09T15:41:52.3258605+01:00" testType="13cdc9d9-ddb5-4fa4-a97d-d965ccfc6d4b" outcome="Passed" testListId="8c84fa94-04c1-424b-9868-57a2d4851a1d" relativeResultsDirectory="4defe8a8-ff17-4698-adc1-fdfa9b3cf3cc" />
  </Results>
  <TestDefinitions>
    <UnitTest name="Detect_SuccessfullLogin_ShouldGiveMatchFound" storage="d:\actions-runner\_work\xpco\xpco\corporate\recordingserver\recorderservice\tst\videoos.io.drivers.vpsdriver.unittests\bin\x64\debug\net472\videoos.io.drivers.vpsdriver.unittests.dll" id="8ece4bdf-73c6-5877-36f7-e618632c40d1">
      <Execution id="6445382e-d649-4c71-b372-399bca593f39" />
      <TestMethod codeBase="D:\actions-runner\_work\XPCO\XPCO\Corporate\RecordingServer\RecorderService\tst\VideoOS.IO.Drivers.VpsDriver.UnitTests\bin\x64\Debug\net472\VideoOS.IO.Drivers.VpsDriver.UnitTests.dll" adapterTypeName="executor://mstestadapter/v2" className="VideoOS.IO.Drivers.VpsDriver.UnitTests.VpsAutoDetectTests" name="Detect_SuccessfullLogin_ShouldGiveMatchFound" />
    </UnitTest>
    <UnitTest name="Detect_ThrowsMipException_ShouldGiveError" storage="d:\actions-runner\_work\xpco\xpco\corporate\recordingserver\recorderservice\tst\videoos.io.drivers.vpsdriver.unittests\bin\x64\debug\net472\videoos.io.drivers.vpsdriver.unittests.dll" id="712338d9-ae86-d94e-b1fa-789978cc177b">
      <Execution id="0cd2700d-3612-4eef-98d7-28fa2c32b90a" />
      <TestMethod codeBase="D:\actions-runner\_work\XPCO\XPCO\Corporate\RecordingServer\RecorderService\tst\VideoOS.IO.Drivers.VpsDriver.UnitTests\bin\x64\Debug\net472\VideoOS.IO.Drivers.VpsDriver.UnitTests.dll" adapterTypeName="executor://mstestadapter/v2" className="VideoOS.IO.Drivers.VpsDriver.UnitTests.VpsAutoDetectTests" name="Detect_ThrowsMipException_ShouldGiveError" />
    </UnitTest>
    <UnitTest name="Detect_NullUsernamePassword_ShouldGiveFailedMatch" storage="d:\actions-runner\_work\xpco\xpco\corporate\recordingserver\recorderservice\tst\videoos.io.drivers.vpsdriver.unittests\bin\x64\debug\net472\videoos.io.drivers.vpsdriver.unittests.dll" id="cf4ed785-d0ea-50ef-d77f-b3d5749bbac0">
      <Execution id="a2ed9b3d-4cb5-46d2-8a03-72acb2b970c7" />
      <TestMethod codeBase="D:\actions-runner\_work\XPCO\XPCO\Corporate\RecordingServer\RecorderService\tst\VideoOS.IO.Drivers.VpsDriver.UnitTests\bin\x64\Debug\net472\VideoOS.IO.Drivers.VpsDriver.UnitTests.dll" adapterTypeName="executor://mstestadapter/v2" className="VideoOS.IO.Drivers.VpsDriver.UnitTests.VpsAutoDetectTests" name="Detect_NullUsernamePassword_ShouldGiveFailedMatch" />
    </UnitTest>
    <UnitTest name="Detect_ThrowsOtherException_ShouldRethrowErrorAndLogoutUser" storage="d:\actions-runner\_work\xpco\xpco\corporate\recordingserver\recorderservice\tst\videoos.io.drivers.vpsdriver.unittests\bin\x64\debug\net472\videoos.io.drivers.vpsdriver.unittests.dll" id="a1640f29-be86-8b52-9f89-09635c648bcf">
      <Execution id="156c8d1c-dd91-4851-93f4-079799b8d0aa" />
      <TestMethod codeBase="D:\actions-runner\_work\XPCO\XPCO\Corporate\RecordingServer\RecorderService\tst\VideoOS.IO.Drivers.VpsDriver.UnitTests\bin\x64\Debug\net472\VideoOS.IO.Drivers.VpsDriver.UnitTests.dll" adapterTypeName="executor://mstestadapter/v2" className="VideoOS.IO.Drivers.VpsDriver.UnitTests.VpsAutoDetectTests" name="Detect_ThrowsOtherException_ShouldRethrowErrorAndLogoutUser" />
    </UnitTest>
    <UnitTest name="Detect_UnsuccessfullLogin_ShouldGiveFailedMatch" storage="d:\actions-runner\_work\xpco\xpco\corporate\recordingserver\recorderservice\tst\videoos.io.drivers.vpsdriver.unittests\bin\x64\debug\net472\videoos.io.drivers.vpsdriver.unittests.dll" id="2a954d03-55c1-09ac-6448-23d7730de0bf">
      <Execution id="4defe8a8-ff17-4698-adc1-fdfa9b3cf3cc" />
      <TestMethod codeBase="D:\actions-runner\_work\XPCO\XPCO\Corporate\RecordingServer\RecorderService\tst\VideoOS.IO.Drivers.VpsDriver.UnitTests\bin\x64\Debug\net472\VideoOS.IO.Drivers.VpsDriver.UnitTests.dll" adapterTypeName="executor://mstestadapter/v2" className="VideoOS.IO.Drivers.VpsDriver.UnitTests.VpsAutoDetectTests" name="Detect_UnsuccessfullLogin_ShouldGiveFailedMatch" />
    </UnitTest>
  </TestDefinitions>
  <TestEntries>
    <TestEntry testId="712338d9-ae86-d94e-b1fa-789978cc177b" executionId="0cd2700d-3612-4eef-98d7-28fa2c32b90a" testListId="8c84fa94-04c1-424b-9868-57a2d4851a1d" />
    <TestEntry testId="a1640f29-be86-8b52-9f89-09635c648bcf" executionId="156c8d1c-dd91-4851-93f4-079799b8d0aa" testListId="8c84fa94-04c1-424b-9868-57a2d4851a1d" />
    <TestEntry testId="cf4ed785-d0ea-50ef-d77f-b3d5749bbac0" executionId="a2ed9b3d-4cb5-46d2-8a03-72acb2b970c7" testListId="8c84fa94-04c1-424b-9868-57a2d4851a1d" />
    <TestEntry testId="8ece4bdf-73c6-5877-36f7-e618632c40d1" executionId="6445382e-d649-4c71-b372-399bca593f39" testListId="8c84fa94-04c1-424b-9868-57a2d4851a1d" />
    <TestEntry testId="2a954d03-55c1-09ac-6448-23d7730de0bf" executionId="4defe8a8-ff17-4698-adc1-fdfa9b3cf3cc" testListId="8c84fa94-04c1-424b-9868-57a2d4851a1d" />
  </TestEntries>
  <TestLists>
    <TestList name="Results Not in a List" id="8c84fa94-04c1-424b-9868-57a2d4851a1d" />
    <TestList name="All Loaded Results" id="19431567-8539-422a-85d7-44ee4e166bda" />
  </TestLists>
  <ResultSummary outcome="Completed">
    <Counters total="5" executed="5" passed="5" failed="0" error="0" timeout="0" aborted="0" inconclusive="0" passedButRunAborted="0" notRunnable="0" notExecuted="0" disconnected="0" warning="0" completed="0" inProgress="0" pending="0" />
  </ResultSummary>
</TestRun>